<?xml version="1.0" encoding="UTF-8"?>
<testsuites name="Form 3 EIS - Cessation as Employer" time="3757" tests="11" failures="1" errors="0">
   <testsuite name="Form 3 EIS - Cessation as Employer" tests="11" failures="1" errors="0" time="3757" timestamp="2018-12-17 15:34:45" hostname="Admin - Win7Test02" id="Test Suites/Workflow/Form 3 EIS - Cessation as Employer">
      <properties>
         <property name="deviceName" value=""/>
         <property name="devicePlatform" value=""/>
         <property name="logFolder" value="C:\\Users\\Admin\\Desktop\\PKS\\Perkeso Phase A\\Reports\\Workflow\\Form 3 EIS - Cessation as Employer\\20181217_153443"/>
         <property name="logFiles" value="C:\\Users\\Admin\\Desktop\\PKS\\Perkeso Phase A\\Reports\\Workflow\\Form 3 EIS - Cessation as Employer\\20181217_153443\\execution0.log"/>
         <property name="attachments" value="C:\\Users\\Admin\\Desktop\\PKS\\Perkeso Phase A\\Reports\\Workflow\\Form 3 EIS - Cessation as Employer\\20181217_153443\\1545034372087.png, C:\\Users\\Admin\\Desktop\\PKS\\Perkeso Phase A\\Reports\\Workflow\\Form 3 EIS - Cessation as Employer\\20181217_153443\\1545034406799.png, C:\\Users\\Admin\\Desktop\\PKS\\Perkeso Phase A\\Reports\\Workflow\\Form 3 EIS - Cessation as Employer\\20181217_153443\\1545034441889.png, C:\\Users\\Admin\\Desktop\\PKS\\Perkeso Phase A\\Reports\\Workflow\\Form 3 EIS - Cessation as Employer\\20181217_153443\\1545034480639.png, C:\\Users\\Admin\\Desktop\\PKS\\Perkeso Phase A\\Reports\\Workflow\\Form 3 EIS - Cessation as Employer\\20181217_153443\\1545034514520.png, C:\\Users\\Admin\\Desktop\\PKS\\Perkeso Phase A\\Reports\\Workflow\\Form 3 EIS - Cessation as Employer\\20181217_153443\\1545034549529.png, C:\\Users\\Admin\\Desktop\\PKS\\Perkeso Phase A\\Reports\\Workflow\\Form 3 EIS - Cessation as Employer\\20181217_153443\\1545034585568.png, C:\\Users\\Admin\\Desktop\\PKS\\Perkeso Phase A\\Reports\\Workflow\\Form 3 EIS - Cessation as Employer\\20181217_153443\\1545034620729.png"/>
         <property name="hostName" value="Admin - Win7Test02"/>
         <property name="os" value="Windows 7 64bit"/>
         <property name="katalonVersion" value="5.8.6.1"/>
         <property name="browser" value="Chrome 71.0.3578.98"/>
         <property name="hostAddress" value="10.20.3.72"/>
         <property name="sessionId" value="a2c525e7f9901892d54a872fd3f386b9"/>
         <property name="seleniumVersion" value="3.7.1"/>
         <property name="proxyInformation" value="ProxyInformation{proxyOption=NO_PROXY, proxyServerType=HTTP, password=, proxyServerAddress=, proxyServerPort=0}"/>
         <property name="platform" value="Windows 7"/>
      </properties>
      <testcase name="Test Cases/Final Aug 2018 - PKS Automation/Registration Module/Workflow/Form 3 EIS - Cessation As Employer/Employer to UO (Approve)" classname="Test Cases/Final Aug 2018 - PKS Automation/Registration Module/Workflow/Form 3 EIS - Cessation As Employer/Employer to UO (Approve)" status="PASSED">
         <system-out><![CDATA[2018-12-17 15:34:46 - [TEST_CASE][PASSED] - Test Cases/Final Aug 2018 - PKS Automation/Registration Module/Workflow/Form 3 EIS - Cessation As Employer/Employer to UO (Approve): Test Cases/Final Aug 2018 - PKS Automation/Registration Module/Workflow/Form 3 EIS - Cessation As Employer/Employer to UO (Approve)

2018-12-17 15:34:46 - [TEST_STEP][PASSED] - callTestCase: Call Test Case 'Test Cases/Final Aug 2018 - PKS Automation/Registration Module/Workflow/Form 3 EIS - Cessation As Employer/Template/Form 3 A - Cessation As Employer (Employer)' successfully

2018-12-17 15:34:46 - [TEST_CASE][PASSED] - Test Cases/Final Aug 2018 - PKS Automation/Registration Module/Workflow/Form 3 EIS - Cessation As Employer/Template/Form 3 A - Cessation As Employer (Employer): Test Cases/Final Aug 2018 - PKS Automation/Registration Module/Workflow/Form 3 EIS - Cessation As Employer/Template/Form 3 A - Cessation As Employer (Employer)

2018-12-17 15:34:47 - [TEST_STEP][PASSED] - callTestCase: Call Test Case 'Test Cases/Final Aug 2018 - PKS Automation/Registration Module/Workflow/Update Add New Employee/Template/New Company for Update Add New - Employer' successfully

2018-12-17 15:34:47 - [TEST_CASE][PASSED] - Test Cases/Final Aug 2018 - PKS Automation/Registration Module/Workflow/Update Add New Employee/Template/New Company for Update Add New - Employer: Test Cases/Final Aug 2018 - PKS Automation/Registration Module/Workflow/Update Add New Employee/Template/New Company for Update Add New - Employer

2018-12-17 15:34:47 - [TEST_STEP][PASSED] - callTestCase: Call Test Case 'Test Cases/Final Aug 2018 - PKS Automation/Create Employer Acc/Create Employer Account' successfully

2018-12-17 15:34:47 - [TEST_CASE][PASSED] - Test Cases/Final Aug 2018 - PKS Automation/Create Employer Acc/Create Employer Account: Test Cases/Final Aug 2018 - PKS Automation/Create Employer Acc/Create Employer Account

2018-12-17 15:34:47 - [TEST_STEP][PASSED] - callTestCase: Call Test Case 'Test Cases/Final Aug 2018 - PKS Automation/Create Employer Acc/Template/Register Employer' successfully

2018-12-17 15:34:48 - [TEST_CASE][PASSED] - Test Cases/Final Aug 2018 - PKS Automation/Create Employer Acc/Template/Register Employer: Test Cases/Final Aug 2018 - PKS Automation/Create Employer Acc/Template/Register Employer

2018-12-17 15:34:48 - [TEST_STEP][PASSED] - openBrowser: Browser is opened with url: ''

2018-12-17 15:34:52 - [MESSAGE][PASSED] - Browser is opened with url: ''

2018-12-17 15:34:52 - [TEST_STEP][PASSED] - navigateToUrl: Navigate to 'https://assist2-uat.perkeso.gov.my/login' successfully

2018-12-17 15:34:53 - [MESSAGE][PASSED] - Navigate to 'https://assist2-uat.perkeso.gov.my/login' successfully

2018-12-17 15:34:53 - [TEST_STEP][PASSED] - setText: Text 'johorotc1@gmail.com' is set on object 'Object Repository/Final Object Repo/Login Page/Internal User/Email Address'

2018-12-17 15:34:54 - [MESSAGE][PASSED] - Text 'johorotc1@gmail.com' is set on object 'Object Repository/Final Object Repo/Login Page/Internal User/Email Address'

2018-12-17 15:34:54 - [TEST_STEP][PASSED] - click: Object: 'Object Repository/Final Object Repo/Login Page/Internal User/Next Button' is clicked on

2018-12-17 15:34:54 - [MESSAGE][PASSED] - Object: 'Object Repository/Final Object Repo/Login Page/Internal User/Next Button' is clicked on

2018-12-17 15:34:54 - [TEST_STEP][PASSED] - delay: Delayed 1 second(s)

2018-12-17 15:34:55 - [MESSAGE][PASSED] - Delayed 1 second(s)

2018-12-17 15:34:55 - [TEST_STEP][PASSED] - setEncryptedText: Text ****** has been set on object 'Object Repository/Final Object Repo/Login Page/Internal User/Password'

2018-12-17 15:34:55 - [MESSAGE][PASSED] - Text ****** has been set on object 'Object Repository/Final Object Repo/Login Page/Internal User/Password'

2018-12-17 15:34:55 - [TEST_STEP][PASSED] - click: Object: 'Object Repository/Final Object Repo/Login Page/Internal User/Login Button' is clicked on

2018-12-17 15:34:56 - [MESSAGE][PASSED] - Object: 'Object Repository/Final Object Repo/Login Page/Internal User/Login Button' is clicked on

2018-12-17 15:34:56 - [TEST_STEP][PASSED] - delay: Delayed 1 second(s)

2018-12-17 15:34:57 - [MESSAGE][PASSED] - Delayed 1 second(s)

2018-12-17 15:34:57 - [TEST_STEP][PASSED] - navigateToUrl: Navigate to 'https://assist2-uat.perkeso.gov.my/web/base/portal-id/registration' successfully

2018-12-17 15:34:59 - [MESSAGE][PASSED] - Navigate to 'https://assist2-uat.perkeso.gov.my/web/base/portal-id/registration' successfully

2018-12-17 15:34:59 - [TEST_STEP][PASSED] - setText: Text 'AUTOMATION EMPLOYER' is set on object 'Object Repository/Final Object Repo/Creating Employer Account/Page_Registration - ASSIST (Base)/Employer Name'

2018-12-17 15:34:59 - [MESSAGE][PASSED] - Text 'AUTOMATION EMPLOYER' is set on object 'Object Repository/Final Object Repo/Creating Employer Account/Page_Registration - ASSIST (Base)/Employer Name'

2018-12-17 15:34:59 - [TEST_STEP][PASSED] - delay: Delayed 2 second(s)

2018-12-17 15:35:01 - [MESSAGE][PASSED] - Delayed 2 second(s)

2018-12-17 15:35:01 - [TEST_STEP][PASSED] - click: Object: 'Object Repository/Final Object Repo/Creating Employer Account/Page_Registration - ASSIST (Base)/Registration Type' is clicked on

2018-12-17 15:35:02 - [MESSAGE][PASSED] - Object: 'Object Repository/Final Object Repo/Creating Employer Account/Page_Registration - ASSIST (Base)/Registration Type' is clicked on

2018-12-17 15:35:02 - [TEST_STEP][PASSED] - delay: Delayed 2 second(s)

2018-12-17 15:35:04 - [MESSAGE][PASSED] - Delayed 2 second(s)

2018-12-17 15:35:04 - [TEST_STEP][PASSED] - click: Object: 'Object Repository/Final Object Repo/Creating Employer Account/Page_Registration - ASSIST (Base)/Registration Type - Registration No' is clicked on

2018-12-17 15:35:04 - [MESSAGE][PASSED] - Object: 'Object Repository/Final Object Repo/Creating Employer Account/Page_Registration - ASSIST (Base)/Registration Type - Registration No' is clicked on

2018-12-17 15:35:04 - [TEST_STEP][PASSED] - delay: Delayed 2 second(s)

2018-12-17 15:35:06 - [MESSAGE][PASSED] - Delayed 2 second(s)

2018-12-17 15:35:06 - [TEST_STEP][PASSED] - setText: Text 'AUTOMATE001' is set on object 'Object Repository/Final Object Repo/Creating Employer Account/Page_Registration - ASSIST (Base)/Registration Number'

2018-12-17 15:35:06 - [MESSAGE][PASSED] - Text 'AUTOMATE001' is set on object 'Object Repository/Final Object Repo/Creating Employer Account/Page_Registration - ASSIST (Base)/Registration Number'

2018-12-17 15:35:06 - [TEST_STEP][PASSED] - delay: Delayed 2 second(s)

2018-12-17 15:35:08 - [MESSAGE][PASSED] - Delayed 2 second(s)

2018-12-17 15:35:08 - [TEST_STEP][PASSED] - setText: Text 'ADDRESS 1' is set on object 'Object Repository/Final Object Repo/Creating Employer Account/Page_Registration - ASSIST (Base)/Postal Address 1'

2018-12-17 15:35:09 - [MESSAGE][PASSED] - Text 'ADDRESS 1' is set on object 'Object Repository/Final Object Repo/Creating Employer Account/Page_Registration - ASSIST (Base)/Postal Address 1'

2018-12-17 15:35:09 - [TEST_STEP][PASSED] - setText: Text 'ADDRESS 2' is set on object 'Object Repository/Final Object Repo/Creating Employer Account/Page_Registration - ASSIST (Base)/Postal Address 2'

2018-12-17 15:35:09 - [MESSAGE][PASSED] - Text 'ADDRESS 2' is set on object 'Object Repository/Final Object Repo/Creating Employer Account/Page_Registration - ASSIST (Base)/Postal Address 2'

2018-12-17 15:35:09 - [TEST_STEP][PASSED] - click: Object: 'Object Repository/Final Object Repo/Creating Employer Account/Page_Registration - ASSIST (Base)/State' is clicked on

2018-12-17 15:35:09 - [MESSAGE][PASSED] - Object: 'Object Repository/Final Object Repo/Creating Employer Account/Page_Registration - ASSIST (Base)/State' is clicked on

2018-12-17 15:35:09 - [TEST_STEP][PASSED] - delay: Delayed 2 second(s)

2018-12-17 15:35:11 - [MESSAGE][PASSED] - Delayed 2 second(s)

2018-12-17 15:35:11 - [TEST_STEP][PASSED] - click: Object: 'Object Repository/Final Object Repo/Creating Employer Account/Page_Registration - ASSIST (Base)/State - Johor' is clicked on

2018-12-17 15:35:11 - [MESSAGE][PASSED] - Object: 'Object Repository/Final Object Repo/Creating Employer Account/Page_Registration - ASSIST (Base)/State - Johor' is clicked on

2018-12-17 15:35:11 - [TEST_STEP][PASSED] - delay: Delayed 2 second(s)

2018-12-17 15:35:13 - [MESSAGE][PASSED] - Delayed 2 second(s)

2018-12-17 15:35:13 - [TEST_STEP][PASSED] - click: Object: 'Object Repository/Final Object Repo/Creating Employer Account/Page_Registration - ASSIST (Base)/City' is clicked on

2018-12-17 15:35:14 - [MESSAGE][PASSED] - Object: 'Object Repository/Final Object Repo/Creating Employer Account/Page_Registration - ASSIST (Base)/City' is clicked on

2018-12-17 15:35:14 - [TEST_STEP][PASSED] - delay: Delayed 2 second(s)

2018-12-17 15:35:16 - [MESSAGE][PASSED] - Delayed 2 second(s)

2018-12-17 15:35:16 - [TEST_STEP][PASSED] - setText: Text 'joh' is set on object 'Object Repository/Final Object Repo/Creating Employer Account/Page_Registration - ASSIST (Base)/City - joh'

2018-12-17 15:35:16 - [MESSAGE][PASSED] - Text 'joh' is set on object 'Object Repository/Final Object Repo/Creating Employer Account/Page_Registration - ASSIST (Base)/City - joh'

2018-12-17 15:35:16 - [TEST_STEP][PASSED] - delay: Delayed 2 second(s)

2018-12-17 15:35:18 - [MESSAGE][PASSED] - Delayed 2 second(s)

2018-12-17 15:35:18 - [TEST_STEP][PASSED] - click: Object: 'Object Repository/Final Object Repo/Creating Employer Account/Page_Registration - ASSIST (Base)/City - Johor Bharu' is clicked on

2018-12-17 15:35:18 - [MESSAGE][PASSED] - Object: 'Object Repository/Final Object Repo/Creating Employer Account/Page_Registration - ASSIST (Base)/City - Johor Bharu' is clicked on

2018-12-17 15:35:18 - [TEST_STEP][PASSED] - delay: Delayed 2 second(s)

2018-12-17 15:35:20 - [MESSAGE][PASSED] - Delayed 2 second(s)

2018-12-17 15:35:20 - [TEST_STEP][PASSED] - click: Object: 'Object Repository/Final Object Repo/Creating Employer Account/Page_Registration - ASSIST (Base)/Post Code' is clicked on

2018-12-17 15:35:20 - [MESSAGE][PASSED] - Object: 'Object Repository/Final Object Repo/Creating Employer Account/Page_Registration - ASSIST (Base)/Post Code' is clicked on

2018-12-17 15:35:20 - [TEST_STEP][PASSED] - delay: Delayed 2 second(s)

2018-12-17 15:35:22 - [MESSAGE][PASSED] - Delayed 2 second(s)

2018-12-17 15:35:22 - [TEST_STEP][PASSED] - setText: Text '810' is set on object 'Object Repository/Final Object Repo/Creating Employer Account/Page_Registration - ASSIST (Base)/Post Code - 810'

2018-12-17 15:35:23 - [MESSAGE][PASSED] - Text '810' is set on object 'Object Repository/Final Object Repo/Creating Employer Account/Page_Registration - ASSIST (Base)/Post Code - 810'

2018-12-17 15:35:23 - [TEST_STEP][PASSED] - delay: Delayed 2 second(s)

2018-12-17 15:35:25 - [MESSAGE][PASSED] - Delayed 2 second(s)

2018-12-17 15:35:25 - [TEST_STEP][PASSED] - click: Object: 'Object Repository/Final Object Repo/Creating Employer Account/Page_Registration - ASSIST (Base)/Post Code - 81000' is clicked on

2018-12-17 15:35:25 - [MESSAGE][PASSED] - Object: 'Object Repository/Final Object Repo/Creating Employer Account/Page_Registration - ASSIST (Base)/Post Code - 81000' is clicked on

2018-12-17 15:35:25 - [TEST_STEP][PASSED] - delay: Delayed 2 second(s)

2018-12-17 15:35:27 - [MESSAGE][PASSED] - Delayed 2 second(s)

2018-12-17 15:35:27 - [TEST_STEP][PASSED] - setText: Text 'PERKESO' is set on object 'Object Repository/Final Object Repo/Creating Employer Account/Page_Registration - ASSIST (Base)/Full Name'

2018-12-17 15:35:27 - [MESSAGE][PASSED] - Text 'PERKESO' is set on object 'Object Repository/Final Object Repo/Creating Employer Account/Page_Registration - ASSIST (Base)/Full Name'

2018-12-17 15:35:27 - [TEST_STEP][PASSED] - Statement - rnd = new java.util.Random(): null

2018-12-17 15:35:27 - [TEST_STEP][PASSED] - Statement - snum = rnd.nextInt(899999 + 1) + 100000: null

2018-12-17 15:35:27 - [TEST_STEP][PASSED] - Statement - tnum = rnd.nextInt(899999 + 1) + 100000: null

2018-12-17 15:35:27 - [TEST_STEP][PASSED] - Statement - IC = java.lang.Integer.toString(snum) + java.lang.Integer.toString(tnum): null

2018-12-17 15:35:27 - [TEST_STEP][PASSED] - Statement - out.println(IC): null

2018-12-17 15:35:27 - [TEST_STEP][PASSED] - setText: Text '723742305150' is set on object 'Object Repository/Final Object Repo/Creating Employer Account/Page_Registration - ASSIST (Base)/Identification Number'

2018-12-17 15:35:28 - [MESSAGE][PASSED] - Text '723742305150' is set on object 'Object Repository/Final Object Repo/Creating Employer Account/Page_Registration - ASSIST (Base)/Identification Number'

2018-12-17 15:35:28 - [TEST_STEP][PASSED] - delay: Delayed 2 second(s)

2018-12-17 15:35:30 - [MESSAGE][PASSED] - Delayed 2 second(s)

2018-12-17 15:35:30 - [TEST_STEP][PASSED] - setText: Text '123456789012' is set on object 'Object Repository/Final Object Repo/Creating Employer Account/Page_Registration - ASSIST (Base)/Contact Number'

2018-12-17 15:35:30 - [MESSAGE][PASSED] - Text '123456789012' is set on object 'Object Repository/Final Object Repo/Creating Employer Account/Page_Registration - ASSIST (Base)/Contact Number'

2018-12-17 15:35:30 - [TEST_STEP][PASSED] - Statement - Email = "perkeso" + IC + "@gmail.com": null

2018-12-17 15:35:30 - [TEST_STEP][PASSED] - delay: Delayed 2 second(s)

2018-12-17 15:35:32 - [MESSAGE][PASSED] - Delayed 2 second(s)

2018-12-17 15:35:32 - [TEST_STEP][PASSED] - callTestCase: Call Test Case 'Test Cases/Final Aug 2018 - PKS Automation/Create Employer Acc/Template/Employer Email Settler' successfully

2018-12-17 15:35:32 - [TEST_CASE][PASSED] - Test Cases/Final Aug 2018 - PKS Automation/Create Employer Acc/Template/Employer Email Settler: Test Cases/Final Aug 2018 - PKS Automation/Create Employer Acc/Template/Employer Email Settler

2018-12-17 15:35:32 - [TEST_STEP][PASSED] - Statement - EmpEmailOld = new java.io.File(C://Users//Admin//Desktop//PKS//Automation Reference Point//EmpEmail.txt): null

2018-12-17 15:35:32 - [TEST_STEP][PASSED] - Statement - EmpEmailOld.delete(): null

2018-12-17 15:35:32 - [TEST_STEP][PASSED] - delay: Delayed 5 second(s)

2018-12-17 15:35:37 - [MESSAGE][PASSED] - Delayed 5 second(s)

2018-12-17 15:35:37 - [TEST_STEP][PASSED] - Statement - EmpEmail = new java.io.File(C://Users//Admin//Desktop//PKS//Automation Reference Point//EmpEmail.txt): null

2018-12-17 15:35:37 - [TEST_STEP][PASSED] - Statement - f2 = new java.io.FileWriter(EmpEmail, false): null

2018-12-17 15:35:37 - [TEST_STEP][PASSED] - Statement - f2.write(Email): null

2018-12-17 15:35:37 - [TEST_STEP][PASSED] - Statement - f2.close(): null

2018-12-17 15:35:37 - [TEST_STEP][PASSED] - Statement - out.println(Email): null

2018-12-17 15:35:37 - [MESSAGE][PASSED] - Call Test Case 'Test Cases/Final Aug 2018 - PKS Automation/Create Employer Acc/Template/Employer Email Settler' successfully

2018-12-17 15:35:37 - [TEST_STEP][PASSED] - delay: Delayed 2 second(s)

2018-12-17 15:35:40 - [MESSAGE][PASSED] - Delayed 2 second(s)

2018-12-17 15:35:40 - [TEST_STEP][PASSED] - setText: Text 'perkeso723742305150@gmail.com' is set on object 'Object Repository/Final Object Repo/Creating Employer Account/Page_Registration - ASSIST (Base)/Email'

2018-12-17 15:35:40 - [MESSAGE][PASSED] - Text 'perkeso723742305150@gmail.com' is set on object 'Object Repository/Final Object Repo/Creating Employer Account/Page_Registration - ASSIST (Base)/Email'

2018-12-17 15:35:40 - [TEST_STEP][PASSED] - setText: Text '123' is set on object 'Object Repository/Final Object Repo/Creating Employer Account/Page_Registration - ASSIST (Base)/Security Phase'

2018-12-17 15:35:40 - [MESSAGE][PASSED] - Text '123' is set on object 'Object Repository/Final Object Repo/Creating Employer Account/Page_Registration - ASSIST (Base)/Security Phase'

2018-12-17 15:35:40 - [TEST_STEP][PASSED] - click: Object: 'Object Repository/Final Object Repo/Creating Employer Account/Page_Registration - ASSIST (Base)/Save  Continue' is clicked on

2018-12-17 15:35:41 - [MESSAGE][PASSED] - Object: 'Object Repository/Final Object Repo/Creating Employer Account/Page_Registration - ASSIST (Base)/Save  Continue' is clicked on

2018-12-17 15:35:41 - [TEST_STEP][PASSED] - delay: Delayed 2 second(s)

2018-12-17 15:35:43 - [MESSAGE][PASSED] - Delayed 2 second(s)

2018-12-17 15:35:43 - [TEST_STEP][PASSED] - click: Object: 'Object Repository/Final Object Repo/Creating Employer Account/Page_Registration - ASSIST (Base)/Add Document' is clicked on

2018-12-17 15:35:43 - [MESSAGE][PASSED] - Object: 'Object Repository/Final Object Repo/Creating Employer Account/Page_Registration - ASSIST (Base)/Add Document' is clicked on

2018-12-17 15:35:43 - [TEST_STEP][PASSED] - delay: Delayed 2 second(s)

2018-12-17 15:35:45 - [MESSAGE][PASSED] - Delayed 2 second(s)

2018-12-17 15:35:45 - [TEST_STEP][PASSED] - click: Object: 'Object Repository/Final Object Repo/Creating Employer Account/Page_Registration - ASSIST (Base)/Document Type' is clicked on

2018-12-17 15:35:45 - [MESSAGE][PASSED] - Object: 'Object Repository/Final Object Repo/Creating Employer Account/Page_Registration - ASSIST (Base)/Document Type' is clicked on

2018-12-17 15:35:45 - [TEST_STEP][PASSED] - delay: Delayed 2 second(s)

2018-12-17 15:35:47 - [MESSAGE][PASSED] - Delayed 2 second(s)

2018-12-17 15:35:47 - [TEST_STEP][PASSED] - click: Object: 'Object Repository/Final Object Repo/Creating Employer Account/Page_Registration - ASSIST (Base)/Document Type - Letter of Authorization' is clicked on

2018-12-17 15:35:47 - [MESSAGE][PASSED] - Object: 'Object Repository/Final Object Repo/Creating Employer Account/Page_Registration - ASSIST (Base)/Document Type - Letter of Authorization' is clicked on

2018-12-17 15:35:47 - [TEST_STEP][PASSED] - delay: Delayed 2 second(s)

2018-12-17 15:35:49 - [MESSAGE][PASSED] - Delayed 2 second(s)

2018-12-17 15:35:49 - [TEST_STEP][PASSED] - sendKeys: Keys 'C:\Users\Public\Pictures\Sample Pictures\Koala.jpg' sent to object: 'Object Repository/Final Object Repo/Creating Employer Account/Page_Registration - ASSIST (Base)/Uploading File'

2018-12-17 15:35:49 - [MESSAGE][PASSED] - Keys 'C:\Users\Public\Pictures\Sample Pictures\Koala.jpg' sent to object: 'Object Repository/Final Object Repo/Creating Employer Account/Page_Registration - ASSIST (Base)/Uploading File'

2018-12-17 15:35:49 - [TEST_STEP][PASSED] - delay: Delayed 2 second(s)

2018-12-17 15:35:51 - [MESSAGE][PASSED] - Delayed 2 second(s)

2018-12-17 15:35:51 - [TEST_STEP][PASSED] - click: Object: 'Object Repository/Final Object Repo/Creating Employer Account/Page_Registration - ASSIST (Base)/Add Document in Uploading File' is clicked on

2018-12-17 15:35:52 - [MESSAGE][PASSED] - Object: 'Object Repository/Final Object Repo/Creating Employer Account/Page_Registration - ASSIST (Base)/Add Document in Uploading File' is clicked on

2018-12-17 15:35:52 - [TEST_STEP][PASSED] - delay: Delayed 2 second(s)

2018-12-17 15:35:54 - [MESSAGE][PASSED] - Delayed 2 second(s)

2018-12-17 15:35:54 - [TEST_STEP][PASSED] - click: Object: 'Object Repository/Final Object Repo/Creating Employer Account/Page_Registration - ASSIST (Base)/Save' is clicked on

2018-12-17 15:35:54 - [MESSAGE][PASSED] - Object: 'Object Repository/Final Object Repo/Creating Employer Account/Page_Registration - ASSIST (Base)/Save' is clicked on

2018-12-17 15:35:54 - [TEST_STEP][PASSED] - delay: Delayed 2 second(s)

2018-12-17 15:35:56 - [MESSAGE][PASSED] - Delayed 2 second(s)

2018-12-17 15:35:56 - [TEST_STEP][PASSED] - click: Object: 'Object Repository/Final Object Repo/Creating Employer Account/Page_Registration - ASSIST (Base)/Submit' is clicked on

2018-12-17 15:35:56 - [MESSAGE][PASSED] - Object: 'Object Repository/Final Object Repo/Creating Employer Account/Page_Registration - ASSIST (Base)/Submit' is clicked on

2018-12-17 15:35:56 - [TEST_STEP][PASSED] - delay: Delayed 2 second(s)

2018-12-17 15:35:58 - [MESSAGE][PASSED] - Delayed 2 second(s)

2018-12-17 15:35:58 - [TEST_STEP][PASSED] - click: Object: 'Object Repository/Final Object Repo/Creating Employer Account/Page_Registration - ASSIST (Base)/Confirm' is clicked on

2018-12-17 15:35:58 - [MESSAGE][PASSED] - Object: 'Object Repository/Final Object Repo/Creating Employer Account/Page_Registration - ASSIST (Base)/Confirm' is clicked on

2018-12-17 15:35:58 - [MESSAGE][PASSED] - Call Test Case 'Test Cases/Final Aug 2018 - PKS Automation/Create Employer Acc/Template/Register Employer' successfully

2018-12-17 15:35:58 - [TEST_STEP][PASSED] - delay: Delayed 1 second(s)

2018-12-17 15:35:59 - [MESSAGE][PASSED] - Delayed 1 second(s)

2018-12-17 15:35:59 - [TEST_STEP][PASSED] - navigateToUrl: Navigate to 'https://assist2-uat.perkeso.gov.my/c/portal/logout' successfully

2018-12-17 15:36:01 - [MESSAGE][PASSED] - Navigate to 'https://assist2-uat.perkeso.gov.my/c/portal/logout' successfully

2018-12-17 15:36:01 - [TEST_STEP][PASSED] - delay: Delayed 1 second(s)

2018-12-17 15:36:02 - [MESSAGE][PASSED] - Delayed 1 second(s)

2018-12-17 15:36:02 - [TEST_STEP][PASSED] - callTestCase: Call Test Case 'Test Cases/Final Aug 2018 - PKS Automation/Create Employer Acc/Template/Change Password of Employer' successfully

2018-12-17 15:36:02 - [TEST_CASE][PASSED] - Test Cases/Final Aug 2018 - PKS Automation/Create Employer Acc/Template/Change Password of Employer: Test Cases/Final Aug 2018 - PKS Automation/Create Employer Acc/Template/Change Password of Employer

2018-12-17 15:36:02 - [TEST_STEP][PASSED] - openBrowser: Browser is opened with url: ''

2018-12-17 15:36:02 - [MESSAGE][WARNING] - A browser is already opened. Closing browser and opening a new one

2018-12-17 15:36:05 - [MESSAGE][PASSED] - Browser is opened with url: ''

2018-12-17 15:36:05 - [TEST_STEP][PASSED] - navigateToUrl: Navigate to 'https://assist2-uat.perkeso.gov.my/login' successfully

2018-12-17 15:36:06 - [MESSAGE][PASSED] - Navigate to 'https://assist2-uat.perkeso.gov.my/login' successfully

2018-12-17 15:36:06 - [TEST_STEP][PASSED] - delay: Delayed 5 second(s)

2018-12-17 15:36:11 - [MESSAGE][PASSED] - Delayed 5 second(s)

2018-12-17 15:36:11 - [TEST_STEP][PASSED] - setText: Text 'test@liferay.com' is set on object 'Object Repository/Final Object Repo/Login Page/Internal User/Email Address'

2018-12-17 15:36:12 - [MESSAGE][PASSED] - Text 'test@liferay.com' is set on object 'Object Repository/Final Object Repo/Login Page/Internal User/Email Address'

2018-12-17 15:36:12 - [TEST_STEP][PASSED] - click: Object: 'Object Repository/Final Object Repo/Login Page/Internal User/Next Button' is clicked on

2018-12-17 15:36:12 - [MESSAGE][PASSED] - Object: 'Object Repository/Final Object Repo/Login Page/Internal User/Next Button' is clicked on

2018-12-17 15:36:12 - [TEST_STEP][PASSED] - delay: Delayed 2 second(s)

2018-12-17 15:36:14 - [MESSAGE][PASSED] - Delayed 2 second(s)

2018-12-17 15:36:14 - [TEST_STEP][PASSED] - setText: Text 'test' is set on object 'Object Repository/Final Object Repo/Login Page/Internal User/Password'

2018-12-17 15:36:14 - [MESSAGE][PASSED] - Text 'test' is set on object 'Object Repository/Final Object Repo/Login Page/Internal User/Password'

2018-12-17 15:36:14 - [TEST_STEP][PASSED] - delay: Delayed 2 second(s)

2018-12-17 15:36:16 - [MESSAGE][PASSED] - Delayed 2 second(s)

2018-12-17 15:36:16 - [TEST_STEP][PASSED] - click: Object: 'Object Repository/Final Object Repo/Login Page/Internal User/Login Button' is clicked on

2018-12-17 15:36:16 - [MESSAGE][PASSED] - Object: 'Object Repository/Final Object Repo/Login Page/Internal User/Login Button' is clicked on

2018-12-17 15:36:16 - [TEST_STEP][PASSED] - delay: Delayed 3 second(s)

2018-12-17 15:36:19 - [MESSAGE][PASSED] - Delayed 3 second(s)

2018-12-17 15:36:19 - [TEST_STEP][PASSED] - navigateToUrl: Navigate to 'https://assist2-uat.perkeso.gov.my/group/control_panel/manage?p_p_id=125&p_p_lifecycle=0&p_p_state=maximized&p_p_mode=view&refererPlid=20455&_125_usersListView=flat-users&_125_toolbarItem=view-all-users&_125_saveUsersListView=true&_125_struts_action=%2Fusers_admin%2Fview' successfully

2018-12-17 15:36:21 - [MESSAGE][PASSED] - Navigate to 'https://assist2-uat.perkeso.gov.my/group/control_panel/manage?p_p_id=125&p_p_lifecycle=0&p_p_state=maximized&p_p_mode=view&refererPlid=20455&_125_usersListView=flat-users&_125_toolbarItem=view-all-users&_125_saveUsersListView=true&_125_struts_action=%2Fusers_admin%2Fview' successfully

2018-12-17 15:36:21 - [TEST_STEP][PASSED] - delay: Delayed 3 second(s)

2018-12-17 15:36:24 - [MESSAGE][PASSED] - Delayed 3 second(s)

2018-12-17 15:36:24 - [TEST_STEP][PASSED] - setText: Text 'perkeso723742305150@gmail.com' is set on object 'Object Repository/Final Object Repo/Creating Employer Account/Page_Users and Organizations - ASSIST/Employer name'

2018-12-17 15:36:25 - [MESSAGE][PASSED] - Text 'perkeso723742305150@gmail.com' is set on object 'Object Repository/Final Object Repo/Creating Employer Account/Page_Users and Organizations - ASSIST/Employer name'

2018-12-17 15:36:25 - [TEST_STEP][PASSED] - delay: Delayed 3 second(s)

2018-12-17 15:36:28 - [MESSAGE][PASSED] - Delayed 3 second(s)

2018-12-17 15:36:28 - [TEST_STEP][PASSED] - click: Object: 'Object Repository/Final Object Repo/Creating Employer Account/Page_Users and Organizations - ASSIST/Search' is clicked on

2018-12-17 15:36:28 - [MESSAGE][PASSED] - Object: 'Object Repository/Final Object Repo/Creating Employer Account/Page_Users and Organizations - ASSIST/Search' is clicked on

2018-12-17 15:36:28 - [TEST_STEP][PASSED] - delay: Delayed 3 second(s)

2018-12-17 15:36:31 - [MESSAGE][PASSED] - Delayed 3 second(s)

2018-12-17 15:36:31 - [TEST_STEP][PASSED] - click: Object: 'Object Repository/Final Object Repo/Creating Employer Account/Page_Users and Organizations - ASSIST/Action' is clicked on

2018-12-17 15:36:31 - [MESSAGE][PASSED] - Object: 'Object Repository/Final Object Repo/Creating Employer Account/Page_Users and Organizations - ASSIST/Action' is clicked on

2018-12-17 15:36:31 - [TEST_STEP][PASSED] - delay: Delayed 3 second(s)

2018-12-17 15:36:34 - [MESSAGE][PASSED] - Delayed 3 second(s)

2018-12-17 15:36:34 - [TEST_STEP][PASSED] - click: Object: 'Object Repository/Final Object Repo/Creating Employer Account/Page_Users and Organizations - ASSIST/Edit' is clicked on

2018-12-17 15:36:35 - [MESSAGE][PASSED] - Object: 'Object Repository/Final Object Repo/Creating Employer Account/Page_Users and Organizations - ASSIST/Edit' is clicked on

2018-12-17 15:36:35 - [TEST_STEP][PASSED] - delay: Delayed 3 second(s)

2018-12-17 15:36:38 - [MESSAGE][PASSED] - Delayed 3 second(s)

2018-12-17 15:36:38 - [TEST_STEP][PASSED] - click: Object: 'Object Repository/Final Object Repo/Creating Employer Account/Page_PERKESO - Users and Organizati/a_Password (Modified)' is clicked on

2018-12-17 15:36:39 - [MESSAGE][PASSED] - Object: 'Object Repository/Final Object Repo/Creating Employer Account/Page_PERKESO - Users and Organizati/a_Password (Modified)' is clicked on

2018-12-17 15:36:39 - [TEST_STEP][PASSED] - delay: Delayed 3 second(s)

2018-12-17 15:36:42 - [MESSAGE][PASSED] - Delayed 3 second(s)

2018-12-17 15:36:42 - [TEST_STEP][PASSED] - setEncryptedText: Text ****** has been set on object 'Object Repository/Final Object Repo/Creating Employer Account/Page_PERKESO - Users and Organizati/input__125_password1'

2018-12-17 15:36:42 - [MESSAGE][PASSED] - Text ****** has been set on object 'Object Repository/Final Object Repo/Creating Employer Account/Page_PERKESO - Users and Organizati/input__125_password1'

2018-12-17 15:36:42 - [TEST_STEP][PASSED] - delay: Delayed 3 second(s)

2018-12-17 15:36:45 - [MESSAGE][PASSED] - Delayed 3 second(s)

2018-12-17 15:36:45 - [TEST_STEP][PASSED] - setEncryptedText: Text ****** has been set on object 'Object Repository/Final Object Repo/Creating Employer Account/Page_PERKESO - Users and Organizati/input__125_password2'

2018-12-17 15:36:45 - [MESSAGE][PASSED] - Text ****** has been set on object 'Object Repository/Final Object Repo/Creating Employer Account/Page_PERKESO - Users and Organizati/input__125_password2'

2018-12-17 15:36:45 - [TEST_STEP][PASSED] - delay: Delayed 3 second(s)

2018-12-17 15:36:48 - [MESSAGE][PASSED] - Delayed 3 second(s)

2018-12-17 15:36:48 - [TEST_STEP][PASSED] - click: Object: 'Object Repository/Final Object Repo/Creating Employer Account/Page_PERKESO - Users and Organizati/Save' is clicked on

2018-12-17 15:36:50 - [MESSAGE][PASSED] - Object: 'Object Repository/Final Object Repo/Creating Employer Account/Page_PERKESO - Users and Organizati/Save' is clicked on

2018-12-17 15:36:50 - [MESSAGE][PASSED] - Call Test Case 'Test Cases/Final Aug 2018 - PKS Automation/Create Employer Acc/Template/Change Password of Employer' successfully

2018-12-17 15:36:50 - [TEST_STEP][PASSED] - delay: Delayed 1 second(s)

2018-12-17 15:36:51 - [MESSAGE][PASSED] - Delayed 1 second(s)

2018-12-17 15:36:51 - [TEST_STEP][PASSED] - navigateToUrl: Navigate to 'https://assist2-uat.perkeso.gov.my/c/portal/logout' successfully

2018-12-17 15:36:52 - [MESSAGE][PASSED] - Navigate to 'https://assist2-uat.perkeso.gov.my/c/portal/logout' successfully

2018-12-17 15:36:52 - [TEST_STEP][PASSED] - delay: Delayed 1 second(s)

2018-12-17 15:36:53 - [MESSAGE][PASSED] - Delayed 1 second(s)

2018-12-17 15:36:53 - [TEST_STEP][PASSED] - callTestCase: Call Test Case 'Test Cases/Final Aug 2018 - PKS Automation/Create Employer Acc/Template/Login to Employer Account (First Time)' successfully

2018-12-17 15:36:53 - [TEST_CASE][PASSED] - Test Cases/Final Aug 2018 - PKS Automation/Create Employer Acc/Template/Login to Employer Account (First Time): Test Cases/Final Aug 2018 - PKS Automation/Create Employer Acc/Template/Login to Employer Account (First Time)

2018-12-17 15:36:53 - [TEST_STEP][PASSED] - openBrowser: Browser is opened with url: ''

2018-12-17 15:36:53 - [MESSAGE][WARNING] - A browser is already opened. Closing browser and opening a new one

2018-12-17 15:36:56 - [MESSAGE][PASSED] - Browser is opened with url: ''

2018-12-17 15:36:56 - [TEST_STEP][PASSED] - navigateToUrl: Navigate to 'https://assist2-uat.perkeso.gov.my/employer/login' successfully

2018-12-17 15:36:57 - [MESSAGE][PASSED] - Navigate to 'https://assist2-uat.perkeso.gov.my/employer/login' successfully

2018-12-17 15:36:57 - [TEST_STEP][PASSED] - delay: Delayed 3 second(s)

2018-12-17 15:37:00 - [MESSAGE][PASSED] - Delayed 3 second(s)

2018-12-17 15:37:00 - [TEST_STEP][PASSED] - callTestCase: Call Test Case 'Test Cases/Final Aug 2018 - PKS Automation/Create Employer Acc/Template/Employer Email Getter' successfully

2018-12-17 15:37:00 - [TEST_CASE][PASSED] - Test Cases/Final Aug 2018 - PKS Automation/Create Employer Acc/Template/Employer Email Getter: Test Cases/Final Aug 2018 - PKS Automation/Create Employer Acc/Template/Employer Email Getter

2018-12-17 15:37:00 - [TEST_STEP][PASSED] - Statement - Try: null

2018-12-17 15:37:00 - [TEST_STEP][PASSED] - Statement - EmpEmail = new java.io.File(C://Users//Admin//Desktop//PKS//Automation Reference Point//EmpEmail.txt): null

2018-12-17 15:37:00 - [TEST_STEP][PASSED] - Statement - bufferread = new java.io.BufferedReader(new java.io.FileReader(EmpEmail)): null

2018-12-17 15:37:00 - [TEST_STEP][PASSED] - Statement - readedVal = bufferread.readLine(): null

2018-12-17 15:37:00 - [TEST_STEP][PASSED] - Statement - out.println(readedVal): null

2018-12-17 15:37:00 - [TEST_STEP][PASSED] - Statement - Email = readedVal: null

2018-12-17 15:37:00 - [MESSAGE][PASSED] - Call Test Case 'Test Cases/Final Aug 2018 - PKS Automation/Create Employer Acc/Template/Employer Email Getter' successfully

2018-12-17 15:37:00 - [TEST_STEP][PASSED] - setText: Text 'perkeso723742305150@gmail.com' is set on object 'Object Repository/Final Object Repo/Login Page/External Login Page/Email'

2018-12-17 15:37:01 - [MESSAGE][PASSED] - Text 'perkeso723742305150@gmail.com' is set on object 'Object Repository/Final Object Repo/Login Page/External Login Page/Email'

2018-12-17 15:37:01 - [TEST_STEP][PASSED] - click: Object: 'Object Repository/Final Object Repo/Login Page/External Login Page/Next' is clicked on

2018-12-17 15:37:01 - [MESSAGE][PASSED] - Object: 'Object Repository/Final Object Repo/Login Page/External Login Page/Next' is clicked on

2018-12-17 15:37:01 - [TEST_STEP][PASSED] - delay: Delayed 3 second(s)

2018-12-17 15:37:04 - [MESSAGE][PASSED] - Delayed 3 second(s)

2018-12-17 15:37:04 - [TEST_STEP][PASSED] - setEncryptedText: Text ****** has been set on object 'Object Repository/Final Object Repo/Login Page/External Login Page/Password'

2018-12-17 15:37:04 - [MESSAGE][PASSED] - Text ****** has been set on object 'Object Repository/Final Object Repo/Login Page/External Login Page/Password'

2018-12-17 15:37:04 - [TEST_STEP][PASSED] - click: Object: 'Object Repository/Final Object Repo/Login Page/External Login Page/Login' is clicked on

2018-12-17 15:37:04 - [MESSAGE][PASSED] - Object: 'Object Repository/Final Object Repo/Login Page/External Login Page/Login' is clicked on

2018-12-17 15:37:04 - [TEST_STEP][PASSED] - delay: Delayed 3 second(s)

2018-12-17 15:37:07 - [MESSAGE][PASSED] - Delayed 3 second(s)

2018-12-17 15:37:07 - [TEST_STEP][PASSED] - click: Object: 'Object Repository/Final Object Repo/Creating Employer Account/Page_Terms of Use - ASSIST/button_I Agree' is clicked on

2018-12-17 15:37:08 - [MESSAGE][PASSED] - Object: 'Object Repository/Final Object Repo/Creating Employer Account/Page_Terms of Use - ASSIST/button_I Agree' is clicked on

2018-12-17 15:37:08 - [TEST_STEP][PASSED] - delay: Delayed 2 second(s)

2018-12-17 15:37:10 - [MESSAGE][PASSED] - Delayed 2 second(s)

2018-12-17 15:37:10 - [TEST_STEP][PASSED] - setEncryptedText: Text ****** has been set on object 'Object Repository/Final Object Repo/Creating Employer Account/Page_New Password - ASSIST/input_password1'

2018-12-17 15:37:10 - [MESSAGE][PASSED] - Text ****** has been set on object 'Object Repository/Final Object Repo/Creating Employer Account/Page_New Password - ASSIST/input_password1'

2018-12-17 15:37:10 - [TEST_STEP][PASSED] - setEncryptedText: Text ****** has been set on object 'Object Repository/Final Object Repo/Creating Employer Account/Page_New Password - ASSIST/input_password2'

2018-12-17 15:37:10 - [MESSAGE][PASSED] - Text ****** has been set on object 'Object Repository/Final Object Repo/Creating Employer Account/Page_New Password - ASSIST/input_password2'

2018-12-17 15:37:10 - [TEST_STEP][PASSED] - delay: Delayed 2 second(s)

2018-12-17 15:37:12 - [MESSAGE][PASSED] - Delayed 2 second(s)

2018-12-17 15:37:12 - [TEST_STEP][PASSED] - click: Object: 'Object Repository/Final Object Repo/Creating Employer Account/Page_New Password - ASSIST/Save' is clicked on

2018-12-17 15:37:12 - [MESSAGE][PASSED] - Object: 'Object Repository/Final Object Repo/Creating Employer Account/Page_New Password - ASSIST/Save' is clicked on

2018-12-17 15:37:12 - [TEST_STEP][PASSED] - delay: Delayed 2 second(s)

2018-12-17 15:37:14 - [MESSAGE][PASSED] - Delayed 2 second(s)

2018-12-17 15:37:14 - [TEST_STEP][PASSED] - setText: Text 'test' is set on object 'Object Repository/Final Object Repo/Creating Employer Account/Page_Password Reminder - ASSIST/Reminder Query Answer'

2018-12-17 15:37:15 - [MESSAGE][PASSED] - Text 'test' is set on object 'Object Repository/Final Object Repo/Creating Employer Account/Page_Password Reminder - ASSIST/Reminder Query Answer'

2018-12-17 15:37:15 - [TEST_STEP][PASSED] - delay: Delayed 2 second(s)

2018-12-17 15:37:17 - [MESSAGE][PASSED] - Delayed 2 second(s)

2018-12-17 15:37:17 - [TEST_STEP][PASSED] - doubleClick: Object: 'Object Repository/Final Object Repo/Creating Employer Account/Page_Password Reminder - ASSIST/Save' is double clicked on

2018-12-17 15:37:17 - [MESSAGE][PASSED] - Object: 'Object Repository/Final Object Repo/Creating Employer Account/Page_Password Reminder - ASSIST/Save' is double clicked on

2018-12-17 15:37:17 - [MESSAGE][PASSED] - Call Test Case 'Test Cases/Final Aug 2018 - PKS Automation/Create Employer Acc/Template/Login to Employer Account (First Time)' successfully

2018-12-17 15:37:17 - [MESSAGE][PASSED] - Call Test Case 'Test Cases/Final Aug 2018 - PKS Automation/Create Employer Acc/Create Employer Account' successfully

2018-12-17 15:37:17 - [TEST_STEP][PASSED] - callTestCase: Call Test Case 'Test Cases/Final Aug 2018 - PKS Automation/Registration Module/Log Out/log out avoiding katalon tagging' successfully

2018-12-17 15:37:17 - [TEST_CASE][PASSED] - Test Cases/Final Aug 2018 - PKS Automation/Registration Module/Log Out/log out avoiding katalon tagging: Test Cases/Final Aug 2018 - PKS Automation/Registration Module/Log Out/log out avoiding katalon tagging

2018-12-17 15:37:17 - [TEST_STEP][PASSED] - navigateToUrl: Navigate to 'https://assist2-uat.perkeso.gov.my/c/portal/logout' successfully

2018-12-17 15:37:20 - [MESSAGE][PASSED] - Navigate to 'https://assist2-uat.perkeso.gov.my/c/portal/logout' successfully

2018-12-17 15:37:20 - [MESSAGE][PASSED] - Call Test Case 'Test Cases/Final Aug 2018 - PKS Automation/Registration Module/Log Out/log out avoiding katalon tagging' successfully

2018-12-17 15:37:20 - [TEST_STEP][PASSED] - callTestCase: Call Test Case 'Test Cases/Final Aug 2018 - PKS Automation/Create Employer Acc/Login to Employer Account (Second time)' successfully

2018-12-17 15:37:20 - [TEST_CASE][PASSED] - Test Cases/Final Aug 2018 - PKS Automation/Create Employer Acc/Login to Employer Account (Second time): Test Cases/Final Aug 2018 - PKS Automation/Create Employer Acc/Login to Employer Account (Second time)

2018-12-17 15:37:21 - [TEST_STEP][PASSED] - openBrowser: Browser is opened with url: ''

2018-12-17 15:37:21 - [MESSAGE][WARNING] - A browser is already opened. Closing browser and opening a new one

2018-12-17 15:37:24 - [MESSAGE][PASSED] - Browser is opened with url: ''

2018-12-17 15:37:24 - [TEST_STEP][PASSED] - navigateToUrl: Navigate to 'https://assist2-uat.perkeso.gov.my/employer/login' successfully

2018-12-17 15:37:25 - [MESSAGE][PASSED] - Navigate to 'https://assist2-uat.perkeso.gov.my/employer/login' successfully

2018-12-17 15:37:25 - [TEST_STEP][PASSED] - delay: Delayed 3 second(s)

2018-12-17 15:37:28 - [MESSAGE][PASSED] - Delayed 3 second(s)

2018-12-17 15:37:28 - [TEST_STEP][PASSED] - callTestCase: Call Test Case 'Test Cases/Final Aug 2018 - PKS Automation/Create Employer Acc/Template/Employer Email Getter' successfully

2018-12-17 15:37:28 - [TEST_CASE][PASSED] - Test Cases/Final Aug 2018 - PKS Automation/Create Employer Acc/Template/Employer Email Getter: Test Cases/Final Aug 2018 - PKS Automation/Create Employer Acc/Template/Employer Email Getter

2018-12-17 15:37:28 - [TEST_STEP][PASSED] - Statement - Try: null

2018-12-17 15:37:28 - [TEST_STEP][PASSED] - Statement - EmpEmail = new java.io.File(C://Users//Admin//Desktop//PKS//Automation Reference Point//EmpEmail.txt): null

2018-12-17 15:37:28 - [TEST_STEP][PASSED] - Statement - bufferread = new java.io.BufferedReader(new java.io.FileReader(EmpEmail)): null

2018-12-17 15:37:28 - [TEST_STEP][PASSED] - Statement - readedVal = bufferread.readLine(): null

2018-12-17 15:37:28 - [TEST_STEP][PASSED] - Statement - out.println(readedVal): null

2018-12-17 15:37:28 - [TEST_STEP][PASSED] - Statement - Email = readedVal: null

2018-12-17 15:37:28 - [MESSAGE][PASSED] - Call Test Case 'Test Cases/Final Aug 2018 - PKS Automation/Create Employer Acc/Template/Employer Email Getter' successfully

2018-12-17 15:37:28 - [TEST_STEP][PASSED] - setText: Text 'perkeso723742305150@gmail.com' is set on object 'Object Repository/Final Object Repo/Login Page/External Login Page/Email'

2018-12-17 15:37:28 - [MESSAGE][PASSED] - Text 'perkeso723742305150@gmail.com' is set on object 'Object Repository/Final Object Repo/Login Page/External Login Page/Email'

2018-12-17 15:37:28 - [TEST_STEP][PASSED] - click: Object: 'Object Repository/Final Object Repo/Login Page/External Login Page/Next' is clicked on

2018-12-17 15:37:28 - [MESSAGE][PASSED] - Object: 'Object Repository/Final Object Repo/Login Page/External Login Page/Next' is clicked on

2018-12-17 15:37:28 - [TEST_STEP][PASSED] - delay: Delayed 3 second(s)

2018-12-17 15:37:31 - [MESSAGE][PASSED] - Delayed 3 second(s)

2018-12-17 15:37:31 - [TEST_STEP][PASSED] - setEncryptedText: Text ****** has been set on object 'Object Repository/Final Object Repo/Login Page/External Login Page/Password'

2018-12-17 15:37:32 - [MESSAGE][PASSED] - Text ****** has been set on object 'Object Repository/Final Object Repo/Login Page/External Login Page/Password'

2018-12-17 15:37:32 - [TEST_STEP][PASSED] - click: Object: 'Object Repository/Final Object Repo/Login Page/External Login Page/Login' is clicked on

2018-12-17 15:37:32 - [MESSAGE][PASSED] - Object: 'Object Repository/Final Object Repo/Login Page/External Login Page/Login' is clicked on

2018-12-17 15:37:32 - [TEST_STEP][PASSED] - delay: Delayed 5 second(s)

2018-12-17 15:37:37 - [MESSAGE][PASSED] - Delayed 5 second(s)

2018-12-17 15:37:37 - [MESSAGE][PASSED] - Call Test Case 'Test Cases/Final Aug 2018 - PKS Automation/Create Employer Acc/Login to Employer Account (Second time)' successfully

2018-12-17 15:37:37 - [TEST_STEP][PASSED] - delay: Delayed 4 second(s)

2018-12-17 15:37:41 - [MESSAGE][PASSED] - Delayed 4 second(s)

2018-12-17 15:37:41 - [TEST_STEP][PASSED] - Statement - Try: Delayed 2 second(s)

2018-12-17 15:37:41 - [TEST_STEP][PASSED] - Statement - Checker = false: null

2018-12-17 15:37:41 - [TEST_STEP][PASSED] - Statement - Checker = com.kms.katalon.core.webui.keyword.WebUiBuiltInKeywords.verifyElementHasAttribute(com.kms.katalon.core.testobject.ObjectRepository.findTestObject(Final Object Repo/Landing Page/BM Detecting), "href", 20, OPTIONAL): Object 'Object Repository/Final Object Repo/Landing Page/BM Detecting' has attribute 'href'

2018-12-17 15:37:41 - [MESSAGE][PASSED] - Object 'Object Repository/Final Object Repo/Landing Page/BM Detecting' has attribute 'href'

2018-12-17 15:37:41 - [TEST_STEP][PASSED] - Statement - out.println(Checker): null

2018-12-17 15:37:41 - [TEST_STEP][PASSED] - Statement - If (Checker == false): null

2018-12-17 15:37:41 - [TEST_STEP][PASSED] - Statement - Else: null

2018-12-17 15:37:41 - [TEST_STEP][PASSED] - delay: Delayed 2 second(s)

2018-12-17 15:37:43 - [MESSAGE][PASSED] - Delayed 2 second(s)

2018-12-17 15:37:43 - [TEST_STEP][PASSED] - delay: Delayed 4 second(s)

2018-12-17 15:37:47 - [MESSAGE][PASSED] - Delayed 4 second(s)

2018-12-17 15:37:47 - [TEST_STEP][PASSED] - click: Object: 'Object Repository/Final Object Repo/Landing Page/My Sites Drop Down' is clicked on

2018-12-17 15:37:47 - [MESSAGE][PASSED] - Object: 'Object Repository/Final Object Repo/Landing Page/My Sites Drop Down' is clicked on

2018-12-17 15:37:47 - [TEST_STEP][PASSED] - click: Object: 'Object Repository/Final Object Repo/Landing Page/Select to Registration Module' is clicked on

2018-12-17 15:37:50 - [MESSAGE][PASSED] - Object: 'Object Repository/Final Object Repo/Landing Page/Select to Registration Module' is clicked on

2018-12-17 15:37:50 - [TEST_STEP][PASSED] - click: Object: 'Object Repository/Final Object Repo/Landing Page/Registration Button' is clicked on

2018-12-17 15:37:51 - [MESSAGE][PASSED] - Object: 'Object Repository/Final Object Repo/Landing Page/Registration Button' is clicked on

2018-12-17 15:37:51 - [TEST_STEP][PASSED] - delay: Delayed 2 second(s)

2018-12-17 15:37:53 - [MESSAGE][PASSED] - Delayed 2 second(s)

2018-12-17 15:37:53 - [TEST_STEP][PASSED] - click: Object: 'Object Repository/Final Object Repo/New Registration - Registration Module Pages/New Reg - OTC to RO/Special Case - OTC - Form 1/AEC NO' is clicked on

2018-12-17 15:37:53 - [MESSAGE][PASSED] - Object: 'Object Repository/Final Object Repo/New Registration - Registration Module Pages/New Reg - OTC to RO/Special Case - OTC - Form 1/AEC NO' is clicked on

2018-12-17 15:37:53 - [TEST_STEP][PASSED] - click: Object: 'Object Repository/Final Object Repo/New Registration - Registration Module Pages/New Reg - OTC to RO/Special Case - OTC - Form 1/Business Entity - Please Select' is clicked on

2018-12-17 15:37:54 - [MESSAGE][PASSED] - Object: 'Object Repository/Final Object Repo/New Registration - Registration Module Pages/New Reg - OTC to RO/Special Case - OTC - Form 1/Business Entity - Please Select' is clicked on

2018-12-17 15:37:54 - [TEST_STEP][PASSED] - click: Object: 'Object Repository/Final Object Repo/New Registration - Registration Module Pages/New Reg - OTC to RO/Special Case - OTC - Form 1/Selected - Corporation' is clicked on

2018-12-17 15:37:54 - [MESSAGE][PASSED] - Object: 'Object Repository/Final Object Repo/New Registration - Registration Module Pages/New Reg - OTC to RO/Special Case - OTC - Form 1/Selected - Corporation' is clicked on

2018-12-17 15:37:54 - [TEST_STEP][PASSED] - delay: Delayed 2 second(s)

2018-12-17 15:37:56 - [MESSAGE][PASSED] - Delayed 2 second(s)

2018-12-17 15:37:56 - [TEST_STEP][PASSED] - click: Object: 'Object Repository/Final Object Repo/New Registration - Registration Module Pages/New Reg - OTC to RO/Special Case - OTC - Form 1/Sub Business Entity - Please Select' is clicked on

2018-12-17 15:37:56 - [MESSAGE][PASSED] - Object: 'Object Repository/Final Object Repo/New Registration - Registration Module Pages/New Reg - OTC to RO/Special Case - OTC - Form 1/Sub Business Entity - Please Select' is clicked on

2018-12-17 15:37:56 - [TEST_STEP][PASSED] - delay: Delayed 2 second(s)

2018-12-17 15:37:58 - [MESSAGE][PASSED] - Delayed 2 second(s)

2018-12-17 15:37:58 - [TEST_STEP][PASSED] - click: Object: 'Object Repository/Final Object Repo/New Registration - Registration Module Pages/New Reg - OTC to RO/Special Case - OTC - Form 1/Selected - Sendirian Berhad' is clicked on

2018-12-17 15:37:58 - [MESSAGE][PASSED] - Object: 'Object Repository/Final Object Repo/New Registration - Registration Module Pages/New Reg - OTC to RO/Special Case - OTC - Form 1/Selected - Sendirian Berhad' is clicked on

2018-12-17 15:37:58 - [TEST_STEP][PASSED] - setText: Text 'AUTOMATE001' is set on object 'Object Repository/Final Object Repo/New Registration - Registration Module Pages/New Reg - OTC to RO/Special Case - OTC - Form 1/Input BRN Number'

2018-12-17 15:37:59 - [MESSAGE][PASSED] - Text 'AUTOMATE001' is set on object 'Object Repository/Final Object Repo/New Registration - Registration Module Pages/New Reg - OTC to RO/Special Case - OTC - Form 1/Input BRN Number'

2018-12-17 15:37:59 - [TEST_STEP][PASSED] - delay: Delayed 2 second(s)

2018-12-17 15:38:01 - [MESSAGE][PASSED] - Delayed 2 second(s)

2018-12-17 15:38:01 - [TEST_STEP][PASSED] - click: Object: 'Object Repository/Final Object Repo/New Registration - Registration Module Pages/New Reg - OTC to RO/Special Case - OTC - Form 1/BRN Search' is clicked on

2018-12-17 15:38:01 - [MESSAGE][PASSED] - Object: 'Object Repository/Final Object Repo/New Registration - Registration Module Pages/New Reg - OTC to RO/Special Case - OTC - Form 1/BRN Search' is clicked on

2018-12-17 15:38:01 - [TEST_STEP][PASSED] - delay: Delayed 4 second(s)

2018-12-17 15:38:05 - [MESSAGE][PASSED] - Delayed 4 second(s)

2018-12-17 15:38:05 - [TEST_STEP][PASSED] - click: Object: 'Object Repository/Final Object Repo/New Registration - Registration Module Pages/New Reg - OTC to RO/Special Case - OTC - Form 1/Registered with SSM - After Feb 2017' is clicked on

2018-12-17 15:38:05 - [MESSAGE][PASSED] - Object: 'Object Repository/Final Object Repo/New Registration - Registration Module Pages/New Reg - OTC to RO/Special Case - OTC - Form 1/Registered with SSM - After Feb 2017' is clicked on

2018-12-17 15:38:05 - [TEST_STEP][PASSED] - delay: Delayed 2 second(s)

2018-12-17 15:38:07 - [MESSAGE][PASSED] - Delayed 2 second(s)

2018-12-17 15:38:07 - [TEST_STEP][PASSED] - click: Object: 'Object Repository/Final Object Repo/New Registration - Registration Module Pages/Form 1/Registered As a Branch - Yes' is clicked on

2018-12-17 15:38:07 - [MESSAGE][PASSED] - Object: 'Object Repository/Final Object Repo/New Registration - Registration Module Pages/Form 1/Registered As a Branch - Yes' is clicked on

2018-12-17 15:38:07 - [TEST_STEP][PASSED] - click: Object: 'Object Repository/Final Object Repo/New Registration - Registration Module Pages/New Reg - OTC to RO/Special Case - OTC - Form 1/Acknowledgement Ticked' is clicked on

2018-12-17 15:38:08 - [MESSAGE][PASSED] - Object: 'Object Repository/Final Object Repo/New Registration - Registration Module Pages/New Reg - OTC to RO/Special Case - OTC - Form 1/Acknowledgement Ticked' is clicked on

2018-12-17 15:38:08 - [TEST_STEP][PASSED] - setText: Text 'perkeso723742305150@gmail.com' is set on object 'Object Repository/Final Object Repo/New Registration - Registration Module Pages/Form 1/Email'

2018-12-17 15:38:08 - [MESSAGE][PASSED] - Text 'perkeso723742305150@gmail.com' is set on object 'Object Repository/Final Object Repo/New Registration - Registration Module Pages/Form 1/Email'

2018-12-17 15:38:08 - [TEST_STEP][PASSED] - click: Object: 'Object Repository/Final Object Repo/New Registration - Registration Module Pages/New Reg - OTC to RO/Special Case - OTC - Form 1/Submit Button' is clicked on

2018-12-17 15:38:09 - [MESSAGE][PASSED] - Object: 'Object Repository/Final Object Repo/New Registration - Registration Module Pages/New Reg - OTC to RO/Special Case - OTC - Form 1/Submit Button' is clicked on

2018-12-17 15:38:09 - [TEST_STEP][PASSED] - callTestCase: Call Test Case 'Test Cases/Final Aug 2018 - PKS Automation/Registration Module/New Registration/Form 2/Add 1 Eligible - Employer Account Use' successfully

2018-12-17 15:38:09 - [TEST_CASE][PASSED] - Test Cases/Final Aug 2018 - PKS Automation/Registration Module/New Registration/Form 2/Add 1 Eligible - Employer Account Use: Test Cases/Final Aug 2018 - PKS Automation/Registration Module/New Registration/Form 2/Add 1 Eligible - Employer Account Use

2018-12-17 15:38:09 - [TEST_STEP][PASSED] - delay: Delayed 2 second(s)

2018-12-17 15:38:11 - [MESSAGE][PASSED] - Delayed 2 second(s)

2018-12-17 15:38:11 - [TEST_STEP][PASSED] - callTestCase: Call Test Case 'Test Cases/Final Aug 2018 - PKS Automation/Registration Module/New Registration/Form 2/Date Updater' successfully

2018-12-17 15:38:11 - [TEST_CASE][PASSED] - Test Cases/Final Aug 2018 - PKS Automation/Registration Module/New Registration/Form 2/Date Updater: Test Cases/Final Aug 2018 - PKS Automation/Registration Module/New Registration/Form 2/Date Updater

2018-12-17 15:38:12 - [TEST_STEP][PASSED] - Statement - TodayDate = new java.util.Date(): null

2018-12-17 15:38:12 - [TEST_STEP][PASSED] - Statement - CurrentDateNoFilter = new java.text.SimpleDateFormat(): null

2018-12-17 15:38:12 - [TEST_STEP][PASSED] - Statement - CurrentDateNoFilter.applyPattern("MM"): null

2018-12-17 15:38:12 - [TEST_STEP][PASSED] - Statement - monthContainerMatcher = java.lang.Integer.parseInt(CurrentDateNoFilter.format(TodayDate)): null

2018-12-17 15:38:12 - [TEST_STEP][PASSED] - Statement - monthContainerMatcher = monthContainerMatcher - 1: null

2018-12-17 15:38:12 - [TEST_STEP][PASSED] - Statement - CurrentMonth = monthContainerMatcher.toString(): null

2018-12-17 15:38:12 - [TEST_STEP][PASSED] - Statement - CurrentMonth = CurrentMonth: null

2018-12-17 15:38:12 - [TEST_STEP][PASSED] - Statement - CurrentDateNoFilter.applyPattern("yyyy"): null

2018-12-17 15:38:12 - [TEST_STEP][PASSED] - Statement - CurrentYear = CurrentDateNoFilter.format(TodayDate): null

2018-12-17 15:38:12 - [TEST_STEP][PASSED] - Statement - CurrentYear = CurrentYear: null

2018-12-17 15:38:12 - [TEST_STEP][PASSED] - Statement - intCurrentYear = java.lang.Integer.parseInt(CurrentDateNoFilter.format(TodayDate)): null

2018-12-17 15:38:12 - [TEST_STEP][PASSED] - Statement - eighteenYrsAgo = intCurrentYear - 18: null

2018-12-17 15:38:12 - [TEST_STEP][PASSED] - Statement - eighteenYrsBeforeThisYr = eighteenYrsAgo.toString(): null

2018-12-17 15:38:12 - [TEST_STEP][PASSED] - Statement - EighteenYrsBefore = eighteenYrsBeforeThisYr: null

2018-12-17 15:38:12 - [TEST_STEP][PASSED] - Statement - fiftysevenYrsAgo = intCurrentYear - 57: null

2018-12-17 15:38:12 - [TEST_STEP][PASSED] - Statement - fiftysevenYrsBeforeThisYr = fiftysevenYrsAgo.toString(): null

2018-12-17 15:38:12 - [TEST_STEP][PASSED] - Statement - FiftysevenYrsBefore = fiftysevenYrsBeforeThisYr: null

2018-12-17 15:38:12 - [TEST_STEP][PASSED] - Statement - leapYear = false: null

2018-12-17 15:38:12 - [TEST_STEP][PASSED] - Statement - leapYear = intCurrentYear % 4 == 0: null

2018-12-17 15:38:12 - [TEST_STEP][PASSED] - Statement - CurrentDateNoFilter.applyPattern("dd"): null

2018-12-17 15:38:12 - [TEST_STEP][PASSED] - Statement - CurrentDate = CurrentDateNoFilter.format(TodayDate): null

2018-12-17 15:38:12 - [TEST_STEP][PASSED] - Statement - CurrentDate = java.lang.Integer.parseInt(CurrentDate): null

2018-12-17 15:38:12 - [TEST_STEP][PASSED] - Statement - CurrentDate = CurrentDate: null

2018-12-17 15:38:12 - [TEST_STEP][PASSED] - Statement - CurrentDay = java.lang.Integer.parseInt(CurrentDate): null

2018-12-17 15:38:12 - [TEST_STEP][PASSED] - Statement - ConfAdder = <not implemented yet for class: org.codehaus.groovy.ast.expr.EmptyExpression>: null

2018-12-17 15:38:12 - [TEST_STEP][PASSED] - Statement - out.println(CurrentMonth): null

2018-12-17 15:38:12 - [TEST_STEP][PASSED] - Statement - out.println(CurrentDate): null

2018-12-17 15:38:12 - [TEST_STEP][PASSED] - Statement - switch (CurrentDate): null

2018-12-17 15:38:12 - [TEST_STEP][PASSED] - Statement - Default: null

2018-12-17 15:38:12 - [TEST_STEP][PASSED] - Statement - ConfAdder = true: null

2018-12-17 15:38:12 - [TEST_STEP][PASSED] - Statement - Break: null

2018-12-17 15:38:12 - [TEST_STEP][PASSED] - Statement - aDayBefore = <not implemented yet for class: org.codehaus.groovy.ast.expr.EmptyExpression>: null

2018-12-17 15:38:12 - [TEST_STEP][PASSED] - Statement - out.println(ConfAdder): null

2018-12-17 15:38:12 - [TEST_STEP][PASSED] - Statement - If (ConfAdder == true): null

2018-12-17 15:38:12 - [TEST_STEP][PASSED] - Statement - aDayBefore = CurrentDay + 1: null

2018-12-17 15:38:12 - [TEST_STEP][PASSED] - Statement - out.println(aDayBefore): null

2018-12-17 15:38:12 - [TEST_STEP][PASSED] - Statement - If (aDayBefore == 1 && CurrentMonth == 11): null

2018-12-17 15:38:12 - [TEST_STEP][PASSED] - Statement - DayBefore = aDayBefore.toString(): null

2018-12-17 15:38:12 - [TEST_STEP][PASSED] - Statement - OneDayBefore = DayBefore: null

2018-12-17 15:38:12 - [MESSAGE][PASSED] - Call Test Case 'Test Cases/Final Aug 2018 - PKS Automation/Registration Module/New Registration/Form 2/Date Updater' successfully

2018-12-17 15:38:12 - [TEST_STEP][PASSED] - delay: Delayed 1 second(s)

2018-12-17 15:38:13 - [MESSAGE][PASSED] - Delayed 1 second(s)

2018-12-17 15:38:13 - [TEST_STEP][PASSED] - Statement - CaseReferenceNo = com.kms.katalon.core.webui.keyword.WebUiBuiltInKeywords.getText(com.kms.katalon.core.testobject.ObjectRepository.findTestObject(Final Object Repo/New Registration - Registration Module Pages/Form 2/RefNo Acquiring)): Text of object 'Object Repository/Final Object Repo/New Registration - Registration Module Pages/Form 2/RefNo Acquiring' is: 'CRN12201800123367'

2018-12-17 15:38:13 - [MESSAGE][PASSED] - Text of object 'Object Repository/Final Object Repo/New Registration - Registration Module Pages/Form 2/RefNo Acquiring' is: 'CRN12201800123367'

2018-12-17 15:38:13 - [TEST_STEP][PASSED] - delay: Delayed 1 second(s)

2018-12-17 15:38:14 - [MESSAGE][PASSED] - Delayed 1 second(s)

2018-12-17 15:38:14 - [TEST_STEP][PASSED] - click: Object: 'Object Repository/Final Object Repo/New Registration - Registration Module Pages/Form 2/Add Employee Button' is clicked on

2018-12-17 15:38:14 - [MESSAGE][PASSED] - Object: 'Object Repository/Final Object Repo/New Registration - Registration Module Pages/Form 2/Add Employee Button' is clicked on

2018-12-17 15:38:14 - [TEST_STEP][PASSED] - delay: Delayed 1 second(s)

2018-12-17 15:38:15 - [MESSAGE][PASSED] - Delayed 1 second(s)

2018-12-17 15:38:15 - [TEST_STEP][PASSED] - setText: Text '010903091948' is set on object 'Object Repository/Final Object Repo/New Registration - Registration Module Pages/Form 2/NRIC Input'

2018-12-17 15:38:16 - [MESSAGE][PASSED] - Text '010903091948' is set on object 'Object Repository/Final Object Repo/New Registration - Registration Module Pages/Form 2/NRIC Input'

2018-12-17 15:38:16 - [TEST_STEP][PASSED] - delay: Delayed 2 second(s)

2018-12-17 15:38:18 - [MESSAGE][PASSED] - Delayed 2 second(s)

2018-12-17 15:38:18 - [TEST_STEP][PASSED] - setText: Text 'Automate001 eligible 1' is set on object 'Object Repository/Final Object Repo/New Registration - Registration Module Pages/Form 2/Employee Name Input'

2018-12-17 15:38:18 - [MESSAGE][PASSED] - Text 'Automate001 eligible 1' is set on object 'Object Repository/Final Object Repo/New Registration - Registration Module Pages/Form 2/Employee Name Input'

2018-12-17 15:38:18 - [TEST_STEP][PASSED] - delay: Delayed 2 second(s)

2018-12-17 15:38:20 - [MESSAGE][PASSED] - Delayed 2 second(s)

2018-12-17 15:38:20 - [TEST_STEP][PASSED] - click: Object: 'Object Repository/Final Object Repo/New Registration - Registration Module Pages/Form 2/DatePicker Pop Up' is clicked on

2018-12-17 15:38:20 - [MESSAGE][PASSED] - Object: 'Object Repository/Final Object Repo/New Registration - Registration Module Pages/Form 2/DatePicker Pop Up' is clicked on

2018-12-17 15:38:20 - [TEST_STEP][PASSED] - click: Object: 'Object Repository/Final Object Repo/New Registration - Registration Module Pages/Form 2/DOB Month' is clicked on

2018-12-17 15:38:21 - [MESSAGE][PASSED] - Object: 'Object Repository/Final Object Repo/New Registration - Registration Module Pages/Form 2/DOB Month' is clicked on

2018-12-17 15:38:21 - [TEST_STEP][PASSED] - Statement - CurrentMonth = CurrentMonth: null

2018-12-17 15:38:21 - [TEST_STEP][PASSED] - Statement - selectMonth = new com.kms.katalon.core.testobject.TestObject(): null

2018-12-17 15:38:21 - [TEST_STEP][PASSED] - Statement - selectMonth.addProperty("xpath", EQUALS, "//body/div/div/div/select/option[@value='" + CurrentMonth + "']", true): null

2018-12-17 15:38:21 - [TEST_STEP][PASSED] - click: Object: '' is clicked on

2018-12-17 15:38:21 - [MESSAGE][PASSED] - Object: '' is clicked on

2018-12-17 15:38:21 - [TEST_STEP][PASSED] - click: Object: 'Object Repository/Final Object Repo/New Registration - Registration Module Pages/Form 2/DOB Year' is clicked on

2018-12-17 15:38:21 - [MESSAGE][PASSED] - Object: 'Object Repository/Final Object Repo/New Registration - Registration Module Pages/Form 2/DOB Year' is clicked on

2018-12-17 15:38:21 - [TEST_STEP][PASSED] - Statement - Eyearsbf = EighteenYrsBefore: null

2018-12-17 15:38:21 - [TEST_STEP][PASSED] - Statement - selectYear = new com.kms.katalon.core.testobject.TestObject(): null

2018-12-17 15:38:21 - [TEST_STEP][PASSED] - Statement - selectYear.addProperty("xpath", EQUALS, "//div/div/div/select/option[@value='" + Eyearsbf + "']", true): null

2018-12-17 15:38:21 - [TEST_STEP][PASSED] - click: Object: '' is clicked on

2018-12-17 15:38:21 - [MESSAGE][PASSED] - Object: '' is clicked on

2018-12-17 15:38:21 - [TEST_STEP][PASSED] - Statement - UpdatedSelectDate = com.kms.katalon.core.webui.keyword.WebUiBuiltInKeywords.modifyObjectProperty(com.kms.katalon.core.testobject.ObjectRepository.findTestObject(Final Object Repo/New Registration - Registration Module Pages/Form 2/DOB Date), "xpath", "equals", "//body/div/table/tbody/tr/td/a[text()="" + CurrentDate + ""]", true): Modify property of object successfully

2018-12-17 15:38:21 - [MESSAGE][PASSED] - Modify property of object successfully

2018-12-17 15:38:21 - [TEST_STEP][PASSED] - delay: Delayed 3 second(s)

2018-12-17 15:38:24 - [MESSAGE][PASSED] - Delayed 3 second(s)

2018-12-17 15:38:24 - [TEST_STEP][PASSED] - click: Object: 'Object Repository/Final Object Repo/New Registration - Registration Module Pages/Form 2/DOB Date' is clicked on

2018-12-17 15:38:24 - [MESSAGE][PASSED] - Object: 'Object Repository/Final Object Repo/New Registration - Registration Module Pages/Form 2/DOB Date' is clicked on

2018-12-17 15:38:24 - [TEST_STEP][PASSED] - delay: Delayed 2 second(s)

2018-12-17 15:38:26 - [MESSAGE][PASSED] - Delayed 2 second(s)

2018-12-17 15:38:26 - [TEST_STEP][PASSED] - click: Object: 'Object Repository/Final Object Repo/New Registration - Registration Module Pages/Form 2/EmploymentStartDate Pop Up' is clicked on

2018-12-17 15:38:26 - [MESSAGE][PASSED] - Object: 'Object Repository/Final Object Repo/New Registration - Registration Module Pages/Form 2/EmploymentStartDate Pop Up' is clicked on

2018-12-17 15:38:26 - [TEST_STEP][PASSED] - delay: Delayed 2 second(s)

2018-12-17 15:38:28 - [MESSAGE][PASSED] - Delayed 2 second(s)

2018-12-17 15:38:28 - [TEST_STEP][PASSED] - click: Object: 'Object Repository/Final Object Repo/New Registration - Registration Module Pages/Form 2/Socso Employment StartDate Month' is clicked on

2018-12-17 15:38:29 - [MESSAGE][PASSED] - Object: 'Object Repository/Final Object Repo/New Registration - Registration Module Pages/Form 2/Socso Employment StartDate Month' is clicked on

2018-12-17 15:38:29 - [TEST_STEP][PASSED] - delay: Delayed 1 second(s)

2018-12-17 15:38:30 - [MESSAGE][PASSED] - Delayed 1 second(s)

2018-12-17 15:38:30 - [TEST_STEP][PASSED] - click: Object: 'Object Repository/Final Object Repo/New Registration - Registration Module Pages/Form 2/Select Socso Employement Startdate Month' is clicked on

2018-12-17 15:38:30 - [MESSAGE][PASSED] - Object: 'Object Repository/Final Object Repo/New Registration - Registration Module Pages/Form 2/Select Socso Employement Startdate Month' is clicked on

2018-12-17 15:38:30 - [TEST_STEP][PASSED] - delay: Delayed 2 second(s)

2018-12-17 15:38:32 - [MESSAGE][PASSED] - Delayed 2 second(s)

2018-12-17 15:38:32 - [TEST_STEP][PASSED] - click: Object: 'Object Repository/Final Object Repo/New Registration - Registration Module Pages/Form 2/Socso Employment StartDate Year' is clicked on

2018-12-17 15:38:32 - [MESSAGE][PASSED] - Object: 'Object Repository/Final Object Repo/New Registration - Registration Module Pages/Form 2/Socso Employment StartDate Year' is clicked on

2018-12-17 15:38:32 - [TEST_STEP][PASSED] - delay: Delayed 1 second(s)

2018-12-17 15:38:33 - [MESSAGE][PASSED] - Delayed 1 second(s)

2018-12-17 15:38:33 - [TEST_STEP][PASSED] - click: Object: 'Object Repository/Final Object Repo/New Registration - Registration Module Pages/Form 2/Select Socso Employment Startdate Year' is clicked on

2018-12-17 15:38:33 - [MESSAGE][PASSED] - Object: 'Object Repository/Final Object Repo/New Registration - Registration Module Pages/Form 2/Select Socso Employment Startdate Year' is clicked on

2018-12-17 15:38:33 - [TEST_STEP][PASSED] - delay: Delayed 2 second(s)

2018-12-17 15:38:35 - [MESSAGE][PASSED] - Delayed 2 second(s)

2018-12-17 15:38:35 - [TEST_STEP][PASSED] - click: Object: 'Object Repository/Final Object Repo/New Registration - Registration Module Pages/Form 2/Socso Employment Start Date Day' is clicked on

2018-12-17 15:38:35 - [MESSAGE][PASSED] - Object: 'Object Repository/Final Object Repo/New Registration - Registration Module Pages/Form 2/Socso Employment Start Date Day' is clicked on

2018-12-17 15:38:35 - [TEST_STEP][PASSED] - delay: Delayed 2 second(s)

2018-12-17 15:38:37 - [MESSAGE][PASSED] - Delayed 2 second(s)

2018-12-17 15:38:37 - [TEST_STEP][PASSED] - click: Object: 'Object Repository/Final Object Repo/New Registration - Registration Module Pages/Form 2/Save Button for Add Employee' is clicked on

2018-12-17 15:38:38 - [MESSAGE][PASSED] - Object: 'Object Repository/Final Object Repo/New Registration - Registration Module Pages/Form 2/Save Button for Add Employee' is clicked on

2018-12-17 15:38:38 - [TEST_STEP][PASSED] - delay: Delayed 6 second(s)

2018-12-17 15:38:44 - [MESSAGE][PASSED] - Delayed 6 second(s)

2018-12-17 15:38:44 - [TEST_STEP][PASSED] - click: Object: 'Object Repository/Final Object Repo/New Registration - Registration Module Pages/Form 2/Save and Continue Form 2' is clicked on

2018-12-17 15:38:44 - [MESSAGE][PASSED] - Object: 'Object Repository/Final Object Repo/New Registration - Registration Module Pages/Form 2/Save and Continue Form 2' is clicked on

2018-12-17 15:38:44 - [MESSAGE][PASSED] - Call Test Case 'Test Cases/Final Aug 2018 - PKS Automation/Registration Module/New Registration/Form 2/Add 1 Eligible - Employer Account Use' successfully

2018-12-17 15:38:44 - [TEST_STEP][PASSED] - callTestCase: Call Test Case 'Test Cases/Final Aug 2018 - PKS Automation/Registration Module/New Registration/Flow of New Registration/Third Screen - Upload Supporting Doc - Preview' successfully

2018-12-17 15:38:44 - [TEST_CASE][PASSED] - Test Cases/Final Aug 2018 - PKS Automation/Registration Module/New Registration/Flow of New Registration/Third Screen - Upload Supporting Doc - Preview: Test Cases/Final Aug 2018 - PKS Automation/Registration Module/New Registration/Flow of New Registration/Third Screen - Upload Supporting Doc - Preview

2018-12-17 15:38:44 - [TEST_STEP][PASSED] - waitForPageLoad: Wait for page load successfully

2018-12-17 15:38:45 - [MESSAGE][PASSED] - Wait for page load successfully

2018-12-17 15:38:45 - [TEST_STEP][PASSED] - Statement - CaseReferenceNo = com.kms.katalon.core.webui.keyword.WebUiBuiltInKeywords.getText(com.kms.katalon.core.testobject.ObjectRepository.findTestObject(Final Object Repo/New Registration - Registration Module Pages/Third Screen - Upload Supporting Doc- Preview/RefNo Acquiring)): Text of object 'Object Repository/Final Object Repo/New Registration - Registration Module Pages/Third Screen - Upload Supporting Doc- Preview/RefNo Acquiring' is: 'CRN12201800123367'

2018-12-17 15:38:45 - [MESSAGE][PASSED] - Text of object 'Object Repository/Final Object Repo/New Registration - Registration Module Pages/Third Screen - Upload Supporting Doc- Preview/RefNo Acquiring' is: 'CRN12201800123367'

2018-12-17 15:38:45 - [TEST_STEP][PASSED] - delay: Delayed 2 second(s)

2018-12-17 15:38:47 - [MESSAGE][PASSED] - Delayed 2 second(s)

2018-12-17 15:38:47 - [TEST_STEP][PASSED] - callTestCase: Call Test Case 'Test Cases/Final Aug 2018 - PKS Automation/Common/Reference Number Setter' successfully

2018-12-17 15:38:47 - [TEST_CASE][PASSED] - Test Cases/Final Aug 2018 - PKS Automation/Common/Reference Number Setter: Test Cases/Final Aug 2018 - PKS Automation/Common/Reference Number Setter

2018-12-17 15:38:47 - [TEST_STEP][PASSED] - Statement - RefNoOldFile = new java.io.File(C://Users//Admin//Desktop//PKS//Automation Reference Point//KatalonReference.txt): null

2018-12-17 15:38:47 - [TEST_STEP][PASSED] - Statement - RefNoOldFile.delete(): null

2018-12-17 15:38:47 - [TEST_STEP][PASSED] - delay: Delayed 5 second(s)

2018-12-17 15:38:52 - [MESSAGE][PASSED] - Delayed 5 second(s)

2018-12-17 15:38:52 - [TEST_STEP][PASSED] - Statement - RefNo = new java.io.File(C://Users//Admin//Desktop//PKS//Automation Reference Point//KatalonReference.txt): null

2018-12-17 15:38:52 - [TEST_STEP][PASSED] - Statement - f2 = new java.io.FileWriter(RefNo, false): null

2018-12-17 15:38:52 - [TEST_STEP][PASSED] - Statement - f2.write(CaseReferenceNo): null

2018-12-17 15:38:52 - [TEST_STEP][PASSED] - Statement - f2.close(): null

2018-12-17 15:38:52 - [TEST_STEP][PASSED] - Statement - out.println("


" + CaseReferenceNo + "


"): null

2018-12-17 15:38:52 - [MESSAGE][PASSED] - Call Test Case 'Test Cases/Final Aug 2018 - PKS Automation/Common/Reference Number Setter' successfully

2018-12-17 15:38:52 - [TEST_STEP][PASSED] - waitForElementClickable: Object 'Object Repository/Final Object Repo/New Registration - Registration Module Pages/Third Screen - Upload Supporting Doc- Preview/Save n Continue in SIP Employee Listing Page' is clickable

2018-12-17 15:38:52 - [MESSAGE][PASSED] - Object 'Object Repository/Final Object Repo/New Registration - Registration Module Pages/Third Screen - Upload Supporting Doc- Preview/Save n Continue in SIP Employee Listing Page' is clickable

2018-12-17 15:38:52 - [TEST_STEP][PASSED] - click: Object: 'Object Repository/Final Object Repo/New Registration - Registration Module Pages/Third Screen - Upload Supporting Doc- Preview/Save n Continue in SIP Employee Listing Page' is clicked on

2018-12-17 15:38:58 - [MESSAGE][PASSED] - Object: 'Object Repository/Final Object Repo/New Registration - Registration Module Pages/Third Screen - Upload Supporting Doc- Preview/Save n Continue in SIP Employee Listing Page' is clicked on

2018-12-17 15:38:58 - [TEST_STEP][PASSED] - delay: Delayed 7 second(s)

2018-12-17 15:39:05 - [MESSAGE][PASSED] - Delayed 7 second(s)

2018-12-17 15:39:05 - [TEST_STEP][PASSED] - click: Object: 'Object Repository/Final Object Repo/New Registration - Registration Module Pages/Third Screen - Upload Supporting Doc- Preview/Add Document Button' is clicked on

2018-12-17 15:39:05 - [MESSAGE][PASSED] - Object: 'Object Repository/Final Object Repo/New Registration - Registration Module Pages/Third Screen - Upload Supporting Doc- Preview/Add Document Button' is clicked on

2018-12-17 15:39:05 - [TEST_STEP][PASSED] - delay: Delayed 30 second(s)

2018-12-17 15:39:35 - [MESSAGE][PASSED] - Delayed 30 second(s)

2018-12-17 15:39:35 - [TEST_STEP][PASSED] - click: Object: 'Object Repository/Final Object Repo/New Registration - Registration Module Pages/Third Screen - Upload Supporting Doc- Preview/Supporting Doc Please Select Drop Down' is clicked on

2018-12-17 15:39:36 - [MESSAGE][PASSED] - Object: 'Object Repository/Final Object Repo/New Registration - Registration Module Pages/Third Screen - Upload Supporting Doc- Preview/Supporting Doc Please Select Drop Down' is clicked on

2018-12-17 15:39:36 - [TEST_STEP][PASSED] - delay: Delayed 2 second(s)

2018-12-17 15:39:38 - [MESSAGE][PASSED] - Delayed 2 second(s)

2018-12-17 15:39:38 - [TEST_STEP][PASSED] - click: Object: 'Object Repository/Final Object Repo/New Registration - Registration Module Pages/Third Screen - Upload Supporting Doc- Preview/Select to Upload Form 1' is clicked on

2018-12-17 15:39:38 - [MESSAGE][PASSED] - Object: 'Object Repository/Final Object Repo/New Registration - Registration Module Pages/Third Screen - Upload Supporting Doc- Preview/Select to Upload Form 1' is clicked on

2018-12-17 15:39:38 - [TEST_STEP][PASSED] - delay: Delayed 2 second(s)

2018-12-17 15:39:40 - [MESSAGE][PASSED] - Delayed 2 second(s)

2018-12-17 15:39:40 - [TEST_STEP][PASSED] - uploadFile: File 'C:\Users\Public\Pictures\Sample Pictures\Koala.jpg' sent to object: 'Object Repository/Final Object Repo/New Registration - Registration Module Pages/Third Screen - Upload Supporting Doc- Preview/Upload File Adding'

2018-12-17 15:39:40 - [MESSAGE][PASSED] - File 'C:\Users\Public\Pictures\Sample Pictures\Koala.jpg' sent to object: 'Object Repository/Final Object Repo/New Registration - Registration Module Pages/Third Screen - Upload Supporting Doc- Preview/Upload File Adding'

2018-12-17 15:39:40 - [TEST_STEP][PASSED] - delay: Delayed 5 second(s)

2018-12-17 15:39:45 - [MESSAGE][PASSED] - Delayed 5 second(s)

2018-12-17 15:39:45 - [TEST_STEP][PASSED] - click: Object: 'Object Repository/Final Object Repo/New Registration - Registration Module Pages/Third Screen - Upload Supporting Doc- Preview/Inner Form Add Document Button' is clicked on

2018-12-17 15:39:45 - [MESSAGE][PASSED] - Object: 'Object Repository/Final Object Repo/New Registration - Registration Module Pages/Third Screen - Upload Supporting Doc- Preview/Inner Form Add Document Button' is clicked on

2018-12-17 15:39:45 - [TEST_STEP][PASSED] - delay: Delayed 3 second(s)

2018-12-17 15:39:48 - [MESSAGE][PASSED] - Delayed 3 second(s)

2018-12-17 15:39:48 - [TEST_STEP][PASSED] - click: Object: 'Object Repository/Final Object Repo/New Registration - Registration Module Pages/Third Screen - Upload Supporting Doc- Preview/Add Document Button' is clicked on

2018-12-17 15:39:50 - [MESSAGE][PASSED] - Object: 'Object Repository/Final Object Repo/New Registration - Registration Module Pages/Third Screen - Upload Supporting Doc- Preview/Add Document Button' is clicked on

2018-12-17 15:39:50 - [TEST_STEP][PASSED] - delay: Delayed 30 second(s)

2018-12-17 15:40:20 - [MESSAGE][PASSED] - Delayed 30 second(s)

2018-12-17 15:40:20 - [TEST_STEP][PASSED] - click: Object: 'Object Repository/Final Object Repo/New Registration - Registration Module Pages/Third Screen - Upload Supporting Doc- Preview/Supporting Doc Please Select Drop Down' is clicked on

2018-12-17 15:40:20 - [MESSAGE][PASSED] - Object: 'Object Repository/Final Object Repo/New Registration - Registration Module Pages/Third Screen - Upload Supporting Doc- Preview/Supporting Doc Please Select Drop Down' is clicked on

2018-12-17 15:40:20 - [TEST_STEP][PASSED] - delay: Delayed 4 second(s)

2018-12-17 15:40:24 - [MESSAGE][PASSED] - Delayed 4 second(s)

2018-12-17 15:40:24 - [TEST_STEP][PASSED] - click: Object: 'Object Repository/Final Object Repo/New Registration - Registration Module Pages/Third Screen - Upload Supporting Doc- Preview/Select to Upload Form 2' is clicked on

2018-12-17 15:40:24 - [MESSAGE][PASSED] - Object: 'Object Repository/Final Object Repo/New Registration - Registration Module Pages/Third Screen - Upload Supporting Doc- Preview/Select to Upload Form 2' is clicked on

2018-12-17 15:40:24 - [TEST_STEP][PASSED] - delay: Delayed 2 second(s)

2018-12-17 15:40:26 - [MESSAGE][PASSED] - Delayed 2 second(s)

2018-12-17 15:40:26 - [TEST_STEP][PASSED] - uploadFile: File 'C:\Users\Public\Pictures\Sample Pictures\Koala.jpg' sent to object: 'Object Repository/Final Object Repo/New Registration - Registration Module Pages/Third Screen - Upload Supporting Doc- Preview/Upload File Adding'

2018-12-17 15:40:26 - [MESSAGE][PASSED] - File 'C:\Users\Public\Pictures\Sample Pictures\Koala.jpg' sent to object: 'Object Repository/Final Object Repo/New Registration - Registration Module Pages/Third Screen - Upload Supporting Doc- Preview/Upload File Adding'

2018-12-17 15:40:26 - [TEST_STEP][PASSED] - click: Object: 'Object Repository/Final Object Repo/New Registration - Registration Module Pages/Third Screen - Upload Supporting Doc- Preview/Inner Form Add Document Button' is clicked on

2018-12-17 15:40:26 - [MESSAGE][PASSED] - Object: 'Object Repository/Final Object Repo/New Registration - Registration Module Pages/Third Screen - Upload Supporting Doc- Preview/Inner Form Add Document Button' is clicked on

2018-12-17 15:40:26 - [TEST_STEP][PASSED] - delay: Delayed 5 second(s)

2018-12-17 15:40:31 - [MESSAGE][PASSED] - Delayed 5 second(s)

2018-12-17 15:40:31 - [TEST_STEP][PASSED] - click: Object: 'Object Repository/Final Object Repo/New Registration - Registration Module Pages/Third Screen - Upload Supporting Doc- Preview/Add Document Button' is clicked on

2018-12-17 15:40:32 - [MESSAGE][PASSED] - Object: 'Object Repository/Final Object Repo/New Registration - Registration Module Pages/Third Screen - Upload Supporting Doc- Preview/Add Document Button' is clicked on

2018-12-17 15:40:32 - [TEST_STEP][PASSED] - delay: Delayed 30 second(s)

2018-12-17 15:41:02 - [MESSAGE][PASSED] - Delayed 30 second(s)

2018-12-17 15:41:02 - [TEST_STEP][PASSED] - click: Object: 'Object Repository/Final Object Repo/New Registration - Registration Module Pages/Third Screen - Upload Supporting Doc- Preview/Supporting Doc Please Select Drop Down' is clicked on

2018-12-17 15:41:02 - [MESSAGE][PASSED] - Object: 'Object Repository/Final Object Repo/New Registration - Registration Module Pages/Third Screen - Upload Supporting Doc- Preview/Supporting Doc Please Select Drop Down' is clicked on

2018-12-17 15:41:02 - [TEST_STEP][PASSED] - click: Object: 'Object Repository/Final Object Repo/New Registration - Registration Module Pages/Third Screen - Upload Supporting Doc- Preview/Select to Upload Borang SIP 1' is clicked on

2018-12-17 15:41:02 - [MESSAGE][PASSED] - Object: 'Object Repository/Final Object Repo/New Registration - Registration Module Pages/Third Screen - Upload Supporting Doc- Preview/Select to Upload Borang SIP 1' is clicked on

2018-12-17 15:41:02 - [TEST_STEP][PASSED] - delay: Delayed 2 second(s)

2018-12-17 15:41:04 - [MESSAGE][PASSED] - Delayed 2 second(s)

2018-12-17 15:41:04 - [TEST_STEP][PASSED] - uploadFile: File 'C:\Users\Public\Pictures\Sample Pictures\Koala.jpg' sent to object: 'Object Repository/Final Object Repo/New Registration - Registration Module Pages/Third Screen - Upload Supporting Doc- Preview/Upload File Adding'

2018-12-17 15:41:04 - [MESSAGE][PASSED] - File 'C:\Users\Public\Pictures\Sample Pictures\Koala.jpg' sent to object: 'Object Repository/Final Object Repo/New Registration - Registration Module Pages/Third Screen - Upload Supporting Doc- Preview/Upload File Adding'

2018-12-17 15:41:04 - [TEST_STEP][PASSED] - click: Object: 'Object Repository/Final Object Repo/New Registration - Registration Module Pages/Third Screen - Upload Supporting Doc- Preview/Inner Form Add Document Button' is clicked on

2018-12-17 15:41:04 - [MESSAGE][PASSED] - Object: 'Object Repository/Final Object Repo/New Registration - Registration Module Pages/Third Screen - Upload Supporting Doc- Preview/Inner Form Add Document Button' is clicked on

2018-12-17 15:41:04 - [TEST_STEP][PASSED] - delay: Delayed 5 second(s)

2018-12-17 15:41:09 - [MESSAGE][PASSED] - Delayed 5 second(s)

2018-12-17 15:41:09 - [TEST_STEP][PASSED] - click: Object: 'Object Repository/Final Object Repo/New Registration - Registration Module Pages/Third Screen - Upload Supporting Doc- Preview/Add Document Button' is clicked on

2018-12-17 15:41:10 - [MESSAGE][PASSED] - Object: 'Object Repository/Final Object Repo/New Registration - Registration Module Pages/Third Screen - Upload Supporting Doc- Preview/Add Document Button' is clicked on

2018-12-17 15:41:10 - [TEST_STEP][PASSED] - delay: Delayed 30 second(s)

2018-12-17 15:41:40 - [MESSAGE][PASSED] - Delayed 30 second(s)

2018-12-17 15:41:40 - [TEST_STEP][PASSED] - click: Object: 'Object Repository/Final Object Repo/New Registration - Registration Module Pages/Third Screen - Upload Supporting Doc- Preview/Supporting Doc Please Select Drop Down' is clicked on

2018-12-17 15:41:40 - [MESSAGE][PASSED] - Object: 'Object Repository/Final Object Repo/New Registration - Registration Module Pages/Third Screen - Upload Supporting Doc- Preview/Supporting Doc Please Select Drop Down' is clicked on

2018-12-17 15:41:40 - [TEST_STEP][PASSED] - delay: Delayed 3 second(s)

2018-12-17 15:41:43 - [MESSAGE][PASSED] - Delayed 3 second(s)

2018-12-17 15:41:43 - [TEST_STEP][PASSED] - click: Object: 'Object Repository/Final Object Repo/New Registration - Registration Module Pages/Third Screen - Upload Supporting Doc- Preview/Select to Upload Borang SIP 2' is clicked on

2018-12-17 15:41:43 - [MESSAGE][PASSED] - Object: 'Object Repository/Final Object Repo/New Registration - Registration Module Pages/Third Screen - Upload Supporting Doc- Preview/Select to Upload Borang SIP 2' is clicked on

2018-12-17 15:41:43 - [TEST_STEP][PASSED] - delay: Delayed 2 second(s)

2018-12-17 15:41:45 - [MESSAGE][PASSED] - Delayed 2 second(s)

2018-12-17 15:41:45 - [TEST_STEP][PASSED] - uploadFile: File 'C:\Users\Public\Pictures\Sample Pictures\Koala.jpg' sent to object: 'Object Repository/Final Object Repo/New Registration - Registration Module Pages/Third Screen - Upload Supporting Doc- Preview/Upload File Adding'

2018-12-17 15:41:45 - [MESSAGE][PASSED] - File 'C:\Users\Public\Pictures\Sample Pictures\Koala.jpg' sent to object: 'Object Repository/Final Object Repo/New Registration - Registration Module Pages/Third Screen - Upload Supporting Doc- Preview/Upload File Adding'

2018-12-17 15:41:45 - [TEST_STEP][PASSED] - delay: Delayed 5 second(s)

2018-12-17 15:41:50 - [MESSAGE][PASSED] - Delayed 5 second(s)

2018-12-17 15:41:50 - [TEST_STEP][PASSED] - click: Object: 'Object Repository/Final Object Repo/New Registration - Registration Module Pages/Third Screen - Upload Supporting Doc- Preview/Inner Form Add Document Button' is clicked on

2018-12-17 15:41:50 - [MESSAGE][PASSED] - Object: 'Object Repository/Final Object Repo/New Registration - Registration Module Pages/Third Screen - Upload Supporting Doc- Preview/Inner Form Add Document Button' is clicked on

2018-12-17 15:41:50 - [TEST_STEP][PASSED] - delay: Delayed 3 second(s)

2018-12-17 15:41:53 - [MESSAGE][PASSED] - Delayed 3 second(s)

2018-12-17 15:41:53 - [TEST_STEP][PASSED] - waitForElementClickable: Object 'Object Repository/Final Object Repo/New Registration - Registration Module Pages/Third Screen - Upload Supporting Doc- Preview/Save n Continue in Uploading Supporting Doc Page' is clickable

2018-12-17 15:41:55 - [MESSAGE][PASSED] - Object 'Object Repository/Final Object Repo/New Registration - Registration Module Pages/Third Screen - Upload Supporting Doc- Preview/Save n Continue in Uploading Supporting Doc Page' is clickable

2018-12-17 15:41:55 - [TEST_STEP][PASSED] - click: Object: 'Object Repository/Final Object Repo/New Registration - Registration Module Pages/Third Screen - Upload Supporting Doc- Preview/Save n Continue in Uploading Supporting Doc Page' is clicked on

2018-12-17 15:41:55 - [MESSAGE][PASSED] - Object: 'Object Repository/Final Object Repo/New Registration - Registration Module Pages/Third Screen - Upload Supporting Doc- Preview/Save n Continue in Uploading Supporting Doc Page' is clicked on

2018-12-17 15:41:55 - [MESSAGE][PASSED] - Call Test Case 'Test Cases/Final Aug 2018 - PKS Automation/Registration Module/New Registration/Flow of New Registration/Third Screen - Upload Supporting Doc - Preview' successfully

2018-12-17 15:41:55 - [TEST_STEP][PASSED] - setText: Text 'Tester' is set on object 'Object Repository/Final Object Repo/New Registration - Registration Module Pages/New Reg - OTC to RO/Special Case - All Related Objects/Employer Preview Name'

2018-12-17 15:42:00 - [MESSAGE][PASSED] - Text 'Tester' is set on object 'Object Repository/Final Object Repo/New Registration - Registration Module Pages/New Reg - OTC to RO/Special Case - All Related Objects/Employer Preview Name'

2018-12-17 15:42:00 - [TEST_STEP][PASSED] - click: Object: 'Object Repository/Final Object Repo/New Registration - Registration Module Pages/New Reg - OTC to RO/Special Case - All Related Objects/IC Type Drop Down' is clicked on

2018-12-17 15:42:00 - [MESSAGE][PASSED] - Object: 'Object Repository/Final Object Repo/New Registration - Registration Module Pages/New Reg - OTC to RO/Special Case - All Related Objects/IC Type Drop Down' is clicked on

2018-12-17 15:42:00 - [TEST_STEP][PASSED] - click: Object: 'Object Repository/Final Object Repo/New Registration - Registration Module Pages/New Reg - OTC to RO/Special Case - All Related Objects/Select to NRIC' is clicked on

2018-12-17 15:42:00 - [MESSAGE][PASSED] - Object: 'Object Repository/Final Object Repo/New Registration - Registration Module Pages/New Reg - OTC to RO/Special Case - All Related Objects/Select to NRIC' is clicked on

2018-12-17 15:42:00 - [TEST_STEP][PASSED] - setText: Text '133245561223' is set on object 'Object Repository/Final Object Repo/New Registration - Registration Module Pages/New Reg - OTC to RO/Special Case - All Related Objects/IC Value'

2018-12-17 15:42:00 - [MESSAGE][PASSED] - Text '133245561223' is set on object 'Object Repository/Final Object Repo/New Registration - Registration Module Pages/New Reg - OTC to RO/Special Case - All Related Objects/IC Value'

2018-12-17 15:42:00 - [TEST_STEP][PASSED] - setText: Text 'Auto' is set on object 'Object Repository/Final Object Repo/New Registration - Registration Module Pages/New Reg - OTC to RO/Special Case - All Related Objects/Designation'

2018-12-17 15:42:01 - [MESSAGE][PASSED] - Text 'Auto' is set on object 'Object Repository/Final Object Repo/New Registration - Registration Module Pages/New Reg - OTC to RO/Special Case - All Related Objects/Designation'

2018-12-17 15:42:01 - [TEST_STEP][PASSED] - callTestCase: Call Test Case 'Test Cases/Final Aug 2018 - PKS Automation/Registration Module/New Registration/Submit and Screenshot/Submit Registration and Screenshot - Copy' successfully

2018-12-17 15:42:01 - [TEST_CASE][PASSED] - Test Cases/Final Aug 2018 - PKS Automation/Registration Module/New Registration/Submit and Screenshot/Submit Registration and Screenshot - Copy: Test Cases/Final Aug 2018 - PKS Automation/Registration Module/New Registration/Submit and Screenshot/Submit Registration and Screenshot - Copy

2018-12-17 15:42:01 - [TEST_STEP][PASSED] - delay: Delayed 6 second(s)

2018-12-17 15:42:07 - [MESSAGE][PASSED] - Delayed 6 second(s)

2018-12-17 15:42:07 - [TEST_STEP][PASSED] - click: Object: 'Object Repository/Final Object Repo/New Registration - Registration Module Pages/Third Screen - Upload Supporting Doc- Preview/Preview Submit Button' is clicked on

2018-12-17 15:42:07 - [MESSAGE][PASSED] - Object: 'Object Repository/Final Object Repo/New Registration - Registration Module Pages/Third Screen - Upload Supporting Doc- Preview/Preview Submit Button' is clicked on

2018-12-17 15:42:07 - [TEST_STEP][PASSED] - delay: Delayed 2 second(s)

2018-12-17 15:42:09 - [MESSAGE][PASSED] - Delayed 2 second(s)

2018-12-17 15:42:09 - [TEST_STEP][PASSED] - click: Object: 'Object Repository/Final Object Repo/New Registration - Registration Module Pages/Third Screen - Upload Supporting Doc- Preview/Preview Submit - Confirm' is clicked on

2018-12-17 15:42:10 - [MESSAGE][PASSED] - Object: 'Object Repository/Final Object Repo/New Registration - Registration Module Pages/Third Screen - Upload Supporting Doc- Preview/Preview Submit - Confirm' is clicked on

2018-12-17 15:42:10 - [TEST_STEP][PASSED] - delay: Delayed 15 second(s)

2018-12-17 15:42:25 - [MESSAGE][PASSED] - Delayed 15 second(s)

2018-12-17 15:42:25 - [TEST_STEP][PASSED] - Statement - driver = com.kms.katalon.core.webui.driver.DriverFactory.getWebDriver(): null

2018-12-17 15:42:25 - [TEST_STEP][PASSED] - Statement - driver.manage().timeouts().implicitlyWait(10, SECONDS): null

2018-12-17 15:42:25 - [TEST_STEP][PASSED] - Statement - PresavePath = KatalonScreenshots: null

2018-12-17 15:42:25 - [TEST_STEP][PASSED] - Statement - pathPrefix = "C:\Users\Public\Pictures\Sample Pictures\Katalon Screenshots\Automate Ending Screen": null

2018-12-17 15:42:25 - [TEST_STEP][PASSED] - Statement - finalPath = <not implemented yet for class: org.codehaus.groovy.ast.expr.EmptyExpression>: null

2018-12-17 15:42:25 - [TEST_STEP][PASSED] - Statement - scrFile = driver.getScreenshotAs(FILE): null

2018-12-17 15:42:25 - [TEST_STEP][PASSED] - Statement - PreSaveFile = new java.io.File(PresavePath): null

2018-12-17 15:42:25 - [TEST_STEP][PASSED] - Statement - counter = 0: null

2018-12-17 15:42:25 - [TEST_STEP][PASSED] - Statement - If (PreSaveFile.exists()): null

2018-12-17 15:42:25 - [TEST_STEP][PASSED] - Statement - While (PreSaveFile.exists()): null

2018-12-17 15:42:25 - [TEST_STEP][PASSED] - Statement - counter = counter + 1: null

2018-12-17 15:42:25 - [TEST_STEP][PASSED] - Statement - PreSaveFile = new java.io.File(((pathPrefix + java.lang.Integer.toString(counter)) + .png)): null

2018-12-17 15:42:25 - [TEST_STEP][PASSED] - Statement - counter = counter + 1: null

2018-12-17 15:42:25 - [TEST_STEP][PASSED] - Statement - PreSaveFile = new java.io.File(((pathPrefix + java.lang.Integer.toString(counter)) + .png)): null

2018-12-17 15:42:25 - [TEST_STEP][PASSED] - Statement - counter = counter + 1: null

2018-12-17 15:42:25 - [TEST_STEP][PASSED] - Statement - PreSaveFile = new java.io.File(((pathPrefix + java.lang.Integer.toString(counter)) + .png)): null

2018-12-17 15:42:25 - [TEST_STEP][PASSED] - Statement - counter = counter + 1: null

2018-12-17 15:42:25 - [TEST_STEP][PASSED] - Statement - PreSaveFile = new java.io.File(((pathPrefix + java.lang.Integer.toString(counter)) + .png)): null

2018-12-17 15:42:25 - [TEST_STEP][PASSED] - Statement - counter = counter + 1: null

2018-12-17 15:42:25 - [TEST_STEP][PASSED] - Statement - PreSaveFile = new java.io.File(((pathPrefix + java.lang.Integer.toString(counter)) + .png)): null

2018-12-17 15:42:25 - [TEST_STEP][PASSED] - Statement - counter = counter + 1: null

2018-12-17 15:42:25 - [TEST_STEP][PASSED] - Statement - PreSaveFile = new java.io.File(((pathPrefix + java.lang.Integer.toString(counter)) + .png)): null

2018-12-17 15:42:25 - [TEST_STEP][PASSED] - Statement - counter = counter + 1: null

2018-12-17 15:42:25 - [TEST_STEP][PASSED] - Statement - PreSaveFile = new java.io.File(((pathPrefix + java.lang.Integer.toString(counter)) + .png)): null

2018-12-17 15:42:25 - [TEST_STEP][PASSED] - Statement - counter = counter + 1: null

2018-12-17 15:42:25 - [TEST_STEP][PASSED] - Statement - PreSaveFile = new java.io.File(((pathPrefix + java.lang.Integer.toString(counter)) + .png)): null

2018-12-17 15:42:25 - [TEST_STEP][PASSED] - Statement - counter = counter + 1: null

2018-12-17 15:42:25 - [TEST_STEP][PASSED] - Statement - PreSaveFile = new java.io.File(((pathPrefix + java.lang.Integer.toString(counter)) + .png)): null

2018-12-17 15:42:25 - [TEST_STEP][PASSED] - Statement - counter = counter + 1: null

2018-12-17 15:42:25 - [TEST_STEP][PASSED] - Statement - PreSaveFile = new java.io.File(((pathPrefix + java.lang.Integer.toString(counter)) + .png)): null

2018-12-17 15:42:25 - [TEST_STEP][PASSED] - Statement - counter = counter + 1: null

2018-12-17 15:42:25 - [TEST_STEP][PASSED] - Statement - PreSaveFile = new java.io.File(((pathPrefix + java.lang.Integer.toString(counter)) + .png)): null

2018-12-17 15:42:25 - [TEST_STEP][PASSED] - Statement - counter = counter + 1: null

2018-12-17 15:42:25 - [TEST_STEP][PASSED] - Statement - PreSaveFile = new java.io.File(((pathPrefix + java.lang.Integer.toString(counter)) + .png)): null

2018-12-17 15:42:25 - [TEST_STEP][PASSED] - Statement - counter = counter + 1: null

2018-12-17 15:42:25 - [TEST_STEP][PASSED] - Statement - PreSaveFile = new java.io.File(((pathPrefix + java.lang.Integer.toString(counter)) + .png)): null

2018-12-17 15:42:25 - [TEST_STEP][PASSED] - Statement - counter = counter + 1: null

2018-12-17 15:42:25 - [TEST_STEP][PASSED] - Statement - PreSaveFile = new java.io.File(((pathPrefix + java.lang.Integer.toString(counter)) + .png)): null

2018-12-17 15:42:25 - [TEST_STEP][PASSED] - Statement - counter = counter + 1: null

2018-12-17 15:42:25 - [TEST_STEP][PASSED] - Statement - PreSaveFile = new java.io.File(((pathPrefix + java.lang.Integer.toString(counter)) + .png)): null

2018-12-17 15:42:25 - [TEST_STEP][PASSED] - Statement - counter = counter + 1: null

2018-12-17 15:42:25 - [TEST_STEP][PASSED] - Statement - PreSaveFile = new java.io.File(((pathPrefix + java.lang.Integer.toString(counter)) + .png)): null

2018-12-17 15:42:25 - [TEST_STEP][PASSED] - Statement - counter = counter + 1: null

2018-12-17 15:42:25 - [TEST_STEP][PASSED] - Statement - PreSaveFile = new java.io.File(((pathPrefix + java.lang.Integer.toString(counter)) + .png)): null

2018-12-17 15:42:25 - [TEST_STEP][PASSED] - Statement - counter = counter + 1: null

2018-12-17 15:42:25 - [TEST_STEP][PASSED] - Statement - PreSaveFile = new java.io.File(((pathPrefix + java.lang.Integer.toString(counter)) + .png)): null

2018-12-17 15:42:26 - [TEST_STEP][PASSED] - Statement - counter = counter + 1: null

2018-12-17 15:42:26 - [TEST_STEP][PASSED] - Statement - PreSaveFile = new java.io.File(((pathPrefix + java.lang.Integer.toString(counter)) + .png)): null

2018-12-17 15:42:26 - [TEST_STEP][PASSED] - Statement - counter = counter + 1: null

2018-12-17 15:42:26 - [TEST_STEP][PASSED] - Statement - PreSaveFile = new java.io.File(((pathPrefix + java.lang.Integer.toString(counter)) + .png)): null

2018-12-17 15:42:26 - [TEST_STEP][PASSED] - Statement - counter = counter + 1: null

2018-12-17 15:42:26 - [TEST_STEP][PASSED] - Statement - PreSaveFile = new java.io.File(((pathPrefix + java.lang.Integer.toString(counter)) + .png)): null

2018-12-17 15:42:26 - [TEST_STEP][PASSED] - Statement - counter = counter + 1: null

2018-12-17 15:42:26 - [TEST_STEP][PASSED] - Statement - PreSaveFile = new java.io.File(((pathPrefix + java.lang.Integer.toString(counter)) + .png)): null

2018-12-17 15:42:26 - [TEST_STEP][PASSED] - Statement - counter = counter + 1: null

2018-12-17 15:42:26 - [TEST_STEP][PASSED] - Statement - PreSaveFile = new java.io.File(((pathPrefix + java.lang.Integer.toString(counter)) + .png)): null

2018-12-17 15:42:26 - [TEST_STEP][PASSED] - Statement - counter = counter + 1: null

2018-12-17 15:42:26 - [TEST_STEP][PASSED] - Statement - PreSaveFile = new java.io.File(((pathPrefix + java.lang.Integer.toString(counter)) + .png)): null

2018-12-17 15:42:26 - [TEST_STEP][PASSED] - Statement - counter = counter + 1: null

2018-12-17 15:42:26 - [TEST_STEP][PASSED] - Statement - PreSaveFile = new java.io.File(((pathPrefix + java.lang.Integer.toString(counter)) + .png)): null

2018-12-17 15:42:26 - [TEST_STEP][PASSED] - Statement - counter = counter + 1: null

2018-12-17 15:42:26 - [TEST_STEP][PASSED] - Statement - PreSaveFile = new java.io.File(((pathPrefix + java.lang.Integer.toString(counter)) + .png)): null

2018-12-17 15:42:26 - [TEST_STEP][PASSED] - Statement - counter = counter + 1: null

2018-12-17 15:42:26 - [TEST_STEP][PASSED] - Statement - PreSaveFile = new java.io.File(((pathPrefix + java.lang.Integer.toString(counter)) + .png)): null

2018-12-17 15:42:26 - [TEST_STEP][PASSED] - Statement - counter = counter + 1: null

2018-12-17 15:42:26 - [TEST_STEP][PASSED] - Statement - PreSaveFile = new java.io.File(((pathPrefix + java.lang.Integer.toString(counter)) + .png)): null

2018-12-17 15:42:26 - [TEST_STEP][PASSED] - Statement - counter = counter + 1: null

2018-12-17 15:42:26 - [TEST_STEP][PASSED] - Statement - PreSaveFile = new java.io.File(((pathPrefix + java.lang.Integer.toString(counter)) + .png)): null

2018-12-17 15:42:26 - [TEST_STEP][PASSED] - Statement - counter = counter + 1: null

2018-12-17 15:42:26 - [TEST_STEP][PASSED] - Statement - PreSaveFile = new java.io.File(((pathPrefix + java.lang.Integer.toString(counter)) + .png)): null

2018-12-17 15:42:26 - [TEST_STEP][PASSED] - Statement - counter = counter + 1: null

2018-12-17 15:42:26 - [TEST_STEP][PASSED] - Statement - PreSaveFile = new java.io.File(((pathPrefix + java.lang.Integer.toString(counter)) + .png)): null

2018-12-17 15:42:26 - [TEST_STEP][PASSED] - Statement - counter = counter + 1: null

2018-12-17 15:42:26 - [TEST_STEP][PASSED] - Statement - PreSaveFile = new java.io.File(((pathPrefix + java.lang.Integer.toString(counter)) + .png)): null

2018-12-17 15:42:26 - [TEST_STEP][PASSED] - Statement - counter = counter + 1: null

2018-12-17 15:42:26 - [TEST_STEP][PASSED] - Statement - PreSaveFile = new java.io.File(((pathPrefix + java.lang.Integer.toString(counter)) + .png)): null

2018-12-17 15:42:27 - [TEST_STEP][PASSED] - Statement - counter = counter + 1: null

2018-12-17 15:42:27 - [TEST_STEP][PASSED] - Statement - PreSaveFile = new java.io.File(((pathPrefix + java.lang.Integer.toString(counter)) + .png)): null

2018-12-17 15:42:27 - [TEST_STEP][PASSED] - Statement - counter = counter + 1: null

2018-12-17 15:42:27 - [TEST_STEP][PASSED] - Statement - PreSaveFile = new java.io.File(((pathPrefix + java.lang.Integer.toString(counter)) + .png)): null

2018-12-17 15:42:27 - [TEST_STEP][PASSED] - Statement - counter = counter + 1: null

2018-12-17 15:42:27 - [TEST_STEP][PASSED] - Statement - PreSaveFile = new java.io.File(((pathPrefix + java.lang.Integer.toString(counter)) + .png)): null

2018-12-17 15:42:27 - [TEST_STEP][PASSED] - Statement - counter = counter + 1: null

2018-12-17 15:42:27 - [TEST_STEP][PASSED] - Statement - PreSaveFile = new java.io.File(((pathPrefix + java.lang.Integer.toString(counter)) + .png)): null

2018-12-17 15:42:27 - [TEST_STEP][PASSED] - Statement - counter = counter + 1: null

2018-12-17 15:42:27 - [TEST_STEP][PASSED] - Statement - PreSaveFile = new java.io.File(((pathPrefix + java.lang.Integer.toString(counter)) + .png)): null

2018-12-17 15:42:27 - [TEST_STEP][PASSED] - Statement - counter = counter + 1: null

2018-12-17 15:42:27 - [TEST_STEP][PASSED] - Statement - PreSaveFile = new java.io.File(((pathPrefix + java.lang.Integer.toString(counter)) + .png)): null

2018-12-17 15:42:27 - [TEST_STEP][PASSED] - Statement - counter = counter + 1: null

2018-12-17 15:42:27 - [TEST_STEP][PASSED] - Statement - PreSaveFile = new java.io.File(((pathPrefix + java.lang.Integer.toString(counter)) + .png)): null

2018-12-17 15:42:27 - [TEST_STEP][PASSED] - Statement - counter = counter + 1: null

2018-12-17 15:42:27 - [TEST_STEP][PASSED] - Statement - PreSaveFile = new java.io.File(((pathPrefix + java.lang.Integer.toString(counter)) + .png)): null

2018-12-17 15:42:27 - [TEST_STEP][PASSED] - Statement - counter = counter + 1: null

2018-12-17 15:42:27 - [TEST_STEP][PASSED] - Statement - PreSaveFile = new java.io.File(((pathPrefix + java.lang.Integer.toString(counter)) + .png)): null

2018-12-17 15:42:27 - [TEST_STEP][PASSED] - Statement - counter = counter + 1: null

2018-12-17 15:42:27 - [TEST_STEP][PASSED] - Statement - PreSaveFile = new java.io.File(((pathPrefix + java.lang.Integer.toString(counter)) + .png)): null

2018-12-17 15:42:27 - [TEST_STEP][PASSED] - Statement - counter = counter + 1: null

2018-12-17 15:42:27 - [TEST_STEP][PASSED] - Statement - PreSaveFile = new java.io.File(((pathPrefix + java.lang.Integer.toString(counter)) + .png)): null

2018-12-17 15:42:27 - [TEST_STEP][PASSED] - Statement - counter = counter + 1: null

2018-12-17 15:42:27 - [TEST_STEP][PASSED] - Statement - PreSaveFile = new java.io.File(((pathPrefix + java.lang.Integer.toString(counter)) + .png)): null

2018-12-17 15:42:27 - [TEST_STEP][PASSED] - Statement - counter = counter + 1: null

2018-12-17 15:42:27 - [TEST_STEP][PASSED] - Statement - PreSaveFile = new java.io.File(((pathPrefix + java.lang.Integer.toString(counter)) + .png)): null

2018-12-17 15:42:27 - [TEST_STEP][PASSED] - Statement - counter = counter + 1: null

2018-12-17 15:42:27 - [TEST_STEP][PASSED] - Statement - PreSaveFile = new java.io.File(((pathPrefix + java.lang.Integer.toString(counter)) + .png)): null

2018-12-17 15:42:27 - [TEST_STEP][PASSED] - Statement - counter = counter + 1: null

2018-12-17 15:42:27 - [TEST_STEP][PASSED] - Statement - PreSaveFile = new java.io.File(((pathPrefix + java.lang.Integer.toString(counter)) + .png)): null

2018-12-17 15:42:28 - [TEST_STEP][PASSED] - Statement - counter = counter + 1: null

2018-12-17 15:42:28 - [TEST_STEP][PASSED] - Statement - PreSaveFile = new java.io.File(((pathPrefix + java.lang.Integer.toString(counter)) + .png)): null

2018-12-17 15:42:28 - [TEST_STEP][PASSED] - Statement - counter = counter + 1: null

2018-12-17 15:42:28 - [TEST_STEP][PASSED] - Statement - PreSaveFile = new java.io.File(((pathPrefix + java.lang.Integer.toString(counter)) + .png)): null

2018-12-17 15:42:28 - [TEST_STEP][PASSED] - Statement - counter = counter + 1: null

2018-12-17 15:42:28 - [TEST_STEP][PASSED] - Statement - PreSaveFile = new java.io.File(((pathPrefix + java.lang.Integer.toString(counter)) + .png)): null

2018-12-17 15:42:28 - [TEST_STEP][PASSED] - Statement - counter = counter + 1: null

2018-12-17 15:42:28 - [TEST_STEP][PASSED] - Statement - PreSaveFile = new java.io.File(((pathPrefix + java.lang.Integer.toString(counter)) + .png)): null

2018-12-17 15:42:28 - [TEST_STEP][PASSED] - Statement - counter = counter + 1: null

2018-12-17 15:42:28 - [TEST_STEP][PASSED] - Statement - PreSaveFile = new java.io.File(((pathPrefix + java.lang.Integer.toString(counter)) + .png)): null

2018-12-17 15:42:28 - [TEST_STEP][PASSED] - Statement - counter = counter + 1: null

2018-12-17 15:42:28 - [TEST_STEP][PASSED] - Statement - PreSaveFile = new java.io.File(((pathPrefix + java.lang.Integer.toString(counter)) + .png)): null

2018-12-17 15:42:28 - [TEST_STEP][PASSED] - Statement - counter = counter + 1: null

2018-12-17 15:42:28 - [TEST_STEP][PASSED] - Statement - PreSaveFile = new java.io.File(((pathPrefix + java.lang.Integer.toString(counter)) + .png)): null

2018-12-17 15:42:28 - [TEST_STEP][PASSED] - Statement - counter = counter + 1: null

2018-12-17 15:42:28 - [TEST_STEP][PASSED] - Statement - PreSaveFile = new java.io.File(((pathPrefix + java.lang.Integer.toString(counter)) + .png)): null

2018-12-17 15:42:28 - [TEST_STEP][PASSED] - Statement - counter = counter + 1: null

2018-12-17 15:42:28 - [TEST_STEP][PASSED] - Statement - PreSaveFile = new java.io.File(((pathPrefix + java.lang.Integer.toString(counter)) + .png)): null

2018-12-17 15:42:28 - [TEST_STEP][PASSED] - Statement - counter = counter + 1: null

2018-12-17 15:42:28 - [TEST_STEP][PASSED] - Statement - PreSaveFile = new java.io.File(((pathPrefix + java.lang.Integer.toString(counter)) + .png)): null

2018-12-17 15:42:28 - [TEST_STEP][PASSED] - Statement - counter = counter + 1: null

2018-12-17 15:42:28 - [TEST_STEP][PASSED] - Statement - PreSaveFile = new java.io.File(((pathPrefix + java.lang.Integer.toString(counter)) + .png)): null

2018-12-17 15:42:28 - [TEST_STEP][PASSED] - Statement - counter = counter + 1: null

2018-12-17 15:42:28 - [TEST_STEP][PASSED] - Statement - PreSaveFile = new java.io.File(((pathPrefix + java.lang.Integer.toString(counter)) + .png)): null

2018-12-17 15:42:28 - [TEST_STEP][PASSED] - Statement - counter = counter + 1: null

2018-12-17 15:42:28 - [TEST_STEP][PASSED] - Statement - PreSaveFile = new java.io.File(((pathPrefix + java.lang.Integer.toString(counter)) + .png)): null

2018-12-17 15:42:28 - [TEST_STEP][PASSED] - Statement - counter = counter + 1: null

2018-12-17 15:42:28 - [TEST_STEP][PASSED] - Statement - PreSaveFile = new java.io.File(((pathPrefix + java.lang.Integer.toString(counter)) + .png)): null

2018-12-17 15:42:28 - [TEST_STEP][PASSED] - Statement - counter = counter + 1: null

2018-12-17 15:42:29 - [TEST_STEP][PASSED] - Statement - PreSaveFile = new java.io.File(((pathPrefix + java.lang.Integer.toString(counter)) + .png)): null

2018-12-17 15:42:29 - [TEST_STEP][PASSED] - Statement - counter = counter + 1: null

2018-12-17 15:42:29 - [TEST_STEP][PASSED] - Statement - PreSaveFile = new java.io.File(((pathPrefix + java.lang.Integer.toString(counter)) + .png)): null

2018-12-17 15:42:29 - [TEST_STEP][PASSED] - Statement - counter = counter + 1: null

2018-12-17 15:42:29 - [TEST_STEP][PASSED] - Statement - PreSaveFile = new java.io.File(((pathPrefix + java.lang.Integer.toString(counter)) + .png)): null

2018-12-17 15:42:29 - [TEST_STEP][PASSED] - Statement - counter = counter + 1: null

2018-12-17 15:42:29 - [TEST_STEP][PASSED] - Statement - PreSaveFile = new java.io.File(((pathPrefix + java.lang.Integer.toString(counter)) + .png)): null

2018-12-17 15:42:29 - [TEST_STEP][PASSED] - Statement - counter = counter + 1: null

2018-12-17 15:42:29 - [TEST_STEP][PASSED] - Statement - PreSaveFile = new java.io.File(((pathPrefix + java.lang.Integer.toString(counter)) + .png)): null

2018-12-17 15:42:29 - [TEST_STEP][PASSED] - Statement - counter = counter + 1: null

2018-12-17 15:42:29 - [TEST_STEP][PASSED] - Statement - PreSaveFile = new java.io.File(((pathPrefix + java.lang.Integer.toString(counter)) + .png)): null

2018-12-17 15:42:29 - [TEST_STEP][PASSED] - Statement - counter = counter + 1: null

2018-12-17 15:42:29 - [TEST_STEP][PASSED] - Statement - PreSaveFile = new java.io.File(((pathPrefix + java.lang.Integer.toString(counter)) + .png)): null

2018-12-17 15:42:29 - [TEST_STEP][PASSED] - Statement - counter = counter + 1: null

2018-12-17 15:42:29 - [TEST_STEP][PASSED] - Statement - PreSaveFile = new java.io.File(((pathPrefix + java.lang.Integer.toString(counter)) + .png)): null

2018-12-17 15:42:29 - [TEST_STEP][PASSED] - Statement - counter = counter + 1: null

2018-12-17 15:42:29 - [TEST_STEP][PASSED] - Statement - PreSaveFile = new java.io.File(((pathPrefix + java.lang.Integer.toString(counter)) + .png)): null

2018-12-17 15:42:29 - [TEST_STEP][PASSED] - Statement - counter = counter + 1: null

2018-12-17 15:42:29 - [TEST_STEP][PASSED] - Statement - PreSaveFile = new java.io.File(((pathPrefix + java.lang.Integer.toString(counter)) + .png)): null

2018-12-17 15:42:29 - [TEST_STEP][PASSED] - Statement - counter = counter + 1: null

2018-12-17 15:42:29 - [TEST_STEP][PASSED] - Statement - PreSaveFile = new java.io.File(((pathPrefix + java.lang.Integer.toString(counter)) + .png)): null

2018-12-17 15:42:29 - [TEST_STEP][PASSED] - Statement - counter = counter + 1: null

2018-12-17 15:42:29 - [TEST_STEP][PASSED] - Statement - PreSaveFile = new java.io.File(((pathPrefix + java.lang.Integer.toString(counter)) + .png)): null

2018-12-17 15:42:29 - [TEST_STEP][PASSED] - Statement - counter = counter + 1: null

2018-12-17 15:42:29 - [TEST_STEP][PASSED] - Statement - PreSaveFile = new java.io.File(((pathPrefix + java.lang.Integer.toString(counter)) + .png)): null

2018-12-17 15:42:29 - [TEST_STEP][PASSED] - Statement - counter = counter + 1: null

2018-12-17 15:42:29 - [TEST_STEP][PASSED] - Statement - PreSaveFile = new java.io.File(((pathPrefix + java.lang.Integer.toString(counter)) + .png)): null

2018-12-17 15:42:29 - [TEST_STEP][PASSED] - Statement - counter = counter + 1: null

2018-12-17 15:42:29 - [TEST_STEP][PASSED] - Statement - PreSaveFile = new java.io.File(((pathPrefix + java.lang.Integer.toString(counter)) + .png)): null

2018-12-17 15:42:29 - [TEST_STEP][PASSED] - Statement - counter = counter + 1: null

2018-12-17 15:42:29 - [TEST_STEP][PASSED] - Statement - PreSaveFile = new java.io.File(((pathPrefix + java.lang.Integer.toString(counter)) + .png)): null

2018-12-17 15:42:29 - [TEST_STEP][PASSED] - Statement - counter = counter + 1: null

2018-12-17 15:42:29 - [TEST_STEP][PASSED] - Statement - PreSaveFile = new java.io.File(((pathPrefix + java.lang.Integer.toString(counter)) + .png)): null

2018-12-17 15:42:29 - [TEST_STEP][PASSED] - Statement - counter = counter + 1: null

2018-12-17 15:42:29 - [TEST_STEP][PASSED] - Statement - PreSaveFile = new java.io.File(((pathPrefix + java.lang.Integer.toString(counter)) + .png)): null

2018-12-17 15:42:29 - [TEST_STEP][PASSED] - Statement - counter = counter + 1: null

2018-12-17 15:42:29 - [TEST_STEP][PASSED] - Statement - PreSaveFile = new java.io.File(((pathPrefix + java.lang.Integer.toString(counter)) + .png)): null

2018-12-17 15:42:29 - [TEST_STEP][PASSED] - Statement - counter = counter + 1: null

2018-12-17 15:42:30 - [TEST_STEP][PASSED] - Statement - PreSaveFile = new java.io.File(((pathPrefix + java.lang.Integer.toString(counter)) + .png)): null

2018-12-17 15:42:30 - [TEST_STEP][PASSED] - Statement - counter = counter + 1: null

2018-12-17 15:42:30 - [TEST_STEP][PASSED] - Statement - PreSaveFile = new java.io.File(((pathPrefix + java.lang.Integer.toString(counter)) + .png)): null

2018-12-17 15:42:30 - [TEST_STEP][PASSED] - Statement - counter = counter + 1: null

2018-12-17 15:42:30 - [TEST_STEP][PASSED] - Statement - PreSaveFile = new java.io.File(((pathPrefix + java.lang.Integer.toString(counter)) + .png)): null

2018-12-17 15:42:30 - [TEST_STEP][PASSED] - Statement - counter = counter + 1: null

2018-12-17 15:42:30 - [TEST_STEP][PASSED] - Statement - PreSaveFile = new java.io.File(((pathPrefix + java.lang.Integer.toString(counter)) + .png)): null

2018-12-17 15:42:30 - [TEST_STEP][PASSED] - Statement - counter = counter + 1: null

2018-12-17 15:42:30 - [TEST_STEP][PASSED] - Statement - PreSaveFile = new java.io.File(((pathPrefix + java.lang.Integer.toString(counter)) + .png)): null

2018-12-17 15:42:30 - [TEST_STEP][PASSED] - Statement - counter = counter + 1: null

2018-12-17 15:42:30 - [TEST_STEP][PASSED] - Statement - PreSaveFile = new java.io.File(((pathPrefix + java.lang.Integer.toString(counter)) + .png)): null

2018-12-17 15:42:30 - [TEST_STEP][PASSED] - Statement - counter = counter + 1: null

2018-12-17 15:42:30 - [TEST_STEP][PASSED] - Statement - PreSaveFile = new java.io.File(((pathPrefix + java.lang.Integer.toString(counter)) + .png)): null

2018-12-17 15:42:30 - [TEST_STEP][PASSED] - Statement - counter = counter + 1: null

2018-12-17 15:42:30 - [TEST_STEP][PASSED] - Statement - PreSaveFile = new java.io.File(((pathPrefix + java.lang.Integer.toString(counter)) + .png)): null

2018-12-17 15:42:30 - [TEST_STEP][PASSED] - Statement - counter = counter + 1: null

2018-12-17 15:42:30 - [TEST_STEP][PASSED] - Statement - PreSaveFile = new java.io.File(((pathPrefix + java.lang.Integer.toString(counter)) + .png)): null

2018-12-17 15:42:30 - [TEST_STEP][PASSED] - Statement - counter = counter + 1: null

2018-12-17 15:42:30 - [TEST_STEP][PASSED] - Statement - PreSaveFile = new java.io.File(((pathPrefix + java.lang.Integer.toString(counter)) + .png)): null

2018-12-17 15:42:30 - [TEST_STEP][PASSED] - Statement - counter = counter + 1: null

2018-12-17 15:42:30 - [TEST_STEP][PASSED] - Statement - PreSaveFile = new java.io.File(((pathPrefix + java.lang.Integer.toString(counter)) + .png)): null

2018-12-17 15:42:30 - [TEST_STEP][PASSED] - Statement - counter = counter + 1: null

2018-12-17 15:42:30 - [TEST_STEP][PASSED] - Statement - PreSaveFile = new java.io.File(((pathPrefix + java.lang.Integer.toString(counter)) + .png)): null

2018-12-17 15:42:30 - [TEST_STEP][PASSED] - Statement - counter = counter + 1: null

2018-12-17 15:42:30 - [TEST_STEP][PASSED] - Statement - PreSaveFile = new java.io.File(((pathPrefix + java.lang.Integer.toString(counter)) + .png)): null

2018-12-17 15:42:30 - [TEST_STEP][PASSED] - Statement - counter = counter + 1: null

2018-12-17 15:42:30 - [TEST_STEP][PASSED] - Statement - PreSaveFile = new java.io.File(((pathPrefix + java.lang.Integer.toString(counter)) + .png)): null

2018-12-17 15:42:30 - [TEST_STEP][PASSED] - Statement - counter = counter + 1: null

2018-12-17 15:42:30 - [TEST_STEP][PASSED] - Statement - PreSaveFile = new java.io.File(((pathPrefix + java.lang.Integer.toString(counter)) + .png)): null

2018-12-17 15:42:31 - [TEST_STEP][PASSED] - Statement - counter = counter + 1: null

2018-12-17 15:42:31 - [TEST_STEP][PASSED] - Statement - PreSaveFile = new java.io.File(((pathPrefix + java.lang.Integer.toString(counter)) + .png)): null

2018-12-17 15:42:31 - [TEST_STEP][PASSED] - Statement - counter = counter + 1: null

2018-12-17 15:42:31 - [TEST_STEP][PASSED] - Statement - PreSaveFile = new java.io.File(((pathPrefix + java.lang.Integer.toString(counter)) + .png)): null

2018-12-17 15:42:31 - [TEST_STEP][PASSED] - Statement - counter = counter + 1: null

2018-12-17 15:42:31 - [TEST_STEP][PASSED] - Statement - PreSaveFile = new java.io.File(((pathPrefix + java.lang.Integer.toString(counter)) + .png)): null

2018-12-17 15:42:31 - [TEST_STEP][PASSED] - Statement - counter = counter + 1: null

2018-12-17 15:42:31 - [TEST_STEP][PASSED] - Statement - PreSaveFile = new java.io.File(((pathPrefix + java.lang.Integer.toString(counter)) + .png)): null

2018-12-17 15:42:31 - [TEST_STEP][PASSED] - Statement - counter = counter + 1: null

2018-12-17 15:42:31 - [TEST_STEP][PASSED] - Statement - PreSaveFile = new java.io.File(((pathPrefix + java.lang.Integer.toString(counter)) + .png)): null

2018-12-17 15:42:31 - [TEST_STEP][PASSED] - Statement - counter = counter + 1: null

2018-12-17 15:42:31 - [TEST_STEP][PASSED] - Statement - PreSaveFile = new java.io.File(((pathPrefix + java.lang.Integer.toString(counter)) + .png)): null

2018-12-17 15:42:31 - [TEST_STEP][PASSED] - Statement - counter = counter + 1: null

2018-12-17 15:42:31 - [TEST_STEP][PASSED] - Statement - PreSaveFile = new java.io.File(((pathPrefix + java.lang.Integer.toString(counter)) + .png)): null

2018-12-17 15:42:31 - [TEST_STEP][PASSED] - Statement - counter = counter + 1: null

2018-12-17 15:42:31 - [TEST_STEP][PASSED] - Statement - PreSaveFile = new java.io.File(((pathPrefix + java.lang.Integer.toString(counter)) + .png)): null

2018-12-17 15:42:31 - [TEST_STEP][PASSED] - Statement - counter = counter + 1: null

2018-12-17 15:42:31 - [TEST_STEP][PASSED] - Statement - PreSaveFile = new java.io.File(((pathPrefix + java.lang.Integer.toString(counter)) + .png)): null

2018-12-17 15:42:31 - [TEST_STEP][PASSED] - Statement - counter = counter + 1: null

2018-12-17 15:42:31 - [TEST_STEP][PASSED] - Statement - PreSaveFile = new java.io.File(((pathPrefix + java.lang.Integer.toString(counter)) + .png)): null

2018-12-17 15:42:31 - [TEST_STEP][PASSED] - Statement - counter = counter + 1: null

2018-12-17 15:42:31 - [TEST_STEP][PASSED] - Statement - PreSaveFile = new java.io.File(((pathPrefix + java.lang.Integer.toString(counter)) + .png)): null

2018-12-17 15:42:31 - [TEST_STEP][PASSED] - Statement - counter = counter + 1: null

2018-12-17 15:42:31 - [TEST_STEP][PASSED] - Statement - PreSaveFile = new java.io.File(((pathPrefix + java.lang.Integer.toString(counter)) + .png)): null

2018-12-17 15:42:31 - [TEST_STEP][PASSED] - Statement - counter = counter + 1: null

2018-12-17 15:42:31 - [TEST_STEP][PASSED] - Statement - PreSaveFile = new java.io.File(((pathPrefix + java.lang.Integer.toString(counter)) + .png)): null

2018-12-17 15:42:31 - [TEST_STEP][PASSED] - Statement - counter = counter + 1: null

2018-12-17 15:42:31 - [TEST_STEP][PASSED] - Statement - PreSaveFile = new java.io.File(((pathPrefix + java.lang.Integer.toString(counter)) + .png)): null

2018-12-17 15:42:31 - [TEST_STEP][PASSED] - Statement - counter = counter + 1: null

2018-12-17 15:42:32 - [TEST_STEP][PASSED] - Statement - PreSaveFile = new java.io.File(((pathPrefix + java.lang.Integer.toString(counter)) + .png)): null

2018-12-17 15:42:32 - [TEST_STEP][PASSED] - Statement - counter = counter + 1: null

2018-12-17 15:42:32 - [TEST_STEP][PASSED] - Statement - PreSaveFile = new java.io.File(((pathPrefix + java.lang.Integer.toString(counter)) + .png)): null

2018-12-17 15:42:32 - [TEST_STEP][PASSED] - Statement - counter = counter + 1: null

2018-12-17 15:42:32 - [TEST_STEP][PASSED] - Statement - PreSaveFile = new java.io.File(((pathPrefix + java.lang.Integer.toString(counter)) + .png)): null

2018-12-17 15:42:32 - [TEST_STEP][PASSED] - Statement - counter = counter + 1: null

2018-12-17 15:42:32 - [TEST_STEP][PASSED] - Statement - PreSaveFile = new java.io.File(((pathPrefix + java.lang.Integer.toString(counter)) + .png)): null

2018-12-17 15:42:32 - [TEST_STEP][PASSED] - Statement - counter = counter + 1: null

2018-12-17 15:42:32 - [TEST_STEP][PASSED] - Statement - PreSaveFile = new java.io.File(((pathPrefix + java.lang.Integer.toString(counter)) + .png)): null

2018-12-17 15:42:32 - [TEST_STEP][PASSED] - Statement - counter = counter + 1: null

2018-12-17 15:42:32 - [TEST_STEP][PASSED] - Statement - PreSaveFile = new java.io.File(((pathPrefix + java.lang.Integer.toString(counter)) + .png)): null

2018-12-17 15:42:32 - [TEST_STEP][PASSED] - Statement - counter = counter + 1: null

2018-12-17 15:42:32 - [TEST_STEP][PASSED] - Statement - PreSaveFile = new java.io.File(((pathPrefix + java.lang.Integer.toString(counter)) + .png)): null

2018-12-17 15:42:32 - [TEST_STEP][PASSED] - Statement - counter = counter + 1: null

2018-12-17 15:42:32 - [TEST_STEP][PASSED] - Statement - PreSaveFile = new java.io.File(((pathPrefix + java.lang.Integer.toString(counter)) + .png)): null

2018-12-17 15:42:32 - [TEST_STEP][PASSED] - Statement - counter = counter + 1: null

2018-12-17 15:42:32 - [TEST_STEP][PASSED] - Statement - PreSaveFile = new java.io.File(((pathPrefix + java.lang.Integer.toString(counter)) + .png)): null

2018-12-17 15:42:32 - [TEST_STEP][PASSED] - Statement - counter = counter + 1: null

2018-12-17 15:42:32 - [TEST_STEP][PASSED] - Statement - PreSaveFile = new java.io.File(((pathPrefix + java.lang.Integer.toString(counter)) + .png)): null

2018-12-17 15:42:32 - [TEST_STEP][PASSED] - Statement - counter = counter + 1: null

2018-12-17 15:42:32 - [TEST_STEP][PASSED] - Statement - PreSaveFile = new java.io.File(((pathPrefix + java.lang.Integer.toString(counter)) + .png)): null

2018-12-17 15:42:32 - [TEST_STEP][PASSED] - Statement - counter = counter + 1: null

2018-12-17 15:42:32 - [TEST_STEP][PASSED] - Statement - PreSaveFile = new java.io.File(((pathPrefix + java.lang.Integer.toString(counter)) + .png)): null

2018-12-17 15:42:32 - [TEST_STEP][PASSED] - Statement - counter = counter + 1: null

2018-12-17 15:42:32 - [TEST_STEP][PASSED] - Statement - PreSaveFile = new java.io.File(((pathPrefix + java.lang.Integer.toString(counter)) + .png)): null

2018-12-17 15:42:32 - [TEST_STEP][PASSED] - Statement - counter = counter + 1: null

2018-12-17 15:42:32 - [TEST_STEP][PASSED] - Statement - PreSaveFile = new java.io.File(((pathPrefix + java.lang.Integer.toString(counter)) + .png)): null

2018-12-17 15:42:32 - [TEST_STEP][PASSED] - Statement - counter = counter + 1: null

2018-12-17 15:42:32 - [TEST_STEP][PASSED] - Statement - PreSaveFile = new java.io.File(((pathPrefix + java.lang.Integer.toString(counter)) + .png)): null

2018-12-17 15:42:33 - [TEST_STEP][PASSED] - Statement - counter = counter + 1: null

2018-12-17 15:42:33 - [TEST_STEP][PASSED] - Statement - PreSaveFile = new java.io.File(((pathPrefix + java.lang.Integer.toString(counter)) + .png)): null

2018-12-17 15:42:33 - [TEST_STEP][PASSED] - Statement - counter = counter + 1: null

2018-12-17 15:42:33 - [TEST_STEP][PASSED] - Statement - PreSaveFile = new java.io.File(((pathPrefix + java.lang.Integer.toString(counter)) + .png)): null

2018-12-17 15:42:33 - [TEST_STEP][PASSED] - Statement - counter = counter + 1: null

2018-12-17 15:42:33 - [TEST_STEP][PASSED] - Statement - PreSaveFile = new java.io.File(((pathPrefix + java.lang.Integer.toString(counter)) + .png)): null

2018-12-17 15:42:33 - [TEST_STEP][PASSED] - Statement - counter = counter + 1: null

2018-12-17 15:42:33 - [TEST_STEP][PASSED] - Statement - PreSaveFile = new java.io.File(((pathPrefix + java.lang.Integer.toString(counter)) + .png)): null

2018-12-17 15:42:33 - [TEST_STEP][PASSED] - Statement - counter = counter + 1: null

2018-12-17 15:42:33 - [TEST_STEP][PASSED] - Statement - PreSaveFile = new java.io.File(((pathPrefix + java.lang.Integer.toString(counter)) + .png)): null

2018-12-17 15:42:33 - [TEST_STEP][PASSED] - Statement - counter = counter + 1: null

2018-12-17 15:42:33 - [TEST_STEP][PASSED] - Statement - PreSaveFile = new java.io.File(((pathPrefix + java.lang.Integer.toString(counter)) + .png)): null

2018-12-17 15:42:33 - [TEST_STEP][PASSED] - Statement - counter = counter + 1: null

2018-12-17 15:42:33 - [TEST_STEP][PASSED] - Statement - PreSaveFile = new java.io.File(((pathPrefix + java.lang.Integer.toString(counter)) + .png)): null

2018-12-17 15:42:33 - [TEST_STEP][PASSED] - Statement - counter = counter + 1: null

2018-12-17 15:42:33 - [TEST_STEP][PASSED] - Statement - PreSaveFile = new java.io.File(((pathPrefix + java.lang.Integer.toString(counter)) + .png)): null

2018-12-17 15:42:33 - [TEST_STEP][PASSED] - Statement - counter = counter + 1: null

2018-12-17 15:42:33 - [TEST_STEP][PASSED] - Statement - PreSaveFile = new java.io.File(((pathPrefix + java.lang.Integer.toString(counter)) + .png)): null

2018-12-17 15:42:33 - [TEST_STEP][PASSED] - Statement - counter = counter + 1: null

2018-12-17 15:42:33 - [TEST_STEP][PASSED] - Statement - PreSaveFile = new java.io.File(((pathPrefix + java.lang.Integer.toString(counter)) + .png)): null

2018-12-17 15:42:33 - [TEST_STEP][PASSED] - Statement - counter = counter + 1: null

2018-12-17 15:42:33 - [TEST_STEP][PASSED] - Statement - PreSaveFile = new java.io.File(((pathPrefix + java.lang.Integer.toString(counter)) + .png)): null

2018-12-17 15:42:33 - [TEST_STEP][PASSED] - Statement - counter = counter + 1: null

2018-12-17 15:42:33 - [TEST_STEP][PASSED] - Statement - PreSaveFile = new java.io.File(((pathPrefix + java.lang.Integer.toString(counter)) + .png)): null

2018-12-17 15:42:33 - [TEST_STEP][PASSED] - Statement - counter = counter + 1: null

2018-12-17 15:42:33 - [TEST_STEP][PASSED] - Statement - PreSaveFile = new java.io.File(((pathPrefix + java.lang.Integer.toString(counter)) + .png)): null

2018-12-17 15:42:33 - [TEST_STEP][PASSED] - Statement - counter = counter + 1: null

2018-12-17 15:42:33 - [TEST_STEP][PASSED] - Statement - PreSaveFile = new java.io.File(((pathPrefix + java.lang.Integer.toString(counter)) + .png)): null

2018-12-17 15:42:34 - [TEST_STEP][PASSED] - Statement - counter = counter + 1: null

2018-12-17 15:42:34 - [TEST_STEP][PASSED] - Statement - PreSaveFile = new java.io.File(((pathPrefix + java.lang.Integer.toString(counter)) + .png)): null

2018-12-17 15:42:34 - [TEST_STEP][PASSED] - Statement - counter = counter + 1: null

2018-12-17 15:42:34 - [TEST_STEP][PASSED] - Statement - PreSaveFile = new java.io.File(((pathPrefix + java.lang.Integer.toString(counter)) + .png)): null

2018-12-17 15:42:34 - [TEST_STEP][PASSED] - Statement - counter = counter + 1: null

2018-12-17 15:42:34 - [TEST_STEP][PASSED] - Statement - PreSaveFile = new java.io.File(((pathPrefix + java.lang.Integer.toString(counter)) + .png)): null

2018-12-17 15:42:34 - [TEST_STEP][PASSED] - Statement - counter = counter + 1: null

2018-12-17 15:42:34 - [TEST_STEP][PASSED] - Statement - PreSaveFile = new java.io.File(((pathPrefix + java.lang.Integer.toString(counter)) + .png)): null

2018-12-17 15:42:34 - [TEST_STEP][PASSED] - Statement - counter = counter + 1: null

2018-12-17 15:42:34 - [TEST_STEP][PASSED] - Statement - PreSaveFile = new java.io.File(((pathPrefix + java.lang.Integer.toString(counter)) + .png)): null

2018-12-17 15:42:34 - [TEST_STEP][PASSED] - Statement - counter = counter + 1: null

2018-12-17 15:42:34 - [TEST_STEP][PASSED] - Statement - PreSaveFile = new java.io.File(((pathPrefix + java.lang.Integer.toString(counter)) + .png)): null

2018-12-17 15:42:34 - [TEST_STEP][PASSED] - Statement - counter = counter + 1: null

2018-12-17 15:42:34 - [TEST_STEP][PASSED] - Statement - PreSaveFile = new java.io.File(((pathPrefix + java.lang.Integer.toString(counter)) + .png)): null

2018-12-17 15:42:34 - [TEST_STEP][PASSED] - Statement - counter = counter + 1: null

2018-12-17 15:42:34 - [TEST_STEP][PASSED] - Statement - PreSaveFile = new java.io.File(((pathPrefix + java.lang.Integer.toString(counter)) + .png)): null

2018-12-17 15:42:34 - [TEST_STEP][PASSED] - Statement - counter = counter + 1: null

2018-12-17 15:42:34 - [TEST_STEP][PASSED] - Statement - PreSaveFile = new java.io.File(((pathPrefix + java.lang.Integer.toString(counter)) + .png)): null

2018-12-17 15:42:34 - [TEST_STEP][PASSED] - Statement - counter = counter + 1: null

2018-12-17 15:42:34 - [TEST_STEP][PASSED] - Statement - PreSaveFile = new java.io.File(((pathPrefix + java.lang.Integer.toString(counter)) + .png)): null

2018-12-17 15:42:34 - [TEST_STEP][PASSED] - Statement - counter = counter + 1: null

2018-12-17 15:42:34 - [TEST_STEP][PASSED] - Statement - PreSaveFile = new java.io.File(((pathPrefix + java.lang.Integer.toString(counter)) + .png)): null

2018-12-17 15:42:34 - [TEST_STEP][PASSED] - Statement - counter = counter + 1: null

2018-12-17 15:42:34 - [TEST_STEP][PASSED] - Statement - PreSaveFile = new java.io.File(((pathPrefix + java.lang.Integer.toString(counter)) + .png)): null

2018-12-17 15:42:34 - [TEST_STEP][PASSED] - Statement - counter = counter + 1: null

2018-12-17 15:42:34 - [TEST_STEP][PASSED] - Statement - PreSaveFile = new java.io.File(((pathPrefix + java.lang.Integer.toString(counter)) + .png)): null

2018-12-17 15:42:34 - [TEST_STEP][PASSED] - Statement - counter = counter + 1: null

2018-12-17 15:42:34 - [TEST_STEP][PASSED] - Statement - PreSaveFile = new java.io.File(((pathPrefix + java.lang.Integer.toString(counter)) + .png)): null

2018-12-17 15:42:34 - [TEST_STEP][PASSED] - Statement - counter = counter + 1: null

2018-12-17 15:42:35 - [TEST_STEP][PASSED] - Statement - PreSaveFile = new java.io.File(((pathPrefix + java.lang.Integer.toString(counter)) + .png)): null

2018-12-17 15:42:35 - [TEST_STEP][PASSED] - Statement - counter = counter + 1: null

2018-12-17 15:42:35 - [TEST_STEP][PASSED] - Statement - PreSaveFile = new java.io.File(((pathPrefix + java.lang.Integer.toString(counter)) + .png)): null

2018-12-17 15:42:35 - [TEST_STEP][PASSED] - Statement - counter = counter + 1: null

2018-12-17 15:42:35 - [TEST_STEP][PASSED] - Statement - PreSaveFile = new java.io.File(((pathPrefix + java.lang.Integer.toString(counter)) + .png)): null

2018-12-17 15:42:35 - [TEST_STEP][PASSED] - Statement - counter = counter + 1: null

2018-12-17 15:42:35 - [TEST_STEP][PASSED] - Statement - PreSaveFile = new java.io.File(((pathPrefix + java.lang.Integer.toString(counter)) + .png)): null

2018-12-17 15:42:35 - [TEST_STEP][PASSED] - Statement - counter = counter + 1: null

2018-12-17 15:42:35 - [TEST_STEP][PASSED] - Statement - PreSaveFile = new java.io.File(((pathPrefix + java.lang.Integer.toString(counter)) + .png)): null

2018-12-17 15:42:35 - [TEST_STEP][PASSED] - Statement - counter = counter + 1: null

2018-12-17 15:42:35 - [TEST_STEP][PASSED] - Statement - PreSaveFile = new java.io.File(((pathPrefix + java.lang.Integer.toString(counter)) + .png)): null

2018-12-17 15:42:35 - [TEST_STEP][PASSED] - Statement - counter = counter + 1: null

2018-12-17 15:42:35 - [TEST_STEP][PASSED] - Statement - PreSaveFile = new java.io.File(((pathPrefix + java.lang.Integer.toString(counter)) + .png)): null

2018-12-17 15:42:35 - [TEST_STEP][PASSED] - Statement - counter = counter + 1: null

2018-12-17 15:42:35 - [TEST_STEP][PASSED] - Statement - PreSaveFile = new java.io.File(((pathPrefix + java.lang.Integer.toString(counter)) + .png)): null

2018-12-17 15:42:35 - [TEST_STEP][PASSED] - Statement - counter = counter + 1: null

2018-12-17 15:42:35 - [TEST_STEP][PASSED] - Statement - PreSaveFile = new java.io.File(((pathPrefix + java.lang.Integer.toString(counter)) + .png)): null

2018-12-17 15:42:35 - [TEST_STEP][PASSED] - Statement - counter = counter + 1: null

2018-12-17 15:42:35 - [TEST_STEP][PASSED] - Statement - PreSaveFile = new java.io.File(((pathPrefix + java.lang.Integer.toString(counter)) + .png)): null

2018-12-17 15:42:35 - [TEST_STEP][PASSED] - Statement - counter = counter + 1: null

2018-12-17 15:42:35 - [TEST_STEP][PASSED] - Statement - PreSaveFile = new java.io.File(((pathPrefix + java.lang.Integer.toString(counter)) + .png)): null

2018-12-17 15:42:35 - [TEST_STEP][PASSED] - Statement - counter = counter + 1: null

2018-12-17 15:42:35 - [TEST_STEP][PASSED] - Statement - PreSaveFile = new java.io.File(((pathPrefix + java.lang.Integer.toString(counter)) + .png)): null

2018-12-17 15:42:35 - [TEST_STEP][PASSED] - Statement - counter = counter + 1: null

2018-12-17 15:42:35 - [TEST_STEP][PASSED] - Statement - PreSaveFile = new java.io.File(((pathPrefix + java.lang.Integer.toString(counter)) + .png)): null

2018-12-17 15:42:35 - [TEST_STEP][PASSED] - Statement - counter = counter + 1: null

2018-12-17 15:42:35 - [TEST_STEP][PASSED] - Statement - PreSaveFile = new java.io.File(((pathPrefix + java.lang.Integer.toString(counter)) + .png)): null

2018-12-17 15:42:35 - [TEST_STEP][PASSED] - Statement - counter = counter + 1: null

2018-12-17 15:42:35 - [TEST_STEP][PASSED] - Statement - PreSaveFile = new java.io.File(((pathPrefix + java.lang.Integer.toString(counter)) + .png)): null

2018-12-17 15:42:35 - [TEST_STEP][PASSED] - Statement - counter = counter + 1: null

2018-12-17 15:42:35 - [TEST_STEP][PASSED] - Statement - PreSaveFile = new java.io.File(((pathPrefix + java.lang.Integer.toString(counter)) + .png)): null

2018-12-17 15:42:35 - [TEST_STEP][PASSED] - Statement - counter = counter + 1: null

2018-12-17 15:42:35 - [TEST_STEP][PASSED] - Statement - PreSaveFile = new java.io.File(((pathPrefix + java.lang.Integer.toString(counter)) + .png)): null

2018-12-17 15:42:35 - [TEST_STEP][PASSED] - Statement - counter = counter + 1: null

2018-12-17 15:42:35 - [TEST_STEP][PASSED] - Statement - PreSaveFile = new java.io.File(((pathPrefix + java.lang.Integer.toString(counter)) + .png)): null

2018-12-17 15:42:35 - [TEST_STEP][PASSED] - Statement - counter = counter + 1: null

2018-12-17 15:42:35 - [TEST_STEP][PASSED] - Statement - PreSaveFile = new java.io.File(((pathPrefix + java.lang.Integer.toString(counter)) + .png)): null

2018-12-17 15:42:35 - [TEST_STEP][PASSED] - Statement - counter = counter + 1: null

2018-12-17 15:42:35 - [TEST_STEP][PASSED] - Statement - PreSaveFile = new java.io.File(((pathPrefix + java.lang.Integer.toString(counter)) + .png)): null

2018-12-17 15:42:36 - [TEST_STEP][PASSED] - Statement - counter = counter + 1: null

2018-12-17 15:42:36 - [TEST_STEP][PASSED] - Statement - PreSaveFile = new java.io.File(((pathPrefix + java.lang.Integer.toString(counter)) + .png)): null

2018-12-17 15:42:36 - [TEST_STEP][PASSED] - Statement - counter = counter + 1: null

2018-12-17 15:42:36 - [TEST_STEP][PASSED] - Statement - PreSaveFile = new java.io.File(((pathPrefix + java.lang.Integer.toString(counter)) + .png)): null

2018-12-17 15:42:36 - [TEST_STEP][PASSED] - Statement - counter = counter + 1: null

2018-12-17 15:42:36 - [TEST_STEP][PASSED] - Statement - PreSaveFile = new java.io.File(((pathPrefix + java.lang.Integer.toString(counter)) + .png)): null

2018-12-17 15:42:36 - [TEST_STEP][PASSED] - Statement - counter = counter + 1: null

2018-12-17 15:42:36 - [TEST_STEP][PASSED] - Statement - PreSaveFile = new java.io.File(((pathPrefix + java.lang.Integer.toString(counter)) + .png)): null

2018-12-17 15:42:36 - [TEST_STEP][PASSED] - Statement - counter = counter + 1: null

2018-12-17 15:42:36 - [TEST_STEP][PASSED] - Statement - PreSaveFile = new java.io.File(((pathPrefix + java.lang.Integer.toString(counter)) + .png)): null

2018-12-17 15:42:36 - [TEST_STEP][PASSED] - Statement - counter = counter + 1: null

2018-12-17 15:42:36 - [TEST_STEP][PASSED] - Statement - PreSaveFile = new java.io.File(((pathPrefix + java.lang.Integer.toString(counter)) + .png)): null

2018-12-17 15:42:36 - [TEST_STEP][PASSED] - Statement - counter = counter + 1: null

2018-12-17 15:42:36 - [TEST_STEP][PASSED] - Statement - PreSaveFile = new java.io.File(((pathPrefix + java.lang.Integer.toString(counter)) + .png)): null

2018-12-17 15:42:36 - [TEST_STEP][PASSED] - Statement - counter = counter + 1: null

2018-12-17 15:42:36 - [TEST_STEP][PASSED] - Statement - PreSaveFile = new java.io.File(((pathPrefix + java.lang.Integer.toString(counter)) + .png)): null

2018-12-17 15:42:36 - [TEST_STEP][PASSED] - Statement - counter = counter + 1: null

2018-12-17 15:42:36 - [TEST_STEP][PASSED] - Statement - PreSaveFile = new java.io.File(((pathPrefix + java.lang.Integer.toString(counter)) + .png)): null

2018-12-17 15:42:36 - [TEST_STEP][PASSED] - Statement - counter = counter + 1: null

2018-12-17 15:42:36 - [TEST_STEP][PASSED] - Statement - PreSaveFile = new java.io.File(((pathPrefix + java.lang.Integer.toString(counter)) + .png)): null

2018-12-17 15:42:36 - [TEST_STEP][PASSED] - Statement - counter = counter + 1: null

2018-12-17 15:42:36 - [TEST_STEP][PASSED] - Statement - PreSaveFile = new java.io.File(((pathPrefix + java.lang.Integer.toString(counter)) + .png)): null

2018-12-17 15:42:36 - [TEST_STEP][PASSED] - Statement - counter = counter + 1: null

2018-12-17 15:42:36 - [TEST_STEP][PASSED] - Statement - PreSaveFile = new java.io.File(((pathPrefix + java.lang.Integer.toString(counter)) + .png)): null

2018-12-17 15:42:36 - [TEST_STEP][PASSED] - Statement - counter = counter + 1: null

2018-12-17 15:42:36 - [TEST_STEP][PASSED] - Statement - PreSaveFile = new java.io.File(((pathPrefix + java.lang.Integer.toString(counter)) + .png)): null

2018-12-17 15:42:36 - [TEST_STEP][PASSED] - Statement - counter = counter + 1: null

2018-12-17 15:42:36 - [TEST_STEP][PASSED] - Statement - PreSaveFile = new java.io.File(((pathPrefix + java.lang.Integer.toString(counter)) + .png)): null

2018-12-17 15:42:36 - [TEST_STEP][PASSED] - Statement - counter = counter + 1: null

2018-12-17 15:42:37 - [TEST_STEP][PASSED] - Statement - PreSaveFile = new java.io.File(((pathPrefix + java.lang.Integer.toString(counter)) + .png)): null

2018-12-17 15:42:37 - [TEST_STEP][PASSED] - Statement - counter = counter + 1: null

2018-12-17 15:42:37 - [TEST_STEP][PASSED] - Statement - PreSaveFile = new java.io.File(((pathPrefix + java.lang.Integer.toString(counter)) + .png)): null

2018-12-17 15:42:37 - [TEST_STEP][PASSED] - Statement - counter = counter + 1: null

2018-12-17 15:42:37 - [TEST_STEP][PASSED] - Statement - PreSaveFile = new java.io.File(((pathPrefix + java.lang.Integer.toString(counter)) + .png)): null

2018-12-17 15:42:37 - [TEST_STEP][PASSED] - Statement - counter = counter + 1: null

2018-12-17 15:42:37 - [TEST_STEP][PASSED] - Statement - PreSaveFile = new java.io.File(((pathPrefix + java.lang.Integer.toString(counter)) + .png)): null

2018-12-17 15:42:37 - [TEST_STEP][PASSED] - Statement - counter = counter + 1: null

2018-12-17 15:42:37 - [TEST_STEP][PASSED] - Statement - PreSaveFile = new java.io.File(((pathPrefix + java.lang.Integer.toString(counter)) + .png)): null

2018-12-17 15:42:37 - [TEST_STEP][PASSED] - Statement - counter = counter + 1: null

2018-12-17 15:42:37 - [TEST_STEP][PASSED] - Statement - PreSaveFile = new java.io.File(((pathPrefix + java.lang.Integer.toString(counter)) + .png)): null

2018-12-17 15:42:37 - [TEST_STEP][PASSED] - Statement - counter = counter + 1: null

2018-12-17 15:42:37 - [TEST_STEP][PASSED] - Statement - PreSaveFile = new java.io.File(((pathPrefix + java.lang.Integer.toString(counter)) + .png)): null

2018-12-17 15:42:37 - [TEST_STEP][PASSED] - Statement - counter = counter + 1: null

2018-12-17 15:42:37 - [TEST_STEP][PASSED] - Statement - PreSaveFile = new java.io.File(((pathPrefix + java.lang.Integer.toString(counter)) + .png)): null

2018-12-17 15:42:37 - [TEST_STEP][PASSED] - Statement - counter = counter + 1: null

2018-12-17 15:42:37 - [TEST_STEP][PASSED] - Statement - PreSaveFile = new java.io.File(((pathPrefix + java.lang.Integer.toString(counter)) + .png)): null

2018-12-17 15:42:37 - [TEST_STEP][PASSED] - Statement - counter = counter + 1: null

2018-12-17 15:42:37 - [TEST_STEP][PASSED] - Statement - PreSaveFile = new java.io.File(((pathPrefix + java.lang.Integer.toString(counter)) + .png)): null

2018-12-17 15:42:37 - [TEST_STEP][PASSED] - Statement - counter = counter + 1: null

2018-12-17 15:42:37 - [TEST_STEP][PASSED] - Statement - PreSaveFile = new java.io.File(((pathPrefix + java.lang.Integer.toString(counter)) + .png)): null

2018-12-17 15:42:37 - [TEST_STEP][PASSED] - Statement - counter = counter + 1: null

2018-12-17 15:42:37 - [TEST_STEP][PASSED] - Statement - PreSaveFile = new java.io.File(((pathPrefix + java.lang.Integer.toString(counter)) + .png)): null

2018-12-17 15:42:37 - [TEST_STEP][PASSED] - Statement - counter = counter + 1: null

2018-12-17 15:42:37 - [TEST_STEP][PASSED] - Statement - PreSaveFile = new java.io.File(((pathPrefix + java.lang.Integer.toString(counter)) + .png)): null

2018-12-17 15:42:37 - [TEST_STEP][PASSED] - Statement - counter = counter + 1: null

2018-12-17 15:42:37 - [TEST_STEP][PASSED] - Statement - PreSaveFile = new java.io.File(((pathPrefix + java.lang.Integer.toString(counter)) + .png)): null

2018-12-17 15:42:37 - [TEST_STEP][PASSED] - Statement - counter = counter + 1: null

2018-12-17 15:42:38 - [TEST_STEP][PASSED] - Statement - PreSaveFile = new java.io.File(((pathPrefix + java.lang.Integer.toString(counter)) + .png)): null

2018-12-17 15:42:38 - [TEST_STEP][PASSED] - Statement - counter = counter + 1: null

2018-12-17 15:42:38 - [TEST_STEP][PASSED] - Statement - PreSaveFile = new java.io.File(((pathPrefix + java.lang.Integer.toString(counter)) + .png)): null

2018-12-17 15:42:38 - [TEST_STEP][PASSED] - Statement - counter = counter + 1: null

2018-12-17 15:42:38 - [TEST_STEP][PASSED] - Statement - PreSaveFile = new java.io.File(((pathPrefix + java.lang.Integer.toString(counter)) + .png)): null

2018-12-17 15:42:38 - [TEST_STEP][PASSED] - Statement - counter = counter + 1: null

2018-12-17 15:42:38 - [TEST_STEP][PASSED] - Statement - PreSaveFile = new java.io.File(((pathPrefix + java.lang.Integer.toString(counter)) + .png)): null

2018-12-17 15:42:38 - [TEST_STEP][PASSED] - Statement - counter = counter + 1: null

2018-12-17 15:42:38 - [TEST_STEP][PASSED] - Statement - PreSaveFile = new java.io.File(((pathPrefix + java.lang.Integer.toString(counter)) + .png)): null

2018-12-17 15:42:38 - [TEST_STEP][PASSED] - Statement - counter = counter + 1: null

2018-12-17 15:42:38 - [TEST_STEP][PASSED] - Statement - PreSaveFile = new java.io.File(((pathPrefix + java.lang.Integer.toString(counter)) + .png)): null

2018-12-17 15:42:38 - [TEST_STEP][PASSED] - Statement - counter = counter + 1: null

2018-12-17 15:42:38 - [TEST_STEP][PASSED] - Statement - PreSaveFile = new java.io.File(((pathPrefix + java.lang.Integer.toString(counter)) + .png)): null

2018-12-17 15:42:38 - [TEST_STEP][PASSED] - Statement - counter = counter + 1: null

2018-12-17 15:42:38 - [TEST_STEP][PASSED] - Statement - PreSaveFile = new java.io.File(((pathPrefix + java.lang.Integer.toString(counter)) + .png)): null

2018-12-17 15:42:38 - [TEST_STEP][PASSED] - Statement - counter = counter + 1: null

2018-12-17 15:42:38 - [TEST_STEP][PASSED] - Statement - PreSaveFile = new java.io.File(((pathPrefix + java.lang.Integer.toString(counter)) + .png)): null

2018-12-17 15:42:38 - [TEST_STEP][PASSED] - Statement - counter = counter + 1: null

2018-12-17 15:42:38 - [TEST_STEP][PASSED] - Statement - PreSaveFile = new java.io.File(((pathPrefix + java.lang.Integer.toString(counter)) + .png)): null

2018-12-17 15:42:38 - [TEST_STEP][PASSED] - Statement - counter = counter + 1: null

2018-12-17 15:42:38 - [TEST_STEP][PASSED] - Statement - PreSaveFile = new java.io.File(((pathPrefix + java.lang.Integer.toString(counter)) + .png)): null

2018-12-17 15:42:38 - [TEST_STEP][PASSED] - Statement - counter = counter + 1: null

2018-12-17 15:42:38 - [TEST_STEP][PASSED] - Statement - PreSaveFile = new java.io.File(((pathPrefix + java.lang.Integer.toString(counter)) + .png)): null

2018-12-17 15:42:38 - [TEST_STEP][PASSED] - Statement - counter = counter + 1: null

2018-12-17 15:42:38 - [TEST_STEP][PASSED] - Statement - PreSaveFile = new java.io.File(((pathPrefix + java.lang.Integer.toString(counter)) + .png)): null

2018-12-17 15:42:38 - [TEST_STEP][PASSED] - Statement - counter = counter + 1: null

2018-12-17 15:42:38 - [TEST_STEP][PASSED] - Statement - PreSaveFile = new java.io.File(((pathPrefix + java.lang.Integer.toString(counter)) + .png)): null

2018-12-17 15:42:38 - [TEST_STEP][PASSED] - Statement - counter = counter + 1: null

2018-12-17 15:42:38 - [TEST_STEP][PASSED] - Statement - PreSaveFile = new java.io.File(((pathPrefix + java.lang.Integer.toString(counter)) + .png)): null

2018-12-17 15:42:39 - [TEST_STEP][PASSED] - Statement - counter = counter + 1: null

2018-12-17 15:42:39 - [TEST_STEP][PASSED] - Statement - PreSaveFile = new java.io.File(((pathPrefix + java.lang.Integer.toString(counter)) + .png)): null

2018-12-17 15:42:39 - [TEST_STEP][PASSED] - Statement - counter = counter + 1: null

2018-12-17 15:42:39 - [TEST_STEP][PASSED] - Statement - PreSaveFile = new java.io.File(((pathPrefix + java.lang.Integer.toString(counter)) + .png)): null

2018-12-17 15:42:39 - [TEST_STEP][PASSED] - Statement - counter = counter + 1: null

2018-12-17 15:42:39 - [TEST_STEP][PASSED] - Statement - PreSaveFile = new java.io.File(((pathPrefix + java.lang.Integer.toString(counter)) + .png)): null

2018-12-17 15:42:39 - [TEST_STEP][PASSED] - Statement - counter = counter + 1: null

2018-12-17 15:42:39 - [TEST_STEP][PASSED] - Statement - PreSaveFile = new java.io.File(((pathPrefix + java.lang.Integer.toString(counter)) + .png)): null

2018-12-17 15:42:39 - [TEST_STEP][PASSED] - Statement - counter = counter + 1: null

2018-12-17 15:42:39 - [TEST_STEP][PASSED] - Statement - PreSaveFile = new java.io.File(((pathPrefix + java.lang.Integer.toString(counter)) + .png)): null

2018-12-17 15:42:39 - [TEST_STEP][PASSED] - Statement - counter = counter + 1: null

2018-12-17 15:42:39 - [TEST_STEP][PASSED] - Statement - PreSaveFile = new java.io.File(((pathPrefix + java.lang.Integer.toString(counter)) + .png)): null

2018-12-17 15:42:39 - [TEST_STEP][PASSED] - Statement - counter = counter + 1: null

2018-12-17 15:42:39 - [TEST_STEP][PASSED] - Statement - PreSaveFile = new java.io.File(((pathPrefix + java.lang.Integer.toString(counter)) + .png)): null

2018-12-17 15:42:39 - [TEST_STEP][PASSED] - Statement - counter = counter + 1: null

2018-12-17 15:42:39 - [TEST_STEP][PASSED] - Statement - PreSaveFile = new java.io.File(((pathPrefix + java.lang.Integer.toString(counter)) + .png)): null

2018-12-17 15:42:39 - [TEST_STEP][PASSED] - Statement - counter = counter + 1: null

2018-12-17 15:42:39 - [TEST_STEP][PASSED] - Statement - PreSaveFile = new java.io.File(((pathPrefix + java.lang.Integer.toString(counter)) + .png)): null

2018-12-17 15:42:39 - [TEST_STEP][PASSED] - Statement - counter = counter + 1: null

2018-12-17 15:42:40 - [TEST_STEP][PASSED] - Statement - PreSaveFile = new java.io.File(((pathPrefix + java.lang.Integer.toString(counter)) + .png)): null

2018-12-17 15:42:40 - [TEST_STEP][PASSED] - Statement - counter = counter + 1: null

2018-12-17 15:42:40 - [TEST_STEP][PASSED] - Statement - PreSaveFile = new java.io.File(((pathPrefix + java.lang.Integer.toString(counter)) + .png)): null

2018-12-17 15:42:40 - [TEST_STEP][PASSED] - Statement - counter = counter + 1: null

2018-12-17 15:42:40 - [TEST_STEP][PASSED] - Statement - PreSaveFile = new java.io.File(((pathPrefix + java.lang.Integer.toString(counter)) + .png)): null

2018-12-17 15:42:40 - [TEST_STEP][PASSED] - Statement - counter = counter + 1: null

2018-12-17 15:42:40 - [TEST_STEP][PASSED] - Statement - PreSaveFile = new java.io.File(((pathPrefix + java.lang.Integer.toString(counter)) + .png)): null

2018-12-17 15:42:40 - [TEST_STEP][PASSED] - Statement - counter = counter + 1: null

2018-12-17 15:42:40 - [TEST_STEP][PASSED] - Statement - PreSaveFile = new java.io.File(((pathPrefix + java.lang.Integer.toString(counter)) + .png)): null

2018-12-17 15:42:40 - [TEST_STEP][PASSED] - Statement - counter = counter + 1: null

2018-12-17 15:42:40 - [TEST_STEP][PASSED] - Statement - PreSaveFile = new java.io.File(((pathPrefix + java.lang.Integer.toString(counter)) + .png)): null

2018-12-17 15:42:40 - [TEST_STEP][PASSED] - Statement - counter = counter + 1: null

2018-12-17 15:42:40 - [TEST_STEP][PASSED] - Statement - PreSaveFile = new java.io.File(((pathPrefix + java.lang.Integer.toString(counter)) + .png)): null

2018-12-17 15:42:40 - [TEST_STEP][PASSED] - Statement - counter = counter + 1: null

2018-12-17 15:42:40 - [TEST_STEP][PASSED] - Statement - PreSaveFile = new java.io.File(((pathPrefix + java.lang.Integer.toString(counter)) + .png)): null

2018-12-17 15:42:40 - [TEST_STEP][PASSED] - Statement - counter = counter + 1: null

2018-12-17 15:42:40 - [TEST_STEP][PASSED] - Statement - PreSaveFile = new java.io.File(((pathPrefix + java.lang.Integer.toString(counter)) + .png)): null

2018-12-17 15:42:40 - [TEST_STEP][PASSED] - Statement - counter = counter + 1: null

2018-12-17 15:42:40 - [TEST_STEP][PASSED] - Statement - PreSaveFile = new java.io.File(((pathPrefix + java.lang.Integer.toString(counter)) + .png)): null

2018-12-17 15:42:40 - [TEST_STEP][PASSED] - Statement - counter = counter + 1: null

2018-12-17 15:42:40 - [TEST_STEP][PASSED] - Statement - PreSaveFile = new java.io.File(((pathPrefix + java.lang.Integer.toString(counter)) + .png)): null

2018-12-17 15:42:40 - [TEST_STEP][PASSED] - Statement - counter = counter + 1: null

2018-12-17 15:42:40 - [TEST_STEP][PASSED] - Statement - PreSaveFile = new java.io.File(((pathPrefix + java.lang.Integer.toString(counter)) + .png)): null

2018-12-17 15:42:40 - [TEST_STEP][PASSED] - Statement - counter = counter + 1: null

2018-12-17 15:42:40 - [TEST_STEP][PASSED] - Statement - PreSaveFile = new java.io.File(((pathPrefix + java.lang.Integer.toString(counter)) + .png)): null

2018-12-17 15:42:40 - [TEST_STEP][PASSED] - Statement - counter = counter + 1: null

2018-12-17 15:42:40 - [TEST_STEP][PASSED] - Statement - PreSaveFile = new java.io.File(((pathPrefix + java.lang.Integer.toString(counter)) + .png)): null

2018-12-17 15:42:40 - [TEST_STEP][PASSED] - Statement - counter = counter + 1: null

2018-12-17 15:42:40 - [TEST_STEP][PASSED] - Statement - PreSaveFile = new java.io.File(((pathPrefix + java.lang.Integer.toString(counter)) + .png)): null

2018-12-17 15:42:40 - [TEST_STEP][PASSED] - Statement - counter = counter + 1: null

2018-12-17 15:42:40 - [TEST_STEP][PASSED] - Statement - PreSaveFile = new java.io.File(((pathPrefix + java.lang.Integer.toString(counter)) + .png)): null

2018-12-17 15:42:40 - [TEST_STEP][PASSED] - Statement - counter = counter + 1: null

2018-12-17 15:42:40 - [TEST_STEP][PASSED] - Statement - PreSaveFile = new java.io.File(((pathPrefix + java.lang.Integer.toString(counter)) + .png)): null

2018-12-17 15:42:40 - [TEST_STEP][PASSED] - Statement - counter = counter + 1: null

2018-12-17 15:42:40 - [TEST_STEP][PASSED] - Statement - PreSaveFile = new java.io.File(((pathPrefix + java.lang.Integer.toString(counter)) + .png)): null

2018-12-17 15:42:40 - [TEST_STEP][PASSED] - Statement - counter = counter + 1: null

2018-12-17 15:42:40 - [TEST_STEP][PASSED] - Statement - PreSaveFile = new java.io.File(((pathPrefix + java.lang.Integer.toString(counter)) + .png)): null

2018-12-17 15:42:40 - [TEST_STEP][PASSED] - Statement - counter = counter + 1: null

2018-12-17 15:42:40 - [TEST_STEP][PASSED] - Statement - PreSaveFile = new java.io.File(((pathPrefix + java.lang.Integer.toString(counter)) + .png)): null

2018-12-17 15:42:41 - [TEST_STEP][PASSED] - Statement - counter = counter + 1: null

2018-12-17 15:42:41 - [TEST_STEP][PASSED] - Statement - PreSaveFile = new java.io.File(((pathPrefix + java.lang.Integer.toString(counter)) + .png)): null

2018-12-17 15:42:41 - [TEST_STEP][PASSED] - Statement - counter = counter + 1: null

2018-12-17 15:42:41 - [TEST_STEP][PASSED] - Statement - PreSaveFile = new java.io.File(((pathPrefix + java.lang.Integer.toString(counter)) + .png)): null

2018-12-17 15:42:41 - [TEST_STEP][PASSED] - Statement - counter = counter + 1: null

2018-12-17 15:42:41 - [TEST_STEP][PASSED] - Statement - PreSaveFile = new java.io.File(((pathPrefix + java.lang.Integer.toString(counter)) + .png)): null

2018-12-17 15:42:41 - [TEST_STEP][PASSED] - Statement - counter = counter + 1: null

2018-12-17 15:42:41 - [TEST_STEP][PASSED] - Statement - PreSaveFile = new java.io.File(((pathPrefix + java.lang.Integer.toString(counter)) + .png)): null

2018-12-17 15:42:41 - [TEST_STEP][PASSED] - Statement - counter = counter + 1: null

2018-12-17 15:42:41 - [TEST_STEP][PASSED] - Statement - PreSaveFile = new java.io.File(((pathPrefix + java.lang.Integer.toString(counter)) + .png)): null

2018-12-17 15:42:41 - [TEST_STEP][PASSED] - Statement - counter = counter + 1: null

2018-12-17 15:42:41 - [TEST_STEP][PASSED] - Statement - PreSaveFile = new java.io.File(((pathPrefix + java.lang.Integer.toString(counter)) + .png)): null

2018-12-17 15:42:41 - [TEST_STEP][PASSED] - Statement - counter = counter + 1: null

2018-12-17 15:42:41 - [TEST_STEP][PASSED] - Statement - PreSaveFile = new java.io.File(((pathPrefix + java.lang.Integer.toString(counter)) + .png)): null

2018-12-17 15:42:41 - [TEST_STEP][PASSED] - Statement - counter = counter + 1: null

2018-12-17 15:42:41 - [TEST_STEP][PASSED] - Statement - PreSaveFile = new java.io.File(((pathPrefix + java.lang.Integer.toString(counter)) + .png)): null

2018-12-17 15:42:41 - [TEST_STEP][PASSED] - Statement - counter = counter + 1: null

2018-12-17 15:42:41 - [TEST_STEP][PASSED] - Statement - PreSaveFile = new java.io.File(((pathPrefix + java.lang.Integer.toString(counter)) + .png)): null

2018-12-17 15:42:41 - [TEST_STEP][PASSED] - Statement - counter = counter + 1: null

2018-12-17 15:42:41 - [TEST_STEP][PASSED] - Statement - PreSaveFile = new java.io.File(((pathPrefix + java.lang.Integer.toString(counter)) + .png)): null

2018-12-17 15:42:41 - [TEST_STEP][PASSED] - Statement - counter = counter + 1: null

2018-12-17 15:42:41 - [TEST_STEP][PASSED] - Statement - PreSaveFile = new java.io.File(((pathPrefix + java.lang.Integer.toString(counter)) + .png)): null

2018-12-17 15:42:41 - [TEST_STEP][PASSED] - Statement - counter = counter + 1: null

2018-12-17 15:42:41 - [TEST_STEP][PASSED] - Statement - PreSaveFile = new java.io.File(((pathPrefix + java.lang.Integer.toString(counter)) + .png)): null

2018-12-17 15:42:41 - [TEST_STEP][PASSED] - Statement - counter = counter + 1: null

2018-12-17 15:42:41 - [TEST_STEP][PASSED] - Statement - PreSaveFile = new java.io.File(((pathPrefix + java.lang.Integer.toString(counter)) + .png)): null

2018-12-17 15:42:41 - [TEST_STEP][PASSED] - Statement - counter = counter + 1: null

2018-12-17 15:42:41 - [TEST_STEP][PASSED] - Statement - PreSaveFile = new java.io.File(((pathPrefix + java.lang.Integer.toString(counter)) + .png)): null

2018-12-17 15:42:41 - [TEST_STEP][PASSED] - Statement - counter = counter + 1: null

2018-12-17 15:42:42 - [TEST_STEP][PASSED] - Statement - PreSaveFile = new java.io.File(((pathPrefix + java.lang.Integer.toString(counter)) + .png)): null

2018-12-17 15:42:42 - [TEST_STEP][PASSED] - Statement - counter = counter + 1: null

2018-12-17 15:42:42 - [TEST_STEP][PASSED] - Statement - PreSaveFile = new java.io.File(((pathPrefix + java.lang.Integer.toString(counter)) + .png)): null

2018-12-17 15:42:42 - [TEST_STEP][PASSED] - Statement - counter = counter + 1: null

2018-12-17 15:42:42 - [TEST_STEP][PASSED] - Statement - PreSaveFile = new java.io.File(((pathPrefix + java.lang.Integer.toString(counter)) + .png)): null

2018-12-17 15:42:42 - [TEST_STEP][PASSED] - Statement - counter = counter + 1: null

2018-12-17 15:42:42 - [TEST_STEP][PASSED] - Statement - PreSaveFile = new java.io.File(((pathPrefix + java.lang.Integer.toString(counter)) + .png)): null

2018-12-17 15:42:42 - [TEST_STEP][PASSED] - Statement - counter = counter + 1: null

2018-12-17 15:42:42 - [TEST_STEP][PASSED] - Statement - PreSaveFile = new java.io.File(((pathPrefix + java.lang.Integer.toString(counter)) + .png)): null

2018-12-17 15:42:42 - [TEST_STEP][PASSED] - Statement - counter = counter + 1: null

2018-12-17 15:42:42 - [TEST_STEP][PASSED] - Statement - PreSaveFile = new java.io.File(((pathPrefix + java.lang.Integer.toString(counter)) + .png)): null

2018-12-17 15:42:42 - [TEST_STEP][PASSED] - Statement - counter = counter + 1: null

2018-12-17 15:42:42 - [TEST_STEP][PASSED] - Statement - PreSaveFile = new java.io.File(((pathPrefix + java.lang.Integer.toString(counter)) + .png)): null

2018-12-17 15:42:42 - [TEST_STEP][PASSED] - Statement - counter = counter + 1: null

2018-12-17 15:42:42 - [TEST_STEP][PASSED] - Statement - PreSaveFile = new java.io.File(((pathPrefix + java.lang.Integer.toString(counter)) + .png)): null

2018-12-17 15:42:42 - [TEST_STEP][PASSED] - Statement - counter = counter + 1: null

2018-12-17 15:42:42 - [TEST_STEP][PASSED] - Statement - PreSaveFile = new java.io.File(((pathPrefix + java.lang.Integer.toString(counter)) + .png)): null

2018-12-17 15:42:42 - [TEST_STEP][PASSED] - Statement - counter = counter + 1: null

2018-12-17 15:42:42 - [TEST_STEP][PASSED] - Statement - PreSaveFile = new java.io.File(((pathPrefix + java.lang.Integer.toString(counter)) + .png)): null

2018-12-17 15:42:42 - [TEST_STEP][PASSED] - Statement - counter = counter + 1: null

2018-12-17 15:42:42 - [TEST_STEP][PASSED] - Statement - PreSaveFile = new java.io.File(((pathPrefix + java.lang.Integer.toString(counter)) + .png)): null

2018-12-17 15:42:42 - [TEST_STEP][PASSED] - Statement - counter = counter + 1: null

2018-12-17 15:42:42 - [TEST_STEP][PASSED] - Statement - PreSaveFile = new java.io.File(((pathPrefix + java.lang.Integer.toString(counter)) + .png)): null

2018-12-17 15:42:42 - [TEST_STEP][PASSED] - Statement - counter = counter + 1: null

2018-12-17 15:42:42 - [TEST_STEP][PASSED] - Statement - PreSaveFile = new java.io.File(((pathPrefix + java.lang.Integer.toString(counter)) + .png)): null

2018-12-17 15:42:42 - [TEST_STEP][PASSED] - Statement - counter = counter + 1: null

2018-12-17 15:42:42 - [TEST_STEP][PASSED] - Statement - PreSaveFile = new java.io.File(((pathPrefix + java.lang.Integer.toString(counter)) + .png)): null

2018-12-17 15:42:42 - [TEST_STEP][PASSED] - Statement - counter = counter + 1: null

2018-12-17 15:42:43 - [TEST_STEP][PASSED] - Statement - PreSaveFile = new java.io.File(((pathPrefix + java.lang.Integer.toString(counter)) + .png)): null

2018-12-17 15:42:43 - [TEST_STEP][PASSED] - Statement - counter = counter + 1: null

2018-12-17 15:42:43 - [TEST_STEP][PASSED] - Statement - PreSaveFile = new java.io.File(((pathPrefix + java.lang.Integer.toString(counter)) + .png)): null

2018-12-17 15:42:43 - [TEST_STEP][PASSED] - Statement - counter = counter + 1: null

2018-12-17 15:42:43 - [TEST_STEP][PASSED] - Statement - PreSaveFile = new java.io.File(((pathPrefix + java.lang.Integer.toString(counter)) + .png)): null

2018-12-17 15:42:43 - [TEST_STEP][PASSED] - Statement - counter = counter + 1: null

2018-12-17 15:42:43 - [TEST_STEP][PASSED] - Statement - PreSaveFile = new java.io.File(((pathPrefix + java.lang.Integer.toString(counter)) + .png)): null

2018-12-17 15:42:43 - [TEST_STEP][PASSED] - Statement - counter = counter + 1: null

2018-12-17 15:42:43 - [TEST_STEP][PASSED] - Statement - PreSaveFile = new java.io.File(((pathPrefix + java.lang.Integer.toString(counter)) + .png)): null

2018-12-17 15:42:43 - [TEST_STEP][PASSED] - Statement - counter = counter + 1: null

2018-12-17 15:42:43 - [TEST_STEP][PASSED] - Statement - PreSaveFile = new java.io.File(((pathPrefix + java.lang.Integer.toString(counter)) + .png)): null

2018-12-17 15:42:43 - [TEST_STEP][PASSED] - Statement - counter = counter + 1: null

2018-12-17 15:42:43 - [TEST_STEP][PASSED] - Statement - PreSaveFile = new java.io.File(((pathPrefix + java.lang.Integer.toString(counter)) + .png)): null

2018-12-17 15:42:43 - [TEST_STEP][PASSED] - Statement - counter = counter + 1: null

2018-12-17 15:42:43 - [TEST_STEP][PASSED] - Statement - PreSaveFile = new java.io.File(((pathPrefix + java.lang.Integer.toString(counter)) + .png)): null

2018-12-17 15:42:43 - [TEST_STEP][PASSED] - Statement - counter = counter + 1: null

2018-12-17 15:42:43 - [TEST_STEP][PASSED] - Statement - PreSaveFile = new java.io.File(((pathPrefix + java.lang.Integer.toString(counter)) + .png)): null

2018-12-17 15:42:43 - [TEST_STEP][PASSED] - Statement - counter = counter + 1: null

2018-12-17 15:42:43 - [TEST_STEP][PASSED] - Statement - PreSaveFile = new java.io.File(((pathPrefix + java.lang.Integer.toString(counter)) + .png)): null

2018-12-17 15:42:43 - [TEST_STEP][PASSED] - Statement - counter = counter + 1: null

2018-12-17 15:42:43 - [TEST_STEP][PASSED] - Statement - PreSaveFile = new java.io.File(((pathPrefix + java.lang.Integer.toString(counter)) + .png)): null

2018-12-17 15:42:43 - [TEST_STEP][PASSED] - Statement - counter = counter + 1: null

2018-12-17 15:42:43 - [TEST_STEP][PASSED] - Statement - PreSaveFile = new java.io.File(((pathPrefix + java.lang.Integer.toString(counter)) + .png)): null

2018-12-17 15:42:43 - [TEST_STEP][PASSED] - Statement - counter = counter + 1: null

2018-12-17 15:42:43 - [TEST_STEP][PASSED] - Statement - PreSaveFile = new java.io.File(((pathPrefix + java.lang.Integer.toString(counter)) + .png)): null

2018-12-17 15:42:43 - [TEST_STEP][PASSED] - Statement - counter = counter + 1: null

2018-12-17 15:42:43 - [TEST_STEP][PASSED] - Statement - PreSaveFile = new java.io.File(((pathPrefix + java.lang.Integer.toString(counter)) + .png)): null

2018-12-17 15:42:43 - [TEST_STEP][PASSED] - Statement - counter = counter + 1: null

2018-12-17 15:42:43 - [TEST_STEP][PASSED] - Statement - PreSaveFile = new java.io.File(((pathPrefix + java.lang.Integer.toString(counter)) + .png)): null

2018-12-17 15:42:44 - [TEST_STEP][PASSED] - Statement - counter = counter + 1: null

2018-12-17 15:42:44 - [TEST_STEP][PASSED] - Statement - PreSaveFile = new java.io.File(((pathPrefix + java.lang.Integer.toString(counter)) + .png)): null

2018-12-17 15:42:44 - [TEST_STEP][PASSED] - Statement - counter = counter + 1: null

2018-12-17 15:42:44 - [TEST_STEP][PASSED] - Statement - PreSaveFile = new java.io.File(((pathPrefix + java.lang.Integer.toString(counter)) + .png)): null

2018-12-17 15:42:44 - [TEST_STEP][PASSED] - Statement - counter = counter + 1: null

2018-12-17 15:42:44 - [TEST_STEP][PASSED] - Statement - PreSaveFile = new java.io.File(((pathPrefix + java.lang.Integer.toString(counter)) + .png)): null

2018-12-17 15:42:44 - [TEST_STEP][PASSED] - Statement - counter = counter + 1: null

2018-12-17 15:42:44 - [TEST_STEP][PASSED] - Statement - PreSaveFile = new java.io.File(((pathPrefix + java.lang.Integer.toString(counter)) + .png)): null

2018-12-17 15:42:44 - [TEST_STEP][PASSED] - Statement - counter = counter + 1: null

2018-12-17 15:42:44 - [TEST_STEP][PASSED] - Statement - PreSaveFile = new java.io.File(((pathPrefix + java.lang.Integer.toString(counter)) + .png)): null

2018-12-17 15:42:44 - [TEST_STEP][PASSED] - Statement - counter = counter + 1: null

2018-12-17 15:42:44 - [TEST_STEP][PASSED] - Statement - PreSaveFile = new java.io.File(((pathPrefix + java.lang.Integer.toString(counter)) + .png)): null

2018-12-17 15:42:44 - [TEST_STEP][PASSED] - Statement - counter = counter + 1: null

2018-12-17 15:42:44 - [TEST_STEP][PASSED] - Statement - PreSaveFile = new java.io.File(((pathPrefix + java.lang.Integer.toString(counter)) + .png)): null

2018-12-17 15:42:44 - [TEST_STEP][PASSED] - Statement - counter = counter + 1: null

2018-12-17 15:42:44 - [TEST_STEP][PASSED] - Statement - PreSaveFile = new java.io.File(((pathPrefix + java.lang.Integer.toString(counter)) + .png)): null

2018-12-17 15:42:44 - [TEST_STEP][PASSED] - Statement - counter = counter + 1: null

2018-12-17 15:42:44 - [TEST_STEP][PASSED] - Statement - PreSaveFile = new java.io.File(((pathPrefix + java.lang.Integer.toString(counter)) + .png)): null

2018-12-17 15:42:44 - [TEST_STEP][PASSED] - Statement - counter = counter + 1: null

2018-12-17 15:42:44 - [TEST_STEP][PASSED] - Statement - PreSaveFile = new java.io.File(((pathPrefix + java.lang.Integer.toString(counter)) + .png)): null

2018-12-17 15:42:44 - [TEST_STEP][PASSED] - Statement - counter = counter + 1: null

2018-12-17 15:42:44 - [TEST_STEP][PASSED] - Statement - PreSaveFile = new java.io.File(((pathPrefix + java.lang.Integer.toString(counter)) + .png)): null

2018-12-17 15:42:44 - [TEST_STEP][PASSED] - Statement - counter = counter + 1: null

2018-12-17 15:42:44 - [TEST_STEP][PASSED] - Statement - PreSaveFile = new java.io.File(((pathPrefix + java.lang.Integer.toString(counter)) + .png)): null

2018-12-17 15:42:44 - [TEST_STEP][PASSED] - Statement - counter = counter + 1: null

2018-12-17 15:42:44 - [TEST_STEP][PASSED] - Statement - PreSaveFile = new java.io.File(((pathPrefix + java.lang.Integer.toString(counter)) + .png)): null

2018-12-17 15:42:44 - [TEST_STEP][PASSED] - Statement - counter = counter + 1: null

2018-12-17 15:42:44 - [TEST_STEP][PASSED] - Statement - PreSaveFile = new java.io.File(((pathPrefix + java.lang.Integer.toString(counter)) + .png)): null

2018-12-17 15:42:44 - [TEST_STEP][PASSED] - Statement - counter = counter + 1: null

2018-12-17 15:42:45 - [TEST_STEP][PASSED] - Statement - PreSaveFile = new java.io.File(((pathPrefix + java.lang.Integer.toString(counter)) + .png)): null

2018-12-17 15:42:45 - [TEST_STEP][PASSED] - Statement - counter = counter + 1: null

2018-12-17 15:42:45 - [TEST_STEP][PASSED] - Statement - PreSaveFile = new java.io.File(((pathPrefix + java.lang.Integer.toString(counter)) + .png)): null

2018-12-17 15:42:45 - [TEST_STEP][PASSED] - Statement - counter = counter + 1: null

2018-12-17 15:42:45 - [TEST_STEP][PASSED] - Statement - PreSaveFile = new java.io.File(((pathPrefix + java.lang.Integer.toString(counter)) + .png)): null

2018-12-17 15:42:45 - [TEST_STEP][PASSED] - Statement - counter = counter + 1: null

2018-12-17 15:42:45 - [TEST_STEP][PASSED] - Statement - PreSaveFile = new java.io.File(((pathPrefix + java.lang.Integer.toString(counter)) + .png)): null

2018-12-17 15:42:45 - [TEST_STEP][PASSED] - Statement - counter = counter + 1: null

2018-12-17 15:42:45 - [TEST_STEP][PASSED] - Statement - PreSaveFile = new java.io.File(((pathPrefix + java.lang.Integer.toString(counter)) + .png)): null

2018-12-17 15:42:45 - [TEST_STEP][PASSED] - Statement - counter = counter + 1: null

2018-12-17 15:42:45 - [TEST_STEP][PASSED] - Statement - PreSaveFile = new java.io.File(((pathPrefix + java.lang.Integer.toString(counter)) + .png)): null

2018-12-17 15:42:45 - [TEST_STEP][PASSED] - Statement - counter = counter + 1: null

2018-12-17 15:42:45 - [TEST_STEP][PASSED] - Statement - PreSaveFile = new java.io.File(((pathPrefix + java.lang.Integer.toString(counter)) + .png)): null

2018-12-17 15:42:45 - [TEST_STEP][PASSED] - Statement - counter = counter + 1: null

2018-12-17 15:42:45 - [TEST_STEP][PASSED] - Statement - PreSaveFile = new java.io.File(((pathPrefix + java.lang.Integer.toString(counter)) + .png)): null

2018-12-17 15:42:45 - [TEST_STEP][PASSED] - Statement - counter = counter + 1: null

2018-12-17 15:42:45 - [TEST_STEP][PASSED] - Statement - PreSaveFile = new java.io.File(((pathPrefix + java.lang.Integer.toString(counter)) + .png)): null

2018-12-17 15:42:45 - [TEST_STEP][PASSED] - Statement - counter = counter + 1: null

2018-12-17 15:42:45 - [TEST_STEP][PASSED] - Statement - PreSaveFile = new java.io.File(((pathPrefix + java.lang.Integer.toString(counter)) + .png)): null

2018-12-17 15:42:45 - [TEST_STEP][PASSED] - Statement - counter = counter + 1: null

2018-12-17 15:42:45 - [TEST_STEP][PASSED] - Statement - PreSaveFile = new java.io.File(((pathPrefix + java.lang.Integer.toString(counter)) + .png)): null

2018-12-17 15:42:45 - [TEST_STEP][PASSED] - Statement - counter = counter + 1: null

2018-12-17 15:42:45 - [TEST_STEP][PASSED] - Statement - PreSaveFile = new java.io.File(((pathPrefix + java.lang.Integer.toString(counter)) + .png)): null

2018-12-17 15:42:45 - [TEST_STEP][PASSED] - Statement - counter = counter + 1: null

2018-12-17 15:42:45 - [TEST_STEP][PASSED] - Statement - PreSaveFile = new java.io.File(((pathPrefix + java.lang.Integer.toString(counter)) + .png)): null

2018-12-17 15:42:45 - [TEST_STEP][PASSED] - Statement - counter = counter + 1: null

2018-12-17 15:42:45 - [TEST_STEP][PASSED] - Statement - PreSaveFile = new java.io.File(((pathPrefix + java.lang.Integer.toString(counter)) + .png)): null

2018-12-17 15:42:45 - [TEST_STEP][PASSED] - Statement - counter = counter + 1: null

2018-12-17 15:42:45 - [TEST_STEP][PASSED] - Statement - PreSaveFile = new java.io.File(((pathPrefix + java.lang.Integer.toString(counter)) + .png)): null

2018-12-17 15:42:46 - [TEST_STEP][PASSED] - Statement - counter = counter + 1: null

2018-12-17 15:42:46 - [TEST_STEP][PASSED] - Statement - PreSaveFile = new java.io.File(((pathPrefix + java.lang.Integer.toString(counter)) + .png)): null

2018-12-17 15:42:46 - [TEST_STEP][PASSED] - Statement - counter = counter + 1: null

2018-12-17 15:42:46 - [TEST_STEP][PASSED] - Statement - PreSaveFile = new java.io.File(((pathPrefix + java.lang.Integer.toString(counter)) + .png)): null

2018-12-17 15:42:46 - [TEST_STEP][PASSED] - Statement - counter = counter + 1: null

2018-12-17 15:42:46 - [TEST_STEP][PASSED] - Statement - PreSaveFile = new java.io.File(((pathPrefix + java.lang.Integer.toString(counter)) + .png)): null

2018-12-17 15:42:46 - [TEST_STEP][PASSED] - Statement - counter = counter + 1: null

2018-12-17 15:42:46 - [TEST_STEP][PASSED] - Statement - PreSaveFile = new java.io.File(((pathPrefix + java.lang.Integer.toString(counter)) + .png)): null

2018-12-17 15:42:46 - [TEST_STEP][PASSED] - Statement - counter = counter + 1: null

2018-12-17 15:42:46 - [TEST_STEP][PASSED] - Statement - PreSaveFile = new java.io.File(((pathPrefix + java.lang.Integer.toString(counter)) + .png)): null

2018-12-17 15:42:46 - [TEST_STEP][PASSED] - Statement - counter = counter + 1: null

2018-12-17 15:42:46 - [TEST_STEP][PASSED] - Statement - PreSaveFile = new java.io.File(((pathPrefix + java.lang.Integer.toString(counter)) + .png)): null

2018-12-17 15:42:46 - [TEST_STEP][PASSED] - Statement - counter = counter + 1: null

2018-12-17 15:42:46 - [TEST_STEP][PASSED] - Statement - PreSaveFile = new java.io.File(((pathPrefix + java.lang.Integer.toString(counter)) + .png)): null

2018-12-17 15:42:46 - [TEST_STEP][PASSED] - Statement - counter = counter + 1: null

2018-12-17 15:42:46 - [TEST_STEP][PASSED] - Statement - PreSaveFile = new java.io.File(((pathPrefix + java.lang.Integer.toString(counter)) + .png)): null

2018-12-17 15:42:46 - [TEST_STEP][PASSED] - Statement - counter = counter + 1: null

2018-12-17 15:42:46 - [TEST_STEP][PASSED] - Statement - PreSaveFile = new java.io.File(((pathPrefix + java.lang.Integer.toString(counter)) + .png)): null

2018-12-17 15:42:46 - [TEST_STEP][PASSED] - Statement - counter = counter + 1: null

2018-12-17 15:42:46 - [TEST_STEP][PASSED] - Statement - PreSaveFile = new java.io.File(((pathPrefix + java.lang.Integer.toString(counter)) + .png)): null

2018-12-17 15:42:46 - [TEST_STEP][PASSED] - Statement - counter = counter + 1: null

2018-12-17 15:42:46 - [TEST_STEP][PASSED] - Statement - PreSaveFile = new java.io.File(((pathPrefix + java.lang.Integer.toString(counter)) + .png)): null

2018-12-17 15:42:46 - [TEST_STEP][PASSED] - Statement - counter = counter + 1: null

2018-12-17 15:42:46 - [TEST_STEP][PASSED] - Statement - PreSaveFile = new java.io.File(((pathPrefix + java.lang.Integer.toString(counter)) + .png)): null

2018-12-17 15:42:46 - [TEST_STEP][PASSED] - Statement - counter = counter + 1: null

2018-12-17 15:42:46 - [TEST_STEP][PASSED] - Statement - PreSaveFile = new java.io.File(((pathPrefix + java.lang.Integer.toString(counter)) + .png)): null

2018-12-17 15:42:46 - [TEST_STEP][PASSED] - Statement - counter = counter + 1: null

2018-12-17 15:42:46 - [TEST_STEP][PASSED] - Statement - PreSaveFile = new java.io.File(((pathPrefix + java.lang.Integer.toString(counter)) + .png)): null

2018-12-17 15:42:46 - [TEST_STEP][PASSED] - Statement - counter = counter + 1: null

2018-12-17 15:42:47 - [TEST_STEP][PASSED] - Statement - PreSaveFile = new java.io.File(((pathPrefix + java.lang.Integer.toString(counter)) + .png)): null

2018-12-17 15:42:47 - [TEST_STEP][PASSED] - Statement - counter = counter + 1: null

2018-12-17 15:42:47 - [TEST_STEP][PASSED] - Statement - PreSaveFile = new java.io.File(((pathPrefix + java.lang.Integer.toString(counter)) + .png)): null

2018-12-17 15:42:47 - [TEST_STEP][PASSED] - Statement - counter = counter + 1: null

2018-12-17 15:42:47 - [TEST_STEP][PASSED] - Statement - PreSaveFile = new java.io.File(((pathPrefix + java.lang.Integer.toString(counter)) + .png)): null

2018-12-17 15:42:47 - [TEST_STEP][PASSED] - Statement - counter = counter + 1: null

2018-12-17 15:42:47 - [TEST_STEP][PASSED] - Statement - PreSaveFile = new java.io.File(((pathPrefix + java.lang.Integer.toString(counter)) + .png)): null

2018-12-17 15:42:47 - [TEST_STEP][PASSED] - Statement - counter = counter + 1: null

2018-12-17 15:42:47 - [TEST_STEP][PASSED] - Statement - PreSaveFile = new java.io.File(((pathPrefix + java.lang.Integer.toString(counter)) + .png)): null

2018-12-17 15:42:47 - [TEST_STEP][PASSED] - Statement - counter = counter + 1: null

2018-12-17 15:42:47 - [TEST_STEP][PASSED] - Statement - PreSaveFile = new java.io.File(((pathPrefix + java.lang.Integer.toString(counter)) + .png)): null

2018-12-17 15:42:47 - [TEST_STEP][PASSED] - Statement - counter = counter + 1: null

2018-12-17 15:42:47 - [TEST_STEP][PASSED] - Statement - PreSaveFile = new java.io.File(((pathPrefix + java.lang.Integer.toString(counter)) + .png)): null

2018-12-17 15:42:47 - [TEST_STEP][PASSED] - Statement - counter = counter + 1: null

2018-12-17 15:42:47 - [TEST_STEP][PASSED] - Statement - PreSaveFile = new java.io.File(((pathPrefix + java.lang.Integer.toString(counter)) + .png)): null

2018-12-17 15:42:47 - [TEST_STEP][PASSED] - Statement - counter = counter + 1: null

2018-12-17 15:42:47 - [TEST_STEP][PASSED] - Statement - PreSaveFile = new java.io.File(((pathPrefix + java.lang.Integer.toString(counter)) + .png)): null

2018-12-17 15:42:47 - [TEST_STEP][PASSED] - Statement - counter = counter + 1: null

2018-12-17 15:42:47 - [TEST_STEP][PASSED] - Statement - PreSaveFile = new java.io.File(((pathPrefix + java.lang.Integer.toString(counter)) + .png)): null

2018-12-17 15:42:47 - [TEST_STEP][PASSED] - Statement - counter = counter + 1: null

2018-12-17 15:42:47 - [TEST_STEP][PASSED] - Statement - PreSaveFile = new java.io.File(((pathPrefix + java.lang.Integer.toString(counter)) + .png)): null

2018-12-17 15:42:47 - [TEST_STEP][PASSED] - Statement - counter = counter + 1: null

2018-12-17 15:42:47 - [TEST_STEP][PASSED] - Statement - PreSaveFile = new java.io.File(((pathPrefix + java.lang.Integer.toString(counter)) + .png)): null

2018-12-17 15:42:47 - [TEST_STEP][PASSED] - Statement - counter = counter + 1: null

2018-12-17 15:42:47 - [TEST_STEP][PASSED] - Statement - PreSaveFile = new java.io.File(((pathPrefix + java.lang.Integer.toString(counter)) + .png)): null

2018-12-17 15:42:47 - [TEST_STEP][PASSED] - Statement - counter = counter + 1: null

2018-12-17 15:42:47 - [TEST_STEP][PASSED] - Statement - PreSaveFile = new java.io.File(((pathPrefix + java.lang.Integer.toString(counter)) + .png)): null

2018-12-17 15:42:47 - [TEST_STEP][PASSED] - Statement - counter = counter + 1: null

2018-12-17 15:42:47 - [TEST_STEP][PASSED] - Statement - PreSaveFile = new java.io.File(((pathPrefix + java.lang.Integer.toString(counter)) + .png)): null

2018-12-17 15:42:48 - [TEST_STEP][PASSED] - Statement - counter = counter + 1: null

2018-12-17 15:42:48 - [TEST_STEP][PASSED] - Statement - PreSaveFile = new java.io.File(((pathPrefix + java.lang.Integer.toString(counter)) + .png)): null

2018-12-17 15:42:48 - [TEST_STEP][PASSED] - Statement - counter = counter + 1: null

2018-12-17 15:42:48 - [TEST_STEP][PASSED] - Statement - PreSaveFile = new java.io.File(((pathPrefix + java.lang.Integer.toString(counter)) + .png)): null

2018-12-17 15:42:48 - [TEST_STEP][PASSED] - Statement - counter = counter + 1: null

2018-12-17 15:42:48 - [TEST_STEP][PASSED] - Statement - PreSaveFile = new java.io.File(((pathPrefix + java.lang.Integer.toString(counter)) + .png)): null

2018-12-17 15:42:48 - [TEST_STEP][PASSED] - Statement - counter = counter + 1: null

2018-12-17 15:42:48 - [TEST_STEP][PASSED] - Statement - PreSaveFile = new java.io.File(((pathPrefix + java.lang.Integer.toString(counter)) + .png)): null

2018-12-17 15:42:48 - [TEST_STEP][PASSED] - Statement - counter = counter + 1: null

2018-12-17 15:42:48 - [TEST_STEP][PASSED] - Statement - PreSaveFile = new java.io.File(((pathPrefix + java.lang.Integer.toString(counter)) + .png)): null

2018-12-17 15:42:48 - [TEST_STEP][PASSED] - Statement - counter = counter + 1: null

2018-12-17 15:42:48 - [TEST_STEP][PASSED] - Statement - PreSaveFile = new java.io.File(((pathPrefix + java.lang.Integer.toString(counter)) + .png)): null

2018-12-17 15:42:48 - [TEST_STEP][PASSED] - Statement - counter = counter + 1: null

2018-12-17 15:42:48 - [TEST_STEP][PASSED] - Statement - PreSaveFile = new java.io.File(((pathPrefix + java.lang.Integer.toString(counter)) + .png)): null

2018-12-17 15:42:48 - [TEST_STEP][PASSED] - Statement - counter = counter + 1: null

2018-12-17 15:42:48 - [TEST_STEP][PASSED] - Statement - PreSaveFile = new java.io.File(((pathPrefix + java.lang.Integer.toString(counter)) + .png)): null

2018-12-17 15:42:48 - [TEST_STEP][PASSED] - Statement - counter = counter + 1: null

2018-12-17 15:42:48 - [TEST_STEP][PASSED] - Statement - PreSaveFile = new java.io.File(((pathPrefix + java.lang.Integer.toString(counter)) + .png)): null

2018-12-17 15:42:48 - [TEST_STEP][PASSED] - Statement - counter = counter + 1: null

2018-12-17 15:42:48 - [TEST_STEP][PASSED] - Statement - PreSaveFile = new java.io.File(((pathPrefix + java.lang.Integer.toString(counter)) + .png)): null

2018-12-17 15:42:48 - [TEST_STEP][PASSED] - Statement - counter = counter + 1: null

2018-12-17 15:42:48 - [TEST_STEP][PASSED] - Statement - PreSaveFile = new java.io.File(((pathPrefix + java.lang.Integer.toString(counter)) + .png)): null

2018-12-17 15:42:48 - [TEST_STEP][PASSED] - Statement - counter = counter + 1: null

2018-12-17 15:42:48 - [TEST_STEP][PASSED] - Statement - PreSaveFile = new java.io.File(((pathPrefix + java.lang.Integer.toString(counter)) + .png)): null

2018-12-17 15:42:48 - [TEST_STEP][PASSED] - Statement - counter = counter + 1: null

2018-12-17 15:42:48 - [TEST_STEP][PASSED] - Statement - PreSaveFile = new java.io.File(((pathPrefix + java.lang.Integer.toString(counter)) + .png)): null

2018-12-17 15:42:48 - [TEST_STEP][PASSED] - Statement - counter = counter + 1: null

2018-12-17 15:42:48 - [TEST_STEP][PASSED] - Statement - PreSaveFile = new java.io.File(((pathPrefix + java.lang.Integer.toString(counter)) + .png)): null

2018-12-17 15:42:49 - [TEST_STEP][PASSED] - Statement - counter = counter + 1: null

2018-12-17 15:42:49 - [TEST_STEP][PASSED] - Statement - PreSaveFile = new java.io.File(((pathPrefix + java.lang.Integer.toString(counter)) + .png)): null

2018-12-17 15:42:49 - [TEST_STEP][PASSED] - Statement - counter = counter + 1: null

2018-12-17 15:42:49 - [TEST_STEP][PASSED] - Statement - PreSaveFile = new java.io.File(((pathPrefix + java.lang.Integer.toString(counter)) + .png)): null

2018-12-17 15:42:49 - [TEST_STEP][PASSED] - Statement - counter = counter + 1: null

2018-12-17 15:42:49 - [TEST_STEP][PASSED] - Statement - PreSaveFile = new java.io.File(((pathPrefix + java.lang.Integer.toString(counter)) + .png)): null

2018-12-17 15:42:49 - [TEST_STEP][PASSED] - Statement - counter = counter + 1: null

2018-12-17 15:42:49 - [TEST_STEP][PASSED] - Statement - PreSaveFile = new java.io.File(((pathPrefix + java.lang.Integer.toString(counter)) + .png)): null

2018-12-17 15:42:49 - [TEST_STEP][PASSED] - Statement - counter = counter + 1: null

2018-12-17 15:42:49 - [TEST_STEP][PASSED] - Statement - PreSaveFile = new java.io.File(((pathPrefix + java.lang.Integer.toString(counter)) + .png)): null

2018-12-17 15:42:49 - [TEST_STEP][PASSED] - Statement - counter = counter + 1: null

2018-12-17 15:42:49 - [TEST_STEP][PASSED] - Statement - PreSaveFile = new java.io.File(((pathPrefix + java.lang.Integer.toString(counter)) + .png)): null

2018-12-17 15:42:49 - [TEST_STEP][PASSED] - Statement - counter = counter + 1: null

2018-12-17 15:42:49 - [TEST_STEP][PASSED] - Statement - PreSaveFile = new java.io.File(((pathPrefix + java.lang.Integer.toString(counter)) + .png)): null

2018-12-17 15:42:49 - [TEST_STEP][PASSED] - Statement - counter = counter + 1: null

2018-12-17 15:42:49 - [TEST_STEP][PASSED] - Statement - PreSaveFile = new java.io.File(((pathPrefix + java.lang.Integer.toString(counter)) + .png)): null

2018-12-17 15:42:49 - [TEST_STEP][PASSED] - Statement - counter = counter + 1: null

2018-12-17 15:42:49 - [TEST_STEP][PASSED] - Statement - PreSaveFile = new java.io.File(((pathPrefix + java.lang.Integer.toString(counter)) + .png)): null

2018-12-17 15:42:49 - [TEST_STEP][PASSED] - Statement - counter = counter + 1: null

2018-12-17 15:42:49 - [TEST_STEP][PASSED] - Statement - PreSaveFile = new java.io.File(((pathPrefix + java.lang.Integer.toString(counter)) + .png)): null

2018-12-17 15:42:49 - [TEST_STEP][PASSED] - Statement - counter = counter + 1: null

2018-12-17 15:42:49 - [TEST_STEP][PASSED] - Statement - PreSaveFile = new java.io.File(((pathPrefix + java.lang.Integer.toString(counter)) + .png)): null

2018-12-17 15:42:49 - [TEST_STEP][PASSED] - Statement - counter = counter + 1: null

2018-12-17 15:42:49 - [TEST_STEP][PASSED] - Statement - PreSaveFile = new java.io.File(((pathPrefix + java.lang.Integer.toString(counter)) + .png)): null

2018-12-17 15:42:49 - [TEST_STEP][PASSED] - Statement - counter = counter + 1: null

2018-12-17 15:42:49 - [TEST_STEP][PASSED] - Statement - PreSaveFile = new java.io.File(((pathPrefix + java.lang.Integer.toString(counter)) + .png)): null

2018-12-17 15:42:49 - [TEST_STEP][PASSED] - Statement - counter = counter + 1: null

2018-12-17 15:42:49 - [TEST_STEP][PASSED] - Statement - PreSaveFile = new java.io.File(((pathPrefix + java.lang.Integer.toString(counter)) + .png)): null

2018-12-17 15:42:49 - [TEST_STEP][PASSED] - Statement - counter = counter + 1: null

2018-12-17 15:42:50 - [TEST_STEP][PASSED] - Statement - PreSaveFile = new java.io.File(((pathPrefix + java.lang.Integer.toString(counter)) + .png)): null

2018-12-17 15:42:50 - [TEST_STEP][PASSED] - Statement - counter = counter + 1: null

2018-12-17 15:42:50 - [TEST_STEP][PASSED] - Statement - PreSaveFile = new java.io.File(((pathPrefix + java.lang.Integer.toString(counter)) + .png)): null

2018-12-17 15:42:50 - [TEST_STEP][PASSED] - Statement - counter = counter + 1: null

2018-12-17 15:42:50 - [TEST_STEP][PASSED] - Statement - PreSaveFile = new java.io.File(((pathPrefix + java.lang.Integer.toString(counter)) + .png)): null

2018-12-17 15:42:50 - [TEST_STEP][PASSED] - Statement - counter = counter + 1: null

2018-12-17 15:42:50 - [TEST_STEP][PASSED] - Statement - PreSaveFile = new java.io.File(((pathPrefix + java.lang.Integer.toString(counter)) + .png)): null

2018-12-17 15:42:50 - [TEST_STEP][PASSED] - Statement - counter = counter + 1: null

2018-12-17 15:42:50 - [TEST_STEP][PASSED] - Statement - PreSaveFile = new java.io.File(((pathPrefix + java.lang.Integer.toString(counter)) + .png)): null

2018-12-17 15:42:50 - [TEST_STEP][PASSED] - Statement - counter = counter + 1: null

2018-12-17 15:42:50 - [TEST_STEP][PASSED] - Statement - PreSaveFile = new java.io.File(((pathPrefix + java.lang.Integer.toString(counter)) + .png)): null

2018-12-17 15:42:50 - [TEST_STEP][PASSED] - Statement - counter = counter + 1: null

2018-12-17 15:42:50 - [TEST_STEP][PASSED] - Statement - PreSaveFile = new java.io.File(((pathPrefix + java.lang.Integer.toString(counter)) + .png)): null

2018-12-17 15:42:50 - [TEST_STEP][PASSED] - Statement - counter = counter + 1: null

2018-12-17 15:42:50 - [TEST_STEP][PASSED] - Statement - PreSaveFile = new java.io.File(((pathPrefix + java.lang.Integer.toString(counter)) + .png)): null

2018-12-17 15:42:50 - [TEST_STEP][PASSED] - Statement - counter = counter + 1: null

2018-12-17 15:42:50 - [TEST_STEP][PASSED] - Statement - PreSaveFile = new java.io.File(((pathPrefix + java.lang.Integer.toString(counter)) + .png)): null

2018-12-17 15:42:50 - [TEST_STEP][PASSED] - Statement - counter = counter + 1: null

2018-12-17 15:42:50 - [TEST_STEP][PASSED] - Statement - PreSaveFile = new java.io.File(((pathPrefix + java.lang.Integer.toString(counter)) + .png)): null

2018-12-17 15:42:50 - [TEST_STEP][PASSED] - Statement - counter = counter + 1: null

2018-12-17 15:42:50 - [TEST_STEP][PASSED] - Statement - PreSaveFile = new java.io.File(((pathPrefix + java.lang.Integer.toString(counter)) + .png)): null

2018-12-17 15:42:50 - [TEST_STEP][PASSED] - Statement - counter = counter + 1: null

2018-12-17 15:42:50 - [TEST_STEP][PASSED] - Statement - PreSaveFile = new java.io.File(((pathPrefix + java.lang.Integer.toString(counter)) + .png)): null

2018-12-17 15:42:50 - [TEST_STEP][PASSED] - Statement - counter = counter + 1: null

2018-12-17 15:42:50 - [TEST_STEP][PASSED] - Statement - PreSaveFile = new java.io.File(((pathPrefix + java.lang.Integer.toString(counter)) + .png)): null

2018-12-17 15:42:50 - [TEST_STEP][PASSED] - Statement - counter = counter + 1: null

2018-12-17 15:42:50 - [TEST_STEP][PASSED] - Statement - PreSaveFile = new java.io.File(((pathPrefix + java.lang.Integer.toString(counter)) + .png)): null

2018-12-17 15:42:50 - [TEST_STEP][PASSED] - Statement - counter = counter + 1: null

2018-12-17 15:42:50 - [TEST_STEP][PASSED] - Statement - PreSaveFile = new java.io.File(((pathPrefix + java.lang.Integer.toString(counter)) + .png)): null

2018-12-17 15:42:51 - [TEST_STEP][PASSED] - Statement - counter = counter + 1: null

2018-12-17 15:42:51 - [TEST_STEP][PASSED] - Statement - PreSaveFile = new java.io.File(((pathPrefix + java.lang.Integer.toString(counter)) + .png)): null

2018-12-17 15:42:51 - [TEST_STEP][PASSED] - Statement - counter = counter + 1: null

2018-12-17 15:42:51 - [TEST_STEP][PASSED] - Statement - PreSaveFile = new java.io.File(((pathPrefix + java.lang.Integer.toString(counter)) + .png)): null

2018-12-17 15:42:51 - [TEST_STEP][PASSED] - Statement - counter = counter + 1: null

2018-12-17 15:42:51 - [TEST_STEP][PASSED] - Statement - PreSaveFile = new java.io.File(((pathPrefix + java.lang.Integer.toString(counter)) + .png)): null

2018-12-17 15:42:51 - [TEST_STEP][PASSED] - Statement - counter = counter + 1: null

2018-12-17 15:42:51 - [TEST_STEP][PASSED] - Statement - PreSaveFile = new java.io.File(((pathPrefix + java.lang.Integer.toString(counter)) + .png)): null

2018-12-17 15:42:51 - [TEST_STEP][PASSED] - Statement - counter = counter + 1: null

2018-12-17 15:42:51 - [TEST_STEP][PASSED] - Statement - PreSaveFile = new java.io.File(((pathPrefix + java.lang.Integer.toString(counter)) + .png)): null

2018-12-17 15:42:51 - [TEST_STEP][PASSED] - Statement - counter = counter + 1: null

2018-12-17 15:42:51 - [TEST_STEP][PASSED] - Statement - PreSaveFile = new java.io.File(((pathPrefix + java.lang.Integer.toString(counter)) + .png)): null

2018-12-17 15:42:51 - [TEST_STEP][PASSED] - Statement - counter = counter + 1: null

2018-12-17 15:42:51 - [TEST_STEP][PASSED] - Statement - PreSaveFile = new java.io.File(((pathPrefix + java.lang.Integer.toString(counter)) + .png)): null

2018-12-17 15:42:51 - [TEST_STEP][PASSED] - Statement - counter = counter + 1: null

2018-12-17 15:42:51 - [TEST_STEP][PASSED] - Statement - PreSaveFile = new java.io.File(((pathPrefix + java.lang.Integer.toString(counter)) + .png)): null

2018-12-17 15:42:51 - [TEST_STEP][PASSED] - Statement - counter = counter + 1: null

2018-12-17 15:42:51 - [TEST_STEP][PASSED] - Statement - PreSaveFile = new java.io.File(((pathPrefix + java.lang.Integer.toString(counter)) + .png)): null

2018-12-17 15:42:51 - [TEST_STEP][PASSED] - Statement - counter = counter + 1: null

2018-12-17 15:42:51 - [TEST_STEP][PASSED] - Statement - PreSaveFile = new java.io.File(((pathPrefix + java.lang.Integer.toString(counter)) + .png)): null

2018-12-17 15:42:51 - [TEST_STEP][PASSED] - Statement - counter = counter + 1: null

2018-12-17 15:42:51 - [TEST_STEP][PASSED] - Statement - PreSaveFile = new java.io.File(((pathPrefix + java.lang.Integer.toString(counter)) + .png)): null

2018-12-17 15:42:51 - [TEST_STEP][PASSED] - Statement - counter = counter + 1: null

2018-12-17 15:42:51 - [TEST_STEP][PASSED] - Statement - PreSaveFile = new java.io.File(((pathPrefix + java.lang.Integer.toString(counter)) + .png)): null

2018-12-17 15:42:51 - [TEST_STEP][PASSED] - Statement - counter = counter + 1: null

2018-12-17 15:42:51 - [TEST_STEP][PASSED] - Statement - PreSaveFile = new java.io.File(((pathPrefix + java.lang.Integer.toString(counter)) + .png)): null

2018-12-17 15:42:51 - [TEST_STEP][PASSED] - Statement - counter = counter + 1: null

2018-12-17 15:42:51 - [TEST_STEP][PASSED] - Statement - PreSaveFile = new java.io.File(((pathPrefix + java.lang.Integer.toString(counter)) + .png)): null

2018-12-17 15:42:51 - [TEST_STEP][PASSED] - Statement - counter = counter + 1: null

2018-12-17 15:42:52 - [TEST_STEP][PASSED] - Statement - PreSaveFile = new java.io.File(((pathPrefix + java.lang.Integer.toString(counter)) + .png)): null

2018-12-17 15:42:52 - [TEST_STEP][PASSED] - Statement - counter = counter + 1: null

2018-12-17 15:42:52 - [TEST_STEP][PASSED] - Statement - PreSaveFile = new java.io.File(((pathPrefix + java.lang.Integer.toString(counter)) + .png)): null

2018-12-17 15:42:52 - [TEST_STEP][PASSED] - Statement - counter = counter + 1: null

2018-12-17 15:42:52 - [TEST_STEP][PASSED] - Statement - PreSaveFile = new java.io.File(((pathPrefix + java.lang.Integer.toString(counter)) + .png)): null

2018-12-17 15:42:52 - [TEST_STEP][PASSED] - Statement - counter = counter + 1: null

2018-12-17 15:42:52 - [TEST_STEP][PASSED] - Statement - PreSaveFile = new java.io.File(((pathPrefix + java.lang.Integer.toString(counter)) + .png)): null

2018-12-17 15:42:52 - [TEST_STEP][PASSED] - Statement - counter = counter + 1: null

2018-12-17 15:42:52 - [TEST_STEP][PASSED] - Statement - PreSaveFile = new java.io.File(((pathPrefix + java.lang.Integer.toString(counter)) + .png)): null

2018-12-17 15:42:52 - [TEST_STEP][PASSED] - Statement - counter = counter + 1: null

2018-12-17 15:42:52 - [TEST_STEP][PASSED] - Statement - PreSaveFile = new java.io.File(((pathPrefix + java.lang.Integer.toString(counter)) + .png)): null

2018-12-17 15:42:52 - [TEST_STEP][PASSED] - Statement - counter = counter + 1: null

2018-12-17 15:42:52 - [TEST_STEP][PASSED] - Statement - PreSaveFile = new java.io.File(((pathPrefix + java.lang.Integer.toString(counter)) + .png)): null

2018-12-17 15:42:52 - [TEST_STEP][PASSED] - Statement - counter = counter + 1: null

2018-12-17 15:42:52 - [TEST_STEP][PASSED] - Statement - PreSaveFile = new java.io.File(((pathPrefix + java.lang.Integer.toString(counter)) + .png)): null

2018-12-17 15:42:52 - [TEST_STEP][PASSED] - Statement - counter = counter + 1: null

2018-12-17 15:42:52 - [TEST_STEP][PASSED] - Statement - PreSaveFile = new java.io.File(((pathPrefix + java.lang.Integer.toString(counter)) + .png)): null

2018-12-17 15:42:52 - [TEST_STEP][PASSED] - Statement - counter = counter + 1: null

2018-12-17 15:42:52 - [TEST_STEP][PASSED] - Statement - PreSaveFile = new java.io.File(((pathPrefix + java.lang.Integer.toString(counter)) + .png)): null

2018-12-17 15:42:53 - [TEST_STEP][PASSED] - Statement - counter = counter + 1: null

2018-12-17 15:42:53 - [TEST_STEP][PASSED] - Statement - PreSaveFile = new java.io.File(((pathPrefix + java.lang.Integer.toString(counter)) + .png)): null

2018-12-17 15:42:53 - [TEST_STEP][PASSED] - Statement - counter = counter + 1: null

2018-12-17 15:42:53 - [TEST_STEP][PASSED] - Statement - PreSaveFile = new java.io.File(((pathPrefix + java.lang.Integer.toString(counter)) + .png)): null

2018-12-17 15:42:53 - [TEST_STEP][PASSED] - Statement - counter = counter + 1: null

2018-12-17 15:42:53 - [TEST_STEP][PASSED] - Statement - PreSaveFile = new java.io.File(((pathPrefix + java.lang.Integer.toString(counter)) + .png)): null

2018-12-17 15:42:53 - [TEST_STEP][PASSED] - Statement - counter = counter + 1: null

2018-12-17 15:42:53 - [TEST_STEP][PASSED] - Statement - PreSaveFile = new java.io.File(((pathPrefix + java.lang.Integer.toString(counter)) + .png)): null

2018-12-17 15:42:53 - [TEST_STEP][PASSED] - Statement - counter = counter + 1: null

2018-12-17 15:42:53 - [TEST_STEP][PASSED] - Statement - PreSaveFile = new java.io.File(((pathPrefix + java.lang.Integer.toString(counter)) + .png)): null

2018-12-17 15:42:53 - [TEST_STEP][PASSED] - Statement - counter = counter + 1: null

2018-12-17 15:42:53 - [TEST_STEP][PASSED] - Statement - PreSaveFile = new java.io.File(((pathPrefix + java.lang.Integer.toString(counter)) + .png)): null

2018-12-17 15:42:53 - [TEST_STEP][PASSED] - Statement - counter = counter + 1: null

2018-12-17 15:42:53 - [TEST_STEP][PASSED] - Statement - PreSaveFile = new java.io.File(((pathPrefix + java.lang.Integer.toString(counter)) + .png)): null

2018-12-17 15:42:53 - [TEST_STEP][PASSED] - Statement - counter = counter + 1: null

2018-12-17 15:42:53 - [TEST_STEP][PASSED] - Statement - PreSaveFile = new java.io.File(((pathPrefix + java.lang.Integer.toString(counter)) + .png)): null

2018-12-17 15:42:53 - [TEST_STEP][PASSED] - Statement - counter = counter + 1: null

2018-12-17 15:42:53 - [TEST_STEP][PASSED] - Statement - PreSaveFile = new java.io.File(((pathPrefix + java.lang.Integer.toString(counter)) + .png)): null

2018-12-17 15:42:53 - [TEST_STEP][PASSED] - Statement - counter = counter + 1: null

2018-12-17 15:42:53 - [TEST_STEP][PASSED] - Statement - PreSaveFile = new java.io.File(((pathPrefix + java.lang.Integer.toString(counter)) + .png)): null

2018-12-17 15:42:53 - [TEST_STEP][PASSED] - Statement - counter = counter + 1: null

2018-12-17 15:42:53 - [TEST_STEP][PASSED] - Statement - PreSaveFile = new java.io.File(((pathPrefix + java.lang.Integer.toString(counter)) + .png)): null

2018-12-17 15:42:53 - [TEST_STEP][PASSED] - Statement - counter = counter + 1: null

2018-12-17 15:42:53 - [TEST_STEP][PASSED] - Statement - PreSaveFile = new java.io.File(((pathPrefix + java.lang.Integer.toString(counter)) + .png)): null

2018-12-17 15:42:53 - [TEST_STEP][PASSED] - Statement - counter = counter + 1: null

2018-12-17 15:42:53 - [TEST_STEP][PASSED] - Statement - PreSaveFile = new java.io.File(((pathPrefix + java.lang.Integer.toString(counter)) + .png)): null

2018-12-17 15:42:53 - [TEST_STEP][PASSED] - Statement - counter = counter + 1: null

2018-12-17 15:42:53 - [TEST_STEP][PASSED] - Statement - PreSaveFile = new java.io.File(((pathPrefix + java.lang.Integer.toString(counter)) + .png)): null

2018-12-17 15:42:53 - [TEST_STEP][PASSED] - Statement - counter = counter + 1: null

2018-12-17 15:42:54 - [TEST_STEP][PASSED] - Statement - PreSaveFile = new java.io.File(((pathPrefix + java.lang.Integer.toString(counter)) + .png)): null

2018-12-17 15:42:54 - [TEST_STEP][PASSED] - Statement - counter = counter + 1: null

2018-12-17 15:42:54 - [TEST_STEP][PASSED] - Statement - PreSaveFile = new java.io.File(((pathPrefix + java.lang.Integer.toString(counter)) + .png)): null

2018-12-17 15:42:54 - [TEST_STEP][PASSED] - Statement - counter = counter + 1: null

2018-12-17 15:42:54 - [TEST_STEP][PASSED] - Statement - PreSaveFile = new java.io.File(((pathPrefix + java.lang.Integer.toString(counter)) + .png)): null

2018-12-17 15:42:54 - [TEST_STEP][PASSED] - Statement - counter = counter + 1: null

2018-12-17 15:42:54 - [TEST_STEP][PASSED] - Statement - PreSaveFile = new java.io.File(((pathPrefix + java.lang.Integer.toString(counter)) + .png)): null

2018-12-17 15:42:54 - [TEST_STEP][PASSED] - Statement - counter = counter + 1: null

2018-12-17 15:42:54 - [TEST_STEP][PASSED] - Statement - PreSaveFile = new java.io.File(((pathPrefix + java.lang.Integer.toString(counter)) + .png)): null

2018-12-17 15:42:54 - [TEST_STEP][PASSED] - Statement - counter = counter + 1: null

2018-12-17 15:42:54 - [TEST_STEP][PASSED] - Statement - PreSaveFile = new java.io.File(((pathPrefix + java.lang.Integer.toString(counter)) + .png)): null

2018-12-17 15:42:54 - [TEST_STEP][PASSED] - Statement - counter = counter + 1: null

2018-12-17 15:42:54 - [TEST_STEP][PASSED] - Statement - PreSaveFile = new java.io.File(((pathPrefix + java.lang.Integer.toString(counter)) + .png)): null

2018-12-17 15:42:54 - [TEST_STEP][PASSED] - Statement - counter = counter + 1: null

2018-12-17 15:42:54 - [TEST_STEP][PASSED] - Statement - PreSaveFile = new java.io.File(((pathPrefix + java.lang.Integer.toString(counter)) + .png)): null

2018-12-17 15:42:54 - [TEST_STEP][PASSED] - Statement - counter = counter + 1: null

2018-12-17 15:42:54 - [TEST_STEP][PASSED] - Statement - PreSaveFile = new java.io.File(((pathPrefix + java.lang.Integer.toString(counter)) + .png)): null

2018-12-17 15:42:54 - [TEST_STEP][PASSED] - Statement - counter = counter + 1: null

2018-12-17 15:42:54 - [TEST_STEP][PASSED] - Statement - PreSaveFile = new java.io.File(((pathPrefix + java.lang.Integer.toString(counter)) + .png)): null

2018-12-17 15:42:55 - [TEST_STEP][PASSED] - Statement - counter = counter + 1: null

2018-12-17 15:42:55 - [TEST_STEP][PASSED] - Statement - PreSaveFile = new java.io.File(((pathPrefix + java.lang.Integer.toString(counter)) + .png)): null

2018-12-17 15:42:55 - [TEST_STEP][PASSED] - Statement - counter = counter + 1: null

2018-12-17 15:42:55 - [TEST_STEP][PASSED] - Statement - PreSaveFile = new java.io.File(((pathPrefix + java.lang.Integer.toString(counter)) + .png)): null

2018-12-17 15:42:55 - [TEST_STEP][PASSED] - Statement - counter = counter + 1: null

2018-12-17 15:42:55 - [TEST_STEP][PASSED] - Statement - PreSaveFile = new java.io.File(((pathPrefix + java.lang.Integer.toString(counter)) + .png)): null

2018-12-17 15:42:55 - [TEST_STEP][PASSED] - Statement - counter = counter + 1: null

2018-12-17 15:42:55 - [TEST_STEP][PASSED] - Statement - PreSaveFile = new java.io.File(((pathPrefix + java.lang.Integer.toString(counter)) + .png)): null

2018-12-17 15:42:55 - [TEST_STEP][PASSED] - Statement - counter = counter + 1: null

2018-12-17 15:42:55 - [TEST_STEP][PASSED] - Statement - PreSaveFile = new java.io.File(((pathPrefix + java.lang.Integer.toString(counter)) + .png)): null

2018-12-17 15:42:55 - [TEST_STEP][PASSED] - Statement - counter = counter + 1: null

2018-12-17 15:42:55 - [TEST_STEP][PASSED] - Statement - PreSaveFile = new java.io.File(((pathPrefix + java.lang.Integer.toString(counter)) + .png)): null

2018-12-17 15:42:55 - [TEST_STEP][PASSED] - Statement - counter = counter + 1: null

2018-12-17 15:42:55 - [TEST_STEP][PASSED] - Statement - PreSaveFile = new java.io.File(((pathPrefix + java.lang.Integer.toString(counter)) + .png)): null

2018-12-17 15:42:55 - [TEST_STEP][PASSED] - Statement - counter = counter + 1: null

2018-12-17 15:42:55 - [TEST_STEP][PASSED] - Statement - PreSaveFile = new java.io.File(((pathPrefix + java.lang.Integer.toString(counter)) + .png)): null

2018-12-17 15:42:55 - [TEST_STEP][PASSED] - Statement - counter = counter + 1: null

2018-12-17 15:42:55 - [TEST_STEP][PASSED] - Statement - PreSaveFile = new java.io.File(((pathPrefix + java.lang.Integer.toString(counter)) + .png)): null

2018-12-17 15:42:55 - [TEST_STEP][PASSED] - Statement - counter = counter + 1: null

2018-12-17 15:42:55 - [TEST_STEP][PASSED] - Statement - PreSaveFile = new java.io.File(((pathPrefix + java.lang.Integer.toString(counter)) + .png)): null

2018-12-17 15:42:55 - [TEST_STEP][PASSED] - Statement - counter = counter + 1: null

2018-12-17 15:42:55 - [TEST_STEP][PASSED] - Statement - PreSaveFile = new java.io.File(((pathPrefix + java.lang.Integer.toString(counter)) + .png)): null

2018-12-17 15:42:55 - [TEST_STEP][PASSED] - Statement - counter = counter + 1: null

2018-12-17 15:42:55 - [TEST_STEP][PASSED] - Statement - PreSaveFile = new java.io.File(((pathPrefix + java.lang.Integer.toString(counter)) + .png)): null

2018-12-17 15:42:55 - [TEST_STEP][PASSED] - Statement - counter = counter + 1: null

2018-12-17 15:42:55 - [TEST_STEP][PASSED] - Statement - PreSaveFile = new java.io.File(((pathPrefix + java.lang.Integer.toString(counter)) + .png)): null

2018-12-17 15:42:55 - [TEST_STEP][PASSED] - Statement - counter = counter + 1: null

2018-12-17 15:42:55 - [TEST_STEP][PASSED] - Statement - PreSaveFile = new java.io.File(((pathPrefix + java.lang.Integer.toString(counter)) + .png)): null

2018-12-17 15:42:55 - [TEST_STEP][PASSED] - Statement - counter = counter + 1: null

2018-12-17 15:42:56 - [TEST_STEP][PASSED] - Statement - PreSaveFile = new java.io.File(((pathPrefix + java.lang.Integer.toString(counter)) + .png)): null

2018-12-17 15:42:56 - [TEST_STEP][PASSED] - Statement - counter = counter + 1: null

2018-12-17 15:42:56 - [TEST_STEP][PASSED] - Statement - PreSaveFile = new java.io.File(((pathPrefix + java.lang.Integer.toString(counter)) + .png)): null

2018-12-17 15:42:56 - [TEST_STEP][PASSED] - Statement - counter = counter + 1: null

2018-12-17 15:42:56 - [TEST_STEP][PASSED] - Statement - PreSaveFile = new java.io.File(((pathPrefix + java.lang.Integer.toString(counter)) + .png)): null

2018-12-17 15:42:56 - [TEST_STEP][PASSED] - Statement - counter = counter + 1: null

2018-12-17 15:42:56 - [TEST_STEP][PASSED] - Statement - PreSaveFile = new java.io.File(((pathPrefix + java.lang.Integer.toString(counter)) + .png)): null

2018-12-17 15:42:56 - [TEST_STEP][PASSED] - Statement - counter = counter + 1: null

2018-12-17 15:42:56 - [TEST_STEP][PASSED] - Statement - PreSaveFile = new java.io.File(((pathPrefix + java.lang.Integer.toString(counter)) + .png)): null

2018-12-17 15:42:56 - [TEST_STEP][PASSED] - Statement - counter = counter + 1: null

2018-12-17 15:42:56 - [TEST_STEP][PASSED] - Statement - PreSaveFile = new java.io.File(((pathPrefix + java.lang.Integer.toString(counter)) + .png)): null

2018-12-17 15:42:56 - [TEST_STEP][PASSED] - Statement - counter = counter + 1: null

2018-12-17 15:42:56 - [TEST_STEP][PASSED] - Statement - PreSaveFile = new java.io.File(((pathPrefix + java.lang.Integer.toString(counter)) + .png)): null

2018-12-17 15:42:56 - [TEST_STEP][PASSED] - Statement - counter = counter + 1: null

2018-12-17 15:42:56 - [TEST_STEP][PASSED] - Statement - PreSaveFile = new java.io.File(((pathPrefix + java.lang.Integer.toString(counter)) + .png)): null

2018-12-17 15:42:56 - [TEST_STEP][PASSED] - Statement - counter = counter + 1: null

2018-12-17 15:42:56 - [TEST_STEP][PASSED] - Statement - PreSaveFile = new java.io.File(((pathPrefix + java.lang.Integer.toString(counter)) + .png)): null

2018-12-17 15:42:56 - [TEST_STEP][PASSED] - Statement - counter = counter + 1: null

2018-12-17 15:42:56 - [TEST_STEP][PASSED] - Statement - PreSaveFile = new java.io.File(((pathPrefix + java.lang.Integer.toString(counter)) + .png)): null

2018-12-17 15:42:57 - [TEST_STEP][PASSED] - Statement - counter = counter + 1: null

2018-12-17 15:42:57 - [TEST_STEP][PASSED] - Statement - PreSaveFile = new java.io.File(((pathPrefix + java.lang.Integer.toString(counter)) + .png)): null

2018-12-17 15:42:57 - [TEST_STEP][PASSED] - Statement - counter = counter + 1: null

2018-12-17 15:42:57 - [TEST_STEP][PASSED] - Statement - PreSaveFile = new java.io.File(((pathPrefix + java.lang.Integer.toString(counter)) + .png)): null

2018-12-17 15:42:57 - [TEST_STEP][PASSED] - Statement - counter = counter + 1: null

2018-12-17 15:42:57 - [TEST_STEP][PASSED] - Statement - PreSaveFile = new java.io.File(((pathPrefix + java.lang.Integer.toString(counter)) + .png)): null

2018-12-17 15:42:57 - [TEST_STEP][PASSED] - Statement - counter = counter + 1: null

2018-12-17 15:42:57 - [TEST_STEP][PASSED] - Statement - PreSaveFile = new java.io.File(((pathPrefix + java.lang.Integer.toString(counter)) + .png)): null

2018-12-17 15:42:57 - [TEST_STEP][PASSED] - Statement - counter = counter + 1: null

2018-12-17 15:42:57 - [TEST_STEP][PASSED] - Statement - PreSaveFile = new java.io.File(((pathPrefix + java.lang.Integer.toString(counter)) + .png)): null

2018-12-17 15:42:57 - [TEST_STEP][PASSED] - Statement - counter = counter + 1: null

2018-12-17 15:42:57 - [TEST_STEP][PASSED] - Statement - PreSaveFile = new java.io.File(((pathPrefix + java.lang.Integer.toString(counter)) + .png)): null

2018-12-17 15:42:57 - [TEST_STEP][PASSED] - Statement - counter = counter + 1: null

2018-12-17 15:42:57 - [TEST_STEP][PASSED] - Statement - PreSaveFile = new java.io.File(((pathPrefix + java.lang.Integer.toString(counter)) + .png)): null

2018-12-17 15:42:57 - [TEST_STEP][PASSED] - Statement - counter = counter + 1: null

2018-12-17 15:42:57 - [TEST_STEP][PASSED] - Statement - PreSaveFile = new java.io.File(((pathPrefix + java.lang.Integer.toString(counter)) + .png)): null

2018-12-17 15:42:57 - [TEST_STEP][PASSED] - Statement - counter = counter + 1: null

2018-12-17 15:42:57 - [TEST_STEP][PASSED] - Statement - PreSaveFile = new java.io.File(((pathPrefix + java.lang.Integer.toString(counter)) + .png)): null

2018-12-17 15:42:57 - [TEST_STEP][PASSED] - Statement - counter = counter + 1: null

2018-12-17 15:42:57 - [TEST_STEP][PASSED] - Statement - PreSaveFile = new java.io.File(((pathPrefix + java.lang.Integer.toString(counter)) + .png)): null

2018-12-17 15:42:57 - [TEST_STEP][PASSED] - Statement - counter = counter + 1: null

2018-12-17 15:42:57 - [TEST_STEP][PASSED] - Statement - PreSaveFile = new java.io.File(((pathPrefix + java.lang.Integer.toString(counter)) + .png)): null

2018-12-17 15:42:57 - [TEST_STEP][PASSED] - Statement - counter = counter + 1: null

2018-12-17 15:42:57 - [TEST_STEP][PASSED] - Statement - PreSaveFile = new java.io.File(((pathPrefix + java.lang.Integer.toString(counter)) + .png)): null

2018-12-17 15:42:57 - [TEST_STEP][PASSED] - Statement - counter = counter + 1: null

2018-12-17 15:42:57 - [TEST_STEP][PASSED] - Statement - PreSaveFile = new java.io.File(((pathPrefix + java.lang.Integer.toString(counter)) + .png)): null

2018-12-17 15:42:57 - [TEST_STEP][PASSED] - Statement - counter = counter + 1: null

2018-12-17 15:42:57 - [TEST_STEP][PASSED] - Statement - PreSaveFile = new java.io.File(((pathPrefix + java.lang.Integer.toString(counter)) + .png)): null

2018-12-17 15:42:57 - [TEST_STEP][PASSED] - Statement - counter = counter + 1: null

2018-12-17 15:42:58 - [TEST_STEP][PASSED] - Statement - PreSaveFile = new java.io.File(((pathPrefix + java.lang.Integer.toString(counter)) + .png)): null

2018-12-17 15:42:58 - [TEST_STEP][PASSED] - Statement - counter = counter + 1: null

2018-12-17 15:42:58 - [TEST_STEP][PASSED] - Statement - PreSaveFile = new java.io.File(((pathPrefix + java.lang.Integer.toString(counter)) + .png)): null

2018-12-17 15:42:58 - [TEST_STEP][PASSED] - Statement - counter = counter + 1: null

2018-12-17 15:42:58 - [TEST_STEP][PASSED] - Statement - PreSaveFile = new java.io.File(((pathPrefix + java.lang.Integer.toString(counter)) + .png)): null

2018-12-17 15:42:58 - [TEST_STEP][PASSED] - Statement - counter = counter + 1: null

2018-12-17 15:42:58 - [TEST_STEP][PASSED] - Statement - PreSaveFile = new java.io.File(((pathPrefix + java.lang.Integer.toString(counter)) + .png)): null

2018-12-17 15:42:58 - [TEST_STEP][PASSED] - Statement - counter = counter + 1: null

2018-12-17 15:42:58 - [TEST_STEP][PASSED] - Statement - PreSaveFile = new java.io.File(((pathPrefix + java.lang.Integer.toString(counter)) + .png)): null

2018-12-17 15:42:58 - [TEST_STEP][PASSED] - Statement - counter = counter + 1: null

2018-12-17 15:42:58 - [TEST_STEP][PASSED] - Statement - PreSaveFile = new java.io.File(((pathPrefix + java.lang.Integer.toString(counter)) + .png)): null

2018-12-17 15:42:58 - [TEST_STEP][PASSED] - Statement - counter = counter + 1: null

2018-12-17 15:42:58 - [TEST_STEP][PASSED] - Statement - PreSaveFile = new java.io.File(((pathPrefix + java.lang.Integer.toString(counter)) + .png)): null

2018-12-17 15:42:58 - [TEST_STEP][PASSED] - Statement - counter = counter + 1: null

2018-12-17 15:42:58 - [TEST_STEP][PASSED] - Statement - PreSaveFile = new java.io.File(((pathPrefix + java.lang.Integer.toString(counter)) + .png)): null

2018-12-17 15:42:58 - [TEST_STEP][PASSED] - Statement - counter = counter + 1: null

2018-12-17 15:42:58 - [TEST_STEP][PASSED] - Statement - PreSaveFile = new java.io.File(((pathPrefix + java.lang.Integer.toString(counter)) + .png)): null

2018-12-17 15:42:58 - [TEST_STEP][PASSED] - Statement - counter = counter + 1: null

2018-12-17 15:42:58 - [TEST_STEP][PASSED] - Statement - PreSaveFile = new java.io.File(((pathPrefix + java.lang.Integer.toString(counter)) + .png)): null

2018-12-17 15:42:59 - [TEST_STEP][PASSED] - Statement - counter = counter + 1: null

2018-12-17 15:42:59 - [TEST_STEP][PASSED] - Statement - PreSaveFile = new java.io.File(((pathPrefix + java.lang.Integer.toString(counter)) + .png)): null

2018-12-17 15:42:59 - [TEST_STEP][PASSED] - Statement - counter = counter + 1: null

2018-12-17 15:42:59 - [TEST_STEP][PASSED] - Statement - PreSaveFile = new java.io.File(((pathPrefix + java.lang.Integer.toString(counter)) + .png)): null

2018-12-17 15:42:59 - [TEST_STEP][PASSED] - Statement - counter = counter + 1: null

2018-12-17 15:42:59 - [TEST_STEP][PASSED] - Statement - PreSaveFile = new java.io.File(((pathPrefix + java.lang.Integer.toString(counter)) + .png)): null

2018-12-17 15:42:59 - [TEST_STEP][PASSED] - Statement - counter = counter + 1: null

2018-12-17 15:42:59 - [TEST_STEP][PASSED] - Statement - PreSaveFile = new java.io.File(((pathPrefix + java.lang.Integer.toString(counter)) + .png)): null

2018-12-17 15:42:59 - [TEST_STEP][PASSED] - Statement - counter = counter + 1: null

2018-12-17 15:42:59 - [TEST_STEP][PASSED] - Statement - PreSaveFile = new java.io.File(((pathPrefix + java.lang.Integer.toString(counter)) + .png)): null

2018-12-17 15:42:59 - [TEST_STEP][PASSED] - Statement - counter = counter + 1: null

2018-12-17 15:42:59 - [TEST_STEP][PASSED] - Statement - PreSaveFile = new java.io.File(((pathPrefix + java.lang.Integer.toString(counter)) + .png)): null

2018-12-17 15:42:59 - [TEST_STEP][PASSED] - Statement - counter = counter + 1: null

2018-12-17 15:42:59 - [TEST_STEP][PASSED] - Statement - PreSaveFile = new java.io.File(((pathPrefix + java.lang.Integer.toString(counter)) + .png)): null

2018-12-17 15:42:59 - [TEST_STEP][PASSED] - Statement - counter = counter + 1: null

2018-12-17 15:42:59 - [TEST_STEP][PASSED] - Statement - PreSaveFile = new java.io.File(((pathPrefix + java.lang.Integer.toString(counter)) + .png)): null

2018-12-17 15:42:59 - [TEST_STEP][PASSED] - Statement - counter = counter + 1: null

2018-12-17 15:42:59 - [TEST_STEP][PASSED] - Statement - PreSaveFile = new java.io.File(((pathPrefix + java.lang.Integer.toString(counter)) + .png)): null

2018-12-17 15:42:59 - [TEST_STEP][PASSED] - Statement - counter = counter + 1: null

2018-12-17 15:43:00 - [TEST_STEP][PASSED] - Statement - PreSaveFile = new java.io.File(((pathPrefix + java.lang.Integer.toString(counter)) + .png)): null

2018-12-17 15:43:00 - [TEST_STEP][PASSED] - Statement - counter = counter + 1: null

2018-12-17 15:43:00 - [TEST_STEP][PASSED] - Statement - PreSaveFile = new java.io.File(((pathPrefix + java.lang.Integer.toString(counter)) + .png)): null

2018-12-17 15:43:00 - [TEST_STEP][PASSED] - Statement - counter = counter + 1: null

2018-12-17 15:43:00 - [TEST_STEP][PASSED] - Statement - PreSaveFile = new java.io.File(((pathPrefix + java.lang.Integer.toString(counter)) + .png)): null

2018-12-17 15:43:00 - [TEST_STEP][PASSED] - Statement - counter = counter + 1: null

2018-12-17 15:43:00 - [TEST_STEP][PASSED] - Statement - PreSaveFile = new java.io.File(((pathPrefix + java.lang.Integer.toString(counter)) + .png)): null

2018-12-17 15:43:00 - [TEST_STEP][PASSED] - Statement - counter = counter + 1: null

2018-12-17 15:43:00 - [TEST_STEP][PASSED] - Statement - PreSaveFile = new java.io.File(((pathPrefix + java.lang.Integer.toString(counter)) + .png)): null

2018-12-17 15:43:00 - [TEST_STEP][PASSED] - Statement - counter = counter + 1: null

2018-12-17 15:43:00 - [TEST_STEP][PASSED] - Statement - PreSaveFile = new java.io.File(((pathPrefix + java.lang.Integer.toString(counter)) + .png)): null

2018-12-17 15:43:00 - [TEST_STEP][PASSED] - Statement - counter = counter + 1: null

2018-12-17 15:43:00 - [TEST_STEP][PASSED] - Statement - PreSaveFile = new java.io.File(((pathPrefix + java.lang.Integer.toString(counter)) + .png)): null

2018-12-17 15:43:00 - [TEST_STEP][PASSED] - Statement - counter = counter + 1: null

2018-12-17 15:43:00 - [TEST_STEP][PASSED] - Statement - PreSaveFile = new java.io.File(((pathPrefix + java.lang.Integer.toString(counter)) + .png)): null

2018-12-17 15:43:00 - [TEST_STEP][PASSED] - Statement - counter = counter + 1: null

2018-12-17 15:43:00 - [TEST_STEP][PASSED] - Statement - PreSaveFile = new java.io.File(((pathPrefix + java.lang.Integer.toString(counter)) + .png)): null

2018-12-17 15:43:00 - [TEST_STEP][PASSED] - Statement - counter = counter + 1: null

2018-12-17 15:43:00 - [TEST_STEP][PASSED] - Statement - PreSaveFile = new java.io.File(((pathPrefix + java.lang.Integer.toString(counter)) + .png)): null

2018-12-17 15:43:01 - [TEST_STEP][PASSED] - Statement - counter = counter + 1: null

2018-12-17 15:43:01 - [TEST_STEP][PASSED] - Statement - PreSaveFile = new java.io.File(((pathPrefix + java.lang.Integer.toString(counter)) + .png)): null

2018-12-17 15:43:01 - [TEST_STEP][PASSED] - Statement - counter = counter + 1: null

2018-12-17 15:43:01 - [TEST_STEP][PASSED] - Statement - PreSaveFile = new java.io.File(((pathPrefix + java.lang.Integer.toString(counter)) + .png)): null

2018-12-17 15:43:01 - [TEST_STEP][PASSED] - Statement - counter = counter + 1: null

2018-12-17 15:43:01 - [TEST_STEP][PASSED] - Statement - PreSaveFile = new java.io.File(((pathPrefix + java.lang.Integer.toString(counter)) + .png)): null

2018-12-17 15:43:01 - [TEST_STEP][PASSED] - Statement - counter = counter + 1: null

2018-12-17 15:43:01 - [TEST_STEP][PASSED] - Statement - PreSaveFile = new java.io.File(((pathPrefix + java.lang.Integer.toString(counter)) + .png)): null

2018-12-17 15:43:01 - [TEST_STEP][PASSED] - Statement - counter = counter + 1: null

2018-12-17 15:43:01 - [TEST_STEP][PASSED] - Statement - PreSaveFile = new java.io.File(((pathPrefix + java.lang.Integer.toString(counter)) + .png)): null

2018-12-17 15:43:01 - [TEST_STEP][PASSED] - Statement - counter = counter + 1: null

2018-12-17 15:43:01 - [TEST_STEP][PASSED] - Statement - PreSaveFile = new java.io.File(((pathPrefix + java.lang.Integer.toString(counter)) + .png)): null

2018-12-17 15:43:01 - [TEST_STEP][PASSED] - Statement - counter = counter + 1: null

2018-12-17 15:43:01 - [TEST_STEP][PASSED] - Statement - PreSaveFile = new java.io.File(((pathPrefix + java.lang.Integer.toString(counter)) + .png)): null

2018-12-17 15:43:01 - [TEST_STEP][PASSED] - Statement - counter = counter + 1: null

2018-12-17 15:43:01 - [TEST_STEP][PASSED] - Statement - PreSaveFile = new java.io.File(((pathPrefix + java.lang.Integer.toString(counter)) + .png)): null

2018-12-17 15:43:01 - [TEST_STEP][PASSED] - Statement - counter = counter + 1: null

2018-12-17 15:43:01 - [TEST_STEP][PASSED] - Statement - PreSaveFile = new java.io.File(((pathPrefix + java.lang.Integer.toString(counter)) + .png)): null

2018-12-17 15:43:01 - [TEST_STEP][PASSED] - Statement - counter = counter + 1: null

2018-12-17 15:43:01 - [TEST_STEP][PASSED] - Statement - PreSaveFile = new java.io.File(((pathPrefix + java.lang.Integer.toString(counter)) + .png)): null

2018-12-17 15:43:01 - [TEST_STEP][PASSED] - Statement - counter = counter + 1: null

2018-12-17 15:43:01 - [TEST_STEP][PASSED] - Statement - PreSaveFile = new java.io.File(((pathPrefix + java.lang.Integer.toString(counter)) + .png)): null

2018-12-17 15:43:01 - [TEST_STEP][PASSED] - Statement - counter = counter + 1: null

2018-12-17 15:43:01 - [TEST_STEP][PASSED] - Statement - PreSaveFile = new java.io.File(((pathPrefix + java.lang.Integer.toString(counter)) + .png)): null

2018-12-17 15:43:01 - [TEST_STEP][PASSED] - Statement - counter = counter + 1: null

2018-12-17 15:43:01 - [TEST_STEP][PASSED] - Statement - PreSaveFile = new java.io.File(((pathPrefix + java.lang.Integer.toString(counter)) + .png)): null

2018-12-17 15:43:01 - [TEST_STEP][PASSED] - Statement - counter = counter + 1: null

2018-12-17 15:43:01 - [TEST_STEP][PASSED] - Statement - PreSaveFile = new java.io.File(((pathPrefix + java.lang.Integer.toString(counter)) + .png)): null

2018-12-17 15:43:01 - [TEST_STEP][PASSED] - Statement - counter = counter + 1: null

2018-12-17 15:43:02 - [TEST_STEP][PASSED] - Statement - PreSaveFile = new java.io.File(((pathPrefix + java.lang.Integer.toString(counter)) + .png)): null

2018-12-17 15:43:02 - [TEST_STEP][PASSED] - Statement - counter = counter + 1: null

2018-12-17 15:43:02 - [TEST_STEP][PASSED] - Statement - PreSaveFile = new java.io.File(((pathPrefix + java.lang.Integer.toString(counter)) + .png)): null

2018-12-17 15:43:02 - [TEST_STEP][PASSED] - Statement - counter = counter + 1: null

2018-12-17 15:43:02 - [TEST_STEP][PASSED] - Statement - PreSaveFile = new java.io.File(((pathPrefix + java.lang.Integer.toString(counter)) + .png)): null

2018-12-17 15:43:02 - [TEST_STEP][PASSED] - Statement - counter = counter + 1: null

2018-12-17 15:43:02 - [TEST_STEP][PASSED] - Statement - PreSaveFile = new java.io.File(((pathPrefix + java.lang.Integer.toString(counter)) + .png)): null

2018-12-17 15:43:02 - [TEST_STEP][PASSED] - Statement - counter = counter + 1: null

2018-12-17 15:43:02 - [TEST_STEP][PASSED] - Statement - PreSaveFile = new java.io.File(((pathPrefix + java.lang.Integer.toString(counter)) + .png)): null

2018-12-17 15:43:02 - [TEST_STEP][PASSED] - Statement - counter = counter + 1: null

2018-12-17 15:43:02 - [TEST_STEP][PASSED] - Statement - PreSaveFile = new java.io.File(((pathPrefix + java.lang.Integer.toString(counter)) + .png)): null

2018-12-17 15:43:02 - [TEST_STEP][PASSED] - Statement - counter = counter + 1: null

2018-12-17 15:43:02 - [TEST_STEP][PASSED] - Statement - PreSaveFile = new java.io.File(((pathPrefix + java.lang.Integer.toString(counter)) + .png)): null

2018-12-17 15:43:02 - [TEST_STEP][PASSED] - Statement - counter = counter + 1: null

2018-12-17 15:43:02 - [TEST_STEP][PASSED] - Statement - PreSaveFile = new java.io.File(((pathPrefix + java.lang.Integer.toString(counter)) + .png)): null

2018-12-17 15:43:02 - [TEST_STEP][PASSED] - Statement - counter = counter + 1: null

2018-12-17 15:43:02 - [TEST_STEP][PASSED] - Statement - PreSaveFile = new java.io.File(((pathPrefix + java.lang.Integer.toString(counter)) + .png)): null

2018-12-17 15:43:02 - [TEST_STEP][PASSED] - Statement - counter = counter + 1: null

2018-12-17 15:43:02 - [TEST_STEP][PASSED] - Statement - PreSaveFile = new java.io.File(((pathPrefix + java.lang.Integer.toString(counter)) + .png)): null

2018-12-17 15:43:03 - [TEST_STEP][PASSED] - Statement - counter = counter + 1: null

2018-12-17 15:43:03 - [TEST_STEP][PASSED] - Statement - PreSaveFile = new java.io.File(((pathPrefix + java.lang.Integer.toString(counter)) + .png)): null

2018-12-17 15:43:03 - [TEST_STEP][PASSED] - Statement - counter = counter + 1: null

2018-12-17 15:43:03 - [TEST_STEP][PASSED] - Statement - PreSaveFile = new java.io.File(((pathPrefix + java.lang.Integer.toString(counter)) + .png)): null

2018-12-17 15:43:03 - [TEST_STEP][PASSED] - Statement - counter = counter + 1: null

2018-12-17 15:43:03 - [TEST_STEP][PASSED] - Statement - PreSaveFile = new java.io.File(((pathPrefix + java.lang.Integer.toString(counter)) + .png)): null

2018-12-17 15:43:03 - [TEST_STEP][PASSED] - Statement - counter = counter + 1: null

2018-12-17 15:43:03 - [TEST_STEP][PASSED] - Statement - PreSaveFile = new java.io.File(((pathPrefix + java.lang.Integer.toString(counter)) + .png)): null

2018-12-17 15:43:03 - [TEST_STEP][PASSED] - Statement - counter = counter + 1: null

2018-12-17 15:43:03 - [TEST_STEP][PASSED] - Statement - PreSaveFile = new java.io.File(((pathPrefix + java.lang.Integer.toString(counter)) + .png)): null

2018-12-17 15:43:03 - [TEST_STEP][PASSED] - Statement - counter = counter + 1: null

2018-12-17 15:43:03 - [TEST_STEP][PASSED] - Statement - PreSaveFile = new java.io.File(((pathPrefix + java.lang.Integer.toString(counter)) + .png)): null

2018-12-17 15:43:03 - [TEST_STEP][PASSED] - Statement - counter = counter + 1: null

2018-12-17 15:43:03 - [TEST_STEP][PASSED] - Statement - PreSaveFile = new java.io.File(((pathPrefix + java.lang.Integer.toString(counter)) + .png)): null

2018-12-17 15:43:03 - [TEST_STEP][PASSED] - Statement - counter = counter + 1: null

2018-12-17 15:43:03 - [TEST_STEP][PASSED] - Statement - PreSaveFile = new java.io.File(((pathPrefix + java.lang.Integer.toString(counter)) + .png)): null

2018-12-17 15:43:03 - [TEST_STEP][PASSED] - Statement - counter = counter + 1: null

2018-12-17 15:43:03 - [TEST_STEP][PASSED] - Statement - PreSaveFile = new java.io.File(((pathPrefix + java.lang.Integer.toString(counter)) + .png)): null

2018-12-17 15:43:03 - [TEST_STEP][PASSED] - Statement - counter = counter + 1: null

2018-12-17 15:43:03 - [TEST_STEP][PASSED] - Statement - PreSaveFile = new java.io.File(((pathPrefix + java.lang.Integer.toString(counter)) + .png)): null

2018-12-17 15:43:03 - [TEST_STEP][PASSED] - Statement - counter = counter + 1: null

2018-12-17 15:43:03 - [TEST_STEP][PASSED] - Statement - PreSaveFile = new java.io.File(((pathPrefix + java.lang.Integer.toString(counter)) + .png)): null

2018-12-17 15:43:03 - [TEST_STEP][PASSED] - Statement - counter = counter + 1: null

2018-12-17 15:43:03 - [TEST_STEP][PASSED] - Statement - PreSaveFile = new java.io.File(((pathPrefix + java.lang.Integer.toString(counter)) + .png)): null

2018-12-17 15:43:03 - [TEST_STEP][PASSED] - Statement - counter = counter + 1: null

2018-12-17 15:43:03 - [TEST_STEP][PASSED] - Statement - PreSaveFile = new java.io.File(((pathPrefix + java.lang.Integer.toString(counter)) + .png)): null

2018-12-17 15:43:03 - [TEST_STEP][PASSED] - Statement - counter = counter + 1: null

2018-12-17 15:43:03 - [TEST_STEP][PASSED] - Statement - PreSaveFile = new java.io.File(((pathPrefix + java.lang.Integer.toString(counter)) + .png)): null

2018-12-17 15:43:03 - [TEST_STEP][PASSED] - Statement - counter = counter + 1: null

2018-12-17 15:43:04 - [TEST_STEP][PASSED] - Statement - PreSaveFile = new java.io.File(((pathPrefix + java.lang.Integer.toString(counter)) + .png)): null

2018-12-17 15:43:04 - [TEST_STEP][PASSED] - Statement - counter = counter + 1: null

2018-12-17 15:43:04 - [TEST_STEP][PASSED] - Statement - PreSaveFile = new java.io.File(((pathPrefix + java.lang.Integer.toString(counter)) + .png)): null

2018-12-17 15:43:04 - [TEST_STEP][PASSED] - Statement - counter = counter + 1: null

2018-12-17 15:43:04 - [TEST_STEP][PASSED] - Statement - PreSaveFile = new java.io.File(((pathPrefix + java.lang.Integer.toString(counter)) + .png)): null

2018-12-17 15:43:04 - [TEST_STEP][PASSED] - Statement - counter = counter + 1: null

2018-12-17 15:43:04 - [TEST_STEP][PASSED] - Statement - PreSaveFile = new java.io.File(((pathPrefix + java.lang.Integer.toString(counter)) + .png)): null

2018-12-17 15:43:04 - [TEST_STEP][PASSED] - Statement - counter = counter + 1: null

2018-12-17 15:43:04 - [TEST_STEP][PASSED] - Statement - PreSaveFile = new java.io.File(((pathPrefix + java.lang.Integer.toString(counter)) + .png)): null

2018-12-17 15:43:04 - [TEST_STEP][PASSED] - Statement - counter = counter + 1: null

2018-12-17 15:43:04 - [TEST_STEP][PASSED] - Statement - PreSaveFile = new java.io.File(((pathPrefix + java.lang.Integer.toString(counter)) + .png)): null

2018-12-17 15:43:04 - [TEST_STEP][PASSED] - Statement - finalPath = pathPrefix + java.lang.Integer.toString(counter) + ".png": null

2018-12-17 15:43:04 - [TEST_STEP][PASSED] - Statement - SaveFile = new java.io.File(finalPath): null

2018-12-17 15:43:04 - [TEST_STEP][PASSED] - Statement - Try: null

2018-12-17 15:43:04 - [TEST_STEP][PASSED] - Statement - org.apache.commons.io.FileUtils.copyFile(scrFile, SaveFile): null

2018-12-17 15:43:04 - [TEST_STEP][PASSED] - Statement - out.println("file kept"): null

2018-12-17 15:43:04 - [TEST_STEP][PASSED] - delay: Delayed 10 second(s)

2018-12-17 15:43:14 - [MESSAGE][PASSED] - Delayed 10 second(s)

2018-12-17 15:43:14 - [MESSAGE][PASSED] - Call Test Case 'Test Cases/Final Aug 2018 - PKS Automation/Registration Module/New Registration/Submit and Screenshot/Submit Registration and Screenshot - Copy' successfully

2018-12-17 15:43:14 - [TEST_STEP][PASSED] - Statement - UpdateAddNewECode = com.kms.katalon.core.webui.keyword.WebUiBuiltInKeywords.getText(com.kms.katalon.core.testobject.ObjectRepository.findTestObject(Object Repository/Final Object Repo/Page_Update Add New Employee - ASSIST/getEmpCode)): Text of object 'Object Repository/Final Object Repo/Page_Update Add New Employee - ASSIST/getEmpCode' is: 'E1102070918M'

2018-12-17 15:43:14 - [MESSAGE][PASSED] - Text of object 'Object Repository/Final Object Repo/Page_Update Add New Employee - ASSIST/getEmpCode' is: 'E1102070918M'

2018-12-17 15:43:14 - [TEST_STEP][PASSED] - callTestCase: Call Test Case 'Test Cases/Final Aug 2018 - PKS Automation/Common/Emp Code Setter' successfully

2018-12-17 15:43:14 - [TEST_CASE][PASSED] - Test Cases/Final Aug 2018 - PKS Automation/Common/Emp Code Setter: Test Cases/Final Aug 2018 - PKS Automation/Common/Emp Code Setter

2018-12-17 15:43:15 - [TEST_STEP][PASSED] - Statement - EmpCodeOld = new java.io.File(C://Users//Admin//Desktop//PKS//Automation Reference Point//EmpCode.txt): null

2018-12-17 15:43:15 - [TEST_STEP][PASSED] - Statement - EmpCodeOld.delete(): null

2018-12-17 15:43:15 - [TEST_STEP][PASSED] - Statement - EmpCode = new java.io.File(C://Users//Admin//Desktop//PKS//Automation Reference Point//EmpCode.txt): null

2018-12-17 15:43:15 - [TEST_STEP][PASSED] - Statement - f2 = new java.io.FileWriter(EmpCode, false): null

2018-12-17 15:43:15 - [TEST_STEP][PASSED] - Statement - f2.write(UpdateAddNewECode): null

2018-12-17 15:43:15 - [TEST_STEP][PASSED] - Statement - f2.close(): null

2018-12-17 15:43:15 - [TEST_STEP][PASSED] - Statement - out.println("


" + UpdateAddNewECode + "


"): null

2018-12-17 15:43:15 - [MESSAGE][PASSED] - Call Test Case 'Test Cases/Final Aug 2018 - PKS Automation/Common/Emp Code Setter' successfully

2018-12-17 15:43:15 - [MESSAGE][PASSED] - Call Test Case 'Test Cases/Final Aug 2018 - PKS Automation/Registration Module/Workflow/Update Add New Employee/Template/New Company for Update Add New - Employer' successfully

2018-12-17 15:43:15 - [TEST_STEP][PASSED] - callTestCase: Call Test Case 'Test Cases/Final Aug 2018 - PKS Automation/Create Employer Acc/Login to Employer Account (Second time)' successfully

2018-12-17 15:43:15 - [TEST_CASE][PASSED] - Test Cases/Final Aug 2018 - PKS Automation/Create Employer Acc/Login to Employer Account (Second time): Test Cases/Final Aug 2018 - PKS Automation/Create Employer Acc/Login to Employer Account (Second time)

2018-12-17 15:43:15 - [TEST_STEP][PASSED] - openBrowser: Browser is opened with url: ''

2018-12-17 15:43:15 - [MESSAGE][WARNING] - A browser is already opened. Closing browser and opening a new one

2018-12-17 15:43:18 - [MESSAGE][PASSED] - Browser is opened with url: ''

2018-12-17 15:43:18 - [TEST_STEP][PASSED] - navigateToUrl: Navigate to 'https://assist2-uat.perkeso.gov.my/employer/login' successfully

2018-12-17 15:43:19 - [MESSAGE][PASSED] - Navigate to 'https://assist2-uat.perkeso.gov.my/employer/login' successfully

2018-12-17 15:43:19 - [TEST_STEP][PASSED] - delay: Delayed 3 second(s)

2018-12-17 15:43:22 - [MESSAGE][PASSED] - Delayed 3 second(s)

2018-12-17 15:43:22 - [TEST_STEP][PASSED] - callTestCase: Call Test Case 'Test Cases/Final Aug 2018 - PKS Automation/Create Employer Acc/Template/Employer Email Getter' successfully

2018-12-17 15:43:22 - [TEST_CASE][PASSED] - Test Cases/Final Aug 2018 - PKS Automation/Create Employer Acc/Template/Employer Email Getter: Test Cases/Final Aug 2018 - PKS Automation/Create Employer Acc/Template/Employer Email Getter

2018-12-17 15:43:22 - [TEST_STEP][PASSED] - Statement - Try: null

2018-12-17 15:43:22 - [TEST_STEP][PASSED] - Statement - EmpEmail = new java.io.File(C://Users//Admin//Desktop//PKS//Automation Reference Point//EmpEmail.txt): null

2018-12-17 15:43:22 - [TEST_STEP][PASSED] - Statement - bufferread = new java.io.BufferedReader(new java.io.FileReader(EmpEmail)): null

2018-12-17 15:43:22 - [TEST_STEP][PASSED] - Statement - readedVal = bufferread.readLine(): null

2018-12-17 15:43:22 - [TEST_STEP][PASSED] - Statement - out.println(readedVal): null

2018-12-17 15:43:22 - [TEST_STEP][PASSED] - Statement - Email = readedVal: null

2018-12-17 15:43:22 - [MESSAGE][PASSED] - Call Test Case 'Test Cases/Final Aug 2018 - PKS Automation/Create Employer Acc/Template/Employer Email Getter' successfully

2018-12-17 15:43:22 - [TEST_STEP][PASSED] - setText: Text 'perkeso723742305150@gmail.com' is set on object 'Object Repository/Final Object Repo/Login Page/External Login Page/Email'

2018-12-17 15:43:22 - [MESSAGE][PASSED] - Text 'perkeso723742305150@gmail.com' is set on object 'Object Repository/Final Object Repo/Login Page/External Login Page/Email'

2018-12-17 15:43:22 - [TEST_STEP][PASSED] - click: Object: 'Object Repository/Final Object Repo/Login Page/External Login Page/Next' is clicked on

2018-12-17 15:43:22 - [MESSAGE][PASSED] - Object: 'Object Repository/Final Object Repo/Login Page/External Login Page/Next' is clicked on

2018-12-17 15:43:22 - [TEST_STEP][PASSED] - delay: Delayed 3 second(s)

2018-12-17 15:43:25 - [MESSAGE][PASSED] - Delayed 3 second(s)

2018-12-17 15:43:25 - [TEST_STEP][PASSED] - setEncryptedText: Text ****** has been set on object 'Object Repository/Final Object Repo/Login Page/External Login Page/Password'

2018-12-17 15:43:26 - [MESSAGE][PASSED] - Text ****** has been set on object 'Object Repository/Final Object Repo/Login Page/External Login Page/Password'

2018-12-17 15:43:26 - [TEST_STEP][PASSED] - click: Object: 'Object Repository/Final Object Repo/Login Page/External Login Page/Login' is clicked on

2018-12-17 15:43:26 - [MESSAGE][PASSED] - Object: 'Object Repository/Final Object Repo/Login Page/External Login Page/Login' is clicked on

2018-12-17 15:43:26 - [TEST_STEP][PASSED] - delay: Delayed 5 second(s)

2018-12-17 15:43:31 - [MESSAGE][PASSED] - Delayed 5 second(s)

2018-12-17 15:43:31 - [MESSAGE][PASSED] - Call Test Case 'Test Cases/Final Aug 2018 - PKS Automation/Create Employer Acc/Login to Employer Account (Second time)' successfully

2018-12-17 15:43:31 - [TEST_STEP][PASSED] - navigateToUrl: Navigate to 'https://assist2-uat.perkeso.gov.my/web/registration/eis-update/form-3-eis-cessation-as-employer' successfully

2018-12-17 15:43:32 - [MESSAGE][PASSED] - Navigate to 'https://assist2-uat.perkeso.gov.my/web/registration/eis-update/form-3-eis-cessation-as-employer' successfully

2018-12-17 15:43:32 - [TEST_STEP][PASSED] - delay: Delayed 1 second(s)

2018-12-17 15:43:33 - [MESSAGE][PASSED] - Delayed 1 second(s)

2018-12-17 15:43:33 - [TEST_STEP][PASSED] - click: Object: 'Object Repository/Final Object Repo/Page_Form 3 EIS - Cessation as Employer/Edit' is clicked on

2018-12-17 15:43:34 - [MESSAGE][PASSED] - Object: 'Object Repository/Final Object Repo/Page_Form 3 EIS - Cessation as Employer/Edit' is clicked on

2018-12-17 15:43:34 - [TEST_STEP][PASSED] - delay: Delayed 1 second(s)

2018-12-17 15:43:35 - [MESSAGE][PASSED] - Delayed 1 second(s)

2018-12-17 15:43:35 - [TEST_STEP][PASSED] - Statement - abc = com.kms.katalon.core.webui.keyword.WebUiBuiltInKeywords.getAttribute(com.kms.katalon.core.testobject.ObjectRepository.findTestObject(Final Object Repo/Page_Form 3 EIS - Cessation as Employer/Employer Status), "value"): Attribute 'value' of object 'Object Repository/Final Object Repo/Page_Form 3 EIS - Cessation as Employer/Employer Status' is: 'Active'

2018-12-17 15:43:36 - [MESSAGE][PASSED] - Attribute 'value' of object 'Object Repository/Final Object Repo/Page_Form 3 EIS - Cessation as Employer/Employer Status' is: 'Active'

2018-12-17 15:43:36 - [TEST_STEP][PASSED] - Statement - out.println(abc): null

2018-12-17 15:43:36 - [TEST_STEP][PASSED] - Statement - If (abc == "Active"): Object: 'Object Repository/Final Object Repo/Page_Form 3 EIS - Cessation as Employer/Dormant EIS' is clicked on

2018-12-17 15:43:36 - [TEST_STEP][PASSED] - click: Object: 'Object Repository/Final Object Repo/Page_Form 3 EIS - Cessation as Employer/Change Employer Status to' is clicked on

2018-12-17 15:43:36 - [MESSAGE][PASSED] - Object: 'Object Repository/Final Object Repo/Page_Form 3 EIS - Cessation as Employer/Change Employer Status to' is clicked on

2018-12-17 15:43:36 - [TEST_STEP][PASSED] - click: Object: 'Object Repository/Final Object Repo/Page_Form 3 EIS - Cessation as Employer/Dormant EIS' is clicked on

2018-12-17 15:43:36 - [MESSAGE][PASSED] - Object: 'Object Repository/Final Object Repo/Page_Form 3 EIS - Cessation as Employer/Dormant EIS' is clicked on

2018-12-17 15:43:36 - [TEST_STEP][PASSED] - click: Object: 'Object Repository/Final Object Repo/Page_Form 3 EIS - Cessation as Employer/Calender' is clicked on

2018-12-17 15:43:36 - [MESSAGE][PASSED] - Object: 'Object Repository/Final Object Repo/Page_Form 3 EIS - Cessation as Employer/Calender' is clicked on

2018-12-17 15:43:36 - [TEST_STEP][PASSED] - delay: Delayed 1 second(s)

2018-12-17 15:43:37 - [MESSAGE][PASSED] - Delayed 1 second(s)

2018-12-17 15:43:37 - [TEST_STEP][PASSED] - click: Object: 'Object Repository/Final Object Repo/Page_Form 3 EIS - Cessation as Employer/Calender - Date' is clicked on

2018-12-17 15:43:37 - [MESSAGE][PASSED] - Object: 'Object Repository/Final Object Repo/Page_Form 3 EIS - Cessation as Employer/Calender - Date' is clicked on

2018-12-17 15:43:37 - [TEST_STEP][PASSED] - click: Object: 'Object Repository/Final Object Repo/Page_Form 3 EIS - Cessation as Employer/Save  Continue in Form 3 EIS Page' is clicked on

2018-12-17 15:43:38 - [MESSAGE][PASSED] - Object: 'Object Repository/Final Object Repo/Page_Form 3 EIS - Cessation as Employer/Save  Continue in Form 3 EIS Page' is clicked on

2018-12-17 15:43:38 - [TEST_STEP][PASSED] - delay: Delayed 1 second(s)

2018-12-17 15:43:39 - [MESSAGE][PASSED] - Delayed 1 second(s)

2018-12-17 15:43:39 - [TEST_STEP][PASSED] - click: Object: 'Object Repository/Final Object Repo/Page_Form 3 EIS - Cessation as Employer/Employment Resign Date' is clicked on

2018-12-17 15:43:39 - [MESSAGE][PASSED] - Object: 'Object Repository/Final Object Repo/Page_Form 3 EIS - Cessation as Employer/Employment Resign Date' is clicked on

2018-12-17 15:43:39 - [TEST_STEP][PASSED] - selectOptionByValue: All options with value '2019' are selected in object 'Object Repository/Final Object Repo/Page_Form 3 EIS - Cessation as Employer/Employment Resign Date - Year' 

2018-12-17 15:43:40 - [MESSAGE][PASSED] - All options with value '2019' are selected in object 'Object Repository/Final Object Repo/Page_Form 3 EIS - Cessation as Employer/Employment Resign Date - Year' 

2018-12-17 15:43:40 - [TEST_STEP][PASSED] - delay: Delayed 2 second(s)

2018-12-17 15:43:42 - [MESSAGE][PASSED] - Delayed 2 second(s)

2018-12-17 15:43:42 - [TEST_STEP][PASSED] - click: Object: 'Object Repository/Final Object Repo/Page_Form 3 EIS - Cessation as Employer/Employment Resign Date - Year - Date' is clicked on

2018-12-17 15:43:42 - [MESSAGE][PASSED] - Object: 'Object Repository/Final Object Repo/Page_Form 3 EIS - Cessation as Employer/Employment Resign Date - Year - Date' is clicked on

2018-12-17 15:43:42 - [TEST_STEP][PASSED] - delay: Delayed 2 second(s)

2018-12-17 15:43:44 - [MESSAGE][PASSED] - Delayed 2 second(s)

2018-12-17 15:43:44 - [TEST_STEP][PASSED] - click: Object: 'Object Repository/Final Object Repo/Page_Form 3 EIS - Cessation as Employer/Save  Continue in Employment Resign Page' is clicked on

2018-12-17 15:43:44 - [MESSAGE][PASSED] - Object: 'Object Repository/Final Object Repo/Page_Form 3 EIS - Cessation as Employer/Save  Continue in Employment Resign Page' is clicked on

2018-12-17 15:43:44 - [TEST_STEP][PASSED] - delay: Delayed 2 second(s)

2018-12-17 15:43:46 - [MESSAGE][PASSED] - Delayed 2 second(s)

2018-12-17 15:43:46 - [TEST_STEP][PASSED] - click: Object: 'Object Repository/Final Object Repo/Page_Form 3 EIS - Cessation as Employer/Set Latest - Yes' is clicked on

2018-12-17 15:43:46 - [MESSAGE][PASSED] - Object: 'Object Repository/Final Object Repo/Page_Form 3 EIS - Cessation as Employer/Set Latest - Yes' is clicked on

2018-12-17 15:43:46 - [TEST_STEP][PASSED] - delay: Delayed 2 second(s)

2018-12-17 15:43:48 - [MESSAGE][PASSED] - Delayed 2 second(s)

2018-12-17 15:43:48 - [TEST_STEP][PASSED] - click: Object: 'Object Repository/Final Object Repo/Page_Form 3 EIS - Cessation as Employer/Add Document' is clicked on

2018-12-17 15:43:50 - [MESSAGE][PASSED] - Object: 'Object Repository/Final Object Repo/Page_Form 3 EIS - Cessation as Employer/Add Document' is clicked on

2018-12-17 15:43:50 - [TEST_STEP][PASSED] - delay: Delayed 3 second(s)

2018-12-17 15:43:53 - [MESSAGE][PASSED] - Delayed 3 second(s)

2018-12-17 15:43:53 - [TEST_STEP][PASSED] - click: Object: 'Object Repository/Final Object Repo/Page_Form 3 EIS - Cessation as Employer/Document Type' is clicked on

2018-12-17 15:43:53 - [MESSAGE][PASSED] - Object: 'Object Repository/Final Object Repo/Page_Form 3 EIS - Cessation as Employer/Document Type' is clicked on

2018-12-17 15:43:53 - [TEST_STEP][PASSED] - click: Object: 'Object Repository/Final Object Repo/Page_Form 3 EIS - Cessation as Employer/Document Type - Form 3' is clicked on

2018-12-17 15:43:53 - [MESSAGE][PASSED] - Object: 'Object Repository/Final Object Repo/Page_Form 3 EIS - Cessation as Employer/Document Type - Form 3' is clicked on

2018-12-17 15:43:53 - [TEST_STEP][PASSED] - delay: Delayed 2 second(s)

2018-12-17 15:43:55 - [MESSAGE][PASSED] - Delayed 2 second(s)

2018-12-17 15:43:55 - [TEST_STEP][PASSED] - sendKeys: Keys 'C:\Users\Public\Pictures\Sample Pictures\Koala.jpg' sent to object: 'Object Repository/Final Object Repo/Page_Form 3 EIS - Cessation as Employer/ploading File'

2018-12-17 15:43:55 - [MESSAGE][PASSED] - Keys 'C:\Users\Public\Pictures\Sample Pictures\Koala.jpg' sent to object: 'Object Repository/Final Object Repo/Page_Form 3 EIS - Cessation as Employer/ploading File'

2018-12-17 15:43:55 - [TEST_STEP][PASSED] - delay: Delayed 1 second(s)

2018-12-17 15:43:56 - [MESSAGE][PASSED] - Delayed 1 second(s)

2018-12-17 15:43:56 - [TEST_STEP][PASSED] - click: Object: 'Object Repository/Final Object Repo/Page_Form 3 EIS - Cessation as Employer/Add Document in Uploading Page' is clicked on

2018-12-17 15:43:56 - [MESSAGE][PASSED] - Object: 'Object Repository/Final Object Repo/Page_Form 3 EIS - Cessation as Employer/Add Document in Uploading Page' is clicked on

2018-12-17 15:43:56 - [TEST_STEP][PASSED] - delay: Delayed 2 second(s)

2018-12-17 15:43:58 - [MESSAGE][PASSED] - Delayed 2 second(s)

2018-12-17 15:43:58 - [TEST_STEP][PASSED] - Statement - CaseReferenceNo = com.kms.katalon.core.webui.keyword.WebUiBuiltInKeywords.getText(com.kms.katalon.core.testobject.ObjectRepository.findTestObject(Final Object Repo/Page_Update Employer Information/Reference Number in Update Employee Information Page)): Text of object 'Object Repository/Final Object Repo/Page_Update Employer Information/Reference Number in Update Employee Information Page' is: 'ERN122018C200002472'

2018-12-17 15:44:00 - [MESSAGE][PASSED] - Text of object 'Object Repository/Final Object Repo/Page_Update Employer Information/Reference Number in Update Employee Information Page' is: 'ERN122018C200002472'

2018-12-17 15:44:00 - [TEST_STEP][PASSED] - callTestCase: Call Test Case 'Test Cases/Final Aug 2018 - PKS Automation/Common/Reference Number Setter' successfully

2018-12-17 15:44:00 - [TEST_CASE][PASSED] - Test Cases/Final Aug 2018 - PKS Automation/Common/Reference Number Setter: Test Cases/Final Aug 2018 - PKS Automation/Common/Reference Number Setter

2018-12-17 15:44:00 - [TEST_STEP][PASSED] - Statement - RefNoOldFile = new java.io.File(C://Users//Admin//Desktop//PKS//Automation Reference Point//KatalonReference.txt): null

2018-12-17 15:44:00 - [TEST_STEP][PASSED] - Statement - RefNoOldFile.delete(): null

2018-12-17 15:44:00 - [TEST_STEP][PASSED] - delay: Delayed 5 second(s)

2018-12-17 15:44:05 - [MESSAGE][PASSED] - Delayed 5 second(s)

2018-12-17 15:44:05 - [TEST_STEP][PASSED] - Statement - RefNo = new java.io.File(C://Users//Admin//Desktop//PKS//Automation Reference Point//KatalonReference.txt): null

2018-12-17 15:44:05 - [TEST_STEP][PASSED] - Statement - f2 = new java.io.FileWriter(RefNo, false): null

2018-12-17 15:44:05 - [TEST_STEP][PASSED] - Statement - f2.write(CaseReferenceNo): null

2018-12-17 15:44:05 - [TEST_STEP][PASSED] - Statement - f2.close(): null

2018-12-17 15:44:05 - [TEST_STEP][PASSED] - Statement - out.println("


" + CaseReferenceNo + "


"): null

2018-12-17 15:44:05 - [MESSAGE][PASSED] - Call Test Case 'Test Cases/Final Aug 2018 - PKS Automation/Common/Reference Number Setter' successfully

2018-12-17 15:44:05 - [TEST_STEP][PASSED] - delay: Delayed 2 second(s)

2018-12-17 15:44:07 - [MESSAGE][PASSED] - Delayed 2 second(s)

2018-12-17 15:44:07 - [TEST_STEP][PASSED] - click: Object: 'Object Repository/Final Object Repo/Page_Form 3 EIS - Cessation as Employer/Save  Continue in Uploading Page' is clicked on

2018-12-17 15:44:08 - [MESSAGE][PASSED] - Object: 'Object Repository/Final Object Repo/Page_Form 3 EIS - Cessation as Employer/Save  Continue in Uploading Page' is clicked on

2018-12-17 15:44:08 - [TEST_STEP][PASSED] - delay: Delayed 2 second(s)

2018-12-17 15:44:10 - [MESSAGE][PASSED] - Delayed 2 second(s)

2018-12-17 15:44:10 - [TEST_STEP][PASSED] - click: Object: 'Object Repository/Final Object Repo/Page_Form 3 EIS - Cessation as Employer/Submit' is clicked on

2018-12-17 15:44:13 - [MESSAGE][PASSED] - Object: 'Object Repository/Final Object Repo/Page_Form 3 EIS - Cessation as Employer/Submit' is clicked on

2018-12-17 15:44:13 - [TEST_STEP][PASSED] - delay: Delayed 2 second(s)

2018-12-17 15:44:15 - [MESSAGE][PASSED] - Delayed 2 second(s)

2018-12-17 15:44:15 - [TEST_STEP][PASSED] - click: Object: 'Object Repository/Final Object Repo/Page_Form 3 EIS - Cessation as Employer/Confirm' is clicked on

2018-12-17 15:44:15 - [MESSAGE][PASSED] - Object: 'Object Repository/Final Object Repo/Page_Form 3 EIS - Cessation as Employer/Confirm' is clicked on

2018-12-17 15:44:15 - [TEST_STEP][PASSED] - delay: Delayed 2 second(s)

2018-12-17 15:44:17 - [MESSAGE][PASSED] - Delayed 2 second(s)

2018-12-17 15:44:17 - [TEST_STEP][PASSED] - click: Object: 'Object Repository/Final Object Repo/Page_Form 3 EIS - Cessation as Employer/Message Your Request will be routed to UO' is clicked on

2018-12-17 15:44:21 - [MESSAGE][PASSED] - Object: 'Object Repository/Final Object Repo/Page_Form 3 EIS - Cessation as Employer/Message Your Request will be routed to UO' is clicked on

2018-12-17 15:44:21 - [TEST_STEP][PASSED] - click: Object: 'Object Repository/Final Object Repo/Page_Form 3 EIS - Cessation as Employer/Letter of acknowledgement' is clicked on

2018-12-17 15:44:21 - [MESSAGE][PASSED] - Object: 'Object Repository/Final Object Repo/Page_Form 3 EIS - Cessation as Employer/Letter of acknowledgement' is clicked on

2018-12-17 15:44:21 - [MESSAGE][PASSED] - Call Test Case 'Test Cases/Final Aug 2018 - PKS Automation/Registration Module/Workflow/Form 3 EIS - Cessation As Employer/Template/Form 3 A - Cessation As Employer (Employer)' successfully

2018-12-17 15:44:21 - [TEST_STEP][PASSED] - callTestCase: Call Test Case 'Test Cases/Final Aug 2018 - PKS Automation/Registration Module/Workflow/Form 3 EIS - Cessation As Employer/Template/Form 3 A - Cessation As Employer (Approve)' successfully

2018-12-17 15:44:21 - [TEST_CASE][PASSED] - Test Cases/Final Aug 2018 - PKS Automation/Registration Module/Workflow/Form 3 EIS - Cessation As Employer/Template/Form 3 A - Cessation As Employer (Approve): Test Cases/Final Aug 2018 - PKS Automation/Registration Module/Workflow/Form 3 EIS - Cessation As Employer/Template/Form 3 A - Cessation As Employer (Approve)

2018-12-17 15:44:22 - [TEST_STEP][NOT_RUN] - callTestCase: NOT_RUN: callTestCase

2018-12-17 15:44:22 - [MESSAGE][NOT_RUN] - NOT_RUN: callTestCase

2018-12-17 15:44:22 - [TEST_STEP][PASSED] - delay: Delayed 1 second(s)

2018-12-17 15:44:23 - [MESSAGE][PASSED] - Delayed 1 second(s)

2018-12-17 15:44:23 - [TEST_STEP][PASSED] - navigateToUrl: Navigate to 'https://assist2-uat.perkeso.gov.my/c/portal/logout' successfully

2018-12-17 15:44:24 - [MESSAGE][PASSED] - Navigate to 'https://assist2-uat.perkeso.gov.my/c/portal/logout' successfully

2018-12-17 15:44:24 - [TEST_STEP][PASSED] - delay: Delayed 1 second(s)

2018-12-17 15:44:25 - [MESSAGE][PASSED] - Delayed 1 second(s)

2018-12-17 15:44:25 - [TEST_STEP][PASSED] - callTestCase: Call Test Case 'Test Cases/Final Aug 2018 - PKS Automation/Common/Reference Number Getter' successfully

2018-12-17 15:44:25 - [TEST_CASE][PASSED] - Test Cases/Final Aug 2018 - PKS Automation/Common/Reference Number Getter: Test Cases/Final Aug 2018 - PKS Automation/Common/Reference Number Getter

2018-12-17 15:44:25 - [TEST_STEP][PASSED] - Statement - Try: null

2018-12-17 15:44:25 - [TEST_STEP][PASSED] - Statement - RefNo = new java.io.File(C://Users//Admin//Desktop//PKS//Automation Reference Point//KatalonReference.txt): null

2018-12-17 15:44:25 - [TEST_STEP][PASSED] - Statement - bufferread = new java.io.BufferedReader(new java.io.FileReader(RefNo)): null

2018-12-17 15:44:25 - [TEST_STEP][PASSED] - Statement - readedVal = bufferread.readLine(): null

2018-12-17 15:44:25 - [TEST_STEP][PASSED] - Statement - out.println(CaseReferenceNo): null

2018-12-17 15:44:25 - [TEST_STEP][PASSED] - Statement - out.println(readedVal): null

2018-12-17 15:44:25 - [TEST_STEP][PASSED] - Statement - CaseReferenceNo = "": null

2018-12-17 15:44:25 - [TEST_STEP][PASSED] - Statement - CaseReferenceNo = readedVal: null

2018-12-17 15:44:25 - [MESSAGE][PASSED] - Call Test Case 'Test Cases/Final Aug 2018 - PKS Automation/Common/Reference Number Getter' successfully

2018-12-17 15:44:25 - [TEST_STEP][PASSED] - callTestCase: Call Test Case 'Test Cases/Final Aug 2018 - PKS Automation/Common/Workflow Owner Finder' successfully

2018-12-17 15:44:25 - [TEST_CASE][PASSED] - Test Cases/Final Aug 2018 - PKS Automation/Common/Workflow Owner Finder: Test Cases/Final Aug 2018 - PKS Automation/Common/Workflow Owner Finder

2018-12-17 15:44:25 - [TEST_STEP][PASSED] - openBrowser: Browser is opened with url: ''

2018-12-17 15:44:25 - [MESSAGE][WARNING] - A browser is already opened. Closing browser and opening a new one

2018-12-17 15:44:28 - [MESSAGE][PASSED] - Browser is opened with url: ''

2018-12-17 15:44:28 - [TEST_STEP][PASSED] - navigateToUrl: Navigate to 'https://assist2-uat.perkeso.gov.my/login' successfully

2018-12-17 15:44:29 - [MESSAGE][PASSED] - Navigate to 'https://assist2-uat.perkeso.gov.my/login' successfully

2018-12-17 15:44:29 - [TEST_STEP][PASSED] - delay: Delayed 5 second(s)

2018-12-17 15:44:34 - [MESSAGE][PASSED] - Delayed 5 second(s)

2018-12-17 15:44:34 - [TEST_STEP][PASSED] - setText: Text 'test@liferay.com' is set on object 'Object Repository/Final Object Repo/Login Page/Internal User/Email Address'

2018-12-17 15:44:35 - [MESSAGE][PASSED] - Text 'test@liferay.com' is set on object 'Object Repository/Final Object Repo/Login Page/Internal User/Email Address'

2018-12-17 15:44:35 - [TEST_STEP][PASSED] - click: Object: 'Object Repository/Final Object Repo/Login Page/Internal User/Next Button' is clicked on

2018-12-17 15:44:35 - [MESSAGE][PASSED] - Object: 'Object Repository/Final Object Repo/Login Page/Internal User/Next Button' is clicked on

2018-12-17 15:44:35 - [TEST_STEP][PASSED] - delay: Delayed 2 second(s)

2018-12-17 15:44:37 - [MESSAGE][PASSED] - Delayed 2 second(s)

2018-12-17 15:44:37 - [TEST_STEP][PASSED] - setText: Text 'test' is set on object 'Object Repository/Final Object Repo/Login Page/Internal User/Password'

2018-12-17 15:44:37 - [MESSAGE][PASSED] - Text 'test' is set on object 'Object Repository/Final Object Repo/Login Page/Internal User/Password'

2018-12-17 15:44:37 - [TEST_STEP][PASSED] - delay: Delayed 2 second(s)

2018-12-17 15:44:39 - [MESSAGE][PASSED] - Delayed 2 second(s)

2018-12-17 15:44:39 - [TEST_STEP][PASSED] - click: Object: 'Object Repository/Final Object Repo/Login Page/Internal User/Login Button' is clicked on

2018-12-17 15:44:39 - [MESSAGE][PASSED] - Object: 'Object Repository/Final Object Repo/Login Page/Internal User/Login Button' is clicked on

2018-12-17 15:44:39 - [TEST_STEP][PASSED] - Statement - tester = com.kms.katalon.core.testobject.ObjectRepository.findTestObject(Final Object Repo/Landing Page/Select to English): Finding Test Object with id 'Object Repository/Final Object Repo/Landing Page/Select to English'

2018-12-17 15:44:39 - [TEST_STEP][PASSED] - Statement - Try: Delayed 2 second(s)

2018-12-17 15:44:39 - [TEST_STEP][PASSED] - Statement - Checker = com.kms.katalon.core.webui.keyword.WebUiBuiltInKeywords.verifyElementNotPresent(tester, 3): Web element with id: 'Object Repository/Final Object Repo/Landing Page/Select to English' located by 'By.xpath: //a[@class = 'taglib-language-list-text' and @lang = 'en-US' and (contains(text(), 'EN') or contains(., 'EN'))]' is not present after '3' second(s)

2018-12-17 15:44:41 - [MESSAGE][PASSED] - Web element with id: 'Object Repository/Final Object Repo/Landing Page/Select to English' located by 'By.xpath: //a[@class = 'taglib-language-list-text' and @lang = 'en-US' and (contains(text(), 'EN') or contains(., 'EN'))]' is not present after '3' second(s)

2018-12-17 15:44:41 - [TEST_STEP][PASSED] - Statement - If (Checker == false): null

2018-12-17 15:44:41 - [TEST_STEP][PASSED] - delay: Delayed 2 second(s)

2018-12-17 15:44:43 - [MESSAGE][PASSED] - Delayed 2 second(s)

2018-12-17 15:44:43 - [TEST_STEP][PASSED] - delay: Delayed 5 second(s)

2018-12-17 15:44:48 - [MESSAGE][PASSED] - Delayed 5 second(s)

2018-12-17 15:44:48 - [TEST_STEP][PASSED] - mouseOver: Object: 'Object Repository/Final Object Repo/Landing Page/WorkFlow Menu' is hovered

2018-12-17 15:44:49 - [MESSAGE][PASSED] - Object: 'Object Repository/Final Object Repo/Landing Page/WorkFlow Menu' is hovered

2018-12-17 15:44:49 - [TEST_STEP][PASSED] - delay: Delayed 2 second(s)

2018-12-17 15:44:51 - [MESSAGE][PASSED] - Delayed 2 second(s)

2018-12-17 15:44:51 - [TEST_STEP][PASSED] - click: Object: 'Object Repository/Final Object Repo/Landing Page/Select to Workflow Listing' is clicked on

2018-12-17 15:44:52 - [MESSAGE][PASSED] - Object: 'Object Repository/Final Object Repo/Landing Page/Select to Workflow Listing' is clicked on

2018-12-17 15:44:52 - [TEST_STEP][PASSED] - delay: Delayed 2 second(s)

2018-12-17 15:44:54 - [MESSAGE][PASSED] - Delayed 2 second(s)

2018-12-17 15:44:54 - [TEST_STEP][PASSED] - click: Object: 'Object Repository/Final Object Repo/WorkFlow Listing Page/Search Information - To Put Ref No' is clicked on

2018-12-17 15:44:54 - [MESSAGE][PASSED] - Object: 'Object Repository/Final Object Repo/WorkFlow Listing Page/Search Information - To Put Ref No' is clicked on

2018-12-17 15:44:54 - [TEST_STEP][PASSED] - delay: Delayed 2 second(s)

2018-12-17 15:44:56 - [MESSAGE][PASSED] - Delayed 2 second(s)

2018-12-17 15:44:56 - [TEST_STEP][PASSED] - callTestCase: Call Test Case 'Test Cases/Final Aug 2018 - PKS Automation/Common/Reference Number Getter' successfully

2018-12-17 15:44:56 - [TEST_CASE][PASSED] - Test Cases/Final Aug 2018 - PKS Automation/Common/Reference Number Getter: Test Cases/Final Aug 2018 - PKS Automation/Common/Reference Number Getter

2018-12-17 15:44:56 - [TEST_STEP][PASSED] - Statement - Try: null

2018-12-17 15:44:56 - [TEST_STEP][PASSED] - Statement - RefNo = new java.io.File(C://Users//Admin//Desktop//PKS//Automation Reference Point//KatalonReference.txt): null

2018-12-17 15:44:56 - [TEST_STEP][PASSED] - Statement - bufferread = new java.io.BufferedReader(new java.io.FileReader(RefNo)): null

2018-12-17 15:44:56 - [TEST_STEP][PASSED] - Statement - readedVal = bufferread.readLine(): null

2018-12-17 15:44:56 - [TEST_STEP][PASSED] - Statement - out.println(CaseReferenceNo): null

2018-12-17 15:44:56 - [TEST_STEP][PASSED] - Statement - out.println(readedVal): null

2018-12-17 15:44:56 - [TEST_STEP][PASSED] - Statement - CaseReferenceNo = "": null

2018-12-17 15:44:56 - [TEST_STEP][PASSED] - Statement - CaseReferenceNo = readedVal: null

2018-12-17 15:44:56 - [MESSAGE][PASSED] - Call Test Case 'Test Cases/Final Aug 2018 - PKS Automation/Common/Reference Number Getter' successfully

2018-12-17 15:44:56 - [TEST_STEP][PASSED] - setText: Text 'ERN122018C200002472' is set on object 'Object Repository/Final Object Repo/WorkFlow Listing Page/Ref No Set Text'

2018-12-17 15:44:56 - [MESSAGE][PASSED] - Text 'ERN122018C200002472' is set on object 'Object Repository/Final Object Repo/WorkFlow Listing Page/Ref No Set Text'

2018-12-17 15:44:56 - [TEST_STEP][PASSED] - delay: Delayed 2 second(s)

2018-12-17 15:44:58 - [MESSAGE][PASSED] - Delayed 2 second(s)

2018-12-17 15:44:58 - [TEST_STEP][PASSED] - click: Object: 'Object Repository/Final Object Repo/WorkFlow Listing Page/Search Ref No Search Button' is clicked on

2018-12-17 15:44:59 - [MESSAGE][PASSED] - Object: 'Object Repository/Final Object Repo/WorkFlow Listing Page/Search Ref No Search Button' is clicked on

2018-12-17 15:44:59 - [TEST_STEP][PASSED] - delay: Delayed 6 second(s)

2018-12-17 15:45:05 - [MESSAGE][PASSED] - Delayed 6 second(s)

2018-12-17 15:45:05 - [TEST_STEP][PASSED] - click: Object: 'Object Repository/Final Object Repo/WorkFlow Listing Page/Click Continue Tooltip' is clicked on

2018-12-17 15:45:06 - [MESSAGE][PASSED] - Object: 'Object Repository/Final Object Repo/WorkFlow Listing Page/Click Continue Tooltip' is clicked on

2018-12-17 15:45:06 - [TEST_STEP][PASSED] - delay: Delayed 5 second(s)

2018-12-17 15:45:11 - [MESSAGE][PASSED] - Delayed 5 second(s)

2018-12-17 15:45:11 - [TEST_STEP][PASSED] - doubleClick: Object: 'Object Repository/Final Object Repo/WorkFlow Listing Page/Workflow Found - Listing 1' is double clicked on

2018-12-17 15:45:11 - [MESSAGE][PASSED] - Object: 'Object Repository/Final Object Repo/WorkFlow Listing Page/Workflow Found - Listing 1' is double clicked on

2018-12-17 15:45:11 - [TEST_STEP][PASSED] - Statement - println(OwnerID): null

2018-12-17 15:45:11 - [TEST_STEP][PASSED] - Statement - OwnerID = com.kms.katalon.core.webui.keyword.WebUiBuiltInKeywords.getText(com.kms.katalon.core.testobject.ObjectRepository.findTestObject(Final Object Repo/WorkFlow Listing Page/Workflow Found - Listing 1), STOP_ON_FAILURE): Text of object 'Object Repository/Final Object Repo/WorkFlow Listing Page/Workflow Found - Listing 1' is: 'JOHORuo2'

2018-12-17 15:45:11 - [MESSAGE][PASSED] - Text of object 'Object Repository/Final Object Repo/WorkFlow Listing Page/Workflow Found - Listing 1' is: 'JOHORuo2'

2018-12-17 15:45:11 - [TEST_STEP][PASSED] - Statement - OwnerID = OwnerID.toLowerCase() + "@gmail.com": null

2018-12-17 15:45:11 - [TEST_STEP][PASSED] - Statement - println(OwnerID): null

2018-12-17 15:45:11 - [TEST_STEP][PASSED] - delay: Delayed 2 second(s)

2018-12-17 15:45:13 - [MESSAGE][PASSED] - Delayed 2 second(s)

2018-12-17 15:45:13 - [MESSAGE][PASSED] - Call Test Case 'Test Cases/Final Aug 2018 - PKS Automation/Common/Workflow Owner Finder' successfully

2018-12-17 15:45:13 - [TEST_STEP][PASSED] - delay: Delayed 1 second(s)

2018-12-17 15:45:14 - [MESSAGE][PASSED] - Delayed 1 second(s)

2018-12-17 15:45:14 - [TEST_STEP][PASSED] - navigateToUrl: Navigate to 'https://assist2-uat.perkeso.gov.my/c/portal/logout' successfully

2018-12-17 15:45:15 - [MESSAGE][PASSED] - Navigate to 'https://assist2-uat.perkeso.gov.my/c/portal/logout' successfully

2018-12-17 15:45:15 - [TEST_STEP][PASSED] - delay: Delayed 1 second(s)

2018-12-17 15:45:16 - [MESSAGE][PASSED] - Delayed 1 second(s)

2018-12-17 15:45:16 - [TEST_STEP][PASSED] - callTestCase: Call Test Case 'Test Cases/Final Aug 2018 - PKS Automation/Registration Module/Workflow/Login and Search Case For Workflow' successfully

2018-12-17 15:45:16 - [TEST_CASE][PASSED] - Test Cases/Final Aug 2018 - PKS Automation/Registration Module/Workflow/Login and Search Case For Workflow: Test Cases/Final Aug 2018 - PKS Automation/Registration Module/Workflow/Login and Search Case For Workflow

2018-12-17 15:45:16 - [TEST_STEP][PASSED] - navigateToUrl: Navigate to 'https://assist2-uat.perkeso.gov.my/login' successfully

2018-12-17 15:45:17 - [MESSAGE][PASSED] - Navigate to 'https://assist2-uat.perkeso.gov.my/login' successfully

2018-12-17 15:45:17 - [TEST_STEP][PASSED] - setText: Text 'johoruo2@gmail.com' is set on object 'Object Repository/Final Object Repo/Login Page/Internal User/Email Address'

2018-12-17 15:45:17 - [MESSAGE][PASSED] - Text 'johoruo2@gmail.com' is set on object 'Object Repository/Final Object Repo/Login Page/Internal User/Email Address'

2018-12-17 15:45:17 - [TEST_STEP][PASSED] - click: Object: 'Object Repository/Final Object Repo/Login Page/Internal User/Next Button' is clicked on

2018-12-17 15:45:17 - [MESSAGE][PASSED] - Object: 'Object Repository/Final Object Repo/Login Page/Internal User/Next Button' is clicked on

2018-12-17 15:45:17 - [TEST_STEP][PASSED] - delay: Delayed 1 second(s)

2018-12-17 15:45:18 - [MESSAGE][PASSED] - Delayed 1 second(s)

2018-12-17 15:45:18 - [TEST_STEP][PASSED] - setEncryptedText: Text ****** has been set on object 'Object Repository/Final Object Repo/Login Page/Internal User/Password'

2018-12-17 15:45:19 - [MESSAGE][PASSED] - Text ****** has been set on object 'Object Repository/Final Object Repo/Login Page/Internal User/Password'

2018-12-17 15:45:19 - [TEST_STEP][PASSED] - click: Object: 'Object Repository/Final Object Repo/Login Page/Internal User/Login Button' is clicked on

2018-12-17 15:45:19 - [MESSAGE][PASSED] - Object: 'Object Repository/Final Object Repo/Login Page/Internal User/Login Button' is clicked on

2018-12-17 15:45:19 - [TEST_STEP][PASSED] - delay: Delayed 2 second(s)

2018-12-17 15:45:21 - [MESSAGE][PASSED] - Delayed 2 second(s)

2018-12-17 15:45:21 - [TEST_STEP][PASSED] - Statement - Try: Delayed 2 second(s)

2018-12-17 15:45:21 - [TEST_STEP][PASSED] - Statement - Checker = false: null

2018-12-17 15:45:21 - [TEST_STEP][PASSED] - Statement - Checker = com.kms.katalon.core.webui.keyword.WebUiBuiltInKeywords.verifyElementHasAttribute(com.kms.katalon.core.testobject.ObjectRepository.findTestObject(Final Object Repo/Landing Page/BM Detecting), "href", 20, OPTIONAL): Object 'Object Repository/Final Object Repo/Landing Page/BM Detecting' has attribute 'href'

2018-12-17 15:45:21 - [MESSAGE][PASSED] - Object 'Object Repository/Final Object Repo/Landing Page/BM Detecting' has attribute 'href'

2018-12-17 15:45:21 - [TEST_STEP][PASSED] - Statement - out.println(Checker): null

2018-12-17 15:45:21 - [TEST_STEP][PASSED] - Statement - If (Checker == false): null

2018-12-17 15:45:21 - [TEST_STEP][PASSED] - Statement - Else: null

2018-12-17 15:45:21 - [TEST_STEP][PASSED] - delay: Delayed 2 second(s)

2018-12-17 15:45:23 - [MESSAGE][PASSED] - Delayed 2 second(s)

2018-12-17 15:45:23 - [TEST_STEP][PASSED] - click: Object: 'Object Repository/Final Object Repo/Page_MyASSIST - ASSIST - Search Pending Case For Add Supporting Document/Search Information' is clicked on

2018-12-17 15:45:23 - [MESSAGE][PASSED] - Object: 'Object Repository/Final Object Repo/Page_MyASSIST - ASSIST - Search Pending Case For Add Supporting Document/Search Information' is clicked on

2018-12-17 15:45:23 - [TEST_STEP][PASSED] - delay: Delayed 3 second(s)

2018-12-17 15:45:26 - [MESSAGE][PASSED] - Delayed 3 second(s)

2018-12-17 15:45:26 - [TEST_STEP][PASSED] - sendKeys: Keys 'ERN122018C200002472' sent to object: 'Object Repository/Final Object Repo/Page_MyASSIST - ASSIST - Search Pending Case For Add Supporting Document/Reference No'

2018-12-17 15:45:26 - [MESSAGE][PASSED] - Keys 'ERN122018C200002472' sent to object: 'Object Repository/Final Object Repo/Page_MyASSIST - ASSIST - Search Pending Case For Add Supporting Document/Reference No'

2018-12-17 15:45:26 - [TEST_STEP][PASSED] - click: Object: 'Object Repository/Final Object Repo/Page_MyASSIST - ASSIST - Search Pending Case For Add Supporting Document/Search Reference No' is clicked on

2018-12-17 15:45:27 - [MESSAGE][PASSED] - Object: 'Object Repository/Final Object Repo/Page_MyASSIST - ASSIST - Search Pending Case For Add Supporting Document/Search Reference No' is clicked on

2018-12-17 15:45:27 - [TEST_STEP][PASSED] - delay: Delayed 2 second(s)

2018-12-17 15:45:29 - [MESSAGE][PASSED] - Delayed 2 second(s)

2018-12-17 15:45:29 - [TEST_STEP][PASSED] - click: Object: 'Object Repository/Final Object Repo/Page_MyASSIST - ASSIST - Search Pending Case For Add Supporting Document/Continue' is clicked on

2018-12-17 15:45:32 - [MESSAGE][PASSED] - Object: 'Object Repository/Final Object Repo/Page_MyASSIST - ASSIST - Search Pending Case For Add Supporting Document/Continue' is clicked on

2018-12-17 15:45:32 - [TEST_STEP][PASSED] - delay: Delayed 20 second(s)

2018-12-17 15:45:52 - [MESSAGE][PASSED] - Delayed 20 second(s)

2018-12-17 15:45:52 - [MESSAGE][PASSED] - Call Test Case 'Test Cases/Final Aug 2018 - PKS Automation/Registration Module/Workflow/Login and Search Case For Workflow' successfully

2018-12-17 15:45:52 - [TEST_STEP][PASSED] - click: Object: 'Object Repository/Final Object Repo/Page_Form 3 EIS - Cessation as Employer/Page_Form 3 EIS - Cessation as Employer (Approve)/Save  Continue in Form 3 Page' is clicked on

2018-12-17 15:45:52 - [MESSAGE][PASSED] - Object: 'Object Repository/Final Object Repo/Page_Form 3 EIS - Cessation as Employer/Page_Form 3 EIS - Cessation as Employer (Approve)/Save  Continue in Form 3 Page' is clicked on

2018-12-17 15:45:52 - [TEST_STEP][PASSED] - delay: Delayed 2 second(s)

2018-12-17 15:45:54 - [MESSAGE][PASSED] - Delayed 2 second(s)

2018-12-17 15:45:54 - [TEST_STEP][PASSED] - click: Object: 'Object Repository/Final Object Repo/Page_Form 3 EIS - Cessation as Employer/Page_Form 3 EIS - Cessation as Employer (Approve)/Save  Continue in Resigned Page' is clicked on

2018-12-17 15:45:54 - [MESSAGE][PASSED] - Object: 'Object Repository/Final Object Repo/Page_Form 3 EIS - Cessation as Employer/Page_Form 3 EIS - Cessation as Employer (Approve)/Save  Continue in Resigned Page' is clicked on

2018-12-17 15:45:54 - [TEST_STEP][PASSED] - delay: Delayed 2 second(s)

2018-12-17 15:45:56 - [MESSAGE][PASSED] - Delayed 2 second(s)

2018-12-17 15:45:56 - [TEST_STEP][PASSED] - click: Object: 'Object Repository/Final Object Repo/Page_Form 3 EIS - Cessation as Employer/Page_Form 3 EIS - Cessation as Employer (Approve)/Save  Continue in Uploading Page' is clicked on

2018-12-17 15:45:58 - [MESSAGE][PASSED] - Object: 'Object Repository/Final Object Repo/Page_Form 3 EIS - Cessation as Employer/Page_Form 3 EIS - Cessation as Employer (Approve)/Save  Continue in Uploading Page' is clicked on

2018-12-17 15:45:58 - [TEST_STEP][PASSED] - delay: Delayed 2 second(s)

2018-12-17 15:46:00 - [MESSAGE][PASSED] - Delayed 2 second(s)

2018-12-17 15:46:00 - [TEST_STEP][PASSED] - click: Object: 'Object Repository/Final Object Repo/Page_Form 3 EIS - Cessation as Employer/Page_Form 3 EIS - Cessation as Employer (Approve)/Approve' is clicked on

2018-12-17 15:46:02 - [MESSAGE][PASSED] - Object: 'Object Repository/Final Object Repo/Page_Form 3 EIS - Cessation as Employer/Page_Form 3 EIS - Cessation as Employer (Approve)/Approve' is clicked on

2018-12-17 15:46:02 - [TEST_STEP][PASSED] - delay: Delayed 2 second(s)

2018-12-17 15:46:04 - [MESSAGE][PASSED] - Delayed 2 second(s)

2018-12-17 15:46:04 - [TEST_STEP][PASSED] - click: Object: 'Object Repository/Final Object Repo/Page_Form 3 EIS - Cessation as Employer/Page_Form 3 EIS - Cessation as Employer (Approve)/Confirm' is clicked on

2018-12-17 15:46:05 - [MESSAGE][PASSED] - Object: 'Object Repository/Final Object Repo/Page_Form 3 EIS - Cessation as Employer/Page_Form 3 EIS - Cessation as Employer (Approve)/Confirm' is clicked on

2018-12-17 15:46:05 - [TEST_STEP][PASSED] - delay: Delayed 2 second(s)

2018-12-17 15:46:07 - [MESSAGE][PASSED] - Delayed 2 second(s)

2018-12-17 15:46:07 - [TEST_STEP][PASSED] - click: Object: 'Object Repository/Final Object Repo/Page_Form 3 EIS - Cessation as Employer/Page_Form 3 EIS - Cessation as Employer (Approve)/Message Your Request    Form 3 EIS' is clicked on

2018-12-17 15:46:12 - [MESSAGE][PASSED] - Object: 'Object Repository/Final Object Repo/Page_Form 3 EIS - Cessation as Employer/Page_Form 3 EIS - Cessation as Employer (Approve)/Message Your Request    Form 3 EIS' is clicked on

2018-12-17 15:46:12 - [TEST_STEP][PASSED] - click: Object: 'Object Repository/Final Object Repo/Page_Form 3 EIS - Cessation as Employer/Page_Form 3 EIS - Cessation as Employer (Approve)/Letter of successful update' is clicked on

2018-12-17 15:46:13 - [MESSAGE][PASSED] - Object: 'Object Repository/Final Object Repo/Page_Form 3 EIS - Cessation as Employer/Page_Form 3 EIS - Cessation as Employer (Approve)/Letter of successful update' is clicked on

2018-12-17 15:46:13 - [MESSAGE][PASSED] - Call Test Case 'Test Cases/Final Aug 2018 - PKS Automation/Registration Module/Workflow/Form 3 EIS - Cessation As Employer/Template/Form 3 A - Cessation As Employer (Approve)' successfully]]></system-out>
         <system-err><![CDATA[]]></system-err>
      </testcase>
      <testcase name="Test Cases/Final Aug 2018 - PKS Automation/Registration Module/Workflow/Form 3 EIS - Cessation As Employer/Employer to UO (Query)" classname="Test Cases/Final Aug 2018 - PKS Automation/Registration Module/Workflow/Form 3 EIS - Cessation As Employer/Employer to UO (Query)" status="PASSED">
         <system-out><![CDATA[2018-12-17 15:46:13 - [TEST_CASE][PASSED] - Test Cases/Final Aug 2018 - PKS Automation/Registration Module/Workflow/Form 3 EIS - Cessation As Employer/Employer to UO (Query): Test Cases/Final Aug 2018 - PKS Automation/Registration Module/Workflow/Form 3 EIS - Cessation As Employer/Employer to UO (Query)

2018-12-17 15:46:13 - [TEST_STEP][PASSED] - callTestCase: Call Test Case 'Test Cases/Final Aug 2018 - PKS Automation/Registration Module/Workflow/Form 3 EIS - Cessation As Employer/Template/Form 3 A - Cessation As Employer (OTC)' successfully

2018-12-17 15:46:13 - [TEST_CASE][PASSED] - Test Cases/Final Aug 2018 - PKS Automation/Registration Module/Workflow/Form 3 EIS - Cessation As Employer/Template/Form 3 A - Cessation As Employer (OTC): Test Cases/Final Aug 2018 - PKS Automation/Registration Module/Workflow/Form 3 EIS - Cessation As Employer/Template/Form 3 A - Cessation As Employer (OTC)

2018-12-17 15:46:14 - [TEST_STEP][PASSED] - openBrowser: Browser is opened with url: ''

2018-12-17 15:46:14 - [MESSAGE][WARNING] - A browser is already opened. Closing browser and opening a new one

2018-12-17 15:46:16 - [MESSAGE][PASSED] - Browser is opened with url: ''

2018-12-17 15:46:16 - [TEST_STEP][PASSED] - navigateToUrl: Navigate to 'https://assist2-uat.perkeso.gov.my/login' successfully

2018-12-17 15:46:18 - [MESSAGE][PASSED] - Navigate to 'https://assist2-uat.perkeso.gov.my/login' successfully

2018-12-17 15:46:18 - [TEST_STEP][PASSED] - setText: Text 'johorotc1@gmail.com' is set on object 'Object Repository/Final Object Repo/Login Page/Internal User/Email Address'

2018-12-17 15:46:18 - [MESSAGE][PASSED] - Text 'johorotc1@gmail.com' is set on object 'Object Repository/Final Object Repo/Login Page/Internal User/Email Address'

2018-12-17 15:46:18 - [TEST_STEP][PASSED] - click: Object: 'Object Repository/Final Object Repo/Login Page/Internal User/Next Button' is clicked on

2018-12-17 15:46:19 - [MESSAGE][PASSED] - Object: 'Object Repository/Final Object Repo/Login Page/Internal User/Next Button' is clicked on

2018-12-17 15:46:19 - [TEST_STEP][PASSED] - delay: Delayed 1 second(s)

2018-12-17 15:46:20 - [MESSAGE][PASSED] - Delayed 1 second(s)

2018-12-17 15:46:20 - [TEST_STEP][PASSED] - setEncryptedText: Text ****** has been set on object 'Object Repository/Final Object Repo/Login Page/Internal User/Password'

2018-12-17 15:46:20 - [MESSAGE][PASSED] - Text ****** has been set on object 'Object Repository/Final Object Repo/Login Page/Internal User/Password'

2018-12-17 15:46:20 - [TEST_STEP][PASSED] - click: Object: 'Object Repository/Final Object Repo/Login Page/Internal User/Login Button' is clicked on

2018-12-17 15:46:20 - [MESSAGE][PASSED] - Object: 'Object Repository/Final Object Repo/Login Page/Internal User/Login Button' is clicked on

2018-12-17 15:46:20 - [TEST_STEP][PASSED] - delay: Delayed 1 second(s)

2018-12-17 15:46:21 - [MESSAGE][PASSED] - Delayed 1 second(s)

2018-12-17 15:46:21 - [TEST_STEP][PASSED] - Statement - Try: Delayed 2 second(s)

2018-12-17 15:46:21 - [TEST_STEP][PASSED] - Statement - Checker = false: null

2018-12-17 15:46:21 - [TEST_STEP][PASSED] - Statement - Checker = com.kms.katalon.core.webui.keyword.WebUiBuiltInKeywords.verifyElementHasAttribute(com.kms.katalon.core.testobject.ObjectRepository.findTestObject(Final Object Repo/Landing Page/BM Detecting), "href", 20, OPTIONAL): Object 'Object Repository/Final Object Repo/Landing Page/BM Detecting' has attribute 'href'

2018-12-17 15:46:22 - [MESSAGE][PASSED] - Object 'Object Repository/Final Object Repo/Landing Page/BM Detecting' has attribute 'href'

2018-12-17 15:46:22 - [TEST_STEP][PASSED] - Statement - out.println(Checker): null

2018-12-17 15:46:22 - [TEST_STEP][PASSED] - Statement - If (Checker == false): null

2018-12-17 15:46:22 - [TEST_STEP][PASSED] - Statement - Else: null

2018-12-17 15:46:22 - [TEST_STEP][PASSED] - delay: Delayed 2 second(s)

2018-12-17 15:46:24 - [MESSAGE][PASSED] - Delayed 2 second(s)

2018-12-17 15:46:24 - [TEST_STEP][PASSED] - navigateToUrl: Navigate to 'https://assist2-uat.perkeso.gov.my/web/registration/eis-update/form-3-eis-cessation-as-employer' successfully

2018-12-17 15:46:25 - [MESSAGE][PASSED] - Navigate to 'https://assist2-uat.perkeso.gov.my/web/registration/eis-update/form-3-eis-cessation-as-employer' successfully

2018-12-17 15:46:25 - [TEST_STEP][PASSED] - delay: Delayed 1 second(s)

2018-12-17 15:46:26 - [MESSAGE][PASSED] - Delayed 1 second(s)

2018-12-17 15:46:26 - [TEST_STEP][PASSED] - setText: Text 'E1102069769W' is set on object 'Object Repository/Final Object Repo/Page_Form 3 EIS - Cessation as Employer/Employer Code'

2018-12-17 15:46:26 - [MESSAGE][PASSED] - Text 'E1102069769W' is set on object 'Object Repository/Final Object Repo/Page_Form 3 EIS - Cessation as Employer/Employer Code'

2018-12-17 15:46:26 - [TEST_STEP][PASSED] - click: Object: 'Object Repository/Final Object Repo/Page_Form 3 EIS - Cessation as Employer/Search' is clicked on

2018-12-17 15:46:26 - [MESSAGE][PASSED] - Object: 'Object Repository/Final Object Repo/Page_Form 3 EIS - Cessation as Employer/Search' is clicked on

2018-12-17 15:46:26 - [TEST_STEP][PASSED] - click: Object: 'Object Repository/Final Object Repo/Page_Form 3 EIS - Cessation as Employer/Edit' is clicked on

2018-12-17 15:46:29 - [MESSAGE][PASSED] - Object: 'Object Repository/Final Object Repo/Page_Form 3 EIS - Cessation as Employer/Edit' is clicked on

2018-12-17 15:46:29 - [TEST_STEP][PASSED] - delay: Delayed 1 second(s)

2018-12-17 15:46:30 - [MESSAGE][PASSED] - Delayed 1 second(s)

2018-12-17 15:46:30 - [TEST_STEP][PASSED] - Statement - abc = com.kms.katalon.core.webui.keyword.WebUiBuiltInKeywords.getAttribute(com.kms.katalon.core.testobject.ObjectRepository.findTestObject(Final Object Repo/Page_Form 3 EIS - Cessation as Employer/Employer Status), "value"): Attribute 'value' of object 'Object Repository/Final Object Repo/Page_Form 3 EIS - Cessation as Employer/Employer Status' is: 'Active'

2018-12-17 15:46:30 - [MESSAGE][PASSED] - Attribute 'value' of object 'Object Repository/Final Object Repo/Page_Form 3 EIS - Cessation as Employer/Employer Status' is: 'Active'

2018-12-17 15:46:30 - [TEST_STEP][PASSED] - Statement - out.println(abc): null

2018-12-17 15:46:30 - [TEST_STEP][PASSED] - Statement - If (abc == "Active"): Object: 'Object Repository/Final Object Repo/Page_Form 3 EIS - Cessation as Employer/Dormant EIS' is clicked on

2018-12-17 15:46:30 - [TEST_STEP][PASSED] - click: Object: 'Object Repository/Final Object Repo/Page_Form 3 EIS - Cessation as Employer/Change Employer Status to' is clicked on

2018-12-17 15:46:30 - [MESSAGE][PASSED] - Object: 'Object Repository/Final Object Repo/Page_Form 3 EIS - Cessation as Employer/Change Employer Status to' is clicked on

2018-12-17 15:46:30 - [TEST_STEP][PASSED] - click: Object: 'Object Repository/Final Object Repo/Page_Form 3 EIS - Cessation as Employer/Dormant EIS' is clicked on

2018-12-17 15:46:31 - [MESSAGE][PASSED] - Object: 'Object Repository/Final Object Repo/Page_Form 3 EIS - Cessation as Employer/Dormant EIS' is clicked on

2018-12-17 15:46:31 - [TEST_STEP][PASSED] - click: Object: 'Object Repository/Final Object Repo/Page_Form 3 EIS - Cessation as Employer/Calender' is clicked on

2018-12-17 15:46:31 - [MESSAGE][PASSED] - Object: 'Object Repository/Final Object Repo/Page_Form 3 EIS - Cessation as Employer/Calender' is clicked on

2018-12-17 15:46:31 - [TEST_STEP][PASSED] - delay: Delayed 1 second(s)

2018-12-17 15:46:32 - [MESSAGE][PASSED] - Delayed 1 second(s)

2018-12-17 15:46:32 - [TEST_STEP][PASSED] - click: Object: 'Object Repository/Final Object Repo/Page_Form 3 EIS - Cessation as Employer/Calender - Date' is clicked on

2018-12-17 15:46:32 - [MESSAGE][PASSED] - Object: 'Object Repository/Final Object Repo/Page_Form 3 EIS - Cessation as Employer/Calender - Date' is clicked on

2018-12-17 15:46:32 - [TEST_STEP][PASSED] - click: Object: 'Object Repository/Final Object Repo/Page_Form 3 EIS - Cessation as Employer/Save  Continue in Form 3 EIS Page' is clicked on

2018-12-17 15:46:32 - [MESSAGE][PASSED] - Object: 'Object Repository/Final Object Repo/Page_Form 3 EIS - Cessation as Employer/Save  Continue in Form 3 EIS Page' is clicked on

2018-12-17 15:46:32 - [TEST_STEP][PASSED] - delay: Delayed 1 second(s)

2018-12-17 15:46:33 - [MESSAGE][PASSED] - Delayed 1 second(s)

2018-12-17 15:46:33 - [TEST_STEP][PASSED] - click: Object: 'Object Repository/Final Object Repo/Page_Form 3 EIS - Cessation as Employer/Employment Resign Date' is clicked on

2018-12-17 15:46:34 - [MESSAGE][PASSED] - Object: 'Object Repository/Final Object Repo/Page_Form 3 EIS - Cessation as Employer/Employment Resign Date' is clicked on

2018-12-17 15:46:34 - [TEST_STEP][PASSED] - selectOptionByValue: All options with value '2030' are selected in object 'Object Repository/Final Object Repo/Page_Form 3 EIS - Cessation as Employer/Employment Resign Date - Year' 

2018-12-17 15:46:34 - [MESSAGE][PASSED] - All options with value '2030' are selected in object 'Object Repository/Final Object Repo/Page_Form 3 EIS - Cessation as Employer/Employment Resign Date - Year' 

2018-12-17 15:46:34 - [TEST_STEP][PASSED] - delay: Delayed 2 second(s)

2018-12-17 15:46:36 - [MESSAGE][PASSED] - Delayed 2 second(s)

2018-12-17 15:46:36 - [TEST_STEP][PASSED] - click: Object: 'Object Repository/Final Object Repo/Page_Form 3 EIS - Cessation as Employer/Employment Resign Date - Year - Date' is clicked on

2018-12-17 15:46:36 - [MESSAGE][PASSED] - Object: 'Object Repository/Final Object Repo/Page_Form 3 EIS - Cessation as Employer/Employment Resign Date - Year - Date' is clicked on

2018-12-17 15:46:36 - [TEST_STEP][PASSED] - delay: Delayed 2 second(s)

2018-12-17 15:46:38 - [MESSAGE][PASSED] - Delayed 2 second(s)

2018-12-17 15:46:38 - [TEST_STEP][PASSED] - click: Object: 'Object Repository/Final Object Repo/Page_Form 3 EIS - Cessation as Employer/Save  Continue in Employment Resign Page' is clicked on

2018-12-17 15:46:39 - [MESSAGE][PASSED] - Object: 'Object Repository/Final Object Repo/Page_Form 3 EIS - Cessation as Employer/Save  Continue in Employment Resign Page' is clicked on

2018-12-17 15:46:39 - [TEST_STEP][PASSED] - delay: Delayed 2 second(s)

2018-12-17 15:46:41 - [MESSAGE][PASSED] - Delayed 2 second(s)

2018-12-17 15:46:41 - [TEST_STEP][PASSED] - click: Object: 'Object Repository/Final Object Repo/Page_Form 3 EIS - Cessation as Employer/Set Latest - Yes' is clicked on

2018-12-17 15:46:41 - [MESSAGE][PASSED] - Object: 'Object Repository/Final Object Repo/Page_Form 3 EIS - Cessation as Employer/Set Latest - Yes' is clicked on

2018-12-17 15:46:41 - [TEST_STEP][PASSED] - delay: Delayed 2 second(s)

2018-12-17 15:46:43 - [MESSAGE][PASSED] - Delayed 2 second(s)

2018-12-17 15:46:43 - [TEST_STEP][PASSED] - click: Object: 'Object Repository/Final Object Repo/Page_Form 3 EIS - Cessation as Employer/Add Document' is clicked on

2018-12-17 15:46:44 - [MESSAGE][PASSED] - Object: 'Object Repository/Final Object Repo/Page_Form 3 EIS - Cessation as Employer/Add Document' is clicked on

2018-12-17 15:46:44 - [TEST_STEP][PASSED] - delay: Delayed 3 second(s)

2018-12-17 15:46:47 - [MESSAGE][PASSED] - Delayed 3 second(s)

2018-12-17 15:46:47 - [TEST_STEP][PASSED] - click: Object: 'Object Repository/Final Object Repo/Page_Form 3 EIS - Cessation as Employer/Document Type' is clicked on

2018-12-17 15:46:47 - [MESSAGE][PASSED] - Object: 'Object Repository/Final Object Repo/Page_Form 3 EIS - Cessation as Employer/Document Type' is clicked on

2018-12-17 15:46:47 - [TEST_STEP][PASSED] - click: Object: 'Object Repository/Final Object Repo/Page_Form 3 EIS - Cessation as Employer/Document Type - Form 3' is clicked on

2018-12-17 15:46:47 - [MESSAGE][PASSED] - Object: 'Object Repository/Final Object Repo/Page_Form 3 EIS - Cessation as Employer/Document Type - Form 3' is clicked on

2018-12-17 15:46:47 - [TEST_STEP][PASSED] - delay: Delayed 2 second(s)

2018-12-17 15:46:49 - [MESSAGE][PASSED] - Delayed 2 second(s)

2018-12-17 15:46:49 - [TEST_STEP][PASSED] - sendKeys: Keys 'C:\Users\Public\Pictures\Sample Pictures\Koala.jpg' sent to object: 'Object Repository/Final Object Repo/Page_Form 3 EIS - Cessation as Employer/ploading File'

2018-12-17 15:46:49 - [MESSAGE][PASSED] - Keys 'C:\Users\Public\Pictures\Sample Pictures\Koala.jpg' sent to object: 'Object Repository/Final Object Repo/Page_Form 3 EIS - Cessation as Employer/ploading File'

2018-12-17 15:46:49 - [TEST_STEP][PASSED] - delay: Delayed 1 second(s)

2018-12-17 15:46:50 - [MESSAGE][PASSED] - Delayed 1 second(s)

2018-12-17 15:46:50 - [TEST_STEP][PASSED] - click: Object: 'Object Repository/Final Object Repo/Page_Form 3 EIS - Cessation as Employer/Add Document in Uploading Page' is clicked on

2018-12-17 15:46:51 - [MESSAGE][PASSED] - Object: 'Object Repository/Final Object Repo/Page_Form 3 EIS - Cessation as Employer/Add Document in Uploading Page' is clicked on

2018-12-17 15:46:51 - [TEST_STEP][PASSED] - delay: Delayed 2 second(s)

2018-12-17 15:46:53 - [MESSAGE][PASSED] - Delayed 2 second(s)

2018-12-17 15:46:53 - [TEST_STEP][PASSED] - Statement - CaseReferenceNo = com.kms.katalon.core.webui.keyword.WebUiBuiltInKeywords.getText(com.kms.katalon.core.testobject.ObjectRepository.findTestObject(Final Object Repo/Page_Update Employer Information/Reference Number in Update Employee Information Page)): Text of object 'Object Repository/Final Object Repo/Page_Update Employer Information/Reference Number in Update Employee Information Page' is: 'ERN122018C200002473'

2018-12-17 15:46:55 - [MESSAGE][PASSED] - Text of object 'Object Repository/Final Object Repo/Page_Update Employer Information/Reference Number in Update Employee Information Page' is: 'ERN122018C200002473'

2018-12-17 15:46:55 - [TEST_STEP][PASSED] - callTestCase: Call Test Case 'Test Cases/Final Aug 2018 - PKS Automation/Common/Reference Number Setter' successfully

2018-12-17 15:46:55 - [TEST_CASE][PASSED] - Test Cases/Final Aug 2018 - PKS Automation/Common/Reference Number Setter: Test Cases/Final Aug 2018 - PKS Automation/Common/Reference Number Setter

2018-12-17 15:46:55 - [TEST_STEP][PASSED] - Statement - RefNoOldFile = new java.io.File(C://Users//Admin//Desktop//PKS//Automation Reference Point//KatalonReference.txt): null

2018-12-17 15:46:55 - [TEST_STEP][PASSED] - Statement - RefNoOldFile.delete(): null

2018-12-17 15:46:55 - [TEST_STEP][PASSED] - delay: Delayed 5 second(s)

2018-12-17 15:47:00 - [MESSAGE][PASSED] - Delayed 5 second(s)

2018-12-17 15:47:00 - [TEST_STEP][PASSED] - Statement - RefNo = new java.io.File(C://Users//Admin//Desktop//PKS//Automation Reference Point//KatalonReference.txt): null

2018-12-17 15:47:00 - [TEST_STEP][PASSED] - Statement - f2 = new java.io.FileWriter(RefNo, false): null

2018-12-17 15:47:00 - [TEST_STEP][PASSED] - Statement - f2.write(CaseReferenceNo): null

2018-12-17 15:47:00 - [TEST_STEP][PASSED] - Statement - f2.close(): null

2018-12-17 15:47:00 - [TEST_STEP][PASSED] - Statement - out.println("


" + CaseReferenceNo + "


"): null

2018-12-17 15:47:00 - [MESSAGE][PASSED] - Call Test Case 'Test Cases/Final Aug 2018 - PKS Automation/Common/Reference Number Setter' successfully

2018-12-17 15:47:00 - [TEST_STEP][PASSED] - delay: Delayed 2 second(s)

2018-12-17 15:47:02 - [MESSAGE][PASSED] - Delayed 2 second(s)

2018-12-17 15:47:02 - [TEST_STEP][PASSED] - click: Object: 'Object Repository/Final Object Repo/Page_Form 3 EIS - Cessation as Employer/Save  Continue in Uploading Page' is clicked on

2018-12-17 15:47:02 - [MESSAGE][PASSED] - Object: 'Object Repository/Final Object Repo/Page_Form 3 EIS - Cessation as Employer/Save  Continue in Uploading Page' is clicked on

2018-12-17 15:47:02 - [TEST_STEP][PASSED] - delay: Delayed 2 second(s)

2018-12-17 15:47:04 - [MESSAGE][PASSED] - Delayed 2 second(s)

2018-12-17 15:47:04 - [TEST_STEP][PASSED] - click: Object: 'Object Repository/Final Object Repo/Page_Form 3 EIS - Cessation as Employer/Submit' is clicked on

2018-12-17 15:47:07 - [MESSAGE][PASSED] - Object: 'Object Repository/Final Object Repo/Page_Form 3 EIS - Cessation as Employer/Submit' is clicked on

2018-12-17 15:47:07 - [TEST_STEP][PASSED] - delay: Delayed 2 second(s)

2018-12-17 15:47:09 - [MESSAGE][PASSED] - Delayed 2 second(s)

2018-12-17 15:47:09 - [TEST_STEP][PASSED] - click: Object: 'Object Repository/Final Object Repo/Page_Form 3 EIS - Cessation as Employer/Confirm' is clicked on

2018-12-17 15:47:09 - [MESSAGE][PASSED] - Object: 'Object Repository/Final Object Repo/Page_Form 3 EIS - Cessation as Employer/Confirm' is clicked on

2018-12-17 15:47:09 - [TEST_STEP][PASSED] - delay: Delayed 2 second(s)

2018-12-17 15:47:11 - [MESSAGE][PASSED] - Delayed 2 second(s)

2018-12-17 15:47:11 - [TEST_STEP][PASSED] - click: Object: 'Object Repository/Final Object Repo/Page_Form 3 EIS - Cessation as Employer/Message Your Request will be routed to UO' is clicked on

2018-12-17 15:47:15 - [MESSAGE][PASSED] - Object: 'Object Repository/Final Object Repo/Page_Form 3 EIS - Cessation as Employer/Message Your Request will be routed to UO' is clicked on

2018-12-17 15:47:15 - [TEST_STEP][PASSED] - click: Object: 'Object Repository/Final Object Repo/Page_Form 3 EIS - Cessation as Employer/Letter of acknowledgement' is clicked on

2018-12-17 15:47:15 - [MESSAGE][PASSED] - Object: 'Object Repository/Final Object Repo/Page_Form 3 EIS - Cessation as Employer/Letter of acknowledgement' is clicked on

2018-12-17 15:47:15 - [MESSAGE][PASSED] - Call Test Case 'Test Cases/Final Aug 2018 - PKS Automation/Registration Module/Workflow/Form 3 EIS - Cessation As Employer/Template/Form 3 A - Cessation As Employer (OTC)' successfully

2018-12-17 15:47:15 - [TEST_STEP][PASSED] - callTestCase: Call Test Case 'Test Cases/Final Aug 2018 - PKS Automation/Registration Module/Workflow/Form 3 EIS - Cessation As Employer/Template/Form 3 A - Cessation As Employer (Query)' successfully

2018-12-17 15:47:15 - [TEST_CASE][PASSED] - Test Cases/Final Aug 2018 - PKS Automation/Registration Module/Workflow/Form 3 EIS - Cessation As Employer/Template/Form 3 A - Cessation As Employer (Query): Test Cases/Final Aug 2018 - PKS Automation/Registration Module/Workflow/Form 3 EIS - Cessation As Employer/Template/Form 3 A - Cessation As Employer (Query)

2018-12-17 15:47:16 - [TEST_STEP][NOT_RUN] - callTestCase: NOT_RUN: callTestCase

2018-12-17 15:47:16 - [MESSAGE][NOT_RUN] - NOT_RUN: callTestCase

2018-12-17 15:47:16 - [TEST_STEP][PASSED] - delay: Delayed 1 second(s)

2018-12-17 15:47:17 - [MESSAGE][PASSED] - Delayed 1 second(s)

2018-12-17 15:47:17 - [TEST_STEP][PASSED] - navigateToUrl: Navigate to 'https://assist2-uat.perkeso.gov.my/c/portal/logout' successfully

2018-12-17 15:47:18 - [MESSAGE][PASSED] - Navigate to 'https://assist2-uat.perkeso.gov.my/c/portal/logout' successfully

2018-12-17 15:47:18 - [TEST_STEP][PASSED] - delay: Delayed 1 second(s)

2018-12-17 15:47:19 - [MESSAGE][PASSED] - Delayed 1 second(s)

2018-12-17 15:47:19 - [TEST_STEP][PASSED] - callTestCase: Call Test Case 'Test Cases/Final Aug 2018 - PKS Automation/Common/Reference Number Getter' successfully

2018-12-17 15:47:19 - [TEST_CASE][PASSED] - Test Cases/Final Aug 2018 - PKS Automation/Common/Reference Number Getter: Test Cases/Final Aug 2018 - PKS Automation/Common/Reference Number Getter

2018-12-17 15:47:19 - [TEST_STEP][PASSED] - Statement - Try: null

2018-12-17 15:47:19 - [TEST_STEP][PASSED] - Statement - RefNo = new java.io.File(C://Users//Admin//Desktop//PKS//Automation Reference Point//KatalonReference.txt): null

2018-12-17 15:47:19 - [TEST_STEP][PASSED] - Statement - bufferread = new java.io.BufferedReader(new java.io.FileReader(RefNo)): null

2018-12-17 15:47:19 - [TEST_STEP][PASSED] - Statement - readedVal = bufferread.readLine(): null

2018-12-17 15:47:19 - [TEST_STEP][PASSED] - Statement - out.println(CaseReferenceNo): null

2018-12-17 15:47:19 - [TEST_STEP][PASSED] - Statement - out.println(readedVal): null

2018-12-17 15:47:19 - [TEST_STEP][PASSED] - Statement - CaseReferenceNo = "": null

2018-12-17 15:47:19 - [TEST_STEP][PASSED] - Statement - CaseReferenceNo = readedVal: null

2018-12-17 15:47:19 - [MESSAGE][PASSED] - Call Test Case 'Test Cases/Final Aug 2018 - PKS Automation/Common/Reference Number Getter' successfully

2018-12-17 15:47:19 - [TEST_STEP][PASSED] - callTestCase: Call Test Case 'Test Cases/Final Aug 2018 - PKS Automation/Common/Workflow Owner Finder' successfully

2018-12-17 15:47:19 - [TEST_CASE][PASSED] - Test Cases/Final Aug 2018 - PKS Automation/Common/Workflow Owner Finder: Test Cases/Final Aug 2018 - PKS Automation/Common/Workflow Owner Finder

2018-12-17 15:47:19 - [TEST_STEP][PASSED] - openBrowser: Browser is opened with url: ''

2018-12-17 15:47:19 - [MESSAGE][WARNING] - A browser is already opened. Closing browser and opening a new one

2018-12-17 15:47:22 - [MESSAGE][PASSED] - Browser is opened with url: ''

2018-12-17 15:47:22 - [TEST_STEP][PASSED] - navigateToUrl: Navigate to 'https://assist2-uat.perkeso.gov.my/login' successfully

2018-12-17 15:47:23 - [MESSAGE][PASSED] - Navigate to 'https://assist2-uat.perkeso.gov.my/login' successfully

2018-12-17 15:47:23 - [TEST_STEP][PASSED] - delay: Delayed 5 second(s)

2018-12-17 15:47:28 - [MESSAGE][PASSED] - Delayed 5 second(s)

2018-12-17 15:47:28 - [TEST_STEP][PASSED] - setText: Text 'test@liferay.com' is set on object 'Object Repository/Final Object Repo/Login Page/Internal User/Email Address'

2018-12-17 15:47:28 - [MESSAGE][PASSED] - Text 'test@liferay.com' is set on object 'Object Repository/Final Object Repo/Login Page/Internal User/Email Address'

2018-12-17 15:47:28 - [TEST_STEP][PASSED] - click: Object: 'Object Repository/Final Object Repo/Login Page/Internal User/Next Button' is clicked on

2018-12-17 15:47:28 - [MESSAGE][PASSED] - Object: 'Object Repository/Final Object Repo/Login Page/Internal User/Next Button' is clicked on

2018-12-17 15:47:28 - [TEST_STEP][PASSED] - delay: Delayed 2 second(s)

2018-12-17 15:47:30 - [MESSAGE][PASSED] - Delayed 2 second(s)

2018-12-17 15:47:30 - [TEST_STEP][PASSED] - setText: Text 'test' is set on object 'Object Repository/Final Object Repo/Login Page/Internal User/Password'

2018-12-17 15:47:31 - [MESSAGE][PASSED] - Text 'test' is set on object 'Object Repository/Final Object Repo/Login Page/Internal User/Password'

2018-12-17 15:47:31 - [TEST_STEP][PASSED] - delay: Delayed 2 second(s)

2018-12-17 15:47:33 - [MESSAGE][PASSED] - Delayed 2 second(s)

2018-12-17 15:47:33 - [TEST_STEP][PASSED] - click: Object: 'Object Repository/Final Object Repo/Login Page/Internal User/Login Button' is clicked on

2018-12-17 15:47:33 - [MESSAGE][PASSED] - Object: 'Object Repository/Final Object Repo/Login Page/Internal User/Login Button' is clicked on

2018-12-17 15:47:33 - [TEST_STEP][PASSED] - Statement - tester = com.kms.katalon.core.testobject.ObjectRepository.findTestObject(Final Object Repo/Landing Page/Select to English): Finding Test Object with id 'Object Repository/Final Object Repo/Landing Page/Select to English'

2018-12-17 15:47:33 - [TEST_STEP][PASSED] - Statement - Try: Delayed 2 second(s)

2018-12-17 15:47:33 - [TEST_STEP][PASSED] - Statement - Checker = com.kms.katalon.core.webui.keyword.WebUiBuiltInKeywords.verifyElementNotPresent(tester, 3): Web element with id: 'Object Repository/Final Object Repo/Landing Page/Select to English' located by 'By.xpath: //a[@class = 'taglib-language-list-text' and @lang = 'en-US' and (contains(text(), 'EN') or contains(., 'EN'))]' is not present after '3' second(s)

2018-12-17 15:47:35 - [MESSAGE][PASSED] - Web element with id: 'Object Repository/Final Object Repo/Landing Page/Select to English' located by 'By.xpath: //a[@class = 'taglib-language-list-text' and @lang = 'en-US' and (contains(text(), 'EN') or contains(., 'EN'))]' is not present after '3' second(s)

2018-12-17 15:47:35 - [TEST_STEP][PASSED] - Statement - If (Checker == false): null

2018-12-17 15:47:35 - [TEST_STEP][PASSED] - delay: Delayed 2 second(s)

2018-12-17 15:47:37 - [MESSAGE][PASSED] - Delayed 2 second(s)

2018-12-17 15:47:37 - [TEST_STEP][PASSED] - delay: Delayed 5 second(s)

2018-12-17 15:47:42 - [MESSAGE][PASSED] - Delayed 5 second(s)

2018-12-17 15:47:42 - [TEST_STEP][PASSED] - mouseOver: Object: 'Object Repository/Final Object Repo/Landing Page/WorkFlow Menu' is hovered

2018-12-17 15:47:42 - [MESSAGE][PASSED] - Object: 'Object Repository/Final Object Repo/Landing Page/WorkFlow Menu' is hovered

2018-12-17 15:47:42 - [TEST_STEP][PASSED] - delay: Delayed 2 second(s)

2018-12-17 15:47:44 - [MESSAGE][PASSED] - Delayed 2 second(s)

2018-12-17 15:47:44 - [TEST_STEP][PASSED] - click: Object: 'Object Repository/Final Object Repo/Landing Page/Select to Workflow Listing' is clicked on

2018-12-17 15:47:45 - [MESSAGE][PASSED] - Object: 'Object Repository/Final Object Repo/Landing Page/Select to Workflow Listing' is clicked on

2018-12-17 15:47:45 - [TEST_STEP][PASSED] - delay: Delayed 2 second(s)

2018-12-17 15:47:47 - [MESSAGE][PASSED] - Delayed 2 second(s)

2018-12-17 15:47:47 - [TEST_STEP][PASSED] - click: Object: 'Object Repository/Final Object Repo/WorkFlow Listing Page/Search Information - To Put Ref No' is clicked on

2018-12-17 15:47:47 - [MESSAGE][PASSED] - Object: 'Object Repository/Final Object Repo/WorkFlow Listing Page/Search Information - To Put Ref No' is clicked on

2018-12-17 15:47:47 - [TEST_STEP][PASSED] - delay: Delayed 2 second(s)

2018-12-17 15:47:49 - [MESSAGE][PASSED] - Delayed 2 second(s)

2018-12-17 15:47:49 - [TEST_STEP][PASSED] - callTestCase: Call Test Case 'Test Cases/Final Aug 2018 - PKS Automation/Common/Reference Number Getter' successfully

2018-12-17 15:47:50 - [TEST_CASE][PASSED] - Test Cases/Final Aug 2018 - PKS Automation/Common/Reference Number Getter: Test Cases/Final Aug 2018 - PKS Automation/Common/Reference Number Getter

2018-12-17 15:47:50 - [TEST_STEP][PASSED] - Statement - Try: null

2018-12-17 15:47:50 - [TEST_STEP][PASSED] - Statement - RefNo = new java.io.File(C://Users//Admin//Desktop//PKS//Automation Reference Point//KatalonReference.txt): null

2018-12-17 15:47:50 - [TEST_STEP][PASSED] - Statement - bufferread = new java.io.BufferedReader(new java.io.FileReader(RefNo)): null

2018-12-17 15:47:50 - [TEST_STEP][PASSED] - Statement - readedVal = bufferread.readLine(): null

2018-12-17 15:47:50 - [TEST_STEP][PASSED] - Statement - out.println(CaseReferenceNo): null

2018-12-17 15:47:50 - [TEST_STEP][PASSED] - Statement - out.println(readedVal): null

2018-12-17 15:47:50 - [TEST_STEP][PASSED] - Statement - CaseReferenceNo = "": null

2018-12-17 15:47:50 - [TEST_STEP][PASSED] - Statement - CaseReferenceNo = readedVal: null

2018-12-17 15:47:50 - [MESSAGE][PASSED] - Call Test Case 'Test Cases/Final Aug 2018 - PKS Automation/Common/Reference Number Getter' successfully

2018-12-17 15:47:50 - [TEST_STEP][PASSED] - setText: Text 'ERN122018C200002473' is set on object 'Object Repository/Final Object Repo/WorkFlow Listing Page/Ref No Set Text'

2018-12-17 15:47:50 - [MESSAGE][PASSED] - Text 'ERN122018C200002473' is set on object 'Object Repository/Final Object Repo/WorkFlow Listing Page/Ref No Set Text'

2018-12-17 15:47:50 - [TEST_STEP][PASSED] - delay: Delayed 2 second(s)

2018-12-17 15:47:52 - [MESSAGE][PASSED] - Delayed 2 second(s)

2018-12-17 15:47:52 - [TEST_STEP][PASSED] - click: Object: 'Object Repository/Final Object Repo/WorkFlow Listing Page/Search Ref No Search Button' is clicked on

2018-12-17 15:47:52 - [MESSAGE][PASSED] - Object: 'Object Repository/Final Object Repo/WorkFlow Listing Page/Search Ref No Search Button' is clicked on

2018-12-17 15:47:52 - [TEST_STEP][PASSED] - delay: Delayed 6 second(s)

2018-12-17 15:47:58 - [MESSAGE][PASSED] - Delayed 6 second(s)

2018-12-17 15:47:58 - [TEST_STEP][PASSED] - click: Object: 'Object Repository/Final Object Repo/WorkFlow Listing Page/Click Continue Tooltip' is clicked on

2018-12-17 15:47:59 - [MESSAGE][PASSED] - Object: 'Object Repository/Final Object Repo/WorkFlow Listing Page/Click Continue Tooltip' is clicked on

2018-12-17 15:47:59 - [TEST_STEP][PASSED] - delay: Delayed 5 second(s)

2018-12-17 15:48:04 - [MESSAGE][PASSED] - Delayed 5 second(s)

2018-12-17 15:48:04 - [TEST_STEP][PASSED] - doubleClick: Object: 'Object Repository/Final Object Repo/WorkFlow Listing Page/Workflow Found - Listing 1' is double clicked on

2018-12-17 15:48:04 - [MESSAGE][PASSED] - Object: 'Object Repository/Final Object Repo/WorkFlow Listing Page/Workflow Found - Listing 1' is double clicked on

2018-12-17 15:48:04 - [TEST_STEP][PASSED] - Statement - println(OwnerID): null

2018-12-17 15:48:04 - [TEST_STEP][PASSED] - Statement - OwnerID = com.kms.katalon.core.webui.keyword.WebUiBuiltInKeywords.getText(com.kms.katalon.core.testobject.ObjectRepository.findTestObject(Final Object Repo/WorkFlow Listing Page/Workflow Found - Listing 1), STOP_ON_FAILURE): Text of object 'Object Repository/Final Object Repo/WorkFlow Listing Page/Workflow Found - Listing 1' is: 'JOHORuo3'

2018-12-17 15:48:04 - [MESSAGE][PASSED] - Text of object 'Object Repository/Final Object Repo/WorkFlow Listing Page/Workflow Found - Listing 1' is: 'JOHORuo3'

2018-12-17 15:48:04 - [TEST_STEP][PASSED] - Statement - OwnerID = OwnerID.toLowerCase() + "@gmail.com": null

2018-12-17 15:48:04 - [TEST_STEP][PASSED] - Statement - println(OwnerID): null

2018-12-17 15:48:04 - [TEST_STEP][PASSED] - delay: Delayed 2 second(s)

2018-12-17 15:48:06 - [MESSAGE][PASSED] - Delayed 2 second(s)

2018-12-17 15:48:07 - [MESSAGE][PASSED] - Call Test Case 'Test Cases/Final Aug 2018 - PKS Automation/Common/Workflow Owner Finder' successfully

2018-12-17 15:48:07 - [TEST_STEP][PASSED] - delay: Delayed 1 second(s)

2018-12-17 15:48:08 - [MESSAGE][PASSED] - Delayed 1 second(s)

2018-12-17 15:48:08 - [TEST_STEP][PASSED] - navigateToUrl: Navigate to 'https://assist2-uat.perkeso.gov.my/c/portal/logout' successfully

2018-12-17 15:48:08 - [MESSAGE][PASSED] - Navigate to 'https://assist2-uat.perkeso.gov.my/c/portal/logout' successfully

2018-12-17 15:48:08 - [TEST_STEP][PASSED] - delay: Delayed 1 second(s)

2018-12-17 15:48:09 - [MESSAGE][PASSED] - Delayed 1 second(s)

2018-12-17 15:48:09 - [TEST_STEP][PASSED] - callTestCase: Call Test Case 'Test Cases/Final Aug 2018 - PKS Automation/Registration Module/Workflow/Login and Search Case For Workflow' successfully

2018-12-17 15:48:10 - [TEST_CASE][PASSED] - Test Cases/Final Aug 2018 - PKS Automation/Registration Module/Workflow/Login and Search Case For Workflow: Test Cases/Final Aug 2018 - PKS Automation/Registration Module/Workflow/Login and Search Case For Workflow

2018-12-17 15:48:10 - [TEST_STEP][PASSED] - navigateToUrl: Navigate to 'https://assist2-uat.perkeso.gov.my/login' successfully

2018-12-17 15:48:10 - [MESSAGE][PASSED] - Navigate to 'https://assist2-uat.perkeso.gov.my/login' successfully

2018-12-17 15:48:10 - [TEST_STEP][PASSED] - setText: Text 'johoruo3@gmail.com' is set on object 'Object Repository/Final Object Repo/Login Page/Internal User/Email Address'

2018-12-17 15:48:10 - [MESSAGE][PASSED] - Text 'johoruo3@gmail.com' is set on object 'Object Repository/Final Object Repo/Login Page/Internal User/Email Address'

2018-12-17 15:48:10 - [TEST_STEP][PASSED] - click: Object: 'Object Repository/Final Object Repo/Login Page/Internal User/Next Button' is clicked on

2018-12-17 15:48:11 - [MESSAGE][PASSED] - Object: 'Object Repository/Final Object Repo/Login Page/Internal User/Next Button' is clicked on

2018-12-17 15:48:11 - [TEST_STEP][PASSED] - delay: Delayed 1 second(s)

2018-12-17 15:48:12 - [MESSAGE][PASSED] - Delayed 1 second(s)

2018-12-17 15:48:12 - [TEST_STEP][PASSED] - setEncryptedText: Text ****** has been set on object 'Object Repository/Final Object Repo/Login Page/Internal User/Password'

2018-12-17 15:48:12 - [MESSAGE][PASSED] - Text ****** has been set on object 'Object Repository/Final Object Repo/Login Page/Internal User/Password'

2018-12-17 15:48:12 - [TEST_STEP][PASSED] - click: Object: 'Object Repository/Final Object Repo/Login Page/Internal User/Login Button' is clicked on

2018-12-17 15:48:12 - [MESSAGE][PASSED] - Object: 'Object Repository/Final Object Repo/Login Page/Internal User/Login Button' is clicked on

2018-12-17 15:48:12 - [TEST_STEP][PASSED] - delay: Delayed 2 second(s)

2018-12-17 15:48:14 - [MESSAGE][PASSED] - Delayed 2 second(s)

2018-12-17 15:48:14 - [TEST_STEP][PASSED] - Statement - Try: Delayed 2 second(s)

2018-12-17 15:48:14 - [TEST_STEP][PASSED] - Statement - Checker = false: null

2018-12-17 15:48:14 - [TEST_STEP][PASSED] - Statement - Checker = com.kms.katalon.core.webui.keyword.WebUiBuiltInKeywords.verifyElementHasAttribute(com.kms.katalon.core.testobject.ObjectRepository.findTestObject(Final Object Repo/Landing Page/BM Detecting), "href", 20, OPTIONAL): Object 'Object Repository/Final Object Repo/Landing Page/BM Detecting' has attribute 'href'

2018-12-17 15:48:14 - [MESSAGE][PASSED] - Object 'Object Repository/Final Object Repo/Landing Page/BM Detecting' has attribute 'href'

2018-12-17 15:48:14 - [TEST_STEP][PASSED] - Statement - out.println(Checker): null

2018-12-17 15:48:14 - [TEST_STEP][PASSED] - Statement - If (Checker == false): null

2018-12-17 15:48:14 - [TEST_STEP][PASSED] - Statement - Else: null

2018-12-17 15:48:14 - [TEST_STEP][PASSED] - delay: Delayed 2 second(s)

2018-12-17 15:48:16 - [MESSAGE][PASSED] - Delayed 2 second(s)

2018-12-17 15:48:16 - [TEST_STEP][PASSED] - click: Object: 'Object Repository/Final Object Repo/Page_MyASSIST - ASSIST - Search Pending Case For Add Supporting Document/Search Information' is clicked on

2018-12-17 15:48:16 - [MESSAGE][PASSED] - Object: 'Object Repository/Final Object Repo/Page_MyASSIST - ASSIST - Search Pending Case For Add Supporting Document/Search Information' is clicked on

2018-12-17 15:48:16 - [TEST_STEP][PASSED] - delay: Delayed 3 second(s)

2018-12-17 15:48:19 - [MESSAGE][PASSED] - Delayed 3 second(s)

2018-12-17 15:48:19 - [TEST_STEP][PASSED] - sendKeys: Keys 'ERN122018C200002473' sent to object: 'Object Repository/Final Object Repo/Page_MyASSIST - ASSIST - Search Pending Case For Add Supporting Document/Reference No'

2018-12-17 15:48:20 - [MESSAGE][PASSED] - Keys 'ERN122018C200002473' sent to object: 'Object Repository/Final Object Repo/Page_MyASSIST - ASSIST - Search Pending Case For Add Supporting Document/Reference No'

2018-12-17 15:48:20 - [TEST_STEP][PASSED] - click: Object: 'Object Repository/Final Object Repo/Page_MyASSIST - ASSIST - Search Pending Case For Add Supporting Document/Search Reference No' is clicked on

2018-12-17 15:48:20 - [MESSAGE][PASSED] - Object: 'Object Repository/Final Object Repo/Page_MyASSIST - ASSIST - Search Pending Case For Add Supporting Document/Search Reference No' is clicked on

2018-12-17 15:48:20 - [TEST_STEP][PASSED] - delay: Delayed 2 second(s)

2018-12-17 15:48:22 - [MESSAGE][PASSED] - Delayed 2 second(s)

2018-12-17 15:48:22 - [TEST_STEP][PASSED] - click: Object: 'Object Repository/Final Object Repo/Page_MyASSIST - ASSIST - Search Pending Case For Add Supporting Document/Continue' is clicked on

2018-12-17 15:48:25 - [MESSAGE][PASSED] - Object: 'Object Repository/Final Object Repo/Page_MyASSIST - ASSIST - Search Pending Case For Add Supporting Document/Continue' is clicked on

2018-12-17 15:48:25 - [TEST_STEP][PASSED] - delay: Delayed 20 second(s)

2018-12-17 15:48:45 - [MESSAGE][PASSED] - Delayed 20 second(s)

2018-12-17 15:48:45 - [MESSAGE][PASSED] - Call Test Case 'Test Cases/Final Aug 2018 - PKS Automation/Registration Module/Workflow/Login and Search Case For Workflow' successfully

2018-12-17 15:48:45 - [TEST_STEP][PASSED] - click: Object: 'Object Repository/Final Object Repo/Page_Form 3 EIS - Cessation as Employer/Page_Form 3 EIS - Cessation as Employer (Approve)/Save  Continue in Form 3 Page' is clicked on

2018-12-17 15:48:45 - [MESSAGE][PASSED] - Object: 'Object Repository/Final Object Repo/Page_Form 3 EIS - Cessation as Employer/Page_Form 3 EIS - Cessation as Employer (Approve)/Save  Continue in Form 3 Page' is clicked on

2018-12-17 15:48:45 - [TEST_STEP][PASSED] - delay: Delayed 4 second(s)

2018-12-17 15:48:49 - [MESSAGE][PASSED] - Delayed 4 second(s)

2018-12-17 15:48:49 - [TEST_STEP][PASSED] - click: Object: 'Object Repository/Final Object Repo/Page_Form 3 EIS - Cessation as Employer/Page_Form 3 EIS - Cessation as Employer (Approve)/Save  Continue in Resigned Page' is clicked on

2018-12-17 15:48:50 - [MESSAGE][PASSED] - Object: 'Object Repository/Final Object Repo/Page_Form 3 EIS - Cessation as Employer/Page_Form 3 EIS - Cessation as Employer (Approve)/Save  Continue in Resigned Page' is clicked on

2018-12-17 15:48:50 - [TEST_STEP][PASSED] - delay: Delayed 2 second(s)

2018-12-17 15:48:52 - [MESSAGE][PASSED] - Delayed 2 second(s)

2018-12-17 15:48:52 - [TEST_STEP][PASSED] - setText: Text 'Remark' is set on object 'Object Repository/Final Object Repo/Page_Form 3 EIS - Cessation as Employer/Page_Form 3 EIS - Cessation as Employer (Query)/Query - Remark'

2018-12-17 15:48:53 - [MESSAGE][PASSED] - Text 'Remark' is set on object 'Object Repository/Final Object Repo/Page_Form 3 EIS - Cessation as Employer/Page_Form 3 EIS - Cessation as Employer (Query)/Query - Remark'

2018-12-17 15:48:53 - [TEST_STEP][PASSED] - delay: Delayed 2 second(s)

2018-12-17 15:48:55 - [MESSAGE][PASSED] - Delayed 2 second(s)

2018-12-17 15:48:55 - [TEST_STEP][PASSED] - click: Object: 'Object Repository/Final Object Repo/Page_Form 3 EIS - Cessation as Employer/Page_Form 3 EIS - Cessation as Employer (Query)/Save  Continue' is clicked on

2018-12-17 15:48:55 - [MESSAGE][PASSED] - Object: 'Object Repository/Final Object Repo/Page_Form 3 EIS - Cessation as Employer/Page_Form 3 EIS - Cessation as Employer (Query)/Save  Continue' is clicked on

2018-12-17 15:48:55 - [TEST_STEP][PASSED] - delay: Delayed 2 second(s)

2018-12-17 15:48:57 - [MESSAGE][PASSED] - Delayed 2 second(s)

2018-12-17 15:48:57 - [TEST_STEP][PASSED] - click: Object: 'Object Repository/Final Object Repo/Page_Form 3 EIS - Cessation as Employer/Page_Form 3 EIS - Cessation as Employer (Query)/Query' is clicked on

2018-12-17 15:49:00 - [MESSAGE][PASSED] - Object: 'Object Repository/Final Object Repo/Page_Form 3 EIS - Cessation as Employer/Page_Form 3 EIS - Cessation as Employer (Query)/Query' is clicked on

2018-12-17 15:49:00 - [TEST_STEP][PASSED] - delay: Delayed 2 second(s)

2018-12-17 15:49:02 - [MESSAGE][PASSED] - Delayed 2 second(s)

2018-12-17 15:49:02 - [TEST_STEP][PASSED] - click: Object: 'Object Repository/Final Object Repo/Page_Form 3 EIS - Cessation as Employer/Page_Form 3 EIS - Cessation as Employer (Query)/Confirm' is clicked on

2018-12-17 15:49:09 - [MESSAGE][PASSED] - Object: 'Object Repository/Final Object Repo/Page_Form 3 EIS - Cessation as Employer/Page_Form 3 EIS - Cessation as Employer (Query)/Confirm' is clicked on

2018-12-17 15:49:09 - [TEST_STEP][PASSED] - delay: Delayed 2 second(s)

2018-12-17 15:49:11 - [MESSAGE][PASSED] - Delayed 2 second(s)

2018-12-17 15:49:11 - [TEST_STEP][PASSED] - click: Object: 'Object Repository/Final Object Repo/Page_Form 3 EIS - Cessation as Employer/Page_Form 3 EIS - Cessation as Employer (Query)/Message The Case Is Under Query' is clicked on

2018-12-17 15:49:11 - [MESSAGE][PASSED] - Object: 'Object Repository/Final Object Repo/Page_Form 3 EIS - Cessation as Employer/Page_Form 3 EIS - Cessation as Employer (Query)/Message The Case Is Under Query' is clicked on

2018-12-17 15:49:11 - [TEST_STEP][PASSED] - click: Object: 'Object Repository/Final Object Repo/Page_Form 3 EIS - Cessation as Employer/Page_Form 3 EIS - Cessation as Employer (Query)/Letter of inquiry' is clicked on

2018-12-17 15:49:12 - [MESSAGE][PASSED] - Object: 'Object Repository/Final Object Repo/Page_Form 3 EIS - Cessation as Employer/Page_Form 3 EIS - Cessation as Employer (Query)/Letter of inquiry' is clicked on

2018-12-17 15:49:12 - [TEST_STEP][PASSED] - delay: Delayed 1 second(s)

2018-12-17 15:49:13 - [MESSAGE][PASSED] - Delayed 1 second(s)

2018-12-17 15:49:13 - [TEST_STEP][PASSED] - navigateToUrl: Navigate to 'https://assist2-uat.perkeso.gov.my/c/portal/logout' successfully

2018-12-17 15:49:14 - [MESSAGE][PASSED] - Navigate to 'https://assist2-uat.perkeso.gov.my/c/portal/logout' successfully

2018-12-17 15:49:14 - [TEST_STEP][PASSED] - delay: Delayed 1 second(s)

2018-12-17 15:49:15 - [MESSAGE][PASSED] - Delayed 1 second(s)

2018-12-17 15:49:15 - [TEST_STEP][PASSED] - callTestCase: Call Test Case 'Test Cases/Final Aug 2018 - PKS Automation/Registration Module/Workflow/Login and Search Case For Workflow' successfully

2018-12-17 15:49:15 - [TEST_CASE][PASSED] - Test Cases/Final Aug 2018 - PKS Automation/Registration Module/Workflow/Login and Search Case For Workflow: Test Cases/Final Aug 2018 - PKS Automation/Registration Module/Workflow/Login and Search Case For Workflow

2018-12-17 15:49:15 - [TEST_STEP][PASSED] - navigateToUrl: Navigate to 'https://assist2-uat.perkeso.gov.my/login' successfully

2018-12-17 15:49:15 - [MESSAGE][PASSED] - Navigate to 'https://assist2-uat.perkeso.gov.my/login' successfully

2018-12-17 15:49:15 - [TEST_STEP][PASSED] - setText: Text 'johoruo3@gmail.com' is set on object 'Object Repository/Final Object Repo/Login Page/Internal User/Email Address'

2018-12-17 15:49:16 - [MESSAGE][PASSED] - Text 'johoruo3@gmail.com' is set on object 'Object Repository/Final Object Repo/Login Page/Internal User/Email Address'

2018-12-17 15:49:16 - [TEST_STEP][PASSED] - click: Object: 'Object Repository/Final Object Repo/Login Page/Internal User/Next Button' is clicked on

2018-12-17 15:49:16 - [MESSAGE][PASSED] - Object: 'Object Repository/Final Object Repo/Login Page/Internal User/Next Button' is clicked on

2018-12-17 15:49:16 - [TEST_STEP][PASSED] - delay: Delayed 1 second(s)

2018-12-17 15:49:17 - [MESSAGE][PASSED] - Delayed 1 second(s)

2018-12-17 15:49:17 - [TEST_STEP][PASSED] - setEncryptedText: Text ****** has been set on object 'Object Repository/Final Object Repo/Login Page/Internal User/Password'

2018-12-17 15:49:17 - [MESSAGE][PASSED] - Text ****** has been set on object 'Object Repository/Final Object Repo/Login Page/Internal User/Password'

2018-12-17 15:49:17 - [TEST_STEP][PASSED] - click: Object: 'Object Repository/Final Object Repo/Login Page/Internal User/Login Button' is clicked on

2018-12-17 15:49:17 - [MESSAGE][PASSED] - Object: 'Object Repository/Final Object Repo/Login Page/Internal User/Login Button' is clicked on

2018-12-17 15:49:17 - [TEST_STEP][PASSED] - delay: Delayed 2 second(s)

2018-12-17 15:49:19 - [MESSAGE][PASSED] - Delayed 2 second(s)

2018-12-17 15:49:19 - [TEST_STEP][PASSED] - Statement - Try: Delayed 2 second(s)

2018-12-17 15:49:19 - [TEST_STEP][PASSED] - Statement - Checker = false: null

2018-12-17 15:49:19 - [TEST_STEP][PASSED] - Statement - Checker = com.kms.katalon.core.webui.keyword.WebUiBuiltInKeywords.verifyElementHasAttribute(com.kms.katalon.core.testobject.ObjectRepository.findTestObject(Final Object Repo/Landing Page/BM Detecting), "href", 20, OPTIONAL): Object 'Object Repository/Final Object Repo/Landing Page/BM Detecting' has attribute 'href'

2018-12-17 15:49:19 - [MESSAGE][PASSED] - Object 'Object Repository/Final Object Repo/Landing Page/BM Detecting' has attribute 'href'

2018-12-17 15:49:19 - [TEST_STEP][PASSED] - Statement - out.println(Checker): null

2018-12-17 15:49:19 - [TEST_STEP][PASSED] - Statement - If (Checker == false): null

2018-12-17 15:49:19 - [TEST_STEP][PASSED] - Statement - Else: null

2018-12-17 15:49:19 - [TEST_STEP][PASSED] - delay: Delayed 2 second(s)

2018-12-17 15:49:21 - [MESSAGE][PASSED] - Delayed 2 second(s)

2018-12-17 15:49:21 - [TEST_STEP][PASSED] - click: Object: 'Object Repository/Final Object Repo/Page_MyASSIST - ASSIST - Search Pending Case For Add Supporting Document/Search Information' is clicked on

2018-12-17 15:49:22 - [MESSAGE][PASSED] - Object: 'Object Repository/Final Object Repo/Page_MyASSIST - ASSIST - Search Pending Case For Add Supporting Document/Search Information' is clicked on

2018-12-17 15:49:22 - [TEST_STEP][PASSED] - delay: Delayed 3 second(s)

2018-12-17 15:49:25 - [MESSAGE][PASSED] - Delayed 3 second(s)

2018-12-17 15:49:25 - [TEST_STEP][PASSED] - sendKeys: Keys 'ERN122018C200002473' sent to object: 'Object Repository/Final Object Repo/Page_MyASSIST - ASSIST - Search Pending Case For Add Supporting Document/Reference No'

2018-12-17 15:49:25 - [MESSAGE][PASSED] - Keys 'ERN122018C200002473' sent to object: 'Object Repository/Final Object Repo/Page_MyASSIST - ASSIST - Search Pending Case For Add Supporting Document/Reference No'

2018-12-17 15:49:25 - [TEST_STEP][PASSED] - click: Object: 'Object Repository/Final Object Repo/Page_MyASSIST - ASSIST - Search Pending Case For Add Supporting Document/Search Reference No' is clicked on

2018-12-17 15:49:25 - [MESSAGE][PASSED] - Object: 'Object Repository/Final Object Repo/Page_MyASSIST - ASSIST - Search Pending Case For Add Supporting Document/Search Reference No' is clicked on

2018-12-17 15:49:25 - [TEST_STEP][PASSED] - delay: Delayed 2 second(s)

2018-12-17 15:49:27 - [MESSAGE][PASSED] - Delayed 2 second(s)

2018-12-17 15:49:27 - [TEST_STEP][PASSED] - click: Object: 'Object Repository/Final Object Repo/Page_MyASSIST - ASSIST - Search Pending Case For Add Supporting Document/Continue' is clicked on

2018-12-17 15:49:30 - [MESSAGE][PASSED] - Object: 'Object Repository/Final Object Repo/Page_MyASSIST - ASSIST - Search Pending Case For Add Supporting Document/Continue' is clicked on

2018-12-17 15:49:30 - [TEST_STEP][PASSED] - delay: Delayed 20 second(s)

2018-12-17 15:49:50 - [MESSAGE][PASSED] - Delayed 20 second(s)

2018-12-17 15:49:50 - [MESSAGE][PASSED] - Call Test Case 'Test Cases/Final Aug 2018 - PKS Automation/Registration Module/Workflow/Login and Search Case For Workflow' successfully

2018-12-17 15:49:50 - [TEST_STEP][PASSED] - navigateToUrl: Navigate to 'https://assist2-uat.perkeso.gov.my/web/registration/eis-update/form-3-eis-cessation-as-employer?p_p_id=searchforemployersip_WAR_registrationportlet&p_p_lifecycle=0&_searchforemployersip_WAR_registrationportlet_regViewKey=87&_searchforemployersip_WAR_registrationportlet_browserIdKey=1536115932192&_searchforemployersip_WAR_registrationportlet_tempEmployerIdKey=128990&_searchforemployersip_WAR_registrationportlet_employerIdKey=&_searchforemployersip_WAR_registrationportlet_refCaseNo=ERN092018C200002133&_searchforemployersip_WAR_registrationportlet_mvcPath=%2Fapps%2Freg%2Fdiscontinue_business_sip%2Fdiscontinue_business_sip_form.jsp&_searchforemployersip_WAR_registrationportlet_regSectionKey=215' successfully

2018-12-17 15:49:54 - [MESSAGE][PASSED] - Navigate to 'https://assist2-uat.perkeso.gov.my/web/registration/eis-update/form-3-eis-cessation-as-employer?p_p_id=searchforemployersip_WAR_registrationportlet&p_p_lifecycle=0&_searchforemployersip_WAR_registrationportlet_regViewKey=87&_searchforemployersip_WAR_registrationportlet_browserIdKey=1536115932192&_searchforemployersip_WAR_registrationportlet_tempEmployerIdKey=128990&_searchforemployersip_WAR_registrationportlet_employerIdKey=&_searchforemployersip_WAR_registrationportlet_refCaseNo=ERN092018C200002133&_searchforemployersip_WAR_registrationportlet_mvcPath=%2Fapps%2Freg%2Fdiscontinue_business_sip%2Fdiscontinue_business_sip_form.jsp&_searchforemployersip_WAR_registrationportlet_regSectionKey=215' successfully

2018-12-17 15:49:54 - [TEST_STEP][PASSED] - delay: Delayed 10 second(s)

2018-12-17 15:50:04 - [MESSAGE][PASSED] - Delayed 10 second(s)

2018-12-17 15:50:04 - [TEST_STEP][PASSED] - click: Object: 'Object Repository/Final Object Repo/Page_Form 3 EIS - Cessation as Employer/Page_Form 3 EIS - Cessation as Employer (Query - OTC - UO)/Next' is clicked on

2018-12-17 15:50:05 - [MESSAGE][PASSED] - Object: 'Object Repository/Final Object Repo/Page_Form 3 EIS - Cessation as Employer/Page_Form 3 EIS - Cessation as Employer (Query - OTC - UO)/Next' is clicked on

2018-12-17 15:50:05 - [TEST_STEP][PASSED] - delay: Delayed 2 second(s)

2018-12-17 15:50:07 - [MESSAGE][PASSED] - Delayed 2 second(s)

2018-12-17 15:50:07 - [TEST_STEP][PASSED] - click: Object: 'Object Repository/Final Object Repo/Page_Form 3 EIS - Cessation as Employer/Page_Form 3 EIS - Cessation as Employer (Query - OTC - UO)/Next in Resigned Page' is clicked on

2018-12-17 15:50:11 - [MESSAGE][PASSED] - Object: 'Object Repository/Final Object Repo/Page_Form 3 EIS - Cessation as Employer/Page_Form 3 EIS - Cessation as Employer (Query - OTC - UO)/Next in Resigned Page' is clicked on

2018-12-17 15:50:11 - [TEST_STEP][PASSED] - delay: Delayed 2 second(s)

2018-12-17 15:50:13 - [MESSAGE][PASSED] - Delayed 2 second(s)

2018-12-17 15:50:13 - [TEST_STEP][PASSED] - click: Object: 'Object Repository/Final Object Repo/Page_Form 3 EIS - Cessation as Employer/Page_Form 3 EIS - Cessation as Employer (Query - OTC - UO)/Add Document' is clicked on

2018-12-17 15:50:13 - [MESSAGE][PASSED] - Object: 'Object Repository/Final Object Repo/Page_Form 3 EIS - Cessation as Employer/Page_Form 3 EIS - Cessation as Employer (Query - OTC - UO)/Add Document' is clicked on

2018-12-17 15:50:13 - [TEST_STEP][PASSED] - delay: Delayed 2 second(s)

2018-12-17 15:50:15 - [MESSAGE][PASSED] - Delayed 2 second(s)

2018-12-17 15:50:15 - [TEST_STEP][PASSED] - click: Object: 'Object Repository/Final Object Repo/Page_Form 3 EIS - Cessation as Employer/Page_Form 3 EIS - Cessation as Employer (Query - OTC - UO)/Document Type' is clicked on

2018-12-17 15:50:16 - [MESSAGE][PASSED] - Object: 'Object Repository/Final Object Repo/Page_Form 3 EIS - Cessation as Employer/Page_Form 3 EIS - Cessation as Employer (Query - OTC - UO)/Document Type' is clicked on

2018-12-17 15:50:16 - [TEST_STEP][PASSED] - delay: Delayed 2 second(s)

2018-12-17 15:50:18 - [MESSAGE][PASSED] - Delayed 2 second(s)

2018-12-17 15:50:18 - [TEST_STEP][PASSED] - click: Object: 'Object Repository/Final Object Repo/Page_Form 3 EIS - Cessation as Employer/Page_Form 3 EIS - Cessation as Employer (Query - OTC - UO)/Document Type - Others' is clicked on

2018-12-17 15:50:18 - [MESSAGE][PASSED] - Object: 'Object Repository/Final Object Repo/Page_Form 3 EIS - Cessation as Employer/Page_Form 3 EIS - Cessation as Employer (Query - OTC - UO)/Document Type - Others' is clicked on

2018-12-17 15:50:18 - [TEST_STEP][PASSED] - delay: Delayed 2 second(s)

2018-12-17 15:50:20 - [MESSAGE][PASSED] - Delayed 2 second(s)

2018-12-17 15:50:20 - [TEST_STEP][PASSED] - sendKeys: Keys 'C:\Users\Public\Pictures\Sample Pictures\Koala.jpg' sent to object: 'Object Repository/Final Object Repo/Page_Form 3 EIS - Cessation as Employer/Page_Form 3 EIS - Cessation as Employer (Query - OTC - UO)/ploading File'

2018-12-17 15:50:20 - [MESSAGE][PASSED] - Keys 'C:\Users\Public\Pictures\Sample Pictures\Koala.jpg' sent to object: 'Object Repository/Final Object Repo/Page_Form 3 EIS - Cessation as Employer/Page_Form 3 EIS - Cessation as Employer (Query - OTC - UO)/ploading File'

2018-12-17 15:50:20 - [TEST_STEP][PASSED] - delay: Delayed 2 second(s)

2018-12-17 15:50:22 - [MESSAGE][PASSED] - Delayed 2 second(s)

2018-12-17 15:50:22 - [TEST_STEP][PASSED] - click: Object: 'Object Repository/Final Object Repo/Page_Form 3 EIS - Cessation as Employer/Page_Form 3 EIS - Cessation as Employer (Query - OTC - UO)/Add Document in Uploading Page' is clicked on

2018-12-17 15:50:22 - [MESSAGE][PASSED] - Object: 'Object Repository/Final Object Repo/Page_Form 3 EIS - Cessation as Employer/Page_Form 3 EIS - Cessation as Employer (Query - OTC - UO)/Add Document in Uploading Page' is clicked on

2018-12-17 15:50:22 - [TEST_STEP][PASSED] - delay: Delayed 2 second(s)

2018-12-17 15:50:24 - [MESSAGE][PASSED] - Delayed 2 second(s)

2018-12-17 15:50:24 - [TEST_STEP][PASSED] - click: Object: 'Object Repository/Final Object Repo/Page_Form 3 EIS - Cessation as Employer/Page_Form 3 EIS - Cessation as Employer (Query - OTC - UO)/Exit' is clicked on

2018-12-17 15:50:27 - [MESSAGE][PASSED] - Object: 'Object Repository/Final Object Repo/Page_Form 3 EIS - Cessation as Employer/Page_Form 3 EIS - Cessation as Employer (Query - OTC - UO)/Exit' is clicked on

2018-12-17 15:50:27 - [TEST_STEP][PASSED] - delay: Delayed 1 second(s)

2018-12-17 15:50:28 - [MESSAGE][PASSED] - Delayed 1 second(s)

2018-12-17 15:50:28 - [TEST_STEP][PASSED] - navigateToUrl: Navigate to 'https://assist2-uat.perkeso.gov.my/c/portal/logout' successfully

2018-12-17 15:50:29 - [MESSAGE][PASSED] - Navigate to 'https://assist2-uat.perkeso.gov.my/c/portal/logout' successfully

2018-12-17 15:50:29 - [TEST_STEP][PASSED] - delay: Delayed 1 second(s)

2018-12-17 15:50:30 - [MESSAGE][PASSED] - Delayed 1 second(s)

2018-12-17 15:50:30 - [TEST_STEP][PASSED] - callTestCase: Call Test Case 'Test Cases/Final Aug 2018 - PKS Automation/Registration Module/Workflow/Login and Search Case For Workflow' successfully

2018-12-17 15:50:30 - [TEST_CASE][PASSED] - Test Cases/Final Aug 2018 - PKS Automation/Registration Module/Workflow/Login and Search Case For Workflow: Test Cases/Final Aug 2018 - PKS Automation/Registration Module/Workflow/Login and Search Case For Workflow

2018-12-17 15:50:30 - [TEST_STEP][PASSED] - navigateToUrl: Navigate to 'https://assist2-uat.perkeso.gov.my/login' successfully

2018-12-17 15:50:31 - [MESSAGE][PASSED] - Navigate to 'https://assist2-uat.perkeso.gov.my/login' successfully

2018-12-17 15:50:31 - [TEST_STEP][PASSED] - setText: Text 'johoruo3@gmail.com' is set on object 'Object Repository/Final Object Repo/Login Page/Internal User/Email Address'

2018-12-17 15:50:31 - [MESSAGE][PASSED] - Text 'johoruo3@gmail.com' is set on object 'Object Repository/Final Object Repo/Login Page/Internal User/Email Address'

2018-12-17 15:50:31 - [TEST_STEP][PASSED] - click: Object: 'Object Repository/Final Object Repo/Login Page/Internal User/Next Button' is clicked on

2018-12-17 15:50:31 - [MESSAGE][PASSED] - Object: 'Object Repository/Final Object Repo/Login Page/Internal User/Next Button' is clicked on

2018-12-17 15:50:31 - [TEST_STEP][PASSED] - delay: Delayed 1 second(s)

2018-12-17 15:50:32 - [MESSAGE][PASSED] - Delayed 1 second(s)

2018-12-17 15:50:32 - [TEST_STEP][PASSED] - setEncryptedText: Text ****** has been set on object 'Object Repository/Final Object Repo/Login Page/Internal User/Password'

2018-12-17 15:50:33 - [MESSAGE][PASSED] - Text ****** has been set on object 'Object Repository/Final Object Repo/Login Page/Internal User/Password'

2018-12-17 15:50:33 - [TEST_STEP][PASSED] - click: Object: 'Object Repository/Final Object Repo/Login Page/Internal User/Login Button' is clicked on

2018-12-17 15:50:33 - [MESSAGE][PASSED] - Object: 'Object Repository/Final Object Repo/Login Page/Internal User/Login Button' is clicked on

2018-12-17 15:50:33 - [TEST_STEP][PASSED] - delay: Delayed 2 second(s)

2018-12-17 15:50:35 - [MESSAGE][PASSED] - Delayed 2 second(s)

2018-12-17 15:50:35 - [TEST_STEP][PASSED] - Statement - Try: Delayed 2 second(s)

2018-12-17 15:50:35 - [TEST_STEP][PASSED] - Statement - Checker = false: null

2018-12-17 15:50:35 - [TEST_STEP][PASSED] - Statement - Checker = com.kms.katalon.core.webui.keyword.WebUiBuiltInKeywords.verifyElementHasAttribute(com.kms.katalon.core.testobject.ObjectRepository.findTestObject(Final Object Repo/Landing Page/BM Detecting), "href", 20, OPTIONAL): Object 'Object Repository/Final Object Repo/Landing Page/BM Detecting' has attribute 'href'

2018-12-17 15:50:35 - [MESSAGE][PASSED] - Object 'Object Repository/Final Object Repo/Landing Page/BM Detecting' has attribute 'href'

2018-12-17 15:50:35 - [TEST_STEP][PASSED] - Statement - out.println(Checker): null

2018-12-17 15:50:35 - [TEST_STEP][PASSED] - Statement - If (Checker == false): null

2018-12-17 15:50:35 - [TEST_STEP][PASSED] - Statement - Else: null

2018-12-17 15:50:35 - [TEST_STEP][PASSED] - delay: Delayed 2 second(s)

2018-12-17 15:50:37 - [MESSAGE][PASSED] - Delayed 2 second(s)

2018-12-17 15:50:37 - [TEST_STEP][PASSED] - click: Object: 'Object Repository/Final Object Repo/Page_MyASSIST - ASSIST - Search Pending Case For Add Supporting Document/Search Information' is clicked on

2018-12-17 15:50:37 - [MESSAGE][PASSED] - Object: 'Object Repository/Final Object Repo/Page_MyASSIST - ASSIST - Search Pending Case For Add Supporting Document/Search Information' is clicked on

2018-12-17 15:50:37 - [TEST_STEP][PASSED] - delay: Delayed 3 second(s)

2018-12-17 15:50:40 - [MESSAGE][PASSED] - Delayed 3 second(s)

2018-12-17 15:50:40 - [TEST_STEP][PASSED] - sendKeys: Keys 'ERN122018C200002473' sent to object: 'Object Repository/Final Object Repo/Page_MyASSIST - ASSIST - Search Pending Case For Add Supporting Document/Reference No'

2018-12-17 15:50:40 - [MESSAGE][PASSED] - Keys 'ERN122018C200002473' sent to object: 'Object Repository/Final Object Repo/Page_MyASSIST - ASSIST - Search Pending Case For Add Supporting Document/Reference No'

2018-12-17 15:50:40 - [TEST_STEP][PASSED] - click: Object: 'Object Repository/Final Object Repo/Page_MyASSIST - ASSIST - Search Pending Case For Add Supporting Document/Search Reference No' is clicked on

2018-12-17 15:50:40 - [MESSAGE][PASSED] - Object: 'Object Repository/Final Object Repo/Page_MyASSIST - ASSIST - Search Pending Case For Add Supporting Document/Search Reference No' is clicked on

2018-12-17 15:50:40 - [TEST_STEP][PASSED] - delay: Delayed 2 second(s)

2018-12-17 15:50:42 - [MESSAGE][PASSED] - Delayed 2 second(s)

2018-12-17 15:50:42 - [TEST_STEP][PASSED] - click: Object: 'Object Repository/Final Object Repo/Page_MyASSIST - ASSIST - Search Pending Case For Add Supporting Document/Continue' is clicked on

2018-12-17 15:50:45 - [MESSAGE][PASSED] - Object: 'Object Repository/Final Object Repo/Page_MyASSIST - ASSIST - Search Pending Case For Add Supporting Document/Continue' is clicked on

2018-12-17 15:50:45 - [TEST_STEP][PASSED] - delay: Delayed 20 second(s)

2018-12-17 15:51:05 - [MESSAGE][PASSED] - Delayed 20 second(s)

2018-12-17 15:51:05 - [MESSAGE][PASSED] - Call Test Case 'Test Cases/Final Aug 2018 - PKS Automation/Registration Module/Workflow/Login and Search Case For Workflow' successfully

2018-12-17 15:51:05 - [TEST_STEP][PASSED] - click: Object: 'Object Repository/Final Object Repo/Page_Form 3 EIS - Cessation as Employer/Page_Form 3 EIS - Cessation as Employer (Approve)/Save  Continue in Form 3 Page' is clicked on

2018-12-17 15:51:06 - [MESSAGE][PASSED] - Object: 'Object Repository/Final Object Repo/Page_Form 3 EIS - Cessation as Employer/Page_Form 3 EIS - Cessation as Employer (Approve)/Save  Continue in Form 3 Page' is clicked on

2018-12-17 15:51:06 - [TEST_STEP][PASSED] - delay: Delayed 2 second(s)

2018-12-17 15:51:08 - [MESSAGE][PASSED] - Delayed 2 second(s)

2018-12-17 15:51:08 - [TEST_STEP][PASSED] - click: Object: 'Object Repository/Final Object Repo/Page_Form 3 EIS - Cessation as Employer/Page_Form 3 EIS - Cessation as Employer (Approve)/Save  Continue in Resigned Page' is clicked on

2018-12-17 15:51:08 - [MESSAGE][PASSED] - Object: 'Object Repository/Final Object Repo/Page_Form 3 EIS - Cessation as Employer/Page_Form 3 EIS - Cessation as Employer (Approve)/Save  Continue in Resigned Page' is clicked on

2018-12-17 15:51:08 - [TEST_STEP][PASSED] - delay: Delayed 2 second(s)

2018-12-17 15:51:10 - [MESSAGE][PASSED] - Delayed 2 second(s)

2018-12-17 15:51:10 - [TEST_STEP][PASSED] - click: Object: 'Object Repository/Final Object Repo/Page_Form 3 EIS - Cessation as Employer/Page_Form 3 EIS - Cessation as Employer (Approve)/Save  Continue in Uploading Page' is clicked on

2018-12-17 15:51:11 - [MESSAGE][PASSED] - Object: 'Object Repository/Final Object Repo/Page_Form 3 EIS - Cessation as Employer/Page_Form 3 EIS - Cessation as Employer (Approve)/Save  Continue in Uploading Page' is clicked on

2018-12-17 15:51:11 - [TEST_STEP][PASSED] - delay: Delayed 2 second(s)

2018-12-17 15:51:13 - [MESSAGE][PASSED] - Delayed 2 second(s)

2018-12-17 15:51:13 - [TEST_STEP][PASSED] - click: Object: 'Object Repository/Final Object Repo/Page_Form 3 EIS - Cessation as Employer/Page_Form 3 EIS - Cessation as Employer (Reject)/Reject' is clicked on

2018-12-17 15:51:16 - [MESSAGE][PASSED] - Object: 'Object Repository/Final Object Repo/Page_Form 3 EIS - Cessation as Employer/Page_Form 3 EIS - Cessation as Employer (Reject)/Reject' is clicked on

2018-12-17 15:51:16 - [TEST_STEP][PASSED] - delay: Delayed 2 second(s)

2018-12-17 15:51:18 - [MESSAGE][PASSED] - Delayed 2 second(s)

2018-12-17 15:51:18 - [TEST_STEP][PASSED] - click: Object: 'Object Repository/Final Object Repo/Page_Form 3 EIS - Cessation as Employer/Page_Form 3 EIS - Cessation as Employer (Reject)/Confirm' is clicked on

2018-12-17 15:51:18 - [MESSAGE][PASSED] - Object: 'Object Repository/Final Object Repo/Page_Form 3 EIS - Cessation as Employer/Page_Form 3 EIS - Cessation as Employer (Reject)/Confirm' is clicked on

2018-12-17 15:51:18 - [TEST_STEP][PASSED] - delay: Delayed 2 second(s)

2018-12-17 15:51:20 - [MESSAGE][PASSED] - Delayed 2 second(s)

2018-12-17 15:51:20 - [TEST_STEP][PASSED] - click: Object: 'Object Repository/Final Object Repo/Page_Form 3 EIS - Cessation as Employer/Page_Form 3 EIS - Cessation as Employer (Reject)/Message This Case has been Rejected' is clicked on

2018-12-17 15:51:24 - [MESSAGE][PASSED] - Object: 'Object Repository/Final Object Repo/Page_Form 3 EIS - Cessation as Employer/Page_Form 3 EIS - Cessation as Employer (Reject)/Message This Case has been Rejected' is clicked on

2018-12-17 15:51:24 - [TEST_STEP][PASSED] - click: Object: 'Object Repository/Final Object Repo/Page_Form 3 EIS - Cessation as Employer/Page_Form 3 EIS - Cessation as Employer (Reject)/Letter of update rejection' is clicked on

2018-12-17 15:51:24 - [MESSAGE][PASSED] - Object: 'Object Repository/Final Object Repo/Page_Form 3 EIS - Cessation as Employer/Page_Form 3 EIS - Cessation as Employer (Reject)/Letter of update rejection' is clicked on

2018-12-17 15:51:24 - [MESSAGE][PASSED] - Call Test Case 'Test Cases/Final Aug 2018 - PKS Automation/Registration Module/Workflow/Form 3 EIS - Cessation As Employer/Template/Form 3 A - Cessation As Employer (Query)' successfully]]></system-out>
         <system-err><![CDATA[]]></system-err>
      </testcase>
      <testcase name="Test Cases/Final Aug 2018 - PKS Automation/Registration Module/Workflow/Form 3 EIS - Cessation As Employer/Employer to UO (Reject)" classname="Test Cases/Final Aug 2018 - PKS Automation/Registration Module/Workflow/Form 3 EIS - Cessation As Employer/Employer to UO (Reject)" status="PASSED">
         <system-out><![CDATA[2018-12-17 15:51:24 - [TEST_CASE][PASSED] - Test Cases/Final Aug 2018 - PKS Automation/Registration Module/Workflow/Form 3 EIS - Cessation As Employer/Employer to UO (Reject): Test Cases/Final Aug 2018 - PKS Automation/Registration Module/Workflow/Form 3 EIS - Cessation As Employer/Employer to UO (Reject)

2018-12-17 15:51:25 - [TEST_STEP][PASSED] - callTestCase: Call Test Case 'Test Cases/Final Aug 2018 - PKS Automation/Registration Module/Workflow/Form 3 EIS - Cessation As Employer/Template/Form 3 A - Cessation As Employer (Employer)' successfully

2018-12-17 15:51:25 - [TEST_CASE][PASSED] - Test Cases/Final Aug 2018 - PKS Automation/Registration Module/Workflow/Form 3 EIS - Cessation As Employer/Template/Form 3 A - Cessation As Employer (Employer): Test Cases/Final Aug 2018 - PKS Automation/Registration Module/Workflow/Form 3 EIS - Cessation As Employer/Template/Form 3 A - Cessation As Employer (Employer)

2018-12-17 15:51:25 - [TEST_STEP][PASSED] - callTestCase: Call Test Case 'Test Cases/Final Aug 2018 - PKS Automation/Registration Module/Workflow/Update Add New Employee/Template/New Company for Update Add New - Employer' successfully

2018-12-17 15:51:25 - [TEST_CASE][PASSED] - Test Cases/Final Aug 2018 - PKS Automation/Registration Module/Workflow/Update Add New Employee/Template/New Company for Update Add New - Employer: Test Cases/Final Aug 2018 - PKS Automation/Registration Module/Workflow/Update Add New Employee/Template/New Company for Update Add New - Employer

2018-12-17 15:51:25 - [TEST_STEP][PASSED] - callTestCase: Call Test Case 'Test Cases/Final Aug 2018 - PKS Automation/Create Employer Acc/Create Employer Account' successfully

2018-12-17 15:51:25 - [TEST_CASE][PASSED] - Test Cases/Final Aug 2018 - PKS Automation/Create Employer Acc/Create Employer Account: Test Cases/Final Aug 2018 - PKS Automation/Create Employer Acc/Create Employer Account

2018-12-17 15:51:25 - [TEST_STEP][PASSED] - callTestCase: Call Test Case 'Test Cases/Final Aug 2018 - PKS Automation/Create Employer Acc/Template/Register Employer' successfully

2018-12-17 15:51:25 - [TEST_CASE][PASSED] - Test Cases/Final Aug 2018 - PKS Automation/Create Employer Acc/Template/Register Employer: Test Cases/Final Aug 2018 - PKS Automation/Create Employer Acc/Template/Register Employer

2018-12-17 15:51:25 - [TEST_STEP][PASSED] - openBrowser: Browser is opened with url: ''

2018-12-17 15:51:25 - [MESSAGE][WARNING] - A browser is already opened. Closing browser and opening a new one

2018-12-17 15:51:28 - [MESSAGE][PASSED] - Browser is opened with url: ''

2018-12-17 15:51:28 - [TEST_STEP][PASSED] - navigateToUrl: Navigate to 'https://assist2-uat.perkeso.gov.my/login' successfully

2018-12-17 15:51:29 - [MESSAGE][PASSED] - Navigate to 'https://assist2-uat.perkeso.gov.my/login' successfully

2018-12-17 15:51:29 - [TEST_STEP][PASSED] - setText: Text 'johorotc1@gmail.com' is set on object 'Object Repository/Final Object Repo/Login Page/Internal User/Email Address'

2018-12-17 15:51:29 - [MESSAGE][PASSED] - Text 'johorotc1@gmail.com' is set on object 'Object Repository/Final Object Repo/Login Page/Internal User/Email Address'

2018-12-17 15:51:29 - [TEST_STEP][PASSED] - click: Object: 'Object Repository/Final Object Repo/Login Page/Internal User/Next Button' is clicked on

2018-12-17 15:51:30 - [MESSAGE][PASSED] - Object: 'Object Repository/Final Object Repo/Login Page/Internal User/Next Button' is clicked on

2018-12-17 15:51:30 - [TEST_STEP][PASSED] - delay: Delayed 1 second(s)

2018-12-17 15:51:31 - [MESSAGE][PASSED] - Delayed 1 second(s)

2018-12-17 15:51:31 - [TEST_STEP][PASSED] - setEncryptedText: Text ****** has been set on object 'Object Repository/Final Object Repo/Login Page/Internal User/Password'

2018-12-17 15:51:31 - [MESSAGE][PASSED] - Text ****** has been set on object 'Object Repository/Final Object Repo/Login Page/Internal User/Password'

2018-12-17 15:51:31 - [TEST_STEP][PASSED] - click: Object: 'Object Repository/Final Object Repo/Login Page/Internal User/Login Button' is clicked on

2018-12-17 15:51:31 - [MESSAGE][PASSED] - Object: 'Object Repository/Final Object Repo/Login Page/Internal User/Login Button' is clicked on

2018-12-17 15:51:31 - [TEST_STEP][PASSED] - delay: Delayed 1 second(s)

2018-12-17 15:51:32 - [MESSAGE][PASSED] - Delayed 1 second(s)

2018-12-17 15:51:32 - [TEST_STEP][PASSED] - navigateToUrl: Navigate to 'https://assist2-uat.perkeso.gov.my/web/base/portal-id/registration' successfully

2018-12-17 15:51:34 - [MESSAGE][PASSED] - Navigate to 'https://assist2-uat.perkeso.gov.my/web/base/portal-id/registration' successfully

2018-12-17 15:51:34 - [TEST_STEP][PASSED] - setText: Text 'AUTOMATION EMPLOYER' is set on object 'Object Repository/Final Object Repo/Creating Employer Account/Page_Registration - ASSIST (Base)/Employer Name'

2018-12-17 15:51:35 - [MESSAGE][PASSED] - Text 'AUTOMATION EMPLOYER' is set on object 'Object Repository/Final Object Repo/Creating Employer Account/Page_Registration - ASSIST (Base)/Employer Name'

2018-12-17 15:51:35 - [TEST_STEP][PASSED] - delay: Delayed 2 second(s)

2018-12-17 15:51:37 - [MESSAGE][PASSED] - Delayed 2 second(s)

2018-12-17 15:51:37 - [TEST_STEP][PASSED] - click: Object: 'Object Repository/Final Object Repo/Creating Employer Account/Page_Registration - ASSIST (Base)/Registration Type' is clicked on

2018-12-17 15:51:37 - [MESSAGE][PASSED] - Object: 'Object Repository/Final Object Repo/Creating Employer Account/Page_Registration - ASSIST (Base)/Registration Type' is clicked on

2018-12-17 15:51:37 - [TEST_STEP][PASSED] - delay: Delayed 2 second(s)

2018-12-17 15:51:39 - [MESSAGE][PASSED] - Delayed 2 second(s)

2018-12-17 15:51:39 - [TEST_STEP][PASSED] - click: Object: 'Object Repository/Final Object Repo/Creating Employer Account/Page_Registration - ASSIST (Base)/Registration Type - Registration No' is clicked on

2018-12-17 15:51:39 - [MESSAGE][PASSED] - Object: 'Object Repository/Final Object Repo/Creating Employer Account/Page_Registration - ASSIST (Base)/Registration Type - Registration No' is clicked on

2018-12-17 15:51:39 - [TEST_STEP][PASSED] - delay: Delayed 2 second(s)

2018-12-17 15:51:41 - [MESSAGE][PASSED] - Delayed 2 second(s)

2018-12-17 15:51:41 - [TEST_STEP][PASSED] - setText: Text 'AUTOMATE001' is set on object 'Object Repository/Final Object Repo/Creating Employer Account/Page_Registration - ASSIST (Base)/Registration Number'

2018-12-17 15:51:41 - [MESSAGE][PASSED] - Text 'AUTOMATE001' is set on object 'Object Repository/Final Object Repo/Creating Employer Account/Page_Registration - ASSIST (Base)/Registration Number'

2018-12-17 15:51:41 - [TEST_STEP][PASSED] - delay: Delayed 2 second(s)

2018-12-17 15:51:43 - [MESSAGE][PASSED] - Delayed 2 second(s)

2018-12-17 15:51:43 - [TEST_STEP][PASSED] - setText: Text 'ADDRESS 1' is set on object 'Object Repository/Final Object Repo/Creating Employer Account/Page_Registration - ASSIST (Base)/Postal Address 1'

2018-12-17 15:51:44 - [MESSAGE][PASSED] - Text 'ADDRESS 1' is set on object 'Object Repository/Final Object Repo/Creating Employer Account/Page_Registration - ASSIST (Base)/Postal Address 1'

2018-12-17 15:51:44 - [TEST_STEP][PASSED] - setText: Text 'ADDRESS 2' is set on object 'Object Repository/Final Object Repo/Creating Employer Account/Page_Registration - ASSIST (Base)/Postal Address 2'

2018-12-17 15:51:44 - [MESSAGE][PASSED] - Text 'ADDRESS 2' is set on object 'Object Repository/Final Object Repo/Creating Employer Account/Page_Registration - ASSIST (Base)/Postal Address 2'

2018-12-17 15:51:44 - [TEST_STEP][PASSED] - click: Object: 'Object Repository/Final Object Repo/Creating Employer Account/Page_Registration - ASSIST (Base)/State' is clicked on

2018-12-17 15:51:44 - [MESSAGE][PASSED] - Object: 'Object Repository/Final Object Repo/Creating Employer Account/Page_Registration - ASSIST (Base)/State' is clicked on

2018-12-17 15:51:44 - [TEST_STEP][PASSED] - delay: Delayed 2 second(s)

2018-12-17 15:51:46 - [MESSAGE][PASSED] - Delayed 2 second(s)

2018-12-17 15:51:46 - [TEST_STEP][PASSED] - click: Object: 'Object Repository/Final Object Repo/Creating Employer Account/Page_Registration - ASSIST (Base)/State - Johor' is clicked on

2018-12-17 15:51:47 - [MESSAGE][PASSED] - Object: 'Object Repository/Final Object Repo/Creating Employer Account/Page_Registration - ASSIST (Base)/State - Johor' is clicked on

2018-12-17 15:51:47 - [TEST_STEP][PASSED] - delay: Delayed 2 second(s)

2018-12-17 15:51:49 - [MESSAGE][PASSED] - Delayed 2 second(s)

2018-12-17 15:51:49 - [TEST_STEP][PASSED] - click: Object: 'Object Repository/Final Object Repo/Creating Employer Account/Page_Registration - ASSIST (Base)/City' is clicked on

2018-12-17 15:51:49 - [MESSAGE][PASSED] - Object: 'Object Repository/Final Object Repo/Creating Employer Account/Page_Registration - ASSIST (Base)/City' is clicked on

2018-12-17 15:51:49 - [TEST_STEP][PASSED] - delay: Delayed 2 second(s)

2018-12-17 15:51:51 - [MESSAGE][PASSED] - Delayed 2 second(s)

2018-12-17 15:51:51 - [TEST_STEP][PASSED] - setText: Text 'joh' is set on object 'Object Repository/Final Object Repo/Creating Employer Account/Page_Registration - ASSIST (Base)/City - joh'

2018-12-17 15:51:51 - [MESSAGE][PASSED] - Text 'joh' is set on object 'Object Repository/Final Object Repo/Creating Employer Account/Page_Registration - ASSIST (Base)/City - joh'

2018-12-17 15:51:51 - [TEST_STEP][PASSED] - delay: Delayed 2 second(s)

2018-12-17 15:51:53 - [MESSAGE][PASSED] - Delayed 2 second(s)

2018-12-17 15:51:53 - [TEST_STEP][PASSED] - click: Object: 'Object Repository/Final Object Repo/Creating Employer Account/Page_Registration - ASSIST (Base)/City - Johor Bharu' is clicked on

2018-12-17 15:51:53 - [MESSAGE][PASSED] - Object: 'Object Repository/Final Object Repo/Creating Employer Account/Page_Registration - ASSIST (Base)/City - Johor Bharu' is clicked on

2018-12-17 15:51:53 - [TEST_STEP][PASSED] - delay: Delayed 2 second(s)

2018-12-17 15:51:55 - [MESSAGE][PASSED] - Delayed 2 second(s)

2018-12-17 15:51:55 - [TEST_STEP][PASSED] - click: Object: 'Object Repository/Final Object Repo/Creating Employer Account/Page_Registration - ASSIST (Base)/Post Code' is clicked on

2018-12-17 15:51:55 - [MESSAGE][PASSED] - Object: 'Object Repository/Final Object Repo/Creating Employer Account/Page_Registration - ASSIST (Base)/Post Code' is clicked on

2018-12-17 15:51:55 - [TEST_STEP][PASSED] - delay: Delayed 2 second(s)

2018-12-17 15:51:57 - [MESSAGE][PASSED] - Delayed 2 second(s)

2018-12-17 15:51:57 - [TEST_STEP][PASSED] - setText: Text '810' is set on object 'Object Repository/Final Object Repo/Creating Employer Account/Page_Registration - ASSIST (Base)/Post Code - 810'

2018-12-17 15:51:58 - [MESSAGE][PASSED] - Text '810' is set on object 'Object Repository/Final Object Repo/Creating Employer Account/Page_Registration - ASSIST (Base)/Post Code - 810'

2018-12-17 15:51:58 - [TEST_STEP][PASSED] - delay: Delayed 2 second(s)

2018-12-17 15:52:00 - [MESSAGE][PASSED] - Delayed 2 second(s)

2018-12-17 15:52:00 - [TEST_STEP][PASSED] - click: Object: 'Object Repository/Final Object Repo/Creating Employer Account/Page_Registration - ASSIST (Base)/Post Code - 81000' is clicked on

2018-12-17 15:52:00 - [MESSAGE][PASSED] - Object: 'Object Repository/Final Object Repo/Creating Employer Account/Page_Registration - ASSIST (Base)/Post Code - 81000' is clicked on

2018-12-17 15:52:00 - [TEST_STEP][PASSED] - delay: Delayed 2 second(s)

2018-12-17 15:52:02 - [MESSAGE][PASSED] - Delayed 2 second(s)

2018-12-17 15:52:02 - [TEST_STEP][PASSED] - setText: Text 'PERKESO' is set on object 'Object Repository/Final Object Repo/Creating Employer Account/Page_Registration - ASSIST (Base)/Full Name'

2018-12-17 15:52:02 - [MESSAGE][PASSED] - Text 'PERKESO' is set on object 'Object Repository/Final Object Repo/Creating Employer Account/Page_Registration - ASSIST (Base)/Full Name'

2018-12-17 15:52:02 - [TEST_STEP][PASSED] - Statement - rnd = new java.util.Random(): null

2018-12-17 15:52:02 - [TEST_STEP][PASSED] - Statement - snum = rnd.nextInt(899999 + 1) + 100000: null

2018-12-17 15:52:02 - [TEST_STEP][PASSED] - Statement - tnum = rnd.nextInt(899999 + 1) + 100000: null

2018-12-17 15:52:02 - [TEST_STEP][PASSED] - Statement - IC = java.lang.Integer.toString(snum) + java.lang.Integer.toString(tnum): null

2018-12-17 15:52:02 - [TEST_STEP][PASSED] - Statement - out.println(IC): null

2018-12-17 15:52:02 - [TEST_STEP][PASSED] - setText: Text '940211152905' is set on object 'Object Repository/Final Object Repo/Creating Employer Account/Page_Registration - ASSIST (Base)/Identification Number'

2018-12-17 15:52:02 - [MESSAGE][PASSED] - Text '940211152905' is set on object 'Object Repository/Final Object Repo/Creating Employer Account/Page_Registration - ASSIST (Base)/Identification Number'

2018-12-17 15:52:02 - [TEST_STEP][PASSED] - delay: Delayed 2 second(s)

2018-12-17 15:52:05 - [MESSAGE][PASSED] - Delayed 2 second(s)

2018-12-17 15:52:05 - [TEST_STEP][PASSED] - setText: Text '123456789012' is set on object 'Object Repository/Final Object Repo/Creating Employer Account/Page_Registration - ASSIST (Base)/Contact Number'

2018-12-17 15:52:05 - [MESSAGE][PASSED] - Text '123456789012' is set on object 'Object Repository/Final Object Repo/Creating Employer Account/Page_Registration - ASSIST (Base)/Contact Number'

2018-12-17 15:52:05 - [TEST_STEP][PASSED] - Statement - Email = "perkeso" + IC + "@gmail.com": null

2018-12-17 15:52:05 - [TEST_STEP][PASSED] - delay: Delayed 2 second(s)

2018-12-17 15:52:07 - [MESSAGE][PASSED] - Delayed 2 second(s)

2018-12-17 15:52:07 - [TEST_STEP][PASSED] - callTestCase: Call Test Case 'Test Cases/Final Aug 2018 - PKS Automation/Create Employer Acc/Template/Employer Email Settler' successfully

2018-12-17 15:52:07 - [TEST_CASE][PASSED] - Test Cases/Final Aug 2018 - PKS Automation/Create Employer Acc/Template/Employer Email Settler: Test Cases/Final Aug 2018 - PKS Automation/Create Employer Acc/Template/Employer Email Settler

2018-12-17 15:52:07 - [TEST_STEP][PASSED] - Statement - EmpEmailOld = new java.io.File(C://Users//Admin//Desktop//PKS//Automation Reference Point//EmpEmail.txt): null

2018-12-17 15:52:07 - [TEST_STEP][PASSED] - Statement - EmpEmailOld.delete(): null

2018-12-17 15:52:07 - [TEST_STEP][PASSED] - delay: Delayed 5 second(s)

2018-12-17 15:52:12 - [MESSAGE][PASSED] - Delayed 5 second(s)

2018-12-17 15:52:12 - [TEST_STEP][PASSED] - Statement - EmpEmail = new java.io.File(C://Users//Admin//Desktop//PKS//Automation Reference Point//EmpEmail.txt): null

2018-12-17 15:52:12 - [TEST_STEP][PASSED] - Statement - f2 = new java.io.FileWriter(EmpEmail, false): null

2018-12-17 15:52:12 - [TEST_STEP][PASSED] - Statement - f2.write(Email): null

2018-12-17 15:52:12 - [TEST_STEP][PASSED] - Statement - f2.close(): null

2018-12-17 15:52:12 - [TEST_STEP][PASSED] - Statement - out.println(Email): null

2018-12-17 15:52:12 - [MESSAGE][PASSED] - Call Test Case 'Test Cases/Final Aug 2018 - PKS Automation/Create Employer Acc/Template/Employer Email Settler' successfully

2018-12-17 15:52:12 - [TEST_STEP][PASSED] - delay: Delayed 2 second(s)

2018-12-17 15:52:14 - [MESSAGE][PASSED] - Delayed 2 second(s)

2018-12-17 15:52:14 - [TEST_STEP][PASSED] - setText: Text 'perkeso940211152905@gmail.com' is set on object 'Object Repository/Final Object Repo/Creating Employer Account/Page_Registration - ASSIST (Base)/Email'

2018-12-17 15:52:15 - [MESSAGE][PASSED] - Text 'perkeso940211152905@gmail.com' is set on object 'Object Repository/Final Object Repo/Creating Employer Account/Page_Registration - ASSIST (Base)/Email'

2018-12-17 15:52:15 - [TEST_STEP][PASSED] - setText: Text '123' is set on object 'Object Repository/Final Object Repo/Creating Employer Account/Page_Registration - ASSIST (Base)/Security Phase'

2018-12-17 15:52:15 - [MESSAGE][PASSED] - Text '123' is set on object 'Object Repository/Final Object Repo/Creating Employer Account/Page_Registration - ASSIST (Base)/Security Phase'

2018-12-17 15:52:15 - [TEST_STEP][PASSED] - click: Object: 'Object Repository/Final Object Repo/Creating Employer Account/Page_Registration - ASSIST (Base)/Save  Continue' is clicked on

2018-12-17 15:52:15 - [MESSAGE][PASSED] - Object: 'Object Repository/Final Object Repo/Creating Employer Account/Page_Registration - ASSIST (Base)/Save  Continue' is clicked on

2018-12-17 15:52:15 - [TEST_STEP][PASSED] - delay: Delayed 2 second(s)

2018-12-17 15:52:17 - [MESSAGE][PASSED] - Delayed 2 second(s)

2018-12-17 15:52:17 - [TEST_STEP][PASSED] - click: Object: 'Object Repository/Final Object Repo/Creating Employer Account/Page_Registration - ASSIST (Base)/Add Document' is clicked on

2018-12-17 15:52:17 - [MESSAGE][PASSED] - Object: 'Object Repository/Final Object Repo/Creating Employer Account/Page_Registration - ASSIST (Base)/Add Document' is clicked on

2018-12-17 15:52:17 - [TEST_STEP][PASSED] - delay: Delayed 2 second(s)

2018-12-17 15:52:19 - [MESSAGE][PASSED] - Delayed 2 second(s)

2018-12-17 15:52:19 - [TEST_STEP][PASSED] - click: Object: 'Object Repository/Final Object Repo/Creating Employer Account/Page_Registration - ASSIST (Base)/Document Type' is clicked on

2018-12-17 15:52:19 - [MESSAGE][PASSED] - Object: 'Object Repository/Final Object Repo/Creating Employer Account/Page_Registration - ASSIST (Base)/Document Type' is clicked on

2018-12-17 15:52:19 - [TEST_STEP][PASSED] - delay: Delayed 2 second(s)

2018-12-17 15:52:21 - [MESSAGE][PASSED] - Delayed 2 second(s)

2018-12-17 15:52:21 - [TEST_STEP][PASSED] - click: Object: 'Object Repository/Final Object Repo/Creating Employer Account/Page_Registration - ASSIST (Base)/Document Type - Letter of Authorization' is clicked on

2018-12-17 15:52:22 - [MESSAGE][PASSED] - Object: 'Object Repository/Final Object Repo/Creating Employer Account/Page_Registration - ASSIST (Base)/Document Type - Letter of Authorization' is clicked on

2018-12-17 15:52:22 - [TEST_STEP][PASSED] - delay: Delayed 2 second(s)

2018-12-17 15:52:24 - [MESSAGE][PASSED] - Delayed 2 second(s)

2018-12-17 15:52:24 - [TEST_STEP][PASSED] - sendKeys: Keys 'C:\Users\Public\Pictures\Sample Pictures\Koala.jpg' sent to object: 'Object Repository/Final Object Repo/Creating Employer Account/Page_Registration - ASSIST (Base)/Uploading File'

2018-12-17 15:52:24 - [MESSAGE][PASSED] - Keys 'C:\Users\Public\Pictures\Sample Pictures\Koala.jpg' sent to object: 'Object Repository/Final Object Repo/Creating Employer Account/Page_Registration - ASSIST (Base)/Uploading File'

2018-12-17 15:52:24 - [TEST_STEP][PASSED] - delay: Delayed 2 second(s)

2018-12-17 15:52:26 - [MESSAGE][PASSED] - Delayed 2 second(s)

2018-12-17 15:52:26 - [TEST_STEP][PASSED] - click: Object: 'Object Repository/Final Object Repo/Creating Employer Account/Page_Registration - ASSIST (Base)/Add Document in Uploading File' is clicked on

2018-12-17 15:52:26 - [MESSAGE][PASSED] - Object: 'Object Repository/Final Object Repo/Creating Employer Account/Page_Registration - ASSIST (Base)/Add Document in Uploading File' is clicked on

2018-12-17 15:52:26 - [TEST_STEP][PASSED] - delay: Delayed 2 second(s)

2018-12-17 15:52:28 - [MESSAGE][PASSED] - Delayed 2 second(s)

2018-12-17 15:52:28 - [TEST_STEP][PASSED] - click: Object: 'Object Repository/Final Object Repo/Creating Employer Account/Page_Registration - ASSIST (Base)/Save' is clicked on

2018-12-17 15:52:28 - [MESSAGE][PASSED] - Object: 'Object Repository/Final Object Repo/Creating Employer Account/Page_Registration - ASSIST (Base)/Save' is clicked on

2018-12-17 15:52:28 - [TEST_STEP][PASSED] - delay: Delayed 2 second(s)

2018-12-17 15:52:30 - [MESSAGE][PASSED] - Delayed 2 second(s)

2018-12-17 15:52:30 - [TEST_STEP][PASSED] - click: Object: 'Object Repository/Final Object Repo/Creating Employer Account/Page_Registration - ASSIST (Base)/Submit' is clicked on

2018-12-17 15:52:30 - [MESSAGE][PASSED] - Object: 'Object Repository/Final Object Repo/Creating Employer Account/Page_Registration - ASSIST (Base)/Submit' is clicked on

2018-12-17 15:52:30 - [TEST_STEP][PASSED] - delay: Delayed 2 second(s)

2018-12-17 15:52:32 - [MESSAGE][PASSED] - Delayed 2 second(s)

2018-12-17 15:52:32 - [TEST_STEP][PASSED] - click: Object: 'Object Repository/Final Object Repo/Creating Employer Account/Page_Registration - ASSIST (Base)/Confirm' is clicked on

2018-12-17 15:52:33 - [MESSAGE][PASSED] - Object: 'Object Repository/Final Object Repo/Creating Employer Account/Page_Registration - ASSIST (Base)/Confirm' is clicked on

2018-12-17 15:52:33 - [MESSAGE][PASSED] - Call Test Case 'Test Cases/Final Aug 2018 - PKS Automation/Create Employer Acc/Template/Register Employer' successfully

2018-12-17 15:52:33 - [TEST_STEP][PASSED] - delay: Delayed 1 second(s)

2018-12-17 15:52:34 - [MESSAGE][PASSED] - Delayed 1 second(s)

2018-12-17 15:52:34 - [TEST_STEP][PASSED] - navigateToUrl: Navigate to 'https://assist2-uat.perkeso.gov.my/c/portal/logout' successfully

2018-12-17 15:52:35 - [MESSAGE][PASSED] - Navigate to 'https://assist2-uat.perkeso.gov.my/c/portal/logout' successfully

2018-12-17 15:52:35 - [TEST_STEP][PASSED] - delay: Delayed 1 second(s)

2018-12-17 15:52:36 - [MESSAGE][PASSED] - Delayed 1 second(s)

2018-12-17 15:52:36 - [TEST_STEP][PASSED] - callTestCase: Call Test Case 'Test Cases/Final Aug 2018 - PKS Automation/Create Employer Acc/Template/Change Password of Employer' successfully

2018-12-17 15:52:36 - [TEST_CASE][PASSED] - Test Cases/Final Aug 2018 - PKS Automation/Create Employer Acc/Template/Change Password of Employer: Test Cases/Final Aug 2018 - PKS Automation/Create Employer Acc/Template/Change Password of Employer

2018-12-17 15:52:36 - [TEST_STEP][PASSED] - openBrowser: Browser is opened with url: ''

2018-12-17 15:52:36 - [MESSAGE][WARNING] - A browser is already opened. Closing browser and opening a new one

2018-12-17 15:52:39 - [MESSAGE][PASSED] - Browser is opened with url: ''

2018-12-17 15:52:39 - [TEST_STEP][PASSED] - navigateToUrl: Navigate to 'https://assist2-uat.perkeso.gov.my/login' successfully

2018-12-17 15:52:40 - [MESSAGE][PASSED] - Navigate to 'https://assist2-uat.perkeso.gov.my/login' successfully

2018-12-17 15:52:40 - [TEST_STEP][PASSED] - delay: Delayed 5 second(s)

2018-12-17 15:52:45 - [MESSAGE][PASSED] - Delayed 5 second(s)

2018-12-17 15:52:45 - [TEST_STEP][PASSED] - setText: Text 'test@liferay.com' is set on object 'Object Repository/Final Object Repo/Login Page/Internal User/Email Address'

2018-12-17 15:52:46 - [MESSAGE][PASSED] - Text 'test@liferay.com' is set on object 'Object Repository/Final Object Repo/Login Page/Internal User/Email Address'

2018-12-17 15:52:46 - [TEST_STEP][PASSED] - click: Object: 'Object Repository/Final Object Repo/Login Page/Internal User/Next Button' is clicked on

2018-12-17 15:52:46 - [MESSAGE][PASSED] - Object: 'Object Repository/Final Object Repo/Login Page/Internal User/Next Button' is clicked on

2018-12-17 15:52:46 - [TEST_STEP][PASSED] - delay: Delayed 2 second(s)

2018-12-17 15:52:48 - [MESSAGE][PASSED] - Delayed 2 second(s)

2018-12-17 15:52:48 - [TEST_STEP][PASSED] - setText: Text 'test' is set on object 'Object Repository/Final Object Repo/Login Page/Internal User/Password'

2018-12-17 15:52:48 - [MESSAGE][PASSED] - Text 'test' is set on object 'Object Repository/Final Object Repo/Login Page/Internal User/Password'

2018-12-17 15:52:48 - [TEST_STEP][PASSED] - delay: Delayed 2 second(s)

2018-12-17 15:52:50 - [MESSAGE][PASSED] - Delayed 2 second(s)

2018-12-17 15:52:50 - [TEST_STEP][PASSED] - click: Object: 'Object Repository/Final Object Repo/Login Page/Internal User/Login Button' is clicked on

2018-12-17 15:52:50 - [MESSAGE][PASSED] - Object: 'Object Repository/Final Object Repo/Login Page/Internal User/Login Button' is clicked on

2018-12-17 15:52:50 - [TEST_STEP][PASSED] - delay: Delayed 3 second(s)

2018-12-17 15:52:53 - [MESSAGE][PASSED] - Delayed 3 second(s)

2018-12-17 15:52:53 - [TEST_STEP][PASSED] - navigateToUrl: Navigate to 'https://assist2-uat.perkeso.gov.my/group/control_panel/manage?p_p_id=125&p_p_lifecycle=0&p_p_state=maximized&p_p_mode=view&refererPlid=20455&_125_usersListView=flat-users&_125_toolbarItem=view-all-users&_125_saveUsersListView=true&_125_struts_action=%2Fusers_admin%2Fview' successfully

2018-12-17 15:52:55 - [MESSAGE][PASSED] - Navigate to 'https://assist2-uat.perkeso.gov.my/group/control_panel/manage?p_p_id=125&p_p_lifecycle=0&p_p_state=maximized&p_p_mode=view&refererPlid=20455&_125_usersListView=flat-users&_125_toolbarItem=view-all-users&_125_saveUsersListView=true&_125_struts_action=%2Fusers_admin%2Fview' successfully

2018-12-17 15:52:55 - [TEST_STEP][PASSED] - delay: Delayed 3 second(s)

2018-12-17 15:52:58 - [MESSAGE][PASSED] - Delayed 3 second(s)

2018-12-17 15:52:58 - [TEST_STEP][PASSED] - setText: Text 'perkeso940211152905@gmail.com' is set on object 'Object Repository/Final Object Repo/Creating Employer Account/Page_Users and Organizations - ASSIST/Employer name'

2018-12-17 15:52:58 - [MESSAGE][PASSED] - Text 'perkeso940211152905@gmail.com' is set on object 'Object Repository/Final Object Repo/Creating Employer Account/Page_Users and Organizations - ASSIST/Employer name'

2018-12-17 15:52:58 - [TEST_STEP][PASSED] - delay: Delayed 3 second(s)

2018-12-17 15:53:01 - [MESSAGE][PASSED] - Delayed 3 second(s)

2018-12-17 15:53:01 - [TEST_STEP][PASSED] - click: Object: 'Object Repository/Final Object Repo/Creating Employer Account/Page_Users and Organizations - ASSIST/Search' is clicked on

2018-12-17 15:53:02 - [MESSAGE][PASSED] - Object: 'Object Repository/Final Object Repo/Creating Employer Account/Page_Users and Organizations - ASSIST/Search' is clicked on

2018-12-17 15:53:02 - [TEST_STEP][PASSED] - delay: Delayed 3 second(s)

2018-12-17 15:53:05 - [MESSAGE][PASSED] - Delayed 3 second(s)

2018-12-17 15:53:05 - [TEST_STEP][PASSED] - click: Object: 'Object Repository/Final Object Repo/Creating Employer Account/Page_Users and Organizations - ASSIST/Action' is clicked on

2018-12-17 15:53:05 - [MESSAGE][PASSED] - Object: 'Object Repository/Final Object Repo/Creating Employer Account/Page_Users and Organizations - ASSIST/Action' is clicked on

2018-12-17 15:53:05 - [TEST_STEP][PASSED] - delay: Delayed 3 second(s)

2018-12-17 15:53:08 - [MESSAGE][PASSED] - Delayed 3 second(s)

2018-12-17 15:53:08 - [TEST_STEP][PASSED] - click: Object: 'Object Repository/Final Object Repo/Creating Employer Account/Page_Users and Organizations - ASSIST/Edit' is clicked on

2018-12-17 15:53:09 - [MESSAGE][PASSED] - Object: 'Object Repository/Final Object Repo/Creating Employer Account/Page_Users and Organizations - ASSIST/Edit' is clicked on

2018-12-17 15:53:09 - [TEST_STEP][PASSED] - delay: Delayed 3 second(s)

2018-12-17 15:53:12 - [MESSAGE][PASSED] - Delayed 3 second(s)

2018-12-17 15:53:12 - [TEST_STEP][PASSED] - click: Object: 'Object Repository/Final Object Repo/Creating Employer Account/Page_PERKESO - Users and Organizati/a_Password (Modified)' is clicked on

2018-12-17 15:53:12 - [MESSAGE][PASSED] - Object: 'Object Repository/Final Object Repo/Creating Employer Account/Page_PERKESO - Users and Organizati/a_Password (Modified)' is clicked on

2018-12-17 15:53:12 - [TEST_STEP][PASSED] - delay: Delayed 3 second(s)

2018-12-17 15:53:15 - [MESSAGE][PASSED] - Delayed 3 second(s)

2018-12-17 15:53:15 - [TEST_STEP][PASSED] - setEncryptedText: Text ****** has been set on object 'Object Repository/Final Object Repo/Creating Employer Account/Page_PERKESO - Users and Organizati/input__125_password1'

2018-12-17 15:53:16 - [MESSAGE][PASSED] - Text ****** has been set on object 'Object Repository/Final Object Repo/Creating Employer Account/Page_PERKESO - Users and Organizati/input__125_password1'

2018-12-17 15:53:16 - [TEST_STEP][PASSED] - delay: Delayed 3 second(s)

2018-12-17 15:53:19 - [MESSAGE][PASSED] - Delayed 3 second(s)

2018-12-17 15:53:19 - [TEST_STEP][PASSED] - setEncryptedText: Text ****** has been set on object 'Object Repository/Final Object Repo/Creating Employer Account/Page_PERKESO - Users and Organizati/input__125_password2'

2018-12-17 15:53:19 - [MESSAGE][PASSED] - Text ****** has been set on object 'Object Repository/Final Object Repo/Creating Employer Account/Page_PERKESO - Users and Organizati/input__125_password2'

2018-12-17 15:53:19 - [TEST_STEP][PASSED] - delay: Delayed 3 second(s)

2018-12-17 15:53:22 - [MESSAGE][PASSED] - Delayed 3 second(s)

2018-12-17 15:53:22 - [TEST_STEP][PASSED] - click: Object: 'Object Repository/Final Object Repo/Creating Employer Account/Page_PERKESO - Users and Organizati/Save' is clicked on

2018-12-17 15:53:24 - [MESSAGE][PASSED] - Object: 'Object Repository/Final Object Repo/Creating Employer Account/Page_PERKESO - Users and Organizati/Save' is clicked on

2018-12-17 15:53:24 - [MESSAGE][PASSED] - Call Test Case 'Test Cases/Final Aug 2018 - PKS Automation/Create Employer Acc/Template/Change Password of Employer' successfully

2018-12-17 15:53:24 - [TEST_STEP][PASSED] - delay: Delayed 1 second(s)

2018-12-17 15:53:25 - [MESSAGE][PASSED] - Delayed 1 second(s)

2018-12-17 15:53:25 - [TEST_STEP][PASSED] - navigateToUrl: Navigate to 'https://assist2-uat.perkeso.gov.my/c/portal/logout' successfully

2018-12-17 15:53:26 - [MESSAGE][PASSED] - Navigate to 'https://assist2-uat.perkeso.gov.my/c/portal/logout' successfully

2018-12-17 15:53:26 - [TEST_STEP][PASSED] - delay: Delayed 1 second(s)

2018-12-17 15:53:27 - [MESSAGE][PASSED] - Delayed 1 second(s)

2018-12-17 15:53:27 - [TEST_STEP][PASSED] - callTestCase: Call Test Case 'Test Cases/Final Aug 2018 - PKS Automation/Create Employer Acc/Template/Login to Employer Account (First Time)' successfully

2018-12-17 15:53:27 - [TEST_CASE][PASSED] - Test Cases/Final Aug 2018 - PKS Automation/Create Employer Acc/Template/Login to Employer Account (First Time): Test Cases/Final Aug 2018 - PKS Automation/Create Employer Acc/Template/Login to Employer Account (First Time)

2018-12-17 15:53:27 - [TEST_STEP][PASSED] - openBrowser: Browser is opened with url: ''

2018-12-17 15:53:27 - [MESSAGE][WARNING] - A browser is already opened. Closing browser and opening a new one

2018-12-17 15:53:30 - [MESSAGE][PASSED] - Browser is opened with url: ''

2018-12-17 15:53:30 - [TEST_STEP][PASSED] - navigateToUrl: Navigate to 'https://assist2-uat.perkeso.gov.my/employer/login' successfully

2018-12-17 15:53:31 - [MESSAGE][PASSED] - Navigate to 'https://assist2-uat.perkeso.gov.my/employer/login' successfully

2018-12-17 15:53:31 - [TEST_STEP][PASSED] - delay: Delayed 3 second(s)

2018-12-17 15:53:34 - [MESSAGE][PASSED] - Delayed 3 second(s)

2018-12-17 15:53:34 - [TEST_STEP][PASSED] - callTestCase: Call Test Case 'Test Cases/Final Aug 2018 - PKS Automation/Create Employer Acc/Template/Employer Email Getter' successfully

2018-12-17 15:53:34 - [TEST_CASE][PASSED] - Test Cases/Final Aug 2018 - PKS Automation/Create Employer Acc/Template/Employer Email Getter: Test Cases/Final Aug 2018 - PKS Automation/Create Employer Acc/Template/Employer Email Getter

2018-12-17 15:53:34 - [TEST_STEP][PASSED] - Statement - Try: null

2018-12-17 15:53:34 - [TEST_STEP][PASSED] - Statement - EmpEmail = new java.io.File(C://Users//Admin//Desktop//PKS//Automation Reference Point//EmpEmail.txt): null

2018-12-17 15:53:34 - [TEST_STEP][PASSED] - Statement - bufferread = new java.io.BufferedReader(new java.io.FileReader(EmpEmail)): null

2018-12-17 15:53:34 - [TEST_STEP][PASSED] - Statement - readedVal = bufferread.readLine(): null

2018-12-17 15:53:34 - [TEST_STEP][PASSED] - Statement - out.println(readedVal): null

2018-12-17 15:53:34 - [TEST_STEP][PASSED] - Statement - Email = readedVal: null

2018-12-17 15:53:34 - [MESSAGE][PASSED] - Call Test Case 'Test Cases/Final Aug 2018 - PKS Automation/Create Employer Acc/Template/Employer Email Getter' successfully

2018-12-17 15:53:34 - [TEST_STEP][PASSED] - setText: Text 'perkeso940211152905@gmail.com' is set on object 'Object Repository/Final Object Repo/Login Page/External Login Page/Email'

2018-12-17 15:53:34 - [MESSAGE][PASSED] - Text 'perkeso940211152905@gmail.com' is set on object 'Object Repository/Final Object Repo/Login Page/External Login Page/Email'

2018-12-17 15:53:34 - [TEST_STEP][PASSED] - click: Object: 'Object Repository/Final Object Repo/Login Page/External Login Page/Next' is clicked on

2018-12-17 15:53:34 - [MESSAGE][PASSED] - Object: 'Object Repository/Final Object Repo/Login Page/External Login Page/Next' is clicked on

2018-12-17 15:53:34 - [TEST_STEP][PASSED] - delay: Delayed 3 second(s)

2018-12-17 15:53:37 - [MESSAGE][PASSED] - Delayed 3 second(s)

2018-12-17 15:53:37 - [TEST_STEP][PASSED] - setEncryptedText: Text ****** has been set on object 'Object Repository/Final Object Repo/Login Page/External Login Page/Password'

2018-12-17 15:53:38 - [MESSAGE][PASSED] - Text ****** has been set on object 'Object Repository/Final Object Repo/Login Page/External Login Page/Password'

2018-12-17 15:53:38 - [TEST_STEP][PASSED] - click: Object: 'Object Repository/Final Object Repo/Login Page/External Login Page/Login' is clicked on

2018-12-17 15:53:38 - [MESSAGE][PASSED] - Object: 'Object Repository/Final Object Repo/Login Page/External Login Page/Login' is clicked on

2018-12-17 15:53:38 - [TEST_STEP][PASSED] - delay: Delayed 3 second(s)

2018-12-17 15:53:41 - [MESSAGE][PASSED] - Delayed 3 second(s)

2018-12-17 15:53:41 - [TEST_STEP][PASSED] - click: Object: 'Object Repository/Final Object Repo/Creating Employer Account/Page_Terms of Use - ASSIST/button_I Agree' is clicked on

2018-12-17 15:53:42 - [MESSAGE][PASSED] - Object: 'Object Repository/Final Object Repo/Creating Employer Account/Page_Terms of Use - ASSIST/button_I Agree' is clicked on

2018-12-17 15:53:42 - [TEST_STEP][PASSED] - delay: Delayed 2 second(s)

2018-12-17 15:53:44 - [MESSAGE][PASSED] - Delayed 2 second(s)

2018-12-17 15:53:44 - [TEST_STEP][PASSED] - setEncryptedText: Text ****** has been set on object 'Object Repository/Final Object Repo/Creating Employer Account/Page_New Password - ASSIST/input_password1'

2018-12-17 15:53:44 - [MESSAGE][PASSED] - Text ****** has been set on object 'Object Repository/Final Object Repo/Creating Employer Account/Page_New Password - ASSIST/input_password1'

2018-12-17 15:53:44 - [TEST_STEP][PASSED] - setEncryptedText: Text ****** has been set on object 'Object Repository/Final Object Repo/Creating Employer Account/Page_New Password - ASSIST/input_password2'

2018-12-17 15:53:45 - [MESSAGE][PASSED] - Text ****** has been set on object 'Object Repository/Final Object Repo/Creating Employer Account/Page_New Password - ASSIST/input_password2'

2018-12-17 15:53:45 - [TEST_STEP][PASSED] - delay: Delayed 2 second(s)

2018-12-17 15:53:47 - [MESSAGE][PASSED] - Delayed 2 second(s)

2018-12-17 15:53:47 - [TEST_STEP][PASSED] - click: Object: 'Object Repository/Final Object Repo/Creating Employer Account/Page_New Password - ASSIST/Save' is clicked on

2018-12-17 15:53:47 - [MESSAGE][PASSED] - Object: 'Object Repository/Final Object Repo/Creating Employer Account/Page_New Password - ASSIST/Save' is clicked on

2018-12-17 15:53:47 - [TEST_STEP][PASSED] - delay: Delayed 2 second(s)

2018-12-17 15:53:49 - [MESSAGE][PASSED] - Delayed 2 second(s)

2018-12-17 15:53:49 - [TEST_STEP][PASSED] - setText: Text 'test' is set on object 'Object Repository/Final Object Repo/Creating Employer Account/Page_Password Reminder - ASSIST/Reminder Query Answer'

2018-12-17 15:53:49 - [MESSAGE][PASSED] - Text 'test' is set on object 'Object Repository/Final Object Repo/Creating Employer Account/Page_Password Reminder - ASSIST/Reminder Query Answer'

2018-12-17 15:53:49 - [TEST_STEP][PASSED] - delay: Delayed 2 second(s)

2018-12-17 15:53:51 - [MESSAGE][PASSED] - Delayed 2 second(s)

2018-12-17 15:53:51 - [TEST_STEP][PASSED] - doubleClick: Object: 'Object Repository/Final Object Repo/Creating Employer Account/Page_Password Reminder - ASSIST/Save' is double clicked on

2018-12-17 15:53:51 - [MESSAGE][PASSED] - Object: 'Object Repository/Final Object Repo/Creating Employer Account/Page_Password Reminder - ASSIST/Save' is double clicked on

2018-12-17 15:53:51 - [MESSAGE][PASSED] - Call Test Case 'Test Cases/Final Aug 2018 - PKS Automation/Create Employer Acc/Template/Login to Employer Account (First Time)' successfully

2018-12-17 15:53:51 - [MESSAGE][PASSED] - Call Test Case 'Test Cases/Final Aug 2018 - PKS Automation/Create Employer Acc/Create Employer Account' successfully

2018-12-17 15:53:51 - [TEST_STEP][PASSED] - callTestCase: Call Test Case 'Test Cases/Final Aug 2018 - PKS Automation/Registration Module/Log Out/log out avoiding katalon tagging' successfully

2018-12-17 15:53:51 - [TEST_CASE][PASSED] - Test Cases/Final Aug 2018 - PKS Automation/Registration Module/Log Out/log out avoiding katalon tagging: Test Cases/Final Aug 2018 - PKS Automation/Registration Module/Log Out/log out avoiding katalon tagging

2018-12-17 15:53:51 - [TEST_STEP][PASSED] - navigateToUrl: Navigate to 'https://assist2-uat.perkeso.gov.my/c/portal/logout' successfully

2018-12-17 15:53:54 - [MESSAGE][PASSED] - Navigate to 'https://assist2-uat.perkeso.gov.my/c/portal/logout' successfully

2018-12-17 15:53:54 - [MESSAGE][PASSED] - Call Test Case 'Test Cases/Final Aug 2018 - PKS Automation/Registration Module/Log Out/log out avoiding katalon tagging' successfully

2018-12-17 15:53:54 - [TEST_STEP][PASSED] - callTestCase: Call Test Case 'Test Cases/Final Aug 2018 - PKS Automation/Create Employer Acc/Login to Employer Account (Second time)' successfully

2018-12-17 15:53:55 - [TEST_CASE][PASSED] - Test Cases/Final Aug 2018 - PKS Automation/Create Employer Acc/Login to Employer Account (Second time): Test Cases/Final Aug 2018 - PKS Automation/Create Employer Acc/Login to Employer Account (Second time)

2018-12-17 15:53:55 - [TEST_STEP][PASSED] - openBrowser: Browser is opened with url: ''

2018-12-17 15:53:55 - [MESSAGE][WARNING] - A browser is already opened. Closing browser and opening a new one

2018-12-17 15:53:57 - [MESSAGE][PASSED] - Browser is opened with url: ''

2018-12-17 15:53:57 - [TEST_STEP][PASSED] - navigateToUrl: Navigate to 'https://assist2-uat.perkeso.gov.my/employer/login' successfully

2018-12-17 15:53:59 - [MESSAGE][PASSED] - Navigate to 'https://assist2-uat.perkeso.gov.my/employer/login' successfully

2018-12-17 15:53:59 - [TEST_STEP][PASSED] - delay: Delayed 3 second(s)

2018-12-17 15:54:02 - [MESSAGE][PASSED] - Delayed 3 second(s)

2018-12-17 15:54:02 - [TEST_STEP][PASSED] - callTestCase: Call Test Case 'Test Cases/Final Aug 2018 - PKS Automation/Create Employer Acc/Template/Employer Email Getter' successfully

2018-12-17 15:54:02 - [TEST_CASE][PASSED] - Test Cases/Final Aug 2018 - PKS Automation/Create Employer Acc/Template/Employer Email Getter: Test Cases/Final Aug 2018 - PKS Automation/Create Employer Acc/Template/Employer Email Getter

2018-12-17 15:54:02 - [TEST_STEP][PASSED] - Statement - Try: null

2018-12-17 15:54:02 - [TEST_STEP][PASSED] - Statement - EmpEmail = new java.io.File(C://Users//Admin//Desktop//PKS//Automation Reference Point//EmpEmail.txt): null

2018-12-17 15:54:02 - [TEST_STEP][PASSED] - Statement - bufferread = new java.io.BufferedReader(new java.io.FileReader(EmpEmail)): null

2018-12-17 15:54:02 - [TEST_STEP][PASSED] - Statement - readedVal = bufferread.readLine(): null

2018-12-17 15:54:02 - [TEST_STEP][PASSED] - Statement - out.println(readedVal): null

2018-12-17 15:54:02 - [TEST_STEP][PASSED] - Statement - Email = readedVal: null

2018-12-17 15:54:02 - [MESSAGE][PASSED] - Call Test Case 'Test Cases/Final Aug 2018 - PKS Automation/Create Employer Acc/Template/Employer Email Getter' successfully

2018-12-17 15:54:02 - [TEST_STEP][PASSED] - setText: Text 'perkeso940211152905@gmail.com' is set on object 'Object Repository/Final Object Repo/Login Page/External Login Page/Email'

2018-12-17 15:54:02 - [MESSAGE][PASSED] - Text 'perkeso940211152905@gmail.com' is set on object 'Object Repository/Final Object Repo/Login Page/External Login Page/Email'

2018-12-17 15:54:02 - [TEST_STEP][PASSED] - click: Object: 'Object Repository/Final Object Repo/Login Page/External Login Page/Next' is clicked on

2018-12-17 15:54:02 - [MESSAGE][PASSED] - Object: 'Object Repository/Final Object Repo/Login Page/External Login Page/Next' is clicked on

2018-12-17 15:54:02 - [TEST_STEP][PASSED] - delay: Delayed 3 second(s)

2018-12-17 15:54:05 - [MESSAGE][PASSED] - Delayed 3 second(s)

2018-12-17 15:54:05 - [TEST_STEP][PASSED] - setEncryptedText: Text ****** has been set on object 'Object Repository/Final Object Repo/Login Page/External Login Page/Password'

2018-12-17 15:54:06 - [MESSAGE][PASSED] - Text ****** has been set on object 'Object Repository/Final Object Repo/Login Page/External Login Page/Password'

2018-12-17 15:54:06 - [TEST_STEP][PASSED] - click: Object: 'Object Repository/Final Object Repo/Login Page/External Login Page/Login' is clicked on

2018-12-17 15:54:06 - [MESSAGE][PASSED] - Object: 'Object Repository/Final Object Repo/Login Page/External Login Page/Login' is clicked on

2018-12-17 15:54:06 - [TEST_STEP][PASSED] - delay: Delayed 5 second(s)

2018-12-17 15:54:11 - [MESSAGE][PASSED] - Delayed 5 second(s)

2018-12-17 15:54:11 - [MESSAGE][PASSED] - Call Test Case 'Test Cases/Final Aug 2018 - PKS Automation/Create Employer Acc/Login to Employer Account (Second time)' successfully

2018-12-17 15:54:11 - [TEST_STEP][PASSED] - delay: Delayed 4 second(s)

2018-12-17 15:54:15 - [MESSAGE][PASSED] - Delayed 4 second(s)

2018-12-17 15:54:15 - [TEST_STEP][PASSED] - Statement - Try: Delayed 2 second(s)

2018-12-17 15:54:15 - [TEST_STEP][PASSED] - Statement - Checker = false: null

2018-12-17 15:54:15 - [TEST_STEP][PASSED] - Statement - Checker = com.kms.katalon.core.webui.keyword.WebUiBuiltInKeywords.verifyElementHasAttribute(com.kms.katalon.core.testobject.ObjectRepository.findTestObject(Final Object Repo/Landing Page/BM Detecting), "href", 20, OPTIONAL): Object 'Object Repository/Final Object Repo/Landing Page/BM Detecting' has attribute 'href'

2018-12-17 15:54:15 - [MESSAGE][PASSED] - Object 'Object Repository/Final Object Repo/Landing Page/BM Detecting' has attribute 'href'

2018-12-17 15:54:15 - [TEST_STEP][PASSED] - Statement - out.println(Checker): null

2018-12-17 15:54:15 - [TEST_STEP][PASSED] - Statement - If (Checker == false): null

2018-12-17 15:54:15 - [TEST_STEP][PASSED] - Statement - Else: null

2018-12-17 15:54:15 - [TEST_STEP][PASSED] - delay: Delayed 2 second(s)

2018-12-17 15:54:17 - [MESSAGE][PASSED] - Delayed 2 second(s)

2018-12-17 15:54:17 - [TEST_STEP][PASSED] - delay: Delayed 4 second(s)

2018-12-17 15:54:21 - [MESSAGE][PASSED] - Delayed 4 second(s)

2018-12-17 15:54:21 - [TEST_STEP][PASSED] - click: Object: 'Object Repository/Final Object Repo/Landing Page/My Sites Drop Down' is clicked on

2018-12-17 15:54:21 - [MESSAGE][PASSED] - Object: 'Object Repository/Final Object Repo/Landing Page/My Sites Drop Down' is clicked on

2018-12-17 15:54:21 - [TEST_STEP][PASSED] - click: Object: 'Object Repository/Final Object Repo/Landing Page/Select to Registration Module' is clicked on

2018-12-17 15:54:24 - [MESSAGE][PASSED] - Object: 'Object Repository/Final Object Repo/Landing Page/Select to Registration Module' is clicked on

2018-12-17 15:54:24 - [TEST_STEP][PASSED] - click: Object: 'Object Repository/Final Object Repo/Landing Page/Registration Button' is clicked on

2018-12-17 15:54:25 - [MESSAGE][PASSED] - Object: 'Object Repository/Final Object Repo/Landing Page/Registration Button' is clicked on

2018-12-17 15:54:25 - [TEST_STEP][PASSED] - delay: Delayed 2 second(s)

2018-12-17 15:54:27 - [MESSAGE][PASSED] - Delayed 2 second(s)

2018-12-17 15:54:27 - [TEST_STEP][PASSED] - click: Object: 'Object Repository/Final Object Repo/New Registration - Registration Module Pages/New Reg - OTC to RO/Special Case - OTC - Form 1/AEC NO' is clicked on

2018-12-17 15:54:28 - [MESSAGE][PASSED] - Object: 'Object Repository/Final Object Repo/New Registration - Registration Module Pages/New Reg - OTC to RO/Special Case - OTC - Form 1/AEC NO' is clicked on

2018-12-17 15:54:28 - [TEST_STEP][PASSED] - click: Object: 'Object Repository/Final Object Repo/New Registration - Registration Module Pages/New Reg - OTC to RO/Special Case - OTC - Form 1/Business Entity - Please Select' is clicked on

2018-12-17 15:54:28 - [MESSAGE][PASSED] - Object: 'Object Repository/Final Object Repo/New Registration - Registration Module Pages/New Reg - OTC to RO/Special Case - OTC - Form 1/Business Entity - Please Select' is clicked on

2018-12-17 15:54:28 - [TEST_STEP][PASSED] - click: Object: 'Object Repository/Final Object Repo/New Registration - Registration Module Pages/New Reg - OTC to RO/Special Case - OTC - Form 1/Selected - Corporation' is clicked on

2018-12-17 15:54:28 - [MESSAGE][PASSED] - Object: 'Object Repository/Final Object Repo/New Registration - Registration Module Pages/New Reg - OTC to RO/Special Case - OTC - Form 1/Selected - Corporation' is clicked on

2018-12-17 15:54:28 - [TEST_STEP][PASSED] - delay: Delayed 2 second(s)

2018-12-17 15:54:30 - [MESSAGE][PASSED] - Delayed 2 second(s)

2018-12-17 15:54:30 - [TEST_STEP][PASSED] - click: Object: 'Object Repository/Final Object Repo/New Registration - Registration Module Pages/New Reg - OTC to RO/Special Case - OTC - Form 1/Sub Business Entity - Please Select' is clicked on

2018-12-17 15:54:30 - [MESSAGE][PASSED] - Object: 'Object Repository/Final Object Repo/New Registration - Registration Module Pages/New Reg - OTC to RO/Special Case - OTC - Form 1/Sub Business Entity - Please Select' is clicked on

2018-12-17 15:54:30 - [TEST_STEP][PASSED] - delay: Delayed 2 second(s)

2018-12-17 15:54:32 - [MESSAGE][PASSED] - Delayed 2 second(s)

2018-12-17 15:54:32 - [TEST_STEP][PASSED] - click: Object: 'Object Repository/Final Object Repo/New Registration - Registration Module Pages/New Reg - OTC to RO/Special Case - OTC - Form 1/Selected - Sendirian Berhad' is clicked on

2018-12-17 15:54:33 - [MESSAGE][PASSED] - Object: 'Object Repository/Final Object Repo/New Registration - Registration Module Pages/New Reg - OTC to RO/Special Case - OTC - Form 1/Selected - Sendirian Berhad' is clicked on

2018-12-17 15:54:33 - [TEST_STEP][PASSED] - setText: Text 'AUTOMATE001' is set on object 'Object Repository/Final Object Repo/New Registration - Registration Module Pages/New Reg - OTC to RO/Special Case - OTC - Form 1/Input BRN Number'

2018-12-17 15:54:33 - [MESSAGE][PASSED] - Text 'AUTOMATE001' is set on object 'Object Repository/Final Object Repo/New Registration - Registration Module Pages/New Reg - OTC to RO/Special Case - OTC - Form 1/Input BRN Number'

2018-12-17 15:54:33 - [TEST_STEP][PASSED] - delay: Delayed 2 second(s)

2018-12-17 15:54:35 - [MESSAGE][PASSED] - Delayed 2 second(s)

2018-12-17 15:54:35 - [TEST_STEP][PASSED] - click: Object: 'Object Repository/Final Object Repo/New Registration - Registration Module Pages/New Reg - OTC to RO/Special Case - OTC - Form 1/BRN Search' is clicked on

2018-12-17 15:54:35 - [MESSAGE][PASSED] - Object: 'Object Repository/Final Object Repo/New Registration - Registration Module Pages/New Reg - OTC to RO/Special Case - OTC - Form 1/BRN Search' is clicked on

2018-12-17 15:54:35 - [TEST_STEP][PASSED] - delay: Delayed 4 second(s)

2018-12-17 15:54:39 - [MESSAGE][PASSED] - Delayed 4 second(s)

2018-12-17 15:54:39 - [TEST_STEP][PASSED] - click: Object: 'Object Repository/Final Object Repo/New Registration - Registration Module Pages/New Reg - OTC to RO/Special Case - OTC - Form 1/Registered with SSM - After Feb 2017' is clicked on

2018-12-17 15:54:39 - [MESSAGE][PASSED] - Object: 'Object Repository/Final Object Repo/New Registration - Registration Module Pages/New Reg - OTC to RO/Special Case - OTC - Form 1/Registered with SSM - After Feb 2017' is clicked on

2018-12-17 15:54:39 - [TEST_STEP][PASSED] - delay: Delayed 2 second(s)

2018-12-17 15:54:41 - [MESSAGE][PASSED] - Delayed 2 second(s)

2018-12-17 15:54:41 - [TEST_STEP][PASSED] - click: Object: 'Object Repository/Final Object Repo/New Registration - Registration Module Pages/Form 1/Registered As a Branch - Yes' is clicked on

2018-12-17 15:54:42 - [MESSAGE][PASSED] - Object: 'Object Repository/Final Object Repo/New Registration - Registration Module Pages/Form 1/Registered As a Branch - Yes' is clicked on

2018-12-17 15:54:42 - [TEST_STEP][PASSED] - click: Object: 'Object Repository/Final Object Repo/New Registration - Registration Module Pages/New Reg - OTC to RO/Special Case - OTC - Form 1/Acknowledgement Ticked' is clicked on

2018-12-17 15:54:42 - [MESSAGE][PASSED] - Object: 'Object Repository/Final Object Repo/New Registration - Registration Module Pages/New Reg - OTC to RO/Special Case - OTC - Form 1/Acknowledgement Ticked' is clicked on

2018-12-17 15:54:42 - [TEST_STEP][PASSED] - setText: Text 'perkeso940211152905@gmail.com' is set on object 'Object Repository/Final Object Repo/New Registration - Registration Module Pages/Form 1/Email'

2018-12-17 15:54:43 - [MESSAGE][PASSED] - Text 'perkeso940211152905@gmail.com' is set on object 'Object Repository/Final Object Repo/New Registration - Registration Module Pages/Form 1/Email'

2018-12-17 15:54:43 - [TEST_STEP][PASSED] - click: Object: 'Object Repository/Final Object Repo/New Registration - Registration Module Pages/New Reg - OTC to RO/Special Case - OTC - Form 1/Submit Button' is clicked on

2018-12-17 15:54:43 - [MESSAGE][PASSED] - Object: 'Object Repository/Final Object Repo/New Registration - Registration Module Pages/New Reg - OTC to RO/Special Case - OTC - Form 1/Submit Button' is clicked on

2018-12-17 15:54:43 - [TEST_STEP][PASSED] - callTestCase: Call Test Case 'Test Cases/Final Aug 2018 - PKS Automation/Registration Module/New Registration/Form 2/Add 1 Eligible - Employer Account Use' successfully

2018-12-17 15:54:43 - [TEST_CASE][PASSED] - Test Cases/Final Aug 2018 - PKS Automation/Registration Module/New Registration/Form 2/Add 1 Eligible - Employer Account Use: Test Cases/Final Aug 2018 - PKS Automation/Registration Module/New Registration/Form 2/Add 1 Eligible - Employer Account Use

2018-12-17 15:54:43 - [TEST_STEP][PASSED] - delay: Delayed 2 second(s)

2018-12-17 15:54:45 - [MESSAGE][PASSED] - Delayed 2 second(s)

2018-12-17 15:54:45 - [TEST_STEP][PASSED] - callTestCase: Call Test Case 'Test Cases/Final Aug 2018 - PKS Automation/Registration Module/New Registration/Form 2/Date Updater' successfully

2018-12-17 15:54:45 - [TEST_CASE][PASSED] - Test Cases/Final Aug 2018 - PKS Automation/Registration Module/New Registration/Form 2/Date Updater: Test Cases/Final Aug 2018 - PKS Automation/Registration Module/New Registration/Form 2/Date Updater

2018-12-17 15:54:45 - [TEST_STEP][PASSED] - Statement - TodayDate = new java.util.Date(): null

2018-12-17 15:54:45 - [TEST_STEP][PASSED] - Statement - CurrentDateNoFilter = new java.text.SimpleDateFormat(): null

2018-12-17 15:54:45 - [TEST_STEP][PASSED] - Statement - CurrentDateNoFilter.applyPattern("MM"): null

2018-12-17 15:54:45 - [TEST_STEP][PASSED] - Statement - monthContainerMatcher = java.lang.Integer.parseInt(CurrentDateNoFilter.format(TodayDate)): null

2018-12-17 15:54:45 - [TEST_STEP][PASSED] - Statement - monthContainerMatcher = monthContainerMatcher - 1: null

2018-12-17 15:54:45 - [TEST_STEP][PASSED] - Statement - CurrentMonth = monthContainerMatcher.toString(): null

2018-12-17 15:54:45 - [TEST_STEP][PASSED] - Statement - CurrentMonth = CurrentMonth: null

2018-12-17 15:54:45 - [TEST_STEP][PASSED] - Statement - CurrentDateNoFilter.applyPattern("yyyy"): null

2018-12-17 15:54:45 - [TEST_STEP][PASSED] - Statement - CurrentYear = CurrentDateNoFilter.format(TodayDate): null

2018-12-17 15:54:45 - [TEST_STEP][PASSED] - Statement - CurrentYear = CurrentYear: null

2018-12-17 15:54:45 - [TEST_STEP][PASSED] - Statement - intCurrentYear = java.lang.Integer.parseInt(CurrentDateNoFilter.format(TodayDate)): null

2018-12-17 15:54:45 - [TEST_STEP][PASSED] - Statement - eighteenYrsAgo = intCurrentYear - 18: null

2018-12-17 15:54:45 - [TEST_STEP][PASSED] - Statement - eighteenYrsBeforeThisYr = eighteenYrsAgo.toString(): null

2018-12-17 15:54:45 - [TEST_STEP][PASSED] - Statement - EighteenYrsBefore = eighteenYrsBeforeThisYr: null

2018-12-17 15:54:45 - [TEST_STEP][PASSED] - Statement - fiftysevenYrsAgo = intCurrentYear - 57: null

2018-12-17 15:54:45 - [TEST_STEP][PASSED] - Statement - fiftysevenYrsBeforeThisYr = fiftysevenYrsAgo.toString(): null

2018-12-17 15:54:45 - [TEST_STEP][PASSED] - Statement - FiftysevenYrsBefore = fiftysevenYrsBeforeThisYr: null

2018-12-17 15:54:45 - [TEST_STEP][PASSED] - Statement - leapYear = false: null

2018-12-17 15:54:45 - [TEST_STEP][PASSED] - Statement - leapYear = intCurrentYear % 4 == 0: null

2018-12-17 15:54:45 - [TEST_STEP][PASSED] - Statement - CurrentDateNoFilter.applyPattern("dd"): null

2018-12-17 15:54:45 - [TEST_STEP][PASSED] - Statement - CurrentDate = CurrentDateNoFilter.format(TodayDate): null

2018-12-17 15:54:45 - [TEST_STEP][PASSED] - Statement - CurrentDate = java.lang.Integer.parseInt(CurrentDate): null

2018-12-17 15:54:45 - [TEST_STEP][PASSED] - Statement - CurrentDate = CurrentDate: null

2018-12-17 15:54:45 - [TEST_STEP][PASSED] - Statement - CurrentDay = java.lang.Integer.parseInt(CurrentDate): null

2018-12-17 15:54:45 - [TEST_STEP][PASSED] - Statement - ConfAdder = <not implemented yet for class: org.codehaus.groovy.ast.expr.EmptyExpression>: null

2018-12-17 15:54:45 - [TEST_STEP][PASSED] - Statement - out.println(CurrentMonth): null

2018-12-17 15:54:45 - [TEST_STEP][PASSED] - Statement - out.println(CurrentDate): null

2018-12-17 15:54:45 - [TEST_STEP][PASSED] - Statement - switch (CurrentDate): null

2018-12-17 15:54:45 - [TEST_STEP][PASSED] - Statement - Default: null

2018-12-17 15:54:45 - [TEST_STEP][PASSED] - Statement - ConfAdder = true: null

2018-12-17 15:54:45 - [TEST_STEP][PASSED] - Statement - Break: null

2018-12-17 15:54:45 - [TEST_STEP][PASSED] - Statement - aDayBefore = <not implemented yet for class: org.codehaus.groovy.ast.expr.EmptyExpression>: null

2018-12-17 15:54:45 - [TEST_STEP][PASSED] - Statement - out.println(ConfAdder): null

2018-12-17 15:54:45 - [TEST_STEP][PASSED] - Statement - If (ConfAdder == true): null

2018-12-17 15:54:45 - [TEST_STEP][PASSED] - Statement - aDayBefore = CurrentDay + 1: null

2018-12-17 15:54:45 - [TEST_STEP][PASSED] - Statement - out.println(aDayBefore): null

2018-12-17 15:54:45 - [TEST_STEP][PASSED] - Statement - If (aDayBefore == 1 && CurrentMonth == 11): null

2018-12-17 15:54:45 - [TEST_STEP][PASSED] - Statement - DayBefore = aDayBefore.toString(): null

2018-12-17 15:54:45 - [TEST_STEP][PASSED] - Statement - OneDayBefore = DayBefore: null

2018-12-17 15:54:45 - [MESSAGE][PASSED] - Call Test Case 'Test Cases/Final Aug 2018 - PKS Automation/Registration Module/New Registration/Form 2/Date Updater' successfully

2018-12-17 15:54:46 - [TEST_STEP][PASSED] - delay: Delayed 1 second(s)

2018-12-17 15:54:47 - [MESSAGE][PASSED] - Delayed 1 second(s)

2018-12-17 15:54:47 - [TEST_STEP][PASSED] - Statement - CaseReferenceNo = com.kms.katalon.core.webui.keyword.WebUiBuiltInKeywords.getText(com.kms.katalon.core.testobject.ObjectRepository.findTestObject(Final Object Repo/New Registration - Registration Module Pages/Form 2/RefNo Acquiring)): Text of object 'Object Repository/Final Object Repo/New Registration - Registration Module Pages/Form 2/RefNo Acquiring' is: 'CRN12201800123368'

2018-12-17 15:54:47 - [MESSAGE][PASSED] - Text of object 'Object Repository/Final Object Repo/New Registration - Registration Module Pages/Form 2/RefNo Acquiring' is: 'CRN12201800123368'

2018-12-17 15:54:47 - [TEST_STEP][PASSED] - delay: Delayed 1 second(s)

2018-12-17 15:54:48 - [MESSAGE][PASSED] - Delayed 1 second(s)

2018-12-17 15:54:48 - [TEST_STEP][PASSED] - click: Object: 'Object Repository/Final Object Repo/New Registration - Registration Module Pages/Form 2/Add Employee Button' is clicked on

2018-12-17 15:54:48 - [MESSAGE][PASSED] - Object: 'Object Repository/Final Object Repo/New Registration - Registration Module Pages/Form 2/Add Employee Button' is clicked on

2018-12-17 15:54:48 - [TEST_STEP][PASSED] - delay: Delayed 1 second(s)

2018-12-17 15:54:49 - [MESSAGE][PASSED] - Delayed 1 second(s)

2018-12-17 15:54:49 - [TEST_STEP][PASSED] - setText: Text '010903091948' is set on object 'Object Repository/Final Object Repo/New Registration - Registration Module Pages/Form 2/NRIC Input'

2018-12-17 15:54:50 - [MESSAGE][PASSED] - Text '010903091948' is set on object 'Object Repository/Final Object Repo/New Registration - Registration Module Pages/Form 2/NRIC Input'

2018-12-17 15:54:50 - [TEST_STEP][PASSED] - delay: Delayed 2 second(s)

2018-12-17 15:54:52 - [MESSAGE][PASSED] - Delayed 2 second(s)

2018-12-17 15:54:52 - [TEST_STEP][PASSED] - setText: Text 'Automate001 eligible 1' is set on object 'Object Repository/Final Object Repo/New Registration - Registration Module Pages/Form 2/Employee Name Input'

2018-12-17 15:54:53 - [MESSAGE][PASSED] - Text 'Automate001 eligible 1' is set on object 'Object Repository/Final Object Repo/New Registration - Registration Module Pages/Form 2/Employee Name Input'

2018-12-17 15:54:53 - [TEST_STEP][PASSED] - delay: Delayed 2 second(s)

2018-12-17 15:54:55 - [MESSAGE][PASSED] - Delayed 2 second(s)

2018-12-17 15:54:55 - [TEST_STEP][PASSED] - click: Object: 'Object Repository/Final Object Repo/New Registration - Registration Module Pages/Form 2/DatePicker Pop Up' is clicked on

2018-12-17 15:54:55 - [MESSAGE][PASSED] - Object: 'Object Repository/Final Object Repo/New Registration - Registration Module Pages/Form 2/DatePicker Pop Up' is clicked on

2018-12-17 15:54:55 - [TEST_STEP][PASSED] - click: Object: 'Object Repository/Final Object Repo/New Registration - Registration Module Pages/Form 2/DOB Month' is clicked on

2018-12-17 15:54:55 - [MESSAGE][PASSED] - Object: 'Object Repository/Final Object Repo/New Registration - Registration Module Pages/Form 2/DOB Month' is clicked on

2018-12-17 15:54:55 - [TEST_STEP][PASSED] - Statement - CurrentMonth = CurrentMonth: null

2018-12-17 15:54:55 - [TEST_STEP][PASSED] - Statement - selectMonth = new com.kms.katalon.core.testobject.TestObject(): null

2018-12-17 15:54:55 - [TEST_STEP][PASSED] - Statement - selectMonth.addProperty("xpath", EQUALS, "//body/div/div/div/select/option[@value='" + CurrentMonth + "']", true): null

2018-12-17 15:54:55 - [TEST_STEP][PASSED] - click: Object: '' is clicked on

2018-12-17 15:54:55 - [MESSAGE][PASSED] - Object: '' is clicked on

2018-12-17 15:54:55 - [TEST_STEP][PASSED] - click: Object: 'Object Repository/Final Object Repo/New Registration - Registration Module Pages/Form 2/DOB Year' is clicked on

2018-12-17 15:54:55 - [MESSAGE][PASSED] - Object: 'Object Repository/Final Object Repo/New Registration - Registration Module Pages/Form 2/DOB Year' is clicked on

2018-12-17 15:54:55 - [TEST_STEP][PASSED] - Statement - Eyearsbf = EighteenYrsBefore: null

2018-12-17 15:54:55 - [TEST_STEP][PASSED] - Statement - selectYear = new com.kms.katalon.core.testobject.TestObject(): null

2018-12-17 15:54:55 - [TEST_STEP][PASSED] - Statement - selectYear.addProperty("xpath", EQUALS, "//div/div/div/select/option[@value='" + Eyearsbf + "']", true): null

2018-12-17 15:54:55 - [TEST_STEP][PASSED] - click: Object: '' is clicked on

2018-12-17 15:54:56 - [MESSAGE][PASSED] - Object: '' is clicked on

2018-12-17 15:54:56 - [TEST_STEP][PASSED] - Statement - UpdatedSelectDate = com.kms.katalon.core.webui.keyword.WebUiBuiltInKeywords.modifyObjectProperty(com.kms.katalon.core.testobject.ObjectRepository.findTestObject(Final Object Repo/New Registration - Registration Module Pages/Form 2/DOB Date), "xpath", "equals", "//body/div/table/tbody/tr/td/a[text()="" + CurrentDate + ""]", true): Modify property of object successfully

2018-12-17 15:54:56 - [MESSAGE][PASSED] - Modify property of object successfully

2018-12-17 15:54:56 - [TEST_STEP][PASSED] - delay: Delayed 3 second(s)

2018-12-17 15:54:59 - [MESSAGE][PASSED] - Delayed 3 second(s)

2018-12-17 15:54:59 - [TEST_STEP][PASSED] - click: Object: 'Object Repository/Final Object Repo/New Registration - Registration Module Pages/Form 2/DOB Date' is clicked on

2018-12-17 15:54:59 - [MESSAGE][PASSED] - Object: 'Object Repository/Final Object Repo/New Registration - Registration Module Pages/Form 2/DOB Date' is clicked on

2018-12-17 15:54:59 - [TEST_STEP][PASSED] - delay: Delayed 2 second(s)

2018-12-17 15:55:01 - [MESSAGE][PASSED] - Delayed 2 second(s)

2018-12-17 15:55:01 - [TEST_STEP][PASSED] - click: Object: 'Object Repository/Final Object Repo/New Registration - Registration Module Pages/Form 2/EmploymentStartDate Pop Up' is clicked on

2018-12-17 15:55:01 - [MESSAGE][PASSED] - Object: 'Object Repository/Final Object Repo/New Registration - Registration Module Pages/Form 2/EmploymentStartDate Pop Up' is clicked on

2018-12-17 15:55:01 - [TEST_STEP][PASSED] - delay: Delayed 2 second(s)

2018-12-17 15:55:03 - [MESSAGE][PASSED] - Delayed 2 second(s)

2018-12-17 15:55:03 - [TEST_STEP][PASSED] - click: Object: 'Object Repository/Final Object Repo/New Registration - Registration Module Pages/Form 2/Socso Employment StartDate Month' is clicked on

2018-12-17 15:55:03 - [MESSAGE][PASSED] - Object: 'Object Repository/Final Object Repo/New Registration - Registration Module Pages/Form 2/Socso Employment StartDate Month' is clicked on

2018-12-17 15:55:03 - [TEST_STEP][PASSED] - delay: Delayed 1 second(s)

2018-12-17 15:55:04 - [MESSAGE][PASSED] - Delayed 1 second(s)

2018-12-17 15:55:04 - [TEST_STEP][PASSED] - click: Object: 'Object Repository/Final Object Repo/New Registration - Registration Module Pages/Form 2/Select Socso Employement Startdate Month' is clicked on

2018-12-17 15:55:04 - [MESSAGE][PASSED] - Object: 'Object Repository/Final Object Repo/New Registration - Registration Module Pages/Form 2/Select Socso Employement Startdate Month' is clicked on

2018-12-17 15:55:04 - [TEST_STEP][PASSED] - delay: Delayed 2 second(s)

2018-12-17 15:55:06 - [MESSAGE][PASSED] - Delayed 2 second(s)

2018-12-17 15:55:06 - [TEST_STEP][PASSED] - click: Object: 'Object Repository/Final Object Repo/New Registration - Registration Module Pages/Form 2/Socso Employment StartDate Year' is clicked on

2018-12-17 15:55:07 - [MESSAGE][PASSED] - Object: 'Object Repository/Final Object Repo/New Registration - Registration Module Pages/Form 2/Socso Employment StartDate Year' is clicked on

2018-12-17 15:55:07 - [TEST_STEP][PASSED] - delay: Delayed 1 second(s)

2018-12-17 15:55:08 - [MESSAGE][PASSED] - Delayed 1 second(s)

2018-12-17 15:55:08 - [TEST_STEP][PASSED] - click: Object: 'Object Repository/Final Object Repo/New Registration - Registration Module Pages/Form 2/Select Socso Employment Startdate Year' is clicked on

2018-12-17 15:55:08 - [MESSAGE][PASSED] - Object: 'Object Repository/Final Object Repo/New Registration - Registration Module Pages/Form 2/Select Socso Employment Startdate Year' is clicked on

2018-12-17 15:55:08 - [TEST_STEP][PASSED] - delay: Delayed 2 second(s)

2018-12-17 15:55:10 - [MESSAGE][PASSED] - Delayed 2 second(s)

2018-12-17 15:55:10 - [TEST_STEP][PASSED] - click: Object: 'Object Repository/Final Object Repo/New Registration - Registration Module Pages/Form 2/Socso Employment Start Date Day' is clicked on

2018-12-17 15:55:10 - [MESSAGE][PASSED] - Object: 'Object Repository/Final Object Repo/New Registration - Registration Module Pages/Form 2/Socso Employment Start Date Day' is clicked on

2018-12-17 15:55:10 - [TEST_STEP][PASSED] - delay: Delayed 2 second(s)

2018-12-17 15:55:12 - [MESSAGE][PASSED] - Delayed 2 second(s)

2018-12-17 15:55:12 - [TEST_STEP][PASSED] - click: Object: 'Object Repository/Final Object Repo/New Registration - Registration Module Pages/Form 2/Save Button for Add Employee' is clicked on

2018-12-17 15:55:12 - [MESSAGE][PASSED] - Object: 'Object Repository/Final Object Repo/New Registration - Registration Module Pages/Form 2/Save Button for Add Employee' is clicked on

2018-12-17 15:55:12 - [TEST_STEP][PASSED] - delay: Delayed 6 second(s)

2018-12-17 15:55:18 - [MESSAGE][PASSED] - Delayed 6 second(s)

2018-12-17 15:55:18 - [TEST_STEP][PASSED] - click: Object: 'Object Repository/Final Object Repo/New Registration - Registration Module Pages/Form 2/Save and Continue Form 2' is clicked on

2018-12-17 15:55:18 - [MESSAGE][PASSED] - Object: 'Object Repository/Final Object Repo/New Registration - Registration Module Pages/Form 2/Save and Continue Form 2' is clicked on

2018-12-17 15:55:18 - [MESSAGE][PASSED] - Call Test Case 'Test Cases/Final Aug 2018 - PKS Automation/Registration Module/New Registration/Form 2/Add 1 Eligible - Employer Account Use' successfully

2018-12-17 15:55:18 - [TEST_STEP][PASSED] - callTestCase: Call Test Case 'Test Cases/Final Aug 2018 - PKS Automation/Registration Module/New Registration/Flow of New Registration/Third Screen - Upload Supporting Doc - Preview' successfully

2018-12-17 15:55:18 - [TEST_CASE][PASSED] - Test Cases/Final Aug 2018 - PKS Automation/Registration Module/New Registration/Flow of New Registration/Third Screen - Upload Supporting Doc - Preview: Test Cases/Final Aug 2018 - PKS Automation/Registration Module/New Registration/Flow of New Registration/Third Screen - Upload Supporting Doc - Preview

2018-12-17 15:55:18 - [TEST_STEP][PASSED] - waitForPageLoad: Wait for page load successfully

2018-12-17 15:55:19 - [MESSAGE][PASSED] - Wait for page load successfully

2018-12-17 15:55:19 - [TEST_STEP][PASSED] - Statement - CaseReferenceNo = com.kms.katalon.core.webui.keyword.WebUiBuiltInKeywords.getText(com.kms.katalon.core.testobject.ObjectRepository.findTestObject(Final Object Repo/New Registration - Registration Module Pages/Third Screen - Upload Supporting Doc- Preview/RefNo Acquiring)): Text of object 'Object Repository/Final Object Repo/New Registration - Registration Module Pages/Third Screen - Upload Supporting Doc- Preview/RefNo Acquiring' is: 'CRN12201800123368'

2018-12-17 15:55:20 - [MESSAGE][PASSED] - Text of object 'Object Repository/Final Object Repo/New Registration - Registration Module Pages/Third Screen - Upload Supporting Doc- Preview/RefNo Acquiring' is: 'CRN12201800123368'

2018-12-17 15:55:20 - [TEST_STEP][PASSED] - delay: Delayed 2 second(s)

2018-12-17 15:55:22 - [MESSAGE][PASSED] - Delayed 2 second(s)

2018-12-17 15:55:22 - [TEST_STEP][PASSED] - callTestCase: Call Test Case 'Test Cases/Final Aug 2018 - PKS Automation/Common/Reference Number Setter' successfully

2018-12-17 15:55:22 - [TEST_CASE][PASSED] - Test Cases/Final Aug 2018 - PKS Automation/Common/Reference Number Setter: Test Cases/Final Aug 2018 - PKS Automation/Common/Reference Number Setter

2018-12-17 15:55:22 - [TEST_STEP][PASSED] - Statement - RefNoOldFile = new java.io.File(C://Users//Admin//Desktop//PKS//Automation Reference Point//KatalonReference.txt): null

2018-12-17 15:55:22 - [TEST_STEP][PASSED] - Statement - RefNoOldFile.delete(): null

2018-12-17 15:55:22 - [TEST_STEP][PASSED] - delay: Delayed 5 second(s)

2018-12-17 15:55:27 - [MESSAGE][PASSED] - Delayed 5 second(s)

2018-12-17 15:55:27 - [TEST_STEP][PASSED] - Statement - RefNo = new java.io.File(C://Users//Admin//Desktop//PKS//Automation Reference Point//KatalonReference.txt): null

2018-12-17 15:55:27 - [TEST_STEP][PASSED] - Statement - f2 = new java.io.FileWriter(RefNo, false): null

2018-12-17 15:55:27 - [TEST_STEP][PASSED] - Statement - f2.write(CaseReferenceNo): null

2018-12-17 15:55:27 - [TEST_STEP][PASSED] - Statement - f2.close(): null

2018-12-17 15:55:27 - [TEST_STEP][PASSED] - Statement - out.println("


" + CaseReferenceNo + "


"): null

2018-12-17 15:55:27 - [MESSAGE][PASSED] - Call Test Case 'Test Cases/Final Aug 2018 - PKS Automation/Common/Reference Number Setter' successfully

2018-12-17 15:55:27 - [TEST_STEP][PASSED] - waitForElementClickable: Object 'Object Repository/Final Object Repo/New Registration - Registration Module Pages/Third Screen - Upload Supporting Doc- Preview/Save n Continue in SIP Employee Listing Page' is clickable

2018-12-17 15:55:27 - [MESSAGE][PASSED] - Object 'Object Repository/Final Object Repo/New Registration - Registration Module Pages/Third Screen - Upload Supporting Doc- Preview/Save n Continue in SIP Employee Listing Page' is clickable

2018-12-17 15:55:27 - [TEST_STEP][PASSED] - click: Object: 'Object Repository/Final Object Repo/New Registration - Registration Module Pages/Third Screen - Upload Supporting Doc- Preview/Save n Continue in SIP Employee Listing Page' is clicked on

2018-12-17 15:55:32 - [MESSAGE][PASSED] - Object: 'Object Repository/Final Object Repo/New Registration - Registration Module Pages/Third Screen - Upload Supporting Doc- Preview/Save n Continue in SIP Employee Listing Page' is clicked on

2018-12-17 15:55:32 - [TEST_STEP][PASSED] - delay: Delayed 7 second(s)

2018-12-17 15:55:39 - [MESSAGE][PASSED] - Delayed 7 second(s)

2018-12-17 15:55:39 - [TEST_STEP][PASSED] - click: Object: 'Object Repository/Final Object Repo/New Registration - Registration Module Pages/Third Screen - Upload Supporting Doc- Preview/Add Document Button' is clicked on

2018-12-17 15:55:39 - [MESSAGE][PASSED] - Object: 'Object Repository/Final Object Repo/New Registration - Registration Module Pages/Third Screen - Upload Supporting Doc- Preview/Add Document Button' is clicked on

2018-12-17 15:55:39 - [TEST_STEP][PASSED] - delay: Delayed 30 second(s)

2018-12-17 15:56:09 - [MESSAGE][PASSED] - Delayed 30 second(s)

2018-12-17 15:56:09 - [TEST_STEP][PASSED] - click: Object: 'Object Repository/Final Object Repo/New Registration - Registration Module Pages/Third Screen - Upload Supporting Doc- Preview/Supporting Doc Please Select Drop Down' is clicked on

2018-12-17 15:56:09 - [MESSAGE][PASSED] - Object: 'Object Repository/Final Object Repo/New Registration - Registration Module Pages/Third Screen - Upload Supporting Doc- Preview/Supporting Doc Please Select Drop Down' is clicked on

2018-12-17 15:56:09 - [TEST_STEP][PASSED] - delay: Delayed 2 second(s)

2018-12-17 15:56:11 - [MESSAGE][PASSED] - Delayed 2 second(s)

2018-12-17 15:56:11 - [TEST_STEP][PASSED] - click: Object: 'Object Repository/Final Object Repo/New Registration - Registration Module Pages/Third Screen - Upload Supporting Doc- Preview/Select to Upload Form 1' is clicked on

2018-12-17 15:56:12 - [MESSAGE][PASSED] - Object: 'Object Repository/Final Object Repo/New Registration - Registration Module Pages/Third Screen - Upload Supporting Doc- Preview/Select to Upload Form 1' is clicked on

2018-12-17 15:56:12 - [TEST_STEP][PASSED] - delay: Delayed 2 second(s)

2018-12-17 15:56:14 - [MESSAGE][PASSED] - Delayed 2 second(s)

2018-12-17 15:56:14 - [TEST_STEP][PASSED] - uploadFile: File 'C:\Users\Public\Pictures\Sample Pictures\Koala.jpg' sent to object: 'Object Repository/Final Object Repo/New Registration - Registration Module Pages/Third Screen - Upload Supporting Doc- Preview/Upload File Adding'

2018-12-17 15:56:14 - [MESSAGE][PASSED] - File 'C:\Users\Public\Pictures\Sample Pictures\Koala.jpg' sent to object: 'Object Repository/Final Object Repo/New Registration - Registration Module Pages/Third Screen - Upload Supporting Doc- Preview/Upload File Adding'

2018-12-17 15:56:14 - [TEST_STEP][PASSED] - delay: Delayed 5 second(s)

2018-12-17 15:56:19 - [MESSAGE][PASSED] - Delayed 5 second(s)

2018-12-17 15:56:19 - [TEST_STEP][PASSED] - click: Object: 'Object Repository/Final Object Repo/New Registration - Registration Module Pages/Third Screen - Upload Supporting Doc- Preview/Inner Form Add Document Button' is clicked on

2018-12-17 15:56:19 - [MESSAGE][PASSED] - Object: 'Object Repository/Final Object Repo/New Registration - Registration Module Pages/Third Screen - Upload Supporting Doc- Preview/Inner Form Add Document Button' is clicked on

2018-12-17 15:56:19 - [TEST_STEP][PASSED] - delay: Delayed 3 second(s)

2018-12-17 15:56:22 - [MESSAGE][PASSED] - Delayed 3 second(s)

2018-12-17 15:56:22 - [TEST_STEP][PASSED] - click: Object: 'Object Repository/Final Object Repo/New Registration - Registration Module Pages/Third Screen - Upload Supporting Doc- Preview/Add Document Button' is clicked on

2018-12-17 15:56:23 - [MESSAGE][PASSED] - Object: 'Object Repository/Final Object Repo/New Registration - Registration Module Pages/Third Screen - Upload Supporting Doc- Preview/Add Document Button' is clicked on

2018-12-17 15:56:23 - [TEST_STEP][PASSED] - delay: Delayed 30 second(s)

2018-12-17 15:56:53 - [MESSAGE][PASSED] - Delayed 30 second(s)

2018-12-17 15:56:53 - [TEST_STEP][PASSED] - click: Object: 'Object Repository/Final Object Repo/New Registration - Registration Module Pages/Third Screen - Upload Supporting Doc- Preview/Supporting Doc Please Select Drop Down' is clicked on

2018-12-17 15:56:54 - [MESSAGE][PASSED] - Object: 'Object Repository/Final Object Repo/New Registration - Registration Module Pages/Third Screen - Upload Supporting Doc- Preview/Supporting Doc Please Select Drop Down' is clicked on

2018-12-17 15:56:54 - [TEST_STEP][PASSED] - delay: Delayed 4 second(s)

2018-12-17 15:56:58 - [MESSAGE][PASSED] - Delayed 4 second(s)

2018-12-17 15:56:58 - [TEST_STEP][PASSED] - click: Object: 'Object Repository/Final Object Repo/New Registration - Registration Module Pages/Third Screen - Upload Supporting Doc- Preview/Select to Upload Form 2' is clicked on

2018-12-17 15:56:58 - [MESSAGE][PASSED] - Object: 'Object Repository/Final Object Repo/New Registration - Registration Module Pages/Third Screen - Upload Supporting Doc- Preview/Select to Upload Form 2' is clicked on

2018-12-17 15:56:58 - [TEST_STEP][PASSED] - delay: Delayed 2 second(s)

2018-12-17 15:57:00 - [MESSAGE][PASSED] - Delayed 2 second(s)

2018-12-17 15:57:00 - [TEST_STEP][PASSED] - uploadFile: File 'C:\Users\Public\Pictures\Sample Pictures\Koala.jpg' sent to object: 'Object Repository/Final Object Repo/New Registration - Registration Module Pages/Third Screen - Upload Supporting Doc- Preview/Upload File Adding'

2018-12-17 15:57:00 - [MESSAGE][PASSED] - File 'C:\Users\Public\Pictures\Sample Pictures\Koala.jpg' sent to object: 'Object Repository/Final Object Repo/New Registration - Registration Module Pages/Third Screen - Upload Supporting Doc- Preview/Upload File Adding'

2018-12-17 15:57:00 - [TEST_STEP][PASSED] - click: Object: 'Object Repository/Final Object Repo/New Registration - Registration Module Pages/Third Screen - Upload Supporting Doc- Preview/Inner Form Add Document Button' is clicked on

2018-12-17 15:57:00 - [MESSAGE][PASSED] - Object: 'Object Repository/Final Object Repo/New Registration - Registration Module Pages/Third Screen - Upload Supporting Doc- Preview/Inner Form Add Document Button' is clicked on

2018-12-17 15:57:00 - [TEST_STEP][PASSED] - delay: Delayed 5 second(s)

2018-12-17 15:57:05 - [MESSAGE][PASSED] - Delayed 5 second(s)

2018-12-17 15:57:05 - [TEST_STEP][PASSED] - click: Object: 'Object Repository/Final Object Repo/New Registration - Registration Module Pages/Third Screen - Upload Supporting Doc- Preview/Add Document Button' is clicked on

2018-12-17 15:57:05 - [MESSAGE][PASSED] - Object: 'Object Repository/Final Object Repo/New Registration - Registration Module Pages/Third Screen - Upload Supporting Doc- Preview/Add Document Button' is clicked on

2018-12-17 15:57:05 - [TEST_STEP][PASSED] - delay: Delayed 30 second(s)

2018-12-17 15:57:35 - [MESSAGE][PASSED] - Delayed 30 second(s)

2018-12-17 15:57:35 - [TEST_STEP][PASSED] - click: Object: 'Object Repository/Final Object Repo/New Registration - Registration Module Pages/Third Screen - Upload Supporting Doc- Preview/Supporting Doc Please Select Drop Down' is clicked on

2018-12-17 15:57:36 - [MESSAGE][PASSED] - Object: 'Object Repository/Final Object Repo/New Registration - Registration Module Pages/Third Screen - Upload Supporting Doc- Preview/Supporting Doc Please Select Drop Down' is clicked on

2018-12-17 15:57:36 - [TEST_STEP][PASSED] - click: Object: 'Object Repository/Final Object Repo/New Registration - Registration Module Pages/Third Screen - Upload Supporting Doc- Preview/Select to Upload Borang SIP 1' is clicked on

2018-12-17 15:57:36 - [MESSAGE][PASSED] - Object: 'Object Repository/Final Object Repo/New Registration - Registration Module Pages/Third Screen - Upload Supporting Doc- Preview/Select to Upload Borang SIP 1' is clicked on

2018-12-17 15:57:36 - [TEST_STEP][PASSED] - delay: Delayed 2 second(s)

2018-12-17 15:57:38 - [MESSAGE][PASSED] - Delayed 2 second(s)

2018-12-17 15:57:38 - [TEST_STEP][PASSED] - uploadFile: File 'C:\Users\Public\Pictures\Sample Pictures\Koala.jpg' sent to object: 'Object Repository/Final Object Repo/New Registration - Registration Module Pages/Third Screen - Upload Supporting Doc- Preview/Upload File Adding'

2018-12-17 15:57:38 - [MESSAGE][PASSED] - File 'C:\Users\Public\Pictures\Sample Pictures\Koala.jpg' sent to object: 'Object Repository/Final Object Repo/New Registration - Registration Module Pages/Third Screen - Upload Supporting Doc- Preview/Upload File Adding'

2018-12-17 15:57:38 - [TEST_STEP][PASSED] - click: Object: 'Object Repository/Final Object Repo/New Registration - Registration Module Pages/Third Screen - Upload Supporting Doc- Preview/Inner Form Add Document Button' is clicked on

2018-12-17 15:57:38 - [MESSAGE][PASSED] - Object: 'Object Repository/Final Object Repo/New Registration - Registration Module Pages/Third Screen - Upload Supporting Doc- Preview/Inner Form Add Document Button' is clicked on

2018-12-17 15:57:38 - [TEST_STEP][PASSED] - delay: Delayed 5 second(s)

2018-12-17 15:57:43 - [MESSAGE][PASSED] - Delayed 5 second(s)

2018-12-17 15:57:43 - [TEST_STEP][PASSED] - click: Object: 'Object Repository/Final Object Repo/New Registration - Registration Module Pages/Third Screen - Upload Supporting Doc- Preview/Add Document Button' is clicked on

2018-12-17 15:57:43 - [MESSAGE][PASSED] - Object: 'Object Repository/Final Object Repo/New Registration - Registration Module Pages/Third Screen - Upload Supporting Doc- Preview/Add Document Button' is clicked on

2018-12-17 15:57:43 - [TEST_STEP][PASSED] - delay: Delayed 30 second(s)

2018-12-17 15:58:13 - [MESSAGE][PASSED] - Delayed 30 second(s)

2018-12-17 15:58:13 - [TEST_STEP][PASSED] - click: Object: 'Object Repository/Final Object Repo/New Registration - Registration Module Pages/Third Screen - Upload Supporting Doc- Preview/Supporting Doc Please Select Drop Down' is clicked on

2018-12-17 15:58:14 - [MESSAGE][PASSED] - Object: 'Object Repository/Final Object Repo/New Registration - Registration Module Pages/Third Screen - Upload Supporting Doc- Preview/Supporting Doc Please Select Drop Down' is clicked on

2018-12-17 15:58:14 - [TEST_STEP][PASSED] - delay: Delayed 3 second(s)

2018-12-17 15:58:17 - [MESSAGE][PASSED] - Delayed 3 second(s)

2018-12-17 15:58:17 - [TEST_STEP][PASSED] - click: Object: 'Object Repository/Final Object Repo/New Registration - Registration Module Pages/Third Screen - Upload Supporting Doc- Preview/Select to Upload Borang SIP 2' is clicked on

2018-12-17 15:58:17 - [MESSAGE][PASSED] - Object: 'Object Repository/Final Object Repo/New Registration - Registration Module Pages/Third Screen - Upload Supporting Doc- Preview/Select to Upload Borang SIP 2' is clicked on

2018-12-17 15:58:17 - [TEST_STEP][PASSED] - delay: Delayed 2 second(s)

2018-12-17 15:58:19 - [MESSAGE][PASSED] - Delayed 2 second(s)

2018-12-17 15:58:19 - [TEST_STEP][PASSED] - uploadFile: File 'C:\Users\Public\Pictures\Sample Pictures\Koala.jpg' sent to object: 'Object Repository/Final Object Repo/New Registration - Registration Module Pages/Third Screen - Upload Supporting Doc- Preview/Upload File Adding'

2018-12-17 15:58:19 - [MESSAGE][PASSED] - File 'C:\Users\Public\Pictures\Sample Pictures\Koala.jpg' sent to object: 'Object Repository/Final Object Repo/New Registration - Registration Module Pages/Third Screen - Upload Supporting Doc- Preview/Upload File Adding'

2018-12-17 15:58:19 - [TEST_STEP][PASSED] - delay: Delayed 5 second(s)

2018-12-17 15:58:24 - [MESSAGE][PASSED] - Delayed 5 second(s)

2018-12-17 15:58:24 - [TEST_STEP][PASSED] - click: Object: 'Object Repository/Final Object Repo/New Registration - Registration Module Pages/Third Screen - Upload Supporting Doc- Preview/Inner Form Add Document Button' is clicked on

2018-12-17 15:58:24 - [MESSAGE][PASSED] - Object: 'Object Repository/Final Object Repo/New Registration - Registration Module Pages/Third Screen - Upload Supporting Doc- Preview/Inner Form Add Document Button' is clicked on

2018-12-17 15:58:24 - [TEST_STEP][PASSED] - delay: Delayed 3 second(s)

2018-12-17 15:58:27 - [MESSAGE][PASSED] - Delayed 3 second(s)

2018-12-17 15:58:27 - [TEST_STEP][PASSED] - waitForElementClickable: Object 'Object Repository/Final Object Repo/New Registration - Registration Module Pages/Third Screen - Upload Supporting Doc- Preview/Save n Continue in Uploading Supporting Doc Page' is clickable

2018-12-17 15:58:28 - [MESSAGE][PASSED] - Object 'Object Repository/Final Object Repo/New Registration - Registration Module Pages/Third Screen - Upload Supporting Doc- Preview/Save n Continue in Uploading Supporting Doc Page' is clickable

2018-12-17 15:58:28 - [TEST_STEP][PASSED] - click: Object: 'Object Repository/Final Object Repo/New Registration - Registration Module Pages/Third Screen - Upload Supporting Doc- Preview/Save n Continue in Uploading Supporting Doc Page' is clicked on

2018-12-17 15:58:28 - [MESSAGE][PASSED] - Object: 'Object Repository/Final Object Repo/New Registration - Registration Module Pages/Third Screen - Upload Supporting Doc- Preview/Save n Continue in Uploading Supporting Doc Page' is clicked on

2018-12-17 15:58:28 - [MESSAGE][PASSED] - Call Test Case 'Test Cases/Final Aug 2018 - PKS Automation/Registration Module/New Registration/Flow of New Registration/Third Screen - Upload Supporting Doc - Preview' successfully

2018-12-17 15:58:28 - [TEST_STEP][PASSED] - setText: Text 'Tester' is set on object 'Object Repository/Final Object Repo/New Registration - Registration Module Pages/New Reg - OTC to RO/Special Case - All Related Objects/Employer Preview Name'

2018-12-17 15:58:33 - [MESSAGE][PASSED] - Text 'Tester' is set on object 'Object Repository/Final Object Repo/New Registration - Registration Module Pages/New Reg - OTC to RO/Special Case - All Related Objects/Employer Preview Name'

2018-12-17 15:58:33 - [TEST_STEP][PASSED] - click: Object: 'Object Repository/Final Object Repo/New Registration - Registration Module Pages/New Reg - OTC to RO/Special Case - All Related Objects/IC Type Drop Down' is clicked on

2018-12-17 15:58:34 - [MESSAGE][PASSED] - Object: 'Object Repository/Final Object Repo/New Registration - Registration Module Pages/New Reg - OTC to RO/Special Case - All Related Objects/IC Type Drop Down' is clicked on

2018-12-17 15:58:34 - [TEST_STEP][PASSED] - click: Object: 'Object Repository/Final Object Repo/New Registration - Registration Module Pages/New Reg - OTC to RO/Special Case - All Related Objects/Select to NRIC' is clicked on

2018-12-17 15:58:34 - [MESSAGE][PASSED] - Object: 'Object Repository/Final Object Repo/New Registration - Registration Module Pages/New Reg - OTC to RO/Special Case - All Related Objects/Select to NRIC' is clicked on

2018-12-17 15:58:34 - [TEST_STEP][PASSED] - setText: Text '133245561223' is set on object 'Object Repository/Final Object Repo/New Registration - Registration Module Pages/New Reg - OTC to RO/Special Case - All Related Objects/IC Value'

2018-12-17 15:58:34 - [MESSAGE][PASSED] - Text '133245561223' is set on object 'Object Repository/Final Object Repo/New Registration - Registration Module Pages/New Reg - OTC to RO/Special Case - All Related Objects/IC Value'

2018-12-17 15:58:34 - [TEST_STEP][PASSED] - setText: Text 'Auto' is set on object 'Object Repository/Final Object Repo/New Registration - Registration Module Pages/New Reg - OTC to RO/Special Case - All Related Objects/Designation'

2018-12-17 15:58:34 - [MESSAGE][PASSED] - Text 'Auto' is set on object 'Object Repository/Final Object Repo/New Registration - Registration Module Pages/New Reg - OTC to RO/Special Case - All Related Objects/Designation'

2018-12-17 15:58:34 - [TEST_STEP][PASSED] - callTestCase: Call Test Case 'Test Cases/Final Aug 2018 - PKS Automation/Registration Module/New Registration/Submit and Screenshot/Submit Registration and Screenshot - Copy' successfully

2018-12-17 15:58:34 - [TEST_CASE][PASSED] - Test Cases/Final Aug 2018 - PKS Automation/Registration Module/New Registration/Submit and Screenshot/Submit Registration and Screenshot - Copy: Test Cases/Final Aug 2018 - PKS Automation/Registration Module/New Registration/Submit and Screenshot/Submit Registration and Screenshot - Copy

2018-12-17 15:58:34 - [TEST_STEP][PASSED] - delay: Delayed 6 second(s)

2018-12-17 15:58:40 - [MESSAGE][PASSED] - Delayed 6 second(s)

2018-12-17 15:58:40 - [TEST_STEP][PASSED] - click: Object: 'Object Repository/Final Object Repo/New Registration - Registration Module Pages/Third Screen - Upload Supporting Doc- Preview/Preview Submit Button' is clicked on

2018-12-17 15:58:41 - [MESSAGE][PASSED] - Object: 'Object Repository/Final Object Repo/New Registration - Registration Module Pages/Third Screen - Upload Supporting Doc- Preview/Preview Submit Button' is clicked on

2018-12-17 15:58:41 - [TEST_STEP][PASSED] - delay: Delayed 2 second(s)

2018-12-17 15:58:43 - [MESSAGE][PASSED] - Delayed 2 second(s)

2018-12-17 15:58:43 - [TEST_STEP][PASSED] - click: Object: 'Object Repository/Final Object Repo/New Registration - Registration Module Pages/Third Screen - Upload Supporting Doc- Preview/Preview Submit - Confirm' is clicked on

2018-12-17 15:58:43 - [MESSAGE][PASSED] - Object: 'Object Repository/Final Object Repo/New Registration - Registration Module Pages/Third Screen - Upload Supporting Doc- Preview/Preview Submit - Confirm' is clicked on

2018-12-17 15:58:43 - [TEST_STEP][PASSED] - delay: Delayed 15 second(s)

2018-12-17 15:58:58 - [MESSAGE][PASSED] - Delayed 15 second(s)

2018-12-17 15:58:58 - [TEST_STEP][PASSED] - Statement - driver = com.kms.katalon.core.webui.driver.DriverFactory.getWebDriver(): null

2018-12-17 15:58:58 - [TEST_STEP][PASSED] - Statement - driver.manage().timeouts().implicitlyWait(10, SECONDS): null

2018-12-17 15:58:58 - [TEST_STEP][PASSED] - Statement - PresavePath = KatalonScreenshots: null

2018-12-17 15:58:58 - [TEST_STEP][PASSED] - Statement - pathPrefix = "C:\Users\Public\Pictures\Sample Pictures\Katalon Screenshots\Automate Ending Screen": null

2018-12-17 15:58:58 - [TEST_STEP][PASSED] - Statement - finalPath = <not implemented yet for class: org.codehaus.groovy.ast.expr.EmptyExpression>: null

2018-12-17 15:58:58 - [TEST_STEP][PASSED] - Statement - scrFile = driver.getScreenshotAs(FILE): null

2018-12-17 15:58:58 - [TEST_STEP][PASSED] - Statement - PreSaveFile = new java.io.File(PresavePath): null

2018-12-17 15:58:58 - [TEST_STEP][PASSED] - Statement - counter = 0: null

2018-12-17 15:58:58 - [TEST_STEP][PASSED] - Statement - If (PreSaveFile.exists()): null

2018-12-17 15:58:58 - [TEST_STEP][PASSED] - Statement - While (PreSaveFile.exists()): null

2018-12-17 15:58:58 - [TEST_STEP][PASSED] - Statement - counter = counter + 1: null

2018-12-17 15:58:58 - [TEST_STEP][PASSED] - Statement - PreSaveFile = new java.io.File(((pathPrefix + java.lang.Integer.toString(counter)) + .png)): null

2018-12-17 15:58:58 - [TEST_STEP][PASSED] - Statement - counter = counter + 1: null

2018-12-17 15:58:58 - [TEST_STEP][PASSED] - Statement - PreSaveFile = new java.io.File(((pathPrefix + java.lang.Integer.toString(counter)) + .png)): null

2018-12-17 15:58:58 - [TEST_STEP][PASSED] - Statement - counter = counter + 1: null

2018-12-17 15:58:58 - [TEST_STEP][PASSED] - Statement - PreSaveFile = new java.io.File(((pathPrefix + java.lang.Integer.toString(counter)) + .png)): null

2018-12-17 15:58:58 - [TEST_STEP][PASSED] - Statement - counter = counter + 1: null

2018-12-17 15:58:58 - [TEST_STEP][PASSED] - Statement - PreSaveFile = new java.io.File(((pathPrefix + java.lang.Integer.toString(counter)) + .png)): null

2018-12-17 15:58:58 - [TEST_STEP][PASSED] - Statement - counter = counter + 1: null

2018-12-17 15:58:58 - [TEST_STEP][PASSED] - Statement - PreSaveFile = new java.io.File(((pathPrefix + java.lang.Integer.toString(counter)) + .png)): null

2018-12-17 15:58:58 - [TEST_STEP][PASSED] - Statement - counter = counter + 1: null

2018-12-17 15:58:58 - [TEST_STEP][PASSED] - Statement - PreSaveFile = new java.io.File(((pathPrefix + java.lang.Integer.toString(counter)) + .png)): null

2018-12-17 15:58:58 - [TEST_STEP][PASSED] - Statement - counter = counter + 1: null

2018-12-17 15:58:58 - [TEST_STEP][PASSED] - Statement - PreSaveFile = new java.io.File(((pathPrefix + java.lang.Integer.toString(counter)) + .png)): null

2018-12-17 15:58:58 - [TEST_STEP][PASSED] - Statement - counter = counter + 1: null

2018-12-17 15:58:58 - [TEST_STEP][PASSED] - Statement - PreSaveFile = new java.io.File(((pathPrefix + java.lang.Integer.toString(counter)) + .png)): null

2018-12-17 15:58:58 - [TEST_STEP][PASSED] - Statement - counter = counter + 1: null

2018-12-17 15:58:58 - [TEST_STEP][PASSED] - Statement - PreSaveFile = new java.io.File(((pathPrefix + java.lang.Integer.toString(counter)) + .png)): null

2018-12-17 15:58:58 - [TEST_STEP][PASSED] - Statement - counter = counter + 1: null

2018-12-17 15:58:58 - [TEST_STEP][PASSED] - Statement - PreSaveFile = new java.io.File(((pathPrefix + java.lang.Integer.toString(counter)) + .png)): null

2018-12-17 15:58:59 - [TEST_STEP][PASSED] - Statement - counter = counter + 1: null

2018-12-17 15:58:59 - [TEST_STEP][PASSED] - Statement - PreSaveFile = new java.io.File(((pathPrefix + java.lang.Integer.toString(counter)) + .png)): null

2018-12-17 15:58:59 - [TEST_STEP][PASSED] - Statement - counter = counter + 1: null

2018-12-17 15:58:59 - [TEST_STEP][PASSED] - Statement - PreSaveFile = new java.io.File(((pathPrefix + java.lang.Integer.toString(counter)) + .png)): null

2018-12-17 15:58:59 - [TEST_STEP][PASSED] - Statement - counter = counter + 1: null

2018-12-17 15:58:59 - [TEST_STEP][PASSED] - Statement - PreSaveFile = new java.io.File(((pathPrefix + java.lang.Integer.toString(counter)) + .png)): null

2018-12-17 15:58:59 - [TEST_STEP][PASSED] - Statement - counter = counter + 1: null

2018-12-17 15:58:59 - [TEST_STEP][PASSED] - Statement - PreSaveFile = new java.io.File(((pathPrefix + java.lang.Integer.toString(counter)) + .png)): null

2018-12-17 15:58:59 - [TEST_STEP][PASSED] - Statement - counter = counter + 1: null

2018-12-17 15:58:59 - [TEST_STEP][PASSED] - Statement - PreSaveFile = new java.io.File(((pathPrefix + java.lang.Integer.toString(counter)) + .png)): null

2018-12-17 15:58:59 - [TEST_STEP][PASSED] - Statement - counter = counter + 1: null

2018-12-17 15:58:59 - [TEST_STEP][PASSED] - Statement - PreSaveFile = new java.io.File(((pathPrefix + java.lang.Integer.toString(counter)) + .png)): null

2018-12-17 15:58:59 - [TEST_STEP][PASSED] - Statement - counter = counter + 1: null

2018-12-17 15:58:59 - [TEST_STEP][PASSED] - Statement - PreSaveFile = new java.io.File(((pathPrefix + java.lang.Integer.toString(counter)) + .png)): null

2018-12-17 15:58:59 - [TEST_STEP][PASSED] - Statement - counter = counter + 1: null

2018-12-17 15:58:59 - [TEST_STEP][PASSED] - Statement - PreSaveFile = new java.io.File(((pathPrefix + java.lang.Integer.toString(counter)) + .png)): null

2018-12-17 15:58:59 - [TEST_STEP][PASSED] - Statement - counter = counter + 1: null

2018-12-17 15:58:59 - [TEST_STEP][PASSED] - Statement - PreSaveFile = new java.io.File(((pathPrefix + java.lang.Integer.toString(counter)) + .png)): null

2018-12-17 15:58:59 - [TEST_STEP][PASSED] - Statement - counter = counter + 1: null

2018-12-17 15:58:59 - [TEST_STEP][PASSED] - Statement - PreSaveFile = new java.io.File(((pathPrefix + java.lang.Integer.toString(counter)) + .png)): null

2018-12-17 15:58:59 - [TEST_STEP][PASSED] - Statement - counter = counter + 1: null

2018-12-17 15:58:59 - [TEST_STEP][PASSED] - Statement - PreSaveFile = new java.io.File(((pathPrefix + java.lang.Integer.toString(counter)) + .png)): null

2018-12-17 15:58:59 - [TEST_STEP][PASSED] - Statement - counter = counter + 1: null

2018-12-17 15:58:59 - [TEST_STEP][PASSED] - Statement - PreSaveFile = new java.io.File(((pathPrefix + java.lang.Integer.toString(counter)) + .png)): null

2018-12-17 15:58:59 - [TEST_STEP][PASSED] - Statement - counter = counter + 1: null

2018-12-17 15:58:59 - [TEST_STEP][PASSED] - Statement - PreSaveFile = new java.io.File(((pathPrefix + java.lang.Integer.toString(counter)) + .png)): null

2018-12-17 15:58:59 - [TEST_STEP][PASSED] - Statement - counter = counter + 1: null

2018-12-17 15:58:59 - [TEST_STEP][PASSED] - Statement - PreSaveFile = new java.io.File(((pathPrefix + java.lang.Integer.toString(counter)) + .png)): null

2018-12-17 15:58:59 - [TEST_STEP][PASSED] - Statement - counter = counter + 1: null

2018-12-17 15:58:59 - [TEST_STEP][PASSED] - Statement - PreSaveFile = new java.io.File(((pathPrefix + java.lang.Integer.toString(counter)) + .png)): null

2018-12-17 15:58:59 - [TEST_STEP][PASSED] - Statement - counter = counter + 1: null

2018-12-17 15:58:59 - [TEST_STEP][PASSED] - Statement - PreSaveFile = new java.io.File(((pathPrefix + java.lang.Integer.toString(counter)) + .png)): null

2018-12-17 15:58:59 - [TEST_STEP][PASSED] - Statement - counter = counter + 1: null

2018-12-17 15:58:59 - [TEST_STEP][PASSED] - Statement - PreSaveFile = new java.io.File(((pathPrefix + java.lang.Integer.toString(counter)) + .png)): null

2018-12-17 15:58:59 - [TEST_STEP][PASSED] - Statement - counter = counter + 1: null

2018-12-17 15:58:59 - [TEST_STEP][PASSED] - Statement - PreSaveFile = new java.io.File(((pathPrefix + java.lang.Integer.toString(counter)) + .png)): null

2018-12-17 15:58:59 - [TEST_STEP][PASSED] - Statement - counter = counter + 1: null

2018-12-17 15:58:59 - [TEST_STEP][PASSED] - Statement - PreSaveFile = new java.io.File(((pathPrefix + java.lang.Integer.toString(counter)) + .png)): null

2018-12-17 15:58:59 - [TEST_STEP][PASSED] - Statement - counter = counter + 1: null

2018-12-17 15:58:59 - [TEST_STEP][PASSED] - Statement - PreSaveFile = new java.io.File(((pathPrefix + java.lang.Integer.toString(counter)) + .png)): null

2018-12-17 15:58:59 - [TEST_STEP][PASSED] - Statement - counter = counter + 1: null

2018-12-17 15:58:59 - [TEST_STEP][PASSED] - Statement - PreSaveFile = new java.io.File(((pathPrefix + java.lang.Integer.toString(counter)) + .png)): null

2018-12-17 15:58:59 - [TEST_STEP][PASSED] - Statement - counter = counter + 1: null

2018-12-17 15:58:59 - [TEST_STEP][PASSED] - Statement - PreSaveFile = new java.io.File(((pathPrefix + java.lang.Integer.toString(counter)) + .png)): null

2018-12-17 15:58:59 - [TEST_STEP][PASSED] - Statement - counter = counter + 1: null

2018-12-17 15:58:59 - [TEST_STEP][PASSED] - Statement - PreSaveFile = new java.io.File(((pathPrefix + java.lang.Integer.toString(counter)) + .png)): null

2018-12-17 15:58:59 - [TEST_STEP][PASSED] - Statement - counter = counter + 1: null

2018-12-17 15:58:59 - [TEST_STEP][PASSED] - Statement - PreSaveFile = new java.io.File(((pathPrefix + java.lang.Integer.toString(counter)) + .png)): null

2018-12-17 15:59:00 - [TEST_STEP][PASSED] - Statement - counter = counter + 1: null

2018-12-17 15:59:00 - [TEST_STEP][PASSED] - Statement - PreSaveFile = new java.io.File(((pathPrefix + java.lang.Integer.toString(counter)) + .png)): null

2018-12-17 15:59:00 - [TEST_STEP][PASSED] - Statement - counter = counter + 1: null

2018-12-17 15:59:00 - [TEST_STEP][PASSED] - Statement - PreSaveFile = new java.io.File(((pathPrefix + java.lang.Integer.toString(counter)) + .png)): null

2018-12-17 15:59:00 - [TEST_STEP][PASSED] - Statement - counter = counter + 1: null

2018-12-17 15:59:00 - [TEST_STEP][PASSED] - Statement - PreSaveFile = new java.io.File(((pathPrefix + java.lang.Integer.toString(counter)) + .png)): null

2018-12-17 15:59:00 - [TEST_STEP][PASSED] - Statement - counter = counter + 1: null

2018-12-17 15:59:00 - [TEST_STEP][PASSED] - Statement - PreSaveFile = new java.io.File(((pathPrefix + java.lang.Integer.toString(counter)) + .png)): null

2018-12-17 15:59:00 - [TEST_STEP][PASSED] - Statement - counter = counter + 1: null

2018-12-17 15:59:00 - [TEST_STEP][PASSED] - Statement - PreSaveFile = new java.io.File(((pathPrefix + java.lang.Integer.toString(counter)) + .png)): null

2018-12-17 15:59:00 - [TEST_STEP][PASSED] - Statement - counter = counter + 1: null

2018-12-17 15:59:00 - [TEST_STEP][PASSED] - Statement - PreSaveFile = new java.io.File(((pathPrefix + java.lang.Integer.toString(counter)) + .png)): null

2018-12-17 15:59:00 - [TEST_STEP][PASSED] - Statement - counter = counter + 1: null

2018-12-17 15:59:00 - [TEST_STEP][PASSED] - Statement - PreSaveFile = new java.io.File(((pathPrefix + java.lang.Integer.toString(counter)) + .png)): null

2018-12-17 15:59:00 - [TEST_STEP][PASSED] - Statement - counter = counter + 1: null

2018-12-17 15:59:00 - [TEST_STEP][PASSED] - Statement - PreSaveFile = new java.io.File(((pathPrefix + java.lang.Integer.toString(counter)) + .png)): null

2018-12-17 15:59:00 - [TEST_STEP][PASSED] - Statement - counter = counter + 1: null

2018-12-17 15:59:00 - [TEST_STEP][PASSED] - Statement - PreSaveFile = new java.io.File(((pathPrefix + java.lang.Integer.toString(counter)) + .png)): null

2018-12-17 15:59:00 - [TEST_STEP][PASSED] - Statement - counter = counter + 1: null

2018-12-17 15:59:00 - [TEST_STEP][PASSED] - Statement - PreSaveFile = new java.io.File(((pathPrefix + java.lang.Integer.toString(counter)) + .png)): null

2018-12-17 15:59:00 - [TEST_STEP][PASSED] - Statement - counter = counter + 1: null

2018-12-17 15:59:00 - [TEST_STEP][PASSED] - Statement - PreSaveFile = new java.io.File(((pathPrefix + java.lang.Integer.toString(counter)) + .png)): null

2018-12-17 15:59:00 - [TEST_STEP][PASSED] - Statement - counter = counter + 1: null

2018-12-17 15:59:00 - [TEST_STEP][PASSED] - Statement - PreSaveFile = new java.io.File(((pathPrefix + java.lang.Integer.toString(counter)) + .png)): null

2018-12-17 15:59:00 - [TEST_STEP][PASSED] - Statement - counter = counter + 1: null

2018-12-17 15:59:00 - [TEST_STEP][PASSED] - Statement - PreSaveFile = new java.io.File(((pathPrefix + java.lang.Integer.toString(counter)) + .png)): null

2018-12-17 15:59:00 - [TEST_STEP][PASSED] - Statement - counter = counter + 1: null

2018-12-17 15:59:00 - [TEST_STEP][PASSED] - Statement - PreSaveFile = new java.io.File(((pathPrefix + java.lang.Integer.toString(counter)) + .png)): null

2018-12-17 15:59:00 - [TEST_STEP][PASSED] - Statement - counter = counter + 1: null

2018-12-17 15:59:01 - [TEST_STEP][PASSED] - Statement - PreSaveFile = new java.io.File(((pathPrefix + java.lang.Integer.toString(counter)) + .png)): null

2018-12-17 15:59:01 - [TEST_STEP][PASSED] - Statement - counter = counter + 1: null

2018-12-17 15:59:01 - [TEST_STEP][PASSED] - Statement - PreSaveFile = new java.io.File(((pathPrefix + java.lang.Integer.toString(counter)) + .png)): null

2018-12-17 15:59:01 - [TEST_STEP][PASSED] - Statement - counter = counter + 1: null

2018-12-17 15:59:01 - [TEST_STEP][PASSED] - Statement - PreSaveFile = new java.io.File(((pathPrefix + java.lang.Integer.toString(counter)) + .png)): null

2018-12-17 15:59:01 - [TEST_STEP][PASSED] - Statement - counter = counter + 1: null

2018-12-17 15:59:01 - [TEST_STEP][PASSED] - Statement - PreSaveFile = new java.io.File(((pathPrefix + java.lang.Integer.toString(counter)) + .png)): null

2018-12-17 15:59:01 - [TEST_STEP][PASSED] - Statement - counter = counter + 1: null

2018-12-17 15:59:01 - [TEST_STEP][PASSED] - Statement - PreSaveFile = new java.io.File(((pathPrefix + java.lang.Integer.toString(counter)) + .png)): null

2018-12-17 15:59:01 - [TEST_STEP][PASSED] - Statement - counter = counter + 1: null

2018-12-17 15:59:01 - [TEST_STEP][PASSED] - Statement - PreSaveFile = new java.io.File(((pathPrefix + java.lang.Integer.toString(counter)) + .png)): null

2018-12-17 15:59:01 - [TEST_STEP][PASSED] - Statement - counter = counter + 1: null

2018-12-17 15:59:01 - [TEST_STEP][PASSED] - Statement - PreSaveFile = new java.io.File(((pathPrefix + java.lang.Integer.toString(counter)) + .png)): null

2018-12-17 15:59:01 - [TEST_STEP][PASSED] - Statement - counter = counter + 1: null

2018-12-17 15:59:01 - [TEST_STEP][PASSED] - Statement - PreSaveFile = new java.io.File(((pathPrefix + java.lang.Integer.toString(counter)) + .png)): null

2018-12-17 15:59:01 - [TEST_STEP][PASSED] - Statement - counter = counter + 1: null

2018-12-17 15:59:01 - [TEST_STEP][PASSED] - Statement - PreSaveFile = new java.io.File(((pathPrefix + java.lang.Integer.toString(counter)) + .png)): null

2018-12-17 15:59:01 - [TEST_STEP][PASSED] - Statement - counter = counter + 1: null

2018-12-17 15:59:01 - [TEST_STEP][PASSED] - Statement - PreSaveFile = new java.io.File(((pathPrefix + java.lang.Integer.toString(counter)) + .png)): null

2018-12-17 15:59:01 - [TEST_STEP][PASSED] - Statement - counter = counter + 1: null

2018-12-17 15:59:01 - [TEST_STEP][PASSED] - Statement - PreSaveFile = new java.io.File(((pathPrefix + java.lang.Integer.toString(counter)) + .png)): null

2018-12-17 15:59:01 - [TEST_STEP][PASSED] - Statement - counter = counter + 1: null

2018-12-17 15:59:01 - [TEST_STEP][PASSED] - Statement - PreSaveFile = new java.io.File(((pathPrefix + java.lang.Integer.toString(counter)) + .png)): null

2018-12-17 15:59:01 - [TEST_STEP][PASSED] - Statement - counter = counter + 1: null

2018-12-17 15:59:01 - [TEST_STEP][PASSED] - Statement - PreSaveFile = new java.io.File(((pathPrefix + java.lang.Integer.toString(counter)) + .png)): null

2018-12-17 15:59:01 - [TEST_STEP][PASSED] - Statement - counter = counter + 1: null

2018-12-17 15:59:01 - [TEST_STEP][PASSED] - Statement - PreSaveFile = new java.io.File(((pathPrefix + java.lang.Integer.toString(counter)) + .png)): null

2018-12-17 15:59:01 - [TEST_STEP][PASSED] - Statement - counter = counter + 1: null

2018-12-17 15:59:01 - [TEST_STEP][PASSED] - Statement - PreSaveFile = new java.io.File(((pathPrefix + java.lang.Integer.toString(counter)) + .png)): null

2018-12-17 15:59:02 - [TEST_STEP][PASSED] - Statement - counter = counter + 1: null

2018-12-17 15:59:02 - [TEST_STEP][PASSED] - Statement - PreSaveFile = new java.io.File(((pathPrefix + java.lang.Integer.toString(counter)) + .png)): null

2018-12-17 15:59:02 - [TEST_STEP][PASSED] - Statement - counter = counter + 1: null

2018-12-17 15:59:02 - [TEST_STEP][PASSED] - Statement - PreSaveFile = new java.io.File(((pathPrefix + java.lang.Integer.toString(counter)) + .png)): null

2018-12-17 15:59:02 - [TEST_STEP][PASSED] - Statement - counter = counter + 1: null

2018-12-17 15:59:02 - [TEST_STEP][PASSED] - Statement - PreSaveFile = new java.io.File(((pathPrefix + java.lang.Integer.toString(counter)) + .png)): null

2018-12-17 15:59:02 - [TEST_STEP][PASSED] - Statement - counter = counter + 1: null

2018-12-17 15:59:02 - [TEST_STEP][PASSED] - Statement - PreSaveFile = new java.io.File(((pathPrefix + java.lang.Integer.toString(counter)) + .png)): null

2018-12-17 15:59:02 - [TEST_STEP][PASSED] - Statement - counter = counter + 1: null

2018-12-17 15:59:02 - [TEST_STEP][PASSED] - Statement - PreSaveFile = new java.io.File(((pathPrefix + java.lang.Integer.toString(counter)) + .png)): null

2018-12-17 15:59:02 - [TEST_STEP][PASSED] - Statement - counter = counter + 1: null

2018-12-17 15:59:02 - [TEST_STEP][PASSED] - Statement - PreSaveFile = new java.io.File(((pathPrefix + java.lang.Integer.toString(counter)) + .png)): null

2018-12-17 15:59:02 - [TEST_STEP][PASSED] - Statement - counter = counter + 1: null

2018-12-17 15:59:02 - [TEST_STEP][PASSED] - Statement - PreSaveFile = new java.io.File(((pathPrefix + java.lang.Integer.toString(counter)) + .png)): null

2018-12-17 15:59:02 - [TEST_STEP][PASSED] - Statement - counter = counter + 1: null

2018-12-17 15:59:02 - [TEST_STEP][PASSED] - Statement - PreSaveFile = new java.io.File(((pathPrefix + java.lang.Integer.toString(counter)) + .png)): null

2018-12-17 15:59:02 - [TEST_STEP][PASSED] - Statement - counter = counter + 1: null

2018-12-17 15:59:02 - [TEST_STEP][PASSED] - Statement - PreSaveFile = new java.io.File(((pathPrefix + java.lang.Integer.toString(counter)) + .png)): null

2018-12-17 15:59:02 - [TEST_STEP][PASSED] - Statement - counter = counter + 1: null

2018-12-17 15:59:02 - [TEST_STEP][PASSED] - Statement - PreSaveFile = new java.io.File(((pathPrefix + java.lang.Integer.toString(counter)) + .png)): null

2018-12-17 15:59:02 - [TEST_STEP][PASSED] - Statement - counter = counter + 1: null

2018-12-17 15:59:02 - [TEST_STEP][PASSED] - Statement - PreSaveFile = new java.io.File(((pathPrefix + java.lang.Integer.toString(counter)) + .png)): null

2018-12-17 15:59:02 - [TEST_STEP][PASSED] - Statement - counter = counter + 1: null

2018-12-17 15:59:02 - [TEST_STEP][PASSED] - Statement - PreSaveFile = new java.io.File(((pathPrefix + java.lang.Integer.toString(counter)) + .png)): null

2018-12-17 15:59:02 - [TEST_STEP][PASSED] - Statement - counter = counter + 1: null

2018-12-17 15:59:02 - [TEST_STEP][PASSED] - Statement - PreSaveFile = new java.io.File(((pathPrefix + java.lang.Integer.toString(counter)) + .png)): null

2018-12-17 15:59:02 - [TEST_STEP][PASSED] - Statement - counter = counter + 1: null

2018-12-17 15:59:02 - [TEST_STEP][PASSED] - Statement - PreSaveFile = new java.io.File(((pathPrefix + java.lang.Integer.toString(counter)) + .png)): null

2018-12-17 15:59:03 - [TEST_STEP][PASSED] - Statement - counter = counter + 1: null

2018-12-17 15:59:03 - [TEST_STEP][PASSED] - Statement - PreSaveFile = new java.io.File(((pathPrefix + java.lang.Integer.toString(counter)) + .png)): null

2018-12-17 15:59:03 - [TEST_STEP][PASSED] - Statement - counter = counter + 1: null

2018-12-17 15:59:03 - [TEST_STEP][PASSED] - Statement - PreSaveFile = new java.io.File(((pathPrefix + java.lang.Integer.toString(counter)) + .png)): null

2018-12-17 15:59:03 - [TEST_STEP][PASSED] - Statement - counter = counter + 1: null

2018-12-17 15:59:03 - [TEST_STEP][PASSED] - Statement - PreSaveFile = new java.io.File(((pathPrefix + java.lang.Integer.toString(counter)) + .png)): null

2018-12-17 15:59:03 - [TEST_STEP][PASSED] - Statement - counter = counter + 1: null

2018-12-17 15:59:03 - [TEST_STEP][PASSED] - Statement - PreSaveFile = new java.io.File(((pathPrefix + java.lang.Integer.toString(counter)) + .png)): null

2018-12-17 15:59:03 - [TEST_STEP][PASSED] - Statement - counter = counter + 1: null

2018-12-17 15:59:03 - [TEST_STEP][PASSED] - Statement - PreSaveFile = new java.io.File(((pathPrefix + java.lang.Integer.toString(counter)) + .png)): null

2018-12-17 15:59:03 - [TEST_STEP][PASSED] - Statement - counter = counter + 1: null

2018-12-17 15:59:03 - [TEST_STEP][PASSED] - Statement - PreSaveFile = new java.io.File(((pathPrefix + java.lang.Integer.toString(counter)) + .png)): null

2018-12-17 15:59:03 - [TEST_STEP][PASSED] - Statement - counter = counter + 1: null

2018-12-17 15:59:03 - [TEST_STEP][PASSED] - Statement - PreSaveFile = new java.io.File(((pathPrefix + java.lang.Integer.toString(counter)) + .png)): null

2018-12-17 15:59:03 - [TEST_STEP][PASSED] - Statement - counter = counter + 1: null

2018-12-17 15:59:03 - [TEST_STEP][PASSED] - Statement - PreSaveFile = new java.io.File(((pathPrefix + java.lang.Integer.toString(counter)) + .png)): null

2018-12-17 15:59:03 - [TEST_STEP][PASSED] - Statement - counter = counter + 1: null

2018-12-17 15:59:03 - [TEST_STEP][PASSED] - Statement - PreSaveFile = new java.io.File(((pathPrefix + java.lang.Integer.toString(counter)) + .png)): null

2018-12-17 15:59:03 - [TEST_STEP][PASSED] - Statement - counter = counter + 1: null

2018-12-17 15:59:03 - [TEST_STEP][PASSED] - Statement - PreSaveFile = new java.io.File(((pathPrefix + java.lang.Integer.toString(counter)) + .png)): null

2018-12-17 15:59:03 - [TEST_STEP][PASSED] - Statement - counter = counter + 1: null

2018-12-17 15:59:03 - [TEST_STEP][PASSED] - Statement - PreSaveFile = new java.io.File(((pathPrefix + java.lang.Integer.toString(counter)) + .png)): null

2018-12-17 15:59:03 - [TEST_STEP][PASSED] - Statement - counter = counter + 1: null

2018-12-17 15:59:03 - [TEST_STEP][PASSED] - Statement - PreSaveFile = new java.io.File(((pathPrefix + java.lang.Integer.toString(counter)) + .png)): null

2018-12-17 15:59:03 - [TEST_STEP][PASSED] - Statement - counter = counter + 1: null

2018-12-17 15:59:03 - [TEST_STEP][PASSED] - Statement - PreSaveFile = new java.io.File(((pathPrefix + java.lang.Integer.toString(counter)) + .png)): null

2018-12-17 15:59:03 - [TEST_STEP][PASSED] - Statement - counter = counter + 1: null

2018-12-17 15:59:03 - [TEST_STEP][PASSED] - Statement - PreSaveFile = new java.io.File(((pathPrefix + java.lang.Integer.toString(counter)) + .png)): null

2018-12-17 15:59:03 - [TEST_STEP][PASSED] - Statement - counter = counter + 1: null

2018-12-17 15:59:04 - [TEST_STEP][PASSED] - Statement - PreSaveFile = new java.io.File(((pathPrefix + java.lang.Integer.toString(counter)) + .png)): null

2018-12-17 15:59:04 - [TEST_STEP][PASSED] - Statement - counter = counter + 1: null

2018-12-17 15:59:04 - [TEST_STEP][PASSED] - Statement - PreSaveFile = new java.io.File(((pathPrefix + java.lang.Integer.toString(counter)) + .png)): null

2018-12-17 15:59:04 - [TEST_STEP][PASSED] - Statement - counter = counter + 1: null

2018-12-17 15:59:04 - [TEST_STEP][PASSED] - Statement - PreSaveFile = new java.io.File(((pathPrefix + java.lang.Integer.toString(counter)) + .png)): null

2018-12-17 15:59:04 - [TEST_STEP][PASSED] - Statement - counter = counter + 1: null

2018-12-17 15:59:04 - [TEST_STEP][PASSED] - Statement - PreSaveFile = new java.io.File(((pathPrefix + java.lang.Integer.toString(counter)) + .png)): null

2018-12-17 15:59:04 - [TEST_STEP][PASSED] - Statement - counter = counter + 1: null

2018-12-17 15:59:04 - [TEST_STEP][PASSED] - Statement - PreSaveFile = new java.io.File(((pathPrefix + java.lang.Integer.toString(counter)) + .png)): null

2018-12-17 15:59:04 - [TEST_STEP][PASSED] - Statement - counter = counter + 1: null

2018-12-17 15:59:04 - [TEST_STEP][PASSED] - Statement - PreSaveFile = new java.io.File(((pathPrefix + java.lang.Integer.toString(counter)) + .png)): null

2018-12-17 15:59:04 - [TEST_STEP][PASSED] - Statement - counter = counter + 1: null

2018-12-17 15:59:04 - [TEST_STEP][PASSED] - Statement - PreSaveFile = new java.io.File(((pathPrefix + java.lang.Integer.toString(counter)) + .png)): null

2018-12-17 15:59:04 - [TEST_STEP][PASSED] - Statement - counter = counter + 1: null

2018-12-17 15:59:04 - [TEST_STEP][PASSED] - Statement - PreSaveFile = new java.io.File(((pathPrefix + java.lang.Integer.toString(counter)) + .png)): null

2018-12-17 15:59:04 - [TEST_STEP][PASSED] - Statement - counter = counter + 1: null

2018-12-17 15:59:04 - [TEST_STEP][PASSED] - Statement - PreSaveFile = new java.io.File(((pathPrefix + java.lang.Integer.toString(counter)) + .png)): null

2018-12-17 15:59:04 - [TEST_STEP][PASSED] - Statement - counter = counter + 1: null

2018-12-17 15:59:04 - [TEST_STEP][PASSED] - Statement - PreSaveFile = new java.io.File(((pathPrefix + java.lang.Integer.toString(counter)) + .png)): null

2018-12-17 15:59:04 - [TEST_STEP][PASSED] - Statement - counter = counter + 1: null

2018-12-17 15:59:04 - [TEST_STEP][PASSED] - Statement - PreSaveFile = new java.io.File(((pathPrefix + java.lang.Integer.toString(counter)) + .png)): null

2018-12-17 15:59:04 - [TEST_STEP][PASSED] - Statement - counter = counter + 1: null

2018-12-17 15:59:04 - [TEST_STEP][PASSED] - Statement - PreSaveFile = new java.io.File(((pathPrefix + java.lang.Integer.toString(counter)) + .png)): null

2018-12-17 15:59:04 - [TEST_STEP][PASSED] - Statement - counter = counter + 1: null

2018-12-17 15:59:04 - [TEST_STEP][PASSED] - Statement - PreSaveFile = new java.io.File(((pathPrefix + java.lang.Integer.toString(counter)) + .png)): null

2018-12-17 15:59:04 - [TEST_STEP][PASSED] - Statement - counter = counter + 1: null

2018-12-17 15:59:04 - [TEST_STEP][PASSED] - Statement - PreSaveFile = new java.io.File(((pathPrefix + java.lang.Integer.toString(counter)) + .png)): null

2018-12-17 15:59:04 - [TEST_STEP][PASSED] - Statement - counter = counter + 1: null

2018-12-17 15:59:04 - [TEST_STEP][PASSED] - Statement - PreSaveFile = new java.io.File(((pathPrefix + java.lang.Integer.toString(counter)) + .png)): null

2018-12-17 15:59:05 - [TEST_STEP][PASSED] - Statement - counter = counter + 1: null

2018-12-17 15:59:05 - [TEST_STEP][PASSED] - Statement - PreSaveFile = new java.io.File(((pathPrefix + java.lang.Integer.toString(counter)) + .png)): null

2018-12-17 15:59:05 - [TEST_STEP][PASSED] - Statement - counter = counter + 1: null

2018-12-17 15:59:05 - [TEST_STEP][PASSED] - Statement - PreSaveFile = new java.io.File(((pathPrefix + java.lang.Integer.toString(counter)) + .png)): null

2018-12-17 15:59:05 - [TEST_STEP][PASSED] - Statement - counter = counter + 1: null

2018-12-17 15:59:05 - [TEST_STEP][PASSED] - Statement - PreSaveFile = new java.io.File(((pathPrefix + java.lang.Integer.toString(counter)) + .png)): null

2018-12-17 15:59:05 - [TEST_STEP][PASSED] - Statement - counter = counter + 1: null

2018-12-17 15:59:05 - [TEST_STEP][PASSED] - Statement - PreSaveFile = new java.io.File(((pathPrefix + java.lang.Integer.toString(counter)) + .png)): null

2018-12-17 15:59:05 - [TEST_STEP][PASSED] - Statement - counter = counter + 1: null

2018-12-17 15:59:05 - [TEST_STEP][PASSED] - Statement - PreSaveFile = new java.io.File(((pathPrefix + java.lang.Integer.toString(counter)) + .png)): null

2018-12-17 15:59:05 - [TEST_STEP][PASSED] - Statement - counter = counter + 1: null

2018-12-17 15:59:05 - [TEST_STEP][PASSED] - Statement - PreSaveFile = new java.io.File(((pathPrefix + java.lang.Integer.toString(counter)) + .png)): null

2018-12-17 15:59:05 - [TEST_STEP][PASSED] - Statement - counter = counter + 1: null

2018-12-17 15:59:05 - [TEST_STEP][PASSED] - Statement - PreSaveFile = new java.io.File(((pathPrefix + java.lang.Integer.toString(counter)) + .png)): null

2018-12-17 15:59:05 - [TEST_STEP][PASSED] - Statement - counter = counter + 1: null

2018-12-17 15:59:05 - [TEST_STEP][PASSED] - Statement - PreSaveFile = new java.io.File(((pathPrefix + java.lang.Integer.toString(counter)) + .png)): null

2018-12-17 15:59:05 - [TEST_STEP][PASSED] - Statement - counter = counter + 1: null

2018-12-17 15:59:05 - [TEST_STEP][PASSED] - Statement - PreSaveFile = new java.io.File(((pathPrefix + java.lang.Integer.toString(counter)) + .png)): null

2018-12-17 15:59:05 - [TEST_STEP][PASSED] - Statement - counter = counter + 1: null

2018-12-17 15:59:05 - [TEST_STEP][PASSED] - Statement - PreSaveFile = new java.io.File(((pathPrefix + java.lang.Integer.toString(counter)) + .png)): null

2018-12-17 15:59:05 - [TEST_STEP][PASSED] - Statement - counter = counter + 1: null

2018-12-17 15:59:05 - [TEST_STEP][PASSED] - Statement - PreSaveFile = new java.io.File(((pathPrefix + java.lang.Integer.toString(counter)) + .png)): null

2018-12-17 15:59:05 - [TEST_STEP][PASSED] - Statement - counter = counter + 1: null

2018-12-17 15:59:05 - [TEST_STEP][PASSED] - Statement - PreSaveFile = new java.io.File(((pathPrefix + java.lang.Integer.toString(counter)) + .png)): null

2018-12-17 15:59:05 - [TEST_STEP][PASSED] - Statement - counter = counter + 1: null

2018-12-17 15:59:05 - [TEST_STEP][PASSED] - Statement - PreSaveFile = new java.io.File(((pathPrefix + java.lang.Integer.toString(counter)) + .png)): null

2018-12-17 15:59:05 - [TEST_STEP][PASSED] - Statement - counter = counter + 1: null

2018-12-17 15:59:05 - [TEST_STEP][PASSED] - Statement - PreSaveFile = new java.io.File(((pathPrefix + java.lang.Integer.toString(counter)) + .png)): null

2018-12-17 15:59:05 - [TEST_STEP][PASSED] - Statement - counter = counter + 1: null

2018-12-17 15:59:05 - [TEST_STEP][PASSED] - Statement - PreSaveFile = new java.io.File(((pathPrefix + java.lang.Integer.toString(counter)) + .png)): null

2018-12-17 15:59:05 - [TEST_STEP][PASSED] - Statement - counter = counter + 1: null

2018-12-17 15:59:05 - [TEST_STEP][PASSED] - Statement - PreSaveFile = new java.io.File(((pathPrefix + java.lang.Integer.toString(counter)) + .png)): null

2018-12-17 15:59:05 - [TEST_STEP][PASSED] - Statement - counter = counter + 1: null

2018-12-17 15:59:05 - [TEST_STEP][PASSED] - Statement - PreSaveFile = new java.io.File(((pathPrefix + java.lang.Integer.toString(counter)) + .png)): null

2018-12-17 15:59:05 - [TEST_STEP][PASSED] - Statement - counter = counter + 1: null

2018-12-17 15:59:05 - [TEST_STEP][PASSED] - Statement - PreSaveFile = new java.io.File(((pathPrefix + java.lang.Integer.toString(counter)) + .png)): null

2018-12-17 15:59:05 - [TEST_STEP][PASSED] - Statement - counter = counter + 1: null

2018-12-17 15:59:05 - [TEST_STEP][PASSED] - Statement - PreSaveFile = new java.io.File(((pathPrefix + java.lang.Integer.toString(counter)) + .png)): null

2018-12-17 15:59:06 - [TEST_STEP][PASSED] - Statement - counter = counter + 1: null

2018-12-17 15:59:06 - [TEST_STEP][PASSED] - Statement - PreSaveFile = new java.io.File(((pathPrefix + java.lang.Integer.toString(counter)) + .png)): null

2018-12-17 15:59:06 - [TEST_STEP][PASSED] - Statement - counter = counter + 1: null

2018-12-17 15:59:06 - [TEST_STEP][PASSED] - Statement - PreSaveFile = new java.io.File(((pathPrefix + java.lang.Integer.toString(counter)) + .png)): null

2018-12-17 15:59:06 - [TEST_STEP][PASSED] - Statement - counter = counter + 1: null

2018-12-17 15:59:06 - [TEST_STEP][PASSED] - Statement - PreSaveFile = new java.io.File(((pathPrefix + java.lang.Integer.toString(counter)) + .png)): null

2018-12-17 15:59:06 - [TEST_STEP][PASSED] - Statement - counter = counter + 1: null

2018-12-17 15:59:06 - [TEST_STEP][PASSED] - Statement - PreSaveFile = new java.io.File(((pathPrefix + java.lang.Integer.toString(counter)) + .png)): null

2018-12-17 15:59:06 - [TEST_STEP][PASSED] - Statement - counter = counter + 1: null

2018-12-17 15:59:06 - [TEST_STEP][PASSED] - Statement - PreSaveFile = new java.io.File(((pathPrefix + java.lang.Integer.toString(counter)) + .png)): null

2018-12-17 15:59:06 - [TEST_STEP][PASSED] - Statement - counter = counter + 1: null

2018-12-17 15:59:06 - [TEST_STEP][PASSED] - Statement - PreSaveFile = new java.io.File(((pathPrefix + java.lang.Integer.toString(counter)) + .png)): null

2018-12-17 15:59:06 - [TEST_STEP][PASSED] - Statement - counter = counter + 1: null

2018-12-17 15:59:06 - [TEST_STEP][PASSED] - Statement - PreSaveFile = new java.io.File(((pathPrefix + java.lang.Integer.toString(counter)) + .png)): null

2018-12-17 15:59:06 - [TEST_STEP][PASSED] - Statement - counter = counter + 1: null

2018-12-17 15:59:06 - [TEST_STEP][PASSED] - Statement - PreSaveFile = new java.io.File(((pathPrefix + java.lang.Integer.toString(counter)) + .png)): null

2018-12-17 15:59:06 - [TEST_STEP][PASSED] - Statement - counter = counter + 1: null

2018-12-17 15:59:06 - [TEST_STEP][PASSED] - Statement - PreSaveFile = new java.io.File(((pathPrefix + java.lang.Integer.toString(counter)) + .png)): null

2018-12-17 15:59:06 - [TEST_STEP][PASSED] - Statement - counter = counter + 1: null

2018-12-17 15:59:06 - [TEST_STEP][PASSED] - Statement - PreSaveFile = new java.io.File(((pathPrefix + java.lang.Integer.toString(counter)) + .png)): null

2018-12-17 15:59:06 - [TEST_STEP][PASSED] - Statement - counter = counter + 1: null

2018-12-17 15:59:06 - [TEST_STEP][PASSED] - Statement - PreSaveFile = new java.io.File(((pathPrefix + java.lang.Integer.toString(counter)) + .png)): null

2018-12-17 15:59:06 - [TEST_STEP][PASSED] - Statement - counter = counter + 1: null

2018-12-17 15:59:06 - [TEST_STEP][PASSED] - Statement - PreSaveFile = new java.io.File(((pathPrefix + java.lang.Integer.toString(counter)) + .png)): null

2018-12-17 15:59:06 - [TEST_STEP][PASSED] - Statement - counter = counter + 1: null

2018-12-17 15:59:06 - [TEST_STEP][PASSED] - Statement - PreSaveFile = new java.io.File(((pathPrefix + java.lang.Integer.toString(counter)) + .png)): null

2018-12-17 15:59:06 - [TEST_STEP][PASSED] - Statement - counter = counter + 1: null

2018-12-17 15:59:06 - [TEST_STEP][PASSED] - Statement - PreSaveFile = new java.io.File(((pathPrefix + java.lang.Integer.toString(counter)) + .png)): null

2018-12-17 15:59:06 - [TEST_STEP][PASSED] - Statement - counter = counter + 1: null

2018-12-17 15:59:07 - [TEST_STEP][PASSED] - Statement - PreSaveFile = new java.io.File(((pathPrefix + java.lang.Integer.toString(counter)) + .png)): null

2018-12-17 15:59:07 - [TEST_STEP][PASSED] - Statement - counter = counter + 1: null

2018-12-17 15:59:07 - [TEST_STEP][PASSED] - Statement - PreSaveFile = new java.io.File(((pathPrefix + java.lang.Integer.toString(counter)) + .png)): null

2018-12-17 15:59:07 - [TEST_STEP][PASSED] - Statement - counter = counter + 1: null

2018-12-17 15:59:07 - [TEST_STEP][PASSED] - Statement - PreSaveFile = new java.io.File(((pathPrefix + java.lang.Integer.toString(counter)) + .png)): null

2018-12-17 15:59:07 - [TEST_STEP][PASSED] - Statement - counter = counter + 1: null

2018-12-17 15:59:07 - [TEST_STEP][PASSED] - Statement - PreSaveFile = new java.io.File(((pathPrefix + java.lang.Integer.toString(counter)) + .png)): null

2018-12-17 15:59:07 - [TEST_STEP][PASSED] - Statement - counter = counter + 1: null

2018-12-17 15:59:07 - [TEST_STEP][PASSED] - Statement - PreSaveFile = new java.io.File(((pathPrefix + java.lang.Integer.toString(counter)) + .png)): null

2018-12-17 15:59:07 - [TEST_STEP][PASSED] - Statement - counter = counter + 1: null

2018-12-17 15:59:07 - [TEST_STEP][PASSED] - Statement - PreSaveFile = new java.io.File(((pathPrefix + java.lang.Integer.toString(counter)) + .png)): null

2018-12-17 15:59:07 - [TEST_STEP][PASSED] - Statement - counter = counter + 1: null

2018-12-17 15:59:07 - [TEST_STEP][PASSED] - Statement - PreSaveFile = new java.io.File(((pathPrefix + java.lang.Integer.toString(counter)) + .png)): null

2018-12-17 15:59:07 - [TEST_STEP][PASSED] - Statement - counter = counter + 1: null

2018-12-17 15:59:07 - [TEST_STEP][PASSED] - Statement - PreSaveFile = new java.io.File(((pathPrefix + java.lang.Integer.toString(counter)) + .png)): null

2018-12-17 15:59:07 - [TEST_STEP][PASSED] - Statement - counter = counter + 1: null

2018-12-17 15:59:07 - [TEST_STEP][PASSED] - Statement - PreSaveFile = new java.io.File(((pathPrefix + java.lang.Integer.toString(counter)) + .png)): null

2018-12-17 15:59:07 - [TEST_STEP][PASSED] - Statement - counter = counter + 1: null

2018-12-17 15:59:07 - [TEST_STEP][PASSED] - Statement - PreSaveFile = new java.io.File(((pathPrefix + java.lang.Integer.toString(counter)) + .png)): null

2018-12-17 15:59:07 - [TEST_STEP][PASSED] - Statement - counter = counter + 1: null

2018-12-17 15:59:07 - [TEST_STEP][PASSED] - Statement - PreSaveFile = new java.io.File(((pathPrefix + java.lang.Integer.toString(counter)) + .png)): null

2018-12-17 15:59:07 - [TEST_STEP][PASSED] - Statement - counter = counter + 1: null

2018-12-17 15:59:07 - [TEST_STEP][PASSED] - Statement - PreSaveFile = new java.io.File(((pathPrefix + java.lang.Integer.toString(counter)) + .png)): null

2018-12-17 15:59:07 - [TEST_STEP][PASSED] - Statement - counter = counter + 1: null

2018-12-17 15:59:07 - [TEST_STEP][PASSED] - Statement - PreSaveFile = new java.io.File(((pathPrefix + java.lang.Integer.toString(counter)) + .png)): null

2018-12-17 15:59:07 - [TEST_STEP][PASSED] - Statement - counter = counter + 1: null

2018-12-17 15:59:07 - [TEST_STEP][PASSED] - Statement - PreSaveFile = new java.io.File(((pathPrefix + java.lang.Integer.toString(counter)) + .png)): null

2018-12-17 15:59:07 - [TEST_STEP][PASSED] - Statement - counter = counter + 1: null

2018-12-17 15:59:07 - [TEST_STEP][PASSED] - Statement - PreSaveFile = new java.io.File(((pathPrefix + java.lang.Integer.toString(counter)) + .png)): null

2018-12-17 15:59:08 - [TEST_STEP][PASSED] - Statement - counter = counter + 1: null

2018-12-17 15:59:08 - [TEST_STEP][PASSED] - Statement - PreSaveFile = new java.io.File(((pathPrefix + java.lang.Integer.toString(counter)) + .png)): null

2018-12-17 15:59:08 - [TEST_STEP][PASSED] - Statement - counter = counter + 1: null

2018-12-17 15:59:08 - [TEST_STEP][PASSED] - Statement - PreSaveFile = new java.io.File(((pathPrefix + java.lang.Integer.toString(counter)) + .png)): null

2018-12-17 15:59:08 - [TEST_STEP][PASSED] - Statement - counter = counter + 1: null

2018-12-17 15:59:08 - [TEST_STEP][PASSED] - Statement - PreSaveFile = new java.io.File(((pathPrefix + java.lang.Integer.toString(counter)) + .png)): null

2018-12-17 15:59:08 - [TEST_STEP][PASSED] - Statement - counter = counter + 1: null

2018-12-17 15:59:08 - [TEST_STEP][PASSED] - Statement - PreSaveFile = new java.io.File(((pathPrefix + java.lang.Integer.toString(counter)) + .png)): null

2018-12-17 15:59:08 - [TEST_STEP][PASSED] - Statement - counter = counter + 1: null

2018-12-17 15:59:08 - [TEST_STEP][PASSED] - Statement - PreSaveFile = new java.io.File(((pathPrefix + java.lang.Integer.toString(counter)) + .png)): null

2018-12-17 15:59:08 - [TEST_STEP][PASSED] - Statement - counter = counter + 1: null

2018-12-17 15:59:08 - [TEST_STEP][PASSED] - Statement - PreSaveFile = new java.io.File(((pathPrefix + java.lang.Integer.toString(counter)) + .png)): null

2018-12-17 15:59:08 - [TEST_STEP][PASSED] - Statement - counter = counter + 1: null

2018-12-17 15:59:08 - [TEST_STEP][PASSED] - Statement - PreSaveFile = new java.io.File(((pathPrefix + java.lang.Integer.toString(counter)) + .png)): null

2018-12-17 15:59:08 - [TEST_STEP][PASSED] - Statement - counter = counter + 1: null

2018-12-17 15:59:08 - [TEST_STEP][PASSED] - Statement - PreSaveFile = new java.io.File(((pathPrefix + java.lang.Integer.toString(counter)) + .png)): null

2018-12-17 15:59:08 - [TEST_STEP][PASSED] - Statement - counter = counter + 1: null

2018-12-17 15:59:08 - [TEST_STEP][PASSED] - Statement - PreSaveFile = new java.io.File(((pathPrefix + java.lang.Integer.toString(counter)) + .png)): null

2018-12-17 15:59:08 - [TEST_STEP][PASSED] - Statement - counter = counter + 1: null

2018-12-17 15:59:08 - [TEST_STEP][PASSED] - Statement - PreSaveFile = new java.io.File(((pathPrefix + java.lang.Integer.toString(counter)) + .png)): null

2018-12-17 15:59:08 - [TEST_STEP][PASSED] - Statement - counter = counter + 1: null

2018-12-17 15:59:08 - [TEST_STEP][PASSED] - Statement - PreSaveFile = new java.io.File(((pathPrefix + java.lang.Integer.toString(counter)) + .png)): null

2018-12-17 15:59:08 - [TEST_STEP][PASSED] - Statement - counter = counter + 1: null

2018-12-17 15:59:08 - [TEST_STEP][PASSED] - Statement - PreSaveFile = new java.io.File(((pathPrefix + java.lang.Integer.toString(counter)) + .png)): null

2018-12-17 15:59:08 - [TEST_STEP][PASSED] - Statement - counter = counter + 1: null

2018-12-17 15:59:08 - [TEST_STEP][PASSED] - Statement - PreSaveFile = new java.io.File(((pathPrefix + java.lang.Integer.toString(counter)) + .png)): null

2018-12-17 15:59:08 - [TEST_STEP][PASSED] - Statement - counter = counter + 1: null

2018-12-17 15:59:08 - [TEST_STEP][PASSED] - Statement - PreSaveFile = new java.io.File(((pathPrefix + java.lang.Integer.toString(counter)) + .png)): null

2018-12-17 15:59:08 - [TEST_STEP][PASSED] - Statement - counter = counter + 1: null

2018-12-17 15:59:09 - [TEST_STEP][PASSED] - Statement - PreSaveFile = new java.io.File(((pathPrefix + java.lang.Integer.toString(counter)) + .png)): null

2018-12-17 15:59:09 - [TEST_STEP][PASSED] - Statement - counter = counter + 1: null

2018-12-17 15:59:09 - [TEST_STEP][PASSED] - Statement - PreSaveFile = new java.io.File(((pathPrefix + java.lang.Integer.toString(counter)) + .png)): null

2018-12-17 15:59:09 - [TEST_STEP][PASSED] - Statement - counter = counter + 1: null

2018-12-17 15:59:09 - [TEST_STEP][PASSED] - Statement - PreSaveFile = new java.io.File(((pathPrefix + java.lang.Integer.toString(counter)) + .png)): null

2018-12-17 15:59:09 - [TEST_STEP][PASSED] - Statement - counter = counter + 1: null

2018-12-17 15:59:09 - [TEST_STEP][PASSED] - Statement - PreSaveFile = new java.io.File(((pathPrefix + java.lang.Integer.toString(counter)) + .png)): null

2018-12-17 15:59:09 - [TEST_STEP][PASSED] - Statement - counter = counter + 1: null

2018-12-17 15:59:09 - [TEST_STEP][PASSED] - Statement - PreSaveFile = new java.io.File(((pathPrefix + java.lang.Integer.toString(counter)) + .png)): null

2018-12-17 15:59:09 - [TEST_STEP][PASSED] - Statement - counter = counter + 1: null

2018-12-17 15:59:09 - [TEST_STEP][PASSED] - Statement - PreSaveFile = new java.io.File(((pathPrefix + java.lang.Integer.toString(counter)) + .png)): null

2018-12-17 15:59:09 - [TEST_STEP][PASSED] - Statement - counter = counter + 1: null

2018-12-17 15:59:09 - [TEST_STEP][PASSED] - Statement - PreSaveFile = new java.io.File(((pathPrefix + java.lang.Integer.toString(counter)) + .png)): null

2018-12-17 15:59:09 - [TEST_STEP][PASSED] - Statement - counter = counter + 1: null

2018-12-17 15:59:09 - [TEST_STEP][PASSED] - Statement - PreSaveFile = new java.io.File(((pathPrefix + java.lang.Integer.toString(counter)) + .png)): null

2018-12-17 15:59:09 - [TEST_STEP][PASSED] - Statement - counter = counter + 1: null

2018-12-17 15:59:09 - [TEST_STEP][PASSED] - Statement - PreSaveFile = new java.io.File(((pathPrefix + java.lang.Integer.toString(counter)) + .png)): null

2018-12-17 15:59:09 - [TEST_STEP][PASSED] - Statement - counter = counter + 1: null

2018-12-17 15:59:09 - [TEST_STEP][PASSED] - Statement - PreSaveFile = new java.io.File(((pathPrefix + java.lang.Integer.toString(counter)) + .png)): null

2018-12-17 15:59:09 - [TEST_STEP][PASSED] - Statement - counter = counter + 1: null

2018-12-17 15:59:09 - [TEST_STEP][PASSED] - Statement - PreSaveFile = new java.io.File(((pathPrefix + java.lang.Integer.toString(counter)) + .png)): null

2018-12-17 15:59:09 - [TEST_STEP][PASSED] - Statement - counter = counter + 1: null

2018-12-17 15:59:09 - [TEST_STEP][PASSED] - Statement - PreSaveFile = new java.io.File(((pathPrefix + java.lang.Integer.toString(counter)) + .png)): null

2018-12-17 15:59:09 - [TEST_STEP][PASSED] - Statement - counter = counter + 1: null

2018-12-17 15:59:09 - [TEST_STEP][PASSED] - Statement - PreSaveFile = new java.io.File(((pathPrefix + java.lang.Integer.toString(counter)) + .png)): null

2018-12-17 15:59:09 - [TEST_STEP][PASSED] - Statement - counter = counter + 1: null

2018-12-17 15:59:09 - [TEST_STEP][PASSED] - Statement - PreSaveFile = new java.io.File(((pathPrefix + java.lang.Integer.toString(counter)) + .png)): null

2018-12-17 15:59:09 - [TEST_STEP][PASSED] - Statement - counter = counter + 1: null

2018-12-17 15:59:09 - [TEST_STEP][PASSED] - Statement - PreSaveFile = new java.io.File(((pathPrefix + java.lang.Integer.toString(counter)) + .png)): null

2018-12-17 15:59:10 - [TEST_STEP][PASSED] - Statement - counter = counter + 1: null

2018-12-17 15:59:10 - [TEST_STEP][PASSED] - Statement - PreSaveFile = new java.io.File(((pathPrefix + java.lang.Integer.toString(counter)) + .png)): null

2018-12-17 15:59:10 - [TEST_STEP][PASSED] - Statement - counter = counter + 1: null

2018-12-17 15:59:10 - [TEST_STEP][PASSED] - Statement - PreSaveFile = new java.io.File(((pathPrefix + java.lang.Integer.toString(counter)) + .png)): null

2018-12-17 15:59:10 - [TEST_STEP][PASSED] - Statement - counter = counter + 1: null

2018-12-17 15:59:10 - [TEST_STEP][PASSED] - Statement - PreSaveFile = new java.io.File(((pathPrefix + java.lang.Integer.toString(counter)) + .png)): null

2018-12-17 15:59:10 - [TEST_STEP][PASSED] - Statement - counter = counter + 1: null

2018-12-17 15:59:10 - [TEST_STEP][PASSED] - Statement - PreSaveFile = new java.io.File(((pathPrefix + java.lang.Integer.toString(counter)) + .png)): null

2018-12-17 15:59:10 - [TEST_STEP][PASSED] - Statement - counter = counter + 1: null

2018-12-17 15:59:10 - [TEST_STEP][PASSED] - Statement - PreSaveFile = new java.io.File(((pathPrefix + java.lang.Integer.toString(counter)) + .png)): null

2018-12-17 15:59:10 - [TEST_STEP][PASSED] - Statement - counter = counter + 1: null

2018-12-17 15:59:10 - [TEST_STEP][PASSED] - Statement - PreSaveFile = new java.io.File(((pathPrefix + java.lang.Integer.toString(counter)) + .png)): null

2018-12-17 15:59:10 - [TEST_STEP][PASSED] - Statement - counter = counter + 1: null

2018-12-17 15:59:10 - [TEST_STEP][PASSED] - Statement - PreSaveFile = new java.io.File(((pathPrefix + java.lang.Integer.toString(counter)) + .png)): null

2018-12-17 15:59:10 - [TEST_STEP][PASSED] - Statement - counter = counter + 1: null

2018-12-17 15:59:10 - [TEST_STEP][PASSED] - Statement - PreSaveFile = new java.io.File(((pathPrefix + java.lang.Integer.toString(counter)) + .png)): null

2018-12-17 15:59:10 - [TEST_STEP][PASSED] - Statement - counter = counter + 1: null

2018-12-17 15:59:10 - [TEST_STEP][PASSED] - Statement - PreSaveFile = new java.io.File(((pathPrefix + java.lang.Integer.toString(counter)) + .png)): null

2018-12-17 15:59:10 - [TEST_STEP][PASSED] - Statement - counter = counter + 1: null

2018-12-17 15:59:10 - [TEST_STEP][PASSED] - Statement - PreSaveFile = new java.io.File(((pathPrefix + java.lang.Integer.toString(counter)) + .png)): null

2018-12-17 15:59:10 - [TEST_STEP][PASSED] - Statement - counter = counter + 1: null

2018-12-17 15:59:10 - [TEST_STEP][PASSED] - Statement - PreSaveFile = new java.io.File(((pathPrefix + java.lang.Integer.toString(counter)) + .png)): null

2018-12-17 15:59:10 - [TEST_STEP][PASSED] - Statement - counter = counter + 1: null

2018-12-17 15:59:10 - [TEST_STEP][PASSED] - Statement - PreSaveFile = new java.io.File(((pathPrefix + java.lang.Integer.toString(counter)) + .png)): null

2018-12-17 15:59:10 - [TEST_STEP][PASSED] - Statement - counter = counter + 1: null

2018-12-17 15:59:10 - [TEST_STEP][PASSED] - Statement - PreSaveFile = new java.io.File(((pathPrefix + java.lang.Integer.toString(counter)) + .png)): null

2018-12-17 15:59:10 - [TEST_STEP][PASSED] - Statement - counter = counter + 1: null

2018-12-17 15:59:10 - [TEST_STEP][PASSED] - Statement - PreSaveFile = new java.io.File(((pathPrefix + java.lang.Integer.toString(counter)) + .png)): null

2018-12-17 15:59:10 - [TEST_STEP][PASSED] - Statement - counter = counter + 1: null

2018-12-17 15:59:11 - [TEST_STEP][PASSED] - Statement - PreSaveFile = new java.io.File(((pathPrefix + java.lang.Integer.toString(counter)) + .png)): null

2018-12-17 15:59:11 - [TEST_STEP][PASSED] - Statement - counter = counter + 1: null

2018-12-17 15:59:11 - [TEST_STEP][PASSED] - Statement - PreSaveFile = new java.io.File(((pathPrefix + java.lang.Integer.toString(counter)) + .png)): null

2018-12-17 15:59:11 - [TEST_STEP][PASSED] - Statement - counter = counter + 1: null

2018-12-17 15:59:11 - [TEST_STEP][PASSED] - Statement - PreSaveFile = new java.io.File(((pathPrefix + java.lang.Integer.toString(counter)) + .png)): null

2018-12-17 15:59:11 - [TEST_STEP][PASSED] - Statement - counter = counter + 1: null

2018-12-17 15:59:11 - [TEST_STEP][PASSED] - Statement - PreSaveFile = new java.io.File(((pathPrefix + java.lang.Integer.toString(counter)) + .png)): null

2018-12-17 15:59:11 - [TEST_STEP][PASSED] - Statement - counter = counter + 1: null

2018-12-17 15:59:11 - [TEST_STEP][PASSED] - Statement - PreSaveFile = new java.io.File(((pathPrefix + java.lang.Integer.toString(counter)) + .png)): null

2018-12-17 15:59:11 - [TEST_STEP][PASSED] - Statement - counter = counter + 1: null

2018-12-17 15:59:11 - [TEST_STEP][PASSED] - Statement - PreSaveFile = new java.io.File(((pathPrefix + java.lang.Integer.toString(counter)) + .png)): null

2018-12-17 15:59:11 - [TEST_STEP][PASSED] - Statement - counter = counter + 1: null

2018-12-17 15:59:11 - [TEST_STEP][PASSED] - Statement - PreSaveFile = new java.io.File(((pathPrefix + java.lang.Integer.toString(counter)) + .png)): null

2018-12-17 15:59:11 - [TEST_STEP][PASSED] - Statement - counter = counter + 1: null

2018-12-17 15:59:11 - [TEST_STEP][PASSED] - Statement - PreSaveFile = new java.io.File(((pathPrefix + java.lang.Integer.toString(counter)) + .png)): null

2018-12-17 15:59:11 - [TEST_STEP][PASSED] - Statement - counter = counter + 1: null

2018-12-17 15:59:11 - [TEST_STEP][PASSED] - Statement - PreSaveFile = new java.io.File(((pathPrefix + java.lang.Integer.toString(counter)) + .png)): null

2018-12-17 15:59:11 - [TEST_STEP][PASSED] - Statement - counter = counter + 1: null

2018-12-17 15:59:11 - [TEST_STEP][PASSED] - Statement - PreSaveFile = new java.io.File(((pathPrefix + java.lang.Integer.toString(counter)) + .png)): null

2018-12-17 15:59:11 - [TEST_STEP][PASSED] - Statement - counter = counter + 1: null

2018-12-17 15:59:11 - [TEST_STEP][PASSED] - Statement - PreSaveFile = new java.io.File(((pathPrefix + java.lang.Integer.toString(counter)) + .png)): null

2018-12-17 15:59:11 - [TEST_STEP][PASSED] - Statement - counter = counter + 1: null

2018-12-17 15:59:11 - [TEST_STEP][PASSED] - Statement - PreSaveFile = new java.io.File(((pathPrefix + java.lang.Integer.toString(counter)) + .png)): null

2018-12-17 15:59:11 - [TEST_STEP][PASSED] - Statement - counter = counter + 1: null

2018-12-17 15:59:11 - [TEST_STEP][PASSED] - Statement - PreSaveFile = new java.io.File(((pathPrefix + java.lang.Integer.toString(counter)) + .png)): null

2018-12-17 15:59:11 - [TEST_STEP][PASSED] - Statement - counter = counter + 1: null

2018-12-17 15:59:11 - [TEST_STEP][PASSED] - Statement - PreSaveFile = new java.io.File(((pathPrefix + java.lang.Integer.toString(counter)) + .png)): null

2018-12-17 15:59:11 - [TEST_STEP][PASSED] - Statement - counter = counter + 1: null

2018-12-17 15:59:12 - [TEST_STEP][PASSED] - Statement - PreSaveFile = new java.io.File(((pathPrefix + java.lang.Integer.toString(counter)) + .png)): null

2018-12-17 15:59:12 - [TEST_STEP][PASSED] - Statement - counter = counter + 1: null

2018-12-17 15:59:12 - [TEST_STEP][PASSED] - Statement - PreSaveFile = new java.io.File(((pathPrefix + java.lang.Integer.toString(counter)) + .png)): null

2018-12-17 15:59:12 - [TEST_STEP][PASSED] - Statement - counter = counter + 1: null

2018-12-17 15:59:12 - [TEST_STEP][PASSED] - Statement - PreSaveFile = new java.io.File(((pathPrefix + java.lang.Integer.toString(counter)) + .png)): null

2018-12-17 15:59:12 - [TEST_STEP][PASSED] - Statement - counter = counter + 1: null

2018-12-17 15:59:12 - [TEST_STEP][PASSED] - Statement - PreSaveFile = new java.io.File(((pathPrefix + java.lang.Integer.toString(counter)) + .png)): null

2018-12-17 15:59:12 - [TEST_STEP][PASSED] - Statement - counter = counter + 1: null

2018-12-17 15:59:12 - [TEST_STEP][PASSED] - Statement - PreSaveFile = new java.io.File(((pathPrefix + java.lang.Integer.toString(counter)) + .png)): null

2018-12-17 15:59:12 - [TEST_STEP][PASSED] - Statement - counter = counter + 1: null

2018-12-17 15:59:12 - [TEST_STEP][PASSED] - Statement - PreSaveFile = new java.io.File(((pathPrefix + java.lang.Integer.toString(counter)) + .png)): null

2018-12-17 15:59:12 - [TEST_STEP][PASSED] - Statement - counter = counter + 1: null

2018-12-17 15:59:12 - [TEST_STEP][PASSED] - Statement - PreSaveFile = new java.io.File(((pathPrefix + java.lang.Integer.toString(counter)) + .png)): null

2018-12-17 15:59:12 - [TEST_STEP][PASSED] - Statement - counter = counter + 1: null

2018-12-17 15:59:12 - [TEST_STEP][PASSED] - Statement - PreSaveFile = new java.io.File(((pathPrefix + java.lang.Integer.toString(counter)) + .png)): null

2018-12-17 15:59:12 - [TEST_STEP][PASSED] - Statement - counter = counter + 1: null

2018-12-17 15:59:12 - [TEST_STEP][PASSED] - Statement - PreSaveFile = new java.io.File(((pathPrefix + java.lang.Integer.toString(counter)) + .png)): null

2018-12-17 15:59:12 - [TEST_STEP][PASSED] - Statement - counter = counter + 1: null

2018-12-17 15:59:12 - [TEST_STEP][PASSED] - Statement - PreSaveFile = new java.io.File(((pathPrefix + java.lang.Integer.toString(counter)) + .png)): null

2018-12-17 15:59:12 - [TEST_STEP][PASSED] - Statement - counter = counter + 1: null

2018-12-17 15:59:12 - [TEST_STEP][PASSED] - Statement - PreSaveFile = new java.io.File(((pathPrefix + java.lang.Integer.toString(counter)) + .png)): null

2018-12-17 15:59:12 - [TEST_STEP][PASSED] - Statement - counter = counter + 1: null

2018-12-17 15:59:12 - [TEST_STEP][PASSED] - Statement - PreSaveFile = new java.io.File(((pathPrefix + java.lang.Integer.toString(counter)) + .png)): null

2018-12-17 15:59:12 - [TEST_STEP][PASSED] - Statement - counter = counter + 1: null

2018-12-17 15:59:12 - [TEST_STEP][PASSED] - Statement - PreSaveFile = new java.io.File(((pathPrefix + java.lang.Integer.toString(counter)) + .png)): null

2018-12-17 15:59:12 - [TEST_STEP][PASSED] - Statement - counter = counter + 1: null

2018-12-17 15:59:12 - [TEST_STEP][PASSED] - Statement - PreSaveFile = new java.io.File(((pathPrefix + java.lang.Integer.toString(counter)) + .png)): null

2018-12-17 15:59:12 - [TEST_STEP][PASSED] - Statement - counter = counter + 1: null

2018-12-17 15:59:12 - [TEST_STEP][PASSED] - Statement - PreSaveFile = new java.io.File(((pathPrefix + java.lang.Integer.toString(counter)) + .png)): null

2018-12-17 15:59:12 - [TEST_STEP][PASSED] - Statement - counter = counter + 1: null

2018-12-17 15:59:12 - [TEST_STEP][PASSED] - Statement - PreSaveFile = new java.io.File(((pathPrefix + java.lang.Integer.toString(counter)) + .png)): null

2018-12-17 15:59:12 - [TEST_STEP][PASSED] - Statement - counter = counter + 1: null

2018-12-17 15:59:12 - [TEST_STEP][PASSED] - Statement - PreSaveFile = new java.io.File(((pathPrefix + java.lang.Integer.toString(counter)) + .png)): null

2018-12-17 15:59:12 - [TEST_STEP][PASSED] - Statement - counter = counter + 1: null

2018-12-17 15:59:12 - [TEST_STEP][PASSED] - Statement - PreSaveFile = new java.io.File(((pathPrefix + java.lang.Integer.toString(counter)) + .png)): null

2018-12-17 15:59:12 - [TEST_STEP][PASSED] - Statement - counter = counter + 1: null

2018-12-17 15:59:12 - [TEST_STEP][PASSED] - Statement - PreSaveFile = new java.io.File(((pathPrefix + java.lang.Integer.toString(counter)) + .png)): null

2018-12-17 15:59:12 - [TEST_STEP][PASSED] - Statement - counter = counter + 1: null

2018-12-17 15:59:12 - [TEST_STEP][PASSED] - Statement - PreSaveFile = new java.io.File(((pathPrefix + java.lang.Integer.toString(counter)) + .png)): null

2018-12-17 15:59:13 - [TEST_STEP][PASSED] - Statement - counter = counter + 1: null

2018-12-17 15:59:13 - [TEST_STEP][PASSED] - Statement - PreSaveFile = new java.io.File(((pathPrefix + java.lang.Integer.toString(counter)) + .png)): null

2018-12-17 15:59:13 - [TEST_STEP][PASSED] - Statement - counter = counter + 1: null

2018-12-17 15:59:13 - [TEST_STEP][PASSED] - Statement - PreSaveFile = new java.io.File(((pathPrefix + java.lang.Integer.toString(counter)) + .png)): null

2018-12-17 15:59:13 - [TEST_STEP][PASSED] - Statement - counter = counter + 1: null

2018-12-17 15:59:13 - [TEST_STEP][PASSED] - Statement - PreSaveFile = new java.io.File(((pathPrefix + java.lang.Integer.toString(counter)) + .png)): null

2018-12-17 15:59:13 - [TEST_STEP][PASSED] - Statement - counter = counter + 1: null

2018-12-17 15:59:13 - [TEST_STEP][PASSED] - Statement - PreSaveFile = new java.io.File(((pathPrefix + java.lang.Integer.toString(counter)) + .png)): null

2018-12-17 15:59:13 - [TEST_STEP][PASSED] - Statement - counter = counter + 1: null

2018-12-17 15:59:13 - [TEST_STEP][PASSED] - Statement - PreSaveFile = new java.io.File(((pathPrefix + java.lang.Integer.toString(counter)) + .png)): null

2018-12-17 15:59:13 - [TEST_STEP][PASSED] - Statement - counter = counter + 1: null

2018-12-17 15:59:13 - [TEST_STEP][PASSED] - Statement - PreSaveFile = new java.io.File(((pathPrefix + java.lang.Integer.toString(counter)) + .png)): null

2018-12-17 15:59:13 - [TEST_STEP][PASSED] - Statement - counter = counter + 1: null

2018-12-17 15:59:13 - [TEST_STEP][PASSED] - Statement - PreSaveFile = new java.io.File(((pathPrefix + java.lang.Integer.toString(counter)) + .png)): null

2018-12-17 15:59:13 - [TEST_STEP][PASSED] - Statement - counter = counter + 1: null

2018-12-17 15:59:13 - [TEST_STEP][PASSED] - Statement - PreSaveFile = new java.io.File(((pathPrefix + java.lang.Integer.toString(counter)) + .png)): null

2018-12-17 15:59:13 - [TEST_STEP][PASSED] - Statement - counter = counter + 1: null

2018-12-17 15:59:13 - [TEST_STEP][PASSED] - Statement - PreSaveFile = new java.io.File(((pathPrefix + java.lang.Integer.toString(counter)) + .png)): null

2018-12-17 15:59:13 - [TEST_STEP][PASSED] - Statement - counter = counter + 1: null

2018-12-17 15:59:13 - [TEST_STEP][PASSED] - Statement - PreSaveFile = new java.io.File(((pathPrefix + java.lang.Integer.toString(counter)) + .png)): null

2018-12-17 15:59:13 - [TEST_STEP][PASSED] - Statement - counter = counter + 1: null

2018-12-17 15:59:13 - [TEST_STEP][PASSED] - Statement - PreSaveFile = new java.io.File(((pathPrefix + java.lang.Integer.toString(counter)) + .png)): null

2018-12-17 15:59:13 - [TEST_STEP][PASSED] - Statement - counter = counter + 1: null

2018-12-17 15:59:13 - [TEST_STEP][PASSED] - Statement - PreSaveFile = new java.io.File(((pathPrefix + java.lang.Integer.toString(counter)) + .png)): null

2018-12-17 15:59:13 - [TEST_STEP][PASSED] - Statement - counter = counter + 1: null

2018-12-17 15:59:13 - [TEST_STEP][PASSED] - Statement - PreSaveFile = new java.io.File(((pathPrefix + java.lang.Integer.toString(counter)) + .png)): null

2018-12-17 15:59:13 - [TEST_STEP][PASSED] - Statement - counter = counter + 1: null

2018-12-17 15:59:13 - [TEST_STEP][PASSED] - Statement - PreSaveFile = new java.io.File(((pathPrefix + java.lang.Integer.toString(counter)) + .png)): null

2018-12-17 15:59:13 - [TEST_STEP][PASSED] - Statement - counter = counter + 1: null

2018-12-17 15:59:14 - [TEST_STEP][PASSED] - Statement - PreSaveFile = new java.io.File(((pathPrefix + java.lang.Integer.toString(counter)) + .png)): null

2018-12-17 15:59:14 - [TEST_STEP][PASSED] - Statement - counter = counter + 1: null

2018-12-17 15:59:14 - [TEST_STEP][PASSED] - Statement - PreSaveFile = new java.io.File(((pathPrefix + java.lang.Integer.toString(counter)) + .png)): null

2018-12-17 15:59:14 - [TEST_STEP][PASSED] - Statement - counter = counter + 1: null

2018-12-17 15:59:14 - [TEST_STEP][PASSED] - Statement - PreSaveFile = new java.io.File(((pathPrefix + java.lang.Integer.toString(counter)) + .png)): null

2018-12-17 15:59:14 - [TEST_STEP][PASSED] - Statement - counter = counter + 1: null

2018-12-17 15:59:14 - [TEST_STEP][PASSED] - Statement - PreSaveFile = new java.io.File(((pathPrefix + java.lang.Integer.toString(counter)) + .png)): null

2018-12-17 15:59:14 - [TEST_STEP][PASSED] - Statement - counter = counter + 1: null

2018-12-17 15:59:14 - [TEST_STEP][PASSED] - Statement - PreSaveFile = new java.io.File(((pathPrefix + java.lang.Integer.toString(counter)) + .png)): null

2018-12-17 15:59:14 - [TEST_STEP][PASSED] - Statement - counter = counter + 1: null

2018-12-17 15:59:14 - [TEST_STEP][PASSED] - Statement - PreSaveFile = new java.io.File(((pathPrefix + java.lang.Integer.toString(counter)) + .png)): null

2018-12-17 15:59:14 - [TEST_STEP][PASSED] - Statement - counter = counter + 1: null

2018-12-17 15:59:14 - [TEST_STEP][PASSED] - Statement - PreSaveFile = new java.io.File(((pathPrefix + java.lang.Integer.toString(counter)) + .png)): null

2018-12-17 15:59:14 - [TEST_STEP][PASSED] - Statement - counter = counter + 1: null

2018-12-17 15:59:14 - [TEST_STEP][PASSED] - Statement - PreSaveFile = new java.io.File(((pathPrefix + java.lang.Integer.toString(counter)) + .png)): null

2018-12-17 15:59:14 - [TEST_STEP][PASSED] - Statement - counter = counter + 1: null

2018-12-17 15:59:14 - [TEST_STEP][PASSED] - Statement - PreSaveFile = new java.io.File(((pathPrefix + java.lang.Integer.toString(counter)) + .png)): null

2018-12-17 15:59:14 - [TEST_STEP][PASSED] - Statement - counter = counter + 1: null

2018-12-17 15:59:14 - [TEST_STEP][PASSED] - Statement - PreSaveFile = new java.io.File(((pathPrefix + java.lang.Integer.toString(counter)) + .png)): null

2018-12-17 15:59:14 - [TEST_STEP][PASSED] - Statement - counter = counter + 1: null

2018-12-17 15:59:14 - [TEST_STEP][PASSED] - Statement - PreSaveFile = new java.io.File(((pathPrefix + java.lang.Integer.toString(counter)) + .png)): null

2018-12-17 15:59:14 - [TEST_STEP][PASSED] - Statement - counter = counter + 1: null

2018-12-17 15:59:14 - [TEST_STEP][PASSED] - Statement - PreSaveFile = new java.io.File(((pathPrefix + java.lang.Integer.toString(counter)) + .png)): null

2018-12-17 15:59:14 - [TEST_STEP][PASSED] - Statement - counter = counter + 1: null

2018-12-17 15:59:14 - [TEST_STEP][PASSED] - Statement - PreSaveFile = new java.io.File(((pathPrefix + java.lang.Integer.toString(counter)) + .png)): null

2018-12-17 15:59:14 - [TEST_STEP][PASSED] - Statement - counter = counter + 1: null

2018-12-17 15:59:14 - [TEST_STEP][PASSED] - Statement - PreSaveFile = new java.io.File(((pathPrefix + java.lang.Integer.toString(counter)) + .png)): null

2018-12-17 15:59:14 - [TEST_STEP][PASSED] - Statement - counter = counter + 1: null

2018-12-17 15:59:15 - [TEST_STEP][PASSED] - Statement - PreSaveFile = new java.io.File(((pathPrefix + java.lang.Integer.toString(counter)) + .png)): null

2018-12-17 15:59:15 - [TEST_STEP][PASSED] - Statement - counter = counter + 1: null

2018-12-17 15:59:15 - [TEST_STEP][PASSED] - Statement - PreSaveFile = new java.io.File(((pathPrefix + java.lang.Integer.toString(counter)) + .png)): null

2018-12-17 15:59:15 - [TEST_STEP][PASSED] - Statement - counter = counter + 1: null

2018-12-17 15:59:15 - [TEST_STEP][PASSED] - Statement - PreSaveFile = new java.io.File(((pathPrefix + java.lang.Integer.toString(counter)) + .png)): null

2018-12-17 15:59:15 - [TEST_STEP][PASSED] - Statement - counter = counter + 1: null

2018-12-17 15:59:15 - [TEST_STEP][PASSED] - Statement - PreSaveFile = new java.io.File(((pathPrefix + java.lang.Integer.toString(counter)) + .png)): null

2018-12-17 15:59:15 - [TEST_STEP][PASSED] - Statement - counter = counter + 1: null

2018-12-17 15:59:15 - [TEST_STEP][PASSED] - Statement - PreSaveFile = new java.io.File(((pathPrefix + java.lang.Integer.toString(counter)) + .png)): null

2018-12-17 15:59:15 - [TEST_STEP][PASSED] - Statement - counter = counter + 1: null

2018-12-17 15:59:15 - [TEST_STEP][PASSED] - Statement - PreSaveFile = new java.io.File(((pathPrefix + java.lang.Integer.toString(counter)) + .png)): null

2018-12-17 15:59:15 - [TEST_STEP][PASSED] - Statement - counter = counter + 1: null

2018-12-17 15:59:15 - [TEST_STEP][PASSED] - Statement - PreSaveFile = new java.io.File(((pathPrefix + java.lang.Integer.toString(counter)) + .png)): null

2018-12-17 15:59:15 - [TEST_STEP][PASSED] - Statement - counter = counter + 1: null

2018-12-17 15:59:15 - [TEST_STEP][PASSED] - Statement - PreSaveFile = new java.io.File(((pathPrefix + java.lang.Integer.toString(counter)) + .png)): null

2018-12-17 15:59:15 - [TEST_STEP][PASSED] - Statement - counter = counter + 1: null

2018-12-17 15:59:15 - [TEST_STEP][PASSED] - Statement - PreSaveFile = new java.io.File(((pathPrefix + java.lang.Integer.toString(counter)) + .png)): null

2018-12-17 15:59:15 - [TEST_STEP][PASSED] - Statement - counter = counter + 1: null

2018-12-17 15:59:15 - [TEST_STEP][PASSED] - Statement - PreSaveFile = new java.io.File(((pathPrefix + java.lang.Integer.toString(counter)) + .png)): null

2018-12-17 15:59:15 - [TEST_STEP][PASSED] - Statement - counter = counter + 1: null

2018-12-17 15:59:15 - [TEST_STEP][PASSED] - Statement - PreSaveFile = new java.io.File(((pathPrefix + java.lang.Integer.toString(counter)) + .png)): null

2018-12-17 15:59:15 - [TEST_STEP][PASSED] - Statement - counter = counter + 1: null

2018-12-17 15:59:15 - [TEST_STEP][PASSED] - Statement - PreSaveFile = new java.io.File(((pathPrefix + java.lang.Integer.toString(counter)) + .png)): null

2018-12-17 15:59:15 - [TEST_STEP][PASSED] - Statement - counter = counter + 1: null

2018-12-17 15:59:15 - [TEST_STEP][PASSED] - Statement - PreSaveFile = new java.io.File(((pathPrefix + java.lang.Integer.toString(counter)) + .png)): null

2018-12-17 15:59:15 - [TEST_STEP][PASSED] - Statement - counter = counter + 1: null

2018-12-17 15:59:15 - [TEST_STEP][PASSED] - Statement - PreSaveFile = new java.io.File(((pathPrefix + java.lang.Integer.toString(counter)) + .png)): null

2018-12-17 15:59:15 - [TEST_STEP][PASSED] - Statement - counter = counter + 1: null

2018-12-17 15:59:15 - [TEST_STEP][PASSED] - Statement - PreSaveFile = new java.io.File(((pathPrefix + java.lang.Integer.toString(counter)) + .png)): null

2018-12-17 15:59:16 - [TEST_STEP][PASSED] - Statement - counter = counter + 1: null

2018-12-17 15:59:16 - [TEST_STEP][PASSED] - Statement - PreSaveFile = new java.io.File(((pathPrefix + java.lang.Integer.toString(counter)) + .png)): null

2018-12-17 15:59:16 - [TEST_STEP][PASSED] - Statement - counter = counter + 1: null

2018-12-17 15:59:16 - [TEST_STEP][PASSED] - Statement - PreSaveFile = new java.io.File(((pathPrefix + java.lang.Integer.toString(counter)) + .png)): null

2018-12-17 15:59:16 - [TEST_STEP][PASSED] - Statement - counter = counter + 1: null

2018-12-17 15:59:16 - [TEST_STEP][PASSED] - Statement - PreSaveFile = new java.io.File(((pathPrefix + java.lang.Integer.toString(counter)) + .png)): null

2018-12-17 15:59:16 - [TEST_STEP][PASSED] - Statement - counter = counter + 1: null

2018-12-17 15:59:16 - [TEST_STEP][PASSED] - Statement - PreSaveFile = new java.io.File(((pathPrefix + java.lang.Integer.toString(counter)) + .png)): null

2018-12-17 15:59:16 - [TEST_STEP][PASSED] - Statement - counter = counter + 1: null

2018-12-17 15:59:16 - [TEST_STEP][PASSED] - Statement - PreSaveFile = new java.io.File(((pathPrefix + java.lang.Integer.toString(counter)) + .png)): null

2018-12-17 15:59:16 - [TEST_STEP][PASSED] - Statement - counter = counter + 1: null

2018-12-17 15:59:16 - [TEST_STEP][PASSED] - Statement - PreSaveFile = new java.io.File(((pathPrefix + java.lang.Integer.toString(counter)) + .png)): null

2018-12-17 15:59:16 - [TEST_STEP][PASSED] - Statement - counter = counter + 1: null

2018-12-17 15:59:16 - [TEST_STEP][PASSED] - Statement - PreSaveFile = new java.io.File(((pathPrefix + java.lang.Integer.toString(counter)) + .png)): null

2018-12-17 15:59:16 - [TEST_STEP][PASSED] - Statement - counter = counter + 1: null

2018-12-17 15:59:16 - [TEST_STEP][PASSED] - Statement - PreSaveFile = new java.io.File(((pathPrefix + java.lang.Integer.toString(counter)) + .png)): null

2018-12-17 15:59:16 - [TEST_STEP][PASSED] - Statement - counter = counter + 1: null

2018-12-17 15:59:16 - [TEST_STEP][PASSED] - Statement - PreSaveFile = new java.io.File(((pathPrefix + java.lang.Integer.toString(counter)) + .png)): null

2018-12-17 15:59:16 - [TEST_STEP][PASSED] - Statement - counter = counter + 1: null

2018-12-17 15:59:16 - [TEST_STEP][PASSED] - Statement - PreSaveFile = new java.io.File(((pathPrefix + java.lang.Integer.toString(counter)) + .png)): null

2018-12-17 15:59:16 - [TEST_STEP][PASSED] - Statement - counter = counter + 1: null

2018-12-17 15:59:16 - [TEST_STEP][PASSED] - Statement - PreSaveFile = new java.io.File(((pathPrefix + java.lang.Integer.toString(counter)) + .png)): null

2018-12-17 15:59:16 - [TEST_STEP][PASSED] - Statement - counter = counter + 1: null

2018-12-17 15:59:16 - [TEST_STEP][PASSED] - Statement - PreSaveFile = new java.io.File(((pathPrefix + java.lang.Integer.toString(counter)) + .png)): null

2018-12-17 15:59:16 - [TEST_STEP][PASSED] - Statement - counter = counter + 1: null

2018-12-17 15:59:16 - [TEST_STEP][PASSED] - Statement - PreSaveFile = new java.io.File(((pathPrefix + java.lang.Integer.toString(counter)) + .png)): null

2018-12-17 15:59:16 - [TEST_STEP][PASSED] - Statement - counter = counter + 1: null

2018-12-17 15:59:16 - [TEST_STEP][PASSED] - Statement - PreSaveFile = new java.io.File(((pathPrefix + java.lang.Integer.toString(counter)) + .png)): null

2018-12-17 15:59:16 - [TEST_STEP][PASSED] - Statement - counter = counter + 1: null

2018-12-17 15:59:17 - [TEST_STEP][PASSED] - Statement - PreSaveFile = new java.io.File(((pathPrefix + java.lang.Integer.toString(counter)) + .png)): null

2018-12-17 15:59:17 - [TEST_STEP][PASSED] - Statement - counter = counter + 1: null

2018-12-17 15:59:17 - [TEST_STEP][PASSED] - Statement - PreSaveFile = new java.io.File(((pathPrefix + java.lang.Integer.toString(counter)) + .png)): null

2018-12-17 15:59:17 - [TEST_STEP][PASSED] - Statement - counter = counter + 1: null

2018-12-17 15:59:17 - [TEST_STEP][PASSED] - Statement - PreSaveFile = new java.io.File(((pathPrefix + java.lang.Integer.toString(counter)) + .png)): null

2018-12-17 15:59:17 - [TEST_STEP][PASSED] - Statement - counter = counter + 1: null

2018-12-17 15:59:17 - [TEST_STEP][PASSED] - Statement - PreSaveFile = new java.io.File(((pathPrefix + java.lang.Integer.toString(counter)) + .png)): null

2018-12-17 15:59:17 - [TEST_STEP][PASSED] - Statement - counter = counter + 1: null

2018-12-17 15:59:17 - [TEST_STEP][PASSED] - Statement - PreSaveFile = new java.io.File(((pathPrefix + java.lang.Integer.toString(counter)) + .png)): null

2018-12-17 15:59:17 - [TEST_STEP][PASSED] - Statement - counter = counter + 1: null

2018-12-17 15:59:17 - [TEST_STEP][PASSED] - Statement - PreSaveFile = new java.io.File(((pathPrefix + java.lang.Integer.toString(counter)) + .png)): null

2018-12-17 15:59:17 - [TEST_STEP][PASSED] - Statement - counter = counter + 1: null

2018-12-17 15:59:17 - [TEST_STEP][PASSED] - Statement - PreSaveFile = new java.io.File(((pathPrefix + java.lang.Integer.toString(counter)) + .png)): null

2018-12-17 15:59:17 - [TEST_STEP][PASSED] - Statement - counter = counter + 1: null

2018-12-17 15:59:17 - [TEST_STEP][PASSED] - Statement - PreSaveFile = new java.io.File(((pathPrefix + java.lang.Integer.toString(counter)) + .png)): null

2018-12-17 15:59:17 - [TEST_STEP][PASSED] - Statement - counter = counter + 1: null

2018-12-17 15:59:17 - [TEST_STEP][PASSED] - Statement - PreSaveFile = new java.io.File(((pathPrefix + java.lang.Integer.toString(counter)) + .png)): null

2018-12-17 15:59:17 - [TEST_STEP][PASSED] - Statement - counter = counter + 1: null

2018-12-17 15:59:17 - [TEST_STEP][PASSED] - Statement - PreSaveFile = new java.io.File(((pathPrefix + java.lang.Integer.toString(counter)) + .png)): null

2018-12-17 15:59:17 - [TEST_STEP][PASSED] - Statement - counter = counter + 1: null

2018-12-17 15:59:17 - [TEST_STEP][PASSED] - Statement - PreSaveFile = new java.io.File(((pathPrefix + java.lang.Integer.toString(counter)) + .png)): null

2018-12-17 15:59:17 - [TEST_STEP][PASSED] - Statement - counter = counter + 1: null

2018-12-17 15:59:17 - [TEST_STEP][PASSED] - Statement - PreSaveFile = new java.io.File(((pathPrefix + java.lang.Integer.toString(counter)) + .png)): null

2018-12-17 15:59:17 - [TEST_STEP][PASSED] - Statement - counter = counter + 1: null

2018-12-17 15:59:17 - [TEST_STEP][PASSED] - Statement - PreSaveFile = new java.io.File(((pathPrefix + java.lang.Integer.toString(counter)) + .png)): null

2018-12-17 15:59:17 - [TEST_STEP][PASSED] - Statement - counter = counter + 1: null

2018-12-17 15:59:17 - [TEST_STEP][PASSED] - Statement - PreSaveFile = new java.io.File(((pathPrefix + java.lang.Integer.toString(counter)) + .png)): null

2018-12-17 15:59:17 - [TEST_STEP][PASSED] - Statement - counter = counter + 1: null

2018-12-17 15:59:18 - [TEST_STEP][PASSED] - Statement - PreSaveFile = new java.io.File(((pathPrefix + java.lang.Integer.toString(counter)) + .png)): null

2018-12-17 15:59:18 - [TEST_STEP][PASSED] - Statement - counter = counter + 1: null

2018-12-17 15:59:18 - [TEST_STEP][PASSED] - Statement - PreSaveFile = new java.io.File(((pathPrefix + java.lang.Integer.toString(counter)) + .png)): null

2018-12-17 15:59:18 - [TEST_STEP][PASSED] - Statement - counter = counter + 1: null

2018-12-17 15:59:18 - [TEST_STEP][PASSED] - Statement - PreSaveFile = new java.io.File(((pathPrefix + java.lang.Integer.toString(counter)) + .png)): null

2018-12-17 15:59:18 - [TEST_STEP][PASSED] - Statement - counter = counter + 1: null

2018-12-17 15:59:18 - [TEST_STEP][PASSED] - Statement - PreSaveFile = new java.io.File(((pathPrefix + java.lang.Integer.toString(counter)) + .png)): null

2018-12-17 15:59:18 - [TEST_STEP][PASSED] - Statement - counter = counter + 1: null

2018-12-17 15:59:18 - [TEST_STEP][PASSED] - Statement - PreSaveFile = new java.io.File(((pathPrefix + java.lang.Integer.toString(counter)) + .png)): null

2018-12-17 15:59:18 - [TEST_STEP][PASSED] - Statement - counter = counter + 1: null

2018-12-17 15:59:18 - [TEST_STEP][PASSED] - Statement - PreSaveFile = new java.io.File(((pathPrefix + java.lang.Integer.toString(counter)) + .png)): null

2018-12-17 15:59:18 - [TEST_STEP][PASSED] - Statement - counter = counter + 1: null

2018-12-17 15:59:18 - [TEST_STEP][PASSED] - Statement - PreSaveFile = new java.io.File(((pathPrefix + java.lang.Integer.toString(counter)) + .png)): null

2018-12-17 15:59:18 - [TEST_STEP][PASSED] - Statement - counter = counter + 1: null

2018-12-17 15:59:18 - [TEST_STEP][PASSED] - Statement - PreSaveFile = new java.io.File(((pathPrefix + java.lang.Integer.toString(counter)) + .png)): null

2018-12-17 15:59:18 - [TEST_STEP][PASSED] - Statement - counter = counter + 1: null

2018-12-17 15:59:18 - [TEST_STEP][PASSED] - Statement - PreSaveFile = new java.io.File(((pathPrefix + java.lang.Integer.toString(counter)) + .png)): null

2018-12-17 15:59:18 - [TEST_STEP][PASSED] - Statement - counter = counter + 1: null

2018-12-17 15:59:18 - [TEST_STEP][PASSED] - Statement - PreSaveFile = new java.io.File(((pathPrefix + java.lang.Integer.toString(counter)) + .png)): null

2018-12-17 15:59:18 - [TEST_STEP][PASSED] - Statement - counter = counter + 1: null

2018-12-17 15:59:18 - [TEST_STEP][PASSED] - Statement - PreSaveFile = new java.io.File(((pathPrefix + java.lang.Integer.toString(counter)) + .png)): null

2018-12-17 15:59:18 - [TEST_STEP][PASSED] - Statement - counter = counter + 1: null

2018-12-17 15:59:18 - [TEST_STEP][PASSED] - Statement - PreSaveFile = new java.io.File(((pathPrefix + java.lang.Integer.toString(counter)) + .png)): null

2018-12-17 15:59:18 - [TEST_STEP][PASSED] - Statement - counter = counter + 1: null

2018-12-17 15:59:18 - [TEST_STEP][PASSED] - Statement - PreSaveFile = new java.io.File(((pathPrefix + java.lang.Integer.toString(counter)) + .png)): null

2018-12-17 15:59:18 - [TEST_STEP][PASSED] - Statement - counter = counter + 1: null

2018-12-17 15:59:18 - [TEST_STEP][PASSED] - Statement - PreSaveFile = new java.io.File(((pathPrefix + java.lang.Integer.toString(counter)) + .png)): null

2018-12-17 15:59:18 - [TEST_STEP][PASSED] - Statement - counter = counter + 1: null

2018-12-17 15:59:18 - [TEST_STEP][PASSED] - Statement - PreSaveFile = new java.io.File(((pathPrefix + java.lang.Integer.toString(counter)) + .png)): null

2018-12-17 15:59:19 - [TEST_STEP][PASSED] - Statement - counter = counter + 1: null

2018-12-17 15:59:19 - [TEST_STEP][PASSED] - Statement - PreSaveFile = new java.io.File(((pathPrefix + java.lang.Integer.toString(counter)) + .png)): null

2018-12-17 15:59:19 - [TEST_STEP][PASSED] - Statement - counter = counter + 1: null

2018-12-17 15:59:19 - [TEST_STEP][PASSED] - Statement - PreSaveFile = new java.io.File(((pathPrefix + java.lang.Integer.toString(counter)) + .png)): null

2018-12-17 15:59:19 - [TEST_STEP][PASSED] - Statement - counter = counter + 1: null

2018-12-17 15:59:19 - [TEST_STEP][PASSED] - Statement - PreSaveFile = new java.io.File(((pathPrefix + java.lang.Integer.toString(counter)) + .png)): null

2018-12-17 15:59:19 - [TEST_STEP][PASSED] - Statement - counter = counter + 1: null

2018-12-17 15:59:19 - [TEST_STEP][PASSED] - Statement - PreSaveFile = new java.io.File(((pathPrefix + java.lang.Integer.toString(counter)) + .png)): null

2018-12-17 15:59:19 - [TEST_STEP][PASSED] - Statement - counter = counter + 1: null

2018-12-17 15:59:19 - [TEST_STEP][PASSED] - Statement - PreSaveFile = new java.io.File(((pathPrefix + java.lang.Integer.toString(counter)) + .png)): null

2018-12-17 15:59:19 - [TEST_STEP][PASSED] - Statement - counter = counter + 1: null

2018-12-17 15:59:19 - [TEST_STEP][PASSED] - Statement - PreSaveFile = new java.io.File(((pathPrefix + java.lang.Integer.toString(counter)) + .png)): null

2018-12-17 15:59:19 - [TEST_STEP][PASSED] - Statement - counter = counter + 1: null

2018-12-17 15:59:19 - [TEST_STEP][PASSED] - Statement - PreSaveFile = new java.io.File(((pathPrefix + java.lang.Integer.toString(counter)) + .png)): null

2018-12-17 15:59:19 - [TEST_STEP][PASSED] - Statement - counter = counter + 1: null

2018-12-17 15:59:19 - [TEST_STEP][PASSED] - Statement - PreSaveFile = new java.io.File(((pathPrefix + java.lang.Integer.toString(counter)) + .png)): null

2018-12-17 15:59:19 - [TEST_STEP][PASSED] - Statement - counter = counter + 1: null

2018-12-17 15:59:19 - [TEST_STEP][PASSED] - Statement - PreSaveFile = new java.io.File(((pathPrefix + java.lang.Integer.toString(counter)) + .png)): null

2018-12-17 15:59:19 - [TEST_STEP][PASSED] - Statement - counter = counter + 1: null

2018-12-17 15:59:19 - [TEST_STEP][PASSED] - Statement - PreSaveFile = new java.io.File(((pathPrefix + java.lang.Integer.toString(counter)) + .png)): null

2018-12-17 15:59:19 - [TEST_STEP][PASSED] - Statement - counter = counter + 1: null

2018-12-17 15:59:19 - [TEST_STEP][PASSED] - Statement - PreSaveFile = new java.io.File(((pathPrefix + java.lang.Integer.toString(counter)) + .png)): null

2018-12-17 15:59:19 - [TEST_STEP][PASSED] - Statement - counter = counter + 1: null

2018-12-17 15:59:19 - [TEST_STEP][PASSED] - Statement - PreSaveFile = new java.io.File(((pathPrefix + java.lang.Integer.toString(counter)) + .png)): null

2018-12-17 15:59:19 - [TEST_STEP][PASSED] - Statement - counter = counter + 1: null

2018-12-17 15:59:19 - [TEST_STEP][PASSED] - Statement - PreSaveFile = new java.io.File(((pathPrefix + java.lang.Integer.toString(counter)) + .png)): null

2018-12-17 15:59:19 - [TEST_STEP][PASSED] - Statement - counter = counter + 1: null

2018-12-17 15:59:19 - [TEST_STEP][PASSED] - Statement - PreSaveFile = new java.io.File(((pathPrefix + java.lang.Integer.toString(counter)) + .png)): null

2018-12-17 15:59:19 - [TEST_STEP][PASSED] - Statement - counter = counter + 1: null

2018-12-17 15:59:19 - [TEST_STEP][PASSED] - Statement - PreSaveFile = new java.io.File(((pathPrefix + java.lang.Integer.toString(counter)) + .png)): null

2018-12-17 15:59:19 - [TEST_STEP][PASSED] - Statement - counter = counter + 1: null

2018-12-17 15:59:19 - [TEST_STEP][PASSED] - Statement - PreSaveFile = new java.io.File(((pathPrefix + java.lang.Integer.toString(counter)) + .png)): null

2018-12-17 15:59:19 - [TEST_STEP][PASSED] - Statement - counter = counter + 1: null

2018-12-17 15:59:19 - [TEST_STEP][PASSED] - Statement - PreSaveFile = new java.io.File(((pathPrefix + java.lang.Integer.toString(counter)) + .png)): null

2018-12-17 15:59:19 - [TEST_STEP][PASSED] - Statement - counter = counter + 1: null

2018-12-17 15:59:19 - [TEST_STEP][PASSED] - Statement - PreSaveFile = new java.io.File(((pathPrefix + java.lang.Integer.toString(counter)) + .png)): null

2018-12-17 15:59:19 - [TEST_STEP][PASSED] - Statement - counter = counter + 1: null

2018-12-17 15:59:19 - [TEST_STEP][PASSED] - Statement - PreSaveFile = new java.io.File(((pathPrefix + java.lang.Integer.toString(counter)) + .png)): null

2018-12-17 15:59:19 - [TEST_STEP][PASSED] - Statement - counter = counter + 1: null

2018-12-17 15:59:20 - [TEST_STEP][PASSED] - Statement - PreSaveFile = new java.io.File(((pathPrefix + java.lang.Integer.toString(counter)) + .png)): null

2018-12-17 15:59:20 - [TEST_STEP][PASSED] - Statement - counter = counter + 1: null

2018-12-17 15:59:20 - [TEST_STEP][PASSED] - Statement - PreSaveFile = new java.io.File(((pathPrefix + java.lang.Integer.toString(counter)) + .png)): null

2018-12-17 15:59:20 - [TEST_STEP][PASSED] - Statement - counter = counter + 1: null

2018-12-17 15:59:20 - [TEST_STEP][PASSED] - Statement - PreSaveFile = new java.io.File(((pathPrefix + java.lang.Integer.toString(counter)) + .png)): null

2018-12-17 15:59:20 - [TEST_STEP][PASSED] - Statement - counter = counter + 1: null

2018-12-17 15:59:20 - [TEST_STEP][PASSED] - Statement - PreSaveFile = new java.io.File(((pathPrefix + java.lang.Integer.toString(counter)) + .png)): null

2018-12-17 15:59:20 - [TEST_STEP][PASSED] - Statement - counter = counter + 1: null

2018-12-17 15:59:20 - [TEST_STEP][PASSED] - Statement - PreSaveFile = new java.io.File(((pathPrefix + java.lang.Integer.toString(counter)) + .png)): null

2018-12-17 15:59:20 - [TEST_STEP][PASSED] - Statement - counter = counter + 1: null

2018-12-17 15:59:20 - [TEST_STEP][PASSED] - Statement - PreSaveFile = new java.io.File(((pathPrefix + java.lang.Integer.toString(counter)) + .png)): null

2018-12-17 15:59:20 - [TEST_STEP][PASSED] - Statement - counter = counter + 1: null

2018-12-17 15:59:20 - [TEST_STEP][PASSED] - Statement - PreSaveFile = new java.io.File(((pathPrefix + java.lang.Integer.toString(counter)) + .png)): null

2018-12-17 15:59:20 - [TEST_STEP][PASSED] - Statement - counter = counter + 1: null

2018-12-17 15:59:20 - [TEST_STEP][PASSED] - Statement - PreSaveFile = new java.io.File(((pathPrefix + java.lang.Integer.toString(counter)) + .png)): null

2018-12-17 15:59:20 - [TEST_STEP][PASSED] - Statement - counter = counter + 1: null

2018-12-17 15:59:20 - [TEST_STEP][PASSED] - Statement - PreSaveFile = new java.io.File(((pathPrefix + java.lang.Integer.toString(counter)) + .png)): null

2018-12-17 15:59:20 - [TEST_STEP][PASSED] - Statement - counter = counter + 1: null

2018-12-17 15:59:20 - [TEST_STEP][PASSED] - Statement - PreSaveFile = new java.io.File(((pathPrefix + java.lang.Integer.toString(counter)) + .png)): null

2018-12-17 15:59:20 - [TEST_STEP][PASSED] - Statement - counter = counter + 1: null

2018-12-17 15:59:20 - [TEST_STEP][PASSED] - Statement - PreSaveFile = new java.io.File(((pathPrefix + java.lang.Integer.toString(counter)) + .png)): null

2018-12-17 15:59:20 - [TEST_STEP][PASSED] - Statement - counter = counter + 1: null

2018-12-17 15:59:20 - [TEST_STEP][PASSED] - Statement - PreSaveFile = new java.io.File(((pathPrefix + java.lang.Integer.toString(counter)) + .png)): null

2018-12-17 15:59:20 - [TEST_STEP][PASSED] - Statement - counter = counter + 1: null

2018-12-17 15:59:20 - [TEST_STEP][PASSED] - Statement - PreSaveFile = new java.io.File(((pathPrefix + java.lang.Integer.toString(counter)) + .png)): null

2018-12-17 15:59:20 - [TEST_STEP][PASSED] - Statement - counter = counter + 1: null

2018-12-17 15:59:20 - [TEST_STEP][PASSED] - Statement - PreSaveFile = new java.io.File(((pathPrefix + java.lang.Integer.toString(counter)) + .png)): null

2018-12-17 15:59:20 - [TEST_STEP][PASSED] - Statement - counter = counter + 1: null

2018-12-17 15:59:21 - [TEST_STEP][PASSED] - Statement - PreSaveFile = new java.io.File(((pathPrefix + java.lang.Integer.toString(counter)) + .png)): null

2018-12-17 15:59:21 - [TEST_STEP][PASSED] - Statement - counter = counter + 1: null

2018-12-17 15:59:21 - [TEST_STEP][PASSED] - Statement - PreSaveFile = new java.io.File(((pathPrefix + java.lang.Integer.toString(counter)) + .png)): null

2018-12-17 15:59:21 - [TEST_STEP][PASSED] - Statement - counter = counter + 1: null

2018-12-17 15:59:21 - [TEST_STEP][PASSED] - Statement - PreSaveFile = new java.io.File(((pathPrefix + java.lang.Integer.toString(counter)) + .png)): null

2018-12-17 15:59:21 - [TEST_STEP][PASSED] - Statement - counter = counter + 1: null

2018-12-17 15:59:21 - [TEST_STEP][PASSED] - Statement - PreSaveFile = new java.io.File(((pathPrefix + java.lang.Integer.toString(counter)) + .png)): null

2018-12-17 15:59:21 - [TEST_STEP][PASSED] - Statement - counter = counter + 1: null

2018-12-17 15:59:21 - [TEST_STEP][PASSED] - Statement - PreSaveFile = new java.io.File(((pathPrefix + java.lang.Integer.toString(counter)) + .png)): null

2018-12-17 15:59:21 - [TEST_STEP][PASSED] - Statement - counter = counter + 1: null

2018-12-17 15:59:21 - [TEST_STEP][PASSED] - Statement - PreSaveFile = new java.io.File(((pathPrefix + java.lang.Integer.toString(counter)) + .png)): null

2018-12-17 15:59:21 - [TEST_STEP][PASSED] - Statement - counter = counter + 1: null

2018-12-17 15:59:21 - [TEST_STEP][PASSED] - Statement - PreSaveFile = new java.io.File(((pathPrefix + java.lang.Integer.toString(counter)) + .png)): null

2018-12-17 15:59:21 - [TEST_STEP][PASSED] - Statement - counter = counter + 1: null

2018-12-17 15:59:21 - [TEST_STEP][PASSED] - Statement - PreSaveFile = new java.io.File(((pathPrefix + java.lang.Integer.toString(counter)) + .png)): null

2018-12-17 15:59:21 - [TEST_STEP][PASSED] - Statement - counter = counter + 1: null

2018-12-17 15:59:21 - [TEST_STEP][PASSED] - Statement - PreSaveFile = new java.io.File(((pathPrefix + java.lang.Integer.toString(counter)) + .png)): null

2018-12-17 15:59:21 - [TEST_STEP][PASSED] - Statement - counter = counter + 1: null

2018-12-17 15:59:21 - [TEST_STEP][PASSED] - Statement - PreSaveFile = new java.io.File(((pathPrefix + java.lang.Integer.toString(counter)) + .png)): null

2018-12-17 15:59:21 - [TEST_STEP][PASSED] - Statement - counter = counter + 1: null

2018-12-17 15:59:21 - [TEST_STEP][PASSED] - Statement - PreSaveFile = new java.io.File(((pathPrefix + java.lang.Integer.toString(counter)) + .png)): null

2018-12-17 15:59:21 - [TEST_STEP][PASSED] - Statement - counter = counter + 1: null

2018-12-17 15:59:21 - [TEST_STEP][PASSED] - Statement - PreSaveFile = new java.io.File(((pathPrefix + java.lang.Integer.toString(counter)) + .png)): null

2018-12-17 15:59:21 - [TEST_STEP][PASSED] - Statement - counter = counter + 1: null

2018-12-17 15:59:21 - [TEST_STEP][PASSED] - Statement - PreSaveFile = new java.io.File(((pathPrefix + java.lang.Integer.toString(counter)) + .png)): null

2018-12-17 15:59:21 - [TEST_STEP][PASSED] - Statement - counter = counter + 1: null

2018-12-17 15:59:21 - [TEST_STEP][PASSED] - Statement - PreSaveFile = new java.io.File(((pathPrefix + java.lang.Integer.toString(counter)) + .png)): null

2018-12-17 15:59:21 - [TEST_STEP][PASSED] - Statement - counter = counter + 1: null

2018-12-17 15:59:21 - [TEST_STEP][PASSED] - Statement - PreSaveFile = new java.io.File(((pathPrefix + java.lang.Integer.toString(counter)) + .png)): null

2018-12-17 15:59:22 - [TEST_STEP][PASSED] - Statement - counter = counter + 1: null

2018-12-17 15:59:22 - [TEST_STEP][PASSED] - Statement - PreSaveFile = new java.io.File(((pathPrefix + java.lang.Integer.toString(counter)) + .png)): null

2018-12-17 15:59:22 - [TEST_STEP][PASSED] - Statement - counter = counter + 1: null

2018-12-17 15:59:22 - [TEST_STEP][PASSED] - Statement - PreSaveFile = new java.io.File(((pathPrefix + java.lang.Integer.toString(counter)) + .png)): null

2018-12-17 15:59:22 - [TEST_STEP][PASSED] - Statement - counter = counter + 1: null

2018-12-17 15:59:22 - [TEST_STEP][PASSED] - Statement - PreSaveFile = new java.io.File(((pathPrefix + java.lang.Integer.toString(counter)) + .png)): null

2018-12-17 15:59:22 - [TEST_STEP][PASSED] - Statement - counter = counter + 1: null

2018-12-17 15:59:22 - [TEST_STEP][PASSED] - Statement - PreSaveFile = new java.io.File(((pathPrefix + java.lang.Integer.toString(counter)) + .png)): null

2018-12-17 15:59:22 - [TEST_STEP][PASSED] - Statement - counter = counter + 1: null

2018-12-17 15:59:22 - [TEST_STEP][PASSED] - Statement - PreSaveFile = new java.io.File(((pathPrefix + java.lang.Integer.toString(counter)) + .png)): null

2018-12-17 15:59:22 - [TEST_STEP][PASSED] - Statement - counter = counter + 1: null

2018-12-17 15:59:22 - [TEST_STEP][PASSED] - Statement - PreSaveFile = new java.io.File(((pathPrefix + java.lang.Integer.toString(counter)) + .png)): null

2018-12-17 15:59:22 - [TEST_STEP][PASSED] - Statement - counter = counter + 1: null

2018-12-17 15:59:22 - [TEST_STEP][PASSED] - Statement - PreSaveFile = new java.io.File(((pathPrefix + java.lang.Integer.toString(counter)) + .png)): null

2018-12-17 15:59:22 - [TEST_STEP][PASSED] - Statement - counter = counter + 1: null

2018-12-17 15:59:22 - [TEST_STEP][PASSED] - Statement - PreSaveFile = new java.io.File(((pathPrefix + java.lang.Integer.toString(counter)) + .png)): null

2018-12-17 15:59:22 - [TEST_STEP][PASSED] - Statement - counter = counter + 1: null

2018-12-17 15:59:22 - [TEST_STEP][PASSED] - Statement - PreSaveFile = new java.io.File(((pathPrefix + java.lang.Integer.toString(counter)) + .png)): null

2018-12-17 15:59:22 - [TEST_STEP][PASSED] - Statement - counter = counter + 1: null

2018-12-17 15:59:22 - [TEST_STEP][PASSED] - Statement - PreSaveFile = new java.io.File(((pathPrefix + java.lang.Integer.toString(counter)) + .png)): null

2018-12-17 15:59:22 - [TEST_STEP][PASSED] - Statement - counter = counter + 1: null

2018-12-17 15:59:22 - [TEST_STEP][PASSED] - Statement - PreSaveFile = new java.io.File(((pathPrefix + java.lang.Integer.toString(counter)) + .png)): null

2018-12-17 15:59:22 - [TEST_STEP][PASSED] - Statement - counter = counter + 1: null

2018-12-17 15:59:22 - [TEST_STEP][PASSED] - Statement - PreSaveFile = new java.io.File(((pathPrefix + java.lang.Integer.toString(counter)) + .png)): null

2018-12-17 15:59:22 - [TEST_STEP][PASSED] - Statement - counter = counter + 1: null

2018-12-17 15:59:22 - [TEST_STEP][PASSED] - Statement - PreSaveFile = new java.io.File(((pathPrefix + java.lang.Integer.toString(counter)) + .png)): null

2018-12-17 15:59:22 - [TEST_STEP][PASSED] - Statement - counter = counter + 1: null

2018-12-17 15:59:22 - [TEST_STEP][PASSED] - Statement - PreSaveFile = new java.io.File(((pathPrefix + java.lang.Integer.toString(counter)) + .png)): null

2018-12-17 15:59:22 - [TEST_STEP][PASSED] - Statement - counter = counter + 1: null

2018-12-17 15:59:23 - [TEST_STEP][PASSED] - Statement - PreSaveFile = new java.io.File(((pathPrefix + java.lang.Integer.toString(counter)) + .png)): null

2018-12-17 15:59:23 - [TEST_STEP][PASSED] - Statement - counter = counter + 1: null

2018-12-17 15:59:23 - [TEST_STEP][PASSED] - Statement - PreSaveFile = new java.io.File(((pathPrefix + java.lang.Integer.toString(counter)) + .png)): null

2018-12-17 15:59:23 - [TEST_STEP][PASSED] - Statement - counter = counter + 1: null

2018-12-17 15:59:23 - [TEST_STEP][PASSED] - Statement - PreSaveFile = new java.io.File(((pathPrefix + java.lang.Integer.toString(counter)) + .png)): null

2018-12-17 15:59:23 - [TEST_STEP][PASSED] - Statement - counter = counter + 1: null

2018-12-17 15:59:23 - [TEST_STEP][PASSED] - Statement - PreSaveFile = new java.io.File(((pathPrefix + java.lang.Integer.toString(counter)) + .png)): null

2018-12-17 15:59:23 - [TEST_STEP][PASSED] - Statement - counter = counter + 1: null

2018-12-17 15:59:23 - [TEST_STEP][PASSED] - Statement - PreSaveFile = new java.io.File(((pathPrefix + java.lang.Integer.toString(counter)) + .png)): null

2018-12-17 15:59:23 - [TEST_STEP][PASSED] - Statement - counter = counter + 1: null

2018-12-17 15:59:23 - [TEST_STEP][PASSED] - Statement - PreSaveFile = new java.io.File(((pathPrefix + java.lang.Integer.toString(counter)) + .png)): null

2018-12-17 15:59:23 - [TEST_STEP][PASSED] - Statement - counter = counter + 1: null

2018-12-17 15:59:23 - [TEST_STEP][PASSED] - Statement - PreSaveFile = new java.io.File(((pathPrefix + java.lang.Integer.toString(counter)) + .png)): null

2018-12-17 15:59:23 - [TEST_STEP][PASSED] - Statement - counter = counter + 1: null

2018-12-17 15:59:23 - [TEST_STEP][PASSED] - Statement - PreSaveFile = new java.io.File(((pathPrefix + java.lang.Integer.toString(counter)) + .png)): null

2018-12-17 15:59:23 - [TEST_STEP][PASSED] - Statement - counter = counter + 1: null

2018-12-17 15:59:23 - [TEST_STEP][PASSED] - Statement - PreSaveFile = new java.io.File(((pathPrefix + java.lang.Integer.toString(counter)) + .png)): null

2018-12-17 15:59:23 - [TEST_STEP][PASSED] - Statement - counter = counter + 1: null

2018-12-17 15:59:24 - [TEST_STEP][PASSED] - Statement - PreSaveFile = new java.io.File(((pathPrefix + java.lang.Integer.toString(counter)) + .png)): null

2018-12-17 15:59:24 - [TEST_STEP][PASSED] - Statement - counter = counter + 1: null

2018-12-17 15:59:24 - [TEST_STEP][PASSED] - Statement - PreSaveFile = new java.io.File(((pathPrefix + java.lang.Integer.toString(counter)) + .png)): null

2018-12-17 15:59:24 - [TEST_STEP][PASSED] - Statement - counter = counter + 1: null

2018-12-17 15:59:24 - [TEST_STEP][PASSED] - Statement - PreSaveFile = new java.io.File(((pathPrefix + java.lang.Integer.toString(counter)) + .png)): null

2018-12-17 15:59:24 - [TEST_STEP][PASSED] - Statement - counter = counter + 1: null

2018-12-17 15:59:24 - [TEST_STEP][PASSED] - Statement - PreSaveFile = new java.io.File(((pathPrefix + java.lang.Integer.toString(counter)) + .png)): null

2018-12-17 15:59:24 - [TEST_STEP][PASSED] - Statement - counter = counter + 1: null

2018-12-17 15:59:24 - [TEST_STEP][PASSED] - Statement - PreSaveFile = new java.io.File(((pathPrefix + java.lang.Integer.toString(counter)) + .png)): null

2018-12-17 15:59:24 - [TEST_STEP][PASSED] - Statement - counter = counter + 1: null

2018-12-17 15:59:24 - [TEST_STEP][PASSED] - Statement - PreSaveFile = new java.io.File(((pathPrefix + java.lang.Integer.toString(counter)) + .png)): null

2018-12-17 15:59:24 - [TEST_STEP][PASSED] - Statement - counter = counter + 1: null

2018-12-17 15:59:24 - [TEST_STEP][PASSED] - Statement - PreSaveFile = new java.io.File(((pathPrefix + java.lang.Integer.toString(counter)) + .png)): null

2018-12-17 15:59:24 - [TEST_STEP][PASSED] - Statement - counter = counter + 1: null

2018-12-17 15:59:24 - [TEST_STEP][PASSED] - Statement - PreSaveFile = new java.io.File(((pathPrefix + java.lang.Integer.toString(counter)) + .png)): null

2018-12-17 15:59:24 - [TEST_STEP][PASSED] - Statement - counter = counter + 1: null

2018-12-17 15:59:24 - [TEST_STEP][PASSED] - Statement - PreSaveFile = new java.io.File(((pathPrefix + java.lang.Integer.toString(counter)) + .png)): null

2018-12-17 15:59:24 - [TEST_STEP][PASSED] - Statement - counter = counter + 1: null

2018-12-17 15:59:24 - [TEST_STEP][PASSED] - Statement - PreSaveFile = new java.io.File(((pathPrefix + java.lang.Integer.toString(counter)) + .png)): null

2018-12-17 15:59:24 - [TEST_STEP][PASSED] - Statement - counter = counter + 1: null

2018-12-17 15:59:24 - [TEST_STEP][PASSED] - Statement - PreSaveFile = new java.io.File(((pathPrefix + java.lang.Integer.toString(counter)) + .png)): null

2018-12-17 15:59:25 - [TEST_STEP][PASSED] - Statement - counter = counter + 1: null

2018-12-17 15:59:25 - [TEST_STEP][PASSED] - Statement - PreSaveFile = new java.io.File(((pathPrefix + java.lang.Integer.toString(counter)) + .png)): null

2018-12-17 15:59:25 - [TEST_STEP][PASSED] - Statement - counter = counter + 1: null

2018-12-17 15:59:25 - [TEST_STEP][PASSED] - Statement - PreSaveFile = new java.io.File(((pathPrefix + java.lang.Integer.toString(counter)) + .png)): null

2018-12-17 15:59:25 - [TEST_STEP][PASSED] - Statement - counter = counter + 1: null

2018-12-17 15:59:25 - [TEST_STEP][PASSED] - Statement - PreSaveFile = new java.io.File(((pathPrefix + java.lang.Integer.toString(counter)) + .png)): null

2018-12-17 15:59:25 - [TEST_STEP][PASSED] - Statement - counter = counter + 1: null

2018-12-17 15:59:25 - [TEST_STEP][PASSED] - Statement - PreSaveFile = new java.io.File(((pathPrefix + java.lang.Integer.toString(counter)) + .png)): null

2018-12-17 15:59:25 - [TEST_STEP][PASSED] - Statement - counter = counter + 1: null

2018-12-17 15:59:25 - [TEST_STEP][PASSED] - Statement - PreSaveFile = new java.io.File(((pathPrefix + java.lang.Integer.toString(counter)) + .png)): null

2018-12-17 15:59:25 - [TEST_STEP][PASSED] - Statement - counter = counter + 1: null

2018-12-17 15:59:25 - [TEST_STEP][PASSED] - Statement - PreSaveFile = new java.io.File(((pathPrefix + java.lang.Integer.toString(counter)) + .png)): null

2018-12-17 15:59:25 - [TEST_STEP][PASSED] - Statement - counter = counter + 1: null

2018-12-17 15:59:25 - [TEST_STEP][PASSED] - Statement - PreSaveFile = new java.io.File(((pathPrefix + java.lang.Integer.toString(counter)) + .png)): null

2018-12-17 15:59:25 - [TEST_STEP][PASSED] - Statement - counter = counter + 1: null

2018-12-17 15:59:25 - [TEST_STEP][PASSED] - Statement - PreSaveFile = new java.io.File(((pathPrefix + java.lang.Integer.toString(counter)) + .png)): null

2018-12-17 15:59:25 - [TEST_STEP][PASSED] - Statement - counter = counter + 1: null

2018-12-17 15:59:25 - [TEST_STEP][PASSED] - Statement - PreSaveFile = new java.io.File(((pathPrefix + java.lang.Integer.toString(counter)) + .png)): null

2018-12-17 15:59:25 - [TEST_STEP][PASSED] - Statement - counter = counter + 1: null

2018-12-17 15:59:25 - [TEST_STEP][PASSED] - Statement - PreSaveFile = new java.io.File(((pathPrefix + java.lang.Integer.toString(counter)) + .png)): null

2018-12-17 15:59:25 - [TEST_STEP][PASSED] - Statement - counter = counter + 1: null

2018-12-17 15:59:25 - [TEST_STEP][PASSED] - Statement - PreSaveFile = new java.io.File(((pathPrefix + java.lang.Integer.toString(counter)) + .png)): null

2018-12-17 15:59:25 - [TEST_STEP][PASSED] - Statement - counter = counter + 1: null

2018-12-17 15:59:25 - [TEST_STEP][PASSED] - Statement - PreSaveFile = new java.io.File(((pathPrefix + java.lang.Integer.toString(counter)) + .png)): null

2018-12-17 15:59:25 - [TEST_STEP][PASSED] - Statement - counter = counter + 1: null

2018-12-17 15:59:25 - [TEST_STEP][PASSED] - Statement - PreSaveFile = new java.io.File(((pathPrefix + java.lang.Integer.toString(counter)) + .png)): null

2018-12-17 15:59:25 - [TEST_STEP][PASSED] - Statement - counter = counter + 1: null

2018-12-17 15:59:25 - [TEST_STEP][PASSED] - Statement - PreSaveFile = new java.io.File(((pathPrefix + java.lang.Integer.toString(counter)) + .png)): null

2018-12-17 15:59:25 - [TEST_STEP][PASSED] - Statement - counter = counter + 1: null

2018-12-17 15:59:25 - [TEST_STEP][PASSED] - Statement - PreSaveFile = new java.io.File(((pathPrefix + java.lang.Integer.toString(counter)) + .png)): null

2018-12-17 15:59:25 - [TEST_STEP][PASSED] - Statement - counter = counter + 1: null

2018-12-17 15:59:25 - [TEST_STEP][PASSED] - Statement - PreSaveFile = new java.io.File(((pathPrefix + java.lang.Integer.toString(counter)) + .png)): null

2018-12-17 15:59:25 - [TEST_STEP][PASSED] - Statement - counter = counter + 1: null

2018-12-17 15:59:25 - [TEST_STEP][PASSED] - Statement - PreSaveFile = new java.io.File(((pathPrefix + java.lang.Integer.toString(counter)) + .png)): null

2018-12-17 15:59:25 - [TEST_STEP][PASSED] - Statement - counter = counter + 1: null

2018-12-17 15:59:25 - [TEST_STEP][PASSED] - Statement - PreSaveFile = new java.io.File(((pathPrefix + java.lang.Integer.toString(counter)) + .png)): null

2018-12-17 15:59:25 - [TEST_STEP][PASSED] - Statement - counter = counter + 1: null

2018-12-17 15:59:25 - [TEST_STEP][PASSED] - Statement - PreSaveFile = new java.io.File(((pathPrefix + java.lang.Integer.toString(counter)) + .png)): null

2018-12-17 15:59:26 - [TEST_STEP][PASSED] - Statement - counter = counter + 1: null

2018-12-17 15:59:26 - [TEST_STEP][PASSED] - Statement - PreSaveFile = new java.io.File(((pathPrefix + java.lang.Integer.toString(counter)) + .png)): null

2018-12-17 15:59:26 - [TEST_STEP][PASSED] - Statement - counter = counter + 1: null

2018-12-17 15:59:26 - [TEST_STEP][PASSED] - Statement - PreSaveFile = new java.io.File(((pathPrefix + java.lang.Integer.toString(counter)) + .png)): null

2018-12-17 15:59:26 - [TEST_STEP][PASSED] - Statement - counter = counter + 1: null

2018-12-17 15:59:26 - [TEST_STEP][PASSED] - Statement - PreSaveFile = new java.io.File(((pathPrefix + java.lang.Integer.toString(counter)) + .png)): null

2018-12-17 15:59:26 - [TEST_STEP][PASSED] - Statement - counter = counter + 1: null

2018-12-17 15:59:26 - [TEST_STEP][PASSED] - Statement - PreSaveFile = new java.io.File(((pathPrefix + java.lang.Integer.toString(counter)) + .png)): null

2018-12-17 15:59:26 - [TEST_STEP][PASSED] - Statement - counter = counter + 1: null

2018-12-17 15:59:26 - [TEST_STEP][PASSED] - Statement - PreSaveFile = new java.io.File(((pathPrefix + java.lang.Integer.toString(counter)) + .png)): null

2018-12-17 15:59:26 - [TEST_STEP][PASSED] - Statement - counter = counter + 1: null

2018-12-17 15:59:26 - [TEST_STEP][PASSED] - Statement - PreSaveFile = new java.io.File(((pathPrefix + java.lang.Integer.toString(counter)) + .png)): null

2018-12-17 15:59:26 - [TEST_STEP][PASSED] - Statement - counter = counter + 1: null

2018-12-17 15:59:26 - [TEST_STEP][PASSED] - Statement - PreSaveFile = new java.io.File(((pathPrefix + java.lang.Integer.toString(counter)) + .png)): null

2018-12-17 15:59:26 - [TEST_STEP][PASSED] - Statement - counter = counter + 1: null

2018-12-17 15:59:26 - [TEST_STEP][PASSED] - Statement - PreSaveFile = new java.io.File(((pathPrefix + java.lang.Integer.toString(counter)) + .png)): null

2018-12-17 15:59:26 - [TEST_STEP][PASSED] - Statement - counter = counter + 1: null

2018-12-17 15:59:26 - [TEST_STEP][PASSED] - Statement - PreSaveFile = new java.io.File(((pathPrefix + java.lang.Integer.toString(counter)) + .png)): null

2018-12-17 15:59:26 - [TEST_STEP][PASSED] - Statement - counter = counter + 1: null

2018-12-17 15:59:26 - [TEST_STEP][PASSED] - Statement - PreSaveFile = new java.io.File(((pathPrefix + java.lang.Integer.toString(counter)) + .png)): null

2018-12-17 15:59:26 - [TEST_STEP][PASSED] - Statement - counter = counter + 1: null

2018-12-17 15:59:26 - [TEST_STEP][PASSED] - Statement - PreSaveFile = new java.io.File(((pathPrefix + java.lang.Integer.toString(counter)) + .png)): null

2018-12-17 15:59:26 - [TEST_STEP][PASSED] - Statement - counter = counter + 1: null

2018-12-17 15:59:26 - [TEST_STEP][PASSED] - Statement - PreSaveFile = new java.io.File(((pathPrefix + java.lang.Integer.toString(counter)) + .png)): null

2018-12-17 15:59:26 - [TEST_STEP][PASSED] - Statement - counter = counter + 1: null

2018-12-17 15:59:26 - [TEST_STEP][PASSED] - Statement - PreSaveFile = new java.io.File(((pathPrefix + java.lang.Integer.toString(counter)) + .png)): null

2018-12-17 15:59:26 - [TEST_STEP][PASSED] - Statement - counter = counter + 1: null

2018-12-17 15:59:26 - [TEST_STEP][PASSED] - Statement - PreSaveFile = new java.io.File(((pathPrefix + java.lang.Integer.toString(counter)) + .png)): null

2018-12-17 15:59:26 - [TEST_STEP][PASSED] - Statement - counter = counter + 1: null

2018-12-17 15:59:27 - [TEST_STEP][PASSED] - Statement - PreSaveFile = new java.io.File(((pathPrefix + java.lang.Integer.toString(counter)) + .png)): null

2018-12-17 15:59:27 - [TEST_STEP][PASSED] - Statement - counter = counter + 1: null

2018-12-17 15:59:27 - [TEST_STEP][PASSED] - Statement - PreSaveFile = new java.io.File(((pathPrefix + java.lang.Integer.toString(counter)) + .png)): null

2018-12-17 15:59:27 - [TEST_STEP][PASSED] - Statement - counter = counter + 1: null

2018-12-17 15:59:27 - [TEST_STEP][PASSED] - Statement - PreSaveFile = new java.io.File(((pathPrefix + java.lang.Integer.toString(counter)) + .png)): null

2018-12-17 15:59:27 - [TEST_STEP][PASSED] - Statement - counter = counter + 1: null

2018-12-17 15:59:27 - [TEST_STEP][PASSED] - Statement - PreSaveFile = new java.io.File(((pathPrefix + java.lang.Integer.toString(counter)) + .png)): null

2018-12-17 15:59:27 - [TEST_STEP][PASSED] - Statement - counter = counter + 1: null

2018-12-17 15:59:27 - [TEST_STEP][PASSED] - Statement - PreSaveFile = new java.io.File(((pathPrefix + java.lang.Integer.toString(counter)) + .png)): null

2018-12-17 15:59:27 - [TEST_STEP][PASSED] - Statement - counter = counter + 1: null

2018-12-17 15:59:27 - [TEST_STEP][PASSED] - Statement - PreSaveFile = new java.io.File(((pathPrefix + java.lang.Integer.toString(counter)) + .png)): null

2018-12-17 15:59:27 - [TEST_STEP][PASSED] - Statement - counter = counter + 1: null

2018-12-17 15:59:27 - [TEST_STEP][PASSED] - Statement - PreSaveFile = new java.io.File(((pathPrefix + java.lang.Integer.toString(counter)) + .png)): null

2018-12-17 15:59:27 - [TEST_STEP][PASSED] - Statement - counter = counter + 1: null

2018-12-17 15:59:27 - [TEST_STEP][PASSED] - Statement - PreSaveFile = new java.io.File(((pathPrefix + java.lang.Integer.toString(counter)) + .png)): null

2018-12-17 15:59:27 - [TEST_STEP][PASSED] - Statement - counter = counter + 1: null

2018-12-17 15:59:27 - [TEST_STEP][PASSED] - Statement - PreSaveFile = new java.io.File(((pathPrefix + java.lang.Integer.toString(counter)) + .png)): null

2018-12-17 15:59:27 - [TEST_STEP][PASSED] - Statement - counter = counter + 1: null

2018-12-17 15:59:27 - [TEST_STEP][PASSED] - Statement - PreSaveFile = new java.io.File(((pathPrefix + java.lang.Integer.toString(counter)) + .png)): null

2018-12-17 15:59:28 - [TEST_STEP][PASSED] - Statement - counter = counter + 1: null

2018-12-17 15:59:28 - [TEST_STEP][PASSED] - Statement - PreSaveFile = new java.io.File(((pathPrefix + java.lang.Integer.toString(counter)) + .png)): null

2018-12-17 15:59:28 - [TEST_STEP][PASSED] - Statement - counter = counter + 1: null

2018-12-17 15:59:28 - [TEST_STEP][PASSED] - Statement - PreSaveFile = new java.io.File(((pathPrefix + java.lang.Integer.toString(counter)) + .png)): null

2018-12-17 15:59:28 - [TEST_STEP][PASSED] - Statement - counter = counter + 1: null

2018-12-17 15:59:28 - [TEST_STEP][PASSED] - Statement - PreSaveFile = new java.io.File(((pathPrefix + java.lang.Integer.toString(counter)) + .png)): null

2018-12-17 15:59:28 - [TEST_STEP][PASSED] - Statement - counter = counter + 1: null

2018-12-17 15:59:28 - [TEST_STEP][PASSED] - Statement - PreSaveFile = new java.io.File(((pathPrefix + java.lang.Integer.toString(counter)) + .png)): null

2018-12-17 15:59:28 - [TEST_STEP][PASSED] - Statement - counter = counter + 1: null

2018-12-17 15:59:28 - [TEST_STEP][PASSED] - Statement - PreSaveFile = new java.io.File(((pathPrefix + java.lang.Integer.toString(counter)) + .png)): null

2018-12-17 15:59:28 - [TEST_STEP][PASSED] - Statement - counter = counter + 1: null

2018-12-17 15:59:28 - [TEST_STEP][PASSED] - Statement - PreSaveFile = new java.io.File(((pathPrefix + java.lang.Integer.toString(counter)) + .png)): null

2018-12-17 15:59:28 - [TEST_STEP][PASSED] - Statement - counter = counter + 1: null

2018-12-17 15:59:28 - [TEST_STEP][PASSED] - Statement - PreSaveFile = new java.io.File(((pathPrefix + java.lang.Integer.toString(counter)) + .png)): null

2018-12-17 15:59:28 - [TEST_STEP][PASSED] - Statement - counter = counter + 1: null

2018-12-17 15:59:28 - [TEST_STEP][PASSED] - Statement - PreSaveFile = new java.io.File(((pathPrefix + java.lang.Integer.toString(counter)) + .png)): null

2018-12-17 15:59:28 - [TEST_STEP][PASSED] - Statement - counter = counter + 1: null

2018-12-17 15:59:28 - [TEST_STEP][PASSED] - Statement - PreSaveFile = new java.io.File(((pathPrefix + java.lang.Integer.toString(counter)) + .png)): null

2018-12-17 15:59:28 - [TEST_STEP][PASSED] - Statement - counter = counter + 1: null

2018-12-17 15:59:29 - [TEST_STEP][PASSED] - Statement - PreSaveFile = new java.io.File(((pathPrefix + java.lang.Integer.toString(counter)) + .png)): null

2018-12-17 15:59:29 - [TEST_STEP][PASSED] - Statement - counter = counter + 1: null

2018-12-17 15:59:29 - [TEST_STEP][PASSED] - Statement - PreSaveFile = new java.io.File(((pathPrefix + java.lang.Integer.toString(counter)) + .png)): null

2018-12-17 15:59:29 - [TEST_STEP][PASSED] - Statement - counter = counter + 1: null

2018-12-17 15:59:29 - [TEST_STEP][PASSED] - Statement - PreSaveFile = new java.io.File(((pathPrefix + java.lang.Integer.toString(counter)) + .png)): null

2018-12-17 15:59:29 - [TEST_STEP][PASSED] - Statement - counter = counter + 1: null

2018-12-17 15:59:29 - [TEST_STEP][PASSED] - Statement - PreSaveFile = new java.io.File(((pathPrefix + java.lang.Integer.toString(counter)) + .png)): null

2018-12-17 15:59:29 - [TEST_STEP][PASSED] - Statement - counter = counter + 1: null

2018-12-17 15:59:29 - [TEST_STEP][PASSED] - Statement - PreSaveFile = new java.io.File(((pathPrefix + java.lang.Integer.toString(counter)) + .png)): null

2018-12-17 15:59:29 - [TEST_STEP][PASSED] - Statement - counter = counter + 1: null

2018-12-17 15:59:29 - [TEST_STEP][PASSED] - Statement - PreSaveFile = new java.io.File(((pathPrefix + java.lang.Integer.toString(counter)) + .png)): null

2018-12-17 15:59:29 - [TEST_STEP][PASSED] - Statement - counter = counter + 1: null

2018-12-17 15:59:29 - [TEST_STEP][PASSED] - Statement - PreSaveFile = new java.io.File(((pathPrefix + java.lang.Integer.toString(counter)) + .png)): null

2018-12-17 15:59:29 - [TEST_STEP][PASSED] - Statement - counter = counter + 1: null

2018-12-17 15:59:29 - [TEST_STEP][PASSED] - Statement - PreSaveFile = new java.io.File(((pathPrefix + java.lang.Integer.toString(counter)) + .png)): null

2018-12-17 15:59:29 - [TEST_STEP][PASSED] - Statement - counter = counter + 1: null

2018-12-17 15:59:29 - [TEST_STEP][PASSED] - Statement - PreSaveFile = new java.io.File(((pathPrefix + java.lang.Integer.toString(counter)) + .png)): null

2018-12-17 15:59:29 - [TEST_STEP][PASSED] - Statement - counter = counter + 1: null

2018-12-17 15:59:29 - [TEST_STEP][PASSED] - Statement - PreSaveFile = new java.io.File(((pathPrefix + java.lang.Integer.toString(counter)) + .png)): null

2018-12-17 15:59:29 - [TEST_STEP][PASSED] - Statement - counter = counter + 1: null

2018-12-17 15:59:29 - [TEST_STEP][PASSED] - Statement - PreSaveFile = new java.io.File(((pathPrefix + java.lang.Integer.toString(counter)) + .png)): null

2018-12-17 15:59:29 - [TEST_STEP][PASSED] - Statement - counter = counter + 1: null

2018-12-17 15:59:29 - [TEST_STEP][PASSED] - Statement - PreSaveFile = new java.io.File(((pathPrefix + java.lang.Integer.toString(counter)) + .png)): null

2018-12-17 15:59:29 - [TEST_STEP][PASSED] - Statement - counter = counter + 1: null

2018-12-17 15:59:29 - [TEST_STEP][PASSED] - Statement - PreSaveFile = new java.io.File(((pathPrefix + java.lang.Integer.toString(counter)) + .png)): null

2018-12-17 15:59:29 - [TEST_STEP][PASSED] - Statement - counter = counter + 1: null

2018-12-17 15:59:29 - [TEST_STEP][PASSED] - Statement - PreSaveFile = new java.io.File(((pathPrefix + java.lang.Integer.toString(counter)) + .png)): null

2018-12-17 15:59:29 - [TEST_STEP][PASSED] - Statement - counter = counter + 1: null

2018-12-17 15:59:30 - [TEST_STEP][PASSED] - Statement - PreSaveFile = new java.io.File(((pathPrefix + java.lang.Integer.toString(counter)) + .png)): null

2018-12-17 15:59:30 - [TEST_STEP][PASSED] - Statement - counter = counter + 1: null

2018-12-17 15:59:30 - [TEST_STEP][PASSED] - Statement - PreSaveFile = new java.io.File(((pathPrefix + java.lang.Integer.toString(counter)) + .png)): null

2018-12-17 15:59:30 - [TEST_STEP][PASSED] - Statement - counter = counter + 1: null

2018-12-17 15:59:30 - [TEST_STEP][PASSED] - Statement - PreSaveFile = new java.io.File(((pathPrefix + java.lang.Integer.toString(counter)) + .png)): null

2018-12-17 15:59:30 - [TEST_STEP][PASSED] - Statement - counter = counter + 1: null

2018-12-17 15:59:30 - [TEST_STEP][PASSED] - Statement - PreSaveFile = new java.io.File(((pathPrefix + java.lang.Integer.toString(counter)) + .png)): null

2018-12-17 15:59:30 - [TEST_STEP][PASSED] - Statement - counter = counter + 1: null

2018-12-17 15:59:30 - [TEST_STEP][PASSED] - Statement - PreSaveFile = new java.io.File(((pathPrefix + java.lang.Integer.toString(counter)) + .png)): null

2018-12-17 15:59:30 - [TEST_STEP][PASSED] - Statement - counter = counter + 1: null

2018-12-17 15:59:30 - [TEST_STEP][PASSED] - Statement - PreSaveFile = new java.io.File(((pathPrefix + java.lang.Integer.toString(counter)) + .png)): null

2018-12-17 15:59:30 - [TEST_STEP][PASSED] - Statement - counter = counter + 1: null

2018-12-17 15:59:30 - [TEST_STEP][PASSED] - Statement - PreSaveFile = new java.io.File(((pathPrefix + java.lang.Integer.toString(counter)) + .png)): null

2018-12-17 15:59:30 - [TEST_STEP][PASSED] - Statement - counter = counter + 1: null

2018-12-17 15:59:30 - [TEST_STEP][PASSED] - Statement - PreSaveFile = new java.io.File(((pathPrefix + java.lang.Integer.toString(counter)) + .png)): null

2018-12-17 15:59:30 - [TEST_STEP][PASSED] - Statement - counter = counter + 1: null

2018-12-17 15:59:30 - [TEST_STEP][PASSED] - Statement - PreSaveFile = new java.io.File(((pathPrefix + java.lang.Integer.toString(counter)) + .png)): null

2018-12-17 15:59:30 - [TEST_STEP][PASSED] - Statement - counter = counter + 1: null

2018-12-17 15:59:30 - [TEST_STEP][PASSED] - Statement - PreSaveFile = new java.io.File(((pathPrefix + java.lang.Integer.toString(counter)) + .png)): null

2018-12-17 15:59:30 - [TEST_STEP][PASSED] - Statement - counter = counter + 1: null

2018-12-17 15:59:31 - [TEST_STEP][PASSED] - Statement - PreSaveFile = new java.io.File(((pathPrefix + java.lang.Integer.toString(counter)) + .png)): null

2018-12-17 15:59:31 - [TEST_STEP][PASSED] - Statement - counter = counter + 1: null

2018-12-17 15:59:31 - [TEST_STEP][PASSED] - Statement - PreSaveFile = new java.io.File(((pathPrefix + java.lang.Integer.toString(counter)) + .png)): null

2018-12-17 15:59:31 - [TEST_STEP][PASSED] - Statement - counter = counter + 1: null

2018-12-17 15:59:31 - [TEST_STEP][PASSED] - Statement - PreSaveFile = new java.io.File(((pathPrefix + java.lang.Integer.toString(counter)) + .png)): null

2018-12-17 15:59:31 - [TEST_STEP][PASSED] - Statement - counter = counter + 1: null

2018-12-17 15:59:31 - [TEST_STEP][PASSED] - Statement - PreSaveFile = new java.io.File(((pathPrefix + java.lang.Integer.toString(counter)) + .png)): null

2018-12-17 15:59:31 - [TEST_STEP][PASSED] - Statement - counter = counter + 1: null

2018-12-17 15:59:31 - [TEST_STEP][PASSED] - Statement - PreSaveFile = new java.io.File(((pathPrefix + java.lang.Integer.toString(counter)) + .png)): null

2018-12-17 15:59:31 - [TEST_STEP][PASSED] - Statement - counter = counter + 1: null

2018-12-17 15:59:31 - [TEST_STEP][PASSED] - Statement - PreSaveFile = new java.io.File(((pathPrefix + java.lang.Integer.toString(counter)) + .png)): null

2018-12-17 15:59:31 - [TEST_STEP][PASSED] - Statement - counter = counter + 1: null

2018-12-17 15:59:31 - [TEST_STEP][PASSED] - Statement - PreSaveFile = new java.io.File(((pathPrefix + java.lang.Integer.toString(counter)) + .png)): null

2018-12-17 15:59:31 - [TEST_STEP][PASSED] - Statement - counter = counter + 1: null

2018-12-17 15:59:31 - [TEST_STEP][PASSED] - Statement - PreSaveFile = new java.io.File(((pathPrefix + java.lang.Integer.toString(counter)) + .png)): null

2018-12-17 15:59:31 - [TEST_STEP][PASSED] - Statement - counter = counter + 1: null

2018-12-17 15:59:31 - [TEST_STEP][PASSED] - Statement - PreSaveFile = new java.io.File(((pathPrefix + java.lang.Integer.toString(counter)) + .png)): null

2018-12-17 15:59:31 - [TEST_STEP][PASSED] - Statement - counter = counter + 1: null

2018-12-17 15:59:31 - [TEST_STEP][PASSED] - Statement - PreSaveFile = new java.io.File(((pathPrefix + java.lang.Integer.toString(counter)) + .png)): null

2018-12-17 15:59:31 - [TEST_STEP][PASSED] - Statement - counter = counter + 1: null

2018-12-17 15:59:31 - [TEST_STEP][PASSED] - Statement - PreSaveFile = new java.io.File(((pathPrefix + java.lang.Integer.toString(counter)) + .png)): null

2018-12-17 15:59:31 - [TEST_STEP][PASSED] - Statement - counter = counter + 1: null

2018-12-17 15:59:31 - [TEST_STEP][PASSED] - Statement - PreSaveFile = new java.io.File(((pathPrefix + java.lang.Integer.toString(counter)) + .png)): null

2018-12-17 15:59:31 - [TEST_STEP][PASSED] - Statement - counter = counter + 1: null

2018-12-17 15:59:31 - [TEST_STEP][PASSED] - Statement - PreSaveFile = new java.io.File(((pathPrefix + java.lang.Integer.toString(counter)) + .png)): null

2018-12-17 15:59:31 - [TEST_STEP][PASSED] - Statement - counter = counter + 1: null

2018-12-17 15:59:31 - [TEST_STEP][PASSED] - Statement - PreSaveFile = new java.io.File(((pathPrefix + java.lang.Integer.toString(counter)) + .png)): null

2018-12-17 15:59:31 - [TEST_STEP][PASSED] - Statement - counter = counter + 1: null

2018-12-17 15:59:32 - [TEST_STEP][PASSED] - Statement - PreSaveFile = new java.io.File(((pathPrefix + java.lang.Integer.toString(counter)) + .png)): null

2018-12-17 15:59:32 - [TEST_STEP][PASSED] - Statement - counter = counter + 1: null

2018-12-17 15:59:32 - [TEST_STEP][PASSED] - Statement - PreSaveFile = new java.io.File(((pathPrefix + java.lang.Integer.toString(counter)) + .png)): null

2018-12-17 15:59:32 - [TEST_STEP][PASSED] - Statement - counter = counter + 1: null

2018-12-17 15:59:32 - [TEST_STEP][PASSED] - Statement - PreSaveFile = new java.io.File(((pathPrefix + java.lang.Integer.toString(counter)) + .png)): null

2018-12-17 15:59:32 - [TEST_STEP][PASSED] - Statement - counter = counter + 1: null

2018-12-17 15:59:32 - [TEST_STEP][PASSED] - Statement - PreSaveFile = new java.io.File(((pathPrefix + java.lang.Integer.toString(counter)) + .png)): null

2018-12-17 15:59:32 - [TEST_STEP][PASSED] - Statement - counter = counter + 1: null

2018-12-17 15:59:32 - [TEST_STEP][PASSED] - Statement - PreSaveFile = new java.io.File(((pathPrefix + java.lang.Integer.toString(counter)) + .png)): null

2018-12-17 15:59:32 - [TEST_STEP][PASSED] - Statement - counter = counter + 1: null

2018-12-17 15:59:32 - [TEST_STEP][PASSED] - Statement - PreSaveFile = new java.io.File(((pathPrefix + java.lang.Integer.toString(counter)) + .png)): null

2018-12-17 15:59:32 - [TEST_STEP][PASSED] - Statement - counter = counter + 1: null

2018-12-17 15:59:32 - [TEST_STEP][PASSED] - Statement - PreSaveFile = new java.io.File(((pathPrefix + java.lang.Integer.toString(counter)) + .png)): null

2018-12-17 15:59:32 - [TEST_STEP][PASSED] - Statement - counter = counter + 1: null

2018-12-17 15:59:32 - [TEST_STEP][PASSED] - Statement - PreSaveFile = new java.io.File(((pathPrefix + java.lang.Integer.toString(counter)) + .png)): null

2018-12-17 15:59:32 - [TEST_STEP][PASSED] - Statement - counter = counter + 1: null

2018-12-17 15:59:32 - [TEST_STEP][PASSED] - Statement - PreSaveFile = new java.io.File(((pathPrefix + java.lang.Integer.toString(counter)) + .png)): null

2018-12-17 15:59:32 - [TEST_STEP][PASSED] - Statement - counter = counter + 1: null

2018-12-17 15:59:32 - [TEST_STEP][PASSED] - Statement - PreSaveFile = new java.io.File(((pathPrefix + java.lang.Integer.toString(counter)) + .png)): null

2018-12-17 15:59:32 - [TEST_STEP][PASSED] - Statement - counter = counter + 1: null

2018-12-17 15:59:33 - [TEST_STEP][PASSED] - Statement - PreSaveFile = new java.io.File(((pathPrefix + java.lang.Integer.toString(counter)) + .png)): null

2018-12-17 15:59:33 - [TEST_STEP][PASSED] - Statement - counter = counter + 1: null

2018-12-17 15:59:33 - [TEST_STEP][PASSED] - Statement - PreSaveFile = new java.io.File(((pathPrefix + java.lang.Integer.toString(counter)) + .png)): null

2018-12-17 15:59:33 - [TEST_STEP][PASSED] - Statement - counter = counter + 1: null

2018-12-17 15:59:33 - [TEST_STEP][PASSED] - Statement - PreSaveFile = new java.io.File(((pathPrefix + java.lang.Integer.toString(counter)) + .png)): null

2018-12-17 15:59:33 - [TEST_STEP][PASSED] - Statement - counter = counter + 1: null

2018-12-17 15:59:33 - [TEST_STEP][PASSED] - Statement - PreSaveFile = new java.io.File(((pathPrefix + java.lang.Integer.toString(counter)) + .png)): null

2018-12-17 15:59:33 - [TEST_STEP][PASSED] - Statement - counter = counter + 1: null

2018-12-17 15:59:33 - [TEST_STEP][PASSED] - Statement - PreSaveFile = new java.io.File(((pathPrefix + java.lang.Integer.toString(counter)) + .png)): null

2018-12-17 15:59:33 - [TEST_STEP][PASSED] - Statement - counter = counter + 1: null

2018-12-17 15:59:33 - [TEST_STEP][PASSED] - Statement - PreSaveFile = new java.io.File(((pathPrefix + java.lang.Integer.toString(counter)) + .png)): null

2018-12-17 15:59:33 - [TEST_STEP][PASSED] - Statement - counter = counter + 1: null

2018-12-17 15:59:33 - [TEST_STEP][PASSED] - Statement - PreSaveFile = new java.io.File(((pathPrefix + java.lang.Integer.toString(counter)) + .png)): null

2018-12-17 15:59:33 - [TEST_STEP][PASSED] - Statement - counter = counter + 1: null

2018-12-17 15:59:33 - [TEST_STEP][PASSED] - Statement - PreSaveFile = new java.io.File(((pathPrefix + java.lang.Integer.toString(counter)) + .png)): null

2018-12-17 15:59:33 - [TEST_STEP][PASSED] - Statement - counter = counter + 1: null

2018-12-17 15:59:33 - [TEST_STEP][PASSED] - Statement - PreSaveFile = new java.io.File(((pathPrefix + java.lang.Integer.toString(counter)) + .png)): null

2018-12-17 15:59:33 - [TEST_STEP][PASSED] - Statement - counter = counter + 1: null

2018-12-17 15:59:33 - [TEST_STEP][PASSED] - Statement - PreSaveFile = new java.io.File(((pathPrefix + java.lang.Integer.toString(counter)) + .png)): null

2018-12-17 15:59:34 - [TEST_STEP][PASSED] - Statement - counter = counter + 1: null

2018-12-17 15:59:34 - [TEST_STEP][PASSED] - Statement - PreSaveFile = new java.io.File(((pathPrefix + java.lang.Integer.toString(counter)) + .png)): null

2018-12-17 15:59:34 - [TEST_STEP][PASSED] - Statement - counter = counter + 1: null

2018-12-17 15:59:34 - [TEST_STEP][PASSED] - Statement - PreSaveFile = new java.io.File(((pathPrefix + java.lang.Integer.toString(counter)) + .png)): null

2018-12-17 15:59:34 - [TEST_STEP][PASSED] - Statement - counter = counter + 1: null

2018-12-17 15:59:34 - [TEST_STEP][PASSED] - Statement - PreSaveFile = new java.io.File(((pathPrefix + java.lang.Integer.toString(counter)) + .png)): null

2018-12-17 15:59:34 - [TEST_STEP][PASSED] - Statement - counter = counter + 1: null

2018-12-17 15:59:34 - [TEST_STEP][PASSED] - Statement - PreSaveFile = new java.io.File(((pathPrefix + java.lang.Integer.toString(counter)) + .png)): null

2018-12-17 15:59:34 - [TEST_STEP][PASSED] - Statement - counter = counter + 1: null

2018-12-17 15:59:34 - [TEST_STEP][PASSED] - Statement - PreSaveFile = new java.io.File(((pathPrefix + java.lang.Integer.toString(counter)) + .png)): null

2018-12-17 15:59:34 - [TEST_STEP][PASSED] - Statement - counter = counter + 1: null

2018-12-17 15:59:34 - [TEST_STEP][PASSED] - Statement - PreSaveFile = new java.io.File(((pathPrefix + java.lang.Integer.toString(counter)) + .png)): null

2018-12-17 15:59:34 - [TEST_STEP][PASSED] - Statement - counter = counter + 1: null

2018-12-17 15:59:34 - [TEST_STEP][PASSED] - Statement - PreSaveFile = new java.io.File(((pathPrefix + java.lang.Integer.toString(counter)) + .png)): null

2018-12-17 15:59:34 - [TEST_STEP][PASSED] - Statement - counter = counter + 1: null

2018-12-17 15:59:34 - [TEST_STEP][PASSED] - Statement - PreSaveFile = new java.io.File(((pathPrefix + java.lang.Integer.toString(counter)) + .png)): null

2018-12-17 15:59:34 - [TEST_STEP][PASSED] - Statement - counter = counter + 1: null

2018-12-17 15:59:34 - [TEST_STEP][PASSED] - Statement - PreSaveFile = new java.io.File(((pathPrefix + java.lang.Integer.toString(counter)) + .png)): null

2018-12-17 15:59:34 - [TEST_STEP][PASSED] - Statement - counter = counter + 1: null

2018-12-17 15:59:35 - [TEST_STEP][PASSED] - Statement - PreSaveFile = new java.io.File(((pathPrefix + java.lang.Integer.toString(counter)) + .png)): null

2018-12-17 15:59:35 - [TEST_STEP][PASSED] - Statement - counter = counter + 1: null

2018-12-17 15:59:35 - [TEST_STEP][PASSED] - Statement - PreSaveFile = new java.io.File(((pathPrefix + java.lang.Integer.toString(counter)) + .png)): null

2018-12-17 15:59:35 - [TEST_STEP][PASSED] - Statement - counter = counter + 1: null

2018-12-17 15:59:35 - [TEST_STEP][PASSED] - Statement - PreSaveFile = new java.io.File(((pathPrefix + java.lang.Integer.toString(counter)) + .png)): null

2018-12-17 15:59:35 - [TEST_STEP][PASSED] - Statement - counter = counter + 1: null

2018-12-17 15:59:35 - [TEST_STEP][PASSED] - Statement - PreSaveFile = new java.io.File(((pathPrefix + java.lang.Integer.toString(counter)) + .png)): null

2018-12-17 15:59:35 - [TEST_STEP][PASSED] - Statement - counter = counter + 1: null

2018-12-17 15:59:35 - [TEST_STEP][PASSED] - Statement - PreSaveFile = new java.io.File(((pathPrefix + java.lang.Integer.toString(counter)) + .png)): null

2018-12-17 15:59:35 - [TEST_STEP][PASSED] - Statement - counter = counter + 1: null

2018-12-17 15:59:35 - [TEST_STEP][PASSED] - Statement - PreSaveFile = new java.io.File(((pathPrefix + java.lang.Integer.toString(counter)) + .png)): null

2018-12-17 15:59:35 - [TEST_STEP][PASSED] - Statement - counter = counter + 1: null

2018-12-17 15:59:35 - [TEST_STEP][PASSED] - Statement - PreSaveFile = new java.io.File(((pathPrefix + java.lang.Integer.toString(counter)) + .png)): null

2018-12-17 15:59:35 - [TEST_STEP][PASSED] - Statement - counter = counter + 1: null

2018-12-17 15:59:35 - [TEST_STEP][PASSED] - Statement - PreSaveFile = new java.io.File(((pathPrefix + java.lang.Integer.toString(counter)) + .png)): null

2018-12-17 15:59:35 - [TEST_STEP][PASSED] - Statement - counter = counter + 1: null

2018-12-17 15:59:35 - [TEST_STEP][PASSED] - Statement - PreSaveFile = new java.io.File(((pathPrefix + java.lang.Integer.toString(counter)) + .png)): null

2018-12-17 15:59:35 - [TEST_STEP][PASSED] - Statement - counter = counter + 1: null

2018-12-17 15:59:35 - [TEST_STEP][PASSED] - Statement - PreSaveFile = new java.io.File(((pathPrefix + java.lang.Integer.toString(counter)) + .png)): null

2018-12-17 15:59:36 - [TEST_STEP][PASSED] - Statement - counter = counter + 1: null

2018-12-17 15:59:36 - [TEST_STEP][PASSED] - Statement - PreSaveFile = new java.io.File(((pathPrefix + java.lang.Integer.toString(counter)) + .png)): null

2018-12-17 15:59:36 - [TEST_STEP][PASSED] - Statement - counter = counter + 1: null

2018-12-17 15:59:36 - [TEST_STEP][PASSED] - Statement - PreSaveFile = new java.io.File(((pathPrefix + java.lang.Integer.toString(counter)) + .png)): null

2018-12-17 15:59:36 - [TEST_STEP][PASSED] - Statement - counter = counter + 1: null

2018-12-17 15:59:36 - [TEST_STEP][PASSED] - Statement - PreSaveFile = new java.io.File(((pathPrefix + java.lang.Integer.toString(counter)) + .png)): null

2018-12-17 15:59:36 - [TEST_STEP][PASSED] - Statement - counter = counter + 1: null

2018-12-17 15:59:36 - [TEST_STEP][PASSED] - Statement - PreSaveFile = new java.io.File(((pathPrefix + java.lang.Integer.toString(counter)) + .png)): null

2018-12-17 15:59:36 - [TEST_STEP][PASSED] - Statement - counter = counter + 1: null

2018-12-17 15:59:36 - [TEST_STEP][PASSED] - Statement - PreSaveFile = new java.io.File(((pathPrefix + java.lang.Integer.toString(counter)) + .png)): null

2018-12-17 15:59:36 - [TEST_STEP][PASSED] - Statement - counter = counter + 1: null

2018-12-17 15:59:36 - [TEST_STEP][PASSED] - Statement - PreSaveFile = new java.io.File(((pathPrefix + java.lang.Integer.toString(counter)) + .png)): null

2018-12-17 15:59:36 - [TEST_STEP][PASSED] - Statement - counter = counter + 1: null

2018-12-17 15:59:36 - [TEST_STEP][PASSED] - Statement - PreSaveFile = new java.io.File(((pathPrefix + java.lang.Integer.toString(counter)) + .png)): null

2018-12-17 15:59:36 - [TEST_STEP][PASSED] - Statement - counter = counter + 1: null

2018-12-17 15:59:36 - [TEST_STEP][PASSED] - Statement - PreSaveFile = new java.io.File(((pathPrefix + java.lang.Integer.toString(counter)) + .png)): null

2018-12-17 15:59:36 - [TEST_STEP][PASSED] - Statement - counter = counter + 1: null

2018-12-17 15:59:36 - [TEST_STEP][PASSED] - Statement - PreSaveFile = new java.io.File(((pathPrefix + java.lang.Integer.toString(counter)) + .png)): null

2018-12-17 15:59:36 - [TEST_STEP][PASSED] - Statement - counter = counter + 1: null

2018-12-17 15:59:37 - [TEST_STEP][PASSED] - Statement - PreSaveFile = new java.io.File(((pathPrefix + java.lang.Integer.toString(counter)) + .png)): null

2018-12-17 15:59:37 - [TEST_STEP][PASSED] - Statement - counter = counter + 1: null

2018-12-17 15:59:37 - [TEST_STEP][PASSED] - Statement - PreSaveFile = new java.io.File(((pathPrefix + java.lang.Integer.toString(counter)) + .png)): null

2018-12-17 15:59:37 - [TEST_STEP][PASSED] - Statement - counter = counter + 1: null

2018-12-17 15:59:37 - [TEST_STEP][PASSED] - Statement - PreSaveFile = new java.io.File(((pathPrefix + java.lang.Integer.toString(counter)) + .png)): null

2018-12-17 15:59:37 - [TEST_STEP][PASSED] - Statement - counter = counter + 1: null

2018-12-17 15:59:37 - [TEST_STEP][PASSED] - Statement - PreSaveFile = new java.io.File(((pathPrefix + java.lang.Integer.toString(counter)) + .png)): null

2018-12-17 15:59:37 - [TEST_STEP][PASSED] - Statement - counter = counter + 1: null

2018-12-17 15:59:37 - [TEST_STEP][PASSED] - Statement - PreSaveFile = new java.io.File(((pathPrefix + java.lang.Integer.toString(counter)) + .png)): null

2018-12-17 15:59:37 - [TEST_STEP][PASSED] - Statement - counter = counter + 1: null

2018-12-17 15:59:37 - [TEST_STEP][PASSED] - Statement - PreSaveFile = new java.io.File(((pathPrefix + java.lang.Integer.toString(counter)) + .png)): null

2018-12-17 15:59:37 - [TEST_STEP][PASSED] - Statement - counter = counter + 1: null

2018-12-17 15:59:37 - [TEST_STEP][PASSED] - Statement - PreSaveFile = new java.io.File(((pathPrefix + java.lang.Integer.toString(counter)) + .png)): null

2018-12-17 15:59:37 - [TEST_STEP][PASSED] - Statement - counter = counter + 1: null

2018-12-17 15:59:37 - [TEST_STEP][PASSED] - Statement - PreSaveFile = new java.io.File(((pathPrefix + java.lang.Integer.toString(counter)) + .png)): null

2018-12-17 15:59:37 - [TEST_STEP][PASSED] - Statement - counter = counter + 1: null

2018-12-17 15:59:37 - [TEST_STEP][PASSED] - Statement - PreSaveFile = new java.io.File(((pathPrefix + java.lang.Integer.toString(counter)) + .png)): null

2018-12-17 15:59:37 - [TEST_STEP][PASSED] - Statement - counter = counter + 1: null

2018-12-17 15:59:37 - [TEST_STEP][PASSED] - Statement - PreSaveFile = new java.io.File(((pathPrefix + java.lang.Integer.toString(counter)) + .png)): null

2018-12-17 15:59:37 - [TEST_STEP][PASSED] - Statement - counter = counter + 1: null

2018-12-17 15:59:37 - [TEST_STEP][PASSED] - Statement - PreSaveFile = new java.io.File(((pathPrefix + java.lang.Integer.toString(counter)) + .png)): null

2018-12-17 15:59:37 - [TEST_STEP][PASSED] - Statement - counter = counter + 1: null

2018-12-17 15:59:37 - [TEST_STEP][PASSED] - Statement - PreSaveFile = new java.io.File(((pathPrefix + java.lang.Integer.toString(counter)) + .png)): null

2018-12-17 15:59:37 - [TEST_STEP][PASSED] - Statement - finalPath = pathPrefix + java.lang.Integer.toString(counter) + ".png": null

2018-12-17 15:59:37 - [TEST_STEP][PASSED] - Statement - SaveFile = new java.io.File(finalPath): null

2018-12-17 15:59:37 - [TEST_STEP][PASSED] - Statement - Try: null

2018-12-17 15:59:37 - [TEST_STEP][PASSED] - Statement - org.apache.commons.io.FileUtils.copyFile(scrFile, SaveFile): null

2018-12-17 15:59:37 - [TEST_STEP][PASSED] - Statement - out.println("file kept"): null

2018-12-17 15:59:38 - [TEST_STEP][PASSED] - delay: Delayed 10 second(s)

2018-12-17 15:59:48 - [MESSAGE][PASSED] - Delayed 10 second(s)

2018-12-17 15:59:48 - [MESSAGE][PASSED] - Call Test Case 'Test Cases/Final Aug 2018 - PKS Automation/Registration Module/New Registration/Submit and Screenshot/Submit Registration and Screenshot - Copy' successfully

2018-12-17 15:59:48 - [TEST_STEP][PASSED] - Statement - UpdateAddNewECode = com.kms.katalon.core.webui.keyword.WebUiBuiltInKeywords.getText(com.kms.katalon.core.testobject.ObjectRepository.findTestObject(Object Repository/Final Object Repo/Page_Update Add New Employee - ASSIST/getEmpCode)): Text of object 'Object Repository/Final Object Repo/Page_Update Add New Employee - ASSIST/getEmpCode' is: 'E1102070919F'

2018-12-17 15:59:48 - [MESSAGE][PASSED] - Text of object 'Object Repository/Final Object Repo/Page_Update Add New Employee - ASSIST/getEmpCode' is: 'E1102070919F'

2018-12-17 15:59:48 - [TEST_STEP][PASSED] - callTestCase: Call Test Case 'Test Cases/Final Aug 2018 - PKS Automation/Common/Emp Code Setter' successfully

2018-12-17 15:59:48 - [TEST_CASE][PASSED] - Test Cases/Final Aug 2018 - PKS Automation/Common/Emp Code Setter: Test Cases/Final Aug 2018 - PKS Automation/Common/Emp Code Setter

2018-12-17 15:59:48 - [TEST_STEP][PASSED] - Statement - EmpCodeOld = new java.io.File(C://Users//Admin//Desktop//PKS//Automation Reference Point//EmpCode.txt): null

2018-12-17 15:59:48 - [TEST_STEP][PASSED] - Statement - EmpCodeOld.delete(): null

2018-12-17 15:59:48 - [TEST_STEP][PASSED] - Statement - EmpCode = new java.io.File(C://Users//Admin//Desktop//PKS//Automation Reference Point//EmpCode.txt): null

2018-12-17 15:59:48 - [TEST_STEP][PASSED] - Statement - f2 = new java.io.FileWriter(EmpCode, false): null

2018-12-17 15:59:48 - [TEST_STEP][PASSED] - Statement - f2.write(UpdateAddNewECode): null

2018-12-17 15:59:48 - [TEST_STEP][PASSED] - Statement - f2.close(): null

2018-12-17 15:59:48 - [TEST_STEP][PASSED] - Statement - out.println("


" + UpdateAddNewECode + "


"): null

2018-12-17 15:59:48 - [MESSAGE][PASSED] - Call Test Case 'Test Cases/Final Aug 2018 - PKS Automation/Common/Emp Code Setter' successfully

2018-12-17 15:59:48 - [MESSAGE][PASSED] - Call Test Case 'Test Cases/Final Aug 2018 - PKS Automation/Registration Module/Workflow/Update Add New Employee/Template/New Company for Update Add New - Employer' successfully

2018-12-17 15:59:48 - [TEST_STEP][PASSED] - callTestCase: Call Test Case 'Test Cases/Final Aug 2018 - PKS Automation/Create Employer Acc/Login to Employer Account (Second time)' successfully

2018-12-17 15:59:48 - [TEST_CASE][PASSED] - Test Cases/Final Aug 2018 - PKS Automation/Create Employer Acc/Login to Employer Account (Second time): Test Cases/Final Aug 2018 - PKS Automation/Create Employer Acc/Login to Employer Account (Second time)

2018-12-17 15:59:48 - [TEST_STEP][PASSED] - openBrowser: Browser is opened with url: ''

2018-12-17 15:59:48 - [MESSAGE][WARNING] - A browser is already opened. Closing browser and opening a new one

2018-12-17 15:59:51 - [MESSAGE][PASSED] - Browser is opened with url: ''

2018-12-17 15:59:51 - [TEST_STEP][PASSED] - navigateToUrl: Navigate to 'https://assist2-uat.perkeso.gov.my/employer/login' successfully

2018-12-17 15:59:52 - [MESSAGE][PASSED] - Navigate to 'https://assist2-uat.perkeso.gov.my/employer/login' successfully

2018-12-17 15:59:52 - [TEST_STEP][PASSED] - delay: Delayed 3 second(s)

2018-12-17 15:59:55 - [MESSAGE][PASSED] - Delayed 3 second(s)

2018-12-17 15:59:55 - [TEST_STEP][PASSED] - callTestCase: Call Test Case 'Test Cases/Final Aug 2018 - PKS Automation/Create Employer Acc/Template/Employer Email Getter' successfully

2018-12-17 15:59:55 - [TEST_CASE][PASSED] - Test Cases/Final Aug 2018 - PKS Automation/Create Employer Acc/Template/Employer Email Getter: Test Cases/Final Aug 2018 - PKS Automation/Create Employer Acc/Template/Employer Email Getter

2018-12-17 15:59:55 - [TEST_STEP][PASSED] - Statement - Try: null

2018-12-17 15:59:55 - [TEST_STEP][PASSED] - Statement - EmpEmail = new java.io.File(C://Users//Admin//Desktop//PKS//Automation Reference Point//EmpEmail.txt): null

2018-12-17 15:59:55 - [TEST_STEP][PASSED] - Statement - bufferread = new java.io.BufferedReader(new java.io.FileReader(EmpEmail)): null

2018-12-17 15:59:55 - [TEST_STEP][PASSED] - Statement - readedVal = bufferread.readLine(): null

2018-12-17 15:59:55 - [TEST_STEP][PASSED] - Statement - out.println(readedVal): null

2018-12-17 15:59:55 - [TEST_STEP][PASSED] - Statement - Email = readedVal: null

2018-12-17 15:59:55 - [MESSAGE][PASSED] - Call Test Case 'Test Cases/Final Aug 2018 - PKS Automation/Create Employer Acc/Template/Employer Email Getter' successfully

2018-12-17 15:59:55 - [TEST_STEP][PASSED] - setText: Text 'perkeso940211152905@gmail.com' is set on object 'Object Repository/Final Object Repo/Login Page/External Login Page/Email'

2018-12-17 15:59:56 - [MESSAGE][PASSED] - Text 'perkeso940211152905@gmail.com' is set on object 'Object Repository/Final Object Repo/Login Page/External Login Page/Email'

2018-12-17 15:59:56 - [TEST_STEP][PASSED] - click: Object: 'Object Repository/Final Object Repo/Login Page/External Login Page/Next' is clicked on

2018-12-17 15:59:56 - [MESSAGE][PASSED] - Object: 'Object Repository/Final Object Repo/Login Page/External Login Page/Next' is clicked on

2018-12-17 15:59:56 - [TEST_STEP][PASSED] - delay: Delayed 3 second(s)

2018-12-17 15:59:59 - [MESSAGE][PASSED] - Delayed 3 second(s)

2018-12-17 15:59:59 - [TEST_STEP][PASSED] - setEncryptedText: Text ****** has been set on object 'Object Repository/Final Object Repo/Login Page/External Login Page/Password'

2018-12-17 15:59:59 - [MESSAGE][PASSED] - Text ****** has been set on object 'Object Repository/Final Object Repo/Login Page/External Login Page/Password'

2018-12-17 15:59:59 - [TEST_STEP][PASSED] - click: Object: 'Object Repository/Final Object Repo/Login Page/External Login Page/Login' is clicked on

2018-12-17 15:59:59 - [MESSAGE][PASSED] - Object: 'Object Repository/Final Object Repo/Login Page/External Login Page/Login' is clicked on

2018-12-17 15:59:59 - [TEST_STEP][PASSED] - delay: Delayed 5 second(s)

2018-12-17 16:00:04 - [MESSAGE][PASSED] - Delayed 5 second(s)

2018-12-17 16:00:04 - [MESSAGE][PASSED] - Call Test Case 'Test Cases/Final Aug 2018 - PKS Automation/Create Employer Acc/Login to Employer Account (Second time)' successfully

2018-12-17 16:00:04 - [TEST_STEP][PASSED] - navigateToUrl: Navigate to 'https://assist2-uat.perkeso.gov.my/web/registration/eis-update/form-3-eis-cessation-as-employer' successfully

2018-12-17 16:00:06 - [MESSAGE][PASSED] - Navigate to 'https://assist2-uat.perkeso.gov.my/web/registration/eis-update/form-3-eis-cessation-as-employer' successfully

2018-12-17 16:00:06 - [TEST_STEP][PASSED] - delay: Delayed 1 second(s)

2018-12-17 16:00:07 - [MESSAGE][PASSED] - Delayed 1 second(s)

2018-12-17 16:00:07 - [TEST_STEP][PASSED] - click: Object: 'Object Repository/Final Object Repo/Page_Form 3 EIS - Cessation as Employer/Edit' is clicked on

2018-12-17 16:00:08 - [MESSAGE][PASSED] - Object: 'Object Repository/Final Object Repo/Page_Form 3 EIS - Cessation as Employer/Edit' is clicked on

2018-12-17 16:00:08 - [TEST_STEP][PASSED] - delay: Delayed 1 second(s)

2018-12-17 16:00:09 - [MESSAGE][PASSED] - Delayed 1 second(s)

2018-12-17 16:00:09 - [TEST_STEP][PASSED] - Statement - abc = com.kms.katalon.core.webui.keyword.WebUiBuiltInKeywords.getAttribute(com.kms.katalon.core.testobject.ObjectRepository.findTestObject(Final Object Repo/Page_Form 3 EIS - Cessation as Employer/Employer Status), "value"): Attribute 'value' of object 'Object Repository/Final Object Repo/Page_Form 3 EIS - Cessation as Employer/Employer Status' is: 'Active'

2018-12-17 16:00:09 - [MESSAGE][PASSED] - Attribute 'value' of object 'Object Repository/Final Object Repo/Page_Form 3 EIS - Cessation as Employer/Employer Status' is: 'Active'

2018-12-17 16:00:09 - [TEST_STEP][PASSED] - Statement - out.println(abc): null

2018-12-17 16:00:09 - [TEST_STEP][PASSED] - Statement - If (abc == "Active"): Object: 'Object Repository/Final Object Repo/Page_Form 3 EIS - Cessation as Employer/Dormant EIS' is clicked on

2018-12-17 16:00:09 - [TEST_STEP][PASSED] - click: Object: 'Object Repository/Final Object Repo/Page_Form 3 EIS - Cessation as Employer/Change Employer Status to' is clicked on

2018-12-17 16:00:09 - [MESSAGE][PASSED] - Object: 'Object Repository/Final Object Repo/Page_Form 3 EIS - Cessation as Employer/Change Employer Status to' is clicked on

2018-12-17 16:00:09 - [TEST_STEP][PASSED] - click: Object: 'Object Repository/Final Object Repo/Page_Form 3 EIS - Cessation as Employer/Dormant EIS' is clicked on

2018-12-17 16:00:09 - [MESSAGE][PASSED] - Object: 'Object Repository/Final Object Repo/Page_Form 3 EIS - Cessation as Employer/Dormant EIS' is clicked on

2018-12-17 16:00:09 - [TEST_STEP][PASSED] - click: Object: 'Object Repository/Final Object Repo/Page_Form 3 EIS - Cessation as Employer/Calender' is clicked on

2018-12-17 16:00:10 - [MESSAGE][PASSED] - Object: 'Object Repository/Final Object Repo/Page_Form 3 EIS - Cessation as Employer/Calender' is clicked on

2018-12-17 16:00:10 - [TEST_STEP][PASSED] - delay: Delayed 1 second(s)

2018-12-17 16:00:11 - [MESSAGE][PASSED] - Delayed 1 second(s)

2018-12-17 16:00:11 - [TEST_STEP][PASSED] - click: Object: 'Object Repository/Final Object Repo/Page_Form 3 EIS - Cessation as Employer/Calender - Date' is clicked on

2018-12-17 16:00:11 - [MESSAGE][PASSED] - Object: 'Object Repository/Final Object Repo/Page_Form 3 EIS - Cessation as Employer/Calender - Date' is clicked on

2018-12-17 16:00:11 - [TEST_STEP][PASSED] - click: Object: 'Object Repository/Final Object Repo/Page_Form 3 EIS - Cessation as Employer/Save  Continue in Form 3 EIS Page' is clicked on

2018-12-17 16:00:11 - [MESSAGE][PASSED] - Object: 'Object Repository/Final Object Repo/Page_Form 3 EIS - Cessation as Employer/Save  Continue in Form 3 EIS Page' is clicked on

2018-12-17 16:00:11 - [TEST_STEP][PASSED] - delay: Delayed 1 second(s)

2018-12-17 16:00:12 - [MESSAGE][PASSED] - Delayed 1 second(s)

2018-12-17 16:00:12 - [TEST_STEP][PASSED] - click: Object: 'Object Repository/Final Object Repo/Page_Form 3 EIS - Cessation as Employer/Employment Resign Date' is clicked on

2018-12-17 16:00:13 - [MESSAGE][PASSED] - Object: 'Object Repository/Final Object Repo/Page_Form 3 EIS - Cessation as Employer/Employment Resign Date' is clicked on

2018-12-17 16:00:13 - [TEST_STEP][PASSED] - selectOptionByValue: All options with value '2019' are selected in object 'Object Repository/Final Object Repo/Page_Form 3 EIS - Cessation as Employer/Employment Resign Date - Year' 

2018-12-17 16:00:13 - [MESSAGE][PASSED] - All options with value '2019' are selected in object 'Object Repository/Final Object Repo/Page_Form 3 EIS - Cessation as Employer/Employment Resign Date - Year' 

2018-12-17 16:00:13 - [TEST_STEP][PASSED] - delay: Delayed 2 second(s)

2018-12-17 16:00:15 - [MESSAGE][PASSED] - Delayed 2 second(s)

2018-12-17 16:00:15 - [TEST_STEP][PASSED] - click: Object: 'Object Repository/Final Object Repo/Page_Form 3 EIS - Cessation as Employer/Employment Resign Date - Year - Date' is clicked on

2018-12-17 16:00:15 - [MESSAGE][PASSED] - Object: 'Object Repository/Final Object Repo/Page_Form 3 EIS - Cessation as Employer/Employment Resign Date - Year - Date' is clicked on

2018-12-17 16:00:15 - [TEST_STEP][PASSED] - delay: Delayed 2 second(s)

2018-12-17 16:00:17 - [MESSAGE][PASSED] - Delayed 2 second(s)

2018-12-17 16:00:17 - [TEST_STEP][PASSED] - click: Object: 'Object Repository/Final Object Repo/Page_Form 3 EIS - Cessation as Employer/Save  Continue in Employment Resign Page' is clicked on

2018-12-17 16:00:18 - [MESSAGE][PASSED] - Object: 'Object Repository/Final Object Repo/Page_Form 3 EIS - Cessation as Employer/Save  Continue in Employment Resign Page' is clicked on

2018-12-17 16:00:18 - [TEST_STEP][PASSED] - delay: Delayed 2 second(s)

2018-12-17 16:00:20 - [MESSAGE][PASSED] - Delayed 2 second(s)

2018-12-17 16:00:20 - [TEST_STEP][PASSED] - click: Object: 'Object Repository/Final Object Repo/Page_Form 3 EIS - Cessation as Employer/Set Latest - Yes' is clicked on

2018-12-17 16:00:20 - [MESSAGE][PASSED] - Object: 'Object Repository/Final Object Repo/Page_Form 3 EIS - Cessation as Employer/Set Latest - Yes' is clicked on

2018-12-17 16:00:20 - [TEST_STEP][PASSED] - delay: Delayed 2 second(s)

2018-12-17 16:00:22 - [MESSAGE][PASSED] - Delayed 2 second(s)

2018-12-17 16:00:22 - [TEST_STEP][PASSED] - click: Object: 'Object Repository/Final Object Repo/Page_Form 3 EIS - Cessation as Employer/Add Document' is clicked on

2018-12-17 16:00:23 - [MESSAGE][PASSED] - Object: 'Object Repository/Final Object Repo/Page_Form 3 EIS - Cessation as Employer/Add Document' is clicked on

2018-12-17 16:00:23 - [TEST_STEP][PASSED] - delay: Delayed 3 second(s)

2018-12-17 16:00:26 - [MESSAGE][PASSED] - Delayed 3 second(s)

2018-12-17 16:00:26 - [TEST_STEP][PASSED] - click: Object: 'Object Repository/Final Object Repo/Page_Form 3 EIS - Cessation as Employer/Document Type' is clicked on

2018-12-17 16:00:26 - [MESSAGE][PASSED] - Object: 'Object Repository/Final Object Repo/Page_Form 3 EIS - Cessation as Employer/Document Type' is clicked on

2018-12-17 16:00:26 - [TEST_STEP][PASSED] - click: Object: 'Object Repository/Final Object Repo/Page_Form 3 EIS - Cessation as Employer/Document Type - Form 3' is clicked on

2018-12-17 16:00:26 - [MESSAGE][PASSED] - Object: 'Object Repository/Final Object Repo/Page_Form 3 EIS - Cessation as Employer/Document Type - Form 3' is clicked on

2018-12-17 16:00:26 - [TEST_STEP][PASSED] - delay: Delayed 2 second(s)

2018-12-17 16:00:28 - [MESSAGE][PASSED] - Delayed 2 second(s)

2018-12-17 16:00:28 - [TEST_STEP][PASSED] - sendKeys: Keys 'C:\Users\Public\Pictures\Sample Pictures\Koala.jpg' sent to object: 'Object Repository/Final Object Repo/Page_Form 3 EIS - Cessation as Employer/ploading File'

2018-12-17 16:00:28 - [MESSAGE][PASSED] - Keys 'C:\Users\Public\Pictures\Sample Pictures\Koala.jpg' sent to object: 'Object Repository/Final Object Repo/Page_Form 3 EIS - Cessation as Employer/ploading File'

2018-12-17 16:00:28 - [TEST_STEP][PASSED] - delay: Delayed 1 second(s)

2018-12-17 16:00:29 - [MESSAGE][PASSED] - Delayed 1 second(s)

2018-12-17 16:00:29 - [TEST_STEP][PASSED] - click: Object: 'Object Repository/Final Object Repo/Page_Form 3 EIS - Cessation as Employer/Add Document in Uploading Page' is clicked on

2018-12-17 16:00:29 - [MESSAGE][PASSED] - Object: 'Object Repository/Final Object Repo/Page_Form 3 EIS - Cessation as Employer/Add Document in Uploading Page' is clicked on

2018-12-17 16:00:29 - [TEST_STEP][PASSED] - delay: Delayed 2 second(s)

2018-12-17 16:00:31 - [MESSAGE][PASSED] - Delayed 2 second(s)

2018-12-17 16:00:31 - [TEST_STEP][PASSED] - Statement - CaseReferenceNo = com.kms.katalon.core.webui.keyword.WebUiBuiltInKeywords.getText(com.kms.katalon.core.testobject.ObjectRepository.findTestObject(Final Object Repo/Page_Update Employer Information/Reference Number in Update Employee Information Page)): Text of object 'Object Repository/Final Object Repo/Page_Update Employer Information/Reference Number in Update Employee Information Page' is: 'ERN122018C200002474'

2018-12-17 16:00:33 - [MESSAGE][PASSED] - Text of object 'Object Repository/Final Object Repo/Page_Update Employer Information/Reference Number in Update Employee Information Page' is: 'ERN122018C200002474'

2018-12-17 16:00:33 - [TEST_STEP][PASSED] - callTestCase: Call Test Case 'Test Cases/Final Aug 2018 - PKS Automation/Common/Reference Number Setter' successfully

2018-12-17 16:00:33 - [TEST_CASE][PASSED] - Test Cases/Final Aug 2018 - PKS Automation/Common/Reference Number Setter: Test Cases/Final Aug 2018 - PKS Automation/Common/Reference Number Setter

2018-12-17 16:00:33 - [TEST_STEP][PASSED] - Statement - RefNoOldFile = new java.io.File(C://Users//Admin//Desktop//PKS//Automation Reference Point//KatalonReference.txt): null

2018-12-17 16:00:33 - [TEST_STEP][PASSED] - Statement - RefNoOldFile.delete(): null

2018-12-17 16:00:33 - [TEST_STEP][PASSED] - delay: Delayed 5 second(s)

2018-12-17 16:00:38 - [MESSAGE][PASSED] - Delayed 5 second(s)

2018-12-17 16:00:38 - [TEST_STEP][PASSED] - Statement - RefNo = new java.io.File(C://Users//Admin//Desktop//PKS//Automation Reference Point//KatalonReference.txt): null

2018-12-17 16:00:38 - [TEST_STEP][PASSED] - Statement - f2 = new java.io.FileWriter(RefNo, false): null

2018-12-17 16:00:38 - [TEST_STEP][PASSED] - Statement - f2.write(CaseReferenceNo): null

2018-12-17 16:00:38 - [TEST_STEP][PASSED] - Statement - f2.close(): null

2018-12-17 16:00:38 - [TEST_STEP][PASSED] - Statement - out.println("


" + CaseReferenceNo + "


"): null

2018-12-17 16:00:38 - [MESSAGE][PASSED] - Call Test Case 'Test Cases/Final Aug 2018 - PKS Automation/Common/Reference Number Setter' successfully

2018-12-17 16:00:38 - [TEST_STEP][PASSED] - delay: Delayed 2 second(s)

2018-12-17 16:00:40 - [MESSAGE][PASSED] - Delayed 2 second(s)

2018-12-17 16:00:40 - [TEST_STEP][PASSED] - click: Object: 'Object Repository/Final Object Repo/Page_Form 3 EIS - Cessation as Employer/Save  Continue in Uploading Page' is clicked on

2018-12-17 16:00:41 - [MESSAGE][PASSED] - Object: 'Object Repository/Final Object Repo/Page_Form 3 EIS - Cessation as Employer/Save  Continue in Uploading Page' is clicked on

2018-12-17 16:00:41 - [TEST_STEP][PASSED] - delay: Delayed 2 second(s)

2018-12-17 16:00:43 - [MESSAGE][PASSED] - Delayed 2 second(s)

2018-12-17 16:00:43 - [TEST_STEP][PASSED] - click: Object: 'Object Repository/Final Object Repo/Page_Form 3 EIS - Cessation as Employer/Submit' is clicked on

2018-12-17 16:00:46 - [MESSAGE][PASSED] - Object: 'Object Repository/Final Object Repo/Page_Form 3 EIS - Cessation as Employer/Submit' is clicked on

2018-12-17 16:00:46 - [TEST_STEP][PASSED] - delay: Delayed 2 second(s)

2018-12-17 16:00:48 - [MESSAGE][PASSED] - Delayed 2 second(s)

2018-12-17 16:00:48 - [TEST_STEP][PASSED] - click: Object: 'Object Repository/Final Object Repo/Page_Form 3 EIS - Cessation as Employer/Confirm' is clicked on

2018-12-17 16:00:48 - [MESSAGE][PASSED] - Object: 'Object Repository/Final Object Repo/Page_Form 3 EIS - Cessation as Employer/Confirm' is clicked on

2018-12-17 16:00:48 - [TEST_STEP][PASSED] - delay: Delayed 2 second(s)

2018-12-17 16:00:50 - [MESSAGE][PASSED] - Delayed 2 second(s)

2018-12-17 16:00:50 - [TEST_STEP][PASSED] - click: Object: 'Object Repository/Final Object Repo/Page_Form 3 EIS - Cessation as Employer/Message Your Request will be routed to UO' is clicked on

2018-12-17 16:00:54 - [MESSAGE][PASSED] - Object: 'Object Repository/Final Object Repo/Page_Form 3 EIS - Cessation as Employer/Message Your Request will be routed to UO' is clicked on

2018-12-17 16:00:54 - [TEST_STEP][PASSED] - click: Object: 'Object Repository/Final Object Repo/Page_Form 3 EIS - Cessation as Employer/Letter of acknowledgement' is clicked on

2018-12-17 16:00:55 - [MESSAGE][PASSED] - Object: 'Object Repository/Final Object Repo/Page_Form 3 EIS - Cessation as Employer/Letter of acknowledgement' is clicked on

2018-12-17 16:00:55 - [MESSAGE][PASSED] - Call Test Case 'Test Cases/Final Aug 2018 - PKS Automation/Registration Module/Workflow/Form 3 EIS - Cessation As Employer/Template/Form 3 A - Cessation As Employer (Employer)' successfully

2018-12-17 16:00:55 - [TEST_STEP][PASSED] - callTestCase: Call Test Case 'Test Cases/Final Aug 2018 - PKS Automation/Registration Module/Workflow/Form 3 EIS - Cessation As Employer/Template/Form 3 A - Cessation As Employer (Reject)' successfully

2018-12-17 16:00:55 - [TEST_CASE][PASSED] - Test Cases/Final Aug 2018 - PKS Automation/Registration Module/Workflow/Form 3 EIS - Cessation As Employer/Template/Form 3 A - Cessation As Employer (Reject): Test Cases/Final Aug 2018 - PKS Automation/Registration Module/Workflow/Form 3 EIS - Cessation As Employer/Template/Form 3 A - Cessation As Employer (Reject)

2018-12-17 16:00:55 - [TEST_STEP][NOT_RUN] - callTestCase: NOT_RUN: callTestCase

2018-12-17 16:00:55 - [MESSAGE][NOT_RUN] - NOT_RUN: callTestCase

2018-12-17 16:00:55 - [TEST_STEP][PASSED] - delay: Delayed 1 second(s)

2018-12-17 16:00:56 - [MESSAGE][PASSED] - Delayed 1 second(s)

2018-12-17 16:00:56 - [TEST_STEP][PASSED] - navigateToUrl: Navigate to 'https://assist2-uat.perkeso.gov.my/c/portal/logout' successfully

2018-12-17 16:00:57 - [MESSAGE][PASSED] - Navigate to 'https://assist2-uat.perkeso.gov.my/c/portal/logout' successfully

2018-12-17 16:00:57 - [TEST_STEP][PASSED] - delay: Delayed 1 second(s)

2018-12-17 16:00:58 - [MESSAGE][PASSED] - Delayed 1 second(s)

2018-12-17 16:00:58 - [TEST_STEP][PASSED] - callTestCase: Call Test Case 'Test Cases/Final Aug 2018 - PKS Automation/Common/Reference Number Getter' successfully

2018-12-17 16:00:58 - [TEST_CASE][PASSED] - Test Cases/Final Aug 2018 - PKS Automation/Common/Reference Number Getter: Test Cases/Final Aug 2018 - PKS Automation/Common/Reference Number Getter

2018-12-17 16:00:58 - [TEST_STEP][PASSED] - Statement - Try: null

2018-12-17 16:00:58 - [TEST_STEP][PASSED] - Statement - RefNo = new java.io.File(C://Users//Admin//Desktop//PKS//Automation Reference Point//KatalonReference.txt): null

2018-12-17 16:00:58 - [TEST_STEP][PASSED] - Statement - bufferread = new java.io.BufferedReader(new java.io.FileReader(RefNo)): null

2018-12-17 16:00:58 - [TEST_STEP][PASSED] - Statement - readedVal = bufferread.readLine(): null

2018-12-17 16:00:58 - [TEST_STEP][PASSED] - Statement - out.println(CaseReferenceNo): null

2018-12-17 16:00:58 - [TEST_STEP][PASSED] - Statement - out.println(readedVal): null

2018-12-17 16:00:58 - [TEST_STEP][PASSED] - Statement - CaseReferenceNo = "": null

2018-12-17 16:00:58 - [TEST_STEP][PASSED] - Statement - CaseReferenceNo = readedVal: null

2018-12-17 16:00:58 - [MESSAGE][PASSED] - Call Test Case 'Test Cases/Final Aug 2018 - PKS Automation/Common/Reference Number Getter' successfully

2018-12-17 16:00:58 - [TEST_STEP][PASSED] - callTestCase: Call Test Case 'Test Cases/Final Aug 2018 - PKS Automation/Common/Workflow Owner Finder' successfully

2018-12-17 16:00:58 - [TEST_CASE][PASSED] - Test Cases/Final Aug 2018 - PKS Automation/Common/Workflow Owner Finder: Test Cases/Final Aug 2018 - PKS Automation/Common/Workflow Owner Finder

2018-12-17 16:00:58 - [TEST_STEP][PASSED] - openBrowser: Browser is opened with url: ''

2018-12-17 16:00:58 - [MESSAGE][WARNING] - A browser is already opened. Closing browser and opening a new one

2018-12-17 16:01:01 - [MESSAGE][PASSED] - Browser is opened with url: ''

2018-12-17 16:01:01 - [TEST_STEP][PASSED] - navigateToUrl: Navigate to 'https://assist2-uat.perkeso.gov.my/login' successfully

2018-12-17 16:01:02 - [MESSAGE][PASSED] - Navigate to 'https://assist2-uat.perkeso.gov.my/login' successfully

2018-12-17 16:01:02 - [TEST_STEP][PASSED] - delay: Delayed 5 second(s)

2018-12-17 16:01:07 - [MESSAGE][PASSED] - Delayed 5 second(s)

2018-12-17 16:01:07 - [TEST_STEP][PASSED] - setText: Text 'test@liferay.com' is set on object 'Object Repository/Final Object Repo/Login Page/Internal User/Email Address'

2018-12-17 16:01:07 - [MESSAGE][PASSED] - Text 'test@liferay.com' is set on object 'Object Repository/Final Object Repo/Login Page/Internal User/Email Address'

2018-12-17 16:01:07 - [TEST_STEP][PASSED] - click: Object: 'Object Repository/Final Object Repo/Login Page/Internal User/Next Button' is clicked on

2018-12-17 16:01:08 - [MESSAGE][PASSED] - Object: 'Object Repository/Final Object Repo/Login Page/Internal User/Next Button' is clicked on

2018-12-17 16:01:08 - [TEST_STEP][PASSED] - delay: Delayed 2 second(s)

2018-12-17 16:01:10 - [MESSAGE][PASSED] - Delayed 2 second(s)

2018-12-17 16:01:10 - [TEST_STEP][PASSED] - setText: Text 'test' is set on object 'Object Repository/Final Object Repo/Login Page/Internal User/Password'

2018-12-17 16:01:10 - [MESSAGE][PASSED] - Text 'test' is set on object 'Object Repository/Final Object Repo/Login Page/Internal User/Password'

2018-12-17 16:01:10 - [TEST_STEP][PASSED] - delay: Delayed 2 second(s)

2018-12-17 16:01:12 - [MESSAGE][PASSED] - Delayed 2 second(s)

2018-12-17 16:01:12 - [TEST_STEP][PASSED] - click: Object: 'Object Repository/Final Object Repo/Login Page/Internal User/Login Button' is clicked on

2018-12-17 16:01:12 - [MESSAGE][PASSED] - Object: 'Object Repository/Final Object Repo/Login Page/Internal User/Login Button' is clicked on

2018-12-17 16:01:12 - [TEST_STEP][PASSED] - Statement - tester = com.kms.katalon.core.testobject.ObjectRepository.findTestObject(Final Object Repo/Landing Page/Select to English): Finding Test Object with id 'Object Repository/Final Object Repo/Landing Page/Select to English'

2018-12-17 16:01:12 - [TEST_STEP][PASSED] - Statement - Try: Delayed 2 second(s)

2018-12-17 16:01:12 - [TEST_STEP][PASSED] - Statement - Checker = com.kms.katalon.core.webui.keyword.WebUiBuiltInKeywords.verifyElementNotPresent(tester, 3): Web element with id: 'Object Repository/Final Object Repo/Landing Page/Select to English' located by 'By.xpath: //a[@class = 'taglib-language-list-text' and @lang = 'en-US' and (contains(text(), 'EN') or contains(., 'EN'))]' is not present after '3' second(s)

2018-12-17 16:01:14 - [MESSAGE][PASSED] - Web element with id: 'Object Repository/Final Object Repo/Landing Page/Select to English' located by 'By.xpath: //a[@class = 'taglib-language-list-text' and @lang = 'en-US' and (contains(text(), 'EN') or contains(., 'EN'))]' is not present after '3' second(s)

2018-12-17 16:01:14 - [TEST_STEP][PASSED] - Statement - If (Checker == false): null

2018-12-17 16:01:14 - [TEST_STEP][PASSED] - delay: Delayed 2 second(s)

2018-12-17 16:01:16 - [MESSAGE][PASSED] - Delayed 2 second(s)

2018-12-17 16:01:16 - [TEST_STEP][PASSED] - delay: Delayed 5 second(s)

2018-12-17 16:01:21 - [MESSAGE][PASSED] - Delayed 5 second(s)

2018-12-17 16:01:21 - [TEST_STEP][PASSED] - mouseOver: Object: 'Object Repository/Final Object Repo/Landing Page/WorkFlow Menu' is hovered

2018-12-17 16:01:21 - [MESSAGE][PASSED] - Object: 'Object Repository/Final Object Repo/Landing Page/WorkFlow Menu' is hovered

2018-12-17 16:01:21 - [TEST_STEP][PASSED] - delay: Delayed 2 second(s)

2018-12-17 16:01:23 - [MESSAGE][PASSED] - Delayed 2 second(s)

2018-12-17 16:01:23 - [TEST_STEP][PASSED] - click: Object: 'Object Repository/Final Object Repo/Landing Page/Select to Workflow Listing' is clicked on

2018-12-17 16:01:24 - [MESSAGE][PASSED] - Object: 'Object Repository/Final Object Repo/Landing Page/Select to Workflow Listing' is clicked on

2018-12-17 16:01:24 - [TEST_STEP][PASSED] - delay: Delayed 2 second(s)

2018-12-17 16:01:26 - [MESSAGE][PASSED] - Delayed 2 second(s)

2018-12-17 16:01:26 - [TEST_STEP][PASSED] - click: Object: 'Object Repository/Final Object Repo/WorkFlow Listing Page/Search Information - To Put Ref No' is clicked on

2018-12-17 16:01:27 - [MESSAGE][PASSED] - Object: 'Object Repository/Final Object Repo/WorkFlow Listing Page/Search Information - To Put Ref No' is clicked on

2018-12-17 16:01:27 - [TEST_STEP][PASSED] - delay: Delayed 2 second(s)

2018-12-17 16:01:29 - [MESSAGE][PASSED] - Delayed 2 second(s)

2018-12-17 16:01:29 - [TEST_STEP][PASSED] - callTestCase: Call Test Case 'Test Cases/Final Aug 2018 - PKS Automation/Common/Reference Number Getter' successfully

2018-12-17 16:01:29 - [TEST_CASE][PASSED] - Test Cases/Final Aug 2018 - PKS Automation/Common/Reference Number Getter: Test Cases/Final Aug 2018 - PKS Automation/Common/Reference Number Getter

2018-12-17 16:01:29 - [TEST_STEP][PASSED] - Statement - Try: null

2018-12-17 16:01:29 - [TEST_STEP][PASSED] - Statement - RefNo = new java.io.File(C://Users//Admin//Desktop//PKS//Automation Reference Point//KatalonReference.txt): null

2018-12-17 16:01:29 - [TEST_STEP][PASSED] - Statement - bufferread = new java.io.BufferedReader(new java.io.FileReader(RefNo)): null

2018-12-17 16:01:29 - [TEST_STEP][PASSED] - Statement - readedVal = bufferread.readLine(): null

2018-12-17 16:01:29 - [TEST_STEP][PASSED] - Statement - out.println(CaseReferenceNo): null

2018-12-17 16:01:29 - [TEST_STEP][PASSED] - Statement - out.println(readedVal): null

2018-12-17 16:01:29 - [TEST_STEP][PASSED] - Statement - CaseReferenceNo = "": null

2018-12-17 16:01:29 - [TEST_STEP][PASSED] - Statement - CaseReferenceNo = readedVal: null

2018-12-17 16:01:29 - [MESSAGE][PASSED] - Call Test Case 'Test Cases/Final Aug 2018 - PKS Automation/Common/Reference Number Getter' successfully

2018-12-17 16:01:29 - [TEST_STEP][PASSED] - setText: Text 'ERN122018C200002474' is set on object 'Object Repository/Final Object Repo/WorkFlow Listing Page/Ref No Set Text'

2018-12-17 16:01:29 - [MESSAGE][PASSED] - Text 'ERN122018C200002474' is set on object 'Object Repository/Final Object Repo/WorkFlow Listing Page/Ref No Set Text'

2018-12-17 16:01:29 - [TEST_STEP][PASSED] - delay: Delayed 2 second(s)

2018-12-17 16:01:31 - [MESSAGE][PASSED] - Delayed 2 second(s)

2018-12-17 16:01:31 - [TEST_STEP][PASSED] - click: Object: 'Object Repository/Final Object Repo/WorkFlow Listing Page/Search Ref No Search Button' is clicked on

2018-12-17 16:01:31 - [MESSAGE][PASSED] - Object: 'Object Repository/Final Object Repo/WorkFlow Listing Page/Search Ref No Search Button' is clicked on

2018-12-17 16:01:31 - [TEST_STEP][PASSED] - delay: Delayed 6 second(s)

2018-12-17 16:01:37 - [MESSAGE][PASSED] - Delayed 6 second(s)

2018-12-17 16:01:37 - [TEST_STEP][PASSED] - click: Object: 'Object Repository/Final Object Repo/WorkFlow Listing Page/Click Continue Tooltip' is clicked on

2018-12-17 16:01:38 - [MESSAGE][PASSED] - Object: 'Object Repository/Final Object Repo/WorkFlow Listing Page/Click Continue Tooltip' is clicked on

2018-12-17 16:01:38 - [TEST_STEP][PASSED] - delay: Delayed 5 second(s)

2018-12-17 16:01:43 - [MESSAGE][PASSED] - Delayed 5 second(s)

2018-12-17 16:01:43 - [TEST_STEP][PASSED] - doubleClick: Object: 'Object Repository/Final Object Repo/WorkFlow Listing Page/Workflow Found - Listing 1' is double clicked on

2018-12-17 16:01:44 - [MESSAGE][PASSED] - Object: 'Object Repository/Final Object Repo/WorkFlow Listing Page/Workflow Found - Listing 1' is double clicked on

2018-12-17 16:01:44 - [TEST_STEP][PASSED] - Statement - println(OwnerID): null

2018-12-17 16:01:44 - [TEST_STEP][PASSED] - Statement - OwnerID = com.kms.katalon.core.webui.keyword.WebUiBuiltInKeywords.getText(com.kms.katalon.core.testobject.ObjectRepository.findTestObject(Final Object Repo/WorkFlow Listing Page/Workflow Found - Listing 1), STOP_ON_FAILURE): Text of object 'Object Repository/Final Object Repo/WorkFlow Listing Page/Workflow Found - Listing 1' is: 'JOHORuo1'

2018-12-17 16:01:44 - [MESSAGE][PASSED] - Text of object 'Object Repository/Final Object Repo/WorkFlow Listing Page/Workflow Found - Listing 1' is: 'JOHORuo1'

2018-12-17 16:01:44 - [TEST_STEP][PASSED] - Statement - OwnerID = OwnerID.toLowerCase() + "@gmail.com": null

2018-12-17 16:01:44 - [TEST_STEP][PASSED] - Statement - println(OwnerID): null

2018-12-17 16:01:44 - [TEST_STEP][PASSED] - delay: Delayed 2 second(s)

2018-12-17 16:01:46 - [MESSAGE][PASSED] - Delayed 2 second(s)

2018-12-17 16:01:46 - [MESSAGE][PASSED] - Call Test Case 'Test Cases/Final Aug 2018 - PKS Automation/Common/Workflow Owner Finder' successfully

2018-12-17 16:01:46 - [TEST_STEP][PASSED] - delay: Delayed 1 second(s)

2018-12-17 16:01:47 - [MESSAGE][PASSED] - Delayed 1 second(s)

2018-12-17 16:01:47 - [TEST_STEP][PASSED] - navigateToUrl: Navigate to 'https://assist2-uat.perkeso.gov.my/c/portal/logout' successfully

2018-12-17 16:01:48 - [MESSAGE][PASSED] - Navigate to 'https://assist2-uat.perkeso.gov.my/c/portal/logout' successfully

2018-12-17 16:01:48 - [TEST_STEP][PASSED] - delay: Delayed 1 second(s)

2018-12-17 16:01:49 - [MESSAGE][PASSED] - Delayed 1 second(s)

2018-12-17 16:01:49 - [TEST_STEP][PASSED] - callTestCase: Call Test Case 'Test Cases/Final Aug 2018 - PKS Automation/Registration Module/Workflow/Login and Search Case For Workflow' successfully

2018-12-17 16:01:49 - [TEST_CASE][PASSED] - Test Cases/Final Aug 2018 - PKS Automation/Registration Module/Workflow/Login and Search Case For Workflow: Test Cases/Final Aug 2018 - PKS Automation/Registration Module/Workflow/Login and Search Case For Workflow

2018-12-17 16:01:49 - [TEST_STEP][PASSED] - navigateToUrl: Navigate to 'https://assist2-uat.perkeso.gov.my/login' successfully

2018-12-17 16:01:49 - [MESSAGE][PASSED] - Navigate to 'https://assist2-uat.perkeso.gov.my/login' successfully

2018-12-17 16:01:49 - [TEST_STEP][PASSED] - setText: Text 'johoruo1@gmail.com' is set on object 'Object Repository/Final Object Repo/Login Page/Internal User/Email Address'

2018-12-17 16:01:50 - [MESSAGE][PASSED] - Text 'johoruo1@gmail.com' is set on object 'Object Repository/Final Object Repo/Login Page/Internal User/Email Address'

2018-12-17 16:01:50 - [TEST_STEP][PASSED] - click: Object: 'Object Repository/Final Object Repo/Login Page/Internal User/Next Button' is clicked on

2018-12-17 16:01:50 - [MESSAGE][PASSED] - Object: 'Object Repository/Final Object Repo/Login Page/Internal User/Next Button' is clicked on

2018-12-17 16:01:50 - [TEST_STEP][PASSED] - delay: Delayed 1 second(s)

2018-12-17 16:01:51 - [MESSAGE][PASSED] - Delayed 1 second(s)

2018-12-17 16:01:51 - [TEST_STEP][PASSED] - setEncryptedText: Text ****** has been set on object 'Object Repository/Final Object Repo/Login Page/Internal User/Password'

2018-12-17 16:01:51 - [MESSAGE][PASSED] - Text ****** has been set on object 'Object Repository/Final Object Repo/Login Page/Internal User/Password'

2018-12-17 16:01:51 - [TEST_STEP][PASSED] - click: Object: 'Object Repository/Final Object Repo/Login Page/Internal User/Login Button' is clicked on

2018-12-17 16:01:51 - [MESSAGE][PASSED] - Object: 'Object Repository/Final Object Repo/Login Page/Internal User/Login Button' is clicked on

2018-12-17 16:01:51 - [TEST_STEP][PASSED] - delay: Delayed 2 second(s)

2018-12-17 16:01:53 - [MESSAGE][PASSED] - Delayed 2 second(s)

2018-12-17 16:01:53 - [TEST_STEP][PASSED] - Statement - Try: Delayed 2 second(s)

2018-12-17 16:01:53 - [TEST_STEP][PASSED] - Statement - Checker = false: null

2018-12-17 16:01:53 - [TEST_STEP][PASSED] - Statement - Checker = com.kms.katalon.core.webui.keyword.WebUiBuiltInKeywords.verifyElementHasAttribute(com.kms.katalon.core.testobject.ObjectRepository.findTestObject(Final Object Repo/Landing Page/BM Detecting), "href", 20, OPTIONAL): Object 'Object Repository/Final Object Repo/Landing Page/BM Detecting' has attribute 'href'

2018-12-17 16:01:53 - [MESSAGE][PASSED] - Object 'Object Repository/Final Object Repo/Landing Page/BM Detecting' has attribute 'href'

2018-12-17 16:01:53 - [TEST_STEP][PASSED] - Statement - out.println(Checker): null

2018-12-17 16:01:53 - [TEST_STEP][PASSED] - Statement - If (Checker == false): null

2018-12-17 16:01:53 - [TEST_STEP][PASSED] - Statement - Else: null

2018-12-17 16:01:53 - [TEST_STEP][PASSED] - delay: Delayed 2 second(s)

2018-12-17 16:01:55 - [MESSAGE][PASSED] - Delayed 2 second(s)

2018-12-17 16:01:55 - [TEST_STEP][PASSED] - click: Object: 'Object Repository/Final Object Repo/Page_MyASSIST - ASSIST - Search Pending Case For Add Supporting Document/Search Information' is clicked on

2018-12-17 16:01:55 - [MESSAGE][PASSED] - Object: 'Object Repository/Final Object Repo/Page_MyASSIST - ASSIST - Search Pending Case For Add Supporting Document/Search Information' is clicked on

2018-12-17 16:01:55 - [TEST_STEP][PASSED] - delay: Delayed 3 second(s)

2018-12-17 16:01:58 - [MESSAGE][PASSED] - Delayed 3 second(s)

2018-12-17 16:01:58 - [TEST_STEP][PASSED] - sendKeys: Keys 'ERN122018C200002474' sent to object: 'Object Repository/Final Object Repo/Page_MyASSIST - ASSIST - Search Pending Case For Add Supporting Document/Reference No'

2018-12-17 16:01:59 - [MESSAGE][PASSED] - Keys 'ERN122018C200002474' sent to object: 'Object Repository/Final Object Repo/Page_MyASSIST - ASSIST - Search Pending Case For Add Supporting Document/Reference No'

2018-12-17 16:01:59 - [TEST_STEP][PASSED] - click: Object: 'Object Repository/Final Object Repo/Page_MyASSIST - ASSIST - Search Pending Case For Add Supporting Document/Search Reference No' is clicked on

2018-12-17 16:01:59 - [MESSAGE][PASSED] - Object: 'Object Repository/Final Object Repo/Page_MyASSIST - ASSIST - Search Pending Case For Add Supporting Document/Search Reference No' is clicked on

2018-12-17 16:01:59 - [TEST_STEP][PASSED] - delay: Delayed 2 second(s)

2018-12-17 16:02:01 - [MESSAGE][PASSED] - Delayed 2 second(s)

2018-12-17 16:02:01 - [TEST_STEP][PASSED] - click: Object: 'Object Repository/Final Object Repo/Page_MyASSIST - ASSIST - Search Pending Case For Add Supporting Document/Continue' is clicked on

2018-12-17 16:02:04 - [MESSAGE][PASSED] - Object: 'Object Repository/Final Object Repo/Page_MyASSIST - ASSIST - Search Pending Case For Add Supporting Document/Continue' is clicked on

2018-12-17 16:02:04 - [TEST_STEP][PASSED] - delay: Delayed 20 second(s)

2018-12-17 16:02:24 - [MESSAGE][PASSED] - Delayed 20 second(s)

2018-12-17 16:02:24 - [MESSAGE][PASSED] - Call Test Case 'Test Cases/Final Aug 2018 - PKS Automation/Registration Module/Workflow/Login and Search Case For Workflow' successfully

2018-12-17 16:02:24 - [TEST_STEP][PASSED] - click: Object: 'Object Repository/Final Object Repo/Page_Form 3 EIS - Cessation as Employer/Page_Form 3 EIS - Cessation as Employer (Approve)/Save  Continue in Form 3 Page' is clicked on

2018-12-17 16:02:24 - [MESSAGE][PASSED] - Object: 'Object Repository/Final Object Repo/Page_Form 3 EIS - Cessation as Employer/Page_Form 3 EIS - Cessation as Employer (Approve)/Save  Continue in Form 3 Page' is clicked on

2018-12-17 16:02:24 - [TEST_STEP][PASSED] - delay: Delayed 2 second(s)

2018-12-17 16:02:26 - [MESSAGE][PASSED] - Delayed 2 second(s)

2018-12-17 16:02:26 - [TEST_STEP][PASSED] - click: Object: 'Object Repository/Final Object Repo/Page_Form 3 EIS - Cessation as Employer/Page_Form 3 EIS - Cessation as Employer (Approve)/Save  Continue in Resigned Page' is clicked on

2018-12-17 16:02:27 - [MESSAGE][PASSED] - Object: 'Object Repository/Final Object Repo/Page_Form 3 EIS - Cessation as Employer/Page_Form 3 EIS - Cessation as Employer (Approve)/Save  Continue in Resigned Page' is clicked on

2018-12-17 16:02:27 - [TEST_STEP][PASSED] - delay: Delayed 2 second(s)

2018-12-17 16:02:29 - [MESSAGE][PASSED] - Delayed 2 second(s)

2018-12-17 16:02:29 - [TEST_STEP][PASSED] - click: Object: 'Object Repository/Final Object Repo/Page_Form 3 EIS - Cessation as Employer/Page_Form 3 EIS - Cessation as Employer (Approve)/Save  Continue in Uploading Page' is clicked on

2018-12-17 16:02:30 - [MESSAGE][PASSED] - Object: 'Object Repository/Final Object Repo/Page_Form 3 EIS - Cessation as Employer/Page_Form 3 EIS - Cessation as Employer (Approve)/Save  Continue in Uploading Page' is clicked on

2018-12-17 16:02:30 - [TEST_STEP][PASSED] - delay: Delayed 2 second(s)

2018-12-17 16:02:32 - [MESSAGE][PASSED] - Delayed 2 second(s)

2018-12-17 16:02:32 - [TEST_STEP][PASSED] - click: Object: 'Object Repository/Final Object Repo/Page_Form 3 EIS - Cessation as Employer/Page_Form 3 EIS - Cessation as Employer (Reject)/Reject' is clicked on

2018-12-17 16:02:35 - [MESSAGE][PASSED] - Object: 'Object Repository/Final Object Repo/Page_Form 3 EIS - Cessation as Employer/Page_Form 3 EIS - Cessation as Employer (Reject)/Reject' is clicked on

2018-12-17 16:02:35 - [TEST_STEP][PASSED] - delay: Delayed 2 second(s)

2018-12-17 16:02:37 - [MESSAGE][PASSED] - Delayed 2 second(s)

2018-12-17 16:02:37 - [TEST_STEP][PASSED] - click: Object: 'Object Repository/Final Object Repo/Page_Form 3 EIS - Cessation as Employer/Page_Form 3 EIS - Cessation as Employer (Reject)/Confirm' is clicked on

2018-12-17 16:02:37 - [MESSAGE][PASSED] - Object: 'Object Repository/Final Object Repo/Page_Form 3 EIS - Cessation as Employer/Page_Form 3 EIS - Cessation as Employer (Reject)/Confirm' is clicked on

2018-12-17 16:02:37 - [TEST_STEP][PASSED] - delay: Delayed 2 second(s)

2018-12-17 16:02:39 - [MESSAGE][PASSED] - Delayed 2 second(s)

2018-12-17 16:02:39 - [TEST_STEP][PASSED] - click: Object: 'Object Repository/Final Object Repo/Page_Form 3 EIS - Cessation as Employer/Page_Form 3 EIS - Cessation as Employer (Reject)/Message This Case has been Rejected' is clicked on

2018-12-17 16:02:43 - [MESSAGE][PASSED] - Object: 'Object Repository/Final Object Repo/Page_Form 3 EIS - Cessation as Employer/Page_Form 3 EIS - Cessation as Employer (Reject)/Message This Case has been Rejected' is clicked on

2018-12-17 16:02:43 - [TEST_STEP][PASSED] - click: Object: 'Object Repository/Final Object Repo/Page_Form 3 EIS - Cessation as Employer/Page_Form 3 EIS - Cessation as Employer (Reject)/Letter of update rejection' is clicked on

2018-12-17 16:02:44 - [MESSAGE][PASSED] - Object: 'Object Repository/Final Object Repo/Page_Form 3 EIS - Cessation as Employer/Page_Form 3 EIS - Cessation as Employer (Reject)/Letter of update rejection' is clicked on

2018-12-17 16:02:44 - [MESSAGE][PASSED] - Call Test Case 'Test Cases/Final Aug 2018 - PKS Automation/Registration Module/Workflow/Form 3 EIS - Cessation As Employer/Template/Form 3 A - Cessation As Employer (Reject)' successfully]]></system-out>
         <system-err><![CDATA[]]></system-err>
      </testcase>
      <testcase name="Test Cases/Final Aug 2018 - PKS Automation/Registration Module/Workflow/Form 3 EIS - Cessation As Employer/Employer to UO (Under enforcement)" classname="Test Cases/Final Aug 2018 - PKS Automation/Registration Module/Workflow/Form 3 EIS - Cessation As Employer/Employer to UO (Under enforcement)" status="PASSED">
         <system-out><![CDATA[2018-12-17 16:02:44 - [TEST_CASE][PASSED] - Test Cases/Final Aug 2018 - PKS Automation/Registration Module/Workflow/Form 3 EIS - Cessation As Employer/Employer to UO (Under enforcement): Test Cases/Final Aug 2018 - PKS Automation/Registration Module/Workflow/Form 3 EIS - Cessation As Employer/Employer to UO (Under enforcement)

2018-12-17 16:02:44 - [TEST_STEP][PASSED] - callTestCase: Call Test Case 'Test Cases/Final Aug 2018 - PKS Automation/Registration Module/Workflow/Form 3 EIS - Cessation As Employer/Template/Form 3 A - Cessation As Employer (OTC)' successfully

2018-12-17 16:02:44 - [TEST_CASE][PASSED] - Test Cases/Final Aug 2018 - PKS Automation/Registration Module/Workflow/Form 3 EIS - Cessation As Employer/Template/Form 3 A - Cessation As Employer (OTC): Test Cases/Final Aug 2018 - PKS Automation/Registration Module/Workflow/Form 3 EIS - Cessation As Employer/Template/Form 3 A - Cessation As Employer (OTC)

2018-12-17 16:02:44 - [TEST_STEP][PASSED] - openBrowser: Browser is opened with url: ''

2018-12-17 16:02:44 - [MESSAGE][WARNING] - A browser is already opened. Closing browser and opening a new one

2018-12-17 16:02:47 - [MESSAGE][PASSED] - Browser is opened with url: ''

2018-12-17 16:02:47 - [TEST_STEP][PASSED] - navigateToUrl: Navigate to 'https://assist2-uat.perkeso.gov.my/login' successfully

2018-12-17 16:02:48 - [MESSAGE][PASSED] - Navigate to 'https://assist2-uat.perkeso.gov.my/login' successfully

2018-12-17 16:02:48 - [TEST_STEP][PASSED] - setText: Text 'johorotc1@gmail.com' is set on object 'Object Repository/Final Object Repo/Login Page/Internal User/Email Address'

2018-12-17 16:02:49 - [MESSAGE][PASSED] - Text 'johorotc1@gmail.com' is set on object 'Object Repository/Final Object Repo/Login Page/Internal User/Email Address'

2018-12-17 16:02:49 - [TEST_STEP][PASSED] - click: Object: 'Object Repository/Final Object Repo/Login Page/Internal User/Next Button' is clicked on

2018-12-17 16:02:49 - [MESSAGE][PASSED] - Object: 'Object Repository/Final Object Repo/Login Page/Internal User/Next Button' is clicked on

2018-12-17 16:02:49 - [TEST_STEP][PASSED] - delay: Delayed 1 second(s)

2018-12-17 16:02:50 - [MESSAGE][PASSED] - Delayed 1 second(s)

2018-12-17 16:02:50 - [TEST_STEP][PASSED] - setEncryptedText: Text ****** has been set on object 'Object Repository/Final Object Repo/Login Page/Internal User/Password'

2018-12-17 16:02:50 - [MESSAGE][PASSED] - Text ****** has been set on object 'Object Repository/Final Object Repo/Login Page/Internal User/Password'

2018-12-17 16:02:50 - [TEST_STEP][PASSED] - click: Object: 'Object Repository/Final Object Repo/Login Page/Internal User/Login Button' is clicked on

2018-12-17 16:02:50 - [MESSAGE][PASSED] - Object: 'Object Repository/Final Object Repo/Login Page/Internal User/Login Button' is clicked on

2018-12-17 16:02:50 - [TEST_STEP][PASSED] - delay: Delayed 1 second(s)

2018-12-17 16:02:51 - [MESSAGE][PASSED] - Delayed 1 second(s)

2018-12-17 16:02:51 - [TEST_STEP][PASSED] - Statement - Try: Delayed 2 second(s)

2018-12-17 16:02:51 - [TEST_STEP][PASSED] - Statement - Checker = false: null

2018-12-17 16:02:51 - [TEST_STEP][PASSED] - Statement - Checker = com.kms.katalon.core.webui.keyword.WebUiBuiltInKeywords.verifyElementHasAttribute(com.kms.katalon.core.testobject.ObjectRepository.findTestObject(Final Object Repo/Landing Page/BM Detecting), "href", 20, OPTIONAL): Object 'Object Repository/Final Object Repo/Landing Page/BM Detecting' has attribute 'href'

2018-12-17 16:02:52 - [MESSAGE][PASSED] - Object 'Object Repository/Final Object Repo/Landing Page/BM Detecting' has attribute 'href'

2018-12-17 16:02:52 - [TEST_STEP][PASSED] - Statement - out.println(Checker): null

2018-12-17 16:02:52 - [TEST_STEP][PASSED] - Statement - If (Checker == false): null

2018-12-17 16:02:52 - [TEST_STEP][PASSED] - Statement - Else: null

2018-12-17 16:02:52 - [TEST_STEP][PASSED] - delay: Delayed 2 second(s)

2018-12-17 16:02:54 - [MESSAGE][PASSED] - Delayed 2 second(s)

2018-12-17 16:02:54 - [TEST_STEP][PASSED] - navigateToUrl: Navigate to 'https://assist2-uat.perkeso.gov.my/web/registration/eis-update/form-3-eis-cessation-as-employer' successfully

2018-12-17 16:02:55 - [MESSAGE][PASSED] - Navigate to 'https://assist2-uat.perkeso.gov.my/web/registration/eis-update/form-3-eis-cessation-as-employer' successfully

2018-12-17 16:02:55 - [TEST_STEP][PASSED] - delay: Delayed 1 second(s)

2018-12-17 16:02:56 - [MESSAGE][PASSED] - Delayed 1 second(s)

2018-12-17 16:02:56 - [TEST_STEP][PASSED] - setText: Text 'E1102069769W' is set on object 'Object Repository/Final Object Repo/Page_Form 3 EIS - Cessation as Employer/Employer Code'

2018-12-17 16:02:57 - [MESSAGE][PASSED] - Text 'E1102069769W' is set on object 'Object Repository/Final Object Repo/Page_Form 3 EIS - Cessation as Employer/Employer Code'

2018-12-17 16:02:57 - [TEST_STEP][PASSED] - click: Object: 'Object Repository/Final Object Repo/Page_Form 3 EIS - Cessation as Employer/Search' is clicked on

2018-12-17 16:02:57 - [MESSAGE][PASSED] - Object: 'Object Repository/Final Object Repo/Page_Form 3 EIS - Cessation as Employer/Search' is clicked on

2018-12-17 16:02:57 - [TEST_STEP][PASSED] - click: Object: 'Object Repository/Final Object Repo/Page_Form 3 EIS - Cessation as Employer/Edit' is clicked on

2018-12-17 16:02:59 - [MESSAGE][PASSED] - Object: 'Object Repository/Final Object Repo/Page_Form 3 EIS - Cessation as Employer/Edit' is clicked on

2018-12-17 16:02:59 - [TEST_STEP][PASSED] - delay: Delayed 1 second(s)

2018-12-17 16:03:00 - [MESSAGE][PASSED] - Delayed 1 second(s)

2018-12-17 16:03:00 - [TEST_STEP][PASSED] - Statement - abc = com.kms.katalon.core.webui.keyword.WebUiBuiltInKeywords.getAttribute(com.kms.katalon.core.testobject.ObjectRepository.findTestObject(Final Object Repo/Page_Form 3 EIS - Cessation as Employer/Employer Status), "value"): Attribute 'value' of object 'Object Repository/Final Object Repo/Page_Form 3 EIS - Cessation as Employer/Employer Status' is: 'Active'

2018-12-17 16:03:00 - [MESSAGE][PASSED] - Attribute 'value' of object 'Object Repository/Final Object Repo/Page_Form 3 EIS - Cessation as Employer/Employer Status' is: 'Active'

2018-12-17 16:03:00 - [TEST_STEP][PASSED] - Statement - out.println(abc): null

2018-12-17 16:03:00 - [TEST_STEP][PASSED] - Statement - If (abc == "Active"): Object: 'Object Repository/Final Object Repo/Page_Form 3 EIS - Cessation as Employer/Dormant EIS' is clicked on

2018-12-17 16:03:00 - [TEST_STEP][PASSED] - click: Object: 'Object Repository/Final Object Repo/Page_Form 3 EIS - Cessation as Employer/Change Employer Status to' is clicked on

2018-12-17 16:03:01 - [MESSAGE][PASSED] - Object: 'Object Repository/Final Object Repo/Page_Form 3 EIS - Cessation as Employer/Change Employer Status to' is clicked on

2018-12-17 16:03:01 - [TEST_STEP][PASSED] - click: Object: 'Object Repository/Final Object Repo/Page_Form 3 EIS - Cessation as Employer/Dormant EIS' is clicked on

2018-12-17 16:03:01 - [MESSAGE][PASSED] - Object: 'Object Repository/Final Object Repo/Page_Form 3 EIS - Cessation as Employer/Dormant EIS' is clicked on

2018-12-17 16:03:01 - [TEST_STEP][PASSED] - click: Object: 'Object Repository/Final Object Repo/Page_Form 3 EIS - Cessation as Employer/Calender' is clicked on

2018-12-17 16:03:01 - [MESSAGE][PASSED] - Object: 'Object Repository/Final Object Repo/Page_Form 3 EIS - Cessation as Employer/Calender' is clicked on

2018-12-17 16:03:01 - [TEST_STEP][PASSED] - delay: Delayed 1 second(s)

2018-12-17 16:03:02 - [MESSAGE][PASSED] - Delayed 1 second(s)

2018-12-17 16:03:02 - [TEST_STEP][PASSED] - click: Object: 'Object Repository/Final Object Repo/Page_Form 3 EIS - Cessation as Employer/Calender - Date' is clicked on

2018-12-17 16:03:02 - [MESSAGE][PASSED] - Object: 'Object Repository/Final Object Repo/Page_Form 3 EIS - Cessation as Employer/Calender - Date' is clicked on

2018-12-17 16:03:02 - [TEST_STEP][PASSED] - click: Object: 'Object Repository/Final Object Repo/Page_Form 3 EIS - Cessation as Employer/Save  Continue in Form 3 EIS Page' is clicked on

2018-12-17 16:03:03 - [MESSAGE][PASSED] - Object: 'Object Repository/Final Object Repo/Page_Form 3 EIS - Cessation as Employer/Save  Continue in Form 3 EIS Page' is clicked on

2018-12-17 16:03:03 - [TEST_STEP][PASSED] - delay: Delayed 1 second(s)

2018-12-17 16:03:04 - [MESSAGE][PASSED] - Delayed 1 second(s)

2018-12-17 16:03:04 - [TEST_STEP][PASSED] - click: Object: 'Object Repository/Final Object Repo/Page_Form 3 EIS - Cessation as Employer/Employment Resign Date' is clicked on

2018-12-17 16:03:04 - [MESSAGE][PASSED] - Object: 'Object Repository/Final Object Repo/Page_Form 3 EIS - Cessation as Employer/Employment Resign Date' is clicked on

2018-12-17 16:03:04 - [TEST_STEP][PASSED] - selectOptionByValue: All options with value '2030' are selected in object 'Object Repository/Final Object Repo/Page_Form 3 EIS - Cessation as Employer/Employment Resign Date - Year' 

2018-12-17 16:03:05 - [MESSAGE][PASSED] - All options with value '2030' are selected in object 'Object Repository/Final Object Repo/Page_Form 3 EIS - Cessation as Employer/Employment Resign Date - Year' 

2018-12-17 16:03:05 - [TEST_STEP][PASSED] - delay: Delayed 2 second(s)

2018-12-17 16:03:07 - [MESSAGE][PASSED] - Delayed 2 second(s)

2018-12-17 16:03:07 - [TEST_STEP][PASSED] - click: Object: 'Object Repository/Final Object Repo/Page_Form 3 EIS - Cessation as Employer/Employment Resign Date - Year - Date' is clicked on

2018-12-17 16:03:07 - [MESSAGE][PASSED] - Object: 'Object Repository/Final Object Repo/Page_Form 3 EIS - Cessation as Employer/Employment Resign Date - Year - Date' is clicked on

2018-12-17 16:03:07 - [TEST_STEP][PASSED] - delay: Delayed 2 second(s)

2018-12-17 16:03:09 - [MESSAGE][PASSED] - Delayed 2 second(s)

2018-12-17 16:03:09 - [TEST_STEP][PASSED] - click: Object: 'Object Repository/Final Object Repo/Page_Form 3 EIS - Cessation as Employer/Save  Continue in Employment Resign Page' is clicked on

2018-12-17 16:03:09 - [MESSAGE][PASSED] - Object: 'Object Repository/Final Object Repo/Page_Form 3 EIS - Cessation as Employer/Save  Continue in Employment Resign Page' is clicked on

2018-12-17 16:03:09 - [TEST_STEP][PASSED] - delay: Delayed 2 second(s)

2018-12-17 16:03:11 - [MESSAGE][PASSED] - Delayed 2 second(s)

2018-12-17 16:03:11 - [TEST_STEP][PASSED] - click: Object: 'Object Repository/Final Object Repo/Page_Form 3 EIS - Cessation as Employer/Set Latest - Yes' is clicked on

2018-12-17 16:03:11 - [MESSAGE][PASSED] - Object: 'Object Repository/Final Object Repo/Page_Form 3 EIS - Cessation as Employer/Set Latest - Yes' is clicked on

2018-12-17 16:03:11 - [TEST_STEP][PASSED] - delay: Delayed 2 second(s)

2018-12-17 16:03:13 - [MESSAGE][PASSED] - Delayed 2 second(s)

2018-12-17 16:03:13 - [TEST_STEP][PASSED] - click: Object: 'Object Repository/Final Object Repo/Page_Form 3 EIS - Cessation as Employer/Add Document' is clicked on

2018-12-17 16:03:15 - [MESSAGE][PASSED] - Object: 'Object Repository/Final Object Repo/Page_Form 3 EIS - Cessation as Employer/Add Document' is clicked on

2018-12-17 16:03:15 - [TEST_STEP][PASSED] - delay: Delayed 3 second(s)

2018-12-17 16:03:18 - [MESSAGE][PASSED] - Delayed 3 second(s)

2018-12-17 16:03:18 - [TEST_STEP][PASSED] - click: Object: 'Object Repository/Final Object Repo/Page_Form 3 EIS - Cessation as Employer/Document Type' is clicked on

2018-12-17 16:03:18 - [MESSAGE][PASSED] - Object: 'Object Repository/Final Object Repo/Page_Form 3 EIS - Cessation as Employer/Document Type' is clicked on

2018-12-17 16:03:18 - [TEST_STEP][PASSED] - click: Object: 'Object Repository/Final Object Repo/Page_Form 3 EIS - Cessation as Employer/Document Type - Form 3' is clicked on

2018-12-17 16:03:18 - [MESSAGE][PASSED] - Object: 'Object Repository/Final Object Repo/Page_Form 3 EIS - Cessation as Employer/Document Type - Form 3' is clicked on

2018-12-17 16:03:18 - [TEST_STEP][PASSED] - delay: Delayed 2 second(s)

2018-12-17 16:03:20 - [MESSAGE][PASSED] - Delayed 2 second(s)

2018-12-17 16:03:20 - [TEST_STEP][PASSED] - sendKeys: Keys 'C:\Users\Public\Pictures\Sample Pictures\Koala.jpg' sent to object: 'Object Repository/Final Object Repo/Page_Form 3 EIS - Cessation as Employer/ploading File'

2018-12-17 16:03:20 - [MESSAGE][PASSED] - Keys 'C:\Users\Public\Pictures\Sample Pictures\Koala.jpg' sent to object: 'Object Repository/Final Object Repo/Page_Form 3 EIS - Cessation as Employer/ploading File'

2018-12-17 16:03:20 - [TEST_STEP][PASSED] - delay: Delayed 1 second(s)

2018-12-17 16:03:21 - [MESSAGE][PASSED] - Delayed 1 second(s)

2018-12-17 16:03:21 - [TEST_STEP][PASSED] - click: Object: 'Object Repository/Final Object Repo/Page_Form 3 EIS - Cessation as Employer/Add Document in Uploading Page' is clicked on

2018-12-17 16:03:21 - [MESSAGE][PASSED] - Object: 'Object Repository/Final Object Repo/Page_Form 3 EIS - Cessation as Employer/Add Document in Uploading Page' is clicked on

2018-12-17 16:03:21 - [TEST_STEP][PASSED] - delay: Delayed 2 second(s)

2018-12-17 16:03:23 - [MESSAGE][PASSED] - Delayed 2 second(s)

2018-12-17 16:03:23 - [TEST_STEP][PASSED] - Statement - CaseReferenceNo = com.kms.katalon.core.webui.keyword.WebUiBuiltInKeywords.getText(com.kms.katalon.core.testobject.ObjectRepository.findTestObject(Final Object Repo/Page_Update Employer Information/Reference Number in Update Employee Information Page)): Text of object 'Object Repository/Final Object Repo/Page_Update Employer Information/Reference Number in Update Employee Information Page' is: 'ERN122018C200002475'

2018-12-17 16:03:25 - [MESSAGE][PASSED] - Text of object 'Object Repository/Final Object Repo/Page_Update Employer Information/Reference Number in Update Employee Information Page' is: 'ERN122018C200002475'

2018-12-17 16:03:25 - [TEST_STEP][PASSED] - callTestCase: Call Test Case 'Test Cases/Final Aug 2018 - PKS Automation/Common/Reference Number Setter' successfully

2018-12-17 16:03:25 - [TEST_CASE][PASSED] - Test Cases/Final Aug 2018 - PKS Automation/Common/Reference Number Setter: Test Cases/Final Aug 2018 - PKS Automation/Common/Reference Number Setter

2018-12-17 16:03:25 - [TEST_STEP][PASSED] - Statement - RefNoOldFile = new java.io.File(C://Users//Admin//Desktop//PKS//Automation Reference Point//KatalonReference.txt): null

2018-12-17 16:03:25 - [TEST_STEP][PASSED] - Statement - RefNoOldFile.delete(): null

2018-12-17 16:03:25 - [TEST_STEP][PASSED] - delay: Delayed 5 second(s)

2018-12-17 16:03:30 - [MESSAGE][PASSED] - Delayed 5 second(s)

2018-12-17 16:03:30 - [TEST_STEP][PASSED] - Statement - RefNo = new java.io.File(C://Users//Admin//Desktop//PKS//Automation Reference Point//KatalonReference.txt): null

2018-12-17 16:03:30 - [TEST_STEP][PASSED] - Statement - f2 = new java.io.FileWriter(RefNo, false): null

2018-12-17 16:03:30 - [TEST_STEP][PASSED] - Statement - f2.write(CaseReferenceNo): null

2018-12-17 16:03:30 - [TEST_STEP][PASSED] - Statement - f2.close(): null

2018-12-17 16:03:30 - [TEST_STEP][PASSED] - Statement - out.println("


" + CaseReferenceNo + "


"): null

2018-12-17 16:03:30 - [MESSAGE][PASSED] - Call Test Case 'Test Cases/Final Aug 2018 - PKS Automation/Common/Reference Number Setter' successfully

2018-12-17 16:03:30 - [TEST_STEP][PASSED] - delay: Delayed 2 second(s)

2018-12-17 16:03:32 - [MESSAGE][PASSED] - Delayed 2 second(s)

2018-12-17 16:03:32 - [TEST_STEP][PASSED] - click: Object: 'Object Repository/Final Object Repo/Page_Form 3 EIS - Cessation as Employer/Save  Continue in Uploading Page' is clicked on

2018-12-17 16:03:33 - [MESSAGE][PASSED] - Object: 'Object Repository/Final Object Repo/Page_Form 3 EIS - Cessation as Employer/Save  Continue in Uploading Page' is clicked on

2018-12-17 16:03:33 - [TEST_STEP][PASSED] - delay: Delayed 2 second(s)

2018-12-17 16:03:35 - [MESSAGE][PASSED] - Delayed 2 second(s)

2018-12-17 16:03:35 - [TEST_STEP][PASSED] - click: Object: 'Object Repository/Final Object Repo/Page_Form 3 EIS - Cessation as Employer/Submit' is clicked on

2018-12-17 16:03:38 - [MESSAGE][PASSED] - Object: 'Object Repository/Final Object Repo/Page_Form 3 EIS - Cessation as Employer/Submit' is clicked on

2018-12-17 16:03:38 - [TEST_STEP][PASSED] - delay: Delayed 2 second(s)

2018-12-17 16:03:40 - [MESSAGE][PASSED] - Delayed 2 second(s)

2018-12-17 16:03:40 - [TEST_STEP][PASSED] - click: Object: 'Object Repository/Final Object Repo/Page_Form 3 EIS - Cessation as Employer/Confirm' is clicked on

2018-12-17 16:03:40 - [MESSAGE][PASSED] - Object: 'Object Repository/Final Object Repo/Page_Form 3 EIS - Cessation as Employer/Confirm' is clicked on

2018-12-17 16:03:40 - [TEST_STEP][PASSED] - delay: Delayed 2 second(s)

2018-12-17 16:03:42 - [MESSAGE][PASSED] - Delayed 2 second(s)

2018-12-17 16:03:42 - [TEST_STEP][PASSED] - click: Object: 'Object Repository/Final Object Repo/Page_Form 3 EIS - Cessation as Employer/Message Your Request will be routed to UO' is clicked on

2018-12-17 16:03:46 - [MESSAGE][PASSED] - Object: 'Object Repository/Final Object Repo/Page_Form 3 EIS - Cessation as Employer/Message Your Request will be routed to UO' is clicked on

2018-12-17 16:03:46 - [TEST_STEP][PASSED] - click: Object: 'Object Repository/Final Object Repo/Page_Form 3 EIS - Cessation as Employer/Letter of acknowledgement' is clicked on

2018-12-17 16:03:46 - [MESSAGE][PASSED] - Object: 'Object Repository/Final Object Repo/Page_Form 3 EIS - Cessation as Employer/Letter of acknowledgement' is clicked on

2018-12-17 16:03:46 - [MESSAGE][PASSED] - Call Test Case 'Test Cases/Final Aug 2018 - PKS Automation/Registration Module/Workflow/Form 3 EIS - Cessation As Employer/Template/Form 3 A - Cessation As Employer (OTC)' successfully

2018-12-17 16:03:46 - [TEST_STEP][PASSED] - callTestCase: Call Test Case 'Test Cases/Final Aug 2018 - PKS Automation/Registration Module/Workflow/Form 3 EIS - Cessation As Employer/Template/Form 3 A - Cessation As Employer (Under enforcement)' successfully

2018-12-17 16:03:46 - [TEST_CASE][PASSED] - Test Cases/Final Aug 2018 - PKS Automation/Registration Module/Workflow/Form 3 EIS - Cessation As Employer/Template/Form 3 A - Cessation As Employer (Under enforcement): Test Cases/Final Aug 2018 - PKS Automation/Registration Module/Workflow/Form 3 EIS - Cessation As Employer/Template/Form 3 A - Cessation As Employer (Under enforcement)

2018-12-17 16:03:47 - [TEST_STEP][NOT_RUN] - callTestCase: NOT_RUN: callTestCase

2018-12-17 16:03:47 - [MESSAGE][NOT_RUN] - NOT_RUN: callTestCase

2018-12-17 16:03:47 - [TEST_STEP][PASSED] - delay: Delayed 1 second(s)

2018-12-17 16:03:48 - [MESSAGE][PASSED] - Delayed 1 second(s)

2018-12-17 16:03:48 - [TEST_STEP][PASSED] - navigateToUrl: Navigate to 'https://assist2-uat.perkeso.gov.my/c/portal/logout' successfully

2018-12-17 16:03:49 - [MESSAGE][PASSED] - Navigate to 'https://assist2-uat.perkeso.gov.my/c/portal/logout' successfully

2018-12-17 16:03:49 - [TEST_STEP][PASSED] - delay: Delayed 1 second(s)

2018-12-17 16:03:50 - [MESSAGE][PASSED] - Delayed 1 second(s)

2018-12-17 16:03:50 - [TEST_STEP][PASSED] - callTestCase: Call Test Case 'Test Cases/Final Aug 2018 - PKS Automation/Common/Reference Number Getter' successfully

2018-12-17 16:03:50 - [TEST_CASE][PASSED] - Test Cases/Final Aug 2018 - PKS Automation/Common/Reference Number Getter: Test Cases/Final Aug 2018 - PKS Automation/Common/Reference Number Getter

2018-12-17 16:03:50 - [TEST_STEP][PASSED] - Statement - Try: null

2018-12-17 16:03:50 - [TEST_STEP][PASSED] - Statement - RefNo = new java.io.File(C://Users//Admin//Desktop//PKS//Automation Reference Point//KatalonReference.txt): null

2018-12-17 16:03:50 - [TEST_STEP][PASSED] - Statement - bufferread = new java.io.BufferedReader(new java.io.FileReader(RefNo)): null

2018-12-17 16:03:50 - [TEST_STEP][PASSED] - Statement - readedVal = bufferread.readLine(): null

2018-12-17 16:03:50 - [TEST_STEP][PASSED] - Statement - out.println(CaseReferenceNo): null

2018-12-17 16:03:50 - [TEST_STEP][PASSED] - Statement - out.println(readedVal): null

2018-12-17 16:03:50 - [TEST_STEP][PASSED] - Statement - CaseReferenceNo = "": null

2018-12-17 16:03:50 - [TEST_STEP][PASSED] - Statement - CaseReferenceNo = readedVal: null

2018-12-17 16:03:50 - [MESSAGE][PASSED] - Call Test Case 'Test Cases/Final Aug 2018 - PKS Automation/Common/Reference Number Getter' successfully

2018-12-17 16:03:50 - [TEST_STEP][PASSED] - callTestCase: Call Test Case 'Test Cases/Final Aug 2018 - PKS Automation/Common/Workflow Owner Finder' successfully

2018-12-17 16:03:50 - [TEST_CASE][PASSED] - Test Cases/Final Aug 2018 - PKS Automation/Common/Workflow Owner Finder: Test Cases/Final Aug 2018 - PKS Automation/Common/Workflow Owner Finder

2018-12-17 16:03:50 - [TEST_STEP][PASSED] - openBrowser: Browser is opened with url: ''

2018-12-17 16:03:50 - [MESSAGE][WARNING] - A browser is already opened. Closing browser and opening a new one

2018-12-17 16:03:53 - [MESSAGE][PASSED] - Browser is opened with url: ''

2018-12-17 16:03:53 - [TEST_STEP][PASSED] - navigateToUrl: Navigate to 'https://assist2-uat.perkeso.gov.my/login' successfully

2018-12-17 16:03:54 - [MESSAGE][PASSED] - Navigate to 'https://assist2-uat.perkeso.gov.my/login' successfully

2018-12-17 16:03:54 - [TEST_STEP][PASSED] - delay: Delayed 5 second(s)

2018-12-17 16:03:59 - [MESSAGE][PASSED] - Delayed 5 second(s)

2018-12-17 16:03:59 - [TEST_STEP][PASSED] - setText: Text 'test@liferay.com' is set on object 'Object Repository/Final Object Repo/Login Page/Internal User/Email Address'

2018-12-17 16:03:59 - [MESSAGE][PASSED] - Text 'test@liferay.com' is set on object 'Object Repository/Final Object Repo/Login Page/Internal User/Email Address'

2018-12-17 16:03:59 - [TEST_STEP][PASSED] - click: Object: 'Object Repository/Final Object Repo/Login Page/Internal User/Next Button' is clicked on

2018-12-17 16:03:59 - [MESSAGE][PASSED] - Object: 'Object Repository/Final Object Repo/Login Page/Internal User/Next Button' is clicked on

2018-12-17 16:03:59 - [TEST_STEP][PASSED] - delay: Delayed 2 second(s)

2018-12-17 16:04:01 - [MESSAGE][PASSED] - Delayed 2 second(s)

2018-12-17 16:04:01 - [TEST_STEP][PASSED] - setText: Text 'test' is set on object 'Object Repository/Final Object Repo/Login Page/Internal User/Password'

2018-12-17 16:04:01 - [MESSAGE][PASSED] - Text 'test' is set on object 'Object Repository/Final Object Repo/Login Page/Internal User/Password'

2018-12-17 16:04:01 - [TEST_STEP][PASSED] - delay: Delayed 2 second(s)

2018-12-17 16:04:03 - [MESSAGE][PASSED] - Delayed 2 second(s)

2018-12-17 16:04:03 - [TEST_STEP][PASSED] - click: Object: 'Object Repository/Final Object Repo/Login Page/Internal User/Login Button' is clicked on

2018-12-17 16:04:04 - [MESSAGE][PASSED] - Object: 'Object Repository/Final Object Repo/Login Page/Internal User/Login Button' is clicked on

2018-12-17 16:04:04 - [TEST_STEP][PASSED] - Statement - tester = com.kms.katalon.core.testobject.ObjectRepository.findTestObject(Final Object Repo/Landing Page/Select to English): Finding Test Object with id 'Object Repository/Final Object Repo/Landing Page/Select to English'

2018-12-17 16:04:04 - [TEST_STEP][PASSED] - Statement - Try: Delayed 2 second(s)

2018-12-17 16:04:04 - [TEST_STEP][PASSED] - Statement - Checker = com.kms.katalon.core.webui.keyword.WebUiBuiltInKeywords.verifyElementNotPresent(tester, 3): Web element with id: 'Object Repository/Final Object Repo/Landing Page/Select to English' located by 'By.xpath: //a[@class = 'taglib-language-list-text' and @lang = 'en-US' and (contains(text(), 'EN') or contains(., 'EN'))]' is not present after '3' second(s)

2018-12-17 16:04:06 - [MESSAGE][PASSED] - Web element with id: 'Object Repository/Final Object Repo/Landing Page/Select to English' located by 'By.xpath: //a[@class = 'taglib-language-list-text' and @lang = 'en-US' and (contains(text(), 'EN') or contains(., 'EN'))]' is not present after '3' second(s)

2018-12-17 16:04:06 - [TEST_STEP][PASSED] - Statement - If (Checker == false): null

2018-12-17 16:04:06 - [TEST_STEP][PASSED] - delay: Delayed 2 second(s)

2018-12-17 16:04:08 - [MESSAGE][PASSED] - Delayed 2 second(s)

2018-12-17 16:04:08 - [TEST_STEP][PASSED] - delay: Delayed 5 second(s)

2018-12-17 16:04:13 - [MESSAGE][PASSED] - Delayed 5 second(s)

2018-12-17 16:04:13 - [TEST_STEP][PASSED] - mouseOver: Object: 'Object Repository/Final Object Repo/Landing Page/WorkFlow Menu' is hovered

2018-12-17 16:04:13 - [MESSAGE][PASSED] - Object: 'Object Repository/Final Object Repo/Landing Page/WorkFlow Menu' is hovered

2018-12-17 16:04:13 - [TEST_STEP][PASSED] - delay: Delayed 2 second(s)

2018-12-17 16:04:15 - [MESSAGE][PASSED] - Delayed 2 second(s)

2018-12-17 16:04:15 - [TEST_STEP][PASSED] - click: Object: 'Object Repository/Final Object Repo/Landing Page/Select to Workflow Listing' is clicked on

2018-12-17 16:04:16 - [MESSAGE][PASSED] - Object: 'Object Repository/Final Object Repo/Landing Page/Select to Workflow Listing' is clicked on

2018-12-17 16:04:16 - [TEST_STEP][PASSED] - delay: Delayed 2 second(s)

2018-12-17 16:04:18 - [MESSAGE][PASSED] - Delayed 2 second(s)

2018-12-17 16:04:18 - [TEST_STEP][PASSED] - click: Object: 'Object Repository/Final Object Repo/WorkFlow Listing Page/Search Information - To Put Ref No' is clicked on

2018-12-17 16:04:19 - [MESSAGE][PASSED] - Object: 'Object Repository/Final Object Repo/WorkFlow Listing Page/Search Information - To Put Ref No' is clicked on

2018-12-17 16:04:19 - [TEST_STEP][PASSED] - delay: Delayed 2 second(s)

2018-12-17 16:04:21 - [MESSAGE][PASSED] - Delayed 2 second(s)

2018-12-17 16:04:21 - [TEST_STEP][PASSED] - callTestCase: Call Test Case 'Test Cases/Final Aug 2018 - PKS Automation/Common/Reference Number Getter' successfully

2018-12-17 16:04:21 - [TEST_CASE][PASSED] - Test Cases/Final Aug 2018 - PKS Automation/Common/Reference Number Getter: Test Cases/Final Aug 2018 - PKS Automation/Common/Reference Number Getter

2018-12-17 16:04:21 - [TEST_STEP][PASSED] - Statement - Try: null

2018-12-17 16:04:21 - [TEST_STEP][PASSED] - Statement - RefNo = new java.io.File(C://Users//Admin//Desktop//PKS//Automation Reference Point//KatalonReference.txt): null

2018-12-17 16:04:21 - [TEST_STEP][PASSED] - Statement - bufferread = new java.io.BufferedReader(new java.io.FileReader(RefNo)): null

2018-12-17 16:04:21 - [TEST_STEP][PASSED] - Statement - readedVal = bufferread.readLine(): null

2018-12-17 16:04:21 - [TEST_STEP][PASSED] - Statement - out.println(CaseReferenceNo): null

2018-12-17 16:04:21 - [TEST_STEP][PASSED] - Statement - out.println(readedVal): null

2018-12-17 16:04:21 - [TEST_STEP][PASSED] - Statement - CaseReferenceNo = "": null

2018-12-17 16:04:21 - [TEST_STEP][PASSED] - Statement - CaseReferenceNo = readedVal: null

2018-12-17 16:04:21 - [MESSAGE][PASSED] - Call Test Case 'Test Cases/Final Aug 2018 - PKS Automation/Common/Reference Number Getter' successfully

2018-12-17 16:04:21 - [TEST_STEP][PASSED] - setText: Text 'ERN122018C200002475' is set on object 'Object Repository/Final Object Repo/WorkFlow Listing Page/Ref No Set Text'

2018-12-17 16:04:21 - [MESSAGE][PASSED] - Text 'ERN122018C200002475' is set on object 'Object Repository/Final Object Repo/WorkFlow Listing Page/Ref No Set Text'

2018-12-17 16:04:21 - [TEST_STEP][PASSED] - delay: Delayed 2 second(s)

2018-12-17 16:04:23 - [MESSAGE][PASSED] - Delayed 2 second(s)

2018-12-17 16:04:23 - [TEST_STEP][PASSED] - click: Object: 'Object Repository/Final Object Repo/WorkFlow Listing Page/Search Ref No Search Button' is clicked on

2018-12-17 16:04:23 - [MESSAGE][PASSED] - Object: 'Object Repository/Final Object Repo/WorkFlow Listing Page/Search Ref No Search Button' is clicked on

2018-12-17 16:04:23 - [TEST_STEP][PASSED] - delay: Delayed 6 second(s)

2018-12-17 16:04:29 - [MESSAGE][PASSED] - Delayed 6 second(s)

2018-12-17 16:04:29 - [TEST_STEP][PASSED] - click: Object: 'Object Repository/Final Object Repo/WorkFlow Listing Page/Click Continue Tooltip' is clicked on

2018-12-17 16:04:30 - [MESSAGE][PASSED] - Object: 'Object Repository/Final Object Repo/WorkFlow Listing Page/Click Continue Tooltip' is clicked on

2018-12-17 16:04:30 - [TEST_STEP][PASSED] - delay: Delayed 5 second(s)

2018-12-17 16:04:35 - [MESSAGE][PASSED] - Delayed 5 second(s)

2018-12-17 16:04:35 - [TEST_STEP][PASSED] - doubleClick: Object: 'Object Repository/Final Object Repo/WorkFlow Listing Page/Workflow Found - Listing 1' is double clicked on

2018-12-17 16:04:36 - [MESSAGE][PASSED] - Object: 'Object Repository/Final Object Repo/WorkFlow Listing Page/Workflow Found - Listing 1' is double clicked on

2018-12-17 16:04:36 - [TEST_STEP][PASSED] - Statement - println(OwnerID): null

2018-12-17 16:04:36 - [TEST_STEP][PASSED] - Statement - OwnerID = com.kms.katalon.core.webui.keyword.WebUiBuiltInKeywords.getText(com.kms.katalon.core.testobject.ObjectRepository.findTestObject(Final Object Repo/WorkFlow Listing Page/Workflow Found - Listing 1), STOP_ON_FAILURE): Text of object 'Object Repository/Final Object Repo/WorkFlow Listing Page/Workflow Found - Listing 1' is: 'JOHORuo2'

2018-12-17 16:04:36 - [MESSAGE][PASSED] - Text of object 'Object Repository/Final Object Repo/WorkFlow Listing Page/Workflow Found - Listing 1' is: 'JOHORuo2'

2018-12-17 16:04:36 - [TEST_STEP][PASSED] - Statement - OwnerID = OwnerID.toLowerCase() + "@gmail.com": null

2018-12-17 16:04:36 - [TEST_STEP][PASSED] - Statement - println(OwnerID): null

2018-12-17 16:04:36 - [TEST_STEP][PASSED] - delay: Delayed 2 second(s)

2018-12-17 16:04:38 - [MESSAGE][PASSED] - Delayed 2 second(s)

2018-12-17 16:04:38 - [MESSAGE][PASSED] - Call Test Case 'Test Cases/Final Aug 2018 - PKS Automation/Common/Workflow Owner Finder' successfully

2018-12-17 16:04:38 - [TEST_STEP][PASSED] - delay: Delayed 1 second(s)

2018-12-17 16:04:39 - [MESSAGE][PASSED] - Delayed 1 second(s)

2018-12-17 16:04:39 - [TEST_STEP][PASSED] - navigateToUrl: Navigate to 'https://assist2-uat.perkeso.gov.my/c/portal/logout' successfully

2018-12-17 16:04:40 - [MESSAGE][PASSED] - Navigate to 'https://assist2-uat.perkeso.gov.my/c/portal/logout' successfully

2018-12-17 16:04:40 - [TEST_STEP][PASSED] - delay: Delayed 1 second(s)

2018-12-17 16:04:41 - [MESSAGE][PASSED] - Delayed 1 second(s)

2018-12-17 16:04:41 - [TEST_STEP][PASSED] - callTestCase: Call Test Case 'Test Cases/Final Aug 2018 - PKS Automation/Registration Module/Workflow/Login and Search Case For Workflow' successfully

2018-12-17 16:04:41 - [TEST_CASE][PASSED] - Test Cases/Final Aug 2018 - PKS Automation/Registration Module/Workflow/Login and Search Case For Workflow: Test Cases/Final Aug 2018 - PKS Automation/Registration Module/Workflow/Login and Search Case For Workflow

2018-12-17 16:04:41 - [TEST_STEP][PASSED] - navigateToUrl: Navigate to 'https://assist2-uat.perkeso.gov.my/login' successfully

2018-12-17 16:04:41 - [MESSAGE][PASSED] - Navigate to 'https://assist2-uat.perkeso.gov.my/login' successfully

2018-12-17 16:04:41 - [TEST_STEP][PASSED] - setText: Text 'johoruo2@gmail.com' is set on object 'Object Repository/Final Object Repo/Login Page/Internal User/Email Address'

2018-12-17 16:04:42 - [MESSAGE][PASSED] - Text 'johoruo2@gmail.com' is set on object 'Object Repository/Final Object Repo/Login Page/Internal User/Email Address'

2018-12-17 16:04:42 - [TEST_STEP][PASSED] - click: Object: 'Object Repository/Final Object Repo/Login Page/Internal User/Next Button' is clicked on

2018-12-17 16:04:42 - [MESSAGE][PASSED] - Object: 'Object Repository/Final Object Repo/Login Page/Internal User/Next Button' is clicked on

2018-12-17 16:04:42 - [TEST_STEP][PASSED] - delay: Delayed 1 second(s)

2018-12-17 16:04:43 - [MESSAGE][PASSED] - Delayed 1 second(s)

2018-12-17 16:04:43 - [TEST_STEP][PASSED] - setEncryptedText: Text ****** has been set on object 'Object Repository/Final Object Repo/Login Page/Internal User/Password'

2018-12-17 16:04:43 - [MESSAGE][PASSED] - Text ****** has been set on object 'Object Repository/Final Object Repo/Login Page/Internal User/Password'

2018-12-17 16:04:43 - [TEST_STEP][PASSED] - click: Object: 'Object Repository/Final Object Repo/Login Page/Internal User/Login Button' is clicked on

2018-12-17 16:04:43 - [MESSAGE][PASSED] - Object: 'Object Repository/Final Object Repo/Login Page/Internal User/Login Button' is clicked on

2018-12-17 16:04:43 - [TEST_STEP][PASSED] - delay: Delayed 2 second(s)

2018-12-17 16:04:45 - [MESSAGE][PASSED] - Delayed 2 second(s)

2018-12-17 16:04:45 - [TEST_STEP][PASSED] - Statement - Try: Delayed 2 second(s)

2018-12-17 16:04:45 - [TEST_STEP][PASSED] - Statement - Checker = false: null

2018-12-17 16:04:45 - [TEST_STEP][PASSED] - Statement - Checker = com.kms.katalon.core.webui.keyword.WebUiBuiltInKeywords.verifyElementHasAttribute(com.kms.katalon.core.testobject.ObjectRepository.findTestObject(Final Object Repo/Landing Page/BM Detecting), "href", 20, OPTIONAL): Object 'Object Repository/Final Object Repo/Landing Page/BM Detecting' has attribute 'href'

2018-12-17 16:04:45 - [MESSAGE][PASSED] - Object 'Object Repository/Final Object Repo/Landing Page/BM Detecting' has attribute 'href'

2018-12-17 16:04:45 - [TEST_STEP][PASSED] - Statement - out.println(Checker): null

2018-12-17 16:04:45 - [TEST_STEP][PASSED] - Statement - If (Checker == false): null

2018-12-17 16:04:45 - [TEST_STEP][PASSED] - Statement - Else: null

2018-12-17 16:04:45 - [TEST_STEP][PASSED] - delay: Delayed 2 second(s)

2018-12-17 16:04:47 - [MESSAGE][PASSED] - Delayed 2 second(s)

2018-12-17 16:04:47 - [TEST_STEP][PASSED] - click: Object: 'Object Repository/Final Object Repo/Page_MyASSIST - ASSIST - Search Pending Case For Add Supporting Document/Search Information' is clicked on

2018-12-17 16:04:47 - [MESSAGE][PASSED] - Object: 'Object Repository/Final Object Repo/Page_MyASSIST - ASSIST - Search Pending Case For Add Supporting Document/Search Information' is clicked on

2018-12-17 16:04:47 - [TEST_STEP][PASSED] - delay: Delayed 3 second(s)

2018-12-17 16:04:50 - [MESSAGE][PASSED] - Delayed 3 second(s)

2018-12-17 16:04:50 - [TEST_STEP][PASSED] - sendKeys: Keys 'ERN122018C200002475' sent to object: 'Object Repository/Final Object Repo/Page_MyASSIST - ASSIST - Search Pending Case For Add Supporting Document/Reference No'

2018-12-17 16:04:51 - [MESSAGE][PASSED] - Keys 'ERN122018C200002475' sent to object: 'Object Repository/Final Object Repo/Page_MyASSIST - ASSIST - Search Pending Case For Add Supporting Document/Reference No'

2018-12-17 16:04:51 - [TEST_STEP][PASSED] - click: Object: 'Object Repository/Final Object Repo/Page_MyASSIST - ASSIST - Search Pending Case For Add Supporting Document/Search Reference No' is clicked on

2018-12-17 16:04:51 - [MESSAGE][PASSED] - Object: 'Object Repository/Final Object Repo/Page_MyASSIST - ASSIST - Search Pending Case For Add Supporting Document/Search Reference No' is clicked on

2018-12-17 16:04:51 - [TEST_STEP][PASSED] - delay: Delayed 2 second(s)

2018-12-17 16:04:53 - [MESSAGE][PASSED] - Delayed 2 second(s)

2018-12-17 16:04:53 - [TEST_STEP][PASSED] - click: Object: 'Object Repository/Final Object Repo/Page_MyASSIST - ASSIST - Search Pending Case For Add Supporting Document/Continue' is clicked on

2018-12-17 16:04:56 - [MESSAGE][PASSED] - Object: 'Object Repository/Final Object Repo/Page_MyASSIST - ASSIST - Search Pending Case For Add Supporting Document/Continue' is clicked on

2018-12-17 16:04:56 - [TEST_STEP][PASSED] - delay: Delayed 20 second(s)

2018-12-17 16:05:16 - [MESSAGE][PASSED] - Delayed 20 second(s)

2018-12-17 16:05:16 - [MESSAGE][PASSED] - Call Test Case 'Test Cases/Final Aug 2018 - PKS Automation/Registration Module/Workflow/Login and Search Case For Workflow' successfully

2018-12-17 16:05:16 - [TEST_STEP][PASSED] - click: Object: 'Object Repository/Final Object Repo/Page_Form 3 EIS - Cessation as Employer/Page_Form 3 EIS - Cessation as Employer (Approve)/Save  Continue in Form 3 Page' is clicked on

2018-12-17 16:05:16 - [MESSAGE][PASSED] - Object: 'Object Repository/Final Object Repo/Page_Form 3 EIS - Cessation as Employer/Page_Form 3 EIS - Cessation as Employer (Approve)/Save  Continue in Form 3 Page' is clicked on

2018-12-17 16:05:16 - [TEST_STEP][PASSED] - delay: Delayed 2 second(s)

2018-12-17 16:05:18 - [MESSAGE][PASSED] - Delayed 2 second(s)

2018-12-17 16:05:18 - [TEST_STEP][PASSED] - click: Object: 'Object Repository/Final Object Repo/Page_Form 3 EIS - Cessation as Employer/Page_Form 3 EIS - Cessation as Employer (Approve)/Save  Continue in Resigned Page' is clicked on

2018-12-17 16:05:19 - [MESSAGE][PASSED] - Object: 'Object Repository/Final Object Repo/Page_Form 3 EIS - Cessation as Employer/Page_Form 3 EIS - Cessation as Employer (Approve)/Save  Continue in Resigned Page' is clicked on

2018-12-17 16:05:19 - [TEST_STEP][PASSED] - delay: Delayed 2 second(s)

2018-12-17 16:05:21 - [MESSAGE][PASSED] - Delayed 2 second(s)

2018-12-17 16:05:21 - [TEST_STEP][PASSED] - click: Object: 'Object Repository/Final Object Repo/Page_Form 3 EIS - Cessation as Employer/Page_Form 3 EIS - Cessation as Employer (Approve)/Save  Continue in Uploading Page' is clicked on

2018-12-17 16:05:22 - [MESSAGE][PASSED] - Object: 'Object Repository/Final Object Repo/Page_Form 3 EIS - Cessation as Employer/Page_Form 3 EIS - Cessation as Employer (Approve)/Save  Continue in Uploading Page' is clicked on

2018-12-17 16:05:22 - [TEST_STEP][PASSED] - delay: Delayed 2 second(s)

2018-12-17 16:05:24 - [MESSAGE][PASSED] - Delayed 2 second(s)

2018-12-17 16:05:24 - [TEST_STEP][PASSED] - click: Object: 'Object Repository/Final Object Repo/Page_Form 3 EIS - Cessation as Employer/Page_Form 3 EIS - Cessation as Employer (Under enforcement)/Underenforcement' is clicked on

2018-12-17 16:05:27 - [MESSAGE][PASSED] - Object: 'Object Repository/Final Object Repo/Page_Form 3 EIS - Cessation as Employer/Page_Form 3 EIS - Cessation as Employer (Under enforcement)/Underenforcement' is clicked on

2018-12-17 16:05:27 - [TEST_STEP][PASSED] - delay: Delayed 2 second(s)

2018-12-17 16:05:29 - [MESSAGE][PASSED] - Delayed 2 second(s)

2018-12-17 16:05:29 - [TEST_STEP][PASSED] - setText: Text 'Remark' is set on object 'Object Repository/Final Object Repo/Page_Form 3 EIS - Cessation as Employer/Page_Form 3 EIS - Cessation as Employer (Under enforcement)/Under enforcement - Remark'

2018-12-17 16:05:29 - [MESSAGE][PASSED] - Text 'Remark' is set on object 'Object Repository/Final Object Repo/Page_Form 3 EIS - Cessation as Employer/Page_Form 3 EIS - Cessation as Employer (Under enforcement)/Under enforcement - Remark'

2018-12-17 16:05:29 - [TEST_STEP][PASSED] - delay: Delayed 2 second(s)

2018-12-17 16:05:31 - [MESSAGE][PASSED] - Delayed 2 second(s)

2018-12-17 16:05:31 - [TEST_STEP][PASSED] - click: Object: 'Object Repository/Final Object Repo/Page_Form 3 EIS - Cessation as Employer/Page_Form 3 EIS - Cessation as Employer (Under enforcement)/Save  Continue in Under enforcement' is clicked on

2018-12-17 16:05:31 - [MESSAGE][PASSED] - Object: 'Object Repository/Final Object Repo/Page_Form 3 EIS - Cessation as Employer/Page_Form 3 EIS - Cessation as Employer (Under enforcement)/Save  Continue in Under enforcement' is clicked on

2018-12-17 16:05:31 - [TEST_STEP][PASSED] - doubleClick: Object: 'Object Repository/Final Object Repo/Page_Form 3 EIS - Cessation as Employer/Page_Form 3 EIS - Cessation as Employer (Under enforcement)/Message The case is under enforcement' is double clicked on

2018-12-17 16:05:35 - [MESSAGE][PASSED] - Object: 'Object Repository/Final Object Repo/Page_Form 3 EIS - Cessation as Employer/Page_Form 3 EIS - Cessation as Employer (Under enforcement)/Message The case is under enforcement' is double clicked on

2018-12-17 16:05:35 - [MESSAGE][PASSED] - Call Test Case 'Test Cases/Final Aug 2018 - PKS Automation/Registration Module/Workflow/Form 3 EIS - Cessation As Employer/Template/Form 3 A - Cessation As Employer (Under enforcement)' successfully]]></system-out>
         <system-err><![CDATA[]]></system-err>
      </testcase>
      <testcase name="Test Cases/Final Aug 2018 - PKS Automation/Registration Module/Workflow/Form 3 EIS - Cessation As Employer/OTC to UO (Approve)" classname="Test Cases/Final Aug 2018 - PKS Automation/Registration Module/Workflow/Form 3 EIS - Cessation As Employer/OTC to UO (Approve)" status="PASSED">
         <system-out><![CDATA[2018-12-17 16:05:35 - [TEST_CASE][PASSED] - Test Cases/Final Aug 2018 - PKS Automation/Registration Module/Workflow/Form 3 EIS - Cessation As Employer/OTC to UO (Approve): Test Cases/Final Aug 2018 - PKS Automation/Registration Module/Workflow/Form 3 EIS - Cessation As Employer/OTC to UO (Approve)

2018-12-17 16:05:36 - [TEST_STEP][PASSED] - callTestCase: Call Test Case 'Test Cases/Final Aug 2018 - PKS Automation/Registration Module/Workflow/Form 3 EIS - Cessation As Employer/Template/Form 3 A - Cessation As Employer (OTC)' successfully

2018-12-17 16:05:36 - [TEST_CASE][PASSED] - Test Cases/Final Aug 2018 - PKS Automation/Registration Module/Workflow/Form 3 EIS - Cessation As Employer/Template/Form 3 A - Cessation As Employer (OTC): Test Cases/Final Aug 2018 - PKS Automation/Registration Module/Workflow/Form 3 EIS - Cessation As Employer/Template/Form 3 A - Cessation As Employer (OTC)

2018-12-17 16:05:36 - [TEST_STEP][PASSED] - openBrowser: Browser is opened with url: ''

2018-12-17 16:05:36 - [MESSAGE][WARNING] - A browser is already opened. Closing browser and opening a new one

2018-12-17 16:05:39 - [MESSAGE][PASSED] - Browser is opened with url: ''

2018-12-17 16:05:39 - [TEST_STEP][PASSED] - navigateToUrl: Navigate to 'https://assist2-uat.perkeso.gov.my/login' successfully

2018-12-17 16:05:40 - [MESSAGE][PASSED] - Navigate to 'https://assist2-uat.perkeso.gov.my/login' successfully

2018-12-17 16:05:40 - [TEST_STEP][PASSED] - setText: Text 'johorotc1@gmail.com' is set on object 'Object Repository/Final Object Repo/Login Page/Internal User/Email Address'

2018-12-17 16:05:40 - [MESSAGE][PASSED] - Text 'johorotc1@gmail.com' is set on object 'Object Repository/Final Object Repo/Login Page/Internal User/Email Address'

2018-12-17 16:05:40 - [TEST_STEP][PASSED] - click: Object: 'Object Repository/Final Object Repo/Login Page/Internal User/Next Button' is clicked on

2018-12-17 16:05:40 - [MESSAGE][PASSED] - Object: 'Object Repository/Final Object Repo/Login Page/Internal User/Next Button' is clicked on

2018-12-17 16:05:40 - [TEST_STEP][PASSED] - delay: Delayed 1 second(s)

2018-12-17 16:05:41 - [MESSAGE][PASSED] - Delayed 1 second(s)

2018-12-17 16:05:41 - [TEST_STEP][PASSED] - setEncryptedText: Text ****** has been set on object 'Object Repository/Final Object Repo/Login Page/Internal User/Password'

2018-12-17 16:05:42 - [MESSAGE][PASSED] - Text ****** has been set on object 'Object Repository/Final Object Repo/Login Page/Internal User/Password'

2018-12-17 16:05:42 - [TEST_STEP][PASSED] - click: Object: 'Object Repository/Final Object Repo/Login Page/Internal User/Login Button' is clicked on

2018-12-17 16:05:42 - [MESSAGE][PASSED] - Object: 'Object Repository/Final Object Repo/Login Page/Internal User/Login Button' is clicked on

2018-12-17 16:05:42 - [TEST_STEP][PASSED] - delay: Delayed 1 second(s)

2018-12-17 16:05:43 - [MESSAGE][PASSED] - Delayed 1 second(s)

2018-12-17 16:05:43 - [TEST_STEP][PASSED] - Statement - Try: Delayed 2 second(s)

2018-12-17 16:05:43 - [TEST_STEP][PASSED] - Statement - Checker = false: null

2018-12-17 16:05:43 - [TEST_STEP][PASSED] - Statement - Checker = com.kms.katalon.core.webui.keyword.WebUiBuiltInKeywords.verifyElementHasAttribute(com.kms.katalon.core.testobject.ObjectRepository.findTestObject(Final Object Repo/Landing Page/BM Detecting), "href", 20, OPTIONAL): Object 'Object Repository/Final Object Repo/Landing Page/BM Detecting' has attribute 'href'

2018-12-17 16:05:43 - [MESSAGE][PASSED] - Object 'Object Repository/Final Object Repo/Landing Page/BM Detecting' has attribute 'href'

2018-12-17 16:05:43 - [TEST_STEP][PASSED] - Statement - out.println(Checker): null

2018-12-17 16:05:43 - [TEST_STEP][PASSED] - Statement - If (Checker == false): null

2018-12-17 16:05:43 - [TEST_STEP][PASSED] - Statement - Else: null

2018-12-17 16:05:43 - [TEST_STEP][PASSED] - delay: Delayed 2 second(s)

2018-12-17 16:05:45 - [MESSAGE][PASSED] - Delayed 2 second(s)

2018-12-17 16:05:45 - [TEST_STEP][PASSED] - navigateToUrl: Navigate to 'https://assist2-uat.perkeso.gov.my/web/registration/eis-update/form-3-eis-cessation-as-employer' successfully

2018-12-17 16:05:46 - [MESSAGE][PASSED] - Navigate to 'https://assist2-uat.perkeso.gov.my/web/registration/eis-update/form-3-eis-cessation-as-employer' successfully

2018-12-17 16:05:46 - [TEST_STEP][PASSED] - delay: Delayed 1 second(s)

2018-12-17 16:05:47 - [MESSAGE][PASSED] - Delayed 1 second(s)

2018-12-17 16:05:47 - [TEST_STEP][PASSED] - setText: Text 'E1102069769W' is set on object 'Object Repository/Final Object Repo/Page_Form 3 EIS - Cessation as Employer/Employer Code'

2018-12-17 16:05:48 - [MESSAGE][PASSED] - Text 'E1102069769W' is set on object 'Object Repository/Final Object Repo/Page_Form 3 EIS - Cessation as Employer/Employer Code'

2018-12-17 16:05:48 - [TEST_STEP][PASSED] - click: Object: 'Object Repository/Final Object Repo/Page_Form 3 EIS - Cessation as Employer/Search' is clicked on

2018-12-17 16:05:48 - [MESSAGE][PASSED] - Object: 'Object Repository/Final Object Repo/Page_Form 3 EIS - Cessation as Employer/Search' is clicked on

2018-12-17 16:05:48 - [TEST_STEP][PASSED] - click: Object: 'Object Repository/Final Object Repo/Page_Form 3 EIS - Cessation as Employer/Edit' is clicked on

2018-12-17 16:05:50 - [MESSAGE][PASSED] - Object: 'Object Repository/Final Object Repo/Page_Form 3 EIS - Cessation as Employer/Edit' is clicked on

2018-12-17 16:05:50 - [TEST_STEP][PASSED] - delay: Delayed 1 second(s)

2018-12-17 16:05:51 - [MESSAGE][PASSED] - Delayed 1 second(s)

2018-12-17 16:05:51 - [TEST_STEP][PASSED] - Statement - abc = com.kms.katalon.core.webui.keyword.WebUiBuiltInKeywords.getAttribute(com.kms.katalon.core.testobject.ObjectRepository.findTestObject(Final Object Repo/Page_Form 3 EIS - Cessation as Employer/Employer Status), "value"): Attribute 'value' of object 'Object Repository/Final Object Repo/Page_Form 3 EIS - Cessation as Employer/Employer Status' is: 'Active'

2018-12-17 16:05:52 - [MESSAGE][PASSED] - Attribute 'value' of object 'Object Repository/Final Object Repo/Page_Form 3 EIS - Cessation as Employer/Employer Status' is: 'Active'

2018-12-17 16:05:52 - [TEST_STEP][PASSED] - Statement - out.println(abc): null

2018-12-17 16:05:52 - [TEST_STEP][PASSED] - Statement - If (abc == "Active"): Object: 'Object Repository/Final Object Repo/Page_Form 3 EIS - Cessation as Employer/Dormant EIS' is clicked on

2018-12-17 16:05:52 - [TEST_STEP][PASSED] - click: Object: 'Object Repository/Final Object Repo/Page_Form 3 EIS - Cessation as Employer/Change Employer Status to' is clicked on

2018-12-17 16:05:52 - [MESSAGE][PASSED] - Object: 'Object Repository/Final Object Repo/Page_Form 3 EIS - Cessation as Employer/Change Employer Status to' is clicked on

2018-12-17 16:05:52 - [TEST_STEP][PASSED] - click: Object: 'Object Repository/Final Object Repo/Page_Form 3 EIS - Cessation as Employer/Dormant EIS' is clicked on

2018-12-17 16:05:52 - [MESSAGE][PASSED] - Object: 'Object Repository/Final Object Repo/Page_Form 3 EIS - Cessation as Employer/Dormant EIS' is clicked on

2018-12-17 16:05:52 - [TEST_STEP][PASSED] - click: Object: 'Object Repository/Final Object Repo/Page_Form 3 EIS - Cessation as Employer/Calender' is clicked on

2018-12-17 16:05:52 - [MESSAGE][PASSED] - Object: 'Object Repository/Final Object Repo/Page_Form 3 EIS - Cessation as Employer/Calender' is clicked on

2018-12-17 16:05:52 - [TEST_STEP][PASSED] - delay: Delayed 1 second(s)

2018-12-17 16:05:53 - [MESSAGE][PASSED] - Delayed 1 second(s)

2018-12-17 16:05:53 - [TEST_STEP][PASSED] - click: Object: 'Object Repository/Final Object Repo/Page_Form 3 EIS - Cessation as Employer/Calender - Date' is clicked on

2018-12-17 16:05:54 - [MESSAGE][PASSED] - Object: 'Object Repository/Final Object Repo/Page_Form 3 EIS - Cessation as Employer/Calender - Date' is clicked on

2018-12-17 16:05:54 - [TEST_STEP][PASSED] - click: Object: 'Object Repository/Final Object Repo/Page_Form 3 EIS - Cessation as Employer/Save  Continue in Form 3 EIS Page' is clicked on

2018-12-17 16:05:54 - [MESSAGE][PASSED] - Object: 'Object Repository/Final Object Repo/Page_Form 3 EIS - Cessation as Employer/Save  Continue in Form 3 EIS Page' is clicked on

2018-12-17 16:05:54 - [TEST_STEP][PASSED] - delay: Delayed 1 second(s)

2018-12-17 16:05:55 - [MESSAGE][PASSED] - Delayed 1 second(s)

2018-12-17 16:05:55 - [TEST_STEP][PASSED] - click: Object: 'Object Repository/Final Object Repo/Page_Form 3 EIS - Cessation as Employer/Employment Resign Date' is clicked on

2018-12-17 16:05:56 - [MESSAGE][PASSED] - Object: 'Object Repository/Final Object Repo/Page_Form 3 EIS - Cessation as Employer/Employment Resign Date' is clicked on

2018-12-17 16:05:56 - [TEST_STEP][PASSED] - selectOptionByValue: All options with value '2030' are selected in object 'Object Repository/Final Object Repo/Page_Form 3 EIS - Cessation as Employer/Employment Resign Date - Year' 

2018-12-17 16:05:56 - [MESSAGE][PASSED] - All options with value '2030' are selected in object 'Object Repository/Final Object Repo/Page_Form 3 EIS - Cessation as Employer/Employment Resign Date - Year' 

2018-12-17 16:05:56 - [TEST_STEP][PASSED] - delay: Delayed 2 second(s)

2018-12-17 16:05:58 - [MESSAGE][PASSED] - Delayed 2 second(s)

2018-12-17 16:05:58 - [TEST_STEP][PASSED] - click: Object: 'Object Repository/Final Object Repo/Page_Form 3 EIS - Cessation as Employer/Employment Resign Date - Year - Date' is clicked on

2018-12-17 16:05:58 - [MESSAGE][PASSED] - Object: 'Object Repository/Final Object Repo/Page_Form 3 EIS - Cessation as Employer/Employment Resign Date - Year - Date' is clicked on

2018-12-17 16:05:58 - [TEST_STEP][PASSED] - delay: Delayed 2 second(s)

2018-12-17 16:06:00 - [MESSAGE][PASSED] - Delayed 2 second(s)

2018-12-17 16:06:00 - [TEST_STEP][PASSED] - click: Object: 'Object Repository/Final Object Repo/Page_Form 3 EIS - Cessation as Employer/Save  Continue in Employment Resign Page' is clicked on

2018-12-17 16:06:01 - [MESSAGE][PASSED] - Object: 'Object Repository/Final Object Repo/Page_Form 3 EIS - Cessation as Employer/Save  Continue in Employment Resign Page' is clicked on

2018-12-17 16:06:01 - [TEST_STEP][PASSED] - delay: Delayed 2 second(s)

2018-12-17 16:06:03 - [MESSAGE][PASSED] - Delayed 2 second(s)

2018-12-17 16:06:03 - [TEST_STEP][PASSED] - click: Object: 'Object Repository/Final Object Repo/Page_Form 3 EIS - Cessation as Employer/Set Latest - Yes' is clicked on

2018-12-17 16:06:03 - [MESSAGE][PASSED] - Object: 'Object Repository/Final Object Repo/Page_Form 3 EIS - Cessation as Employer/Set Latest - Yes' is clicked on

2018-12-17 16:06:03 - [TEST_STEP][PASSED] - delay: Delayed 2 second(s)

2018-12-17 16:06:05 - [MESSAGE][PASSED] - Delayed 2 second(s)

2018-12-17 16:06:05 - [TEST_STEP][PASSED] - click: Object: 'Object Repository/Final Object Repo/Page_Form 3 EIS - Cessation as Employer/Add Document' is clicked on

2018-12-17 16:06:06 - [MESSAGE][PASSED] - Object: 'Object Repository/Final Object Repo/Page_Form 3 EIS - Cessation as Employer/Add Document' is clicked on

2018-12-17 16:06:06 - [TEST_STEP][PASSED] - delay: Delayed 3 second(s)

2018-12-17 16:06:09 - [MESSAGE][PASSED] - Delayed 3 second(s)

2018-12-17 16:06:09 - [TEST_STEP][PASSED] - click: Object: 'Object Repository/Final Object Repo/Page_Form 3 EIS - Cessation as Employer/Document Type' is clicked on

2018-12-17 16:06:09 - [MESSAGE][PASSED] - Object: 'Object Repository/Final Object Repo/Page_Form 3 EIS - Cessation as Employer/Document Type' is clicked on

2018-12-17 16:06:09 - [TEST_STEP][PASSED] - click: Object: 'Object Repository/Final Object Repo/Page_Form 3 EIS - Cessation as Employer/Document Type - Form 3' is clicked on

2018-12-17 16:06:10 - [MESSAGE][PASSED] - Object: 'Object Repository/Final Object Repo/Page_Form 3 EIS - Cessation as Employer/Document Type - Form 3' is clicked on

2018-12-17 16:06:10 - [TEST_STEP][PASSED] - delay: Delayed 2 second(s)

2018-12-17 16:06:12 - [MESSAGE][PASSED] - Delayed 2 second(s)

2018-12-17 16:06:12 - [TEST_STEP][PASSED] - sendKeys: Keys 'C:\Users\Public\Pictures\Sample Pictures\Koala.jpg' sent to object: 'Object Repository/Final Object Repo/Page_Form 3 EIS - Cessation as Employer/ploading File'

2018-12-17 16:06:12 - [MESSAGE][PASSED] - Keys 'C:\Users\Public\Pictures\Sample Pictures\Koala.jpg' sent to object: 'Object Repository/Final Object Repo/Page_Form 3 EIS - Cessation as Employer/ploading File'

2018-12-17 16:06:12 - [TEST_STEP][PASSED] - delay: Delayed 1 second(s)

2018-12-17 16:06:13 - [MESSAGE][PASSED] - Delayed 1 second(s)

2018-12-17 16:06:13 - [TEST_STEP][PASSED] - click: Object: 'Object Repository/Final Object Repo/Page_Form 3 EIS - Cessation as Employer/Add Document in Uploading Page' is clicked on

2018-12-17 16:06:13 - [MESSAGE][PASSED] - Object: 'Object Repository/Final Object Repo/Page_Form 3 EIS - Cessation as Employer/Add Document in Uploading Page' is clicked on

2018-12-17 16:06:13 - [TEST_STEP][PASSED] - delay: Delayed 2 second(s)

2018-12-17 16:06:15 - [MESSAGE][PASSED] - Delayed 2 second(s)

2018-12-17 16:06:15 - [TEST_STEP][PASSED] - Statement - CaseReferenceNo = com.kms.katalon.core.webui.keyword.WebUiBuiltInKeywords.getText(com.kms.katalon.core.testobject.ObjectRepository.findTestObject(Final Object Repo/Page_Update Employer Information/Reference Number in Update Employee Information Page)): Text of object 'Object Repository/Final Object Repo/Page_Update Employer Information/Reference Number in Update Employee Information Page' is: 'ERN122018C200002476'

2018-12-17 16:06:17 - [MESSAGE][PASSED] - Text of object 'Object Repository/Final Object Repo/Page_Update Employer Information/Reference Number in Update Employee Information Page' is: 'ERN122018C200002476'

2018-12-17 16:06:17 - [TEST_STEP][PASSED] - callTestCase: Call Test Case 'Test Cases/Final Aug 2018 - PKS Automation/Common/Reference Number Setter' successfully

2018-12-17 16:06:17 - [TEST_CASE][PASSED] - Test Cases/Final Aug 2018 - PKS Automation/Common/Reference Number Setter: Test Cases/Final Aug 2018 - PKS Automation/Common/Reference Number Setter

2018-12-17 16:06:17 - [TEST_STEP][PASSED] - Statement - RefNoOldFile = new java.io.File(C://Users//Admin//Desktop//PKS//Automation Reference Point//KatalonReference.txt): null

2018-12-17 16:06:17 - [TEST_STEP][PASSED] - Statement - RefNoOldFile.delete(): null

2018-12-17 16:06:17 - [TEST_STEP][PASSED] - delay: Delayed 5 second(s)

2018-12-17 16:06:22 - [MESSAGE][PASSED] - Delayed 5 second(s)

2018-12-17 16:06:22 - [TEST_STEP][PASSED] - Statement - RefNo = new java.io.File(C://Users//Admin//Desktop//PKS//Automation Reference Point//KatalonReference.txt): null

2018-12-17 16:06:22 - [TEST_STEP][PASSED] - Statement - f2 = new java.io.FileWriter(RefNo, false): null

2018-12-17 16:06:22 - [TEST_STEP][PASSED] - Statement - f2.write(CaseReferenceNo): null

2018-12-17 16:06:22 - [TEST_STEP][PASSED] - Statement - f2.close(): null

2018-12-17 16:06:22 - [TEST_STEP][PASSED] - Statement - out.println("


" + CaseReferenceNo + "


"): null

2018-12-17 16:06:22 - [MESSAGE][PASSED] - Call Test Case 'Test Cases/Final Aug 2018 - PKS Automation/Common/Reference Number Setter' successfully

2018-12-17 16:06:22 - [TEST_STEP][PASSED] - delay: Delayed 2 second(s)

2018-12-17 16:06:24 - [MESSAGE][PASSED] - Delayed 2 second(s)

2018-12-17 16:06:24 - [TEST_STEP][PASSED] - click: Object: 'Object Repository/Final Object Repo/Page_Form 3 EIS - Cessation as Employer/Save  Continue in Uploading Page' is clicked on

2018-12-17 16:06:24 - [MESSAGE][PASSED] - Object: 'Object Repository/Final Object Repo/Page_Form 3 EIS - Cessation as Employer/Save  Continue in Uploading Page' is clicked on

2018-12-17 16:06:24 - [TEST_STEP][PASSED] - delay: Delayed 2 second(s)

2018-12-17 16:06:26 - [MESSAGE][PASSED] - Delayed 2 second(s)

2018-12-17 16:06:26 - [TEST_STEP][PASSED] - click: Object: 'Object Repository/Final Object Repo/Page_Form 3 EIS - Cessation as Employer/Submit' is clicked on

2018-12-17 16:06:29 - [MESSAGE][PASSED] - Object: 'Object Repository/Final Object Repo/Page_Form 3 EIS - Cessation as Employer/Submit' is clicked on

2018-12-17 16:06:29 - [TEST_STEP][PASSED] - delay: Delayed 2 second(s)

2018-12-17 16:06:31 - [MESSAGE][PASSED] - Delayed 2 second(s)

2018-12-17 16:06:31 - [TEST_STEP][PASSED] - click: Object: 'Object Repository/Final Object Repo/Page_Form 3 EIS - Cessation as Employer/Confirm' is clicked on

2018-12-17 16:06:31 - [MESSAGE][PASSED] - Object: 'Object Repository/Final Object Repo/Page_Form 3 EIS - Cessation as Employer/Confirm' is clicked on

2018-12-17 16:06:31 - [TEST_STEP][PASSED] - delay: Delayed 2 second(s)

2018-12-17 16:06:33 - [MESSAGE][PASSED] - Delayed 2 second(s)

2018-12-17 16:06:33 - [TEST_STEP][PASSED] - click: Object: 'Object Repository/Final Object Repo/Page_Form 3 EIS - Cessation as Employer/Message Your Request will be routed to UO' is clicked on

2018-12-17 16:06:37 - [MESSAGE][PASSED] - Object: 'Object Repository/Final Object Repo/Page_Form 3 EIS - Cessation as Employer/Message Your Request will be routed to UO' is clicked on

2018-12-17 16:06:37 - [TEST_STEP][PASSED] - click: Object: 'Object Repository/Final Object Repo/Page_Form 3 EIS - Cessation as Employer/Letter of acknowledgement' is clicked on

2018-12-17 16:06:38 - [MESSAGE][PASSED] - Object: 'Object Repository/Final Object Repo/Page_Form 3 EIS - Cessation as Employer/Letter of acknowledgement' is clicked on

2018-12-17 16:06:38 - [MESSAGE][PASSED] - Call Test Case 'Test Cases/Final Aug 2018 - PKS Automation/Registration Module/Workflow/Form 3 EIS - Cessation As Employer/Template/Form 3 A - Cessation As Employer (OTC)' successfully

2018-12-17 16:06:38 - [TEST_STEP][PASSED] - callTestCase: Call Test Case 'Test Cases/Final Aug 2018 - PKS Automation/Registration Module/Workflow/Form 3 EIS - Cessation As Employer/Template/Form 3 A - Cessation As Employer (Approve)' successfully

2018-12-17 16:06:38 - [TEST_CASE][PASSED] - Test Cases/Final Aug 2018 - PKS Automation/Registration Module/Workflow/Form 3 EIS - Cessation As Employer/Template/Form 3 A - Cessation As Employer (Approve): Test Cases/Final Aug 2018 - PKS Automation/Registration Module/Workflow/Form 3 EIS - Cessation As Employer/Template/Form 3 A - Cessation As Employer (Approve)

2018-12-17 16:06:38 - [TEST_STEP][NOT_RUN] - callTestCase: NOT_RUN: callTestCase

2018-12-17 16:06:38 - [MESSAGE][NOT_RUN] - NOT_RUN: callTestCase

2018-12-17 16:06:38 - [TEST_STEP][PASSED] - delay: Delayed 1 second(s)

2018-12-17 16:06:39 - [MESSAGE][PASSED] - Delayed 1 second(s)

2018-12-17 16:06:39 - [TEST_STEP][PASSED] - navigateToUrl: Navigate to 'https://assist2-uat.perkeso.gov.my/c/portal/logout' successfully

2018-12-17 16:06:39 - [MESSAGE][PASSED] - Navigate to 'https://assist2-uat.perkeso.gov.my/c/portal/logout' successfully

2018-12-17 16:06:39 - [TEST_STEP][PASSED] - delay: Delayed 1 second(s)

2018-12-17 16:06:40 - [MESSAGE][PASSED] - Delayed 1 second(s)

2018-12-17 16:06:40 - [TEST_STEP][PASSED] - callTestCase: Call Test Case 'Test Cases/Final Aug 2018 - PKS Automation/Common/Reference Number Getter' successfully

2018-12-17 16:06:41 - [TEST_CASE][PASSED] - Test Cases/Final Aug 2018 - PKS Automation/Common/Reference Number Getter: Test Cases/Final Aug 2018 - PKS Automation/Common/Reference Number Getter

2018-12-17 16:06:41 - [TEST_STEP][PASSED] - Statement - Try: null

2018-12-17 16:06:41 - [TEST_STEP][PASSED] - Statement - RefNo = new java.io.File(C://Users//Admin//Desktop//PKS//Automation Reference Point//KatalonReference.txt): null

2018-12-17 16:06:41 - [TEST_STEP][PASSED] - Statement - bufferread = new java.io.BufferedReader(new java.io.FileReader(RefNo)): null

2018-12-17 16:06:41 - [TEST_STEP][PASSED] - Statement - readedVal = bufferread.readLine(): null

2018-12-17 16:06:41 - [TEST_STEP][PASSED] - Statement - out.println(CaseReferenceNo): null

2018-12-17 16:06:41 - [TEST_STEP][PASSED] - Statement - out.println(readedVal): null

2018-12-17 16:06:41 - [TEST_STEP][PASSED] - Statement - CaseReferenceNo = "": null

2018-12-17 16:06:41 - [TEST_STEP][PASSED] - Statement - CaseReferenceNo = readedVal: null

2018-12-17 16:06:41 - [MESSAGE][PASSED] - Call Test Case 'Test Cases/Final Aug 2018 - PKS Automation/Common/Reference Number Getter' successfully

2018-12-17 16:06:41 - [TEST_STEP][PASSED] - callTestCase: Call Test Case 'Test Cases/Final Aug 2018 - PKS Automation/Common/Workflow Owner Finder' successfully

2018-12-17 16:06:41 - [TEST_CASE][PASSED] - Test Cases/Final Aug 2018 - PKS Automation/Common/Workflow Owner Finder: Test Cases/Final Aug 2018 - PKS Automation/Common/Workflow Owner Finder

2018-12-17 16:06:41 - [TEST_STEP][PASSED] - openBrowser: Browser is opened with url: ''

2018-12-17 16:06:41 - [MESSAGE][WARNING] - A browser is already opened. Closing browser and opening a new one

2018-12-17 16:06:44 - [MESSAGE][PASSED] - Browser is opened with url: ''

2018-12-17 16:06:44 - [TEST_STEP][PASSED] - navigateToUrl: Navigate to 'https://assist2-uat.perkeso.gov.my/login' successfully

2018-12-17 16:06:45 - [MESSAGE][PASSED] - Navigate to 'https://assist2-uat.perkeso.gov.my/login' successfully

2018-12-17 16:06:45 - [TEST_STEP][PASSED] - delay: Delayed 5 second(s)

2018-12-17 16:06:50 - [MESSAGE][PASSED] - Delayed 5 second(s)

2018-12-17 16:06:50 - [TEST_STEP][PASSED] - setText: Text 'test@liferay.com' is set on object 'Object Repository/Final Object Repo/Login Page/Internal User/Email Address'

2018-12-17 16:06:50 - [MESSAGE][PASSED] - Text 'test@liferay.com' is set on object 'Object Repository/Final Object Repo/Login Page/Internal User/Email Address'

2018-12-17 16:06:50 - [TEST_STEP][PASSED] - click: Object: 'Object Repository/Final Object Repo/Login Page/Internal User/Next Button' is clicked on

2018-12-17 16:06:51 - [MESSAGE][PASSED] - Object: 'Object Repository/Final Object Repo/Login Page/Internal User/Next Button' is clicked on

2018-12-17 16:06:51 - [TEST_STEP][PASSED] - delay: Delayed 2 second(s)

2018-12-17 16:06:53 - [MESSAGE][PASSED] - Delayed 2 second(s)

2018-12-17 16:06:53 - [TEST_STEP][PASSED] - setText: Text 'test' is set on object 'Object Repository/Final Object Repo/Login Page/Internal User/Password'

2018-12-17 16:06:53 - [MESSAGE][PASSED] - Text 'test' is set on object 'Object Repository/Final Object Repo/Login Page/Internal User/Password'

2018-12-17 16:06:53 - [TEST_STEP][PASSED] - delay: Delayed 2 second(s)

2018-12-17 16:06:55 - [MESSAGE][PASSED] - Delayed 2 second(s)

2018-12-17 16:06:55 - [TEST_STEP][PASSED] - click: Object: 'Object Repository/Final Object Repo/Login Page/Internal User/Login Button' is clicked on

2018-12-17 16:06:55 - [MESSAGE][PASSED] - Object: 'Object Repository/Final Object Repo/Login Page/Internal User/Login Button' is clicked on

2018-12-17 16:06:55 - [TEST_STEP][PASSED] - Statement - tester = com.kms.katalon.core.testobject.ObjectRepository.findTestObject(Final Object Repo/Landing Page/Select to English): Finding Test Object with id 'Object Repository/Final Object Repo/Landing Page/Select to English'

2018-12-17 16:06:55 - [TEST_STEP][PASSED] - Statement - Try: Delayed 2 second(s)

2018-12-17 16:06:55 - [TEST_STEP][PASSED] - Statement - Checker = com.kms.katalon.core.webui.keyword.WebUiBuiltInKeywords.verifyElementNotPresent(tester, 3): Web element with id: 'Object Repository/Final Object Repo/Landing Page/Select to English' located by 'By.xpath: //a[@class = 'taglib-language-list-text' and @lang = 'en-US' and (contains(text(), 'EN') or contains(., 'EN'))]' is not present after '3' second(s)

2018-12-17 16:06:57 - [MESSAGE][PASSED] - Web element with id: 'Object Repository/Final Object Repo/Landing Page/Select to English' located by 'By.xpath: //a[@class = 'taglib-language-list-text' and @lang = 'en-US' and (contains(text(), 'EN') or contains(., 'EN'))]' is not present after '3' second(s)

2018-12-17 16:06:57 - [TEST_STEP][PASSED] - Statement - If (Checker == false): null

2018-12-17 16:06:57 - [TEST_STEP][PASSED] - delay: Delayed 2 second(s)

2018-12-17 16:06:59 - [MESSAGE][PASSED] - Delayed 2 second(s)

2018-12-17 16:06:59 - [TEST_STEP][PASSED] - delay: Delayed 5 second(s)

2018-12-17 16:07:04 - [MESSAGE][PASSED] - Delayed 5 second(s)

2018-12-17 16:07:04 - [TEST_STEP][PASSED] - mouseOver: Object: 'Object Repository/Final Object Repo/Landing Page/WorkFlow Menu' is hovered

2018-12-17 16:07:04 - [MESSAGE][PASSED] - Object: 'Object Repository/Final Object Repo/Landing Page/WorkFlow Menu' is hovered

2018-12-17 16:07:04 - [TEST_STEP][PASSED] - delay: Delayed 2 second(s)

2018-12-17 16:07:06 - [MESSAGE][PASSED] - Delayed 2 second(s)

2018-12-17 16:07:06 - [TEST_STEP][PASSED] - click: Object: 'Object Repository/Final Object Repo/Landing Page/Select to Workflow Listing' is clicked on

2018-12-17 16:07:07 - [MESSAGE][PASSED] - Object: 'Object Repository/Final Object Repo/Landing Page/Select to Workflow Listing' is clicked on

2018-12-17 16:07:07 - [TEST_STEP][PASSED] - delay: Delayed 2 second(s)

2018-12-17 16:07:09 - [MESSAGE][PASSED] - Delayed 2 second(s)

2018-12-17 16:07:09 - [TEST_STEP][PASSED] - click: Object: 'Object Repository/Final Object Repo/WorkFlow Listing Page/Search Information - To Put Ref No' is clicked on

2018-12-17 16:07:09 - [MESSAGE][PASSED] - Object: 'Object Repository/Final Object Repo/WorkFlow Listing Page/Search Information - To Put Ref No' is clicked on

2018-12-17 16:07:09 - [TEST_STEP][PASSED] - delay: Delayed 2 second(s)

2018-12-17 16:07:11 - [MESSAGE][PASSED] - Delayed 2 second(s)

2018-12-17 16:07:11 - [TEST_STEP][PASSED] - callTestCase: Call Test Case 'Test Cases/Final Aug 2018 - PKS Automation/Common/Reference Number Getter' successfully

2018-12-17 16:07:11 - [TEST_CASE][PASSED] - Test Cases/Final Aug 2018 - PKS Automation/Common/Reference Number Getter: Test Cases/Final Aug 2018 - PKS Automation/Common/Reference Number Getter

2018-12-17 16:07:11 - [TEST_STEP][PASSED] - Statement - Try: null

2018-12-17 16:07:11 - [TEST_STEP][PASSED] - Statement - RefNo = new java.io.File(C://Users//Admin//Desktop//PKS//Automation Reference Point//KatalonReference.txt): null

2018-12-17 16:07:11 - [TEST_STEP][PASSED] - Statement - bufferread = new java.io.BufferedReader(new java.io.FileReader(RefNo)): null

2018-12-17 16:07:11 - [TEST_STEP][PASSED] - Statement - readedVal = bufferread.readLine(): null

2018-12-17 16:07:11 - [TEST_STEP][PASSED] - Statement - out.println(CaseReferenceNo): null

2018-12-17 16:07:11 - [TEST_STEP][PASSED] - Statement - out.println(readedVal): null

2018-12-17 16:07:11 - [TEST_STEP][PASSED] - Statement - CaseReferenceNo = "": null

2018-12-17 16:07:11 - [TEST_STEP][PASSED] - Statement - CaseReferenceNo = readedVal: null

2018-12-17 16:07:11 - [MESSAGE][PASSED] - Call Test Case 'Test Cases/Final Aug 2018 - PKS Automation/Common/Reference Number Getter' successfully

2018-12-17 16:07:11 - [TEST_STEP][PASSED] - setText: Text 'ERN122018C200002476' is set on object 'Object Repository/Final Object Repo/WorkFlow Listing Page/Ref No Set Text'

2018-12-17 16:07:12 - [MESSAGE][PASSED] - Text 'ERN122018C200002476' is set on object 'Object Repository/Final Object Repo/WorkFlow Listing Page/Ref No Set Text'

2018-12-17 16:07:12 - [TEST_STEP][PASSED] - delay: Delayed 2 second(s)

2018-12-17 16:07:14 - [MESSAGE][PASSED] - Delayed 2 second(s)

2018-12-17 16:07:14 - [TEST_STEP][PASSED] - click: Object: 'Object Repository/Final Object Repo/WorkFlow Listing Page/Search Ref No Search Button' is clicked on

2018-12-17 16:07:14 - [MESSAGE][PASSED] - Object: 'Object Repository/Final Object Repo/WorkFlow Listing Page/Search Ref No Search Button' is clicked on

2018-12-17 16:07:14 - [TEST_STEP][PASSED] - delay: Delayed 6 second(s)

2018-12-17 16:07:20 - [MESSAGE][PASSED] - Delayed 6 second(s)

2018-12-17 16:07:20 - [TEST_STEP][PASSED] - click: Object: 'Object Repository/Final Object Repo/WorkFlow Listing Page/Click Continue Tooltip' is clicked on

2018-12-17 16:07:21 - [MESSAGE][PASSED] - Object: 'Object Repository/Final Object Repo/WorkFlow Listing Page/Click Continue Tooltip' is clicked on

2018-12-17 16:07:21 - [TEST_STEP][PASSED] - delay: Delayed 5 second(s)

2018-12-17 16:07:26 - [MESSAGE][PASSED] - Delayed 5 second(s)

2018-12-17 16:07:26 - [TEST_STEP][PASSED] - doubleClick: Object: 'Object Repository/Final Object Repo/WorkFlow Listing Page/Workflow Found - Listing 1' is double clicked on

2018-12-17 16:07:26 - [MESSAGE][PASSED] - Object: 'Object Repository/Final Object Repo/WorkFlow Listing Page/Workflow Found - Listing 1' is double clicked on

2018-12-17 16:07:26 - [TEST_STEP][PASSED] - Statement - println(OwnerID): null

2018-12-17 16:07:26 - [TEST_STEP][PASSED] - Statement - OwnerID = com.kms.katalon.core.webui.keyword.WebUiBuiltInKeywords.getText(com.kms.katalon.core.testobject.ObjectRepository.findTestObject(Final Object Repo/WorkFlow Listing Page/Workflow Found - Listing 1), STOP_ON_FAILURE): Text of object 'Object Repository/Final Object Repo/WorkFlow Listing Page/Workflow Found - Listing 1' is: 'JOHORuo3'

2018-12-17 16:07:26 - [MESSAGE][PASSED] - Text of object 'Object Repository/Final Object Repo/WorkFlow Listing Page/Workflow Found - Listing 1' is: 'JOHORuo3'

2018-12-17 16:07:26 - [TEST_STEP][PASSED] - Statement - OwnerID = OwnerID.toLowerCase() + "@gmail.com": null

2018-12-17 16:07:26 - [TEST_STEP][PASSED] - Statement - println(OwnerID): null

2018-12-17 16:07:26 - [TEST_STEP][PASSED] - delay: Delayed 2 second(s)

2018-12-17 16:07:28 - [MESSAGE][PASSED] - Delayed 2 second(s)

2018-12-17 16:07:28 - [MESSAGE][PASSED] - Call Test Case 'Test Cases/Final Aug 2018 - PKS Automation/Common/Workflow Owner Finder' successfully

2018-12-17 16:07:28 - [TEST_STEP][PASSED] - delay: Delayed 1 second(s)

2018-12-17 16:07:29 - [MESSAGE][PASSED] - Delayed 1 second(s)

2018-12-17 16:07:29 - [TEST_STEP][PASSED] - navigateToUrl: Navigate to 'https://assist2-uat.perkeso.gov.my/c/portal/logout' successfully

2018-12-17 16:07:30 - [MESSAGE][PASSED] - Navigate to 'https://assist2-uat.perkeso.gov.my/c/portal/logout' successfully

2018-12-17 16:07:30 - [TEST_STEP][PASSED] - delay: Delayed 1 second(s)

2018-12-17 16:07:31 - [MESSAGE][PASSED] - Delayed 1 second(s)

2018-12-17 16:07:31 - [TEST_STEP][PASSED] - callTestCase: Call Test Case 'Test Cases/Final Aug 2018 - PKS Automation/Registration Module/Workflow/Login and Search Case For Workflow' successfully

2018-12-17 16:07:31 - [TEST_CASE][PASSED] - Test Cases/Final Aug 2018 - PKS Automation/Registration Module/Workflow/Login and Search Case For Workflow: Test Cases/Final Aug 2018 - PKS Automation/Registration Module/Workflow/Login and Search Case For Workflow

2018-12-17 16:07:31 - [TEST_STEP][PASSED] - navigateToUrl: Navigate to 'https://assist2-uat.perkeso.gov.my/login' successfully

2018-12-17 16:07:32 - [MESSAGE][PASSED] - Navigate to 'https://assist2-uat.perkeso.gov.my/login' successfully

2018-12-17 16:07:32 - [TEST_STEP][PASSED] - setText: Text 'johoruo3@gmail.com' is set on object 'Object Repository/Final Object Repo/Login Page/Internal User/Email Address'

2018-12-17 16:07:32 - [MESSAGE][PASSED] - Text 'johoruo3@gmail.com' is set on object 'Object Repository/Final Object Repo/Login Page/Internal User/Email Address'

2018-12-17 16:07:32 - [TEST_STEP][PASSED] - click: Object: 'Object Repository/Final Object Repo/Login Page/Internal User/Next Button' is clicked on

2018-12-17 16:07:32 - [MESSAGE][PASSED] - Object: 'Object Repository/Final Object Repo/Login Page/Internal User/Next Button' is clicked on

2018-12-17 16:07:32 - [TEST_STEP][PASSED] - delay: Delayed 1 second(s)

2018-12-17 16:07:33 - [MESSAGE][PASSED] - Delayed 1 second(s)

2018-12-17 16:07:33 - [TEST_STEP][PASSED] - setEncryptedText: Text ****** has been set on object 'Object Repository/Final Object Repo/Login Page/Internal User/Password'

2018-12-17 16:07:34 - [MESSAGE][PASSED] - Text ****** has been set on object 'Object Repository/Final Object Repo/Login Page/Internal User/Password'

2018-12-17 16:07:34 - [TEST_STEP][PASSED] - click: Object: 'Object Repository/Final Object Repo/Login Page/Internal User/Login Button' is clicked on

2018-12-17 16:07:34 - [MESSAGE][PASSED] - Object: 'Object Repository/Final Object Repo/Login Page/Internal User/Login Button' is clicked on

2018-12-17 16:07:34 - [TEST_STEP][PASSED] - delay: Delayed 2 second(s)

2018-12-17 16:07:36 - [MESSAGE][PASSED] - Delayed 2 second(s)

2018-12-17 16:07:36 - [TEST_STEP][PASSED] - Statement - Try: Delayed 2 second(s)

2018-12-17 16:07:36 - [TEST_STEP][PASSED] - Statement - Checker = false: null

2018-12-17 16:07:36 - [TEST_STEP][PASSED] - Statement - Checker = com.kms.katalon.core.webui.keyword.WebUiBuiltInKeywords.verifyElementHasAttribute(com.kms.katalon.core.testobject.ObjectRepository.findTestObject(Final Object Repo/Landing Page/BM Detecting), "href", 20, OPTIONAL): Object 'Object Repository/Final Object Repo/Landing Page/BM Detecting' has attribute 'href'

2018-12-17 16:07:36 - [MESSAGE][PASSED] - Object 'Object Repository/Final Object Repo/Landing Page/BM Detecting' has attribute 'href'

2018-12-17 16:07:36 - [TEST_STEP][PASSED] - Statement - out.println(Checker): null

2018-12-17 16:07:36 - [TEST_STEP][PASSED] - Statement - If (Checker == false): null

2018-12-17 16:07:36 - [TEST_STEP][PASSED] - Statement - Else: null

2018-12-17 16:07:36 - [TEST_STEP][PASSED] - delay: Delayed 2 second(s)

2018-12-17 16:07:38 - [MESSAGE][PASSED] - Delayed 2 second(s)

2018-12-17 16:07:38 - [TEST_STEP][PASSED] - click: Object: 'Object Repository/Final Object Repo/Page_MyASSIST - ASSIST - Search Pending Case For Add Supporting Document/Search Information' is clicked on

2018-12-17 16:07:38 - [MESSAGE][PASSED] - Object: 'Object Repository/Final Object Repo/Page_MyASSIST - ASSIST - Search Pending Case For Add Supporting Document/Search Information' is clicked on

2018-12-17 16:07:38 - [TEST_STEP][PASSED] - delay: Delayed 3 second(s)

2018-12-17 16:07:41 - [MESSAGE][PASSED] - Delayed 3 second(s)

2018-12-17 16:07:41 - [TEST_STEP][PASSED] - sendKeys: Keys 'ERN122018C200002476' sent to object: 'Object Repository/Final Object Repo/Page_MyASSIST - ASSIST - Search Pending Case For Add Supporting Document/Reference No'

2018-12-17 16:07:41 - [MESSAGE][PASSED] - Keys 'ERN122018C200002476' sent to object: 'Object Repository/Final Object Repo/Page_MyASSIST - ASSIST - Search Pending Case For Add Supporting Document/Reference No'

2018-12-17 16:07:41 - [TEST_STEP][PASSED] - click: Object: 'Object Repository/Final Object Repo/Page_MyASSIST - ASSIST - Search Pending Case For Add Supporting Document/Search Reference No' is clicked on

2018-12-17 16:07:42 - [MESSAGE][PASSED] - Object: 'Object Repository/Final Object Repo/Page_MyASSIST - ASSIST - Search Pending Case For Add Supporting Document/Search Reference No' is clicked on

2018-12-17 16:07:42 - [TEST_STEP][PASSED] - delay: Delayed 2 second(s)

2018-12-17 16:07:44 - [MESSAGE][PASSED] - Delayed 2 second(s)

2018-12-17 16:07:44 - [TEST_STEP][PASSED] - click: Object: 'Object Repository/Final Object Repo/Page_MyASSIST - ASSIST - Search Pending Case For Add Supporting Document/Continue' is clicked on

2018-12-17 16:07:47 - [MESSAGE][PASSED] - Object: 'Object Repository/Final Object Repo/Page_MyASSIST - ASSIST - Search Pending Case For Add Supporting Document/Continue' is clicked on

2018-12-17 16:07:47 - [TEST_STEP][PASSED] - delay: Delayed 20 second(s)

2018-12-17 16:08:07 - [MESSAGE][PASSED] - Delayed 20 second(s)

2018-12-17 16:08:07 - [MESSAGE][PASSED] - Call Test Case 'Test Cases/Final Aug 2018 - PKS Automation/Registration Module/Workflow/Login and Search Case For Workflow' successfully

2018-12-17 16:08:07 - [TEST_STEP][PASSED] - click: Object: 'Object Repository/Final Object Repo/Page_Form 3 EIS - Cessation as Employer/Page_Form 3 EIS - Cessation as Employer (Approve)/Save  Continue in Form 3 Page' is clicked on

2018-12-17 16:08:07 - [MESSAGE][PASSED] - Object: 'Object Repository/Final Object Repo/Page_Form 3 EIS - Cessation as Employer/Page_Form 3 EIS - Cessation as Employer (Approve)/Save  Continue in Form 3 Page' is clicked on

2018-12-17 16:08:07 - [TEST_STEP][PASSED] - delay: Delayed 2 second(s)

2018-12-17 16:08:09 - [MESSAGE][PASSED] - Delayed 2 second(s)

2018-12-17 16:08:09 - [TEST_STEP][PASSED] - click: Object: 'Object Repository/Final Object Repo/Page_Form 3 EIS - Cessation as Employer/Page_Form 3 EIS - Cessation as Employer (Approve)/Save  Continue in Resigned Page' is clicked on

2018-12-17 16:08:10 - [MESSAGE][PASSED] - Object: 'Object Repository/Final Object Repo/Page_Form 3 EIS - Cessation as Employer/Page_Form 3 EIS - Cessation as Employer (Approve)/Save  Continue in Resigned Page' is clicked on

2018-12-17 16:08:10 - [TEST_STEP][PASSED] - delay: Delayed 2 second(s)

2018-12-17 16:08:12 - [MESSAGE][PASSED] - Delayed 2 second(s)

2018-12-17 16:08:12 - [TEST_STEP][PASSED] - click: Object: 'Object Repository/Final Object Repo/Page_Form 3 EIS - Cessation as Employer/Page_Form 3 EIS - Cessation as Employer (Approve)/Save  Continue in Uploading Page' is clicked on

2018-12-17 16:08:13 - [MESSAGE][PASSED] - Object: 'Object Repository/Final Object Repo/Page_Form 3 EIS - Cessation as Employer/Page_Form 3 EIS - Cessation as Employer (Approve)/Save  Continue in Uploading Page' is clicked on

2018-12-17 16:08:13 - [TEST_STEP][PASSED] - delay: Delayed 2 second(s)

2018-12-17 16:08:15 - [MESSAGE][PASSED] - Delayed 2 second(s)

2018-12-17 16:08:15 - [TEST_STEP][PASSED] - click: Object: 'Object Repository/Final Object Repo/Page_Form 3 EIS - Cessation as Employer/Page_Form 3 EIS - Cessation as Employer (Approve)/Approve' is clicked on

2018-12-17 16:08:18 - [MESSAGE][PASSED] - Object: 'Object Repository/Final Object Repo/Page_Form 3 EIS - Cessation as Employer/Page_Form 3 EIS - Cessation as Employer (Approve)/Approve' is clicked on

2018-12-17 16:08:18 - [TEST_STEP][PASSED] - delay: Delayed 2 second(s)

2018-12-17 16:08:20 - [MESSAGE][PASSED] - Delayed 2 second(s)

2018-12-17 16:08:20 - [TEST_STEP][PASSED] - click: Object: 'Object Repository/Final Object Repo/Page_Form 3 EIS - Cessation as Employer/Page_Form 3 EIS - Cessation as Employer (Approve)/Confirm' is clicked on

2018-12-17 16:08:20 - [MESSAGE][PASSED] - Object: 'Object Repository/Final Object Repo/Page_Form 3 EIS - Cessation as Employer/Page_Form 3 EIS - Cessation as Employer (Approve)/Confirm' is clicked on

2018-12-17 16:08:20 - [TEST_STEP][PASSED] - delay: Delayed 2 second(s)

2018-12-17 16:08:22 - [MESSAGE][PASSED] - Delayed 2 second(s)

2018-12-17 16:08:22 - [TEST_STEP][PASSED] - click: Object: 'Object Repository/Final Object Repo/Page_Form 3 EIS - Cessation as Employer/Page_Form 3 EIS - Cessation as Employer (Approve)/Message Your Request    Form 3 EIS' is clicked on

2018-12-17 16:08:27 - [MESSAGE][PASSED] - Object: 'Object Repository/Final Object Repo/Page_Form 3 EIS - Cessation as Employer/Page_Form 3 EIS - Cessation as Employer (Approve)/Message Your Request    Form 3 EIS' is clicked on

2018-12-17 16:08:27 - [TEST_STEP][PASSED] - click: Object: 'Object Repository/Final Object Repo/Page_Form 3 EIS - Cessation as Employer/Page_Form 3 EIS - Cessation as Employer (Approve)/Letter of successful update' is clicked on

2018-12-17 16:08:28 - [MESSAGE][PASSED] - Object: 'Object Repository/Final Object Repo/Page_Form 3 EIS - Cessation as Employer/Page_Form 3 EIS - Cessation as Employer (Approve)/Letter of successful update' is clicked on

2018-12-17 16:08:28 - [MESSAGE][PASSED] - Call Test Case 'Test Cases/Final Aug 2018 - PKS Automation/Registration Module/Workflow/Form 3 EIS - Cessation As Employer/Template/Form 3 A - Cessation As Employer (Approve)' successfully]]></system-out>
         <system-err><![CDATA[]]></system-err>
      </testcase>
      <testcase name="Test Cases/Final Aug 2018 - PKS Automation/Registration Module/Workflow/Form 3 EIS - Cessation As Employer/OTC to UO (Query)" classname="Test Cases/Final Aug 2018 - PKS Automation/Registration Module/Workflow/Form 3 EIS - Cessation As Employer/OTC to UO (Query)" status="FAILED">
         <failure type="FAILED" message="(Stack trace: com.kms.katalon.core.exception.StepFailedException: Unable to click on object 'Object Repository/Final Object Repo/Page_Form 3 EIS - Cessation as Employer/Page_Form 3 EIS - Cessation as Employer (Query - OTC - UO)/Next' (Root cause: com.kms.katalon.core.webui.exception.WebElementNotFoundException: Web element with id: 'Object Repository/Final Object Repo/Page_Form 3 EIS - Cessation as Employer/Page_Form 3 EIS - Cessation as Employer (Query - OTC - UO)/Next' located by 'By.xpath: //a[(contains(text(), 'NEXT') or contains(., 'NEXT'))]' not found)
	at com.kms.katalon.core.keyword.internal.KeywordMain.stepFailed(KeywordMain.groovy:32)
	at com.kms.katalon.core.webui.keyword.internal.WebUIKeywordMain.stepFailed(WebUIKeywordMain.groovy:65)
	at com.kms.katalon.core.webui.keyword.internal.WebUIKeywordMain.runKeyword(WebUIKeywordMain.groovy:27)
	at com.kms.katalon.core.webui.keyword.builtin.ClickKeyword.click(ClickKeyword.groovy:86)
	at com.kms.katalon.core.webui.keyword.builtin.ClickKeyword.execute(ClickKeyword.groovy:67)
	at com.kms.katalon.core.keyword.internal.KeywordExecutor.executeKeywordForPlatform(KeywordExecutor.groovy:53)
	at com.kms.katalon.core.webui.keyword.WebUiBuiltInKeywords.click(WebUiBuiltInKeywords.groovy:616)
	at com.kms.katalon.core.webui.keyword.WebUiBuiltInKeywords$click$2.call(Unknown Source)
	at Script1536114876563.run(Script1536114876563.groovy:87)
	at com.kms.katalon.core.main.ScriptEngine.run(ScriptEngine.java:183)
	at com.kms.katalon.core.main.ScriptEngine.runScriptAsRawText(ScriptEngine.java:108)
	at com.kms.katalon.core.main.TestCaseExecutor.runScript(TestCaseExecutor.java:294)
	at com.kms.katalon.core.main.TestCaseExecutor.doExecute(TestCaseExecutor.java:285)
	at com.kms.katalon.core.main.TestCaseExecutor.processExecutionPhase(TestCaseExecutor.java:264)
	at com.kms.katalon.core.main.TestCaseExecutor.accessMainPhase(TestCaseExecutor.java:256)
	at com.kms.katalon.core.main.TestCaseExecutor.execute(TestCaseExecutor.java:200)
	at com.kms.katalon.core.main.TestCaseMain.runTestCase(TestCaseMain.java:99)
	at com.kms.katalon.core.keyword.builtin.CallTestCaseKeyword$_callTestCase_closure1.doCall(CallTestCaseKeyword.groovy:60)
	at com.kms.katalon.core.keyword.builtin.CallTestCaseKeyword$_callTestCase_closure1.call(CallTestCaseKeyword.groovy)
	at com.kms.katalon.core.keyword.internal.KeywordMain.runKeyword(KeywordMain.groovy:54)
	at com.kms.katalon.core.keyword.builtin.CallTestCaseKeyword.callTestCase(CallTestCaseKeyword.groovy:81)
	at com.kms.katalon.core.keyword.builtin.CallTestCaseKeyword.execute(CallTestCaseKeyword.groovy:45)
	at com.kms.katalon.core.keyword.internal.KeywordExecutor.executeKeywordForPlatform(KeywordExecutor.groovy:53)
	at com.kms.katalon.core.keyword.BuiltinKeywords.callTestCase(BuiltinKeywords.groovy:334)
	at sun.reflect.GeneratedMethodAccessor13.invoke(Unknown Source)
	at sun.reflect.DelegatingMethodAccessorImpl.invoke(DelegatingMethodAccessorImpl.java:43)
	at java.lang.reflect.Method.invoke(Method.java:498)
	at org.codehaus.groovy.reflection.CachedMethod.invoke(CachedMethod.java:93)
	at groovy.lang.MetaMethod.doMethodInvoke(MetaMethod.java:325)
	at groovy.lang.MetaClassImpl.invokeStaticMethod(MetaClassImpl.java:1469)
	at org.codehaus.groovy.runtime.callsite.StaticMetaClassSite.call(StaticMetaClassSite.java:53)
	at org.codehaus.groovy.runtime.callsite.CallSiteArray.defaultCall(CallSiteArray.java:48)
	at org.codehaus.groovy.runtime.callsite.AbstractCallSite.call(AbstractCallSite.java:113)
	at org.codehaus.groovy.runtime.callsite.AbstractCallSite.call(AbstractCallSite.java:141)
	at Script1536204253481.run(Script1536204253481.groovy:25)
	at com.kms.katalon.core.main.ScriptEngine.run(ScriptEngine.java:183)
	at com.kms.katalon.core.main.ScriptEngine.runScriptAsRawText(ScriptEngine.java:108)
	at com.kms.katalon.core.main.TestCaseExecutor.runScript(TestCaseExecutor.java:294)
	at com.kms.katalon.core.main.TestCaseExecutor.doExecute(TestCaseExecutor.java:285)
	at com.kms.katalon.core.main.TestCaseExecutor.processExecutionPhase(TestCaseExecutor.java:264)
	at com.kms.katalon.core.main.TestCaseExecutor.accessMainPhase(TestCaseExecutor.java:256)
	at com.kms.katalon.core.main.TestCaseExecutor.execute(TestCaseExecutor.java:200)
	at com.kms.katalon.core.main.TestSuiteExecutor.accessTestCaseMainPhase(TestSuiteExecutor.java:129)
	at com.kms.katalon.core.main.TestSuiteExecutor.accessTestSuiteMainPhase(TestSuiteExecutor.java:112)
	at com.kms.katalon.core.main.TestSuiteExecutor.execute(TestSuiteExecutor.java:81)
	at com.kms.katalon.core.main.TestCaseMain.startTestSuite(TestCaseMain.java:142)
	at com.kms.katalon.core.main.TestCaseMain$startTestSuite$0.call(Unknown Source)
	at org.codehaus.groovy.runtime.callsite.CallSiteArray.defaultCall(CallSiteArray.java:48)
	at org.codehaus.groovy.runtime.callsite.AbstractCallSite.call(AbstractCallSite.java:113)
	at org.codehaus.groovy.runtime.callsite.AbstractCallSite.call(AbstractCallSite.java:141)
	at TempTestSuite1545032083774.run(TempTestSuite1545032083774.groovy:36)
	at groovy.lang.GroovyShell.runScriptOrMainOrTestOrRunnable(GroovyShell.java:263)
	at groovy.lang.GroovyShell.run(GroovyShell.java:518)
	at groovy.lang.GroovyShell.run(GroovyShell.java:507)
	at groovy.ui.GroovyMain.processOnce(GroovyMain.java:653)
	at groovy.ui.GroovyMain.run(GroovyMain.java:384)
	at groovy.ui.GroovyMain.process(GroovyMain.java:370)
	at groovy.ui.GroovyMain.processArgs(GroovyMain.java:129)
	at groovy.ui.GroovyMain.main(GroovyMain.java:109)
	at sun.reflect.NativeMethodAccessorImpl.invoke0(Native Method)
	at sun.reflect.NativeMethodAccessorImpl.invoke(NativeMethodAccessorImpl.java:62)
	at sun.reflect.DelegatingMethodAccessorImpl.invoke(DelegatingMethodAccessorImpl.java:43)
	at java.lang.reflect.Method.invoke(Method.java:498)
	at org.codehaus.groovy.tools.GroovyStarter.rootLoader(GroovyStarter.java:109)
	at org.codehaus.groovy.tools.GroovyStarter.main(GroovyStarter.java:131)
)"/>
         <system-out><![CDATA[2018-12-17 16:08:28 - [TEST_CASE][FAILED] - Test Cases/Final Aug 2018 - PKS Automation/Registration Module/Workflow/Form 3 EIS - Cessation As Employer/OTC to UO (Query): Test Cases/Final Aug 2018 - PKS Automation/Registration Module/Workflow/Form 3 EIS - Cessation As Employer/OTC to UO (Query) FAILED because (of) (Stack trace: com.kms.katalon.core.exception.StepFailedException: Unable to click on object 'Object Repository/Final Object Repo/Page_Form 3 EIS - Cessation as Employer/Page_Form 3 EIS - Cessation as Employer (Query - OTC - UO)/Next' (Root cause: com.kms.katalon.core.webui.exception.WebElementNotFoundException: Web element with id: 'Object Repository/Final Object Repo/Page_Form 3 EIS - Cessation as Employer/Page_Form 3 EIS - Cessation as Employer (Query - OTC - UO)/Next' located by 'By.xpath: //a[(contains(text(), 'NEXT') or contains(., 'NEXT'))]' not found)
	at com.kms.katalon.core.keyword.internal.KeywordMain.stepFailed(KeywordMain.groovy:32)
	at com.kms.katalon.core.webui.keyword.internal.WebUIKeywordMain.stepFailed(WebUIKeywordMain.groovy:65)
	at com.kms.katalon.core.webui.keyword.internal.WebUIKeywordMain.runKeyword(WebUIKeywordMain.groovy:27)
	at com.kms.katalon.core.webui.keyword.builtin.ClickKeyword.click(ClickKeyword.groovy:86)
	at com.kms.katalon.core.webui.keyword.builtin.ClickKeyword.execute(ClickKeyword.groovy:67)
	at com.kms.katalon.core.keyword.internal.KeywordExecutor.executeKeywordForPlatform(KeywordExecutor.groovy:53)
	at com.kms.katalon.core.webui.keyword.WebUiBuiltInKeywords.click(WebUiBuiltInKeywords.groovy:616)
	at com.kms.katalon.core.webui.keyword.WebUiBuiltInKeywords$click$2.call(Unknown Source)
	at Script1536114876563.run(Script1536114876563.groovy:87)
	at com.kms.katalon.core.main.ScriptEngine.run(ScriptEngine.java:183)
	at com.kms.katalon.core.main.ScriptEngine.runScriptAsRawText(ScriptEngine.java:108)
	at com.kms.katalon.core.main.TestCaseExecutor.runScript(TestCaseExecutor.java:294)
	at com.kms.katalon.core.main.TestCaseExecutor.doExecute(TestCaseExecutor.java:285)
	at com.kms.katalon.core.main.TestCaseExecutor.processExecutionPhase(TestCaseExecutor.java:264)
	at com.kms.katalon.core.main.TestCaseExecutor.accessMainPhase(TestCaseExecutor.java:256)
	at com.kms.katalon.core.main.TestCaseExecutor.execute(TestCaseExecutor.java:200)
	at com.kms.katalon.core.main.TestCaseMain.runTestCase(TestCaseMain.java:99)
	at com.kms.katalon.core.keyword.builtin.CallTestCaseKeyword$_callTestCase_closure1.doCall(CallTestCaseKeyword.groovy:60)
	at com.kms.katalon.core.keyword.builtin.CallTestCaseKeyword$_callTestCase_closure1.call(CallTestCaseKeyword.groovy)
	at com.kms.katalon.core.keyword.internal.KeywordMain.runKeyword(KeywordMain.groovy:54)
	at com.kms.katalon.core.keyword.builtin.CallTestCaseKeyword.callTestCase(CallTestCaseKeyword.groovy:81)
	at com.kms.katalon.core.keyword.builtin.CallTestCaseKeyword.execute(CallTestCaseKeyword.groovy:45)
	at com.kms.katalon.core.keyword.internal.KeywordExecutor.executeKeywordForPlatform(KeywordExecutor.groovy:53)
	at com.kms.katalon.core.keyword.BuiltinKeywords.callTestCase(BuiltinKeywords.groovy:334)
	at sun.reflect.GeneratedMethodAccessor13.invoke(Unknown Source)
	at sun.reflect.DelegatingMethodAccessorImpl.invoke(DelegatingMethodAccessorImpl.java:43)
	at java.lang.reflect.Method.invoke(Method.java:498)
	at org.codehaus.groovy.reflection.CachedMethod.invoke(CachedMethod.java:93)
	at groovy.lang.MetaMethod.doMethodInvoke(MetaMethod.java:325)
	at groovy.lang.MetaClassImpl.invokeStaticMethod(MetaClassImpl.java:1469)
	at org.codehaus.groovy.runtime.callsite.StaticMetaClassSite.call(StaticMetaClassSite.java:53)
	at org.codehaus.groovy.runtime.callsite.CallSiteArray.defaultCall(CallSiteArray.java:48)
	at org.codehaus.groovy.runtime.callsite.AbstractCallSite.call(AbstractCallSite.java:113)
	at org.codehaus.groovy.runtime.callsite.AbstractCallSite.call(AbstractCallSite.java:141)
	at Script1536204253481.run(Script1536204253481.groovy:25)
	at com.kms.katalon.core.main.ScriptEngine.run(ScriptEngine.java:183)
	at com.kms.katalon.core.main.ScriptEngine.runScriptAsRawText(ScriptEngine.java:108)
	at com.kms.katalon.core.main.TestCaseExecutor.runScript(TestCaseExecutor.java:294)
	at com.kms.katalon.core.main.TestCaseExecutor.doExecute(TestCaseExecutor.java:285)
	at com.kms.katalon.core.main.TestCaseExecutor.processExecutionPhase(TestCaseExecutor.java:264)
	at com.kms.katalon.core.main.TestCaseExecutor.accessMainPhase(TestCaseExecutor.java:256)
	at com.kms.katalon.core.main.TestCaseExecutor.execute(TestCaseExecutor.java:200)
	at com.kms.katalon.core.main.TestSuiteExecutor.accessTestCaseMainPhase(TestSuiteExecutor.java:129)
	at com.kms.katalon.core.main.TestSuiteExecutor.accessTestSuiteMainPhase(TestSuiteExecutor.java:112)
	at com.kms.katalon.core.main.TestSuiteExecutor.execute(TestSuiteExecutor.java:81)
	at com.kms.katalon.core.main.TestCaseMain.startTestSuite(TestCaseMain.java:142)
	at com.kms.katalon.core.main.TestCaseMain$startTestSuite$0.call(Unknown Source)
	at org.codehaus.groovy.runtime.callsite.CallSiteArray.defaultCall(CallSiteArray.java:48)
	at org.codehaus.groovy.runtime.callsite.AbstractCallSite.call(AbstractCallSite.java:113)
	at org.codehaus.groovy.runtime.callsite.AbstractCallSite.call(AbstractCallSite.java:141)
	at TempTestSuite1545032083774.run(TempTestSuite1545032083774.groovy:36)
	at groovy.lang.GroovyShell.runScriptOrMainOrTestOrRunnable(GroovyShell.java:263)
	at groovy.lang.GroovyShell.run(GroovyShell.java:518)
	at groovy.lang.GroovyShell.run(GroovyShell.java:507)
	at groovy.ui.GroovyMain.processOnce(GroovyMain.java:653)
	at groovy.ui.GroovyMain.run(GroovyMain.java:384)
	at groovy.ui.GroovyMain.process(GroovyMain.java:370)
	at groovy.ui.GroovyMain.processArgs(GroovyMain.java:129)
	at groovy.ui.GroovyMain.main(GroovyMain.java:109)
	at sun.reflect.NativeMethodAccessorImpl.invoke0(Native Method)
	at sun.reflect.NativeMethodAccessorImpl.invoke(NativeMethodAccessorImpl.java:62)
	at sun.reflect.DelegatingMethodAccessorImpl.invoke(DelegatingMethodAccessorImpl.java:43)
	at java.lang.reflect.Method.invoke(Method.java:498)
	at org.codehaus.groovy.tools.GroovyStarter.rootLoader(GroovyStarter.java:109)
	at org.codehaus.groovy.tools.GroovyStarter.main(GroovyStarter.java:131)
)

2018-12-17 16:08:28 - [TEST_STEP][PASSED] - callTestCase: Call Test Case 'Test Cases/Final Aug 2018 - PKS Automation/Registration Module/Workflow/Form 3 EIS - Cessation As Employer/Template/Form 3 A - Cessation As Employer (OTC)' successfully

2018-12-17 16:08:28 - [TEST_CASE][PASSED] - Test Cases/Final Aug 2018 - PKS Automation/Registration Module/Workflow/Form 3 EIS - Cessation As Employer/Template/Form 3 A - Cessation As Employer (OTC): Test Cases/Final Aug 2018 - PKS Automation/Registration Module/Workflow/Form 3 EIS - Cessation As Employer/Template/Form 3 A - Cessation As Employer (OTC)

2018-12-17 16:08:28 - [TEST_STEP][PASSED] - openBrowser: Browser is opened with url: ''

2018-12-17 16:08:28 - [MESSAGE][WARNING] - A browser is already opened. Closing browser and opening a new one

2018-12-17 16:08:31 - [MESSAGE][PASSED] - Browser is opened with url: ''

2018-12-17 16:08:31 - [TEST_STEP][PASSED] - navigateToUrl: Navigate to 'https://assist2-uat.perkeso.gov.my/login' successfully

2018-12-17 16:08:32 - [MESSAGE][PASSED] - Navigate to 'https://assist2-uat.perkeso.gov.my/login' successfully

2018-12-17 16:08:32 - [TEST_STEP][PASSED] - setText: Text 'johorotc1@gmail.com' is set on object 'Object Repository/Final Object Repo/Login Page/Internal User/Email Address'

2018-12-17 16:08:33 - [MESSAGE][PASSED] - Text 'johorotc1@gmail.com' is set on object 'Object Repository/Final Object Repo/Login Page/Internal User/Email Address'

2018-12-17 16:08:33 - [TEST_STEP][PASSED] - click: Object: 'Object Repository/Final Object Repo/Login Page/Internal User/Next Button' is clicked on

2018-12-17 16:08:33 - [MESSAGE][PASSED] - Object: 'Object Repository/Final Object Repo/Login Page/Internal User/Next Button' is clicked on

2018-12-17 16:08:33 - [TEST_STEP][PASSED] - delay: Delayed 1 second(s)

2018-12-17 16:08:34 - [MESSAGE][PASSED] - Delayed 1 second(s)

2018-12-17 16:08:34 - [TEST_STEP][PASSED] - setEncryptedText: Text ****** has been set on object 'Object Repository/Final Object Repo/Login Page/Internal User/Password'

2018-12-17 16:08:34 - [MESSAGE][PASSED] - Text ****** has been set on object 'Object Repository/Final Object Repo/Login Page/Internal User/Password'

2018-12-17 16:08:34 - [TEST_STEP][PASSED] - click: Object: 'Object Repository/Final Object Repo/Login Page/Internal User/Login Button' is clicked on

2018-12-17 16:08:34 - [MESSAGE][PASSED] - Object: 'Object Repository/Final Object Repo/Login Page/Internal User/Login Button' is clicked on

2018-12-17 16:08:34 - [TEST_STEP][PASSED] - delay: Delayed 1 second(s)

2018-12-17 16:08:35 - [MESSAGE][PASSED] - Delayed 1 second(s)

2018-12-17 16:08:35 - [TEST_STEP][PASSED] - Statement - Try: Delayed 2 second(s)

2018-12-17 16:08:35 - [TEST_STEP][PASSED] - Statement - Checker = false: null

2018-12-17 16:08:35 - [TEST_STEP][PASSED] - Statement - Checker = com.kms.katalon.core.webui.keyword.WebUiBuiltInKeywords.verifyElementHasAttribute(com.kms.katalon.core.testobject.ObjectRepository.findTestObject(Final Object Repo/Landing Page/BM Detecting), "href", 20, OPTIONAL): Object 'Object Repository/Final Object Repo/Landing Page/BM Detecting' has attribute 'href'

2018-12-17 16:08:36 - [MESSAGE][PASSED] - Object 'Object Repository/Final Object Repo/Landing Page/BM Detecting' has attribute 'href'

2018-12-17 16:08:36 - [TEST_STEP][PASSED] - Statement - out.println(Checker): null

2018-12-17 16:08:36 - [TEST_STEP][PASSED] - Statement - If (Checker == false): null

2018-12-17 16:08:36 - [TEST_STEP][PASSED] - Statement - Else: null

2018-12-17 16:08:36 - [TEST_STEP][PASSED] - delay: Delayed 2 second(s)

2018-12-17 16:08:38 - [MESSAGE][PASSED] - Delayed 2 second(s)

2018-12-17 16:08:38 - [TEST_STEP][PASSED] - navigateToUrl: Navigate to 'https://assist2-uat.perkeso.gov.my/web/registration/eis-update/form-3-eis-cessation-as-employer' successfully

2018-12-17 16:08:39 - [MESSAGE][PASSED] - Navigate to 'https://assist2-uat.perkeso.gov.my/web/registration/eis-update/form-3-eis-cessation-as-employer' successfully

2018-12-17 16:08:39 - [TEST_STEP][PASSED] - delay: Delayed 1 second(s)

2018-12-17 16:08:40 - [MESSAGE][PASSED] - Delayed 1 second(s)

2018-12-17 16:08:40 - [TEST_STEP][PASSED] - setText: Text 'E1102069769W' is set on object 'Object Repository/Final Object Repo/Page_Form 3 EIS - Cessation as Employer/Employer Code'

2018-12-17 16:08:40 - [MESSAGE][PASSED] - Text 'E1102069769W' is set on object 'Object Repository/Final Object Repo/Page_Form 3 EIS - Cessation as Employer/Employer Code'

2018-12-17 16:08:40 - [TEST_STEP][PASSED] - click: Object: 'Object Repository/Final Object Repo/Page_Form 3 EIS - Cessation as Employer/Search' is clicked on

2018-12-17 16:08:40 - [MESSAGE][PASSED] - Object: 'Object Repository/Final Object Repo/Page_Form 3 EIS - Cessation as Employer/Search' is clicked on

2018-12-17 16:08:40 - [TEST_STEP][PASSED] - click: Object: 'Object Repository/Final Object Repo/Page_Form 3 EIS - Cessation as Employer/Edit' is clicked on

2018-12-17 16:08:43 - [MESSAGE][PASSED] - Object: 'Object Repository/Final Object Repo/Page_Form 3 EIS - Cessation as Employer/Edit' is clicked on

2018-12-17 16:08:43 - [TEST_STEP][PASSED] - delay: Delayed 1 second(s)

2018-12-17 16:08:44 - [MESSAGE][PASSED] - Delayed 1 second(s)

2018-12-17 16:08:44 - [TEST_STEP][PASSED] - Statement - abc = com.kms.katalon.core.webui.keyword.WebUiBuiltInKeywords.getAttribute(com.kms.katalon.core.testobject.ObjectRepository.findTestObject(Final Object Repo/Page_Form 3 EIS - Cessation as Employer/Employer Status), "value"): Attribute 'value' of object 'Object Repository/Final Object Repo/Page_Form 3 EIS - Cessation as Employer/Employer Status' is: 'Active'

2018-12-17 16:08:44 - [MESSAGE][PASSED] - Attribute 'value' of object 'Object Repository/Final Object Repo/Page_Form 3 EIS - Cessation as Employer/Employer Status' is: 'Active'

2018-12-17 16:08:44 - [TEST_STEP][PASSED] - Statement - out.println(abc): null

2018-12-17 16:08:44 - [TEST_STEP][PASSED] - Statement - If (abc == "Active"): Object: 'Object Repository/Final Object Repo/Page_Form 3 EIS - Cessation as Employer/Dormant EIS' is clicked on

2018-12-17 16:08:44 - [TEST_STEP][PASSED] - click: Object: 'Object Repository/Final Object Repo/Page_Form 3 EIS - Cessation as Employer/Change Employer Status to' is clicked on

2018-12-17 16:08:44 - [MESSAGE][PASSED] - Object: 'Object Repository/Final Object Repo/Page_Form 3 EIS - Cessation as Employer/Change Employer Status to' is clicked on

2018-12-17 16:08:44 - [TEST_STEP][PASSED] - click: Object: 'Object Repository/Final Object Repo/Page_Form 3 EIS - Cessation as Employer/Dormant EIS' is clicked on

2018-12-17 16:08:45 - [MESSAGE][PASSED] - Object: 'Object Repository/Final Object Repo/Page_Form 3 EIS - Cessation as Employer/Dormant EIS' is clicked on

2018-12-17 16:08:45 - [TEST_STEP][PASSED] - click: Object: 'Object Repository/Final Object Repo/Page_Form 3 EIS - Cessation as Employer/Calender' is clicked on

2018-12-17 16:08:45 - [MESSAGE][PASSED] - Object: 'Object Repository/Final Object Repo/Page_Form 3 EIS - Cessation as Employer/Calender' is clicked on

2018-12-17 16:08:45 - [TEST_STEP][PASSED] - delay: Delayed 1 second(s)

2018-12-17 16:08:46 - [MESSAGE][PASSED] - Delayed 1 second(s)

2018-12-17 16:08:46 - [TEST_STEP][PASSED] - click: Object: 'Object Repository/Final Object Repo/Page_Form 3 EIS - Cessation as Employer/Calender - Date' is clicked on

2018-12-17 16:08:46 - [MESSAGE][PASSED] - Object: 'Object Repository/Final Object Repo/Page_Form 3 EIS - Cessation as Employer/Calender - Date' is clicked on

2018-12-17 16:08:46 - [TEST_STEP][PASSED] - click: Object: 'Object Repository/Final Object Repo/Page_Form 3 EIS - Cessation as Employer/Save  Continue in Form 3 EIS Page' is clicked on

2018-12-17 16:08:46 - [MESSAGE][PASSED] - Object: 'Object Repository/Final Object Repo/Page_Form 3 EIS - Cessation as Employer/Save  Continue in Form 3 EIS Page' is clicked on

2018-12-17 16:08:46 - [TEST_STEP][PASSED] - delay: Delayed 1 second(s)

2018-12-17 16:08:47 - [MESSAGE][PASSED] - Delayed 1 second(s)

2018-12-17 16:08:47 - [TEST_STEP][PASSED] - click: Object: 'Object Repository/Final Object Repo/Page_Form 3 EIS - Cessation as Employer/Employment Resign Date' is clicked on

2018-12-17 16:08:48 - [MESSAGE][PASSED] - Object: 'Object Repository/Final Object Repo/Page_Form 3 EIS - Cessation as Employer/Employment Resign Date' is clicked on

2018-12-17 16:08:48 - [TEST_STEP][PASSED] - selectOptionByValue: All options with value '2030' are selected in object 'Object Repository/Final Object Repo/Page_Form 3 EIS - Cessation as Employer/Employment Resign Date - Year' 

2018-12-17 16:08:48 - [MESSAGE][PASSED] - All options with value '2030' are selected in object 'Object Repository/Final Object Repo/Page_Form 3 EIS - Cessation as Employer/Employment Resign Date - Year' 

2018-12-17 16:08:48 - [TEST_STEP][PASSED] - delay: Delayed 2 second(s)

2018-12-17 16:08:50 - [MESSAGE][PASSED] - Delayed 2 second(s)

2018-12-17 16:08:50 - [TEST_STEP][PASSED] - click: Object: 'Object Repository/Final Object Repo/Page_Form 3 EIS - Cessation as Employer/Employment Resign Date - Year - Date' is clicked on

2018-12-17 16:08:50 - [MESSAGE][PASSED] - Object: 'Object Repository/Final Object Repo/Page_Form 3 EIS - Cessation as Employer/Employment Resign Date - Year - Date' is clicked on

2018-12-17 16:08:50 - [TEST_STEP][PASSED] - delay: Delayed 2 second(s)

2018-12-17 16:08:52 - [MESSAGE][PASSED] - Delayed 2 second(s)

2018-12-17 16:08:52 - [TEST_STEP][PASSED] - click: Object: 'Object Repository/Final Object Repo/Page_Form 3 EIS - Cessation as Employer/Save  Continue in Employment Resign Page' is clicked on

2018-12-17 16:08:53 - [MESSAGE][PASSED] - Object: 'Object Repository/Final Object Repo/Page_Form 3 EIS - Cessation as Employer/Save  Continue in Employment Resign Page' is clicked on

2018-12-17 16:08:53 - [TEST_STEP][PASSED] - delay: Delayed 2 second(s)

2018-12-17 16:08:55 - [MESSAGE][PASSED] - Delayed 2 second(s)

2018-12-17 16:08:55 - [TEST_STEP][PASSED] - click: Object: 'Object Repository/Final Object Repo/Page_Form 3 EIS - Cessation as Employer/Set Latest - Yes' is clicked on

2018-12-17 16:08:55 - [MESSAGE][PASSED] - Object: 'Object Repository/Final Object Repo/Page_Form 3 EIS - Cessation as Employer/Set Latest - Yes' is clicked on

2018-12-17 16:08:55 - [TEST_STEP][PASSED] - delay: Delayed 2 second(s)

2018-12-17 16:08:57 - [MESSAGE][PASSED] - Delayed 2 second(s)

2018-12-17 16:08:57 - [TEST_STEP][PASSED] - click: Object: 'Object Repository/Final Object Repo/Page_Form 3 EIS - Cessation as Employer/Add Document' is clicked on

2018-12-17 16:08:58 - [MESSAGE][PASSED] - Object: 'Object Repository/Final Object Repo/Page_Form 3 EIS - Cessation as Employer/Add Document' is clicked on

2018-12-17 16:08:58 - [TEST_STEP][PASSED] - delay: Delayed 3 second(s)

2018-12-17 16:09:01 - [MESSAGE][PASSED] - Delayed 3 second(s)

2018-12-17 16:09:01 - [TEST_STEP][PASSED] - click: Object: 'Object Repository/Final Object Repo/Page_Form 3 EIS - Cessation as Employer/Document Type' is clicked on

2018-12-17 16:09:01 - [MESSAGE][PASSED] - Object: 'Object Repository/Final Object Repo/Page_Form 3 EIS - Cessation as Employer/Document Type' is clicked on

2018-12-17 16:09:01 - [TEST_STEP][PASSED] - click: Object: 'Object Repository/Final Object Repo/Page_Form 3 EIS - Cessation as Employer/Document Type - Form 3' is clicked on

2018-12-17 16:09:02 - [MESSAGE][PASSED] - Object: 'Object Repository/Final Object Repo/Page_Form 3 EIS - Cessation as Employer/Document Type - Form 3' is clicked on

2018-12-17 16:09:02 - [TEST_STEP][PASSED] - delay: Delayed 2 second(s)

2018-12-17 16:09:04 - [MESSAGE][PASSED] - Delayed 2 second(s)

2018-12-17 16:09:04 - [TEST_STEP][PASSED] - sendKeys: Keys 'C:\Users\Public\Pictures\Sample Pictures\Koala.jpg' sent to object: 'Object Repository/Final Object Repo/Page_Form 3 EIS - Cessation as Employer/ploading File'

2018-12-17 16:09:04 - [MESSAGE][PASSED] - Keys 'C:\Users\Public\Pictures\Sample Pictures\Koala.jpg' sent to object: 'Object Repository/Final Object Repo/Page_Form 3 EIS - Cessation as Employer/ploading File'

2018-12-17 16:09:04 - [TEST_STEP][PASSED] - delay: Delayed 1 second(s)

2018-12-17 16:09:05 - [MESSAGE][PASSED] - Delayed 1 second(s)

2018-12-17 16:09:05 - [TEST_STEP][PASSED] - click: Object: 'Object Repository/Final Object Repo/Page_Form 3 EIS - Cessation as Employer/Add Document in Uploading Page' is clicked on

2018-12-17 16:09:05 - [MESSAGE][PASSED] - Object: 'Object Repository/Final Object Repo/Page_Form 3 EIS - Cessation as Employer/Add Document in Uploading Page' is clicked on

2018-12-17 16:09:05 - [TEST_STEP][PASSED] - delay: Delayed 2 second(s)

2018-12-17 16:09:07 - [MESSAGE][PASSED] - Delayed 2 second(s)

2018-12-17 16:09:07 - [TEST_STEP][PASSED] - Statement - CaseReferenceNo = com.kms.katalon.core.webui.keyword.WebUiBuiltInKeywords.getText(com.kms.katalon.core.testobject.ObjectRepository.findTestObject(Final Object Repo/Page_Update Employer Information/Reference Number in Update Employee Information Page)): Text of object 'Object Repository/Final Object Repo/Page_Update Employer Information/Reference Number in Update Employee Information Page' is: 'ERN122018C200002477'

2018-12-17 16:09:09 - [MESSAGE][PASSED] - Text of object 'Object Repository/Final Object Repo/Page_Update Employer Information/Reference Number in Update Employee Information Page' is: 'ERN122018C200002477'

2018-12-17 16:09:09 - [TEST_STEP][PASSED] - callTestCase: Call Test Case 'Test Cases/Final Aug 2018 - PKS Automation/Common/Reference Number Setter' successfully

2018-12-17 16:09:09 - [TEST_CASE][PASSED] - Test Cases/Final Aug 2018 - PKS Automation/Common/Reference Number Setter: Test Cases/Final Aug 2018 - PKS Automation/Common/Reference Number Setter

2018-12-17 16:09:09 - [TEST_STEP][PASSED] - Statement - RefNoOldFile = new java.io.File(C://Users//Admin//Desktop//PKS//Automation Reference Point//KatalonReference.txt): null

2018-12-17 16:09:09 - [TEST_STEP][PASSED] - Statement - RefNoOldFile.delete(): null

2018-12-17 16:09:09 - [TEST_STEP][PASSED] - delay: Delayed 5 second(s)

2018-12-17 16:09:14 - [MESSAGE][PASSED] - Delayed 5 second(s)

2018-12-17 16:09:14 - [TEST_STEP][PASSED] - Statement - RefNo = new java.io.File(C://Users//Admin//Desktop//PKS//Automation Reference Point//KatalonReference.txt): null

2018-12-17 16:09:14 - [TEST_STEP][PASSED] - Statement - f2 = new java.io.FileWriter(RefNo, false): null

2018-12-17 16:09:14 - [TEST_STEP][PASSED] - Statement - f2.write(CaseReferenceNo): null

2018-12-17 16:09:14 - [TEST_STEP][PASSED] - Statement - f2.close(): null

2018-12-17 16:09:14 - [TEST_STEP][PASSED] - Statement - out.println("


" + CaseReferenceNo + "


"): null

2018-12-17 16:09:14 - [MESSAGE][PASSED] - Call Test Case 'Test Cases/Final Aug 2018 - PKS Automation/Common/Reference Number Setter' successfully

2018-12-17 16:09:14 - [TEST_STEP][PASSED] - delay: Delayed 2 second(s)

2018-12-17 16:09:16 - [MESSAGE][PASSED] - Delayed 2 second(s)

2018-12-17 16:09:16 - [TEST_STEP][PASSED] - click: Object: 'Object Repository/Final Object Repo/Page_Form 3 EIS - Cessation as Employer/Save  Continue in Uploading Page' is clicked on

2018-12-17 16:09:16 - [MESSAGE][PASSED] - Object: 'Object Repository/Final Object Repo/Page_Form 3 EIS - Cessation as Employer/Save  Continue in Uploading Page' is clicked on

2018-12-17 16:09:16 - [TEST_STEP][PASSED] - delay: Delayed 2 second(s)

2018-12-17 16:09:18 - [MESSAGE][PASSED] - Delayed 2 second(s)

2018-12-17 16:09:18 - [TEST_STEP][PASSED] - click: Object: 'Object Repository/Final Object Repo/Page_Form 3 EIS - Cessation as Employer/Submit' is clicked on

2018-12-17 16:09:21 - [MESSAGE][PASSED] - Object: 'Object Repository/Final Object Repo/Page_Form 3 EIS - Cessation as Employer/Submit' is clicked on

2018-12-17 16:09:21 - [TEST_STEP][PASSED] - delay: Delayed 2 second(s)

2018-12-17 16:09:23 - [MESSAGE][PASSED] - Delayed 2 second(s)

2018-12-17 16:09:23 - [TEST_STEP][PASSED] - click: Object: 'Object Repository/Final Object Repo/Page_Form 3 EIS - Cessation as Employer/Confirm' is clicked on

2018-12-17 16:09:24 - [MESSAGE][PASSED] - Object: 'Object Repository/Final Object Repo/Page_Form 3 EIS - Cessation as Employer/Confirm' is clicked on

2018-12-17 16:09:24 - [TEST_STEP][PASSED] - delay: Delayed 2 second(s)

2018-12-17 16:09:26 - [MESSAGE][PASSED] - Delayed 2 second(s)

2018-12-17 16:09:26 - [TEST_STEP][PASSED] - click: Object: 'Object Repository/Final Object Repo/Page_Form 3 EIS - Cessation as Employer/Message Your Request will be routed to UO' is clicked on

2018-12-17 16:09:29 - [MESSAGE][PASSED] - Object: 'Object Repository/Final Object Repo/Page_Form 3 EIS - Cessation as Employer/Message Your Request will be routed to UO' is clicked on

2018-12-17 16:09:29 - [TEST_STEP][PASSED] - click: Object: 'Object Repository/Final Object Repo/Page_Form 3 EIS - Cessation as Employer/Letter of acknowledgement' is clicked on

2018-12-17 16:09:30 - [MESSAGE][PASSED] - Object: 'Object Repository/Final Object Repo/Page_Form 3 EIS - Cessation as Employer/Letter of acknowledgement' is clicked on

2018-12-17 16:09:30 - [MESSAGE][PASSED] - Call Test Case 'Test Cases/Final Aug 2018 - PKS Automation/Registration Module/Workflow/Form 3 EIS - Cessation As Employer/Template/Form 3 A - Cessation As Employer (OTC)' successfully

2018-12-17 16:09:30 - [TEST_STEP][FAILED] - callTestCase: Unable to call Test Case with id 'Test Cases/Final Aug 2018 - PKS Automation/Registration Module/Workflow/Form 3 EIS - Cessation As Employer/Template/Form 3 A - Cessation As Employer (Query)' (Root cause: Call Test Case 'Test Cases/Final Aug 2018 - PKS Automation/Registration Module/Workflow/Form 3 EIS - Cessation As Employer/Template/Form 3 A - Cessation As Employer (Query)' failed)

2018-12-17 16:09:30 - [TEST_CASE][FAILED] - Test Cases/Final Aug 2018 - PKS Automation/Registration Module/Workflow/Form 3 EIS - Cessation As Employer/Template/Form 3 A - Cessation As Employer (Query): Test Cases/Final Aug 2018 - PKS Automation/Registration Module/Workflow/Form 3 EIS - Cessation As Employer/Template/Form 3 A - Cessation As Employer (Query) FAILED because (of) (Stack trace: com.kms.katalon.core.exception.StepFailedException: Unable to click on object 'Object Repository/Final Object Repo/Page_Form 3 EIS - Cessation as Employer/Page_Form 3 EIS - Cessation as Employer (Query - OTC - UO)/Next' (Root cause: com.kms.katalon.core.webui.exception.WebElementNotFoundException: Web element with id: 'Object Repository/Final Object Repo/Page_Form 3 EIS - Cessation as Employer/Page_Form 3 EIS - Cessation as Employer (Query - OTC - UO)/Next' located by 'By.xpath: //a[(contains(text(), 'NEXT') or contains(., 'NEXT'))]' not found)
	at com.kms.katalon.core.keyword.internal.KeywordMain.stepFailed(KeywordMain.groovy:32)
	at com.kms.katalon.core.webui.keyword.internal.WebUIKeywordMain.stepFailed(WebUIKeywordMain.groovy:65)
	at com.kms.katalon.core.webui.keyword.internal.WebUIKeywordMain.runKeyword(WebUIKeywordMain.groovy:27)
	at com.kms.katalon.core.webui.keyword.builtin.ClickKeyword.click(ClickKeyword.groovy:86)
	at com.kms.katalon.core.webui.keyword.builtin.ClickKeyword.execute(ClickKeyword.groovy:67)
	at com.kms.katalon.core.keyword.internal.KeywordExecutor.executeKeywordForPlatform(KeywordExecutor.groovy:53)
	at com.kms.katalon.core.webui.keyword.WebUiBuiltInKeywords.click(WebUiBuiltInKeywords.groovy:616)
	at com.kms.katalon.core.webui.keyword.WebUiBuiltInKeywords$click$2.call(Unknown Source)
	at Script1536114876563.run(Script1536114876563.groovy:87)
	at com.kms.katalon.core.main.ScriptEngine.run(ScriptEngine.java:183)
	at com.kms.katalon.core.main.ScriptEngine.runScriptAsRawText(ScriptEngine.java:108)
	at com.kms.katalon.core.main.TestCaseExecutor.runScript(TestCaseExecutor.java:294)
	at com.kms.katalon.core.main.TestCaseExecutor.doExecute(TestCaseExecutor.java:285)
	at com.kms.katalon.core.main.TestCaseExecutor.processExecutionPhase(TestCaseExecutor.java:264)
	at com.kms.katalon.core.main.TestCaseExecutor.accessMainPhase(TestCaseExecutor.java:256)
	at com.kms.katalon.core.main.TestCaseExecutor.execute(TestCaseExecutor.java:200)
	at com.kms.katalon.core.main.TestCaseMain.runTestCase(TestCaseMain.java:99)
	at com.kms.katalon.core.keyword.builtin.CallTestCaseKeyword$_callTestCase_closure1.doCall(CallTestCaseKeyword.groovy:60)
	at com.kms.katalon.core.keyword.builtin.CallTestCaseKeyword$_callTestCase_closure1.call(CallTestCaseKeyword.groovy)
	at com.kms.katalon.core.keyword.internal.KeywordMain.runKeyword(KeywordMain.groovy:54)
	at com.kms.katalon.core.keyword.builtin.CallTestCaseKeyword.callTestCase(CallTestCaseKeyword.groovy:81)
	at com.kms.katalon.core.keyword.builtin.CallTestCaseKeyword.execute(CallTestCaseKeyword.groovy:45)
	at com.kms.katalon.core.keyword.internal.KeywordExecutor.executeKeywordForPlatform(KeywordExecutor.groovy:53)
	at com.kms.katalon.core.keyword.BuiltinKeywords.callTestCase(BuiltinKeywords.groovy:334)
	at sun.reflect.GeneratedMethodAccessor13.invoke(Unknown Source)
	at sun.reflect.DelegatingMethodAccessorImpl.invoke(DelegatingMethodAccessorImpl.java:43)
	at java.lang.reflect.Method.invoke(Method.java:498)
	at org.codehaus.groovy.reflection.CachedMethod.invoke(CachedMethod.java:93)
	at groovy.lang.MetaMethod.doMethodInvoke(MetaMethod.java:325)
	at groovy.lang.MetaClassImpl.invokeStaticMethod(MetaClassImpl.java:1469)
	at org.codehaus.groovy.runtime.callsite.StaticMetaClassSite.call(StaticMetaClassSite.java:53)
	at org.codehaus.groovy.runtime.callsite.CallSiteArray.defaultCall(CallSiteArray.java:48)
	at org.codehaus.groovy.runtime.callsite.AbstractCallSite.call(AbstractCallSite.java:113)
	at org.codehaus.groovy.runtime.callsite.AbstractCallSite.call(AbstractCallSite.java:141)
	at Script1536204253481.run(Script1536204253481.groovy:25)
	at com.kms.katalon.core.main.ScriptEngine.run(ScriptEngine.java:183)
	at com.kms.katalon.core.main.ScriptEngine.runScriptAsRawText(ScriptEngine.java:108)
	at com.kms.katalon.core.main.TestCaseExecutor.runScript(TestCaseExecutor.java:294)
	at com.kms.katalon.core.main.TestCaseExecutor.doExecute(TestCaseExecutor.java:285)
	at com.kms.katalon.core.main.TestCaseExecutor.processExecutionPhase(TestCaseExecutor.java:264)
	at com.kms.katalon.core.main.TestCaseExecutor.accessMainPhase(TestCaseExecutor.java:256)
	at com.kms.katalon.core.main.TestCaseExecutor.execute(TestCaseExecutor.java:200)
	at com.kms.katalon.core.main.TestSuiteExecutor.accessTestCaseMainPhase(TestSuiteExecutor.java:129)
	at com.kms.katalon.core.main.TestSuiteExecutor.accessTestSuiteMainPhase(TestSuiteExecutor.java:112)
	at com.kms.katalon.core.main.TestSuiteExecutor.execute(TestSuiteExecutor.java:81)
	at com.kms.katalon.core.main.TestCaseMain.startTestSuite(TestCaseMain.java:142)
	at com.kms.katalon.core.main.TestCaseMain$startTestSuite$0.call(Unknown Source)
	at org.codehaus.groovy.runtime.callsite.CallSiteArray.defaultCall(CallSiteArray.java:48)
	at org.codehaus.groovy.runtime.callsite.AbstractCallSite.call(AbstractCallSite.java:113)
	at org.codehaus.groovy.runtime.callsite.AbstractCallSite.call(AbstractCallSite.java:141)
	at TempTestSuite1545032083774.run(TempTestSuite1545032083774.groovy:36)
	at groovy.lang.GroovyShell.runScriptOrMainOrTestOrRunnable(GroovyShell.java:263)
	at groovy.lang.GroovyShell.run(GroovyShell.java:518)
	at groovy.lang.GroovyShell.run(GroovyShell.java:507)
	at groovy.ui.GroovyMain.processOnce(GroovyMain.java:653)
	at groovy.ui.GroovyMain.run(GroovyMain.java:384)
	at groovy.ui.GroovyMain.process(GroovyMain.java:370)
	at groovy.ui.GroovyMain.processArgs(GroovyMain.java:129)
	at groovy.ui.GroovyMain.main(GroovyMain.java:109)
	at sun.reflect.NativeMethodAccessorImpl.invoke0(Native Method)
	at sun.reflect.NativeMethodAccessorImpl.invoke(NativeMethodAccessorImpl.java:62)
	at sun.reflect.DelegatingMethodAccessorImpl.invoke(DelegatingMethodAccessorImpl.java:43)
	at java.lang.reflect.Method.invoke(Method.java:498)
	at org.codehaus.groovy.tools.GroovyStarter.rootLoader(GroovyStarter.java:109)
	at org.codehaus.groovy.tools.GroovyStarter.main(GroovyStarter.java:131)
)

2018-12-17 16:09:30 - [TEST_STEP][NOT_RUN] - callTestCase: NOT_RUN: callTestCase

2018-12-17 16:09:30 - [MESSAGE][NOT_RUN] - NOT_RUN: callTestCase

2018-12-17 16:09:30 - [TEST_STEP][PASSED] - delay: Delayed 1 second(s)

2018-12-17 16:09:31 - [MESSAGE][PASSED] - Delayed 1 second(s)

2018-12-17 16:09:31 - [TEST_STEP][PASSED] - navigateToUrl: Navigate to 'https://assist2-uat.perkeso.gov.my/c/portal/logout' successfully

2018-12-17 16:09:32 - [MESSAGE][PASSED] - Navigate to 'https://assist2-uat.perkeso.gov.my/c/portal/logout' successfully

2018-12-17 16:09:32 - [TEST_STEP][PASSED] - delay: Delayed 1 second(s)

2018-12-17 16:09:33 - [MESSAGE][PASSED] - Delayed 1 second(s)

2018-12-17 16:09:33 - [TEST_STEP][PASSED] - callTestCase: Call Test Case 'Test Cases/Final Aug 2018 - PKS Automation/Common/Reference Number Getter' successfully

2018-12-17 16:09:33 - [TEST_CASE][PASSED] - Test Cases/Final Aug 2018 - PKS Automation/Common/Reference Number Getter: Test Cases/Final Aug 2018 - PKS Automation/Common/Reference Number Getter

2018-12-17 16:09:33 - [TEST_STEP][PASSED] - Statement - Try: null

2018-12-17 16:09:33 - [TEST_STEP][PASSED] - Statement - RefNo = new java.io.File(C://Users//Admin//Desktop//PKS//Automation Reference Point//KatalonReference.txt): null

2018-12-17 16:09:33 - [TEST_STEP][PASSED] - Statement - bufferread = new java.io.BufferedReader(new java.io.FileReader(RefNo)): null

2018-12-17 16:09:33 - [TEST_STEP][PASSED] - Statement - readedVal = bufferread.readLine(): null

2018-12-17 16:09:33 - [TEST_STEP][PASSED] - Statement - out.println(CaseReferenceNo): null

2018-12-17 16:09:33 - [TEST_STEP][PASSED] - Statement - out.println(readedVal): null

2018-12-17 16:09:33 - [TEST_STEP][PASSED] - Statement - CaseReferenceNo = "": null

2018-12-17 16:09:33 - [TEST_STEP][PASSED] - Statement - CaseReferenceNo = readedVal: null

2018-12-17 16:09:33 - [MESSAGE][PASSED] - Call Test Case 'Test Cases/Final Aug 2018 - PKS Automation/Common/Reference Number Getter' successfully

2018-12-17 16:09:33 - [TEST_STEP][PASSED] - callTestCase: Call Test Case 'Test Cases/Final Aug 2018 - PKS Automation/Common/Workflow Owner Finder' successfully

2018-12-17 16:09:33 - [TEST_CASE][PASSED] - Test Cases/Final Aug 2018 - PKS Automation/Common/Workflow Owner Finder: Test Cases/Final Aug 2018 - PKS Automation/Common/Workflow Owner Finder

2018-12-17 16:09:33 - [TEST_STEP][PASSED] - openBrowser: Browser is opened with url: ''

2018-12-17 16:09:33 - [MESSAGE][WARNING] - A browser is already opened. Closing browser and opening a new one

2018-12-17 16:09:36 - [MESSAGE][PASSED] - Browser is opened with url: ''

2018-12-17 16:09:36 - [TEST_STEP][PASSED] - navigateToUrl: Navigate to 'https://assist2-uat.perkeso.gov.my/login' successfully

2018-12-17 16:09:37 - [MESSAGE][PASSED] - Navigate to 'https://assist2-uat.perkeso.gov.my/login' successfully

2018-12-17 16:09:37 - [TEST_STEP][PASSED] - delay: Delayed 5 second(s)

2018-12-17 16:09:42 - [MESSAGE][PASSED] - Delayed 5 second(s)

2018-12-17 16:09:42 - [TEST_STEP][PASSED] - setText: Text 'test@liferay.com' is set on object 'Object Repository/Final Object Repo/Login Page/Internal User/Email Address'

2018-12-17 16:09:42 - [MESSAGE][PASSED] - Text 'test@liferay.com' is set on object 'Object Repository/Final Object Repo/Login Page/Internal User/Email Address'

2018-12-17 16:09:42 - [TEST_STEP][PASSED] - click: Object: 'Object Repository/Final Object Repo/Login Page/Internal User/Next Button' is clicked on

2018-12-17 16:09:42 - [MESSAGE][PASSED] - Object: 'Object Repository/Final Object Repo/Login Page/Internal User/Next Button' is clicked on

2018-12-17 16:09:42 - [TEST_STEP][PASSED] - delay: Delayed 2 second(s)

2018-12-17 16:09:44 - [MESSAGE][PASSED] - Delayed 2 second(s)

2018-12-17 16:09:44 - [TEST_STEP][PASSED] - setText: Text 'test' is set on object 'Object Repository/Final Object Repo/Login Page/Internal User/Password'

2018-12-17 16:09:44 - [MESSAGE][PASSED] - Text 'test' is set on object 'Object Repository/Final Object Repo/Login Page/Internal User/Password'

2018-12-17 16:09:44 - [TEST_STEP][PASSED] - delay: Delayed 2 second(s)

2018-12-17 16:09:46 - [MESSAGE][PASSED] - Delayed 2 second(s)

2018-12-17 16:09:46 - [TEST_STEP][PASSED] - click: Object: 'Object Repository/Final Object Repo/Login Page/Internal User/Login Button' is clicked on

2018-12-17 16:09:47 - [MESSAGE][PASSED] - Object: 'Object Repository/Final Object Repo/Login Page/Internal User/Login Button' is clicked on

2018-12-17 16:09:47 - [TEST_STEP][PASSED] - Statement - tester = com.kms.katalon.core.testobject.ObjectRepository.findTestObject(Final Object Repo/Landing Page/Select to English): Finding Test Object with id 'Object Repository/Final Object Repo/Landing Page/Select to English'

2018-12-17 16:09:47 - [TEST_STEP][PASSED] - Statement - Try: Delayed 2 second(s)

2018-12-17 16:09:47 - [TEST_STEP][PASSED] - Statement - Checker = com.kms.katalon.core.webui.keyword.WebUiBuiltInKeywords.verifyElementNotPresent(tester, 3): Web element with id: 'Object Repository/Final Object Repo/Landing Page/Select to English' located by 'By.xpath: //a[@class = 'taglib-language-list-text' and @lang = 'en-US' and (contains(text(), 'EN') or contains(., 'EN'))]' is not present after '3' second(s)

2018-12-17 16:09:49 - [MESSAGE][PASSED] - Web element with id: 'Object Repository/Final Object Repo/Landing Page/Select to English' located by 'By.xpath: //a[@class = 'taglib-language-list-text' and @lang = 'en-US' and (contains(text(), 'EN') or contains(., 'EN'))]' is not present after '3' second(s)

2018-12-17 16:09:49 - [TEST_STEP][PASSED] - Statement - If (Checker == false): null

2018-12-17 16:09:49 - [TEST_STEP][PASSED] - delay: Delayed 2 second(s)

2018-12-17 16:09:51 - [MESSAGE][PASSED] - Delayed 2 second(s)

2018-12-17 16:09:51 - [TEST_STEP][PASSED] - delay: Delayed 5 second(s)

2018-12-17 16:09:56 - [MESSAGE][PASSED] - Delayed 5 second(s)

2018-12-17 16:09:56 - [TEST_STEP][PASSED] - mouseOver: Object: 'Object Repository/Final Object Repo/Landing Page/WorkFlow Menu' is hovered

2018-12-17 16:09:56 - [MESSAGE][PASSED] - Object: 'Object Repository/Final Object Repo/Landing Page/WorkFlow Menu' is hovered

2018-12-17 16:09:56 - [TEST_STEP][PASSED] - delay: Delayed 2 second(s)

2018-12-17 16:09:58 - [MESSAGE][PASSED] - Delayed 2 second(s)

2018-12-17 16:09:58 - [TEST_STEP][PASSED] - click: Object: 'Object Repository/Final Object Repo/Landing Page/Select to Workflow Listing' is clicked on

2018-12-17 16:09:59 - [MESSAGE][PASSED] - Object: 'Object Repository/Final Object Repo/Landing Page/Select to Workflow Listing' is clicked on

2018-12-17 16:09:59 - [TEST_STEP][PASSED] - delay: Delayed 2 second(s)

2018-12-17 16:10:01 - [MESSAGE][PASSED] - Delayed 2 second(s)

2018-12-17 16:10:01 - [TEST_STEP][PASSED] - click: Object: 'Object Repository/Final Object Repo/WorkFlow Listing Page/Search Information - To Put Ref No' is clicked on

2018-12-17 16:10:01 - [MESSAGE][PASSED] - Object: 'Object Repository/Final Object Repo/WorkFlow Listing Page/Search Information - To Put Ref No' is clicked on

2018-12-17 16:10:01 - [TEST_STEP][PASSED] - delay: Delayed 2 second(s)

2018-12-17 16:10:03 - [MESSAGE][PASSED] - Delayed 2 second(s)

2018-12-17 16:10:03 - [TEST_STEP][PASSED] - callTestCase: Call Test Case 'Test Cases/Final Aug 2018 - PKS Automation/Common/Reference Number Getter' successfully

2018-12-17 16:10:03 - [TEST_CASE][PASSED] - Test Cases/Final Aug 2018 - PKS Automation/Common/Reference Number Getter: Test Cases/Final Aug 2018 - PKS Automation/Common/Reference Number Getter

2018-12-17 16:10:03 - [TEST_STEP][PASSED] - Statement - Try: null

2018-12-17 16:10:03 - [TEST_STEP][PASSED] - Statement - RefNo = new java.io.File(C://Users//Admin//Desktop//PKS//Automation Reference Point//KatalonReference.txt): null

2018-12-17 16:10:03 - [TEST_STEP][PASSED] - Statement - bufferread = new java.io.BufferedReader(new java.io.FileReader(RefNo)): null

2018-12-17 16:10:03 - [TEST_STEP][PASSED] - Statement - readedVal = bufferread.readLine(): null

2018-12-17 16:10:03 - [TEST_STEP][PASSED] - Statement - out.println(CaseReferenceNo): null

2018-12-17 16:10:03 - [TEST_STEP][PASSED] - Statement - out.println(readedVal): null

2018-12-17 16:10:03 - [TEST_STEP][PASSED] - Statement - CaseReferenceNo = "": null

2018-12-17 16:10:03 - [TEST_STEP][PASSED] - Statement - CaseReferenceNo = readedVal: null

2018-12-17 16:10:03 - [MESSAGE][PASSED] - Call Test Case 'Test Cases/Final Aug 2018 - PKS Automation/Common/Reference Number Getter' successfully

2018-12-17 16:10:03 - [TEST_STEP][PASSED] - setText: Text 'ERN122018C200002477' is set on object 'Object Repository/Final Object Repo/WorkFlow Listing Page/Ref No Set Text'

2018-12-17 16:10:04 - [MESSAGE][PASSED] - Text 'ERN122018C200002477' is set on object 'Object Repository/Final Object Repo/WorkFlow Listing Page/Ref No Set Text'

2018-12-17 16:10:04 - [TEST_STEP][PASSED] - delay: Delayed 2 second(s)

2018-12-17 16:10:06 - [MESSAGE][PASSED] - Delayed 2 second(s)

2018-12-17 16:10:06 - [TEST_STEP][PASSED] - click: Object: 'Object Repository/Final Object Repo/WorkFlow Listing Page/Search Ref No Search Button' is clicked on

2018-12-17 16:10:06 - [MESSAGE][PASSED] - Object: 'Object Repository/Final Object Repo/WorkFlow Listing Page/Search Ref No Search Button' is clicked on

2018-12-17 16:10:06 - [TEST_STEP][PASSED] - delay: Delayed 6 second(s)

2018-12-17 16:10:12 - [MESSAGE][PASSED] - Delayed 6 second(s)

2018-12-17 16:10:12 - [TEST_STEP][PASSED] - click: Object: 'Object Repository/Final Object Repo/WorkFlow Listing Page/Click Continue Tooltip' is clicked on

2018-12-17 16:10:13 - [MESSAGE][PASSED] - Object: 'Object Repository/Final Object Repo/WorkFlow Listing Page/Click Continue Tooltip' is clicked on

2018-12-17 16:10:13 - [TEST_STEP][PASSED] - delay: Delayed 5 second(s)

2018-12-17 16:10:18 - [MESSAGE][PASSED] - Delayed 5 second(s)

2018-12-17 16:10:18 - [TEST_STEP][PASSED] - doubleClick: Object: 'Object Repository/Final Object Repo/WorkFlow Listing Page/Workflow Found - Listing 1' is double clicked on

2018-12-17 16:10:18 - [MESSAGE][PASSED] - Object: 'Object Repository/Final Object Repo/WorkFlow Listing Page/Workflow Found - Listing 1' is double clicked on

2018-12-17 16:10:18 - [TEST_STEP][PASSED] - Statement - println(OwnerID): null

2018-12-17 16:10:18 - [TEST_STEP][PASSED] - Statement - OwnerID = com.kms.katalon.core.webui.keyword.WebUiBuiltInKeywords.getText(com.kms.katalon.core.testobject.ObjectRepository.findTestObject(Final Object Repo/WorkFlow Listing Page/Workflow Found - Listing 1), STOP_ON_FAILURE): Text of object 'Object Repository/Final Object Repo/WorkFlow Listing Page/Workflow Found - Listing 1' is: 'JOHORuo1'

2018-12-17 16:10:18 - [MESSAGE][PASSED] - Text of object 'Object Repository/Final Object Repo/WorkFlow Listing Page/Workflow Found - Listing 1' is: 'JOHORuo1'

2018-12-17 16:10:18 - [TEST_STEP][PASSED] - Statement - OwnerID = OwnerID.toLowerCase() + "@gmail.com": null

2018-12-17 16:10:18 - [TEST_STEP][PASSED] - Statement - println(OwnerID): null

2018-12-17 16:10:18 - [TEST_STEP][PASSED] - delay: Delayed 2 second(s)

2018-12-17 16:10:20 - [MESSAGE][PASSED] - Delayed 2 second(s)

2018-12-17 16:10:20 - [MESSAGE][PASSED] - Call Test Case 'Test Cases/Final Aug 2018 - PKS Automation/Common/Workflow Owner Finder' successfully

2018-12-17 16:10:20 - [TEST_STEP][PASSED] - delay: Delayed 1 second(s)

2018-12-17 16:10:21 - [MESSAGE][PASSED] - Delayed 1 second(s)

2018-12-17 16:10:21 - [TEST_STEP][PASSED] - navigateToUrl: Navigate to 'https://assist2-uat.perkeso.gov.my/c/portal/logout' successfully

2018-12-17 16:10:23 - [MESSAGE][PASSED] - Navigate to 'https://assist2-uat.perkeso.gov.my/c/portal/logout' successfully

2018-12-17 16:10:23 - [TEST_STEP][PASSED] - delay: Delayed 1 second(s)

2018-12-17 16:10:24 - [MESSAGE][PASSED] - Delayed 1 second(s)

2018-12-17 16:10:24 - [TEST_STEP][PASSED] - callTestCase: Call Test Case 'Test Cases/Final Aug 2018 - PKS Automation/Registration Module/Workflow/Login and Search Case For Workflow' successfully

2018-12-17 16:10:24 - [TEST_CASE][PASSED] - Test Cases/Final Aug 2018 - PKS Automation/Registration Module/Workflow/Login and Search Case For Workflow: Test Cases/Final Aug 2018 - PKS Automation/Registration Module/Workflow/Login and Search Case For Workflow

2018-12-17 16:10:24 - [TEST_STEP][PASSED] - navigateToUrl: Navigate to 'https://assist2-uat.perkeso.gov.my/login' successfully

2018-12-17 16:10:25 - [MESSAGE][PASSED] - Navigate to 'https://assist2-uat.perkeso.gov.my/login' successfully

2018-12-17 16:10:25 - [TEST_STEP][PASSED] - setText: Text 'johoruo1@gmail.com' is set on object 'Object Repository/Final Object Repo/Login Page/Internal User/Email Address'

2018-12-17 16:10:25 - [MESSAGE][PASSED] - Text 'johoruo1@gmail.com' is set on object 'Object Repository/Final Object Repo/Login Page/Internal User/Email Address'

2018-12-17 16:10:25 - [TEST_STEP][PASSED] - click: Object: 'Object Repository/Final Object Repo/Login Page/Internal User/Next Button' is clicked on

2018-12-17 16:10:25 - [MESSAGE][PASSED] - Object: 'Object Repository/Final Object Repo/Login Page/Internal User/Next Button' is clicked on

2018-12-17 16:10:25 - [TEST_STEP][PASSED] - delay: Delayed 1 second(s)

2018-12-17 16:10:26 - [MESSAGE][PASSED] - Delayed 1 second(s)

2018-12-17 16:10:26 - [TEST_STEP][PASSED] - setEncryptedText: Text ****** has been set on object 'Object Repository/Final Object Repo/Login Page/Internal User/Password'

2018-12-17 16:10:27 - [MESSAGE][PASSED] - Text ****** has been set on object 'Object Repository/Final Object Repo/Login Page/Internal User/Password'

2018-12-17 16:10:27 - [TEST_STEP][PASSED] - click: Object: 'Object Repository/Final Object Repo/Login Page/Internal User/Login Button' is clicked on

2018-12-17 16:10:27 - [MESSAGE][PASSED] - Object: 'Object Repository/Final Object Repo/Login Page/Internal User/Login Button' is clicked on

2018-12-17 16:10:27 - [TEST_STEP][PASSED] - delay: Delayed 2 second(s)

2018-12-17 16:10:29 - [MESSAGE][PASSED] - Delayed 2 second(s)

2018-12-17 16:10:29 - [TEST_STEP][PASSED] - Statement - Try: Delayed 2 second(s)

2018-12-17 16:10:29 - [TEST_STEP][PASSED] - Statement - Checker = false: null

2018-12-17 16:10:29 - [TEST_STEP][PASSED] - Statement - Checker = com.kms.katalon.core.webui.keyword.WebUiBuiltInKeywords.verifyElementHasAttribute(com.kms.katalon.core.testobject.ObjectRepository.findTestObject(Final Object Repo/Landing Page/BM Detecting), "href", 20, OPTIONAL): Object 'Object Repository/Final Object Repo/Landing Page/BM Detecting' has attribute 'href'

2018-12-17 16:10:29 - [MESSAGE][PASSED] - Object 'Object Repository/Final Object Repo/Landing Page/BM Detecting' has attribute 'href'

2018-12-17 16:10:29 - [TEST_STEP][PASSED] - Statement - out.println(Checker): null

2018-12-17 16:10:29 - [TEST_STEP][PASSED] - Statement - If (Checker == false): null

2018-12-17 16:10:29 - [TEST_STEP][PASSED] - Statement - Else: null

2018-12-17 16:10:29 - [TEST_STEP][PASSED] - delay: Delayed 2 second(s)

2018-12-17 16:10:31 - [MESSAGE][PASSED] - Delayed 2 second(s)

2018-12-17 16:10:31 - [TEST_STEP][PASSED] - click: Object: 'Object Repository/Final Object Repo/Page_MyASSIST - ASSIST - Search Pending Case For Add Supporting Document/Search Information' is clicked on

2018-12-17 16:10:31 - [MESSAGE][PASSED] - Object: 'Object Repository/Final Object Repo/Page_MyASSIST - ASSIST - Search Pending Case For Add Supporting Document/Search Information' is clicked on

2018-12-17 16:10:31 - [TEST_STEP][PASSED] - delay: Delayed 3 second(s)

2018-12-17 16:10:34 - [MESSAGE][PASSED] - Delayed 3 second(s)

2018-12-17 16:10:34 - [TEST_STEP][PASSED] - sendKeys: Keys 'ERN122018C200002477' sent to object: 'Object Repository/Final Object Repo/Page_MyASSIST - ASSIST - Search Pending Case For Add Supporting Document/Reference No'

2018-12-17 16:10:34 - [MESSAGE][PASSED] - Keys 'ERN122018C200002477' sent to object: 'Object Repository/Final Object Repo/Page_MyASSIST - ASSIST - Search Pending Case For Add Supporting Document/Reference No'

2018-12-17 16:10:34 - [TEST_STEP][PASSED] - click: Object: 'Object Repository/Final Object Repo/Page_MyASSIST - ASSIST - Search Pending Case For Add Supporting Document/Search Reference No' is clicked on

2018-12-17 16:10:35 - [MESSAGE][PASSED] - Object: 'Object Repository/Final Object Repo/Page_MyASSIST - ASSIST - Search Pending Case For Add Supporting Document/Search Reference No' is clicked on

2018-12-17 16:10:35 - [TEST_STEP][PASSED] - delay: Delayed 2 second(s)

2018-12-17 16:10:37 - [MESSAGE][PASSED] - Delayed 2 second(s)

2018-12-17 16:10:37 - [TEST_STEP][PASSED] - click: Object: 'Object Repository/Final Object Repo/Page_MyASSIST - ASSIST - Search Pending Case For Add Supporting Document/Continue' is clicked on

2018-12-17 16:10:40 - [MESSAGE][PASSED] - Object: 'Object Repository/Final Object Repo/Page_MyASSIST - ASSIST - Search Pending Case For Add Supporting Document/Continue' is clicked on

2018-12-17 16:10:40 - [TEST_STEP][PASSED] - delay: Delayed 20 second(s)

2018-12-17 16:11:00 - [MESSAGE][PASSED] - Delayed 20 second(s)

2018-12-17 16:11:00 - [MESSAGE][PASSED] - Call Test Case 'Test Cases/Final Aug 2018 - PKS Automation/Registration Module/Workflow/Login and Search Case For Workflow' successfully

2018-12-17 16:11:00 - [TEST_STEP][PASSED] - click: Object: 'Object Repository/Final Object Repo/Page_Form 3 EIS - Cessation as Employer/Page_Form 3 EIS - Cessation as Employer (Approve)/Save  Continue in Form 3 Page' is clicked on

2018-12-17 16:11:00 - [MESSAGE][PASSED] - Object: 'Object Repository/Final Object Repo/Page_Form 3 EIS - Cessation as Employer/Page_Form 3 EIS - Cessation as Employer (Approve)/Save  Continue in Form 3 Page' is clicked on

2018-12-17 16:11:00 - [TEST_STEP][PASSED] - delay: Delayed 4 second(s)

2018-12-17 16:11:04 - [MESSAGE][PASSED] - Delayed 4 second(s)

2018-12-17 16:11:04 - [TEST_STEP][PASSED] - click: Object: 'Object Repository/Final Object Repo/Page_Form 3 EIS - Cessation as Employer/Page_Form 3 EIS - Cessation as Employer (Approve)/Save  Continue in Resigned Page' is clicked on

2018-12-17 16:11:04 - [MESSAGE][PASSED] - Object: 'Object Repository/Final Object Repo/Page_Form 3 EIS - Cessation as Employer/Page_Form 3 EIS - Cessation as Employer (Approve)/Save  Continue in Resigned Page' is clicked on

2018-12-17 16:11:04 - [TEST_STEP][PASSED] - delay: Delayed 2 second(s)

2018-12-17 16:11:06 - [MESSAGE][PASSED] - Delayed 2 second(s)

2018-12-17 16:11:06 - [TEST_STEP][PASSED] - setText: Text 'Remark' is set on object 'Object Repository/Final Object Repo/Page_Form 3 EIS - Cessation as Employer/Page_Form 3 EIS - Cessation as Employer (Query)/Query - Remark'

2018-12-17 16:11:08 - [MESSAGE][PASSED] - Text 'Remark' is set on object 'Object Repository/Final Object Repo/Page_Form 3 EIS - Cessation as Employer/Page_Form 3 EIS - Cessation as Employer (Query)/Query - Remark'

2018-12-17 16:11:08 - [TEST_STEP][PASSED] - delay: Delayed 2 second(s)

2018-12-17 16:11:10 - [MESSAGE][PASSED] - Delayed 2 second(s)

2018-12-17 16:11:10 - [TEST_STEP][PASSED] - click: Object: 'Object Repository/Final Object Repo/Page_Form 3 EIS - Cessation as Employer/Page_Form 3 EIS - Cessation as Employer (Query)/Save  Continue' is clicked on

2018-12-17 16:11:10 - [MESSAGE][PASSED] - Object: 'Object Repository/Final Object Repo/Page_Form 3 EIS - Cessation as Employer/Page_Form 3 EIS - Cessation as Employer (Query)/Save  Continue' is clicked on

2018-12-17 16:11:10 - [TEST_STEP][PASSED] - delay: Delayed 2 second(s)

2018-12-17 16:11:12 - [MESSAGE][PASSED] - Delayed 2 second(s)

2018-12-17 16:11:12 - [TEST_STEP][PASSED] - click: Object: 'Object Repository/Final Object Repo/Page_Form 3 EIS - Cessation as Employer/Page_Form 3 EIS - Cessation as Employer (Query)/Query' is clicked on

2018-12-17 16:11:15 - [MESSAGE][PASSED] - Object: 'Object Repository/Final Object Repo/Page_Form 3 EIS - Cessation as Employer/Page_Form 3 EIS - Cessation as Employer (Query)/Query' is clicked on

2018-12-17 16:11:15 - [TEST_STEP][PASSED] - delay: Delayed 2 second(s)

2018-12-17 16:11:17 - [MESSAGE][PASSED] - Delayed 2 second(s)

2018-12-17 16:11:17 - [TEST_STEP][PASSED] - click: Object: 'Object Repository/Final Object Repo/Page_Form 3 EIS - Cessation as Employer/Page_Form 3 EIS - Cessation as Employer (Query)/Confirm' is clicked on

2018-12-17 16:11:24 - [MESSAGE][PASSED] - Object: 'Object Repository/Final Object Repo/Page_Form 3 EIS - Cessation as Employer/Page_Form 3 EIS - Cessation as Employer (Query)/Confirm' is clicked on

2018-12-17 16:11:24 - [TEST_STEP][PASSED] - delay: Delayed 2 second(s)

2018-12-17 16:11:26 - [MESSAGE][PASSED] - Delayed 2 second(s)

2018-12-17 16:11:26 - [TEST_STEP][PASSED] - click: Object: 'Object Repository/Final Object Repo/Page_Form 3 EIS - Cessation as Employer/Page_Form 3 EIS - Cessation as Employer (Query)/Message The Case Is Under Query' is clicked on

2018-12-17 16:11:26 - [MESSAGE][PASSED] - Object: 'Object Repository/Final Object Repo/Page_Form 3 EIS - Cessation as Employer/Page_Form 3 EIS - Cessation as Employer (Query)/Message The Case Is Under Query' is clicked on

2018-12-17 16:11:26 - [TEST_STEP][PASSED] - click: Object: 'Object Repository/Final Object Repo/Page_Form 3 EIS - Cessation as Employer/Page_Form 3 EIS - Cessation as Employer (Query)/Letter of inquiry' is clicked on

2018-12-17 16:11:27 - [MESSAGE][PASSED] - Object: 'Object Repository/Final Object Repo/Page_Form 3 EIS - Cessation as Employer/Page_Form 3 EIS - Cessation as Employer (Query)/Letter of inquiry' is clicked on

2018-12-17 16:11:27 - [TEST_STEP][PASSED] - delay: Delayed 1 second(s)

2018-12-17 16:11:28 - [MESSAGE][PASSED] - Delayed 1 second(s)

2018-12-17 16:11:28 - [TEST_STEP][PASSED] - navigateToUrl: Navigate to 'https://assist2-uat.perkeso.gov.my/c/portal/logout' successfully

2018-12-17 16:11:28 - [MESSAGE][PASSED] - Navigate to 'https://assist2-uat.perkeso.gov.my/c/portal/logout' successfully

2018-12-17 16:11:28 - [TEST_STEP][PASSED] - delay: Delayed 1 second(s)

2018-12-17 16:11:29 - [MESSAGE][PASSED] - Delayed 1 second(s)

2018-12-17 16:11:29 - [TEST_STEP][PASSED] - callTestCase: Call Test Case 'Test Cases/Final Aug 2018 - PKS Automation/Registration Module/Workflow/Login and Search Case For Workflow' successfully

2018-12-17 16:11:29 - [TEST_CASE][PASSED] - Test Cases/Final Aug 2018 - PKS Automation/Registration Module/Workflow/Login and Search Case For Workflow: Test Cases/Final Aug 2018 - PKS Automation/Registration Module/Workflow/Login and Search Case For Workflow

2018-12-17 16:11:29 - [TEST_STEP][PASSED] - navigateToUrl: Navigate to 'https://assist2-uat.perkeso.gov.my/login' successfully

2018-12-17 16:11:30 - [MESSAGE][PASSED] - Navigate to 'https://assist2-uat.perkeso.gov.my/login' successfully

2018-12-17 16:11:30 - [TEST_STEP][PASSED] - setText: Text 'johoruo1@gmail.com' is set on object 'Object Repository/Final Object Repo/Login Page/Internal User/Email Address'

2018-12-17 16:11:30 - [MESSAGE][PASSED] - Text 'johoruo1@gmail.com' is set on object 'Object Repository/Final Object Repo/Login Page/Internal User/Email Address'

2018-12-17 16:11:30 - [TEST_STEP][PASSED] - click: Object: 'Object Repository/Final Object Repo/Login Page/Internal User/Next Button' is clicked on

2018-12-17 16:11:30 - [MESSAGE][PASSED] - Object: 'Object Repository/Final Object Repo/Login Page/Internal User/Next Button' is clicked on

2018-12-17 16:11:30 - [TEST_STEP][PASSED] - delay: Delayed 1 second(s)

2018-12-17 16:11:31 - [MESSAGE][PASSED] - Delayed 1 second(s)

2018-12-17 16:11:31 - [TEST_STEP][PASSED] - setEncryptedText: Text ****** has been set on object 'Object Repository/Final Object Repo/Login Page/Internal User/Password'

2018-12-17 16:11:32 - [MESSAGE][PASSED] - Text ****** has been set on object 'Object Repository/Final Object Repo/Login Page/Internal User/Password'

2018-12-17 16:11:32 - [TEST_STEP][PASSED] - click: Object: 'Object Repository/Final Object Repo/Login Page/Internal User/Login Button' is clicked on

2018-12-17 16:11:32 - [MESSAGE][PASSED] - Object: 'Object Repository/Final Object Repo/Login Page/Internal User/Login Button' is clicked on

2018-12-17 16:11:32 - [TEST_STEP][PASSED] - delay: Delayed 2 second(s)

2018-12-17 16:11:34 - [MESSAGE][PASSED] - Delayed 2 second(s)

2018-12-17 16:11:34 - [TEST_STEP][PASSED] - Statement - Try: Delayed 2 second(s)

2018-12-17 16:11:34 - [TEST_STEP][PASSED] - Statement - Checker = false: null

2018-12-17 16:11:34 - [TEST_STEP][PASSED] - Statement - Checker = com.kms.katalon.core.webui.keyword.WebUiBuiltInKeywords.verifyElementHasAttribute(com.kms.katalon.core.testobject.ObjectRepository.findTestObject(Final Object Repo/Landing Page/BM Detecting), "href", 20, OPTIONAL): Object 'Object Repository/Final Object Repo/Landing Page/BM Detecting' has attribute 'href'

2018-12-17 16:11:34 - [MESSAGE][PASSED] - Object 'Object Repository/Final Object Repo/Landing Page/BM Detecting' has attribute 'href'

2018-12-17 16:11:34 - [TEST_STEP][PASSED] - Statement - out.println(Checker): null

2018-12-17 16:11:34 - [TEST_STEP][PASSED] - Statement - If (Checker == false): null

2018-12-17 16:11:34 - [TEST_STEP][PASSED] - Statement - Else: null

2018-12-17 16:11:34 - [TEST_STEP][PASSED] - delay: Delayed 2 second(s)

2018-12-17 16:11:36 - [MESSAGE][PASSED] - Delayed 2 second(s)

2018-12-17 16:11:36 - [TEST_STEP][PASSED] - click: Object: 'Object Repository/Final Object Repo/Page_MyASSIST - ASSIST - Search Pending Case For Add Supporting Document/Search Information' is clicked on

2018-12-17 16:11:36 - [MESSAGE][PASSED] - Object: 'Object Repository/Final Object Repo/Page_MyASSIST - ASSIST - Search Pending Case For Add Supporting Document/Search Information' is clicked on

2018-12-17 16:11:36 - [TEST_STEP][PASSED] - delay: Delayed 3 second(s)

2018-12-17 16:11:39 - [MESSAGE][PASSED] - Delayed 3 second(s)

2018-12-17 16:11:39 - [TEST_STEP][PASSED] - sendKeys: Keys 'ERN122018C200002477' sent to object: 'Object Repository/Final Object Repo/Page_MyASSIST - ASSIST - Search Pending Case For Add Supporting Document/Reference No'

2018-12-17 16:11:39 - [MESSAGE][PASSED] - Keys 'ERN122018C200002477' sent to object: 'Object Repository/Final Object Repo/Page_MyASSIST - ASSIST - Search Pending Case For Add Supporting Document/Reference No'

2018-12-17 16:11:39 - [TEST_STEP][PASSED] - click: Object: 'Object Repository/Final Object Repo/Page_MyASSIST - ASSIST - Search Pending Case For Add Supporting Document/Search Reference No' is clicked on

2018-12-17 16:11:40 - [MESSAGE][PASSED] - Object: 'Object Repository/Final Object Repo/Page_MyASSIST - ASSIST - Search Pending Case For Add Supporting Document/Search Reference No' is clicked on

2018-12-17 16:11:40 - [TEST_STEP][PASSED] - delay: Delayed 2 second(s)

2018-12-17 16:11:42 - [MESSAGE][PASSED] - Delayed 2 second(s)

2018-12-17 16:11:42 - [TEST_STEP][PASSED] - click: Object: 'Object Repository/Final Object Repo/Page_MyASSIST - ASSIST - Search Pending Case For Add Supporting Document/Continue' is clicked on

2018-12-17 16:11:45 - [MESSAGE][PASSED] - Object: 'Object Repository/Final Object Repo/Page_MyASSIST - ASSIST - Search Pending Case For Add Supporting Document/Continue' is clicked on

2018-12-17 16:11:45 - [TEST_STEP][PASSED] - delay: Delayed 20 second(s)

2018-12-17 16:12:05 - [MESSAGE][PASSED] - Delayed 20 second(s)

2018-12-17 16:12:05 - [MESSAGE][PASSED] - Call Test Case 'Test Cases/Final Aug 2018 - PKS Automation/Registration Module/Workflow/Login and Search Case For Workflow' successfully

2018-12-17 16:12:05 - [TEST_STEP][PASSED] - navigateToUrl: Navigate to 'https://assist2-uat.perkeso.gov.my/web/registration/eis-update/form-3-eis-cessation-as-employer?p_p_id=searchforemployersip_WAR_registrationportlet&p_p_lifecycle=0&_searchforemployersip_WAR_registrationportlet_regViewKey=87&_searchforemployersip_WAR_registrationportlet_browserIdKey=1536115932192&_searchforemployersip_WAR_registrationportlet_tempEmployerIdKey=128990&_searchforemployersip_WAR_registrationportlet_employerIdKey=&_searchforemployersip_WAR_registrationportlet_refCaseNo=ERN092018C200002133&_searchforemployersip_WAR_registrationportlet_mvcPath=%2Fapps%2Freg%2Fdiscontinue_business_sip%2Fdiscontinue_business_sip_form.jsp&_searchforemployersip_WAR_registrationportlet_regSectionKey=215' successfully

2018-12-17 16:12:09 - [MESSAGE][PASSED] - Navigate to 'https://assist2-uat.perkeso.gov.my/web/registration/eis-update/form-3-eis-cessation-as-employer?p_p_id=searchforemployersip_WAR_registrationportlet&p_p_lifecycle=0&_searchforemployersip_WAR_registrationportlet_regViewKey=87&_searchforemployersip_WAR_registrationportlet_browserIdKey=1536115932192&_searchforemployersip_WAR_registrationportlet_tempEmployerIdKey=128990&_searchforemployersip_WAR_registrationportlet_employerIdKey=&_searchforemployersip_WAR_registrationportlet_refCaseNo=ERN092018C200002133&_searchforemployersip_WAR_registrationportlet_mvcPath=%2Fapps%2Freg%2Fdiscontinue_business_sip%2Fdiscontinue_business_sip_form.jsp&_searchforemployersip_WAR_registrationportlet_regSectionKey=215' successfully

2018-12-17 16:12:09 - [TEST_STEP][PASSED] - delay: Delayed 10 second(s)

2018-12-17 16:12:19 - [MESSAGE][PASSED] - Delayed 10 second(s)

2018-12-17 16:12:19 - [TEST_STEP][FAILED] - click: Unable to click on object 'Object Repository/Final Object Repo/Page_Form 3 EIS - Cessation as Employer/Page_Form 3 EIS - Cessation as Employer (Query - OTC - UO)/Next' (Root cause: com.kms.katalon.core.webui.exception.WebElementNotFoundException: Web element with id: 'Object Repository/Final Object Repo/Page_Form 3 EIS - Cessation as Employer/Page_Form 3 EIS - Cessation as Employer (Query - OTC - UO)/Next' located by 'By.xpath: //a[(contains(text(), 'NEXT') or contains(., 'NEXT'))]' not found)

2018-12-17 16:12:52 - [MESSAGE][FAILED] - Unable to click on object 'Object Repository/Final Object Repo/Page_Form 3 EIS - Cessation as Employer/Page_Form 3 EIS - Cessation as Employer (Query - OTC - UO)/Next' (Root cause: com.kms.katalon.core.webui.exception.WebElementNotFoundException: Web element with id: 'Object Repository/Final Object Repo/Page_Form 3 EIS - Cessation as Employer/Page_Form 3 EIS - Cessation as Employer (Query - OTC - UO)/Next' located by 'By.xpath: //a[(contains(text(), 'NEXT') or contains(., 'NEXT'))]' not found)
[[ATTACHMENT|C:\\Users\\Admin\\Desktop\\PKS\\Perkeso Phase A\\Reports\\Workflow\\Form 3 EIS - Cessation as Employer\\20181217_153443\\1545034372087.png]]

2018-12-17 16:12:52 - [TEST_STEP][PASSED] - delay: Delayed 2 second(s)

2018-12-17 16:12:54 - [MESSAGE][PASSED] - Delayed 2 second(s)

2018-12-17 16:12:54 - [TEST_STEP][FAILED] - click: Unable to click on object 'Object Repository/Final Object Repo/Page_Form 3 EIS - Cessation as Employer/Page_Form 3 EIS - Cessation as Employer (Query - OTC - UO)/Next in Resigned Page' (Root cause: com.kms.katalon.core.webui.exception.WebElementNotFoundException: Web element with id: 'Object Repository/Final Object Repo/Page_Form 3 EIS - Cessation as Employer/Page_Form 3 EIS - Cessation as Employer (Query - OTC - UO)/Next in Resigned Page' located by 'By.xpath: //a[(text() = ' NEXT
					' or . = ' NEXT
					')]' not found)

2018-12-17 16:13:27 - [MESSAGE][FAILED] - Unable to click on object 'Object Repository/Final Object Repo/Page_Form 3 EIS - Cessation as Employer/Page_Form 3 EIS - Cessation as Employer (Query - OTC - UO)/Next in Resigned Page' (Root cause: com.kms.katalon.core.webui.exception.WebElementNotFoundException: Web element with id: 'Object Repository/Final Object Repo/Page_Form 3 EIS - Cessation as Employer/Page_Form 3 EIS - Cessation as Employer (Query - OTC - UO)/Next in Resigned Page' located by 'By.xpath: //a[(text() = ' NEXT
					' or . = ' NEXT
					')]' not found)
[[ATTACHMENT|C:\\Users\\Admin\\Desktop\\PKS\\Perkeso Phase A\\Reports\\Workflow\\Form 3 EIS - Cessation as Employer\\20181217_153443\\1545034406799.png]]

2018-12-17 16:13:27 - [TEST_STEP][PASSED] - delay: Delayed 2 second(s)

2018-12-17 16:13:29 - [MESSAGE][PASSED] - Delayed 2 second(s)

2018-12-17 16:13:29 - [TEST_STEP][FAILED] - click: Unable to click on object 'Object Repository/Final Object Repo/Page_Form 3 EIS - Cessation as Employer/Page_Form 3 EIS - Cessation as Employer (Query - OTC - UO)/Add Document' (Root cause: com.kms.katalon.core.webui.exception.WebElementNotFoundException: Web element with id: 'Object Repository/Final Object Repo/Page_Form 3 EIS - Cessation as Employer/Page_Form 3 EIS - Cessation as Employer (Query - OTC - UO)/Add Document' located by 'By.xpath: //a[(text() = '
					ADD DOCUMENT
	             ' or . = '
					ADD DOCUMENT
	             ')]' not found)

2018-12-17 16:14:02 - [MESSAGE][FAILED] - Unable to click on object 'Object Repository/Final Object Repo/Page_Form 3 EIS - Cessation as Employer/Page_Form 3 EIS - Cessation as Employer (Query - OTC - UO)/Add Document' (Root cause: com.kms.katalon.core.webui.exception.WebElementNotFoundException: Web element with id: 'Object Repository/Final Object Repo/Page_Form 3 EIS - Cessation as Employer/Page_Form 3 EIS - Cessation as Employer (Query - OTC - UO)/Add Document' located by 'By.xpath: //a[(text() = '
					ADD DOCUMENT
	             ' or . = '
					ADD DOCUMENT
	             ')]' not found)
[[ATTACHMENT|C:\\Users\\Admin\\Desktop\\PKS\\Perkeso Phase A\\Reports\\Workflow\\Form 3 EIS - Cessation as Employer\\20181217_153443\\1545034441889.png]]

2018-12-17 16:14:02 - [TEST_STEP][PASSED] - delay: Delayed 2 second(s)

2018-12-17 16:14:04 - [MESSAGE][PASSED] - Delayed 2 second(s)

2018-12-17 16:14:04 - [TEST_STEP][FAILED] - click: Unable to click on object 'Object Repository/Final Object Repo/Page_Form 3 EIS - Cessation as Employer/Page_Form 3 EIS - Cessation as Employer (Query - OTC - UO)/Document Type' (Root cause: com.kms.katalon.core.webui.exception.WebElementNotFoundException: Web element with id: 'Object Repository/Final Object Repo/Page_Form 3 EIS - Cessation as Employer/Page_Form 3 EIS - Cessation as Employer (Query - OTC - UO)/Document Type' located by 'By.xpath: //span[@aria-labelledby = 'select2-_searchforemployersip_WAR_registrationportlet_objdocTypeId-container']' not found)

2018-12-17 16:14:40 - [MESSAGE][FAILED] - Unable to click on object 'Object Repository/Final Object Repo/Page_Form 3 EIS - Cessation as Employer/Page_Form 3 EIS - Cessation as Employer (Query - OTC - UO)/Document Type' (Root cause: com.kms.katalon.core.webui.exception.WebElementNotFoundException: Web element with id: 'Object Repository/Final Object Repo/Page_Form 3 EIS - Cessation as Employer/Page_Form 3 EIS - Cessation as Employer (Query - OTC - UO)/Document Type' located by 'By.xpath: //span[@aria-labelledby = 'select2-_searchforemployersip_WAR_registrationportlet_objdocTypeId-container']' not found)
[[ATTACHMENT|C:\\Users\\Admin\\Desktop\\PKS\\Perkeso Phase A\\Reports\\Workflow\\Form 3 EIS - Cessation as Employer\\20181217_153443\\1545034480639.png]]

2018-12-17 16:14:40 - [TEST_STEP][PASSED] - delay: Delayed 2 second(s)

2018-12-17 16:14:42 - [MESSAGE][PASSED] - Delayed 2 second(s)

2018-12-17 16:14:42 - [TEST_STEP][FAILED] - click: Unable to click on object 'Object Repository/Final Object Repo/Page_Form 3 EIS - Cessation as Employer/Page_Form 3 EIS - Cessation as Employer (Query - OTC - UO)/Document Type - Others' (Root cause: com.kms.katalon.core.webui.exception.WebElementNotFoundException: Web element with id: 'Object Repository/Final Object Repo/Page_Form 3 EIS - Cessation as Employer/Page_Form 3 EIS - Cessation as Employer (Query - OTC - UO)/Document Type - Others' located by 'By.xpath: //span[(text() = '


	Others
' or . = '


	Others
')]' not found)

2018-12-17 16:15:14 - [MESSAGE][FAILED] - Unable to click on object 'Object Repository/Final Object Repo/Page_Form 3 EIS - Cessation as Employer/Page_Form 3 EIS - Cessation as Employer (Query - OTC - UO)/Document Type - Others' (Root cause: com.kms.katalon.core.webui.exception.WebElementNotFoundException: Web element with id: 'Object Repository/Final Object Repo/Page_Form 3 EIS - Cessation as Employer/Page_Form 3 EIS - Cessation as Employer (Query - OTC - UO)/Document Type - Others' located by 'By.xpath: //span[(text() = '


	Others
' or . = '


	Others
')]' not found)
[[ATTACHMENT|C:\\Users\\Admin\\Desktop\\PKS\\Perkeso Phase A\\Reports\\Workflow\\Form 3 EIS - Cessation as Employer\\20181217_153443\\1545034514520.png]]

2018-12-17 16:15:14 - [TEST_STEP][PASSED] - delay: Delayed 2 second(s)

2018-12-17 16:15:16 - [MESSAGE][PASSED] - Delayed 2 second(s)

2018-12-17 16:15:16 - [TEST_STEP][FAILED] - sendKeys: Unable to send keys 'C:\Users\Public\Pictures\Sample Pictures\Koala.jpg' to object 'Object Repository/Final Object Repo/Page_Form 3 EIS - Cessation as Employer/Page_Form 3 EIS - Cessation as Employer (Query - OTC - UO)/ploading File' (Root cause: com.kms.katalon.core.webui.exception.WebElementNotFoundException: Web element with id: 'Object Repository/Final Object Repo/Page_Form 3 EIS - Cessation as Employer/Page_Form 3 EIS - Cessation as Employer (Query - OTC - UO)/ploading File' located by 'By.xpath: //input[@type = 'file' and @id = '_searchforemployersip_WAR_registrationportlet_uploadFile']' not found)

2018-12-17 16:15:49 - [MESSAGE][FAILED] - Unable to send keys 'C:\Users\Public\Pictures\Sample Pictures\Koala.jpg' to object 'Object Repository/Final Object Repo/Page_Form 3 EIS - Cessation as Employer/Page_Form 3 EIS - Cessation as Employer (Query - OTC - UO)/ploading File' (Root cause: com.kms.katalon.core.webui.exception.WebElementNotFoundException: Web element with id: 'Object Repository/Final Object Repo/Page_Form 3 EIS - Cessation as Employer/Page_Form 3 EIS - Cessation as Employer (Query - OTC - UO)/ploading File' located by 'By.xpath: //input[@type = 'file' and @id = '_searchforemployersip_WAR_registrationportlet_uploadFile']' not found)
[[ATTACHMENT|C:\\Users\\Admin\\Desktop\\PKS\\Perkeso Phase A\\Reports\\Workflow\\Form 3 EIS - Cessation as Employer\\20181217_153443\\1545034549529.png]]

2018-12-17 16:15:49 - [TEST_STEP][PASSED] - delay: Delayed 2 second(s)

2018-12-17 16:15:51 - [MESSAGE][PASSED] - Delayed 2 second(s)

2018-12-17 16:15:51 - [TEST_STEP][FAILED] - click: Unable to click on object 'Object Repository/Final Object Repo/Page_Form 3 EIS - Cessation as Employer/Page_Form 3 EIS - Cessation as Employer (Query - OTC - UO)/Add Document in Uploading Page' (Root cause: com.kms.katalon.core.webui.exception.WebElementNotFoundException: Web element with id: 'Object Repository/Final Object Repo/Page_Form 3 EIS - Cessation as Employer/Page_Form 3 EIS - Cessation as Employer (Query - OTC - UO)/Add Document in Uploading Page' located by 'By.xpath: //a[(text() = '
										ADD DOCUMENT
								     ' or . = '
										ADD DOCUMENT
								     ')]' not found)

2018-12-17 16:16:25 - [MESSAGE][FAILED] - Unable to click on object 'Object Repository/Final Object Repo/Page_Form 3 EIS - Cessation as Employer/Page_Form 3 EIS - Cessation as Employer (Query - OTC - UO)/Add Document in Uploading Page' (Root cause: com.kms.katalon.core.webui.exception.WebElementNotFoundException: Web element with id: 'Object Repository/Final Object Repo/Page_Form 3 EIS - Cessation as Employer/Page_Form 3 EIS - Cessation as Employer (Query - OTC - UO)/Add Document in Uploading Page' located by 'By.xpath: //a[(text() = '
										ADD DOCUMENT
								     ' or . = '
										ADD DOCUMENT
								     ')]' not found)
[[ATTACHMENT|C:\\Users\\Admin\\Desktop\\PKS\\Perkeso Phase A\\Reports\\Workflow\\Form 3 EIS - Cessation as Employer\\20181217_153443\\1545034585568.png]]

2018-12-17 16:16:25 - [TEST_STEP][PASSED] - delay: Delayed 2 second(s)

2018-12-17 16:16:27 - [MESSAGE][PASSED] - Delayed 2 second(s)

2018-12-17 16:16:27 - [TEST_STEP][FAILED] - click: Unable to click on object 'Object Repository/Final Object Repo/Page_Form 3 EIS - Cessation as Employer/Page_Form 3 EIS - Cessation as Employer (Query - OTC - UO)/Exit' (Root cause: com.kms.katalon.core.webui.exception.WebElementNotFoundException: Web element with id: 'Object Repository/Final Object Repo/Page_Form 3 EIS - Cessation as Employer/Page_Form 3 EIS - Cessation as Employer (Query - OTC - UO)/Exit' located by 'By.xpath: //a[(text() = '
									EXIT
				                ' or . = '
									EXIT
				                ')]' not found)

2018-12-17 16:17:01 - [MESSAGE][FAILED] - Unable to click on object 'Object Repository/Final Object Repo/Page_Form 3 EIS - Cessation as Employer/Page_Form 3 EIS - Cessation as Employer (Query - OTC - UO)/Exit' (Root cause: com.kms.katalon.core.webui.exception.WebElementNotFoundException: Web element with id: 'Object Repository/Final Object Repo/Page_Form 3 EIS - Cessation as Employer/Page_Form 3 EIS - Cessation as Employer (Query - OTC - UO)/Exit' located by 'By.xpath: //a[(text() = '
									EXIT
				                ' or . = '
									EXIT
				                ')]' not found)
[[ATTACHMENT|C:\\Users\\Admin\\Desktop\\PKS\\Perkeso Phase A\\Reports\\Workflow\\Form 3 EIS - Cessation as Employer\\20181217_153443\\1545034620729.png]]

2018-12-17 16:17:01 - [TEST_STEP][PASSED] - delay: Delayed 1 second(s)

2018-12-17 16:17:02 - [MESSAGE][PASSED] - Delayed 1 second(s)

2018-12-17 16:17:02 - [TEST_STEP][PASSED] - navigateToUrl: Navigate to 'https://assist2-uat.perkeso.gov.my/c/portal/logout' successfully

2018-12-17 16:17:02 - [MESSAGE][PASSED] - Navigate to 'https://assist2-uat.perkeso.gov.my/c/portal/logout' successfully

2018-12-17 16:17:02 - [TEST_STEP][PASSED] - delay: Delayed 1 second(s)

2018-12-17 16:17:03 - [MESSAGE][PASSED] - Delayed 1 second(s)

2018-12-17 16:17:03 - [TEST_STEP][PASSED] - callTestCase: Call Test Case 'Test Cases/Final Aug 2018 - PKS Automation/Registration Module/Workflow/Login and Search Case For Workflow' successfully

2018-12-17 16:17:03 - [TEST_CASE][PASSED] - Test Cases/Final Aug 2018 - PKS Automation/Registration Module/Workflow/Login and Search Case For Workflow: Test Cases/Final Aug 2018 - PKS Automation/Registration Module/Workflow/Login and Search Case For Workflow

2018-12-17 16:17:03 - [TEST_STEP][PASSED] - navigateToUrl: Navigate to 'https://assist2-uat.perkeso.gov.my/login' successfully

2018-12-17 16:17:04 - [MESSAGE][PASSED] - Navigate to 'https://assist2-uat.perkeso.gov.my/login' successfully

2018-12-17 16:17:04 - [TEST_STEP][PASSED] - setText: Text 'johoruo1@gmail.com' is set on object 'Object Repository/Final Object Repo/Login Page/Internal User/Email Address'

2018-12-17 16:17:04 - [MESSAGE][PASSED] - Text 'johoruo1@gmail.com' is set on object 'Object Repository/Final Object Repo/Login Page/Internal User/Email Address'

2018-12-17 16:17:04 - [TEST_STEP][PASSED] - click: Object: 'Object Repository/Final Object Repo/Login Page/Internal User/Next Button' is clicked on

2018-12-17 16:17:04 - [MESSAGE][PASSED] - Object: 'Object Repository/Final Object Repo/Login Page/Internal User/Next Button' is clicked on

2018-12-17 16:17:04 - [TEST_STEP][PASSED] - delay: Delayed 1 second(s)

2018-12-17 16:17:05 - [MESSAGE][PASSED] - Delayed 1 second(s)

2018-12-17 16:17:05 - [TEST_STEP][PASSED] - setEncryptedText: Text ****** has been set on object 'Object Repository/Final Object Repo/Login Page/Internal User/Password'

2018-12-17 16:17:06 - [MESSAGE][PASSED] - Text ****** has been set on object 'Object Repository/Final Object Repo/Login Page/Internal User/Password'

2018-12-17 16:17:06 - [TEST_STEP][PASSED] - click: Object: 'Object Repository/Final Object Repo/Login Page/Internal User/Login Button' is clicked on

2018-12-17 16:17:06 - [MESSAGE][PASSED] - Object: 'Object Repository/Final Object Repo/Login Page/Internal User/Login Button' is clicked on

2018-12-17 16:17:06 - [TEST_STEP][PASSED] - delay: Delayed 2 second(s)

2018-12-17 16:17:08 - [MESSAGE][PASSED] - Delayed 2 second(s)

2018-12-17 16:17:08 - [TEST_STEP][PASSED] - Statement - Try: Delayed 2 second(s)

2018-12-17 16:17:08 - [TEST_STEP][PASSED] - Statement - Checker = false: null

2018-12-17 16:17:08 - [TEST_STEP][PASSED] - Statement - Checker = com.kms.katalon.core.webui.keyword.WebUiBuiltInKeywords.verifyElementHasAttribute(com.kms.katalon.core.testobject.ObjectRepository.findTestObject(Final Object Repo/Landing Page/BM Detecting), "href", 20, OPTIONAL): Object 'Object Repository/Final Object Repo/Landing Page/BM Detecting' has attribute 'href'

2018-12-17 16:17:08 - [MESSAGE][PASSED] - Object 'Object Repository/Final Object Repo/Landing Page/BM Detecting' has attribute 'href'

2018-12-17 16:17:08 - [TEST_STEP][PASSED] - Statement - out.println(Checker): null

2018-12-17 16:17:08 - [TEST_STEP][PASSED] - Statement - If (Checker == false): null

2018-12-17 16:17:08 - [TEST_STEP][PASSED] - Statement - Else: null

2018-12-17 16:17:08 - [TEST_STEP][PASSED] - delay: Delayed 2 second(s)

2018-12-17 16:17:10 - [MESSAGE][PASSED] - Delayed 2 second(s)

2018-12-17 16:17:10 - [TEST_STEP][PASSED] - click: Object: 'Object Repository/Final Object Repo/Page_MyASSIST - ASSIST - Search Pending Case For Add Supporting Document/Search Information' is clicked on

2018-12-17 16:17:10 - [MESSAGE][PASSED] - Object: 'Object Repository/Final Object Repo/Page_MyASSIST - ASSIST - Search Pending Case For Add Supporting Document/Search Information' is clicked on

2018-12-17 16:17:10 - [TEST_STEP][PASSED] - delay: Delayed 3 second(s)

2018-12-17 16:17:13 - [MESSAGE][PASSED] - Delayed 3 second(s)

2018-12-17 16:17:13 - [TEST_STEP][PASSED] - sendKeys: Keys 'ERN122018C200002477' sent to object: 'Object Repository/Final Object Repo/Page_MyASSIST - ASSIST - Search Pending Case For Add Supporting Document/Reference No'

2018-12-17 16:17:13 - [MESSAGE][PASSED] - Keys 'ERN122018C200002477' sent to object: 'Object Repository/Final Object Repo/Page_MyASSIST - ASSIST - Search Pending Case For Add Supporting Document/Reference No'

2018-12-17 16:17:13 - [TEST_STEP][PASSED] - click: Object: 'Object Repository/Final Object Repo/Page_MyASSIST - ASSIST - Search Pending Case For Add Supporting Document/Search Reference No' is clicked on

2018-12-17 16:17:14 - [MESSAGE][PASSED] - Object: 'Object Repository/Final Object Repo/Page_MyASSIST - ASSIST - Search Pending Case For Add Supporting Document/Search Reference No' is clicked on

2018-12-17 16:17:14 - [TEST_STEP][PASSED] - delay: Delayed 2 second(s)

2018-12-17 16:17:16 - [MESSAGE][PASSED] - Delayed 2 second(s)

2018-12-17 16:17:16 - [TEST_STEP][PASSED] - click: Object: 'Object Repository/Final Object Repo/Page_MyASSIST - ASSIST - Search Pending Case For Add Supporting Document/Continue' is clicked on

2018-12-17 16:17:19 - [MESSAGE][PASSED] - Object: 'Object Repository/Final Object Repo/Page_MyASSIST - ASSIST - Search Pending Case For Add Supporting Document/Continue' is clicked on

2018-12-17 16:17:19 - [TEST_STEP][PASSED] - delay: Delayed 20 second(s)

2018-12-17 16:17:39 - [MESSAGE][PASSED] - Delayed 20 second(s)

2018-12-17 16:17:39 - [MESSAGE][PASSED] - Call Test Case 'Test Cases/Final Aug 2018 - PKS Automation/Registration Module/Workflow/Login and Search Case For Workflow' successfully

2018-12-17 16:17:39 - [TEST_STEP][PASSED] - click: Object: 'Object Repository/Final Object Repo/Page_Form 3 EIS - Cessation as Employer/Page_Form 3 EIS - Cessation as Employer (Approve)/Save  Continue in Form 3 Page' is clicked on

2018-12-17 16:17:39 - [MESSAGE][PASSED] - Object: 'Object Repository/Final Object Repo/Page_Form 3 EIS - Cessation as Employer/Page_Form 3 EIS - Cessation as Employer (Approve)/Save  Continue in Form 3 Page' is clicked on

2018-12-17 16:17:39 - [TEST_STEP][PASSED] - delay: Delayed 2 second(s)

2018-12-17 16:17:41 - [MESSAGE][PASSED] - Delayed 2 second(s)

2018-12-17 16:17:41 - [TEST_STEP][PASSED] - click: Object: 'Object Repository/Final Object Repo/Page_Form 3 EIS - Cessation as Employer/Page_Form 3 EIS - Cessation as Employer (Approve)/Save  Continue in Resigned Page' is clicked on

2018-12-17 16:17:41 - [MESSAGE][PASSED] - Object: 'Object Repository/Final Object Repo/Page_Form 3 EIS - Cessation as Employer/Page_Form 3 EIS - Cessation as Employer (Approve)/Save  Continue in Resigned Page' is clicked on

2018-12-17 16:17:41 - [TEST_STEP][PASSED] - delay: Delayed 2 second(s)

2018-12-17 16:17:43 - [MESSAGE][PASSED] - Delayed 2 second(s)

2018-12-17 16:17:43 - [TEST_STEP][PASSED] - click: Object: 'Object Repository/Final Object Repo/Page_Form 3 EIS - Cessation as Employer/Page_Form 3 EIS - Cessation as Employer (Approve)/Save  Continue in Uploading Page' is clicked on

2018-12-17 16:17:44 - [MESSAGE][PASSED] - Object: 'Object Repository/Final Object Repo/Page_Form 3 EIS - Cessation as Employer/Page_Form 3 EIS - Cessation as Employer (Approve)/Save  Continue in Uploading Page' is clicked on

2018-12-17 16:17:44 - [TEST_STEP][PASSED] - delay: Delayed 2 second(s)

2018-12-17 16:17:46 - [MESSAGE][PASSED] - Delayed 2 second(s)

2018-12-17 16:17:46 - [TEST_STEP][PASSED] - click: Object: 'Object Repository/Final Object Repo/Page_Form 3 EIS - Cessation as Employer/Page_Form 3 EIS - Cessation as Employer (Reject)/Reject' is clicked on

2018-12-17 16:17:49 - [MESSAGE][PASSED] - Object: 'Object Repository/Final Object Repo/Page_Form 3 EIS - Cessation as Employer/Page_Form 3 EIS - Cessation as Employer (Reject)/Reject' is clicked on

2018-12-17 16:17:49 - [TEST_STEP][PASSED] - delay: Delayed 2 second(s)

2018-12-17 16:17:51 - [MESSAGE][PASSED] - Delayed 2 second(s)

2018-12-17 16:17:51 - [TEST_STEP][PASSED] - click: Object: 'Object Repository/Final Object Repo/Page_Form 3 EIS - Cessation as Employer/Page_Form 3 EIS - Cessation as Employer (Reject)/Confirm' is clicked on

2018-12-17 16:17:51 - [MESSAGE][PASSED] - Object: 'Object Repository/Final Object Repo/Page_Form 3 EIS - Cessation as Employer/Page_Form 3 EIS - Cessation as Employer (Reject)/Confirm' is clicked on

2018-12-17 16:17:51 - [TEST_STEP][PASSED] - delay: Delayed 2 second(s)

2018-12-17 16:17:53 - [MESSAGE][PASSED] - Delayed 2 second(s)

2018-12-17 16:17:53 - [TEST_STEP][PASSED] - click: Object: 'Object Repository/Final Object Repo/Page_Form 3 EIS - Cessation as Employer/Page_Form 3 EIS - Cessation as Employer (Reject)/Message This Case has been Rejected' is clicked on

2018-12-17 16:17:57 - [MESSAGE][PASSED] - Object: 'Object Repository/Final Object Repo/Page_Form 3 EIS - Cessation as Employer/Page_Form 3 EIS - Cessation as Employer (Reject)/Message This Case has been Rejected' is clicked on

2018-12-17 16:17:57 - [TEST_STEP][PASSED] - click: Object: 'Object Repository/Final Object Repo/Page_Form 3 EIS - Cessation as Employer/Page_Form 3 EIS - Cessation as Employer (Reject)/Letter of update rejection' is clicked on

2018-12-17 16:17:58 - [MESSAGE][PASSED] - Object: 'Object Repository/Final Object Repo/Page_Form 3 EIS - Cessation as Employer/Page_Form 3 EIS - Cessation as Employer (Reject)/Letter of update rejection' is clicked on

2018-12-17 16:17:58 - [MESSAGE][FAILED] - Unable to call Test Case with id 'Test Cases/Final Aug 2018 - PKS Automation/Registration Module/Workflow/Form 3 EIS - Cessation As Employer/Template/Form 3 A - Cessation As Employer (Query)' (Root cause: Call Test Case 'Test Cases/Final Aug 2018 - PKS Automation/Registration Module/Workflow/Form 3 EIS - Cessation As Employer/Template/Form 3 A - Cessation As Employer (Query)' failed)]]></system-out>
         <system-err><![CDATA[2018-12-17 16:08:28 - [TEST_CASE][FAILED] - Test Cases/Final Aug 2018 - PKS Automation/Registration Module/Workflow/Form 3 EIS - Cessation As Employer/OTC to UO (Query): Test Cases/Final Aug 2018 - PKS Automation/Registration Module/Workflow/Form 3 EIS - Cessation As Employer/OTC to UO (Query) FAILED because (of) (Stack trace: com.kms.katalon.core.exception.StepFailedException: Unable to click on object 'Object Repository/Final Object Repo/Page_Form 3 EIS - Cessation as Employer/Page_Form 3 EIS - Cessation as Employer (Query - OTC - UO)/Next' (Root cause: com.kms.katalon.core.webui.exception.WebElementNotFoundException: Web element with id: 'Object Repository/Final Object Repo/Page_Form 3 EIS - Cessation as Employer/Page_Form 3 EIS - Cessation as Employer (Query - OTC - UO)/Next' located by 'By.xpath: //a[(contains(text(), 'NEXT') or contains(., 'NEXT'))]' not found)
	at com.kms.katalon.core.keyword.internal.KeywordMain.stepFailed(KeywordMain.groovy:32)
	at com.kms.katalon.core.webui.keyword.internal.WebUIKeywordMain.stepFailed(WebUIKeywordMain.groovy:65)
	at com.kms.katalon.core.webui.keyword.internal.WebUIKeywordMain.runKeyword(WebUIKeywordMain.groovy:27)
	at com.kms.katalon.core.webui.keyword.builtin.ClickKeyword.click(ClickKeyword.groovy:86)
	at com.kms.katalon.core.webui.keyword.builtin.ClickKeyword.execute(ClickKeyword.groovy:67)
	at com.kms.katalon.core.keyword.internal.KeywordExecutor.executeKeywordForPlatform(KeywordExecutor.groovy:53)
	at com.kms.katalon.core.webui.keyword.WebUiBuiltInKeywords.click(WebUiBuiltInKeywords.groovy:616)
	at com.kms.katalon.core.webui.keyword.WebUiBuiltInKeywords$click$2.call(Unknown Source)
	at Script1536114876563.run(Script1536114876563.groovy:87)
	at com.kms.katalon.core.main.ScriptEngine.run(ScriptEngine.java:183)
	at com.kms.katalon.core.main.ScriptEngine.runScriptAsRawText(ScriptEngine.java:108)
	at com.kms.katalon.core.main.TestCaseExecutor.runScript(TestCaseExecutor.java:294)
	at com.kms.katalon.core.main.TestCaseExecutor.doExecute(TestCaseExecutor.java:285)
	at com.kms.katalon.core.main.TestCaseExecutor.processExecutionPhase(TestCaseExecutor.java:264)
	at com.kms.katalon.core.main.TestCaseExecutor.accessMainPhase(TestCaseExecutor.java:256)
	at com.kms.katalon.core.main.TestCaseExecutor.execute(TestCaseExecutor.java:200)
	at com.kms.katalon.core.main.TestCaseMain.runTestCase(TestCaseMain.java:99)
	at com.kms.katalon.core.keyword.builtin.CallTestCaseKeyword$_callTestCase_closure1.doCall(CallTestCaseKeyword.groovy:60)
	at com.kms.katalon.core.keyword.builtin.CallTestCaseKeyword$_callTestCase_closure1.call(CallTestCaseKeyword.groovy)
	at com.kms.katalon.core.keyword.internal.KeywordMain.runKeyword(KeywordMain.groovy:54)
	at com.kms.katalon.core.keyword.builtin.CallTestCaseKeyword.callTestCase(CallTestCaseKeyword.groovy:81)
	at com.kms.katalon.core.keyword.builtin.CallTestCaseKeyword.execute(CallTestCaseKeyword.groovy:45)
	at com.kms.katalon.core.keyword.internal.KeywordExecutor.executeKeywordForPlatform(KeywordExecutor.groovy:53)
	at com.kms.katalon.core.keyword.BuiltinKeywords.callTestCase(BuiltinKeywords.groovy:334)
	at sun.reflect.GeneratedMethodAccessor13.invoke(Unknown Source)
	at sun.reflect.DelegatingMethodAccessorImpl.invoke(DelegatingMethodAccessorImpl.java:43)
	at java.lang.reflect.Method.invoke(Method.java:498)
	at org.codehaus.groovy.reflection.CachedMethod.invoke(CachedMethod.java:93)
	at groovy.lang.MetaMethod.doMethodInvoke(MetaMethod.java:325)
	at groovy.lang.MetaClassImpl.invokeStaticMethod(MetaClassImpl.java:1469)
	at org.codehaus.groovy.runtime.callsite.StaticMetaClassSite.call(StaticMetaClassSite.java:53)
	at org.codehaus.groovy.runtime.callsite.CallSiteArray.defaultCall(CallSiteArray.java:48)
	at org.codehaus.groovy.runtime.callsite.AbstractCallSite.call(AbstractCallSite.java:113)
	at org.codehaus.groovy.runtime.callsite.AbstractCallSite.call(AbstractCallSite.java:141)
	at Script1536204253481.run(Script1536204253481.groovy:25)
	at com.kms.katalon.core.main.ScriptEngine.run(ScriptEngine.java:183)
	at com.kms.katalon.core.main.ScriptEngine.runScriptAsRawText(ScriptEngine.java:108)
	at com.kms.katalon.core.main.TestCaseExecutor.runScript(TestCaseExecutor.java:294)
	at com.kms.katalon.core.main.TestCaseExecutor.doExecute(TestCaseExecutor.java:285)
	at com.kms.katalon.core.main.TestCaseExecutor.processExecutionPhase(TestCaseExecutor.java:264)
	at com.kms.katalon.core.main.TestCaseExecutor.accessMainPhase(TestCaseExecutor.java:256)
	at com.kms.katalon.core.main.TestCaseExecutor.execute(TestCaseExecutor.java:200)
	at com.kms.katalon.core.main.TestSuiteExecutor.accessTestCaseMainPhase(TestSuiteExecutor.java:129)
	at com.kms.katalon.core.main.TestSuiteExecutor.accessTestSuiteMainPhase(TestSuiteExecutor.java:112)
	at com.kms.katalon.core.main.TestSuiteExecutor.execute(TestSuiteExecutor.java:81)
	at com.kms.katalon.core.main.TestCaseMain.startTestSuite(TestCaseMain.java:142)
	at com.kms.katalon.core.main.TestCaseMain$startTestSuite$0.call(Unknown Source)
	at org.codehaus.groovy.runtime.callsite.CallSiteArray.defaultCall(CallSiteArray.java:48)
	at org.codehaus.groovy.runtime.callsite.AbstractCallSite.call(AbstractCallSite.java:113)
	at org.codehaus.groovy.runtime.callsite.AbstractCallSite.call(AbstractCallSite.java:141)
	at TempTestSuite1545032083774.run(TempTestSuite1545032083774.groovy:36)
	at groovy.lang.GroovyShell.runScriptOrMainOrTestOrRunnable(GroovyShell.java:263)
	at groovy.lang.GroovyShell.run(GroovyShell.java:518)
	at groovy.lang.GroovyShell.run(GroovyShell.java:507)
	at groovy.ui.GroovyMain.processOnce(GroovyMain.java:653)
	at groovy.ui.GroovyMain.run(GroovyMain.java:384)
	at groovy.ui.GroovyMain.process(GroovyMain.java:370)
	at groovy.ui.GroovyMain.processArgs(GroovyMain.java:129)
	at groovy.ui.GroovyMain.main(GroovyMain.java:109)
	at sun.reflect.NativeMethodAccessorImpl.invoke0(Native Method)
	at sun.reflect.NativeMethodAccessorImpl.invoke(NativeMethodAccessorImpl.java:62)
	at sun.reflect.DelegatingMethodAccessorImpl.invoke(DelegatingMethodAccessorImpl.java:43)
	at java.lang.reflect.Method.invoke(Method.java:498)
	at org.codehaus.groovy.tools.GroovyStarter.rootLoader(GroovyStarter.java:109)
	at org.codehaus.groovy.tools.GroovyStarter.main(GroovyStarter.java:131)
)]]></system-err>
      </testcase>
      <testcase name="Test Cases/Final Aug 2018 - PKS Automation/Registration Module/Workflow/Form 3 EIS - Cessation As Employer/OTC to UO (Reject)" classname="Test Cases/Final Aug 2018 - PKS Automation/Registration Module/Workflow/Form 3 EIS - Cessation As Employer/OTC to UO (Reject)" status="PASSED">
         <system-out><![CDATA[2018-12-17 16:17:58 - [TEST_CASE][PASSED] - Test Cases/Final Aug 2018 - PKS Automation/Registration Module/Workflow/Form 3 EIS - Cessation As Employer/OTC to UO (Reject): Test Cases/Final Aug 2018 - PKS Automation/Registration Module/Workflow/Form 3 EIS - Cessation As Employer/OTC to UO (Reject)

2018-12-17 16:17:59 - [TEST_STEP][PASSED] - callTestCase: Call Test Case 'Test Cases/Final Aug 2018 - PKS Automation/Registration Module/Workflow/Form 3 EIS - Cessation As Employer/Template/Form 3 A - Cessation As Employer (OTC)' successfully

2018-12-17 16:17:59 - [TEST_CASE][PASSED] - Test Cases/Final Aug 2018 - PKS Automation/Registration Module/Workflow/Form 3 EIS - Cessation As Employer/Template/Form 3 A - Cessation As Employer (OTC): Test Cases/Final Aug 2018 - PKS Automation/Registration Module/Workflow/Form 3 EIS - Cessation As Employer/Template/Form 3 A - Cessation As Employer (OTC)

2018-12-17 16:17:59 - [TEST_STEP][PASSED] - openBrowser: Browser is opened with url: ''

2018-12-17 16:17:59 - [MESSAGE][WARNING] - A browser is already opened. Closing browser and opening a new one

2018-12-17 16:18:02 - [MESSAGE][PASSED] - Browser is opened with url: ''

2018-12-17 16:18:02 - [TEST_STEP][PASSED] - navigateToUrl: Navigate to 'https://assist2-uat.perkeso.gov.my/login' successfully

2018-12-17 16:18:03 - [MESSAGE][PASSED] - Navigate to 'https://assist2-uat.perkeso.gov.my/login' successfully

2018-12-17 16:18:03 - [TEST_STEP][PASSED] - setText: Text 'johorotc1@gmail.com' is set on object 'Object Repository/Final Object Repo/Login Page/Internal User/Email Address'

2018-12-17 16:18:03 - [MESSAGE][PASSED] - Text 'johorotc1@gmail.com' is set on object 'Object Repository/Final Object Repo/Login Page/Internal User/Email Address'

2018-12-17 16:18:03 - [TEST_STEP][PASSED] - click: Object: 'Object Repository/Final Object Repo/Login Page/Internal User/Next Button' is clicked on

2018-12-17 16:18:03 - [MESSAGE][PASSED] - Object: 'Object Repository/Final Object Repo/Login Page/Internal User/Next Button' is clicked on

2018-12-17 16:18:03 - [TEST_STEP][PASSED] - delay: Delayed 1 second(s)

2018-12-17 16:18:04 - [MESSAGE][PASSED] - Delayed 1 second(s)

2018-12-17 16:18:04 - [TEST_STEP][PASSED] - setEncryptedText: Text ****** has been set on object 'Object Repository/Final Object Repo/Login Page/Internal User/Password'

2018-12-17 16:18:04 - [MESSAGE][PASSED] - Text ****** has been set on object 'Object Repository/Final Object Repo/Login Page/Internal User/Password'

2018-12-17 16:18:04 - [TEST_STEP][PASSED] - click: Object: 'Object Repository/Final Object Repo/Login Page/Internal User/Login Button' is clicked on

2018-12-17 16:18:05 - [MESSAGE][PASSED] - Object: 'Object Repository/Final Object Repo/Login Page/Internal User/Login Button' is clicked on

2018-12-17 16:18:05 - [TEST_STEP][PASSED] - delay: Delayed 1 second(s)

2018-12-17 16:18:06 - [MESSAGE][PASSED] - Delayed 1 second(s)

2018-12-17 16:18:06 - [TEST_STEP][PASSED] - Statement - Try: Delayed 2 second(s)

2018-12-17 16:18:06 - [TEST_STEP][PASSED] - Statement - Checker = false: null

2018-12-17 16:18:06 - [TEST_STEP][PASSED] - Statement - Checker = com.kms.katalon.core.webui.keyword.WebUiBuiltInKeywords.verifyElementHasAttribute(com.kms.katalon.core.testobject.ObjectRepository.findTestObject(Final Object Repo/Landing Page/BM Detecting), "href", 20, OPTIONAL): Object 'Object Repository/Final Object Repo/Landing Page/BM Detecting' has attribute 'href'

2018-12-17 16:18:06 - [MESSAGE][PASSED] - Object 'Object Repository/Final Object Repo/Landing Page/BM Detecting' has attribute 'href'

2018-12-17 16:18:06 - [TEST_STEP][PASSED] - Statement - out.println(Checker): null

2018-12-17 16:18:06 - [TEST_STEP][PASSED] - Statement - If (Checker == false): null

2018-12-17 16:18:06 - [TEST_STEP][PASSED] - Statement - Else: null

2018-12-17 16:18:06 - [TEST_STEP][PASSED] - delay: Delayed 2 second(s)

2018-12-17 16:18:08 - [MESSAGE][PASSED] - Delayed 2 second(s)

2018-12-17 16:18:08 - [TEST_STEP][PASSED] - navigateToUrl: Navigate to 'https://assist2-uat.perkeso.gov.my/web/registration/eis-update/form-3-eis-cessation-as-employer' successfully

2018-12-17 16:18:09 - [MESSAGE][PASSED] - Navigate to 'https://assist2-uat.perkeso.gov.my/web/registration/eis-update/form-3-eis-cessation-as-employer' successfully

2018-12-17 16:18:09 - [TEST_STEP][PASSED] - delay: Delayed 1 second(s)

2018-12-17 16:18:10 - [MESSAGE][PASSED] - Delayed 1 second(s)

2018-12-17 16:18:10 - [TEST_STEP][PASSED] - setText: Text 'E1102069769W' is set on object 'Object Repository/Final Object Repo/Page_Form 3 EIS - Cessation as Employer/Employer Code'

2018-12-17 16:18:11 - [MESSAGE][PASSED] - Text 'E1102069769W' is set on object 'Object Repository/Final Object Repo/Page_Form 3 EIS - Cessation as Employer/Employer Code'

2018-12-17 16:18:11 - [TEST_STEP][PASSED] - click: Object: 'Object Repository/Final Object Repo/Page_Form 3 EIS - Cessation as Employer/Search' is clicked on

2018-12-17 16:18:11 - [MESSAGE][PASSED] - Object: 'Object Repository/Final Object Repo/Page_Form 3 EIS - Cessation as Employer/Search' is clicked on

2018-12-17 16:18:11 - [TEST_STEP][PASSED] - click: Object: 'Object Repository/Final Object Repo/Page_Form 3 EIS - Cessation as Employer/Edit' is clicked on

2018-12-17 16:18:13 - [MESSAGE][PASSED] - Object: 'Object Repository/Final Object Repo/Page_Form 3 EIS - Cessation as Employer/Edit' is clicked on

2018-12-17 16:18:13 - [TEST_STEP][PASSED] - delay: Delayed 1 second(s)

2018-12-17 16:18:14 - [MESSAGE][PASSED] - Delayed 1 second(s)

2018-12-17 16:18:14 - [TEST_STEP][PASSED] - Statement - abc = com.kms.katalon.core.webui.keyword.WebUiBuiltInKeywords.getAttribute(com.kms.katalon.core.testobject.ObjectRepository.findTestObject(Final Object Repo/Page_Form 3 EIS - Cessation as Employer/Employer Status), "value"): Attribute 'value' of object 'Object Repository/Final Object Repo/Page_Form 3 EIS - Cessation as Employer/Employer Status' is: 'Active'

2018-12-17 16:18:14 - [MESSAGE][PASSED] - Attribute 'value' of object 'Object Repository/Final Object Repo/Page_Form 3 EIS - Cessation as Employer/Employer Status' is: 'Active'

2018-12-17 16:18:14 - [TEST_STEP][PASSED] - Statement - out.println(abc): null

2018-12-17 16:18:14 - [TEST_STEP][PASSED] - Statement - If (abc == "Active"): Object: 'Object Repository/Final Object Repo/Page_Form 3 EIS - Cessation as Employer/Dormant EIS' is clicked on

2018-12-17 16:18:14 - [TEST_STEP][PASSED] - click: Object: 'Object Repository/Final Object Repo/Page_Form 3 EIS - Cessation as Employer/Change Employer Status to' is clicked on

2018-12-17 16:18:15 - [MESSAGE][PASSED] - Object: 'Object Repository/Final Object Repo/Page_Form 3 EIS - Cessation as Employer/Change Employer Status to' is clicked on

2018-12-17 16:18:15 - [TEST_STEP][PASSED] - click: Object: 'Object Repository/Final Object Repo/Page_Form 3 EIS - Cessation as Employer/Dormant EIS' is clicked on

2018-12-17 16:18:15 - [MESSAGE][PASSED] - Object: 'Object Repository/Final Object Repo/Page_Form 3 EIS - Cessation as Employer/Dormant EIS' is clicked on

2018-12-17 16:18:15 - [TEST_STEP][PASSED] - click: Object: 'Object Repository/Final Object Repo/Page_Form 3 EIS - Cessation as Employer/Calender' is clicked on

2018-12-17 16:18:15 - [MESSAGE][PASSED] - Object: 'Object Repository/Final Object Repo/Page_Form 3 EIS - Cessation as Employer/Calender' is clicked on

2018-12-17 16:18:15 - [TEST_STEP][PASSED] - delay: Delayed 1 second(s)

2018-12-17 16:18:16 - [MESSAGE][PASSED] - Delayed 1 second(s)

2018-12-17 16:18:16 - [TEST_STEP][PASSED] - click: Object: 'Object Repository/Final Object Repo/Page_Form 3 EIS - Cessation as Employer/Calender - Date' is clicked on

2018-12-17 16:18:16 - [MESSAGE][PASSED] - Object: 'Object Repository/Final Object Repo/Page_Form 3 EIS - Cessation as Employer/Calender - Date' is clicked on

2018-12-17 16:18:16 - [TEST_STEP][PASSED] - click: Object: 'Object Repository/Final Object Repo/Page_Form 3 EIS - Cessation as Employer/Save  Continue in Form 3 EIS Page' is clicked on

2018-12-17 16:18:17 - [MESSAGE][PASSED] - Object: 'Object Repository/Final Object Repo/Page_Form 3 EIS - Cessation as Employer/Save  Continue in Form 3 EIS Page' is clicked on

2018-12-17 16:18:17 - [TEST_STEP][PASSED] - delay: Delayed 1 second(s)

2018-12-17 16:18:18 - [MESSAGE][PASSED] - Delayed 1 second(s)

2018-12-17 16:18:18 - [TEST_STEP][PASSED] - click: Object: 'Object Repository/Final Object Repo/Page_Form 3 EIS - Cessation as Employer/Employment Resign Date' is clicked on

2018-12-17 16:18:18 - [MESSAGE][PASSED] - Object: 'Object Repository/Final Object Repo/Page_Form 3 EIS - Cessation as Employer/Employment Resign Date' is clicked on

2018-12-17 16:18:18 - [TEST_STEP][PASSED] - selectOptionByValue: All options with value '2030' are selected in object 'Object Repository/Final Object Repo/Page_Form 3 EIS - Cessation as Employer/Employment Resign Date - Year' 

2018-12-17 16:18:18 - [MESSAGE][PASSED] - All options with value '2030' are selected in object 'Object Repository/Final Object Repo/Page_Form 3 EIS - Cessation as Employer/Employment Resign Date - Year' 

2018-12-17 16:18:18 - [TEST_STEP][PASSED] - delay: Delayed 2 second(s)

2018-12-17 16:18:20 - [MESSAGE][PASSED] - Delayed 2 second(s)

2018-12-17 16:18:20 - [TEST_STEP][PASSED] - click: Object: 'Object Repository/Final Object Repo/Page_Form 3 EIS - Cessation as Employer/Employment Resign Date - Year - Date' is clicked on

2018-12-17 16:18:21 - [MESSAGE][PASSED] - Object: 'Object Repository/Final Object Repo/Page_Form 3 EIS - Cessation as Employer/Employment Resign Date - Year - Date' is clicked on

2018-12-17 16:18:21 - [TEST_STEP][PASSED] - delay: Delayed 2 second(s)

2018-12-17 16:18:23 - [MESSAGE][PASSED] - Delayed 2 second(s)

2018-12-17 16:18:23 - [TEST_STEP][PASSED] - click: Object: 'Object Repository/Final Object Repo/Page_Form 3 EIS - Cessation as Employer/Save  Continue in Employment Resign Page' is clicked on

2018-12-17 16:18:23 - [MESSAGE][PASSED] - Object: 'Object Repository/Final Object Repo/Page_Form 3 EIS - Cessation as Employer/Save  Continue in Employment Resign Page' is clicked on

2018-12-17 16:18:23 - [TEST_STEP][PASSED] - delay: Delayed 2 second(s)

2018-12-17 16:18:25 - [MESSAGE][PASSED] - Delayed 2 second(s)

2018-12-17 16:18:25 - [TEST_STEP][PASSED] - click: Object: 'Object Repository/Final Object Repo/Page_Form 3 EIS - Cessation as Employer/Set Latest - Yes' is clicked on

2018-12-17 16:18:25 - [MESSAGE][PASSED] - Object: 'Object Repository/Final Object Repo/Page_Form 3 EIS - Cessation as Employer/Set Latest - Yes' is clicked on

2018-12-17 16:18:25 - [TEST_STEP][PASSED] - delay: Delayed 2 second(s)

2018-12-17 16:18:27 - [MESSAGE][PASSED] - Delayed 2 second(s)

2018-12-17 16:18:27 - [TEST_STEP][PASSED] - click: Object: 'Object Repository/Final Object Repo/Page_Form 3 EIS - Cessation as Employer/Add Document' is clicked on

2018-12-17 16:18:28 - [MESSAGE][PASSED] - Object: 'Object Repository/Final Object Repo/Page_Form 3 EIS - Cessation as Employer/Add Document' is clicked on

2018-12-17 16:18:28 - [TEST_STEP][PASSED] - delay: Delayed 3 second(s)

2018-12-17 16:18:31 - [MESSAGE][PASSED] - Delayed 3 second(s)

2018-12-17 16:18:31 - [TEST_STEP][PASSED] - click: Object: 'Object Repository/Final Object Repo/Page_Form 3 EIS - Cessation as Employer/Document Type' is clicked on

2018-12-17 16:18:31 - [MESSAGE][PASSED] - Object: 'Object Repository/Final Object Repo/Page_Form 3 EIS - Cessation as Employer/Document Type' is clicked on

2018-12-17 16:18:31 - [TEST_STEP][PASSED] - click: Object: 'Object Repository/Final Object Repo/Page_Form 3 EIS - Cessation as Employer/Document Type - Form 3' is clicked on

2018-12-17 16:18:31 - [MESSAGE][PASSED] - Object: 'Object Repository/Final Object Repo/Page_Form 3 EIS - Cessation as Employer/Document Type - Form 3' is clicked on

2018-12-17 16:18:31 - [TEST_STEP][PASSED] - delay: Delayed 2 second(s)

2018-12-17 16:18:33 - [MESSAGE][PASSED] - Delayed 2 second(s)

2018-12-17 16:18:33 - [TEST_STEP][PASSED] - sendKeys: Keys 'C:\Users\Public\Pictures\Sample Pictures\Koala.jpg' sent to object: 'Object Repository/Final Object Repo/Page_Form 3 EIS - Cessation as Employer/ploading File'

2018-12-17 16:18:33 - [MESSAGE][PASSED] - Keys 'C:\Users\Public\Pictures\Sample Pictures\Koala.jpg' sent to object: 'Object Repository/Final Object Repo/Page_Form 3 EIS - Cessation as Employer/ploading File'

2018-12-17 16:18:33 - [TEST_STEP][PASSED] - delay: Delayed 1 second(s)

2018-12-17 16:18:34 - [MESSAGE][PASSED] - Delayed 1 second(s)

2018-12-17 16:18:34 - [TEST_STEP][PASSED] - click: Object: 'Object Repository/Final Object Repo/Page_Form 3 EIS - Cessation as Employer/Add Document in Uploading Page' is clicked on

2018-12-17 16:18:35 - [MESSAGE][PASSED] - Object: 'Object Repository/Final Object Repo/Page_Form 3 EIS - Cessation as Employer/Add Document in Uploading Page' is clicked on

2018-12-17 16:18:35 - [TEST_STEP][PASSED] - delay: Delayed 2 second(s)

2018-12-17 16:18:37 - [MESSAGE][PASSED] - Delayed 2 second(s)

2018-12-17 16:18:37 - [TEST_STEP][PASSED] - Statement - CaseReferenceNo = com.kms.katalon.core.webui.keyword.WebUiBuiltInKeywords.getText(com.kms.katalon.core.testobject.ObjectRepository.findTestObject(Final Object Repo/Page_Update Employer Information/Reference Number in Update Employee Information Page)): Text of object 'Object Repository/Final Object Repo/Page_Update Employer Information/Reference Number in Update Employee Information Page' is: 'ERN122018C200002478'

2018-12-17 16:18:39 - [MESSAGE][PASSED] - Text of object 'Object Repository/Final Object Repo/Page_Update Employer Information/Reference Number in Update Employee Information Page' is: 'ERN122018C200002478'

2018-12-17 16:18:39 - [TEST_STEP][PASSED] - callTestCase: Call Test Case 'Test Cases/Final Aug 2018 - PKS Automation/Common/Reference Number Setter' successfully

2018-12-17 16:18:39 - [TEST_CASE][PASSED] - Test Cases/Final Aug 2018 - PKS Automation/Common/Reference Number Setter: Test Cases/Final Aug 2018 - PKS Automation/Common/Reference Number Setter

2018-12-17 16:18:39 - [TEST_STEP][PASSED] - Statement - RefNoOldFile = new java.io.File(C://Users//Admin//Desktop//PKS//Automation Reference Point//KatalonReference.txt): null

2018-12-17 16:18:39 - [TEST_STEP][PASSED] - Statement - RefNoOldFile.delete(): null

2018-12-17 16:18:39 - [TEST_STEP][PASSED] - delay: Delayed 5 second(s)

2018-12-17 16:18:44 - [MESSAGE][PASSED] - Delayed 5 second(s)

2018-12-17 16:18:44 - [TEST_STEP][PASSED] - Statement - RefNo = new java.io.File(C://Users//Admin//Desktop//PKS//Automation Reference Point//KatalonReference.txt): null

2018-12-17 16:18:44 - [TEST_STEP][PASSED] - Statement - f2 = new java.io.FileWriter(RefNo, false): null

2018-12-17 16:18:44 - [TEST_STEP][PASSED] - Statement - f2.write(CaseReferenceNo): null

2018-12-17 16:18:44 - [TEST_STEP][PASSED] - Statement - f2.close(): null

2018-12-17 16:18:44 - [TEST_STEP][PASSED] - Statement - out.println("


" + CaseReferenceNo + "


"): null

2018-12-17 16:18:44 - [MESSAGE][PASSED] - Call Test Case 'Test Cases/Final Aug 2018 - PKS Automation/Common/Reference Number Setter' successfully

2018-12-17 16:18:44 - [TEST_STEP][PASSED] - delay: Delayed 2 second(s)

2018-12-17 16:18:46 - [MESSAGE][PASSED] - Delayed 2 second(s)

2018-12-17 16:18:46 - [TEST_STEP][PASSED] - click: Object: 'Object Repository/Final Object Repo/Page_Form 3 EIS - Cessation as Employer/Save  Continue in Uploading Page' is clicked on

2018-12-17 16:18:46 - [MESSAGE][PASSED] - Object: 'Object Repository/Final Object Repo/Page_Form 3 EIS - Cessation as Employer/Save  Continue in Uploading Page' is clicked on

2018-12-17 16:18:46 - [TEST_STEP][PASSED] - delay: Delayed 2 second(s)

2018-12-17 16:18:48 - [MESSAGE][PASSED] - Delayed 2 second(s)

2018-12-17 16:18:48 - [TEST_STEP][PASSED] - click: Object: 'Object Repository/Final Object Repo/Page_Form 3 EIS - Cessation as Employer/Submit' is clicked on

2018-12-17 16:18:50 - [MESSAGE][PASSED] - Object: 'Object Repository/Final Object Repo/Page_Form 3 EIS - Cessation as Employer/Submit' is clicked on

2018-12-17 16:18:50 - [TEST_STEP][PASSED] - delay: Delayed 2 second(s)

2018-12-17 16:18:52 - [MESSAGE][PASSED] - Delayed 2 second(s)

2018-12-17 16:18:52 - [TEST_STEP][PASSED] - click: Object: 'Object Repository/Final Object Repo/Page_Form 3 EIS - Cessation as Employer/Confirm' is clicked on

2018-12-17 16:18:53 - [MESSAGE][PASSED] - Object: 'Object Repository/Final Object Repo/Page_Form 3 EIS - Cessation as Employer/Confirm' is clicked on

2018-12-17 16:18:53 - [TEST_STEP][PASSED] - delay: Delayed 2 second(s)

2018-12-17 16:18:55 - [MESSAGE][PASSED] - Delayed 2 second(s)

2018-12-17 16:18:55 - [TEST_STEP][PASSED] - click: Object: 'Object Repository/Final Object Repo/Page_Form 3 EIS - Cessation as Employer/Message Your Request will be routed to UO' is clicked on

2018-12-17 16:18:58 - [MESSAGE][PASSED] - Object: 'Object Repository/Final Object Repo/Page_Form 3 EIS - Cessation as Employer/Message Your Request will be routed to UO' is clicked on

2018-12-17 16:18:58 - [TEST_STEP][PASSED] - click: Object: 'Object Repository/Final Object Repo/Page_Form 3 EIS - Cessation as Employer/Letter of acknowledgement' is clicked on

2018-12-17 16:18:59 - [MESSAGE][PASSED] - Object: 'Object Repository/Final Object Repo/Page_Form 3 EIS - Cessation as Employer/Letter of acknowledgement' is clicked on

2018-12-17 16:18:59 - [MESSAGE][PASSED] - Call Test Case 'Test Cases/Final Aug 2018 - PKS Automation/Registration Module/Workflow/Form 3 EIS - Cessation As Employer/Template/Form 3 A - Cessation As Employer (OTC)' successfully

2018-12-17 16:18:59 - [TEST_STEP][PASSED] - callTestCase: Call Test Case 'Test Cases/Final Aug 2018 - PKS Automation/Registration Module/Workflow/Form 3 EIS - Cessation As Employer/Template/Form 3 A - Cessation As Employer (Reject)' successfully

2018-12-17 16:18:59 - [TEST_CASE][PASSED] - Test Cases/Final Aug 2018 - PKS Automation/Registration Module/Workflow/Form 3 EIS - Cessation As Employer/Template/Form 3 A - Cessation As Employer (Reject): Test Cases/Final Aug 2018 - PKS Automation/Registration Module/Workflow/Form 3 EIS - Cessation As Employer/Template/Form 3 A - Cessation As Employer (Reject)

2018-12-17 16:18:59 - [TEST_STEP][NOT_RUN] - callTestCase: NOT_RUN: callTestCase

2018-12-17 16:18:59 - [MESSAGE][NOT_RUN] - NOT_RUN: callTestCase

2018-12-17 16:18:59 - [TEST_STEP][PASSED] - delay: Delayed 1 second(s)

2018-12-17 16:19:00 - [MESSAGE][PASSED] - Delayed 1 second(s)

2018-12-17 16:19:00 - [TEST_STEP][PASSED] - navigateToUrl: Navigate to 'https://assist2-uat.perkeso.gov.my/c/portal/logout' successfully

2018-12-17 16:19:01 - [MESSAGE][PASSED] - Navigate to 'https://assist2-uat.perkeso.gov.my/c/portal/logout' successfully

2018-12-17 16:19:01 - [TEST_STEP][PASSED] - delay: Delayed 1 second(s)

2018-12-17 16:19:02 - [MESSAGE][PASSED] - Delayed 1 second(s)

2018-12-17 16:19:02 - [TEST_STEP][PASSED] - callTestCase: Call Test Case 'Test Cases/Final Aug 2018 - PKS Automation/Common/Reference Number Getter' successfully

2018-12-17 16:19:02 - [TEST_CASE][PASSED] - Test Cases/Final Aug 2018 - PKS Automation/Common/Reference Number Getter: Test Cases/Final Aug 2018 - PKS Automation/Common/Reference Number Getter

2018-12-17 16:19:02 - [TEST_STEP][PASSED] - Statement - Try: null

2018-12-17 16:19:02 - [TEST_STEP][PASSED] - Statement - RefNo = new java.io.File(C://Users//Admin//Desktop//PKS//Automation Reference Point//KatalonReference.txt): null

2018-12-17 16:19:02 - [TEST_STEP][PASSED] - Statement - bufferread = new java.io.BufferedReader(new java.io.FileReader(RefNo)): null

2018-12-17 16:19:02 - [TEST_STEP][PASSED] - Statement - readedVal = bufferread.readLine(): null

2018-12-17 16:19:02 - [TEST_STEP][PASSED] - Statement - out.println(CaseReferenceNo): null

2018-12-17 16:19:02 - [TEST_STEP][PASSED] - Statement - out.println(readedVal): null

2018-12-17 16:19:02 - [TEST_STEP][PASSED] - Statement - CaseReferenceNo = "": null

2018-12-17 16:19:02 - [TEST_STEP][PASSED] - Statement - CaseReferenceNo = readedVal: null

2018-12-17 16:19:02 - [MESSAGE][PASSED] - Call Test Case 'Test Cases/Final Aug 2018 - PKS Automation/Common/Reference Number Getter' successfully

2018-12-17 16:19:02 - [TEST_STEP][PASSED] - callTestCase: Call Test Case 'Test Cases/Final Aug 2018 - PKS Automation/Common/Workflow Owner Finder' successfully

2018-12-17 16:19:02 - [TEST_CASE][PASSED] - Test Cases/Final Aug 2018 - PKS Automation/Common/Workflow Owner Finder: Test Cases/Final Aug 2018 - PKS Automation/Common/Workflow Owner Finder

2018-12-17 16:19:02 - [TEST_STEP][PASSED] - openBrowser: Browser is opened with url: ''

2018-12-17 16:19:02 - [MESSAGE][WARNING] - A browser is already opened. Closing browser and opening a new one

2018-12-17 16:19:05 - [MESSAGE][PASSED] - Browser is opened with url: ''

2018-12-17 16:19:05 - [TEST_STEP][PASSED] - navigateToUrl: Navigate to 'https://assist2-uat.perkeso.gov.my/login' successfully

2018-12-17 16:19:06 - [MESSAGE][PASSED] - Navigate to 'https://assist2-uat.perkeso.gov.my/login' successfully

2018-12-17 16:19:06 - [TEST_STEP][PASSED] - delay: Delayed 5 second(s)

2018-12-17 16:19:11 - [MESSAGE][PASSED] - Delayed 5 second(s)

2018-12-17 16:19:11 - [TEST_STEP][PASSED] - setText: Text 'test@liferay.com' is set on object 'Object Repository/Final Object Repo/Login Page/Internal User/Email Address'

2018-12-17 16:19:11 - [MESSAGE][PASSED] - Text 'test@liferay.com' is set on object 'Object Repository/Final Object Repo/Login Page/Internal User/Email Address'

2018-12-17 16:19:11 - [TEST_STEP][PASSED] - click: Object: 'Object Repository/Final Object Repo/Login Page/Internal User/Next Button' is clicked on

2018-12-17 16:19:11 - [MESSAGE][PASSED] - Object: 'Object Repository/Final Object Repo/Login Page/Internal User/Next Button' is clicked on

2018-12-17 16:19:11 - [TEST_STEP][PASSED] - delay: Delayed 2 second(s)

2018-12-17 16:19:13 - [MESSAGE][PASSED] - Delayed 2 second(s)

2018-12-17 16:19:13 - [TEST_STEP][PASSED] - setText: Text 'test' is set on object 'Object Repository/Final Object Repo/Login Page/Internal User/Password'

2018-12-17 16:19:14 - [MESSAGE][PASSED] - Text 'test' is set on object 'Object Repository/Final Object Repo/Login Page/Internal User/Password'

2018-12-17 16:19:14 - [TEST_STEP][PASSED] - delay: Delayed 2 second(s)

2018-12-17 16:19:16 - [MESSAGE][PASSED] - Delayed 2 second(s)

2018-12-17 16:19:16 - [TEST_STEP][PASSED] - click: Object: 'Object Repository/Final Object Repo/Login Page/Internal User/Login Button' is clicked on

2018-12-17 16:19:16 - [MESSAGE][PASSED] - Object: 'Object Repository/Final Object Repo/Login Page/Internal User/Login Button' is clicked on

2018-12-17 16:19:16 - [TEST_STEP][PASSED] - Statement - tester = com.kms.katalon.core.testobject.ObjectRepository.findTestObject(Final Object Repo/Landing Page/Select to English): Finding Test Object with id 'Object Repository/Final Object Repo/Landing Page/Select to English'

2018-12-17 16:19:16 - [TEST_STEP][PASSED] - Statement - Try: Delayed 2 second(s)

2018-12-17 16:19:16 - [TEST_STEP][PASSED] - Statement - Checker = com.kms.katalon.core.webui.keyword.WebUiBuiltInKeywords.verifyElementNotPresent(tester, 3): Web element with id: 'Object Repository/Final Object Repo/Landing Page/Select to English' located by 'By.xpath: //a[@class = 'taglib-language-list-text' and @lang = 'en-US' and (contains(text(), 'EN') or contains(., 'EN'))]' is not present after '3' second(s)

2018-12-17 16:19:18 - [MESSAGE][PASSED] - Web element with id: 'Object Repository/Final Object Repo/Landing Page/Select to English' located by 'By.xpath: //a[@class = 'taglib-language-list-text' and @lang = 'en-US' and (contains(text(), 'EN') or contains(., 'EN'))]' is not present after '3' second(s)

2018-12-17 16:19:18 - [TEST_STEP][PASSED] - Statement - If (Checker == false): null

2018-12-17 16:19:18 - [TEST_STEP][PASSED] - delay: Delayed 2 second(s)

2018-12-17 16:19:20 - [MESSAGE][PASSED] - Delayed 2 second(s)

2018-12-17 16:19:20 - [TEST_STEP][PASSED] - delay: Delayed 5 second(s)

2018-12-17 16:19:25 - [MESSAGE][PASSED] - Delayed 5 second(s)

2018-12-17 16:19:25 - [TEST_STEP][PASSED] - mouseOver: Object: 'Object Repository/Final Object Repo/Landing Page/WorkFlow Menu' is hovered

2018-12-17 16:19:25 - [MESSAGE][PASSED] - Object: 'Object Repository/Final Object Repo/Landing Page/WorkFlow Menu' is hovered

2018-12-17 16:19:25 - [TEST_STEP][PASSED] - delay: Delayed 2 second(s)

2018-12-17 16:19:27 - [MESSAGE][PASSED] - Delayed 2 second(s)

2018-12-17 16:19:27 - [TEST_STEP][PASSED] - click: Object: 'Object Repository/Final Object Repo/Landing Page/Select to Workflow Listing' is clicked on

2018-12-17 16:19:28 - [MESSAGE][PASSED] - Object: 'Object Repository/Final Object Repo/Landing Page/Select to Workflow Listing' is clicked on

2018-12-17 16:19:28 - [TEST_STEP][PASSED] - delay: Delayed 2 second(s)

2018-12-17 16:19:30 - [MESSAGE][PASSED] - Delayed 2 second(s)

2018-12-17 16:19:30 - [TEST_STEP][PASSED] - click: Object: 'Object Repository/Final Object Repo/WorkFlow Listing Page/Search Information - To Put Ref No' is clicked on

2018-12-17 16:19:30 - [MESSAGE][PASSED] - Object: 'Object Repository/Final Object Repo/WorkFlow Listing Page/Search Information - To Put Ref No' is clicked on

2018-12-17 16:19:30 - [TEST_STEP][PASSED] - delay: Delayed 2 second(s)

2018-12-17 16:19:32 - [MESSAGE][PASSED] - Delayed 2 second(s)

2018-12-17 16:19:32 - [TEST_STEP][PASSED] - callTestCase: Call Test Case 'Test Cases/Final Aug 2018 - PKS Automation/Common/Reference Number Getter' successfully

2018-12-17 16:19:32 - [TEST_CASE][PASSED] - Test Cases/Final Aug 2018 - PKS Automation/Common/Reference Number Getter: Test Cases/Final Aug 2018 - PKS Automation/Common/Reference Number Getter

2018-12-17 16:19:32 - [TEST_STEP][PASSED] - Statement - Try: null

2018-12-17 16:19:32 - [TEST_STEP][PASSED] - Statement - RefNo = new java.io.File(C://Users//Admin//Desktop//PKS//Automation Reference Point//KatalonReference.txt): null

2018-12-17 16:19:32 - [TEST_STEP][PASSED] - Statement - bufferread = new java.io.BufferedReader(new java.io.FileReader(RefNo)): null

2018-12-17 16:19:32 - [TEST_STEP][PASSED] - Statement - readedVal = bufferread.readLine(): null

2018-12-17 16:19:32 - [TEST_STEP][PASSED] - Statement - out.println(CaseReferenceNo): null

2018-12-17 16:19:32 - [TEST_STEP][PASSED] - Statement - out.println(readedVal): null

2018-12-17 16:19:32 - [TEST_STEP][PASSED] - Statement - CaseReferenceNo = "": null

2018-12-17 16:19:32 - [TEST_STEP][PASSED] - Statement - CaseReferenceNo = readedVal: null

2018-12-17 16:19:32 - [MESSAGE][PASSED] - Call Test Case 'Test Cases/Final Aug 2018 - PKS Automation/Common/Reference Number Getter' successfully

2018-12-17 16:19:32 - [TEST_STEP][PASSED] - setText: Text 'ERN122018C200002478' is set on object 'Object Repository/Final Object Repo/WorkFlow Listing Page/Ref No Set Text'

2018-12-17 16:19:33 - [MESSAGE][PASSED] - Text 'ERN122018C200002478' is set on object 'Object Repository/Final Object Repo/WorkFlow Listing Page/Ref No Set Text'

2018-12-17 16:19:33 - [TEST_STEP][PASSED] - delay: Delayed 2 second(s)

2018-12-17 16:19:35 - [MESSAGE][PASSED] - Delayed 2 second(s)

2018-12-17 16:19:35 - [TEST_STEP][PASSED] - click: Object: 'Object Repository/Final Object Repo/WorkFlow Listing Page/Search Ref No Search Button' is clicked on

2018-12-17 16:19:35 - [MESSAGE][PASSED] - Object: 'Object Repository/Final Object Repo/WorkFlow Listing Page/Search Ref No Search Button' is clicked on

2018-12-17 16:19:35 - [TEST_STEP][PASSED] - delay: Delayed 6 second(s)

2018-12-17 16:19:41 - [MESSAGE][PASSED] - Delayed 6 second(s)

2018-12-17 16:19:41 - [TEST_STEP][PASSED] - click: Object: 'Object Repository/Final Object Repo/WorkFlow Listing Page/Click Continue Tooltip' is clicked on

2018-12-17 16:19:42 - [MESSAGE][PASSED] - Object: 'Object Repository/Final Object Repo/WorkFlow Listing Page/Click Continue Tooltip' is clicked on

2018-12-17 16:19:42 - [TEST_STEP][PASSED] - delay: Delayed 5 second(s)

2018-12-17 16:19:47 - [MESSAGE][PASSED] - Delayed 5 second(s)

2018-12-17 16:19:47 - [TEST_STEP][PASSED] - doubleClick: Object: 'Object Repository/Final Object Repo/WorkFlow Listing Page/Workflow Found - Listing 1' is double clicked on

2018-12-17 16:19:47 - [MESSAGE][PASSED] - Object: 'Object Repository/Final Object Repo/WorkFlow Listing Page/Workflow Found - Listing 1' is double clicked on

2018-12-17 16:19:47 - [TEST_STEP][PASSED] - Statement - println(OwnerID): null

2018-12-17 16:19:47 - [TEST_STEP][PASSED] - Statement - OwnerID = com.kms.katalon.core.webui.keyword.WebUiBuiltInKeywords.getText(com.kms.katalon.core.testobject.ObjectRepository.findTestObject(Final Object Repo/WorkFlow Listing Page/Workflow Found - Listing 1), STOP_ON_FAILURE): Text of object 'Object Repository/Final Object Repo/WorkFlow Listing Page/Workflow Found - Listing 1' is: 'JOHORuo2'

2018-12-17 16:19:47 - [MESSAGE][PASSED] - Text of object 'Object Repository/Final Object Repo/WorkFlow Listing Page/Workflow Found - Listing 1' is: 'JOHORuo2'

2018-12-17 16:19:47 - [TEST_STEP][PASSED] - Statement - OwnerID = OwnerID.toLowerCase() + "@gmail.com": null

2018-12-17 16:19:47 - [TEST_STEP][PASSED] - Statement - println(OwnerID): null

2018-12-17 16:19:47 - [TEST_STEP][PASSED] - delay: Delayed 2 second(s)

2018-12-17 16:19:49 - [MESSAGE][PASSED] - Delayed 2 second(s)

2018-12-17 16:19:49 - [MESSAGE][PASSED] - Call Test Case 'Test Cases/Final Aug 2018 - PKS Automation/Common/Workflow Owner Finder' successfully

2018-12-17 16:19:49 - [TEST_STEP][PASSED] - delay: Delayed 1 second(s)

2018-12-17 16:19:50 - [MESSAGE][PASSED] - Delayed 1 second(s)

2018-12-17 16:19:50 - [TEST_STEP][PASSED] - navigateToUrl: Navigate to 'https://assist2-uat.perkeso.gov.my/c/portal/logout' successfully

2018-12-17 16:19:51 - [MESSAGE][PASSED] - Navigate to 'https://assist2-uat.perkeso.gov.my/c/portal/logout' successfully

2018-12-17 16:19:51 - [TEST_STEP][PASSED] - delay: Delayed 1 second(s)

2018-12-17 16:19:52 - [MESSAGE][PASSED] - Delayed 1 second(s)

2018-12-17 16:19:52 - [TEST_STEP][PASSED] - callTestCase: Call Test Case 'Test Cases/Final Aug 2018 - PKS Automation/Registration Module/Workflow/Login and Search Case For Workflow' successfully

2018-12-17 16:19:52 - [TEST_CASE][PASSED] - Test Cases/Final Aug 2018 - PKS Automation/Registration Module/Workflow/Login and Search Case For Workflow: Test Cases/Final Aug 2018 - PKS Automation/Registration Module/Workflow/Login and Search Case For Workflow

2018-12-17 16:19:52 - [TEST_STEP][PASSED] - navigateToUrl: Navigate to 'https://assist2-uat.perkeso.gov.my/login' successfully

2018-12-17 16:19:52 - [MESSAGE][PASSED] - Navigate to 'https://assist2-uat.perkeso.gov.my/login' successfully

2018-12-17 16:19:52 - [TEST_STEP][PASSED] - setText: Text 'johoruo2@gmail.com' is set on object 'Object Repository/Final Object Repo/Login Page/Internal User/Email Address'

2018-12-17 16:19:53 - [MESSAGE][PASSED] - Text 'johoruo2@gmail.com' is set on object 'Object Repository/Final Object Repo/Login Page/Internal User/Email Address'

2018-12-17 16:19:53 - [TEST_STEP][PASSED] - click: Object: 'Object Repository/Final Object Repo/Login Page/Internal User/Next Button' is clicked on

2018-12-17 16:19:53 - [MESSAGE][PASSED] - Object: 'Object Repository/Final Object Repo/Login Page/Internal User/Next Button' is clicked on

2018-12-17 16:19:53 - [TEST_STEP][PASSED] - delay: Delayed 1 second(s)

2018-12-17 16:19:54 - [MESSAGE][PASSED] - Delayed 1 second(s)

2018-12-17 16:19:54 - [TEST_STEP][PASSED] - setEncryptedText: Text ****** has been set on object 'Object Repository/Final Object Repo/Login Page/Internal User/Password'

2018-12-17 16:19:54 - [MESSAGE][PASSED] - Text ****** has been set on object 'Object Repository/Final Object Repo/Login Page/Internal User/Password'

2018-12-17 16:19:54 - [TEST_STEP][PASSED] - click: Object: 'Object Repository/Final Object Repo/Login Page/Internal User/Login Button' is clicked on

2018-12-17 16:19:54 - [MESSAGE][PASSED] - Object: 'Object Repository/Final Object Repo/Login Page/Internal User/Login Button' is clicked on

2018-12-17 16:19:54 - [TEST_STEP][PASSED] - delay: Delayed 2 second(s)

2018-12-17 16:19:56 - [MESSAGE][PASSED] - Delayed 2 second(s)

2018-12-17 16:19:56 - [TEST_STEP][PASSED] - Statement - Try: Delayed 2 second(s)

2018-12-17 16:19:56 - [TEST_STEP][PASSED] - Statement - Checker = false: null

2018-12-17 16:19:56 - [TEST_STEP][PASSED] - Statement - Checker = com.kms.katalon.core.webui.keyword.WebUiBuiltInKeywords.verifyElementHasAttribute(com.kms.katalon.core.testobject.ObjectRepository.findTestObject(Final Object Repo/Landing Page/BM Detecting), "href", 20, OPTIONAL): Object 'Object Repository/Final Object Repo/Landing Page/BM Detecting' has attribute 'href'

2018-12-17 16:19:56 - [MESSAGE][PASSED] - Object 'Object Repository/Final Object Repo/Landing Page/BM Detecting' has attribute 'href'

2018-12-17 16:19:56 - [TEST_STEP][PASSED] - Statement - out.println(Checker): null

2018-12-17 16:19:56 - [TEST_STEP][PASSED] - Statement - If (Checker == false): null

2018-12-17 16:19:56 - [TEST_STEP][PASSED] - Statement - Else: null

2018-12-17 16:19:56 - [TEST_STEP][PASSED] - delay: Delayed 2 second(s)

2018-12-17 16:19:58 - [MESSAGE][PASSED] - Delayed 2 second(s)

2018-12-17 16:19:58 - [TEST_STEP][PASSED] - click: Object: 'Object Repository/Final Object Repo/Page_MyASSIST - ASSIST - Search Pending Case For Add Supporting Document/Search Information' is clicked on

2018-12-17 16:19:59 - [MESSAGE][PASSED] - Object: 'Object Repository/Final Object Repo/Page_MyASSIST - ASSIST - Search Pending Case For Add Supporting Document/Search Information' is clicked on

2018-12-17 16:19:59 - [TEST_STEP][PASSED] - delay: Delayed 3 second(s)

2018-12-17 16:20:02 - [MESSAGE][PASSED] - Delayed 3 second(s)

2018-12-17 16:20:02 - [TEST_STEP][PASSED] - sendKeys: Keys 'ERN122018C200002478' sent to object: 'Object Repository/Final Object Repo/Page_MyASSIST - ASSIST - Search Pending Case For Add Supporting Document/Reference No'

2018-12-17 16:20:02 - [MESSAGE][PASSED] - Keys 'ERN122018C200002478' sent to object: 'Object Repository/Final Object Repo/Page_MyASSIST - ASSIST - Search Pending Case For Add Supporting Document/Reference No'

2018-12-17 16:20:02 - [TEST_STEP][PASSED] - click: Object: 'Object Repository/Final Object Repo/Page_MyASSIST - ASSIST - Search Pending Case For Add Supporting Document/Search Reference No' is clicked on

2018-12-17 16:20:02 - [MESSAGE][PASSED] - Object: 'Object Repository/Final Object Repo/Page_MyASSIST - ASSIST - Search Pending Case For Add Supporting Document/Search Reference No' is clicked on

2018-12-17 16:20:02 - [TEST_STEP][PASSED] - delay: Delayed 2 second(s)

2018-12-17 16:20:04 - [MESSAGE][PASSED] - Delayed 2 second(s)

2018-12-17 16:20:04 - [TEST_STEP][PASSED] - click: Object: 'Object Repository/Final Object Repo/Page_MyASSIST - ASSIST - Search Pending Case For Add Supporting Document/Continue' is clicked on

2018-12-17 16:20:07 - [MESSAGE][PASSED] - Object: 'Object Repository/Final Object Repo/Page_MyASSIST - ASSIST - Search Pending Case For Add Supporting Document/Continue' is clicked on

2018-12-17 16:20:07 - [TEST_STEP][PASSED] - delay: Delayed 20 second(s)

2018-12-17 16:20:27 - [MESSAGE][PASSED] - Delayed 20 second(s)

2018-12-17 16:20:27 - [MESSAGE][PASSED] - Call Test Case 'Test Cases/Final Aug 2018 - PKS Automation/Registration Module/Workflow/Login and Search Case For Workflow' successfully

2018-12-17 16:20:27 - [TEST_STEP][PASSED] - click: Object: 'Object Repository/Final Object Repo/Page_Form 3 EIS - Cessation as Employer/Page_Form 3 EIS - Cessation as Employer (Approve)/Save  Continue in Form 3 Page' is clicked on

2018-12-17 16:20:28 - [MESSAGE][PASSED] - Object: 'Object Repository/Final Object Repo/Page_Form 3 EIS - Cessation as Employer/Page_Form 3 EIS - Cessation as Employer (Approve)/Save  Continue in Form 3 Page' is clicked on

2018-12-17 16:20:28 - [TEST_STEP][PASSED] - delay: Delayed 2 second(s)

2018-12-17 16:20:30 - [MESSAGE][PASSED] - Delayed 2 second(s)

2018-12-17 16:20:30 - [TEST_STEP][PASSED] - click: Object: 'Object Repository/Final Object Repo/Page_Form 3 EIS - Cessation as Employer/Page_Form 3 EIS - Cessation as Employer (Approve)/Save  Continue in Resigned Page' is clicked on

2018-12-17 16:20:30 - [MESSAGE][PASSED] - Object: 'Object Repository/Final Object Repo/Page_Form 3 EIS - Cessation as Employer/Page_Form 3 EIS - Cessation as Employer (Approve)/Save  Continue in Resigned Page' is clicked on

2018-12-17 16:20:30 - [TEST_STEP][PASSED] - delay: Delayed 2 second(s)

2018-12-17 16:20:32 - [MESSAGE][PASSED] - Delayed 2 second(s)

2018-12-17 16:20:32 - [TEST_STEP][PASSED] - click: Object: 'Object Repository/Final Object Repo/Page_Form 3 EIS - Cessation as Employer/Page_Form 3 EIS - Cessation as Employer (Approve)/Save  Continue in Uploading Page' is clicked on

2018-12-17 16:20:33 - [MESSAGE][PASSED] - Object: 'Object Repository/Final Object Repo/Page_Form 3 EIS - Cessation as Employer/Page_Form 3 EIS - Cessation as Employer (Approve)/Save  Continue in Uploading Page' is clicked on

2018-12-17 16:20:33 - [TEST_STEP][PASSED] - delay: Delayed 2 second(s)

2018-12-17 16:20:35 - [MESSAGE][PASSED] - Delayed 2 second(s)

2018-12-17 16:20:35 - [TEST_STEP][PASSED] - click: Object: 'Object Repository/Final Object Repo/Page_Form 3 EIS - Cessation as Employer/Page_Form 3 EIS - Cessation as Employer (Reject)/Reject' is clicked on

2018-12-17 16:20:38 - [MESSAGE][PASSED] - Object: 'Object Repository/Final Object Repo/Page_Form 3 EIS - Cessation as Employer/Page_Form 3 EIS - Cessation as Employer (Reject)/Reject' is clicked on

2018-12-17 16:20:38 - [TEST_STEP][PASSED] - delay: Delayed 2 second(s)

2018-12-17 16:20:40 - [MESSAGE][PASSED] - Delayed 2 second(s)

2018-12-17 16:20:40 - [TEST_STEP][PASSED] - click: Object: 'Object Repository/Final Object Repo/Page_Form 3 EIS - Cessation as Employer/Page_Form 3 EIS - Cessation as Employer (Reject)/Confirm' is clicked on

2018-12-17 16:20:40 - [MESSAGE][PASSED] - Object: 'Object Repository/Final Object Repo/Page_Form 3 EIS - Cessation as Employer/Page_Form 3 EIS - Cessation as Employer (Reject)/Confirm' is clicked on

2018-12-17 16:20:40 - [TEST_STEP][PASSED] - delay: Delayed 2 second(s)

2018-12-17 16:20:42 - [MESSAGE][PASSED] - Delayed 2 second(s)

2018-12-17 16:20:42 - [TEST_STEP][PASSED] - click: Object: 'Object Repository/Final Object Repo/Page_Form 3 EIS - Cessation as Employer/Page_Form 3 EIS - Cessation as Employer (Reject)/Message This Case has been Rejected' is clicked on

2018-12-17 16:20:46 - [MESSAGE][PASSED] - Object: 'Object Repository/Final Object Repo/Page_Form 3 EIS - Cessation as Employer/Page_Form 3 EIS - Cessation as Employer (Reject)/Message This Case has been Rejected' is clicked on

2018-12-17 16:20:46 - [TEST_STEP][PASSED] - click: Object: 'Object Repository/Final Object Repo/Page_Form 3 EIS - Cessation as Employer/Page_Form 3 EIS - Cessation as Employer (Reject)/Letter of update rejection' is clicked on

2018-12-17 16:20:46 - [MESSAGE][PASSED] - Object: 'Object Repository/Final Object Repo/Page_Form 3 EIS - Cessation as Employer/Page_Form 3 EIS - Cessation as Employer (Reject)/Letter of update rejection' is clicked on

2018-12-17 16:20:46 - [MESSAGE][PASSED] - Call Test Case 'Test Cases/Final Aug 2018 - PKS Automation/Registration Module/Workflow/Form 3 EIS - Cessation As Employer/Template/Form 3 A - Cessation As Employer (Reject)' successfully]]></system-out>
         <system-err><![CDATA[]]></system-err>
      </testcase>
      <testcase name="Test Cases/Final Aug 2018 - PKS Automation/Registration Module/Workflow/Form 3 EIS - Cessation As Employer/OTC to UO (Under enforcement)" classname="Test Cases/Final Aug 2018 - PKS Automation/Registration Module/Workflow/Form 3 EIS - Cessation As Employer/OTC to UO (Under enforcement)" status="PASSED">
         <system-out><![CDATA[2018-12-17 16:20:46 - [TEST_CASE][PASSED] - Test Cases/Final Aug 2018 - PKS Automation/Registration Module/Workflow/Form 3 EIS - Cessation As Employer/OTC to UO (Under enforcement): Test Cases/Final Aug 2018 - PKS Automation/Registration Module/Workflow/Form 3 EIS - Cessation As Employer/OTC to UO (Under enforcement)

2018-12-17 16:20:47 - [TEST_STEP][PASSED] - callTestCase: Call Test Case 'Test Cases/Final Aug 2018 - PKS Automation/Registration Module/Workflow/Form 3 EIS - Cessation As Employer/Template/Form 3 A - Cessation As Employer (OTC)' successfully

2018-12-17 16:20:47 - [TEST_CASE][PASSED] - Test Cases/Final Aug 2018 - PKS Automation/Registration Module/Workflow/Form 3 EIS - Cessation As Employer/Template/Form 3 A - Cessation As Employer (OTC): Test Cases/Final Aug 2018 - PKS Automation/Registration Module/Workflow/Form 3 EIS - Cessation As Employer/Template/Form 3 A - Cessation As Employer (OTC)

2018-12-17 16:20:47 - [TEST_STEP][PASSED] - openBrowser: Browser is opened with url: ''

2018-12-17 16:20:47 - [MESSAGE][WARNING] - A browser is already opened. Closing browser and opening a new one

2018-12-17 16:20:50 - [MESSAGE][PASSED] - Browser is opened with url: ''

2018-12-17 16:20:50 - [TEST_STEP][PASSED] - navigateToUrl: Navigate to 'https://assist2-uat.perkeso.gov.my/login' successfully

2018-12-17 16:20:51 - [MESSAGE][PASSED] - Navigate to 'https://assist2-uat.perkeso.gov.my/login' successfully

2018-12-17 16:20:51 - [TEST_STEP][PASSED] - setText: Text 'johorotc1@gmail.com' is set on object 'Object Repository/Final Object Repo/Login Page/Internal User/Email Address'

2018-12-17 16:20:51 - [MESSAGE][PASSED] - Text 'johorotc1@gmail.com' is set on object 'Object Repository/Final Object Repo/Login Page/Internal User/Email Address'

2018-12-17 16:20:51 - [TEST_STEP][PASSED] - click: Object: 'Object Repository/Final Object Repo/Login Page/Internal User/Next Button' is clicked on

2018-12-17 16:20:51 - [MESSAGE][PASSED] - Object: 'Object Repository/Final Object Repo/Login Page/Internal User/Next Button' is clicked on

2018-12-17 16:20:51 - [TEST_STEP][PASSED] - delay: Delayed 1 second(s)

2018-12-17 16:20:52 - [MESSAGE][PASSED] - Delayed 1 second(s)

2018-12-17 16:20:52 - [TEST_STEP][PASSED] - setEncryptedText: Text ****** has been set on object 'Object Repository/Final Object Repo/Login Page/Internal User/Password'

2018-12-17 16:20:53 - [MESSAGE][PASSED] - Text ****** has been set on object 'Object Repository/Final Object Repo/Login Page/Internal User/Password'

2018-12-17 16:20:53 - [TEST_STEP][PASSED] - click: Object: 'Object Repository/Final Object Repo/Login Page/Internal User/Login Button' is clicked on

2018-12-17 16:20:53 - [MESSAGE][PASSED] - Object: 'Object Repository/Final Object Repo/Login Page/Internal User/Login Button' is clicked on

2018-12-17 16:20:53 - [TEST_STEP][PASSED] - delay: Delayed 1 second(s)

2018-12-17 16:20:54 - [MESSAGE][PASSED] - Delayed 1 second(s)

2018-12-17 16:20:54 - [TEST_STEP][PASSED] - Statement - Try: Delayed 2 second(s)

2018-12-17 16:20:54 - [TEST_STEP][PASSED] - Statement - Checker = false: null

2018-12-17 16:20:54 - [TEST_STEP][PASSED] - Statement - Checker = com.kms.katalon.core.webui.keyword.WebUiBuiltInKeywords.verifyElementHasAttribute(com.kms.katalon.core.testobject.ObjectRepository.findTestObject(Final Object Repo/Landing Page/BM Detecting), "href", 20, OPTIONAL): Object 'Object Repository/Final Object Repo/Landing Page/BM Detecting' has attribute 'href'

2018-12-17 16:20:55 - [MESSAGE][PASSED] - Object 'Object Repository/Final Object Repo/Landing Page/BM Detecting' has attribute 'href'

2018-12-17 16:20:55 - [TEST_STEP][PASSED] - Statement - out.println(Checker): null

2018-12-17 16:20:55 - [TEST_STEP][PASSED] - Statement - If (Checker == false): null

2018-12-17 16:20:55 - [TEST_STEP][PASSED] - Statement - Else: null

2018-12-17 16:20:55 - [TEST_STEP][PASSED] - delay: Delayed 2 second(s)

2018-12-17 16:20:57 - [MESSAGE][PASSED] - Delayed 2 second(s)

2018-12-17 16:20:57 - [TEST_STEP][PASSED] - navigateToUrl: Navigate to 'https://assist2-uat.perkeso.gov.my/web/registration/eis-update/form-3-eis-cessation-as-employer' successfully

2018-12-17 16:20:58 - [MESSAGE][PASSED] - Navigate to 'https://assist2-uat.perkeso.gov.my/web/registration/eis-update/form-3-eis-cessation-as-employer' successfully

2018-12-17 16:20:58 - [TEST_STEP][PASSED] - delay: Delayed 1 second(s)

2018-12-17 16:20:59 - [MESSAGE][PASSED] - Delayed 1 second(s)

2018-12-17 16:20:59 - [TEST_STEP][PASSED] - setText: Text 'E1102069769W' is set on object 'Object Repository/Final Object Repo/Page_Form 3 EIS - Cessation as Employer/Employer Code'

2018-12-17 16:20:59 - [MESSAGE][PASSED] - Text 'E1102069769W' is set on object 'Object Repository/Final Object Repo/Page_Form 3 EIS - Cessation as Employer/Employer Code'

2018-12-17 16:20:59 - [TEST_STEP][PASSED] - click: Object: 'Object Repository/Final Object Repo/Page_Form 3 EIS - Cessation as Employer/Search' is clicked on

2018-12-17 16:20:59 - [MESSAGE][PASSED] - Object: 'Object Repository/Final Object Repo/Page_Form 3 EIS - Cessation as Employer/Search' is clicked on

2018-12-17 16:20:59 - [TEST_STEP][PASSED] - click: Object: 'Object Repository/Final Object Repo/Page_Form 3 EIS - Cessation as Employer/Edit' is clicked on

2018-12-17 16:21:02 - [MESSAGE][PASSED] - Object: 'Object Repository/Final Object Repo/Page_Form 3 EIS - Cessation as Employer/Edit' is clicked on

2018-12-17 16:21:02 - [TEST_STEP][PASSED] - delay: Delayed 1 second(s)

2018-12-17 16:21:03 - [MESSAGE][PASSED] - Delayed 1 second(s)

2018-12-17 16:21:03 - [TEST_STEP][PASSED] - Statement - abc = com.kms.katalon.core.webui.keyword.WebUiBuiltInKeywords.getAttribute(com.kms.katalon.core.testobject.ObjectRepository.findTestObject(Final Object Repo/Page_Form 3 EIS - Cessation as Employer/Employer Status), "value"): Attribute 'value' of object 'Object Repository/Final Object Repo/Page_Form 3 EIS - Cessation as Employer/Employer Status' is: 'Active'

2018-12-17 16:21:03 - [MESSAGE][PASSED] - Attribute 'value' of object 'Object Repository/Final Object Repo/Page_Form 3 EIS - Cessation as Employer/Employer Status' is: 'Active'

2018-12-17 16:21:03 - [TEST_STEP][PASSED] - Statement - out.println(abc): null

2018-12-17 16:21:03 - [TEST_STEP][PASSED] - Statement - If (abc == "Active"): Object: 'Object Repository/Final Object Repo/Page_Form 3 EIS - Cessation as Employer/Dormant EIS' is clicked on

2018-12-17 16:21:03 - [TEST_STEP][PASSED] - click: Object: 'Object Repository/Final Object Repo/Page_Form 3 EIS - Cessation as Employer/Change Employer Status to' is clicked on

2018-12-17 16:21:03 - [MESSAGE][PASSED] - Object: 'Object Repository/Final Object Repo/Page_Form 3 EIS - Cessation as Employer/Change Employer Status to' is clicked on

2018-12-17 16:21:03 - [TEST_STEP][PASSED] - click: Object: 'Object Repository/Final Object Repo/Page_Form 3 EIS - Cessation as Employer/Dormant EIS' is clicked on

2018-12-17 16:21:03 - [MESSAGE][PASSED] - Object: 'Object Repository/Final Object Repo/Page_Form 3 EIS - Cessation as Employer/Dormant EIS' is clicked on

2018-12-17 16:21:03 - [TEST_STEP][PASSED] - click: Object: 'Object Repository/Final Object Repo/Page_Form 3 EIS - Cessation as Employer/Calender' is clicked on

2018-12-17 16:21:04 - [MESSAGE][PASSED] - Object: 'Object Repository/Final Object Repo/Page_Form 3 EIS - Cessation as Employer/Calender' is clicked on

2018-12-17 16:21:04 - [TEST_STEP][PASSED] - delay: Delayed 1 second(s)

2018-12-17 16:21:05 - [MESSAGE][PASSED] - Delayed 1 second(s)

2018-12-17 16:21:05 - [TEST_STEP][PASSED] - click: Object: 'Object Repository/Final Object Repo/Page_Form 3 EIS - Cessation as Employer/Calender - Date' is clicked on

2018-12-17 16:21:05 - [MESSAGE][PASSED] - Object: 'Object Repository/Final Object Repo/Page_Form 3 EIS - Cessation as Employer/Calender - Date' is clicked on

2018-12-17 16:21:05 - [TEST_STEP][PASSED] - click: Object: 'Object Repository/Final Object Repo/Page_Form 3 EIS - Cessation as Employer/Save  Continue in Form 3 EIS Page' is clicked on

2018-12-17 16:21:05 - [MESSAGE][PASSED] - Object: 'Object Repository/Final Object Repo/Page_Form 3 EIS - Cessation as Employer/Save  Continue in Form 3 EIS Page' is clicked on

2018-12-17 16:21:05 - [TEST_STEP][PASSED] - delay: Delayed 1 second(s)

2018-12-17 16:21:06 - [MESSAGE][PASSED] - Delayed 1 second(s)

2018-12-17 16:21:06 - [TEST_STEP][PASSED] - click: Object: 'Object Repository/Final Object Repo/Page_Form 3 EIS - Cessation as Employer/Employment Resign Date' is clicked on

2018-12-17 16:21:06 - [MESSAGE][PASSED] - Object: 'Object Repository/Final Object Repo/Page_Form 3 EIS - Cessation as Employer/Employment Resign Date' is clicked on

2018-12-17 16:21:06 - [TEST_STEP][PASSED] - selectOptionByValue: All options with value '2030' are selected in object 'Object Repository/Final Object Repo/Page_Form 3 EIS - Cessation as Employer/Employment Resign Date - Year' 

2018-12-17 16:21:07 - [MESSAGE][PASSED] - All options with value '2030' are selected in object 'Object Repository/Final Object Repo/Page_Form 3 EIS - Cessation as Employer/Employment Resign Date - Year' 

2018-12-17 16:21:07 - [TEST_STEP][PASSED] - delay: Delayed 2 second(s)

2018-12-17 16:21:09 - [MESSAGE][PASSED] - Delayed 2 second(s)

2018-12-17 16:21:09 - [TEST_STEP][PASSED] - click: Object: 'Object Repository/Final Object Repo/Page_Form 3 EIS - Cessation as Employer/Employment Resign Date - Year - Date' is clicked on

2018-12-17 16:21:09 - [MESSAGE][PASSED] - Object: 'Object Repository/Final Object Repo/Page_Form 3 EIS - Cessation as Employer/Employment Resign Date - Year - Date' is clicked on

2018-12-17 16:21:09 - [TEST_STEP][PASSED] - delay: Delayed 2 second(s)

2018-12-17 16:21:11 - [MESSAGE][PASSED] - Delayed 2 second(s)

2018-12-17 16:21:11 - [TEST_STEP][PASSED] - click: Object: 'Object Repository/Final Object Repo/Page_Form 3 EIS - Cessation as Employer/Save  Continue in Employment Resign Page' is clicked on

2018-12-17 16:21:11 - [MESSAGE][PASSED] - Object: 'Object Repository/Final Object Repo/Page_Form 3 EIS - Cessation as Employer/Save  Continue in Employment Resign Page' is clicked on

2018-12-17 16:21:11 - [TEST_STEP][PASSED] - delay: Delayed 2 second(s)

2018-12-17 16:21:13 - [MESSAGE][PASSED] - Delayed 2 second(s)

2018-12-17 16:21:13 - [TEST_STEP][PASSED] - click: Object: 'Object Repository/Final Object Repo/Page_Form 3 EIS - Cessation as Employer/Set Latest - Yes' is clicked on

2018-12-17 16:21:13 - [MESSAGE][PASSED] - Object: 'Object Repository/Final Object Repo/Page_Form 3 EIS - Cessation as Employer/Set Latest - Yes' is clicked on

2018-12-17 16:21:13 - [TEST_STEP][PASSED] - delay: Delayed 2 second(s)

2018-12-17 16:21:15 - [MESSAGE][PASSED] - Delayed 2 second(s)

2018-12-17 16:21:15 - [TEST_STEP][PASSED] - click: Object: 'Object Repository/Final Object Repo/Page_Form 3 EIS - Cessation as Employer/Add Document' is clicked on

2018-12-17 16:21:17 - [MESSAGE][PASSED] - Object: 'Object Repository/Final Object Repo/Page_Form 3 EIS - Cessation as Employer/Add Document' is clicked on

2018-12-17 16:21:17 - [TEST_STEP][PASSED] - delay: Delayed 3 second(s)

2018-12-17 16:21:20 - [MESSAGE][PASSED] - Delayed 3 second(s)

2018-12-17 16:21:20 - [TEST_STEP][PASSED] - click: Object: 'Object Repository/Final Object Repo/Page_Form 3 EIS - Cessation as Employer/Document Type' is clicked on

2018-12-17 16:21:20 - [MESSAGE][PASSED] - Object: 'Object Repository/Final Object Repo/Page_Form 3 EIS - Cessation as Employer/Document Type' is clicked on

2018-12-17 16:21:20 - [TEST_STEP][PASSED] - click: Object: 'Object Repository/Final Object Repo/Page_Form 3 EIS - Cessation as Employer/Document Type - Form 3' is clicked on

2018-12-17 16:21:20 - [MESSAGE][PASSED] - Object: 'Object Repository/Final Object Repo/Page_Form 3 EIS - Cessation as Employer/Document Type - Form 3' is clicked on

2018-12-17 16:21:20 - [TEST_STEP][PASSED] - delay: Delayed 2 second(s)

2018-12-17 16:21:22 - [MESSAGE][PASSED] - Delayed 2 second(s)

2018-12-17 16:21:22 - [TEST_STEP][PASSED] - sendKeys: Keys 'C:\Users\Public\Pictures\Sample Pictures\Koala.jpg' sent to object: 'Object Repository/Final Object Repo/Page_Form 3 EIS - Cessation as Employer/ploading File'

2018-12-17 16:21:22 - [MESSAGE][PASSED] - Keys 'C:\Users\Public\Pictures\Sample Pictures\Koala.jpg' sent to object: 'Object Repository/Final Object Repo/Page_Form 3 EIS - Cessation as Employer/ploading File'

2018-12-17 16:21:22 - [TEST_STEP][PASSED] - delay: Delayed 1 second(s)

2018-12-17 16:21:23 - [MESSAGE][PASSED] - Delayed 1 second(s)

2018-12-17 16:21:23 - [TEST_STEP][PASSED] - click: Object: 'Object Repository/Final Object Repo/Page_Form 3 EIS - Cessation as Employer/Add Document in Uploading Page' is clicked on

2018-12-17 16:21:23 - [MESSAGE][PASSED] - Object: 'Object Repository/Final Object Repo/Page_Form 3 EIS - Cessation as Employer/Add Document in Uploading Page' is clicked on

2018-12-17 16:21:23 - [TEST_STEP][PASSED] - delay: Delayed 2 second(s)

2018-12-17 16:21:25 - [MESSAGE][PASSED] - Delayed 2 second(s)

2018-12-17 16:21:25 - [TEST_STEP][PASSED] - Statement - CaseReferenceNo = com.kms.katalon.core.webui.keyword.WebUiBuiltInKeywords.getText(com.kms.katalon.core.testobject.ObjectRepository.findTestObject(Final Object Repo/Page_Update Employer Information/Reference Number in Update Employee Information Page)): Text of object 'Object Repository/Final Object Repo/Page_Update Employer Information/Reference Number in Update Employee Information Page' is: 'ERN122018C200002479'

2018-12-17 16:21:27 - [MESSAGE][PASSED] - Text of object 'Object Repository/Final Object Repo/Page_Update Employer Information/Reference Number in Update Employee Information Page' is: 'ERN122018C200002479'

2018-12-17 16:21:27 - [TEST_STEP][PASSED] - callTestCase: Call Test Case 'Test Cases/Final Aug 2018 - PKS Automation/Common/Reference Number Setter' successfully

2018-12-17 16:21:27 - [TEST_CASE][PASSED] - Test Cases/Final Aug 2018 - PKS Automation/Common/Reference Number Setter: Test Cases/Final Aug 2018 - PKS Automation/Common/Reference Number Setter

2018-12-17 16:21:27 - [TEST_STEP][PASSED] - Statement - RefNoOldFile = new java.io.File(C://Users//Admin//Desktop//PKS//Automation Reference Point//KatalonReference.txt): null

2018-12-17 16:21:27 - [TEST_STEP][PASSED] - Statement - RefNoOldFile.delete(): null

2018-12-17 16:21:27 - [TEST_STEP][PASSED] - delay: Delayed 5 second(s)

2018-12-17 16:21:32 - [MESSAGE][PASSED] - Delayed 5 second(s)

2018-12-17 16:21:32 - [TEST_STEP][PASSED] - Statement - RefNo = new java.io.File(C://Users//Admin//Desktop//PKS//Automation Reference Point//KatalonReference.txt): null

2018-12-17 16:21:32 - [TEST_STEP][PASSED] - Statement - f2 = new java.io.FileWriter(RefNo, false): null

2018-12-17 16:21:32 - [TEST_STEP][PASSED] - Statement - f2.write(CaseReferenceNo): null

2018-12-17 16:21:32 - [TEST_STEP][PASSED] - Statement - f2.close(): null

2018-12-17 16:21:32 - [TEST_STEP][PASSED] - Statement - out.println("


" + CaseReferenceNo + "


"): null

2018-12-17 16:21:32 - [MESSAGE][PASSED] - Call Test Case 'Test Cases/Final Aug 2018 - PKS Automation/Common/Reference Number Setter' successfully

2018-12-17 16:21:32 - [TEST_STEP][PASSED] - delay: Delayed 2 second(s)

2018-12-17 16:21:34 - [MESSAGE][PASSED] - Delayed 2 second(s)

2018-12-17 16:21:34 - [TEST_STEP][PASSED] - click: Object: 'Object Repository/Final Object Repo/Page_Form 3 EIS - Cessation as Employer/Save  Continue in Uploading Page' is clicked on

2018-12-17 16:21:34 - [MESSAGE][PASSED] - Object: 'Object Repository/Final Object Repo/Page_Form 3 EIS - Cessation as Employer/Save  Continue in Uploading Page' is clicked on

2018-12-17 16:21:34 - [TEST_STEP][PASSED] - delay: Delayed 2 second(s)

2018-12-17 16:21:36 - [MESSAGE][PASSED] - Delayed 2 second(s)

2018-12-17 16:21:36 - [TEST_STEP][PASSED] - click: Object: 'Object Repository/Final Object Repo/Page_Form 3 EIS - Cessation as Employer/Submit' is clicked on

2018-12-17 16:21:39 - [MESSAGE][PASSED] - Object: 'Object Repository/Final Object Repo/Page_Form 3 EIS - Cessation as Employer/Submit' is clicked on

2018-12-17 16:21:39 - [TEST_STEP][PASSED] - delay: Delayed 2 second(s)

2018-12-17 16:21:41 - [MESSAGE][PASSED] - Delayed 2 second(s)

2018-12-17 16:21:41 - [TEST_STEP][PASSED] - click: Object: 'Object Repository/Final Object Repo/Page_Form 3 EIS - Cessation as Employer/Confirm' is clicked on

2018-12-17 16:21:42 - [MESSAGE][PASSED] - Object: 'Object Repository/Final Object Repo/Page_Form 3 EIS - Cessation as Employer/Confirm' is clicked on

2018-12-17 16:21:42 - [TEST_STEP][PASSED] - delay: Delayed 2 second(s)

2018-12-17 16:21:44 - [MESSAGE][PASSED] - Delayed 2 second(s)

2018-12-17 16:21:44 - [TEST_STEP][PASSED] - click: Object: 'Object Repository/Final Object Repo/Page_Form 3 EIS - Cessation as Employer/Message Your Request will be routed to UO' is clicked on

2018-12-17 16:21:47 - [MESSAGE][PASSED] - Object: 'Object Repository/Final Object Repo/Page_Form 3 EIS - Cessation as Employer/Message Your Request will be routed to UO' is clicked on

2018-12-17 16:21:47 - [TEST_STEP][PASSED] - click: Object: 'Object Repository/Final Object Repo/Page_Form 3 EIS - Cessation as Employer/Letter of acknowledgement' is clicked on

2018-12-17 16:21:47 - [MESSAGE][PASSED] - Object: 'Object Repository/Final Object Repo/Page_Form 3 EIS - Cessation as Employer/Letter of acknowledgement' is clicked on

2018-12-17 16:21:47 - [MESSAGE][PASSED] - Call Test Case 'Test Cases/Final Aug 2018 - PKS Automation/Registration Module/Workflow/Form 3 EIS - Cessation As Employer/Template/Form 3 A - Cessation As Employer (OTC)' successfully

2018-12-17 16:21:47 - [TEST_STEP][PASSED] - callTestCase: Call Test Case 'Test Cases/Final Aug 2018 - PKS Automation/Registration Module/Workflow/Form 3 EIS - Cessation As Employer/Template/Form 3 A - Cessation As Employer (Under enforcement)' successfully

2018-12-17 16:21:47 - [TEST_CASE][PASSED] - Test Cases/Final Aug 2018 - PKS Automation/Registration Module/Workflow/Form 3 EIS - Cessation As Employer/Template/Form 3 A - Cessation As Employer (Under enforcement): Test Cases/Final Aug 2018 - PKS Automation/Registration Module/Workflow/Form 3 EIS - Cessation As Employer/Template/Form 3 A - Cessation As Employer (Under enforcement)

2018-12-17 16:21:47 - [TEST_STEP][NOT_RUN] - callTestCase: NOT_RUN: callTestCase

2018-12-17 16:21:47 - [MESSAGE][NOT_RUN] - NOT_RUN: callTestCase

2018-12-17 16:21:47 - [TEST_STEP][PASSED] - delay: Delayed 1 second(s)

2018-12-17 16:21:48 - [MESSAGE][PASSED] - Delayed 1 second(s)

2018-12-17 16:21:48 - [TEST_STEP][PASSED] - navigateToUrl: Navigate to 'https://assist2-uat.perkeso.gov.my/c/portal/logout' successfully

2018-12-17 16:21:49 - [MESSAGE][PASSED] - Navigate to 'https://assist2-uat.perkeso.gov.my/c/portal/logout' successfully

2018-12-17 16:21:49 - [TEST_STEP][PASSED] - delay: Delayed 1 second(s)

2018-12-17 16:21:50 - [MESSAGE][PASSED] - Delayed 1 second(s)

2018-12-17 16:21:50 - [TEST_STEP][PASSED] - callTestCase: Call Test Case 'Test Cases/Final Aug 2018 - PKS Automation/Common/Reference Number Getter' successfully

2018-12-17 16:21:50 - [TEST_CASE][PASSED] - Test Cases/Final Aug 2018 - PKS Automation/Common/Reference Number Getter: Test Cases/Final Aug 2018 - PKS Automation/Common/Reference Number Getter

2018-12-17 16:21:50 - [TEST_STEP][PASSED] - Statement - Try: null

2018-12-17 16:21:50 - [TEST_STEP][PASSED] - Statement - RefNo = new java.io.File(C://Users//Admin//Desktop//PKS//Automation Reference Point//KatalonReference.txt): null

2018-12-17 16:21:50 - [TEST_STEP][PASSED] - Statement - bufferread = new java.io.BufferedReader(new java.io.FileReader(RefNo)): null

2018-12-17 16:21:50 - [TEST_STEP][PASSED] - Statement - readedVal = bufferread.readLine(): null

2018-12-17 16:21:50 - [TEST_STEP][PASSED] - Statement - out.println(CaseReferenceNo): null

2018-12-17 16:21:50 - [TEST_STEP][PASSED] - Statement - out.println(readedVal): null

2018-12-17 16:21:50 - [TEST_STEP][PASSED] - Statement - CaseReferenceNo = "": null

2018-12-17 16:21:50 - [TEST_STEP][PASSED] - Statement - CaseReferenceNo = readedVal: null

2018-12-17 16:21:50 - [MESSAGE][PASSED] - Call Test Case 'Test Cases/Final Aug 2018 - PKS Automation/Common/Reference Number Getter' successfully

2018-12-17 16:21:50 - [TEST_STEP][PASSED] - callTestCase: Call Test Case 'Test Cases/Final Aug 2018 - PKS Automation/Common/Workflow Owner Finder' successfully

2018-12-17 16:21:50 - [TEST_CASE][PASSED] - Test Cases/Final Aug 2018 - PKS Automation/Common/Workflow Owner Finder: Test Cases/Final Aug 2018 - PKS Automation/Common/Workflow Owner Finder

2018-12-17 16:21:50 - [TEST_STEP][PASSED] - openBrowser: Browser is opened with url: ''

2018-12-17 16:21:50 - [MESSAGE][WARNING] - A browser is already opened. Closing browser and opening a new one

2018-12-17 16:21:53 - [MESSAGE][PASSED] - Browser is opened with url: ''

2018-12-17 16:21:53 - [TEST_STEP][PASSED] - navigateToUrl: Navigate to 'https://assist2-uat.perkeso.gov.my/login' successfully

2018-12-17 16:21:54 - [MESSAGE][PASSED] - Navigate to 'https://assist2-uat.perkeso.gov.my/login' successfully

2018-12-17 16:21:54 - [TEST_STEP][PASSED] - delay: Delayed 5 second(s)

2018-12-17 16:21:59 - [MESSAGE][PASSED] - Delayed 5 second(s)

2018-12-17 16:21:59 - [TEST_STEP][PASSED] - setText: Text 'test@liferay.com' is set on object 'Object Repository/Final Object Repo/Login Page/Internal User/Email Address'

2018-12-17 16:22:00 - [MESSAGE][PASSED] - Text 'test@liferay.com' is set on object 'Object Repository/Final Object Repo/Login Page/Internal User/Email Address'

2018-12-17 16:22:00 - [TEST_STEP][PASSED] - click: Object: 'Object Repository/Final Object Repo/Login Page/Internal User/Next Button' is clicked on

2018-12-17 16:22:00 - [MESSAGE][PASSED] - Object: 'Object Repository/Final Object Repo/Login Page/Internal User/Next Button' is clicked on

2018-12-17 16:22:00 - [TEST_STEP][PASSED] - delay: Delayed 2 second(s)

2018-12-17 16:22:02 - [MESSAGE][PASSED] - Delayed 2 second(s)

2018-12-17 16:22:02 - [TEST_STEP][PASSED] - setText: Text 'test' is set on object 'Object Repository/Final Object Repo/Login Page/Internal User/Password'

2018-12-17 16:22:02 - [MESSAGE][PASSED] - Text 'test' is set on object 'Object Repository/Final Object Repo/Login Page/Internal User/Password'

2018-12-17 16:22:02 - [TEST_STEP][PASSED] - delay: Delayed 2 second(s)

2018-12-17 16:22:04 - [MESSAGE][PASSED] - Delayed 2 second(s)

2018-12-17 16:22:04 - [TEST_STEP][PASSED] - click: Object: 'Object Repository/Final Object Repo/Login Page/Internal User/Login Button' is clicked on

2018-12-17 16:22:04 - [MESSAGE][PASSED] - Object: 'Object Repository/Final Object Repo/Login Page/Internal User/Login Button' is clicked on

2018-12-17 16:22:04 - [TEST_STEP][PASSED] - Statement - tester = com.kms.katalon.core.testobject.ObjectRepository.findTestObject(Final Object Repo/Landing Page/Select to English): Finding Test Object with id 'Object Repository/Final Object Repo/Landing Page/Select to English'

2018-12-17 16:22:04 - [TEST_STEP][PASSED] - Statement - Try: Delayed 2 second(s)

2018-12-17 16:22:04 - [TEST_STEP][PASSED] - Statement - Checker = com.kms.katalon.core.webui.keyword.WebUiBuiltInKeywords.verifyElementNotPresent(tester, 3): Web element with id: 'Object Repository/Final Object Repo/Landing Page/Select to English' located by 'By.xpath: //a[@class = 'taglib-language-list-text' and @lang = 'en-US' and (contains(text(), 'EN') or contains(., 'EN'))]' is not present after '3' second(s)

2018-12-17 16:22:06 - [MESSAGE][PASSED] - Web element with id: 'Object Repository/Final Object Repo/Landing Page/Select to English' located by 'By.xpath: //a[@class = 'taglib-language-list-text' and @lang = 'en-US' and (contains(text(), 'EN') or contains(., 'EN'))]' is not present after '3' second(s)

2018-12-17 16:22:06 - [TEST_STEP][PASSED] - Statement - If (Checker == false): null

2018-12-17 16:22:06 - [TEST_STEP][PASSED] - delay: Delayed 2 second(s)

2018-12-17 16:22:08 - [MESSAGE][PASSED] - Delayed 2 second(s)

2018-12-17 16:22:08 - [TEST_STEP][PASSED] - delay: Delayed 5 second(s)

2018-12-17 16:22:13 - [MESSAGE][PASSED] - Delayed 5 second(s)

2018-12-17 16:22:13 - [TEST_STEP][PASSED] - mouseOver: Object: 'Object Repository/Final Object Repo/Landing Page/WorkFlow Menu' is hovered

2018-12-17 16:22:14 - [MESSAGE][PASSED] - Object: 'Object Repository/Final Object Repo/Landing Page/WorkFlow Menu' is hovered

2018-12-17 16:22:14 - [TEST_STEP][PASSED] - delay: Delayed 2 second(s)

2018-12-17 16:22:16 - [MESSAGE][PASSED] - Delayed 2 second(s)

2018-12-17 16:22:16 - [TEST_STEP][PASSED] - click: Object: 'Object Repository/Final Object Repo/Landing Page/Select to Workflow Listing' is clicked on

2018-12-17 16:22:17 - [MESSAGE][PASSED] - Object: 'Object Repository/Final Object Repo/Landing Page/Select to Workflow Listing' is clicked on

2018-12-17 16:22:17 - [TEST_STEP][PASSED] - delay: Delayed 2 second(s)

2018-12-17 16:22:19 - [MESSAGE][PASSED] - Delayed 2 second(s)

2018-12-17 16:22:19 - [TEST_STEP][PASSED] - click: Object: 'Object Repository/Final Object Repo/WorkFlow Listing Page/Search Information - To Put Ref No' is clicked on

2018-12-17 16:22:19 - [MESSAGE][PASSED] - Object: 'Object Repository/Final Object Repo/WorkFlow Listing Page/Search Information - To Put Ref No' is clicked on

2018-12-17 16:22:19 - [TEST_STEP][PASSED] - delay: Delayed 2 second(s)

2018-12-17 16:22:21 - [MESSAGE][PASSED] - Delayed 2 second(s)

2018-12-17 16:22:21 - [TEST_STEP][PASSED] - callTestCase: Call Test Case 'Test Cases/Final Aug 2018 - PKS Automation/Common/Reference Number Getter' successfully

2018-12-17 16:22:21 - [TEST_CASE][PASSED] - Test Cases/Final Aug 2018 - PKS Automation/Common/Reference Number Getter: Test Cases/Final Aug 2018 - PKS Automation/Common/Reference Number Getter

2018-12-17 16:22:21 - [TEST_STEP][PASSED] - Statement - Try: null

2018-12-17 16:22:21 - [TEST_STEP][PASSED] - Statement - RefNo = new java.io.File(C://Users//Admin//Desktop//PKS//Automation Reference Point//KatalonReference.txt): null

2018-12-17 16:22:21 - [TEST_STEP][PASSED] - Statement - bufferread = new java.io.BufferedReader(new java.io.FileReader(RefNo)): null

2018-12-17 16:22:21 - [TEST_STEP][PASSED] - Statement - readedVal = bufferread.readLine(): null

2018-12-17 16:22:21 - [TEST_STEP][PASSED] - Statement - out.println(CaseReferenceNo): null

2018-12-17 16:22:21 - [TEST_STEP][PASSED] - Statement - out.println(readedVal): null

2018-12-17 16:22:21 - [TEST_STEP][PASSED] - Statement - CaseReferenceNo = "": null

2018-12-17 16:22:21 - [TEST_STEP][PASSED] - Statement - CaseReferenceNo = readedVal: null

2018-12-17 16:22:21 - [MESSAGE][PASSED] - Call Test Case 'Test Cases/Final Aug 2018 - PKS Automation/Common/Reference Number Getter' successfully

2018-12-17 16:22:21 - [TEST_STEP][PASSED] - setText: Text 'ERN122018C200002479' is set on object 'Object Repository/Final Object Repo/WorkFlow Listing Page/Ref No Set Text'

2018-12-17 16:22:22 - [MESSAGE][PASSED] - Text 'ERN122018C200002479' is set on object 'Object Repository/Final Object Repo/WorkFlow Listing Page/Ref No Set Text'

2018-12-17 16:22:22 - [TEST_STEP][PASSED] - delay: Delayed 2 second(s)

2018-12-17 16:22:24 - [MESSAGE][PASSED] - Delayed 2 second(s)

2018-12-17 16:22:24 - [TEST_STEP][PASSED] - click: Object: 'Object Repository/Final Object Repo/WorkFlow Listing Page/Search Ref No Search Button' is clicked on

2018-12-17 16:22:24 - [MESSAGE][PASSED] - Object: 'Object Repository/Final Object Repo/WorkFlow Listing Page/Search Ref No Search Button' is clicked on

2018-12-17 16:22:24 - [TEST_STEP][PASSED] - delay: Delayed 6 second(s)

2018-12-17 16:22:30 - [MESSAGE][PASSED] - Delayed 6 second(s)

2018-12-17 16:22:30 - [TEST_STEP][PASSED] - click: Object: 'Object Repository/Final Object Repo/WorkFlow Listing Page/Click Continue Tooltip' is clicked on

2018-12-17 16:22:31 - [MESSAGE][PASSED] - Object: 'Object Repository/Final Object Repo/WorkFlow Listing Page/Click Continue Tooltip' is clicked on

2018-12-17 16:22:31 - [TEST_STEP][PASSED] - delay: Delayed 5 second(s)

2018-12-17 16:22:36 - [MESSAGE][PASSED] - Delayed 5 second(s)

2018-12-17 16:22:36 - [TEST_STEP][PASSED] - doubleClick: Object: 'Object Repository/Final Object Repo/WorkFlow Listing Page/Workflow Found - Listing 1' is double clicked on

2018-12-17 16:22:36 - [MESSAGE][PASSED] - Object: 'Object Repository/Final Object Repo/WorkFlow Listing Page/Workflow Found - Listing 1' is double clicked on

2018-12-17 16:22:36 - [TEST_STEP][PASSED] - Statement - println(OwnerID): null

2018-12-17 16:22:36 - [TEST_STEP][PASSED] - Statement - OwnerID = com.kms.katalon.core.webui.keyword.WebUiBuiltInKeywords.getText(com.kms.katalon.core.testobject.ObjectRepository.findTestObject(Final Object Repo/WorkFlow Listing Page/Workflow Found - Listing 1), STOP_ON_FAILURE): Text of object 'Object Repository/Final Object Repo/WorkFlow Listing Page/Workflow Found - Listing 1' is: 'JOHORuo3'

2018-12-17 16:22:36 - [MESSAGE][PASSED] - Text of object 'Object Repository/Final Object Repo/WorkFlow Listing Page/Workflow Found - Listing 1' is: 'JOHORuo3'

2018-12-17 16:22:36 - [TEST_STEP][PASSED] - Statement - OwnerID = OwnerID.toLowerCase() + "@gmail.com": null

2018-12-17 16:22:36 - [TEST_STEP][PASSED] - Statement - println(OwnerID): null

2018-12-17 16:22:36 - [TEST_STEP][PASSED] - delay: Delayed 2 second(s)

2018-12-17 16:22:38 - [MESSAGE][PASSED] - Delayed 2 second(s)

2018-12-17 16:22:38 - [MESSAGE][PASSED] - Call Test Case 'Test Cases/Final Aug 2018 - PKS Automation/Common/Workflow Owner Finder' successfully

2018-12-17 16:22:38 - [TEST_STEP][PASSED] - delay: Delayed 1 second(s)

2018-12-17 16:22:39 - [MESSAGE][PASSED] - Delayed 1 second(s)

2018-12-17 16:22:39 - [TEST_STEP][PASSED] - navigateToUrl: Navigate to 'https://assist2-uat.perkeso.gov.my/c/portal/logout' successfully

2018-12-17 16:22:40 - [MESSAGE][PASSED] - Navigate to 'https://assist2-uat.perkeso.gov.my/c/portal/logout' successfully

2018-12-17 16:22:40 - [TEST_STEP][PASSED] - delay: Delayed 1 second(s)

2018-12-17 16:22:41 - [MESSAGE][PASSED] - Delayed 1 second(s)

2018-12-17 16:22:41 - [TEST_STEP][PASSED] - callTestCase: Call Test Case 'Test Cases/Final Aug 2018 - PKS Automation/Registration Module/Workflow/Login and Search Case For Workflow' successfully

2018-12-17 16:22:41 - [TEST_CASE][PASSED] - Test Cases/Final Aug 2018 - PKS Automation/Registration Module/Workflow/Login and Search Case For Workflow: Test Cases/Final Aug 2018 - PKS Automation/Registration Module/Workflow/Login and Search Case For Workflow

2018-12-17 16:22:41 - [TEST_STEP][PASSED] - navigateToUrl: Navigate to 'https://assist2-uat.perkeso.gov.my/login' successfully

2018-12-17 16:22:42 - [MESSAGE][PASSED] - Navigate to 'https://assist2-uat.perkeso.gov.my/login' successfully

2018-12-17 16:22:42 - [TEST_STEP][PASSED] - setText: Text 'johoruo3@gmail.com' is set on object 'Object Repository/Final Object Repo/Login Page/Internal User/Email Address'

2018-12-17 16:22:42 - [MESSAGE][PASSED] - Text 'johoruo3@gmail.com' is set on object 'Object Repository/Final Object Repo/Login Page/Internal User/Email Address'

2018-12-17 16:22:42 - [TEST_STEP][PASSED] - click: Object: 'Object Repository/Final Object Repo/Login Page/Internal User/Next Button' is clicked on

2018-12-17 16:22:42 - [MESSAGE][PASSED] - Object: 'Object Repository/Final Object Repo/Login Page/Internal User/Next Button' is clicked on

2018-12-17 16:22:42 - [TEST_STEP][PASSED] - delay: Delayed 1 second(s)

2018-12-17 16:22:43 - [MESSAGE][PASSED] - Delayed 1 second(s)

2018-12-17 16:22:43 - [TEST_STEP][PASSED] - setEncryptedText: Text ****** has been set on object 'Object Repository/Final Object Repo/Login Page/Internal User/Password'

2018-12-17 16:22:44 - [MESSAGE][PASSED] - Text ****** has been set on object 'Object Repository/Final Object Repo/Login Page/Internal User/Password'

2018-12-17 16:22:44 - [TEST_STEP][PASSED] - click: Object: 'Object Repository/Final Object Repo/Login Page/Internal User/Login Button' is clicked on

2018-12-17 16:22:44 - [MESSAGE][PASSED] - Object: 'Object Repository/Final Object Repo/Login Page/Internal User/Login Button' is clicked on

2018-12-17 16:22:44 - [TEST_STEP][PASSED] - delay: Delayed 2 second(s)

2018-12-17 16:22:46 - [MESSAGE][PASSED] - Delayed 2 second(s)

2018-12-17 16:22:46 - [TEST_STEP][PASSED] - Statement - Try: Delayed 2 second(s)

2018-12-17 16:22:46 - [TEST_STEP][PASSED] - Statement - Checker = false: null

2018-12-17 16:22:46 - [TEST_STEP][PASSED] - Statement - Checker = com.kms.katalon.core.webui.keyword.WebUiBuiltInKeywords.verifyElementHasAttribute(com.kms.katalon.core.testobject.ObjectRepository.findTestObject(Final Object Repo/Landing Page/BM Detecting), "href", 20, OPTIONAL): Object 'Object Repository/Final Object Repo/Landing Page/BM Detecting' has attribute 'href'

2018-12-17 16:22:46 - [MESSAGE][PASSED] - Object 'Object Repository/Final Object Repo/Landing Page/BM Detecting' has attribute 'href'

2018-12-17 16:22:46 - [TEST_STEP][PASSED] - Statement - out.println(Checker): null

2018-12-17 16:22:46 - [TEST_STEP][PASSED] - Statement - If (Checker == false): null

2018-12-17 16:22:46 - [TEST_STEP][PASSED] - Statement - Else: null

2018-12-17 16:22:46 - [TEST_STEP][PASSED] - delay: Delayed 2 second(s)

2018-12-17 16:22:48 - [MESSAGE][PASSED] - Delayed 2 second(s)

2018-12-17 16:22:48 - [TEST_STEP][PASSED] - click: Object: 'Object Repository/Final Object Repo/Page_MyASSIST - ASSIST - Search Pending Case For Add Supporting Document/Search Information' is clicked on

2018-12-17 16:22:48 - [MESSAGE][PASSED] - Object: 'Object Repository/Final Object Repo/Page_MyASSIST - ASSIST - Search Pending Case For Add Supporting Document/Search Information' is clicked on

2018-12-17 16:22:48 - [TEST_STEP][PASSED] - delay: Delayed 3 second(s)

2018-12-17 16:22:51 - [MESSAGE][PASSED] - Delayed 3 second(s)

2018-12-17 16:22:51 - [TEST_STEP][PASSED] - sendKeys: Keys 'ERN122018C200002479' sent to object: 'Object Repository/Final Object Repo/Page_MyASSIST - ASSIST - Search Pending Case For Add Supporting Document/Reference No'

2018-12-17 16:22:51 - [MESSAGE][PASSED] - Keys 'ERN122018C200002479' sent to object: 'Object Repository/Final Object Repo/Page_MyASSIST - ASSIST - Search Pending Case For Add Supporting Document/Reference No'

2018-12-17 16:22:51 - [TEST_STEP][PASSED] - click: Object: 'Object Repository/Final Object Repo/Page_MyASSIST - ASSIST - Search Pending Case For Add Supporting Document/Search Reference No' is clicked on

2018-12-17 16:22:51 - [MESSAGE][PASSED] - Object: 'Object Repository/Final Object Repo/Page_MyASSIST - ASSIST - Search Pending Case For Add Supporting Document/Search Reference No' is clicked on

2018-12-17 16:22:51 - [TEST_STEP][PASSED] - delay: Delayed 2 second(s)

2018-12-17 16:22:53 - [MESSAGE][PASSED] - Delayed 2 second(s)

2018-12-17 16:22:53 - [TEST_STEP][PASSED] - click: Object: 'Object Repository/Final Object Repo/Page_MyASSIST - ASSIST - Search Pending Case For Add Supporting Document/Continue' is clicked on

2018-12-17 16:22:57 - [MESSAGE][PASSED] - Object: 'Object Repository/Final Object Repo/Page_MyASSIST - ASSIST - Search Pending Case For Add Supporting Document/Continue' is clicked on

2018-12-17 16:22:57 - [TEST_STEP][PASSED] - delay: Delayed 20 second(s)

2018-12-17 16:23:17 - [MESSAGE][PASSED] - Delayed 20 second(s)

2018-12-17 16:23:17 - [MESSAGE][PASSED] - Call Test Case 'Test Cases/Final Aug 2018 - PKS Automation/Registration Module/Workflow/Login and Search Case For Workflow' successfully

2018-12-17 16:23:17 - [TEST_STEP][PASSED] - click: Object: 'Object Repository/Final Object Repo/Page_Form 3 EIS - Cessation as Employer/Page_Form 3 EIS - Cessation as Employer (Approve)/Save  Continue in Form 3 Page' is clicked on

2018-12-17 16:23:17 - [MESSAGE][PASSED] - Object: 'Object Repository/Final Object Repo/Page_Form 3 EIS - Cessation as Employer/Page_Form 3 EIS - Cessation as Employer (Approve)/Save  Continue in Form 3 Page' is clicked on

2018-12-17 16:23:17 - [TEST_STEP][PASSED] - delay: Delayed 2 second(s)

2018-12-17 16:23:19 - [MESSAGE][PASSED] - Delayed 2 second(s)

2018-12-17 16:23:19 - [TEST_STEP][PASSED] - click: Object: 'Object Repository/Final Object Repo/Page_Form 3 EIS - Cessation as Employer/Page_Form 3 EIS - Cessation as Employer (Approve)/Save  Continue in Resigned Page' is clicked on

2018-12-17 16:23:19 - [MESSAGE][PASSED] - Object: 'Object Repository/Final Object Repo/Page_Form 3 EIS - Cessation as Employer/Page_Form 3 EIS - Cessation as Employer (Approve)/Save  Continue in Resigned Page' is clicked on

2018-12-17 16:23:19 - [TEST_STEP][PASSED] - delay: Delayed 2 second(s)

2018-12-17 16:23:21 - [MESSAGE][PASSED] - Delayed 2 second(s)

2018-12-17 16:23:21 - [TEST_STEP][PASSED] - click: Object: 'Object Repository/Final Object Repo/Page_Form 3 EIS - Cessation as Employer/Page_Form 3 EIS - Cessation as Employer (Approve)/Save  Continue in Uploading Page' is clicked on

2018-12-17 16:23:22 - [MESSAGE][PASSED] - Object: 'Object Repository/Final Object Repo/Page_Form 3 EIS - Cessation as Employer/Page_Form 3 EIS - Cessation as Employer (Approve)/Save  Continue in Uploading Page' is clicked on

2018-12-17 16:23:22 - [TEST_STEP][PASSED] - delay: Delayed 2 second(s)

2018-12-17 16:23:24 - [MESSAGE][PASSED] - Delayed 2 second(s)

2018-12-17 16:23:24 - [TEST_STEP][PASSED] - click: Object: 'Object Repository/Final Object Repo/Page_Form 3 EIS - Cessation as Employer/Page_Form 3 EIS - Cessation as Employer (Under enforcement)/Underenforcement' is clicked on

2018-12-17 16:23:27 - [MESSAGE][PASSED] - Object: 'Object Repository/Final Object Repo/Page_Form 3 EIS - Cessation as Employer/Page_Form 3 EIS - Cessation as Employer (Under enforcement)/Underenforcement' is clicked on

2018-12-17 16:23:27 - [TEST_STEP][PASSED] - delay: Delayed 2 second(s)

2018-12-17 16:23:29 - [MESSAGE][PASSED] - Delayed 2 second(s)

2018-12-17 16:23:29 - [TEST_STEP][PASSED] - setText: Text 'Remark' is set on object 'Object Repository/Final Object Repo/Page_Form 3 EIS - Cessation as Employer/Page_Form 3 EIS - Cessation as Employer (Under enforcement)/Under enforcement - Remark'

2018-12-17 16:23:29 - [MESSAGE][PASSED] - Text 'Remark' is set on object 'Object Repository/Final Object Repo/Page_Form 3 EIS - Cessation as Employer/Page_Form 3 EIS - Cessation as Employer (Under enforcement)/Under enforcement - Remark'

2018-12-17 16:23:29 - [TEST_STEP][PASSED] - delay: Delayed 2 second(s)

2018-12-17 16:23:31 - [MESSAGE][PASSED] - Delayed 2 second(s)

2018-12-17 16:23:31 - [TEST_STEP][PASSED] - click: Object: 'Object Repository/Final Object Repo/Page_Form 3 EIS - Cessation as Employer/Page_Form 3 EIS - Cessation as Employer (Under enforcement)/Save  Continue in Under enforcement' is clicked on

2018-12-17 16:23:32 - [MESSAGE][PASSED] - Object: 'Object Repository/Final Object Repo/Page_Form 3 EIS - Cessation as Employer/Page_Form 3 EIS - Cessation as Employer (Under enforcement)/Save  Continue in Under enforcement' is clicked on

2018-12-17 16:23:32 - [TEST_STEP][PASSED] - doubleClick: Object: 'Object Repository/Final Object Repo/Page_Form 3 EIS - Cessation as Employer/Page_Form 3 EIS - Cessation as Employer (Under enforcement)/Message The case is under enforcement' is double clicked on

2018-12-17 16:23:36 - [MESSAGE][PASSED] - Object: 'Object Repository/Final Object Repo/Page_Form 3 EIS - Cessation as Employer/Page_Form 3 EIS - Cessation as Employer (Under enforcement)/Message The case is under enforcement' is double clicked on

2018-12-17 16:23:36 - [MESSAGE][PASSED] - Call Test Case 'Test Cases/Final Aug 2018 - PKS Automation/Registration Module/Workflow/Form 3 EIS - Cessation As Employer/Template/Form 3 A - Cessation As Employer (Under enforcement)' successfully]]></system-out>
         <system-err><![CDATA[]]></system-err>
      </testcase>
      <testcase name="Test Cases/Final Aug 2018 - PKS Automation/Registration Module/Workflow/Form 3 EIS - Cessation As Employer/PKRBO to UO (Approve)" classname="Test Cases/Final Aug 2018 - PKS Automation/Registration Module/Workflow/Form 3 EIS - Cessation As Employer/PKRBO to UO (Approve)" status="PASSED">
         <system-out><![CDATA[2018-12-17 16:23:36 - [TEST_CASE][PASSED] - Test Cases/Final Aug 2018 - PKS Automation/Registration Module/Workflow/Form 3 EIS - Cessation As Employer/PKRBO to UO (Approve): Test Cases/Final Aug 2018 - PKS Automation/Registration Module/Workflow/Form 3 EIS - Cessation As Employer/PKRBO to UO (Approve)

2018-12-17 16:23:36 - [TEST_STEP][PASSED] - callTestCase: Call Test Case 'Test Cases/Final Aug 2018 - PKS Automation/Registration Module/Workflow/Form 3 EIS - Cessation As Employer/Template/Form 3 A - Cessation As Employer (PKRBO)' successfully

2018-12-17 16:23:36 - [TEST_CASE][PASSED] - Test Cases/Final Aug 2018 - PKS Automation/Registration Module/Workflow/Form 3 EIS - Cessation As Employer/Template/Form 3 A - Cessation As Employer (PKRBO): Test Cases/Final Aug 2018 - PKS Automation/Registration Module/Workflow/Form 3 EIS - Cessation As Employer/Template/Form 3 A - Cessation As Employer (PKRBO)

2018-12-17 16:23:36 - [TEST_STEP][PASSED] - openBrowser: Browser is opened with url: ''

2018-12-17 16:23:36 - [MESSAGE][WARNING] - A browser is already opened. Closing browser and opening a new one

2018-12-17 16:23:39 - [MESSAGE][PASSED] - Browser is opened with url: ''

2018-12-17 16:23:39 - [TEST_STEP][PASSED] - navigateToUrl: Navigate to 'https://assist2-uat.perkeso.gov.my/login' successfully

2018-12-17 16:23:41 - [MESSAGE][PASSED] - Navigate to 'https://assist2-uat.perkeso.gov.my/login' successfully

2018-12-17 16:23:41 - [TEST_STEP][PASSED] - setText: Text 'johorpkrbo1@gmail.com' is set on object 'Object Repository/Final Object Repo/Login Page/Internal User/Email Address'

2018-12-17 16:23:41 - [MESSAGE][PASSED] - Text 'johorpkrbo1@gmail.com' is set on object 'Object Repository/Final Object Repo/Login Page/Internal User/Email Address'

2018-12-17 16:23:41 - [TEST_STEP][PASSED] - click: Object: 'Object Repository/Final Object Repo/Login Page/Internal User/Next Button' is clicked on

2018-12-17 16:23:41 - [MESSAGE][PASSED] - Object: 'Object Repository/Final Object Repo/Login Page/Internal User/Next Button' is clicked on

2018-12-17 16:23:41 - [TEST_STEP][PASSED] - delay: Delayed 1 second(s)

2018-12-17 16:23:42 - [MESSAGE][PASSED] - Delayed 1 second(s)

2018-12-17 16:23:42 - [TEST_STEP][PASSED] - setEncryptedText: Text ****** has been set on object 'Object Repository/Final Object Repo/Login Page/Internal User/Password'

2018-12-17 16:23:42 - [MESSAGE][PASSED] - Text ****** has been set on object 'Object Repository/Final Object Repo/Login Page/Internal User/Password'

2018-12-17 16:23:42 - [TEST_STEP][PASSED] - click: Object: 'Object Repository/Final Object Repo/Login Page/Internal User/Login Button' is clicked on

2018-12-17 16:23:43 - [MESSAGE][PASSED] - Object: 'Object Repository/Final Object Repo/Login Page/Internal User/Login Button' is clicked on

2018-12-17 16:23:43 - [TEST_STEP][PASSED] - delay: Delayed 1 second(s)

2018-12-17 16:23:44 - [MESSAGE][PASSED] - Delayed 1 second(s)

2018-12-17 16:23:44 - [TEST_STEP][PASSED] - Statement - Try: Delayed 2 second(s)

2018-12-17 16:23:44 - [TEST_STEP][PASSED] - Statement - Checker = false: null

2018-12-17 16:23:44 - [TEST_STEP][PASSED] - Statement - Checker = com.kms.katalon.core.webui.keyword.WebUiBuiltInKeywords.verifyElementHasAttribute(com.kms.katalon.core.testobject.ObjectRepository.findTestObject(Final Object Repo/Landing Page/BM Detecting), "href", 20, OPTIONAL): Object 'Object Repository/Final Object Repo/Landing Page/BM Detecting' has attribute 'href'

2018-12-17 16:23:45 - [MESSAGE][PASSED] - Object 'Object Repository/Final Object Repo/Landing Page/BM Detecting' has attribute 'href'

2018-12-17 16:23:45 - [TEST_STEP][PASSED] - Statement - out.println(Checker): null

2018-12-17 16:23:45 - [TEST_STEP][PASSED] - Statement - If (Checker == false): null

2018-12-17 16:23:45 - [TEST_STEP][PASSED] - Statement - Else: null

2018-12-17 16:23:45 - [TEST_STEP][PASSED] - delay: Delayed 2 second(s)

2018-12-17 16:23:47 - [MESSAGE][PASSED] - Delayed 2 second(s)

2018-12-17 16:23:47 - [TEST_STEP][PASSED] - navigateToUrl: Navigate to 'https://assist2-uat.perkeso.gov.my/web/registration/eis-update/form-3-eis-cessation-as-employer' successfully

2018-12-17 16:23:49 - [MESSAGE][PASSED] - Navigate to 'https://assist2-uat.perkeso.gov.my/web/registration/eis-update/form-3-eis-cessation-as-employer' successfully

2018-12-17 16:23:49 - [TEST_STEP][PASSED] - delay: Delayed 1 second(s)

2018-12-17 16:23:50 - [MESSAGE][PASSED] - Delayed 1 second(s)

2018-12-17 16:23:50 - [TEST_STEP][PASSED] - setText: Text 'E1102069769W' is set on object 'Object Repository/Final Object Repo/Page_Form 3 EIS - Cessation as Employer/Employer Code'

2018-12-17 16:23:50 - [MESSAGE][PASSED] - Text 'E1102069769W' is set on object 'Object Repository/Final Object Repo/Page_Form 3 EIS - Cessation as Employer/Employer Code'

2018-12-17 16:23:50 - [TEST_STEP][PASSED] - click: Object: 'Object Repository/Final Object Repo/Page_Form 3 EIS - Cessation as Employer/Search' is clicked on

2018-12-17 16:23:50 - [MESSAGE][PASSED] - Object: 'Object Repository/Final Object Repo/Page_Form 3 EIS - Cessation as Employer/Search' is clicked on

2018-12-17 16:23:50 - [TEST_STEP][PASSED] - click: Object: 'Object Repository/Final Object Repo/Page_Form 3 EIS - Cessation as Employer/Edit' is clicked on

2018-12-17 16:23:54 - [MESSAGE][PASSED] - Object: 'Object Repository/Final Object Repo/Page_Form 3 EIS - Cessation as Employer/Edit' is clicked on

2018-12-17 16:23:54 - [TEST_STEP][PASSED] - delay: Delayed 1 second(s)

2018-12-17 16:23:55 - [MESSAGE][PASSED] - Delayed 1 second(s)

2018-12-17 16:23:55 - [TEST_STEP][PASSED] - Statement - abc = com.kms.katalon.core.webui.keyword.WebUiBuiltInKeywords.getAttribute(com.kms.katalon.core.testobject.ObjectRepository.findTestObject(Final Object Repo/Page_Form 3 EIS - Cessation as Employer/Employer Status), "value"): Attribute 'value' of object 'Object Repository/Final Object Repo/Page_Form 3 EIS - Cessation as Employer/Employer Status' is: 'Active'

2018-12-17 16:23:55 - [MESSAGE][PASSED] - Attribute 'value' of object 'Object Repository/Final Object Repo/Page_Form 3 EIS - Cessation as Employer/Employer Status' is: 'Active'

2018-12-17 16:23:55 - [TEST_STEP][PASSED] - Statement - out.println(abc): null

2018-12-17 16:23:55 - [TEST_STEP][PASSED] - Statement - If (abc == "Active"): Object: 'Object Repository/Final Object Repo/Page_Form 3 EIS - Cessation as Employer/Dormant EIS' is clicked on

2018-12-17 16:23:55 - [TEST_STEP][PASSED] - click: Object: 'Object Repository/Final Object Repo/Page_Form 3 EIS - Cessation as Employer/Change Employer Status to' is clicked on

2018-12-17 16:23:55 - [MESSAGE][PASSED] - Object: 'Object Repository/Final Object Repo/Page_Form 3 EIS - Cessation as Employer/Change Employer Status to' is clicked on

2018-12-17 16:23:55 - [TEST_STEP][PASSED] - click: Object: 'Object Repository/Final Object Repo/Page_Form 3 EIS - Cessation as Employer/Dormant EIS' is clicked on

2018-12-17 16:23:56 - [MESSAGE][PASSED] - Object: 'Object Repository/Final Object Repo/Page_Form 3 EIS - Cessation as Employer/Dormant EIS' is clicked on

2018-12-17 16:23:56 - [TEST_STEP][PASSED] - click: Object: 'Object Repository/Final Object Repo/Page_Form 3 EIS - Cessation as Employer/Calender' is clicked on

2018-12-17 16:23:56 - [MESSAGE][PASSED] - Object: 'Object Repository/Final Object Repo/Page_Form 3 EIS - Cessation as Employer/Calender' is clicked on

2018-12-17 16:23:56 - [TEST_STEP][PASSED] - delay: Delayed 1 second(s)

2018-12-17 16:23:57 - [MESSAGE][PASSED] - Delayed 1 second(s)

2018-12-17 16:23:57 - [TEST_STEP][PASSED] - click: Object: 'Object Repository/Final Object Repo/Page_Form 3 EIS - Cessation as Employer/Calender - Date' is clicked on

2018-12-17 16:23:57 - [MESSAGE][PASSED] - Object: 'Object Repository/Final Object Repo/Page_Form 3 EIS - Cessation as Employer/Calender - Date' is clicked on

2018-12-17 16:23:57 - [TEST_STEP][PASSED] - click: Object: 'Object Repository/Final Object Repo/Page_Form 3 EIS - Cessation as Employer/Save  Continue in Form 3 EIS Page' is clicked on

2018-12-17 16:23:57 - [MESSAGE][PASSED] - Object: 'Object Repository/Final Object Repo/Page_Form 3 EIS - Cessation as Employer/Save  Continue in Form 3 EIS Page' is clicked on

2018-12-17 16:23:57 - [TEST_STEP][PASSED] - delay: Delayed 1 second(s)

2018-12-17 16:23:58 - [MESSAGE][PASSED] - Delayed 1 second(s)

2018-12-17 16:23:58 - [TEST_STEP][PASSED] - click: Object: 'Object Repository/Final Object Repo/Page_Form 3 EIS - Cessation as Employer/Employment Resign Date' is clicked on

2018-12-17 16:23:59 - [MESSAGE][PASSED] - Object: 'Object Repository/Final Object Repo/Page_Form 3 EIS - Cessation as Employer/Employment Resign Date' is clicked on

2018-12-17 16:23:59 - [TEST_STEP][PASSED] - selectOptionByValue: All options with value '2030' are selected in object 'Object Repository/Final Object Repo/Page_Form 3 EIS - Cessation as Employer/Employment Resign Date - Year' 

2018-12-17 16:23:59 - [MESSAGE][PASSED] - All options with value '2030' are selected in object 'Object Repository/Final Object Repo/Page_Form 3 EIS - Cessation as Employer/Employment Resign Date - Year' 

2018-12-17 16:23:59 - [TEST_STEP][PASSED] - delay: Delayed 2 second(s)

2018-12-17 16:24:01 - [MESSAGE][PASSED] - Delayed 2 second(s)

2018-12-17 16:24:01 - [TEST_STEP][PASSED] - click: Object: 'Object Repository/Final Object Repo/Page_Form 3 EIS - Cessation as Employer/Employment Resign Date - Year - Date' is clicked on

2018-12-17 16:24:01 - [MESSAGE][PASSED] - Object: 'Object Repository/Final Object Repo/Page_Form 3 EIS - Cessation as Employer/Employment Resign Date - Year - Date' is clicked on

2018-12-17 16:24:01 - [TEST_STEP][PASSED] - delay: Delayed 2 second(s)

2018-12-17 16:24:03 - [MESSAGE][PASSED] - Delayed 2 second(s)

2018-12-17 16:24:03 - [TEST_STEP][PASSED] - click: Object: 'Object Repository/Final Object Repo/Page_Form 3 EIS - Cessation as Employer/Save  Continue in Employment Resign Page' is clicked on

2018-12-17 16:24:04 - [MESSAGE][PASSED] - Object: 'Object Repository/Final Object Repo/Page_Form 3 EIS - Cessation as Employer/Save  Continue in Employment Resign Page' is clicked on

2018-12-17 16:24:04 - [TEST_STEP][PASSED] - delay: Delayed 2 second(s)

2018-12-17 16:24:06 - [MESSAGE][PASSED] - Delayed 2 second(s)

2018-12-17 16:24:06 - [TEST_STEP][PASSED] - click: Object: 'Object Repository/Final Object Repo/Page_Form 3 EIS - Cessation as Employer/Set Latest - Yes' is clicked on

2018-12-17 16:24:06 - [MESSAGE][PASSED] - Object: 'Object Repository/Final Object Repo/Page_Form 3 EIS - Cessation as Employer/Set Latest - Yes' is clicked on

2018-12-17 16:24:06 - [TEST_STEP][PASSED] - delay: Delayed 2 second(s)

2018-12-17 16:24:08 - [MESSAGE][PASSED] - Delayed 2 second(s)

2018-12-17 16:24:08 - [TEST_STEP][PASSED] - click: Object: 'Object Repository/Final Object Repo/Page_Form 3 EIS - Cessation as Employer/Add Document' is clicked on

2018-12-17 16:24:09 - [MESSAGE][PASSED] - Object: 'Object Repository/Final Object Repo/Page_Form 3 EIS - Cessation as Employer/Add Document' is clicked on

2018-12-17 16:24:09 - [TEST_STEP][PASSED] - delay: Delayed 3 second(s)

2018-12-17 16:24:12 - [MESSAGE][PASSED] - Delayed 3 second(s)

2018-12-17 16:24:12 - [TEST_STEP][PASSED] - click: Object: 'Object Repository/Final Object Repo/Page_Form 3 EIS - Cessation as Employer/Document Type' is clicked on

2018-12-17 16:24:12 - [MESSAGE][PASSED] - Object: 'Object Repository/Final Object Repo/Page_Form 3 EIS - Cessation as Employer/Document Type' is clicked on

2018-12-17 16:24:12 - [TEST_STEP][PASSED] - click: Object: 'Object Repository/Final Object Repo/Page_Form 3 EIS - Cessation as Employer/Document Type - Form 3' is clicked on

2018-12-17 16:24:12 - [MESSAGE][PASSED] - Object: 'Object Repository/Final Object Repo/Page_Form 3 EIS - Cessation as Employer/Document Type - Form 3' is clicked on

2018-12-17 16:24:12 - [TEST_STEP][PASSED] - delay: Delayed 2 second(s)

2018-12-17 16:24:14 - [MESSAGE][PASSED] - Delayed 2 second(s)

2018-12-17 16:24:14 - [TEST_STEP][PASSED] - sendKeys: Keys 'C:\Users\Public\Pictures\Sample Pictures\Koala.jpg' sent to object: 'Object Repository/Final Object Repo/Page_Form 3 EIS - Cessation as Employer/ploading File'

2018-12-17 16:24:14 - [MESSAGE][PASSED] - Keys 'C:\Users\Public\Pictures\Sample Pictures\Koala.jpg' sent to object: 'Object Repository/Final Object Repo/Page_Form 3 EIS - Cessation as Employer/ploading File'

2018-12-17 16:24:14 - [TEST_STEP][PASSED] - delay: Delayed 1 second(s)

2018-12-17 16:24:15 - [MESSAGE][PASSED] - Delayed 1 second(s)

2018-12-17 16:24:15 - [TEST_STEP][PASSED] - click: Object: 'Object Repository/Final Object Repo/Page_Form 3 EIS - Cessation as Employer/Add Document in Uploading Page' is clicked on

2018-12-17 16:24:16 - [MESSAGE][PASSED] - Object: 'Object Repository/Final Object Repo/Page_Form 3 EIS - Cessation as Employer/Add Document in Uploading Page' is clicked on

2018-12-17 16:24:16 - [TEST_STEP][PASSED] - delay: Delayed 2 second(s)

2018-12-17 16:24:18 - [MESSAGE][PASSED] - Delayed 2 second(s)

2018-12-17 16:24:18 - [TEST_STEP][PASSED] - Statement - CaseReferenceNo = com.kms.katalon.core.webui.keyword.WebUiBuiltInKeywords.getText(com.kms.katalon.core.testobject.ObjectRepository.findTestObject(Final Object Repo/Page_Update Employer Information/Reference Number in Update Employee Information Page)): Text of object 'Object Repository/Final Object Repo/Page_Update Employer Information/Reference Number in Update Employee Information Page' is: 'ERN122018C200002480'

2018-12-17 16:24:20 - [MESSAGE][PASSED] - Text of object 'Object Repository/Final Object Repo/Page_Update Employer Information/Reference Number in Update Employee Information Page' is: 'ERN122018C200002480'

2018-12-17 16:24:20 - [TEST_STEP][PASSED] - callTestCase: Call Test Case 'Test Cases/Final Aug 2018 - PKS Automation/Common/Reference Number Setter' successfully

2018-12-17 16:24:20 - [TEST_CASE][PASSED] - Test Cases/Final Aug 2018 - PKS Automation/Common/Reference Number Setter: Test Cases/Final Aug 2018 - PKS Automation/Common/Reference Number Setter

2018-12-17 16:24:20 - [TEST_STEP][PASSED] - Statement - RefNoOldFile = new java.io.File(C://Users//Admin//Desktop//PKS//Automation Reference Point//KatalonReference.txt): null

2018-12-17 16:24:20 - [TEST_STEP][PASSED] - Statement - RefNoOldFile.delete(): null

2018-12-17 16:24:20 - [TEST_STEP][PASSED] - delay: Delayed 5 second(s)

2018-12-17 16:24:25 - [MESSAGE][PASSED] - Delayed 5 second(s)

2018-12-17 16:24:25 - [TEST_STEP][PASSED] - Statement - RefNo = new java.io.File(C://Users//Admin//Desktop//PKS//Automation Reference Point//KatalonReference.txt): null

2018-12-17 16:24:25 - [TEST_STEP][PASSED] - Statement - f2 = new java.io.FileWriter(RefNo, false): null

2018-12-17 16:24:25 - [TEST_STEP][PASSED] - Statement - f2.write(CaseReferenceNo): null

2018-12-17 16:24:25 - [TEST_STEP][PASSED] - Statement - f2.close(): null

2018-12-17 16:24:25 - [TEST_STEP][PASSED] - Statement - out.println("


" + CaseReferenceNo + "


"): null

2018-12-17 16:24:25 - [MESSAGE][PASSED] - Call Test Case 'Test Cases/Final Aug 2018 - PKS Automation/Common/Reference Number Setter' successfully

2018-12-17 16:24:25 - [TEST_STEP][PASSED] - delay: Delayed 2 second(s)

2018-12-17 16:24:27 - [MESSAGE][PASSED] - Delayed 2 second(s)

2018-12-17 16:24:27 - [TEST_STEP][PASSED] - click: Object: 'Object Repository/Final Object Repo/Page_Form 3 EIS - Cessation as Employer/Save  Continue in Uploading Page' is clicked on

2018-12-17 16:24:27 - [MESSAGE][PASSED] - Object: 'Object Repository/Final Object Repo/Page_Form 3 EIS - Cessation as Employer/Save  Continue in Uploading Page' is clicked on

2018-12-17 16:24:27 - [TEST_STEP][PASSED] - delay: Delayed 2 second(s)

2018-12-17 16:24:29 - [MESSAGE][PASSED] - Delayed 2 second(s)

2018-12-17 16:24:29 - [TEST_STEP][PASSED] - click: Object: 'Object Repository/Final Object Repo/Page_Form 3 EIS - Cessation as Employer/Submit' is clicked on

2018-12-17 16:24:32 - [MESSAGE][PASSED] - Object: 'Object Repository/Final Object Repo/Page_Form 3 EIS - Cessation as Employer/Submit' is clicked on

2018-12-17 16:24:32 - [TEST_STEP][PASSED] - delay: Delayed 2 second(s)

2018-12-17 16:24:34 - [MESSAGE][PASSED] - Delayed 2 second(s)

2018-12-17 16:24:34 - [TEST_STEP][PASSED] - click: Object: 'Object Repository/Final Object Repo/Page_Form 3 EIS - Cessation as Employer/Confirm' is clicked on

2018-12-17 16:24:34 - [MESSAGE][PASSED] - Object: 'Object Repository/Final Object Repo/Page_Form 3 EIS - Cessation as Employer/Confirm' is clicked on

2018-12-17 16:24:34 - [TEST_STEP][PASSED] - delay: Delayed 2 second(s)

2018-12-17 16:24:36 - [MESSAGE][PASSED] - Delayed 2 second(s)

2018-12-17 16:24:36 - [TEST_STEP][PASSED] - click: Object: 'Object Repository/Final Object Repo/Page_Form 3 EIS - Cessation as Employer/Message Your Request will be routed to UO' is clicked on

2018-12-17 16:24:40 - [MESSAGE][PASSED] - Object: 'Object Repository/Final Object Repo/Page_Form 3 EIS - Cessation as Employer/Message Your Request will be routed to UO' is clicked on

2018-12-17 16:24:40 - [TEST_STEP][PASSED] - click: Object: 'Object Repository/Final Object Repo/Page_Form 3 EIS - Cessation as Employer/Letter of acknowledgement' is clicked on

2018-12-17 16:24:40 - [MESSAGE][PASSED] - Object: 'Object Repository/Final Object Repo/Page_Form 3 EIS - Cessation as Employer/Letter of acknowledgement' is clicked on

2018-12-17 16:24:40 - [MESSAGE][PASSED] - Call Test Case 'Test Cases/Final Aug 2018 - PKS Automation/Registration Module/Workflow/Form 3 EIS - Cessation As Employer/Template/Form 3 A - Cessation As Employer (PKRBO)' successfully

2018-12-17 16:24:40 - [TEST_STEP][PASSED] - callTestCase: Call Test Case 'Test Cases/Final Aug 2018 - PKS Automation/Registration Module/Workflow/Form 3 EIS - Cessation As Employer/Template/Form 3 A - Cessation As Employer (Approve)' successfully

2018-12-17 16:24:40 - [TEST_CASE][PASSED] - Test Cases/Final Aug 2018 - PKS Automation/Registration Module/Workflow/Form 3 EIS - Cessation As Employer/Template/Form 3 A - Cessation As Employer (Approve): Test Cases/Final Aug 2018 - PKS Automation/Registration Module/Workflow/Form 3 EIS - Cessation As Employer/Template/Form 3 A - Cessation As Employer (Approve)

2018-12-17 16:24:40 - [TEST_STEP][NOT_RUN] - callTestCase: NOT_RUN: callTestCase

2018-12-17 16:24:40 - [MESSAGE][NOT_RUN] - NOT_RUN: callTestCase

2018-12-17 16:24:40 - [TEST_STEP][PASSED] - delay: Delayed 1 second(s)

2018-12-17 16:24:41 - [MESSAGE][PASSED] - Delayed 1 second(s)

2018-12-17 16:24:41 - [TEST_STEP][PASSED] - navigateToUrl: Navigate to 'https://assist2-uat.perkeso.gov.my/c/portal/logout' successfully

2018-12-17 16:24:42 - [MESSAGE][PASSED] - Navigate to 'https://assist2-uat.perkeso.gov.my/c/portal/logout' successfully

2018-12-17 16:24:42 - [TEST_STEP][PASSED] - delay: Delayed 1 second(s)

2018-12-17 16:24:43 - [MESSAGE][PASSED] - Delayed 1 second(s)

2018-12-17 16:24:43 - [TEST_STEP][PASSED] - callTestCase: Call Test Case 'Test Cases/Final Aug 2018 - PKS Automation/Common/Reference Number Getter' successfully

2018-12-17 16:24:43 - [TEST_CASE][PASSED] - Test Cases/Final Aug 2018 - PKS Automation/Common/Reference Number Getter: Test Cases/Final Aug 2018 - PKS Automation/Common/Reference Number Getter

2018-12-17 16:24:43 - [TEST_STEP][PASSED] - Statement - Try: null

2018-12-17 16:24:43 - [TEST_STEP][PASSED] - Statement - RefNo = new java.io.File(C://Users//Admin//Desktop//PKS//Automation Reference Point//KatalonReference.txt): null

2018-12-17 16:24:43 - [TEST_STEP][PASSED] - Statement - bufferread = new java.io.BufferedReader(new java.io.FileReader(RefNo)): null

2018-12-17 16:24:43 - [TEST_STEP][PASSED] - Statement - readedVal = bufferread.readLine(): null

2018-12-17 16:24:43 - [TEST_STEP][PASSED] - Statement - out.println(CaseReferenceNo): null

2018-12-17 16:24:43 - [TEST_STEP][PASSED] - Statement - out.println(readedVal): null

2018-12-17 16:24:43 - [TEST_STEP][PASSED] - Statement - CaseReferenceNo = "": null

2018-12-17 16:24:43 - [TEST_STEP][PASSED] - Statement - CaseReferenceNo = readedVal: null

2018-12-17 16:24:43 - [MESSAGE][PASSED] - Call Test Case 'Test Cases/Final Aug 2018 - PKS Automation/Common/Reference Number Getter' successfully

2018-12-17 16:24:43 - [TEST_STEP][PASSED] - callTestCase: Call Test Case 'Test Cases/Final Aug 2018 - PKS Automation/Common/Workflow Owner Finder' successfully

2018-12-17 16:24:43 - [TEST_CASE][PASSED] - Test Cases/Final Aug 2018 - PKS Automation/Common/Workflow Owner Finder: Test Cases/Final Aug 2018 - PKS Automation/Common/Workflow Owner Finder

2018-12-17 16:24:43 - [TEST_STEP][PASSED] - openBrowser: Browser is opened with url: ''

2018-12-17 16:24:43 - [MESSAGE][WARNING] - A browser is already opened. Closing browser and opening a new one

2018-12-17 16:24:46 - [MESSAGE][PASSED] - Browser is opened with url: ''

2018-12-17 16:24:46 - [TEST_STEP][PASSED] - navigateToUrl: Navigate to 'https://assist2-uat.perkeso.gov.my/login' successfully

2018-12-17 16:24:47 - [MESSAGE][PASSED] - Navigate to 'https://assist2-uat.perkeso.gov.my/login' successfully

2018-12-17 16:24:47 - [TEST_STEP][PASSED] - delay: Delayed 5 second(s)

2018-12-17 16:24:52 - [MESSAGE][PASSED] - Delayed 5 second(s)

2018-12-17 16:24:52 - [TEST_STEP][PASSED] - setText: Text 'test@liferay.com' is set on object 'Object Repository/Final Object Repo/Login Page/Internal User/Email Address'

2018-12-17 16:24:53 - [MESSAGE][PASSED] - Text 'test@liferay.com' is set on object 'Object Repository/Final Object Repo/Login Page/Internal User/Email Address'

2018-12-17 16:24:53 - [TEST_STEP][PASSED] - click: Object: 'Object Repository/Final Object Repo/Login Page/Internal User/Next Button' is clicked on

2018-12-17 16:24:53 - [MESSAGE][PASSED] - Object: 'Object Repository/Final Object Repo/Login Page/Internal User/Next Button' is clicked on

2018-12-17 16:24:53 - [TEST_STEP][PASSED] - delay: Delayed 2 second(s)

2018-12-17 16:24:55 - [MESSAGE][PASSED] - Delayed 2 second(s)

2018-12-17 16:24:55 - [TEST_STEP][PASSED] - setText: Text 'test' is set on object 'Object Repository/Final Object Repo/Login Page/Internal User/Password'

2018-12-17 16:24:55 - [MESSAGE][PASSED] - Text 'test' is set on object 'Object Repository/Final Object Repo/Login Page/Internal User/Password'

2018-12-17 16:24:55 - [TEST_STEP][PASSED] - delay: Delayed 2 second(s)

2018-12-17 16:24:57 - [MESSAGE][PASSED] - Delayed 2 second(s)

2018-12-17 16:24:57 - [TEST_STEP][PASSED] - click: Object: 'Object Repository/Final Object Repo/Login Page/Internal User/Login Button' is clicked on

2018-12-17 16:24:57 - [MESSAGE][PASSED] - Object: 'Object Repository/Final Object Repo/Login Page/Internal User/Login Button' is clicked on

2018-12-17 16:24:57 - [TEST_STEP][PASSED] - Statement - tester = com.kms.katalon.core.testobject.ObjectRepository.findTestObject(Final Object Repo/Landing Page/Select to English): Finding Test Object with id 'Object Repository/Final Object Repo/Landing Page/Select to English'

2018-12-17 16:24:57 - [TEST_STEP][PASSED] - Statement - Try: Delayed 2 second(s)

2018-12-17 16:24:57 - [TEST_STEP][PASSED] - Statement - Checker = com.kms.katalon.core.webui.keyword.WebUiBuiltInKeywords.verifyElementNotPresent(tester, 3): Web element with id: 'Object Repository/Final Object Repo/Landing Page/Select to English' located by 'By.xpath: //a[@class = 'taglib-language-list-text' and @lang = 'en-US' and (contains(text(), 'EN') or contains(., 'EN'))]' is not present after '3' second(s)

2018-12-17 16:24:59 - [MESSAGE][PASSED] - Web element with id: 'Object Repository/Final Object Repo/Landing Page/Select to English' located by 'By.xpath: //a[@class = 'taglib-language-list-text' and @lang = 'en-US' and (contains(text(), 'EN') or contains(., 'EN'))]' is not present after '3' second(s)

2018-12-17 16:24:59 - [TEST_STEP][PASSED] - Statement - If (Checker == false): null

2018-12-17 16:24:59 - [TEST_STEP][PASSED] - delay: Delayed 2 second(s)

2018-12-17 16:25:01 - [MESSAGE][PASSED] - Delayed 2 second(s)

2018-12-17 16:25:01 - [TEST_STEP][PASSED] - delay: Delayed 5 second(s)

2018-12-17 16:25:06 - [MESSAGE][PASSED] - Delayed 5 second(s)

2018-12-17 16:25:06 - [TEST_STEP][PASSED] - mouseOver: Object: 'Object Repository/Final Object Repo/Landing Page/WorkFlow Menu' is hovered

2018-12-17 16:25:06 - [MESSAGE][PASSED] - Object: 'Object Repository/Final Object Repo/Landing Page/WorkFlow Menu' is hovered

2018-12-17 16:25:06 - [TEST_STEP][PASSED] - delay: Delayed 2 second(s)

2018-12-17 16:25:08 - [MESSAGE][PASSED] - Delayed 2 second(s)

2018-12-17 16:25:08 - [TEST_STEP][PASSED] - click: Object: 'Object Repository/Final Object Repo/Landing Page/Select to Workflow Listing' is clicked on

2018-12-17 16:25:09 - [MESSAGE][PASSED] - Object: 'Object Repository/Final Object Repo/Landing Page/Select to Workflow Listing' is clicked on

2018-12-17 16:25:09 - [TEST_STEP][PASSED] - delay: Delayed 2 second(s)

2018-12-17 16:25:11 - [MESSAGE][PASSED] - Delayed 2 second(s)

2018-12-17 16:25:11 - [TEST_STEP][PASSED] - click: Object: 'Object Repository/Final Object Repo/WorkFlow Listing Page/Search Information - To Put Ref No' is clicked on

2018-12-17 16:25:12 - [MESSAGE][PASSED] - Object: 'Object Repository/Final Object Repo/WorkFlow Listing Page/Search Information - To Put Ref No' is clicked on

2018-12-17 16:25:12 - [TEST_STEP][PASSED] - delay: Delayed 2 second(s)

2018-12-17 16:25:14 - [MESSAGE][PASSED] - Delayed 2 second(s)

2018-12-17 16:25:14 - [TEST_STEP][PASSED] - callTestCase: Call Test Case 'Test Cases/Final Aug 2018 - PKS Automation/Common/Reference Number Getter' successfully

2018-12-17 16:25:14 - [TEST_CASE][PASSED] - Test Cases/Final Aug 2018 - PKS Automation/Common/Reference Number Getter: Test Cases/Final Aug 2018 - PKS Automation/Common/Reference Number Getter

2018-12-17 16:25:14 - [TEST_STEP][PASSED] - Statement - Try: null

2018-12-17 16:25:14 - [TEST_STEP][PASSED] - Statement - RefNo = new java.io.File(C://Users//Admin//Desktop//PKS//Automation Reference Point//KatalonReference.txt): null

2018-12-17 16:25:14 - [TEST_STEP][PASSED] - Statement - bufferread = new java.io.BufferedReader(new java.io.FileReader(RefNo)): null

2018-12-17 16:25:14 - [TEST_STEP][PASSED] - Statement - readedVal = bufferread.readLine(): null

2018-12-17 16:25:14 - [TEST_STEP][PASSED] - Statement - out.println(CaseReferenceNo): null

2018-12-17 16:25:14 - [TEST_STEP][PASSED] - Statement - out.println(readedVal): null

2018-12-17 16:25:14 - [TEST_STEP][PASSED] - Statement - CaseReferenceNo = "": null

2018-12-17 16:25:14 - [TEST_STEP][PASSED] - Statement - CaseReferenceNo = readedVal: null

2018-12-17 16:25:14 - [MESSAGE][PASSED] - Call Test Case 'Test Cases/Final Aug 2018 - PKS Automation/Common/Reference Number Getter' successfully

2018-12-17 16:25:14 - [TEST_STEP][PASSED] - setText: Text 'ERN122018C200002480' is set on object 'Object Repository/Final Object Repo/WorkFlow Listing Page/Ref No Set Text'

2018-12-17 16:25:14 - [MESSAGE][PASSED] - Text 'ERN122018C200002480' is set on object 'Object Repository/Final Object Repo/WorkFlow Listing Page/Ref No Set Text'

2018-12-17 16:25:14 - [TEST_STEP][PASSED] - delay: Delayed 2 second(s)

2018-12-17 16:25:16 - [MESSAGE][PASSED] - Delayed 2 second(s)

2018-12-17 16:25:16 - [TEST_STEP][PASSED] - click: Object: 'Object Repository/Final Object Repo/WorkFlow Listing Page/Search Ref No Search Button' is clicked on

2018-12-17 16:25:16 - [MESSAGE][PASSED] - Object: 'Object Repository/Final Object Repo/WorkFlow Listing Page/Search Ref No Search Button' is clicked on

2018-12-17 16:25:16 - [TEST_STEP][PASSED] - delay: Delayed 6 second(s)

2018-12-17 16:25:22 - [MESSAGE][PASSED] - Delayed 6 second(s)

2018-12-17 16:25:22 - [TEST_STEP][PASSED] - click: Object: 'Object Repository/Final Object Repo/WorkFlow Listing Page/Click Continue Tooltip' is clicked on

2018-12-17 16:25:23 - [MESSAGE][PASSED] - Object: 'Object Repository/Final Object Repo/WorkFlow Listing Page/Click Continue Tooltip' is clicked on

2018-12-17 16:25:23 - [TEST_STEP][PASSED] - delay: Delayed 5 second(s)

2018-12-17 16:25:28 - [MESSAGE][PASSED] - Delayed 5 second(s)

2018-12-17 16:25:28 - [TEST_STEP][PASSED] - doubleClick: Object: 'Object Repository/Final Object Repo/WorkFlow Listing Page/Workflow Found - Listing 1' is double clicked on

2018-12-17 16:25:29 - [MESSAGE][PASSED] - Object: 'Object Repository/Final Object Repo/WorkFlow Listing Page/Workflow Found - Listing 1' is double clicked on

2018-12-17 16:25:29 - [TEST_STEP][PASSED] - Statement - println(OwnerID): null

2018-12-17 16:25:29 - [TEST_STEP][PASSED] - Statement - OwnerID = com.kms.katalon.core.webui.keyword.WebUiBuiltInKeywords.getText(com.kms.katalon.core.testobject.ObjectRepository.findTestObject(Final Object Repo/WorkFlow Listing Page/Workflow Found - Listing 1), STOP_ON_FAILURE): Text of object 'Object Repository/Final Object Repo/WorkFlow Listing Page/Workflow Found - Listing 1' is: 'JOHORuo1'

2018-12-17 16:25:29 - [MESSAGE][PASSED] - Text of object 'Object Repository/Final Object Repo/WorkFlow Listing Page/Workflow Found - Listing 1' is: 'JOHORuo1'

2018-12-17 16:25:29 - [TEST_STEP][PASSED] - Statement - OwnerID = OwnerID.toLowerCase() + "@gmail.com": null

2018-12-17 16:25:29 - [TEST_STEP][PASSED] - Statement - println(OwnerID): null

2018-12-17 16:25:29 - [TEST_STEP][PASSED] - delay: Delayed 2 second(s)

2018-12-17 16:25:31 - [MESSAGE][PASSED] - Delayed 2 second(s)

2018-12-17 16:25:31 - [MESSAGE][PASSED] - Call Test Case 'Test Cases/Final Aug 2018 - PKS Automation/Common/Workflow Owner Finder' successfully

2018-12-17 16:25:31 - [TEST_STEP][PASSED] - delay: Delayed 1 second(s)

2018-12-17 16:25:32 - [MESSAGE][PASSED] - Delayed 1 second(s)

2018-12-17 16:25:32 - [TEST_STEP][PASSED] - navigateToUrl: Navigate to 'https://assist2-uat.perkeso.gov.my/c/portal/logout' successfully

2018-12-17 16:25:33 - [MESSAGE][PASSED] - Navigate to 'https://assist2-uat.perkeso.gov.my/c/portal/logout' successfully

2018-12-17 16:25:33 - [TEST_STEP][PASSED] - delay: Delayed 1 second(s)

2018-12-17 16:25:34 - [MESSAGE][PASSED] - Delayed 1 second(s)

2018-12-17 16:25:34 - [TEST_STEP][PASSED] - callTestCase: Call Test Case 'Test Cases/Final Aug 2018 - PKS Automation/Registration Module/Workflow/Login and Search Case For Workflow' successfully

2018-12-17 16:25:34 - [TEST_CASE][PASSED] - Test Cases/Final Aug 2018 - PKS Automation/Registration Module/Workflow/Login and Search Case For Workflow: Test Cases/Final Aug 2018 - PKS Automation/Registration Module/Workflow/Login and Search Case For Workflow

2018-12-17 16:25:34 - [TEST_STEP][PASSED] - navigateToUrl: Navigate to 'https://assist2-uat.perkeso.gov.my/login' successfully

2018-12-17 16:25:34 - [MESSAGE][PASSED] - Navigate to 'https://assist2-uat.perkeso.gov.my/login' successfully

2018-12-17 16:25:34 - [TEST_STEP][PASSED] - setText: Text 'johoruo1@gmail.com' is set on object 'Object Repository/Final Object Repo/Login Page/Internal User/Email Address'

2018-12-17 16:25:35 - [MESSAGE][PASSED] - Text 'johoruo1@gmail.com' is set on object 'Object Repository/Final Object Repo/Login Page/Internal User/Email Address'

2018-12-17 16:25:35 - [TEST_STEP][PASSED] - click: Object: 'Object Repository/Final Object Repo/Login Page/Internal User/Next Button' is clicked on

2018-12-17 16:25:35 - [MESSAGE][PASSED] - Object: 'Object Repository/Final Object Repo/Login Page/Internal User/Next Button' is clicked on

2018-12-17 16:25:35 - [TEST_STEP][PASSED] - delay: Delayed 1 second(s)

2018-12-17 16:25:36 - [MESSAGE][PASSED] - Delayed 1 second(s)

2018-12-17 16:25:36 - [TEST_STEP][PASSED] - setEncryptedText: Text ****** has been set on object 'Object Repository/Final Object Repo/Login Page/Internal User/Password'

2018-12-17 16:25:36 - [MESSAGE][PASSED] - Text ****** has been set on object 'Object Repository/Final Object Repo/Login Page/Internal User/Password'

2018-12-17 16:25:36 - [TEST_STEP][PASSED] - click: Object: 'Object Repository/Final Object Repo/Login Page/Internal User/Login Button' is clicked on

2018-12-17 16:25:36 - [MESSAGE][PASSED] - Object: 'Object Repository/Final Object Repo/Login Page/Internal User/Login Button' is clicked on

2018-12-17 16:25:36 - [TEST_STEP][PASSED] - delay: Delayed 2 second(s)

2018-12-17 16:25:38 - [MESSAGE][PASSED] - Delayed 2 second(s)

2018-12-17 16:25:38 - [TEST_STEP][PASSED] - Statement - Try: Delayed 2 second(s)

2018-12-17 16:25:38 - [TEST_STEP][PASSED] - Statement - Checker = false: null

2018-12-17 16:25:38 - [TEST_STEP][PASSED] - Statement - Checker = com.kms.katalon.core.webui.keyword.WebUiBuiltInKeywords.verifyElementHasAttribute(com.kms.katalon.core.testobject.ObjectRepository.findTestObject(Final Object Repo/Landing Page/BM Detecting), "href", 20, OPTIONAL): Object 'Object Repository/Final Object Repo/Landing Page/BM Detecting' has attribute 'href'

2018-12-17 16:25:38 - [MESSAGE][PASSED] - Object 'Object Repository/Final Object Repo/Landing Page/BM Detecting' has attribute 'href'

2018-12-17 16:25:38 - [TEST_STEP][PASSED] - Statement - out.println(Checker): null

2018-12-17 16:25:38 - [TEST_STEP][PASSED] - Statement - If (Checker == false): null

2018-12-17 16:25:38 - [TEST_STEP][PASSED] - Statement - Else: null

2018-12-17 16:25:38 - [TEST_STEP][PASSED] - delay: Delayed 2 second(s)

2018-12-17 16:25:40 - [MESSAGE][PASSED] - Delayed 2 second(s)

2018-12-17 16:25:40 - [TEST_STEP][PASSED] - click: Object: 'Object Repository/Final Object Repo/Page_MyASSIST - ASSIST - Search Pending Case For Add Supporting Document/Search Information' is clicked on

2018-12-17 16:25:41 - [MESSAGE][PASSED] - Object: 'Object Repository/Final Object Repo/Page_MyASSIST - ASSIST - Search Pending Case For Add Supporting Document/Search Information' is clicked on

2018-12-17 16:25:41 - [TEST_STEP][PASSED] - delay: Delayed 3 second(s)

2018-12-17 16:25:44 - [MESSAGE][PASSED] - Delayed 3 second(s)

2018-12-17 16:25:44 - [TEST_STEP][PASSED] - sendKeys: Keys 'ERN122018C200002480' sent to object: 'Object Repository/Final Object Repo/Page_MyASSIST - ASSIST - Search Pending Case For Add Supporting Document/Reference No'

2018-12-17 16:25:44 - [MESSAGE][PASSED] - Keys 'ERN122018C200002480' sent to object: 'Object Repository/Final Object Repo/Page_MyASSIST - ASSIST - Search Pending Case For Add Supporting Document/Reference No'

2018-12-17 16:25:44 - [TEST_STEP][PASSED] - click: Object: 'Object Repository/Final Object Repo/Page_MyASSIST - ASSIST - Search Pending Case For Add Supporting Document/Search Reference No' is clicked on

2018-12-17 16:25:44 - [MESSAGE][PASSED] - Object: 'Object Repository/Final Object Repo/Page_MyASSIST - ASSIST - Search Pending Case For Add Supporting Document/Search Reference No' is clicked on

2018-12-17 16:25:44 - [TEST_STEP][PASSED] - delay: Delayed 2 second(s)

2018-12-17 16:25:46 - [MESSAGE][PASSED] - Delayed 2 second(s)

2018-12-17 16:25:46 - [TEST_STEP][PASSED] - click: Object: 'Object Repository/Final Object Repo/Page_MyASSIST - ASSIST - Search Pending Case For Add Supporting Document/Continue' is clicked on

2018-12-17 16:25:49 - [MESSAGE][PASSED] - Object: 'Object Repository/Final Object Repo/Page_MyASSIST - ASSIST - Search Pending Case For Add Supporting Document/Continue' is clicked on

2018-12-17 16:25:49 - [TEST_STEP][PASSED] - delay: Delayed 20 second(s)

2018-12-17 16:26:09 - [MESSAGE][PASSED] - Delayed 20 second(s)

2018-12-17 16:26:09 - [MESSAGE][PASSED] - Call Test Case 'Test Cases/Final Aug 2018 - PKS Automation/Registration Module/Workflow/Login and Search Case For Workflow' successfully

2018-12-17 16:26:09 - [TEST_STEP][PASSED] - click: Object: 'Object Repository/Final Object Repo/Page_Form 3 EIS - Cessation as Employer/Page_Form 3 EIS - Cessation as Employer (Approve)/Save  Continue in Form 3 Page' is clicked on

2018-12-17 16:26:09 - [MESSAGE][PASSED] - Object: 'Object Repository/Final Object Repo/Page_Form 3 EIS - Cessation as Employer/Page_Form 3 EIS - Cessation as Employer (Approve)/Save  Continue in Form 3 Page' is clicked on

2018-12-17 16:26:09 - [TEST_STEP][PASSED] - delay: Delayed 2 second(s)

2018-12-17 16:26:11 - [MESSAGE][PASSED] - Delayed 2 second(s)

2018-12-17 16:26:11 - [TEST_STEP][PASSED] - click: Object: 'Object Repository/Final Object Repo/Page_Form 3 EIS - Cessation as Employer/Page_Form 3 EIS - Cessation as Employer (Approve)/Save  Continue in Resigned Page' is clicked on

2018-12-17 16:26:12 - [MESSAGE][PASSED] - Object: 'Object Repository/Final Object Repo/Page_Form 3 EIS - Cessation as Employer/Page_Form 3 EIS - Cessation as Employer (Approve)/Save  Continue in Resigned Page' is clicked on

2018-12-17 16:26:12 - [TEST_STEP][PASSED] - delay: Delayed 2 second(s)

2018-12-17 16:26:14 - [MESSAGE][PASSED] - Delayed 2 second(s)

2018-12-17 16:26:14 - [TEST_STEP][PASSED] - click: Object: 'Object Repository/Final Object Repo/Page_Form 3 EIS - Cessation as Employer/Page_Form 3 EIS - Cessation as Employer (Approve)/Save  Continue in Uploading Page' is clicked on

2018-12-17 16:26:15 - [MESSAGE][PASSED] - Object: 'Object Repository/Final Object Repo/Page_Form 3 EIS - Cessation as Employer/Page_Form 3 EIS - Cessation as Employer (Approve)/Save  Continue in Uploading Page' is clicked on

2018-12-17 16:26:15 - [TEST_STEP][PASSED] - delay: Delayed 2 second(s)

2018-12-17 16:26:17 - [MESSAGE][PASSED] - Delayed 2 second(s)

2018-12-17 16:26:17 - [TEST_STEP][PASSED] - click: Object: 'Object Repository/Final Object Repo/Page_Form 3 EIS - Cessation as Employer/Page_Form 3 EIS - Cessation as Employer (Approve)/Approve' is clicked on

2018-12-17 16:26:19 - [MESSAGE][PASSED] - Object: 'Object Repository/Final Object Repo/Page_Form 3 EIS - Cessation as Employer/Page_Form 3 EIS - Cessation as Employer (Approve)/Approve' is clicked on

2018-12-17 16:26:19 - [TEST_STEP][PASSED] - delay: Delayed 2 second(s)

2018-12-17 16:26:21 - [MESSAGE][PASSED] - Delayed 2 second(s)

2018-12-17 16:26:21 - [TEST_STEP][PASSED] - click: Object: 'Object Repository/Final Object Repo/Page_Form 3 EIS - Cessation as Employer/Page_Form 3 EIS - Cessation as Employer (Approve)/Confirm' is clicked on

2018-12-17 16:26:21 - [MESSAGE][PASSED] - Object: 'Object Repository/Final Object Repo/Page_Form 3 EIS - Cessation as Employer/Page_Form 3 EIS - Cessation as Employer (Approve)/Confirm' is clicked on

2018-12-17 16:26:21 - [TEST_STEP][PASSED] - delay: Delayed 2 second(s)

2018-12-17 16:26:23 - [MESSAGE][PASSED] - Delayed 2 second(s)

2018-12-17 16:26:23 - [TEST_STEP][PASSED] - click: Object: 'Object Repository/Final Object Repo/Page_Form 3 EIS - Cessation as Employer/Page_Form 3 EIS - Cessation as Employer (Approve)/Message Your Request    Form 3 EIS' is clicked on

2018-12-17 16:26:29 - [MESSAGE][PASSED] - Object: 'Object Repository/Final Object Repo/Page_Form 3 EIS - Cessation as Employer/Page_Form 3 EIS - Cessation as Employer (Approve)/Message Your Request    Form 3 EIS' is clicked on

2018-12-17 16:26:29 - [TEST_STEP][PASSED] - click: Object: 'Object Repository/Final Object Repo/Page_Form 3 EIS - Cessation as Employer/Page_Form 3 EIS - Cessation as Employer (Approve)/Letter of successful update' is clicked on

2018-12-17 16:26:30 - [MESSAGE][PASSED] - Object: 'Object Repository/Final Object Repo/Page_Form 3 EIS - Cessation as Employer/Page_Form 3 EIS - Cessation as Employer (Approve)/Letter of successful update' is clicked on

2018-12-17 16:26:30 - [MESSAGE][PASSED] - Call Test Case 'Test Cases/Final Aug 2018 - PKS Automation/Registration Module/Workflow/Form 3 EIS - Cessation As Employer/Template/Form 3 A - Cessation As Employer (Approve)' successfully]]></system-out>
         <system-err><![CDATA[]]></system-err>
      </testcase>
      <testcase name="Test Cases/Final Aug 2018 - PKS Automation/Registration Module/Workflow/Form 3 EIS - Cessation As Employer/PKRBO to UO (Query)" classname="Test Cases/Final Aug 2018 - PKS Automation/Registration Module/Workflow/Form 3 EIS - Cessation As Employer/PKRBO to UO (Query)" status="PASSED">
         <system-out><![CDATA[2018-12-17 16:26:30 - [TEST_CASE][PASSED] - Test Cases/Final Aug 2018 - PKS Automation/Registration Module/Workflow/Form 3 EIS - Cessation As Employer/PKRBO to UO (Query): Test Cases/Final Aug 2018 - PKS Automation/Registration Module/Workflow/Form 3 EIS - Cessation As Employer/PKRBO to UO (Query)

2018-12-17 16:26:30 - [TEST_STEP][PASSED] - callTestCase: Call Test Case 'Test Cases/Final Aug 2018 - PKS Automation/Registration Module/Workflow/Form 3 EIS - Cessation As Employer/Template/Form 3 A - Cessation As Employer (PKRBO)' successfully

2018-12-17 16:26:30 - [TEST_CASE][PASSED] - Test Cases/Final Aug 2018 - PKS Automation/Registration Module/Workflow/Form 3 EIS - Cessation As Employer/Template/Form 3 A - Cessation As Employer (PKRBO): Test Cases/Final Aug 2018 - PKS Automation/Registration Module/Workflow/Form 3 EIS - Cessation As Employer/Template/Form 3 A - Cessation As Employer (PKRBO)

2018-12-17 16:26:30 - [TEST_STEP][PASSED] - openBrowser: Browser is opened with url: ''

2018-12-17 16:26:30 - [MESSAGE][WARNING] - A browser is already opened. Closing browser and opening a new one

2018-12-17 16:26:33 - [MESSAGE][PASSED] - Browser is opened with url: ''

2018-12-17 16:26:33 - [TEST_STEP][PASSED] - navigateToUrl: Navigate to 'https://assist2-uat.perkeso.gov.my/login' successfully

2018-12-17 16:26:35 - [MESSAGE][PASSED] - Navigate to 'https://assist2-uat.perkeso.gov.my/login' successfully

2018-12-17 16:26:35 - [TEST_STEP][PASSED] - setText: Text 'johorpkrbo1@gmail.com' is set on object 'Object Repository/Final Object Repo/Login Page/Internal User/Email Address'

2018-12-17 16:26:35 - [MESSAGE][PASSED] - Text 'johorpkrbo1@gmail.com' is set on object 'Object Repository/Final Object Repo/Login Page/Internal User/Email Address'

2018-12-17 16:26:35 - [TEST_STEP][PASSED] - click: Object: 'Object Repository/Final Object Repo/Login Page/Internal User/Next Button' is clicked on

2018-12-17 16:26:35 - [MESSAGE][PASSED] - Object: 'Object Repository/Final Object Repo/Login Page/Internal User/Next Button' is clicked on

2018-12-17 16:26:35 - [TEST_STEP][PASSED] - delay: Delayed 1 second(s)

2018-12-17 16:26:36 - [MESSAGE][PASSED] - Delayed 1 second(s)

2018-12-17 16:26:36 - [TEST_STEP][PASSED] - setEncryptedText: Text ****** has been set on object 'Object Repository/Final Object Repo/Login Page/Internal User/Password'

2018-12-17 16:26:36 - [MESSAGE][PASSED] - Text ****** has been set on object 'Object Repository/Final Object Repo/Login Page/Internal User/Password'

2018-12-17 16:26:36 - [TEST_STEP][PASSED] - click: Object: 'Object Repository/Final Object Repo/Login Page/Internal User/Login Button' is clicked on

2018-12-17 16:26:37 - [MESSAGE][PASSED] - Object: 'Object Repository/Final Object Repo/Login Page/Internal User/Login Button' is clicked on

2018-12-17 16:26:37 - [TEST_STEP][PASSED] - delay: Delayed 1 second(s)

2018-12-17 16:26:38 - [MESSAGE][PASSED] - Delayed 1 second(s)

2018-12-17 16:26:38 - [TEST_STEP][PASSED] - Statement - Try: Delayed 2 second(s)

2018-12-17 16:26:38 - [TEST_STEP][PASSED] - Statement - Checker = false: null

2018-12-17 16:26:38 - [TEST_STEP][PASSED] - Statement - Checker = com.kms.katalon.core.webui.keyword.WebUiBuiltInKeywords.verifyElementHasAttribute(com.kms.katalon.core.testobject.ObjectRepository.findTestObject(Final Object Repo/Landing Page/BM Detecting), "href", 20, OPTIONAL): Object 'Object Repository/Final Object Repo/Landing Page/BM Detecting' has attribute 'href'

2018-12-17 16:26:38 - [MESSAGE][PASSED] - Object 'Object Repository/Final Object Repo/Landing Page/BM Detecting' has attribute 'href'

2018-12-17 16:26:38 - [TEST_STEP][PASSED] - Statement - out.println(Checker): null

2018-12-17 16:26:38 - [TEST_STEP][PASSED] - Statement - If (Checker == false): null

2018-12-17 16:26:38 - [TEST_STEP][PASSED] - Statement - Else: null

2018-12-17 16:26:38 - [TEST_STEP][PASSED] - delay: Delayed 2 second(s)

2018-12-17 16:26:40 - [MESSAGE][PASSED] - Delayed 2 second(s)

2018-12-17 16:26:40 - [TEST_STEP][PASSED] - navigateToUrl: Navigate to 'https://assist2-uat.perkeso.gov.my/web/registration/eis-update/form-3-eis-cessation-as-employer' successfully

2018-12-17 16:26:41 - [MESSAGE][PASSED] - Navigate to 'https://assist2-uat.perkeso.gov.my/web/registration/eis-update/form-3-eis-cessation-as-employer' successfully

2018-12-17 16:26:41 - [TEST_STEP][PASSED] - delay: Delayed 1 second(s)

2018-12-17 16:26:42 - [MESSAGE][PASSED] - Delayed 1 second(s)

2018-12-17 16:26:42 - [TEST_STEP][PASSED] - setText: Text 'E1102069769W' is set on object 'Object Repository/Final Object Repo/Page_Form 3 EIS - Cessation as Employer/Employer Code'

2018-12-17 16:26:43 - [MESSAGE][PASSED] - Text 'E1102069769W' is set on object 'Object Repository/Final Object Repo/Page_Form 3 EIS - Cessation as Employer/Employer Code'

2018-12-17 16:26:43 - [TEST_STEP][PASSED] - click: Object: 'Object Repository/Final Object Repo/Page_Form 3 EIS - Cessation as Employer/Search' is clicked on

2018-12-17 16:26:43 - [MESSAGE][PASSED] - Object: 'Object Repository/Final Object Repo/Page_Form 3 EIS - Cessation as Employer/Search' is clicked on

2018-12-17 16:26:43 - [TEST_STEP][PASSED] - click: Object: 'Object Repository/Final Object Repo/Page_Form 3 EIS - Cessation as Employer/Edit' is clicked on

2018-12-17 16:26:45 - [MESSAGE][PASSED] - Object: 'Object Repository/Final Object Repo/Page_Form 3 EIS - Cessation as Employer/Edit' is clicked on

2018-12-17 16:26:45 - [TEST_STEP][PASSED] - delay: Delayed 1 second(s)

2018-12-17 16:26:46 - [MESSAGE][PASSED] - Delayed 1 second(s)

2018-12-17 16:26:46 - [TEST_STEP][PASSED] - Statement - abc = com.kms.katalon.core.webui.keyword.WebUiBuiltInKeywords.getAttribute(com.kms.katalon.core.testobject.ObjectRepository.findTestObject(Final Object Repo/Page_Form 3 EIS - Cessation as Employer/Employer Status), "value"): Attribute 'value' of object 'Object Repository/Final Object Repo/Page_Form 3 EIS - Cessation as Employer/Employer Status' is: 'Active'

2018-12-17 16:26:46 - [MESSAGE][PASSED] - Attribute 'value' of object 'Object Repository/Final Object Repo/Page_Form 3 EIS - Cessation as Employer/Employer Status' is: 'Active'

2018-12-17 16:26:46 - [TEST_STEP][PASSED] - Statement - out.println(abc): null

2018-12-17 16:26:46 - [TEST_STEP][PASSED] - Statement - If (abc == "Active"): Object: 'Object Repository/Final Object Repo/Page_Form 3 EIS - Cessation as Employer/Dormant EIS' is clicked on

2018-12-17 16:26:46 - [TEST_STEP][PASSED] - click: Object: 'Object Repository/Final Object Repo/Page_Form 3 EIS - Cessation as Employer/Change Employer Status to' is clicked on

2018-12-17 16:26:46 - [MESSAGE][PASSED] - Object: 'Object Repository/Final Object Repo/Page_Form 3 EIS - Cessation as Employer/Change Employer Status to' is clicked on

2018-12-17 16:26:46 - [TEST_STEP][PASSED] - click: Object: 'Object Repository/Final Object Repo/Page_Form 3 EIS - Cessation as Employer/Dormant EIS' is clicked on

2018-12-17 16:26:47 - [MESSAGE][PASSED] - Object: 'Object Repository/Final Object Repo/Page_Form 3 EIS - Cessation as Employer/Dormant EIS' is clicked on

2018-12-17 16:26:47 - [TEST_STEP][PASSED] - click: Object: 'Object Repository/Final Object Repo/Page_Form 3 EIS - Cessation as Employer/Calender' is clicked on

2018-12-17 16:26:47 - [MESSAGE][PASSED] - Object: 'Object Repository/Final Object Repo/Page_Form 3 EIS - Cessation as Employer/Calender' is clicked on

2018-12-17 16:26:47 - [TEST_STEP][PASSED] - delay: Delayed 1 second(s)

2018-12-17 16:26:48 - [MESSAGE][PASSED] - Delayed 1 second(s)

2018-12-17 16:26:48 - [TEST_STEP][PASSED] - click: Object: 'Object Repository/Final Object Repo/Page_Form 3 EIS - Cessation as Employer/Calender - Date' is clicked on

2018-12-17 16:26:48 - [MESSAGE][PASSED] - Object: 'Object Repository/Final Object Repo/Page_Form 3 EIS - Cessation as Employer/Calender - Date' is clicked on

2018-12-17 16:26:48 - [TEST_STEP][PASSED] - click: Object: 'Object Repository/Final Object Repo/Page_Form 3 EIS - Cessation as Employer/Save  Continue in Form 3 EIS Page' is clicked on

2018-12-17 16:26:48 - [MESSAGE][PASSED] - Object: 'Object Repository/Final Object Repo/Page_Form 3 EIS - Cessation as Employer/Save  Continue in Form 3 EIS Page' is clicked on

2018-12-17 16:26:48 - [TEST_STEP][PASSED] - delay: Delayed 1 second(s)

2018-12-17 16:26:49 - [MESSAGE][PASSED] - Delayed 1 second(s)

2018-12-17 16:26:49 - [TEST_STEP][PASSED] - click: Object: 'Object Repository/Final Object Repo/Page_Form 3 EIS - Cessation as Employer/Employment Resign Date' is clicked on

2018-12-17 16:26:50 - [MESSAGE][PASSED] - Object: 'Object Repository/Final Object Repo/Page_Form 3 EIS - Cessation as Employer/Employment Resign Date' is clicked on

2018-12-17 16:26:50 - [TEST_STEP][PASSED] - selectOptionByValue: All options with value '2030' are selected in object 'Object Repository/Final Object Repo/Page_Form 3 EIS - Cessation as Employer/Employment Resign Date - Year' 

2018-12-17 16:26:50 - [MESSAGE][PASSED] - All options with value '2030' are selected in object 'Object Repository/Final Object Repo/Page_Form 3 EIS - Cessation as Employer/Employment Resign Date - Year' 

2018-12-17 16:26:50 - [TEST_STEP][PASSED] - delay: Delayed 2 second(s)

2018-12-17 16:26:52 - [MESSAGE][PASSED] - Delayed 2 second(s)

2018-12-17 16:26:52 - [TEST_STEP][PASSED] - click: Object: 'Object Repository/Final Object Repo/Page_Form 3 EIS - Cessation as Employer/Employment Resign Date - Year - Date' is clicked on

2018-12-17 16:26:52 - [MESSAGE][PASSED] - Object: 'Object Repository/Final Object Repo/Page_Form 3 EIS - Cessation as Employer/Employment Resign Date - Year - Date' is clicked on

2018-12-17 16:26:52 - [TEST_STEP][PASSED] - delay: Delayed 2 second(s)

2018-12-17 16:26:54 - [MESSAGE][PASSED] - Delayed 2 second(s)

2018-12-17 16:26:54 - [TEST_STEP][PASSED] - click: Object: 'Object Repository/Final Object Repo/Page_Form 3 EIS - Cessation as Employer/Save  Continue in Employment Resign Page' is clicked on

2018-12-17 16:26:55 - [MESSAGE][PASSED] - Object: 'Object Repository/Final Object Repo/Page_Form 3 EIS - Cessation as Employer/Save  Continue in Employment Resign Page' is clicked on

2018-12-17 16:26:55 - [TEST_STEP][PASSED] - delay: Delayed 2 second(s)

2018-12-17 16:26:57 - [MESSAGE][PASSED] - Delayed 2 second(s)

2018-12-17 16:26:57 - [TEST_STEP][PASSED] - click: Object: 'Object Repository/Final Object Repo/Page_Form 3 EIS - Cessation as Employer/Set Latest - Yes' is clicked on

2018-12-17 16:26:57 - [MESSAGE][PASSED] - Object: 'Object Repository/Final Object Repo/Page_Form 3 EIS - Cessation as Employer/Set Latest - Yes' is clicked on

2018-12-17 16:26:57 - [TEST_STEP][PASSED] - delay: Delayed 2 second(s)

2018-12-17 16:26:59 - [MESSAGE][PASSED] - Delayed 2 second(s)

2018-12-17 16:26:59 - [TEST_STEP][PASSED] - click: Object: 'Object Repository/Final Object Repo/Page_Form 3 EIS - Cessation as Employer/Add Document' is clicked on

2018-12-17 16:27:00 - [MESSAGE][PASSED] - Object: 'Object Repository/Final Object Repo/Page_Form 3 EIS - Cessation as Employer/Add Document' is clicked on

2018-12-17 16:27:00 - [TEST_STEP][PASSED] - delay: Delayed 3 second(s)

2018-12-17 16:27:03 - [MESSAGE][PASSED] - Delayed 3 second(s)

2018-12-17 16:27:03 - [TEST_STEP][PASSED] - click: Object: 'Object Repository/Final Object Repo/Page_Form 3 EIS - Cessation as Employer/Document Type' is clicked on

2018-12-17 16:27:03 - [MESSAGE][PASSED] - Object: 'Object Repository/Final Object Repo/Page_Form 3 EIS - Cessation as Employer/Document Type' is clicked on

2018-12-17 16:27:03 - [TEST_STEP][PASSED] - click: Object: 'Object Repository/Final Object Repo/Page_Form 3 EIS - Cessation as Employer/Document Type - Form 3' is clicked on

2018-12-17 16:27:03 - [MESSAGE][PASSED] - Object: 'Object Repository/Final Object Repo/Page_Form 3 EIS - Cessation as Employer/Document Type - Form 3' is clicked on

2018-12-17 16:27:03 - [TEST_STEP][PASSED] - delay: Delayed 2 second(s)

2018-12-17 16:27:05 - [MESSAGE][PASSED] - Delayed 2 second(s)

2018-12-17 16:27:05 - [TEST_STEP][PASSED] - sendKeys: Keys 'C:\Users\Public\Pictures\Sample Pictures\Koala.jpg' sent to object: 'Object Repository/Final Object Repo/Page_Form 3 EIS - Cessation as Employer/ploading File'

2018-12-17 16:27:06 - [MESSAGE][PASSED] - Keys 'C:\Users\Public\Pictures\Sample Pictures\Koala.jpg' sent to object: 'Object Repository/Final Object Repo/Page_Form 3 EIS - Cessation as Employer/ploading File'

2018-12-17 16:27:06 - [TEST_STEP][PASSED] - delay: Delayed 1 second(s)

2018-12-17 16:27:07 - [MESSAGE][PASSED] - Delayed 1 second(s)

2018-12-17 16:27:07 - [TEST_STEP][PASSED] - click: Object: 'Object Repository/Final Object Repo/Page_Form 3 EIS - Cessation as Employer/Add Document in Uploading Page' is clicked on

2018-12-17 16:27:07 - [MESSAGE][PASSED] - Object: 'Object Repository/Final Object Repo/Page_Form 3 EIS - Cessation as Employer/Add Document in Uploading Page' is clicked on

2018-12-17 16:27:07 - [TEST_STEP][PASSED] - delay: Delayed 2 second(s)

2018-12-17 16:27:09 - [MESSAGE][PASSED] - Delayed 2 second(s)

2018-12-17 16:27:09 - [TEST_STEP][PASSED] - Statement - CaseReferenceNo = com.kms.katalon.core.webui.keyword.WebUiBuiltInKeywords.getText(com.kms.katalon.core.testobject.ObjectRepository.findTestObject(Final Object Repo/Page_Update Employer Information/Reference Number in Update Employee Information Page)): Text of object 'Object Repository/Final Object Repo/Page_Update Employer Information/Reference Number in Update Employee Information Page' is: 'ERN122018C200002481'

2018-12-17 16:27:11 - [MESSAGE][PASSED] - Text of object 'Object Repository/Final Object Repo/Page_Update Employer Information/Reference Number in Update Employee Information Page' is: 'ERN122018C200002481'

2018-12-17 16:27:11 - [TEST_STEP][PASSED] - callTestCase: Call Test Case 'Test Cases/Final Aug 2018 - PKS Automation/Common/Reference Number Setter' successfully

2018-12-17 16:27:11 - [TEST_CASE][PASSED] - Test Cases/Final Aug 2018 - PKS Automation/Common/Reference Number Setter: Test Cases/Final Aug 2018 - PKS Automation/Common/Reference Number Setter

2018-12-17 16:27:11 - [TEST_STEP][PASSED] - Statement - RefNoOldFile = new java.io.File(C://Users//Admin//Desktop//PKS//Automation Reference Point//KatalonReference.txt): null

2018-12-17 16:27:11 - [TEST_STEP][PASSED] - Statement - RefNoOldFile.delete(): null

2018-12-17 16:27:11 - [TEST_STEP][PASSED] - delay: Delayed 5 second(s)

2018-12-17 16:27:16 - [MESSAGE][PASSED] - Delayed 5 second(s)

2018-12-17 16:27:16 - [TEST_STEP][PASSED] - Statement - RefNo = new java.io.File(C://Users//Admin//Desktop//PKS//Automation Reference Point//KatalonReference.txt): null

2018-12-17 16:27:16 - [TEST_STEP][PASSED] - Statement - f2 = new java.io.FileWriter(RefNo, false): null

2018-12-17 16:27:16 - [TEST_STEP][PASSED] - Statement - f2.write(CaseReferenceNo): null

2018-12-17 16:27:16 - [TEST_STEP][PASSED] - Statement - f2.close(): null

2018-12-17 16:27:16 - [TEST_STEP][PASSED] - Statement - out.println("


" + CaseReferenceNo + "


"): null

2018-12-17 16:27:16 - [MESSAGE][PASSED] - Call Test Case 'Test Cases/Final Aug 2018 - PKS Automation/Common/Reference Number Setter' successfully

2018-12-17 16:27:16 - [TEST_STEP][PASSED] - delay: Delayed 2 second(s)

2018-12-17 16:27:18 - [MESSAGE][PASSED] - Delayed 2 second(s)

2018-12-17 16:27:18 - [TEST_STEP][PASSED] - click: Object: 'Object Repository/Final Object Repo/Page_Form 3 EIS - Cessation as Employer/Save  Continue in Uploading Page' is clicked on

2018-12-17 16:27:18 - [MESSAGE][PASSED] - Object: 'Object Repository/Final Object Repo/Page_Form 3 EIS - Cessation as Employer/Save  Continue in Uploading Page' is clicked on

2018-12-17 16:27:18 - [TEST_STEP][PASSED] - delay: Delayed 2 second(s)

2018-12-17 16:27:20 - [MESSAGE][PASSED] - Delayed 2 second(s)

2018-12-17 16:27:20 - [TEST_STEP][PASSED] - click: Object: 'Object Repository/Final Object Repo/Page_Form 3 EIS - Cessation as Employer/Submit' is clicked on

2018-12-17 16:27:23 - [MESSAGE][PASSED] - Object: 'Object Repository/Final Object Repo/Page_Form 3 EIS - Cessation as Employer/Submit' is clicked on

2018-12-17 16:27:23 - [TEST_STEP][PASSED] - delay: Delayed 2 second(s)

2018-12-17 16:27:25 - [MESSAGE][PASSED] - Delayed 2 second(s)

2018-12-17 16:27:25 - [TEST_STEP][PASSED] - click: Object: 'Object Repository/Final Object Repo/Page_Form 3 EIS - Cessation as Employer/Confirm' is clicked on

2018-12-17 16:27:25 - [MESSAGE][PASSED] - Object: 'Object Repository/Final Object Repo/Page_Form 3 EIS - Cessation as Employer/Confirm' is clicked on

2018-12-17 16:27:25 - [TEST_STEP][PASSED] - delay: Delayed 2 second(s)

2018-12-17 16:27:27 - [MESSAGE][PASSED] - Delayed 2 second(s)

2018-12-17 16:27:27 - [TEST_STEP][PASSED] - click: Object: 'Object Repository/Final Object Repo/Page_Form 3 EIS - Cessation as Employer/Message Your Request will be routed to UO' is clicked on

2018-12-17 16:27:31 - [MESSAGE][PASSED] - Object: 'Object Repository/Final Object Repo/Page_Form 3 EIS - Cessation as Employer/Message Your Request will be routed to UO' is clicked on

2018-12-17 16:27:31 - [TEST_STEP][PASSED] - click: Object: 'Object Repository/Final Object Repo/Page_Form 3 EIS - Cessation as Employer/Letter of acknowledgement' is clicked on

2018-12-17 16:27:31 - [MESSAGE][PASSED] - Object: 'Object Repository/Final Object Repo/Page_Form 3 EIS - Cessation as Employer/Letter of acknowledgement' is clicked on

2018-12-17 16:27:31 - [MESSAGE][PASSED] - Call Test Case 'Test Cases/Final Aug 2018 - PKS Automation/Registration Module/Workflow/Form 3 EIS - Cessation As Employer/Template/Form 3 A - Cessation As Employer (PKRBO)' successfully

2018-12-17 16:27:31 - [TEST_STEP][PASSED] - callTestCase: Call Test Case 'Test Cases/Final Aug 2018 - PKS Automation/Registration Module/Workflow/Form 3 EIS - Cessation As Employer/Template/Form 3 A - Cessation As Employer (Query)' successfully

2018-12-17 16:27:31 - [TEST_CASE][PASSED] - Test Cases/Final Aug 2018 - PKS Automation/Registration Module/Workflow/Form 3 EIS - Cessation As Employer/Template/Form 3 A - Cessation As Employer (Query): Test Cases/Final Aug 2018 - PKS Automation/Registration Module/Workflow/Form 3 EIS - Cessation As Employer/Template/Form 3 A - Cessation As Employer (Query)

2018-12-17 16:27:31 - [TEST_STEP][NOT_RUN] - callTestCase: NOT_RUN: callTestCase

2018-12-17 16:27:31 - [MESSAGE][NOT_RUN] - NOT_RUN: callTestCase

2018-12-17 16:27:31 - [TEST_STEP][PASSED] - delay: Delayed 1 second(s)

2018-12-17 16:27:32 - [MESSAGE][PASSED] - Delayed 1 second(s)

2018-12-17 16:27:32 - [TEST_STEP][PASSED] - navigateToUrl: Navigate to 'https://assist2-uat.perkeso.gov.my/c/portal/logout' successfully

2018-12-17 16:27:33 - [MESSAGE][PASSED] - Navigate to 'https://assist2-uat.perkeso.gov.my/c/portal/logout' successfully

2018-12-17 16:27:33 - [TEST_STEP][PASSED] - delay: Delayed 1 second(s)

2018-12-17 16:27:34 - [MESSAGE][PASSED] - Delayed 1 second(s)

2018-12-17 16:27:34 - [TEST_STEP][PASSED] - callTestCase: Call Test Case 'Test Cases/Final Aug 2018 - PKS Automation/Common/Reference Number Getter' successfully

2018-12-17 16:27:34 - [TEST_CASE][PASSED] - Test Cases/Final Aug 2018 - PKS Automation/Common/Reference Number Getter: Test Cases/Final Aug 2018 - PKS Automation/Common/Reference Number Getter

2018-12-17 16:27:34 - [TEST_STEP][PASSED] - Statement - Try: null

2018-12-17 16:27:34 - [TEST_STEP][PASSED] - Statement - RefNo = new java.io.File(C://Users//Admin//Desktop//PKS//Automation Reference Point//KatalonReference.txt): null

2018-12-17 16:27:34 - [TEST_STEP][PASSED] - Statement - bufferread = new java.io.BufferedReader(new java.io.FileReader(RefNo)): null

2018-12-17 16:27:34 - [TEST_STEP][PASSED] - Statement - readedVal = bufferread.readLine(): null

2018-12-17 16:27:34 - [TEST_STEP][PASSED] - Statement - out.println(CaseReferenceNo): null

2018-12-17 16:27:34 - [TEST_STEP][PASSED] - Statement - out.println(readedVal): null

2018-12-17 16:27:34 - [TEST_STEP][PASSED] - Statement - CaseReferenceNo = "": null

2018-12-17 16:27:34 - [TEST_STEP][PASSED] - Statement - CaseReferenceNo = readedVal: null

2018-12-17 16:27:34 - [MESSAGE][PASSED] - Call Test Case 'Test Cases/Final Aug 2018 - PKS Automation/Common/Reference Number Getter' successfully

2018-12-17 16:27:34 - [TEST_STEP][PASSED] - callTestCase: Call Test Case 'Test Cases/Final Aug 2018 - PKS Automation/Common/Workflow Owner Finder' successfully

2018-12-17 16:27:34 - [TEST_CASE][PASSED] - Test Cases/Final Aug 2018 - PKS Automation/Common/Workflow Owner Finder: Test Cases/Final Aug 2018 - PKS Automation/Common/Workflow Owner Finder

2018-12-17 16:27:34 - [TEST_STEP][PASSED] - openBrowser: Browser is opened with url: ''

2018-12-17 16:27:34 - [MESSAGE][WARNING] - A browser is already opened. Closing browser and opening a new one

2018-12-17 16:27:37 - [MESSAGE][PASSED] - Browser is opened with url: ''

2018-12-17 16:27:37 - [TEST_STEP][PASSED] - navigateToUrl: Navigate to 'https://assist2-uat.perkeso.gov.my/login' successfully

2018-12-17 16:27:38 - [MESSAGE][PASSED] - Navigate to 'https://assist2-uat.perkeso.gov.my/login' successfully

2018-12-17 16:27:38 - [TEST_STEP][PASSED] - delay: Delayed 5 second(s)

2018-12-17 16:27:43 - [MESSAGE][PASSED] - Delayed 5 second(s)

2018-12-17 16:27:43 - [TEST_STEP][PASSED] - setText: Text 'test@liferay.com' is set on object 'Object Repository/Final Object Repo/Login Page/Internal User/Email Address'

2018-12-17 16:27:44 - [MESSAGE][PASSED] - Text 'test@liferay.com' is set on object 'Object Repository/Final Object Repo/Login Page/Internal User/Email Address'

2018-12-17 16:27:44 - [TEST_STEP][PASSED] - click: Object: 'Object Repository/Final Object Repo/Login Page/Internal User/Next Button' is clicked on

2018-12-17 16:27:44 - [MESSAGE][PASSED] - Object: 'Object Repository/Final Object Repo/Login Page/Internal User/Next Button' is clicked on

2018-12-17 16:27:44 - [TEST_STEP][PASSED] - delay: Delayed 2 second(s)

2018-12-17 16:27:46 - [MESSAGE][PASSED] - Delayed 2 second(s)

2018-12-17 16:27:46 - [TEST_STEP][PASSED] - setText: Text 'test' is set on object 'Object Repository/Final Object Repo/Login Page/Internal User/Password'

2018-12-17 16:27:46 - [MESSAGE][PASSED] - Text 'test' is set on object 'Object Repository/Final Object Repo/Login Page/Internal User/Password'

2018-12-17 16:27:46 - [TEST_STEP][PASSED] - delay: Delayed 2 second(s)

2018-12-17 16:27:48 - [MESSAGE][PASSED] - Delayed 2 second(s)

2018-12-17 16:27:48 - [TEST_STEP][PASSED] - click: Object: 'Object Repository/Final Object Repo/Login Page/Internal User/Login Button' is clicked on

2018-12-17 16:27:48 - [MESSAGE][PASSED] - Object: 'Object Repository/Final Object Repo/Login Page/Internal User/Login Button' is clicked on

2018-12-17 16:27:48 - [TEST_STEP][PASSED] - Statement - tester = com.kms.katalon.core.testobject.ObjectRepository.findTestObject(Final Object Repo/Landing Page/Select to English): Finding Test Object with id 'Object Repository/Final Object Repo/Landing Page/Select to English'

2018-12-17 16:27:48 - [TEST_STEP][PASSED] - Statement - Try: Delayed 2 second(s)

2018-12-17 16:27:48 - [TEST_STEP][PASSED] - Statement - Checker = com.kms.katalon.core.webui.keyword.WebUiBuiltInKeywords.verifyElementNotPresent(tester, 3): Web element with id: 'Object Repository/Final Object Repo/Landing Page/Select to English' located by 'By.xpath: //a[@class = 'taglib-language-list-text' and @lang = 'en-US' and (contains(text(), 'EN') or contains(., 'EN'))]' is not present after '3' second(s)

2018-12-17 16:27:50 - [MESSAGE][PASSED] - Web element with id: 'Object Repository/Final Object Repo/Landing Page/Select to English' located by 'By.xpath: //a[@class = 'taglib-language-list-text' and @lang = 'en-US' and (contains(text(), 'EN') or contains(., 'EN'))]' is not present after '3' second(s)

2018-12-17 16:27:50 - [TEST_STEP][PASSED] - Statement - If (Checker == false): null

2018-12-17 16:27:50 - [TEST_STEP][PASSED] - delay: Delayed 2 second(s)

2018-12-17 16:27:52 - [MESSAGE][PASSED] - Delayed 2 second(s)

2018-12-17 16:27:52 - [TEST_STEP][PASSED] - delay: Delayed 5 second(s)

2018-12-17 16:27:57 - [MESSAGE][PASSED] - Delayed 5 second(s)

2018-12-17 16:27:57 - [TEST_STEP][PASSED] - mouseOver: Object: 'Object Repository/Final Object Repo/Landing Page/WorkFlow Menu' is hovered

2018-12-17 16:27:58 - [MESSAGE][PASSED] - Object: 'Object Repository/Final Object Repo/Landing Page/WorkFlow Menu' is hovered

2018-12-17 16:27:58 - [TEST_STEP][PASSED] - delay: Delayed 2 second(s)

2018-12-17 16:28:00 - [MESSAGE][PASSED] - Delayed 2 second(s)

2018-12-17 16:28:00 - [TEST_STEP][PASSED] - click: Object: 'Object Repository/Final Object Repo/Landing Page/Select to Workflow Listing' is clicked on

2018-12-17 16:28:01 - [MESSAGE][PASSED] - Object: 'Object Repository/Final Object Repo/Landing Page/Select to Workflow Listing' is clicked on

2018-12-17 16:28:01 - [TEST_STEP][PASSED] - delay: Delayed 2 second(s)

2018-12-17 16:28:03 - [MESSAGE][PASSED] - Delayed 2 second(s)

2018-12-17 16:28:03 - [TEST_STEP][PASSED] - click: Object: 'Object Repository/Final Object Repo/WorkFlow Listing Page/Search Information - To Put Ref No' is clicked on

2018-12-17 16:28:03 - [MESSAGE][PASSED] - Object: 'Object Repository/Final Object Repo/WorkFlow Listing Page/Search Information - To Put Ref No' is clicked on

2018-12-17 16:28:03 - [TEST_STEP][PASSED] - delay: Delayed 2 second(s)

2018-12-17 16:28:05 - [MESSAGE][PASSED] - Delayed 2 second(s)

2018-12-17 16:28:05 - [TEST_STEP][PASSED] - callTestCase: Call Test Case 'Test Cases/Final Aug 2018 - PKS Automation/Common/Reference Number Getter' successfully

2018-12-17 16:28:05 - [TEST_CASE][PASSED] - Test Cases/Final Aug 2018 - PKS Automation/Common/Reference Number Getter: Test Cases/Final Aug 2018 - PKS Automation/Common/Reference Number Getter

2018-12-17 16:28:05 - [TEST_STEP][PASSED] - Statement - Try: null

2018-12-17 16:28:05 - [TEST_STEP][PASSED] - Statement - RefNo = new java.io.File(C://Users//Admin//Desktop//PKS//Automation Reference Point//KatalonReference.txt): null

2018-12-17 16:28:05 - [TEST_STEP][PASSED] - Statement - bufferread = new java.io.BufferedReader(new java.io.FileReader(RefNo)): null

2018-12-17 16:28:05 - [TEST_STEP][PASSED] - Statement - readedVal = bufferread.readLine(): null

2018-12-17 16:28:05 - [TEST_STEP][PASSED] - Statement - out.println(CaseReferenceNo): null

2018-12-17 16:28:05 - [TEST_STEP][PASSED] - Statement - out.println(readedVal): null

2018-12-17 16:28:05 - [TEST_STEP][PASSED] - Statement - CaseReferenceNo = "": null

2018-12-17 16:28:05 - [TEST_STEP][PASSED] - Statement - CaseReferenceNo = readedVal: null

2018-12-17 16:28:05 - [MESSAGE][PASSED] - Call Test Case 'Test Cases/Final Aug 2018 - PKS Automation/Common/Reference Number Getter' successfully

2018-12-17 16:28:05 - [TEST_STEP][PASSED] - setText: Text 'ERN122018C200002481' is set on object 'Object Repository/Final Object Repo/WorkFlow Listing Page/Ref No Set Text'

2018-12-17 16:28:05 - [MESSAGE][PASSED] - Text 'ERN122018C200002481' is set on object 'Object Repository/Final Object Repo/WorkFlow Listing Page/Ref No Set Text'

2018-12-17 16:28:05 - [TEST_STEP][PASSED] - delay: Delayed 2 second(s)

2018-12-17 16:28:07 - [MESSAGE][PASSED] - Delayed 2 second(s)

2018-12-17 16:28:07 - [TEST_STEP][PASSED] - click: Object: 'Object Repository/Final Object Repo/WorkFlow Listing Page/Search Ref No Search Button' is clicked on

2018-12-17 16:28:08 - [MESSAGE][PASSED] - Object: 'Object Repository/Final Object Repo/WorkFlow Listing Page/Search Ref No Search Button' is clicked on

2018-12-17 16:28:08 - [TEST_STEP][PASSED] - delay: Delayed 6 second(s)

2018-12-17 16:28:14 - [MESSAGE][PASSED] - Delayed 6 second(s)

2018-12-17 16:28:14 - [TEST_STEP][PASSED] - click: Object: 'Object Repository/Final Object Repo/WorkFlow Listing Page/Click Continue Tooltip' is clicked on

2018-12-17 16:28:17 - [MESSAGE][PASSED] - Object: 'Object Repository/Final Object Repo/WorkFlow Listing Page/Click Continue Tooltip' is clicked on

2018-12-17 16:28:17 - [TEST_STEP][PASSED] - delay: Delayed 5 second(s)

2018-12-17 16:28:22 - [MESSAGE][PASSED] - Delayed 5 second(s)

2018-12-17 16:28:22 - [TEST_STEP][PASSED] - doubleClick: Object: 'Object Repository/Final Object Repo/WorkFlow Listing Page/Workflow Found - Listing 1' is double clicked on

2018-12-17 16:28:22 - [MESSAGE][PASSED] - Object: 'Object Repository/Final Object Repo/WorkFlow Listing Page/Workflow Found - Listing 1' is double clicked on

2018-12-17 16:28:22 - [TEST_STEP][PASSED] - Statement - println(OwnerID): null

2018-12-17 16:28:22 - [TEST_STEP][PASSED] - Statement - OwnerID = com.kms.katalon.core.webui.keyword.WebUiBuiltInKeywords.getText(com.kms.katalon.core.testobject.ObjectRepository.findTestObject(Final Object Repo/WorkFlow Listing Page/Workflow Found - Listing 1), STOP_ON_FAILURE): Text of object 'Object Repository/Final Object Repo/WorkFlow Listing Page/Workflow Found - Listing 1' is: 'JOHORuo2'

2018-12-17 16:28:22 - [MESSAGE][PASSED] - Text of object 'Object Repository/Final Object Repo/WorkFlow Listing Page/Workflow Found - Listing 1' is: 'JOHORuo2'

2018-12-17 16:28:22 - [TEST_STEP][PASSED] - Statement - OwnerID = OwnerID.toLowerCase() + "@gmail.com": null

2018-12-17 16:28:22 - [TEST_STEP][PASSED] - Statement - println(OwnerID): null

2018-12-17 16:28:22 - [TEST_STEP][PASSED] - delay: Delayed 2 second(s)

2018-12-17 16:28:24 - [MESSAGE][PASSED] - Delayed 2 second(s)

2018-12-17 16:28:24 - [MESSAGE][PASSED] - Call Test Case 'Test Cases/Final Aug 2018 - PKS Automation/Common/Workflow Owner Finder' successfully

2018-12-17 16:28:24 - [TEST_STEP][PASSED] - delay: Delayed 1 second(s)

2018-12-17 16:28:25 - [MESSAGE][PASSED] - Delayed 1 second(s)

2018-12-17 16:28:25 - [TEST_STEP][PASSED] - navigateToUrl: Navigate to 'https://assist2-uat.perkeso.gov.my/c/portal/logout' successfully

2018-12-17 16:28:26 - [MESSAGE][PASSED] - Navigate to 'https://assist2-uat.perkeso.gov.my/c/portal/logout' successfully

2018-12-17 16:28:26 - [TEST_STEP][PASSED] - delay: Delayed 1 second(s)

2018-12-17 16:28:27 - [MESSAGE][PASSED] - Delayed 1 second(s)

2018-12-17 16:28:27 - [TEST_STEP][PASSED] - callTestCase: Call Test Case 'Test Cases/Final Aug 2018 - PKS Automation/Registration Module/Workflow/Login and Search Case For Workflow' successfully

2018-12-17 16:28:27 - [TEST_CASE][PASSED] - Test Cases/Final Aug 2018 - PKS Automation/Registration Module/Workflow/Login and Search Case For Workflow: Test Cases/Final Aug 2018 - PKS Automation/Registration Module/Workflow/Login and Search Case For Workflow

2018-12-17 16:28:27 - [TEST_STEP][PASSED] - navigateToUrl: Navigate to 'https://assist2-uat.perkeso.gov.my/login' successfully

2018-12-17 16:28:27 - [MESSAGE][PASSED] - Navigate to 'https://assist2-uat.perkeso.gov.my/login' successfully

2018-12-17 16:28:27 - [TEST_STEP][PASSED] - setText: Text 'johoruo2@gmail.com' is set on object 'Object Repository/Final Object Repo/Login Page/Internal User/Email Address'

2018-12-17 16:28:28 - [MESSAGE][PASSED] - Text 'johoruo2@gmail.com' is set on object 'Object Repository/Final Object Repo/Login Page/Internal User/Email Address'

2018-12-17 16:28:28 - [TEST_STEP][PASSED] - click: Object: 'Object Repository/Final Object Repo/Login Page/Internal User/Next Button' is clicked on

2018-12-17 16:28:28 - [MESSAGE][PASSED] - Object: 'Object Repository/Final Object Repo/Login Page/Internal User/Next Button' is clicked on

2018-12-17 16:28:28 - [TEST_STEP][PASSED] - delay: Delayed 1 second(s)

2018-12-17 16:28:29 - [MESSAGE][PASSED] - Delayed 1 second(s)

2018-12-17 16:28:29 - [TEST_STEP][PASSED] - setEncryptedText: Text ****** has been set on object 'Object Repository/Final Object Repo/Login Page/Internal User/Password'

2018-12-17 16:28:30 - [MESSAGE][PASSED] - Text ****** has been set on object 'Object Repository/Final Object Repo/Login Page/Internal User/Password'

2018-12-17 16:28:30 - [TEST_STEP][PASSED] - click: Object: 'Object Repository/Final Object Repo/Login Page/Internal User/Login Button' is clicked on

2018-12-17 16:28:30 - [MESSAGE][PASSED] - Object: 'Object Repository/Final Object Repo/Login Page/Internal User/Login Button' is clicked on

2018-12-17 16:28:30 - [TEST_STEP][PASSED] - delay: Delayed 2 second(s)

2018-12-17 16:28:32 - [MESSAGE][PASSED] - Delayed 2 second(s)

2018-12-17 16:28:32 - [TEST_STEP][PASSED] - Statement - Try: Delayed 2 second(s)

2018-12-17 16:28:32 - [TEST_STEP][PASSED] - Statement - Checker = false: null

2018-12-17 16:28:32 - [TEST_STEP][PASSED] - Statement - Checker = com.kms.katalon.core.webui.keyword.WebUiBuiltInKeywords.verifyElementHasAttribute(com.kms.katalon.core.testobject.ObjectRepository.findTestObject(Final Object Repo/Landing Page/BM Detecting), "href", 20, OPTIONAL): Object 'Object Repository/Final Object Repo/Landing Page/BM Detecting' has attribute 'href'

2018-12-17 16:28:32 - [MESSAGE][PASSED] - Object 'Object Repository/Final Object Repo/Landing Page/BM Detecting' has attribute 'href'

2018-12-17 16:28:32 - [TEST_STEP][PASSED] - Statement - out.println(Checker): null

2018-12-17 16:28:32 - [TEST_STEP][PASSED] - Statement - If (Checker == false): null

2018-12-17 16:28:32 - [TEST_STEP][PASSED] - Statement - Else: null

2018-12-17 16:28:32 - [TEST_STEP][PASSED] - delay: Delayed 2 second(s)

2018-12-17 16:28:34 - [MESSAGE][PASSED] - Delayed 2 second(s)

2018-12-17 16:28:34 - [TEST_STEP][PASSED] - click: Object: 'Object Repository/Final Object Repo/Page_MyASSIST - ASSIST - Search Pending Case For Add Supporting Document/Search Information' is clicked on

2018-12-17 16:28:34 - [MESSAGE][PASSED] - Object: 'Object Repository/Final Object Repo/Page_MyASSIST - ASSIST - Search Pending Case For Add Supporting Document/Search Information' is clicked on

2018-12-17 16:28:34 - [TEST_STEP][PASSED] - delay: Delayed 3 second(s)

2018-12-17 16:28:37 - [MESSAGE][PASSED] - Delayed 3 second(s)

2018-12-17 16:28:37 - [TEST_STEP][PASSED] - sendKeys: Keys 'ERN122018C200002481' sent to object: 'Object Repository/Final Object Repo/Page_MyASSIST - ASSIST - Search Pending Case For Add Supporting Document/Reference No'

2018-12-17 16:28:38 - [MESSAGE][PASSED] - Keys 'ERN122018C200002481' sent to object: 'Object Repository/Final Object Repo/Page_MyASSIST - ASSIST - Search Pending Case For Add Supporting Document/Reference No'

2018-12-17 16:28:38 - [TEST_STEP][PASSED] - click: Object: 'Object Repository/Final Object Repo/Page_MyASSIST - ASSIST - Search Pending Case For Add Supporting Document/Search Reference No' is clicked on

2018-12-17 16:28:38 - [MESSAGE][PASSED] - Object: 'Object Repository/Final Object Repo/Page_MyASSIST - ASSIST - Search Pending Case For Add Supporting Document/Search Reference No' is clicked on

2018-12-17 16:28:38 - [TEST_STEP][PASSED] - delay: Delayed 2 second(s)

2018-12-17 16:28:40 - [MESSAGE][PASSED] - Delayed 2 second(s)

2018-12-17 16:28:40 - [TEST_STEP][PASSED] - click: Object: 'Object Repository/Final Object Repo/Page_MyASSIST - ASSIST - Search Pending Case For Add Supporting Document/Continue' is clicked on

2018-12-17 16:28:43 - [MESSAGE][PASSED] - Object: 'Object Repository/Final Object Repo/Page_MyASSIST - ASSIST - Search Pending Case For Add Supporting Document/Continue' is clicked on

2018-12-17 16:28:43 - [TEST_STEP][PASSED] - delay: Delayed 20 second(s)

2018-12-17 16:29:03 - [MESSAGE][PASSED] - Delayed 20 second(s)

2018-12-17 16:29:03 - [MESSAGE][PASSED] - Call Test Case 'Test Cases/Final Aug 2018 - PKS Automation/Registration Module/Workflow/Login and Search Case For Workflow' successfully

2018-12-17 16:29:03 - [TEST_STEP][PASSED] - click: Object: 'Object Repository/Final Object Repo/Page_Form 3 EIS - Cessation as Employer/Page_Form 3 EIS - Cessation as Employer (Approve)/Save  Continue in Form 3 Page' is clicked on

2018-12-17 16:29:03 - [MESSAGE][PASSED] - Object: 'Object Repository/Final Object Repo/Page_Form 3 EIS - Cessation as Employer/Page_Form 3 EIS - Cessation as Employer (Approve)/Save  Continue in Form 3 Page' is clicked on

2018-12-17 16:29:03 - [TEST_STEP][PASSED] - delay: Delayed 4 second(s)

2018-12-17 16:29:07 - [MESSAGE][PASSED] - Delayed 4 second(s)

2018-12-17 16:29:07 - [TEST_STEP][PASSED] - click: Object: 'Object Repository/Final Object Repo/Page_Form 3 EIS - Cessation as Employer/Page_Form 3 EIS - Cessation as Employer (Approve)/Save  Continue in Resigned Page' is clicked on

2018-12-17 16:29:07 - [MESSAGE][PASSED] - Object: 'Object Repository/Final Object Repo/Page_Form 3 EIS - Cessation as Employer/Page_Form 3 EIS - Cessation as Employer (Approve)/Save  Continue in Resigned Page' is clicked on

2018-12-17 16:29:07 - [TEST_STEP][PASSED] - delay: Delayed 2 second(s)

2018-12-17 16:29:10 - [MESSAGE][PASSED] - Delayed 2 second(s)

2018-12-17 16:29:10 - [TEST_STEP][PASSED] - setText: Text 'Remark' is set on object 'Object Repository/Final Object Repo/Page_Form 3 EIS - Cessation as Employer/Page_Form 3 EIS - Cessation as Employer (Query)/Query - Remark'

2018-12-17 16:29:11 - [MESSAGE][PASSED] - Text 'Remark' is set on object 'Object Repository/Final Object Repo/Page_Form 3 EIS - Cessation as Employer/Page_Form 3 EIS - Cessation as Employer (Query)/Query - Remark'

2018-12-17 16:29:11 - [TEST_STEP][PASSED] - delay: Delayed 2 second(s)

2018-12-17 16:29:13 - [MESSAGE][PASSED] - Delayed 2 second(s)

2018-12-17 16:29:13 - [TEST_STEP][PASSED] - click: Object: 'Object Repository/Final Object Repo/Page_Form 3 EIS - Cessation as Employer/Page_Form 3 EIS - Cessation as Employer (Query)/Save  Continue' is clicked on

2018-12-17 16:29:13 - [MESSAGE][PASSED] - Object: 'Object Repository/Final Object Repo/Page_Form 3 EIS - Cessation as Employer/Page_Form 3 EIS - Cessation as Employer (Query)/Save  Continue' is clicked on

2018-12-17 16:29:13 - [TEST_STEP][PASSED] - delay: Delayed 2 second(s)

2018-12-17 16:29:15 - [MESSAGE][PASSED] - Delayed 2 second(s)

2018-12-17 16:29:15 - [TEST_STEP][PASSED] - click: Object: 'Object Repository/Final Object Repo/Page_Form 3 EIS - Cessation as Employer/Page_Form 3 EIS - Cessation as Employer (Query)/Query' is clicked on

2018-12-17 16:29:18 - [MESSAGE][PASSED] - Object: 'Object Repository/Final Object Repo/Page_Form 3 EIS - Cessation as Employer/Page_Form 3 EIS - Cessation as Employer (Query)/Query' is clicked on

2018-12-17 16:29:18 - [TEST_STEP][PASSED] - delay: Delayed 2 second(s)

2018-12-17 16:29:20 - [MESSAGE][PASSED] - Delayed 2 second(s)

2018-12-17 16:29:20 - [TEST_STEP][PASSED] - click: Object: 'Object Repository/Final Object Repo/Page_Form 3 EIS - Cessation as Employer/Page_Form 3 EIS - Cessation as Employer (Query)/Confirm' is clicked on

2018-12-17 16:29:26 - [MESSAGE][PASSED] - Object: 'Object Repository/Final Object Repo/Page_Form 3 EIS - Cessation as Employer/Page_Form 3 EIS - Cessation as Employer (Query)/Confirm' is clicked on

2018-12-17 16:29:26 - [TEST_STEP][PASSED] - delay: Delayed 2 second(s)

2018-12-17 16:29:28 - [MESSAGE][PASSED] - Delayed 2 second(s)

2018-12-17 16:29:28 - [TEST_STEP][PASSED] - click: Object: 'Object Repository/Final Object Repo/Page_Form 3 EIS - Cessation as Employer/Page_Form 3 EIS - Cessation as Employer (Query)/Message The Case Is Under Query' is clicked on

2018-12-17 16:29:28 - [MESSAGE][PASSED] - Object: 'Object Repository/Final Object Repo/Page_Form 3 EIS - Cessation as Employer/Page_Form 3 EIS - Cessation as Employer (Query)/Message The Case Is Under Query' is clicked on

2018-12-17 16:29:28 - [TEST_STEP][PASSED] - click: Object: 'Object Repository/Final Object Repo/Page_Form 3 EIS - Cessation as Employer/Page_Form 3 EIS - Cessation as Employer (Query)/Letter of inquiry' is clicked on

2018-12-17 16:29:29 - [MESSAGE][PASSED] - Object: 'Object Repository/Final Object Repo/Page_Form 3 EIS - Cessation as Employer/Page_Form 3 EIS - Cessation as Employer (Query)/Letter of inquiry' is clicked on

2018-12-17 16:29:29 - [TEST_STEP][PASSED] - delay: Delayed 1 second(s)

2018-12-17 16:29:30 - [MESSAGE][PASSED] - Delayed 1 second(s)

2018-12-17 16:29:30 - [TEST_STEP][PASSED] - navigateToUrl: Navigate to 'https://assist2-uat.perkeso.gov.my/c/portal/logout' successfully

2018-12-17 16:29:30 - [MESSAGE][PASSED] - Navigate to 'https://assist2-uat.perkeso.gov.my/c/portal/logout' successfully

2018-12-17 16:29:30 - [TEST_STEP][PASSED] - delay: Delayed 1 second(s)

2018-12-17 16:29:31 - [MESSAGE][PASSED] - Delayed 1 second(s)

2018-12-17 16:29:31 - [TEST_STEP][PASSED] - callTestCase: Call Test Case 'Test Cases/Final Aug 2018 - PKS Automation/Registration Module/Workflow/Login and Search Case For Workflow' successfully

2018-12-17 16:29:31 - [TEST_CASE][PASSED] - Test Cases/Final Aug 2018 - PKS Automation/Registration Module/Workflow/Login and Search Case For Workflow: Test Cases/Final Aug 2018 - PKS Automation/Registration Module/Workflow/Login and Search Case For Workflow

2018-12-17 16:29:31 - [TEST_STEP][PASSED] - navigateToUrl: Navigate to 'https://assist2-uat.perkeso.gov.my/login' successfully

2018-12-17 16:29:32 - [MESSAGE][PASSED] - Navigate to 'https://assist2-uat.perkeso.gov.my/login' successfully

2018-12-17 16:29:32 - [TEST_STEP][PASSED] - setText: Text 'johoruo2@gmail.com' is set on object 'Object Repository/Final Object Repo/Login Page/Internal User/Email Address'

2018-12-17 16:29:32 - [MESSAGE][PASSED] - Text 'johoruo2@gmail.com' is set on object 'Object Repository/Final Object Repo/Login Page/Internal User/Email Address'

2018-12-17 16:29:32 - [TEST_STEP][PASSED] - click: Object: 'Object Repository/Final Object Repo/Login Page/Internal User/Next Button' is clicked on

2018-12-17 16:29:32 - [MESSAGE][PASSED] - Object: 'Object Repository/Final Object Repo/Login Page/Internal User/Next Button' is clicked on

2018-12-17 16:29:32 - [TEST_STEP][PASSED] - delay: Delayed 1 second(s)

2018-12-17 16:29:33 - [MESSAGE][PASSED] - Delayed 1 second(s)

2018-12-17 16:29:33 - [TEST_STEP][PASSED] - setEncryptedText: Text ****** has been set on object 'Object Repository/Final Object Repo/Login Page/Internal User/Password'

2018-12-17 16:29:34 - [MESSAGE][PASSED] - Text ****** has been set on object 'Object Repository/Final Object Repo/Login Page/Internal User/Password'

2018-12-17 16:29:34 - [TEST_STEP][PASSED] - click: Object: 'Object Repository/Final Object Repo/Login Page/Internal User/Login Button' is clicked on

2018-12-17 16:29:34 - [MESSAGE][PASSED] - Object: 'Object Repository/Final Object Repo/Login Page/Internal User/Login Button' is clicked on

2018-12-17 16:29:34 - [TEST_STEP][PASSED] - delay: Delayed 2 second(s)

2018-12-17 16:29:36 - [MESSAGE][PASSED] - Delayed 2 second(s)

2018-12-17 16:29:36 - [TEST_STEP][PASSED] - Statement - Try: Delayed 2 second(s)

2018-12-17 16:29:36 - [TEST_STEP][PASSED] - Statement - Checker = false: null

2018-12-17 16:29:36 - [TEST_STEP][PASSED] - Statement - Checker = com.kms.katalon.core.webui.keyword.WebUiBuiltInKeywords.verifyElementHasAttribute(com.kms.katalon.core.testobject.ObjectRepository.findTestObject(Final Object Repo/Landing Page/BM Detecting), "href", 20, OPTIONAL): Object 'Object Repository/Final Object Repo/Landing Page/BM Detecting' has attribute 'href'

2018-12-17 16:29:36 - [MESSAGE][PASSED] - Object 'Object Repository/Final Object Repo/Landing Page/BM Detecting' has attribute 'href'

2018-12-17 16:29:36 - [TEST_STEP][PASSED] - Statement - out.println(Checker): null

2018-12-17 16:29:36 - [TEST_STEP][PASSED] - Statement - If (Checker == false): null

2018-12-17 16:29:36 - [TEST_STEP][PASSED] - Statement - Else: null

2018-12-17 16:29:36 - [TEST_STEP][PASSED] - delay: Delayed 2 second(s)

2018-12-17 16:29:38 - [MESSAGE][PASSED] - Delayed 2 second(s)

2018-12-17 16:29:38 - [TEST_STEP][PASSED] - click: Object: 'Object Repository/Final Object Repo/Page_MyASSIST - ASSIST - Search Pending Case For Add Supporting Document/Search Information' is clicked on

2018-12-17 16:29:38 - [MESSAGE][PASSED] - Object: 'Object Repository/Final Object Repo/Page_MyASSIST - ASSIST - Search Pending Case For Add Supporting Document/Search Information' is clicked on

2018-12-17 16:29:38 - [TEST_STEP][PASSED] - delay: Delayed 3 second(s)

2018-12-17 16:29:41 - [MESSAGE][PASSED] - Delayed 3 second(s)

2018-12-17 16:29:41 - [TEST_STEP][PASSED] - sendKeys: Keys 'ERN122018C200002481' sent to object: 'Object Repository/Final Object Repo/Page_MyASSIST - ASSIST - Search Pending Case For Add Supporting Document/Reference No'

2018-12-17 16:29:41 - [MESSAGE][PASSED] - Keys 'ERN122018C200002481' sent to object: 'Object Repository/Final Object Repo/Page_MyASSIST - ASSIST - Search Pending Case For Add Supporting Document/Reference No'

2018-12-17 16:29:41 - [TEST_STEP][PASSED] - click: Object: 'Object Repository/Final Object Repo/Page_MyASSIST - ASSIST - Search Pending Case For Add Supporting Document/Search Reference No' is clicked on

2018-12-17 16:29:42 - [MESSAGE][PASSED] - Object: 'Object Repository/Final Object Repo/Page_MyASSIST - ASSIST - Search Pending Case For Add Supporting Document/Search Reference No' is clicked on

2018-12-17 16:29:42 - [TEST_STEP][PASSED] - delay: Delayed 2 second(s)

2018-12-17 16:29:44 - [MESSAGE][PASSED] - Delayed 2 second(s)

2018-12-17 16:29:44 - [TEST_STEP][PASSED] - click: Object: 'Object Repository/Final Object Repo/Page_MyASSIST - ASSIST - Search Pending Case For Add Supporting Document/Continue' is clicked on

2018-12-17 16:29:47 - [MESSAGE][PASSED] - Object: 'Object Repository/Final Object Repo/Page_MyASSIST - ASSIST - Search Pending Case For Add Supporting Document/Continue' is clicked on

2018-12-17 16:29:47 - [TEST_STEP][PASSED] - delay: Delayed 20 second(s)

2018-12-17 16:30:07 - [MESSAGE][PASSED] - Delayed 20 second(s)

2018-12-17 16:30:07 - [MESSAGE][PASSED] - Call Test Case 'Test Cases/Final Aug 2018 - PKS Automation/Registration Module/Workflow/Login and Search Case For Workflow' successfully

2018-12-17 16:30:07 - [TEST_STEP][PASSED] - navigateToUrl: Navigate to 'https://assist2-uat.perkeso.gov.my/web/registration/eis-update/form-3-eis-cessation-as-employer?p_p_id=searchforemployersip_WAR_registrationportlet&p_p_lifecycle=0&_searchforemployersip_WAR_registrationportlet_regViewKey=87&_searchforemployersip_WAR_registrationportlet_browserIdKey=1536115932192&_searchforemployersip_WAR_registrationportlet_tempEmployerIdKey=128990&_searchforemployersip_WAR_registrationportlet_employerIdKey=&_searchforemployersip_WAR_registrationportlet_refCaseNo=ERN092018C200002133&_searchforemployersip_WAR_registrationportlet_mvcPath=%2Fapps%2Freg%2Fdiscontinue_business_sip%2Fdiscontinue_business_sip_form.jsp&_searchforemployersip_WAR_registrationportlet_regSectionKey=215' successfully

2018-12-17 16:30:10 - [MESSAGE][PASSED] - Navigate to 'https://assist2-uat.perkeso.gov.my/web/registration/eis-update/form-3-eis-cessation-as-employer?p_p_id=searchforemployersip_WAR_registrationportlet&p_p_lifecycle=0&_searchforemployersip_WAR_registrationportlet_regViewKey=87&_searchforemployersip_WAR_registrationportlet_browserIdKey=1536115932192&_searchforemployersip_WAR_registrationportlet_tempEmployerIdKey=128990&_searchforemployersip_WAR_registrationportlet_employerIdKey=&_searchforemployersip_WAR_registrationportlet_refCaseNo=ERN092018C200002133&_searchforemployersip_WAR_registrationportlet_mvcPath=%2Fapps%2Freg%2Fdiscontinue_business_sip%2Fdiscontinue_business_sip_form.jsp&_searchforemployersip_WAR_registrationportlet_regSectionKey=215' successfully

2018-12-17 16:30:10 - [TEST_STEP][PASSED] - delay: Delayed 10 second(s)

2018-12-17 16:30:20 - [MESSAGE][PASSED] - Delayed 10 second(s)

2018-12-17 16:30:20 - [TEST_STEP][PASSED] - click: Object: 'Object Repository/Final Object Repo/Page_Form 3 EIS - Cessation as Employer/Page_Form 3 EIS - Cessation as Employer (Query - OTC - UO)/Next' is clicked on

2018-12-17 16:30:22 - [MESSAGE][PASSED] - Object: 'Object Repository/Final Object Repo/Page_Form 3 EIS - Cessation as Employer/Page_Form 3 EIS - Cessation as Employer (Query - OTC - UO)/Next' is clicked on

2018-12-17 16:30:22 - [TEST_STEP][PASSED] - delay: Delayed 2 second(s)

2018-12-17 16:30:24 - [MESSAGE][PASSED] - Delayed 2 second(s)

2018-12-17 16:30:24 - [TEST_STEP][PASSED] - click: Object: 'Object Repository/Final Object Repo/Page_Form 3 EIS - Cessation as Employer/Page_Form 3 EIS - Cessation as Employer (Query - OTC - UO)/Next in Resigned Page' is clicked on

2018-12-17 16:30:27 - [MESSAGE][PASSED] - Object: 'Object Repository/Final Object Repo/Page_Form 3 EIS - Cessation as Employer/Page_Form 3 EIS - Cessation as Employer (Query - OTC - UO)/Next in Resigned Page' is clicked on

2018-12-17 16:30:27 - [TEST_STEP][PASSED] - delay: Delayed 2 second(s)

2018-12-17 16:30:29 - [MESSAGE][PASSED] - Delayed 2 second(s)

2018-12-17 16:30:29 - [TEST_STEP][PASSED] - click: Object: 'Object Repository/Final Object Repo/Page_Form 3 EIS - Cessation as Employer/Page_Form 3 EIS - Cessation as Employer (Query - OTC - UO)/Add Document' is clicked on

2018-12-17 16:30:29 - [MESSAGE][PASSED] - Object: 'Object Repository/Final Object Repo/Page_Form 3 EIS - Cessation as Employer/Page_Form 3 EIS - Cessation as Employer (Query - OTC - UO)/Add Document' is clicked on

2018-12-17 16:30:29 - [TEST_STEP][PASSED] - delay: Delayed 2 second(s)

2018-12-17 16:30:31 - [MESSAGE][PASSED] - Delayed 2 second(s)

2018-12-17 16:30:31 - [TEST_STEP][PASSED] - click: Object: 'Object Repository/Final Object Repo/Page_Form 3 EIS - Cessation as Employer/Page_Form 3 EIS - Cessation as Employer (Query - OTC - UO)/Document Type' is clicked on

2018-12-17 16:30:33 - [MESSAGE][PASSED] - Object: 'Object Repository/Final Object Repo/Page_Form 3 EIS - Cessation as Employer/Page_Form 3 EIS - Cessation as Employer (Query - OTC - UO)/Document Type' is clicked on

2018-12-17 16:30:33 - [TEST_STEP][PASSED] - delay: Delayed 2 second(s)

2018-12-17 16:30:35 - [MESSAGE][PASSED] - Delayed 2 second(s)

2018-12-17 16:30:35 - [TEST_STEP][PASSED] - click: Object: 'Object Repository/Final Object Repo/Page_Form 3 EIS - Cessation as Employer/Page_Form 3 EIS - Cessation as Employer (Query - OTC - UO)/Document Type - Others' is clicked on

2018-12-17 16:30:35 - [MESSAGE][PASSED] - Object: 'Object Repository/Final Object Repo/Page_Form 3 EIS - Cessation as Employer/Page_Form 3 EIS - Cessation as Employer (Query - OTC - UO)/Document Type - Others' is clicked on

2018-12-17 16:30:35 - [TEST_STEP][PASSED] - delay: Delayed 2 second(s)

2018-12-17 16:30:37 - [MESSAGE][PASSED] - Delayed 2 second(s)

2018-12-17 16:30:37 - [TEST_STEP][PASSED] - sendKeys: Keys 'C:\Users\Public\Pictures\Sample Pictures\Koala.jpg' sent to object: 'Object Repository/Final Object Repo/Page_Form 3 EIS - Cessation as Employer/Page_Form 3 EIS - Cessation as Employer (Query - OTC - UO)/ploading File'

2018-12-17 16:30:37 - [MESSAGE][PASSED] - Keys 'C:\Users\Public\Pictures\Sample Pictures\Koala.jpg' sent to object: 'Object Repository/Final Object Repo/Page_Form 3 EIS - Cessation as Employer/Page_Form 3 EIS - Cessation as Employer (Query - OTC - UO)/ploading File'

2018-12-17 16:30:37 - [TEST_STEP][PASSED] - delay: Delayed 2 second(s)

2018-12-17 16:30:39 - [MESSAGE][PASSED] - Delayed 2 second(s)

2018-12-17 16:30:39 - [TEST_STEP][PASSED] - click: Object: 'Object Repository/Final Object Repo/Page_Form 3 EIS - Cessation as Employer/Page_Form 3 EIS - Cessation as Employer (Query - OTC - UO)/Add Document in Uploading Page' is clicked on

2018-12-17 16:30:39 - [MESSAGE][PASSED] - Object: 'Object Repository/Final Object Repo/Page_Form 3 EIS - Cessation as Employer/Page_Form 3 EIS - Cessation as Employer (Query - OTC - UO)/Add Document in Uploading Page' is clicked on

2018-12-17 16:30:39 - [TEST_STEP][PASSED] - delay: Delayed 2 second(s)

2018-12-17 16:30:41 - [MESSAGE][PASSED] - Delayed 2 second(s)

2018-12-17 16:30:41 - [TEST_STEP][PASSED] - click: Object: 'Object Repository/Final Object Repo/Page_Form 3 EIS - Cessation as Employer/Page_Form 3 EIS - Cessation as Employer (Query - OTC - UO)/Exit' is clicked on

2018-12-17 16:30:44 - [MESSAGE][PASSED] - Object: 'Object Repository/Final Object Repo/Page_Form 3 EIS - Cessation as Employer/Page_Form 3 EIS - Cessation as Employer (Query - OTC - UO)/Exit' is clicked on

2018-12-17 16:30:44 - [TEST_STEP][PASSED] - delay: Delayed 1 second(s)

2018-12-17 16:30:45 - [MESSAGE][PASSED] - Delayed 1 second(s)

2018-12-17 16:30:45 - [TEST_STEP][PASSED] - navigateToUrl: Navigate to 'https://assist2-uat.perkeso.gov.my/c/portal/logout' successfully

2018-12-17 16:30:46 - [MESSAGE][PASSED] - Navigate to 'https://assist2-uat.perkeso.gov.my/c/portal/logout' successfully

2018-12-17 16:30:46 - [TEST_STEP][PASSED] - delay: Delayed 1 second(s)

2018-12-17 16:30:47 - [MESSAGE][PASSED] - Delayed 1 second(s)

2018-12-17 16:30:47 - [TEST_STEP][PASSED] - callTestCase: Call Test Case 'Test Cases/Final Aug 2018 - PKS Automation/Registration Module/Workflow/Login and Search Case For Workflow' successfully

2018-12-17 16:30:47 - [TEST_CASE][PASSED] - Test Cases/Final Aug 2018 - PKS Automation/Registration Module/Workflow/Login and Search Case For Workflow: Test Cases/Final Aug 2018 - PKS Automation/Registration Module/Workflow/Login and Search Case For Workflow

2018-12-17 16:30:47 - [TEST_STEP][PASSED] - navigateToUrl: Navigate to 'https://assist2-uat.perkeso.gov.my/login' successfully

2018-12-17 16:30:48 - [MESSAGE][PASSED] - Navigate to 'https://assist2-uat.perkeso.gov.my/login' successfully

2018-12-17 16:30:48 - [TEST_STEP][PASSED] - setText: Text 'johoruo2@gmail.com' is set on object 'Object Repository/Final Object Repo/Login Page/Internal User/Email Address'

2018-12-17 16:30:48 - [MESSAGE][PASSED] - Text 'johoruo2@gmail.com' is set on object 'Object Repository/Final Object Repo/Login Page/Internal User/Email Address'

2018-12-17 16:30:48 - [TEST_STEP][PASSED] - click: Object: 'Object Repository/Final Object Repo/Login Page/Internal User/Next Button' is clicked on

2018-12-17 16:30:48 - [MESSAGE][PASSED] - Object: 'Object Repository/Final Object Repo/Login Page/Internal User/Next Button' is clicked on

2018-12-17 16:30:48 - [TEST_STEP][PASSED] - delay: Delayed 1 second(s)

2018-12-17 16:30:49 - [MESSAGE][PASSED] - Delayed 1 second(s)

2018-12-17 16:30:49 - [TEST_STEP][PASSED] - setEncryptedText: Text ****** has been set on object 'Object Repository/Final Object Repo/Login Page/Internal User/Password'

2018-12-17 16:30:49 - [MESSAGE][PASSED] - Text ****** has been set on object 'Object Repository/Final Object Repo/Login Page/Internal User/Password'

2018-12-17 16:30:49 - [TEST_STEP][PASSED] - click: Object: 'Object Repository/Final Object Repo/Login Page/Internal User/Login Button' is clicked on

2018-12-17 16:30:50 - [MESSAGE][PASSED] - Object: 'Object Repository/Final Object Repo/Login Page/Internal User/Login Button' is clicked on

2018-12-17 16:30:50 - [TEST_STEP][PASSED] - delay: Delayed 2 second(s)

2018-12-17 16:30:52 - [MESSAGE][PASSED] - Delayed 2 second(s)

2018-12-17 16:30:52 - [TEST_STEP][PASSED] - Statement - Try: Delayed 2 second(s)

2018-12-17 16:30:52 - [TEST_STEP][PASSED] - Statement - Checker = false: null

2018-12-17 16:30:52 - [TEST_STEP][PASSED] - Statement - Checker = com.kms.katalon.core.webui.keyword.WebUiBuiltInKeywords.verifyElementHasAttribute(com.kms.katalon.core.testobject.ObjectRepository.findTestObject(Final Object Repo/Landing Page/BM Detecting), "href", 20, OPTIONAL): Object 'Object Repository/Final Object Repo/Landing Page/BM Detecting' has attribute 'href'

2018-12-17 16:30:52 - [MESSAGE][PASSED] - Object 'Object Repository/Final Object Repo/Landing Page/BM Detecting' has attribute 'href'

2018-12-17 16:30:52 - [TEST_STEP][PASSED] - Statement - out.println(Checker): null

2018-12-17 16:30:52 - [TEST_STEP][PASSED] - Statement - If (Checker == false): null

2018-12-17 16:30:52 - [TEST_STEP][PASSED] - Statement - Else: null

2018-12-17 16:30:52 - [TEST_STEP][PASSED] - delay: Delayed 2 second(s)

2018-12-17 16:30:54 - [MESSAGE][PASSED] - Delayed 2 second(s)

2018-12-17 16:30:54 - [TEST_STEP][PASSED] - click: Object: 'Object Repository/Final Object Repo/Page_MyASSIST - ASSIST - Search Pending Case For Add Supporting Document/Search Information' is clicked on

2018-12-17 16:30:54 - [MESSAGE][PASSED] - Object: 'Object Repository/Final Object Repo/Page_MyASSIST - ASSIST - Search Pending Case For Add Supporting Document/Search Information' is clicked on

2018-12-17 16:30:54 - [TEST_STEP][PASSED] - delay: Delayed 3 second(s)

2018-12-17 16:30:57 - [MESSAGE][PASSED] - Delayed 3 second(s)

2018-12-17 16:30:57 - [TEST_STEP][PASSED] - sendKeys: Keys 'ERN122018C200002481' sent to object: 'Object Repository/Final Object Repo/Page_MyASSIST - ASSIST - Search Pending Case For Add Supporting Document/Reference No'

2018-12-17 16:30:57 - [MESSAGE][PASSED] - Keys 'ERN122018C200002481' sent to object: 'Object Repository/Final Object Repo/Page_MyASSIST - ASSIST - Search Pending Case For Add Supporting Document/Reference No'

2018-12-17 16:30:57 - [TEST_STEP][PASSED] - click: Object: 'Object Repository/Final Object Repo/Page_MyASSIST - ASSIST - Search Pending Case For Add Supporting Document/Search Reference No' is clicked on

2018-12-17 16:30:57 - [MESSAGE][PASSED] - Object: 'Object Repository/Final Object Repo/Page_MyASSIST - ASSIST - Search Pending Case For Add Supporting Document/Search Reference No' is clicked on

2018-12-17 16:30:57 - [TEST_STEP][PASSED] - delay: Delayed 2 second(s)

2018-12-17 16:30:59 - [MESSAGE][PASSED] - Delayed 2 second(s)

2018-12-17 16:30:59 - [TEST_STEP][PASSED] - click: Object: 'Object Repository/Final Object Repo/Page_MyASSIST - ASSIST - Search Pending Case For Add Supporting Document/Continue' is clicked on

2018-12-17 16:31:03 - [MESSAGE][PASSED] - Object: 'Object Repository/Final Object Repo/Page_MyASSIST - ASSIST - Search Pending Case For Add Supporting Document/Continue' is clicked on

2018-12-17 16:31:03 - [TEST_STEP][PASSED] - delay: Delayed 20 second(s)

2018-12-17 16:31:23 - [MESSAGE][PASSED] - Delayed 20 second(s)

2018-12-17 16:31:23 - [MESSAGE][PASSED] - Call Test Case 'Test Cases/Final Aug 2018 - PKS Automation/Registration Module/Workflow/Login and Search Case For Workflow' successfully

2018-12-17 16:31:23 - [TEST_STEP][PASSED] - click: Object: 'Object Repository/Final Object Repo/Page_Form 3 EIS - Cessation as Employer/Page_Form 3 EIS - Cessation as Employer (Approve)/Save  Continue in Form 3 Page' is clicked on

2018-12-17 16:31:23 - [MESSAGE][PASSED] - Object: 'Object Repository/Final Object Repo/Page_Form 3 EIS - Cessation as Employer/Page_Form 3 EIS - Cessation as Employer (Approve)/Save  Continue in Form 3 Page' is clicked on

2018-12-17 16:31:23 - [TEST_STEP][PASSED] - delay: Delayed 2 second(s)

2018-12-17 16:31:25 - [MESSAGE][PASSED] - Delayed 2 second(s)

2018-12-17 16:31:25 - [TEST_STEP][PASSED] - click: Object: 'Object Repository/Final Object Repo/Page_Form 3 EIS - Cessation as Employer/Page_Form 3 EIS - Cessation as Employer (Approve)/Save  Continue in Resigned Page' is clicked on

2018-12-17 16:31:25 - [MESSAGE][PASSED] - Object: 'Object Repository/Final Object Repo/Page_Form 3 EIS - Cessation as Employer/Page_Form 3 EIS - Cessation as Employer (Approve)/Save  Continue in Resigned Page' is clicked on

2018-12-17 16:31:25 - [TEST_STEP][PASSED] - delay: Delayed 2 second(s)

2018-12-17 16:31:27 - [MESSAGE][PASSED] - Delayed 2 second(s)

2018-12-17 16:31:27 - [TEST_STEP][PASSED] - click: Object: 'Object Repository/Final Object Repo/Page_Form 3 EIS - Cessation as Employer/Page_Form 3 EIS - Cessation as Employer (Approve)/Save  Continue in Uploading Page' is clicked on

2018-12-17 16:31:28 - [MESSAGE][PASSED] - Object: 'Object Repository/Final Object Repo/Page_Form 3 EIS - Cessation as Employer/Page_Form 3 EIS - Cessation as Employer (Approve)/Save  Continue in Uploading Page' is clicked on

2018-12-17 16:31:28 - [TEST_STEP][PASSED] - delay: Delayed 2 second(s)

2018-12-17 16:31:30 - [MESSAGE][PASSED] - Delayed 2 second(s)

2018-12-17 16:31:30 - [TEST_STEP][PASSED] - click: Object: 'Object Repository/Final Object Repo/Page_Form 3 EIS - Cessation as Employer/Page_Form 3 EIS - Cessation as Employer (Reject)/Reject' is clicked on

2018-12-17 16:31:33 - [MESSAGE][PASSED] - Object: 'Object Repository/Final Object Repo/Page_Form 3 EIS - Cessation as Employer/Page_Form 3 EIS - Cessation as Employer (Reject)/Reject' is clicked on

2018-12-17 16:31:33 - [TEST_STEP][PASSED] - delay: Delayed 2 second(s)

2018-12-17 16:31:35 - [MESSAGE][PASSED] - Delayed 2 second(s)

2018-12-17 16:31:35 - [TEST_STEP][PASSED] - click: Object: 'Object Repository/Final Object Repo/Page_Form 3 EIS - Cessation as Employer/Page_Form 3 EIS - Cessation as Employer (Reject)/Confirm' is clicked on

2018-12-17 16:31:35 - [MESSAGE][PASSED] - Object: 'Object Repository/Final Object Repo/Page_Form 3 EIS - Cessation as Employer/Page_Form 3 EIS - Cessation as Employer (Reject)/Confirm' is clicked on

2018-12-17 16:31:35 - [TEST_STEP][PASSED] - delay: Delayed 2 second(s)

2018-12-17 16:31:37 - [MESSAGE][PASSED] - Delayed 2 second(s)

2018-12-17 16:31:37 - [TEST_STEP][PASSED] - click: Object: 'Object Repository/Final Object Repo/Page_Form 3 EIS - Cessation as Employer/Page_Form 3 EIS - Cessation as Employer (Reject)/Message This Case has been Rejected' is clicked on

2018-12-17 16:31:41 - [MESSAGE][PASSED] - Object: 'Object Repository/Final Object Repo/Page_Form 3 EIS - Cessation as Employer/Page_Form 3 EIS - Cessation as Employer (Reject)/Message This Case has been Rejected' is clicked on

2018-12-17 16:31:41 - [TEST_STEP][PASSED] - click: Object: 'Object Repository/Final Object Repo/Page_Form 3 EIS - Cessation as Employer/Page_Form 3 EIS - Cessation as Employer (Reject)/Letter of update rejection' is clicked on

2018-12-17 16:31:42 - [MESSAGE][PASSED] - Object: 'Object Repository/Final Object Repo/Page_Form 3 EIS - Cessation as Employer/Page_Form 3 EIS - Cessation as Employer (Reject)/Letter of update rejection' is clicked on

2018-12-17 16:31:42 - [MESSAGE][PASSED] - Call Test Case 'Test Cases/Final Aug 2018 - PKS Automation/Registration Module/Workflow/Form 3 EIS - Cessation As Employer/Template/Form 3 A - Cessation As Employer (Query)' successfully]]></system-out>
         <system-err><![CDATA[]]></system-err>
      </testcase>
      <testcase name="Test Cases/Final Aug 2018 - PKS Automation/Registration Module/Workflow/Form 3 EIS - Cessation As Employer/PKRBO to UO (Reject)" classname="Test Cases/Final Aug 2018 - PKS Automation/Registration Module/Workflow/Form 3 EIS - Cessation As Employer/PKRBO to UO (Reject)" status="PASSED">
         <system-out><![CDATA[2018-12-17 16:31:42 - [TEST_CASE][PASSED] - Test Cases/Final Aug 2018 - PKS Automation/Registration Module/Workflow/Form 3 EIS - Cessation As Employer/PKRBO to UO (Reject): Test Cases/Final Aug 2018 - PKS Automation/Registration Module/Workflow/Form 3 EIS - Cessation As Employer/PKRBO to UO (Reject)

2018-12-17 16:31:42 - [TEST_STEP][PASSED] - callTestCase: Call Test Case 'Test Cases/Final Aug 2018 - PKS Automation/Registration Module/Workflow/Form 3 EIS - Cessation As Employer/Template/Form 3 A - Cessation As Employer (PKRBO)' successfully

2018-12-17 16:31:42 - [TEST_CASE][PASSED] - Test Cases/Final Aug 2018 - PKS Automation/Registration Module/Workflow/Form 3 EIS - Cessation As Employer/Template/Form 3 A - Cessation As Employer (PKRBO): Test Cases/Final Aug 2018 - PKS Automation/Registration Module/Workflow/Form 3 EIS - Cessation As Employer/Template/Form 3 A - Cessation As Employer (PKRBO)

2018-12-17 16:31:42 - [TEST_STEP][PASSED] - openBrowser: Browser is opened with url: ''

2018-12-17 16:31:42 - [MESSAGE][WARNING] - A browser is already opened. Closing browser and opening a new one

2018-12-17 16:31:45 - [MESSAGE][PASSED] - Browser is opened with url: ''

2018-12-17 16:31:45 - [TEST_STEP][PASSED] - navigateToUrl: Navigate to 'https://assist2-uat.perkeso.gov.my/login' successfully

2018-12-17 16:31:46 - [MESSAGE][PASSED] - Navigate to 'https://assist2-uat.perkeso.gov.my/login' successfully

2018-12-17 16:31:46 - [TEST_STEP][PASSED] - setText: Text 'johorpkrbo1@gmail.com' is set on object 'Object Repository/Final Object Repo/Login Page/Internal User/Email Address'

2018-12-17 16:31:47 - [MESSAGE][PASSED] - Text 'johorpkrbo1@gmail.com' is set on object 'Object Repository/Final Object Repo/Login Page/Internal User/Email Address'

2018-12-17 16:31:47 - [TEST_STEP][PASSED] - click: Object: 'Object Repository/Final Object Repo/Login Page/Internal User/Next Button' is clicked on

2018-12-17 16:31:47 - [MESSAGE][PASSED] - Object: 'Object Repository/Final Object Repo/Login Page/Internal User/Next Button' is clicked on

2018-12-17 16:31:47 - [TEST_STEP][PASSED] - delay: Delayed 1 second(s)

2018-12-17 16:31:48 - [MESSAGE][PASSED] - Delayed 1 second(s)

2018-12-17 16:31:48 - [TEST_STEP][PASSED] - setEncryptedText: Text ****** has been set on object 'Object Repository/Final Object Repo/Login Page/Internal User/Password'

2018-12-17 16:31:49 - [MESSAGE][PASSED] - Text ****** has been set on object 'Object Repository/Final Object Repo/Login Page/Internal User/Password'

2018-12-17 16:31:49 - [TEST_STEP][PASSED] - click: Object: 'Object Repository/Final Object Repo/Login Page/Internal User/Login Button' is clicked on

2018-12-17 16:31:49 - [MESSAGE][PASSED] - Object: 'Object Repository/Final Object Repo/Login Page/Internal User/Login Button' is clicked on

2018-12-17 16:31:49 - [TEST_STEP][PASSED] - delay: Delayed 1 second(s)

2018-12-17 16:31:50 - [MESSAGE][PASSED] - Delayed 1 second(s)

2018-12-17 16:31:50 - [TEST_STEP][PASSED] - Statement - Try: Delayed 2 second(s)

2018-12-17 16:31:50 - [TEST_STEP][PASSED] - Statement - Checker = false: null

2018-12-17 16:31:50 - [TEST_STEP][PASSED] - Statement - Checker = com.kms.katalon.core.webui.keyword.WebUiBuiltInKeywords.verifyElementHasAttribute(com.kms.katalon.core.testobject.ObjectRepository.findTestObject(Final Object Repo/Landing Page/BM Detecting), "href", 20, OPTIONAL): Object 'Object Repository/Final Object Repo/Landing Page/BM Detecting' has attribute 'href'

2018-12-17 16:31:51 - [MESSAGE][PASSED] - Object 'Object Repository/Final Object Repo/Landing Page/BM Detecting' has attribute 'href'

2018-12-17 16:31:51 - [TEST_STEP][PASSED] - Statement - out.println(Checker): null

2018-12-17 16:31:51 - [TEST_STEP][PASSED] - Statement - If (Checker == false): null

2018-12-17 16:31:51 - [TEST_STEP][PASSED] - Statement - Else: null

2018-12-17 16:31:51 - [TEST_STEP][PASSED] - delay: Delayed 2 second(s)

2018-12-17 16:31:53 - [MESSAGE][PASSED] - Delayed 2 second(s)

2018-12-17 16:31:53 - [TEST_STEP][PASSED] - navigateToUrl: Navigate to 'https://assist2-uat.perkeso.gov.my/web/registration/eis-update/form-3-eis-cessation-as-employer' successfully

2018-12-17 16:31:54 - [MESSAGE][PASSED] - Navigate to 'https://assist2-uat.perkeso.gov.my/web/registration/eis-update/form-3-eis-cessation-as-employer' successfully

2018-12-17 16:31:54 - [TEST_STEP][PASSED] - delay: Delayed 1 second(s)

2018-12-17 16:31:55 - [MESSAGE][PASSED] - Delayed 1 second(s)

2018-12-17 16:31:55 - [TEST_STEP][PASSED] - setText: Text 'E1102069769W' is set on object 'Object Repository/Final Object Repo/Page_Form 3 EIS - Cessation as Employer/Employer Code'

2018-12-17 16:31:55 - [MESSAGE][PASSED] - Text 'E1102069769W' is set on object 'Object Repository/Final Object Repo/Page_Form 3 EIS - Cessation as Employer/Employer Code'

2018-12-17 16:31:55 - [TEST_STEP][PASSED] - click: Object: 'Object Repository/Final Object Repo/Page_Form 3 EIS - Cessation as Employer/Search' is clicked on

2018-12-17 16:31:55 - [MESSAGE][PASSED] - Object: 'Object Repository/Final Object Repo/Page_Form 3 EIS - Cessation as Employer/Search' is clicked on

2018-12-17 16:31:55 - [TEST_STEP][PASSED] - click: Object: 'Object Repository/Final Object Repo/Page_Form 3 EIS - Cessation as Employer/Edit' is clicked on

2018-12-17 16:31:58 - [MESSAGE][PASSED] - Object: 'Object Repository/Final Object Repo/Page_Form 3 EIS - Cessation as Employer/Edit' is clicked on

2018-12-17 16:31:58 - [TEST_STEP][PASSED] - delay: Delayed 1 second(s)

2018-12-17 16:31:59 - [MESSAGE][PASSED] - Delayed 1 second(s)

2018-12-17 16:31:59 - [TEST_STEP][PASSED] - Statement - abc = com.kms.katalon.core.webui.keyword.WebUiBuiltInKeywords.getAttribute(com.kms.katalon.core.testobject.ObjectRepository.findTestObject(Final Object Repo/Page_Form 3 EIS - Cessation as Employer/Employer Status), "value"): Attribute 'value' of object 'Object Repository/Final Object Repo/Page_Form 3 EIS - Cessation as Employer/Employer Status' is: 'Active'

2018-12-17 16:31:59 - [MESSAGE][PASSED] - Attribute 'value' of object 'Object Repository/Final Object Repo/Page_Form 3 EIS - Cessation as Employer/Employer Status' is: 'Active'

2018-12-17 16:31:59 - [TEST_STEP][PASSED] - Statement - out.println(abc): null

2018-12-17 16:31:59 - [TEST_STEP][PASSED] - Statement - If (abc == "Active"): Object: 'Object Repository/Final Object Repo/Page_Form 3 EIS - Cessation as Employer/Dormant EIS' is clicked on

2018-12-17 16:31:59 - [TEST_STEP][PASSED] - click: Object: 'Object Repository/Final Object Repo/Page_Form 3 EIS - Cessation as Employer/Change Employer Status to' is clicked on

2018-12-17 16:31:59 - [MESSAGE][PASSED] - Object: 'Object Repository/Final Object Repo/Page_Form 3 EIS - Cessation as Employer/Change Employer Status to' is clicked on

2018-12-17 16:31:59 - [TEST_STEP][PASSED] - click: Object: 'Object Repository/Final Object Repo/Page_Form 3 EIS - Cessation as Employer/Dormant EIS' is clicked on

2018-12-17 16:31:59 - [MESSAGE][PASSED] - Object: 'Object Repository/Final Object Repo/Page_Form 3 EIS - Cessation as Employer/Dormant EIS' is clicked on

2018-12-17 16:31:59 - [TEST_STEP][PASSED] - click: Object: 'Object Repository/Final Object Repo/Page_Form 3 EIS - Cessation as Employer/Calender' is clicked on

2018-12-17 16:31:59 - [MESSAGE][PASSED] - Object: 'Object Repository/Final Object Repo/Page_Form 3 EIS - Cessation as Employer/Calender' is clicked on

2018-12-17 16:31:59 - [TEST_STEP][PASSED] - delay: Delayed 1 second(s)

2018-12-17 16:32:00 - [MESSAGE][PASSED] - Delayed 1 second(s)

2018-12-17 16:32:00 - [TEST_STEP][PASSED] - click: Object: 'Object Repository/Final Object Repo/Page_Form 3 EIS - Cessation as Employer/Calender - Date' is clicked on

2018-12-17 16:32:01 - [MESSAGE][PASSED] - Object: 'Object Repository/Final Object Repo/Page_Form 3 EIS - Cessation as Employer/Calender - Date' is clicked on

2018-12-17 16:32:01 - [TEST_STEP][PASSED] - click: Object: 'Object Repository/Final Object Repo/Page_Form 3 EIS - Cessation as Employer/Save  Continue in Form 3 EIS Page' is clicked on

2018-12-17 16:32:01 - [MESSAGE][PASSED] - Object: 'Object Repository/Final Object Repo/Page_Form 3 EIS - Cessation as Employer/Save  Continue in Form 3 EIS Page' is clicked on

2018-12-17 16:32:01 - [TEST_STEP][PASSED] - delay: Delayed 1 second(s)

2018-12-17 16:32:02 - [MESSAGE][PASSED] - Delayed 1 second(s)

2018-12-17 16:32:02 - [TEST_STEP][PASSED] - click: Object: 'Object Repository/Final Object Repo/Page_Form 3 EIS - Cessation as Employer/Employment Resign Date' is clicked on

2018-12-17 16:32:02 - [MESSAGE][PASSED] - Object: 'Object Repository/Final Object Repo/Page_Form 3 EIS - Cessation as Employer/Employment Resign Date' is clicked on

2018-12-17 16:32:02 - [TEST_STEP][PASSED] - selectOptionByValue: All options with value '2030' are selected in object 'Object Repository/Final Object Repo/Page_Form 3 EIS - Cessation as Employer/Employment Resign Date - Year' 

2018-12-17 16:32:03 - [MESSAGE][PASSED] - All options with value '2030' are selected in object 'Object Repository/Final Object Repo/Page_Form 3 EIS - Cessation as Employer/Employment Resign Date - Year' 

2018-12-17 16:32:03 - [TEST_STEP][PASSED] - delay: Delayed 2 second(s)

2018-12-17 16:32:05 - [MESSAGE][PASSED] - Delayed 2 second(s)

2018-12-17 16:32:05 - [TEST_STEP][PASSED] - click: Object: 'Object Repository/Final Object Repo/Page_Form 3 EIS - Cessation as Employer/Employment Resign Date - Year - Date' is clicked on

2018-12-17 16:32:05 - [MESSAGE][PASSED] - Object: 'Object Repository/Final Object Repo/Page_Form 3 EIS - Cessation as Employer/Employment Resign Date - Year - Date' is clicked on

2018-12-17 16:32:05 - [TEST_STEP][PASSED] - delay: Delayed 2 second(s)

2018-12-17 16:32:07 - [MESSAGE][PASSED] - Delayed 2 second(s)

2018-12-17 16:32:07 - [TEST_STEP][PASSED] - click: Object: 'Object Repository/Final Object Repo/Page_Form 3 EIS - Cessation as Employer/Save  Continue in Employment Resign Page' is clicked on

2018-12-17 16:32:07 - [MESSAGE][PASSED] - Object: 'Object Repository/Final Object Repo/Page_Form 3 EIS - Cessation as Employer/Save  Continue in Employment Resign Page' is clicked on

2018-12-17 16:32:07 - [TEST_STEP][PASSED] - delay: Delayed 2 second(s)

2018-12-17 16:32:09 - [MESSAGE][PASSED] - Delayed 2 second(s)

2018-12-17 16:32:09 - [TEST_STEP][PASSED] - click: Object: 'Object Repository/Final Object Repo/Page_Form 3 EIS - Cessation as Employer/Set Latest - Yes' is clicked on

2018-12-17 16:32:09 - [MESSAGE][PASSED] - Object: 'Object Repository/Final Object Repo/Page_Form 3 EIS - Cessation as Employer/Set Latest - Yes' is clicked on

2018-12-17 16:32:09 - [TEST_STEP][PASSED] - delay: Delayed 2 second(s)

2018-12-17 16:32:11 - [MESSAGE][PASSED] - Delayed 2 second(s)

2018-12-17 16:32:11 - [TEST_STEP][PASSED] - click: Object: 'Object Repository/Final Object Repo/Page_Form 3 EIS - Cessation as Employer/Add Document' is clicked on

2018-12-17 16:32:12 - [MESSAGE][PASSED] - Object: 'Object Repository/Final Object Repo/Page_Form 3 EIS - Cessation as Employer/Add Document' is clicked on

2018-12-17 16:32:12 - [TEST_STEP][PASSED] - delay: Delayed 3 second(s)

2018-12-17 16:32:15 - [MESSAGE][PASSED] - Delayed 3 second(s)

2018-12-17 16:32:15 - [TEST_STEP][PASSED] - click: Object: 'Object Repository/Final Object Repo/Page_Form 3 EIS - Cessation as Employer/Document Type' is clicked on

2018-12-17 16:32:16 - [MESSAGE][PASSED] - Object: 'Object Repository/Final Object Repo/Page_Form 3 EIS - Cessation as Employer/Document Type' is clicked on

2018-12-17 16:32:16 - [TEST_STEP][PASSED] - click: Object: 'Object Repository/Final Object Repo/Page_Form 3 EIS - Cessation as Employer/Document Type - Form 3' is clicked on

2018-12-17 16:32:16 - [MESSAGE][PASSED] - Object: 'Object Repository/Final Object Repo/Page_Form 3 EIS - Cessation as Employer/Document Type - Form 3' is clicked on

2018-12-17 16:32:16 - [TEST_STEP][PASSED] - delay: Delayed 2 second(s)

2018-12-17 16:32:18 - [MESSAGE][PASSED] - Delayed 2 second(s)

2018-12-17 16:32:18 - [TEST_STEP][PASSED] - sendKeys: Keys 'C:\Users\Public\Pictures\Sample Pictures\Koala.jpg' sent to object: 'Object Repository/Final Object Repo/Page_Form 3 EIS - Cessation as Employer/ploading File'

2018-12-17 16:32:18 - [MESSAGE][PASSED] - Keys 'C:\Users\Public\Pictures\Sample Pictures\Koala.jpg' sent to object: 'Object Repository/Final Object Repo/Page_Form 3 EIS - Cessation as Employer/ploading File'

2018-12-17 16:32:18 - [TEST_STEP][PASSED] - delay: Delayed 1 second(s)

2018-12-17 16:32:19 - [MESSAGE][PASSED] - Delayed 1 second(s)

2018-12-17 16:32:19 - [TEST_STEP][PASSED] - click: Object: 'Object Repository/Final Object Repo/Page_Form 3 EIS - Cessation as Employer/Add Document in Uploading Page' is clicked on

2018-12-17 16:32:19 - [MESSAGE][PASSED] - Object: 'Object Repository/Final Object Repo/Page_Form 3 EIS - Cessation as Employer/Add Document in Uploading Page' is clicked on

2018-12-17 16:32:19 - [TEST_STEP][PASSED] - delay: Delayed 2 second(s)

2018-12-17 16:32:21 - [MESSAGE][PASSED] - Delayed 2 second(s)

2018-12-17 16:32:21 - [TEST_STEP][PASSED] - Statement - CaseReferenceNo = com.kms.katalon.core.webui.keyword.WebUiBuiltInKeywords.getText(com.kms.katalon.core.testobject.ObjectRepository.findTestObject(Final Object Repo/Page_Update Employer Information/Reference Number in Update Employee Information Page)): Text of object 'Object Repository/Final Object Repo/Page_Update Employer Information/Reference Number in Update Employee Information Page' is: 'ERN122018C200002482'

2018-12-17 16:32:23 - [MESSAGE][PASSED] - Text of object 'Object Repository/Final Object Repo/Page_Update Employer Information/Reference Number in Update Employee Information Page' is: 'ERN122018C200002482'

2018-12-17 16:32:23 - [TEST_STEP][PASSED] - callTestCase: Call Test Case 'Test Cases/Final Aug 2018 - PKS Automation/Common/Reference Number Setter' successfully

2018-12-17 16:32:23 - [TEST_CASE][PASSED] - Test Cases/Final Aug 2018 - PKS Automation/Common/Reference Number Setter: Test Cases/Final Aug 2018 - PKS Automation/Common/Reference Number Setter

2018-12-17 16:32:23 - [TEST_STEP][PASSED] - Statement - RefNoOldFile = new java.io.File(C://Users//Admin//Desktop//PKS//Automation Reference Point//KatalonReference.txt): null

2018-12-17 16:32:23 - [TEST_STEP][PASSED] - Statement - RefNoOldFile.delete(): null

2018-12-17 16:32:23 - [TEST_STEP][PASSED] - delay: Delayed 5 second(s)

2018-12-17 16:32:28 - [MESSAGE][PASSED] - Delayed 5 second(s)

2018-12-17 16:32:28 - [TEST_STEP][PASSED] - Statement - RefNo = new java.io.File(C://Users//Admin//Desktop//PKS//Automation Reference Point//KatalonReference.txt): null

2018-12-17 16:32:28 - [TEST_STEP][PASSED] - Statement - f2 = new java.io.FileWriter(RefNo, false): null

2018-12-17 16:32:28 - [TEST_STEP][PASSED] - Statement - f2.write(CaseReferenceNo): null

2018-12-17 16:32:28 - [TEST_STEP][PASSED] - Statement - f2.close(): null

2018-12-17 16:32:28 - [TEST_STEP][PASSED] - Statement - out.println("


" + CaseReferenceNo + "


"): null

2018-12-17 16:32:28 - [MESSAGE][PASSED] - Call Test Case 'Test Cases/Final Aug 2018 - PKS Automation/Common/Reference Number Setter' successfully

2018-12-17 16:32:28 - [TEST_STEP][PASSED] - delay: Delayed 2 second(s)

2018-12-17 16:32:30 - [MESSAGE][PASSED] - Delayed 2 second(s)

2018-12-17 16:32:30 - [TEST_STEP][PASSED] - click: Object: 'Object Repository/Final Object Repo/Page_Form 3 EIS - Cessation as Employer/Save  Continue in Uploading Page' is clicked on

2018-12-17 16:32:30 - [MESSAGE][PASSED] - Object: 'Object Repository/Final Object Repo/Page_Form 3 EIS - Cessation as Employer/Save  Continue in Uploading Page' is clicked on

2018-12-17 16:32:30 - [TEST_STEP][PASSED] - delay: Delayed 2 second(s)

2018-12-17 16:32:32 - [MESSAGE][PASSED] - Delayed 2 second(s)

2018-12-17 16:32:32 - [TEST_STEP][PASSED] - click: Object: 'Object Repository/Final Object Repo/Page_Form 3 EIS - Cessation as Employer/Submit' is clicked on

2018-12-17 16:32:35 - [MESSAGE][PASSED] - Object: 'Object Repository/Final Object Repo/Page_Form 3 EIS - Cessation as Employer/Submit' is clicked on

2018-12-17 16:32:35 - [TEST_STEP][PASSED] - delay: Delayed 2 second(s)

2018-12-17 16:32:37 - [MESSAGE][PASSED] - Delayed 2 second(s)

2018-12-17 16:32:37 - [TEST_STEP][PASSED] - click: Object: 'Object Repository/Final Object Repo/Page_Form 3 EIS - Cessation as Employer/Confirm' is clicked on

2018-12-17 16:32:37 - [MESSAGE][PASSED] - Object: 'Object Repository/Final Object Repo/Page_Form 3 EIS - Cessation as Employer/Confirm' is clicked on

2018-12-17 16:32:37 - [TEST_STEP][PASSED] - delay: Delayed 2 second(s)

2018-12-17 16:32:39 - [MESSAGE][PASSED] - Delayed 2 second(s)

2018-12-17 16:32:39 - [TEST_STEP][PASSED] - click: Object: 'Object Repository/Final Object Repo/Page_Form 3 EIS - Cessation as Employer/Message Your Request will be routed to UO' is clicked on

2018-12-17 16:32:43 - [MESSAGE][PASSED] - Object: 'Object Repository/Final Object Repo/Page_Form 3 EIS - Cessation as Employer/Message Your Request will be routed to UO' is clicked on

2018-12-17 16:32:43 - [TEST_STEP][PASSED] - click: Object: 'Object Repository/Final Object Repo/Page_Form 3 EIS - Cessation as Employer/Letter of acknowledgement' is clicked on

2018-12-17 16:32:44 - [MESSAGE][PASSED] - Object: 'Object Repository/Final Object Repo/Page_Form 3 EIS - Cessation as Employer/Letter of acknowledgement' is clicked on

2018-12-17 16:32:44 - [MESSAGE][PASSED] - Call Test Case 'Test Cases/Final Aug 2018 - PKS Automation/Registration Module/Workflow/Form 3 EIS - Cessation As Employer/Template/Form 3 A - Cessation As Employer (PKRBO)' successfully

2018-12-17 16:32:44 - [TEST_STEP][PASSED] - callTestCase: Call Test Case 'Test Cases/Final Aug 2018 - PKS Automation/Registration Module/Workflow/Form 3 EIS - Cessation As Employer/Template/Form 3 A - Cessation As Employer (Reject)' successfully

2018-12-17 16:32:44 - [TEST_CASE][PASSED] - Test Cases/Final Aug 2018 - PKS Automation/Registration Module/Workflow/Form 3 EIS - Cessation As Employer/Template/Form 3 A - Cessation As Employer (Reject): Test Cases/Final Aug 2018 - PKS Automation/Registration Module/Workflow/Form 3 EIS - Cessation As Employer/Template/Form 3 A - Cessation As Employer (Reject)

2018-12-17 16:32:44 - [TEST_STEP][NOT_RUN] - callTestCase: NOT_RUN: callTestCase

2018-12-17 16:32:44 - [MESSAGE][NOT_RUN] - NOT_RUN: callTestCase

2018-12-17 16:32:44 - [TEST_STEP][PASSED] - delay: Delayed 1 second(s)

2018-12-17 16:32:45 - [MESSAGE][PASSED] - Delayed 1 second(s)

2018-12-17 16:32:45 - [TEST_STEP][PASSED] - navigateToUrl: Navigate to 'https://assist2-uat.perkeso.gov.my/c/portal/logout' successfully

2018-12-17 16:32:46 - [MESSAGE][PASSED] - Navigate to 'https://assist2-uat.perkeso.gov.my/c/portal/logout' successfully

2018-12-17 16:32:46 - [TEST_STEP][PASSED] - delay: Delayed 1 second(s)

2018-12-17 16:32:47 - [MESSAGE][PASSED] - Delayed 1 second(s)

2018-12-17 16:32:47 - [TEST_STEP][PASSED] - callTestCase: Call Test Case 'Test Cases/Final Aug 2018 - PKS Automation/Common/Reference Number Getter' successfully

2018-12-17 16:32:47 - [TEST_CASE][PASSED] - Test Cases/Final Aug 2018 - PKS Automation/Common/Reference Number Getter: Test Cases/Final Aug 2018 - PKS Automation/Common/Reference Number Getter

2018-12-17 16:32:47 - [TEST_STEP][PASSED] - Statement - Try: null

2018-12-17 16:32:47 - [TEST_STEP][PASSED] - Statement - RefNo = new java.io.File(C://Users//Admin//Desktop//PKS//Automation Reference Point//KatalonReference.txt): null

2018-12-17 16:32:47 - [TEST_STEP][PASSED] - Statement - bufferread = new java.io.BufferedReader(new java.io.FileReader(RefNo)): null

2018-12-17 16:32:47 - [TEST_STEP][PASSED] - Statement - readedVal = bufferread.readLine(): null

2018-12-17 16:32:47 - [TEST_STEP][PASSED] - Statement - out.println(CaseReferenceNo): null

2018-12-17 16:32:47 - [TEST_STEP][PASSED] - Statement - out.println(readedVal): null

2018-12-17 16:32:47 - [TEST_STEP][PASSED] - Statement - CaseReferenceNo = "": null

2018-12-17 16:32:47 - [TEST_STEP][PASSED] - Statement - CaseReferenceNo = readedVal: null

2018-12-17 16:32:47 - [MESSAGE][PASSED] - Call Test Case 'Test Cases/Final Aug 2018 - PKS Automation/Common/Reference Number Getter' successfully

2018-12-17 16:32:47 - [TEST_STEP][PASSED] - callTestCase: Call Test Case 'Test Cases/Final Aug 2018 - PKS Automation/Common/Workflow Owner Finder' successfully

2018-12-17 16:32:47 - [TEST_CASE][PASSED] - Test Cases/Final Aug 2018 - PKS Automation/Common/Workflow Owner Finder: Test Cases/Final Aug 2018 - PKS Automation/Common/Workflow Owner Finder

2018-12-17 16:32:47 - [TEST_STEP][PASSED] - openBrowser: Browser is opened with url: ''

2018-12-17 16:32:47 - [MESSAGE][WARNING] - A browser is already opened. Closing browser and opening a new one

2018-12-17 16:32:50 - [MESSAGE][PASSED] - Browser is opened with url: ''

2018-12-17 16:32:50 - [TEST_STEP][PASSED] - navigateToUrl: Navigate to 'https://assist2-uat.perkeso.gov.my/login' successfully

2018-12-17 16:32:51 - [MESSAGE][PASSED] - Navigate to 'https://assist2-uat.perkeso.gov.my/login' successfully

2018-12-17 16:32:51 - [TEST_STEP][PASSED] - delay: Delayed 5 second(s)

2018-12-17 16:32:56 - [MESSAGE][PASSED] - Delayed 5 second(s)

2018-12-17 16:32:56 - [TEST_STEP][PASSED] - setText: Text 'test@liferay.com' is set on object 'Object Repository/Final Object Repo/Login Page/Internal User/Email Address'

2018-12-17 16:32:56 - [MESSAGE][PASSED] - Text 'test@liferay.com' is set on object 'Object Repository/Final Object Repo/Login Page/Internal User/Email Address'

2018-12-17 16:32:56 - [TEST_STEP][PASSED] - click: Object: 'Object Repository/Final Object Repo/Login Page/Internal User/Next Button' is clicked on

2018-12-17 16:32:56 - [MESSAGE][PASSED] - Object: 'Object Repository/Final Object Repo/Login Page/Internal User/Next Button' is clicked on

2018-12-17 16:32:56 - [TEST_STEP][PASSED] - delay: Delayed 2 second(s)

2018-12-17 16:32:58 - [MESSAGE][PASSED] - Delayed 2 second(s)

2018-12-17 16:32:58 - [TEST_STEP][PASSED] - setText: Text 'test' is set on object 'Object Repository/Final Object Repo/Login Page/Internal User/Password'

2018-12-17 16:32:59 - [MESSAGE][PASSED] - Text 'test' is set on object 'Object Repository/Final Object Repo/Login Page/Internal User/Password'

2018-12-17 16:32:59 - [TEST_STEP][PASSED] - delay: Delayed 2 second(s)

2018-12-17 16:33:01 - [MESSAGE][PASSED] - Delayed 2 second(s)

2018-12-17 16:33:01 - [TEST_STEP][PASSED] - click: Object: 'Object Repository/Final Object Repo/Login Page/Internal User/Login Button' is clicked on

2018-12-17 16:33:01 - [MESSAGE][PASSED] - Object: 'Object Repository/Final Object Repo/Login Page/Internal User/Login Button' is clicked on

2018-12-17 16:33:01 - [TEST_STEP][PASSED] - Statement - tester = com.kms.katalon.core.testobject.ObjectRepository.findTestObject(Final Object Repo/Landing Page/Select to English): Finding Test Object with id 'Object Repository/Final Object Repo/Landing Page/Select to English'

2018-12-17 16:33:01 - [TEST_STEP][PASSED] - Statement - Try: Delayed 2 second(s)

2018-12-17 16:33:01 - [TEST_STEP][PASSED] - Statement - Checker = com.kms.katalon.core.webui.keyword.WebUiBuiltInKeywords.verifyElementNotPresent(tester, 3): Web element with id: 'Object Repository/Final Object Repo/Landing Page/Select to English' located by 'By.xpath: //a[@class = 'taglib-language-list-text' and @lang = 'en-US' and (contains(text(), 'EN') or contains(., 'EN'))]' is not present after '3' second(s)

2018-12-17 16:33:03 - [MESSAGE][PASSED] - Web element with id: 'Object Repository/Final Object Repo/Landing Page/Select to English' located by 'By.xpath: //a[@class = 'taglib-language-list-text' and @lang = 'en-US' and (contains(text(), 'EN') or contains(., 'EN'))]' is not present after '3' second(s)

2018-12-17 16:33:03 - [TEST_STEP][PASSED] - Statement - If (Checker == false): null

2018-12-17 16:33:03 - [TEST_STEP][PASSED] - delay: Delayed 2 second(s)

2018-12-17 16:33:05 - [MESSAGE][PASSED] - Delayed 2 second(s)

2018-12-17 16:33:05 - [TEST_STEP][PASSED] - delay: Delayed 5 second(s)

2018-12-17 16:33:10 - [MESSAGE][PASSED] - Delayed 5 second(s)

2018-12-17 16:33:10 - [TEST_STEP][PASSED] - mouseOver: Object: 'Object Repository/Final Object Repo/Landing Page/WorkFlow Menu' is hovered

2018-12-17 16:33:10 - [MESSAGE][PASSED] - Object: 'Object Repository/Final Object Repo/Landing Page/WorkFlow Menu' is hovered

2018-12-17 16:33:10 - [TEST_STEP][PASSED] - delay: Delayed 2 second(s)

2018-12-17 16:33:12 - [MESSAGE][PASSED] - Delayed 2 second(s)

2018-12-17 16:33:12 - [TEST_STEP][PASSED] - click: Object: 'Object Repository/Final Object Repo/Landing Page/Select to Workflow Listing' is clicked on

2018-12-17 16:33:13 - [MESSAGE][PASSED] - Object: 'Object Repository/Final Object Repo/Landing Page/Select to Workflow Listing' is clicked on

2018-12-17 16:33:13 - [TEST_STEP][PASSED] - delay: Delayed 2 second(s)

2018-12-17 16:33:15 - [MESSAGE][PASSED] - Delayed 2 second(s)

2018-12-17 16:33:15 - [TEST_STEP][PASSED] - click: Object: 'Object Repository/Final Object Repo/WorkFlow Listing Page/Search Information - To Put Ref No' is clicked on

2018-12-17 16:33:15 - [MESSAGE][PASSED] - Object: 'Object Repository/Final Object Repo/WorkFlow Listing Page/Search Information - To Put Ref No' is clicked on

2018-12-17 16:33:15 - [TEST_STEP][PASSED] - delay: Delayed 2 second(s)

2018-12-17 16:33:17 - [MESSAGE][PASSED] - Delayed 2 second(s)

2018-12-17 16:33:17 - [TEST_STEP][PASSED] - callTestCase: Call Test Case 'Test Cases/Final Aug 2018 - PKS Automation/Common/Reference Number Getter' successfully

2018-12-17 16:33:17 - [TEST_CASE][PASSED] - Test Cases/Final Aug 2018 - PKS Automation/Common/Reference Number Getter: Test Cases/Final Aug 2018 - PKS Automation/Common/Reference Number Getter

2018-12-17 16:33:17 - [TEST_STEP][PASSED] - Statement - Try: null

2018-12-17 16:33:17 - [TEST_STEP][PASSED] - Statement - RefNo = new java.io.File(C://Users//Admin//Desktop//PKS//Automation Reference Point//KatalonReference.txt): null

2018-12-17 16:33:17 - [TEST_STEP][PASSED] - Statement - bufferread = new java.io.BufferedReader(new java.io.FileReader(RefNo)): null

2018-12-17 16:33:17 - [TEST_STEP][PASSED] - Statement - readedVal = bufferread.readLine(): null

2018-12-17 16:33:17 - [TEST_STEP][PASSED] - Statement - out.println(CaseReferenceNo): null

2018-12-17 16:33:17 - [TEST_STEP][PASSED] - Statement - out.println(readedVal): null

2018-12-17 16:33:17 - [TEST_STEP][PASSED] - Statement - CaseReferenceNo = "": null

2018-12-17 16:33:17 - [TEST_STEP][PASSED] - Statement - CaseReferenceNo = readedVal: null

2018-12-17 16:33:17 - [MESSAGE][PASSED] - Call Test Case 'Test Cases/Final Aug 2018 - PKS Automation/Common/Reference Number Getter' successfully

2018-12-17 16:33:17 - [TEST_STEP][PASSED] - setText: Text 'ERN122018C200002482' is set on object 'Object Repository/Final Object Repo/WorkFlow Listing Page/Ref No Set Text'

2018-12-17 16:33:18 - [MESSAGE][PASSED] - Text 'ERN122018C200002482' is set on object 'Object Repository/Final Object Repo/WorkFlow Listing Page/Ref No Set Text'

2018-12-17 16:33:18 - [TEST_STEP][PASSED] - delay: Delayed 2 second(s)

2018-12-17 16:33:20 - [MESSAGE][PASSED] - Delayed 2 second(s)

2018-12-17 16:33:20 - [TEST_STEP][PASSED] - click: Object: 'Object Repository/Final Object Repo/WorkFlow Listing Page/Search Ref No Search Button' is clicked on

2018-12-17 16:33:20 - [MESSAGE][PASSED] - Object: 'Object Repository/Final Object Repo/WorkFlow Listing Page/Search Ref No Search Button' is clicked on

2018-12-17 16:33:20 - [TEST_STEP][PASSED] - delay: Delayed 6 second(s)

2018-12-17 16:33:26 - [MESSAGE][PASSED] - Delayed 6 second(s)

2018-12-17 16:33:26 - [TEST_STEP][PASSED] - click: Object: 'Object Repository/Final Object Repo/WorkFlow Listing Page/Click Continue Tooltip' is clicked on

2018-12-17 16:33:27 - [MESSAGE][PASSED] - Object: 'Object Repository/Final Object Repo/WorkFlow Listing Page/Click Continue Tooltip' is clicked on

2018-12-17 16:33:27 - [TEST_STEP][PASSED] - delay: Delayed 5 second(s)

2018-12-17 16:33:32 - [MESSAGE][PASSED] - Delayed 5 second(s)

2018-12-17 16:33:32 - [TEST_STEP][PASSED] - doubleClick: Object: 'Object Repository/Final Object Repo/WorkFlow Listing Page/Workflow Found - Listing 1' is double clicked on

2018-12-17 16:33:32 - [MESSAGE][PASSED] - Object: 'Object Repository/Final Object Repo/WorkFlow Listing Page/Workflow Found - Listing 1' is double clicked on

2018-12-17 16:33:32 - [TEST_STEP][PASSED] - Statement - println(OwnerID): null

2018-12-17 16:33:32 - [TEST_STEP][PASSED] - Statement - OwnerID = com.kms.katalon.core.webui.keyword.WebUiBuiltInKeywords.getText(com.kms.katalon.core.testobject.ObjectRepository.findTestObject(Final Object Repo/WorkFlow Listing Page/Workflow Found - Listing 1), STOP_ON_FAILURE): Text of object 'Object Repository/Final Object Repo/WorkFlow Listing Page/Workflow Found - Listing 1' is: 'JOHORuo3'

2018-12-17 16:33:32 - [MESSAGE][PASSED] - Text of object 'Object Repository/Final Object Repo/WorkFlow Listing Page/Workflow Found - Listing 1' is: 'JOHORuo3'

2018-12-17 16:33:32 - [TEST_STEP][PASSED] - Statement - OwnerID = OwnerID.toLowerCase() + "@gmail.com": null

2018-12-17 16:33:32 - [TEST_STEP][PASSED] - Statement - println(OwnerID): null

2018-12-17 16:33:32 - [TEST_STEP][PASSED] - delay: Delayed 2 second(s)

2018-12-17 16:33:34 - [MESSAGE][PASSED] - Delayed 2 second(s)

2018-12-17 16:33:34 - [MESSAGE][PASSED] - Call Test Case 'Test Cases/Final Aug 2018 - PKS Automation/Common/Workflow Owner Finder' successfully

2018-12-17 16:33:34 - [TEST_STEP][PASSED] - delay: Delayed 1 second(s)

2018-12-17 16:33:35 - [MESSAGE][PASSED] - Delayed 1 second(s)

2018-12-17 16:33:35 - [TEST_STEP][PASSED] - navigateToUrl: Navigate to 'https://assist2-uat.perkeso.gov.my/c/portal/logout' successfully

2018-12-17 16:33:36 - [MESSAGE][PASSED] - Navigate to 'https://assist2-uat.perkeso.gov.my/c/portal/logout' successfully

2018-12-17 16:33:36 - [TEST_STEP][PASSED] - delay: Delayed 1 second(s)

2018-12-17 16:33:37 - [MESSAGE][PASSED] - Delayed 1 second(s)

2018-12-17 16:33:37 - [TEST_STEP][PASSED] - callTestCase: Call Test Case 'Test Cases/Final Aug 2018 - PKS Automation/Registration Module/Workflow/Login and Search Case For Workflow' successfully

2018-12-17 16:33:37 - [TEST_CASE][PASSED] - Test Cases/Final Aug 2018 - PKS Automation/Registration Module/Workflow/Login and Search Case For Workflow: Test Cases/Final Aug 2018 - PKS Automation/Registration Module/Workflow/Login and Search Case For Workflow

2018-12-17 16:33:37 - [TEST_STEP][PASSED] - navigateToUrl: Navigate to 'https://assist2-uat.perkeso.gov.my/login' successfully

2018-12-17 16:33:38 - [MESSAGE][PASSED] - Navigate to 'https://assist2-uat.perkeso.gov.my/login' successfully

2018-12-17 16:33:38 - [TEST_STEP][PASSED] - setText: Text 'johoruo3@gmail.com' is set on object 'Object Repository/Final Object Repo/Login Page/Internal User/Email Address'

2018-12-17 16:33:38 - [MESSAGE][PASSED] - Text 'johoruo3@gmail.com' is set on object 'Object Repository/Final Object Repo/Login Page/Internal User/Email Address'

2018-12-17 16:33:38 - [TEST_STEP][PASSED] - click: Object: 'Object Repository/Final Object Repo/Login Page/Internal User/Next Button' is clicked on

2018-12-17 16:33:39 - [MESSAGE][PASSED] - Object: 'Object Repository/Final Object Repo/Login Page/Internal User/Next Button' is clicked on

2018-12-17 16:33:39 - [TEST_STEP][PASSED] - delay: Delayed 1 second(s)

2018-12-17 16:33:40 - [MESSAGE][PASSED] - Delayed 1 second(s)

2018-12-17 16:33:40 - [TEST_STEP][PASSED] - setEncryptedText: Text ****** has been set on object 'Object Repository/Final Object Repo/Login Page/Internal User/Password'

2018-12-17 16:33:40 - [MESSAGE][PASSED] - Text ****** has been set on object 'Object Repository/Final Object Repo/Login Page/Internal User/Password'

2018-12-17 16:33:40 - [TEST_STEP][PASSED] - click: Object: 'Object Repository/Final Object Repo/Login Page/Internal User/Login Button' is clicked on

2018-12-17 16:33:40 - [MESSAGE][PASSED] - Object: 'Object Repository/Final Object Repo/Login Page/Internal User/Login Button' is clicked on

2018-12-17 16:33:40 - [TEST_STEP][PASSED] - delay: Delayed 2 second(s)

2018-12-17 16:33:42 - [MESSAGE][PASSED] - Delayed 2 second(s)

2018-12-17 16:33:42 - [TEST_STEP][PASSED] - Statement - Try: Delayed 2 second(s)

2018-12-17 16:33:42 - [TEST_STEP][PASSED] - Statement - Checker = false: null

2018-12-17 16:33:42 - [TEST_STEP][PASSED] - Statement - Checker = com.kms.katalon.core.webui.keyword.WebUiBuiltInKeywords.verifyElementHasAttribute(com.kms.katalon.core.testobject.ObjectRepository.findTestObject(Final Object Repo/Landing Page/BM Detecting), "href", 20, OPTIONAL): Object 'Object Repository/Final Object Repo/Landing Page/BM Detecting' has attribute 'href'

2018-12-17 16:33:42 - [MESSAGE][PASSED] - Object 'Object Repository/Final Object Repo/Landing Page/BM Detecting' has attribute 'href'

2018-12-17 16:33:42 - [TEST_STEP][PASSED] - Statement - out.println(Checker): null

2018-12-17 16:33:42 - [TEST_STEP][PASSED] - Statement - If (Checker == false): null

2018-12-17 16:33:42 - [TEST_STEP][PASSED] - Statement - Else: null

2018-12-17 16:33:42 - [TEST_STEP][PASSED] - delay: Delayed 2 second(s)

2018-12-17 16:33:44 - [MESSAGE][PASSED] - Delayed 2 second(s)

2018-12-17 16:33:44 - [TEST_STEP][PASSED] - click: Object: 'Object Repository/Final Object Repo/Page_MyASSIST - ASSIST - Search Pending Case For Add Supporting Document/Search Information' is clicked on

2018-12-17 16:33:44 - [MESSAGE][PASSED] - Object: 'Object Repository/Final Object Repo/Page_MyASSIST - ASSIST - Search Pending Case For Add Supporting Document/Search Information' is clicked on

2018-12-17 16:33:44 - [TEST_STEP][PASSED] - delay: Delayed 3 second(s)

2018-12-17 16:33:47 - [MESSAGE][PASSED] - Delayed 3 second(s)

2018-12-17 16:33:47 - [TEST_STEP][PASSED] - sendKeys: Keys 'ERN122018C200002482' sent to object: 'Object Repository/Final Object Repo/Page_MyASSIST - ASSIST - Search Pending Case For Add Supporting Document/Reference No'

2018-12-17 16:33:48 - [MESSAGE][PASSED] - Keys 'ERN122018C200002482' sent to object: 'Object Repository/Final Object Repo/Page_MyASSIST - ASSIST - Search Pending Case For Add Supporting Document/Reference No'

2018-12-17 16:33:48 - [TEST_STEP][PASSED] - click: Object: 'Object Repository/Final Object Repo/Page_MyASSIST - ASSIST - Search Pending Case For Add Supporting Document/Search Reference No' is clicked on

2018-12-17 16:33:48 - [MESSAGE][PASSED] - Object: 'Object Repository/Final Object Repo/Page_MyASSIST - ASSIST - Search Pending Case For Add Supporting Document/Search Reference No' is clicked on

2018-12-17 16:33:48 - [TEST_STEP][PASSED] - delay: Delayed 2 second(s)

2018-12-17 16:33:50 - [MESSAGE][PASSED] - Delayed 2 second(s)

2018-12-17 16:33:50 - [TEST_STEP][PASSED] - click: Object: 'Object Repository/Final Object Repo/Page_MyASSIST - ASSIST - Search Pending Case For Add Supporting Document/Continue' is clicked on

2018-12-17 16:33:53 - [MESSAGE][PASSED] - Object: 'Object Repository/Final Object Repo/Page_MyASSIST - ASSIST - Search Pending Case For Add Supporting Document/Continue' is clicked on

2018-12-17 16:33:53 - [TEST_STEP][PASSED] - delay: Delayed 20 second(s)

2018-12-17 16:34:13 - [MESSAGE][PASSED] - Delayed 20 second(s)

2018-12-17 16:34:13 - [MESSAGE][PASSED] - Call Test Case 'Test Cases/Final Aug 2018 - PKS Automation/Registration Module/Workflow/Login and Search Case For Workflow' successfully

2018-12-17 16:34:13 - [TEST_STEP][PASSED] - click: Object: 'Object Repository/Final Object Repo/Page_Form 3 EIS - Cessation as Employer/Page_Form 3 EIS - Cessation as Employer (Approve)/Save  Continue in Form 3 Page' is clicked on

2018-12-17 16:34:13 - [MESSAGE][PASSED] - Object: 'Object Repository/Final Object Repo/Page_Form 3 EIS - Cessation as Employer/Page_Form 3 EIS - Cessation as Employer (Approve)/Save  Continue in Form 3 Page' is clicked on

2018-12-17 16:34:13 - [TEST_STEP][PASSED] - delay: Delayed 2 second(s)

2018-12-17 16:34:15 - [MESSAGE][PASSED] - Delayed 2 second(s)

2018-12-17 16:34:15 - [TEST_STEP][PASSED] - click: Object: 'Object Repository/Final Object Repo/Page_Form 3 EIS - Cessation as Employer/Page_Form 3 EIS - Cessation as Employer (Approve)/Save  Continue in Resigned Page' is clicked on

2018-12-17 16:34:16 - [MESSAGE][PASSED] - Object: 'Object Repository/Final Object Repo/Page_Form 3 EIS - Cessation as Employer/Page_Form 3 EIS - Cessation as Employer (Approve)/Save  Continue in Resigned Page' is clicked on

2018-12-17 16:34:16 - [TEST_STEP][PASSED] - delay: Delayed 2 second(s)

2018-12-17 16:34:18 - [MESSAGE][PASSED] - Delayed 2 second(s)

2018-12-17 16:34:18 - [TEST_STEP][PASSED] - click: Object: 'Object Repository/Final Object Repo/Page_Form 3 EIS - Cessation as Employer/Page_Form 3 EIS - Cessation as Employer (Approve)/Save  Continue in Uploading Page' is clicked on

2018-12-17 16:34:19 - [MESSAGE][PASSED] - Object: 'Object Repository/Final Object Repo/Page_Form 3 EIS - Cessation as Employer/Page_Form 3 EIS - Cessation as Employer (Approve)/Save  Continue in Uploading Page' is clicked on

2018-12-17 16:34:19 - [TEST_STEP][PASSED] - delay: Delayed 2 second(s)

2018-12-17 16:34:21 - [MESSAGE][PASSED] - Delayed 2 second(s)

2018-12-17 16:34:21 - [TEST_STEP][PASSED] - click: Object: 'Object Repository/Final Object Repo/Page_Form 3 EIS - Cessation as Employer/Page_Form 3 EIS - Cessation as Employer (Reject)/Reject' is clicked on

2018-12-17 16:34:24 - [MESSAGE][PASSED] - Object: 'Object Repository/Final Object Repo/Page_Form 3 EIS - Cessation as Employer/Page_Form 3 EIS - Cessation as Employer (Reject)/Reject' is clicked on

2018-12-17 16:34:24 - [TEST_STEP][PASSED] - delay: Delayed 2 second(s)

2018-12-17 16:34:26 - [MESSAGE][PASSED] - Delayed 2 second(s)

2018-12-17 16:34:26 - [TEST_STEP][PASSED] - click: Object: 'Object Repository/Final Object Repo/Page_Form 3 EIS - Cessation as Employer/Page_Form 3 EIS - Cessation as Employer (Reject)/Confirm' is clicked on

2018-12-17 16:34:26 - [MESSAGE][PASSED] - Object: 'Object Repository/Final Object Repo/Page_Form 3 EIS - Cessation as Employer/Page_Form 3 EIS - Cessation as Employer (Reject)/Confirm' is clicked on

2018-12-17 16:34:26 - [TEST_STEP][PASSED] - delay: Delayed 2 second(s)

2018-12-17 16:34:28 - [MESSAGE][PASSED] - Delayed 2 second(s)

2018-12-17 16:34:28 - [TEST_STEP][PASSED] - click: Object: 'Object Repository/Final Object Repo/Page_Form 3 EIS - Cessation as Employer/Page_Form 3 EIS - Cessation as Employer (Reject)/Message This Case has been Rejected' is clicked on

2018-12-17 16:34:31 - [MESSAGE][PASSED] - Object: 'Object Repository/Final Object Repo/Page_Form 3 EIS - Cessation as Employer/Page_Form 3 EIS - Cessation as Employer (Reject)/Message This Case has been Rejected' is clicked on

2018-12-17 16:34:31 - [TEST_STEP][PASSED] - click: Object: 'Object Repository/Final Object Repo/Page_Form 3 EIS - Cessation as Employer/Page_Form 3 EIS - Cessation as Employer (Reject)/Letter of update rejection' is clicked on

2018-12-17 16:34:32 - [MESSAGE][PASSED] - Object: 'Object Repository/Final Object Repo/Page_Form 3 EIS - Cessation as Employer/Page_Form 3 EIS - Cessation as Employer (Reject)/Letter of update rejection' is clicked on

2018-12-17 16:34:32 - [MESSAGE][PASSED] - Call Test Case 'Test Cases/Final Aug 2018 - PKS Automation/Registration Module/Workflow/Form 3 EIS - Cessation As Employer/Template/Form 3 A - Cessation As Employer (Reject)' successfully]]></system-out>
         <system-err><![CDATA[]]></system-err>
      </testcase>
      <testcase name="Test Cases/Final Aug 2018 - PKS Automation/Registration Module/Workflow/Form 3 EIS - Cessation As Employer/PKRBO to UO (Under enforcement)" classname="Test Cases/Final Aug 2018 - PKS Automation/Registration Module/Workflow/Form 3 EIS - Cessation As Employer/PKRBO to UO (Under enforcement)" status="PASSED">
         <system-out><![CDATA[2018-12-17 16:34:32 - [TEST_CASE][PASSED] - Test Cases/Final Aug 2018 - PKS Automation/Registration Module/Workflow/Form 3 EIS - Cessation As Employer/PKRBO to UO (Under enforcement): Test Cases/Final Aug 2018 - PKS Automation/Registration Module/Workflow/Form 3 EIS - Cessation As Employer/PKRBO to UO (Under enforcement)

2018-12-17 16:34:32 - [TEST_STEP][PASSED] - callTestCase: Call Test Case 'Test Cases/Final Aug 2018 - PKS Automation/Registration Module/Workflow/Form 3 EIS - Cessation As Employer/Template/Form 3 A - Cessation As Employer (PKRBO)' successfully

2018-12-17 16:34:32 - [TEST_CASE][PASSED] - Test Cases/Final Aug 2018 - PKS Automation/Registration Module/Workflow/Form 3 EIS - Cessation As Employer/Template/Form 3 A - Cessation As Employer (PKRBO): Test Cases/Final Aug 2018 - PKS Automation/Registration Module/Workflow/Form 3 EIS - Cessation As Employer/Template/Form 3 A - Cessation As Employer (PKRBO)

2018-12-17 16:34:32 - [TEST_STEP][PASSED] - openBrowser: Browser is opened with url: ''

2018-12-17 16:34:32 - [MESSAGE][WARNING] - A browser is already opened. Closing browser and opening a new one

2018-12-17 16:34:35 - [MESSAGE][PASSED] - Browser is opened with url: ''

2018-12-17 16:34:35 - [TEST_STEP][PASSED] - navigateToUrl: Navigate to 'https://assist2-uat.perkeso.gov.my/login' successfully

2018-12-17 16:34:36 - [MESSAGE][PASSED] - Navigate to 'https://assist2-uat.perkeso.gov.my/login' successfully

2018-12-17 16:34:36 - [TEST_STEP][PASSED] - setText: Text 'johorpkrbo1@gmail.com' is set on object 'Object Repository/Final Object Repo/Login Page/Internal User/Email Address'

2018-12-17 16:34:37 - [MESSAGE][PASSED] - Text 'johorpkrbo1@gmail.com' is set on object 'Object Repository/Final Object Repo/Login Page/Internal User/Email Address'

2018-12-17 16:34:37 - [TEST_STEP][PASSED] - click: Object: 'Object Repository/Final Object Repo/Login Page/Internal User/Next Button' is clicked on

2018-12-17 16:34:37 - [MESSAGE][PASSED] - Object: 'Object Repository/Final Object Repo/Login Page/Internal User/Next Button' is clicked on

2018-12-17 16:34:37 - [TEST_STEP][PASSED] - delay: Delayed 1 second(s)

2018-12-17 16:34:38 - [MESSAGE][PASSED] - Delayed 1 second(s)

2018-12-17 16:34:38 - [TEST_STEP][PASSED] - setEncryptedText: Text ****** has been set on object 'Object Repository/Final Object Repo/Login Page/Internal User/Password'

2018-12-17 16:34:38 - [MESSAGE][PASSED] - Text ****** has been set on object 'Object Repository/Final Object Repo/Login Page/Internal User/Password'

2018-12-17 16:34:38 - [TEST_STEP][PASSED] - click: Object: 'Object Repository/Final Object Repo/Login Page/Internal User/Login Button' is clicked on

2018-12-17 16:34:39 - [MESSAGE][PASSED] - Object: 'Object Repository/Final Object Repo/Login Page/Internal User/Login Button' is clicked on

2018-12-17 16:34:39 - [TEST_STEP][PASSED] - delay: Delayed 1 second(s)

2018-12-17 16:34:40 - [MESSAGE][PASSED] - Delayed 1 second(s)

2018-12-17 16:34:40 - [TEST_STEP][PASSED] - Statement - Try: Delayed 2 second(s)

2018-12-17 16:34:40 - [TEST_STEP][PASSED] - Statement - Checker = false: null

2018-12-17 16:34:40 - [TEST_STEP][PASSED] - Statement - Checker = com.kms.katalon.core.webui.keyword.WebUiBuiltInKeywords.verifyElementHasAttribute(com.kms.katalon.core.testobject.ObjectRepository.findTestObject(Final Object Repo/Landing Page/BM Detecting), "href", 20, OPTIONAL): Object 'Object Repository/Final Object Repo/Landing Page/BM Detecting' has attribute 'href'

2018-12-17 16:34:40 - [MESSAGE][PASSED] - Object 'Object Repository/Final Object Repo/Landing Page/BM Detecting' has attribute 'href'

2018-12-17 16:34:40 - [TEST_STEP][PASSED] - Statement - out.println(Checker): null

2018-12-17 16:34:40 - [TEST_STEP][PASSED] - Statement - If (Checker == false): null

2018-12-17 16:34:40 - [TEST_STEP][PASSED] - Statement - Else: null

2018-12-17 16:34:40 - [TEST_STEP][PASSED] - delay: Delayed 2 second(s)

2018-12-17 16:34:42 - [MESSAGE][PASSED] - Delayed 2 second(s)

2018-12-17 16:34:42 - [TEST_STEP][PASSED] - navigateToUrl: Navigate to 'https://assist2-uat.perkeso.gov.my/web/registration/eis-update/form-3-eis-cessation-as-employer' successfully

2018-12-17 16:34:43 - [MESSAGE][PASSED] - Navigate to 'https://assist2-uat.perkeso.gov.my/web/registration/eis-update/form-3-eis-cessation-as-employer' successfully

2018-12-17 16:34:43 - [TEST_STEP][PASSED] - delay: Delayed 1 second(s)

2018-12-17 16:34:44 - [MESSAGE][PASSED] - Delayed 1 second(s)

2018-12-17 16:34:44 - [TEST_STEP][PASSED] - setText: Text 'E1102069769W' is set on object 'Object Repository/Final Object Repo/Page_Form 3 EIS - Cessation as Employer/Employer Code'

2018-12-17 16:34:45 - [MESSAGE][PASSED] - Text 'E1102069769W' is set on object 'Object Repository/Final Object Repo/Page_Form 3 EIS - Cessation as Employer/Employer Code'

2018-12-17 16:34:45 - [TEST_STEP][PASSED] - click: Object: 'Object Repository/Final Object Repo/Page_Form 3 EIS - Cessation as Employer/Search' is clicked on

2018-12-17 16:34:45 - [MESSAGE][PASSED] - Object: 'Object Repository/Final Object Repo/Page_Form 3 EIS - Cessation as Employer/Search' is clicked on

2018-12-17 16:34:45 - [TEST_STEP][PASSED] - click: Object: 'Object Repository/Final Object Repo/Page_Form 3 EIS - Cessation as Employer/Edit' is clicked on

2018-12-17 16:34:47 - [MESSAGE][PASSED] - Object: 'Object Repository/Final Object Repo/Page_Form 3 EIS - Cessation as Employer/Edit' is clicked on

2018-12-17 16:34:47 - [TEST_STEP][PASSED] - delay: Delayed 1 second(s)

2018-12-17 16:34:48 - [MESSAGE][PASSED] - Delayed 1 second(s)

2018-12-17 16:34:48 - [TEST_STEP][PASSED] - Statement - abc = com.kms.katalon.core.webui.keyword.WebUiBuiltInKeywords.getAttribute(com.kms.katalon.core.testobject.ObjectRepository.findTestObject(Final Object Repo/Page_Form 3 EIS - Cessation as Employer/Employer Status), "value"): Attribute 'value' of object 'Object Repository/Final Object Repo/Page_Form 3 EIS - Cessation as Employer/Employer Status' is: 'Active'

2018-12-17 16:34:48 - [MESSAGE][PASSED] - Attribute 'value' of object 'Object Repository/Final Object Repo/Page_Form 3 EIS - Cessation as Employer/Employer Status' is: 'Active'

2018-12-17 16:34:48 - [TEST_STEP][PASSED] - Statement - out.println(abc): null

2018-12-17 16:34:48 - [TEST_STEP][PASSED] - Statement - If (abc == "Active"): Object: 'Object Repository/Final Object Repo/Page_Form 3 EIS - Cessation as Employer/Dormant EIS' is clicked on

2018-12-17 16:34:48 - [TEST_STEP][PASSED] - click: Object: 'Object Repository/Final Object Repo/Page_Form 3 EIS - Cessation as Employer/Change Employer Status to' is clicked on

2018-12-17 16:34:49 - [MESSAGE][PASSED] - Object: 'Object Repository/Final Object Repo/Page_Form 3 EIS - Cessation as Employer/Change Employer Status to' is clicked on

2018-12-17 16:34:49 - [TEST_STEP][PASSED] - click: Object: 'Object Repository/Final Object Repo/Page_Form 3 EIS - Cessation as Employer/Dormant EIS' is clicked on

2018-12-17 16:34:49 - [MESSAGE][PASSED] - Object: 'Object Repository/Final Object Repo/Page_Form 3 EIS - Cessation as Employer/Dormant EIS' is clicked on

2018-12-17 16:34:49 - [TEST_STEP][PASSED] - click: Object: 'Object Repository/Final Object Repo/Page_Form 3 EIS - Cessation as Employer/Calender' is clicked on

2018-12-17 16:34:49 - [MESSAGE][PASSED] - Object: 'Object Repository/Final Object Repo/Page_Form 3 EIS - Cessation as Employer/Calender' is clicked on

2018-12-17 16:34:49 - [TEST_STEP][PASSED] - delay: Delayed 1 second(s)

2018-12-17 16:34:50 - [MESSAGE][PASSED] - Delayed 1 second(s)

2018-12-17 16:34:50 - [TEST_STEP][PASSED] - click: Object: 'Object Repository/Final Object Repo/Page_Form 3 EIS - Cessation as Employer/Calender - Date' is clicked on

2018-12-17 16:34:50 - [MESSAGE][PASSED] - Object: 'Object Repository/Final Object Repo/Page_Form 3 EIS - Cessation as Employer/Calender - Date' is clicked on

2018-12-17 16:34:50 - [TEST_STEP][PASSED] - click: Object: 'Object Repository/Final Object Repo/Page_Form 3 EIS - Cessation as Employer/Save  Continue in Form 3 EIS Page' is clicked on

2018-12-17 16:34:51 - [MESSAGE][PASSED] - Object: 'Object Repository/Final Object Repo/Page_Form 3 EIS - Cessation as Employer/Save  Continue in Form 3 EIS Page' is clicked on

2018-12-17 16:34:51 - [TEST_STEP][PASSED] - delay: Delayed 1 second(s)

2018-12-17 16:34:52 - [MESSAGE][PASSED] - Delayed 1 second(s)

2018-12-17 16:34:52 - [TEST_STEP][PASSED] - click: Object: 'Object Repository/Final Object Repo/Page_Form 3 EIS - Cessation as Employer/Employment Resign Date' is clicked on

2018-12-17 16:34:52 - [MESSAGE][PASSED] - Object: 'Object Repository/Final Object Repo/Page_Form 3 EIS - Cessation as Employer/Employment Resign Date' is clicked on

2018-12-17 16:34:52 - [TEST_STEP][PASSED] - selectOptionByValue: All options with value '2030' are selected in object 'Object Repository/Final Object Repo/Page_Form 3 EIS - Cessation as Employer/Employment Resign Date - Year' 

2018-12-17 16:34:52 - [MESSAGE][PASSED] - All options with value '2030' are selected in object 'Object Repository/Final Object Repo/Page_Form 3 EIS - Cessation as Employer/Employment Resign Date - Year' 

2018-12-17 16:34:52 - [TEST_STEP][PASSED] - delay: Delayed 2 second(s)

2018-12-17 16:34:54 - [MESSAGE][PASSED] - Delayed 2 second(s)

2018-12-17 16:34:54 - [TEST_STEP][PASSED] - click: Object: 'Object Repository/Final Object Repo/Page_Form 3 EIS - Cessation as Employer/Employment Resign Date - Year - Date' is clicked on

2018-12-17 16:34:55 - [MESSAGE][PASSED] - Object: 'Object Repository/Final Object Repo/Page_Form 3 EIS - Cessation as Employer/Employment Resign Date - Year - Date' is clicked on

2018-12-17 16:34:55 - [TEST_STEP][PASSED] - delay: Delayed 2 second(s)

2018-12-17 16:34:57 - [MESSAGE][PASSED] - Delayed 2 second(s)

2018-12-17 16:34:57 - [TEST_STEP][PASSED] - click: Object: 'Object Repository/Final Object Repo/Page_Form 3 EIS - Cessation as Employer/Save  Continue in Employment Resign Page' is clicked on

2018-12-17 16:34:57 - [MESSAGE][PASSED] - Object: 'Object Repository/Final Object Repo/Page_Form 3 EIS - Cessation as Employer/Save  Continue in Employment Resign Page' is clicked on

2018-12-17 16:34:57 - [TEST_STEP][PASSED] - delay: Delayed 2 second(s)

2018-12-17 16:34:59 - [MESSAGE][PASSED] - Delayed 2 second(s)

2018-12-17 16:34:59 - [TEST_STEP][PASSED] - click: Object: 'Object Repository/Final Object Repo/Page_Form 3 EIS - Cessation as Employer/Set Latest - Yes' is clicked on

2018-12-17 16:34:59 - [MESSAGE][PASSED] - Object: 'Object Repository/Final Object Repo/Page_Form 3 EIS - Cessation as Employer/Set Latest - Yes' is clicked on

2018-12-17 16:34:59 - [TEST_STEP][PASSED] - delay: Delayed 2 second(s)

2018-12-17 16:35:01 - [MESSAGE][PASSED] - Delayed 2 second(s)

2018-12-17 16:35:01 - [TEST_STEP][PASSED] - click: Object: 'Object Repository/Final Object Repo/Page_Form 3 EIS - Cessation as Employer/Add Document' is clicked on

2018-12-17 16:35:02 - [MESSAGE][PASSED] - Object: 'Object Repository/Final Object Repo/Page_Form 3 EIS - Cessation as Employer/Add Document' is clicked on

2018-12-17 16:35:02 - [TEST_STEP][PASSED] - delay: Delayed 3 second(s)

2018-12-17 16:35:05 - [MESSAGE][PASSED] - Delayed 3 second(s)

2018-12-17 16:35:05 - [TEST_STEP][PASSED] - click: Object: 'Object Repository/Final Object Repo/Page_Form 3 EIS - Cessation as Employer/Document Type' is clicked on

2018-12-17 16:35:05 - [MESSAGE][PASSED] - Object: 'Object Repository/Final Object Repo/Page_Form 3 EIS - Cessation as Employer/Document Type' is clicked on

2018-12-17 16:35:05 - [TEST_STEP][PASSED] - click: Object: 'Object Repository/Final Object Repo/Page_Form 3 EIS - Cessation as Employer/Document Type - Form 3' is clicked on

2018-12-17 16:35:06 - [MESSAGE][PASSED] - Object: 'Object Repository/Final Object Repo/Page_Form 3 EIS - Cessation as Employer/Document Type - Form 3' is clicked on

2018-12-17 16:35:06 - [TEST_STEP][PASSED] - delay: Delayed 2 second(s)

2018-12-17 16:35:08 - [MESSAGE][PASSED] - Delayed 2 second(s)

2018-12-17 16:35:08 - [TEST_STEP][PASSED] - sendKeys: Keys 'C:\Users\Public\Pictures\Sample Pictures\Koala.jpg' sent to object: 'Object Repository/Final Object Repo/Page_Form 3 EIS - Cessation as Employer/ploading File'

2018-12-17 16:35:08 - [MESSAGE][PASSED] - Keys 'C:\Users\Public\Pictures\Sample Pictures\Koala.jpg' sent to object: 'Object Repository/Final Object Repo/Page_Form 3 EIS - Cessation as Employer/ploading File'

2018-12-17 16:35:08 - [TEST_STEP][PASSED] - delay: Delayed 1 second(s)

2018-12-17 16:35:09 - [MESSAGE][PASSED] - Delayed 1 second(s)

2018-12-17 16:35:09 - [TEST_STEP][PASSED] - click: Object: 'Object Repository/Final Object Repo/Page_Form 3 EIS - Cessation as Employer/Add Document in Uploading Page' is clicked on

2018-12-17 16:35:09 - [MESSAGE][PASSED] - Object: 'Object Repository/Final Object Repo/Page_Form 3 EIS - Cessation as Employer/Add Document in Uploading Page' is clicked on

2018-12-17 16:35:09 - [TEST_STEP][PASSED] - delay: Delayed 2 second(s)

2018-12-17 16:35:11 - [MESSAGE][PASSED] - Delayed 2 second(s)

2018-12-17 16:35:11 - [TEST_STEP][PASSED] - Statement - CaseReferenceNo = com.kms.katalon.core.webui.keyword.WebUiBuiltInKeywords.getText(com.kms.katalon.core.testobject.ObjectRepository.findTestObject(Final Object Repo/Page_Update Employer Information/Reference Number in Update Employee Information Page)): Text of object 'Object Repository/Final Object Repo/Page_Update Employer Information/Reference Number in Update Employee Information Page' is: 'ERN122018C200002483'

2018-12-17 16:35:13 - [MESSAGE][PASSED] - Text of object 'Object Repository/Final Object Repo/Page_Update Employer Information/Reference Number in Update Employee Information Page' is: 'ERN122018C200002483'

2018-12-17 16:35:13 - [TEST_STEP][PASSED] - callTestCase: Call Test Case 'Test Cases/Final Aug 2018 - PKS Automation/Common/Reference Number Setter' successfully

2018-12-17 16:35:13 - [TEST_CASE][PASSED] - Test Cases/Final Aug 2018 - PKS Automation/Common/Reference Number Setter: Test Cases/Final Aug 2018 - PKS Automation/Common/Reference Number Setter

2018-12-17 16:35:13 - [TEST_STEP][PASSED] - Statement - RefNoOldFile = new java.io.File(C://Users//Admin//Desktop//PKS//Automation Reference Point//KatalonReference.txt): null

2018-12-17 16:35:13 - [TEST_STEP][PASSED] - Statement - RefNoOldFile.delete(): null

2018-12-17 16:35:13 - [TEST_STEP][PASSED] - delay: Delayed 5 second(s)

2018-12-17 16:35:18 - [MESSAGE][PASSED] - Delayed 5 second(s)

2018-12-17 16:35:18 - [TEST_STEP][PASSED] - Statement - RefNo = new java.io.File(C://Users//Admin//Desktop//PKS//Automation Reference Point//KatalonReference.txt): null

2018-12-17 16:35:18 - [TEST_STEP][PASSED] - Statement - f2 = new java.io.FileWriter(RefNo, false): null

2018-12-17 16:35:18 - [TEST_STEP][PASSED] - Statement - f2.write(CaseReferenceNo): null

2018-12-17 16:35:18 - [TEST_STEP][PASSED] - Statement - f2.close(): null

2018-12-17 16:35:18 - [TEST_STEP][PASSED] - Statement - out.println("


" + CaseReferenceNo + "


"): null

2018-12-17 16:35:18 - [MESSAGE][PASSED] - Call Test Case 'Test Cases/Final Aug 2018 - PKS Automation/Common/Reference Number Setter' successfully

2018-12-17 16:35:18 - [TEST_STEP][PASSED] - delay: Delayed 2 second(s)

2018-12-17 16:35:20 - [MESSAGE][PASSED] - Delayed 2 second(s)

2018-12-17 16:35:20 - [TEST_STEP][PASSED] - click: Object: 'Object Repository/Final Object Repo/Page_Form 3 EIS - Cessation as Employer/Save  Continue in Uploading Page' is clicked on

2018-12-17 16:35:20 - [MESSAGE][PASSED] - Object: 'Object Repository/Final Object Repo/Page_Form 3 EIS - Cessation as Employer/Save  Continue in Uploading Page' is clicked on

2018-12-17 16:35:20 - [TEST_STEP][PASSED] - delay: Delayed 2 second(s)

2018-12-17 16:35:22 - [MESSAGE][PASSED] - Delayed 2 second(s)

2018-12-17 16:35:22 - [TEST_STEP][PASSED] - click: Object: 'Object Repository/Final Object Repo/Page_Form 3 EIS - Cessation as Employer/Submit' is clicked on

2018-12-17 16:35:25 - [MESSAGE][PASSED] - Object: 'Object Repository/Final Object Repo/Page_Form 3 EIS - Cessation as Employer/Submit' is clicked on

2018-12-17 16:35:25 - [TEST_STEP][PASSED] - delay: Delayed 2 second(s)

2018-12-17 16:35:27 - [MESSAGE][PASSED] - Delayed 2 second(s)

2018-12-17 16:35:27 - [TEST_STEP][PASSED] - click: Object: 'Object Repository/Final Object Repo/Page_Form 3 EIS - Cessation as Employer/Confirm' is clicked on

2018-12-17 16:35:27 - [MESSAGE][PASSED] - Object: 'Object Repository/Final Object Repo/Page_Form 3 EIS - Cessation as Employer/Confirm' is clicked on

2018-12-17 16:35:27 - [TEST_STEP][PASSED] - delay: Delayed 2 second(s)

2018-12-17 16:35:29 - [MESSAGE][PASSED] - Delayed 2 second(s)

2018-12-17 16:35:29 - [TEST_STEP][PASSED] - click: Object: 'Object Repository/Final Object Repo/Page_Form 3 EIS - Cessation as Employer/Message Your Request will be routed to UO' is clicked on

2018-12-17 16:35:32 - [MESSAGE][PASSED] - Object: 'Object Repository/Final Object Repo/Page_Form 3 EIS - Cessation as Employer/Message Your Request will be routed to UO' is clicked on

2018-12-17 16:35:32 - [TEST_STEP][PASSED] - click: Object: 'Object Repository/Final Object Repo/Page_Form 3 EIS - Cessation as Employer/Letter of acknowledgement' is clicked on

2018-12-17 16:35:33 - [MESSAGE][PASSED] - Object: 'Object Repository/Final Object Repo/Page_Form 3 EIS - Cessation as Employer/Letter of acknowledgement' is clicked on

2018-12-17 16:35:33 - [MESSAGE][PASSED] - Call Test Case 'Test Cases/Final Aug 2018 - PKS Automation/Registration Module/Workflow/Form 3 EIS - Cessation As Employer/Template/Form 3 A - Cessation As Employer (PKRBO)' successfully

2018-12-17 16:35:33 - [TEST_STEP][PASSED] - callTestCase: Call Test Case 'Test Cases/Final Aug 2018 - PKS Automation/Registration Module/Workflow/Form 3 EIS - Cessation As Employer/Template/Form 3 A - Cessation As Employer (Under enforcement)' successfully

2018-12-17 16:35:33 - [TEST_CASE][PASSED] - Test Cases/Final Aug 2018 - PKS Automation/Registration Module/Workflow/Form 3 EIS - Cessation As Employer/Template/Form 3 A - Cessation As Employer (Under enforcement): Test Cases/Final Aug 2018 - PKS Automation/Registration Module/Workflow/Form 3 EIS - Cessation As Employer/Template/Form 3 A - Cessation As Employer (Under enforcement)

2018-12-17 16:35:33 - [TEST_STEP][NOT_RUN] - callTestCase: NOT_RUN: callTestCase

2018-12-17 16:35:33 - [MESSAGE][NOT_RUN] - NOT_RUN: callTestCase

2018-12-17 16:35:33 - [TEST_STEP][PASSED] - delay: Delayed 1 second(s)

2018-12-17 16:35:34 - [MESSAGE][PASSED] - Delayed 1 second(s)

2018-12-17 16:35:34 - [TEST_STEP][PASSED] - navigateToUrl: Navigate to 'https://assist2-uat.perkeso.gov.my/c/portal/logout' successfully

2018-12-17 16:35:35 - [MESSAGE][PASSED] - Navigate to 'https://assist2-uat.perkeso.gov.my/c/portal/logout' successfully

2018-12-17 16:35:35 - [TEST_STEP][PASSED] - delay: Delayed 1 second(s)

2018-12-17 16:35:36 - [MESSAGE][PASSED] - Delayed 1 second(s)

2018-12-17 16:35:36 - [TEST_STEP][PASSED] - callTestCase: Call Test Case 'Test Cases/Final Aug 2018 - PKS Automation/Common/Reference Number Getter' successfully

2018-12-17 16:35:36 - [TEST_CASE][PASSED] - Test Cases/Final Aug 2018 - PKS Automation/Common/Reference Number Getter: Test Cases/Final Aug 2018 - PKS Automation/Common/Reference Number Getter

2018-12-17 16:35:36 - [TEST_STEP][PASSED] - Statement - Try: null

2018-12-17 16:35:36 - [TEST_STEP][PASSED] - Statement - RefNo = new java.io.File(C://Users//Admin//Desktop//PKS//Automation Reference Point//KatalonReference.txt): null

2018-12-17 16:35:36 - [TEST_STEP][PASSED] - Statement - bufferread = new java.io.BufferedReader(new java.io.FileReader(RefNo)): null

2018-12-17 16:35:36 - [TEST_STEP][PASSED] - Statement - readedVal = bufferread.readLine(): null

2018-12-17 16:35:36 - [TEST_STEP][PASSED] - Statement - out.println(CaseReferenceNo): null

2018-12-17 16:35:36 - [TEST_STEP][PASSED] - Statement - out.println(readedVal): null

2018-12-17 16:35:36 - [TEST_STEP][PASSED] - Statement - CaseReferenceNo = "": null

2018-12-17 16:35:36 - [TEST_STEP][PASSED] - Statement - CaseReferenceNo = readedVal: null

2018-12-17 16:35:36 - [MESSAGE][PASSED] - Call Test Case 'Test Cases/Final Aug 2018 - PKS Automation/Common/Reference Number Getter' successfully

2018-12-17 16:35:36 - [TEST_STEP][PASSED] - callTestCase: Call Test Case 'Test Cases/Final Aug 2018 - PKS Automation/Common/Workflow Owner Finder' successfully

2018-12-17 16:35:36 - [TEST_CASE][PASSED] - Test Cases/Final Aug 2018 - PKS Automation/Common/Workflow Owner Finder: Test Cases/Final Aug 2018 - PKS Automation/Common/Workflow Owner Finder

2018-12-17 16:35:36 - [TEST_STEP][PASSED] - openBrowser: Browser is opened with url: ''

2018-12-17 16:35:36 - [MESSAGE][WARNING] - A browser is already opened. Closing browser and opening a new one

2018-12-17 16:35:39 - [MESSAGE][PASSED] - Browser is opened with url: ''

2018-12-17 16:35:39 - [TEST_STEP][PASSED] - navigateToUrl: Navigate to 'https://assist2-uat.perkeso.gov.my/login' successfully

2018-12-17 16:35:40 - [MESSAGE][PASSED] - Navigate to 'https://assist2-uat.perkeso.gov.my/login' successfully

2018-12-17 16:35:40 - [TEST_STEP][PASSED] - delay: Delayed 5 second(s)

2018-12-17 16:35:45 - [MESSAGE][PASSED] - Delayed 5 second(s)

2018-12-17 16:35:45 - [TEST_STEP][PASSED] - setText: Text 'test@liferay.com' is set on object 'Object Repository/Final Object Repo/Login Page/Internal User/Email Address'

2018-12-17 16:35:46 - [MESSAGE][PASSED] - Text 'test@liferay.com' is set on object 'Object Repository/Final Object Repo/Login Page/Internal User/Email Address'

2018-12-17 16:35:46 - [TEST_STEP][PASSED] - click: Object: 'Object Repository/Final Object Repo/Login Page/Internal User/Next Button' is clicked on

2018-12-17 16:35:46 - [MESSAGE][PASSED] - Object: 'Object Repository/Final Object Repo/Login Page/Internal User/Next Button' is clicked on

2018-12-17 16:35:46 - [TEST_STEP][PASSED] - delay: Delayed 2 second(s)

2018-12-17 16:35:48 - [MESSAGE][PASSED] - Delayed 2 second(s)

2018-12-17 16:35:48 - [TEST_STEP][PASSED] - setText: Text 'test' is set on object 'Object Repository/Final Object Repo/Login Page/Internal User/Password'

2018-12-17 16:35:48 - [MESSAGE][PASSED] - Text 'test' is set on object 'Object Repository/Final Object Repo/Login Page/Internal User/Password'

2018-12-17 16:35:48 - [TEST_STEP][PASSED] - delay: Delayed 2 second(s)

2018-12-17 16:35:50 - [MESSAGE][PASSED] - Delayed 2 second(s)

2018-12-17 16:35:50 - [TEST_STEP][PASSED] - click: Object: 'Object Repository/Final Object Repo/Login Page/Internal User/Login Button' is clicked on

2018-12-17 16:35:50 - [MESSAGE][PASSED] - Object: 'Object Repository/Final Object Repo/Login Page/Internal User/Login Button' is clicked on

2018-12-17 16:35:50 - [TEST_STEP][PASSED] - Statement - tester = com.kms.katalon.core.testobject.ObjectRepository.findTestObject(Final Object Repo/Landing Page/Select to English): Finding Test Object with id 'Object Repository/Final Object Repo/Landing Page/Select to English'

2018-12-17 16:35:50 - [TEST_STEP][PASSED] - Statement - Try: Delayed 2 second(s)

2018-12-17 16:35:50 - [TEST_STEP][PASSED] - Statement - Checker = com.kms.katalon.core.webui.keyword.WebUiBuiltInKeywords.verifyElementNotPresent(tester, 3): Web element with id: 'Object Repository/Final Object Repo/Landing Page/Select to English' located by 'By.xpath: //a[@class = 'taglib-language-list-text' and @lang = 'en-US' and (contains(text(), 'EN') or contains(., 'EN'))]' is not present after '3' second(s)

2018-12-17 16:35:52 - [MESSAGE][PASSED] - Web element with id: 'Object Repository/Final Object Repo/Landing Page/Select to English' located by 'By.xpath: //a[@class = 'taglib-language-list-text' and @lang = 'en-US' and (contains(text(), 'EN') or contains(., 'EN'))]' is not present after '3' second(s)

2018-12-17 16:35:52 - [TEST_STEP][PASSED] - Statement - If (Checker == false): null

2018-12-17 16:35:52 - [TEST_STEP][PASSED] - delay: Delayed 2 second(s)

2018-12-17 16:35:54 - [MESSAGE][PASSED] - Delayed 2 second(s)

2018-12-17 16:35:54 - [TEST_STEP][PASSED] - delay: Delayed 5 second(s)

2018-12-17 16:35:59 - [MESSAGE][PASSED] - Delayed 5 second(s)

2018-12-17 16:35:59 - [TEST_STEP][PASSED] - mouseOver: Object: 'Object Repository/Final Object Repo/Landing Page/WorkFlow Menu' is hovered

2018-12-17 16:35:59 - [MESSAGE][PASSED] - Object: 'Object Repository/Final Object Repo/Landing Page/WorkFlow Menu' is hovered

2018-12-17 16:35:59 - [TEST_STEP][PASSED] - delay: Delayed 2 second(s)

2018-12-17 16:36:01 - [MESSAGE][PASSED] - Delayed 2 second(s)

2018-12-17 16:36:01 - [TEST_STEP][PASSED] - click: Object: 'Object Repository/Final Object Repo/Landing Page/Select to Workflow Listing' is clicked on

2018-12-17 16:36:03 - [MESSAGE][PASSED] - Object: 'Object Repository/Final Object Repo/Landing Page/Select to Workflow Listing' is clicked on

2018-12-17 16:36:03 - [TEST_STEP][PASSED] - delay: Delayed 2 second(s)

2018-12-17 16:36:05 - [MESSAGE][PASSED] - Delayed 2 second(s)

2018-12-17 16:36:05 - [TEST_STEP][PASSED] - click: Object: 'Object Repository/Final Object Repo/WorkFlow Listing Page/Search Information - To Put Ref No' is clicked on

2018-12-17 16:36:05 - [MESSAGE][PASSED] - Object: 'Object Repository/Final Object Repo/WorkFlow Listing Page/Search Information - To Put Ref No' is clicked on

2018-12-17 16:36:05 - [TEST_STEP][PASSED] - delay: Delayed 2 second(s)

2018-12-17 16:36:07 - [MESSAGE][PASSED] - Delayed 2 second(s)

2018-12-17 16:36:07 - [TEST_STEP][PASSED] - callTestCase: Call Test Case 'Test Cases/Final Aug 2018 - PKS Automation/Common/Reference Number Getter' successfully

2018-12-17 16:36:07 - [TEST_CASE][PASSED] - Test Cases/Final Aug 2018 - PKS Automation/Common/Reference Number Getter: Test Cases/Final Aug 2018 - PKS Automation/Common/Reference Number Getter

2018-12-17 16:36:07 - [TEST_STEP][PASSED] - Statement - Try: null

2018-12-17 16:36:07 - [TEST_STEP][PASSED] - Statement - RefNo = new java.io.File(C://Users//Admin//Desktop//PKS//Automation Reference Point//KatalonReference.txt): null

2018-12-17 16:36:07 - [TEST_STEP][PASSED] - Statement - bufferread = new java.io.BufferedReader(new java.io.FileReader(RefNo)): null

2018-12-17 16:36:07 - [TEST_STEP][PASSED] - Statement - readedVal = bufferread.readLine(): null

2018-12-17 16:36:07 - [TEST_STEP][PASSED] - Statement - out.println(CaseReferenceNo): null

2018-12-17 16:36:07 - [TEST_STEP][PASSED] - Statement - out.println(readedVal): null

2018-12-17 16:36:07 - [TEST_STEP][PASSED] - Statement - CaseReferenceNo = "": null

2018-12-17 16:36:07 - [TEST_STEP][PASSED] - Statement - CaseReferenceNo = readedVal: null

2018-12-17 16:36:07 - [MESSAGE][PASSED] - Call Test Case 'Test Cases/Final Aug 2018 - PKS Automation/Common/Reference Number Getter' successfully

2018-12-17 16:36:07 - [TEST_STEP][PASSED] - setText: Text 'ERN122018C200002483' is set on object 'Object Repository/Final Object Repo/WorkFlow Listing Page/Ref No Set Text'

2018-12-17 16:36:07 - [MESSAGE][PASSED] - Text 'ERN122018C200002483' is set on object 'Object Repository/Final Object Repo/WorkFlow Listing Page/Ref No Set Text'

2018-12-17 16:36:07 - [TEST_STEP][PASSED] - delay: Delayed 2 second(s)

2018-12-17 16:36:09 - [MESSAGE][PASSED] - Delayed 2 second(s)

2018-12-17 16:36:09 - [TEST_STEP][PASSED] - click: Object: 'Object Repository/Final Object Repo/WorkFlow Listing Page/Search Ref No Search Button' is clicked on

2018-12-17 16:36:10 - [MESSAGE][PASSED] - Object: 'Object Repository/Final Object Repo/WorkFlow Listing Page/Search Ref No Search Button' is clicked on

2018-12-17 16:36:10 - [TEST_STEP][PASSED] - delay: Delayed 6 second(s)

2018-12-17 16:36:16 - [MESSAGE][PASSED] - Delayed 6 second(s)

2018-12-17 16:36:16 - [TEST_STEP][PASSED] - click: Object: 'Object Repository/Final Object Repo/WorkFlow Listing Page/Click Continue Tooltip' is clicked on

2018-12-17 16:36:17 - [MESSAGE][PASSED] - Object: 'Object Repository/Final Object Repo/WorkFlow Listing Page/Click Continue Tooltip' is clicked on

2018-12-17 16:36:17 - [TEST_STEP][PASSED] - delay: Delayed 5 second(s)

2018-12-17 16:36:22 - [MESSAGE][PASSED] - Delayed 5 second(s)

2018-12-17 16:36:22 - [TEST_STEP][PASSED] - doubleClick: Object: 'Object Repository/Final Object Repo/WorkFlow Listing Page/Workflow Found - Listing 1' is double clicked on

2018-12-17 16:36:22 - [MESSAGE][PASSED] - Object: 'Object Repository/Final Object Repo/WorkFlow Listing Page/Workflow Found - Listing 1' is double clicked on

2018-12-17 16:36:22 - [TEST_STEP][PASSED] - Statement - println(OwnerID): null

2018-12-17 16:36:22 - [TEST_STEP][PASSED] - Statement - OwnerID = com.kms.katalon.core.webui.keyword.WebUiBuiltInKeywords.getText(com.kms.katalon.core.testobject.ObjectRepository.findTestObject(Final Object Repo/WorkFlow Listing Page/Workflow Found - Listing 1), STOP_ON_FAILURE): Text of object 'Object Repository/Final Object Repo/WorkFlow Listing Page/Workflow Found - Listing 1' is: 'JOHORuo1'

2018-12-17 16:36:22 - [MESSAGE][PASSED] - Text of object 'Object Repository/Final Object Repo/WorkFlow Listing Page/Workflow Found - Listing 1' is: 'JOHORuo1'

2018-12-17 16:36:22 - [TEST_STEP][PASSED] - Statement - OwnerID = OwnerID.toLowerCase() + "@gmail.com": null

2018-12-17 16:36:22 - [TEST_STEP][PASSED] - Statement - println(OwnerID): null

2018-12-17 16:36:22 - [TEST_STEP][PASSED] - delay: Delayed 2 second(s)

2018-12-17 16:36:24 - [MESSAGE][PASSED] - Delayed 2 second(s)

2018-12-17 16:36:24 - [MESSAGE][PASSED] - Call Test Case 'Test Cases/Final Aug 2018 - PKS Automation/Common/Workflow Owner Finder' successfully

2018-12-17 16:36:24 - [TEST_STEP][PASSED] - delay: Delayed 1 second(s)

2018-12-17 16:36:25 - [MESSAGE][PASSED] - Delayed 1 second(s)

2018-12-17 16:36:25 - [TEST_STEP][PASSED] - navigateToUrl: Navigate to 'https://assist2-uat.perkeso.gov.my/c/portal/logout' successfully

2018-12-17 16:36:26 - [MESSAGE][PASSED] - Navigate to 'https://assist2-uat.perkeso.gov.my/c/portal/logout' successfully

2018-12-17 16:36:26 - [TEST_STEP][PASSED] - delay: Delayed 1 second(s)

2018-12-17 16:36:27 - [MESSAGE][PASSED] - Delayed 1 second(s)

2018-12-17 16:36:27 - [TEST_STEP][PASSED] - callTestCase: Call Test Case 'Test Cases/Final Aug 2018 - PKS Automation/Registration Module/Workflow/Login and Search Case For Workflow' successfully

2018-12-17 16:36:27 - [TEST_CASE][PASSED] - Test Cases/Final Aug 2018 - PKS Automation/Registration Module/Workflow/Login and Search Case For Workflow: Test Cases/Final Aug 2018 - PKS Automation/Registration Module/Workflow/Login and Search Case For Workflow

2018-12-17 16:36:27 - [TEST_STEP][PASSED] - navigateToUrl: Navigate to 'https://assist2-uat.perkeso.gov.my/login' successfully

2018-12-17 16:36:28 - [MESSAGE][PASSED] - Navigate to 'https://assist2-uat.perkeso.gov.my/login' successfully

2018-12-17 16:36:28 - [TEST_STEP][PASSED] - setText: Text 'johoruo1@gmail.com' is set on object 'Object Repository/Final Object Repo/Login Page/Internal User/Email Address'

2018-12-17 16:36:28 - [MESSAGE][PASSED] - Text 'johoruo1@gmail.com' is set on object 'Object Repository/Final Object Repo/Login Page/Internal User/Email Address'

2018-12-17 16:36:28 - [TEST_STEP][PASSED] - click: Object: 'Object Repository/Final Object Repo/Login Page/Internal User/Next Button' is clicked on

2018-12-17 16:36:28 - [MESSAGE][PASSED] - Object: 'Object Repository/Final Object Repo/Login Page/Internal User/Next Button' is clicked on

2018-12-17 16:36:28 - [TEST_STEP][PASSED] - delay: Delayed 1 second(s)

2018-12-17 16:36:29 - [MESSAGE][PASSED] - Delayed 1 second(s)

2018-12-17 16:36:29 - [TEST_STEP][PASSED] - setEncryptedText: Text ****** has been set on object 'Object Repository/Final Object Repo/Login Page/Internal User/Password'

2018-12-17 16:36:29 - [MESSAGE][PASSED] - Text ****** has been set on object 'Object Repository/Final Object Repo/Login Page/Internal User/Password'

2018-12-17 16:36:29 - [TEST_STEP][PASSED] - click: Object: 'Object Repository/Final Object Repo/Login Page/Internal User/Login Button' is clicked on

2018-12-17 16:36:29 - [MESSAGE][PASSED] - Object: 'Object Repository/Final Object Repo/Login Page/Internal User/Login Button' is clicked on

2018-12-17 16:36:29 - [TEST_STEP][PASSED] - delay: Delayed 2 second(s)

2018-12-17 16:36:31 - [MESSAGE][PASSED] - Delayed 2 second(s)

2018-12-17 16:36:31 - [TEST_STEP][PASSED] - Statement - Try: Delayed 2 second(s)

2018-12-17 16:36:31 - [TEST_STEP][PASSED] - Statement - Checker = false: null

2018-12-17 16:36:31 - [TEST_STEP][PASSED] - Statement - Checker = com.kms.katalon.core.webui.keyword.WebUiBuiltInKeywords.verifyElementHasAttribute(com.kms.katalon.core.testobject.ObjectRepository.findTestObject(Final Object Repo/Landing Page/BM Detecting), "href", 20, OPTIONAL): Object 'Object Repository/Final Object Repo/Landing Page/BM Detecting' has attribute 'href'

2018-12-17 16:36:32 - [MESSAGE][PASSED] - Object 'Object Repository/Final Object Repo/Landing Page/BM Detecting' has attribute 'href'

2018-12-17 16:36:32 - [TEST_STEP][PASSED] - Statement - out.println(Checker): null

2018-12-17 16:36:32 - [TEST_STEP][PASSED] - Statement - If (Checker == false): null

2018-12-17 16:36:32 - [TEST_STEP][PASSED] - Statement - Else: null

2018-12-17 16:36:32 - [TEST_STEP][PASSED] - delay: Delayed 2 second(s)

2018-12-17 16:36:34 - [MESSAGE][PASSED] - Delayed 2 second(s)

2018-12-17 16:36:34 - [TEST_STEP][PASSED] - click: Object: 'Object Repository/Final Object Repo/Page_MyASSIST - ASSIST - Search Pending Case For Add Supporting Document/Search Information' is clicked on

2018-12-17 16:36:34 - [MESSAGE][PASSED] - Object: 'Object Repository/Final Object Repo/Page_MyASSIST - ASSIST - Search Pending Case For Add Supporting Document/Search Information' is clicked on

2018-12-17 16:36:34 - [TEST_STEP][PASSED] - delay: Delayed 3 second(s)

2018-12-17 16:36:37 - [MESSAGE][PASSED] - Delayed 3 second(s)

2018-12-17 16:36:37 - [TEST_STEP][PASSED] - sendKeys: Keys 'ERN122018C200002483' sent to object: 'Object Repository/Final Object Repo/Page_MyASSIST - ASSIST - Search Pending Case For Add Supporting Document/Reference No'

2018-12-17 16:36:37 - [MESSAGE][PASSED] - Keys 'ERN122018C200002483' sent to object: 'Object Repository/Final Object Repo/Page_MyASSIST - ASSIST - Search Pending Case For Add Supporting Document/Reference No'

2018-12-17 16:36:37 - [TEST_STEP][PASSED] - click: Object: 'Object Repository/Final Object Repo/Page_MyASSIST - ASSIST - Search Pending Case For Add Supporting Document/Search Reference No' is clicked on

2018-12-17 16:36:37 - [MESSAGE][PASSED] - Object: 'Object Repository/Final Object Repo/Page_MyASSIST - ASSIST - Search Pending Case For Add Supporting Document/Search Reference No' is clicked on

2018-12-17 16:36:37 - [TEST_STEP][PASSED] - delay: Delayed 2 second(s)

2018-12-17 16:36:39 - [MESSAGE][PASSED] - Delayed 2 second(s)

2018-12-17 16:36:39 - [TEST_STEP][PASSED] - click: Object: 'Object Repository/Final Object Repo/Page_MyASSIST - ASSIST - Search Pending Case For Add Supporting Document/Continue' is clicked on

2018-12-17 16:36:43 - [MESSAGE][PASSED] - Object: 'Object Repository/Final Object Repo/Page_MyASSIST - ASSIST - Search Pending Case For Add Supporting Document/Continue' is clicked on

2018-12-17 16:36:43 - [TEST_STEP][PASSED] - delay: Delayed 20 second(s)

2018-12-17 16:37:03 - [MESSAGE][PASSED] - Delayed 20 second(s)

2018-12-17 16:37:03 - [MESSAGE][PASSED] - Call Test Case 'Test Cases/Final Aug 2018 - PKS Automation/Registration Module/Workflow/Login and Search Case For Workflow' successfully

2018-12-17 16:37:03 - [TEST_STEP][PASSED] - click: Object: 'Object Repository/Final Object Repo/Page_Form 3 EIS - Cessation as Employer/Page_Form 3 EIS - Cessation as Employer (Approve)/Save  Continue in Form 3 Page' is clicked on

2018-12-17 16:37:03 - [MESSAGE][PASSED] - Object: 'Object Repository/Final Object Repo/Page_Form 3 EIS - Cessation as Employer/Page_Form 3 EIS - Cessation as Employer (Approve)/Save  Continue in Form 3 Page' is clicked on

2018-12-17 16:37:03 - [TEST_STEP][PASSED] - delay: Delayed 2 second(s)

2018-12-17 16:37:05 - [MESSAGE][PASSED] - Delayed 2 second(s)

2018-12-17 16:37:05 - [TEST_STEP][PASSED] - click: Object: 'Object Repository/Final Object Repo/Page_Form 3 EIS - Cessation as Employer/Page_Form 3 EIS - Cessation as Employer (Approve)/Save  Continue in Resigned Page' is clicked on

2018-12-17 16:37:05 - [MESSAGE][PASSED] - Object: 'Object Repository/Final Object Repo/Page_Form 3 EIS - Cessation as Employer/Page_Form 3 EIS - Cessation as Employer (Approve)/Save  Continue in Resigned Page' is clicked on

2018-12-17 16:37:05 - [TEST_STEP][PASSED] - delay: Delayed 2 second(s)

2018-12-17 16:37:07 - [MESSAGE][PASSED] - Delayed 2 second(s)

2018-12-17 16:37:07 - [TEST_STEP][PASSED] - click: Object: 'Object Repository/Final Object Repo/Page_Form 3 EIS - Cessation as Employer/Page_Form 3 EIS - Cessation as Employer (Approve)/Save  Continue in Uploading Page' is clicked on

2018-12-17 16:37:08 - [MESSAGE][PASSED] - Object: 'Object Repository/Final Object Repo/Page_Form 3 EIS - Cessation as Employer/Page_Form 3 EIS - Cessation as Employer (Approve)/Save  Continue in Uploading Page' is clicked on

2018-12-17 16:37:08 - [TEST_STEP][PASSED] - delay: Delayed 2 second(s)

2018-12-17 16:37:10 - [MESSAGE][PASSED] - Delayed 2 second(s)

2018-12-17 16:37:10 - [TEST_STEP][PASSED] - click: Object: 'Object Repository/Final Object Repo/Page_Form 3 EIS - Cessation as Employer/Page_Form 3 EIS - Cessation as Employer (Under enforcement)/Underenforcement' is clicked on

2018-12-17 16:37:13 - [MESSAGE][PASSED] - Object: 'Object Repository/Final Object Repo/Page_Form 3 EIS - Cessation as Employer/Page_Form 3 EIS - Cessation as Employer (Under enforcement)/Underenforcement' is clicked on

2018-12-17 16:37:13 - [TEST_STEP][PASSED] - delay: Delayed 2 second(s)

2018-12-17 16:37:15 - [MESSAGE][PASSED] - Delayed 2 second(s)

2018-12-17 16:37:15 - [TEST_STEP][PASSED] - setText: Text 'Remark' is set on object 'Object Repository/Final Object Repo/Page_Form 3 EIS - Cessation as Employer/Page_Form 3 EIS - Cessation as Employer (Under enforcement)/Under enforcement - Remark'

2018-12-17 16:37:15 - [MESSAGE][PASSED] - Text 'Remark' is set on object 'Object Repository/Final Object Repo/Page_Form 3 EIS - Cessation as Employer/Page_Form 3 EIS - Cessation as Employer (Under enforcement)/Under enforcement - Remark'

2018-12-17 16:37:15 - [TEST_STEP][PASSED] - delay: Delayed 2 second(s)

2018-12-17 16:37:17 - [MESSAGE][PASSED] - Delayed 2 second(s)

2018-12-17 16:37:17 - [TEST_STEP][PASSED] - click: Object: 'Object Repository/Final Object Repo/Page_Form 3 EIS - Cessation as Employer/Page_Form 3 EIS - Cessation as Employer (Under enforcement)/Save  Continue in Under enforcement' is clicked on

2018-12-17 16:37:17 - [MESSAGE][PASSED] - Object: 'Object Repository/Final Object Repo/Page_Form 3 EIS - Cessation as Employer/Page_Form 3 EIS - Cessation as Employer (Under enforcement)/Save  Continue in Under enforcement' is clicked on

2018-12-17 16:37:17 - [TEST_STEP][PASSED] - doubleClick: Object: 'Object Repository/Final Object Repo/Page_Form 3 EIS - Cessation as Employer/Page_Form 3 EIS - Cessation as Employer (Under enforcement)/Message The case is under enforcement' is double clicked on

2018-12-17 16:37:22 - [MESSAGE][PASSED] - Object: 'Object Repository/Final Object Repo/Page_Form 3 EIS - Cessation as Employer/Page_Form 3 EIS - Cessation as Employer (Under enforcement)/Message The case is under enforcement' is double clicked on

2018-12-17 16:37:22 - [MESSAGE][PASSED] - Call Test Case 'Test Cases/Final Aug 2018 - PKS Automation/Registration Module/Workflow/Form 3 EIS - Cessation As Employer/Template/Form 3 A - Cessation As Employer (Under enforcement)' successfully]]></system-out>
         <system-err><![CDATA[]]></system-err>
      </testcase>
      <system-out><![CDATA[2018-12-17 15:34:45 - [TEST_SUITE][FAILED] - Form 3 EIS - Cessation as Employer: Test Cases/Final Aug 2018 - PKS Automation/Registration Module/Workflow/Form 3 EIS - Cessation As Employer/OTC to UO (Query) FAILED because (of) (Stack trace: com.kms.katalon.core.exception.StepFailedException: Unable to click on object 'Object Repository/Final Object Repo/Page_Form 3 EIS - Cessation as Employer/Page_Form 3 EIS - Cessation as Employer (Query - OTC - UO)/Next' (Root cause: com.kms.katalon.core.webui.exception.WebElementNotFoundException: Web element with id: 'Object Repository/Final Object Repo/Page_Form 3 EIS - Cessation as Employer/Page_Form 3 EIS - Cessation as Employer (Query - OTC - UO)/Next' located by 'By.xpath: //a[(contains(text(), 'NEXT') or contains(., 'NEXT'))]' not found)
	at com.kms.katalon.core.keyword.internal.KeywordMain.stepFailed(KeywordMain.groovy:32)
	at com.kms.katalon.core.webui.keyword.internal.WebUIKeywordMain.stepFailed(WebUIKeywordMain.groovy:65)
	at com.kms.katalon.core.webui.keyword.internal.WebUIKeywordMain.runKeyword(WebUIKeywordMain.groovy:27)
	at com.kms.katalon.core.webui.keyword.builtin.ClickKeyword.click(ClickKeyword.groovy:86)
	at com.kms.katalon.core.webui.keyword.builtin.ClickKeyword.execute(ClickKeyword.groovy:67)
	at com.kms.katalon.core.keyword.internal.KeywordExecutor.executeKeywordForPlatform(KeywordExecutor.groovy:53)
	at com.kms.katalon.core.webui.keyword.WebUiBuiltInKeywords.click(WebUiBuiltInKeywords.groovy:616)
	at com.kms.katalon.core.webui.keyword.WebUiBuiltInKeywords$click$2.call(Unknown Source)
	at Script1536114876563.run(Script1536114876563.groovy:87)
	at com.kms.katalon.core.main.ScriptEngine.run(ScriptEngine.java:183)
	at com.kms.katalon.core.main.ScriptEngine.runScriptAsRawText(ScriptEngine.java:108)
	at com.kms.katalon.core.main.TestCaseExecutor.runScript(TestCaseExecutor.java:294)
	at com.kms.katalon.core.main.TestCaseExecutor.doExecute(TestCaseExecutor.java:285)
	at com.kms.katalon.core.main.TestCaseExecutor.processExecutionPhase(TestCaseExecutor.java:264)
	at com.kms.katalon.core.main.TestCaseExecutor.accessMainPhase(TestCaseExecutor.java:256)
	at com.kms.katalon.core.main.TestCaseExecutor.execute(TestCaseExecutor.java:200)
	at com.kms.katalon.core.main.TestCaseMain.runTestCase(TestCaseMain.java:99)
	at com.kms.katalon.core.keyword.builtin.CallTestCaseKeyword$_callTestCase_closure1.doCall(CallTestCaseKeyword.groovy:60)
	at com.kms.katalon.core.keyword.builtin.CallTestCaseKeyword$_callTestCase_closure1.call(CallTestCaseKeyword.groovy)
	at com.kms.katalon.core.keyword.internal.KeywordMain.runKeyword(KeywordMain.groovy:54)
	at com.kms.katalon.core.keyword.builtin.CallTestCaseKeyword.callTestCase(CallTestCaseKeyword.groovy:81)
	at com.kms.katalon.core.keyword.builtin.CallTestCaseKeyword.execute(CallTestCaseKeyword.groovy:45)
	at com.kms.katalon.core.keyword.internal.KeywordExecutor.executeKeywordForPlatform(KeywordExecutor.groovy:53)
	at com.kms.katalon.core.keyword.BuiltinKeywords.callTestCase(BuiltinKeywords.groovy:334)
	at sun.reflect.GeneratedMethodAccessor13.invoke(Unknown Source)
	at sun.reflect.DelegatingMethodAccessorImpl.invoke(DelegatingMethodAccessorImpl.java:43)
	at java.lang.reflect.Method.invoke(Method.java:498)
	at org.codehaus.groovy.reflection.CachedMethod.invoke(CachedMethod.java:93)
	at groovy.lang.MetaMethod.doMethodInvoke(MetaMethod.java:325)
	at groovy.lang.MetaClassImpl.invokeStaticMethod(MetaClassImpl.java:1469)
	at org.codehaus.groovy.runtime.callsite.StaticMetaClassSite.call(StaticMetaClassSite.java:53)
	at org.codehaus.groovy.runtime.callsite.CallSiteArray.defaultCall(CallSiteArray.java:48)
	at org.codehaus.groovy.runtime.callsite.AbstractCallSite.call(AbstractCallSite.java:113)
	at org.codehaus.groovy.runtime.callsite.AbstractCallSite.call(AbstractCallSite.java:141)
	at Script1536204253481.run(Script1536204253481.groovy:25)
	at com.kms.katalon.core.main.ScriptEngine.run(ScriptEngine.java:183)
	at com.kms.katalon.core.main.ScriptEngine.runScriptAsRawText(ScriptEngine.java:108)
	at com.kms.katalon.core.main.TestCaseExecutor.runScript(TestCaseExecutor.java:294)
	at com.kms.katalon.core.main.TestCaseExecutor.doExecute(TestCaseExecutor.java:285)
	at com.kms.katalon.core.main.TestCaseExecutor.processExecutionPhase(TestCaseExecutor.java:264)
	at com.kms.katalon.core.main.TestCaseExecutor.accessMainPhase(TestCaseExecutor.java:256)
	at com.kms.katalon.core.main.TestCaseExecutor.execute(TestCaseExecutor.java:200)
	at com.kms.katalon.core.main.TestSuiteExecutor.accessTestCaseMainPhase(TestSuiteExecutor.java:129)
	at com.kms.katalon.core.main.TestSuiteExecutor.accessTestSuiteMainPhase(TestSuiteExecutor.java:112)
	at com.kms.katalon.core.main.TestSuiteExecutor.execute(TestSuiteExecutor.java:81)
	at com.kms.katalon.core.main.TestCaseMain.startTestSuite(TestCaseMain.java:142)
	at com.kms.katalon.core.main.TestCaseMain$startTestSuite$0.call(Unknown Source)
	at org.codehaus.groovy.runtime.callsite.CallSiteArray.defaultCall(CallSiteArray.java:48)
	at org.codehaus.groovy.runtime.callsite.AbstractCallSite.call(AbstractCallSite.java:113)
	at org.codehaus.groovy.runtime.callsite.AbstractCallSite.call(AbstractCallSite.java:141)
	at TempTestSuite1545032083774.run(TempTestSuite1545032083774.groovy:36)
	at groovy.lang.GroovyShell.runScriptOrMainOrTestOrRunnable(GroovyShell.java:263)
	at groovy.lang.GroovyShell.run(GroovyShell.java:518)
	at groovy.lang.GroovyShell.run(GroovyShell.java:507)
	at groovy.ui.GroovyMain.processOnce(GroovyMain.java:653)
	at groovy.ui.GroovyMain.run(GroovyMain.java:384)
	at groovy.ui.GroovyMain.process(GroovyMain.java:370)
	at groovy.ui.GroovyMain.processArgs(GroovyMain.java:129)
	at groovy.ui.GroovyMain.main(GroovyMain.java:109)
	at sun.reflect.NativeMethodAccessorImpl.invoke0(Native Method)
	at sun.reflect.NativeMethodAccessorImpl.invoke(NativeMethodAccessorImpl.java:62)
	at sun.reflect.DelegatingMethodAccessorImpl.invoke(DelegatingMethodAccessorImpl.java:43)
	at java.lang.reflect.Method.invoke(Method.java:498)
	at org.codehaus.groovy.tools.GroovyStarter.rootLoader(GroovyStarter.java:109)
	at org.codehaus.groovy.tools.GroovyStarter.main(GroovyStarter.java:131)
)]]></system-out>
      <system-err><![CDATA[2018-12-17 15:34:45 - [TEST_SUITE][FAILED] - Form 3 EIS - Cessation as Employer: Test Cases/Final Aug 2018 - PKS Automation/Registration Module/Workflow/Form 3 EIS - Cessation As Employer/OTC to UO (Query) FAILED because (of) (Stack trace: com.kms.katalon.core.exception.StepFailedException: Unable to click on object 'Object Repository/Final Object Repo/Page_Form 3 EIS - Cessation as Employer/Page_Form 3 EIS - Cessation as Employer (Query - OTC - UO)/Next' (Root cause: com.kms.katalon.core.webui.exception.WebElementNotFoundException: Web element with id: 'Object Repository/Final Object Repo/Page_Form 3 EIS - Cessation as Employer/Page_Form 3 EIS - Cessation as Employer (Query - OTC - UO)/Next' located by 'By.xpath: //a[(contains(text(), 'NEXT') or contains(., 'NEXT'))]' not found)
	at com.kms.katalon.core.keyword.internal.KeywordMain.stepFailed(KeywordMain.groovy:32)
	at com.kms.katalon.core.webui.keyword.internal.WebUIKeywordMain.stepFailed(WebUIKeywordMain.groovy:65)
	at com.kms.katalon.core.webui.keyword.internal.WebUIKeywordMain.runKeyword(WebUIKeywordMain.groovy:27)
	at com.kms.katalon.core.webui.keyword.builtin.ClickKeyword.click(ClickKeyword.groovy:86)
	at com.kms.katalon.core.webui.keyword.builtin.ClickKeyword.execute(ClickKeyword.groovy:67)
	at com.kms.katalon.core.keyword.internal.KeywordExecutor.executeKeywordForPlatform(KeywordExecutor.groovy:53)
	at com.kms.katalon.core.webui.keyword.WebUiBuiltInKeywords.click(WebUiBuiltInKeywords.groovy:616)
	at com.kms.katalon.core.webui.keyword.WebUiBuiltInKeywords$click$2.call(Unknown Source)
	at Script1536114876563.run(Script1536114876563.groovy:87)
	at com.kms.katalon.core.main.ScriptEngine.run(ScriptEngine.java:183)
	at com.kms.katalon.core.main.ScriptEngine.runScriptAsRawText(ScriptEngine.java:108)
	at com.kms.katalon.core.main.TestCaseExecutor.runScript(TestCaseExecutor.java:294)
	at com.kms.katalon.core.main.TestCaseExecutor.doExecute(TestCaseExecutor.java:285)
	at com.kms.katalon.core.main.TestCaseExecutor.processExecutionPhase(TestCaseExecutor.java:264)
	at com.kms.katalon.core.main.TestCaseExecutor.accessMainPhase(TestCaseExecutor.java:256)
	at com.kms.katalon.core.main.TestCaseExecutor.execute(TestCaseExecutor.java:200)
	at com.kms.katalon.core.main.TestCaseMain.runTestCase(TestCaseMain.java:99)
	at com.kms.katalon.core.keyword.builtin.CallTestCaseKeyword$_callTestCase_closure1.doCall(CallTestCaseKeyword.groovy:60)
	at com.kms.katalon.core.keyword.builtin.CallTestCaseKeyword$_callTestCase_closure1.call(CallTestCaseKeyword.groovy)
	at com.kms.katalon.core.keyword.internal.KeywordMain.runKeyword(KeywordMain.groovy:54)
	at com.kms.katalon.core.keyword.builtin.CallTestCaseKeyword.callTestCase(CallTestCaseKeyword.groovy:81)
	at com.kms.katalon.core.keyword.builtin.CallTestCaseKeyword.execute(CallTestCaseKeyword.groovy:45)
	at com.kms.katalon.core.keyword.internal.KeywordExecutor.executeKeywordForPlatform(KeywordExecutor.groovy:53)
	at com.kms.katalon.core.keyword.BuiltinKeywords.callTestCase(BuiltinKeywords.groovy:334)
	at sun.reflect.GeneratedMethodAccessor13.invoke(Unknown Source)
	at sun.reflect.DelegatingMethodAccessorImpl.invoke(DelegatingMethodAccessorImpl.java:43)
	at java.lang.reflect.Method.invoke(Method.java:498)
	at org.codehaus.groovy.reflection.CachedMethod.invoke(CachedMethod.java:93)
	at groovy.lang.MetaMethod.doMethodInvoke(MetaMethod.java:325)
	at groovy.lang.MetaClassImpl.invokeStaticMethod(MetaClassImpl.java:1469)
	at org.codehaus.groovy.runtime.callsite.StaticMetaClassSite.call(StaticMetaClassSite.java:53)
	at org.codehaus.groovy.runtime.callsite.CallSiteArray.defaultCall(CallSiteArray.java:48)
	at org.codehaus.groovy.runtime.callsite.AbstractCallSite.call(AbstractCallSite.java:113)
	at org.codehaus.groovy.runtime.callsite.AbstractCallSite.call(AbstractCallSite.java:141)
	at Script1536204253481.run(Script1536204253481.groovy:25)
	at com.kms.katalon.core.main.ScriptEngine.run(ScriptEngine.java:183)
	at com.kms.katalon.core.main.ScriptEngine.runScriptAsRawText(ScriptEngine.java:108)
	at com.kms.katalon.core.main.TestCaseExecutor.runScript(TestCaseExecutor.java:294)
	at com.kms.katalon.core.main.TestCaseExecutor.doExecute(TestCaseExecutor.java:285)
	at com.kms.katalon.core.main.TestCaseExecutor.processExecutionPhase(TestCaseExecutor.java:264)
	at com.kms.katalon.core.main.TestCaseExecutor.accessMainPhase(TestCaseExecutor.java:256)
	at com.kms.katalon.core.main.TestCaseExecutor.execute(TestCaseExecutor.java:200)
	at com.kms.katalon.core.main.TestSuiteExecutor.accessTestCaseMainPhase(TestSuiteExecutor.java:129)
	at com.kms.katalon.core.main.TestSuiteExecutor.accessTestSuiteMainPhase(TestSuiteExecutor.java:112)
	at com.kms.katalon.core.main.TestSuiteExecutor.execute(TestSuiteExecutor.java:81)
	at com.kms.katalon.core.main.TestCaseMain.startTestSuite(TestCaseMain.java:142)
	at com.kms.katalon.core.main.TestCaseMain$startTestSuite$0.call(Unknown Source)
	at org.codehaus.groovy.runtime.callsite.CallSiteArray.defaultCall(CallSiteArray.java:48)
	at org.codehaus.groovy.runtime.callsite.AbstractCallSite.call(AbstractCallSite.java:113)
	at org.codehaus.groovy.runtime.callsite.AbstractCallSite.call(AbstractCallSite.java:141)
	at TempTestSuite1545032083774.run(TempTestSuite1545032083774.groovy:36)
	at groovy.lang.GroovyShell.runScriptOrMainOrTestOrRunnable(GroovyShell.java:263)
	at groovy.lang.GroovyShell.run(GroovyShell.java:518)
	at groovy.lang.GroovyShell.run(GroovyShell.java:507)
	at groovy.ui.GroovyMain.processOnce(GroovyMain.java:653)
	at groovy.ui.GroovyMain.run(GroovyMain.java:384)
	at groovy.ui.GroovyMain.process(GroovyMain.java:370)
	at groovy.ui.GroovyMain.processArgs(GroovyMain.java:129)
	at groovy.ui.GroovyMain.main(GroovyMain.java:109)
	at sun.reflect.NativeMethodAccessorImpl.invoke0(Native Method)
	at sun.reflect.NativeMethodAccessorImpl.invoke(NativeMethodAccessorImpl.java:62)
	at sun.reflect.DelegatingMethodAccessorImpl.invoke(DelegatingMethodAccessorImpl.java:43)
	at java.lang.reflect.Method.invoke(Method.java:498)
	at org.codehaus.groovy.tools.GroovyStarter.rootLoader(GroovyStarter.java:109)
	at org.codehaus.groovy.tools.GroovyStarter.main(GroovyStarter.java:131)
)]]></system-err>
   </testsuite>
</testsuites>
