<?xml version="1.0" encoding="UTF-8"?>
<testsuites name="New Registration" time="3302" tests="3" failures="2" errors="0">
   <testsuite name="New Registration" tests="3" failures="2" errors="0" time="3302" timestamp="2018-12-06 21:41:31" hostname="Admin - Win7Test02" id="Test Suites/Workflow/New Registration">
      <properties>
         <property name="deviceName" value=""/>
         <property name="devicePlatform" value=""/>
         <property name="logFolder" value="C:\\Users\\Admin\\Desktop\\PKS\\Perkeso Phase A\\Reports\\Workflow\\New Registration\\20181206_171414"/>
         <property name="logFiles" value="C:\\Users\\Admin\\Desktop\\PKS\\Perkeso Phase A\\Reports\\Workflow\\New Registration\\20181206_171414\\execution0.log"/>
         <property name="attachments" value="C:\\Users\\Admin\\Desktop\\PKS\\Perkeso Phase A\\Reports\\Workflow\\New Registration\\20181206_171414\\1544105246430.png, C:\\Users\\Admin\\Desktop\\PKS\\Perkeso Phase A\\Reports\\Workflow\\New Registration\\20181206_171414\\1544105304613.png, C:\\Users\\Admin\\Desktop\\PKS\\Perkeso Phase A\\Reports\\Workflow\\New Registration\\20181206_171414\\1544105338036.png, C:\\Users\\Admin\\Desktop\\PKS\\Perkeso Phase A\\Reports\\Workflow\\New Registration\\20181206_171414\\1544105370826.png, C:\\Users\\Admin\\Desktop\\PKS\\Perkeso Phase A\\Reports\\Workflow\\New Registration\\20181206_171414\\1544105404280.png, C:\\Users\\Admin\\Desktop\\PKS\\Perkeso Phase A\\Reports\\Workflow\\New Registration\\20181206_171414\\1544105437648.png, C:\\Users\\Admin\\Desktop\\PKS\\Perkeso Phase A\\Reports\\Workflow\\New Registration\\20181206_171414\\1544105470846.png, C:\\Users\\Admin\\Desktop\\PKS\\Perkeso Phase A\\Reports\\Workflow\\New Registration\\20181206_171414\\1544105504216.png, C:\\Users\\Admin\\Desktop\\PKS\\Perkeso Phase A\\Reports\\Workflow\\New Registration\\20181206_171414\\1544105537838.png, C:\\Users\\Admin\\Desktop\\PKS\\Perkeso Phase A\\Reports\\Workflow\\New Registration\\20181206_171414\\1544105574345.png, C:\\Users\\Admin\\Desktop\\PKS\\Perkeso Phase A\\Reports\\Workflow\\New Registration\\20181206_171414\\1544105609144.png, C:\\Users\\Admin\\Desktop\\PKS\\Perkeso Phase A\\Reports\\Workflow\\New Registration\\20181206_171414\\1544105743559.png, C:\\Users\\Admin\\Desktop\\PKS\\Perkeso Phase A\\Reports\\Workflow\\New Registration\\20181206_171414\\1544105777741.png, C:\\Users\\Admin\\Desktop\\PKS\\Perkeso Phase A\\Reports\\Workflow\\New Registration\\20181206_171414\\1544106298145.png"/>
         <property name="hostName" value="Admin - Win7Test02"/>
         <property name="os" value="Windows 7 64bit"/>
         <property name="katalonVersion" value="5.8.6.1"/>
         <property name="browser" value="Chrome 70.0.3538.110"/>
         <property name="hostAddress" value="10.20.3.72"/>
         <property name="sessionId" value="b4e1579d00b378e554b7e96a370c5134"/>
         <property name="seleniumVersion" value="3.7.1"/>
         <property name="proxyInformation" value="ProxyInformation{proxyOption=NO_PROXY, proxyServerType=HTTP, password=, proxyServerAddress=, proxyServerPort=0}"/>
         <property name="platform" value="Windows 7"/>
      </properties>
      <testcase name="Test Cases/Final Aug 2018 - PKS Automation/Registration Module/Workflow/New Registration/Case OTC to RO - RO Under Enforcement" classname="Test Cases/Final Aug 2018 - PKS Automation/Registration Module/Workflow/New Registration/Case OTC to RO - RO Under Enforcement" status="PASSED">
         <system-out><![CDATA[2018-12-06 21:41:31 - [TEST_CASE][PASSED] - Test Cases/Final Aug 2018 - PKS Automation/Registration Module/Workflow/New Registration/Case OTC to RO - RO Under Enforcement: Test Cases/Final Aug 2018 - PKS Automation/Registration Module/Workflow/New Registration/Case OTC to RO - RO Under Enforcement

2018-12-06 21:41:32 - [TEST_STEP][PASSED] - callTestCase: Call Test Case 'Test Cases/Final Aug 2018 - PKS Automation/Registration Module/Workflow/New Registration/Template/Special Case - OTC - Form 1' successfully

2018-12-06 21:41:32 - [TEST_CASE][PASSED] - Test Cases/Final Aug 2018 - PKS Automation/Registration Module/Workflow/New Registration/Template/Special Case - OTC - Form 1: Test Cases/Final Aug 2018 - PKS Automation/Registration Module/Workflow/New Registration/Template/Special Case - OTC - Form 1

2018-12-06 21:41:32 - [TEST_STEP][PASSED] - openBrowser: Browser is opened with url: ''

2018-12-06 21:41:37 - [MESSAGE][PASSED] - Browser is opened with url: ''

2018-12-06 21:41:37 - [TEST_STEP][PASSED] - navigateToUrl: Navigate to 'https://assist2-uat.perkeso.gov.my/login' successfully

2018-12-06 21:41:38 - [MESSAGE][PASSED] - Navigate to 'https://assist2-uat.perkeso.gov.my/login' successfully

2018-12-06 21:41:38 - [TEST_STEP][PASSED] - delay: Delayed 2 second(s)

2018-12-06 21:41:40 - [MESSAGE][PASSED] - Delayed 2 second(s)

2018-12-06 21:41:40 - [TEST_STEP][PASSED] - setText: Text 'klotc2@gmail.com' is set on object 'Object Repository/Final Object Repo/Login Page/Internal User/Email Address'

2018-12-06 21:41:41 - [MESSAGE][PASSED] - Text 'klotc2@gmail.com' is set on object 'Object Repository/Final Object Repo/Login Page/Internal User/Email Address'

2018-12-06 21:41:41 - [TEST_STEP][PASSED] - click: Object: 'Object Repository/Final Object Repo/Login Page/Internal User/Next Button' is clicked on

2018-12-06 21:41:41 - [MESSAGE][PASSED] - Object: 'Object Repository/Final Object Repo/Login Page/Internal User/Next Button' is clicked on

2018-12-06 21:41:41 - [TEST_STEP][PASSED] - delay: Delayed 2 second(s)

2018-12-06 21:41:43 - [MESSAGE][PASSED] - Delayed 2 second(s)

2018-12-06 21:41:43 - [TEST_STEP][PASSED] - setText: Text 'Test1@3456789' is set on object 'Object Repository/Final Object Repo/Login Page/Internal User/Password'

2018-12-06 21:41:43 - [MESSAGE][PASSED] - Text 'Test1@3456789' is set on object 'Object Repository/Final Object Repo/Login Page/Internal User/Password'

2018-12-06 21:41:43 - [TEST_STEP][PASSED] - delay: Delayed 2 second(s)

2018-12-06 21:41:45 - [MESSAGE][PASSED] - Delayed 2 second(s)

2018-12-06 21:41:45 - [TEST_STEP][PASSED] - click: Object: 'Object Repository/Final Object Repo/Login Page/Internal User/Login Button' is clicked on

2018-12-06 21:41:45 - [MESSAGE][PASSED] - Object: 'Object Repository/Final Object Repo/Login Page/Internal User/Login Button' is clicked on

2018-12-06 21:41:45 - [TEST_STEP][PASSED] - Statement - Try: null

2018-12-06 21:41:45 - [TEST_STEP][PASSED] - Statement - Checker = com.kms.katalon.core.webui.keyword.WebUiBuiltInKeywords.verifyElementNotPresent("Final Object Repo/Landing Page/Select to English", 3): null

2018-12-06 21:41:45 - [TEST_STEP][PASSED] - Statement - Catch (Exception e): null

2018-12-06 21:41:45 - [TEST_STEP][PASSED] - Statement - e.printStackTrace(): null

2018-12-06 21:41:46 - [TEST_STEP][PASSED] - delay: Delayed 5 second(s)

2018-12-06 21:41:51 - [MESSAGE][PASSED] - Delayed 5 second(s)

2018-12-06 21:41:51 - [TEST_STEP][PASSED] - click: Object: 'Object Repository/Final Object Repo/Landing Page/My Sites Drop Down' is clicked on

2018-12-06 21:41:51 - [MESSAGE][PASSED] - Object: 'Object Repository/Final Object Repo/Landing Page/My Sites Drop Down' is clicked on

2018-12-06 21:41:51 - [TEST_STEP][PASSED] - click: Object: 'Object Repository/Final Object Repo/Landing Page/Select to Registration Module' is clicked on

2018-12-06 21:41:52 - [MESSAGE][PASSED] - Object: 'Object Repository/Final Object Repo/Landing Page/Select to Registration Module' is clicked on

2018-12-06 21:41:52 - [TEST_STEP][PASSED] - click: Object: 'Object Repository/Final Object Repo/Landing Page/Registration Button' is clicked on

2018-12-06 21:41:53 - [MESSAGE][PASSED] - Object: 'Object Repository/Final Object Repo/Landing Page/Registration Button' is clicked on

2018-12-06 21:41:53 - [TEST_STEP][PASSED] - delay: Delayed 2 second(s)

2018-12-06 21:41:55 - [MESSAGE][PASSED] - Delayed 2 second(s)

2018-12-06 21:41:55 - [TEST_STEP][PASSED] - click: Object: 'Object Repository/Final Object Repo/New Registration - Registration Module Pages/New Reg - OTC to RO/Special Case - OTC - Form 1/AEC NO' is clicked on

2018-12-06 21:41:55 - [MESSAGE][PASSED] - Object: 'Object Repository/Final Object Repo/New Registration - Registration Module Pages/New Reg - OTC to RO/Special Case - OTC - Form 1/AEC NO' is clicked on

2018-12-06 21:41:55 - [TEST_STEP][PASSED] - click: Object: 'Object Repository/Final Object Repo/New Registration - Registration Module Pages/New Reg - OTC to RO/Special Case - OTC - Form 1/Business Entity - Please Select' is clicked on

2018-12-06 21:41:56 - [MESSAGE][PASSED] - Object: 'Object Repository/Final Object Repo/New Registration - Registration Module Pages/New Reg - OTC to RO/Special Case - OTC - Form 1/Business Entity - Please Select' is clicked on

2018-12-06 21:41:56 - [TEST_STEP][PASSED] - click: Object: 'Object Repository/Final Object Repo/New Registration - Registration Module Pages/New Reg - OTC to RO/Special Case - OTC - Form 1/Selected - Corporation' is clicked on

2018-12-06 21:41:56 - [MESSAGE][PASSED] - Object: 'Object Repository/Final Object Repo/New Registration - Registration Module Pages/New Reg - OTC to RO/Special Case - OTC - Form 1/Selected - Corporation' is clicked on

2018-12-06 21:41:56 - [TEST_STEP][PASSED] - delay: Delayed 2 second(s)

2018-12-06 21:41:58 - [MESSAGE][PASSED] - Delayed 2 second(s)

2018-12-06 21:41:58 - [TEST_STEP][PASSED] - click: Object: 'Object Repository/Final Object Repo/New Registration - Registration Module Pages/New Reg - OTC to RO/Special Case - OTC - Form 1/Sub Business Entity - Please Select' is clicked on

2018-12-06 21:41:58 - [MESSAGE][PASSED] - Object: 'Object Repository/Final Object Repo/New Registration - Registration Module Pages/New Reg - OTC to RO/Special Case - OTC - Form 1/Sub Business Entity - Please Select' is clicked on

2018-12-06 21:41:58 - [TEST_STEP][PASSED] - delay: Delayed 2 second(s)

2018-12-06 21:42:00 - [MESSAGE][PASSED] - Delayed 2 second(s)

2018-12-06 21:42:00 - [TEST_STEP][PASSED] - click: Object: 'Object Repository/Final Object Repo/New Registration - Registration Module Pages/New Reg - OTC to RO/Special Case - OTC - Form 1/Selected - Sendirian Berhad' is clicked on

2018-12-06 21:42:00 - [MESSAGE][PASSED] - Object: 'Object Repository/Final Object Repo/New Registration - Registration Module Pages/New Reg - OTC to RO/Special Case - OTC - Form 1/Selected - Sendirian Berhad' is clicked on

2018-12-06 21:42:00 - [TEST_STEP][PASSED] - setText: Text 'AUTOMATE001' is set on object 'Object Repository/Final Object Repo/New Registration - Registration Module Pages/New Reg - OTC to RO/Special Case - OTC - Form 1/Input BRN Number'

2018-12-06 21:42:01 - [MESSAGE][PASSED] - Text 'AUTOMATE001' is set on object 'Object Repository/Final Object Repo/New Registration - Registration Module Pages/New Reg - OTC to RO/Special Case - OTC - Form 1/Input BRN Number'

2018-12-06 21:42:01 - [TEST_STEP][PASSED] - delay: Delayed 2 second(s)

2018-12-06 21:42:03 - [MESSAGE][PASSED] - Delayed 2 second(s)

2018-12-06 21:42:03 - [TEST_STEP][PASSED] - click: Object: 'Object Repository/Final Object Repo/New Registration - Registration Module Pages/New Reg - OTC to RO/Special Case - OTC - Form 1/BRN Search' is clicked on

2018-12-06 21:42:03 - [MESSAGE][PASSED] - Object: 'Object Repository/Final Object Repo/New Registration - Registration Module Pages/New Reg - OTC to RO/Special Case - OTC - Form 1/BRN Search' is clicked on

2018-12-06 21:42:03 - [TEST_STEP][PASSED] - delay: Delayed 4 second(s)

2018-12-06 21:42:07 - [MESSAGE][PASSED] - Delayed 4 second(s)

2018-12-06 21:42:07 - [TEST_STEP][PASSED] - click: Object: 'Object Repository/Final Object Repo/New Registration - Registration Module Pages/New Reg - OTC to RO/Special Case - OTC - Form 1/Registered with SSM - After Feb 2017' is clicked on

2018-12-06 21:42:07 - [MESSAGE][PASSED] - Object: 'Object Repository/Final Object Repo/New Registration - Registration Module Pages/New Reg - OTC to RO/Special Case - OTC - Form 1/Registered with SSM - After Feb 2017' is clicked on

2018-12-06 21:42:07 - [TEST_STEP][PASSED] - delay: Delayed 2 second(s)

2018-12-06 21:42:09 - [MESSAGE][PASSED] - Delayed 2 second(s)

2018-12-06 21:42:09 - [TEST_STEP][PASSED] - click: Object: 'Object Repository/Final Object Repo/New Registration - Registration Module Pages/New Reg - OTC to RO/Special Case - OTC - Form 1/Registering As A Branch - No' is clicked on

2018-12-06 21:42:09 - [MESSAGE][PASSED] - Object: 'Object Repository/Final Object Repo/New Registration - Registration Module Pages/New Reg - OTC to RO/Special Case - OTC - Form 1/Registering As A Branch - No' is clicked on

2018-12-06 21:42:09 - [TEST_STEP][PASSED] - click: Object: 'Object Repository/Final Object Repo/New Registration - Registration Module Pages/New Reg - OTC to RO/Special Case - OTC - Form 1/Acknowledgement Ticked' is clicked on

2018-12-06 21:42:10 - [MESSAGE][PASSED] - Object: 'Object Repository/Final Object Repo/New Registration - Registration Module Pages/New Reg - OTC to RO/Special Case - OTC - Form 1/Acknowledgement Ticked' is clicked on

2018-12-06 21:42:10 - [TEST_STEP][PASSED] - click: Object: 'Object Repository/Final Object Repo/New Registration - Registration Module Pages/New Reg - OTC to RO/Special Case - OTC - Form 1/Submit Button' is clicked on

2018-12-06 21:42:10 - [MESSAGE][PASSED] - Object: 'Object Repository/Final Object Repo/New Registration - Registration Module Pages/New Reg - OTC to RO/Special Case - OTC - Form 1/Submit Button' is clicked on

2018-12-06 21:42:10 - [TEST_STEP][PASSED] - delay: Delayed 2 second(s)

2018-12-06 21:42:12 - [MESSAGE][PASSED] - Delayed 2 second(s)

2018-12-06 21:42:12 - [TEST_STEP][PASSED] - click: Object: 'Object Repository/Final Object Repo/New Registration - Registration Module Pages/New Reg - OTC to RO/Special Case - OTC - Form 1/Confirm No Flagging as Branch' is clicked on

2018-12-06 21:42:12 - [MESSAGE][PASSED] - Object: 'Object Repository/Final Object Repo/New Registration - Registration Module Pages/New Reg - OTC to RO/Special Case - OTC - Form 1/Confirm No Flagging as Branch' is clicked on

2018-12-06 21:42:12 - [MESSAGE][PASSED] - Call Test Case 'Test Cases/Final Aug 2018 - PKS Automation/Registration Module/Workflow/New Registration/Template/Special Case - OTC - Form 1' successfully

2018-12-06 21:42:12 - [TEST_STEP][PASSED] - callTestCase: Call Test Case 'Test Cases/Final Aug 2018 - PKS Automation/Registration Module/New Registration/Form 2/Add 1 Eligible' successfully

2018-12-06 21:42:12 - [TEST_CASE][PASSED] - Test Cases/Final Aug 2018 - PKS Automation/Registration Module/New Registration/Form 2/Add 1 Eligible: Test Cases/Final Aug 2018 - PKS Automation/Registration Module/New Registration/Form 2/Add 1 Eligible

2018-12-06 21:42:12 - [TEST_STEP][PASSED] - delay: Delayed 2 second(s)

2018-12-06 21:42:14 - [MESSAGE][PASSED] - Delayed 2 second(s)

2018-12-06 21:42:14 - [TEST_STEP][PASSED] - callTestCase: Call Test Case 'Test Cases/Final Aug 2018 - PKS Automation/Registration Module/New Registration/Form 2/Date Updater' successfully

2018-12-06 21:42:15 - [TEST_CASE][PASSED] - Test Cases/Final Aug 2018 - PKS Automation/Registration Module/New Registration/Form 2/Date Updater: Test Cases/Final Aug 2018 - PKS Automation/Registration Module/New Registration/Form 2/Date Updater

2018-12-06 21:42:15 - [TEST_STEP][PASSED] - Statement - TodayDate = new java.util.Date(): null

2018-12-06 21:42:15 - [TEST_STEP][PASSED] - Statement - CurrentDateNoFilter = new java.text.SimpleDateFormat(): null

2018-12-06 21:42:15 - [TEST_STEP][PASSED] - Statement - CurrentDateNoFilter.applyPattern("MM"): null

2018-12-06 21:42:15 - [TEST_STEP][PASSED] - Statement - monthContainerMatcher = java.lang.Integer.parseInt(CurrentDateNoFilter.format(TodayDate)): null

2018-12-06 21:42:15 - [TEST_STEP][PASSED] - Statement - monthContainerMatcher = monthContainerMatcher - 1: null

2018-12-06 21:42:15 - [TEST_STEP][PASSED] - Statement - CurrentMonth = monthContainerMatcher.toString(): null

2018-12-06 21:42:15 - [TEST_STEP][PASSED] - Statement - CurrentMonth = CurrentMonth: null

2018-12-06 21:42:15 - [TEST_STEP][PASSED] - Statement - CurrentDateNoFilter.applyPattern("yyyy"): null

2018-12-06 21:42:15 - [TEST_STEP][PASSED] - Statement - CurrentYear = CurrentDateNoFilter.format(TodayDate): null

2018-12-06 21:42:15 - [TEST_STEP][PASSED] - Statement - CurrentYear = CurrentYear: null

2018-12-06 21:42:15 - [TEST_STEP][PASSED] - Statement - intCurrentYear = java.lang.Integer.parseInt(CurrentDateNoFilter.format(TodayDate)): null

2018-12-06 21:42:15 - [TEST_STEP][PASSED] - Statement - eighteenYrsAgo = intCurrentYear - 18: null

2018-12-06 21:42:15 - [TEST_STEP][PASSED] - Statement - eighteenYrsBeforeThisYr = eighteenYrsAgo.toString(): null

2018-12-06 21:42:15 - [TEST_STEP][PASSED] - Statement - EighteenYrsBefore = eighteenYrsBeforeThisYr: null

2018-12-06 21:42:15 - [TEST_STEP][PASSED] - Statement - fiftysevenYrsAgo = intCurrentYear - 57: null

2018-12-06 21:42:15 - [TEST_STEP][PASSED] - Statement - fiftysevenYrsBeforeThisYr = fiftysevenYrsAgo.toString(): null

2018-12-06 21:42:15 - [TEST_STEP][PASSED] - Statement - FiftysevenYrsBefore = fiftysevenYrsBeforeThisYr: null

2018-12-06 21:42:15 - [TEST_STEP][PASSED] - Statement - leapYear = false: null

2018-12-06 21:42:15 - [TEST_STEP][PASSED] - Statement - leapYear = intCurrentYear % 4 == 0: null

2018-12-06 21:42:15 - [TEST_STEP][PASSED] - Statement - CurrentDateNoFilter.applyPattern("dd"): null

2018-12-06 21:42:15 - [TEST_STEP][PASSED] - Statement - CurrentDate = CurrentDateNoFilter.format(TodayDate): null

2018-12-06 21:42:15 - [TEST_STEP][PASSED] - Statement - CurrentDate = java.lang.Integer.parseInt(CurrentDate): null

2018-12-06 21:42:15 - [TEST_STEP][PASSED] - Statement - CurrentDate = CurrentDate: null

2018-12-06 21:42:15 - [TEST_STEP][PASSED] - Statement - CurrentDay = java.lang.Integer.parseInt(CurrentDate): null

2018-12-06 21:42:15 - [TEST_STEP][PASSED] - Statement - ConfAdder = <not implemented yet for class: org.codehaus.groovy.ast.expr.EmptyExpression>: null

2018-12-06 21:42:15 - [TEST_STEP][PASSED] - Statement - out.println(CurrentMonth): null

2018-12-06 21:42:15 - [TEST_STEP][PASSED] - Statement - out.println(CurrentDate): null

2018-12-06 21:42:15 - [TEST_STEP][PASSED] - Statement - switch (CurrentDate): null

2018-12-06 21:42:15 - [TEST_STEP][PASSED] - Statement - Default: null

2018-12-06 21:42:15 - [TEST_STEP][PASSED] - Statement - ConfAdder = true: null

2018-12-06 21:42:15 - [TEST_STEP][PASSED] - Statement - Break: null

2018-12-06 21:42:15 - [TEST_STEP][PASSED] - Statement - aDayBefore = <not implemented yet for class: org.codehaus.groovy.ast.expr.EmptyExpression>: null

2018-12-06 21:42:15 - [TEST_STEP][PASSED] - Statement - out.println(ConfAdder): null

2018-12-06 21:42:15 - [TEST_STEP][PASSED] - Statement - If (ConfAdder == true): null

2018-12-06 21:42:15 - [TEST_STEP][PASSED] - Statement - aDayBefore = CurrentDay + 1: null

2018-12-06 21:42:15 - [TEST_STEP][PASSED] - Statement - out.println(aDayBefore): null

2018-12-06 21:42:15 - [TEST_STEP][PASSED] - Statement - If (aDayBefore == 1 && CurrentMonth == 11): null

2018-12-06 21:42:15 - [TEST_STEP][PASSED] - Statement - DayBefore = aDayBefore.toString(): null

2018-12-06 21:42:15 - [TEST_STEP][PASSED] - Statement - OneDayBefore = DayBefore: null

2018-12-06 21:42:15 - [MESSAGE][PASSED] - Call Test Case 'Test Cases/Final Aug 2018 - PKS Automation/Registration Module/New Registration/Form 2/Date Updater' successfully

2018-12-06 21:42:15 - [TEST_STEP][PASSED] - delay: Delayed 1 second(s)

2018-12-06 21:42:16 - [MESSAGE][PASSED] - Delayed 1 second(s)

2018-12-06 21:42:16 - [TEST_STEP][PASSED] - Statement - CaseReferenceNo = com.kms.katalon.core.webui.keyword.WebUiBuiltInKeywords.getText(com.kms.katalon.core.testobject.ObjectRepository.findTestObject(Final Object Repo/New Registration - Registration Module Pages/Form 2/RefNo Acquiring)): Text of object 'Object Repository/Final Object Repo/New Registration - Registration Module Pages/Form 2/RefNo Acquiring' is: 'CRN12201800123062'

2018-12-06 21:42:16 - [MESSAGE][PASSED] - Text of object 'Object Repository/Final Object Repo/New Registration - Registration Module Pages/Form 2/RefNo Acquiring' is: 'CRN12201800123062'

2018-12-06 21:42:16 - [TEST_STEP][PASSED] - delay: Delayed 1 second(s)

2018-12-06 21:42:17 - [MESSAGE][PASSED] - Delayed 1 second(s)

2018-12-06 21:42:17 - [TEST_STEP][PASSED] - click: Object: 'Object Repository/Final Object Repo/New Registration - Registration Module Pages/Form 2/Add Employee Button' is clicked on

2018-12-06 21:42:17 - [MESSAGE][PASSED] - Object: 'Object Repository/Final Object Repo/New Registration - Registration Module Pages/Form 2/Add Employee Button' is clicked on

2018-12-06 21:42:17 - [TEST_STEP][PASSED] - delay: Delayed 1 second(s)

2018-12-06 21:42:18 - [MESSAGE][PASSED] - Delayed 1 second(s)

2018-12-06 21:42:18 - [TEST_STEP][PASSED] - setText: Text '010903091963' is set on object 'Object Repository/Final Object Repo/New Registration - Registration Module Pages/Form 2/NRIC Input'

2018-12-06 21:42:19 - [MESSAGE][PASSED] - Text '010903091963' is set on object 'Object Repository/Final Object Repo/New Registration - Registration Module Pages/Form 2/NRIC Input'

2018-12-06 21:42:19 - [TEST_STEP][PASSED] - click: Object: 'Object Repository/Final Object Repo/New Registration - Registration Module Pages/Form 2/button for search for IC' is clicked on

2018-12-06 21:42:19 - [MESSAGE][PASSED] - Object: 'Object Repository/Final Object Repo/New Registration - Registration Module Pages/Form 2/button for search for IC' is clicked on

2018-12-06 21:42:19 - [TEST_STEP][PASSED] - delay: Delayed 2 second(s)

2018-12-06 21:42:21 - [MESSAGE][PASSED] - Delayed 2 second(s)

2018-12-06 21:42:21 - [TEST_STEP][PASSED] - setText: Text 'Automate001 eligible 1' is set on object 'Object Repository/Final Object Repo/New Registration - Registration Module Pages/Form 2/Employee Name Input'

2018-12-06 21:42:21 - [MESSAGE][PASSED] - Text 'Automate001 eligible 1' is set on object 'Object Repository/Final Object Repo/New Registration - Registration Module Pages/Form 2/Employee Name Input'

2018-12-06 21:42:21 - [TEST_STEP][PASSED] - delay: Delayed 2 second(s)

2018-12-06 21:42:23 - [MESSAGE][PASSED] - Delayed 2 second(s)

2018-12-06 21:42:23 - [TEST_STEP][PASSED] - click: Object: 'Object Repository/Final Object Repo/New Registration - Registration Module Pages/Form 2/DatePicker Pop Up' is clicked on

2018-12-06 21:42:24 - [MESSAGE][PASSED] - Object: 'Object Repository/Final Object Repo/New Registration - Registration Module Pages/Form 2/DatePicker Pop Up' is clicked on

2018-12-06 21:42:24 - [TEST_STEP][PASSED] - click: Object: 'Object Repository/Final Object Repo/New Registration - Registration Module Pages/Form 2/DOB Month' is clicked on

2018-12-06 21:42:24 - [MESSAGE][PASSED] - Object: 'Object Repository/Final Object Repo/New Registration - Registration Module Pages/Form 2/DOB Month' is clicked on

2018-12-06 21:42:24 - [TEST_STEP][PASSED] - Statement - CurrentMonth = CurrentMonth: null

2018-12-06 21:42:24 - [TEST_STEP][PASSED] - Statement - selectMonth = new com.kms.katalon.core.testobject.TestObject(): null

2018-12-06 21:42:24 - [TEST_STEP][PASSED] - Statement - selectMonth.addProperty("xpath", EQUALS, "//body/div/div/div/select/option[@value='" + CurrentMonth + "']", true): null

2018-12-06 21:42:24 - [TEST_STEP][PASSED] - click: Object: '' is clicked on

2018-12-06 21:42:24 - [MESSAGE][PASSED] - Object: '' is clicked on

2018-12-06 21:42:24 - [TEST_STEP][PASSED] - click: Object: 'Object Repository/Final Object Repo/New Registration - Registration Module Pages/Form 2/DOB Year' is clicked on

2018-12-06 21:42:24 - [MESSAGE][PASSED] - Object: 'Object Repository/Final Object Repo/New Registration - Registration Module Pages/Form 2/DOB Year' is clicked on

2018-12-06 21:42:24 - [TEST_STEP][PASSED] - Statement - Eyearsbf = EighteenYrsBefore: null

2018-12-06 21:42:24 - [TEST_STEP][PASSED] - Statement - selectYear = new com.kms.katalon.core.testobject.TestObject(): null

2018-12-06 21:42:24 - [TEST_STEP][PASSED] - Statement - selectYear.addProperty("xpath", EQUALS, "//div/div/div/select/option[@value='" + Eyearsbf + "']", true): null

2018-12-06 21:42:24 - [TEST_STEP][PASSED] - click: Object: '' is clicked on

2018-12-06 21:42:24 - [MESSAGE][PASSED] - Object: '' is clicked on

2018-12-06 21:42:24 - [TEST_STEP][PASSED] - Statement - UpdatedSelectDate = com.kms.katalon.core.webui.keyword.WebUiBuiltInKeywords.modifyObjectProperty(com.kms.katalon.core.testobject.ObjectRepository.findTestObject(Final Object Repo/New Registration - Registration Module Pages/Form 2/DOB Date), "xpath", "equals", "//body/div/table/tbody/tr/td/a[text()="" + CurrentDate + ""]", true): Modify property of object successfully

2018-12-06 21:42:24 - [MESSAGE][PASSED] - Modify property of object successfully

2018-12-06 21:42:24 - [TEST_STEP][PASSED] - delay: Delayed 3 second(s)

2018-12-06 21:42:27 - [MESSAGE][PASSED] - Delayed 3 second(s)

2018-12-06 21:42:27 - [TEST_STEP][PASSED] - click: Object: 'Object Repository/Final Object Repo/New Registration - Registration Module Pages/Form 2/DOB Date' is clicked on

2018-12-06 21:42:27 - [MESSAGE][PASSED] - Object: 'Object Repository/Final Object Repo/New Registration - Registration Module Pages/Form 2/DOB Date' is clicked on

2018-12-06 21:42:27 - [TEST_STEP][PASSED] - delay: Delayed 2 second(s)

2018-12-06 21:42:29 - [MESSAGE][PASSED] - Delayed 2 second(s)

2018-12-06 21:42:29 - [TEST_STEP][PASSED] - click: Object: 'Object Repository/Final Object Repo/New Registration - Registration Module Pages/Form 2/EmploymentStartDate Pop Up' is clicked on

2018-12-06 21:42:30 - [MESSAGE][PASSED] - Object: 'Object Repository/Final Object Repo/New Registration - Registration Module Pages/Form 2/EmploymentStartDate Pop Up' is clicked on

2018-12-06 21:42:30 - [TEST_STEP][PASSED] - delay: Delayed 2 second(s)

2018-12-06 21:42:32 - [MESSAGE][PASSED] - Delayed 2 second(s)

2018-12-06 21:42:32 - [TEST_STEP][PASSED] - click: Object: 'Object Repository/Final Object Repo/New Registration - Registration Module Pages/Form 2/Socso Employment StartDate Month' is clicked on

2018-12-06 21:42:32 - [MESSAGE][PASSED] - Object: 'Object Repository/Final Object Repo/New Registration - Registration Module Pages/Form 2/Socso Employment StartDate Month' is clicked on

2018-12-06 21:42:32 - [TEST_STEP][PASSED] - delay: Delayed 1 second(s)

2018-12-06 21:42:33 - [MESSAGE][PASSED] - Delayed 1 second(s)

2018-12-06 21:42:33 - [TEST_STEP][PASSED] - click: Object: 'Object Repository/Final Object Repo/New Registration - Registration Module Pages/Form 2/Select Socso Employement Startdate Month' is clicked on

2018-12-06 21:42:33 - [MESSAGE][PASSED] - Object: 'Object Repository/Final Object Repo/New Registration - Registration Module Pages/Form 2/Select Socso Employement Startdate Month' is clicked on

2018-12-06 21:42:33 - [TEST_STEP][PASSED] - delay: Delayed 2 second(s)

2018-12-06 21:42:35 - [MESSAGE][PASSED] - Delayed 2 second(s)

2018-12-06 21:42:35 - [TEST_STEP][PASSED] - click: Object: 'Object Repository/Final Object Repo/New Registration - Registration Module Pages/Form 2/Socso Employment StartDate Year' is clicked on

2018-12-06 21:42:35 - [MESSAGE][PASSED] - Object: 'Object Repository/Final Object Repo/New Registration - Registration Module Pages/Form 2/Socso Employment StartDate Year' is clicked on

2018-12-06 21:42:35 - [TEST_STEP][PASSED] - delay: Delayed 1 second(s)

2018-12-06 21:42:36 - [MESSAGE][PASSED] - Delayed 1 second(s)

2018-12-06 21:42:36 - [TEST_STEP][PASSED] - click: Object: 'Object Repository/Final Object Repo/New Registration - Registration Module Pages/Form 2/Select Socso Employment Startdate Year' is clicked on

2018-12-06 21:42:36 - [MESSAGE][PASSED] - Object: 'Object Repository/Final Object Repo/New Registration - Registration Module Pages/Form 2/Select Socso Employment Startdate Year' is clicked on

2018-12-06 21:42:36 - [TEST_STEP][PASSED] - delay: Delayed 2 second(s)

2018-12-06 21:42:38 - [MESSAGE][PASSED] - Delayed 2 second(s)

2018-12-06 21:42:38 - [TEST_STEP][PASSED] - click: Object: 'Object Repository/Final Object Repo/New Registration - Registration Module Pages/Form 2/Socso Employment Start Date Day' is clicked on

2018-12-06 21:42:38 - [MESSAGE][PASSED] - Object: 'Object Repository/Final Object Repo/New Registration - Registration Module Pages/Form 2/Socso Employment Start Date Day' is clicked on

2018-12-06 21:42:38 - [TEST_STEP][PASSED] - delay: Delayed 2 second(s)

2018-12-06 21:42:40 - [MESSAGE][PASSED] - Delayed 2 second(s)

2018-12-06 21:42:40 - [TEST_STEP][PASSED] - click: Object: 'Object Repository/Final Object Repo/New Registration - Registration Module Pages/Form 2/Save Button for Add Employee' is clicked on

2018-12-06 21:42:41 - [MESSAGE][PASSED] - Object: 'Object Repository/Final Object Repo/New Registration - Registration Module Pages/Form 2/Save Button for Add Employee' is clicked on

2018-12-06 21:42:41 - [TEST_STEP][PASSED] - delay: Delayed 6 second(s)

2018-12-06 21:42:47 - [MESSAGE][PASSED] - Delayed 6 second(s)

2018-12-06 21:42:47 - [TEST_STEP][PASSED] - click: Object: 'Object Repository/Final Object Repo/New Registration - Registration Module Pages/Form 2/Save and Continue Form 2' is clicked on

2018-12-06 21:42:47 - [MESSAGE][PASSED] - Object: 'Object Repository/Final Object Repo/New Registration - Registration Module Pages/Form 2/Save and Continue Form 2' is clicked on

2018-12-06 21:42:47 - [MESSAGE][PASSED] - Call Test Case 'Test Cases/Final Aug 2018 - PKS Automation/Registration Module/New Registration/Form 2/Add 1 Eligible' successfully

2018-12-06 21:42:47 - [TEST_STEP][PASSED] - callTestCase: Call Test Case 'Test Cases/Final Aug 2018 - PKS Automation/Registration Module/New Registration/Flow of New Registration/Third Screen - Upload Supporting Doc - Preview' successfully

2018-12-06 21:42:47 - [TEST_CASE][PASSED] - Test Cases/Final Aug 2018 - PKS Automation/Registration Module/New Registration/Flow of New Registration/Third Screen - Upload Supporting Doc - Preview: Test Cases/Final Aug 2018 - PKS Automation/Registration Module/New Registration/Flow of New Registration/Third Screen - Upload Supporting Doc - Preview

2018-12-06 21:42:47 - [TEST_STEP][PASSED] - waitForPageLoad: Wait for page load successfully

2018-12-06 21:42:48 - [MESSAGE][PASSED] - Wait for page load successfully

2018-12-06 21:42:48 - [TEST_STEP][PASSED] - Statement - CaseReferenceNo = com.kms.katalon.core.webui.keyword.WebUiBuiltInKeywords.getText(com.kms.katalon.core.testobject.ObjectRepository.findTestObject(Final Object Repo/New Registration - Registration Module Pages/Third Screen - Upload Supporting Doc- Preview/RefNo Acquiring)): Text of object 'Object Repository/Final Object Repo/New Registration - Registration Module Pages/Third Screen - Upload Supporting Doc- Preview/RefNo Acquiring' is: 'CRN12201800123062'

2018-12-06 21:42:48 - [MESSAGE][PASSED] - Text of object 'Object Repository/Final Object Repo/New Registration - Registration Module Pages/Third Screen - Upload Supporting Doc- Preview/RefNo Acquiring' is: 'CRN12201800123062'

2018-12-06 21:42:48 - [TEST_STEP][PASSED] - delay: Delayed 2 second(s)

2018-12-06 21:42:50 - [MESSAGE][PASSED] - Delayed 2 second(s)

2018-12-06 21:42:50 - [TEST_STEP][PASSED] - callTestCase: Call Test Case 'Test Cases/Final Aug 2018 - PKS Automation/Common/Reference Number Setter' successfully

2018-12-06 21:42:50 - [TEST_CASE][PASSED] - Test Cases/Final Aug 2018 - PKS Automation/Common/Reference Number Setter: Test Cases/Final Aug 2018 - PKS Automation/Common/Reference Number Setter

2018-12-06 21:42:50 - [TEST_STEP][PASSED] - Statement - RefNoOldFile = new java.io.File(C://Users//Admin//Desktop//PKS//Automation Reference Point//KatalonReference.txt): null

2018-12-06 21:42:50 - [TEST_STEP][PASSED] - Statement - RefNoOldFile.delete(): null

2018-12-06 21:42:50 - [TEST_STEP][PASSED] - delay: Delayed 5 second(s)

2018-12-06 21:42:55 - [MESSAGE][PASSED] - Delayed 5 second(s)

2018-12-06 21:42:55 - [TEST_STEP][PASSED] - Statement - RefNo = new java.io.File(C://Users//Admin//Desktop//PKS//Automation Reference Point//KatalonReference.txt): null

2018-12-06 21:42:55 - [TEST_STEP][PASSED] - Statement - f2 = new java.io.FileWriter(RefNo, false): null

2018-12-06 21:42:55 - [TEST_STEP][PASSED] - Statement - f2.write(CaseReferenceNo): null

2018-12-06 21:42:55 - [TEST_STEP][PASSED] - Statement - f2.close(): null

2018-12-06 21:42:55 - [TEST_STEP][PASSED] - Statement - out.println("


" + CaseReferenceNo + "


"): null

2018-12-06 21:42:55 - [MESSAGE][PASSED] - Call Test Case 'Test Cases/Final Aug 2018 - PKS Automation/Common/Reference Number Setter' successfully

2018-12-06 21:42:55 - [TEST_STEP][PASSED] - waitForElementClickable: Object 'Object Repository/Final Object Repo/New Registration - Registration Module Pages/Third Screen - Upload Supporting Doc- Preview/Save n Continue in SIP Employee Listing Page' is clickable

2018-12-06 21:42:55 - [MESSAGE][PASSED] - Object 'Object Repository/Final Object Repo/New Registration - Registration Module Pages/Third Screen - Upload Supporting Doc- Preview/Save n Continue in SIP Employee Listing Page' is clickable

2018-12-06 21:42:55 - [TEST_STEP][PASSED] - click: Object: 'Object Repository/Final Object Repo/New Registration - Registration Module Pages/Third Screen - Upload Supporting Doc- Preview/Save n Continue in SIP Employee Listing Page' is clicked on

2018-12-06 21:43:01 - [MESSAGE][PASSED] - Object: 'Object Repository/Final Object Repo/New Registration - Registration Module Pages/Third Screen - Upload Supporting Doc- Preview/Save n Continue in SIP Employee Listing Page' is clicked on

2018-12-06 21:43:01 - [TEST_STEP][PASSED] - delay: Delayed 7 second(s)

2018-12-06 21:43:08 - [MESSAGE][PASSED] - Delayed 7 second(s)

2018-12-06 21:43:08 - [TEST_STEP][PASSED] - click: Object: 'Object Repository/Final Object Repo/New Registration - Registration Module Pages/Third Screen - Upload Supporting Doc- Preview/Add Document Button' is clicked on

2018-12-06 21:43:08 - [MESSAGE][PASSED] - Object: 'Object Repository/Final Object Repo/New Registration - Registration Module Pages/Third Screen - Upload Supporting Doc- Preview/Add Document Button' is clicked on

2018-12-06 21:43:08 - [TEST_STEP][PASSED] - delay: Delayed 30 second(s)

2018-12-06 21:43:38 - [MESSAGE][PASSED] - Delayed 30 second(s)

2018-12-06 21:43:38 - [TEST_STEP][PASSED] - click: Object: 'Object Repository/Final Object Repo/New Registration - Registration Module Pages/Third Screen - Upload Supporting Doc- Preview/Supporting Doc Please Select Drop Down' is clicked on

2018-12-06 21:43:38 - [MESSAGE][PASSED] - Object: 'Object Repository/Final Object Repo/New Registration - Registration Module Pages/Third Screen - Upload Supporting Doc- Preview/Supporting Doc Please Select Drop Down' is clicked on

2018-12-06 21:43:38 - [TEST_STEP][PASSED] - delay: Delayed 2 second(s)

2018-12-06 21:43:40 - [MESSAGE][PASSED] - Delayed 2 second(s)

2018-12-06 21:43:40 - [TEST_STEP][PASSED] - click: Object: 'Object Repository/Final Object Repo/New Registration - Registration Module Pages/Third Screen - Upload Supporting Doc- Preview/Select to Upload Form 1' is clicked on

2018-12-06 21:43:40 - [MESSAGE][PASSED] - Object: 'Object Repository/Final Object Repo/New Registration - Registration Module Pages/Third Screen - Upload Supporting Doc- Preview/Select to Upload Form 1' is clicked on

2018-12-06 21:43:40 - [TEST_STEP][PASSED] - delay: Delayed 2 second(s)

2018-12-06 21:43:42 - [MESSAGE][PASSED] - Delayed 2 second(s)

2018-12-06 21:43:42 - [TEST_STEP][PASSED] - uploadFile: File 'C:\Users\Public\Pictures\Sample Pictures\Koala.jpg' sent to object: 'Object Repository/Final Object Repo/New Registration - Registration Module Pages/Third Screen - Upload Supporting Doc- Preview/Upload File Adding'

2018-12-06 21:43:42 - [MESSAGE][PASSED] - File 'C:\Users\Public\Pictures\Sample Pictures\Koala.jpg' sent to object: 'Object Repository/Final Object Repo/New Registration - Registration Module Pages/Third Screen - Upload Supporting Doc- Preview/Upload File Adding'

2018-12-06 21:43:42 - [TEST_STEP][PASSED] - delay: Delayed 5 second(s)

2018-12-06 21:43:47 - [MESSAGE][PASSED] - Delayed 5 second(s)

2018-12-06 21:43:47 - [TEST_STEP][PASSED] - click: Object: 'Object Repository/Final Object Repo/New Registration - Registration Module Pages/Third Screen - Upload Supporting Doc- Preview/Inner Form Add Document Button' is clicked on

2018-12-06 21:43:47 - [MESSAGE][PASSED] - Object: 'Object Repository/Final Object Repo/New Registration - Registration Module Pages/Third Screen - Upload Supporting Doc- Preview/Inner Form Add Document Button' is clicked on

2018-12-06 21:43:47 - [TEST_STEP][PASSED] - delay: Delayed 3 second(s)

2018-12-06 21:43:50 - [MESSAGE][PASSED] - Delayed 3 second(s)

2018-12-06 21:43:50 - [TEST_STEP][PASSED] - click: Object: 'Object Repository/Final Object Repo/New Registration - Registration Module Pages/Third Screen - Upload Supporting Doc- Preview/Add Document Button' is clicked on

2018-12-06 21:43:52 - [MESSAGE][PASSED] - Object: 'Object Repository/Final Object Repo/New Registration - Registration Module Pages/Third Screen - Upload Supporting Doc- Preview/Add Document Button' is clicked on

2018-12-06 21:43:52 - [TEST_STEP][PASSED] - delay: Delayed 30 second(s)

2018-12-06 21:44:22 - [MESSAGE][PASSED] - Delayed 30 second(s)

2018-12-06 21:44:22 - [TEST_STEP][PASSED] - click: Object: 'Object Repository/Final Object Repo/New Registration - Registration Module Pages/Third Screen - Upload Supporting Doc- Preview/Supporting Doc Please Select Drop Down' is clicked on

2018-12-06 21:44:22 - [MESSAGE][PASSED] - Object: 'Object Repository/Final Object Repo/New Registration - Registration Module Pages/Third Screen - Upload Supporting Doc- Preview/Supporting Doc Please Select Drop Down' is clicked on

2018-12-06 21:44:22 - [TEST_STEP][PASSED] - delay: Delayed 2 second(s)

2018-12-06 21:44:24 - [MESSAGE][PASSED] - Delayed 2 second(s)

2018-12-06 21:44:24 - [TEST_STEP][PASSED] - click: Object: 'Object Repository/Final Object Repo/New Registration - Registration Module Pages/Third Screen - Upload Supporting Doc- Preview/Select to Upload Form 2' is clicked on

2018-12-06 21:44:24 - [MESSAGE][PASSED] - Object: 'Object Repository/Final Object Repo/New Registration - Registration Module Pages/Third Screen - Upload Supporting Doc- Preview/Select to Upload Form 2' is clicked on

2018-12-06 21:44:24 - [TEST_STEP][PASSED] - delay: Delayed 2 second(s)

2018-12-06 21:44:26 - [MESSAGE][PASSED] - Delayed 2 second(s)

2018-12-06 21:44:26 - [TEST_STEP][PASSED] - uploadFile: File 'C:\Users\Public\Pictures\Sample Pictures\Koala.jpg' sent to object: 'Object Repository/Final Object Repo/New Registration - Registration Module Pages/Third Screen - Upload Supporting Doc- Preview/Upload File Adding'

2018-12-06 21:44:26 - [MESSAGE][PASSED] - File 'C:\Users\Public\Pictures\Sample Pictures\Koala.jpg' sent to object: 'Object Repository/Final Object Repo/New Registration - Registration Module Pages/Third Screen - Upload Supporting Doc- Preview/Upload File Adding'

2018-12-06 21:44:26 - [TEST_STEP][PASSED] - click: Object: 'Object Repository/Final Object Repo/New Registration - Registration Module Pages/Third Screen - Upload Supporting Doc- Preview/Inner Form Add Document Button' is clicked on

2018-12-06 21:44:26 - [MESSAGE][PASSED] - Object: 'Object Repository/Final Object Repo/New Registration - Registration Module Pages/Third Screen - Upload Supporting Doc- Preview/Inner Form Add Document Button' is clicked on

2018-12-06 21:44:26 - [TEST_STEP][PASSED] - delay: Delayed 5 second(s)

2018-12-06 21:44:31 - [MESSAGE][PASSED] - Delayed 5 second(s)

2018-12-06 21:44:31 - [TEST_STEP][PASSED] - click: Object: 'Object Repository/Final Object Repo/New Registration - Registration Module Pages/Third Screen - Upload Supporting Doc- Preview/Add Document Button' is clicked on

2018-12-06 21:44:32 - [MESSAGE][PASSED] - Object: 'Object Repository/Final Object Repo/New Registration - Registration Module Pages/Third Screen - Upload Supporting Doc- Preview/Add Document Button' is clicked on

2018-12-06 21:44:32 - [TEST_STEP][PASSED] - delay: Delayed 30 second(s)

2018-12-06 21:45:02 - [MESSAGE][PASSED] - Delayed 30 second(s)

2018-12-06 21:45:02 - [TEST_STEP][PASSED] - click: Object: 'Object Repository/Final Object Repo/New Registration - Registration Module Pages/Third Screen - Upload Supporting Doc- Preview/Supporting Doc Please Select Drop Down' is clicked on

2018-12-06 21:45:02 - [MESSAGE][PASSED] - Object: 'Object Repository/Final Object Repo/New Registration - Registration Module Pages/Third Screen - Upload Supporting Doc- Preview/Supporting Doc Please Select Drop Down' is clicked on

2018-12-06 21:45:02 - [TEST_STEP][PASSED] - click: Object: 'Object Repository/Final Object Repo/New Registration - Registration Module Pages/Third Screen - Upload Supporting Doc- Preview/Select to Upload Borang SIP 1' is clicked on

2018-12-06 21:45:02 - [MESSAGE][PASSED] - Object: 'Object Repository/Final Object Repo/New Registration - Registration Module Pages/Third Screen - Upload Supporting Doc- Preview/Select to Upload Borang SIP 1' is clicked on

2018-12-06 21:45:02 - [TEST_STEP][PASSED] - delay: Delayed 2 second(s)

2018-12-06 21:45:04 - [MESSAGE][PASSED] - Delayed 2 second(s)

2018-12-06 21:45:04 - [TEST_STEP][PASSED] - uploadFile: File 'C:\Users\Public\Pictures\Sample Pictures\Koala.jpg' sent to object: 'Object Repository/Final Object Repo/New Registration - Registration Module Pages/Third Screen - Upload Supporting Doc- Preview/Upload File Adding'

2018-12-06 21:45:04 - [MESSAGE][PASSED] - File 'C:\Users\Public\Pictures\Sample Pictures\Koala.jpg' sent to object: 'Object Repository/Final Object Repo/New Registration - Registration Module Pages/Third Screen - Upload Supporting Doc- Preview/Upload File Adding'

2018-12-06 21:45:04 - [TEST_STEP][PASSED] - click: Object: 'Object Repository/Final Object Repo/New Registration - Registration Module Pages/Third Screen - Upload Supporting Doc- Preview/Inner Form Add Document Button' is clicked on

2018-12-06 21:45:04 - [MESSAGE][PASSED] - Object: 'Object Repository/Final Object Repo/New Registration - Registration Module Pages/Third Screen - Upload Supporting Doc- Preview/Inner Form Add Document Button' is clicked on

2018-12-06 21:45:04 - [TEST_STEP][PASSED] - delay: Delayed 5 second(s)

2018-12-06 21:45:09 - [MESSAGE][PASSED] - Delayed 5 second(s)

2018-12-06 21:45:09 - [TEST_STEP][PASSED] - click: Object: 'Object Repository/Final Object Repo/New Registration - Registration Module Pages/Third Screen - Upload Supporting Doc- Preview/Add Document Button' is clicked on

2018-12-06 21:45:10 - [MESSAGE][PASSED] - Object: 'Object Repository/Final Object Repo/New Registration - Registration Module Pages/Third Screen - Upload Supporting Doc- Preview/Add Document Button' is clicked on

2018-12-06 21:45:10 - [TEST_STEP][PASSED] - delay: Delayed 30 second(s)

2018-12-06 21:45:40 - [MESSAGE][PASSED] - Delayed 30 second(s)

2018-12-06 21:45:40 - [TEST_STEP][PASSED] - click: Object: 'Object Repository/Final Object Repo/New Registration - Registration Module Pages/Third Screen - Upload Supporting Doc- Preview/Supporting Doc Please Select Drop Down' is clicked on

2018-12-06 21:45:40 - [MESSAGE][PASSED] - Object: 'Object Repository/Final Object Repo/New Registration - Registration Module Pages/Third Screen - Upload Supporting Doc- Preview/Supporting Doc Please Select Drop Down' is clicked on

2018-12-06 21:45:40 - [TEST_STEP][PASSED] - delay: Delayed 3 second(s)

2018-12-06 21:45:43 - [MESSAGE][PASSED] - Delayed 3 second(s)

2018-12-06 21:45:43 - [TEST_STEP][PASSED] - click: Object: 'Object Repository/Final Object Repo/New Registration - Registration Module Pages/Third Screen - Upload Supporting Doc- Preview/Select to Upload Borang SIP 2' is clicked on

2018-12-06 21:45:43 - [MESSAGE][PASSED] - Object: 'Object Repository/Final Object Repo/New Registration - Registration Module Pages/Third Screen - Upload Supporting Doc- Preview/Select to Upload Borang SIP 2' is clicked on

2018-12-06 21:45:43 - [TEST_STEP][PASSED] - delay: Delayed 2 second(s)

2018-12-06 21:45:45 - [MESSAGE][PASSED] - Delayed 2 second(s)

2018-12-06 21:45:45 - [TEST_STEP][PASSED] - uploadFile: File 'C:\Users\Public\Pictures\Sample Pictures\Koala.jpg' sent to object: 'Object Repository/Final Object Repo/New Registration - Registration Module Pages/Third Screen - Upload Supporting Doc- Preview/Upload File Adding'

2018-12-06 21:45:45 - [MESSAGE][PASSED] - File 'C:\Users\Public\Pictures\Sample Pictures\Koala.jpg' sent to object: 'Object Repository/Final Object Repo/New Registration - Registration Module Pages/Third Screen - Upload Supporting Doc- Preview/Upload File Adding'

2018-12-06 21:45:45 - [TEST_STEP][PASSED] - delay: Delayed 5 second(s)

2018-12-06 21:45:50 - [MESSAGE][PASSED] - Delayed 5 second(s)

2018-12-06 21:45:50 - [TEST_STEP][PASSED] - click: Object: 'Object Repository/Final Object Repo/New Registration - Registration Module Pages/Third Screen - Upload Supporting Doc- Preview/Inner Form Add Document Button' is clicked on

2018-12-06 21:45:50 - [MESSAGE][PASSED] - Object: 'Object Repository/Final Object Repo/New Registration - Registration Module Pages/Third Screen - Upload Supporting Doc- Preview/Inner Form Add Document Button' is clicked on

2018-12-06 21:45:50 - [TEST_STEP][PASSED] - delay: Delayed 3 second(s)

2018-12-06 21:45:53 - [MESSAGE][PASSED] - Delayed 3 second(s)

2018-12-06 21:45:53 - [TEST_STEP][PASSED] - waitForElementClickable: Object 'Object Repository/Final Object Repo/New Registration - Registration Module Pages/Third Screen - Upload Supporting Doc- Preview/Save n Continue in Uploading Supporting Doc Page' is clickable

2018-12-06 21:45:54 - [MESSAGE][PASSED] - Object 'Object Repository/Final Object Repo/New Registration - Registration Module Pages/Third Screen - Upload Supporting Doc- Preview/Save n Continue in Uploading Supporting Doc Page' is clickable

2018-12-06 21:45:54 - [TEST_STEP][PASSED] - click: Object: 'Object Repository/Final Object Repo/New Registration - Registration Module Pages/Third Screen - Upload Supporting Doc- Preview/Save n Continue in Uploading Supporting Doc Page' is clicked on

2018-12-06 21:45:54 - [MESSAGE][PASSED] - Object: 'Object Repository/Final Object Repo/New Registration - Registration Module Pages/Third Screen - Upload Supporting Doc- Preview/Save n Continue in Uploading Supporting Doc Page' is clicked on

2018-12-06 21:45:54 - [MESSAGE][PASSED] - Call Test Case 'Test Cases/Final Aug 2018 - PKS Automation/Registration Module/New Registration/Flow of New Registration/Third Screen - Upload Supporting Doc - Preview' successfully

2018-12-06 21:45:54 - [TEST_STEP][PASSED] - callTestCase: Call Test Case 'Test Cases/Final Aug 2018 - PKS Automation/Registration Module/New Registration/Submit and Screenshot/Submit Registration and Screenshot' successfully

2018-12-06 21:45:54 - [TEST_CASE][PASSED] - Test Cases/Final Aug 2018 - PKS Automation/Registration Module/New Registration/Submit and Screenshot/Submit Registration and Screenshot: Test Cases/Final Aug 2018 - PKS Automation/Registration Module/New Registration/Submit and Screenshot/Submit Registration and Screenshot

2018-12-06 21:45:55 - [TEST_STEP][PASSED] - delay: Delayed 6 second(s)

2018-12-06 21:46:01 - [MESSAGE][PASSED] - Delayed 6 second(s)

2018-12-06 21:46:01 - [TEST_STEP][PASSED] - click: Object: 'Object Repository/Final Object Repo/New Registration - Registration Module Pages/Third Screen - Upload Supporting Doc- Preview/Preview Submit Button' is clicked on

2018-12-06 21:46:01 - [MESSAGE][PASSED] - Object: 'Object Repository/Final Object Repo/New Registration - Registration Module Pages/Third Screen - Upload Supporting Doc- Preview/Preview Submit Button' is clicked on

2018-12-06 21:46:01 - [TEST_STEP][PASSED] - delay: Delayed 2 second(s)

2018-12-06 21:46:03 - [MESSAGE][PASSED] - Delayed 2 second(s)

2018-12-06 21:46:03 - [TEST_STEP][PASSED] - click: Object: 'Object Repository/Final Object Repo/New Registration - Registration Module Pages/Third Screen - Upload Supporting Doc- Preview/Preview Submit - Confirm' is clicked on

2018-12-06 21:46:03 - [MESSAGE][PASSED] - Object: 'Object Repository/Final Object Repo/New Registration - Registration Module Pages/Third Screen - Upload Supporting Doc- Preview/Preview Submit - Confirm' is clicked on

2018-12-06 21:46:03 - [TEST_STEP][PASSED] - delay: Delayed 15 second(s)

2018-12-06 21:46:18 - [MESSAGE][PASSED] - Delayed 15 second(s)

2018-12-06 21:46:18 - [TEST_STEP][PASSED] - Statement - driver = com.kms.katalon.core.webui.driver.DriverFactory.getWebDriver(): null

2018-12-06 21:46:18 - [TEST_STEP][PASSED] - Statement - driver.manage().timeouts().implicitlyWait(10, SECONDS): null

2018-12-06 21:46:18 - [TEST_STEP][PASSED] - Statement - PresavePath = KatalonScreenshots: null

2018-12-06 21:46:18 - [TEST_STEP][PASSED] - Statement - pathPrefix = "C:\Users\Public\Pictures\Sample Pictures\Katalon Screenshots\Automate Ending Screen": null

2018-12-06 21:46:18 - [TEST_STEP][PASSED] - Statement - finalPath = <not implemented yet for class: org.codehaus.groovy.ast.expr.EmptyExpression>: null

2018-12-06 21:46:18 - [TEST_STEP][PASSED] - Statement - scrFile = driver.getScreenshotAs(FILE): null

2018-12-06 21:46:19 - [TEST_STEP][PASSED] - Statement - PreSaveFile = new java.io.File(PresavePath): null

2018-12-06 21:46:19 - [TEST_STEP][PASSED] - Statement - counter = 0: null

2018-12-06 21:46:19 - [TEST_STEP][PASSED] - Statement - If (PreSaveFile.exists()): null

2018-12-06 21:46:19 - [TEST_STEP][PASSED] - Statement - While (PreSaveFile.exists()): null

2018-12-06 21:46:19 - [TEST_STEP][PASSED] - Statement - counter = counter + 1: null

2018-12-06 21:46:19 - [TEST_STEP][PASSED] - Statement - PreSaveFile = new java.io.File(((pathPrefix + java.lang.Integer.toString(counter)) + .png)): null

2018-12-06 21:46:19 - [TEST_STEP][PASSED] - Statement - counter = counter + 1: null

2018-12-06 21:46:19 - [TEST_STEP][PASSED] - Statement - PreSaveFile = new java.io.File(((pathPrefix + java.lang.Integer.toString(counter)) + .png)): null

2018-12-06 21:46:19 - [TEST_STEP][PASSED] - Statement - counter = counter + 1: null

2018-12-06 21:46:19 - [TEST_STEP][PASSED] - Statement - PreSaveFile = new java.io.File(((pathPrefix + java.lang.Integer.toString(counter)) + .png)): null

2018-12-06 21:46:19 - [TEST_STEP][PASSED] - Statement - counter = counter + 1: null

2018-12-06 21:46:19 - [TEST_STEP][PASSED] - Statement - PreSaveFile = new java.io.File(((pathPrefix + java.lang.Integer.toString(counter)) + .png)): null

2018-12-06 21:46:19 - [TEST_STEP][PASSED] - Statement - counter = counter + 1: null

2018-12-06 21:46:19 - [TEST_STEP][PASSED] - Statement - PreSaveFile = new java.io.File(((pathPrefix + java.lang.Integer.toString(counter)) + .png)): null

2018-12-06 21:46:19 - [TEST_STEP][PASSED] - Statement - counter = counter + 1: null

2018-12-06 21:46:19 - [TEST_STEP][PASSED] - Statement - PreSaveFile = new java.io.File(((pathPrefix + java.lang.Integer.toString(counter)) + .png)): null

2018-12-06 21:46:19 - [TEST_STEP][PASSED] - Statement - counter = counter + 1: null

2018-12-06 21:46:19 - [TEST_STEP][PASSED] - Statement - PreSaveFile = new java.io.File(((pathPrefix + java.lang.Integer.toString(counter)) + .png)): null

2018-12-06 21:46:19 - [TEST_STEP][PASSED] - Statement - counter = counter + 1: null

2018-12-06 21:46:19 - [TEST_STEP][PASSED] - Statement - PreSaveFile = new java.io.File(((pathPrefix + java.lang.Integer.toString(counter)) + .png)): null

2018-12-06 21:46:19 - [TEST_STEP][PASSED] - Statement - counter = counter + 1: null

2018-12-06 21:46:19 - [TEST_STEP][PASSED] - Statement - PreSaveFile = new java.io.File(((pathPrefix + java.lang.Integer.toString(counter)) + .png)): null

2018-12-06 21:46:19 - [TEST_STEP][PASSED] - Statement - counter = counter + 1: null

2018-12-06 21:46:19 - [TEST_STEP][PASSED] - Statement - PreSaveFile = new java.io.File(((pathPrefix + java.lang.Integer.toString(counter)) + .png)): null

2018-12-06 21:46:19 - [TEST_STEP][PASSED] - Statement - counter = counter + 1: null

2018-12-06 21:46:19 - [TEST_STEP][PASSED] - Statement - PreSaveFile = new java.io.File(((pathPrefix + java.lang.Integer.toString(counter)) + .png)): null

2018-12-06 21:46:19 - [TEST_STEP][PASSED] - Statement - counter = counter + 1: null

2018-12-06 21:46:19 - [TEST_STEP][PASSED] - Statement - PreSaveFile = new java.io.File(((pathPrefix + java.lang.Integer.toString(counter)) + .png)): null

2018-12-06 21:46:19 - [TEST_STEP][PASSED] - Statement - counter = counter + 1: null

2018-12-06 21:46:19 - [TEST_STEP][PASSED] - Statement - PreSaveFile = new java.io.File(((pathPrefix + java.lang.Integer.toString(counter)) + .png)): null

2018-12-06 21:46:19 - [TEST_STEP][PASSED] - Statement - counter = counter + 1: null

2018-12-06 21:46:19 - [TEST_STEP][PASSED] - Statement - PreSaveFile = new java.io.File(((pathPrefix + java.lang.Integer.toString(counter)) + .png)): null

2018-12-06 21:46:19 - [TEST_STEP][PASSED] - Statement - counter = counter + 1: null

2018-12-06 21:46:19 - [TEST_STEP][PASSED] - Statement - PreSaveFile = new java.io.File(((pathPrefix + java.lang.Integer.toString(counter)) + .png)): null

2018-12-06 21:46:19 - [TEST_STEP][PASSED] - Statement - counter = counter + 1: null

2018-12-06 21:46:19 - [TEST_STEP][PASSED] - Statement - PreSaveFile = new java.io.File(((pathPrefix + java.lang.Integer.toString(counter)) + .png)): null

2018-12-06 21:46:19 - [TEST_STEP][PASSED] - Statement - counter = counter + 1: null

2018-12-06 21:46:19 - [TEST_STEP][PASSED] - Statement - PreSaveFile = new java.io.File(((pathPrefix + java.lang.Integer.toString(counter)) + .png)): null

2018-12-06 21:46:19 - [TEST_STEP][PASSED] - Statement - counter = counter + 1: null

2018-12-06 21:46:19 - [TEST_STEP][PASSED] - Statement - PreSaveFile = new java.io.File(((pathPrefix + java.lang.Integer.toString(counter)) + .png)): null

2018-12-06 21:46:19 - [TEST_STEP][PASSED] - Statement - counter = counter + 1: null

2018-12-06 21:46:19 - [TEST_STEP][PASSED] - Statement - PreSaveFile = new java.io.File(((pathPrefix + java.lang.Integer.toString(counter)) + .png)): null

2018-12-06 21:46:19 - [TEST_STEP][PASSED] - Statement - counter = counter + 1: null

2018-12-06 21:46:19 - [TEST_STEP][PASSED] - Statement - PreSaveFile = new java.io.File(((pathPrefix + java.lang.Integer.toString(counter)) + .png)): null

2018-12-06 21:46:19 - [TEST_STEP][PASSED] - Statement - counter = counter + 1: null

2018-12-06 21:46:19 - [TEST_STEP][PASSED] - Statement - PreSaveFile = new java.io.File(((pathPrefix + java.lang.Integer.toString(counter)) + .png)): null

2018-12-06 21:46:19 - [TEST_STEP][PASSED] - Statement - counter = counter + 1: null

2018-12-06 21:46:19 - [TEST_STEP][PASSED] - Statement - PreSaveFile = new java.io.File(((pathPrefix + java.lang.Integer.toString(counter)) + .png)): null

2018-12-06 21:46:19 - [TEST_STEP][PASSED] - Statement - counter = counter + 1: null

2018-12-06 21:46:19 - [TEST_STEP][PASSED] - Statement - PreSaveFile = new java.io.File(((pathPrefix + java.lang.Integer.toString(counter)) + .png)): null

2018-12-06 21:46:19 - [TEST_STEP][PASSED] - Statement - counter = counter + 1: null

2018-12-06 21:46:19 - [TEST_STEP][PASSED] - Statement - PreSaveFile = new java.io.File(((pathPrefix + java.lang.Integer.toString(counter)) + .png)): null

2018-12-06 21:46:19 - [TEST_STEP][PASSED] - Statement - counter = counter + 1: null

2018-12-06 21:46:19 - [TEST_STEP][PASSED] - Statement - PreSaveFile = new java.io.File(((pathPrefix + java.lang.Integer.toString(counter)) + .png)): null

2018-12-06 21:46:19 - [TEST_STEP][PASSED] - Statement - counter = counter + 1: null

2018-12-06 21:46:19 - [TEST_STEP][PASSED] - Statement - PreSaveFile = new java.io.File(((pathPrefix + java.lang.Integer.toString(counter)) + .png)): null

2018-12-06 21:46:19 - [TEST_STEP][PASSED] - Statement - counter = counter + 1: null

2018-12-06 21:46:19 - [TEST_STEP][PASSED] - Statement - PreSaveFile = new java.io.File(((pathPrefix + java.lang.Integer.toString(counter)) + .png)): null

2018-12-06 21:46:19 - [TEST_STEP][PASSED] - Statement - finalPath = pathPrefix + java.lang.Integer.toString(counter) + ".png": null

2018-12-06 21:46:19 - [TEST_STEP][PASSED] - Statement - SaveFile = new java.io.File(finalPath): null

2018-12-06 21:46:19 - [TEST_STEP][PASSED] - Statement - Try: null

2018-12-06 21:46:19 - [TEST_STEP][PASSED] - Statement - org.apache.commons.io.FileUtils.copyFile(scrFile, SaveFile): null

2018-12-06 21:46:19 - [TEST_STEP][PASSED] - Statement - out.println("file kept"): null

2018-12-06 21:46:19 - [TEST_STEP][PASSED] - delay: Delayed 10 second(s)

2018-12-06 21:46:29 - [MESSAGE][PASSED] - Delayed 10 second(s)

2018-12-06 21:46:29 - [MESSAGE][PASSED] - Call Test Case 'Test Cases/Final Aug 2018 - PKS Automation/Registration Module/New Registration/Submit and Screenshot/Submit Registration and Screenshot' successfully

2018-12-06 21:46:29 - [TEST_STEP][PASSED] - callTestCase: Call Test Case 'Test Cases/Final Aug 2018 - PKS Automation/Registration Module/Log Out/log out avoiding katalon tagging' successfully

2018-12-06 21:46:29 - [TEST_CASE][PASSED] - Test Cases/Final Aug 2018 - PKS Automation/Registration Module/Log Out/log out avoiding katalon tagging: Test Cases/Final Aug 2018 - PKS Automation/Registration Module/Log Out/log out avoiding katalon tagging

2018-12-06 21:46:29 - [TEST_STEP][PASSED] - navigateToUrl: Navigate to 'https://assist2-uat.perkeso.gov.my/c/portal/logout' successfully

2018-12-06 21:46:30 - [MESSAGE][PASSED] - Navigate to 'https://assist2-uat.perkeso.gov.my/c/portal/logout' successfully

2018-12-06 21:46:30 - [MESSAGE][PASSED] - Call Test Case 'Test Cases/Final Aug 2018 - PKS Automation/Registration Module/Log Out/log out avoiding katalon tagging' successfully

2018-12-06 21:46:30 - [TEST_STEP][PASSED] - callTestCase: Call Test Case 'Test Cases/Final Aug 2018 - PKS Automation/Common/Workflow Owner Finder' successfully

2018-12-06 21:46:30 - [TEST_CASE][PASSED] - Test Cases/Final Aug 2018 - PKS Automation/Common/Workflow Owner Finder: Test Cases/Final Aug 2018 - PKS Automation/Common/Workflow Owner Finder

2018-12-06 21:46:30 - [TEST_STEP][PASSED] - openBrowser: Browser is opened with url: ''

2018-12-06 21:46:30 - [MESSAGE][WARNING] - A browser is already opened. Closing browser and opening a new one

2018-12-06 21:46:34 - [MESSAGE][PASSED] - Browser is opened with url: ''

2018-12-06 21:46:34 - [TEST_STEP][PASSED] - navigateToUrl: Navigate to 'https://assist2-uat.perkeso.gov.my/login' successfully

2018-12-06 21:46:35 - [MESSAGE][PASSED] - Navigate to 'https://assist2-uat.perkeso.gov.my/login' successfully

2018-12-06 21:46:35 - [TEST_STEP][PASSED] - delay: Delayed 5 second(s)

2018-12-06 21:46:40 - [MESSAGE][PASSED] - Delayed 5 second(s)

2018-12-06 21:46:40 - [TEST_STEP][PASSED] - setText: Text 'test@liferay.com' is set on object 'Object Repository/Final Object Repo/Login Page/Internal User/Email Address'

2018-12-06 21:46:41 - [MESSAGE][PASSED] - Text 'test@liferay.com' is set on object 'Object Repository/Final Object Repo/Login Page/Internal User/Email Address'

2018-12-06 21:46:41 - [TEST_STEP][PASSED] - click: Object: 'Object Repository/Final Object Repo/Login Page/Internal User/Next Button' is clicked on

2018-12-06 21:46:41 - [MESSAGE][PASSED] - Object: 'Object Repository/Final Object Repo/Login Page/Internal User/Next Button' is clicked on

2018-12-06 21:46:41 - [TEST_STEP][PASSED] - delay: Delayed 2 second(s)

2018-12-06 21:46:43 - [MESSAGE][PASSED] - Delayed 2 second(s)

2018-12-06 21:46:43 - [TEST_STEP][PASSED] - setText: Text 'test' is set on object 'Object Repository/Final Object Repo/Login Page/Internal User/Password'

2018-12-06 21:46:43 - [MESSAGE][PASSED] - Text 'test' is set on object 'Object Repository/Final Object Repo/Login Page/Internal User/Password'

2018-12-06 21:46:43 - [TEST_STEP][PASSED] - delay: Delayed 2 second(s)

2018-12-06 21:46:45 - [MESSAGE][PASSED] - Delayed 2 second(s)

2018-12-06 21:46:45 - [TEST_STEP][PASSED] - click: Object: 'Object Repository/Final Object Repo/Login Page/Internal User/Login Button' is clicked on

2018-12-06 21:46:45 - [MESSAGE][PASSED] - Object: 'Object Repository/Final Object Repo/Login Page/Internal User/Login Button' is clicked on

2018-12-06 21:46:45 - [TEST_STEP][PASSED] - Statement - tester = com.kms.katalon.core.testobject.ObjectRepository.findTestObject(Final Object Repo/Landing Page/Select to English): Finding Test Object with id 'Object Repository/Final Object Repo/Landing Page/Select to English'

2018-12-06 21:46:45 - [TEST_STEP][PASSED] - Statement - Try: Delayed 2 second(s)

2018-12-06 21:46:45 - [TEST_STEP][PASSED] - Statement - Checker = com.kms.katalon.core.webui.keyword.WebUiBuiltInKeywords.verifyElementNotPresent(tester, 3): Web element with id: 'Object Repository/Final Object Repo/Landing Page/Select to English' located by 'By.xpath: //a[@class = 'taglib-language-list-text' and @lang = 'en-US' and (contains(text(), 'EN') or contains(., 'EN'))]' is not present after '3' second(s)

2018-12-06 21:46:55 - [MESSAGE][PASSED] - Web element with id: 'Object Repository/Final Object Repo/Landing Page/Select to English' located by 'By.xpath: //a[@class = 'taglib-language-list-text' and @lang = 'en-US' and (contains(text(), 'EN') or contains(., 'EN'))]' is not present after '3' second(s)

2018-12-06 21:46:55 - [TEST_STEP][PASSED] - Statement - If (Checker == false): null

2018-12-06 21:46:55 - [TEST_STEP][PASSED] - delay: Delayed 2 second(s)

2018-12-06 21:46:57 - [MESSAGE][PASSED] - Delayed 2 second(s)

2018-12-06 21:46:57 - [TEST_STEP][PASSED] - delay: Delayed 5 second(s)

2018-12-06 21:47:02 - [MESSAGE][PASSED] - Delayed 5 second(s)

2018-12-06 21:47:02 - [TEST_STEP][PASSED] - mouseOver: Object: 'Object Repository/Final Object Repo/Landing Page/WorkFlow Menu' is hovered

2018-12-06 21:47:02 - [MESSAGE][PASSED] - Object: 'Object Repository/Final Object Repo/Landing Page/WorkFlow Menu' is hovered

2018-12-06 21:47:02 - [TEST_STEP][PASSED] - delay: Delayed 2 second(s)

2018-12-06 21:47:04 - [MESSAGE][PASSED] - Delayed 2 second(s)

2018-12-06 21:47:04 - [TEST_STEP][PASSED] - click: Object: 'Object Repository/Final Object Repo/Landing Page/Select to Workflow Listing' is clicked on

2018-12-06 21:47:05 - [MESSAGE][PASSED] - Object: 'Object Repository/Final Object Repo/Landing Page/Select to Workflow Listing' is clicked on

2018-12-06 21:47:05 - [TEST_STEP][PASSED] - delay: Delayed 2 second(s)

2018-12-06 21:47:07 - [MESSAGE][PASSED] - Delayed 2 second(s)

2018-12-06 21:47:07 - [TEST_STEP][PASSED] - click: Object: 'Object Repository/Final Object Repo/WorkFlow Listing Page/Search Information - To Put Ref No' is clicked on

2018-12-06 21:47:07 - [MESSAGE][PASSED] - Object: 'Object Repository/Final Object Repo/WorkFlow Listing Page/Search Information - To Put Ref No' is clicked on

2018-12-06 21:47:07 - [TEST_STEP][PASSED] - delay: Delayed 2 second(s)

2018-12-06 21:47:09 - [MESSAGE][PASSED] - Delayed 2 second(s)

2018-12-06 21:47:09 - [TEST_STEP][PASSED] - callTestCase: Call Test Case 'Test Cases/Final Aug 2018 - PKS Automation/Common/Reference Number Getter' successfully

2018-12-06 21:47:09 - [TEST_CASE][PASSED] - Test Cases/Final Aug 2018 - PKS Automation/Common/Reference Number Getter: Test Cases/Final Aug 2018 - PKS Automation/Common/Reference Number Getter

2018-12-06 21:47:10 - [TEST_STEP][PASSED] - Statement - Try: null

2018-12-06 21:47:10 - [TEST_STEP][PASSED] - Statement - RefNo = new java.io.File(C://Users//Admin//Desktop//PKS//Automation Reference Point//KatalonReference.txt): null

2018-12-06 21:47:10 - [TEST_STEP][PASSED] - Statement - bufferread = new java.io.BufferedReader(new java.io.FileReader(RefNo)): null

2018-12-06 21:47:10 - [TEST_STEP][PASSED] - Statement - readedVal = bufferread.readLine(): null

2018-12-06 21:47:10 - [TEST_STEP][PASSED] - Statement - out.println(CaseReferenceNo): null

2018-12-06 21:47:10 - [TEST_STEP][PASSED] - Statement - out.println(readedVal): null

2018-12-06 21:47:10 - [TEST_STEP][PASSED] - Statement - CaseReferenceNo = "": null

2018-12-06 21:47:10 - [TEST_STEP][PASSED] - Statement - CaseReferenceNo = readedVal: null

2018-12-06 21:47:10 - [MESSAGE][PASSED] - Call Test Case 'Test Cases/Final Aug 2018 - PKS Automation/Common/Reference Number Getter' successfully

2018-12-06 21:47:10 - [TEST_STEP][PASSED] - setText: Text 'CRN12201800123062' is set on object 'Object Repository/Final Object Repo/WorkFlow Listing Page/Ref No Set Text'

2018-12-06 21:47:10 - [MESSAGE][PASSED] - Text 'CRN12201800123062' is set on object 'Object Repository/Final Object Repo/WorkFlow Listing Page/Ref No Set Text'

2018-12-06 21:47:10 - [TEST_STEP][PASSED] - delay: Delayed 2 second(s)

2018-12-06 21:47:12 - [MESSAGE][PASSED] - Delayed 2 second(s)

2018-12-06 21:47:12 - [TEST_STEP][PASSED] - click: Object: 'Object Repository/Final Object Repo/WorkFlow Listing Page/Search Ref No Search Button' is clicked on

2018-12-06 21:47:12 - [MESSAGE][PASSED] - Object: 'Object Repository/Final Object Repo/WorkFlow Listing Page/Search Ref No Search Button' is clicked on

2018-12-06 21:47:12 - [TEST_STEP][PASSED] - delay: Delayed 6 second(s)

2018-12-06 21:47:18 - [MESSAGE][PASSED] - Delayed 6 second(s)

2018-12-06 21:47:18 - [TEST_STEP][PASSED] - click: Object: 'Object Repository/Final Object Repo/WorkFlow Listing Page/Click Continue Tooltip' is clicked on

2018-12-06 21:47:19 - [MESSAGE][PASSED] - Object: 'Object Repository/Final Object Repo/WorkFlow Listing Page/Click Continue Tooltip' is clicked on

2018-12-06 21:47:19 - [TEST_STEP][PASSED] - delay: Delayed 5 second(s)

2018-12-06 21:47:24 - [MESSAGE][PASSED] - Delayed 5 second(s)

2018-12-06 21:47:24 - [TEST_STEP][PASSED] - doubleClick: Object: 'Object Repository/Final Object Repo/WorkFlow Listing Page/Workflow Found - Listing 1' is double clicked on

2018-12-06 21:47:24 - [MESSAGE][PASSED] - Object: 'Object Repository/Final Object Repo/WorkFlow Listing Page/Workflow Found - Listing 1' is double clicked on

2018-12-06 21:47:24 - [TEST_STEP][PASSED] - Statement - println(OwnerID): null

2018-12-06 21:47:24 - [TEST_STEP][PASSED] - Statement - OwnerID = com.kms.katalon.core.webui.keyword.WebUiBuiltInKeywords.getText(com.kms.katalon.core.testobject.ObjectRepository.findTestObject(Final Object Repo/WorkFlow Listing Page/Workflow Found - Listing 1), STOP_ON_FAILURE): Text of object 'Object Repository/Final Object Repo/WorkFlow Listing Page/Workflow Found - Listing 1' is: 'JOHORro3'

2018-12-06 21:47:24 - [MESSAGE][PASSED] - Text of object 'Object Repository/Final Object Repo/WorkFlow Listing Page/Workflow Found - Listing 1' is: 'JOHORro3'

2018-12-06 21:47:24 - [TEST_STEP][PASSED] - Statement - OwnerID = OwnerID.toLowerCase() + "@gmail.com": null

2018-12-06 21:47:24 - [TEST_STEP][PASSED] - Statement - println(OwnerID): null

2018-12-06 21:47:24 - [TEST_STEP][PASSED] - delay: Delayed 2 second(s)

2018-12-06 21:47:26 - [MESSAGE][PASSED] - Delayed 2 second(s)

2018-12-06 21:47:26 - [MESSAGE][PASSED] - Call Test Case 'Test Cases/Final Aug 2018 - PKS Automation/Common/Workflow Owner Finder' successfully

2018-12-06 21:47:26 - [TEST_STEP][PASSED] - callTestCase: Call Test Case 'Test Cases/Final Aug 2018 - PKS Automation/Registration Module/Log Out/log out avoiding katalon tagging' successfully

2018-12-06 21:47:26 - [TEST_CASE][PASSED] - Test Cases/Final Aug 2018 - PKS Automation/Registration Module/Log Out/log out avoiding katalon tagging: Test Cases/Final Aug 2018 - PKS Automation/Registration Module/Log Out/log out avoiding katalon tagging

2018-12-06 21:47:26 - [TEST_STEP][PASSED] - navigateToUrl: Navigate to 'https://assist2-uat.perkeso.gov.my/c/portal/logout' successfully

2018-12-06 21:47:27 - [MESSAGE][PASSED] - Navigate to 'https://assist2-uat.perkeso.gov.my/c/portal/logout' successfully

2018-12-06 21:47:27 - [MESSAGE][PASSED] - Call Test Case 'Test Cases/Final Aug 2018 - PKS Automation/Registration Module/Log Out/log out avoiding katalon tagging' successfully

2018-12-06 21:47:27 - [TEST_STEP][PASSED] - delay: Delayed 2 second(s)

2018-12-06 21:47:29 - [MESSAGE][PASSED] - Delayed 2 second(s)

2018-12-06 21:47:29 - [TEST_STEP][PASSED] - setText: Text 'johorro3@gmail.com' is set on object 'Object Repository/Final Object Repo/New Registration - Registration Module Pages/New Reg - OTC to RO/Special Case - All Related Objects/Email TextBox'

2018-12-06 21:47:30 - [MESSAGE][PASSED] - Text 'johorro3@gmail.com' is set on object 'Object Repository/Final Object Repo/New Registration - Registration Module Pages/New Reg - OTC to RO/Special Case - All Related Objects/Email TextBox'

2018-12-06 21:47:30 - [TEST_STEP][PASSED] - click: Object: 'Object Repository/Final Object Repo/New Registration - Registration Module Pages/New Reg - OTC to RO/Special Case - All Related Objects/Next Button' is clicked on

2018-12-06 21:47:30 - [MESSAGE][PASSED] - Object: 'Object Repository/Final Object Repo/New Registration - Registration Module Pages/New Reg - OTC to RO/Special Case - All Related Objects/Next Button' is clicked on

2018-12-06 21:47:30 - [TEST_STEP][PASSED] - delay: Delayed 2 second(s)

2018-12-06 21:47:32 - [MESSAGE][PASSED] - Delayed 2 second(s)

2018-12-06 21:47:32 - [TEST_STEP][PASSED] - setText: Text 'Test1@3456789' is set on object 'Object Repository/Final Object Repo/New Registration - Registration Module Pages/New Reg - OTC to RO/Special Case - All Related Objects/Password TextBox'

2018-12-06 21:47:32 - [MESSAGE][PASSED] - Text 'Test1@3456789' is set on object 'Object Repository/Final Object Repo/New Registration - Registration Module Pages/New Reg - OTC to RO/Special Case - All Related Objects/Password TextBox'

2018-12-06 21:47:32 - [TEST_STEP][PASSED] - delay: Delayed 2 second(s)

2018-12-06 21:47:34 - [MESSAGE][PASSED] - Delayed 2 second(s)

2018-12-06 21:47:34 - [TEST_STEP][PASSED] - click: Object: 'Object Repository/Final Object Repo/New Registration - Registration Module Pages/New Reg - OTC to RO/Special Case - All Related Objects/Login Button' is clicked on

2018-12-06 21:47:34 - [MESSAGE][PASSED] - Object: 'Object Repository/Final Object Repo/New Registration - Registration Module Pages/New Reg - OTC to RO/Special Case - All Related Objects/Login Button' is clicked on

2018-12-06 21:47:34 - [TEST_STEP][PASSED] - delay: Delayed 2 second(s)

2018-12-06 21:47:36 - [MESSAGE][PASSED] - Delayed 2 second(s)

2018-12-06 21:47:36 - [TEST_STEP][PASSED] - Statement - Try: null

2018-12-06 21:47:36 - [TEST_STEP][PASSED] - Statement - Checker = com.kms.katalon.core.webui.keyword.WebUiBuiltInKeywords.verifyElementNotPresent("Final Object Repo/Landing Page/Select to English", 3): null

2018-12-06 21:47:36 - [TEST_STEP][PASSED] - Statement - Catch (Exception e): null

2018-12-06 21:47:36 - [TEST_STEP][PASSED] - Statement - e.printStackTrace(): null

2018-12-06 21:47:36 - [TEST_STEP][PASSED] - click: Object: 'Object Repository/Final Object Repo/New Registration - Registration Module Pages/New Reg - OTC to RO/Special Case - All Related Objects/Expand to Search' is clicked on

2018-12-06 21:47:36 - [MESSAGE][PASSED] - Object: 'Object Repository/Final Object Repo/New Registration - Registration Module Pages/New Reg - OTC to RO/Special Case - All Related Objects/Expand to Search' is clicked on

2018-12-06 21:47:36 - [TEST_STEP][PASSED] - delay: Delayed 2 second(s)

2018-12-06 21:47:38 - [MESSAGE][PASSED] - Delayed 2 second(s)

2018-12-06 21:47:38 - [TEST_STEP][PASSED] - setText: Text 'CRN12201800123062' is set on object 'Object Repository/Final Object Repo/New Registration - Registration Module Pages/New Reg - OTC to RO/Special Case - All Related Objects/TextBox RefNo in Workbasket'

2018-12-06 21:47:39 - [MESSAGE][PASSED] - Text 'CRN12201800123062' is set on object 'Object Repository/Final Object Repo/New Registration - Registration Module Pages/New Reg - OTC to RO/Special Case - All Related Objects/TextBox RefNo in Workbasket'

2018-12-06 21:47:39 - [TEST_STEP][PASSED] - delay: Delayed 2 second(s)

2018-12-06 21:47:41 - [MESSAGE][PASSED] - Delayed 2 second(s)

2018-12-06 21:47:41 - [TEST_STEP][PASSED] - click: Object: 'Object Repository/Final Object Repo/New Registration - Registration Module Pages/New Reg - OTC to RO/Special Case - All Related Objects/Click Search' is clicked on

2018-12-06 21:47:41 - [MESSAGE][PASSED] - Object: 'Object Repository/Final Object Repo/New Registration - Registration Module Pages/New Reg - OTC to RO/Special Case - All Related Objects/Click Search' is clicked on

2018-12-06 21:47:41 - [TEST_STEP][PASSED] - delay: Delayed 2 second(s)

2018-12-06 21:47:43 - [MESSAGE][PASSED] - Delayed 2 second(s)

2018-12-06 21:47:43 - [TEST_STEP][PASSED] - click: Object: 'Object Repository/Final Object Repo/New Registration - Registration Module Pages/New Reg - OTC to RO/Special Case - All Related Objects/Click to Continue Workflow' is clicked on

2018-12-06 21:47:46 - [MESSAGE][PASSED] - Object: 'Object Repository/Final Object Repo/New Registration - Registration Module Pages/New Reg - OTC to RO/Special Case - All Related Objects/Click to Continue Workflow' is clicked on

2018-12-06 21:47:46 - [TEST_STEP][PASSED] - delay: Delayed 2 second(s)

2018-12-06 21:47:48 - [MESSAGE][PASSED] - Delayed 2 second(s)

2018-12-06 21:47:48 - [TEST_STEP][PASSED] - click: Object: 'Object Repository/Final Object Repo/New Registration - Registration Module Pages/New Reg - OTC to RO/Special Case - All Related Objects/Continue Button in verifying case' is clicked on

2018-12-06 21:47:50 - [MESSAGE][PASSED] - Object: 'Object Repository/Final Object Repo/New Registration - Registration Module Pages/New Reg - OTC to RO/Special Case - All Related Objects/Continue Button in verifying case' is clicked on

2018-12-06 21:47:50 - [TEST_STEP][PASSED] - delay: Delayed 2 second(s)

2018-12-06 21:47:52 - [MESSAGE][PASSED] - Delayed 2 second(s)

2018-12-06 21:47:52 - [TEST_STEP][PASSED] - click: Object: 'Object Repository/Final Object Repo/New Registration - Registration Module Pages/Form 1/Registered As a Branch - Yes' is clicked on

2018-12-06 21:47:52 - [MESSAGE][PASSED] - Object: 'Object Repository/Final Object Repo/New Registration - Registration Module Pages/Form 1/Registered As a Branch - Yes' is clicked on

2018-12-06 21:47:52 - [TEST_STEP][PASSED] - delay: Delayed 2 second(s)

2018-12-06 21:47:54 - [MESSAGE][PASSED] - Delayed 2 second(s)

2018-12-06 21:47:54 - [TEST_STEP][PASSED] - click: Object: 'Object Repository/Final Object Repo/New Registration - Registration Module Pages/New Reg - OTC to RO/Special Case - All Related Objects/Form 1 Save n Continue' is clicked on

2018-12-06 21:47:55 - [MESSAGE][PASSED] - Object: 'Object Repository/Final Object Repo/New Registration - Registration Module Pages/New Reg - OTC to RO/Special Case - All Related Objects/Form 1 Save n Continue' is clicked on

2018-12-06 21:47:55 - [TEST_STEP][PASSED] - delay: Delayed 2 second(s)

2018-12-06 21:47:57 - [MESSAGE][PASSED] - Delayed 2 second(s)

2018-12-06 21:47:57 - [TEST_STEP][PASSED] - click: Object: 'Object Repository/Final Object Repo/New Registration - Registration Module Pages/New Reg - OTC to RO/Special Case - All Related Objects/Form 2 Save n Continue' is clicked on

2018-12-06 21:47:57 - [MESSAGE][PASSED] - Object: 'Object Repository/Final Object Repo/New Registration - Registration Module Pages/New Reg - OTC to RO/Special Case - All Related Objects/Form 2 Save n Continue' is clicked on

2018-12-06 21:47:57 - [TEST_STEP][PASSED] - delay: Delayed 2 second(s)

2018-12-06 21:47:59 - [MESSAGE][PASSED] - Delayed 2 second(s)

2018-12-06 21:47:59 - [TEST_STEP][PASSED] - click: Object: 'Object Repository/Final Object Repo/New Registration - Registration Module Pages/New Reg - OTC to RO/Special Case - All Related Objects/Third Screen Save n Continue' is clicked on

2018-12-06 21:48:04 - [MESSAGE][PASSED] - Object: 'Object Repository/Final Object Repo/New Registration - Registration Module Pages/New Reg - OTC to RO/Special Case - All Related Objects/Third Screen Save n Continue' is clicked on

2018-12-06 21:48:04 - [TEST_STEP][PASSED] - delay: Delayed 5 second(s)

2018-12-06 21:48:09 - [MESSAGE][PASSED] - Delayed 5 second(s)

2018-12-06 21:48:09 - [TEST_STEP][PASSED] - click: Object: 'Object Repository/Final Object Repo/New Registration - Registration Module Pages/New Reg - OTC to RO/Special Case - All Related Objects/Upload Doc Page Save n Continue' is clicked on

2018-12-06 21:48:09 - [MESSAGE][PASSED] - Object: 'Object Repository/Final Object Repo/New Registration - Registration Module Pages/New Reg - OTC to RO/Special Case - All Related Objects/Upload Doc Page Save n Continue' is clicked on

2018-12-06 21:48:09 - [TEST_STEP][PASSED] - delay: Delayed 5 second(s)

2018-12-06 21:48:14 - [MESSAGE][PASSED] - Delayed 5 second(s)

2018-12-06 21:48:14 - [TEST_STEP][PASSED] - click: Object: 'Object Repository/Final Object Repo/New Registration - Registration Module Pages/New Reg - OTC to RO/Special Case - All Related Objects/Under Enforcement Button at Preview Screen of RO' is clicked on

2018-12-06 21:48:14 - [MESSAGE][PASSED] - Object: 'Object Repository/Final Object Repo/New Registration - Registration Module Pages/New Reg - OTC to RO/Special Case - All Related Objects/Under Enforcement Button at Preview Screen of RO' is clicked on

2018-12-06 21:48:14 - [TEST_STEP][PASSED] - delay: Delayed 5 second(s)

2018-12-06 21:48:19 - [MESSAGE][PASSED] - Delayed 5 second(s)

2018-12-06 21:48:19 - [TEST_STEP][PASSED] - click: Object: 'Object Repository/Final Object Repo/New Registration - Registration Module Pages/New Reg - OTC to RO/Special Case - All Related Objects/Under Enforcement - inner form' is clicked on

2018-12-06 21:48:19 - [MESSAGE][PASSED] - Object: 'Object Repository/Final Object Repo/New Registration - Registration Module Pages/New Reg - OTC to RO/Special Case - All Related Objects/Under Enforcement - inner form' is clicked on

2018-12-06 21:48:19 - [TEST_STEP][PASSED] - callTestCase: Call Test Case 'Test Cases/Final Aug 2018 - PKS Automation/Common/Screenshoting tool' successfully

2018-12-06 21:48:19 - [TEST_CASE][PASSED] - Test Cases/Final Aug 2018 - PKS Automation/Common/Screenshoting tool: Test Cases/Final Aug 2018 - PKS Automation/Common/Screenshoting tool

2018-12-06 21:48:20 - [TEST_STEP][PASSED] - delay: Delayed 15 second(s)

2018-12-06 21:48:35 - [MESSAGE][PASSED] - Delayed 15 second(s)

2018-12-06 21:48:35 - [TEST_STEP][PASSED] - Statement - driver = com.kms.katalon.core.webui.driver.DriverFactory.getWebDriver(): null

2018-12-06 21:48:35 - [TEST_STEP][PASSED] - Statement - driver.manage().timeouts().implicitlyWait(10, SECONDS): null

2018-12-06 21:48:35 - [TEST_STEP][PASSED] - Statement - PresavePath = KatalonScreenshots: null

2018-12-06 21:48:35 - [TEST_STEP][PASSED] - Statement - pathPrefix = "C:\Users\Public\Pictures\Sample Pictures\Katalon Screenshots\Automate Ending Screen": null

2018-12-06 21:48:35 - [TEST_STEP][PASSED] - Statement - finalPath = <not implemented yet for class: org.codehaus.groovy.ast.expr.EmptyExpression>: null

2018-12-06 21:48:35 - [TEST_STEP][PASSED] - Statement - scrFile = driver.getScreenshotAs(FILE): null

2018-12-06 21:48:35 - [TEST_STEP][PASSED] - Statement - PreSaveFile = new java.io.File(PresavePath): null

2018-12-06 21:48:35 - [TEST_STEP][PASSED] - Statement - counter = 0: null

2018-12-06 21:48:35 - [TEST_STEP][PASSED] - Statement - If (PreSaveFile.exists()): null

2018-12-06 21:48:35 - [TEST_STEP][PASSED] - Statement - While (PreSaveFile.exists()): null

2018-12-06 21:48:35 - [TEST_STEP][PASSED] - Statement - counter = counter + 1: null

2018-12-06 21:48:35 - [TEST_STEP][PASSED] - Statement - PreSaveFile = new java.io.File(((pathPrefix + java.lang.Integer.toString(counter)) + .png)): null

2018-12-06 21:48:35 - [TEST_STEP][PASSED] - Statement - counter = counter + 1: null

2018-12-06 21:48:35 - [TEST_STEP][PASSED] - Statement - PreSaveFile = new java.io.File(((pathPrefix + java.lang.Integer.toString(counter)) + .png)): null

2018-12-06 21:48:35 - [TEST_STEP][PASSED] - Statement - counter = counter + 1: null

2018-12-06 21:48:35 - [TEST_STEP][PASSED] - Statement - PreSaveFile = new java.io.File(((pathPrefix + java.lang.Integer.toString(counter)) + .png)): null

2018-12-06 21:48:35 - [TEST_STEP][PASSED] - Statement - counter = counter + 1: null

2018-12-06 21:48:35 - [TEST_STEP][PASSED] - Statement - PreSaveFile = new java.io.File(((pathPrefix + java.lang.Integer.toString(counter)) + .png)): null

2018-12-06 21:48:35 - [TEST_STEP][PASSED] - Statement - counter = counter + 1: null

2018-12-06 21:48:35 - [TEST_STEP][PASSED] - Statement - PreSaveFile = new java.io.File(((pathPrefix + java.lang.Integer.toString(counter)) + .png)): null

2018-12-06 21:48:35 - [TEST_STEP][PASSED] - Statement - counter = counter + 1: null

2018-12-06 21:48:35 - [TEST_STEP][PASSED] - Statement - PreSaveFile = new java.io.File(((pathPrefix + java.lang.Integer.toString(counter)) + .png)): null

2018-12-06 21:48:35 - [TEST_STEP][PASSED] - Statement - counter = counter + 1: null

2018-12-06 21:48:35 - [TEST_STEP][PASSED] - Statement - PreSaveFile = new java.io.File(((pathPrefix + java.lang.Integer.toString(counter)) + .png)): null

2018-12-06 21:48:35 - [TEST_STEP][PASSED] - Statement - counter = counter + 1: null

2018-12-06 21:48:35 - [TEST_STEP][PASSED] - Statement - PreSaveFile = new java.io.File(((pathPrefix + java.lang.Integer.toString(counter)) + .png)): null

2018-12-06 21:48:35 - [TEST_STEP][PASSED] - Statement - counter = counter + 1: null

2018-12-06 21:48:35 - [TEST_STEP][PASSED] - Statement - PreSaveFile = new java.io.File(((pathPrefix + java.lang.Integer.toString(counter)) + .png)): null

2018-12-06 21:48:35 - [TEST_STEP][PASSED] - Statement - counter = counter + 1: null

2018-12-06 21:48:35 - [TEST_STEP][PASSED] - Statement - PreSaveFile = new java.io.File(((pathPrefix + java.lang.Integer.toString(counter)) + .png)): null

2018-12-06 21:48:35 - [TEST_STEP][PASSED] - Statement - counter = counter + 1: null

2018-12-06 21:48:35 - [TEST_STEP][PASSED] - Statement - PreSaveFile = new java.io.File(((pathPrefix + java.lang.Integer.toString(counter)) + .png)): null

2018-12-06 21:48:35 - [TEST_STEP][PASSED] - Statement - counter = counter + 1: null

2018-12-06 21:48:35 - [TEST_STEP][PASSED] - Statement - PreSaveFile = new java.io.File(((pathPrefix + java.lang.Integer.toString(counter)) + .png)): null

2018-12-06 21:48:35 - [TEST_STEP][PASSED] - Statement - counter = counter + 1: null

2018-12-06 21:48:35 - [TEST_STEP][PASSED] - Statement - PreSaveFile = new java.io.File(((pathPrefix + java.lang.Integer.toString(counter)) + .png)): null

2018-12-06 21:48:35 - [TEST_STEP][PASSED] - Statement - counter = counter + 1: null

2018-12-06 21:48:35 - [TEST_STEP][PASSED] - Statement - PreSaveFile = new java.io.File(((pathPrefix + java.lang.Integer.toString(counter)) + .png)): null

2018-12-06 21:48:35 - [TEST_STEP][PASSED] - Statement - counter = counter + 1: null

2018-12-06 21:48:35 - [TEST_STEP][PASSED] - Statement - PreSaveFile = new java.io.File(((pathPrefix + java.lang.Integer.toString(counter)) + .png)): null

2018-12-06 21:48:35 - [TEST_STEP][PASSED] - Statement - counter = counter + 1: null

2018-12-06 21:48:35 - [TEST_STEP][PASSED] - Statement - PreSaveFile = new java.io.File(((pathPrefix + java.lang.Integer.toString(counter)) + .png)): null

2018-12-06 21:48:35 - [TEST_STEP][PASSED] - Statement - counter = counter + 1: null

2018-12-06 21:48:35 - [TEST_STEP][PASSED] - Statement - PreSaveFile = new java.io.File(((pathPrefix + java.lang.Integer.toString(counter)) + .png)): null

2018-12-06 21:48:35 - [TEST_STEP][PASSED] - Statement - counter = counter + 1: null

2018-12-06 21:48:35 - [TEST_STEP][PASSED] - Statement - PreSaveFile = new java.io.File(((pathPrefix + java.lang.Integer.toString(counter)) + .png)): null

2018-12-06 21:48:35 - [TEST_STEP][PASSED] - Statement - counter = counter + 1: null

2018-12-06 21:48:35 - [TEST_STEP][PASSED] - Statement - PreSaveFile = new java.io.File(((pathPrefix + java.lang.Integer.toString(counter)) + .png)): null

2018-12-06 21:48:35 - [TEST_STEP][PASSED] - Statement - counter = counter + 1: null

2018-12-06 21:48:35 - [TEST_STEP][PASSED] - Statement - PreSaveFile = new java.io.File(((pathPrefix + java.lang.Integer.toString(counter)) + .png)): null

2018-12-06 21:48:35 - [TEST_STEP][PASSED] - Statement - counter = counter + 1: null

2018-12-06 21:48:35 - [TEST_STEP][PASSED] - Statement - PreSaveFile = new java.io.File(((pathPrefix + java.lang.Integer.toString(counter)) + .png)): null

2018-12-06 21:48:35 - [TEST_STEP][PASSED] - Statement - counter = counter + 1: null

2018-12-06 21:48:35 - [TEST_STEP][PASSED] - Statement - PreSaveFile = new java.io.File(((pathPrefix + java.lang.Integer.toString(counter)) + .png)): null

2018-12-06 21:48:35 - [TEST_STEP][PASSED] - Statement - counter = counter + 1: null

2018-12-06 21:48:35 - [TEST_STEP][PASSED] - Statement - PreSaveFile = new java.io.File(((pathPrefix + java.lang.Integer.toString(counter)) + .png)): null

2018-12-06 21:48:35 - [TEST_STEP][PASSED] - Statement - counter = counter + 1: null

2018-12-06 21:48:35 - [TEST_STEP][PASSED] - Statement - PreSaveFile = new java.io.File(((pathPrefix + java.lang.Integer.toString(counter)) + .png)): null

2018-12-06 21:48:35 - [TEST_STEP][PASSED] - Statement - counter = counter + 1: null

2018-12-06 21:48:35 - [TEST_STEP][PASSED] - Statement - PreSaveFile = new java.io.File(((pathPrefix + java.lang.Integer.toString(counter)) + .png)): null

2018-12-06 21:48:35 - [TEST_STEP][PASSED] - Statement - counter = counter + 1: null

2018-12-06 21:48:35 - [TEST_STEP][PASSED] - Statement - PreSaveFile = new java.io.File(((pathPrefix + java.lang.Integer.toString(counter)) + .png)): null

2018-12-06 21:48:35 - [TEST_STEP][PASSED] - Statement - counter = counter + 1: null

2018-12-06 21:48:35 - [TEST_STEP][PASSED] - Statement - PreSaveFile = new java.io.File(((pathPrefix + java.lang.Integer.toString(counter)) + .png)): null

2018-12-06 21:48:35 - [TEST_STEP][PASSED] - Statement - counter = counter + 1: null

2018-12-06 21:48:35 - [TEST_STEP][PASSED] - Statement - PreSaveFile = new java.io.File(((pathPrefix + java.lang.Integer.toString(counter)) + .png)): null

2018-12-06 21:48:35 - [TEST_STEP][PASSED] - Statement - finalPath = pathPrefix + java.lang.Integer.toString(counter) + ".png": null

2018-12-06 21:48:35 - [TEST_STEP][PASSED] - Statement - SaveFile = new java.io.File(finalPath): null

2018-12-06 21:48:35 - [TEST_STEP][PASSED] - Statement - Try: null

2018-12-06 21:48:35 - [TEST_STEP][PASSED] - Statement - org.apache.commons.io.FileUtils.copyFile(scrFile, SaveFile): null

2018-12-06 21:48:35 - [TEST_STEP][PASSED] - Statement - out.println("file kept"): null

2018-12-06 21:48:35 - [TEST_STEP][PASSED] - delay: Delayed 10 second(s)

2018-12-06 21:48:45 - [MESSAGE][PASSED] - Delayed 10 second(s)

2018-12-06 21:48:45 - [MESSAGE][PASSED] - Call Test Case 'Test Cases/Final Aug 2018 - PKS Automation/Common/Screenshoting tool' successfully

2018-12-06 21:48:45 - [TEST_STEP][PASSED] - callTestCase: Call Test Case 'Test Cases/Final Aug 2018 - PKS Automation/Registration Module/Log Out/log out avoiding katalon tagging' successfully

2018-12-06 21:48:45 - [TEST_CASE][PASSED] - Test Cases/Final Aug 2018 - PKS Automation/Registration Module/Log Out/log out avoiding katalon tagging: Test Cases/Final Aug 2018 - PKS Automation/Registration Module/Log Out/log out avoiding katalon tagging

2018-12-06 21:48:45 - [TEST_STEP][PASSED] - navigateToUrl: Navigate to 'https://assist2-uat.perkeso.gov.my/c/portal/logout' successfully

2018-12-06 21:48:46 - [MESSAGE][PASSED] - Navigate to 'https://assist2-uat.perkeso.gov.my/c/portal/logout' successfully

2018-12-06 21:48:46 - [MESSAGE][PASSED] - Call Test Case 'Test Cases/Final Aug 2018 - PKS Automation/Registration Module/Log Out/log out avoiding katalon tagging' successfully

2018-12-06 21:48:46 - [TEST_STEP][PASSED] - delay: Delayed 2 second(s)

2018-12-06 21:48:48 - [MESSAGE][PASSED] - Delayed 2 second(s)

2018-12-06 21:48:48 - [TEST_STEP][PASSED] - setText: Text 'johorro3@gmail.com' is set on object 'Object Repository/Final Object Repo/New Registration - Registration Module Pages/New Reg - OTC to RO/Special Case - All Related Objects/Email TextBox'

2018-12-06 21:48:48 - [MESSAGE][PASSED] - Text 'johorro3@gmail.com' is set on object 'Object Repository/Final Object Repo/New Registration - Registration Module Pages/New Reg - OTC to RO/Special Case - All Related Objects/Email TextBox'

2018-12-06 21:48:48 - [TEST_STEP][PASSED] - click: Object: 'Object Repository/Final Object Repo/New Registration - Registration Module Pages/New Reg - OTC to RO/Special Case - All Related Objects/Next Button' is clicked on

2018-12-06 21:48:49 - [MESSAGE][PASSED] - Object: 'Object Repository/Final Object Repo/New Registration - Registration Module Pages/New Reg - OTC to RO/Special Case - All Related Objects/Next Button' is clicked on

2018-12-06 21:48:49 - [TEST_STEP][PASSED] - delay: Delayed 2 second(s)

2018-12-06 21:48:51 - [MESSAGE][PASSED] - Delayed 2 second(s)

2018-12-06 21:48:51 - [TEST_STEP][PASSED] - setText: Text 'Test1@3456789' is set on object 'Object Repository/Final Object Repo/New Registration - Registration Module Pages/New Reg - OTC to RO/Special Case - All Related Objects/Password TextBox'

2018-12-06 21:48:51 - [MESSAGE][PASSED] - Text 'Test1@3456789' is set on object 'Object Repository/Final Object Repo/New Registration - Registration Module Pages/New Reg - OTC to RO/Special Case - All Related Objects/Password TextBox'

2018-12-06 21:48:51 - [TEST_STEP][PASSED] - delay: Delayed 2 second(s)

2018-12-06 21:48:53 - [MESSAGE][PASSED] - Delayed 2 second(s)

2018-12-06 21:48:53 - [TEST_STEP][PASSED] - click: Object: 'Object Repository/Final Object Repo/New Registration - Registration Module Pages/New Reg - OTC to RO/Special Case - All Related Objects/Login Button' is clicked on

2018-12-06 21:48:53 - [MESSAGE][PASSED] - Object: 'Object Repository/Final Object Repo/New Registration - Registration Module Pages/New Reg - OTC to RO/Special Case - All Related Objects/Login Button' is clicked on

2018-12-06 21:48:53 - [TEST_STEP][PASSED] - delay: Delayed 2 second(s)

2018-12-06 21:48:55 - [MESSAGE][PASSED] - Delayed 2 second(s)

2018-12-06 21:48:55 - [TEST_STEP][PASSED] - Statement - Try: null

2018-12-06 21:48:55 - [TEST_STEP][PASSED] - Statement - Checker = com.kms.katalon.core.webui.keyword.WebUiBuiltInKeywords.verifyElementNotPresent("Final Object Repo/Landing Page/Select to English", 3): null

2018-12-06 21:48:55 - [TEST_STEP][PASSED] - Statement - Catch (Exception e): null

2018-12-06 21:48:55 - [TEST_STEP][PASSED] - Statement - e.printStackTrace(): null

2018-12-06 21:48:55 - [TEST_STEP][PASSED] - click: Object: 'Object Repository/Final Object Repo/New Registration - Registration Module Pages/New Reg - OTC to RO/Special Case - All Related Objects/Expand to Search' is clicked on

2018-12-06 21:48:55 - [MESSAGE][PASSED] - Object: 'Object Repository/Final Object Repo/New Registration - Registration Module Pages/New Reg - OTC to RO/Special Case - All Related Objects/Expand to Search' is clicked on

2018-12-06 21:48:55 - [TEST_STEP][PASSED] - delay: Delayed 2 second(s)

2018-12-06 21:48:57 - [MESSAGE][PASSED] - Delayed 2 second(s)

2018-12-06 21:48:57 - [TEST_STEP][PASSED] - setText: Text 'CRN12201800123062' is set on object 'Object Repository/Final Object Repo/New Registration - Registration Module Pages/New Reg - OTC to RO/Special Case - All Related Objects/TextBox RefNo in Workbasket'

2018-12-06 21:48:57 - [MESSAGE][PASSED] - Text 'CRN12201800123062' is set on object 'Object Repository/Final Object Repo/New Registration - Registration Module Pages/New Reg - OTC to RO/Special Case - All Related Objects/TextBox RefNo in Workbasket'

2018-12-06 21:48:57 - [TEST_STEP][PASSED] - delay: Delayed 2 second(s)

2018-12-06 21:48:59 - [MESSAGE][PASSED] - Delayed 2 second(s)

2018-12-06 21:48:59 - [TEST_STEP][PASSED] - click: Object: 'Object Repository/Final Object Repo/New Registration - Registration Module Pages/New Reg - OTC to RO/Special Case - All Related Objects/Click Search' is clicked on

2018-12-06 21:49:00 - [MESSAGE][PASSED] - Object: 'Object Repository/Final Object Repo/New Registration - Registration Module Pages/New Reg - OTC to RO/Special Case - All Related Objects/Click Search' is clicked on

2018-12-06 21:49:00 - [TEST_STEP][PASSED] - delay: Delayed 1 second(s)

2018-12-06 21:49:01 - [MESSAGE][PASSED] - Delayed 1 second(s)

2018-12-06 21:49:01 - [TEST_STEP][PASSED] - click: Object: 'Object Repository/Final Object Repo/New Registration - Registration Module Pages/New Reg - OTC to RO/Special Case - All Related Objects/Click to Continue Workflow' is clicked on

2018-12-06 21:49:04 - [MESSAGE][PASSED] - Object: 'Object Repository/Final Object Repo/New Registration - Registration Module Pages/New Reg - OTC to RO/Special Case - All Related Objects/Click to Continue Workflow' is clicked on

2018-12-06 21:49:04 - [TEST_STEP][PASSED] - delay: Delayed 2 second(s)

2018-12-06 21:49:06 - [MESSAGE][PASSED] - Delayed 2 second(s)

2018-12-06 21:49:06 - [TEST_STEP][PASSED] - click: Object: 'Object Repository/Final Object Repo/New Registration - Registration Module Pages/New Reg - OTC to RO/Special Case - All Related Objects/Continue Button in verifying case' is clicked on

2018-12-06 21:49:08 - [MESSAGE][PASSED] - Object: 'Object Repository/Final Object Repo/New Registration - Registration Module Pages/New Reg - OTC to RO/Special Case - All Related Objects/Continue Button in verifying case' is clicked on

2018-12-06 21:49:08 - [TEST_STEP][PASSED] - delay: Delayed 2 second(s)

2018-12-06 21:49:10 - [MESSAGE][PASSED] - Delayed 2 second(s)

2018-12-06 21:49:10 - [TEST_STEP][PASSED] - click: Object: 'Object Repository/Final Object Repo/New Registration - Registration Module Pages/Form 1/Registered As a Branch - Yes' is clicked on

2018-12-06 21:49:10 - [MESSAGE][PASSED] - Object: 'Object Repository/Final Object Repo/New Registration - Registration Module Pages/Form 1/Registered As a Branch - Yes' is clicked on

2018-12-06 21:49:10 - [TEST_STEP][PASSED] - delay: Delayed 2 second(s)

2018-12-06 21:49:12 - [MESSAGE][PASSED] - Delayed 2 second(s)

2018-12-06 21:49:12 - [TEST_STEP][PASSED] - click: Object: 'Object Repository/Final Object Repo/New Registration - Registration Module Pages/New Reg - OTC to RO/Special Case - All Related Objects/Form 1 Save n Continue' is clicked on

2018-12-06 21:49:12 - [MESSAGE][PASSED] - Object: 'Object Repository/Final Object Repo/New Registration - Registration Module Pages/New Reg - OTC to RO/Special Case - All Related Objects/Form 1 Save n Continue' is clicked on

2018-12-06 21:49:12 - [TEST_STEP][PASSED] - delay: Delayed 2 second(s)

2018-12-06 21:49:14 - [MESSAGE][PASSED] - Delayed 2 second(s)

2018-12-06 21:49:14 - [TEST_STEP][PASSED] - click: Object: 'Object Repository/Final Object Repo/New Registration - Registration Module Pages/New Reg - OTC to RO/Special Case - All Related Objects/Form 2 Save n Continue' is clicked on

2018-12-06 21:49:14 - [MESSAGE][PASSED] - Object: 'Object Repository/Final Object Repo/New Registration - Registration Module Pages/New Reg - OTC to RO/Special Case - All Related Objects/Form 2 Save n Continue' is clicked on

2018-12-06 21:49:14 - [TEST_STEP][PASSED] - delay: Delayed 2 second(s)

2018-12-06 21:49:16 - [MESSAGE][PASSED] - Delayed 2 second(s)

2018-12-06 21:49:16 - [TEST_STEP][PASSED] - click: Object: 'Object Repository/Final Object Repo/New Registration - Registration Module Pages/New Reg - OTC to RO/Special Case - All Related Objects/Third Screen Save n Continue' is clicked on

2018-12-06 21:49:22 - [MESSAGE][PASSED] - Object: 'Object Repository/Final Object Repo/New Registration - Registration Module Pages/New Reg - OTC to RO/Special Case - All Related Objects/Third Screen Save n Continue' is clicked on

2018-12-06 21:49:22 - [TEST_STEP][PASSED] - delay: Delayed 5 second(s)

2018-12-06 21:49:27 - [MESSAGE][PASSED] - Delayed 5 second(s)

2018-12-06 21:49:27 - [TEST_STEP][PASSED] - click: Object: 'Object Repository/Final Object Repo/New Registration - Registration Module Pages/New Reg - OTC to RO/Special Case - All Related Objects/Upload Doc Page Save n Continue' is clicked on

2018-12-06 21:49:27 - [MESSAGE][PASSED] - Object: 'Object Repository/Final Object Repo/New Registration - Registration Module Pages/New Reg - OTC to RO/Special Case - All Related Objects/Upload Doc Page Save n Continue' is clicked on

2018-12-06 21:49:27 - [TEST_STEP][PASSED] - delay: Delayed 5 second(s)

2018-12-06 21:49:32 - [MESSAGE][PASSED] - Delayed 5 second(s)

2018-12-06 21:49:32 - [TEST_STEP][PASSED] - callTestCase: Call Test Case 'Test Cases/Final Aug 2018 - PKS Automation/Registration Module/New Registration/Submit and Screenshot/Submit Registration and Screenshot' successfully

2018-12-06 21:49:32 - [TEST_CASE][PASSED] - Test Cases/Final Aug 2018 - PKS Automation/Registration Module/New Registration/Submit and Screenshot/Submit Registration and Screenshot: Test Cases/Final Aug 2018 - PKS Automation/Registration Module/New Registration/Submit and Screenshot/Submit Registration and Screenshot

2018-12-06 21:49:32 - [TEST_STEP][PASSED] - delay: Delayed 6 second(s)

2018-12-06 21:49:38 - [MESSAGE][PASSED] - Delayed 6 second(s)

2018-12-06 21:49:38 - [TEST_STEP][PASSED] - click: Object: 'Object Repository/Final Object Repo/New Registration - Registration Module Pages/Third Screen - Upload Supporting Doc- Preview/Preview Submit Button' is clicked on

2018-12-06 21:49:38 - [MESSAGE][PASSED] - Object: 'Object Repository/Final Object Repo/New Registration - Registration Module Pages/Third Screen - Upload Supporting Doc- Preview/Preview Submit Button' is clicked on

2018-12-06 21:49:38 - [TEST_STEP][PASSED] - delay: Delayed 2 second(s)

2018-12-06 21:49:40 - [MESSAGE][PASSED] - Delayed 2 second(s)

2018-12-06 21:49:40 - [TEST_STEP][PASSED] - click: Object: 'Object Repository/Final Object Repo/New Registration - Registration Module Pages/Third Screen - Upload Supporting Doc- Preview/Preview Submit - Confirm' is clicked on

2018-12-06 21:49:40 - [MESSAGE][PASSED] - Object: 'Object Repository/Final Object Repo/New Registration - Registration Module Pages/Third Screen - Upload Supporting Doc- Preview/Preview Submit - Confirm' is clicked on

2018-12-06 21:49:40 - [TEST_STEP][PASSED] - delay: Delayed 15 second(s)

2018-12-06 21:49:55 - [MESSAGE][PASSED] - Delayed 15 second(s)

2018-12-06 21:49:55 - [TEST_STEP][PASSED] - Statement - driver = com.kms.katalon.core.webui.driver.DriverFactory.getWebDriver(): null

2018-12-06 21:49:55 - [TEST_STEP][PASSED] - Statement - driver.manage().timeouts().implicitlyWait(10, SECONDS): null

2018-12-06 21:49:55 - [TEST_STEP][PASSED] - Statement - PresavePath = KatalonScreenshots: null

2018-12-06 21:49:55 - [TEST_STEP][PASSED] - Statement - pathPrefix = "C:\Users\Public\Pictures\Sample Pictures\Katalon Screenshots\Automate Ending Screen": null

2018-12-06 21:49:55 - [TEST_STEP][PASSED] - Statement - finalPath = <not implemented yet for class: org.codehaus.groovy.ast.expr.EmptyExpression>: null

2018-12-06 21:49:55 - [TEST_STEP][PASSED] - Statement - scrFile = driver.getScreenshotAs(FILE): null

2018-12-06 21:49:56 - [TEST_STEP][PASSED] - Statement - PreSaveFile = new java.io.File(PresavePath): null

2018-12-06 21:49:56 - [TEST_STEP][PASSED] - Statement - counter = 0: null

2018-12-06 21:49:56 - [TEST_STEP][PASSED] - Statement - If (PreSaveFile.exists()): null

2018-12-06 21:49:56 - [TEST_STEP][PASSED] - Statement - While (PreSaveFile.exists()): null

2018-12-06 21:49:56 - [TEST_STEP][PASSED] - Statement - counter = counter + 1: null

2018-12-06 21:49:56 - [TEST_STEP][PASSED] - Statement - PreSaveFile = new java.io.File(((pathPrefix + java.lang.Integer.toString(counter)) + .png)): null

2018-12-06 21:49:56 - [TEST_STEP][PASSED] - Statement - counter = counter + 1: null

2018-12-06 21:49:56 - [TEST_STEP][PASSED] - Statement - PreSaveFile = new java.io.File(((pathPrefix + java.lang.Integer.toString(counter)) + .png)): null

2018-12-06 21:49:56 - [TEST_STEP][PASSED] - Statement - counter = counter + 1: null

2018-12-06 21:49:56 - [TEST_STEP][PASSED] - Statement - PreSaveFile = new java.io.File(((pathPrefix + java.lang.Integer.toString(counter)) + .png)): null

2018-12-06 21:49:56 - [TEST_STEP][PASSED] - Statement - counter = counter + 1: null

2018-12-06 21:49:56 - [TEST_STEP][PASSED] - Statement - PreSaveFile = new java.io.File(((pathPrefix + java.lang.Integer.toString(counter)) + .png)): null

2018-12-06 21:49:56 - [TEST_STEP][PASSED] - Statement - counter = counter + 1: null

2018-12-06 21:49:56 - [TEST_STEP][PASSED] - Statement - PreSaveFile = new java.io.File(((pathPrefix + java.lang.Integer.toString(counter)) + .png)): null

2018-12-06 21:49:56 - [TEST_STEP][PASSED] - Statement - counter = counter + 1: null

2018-12-06 21:49:56 - [TEST_STEP][PASSED] - Statement - PreSaveFile = new java.io.File(((pathPrefix + java.lang.Integer.toString(counter)) + .png)): null

2018-12-06 21:49:56 - [TEST_STEP][PASSED] - Statement - counter = counter + 1: null

2018-12-06 21:49:56 - [TEST_STEP][PASSED] - Statement - PreSaveFile = new java.io.File(((pathPrefix + java.lang.Integer.toString(counter)) + .png)): null

2018-12-06 21:49:56 - [TEST_STEP][PASSED] - Statement - counter = counter + 1: null

2018-12-06 21:49:56 - [TEST_STEP][PASSED] - Statement - PreSaveFile = new java.io.File(((pathPrefix + java.lang.Integer.toString(counter)) + .png)): null

2018-12-06 21:49:56 - [TEST_STEP][PASSED] - Statement - counter = counter + 1: null

2018-12-06 21:49:56 - [TEST_STEP][PASSED] - Statement - PreSaveFile = new java.io.File(((pathPrefix + java.lang.Integer.toString(counter)) + .png)): null

2018-12-06 21:49:56 - [TEST_STEP][PASSED] - Statement - counter = counter + 1: null

2018-12-06 21:49:56 - [TEST_STEP][PASSED] - Statement - PreSaveFile = new java.io.File(((pathPrefix + java.lang.Integer.toString(counter)) + .png)): null

2018-12-06 21:49:56 - [TEST_STEP][PASSED] - Statement - counter = counter + 1: null

2018-12-06 21:49:56 - [TEST_STEP][PASSED] - Statement - PreSaveFile = new java.io.File(((pathPrefix + java.lang.Integer.toString(counter)) + .png)): null

2018-12-06 21:49:56 - [TEST_STEP][PASSED] - Statement - counter = counter + 1: null

2018-12-06 21:49:56 - [TEST_STEP][PASSED] - Statement - PreSaveFile = new java.io.File(((pathPrefix + java.lang.Integer.toString(counter)) + .png)): null

2018-12-06 21:49:56 - [TEST_STEP][PASSED] - Statement - counter = counter + 1: null

2018-12-06 21:49:56 - [TEST_STEP][PASSED] - Statement - PreSaveFile = new java.io.File(((pathPrefix + java.lang.Integer.toString(counter)) + .png)): null

2018-12-06 21:49:56 - [TEST_STEP][PASSED] - Statement - counter = counter + 1: null

2018-12-06 21:49:56 - [TEST_STEP][PASSED] - Statement - PreSaveFile = new java.io.File(((pathPrefix + java.lang.Integer.toString(counter)) + .png)): null

2018-12-06 21:49:56 - [TEST_STEP][PASSED] - Statement - counter = counter + 1: null

2018-12-06 21:49:56 - [TEST_STEP][PASSED] - Statement - PreSaveFile = new java.io.File(((pathPrefix + java.lang.Integer.toString(counter)) + .png)): null

2018-12-06 21:49:56 - [TEST_STEP][PASSED] - Statement - counter = counter + 1: null

2018-12-06 21:49:56 - [TEST_STEP][PASSED] - Statement - PreSaveFile = new java.io.File(((pathPrefix + java.lang.Integer.toString(counter)) + .png)): null

2018-12-06 21:49:56 - [TEST_STEP][PASSED] - Statement - counter = counter + 1: null

2018-12-06 21:49:56 - [TEST_STEP][PASSED] - Statement - PreSaveFile = new java.io.File(((pathPrefix + java.lang.Integer.toString(counter)) + .png)): null

2018-12-06 21:49:56 - [TEST_STEP][PASSED] - Statement - counter = counter + 1: null

2018-12-06 21:49:56 - [TEST_STEP][PASSED] - Statement - PreSaveFile = new java.io.File(((pathPrefix + java.lang.Integer.toString(counter)) + .png)): null

2018-12-06 21:49:56 - [TEST_STEP][PASSED] - Statement - counter = counter + 1: null

2018-12-06 21:49:56 - [TEST_STEP][PASSED] - Statement - PreSaveFile = new java.io.File(((pathPrefix + java.lang.Integer.toString(counter)) + .png)): null

2018-12-06 21:49:56 - [TEST_STEP][PASSED] - Statement - counter = counter + 1: null

2018-12-06 21:49:56 - [TEST_STEP][PASSED] - Statement - PreSaveFile = new java.io.File(((pathPrefix + java.lang.Integer.toString(counter)) + .png)): null

2018-12-06 21:49:56 - [TEST_STEP][PASSED] - Statement - counter = counter + 1: null

2018-12-06 21:49:56 - [TEST_STEP][PASSED] - Statement - PreSaveFile = new java.io.File(((pathPrefix + java.lang.Integer.toString(counter)) + .png)): null

2018-12-06 21:49:56 - [TEST_STEP][PASSED] - Statement - counter = counter + 1: null

2018-12-06 21:49:56 - [TEST_STEP][PASSED] - Statement - PreSaveFile = new java.io.File(((pathPrefix + java.lang.Integer.toString(counter)) + .png)): null

2018-12-06 21:49:56 - [TEST_STEP][PASSED] - Statement - counter = counter + 1: null

2018-12-06 21:49:56 - [TEST_STEP][PASSED] - Statement - PreSaveFile = new java.io.File(((pathPrefix + java.lang.Integer.toString(counter)) + .png)): null

2018-12-06 21:49:56 - [TEST_STEP][PASSED] - Statement - counter = counter + 1: null

2018-12-06 21:49:56 - [TEST_STEP][PASSED] - Statement - PreSaveFile = new java.io.File(((pathPrefix + java.lang.Integer.toString(counter)) + .png)): null

2018-12-06 21:49:56 - [TEST_STEP][PASSED] - Statement - counter = counter + 1: null

2018-12-06 21:49:56 - [TEST_STEP][PASSED] - Statement - PreSaveFile = new java.io.File(((pathPrefix + java.lang.Integer.toString(counter)) + .png)): null

2018-12-06 21:49:56 - [TEST_STEP][PASSED] - Statement - counter = counter + 1: null

2018-12-06 21:49:56 - [TEST_STEP][PASSED] - Statement - PreSaveFile = new java.io.File(((pathPrefix + java.lang.Integer.toString(counter)) + .png)): null

2018-12-06 21:49:56 - [TEST_STEP][PASSED] - Statement - counter = counter + 1: null

2018-12-06 21:49:56 - [TEST_STEP][PASSED] - Statement - PreSaveFile = new java.io.File(((pathPrefix + java.lang.Integer.toString(counter)) + .png)): null

2018-12-06 21:49:56 - [TEST_STEP][PASSED] - Statement - counter = counter + 1: null

2018-12-06 21:49:56 - [TEST_STEP][PASSED] - Statement - PreSaveFile = new java.io.File(((pathPrefix + java.lang.Integer.toString(counter)) + .png)): null

2018-12-06 21:49:56 - [TEST_STEP][PASSED] - Statement - counter = counter + 1: null

2018-12-06 21:49:56 - [TEST_STEP][PASSED] - Statement - PreSaveFile = new java.io.File(((pathPrefix + java.lang.Integer.toString(counter)) + .png)): null

2018-12-06 21:49:56 - [TEST_STEP][PASSED] - Statement - finalPath = pathPrefix + java.lang.Integer.toString(counter) + ".png": null

2018-12-06 21:49:56 - [TEST_STEP][PASSED] - Statement - SaveFile = new java.io.File(finalPath): null

2018-12-06 21:49:56 - [TEST_STEP][PASSED] - Statement - Try: null

2018-12-06 21:49:56 - [TEST_STEP][PASSED] - Statement - org.apache.commons.io.FileUtils.copyFile(scrFile, SaveFile): null

2018-12-06 21:49:56 - [TEST_STEP][PASSED] - Statement - out.println("file kept"): null

2018-12-06 21:49:56 - [TEST_STEP][PASSED] - delay: Delayed 10 second(s)

2018-12-06 21:50:06 - [MESSAGE][PASSED] - Delayed 10 second(s)

2018-12-06 21:50:06 - [MESSAGE][PASSED] - Call Test Case 'Test Cases/Final Aug 2018 - PKS Automation/Registration Module/New Registration/Submit and Screenshot/Submit Registration and Screenshot' successfully

2018-12-06 21:50:06 - [TEST_STEP][PASSED] - callTestCase: Call Test Case 'Test Cases/Final Aug 2018 - PKS Automation/Registration Module/Log Out/log out avoiding katalon tagging' successfully

2018-12-06 21:50:06 - [TEST_CASE][PASSED] - Test Cases/Final Aug 2018 - PKS Automation/Registration Module/Log Out/log out avoiding katalon tagging: Test Cases/Final Aug 2018 - PKS Automation/Registration Module/Log Out/log out avoiding katalon tagging

2018-12-06 21:50:06 - [TEST_STEP][PASSED] - navigateToUrl: Navigate to 'https://assist2-uat.perkeso.gov.my/c/portal/logout' successfully

2018-12-06 21:50:07 - [MESSAGE][PASSED] - Navigate to 'https://assist2-uat.perkeso.gov.my/c/portal/logout' successfully

2018-12-06 21:50:07 - [MESSAGE][PASSED] - Call Test Case 'Test Cases/Final Aug 2018 - PKS Automation/Registration Module/Log Out/log out avoiding katalon tagging' successfully]]></system-out>
         <system-err><![CDATA[]]></system-err>
      </testcase>
      <testcase name="Test Cases/Final Aug 2018 - PKS Automation/Registration Module/Workflow/New Registration/Case PKR BO to RO - RO Under Enforcement" classname="Test Cases/Final Aug 2018 - PKS Automation/Registration Module/Workflow/New Registration/Case PKR BO to RO - RO Under Enforcement" status="PASSED">
         <system-out><![CDATA[2018-12-06 21:50:07 - [TEST_CASE][PASSED] - Test Cases/Final Aug 2018 - PKS Automation/Registration Module/Workflow/New Registration/Case PKR BO to RO - RO Under Enforcement: Test Cases/Final Aug 2018 - PKS Automation/Registration Module/Workflow/New Registration/Case PKR BO to RO - RO Under Enforcement

2018-12-06 21:50:07 - [TEST_STEP][PASSED] - callTestCase: Call Test Case 'Test Cases/Final Aug 2018 - PKS Automation/Registration Module/Workflow/New Registration/Template/Special Case - PKR BO - Form 1' successfully

2018-12-06 21:50:07 - [TEST_CASE][PASSED] - Test Cases/Final Aug 2018 - PKS Automation/Registration Module/Workflow/New Registration/Template/Special Case - PKR BO - Form 1: Test Cases/Final Aug 2018 - PKS Automation/Registration Module/Workflow/New Registration/Template/Special Case - PKR BO - Form 1

2018-12-06 21:50:07 - [TEST_STEP][PASSED] - openBrowser: Browser is opened with url: ''

2018-12-06 21:50:07 - [MESSAGE][WARNING] - A browser is already opened. Closing browser and opening a new one

2018-12-06 21:50:11 - [MESSAGE][PASSED] - Browser is opened with url: ''

2018-12-06 21:50:11 - [TEST_STEP][PASSED] - navigateToUrl: Navigate to 'https://assist2-uat.perkeso.gov.my/login' successfully

2018-12-06 21:50:12 - [MESSAGE][PASSED] - Navigate to 'https://assist2-uat.perkeso.gov.my/login' successfully

2018-12-06 21:50:12 - [TEST_STEP][PASSED] - delay: Delayed 2 second(s)

2018-12-06 21:50:14 - [MESSAGE][PASSED] - Delayed 2 second(s)

2018-12-06 21:50:14 - [TEST_STEP][PASSED] - setText: Text 'klpkrbo2@gmail.com' is set on object 'Object Repository/Final Object Repo/Login Page/Internal User/Email Address'

2018-12-06 21:50:15 - [MESSAGE][PASSED] - Text 'klpkrbo2@gmail.com' is set on object 'Object Repository/Final Object Repo/Login Page/Internal User/Email Address'

2018-12-06 21:50:15 - [TEST_STEP][PASSED] - click: Object: 'Object Repository/Final Object Repo/Login Page/Internal User/Next Button' is clicked on

2018-12-06 21:50:15 - [MESSAGE][PASSED] - Object: 'Object Repository/Final Object Repo/Login Page/Internal User/Next Button' is clicked on

2018-12-06 21:50:15 - [TEST_STEP][PASSED] - delay: Delayed 2 second(s)

2018-12-06 21:50:17 - [MESSAGE][PASSED] - Delayed 2 second(s)

2018-12-06 21:50:17 - [TEST_STEP][PASSED] - setText: Text 'Test1@3456789' is set on object 'Object Repository/Final Object Repo/Login Page/Internal User/Password'

2018-12-06 21:50:17 - [MESSAGE][PASSED] - Text 'Test1@3456789' is set on object 'Object Repository/Final Object Repo/Login Page/Internal User/Password'

2018-12-06 21:50:17 - [TEST_STEP][PASSED] - delay: Delayed 2 second(s)

2018-12-06 21:50:19 - [MESSAGE][PASSED] - Delayed 2 second(s)

2018-12-06 21:50:19 - [TEST_STEP][PASSED] - click: Object: 'Object Repository/Final Object Repo/Login Page/Internal User/Login Button' is clicked on

2018-12-06 21:50:19 - [MESSAGE][PASSED] - Object: 'Object Repository/Final Object Repo/Login Page/Internal User/Login Button' is clicked on

2018-12-06 21:50:19 - [TEST_STEP][PASSED] - Statement - Try: null

2018-12-06 21:50:19 - [TEST_STEP][PASSED] - Statement - Checker = com.kms.katalon.core.webui.keyword.WebUiBuiltInKeywords.verifyElementNotPresent("Final Object Repo/Landing Page/Select to English", 3): null

2018-12-06 21:50:19 - [TEST_STEP][PASSED] - Statement - Catch (Exception e): null

2018-12-06 21:50:19 - [TEST_STEP][PASSED] - Statement - e.printStackTrace(): null

2018-12-06 21:50:19 - [TEST_STEP][PASSED] - delay: Delayed 5 second(s)

2018-12-06 21:50:24 - [MESSAGE][PASSED] - Delayed 5 second(s)

2018-12-06 21:50:24 - [TEST_STEP][PASSED] - click: Object: 'Object Repository/Final Object Repo/Landing Page/My Sites Drop Down' is clicked on

2018-12-06 21:50:24 - [MESSAGE][PASSED] - Object: 'Object Repository/Final Object Repo/Landing Page/My Sites Drop Down' is clicked on

2018-12-06 21:50:24 - [TEST_STEP][PASSED] - click: Object: 'Object Repository/Final Object Repo/Landing Page/Select to Registration Module' is clicked on

2018-12-06 21:50:25 - [MESSAGE][PASSED] - Object: 'Object Repository/Final Object Repo/Landing Page/Select to Registration Module' is clicked on

2018-12-06 21:50:25 - [TEST_STEP][PASSED] - click: Object: 'Object Repository/Final Object Repo/Landing Page/Registration Button' is clicked on

2018-12-06 21:50:27 - [MESSAGE][PASSED] - Object: 'Object Repository/Final Object Repo/Landing Page/Registration Button' is clicked on

2018-12-06 21:50:27 - [TEST_STEP][PASSED] - delay: Delayed 2 second(s)

2018-12-06 21:50:29 - [MESSAGE][PASSED] - Delayed 2 second(s)

2018-12-06 21:50:29 - [TEST_STEP][PASSED] - click: Object: 'Object Repository/Final Object Repo/New Registration - Registration Module Pages/New Reg - OTC to RO/Special Case - OTC - Form 1/AEC NO' is clicked on

2018-12-06 21:50:29 - [MESSAGE][PASSED] - Object: 'Object Repository/Final Object Repo/New Registration - Registration Module Pages/New Reg - OTC to RO/Special Case - OTC - Form 1/AEC NO' is clicked on

2018-12-06 21:50:29 - [TEST_STEP][PASSED] - click: Object: 'Object Repository/Final Object Repo/New Registration - Registration Module Pages/New Reg - OTC to RO/Special Case - OTC - Form 1/Business Entity - Please Select' is clicked on

2018-12-06 21:50:29 - [MESSAGE][PASSED] - Object: 'Object Repository/Final Object Repo/New Registration - Registration Module Pages/New Reg - OTC to RO/Special Case - OTC - Form 1/Business Entity - Please Select' is clicked on

2018-12-06 21:50:29 - [TEST_STEP][PASSED] - click: Object: 'Object Repository/Final Object Repo/New Registration - Registration Module Pages/New Reg - OTC to RO/Special Case - OTC - Form 1/Selected - Corporation' is clicked on

2018-12-06 21:50:29 - [MESSAGE][PASSED] - Object: 'Object Repository/Final Object Repo/New Registration - Registration Module Pages/New Reg - OTC to RO/Special Case - OTC - Form 1/Selected - Corporation' is clicked on

2018-12-06 21:50:29 - [TEST_STEP][PASSED] - delay: Delayed 2 second(s)

2018-12-06 21:50:31 - [MESSAGE][PASSED] - Delayed 2 second(s)

2018-12-06 21:50:31 - [TEST_STEP][PASSED] - click: Object: 'Object Repository/Final Object Repo/New Registration - Registration Module Pages/New Reg - OTC to RO/Special Case - OTC - Form 1/Sub Business Entity - Please Select' is clicked on

2018-12-06 21:50:31 - [MESSAGE][PASSED] - Object: 'Object Repository/Final Object Repo/New Registration - Registration Module Pages/New Reg - OTC to RO/Special Case - OTC - Form 1/Sub Business Entity - Please Select' is clicked on

2018-12-06 21:50:31 - [TEST_STEP][PASSED] - delay: Delayed 2 second(s)

2018-12-06 21:50:33 - [MESSAGE][PASSED] - Delayed 2 second(s)

2018-12-06 21:50:33 - [TEST_STEP][PASSED] - click: Object: 'Object Repository/Final Object Repo/New Registration - Registration Module Pages/New Reg - OTC to RO/Special Case - OTC - Form 1/Selected - Sendirian Berhad' is clicked on

2018-12-06 21:50:34 - [MESSAGE][PASSED] - Object: 'Object Repository/Final Object Repo/New Registration - Registration Module Pages/New Reg - OTC to RO/Special Case - OTC - Form 1/Selected - Sendirian Berhad' is clicked on

2018-12-06 21:50:34 - [TEST_STEP][PASSED] - setText: Text 'AUTOMATE001' is set on object 'Object Repository/Final Object Repo/New Registration - Registration Module Pages/New Reg - OTC to RO/Special Case - OTC - Form 1/Input BRN Number'

2018-12-06 21:50:34 - [MESSAGE][PASSED] - Text 'AUTOMATE001' is set on object 'Object Repository/Final Object Repo/New Registration - Registration Module Pages/New Reg - OTC to RO/Special Case - OTC - Form 1/Input BRN Number'

2018-12-06 21:50:34 - [TEST_STEP][PASSED] - delay: Delayed 2 second(s)

2018-12-06 21:50:36 - [MESSAGE][PASSED] - Delayed 2 second(s)

2018-12-06 21:50:36 - [TEST_STEP][PASSED] - click: Object: 'Object Repository/Final Object Repo/New Registration - Registration Module Pages/New Reg - OTC to RO/Special Case - OTC - Form 1/BRN Search' is clicked on

2018-12-06 21:50:36 - [MESSAGE][PASSED] - Object: 'Object Repository/Final Object Repo/New Registration - Registration Module Pages/New Reg - OTC to RO/Special Case - OTC - Form 1/BRN Search' is clicked on

2018-12-06 21:50:36 - [TEST_STEP][PASSED] - delay: Delayed 4 second(s)

2018-12-06 21:50:40 - [MESSAGE][PASSED] - Delayed 4 second(s)

2018-12-06 21:50:40 - [TEST_STEP][PASSED] - click: Object: 'Object Repository/Final Object Repo/New Registration - Registration Module Pages/New Reg - OTC to RO/Special Case - OTC - Form 1/Registered with SSM - After Feb 2017' is clicked on

2018-12-06 21:50:41 - [MESSAGE][PASSED] - Object: 'Object Repository/Final Object Repo/New Registration - Registration Module Pages/New Reg - OTC to RO/Special Case - OTC - Form 1/Registered with SSM - After Feb 2017' is clicked on

2018-12-06 21:50:41 - [TEST_STEP][PASSED] - delay: Delayed 2 second(s)

2018-12-06 21:50:43 - [MESSAGE][PASSED] - Delayed 2 second(s)

2018-12-06 21:50:43 - [TEST_STEP][PASSED] - click: Object: 'Object Repository/Final Object Repo/New Registration - Registration Module Pages/New Reg - OTC to RO/Special Case - OTC - Form 1/Registering As A Branch - No' is clicked on

2018-12-06 21:50:43 - [MESSAGE][PASSED] - Object: 'Object Repository/Final Object Repo/New Registration - Registration Module Pages/New Reg - OTC to RO/Special Case - OTC - Form 1/Registering As A Branch - No' is clicked on

2018-12-06 21:50:43 - [TEST_STEP][PASSED] - click: Object: 'Object Repository/Final Object Repo/New Registration - Registration Module Pages/New Reg - OTC to RO/Special Case - OTC - Form 1/Acknowledgement Ticked' is clicked on

2018-12-06 21:50:43 - [MESSAGE][PASSED] - Object: 'Object Repository/Final Object Repo/New Registration - Registration Module Pages/New Reg - OTC to RO/Special Case - OTC - Form 1/Acknowledgement Ticked' is clicked on

2018-12-06 21:50:43 - [TEST_STEP][PASSED] - click: Object: 'Object Repository/Final Object Repo/New Registration - Registration Module Pages/New Reg - OTC to RO/Special Case - OTC - Form 1/Submit Button' is clicked on

2018-12-06 21:50:43 - [MESSAGE][PASSED] - Object: 'Object Repository/Final Object Repo/New Registration - Registration Module Pages/New Reg - OTC to RO/Special Case - OTC - Form 1/Submit Button' is clicked on

2018-12-06 21:50:43 - [TEST_STEP][PASSED] - delay: Delayed 2 second(s)

2018-12-06 21:50:45 - [MESSAGE][PASSED] - Delayed 2 second(s)

2018-12-06 21:50:45 - [TEST_STEP][PASSED] - click: Object: 'Object Repository/Final Object Repo/New Registration - Registration Module Pages/New Reg - OTC to RO/Special Case - OTC - Form 1/Confirm No Flagging as Branch' is clicked on

2018-12-06 21:50:45 - [MESSAGE][PASSED] - Object: 'Object Repository/Final Object Repo/New Registration - Registration Module Pages/New Reg - OTC to RO/Special Case - OTC - Form 1/Confirm No Flagging as Branch' is clicked on

2018-12-06 21:50:45 - [MESSAGE][PASSED] - Call Test Case 'Test Cases/Final Aug 2018 - PKS Automation/Registration Module/Workflow/New Registration/Template/Special Case - PKR BO - Form 1' successfully

2018-12-06 21:50:45 - [TEST_STEP][PASSED] - callTestCase: Call Test Case 'Test Cases/Final Aug 2018 - PKS Automation/Registration Module/New Registration/Form 2/Add 1 Eligible' successfully

2018-12-06 21:50:45 - [TEST_CASE][PASSED] - Test Cases/Final Aug 2018 - PKS Automation/Registration Module/New Registration/Form 2/Add 1 Eligible: Test Cases/Final Aug 2018 - PKS Automation/Registration Module/New Registration/Form 2/Add 1 Eligible

2018-12-06 21:50:45 - [TEST_STEP][PASSED] - delay: Delayed 2 second(s)

2018-12-06 21:50:47 - [MESSAGE][PASSED] - Delayed 2 second(s)

2018-12-06 21:50:47 - [TEST_STEP][PASSED] - callTestCase: Call Test Case 'Test Cases/Final Aug 2018 - PKS Automation/Registration Module/New Registration/Form 2/Date Updater' successfully

2018-12-06 21:50:47 - [TEST_CASE][PASSED] - Test Cases/Final Aug 2018 - PKS Automation/Registration Module/New Registration/Form 2/Date Updater: Test Cases/Final Aug 2018 - PKS Automation/Registration Module/New Registration/Form 2/Date Updater

2018-12-06 21:50:47 - [TEST_STEP][PASSED] - Statement - TodayDate = new java.util.Date(): null

2018-12-06 21:50:47 - [TEST_STEP][PASSED] - Statement - CurrentDateNoFilter = new java.text.SimpleDateFormat(): null

2018-12-06 21:50:47 - [TEST_STEP][PASSED] - Statement - CurrentDateNoFilter.applyPattern("MM"): null

2018-12-06 21:50:47 - [TEST_STEP][PASSED] - Statement - monthContainerMatcher = java.lang.Integer.parseInt(CurrentDateNoFilter.format(TodayDate)): null

2018-12-06 21:50:47 - [TEST_STEP][PASSED] - Statement - monthContainerMatcher = monthContainerMatcher - 1: null

2018-12-06 21:50:47 - [TEST_STEP][PASSED] - Statement - CurrentMonth = monthContainerMatcher.toString(): null

2018-12-06 21:50:47 - [TEST_STEP][PASSED] - Statement - CurrentMonth = CurrentMonth: null

2018-12-06 21:50:47 - [TEST_STEP][PASSED] - Statement - CurrentDateNoFilter.applyPattern("yyyy"): null

2018-12-06 21:50:47 - [TEST_STEP][PASSED] - Statement - CurrentYear = CurrentDateNoFilter.format(TodayDate): null

2018-12-06 21:50:47 - [TEST_STEP][PASSED] - Statement - CurrentYear = CurrentYear: null

2018-12-06 21:50:47 - [TEST_STEP][PASSED] - Statement - intCurrentYear = java.lang.Integer.parseInt(CurrentDateNoFilter.format(TodayDate)): null

2018-12-06 21:50:47 - [TEST_STEP][PASSED] - Statement - eighteenYrsAgo = intCurrentYear - 18: null

2018-12-06 21:50:47 - [TEST_STEP][PASSED] - Statement - eighteenYrsBeforeThisYr = eighteenYrsAgo.toString(): null

2018-12-06 21:50:47 - [TEST_STEP][PASSED] - Statement - EighteenYrsBefore = eighteenYrsBeforeThisYr: null

2018-12-06 21:50:47 - [TEST_STEP][PASSED] - Statement - fiftysevenYrsAgo = intCurrentYear - 57: null

2018-12-06 21:50:47 - [TEST_STEP][PASSED] - Statement - fiftysevenYrsBeforeThisYr = fiftysevenYrsAgo.toString(): null

2018-12-06 21:50:47 - [TEST_STEP][PASSED] - Statement - FiftysevenYrsBefore = fiftysevenYrsBeforeThisYr: null

2018-12-06 21:50:47 - [TEST_STEP][PASSED] - Statement - leapYear = false: null

2018-12-06 21:50:47 - [TEST_STEP][PASSED] - Statement - leapYear = intCurrentYear % 4 == 0: null

2018-12-06 21:50:47 - [TEST_STEP][PASSED] - Statement - CurrentDateNoFilter.applyPattern("dd"): null

2018-12-06 21:50:47 - [TEST_STEP][PASSED] - Statement - CurrentDate = CurrentDateNoFilter.format(TodayDate): null

2018-12-06 21:50:47 - [TEST_STEP][PASSED] - Statement - CurrentDate = java.lang.Integer.parseInt(CurrentDate): null

2018-12-06 21:50:47 - [TEST_STEP][PASSED] - Statement - CurrentDate = CurrentDate: null

2018-12-06 21:50:47 - [TEST_STEP][PASSED] - Statement - CurrentDay = java.lang.Integer.parseInt(CurrentDate): null

2018-12-06 21:50:47 - [TEST_STEP][PASSED] - Statement - ConfAdder = <not implemented yet for class: org.codehaus.groovy.ast.expr.EmptyExpression>: null

2018-12-06 21:50:47 - [TEST_STEP][PASSED] - Statement - out.println(CurrentMonth): null

2018-12-06 21:50:47 - [TEST_STEP][PASSED] - Statement - out.println(CurrentDate): null

2018-12-06 21:50:47 - [TEST_STEP][PASSED] - Statement - switch (CurrentDate): null

2018-12-06 21:50:47 - [TEST_STEP][PASSED] - Statement - Default: null

2018-12-06 21:50:47 - [TEST_STEP][PASSED] - Statement - ConfAdder = true: null

2018-12-06 21:50:47 - [TEST_STEP][PASSED] - Statement - Break: null

2018-12-06 21:50:47 - [TEST_STEP][PASSED] - Statement - aDayBefore = <not implemented yet for class: org.codehaus.groovy.ast.expr.EmptyExpression>: null

2018-12-06 21:50:47 - [TEST_STEP][PASSED] - Statement - out.println(ConfAdder): null

2018-12-06 21:50:47 - [TEST_STEP][PASSED] - Statement - If (ConfAdder == true): null

2018-12-06 21:50:47 - [TEST_STEP][PASSED] - Statement - aDayBefore = CurrentDay + 1: null

2018-12-06 21:50:47 - [TEST_STEP][PASSED] - Statement - out.println(aDayBefore): null

2018-12-06 21:50:47 - [TEST_STEP][PASSED] - Statement - If (aDayBefore == 1 && CurrentMonth == 11): null

2018-12-06 21:50:47 - [TEST_STEP][PASSED] - Statement - DayBefore = aDayBefore.toString(): null

2018-12-06 21:50:47 - [TEST_STEP][PASSED] - Statement - OneDayBefore = DayBefore: null

2018-12-06 21:50:47 - [MESSAGE][PASSED] - Call Test Case 'Test Cases/Final Aug 2018 - PKS Automation/Registration Module/New Registration/Form 2/Date Updater' successfully

2018-12-06 21:50:47 - [TEST_STEP][PASSED] - delay: Delayed 1 second(s)

2018-12-06 21:50:48 - [MESSAGE][PASSED] - Delayed 1 second(s)

2018-12-06 21:50:48 - [TEST_STEP][PASSED] - Statement - CaseReferenceNo = com.kms.katalon.core.webui.keyword.WebUiBuiltInKeywords.getText(com.kms.katalon.core.testobject.ObjectRepository.findTestObject(Final Object Repo/New Registration - Registration Module Pages/Form 2/RefNo Acquiring)): Text of object 'Object Repository/Final Object Repo/New Registration - Registration Module Pages/Form 2/RefNo Acquiring' is: 'CRN12201800123063'

2018-12-06 21:50:48 - [MESSAGE][PASSED] - Text of object 'Object Repository/Final Object Repo/New Registration - Registration Module Pages/Form 2/RefNo Acquiring' is: 'CRN12201800123063'

2018-12-06 21:50:48 - [TEST_STEP][PASSED] - delay: Delayed 1 second(s)

2018-12-06 21:50:49 - [MESSAGE][PASSED] - Delayed 1 second(s)

2018-12-06 21:50:49 - [TEST_STEP][PASSED] - click: Object: 'Object Repository/Final Object Repo/New Registration - Registration Module Pages/Form 2/Add Employee Button' is clicked on

2018-12-06 21:50:50 - [MESSAGE][PASSED] - Object: 'Object Repository/Final Object Repo/New Registration - Registration Module Pages/Form 2/Add Employee Button' is clicked on

2018-12-06 21:50:50 - [TEST_STEP][PASSED] - delay: Delayed 1 second(s)

2018-12-06 21:50:51 - [MESSAGE][PASSED] - Delayed 1 second(s)

2018-12-06 21:50:51 - [TEST_STEP][PASSED] - setText: Text '010903091963' is set on object 'Object Repository/Final Object Repo/New Registration - Registration Module Pages/Form 2/NRIC Input'

2018-12-06 21:50:51 - [MESSAGE][PASSED] - Text '010903091963' is set on object 'Object Repository/Final Object Repo/New Registration - Registration Module Pages/Form 2/NRIC Input'

2018-12-06 21:50:51 - [TEST_STEP][PASSED] - click: Object: 'Object Repository/Final Object Repo/New Registration - Registration Module Pages/Form 2/button for search for IC' is clicked on

2018-12-06 21:50:51 - [MESSAGE][PASSED] - Object: 'Object Repository/Final Object Repo/New Registration - Registration Module Pages/Form 2/button for search for IC' is clicked on

2018-12-06 21:50:51 - [TEST_STEP][PASSED] - delay: Delayed 2 second(s)

2018-12-06 21:50:53 - [MESSAGE][PASSED] - Delayed 2 second(s)

2018-12-06 21:50:53 - [TEST_STEP][PASSED] - setText: Text 'Automate001 eligible 1' is set on object 'Object Repository/Final Object Repo/New Registration - Registration Module Pages/Form 2/Employee Name Input'

2018-12-06 21:50:54 - [MESSAGE][PASSED] - Text 'Automate001 eligible 1' is set on object 'Object Repository/Final Object Repo/New Registration - Registration Module Pages/Form 2/Employee Name Input'

2018-12-06 21:50:54 - [TEST_STEP][PASSED] - delay: Delayed 2 second(s)

2018-12-06 21:50:56 - [MESSAGE][PASSED] - Delayed 2 second(s)

2018-12-06 21:50:56 - [TEST_STEP][PASSED] - click: Object: 'Object Repository/Final Object Repo/New Registration - Registration Module Pages/Form 2/DatePicker Pop Up' is clicked on

2018-12-06 21:50:56 - [MESSAGE][PASSED] - Object: 'Object Repository/Final Object Repo/New Registration - Registration Module Pages/Form 2/DatePicker Pop Up' is clicked on

2018-12-06 21:50:56 - [TEST_STEP][PASSED] - click: Object: 'Object Repository/Final Object Repo/New Registration - Registration Module Pages/Form 2/DOB Month' is clicked on

2018-12-06 21:50:56 - [MESSAGE][PASSED] - Object: 'Object Repository/Final Object Repo/New Registration - Registration Module Pages/Form 2/DOB Month' is clicked on

2018-12-06 21:50:56 - [TEST_STEP][PASSED] - Statement - CurrentMonth = CurrentMonth: null

2018-12-06 21:50:56 - [TEST_STEP][PASSED] - Statement - selectMonth = new com.kms.katalon.core.testobject.TestObject(): null

2018-12-06 21:50:56 - [TEST_STEP][PASSED] - Statement - selectMonth.addProperty("xpath", EQUALS, "//body/div/div/div/select/option[@value='" + CurrentMonth + "']", true): null

2018-12-06 21:50:56 - [TEST_STEP][PASSED] - click: Object: '' is clicked on

2018-12-06 21:50:56 - [MESSAGE][PASSED] - Object: '' is clicked on

2018-12-06 21:50:56 - [TEST_STEP][PASSED] - click: Object: 'Object Repository/Final Object Repo/New Registration - Registration Module Pages/Form 2/DOB Year' is clicked on

2018-12-06 21:50:56 - [MESSAGE][PASSED] - Object: 'Object Repository/Final Object Repo/New Registration - Registration Module Pages/Form 2/DOB Year' is clicked on

2018-12-06 21:50:56 - [TEST_STEP][PASSED] - Statement - Eyearsbf = EighteenYrsBefore: null

2018-12-06 21:50:56 - [TEST_STEP][PASSED] - Statement - selectYear = new com.kms.katalon.core.testobject.TestObject(): null

2018-12-06 21:50:56 - [TEST_STEP][PASSED] - Statement - selectYear.addProperty("xpath", EQUALS, "//div/div/div/select/option[@value='" + Eyearsbf + "']", true): null

2018-12-06 21:50:56 - [TEST_STEP][PASSED] - click: Object: '' is clicked on

2018-12-06 21:50:57 - [MESSAGE][PASSED] - Object: '' is clicked on

2018-12-06 21:50:57 - [TEST_STEP][PASSED] - Statement - UpdatedSelectDate = com.kms.katalon.core.webui.keyword.WebUiBuiltInKeywords.modifyObjectProperty(com.kms.katalon.core.testobject.ObjectRepository.findTestObject(Final Object Repo/New Registration - Registration Module Pages/Form 2/DOB Date), "xpath", "equals", "//body/div/table/tbody/tr/td/a[text()="" + CurrentDate + ""]", true): Modify property of object successfully

2018-12-06 21:50:57 - [MESSAGE][PASSED] - Modify property of object successfully

2018-12-06 21:50:57 - [TEST_STEP][PASSED] - delay: Delayed 3 second(s)

2018-12-06 21:51:00 - [MESSAGE][PASSED] - Delayed 3 second(s)

2018-12-06 21:51:00 - [TEST_STEP][PASSED] - click: Object: 'Object Repository/Final Object Repo/New Registration - Registration Module Pages/Form 2/DOB Date' is clicked on

2018-12-06 21:51:00 - [MESSAGE][PASSED] - Object: 'Object Repository/Final Object Repo/New Registration - Registration Module Pages/Form 2/DOB Date' is clicked on

2018-12-06 21:51:00 - [TEST_STEP][PASSED] - delay: Delayed 2 second(s)

2018-12-06 21:51:02 - [MESSAGE][PASSED] - Delayed 2 second(s)

2018-12-06 21:51:02 - [TEST_STEP][PASSED] - click: Object: 'Object Repository/Final Object Repo/New Registration - Registration Module Pages/Form 2/EmploymentStartDate Pop Up' is clicked on

2018-12-06 21:51:02 - [MESSAGE][PASSED] - Object: 'Object Repository/Final Object Repo/New Registration - Registration Module Pages/Form 2/EmploymentStartDate Pop Up' is clicked on

2018-12-06 21:51:02 - [TEST_STEP][PASSED] - delay: Delayed 2 second(s)

2018-12-06 21:51:04 - [MESSAGE][PASSED] - Delayed 2 second(s)

2018-12-06 21:51:04 - [TEST_STEP][PASSED] - click: Object: 'Object Repository/Final Object Repo/New Registration - Registration Module Pages/Form 2/Socso Employment StartDate Month' is clicked on

2018-12-06 21:51:04 - [MESSAGE][PASSED] - Object: 'Object Repository/Final Object Repo/New Registration - Registration Module Pages/Form 2/Socso Employment StartDate Month' is clicked on

2018-12-06 21:51:04 - [TEST_STEP][PASSED] - delay: Delayed 1 second(s)

2018-12-06 21:51:05 - [MESSAGE][PASSED] - Delayed 1 second(s)

2018-12-06 21:51:05 - [TEST_STEP][PASSED] - click: Object: 'Object Repository/Final Object Repo/New Registration - Registration Module Pages/Form 2/Select Socso Employement Startdate Month' is clicked on

2018-12-06 21:51:05 - [MESSAGE][PASSED] - Object: 'Object Repository/Final Object Repo/New Registration - Registration Module Pages/Form 2/Select Socso Employement Startdate Month' is clicked on

2018-12-06 21:51:05 - [TEST_STEP][PASSED] - delay: Delayed 2 second(s)

2018-12-06 21:51:07 - [MESSAGE][PASSED] - Delayed 2 second(s)

2018-12-06 21:51:07 - [TEST_STEP][PASSED] - click: Object: 'Object Repository/Final Object Repo/New Registration - Registration Module Pages/Form 2/Socso Employment StartDate Year' is clicked on

2018-12-06 21:51:07 - [MESSAGE][PASSED] - Object: 'Object Repository/Final Object Repo/New Registration - Registration Module Pages/Form 2/Socso Employment StartDate Year' is clicked on

2018-12-06 21:51:07 - [TEST_STEP][PASSED] - delay: Delayed 1 second(s)

2018-12-06 21:51:08 - [MESSAGE][PASSED] - Delayed 1 second(s)

2018-12-06 21:51:08 - [TEST_STEP][PASSED] - click: Object: 'Object Repository/Final Object Repo/New Registration - Registration Module Pages/Form 2/Select Socso Employment Startdate Year' is clicked on

2018-12-06 21:51:09 - [MESSAGE][PASSED] - Object: 'Object Repository/Final Object Repo/New Registration - Registration Module Pages/Form 2/Select Socso Employment Startdate Year' is clicked on

2018-12-06 21:51:09 - [TEST_STEP][PASSED] - delay: Delayed 2 second(s)

2018-12-06 21:51:11 - [MESSAGE][PASSED] - Delayed 2 second(s)

2018-12-06 21:51:11 - [TEST_STEP][PASSED] - click: Object: 'Object Repository/Final Object Repo/New Registration - Registration Module Pages/Form 2/Socso Employment Start Date Day' is clicked on

2018-12-06 21:51:11 - [MESSAGE][PASSED] - Object: 'Object Repository/Final Object Repo/New Registration - Registration Module Pages/Form 2/Socso Employment Start Date Day' is clicked on

2018-12-06 21:51:11 - [TEST_STEP][PASSED] - delay: Delayed 2 second(s)

2018-12-06 21:51:13 - [MESSAGE][PASSED] - Delayed 2 second(s)

2018-12-06 21:51:13 - [TEST_STEP][PASSED] - click: Object: 'Object Repository/Final Object Repo/New Registration - Registration Module Pages/Form 2/Save Button for Add Employee' is clicked on

2018-12-06 21:51:13 - [MESSAGE][PASSED] - Object: 'Object Repository/Final Object Repo/New Registration - Registration Module Pages/Form 2/Save Button for Add Employee' is clicked on

2018-12-06 21:51:13 - [TEST_STEP][PASSED] - delay: Delayed 6 second(s)

2018-12-06 21:51:19 - [MESSAGE][PASSED] - Delayed 6 second(s)

2018-12-06 21:51:19 - [TEST_STEP][PASSED] - click: Object: 'Object Repository/Final Object Repo/New Registration - Registration Module Pages/Form 2/Save and Continue Form 2' is clicked on

2018-12-06 21:51:19 - [MESSAGE][PASSED] - Object: 'Object Repository/Final Object Repo/New Registration - Registration Module Pages/Form 2/Save and Continue Form 2' is clicked on

2018-12-06 21:51:19 - [MESSAGE][PASSED] - Call Test Case 'Test Cases/Final Aug 2018 - PKS Automation/Registration Module/New Registration/Form 2/Add 1 Eligible' successfully

2018-12-06 21:51:19 - [TEST_STEP][PASSED] - callTestCase: Call Test Case 'Test Cases/Final Aug 2018 - PKS Automation/Registration Module/New Registration/Flow of New Registration/Third Screen - Upload Supporting Doc - Preview' successfully

2018-12-06 21:51:19 - [TEST_CASE][PASSED] - Test Cases/Final Aug 2018 - PKS Automation/Registration Module/New Registration/Flow of New Registration/Third Screen - Upload Supporting Doc - Preview: Test Cases/Final Aug 2018 - PKS Automation/Registration Module/New Registration/Flow of New Registration/Third Screen - Upload Supporting Doc - Preview

2018-12-06 21:51:19 - [TEST_STEP][PASSED] - waitForPageLoad: Wait for page load successfully

2018-12-06 21:51:20 - [MESSAGE][PASSED] - Wait for page load successfully

2018-12-06 21:51:20 - [TEST_STEP][PASSED] - Statement - CaseReferenceNo = com.kms.katalon.core.webui.keyword.WebUiBuiltInKeywords.getText(com.kms.katalon.core.testobject.ObjectRepository.findTestObject(Final Object Repo/New Registration - Registration Module Pages/Third Screen - Upload Supporting Doc- Preview/RefNo Acquiring)): Text of object 'Object Repository/Final Object Repo/New Registration - Registration Module Pages/Third Screen - Upload Supporting Doc- Preview/RefNo Acquiring' is: 'CRN12201800123063'

2018-12-06 21:51:20 - [MESSAGE][PASSED] - Text of object 'Object Repository/Final Object Repo/New Registration - Registration Module Pages/Third Screen - Upload Supporting Doc- Preview/RefNo Acquiring' is: 'CRN12201800123063'

2018-12-06 21:51:20 - [TEST_STEP][PASSED] - delay: Delayed 2 second(s)

2018-12-06 21:51:22 - [MESSAGE][PASSED] - Delayed 2 second(s)

2018-12-06 21:51:22 - [TEST_STEP][PASSED] - callTestCase: Call Test Case 'Test Cases/Final Aug 2018 - PKS Automation/Common/Reference Number Setter' successfully

2018-12-06 21:51:22 - [TEST_CASE][PASSED] - Test Cases/Final Aug 2018 - PKS Automation/Common/Reference Number Setter: Test Cases/Final Aug 2018 - PKS Automation/Common/Reference Number Setter

2018-12-06 21:51:22 - [TEST_STEP][PASSED] - Statement - RefNoOldFile = new java.io.File(C://Users//Admin//Desktop//PKS//Automation Reference Point//KatalonReference.txt): null

2018-12-06 21:51:22 - [TEST_STEP][PASSED] - Statement - RefNoOldFile.delete(): null

2018-12-06 21:51:22 - [TEST_STEP][PASSED] - delay: Delayed 5 second(s)

2018-12-06 21:51:27 - [MESSAGE][PASSED] - Delayed 5 second(s)

2018-12-06 21:51:27 - [TEST_STEP][PASSED] - Statement - RefNo = new java.io.File(C://Users//Admin//Desktop//PKS//Automation Reference Point//KatalonReference.txt): null

2018-12-06 21:51:27 - [TEST_STEP][PASSED] - Statement - f2 = new java.io.FileWriter(RefNo, false): null

2018-12-06 21:51:27 - [TEST_STEP][PASSED] - Statement - f2.write(CaseReferenceNo): null

2018-12-06 21:51:27 - [TEST_STEP][PASSED] - Statement - f2.close(): null

2018-12-06 21:51:27 - [TEST_STEP][PASSED] - Statement - out.println("


" + CaseReferenceNo + "


"): null

2018-12-06 21:51:27 - [MESSAGE][PASSED] - Call Test Case 'Test Cases/Final Aug 2018 - PKS Automation/Common/Reference Number Setter' successfully

2018-12-06 21:51:27 - [TEST_STEP][PASSED] - waitForElementClickable: Object 'Object Repository/Final Object Repo/New Registration - Registration Module Pages/Third Screen - Upload Supporting Doc- Preview/Save n Continue in SIP Employee Listing Page' is clickable

2018-12-06 21:51:27 - [MESSAGE][PASSED] - Object 'Object Repository/Final Object Repo/New Registration - Registration Module Pages/Third Screen - Upload Supporting Doc- Preview/Save n Continue in SIP Employee Listing Page' is clickable

2018-12-06 21:51:27 - [TEST_STEP][PASSED] - click: Object: 'Object Repository/Final Object Repo/New Registration - Registration Module Pages/Third Screen - Upload Supporting Doc- Preview/Save n Continue in SIP Employee Listing Page' is clicked on

2018-12-06 21:51:32 - [MESSAGE][PASSED] - Object: 'Object Repository/Final Object Repo/New Registration - Registration Module Pages/Third Screen - Upload Supporting Doc- Preview/Save n Continue in SIP Employee Listing Page' is clicked on

2018-12-06 21:51:32 - [TEST_STEP][PASSED] - delay: Delayed 7 second(s)

2018-12-06 21:51:39 - [MESSAGE][PASSED] - Delayed 7 second(s)

2018-12-06 21:51:39 - [TEST_STEP][PASSED] - click: Object: 'Object Repository/Final Object Repo/New Registration - Registration Module Pages/Third Screen - Upload Supporting Doc- Preview/Add Document Button' is clicked on

2018-12-06 21:51:40 - [MESSAGE][PASSED] - Object: 'Object Repository/Final Object Repo/New Registration - Registration Module Pages/Third Screen - Upload Supporting Doc- Preview/Add Document Button' is clicked on

2018-12-06 21:51:40 - [TEST_STEP][PASSED] - delay: Delayed 30 second(s)

2018-12-06 21:52:10 - [MESSAGE][PASSED] - Delayed 30 second(s)

2018-12-06 21:52:10 - [TEST_STEP][PASSED] - click: Object: 'Object Repository/Final Object Repo/New Registration - Registration Module Pages/Third Screen - Upload Supporting Doc- Preview/Supporting Doc Please Select Drop Down' is clicked on

2018-12-06 21:52:10 - [MESSAGE][PASSED] - Object: 'Object Repository/Final Object Repo/New Registration - Registration Module Pages/Third Screen - Upload Supporting Doc- Preview/Supporting Doc Please Select Drop Down' is clicked on

2018-12-06 21:52:10 - [TEST_STEP][PASSED] - delay: Delayed 2 second(s)

2018-12-06 21:52:12 - [MESSAGE][PASSED] - Delayed 2 second(s)

2018-12-06 21:52:12 - [TEST_STEP][PASSED] - click: Object: 'Object Repository/Final Object Repo/New Registration - Registration Module Pages/Third Screen - Upload Supporting Doc- Preview/Select to Upload Form 1' is clicked on

2018-12-06 21:52:12 - [MESSAGE][PASSED] - Object: 'Object Repository/Final Object Repo/New Registration - Registration Module Pages/Third Screen - Upload Supporting Doc- Preview/Select to Upload Form 1' is clicked on

2018-12-06 21:52:12 - [TEST_STEP][PASSED] - delay: Delayed 2 second(s)

2018-12-06 21:52:14 - [MESSAGE][PASSED] - Delayed 2 second(s)

2018-12-06 21:52:14 - [TEST_STEP][PASSED] - uploadFile: File 'C:\Users\Public\Pictures\Sample Pictures\Koala.jpg' sent to object: 'Object Repository/Final Object Repo/New Registration - Registration Module Pages/Third Screen - Upload Supporting Doc- Preview/Upload File Adding'

2018-12-06 21:52:14 - [MESSAGE][PASSED] - File 'C:\Users\Public\Pictures\Sample Pictures\Koala.jpg' sent to object: 'Object Repository/Final Object Repo/New Registration - Registration Module Pages/Third Screen - Upload Supporting Doc- Preview/Upload File Adding'

2018-12-06 21:52:14 - [TEST_STEP][PASSED] - delay: Delayed 5 second(s)

2018-12-06 21:52:19 - [MESSAGE][PASSED] - Delayed 5 second(s)

2018-12-06 21:52:19 - [TEST_STEP][PASSED] - click: Object: 'Object Repository/Final Object Repo/New Registration - Registration Module Pages/Third Screen - Upload Supporting Doc- Preview/Inner Form Add Document Button' is clicked on

2018-12-06 21:52:19 - [MESSAGE][PASSED] - Object: 'Object Repository/Final Object Repo/New Registration - Registration Module Pages/Third Screen - Upload Supporting Doc- Preview/Inner Form Add Document Button' is clicked on

2018-12-06 21:52:19 - [TEST_STEP][PASSED] - delay: Delayed 3 second(s)

2018-12-06 21:52:22 - [MESSAGE][PASSED] - Delayed 3 second(s)

2018-12-06 21:52:22 - [TEST_STEP][PASSED] - click: Object: 'Object Repository/Final Object Repo/New Registration - Registration Module Pages/Third Screen - Upload Supporting Doc- Preview/Add Document Button' is clicked on

2018-12-06 21:52:24 - [MESSAGE][PASSED] - Object: 'Object Repository/Final Object Repo/New Registration - Registration Module Pages/Third Screen - Upload Supporting Doc- Preview/Add Document Button' is clicked on

2018-12-06 21:52:24 - [TEST_STEP][PASSED] - delay: Delayed 30 second(s)

2018-12-06 21:52:54 - [MESSAGE][PASSED] - Delayed 30 second(s)

2018-12-06 21:52:54 - [TEST_STEP][PASSED] - click: Object: 'Object Repository/Final Object Repo/New Registration - Registration Module Pages/Third Screen - Upload Supporting Doc- Preview/Supporting Doc Please Select Drop Down' is clicked on

2018-12-06 21:52:54 - [MESSAGE][PASSED] - Object: 'Object Repository/Final Object Repo/New Registration - Registration Module Pages/Third Screen - Upload Supporting Doc- Preview/Supporting Doc Please Select Drop Down' is clicked on

2018-12-06 21:52:54 - [TEST_STEP][PASSED] - delay: Delayed 2 second(s)

2018-12-06 21:52:56 - [MESSAGE][PASSED] - Delayed 2 second(s)

2018-12-06 21:52:56 - [TEST_STEP][PASSED] - click: Object: 'Object Repository/Final Object Repo/New Registration - Registration Module Pages/Third Screen - Upload Supporting Doc- Preview/Select to Upload Form 2' is clicked on

2018-12-06 21:52:56 - [MESSAGE][PASSED] - Object: 'Object Repository/Final Object Repo/New Registration - Registration Module Pages/Third Screen - Upload Supporting Doc- Preview/Select to Upload Form 2' is clicked on

2018-12-06 21:52:56 - [TEST_STEP][PASSED] - delay: Delayed 2 second(s)

2018-12-06 21:52:58 - [MESSAGE][PASSED] - Delayed 2 second(s)

2018-12-06 21:52:58 - [TEST_STEP][PASSED] - uploadFile: File 'C:\Users\Public\Pictures\Sample Pictures\Koala.jpg' sent to object: 'Object Repository/Final Object Repo/New Registration - Registration Module Pages/Third Screen - Upload Supporting Doc- Preview/Upload File Adding'

2018-12-06 21:52:58 - [MESSAGE][PASSED] - File 'C:\Users\Public\Pictures\Sample Pictures\Koala.jpg' sent to object: 'Object Repository/Final Object Repo/New Registration - Registration Module Pages/Third Screen - Upload Supporting Doc- Preview/Upload File Adding'

2018-12-06 21:52:58 - [TEST_STEP][PASSED] - click: Object: 'Object Repository/Final Object Repo/New Registration - Registration Module Pages/Third Screen - Upload Supporting Doc- Preview/Inner Form Add Document Button' is clicked on

2018-12-06 21:52:58 - [MESSAGE][PASSED] - Object: 'Object Repository/Final Object Repo/New Registration - Registration Module Pages/Third Screen - Upload Supporting Doc- Preview/Inner Form Add Document Button' is clicked on

2018-12-06 21:52:58 - [TEST_STEP][PASSED] - delay: Delayed 5 second(s)

2018-12-06 21:53:03 - [MESSAGE][PASSED] - Delayed 5 second(s)

2018-12-06 21:53:03 - [TEST_STEP][PASSED] - click: Object: 'Object Repository/Final Object Repo/New Registration - Registration Module Pages/Third Screen - Upload Supporting Doc- Preview/Add Document Button' is clicked on

2018-12-06 21:53:04 - [MESSAGE][PASSED] - Object: 'Object Repository/Final Object Repo/New Registration - Registration Module Pages/Third Screen - Upload Supporting Doc- Preview/Add Document Button' is clicked on

2018-12-06 21:53:04 - [TEST_STEP][PASSED] - delay: Delayed 30 second(s)

2018-12-06 21:53:34 - [MESSAGE][PASSED] - Delayed 30 second(s)

2018-12-06 21:53:34 - [TEST_STEP][PASSED] - click: Object: 'Object Repository/Final Object Repo/New Registration - Registration Module Pages/Third Screen - Upload Supporting Doc- Preview/Supporting Doc Please Select Drop Down' is clicked on

2018-12-06 21:53:34 - [MESSAGE][PASSED] - Object: 'Object Repository/Final Object Repo/New Registration - Registration Module Pages/Third Screen - Upload Supporting Doc- Preview/Supporting Doc Please Select Drop Down' is clicked on

2018-12-06 21:53:34 - [TEST_STEP][PASSED] - click: Object: 'Object Repository/Final Object Repo/New Registration - Registration Module Pages/Third Screen - Upload Supporting Doc- Preview/Select to Upload Borang SIP 1' is clicked on

2018-12-06 21:53:34 - [MESSAGE][PASSED] - Object: 'Object Repository/Final Object Repo/New Registration - Registration Module Pages/Third Screen - Upload Supporting Doc- Preview/Select to Upload Borang SIP 1' is clicked on

2018-12-06 21:53:34 - [TEST_STEP][PASSED] - delay: Delayed 2 second(s)

2018-12-06 21:53:36 - [MESSAGE][PASSED] - Delayed 2 second(s)

2018-12-06 21:53:36 - [TEST_STEP][PASSED] - uploadFile: File 'C:\Users\Public\Pictures\Sample Pictures\Koala.jpg' sent to object: 'Object Repository/Final Object Repo/New Registration - Registration Module Pages/Third Screen - Upload Supporting Doc- Preview/Upload File Adding'

2018-12-06 21:53:36 - [MESSAGE][PASSED] - File 'C:\Users\Public\Pictures\Sample Pictures\Koala.jpg' sent to object: 'Object Repository/Final Object Repo/New Registration - Registration Module Pages/Third Screen - Upload Supporting Doc- Preview/Upload File Adding'

2018-12-06 21:53:36 - [TEST_STEP][PASSED] - click: Object: 'Object Repository/Final Object Repo/New Registration - Registration Module Pages/Third Screen - Upload Supporting Doc- Preview/Inner Form Add Document Button' is clicked on

2018-12-06 21:53:36 - [MESSAGE][PASSED] - Object: 'Object Repository/Final Object Repo/New Registration - Registration Module Pages/Third Screen - Upload Supporting Doc- Preview/Inner Form Add Document Button' is clicked on

2018-12-06 21:53:36 - [TEST_STEP][PASSED] - delay: Delayed 5 second(s)

2018-12-06 21:53:41 - [MESSAGE][PASSED] - Delayed 5 second(s)

2018-12-06 21:53:41 - [TEST_STEP][PASSED] - click: Object: 'Object Repository/Final Object Repo/New Registration - Registration Module Pages/Third Screen - Upload Supporting Doc- Preview/Add Document Button' is clicked on

2018-12-06 21:53:41 - [MESSAGE][PASSED] - Object: 'Object Repository/Final Object Repo/New Registration - Registration Module Pages/Third Screen - Upload Supporting Doc- Preview/Add Document Button' is clicked on

2018-12-06 21:53:41 - [TEST_STEP][PASSED] - delay: Delayed 30 second(s)

2018-12-06 21:54:11 - [MESSAGE][PASSED] - Delayed 30 second(s)

2018-12-06 21:54:11 - [TEST_STEP][PASSED] - click: Object: 'Object Repository/Final Object Repo/New Registration - Registration Module Pages/Third Screen - Upload Supporting Doc- Preview/Supporting Doc Please Select Drop Down' is clicked on

2018-12-06 21:54:12 - [MESSAGE][PASSED] - Object: 'Object Repository/Final Object Repo/New Registration - Registration Module Pages/Third Screen - Upload Supporting Doc- Preview/Supporting Doc Please Select Drop Down' is clicked on

2018-12-06 21:54:12 - [TEST_STEP][PASSED] - delay: Delayed 3 second(s)

2018-12-06 21:54:15 - [MESSAGE][PASSED] - Delayed 3 second(s)

2018-12-06 21:54:15 - [TEST_STEP][PASSED] - click: Object: 'Object Repository/Final Object Repo/New Registration - Registration Module Pages/Third Screen - Upload Supporting Doc- Preview/Select to Upload Borang SIP 2' is clicked on

2018-12-06 21:54:15 - [MESSAGE][PASSED] - Object: 'Object Repository/Final Object Repo/New Registration - Registration Module Pages/Third Screen - Upload Supporting Doc- Preview/Select to Upload Borang SIP 2' is clicked on

2018-12-06 21:54:15 - [TEST_STEP][PASSED] - delay: Delayed 2 second(s)

2018-12-06 21:54:17 - [MESSAGE][PASSED] - Delayed 2 second(s)

2018-12-06 21:54:17 - [TEST_STEP][PASSED] - uploadFile: File 'C:\Users\Public\Pictures\Sample Pictures\Koala.jpg' sent to object: 'Object Repository/Final Object Repo/New Registration - Registration Module Pages/Third Screen - Upload Supporting Doc- Preview/Upload File Adding'

2018-12-06 21:54:17 - [MESSAGE][PASSED] - File 'C:\Users\Public\Pictures\Sample Pictures\Koala.jpg' sent to object: 'Object Repository/Final Object Repo/New Registration - Registration Module Pages/Third Screen - Upload Supporting Doc- Preview/Upload File Adding'

2018-12-06 21:54:17 - [TEST_STEP][PASSED] - delay: Delayed 5 second(s)

2018-12-06 21:54:22 - [MESSAGE][PASSED] - Delayed 5 second(s)

2018-12-06 21:54:22 - [TEST_STEP][PASSED] - click: Object: 'Object Repository/Final Object Repo/New Registration - Registration Module Pages/Third Screen - Upload Supporting Doc- Preview/Inner Form Add Document Button' is clicked on

2018-12-06 21:54:22 - [MESSAGE][PASSED] - Object: 'Object Repository/Final Object Repo/New Registration - Registration Module Pages/Third Screen - Upload Supporting Doc- Preview/Inner Form Add Document Button' is clicked on

2018-12-06 21:54:22 - [TEST_STEP][PASSED] - delay: Delayed 3 second(s)

2018-12-06 21:54:25 - [MESSAGE][PASSED] - Delayed 3 second(s)

2018-12-06 21:54:25 - [TEST_STEP][PASSED] - waitForElementClickable: Object 'Object Repository/Final Object Repo/New Registration - Registration Module Pages/Third Screen - Upload Supporting Doc- Preview/Save n Continue in Uploading Supporting Doc Page' is clickable

2018-12-06 21:54:26 - [MESSAGE][PASSED] - Object 'Object Repository/Final Object Repo/New Registration - Registration Module Pages/Third Screen - Upload Supporting Doc- Preview/Save n Continue in Uploading Supporting Doc Page' is clickable

2018-12-06 21:54:26 - [TEST_STEP][PASSED] - click: Object: 'Object Repository/Final Object Repo/New Registration - Registration Module Pages/Third Screen - Upload Supporting Doc- Preview/Save n Continue in Uploading Supporting Doc Page' is clicked on

2018-12-06 21:54:27 - [MESSAGE][PASSED] - Object: 'Object Repository/Final Object Repo/New Registration - Registration Module Pages/Third Screen - Upload Supporting Doc- Preview/Save n Continue in Uploading Supporting Doc Page' is clicked on

2018-12-06 21:54:27 - [MESSAGE][PASSED] - Call Test Case 'Test Cases/Final Aug 2018 - PKS Automation/Registration Module/New Registration/Flow of New Registration/Third Screen - Upload Supporting Doc - Preview' successfully

2018-12-06 21:54:27 - [TEST_STEP][PASSED] - callTestCase: Call Test Case 'Test Cases/Final Aug 2018 - PKS Automation/Registration Module/New Registration/Submit and Screenshot/Submit Registration and Screenshot' successfully

2018-12-06 21:54:27 - [TEST_CASE][PASSED] - Test Cases/Final Aug 2018 - PKS Automation/Registration Module/New Registration/Submit and Screenshot/Submit Registration and Screenshot: Test Cases/Final Aug 2018 - PKS Automation/Registration Module/New Registration/Submit and Screenshot/Submit Registration and Screenshot

2018-12-06 21:54:27 - [TEST_STEP][PASSED] - delay: Delayed 6 second(s)

2018-12-06 21:54:33 - [MESSAGE][PASSED] - Delayed 6 second(s)

2018-12-06 21:54:33 - [TEST_STEP][PASSED] - click: Object: 'Object Repository/Final Object Repo/New Registration - Registration Module Pages/Third Screen - Upload Supporting Doc- Preview/Preview Submit Button' is clicked on

2018-12-06 21:54:33 - [MESSAGE][PASSED] - Object: 'Object Repository/Final Object Repo/New Registration - Registration Module Pages/Third Screen - Upload Supporting Doc- Preview/Preview Submit Button' is clicked on

2018-12-06 21:54:33 - [TEST_STEP][PASSED] - delay: Delayed 2 second(s)

2018-12-06 21:54:35 - [MESSAGE][PASSED] - Delayed 2 second(s)

2018-12-06 21:54:35 - [TEST_STEP][PASSED] - click: Object: 'Object Repository/Final Object Repo/New Registration - Registration Module Pages/Third Screen - Upload Supporting Doc- Preview/Preview Submit - Confirm' is clicked on

2018-12-06 21:54:35 - [MESSAGE][PASSED] - Object: 'Object Repository/Final Object Repo/New Registration - Registration Module Pages/Third Screen - Upload Supporting Doc- Preview/Preview Submit - Confirm' is clicked on

2018-12-06 21:54:35 - [TEST_STEP][PASSED] - delay: Delayed 15 second(s)

2018-12-06 21:54:50 - [MESSAGE][PASSED] - Delayed 15 second(s)

2018-12-06 21:54:50 - [TEST_STEP][PASSED] - Statement - driver = com.kms.katalon.core.webui.driver.DriverFactory.getWebDriver(): null

2018-12-06 21:54:50 - [TEST_STEP][PASSED] - Statement - driver.manage().timeouts().implicitlyWait(10, SECONDS): null

2018-12-06 21:54:50 - [TEST_STEP][PASSED] - Statement - PresavePath = KatalonScreenshots: null

2018-12-06 21:54:50 - [TEST_STEP][PASSED] - Statement - pathPrefix = "C:\Users\Public\Pictures\Sample Pictures\Katalon Screenshots\Automate Ending Screen": null

2018-12-06 21:54:50 - [TEST_STEP][PASSED] - Statement - finalPath = <not implemented yet for class: org.codehaus.groovy.ast.expr.EmptyExpression>: null

2018-12-06 21:54:50 - [TEST_STEP][PASSED] - Statement - scrFile = driver.getScreenshotAs(FILE): null

2018-12-06 21:54:50 - [TEST_STEP][PASSED] - Statement - PreSaveFile = new java.io.File(PresavePath): null

2018-12-06 21:54:50 - [TEST_STEP][PASSED] - Statement - counter = 0: null

2018-12-06 21:54:50 - [TEST_STEP][PASSED] - Statement - If (PreSaveFile.exists()): null

2018-12-06 21:54:50 - [TEST_STEP][PASSED] - Statement - While (PreSaveFile.exists()): null

2018-12-06 21:54:50 - [TEST_STEP][PASSED] - Statement - counter = counter + 1: null

2018-12-06 21:54:50 - [TEST_STEP][PASSED] - Statement - PreSaveFile = new java.io.File(((pathPrefix + java.lang.Integer.toString(counter)) + .png)): null

2018-12-06 21:54:50 - [TEST_STEP][PASSED] - Statement - counter = counter + 1: null

2018-12-06 21:54:50 - [TEST_STEP][PASSED] - Statement - PreSaveFile = new java.io.File(((pathPrefix + java.lang.Integer.toString(counter)) + .png)): null

2018-12-06 21:54:50 - [TEST_STEP][PASSED] - Statement - counter = counter + 1: null

2018-12-06 21:54:50 - [TEST_STEP][PASSED] - Statement - PreSaveFile = new java.io.File(((pathPrefix + java.lang.Integer.toString(counter)) + .png)): null

2018-12-06 21:54:50 - [TEST_STEP][PASSED] - Statement - counter = counter + 1: null

2018-12-06 21:54:50 - [TEST_STEP][PASSED] - Statement - PreSaveFile = new java.io.File(((pathPrefix + java.lang.Integer.toString(counter)) + .png)): null

2018-12-06 21:54:50 - [TEST_STEP][PASSED] - Statement - counter = counter + 1: null

2018-12-06 21:54:50 - [TEST_STEP][PASSED] - Statement - PreSaveFile = new java.io.File(((pathPrefix + java.lang.Integer.toString(counter)) + .png)): null

2018-12-06 21:54:50 - [TEST_STEP][PASSED] - Statement - counter = counter + 1: null

2018-12-06 21:54:50 - [TEST_STEP][PASSED] - Statement - PreSaveFile = new java.io.File(((pathPrefix + java.lang.Integer.toString(counter)) + .png)): null

2018-12-06 21:54:50 - [TEST_STEP][PASSED] - Statement - counter = counter + 1: null

2018-12-06 21:54:50 - [TEST_STEP][PASSED] - Statement - PreSaveFile = new java.io.File(((pathPrefix + java.lang.Integer.toString(counter)) + .png)): null

2018-12-06 21:54:50 - [TEST_STEP][PASSED] - Statement - counter = counter + 1: null

2018-12-06 21:54:50 - [TEST_STEP][PASSED] - Statement - PreSaveFile = new java.io.File(((pathPrefix + java.lang.Integer.toString(counter)) + .png)): null

2018-12-06 21:54:50 - [TEST_STEP][PASSED] - Statement - counter = counter + 1: null

2018-12-06 21:54:50 - [TEST_STEP][PASSED] - Statement - PreSaveFile = new java.io.File(((pathPrefix + java.lang.Integer.toString(counter)) + .png)): null

2018-12-06 21:54:50 - [TEST_STEP][PASSED] - Statement - counter = counter + 1: null

2018-12-06 21:54:50 - [TEST_STEP][PASSED] - Statement - PreSaveFile = new java.io.File(((pathPrefix + java.lang.Integer.toString(counter)) + .png)): null

2018-12-06 21:54:50 - [TEST_STEP][PASSED] - Statement - counter = counter + 1: null

2018-12-06 21:54:50 - [TEST_STEP][PASSED] - Statement - PreSaveFile = new java.io.File(((pathPrefix + java.lang.Integer.toString(counter)) + .png)): null

2018-12-06 21:54:50 - [TEST_STEP][PASSED] - Statement - counter = counter + 1: null

2018-12-06 21:54:50 - [TEST_STEP][PASSED] - Statement - PreSaveFile = new java.io.File(((pathPrefix + java.lang.Integer.toString(counter)) + .png)): null

2018-12-06 21:54:50 - [TEST_STEP][PASSED] - Statement - counter = counter + 1: null

2018-12-06 21:54:50 - [TEST_STEP][PASSED] - Statement - PreSaveFile = new java.io.File(((pathPrefix + java.lang.Integer.toString(counter)) + .png)): null

2018-12-06 21:54:50 - [TEST_STEP][PASSED] - Statement - counter = counter + 1: null

2018-12-06 21:54:50 - [TEST_STEP][PASSED] - Statement - PreSaveFile = new java.io.File(((pathPrefix + java.lang.Integer.toString(counter)) + .png)): null

2018-12-06 21:54:50 - [TEST_STEP][PASSED] - Statement - counter = counter + 1: null

2018-12-06 21:54:50 - [TEST_STEP][PASSED] - Statement - PreSaveFile = new java.io.File(((pathPrefix + java.lang.Integer.toString(counter)) + .png)): null

2018-12-06 21:54:50 - [TEST_STEP][PASSED] - Statement - counter = counter + 1: null

2018-12-06 21:54:50 - [TEST_STEP][PASSED] - Statement - PreSaveFile = new java.io.File(((pathPrefix + java.lang.Integer.toString(counter)) + .png)): null

2018-12-06 21:54:50 - [TEST_STEP][PASSED] - Statement - counter = counter + 1: null

2018-12-06 21:54:50 - [TEST_STEP][PASSED] - Statement - PreSaveFile = new java.io.File(((pathPrefix + java.lang.Integer.toString(counter)) + .png)): null

2018-12-06 21:54:50 - [TEST_STEP][PASSED] - Statement - counter = counter + 1: null

2018-12-06 21:54:50 - [TEST_STEP][PASSED] - Statement - PreSaveFile = new java.io.File(((pathPrefix + java.lang.Integer.toString(counter)) + .png)): null

2018-12-06 21:54:50 - [TEST_STEP][PASSED] - Statement - counter = counter + 1: null

2018-12-06 21:54:50 - [TEST_STEP][PASSED] - Statement - PreSaveFile = new java.io.File(((pathPrefix + java.lang.Integer.toString(counter)) + .png)): null

2018-12-06 21:54:50 - [TEST_STEP][PASSED] - Statement - counter = counter + 1: null

2018-12-06 21:54:50 - [TEST_STEP][PASSED] - Statement - PreSaveFile = new java.io.File(((pathPrefix + java.lang.Integer.toString(counter)) + .png)): null

2018-12-06 21:54:50 - [TEST_STEP][PASSED] - Statement - counter = counter + 1: null

2018-12-06 21:54:50 - [TEST_STEP][PASSED] - Statement - PreSaveFile = new java.io.File(((pathPrefix + java.lang.Integer.toString(counter)) + .png)): null

2018-12-06 21:54:50 - [TEST_STEP][PASSED] - Statement - counter = counter + 1: null

2018-12-06 21:54:50 - [TEST_STEP][PASSED] - Statement - PreSaveFile = new java.io.File(((pathPrefix + java.lang.Integer.toString(counter)) + .png)): null

2018-12-06 21:54:50 - [TEST_STEP][PASSED] - Statement - counter = counter + 1: null

2018-12-06 21:54:50 - [TEST_STEP][PASSED] - Statement - PreSaveFile = new java.io.File(((pathPrefix + java.lang.Integer.toString(counter)) + .png)): null

2018-12-06 21:54:50 - [TEST_STEP][PASSED] - Statement - counter = counter + 1: null

2018-12-06 21:54:50 - [TEST_STEP][PASSED] - Statement - PreSaveFile = new java.io.File(((pathPrefix + java.lang.Integer.toString(counter)) + .png)): null

2018-12-06 21:54:50 - [TEST_STEP][PASSED] - Statement - counter = counter + 1: null

2018-12-06 21:54:50 - [TEST_STEP][PASSED] - Statement - PreSaveFile = new java.io.File(((pathPrefix + java.lang.Integer.toString(counter)) + .png)): null

2018-12-06 21:54:50 - [TEST_STEP][PASSED] - Statement - counter = counter + 1: null

2018-12-06 21:54:50 - [TEST_STEP][PASSED] - Statement - PreSaveFile = new java.io.File(((pathPrefix + java.lang.Integer.toString(counter)) + .png)): null

2018-12-06 21:54:50 - [TEST_STEP][PASSED] - Statement - counter = counter + 1: null

2018-12-06 21:54:50 - [TEST_STEP][PASSED] - Statement - PreSaveFile = new java.io.File(((pathPrefix + java.lang.Integer.toString(counter)) + .png)): null

2018-12-06 21:54:50 - [TEST_STEP][PASSED] - Statement - counter = counter + 1: null

2018-12-06 21:54:50 - [TEST_STEP][PASSED] - Statement - PreSaveFile = new java.io.File(((pathPrefix + java.lang.Integer.toString(counter)) + .png)): null

2018-12-06 21:54:50 - [TEST_STEP][PASSED] - Statement - counter = counter + 1: null

2018-12-06 21:54:50 - [TEST_STEP][PASSED] - Statement - PreSaveFile = new java.io.File(((pathPrefix + java.lang.Integer.toString(counter)) + .png)): null

2018-12-06 21:54:50 - [TEST_STEP][PASSED] - Statement - counter = counter + 1: null

2018-12-06 21:54:50 - [TEST_STEP][PASSED] - Statement - PreSaveFile = new java.io.File(((pathPrefix + java.lang.Integer.toString(counter)) + .png)): null

2018-12-06 21:54:50 - [TEST_STEP][PASSED] - Statement - finalPath = pathPrefix + java.lang.Integer.toString(counter) + ".png": null

2018-12-06 21:54:50 - [TEST_STEP][PASSED] - Statement - SaveFile = new java.io.File(finalPath): null

2018-12-06 21:54:50 - [TEST_STEP][PASSED] - Statement - Try: null

2018-12-06 21:54:50 - [TEST_STEP][PASSED] - Statement - org.apache.commons.io.FileUtils.copyFile(scrFile, SaveFile): null

2018-12-06 21:54:50 - [TEST_STEP][PASSED] - Statement - out.println("file kept"): null

2018-12-06 21:54:51 - [TEST_STEP][PASSED] - delay: Delayed 10 second(s)

2018-12-06 21:55:01 - [MESSAGE][PASSED] - Delayed 10 second(s)

2018-12-06 21:55:01 - [MESSAGE][PASSED] - Call Test Case 'Test Cases/Final Aug 2018 - PKS Automation/Registration Module/New Registration/Submit and Screenshot/Submit Registration and Screenshot' successfully

2018-12-06 21:55:01 - [TEST_STEP][PASSED] - callTestCase: Call Test Case 'Test Cases/Final Aug 2018 - PKS Automation/Registration Module/Log Out/log out avoiding katalon tagging' successfully

2018-12-06 21:55:01 - [TEST_CASE][PASSED] - Test Cases/Final Aug 2018 - PKS Automation/Registration Module/Log Out/log out avoiding katalon tagging: Test Cases/Final Aug 2018 - PKS Automation/Registration Module/Log Out/log out avoiding katalon tagging

2018-12-06 21:55:01 - [TEST_STEP][PASSED] - navigateToUrl: Navigate to 'https://assist2-uat.perkeso.gov.my/c/portal/logout' successfully

2018-12-06 21:55:01 - [MESSAGE][PASSED] - Navigate to 'https://assist2-uat.perkeso.gov.my/c/portal/logout' successfully

2018-12-06 21:55:01 - [MESSAGE][PASSED] - Call Test Case 'Test Cases/Final Aug 2018 - PKS Automation/Registration Module/Log Out/log out avoiding katalon tagging' successfully

2018-12-06 21:55:01 - [TEST_STEP][PASSED] - callTestCase: Call Test Case 'Test Cases/Final Aug 2018 - PKS Automation/Common/Workflow Owner Finder' successfully

2018-12-06 21:55:01 - [TEST_CASE][PASSED] - Test Cases/Final Aug 2018 - PKS Automation/Common/Workflow Owner Finder: Test Cases/Final Aug 2018 - PKS Automation/Common/Workflow Owner Finder

2018-12-06 21:55:01 - [TEST_STEP][PASSED] - openBrowser: Browser is opened with url: ''

2018-12-06 21:55:01 - [MESSAGE][WARNING] - A browser is already opened. Closing browser and opening a new one

2018-12-06 21:55:05 - [MESSAGE][PASSED] - Browser is opened with url: ''

2018-12-06 21:55:05 - [TEST_STEP][PASSED] - navigateToUrl: Navigate to 'https://assist2-uat.perkeso.gov.my/login' successfully

2018-12-06 21:55:07 - [MESSAGE][PASSED] - Navigate to 'https://assist2-uat.perkeso.gov.my/login' successfully

2018-12-06 21:55:07 - [TEST_STEP][PASSED] - delay: Delayed 5 second(s)

2018-12-06 21:55:12 - [MESSAGE][PASSED] - Delayed 5 second(s)

2018-12-06 21:55:12 - [TEST_STEP][PASSED] - setText: Text 'test@liferay.com' is set on object 'Object Repository/Final Object Repo/Login Page/Internal User/Email Address'

2018-12-06 21:55:12 - [MESSAGE][PASSED] - Text 'test@liferay.com' is set on object 'Object Repository/Final Object Repo/Login Page/Internal User/Email Address'

2018-12-06 21:55:12 - [TEST_STEP][PASSED] - click: Object: 'Object Repository/Final Object Repo/Login Page/Internal User/Next Button' is clicked on

2018-12-06 21:55:12 - [MESSAGE][PASSED] - Object: 'Object Repository/Final Object Repo/Login Page/Internal User/Next Button' is clicked on

2018-12-06 21:55:12 - [TEST_STEP][PASSED] - delay: Delayed 2 second(s)

2018-12-06 21:55:14 - [MESSAGE][PASSED] - Delayed 2 second(s)

2018-12-06 21:55:14 - [TEST_STEP][PASSED] - setText: Text 'test' is set on object 'Object Repository/Final Object Repo/Login Page/Internal User/Password'

2018-12-06 21:55:14 - [MESSAGE][PASSED] - Text 'test' is set on object 'Object Repository/Final Object Repo/Login Page/Internal User/Password'

2018-12-06 21:55:14 - [TEST_STEP][PASSED] - delay: Delayed 2 second(s)

2018-12-06 21:55:16 - [MESSAGE][PASSED] - Delayed 2 second(s)

2018-12-06 21:55:16 - [TEST_STEP][PASSED] - click: Object: 'Object Repository/Final Object Repo/Login Page/Internal User/Login Button' is clicked on

2018-12-06 21:55:16 - [MESSAGE][PASSED] - Object: 'Object Repository/Final Object Repo/Login Page/Internal User/Login Button' is clicked on

2018-12-06 21:55:16 - [TEST_STEP][PASSED] - Statement - tester = com.kms.katalon.core.testobject.ObjectRepository.findTestObject(Final Object Repo/Landing Page/Select to English): Finding Test Object with id 'Object Repository/Final Object Repo/Landing Page/Select to English'

2018-12-06 21:55:16 - [TEST_STEP][PASSED] - Statement - Try: Delayed 2 second(s)

2018-12-06 21:55:16 - [TEST_STEP][PASSED] - Statement - Checker = com.kms.katalon.core.webui.keyword.WebUiBuiltInKeywords.verifyElementNotPresent(tester, 3): Web element with id: 'Object Repository/Final Object Repo/Landing Page/Select to English' located by 'By.xpath: //a[@class = 'taglib-language-list-text' and @lang = 'en-US' and (contains(text(), 'EN') or contains(., 'EN'))]' is not present after '3' second(s)

2018-12-06 21:55:18 - [MESSAGE][PASSED] - Web element with id: 'Object Repository/Final Object Repo/Landing Page/Select to English' located by 'By.xpath: //a[@class = 'taglib-language-list-text' and @lang = 'en-US' and (contains(text(), 'EN') or contains(., 'EN'))]' is not present after '3' second(s)

2018-12-06 21:55:18 - [TEST_STEP][PASSED] - Statement - If (Checker == false): null

2018-12-06 21:55:18 - [TEST_STEP][PASSED] - delay: Delayed 2 second(s)

2018-12-06 21:55:20 - [MESSAGE][PASSED] - Delayed 2 second(s)

2018-12-06 21:55:20 - [TEST_STEP][PASSED] - delay: Delayed 5 second(s)

2018-12-06 21:55:25 - [MESSAGE][PASSED] - Delayed 5 second(s)

2018-12-06 21:55:25 - [TEST_STEP][PASSED] - mouseOver: Object: 'Object Repository/Final Object Repo/Landing Page/WorkFlow Menu' is hovered

2018-12-06 21:55:25 - [MESSAGE][PASSED] - Object: 'Object Repository/Final Object Repo/Landing Page/WorkFlow Menu' is hovered

2018-12-06 21:55:25 - [TEST_STEP][PASSED] - delay: Delayed 2 second(s)

2018-12-06 21:55:27 - [MESSAGE][PASSED] - Delayed 2 second(s)

2018-12-06 21:55:27 - [TEST_STEP][PASSED] - click: Object: 'Object Repository/Final Object Repo/Landing Page/Select to Workflow Listing' is clicked on

2018-12-06 21:55:29 - [MESSAGE][PASSED] - Object: 'Object Repository/Final Object Repo/Landing Page/Select to Workflow Listing' is clicked on

2018-12-06 21:55:29 - [TEST_STEP][PASSED] - delay: Delayed 2 second(s)

2018-12-06 21:55:31 - [MESSAGE][PASSED] - Delayed 2 second(s)

2018-12-06 21:55:31 - [TEST_STEP][PASSED] - click: Object: 'Object Repository/Final Object Repo/WorkFlow Listing Page/Search Information - To Put Ref No' is clicked on

2018-12-06 21:55:31 - [MESSAGE][PASSED] - Object: 'Object Repository/Final Object Repo/WorkFlow Listing Page/Search Information - To Put Ref No' is clicked on

2018-12-06 21:55:31 - [TEST_STEP][PASSED] - delay: Delayed 2 second(s)

2018-12-06 21:55:33 - [MESSAGE][PASSED] - Delayed 2 second(s)

2018-12-06 21:55:33 - [TEST_STEP][PASSED] - callTestCase: Call Test Case 'Test Cases/Final Aug 2018 - PKS Automation/Common/Reference Number Getter' successfully

2018-12-06 21:55:33 - [TEST_CASE][PASSED] - Test Cases/Final Aug 2018 - PKS Automation/Common/Reference Number Getter: Test Cases/Final Aug 2018 - PKS Automation/Common/Reference Number Getter

2018-12-06 21:55:33 - [TEST_STEP][PASSED] - Statement - Try: null

2018-12-06 21:55:33 - [TEST_STEP][PASSED] - Statement - RefNo = new java.io.File(C://Users//Admin//Desktop//PKS//Automation Reference Point//KatalonReference.txt): null

2018-12-06 21:55:33 - [TEST_STEP][PASSED] - Statement - bufferread = new java.io.BufferedReader(new java.io.FileReader(RefNo)): null

2018-12-06 21:55:33 - [TEST_STEP][PASSED] - Statement - readedVal = bufferread.readLine(): null

2018-12-06 21:55:33 - [TEST_STEP][PASSED] - Statement - out.println(CaseReferenceNo): null

2018-12-06 21:55:33 - [TEST_STEP][PASSED] - Statement - out.println(readedVal): null

2018-12-06 21:55:33 - [TEST_STEP][PASSED] - Statement - CaseReferenceNo = "": null

2018-12-06 21:55:33 - [TEST_STEP][PASSED] - Statement - CaseReferenceNo = readedVal: null

2018-12-06 21:55:33 - [MESSAGE][PASSED] - Call Test Case 'Test Cases/Final Aug 2018 - PKS Automation/Common/Reference Number Getter' successfully

2018-12-06 21:55:33 - [TEST_STEP][PASSED] - setText: Text 'CRN12201800123063' is set on object 'Object Repository/Final Object Repo/WorkFlow Listing Page/Ref No Set Text'

2018-12-06 21:55:33 - [MESSAGE][PASSED] - Text 'CRN12201800123063' is set on object 'Object Repository/Final Object Repo/WorkFlow Listing Page/Ref No Set Text'

2018-12-06 21:55:33 - [TEST_STEP][PASSED] - delay: Delayed 2 second(s)

2018-12-06 21:55:35 - [MESSAGE][PASSED] - Delayed 2 second(s)

2018-12-06 21:55:35 - [TEST_STEP][PASSED] - click: Object: 'Object Repository/Final Object Repo/WorkFlow Listing Page/Search Ref No Search Button' is clicked on

2018-12-06 21:55:35 - [MESSAGE][PASSED] - Object: 'Object Repository/Final Object Repo/WorkFlow Listing Page/Search Ref No Search Button' is clicked on

2018-12-06 21:55:35 - [TEST_STEP][PASSED] - delay: Delayed 6 second(s)

2018-12-06 21:55:41 - [MESSAGE][PASSED] - Delayed 6 second(s)

2018-12-06 21:55:41 - [TEST_STEP][PASSED] - click: Object: 'Object Repository/Final Object Repo/WorkFlow Listing Page/Click Continue Tooltip' is clicked on

2018-12-06 21:55:42 - [MESSAGE][PASSED] - Object: 'Object Repository/Final Object Repo/WorkFlow Listing Page/Click Continue Tooltip' is clicked on

2018-12-06 21:55:42 - [TEST_STEP][PASSED] - delay: Delayed 5 second(s)

2018-12-06 21:55:47 - [MESSAGE][PASSED] - Delayed 5 second(s)

2018-12-06 21:55:47 - [TEST_STEP][PASSED] - doubleClick: Object: 'Object Repository/Final Object Repo/WorkFlow Listing Page/Workflow Found - Listing 1' is double clicked on

2018-12-06 21:55:48 - [MESSAGE][PASSED] - Object: 'Object Repository/Final Object Repo/WorkFlow Listing Page/Workflow Found - Listing 1' is double clicked on

2018-12-06 21:55:48 - [TEST_STEP][PASSED] - Statement - println(OwnerID): null

2018-12-06 21:55:48 - [TEST_STEP][PASSED] - Statement - OwnerID = com.kms.katalon.core.webui.keyword.WebUiBuiltInKeywords.getText(com.kms.katalon.core.testobject.ObjectRepository.findTestObject(Final Object Repo/WorkFlow Listing Page/Workflow Found - Listing 1), STOP_ON_FAILURE): Text of object 'Object Repository/Final Object Repo/WorkFlow Listing Page/Workflow Found - Listing 1' is: 'JOHORro1'

2018-12-06 21:55:48 - [MESSAGE][PASSED] - Text of object 'Object Repository/Final Object Repo/WorkFlow Listing Page/Workflow Found - Listing 1' is: 'JOHORro1'

2018-12-06 21:55:48 - [TEST_STEP][PASSED] - Statement - OwnerID = OwnerID.toLowerCase() + "@gmail.com": null

2018-12-06 21:55:48 - [TEST_STEP][PASSED] - Statement - println(OwnerID): null

2018-12-06 21:55:48 - [TEST_STEP][PASSED] - delay: Delayed 2 second(s)

2018-12-06 21:55:50 - [MESSAGE][PASSED] - Delayed 2 second(s)

2018-12-06 21:55:50 - [MESSAGE][PASSED] - Call Test Case 'Test Cases/Final Aug 2018 - PKS Automation/Common/Workflow Owner Finder' successfully

2018-12-06 21:55:50 - [TEST_STEP][PASSED] - callTestCase: Call Test Case 'Test Cases/Final Aug 2018 - PKS Automation/Registration Module/Log Out/log out avoiding katalon tagging' successfully

2018-12-06 21:55:50 - [TEST_CASE][PASSED] - Test Cases/Final Aug 2018 - PKS Automation/Registration Module/Log Out/log out avoiding katalon tagging: Test Cases/Final Aug 2018 - PKS Automation/Registration Module/Log Out/log out avoiding katalon tagging

2018-12-06 21:55:50 - [TEST_STEP][PASSED] - navigateToUrl: Navigate to 'https://assist2-uat.perkeso.gov.my/c/portal/logout' successfully

2018-12-06 21:55:51 - [MESSAGE][PASSED] - Navigate to 'https://assist2-uat.perkeso.gov.my/c/portal/logout' successfully

2018-12-06 21:55:51 - [MESSAGE][PASSED] - Call Test Case 'Test Cases/Final Aug 2018 - PKS Automation/Registration Module/Log Out/log out avoiding katalon tagging' successfully

2018-12-06 21:55:51 - [TEST_STEP][PASSED] - delay: Delayed 2 second(s)

2018-12-06 21:55:53 - [MESSAGE][PASSED] - Delayed 2 second(s)

2018-12-06 21:55:53 - [TEST_STEP][PASSED] - setText: Text 'johorro1@gmail.com' is set on object 'Object Repository/Final Object Repo/New Registration - Registration Module Pages/New Reg - OTC to RO/Special Case - All Related Objects/Email TextBox'

2018-12-06 21:55:53 - [MESSAGE][PASSED] - Text 'johorro1@gmail.com' is set on object 'Object Repository/Final Object Repo/New Registration - Registration Module Pages/New Reg - OTC to RO/Special Case - All Related Objects/Email TextBox'

2018-12-06 21:55:53 - [TEST_STEP][PASSED] - click: Object: 'Object Repository/Final Object Repo/New Registration - Registration Module Pages/New Reg - OTC to RO/Special Case - All Related Objects/Next Button' is clicked on

2018-12-06 21:55:53 - [MESSAGE][PASSED] - Object: 'Object Repository/Final Object Repo/New Registration - Registration Module Pages/New Reg - OTC to RO/Special Case - All Related Objects/Next Button' is clicked on

2018-12-06 21:55:53 - [TEST_STEP][PASSED] - delay: Delayed 2 second(s)

2018-12-06 21:55:55 - [MESSAGE][PASSED] - Delayed 2 second(s)

2018-12-06 21:55:55 - [TEST_STEP][PASSED] - setText: Text 'Test1@3456789' is set on object 'Object Repository/Final Object Repo/New Registration - Registration Module Pages/New Reg - OTC to RO/Special Case - All Related Objects/Password TextBox'

2018-12-06 21:55:55 - [MESSAGE][PASSED] - Text 'Test1@3456789' is set on object 'Object Repository/Final Object Repo/New Registration - Registration Module Pages/New Reg - OTC to RO/Special Case - All Related Objects/Password TextBox'

2018-12-06 21:55:55 - [TEST_STEP][PASSED] - delay: Delayed 2 second(s)

2018-12-06 21:55:57 - [MESSAGE][PASSED] - Delayed 2 second(s)

2018-12-06 21:55:57 - [TEST_STEP][PASSED] - click: Object: 'Object Repository/Final Object Repo/New Registration - Registration Module Pages/New Reg - OTC to RO/Special Case - All Related Objects/Login Button' is clicked on

2018-12-06 21:55:57 - [MESSAGE][PASSED] - Object: 'Object Repository/Final Object Repo/New Registration - Registration Module Pages/New Reg - OTC to RO/Special Case - All Related Objects/Login Button' is clicked on

2018-12-06 21:55:57 - [TEST_STEP][PASSED] - delay: Delayed 2 second(s)

2018-12-06 21:55:59 - [MESSAGE][PASSED] - Delayed 2 second(s)

2018-12-06 21:55:59 - [TEST_STEP][PASSED] - Statement - Try: null

2018-12-06 21:55:59 - [TEST_STEP][PASSED] - Statement - Checker = com.kms.katalon.core.webui.keyword.WebUiBuiltInKeywords.verifyElementNotPresent("Final Object Repo/Landing Page/Select to English", 3): null

2018-12-06 21:55:59 - [TEST_STEP][PASSED] - Statement - Catch (Exception e): null

2018-12-06 21:55:59 - [TEST_STEP][PASSED] - Statement - e.printStackTrace(): null

2018-12-06 21:55:59 - [TEST_STEP][PASSED] - click: Object: 'Object Repository/Final Object Repo/New Registration - Registration Module Pages/New Reg - OTC to RO/Special Case - All Related Objects/Expand to Search' is clicked on

2018-12-06 21:56:00 - [MESSAGE][PASSED] - Object: 'Object Repository/Final Object Repo/New Registration - Registration Module Pages/New Reg - OTC to RO/Special Case - All Related Objects/Expand to Search' is clicked on

2018-12-06 21:56:00 - [TEST_STEP][PASSED] - delay: Delayed 2 second(s)

2018-12-06 21:56:02 - [MESSAGE][PASSED] - Delayed 2 second(s)

2018-12-06 21:56:02 - [TEST_STEP][PASSED] - setText: Text 'CRN12201800123063' is set on object 'Object Repository/Final Object Repo/New Registration - Registration Module Pages/New Reg - OTC to RO/Special Case - All Related Objects/TextBox RefNo in Workbasket'

2018-12-06 21:56:02 - [MESSAGE][PASSED] - Text 'CRN12201800123063' is set on object 'Object Repository/Final Object Repo/New Registration - Registration Module Pages/New Reg - OTC to RO/Special Case - All Related Objects/TextBox RefNo in Workbasket'

2018-12-06 21:56:02 - [TEST_STEP][PASSED] - delay: Delayed 2 second(s)

2018-12-06 21:56:04 - [MESSAGE][PASSED] - Delayed 2 second(s)

2018-12-06 21:56:04 - [TEST_STEP][PASSED] - click: Object: 'Object Repository/Final Object Repo/New Registration - Registration Module Pages/New Reg - OTC to RO/Special Case - All Related Objects/Click Search' is clicked on

2018-12-06 21:56:04 - [MESSAGE][PASSED] - Object: 'Object Repository/Final Object Repo/New Registration - Registration Module Pages/New Reg - OTC to RO/Special Case - All Related Objects/Click Search' is clicked on

2018-12-06 21:56:04 - [TEST_STEP][PASSED] - delay: Delayed 2 second(s)

2018-12-06 21:56:06 - [MESSAGE][PASSED] - Delayed 2 second(s)

2018-12-06 21:56:06 - [TEST_STEP][PASSED] - click: Object: 'Object Repository/Final Object Repo/New Registration - Registration Module Pages/New Reg - OTC to RO/Special Case - All Related Objects/Click to Continue Workflow' is clicked on

2018-12-06 21:56:09 - [MESSAGE][PASSED] - Object: 'Object Repository/Final Object Repo/New Registration - Registration Module Pages/New Reg - OTC to RO/Special Case - All Related Objects/Click to Continue Workflow' is clicked on

2018-12-06 21:56:09 - [TEST_STEP][PASSED] - delay: Delayed 2 second(s)

2018-12-06 21:56:11 - [MESSAGE][PASSED] - Delayed 2 second(s)

2018-12-06 21:56:11 - [TEST_STEP][PASSED] - click: Object: 'Object Repository/Final Object Repo/New Registration - Registration Module Pages/New Reg - OTC to RO/Special Case - All Related Objects/Continue Button in verifying case' is clicked on

2018-12-06 21:56:14 - [MESSAGE][PASSED] - Object: 'Object Repository/Final Object Repo/New Registration - Registration Module Pages/New Reg - OTC to RO/Special Case - All Related Objects/Continue Button in verifying case' is clicked on

2018-12-06 21:56:14 - [TEST_STEP][PASSED] - delay: Delayed 2 second(s)

2018-12-06 21:56:16 - [MESSAGE][PASSED] - Delayed 2 second(s)

2018-12-06 21:56:16 - [TEST_STEP][PASSED] - click: Object: 'Object Repository/Final Object Repo/New Registration - Registration Module Pages/Form 1/Registered As a Branch - Yes' is clicked on

2018-12-06 21:56:16 - [MESSAGE][PASSED] - Object: 'Object Repository/Final Object Repo/New Registration - Registration Module Pages/Form 1/Registered As a Branch - Yes' is clicked on

2018-12-06 21:56:16 - [TEST_STEP][PASSED] - delay: Delayed 2 second(s)

2018-12-06 21:56:18 - [MESSAGE][PASSED] - Delayed 2 second(s)

2018-12-06 21:56:18 - [TEST_STEP][PASSED] - click: Object: 'Object Repository/Final Object Repo/New Registration - Registration Module Pages/New Reg - OTC to RO/Special Case - All Related Objects/Form 1 Save n Continue' is clicked on

2018-12-06 21:56:18 - [MESSAGE][PASSED] - Object: 'Object Repository/Final Object Repo/New Registration - Registration Module Pages/New Reg - OTC to RO/Special Case - All Related Objects/Form 1 Save n Continue' is clicked on

2018-12-06 21:56:18 - [TEST_STEP][PASSED] - delay: Delayed 2 second(s)

2018-12-06 21:56:20 - [MESSAGE][PASSED] - Delayed 2 second(s)

2018-12-06 21:56:20 - [TEST_STEP][PASSED] - click: Object: 'Object Repository/Final Object Repo/New Registration - Registration Module Pages/New Reg - OTC to RO/Special Case - All Related Objects/Form 2 Save n Continue' is clicked on

2018-12-06 21:56:20 - [MESSAGE][PASSED] - Object: 'Object Repository/Final Object Repo/New Registration - Registration Module Pages/New Reg - OTC to RO/Special Case - All Related Objects/Form 2 Save n Continue' is clicked on

2018-12-06 21:56:20 - [TEST_STEP][PASSED] - delay: Delayed 2 second(s)

2018-12-06 21:56:22 - [MESSAGE][PASSED] - Delayed 2 second(s)

2018-12-06 21:56:22 - [TEST_STEP][PASSED] - click: Object: 'Object Repository/Final Object Repo/New Registration - Registration Module Pages/New Reg - OTC to RO/Special Case - All Related Objects/Third Screen Save n Continue' is clicked on

2018-12-06 21:56:27 - [MESSAGE][PASSED] - Object: 'Object Repository/Final Object Repo/New Registration - Registration Module Pages/New Reg - OTC to RO/Special Case - All Related Objects/Third Screen Save n Continue' is clicked on

2018-12-06 21:56:27 - [TEST_STEP][PASSED] - delay: Delayed 5 second(s)

2018-12-06 21:56:32 - [MESSAGE][PASSED] - Delayed 5 second(s)

2018-12-06 21:56:32 - [TEST_STEP][PASSED] - click: Object: 'Object Repository/Final Object Repo/New Registration - Registration Module Pages/New Reg - OTC to RO/Special Case - All Related Objects/Upload Doc Page Save n Continue' is clicked on

2018-12-06 21:56:33 - [MESSAGE][PASSED] - Object: 'Object Repository/Final Object Repo/New Registration - Registration Module Pages/New Reg - OTC to RO/Special Case - All Related Objects/Upload Doc Page Save n Continue' is clicked on

2018-12-06 21:56:33 - [TEST_STEP][PASSED] - delay: Delayed 5 second(s)

2018-12-06 21:56:38 - [MESSAGE][PASSED] - Delayed 5 second(s)

2018-12-06 21:56:38 - [TEST_STEP][PASSED] - click: Object: 'Object Repository/Final Object Repo/New Registration - Registration Module Pages/New Reg - OTC to RO/Special Case - All Related Objects/Under Enforcement Button at Preview Screen of RO' is clicked on

2018-12-06 21:56:38 - [MESSAGE][PASSED] - Object: 'Object Repository/Final Object Repo/New Registration - Registration Module Pages/New Reg - OTC to RO/Special Case - All Related Objects/Under Enforcement Button at Preview Screen of RO' is clicked on

2018-12-06 21:56:38 - [TEST_STEP][PASSED] - delay: Delayed 5 second(s)

2018-12-06 21:56:43 - [MESSAGE][PASSED] - Delayed 5 second(s)

2018-12-06 21:56:43 - [TEST_STEP][PASSED] - click: Object: 'Object Repository/Final Object Repo/New Registration - Registration Module Pages/New Reg - OTC to RO/Special Case - All Related Objects/Under Enforcement - inner form' is clicked on

2018-12-06 21:56:43 - [MESSAGE][PASSED] - Object: 'Object Repository/Final Object Repo/New Registration - Registration Module Pages/New Reg - OTC to RO/Special Case - All Related Objects/Under Enforcement - inner form' is clicked on

2018-12-06 21:56:43 - [TEST_STEP][PASSED] - callTestCase: Call Test Case 'Test Cases/Final Aug 2018 - PKS Automation/Common/Screenshoting tool' successfully

2018-12-06 21:56:43 - [TEST_CASE][PASSED] - Test Cases/Final Aug 2018 - PKS Automation/Common/Screenshoting tool: Test Cases/Final Aug 2018 - PKS Automation/Common/Screenshoting tool

2018-12-06 21:56:43 - [TEST_STEP][PASSED] - delay: Delayed 15 second(s)

2018-12-06 21:56:58 - [MESSAGE][PASSED] - Delayed 15 second(s)

2018-12-06 21:56:58 - [TEST_STEP][PASSED] - Statement - driver = com.kms.katalon.core.webui.driver.DriverFactory.getWebDriver(): null

2018-12-06 21:56:58 - [TEST_STEP][PASSED] - Statement - driver.manage().timeouts().implicitlyWait(10, SECONDS): null

2018-12-06 21:56:58 - [TEST_STEP][PASSED] - Statement - PresavePath = KatalonScreenshots: null

2018-12-06 21:56:58 - [TEST_STEP][PASSED] - Statement - pathPrefix = "C:\Users\Public\Pictures\Sample Pictures\Katalon Screenshots\Automate Ending Screen": null

2018-12-06 21:56:58 - [TEST_STEP][PASSED] - Statement - finalPath = <not implemented yet for class: org.codehaus.groovy.ast.expr.EmptyExpression>: null

2018-12-06 21:56:58 - [TEST_STEP][PASSED] - Statement - scrFile = driver.getScreenshotAs(FILE): null

2018-12-06 21:56:58 - [TEST_STEP][PASSED] - Statement - PreSaveFile = new java.io.File(PresavePath): null

2018-12-06 21:56:58 - [TEST_STEP][PASSED] - Statement - counter = 0: null

2018-12-06 21:56:58 - [TEST_STEP][PASSED] - Statement - If (PreSaveFile.exists()): null

2018-12-06 21:56:58 - [TEST_STEP][PASSED] - Statement - While (PreSaveFile.exists()): null

2018-12-06 21:56:58 - [TEST_STEP][PASSED] - Statement - counter = counter + 1: null

2018-12-06 21:56:58 - [TEST_STEP][PASSED] - Statement - PreSaveFile = new java.io.File(((pathPrefix + java.lang.Integer.toString(counter)) + .png)): null

2018-12-06 21:56:58 - [TEST_STEP][PASSED] - Statement - counter = counter + 1: null

2018-12-06 21:56:58 - [TEST_STEP][PASSED] - Statement - PreSaveFile = new java.io.File(((pathPrefix + java.lang.Integer.toString(counter)) + .png)): null

2018-12-06 21:56:58 - [TEST_STEP][PASSED] - Statement - counter = counter + 1: null

2018-12-06 21:56:58 - [TEST_STEP][PASSED] - Statement - PreSaveFile = new java.io.File(((pathPrefix + java.lang.Integer.toString(counter)) + .png)): null

2018-12-06 21:56:58 - [TEST_STEP][PASSED] - Statement - counter = counter + 1: null

2018-12-06 21:56:58 - [TEST_STEP][PASSED] - Statement - PreSaveFile = new java.io.File(((pathPrefix + java.lang.Integer.toString(counter)) + .png)): null

2018-12-06 21:56:58 - [TEST_STEP][PASSED] - Statement - counter = counter + 1: null

2018-12-06 21:56:58 - [TEST_STEP][PASSED] - Statement - PreSaveFile = new java.io.File(((pathPrefix + java.lang.Integer.toString(counter)) + .png)): null

2018-12-06 21:56:58 - [TEST_STEP][PASSED] - Statement - counter = counter + 1: null

2018-12-06 21:56:58 - [TEST_STEP][PASSED] - Statement - PreSaveFile = new java.io.File(((pathPrefix + java.lang.Integer.toString(counter)) + .png)): null

2018-12-06 21:56:58 - [TEST_STEP][PASSED] - Statement - counter = counter + 1: null

2018-12-06 21:56:58 - [TEST_STEP][PASSED] - Statement - PreSaveFile = new java.io.File(((pathPrefix + java.lang.Integer.toString(counter)) + .png)): null

2018-12-06 21:56:58 - [TEST_STEP][PASSED] - Statement - counter = counter + 1: null

2018-12-06 21:56:58 - [TEST_STEP][PASSED] - Statement - PreSaveFile = new java.io.File(((pathPrefix + java.lang.Integer.toString(counter)) + .png)): null

2018-12-06 21:56:58 - [TEST_STEP][PASSED] - Statement - counter = counter + 1: null

2018-12-06 21:56:58 - [TEST_STEP][PASSED] - Statement - PreSaveFile = new java.io.File(((pathPrefix + java.lang.Integer.toString(counter)) + .png)): null

2018-12-06 21:56:58 - [TEST_STEP][PASSED] - Statement - counter = counter + 1: null

2018-12-06 21:56:58 - [TEST_STEP][PASSED] - Statement - PreSaveFile = new java.io.File(((pathPrefix + java.lang.Integer.toString(counter)) + .png)): null

2018-12-06 21:56:58 - [TEST_STEP][PASSED] - Statement - counter = counter + 1: null

2018-12-06 21:56:58 - [TEST_STEP][PASSED] - Statement - PreSaveFile = new java.io.File(((pathPrefix + java.lang.Integer.toString(counter)) + .png)): null

2018-12-06 21:56:58 - [TEST_STEP][PASSED] - Statement - counter = counter + 1: null

2018-12-06 21:56:58 - [TEST_STEP][PASSED] - Statement - PreSaveFile = new java.io.File(((pathPrefix + java.lang.Integer.toString(counter)) + .png)): null

2018-12-06 21:56:58 - [TEST_STEP][PASSED] - Statement - counter = counter + 1: null

2018-12-06 21:56:58 - [TEST_STEP][PASSED] - Statement - PreSaveFile = new java.io.File(((pathPrefix + java.lang.Integer.toString(counter)) + .png)): null

2018-12-06 21:56:58 - [TEST_STEP][PASSED] - Statement - counter = counter + 1: null

2018-12-06 21:56:58 - [TEST_STEP][PASSED] - Statement - PreSaveFile = new java.io.File(((pathPrefix + java.lang.Integer.toString(counter)) + .png)): null

2018-12-06 21:56:58 - [TEST_STEP][PASSED] - Statement - counter = counter + 1: null

2018-12-06 21:56:58 - [TEST_STEP][PASSED] - Statement - PreSaveFile = new java.io.File(((pathPrefix + java.lang.Integer.toString(counter)) + .png)): null

2018-12-06 21:56:58 - [TEST_STEP][PASSED] - Statement - counter = counter + 1: null

2018-12-06 21:56:58 - [TEST_STEP][PASSED] - Statement - PreSaveFile = new java.io.File(((pathPrefix + java.lang.Integer.toString(counter)) + .png)): null

2018-12-06 21:56:58 - [TEST_STEP][PASSED] - Statement - counter = counter + 1: null

2018-12-06 21:56:58 - [TEST_STEP][PASSED] - Statement - PreSaveFile = new java.io.File(((pathPrefix + java.lang.Integer.toString(counter)) + .png)): null

2018-12-06 21:56:58 - [TEST_STEP][PASSED] - Statement - counter = counter + 1: null

2018-12-06 21:56:58 - [TEST_STEP][PASSED] - Statement - PreSaveFile = new java.io.File(((pathPrefix + java.lang.Integer.toString(counter)) + .png)): null

2018-12-06 21:56:58 - [TEST_STEP][PASSED] - Statement - counter = counter + 1: null

2018-12-06 21:56:58 - [TEST_STEP][PASSED] - Statement - PreSaveFile = new java.io.File(((pathPrefix + java.lang.Integer.toString(counter)) + .png)): null

2018-12-06 21:56:58 - [TEST_STEP][PASSED] - Statement - counter = counter + 1: null

2018-12-06 21:56:58 - [TEST_STEP][PASSED] - Statement - PreSaveFile = new java.io.File(((pathPrefix + java.lang.Integer.toString(counter)) + .png)): null

2018-12-06 21:56:58 - [TEST_STEP][PASSED] - Statement - counter = counter + 1: null

2018-12-06 21:56:58 - [TEST_STEP][PASSED] - Statement - PreSaveFile = new java.io.File(((pathPrefix + java.lang.Integer.toString(counter)) + .png)): null

2018-12-06 21:56:58 - [TEST_STEP][PASSED] - Statement - counter = counter + 1: null

2018-12-06 21:56:58 - [TEST_STEP][PASSED] - Statement - PreSaveFile = new java.io.File(((pathPrefix + java.lang.Integer.toString(counter)) + .png)): null

2018-12-06 21:56:58 - [TEST_STEP][PASSED] - Statement - counter = counter + 1: null

2018-12-06 21:56:58 - [TEST_STEP][PASSED] - Statement - PreSaveFile = new java.io.File(((pathPrefix + java.lang.Integer.toString(counter)) + .png)): null

2018-12-06 21:56:58 - [TEST_STEP][PASSED] - Statement - counter = counter + 1: null

2018-12-06 21:56:58 - [TEST_STEP][PASSED] - Statement - PreSaveFile = new java.io.File(((pathPrefix + java.lang.Integer.toString(counter)) + .png)): null

2018-12-06 21:56:58 - [TEST_STEP][PASSED] - Statement - counter = counter + 1: null

2018-12-06 21:56:58 - [TEST_STEP][PASSED] - Statement - PreSaveFile = new java.io.File(((pathPrefix + java.lang.Integer.toString(counter)) + .png)): null

2018-12-06 21:56:58 - [TEST_STEP][PASSED] - Statement - counter = counter + 1: null

2018-12-06 21:56:58 - [TEST_STEP][PASSED] - Statement - PreSaveFile = new java.io.File(((pathPrefix + java.lang.Integer.toString(counter)) + .png)): null

2018-12-06 21:56:58 - [TEST_STEP][PASSED] - Statement - counter = counter + 1: null

2018-12-06 21:56:58 - [TEST_STEP][PASSED] - Statement - PreSaveFile = new java.io.File(((pathPrefix + java.lang.Integer.toString(counter)) + .png)): null

2018-12-06 21:56:58 - [TEST_STEP][PASSED] - Statement - counter = counter + 1: null

2018-12-06 21:56:58 - [TEST_STEP][PASSED] - Statement - PreSaveFile = new java.io.File(((pathPrefix + java.lang.Integer.toString(counter)) + .png)): null

2018-12-06 21:56:58 - [TEST_STEP][PASSED] - Statement - counter = counter + 1: null

2018-12-06 21:56:58 - [TEST_STEP][PASSED] - Statement - PreSaveFile = new java.io.File(((pathPrefix + java.lang.Integer.toString(counter)) + .png)): null

2018-12-06 21:56:58 - [TEST_STEP][PASSED] - Statement - counter = counter + 1: null

2018-12-06 21:56:58 - [TEST_STEP][PASSED] - Statement - PreSaveFile = new java.io.File(((pathPrefix + java.lang.Integer.toString(counter)) + .png)): null

2018-12-06 21:56:58 - [TEST_STEP][PASSED] - Statement - counter = counter + 1: null

2018-12-06 21:56:58 - [TEST_STEP][PASSED] - Statement - PreSaveFile = new java.io.File(((pathPrefix + java.lang.Integer.toString(counter)) + .png)): null

2018-12-06 21:56:58 - [TEST_STEP][PASSED] - Statement - finalPath = pathPrefix + java.lang.Integer.toString(counter) + ".png": null

2018-12-06 21:56:58 - [TEST_STEP][PASSED] - Statement - SaveFile = new java.io.File(finalPath): null

2018-12-06 21:56:58 - [TEST_STEP][PASSED] - Statement - Try: null

2018-12-06 21:56:58 - [TEST_STEP][PASSED] - Statement - org.apache.commons.io.FileUtils.copyFile(scrFile, SaveFile): null

2018-12-06 21:56:58 - [TEST_STEP][PASSED] - Statement - out.println("file kept"): null

2018-12-06 21:56:58 - [TEST_STEP][PASSED] - delay: Delayed 10 second(s)

2018-12-06 21:57:08 - [MESSAGE][PASSED] - Delayed 10 second(s)

2018-12-06 21:57:08 - [MESSAGE][PASSED] - Call Test Case 'Test Cases/Final Aug 2018 - PKS Automation/Common/Screenshoting tool' successfully

2018-12-06 21:57:08 - [TEST_STEP][PASSED] - callTestCase: Call Test Case 'Test Cases/Final Aug 2018 - PKS Automation/Registration Module/Log Out/log out avoiding katalon tagging' successfully

2018-12-06 21:57:08 - [TEST_CASE][PASSED] - Test Cases/Final Aug 2018 - PKS Automation/Registration Module/Log Out/log out avoiding katalon tagging: Test Cases/Final Aug 2018 - PKS Automation/Registration Module/Log Out/log out avoiding katalon tagging

2018-12-06 21:57:08 - [TEST_STEP][PASSED] - navigateToUrl: Navigate to 'https://assist2-uat.perkeso.gov.my/c/portal/logout' successfully

2018-12-06 21:57:09 - [MESSAGE][PASSED] - Navigate to 'https://assist2-uat.perkeso.gov.my/c/portal/logout' successfully

2018-12-06 21:57:09 - [MESSAGE][PASSED] - Call Test Case 'Test Cases/Final Aug 2018 - PKS Automation/Registration Module/Log Out/log out avoiding katalon tagging' successfully

2018-12-06 21:57:09 - [TEST_STEP][PASSED] - delay: Delayed 2 second(s)

2018-12-06 21:57:11 - [MESSAGE][PASSED] - Delayed 2 second(s)

2018-12-06 21:57:11 - [TEST_STEP][PASSED] - setText: Text 'johorro1@gmail.com' is set on object 'Object Repository/Final Object Repo/New Registration - Registration Module Pages/New Reg - OTC to RO/Special Case - All Related Objects/Email TextBox'

2018-12-06 21:57:12 - [MESSAGE][PASSED] - Text 'johorro1@gmail.com' is set on object 'Object Repository/Final Object Repo/New Registration - Registration Module Pages/New Reg - OTC to RO/Special Case - All Related Objects/Email TextBox'

2018-12-06 21:57:12 - [TEST_STEP][PASSED] - click: Object: 'Object Repository/Final Object Repo/New Registration - Registration Module Pages/New Reg - OTC to RO/Special Case - All Related Objects/Next Button' is clicked on

2018-12-06 21:57:12 - [MESSAGE][PASSED] - Object: 'Object Repository/Final Object Repo/New Registration - Registration Module Pages/New Reg - OTC to RO/Special Case - All Related Objects/Next Button' is clicked on

2018-12-06 21:57:12 - [TEST_STEP][PASSED] - delay: Delayed 2 second(s)

2018-12-06 21:57:14 - [MESSAGE][PASSED] - Delayed 2 second(s)

2018-12-06 21:57:14 - [TEST_STEP][PASSED] - setText: Text 'Test1@3456789' is set on object 'Object Repository/Final Object Repo/New Registration - Registration Module Pages/New Reg - OTC to RO/Special Case - All Related Objects/Password TextBox'

2018-12-06 21:57:14 - [MESSAGE][PASSED] - Text 'Test1@3456789' is set on object 'Object Repository/Final Object Repo/New Registration - Registration Module Pages/New Reg - OTC to RO/Special Case - All Related Objects/Password TextBox'

2018-12-06 21:57:14 - [TEST_STEP][PASSED] - delay: Delayed 2 second(s)

2018-12-06 21:57:16 - [MESSAGE][PASSED] - Delayed 2 second(s)

2018-12-06 21:57:16 - [TEST_STEP][PASSED] - click: Object: 'Object Repository/Final Object Repo/New Registration - Registration Module Pages/New Reg - OTC to RO/Special Case - All Related Objects/Login Button' is clicked on

2018-12-06 21:57:16 - [MESSAGE][PASSED] - Object: 'Object Repository/Final Object Repo/New Registration - Registration Module Pages/New Reg - OTC to RO/Special Case - All Related Objects/Login Button' is clicked on

2018-12-06 21:57:16 - [TEST_STEP][PASSED] - delay: Delayed 2 second(s)

2018-12-06 21:57:18 - [MESSAGE][PASSED] - Delayed 2 second(s)

2018-12-06 21:57:18 - [TEST_STEP][PASSED] - Statement - Try: null

2018-12-06 21:57:18 - [TEST_STEP][PASSED] - Statement - Checker = com.kms.katalon.core.webui.keyword.WebUiBuiltInKeywords.verifyElementNotPresent("Final Object Repo/Landing Page/Select to English", 3): null

2018-12-06 21:57:18 - [TEST_STEP][PASSED] - Statement - Catch (Exception e): null

2018-12-06 21:57:18 - [TEST_STEP][PASSED] - Statement - e.printStackTrace(): null

2018-12-06 21:57:18 - [TEST_STEP][PASSED] - click: Object: 'Object Repository/Final Object Repo/New Registration - Registration Module Pages/New Reg - OTC to RO/Special Case - All Related Objects/Expand to Search' is clicked on

2018-12-06 21:57:18 - [MESSAGE][PASSED] - Object: 'Object Repository/Final Object Repo/New Registration - Registration Module Pages/New Reg - OTC to RO/Special Case - All Related Objects/Expand to Search' is clicked on

2018-12-06 21:57:18 - [TEST_STEP][PASSED] - delay: Delayed 2 second(s)

2018-12-06 21:57:20 - [MESSAGE][PASSED] - Delayed 2 second(s)

2018-12-06 21:57:20 - [TEST_STEP][PASSED] - setText: Text 'CRN12201800123063' is set on object 'Object Repository/Final Object Repo/New Registration - Registration Module Pages/New Reg - OTC to RO/Special Case - All Related Objects/TextBox RefNo in Workbasket'

2018-12-06 21:57:21 - [MESSAGE][PASSED] - Text 'CRN12201800123063' is set on object 'Object Repository/Final Object Repo/New Registration - Registration Module Pages/New Reg - OTC to RO/Special Case - All Related Objects/TextBox RefNo in Workbasket'

2018-12-06 21:57:21 - [TEST_STEP][PASSED] - delay: Delayed 2 second(s)

2018-12-06 21:57:23 - [MESSAGE][PASSED] - Delayed 2 second(s)

2018-12-06 21:57:23 - [TEST_STEP][PASSED] - click: Object: 'Object Repository/Final Object Repo/New Registration - Registration Module Pages/New Reg - OTC to RO/Special Case - All Related Objects/Click Search' is clicked on

2018-12-06 21:57:23 - [MESSAGE][PASSED] - Object: 'Object Repository/Final Object Repo/New Registration - Registration Module Pages/New Reg - OTC to RO/Special Case - All Related Objects/Click Search' is clicked on

2018-12-06 21:57:23 - [TEST_STEP][PASSED] - delay: Delayed 2 second(s)

2018-12-06 21:57:25 - [MESSAGE][PASSED] - Delayed 2 second(s)

2018-12-06 21:57:25 - [TEST_STEP][PASSED] - click: Object: 'Object Repository/Final Object Repo/New Registration - Registration Module Pages/New Reg - OTC to RO/Special Case - All Related Objects/Click to Continue Workflow' is clicked on

2018-12-06 21:57:28 - [MESSAGE][PASSED] - Object: 'Object Repository/Final Object Repo/New Registration - Registration Module Pages/New Reg - OTC to RO/Special Case - All Related Objects/Click to Continue Workflow' is clicked on

2018-12-06 21:57:28 - [TEST_STEP][PASSED] - delay: Delayed 2 second(s)

2018-12-06 21:57:30 - [MESSAGE][PASSED] - Delayed 2 second(s)

2018-12-06 21:57:30 - [TEST_STEP][PASSED] - click: Object: 'Object Repository/Final Object Repo/New Registration - Registration Module Pages/New Reg - OTC to RO/Special Case - All Related Objects/Continue Button in verifying case' is clicked on

2018-12-06 21:57:32 - [MESSAGE][PASSED] - Object: 'Object Repository/Final Object Repo/New Registration - Registration Module Pages/New Reg - OTC to RO/Special Case - All Related Objects/Continue Button in verifying case' is clicked on

2018-12-06 21:57:32 - [TEST_STEP][PASSED] - delay: Delayed 2 second(s)

2018-12-06 21:57:34 - [MESSAGE][PASSED] - Delayed 2 second(s)

2018-12-06 21:57:34 - [TEST_STEP][PASSED] - click: Object: 'Object Repository/Final Object Repo/New Registration - Registration Module Pages/Form 1/Registered As a Branch - Yes' is clicked on

2018-12-06 21:57:34 - [MESSAGE][PASSED] - Object: 'Object Repository/Final Object Repo/New Registration - Registration Module Pages/Form 1/Registered As a Branch - Yes' is clicked on

2018-12-06 21:57:34 - [TEST_STEP][PASSED] - delay: Delayed 2 second(s)

2018-12-06 21:57:36 - [MESSAGE][PASSED] - Delayed 2 second(s)

2018-12-06 21:57:36 - [TEST_STEP][PASSED] - click: Object: 'Object Repository/Final Object Repo/New Registration - Registration Module Pages/New Reg - OTC to RO/Special Case - All Related Objects/Form 1 Save n Continue' is clicked on

2018-12-06 21:57:36 - [MESSAGE][PASSED] - Object: 'Object Repository/Final Object Repo/New Registration - Registration Module Pages/New Reg - OTC to RO/Special Case - All Related Objects/Form 1 Save n Continue' is clicked on

2018-12-06 21:57:36 - [TEST_STEP][PASSED] - delay: Delayed 2 second(s)

2018-12-06 21:57:38 - [MESSAGE][PASSED] - Delayed 2 second(s)

2018-12-06 21:57:38 - [TEST_STEP][PASSED] - click: Object: 'Object Repository/Final Object Repo/New Registration - Registration Module Pages/New Reg - OTC to RO/Special Case - All Related Objects/Form 2 Save n Continue' is clicked on

2018-12-06 21:57:38 - [MESSAGE][PASSED] - Object: 'Object Repository/Final Object Repo/New Registration - Registration Module Pages/New Reg - OTC to RO/Special Case - All Related Objects/Form 2 Save n Continue' is clicked on

2018-12-06 21:57:38 - [TEST_STEP][PASSED] - delay: Delayed 2 second(s)

2018-12-06 21:57:40 - [MESSAGE][PASSED] - Delayed 2 second(s)

2018-12-06 21:57:40 - [TEST_STEP][PASSED] - click: Object: 'Object Repository/Final Object Repo/New Registration - Registration Module Pages/New Reg - OTC to RO/Special Case - All Related Objects/Third Screen Save n Continue' is clicked on

2018-12-06 21:57:46 - [MESSAGE][PASSED] - Object: 'Object Repository/Final Object Repo/New Registration - Registration Module Pages/New Reg - OTC to RO/Special Case - All Related Objects/Third Screen Save n Continue' is clicked on

2018-12-06 21:57:46 - [TEST_STEP][PASSED] - delay: Delayed 5 second(s)

2018-12-06 21:57:51 - [MESSAGE][PASSED] - Delayed 5 second(s)

2018-12-06 21:57:51 - [TEST_STEP][PASSED] - click: Object: 'Object Repository/Final Object Repo/New Registration - Registration Module Pages/New Reg - OTC to RO/Special Case - All Related Objects/Upload Doc Page Save n Continue' is clicked on

2018-12-06 21:57:51 - [MESSAGE][PASSED] - Object: 'Object Repository/Final Object Repo/New Registration - Registration Module Pages/New Reg - OTC to RO/Special Case - All Related Objects/Upload Doc Page Save n Continue' is clicked on

2018-12-06 21:57:51 - [TEST_STEP][PASSED] - delay: Delayed 5 second(s)

2018-12-06 21:57:56 - [MESSAGE][PASSED] - Delayed 5 second(s)

2018-12-06 21:57:56 - [TEST_STEP][PASSED] - callTestCase: Call Test Case 'Test Cases/Final Aug 2018 - PKS Automation/Registration Module/New Registration/Submit and Screenshot/Submit Registration and Screenshot' successfully

2018-12-06 21:57:56 - [TEST_CASE][PASSED] - Test Cases/Final Aug 2018 - PKS Automation/Registration Module/New Registration/Submit and Screenshot/Submit Registration and Screenshot: Test Cases/Final Aug 2018 - PKS Automation/Registration Module/New Registration/Submit and Screenshot/Submit Registration and Screenshot

2018-12-06 21:57:56 - [TEST_STEP][PASSED] - delay: Delayed 6 second(s)

2018-12-06 21:58:02 - [MESSAGE][PASSED] - Delayed 6 second(s)

2018-12-06 21:58:02 - [TEST_STEP][PASSED] - click: Object: 'Object Repository/Final Object Repo/New Registration - Registration Module Pages/Third Screen - Upload Supporting Doc- Preview/Preview Submit Button' is clicked on

2018-12-06 21:58:02 - [MESSAGE][PASSED] - Object: 'Object Repository/Final Object Repo/New Registration - Registration Module Pages/Third Screen - Upload Supporting Doc- Preview/Preview Submit Button' is clicked on

2018-12-06 21:58:02 - [TEST_STEP][PASSED] - delay: Delayed 2 second(s)

2018-12-06 21:58:04 - [MESSAGE][PASSED] - Delayed 2 second(s)

2018-12-06 21:58:04 - [TEST_STEP][PASSED] - click: Object: 'Object Repository/Final Object Repo/New Registration - Registration Module Pages/Third Screen - Upload Supporting Doc- Preview/Preview Submit - Confirm' is clicked on

2018-12-06 21:58:05 - [MESSAGE][PASSED] - Object: 'Object Repository/Final Object Repo/New Registration - Registration Module Pages/Third Screen - Upload Supporting Doc- Preview/Preview Submit - Confirm' is clicked on

2018-12-06 21:58:05 - [TEST_STEP][PASSED] - delay: Delayed 15 second(s)

2018-12-06 21:58:20 - [MESSAGE][PASSED] - Delayed 15 second(s)

2018-12-06 21:58:20 - [TEST_STEP][PASSED] - Statement - driver = com.kms.katalon.core.webui.driver.DriverFactory.getWebDriver(): null

2018-12-06 21:58:20 - [TEST_STEP][PASSED] - Statement - driver.manage().timeouts().implicitlyWait(10, SECONDS): null

2018-12-06 21:58:20 - [TEST_STEP][PASSED] - Statement - PresavePath = KatalonScreenshots: null

2018-12-06 21:58:20 - [TEST_STEP][PASSED] - Statement - pathPrefix = "C:\Users\Public\Pictures\Sample Pictures\Katalon Screenshots\Automate Ending Screen": null

2018-12-06 21:58:20 - [TEST_STEP][PASSED] - Statement - finalPath = <not implemented yet for class: org.codehaus.groovy.ast.expr.EmptyExpression>: null

2018-12-06 21:58:20 - [TEST_STEP][PASSED] - Statement - scrFile = driver.getScreenshotAs(FILE): null

2018-12-06 21:58:24 - [TEST_STEP][PASSED] - Statement - PreSaveFile = new java.io.File(PresavePath): null

2018-12-06 21:58:24 - [TEST_STEP][PASSED] - Statement - counter = 0: null

2018-12-06 21:58:24 - [TEST_STEP][PASSED] - Statement - If (PreSaveFile.exists()): null

2018-12-06 21:58:24 - [TEST_STEP][PASSED] - Statement - While (PreSaveFile.exists()): null

2018-12-06 21:58:24 - [TEST_STEP][PASSED] - Statement - counter = counter + 1: null

2018-12-06 21:58:24 - [TEST_STEP][PASSED] - Statement - PreSaveFile = new java.io.File(((pathPrefix + java.lang.Integer.toString(counter)) + .png)): null

2018-12-06 21:58:24 - [TEST_STEP][PASSED] - Statement - counter = counter + 1: null

2018-12-06 21:58:24 - [TEST_STEP][PASSED] - Statement - PreSaveFile = new java.io.File(((pathPrefix + java.lang.Integer.toString(counter)) + .png)): null

2018-12-06 21:58:24 - [TEST_STEP][PASSED] - Statement - counter = counter + 1: null

2018-12-06 21:58:24 - [TEST_STEP][PASSED] - Statement - PreSaveFile = new java.io.File(((pathPrefix + java.lang.Integer.toString(counter)) + .png)): null

2018-12-06 21:58:24 - [TEST_STEP][PASSED] - Statement - counter = counter + 1: null

2018-12-06 21:58:24 - [TEST_STEP][PASSED] - Statement - PreSaveFile = new java.io.File(((pathPrefix + java.lang.Integer.toString(counter)) + .png)): null

2018-12-06 21:58:24 - [TEST_STEP][PASSED] - Statement - counter = counter + 1: null

2018-12-06 21:58:24 - [TEST_STEP][PASSED] - Statement - PreSaveFile = new java.io.File(((pathPrefix + java.lang.Integer.toString(counter)) + .png)): null

2018-12-06 21:58:24 - [TEST_STEP][PASSED] - Statement - counter = counter + 1: null

2018-12-06 21:58:24 - [TEST_STEP][PASSED] - Statement - PreSaveFile = new java.io.File(((pathPrefix + java.lang.Integer.toString(counter)) + .png)): null

2018-12-06 21:58:24 - [TEST_STEP][PASSED] - Statement - counter = counter + 1: null

2018-12-06 21:58:24 - [TEST_STEP][PASSED] - Statement - PreSaveFile = new java.io.File(((pathPrefix + java.lang.Integer.toString(counter)) + .png)): null

2018-12-06 21:58:24 - [TEST_STEP][PASSED] - Statement - counter = counter + 1: null

2018-12-06 21:58:24 - [TEST_STEP][PASSED] - Statement - PreSaveFile = new java.io.File(((pathPrefix + java.lang.Integer.toString(counter)) + .png)): null

2018-12-06 21:58:24 - [TEST_STEP][PASSED] - Statement - counter = counter + 1: null

2018-12-06 21:58:24 - [TEST_STEP][PASSED] - Statement - PreSaveFile = new java.io.File(((pathPrefix + java.lang.Integer.toString(counter)) + .png)): null

2018-12-06 21:58:24 - [TEST_STEP][PASSED] - Statement - counter = counter + 1: null

2018-12-06 21:58:24 - [TEST_STEP][PASSED] - Statement - PreSaveFile = new java.io.File(((pathPrefix + java.lang.Integer.toString(counter)) + .png)): null

2018-12-06 21:58:24 - [TEST_STEP][PASSED] - Statement - counter = counter + 1: null

2018-12-06 21:58:24 - [TEST_STEP][PASSED] - Statement - PreSaveFile = new java.io.File(((pathPrefix + java.lang.Integer.toString(counter)) + .png)): null

2018-12-06 21:58:24 - [TEST_STEP][PASSED] - Statement - counter = counter + 1: null

2018-12-06 21:58:24 - [TEST_STEP][PASSED] - Statement - PreSaveFile = new java.io.File(((pathPrefix + java.lang.Integer.toString(counter)) + .png)): null

2018-12-06 21:58:24 - [TEST_STEP][PASSED] - Statement - counter = counter + 1: null

2018-12-06 21:58:24 - [TEST_STEP][PASSED] - Statement - PreSaveFile = new java.io.File(((pathPrefix + java.lang.Integer.toString(counter)) + .png)): null

2018-12-06 21:58:24 - [TEST_STEP][PASSED] - Statement - counter = counter + 1: null

2018-12-06 21:58:24 - [TEST_STEP][PASSED] - Statement - PreSaveFile = new java.io.File(((pathPrefix + java.lang.Integer.toString(counter)) + .png)): null

2018-12-06 21:58:24 - [TEST_STEP][PASSED] - Statement - counter = counter + 1: null

2018-12-06 21:58:24 - [TEST_STEP][PASSED] - Statement - PreSaveFile = new java.io.File(((pathPrefix + java.lang.Integer.toString(counter)) + .png)): null

2018-12-06 21:58:24 - [TEST_STEP][PASSED] - Statement - counter = counter + 1: null

2018-12-06 21:58:24 - [TEST_STEP][PASSED] - Statement - PreSaveFile = new java.io.File(((pathPrefix + java.lang.Integer.toString(counter)) + .png)): null

2018-12-06 21:58:24 - [TEST_STEP][PASSED] - Statement - counter = counter + 1: null

2018-12-06 21:58:24 - [TEST_STEP][PASSED] - Statement - PreSaveFile = new java.io.File(((pathPrefix + java.lang.Integer.toString(counter)) + .png)): null

2018-12-06 21:58:24 - [TEST_STEP][PASSED] - Statement - counter = counter + 1: null

2018-12-06 21:58:24 - [TEST_STEP][PASSED] - Statement - PreSaveFile = new java.io.File(((pathPrefix + java.lang.Integer.toString(counter)) + .png)): null

2018-12-06 21:58:24 - [TEST_STEP][PASSED] - Statement - counter = counter + 1: null

2018-12-06 21:58:24 - [TEST_STEP][PASSED] - Statement - PreSaveFile = new java.io.File(((pathPrefix + java.lang.Integer.toString(counter)) + .png)): null

2018-12-06 21:58:24 - [TEST_STEP][PASSED] - Statement - counter = counter + 1: null

2018-12-06 21:58:24 - [TEST_STEP][PASSED] - Statement - PreSaveFile = new java.io.File(((pathPrefix + java.lang.Integer.toString(counter)) + .png)): null

2018-12-06 21:58:24 - [TEST_STEP][PASSED] - Statement - counter = counter + 1: null

2018-12-06 21:58:24 - [TEST_STEP][PASSED] - Statement - PreSaveFile = new java.io.File(((pathPrefix + java.lang.Integer.toString(counter)) + .png)): null

2018-12-06 21:58:24 - [TEST_STEP][PASSED] - Statement - counter = counter + 1: null

2018-12-06 21:58:24 - [TEST_STEP][PASSED] - Statement - PreSaveFile = new java.io.File(((pathPrefix + java.lang.Integer.toString(counter)) + .png)): null

2018-12-06 21:58:24 - [TEST_STEP][PASSED] - Statement - counter = counter + 1: null

2018-12-06 21:58:24 - [TEST_STEP][PASSED] - Statement - PreSaveFile = new java.io.File(((pathPrefix + java.lang.Integer.toString(counter)) + .png)): null

2018-12-06 21:58:24 - [TEST_STEP][PASSED] - Statement - counter = counter + 1: null

2018-12-06 21:58:24 - [TEST_STEP][PASSED] - Statement - PreSaveFile = new java.io.File(((pathPrefix + java.lang.Integer.toString(counter)) + .png)): null

2018-12-06 21:58:24 - [TEST_STEP][PASSED] - Statement - counter = counter + 1: null

2018-12-06 21:58:24 - [TEST_STEP][PASSED] - Statement - PreSaveFile = new java.io.File(((pathPrefix + java.lang.Integer.toString(counter)) + .png)): null

2018-12-06 21:58:24 - [TEST_STEP][PASSED] - Statement - counter = counter + 1: null

2018-12-06 21:58:24 - [TEST_STEP][PASSED] - Statement - PreSaveFile = new java.io.File(((pathPrefix + java.lang.Integer.toString(counter)) + .png)): null

2018-12-06 21:58:24 - [TEST_STEP][PASSED] - Statement - counter = counter + 1: null

2018-12-06 21:58:24 - [TEST_STEP][PASSED] - Statement - PreSaveFile = new java.io.File(((pathPrefix + java.lang.Integer.toString(counter)) + .png)): null

2018-12-06 21:58:24 - [TEST_STEP][PASSED] - Statement - counter = counter + 1: null

2018-12-06 21:58:24 - [TEST_STEP][PASSED] - Statement - PreSaveFile = new java.io.File(((pathPrefix + java.lang.Integer.toString(counter)) + .png)): null

2018-12-06 21:58:24 - [TEST_STEP][PASSED] - Statement - counter = counter + 1: null

2018-12-06 21:58:24 - [TEST_STEP][PASSED] - Statement - PreSaveFile = new java.io.File(((pathPrefix + java.lang.Integer.toString(counter)) + .png)): null

2018-12-06 21:58:24 - [TEST_STEP][PASSED] - Statement - counter = counter + 1: null

2018-12-06 21:58:24 - [TEST_STEP][PASSED] - Statement - PreSaveFile = new java.io.File(((pathPrefix + java.lang.Integer.toString(counter)) + .png)): null

2018-12-06 21:58:24 - [TEST_STEP][PASSED] - Statement - counter = counter + 1: null

2018-12-06 21:58:24 - [TEST_STEP][PASSED] - Statement - PreSaveFile = new java.io.File(((pathPrefix + java.lang.Integer.toString(counter)) + .png)): null

2018-12-06 21:58:24 - [TEST_STEP][PASSED] - Statement - counter = counter + 1: null

2018-12-06 21:58:24 - [TEST_STEP][PASSED] - Statement - PreSaveFile = new java.io.File(((pathPrefix + java.lang.Integer.toString(counter)) + .png)): null

2018-12-06 21:58:24 - [TEST_STEP][PASSED] - Statement - finalPath = pathPrefix + java.lang.Integer.toString(counter) + ".png": null

2018-12-06 21:58:24 - [TEST_STEP][PASSED] - Statement - SaveFile = new java.io.File(finalPath): null

2018-12-06 21:58:24 - [TEST_STEP][PASSED] - Statement - Try: null

2018-12-06 21:58:24 - [TEST_STEP][PASSED] - Statement - org.apache.commons.io.FileUtils.copyFile(scrFile, SaveFile): null

2018-12-06 21:58:24 - [TEST_STEP][PASSED] - Statement - out.println("file kept"): null

2018-12-06 21:58:24 - [TEST_STEP][PASSED] - delay: Delayed 10 second(s)

2018-12-06 21:58:34 - [MESSAGE][PASSED] - Delayed 10 second(s)

2018-12-06 21:58:34 - [MESSAGE][PASSED] - Call Test Case 'Test Cases/Final Aug 2018 - PKS Automation/Registration Module/New Registration/Submit and Screenshot/Submit Registration and Screenshot' successfully

2018-12-06 21:58:34 - [TEST_STEP][PASSED] - callTestCase: Call Test Case 'Test Cases/Final Aug 2018 - PKS Automation/Registration Module/Log Out/log out avoiding katalon tagging' successfully

2018-12-06 21:58:34 - [TEST_CASE][PASSED] - Test Cases/Final Aug 2018 - PKS Automation/Registration Module/Log Out/log out avoiding katalon tagging: Test Cases/Final Aug 2018 - PKS Automation/Registration Module/Log Out/log out avoiding katalon tagging

2018-12-06 21:58:34 - [TEST_STEP][PASSED] - navigateToUrl: Navigate to 'https://assist2-uat.perkeso.gov.my/c/portal/logout' successfully

2018-12-06 21:58:35 - [MESSAGE][PASSED] - Navigate to 'https://assist2-uat.perkeso.gov.my/c/portal/logout' successfully

2018-12-06 21:58:35 - [MESSAGE][PASSED] - Call Test Case 'Test Cases/Final Aug 2018 - PKS Automation/Registration Module/Log Out/log out avoiding katalon tagging' successfully]]></system-out>
         <system-err><![CDATA[]]></system-err>
      </testcase>
      <testcase name="Test Cases/Final Aug 2018 - PKS Automation/Registration Module/Workflow/New Registration/OTC - PKR BO - RO Query (Routed 2 Time)" classname="Test Cases/Final Aug 2018 - PKS Automation/Registration Module/Workflow/New Registration/OTC - PKR BO - RO Query (Routed 2 Time)" status="FAILED">
         <failure type="FAILED" message="(Stack trace: com.kms.katalon.core.exception.StepFailedException: Unable to click on object 'Object Repository/Final Object Repo/New Registration - Registration Module Pages/New Reg - OTC to RO/Special Case - All Related Objects/Confirm to Query' (Root cause: org.openqa.selenium.ElementNotVisibleException: element not interactable
  (Session info: chrome=70.0.3538.110)
  (Driver info: chromedriver=2.43.600210 (68dcf5eebde37173d4027fa8635e332711d2874a),platform=Windows NT 6.1.7601 SP1 x86_64) (WARNING: The server did not provide any stacktrace information)
Command duration or timeout: 0 milliseconds
Build info: version: '3.7.1', revision: '8a0099a', time: '2017-11-06T21:07:36.161Z'
System info: host: 'WIN7TEST02', ip: '10.20.3.72', os.name: 'Windows 7', os.arch: 'amd64', os.version: '6.1', java.version: '1.8.0_181'
Driver info: com.kms.katalon.selenium.driver.CChromeDriver
Capabilities {acceptInsecureCerts: false, acceptSslCerts: false, applicationCacheEnabled: false, browserConnectionEnabled: false, browserName: chrome, chrome: {chromedriverVersion: 2.43.600210 (68dcf5eebde371..., userDataDir: C:\Users\Admin\AppData\Loca...}, cssSelectorsEnabled: true, databaseEnabled: false, goog:chromeOptions: {debuggerAddress: localhost:60986}, handlesAlerts: true, hasTouchScreen: false, javascriptEnabled: true, locationContextEnabled: true, mobileEmulationEnabled: false, nativeEvents: true, networkConnectionEnabled: false, pageLoadStrategy: normal, platform: XP, platformName: XP, rotatable: false, setWindowRect: true, takesHeapSnapshot: true, takesScreenshot: true, unexpectedAlertBehaviour: , unhandledPromptBehavior: , version: 70.0.3538.110, webStorageEnabled: true}
Session ID: 2fa7898b3cc40910af4a232573a02c21)
	at com.kms.katalon.core.keyword.internal.KeywordMain.stepFailed(KeywordMain.groovy:32)
	at com.kms.katalon.core.webui.keyword.internal.WebUIKeywordMain.stepFailed(WebUIKeywordMain.groovy:65)
	at com.kms.katalon.core.webui.keyword.internal.WebUIKeywordMain.runKeyword(WebUIKeywordMain.groovy:27)
	at com.kms.katalon.core.webui.keyword.builtin.ClickKeyword.click(ClickKeyword.groovy:86)
	at com.kms.katalon.core.webui.keyword.builtin.ClickKeyword.execute(ClickKeyword.groovy:67)
	at com.kms.katalon.core.keyword.internal.KeywordExecutor.executeKeywordForPlatform(KeywordExecutor.groovy:53)
	at com.kms.katalon.core.webui.keyword.WebUiBuiltInKeywords.click(WebUiBuiltInKeywords.groovy:616)
	at com.kms.katalon.core.webui.keyword.WebUiBuiltInKeywords$click$2.call(Unknown Source)
	at org.codehaus.groovy.runtime.callsite.CallSiteArray.defaultCall(CallSiteArray.java:48)
	at org.codehaus.groovy.runtime.callsite.AbstractCallSite.call(AbstractCallSite.java:113)
	at org.codehaus.groovy.runtime.callsite.AbstractCallSite.call(AbstractCallSite.java:125)
	at Script1535599531593.run(Script1535599531593.groovy:194)
	at com.kms.katalon.core.main.ScriptEngine.run(ScriptEngine.java:183)
	at com.kms.katalon.core.main.ScriptEngine.runScriptAsRawText(ScriptEngine.java:108)
	at com.kms.katalon.core.main.TestCaseExecutor.runScript(TestCaseExecutor.java:294)
	at com.kms.katalon.core.main.TestCaseExecutor.doExecute(TestCaseExecutor.java:285)
	at com.kms.katalon.core.main.TestCaseExecutor.processExecutionPhase(TestCaseExecutor.java:264)
	at com.kms.katalon.core.main.TestCaseExecutor.accessMainPhase(TestCaseExecutor.java:256)
	at com.kms.katalon.core.main.TestCaseExecutor.execute(TestCaseExecutor.java:200)
	at com.kms.katalon.core.main.TestSuiteExecutor.accessTestCaseMainPhase(TestSuiteExecutor.java:129)
	at com.kms.katalon.core.main.TestSuiteExecutor.accessTestSuiteMainPhase(TestSuiteExecutor.java:112)
	at com.kms.katalon.core.main.TestSuiteExecutor.execute(TestSuiteExecutor.java:81)
	at com.kms.katalon.core.main.TestCaseMain.startTestSuite(TestCaseMain.java:142)
	at com.kms.katalon.core.main.TestCaseMain$startTestSuite$0.call(Unknown Source)
	at org.codehaus.groovy.runtime.callsite.CallSiteArray.defaultCall(CallSiteArray.java:48)
	at org.codehaus.groovy.runtime.callsite.AbstractCallSite.call(AbstractCallSite.java:113)
	at org.codehaus.groovy.runtime.callsite.AbstractCallSite.call(AbstractCallSite.java:141)
	at TempTestSuite1544087654896.run(TempTestSuite1544087654896.groovy:36)
	at groovy.lang.GroovyShell.runScriptOrMainOrTestOrRunnable(GroovyShell.java:263)
	at groovy.lang.GroovyShell.run(GroovyShell.java:518)
	at groovy.lang.GroovyShell.run(GroovyShell.java:507)
	at groovy.ui.GroovyMain.processOnce(GroovyMain.java:653)
	at groovy.ui.GroovyMain.run(GroovyMain.java:384)
	at groovy.ui.GroovyMain.process(GroovyMain.java:370)
	at groovy.ui.GroovyMain.processArgs(GroovyMain.java:129)
	at groovy.ui.GroovyMain.main(GroovyMain.java:109)
	at sun.reflect.NativeMethodAccessorImpl.invoke0(Native Method)
	at sun.reflect.NativeMethodAccessorImpl.invoke(NativeMethodAccessorImpl.java:62)
	at sun.reflect.DelegatingMethodAccessorImpl.invoke(DelegatingMethodAccessorImpl.java:43)
	at java.lang.reflect.Method.invoke(Method.java:498)
	at org.codehaus.groovy.tools.GroovyStarter.rootLoader(GroovyStarter.java:109)
	at org.codehaus.groovy.tools.GroovyStarter.main(GroovyStarter.java:131)
)"/>
         <system-out><![CDATA[2018-12-06 21:58:35 - [TEST_CASE][FAILED] - Test Cases/Final Aug 2018 - PKS Automation/Registration Module/Workflow/New Registration/OTC - PKR BO - RO Query (Routed 2 Time): Test Cases/Final Aug 2018 - PKS Automation/Registration Module/Workflow/New Registration/OTC - PKR BO - RO Query (Routed 2 Time) FAILED because (of) (Stack trace: com.kms.katalon.core.exception.StepFailedException: Unable to click on object 'Object Repository/Final Object Repo/New Registration - Registration Module Pages/New Reg - OTC to RO/Special Case - All Related Objects/Confirm to Query' (Root cause: org.openqa.selenium.ElementNotVisibleException: element not interactable
  (Session info: chrome=70.0.3538.110)
  (Driver info: chromedriver=2.43.600210 (68dcf5eebde37173d4027fa8635e332711d2874a),platform=Windows NT 6.1.7601 SP1 x86_64) (WARNING: The server did not provide any stacktrace information)
Command duration or timeout: 0 milliseconds
Build info: version: '3.7.1', revision: '8a0099a', time: '2017-11-06T21:07:36.161Z'
System info: host: 'WIN7TEST02', ip: '10.20.3.72', os.name: 'Windows 7', os.arch: 'amd64', os.version: '6.1', java.version: '1.8.0_181'
Driver info: com.kms.katalon.selenium.driver.CChromeDriver
Capabilities {acceptInsecureCerts: false, acceptSslCerts: false, applicationCacheEnabled: false, browserConnectionEnabled: false, browserName: chrome, chrome: {chromedriverVersion: 2.43.600210 (68dcf5eebde371..., userDataDir: C:\Users\Admin\AppData\Loca...}, cssSelectorsEnabled: true, databaseEnabled: false, goog:chromeOptions: {debuggerAddress: localhost:60986}, handlesAlerts: true, hasTouchScreen: false, javascriptEnabled: true, locationContextEnabled: true, mobileEmulationEnabled: false, nativeEvents: true, networkConnectionEnabled: false, pageLoadStrategy: normal, platform: XP, platformName: XP, rotatable: false, setWindowRect: true, takesHeapSnapshot: true, takesScreenshot: true, unexpectedAlertBehaviour: , unhandledPromptBehavior: , version: 70.0.3538.110, webStorageEnabled: true}
Session ID: 2fa7898b3cc40910af4a232573a02c21)
	at com.kms.katalon.core.keyword.internal.KeywordMain.stepFailed(KeywordMain.groovy:32)
	at com.kms.katalon.core.webui.keyword.internal.WebUIKeywordMain.stepFailed(WebUIKeywordMain.groovy:65)
	at com.kms.katalon.core.webui.keyword.internal.WebUIKeywordMain.runKeyword(WebUIKeywordMain.groovy:27)
	at com.kms.katalon.core.webui.keyword.builtin.ClickKeyword.click(ClickKeyword.groovy:86)
	at com.kms.katalon.core.webui.keyword.builtin.ClickKeyword.execute(ClickKeyword.groovy:67)
	at com.kms.katalon.core.keyword.internal.KeywordExecutor.executeKeywordForPlatform(KeywordExecutor.groovy:53)
	at com.kms.katalon.core.webui.keyword.WebUiBuiltInKeywords.click(WebUiBuiltInKeywords.groovy:616)
	at com.kms.katalon.core.webui.keyword.WebUiBuiltInKeywords$click$2.call(Unknown Source)
	at org.codehaus.groovy.runtime.callsite.CallSiteArray.defaultCall(CallSiteArray.java:48)
	at org.codehaus.groovy.runtime.callsite.AbstractCallSite.call(AbstractCallSite.java:113)
	at org.codehaus.groovy.runtime.callsite.AbstractCallSite.call(AbstractCallSite.java:125)
	at Script1535599531593.run(Script1535599531593.groovy:194)
	at com.kms.katalon.core.main.ScriptEngine.run(ScriptEngine.java:183)
	at com.kms.katalon.core.main.ScriptEngine.runScriptAsRawText(ScriptEngine.java:108)
	at com.kms.katalon.core.main.TestCaseExecutor.runScript(TestCaseExecutor.java:294)
	at com.kms.katalon.core.main.TestCaseExecutor.doExecute(TestCaseExecutor.java:285)
	at com.kms.katalon.core.main.TestCaseExecutor.processExecutionPhase(TestCaseExecutor.java:264)
	at com.kms.katalon.core.main.TestCaseExecutor.accessMainPhase(TestCaseExecutor.java:256)
	at com.kms.katalon.core.main.TestCaseExecutor.execute(TestCaseExecutor.java:200)
	at com.kms.katalon.core.main.TestSuiteExecutor.accessTestCaseMainPhase(TestSuiteExecutor.java:129)
	at com.kms.katalon.core.main.TestSuiteExecutor.accessTestSuiteMainPhase(TestSuiteExecutor.java:112)
	at com.kms.katalon.core.main.TestSuiteExecutor.execute(TestSuiteExecutor.java:81)
	at com.kms.katalon.core.main.TestCaseMain.startTestSuite(TestCaseMain.java:142)
	at com.kms.katalon.core.main.TestCaseMain$startTestSuite$0.call(Unknown Source)
	at org.codehaus.groovy.runtime.callsite.CallSiteArray.defaultCall(CallSiteArray.java:48)
	at org.codehaus.groovy.runtime.callsite.AbstractCallSite.call(AbstractCallSite.java:113)
	at org.codehaus.groovy.runtime.callsite.AbstractCallSite.call(AbstractCallSite.java:141)
	at TempTestSuite1544087654896.run(TempTestSuite1544087654896.groovy:36)
	at groovy.lang.GroovyShell.runScriptOrMainOrTestOrRunnable(GroovyShell.java:263)
	at groovy.lang.GroovyShell.run(GroovyShell.java:518)
	at groovy.lang.GroovyShell.run(GroovyShell.java:507)
	at groovy.ui.GroovyMain.processOnce(GroovyMain.java:653)
	at groovy.ui.GroovyMain.run(GroovyMain.java:384)
	at groovy.ui.GroovyMain.process(GroovyMain.java:370)
	at groovy.ui.GroovyMain.processArgs(GroovyMain.java:129)
	at groovy.ui.GroovyMain.main(GroovyMain.java:109)
	at sun.reflect.NativeMethodAccessorImpl.invoke0(Native Method)
	at sun.reflect.NativeMethodAccessorImpl.invoke(NativeMethodAccessorImpl.java:62)
	at sun.reflect.DelegatingMethodAccessorImpl.invoke(DelegatingMethodAccessorImpl.java:43)
	at java.lang.reflect.Method.invoke(Method.java:498)
	at org.codehaus.groovy.tools.GroovyStarter.rootLoader(GroovyStarter.java:109)
	at org.codehaus.groovy.tools.GroovyStarter.main(GroovyStarter.java:131)
)

2018-12-06 21:58:35 - [TEST_STEP][PASSED] - callTestCase: Call Test Case 'Test Cases/Final Aug 2018 - PKS Automation/Registration Module/Workflow/New Registration/Template/Special Case - OTC - Form 1' successfully

2018-12-06 21:58:35 - [TEST_CASE][PASSED] - Test Cases/Final Aug 2018 - PKS Automation/Registration Module/Workflow/New Registration/Template/Special Case - OTC - Form 1: Test Cases/Final Aug 2018 - PKS Automation/Registration Module/Workflow/New Registration/Template/Special Case - OTC - Form 1

2018-12-06 21:58:35 - [TEST_STEP][PASSED] - openBrowser: Browser is opened with url: ''

2018-12-06 21:58:35 - [MESSAGE][WARNING] - A browser is already opened. Closing browser and opening a new one

2018-12-06 21:58:39 - [MESSAGE][PASSED] - Browser is opened with url: ''

2018-12-06 21:58:39 - [TEST_STEP][PASSED] - navigateToUrl: Navigate to 'https://assist2-uat.perkeso.gov.my/login' successfully

2018-12-06 21:58:40 - [MESSAGE][PASSED] - Navigate to 'https://assist2-uat.perkeso.gov.my/login' successfully

2018-12-06 21:58:40 - [TEST_STEP][PASSED] - delay: Delayed 2 second(s)

2018-12-06 21:58:42 - [MESSAGE][PASSED] - Delayed 2 second(s)

2018-12-06 21:58:42 - [TEST_STEP][PASSED] - setText: Text 'klotc2@gmail.com' is set on object 'Object Repository/Final Object Repo/Login Page/Internal User/Email Address'

2018-12-06 21:58:43 - [MESSAGE][PASSED] - Text 'klotc2@gmail.com' is set on object 'Object Repository/Final Object Repo/Login Page/Internal User/Email Address'

2018-12-06 21:58:43 - [TEST_STEP][PASSED] - click: Object: 'Object Repository/Final Object Repo/Login Page/Internal User/Next Button' is clicked on

2018-12-06 21:58:43 - [MESSAGE][PASSED] - Object: 'Object Repository/Final Object Repo/Login Page/Internal User/Next Button' is clicked on

2018-12-06 21:58:43 - [TEST_STEP][PASSED] - delay: Delayed 2 second(s)

2018-12-06 21:58:45 - [MESSAGE][PASSED] - Delayed 2 second(s)

2018-12-06 21:58:45 - [TEST_STEP][PASSED] - setText: Text 'Test1@3456789' is set on object 'Object Repository/Final Object Repo/Login Page/Internal User/Password'

2018-12-06 21:58:45 - [MESSAGE][PASSED] - Text 'Test1@3456789' is set on object 'Object Repository/Final Object Repo/Login Page/Internal User/Password'

2018-12-06 21:58:45 - [TEST_STEP][PASSED] - delay: Delayed 2 second(s)

2018-12-06 21:58:47 - [MESSAGE][PASSED] - Delayed 2 second(s)

2018-12-06 21:58:47 - [TEST_STEP][PASSED] - click: Object: 'Object Repository/Final Object Repo/Login Page/Internal User/Login Button' is clicked on

2018-12-06 21:58:47 - [MESSAGE][PASSED] - Object: 'Object Repository/Final Object Repo/Login Page/Internal User/Login Button' is clicked on

2018-12-06 21:58:47 - [TEST_STEP][PASSED] - Statement - Try: null

2018-12-06 21:58:47 - [TEST_STEP][PASSED] - Statement - Checker = com.kms.katalon.core.webui.keyword.WebUiBuiltInKeywords.verifyElementNotPresent("Final Object Repo/Landing Page/Select to English", 3): null

2018-12-06 21:58:47 - [TEST_STEP][PASSED] - Statement - Catch (Exception e): null

2018-12-06 21:58:47 - [TEST_STEP][PASSED] - Statement - e.printStackTrace(): null

2018-12-06 21:58:47 - [TEST_STEP][PASSED] - delay: Delayed 5 second(s)

2018-12-06 21:58:52 - [MESSAGE][PASSED] - Delayed 5 second(s)

2018-12-06 21:58:52 - [TEST_STEP][PASSED] - click: Object: 'Object Repository/Final Object Repo/Landing Page/My Sites Drop Down' is clicked on

2018-12-06 21:58:52 - [MESSAGE][PASSED] - Object: 'Object Repository/Final Object Repo/Landing Page/My Sites Drop Down' is clicked on

2018-12-06 21:58:52 - [TEST_STEP][PASSED] - click: Object: 'Object Repository/Final Object Repo/Landing Page/Select to Registration Module' is clicked on

2018-12-06 21:58:53 - [MESSAGE][PASSED] - Object: 'Object Repository/Final Object Repo/Landing Page/Select to Registration Module' is clicked on

2018-12-06 21:58:53 - [TEST_STEP][PASSED] - click: Object: 'Object Repository/Final Object Repo/Landing Page/Registration Button' is clicked on

2018-12-06 21:58:55 - [MESSAGE][PASSED] - Object: 'Object Repository/Final Object Repo/Landing Page/Registration Button' is clicked on

2018-12-06 21:58:55 - [TEST_STEP][PASSED] - delay: Delayed 2 second(s)

2018-12-06 21:58:57 - [MESSAGE][PASSED] - Delayed 2 second(s)

2018-12-06 21:58:57 - [TEST_STEP][PASSED] - click: Object: 'Object Repository/Final Object Repo/New Registration - Registration Module Pages/New Reg - OTC to RO/Special Case - OTC - Form 1/AEC NO' is clicked on

2018-12-06 21:58:57 - [MESSAGE][PASSED] - Object: 'Object Repository/Final Object Repo/New Registration - Registration Module Pages/New Reg - OTC to RO/Special Case - OTC - Form 1/AEC NO' is clicked on

2018-12-06 21:58:57 - [TEST_STEP][PASSED] - click: Object: 'Object Repository/Final Object Repo/New Registration - Registration Module Pages/New Reg - OTC to RO/Special Case - OTC - Form 1/Business Entity - Please Select' is clicked on

2018-12-06 21:58:57 - [MESSAGE][PASSED] - Object: 'Object Repository/Final Object Repo/New Registration - Registration Module Pages/New Reg - OTC to RO/Special Case - OTC - Form 1/Business Entity - Please Select' is clicked on

2018-12-06 21:58:57 - [TEST_STEP][PASSED] - click: Object: 'Object Repository/Final Object Repo/New Registration - Registration Module Pages/New Reg - OTC to RO/Special Case - OTC - Form 1/Selected - Corporation' is clicked on

2018-12-06 21:58:57 - [MESSAGE][PASSED] - Object: 'Object Repository/Final Object Repo/New Registration - Registration Module Pages/New Reg - OTC to RO/Special Case - OTC - Form 1/Selected - Corporation' is clicked on

2018-12-06 21:58:57 - [TEST_STEP][PASSED] - delay: Delayed 2 second(s)

2018-12-06 21:58:59 - [MESSAGE][PASSED] - Delayed 2 second(s)

2018-12-06 21:58:59 - [TEST_STEP][PASSED] - click: Object: 'Object Repository/Final Object Repo/New Registration - Registration Module Pages/New Reg - OTC to RO/Special Case - OTC - Form 1/Sub Business Entity - Please Select' is clicked on

2018-12-06 21:59:00 - [MESSAGE][PASSED] - Object: 'Object Repository/Final Object Repo/New Registration - Registration Module Pages/New Reg - OTC to RO/Special Case - OTC - Form 1/Sub Business Entity - Please Select' is clicked on

2018-12-06 21:59:00 - [TEST_STEP][PASSED] - delay: Delayed 2 second(s)

2018-12-06 21:59:02 - [MESSAGE][PASSED] - Delayed 2 second(s)

2018-12-06 21:59:02 - [TEST_STEP][PASSED] - click: Object: 'Object Repository/Final Object Repo/New Registration - Registration Module Pages/New Reg - OTC to RO/Special Case - OTC - Form 1/Selected - Sendirian Berhad' is clicked on

2018-12-06 21:59:02 - [MESSAGE][PASSED] - Object: 'Object Repository/Final Object Repo/New Registration - Registration Module Pages/New Reg - OTC to RO/Special Case - OTC - Form 1/Selected - Sendirian Berhad' is clicked on

2018-12-06 21:59:02 - [TEST_STEP][PASSED] - setText: Text 'AUTOMATE001' is set on object 'Object Repository/Final Object Repo/New Registration - Registration Module Pages/New Reg - OTC to RO/Special Case - OTC - Form 1/Input BRN Number'

2018-12-06 21:59:02 - [MESSAGE][PASSED] - Text 'AUTOMATE001' is set on object 'Object Repository/Final Object Repo/New Registration - Registration Module Pages/New Reg - OTC to RO/Special Case - OTC - Form 1/Input BRN Number'

2018-12-06 21:59:02 - [TEST_STEP][PASSED] - delay: Delayed 2 second(s)

2018-12-06 21:59:04 - [MESSAGE][PASSED] - Delayed 2 second(s)

2018-12-06 21:59:04 - [TEST_STEP][PASSED] - click: Object: 'Object Repository/Final Object Repo/New Registration - Registration Module Pages/New Reg - OTC to RO/Special Case - OTC - Form 1/BRN Search' is clicked on

2018-12-06 21:59:04 - [MESSAGE][PASSED] - Object: 'Object Repository/Final Object Repo/New Registration - Registration Module Pages/New Reg - OTC to RO/Special Case - OTC - Form 1/BRN Search' is clicked on

2018-12-06 21:59:04 - [TEST_STEP][PASSED] - delay: Delayed 4 second(s)

2018-12-06 21:59:08 - [MESSAGE][PASSED] - Delayed 4 second(s)

2018-12-06 21:59:08 - [TEST_STEP][PASSED] - click: Object: 'Object Repository/Final Object Repo/New Registration - Registration Module Pages/New Reg - OTC to RO/Special Case - OTC - Form 1/Registered with SSM - After Feb 2017' is clicked on

2018-12-06 21:59:09 - [MESSAGE][PASSED] - Object: 'Object Repository/Final Object Repo/New Registration - Registration Module Pages/New Reg - OTC to RO/Special Case - OTC - Form 1/Registered with SSM - After Feb 2017' is clicked on

2018-12-06 21:59:09 - [TEST_STEP][PASSED] - delay: Delayed 2 second(s)

2018-12-06 21:59:11 - [MESSAGE][PASSED] - Delayed 2 second(s)

2018-12-06 21:59:11 - [TEST_STEP][PASSED] - click: Object: 'Object Repository/Final Object Repo/New Registration - Registration Module Pages/New Reg - OTC to RO/Special Case - OTC - Form 1/Registering As A Branch - No' is clicked on

2018-12-06 21:59:11 - [MESSAGE][PASSED] - Object: 'Object Repository/Final Object Repo/New Registration - Registration Module Pages/New Reg - OTC to RO/Special Case - OTC - Form 1/Registering As A Branch - No' is clicked on

2018-12-06 21:59:11 - [TEST_STEP][PASSED] - click: Object: 'Object Repository/Final Object Repo/New Registration - Registration Module Pages/New Reg - OTC to RO/Special Case - OTC - Form 1/Acknowledgement Ticked' is clicked on

2018-12-06 21:59:11 - [MESSAGE][PASSED] - Object: 'Object Repository/Final Object Repo/New Registration - Registration Module Pages/New Reg - OTC to RO/Special Case - OTC - Form 1/Acknowledgement Ticked' is clicked on

2018-12-06 21:59:11 - [TEST_STEP][PASSED] - click: Object: 'Object Repository/Final Object Repo/New Registration - Registration Module Pages/New Reg - OTC to RO/Special Case - OTC - Form 1/Submit Button' is clicked on

2018-12-06 21:59:11 - [MESSAGE][PASSED] - Object: 'Object Repository/Final Object Repo/New Registration - Registration Module Pages/New Reg - OTC to RO/Special Case - OTC - Form 1/Submit Button' is clicked on

2018-12-06 21:59:11 - [TEST_STEP][PASSED] - delay: Delayed 2 second(s)

2018-12-06 21:59:13 - [MESSAGE][PASSED] - Delayed 2 second(s)

2018-12-06 21:59:13 - [TEST_STEP][PASSED] - click: Object: 'Object Repository/Final Object Repo/New Registration - Registration Module Pages/New Reg - OTC to RO/Special Case - OTC - Form 1/Confirm No Flagging as Branch' is clicked on

2018-12-06 21:59:13 - [MESSAGE][PASSED] - Object: 'Object Repository/Final Object Repo/New Registration - Registration Module Pages/New Reg - OTC to RO/Special Case - OTC - Form 1/Confirm No Flagging as Branch' is clicked on

2018-12-06 21:59:13 - [MESSAGE][PASSED] - Call Test Case 'Test Cases/Final Aug 2018 - PKS Automation/Registration Module/Workflow/New Registration/Template/Special Case - OTC - Form 1' successfully

2018-12-06 21:59:13 - [TEST_STEP][PASSED] - callTestCase: Call Test Case 'Test Cases/Final Aug 2018 - PKS Automation/Registration Module/New Registration/Form 2/Add 1 Eligible - Incomplete' successfully

2018-12-06 21:59:13 - [TEST_CASE][PASSED] - Test Cases/Final Aug 2018 - PKS Automation/Registration Module/New Registration/Form 2/Add 1 Eligible - Incomplete: Test Cases/Final Aug 2018 - PKS Automation/Registration Module/New Registration/Form 2/Add 1 Eligible - Incomplete

2018-12-06 21:59:14 - [TEST_STEP][PASSED] - delay: Delayed 2 second(s)

2018-12-06 21:59:16 - [MESSAGE][PASSED] - Delayed 2 second(s)

2018-12-06 21:59:16 - [TEST_STEP][PASSED] - callTestCase: Call Test Case 'Test Cases/Final Aug 2018 - PKS Automation/Registration Module/New Registration/Form 2/Date Updater' successfully

2018-12-06 21:59:16 - [TEST_CASE][PASSED] - Test Cases/Final Aug 2018 - PKS Automation/Registration Module/New Registration/Form 2/Date Updater: Test Cases/Final Aug 2018 - PKS Automation/Registration Module/New Registration/Form 2/Date Updater

2018-12-06 21:59:16 - [TEST_STEP][PASSED] - Statement - TodayDate = new java.util.Date(): null

2018-12-06 21:59:16 - [TEST_STEP][PASSED] - Statement - CurrentDateNoFilter = new java.text.SimpleDateFormat(): null

2018-12-06 21:59:16 - [TEST_STEP][PASSED] - Statement - CurrentDateNoFilter.applyPattern("MM"): null

2018-12-06 21:59:16 - [TEST_STEP][PASSED] - Statement - monthContainerMatcher = java.lang.Integer.parseInt(CurrentDateNoFilter.format(TodayDate)): null

2018-12-06 21:59:16 - [TEST_STEP][PASSED] - Statement - monthContainerMatcher = monthContainerMatcher - 1: null

2018-12-06 21:59:16 - [TEST_STEP][PASSED] - Statement - CurrentMonth = monthContainerMatcher.toString(): null

2018-12-06 21:59:16 - [TEST_STEP][PASSED] - Statement - CurrentMonth = CurrentMonth: null

2018-12-06 21:59:16 - [TEST_STEP][PASSED] - Statement - CurrentDateNoFilter.applyPattern("yyyy"): null

2018-12-06 21:59:16 - [TEST_STEP][PASSED] - Statement - CurrentYear = CurrentDateNoFilter.format(TodayDate): null

2018-12-06 21:59:16 - [TEST_STEP][PASSED] - Statement - CurrentYear = CurrentYear: null

2018-12-06 21:59:16 - [TEST_STEP][PASSED] - Statement - intCurrentYear = java.lang.Integer.parseInt(CurrentDateNoFilter.format(TodayDate)): null

2018-12-06 21:59:16 - [TEST_STEP][PASSED] - Statement - eighteenYrsAgo = intCurrentYear - 18: null

2018-12-06 21:59:16 - [TEST_STEP][PASSED] - Statement - eighteenYrsBeforeThisYr = eighteenYrsAgo.toString(): null

2018-12-06 21:59:16 - [TEST_STEP][PASSED] - Statement - EighteenYrsBefore = eighteenYrsBeforeThisYr: null

2018-12-06 21:59:16 - [TEST_STEP][PASSED] - Statement - fiftysevenYrsAgo = intCurrentYear - 57: null

2018-12-06 21:59:16 - [TEST_STEP][PASSED] - Statement - fiftysevenYrsBeforeThisYr = fiftysevenYrsAgo.toString(): null

2018-12-06 21:59:16 - [TEST_STEP][PASSED] - Statement - FiftysevenYrsBefore = fiftysevenYrsBeforeThisYr: null

2018-12-06 21:59:16 - [TEST_STEP][PASSED] - Statement - leapYear = false: null

2018-12-06 21:59:16 - [TEST_STEP][PASSED] - Statement - leapYear = intCurrentYear % 4 == 0: null

2018-12-06 21:59:16 - [TEST_STEP][PASSED] - Statement - CurrentDateNoFilter.applyPattern("dd"): null

2018-12-06 21:59:16 - [TEST_STEP][PASSED] - Statement - CurrentDate = CurrentDateNoFilter.format(TodayDate): null

2018-12-06 21:59:16 - [TEST_STEP][PASSED] - Statement - CurrentDate = java.lang.Integer.parseInt(CurrentDate): null

2018-12-06 21:59:16 - [TEST_STEP][PASSED] - Statement - CurrentDate = CurrentDate: null

2018-12-06 21:59:16 - [TEST_STEP][PASSED] - Statement - CurrentDay = java.lang.Integer.parseInt(CurrentDate): null

2018-12-06 21:59:16 - [TEST_STEP][PASSED] - Statement - ConfAdder = <not implemented yet for class: org.codehaus.groovy.ast.expr.EmptyExpression>: null

2018-12-06 21:59:16 - [TEST_STEP][PASSED] - Statement - out.println(CurrentMonth): null

2018-12-06 21:59:16 - [TEST_STEP][PASSED] - Statement - out.println(CurrentDate): null

2018-12-06 21:59:16 - [TEST_STEP][PASSED] - Statement - switch (CurrentDate): null

2018-12-06 21:59:16 - [TEST_STEP][PASSED] - Statement - Default: null

2018-12-06 21:59:16 - [TEST_STEP][PASSED] - Statement - ConfAdder = true: null

2018-12-06 21:59:16 - [TEST_STEP][PASSED] - Statement - Break: null

2018-12-06 21:59:16 - [TEST_STEP][PASSED] - Statement - aDayBefore = <not implemented yet for class: org.codehaus.groovy.ast.expr.EmptyExpression>: null

2018-12-06 21:59:16 - [TEST_STEP][PASSED] - Statement - out.println(ConfAdder): null

2018-12-06 21:59:16 - [TEST_STEP][PASSED] - Statement - If (ConfAdder == true): null

2018-12-06 21:59:16 - [TEST_STEP][PASSED] - Statement - aDayBefore = CurrentDay + 1: null

2018-12-06 21:59:16 - [TEST_STEP][PASSED] - Statement - out.println(aDayBefore): null

2018-12-06 21:59:16 - [TEST_STEP][PASSED] - Statement - If (aDayBefore == 1 && CurrentMonth == 11): null

2018-12-06 21:59:16 - [TEST_STEP][PASSED] - Statement - DayBefore = aDayBefore.toString(): null

2018-12-06 21:59:16 - [TEST_STEP][PASSED] - Statement - OneDayBefore = DayBefore: null

2018-12-06 21:59:16 - [MESSAGE][PASSED] - Call Test Case 'Test Cases/Final Aug 2018 - PKS Automation/Registration Module/New Registration/Form 2/Date Updater' successfully

2018-12-06 21:59:16 - [TEST_STEP][PASSED] - Statement - CaseReferenceNo = com.kms.katalon.core.webui.keyword.WebUiBuiltInKeywords.getText(com.kms.katalon.core.testobject.ObjectRepository.findTestObject(Final Object Repo/New Registration - Registration Module Pages/Form 2/RefNo Acquiring)): Text of object 'Object Repository/Final Object Repo/New Registration - Registration Module Pages/Form 2/RefNo Acquiring' is: 'CRN12201800123064'

2018-12-06 21:59:16 - [MESSAGE][PASSED] - Text of object 'Object Repository/Final Object Repo/New Registration - Registration Module Pages/Form 2/RefNo Acquiring' is: 'CRN12201800123064'

2018-12-06 21:59:16 - [TEST_STEP][PASSED] - delay: Delayed 4 second(s)

2018-12-06 21:59:20 - [MESSAGE][PASSED] - Delayed 4 second(s)

2018-12-06 21:59:20 - [TEST_STEP][PASSED] - click: Object: 'Object Repository/Final Object Repo/New Registration - Registration Module Pages/Form 2/Add Employee Button' is clicked on

2018-12-06 21:59:20 - [MESSAGE][PASSED] - Object: 'Object Repository/Final Object Repo/New Registration - Registration Module Pages/Form 2/Add Employee Button' is clicked on

2018-12-06 21:59:20 - [TEST_STEP][PASSED] - delay: Delayed 1 second(s)

2018-12-06 21:59:21 - [MESSAGE][PASSED] - Delayed 1 second(s)

2018-12-06 21:59:21 - [TEST_STEP][PASSED] - setText: Text '010903091984' is set on object 'Object Repository/Final Object Repo/New Registration - Registration Module Pages/Form 2/NRIC Input'

2018-12-06 21:59:21 - [MESSAGE][PASSED] - Text '010903091984' is set on object 'Object Repository/Final Object Repo/New Registration - Registration Module Pages/Form 2/NRIC Input'

2018-12-06 21:59:21 - [TEST_STEP][PASSED] - click: Object: 'Object Repository/Final Object Repo/New Registration - Registration Module Pages/Form 2/button for search for IC' is clicked on

2018-12-06 21:59:22 - [MESSAGE][PASSED] - Object: 'Object Repository/Final Object Repo/New Registration - Registration Module Pages/Form 2/button for search for IC' is clicked on

2018-12-06 21:59:22 - [TEST_STEP][PASSED] - delay: Delayed 2 second(s)

2018-12-06 21:59:24 - [MESSAGE][PASSED] - Delayed 2 second(s)

2018-12-06 21:59:24 - [TEST_STEP][PASSED] - setText: Text 'Automate001 eligible 1' is set on object 'Object Repository/Final Object Repo/New Registration - Registration Module Pages/Form 2/Employee Name Input'

2018-12-06 21:59:24 - [MESSAGE][PASSED] - Text 'Automate001 eligible 1' is set on object 'Object Repository/Final Object Repo/New Registration - Registration Module Pages/Form 2/Employee Name Input'

2018-12-06 21:59:24 - [TEST_STEP][PASSED] - delay: Delayed 2 second(s)

2018-12-06 21:59:26 - [MESSAGE][PASSED] - Delayed 2 second(s)

2018-12-06 21:59:26 - [TEST_STEP][PASSED] - click: Object: 'Object Repository/Final Object Repo/New Registration - Registration Module Pages/Form 2/DatePicker Pop Up' is clicked on

2018-12-06 21:59:26 - [MESSAGE][PASSED] - Object: 'Object Repository/Final Object Repo/New Registration - Registration Module Pages/Form 2/DatePicker Pop Up' is clicked on

2018-12-06 21:59:26 - [TEST_STEP][PASSED] - click: Object: 'Object Repository/Final Object Repo/New Registration - Registration Module Pages/Form 2/DOB Month' is clicked on

2018-12-06 21:59:26 - [MESSAGE][PASSED] - Object: 'Object Repository/Final Object Repo/New Registration - Registration Module Pages/Form 2/DOB Month' is clicked on

2018-12-06 21:59:26 - [TEST_STEP][PASSED] - Statement - CurrentMonth = CurrentMonth: null

2018-12-06 21:59:26 - [TEST_STEP][PASSED] - Statement - selectMonth = new com.kms.katalon.core.testobject.TestObject(): null

2018-12-06 21:59:26 - [TEST_STEP][PASSED] - Statement - selectMonth.addProperty("xpath", EQUALS, "//body/div/div/div/select/option[@value='" + CurrentMonth + "']", true): null

2018-12-06 21:59:26 - [TEST_STEP][PASSED] - click: Object: '' is clicked on

2018-12-06 21:59:27 - [MESSAGE][PASSED] - Object: '' is clicked on

2018-12-06 21:59:27 - [TEST_STEP][PASSED] - click: Object: 'Object Repository/Final Object Repo/New Registration - Registration Module Pages/Form 2/DOB Year' is clicked on

2018-12-06 21:59:27 - [MESSAGE][PASSED] - Object: 'Object Repository/Final Object Repo/New Registration - Registration Module Pages/Form 2/DOB Year' is clicked on

2018-12-06 21:59:27 - [TEST_STEP][PASSED] - Statement - Eyearsbf = EighteenYrsBefore: null

2018-12-06 21:59:27 - [TEST_STEP][PASSED] - Statement - selectYear = new com.kms.katalon.core.testobject.TestObject(): null

2018-12-06 21:59:27 - [TEST_STEP][PASSED] - Statement - selectYear.addProperty("xpath", EQUALS, "//div/div/div/select/option[@value='" + Eyearsbf + "']", true): null

2018-12-06 21:59:27 - [TEST_STEP][PASSED] - click: Object: '' is clicked on

2018-12-06 21:59:27 - [MESSAGE][PASSED] - Object: '' is clicked on

2018-12-06 21:59:27 - [TEST_STEP][PASSED] - Statement - UpdatedSelectDate = com.kms.katalon.core.webui.keyword.WebUiBuiltInKeywords.modifyObjectProperty(com.kms.katalon.core.testobject.ObjectRepository.findTestObject(Final Object Repo/New Registration - Registration Module Pages/Form 2/DOB Date), "xpath", "equals", "//body/div/table/tbody/tr/td/a[text()="" + CurrentDate + ""]", true): Modify property of object successfully

2018-12-06 21:59:27 - [MESSAGE][PASSED] - Modify property of object successfully

2018-12-06 21:59:27 - [TEST_STEP][PASSED] - delay: Delayed 3 second(s)

2018-12-06 21:59:30 - [MESSAGE][PASSED] - Delayed 3 second(s)

2018-12-06 21:59:30 - [TEST_STEP][PASSED] - click: Object: 'Object Repository/Final Object Repo/New Registration - Registration Module Pages/Form 2/DOB Date' is clicked on

2018-12-06 21:59:30 - [MESSAGE][PASSED] - Object: 'Object Repository/Final Object Repo/New Registration - Registration Module Pages/Form 2/DOB Date' is clicked on

2018-12-06 21:59:30 - [TEST_STEP][PASSED] - delay: Delayed 2 second(s)

2018-12-06 21:59:32 - [MESSAGE][PASSED] - Delayed 2 second(s)

2018-12-06 21:59:32 - [TEST_STEP][PASSED] - click: Object: 'Object Repository/Final Object Repo/New Registration - Registration Module Pages/Form 2/EmploymentStartDate Pop Up' is clicked on

2018-12-06 21:59:32 - [MESSAGE][PASSED] - Object: 'Object Repository/Final Object Repo/New Registration - Registration Module Pages/Form 2/EmploymentStartDate Pop Up' is clicked on

2018-12-06 21:59:32 - [TEST_STEP][PASSED] - delay: Delayed 2 second(s)

2018-12-06 21:59:34 - [MESSAGE][PASSED] - Delayed 2 second(s)

2018-12-06 21:59:34 - [TEST_STEP][PASSED] - click: Object: 'Object Repository/Final Object Repo/New Registration - Registration Module Pages/Form 2/Socso Employment StartDate Month' is clicked on

2018-12-06 21:59:34 - [MESSAGE][PASSED] - Object: 'Object Repository/Final Object Repo/New Registration - Registration Module Pages/Form 2/Socso Employment StartDate Month' is clicked on

2018-12-06 21:59:34 - [TEST_STEP][PASSED] - delay: Delayed 1 second(s)

2018-12-06 21:59:35 - [MESSAGE][PASSED] - Delayed 1 second(s)

2018-12-06 21:59:35 - [TEST_STEP][PASSED] - click: Object: 'Object Repository/Final Object Repo/New Registration - Registration Module Pages/Form 2/Select Socso Employement Startdate Month' is clicked on

2018-12-06 21:59:36 - [MESSAGE][PASSED] - Object: 'Object Repository/Final Object Repo/New Registration - Registration Module Pages/Form 2/Select Socso Employement Startdate Month' is clicked on

2018-12-06 21:59:36 - [TEST_STEP][PASSED] - delay: Delayed 2 second(s)

2018-12-06 21:59:38 - [MESSAGE][PASSED] - Delayed 2 second(s)

2018-12-06 21:59:38 - [TEST_STEP][PASSED] - click: Object: 'Object Repository/Final Object Repo/New Registration - Registration Module Pages/Form 2/Socso Employment StartDate Year' is clicked on

2018-12-06 21:59:38 - [MESSAGE][PASSED] - Object: 'Object Repository/Final Object Repo/New Registration - Registration Module Pages/Form 2/Socso Employment StartDate Year' is clicked on

2018-12-06 21:59:38 - [TEST_STEP][PASSED] - delay: Delayed 1 second(s)

2018-12-06 21:59:39 - [MESSAGE][PASSED] - Delayed 1 second(s)

2018-12-06 21:59:39 - [TEST_STEP][PASSED] - click: Object: 'Object Repository/Final Object Repo/New Registration - Registration Module Pages/Form 2/Select Socso Employment Startdate Year' is clicked on

2018-12-06 21:59:39 - [MESSAGE][PASSED] - Object: 'Object Repository/Final Object Repo/New Registration - Registration Module Pages/Form 2/Select Socso Employment Startdate Year' is clicked on

2018-12-06 21:59:39 - [TEST_STEP][PASSED] - delay: Delayed 2 second(s)

2018-12-06 21:59:41 - [MESSAGE][PASSED] - Delayed 2 second(s)

2018-12-06 21:59:41 - [TEST_STEP][PASSED] - click: Object: 'Object Repository/Final Object Repo/New Registration - Registration Module Pages/Form 2/Socso Employment Start Date Day' is clicked on

2018-12-06 21:59:41 - [MESSAGE][PASSED] - Object: 'Object Repository/Final Object Repo/New Registration - Registration Module Pages/Form 2/Socso Employment Start Date Day' is clicked on

2018-12-06 21:59:41 - [TEST_STEP][PASSED] - delay: Delayed 2 second(s)

2018-12-06 21:59:43 - [MESSAGE][PASSED] - Delayed 2 second(s)

2018-12-06 21:59:43 - [TEST_STEP][PASSED] - click: Object: 'Object Repository/Final Object Repo/New Registration - Registration Module Pages/Form 2/Save Button for Add Employee' is clicked on

2018-12-06 21:59:43 - [MESSAGE][PASSED] - Object: 'Object Repository/Final Object Repo/New Registration - Registration Module Pages/Form 2/Save Button for Add Employee' is clicked on

2018-12-06 21:59:43 - [TEST_STEP][PASSED] - delay: Delayed 6 second(s)

2018-12-06 21:59:49 - [MESSAGE][PASSED] - Delayed 6 second(s)

2018-12-06 21:59:49 - [TEST_STEP][PASSED] - click: Object: 'Object Repository/Final Object Repo/New Registration - Registration Module Pages/Form 2/Incomplete Checkbox' is clicked on

2018-12-06 21:59:49 - [MESSAGE][PASSED] - Object: 'Object Repository/Final Object Repo/New Registration - Registration Module Pages/Form 2/Incomplete Checkbox' is clicked on

2018-12-06 21:59:49 - [TEST_STEP][PASSED] - delay: Delayed 2 second(s)

2018-12-06 21:59:51 - [MESSAGE][PASSED] - Delayed 2 second(s)

2018-12-06 21:59:51 - [TEST_STEP][PASSED] - click: Object: 'Object Repository/Final Object Repo/New Registration - Registration Module Pages/Form 2/Save and Continue Form 2' is clicked on

2018-12-06 21:59:52 - [MESSAGE][PASSED] - Object: 'Object Repository/Final Object Repo/New Registration - Registration Module Pages/Form 2/Save and Continue Form 2' is clicked on

2018-12-06 21:59:52 - [MESSAGE][PASSED] - Call Test Case 'Test Cases/Final Aug 2018 - PKS Automation/Registration Module/New Registration/Form 2/Add 1 Eligible - Incomplete' successfully

2018-12-06 21:59:52 - [TEST_STEP][PASSED] - delay: Delayed 4 second(s)

2018-12-06 21:59:56 - [MESSAGE][PASSED] - Delayed 4 second(s)

2018-12-06 21:59:56 - [TEST_STEP][PASSED] - callTestCase: Call Test Case 'Test Cases/Final Aug 2018 - PKS Automation/Registration Module/New Registration/Flow of New Registration/Third Screen - Upload Supporting Doc - Preview' successfully

2018-12-06 21:59:56 - [TEST_CASE][PASSED] - Test Cases/Final Aug 2018 - PKS Automation/Registration Module/New Registration/Flow of New Registration/Third Screen - Upload Supporting Doc - Preview: Test Cases/Final Aug 2018 - PKS Automation/Registration Module/New Registration/Flow of New Registration/Third Screen - Upload Supporting Doc - Preview

2018-12-06 21:59:56 - [TEST_STEP][PASSED] - waitForPageLoad: Wait for page load successfully

2018-12-06 21:59:56 - [MESSAGE][PASSED] - Wait for page load successfully

2018-12-06 21:59:56 - [TEST_STEP][PASSED] - Statement - CaseReferenceNo = com.kms.katalon.core.webui.keyword.WebUiBuiltInKeywords.getText(com.kms.katalon.core.testobject.ObjectRepository.findTestObject(Final Object Repo/New Registration - Registration Module Pages/Third Screen - Upload Supporting Doc- Preview/RefNo Acquiring)): Text of object 'Object Repository/Final Object Repo/New Registration - Registration Module Pages/Third Screen - Upload Supporting Doc- Preview/RefNo Acquiring' is: 'CRN12201800123064'

2018-12-06 21:59:56 - [MESSAGE][PASSED] - Text of object 'Object Repository/Final Object Repo/New Registration - Registration Module Pages/Third Screen - Upload Supporting Doc- Preview/RefNo Acquiring' is: 'CRN12201800123064'

2018-12-06 21:59:56 - [TEST_STEP][PASSED] - delay: Delayed 2 second(s)

2018-12-06 21:59:58 - [MESSAGE][PASSED] - Delayed 2 second(s)

2018-12-06 21:59:58 - [TEST_STEP][PASSED] - callTestCase: Call Test Case 'Test Cases/Final Aug 2018 - PKS Automation/Common/Reference Number Setter' successfully

2018-12-06 21:59:58 - [TEST_CASE][PASSED] - Test Cases/Final Aug 2018 - PKS Automation/Common/Reference Number Setter: Test Cases/Final Aug 2018 - PKS Automation/Common/Reference Number Setter

2018-12-06 21:59:58 - [TEST_STEP][PASSED] - Statement - RefNoOldFile = new java.io.File(C://Users//Admin//Desktop//PKS//Automation Reference Point//KatalonReference.txt): null

2018-12-06 21:59:58 - [TEST_STEP][PASSED] - Statement - RefNoOldFile.delete(): null

2018-12-06 21:59:58 - [TEST_STEP][PASSED] - delay: Delayed 5 second(s)

2018-12-06 22:00:03 - [MESSAGE][PASSED] - Delayed 5 second(s)

2018-12-06 22:00:03 - [TEST_STEP][PASSED] - Statement - RefNo = new java.io.File(C://Users//Admin//Desktop//PKS//Automation Reference Point//KatalonReference.txt): null

2018-12-06 22:00:03 - [TEST_STEP][PASSED] - Statement - f2 = new java.io.FileWriter(RefNo, false): null

2018-12-06 22:00:03 - [TEST_STEP][PASSED] - Statement - f2.write(CaseReferenceNo): null

2018-12-06 22:00:03 - [TEST_STEP][PASSED] - Statement - f2.close(): null

2018-12-06 22:00:03 - [TEST_STEP][PASSED] - Statement - out.println("


" + CaseReferenceNo + "


"): null

2018-12-06 22:00:03 - [MESSAGE][PASSED] - Call Test Case 'Test Cases/Final Aug 2018 - PKS Automation/Common/Reference Number Setter' successfully

2018-12-06 22:00:03 - [TEST_STEP][PASSED] - waitForElementClickable: Object 'Object Repository/Final Object Repo/New Registration - Registration Module Pages/Third Screen - Upload Supporting Doc- Preview/Save n Continue in SIP Employee Listing Page' is clickable

2018-12-06 22:00:03 - [MESSAGE][PASSED] - Object 'Object Repository/Final Object Repo/New Registration - Registration Module Pages/Third Screen - Upload Supporting Doc- Preview/Save n Continue in SIP Employee Listing Page' is clickable

2018-12-06 22:00:03 - [TEST_STEP][PASSED] - click: Object: 'Object Repository/Final Object Repo/New Registration - Registration Module Pages/Third Screen - Upload Supporting Doc- Preview/Save n Continue in SIP Employee Listing Page' is clicked on

2018-12-06 22:00:08 - [MESSAGE][PASSED] - Object: 'Object Repository/Final Object Repo/New Registration - Registration Module Pages/Third Screen - Upload Supporting Doc- Preview/Save n Continue in SIP Employee Listing Page' is clicked on

2018-12-06 22:00:08 - [TEST_STEP][PASSED] - delay: Delayed 7 second(s)

2018-12-06 22:00:15 - [MESSAGE][PASSED] - Delayed 7 second(s)

2018-12-06 22:00:15 - [TEST_STEP][PASSED] - click: Object: 'Object Repository/Final Object Repo/New Registration - Registration Module Pages/Third Screen - Upload Supporting Doc- Preview/Add Document Button' is clicked on

2018-12-06 22:00:15 - [MESSAGE][PASSED] - Object: 'Object Repository/Final Object Repo/New Registration - Registration Module Pages/Third Screen - Upload Supporting Doc- Preview/Add Document Button' is clicked on

2018-12-06 22:00:15 - [TEST_STEP][PASSED] - delay: Delayed 30 second(s)

2018-12-06 22:00:45 - [MESSAGE][PASSED] - Delayed 30 second(s)

2018-12-06 22:00:45 - [TEST_STEP][PASSED] - click: Object: 'Object Repository/Final Object Repo/New Registration - Registration Module Pages/Third Screen - Upload Supporting Doc- Preview/Supporting Doc Please Select Drop Down' is clicked on

2018-12-06 22:00:46 - [MESSAGE][PASSED] - Object: 'Object Repository/Final Object Repo/New Registration - Registration Module Pages/Third Screen - Upload Supporting Doc- Preview/Supporting Doc Please Select Drop Down' is clicked on

2018-12-06 22:00:46 - [TEST_STEP][PASSED] - delay: Delayed 2 second(s)

2018-12-06 22:00:48 - [MESSAGE][PASSED] - Delayed 2 second(s)

2018-12-06 22:00:48 - [TEST_STEP][PASSED] - click: Object: 'Object Repository/Final Object Repo/New Registration - Registration Module Pages/Third Screen - Upload Supporting Doc- Preview/Select to Upload Form 1' is clicked on

2018-12-06 22:00:48 - [MESSAGE][PASSED] - Object: 'Object Repository/Final Object Repo/New Registration - Registration Module Pages/Third Screen - Upload Supporting Doc- Preview/Select to Upload Form 1' is clicked on

2018-12-06 22:00:48 - [TEST_STEP][PASSED] - delay: Delayed 2 second(s)

2018-12-06 22:00:50 - [MESSAGE][PASSED] - Delayed 2 second(s)

2018-12-06 22:00:50 - [TEST_STEP][PASSED] - uploadFile: File 'C:\Users\Public\Pictures\Sample Pictures\Koala.jpg' sent to object: 'Object Repository/Final Object Repo/New Registration - Registration Module Pages/Third Screen - Upload Supporting Doc- Preview/Upload File Adding'

2018-12-06 22:00:50 - [MESSAGE][PASSED] - File 'C:\Users\Public\Pictures\Sample Pictures\Koala.jpg' sent to object: 'Object Repository/Final Object Repo/New Registration - Registration Module Pages/Third Screen - Upload Supporting Doc- Preview/Upload File Adding'

2018-12-06 22:00:50 - [TEST_STEP][PASSED] - delay: Delayed 5 second(s)

2018-12-06 22:00:55 - [MESSAGE][PASSED] - Delayed 5 second(s)

2018-12-06 22:00:55 - [TEST_STEP][PASSED] - click: Object: 'Object Repository/Final Object Repo/New Registration - Registration Module Pages/Third Screen - Upload Supporting Doc- Preview/Inner Form Add Document Button' is clicked on

2018-12-06 22:00:55 - [MESSAGE][PASSED] - Object: 'Object Repository/Final Object Repo/New Registration - Registration Module Pages/Third Screen - Upload Supporting Doc- Preview/Inner Form Add Document Button' is clicked on

2018-12-06 22:00:55 - [TEST_STEP][PASSED] - delay: Delayed 3 second(s)

2018-12-06 22:00:58 - [MESSAGE][PASSED] - Delayed 3 second(s)

2018-12-06 22:00:58 - [TEST_STEP][PASSED] - click: Object: 'Object Repository/Final Object Repo/New Registration - Registration Module Pages/Third Screen - Upload Supporting Doc- Preview/Add Document Button' is clicked on

2018-12-06 22:00:59 - [MESSAGE][PASSED] - Object: 'Object Repository/Final Object Repo/New Registration - Registration Module Pages/Third Screen - Upload Supporting Doc- Preview/Add Document Button' is clicked on

2018-12-06 22:00:59 - [TEST_STEP][PASSED] - delay: Delayed 30 second(s)

2018-12-06 22:01:29 - [MESSAGE][PASSED] - Delayed 30 second(s)

2018-12-06 22:01:29 - [TEST_STEP][PASSED] - click: Object: 'Object Repository/Final Object Repo/New Registration - Registration Module Pages/Third Screen - Upload Supporting Doc- Preview/Supporting Doc Please Select Drop Down' is clicked on

2018-12-06 22:01:29 - [MESSAGE][PASSED] - Object: 'Object Repository/Final Object Repo/New Registration - Registration Module Pages/Third Screen - Upload Supporting Doc- Preview/Supporting Doc Please Select Drop Down' is clicked on

2018-12-06 22:01:29 - [TEST_STEP][PASSED] - delay: Delayed 2 second(s)

2018-12-06 22:01:31 - [MESSAGE][PASSED] - Delayed 2 second(s)

2018-12-06 22:01:31 - [TEST_STEP][PASSED] - click: Object: 'Object Repository/Final Object Repo/New Registration - Registration Module Pages/Third Screen - Upload Supporting Doc- Preview/Select to Upload Form 2' is clicked on

2018-12-06 22:01:32 - [MESSAGE][PASSED] - Object: 'Object Repository/Final Object Repo/New Registration - Registration Module Pages/Third Screen - Upload Supporting Doc- Preview/Select to Upload Form 2' is clicked on

2018-12-06 22:01:32 - [TEST_STEP][PASSED] - delay: Delayed 2 second(s)

2018-12-06 22:01:34 - [MESSAGE][PASSED] - Delayed 2 second(s)

2018-12-06 22:01:34 - [TEST_STEP][PASSED] - uploadFile: File 'C:\Users\Public\Pictures\Sample Pictures\Koala.jpg' sent to object: 'Object Repository/Final Object Repo/New Registration - Registration Module Pages/Third Screen - Upload Supporting Doc- Preview/Upload File Adding'

2018-12-06 22:01:34 - [MESSAGE][PASSED] - File 'C:\Users\Public\Pictures\Sample Pictures\Koala.jpg' sent to object: 'Object Repository/Final Object Repo/New Registration - Registration Module Pages/Third Screen - Upload Supporting Doc- Preview/Upload File Adding'

2018-12-06 22:01:34 - [TEST_STEP][PASSED] - click: Object: 'Object Repository/Final Object Repo/New Registration - Registration Module Pages/Third Screen - Upload Supporting Doc- Preview/Inner Form Add Document Button' is clicked on

2018-12-06 22:01:34 - [MESSAGE][PASSED] - Object: 'Object Repository/Final Object Repo/New Registration - Registration Module Pages/Third Screen - Upload Supporting Doc- Preview/Inner Form Add Document Button' is clicked on

2018-12-06 22:01:34 - [TEST_STEP][PASSED] - delay: Delayed 5 second(s)

2018-12-06 22:01:39 - [MESSAGE][PASSED] - Delayed 5 second(s)

2018-12-06 22:01:39 - [TEST_STEP][PASSED] - click: Object: 'Object Repository/Final Object Repo/New Registration - Registration Module Pages/Third Screen - Upload Supporting Doc- Preview/Add Document Button' is clicked on

2018-12-06 22:01:39 - [MESSAGE][PASSED] - Object: 'Object Repository/Final Object Repo/New Registration - Registration Module Pages/Third Screen - Upload Supporting Doc- Preview/Add Document Button' is clicked on

2018-12-06 22:01:39 - [TEST_STEP][PASSED] - delay: Delayed 30 second(s)

2018-12-06 22:02:09 - [MESSAGE][PASSED] - Delayed 30 second(s)

2018-12-06 22:02:09 - [TEST_STEP][PASSED] - click: Object: 'Object Repository/Final Object Repo/New Registration - Registration Module Pages/Third Screen - Upload Supporting Doc- Preview/Supporting Doc Please Select Drop Down' is clicked on

2018-12-06 22:02:09 - [MESSAGE][PASSED] - Object: 'Object Repository/Final Object Repo/New Registration - Registration Module Pages/Third Screen - Upload Supporting Doc- Preview/Supporting Doc Please Select Drop Down' is clicked on

2018-12-06 22:02:09 - [TEST_STEP][PASSED] - click: Object: 'Object Repository/Final Object Repo/New Registration - Registration Module Pages/Third Screen - Upload Supporting Doc- Preview/Select to Upload Borang SIP 1' is clicked on

2018-12-06 22:02:09 - [MESSAGE][PASSED] - Object: 'Object Repository/Final Object Repo/New Registration - Registration Module Pages/Third Screen - Upload Supporting Doc- Preview/Select to Upload Borang SIP 1' is clicked on

2018-12-06 22:02:09 - [TEST_STEP][PASSED] - delay: Delayed 2 second(s)

2018-12-06 22:02:11 - [MESSAGE][PASSED] - Delayed 2 second(s)

2018-12-06 22:02:11 - [TEST_STEP][PASSED] - uploadFile: File 'C:\Users\Public\Pictures\Sample Pictures\Koala.jpg' sent to object: 'Object Repository/Final Object Repo/New Registration - Registration Module Pages/Third Screen - Upload Supporting Doc- Preview/Upload File Adding'

2018-12-06 22:02:12 - [MESSAGE][PASSED] - File 'C:\Users\Public\Pictures\Sample Pictures\Koala.jpg' sent to object: 'Object Repository/Final Object Repo/New Registration - Registration Module Pages/Third Screen - Upload Supporting Doc- Preview/Upload File Adding'

2018-12-06 22:02:12 - [TEST_STEP][PASSED] - click: Object: 'Object Repository/Final Object Repo/New Registration - Registration Module Pages/Third Screen - Upload Supporting Doc- Preview/Inner Form Add Document Button' is clicked on

2018-12-06 22:02:12 - [MESSAGE][PASSED] - Object: 'Object Repository/Final Object Repo/New Registration - Registration Module Pages/Third Screen - Upload Supporting Doc- Preview/Inner Form Add Document Button' is clicked on

2018-12-06 22:02:12 - [TEST_STEP][PASSED] - delay: Delayed 5 second(s)

2018-12-06 22:02:17 - [MESSAGE][PASSED] - Delayed 5 second(s)

2018-12-06 22:02:17 - [TEST_STEP][PASSED] - click: Object: 'Object Repository/Final Object Repo/New Registration - Registration Module Pages/Third Screen - Upload Supporting Doc- Preview/Add Document Button' is clicked on

2018-12-06 22:02:17 - [MESSAGE][PASSED] - Object: 'Object Repository/Final Object Repo/New Registration - Registration Module Pages/Third Screen - Upload Supporting Doc- Preview/Add Document Button' is clicked on

2018-12-06 22:02:17 - [TEST_STEP][PASSED] - delay: Delayed 30 second(s)

2018-12-06 22:02:47 - [MESSAGE][PASSED] - Delayed 30 second(s)

2018-12-06 22:02:47 - [TEST_STEP][PASSED] - click: Object: 'Object Repository/Final Object Repo/New Registration - Registration Module Pages/Third Screen - Upload Supporting Doc- Preview/Supporting Doc Please Select Drop Down' is clicked on

2018-12-06 22:02:47 - [MESSAGE][PASSED] - Object: 'Object Repository/Final Object Repo/New Registration - Registration Module Pages/Third Screen - Upload Supporting Doc- Preview/Supporting Doc Please Select Drop Down' is clicked on

2018-12-06 22:02:47 - [TEST_STEP][PASSED] - delay: Delayed 3 second(s)

2018-12-06 22:02:50 - [MESSAGE][PASSED] - Delayed 3 second(s)

2018-12-06 22:02:50 - [TEST_STEP][PASSED] - click: Object: 'Object Repository/Final Object Repo/New Registration - Registration Module Pages/Third Screen - Upload Supporting Doc- Preview/Select to Upload Borang SIP 2' is clicked on

2018-12-06 22:02:50 - [MESSAGE][PASSED] - Object: 'Object Repository/Final Object Repo/New Registration - Registration Module Pages/Third Screen - Upload Supporting Doc- Preview/Select to Upload Borang SIP 2' is clicked on

2018-12-06 22:02:50 - [TEST_STEP][PASSED] - delay: Delayed 2 second(s)

2018-12-06 22:02:52 - [MESSAGE][PASSED] - Delayed 2 second(s)

2018-12-06 22:02:52 - [TEST_STEP][PASSED] - uploadFile: File 'C:\Users\Public\Pictures\Sample Pictures\Koala.jpg' sent to object: 'Object Repository/Final Object Repo/New Registration - Registration Module Pages/Third Screen - Upload Supporting Doc- Preview/Upload File Adding'

2018-12-06 22:02:52 - [MESSAGE][PASSED] - File 'C:\Users\Public\Pictures\Sample Pictures\Koala.jpg' sent to object: 'Object Repository/Final Object Repo/New Registration - Registration Module Pages/Third Screen - Upload Supporting Doc- Preview/Upload File Adding'

2018-12-06 22:02:52 - [TEST_STEP][PASSED] - delay: Delayed 5 second(s)

2018-12-06 22:02:57 - [MESSAGE][PASSED] - Delayed 5 second(s)

2018-12-06 22:02:57 - [TEST_STEP][PASSED] - click: Object: 'Object Repository/Final Object Repo/New Registration - Registration Module Pages/Third Screen - Upload Supporting Doc- Preview/Inner Form Add Document Button' is clicked on

2018-12-06 22:02:58 - [MESSAGE][PASSED] - Object: 'Object Repository/Final Object Repo/New Registration - Registration Module Pages/Third Screen - Upload Supporting Doc- Preview/Inner Form Add Document Button' is clicked on

2018-12-06 22:02:58 - [TEST_STEP][PASSED] - delay: Delayed 3 second(s)

2018-12-06 22:03:01 - [MESSAGE][PASSED] - Delayed 3 second(s)

2018-12-06 22:03:01 - [TEST_STEP][PASSED] - waitForElementClickable: Object 'Object Repository/Final Object Repo/New Registration - Registration Module Pages/Third Screen - Upload Supporting Doc- Preview/Save n Continue in Uploading Supporting Doc Page' is clickable

2018-12-06 22:03:02 - [MESSAGE][PASSED] - Object 'Object Repository/Final Object Repo/New Registration - Registration Module Pages/Third Screen - Upload Supporting Doc- Preview/Save n Continue in Uploading Supporting Doc Page' is clickable

2018-12-06 22:03:02 - [TEST_STEP][PASSED] - click: Object: 'Object Repository/Final Object Repo/New Registration - Registration Module Pages/Third Screen - Upload Supporting Doc- Preview/Save n Continue in Uploading Supporting Doc Page' is clicked on

2018-12-06 22:03:02 - [MESSAGE][PASSED] - Object: 'Object Repository/Final Object Repo/New Registration - Registration Module Pages/Third Screen - Upload Supporting Doc- Preview/Save n Continue in Uploading Supporting Doc Page' is clicked on

2018-12-06 22:03:02 - [MESSAGE][PASSED] - Call Test Case 'Test Cases/Final Aug 2018 - PKS Automation/Registration Module/New Registration/Flow of New Registration/Third Screen - Upload Supporting Doc - Preview' successfully

2018-12-06 22:03:02 - [TEST_STEP][PASSED] - callTestCase: Call Test Case 'Test Cases/Final Aug 2018 - PKS Automation/Registration Module/New Registration/Submit and Screenshot/Submit Registration and Screenshot' successfully

2018-12-06 22:03:02 - [TEST_CASE][PASSED] - Test Cases/Final Aug 2018 - PKS Automation/Registration Module/New Registration/Submit and Screenshot/Submit Registration and Screenshot: Test Cases/Final Aug 2018 - PKS Automation/Registration Module/New Registration/Submit and Screenshot/Submit Registration and Screenshot

2018-12-06 22:03:02 - [TEST_STEP][PASSED] - delay: Delayed 6 second(s)

2018-12-06 22:03:08 - [MESSAGE][PASSED] - Delayed 6 second(s)

2018-12-06 22:03:08 - [TEST_STEP][PASSED] - click: Object: 'Object Repository/Final Object Repo/New Registration - Registration Module Pages/Third Screen - Upload Supporting Doc- Preview/Preview Submit Button' is clicked on

2018-12-06 22:03:08 - [MESSAGE][PASSED] - Object: 'Object Repository/Final Object Repo/New Registration - Registration Module Pages/Third Screen - Upload Supporting Doc- Preview/Preview Submit Button' is clicked on

2018-12-06 22:03:08 - [TEST_STEP][PASSED] - delay: Delayed 2 second(s)

2018-12-06 22:03:10 - [MESSAGE][PASSED] - Delayed 2 second(s)

2018-12-06 22:03:10 - [TEST_STEP][PASSED] - click: Object: 'Object Repository/Final Object Repo/New Registration - Registration Module Pages/Third Screen - Upload Supporting Doc- Preview/Preview Submit - Confirm' is clicked on

2018-12-06 22:03:10 - [MESSAGE][PASSED] - Object: 'Object Repository/Final Object Repo/New Registration - Registration Module Pages/Third Screen - Upload Supporting Doc- Preview/Preview Submit - Confirm' is clicked on

2018-12-06 22:03:10 - [TEST_STEP][PASSED] - delay: Delayed 15 second(s)

2018-12-06 22:03:25 - [MESSAGE][PASSED] - Delayed 15 second(s)

2018-12-06 22:03:25 - [TEST_STEP][PASSED] - Statement - driver = com.kms.katalon.core.webui.driver.DriverFactory.getWebDriver(): null

2018-12-06 22:03:25 - [TEST_STEP][PASSED] - Statement - driver.manage().timeouts().implicitlyWait(10, SECONDS): null

2018-12-06 22:03:25 - [TEST_STEP][PASSED] - Statement - PresavePath = KatalonScreenshots: null

2018-12-06 22:03:25 - [TEST_STEP][PASSED] - Statement - pathPrefix = "C:\Users\Public\Pictures\Sample Pictures\Katalon Screenshots\Automate Ending Screen": null

2018-12-06 22:03:25 - [TEST_STEP][PASSED] - Statement - finalPath = <not implemented yet for class: org.codehaus.groovy.ast.expr.EmptyExpression>: null

2018-12-06 22:03:25 - [TEST_STEP][PASSED] - Statement - scrFile = driver.getScreenshotAs(FILE): null

2018-12-06 22:03:26 - [TEST_STEP][PASSED] - Statement - PreSaveFile = new java.io.File(PresavePath): null

2018-12-06 22:03:26 - [TEST_STEP][PASSED] - Statement - counter = 0: null

2018-12-06 22:03:26 - [TEST_STEP][PASSED] - Statement - If (PreSaveFile.exists()): null

2018-12-06 22:03:26 - [TEST_STEP][PASSED] - Statement - While (PreSaveFile.exists()): null

2018-12-06 22:03:26 - [TEST_STEP][PASSED] - Statement - counter = counter + 1: null

2018-12-06 22:03:26 - [TEST_STEP][PASSED] - Statement - PreSaveFile = new java.io.File(((pathPrefix + java.lang.Integer.toString(counter)) + .png)): null

2018-12-06 22:03:26 - [TEST_STEP][PASSED] - Statement - counter = counter + 1: null

2018-12-06 22:03:26 - [TEST_STEP][PASSED] - Statement - PreSaveFile = new java.io.File(((pathPrefix + java.lang.Integer.toString(counter)) + .png)): null

2018-12-06 22:03:26 - [TEST_STEP][PASSED] - Statement - counter = counter + 1: null

2018-12-06 22:03:26 - [TEST_STEP][PASSED] - Statement - PreSaveFile = new java.io.File(((pathPrefix + java.lang.Integer.toString(counter)) + .png)): null

2018-12-06 22:03:26 - [TEST_STEP][PASSED] - Statement - counter = counter + 1: null

2018-12-06 22:03:26 - [TEST_STEP][PASSED] - Statement - PreSaveFile = new java.io.File(((pathPrefix + java.lang.Integer.toString(counter)) + .png)): null

2018-12-06 22:03:26 - [TEST_STEP][PASSED] - Statement - counter = counter + 1: null

2018-12-06 22:03:26 - [TEST_STEP][PASSED] - Statement - PreSaveFile = new java.io.File(((pathPrefix + java.lang.Integer.toString(counter)) + .png)): null

2018-12-06 22:03:26 - [TEST_STEP][PASSED] - Statement - counter = counter + 1: null

2018-12-06 22:03:26 - [TEST_STEP][PASSED] - Statement - PreSaveFile = new java.io.File(((pathPrefix + java.lang.Integer.toString(counter)) + .png)): null

2018-12-06 22:03:26 - [TEST_STEP][PASSED] - Statement - counter = counter + 1: null

2018-12-06 22:03:26 - [TEST_STEP][PASSED] - Statement - PreSaveFile = new java.io.File(((pathPrefix + java.lang.Integer.toString(counter)) + .png)): null

2018-12-06 22:03:26 - [TEST_STEP][PASSED] - Statement - counter = counter + 1: null

2018-12-06 22:03:26 - [TEST_STEP][PASSED] - Statement - PreSaveFile = new java.io.File(((pathPrefix + java.lang.Integer.toString(counter)) + .png)): null

2018-12-06 22:03:26 - [TEST_STEP][PASSED] - Statement - counter = counter + 1: null

2018-12-06 22:03:26 - [TEST_STEP][PASSED] - Statement - PreSaveFile = new java.io.File(((pathPrefix + java.lang.Integer.toString(counter)) + .png)): null

2018-12-06 22:03:26 - [TEST_STEP][PASSED] - Statement - counter = counter + 1: null

2018-12-06 22:03:26 - [TEST_STEP][PASSED] - Statement - PreSaveFile = new java.io.File(((pathPrefix + java.lang.Integer.toString(counter)) + .png)): null

2018-12-06 22:03:26 - [TEST_STEP][PASSED] - Statement - counter = counter + 1: null

2018-12-06 22:03:26 - [TEST_STEP][PASSED] - Statement - PreSaveFile = new java.io.File(((pathPrefix + java.lang.Integer.toString(counter)) + .png)): null

2018-12-06 22:03:26 - [TEST_STEP][PASSED] - Statement - counter = counter + 1: null

2018-12-06 22:03:26 - [TEST_STEP][PASSED] - Statement - PreSaveFile = new java.io.File(((pathPrefix + java.lang.Integer.toString(counter)) + .png)): null

2018-12-06 22:03:26 - [TEST_STEP][PASSED] - Statement - counter = counter + 1: null

2018-12-06 22:03:26 - [TEST_STEP][PASSED] - Statement - PreSaveFile = new java.io.File(((pathPrefix + java.lang.Integer.toString(counter)) + .png)): null

2018-12-06 22:03:26 - [TEST_STEP][PASSED] - Statement - counter = counter + 1: null

2018-12-06 22:03:26 - [TEST_STEP][PASSED] - Statement - PreSaveFile = new java.io.File(((pathPrefix + java.lang.Integer.toString(counter)) + .png)): null

2018-12-06 22:03:26 - [TEST_STEP][PASSED] - Statement - counter = counter + 1: null

2018-12-06 22:03:26 - [TEST_STEP][PASSED] - Statement - PreSaveFile = new java.io.File(((pathPrefix + java.lang.Integer.toString(counter)) + .png)): null

2018-12-06 22:03:26 - [TEST_STEP][PASSED] - Statement - counter = counter + 1: null

2018-12-06 22:03:26 - [TEST_STEP][PASSED] - Statement - PreSaveFile = new java.io.File(((pathPrefix + java.lang.Integer.toString(counter)) + .png)): null

2018-12-06 22:03:26 - [TEST_STEP][PASSED] - Statement - counter = counter + 1: null

2018-12-06 22:03:26 - [TEST_STEP][PASSED] - Statement - PreSaveFile = new java.io.File(((pathPrefix + java.lang.Integer.toString(counter)) + .png)): null

2018-12-06 22:03:26 - [TEST_STEP][PASSED] - Statement - counter = counter + 1: null

2018-12-06 22:03:26 - [TEST_STEP][PASSED] - Statement - PreSaveFile = new java.io.File(((pathPrefix + java.lang.Integer.toString(counter)) + .png)): null

2018-12-06 22:03:26 - [TEST_STEP][PASSED] - Statement - counter = counter + 1: null

2018-12-06 22:03:26 - [TEST_STEP][PASSED] - Statement - PreSaveFile = new java.io.File(((pathPrefix + java.lang.Integer.toString(counter)) + .png)): null

2018-12-06 22:03:26 - [TEST_STEP][PASSED] - Statement - counter = counter + 1: null

2018-12-06 22:03:26 - [TEST_STEP][PASSED] - Statement - PreSaveFile = new java.io.File(((pathPrefix + java.lang.Integer.toString(counter)) + .png)): null

2018-12-06 22:03:26 - [TEST_STEP][PASSED] - Statement - counter = counter + 1: null

2018-12-06 22:03:26 - [TEST_STEP][PASSED] - Statement - PreSaveFile = new java.io.File(((pathPrefix + java.lang.Integer.toString(counter)) + .png)): null

2018-12-06 22:03:26 - [TEST_STEP][PASSED] - Statement - counter = counter + 1: null

2018-12-06 22:03:26 - [TEST_STEP][PASSED] - Statement - PreSaveFile = new java.io.File(((pathPrefix + java.lang.Integer.toString(counter)) + .png)): null

2018-12-06 22:03:26 - [TEST_STEP][PASSED] - Statement - counter = counter + 1: null

2018-12-06 22:03:26 - [TEST_STEP][PASSED] - Statement - PreSaveFile = new java.io.File(((pathPrefix + java.lang.Integer.toString(counter)) + .png)): null

2018-12-06 22:03:26 - [TEST_STEP][PASSED] - Statement - counter = counter + 1: null

2018-12-06 22:03:26 - [TEST_STEP][PASSED] - Statement - PreSaveFile = new java.io.File(((pathPrefix + java.lang.Integer.toString(counter)) + .png)): null

2018-12-06 22:03:26 - [TEST_STEP][PASSED] - Statement - counter = counter + 1: null

2018-12-06 22:03:26 - [TEST_STEP][PASSED] - Statement - PreSaveFile = new java.io.File(((pathPrefix + java.lang.Integer.toString(counter)) + .png)): null

2018-12-06 22:03:26 - [TEST_STEP][PASSED] - Statement - counter = counter + 1: null

2018-12-06 22:03:26 - [TEST_STEP][PASSED] - Statement - PreSaveFile = new java.io.File(((pathPrefix + java.lang.Integer.toString(counter)) + .png)): null

2018-12-06 22:03:26 - [TEST_STEP][PASSED] - Statement - counter = counter + 1: null

2018-12-06 22:03:26 - [TEST_STEP][PASSED] - Statement - PreSaveFile = new java.io.File(((pathPrefix + java.lang.Integer.toString(counter)) + .png)): null

2018-12-06 22:03:26 - [TEST_STEP][PASSED] - Statement - counter = counter + 1: null

2018-12-06 22:03:26 - [TEST_STEP][PASSED] - Statement - PreSaveFile = new java.io.File(((pathPrefix + java.lang.Integer.toString(counter)) + .png)): null

2018-12-06 22:03:26 - [TEST_STEP][PASSED] - Statement - counter = counter + 1: null

2018-12-06 22:03:26 - [TEST_STEP][PASSED] - Statement - PreSaveFile = new java.io.File(((pathPrefix + java.lang.Integer.toString(counter)) + .png)): null

2018-12-06 22:03:26 - [TEST_STEP][PASSED] - Statement - counter = counter + 1: null

2018-12-06 22:03:26 - [TEST_STEP][PASSED] - Statement - PreSaveFile = new java.io.File(((pathPrefix + java.lang.Integer.toString(counter)) + .png)): null

2018-12-06 22:03:26 - [TEST_STEP][PASSED] - Statement - counter = counter + 1: null

2018-12-06 22:03:26 - [TEST_STEP][PASSED] - Statement - PreSaveFile = new java.io.File(((pathPrefix + java.lang.Integer.toString(counter)) + .png)): null

2018-12-06 22:03:26 - [TEST_STEP][PASSED] - Statement - counter = counter + 1: null

2018-12-06 22:03:26 - [TEST_STEP][PASSED] - Statement - PreSaveFile = new java.io.File(((pathPrefix + java.lang.Integer.toString(counter)) + .png)): null

2018-12-06 22:03:26 - [TEST_STEP][PASSED] - Statement - counter = counter + 1: null

2018-12-06 22:03:26 - [TEST_STEP][PASSED] - Statement - PreSaveFile = new java.io.File(((pathPrefix + java.lang.Integer.toString(counter)) + .png)): null

2018-12-06 22:03:26 - [TEST_STEP][PASSED] - Statement - finalPath = pathPrefix + java.lang.Integer.toString(counter) + ".png": null

2018-12-06 22:03:26 - [TEST_STEP][PASSED] - Statement - SaveFile = new java.io.File(finalPath): null

2018-12-06 22:03:26 - [TEST_STEP][PASSED] - Statement - Try: null

2018-12-06 22:03:26 - [TEST_STEP][PASSED] - Statement - org.apache.commons.io.FileUtils.copyFile(scrFile, SaveFile): null

2018-12-06 22:03:26 - [TEST_STEP][PASSED] - Statement - out.println("file kept"): null

2018-12-06 22:03:26 - [TEST_STEP][PASSED] - delay: Delayed 10 second(s)

2018-12-06 22:03:36 - [MESSAGE][PASSED] - Delayed 10 second(s)

2018-12-06 22:03:36 - [MESSAGE][PASSED] - Call Test Case 'Test Cases/Final Aug 2018 - PKS Automation/Registration Module/New Registration/Submit and Screenshot/Submit Registration and Screenshot' successfully

2018-12-06 22:03:36 - [TEST_STEP][PASSED] - callTestCase: Call Test Case 'Test Cases/Final Aug 2018 - PKS Automation/Registration Module/Log Out/log out avoiding katalon tagging' successfully

2018-12-06 22:03:36 - [TEST_CASE][PASSED] - Test Cases/Final Aug 2018 - PKS Automation/Registration Module/Log Out/log out avoiding katalon tagging: Test Cases/Final Aug 2018 - PKS Automation/Registration Module/Log Out/log out avoiding katalon tagging

2018-12-06 22:03:36 - [TEST_STEP][PASSED] - navigateToUrl: Navigate to 'https://assist2-uat.perkeso.gov.my/c/portal/logout' successfully

2018-12-06 22:03:37 - [MESSAGE][PASSED] - Navigate to 'https://assist2-uat.perkeso.gov.my/c/portal/logout' successfully

2018-12-06 22:03:37 - [MESSAGE][PASSED] - Call Test Case 'Test Cases/Final Aug 2018 - PKS Automation/Registration Module/Log Out/log out avoiding katalon tagging' successfully

2018-12-06 22:03:37 - [TEST_STEP][PASSED] - callTestCase: Call Test Case 'Test Cases/Final Aug 2018 - PKS Automation/Common/Workflow Owner Finder' successfully

2018-12-06 22:03:37 - [TEST_CASE][PASSED] - Test Cases/Final Aug 2018 - PKS Automation/Common/Workflow Owner Finder: Test Cases/Final Aug 2018 - PKS Automation/Common/Workflow Owner Finder

2018-12-06 22:03:37 - [TEST_STEP][PASSED] - openBrowser: Browser is opened with url: ''

2018-12-06 22:03:37 - [MESSAGE][WARNING] - A browser is already opened. Closing browser and opening a new one

2018-12-06 22:03:41 - [MESSAGE][PASSED] - Browser is opened with url: ''

2018-12-06 22:03:41 - [TEST_STEP][PASSED] - navigateToUrl: Navigate to 'https://assist2-uat.perkeso.gov.my/login' successfully

2018-12-06 22:03:42 - [MESSAGE][PASSED] - Navigate to 'https://assist2-uat.perkeso.gov.my/login' successfully

2018-12-06 22:03:42 - [TEST_STEP][PASSED] - delay: Delayed 5 second(s)

2018-12-06 22:03:47 - [MESSAGE][PASSED] - Delayed 5 second(s)

2018-12-06 22:03:47 - [TEST_STEP][PASSED] - setText: Text 'test@liferay.com' is set on object 'Object Repository/Final Object Repo/Login Page/Internal User/Email Address'

2018-12-06 22:03:47 - [MESSAGE][PASSED] - Text 'test@liferay.com' is set on object 'Object Repository/Final Object Repo/Login Page/Internal User/Email Address'

2018-12-06 22:03:47 - [TEST_STEP][PASSED] - click: Object: 'Object Repository/Final Object Repo/Login Page/Internal User/Next Button' is clicked on

2018-12-06 22:03:47 - [MESSAGE][PASSED] - Object: 'Object Repository/Final Object Repo/Login Page/Internal User/Next Button' is clicked on

2018-12-06 22:03:47 - [TEST_STEP][PASSED] - delay: Delayed 2 second(s)

2018-12-06 22:03:49 - [MESSAGE][PASSED] - Delayed 2 second(s)

2018-12-06 22:03:49 - [TEST_STEP][PASSED] - setText: Text 'test' is set on object 'Object Repository/Final Object Repo/Login Page/Internal User/Password'

2018-12-06 22:03:50 - [MESSAGE][PASSED] - Text 'test' is set on object 'Object Repository/Final Object Repo/Login Page/Internal User/Password'

2018-12-06 22:03:50 - [TEST_STEP][PASSED] - delay: Delayed 2 second(s)

2018-12-06 22:03:52 - [MESSAGE][PASSED] - Delayed 2 second(s)

2018-12-06 22:03:52 - [TEST_STEP][PASSED] - click: Object: 'Object Repository/Final Object Repo/Login Page/Internal User/Login Button' is clicked on

2018-12-06 22:03:52 - [MESSAGE][PASSED] - Object: 'Object Repository/Final Object Repo/Login Page/Internal User/Login Button' is clicked on

2018-12-06 22:03:52 - [TEST_STEP][PASSED] - Statement - tester = com.kms.katalon.core.testobject.ObjectRepository.findTestObject(Final Object Repo/Landing Page/Select to English): Finding Test Object with id 'Object Repository/Final Object Repo/Landing Page/Select to English'

2018-12-06 22:03:52 - [TEST_STEP][PASSED] - Statement - Try: Delayed 2 second(s)

2018-12-06 22:03:52 - [TEST_STEP][PASSED] - Statement - Checker = com.kms.katalon.core.webui.keyword.WebUiBuiltInKeywords.verifyElementNotPresent(tester, 3): Web element with id: 'Object Repository/Final Object Repo/Landing Page/Select to English' located by 'By.xpath: //a[@class = 'taglib-language-list-text' and @lang = 'en-US' and (contains(text(), 'EN') or contains(., 'EN'))]' is not present after '3' second(s)

2018-12-06 22:03:54 - [MESSAGE][PASSED] - Web element with id: 'Object Repository/Final Object Repo/Landing Page/Select to English' located by 'By.xpath: //a[@class = 'taglib-language-list-text' and @lang = 'en-US' and (contains(text(), 'EN') or contains(., 'EN'))]' is not present after '3' second(s)

2018-12-06 22:03:54 - [TEST_STEP][PASSED] - Statement - If (Checker == false): null

2018-12-06 22:03:54 - [TEST_STEP][PASSED] - delay: Delayed 2 second(s)

2018-12-06 22:03:56 - [MESSAGE][PASSED] - Delayed 2 second(s)

2018-12-06 22:03:56 - [TEST_STEP][PASSED] - delay: Delayed 5 second(s)

2018-12-06 22:04:01 - [MESSAGE][PASSED] - Delayed 5 second(s)

2018-12-06 22:04:01 - [TEST_STEP][PASSED] - mouseOver: Object: 'Object Repository/Final Object Repo/Landing Page/WorkFlow Menu' is hovered

2018-12-06 22:04:01 - [MESSAGE][PASSED] - Object: 'Object Repository/Final Object Repo/Landing Page/WorkFlow Menu' is hovered

2018-12-06 22:04:01 - [TEST_STEP][PASSED] - delay: Delayed 2 second(s)

2018-12-06 22:04:03 - [MESSAGE][PASSED] - Delayed 2 second(s)

2018-12-06 22:04:03 - [TEST_STEP][PASSED] - click: Object: 'Object Repository/Final Object Repo/Landing Page/Select to Workflow Listing' is clicked on

2018-12-06 22:04:04 - [MESSAGE][PASSED] - Object: 'Object Repository/Final Object Repo/Landing Page/Select to Workflow Listing' is clicked on

2018-12-06 22:04:04 - [TEST_STEP][PASSED] - delay: Delayed 2 second(s)

2018-12-06 22:04:06 - [MESSAGE][PASSED] - Delayed 2 second(s)

2018-12-06 22:04:06 - [TEST_STEP][PASSED] - click: Object: 'Object Repository/Final Object Repo/WorkFlow Listing Page/Search Information - To Put Ref No' is clicked on

2018-12-06 22:04:06 - [MESSAGE][PASSED] - Object: 'Object Repository/Final Object Repo/WorkFlow Listing Page/Search Information - To Put Ref No' is clicked on

2018-12-06 22:04:06 - [TEST_STEP][PASSED] - delay: Delayed 2 second(s)

2018-12-06 22:04:08 - [MESSAGE][PASSED] - Delayed 2 second(s)

2018-12-06 22:04:08 - [TEST_STEP][PASSED] - callTestCase: Call Test Case 'Test Cases/Final Aug 2018 - PKS Automation/Common/Reference Number Getter' successfully

2018-12-06 22:04:08 - [TEST_CASE][PASSED] - Test Cases/Final Aug 2018 - PKS Automation/Common/Reference Number Getter: Test Cases/Final Aug 2018 - PKS Automation/Common/Reference Number Getter

2018-12-06 22:04:08 - [TEST_STEP][PASSED] - Statement - Try: null

2018-12-06 22:04:08 - [TEST_STEP][PASSED] - Statement - RefNo = new java.io.File(C://Users//Admin//Desktop//PKS//Automation Reference Point//KatalonReference.txt): null

2018-12-06 22:04:08 - [TEST_STEP][PASSED] - Statement - bufferread = new java.io.BufferedReader(new java.io.FileReader(RefNo)): null

2018-12-06 22:04:08 - [TEST_STEP][PASSED] - Statement - readedVal = bufferread.readLine(): null

2018-12-06 22:04:08 - [TEST_STEP][PASSED] - Statement - out.println(CaseReferenceNo): null

2018-12-06 22:04:08 - [TEST_STEP][PASSED] - Statement - out.println(readedVal): null

2018-12-06 22:04:08 - [TEST_STEP][PASSED] - Statement - CaseReferenceNo = "": null

2018-12-06 22:04:08 - [TEST_STEP][PASSED] - Statement - CaseReferenceNo = readedVal: null

2018-12-06 22:04:08 - [MESSAGE][PASSED] - Call Test Case 'Test Cases/Final Aug 2018 - PKS Automation/Common/Reference Number Getter' successfully

2018-12-06 22:04:08 - [TEST_STEP][PASSED] - setText: Text 'CRN12201800123064' is set on object 'Object Repository/Final Object Repo/WorkFlow Listing Page/Ref No Set Text'

2018-12-06 22:04:09 - [MESSAGE][PASSED] - Text 'CRN12201800123064' is set on object 'Object Repository/Final Object Repo/WorkFlow Listing Page/Ref No Set Text'

2018-12-06 22:04:09 - [TEST_STEP][PASSED] - delay: Delayed 2 second(s)

2018-12-06 22:04:11 - [MESSAGE][PASSED] - Delayed 2 second(s)

2018-12-06 22:04:11 - [TEST_STEP][PASSED] - click: Object: 'Object Repository/Final Object Repo/WorkFlow Listing Page/Search Ref No Search Button' is clicked on

2018-12-06 22:04:11 - [MESSAGE][PASSED] - Object: 'Object Repository/Final Object Repo/WorkFlow Listing Page/Search Ref No Search Button' is clicked on

2018-12-06 22:04:11 - [TEST_STEP][PASSED] - delay: Delayed 6 second(s)

2018-12-06 22:04:17 - [MESSAGE][PASSED] - Delayed 6 second(s)

2018-12-06 22:04:17 - [TEST_STEP][PASSED] - click: Object: 'Object Repository/Final Object Repo/WorkFlow Listing Page/Click Continue Tooltip' is clicked on

2018-12-06 22:04:18 - [MESSAGE][PASSED] - Object: 'Object Repository/Final Object Repo/WorkFlow Listing Page/Click Continue Tooltip' is clicked on

2018-12-06 22:04:18 - [TEST_STEP][PASSED] - delay: Delayed 5 second(s)

2018-12-06 22:04:23 - [MESSAGE][PASSED] - Delayed 5 second(s)

2018-12-06 22:04:23 - [TEST_STEP][PASSED] - doubleClick: Object: 'Object Repository/Final Object Repo/WorkFlow Listing Page/Workflow Found - Listing 1' is double clicked on

2018-12-06 22:04:23 - [MESSAGE][PASSED] - Object: 'Object Repository/Final Object Repo/WorkFlow Listing Page/Workflow Found - Listing 1' is double clicked on

2018-12-06 22:04:23 - [TEST_STEP][PASSED] - Statement - println(OwnerID): null

2018-12-06 22:04:23 - [TEST_STEP][PASSED] - Statement - OwnerID = com.kms.katalon.core.webui.keyword.WebUiBuiltInKeywords.getText(com.kms.katalon.core.testobject.ObjectRepository.findTestObject(Final Object Repo/WorkFlow Listing Page/Workflow Found - Listing 1), STOP_ON_FAILURE): Text of object 'Object Repository/Final Object Repo/WorkFlow Listing Page/Workflow Found - Listing 1' is: 'KLpkrbo1'

2018-12-06 22:04:23 - [MESSAGE][PASSED] - Text of object 'Object Repository/Final Object Repo/WorkFlow Listing Page/Workflow Found - Listing 1' is: 'KLpkrbo1'

2018-12-06 22:04:23 - [TEST_STEP][PASSED] - Statement - OwnerID = OwnerID.toLowerCase() + "@gmail.com": null

2018-12-06 22:04:23 - [TEST_STEP][PASSED] - Statement - println(OwnerID): null

2018-12-06 22:04:23 - [TEST_STEP][PASSED] - delay: Delayed 2 second(s)

2018-12-06 22:04:25 - [MESSAGE][PASSED] - Delayed 2 second(s)

2018-12-06 22:04:25 - [MESSAGE][PASSED] - Call Test Case 'Test Cases/Final Aug 2018 - PKS Automation/Common/Workflow Owner Finder' successfully

2018-12-06 22:04:25 - [TEST_STEP][PASSED] - callTestCase: Call Test Case 'Test Cases/Final Aug 2018 - PKS Automation/Registration Module/Log Out/log out avoiding katalon tagging' successfully

2018-12-06 22:04:25 - [TEST_CASE][PASSED] - Test Cases/Final Aug 2018 - PKS Automation/Registration Module/Log Out/log out avoiding katalon tagging: Test Cases/Final Aug 2018 - PKS Automation/Registration Module/Log Out/log out avoiding katalon tagging

2018-12-06 22:04:25 - [TEST_STEP][PASSED] - navigateToUrl: Navigate to 'https://assist2-uat.perkeso.gov.my/c/portal/logout' successfully

2018-12-06 22:04:26 - [MESSAGE][PASSED] - Navigate to 'https://assist2-uat.perkeso.gov.my/c/portal/logout' successfully

2018-12-06 22:04:26 - [MESSAGE][PASSED] - Call Test Case 'Test Cases/Final Aug 2018 - PKS Automation/Registration Module/Log Out/log out avoiding katalon tagging' successfully

2018-12-06 22:04:26 - [TEST_STEP][PASSED] - delay: Delayed 2 second(s)

2018-12-06 22:04:28 - [MESSAGE][PASSED] - Delayed 2 second(s)

2018-12-06 22:04:28 - [TEST_STEP][PASSED] - setText: Text 'klpkrbo1@gmail.com' is set on object 'Object Repository/Final Object Repo/New Registration - Registration Module Pages/New Reg - OTC to RO/Special Case - All Related Objects/Email TextBox'

2018-12-06 22:04:28 - [MESSAGE][PASSED] - Text 'klpkrbo1@gmail.com' is set on object 'Object Repository/Final Object Repo/New Registration - Registration Module Pages/New Reg - OTC to RO/Special Case - All Related Objects/Email TextBox'

2018-12-06 22:04:28 - [TEST_STEP][PASSED] - click: Object: 'Object Repository/Final Object Repo/New Registration - Registration Module Pages/New Reg - OTC to RO/Special Case - All Related Objects/Next Button' is clicked on

2018-12-06 22:04:29 - [MESSAGE][PASSED] - Object: 'Object Repository/Final Object Repo/New Registration - Registration Module Pages/New Reg - OTC to RO/Special Case - All Related Objects/Next Button' is clicked on

2018-12-06 22:04:29 - [TEST_STEP][PASSED] - delay: Delayed 2 second(s)

2018-12-06 22:04:31 - [MESSAGE][PASSED] - Delayed 2 second(s)

2018-12-06 22:04:31 - [TEST_STEP][PASSED] - setText: Text 'Test1@3456789' is set on object 'Object Repository/Final Object Repo/New Registration - Registration Module Pages/New Reg - OTC to RO/Special Case - All Related Objects/Password TextBox'

2018-12-06 22:04:31 - [MESSAGE][PASSED] - Text 'Test1@3456789' is set on object 'Object Repository/Final Object Repo/New Registration - Registration Module Pages/New Reg - OTC to RO/Special Case - All Related Objects/Password TextBox'

2018-12-06 22:04:31 - [TEST_STEP][PASSED] - delay: Delayed 2 second(s)

2018-12-06 22:04:33 - [MESSAGE][PASSED] - Delayed 2 second(s)

2018-12-06 22:04:33 - [TEST_STEP][PASSED] - click: Object: 'Object Repository/Final Object Repo/New Registration - Registration Module Pages/New Reg - OTC to RO/Special Case - All Related Objects/Login Button' is clicked on

2018-12-06 22:04:33 - [MESSAGE][PASSED] - Object: 'Object Repository/Final Object Repo/New Registration - Registration Module Pages/New Reg - OTC to RO/Special Case - All Related Objects/Login Button' is clicked on

2018-12-06 22:04:33 - [TEST_STEP][PASSED] - delay: Delayed 2 second(s)

2018-12-06 22:04:35 - [MESSAGE][PASSED] - Delayed 2 second(s)

2018-12-06 22:04:35 - [TEST_STEP][PASSED] - Statement - Try: null

2018-12-06 22:04:35 - [TEST_STEP][PASSED] - Statement - Checker = com.kms.katalon.core.webui.keyword.WebUiBuiltInKeywords.verifyElementNotPresent("Final Object Repo/Landing Page/Select to English", 3): null

2018-12-06 22:04:35 - [TEST_STEP][PASSED] - Statement - Catch (Exception e): null

2018-12-06 22:04:35 - [TEST_STEP][PASSED] - Statement - e.printStackTrace(): null

2018-12-06 22:04:35 - [TEST_STEP][PASSED] - click: Object: 'Object Repository/Final Object Repo/New Registration - Registration Module Pages/New Reg - OTC to RO/Special Case - All Related Objects/Expand to Search' is clicked on

2018-12-06 22:04:35 - [MESSAGE][PASSED] - Object: 'Object Repository/Final Object Repo/New Registration - Registration Module Pages/New Reg - OTC to RO/Special Case - All Related Objects/Expand to Search' is clicked on

2018-12-06 22:04:35 - [TEST_STEP][PASSED] - delay: Delayed 2 second(s)

2018-12-06 22:04:37 - [MESSAGE][PASSED] - Delayed 2 second(s)

2018-12-06 22:04:37 - [TEST_STEP][PASSED] - setText: Text 'CRN12201800123064' is set on object 'Object Repository/Final Object Repo/New Registration - Registration Module Pages/New Reg - OTC to RO/Special Case - All Related Objects/TextBox RefNo in Workbasket'

2018-12-06 22:04:37 - [MESSAGE][PASSED] - Text 'CRN12201800123064' is set on object 'Object Repository/Final Object Repo/New Registration - Registration Module Pages/New Reg - OTC to RO/Special Case - All Related Objects/TextBox RefNo in Workbasket'

2018-12-06 22:04:37 - [TEST_STEP][PASSED] - delay: Delayed 2 second(s)

2018-12-06 22:04:39 - [MESSAGE][PASSED] - Delayed 2 second(s)

2018-12-06 22:04:39 - [TEST_STEP][PASSED] - click: Object: 'Object Repository/Final Object Repo/New Registration - Registration Module Pages/New Reg - OTC to RO/Special Case - All Related Objects/Click Search' is clicked on

2018-12-06 22:04:40 - [MESSAGE][PASSED] - Object: 'Object Repository/Final Object Repo/New Registration - Registration Module Pages/New Reg - OTC to RO/Special Case - All Related Objects/Click Search' is clicked on

2018-12-06 22:04:40 - [TEST_STEP][PASSED] - delay: Delayed 2 second(s)

2018-12-06 22:04:42 - [MESSAGE][PASSED] - Delayed 2 second(s)

2018-12-06 22:04:42 - [TEST_STEP][PASSED] - click: Object: 'Object Repository/Final Object Repo/New Registration - Registration Module Pages/New Reg - OTC to RO/Special Case - All Related Objects/Click to Continue Workflow' is clicked on

2018-12-06 22:04:43 - [MESSAGE][PASSED] - Object: 'Object Repository/Final Object Repo/New Registration - Registration Module Pages/New Reg - OTC to RO/Special Case - All Related Objects/Click to Continue Workflow' is clicked on

2018-12-06 22:04:43 - [TEST_STEP][PASSED] - delay: Delayed 2 second(s)

2018-12-06 22:04:45 - [MESSAGE][PASSED] - Delayed 2 second(s)

2018-12-06 22:04:45 - [TEST_STEP][PASSED] - click: Object: 'Object Repository/Final Object Repo/New Registration - Registration Module Pages/New Reg - OTC to RO/Special Case - All Related Objects/Form 1 Save n Continue' is clicked on

2018-12-06 22:04:46 - [MESSAGE][PASSED] - Object: 'Object Repository/Final Object Repo/New Registration - Registration Module Pages/New Reg - OTC to RO/Special Case - All Related Objects/Form 1 Save n Continue' is clicked on

2018-12-06 22:04:46 - [TEST_STEP][PASSED] - delay: Delayed 5 second(s)

2018-12-06 22:04:51 - [MESSAGE][PASSED] - Delayed 5 second(s)

2018-12-06 22:04:51 - [TEST_STEP][PASSED] - click: Object: 'Object Repository/Final Object Repo/New Registration - Registration Module Pages/New Reg - OTC to RO/Special Case - OTC - Form 1/Confirm No Flagging as Branch' is clicked on

2018-12-06 22:04:51 - [MESSAGE][PASSED] - Object: 'Object Repository/Final Object Repo/New Registration - Registration Module Pages/New Reg - OTC to RO/Special Case - OTC - Form 1/Confirm No Flagging as Branch' is clicked on

2018-12-06 22:04:51 - [TEST_STEP][PASSED] - delay: Delayed 2 second(s)

2018-12-06 22:04:53 - [MESSAGE][PASSED] - Delayed 2 second(s)

2018-12-06 22:04:53 - [TEST_STEP][PASSED] - click: Object: 'Object Repository/Final Object Repo/New Registration - Registration Module Pages/New Reg - OTC to RO/Special Case - All Related Objects/Form 2 Save n Continue' is clicked on

2018-12-06 22:04:53 - [MESSAGE][PASSED] - Object: 'Object Repository/Final Object Repo/New Registration - Registration Module Pages/New Reg - OTC to RO/Special Case - All Related Objects/Form 2 Save n Continue' is clicked on

2018-12-06 22:04:53 - [TEST_STEP][PASSED] - delay: Delayed 4 second(s)

2018-12-06 22:04:57 - [MESSAGE][PASSED] - Delayed 4 second(s)

2018-12-06 22:04:57 - [TEST_STEP][PASSED] - click: Object: 'Object Repository/Final Object Repo/New Registration - Registration Module Pages/New Reg - OTC to RO/Special Case - All Related Objects/Third Screen Save n Continue' is clicked on

2018-12-06 22:05:02 - [MESSAGE][PASSED] - Object: 'Object Repository/Final Object Repo/New Registration - Registration Module Pages/New Reg - OTC to RO/Special Case - All Related Objects/Third Screen Save n Continue' is clicked on

2018-12-06 22:05:02 - [TEST_STEP][PASSED] - delay: Delayed 5 second(s)

2018-12-06 22:05:07 - [MESSAGE][PASSED] - Delayed 5 second(s)

2018-12-06 22:05:07 - [TEST_STEP][PASSED] - click: Object: 'Object Repository/Final Object Repo/New Registration - Registration Module Pages/New Reg - OTC to RO/Special Case - All Related Objects/Upload Doc Page Save n Continue' is clicked on

2018-12-06 22:05:08 - [MESSAGE][PASSED] - Object: 'Object Repository/Final Object Repo/New Registration - Registration Module Pages/New Reg - OTC to RO/Special Case - All Related Objects/Upload Doc Page Save n Continue' is clicked on

2018-12-06 22:05:08 - [TEST_STEP][PASSED] - callTestCase: Call Test Case 'Test Cases/Final Aug 2018 - PKS Automation/Registration Module/New Registration/Submit and Screenshot/Submit Registration and Screenshot' successfully

2018-12-06 22:05:08 - [TEST_CASE][PASSED] - Test Cases/Final Aug 2018 - PKS Automation/Registration Module/New Registration/Submit and Screenshot/Submit Registration and Screenshot: Test Cases/Final Aug 2018 - PKS Automation/Registration Module/New Registration/Submit and Screenshot/Submit Registration and Screenshot

2018-12-06 22:05:08 - [TEST_STEP][PASSED] - delay: Delayed 6 second(s)

2018-12-06 22:05:14 - [MESSAGE][PASSED] - Delayed 6 second(s)

2018-12-06 22:05:14 - [TEST_STEP][PASSED] - click: Object: 'Object Repository/Final Object Repo/New Registration - Registration Module Pages/Third Screen - Upload Supporting Doc- Preview/Preview Submit Button' is clicked on

2018-12-06 22:05:14 - [MESSAGE][PASSED] - Object: 'Object Repository/Final Object Repo/New Registration - Registration Module Pages/Third Screen - Upload Supporting Doc- Preview/Preview Submit Button' is clicked on

2018-12-06 22:05:14 - [TEST_STEP][PASSED] - delay: Delayed 2 second(s)

2018-12-06 22:05:16 - [MESSAGE][PASSED] - Delayed 2 second(s)

2018-12-06 22:05:16 - [TEST_STEP][PASSED] - click: Object: 'Object Repository/Final Object Repo/New Registration - Registration Module Pages/Third Screen - Upload Supporting Doc- Preview/Preview Submit - Confirm' is clicked on

2018-12-06 22:05:16 - [MESSAGE][PASSED] - Object: 'Object Repository/Final Object Repo/New Registration - Registration Module Pages/Third Screen - Upload Supporting Doc- Preview/Preview Submit - Confirm' is clicked on

2018-12-06 22:05:16 - [TEST_STEP][PASSED] - delay: Delayed 15 second(s)

2018-12-06 22:05:31 - [MESSAGE][PASSED] - Delayed 15 second(s)

2018-12-06 22:05:31 - [TEST_STEP][PASSED] - Statement - driver = com.kms.katalon.core.webui.driver.DriverFactory.getWebDriver(): null

2018-12-06 22:05:31 - [TEST_STEP][PASSED] - Statement - driver.manage().timeouts().implicitlyWait(10, SECONDS): null

2018-12-06 22:05:31 - [TEST_STEP][PASSED] - Statement - PresavePath = KatalonScreenshots: null

2018-12-06 22:05:31 - [TEST_STEP][PASSED] - Statement - pathPrefix = "C:\Users\Public\Pictures\Sample Pictures\Katalon Screenshots\Automate Ending Screen": null

2018-12-06 22:05:31 - [TEST_STEP][PASSED] - Statement - finalPath = <not implemented yet for class: org.codehaus.groovy.ast.expr.EmptyExpression>: null

2018-12-06 22:05:31 - [TEST_STEP][PASSED] - Statement - scrFile = driver.getScreenshotAs(FILE): null

2018-12-06 22:05:31 - [TEST_STEP][PASSED] - Statement - PreSaveFile = new java.io.File(PresavePath): null

2018-12-06 22:05:31 - [TEST_STEP][PASSED] - Statement - counter = 0: null

2018-12-06 22:05:31 - [TEST_STEP][PASSED] - Statement - If (PreSaveFile.exists()): null

2018-12-06 22:05:31 - [TEST_STEP][PASSED] - Statement - While (PreSaveFile.exists()): null

2018-12-06 22:05:31 - [TEST_STEP][PASSED] - Statement - counter = counter + 1: null

2018-12-06 22:05:31 - [TEST_STEP][PASSED] - Statement - PreSaveFile = new java.io.File(((pathPrefix + java.lang.Integer.toString(counter)) + .png)): null

2018-12-06 22:05:31 - [TEST_STEP][PASSED] - Statement - counter = counter + 1: null

2018-12-06 22:05:31 - [TEST_STEP][PASSED] - Statement - PreSaveFile = new java.io.File(((pathPrefix + java.lang.Integer.toString(counter)) + .png)): null

2018-12-06 22:05:31 - [TEST_STEP][PASSED] - Statement - counter = counter + 1: null

2018-12-06 22:05:31 - [TEST_STEP][PASSED] - Statement - PreSaveFile = new java.io.File(((pathPrefix + java.lang.Integer.toString(counter)) + .png)): null

2018-12-06 22:05:31 - [TEST_STEP][PASSED] - Statement - counter = counter + 1: null

2018-12-06 22:05:31 - [TEST_STEP][PASSED] - Statement - PreSaveFile = new java.io.File(((pathPrefix + java.lang.Integer.toString(counter)) + .png)): null

2018-12-06 22:05:31 - [TEST_STEP][PASSED] - Statement - counter = counter + 1: null

2018-12-06 22:05:31 - [TEST_STEP][PASSED] - Statement - PreSaveFile = new java.io.File(((pathPrefix + java.lang.Integer.toString(counter)) + .png)): null

2018-12-06 22:05:31 - [TEST_STEP][PASSED] - Statement - counter = counter + 1: null

2018-12-06 22:05:31 - [TEST_STEP][PASSED] - Statement - PreSaveFile = new java.io.File(((pathPrefix + java.lang.Integer.toString(counter)) + .png)): null

2018-12-06 22:05:31 - [TEST_STEP][PASSED] - Statement - counter = counter + 1: null

2018-12-06 22:05:31 - [TEST_STEP][PASSED] - Statement - PreSaveFile = new java.io.File(((pathPrefix + java.lang.Integer.toString(counter)) + .png)): null

2018-12-06 22:05:31 - [TEST_STEP][PASSED] - Statement - counter = counter + 1: null

2018-12-06 22:05:31 - [TEST_STEP][PASSED] - Statement - PreSaveFile = new java.io.File(((pathPrefix + java.lang.Integer.toString(counter)) + .png)): null

2018-12-06 22:05:31 - [TEST_STEP][PASSED] - Statement - counter = counter + 1: null

2018-12-06 22:05:31 - [TEST_STEP][PASSED] - Statement - PreSaveFile = new java.io.File(((pathPrefix + java.lang.Integer.toString(counter)) + .png)): null

2018-12-06 22:05:31 - [TEST_STEP][PASSED] - Statement - counter = counter + 1: null

2018-12-06 22:05:31 - [TEST_STEP][PASSED] - Statement - PreSaveFile = new java.io.File(((pathPrefix + java.lang.Integer.toString(counter)) + .png)): null

2018-12-06 22:05:31 - [TEST_STEP][PASSED] - Statement - counter = counter + 1: null

2018-12-06 22:05:31 - [TEST_STEP][PASSED] - Statement - PreSaveFile = new java.io.File(((pathPrefix + java.lang.Integer.toString(counter)) + .png)): null

2018-12-06 22:05:31 - [TEST_STEP][PASSED] - Statement - counter = counter + 1: null

2018-12-06 22:05:31 - [TEST_STEP][PASSED] - Statement - PreSaveFile = new java.io.File(((pathPrefix + java.lang.Integer.toString(counter)) + .png)): null

2018-12-06 22:05:31 - [TEST_STEP][PASSED] - Statement - counter = counter + 1: null

2018-12-06 22:05:31 - [TEST_STEP][PASSED] - Statement - PreSaveFile = new java.io.File(((pathPrefix + java.lang.Integer.toString(counter)) + .png)): null

2018-12-06 22:05:31 - [TEST_STEP][PASSED] - Statement - counter = counter + 1: null

2018-12-06 22:05:31 - [TEST_STEP][PASSED] - Statement - PreSaveFile = new java.io.File(((pathPrefix + java.lang.Integer.toString(counter)) + .png)): null

2018-12-06 22:05:31 - [TEST_STEP][PASSED] - Statement - counter = counter + 1: null

2018-12-06 22:05:31 - [TEST_STEP][PASSED] - Statement - PreSaveFile = new java.io.File(((pathPrefix + java.lang.Integer.toString(counter)) + .png)): null

2018-12-06 22:05:31 - [TEST_STEP][PASSED] - Statement - counter = counter + 1: null

2018-12-06 22:05:31 - [TEST_STEP][PASSED] - Statement - PreSaveFile = new java.io.File(((pathPrefix + java.lang.Integer.toString(counter)) + .png)): null

2018-12-06 22:05:31 - [TEST_STEP][PASSED] - Statement - counter = counter + 1: null

2018-12-06 22:05:31 - [TEST_STEP][PASSED] - Statement - PreSaveFile = new java.io.File(((pathPrefix + java.lang.Integer.toString(counter)) + .png)): null

2018-12-06 22:05:31 - [TEST_STEP][PASSED] - Statement - counter = counter + 1: null

2018-12-06 22:05:31 - [TEST_STEP][PASSED] - Statement - PreSaveFile = new java.io.File(((pathPrefix + java.lang.Integer.toString(counter)) + .png)): null

2018-12-06 22:05:31 - [TEST_STEP][PASSED] - Statement - counter = counter + 1: null

2018-12-06 22:05:31 - [TEST_STEP][PASSED] - Statement - PreSaveFile = new java.io.File(((pathPrefix + java.lang.Integer.toString(counter)) + .png)): null

2018-12-06 22:05:31 - [TEST_STEP][PASSED] - Statement - counter = counter + 1: null

2018-12-06 22:05:31 - [TEST_STEP][PASSED] - Statement - PreSaveFile = new java.io.File(((pathPrefix + java.lang.Integer.toString(counter)) + .png)): null

2018-12-06 22:05:31 - [TEST_STEP][PASSED] - Statement - counter = counter + 1: null

2018-12-06 22:05:31 - [TEST_STEP][PASSED] - Statement - PreSaveFile = new java.io.File(((pathPrefix + java.lang.Integer.toString(counter)) + .png)): null

2018-12-06 22:05:31 - [TEST_STEP][PASSED] - Statement - counter = counter + 1: null

2018-12-06 22:05:31 - [TEST_STEP][PASSED] - Statement - PreSaveFile = new java.io.File(((pathPrefix + java.lang.Integer.toString(counter)) + .png)): null

2018-12-06 22:05:31 - [TEST_STEP][PASSED] - Statement - counter = counter + 1: null

2018-12-06 22:05:31 - [TEST_STEP][PASSED] - Statement - PreSaveFile = new java.io.File(((pathPrefix + java.lang.Integer.toString(counter)) + .png)): null

2018-12-06 22:05:31 - [TEST_STEP][PASSED] - Statement - counter = counter + 1: null

2018-12-06 22:05:31 - [TEST_STEP][PASSED] - Statement - PreSaveFile = new java.io.File(((pathPrefix + java.lang.Integer.toString(counter)) + .png)): null

2018-12-06 22:05:31 - [TEST_STEP][PASSED] - Statement - counter = counter + 1: null

2018-12-06 22:05:31 - [TEST_STEP][PASSED] - Statement - PreSaveFile = new java.io.File(((pathPrefix + java.lang.Integer.toString(counter)) + .png)): null

2018-12-06 22:05:31 - [TEST_STEP][PASSED] - Statement - counter = counter + 1: null

2018-12-06 22:05:31 - [TEST_STEP][PASSED] - Statement - PreSaveFile = new java.io.File(((pathPrefix + java.lang.Integer.toString(counter)) + .png)): null

2018-12-06 22:05:31 - [TEST_STEP][PASSED] - Statement - counter = counter + 1: null

2018-12-06 22:05:31 - [TEST_STEP][PASSED] - Statement - PreSaveFile = new java.io.File(((pathPrefix + java.lang.Integer.toString(counter)) + .png)): null

2018-12-06 22:05:31 - [TEST_STEP][PASSED] - Statement - counter = counter + 1: null

2018-12-06 22:05:31 - [TEST_STEP][PASSED] - Statement - PreSaveFile = new java.io.File(((pathPrefix + java.lang.Integer.toString(counter)) + .png)): null

2018-12-06 22:05:31 - [TEST_STEP][PASSED] - Statement - counter = counter + 1: null

2018-12-06 22:05:31 - [TEST_STEP][PASSED] - Statement - PreSaveFile = new java.io.File(((pathPrefix + java.lang.Integer.toString(counter)) + .png)): null

2018-12-06 22:05:31 - [TEST_STEP][PASSED] - Statement - counter = counter + 1: null

2018-12-06 22:05:31 - [TEST_STEP][PASSED] - Statement - PreSaveFile = new java.io.File(((pathPrefix + java.lang.Integer.toString(counter)) + .png)): null

2018-12-06 22:05:31 - [TEST_STEP][PASSED] - Statement - counter = counter + 1: null

2018-12-06 22:05:31 - [TEST_STEP][PASSED] - Statement - PreSaveFile = new java.io.File(((pathPrefix + java.lang.Integer.toString(counter)) + .png)): null

2018-12-06 22:05:31 - [TEST_STEP][PASSED] - Statement - counter = counter + 1: null

2018-12-06 22:05:31 - [TEST_STEP][PASSED] - Statement - PreSaveFile = new java.io.File(((pathPrefix + java.lang.Integer.toString(counter)) + .png)): null

2018-12-06 22:05:31 - [TEST_STEP][PASSED] - Statement - counter = counter + 1: null

2018-12-06 22:05:31 - [TEST_STEP][PASSED] - Statement - PreSaveFile = new java.io.File(((pathPrefix + java.lang.Integer.toString(counter)) + .png)): null

2018-12-06 22:05:31 - [TEST_STEP][PASSED] - Statement - counter = counter + 1: null

2018-12-06 22:05:31 - [TEST_STEP][PASSED] - Statement - PreSaveFile = new java.io.File(((pathPrefix + java.lang.Integer.toString(counter)) + .png)): null

2018-12-06 22:05:31 - [TEST_STEP][PASSED] - Statement - finalPath = pathPrefix + java.lang.Integer.toString(counter) + ".png": null

2018-12-06 22:05:31 - [TEST_STEP][PASSED] - Statement - SaveFile = new java.io.File(finalPath): null

2018-12-06 22:05:31 - [TEST_STEP][PASSED] - Statement - Try: null

2018-12-06 22:05:31 - [TEST_STEP][PASSED] - Statement - org.apache.commons.io.FileUtils.copyFile(scrFile, SaveFile): null

2018-12-06 22:05:31 - [TEST_STEP][PASSED] - Statement - out.println("file kept"): null

2018-12-06 22:05:31 - [TEST_STEP][PASSED] - delay: Delayed 10 second(s)

2018-12-06 22:05:41 - [MESSAGE][PASSED] - Delayed 10 second(s)

2018-12-06 22:05:41 - [MESSAGE][PASSED] - Call Test Case 'Test Cases/Final Aug 2018 - PKS Automation/Registration Module/New Registration/Submit and Screenshot/Submit Registration and Screenshot' successfully

2018-12-06 22:05:41 - [TEST_STEP][PASSED] - delay: Delayed 5 second(s)

2018-12-06 22:05:46 - [MESSAGE][PASSED] - Delayed 5 second(s)

2018-12-06 22:05:46 - [TEST_STEP][PASSED] - callTestCase: Call Test Case 'Test Cases/Final Aug 2018 - PKS Automation/Registration Module/Log Out/log out avoiding katalon tagging' successfully

2018-12-06 22:05:46 - [TEST_CASE][PASSED] - Test Cases/Final Aug 2018 - PKS Automation/Registration Module/Log Out/log out avoiding katalon tagging: Test Cases/Final Aug 2018 - PKS Automation/Registration Module/Log Out/log out avoiding katalon tagging

2018-12-06 22:05:46 - [TEST_STEP][PASSED] - navigateToUrl: Navigate to 'https://assist2-uat.perkeso.gov.my/c/portal/logout' successfully

2018-12-06 22:05:47 - [MESSAGE][PASSED] - Navigate to 'https://assist2-uat.perkeso.gov.my/c/portal/logout' successfully

2018-12-06 22:05:47 - [MESSAGE][PASSED] - Call Test Case 'Test Cases/Final Aug 2018 - PKS Automation/Registration Module/Log Out/log out avoiding katalon tagging' successfully

2018-12-06 22:05:47 - [TEST_STEP][PASSED] - callTestCase: Call Test Case 'Test Cases/Final Aug 2018 - PKS Automation/Common/Workflow Owner Finder' successfully

2018-12-06 22:05:47 - [TEST_CASE][PASSED] - Test Cases/Final Aug 2018 - PKS Automation/Common/Workflow Owner Finder: Test Cases/Final Aug 2018 - PKS Automation/Common/Workflow Owner Finder

2018-12-06 22:05:47 - [TEST_STEP][PASSED] - openBrowser: Browser is opened with url: ''

2018-12-06 22:05:47 - [MESSAGE][WARNING] - A browser is already opened. Closing browser and opening a new one

2018-12-06 22:05:51 - [MESSAGE][PASSED] - Browser is opened with url: ''

2018-12-06 22:05:51 - [TEST_STEP][PASSED] - navigateToUrl: Navigate to 'https://assist2-uat.perkeso.gov.my/login' successfully

2018-12-06 22:05:52 - [MESSAGE][PASSED] - Navigate to 'https://assist2-uat.perkeso.gov.my/login' successfully

2018-12-06 22:05:52 - [TEST_STEP][PASSED] - delay: Delayed 5 second(s)

2018-12-06 22:05:57 - [MESSAGE][PASSED] - Delayed 5 second(s)

2018-12-06 22:05:57 - [TEST_STEP][PASSED] - setText: Text 'test@liferay.com' is set on object 'Object Repository/Final Object Repo/Login Page/Internal User/Email Address'

2018-12-06 22:05:57 - [MESSAGE][PASSED] - Text 'test@liferay.com' is set on object 'Object Repository/Final Object Repo/Login Page/Internal User/Email Address'

2018-12-06 22:05:57 - [TEST_STEP][PASSED] - click: Object: 'Object Repository/Final Object Repo/Login Page/Internal User/Next Button' is clicked on

2018-12-06 22:05:58 - [MESSAGE][PASSED] - Object: 'Object Repository/Final Object Repo/Login Page/Internal User/Next Button' is clicked on

2018-12-06 22:05:58 - [TEST_STEP][PASSED] - delay: Delayed 2 second(s)

2018-12-06 22:06:00 - [MESSAGE][PASSED] - Delayed 2 second(s)

2018-12-06 22:06:00 - [TEST_STEP][PASSED] - setText: Text 'test' is set on object 'Object Repository/Final Object Repo/Login Page/Internal User/Password'

2018-12-06 22:06:00 - [MESSAGE][PASSED] - Text 'test' is set on object 'Object Repository/Final Object Repo/Login Page/Internal User/Password'

2018-12-06 22:06:00 - [TEST_STEP][PASSED] - delay: Delayed 2 second(s)

2018-12-06 22:06:02 - [MESSAGE][PASSED] - Delayed 2 second(s)

2018-12-06 22:06:02 - [TEST_STEP][PASSED] - click: Object: 'Object Repository/Final Object Repo/Login Page/Internal User/Login Button' is clicked on

2018-12-06 22:06:02 - [MESSAGE][PASSED] - Object: 'Object Repository/Final Object Repo/Login Page/Internal User/Login Button' is clicked on

2018-12-06 22:06:02 - [TEST_STEP][PASSED] - Statement - tester = com.kms.katalon.core.testobject.ObjectRepository.findTestObject(Final Object Repo/Landing Page/Select to English): Finding Test Object with id 'Object Repository/Final Object Repo/Landing Page/Select to English'

2018-12-06 22:06:02 - [TEST_STEP][PASSED] - Statement - Try: Delayed 2 second(s)

2018-12-06 22:06:02 - [TEST_STEP][PASSED] - Statement - Checker = com.kms.katalon.core.webui.keyword.WebUiBuiltInKeywords.verifyElementNotPresent(tester, 3): Web element with id: 'Object Repository/Final Object Repo/Landing Page/Select to English' located by 'By.xpath: //a[@class = 'taglib-language-list-text' and @lang = 'en-US' and (contains(text(), 'EN') or contains(., 'EN'))]' is not present after '3' second(s)

2018-12-06 22:06:04 - [MESSAGE][PASSED] - Web element with id: 'Object Repository/Final Object Repo/Landing Page/Select to English' located by 'By.xpath: //a[@class = 'taglib-language-list-text' and @lang = 'en-US' and (contains(text(), 'EN') or contains(., 'EN'))]' is not present after '3' second(s)

2018-12-06 22:06:04 - [TEST_STEP][PASSED] - Statement - If (Checker == false): null

2018-12-06 22:06:04 - [TEST_STEP][PASSED] - delay: Delayed 2 second(s)

2018-12-06 22:06:06 - [MESSAGE][PASSED] - Delayed 2 second(s)

2018-12-06 22:06:06 - [TEST_STEP][PASSED] - delay: Delayed 5 second(s)

2018-12-06 22:06:11 - [MESSAGE][PASSED] - Delayed 5 second(s)

2018-12-06 22:06:11 - [TEST_STEP][PASSED] - mouseOver: Object: 'Object Repository/Final Object Repo/Landing Page/WorkFlow Menu' is hovered

2018-12-06 22:06:11 - [MESSAGE][PASSED] - Object: 'Object Repository/Final Object Repo/Landing Page/WorkFlow Menu' is hovered

2018-12-06 22:06:11 - [TEST_STEP][PASSED] - delay: Delayed 2 second(s)

2018-12-06 22:06:13 - [MESSAGE][PASSED] - Delayed 2 second(s)

2018-12-06 22:06:13 - [TEST_STEP][PASSED] - click: Object: 'Object Repository/Final Object Repo/Landing Page/Select to Workflow Listing' is clicked on

2018-12-06 22:06:14 - [MESSAGE][PASSED] - Object: 'Object Repository/Final Object Repo/Landing Page/Select to Workflow Listing' is clicked on

2018-12-06 22:06:14 - [TEST_STEP][PASSED] - delay: Delayed 2 second(s)

2018-12-06 22:06:16 - [MESSAGE][PASSED] - Delayed 2 second(s)

2018-12-06 22:06:16 - [TEST_STEP][PASSED] - click: Object: 'Object Repository/Final Object Repo/WorkFlow Listing Page/Search Information - To Put Ref No' is clicked on

2018-12-06 22:06:17 - [MESSAGE][PASSED] - Object: 'Object Repository/Final Object Repo/WorkFlow Listing Page/Search Information - To Put Ref No' is clicked on

2018-12-06 22:06:17 - [TEST_STEP][PASSED] - delay: Delayed 2 second(s)

2018-12-06 22:06:19 - [MESSAGE][PASSED] - Delayed 2 second(s)

2018-12-06 22:06:19 - [TEST_STEP][PASSED] - callTestCase: Call Test Case 'Test Cases/Final Aug 2018 - PKS Automation/Common/Reference Number Getter' successfully

2018-12-06 22:06:19 - [TEST_CASE][PASSED] - Test Cases/Final Aug 2018 - PKS Automation/Common/Reference Number Getter: Test Cases/Final Aug 2018 - PKS Automation/Common/Reference Number Getter

2018-12-06 22:06:19 - [TEST_STEP][PASSED] - Statement - Try: null

2018-12-06 22:06:19 - [TEST_STEP][PASSED] - Statement - RefNo = new java.io.File(C://Users//Admin//Desktop//PKS//Automation Reference Point//KatalonReference.txt): null

2018-12-06 22:06:19 - [TEST_STEP][PASSED] - Statement - bufferread = new java.io.BufferedReader(new java.io.FileReader(RefNo)): null

2018-12-06 22:06:19 - [TEST_STEP][PASSED] - Statement - readedVal = bufferread.readLine(): null

2018-12-06 22:06:19 - [TEST_STEP][PASSED] - Statement - out.println(CaseReferenceNo): null

2018-12-06 22:06:19 - [TEST_STEP][PASSED] - Statement - out.println(readedVal): null

2018-12-06 22:06:19 - [TEST_STEP][PASSED] - Statement - CaseReferenceNo = "": null

2018-12-06 22:06:19 - [TEST_STEP][PASSED] - Statement - CaseReferenceNo = readedVal: null

2018-12-06 22:06:19 - [MESSAGE][PASSED] - Call Test Case 'Test Cases/Final Aug 2018 - PKS Automation/Common/Reference Number Getter' successfully

2018-12-06 22:06:19 - [TEST_STEP][PASSED] - setText: Text 'CRN12201800123064' is set on object 'Object Repository/Final Object Repo/WorkFlow Listing Page/Ref No Set Text'

2018-12-06 22:06:19 - [MESSAGE][PASSED] - Text 'CRN12201800123064' is set on object 'Object Repository/Final Object Repo/WorkFlow Listing Page/Ref No Set Text'

2018-12-06 22:06:19 - [TEST_STEP][PASSED] - delay: Delayed 2 second(s)

2018-12-06 22:06:21 - [MESSAGE][PASSED] - Delayed 2 second(s)

2018-12-06 22:06:21 - [TEST_STEP][PASSED] - click: Object: 'Object Repository/Final Object Repo/WorkFlow Listing Page/Search Ref No Search Button' is clicked on

2018-12-06 22:06:21 - [MESSAGE][PASSED] - Object: 'Object Repository/Final Object Repo/WorkFlow Listing Page/Search Ref No Search Button' is clicked on

2018-12-06 22:06:21 - [TEST_STEP][PASSED] - delay: Delayed 6 second(s)

2018-12-06 22:06:27 - [MESSAGE][PASSED] - Delayed 6 second(s)

2018-12-06 22:06:27 - [TEST_STEP][PASSED] - click: Object: 'Object Repository/Final Object Repo/WorkFlow Listing Page/Click Continue Tooltip' is clicked on

2018-12-06 22:06:28 - [MESSAGE][PASSED] - Object: 'Object Repository/Final Object Repo/WorkFlow Listing Page/Click Continue Tooltip' is clicked on

2018-12-06 22:06:28 - [TEST_STEP][PASSED] - delay: Delayed 5 second(s)

2018-12-06 22:06:33 - [MESSAGE][PASSED] - Delayed 5 second(s)

2018-12-06 22:06:33 - [TEST_STEP][PASSED] - doubleClick: Object: 'Object Repository/Final Object Repo/WorkFlow Listing Page/Workflow Found - Listing 1' is double clicked on

2018-12-06 22:06:33 - [MESSAGE][PASSED] - Object: 'Object Repository/Final Object Repo/WorkFlow Listing Page/Workflow Found - Listing 1' is double clicked on

2018-12-06 22:06:33 - [TEST_STEP][PASSED] - Statement - println(OwnerID): null

2018-12-06 22:06:33 - [TEST_STEP][PASSED] - Statement - OwnerID = com.kms.katalon.core.webui.keyword.WebUiBuiltInKeywords.getText(com.kms.katalon.core.testobject.ObjectRepository.findTestObject(Final Object Repo/WorkFlow Listing Page/Workflow Found - Listing 1), STOP_ON_FAILURE): Text of object 'Object Repository/Final Object Repo/WorkFlow Listing Page/Workflow Found - Listing 1' is: 'JOHORro2'

2018-12-06 22:06:33 - [MESSAGE][PASSED] - Text of object 'Object Repository/Final Object Repo/WorkFlow Listing Page/Workflow Found - Listing 1' is: 'JOHORro2'

2018-12-06 22:06:33 - [TEST_STEP][PASSED] - Statement - OwnerID = OwnerID.toLowerCase() + "@gmail.com": null

2018-12-06 22:06:33 - [TEST_STEP][PASSED] - Statement - println(OwnerID): null

2018-12-06 22:06:33 - [TEST_STEP][PASSED] - delay: Delayed 2 second(s)

2018-12-06 22:06:35 - [MESSAGE][PASSED] - Delayed 2 second(s)

2018-12-06 22:06:35 - [MESSAGE][PASSED] - Call Test Case 'Test Cases/Final Aug 2018 - PKS Automation/Common/Workflow Owner Finder' successfully

2018-12-06 22:06:35 - [TEST_STEP][PASSED] - callTestCase: Call Test Case 'Test Cases/Final Aug 2018 - PKS Automation/Registration Module/Log Out/log out avoiding katalon tagging' successfully

2018-12-06 22:06:35 - [TEST_CASE][PASSED] - Test Cases/Final Aug 2018 - PKS Automation/Registration Module/Log Out/log out avoiding katalon tagging: Test Cases/Final Aug 2018 - PKS Automation/Registration Module/Log Out/log out avoiding katalon tagging

2018-12-06 22:06:35 - [TEST_STEP][PASSED] - navigateToUrl: Navigate to 'https://assist2-uat.perkeso.gov.my/c/portal/logout' successfully

2018-12-06 22:06:36 - [MESSAGE][PASSED] - Navigate to 'https://assist2-uat.perkeso.gov.my/c/portal/logout' successfully

2018-12-06 22:06:36 - [MESSAGE][PASSED] - Call Test Case 'Test Cases/Final Aug 2018 - PKS Automation/Registration Module/Log Out/log out avoiding katalon tagging' successfully

2018-12-06 22:06:36 - [TEST_STEP][PASSED] - delay: Delayed 2 second(s)

2018-12-06 22:06:38 - [MESSAGE][PASSED] - Delayed 2 second(s)

2018-12-06 22:06:38 - [TEST_STEP][PASSED] - setText: Text 'johorro2@gmail.com' is set on object 'Object Repository/Final Object Repo/New Registration - Registration Module Pages/New Reg - OTC to RO/Special Case - All Related Objects/Email TextBox'

2018-12-06 22:06:38 - [MESSAGE][PASSED] - Text 'johorro2@gmail.com' is set on object 'Object Repository/Final Object Repo/New Registration - Registration Module Pages/New Reg - OTC to RO/Special Case - All Related Objects/Email TextBox'

2018-12-06 22:06:38 - [TEST_STEP][PASSED] - click: Object: 'Object Repository/Final Object Repo/New Registration - Registration Module Pages/New Reg - OTC to RO/Special Case - All Related Objects/Next Button' is clicked on

2018-12-06 22:06:39 - [MESSAGE][PASSED] - Object: 'Object Repository/Final Object Repo/New Registration - Registration Module Pages/New Reg - OTC to RO/Special Case - All Related Objects/Next Button' is clicked on

2018-12-06 22:06:39 - [TEST_STEP][PASSED] - delay: Delayed 2 second(s)

2018-12-06 22:06:41 - [MESSAGE][PASSED] - Delayed 2 second(s)

2018-12-06 22:06:41 - [TEST_STEP][PASSED] - setText: Text 'Test1@3456789' is set on object 'Object Repository/Final Object Repo/New Registration - Registration Module Pages/New Reg - OTC to RO/Special Case - All Related Objects/Password TextBox'

2018-12-06 22:06:41 - [MESSAGE][PASSED] - Text 'Test1@3456789' is set on object 'Object Repository/Final Object Repo/New Registration - Registration Module Pages/New Reg - OTC to RO/Special Case - All Related Objects/Password TextBox'

2018-12-06 22:06:41 - [TEST_STEP][PASSED] - delay: Delayed 2 second(s)

2018-12-06 22:06:43 - [MESSAGE][PASSED] - Delayed 2 second(s)

2018-12-06 22:06:43 - [TEST_STEP][PASSED] - click: Object: 'Object Repository/Final Object Repo/New Registration - Registration Module Pages/New Reg - OTC to RO/Special Case - All Related Objects/Login Button' is clicked on

2018-12-06 22:06:43 - [MESSAGE][PASSED] - Object: 'Object Repository/Final Object Repo/New Registration - Registration Module Pages/New Reg - OTC to RO/Special Case - All Related Objects/Login Button' is clicked on

2018-12-06 22:06:43 - [TEST_STEP][PASSED] - delay: Delayed 2 second(s)

2018-12-06 22:06:45 - [MESSAGE][PASSED] - Delayed 2 second(s)

2018-12-06 22:06:45 - [TEST_STEP][PASSED] - Statement - Try: null

2018-12-06 22:06:45 - [TEST_STEP][PASSED] - Statement - Checker = com.kms.katalon.core.webui.keyword.WebUiBuiltInKeywords.verifyElementNotPresent("Final Object Repo/Landing Page/Select to English", 3): null

2018-12-06 22:06:45 - [TEST_STEP][PASSED] - Statement - Catch (Exception e): null

2018-12-06 22:06:45 - [TEST_STEP][PASSED] - Statement - e.printStackTrace(): null

2018-12-06 22:06:45 - [TEST_STEP][PASSED] - click: Object: 'Object Repository/Final Object Repo/New Registration - Registration Module Pages/New Reg - OTC to RO/Special Case - All Related Objects/Expand to Search' is clicked on

2018-12-06 22:06:45 - [MESSAGE][PASSED] - Object: 'Object Repository/Final Object Repo/New Registration - Registration Module Pages/New Reg - OTC to RO/Special Case - All Related Objects/Expand to Search' is clicked on

2018-12-06 22:06:45 - [TEST_STEP][PASSED] - delay: Delayed 2 second(s)

2018-12-06 22:06:47 - [MESSAGE][PASSED] - Delayed 2 second(s)

2018-12-06 22:06:47 - [TEST_STEP][PASSED] - setText: Text 'CRN12201800123064' is set on object 'Object Repository/Final Object Repo/New Registration - Registration Module Pages/New Reg - OTC to RO/Special Case - All Related Objects/TextBox RefNo in Workbasket'

2018-12-06 22:06:47 - [MESSAGE][PASSED] - Text 'CRN12201800123064' is set on object 'Object Repository/Final Object Repo/New Registration - Registration Module Pages/New Reg - OTC to RO/Special Case - All Related Objects/TextBox RefNo in Workbasket'

2018-12-06 22:06:47 - [TEST_STEP][PASSED] - delay: Delayed 2 second(s)

2018-12-06 22:06:49 - [MESSAGE][PASSED] - Delayed 2 second(s)

2018-12-06 22:06:49 - [TEST_STEP][PASSED] - click: Object: 'Object Repository/Final Object Repo/New Registration - Registration Module Pages/New Reg - OTC to RO/Special Case - All Related Objects/Click Search' is clicked on

2018-12-06 22:06:50 - [MESSAGE][PASSED] - Object: 'Object Repository/Final Object Repo/New Registration - Registration Module Pages/New Reg - OTC to RO/Special Case - All Related Objects/Click Search' is clicked on

2018-12-06 22:06:50 - [TEST_STEP][PASSED] - delay: Delayed 2 second(s)

2018-12-06 22:06:52 - [MESSAGE][PASSED] - Delayed 2 second(s)

2018-12-06 22:06:52 - [TEST_STEP][PASSED] - click: Object: 'Object Repository/Final Object Repo/New Registration - Registration Module Pages/New Reg - OTC to RO/Special Case - All Related Objects/Click to Continue Workflow' is clicked on

2018-12-06 22:06:55 - [MESSAGE][PASSED] - Object: 'Object Repository/Final Object Repo/New Registration - Registration Module Pages/New Reg - OTC to RO/Special Case - All Related Objects/Click to Continue Workflow' is clicked on

2018-12-06 22:06:55 - [TEST_STEP][PASSED] - delay: Delayed 2 second(s)

2018-12-06 22:06:57 - [MESSAGE][PASSED] - Delayed 2 second(s)

2018-12-06 22:06:57 - [TEST_STEP][PASSED] - click: Object: 'Object Repository/Final Object Repo/New Registration - Registration Module Pages/New Reg - OTC to RO/Special Case - All Related Objects/Continue Button in verifying case' is clicked on

2018-12-06 22:06:59 - [MESSAGE][PASSED] - Object: 'Object Repository/Final Object Repo/New Registration - Registration Module Pages/New Reg - OTC to RO/Special Case - All Related Objects/Continue Button in verifying case' is clicked on

2018-12-06 22:06:59 - [TEST_STEP][PASSED] - delay: Delayed 2 second(s)

2018-12-06 22:07:01 - [MESSAGE][PASSED] - Delayed 2 second(s)

2018-12-06 22:07:01 - [TEST_STEP][PASSED] - click: Object: 'Object Repository/Final Object Repo/New Registration - Registration Module Pages/New Reg - OTC to RO/Special Case - All Related Objects/Form 1 Save n Continue' is clicked on

2018-12-06 22:07:01 - [MESSAGE][PASSED] - Object: 'Object Repository/Final Object Repo/New Registration - Registration Module Pages/New Reg - OTC to RO/Special Case - All Related Objects/Form 1 Save n Continue' is clicked on

2018-12-06 22:07:01 - [TEST_STEP][PASSED] - delay: Delayed 5 second(s)

2018-12-06 22:07:06 - [MESSAGE][PASSED] - Delayed 5 second(s)

2018-12-06 22:07:06 - [TEST_STEP][PASSED] - click: Object: 'Object Repository/Final Object Repo/New Registration - Registration Module Pages/New Reg - OTC to RO/Special Case - OTC - Form 1/Confirm No Flagging as Branch' is clicked on

2018-12-06 22:07:06 - [MESSAGE][PASSED] - Object: 'Object Repository/Final Object Repo/New Registration - Registration Module Pages/New Reg - OTC to RO/Special Case - OTC - Form 1/Confirm No Flagging as Branch' is clicked on

2018-12-06 22:07:06 - [TEST_STEP][PASSED] - delay: Delayed 2 second(s)

2018-12-06 22:07:08 - [MESSAGE][PASSED] - Delayed 2 second(s)

2018-12-06 22:07:08 - [TEST_STEP][PASSED] - click: Object: 'Object Repository/Final Object Repo/New Registration - Registration Module Pages/New Reg - OTC to RO/Special Case - All Related Objects/Form 2 Save n Continue' is clicked on

2018-12-06 22:07:08 - [MESSAGE][PASSED] - Object: 'Object Repository/Final Object Repo/New Registration - Registration Module Pages/New Reg - OTC to RO/Special Case - All Related Objects/Form 2 Save n Continue' is clicked on

2018-12-06 22:07:08 - [TEST_STEP][PASSED] - delay: Delayed 2 second(s)

2018-12-06 22:07:10 - [MESSAGE][PASSED] - Delayed 2 second(s)

2018-12-06 22:07:10 - [TEST_STEP][PASSED] - click: Object: 'Object Repository/Final Object Repo/New Registration - Registration Module Pages/New Reg - OTC to RO/Special Case - All Related Objects/Third Screen Save n Continue' is clicked on

2018-12-06 22:07:16 - [MESSAGE][PASSED] - Object: 'Object Repository/Final Object Repo/New Registration - Registration Module Pages/New Reg - OTC to RO/Special Case - All Related Objects/Third Screen Save n Continue' is clicked on

2018-12-06 22:07:16 - [TEST_STEP][PASSED] - setText: Text 'Query case' is set on object 'Object Repository/Final Object Repo/New Registration - Registration Module Pages/New Reg - OTC to RO/Special Case - All Related Objects/Query Text Input'

2018-12-06 22:07:16 - [MESSAGE][PASSED] - Text 'Query case' is set on object 'Object Repository/Final Object Repo/New Registration - Registration Module Pages/New Reg - OTC to RO/Special Case - All Related Objects/Query Text Input'

2018-12-06 22:07:16 - [TEST_STEP][PASSED] - delay: Delayed 5 second(s)

2018-12-06 22:07:21 - [MESSAGE][PASSED] - Delayed 5 second(s)

2018-12-06 22:07:21 - [TEST_STEP][PASSED] - click: Object: 'Object Repository/Final Object Repo/New Registration - Registration Module Pages/New Reg - OTC to RO/Special Case - All Related Objects/Upload Doc Page Save n Continue' is clicked on

2018-12-06 22:07:21 - [MESSAGE][PASSED] - Object: 'Object Repository/Final Object Repo/New Registration - Registration Module Pages/New Reg - OTC to RO/Special Case - All Related Objects/Upload Doc Page Save n Continue' is clicked on

2018-12-06 22:07:21 - [TEST_STEP][PASSED] - click: Object: 'Object Repository/Final Object Repo/New Registration - Registration Module Pages/New Reg - OTC to RO/Special Case - All Related Objects/Query Button' is clicked on

2018-12-06 22:07:26 - [MESSAGE][PASSED] - Object: 'Object Repository/Final Object Repo/New Registration - Registration Module Pages/New Reg - OTC to RO/Special Case - All Related Objects/Query Button' is clicked on

2018-12-06 22:07:26 - [TEST_STEP][FAILED] - click: Unable to click on object 'Object Repository/Final Object Repo/New Registration - Registration Module Pages/New Reg - OTC to RO/Special Case - All Related Objects/Confirm to Query' (Root cause: org.openqa.selenium.ElementNotVisibleException: element not interactable
  (Session info: chrome=70.0.3538.110)
  (Driver info: chromedriver=2.43.600210 (68dcf5eebde37173d4027fa8635e332711d2874a),platform=Windows NT 6.1.7601 SP1 x86_64) (WARNING: The server did not provide any stacktrace information)
Command duration or timeout: 0 milliseconds
Build info: version: '3.7.1', revision: '8a0099a', time: '2017-11-06T21:07:36.161Z'
System info: host: 'WIN7TEST02', ip: '10.20.3.72', os.name: 'Windows 7', os.arch: 'amd64', os.version: '6.1', java.version: '1.8.0_181'
Driver info: com.kms.katalon.selenium.driver.CChromeDriver
Capabilities {acceptInsecureCerts: false, acceptSslCerts: false, applicationCacheEnabled: false, browserConnectionEnabled: false, browserName: chrome, chrome: {chromedriverVersion: 2.43.600210 (68dcf5eebde371..., userDataDir: C:\Users\Admin\AppData\Loca...}, cssSelectorsEnabled: true, databaseEnabled: false, goog:chromeOptions: {debuggerAddress: localhost:60986}, handlesAlerts: true, hasTouchScreen: false, javascriptEnabled: true, locationContextEnabled: true, mobileEmulationEnabled: false, nativeEvents: true, networkConnectionEnabled: false, pageLoadStrategy: normal, platform: XP, platformName: XP, rotatable: false, setWindowRect: true, takesHeapSnapshot: true, takesScreenshot: true, unexpectedAlertBehaviour: , unhandledPromptBehavior: , version: 70.0.3538.110, webStorageEnabled: true}
Session ID: 2fa7898b3cc40910af4a232573a02c21)

2018-12-06 22:07:26 - [MESSAGE][FAILED] - Unable to click on object 'Object Repository/Final Object Repo/New Registration - Registration Module Pages/New Reg - OTC to RO/Special Case - All Related Objects/Confirm to Query' (Root cause: org.openqa.selenium.ElementNotVisibleException: element not interactable
  (Session info: chrome=70.0.3538.110)
  (Driver info: chromedriver=2.43.600210 (68dcf5eebde37173d4027fa8635e332711d2874a),platform=Windows NT 6.1.7601 SP1 x86_64) (WARNING: The server did not provide any stacktrace information)
Command duration or timeout: 0 milliseconds
Build info: version: '3.7.1', revision: '8a0099a', time: '2017-11-06T21:07:36.161Z'
System info: host: 'WIN7TEST02', ip: '10.20.3.72', os.name: 'Windows 7', os.arch: 'amd64', os.version: '6.1', java.version: '1.8.0_181'
Driver info: com.kms.katalon.selenium.driver.CChromeDriver
Capabilities {acceptInsecureCerts: false, acceptSslCerts: false, applicationCacheEnabled: false, browserConnectionEnabled: false, browserName: chrome, chrome: {chromedriverVersion: 2.43.600210 (68dcf5eebde371..., userDataDir: C:\Users\Admin\AppData\Loca...}, cssSelectorsEnabled: true, databaseEnabled: false, goog:chromeOptions: {debuggerAddress: localhost:60986}, handlesAlerts: true, hasTouchScreen: false, javascriptEnabled: true, locationContextEnabled: true, mobileEmulationEnabled: false, nativeEvents: true, networkConnectionEnabled: false, pageLoadStrategy: normal, platform: XP, platformName: XP, rotatable: false, setWindowRect: true, takesHeapSnapshot: true, takesScreenshot: true, unexpectedAlertBehaviour: , unhandledPromptBehavior: , version: 70.0.3538.110, webStorageEnabled: true}
Session ID: 2fa7898b3cc40910af4a232573a02c21)
[[ATTACHMENT|C:\\Users\\Admin\\Desktop\\PKS\\Perkeso Phase A\\Reports\\Workflow\\New Registration\\20181206_171414\\1544105246430.png]]

2018-12-06 22:07:26 - [TEST_STEP][PASSED] - delay: Delayed 5 second(s)

2018-12-06 22:07:31 - [MESSAGE][PASSED] - Delayed 5 second(s)

2018-12-06 22:07:31 - [TEST_STEP][PASSED] - callTestCase: Call Test Case 'Test Cases/Final Aug 2018 - PKS Automation/Registration Module/Log Out/log out avoiding katalon tagging' successfully

2018-12-06 22:07:31 - [TEST_CASE][PASSED] - Test Cases/Final Aug 2018 - PKS Automation/Registration Module/Log Out/log out avoiding katalon tagging: Test Cases/Final Aug 2018 - PKS Automation/Registration Module/Log Out/log out avoiding katalon tagging

2018-12-06 22:07:31 - [TEST_STEP][PASSED] - navigateToUrl: Navigate to 'https://assist2-uat.perkeso.gov.my/c/portal/logout' successfully

2018-12-06 22:07:32 - [MESSAGE][PASSED] - Navigate to 'https://assist2-uat.perkeso.gov.my/c/portal/logout' successfully

2018-12-06 22:07:32 - [MESSAGE][PASSED] - Call Test Case 'Test Cases/Final Aug 2018 - PKS Automation/Registration Module/Log Out/log out avoiding katalon tagging' successfully

2018-12-06 22:07:32 - [TEST_STEP][PASSED] - delay: Delayed 2 second(s)

2018-12-06 22:07:34 - [MESSAGE][PASSED] - Delayed 2 second(s)

2018-12-06 22:07:34 - [TEST_STEP][PASSED] - setText: Text 'klotc2@gmail.com' is set on object 'Object Repository/Final Object Repo/New Registration - Registration Module Pages/New Reg - OTC to RO/Special Case - All Related Objects/Email TextBox'

2018-12-06 22:07:34 - [MESSAGE][PASSED] - Text 'klotc2@gmail.com' is set on object 'Object Repository/Final Object Repo/New Registration - Registration Module Pages/New Reg - OTC to RO/Special Case - All Related Objects/Email TextBox'

2018-12-06 22:07:34 - [TEST_STEP][PASSED] - delay: Delayed 2 second(s)

2018-12-06 22:07:36 - [MESSAGE][PASSED] - Delayed 2 second(s)

2018-12-06 22:07:36 - [TEST_STEP][PASSED] - click: Object: 'Object Repository/Final Object Repo/Login Page/Internal User/Next Button' is clicked on

2018-12-06 22:07:37 - [MESSAGE][PASSED] - Object: 'Object Repository/Final Object Repo/Login Page/Internal User/Next Button' is clicked on

2018-12-06 22:07:37 - [TEST_STEP][PASSED] - delay: Delayed 2 second(s)

2018-12-06 22:07:39 - [MESSAGE][PASSED] - Delayed 2 second(s)

2018-12-06 22:07:39 - [TEST_STEP][PASSED] - setText: Text 'Test1@3456789' is set on object 'Object Repository/Final Object Repo/Login Page/Internal User/Password'

2018-12-06 22:07:39 - [MESSAGE][PASSED] - Text 'Test1@3456789' is set on object 'Object Repository/Final Object Repo/Login Page/Internal User/Password'

2018-12-06 22:07:39 - [TEST_STEP][PASSED] - delay: Delayed 2 second(s)

2018-12-06 22:07:41 - [MESSAGE][PASSED] - Delayed 2 second(s)

2018-12-06 22:07:41 - [TEST_STEP][PASSED] - click: Object: 'Object Repository/Final Object Repo/Login Page/Internal User/Login Button' is clicked on

2018-12-06 22:07:41 - [MESSAGE][PASSED] - Object: 'Object Repository/Final Object Repo/Login Page/Internal User/Login Button' is clicked on

2018-12-06 22:07:41 - [TEST_STEP][PASSED] - delay: Delayed 2 second(s)

2018-12-06 22:07:43 - [MESSAGE][PASSED] - Delayed 2 second(s)

2018-12-06 22:07:43 - [TEST_STEP][PASSED] - Statement - Try: null

2018-12-06 22:07:43 - [TEST_STEP][PASSED] - Statement - Checker = com.kms.katalon.core.webui.keyword.WebUiBuiltInKeywords.verifyElementNotPresent("PKS_SIP_Updated_RegModule/Attempt/Page_MyASSIST - ASSIST/Select to English", 3): null

2018-12-06 22:07:43 - [TEST_STEP][PASSED] - Statement - Catch (Exception e): null

2018-12-06 22:07:43 - [TEST_STEP][PASSED] - Statement - e.printStackTrace(): null

2018-12-06 22:07:43 - [TEST_STEP][PASSED] - delay: Delayed 4 second(s)

2018-12-06 22:07:47 - [MESSAGE][PASSED] - Delayed 4 second(s)

2018-12-06 22:07:47 - [TEST_STEP][PASSED] - click: Object: 'Object Repository/Final Object Repo/Landing Page/My Sites Drop Down' is clicked on

2018-12-06 22:07:47 - [MESSAGE][PASSED] - Object: 'Object Repository/Final Object Repo/Landing Page/My Sites Drop Down' is clicked on

2018-12-06 22:07:47 - [TEST_STEP][PASSED] - click: Object: 'Object Repository/Final Object Repo/Landing Page/Select to Registration Module' is clicked on

2018-12-06 22:07:48 - [MESSAGE][PASSED] - Object: 'Object Repository/Final Object Repo/Landing Page/Select to Registration Module' is clicked on

2018-12-06 22:07:48 - [TEST_STEP][PASSED] - delay: Delayed 2 second(s)

2018-12-06 22:07:50 - [MESSAGE][PASSED] - Delayed 2 second(s)

2018-12-06 22:07:50 - [TEST_STEP][PASSED] - mouseOver: Object: 'Object Repository/Final Object Repo/New Registration - Registration Module Pages/New Reg - OTC to RO/Special Case - All Related Objects/Hover Over Search Drop Down' is hovered

2018-12-06 22:07:50 - [MESSAGE][PASSED] - Object: 'Object Repository/Final Object Repo/New Registration - Registration Module Pages/New Reg - OTC to RO/Special Case - All Related Objects/Hover Over Search Drop Down' is hovered

2018-12-06 22:07:50 - [TEST_STEP][PASSED] - click: Object: 'Object Repository/Final Object Repo/New Registration - Registration Module Pages/New Reg - OTC to RO/Special Case - All Related Objects/Select Search Pending Case' is clicked on

2018-12-06 22:07:51 - [MESSAGE][PASSED] - Object: 'Object Repository/Final Object Repo/New Registration - Registration Module Pages/New Reg - OTC to RO/Special Case - All Related Objects/Select Search Pending Case' is clicked on

2018-12-06 22:07:51 - [TEST_STEP][PASSED] - click: Object: 'Object Repository/Final Object Repo/New Registration - Registration Module Pages/New Reg - OTC to RO/Special Case - All Related Objects/Select Searching Method (Employer Code)' is clicked on

2018-12-06 22:07:51 - [MESSAGE][PASSED] - Object: 'Object Repository/Final Object Repo/New Registration - Registration Module Pages/New Reg - OTC to RO/Special Case - All Related Objects/Select Searching Method (Employer Code)' is clicked on

2018-12-06 22:07:51 - [TEST_STEP][PASSED] - click: Object: 'Object Repository/Final Object Repo/New Registration - Registration Module Pages/New Reg - OTC to RO/Special Case - All Related Objects/Select Searching Method to Reference ID' is clicked on

2018-12-06 22:07:51 - [MESSAGE][PASSED] - Object: 'Object Repository/Final Object Repo/New Registration - Registration Module Pages/New Reg - OTC to RO/Special Case - All Related Objects/Select Searching Method to Reference ID' is clicked on

2018-12-06 22:07:51 - [TEST_STEP][PASSED] - setText: Text 'CRN12201800123064' is set on object 'Object Repository/Final Object Repo/New Registration - Registration Module Pages/New Reg - OTC to RO/Special Case - All Related Objects/Pending Case Ref NO'

2018-12-06 22:07:51 - [MESSAGE][PASSED] - Text 'CRN12201800123064' is set on object 'Object Repository/Final Object Repo/New Registration - Registration Module Pages/New Reg - OTC to RO/Special Case - All Related Objects/Pending Case Ref NO'

2018-12-06 22:07:51 - [TEST_STEP][PASSED] - click: Object: 'Object Repository/Final Object Repo/New Registration - Registration Module Pages/New Reg - OTC to RO/Special Case - All Related Objects/Search Pending Case Based on Ref No' is clicked on

2018-12-06 22:07:52 - [MESSAGE][PASSED] - Object: 'Object Repository/Final Object Repo/New Registration - Registration Module Pages/New Reg - OTC to RO/Special Case - All Related Objects/Search Pending Case Based on Ref No' is clicked on

2018-12-06 22:07:52 - [TEST_STEP][FAILED] - click: Unable to click on object 'Object Repository/Final Object Repo/New Registration - Registration Module Pages/New Reg - OTC to RO/Special Case - All Related Objects/Action Button after found case' (Root cause: org.openqa.selenium.InvalidSelectorException: invalid selector: Unable to locate an element with the xpath expression  because of the following error:
SyntaxError: Failed to execute 'evaluate' on 'Document': The string '' is not a valid XPath expression.
  (Session info: chrome=70.0.3538.110)
  (Driver info: chromedriver=2.43.600210 (68dcf5eebde37173d4027fa8635e332711d2874a),platform=Windows NT 6.1.7601 SP1 x86_64) (WARNING: The server did not provide any stacktrace information)
Command duration or timeout: 0 milliseconds
For documentation on this error, please visit: http://seleniumhq.org/exceptions/invalid_selector_exception.html
Build info: version: '3.7.1', revision: '8a0099a', time: '2017-11-06T21:07:36.161Z'
System info: host: 'WIN7TEST02', ip: '10.20.3.72', os.name: 'Windows 7', os.arch: 'amd64', os.version: '6.1', java.version: '1.8.0_181'
Driver info: com.kms.katalon.selenium.driver.CChromeDriver
Capabilities {acceptInsecureCerts: false, acceptSslCerts: false, applicationCacheEnabled: false, browserConnectionEnabled: false, browserName: chrome, chrome: {chromedriverVersion: 2.43.600210 (68dcf5eebde371..., userDataDir: C:\Users\Admin\AppData\Loca...}, cssSelectorsEnabled: true, databaseEnabled: false, goog:chromeOptions: {debuggerAddress: localhost:60986}, handlesAlerts: true, hasTouchScreen: false, javascriptEnabled: true, locationContextEnabled: true, mobileEmulationEnabled: false, nativeEvents: true, networkConnectionEnabled: false, pageLoadStrategy: normal, platform: XP, platformName: XP, rotatable: false, setWindowRect: true, takesHeapSnapshot: true, takesScreenshot: true, unexpectedAlertBehaviour: , unhandledPromptBehavior: , version: 70.0.3538.110, webStorageEnabled: true}
Session ID: 2fa7898b3cc40910af4a232573a02c21
*** Element info: {Using=xpath, value=})

2018-12-06 22:08:24 - [MESSAGE][FAILED] - Unable to click on object 'Object Repository/Final Object Repo/New Registration - Registration Module Pages/New Reg - OTC to RO/Special Case - All Related Objects/Action Button after found case' (Root cause: org.openqa.selenium.InvalidSelectorException: invalid selector: Unable to locate an element with the xpath expression  because of the following error:
SyntaxError: Failed to execute 'evaluate' on 'Document': The string '' is not a valid XPath expression.
  (Session info: chrome=70.0.3538.110)
  (Driver info: chromedriver=2.43.600210 (68dcf5eebde37173d4027fa8635e332711d2874a),platform=Windows NT 6.1.7601 SP1 x86_64) (WARNING: The server did not provide any stacktrace information)
Command duration or timeout: 0 milliseconds
For documentation on this error, please visit: http://seleniumhq.org/exceptions/invalid_selector_exception.html
Build info: version: '3.7.1', revision: '8a0099a', time: '2017-11-06T21:07:36.161Z'
System info: host: 'WIN7TEST02', ip: '10.20.3.72', os.name: 'Windows 7', os.arch: 'amd64', os.version: '6.1', java.version: '1.8.0_181'
Driver info: com.kms.katalon.selenium.driver.CChromeDriver
Capabilities {acceptInsecureCerts: false, acceptSslCerts: false, applicationCacheEnabled: false, browserConnectionEnabled: false, browserName: chrome, chrome: {chromedriverVersion: 2.43.600210 (68dcf5eebde371..., userDataDir: C:\Users\Admin\AppData\Loca...}, cssSelectorsEnabled: true, databaseEnabled: false, goog:chromeOptions: {debuggerAddress: localhost:60986}, handlesAlerts: true, hasTouchScreen: false, javascriptEnabled: true, locationContextEnabled: true, mobileEmulationEnabled: false, nativeEvents: true, networkConnectionEnabled: false, pageLoadStrategy: normal, platform: XP, platformName: XP, rotatable: false, setWindowRect: true, takesHeapSnapshot: true, takesScreenshot: true, unexpectedAlertBehaviour: , unhandledPromptBehavior: , version: 70.0.3538.110, webStorageEnabled: true}
Session ID: 2fa7898b3cc40910af4a232573a02c21
*** Element info: {Using=xpath, value=})
[[ATTACHMENT|C:\\Users\\Admin\\Desktop\\PKS\\Perkeso Phase A\\Reports\\Workflow\\New Registration\\20181206_171414\\1544105304613.png]]

2018-12-06 22:08:24 - [TEST_STEP][FAILED] - click: Unable to click on object 'Object Repository/Final Object Repo/New Registration - Registration Module Pages/New Reg - OTC to RO/Special Case - All Related Objects/Next Button in Pending Case Form 1' (Root cause: com.kms.katalon.core.webui.exception.WebElementNotFoundException: Web element with id: 'Object Repository/Final Object Repo/New Registration - Registration Module Pages/New Reg - OTC to RO/Special Case - All Related Objects/Next Button in Pending Case Form 1' located by 'By.xpath: //a[@class = 'btn btn-lg blueBtn col-md-2 pull-right browserIdBtn' and (text() = ' NEXT
						' or . = ' NEXT
						')]' not found)

2018-12-06 22:08:58 - [MESSAGE][FAILED] - Unable to click on object 'Object Repository/Final Object Repo/New Registration - Registration Module Pages/New Reg - OTC to RO/Special Case - All Related Objects/Next Button in Pending Case Form 1' (Root cause: com.kms.katalon.core.webui.exception.WebElementNotFoundException: Web element with id: 'Object Repository/Final Object Repo/New Registration - Registration Module Pages/New Reg - OTC to RO/Special Case - All Related Objects/Next Button in Pending Case Form 1' located by 'By.xpath: //a[@class = 'btn btn-lg blueBtn col-md-2 pull-right browserIdBtn' and (text() = ' NEXT
						' or . = ' NEXT
						')]' not found)
[[ATTACHMENT|C:\\Users\\Admin\\Desktop\\PKS\\Perkeso Phase A\\Reports\\Workflow\\New Registration\\20181206_171414\\1544105338036.png]]

2018-12-06 22:08:58 - [TEST_STEP][FAILED] - click: Unable to click on object 'Object Repository/Final Object Repo/New Registration - Registration Module Pages/New Reg - OTC to RO/Special Case - All Related Objects/Next Button in Pending Case Form 2' (Root cause: com.kms.katalon.core.webui.exception.WebElementNotFoundException: Web element with id: 'Object Repository/Final Object Repo/New Registration - Registration Module Pages/New Reg - OTC to RO/Special Case - All Related Objects/Next Button in Pending Case Form 2' located by 'By.xpath: //a[@class = 'btn btn-lg blueBtn col-md-2 pull-right browserIdBtn' and (text() = ' NEXT
				' or . = ' NEXT
				')]' not found)

2018-12-06 22:09:31 - [MESSAGE][FAILED] - Unable to click on object 'Object Repository/Final Object Repo/New Registration - Registration Module Pages/New Reg - OTC to RO/Special Case - All Related Objects/Next Button in Pending Case Form 2' (Root cause: com.kms.katalon.core.webui.exception.WebElementNotFoundException: Web element with id: 'Object Repository/Final Object Repo/New Registration - Registration Module Pages/New Reg - OTC to RO/Special Case - All Related Objects/Next Button in Pending Case Form 2' located by 'By.xpath: //a[@class = 'btn btn-lg blueBtn col-md-2 pull-right browserIdBtn' and (text() = ' NEXT
				' or . = ' NEXT
				')]' not found)
[[ATTACHMENT|C:\\Users\\Admin\\Desktop\\PKS\\Perkeso Phase A\\Reports\\Workflow\\New Registration\\20181206_171414\\1544105370826.png]]

2018-12-06 22:09:31 - [TEST_STEP][FAILED] - click: Unable to click on object 'Object Repository/Final Object Repo/New Registration - Registration Module Pages/New Reg - OTC to RO/Special Case - All Related Objects/Next Button in Third Screen' (Root cause: com.kms.katalon.core.webui.exception.WebElementNotFoundException: Web element with id: 'Object Repository/Final Object Repo/New Registration - Registration Module Pages/New Reg - OTC to RO/Special Case - All Related Objects/Next Button in Third Screen' located by 'By.xpath: //a[@class = 'btn btn-lg blueBtn col-md-2 pull-right browserIdBtn' and (text() = ' NEXT
				' or . = ' NEXT
				')]' not found)

2018-12-06 22:10:04 - [MESSAGE][FAILED] - Unable to click on object 'Object Repository/Final Object Repo/New Registration - Registration Module Pages/New Reg - OTC to RO/Special Case - All Related Objects/Next Button in Third Screen' (Root cause: com.kms.katalon.core.webui.exception.WebElementNotFoundException: Web element with id: 'Object Repository/Final Object Repo/New Registration - Registration Module Pages/New Reg - OTC to RO/Special Case - All Related Objects/Next Button in Third Screen' located by 'By.xpath: //a[@class = 'btn btn-lg blueBtn col-md-2 pull-right browserIdBtn' and (text() = ' NEXT
				' or . = ' NEXT
				')]' not found)
[[ATTACHMENT|C:\\Users\\Admin\\Desktop\\PKS\\Perkeso Phase A\\Reports\\Workflow\\New Registration\\20181206_171414\\1544105404280.png]]

2018-12-06 22:10:04 - [TEST_STEP][FAILED] - click: Unable to click on object 'Object Repository/Final Object Repo/New Registration - Registration Module Pages/New Reg - OTC to RO/Special Case - All Related Objects/Add Document for Pending Case' (Root cause: com.kms.katalon.core.webui.exception.WebElementNotFoundException: Web element with id: 'Object Repository/Final Object Repo/New Registration - Registration Module Pages/New Reg - OTC to RO/Special Case - All Related Objects/Add Document for Pending Case' located by 'By.xpath: //a[@id = '_newreg_WAR_registrationportlet_dialogBtn' and (text() = '
					ADD DOCUMENT
	             ' or . = '
					ADD DOCUMENT
	             ')]' not found)

2018-12-06 22:10:37 - [MESSAGE][FAILED] - Unable to click on object 'Object Repository/Final Object Repo/New Registration - Registration Module Pages/New Reg - OTC to RO/Special Case - All Related Objects/Add Document for Pending Case' (Root cause: com.kms.katalon.core.webui.exception.WebElementNotFoundException: Web element with id: 'Object Repository/Final Object Repo/New Registration - Registration Module Pages/New Reg - OTC to RO/Special Case - All Related Objects/Add Document for Pending Case' located by 'By.xpath: //a[@id = '_newreg_WAR_registrationportlet_dialogBtn' and (text() = '
					ADD DOCUMENT
	             ' or . = '
					ADD DOCUMENT
	             ')]' not found)
[[ATTACHMENT|C:\\Users\\Admin\\Desktop\\PKS\\Perkeso Phase A\\Reports\\Workflow\\New Registration\\20181206_171414\\1544105437648.png]]

2018-12-06 22:10:37 - [TEST_STEP][FAILED] - click: Unable to click on object 'Object Repository/Final Object Repo/New Registration - Registration Module Pages/New Reg - OTC to RO/Special Case - All Related Objects/Upload Pending Doc - Please Select' (Root cause: com.kms.katalon.core.webui.exception.WebElementNotFoundException: Web element with id: 'Object Repository/Final Object Repo/New Registration - Registration Module Pages/New Reg - OTC to RO/Special Case - All Related Objects/Upload Pending Doc - Please Select' located by 'By.xpath: //span[@class = 'select2-selection__rendered' and @id = 'select2-_newreg_WAR_registrationportlet_objdocTypeId-container']' not found)

2018-12-06 22:11:11 - [MESSAGE][FAILED] - Unable to click on object 'Object Repository/Final Object Repo/New Registration - Registration Module Pages/New Reg - OTC to RO/Special Case - All Related Objects/Upload Pending Doc - Please Select' (Root cause: com.kms.katalon.core.webui.exception.WebElementNotFoundException: Web element with id: 'Object Repository/Final Object Repo/New Registration - Registration Module Pages/New Reg - OTC to RO/Special Case - All Related Objects/Upload Pending Doc - Please Select' located by 'By.xpath: //span[@class = 'select2-selection__rendered' and @id = 'select2-_newreg_WAR_registrationportlet_objdocTypeId-container']' not found)
[[ATTACHMENT|C:\\Users\\Admin\\Desktop\\PKS\\Perkeso Phase A\\Reports\\Workflow\\New Registration\\20181206_171414\\1544105470846.png]]

2018-12-06 22:11:11 - [TEST_STEP][PASSED] - delay: Delayed 2 second(s)

2018-12-06 22:11:13 - [MESSAGE][PASSED] - Delayed 2 second(s)

2018-12-06 22:11:13 - [TEST_STEP][FAILED] - click: Unable to click on object 'Object Repository/Final Object Repo/New Registration - Registration Module Pages/New Reg - OTC to RO/Special Case - All Related Objects/Select to Others to Upload' (Root cause: com.kms.katalon.core.webui.exception.WebElementNotFoundException: Web element with id: 'Object Repository/Final Object Repo/New Registration - Registration Module Pages/New Reg - OTC to RO/Special Case - All Related Objects/Select to Others to Upload' located by 'By.xpath: //span/ul/li/span[contains(text(),"Others")]' not found)

2018-12-06 22:11:44 - [MESSAGE][FAILED] - Unable to click on object 'Object Repository/Final Object Repo/New Registration - Registration Module Pages/New Reg - OTC to RO/Special Case - All Related Objects/Select to Others to Upload' (Root cause: com.kms.katalon.core.webui.exception.WebElementNotFoundException: Web element with id: 'Object Repository/Final Object Repo/New Registration - Registration Module Pages/New Reg - OTC to RO/Special Case - All Related Objects/Select to Others to Upload' located by 'By.xpath: //span/ul/li/span[contains(text(),"Others")]' not found)
[[ATTACHMENT|C:\\Users\\Admin\\Desktop\\PKS\\Perkeso Phase A\\Reports\\Workflow\\New Registration\\20181206_171414\\1544105504216.png]]

2018-12-06 22:11:44 - [TEST_STEP][PASSED] - delay: Delayed 2 second(s)

2018-12-06 22:11:46 - [MESSAGE][PASSED] - Delayed 2 second(s)

2018-12-06 22:11:46 - [TEST_STEP][FAILED] - uploadFile: Unable to upload file 'C:\Users\Public\Pictures\Sample Pictures\Koala.jpg' to object 'Object Repository/Final Object Repo/New Registration - Registration Module Pages/New Reg - OTC to RO/Special Case - All Related Objects/Uploading Pending Case Action' (Root cause: com.kms.katalon.core.webui.exception.WebElementNotFoundException: Web element with id: 'Object Repository/Final Object Repo/New Registration - Registration Module Pages/New Reg - OTC to RO/Special Case - All Related Objects/Uploading Pending Case Action' located by 'By.xpath: //input[@id = '_newreg_WAR_registrationportlet_uploadFile' and @name = '_newreg_WAR_registrationportlet_uploadFile' and @type = 'file']' not found)

2018-12-06 22:12:18 - [MESSAGE][FAILED] - Unable to upload file 'C:\Users\Public\Pictures\Sample Pictures\Koala.jpg' to object 'Object Repository/Final Object Repo/New Registration - Registration Module Pages/New Reg - OTC to RO/Special Case - All Related Objects/Uploading Pending Case Action' (Root cause: com.kms.katalon.core.webui.exception.WebElementNotFoundException: Web element with id: 'Object Repository/Final Object Repo/New Registration - Registration Module Pages/New Reg - OTC to RO/Special Case - All Related Objects/Uploading Pending Case Action' located by 'By.xpath: //input[@id = '_newreg_WAR_registrationportlet_uploadFile' and @name = '_newreg_WAR_registrationportlet_uploadFile' and @type = 'file']' not found)
[[ATTACHMENT|C:\\Users\\Admin\\Desktop\\PKS\\Perkeso Phase A\\Reports\\Workflow\\New Registration\\20181206_171414\\1544105537838.png]]

2018-12-06 22:12:18 - [TEST_STEP][PASSED] - delay: Delayed 2 second(s)

2018-12-06 22:12:20 - [MESSAGE][PASSED] - Delayed 2 second(s)

2018-12-06 22:12:20 - [TEST_STEP][FAILED] - click: Unable to click on object 'Object Repository/Final Object Repo/New Registration - Registration Module Pages/New Reg - OTC to RO/Special Case - All Related Objects/Inner form Add Document Button Pending Case' (Root cause: com.kms.katalon.core.webui.exception.WebElementNotFoundException: Web element with id: 'Object Repository/Final Object Repo/New Registration - Registration Module Pages/New Reg - OTC to RO/Special Case - All Related Objects/Inner form Add Document Button Pending Case' located by 'By.xpath: //a[@class = 'btn btn-lg blueBtn col-md-2 pull-right' and @targets = 'baseMsgDivId' and (text() = '
										ADD DOCUMENT
								     ' or . = '
										ADD DOCUMENT
								     ')]' not found)

2018-12-06 22:12:54 - [MESSAGE][FAILED] - Unable to click on object 'Object Repository/Final Object Repo/New Registration - Registration Module Pages/New Reg - OTC to RO/Special Case - All Related Objects/Inner form Add Document Button Pending Case' (Root cause: com.kms.katalon.core.webui.exception.WebElementNotFoundException: Web element with id: 'Object Repository/Final Object Repo/New Registration - Registration Module Pages/New Reg - OTC to RO/Special Case - All Related Objects/Inner form Add Document Button Pending Case' located by 'By.xpath: //a[@class = 'btn btn-lg blueBtn col-md-2 pull-right' and @targets = 'baseMsgDivId' and (text() = '
										ADD DOCUMENT
								     ' or . = '
										ADD DOCUMENT
								     ')]' not found)
[[ATTACHMENT|C:\\Users\\Admin\\Desktop\\PKS\\Perkeso Phase A\\Reports\\Workflow\\New Registration\\20181206_171414\\1544105574345.png]]

2018-12-06 22:12:54 - [TEST_STEP][PASSED] - delay: Delayed 2 second(s)

2018-12-06 22:12:56 - [MESSAGE][PASSED] - Delayed 2 second(s)

2018-12-06 22:12:56 - [TEST_STEP][FAILED] - click: Unable to click on object 'Object Repository/Final Object Repo/New Registration - Registration Module Pages/New Reg - OTC to RO/Special Case - All Related Objects/Pending Case Exit' (Root cause: com.kms.katalon.core.webui.exception.WebElementNotFoundException: Web element with id: 'Object Repository/Final Object Repo/New Registration - Registration Module Pages/New Reg - OTC to RO/Special Case - All Related Objects/Pending Case Exit' located by 'By.xpath: //a[@id = '_newreg_WAR_registrationportlet_exitBtnId' and @class = 'btn btn-lg blueBtn col-md-2 pull-right' and (text() = '
									EXIT
				                ' or . = '
									EXIT
				                ')]' not found)

2018-12-06 22:13:29 - [MESSAGE][FAILED] - Unable to click on object 'Object Repository/Final Object Repo/New Registration - Registration Module Pages/New Reg - OTC to RO/Special Case - All Related Objects/Pending Case Exit' (Root cause: com.kms.katalon.core.webui.exception.WebElementNotFoundException: Web element with id: 'Object Repository/Final Object Repo/New Registration - Registration Module Pages/New Reg - OTC to RO/Special Case - All Related Objects/Pending Case Exit' located by 'By.xpath: //a[@id = '_newreg_WAR_registrationportlet_exitBtnId' and @class = 'btn btn-lg blueBtn col-md-2 pull-right' and (text() = '
									EXIT
				                ' or . = '
									EXIT
				                ')]' not found)
[[ATTACHMENT|C:\\Users\\Admin\\Desktop\\PKS\\Perkeso Phase A\\Reports\\Workflow\\New Registration\\20181206_171414\\1544105609144.png]]

2018-12-06 22:13:29 - [TEST_STEP][PASSED] - callTestCase: Call Test Case 'Test Cases/Final Aug 2018 - PKS Automation/Registration Module/Log Out/log out avoiding katalon tagging' successfully

2018-12-06 22:13:29 - [TEST_CASE][PASSED] - Test Cases/Final Aug 2018 - PKS Automation/Registration Module/Log Out/log out avoiding katalon tagging: Test Cases/Final Aug 2018 - PKS Automation/Registration Module/Log Out/log out avoiding katalon tagging

2018-12-06 22:13:29 - [TEST_STEP][PASSED] - navigateToUrl: Navigate to 'https://assist2-uat.perkeso.gov.my/c/portal/logout' successfully

2018-12-06 22:13:30 - [MESSAGE][PASSED] - Navigate to 'https://assist2-uat.perkeso.gov.my/c/portal/logout' successfully

2018-12-06 22:13:30 - [MESSAGE][PASSED] - Call Test Case 'Test Cases/Final Aug 2018 - PKS Automation/Registration Module/Log Out/log out avoiding katalon tagging' successfully

2018-12-06 22:13:30 - [TEST_STEP][PASSED] - callTestCase: Call Test Case 'Test Cases/Final Aug 2018 - PKS Automation/Common/Workflow Owner Finder' successfully

2018-12-06 22:13:30 - [TEST_CASE][PASSED] - Test Cases/Final Aug 2018 - PKS Automation/Common/Workflow Owner Finder: Test Cases/Final Aug 2018 - PKS Automation/Common/Workflow Owner Finder

2018-12-06 22:13:30 - [TEST_STEP][PASSED] - openBrowser: Browser is opened with url: ''

2018-12-06 22:13:30 - [MESSAGE][WARNING] - A browser is already opened. Closing browser and opening a new one

2018-12-06 22:13:34 - [MESSAGE][PASSED] - Browser is opened with url: ''

2018-12-06 22:13:34 - [TEST_STEP][PASSED] - navigateToUrl: Navigate to 'https://assist2-uat.perkeso.gov.my/login' successfully

2018-12-06 22:13:35 - [MESSAGE][PASSED] - Navigate to 'https://assist2-uat.perkeso.gov.my/login' successfully

2018-12-06 22:13:35 - [TEST_STEP][PASSED] - delay: Delayed 5 second(s)

2018-12-06 22:13:40 - [MESSAGE][PASSED] - Delayed 5 second(s)

2018-12-06 22:13:40 - [TEST_STEP][PASSED] - setText: Text 'test@liferay.com' is set on object 'Object Repository/Final Object Repo/Login Page/Internal User/Email Address'

2018-12-06 22:13:40 - [MESSAGE][PASSED] - Text 'test@liferay.com' is set on object 'Object Repository/Final Object Repo/Login Page/Internal User/Email Address'

2018-12-06 22:13:40 - [TEST_STEP][PASSED] - click: Object: 'Object Repository/Final Object Repo/Login Page/Internal User/Next Button' is clicked on

2018-12-06 22:13:40 - [MESSAGE][PASSED] - Object: 'Object Repository/Final Object Repo/Login Page/Internal User/Next Button' is clicked on

2018-12-06 22:13:40 - [TEST_STEP][PASSED] - delay: Delayed 2 second(s)

2018-12-06 22:13:42 - [MESSAGE][PASSED] - Delayed 2 second(s)

2018-12-06 22:13:42 - [TEST_STEP][PASSED] - setText: Text 'test' is set on object 'Object Repository/Final Object Repo/Login Page/Internal User/Password'

2018-12-06 22:13:42 - [MESSAGE][PASSED] - Text 'test' is set on object 'Object Repository/Final Object Repo/Login Page/Internal User/Password'

2018-12-06 22:13:42 - [TEST_STEP][PASSED] - delay: Delayed 2 second(s)

2018-12-06 22:13:44 - [MESSAGE][PASSED] - Delayed 2 second(s)

2018-12-06 22:13:44 - [TEST_STEP][PASSED] - click: Object: 'Object Repository/Final Object Repo/Login Page/Internal User/Login Button' is clicked on

2018-12-06 22:13:45 - [MESSAGE][PASSED] - Object: 'Object Repository/Final Object Repo/Login Page/Internal User/Login Button' is clicked on

2018-12-06 22:13:45 - [TEST_STEP][PASSED] - Statement - tester = com.kms.katalon.core.testobject.ObjectRepository.findTestObject(Final Object Repo/Landing Page/Select to English): Finding Test Object with id 'Object Repository/Final Object Repo/Landing Page/Select to English'

2018-12-06 22:13:45 - [TEST_STEP][PASSED] - Statement - Try: Delayed 2 second(s)

2018-12-06 22:13:45 - [TEST_STEP][PASSED] - Statement - Checker = com.kms.katalon.core.webui.keyword.WebUiBuiltInKeywords.verifyElementNotPresent(tester, 3): Web element with id: 'Object Repository/Final Object Repo/Landing Page/Select to English' located by 'By.xpath: //a[@class = 'taglib-language-list-text' and @lang = 'en-US' and (contains(text(), 'EN') or contains(., 'EN'))]' is not present after '3' second(s)

2018-12-06 22:13:47 - [MESSAGE][PASSED] - Web element with id: 'Object Repository/Final Object Repo/Landing Page/Select to English' located by 'By.xpath: //a[@class = 'taglib-language-list-text' and @lang = 'en-US' and (contains(text(), 'EN') or contains(., 'EN'))]' is not present after '3' second(s)

2018-12-06 22:13:47 - [TEST_STEP][PASSED] - Statement - If (Checker == false): null

2018-12-06 22:13:47 - [TEST_STEP][PASSED] - delay: Delayed 2 second(s)

2018-12-06 22:13:49 - [MESSAGE][PASSED] - Delayed 2 second(s)

2018-12-06 22:13:49 - [TEST_STEP][PASSED] - delay: Delayed 5 second(s)

2018-12-06 22:13:54 - [MESSAGE][PASSED] - Delayed 5 second(s)

2018-12-06 22:13:54 - [TEST_STEP][PASSED] - mouseOver: Object: 'Object Repository/Final Object Repo/Landing Page/WorkFlow Menu' is hovered

2018-12-06 22:13:54 - [MESSAGE][PASSED] - Object: 'Object Repository/Final Object Repo/Landing Page/WorkFlow Menu' is hovered

2018-12-06 22:13:54 - [TEST_STEP][PASSED] - delay: Delayed 2 second(s)

2018-12-06 22:13:56 - [MESSAGE][PASSED] - Delayed 2 second(s)

2018-12-06 22:13:56 - [TEST_STEP][PASSED] - click: Object: 'Object Repository/Final Object Repo/Landing Page/Select to Workflow Listing' is clicked on

2018-12-06 22:13:57 - [MESSAGE][PASSED] - Object: 'Object Repository/Final Object Repo/Landing Page/Select to Workflow Listing' is clicked on

2018-12-06 22:13:57 - [TEST_STEP][PASSED] - delay: Delayed 2 second(s)

2018-12-06 22:13:59 - [MESSAGE][PASSED] - Delayed 2 second(s)

2018-12-06 22:13:59 - [TEST_STEP][PASSED] - click: Object: 'Object Repository/Final Object Repo/WorkFlow Listing Page/Search Information - To Put Ref No' is clicked on

2018-12-06 22:13:59 - [MESSAGE][PASSED] - Object: 'Object Repository/Final Object Repo/WorkFlow Listing Page/Search Information - To Put Ref No' is clicked on

2018-12-06 22:13:59 - [TEST_STEP][PASSED] - delay: Delayed 2 second(s)

2018-12-06 22:14:01 - [MESSAGE][PASSED] - Delayed 2 second(s)

2018-12-06 22:14:01 - [TEST_STEP][PASSED] - callTestCase: Call Test Case 'Test Cases/Final Aug 2018 - PKS Automation/Common/Reference Number Getter' successfully

2018-12-06 22:14:01 - [TEST_CASE][PASSED] - Test Cases/Final Aug 2018 - PKS Automation/Common/Reference Number Getter: Test Cases/Final Aug 2018 - PKS Automation/Common/Reference Number Getter

2018-12-06 22:14:01 - [TEST_STEP][PASSED] - Statement - Try: null

2018-12-06 22:14:01 - [TEST_STEP][PASSED] - Statement - RefNo = new java.io.File(C://Users//Admin//Desktop//PKS//Automation Reference Point//KatalonReference.txt): null

2018-12-06 22:14:01 - [TEST_STEP][PASSED] - Statement - bufferread = new java.io.BufferedReader(new java.io.FileReader(RefNo)): null

2018-12-06 22:14:01 - [TEST_STEP][PASSED] - Statement - readedVal = bufferread.readLine(): null

2018-12-06 22:14:01 - [TEST_STEP][PASSED] - Statement - out.println(CaseReferenceNo): null

2018-12-06 22:14:01 - [TEST_STEP][PASSED] - Statement - out.println(readedVal): null

2018-12-06 22:14:01 - [TEST_STEP][PASSED] - Statement - CaseReferenceNo = "": null

2018-12-06 22:14:01 - [TEST_STEP][PASSED] - Statement - CaseReferenceNo = readedVal: null

2018-12-06 22:14:01 - [MESSAGE][PASSED] - Call Test Case 'Test Cases/Final Aug 2018 - PKS Automation/Common/Reference Number Getter' successfully

2018-12-06 22:14:01 - [TEST_STEP][PASSED] - setText: Text 'CRN12201800123064' is set on object 'Object Repository/Final Object Repo/WorkFlow Listing Page/Ref No Set Text'

2018-12-06 22:14:01 - [MESSAGE][PASSED] - Text 'CRN12201800123064' is set on object 'Object Repository/Final Object Repo/WorkFlow Listing Page/Ref No Set Text'

2018-12-06 22:14:01 - [TEST_STEP][PASSED] - delay: Delayed 2 second(s)

2018-12-06 22:14:03 - [MESSAGE][PASSED] - Delayed 2 second(s)

2018-12-06 22:14:03 - [TEST_STEP][PASSED] - click: Object: 'Object Repository/Final Object Repo/WorkFlow Listing Page/Search Ref No Search Button' is clicked on

2018-12-06 22:14:04 - [MESSAGE][PASSED] - Object: 'Object Repository/Final Object Repo/WorkFlow Listing Page/Search Ref No Search Button' is clicked on

2018-12-06 22:14:04 - [TEST_STEP][PASSED] - delay: Delayed 6 second(s)

2018-12-06 22:14:10 - [MESSAGE][PASSED] - Delayed 6 second(s)

2018-12-06 22:14:10 - [TEST_STEP][PASSED] - click: Object: 'Object Repository/Final Object Repo/WorkFlow Listing Page/Click Continue Tooltip' is clicked on

2018-12-06 22:14:10 - [MESSAGE][PASSED] - Object: 'Object Repository/Final Object Repo/WorkFlow Listing Page/Click Continue Tooltip' is clicked on

2018-12-06 22:14:10 - [TEST_STEP][PASSED] - delay: Delayed 5 second(s)

2018-12-06 22:14:15 - [MESSAGE][PASSED] - Delayed 5 second(s)

2018-12-06 22:14:15 - [TEST_STEP][PASSED] - doubleClick: Object: 'Object Repository/Final Object Repo/WorkFlow Listing Page/Workflow Found - Listing 1' is double clicked on

2018-12-06 22:14:16 - [MESSAGE][PASSED] - Object: 'Object Repository/Final Object Repo/WorkFlow Listing Page/Workflow Found - Listing 1' is double clicked on

2018-12-06 22:14:16 - [TEST_STEP][PASSED] - Statement - println(OwnerID): null

2018-12-06 22:14:16 - [TEST_STEP][PASSED] - Statement - OwnerID = com.kms.katalon.core.webui.keyword.WebUiBuiltInKeywords.getText(com.kms.katalon.core.testobject.ObjectRepository.findTestObject(Final Object Repo/WorkFlow Listing Page/Workflow Found - Listing 1), STOP_ON_FAILURE): Text of object 'Object Repository/Final Object Repo/WorkFlow Listing Page/Workflow Found - Listing 1' is: 'JOHORro2'

2018-12-06 22:14:16 - [MESSAGE][PASSED] - Text of object 'Object Repository/Final Object Repo/WorkFlow Listing Page/Workflow Found - Listing 1' is: 'JOHORro2'

2018-12-06 22:14:16 - [TEST_STEP][PASSED] - Statement - OwnerID = OwnerID.toLowerCase() + "@gmail.com": null

2018-12-06 22:14:16 - [TEST_STEP][PASSED] - Statement - println(OwnerID): null

2018-12-06 22:14:16 - [TEST_STEP][PASSED] - delay: Delayed 2 second(s)

2018-12-06 22:14:18 - [MESSAGE][PASSED] - Delayed 2 second(s)

2018-12-06 22:14:18 - [MESSAGE][PASSED] - Call Test Case 'Test Cases/Final Aug 2018 - PKS Automation/Common/Workflow Owner Finder' successfully

2018-12-06 22:14:18 - [TEST_STEP][PASSED] - callTestCase: Call Test Case 'Test Cases/Final Aug 2018 - PKS Automation/Registration Module/Log Out/log out avoiding katalon tagging' successfully

2018-12-06 22:14:18 - [TEST_CASE][PASSED] - Test Cases/Final Aug 2018 - PKS Automation/Registration Module/Log Out/log out avoiding katalon tagging: Test Cases/Final Aug 2018 - PKS Automation/Registration Module/Log Out/log out avoiding katalon tagging

2018-12-06 22:14:18 - [TEST_STEP][PASSED] - navigateToUrl: Navigate to 'https://assist2-uat.perkeso.gov.my/c/portal/logout' successfully

2018-12-06 22:14:19 - [MESSAGE][PASSED] - Navigate to 'https://assist2-uat.perkeso.gov.my/c/portal/logout' successfully

2018-12-06 22:14:19 - [MESSAGE][PASSED] - Call Test Case 'Test Cases/Final Aug 2018 - PKS Automation/Registration Module/Log Out/log out avoiding katalon tagging' successfully

2018-12-06 22:14:19 - [TEST_STEP][PASSED] - delay: Delayed 2 second(s)

2018-12-06 22:14:21 - [MESSAGE][PASSED] - Delayed 2 second(s)

2018-12-06 22:14:21 - [TEST_STEP][PASSED] - setText: Text 'johorro2@gmail.com' is set on object 'Object Repository/Final Object Repo/Login Page/Internal User/Email Address'

2018-12-06 22:14:21 - [MESSAGE][PASSED] - Text 'johorro2@gmail.com' is set on object 'Object Repository/Final Object Repo/Login Page/Internal User/Email Address'

2018-12-06 22:14:21 - [TEST_STEP][PASSED] - click: Object: 'Object Repository/Final Object Repo/Login Page/Internal User/Next Button' is clicked on

2018-12-06 22:14:21 - [MESSAGE][PASSED] - Object: 'Object Repository/Final Object Repo/Login Page/Internal User/Next Button' is clicked on

2018-12-06 22:14:21 - [TEST_STEP][PASSED] - delay: Delayed 2 second(s)

2018-12-06 22:14:23 - [MESSAGE][PASSED] - Delayed 2 second(s)

2018-12-06 22:14:23 - [TEST_STEP][PASSED] - setText: Text 'Test1@3456789' is set on object 'Object Repository/Final Object Repo/Login Page/Internal User/Password'

2018-12-06 22:14:23 - [MESSAGE][PASSED] - Text 'Test1@3456789' is set on object 'Object Repository/Final Object Repo/Login Page/Internal User/Password'

2018-12-06 22:14:23 - [TEST_STEP][PASSED] - delay: Delayed 2 second(s)

2018-12-06 22:14:25 - [MESSAGE][PASSED] - Delayed 2 second(s)

2018-12-06 22:14:25 - [TEST_STEP][PASSED] - click: Object: 'Object Repository/Final Object Repo/Login Page/Internal User/Login Button' is clicked on

2018-12-06 22:14:26 - [MESSAGE][PASSED] - Object: 'Object Repository/Final Object Repo/Login Page/Internal User/Login Button' is clicked on

2018-12-06 22:14:26 - [TEST_STEP][PASSED] - delay: Delayed 2 second(s)

2018-12-06 22:14:28 - [MESSAGE][PASSED] - Delayed 2 second(s)

2018-12-06 22:14:28 - [TEST_STEP][PASSED] - Statement - Try: null

2018-12-06 22:14:28 - [TEST_STEP][PASSED] - Statement - Checker = com.kms.katalon.core.webui.keyword.WebUiBuiltInKeywords.verifyElementNotPresent("Final Object Repo/Landing Page/Select to English", 3): null

2018-12-06 22:14:28 - [TEST_STEP][PASSED] - Statement - Catch (Exception e): null

2018-12-06 22:14:28 - [TEST_STEP][PASSED] - Statement - e.printStackTrace(): null

2018-12-06 22:14:28 - [TEST_STEP][PASSED] - click: Object: 'Object Repository/Final Object Repo/New Registration - Registration Module Pages/New Reg - OTC to RO/Special Case - All Related Objects/Expand to Search' is clicked on

2018-12-06 22:14:28 - [MESSAGE][PASSED] - Object: 'Object Repository/Final Object Repo/New Registration - Registration Module Pages/New Reg - OTC to RO/Special Case - All Related Objects/Expand to Search' is clicked on

2018-12-06 22:14:28 - [TEST_STEP][PASSED] - delay: Delayed 2 second(s)

2018-12-06 22:14:30 - [MESSAGE][PASSED] - Delayed 2 second(s)

2018-12-06 22:14:30 - [TEST_STEP][PASSED] - callTestCase: Call Test Case 'Test Cases/Final Aug 2018 - PKS Automation/Common/Reference Number Getter' successfully

2018-12-06 22:14:30 - [TEST_CASE][PASSED] - Test Cases/Final Aug 2018 - PKS Automation/Common/Reference Number Getter: Test Cases/Final Aug 2018 - PKS Automation/Common/Reference Number Getter

2018-12-06 22:14:30 - [TEST_STEP][PASSED] - Statement - Try: null

2018-12-06 22:14:30 - [TEST_STEP][PASSED] - Statement - RefNo = new java.io.File(C://Users//Admin//Desktop//PKS//Automation Reference Point//KatalonReference.txt): null

2018-12-06 22:14:30 - [TEST_STEP][PASSED] - Statement - bufferread = new java.io.BufferedReader(new java.io.FileReader(RefNo)): null

2018-12-06 22:14:30 - [TEST_STEP][PASSED] - Statement - readedVal = bufferread.readLine(): null

2018-12-06 22:14:30 - [TEST_STEP][PASSED] - Statement - out.println(CaseReferenceNo): null

2018-12-06 22:14:30 - [TEST_STEP][PASSED] - Statement - out.println(readedVal): null

2018-12-06 22:14:30 - [TEST_STEP][PASSED] - Statement - CaseReferenceNo = "": null

2018-12-06 22:14:30 - [TEST_STEP][PASSED] - Statement - CaseReferenceNo = readedVal: null

2018-12-06 22:14:30 - [MESSAGE][PASSED] - Call Test Case 'Test Cases/Final Aug 2018 - PKS Automation/Common/Reference Number Getter' successfully

2018-12-06 22:14:30 - [TEST_STEP][PASSED] - setText: Text 'CRN12201800123064' is set on object 'Object Repository/Final Object Repo/New Registration - Registration Module Pages/New Reg - OTC to RO/Special Case - All Related Objects/TextBox RefNo in Workbasket'

2018-12-06 22:14:30 - [MESSAGE][PASSED] - Text 'CRN12201800123064' is set on object 'Object Repository/Final Object Repo/New Registration - Registration Module Pages/New Reg - OTC to RO/Special Case - All Related Objects/TextBox RefNo in Workbasket'

2018-12-06 22:14:30 - [TEST_STEP][PASSED] - delay: Delayed 2 second(s)

2018-12-06 22:14:32 - [MESSAGE][PASSED] - Delayed 2 second(s)

2018-12-06 22:14:32 - [TEST_STEP][PASSED] - click: Object: 'Object Repository/Final Object Repo/New Registration - Registration Module Pages/New Reg - OTC to RO/Special Case - All Related Objects/Click Search' is clicked on

2018-12-06 22:14:32 - [MESSAGE][PASSED] - Object: 'Object Repository/Final Object Repo/New Registration - Registration Module Pages/New Reg - OTC to RO/Special Case - All Related Objects/Click Search' is clicked on

2018-12-06 22:14:32 - [TEST_STEP][PASSED] - delay: Delayed 2 second(s)

2018-12-06 22:14:34 - [MESSAGE][PASSED] - Delayed 2 second(s)

2018-12-06 22:14:34 - [TEST_STEP][PASSED] - click: Object: 'Object Repository/Final Object Repo/New Registration - Registration Module Pages/New Reg - OTC to RO/Special Case - All Related Objects/Click to Continue Workflow' is clicked on

2018-12-06 22:14:38 - [MESSAGE][PASSED] - Object: 'Object Repository/Final Object Repo/New Registration - Registration Module Pages/New Reg - OTC to RO/Special Case - All Related Objects/Click to Continue Workflow' is clicked on

2018-12-06 22:14:38 - [TEST_STEP][PASSED] - delay: Delayed 2 second(s)

2018-12-06 22:14:40 - [MESSAGE][PASSED] - Delayed 2 second(s)

2018-12-06 22:14:40 - [TEST_STEP][PASSED] - click: Object: 'Object Repository/Final Object Repo/New Registration - Registration Module Pages/New Reg - OTC to RO/Special Case - All Related Objects/Continue Button in verifying case' is clicked on

2018-12-06 22:14:42 - [MESSAGE][PASSED] - Object: 'Object Repository/Final Object Repo/New Registration - Registration Module Pages/New Reg - OTC to RO/Special Case - All Related Objects/Continue Button in verifying case' is clicked on

2018-12-06 22:14:42 - [TEST_STEP][PASSED] - delay: Delayed 2 second(s)

2018-12-06 22:14:44 - [MESSAGE][PASSED] - Delayed 2 second(s)

2018-12-06 22:14:44 - [TEST_STEP][PASSED] - click: Object: 'Object Repository/Final Object Repo/New Registration - Registration Module Pages/Form 1/Registered As a Branch - Yes' is clicked on

2018-12-06 22:14:44 - [MESSAGE][PASSED] - Object: 'Object Repository/Final Object Repo/New Registration - Registration Module Pages/Form 1/Registered As a Branch - Yes' is clicked on

2018-12-06 22:14:44 - [TEST_STEP][PASSED] - delay: Delayed 2 second(s)

2018-12-06 22:14:46 - [MESSAGE][PASSED] - Delayed 2 second(s)

2018-12-06 22:14:46 - [TEST_STEP][PASSED] - click: Object: 'Object Repository/Final Object Repo/New Registration - Registration Module Pages/New Reg - OTC to RO/Special Case - All Related Objects/Form 1 Save n Continue' is clicked on

2018-12-06 22:14:46 - [MESSAGE][PASSED] - Object: 'Object Repository/Final Object Repo/New Registration - Registration Module Pages/New Reg - OTC to RO/Special Case - All Related Objects/Form 1 Save n Continue' is clicked on

2018-12-06 22:14:46 - [TEST_STEP][PASSED] - delay: Delayed 2 second(s)

2018-12-06 22:14:48 - [MESSAGE][PASSED] - Delayed 2 second(s)

2018-12-06 22:14:48 - [TEST_STEP][PASSED] - click: Object: 'Object Repository/Final Object Repo/New Registration - Registration Module Pages/New Reg - OTC to RO/Special Case - All Related Objects/Form 2 Save n Continue' is clicked on

2018-12-06 22:14:49 - [MESSAGE][PASSED] - Object: 'Object Repository/Final Object Repo/New Registration - Registration Module Pages/New Reg - OTC to RO/Special Case - All Related Objects/Form 2 Save n Continue' is clicked on

2018-12-06 22:14:49 - [TEST_STEP][PASSED] - delay: Delayed 2 second(s)

2018-12-06 22:14:51 - [MESSAGE][PASSED] - Delayed 2 second(s)

2018-12-06 22:14:51 - [TEST_STEP][PASSED] - click: Object: 'Object Repository/Final Object Repo/New Registration - Registration Module Pages/New Reg - OTC to RO/Special Case - All Related Objects/Third Screen Save n Continue' is clicked on

2018-12-06 22:14:56 - [MESSAGE][PASSED] - Object: 'Object Repository/Final Object Repo/New Registration - Registration Module Pages/New Reg - OTC to RO/Special Case - All Related Objects/Third Screen Save n Continue' is clicked on

2018-12-06 22:14:56 - [TEST_STEP][PASSED] - delay: Delayed 5 second(s)

2018-12-06 22:15:01 - [MESSAGE][PASSED] - Delayed 5 second(s)

2018-12-06 22:15:01 - [TEST_STEP][PASSED] - click: Object: 'Object Repository/Final Object Repo/New Registration - Registration Module Pages/New Reg - OTC to RO/Special Case - All Related Objects/Upload Doc Page Save n Continue' is clicked on

2018-12-06 22:15:01 - [MESSAGE][PASSED] - Object: 'Object Repository/Final Object Repo/New Registration - Registration Module Pages/New Reg - OTC to RO/Special Case - All Related Objects/Upload Doc Page Save n Continue' is clicked on

2018-12-06 22:15:01 - [TEST_STEP][FAILED] - callTestCase: Unable to call Test Case with id 'Test Cases/Final Aug 2018 - PKS Automation/Registration Module/New Registration/Submit and Screenshot/Submit Registration and Screenshot' (Root cause: Call Test Case 'Test Cases/Final Aug 2018 - PKS Automation/Registration Module/New Registration/Submit and Screenshot/Submit Registration and Screenshot' failed)

2018-12-06 22:15:01 - [TEST_CASE][FAILED] - Test Cases/Final Aug 2018 - PKS Automation/Registration Module/New Registration/Submit and Screenshot/Submit Registration and Screenshot: Test Cases/Final Aug 2018 - PKS Automation/Registration Module/New Registration/Submit and Screenshot/Submit Registration and Screenshot FAILED because (of) (Stack trace: com.kms.katalon.core.exception.StepFailedException: Unable to click on object 'Object Repository/Final Object Repo/New Registration - Registration Module Pages/Third Screen - Upload Supporting Doc- Preview/Preview Submit Button' (Root cause: com.kms.katalon.core.webui.exception.WebElementNotFoundException: Web element with id: 'Object Repository/Final Object Repo/New Registration - Registration Module Pages/Third Screen - Upload Supporting Doc- Preview/Preview Submit Button' located by 'By.xpath: //a[@popupvalidatesubmit = 'true' and @class = 'btn btn-lg blueBtn col-md-2 pull-right browserIdBtn' and (text() = ' SUBMIT
					' or . = ' SUBMIT
					')]' not found)
	at com.kms.katalon.core.keyword.internal.KeywordMain.stepFailed(KeywordMain.groovy:32)
	at com.kms.katalon.core.webui.keyword.internal.WebUIKeywordMain.stepFailed(WebUIKeywordMain.groovy:65)
	at com.kms.katalon.core.webui.keyword.internal.WebUIKeywordMain.runKeyword(WebUIKeywordMain.groovy:27)
	at com.kms.katalon.core.webui.keyword.builtin.ClickKeyword.click(ClickKeyword.groovy:86)
	at com.kms.katalon.core.webui.keyword.builtin.ClickKeyword.execute(ClickKeyword.groovy:67)
	at com.kms.katalon.core.keyword.internal.KeywordExecutor.executeKeywordForPlatform(KeywordExecutor.groovy:53)
	at com.kms.katalon.core.webui.keyword.WebUiBuiltInKeywords.click(WebUiBuiltInKeywords.groovy:616)
	at com.kms.katalon.core.webui.keyword.WebUiBuiltInKeywords$click$2.call(Unknown Source)
	at Script1534476274484.run(Script1534476274484.groovy:32)
	at com.kms.katalon.core.main.ScriptEngine.run(ScriptEngine.java:183)
	at com.kms.katalon.core.main.ScriptEngine.runScriptAsRawText(ScriptEngine.java:108)
	at com.kms.katalon.core.main.TestCaseExecutor.runScript(TestCaseExecutor.java:294)
	at com.kms.katalon.core.main.TestCaseExecutor.doExecute(TestCaseExecutor.java:285)
	at com.kms.katalon.core.main.TestCaseExecutor.processExecutionPhase(TestCaseExecutor.java:264)
	at com.kms.katalon.core.main.TestCaseExecutor.accessMainPhase(TestCaseExecutor.java:256)
	at com.kms.katalon.core.main.TestCaseExecutor.execute(TestCaseExecutor.java:200)
	at com.kms.katalon.core.main.TestCaseMain.runTestCase(TestCaseMain.java:99)
	at com.kms.katalon.core.keyword.builtin.CallTestCaseKeyword$_callTestCase_closure1.doCall(CallTestCaseKeyword.groovy:60)
	at com.kms.katalon.core.keyword.builtin.CallTestCaseKeyword$_callTestCase_closure1.call(CallTestCaseKeyword.groovy)
	at com.kms.katalon.core.keyword.internal.KeywordMain.runKeyword(KeywordMain.groovy:54)
	at com.kms.katalon.core.keyword.builtin.CallTestCaseKeyword.callTestCase(CallTestCaseKeyword.groovy:81)
	at com.kms.katalon.core.keyword.builtin.CallTestCaseKeyword.execute(CallTestCaseKeyword.groovy:45)
	at com.kms.katalon.core.keyword.internal.KeywordExecutor.executeKeywordForPlatform(KeywordExecutor.groovy:53)
	at com.kms.katalon.core.keyword.BuiltinKeywords.callTestCase(BuiltinKeywords.groovy:334)
	at sun.reflect.GeneratedMethodAccessor13.invoke(Unknown Source)
	at sun.reflect.DelegatingMethodAccessorImpl.invoke(DelegatingMethodAccessorImpl.java:43)
	at java.lang.reflect.Method.invoke(Method.java:498)
	at org.codehaus.groovy.reflection.CachedMethod.invoke(CachedMethod.java:93)
	at groovy.lang.MetaMethod.doMethodInvoke(MetaMethod.java:325)
	at groovy.lang.MetaClassImpl.invokeStaticMethod(MetaClassImpl.java:1469)
	at org.codehaus.groovy.runtime.callsite.StaticMetaClassSite.call(StaticMetaClassSite.java:53)
	at org.codehaus.groovy.runtime.callsite.CallSiteArray.defaultCall(CallSiteArray.java:48)
	at org.codehaus.groovy.runtime.callsite.AbstractCallSite.call(AbstractCallSite.java:113)
	at org.codehaus.groovy.runtime.callsite.AbstractCallSite.call(AbstractCallSite.java:141)
	at Script1535599531593.run(Script1535599531593.groovy:358)
	at com.kms.katalon.core.main.ScriptEngine.run(ScriptEngine.java:183)
	at com.kms.katalon.core.main.ScriptEngine.runScriptAsRawText(ScriptEngine.java:108)
	at com.kms.katalon.core.main.TestCaseExecutor.runScript(TestCaseExecutor.java:294)
	at com.kms.katalon.core.main.TestCaseExecutor.doExecute(TestCaseExecutor.java:285)
	at com.kms.katalon.core.main.TestCaseExecutor.processExecutionPhase(TestCaseExecutor.java:264)
	at com.kms.katalon.core.main.TestCaseExecutor.accessMainPhase(TestCaseExecutor.java:256)
	at com.kms.katalon.core.main.TestCaseExecutor.execute(TestCaseExecutor.java:200)
	at com.kms.katalon.core.main.TestSuiteExecutor.accessTestCaseMainPhase(TestSuiteExecutor.java:129)
	at com.kms.katalon.core.main.TestSuiteExecutor.accessTestSuiteMainPhase(TestSuiteExecutor.java:112)
	at com.kms.katalon.core.main.TestSuiteExecutor.execute(TestSuiteExecutor.java:81)
	at com.kms.katalon.core.main.TestCaseMain.startTestSuite(TestCaseMain.java:142)
	at com.kms.katalon.core.main.TestCaseMain$startTestSuite$0.call(Unknown Source)
	at org.codehaus.groovy.runtime.callsite.CallSiteArray.defaultCall(CallSiteArray.java:48)
	at org.codehaus.groovy.runtime.callsite.AbstractCallSite.call(AbstractCallSite.java:113)
	at org.codehaus.groovy.runtime.callsite.AbstractCallSite.call(AbstractCallSite.java:141)
	at TempTestSuite1544087654896.run(TempTestSuite1544087654896.groovy:36)
	at groovy.lang.GroovyShell.runScriptOrMainOrTestOrRunnable(GroovyShell.java:263)
	at groovy.lang.GroovyShell.run(GroovyShell.java:518)
	at groovy.lang.GroovyShell.run(GroovyShell.java:507)
	at groovy.ui.GroovyMain.processOnce(GroovyMain.java:653)
	at groovy.ui.GroovyMain.run(GroovyMain.java:384)
	at groovy.ui.GroovyMain.process(GroovyMain.java:370)
	at groovy.ui.GroovyMain.processArgs(GroovyMain.java:129)
	at groovy.ui.GroovyMain.main(GroovyMain.java:109)
	at sun.reflect.NativeMethodAccessorImpl.invoke0(Native Method)
	at sun.reflect.NativeMethodAccessorImpl.invoke(NativeMethodAccessorImpl.java:62)
	at sun.reflect.DelegatingMethodAccessorImpl.invoke(DelegatingMethodAccessorImpl.java:43)
	at java.lang.reflect.Method.invoke(Method.java:498)
	at org.codehaus.groovy.tools.GroovyStarter.rootLoader(GroovyStarter.java:109)
	at org.codehaus.groovy.tools.GroovyStarter.main(GroovyStarter.java:131)
)

2018-12-06 22:15:01 - [TEST_STEP][PASSED] - delay: Delayed 6 second(s)

2018-12-06 22:15:07 - [MESSAGE][PASSED] - Delayed 6 second(s)

2018-12-06 22:15:07 - [TEST_STEP][FAILED] - click: Unable to click on object 'Object Repository/Final Object Repo/New Registration - Registration Module Pages/Third Screen - Upload Supporting Doc- Preview/Preview Submit Button' (Root cause: com.kms.katalon.core.webui.exception.WebElementNotFoundException: Web element with id: 'Object Repository/Final Object Repo/New Registration - Registration Module Pages/Third Screen - Upload Supporting Doc- Preview/Preview Submit Button' located by 'By.xpath: //a[@popupvalidatesubmit = 'true' and @class = 'btn btn-lg blueBtn col-md-2 pull-right browserIdBtn' and (text() = ' SUBMIT
					' or . = ' SUBMIT
					')]' not found)

2018-12-06 22:15:43 - [MESSAGE][FAILED] - Unable to click on object 'Object Repository/Final Object Repo/New Registration - Registration Module Pages/Third Screen - Upload Supporting Doc- Preview/Preview Submit Button' (Root cause: com.kms.katalon.core.webui.exception.WebElementNotFoundException: Web element with id: 'Object Repository/Final Object Repo/New Registration - Registration Module Pages/Third Screen - Upload Supporting Doc- Preview/Preview Submit Button' located by 'By.xpath: //a[@popupvalidatesubmit = 'true' and @class = 'btn btn-lg blueBtn col-md-2 pull-right browserIdBtn' and (text() = ' SUBMIT
					' or . = ' SUBMIT
					')]' not found)
[[ATTACHMENT|C:\\Users\\Admin\\Desktop\\PKS\\Perkeso Phase A\\Reports\\Workflow\\New Registration\\20181206_171414\\1544105743559.png]]

2018-12-06 22:15:43 - [TEST_STEP][PASSED] - delay: Delayed 2 second(s)

2018-12-06 22:15:45 - [MESSAGE][PASSED] - Delayed 2 second(s)

2018-12-06 22:15:45 - [TEST_STEP][FAILED] - click: Unable to click on object 'Object Repository/Final Object Repo/New Registration - Registration Module Pages/Third Screen - Upload Supporting Doc- Preview/Preview Submit - Confirm' (Root cause: com.kms.katalon.core.webui.exception.WebElementNotFoundException: Web element with id: 'Object Repository/Final Object Repo/New Registration - Registration Module Pages/Third Screen - Upload Supporting Doc- Preview/Preview Submit - Confirm' located by 'By.xpath: //span[@id = 'confirmword' and (text() = 'CONFIRM' or . = 'CONFIRM')]' not found)

2018-12-06 22:16:18 - [MESSAGE][FAILED] - Unable to click on object 'Object Repository/Final Object Repo/New Registration - Registration Module Pages/Third Screen - Upload Supporting Doc- Preview/Preview Submit - Confirm' (Root cause: com.kms.katalon.core.webui.exception.WebElementNotFoundException: Web element with id: 'Object Repository/Final Object Repo/New Registration - Registration Module Pages/Third Screen - Upload Supporting Doc- Preview/Preview Submit - Confirm' located by 'By.xpath: //span[@id = 'confirmword' and (text() = 'CONFIRM' or . = 'CONFIRM')]' not found)
[[ATTACHMENT|C:\\Users\\Admin\\Desktop\\PKS\\Perkeso Phase A\\Reports\\Workflow\\New Registration\\20181206_171414\\1544105777741.png]]

2018-12-06 22:16:18 - [TEST_STEP][PASSED] - delay: Delayed 15 second(s)

2018-12-06 22:16:33 - [MESSAGE][PASSED] - Delayed 15 second(s)

2018-12-06 22:16:33 - [TEST_STEP][PASSED] - Statement - driver = com.kms.katalon.core.webui.driver.DriverFactory.getWebDriver(): null

2018-12-06 22:16:33 - [TEST_STEP][PASSED] - Statement - driver.manage().timeouts().implicitlyWait(10, SECONDS): null

2018-12-06 22:16:33 - [TEST_STEP][PASSED] - Statement - PresavePath = KatalonScreenshots: null

2018-12-06 22:16:33 - [TEST_STEP][PASSED] - Statement - pathPrefix = "C:\Users\Public\Pictures\Sample Pictures\Katalon Screenshots\Automate Ending Screen": null

2018-12-06 22:16:33 - [TEST_STEP][PASSED] - Statement - finalPath = <not implemented yet for class: org.codehaus.groovy.ast.expr.EmptyExpression>: null

2018-12-06 22:16:33 - [TEST_STEP][PASSED] - Statement - scrFile = driver.getScreenshotAs(FILE): null

2018-12-06 22:16:33 - [TEST_STEP][PASSED] - Statement - PreSaveFile = new java.io.File(PresavePath): null

2018-12-06 22:16:33 - [TEST_STEP][PASSED] - Statement - counter = 0: null

2018-12-06 22:16:33 - [TEST_STEP][PASSED] - Statement - If (PreSaveFile.exists()): null

2018-12-06 22:16:33 - [TEST_STEP][PASSED] - Statement - While (PreSaveFile.exists()): null

2018-12-06 22:16:33 - [TEST_STEP][PASSED] - Statement - counter = counter + 1: null

2018-12-06 22:16:33 - [TEST_STEP][PASSED] - Statement - PreSaveFile = new java.io.File(((pathPrefix + java.lang.Integer.toString(counter)) + .png)): null

2018-12-06 22:16:33 - [TEST_STEP][PASSED] - Statement - counter = counter + 1: null

2018-12-06 22:16:33 - [TEST_STEP][PASSED] - Statement - PreSaveFile = new java.io.File(((pathPrefix + java.lang.Integer.toString(counter)) + .png)): null

2018-12-06 22:16:33 - [TEST_STEP][PASSED] - Statement - counter = counter + 1: null

2018-12-06 22:16:33 - [TEST_STEP][PASSED] - Statement - PreSaveFile = new java.io.File(((pathPrefix + java.lang.Integer.toString(counter)) + .png)): null

2018-12-06 22:16:33 - [TEST_STEP][PASSED] - Statement - counter = counter + 1: null

2018-12-06 22:16:33 - [TEST_STEP][PASSED] - Statement - PreSaveFile = new java.io.File(((pathPrefix + java.lang.Integer.toString(counter)) + .png)): null

2018-12-06 22:16:33 - [TEST_STEP][PASSED] - Statement - counter = counter + 1: null

2018-12-06 22:16:33 - [TEST_STEP][PASSED] - Statement - PreSaveFile = new java.io.File(((pathPrefix + java.lang.Integer.toString(counter)) + .png)): null

2018-12-06 22:16:33 - [TEST_STEP][PASSED] - Statement - counter = counter + 1: null

2018-12-06 22:16:33 - [TEST_STEP][PASSED] - Statement - PreSaveFile = new java.io.File(((pathPrefix + java.lang.Integer.toString(counter)) + .png)): null

2018-12-06 22:16:33 - [TEST_STEP][PASSED] - Statement - counter = counter + 1: null

2018-12-06 22:16:33 - [TEST_STEP][PASSED] - Statement - PreSaveFile = new java.io.File(((pathPrefix + java.lang.Integer.toString(counter)) + .png)): null

2018-12-06 22:16:33 - [TEST_STEP][PASSED] - Statement - counter = counter + 1: null

2018-12-06 22:16:33 - [TEST_STEP][PASSED] - Statement - PreSaveFile = new java.io.File(((pathPrefix + java.lang.Integer.toString(counter)) + .png)): null

2018-12-06 22:16:33 - [TEST_STEP][PASSED] - Statement - counter = counter + 1: null

2018-12-06 22:16:33 - [TEST_STEP][PASSED] - Statement - PreSaveFile = new java.io.File(((pathPrefix + java.lang.Integer.toString(counter)) + .png)): null

2018-12-06 22:16:33 - [TEST_STEP][PASSED] - Statement - counter = counter + 1: null

2018-12-06 22:16:33 - [TEST_STEP][PASSED] - Statement - PreSaveFile = new java.io.File(((pathPrefix + java.lang.Integer.toString(counter)) + .png)): null

2018-12-06 22:16:33 - [TEST_STEP][PASSED] - Statement - counter = counter + 1: null

2018-12-06 22:16:33 - [TEST_STEP][PASSED] - Statement - PreSaveFile = new java.io.File(((pathPrefix + java.lang.Integer.toString(counter)) + .png)): null

2018-12-06 22:16:33 - [TEST_STEP][PASSED] - Statement - counter = counter + 1: null

2018-12-06 22:16:33 - [TEST_STEP][PASSED] - Statement - PreSaveFile = new java.io.File(((pathPrefix + java.lang.Integer.toString(counter)) + .png)): null

2018-12-06 22:16:33 - [TEST_STEP][PASSED] - Statement - counter = counter + 1: null

2018-12-06 22:16:33 - [TEST_STEP][PASSED] - Statement - PreSaveFile = new java.io.File(((pathPrefix + java.lang.Integer.toString(counter)) + .png)): null

2018-12-06 22:16:33 - [TEST_STEP][PASSED] - Statement - counter = counter + 1: null

2018-12-06 22:16:33 - [TEST_STEP][PASSED] - Statement - PreSaveFile = new java.io.File(((pathPrefix + java.lang.Integer.toString(counter)) + .png)): null

2018-12-06 22:16:33 - [TEST_STEP][PASSED] - Statement - counter = counter + 1: null

2018-12-06 22:16:33 - [TEST_STEP][PASSED] - Statement - PreSaveFile = new java.io.File(((pathPrefix + java.lang.Integer.toString(counter)) + .png)): null

2018-12-06 22:16:33 - [TEST_STEP][PASSED] - Statement - counter = counter + 1: null

2018-12-06 22:16:33 - [TEST_STEP][PASSED] - Statement - PreSaveFile = new java.io.File(((pathPrefix + java.lang.Integer.toString(counter)) + .png)): null

2018-12-06 22:16:33 - [TEST_STEP][PASSED] - Statement - counter = counter + 1: null

2018-12-06 22:16:33 - [TEST_STEP][PASSED] - Statement - PreSaveFile = new java.io.File(((pathPrefix + java.lang.Integer.toString(counter)) + .png)): null

2018-12-06 22:16:33 - [TEST_STEP][PASSED] - Statement - counter = counter + 1: null

2018-12-06 22:16:33 - [TEST_STEP][PASSED] - Statement - PreSaveFile = new java.io.File(((pathPrefix + java.lang.Integer.toString(counter)) + .png)): null

2018-12-06 22:16:33 - [TEST_STEP][PASSED] - Statement - counter = counter + 1: null

2018-12-06 22:16:33 - [TEST_STEP][PASSED] - Statement - PreSaveFile = new java.io.File(((pathPrefix + java.lang.Integer.toString(counter)) + .png)): null

2018-12-06 22:16:33 - [TEST_STEP][PASSED] - Statement - counter = counter + 1: null

2018-12-06 22:16:33 - [TEST_STEP][PASSED] - Statement - PreSaveFile = new java.io.File(((pathPrefix + java.lang.Integer.toString(counter)) + .png)): null

2018-12-06 22:16:33 - [TEST_STEP][PASSED] - Statement - counter = counter + 1: null

2018-12-06 22:16:33 - [TEST_STEP][PASSED] - Statement - PreSaveFile = new java.io.File(((pathPrefix + java.lang.Integer.toString(counter)) + .png)): null

2018-12-06 22:16:33 - [TEST_STEP][PASSED] - Statement - counter = counter + 1: null

2018-12-06 22:16:33 - [TEST_STEP][PASSED] - Statement - PreSaveFile = new java.io.File(((pathPrefix + java.lang.Integer.toString(counter)) + .png)): null

2018-12-06 22:16:33 - [TEST_STEP][PASSED] - Statement - counter = counter + 1: null

2018-12-06 22:16:33 - [TEST_STEP][PASSED] - Statement - PreSaveFile = new java.io.File(((pathPrefix + java.lang.Integer.toString(counter)) + .png)): null

2018-12-06 22:16:33 - [TEST_STEP][PASSED] - Statement - counter = counter + 1: null

2018-12-06 22:16:33 - [TEST_STEP][PASSED] - Statement - PreSaveFile = new java.io.File(((pathPrefix + java.lang.Integer.toString(counter)) + .png)): null

2018-12-06 22:16:33 - [TEST_STEP][PASSED] - Statement - counter = counter + 1: null

2018-12-06 22:16:33 - [TEST_STEP][PASSED] - Statement - PreSaveFile = new java.io.File(((pathPrefix + java.lang.Integer.toString(counter)) + .png)): null

2018-12-06 22:16:33 - [TEST_STEP][PASSED] - Statement - counter = counter + 1: null

2018-12-06 22:16:33 - [TEST_STEP][PASSED] - Statement - PreSaveFile = new java.io.File(((pathPrefix + java.lang.Integer.toString(counter)) + .png)): null

2018-12-06 22:16:33 - [TEST_STEP][PASSED] - Statement - counter = counter + 1: null

2018-12-06 22:16:33 - [TEST_STEP][PASSED] - Statement - PreSaveFile = new java.io.File(((pathPrefix + java.lang.Integer.toString(counter)) + .png)): null

2018-12-06 22:16:33 - [TEST_STEP][PASSED] - Statement - counter = counter + 1: null

2018-12-06 22:16:33 - [TEST_STEP][PASSED] - Statement - PreSaveFile = new java.io.File(((pathPrefix + java.lang.Integer.toString(counter)) + .png)): null

2018-12-06 22:16:33 - [TEST_STEP][PASSED] - Statement - counter = counter + 1: null

2018-12-06 22:16:33 - [TEST_STEP][PASSED] - Statement - PreSaveFile = new java.io.File(((pathPrefix + java.lang.Integer.toString(counter)) + .png)): null

2018-12-06 22:16:33 - [TEST_STEP][PASSED] - Statement - counter = counter + 1: null

2018-12-06 22:16:33 - [TEST_STEP][PASSED] - Statement - PreSaveFile = new java.io.File(((pathPrefix + java.lang.Integer.toString(counter)) + .png)): null

2018-12-06 22:16:33 - [TEST_STEP][PASSED] - Statement - counter = counter + 1: null

2018-12-06 22:16:33 - [TEST_STEP][PASSED] - Statement - PreSaveFile = new java.io.File(((pathPrefix + java.lang.Integer.toString(counter)) + .png)): null

2018-12-06 22:16:33 - [TEST_STEP][PASSED] - Statement - counter = counter + 1: null

2018-12-06 22:16:33 - [TEST_STEP][PASSED] - Statement - PreSaveFile = new java.io.File(((pathPrefix + java.lang.Integer.toString(counter)) + .png)): null

2018-12-06 22:16:33 - [TEST_STEP][PASSED] - Statement - counter = counter + 1: null

2018-12-06 22:16:33 - [TEST_STEP][PASSED] - Statement - PreSaveFile = new java.io.File(((pathPrefix + java.lang.Integer.toString(counter)) + .png)): null

2018-12-06 22:16:33 - [TEST_STEP][PASSED] - Statement - counter = counter + 1: null

2018-12-06 22:16:33 - [TEST_STEP][PASSED] - Statement - PreSaveFile = new java.io.File(((pathPrefix + java.lang.Integer.toString(counter)) + .png)): null

2018-12-06 22:16:33 - [TEST_STEP][PASSED] - Statement - counter = counter + 1: null

2018-12-06 22:16:33 - [TEST_STEP][PASSED] - Statement - PreSaveFile = new java.io.File(((pathPrefix + java.lang.Integer.toString(counter)) + .png)): null

2018-12-06 22:16:33 - [TEST_STEP][PASSED] - Statement - finalPath = pathPrefix + java.lang.Integer.toString(counter) + ".png": null

2018-12-06 22:16:33 - [TEST_STEP][PASSED] - Statement - SaveFile = new java.io.File(finalPath): null

2018-12-06 22:16:33 - [TEST_STEP][PASSED] - Statement - Try: null

2018-12-06 22:16:33 - [TEST_STEP][PASSED] - Statement - org.apache.commons.io.FileUtils.copyFile(scrFile, SaveFile): null

2018-12-06 22:16:33 - [TEST_STEP][PASSED] - Statement - out.println("file kept"): null

2018-12-06 22:16:33 - [TEST_STEP][PASSED] - delay: Delayed 10 second(s)

2018-12-06 22:16:43 - [MESSAGE][PASSED] - Delayed 10 second(s)

2018-12-06 22:16:43 - [MESSAGE][FAILED] - Unable to call Test Case with id 'Test Cases/Final Aug 2018 - PKS Automation/Registration Module/New Registration/Submit and Screenshot/Submit Registration and Screenshot' (Root cause: Call Test Case 'Test Cases/Final Aug 2018 - PKS Automation/Registration Module/New Registration/Submit and Screenshot/Submit Registration and Screenshot' failed)]]></system-out>
         <system-err><![CDATA[2018-12-06 21:58:35 - [TEST_CASE][FAILED] - Test Cases/Final Aug 2018 - PKS Automation/Registration Module/Workflow/New Registration/OTC - PKR BO - RO Query (Routed 2 Time): Test Cases/Final Aug 2018 - PKS Automation/Registration Module/Workflow/New Registration/OTC - PKR BO - RO Query (Routed 2 Time) FAILED because (of) (Stack trace: com.kms.katalon.core.exception.StepFailedException: Unable to click on object 'Object Repository/Final Object Repo/New Registration - Registration Module Pages/New Reg - OTC to RO/Special Case - All Related Objects/Confirm to Query' (Root cause: org.openqa.selenium.ElementNotVisibleException: element not interactable
  (Session info: chrome=70.0.3538.110)
  (Driver info: chromedriver=2.43.600210 (68dcf5eebde37173d4027fa8635e332711d2874a),platform=Windows NT 6.1.7601 SP1 x86_64) (WARNING: The server did not provide any stacktrace information)
Command duration or timeout: 0 milliseconds
Build info: version: '3.7.1', revision: '8a0099a', time: '2017-11-06T21:07:36.161Z'
System info: host: 'WIN7TEST02', ip: '10.20.3.72', os.name: 'Windows 7', os.arch: 'amd64', os.version: '6.1', java.version: '1.8.0_181'
Driver info: com.kms.katalon.selenium.driver.CChromeDriver
Capabilities {acceptInsecureCerts: false, acceptSslCerts: false, applicationCacheEnabled: false, browserConnectionEnabled: false, browserName: chrome, chrome: {chromedriverVersion: 2.43.600210 (68dcf5eebde371..., userDataDir: C:\Users\Admin\AppData\Loca...}, cssSelectorsEnabled: true, databaseEnabled: false, goog:chromeOptions: {debuggerAddress: localhost:60986}, handlesAlerts: true, hasTouchScreen: false, javascriptEnabled: true, locationContextEnabled: true, mobileEmulationEnabled: false, nativeEvents: true, networkConnectionEnabled: false, pageLoadStrategy: normal, platform: XP, platformName: XP, rotatable: false, setWindowRect: true, takesHeapSnapshot: true, takesScreenshot: true, unexpectedAlertBehaviour: , unhandledPromptBehavior: , version: 70.0.3538.110, webStorageEnabled: true}
Session ID: 2fa7898b3cc40910af4a232573a02c21)
	at com.kms.katalon.core.keyword.internal.KeywordMain.stepFailed(KeywordMain.groovy:32)
	at com.kms.katalon.core.webui.keyword.internal.WebUIKeywordMain.stepFailed(WebUIKeywordMain.groovy:65)
	at com.kms.katalon.core.webui.keyword.internal.WebUIKeywordMain.runKeyword(WebUIKeywordMain.groovy:27)
	at com.kms.katalon.core.webui.keyword.builtin.ClickKeyword.click(ClickKeyword.groovy:86)
	at com.kms.katalon.core.webui.keyword.builtin.ClickKeyword.execute(ClickKeyword.groovy:67)
	at com.kms.katalon.core.keyword.internal.KeywordExecutor.executeKeywordForPlatform(KeywordExecutor.groovy:53)
	at com.kms.katalon.core.webui.keyword.WebUiBuiltInKeywords.click(WebUiBuiltInKeywords.groovy:616)
	at com.kms.katalon.core.webui.keyword.WebUiBuiltInKeywords$click$2.call(Unknown Source)
	at org.codehaus.groovy.runtime.callsite.CallSiteArray.defaultCall(CallSiteArray.java:48)
	at org.codehaus.groovy.runtime.callsite.AbstractCallSite.call(AbstractCallSite.java:113)
	at org.codehaus.groovy.runtime.callsite.AbstractCallSite.call(AbstractCallSite.java:125)
	at Script1535599531593.run(Script1535599531593.groovy:194)
	at com.kms.katalon.core.main.ScriptEngine.run(ScriptEngine.java:183)
	at com.kms.katalon.core.main.ScriptEngine.runScriptAsRawText(ScriptEngine.java:108)
	at com.kms.katalon.core.main.TestCaseExecutor.runScript(TestCaseExecutor.java:294)
	at com.kms.katalon.core.main.TestCaseExecutor.doExecute(TestCaseExecutor.java:285)
	at com.kms.katalon.core.main.TestCaseExecutor.processExecutionPhase(TestCaseExecutor.java:264)
	at com.kms.katalon.core.main.TestCaseExecutor.accessMainPhase(TestCaseExecutor.java:256)
	at com.kms.katalon.core.main.TestCaseExecutor.execute(TestCaseExecutor.java:200)
	at com.kms.katalon.core.main.TestSuiteExecutor.accessTestCaseMainPhase(TestSuiteExecutor.java:129)
	at com.kms.katalon.core.main.TestSuiteExecutor.accessTestSuiteMainPhase(TestSuiteExecutor.java:112)
	at com.kms.katalon.core.main.TestSuiteExecutor.execute(TestSuiteExecutor.java:81)
	at com.kms.katalon.core.main.TestCaseMain.startTestSuite(TestCaseMain.java:142)
	at com.kms.katalon.core.main.TestCaseMain$startTestSuite$0.call(Unknown Source)
	at org.codehaus.groovy.runtime.callsite.CallSiteArray.defaultCall(CallSiteArray.java:48)
	at org.codehaus.groovy.runtime.callsite.AbstractCallSite.call(AbstractCallSite.java:113)
	at org.codehaus.groovy.runtime.callsite.AbstractCallSite.call(AbstractCallSite.java:141)
	at TempTestSuite1544087654896.run(TempTestSuite1544087654896.groovy:36)
	at groovy.lang.GroovyShell.runScriptOrMainOrTestOrRunnable(GroovyShell.java:263)
	at groovy.lang.GroovyShell.run(GroovyShell.java:518)
	at groovy.lang.GroovyShell.run(GroovyShell.java:507)
	at groovy.ui.GroovyMain.processOnce(GroovyMain.java:653)
	at groovy.ui.GroovyMain.run(GroovyMain.java:384)
	at groovy.ui.GroovyMain.process(GroovyMain.java:370)
	at groovy.ui.GroovyMain.processArgs(GroovyMain.java:129)
	at groovy.ui.GroovyMain.main(GroovyMain.java:109)
	at sun.reflect.NativeMethodAccessorImpl.invoke0(Native Method)
	at sun.reflect.NativeMethodAccessorImpl.invoke(NativeMethodAccessorImpl.java:62)
	at sun.reflect.DelegatingMethodAccessorImpl.invoke(DelegatingMethodAccessorImpl.java:43)
	at java.lang.reflect.Method.invoke(Method.java:498)
	at org.codehaus.groovy.tools.GroovyStarter.rootLoader(GroovyStarter.java:109)
	at org.codehaus.groovy.tools.GroovyStarter.main(GroovyStarter.java:131)
)]]></system-err>
      </testcase>
      <testcase name="Test Cases/Final Aug 2018 - PKS Automation/Registration Module/Workflow/New Registration/OTC - PKR BO - RO Submit(Routed 2 Time)" classname="Test Cases/Final Aug 2018 - PKS Automation/Registration Module/Workflow/New Registration/OTC - PKR BO - RO Submit(Routed 2 Time)" status="FAILED">
         <failure type="FAILED" message="(Stack trace: com.kms.katalon.core.exception.StepFailedException: Unable to click on object 'Object Repository/Final Object Repo/New Registration - Registration Module Pages/New Reg - OTC to RO/Special Case - All Related Objects/Continue Button in verifying case' (Root cause: org.openqa.selenium.ElementNotVisibleException: element not interactable
  (Session info: chrome=70.0.3538.110)
  (Driver info: chromedriver=2.43.600210 (68dcf5eebde37173d4027fa8635e332711d2874a),platform=Windows NT 6.1.7601 SP1 x86_64) (WARNING: The server did not provide any stacktrace information)
Command duration or timeout: 0 milliseconds
Build info: version: '3.7.1', revision: '8a0099a', time: '2017-11-06T21:07:36.161Z'
System info: host: 'WIN7TEST02', ip: '10.20.3.72', os.name: 'Windows 7', os.arch: 'amd64', os.version: '6.1', java.version: '1.8.0_181'
Driver info: com.kms.katalon.selenium.driver.CChromeDriver
Capabilities {acceptInsecureCerts: false, acceptSslCerts: false, applicationCacheEnabled: false, browserConnectionEnabled: false, browserName: chrome, chrome: {chromedriverVersion: 2.43.600210 (68dcf5eebde371..., userDataDir: C:\Users\Admin\AppData\Loca...}, cssSelectorsEnabled: true, databaseEnabled: false, goog:chromeOptions: {debuggerAddress: localhost:61189}, handlesAlerts: true, hasTouchScreen: false, javascriptEnabled: true, locationContextEnabled: true, mobileEmulationEnabled: false, nativeEvents: true, networkConnectionEnabled: false, pageLoadStrategy: normal, platform: XP, platformName: XP, rotatable: false, setWindowRect: true, takesHeapSnapshot: true, takesScreenshot: true, unexpectedAlertBehaviour: , unhandledPromptBehavior: , version: 70.0.3538.110, webStorageEnabled: true}
Session ID: bf0db2520270bea0074748a843b5d9c1)
	at com.kms.katalon.core.keyword.internal.KeywordMain.stepFailed(KeywordMain.groovy:32)
	at com.kms.katalon.core.webui.keyword.internal.WebUIKeywordMain.stepFailed(WebUIKeywordMain.groovy:65)
	at com.kms.katalon.core.webui.keyword.internal.WebUIKeywordMain.runKeyword(WebUIKeywordMain.groovy:27)
	at com.kms.katalon.core.webui.keyword.builtin.ClickKeyword.click(ClickKeyword.groovy:86)
	at com.kms.katalon.core.webui.keyword.builtin.ClickKeyword.execute(ClickKeyword.groovy:67)
	at com.kms.katalon.core.keyword.internal.KeywordExecutor.executeKeywordForPlatform(KeywordExecutor.groovy:53)
	at com.kms.katalon.core.webui.keyword.WebUiBuiltInKeywords.click(WebUiBuiltInKeywords.groovy:616)
	at com.kms.katalon.core.webui.keyword.WebUiBuiltInKeywords$click$2.call(Unknown Source)
	at org.codehaus.groovy.runtime.callsite.CallSiteArray.defaultCall(CallSiteArray.java:48)
	at org.codehaus.groovy.runtime.callsite.AbstractCallSite.call(AbstractCallSite.java:113)
	at org.codehaus.groovy.runtime.callsite.AbstractCallSite.call(AbstractCallSite.java:125)
	at Script1535599368022.run(Script1535599368022.groovy:165)
	at com.kms.katalon.core.main.ScriptEngine.run(ScriptEngine.java:183)
	at com.kms.katalon.core.main.ScriptEngine.runScriptAsRawText(ScriptEngine.java:108)
	at com.kms.katalon.core.main.TestCaseExecutor.runScript(TestCaseExecutor.java:294)
	at com.kms.katalon.core.main.TestCaseExecutor.doExecute(TestCaseExecutor.java:285)
	at com.kms.katalon.core.main.TestCaseExecutor.processExecutionPhase(TestCaseExecutor.java:264)
	at com.kms.katalon.core.main.TestCaseExecutor.accessMainPhase(TestCaseExecutor.java:256)
	at com.kms.katalon.core.main.TestCaseExecutor.execute(TestCaseExecutor.java:200)
	at com.kms.katalon.core.main.TestSuiteExecutor.accessTestCaseMainPhase(TestSuiteExecutor.java:129)
	at com.kms.katalon.core.main.TestSuiteExecutor.accessTestSuiteMainPhase(TestSuiteExecutor.java:112)
	at com.kms.katalon.core.main.TestSuiteExecutor.execute(TestSuiteExecutor.java:81)
	at com.kms.katalon.core.main.TestCaseMain.startTestSuite(TestCaseMain.java:142)
	at com.kms.katalon.core.main.TestCaseMain$startTestSuite$0.call(Unknown Source)
	at org.codehaus.groovy.runtime.callsite.CallSiteArray.defaultCall(CallSiteArray.java:48)
	at org.codehaus.groovy.runtime.callsite.AbstractCallSite.call(AbstractCallSite.java:113)
	at org.codehaus.groovy.runtime.callsite.AbstractCallSite.call(AbstractCallSite.java:141)
	at TempTestSuite1544087654896.run(TempTestSuite1544087654896.groovy:36)
	at groovy.lang.GroovyShell.runScriptOrMainOrTestOrRunnable(GroovyShell.java:263)
	at groovy.lang.GroovyShell.run(GroovyShell.java:518)
	at groovy.lang.GroovyShell.run(GroovyShell.java:507)
	at groovy.ui.GroovyMain.processOnce(GroovyMain.java:653)
	at groovy.ui.GroovyMain.run(GroovyMain.java:384)
	at groovy.ui.GroovyMain.process(GroovyMain.java:370)
	at groovy.ui.GroovyMain.processArgs(GroovyMain.java:129)
	at groovy.ui.GroovyMain.main(GroovyMain.java:109)
	at sun.reflect.NativeMethodAccessorImpl.invoke0(Native Method)
	at sun.reflect.NativeMethodAccessorImpl.invoke(NativeMethodAccessorImpl.java:62)
	at sun.reflect.DelegatingMethodAccessorImpl.invoke(DelegatingMethodAccessorImpl.java:43)
	at java.lang.reflect.Method.invoke(Method.java:498)
	at org.codehaus.groovy.tools.GroovyStarter.rootLoader(GroovyStarter.java:109)
	at org.codehaus.groovy.tools.GroovyStarter.main(GroovyStarter.java:131)
)"/>
         <system-out><![CDATA[2018-12-06 22:16:43 - [TEST_CASE][FAILED] - Test Cases/Final Aug 2018 - PKS Automation/Registration Module/Workflow/New Registration/OTC - PKR BO - RO Submit(Routed 2 Time): Test Cases/Final Aug 2018 - PKS Automation/Registration Module/Workflow/New Registration/OTC - PKR BO - RO Submit(Routed 2 Time) FAILED because (of) (Stack trace: com.kms.katalon.core.exception.StepFailedException: Unable to click on object 'Object Repository/Final Object Repo/New Registration - Registration Module Pages/New Reg - OTC to RO/Special Case - All Related Objects/Continue Button in verifying case' (Root cause: org.openqa.selenium.ElementNotVisibleException: element not interactable
  (Session info: chrome=70.0.3538.110)
  (Driver info: chromedriver=2.43.600210 (68dcf5eebde37173d4027fa8635e332711d2874a),platform=Windows NT 6.1.7601 SP1 x86_64) (WARNING: The server did not provide any stacktrace information)
Command duration or timeout: 0 milliseconds
Build info: version: '3.7.1', revision: '8a0099a', time: '2017-11-06T21:07:36.161Z'
System info: host: 'WIN7TEST02', ip: '10.20.3.72', os.name: 'Windows 7', os.arch: 'amd64', os.version: '6.1', java.version: '1.8.0_181'
Driver info: com.kms.katalon.selenium.driver.CChromeDriver
Capabilities {acceptInsecureCerts: false, acceptSslCerts: false, applicationCacheEnabled: false, browserConnectionEnabled: false, browserName: chrome, chrome: {chromedriverVersion: 2.43.600210 (68dcf5eebde371..., userDataDir: C:\Users\Admin\AppData\Loca...}, cssSelectorsEnabled: true, databaseEnabled: false, goog:chromeOptions: {debuggerAddress: localhost:61189}, handlesAlerts: true, hasTouchScreen: false, javascriptEnabled: true, locationContextEnabled: true, mobileEmulationEnabled: false, nativeEvents: true, networkConnectionEnabled: false, pageLoadStrategy: normal, platform: XP, platformName: XP, rotatable: false, setWindowRect: true, takesHeapSnapshot: true, takesScreenshot: true, unexpectedAlertBehaviour: , unhandledPromptBehavior: , version: 70.0.3538.110, webStorageEnabled: true}
Session ID: bf0db2520270bea0074748a843b5d9c1)
	at com.kms.katalon.core.keyword.internal.KeywordMain.stepFailed(KeywordMain.groovy:32)
	at com.kms.katalon.core.webui.keyword.internal.WebUIKeywordMain.stepFailed(WebUIKeywordMain.groovy:65)
	at com.kms.katalon.core.webui.keyword.internal.WebUIKeywordMain.runKeyword(WebUIKeywordMain.groovy:27)
	at com.kms.katalon.core.webui.keyword.builtin.ClickKeyword.click(ClickKeyword.groovy:86)
	at com.kms.katalon.core.webui.keyword.builtin.ClickKeyword.execute(ClickKeyword.groovy:67)
	at com.kms.katalon.core.keyword.internal.KeywordExecutor.executeKeywordForPlatform(KeywordExecutor.groovy:53)
	at com.kms.katalon.core.webui.keyword.WebUiBuiltInKeywords.click(WebUiBuiltInKeywords.groovy:616)
	at com.kms.katalon.core.webui.keyword.WebUiBuiltInKeywords$click$2.call(Unknown Source)
	at org.codehaus.groovy.runtime.callsite.CallSiteArray.defaultCall(CallSiteArray.java:48)
	at org.codehaus.groovy.runtime.callsite.AbstractCallSite.call(AbstractCallSite.java:113)
	at org.codehaus.groovy.runtime.callsite.AbstractCallSite.call(AbstractCallSite.java:125)
	at Script1535599368022.run(Script1535599368022.groovy:165)
	at com.kms.katalon.core.main.ScriptEngine.run(ScriptEngine.java:183)
	at com.kms.katalon.core.main.ScriptEngine.runScriptAsRawText(ScriptEngine.java:108)
	at com.kms.katalon.core.main.TestCaseExecutor.runScript(TestCaseExecutor.java:294)
	at com.kms.katalon.core.main.TestCaseExecutor.doExecute(TestCaseExecutor.java:285)
	at com.kms.katalon.core.main.TestCaseExecutor.processExecutionPhase(TestCaseExecutor.java:264)
	at com.kms.katalon.core.main.TestCaseExecutor.accessMainPhase(TestCaseExecutor.java:256)
	at com.kms.katalon.core.main.TestCaseExecutor.execute(TestCaseExecutor.java:200)
	at com.kms.katalon.core.main.TestSuiteExecutor.accessTestCaseMainPhase(TestSuiteExecutor.java:129)
	at com.kms.katalon.core.main.TestSuiteExecutor.accessTestSuiteMainPhase(TestSuiteExecutor.java:112)
	at com.kms.katalon.core.main.TestSuiteExecutor.execute(TestSuiteExecutor.java:81)
	at com.kms.katalon.core.main.TestCaseMain.startTestSuite(TestCaseMain.java:142)
	at com.kms.katalon.core.main.TestCaseMain$startTestSuite$0.call(Unknown Source)
	at org.codehaus.groovy.runtime.callsite.CallSiteArray.defaultCall(CallSiteArray.java:48)
	at org.codehaus.groovy.runtime.callsite.AbstractCallSite.call(AbstractCallSite.java:113)
	at org.codehaus.groovy.runtime.callsite.AbstractCallSite.call(AbstractCallSite.java:141)
	at TempTestSuite1544087654896.run(TempTestSuite1544087654896.groovy:36)
	at groovy.lang.GroovyShell.runScriptOrMainOrTestOrRunnable(GroovyShell.java:263)
	at groovy.lang.GroovyShell.run(GroovyShell.java:518)
	at groovy.lang.GroovyShell.run(GroovyShell.java:507)
	at groovy.ui.GroovyMain.processOnce(GroovyMain.java:653)
	at groovy.ui.GroovyMain.run(GroovyMain.java:384)
	at groovy.ui.GroovyMain.process(GroovyMain.java:370)
	at groovy.ui.GroovyMain.processArgs(GroovyMain.java:129)
	at groovy.ui.GroovyMain.main(GroovyMain.java:109)
	at sun.reflect.NativeMethodAccessorImpl.invoke0(Native Method)
	at sun.reflect.NativeMethodAccessorImpl.invoke(NativeMethodAccessorImpl.java:62)
	at sun.reflect.DelegatingMethodAccessorImpl.invoke(DelegatingMethodAccessorImpl.java:43)
	at java.lang.reflect.Method.invoke(Method.java:498)
	at org.codehaus.groovy.tools.GroovyStarter.rootLoader(GroovyStarter.java:109)
	at org.codehaus.groovy.tools.GroovyStarter.main(GroovyStarter.java:131)
)

2018-12-06 22:16:43 - [TEST_STEP][PASSED] - callTestCase: Call Test Case 'Test Cases/Final Aug 2018 - PKS Automation/Registration Module/Workflow/New Registration/Template/Special Case - OTC - Form 1' successfully

2018-12-06 22:16:43 - [TEST_CASE][PASSED] - Test Cases/Final Aug 2018 - PKS Automation/Registration Module/Workflow/New Registration/Template/Special Case - OTC - Form 1: Test Cases/Final Aug 2018 - PKS Automation/Registration Module/Workflow/New Registration/Template/Special Case - OTC - Form 1

2018-12-06 22:16:43 - [TEST_STEP][PASSED] - openBrowser: Browser is opened with url: ''

2018-12-06 22:16:43 - [MESSAGE][WARNING] - A browser is already opened. Closing browser and opening a new one

2018-12-06 22:16:47 - [MESSAGE][PASSED] - Browser is opened with url: ''

2018-12-06 22:16:47 - [TEST_STEP][PASSED] - navigateToUrl: Navigate to 'https://assist2-uat.perkeso.gov.my/login' successfully

2018-12-06 22:16:48 - [MESSAGE][PASSED] - Navigate to 'https://assist2-uat.perkeso.gov.my/login' successfully

2018-12-06 22:16:48 - [TEST_STEP][PASSED] - delay: Delayed 2 second(s)

2018-12-06 22:16:50 - [MESSAGE][PASSED] - Delayed 2 second(s)

2018-12-06 22:16:50 - [TEST_STEP][PASSED] - setText: Text 'klotc2@gmail.com' is set on object 'Object Repository/Final Object Repo/Login Page/Internal User/Email Address'

2018-12-06 22:16:51 - [MESSAGE][PASSED] - Text 'klotc2@gmail.com' is set on object 'Object Repository/Final Object Repo/Login Page/Internal User/Email Address'

2018-12-06 22:16:51 - [TEST_STEP][PASSED] - click: Object: 'Object Repository/Final Object Repo/Login Page/Internal User/Next Button' is clicked on

2018-12-06 22:16:51 - [MESSAGE][PASSED] - Object: 'Object Repository/Final Object Repo/Login Page/Internal User/Next Button' is clicked on

2018-12-06 22:16:51 - [TEST_STEP][PASSED] - delay: Delayed 2 second(s)

2018-12-06 22:16:53 - [MESSAGE][PASSED] - Delayed 2 second(s)

2018-12-06 22:16:53 - [TEST_STEP][PASSED] - setText: Text 'Test1@3456789' is set on object 'Object Repository/Final Object Repo/Login Page/Internal User/Password'

2018-12-06 22:16:53 - [MESSAGE][PASSED] - Text 'Test1@3456789' is set on object 'Object Repository/Final Object Repo/Login Page/Internal User/Password'

2018-12-06 22:16:53 - [TEST_STEP][PASSED] - delay: Delayed 2 second(s)

2018-12-06 22:16:55 - [MESSAGE][PASSED] - Delayed 2 second(s)

2018-12-06 22:16:55 - [TEST_STEP][PASSED] - click: Object: 'Object Repository/Final Object Repo/Login Page/Internal User/Login Button' is clicked on

2018-12-06 22:16:55 - [MESSAGE][PASSED] - Object: 'Object Repository/Final Object Repo/Login Page/Internal User/Login Button' is clicked on

2018-12-06 22:16:55 - [TEST_STEP][PASSED] - Statement - Try: null

2018-12-06 22:16:55 - [TEST_STEP][PASSED] - Statement - Checker = com.kms.katalon.core.webui.keyword.WebUiBuiltInKeywords.verifyElementNotPresent("Final Object Repo/Landing Page/Select to English", 3): null

2018-12-06 22:16:55 - [TEST_STEP][PASSED] - Statement - Catch (Exception e): null

2018-12-06 22:16:55 - [TEST_STEP][PASSED] - Statement - e.printStackTrace(): null

2018-12-06 22:16:55 - [TEST_STEP][PASSED] - delay: Delayed 5 second(s)

2018-12-06 22:17:00 - [MESSAGE][PASSED] - Delayed 5 second(s)

2018-12-06 22:17:00 - [TEST_STEP][PASSED] - click: Object: 'Object Repository/Final Object Repo/Landing Page/My Sites Drop Down' is clicked on

2018-12-06 22:17:00 - [MESSAGE][PASSED] - Object: 'Object Repository/Final Object Repo/Landing Page/My Sites Drop Down' is clicked on

2018-12-06 22:17:00 - [TEST_STEP][PASSED] - click: Object: 'Object Repository/Final Object Repo/Landing Page/Select to Registration Module' is clicked on

2018-12-06 22:17:01 - [MESSAGE][PASSED] - Object: 'Object Repository/Final Object Repo/Landing Page/Select to Registration Module' is clicked on

2018-12-06 22:17:01 - [TEST_STEP][PASSED] - click: Object: 'Object Repository/Final Object Repo/Landing Page/Registration Button' is clicked on

2018-12-06 22:17:03 - [MESSAGE][PASSED] - Object: 'Object Repository/Final Object Repo/Landing Page/Registration Button' is clicked on

2018-12-06 22:17:03 - [TEST_STEP][PASSED] - delay: Delayed 2 second(s)

2018-12-06 22:17:05 - [MESSAGE][PASSED] - Delayed 2 second(s)

2018-12-06 22:17:05 - [TEST_STEP][PASSED] - click: Object: 'Object Repository/Final Object Repo/New Registration - Registration Module Pages/New Reg - OTC to RO/Special Case - OTC - Form 1/AEC NO' is clicked on

2018-12-06 22:17:05 - [MESSAGE][PASSED] - Object: 'Object Repository/Final Object Repo/New Registration - Registration Module Pages/New Reg - OTC to RO/Special Case - OTC - Form 1/AEC NO' is clicked on

2018-12-06 22:17:05 - [TEST_STEP][PASSED] - click: Object: 'Object Repository/Final Object Repo/New Registration - Registration Module Pages/New Reg - OTC to RO/Special Case - OTC - Form 1/Business Entity - Please Select' is clicked on

2018-12-06 22:17:05 - [MESSAGE][PASSED] - Object: 'Object Repository/Final Object Repo/New Registration - Registration Module Pages/New Reg - OTC to RO/Special Case - OTC - Form 1/Business Entity - Please Select' is clicked on

2018-12-06 22:17:05 - [TEST_STEP][PASSED] - click: Object: 'Object Repository/Final Object Repo/New Registration - Registration Module Pages/New Reg - OTC to RO/Special Case - OTC - Form 1/Selected - Corporation' is clicked on

2018-12-06 22:17:05 - [MESSAGE][PASSED] - Object: 'Object Repository/Final Object Repo/New Registration - Registration Module Pages/New Reg - OTC to RO/Special Case - OTC - Form 1/Selected - Corporation' is clicked on

2018-12-06 22:17:05 - [TEST_STEP][PASSED] - delay: Delayed 2 second(s)

2018-12-06 22:17:07 - [MESSAGE][PASSED] - Delayed 2 second(s)

2018-12-06 22:17:07 - [TEST_STEP][PASSED] - click: Object: 'Object Repository/Final Object Repo/New Registration - Registration Module Pages/New Reg - OTC to RO/Special Case - OTC - Form 1/Sub Business Entity - Please Select' is clicked on

2018-12-06 22:17:07 - [MESSAGE][PASSED] - Object: 'Object Repository/Final Object Repo/New Registration - Registration Module Pages/New Reg - OTC to RO/Special Case - OTC - Form 1/Sub Business Entity - Please Select' is clicked on

2018-12-06 22:17:07 - [TEST_STEP][PASSED] - delay: Delayed 2 second(s)

2018-12-06 22:17:09 - [MESSAGE][PASSED] - Delayed 2 second(s)

2018-12-06 22:17:09 - [TEST_STEP][PASSED] - click: Object: 'Object Repository/Final Object Repo/New Registration - Registration Module Pages/New Reg - OTC to RO/Special Case - OTC - Form 1/Selected - Sendirian Berhad' is clicked on

2018-12-06 22:17:10 - [MESSAGE][PASSED] - Object: 'Object Repository/Final Object Repo/New Registration - Registration Module Pages/New Reg - OTC to RO/Special Case - OTC - Form 1/Selected - Sendirian Berhad' is clicked on

2018-12-06 22:17:10 - [TEST_STEP][PASSED] - setText: Text 'AUTOMATE001' is set on object 'Object Repository/Final Object Repo/New Registration - Registration Module Pages/New Reg - OTC to RO/Special Case - OTC - Form 1/Input BRN Number'

2018-12-06 22:17:10 - [MESSAGE][PASSED] - Text 'AUTOMATE001' is set on object 'Object Repository/Final Object Repo/New Registration - Registration Module Pages/New Reg - OTC to RO/Special Case - OTC - Form 1/Input BRN Number'

2018-12-06 22:17:10 - [TEST_STEP][PASSED] - delay: Delayed 2 second(s)

2018-12-06 22:17:12 - [MESSAGE][PASSED] - Delayed 2 second(s)

2018-12-06 22:17:12 - [TEST_STEP][PASSED] - click: Object: 'Object Repository/Final Object Repo/New Registration - Registration Module Pages/New Reg - OTC to RO/Special Case - OTC - Form 1/BRN Search' is clicked on

2018-12-06 22:17:12 - [MESSAGE][PASSED] - Object: 'Object Repository/Final Object Repo/New Registration - Registration Module Pages/New Reg - OTC to RO/Special Case - OTC - Form 1/BRN Search' is clicked on

2018-12-06 22:17:12 - [TEST_STEP][PASSED] - delay: Delayed 4 second(s)

2018-12-06 22:17:16 - [MESSAGE][PASSED] - Delayed 4 second(s)

2018-12-06 22:17:16 - [TEST_STEP][PASSED] - click: Object: 'Object Repository/Final Object Repo/New Registration - Registration Module Pages/New Reg - OTC to RO/Special Case - OTC - Form 1/Registered with SSM - After Feb 2017' is clicked on

2018-12-06 22:17:16 - [MESSAGE][PASSED] - Object: 'Object Repository/Final Object Repo/New Registration - Registration Module Pages/New Reg - OTC to RO/Special Case - OTC - Form 1/Registered with SSM - After Feb 2017' is clicked on

2018-12-06 22:17:16 - [TEST_STEP][PASSED] - delay: Delayed 2 second(s)

2018-12-06 22:17:18 - [MESSAGE][PASSED] - Delayed 2 second(s)

2018-12-06 22:17:18 - [TEST_STEP][PASSED] - click: Object: 'Object Repository/Final Object Repo/New Registration - Registration Module Pages/New Reg - OTC to RO/Special Case - OTC - Form 1/Registering As A Branch - No' is clicked on

2018-12-06 22:17:19 - [MESSAGE][PASSED] - Object: 'Object Repository/Final Object Repo/New Registration - Registration Module Pages/New Reg - OTC to RO/Special Case - OTC - Form 1/Registering As A Branch - No' is clicked on

2018-12-06 22:17:19 - [TEST_STEP][PASSED] - click: Object: 'Object Repository/Final Object Repo/New Registration - Registration Module Pages/New Reg - OTC to RO/Special Case - OTC - Form 1/Acknowledgement Ticked' is clicked on

2018-12-06 22:17:19 - [MESSAGE][PASSED] - Object: 'Object Repository/Final Object Repo/New Registration - Registration Module Pages/New Reg - OTC to RO/Special Case - OTC - Form 1/Acknowledgement Ticked' is clicked on

2018-12-06 22:17:19 - [TEST_STEP][PASSED] - click: Object: 'Object Repository/Final Object Repo/New Registration - Registration Module Pages/New Reg - OTC to RO/Special Case - OTC - Form 1/Submit Button' is clicked on

2018-12-06 22:17:19 - [MESSAGE][PASSED] - Object: 'Object Repository/Final Object Repo/New Registration - Registration Module Pages/New Reg - OTC to RO/Special Case - OTC - Form 1/Submit Button' is clicked on

2018-12-06 22:17:19 - [TEST_STEP][PASSED] - delay: Delayed 2 second(s)

2018-12-06 22:17:21 - [MESSAGE][PASSED] - Delayed 2 second(s)

2018-12-06 22:17:21 - [TEST_STEP][PASSED] - click: Object: 'Object Repository/Final Object Repo/New Registration - Registration Module Pages/New Reg - OTC to RO/Special Case - OTC - Form 1/Confirm No Flagging as Branch' is clicked on

2018-12-06 22:17:21 - [MESSAGE][PASSED] - Object: 'Object Repository/Final Object Repo/New Registration - Registration Module Pages/New Reg - OTC to RO/Special Case - OTC - Form 1/Confirm No Flagging as Branch' is clicked on

2018-12-06 22:17:21 - [MESSAGE][PASSED] - Call Test Case 'Test Cases/Final Aug 2018 - PKS Automation/Registration Module/Workflow/New Registration/Template/Special Case - OTC - Form 1' successfully

2018-12-06 22:17:21 - [TEST_STEP][PASSED] - callTestCase: Call Test Case 'Test Cases/Final Aug 2018 - PKS Automation/Registration Module/New Registration/Form 2/Add 1 Eligible - Incomplete' successfully

2018-12-06 22:17:21 - [TEST_CASE][PASSED] - Test Cases/Final Aug 2018 - PKS Automation/Registration Module/New Registration/Form 2/Add 1 Eligible - Incomplete: Test Cases/Final Aug 2018 - PKS Automation/Registration Module/New Registration/Form 2/Add 1 Eligible - Incomplete

2018-12-06 22:17:21 - [TEST_STEP][PASSED] - delay: Delayed 2 second(s)

2018-12-06 22:17:23 - [MESSAGE][PASSED] - Delayed 2 second(s)

2018-12-06 22:17:23 - [TEST_STEP][PASSED] - callTestCase: Call Test Case 'Test Cases/Final Aug 2018 - PKS Automation/Registration Module/New Registration/Form 2/Date Updater' successfully

2018-12-06 22:17:23 - [TEST_CASE][PASSED] - Test Cases/Final Aug 2018 - PKS Automation/Registration Module/New Registration/Form 2/Date Updater: Test Cases/Final Aug 2018 - PKS Automation/Registration Module/New Registration/Form 2/Date Updater

2018-12-06 22:17:23 - [TEST_STEP][PASSED] - Statement - TodayDate = new java.util.Date(): null

2018-12-06 22:17:23 - [TEST_STEP][PASSED] - Statement - CurrentDateNoFilter = new java.text.SimpleDateFormat(): null

2018-12-06 22:17:23 - [TEST_STEP][PASSED] - Statement - CurrentDateNoFilter.applyPattern("MM"): null

2018-12-06 22:17:23 - [TEST_STEP][PASSED] - Statement - monthContainerMatcher = java.lang.Integer.parseInt(CurrentDateNoFilter.format(TodayDate)): null

2018-12-06 22:17:23 - [TEST_STEP][PASSED] - Statement - monthContainerMatcher = monthContainerMatcher - 1: null

2018-12-06 22:17:23 - [TEST_STEP][PASSED] - Statement - CurrentMonth = monthContainerMatcher.toString(): null

2018-12-06 22:17:23 - [TEST_STEP][PASSED] - Statement - CurrentMonth = CurrentMonth: null

2018-12-06 22:17:23 - [TEST_STEP][PASSED] - Statement - CurrentDateNoFilter.applyPattern("yyyy"): null

2018-12-06 22:17:23 - [TEST_STEP][PASSED] - Statement - CurrentYear = CurrentDateNoFilter.format(TodayDate): null

2018-12-06 22:17:23 - [TEST_STEP][PASSED] - Statement - CurrentYear = CurrentYear: null

2018-12-06 22:17:23 - [TEST_STEP][PASSED] - Statement - intCurrentYear = java.lang.Integer.parseInt(CurrentDateNoFilter.format(TodayDate)): null

2018-12-06 22:17:23 - [TEST_STEP][PASSED] - Statement - eighteenYrsAgo = intCurrentYear - 18: null

2018-12-06 22:17:23 - [TEST_STEP][PASSED] - Statement - eighteenYrsBeforeThisYr = eighteenYrsAgo.toString(): null

2018-12-06 22:17:23 - [TEST_STEP][PASSED] - Statement - EighteenYrsBefore = eighteenYrsBeforeThisYr: null

2018-12-06 22:17:23 - [TEST_STEP][PASSED] - Statement - fiftysevenYrsAgo = intCurrentYear - 57: null

2018-12-06 22:17:23 - [TEST_STEP][PASSED] - Statement - fiftysevenYrsBeforeThisYr = fiftysevenYrsAgo.toString(): null

2018-12-06 22:17:23 - [TEST_STEP][PASSED] - Statement - FiftysevenYrsBefore = fiftysevenYrsBeforeThisYr: null

2018-12-06 22:17:23 - [TEST_STEP][PASSED] - Statement - leapYear = false: null

2018-12-06 22:17:23 - [TEST_STEP][PASSED] - Statement - leapYear = intCurrentYear % 4 == 0: null

2018-12-06 22:17:23 - [TEST_STEP][PASSED] - Statement - CurrentDateNoFilter.applyPattern("dd"): null

2018-12-06 22:17:23 - [TEST_STEP][PASSED] - Statement - CurrentDate = CurrentDateNoFilter.format(TodayDate): null

2018-12-06 22:17:23 - [TEST_STEP][PASSED] - Statement - CurrentDate = java.lang.Integer.parseInt(CurrentDate): null

2018-12-06 22:17:23 - [TEST_STEP][PASSED] - Statement - CurrentDate = CurrentDate: null

2018-12-06 22:17:23 - [TEST_STEP][PASSED] - Statement - CurrentDay = java.lang.Integer.parseInt(CurrentDate): null

2018-12-06 22:17:23 - [TEST_STEP][PASSED] - Statement - ConfAdder = <not implemented yet for class: org.codehaus.groovy.ast.expr.EmptyExpression>: null

2018-12-06 22:17:23 - [TEST_STEP][PASSED] - Statement - out.println(CurrentMonth): null

2018-12-06 22:17:23 - [TEST_STEP][PASSED] - Statement - out.println(CurrentDate): null

2018-12-06 22:17:23 - [TEST_STEP][PASSED] - Statement - switch (CurrentDate): null

2018-12-06 22:17:23 - [TEST_STEP][PASSED] - Statement - Default: null

2018-12-06 22:17:23 - [TEST_STEP][PASSED] - Statement - ConfAdder = true: null

2018-12-06 22:17:23 - [TEST_STEP][PASSED] - Statement - Break: null

2018-12-06 22:17:23 - [TEST_STEP][PASSED] - Statement - aDayBefore = <not implemented yet for class: org.codehaus.groovy.ast.expr.EmptyExpression>: null

2018-12-06 22:17:23 - [TEST_STEP][PASSED] - Statement - out.println(ConfAdder): null

2018-12-06 22:17:23 - [TEST_STEP][PASSED] - Statement - If (ConfAdder == true): null

2018-12-06 22:17:23 - [TEST_STEP][PASSED] - Statement - aDayBefore = CurrentDay + 1: null

2018-12-06 22:17:23 - [TEST_STEP][PASSED] - Statement - out.println(aDayBefore): null

2018-12-06 22:17:23 - [TEST_STEP][PASSED] - Statement - If (aDayBefore == 1 && CurrentMonth == 11): null

2018-12-06 22:17:23 - [TEST_STEP][PASSED] - Statement - DayBefore = aDayBefore.toString(): null

2018-12-06 22:17:23 - [TEST_STEP][PASSED] - Statement - OneDayBefore = DayBefore: null

2018-12-06 22:17:23 - [MESSAGE][PASSED] - Call Test Case 'Test Cases/Final Aug 2018 - PKS Automation/Registration Module/New Registration/Form 2/Date Updater' successfully

2018-12-06 22:17:23 - [TEST_STEP][PASSED] - Statement - CaseReferenceNo = com.kms.katalon.core.webui.keyword.WebUiBuiltInKeywords.getText(com.kms.katalon.core.testobject.ObjectRepository.findTestObject(Final Object Repo/New Registration - Registration Module Pages/Form 2/RefNo Acquiring)): Text of object 'Object Repository/Final Object Repo/New Registration - Registration Module Pages/Form 2/RefNo Acquiring' is: 'CRN12201800123065'

2018-12-06 22:17:23 - [MESSAGE][PASSED] - Text of object 'Object Repository/Final Object Repo/New Registration - Registration Module Pages/Form 2/RefNo Acquiring' is: 'CRN12201800123065'

2018-12-06 22:17:23 - [TEST_STEP][PASSED] - delay: Delayed 4 second(s)

2018-12-06 22:17:27 - [MESSAGE][PASSED] - Delayed 4 second(s)

2018-12-06 22:17:27 - [TEST_STEP][PASSED] - click: Object: 'Object Repository/Final Object Repo/New Registration - Registration Module Pages/Form 2/Add Employee Button' is clicked on

2018-12-06 22:17:27 - [MESSAGE][PASSED] - Object: 'Object Repository/Final Object Repo/New Registration - Registration Module Pages/Form 2/Add Employee Button' is clicked on

2018-12-06 22:17:27 - [TEST_STEP][PASSED] - delay: Delayed 1 second(s)

2018-12-06 22:17:28 - [MESSAGE][PASSED] - Delayed 1 second(s)

2018-12-06 22:17:28 - [TEST_STEP][PASSED] - setText: Text '010903091984' is set on object 'Object Repository/Final Object Repo/New Registration - Registration Module Pages/Form 2/NRIC Input'

2018-12-06 22:17:29 - [MESSAGE][PASSED] - Text '010903091984' is set on object 'Object Repository/Final Object Repo/New Registration - Registration Module Pages/Form 2/NRIC Input'

2018-12-06 22:17:29 - [TEST_STEP][PASSED] - click: Object: 'Object Repository/Final Object Repo/New Registration - Registration Module Pages/Form 2/button for search for IC' is clicked on

2018-12-06 22:17:29 - [MESSAGE][PASSED] - Object: 'Object Repository/Final Object Repo/New Registration - Registration Module Pages/Form 2/button for search for IC' is clicked on

2018-12-06 22:17:29 - [TEST_STEP][PASSED] - delay: Delayed 2 second(s)

2018-12-06 22:17:31 - [MESSAGE][PASSED] - Delayed 2 second(s)

2018-12-06 22:17:31 - [TEST_STEP][PASSED] - setText: Text 'Automate001 eligible 1' is set on object 'Object Repository/Final Object Repo/New Registration - Registration Module Pages/Form 2/Employee Name Input'

2018-12-06 22:17:31 - [MESSAGE][PASSED] - Text 'Automate001 eligible 1' is set on object 'Object Repository/Final Object Repo/New Registration - Registration Module Pages/Form 2/Employee Name Input'

2018-12-06 22:17:31 - [TEST_STEP][PASSED] - delay: Delayed 2 second(s)

2018-12-06 22:17:33 - [MESSAGE][PASSED] - Delayed 2 second(s)

2018-12-06 22:17:33 - [TEST_STEP][PASSED] - click: Object: 'Object Repository/Final Object Repo/New Registration - Registration Module Pages/Form 2/DatePicker Pop Up' is clicked on

2018-12-06 22:17:34 - [MESSAGE][PASSED] - Object: 'Object Repository/Final Object Repo/New Registration - Registration Module Pages/Form 2/DatePicker Pop Up' is clicked on

2018-12-06 22:17:34 - [TEST_STEP][PASSED] - click: Object: 'Object Repository/Final Object Repo/New Registration - Registration Module Pages/Form 2/DOB Month' is clicked on

2018-12-06 22:17:34 - [MESSAGE][PASSED] - Object: 'Object Repository/Final Object Repo/New Registration - Registration Module Pages/Form 2/DOB Month' is clicked on

2018-12-06 22:17:34 - [TEST_STEP][PASSED] - Statement - CurrentMonth = CurrentMonth: null

2018-12-06 22:17:34 - [TEST_STEP][PASSED] - Statement - selectMonth = new com.kms.katalon.core.testobject.TestObject(): null

2018-12-06 22:17:34 - [TEST_STEP][PASSED] - Statement - selectMonth.addProperty("xpath", EQUALS, "//body/div/div/div/select/option[@value='" + CurrentMonth + "']", true): null

2018-12-06 22:17:34 - [TEST_STEP][PASSED] - click: Object: '' is clicked on

2018-12-06 22:17:34 - [MESSAGE][PASSED] - Object: '' is clicked on

2018-12-06 22:17:34 - [TEST_STEP][PASSED] - click: Object: 'Object Repository/Final Object Repo/New Registration - Registration Module Pages/Form 2/DOB Year' is clicked on

2018-12-06 22:17:34 - [MESSAGE][PASSED] - Object: 'Object Repository/Final Object Repo/New Registration - Registration Module Pages/Form 2/DOB Year' is clicked on

2018-12-06 22:17:34 - [TEST_STEP][PASSED] - Statement - Eyearsbf = EighteenYrsBefore: null

2018-12-06 22:17:34 - [TEST_STEP][PASSED] - Statement - selectYear = new com.kms.katalon.core.testobject.TestObject(): null

2018-12-06 22:17:34 - [TEST_STEP][PASSED] - Statement - selectYear.addProperty("xpath", EQUALS, "//div/div/div/select/option[@value='" + Eyearsbf + "']", true): null

2018-12-06 22:17:34 - [TEST_STEP][PASSED] - click: Object: '' is clicked on

2018-12-06 22:17:34 - [MESSAGE][PASSED] - Object: '' is clicked on

2018-12-06 22:17:34 - [TEST_STEP][PASSED] - Statement - UpdatedSelectDate = com.kms.katalon.core.webui.keyword.WebUiBuiltInKeywords.modifyObjectProperty(com.kms.katalon.core.testobject.ObjectRepository.findTestObject(Final Object Repo/New Registration - Registration Module Pages/Form 2/DOB Date), "xpath", "equals", "//body/div/table/tbody/tr/td/a[text()="" + CurrentDate + ""]", true): Modify property of object successfully

2018-12-06 22:17:34 - [MESSAGE][PASSED] - Modify property of object successfully

2018-12-06 22:17:34 - [TEST_STEP][PASSED] - delay: Delayed 3 second(s)

2018-12-06 22:17:37 - [MESSAGE][PASSED] - Delayed 3 second(s)

2018-12-06 22:17:37 - [TEST_STEP][PASSED] - click: Object: 'Object Repository/Final Object Repo/New Registration - Registration Module Pages/Form 2/DOB Date' is clicked on

2018-12-06 22:17:37 - [MESSAGE][PASSED] - Object: 'Object Repository/Final Object Repo/New Registration - Registration Module Pages/Form 2/DOB Date' is clicked on

2018-12-06 22:17:37 - [TEST_STEP][PASSED] - delay: Delayed 2 second(s)

2018-12-06 22:17:39 - [MESSAGE][PASSED] - Delayed 2 second(s)

2018-12-06 22:17:39 - [TEST_STEP][PASSED] - click: Object: 'Object Repository/Final Object Repo/New Registration - Registration Module Pages/Form 2/EmploymentStartDate Pop Up' is clicked on

2018-12-06 22:17:40 - [MESSAGE][PASSED] - Object: 'Object Repository/Final Object Repo/New Registration - Registration Module Pages/Form 2/EmploymentStartDate Pop Up' is clicked on

2018-12-06 22:17:40 - [TEST_STEP][PASSED] - delay: Delayed 2 second(s)

2018-12-06 22:17:42 - [MESSAGE][PASSED] - Delayed 2 second(s)

2018-12-06 22:17:42 - [TEST_STEP][PASSED] - click: Object: 'Object Repository/Final Object Repo/New Registration - Registration Module Pages/Form 2/Socso Employment StartDate Month' is clicked on

2018-12-06 22:17:42 - [MESSAGE][PASSED] - Object: 'Object Repository/Final Object Repo/New Registration - Registration Module Pages/Form 2/Socso Employment StartDate Month' is clicked on

2018-12-06 22:17:42 - [TEST_STEP][PASSED] - delay: Delayed 1 second(s)

2018-12-06 22:17:43 - [MESSAGE][PASSED] - Delayed 1 second(s)

2018-12-06 22:17:43 - [TEST_STEP][PASSED] - click: Object: 'Object Repository/Final Object Repo/New Registration - Registration Module Pages/Form 2/Select Socso Employement Startdate Month' is clicked on

2018-12-06 22:17:43 - [MESSAGE][PASSED] - Object: 'Object Repository/Final Object Repo/New Registration - Registration Module Pages/Form 2/Select Socso Employement Startdate Month' is clicked on

2018-12-06 22:17:43 - [TEST_STEP][PASSED] - delay: Delayed 2 second(s)

2018-12-06 22:17:45 - [MESSAGE][PASSED] - Delayed 2 second(s)

2018-12-06 22:17:45 - [TEST_STEP][PASSED] - click: Object: 'Object Repository/Final Object Repo/New Registration - Registration Module Pages/Form 2/Socso Employment StartDate Year' is clicked on

2018-12-06 22:17:45 - [MESSAGE][PASSED] - Object: 'Object Repository/Final Object Repo/New Registration - Registration Module Pages/Form 2/Socso Employment StartDate Year' is clicked on

2018-12-06 22:17:45 - [TEST_STEP][PASSED] - delay: Delayed 1 second(s)

2018-12-06 22:17:46 - [MESSAGE][PASSED] - Delayed 1 second(s)

2018-12-06 22:17:46 - [TEST_STEP][PASSED] - click: Object: 'Object Repository/Final Object Repo/New Registration - Registration Module Pages/Form 2/Select Socso Employment Startdate Year' is clicked on

2018-12-06 22:17:46 - [MESSAGE][PASSED] - Object: 'Object Repository/Final Object Repo/New Registration - Registration Module Pages/Form 2/Select Socso Employment Startdate Year' is clicked on

2018-12-06 22:17:46 - [TEST_STEP][PASSED] - delay: Delayed 2 second(s)

2018-12-06 22:17:48 - [MESSAGE][PASSED] - Delayed 2 second(s)

2018-12-06 22:17:48 - [TEST_STEP][PASSED] - click: Object: 'Object Repository/Final Object Repo/New Registration - Registration Module Pages/Form 2/Socso Employment Start Date Day' is clicked on

2018-12-06 22:17:48 - [MESSAGE][PASSED] - Object: 'Object Repository/Final Object Repo/New Registration - Registration Module Pages/Form 2/Socso Employment Start Date Day' is clicked on

2018-12-06 22:17:48 - [TEST_STEP][PASSED] - delay: Delayed 2 second(s)

2018-12-06 22:17:50 - [MESSAGE][PASSED] - Delayed 2 second(s)

2018-12-06 22:17:50 - [TEST_STEP][PASSED] - click: Object: 'Object Repository/Final Object Repo/New Registration - Registration Module Pages/Form 2/Save Button for Add Employee' is clicked on

2018-12-06 22:17:51 - [MESSAGE][PASSED] - Object: 'Object Repository/Final Object Repo/New Registration - Registration Module Pages/Form 2/Save Button for Add Employee' is clicked on

2018-12-06 22:17:51 - [TEST_STEP][PASSED] - delay: Delayed 6 second(s)

2018-12-06 22:17:57 - [MESSAGE][PASSED] - Delayed 6 second(s)

2018-12-06 22:17:57 - [TEST_STEP][PASSED] - click: Object: 'Object Repository/Final Object Repo/New Registration - Registration Module Pages/Form 2/Incomplete Checkbox' is clicked on

2018-12-06 22:17:57 - [MESSAGE][PASSED] - Object: 'Object Repository/Final Object Repo/New Registration - Registration Module Pages/Form 2/Incomplete Checkbox' is clicked on

2018-12-06 22:17:57 - [TEST_STEP][PASSED] - delay: Delayed 2 second(s)

2018-12-06 22:17:59 - [MESSAGE][PASSED] - Delayed 2 second(s)

2018-12-06 22:17:59 - [TEST_STEP][PASSED] - click: Object: 'Object Repository/Final Object Repo/New Registration - Registration Module Pages/Form 2/Save and Continue Form 2' is clicked on

2018-12-06 22:17:59 - [MESSAGE][PASSED] - Object: 'Object Repository/Final Object Repo/New Registration - Registration Module Pages/Form 2/Save and Continue Form 2' is clicked on

2018-12-06 22:17:59 - [MESSAGE][PASSED] - Call Test Case 'Test Cases/Final Aug 2018 - PKS Automation/Registration Module/New Registration/Form 2/Add 1 Eligible - Incomplete' successfully

2018-12-06 22:17:59 - [TEST_STEP][PASSED] - callTestCase: Call Test Case 'Test Cases/Final Aug 2018 - PKS Automation/Registration Module/New Registration/Flow of New Registration/Third Screen - Upload Supporting Doc - Preview' successfully

2018-12-06 22:17:59 - [TEST_CASE][PASSED] - Test Cases/Final Aug 2018 - PKS Automation/Registration Module/New Registration/Flow of New Registration/Third Screen - Upload Supporting Doc - Preview: Test Cases/Final Aug 2018 - PKS Automation/Registration Module/New Registration/Flow of New Registration/Third Screen - Upload Supporting Doc - Preview

2018-12-06 22:17:59 - [TEST_STEP][PASSED] - waitForPageLoad: Wait for page load successfully

2018-12-06 22:18:00 - [MESSAGE][PASSED] - Wait for page load successfully

2018-12-06 22:18:00 - [TEST_STEP][PASSED] - Statement - CaseReferenceNo = com.kms.katalon.core.webui.keyword.WebUiBuiltInKeywords.getText(com.kms.katalon.core.testobject.ObjectRepository.findTestObject(Final Object Repo/New Registration - Registration Module Pages/Third Screen - Upload Supporting Doc- Preview/RefNo Acquiring)): Text of object 'Object Repository/Final Object Repo/New Registration - Registration Module Pages/Third Screen - Upload Supporting Doc- Preview/RefNo Acquiring' is: 'CRN12201800123065'

2018-12-06 22:18:00 - [MESSAGE][PASSED] - Text of object 'Object Repository/Final Object Repo/New Registration - Registration Module Pages/Third Screen - Upload Supporting Doc- Preview/RefNo Acquiring' is: 'CRN12201800123065'

2018-12-06 22:18:00 - [TEST_STEP][PASSED] - delay: Delayed 2 second(s)

2018-12-06 22:18:02 - [MESSAGE][PASSED] - Delayed 2 second(s)

2018-12-06 22:18:02 - [TEST_STEP][PASSED] - callTestCase: Call Test Case 'Test Cases/Final Aug 2018 - PKS Automation/Common/Reference Number Setter' successfully

2018-12-06 22:18:02 - [TEST_CASE][PASSED] - Test Cases/Final Aug 2018 - PKS Automation/Common/Reference Number Setter: Test Cases/Final Aug 2018 - PKS Automation/Common/Reference Number Setter

2018-12-06 22:18:02 - [TEST_STEP][PASSED] - Statement - RefNoOldFile = new java.io.File(C://Users//Admin//Desktop//PKS//Automation Reference Point//KatalonReference.txt): null

2018-12-06 22:18:02 - [TEST_STEP][PASSED] - Statement - RefNoOldFile.delete(): null

2018-12-06 22:18:02 - [TEST_STEP][PASSED] - delay: Delayed 5 second(s)

2018-12-06 22:18:07 - [MESSAGE][PASSED] - Delayed 5 second(s)

2018-12-06 22:18:07 - [TEST_STEP][PASSED] - Statement - RefNo = new java.io.File(C://Users//Admin//Desktop//PKS//Automation Reference Point//KatalonReference.txt): null

2018-12-06 22:18:07 - [TEST_STEP][PASSED] - Statement - f2 = new java.io.FileWriter(RefNo, false): null

2018-12-06 22:18:07 - [TEST_STEP][PASSED] - Statement - f2.write(CaseReferenceNo): null

2018-12-06 22:18:07 - [TEST_STEP][PASSED] - Statement - f2.close(): null

2018-12-06 22:18:07 - [TEST_STEP][PASSED] - Statement - out.println("


" + CaseReferenceNo + "


"): null

2018-12-06 22:18:07 - [MESSAGE][PASSED] - Call Test Case 'Test Cases/Final Aug 2018 - PKS Automation/Common/Reference Number Setter' successfully

2018-12-06 22:18:07 - [TEST_STEP][PASSED] - waitForElementClickable: Object 'Object Repository/Final Object Repo/New Registration - Registration Module Pages/Third Screen - Upload Supporting Doc- Preview/Save n Continue in SIP Employee Listing Page' is clickable

2018-12-06 22:18:07 - [MESSAGE][PASSED] - Object 'Object Repository/Final Object Repo/New Registration - Registration Module Pages/Third Screen - Upload Supporting Doc- Preview/Save n Continue in SIP Employee Listing Page' is clickable

2018-12-06 22:18:07 - [TEST_STEP][PASSED] - click: Object: 'Object Repository/Final Object Repo/New Registration - Registration Module Pages/Third Screen - Upload Supporting Doc- Preview/Save n Continue in SIP Employee Listing Page' is clicked on

2018-12-06 22:18:12 - [MESSAGE][PASSED] - Object: 'Object Repository/Final Object Repo/New Registration - Registration Module Pages/Third Screen - Upload Supporting Doc- Preview/Save n Continue in SIP Employee Listing Page' is clicked on

2018-12-06 22:18:12 - [TEST_STEP][PASSED] - delay: Delayed 7 second(s)

2018-12-06 22:18:19 - [MESSAGE][PASSED] - Delayed 7 second(s)

2018-12-06 22:18:19 - [TEST_STEP][PASSED] - click: Object: 'Object Repository/Final Object Repo/New Registration - Registration Module Pages/Third Screen - Upload Supporting Doc- Preview/Add Document Button' is clicked on

2018-12-06 22:18:20 - [MESSAGE][PASSED] - Object: 'Object Repository/Final Object Repo/New Registration - Registration Module Pages/Third Screen - Upload Supporting Doc- Preview/Add Document Button' is clicked on

2018-12-06 22:18:20 - [TEST_STEP][PASSED] - delay: Delayed 30 second(s)

2018-12-06 22:18:50 - [MESSAGE][PASSED] - Delayed 30 second(s)

2018-12-06 22:18:50 - [TEST_STEP][PASSED] - click: Object: 'Object Repository/Final Object Repo/New Registration - Registration Module Pages/Third Screen - Upload Supporting Doc- Preview/Supporting Doc Please Select Drop Down' is clicked on

2018-12-06 22:18:50 - [MESSAGE][PASSED] - Object: 'Object Repository/Final Object Repo/New Registration - Registration Module Pages/Third Screen - Upload Supporting Doc- Preview/Supporting Doc Please Select Drop Down' is clicked on

2018-12-06 22:18:50 - [TEST_STEP][PASSED] - delay: Delayed 2 second(s)

2018-12-06 22:18:52 - [MESSAGE][PASSED] - Delayed 2 second(s)

2018-12-06 22:18:52 - [TEST_STEP][PASSED] - click: Object: 'Object Repository/Final Object Repo/New Registration - Registration Module Pages/Third Screen - Upload Supporting Doc- Preview/Select to Upload Form 1' is clicked on

2018-12-06 22:18:52 - [MESSAGE][PASSED] - Object: 'Object Repository/Final Object Repo/New Registration - Registration Module Pages/Third Screen - Upload Supporting Doc- Preview/Select to Upload Form 1' is clicked on

2018-12-06 22:18:52 - [TEST_STEP][PASSED] - delay: Delayed 2 second(s)

2018-12-06 22:18:54 - [MESSAGE][PASSED] - Delayed 2 second(s)

2018-12-06 22:18:54 - [TEST_STEP][PASSED] - uploadFile: File 'C:\Users\Public\Pictures\Sample Pictures\Koala.jpg' sent to object: 'Object Repository/Final Object Repo/New Registration - Registration Module Pages/Third Screen - Upload Supporting Doc- Preview/Upload File Adding'

2018-12-06 22:18:54 - [MESSAGE][PASSED] - File 'C:\Users\Public\Pictures\Sample Pictures\Koala.jpg' sent to object: 'Object Repository/Final Object Repo/New Registration - Registration Module Pages/Third Screen - Upload Supporting Doc- Preview/Upload File Adding'

2018-12-06 22:18:54 - [TEST_STEP][PASSED] - delay: Delayed 5 second(s)

2018-12-06 22:18:59 - [MESSAGE][PASSED] - Delayed 5 second(s)

2018-12-06 22:18:59 - [TEST_STEP][PASSED] - click: Object: 'Object Repository/Final Object Repo/New Registration - Registration Module Pages/Third Screen - Upload Supporting Doc- Preview/Inner Form Add Document Button' is clicked on

2018-12-06 22:18:59 - [MESSAGE][PASSED] - Object: 'Object Repository/Final Object Repo/New Registration - Registration Module Pages/Third Screen - Upload Supporting Doc- Preview/Inner Form Add Document Button' is clicked on

2018-12-06 22:18:59 - [TEST_STEP][PASSED] - delay: Delayed 3 second(s)

2018-12-06 22:19:02 - [MESSAGE][PASSED] - Delayed 3 second(s)

2018-12-06 22:19:02 - [TEST_STEP][PASSED] - click: Object: 'Object Repository/Final Object Repo/New Registration - Registration Module Pages/Third Screen - Upload Supporting Doc- Preview/Add Document Button' is clicked on

2018-12-06 22:19:03 - [MESSAGE][PASSED] - Object: 'Object Repository/Final Object Repo/New Registration - Registration Module Pages/Third Screen - Upload Supporting Doc- Preview/Add Document Button' is clicked on

2018-12-06 22:19:03 - [TEST_STEP][PASSED] - delay: Delayed 30 second(s)

2018-12-06 22:19:33 - [MESSAGE][PASSED] - Delayed 30 second(s)

2018-12-06 22:19:33 - [TEST_STEP][PASSED] - click: Object: 'Object Repository/Final Object Repo/New Registration - Registration Module Pages/Third Screen - Upload Supporting Doc- Preview/Supporting Doc Please Select Drop Down' is clicked on

2018-12-06 22:19:34 - [MESSAGE][PASSED] - Object: 'Object Repository/Final Object Repo/New Registration - Registration Module Pages/Third Screen - Upload Supporting Doc- Preview/Supporting Doc Please Select Drop Down' is clicked on

2018-12-06 22:19:34 - [TEST_STEP][PASSED] - delay: Delayed 2 second(s)

2018-12-06 22:19:36 - [MESSAGE][PASSED] - Delayed 2 second(s)

2018-12-06 22:19:36 - [TEST_STEP][PASSED] - click: Object: 'Object Repository/Final Object Repo/New Registration - Registration Module Pages/Third Screen - Upload Supporting Doc- Preview/Select to Upload Form 2' is clicked on

2018-12-06 22:19:36 - [MESSAGE][PASSED] - Object: 'Object Repository/Final Object Repo/New Registration - Registration Module Pages/Third Screen - Upload Supporting Doc- Preview/Select to Upload Form 2' is clicked on

2018-12-06 22:19:36 - [TEST_STEP][PASSED] - delay: Delayed 2 second(s)

2018-12-06 22:19:38 - [MESSAGE][PASSED] - Delayed 2 second(s)

2018-12-06 22:19:38 - [TEST_STEP][PASSED] - uploadFile: File 'C:\Users\Public\Pictures\Sample Pictures\Koala.jpg' sent to object: 'Object Repository/Final Object Repo/New Registration - Registration Module Pages/Third Screen - Upload Supporting Doc- Preview/Upload File Adding'

2018-12-06 22:19:38 - [MESSAGE][PASSED] - File 'C:\Users\Public\Pictures\Sample Pictures\Koala.jpg' sent to object: 'Object Repository/Final Object Repo/New Registration - Registration Module Pages/Third Screen - Upload Supporting Doc- Preview/Upload File Adding'

2018-12-06 22:19:38 - [TEST_STEP][PASSED] - click: Object: 'Object Repository/Final Object Repo/New Registration - Registration Module Pages/Third Screen - Upload Supporting Doc- Preview/Inner Form Add Document Button' is clicked on

2018-12-06 22:19:38 - [MESSAGE][PASSED] - Object: 'Object Repository/Final Object Repo/New Registration - Registration Module Pages/Third Screen - Upload Supporting Doc- Preview/Inner Form Add Document Button' is clicked on

2018-12-06 22:19:38 - [TEST_STEP][PASSED] - delay: Delayed 5 second(s)

2018-12-06 22:19:43 - [MESSAGE][PASSED] - Delayed 5 second(s)

2018-12-06 22:19:43 - [TEST_STEP][PASSED] - click: Object: 'Object Repository/Final Object Repo/New Registration - Registration Module Pages/Third Screen - Upload Supporting Doc- Preview/Add Document Button' is clicked on

2018-12-06 22:19:43 - [MESSAGE][PASSED] - Object: 'Object Repository/Final Object Repo/New Registration - Registration Module Pages/Third Screen - Upload Supporting Doc- Preview/Add Document Button' is clicked on

2018-12-06 22:19:43 - [TEST_STEP][PASSED] - delay: Delayed 30 second(s)

2018-12-06 22:20:13 - [MESSAGE][PASSED] - Delayed 30 second(s)

2018-12-06 22:20:13 - [TEST_STEP][PASSED] - click: Object: 'Object Repository/Final Object Repo/New Registration - Registration Module Pages/Third Screen - Upload Supporting Doc- Preview/Supporting Doc Please Select Drop Down' is clicked on

2018-12-06 22:20:14 - [MESSAGE][PASSED] - Object: 'Object Repository/Final Object Repo/New Registration - Registration Module Pages/Third Screen - Upload Supporting Doc- Preview/Supporting Doc Please Select Drop Down' is clicked on

2018-12-06 22:20:14 - [TEST_STEP][PASSED] - click: Object: 'Object Repository/Final Object Repo/New Registration - Registration Module Pages/Third Screen - Upload Supporting Doc- Preview/Select to Upload Borang SIP 1' is clicked on

2018-12-06 22:20:14 - [MESSAGE][PASSED] - Object: 'Object Repository/Final Object Repo/New Registration - Registration Module Pages/Third Screen - Upload Supporting Doc- Preview/Select to Upload Borang SIP 1' is clicked on

2018-12-06 22:20:14 - [TEST_STEP][PASSED] - delay: Delayed 2 second(s)

2018-12-06 22:20:16 - [MESSAGE][PASSED] - Delayed 2 second(s)

2018-12-06 22:20:16 - [TEST_STEP][PASSED] - uploadFile: File 'C:\Users\Public\Pictures\Sample Pictures\Koala.jpg' sent to object: 'Object Repository/Final Object Repo/New Registration - Registration Module Pages/Third Screen - Upload Supporting Doc- Preview/Upload File Adding'

2018-12-06 22:20:16 - [MESSAGE][PASSED] - File 'C:\Users\Public\Pictures\Sample Pictures\Koala.jpg' sent to object: 'Object Repository/Final Object Repo/New Registration - Registration Module Pages/Third Screen - Upload Supporting Doc- Preview/Upload File Adding'

2018-12-06 22:20:16 - [TEST_STEP][PASSED] - click: Object: 'Object Repository/Final Object Repo/New Registration - Registration Module Pages/Third Screen - Upload Supporting Doc- Preview/Inner Form Add Document Button' is clicked on

2018-12-06 22:20:16 - [MESSAGE][PASSED] - Object: 'Object Repository/Final Object Repo/New Registration - Registration Module Pages/Third Screen - Upload Supporting Doc- Preview/Inner Form Add Document Button' is clicked on

2018-12-06 22:20:16 - [TEST_STEP][PASSED] - delay: Delayed 5 second(s)

2018-12-06 22:20:21 - [MESSAGE][PASSED] - Delayed 5 second(s)

2018-12-06 22:20:21 - [TEST_STEP][PASSED] - click: Object: 'Object Repository/Final Object Repo/New Registration - Registration Module Pages/Third Screen - Upload Supporting Doc- Preview/Add Document Button' is clicked on

2018-12-06 22:20:21 - [MESSAGE][PASSED] - Object: 'Object Repository/Final Object Repo/New Registration - Registration Module Pages/Third Screen - Upload Supporting Doc- Preview/Add Document Button' is clicked on

2018-12-06 22:20:21 - [TEST_STEP][PASSED] - delay: Delayed 30 second(s)

2018-12-06 22:20:51 - [MESSAGE][PASSED] - Delayed 30 second(s)

2018-12-06 22:20:51 - [TEST_STEP][PASSED] - click: Object: 'Object Repository/Final Object Repo/New Registration - Registration Module Pages/Third Screen - Upload Supporting Doc- Preview/Supporting Doc Please Select Drop Down' is clicked on

2018-12-06 22:20:51 - [MESSAGE][PASSED] - Object: 'Object Repository/Final Object Repo/New Registration - Registration Module Pages/Third Screen - Upload Supporting Doc- Preview/Supporting Doc Please Select Drop Down' is clicked on

2018-12-06 22:20:51 - [TEST_STEP][PASSED] - delay: Delayed 3 second(s)

2018-12-06 22:20:54 - [MESSAGE][PASSED] - Delayed 3 second(s)

2018-12-06 22:20:54 - [TEST_STEP][PASSED] - click: Object: 'Object Repository/Final Object Repo/New Registration - Registration Module Pages/Third Screen - Upload Supporting Doc- Preview/Select to Upload Borang SIP 2' is clicked on

2018-12-06 22:20:55 - [MESSAGE][PASSED] - Object: 'Object Repository/Final Object Repo/New Registration - Registration Module Pages/Third Screen - Upload Supporting Doc- Preview/Select to Upload Borang SIP 2' is clicked on

2018-12-06 22:20:55 - [TEST_STEP][PASSED] - delay: Delayed 2 second(s)

2018-12-06 22:20:57 - [MESSAGE][PASSED] - Delayed 2 second(s)

2018-12-06 22:20:57 - [TEST_STEP][PASSED] - uploadFile: File 'C:\Users\Public\Pictures\Sample Pictures\Koala.jpg' sent to object: 'Object Repository/Final Object Repo/New Registration - Registration Module Pages/Third Screen - Upload Supporting Doc- Preview/Upload File Adding'

2018-12-06 22:20:57 - [MESSAGE][PASSED] - File 'C:\Users\Public\Pictures\Sample Pictures\Koala.jpg' sent to object: 'Object Repository/Final Object Repo/New Registration - Registration Module Pages/Third Screen - Upload Supporting Doc- Preview/Upload File Adding'

2018-12-06 22:20:57 - [TEST_STEP][PASSED] - delay: Delayed 5 second(s)

2018-12-06 22:21:02 - [MESSAGE][PASSED] - Delayed 5 second(s)

2018-12-06 22:21:02 - [TEST_STEP][PASSED] - click: Object: 'Object Repository/Final Object Repo/New Registration - Registration Module Pages/Third Screen - Upload Supporting Doc- Preview/Inner Form Add Document Button' is clicked on

2018-12-06 22:21:02 - [MESSAGE][PASSED] - Object: 'Object Repository/Final Object Repo/New Registration - Registration Module Pages/Third Screen - Upload Supporting Doc- Preview/Inner Form Add Document Button' is clicked on

2018-12-06 22:21:02 - [TEST_STEP][PASSED] - delay: Delayed 3 second(s)

2018-12-06 22:21:05 - [MESSAGE][PASSED] - Delayed 3 second(s)

2018-12-06 22:21:05 - [TEST_STEP][PASSED] - waitForElementClickable: Object 'Object Repository/Final Object Repo/New Registration - Registration Module Pages/Third Screen - Upload Supporting Doc- Preview/Save n Continue in Uploading Supporting Doc Page' is clickable

2018-12-06 22:21:06 - [MESSAGE][PASSED] - Object 'Object Repository/Final Object Repo/New Registration - Registration Module Pages/Third Screen - Upload Supporting Doc- Preview/Save n Continue in Uploading Supporting Doc Page' is clickable

2018-12-06 22:21:06 - [TEST_STEP][PASSED] - click: Object: 'Object Repository/Final Object Repo/New Registration - Registration Module Pages/Third Screen - Upload Supporting Doc- Preview/Save n Continue in Uploading Supporting Doc Page' is clicked on

2018-12-06 22:21:06 - [MESSAGE][PASSED] - Object: 'Object Repository/Final Object Repo/New Registration - Registration Module Pages/Third Screen - Upload Supporting Doc- Preview/Save n Continue in Uploading Supporting Doc Page' is clicked on

2018-12-06 22:21:06 - [MESSAGE][PASSED] - Call Test Case 'Test Cases/Final Aug 2018 - PKS Automation/Registration Module/New Registration/Flow of New Registration/Third Screen - Upload Supporting Doc - Preview' successfully

2018-12-06 22:21:06 - [TEST_STEP][PASSED] - callTestCase: Call Test Case 'Test Cases/Final Aug 2018 - PKS Automation/Registration Module/New Registration/Submit and Screenshot/Submit Registration and Screenshot' successfully

2018-12-06 22:21:06 - [TEST_CASE][PASSED] - Test Cases/Final Aug 2018 - PKS Automation/Registration Module/New Registration/Submit and Screenshot/Submit Registration and Screenshot: Test Cases/Final Aug 2018 - PKS Automation/Registration Module/New Registration/Submit and Screenshot/Submit Registration and Screenshot

2018-12-06 22:21:06 - [TEST_STEP][PASSED] - delay: Delayed 6 second(s)

2018-12-06 22:21:12 - [MESSAGE][PASSED] - Delayed 6 second(s)

2018-12-06 22:21:12 - [TEST_STEP][PASSED] - click: Object: 'Object Repository/Final Object Repo/New Registration - Registration Module Pages/Third Screen - Upload Supporting Doc- Preview/Preview Submit Button' is clicked on

2018-12-06 22:21:12 - [MESSAGE][PASSED] - Object: 'Object Repository/Final Object Repo/New Registration - Registration Module Pages/Third Screen - Upload Supporting Doc- Preview/Preview Submit Button' is clicked on

2018-12-06 22:21:12 - [TEST_STEP][PASSED] - delay: Delayed 2 second(s)

2018-12-06 22:21:14 - [MESSAGE][PASSED] - Delayed 2 second(s)

2018-12-06 22:21:14 - [TEST_STEP][PASSED] - click: Object: 'Object Repository/Final Object Repo/New Registration - Registration Module Pages/Third Screen - Upload Supporting Doc- Preview/Preview Submit - Confirm' is clicked on

2018-12-06 22:21:14 - [MESSAGE][PASSED] - Object: 'Object Repository/Final Object Repo/New Registration - Registration Module Pages/Third Screen - Upload Supporting Doc- Preview/Preview Submit - Confirm' is clicked on

2018-12-06 22:21:14 - [TEST_STEP][PASSED] - delay: Delayed 15 second(s)

2018-12-06 22:21:29 - [MESSAGE][PASSED] - Delayed 15 second(s)

2018-12-06 22:21:29 - [TEST_STEP][PASSED] - Statement - driver = com.kms.katalon.core.webui.driver.DriverFactory.getWebDriver(): null

2018-12-06 22:21:29 - [TEST_STEP][PASSED] - Statement - driver.manage().timeouts().implicitlyWait(10, SECONDS): null

2018-12-06 22:21:29 - [TEST_STEP][PASSED] - Statement - PresavePath = KatalonScreenshots: null

2018-12-06 22:21:29 - [TEST_STEP][PASSED] - Statement - pathPrefix = "C:\Users\Public\Pictures\Sample Pictures\Katalon Screenshots\Automate Ending Screen": null

2018-12-06 22:21:29 - [TEST_STEP][PASSED] - Statement - finalPath = <not implemented yet for class: org.codehaus.groovy.ast.expr.EmptyExpression>: null

2018-12-06 22:21:29 - [TEST_STEP][PASSED] - Statement - scrFile = driver.getScreenshotAs(FILE): null

2018-12-06 22:21:30 - [TEST_STEP][PASSED] - Statement - PreSaveFile = new java.io.File(PresavePath): null

2018-12-06 22:21:30 - [TEST_STEP][PASSED] - Statement - counter = 0: null

2018-12-06 22:21:30 - [TEST_STEP][PASSED] - Statement - If (PreSaveFile.exists()): null

2018-12-06 22:21:30 - [TEST_STEP][PASSED] - Statement - While (PreSaveFile.exists()): null

2018-12-06 22:21:30 - [TEST_STEP][PASSED] - Statement - counter = counter + 1: null

2018-12-06 22:21:30 - [TEST_STEP][PASSED] - Statement - PreSaveFile = new java.io.File(((pathPrefix + java.lang.Integer.toString(counter)) + .png)): null

2018-12-06 22:21:30 - [TEST_STEP][PASSED] - Statement - counter = counter + 1: null

2018-12-06 22:21:30 - [TEST_STEP][PASSED] - Statement - PreSaveFile = new java.io.File(((pathPrefix + java.lang.Integer.toString(counter)) + .png)): null

2018-12-06 22:21:30 - [TEST_STEP][PASSED] - Statement - counter = counter + 1: null

2018-12-06 22:21:30 - [TEST_STEP][PASSED] - Statement - PreSaveFile = new java.io.File(((pathPrefix + java.lang.Integer.toString(counter)) + .png)): null

2018-12-06 22:21:30 - [TEST_STEP][PASSED] - Statement - counter = counter + 1: null

2018-12-06 22:21:30 - [TEST_STEP][PASSED] - Statement - PreSaveFile = new java.io.File(((pathPrefix + java.lang.Integer.toString(counter)) + .png)): null

2018-12-06 22:21:30 - [TEST_STEP][PASSED] - Statement - counter = counter + 1: null

2018-12-06 22:21:30 - [TEST_STEP][PASSED] - Statement - PreSaveFile = new java.io.File(((pathPrefix + java.lang.Integer.toString(counter)) + .png)): null

2018-12-06 22:21:30 - [TEST_STEP][PASSED] - Statement - counter = counter + 1: null

2018-12-06 22:21:30 - [TEST_STEP][PASSED] - Statement - PreSaveFile = new java.io.File(((pathPrefix + java.lang.Integer.toString(counter)) + .png)): null

2018-12-06 22:21:30 - [TEST_STEP][PASSED] - Statement - counter = counter + 1: null

2018-12-06 22:21:30 - [TEST_STEP][PASSED] - Statement - PreSaveFile = new java.io.File(((pathPrefix + java.lang.Integer.toString(counter)) + .png)): null

2018-12-06 22:21:30 - [TEST_STEP][PASSED] - Statement - counter = counter + 1: null

2018-12-06 22:21:30 - [TEST_STEP][PASSED] - Statement - PreSaveFile = new java.io.File(((pathPrefix + java.lang.Integer.toString(counter)) + .png)): null

2018-12-06 22:21:30 - [TEST_STEP][PASSED] - Statement - counter = counter + 1: null

2018-12-06 22:21:30 - [TEST_STEP][PASSED] - Statement - PreSaveFile = new java.io.File(((pathPrefix + java.lang.Integer.toString(counter)) + .png)): null

2018-12-06 22:21:30 - [TEST_STEP][PASSED] - Statement - counter = counter + 1: null

2018-12-06 22:21:30 - [TEST_STEP][PASSED] - Statement - PreSaveFile = new java.io.File(((pathPrefix + java.lang.Integer.toString(counter)) + .png)): null

2018-12-06 22:21:30 - [TEST_STEP][PASSED] - Statement - counter = counter + 1: null

2018-12-06 22:21:30 - [TEST_STEP][PASSED] - Statement - PreSaveFile = new java.io.File(((pathPrefix + java.lang.Integer.toString(counter)) + .png)): null

2018-12-06 22:21:30 - [TEST_STEP][PASSED] - Statement - counter = counter + 1: null

2018-12-06 22:21:30 - [TEST_STEP][PASSED] - Statement - PreSaveFile = new java.io.File(((pathPrefix + java.lang.Integer.toString(counter)) + .png)): null

2018-12-06 22:21:30 - [TEST_STEP][PASSED] - Statement - counter = counter + 1: null

2018-12-06 22:21:30 - [TEST_STEP][PASSED] - Statement - PreSaveFile = new java.io.File(((pathPrefix + java.lang.Integer.toString(counter)) + .png)): null

2018-12-06 22:21:30 - [TEST_STEP][PASSED] - Statement - counter = counter + 1: null

2018-12-06 22:21:30 - [TEST_STEP][PASSED] - Statement - PreSaveFile = new java.io.File(((pathPrefix + java.lang.Integer.toString(counter)) + .png)): null

2018-12-06 22:21:30 - [TEST_STEP][PASSED] - Statement - counter = counter + 1: null

2018-12-06 22:21:30 - [TEST_STEP][PASSED] - Statement - PreSaveFile = new java.io.File(((pathPrefix + java.lang.Integer.toString(counter)) + .png)): null

2018-12-06 22:21:30 - [TEST_STEP][PASSED] - Statement - counter = counter + 1: null

2018-12-06 22:21:30 - [TEST_STEP][PASSED] - Statement - PreSaveFile = new java.io.File(((pathPrefix + java.lang.Integer.toString(counter)) + .png)): null

2018-12-06 22:21:30 - [TEST_STEP][PASSED] - Statement - counter = counter + 1: null

2018-12-06 22:21:30 - [TEST_STEP][PASSED] - Statement - PreSaveFile = new java.io.File(((pathPrefix + java.lang.Integer.toString(counter)) + .png)): null

2018-12-06 22:21:30 - [TEST_STEP][PASSED] - Statement - counter = counter + 1: null

2018-12-06 22:21:30 - [TEST_STEP][PASSED] - Statement - PreSaveFile = new java.io.File(((pathPrefix + java.lang.Integer.toString(counter)) + .png)): null

2018-12-06 22:21:30 - [TEST_STEP][PASSED] - Statement - counter = counter + 1: null

2018-12-06 22:21:30 - [TEST_STEP][PASSED] - Statement - PreSaveFile = new java.io.File(((pathPrefix + java.lang.Integer.toString(counter)) + .png)): null

2018-12-06 22:21:30 - [TEST_STEP][PASSED] - Statement - counter = counter + 1: null

2018-12-06 22:21:30 - [TEST_STEP][PASSED] - Statement - PreSaveFile = new java.io.File(((pathPrefix + java.lang.Integer.toString(counter)) + .png)): null

2018-12-06 22:21:30 - [TEST_STEP][PASSED] - Statement - counter = counter + 1: null

2018-12-06 22:21:30 - [TEST_STEP][PASSED] - Statement - PreSaveFile = new java.io.File(((pathPrefix + java.lang.Integer.toString(counter)) + .png)): null

2018-12-06 22:21:30 - [TEST_STEP][PASSED] - Statement - counter = counter + 1: null

2018-12-06 22:21:30 - [TEST_STEP][PASSED] - Statement - PreSaveFile = new java.io.File(((pathPrefix + java.lang.Integer.toString(counter)) + .png)): null

2018-12-06 22:21:30 - [TEST_STEP][PASSED] - Statement - counter = counter + 1: null

2018-12-06 22:21:30 - [TEST_STEP][PASSED] - Statement - PreSaveFile = new java.io.File(((pathPrefix + java.lang.Integer.toString(counter)) + .png)): null

2018-12-06 22:21:30 - [TEST_STEP][PASSED] - Statement - counter = counter + 1: null

2018-12-06 22:21:30 - [TEST_STEP][PASSED] - Statement - PreSaveFile = new java.io.File(((pathPrefix + java.lang.Integer.toString(counter)) + .png)): null

2018-12-06 22:21:30 - [TEST_STEP][PASSED] - Statement - counter = counter + 1: null

2018-12-06 22:21:30 - [TEST_STEP][PASSED] - Statement - PreSaveFile = new java.io.File(((pathPrefix + java.lang.Integer.toString(counter)) + .png)): null

2018-12-06 22:21:30 - [TEST_STEP][PASSED] - Statement - counter = counter + 1: null

2018-12-06 22:21:30 - [TEST_STEP][PASSED] - Statement - PreSaveFile = new java.io.File(((pathPrefix + java.lang.Integer.toString(counter)) + .png)): null

2018-12-06 22:21:30 - [TEST_STEP][PASSED] - Statement - counter = counter + 1: null

2018-12-06 22:21:30 - [TEST_STEP][PASSED] - Statement - PreSaveFile = new java.io.File(((pathPrefix + java.lang.Integer.toString(counter)) + .png)): null

2018-12-06 22:21:30 - [TEST_STEP][PASSED] - Statement - counter = counter + 1: null

2018-12-06 22:21:30 - [TEST_STEP][PASSED] - Statement - PreSaveFile = new java.io.File(((pathPrefix + java.lang.Integer.toString(counter)) + .png)): null

2018-12-06 22:21:30 - [TEST_STEP][PASSED] - Statement - counter = counter + 1: null

2018-12-06 22:21:30 - [TEST_STEP][PASSED] - Statement - PreSaveFile = new java.io.File(((pathPrefix + java.lang.Integer.toString(counter)) + .png)): null

2018-12-06 22:21:30 - [TEST_STEP][PASSED] - Statement - counter = counter + 1: null

2018-12-06 22:21:30 - [TEST_STEP][PASSED] - Statement - PreSaveFile = new java.io.File(((pathPrefix + java.lang.Integer.toString(counter)) + .png)): null

2018-12-06 22:21:30 - [TEST_STEP][PASSED] - Statement - counter = counter + 1: null

2018-12-06 22:21:30 - [TEST_STEP][PASSED] - Statement - PreSaveFile = new java.io.File(((pathPrefix + java.lang.Integer.toString(counter)) + .png)): null

2018-12-06 22:21:30 - [TEST_STEP][PASSED] - Statement - counter = counter + 1: null

2018-12-06 22:21:30 - [TEST_STEP][PASSED] - Statement - PreSaveFile = new java.io.File(((pathPrefix + java.lang.Integer.toString(counter)) + .png)): null

2018-12-06 22:21:30 - [TEST_STEP][PASSED] - Statement - counter = counter + 1: null

2018-12-06 22:21:30 - [TEST_STEP][PASSED] - Statement - PreSaveFile = new java.io.File(((pathPrefix + java.lang.Integer.toString(counter)) + .png)): null

2018-12-06 22:21:30 - [TEST_STEP][PASSED] - Statement - counter = counter + 1: null

2018-12-06 22:21:30 - [TEST_STEP][PASSED] - Statement - PreSaveFile = new java.io.File(((pathPrefix + java.lang.Integer.toString(counter)) + .png)): null

2018-12-06 22:21:30 - [TEST_STEP][PASSED] - Statement - counter = counter + 1: null

2018-12-06 22:21:30 - [TEST_STEP][PASSED] - Statement - PreSaveFile = new java.io.File(((pathPrefix + java.lang.Integer.toString(counter)) + .png)): null

2018-12-06 22:21:30 - [TEST_STEP][PASSED] - Statement - counter = counter + 1: null

2018-12-06 22:21:30 - [TEST_STEP][PASSED] - Statement - PreSaveFile = new java.io.File(((pathPrefix + java.lang.Integer.toString(counter)) + .png)): null

2018-12-06 22:21:30 - [TEST_STEP][PASSED] - Statement - finalPath = pathPrefix + java.lang.Integer.toString(counter) + ".png": null

2018-12-06 22:21:30 - [TEST_STEP][PASSED] - Statement - SaveFile = new java.io.File(finalPath): null

2018-12-06 22:21:30 - [TEST_STEP][PASSED] - Statement - Try: null

2018-12-06 22:21:30 - [TEST_STEP][PASSED] - Statement - org.apache.commons.io.FileUtils.copyFile(scrFile, SaveFile): null

2018-12-06 22:21:30 - [TEST_STEP][PASSED] - Statement - out.println("file kept"): null

2018-12-06 22:21:30 - [TEST_STEP][PASSED] - delay: Delayed 10 second(s)

2018-12-06 22:21:40 - [MESSAGE][PASSED] - Delayed 10 second(s)

2018-12-06 22:21:40 - [MESSAGE][PASSED] - Call Test Case 'Test Cases/Final Aug 2018 - PKS Automation/Registration Module/New Registration/Submit and Screenshot/Submit Registration and Screenshot' successfully

2018-12-06 22:21:40 - [TEST_STEP][PASSED] - callTestCase: Call Test Case 'Test Cases/Final Aug 2018 - PKS Automation/Registration Module/Log Out/log out avoiding katalon tagging' successfully

2018-12-06 22:21:40 - [TEST_CASE][PASSED] - Test Cases/Final Aug 2018 - PKS Automation/Registration Module/Log Out/log out avoiding katalon tagging: Test Cases/Final Aug 2018 - PKS Automation/Registration Module/Log Out/log out avoiding katalon tagging

2018-12-06 22:21:40 - [TEST_STEP][PASSED] - navigateToUrl: Navigate to 'https://assist2-uat.perkeso.gov.my/c/portal/logout' successfully

2018-12-06 22:21:41 - [MESSAGE][PASSED] - Navigate to 'https://assist2-uat.perkeso.gov.my/c/portal/logout' successfully

2018-12-06 22:21:41 - [MESSAGE][PASSED] - Call Test Case 'Test Cases/Final Aug 2018 - PKS Automation/Registration Module/Log Out/log out avoiding katalon tagging' successfully

2018-12-06 22:21:41 - [TEST_STEP][PASSED] - callTestCase: Call Test Case 'Test Cases/Final Aug 2018 - PKS Automation/Common/Workflow Owner Finder' successfully

2018-12-06 22:21:41 - [TEST_CASE][PASSED] - Test Cases/Final Aug 2018 - PKS Automation/Common/Workflow Owner Finder: Test Cases/Final Aug 2018 - PKS Automation/Common/Workflow Owner Finder

2018-12-06 22:21:41 - [TEST_STEP][PASSED] - openBrowser: Browser is opened with url: ''

2018-12-06 22:21:41 - [MESSAGE][WARNING] - A browser is already opened. Closing browser and opening a new one

2018-12-06 22:21:45 - [MESSAGE][PASSED] - Browser is opened with url: ''

2018-12-06 22:21:45 - [TEST_STEP][PASSED] - navigateToUrl: Navigate to 'https://assist2-uat.perkeso.gov.my/login' successfully

2018-12-06 22:21:46 - [MESSAGE][PASSED] - Navigate to 'https://assist2-uat.perkeso.gov.my/login' successfully

2018-12-06 22:21:46 - [TEST_STEP][PASSED] - delay: Delayed 5 second(s)

2018-12-06 22:21:51 - [MESSAGE][PASSED] - Delayed 5 second(s)

2018-12-06 22:21:51 - [TEST_STEP][PASSED] - setText: Text 'test@liferay.com' is set on object 'Object Repository/Final Object Repo/Login Page/Internal User/Email Address'

2018-12-06 22:21:52 - [MESSAGE][PASSED] - Text 'test@liferay.com' is set on object 'Object Repository/Final Object Repo/Login Page/Internal User/Email Address'

2018-12-06 22:21:52 - [TEST_STEP][PASSED] - click: Object: 'Object Repository/Final Object Repo/Login Page/Internal User/Next Button' is clicked on

2018-12-06 22:21:52 - [MESSAGE][PASSED] - Object: 'Object Repository/Final Object Repo/Login Page/Internal User/Next Button' is clicked on

2018-12-06 22:21:52 - [TEST_STEP][PASSED] - delay: Delayed 2 second(s)

2018-12-06 22:21:54 - [MESSAGE][PASSED] - Delayed 2 second(s)

2018-12-06 22:21:54 - [TEST_STEP][PASSED] - setText: Text 'test' is set on object 'Object Repository/Final Object Repo/Login Page/Internal User/Password'

2018-12-06 22:21:54 - [MESSAGE][PASSED] - Text 'test' is set on object 'Object Repository/Final Object Repo/Login Page/Internal User/Password'

2018-12-06 22:21:54 - [TEST_STEP][PASSED] - delay: Delayed 2 second(s)

2018-12-06 22:21:56 - [MESSAGE][PASSED] - Delayed 2 second(s)

2018-12-06 22:21:56 - [TEST_STEP][PASSED] - click: Object: 'Object Repository/Final Object Repo/Login Page/Internal User/Login Button' is clicked on

2018-12-06 22:21:56 - [MESSAGE][PASSED] - Object: 'Object Repository/Final Object Repo/Login Page/Internal User/Login Button' is clicked on

2018-12-06 22:21:56 - [TEST_STEP][PASSED] - Statement - tester = com.kms.katalon.core.testobject.ObjectRepository.findTestObject(Final Object Repo/Landing Page/Select to English): Finding Test Object with id 'Object Repository/Final Object Repo/Landing Page/Select to English'

2018-12-06 22:21:56 - [TEST_STEP][PASSED] - Statement - Try: Delayed 2 second(s)

2018-12-06 22:21:56 - [TEST_STEP][PASSED] - Statement - Checker = com.kms.katalon.core.webui.keyword.WebUiBuiltInKeywords.verifyElementNotPresent(tester, 3): Web element with id: 'Object Repository/Final Object Repo/Landing Page/Select to English' located by 'By.xpath: //a[@class = 'taglib-language-list-text' and @lang = 'en-US' and (contains(text(), 'EN') or contains(., 'EN'))]' is not present after '3' second(s)

2018-12-06 22:21:58 - [MESSAGE][PASSED] - Web element with id: 'Object Repository/Final Object Repo/Landing Page/Select to English' located by 'By.xpath: //a[@class = 'taglib-language-list-text' and @lang = 'en-US' and (contains(text(), 'EN') or contains(., 'EN'))]' is not present after '3' second(s)

2018-12-06 22:21:58 - [TEST_STEP][PASSED] - Statement - If (Checker == false): null

2018-12-06 22:21:58 - [TEST_STEP][PASSED] - delay: Delayed 2 second(s)

2018-12-06 22:22:00 - [MESSAGE][PASSED] - Delayed 2 second(s)

2018-12-06 22:22:00 - [TEST_STEP][PASSED] - delay: Delayed 5 second(s)

2018-12-06 22:22:05 - [MESSAGE][PASSED] - Delayed 5 second(s)

2018-12-06 22:22:05 - [TEST_STEP][PASSED] - mouseOver: Object: 'Object Repository/Final Object Repo/Landing Page/WorkFlow Menu' is hovered

2018-12-06 22:22:05 - [MESSAGE][PASSED] - Object: 'Object Repository/Final Object Repo/Landing Page/WorkFlow Menu' is hovered

2018-12-06 22:22:05 - [TEST_STEP][PASSED] - delay: Delayed 2 second(s)

2018-12-06 22:22:07 - [MESSAGE][PASSED] - Delayed 2 second(s)

2018-12-06 22:22:07 - [TEST_STEP][PASSED] - click: Object: 'Object Repository/Final Object Repo/Landing Page/Select to Workflow Listing' is clicked on

2018-12-06 22:22:08 - [MESSAGE][PASSED] - Object: 'Object Repository/Final Object Repo/Landing Page/Select to Workflow Listing' is clicked on

2018-12-06 22:22:08 - [TEST_STEP][PASSED] - delay: Delayed 2 second(s)

2018-12-06 22:22:10 - [MESSAGE][PASSED] - Delayed 2 second(s)

2018-12-06 22:22:10 - [TEST_STEP][PASSED] - click: Object: 'Object Repository/Final Object Repo/WorkFlow Listing Page/Search Information - To Put Ref No' is clicked on

2018-12-06 22:22:10 - [MESSAGE][PASSED] - Object: 'Object Repository/Final Object Repo/WorkFlow Listing Page/Search Information - To Put Ref No' is clicked on

2018-12-06 22:22:10 - [TEST_STEP][PASSED] - delay: Delayed 2 second(s)

2018-12-06 22:22:12 - [MESSAGE][PASSED] - Delayed 2 second(s)

2018-12-06 22:22:12 - [TEST_STEP][PASSED] - callTestCase: Call Test Case 'Test Cases/Final Aug 2018 - PKS Automation/Common/Reference Number Getter' successfully

2018-12-06 22:22:12 - [TEST_CASE][PASSED] - Test Cases/Final Aug 2018 - PKS Automation/Common/Reference Number Getter: Test Cases/Final Aug 2018 - PKS Automation/Common/Reference Number Getter

2018-12-06 22:22:12 - [TEST_STEP][PASSED] - Statement - Try: null

2018-12-06 22:22:12 - [TEST_STEP][PASSED] - Statement - RefNo = new java.io.File(C://Users//Admin//Desktop//PKS//Automation Reference Point//KatalonReference.txt): null

2018-12-06 22:22:12 - [TEST_STEP][PASSED] - Statement - bufferread = new java.io.BufferedReader(new java.io.FileReader(RefNo)): null

2018-12-06 22:22:12 - [TEST_STEP][PASSED] - Statement - readedVal = bufferread.readLine(): null

2018-12-06 22:22:12 - [TEST_STEP][PASSED] - Statement - out.println(CaseReferenceNo): null

2018-12-06 22:22:12 - [TEST_STEP][PASSED] - Statement - out.println(readedVal): null

2018-12-06 22:22:12 - [TEST_STEP][PASSED] - Statement - CaseReferenceNo = "": null

2018-12-06 22:22:12 - [TEST_STEP][PASSED] - Statement - CaseReferenceNo = readedVal: null

2018-12-06 22:22:12 - [MESSAGE][PASSED] - Call Test Case 'Test Cases/Final Aug 2018 - PKS Automation/Common/Reference Number Getter' successfully

2018-12-06 22:22:12 - [TEST_STEP][PASSED] - setText: Text 'CRN12201800123065' is set on object 'Object Repository/Final Object Repo/WorkFlow Listing Page/Ref No Set Text'

2018-12-06 22:22:13 - [MESSAGE][PASSED] - Text 'CRN12201800123065' is set on object 'Object Repository/Final Object Repo/WorkFlow Listing Page/Ref No Set Text'

2018-12-06 22:22:13 - [TEST_STEP][PASSED] - delay: Delayed 2 second(s)

2018-12-06 22:22:15 - [MESSAGE][PASSED] - Delayed 2 second(s)

2018-12-06 22:22:15 - [TEST_STEP][PASSED] - click: Object: 'Object Repository/Final Object Repo/WorkFlow Listing Page/Search Ref No Search Button' is clicked on

2018-12-06 22:22:15 - [MESSAGE][PASSED] - Object: 'Object Repository/Final Object Repo/WorkFlow Listing Page/Search Ref No Search Button' is clicked on

2018-12-06 22:22:15 - [TEST_STEP][PASSED] - delay: Delayed 6 second(s)

2018-12-06 22:22:21 - [MESSAGE][PASSED] - Delayed 6 second(s)

2018-12-06 22:22:21 - [TEST_STEP][PASSED] - click: Object: 'Object Repository/Final Object Repo/WorkFlow Listing Page/Click Continue Tooltip' is clicked on

2018-12-06 22:22:22 - [MESSAGE][PASSED] - Object: 'Object Repository/Final Object Repo/WorkFlow Listing Page/Click Continue Tooltip' is clicked on

2018-12-06 22:22:22 - [TEST_STEP][PASSED] - delay: Delayed 5 second(s)

2018-12-06 22:22:27 - [MESSAGE][PASSED] - Delayed 5 second(s)

2018-12-06 22:22:27 - [TEST_STEP][PASSED] - doubleClick: Object: 'Object Repository/Final Object Repo/WorkFlow Listing Page/Workflow Found - Listing 1' is double clicked on

2018-12-06 22:22:27 - [MESSAGE][PASSED] - Object: 'Object Repository/Final Object Repo/WorkFlow Listing Page/Workflow Found - Listing 1' is double clicked on

2018-12-06 22:22:27 - [TEST_STEP][PASSED] - Statement - println(OwnerID): null

2018-12-06 22:22:27 - [TEST_STEP][PASSED] - Statement - OwnerID = com.kms.katalon.core.webui.keyword.WebUiBuiltInKeywords.getText(com.kms.katalon.core.testobject.ObjectRepository.findTestObject(Final Object Repo/WorkFlow Listing Page/Workflow Found - Listing 1), STOP_ON_FAILURE): Text of object 'Object Repository/Final Object Repo/WorkFlow Listing Page/Workflow Found - Listing 1' is: 'KLpkrbo2'

2018-12-06 22:22:27 - [MESSAGE][PASSED] - Text of object 'Object Repository/Final Object Repo/WorkFlow Listing Page/Workflow Found - Listing 1' is: 'KLpkrbo2'

2018-12-06 22:22:27 - [TEST_STEP][PASSED] - Statement - OwnerID = OwnerID.toLowerCase() + "@gmail.com": null

2018-12-06 22:22:27 - [TEST_STEP][PASSED] - Statement - println(OwnerID): null

2018-12-06 22:22:27 - [TEST_STEP][PASSED] - delay: Delayed 2 second(s)

2018-12-06 22:22:29 - [MESSAGE][PASSED] - Delayed 2 second(s)

2018-12-06 22:22:29 - [MESSAGE][PASSED] - Call Test Case 'Test Cases/Final Aug 2018 - PKS Automation/Common/Workflow Owner Finder' successfully

2018-12-06 22:22:29 - [TEST_STEP][PASSED] - callTestCase: Call Test Case 'Test Cases/Final Aug 2018 - PKS Automation/Registration Module/Log Out/log out avoiding katalon tagging' successfully

2018-12-06 22:22:29 - [TEST_CASE][PASSED] - Test Cases/Final Aug 2018 - PKS Automation/Registration Module/Log Out/log out avoiding katalon tagging: Test Cases/Final Aug 2018 - PKS Automation/Registration Module/Log Out/log out avoiding katalon tagging

2018-12-06 22:22:29 - [TEST_STEP][PASSED] - navigateToUrl: Navigate to 'https://assist2-uat.perkeso.gov.my/c/portal/logout' successfully

2018-12-06 22:22:30 - [MESSAGE][PASSED] - Navigate to 'https://assist2-uat.perkeso.gov.my/c/portal/logout' successfully

2018-12-06 22:22:30 - [MESSAGE][PASSED] - Call Test Case 'Test Cases/Final Aug 2018 - PKS Automation/Registration Module/Log Out/log out avoiding katalon tagging' successfully

2018-12-06 22:22:30 - [TEST_STEP][PASSED] - delay: Delayed 2 second(s)

2018-12-06 22:22:32 - [MESSAGE][PASSED] - Delayed 2 second(s)

2018-12-06 22:22:32 - [TEST_STEP][PASSED] - setText: Text 'klpkrbo2@gmail.com' is set on object 'Object Repository/Final Object Repo/New Registration - Registration Module Pages/New Reg - OTC to RO/Special Case - All Related Objects/Email TextBox'

2018-12-06 22:22:32 - [MESSAGE][PASSED] - Text 'klpkrbo2@gmail.com' is set on object 'Object Repository/Final Object Repo/New Registration - Registration Module Pages/New Reg - OTC to RO/Special Case - All Related Objects/Email TextBox'

2018-12-06 22:22:32 - [TEST_STEP][PASSED] - click: Object: 'Object Repository/Final Object Repo/New Registration - Registration Module Pages/New Reg - OTC to RO/Special Case - All Related Objects/Next Button' is clicked on

2018-12-06 22:22:32 - [MESSAGE][PASSED] - Object: 'Object Repository/Final Object Repo/New Registration - Registration Module Pages/New Reg - OTC to RO/Special Case - All Related Objects/Next Button' is clicked on

2018-12-06 22:22:32 - [TEST_STEP][PASSED] - delay: Delayed 2 second(s)

2018-12-06 22:22:34 - [MESSAGE][PASSED] - Delayed 2 second(s)

2018-12-06 22:22:34 - [TEST_STEP][PASSED] - setText: Text 'Test1@3456789' is set on object 'Object Repository/Final Object Repo/New Registration - Registration Module Pages/New Reg - OTC to RO/Special Case - All Related Objects/Password TextBox'

2018-12-06 22:22:35 - [MESSAGE][PASSED] - Text 'Test1@3456789' is set on object 'Object Repository/Final Object Repo/New Registration - Registration Module Pages/New Reg - OTC to RO/Special Case - All Related Objects/Password TextBox'

2018-12-06 22:22:35 - [TEST_STEP][PASSED] - delay: Delayed 2 second(s)

2018-12-06 22:22:37 - [MESSAGE][PASSED] - Delayed 2 second(s)

2018-12-06 22:22:37 - [TEST_STEP][PASSED] - click: Object: 'Object Repository/Final Object Repo/New Registration - Registration Module Pages/New Reg - OTC to RO/Special Case - All Related Objects/Login Button' is clicked on

2018-12-06 22:22:37 - [MESSAGE][PASSED] - Object: 'Object Repository/Final Object Repo/New Registration - Registration Module Pages/New Reg - OTC to RO/Special Case - All Related Objects/Login Button' is clicked on

2018-12-06 22:22:37 - [TEST_STEP][PASSED] - delay: Delayed 2 second(s)

2018-12-06 22:22:39 - [MESSAGE][PASSED] - Delayed 2 second(s)

2018-12-06 22:22:39 - [TEST_STEP][PASSED] - Statement - Try: null

2018-12-06 22:22:39 - [TEST_STEP][PASSED] - Statement - Checker = com.kms.katalon.core.webui.keyword.WebUiBuiltInKeywords.verifyElementNotPresent("Final Object Repo/Landing Page/Select to English", 3): null

2018-12-06 22:22:39 - [TEST_STEP][PASSED] - Statement - Catch (Exception e): null

2018-12-06 22:22:39 - [TEST_STEP][PASSED] - Statement - e.printStackTrace(): null

2018-12-06 22:22:39 - [TEST_STEP][PASSED] - click: Object: 'Object Repository/Final Object Repo/New Registration - Registration Module Pages/New Reg - OTC to RO/Special Case - All Related Objects/Expand to Search' is clicked on

2018-12-06 22:22:39 - [MESSAGE][PASSED] - Object: 'Object Repository/Final Object Repo/New Registration - Registration Module Pages/New Reg - OTC to RO/Special Case - All Related Objects/Expand to Search' is clicked on

2018-12-06 22:22:39 - [TEST_STEP][PASSED] - delay: Delayed 2 second(s)

2018-12-06 22:22:41 - [MESSAGE][PASSED] - Delayed 2 second(s)

2018-12-06 22:22:41 - [TEST_STEP][PASSED] - setText: Text 'CRN12201800123065' is set on object 'Object Repository/Final Object Repo/New Registration - Registration Module Pages/New Reg - OTC to RO/Special Case - All Related Objects/TextBox RefNo in Workbasket'

2018-12-06 22:22:41 - [MESSAGE][PASSED] - Text 'CRN12201800123065' is set on object 'Object Repository/Final Object Repo/New Registration - Registration Module Pages/New Reg - OTC to RO/Special Case - All Related Objects/TextBox RefNo in Workbasket'

2018-12-06 22:22:41 - [TEST_STEP][PASSED] - delay: Delayed 2 second(s)

2018-12-06 22:22:43 - [MESSAGE][PASSED] - Delayed 2 second(s)

2018-12-06 22:22:43 - [TEST_STEP][PASSED] - click: Object: 'Object Repository/Final Object Repo/New Registration - Registration Module Pages/New Reg - OTC to RO/Special Case - All Related Objects/Click Search' is clicked on

2018-12-06 22:22:43 - [MESSAGE][PASSED] - Object: 'Object Repository/Final Object Repo/New Registration - Registration Module Pages/New Reg - OTC to RO/Special Case - All Related Objects/Click Search' is clicked on

2018-12-06 22:22:43 - [TEST_STEP][PASSED] - delay: Delayed 2 second(s)

2018-12-06 22:22:45 - [MESSAGE][PASSED] - Delayed 2 second(s)

2018-12-06 22:22:45 - [TEST_STEP][PASSED] - click: Object: 'Object Repository/Final Object Repo/New Registration - Registration Module Pages/New Reg - OTC to RO/Special Case - All Related Objects/Click to Continue Workflow' is clicked on

2018-12-06 22:22:48 - [MESSAGE][PASSED] - Object: 'Object Repository/Final Object Repo/New Registration - Registration Module Pages/New Reg - OTC to RO/Special Case - All Related Objects/Click to Continue Workflow' is clicked on

2018-12-06 22:22:48 - [TEST_STEP][PASSED] - delay: Delayed 2 second(s)

2018-12-06 22:22:50 - [MESSAGE][PASSED] - Delayed 2 second(s)

2018-12-06 22:22:50 - [TEST_STEP][PASSED] - click: Object: 'Object Repository/Final Object Repo/New Registration - Registration Module Pages/New Reg - OTC to RO/Special Case - All Related Objects/Form 1 Save n Continue' is clicked on

2018-12-06 22:22:50 - [MESSAGE][PASSED] - Object: 'Object Repository/Final Object Repo/New Registration - Registration Module Pages/New Reg - OTC to RO/Special Case - All Related Objects/Form 1 Save n Continue' is clicked on

2018-12-06 22:22:50 - [TEST_STEP][PASSED] - delay: Delayed 5 second(s)

2018-12-06 22:22:55 - [MESSAGE][PASSED] - Delayed 5 second(s)

2018-12-06 22:22:55 - [TEST_STEP][PASSED] - click: Object: 'Object Repository/Final Object Repo/New Registration - Registration Module Pages/New Reg - OTC to RO/Special Case - OTC - Form 1/Confirm No Flagging as Branch' is clicked on

2018-12-06 22:22:55 - [MESSAGE][PASSED] - Object: 'Object Repository/Final Object Repo/New Registration - Registration Module Pages/New Reg - OTC to RO/Special Case - OTC - Form 1/Confirm No Flagging as Branch' is clicked on

2018-12-06 22:22:55 - [TEST_STEP][PASSED] - delay: Delayed 2 second(s)

2018-12-06 22:22:57 - [MESSAGE][PASSED] - Delayed 2 second(s)

2018-12-06 22:22:57 - [TEST_STEP][PASSED] - click: Object: 'Object Repository/Final Object Repo/New Registration - Registration Module Pages/New Reg - OTC to RO/Special Case - All Related Objects/Form 2 Save n Continue' is clicked on

2018-12-06 22:22:57 - [MESSAGE][PASSED] - Object: 'Object Repository/Final Object Repo/New Registration - Registration Module Pages/New Reg - OTC to RO/Special Case - All Related Objects/Form 2 Save n Continue' is clicked on

2018-12-06 22:22:57 - [TEST_STEP][PASSED] - delay: Delayed 2 second(s)

2018-12-06 22:22:59 - [MESSAGE][PASSED] - Delayed 2 second(s)

2018-12-06 22:22:59 - [TEST_STEP][PASSED] - click: Object: 'Object Repository/Final Object Repo/New Registration - Registration Module Pages/New Reg - OTC to RO/Special Case - All Related Objects/Third Screen Save n Continue' is clicked on

2018-12-06 22:23:05 - [MESSAGE][PASSED] - Object: 'Object Repository/Final Object Repo/New Registration - Registration Module Pages/New Reg - OTC to RO/Special Case - All Related Objects/Third Screen Save n Continue' is clicked on

2018-12-06 22:23:05 - [TEST_STEP][PASSED] - delay: Delayed 5 second(s)

2018-12-06 22:23:10 - [MESSAGE][PASSED] - Delayed 5 second(s)

2018-12-06 22:23:10 - [TEST_STEP][PASSED] - click: Object: 'Object Repository/Final Object Repo/New Registration - Registration Module Pages/New Reg - OTC to RO/Special Case - All Related Objects/Upload Doc Page Save n Continue' is clicked on

2018-12-06 22:23:10 - [MESSAGE][PASSED] - Object: 'Object Repository/Final Object Repo/New Registration - Registration Module Pages/New Reg - OTC to RO/Special Case - All Related Objects/Upload Doc Page Save n Continue' is clicked on

2018-12-06 22:23:10 - [TEST_STEP][PASSED] - callTestCase: Call Test Case 'Test Cases/Final Aug 2018 - PKS Automation/Registration Module/New Registration/Submit and Screenshot/Submit Registration and Screenshot' successfully

2018-12-06 22:23:10 - [TEST_CASE][PASSED] - Test Cases/Final Aug 2018 - PKS Automation/Registration Module/New Registration/Submit and Screenshot/Submit Registration and Screenshot: Test Cases/Final Aug 2018 - PKS Automation/Registration Module/New Registration/Submit and Screenshot/Submit Registration and Screenshot

2018-12-06 22:23:10 - [TEST_STEP][PASSED] - delay: Delayed 6 second(s)

2018-12-06 22:23:16 - [MESSAGE][PASSED] - Delayed 6 second(s)

2018-12-06 22:23:16 - [TEST_STEP][PASSED] - click: Object: 'Object Repository/Final Object Repo/New Registration - Registration Module Pages/Third Screen - Upload Supporting Doc- Preview/Preview Submit Button' is clicked on

2018-12-06 22:23:16 - [MESSAGE][PASSED] - Object: 'Object Repository/Final Object Repo/New Registration - Registration Module Pages/Third Screen - Upload Supporting Doc- Preview/Preview Submit Button' is clicked on

2018-12-06 22:23:16 - [TEST_STEP][PASSED] - delay: Delayed 2 second(s)

2018-12-06 22:23:18 - [MESSAGE][PASSED] - Delayed 2 second(s)

2018-12-06 22:23:18 - [TEST_STEP][PASSED] - click: Object: 'Object Repository/Final Object Repo/New Registration - Registration Module Pages/Third Screen - Upload Supporting Doc- Preview/Preview Submit - Confirm' is clicked on

2018-12-06 22:23:18 - [MESSAGE][PASSED] - Object: 'Object Repository/Final Object Repo/New Registration - Registration Module Pages/Third Screen - Upload Supporting Doc- Preview/Preview Submit - Confirm' is clicked on

2018-12-06 22:23:18 - [TEST_STEP][PASSED] - delay: Delayed 15 second(s)

2018-12-06 22:23:33 - [MESSAGE][PASSED] - Delayed 15 second(s)

2018-12-06 22:23:33 - [TEST_STEP][PASSED] - Statement - driver = com.kms.katalon.core.webui.driver.DriverFactory.getWebDriver(): null

2018-12-06 22:23:33 - [TEST_STEP][PASSED] - Statement - driver.manage().timeouts().implicitlyWait(10, SECONDS): null

2018-12-06 22:23:33 - [TEST_STEP][PASSED] - Statement - PresavePath = KatalonScreenshots: null

2018-12-06 22:23:33 - [TEST_STEP][PASSED] - Statement - pathPrefix = "C:\Users\Public\Pictures\Sample Pictures\Katalon Screenshots\Automate Ending Screen": null

2018-12-06 22:23:33 - [TEST_STEP][PASSED] - Statement - finalPath = <not implemented yet for class: org.codehaus.groovy.ast.expr.EmptyExpression>: null

2018-12-06 22:23:33 - [TEST_STEP][PASSED] - Statement - scrFile = driver.getScreenshotAs(FILE): null

2018-12-06 22:23:33 - [TEST_STEP][PASSED] - Statement - PreSaveFile = new java.io.File(PresavePath): null

2018-12-06 22:23:33 - [TEST_STEP][PASSED] - Statement - counter = 0: null

2018-12-06 22:23:33 - [TEST_STEP][PASSED] - Statement - If (PreSaveFile.exists()): null

2018-12-06 22:23:33 - [TEST_STEP][PASSED] - Statement - While (PreSaveFile.exists()): null

2018-12-06 22:23:33 - [TEST_STEP][PASSED] - Statement - counter = counter + 1: null

2018-12-06 22:23:33 - [TEST_STEP][PASSED] - Statement - PreSaveFile = new java.io.File(((pathPrefix + java.lang.Integer.toString(counter)) + .png)): null

2018-12-06 22:23:33 - [TEST_STEP][PASSED] - Statement - counter = counter + 1: null

2018-12-06 22:23:33 - [TEST_STEP][PASSED] - Statement - PreSaveFile = new java.io.File(((pathPrefix + java.lang.Integer.toString(counter)) + .png)): null

2018-12-06 22:23:33 - [TEST_STEP][PASSED] - Statement - counter = counter + 1: null

2018-12-06 22:23:33 - [TEST_STEP][PASSED] - Statement - PreSaveFile = new java.io.File(((pathPrefix + java.lang.Integer.toString(counter)) + .png)): null

2018-12-06 22:23:33 - [TEST_STEP][PASSED] - Statement - counter = counter + 1: null

2018-12-06 22:23:33 - [TEST_STEP][PASSED] - Statement - PreSaveFile = new java.io.File(((pathPrefix + java.lang.Integer.toString(counter)) + .png)): null

2018-12-06 22:23:33 - [TEST_STEP][PASSED] - Statement - counter = counter + 1: null

2018-12-06 22:23:33 - [TEST_STEP][PASSED] - Statement - PreSaveFile = new java.io.File(((pathPrefix + java.lang.Integer.toString(counter)) + .png)): null

2018-12-06 22:23:33 - [TEST_STEP][PASSED] - Statement - counter = counter + 1: null

2018-12-06 22:23:33 - [TEST_STEP][PASSED] - Statement - PreSaveFile = new java.io.File(((pathPrefix + java.lang.Integer.toString(counter)) + .png)): null

2018-12-06 22:23:33 - [TEST_STEP][PASSED] - Statement - counter = counter + 1: null

2018-12-06 22:23:33 - [TEST_STEP][PASSED] - Statement - PreSaveFile = new java.io.File(((pathPrefix + java.lang.Integer.toString(counter)) + .png)): null

2018-12-06 22:23:33 - [TEST_STEP][PASSED] - Statement - counter = counter + 1: null

2018-12-06 22:23:33 - [TEST_STEP][PASSED] - Statement - PreSaveFile = new java.io.File(((pathPrefix + java.lang.Integer.toString(counter)) + .png)): null

2018-12-06 22:23:33 - [TEST_STEP][PASSED] - Statement - counter = counter + 1: null

2018-12-06 22:23:33 - [TEST_STEP][PASSED] - Statement - PreSaveFile = new java.io.File(((pathPrefix + java.lang.Integer.toString(counter)) + .png)): null

2018-12-06 22:23:33 - [TEST_STEP][PASSED] - Statement - counter = counter + 1: null

2018-12-06 22:23:33 - [TEST_STEP][PASSED] - Statement - PreSaveFile = new java.io.File(((pathPrefix + java.lang.Integer.toString(counter)) + .png)): null

2018-12-06 22:23:33 - [TEST_STEP][PASSED] - Statement - counter = counter + 1: null

2018-12-06 22:23:33 - [TEST_STEP][PASSED] - Statement - PreSaveFile = new java.io.File(((pathPrefix + java.lang.Integer.toString(counter)) + .png)): null

2018-12-06 22:23:33 - [TEST_STEP][PASSED] - Statement - counter = counter + 1: null

2018-12-06 22:23:33 - [TEST_STEP][PASSED] - Statement - PreSaveFile = new java.io.File(((pathPrefix + java.lang.Integer.toString(counter)) + .png)): null

2018-12-06 22:23:34 - [TEST_STEP][PASSED] - Statement - counter = counter + 1: null

2018-12-06 22:23:34 - [TEST_STEP][PASSED] - Statement - PreSaveFile = new java.io.File(((pathPrefix + java.lang.Integer.toString(counter)) + .png)): null

2018-12-06 22:23:34 - [TEST_STEP][PASSED] - Statement - counter = counter + 1: null

2018-12-06 22:23:34 - [TEST_STEP][PASSED] - Statement - PreSaveFile = new java.io.File(((pathPrefix + java.lang.Integer.toString(counter)) + .png)): null

2018-12-06 22:23:34 - [TEST_STEP][PASSED] - Statement - counter = counter + 1: null

2018-12-06 22:23:34 - [TEST_STEP][PASSED] - Statement - PreSaveFile = new java.io.File(((pathPrefix + java.lang.Integer.toString(counter)) + .png)): null

2018-12-06 22:23:34 - [TEST_STEP][PASSED] - Statement - counter = counter + 1: null

2018-12-06 22:23:34 - [TEST_STEP][PASSED] - Statement - PreSaveFile = new java.io.File(((pathPrefix + java.lang.Integer.toString(counter)) + .png)): null

2018-12-06 22:23:34 - [TEST_STEP][PASSED] - Statement - counter = counter + 1: null

2018-12-06 22:23:34 - [TEST_STEP][PASSED] - Statement - PreSaveFile = new java.io.File(((pathPrefix + java.lang.Integer.toString(counter)) + .png)): null

2018-12-06 22:23:34 - [TEST_STEP][PASSED] - Statement - counter = counter + 1: null

2018-12-06 22:23:34 - [TEST_STEP][PASSED] - Statement - PreSaveFile = new java.io.File(((pathPrefix + java.lang.Integer.toString(counter)) + .png)): null

2018-12-06 22:23:34 - [TEST_STEP][PASSED] - Statement - counter = counter + 1: null

2018-12-06 22:23:34 - [TEST_STEP][PASSED] - Statement - PreSaveFile = new java.io.File(((pathPrefix + java.lang.Integer.toString(counter)) + .png)): null

2018-12-06 22:23:34 - [TEST_STEP][PASSED] - Statement - counter = counter + 1: null

2018-12-06 22:23:34 - [TEST_STEP][PASSED] - Statement - PreSaveFile = new java.io.File(((pathPrefix + java.lang.Integer.toString(counter)) + .png)): null

2018-12-06 22:23:34 - [TEST_STEP][PASSED] - Statement - counter = counter + 1: null

2018-12-06 22:23:34 - [TEST_STEP][PASSED] - Statement - PreSaveFile = new java.io.File(((pathPrefix + java.lang.Integer.toString(counter)) + .png)): null

2018-12-06 22:23:34 - [TEST_STEP][PASSED] - Statement - counter = counter + 1: null

2018-12-06 22:23:34 - [TEST_STEP][PASSED] - Statement - PreSaveFile = new java.io.File(((pathPrefix + java.lang.Integer.toString(counter)) + .png)): null

2018-12-06 22:23:34 - [TEST_STEP][PASSED] - Statement - counter = counter + 1: null

2018-12-06 22:23:34 - [TEST_STEP][PASSED] - Statement - PreSaveFile = new java.io.File(((pathPrefix + java.lang.Integer.toString(counter)) + .png)): null

2018-12-06 22:23:34 - [TEST_STEP][PASSED] - Statement - counter = counter + 1: null

2018-12-06 22:23:34 - [TEST_STEP][PASSED] - Statement - PreSaveFile = new java.io.File(((pathPrefix + java.lang.Integer.toString(counter)) + .png)): null

2018-12-06 22:23:34 - [TEST_STEP][PASSED] - Statement - counter = counter + 1: null

2018-12-06 22:23:34 - [TEST_STEP][PASSED] - Statement - PreSaveFile = new java.io.File(((pathPrefix + java.lang.Integer.toString(counter)) + .png)): null

2018-12-06 22:23:34 - [TEST_STEP][PASSED] - Statement - counter = counter + 1: null

2018-12-06 22:23:34 - [TEST_STEP][PASSED] - Statement - PreSaveFile = new java.io.File(((pathPrefix + java.lang.Integer.toString(counter)) + .png)): null

2018-12-06 22:23:34 - [TEST_STEP][PASSED] - Statement - counter = counter + 1: null

2018-12-06 22:23:34 - [TEST_STEP][PASSED] - Statement - PreSaveFile = new java.io.File(((pathPrefix + java.lang.Integer.toString(counter)) + .png)): null

2018-12-06 22:23:34 - [TEST_STEP][PASSED] - Statement - counter = counter + 1: null

2018-12-06 22:23:34 - [TEST_STEP][PASSED] - Statement - PreSaveFile = new java.io.File(((pathPrefix + java.lang.Integer.toString(counter)) + .png)): null

2018-12-06 22:23:34 - [TEST_STEP][PASSED] - Statement - counter = counter + 1: null

2018-12-06 22:23:34 - [TEST_STEP][PASSED] - Statement - PreSaveFile = new java.io.File(((pathPrefix + java.lang.Integer.toString(counter)) + .png)): null

2018-12-06 22:23:34 - [TEST_STEP][PASSED] - Statement - counter = counter + 1: null

2018-12-06 22:23:34 - [TEST_STEP][PASSED] - Statement - PreSaveFile = new java.io.File(((pathPrefix + java.lang.Integer.toString(counter)) + .png)): null

2018-12-06 22:23:34 - [TEST_STEP][PASSED] - Statement - counter = counter + 1: null

2018-12-06 22:23:34 - [TEST_STEP][PASSED] - Statement - PreSaveFile = new java.io.File(((pathPrefix + java.lang.Integer.toString(counter)) + .png)): null

2018-12-06 22:23:34 - [TEST_STEP][PASSED] - Statement - counter = counter + 1: null

2018-12-06 22:23:34 - [TEST_STEP][PASSED] - Statement - PreSaveFile = new java.io.File(((pathPrefix + java.lang.Integer.toString(counter)) + .png)): null

2018-12-06 22:23:34 - [TEST_STEP][PASSED] - Statement - counter = counter + 1: null

2018-12-06 22:23:34 - [TEST_STEP][PASSED] - Statement - PreSaveFile = new java.io.File(((pathPrefix + java.lang.Integer.toString(counter)) + .png)): null

2018-12-06 22:23:34 - [TEST_STEP][PASSED] - Statement - counter = counter + 1: null

2018-12-06 22:23:34 - [TEST_STEP][PASSED] - Statement - PreSaveFile = new java.io.File(((pathPrefix + java.lang.Integer.toString(counter)) + .png)): null

2018-12-06 22:23:34 - [TEST_STEP][PASSED] - Statement - counter = counter + 1: null

2018-12-06 22:23:34 - [TEST_STEP][PASSED] - Statement - PreSaveFile = new java.io.File(((pathPrefix + java.lang.Integer.toString(counter)) + .png)): null

2018-12-06 22:23:34 - [TEST_STEP][PASSED] - Statement - counter = counter + 1: null

2018-12-06 22:23:34 - [TEST_STEP][PASSED] - Statement - PreSaveFile = new java.io.File(((pathPrefix + java.lang.Integer.toString(counter)) + .png)): null

2018-12-06 22:23:34 - [TEST_STEP][PASSED] - Statement - counter = counter + 1: null

2018-12-06 22:23:34 - [TEST_STEP][PASSED] - Statement - PreSaveFile = new java.io.File(((pathPrefix + java.lang.Integer.toString(counter)) + .png)): null

2018-12-06 22:23:34 - [TEST_STEP][PASSED] - Statement - finalPath = pathPrefix + java.lang.Integer.toString(counter) + ".png": null

2018-12-06 22:23:34 - [TEST_STEP][PASSED] - Statement - SaveFile = new java.io.File(finalPath): null

2018-12-06 22:23:34 - [TEST_STEP][PASSED] - Statement - Try: null

2018-12-06 22:23:34 - [TEST_STEP][PASSED] - Statement - org.apache.commons.io.FileUtils.copyFile(scrFile, SaveFile): null

2018-12-06 22:23:34 - [TEST_STEP][PASSED] - Statement - out.println("file kept"): null

2018-12-06 22:23:34 - [TEST_STEP][PASSED] - delay: Delayed 10 second(s)

2018-12-06 22:23:44 - [MESSAGE][PASSED] - Delayed 10 second(s)

2018-12-06 22:23:44 - [MESSAGE][PASSED] - Call Test Case 'Test Cases/Final Aug 2018 - PKS Automation/Registration Module/New Registration/Submit and Screenshot/Submit Registration and Screenshot' successfully

2018-12-06 22:23:44 - [TEST_STEP][PASSED] - delay: Delayed 5 second(s)

2018-12-06 22:23:49 - [MESSAGE][PASSED] - Delayed 5 second(s)

2018-12-06 22:23:49 - [TEST_STEP][PASSED] - callTestCase: Call Test Case 'Test Cases/Final Aug 2018 - PKS Automation/Registration Module/Log Out/log out avoiding katalon tagging' successfully

2018-12-06 22:23:49 - [TEST_CASE][PASSED] - Test Cases/Final Aug 2018 - PKS Automation/Registration Module/Log Out/log out avoiding katalon tagging: Test Cases/Final Aug 2018 - PKS Automation/Registration Module/Log Out/log out avoiding katalon tagging

2018-12-06 22:23:49 - [TEST_STEP][PASSED] - navigateToUrl: Navigate to 'https://assist2-uat.perkeso.gov.my/c/portal/logout' successfully

2018-12-06 22:23:49 - [MESSAGE][PASSED] - Navigate to 'https://assist2-uat.perkeso.gov.my/c/portal/logout' successfully

2018-12-06 22:23:49 - [MESSAGE][PASSED] - Call Test Case 'Test Cases/Final Aug 2018 - PKS Automation/Registration Module/Log Out/log out avoiding katalon tagging' successfully

2018-12-06 22:23:49 - [TEST_STEP][PASSED] - callTestCase: Call Test Case 'Test Cases/Final Aug 2018 - PKS Automation/Common/Workflow Owner Finder' successfully

2018-12-06 22:23:49 - [TEST_CASE][PASSED] - Test Cases/Final Aug 2018 - PKS Automation/Common/Workflow Owner Finder: Test Cases/Final Aug 2018 - PKS Automation/Common/Workflow Owner Finder

2018-12-06 22:23:49 - [TEST_STEP][PASSED] - openBrowser: Browser is opened with url: ''

2018-12-06 22:23:49 - [MESSAGE][WARNING] - A browser is already opened. Closing browser and opening a new one

2018-12-06 22:23:53 - [MESSAGE][PASSED] - Browser is opened with url: ''

2018-12-06 22:23:53 - [TEST_STEP][PASSED] - navigateToUrl: Navigate to 'https://assist2-uat.perkeso.gov.my/login' successfully

2018-12-06 22:23:54 - [MESSAGE][PASSED] - Navigate to 'https://assist2-uat.perkeso.gov.my/login' successfully

2018-12-06 22:23:54 - [TEST_STEP][PASSED] - delay: Delayed 5 second(s)

2018-12-06 22:23:59 - [MESSAGE][PASSED] - Delayed 5 second(s)

2018-12-06 22:23:59 - [TEST_STEP][PASSED] - setText: Text 'test@liferay.com' is set on object 'Object Repository/Final Object Repo/Login Page/Internal User/Email Address'

2018-12-06 22:24:00 - [MESSAGE][PASSED] - Text 'test@liferay.com' is set on object 'Object Repository/Final Object Repo/Login Page/Internal User/Email Address'

2018-12-06 22:24:00 - [TEST_STEP][PASSED] - click: Object: 'Object Repository/Final Object Repo/Login Page/Internal User/Next Button' is clicked on

2018-12-06 22:24:00 - [MESSAGE][PASSED] - Object: 'Object Repository/Final Object Repo/Login Page/Internal User/Next Button' is clicked on

2018-12-06 22:24:00 - [TEST_STEP][PASSED] - delay: Delayed 2 second(s)

2018-12-06 22:24:02 - [MESSAGE][PASSED] - Delayed 2 second(s)

2018-12-06 22:24:02 - [TEST_STEP][PASSED] - setText: Text 'test' is set on object 'Object Repository/Final Object Repo/Login Page/Internal User/Password'

2018-12-06 22:24:02 - [MESSAGE][PASSED] - Text 'test' is set on object 'Object Repository/Final Object Repo/Login Page/Internal User/Password'

2018-12-06 22:24:02 - [TEST_STEP][PASSED] - delay: Delayed 2 second(s)

2018-12-06 22:24:04 - [MESSAGE][PASSED] - Delayed 2 second(s)

2018-12-06 22:24:04 - [TEST_STEP][PASSED] - click: Object: 'Object Repository/Final Object Repo/Login Page/Internal User/Login Button' is clicked on

2018-12-06 22:24:04 - [MESSAGE][PASSED] - Object: 'Object Repository/Final Object Repo/Login Page/Internal User/Login Button' is clicked on

2018-12-06 22:24:04 - [TEST_STEP][PASSED] - Statement - tester = com.kms.katalon.core.testobject.ObjectRepository.findTestObject(Final Object Repo/Landing Page/Select to English): Finding Test Object with id 'Object Repository/Final Object Repo/Landing Page/Select to English'

2018-12-06 22:24:04 - [TEST_STEP][PASSED] - Statement - Try: Delayed 2 second(s)

2018-12-06 22:24:04 - [TEST_STEP][PASSED] - Statement - Checker = com.kms.katalon.core.webui.keyword.WebUiBuiltInKeywords.verifyElementNotPresent(tester, 3): Web element with id: 'Object Repository/Final Object Repo/Landing Page/Select to English' located by 'By.xpath: //a[@class = 'taglib-language-list-text' and @lang = 'en-US' and (contains(text(), 'EN') or contains(., 'EN'))]' is not present after '3' second(s)

2018-12-06 22:24:06 - [MESSAGE][PASSED] - Web element with id: 'Object Repository/Final Object Repo/Landing Page/Select to English' located by 'By.xpath: //a[@class = 'taglib-language-list-text' and @lang = 'en-US' and (contains(text(), 'EN') or contains(., 'EN'))]' is not present after '3' second(s)

2018-12-06 22:24:06 - [TEST_STEP][PASSED] - Statement - If (Checker == false): null

2018-12-06 22:24:06 - [TEST_STEP][PASSED] - delay: Delayed 2 second(s)

2018-12-06 22:24:08 - [MESSAGE][PASSED] - Delayed 2 second(s)

2018-12-06 22:24:08 - [TEST_STEP][PASSED] - delay: Delayed 5 second(s)

2018-12-06 22:24:13 - [MESSAGE][PASSED] - Delayed 5 second(s)

2018-12-06 22:24:13 - [TEST_STEP][PASSED] - mouseOver: Object: 'Object Repository/Final Object Repo/Landing Page/WorkFlow Menu' is hovered

2018-12-06 22:24:13 - [MESSAGE][PASSED] - Object: 'Object Repository/Final Object Repo/Landing Page/WorkFlow Menu' is hovered

2018-12-06 22:24:13 - [TEST_STEP][PASSED] - delay: Delayed 2 second(s)

2018-12-06 22:24:15 - [MESSAGE][PASSED] - Delayed 2 second(s)

2018-12-06 22:24:15 - [TEST_STEP][PASSED] - click: Object: 'Object Repository/Final Object Repo/Landing Page/Select to Workflow Listing' is clicked on

2018-12-06 22:24:16 - [MESSAGE][PASSED] - Object: 'Object Repository/Final Object Repo/Landing Page/Select to Workflow Listing' is clicked on

2018-12-06 22:24:16 - [TEST_STEP][PASSED] - delay: Delayed 2 second(s)

2018-12-06 22:24:18 - [MESSAGE][PASSED] - Delayed 2 second(s)

2018-12-06 22:24:18 - [TEST_STEP][PASSED] - click: Object: 'Object Repository/Final Object Repo/WorkFlow Listing Page/Search Information - To Put Ref No' is clicked on

2018-12-06 22:24:19 - [MESSAGE][PASSED] - Object: 'Object Repository/Final Object Repo/WorkFlow Listing Page/Search Information - To Put Ref No' is clicked on

2018-12-06 22:24:19 - [TEST_STEP][PASSED] - delay: Delayed 2 second(s)

2018-12-06 22:24:21 - [MESSAGE][PASSED] - Delayed 2 second(s)

2018-12-06 22:24:21 - [TEST_STEP][PASSED] - callTestCase: Call Test Case 'Test Cases/Final Aug 2018 - PKS Automation/Common/Reference Number Getter' successfully

2018-12-06 22:24:21 - [TEST_CASE][PASSED] - Test Cases/Final Aug 2018 - PKS Automation/Common/Reference Number Getter: Test Cases/Final Aug 2018 - PKS Automation/Common/Reference Number Getter

2018-12-06 22:24:21 - [TEST_STEP][PASSED] - Statement - Try: null

2018-12-06 22:24:21 - [TEST_STEP][PASSED] - Statement - RefNo = new java.io.File(C://Users//Admin//Desktop//PKS//Automation Reference Point//KatalonReference.txt): null

2018-12-06 22:24:21 - [TEST_STEP][PASSED] - Statement - bufferread = new java.io.BufferedReader(new java.io.FileReader(RefNo)): null

2018-12-06 22:24:21 - [TEST_STEP][PASSED] - Statement - readedVal = bufferread.readLine(): null

2018-12-06 22:24:21 - [TEST_STEP][PASSED] - Statement - out.println(CaseReferenceNo): null

2018-12-06 22:24:21 - [TEST_STEP][PASSED] - Statement - out.println(readedVal): null

2018-12-06 22:24:21 - [TEST_STEP][PASSED] - Statement - CaseReferenceNo = "": null

2018-12-06 22:24:21 - [TEST_STEP][PASSED] - Statement - CaseReferenceNo = readedVal: null

2018-12-06 22:24:21 - [MESSAGE][PASSED] - Call Test Case 'Test Cases/Final Aug 2018 - PKS Automation/Common/Reference Number Getter' successfully

2018-12-06 22:24:21 - [TEST_STEP][PASSED] - setText: Text 'CRN12201800123065' is set on object 'Object Repository/Final Object Repo/WorkFlow Listing Page/Ref No Set Text'

2018-12-06 22:24:21 - [MESSAGE][PASSED] - Text 'CRN12201800123065' is set on object 'Object Repository/Final Object Repo/WorkFlow Listing Page/Ref No Set Text'

2018-12-06 22:24:21 - [TEST_STEP][PASSED] - delay: Delayed 2 second(s)

2018-12-06 22:24:23 - [MESSAGE][PASSED] - Delayed 2 second(s)

2018-12-06 22:24:23 - [TEST_STEP][PASSED] - click: Object: 'Object Repository/Final Object Repo/WorkFlow Listing Page/Search Ref No Search Button' is clicked on

2018-12-06 22:24:23 - [MESSAGE][PASSED] - Object: 'Object Repository/Final Object Repo/WorkFlow Listing Page/Search Ref No Search Button' is clicked on

2018-12-06 22:24:23 - [TEST_STEP][PASSED] - delay: Delayed 6 second(s)

2018-12-06 22:24:29 - [MESSAGE][PASSED] - Delayed 6 second(s)

2018-12-06 22:24:29 - [TEST_STEP][PASSED] - click: Object: 'Object Repository/Final Object Repo/WorkFlow Listing Page/Click Continue Tooltip' is clicked on

2018-12-06 22:24:30 - [MESSAGE][PASSED] - Object: 'Object Repository/Final Object Repo/WorkFlow Listing Page/Click Continue Tooltip' is clicked on

2018-12-06 22:24:30 - [TEST_STEP][PASSED] - delay: Delayed 5 second(s)

2018-12-06 22:24:35 - [MESSAGE][PASSED] - Delayed 5 second(s)

2018-12-06 22:24:35 - [TEST_STEP][PASSED] - doubleClick: Object: 'Object Repository/Final Object Repo/WorkFlow Listing Page/Workflow Found - Listing 1' is double clicked on

2018-12-06 22:24:35 - [MESSAGE][PASSED] - Object: 'Object Repository/Final Object Repo/WorkFlow Listing Page/Workflow Found - Listing 1' is double clicked on

2018-12-06 22:24:35 - [TEST_STEP][PASSED] - Statement - println(OwnerID): null

2018-12-06 22:24:35 - [TEST_STEP][PASSED] - Statement - OwnerID = com.kms.katalon.core.webui.keyword.WebUiBuiltInKeywords.getText(com.kms.katalon.core.testobject.ObjectRepository.findTestObject(Final Object Repo/WorkFlow Listing Page/Workflow Found - Listing 1), STOP_ON_FAILURE): Text of object 'Object Repository/Final Object Repo/WorkFlow Listing Page/Workflow Found - Listing 1' is: 'KLpkrbo2'

2018-12-06 22:24:35 - [MESSAGE][PASSED] - Text of object 'Object Repository/Final Object Repo/WorkFlow Listing Page/Workflow Found - Listing 1' is: 'KLpkrbo2'

2018-12-06 22:24:35 - [TEST_STEP][PASSED] - Statement - OwnerID = OwnerID.toLowerCase() + "@gmail.com": null

2018-12-06 22:24:35 - [TEST_STEP][PASSED] - Statement - println(OwnerID): null

2018-12-06 22:24:35 - [TEST_STEP][PASSED] - delay: Delayed 2 second(s)

2018-12-06 22:24:37 - [MESSAGE][PASSED] - Delayed 2 second(s)

2018-12-06 22:24:37 - [MESSAGE][PASSED] - Call Test Case 'Test Cases/Final Aug 2018 - PKS Automation/Common/Workflow Owner Finder' successfully

2018-12-06 22:24:37 - [TEST_STEP][PASSED] - callTestCase: Call Test Case 'Test Cases/Final Aug 2018 - PKS Automation/Registration Module/Log Out/log out avoiding katalon tagging' successfully

2018-12-06 22:24:37 - [TEST_CASE][PASSED] - Test Cases/Final Aug 2018 - PKS Automation/Registration Module/Log Out/log out avoiding katalon tagging: Test Cases/Final Aug 2018 - PKS Automation/Registration Module/Log Out/log out avoiding katalon tagging

2018-12-06 22:24:37 - [TEST_STEP][PASSED] - navigateToUrl: Navigate to 'https://assist2-uat.perkeso.gov.my/c/portal/logout' successfully

2018-12-06 22:24:38 - [MESSAGE][PASSED] - Navigate to 'https://assist2-uat.perkeso.gov.my/c/portal/logout' successfully

2018-12-06 22:24:38 - [MESSAGE][PASSED] - Call Test Case 'Test Cases/Final Aug 2018 - PKS Automation/Registration Module/Log Out/log out avoiding katalon tagging' successfully

2018-12-06 22:24:38 - [TEST_STEP][PASSED] - delay: Delayed 2 second(s)

2018-12-06 22:24:40 - [MESSAGE][PASSED] - Delayed 2 second(s)

2018-12-06 22:24:40 - [TEST_STEP][PASSED] - setText: Text 'klpkrbo2@gmail.com' is set on object 'Object Repository/Final Object Repo/New Registration - Registration Module Pages/New Reg - OTC to RO/Special Case - All Related Objects/Email TextBox'

2018-12-06 22:24:40 - [MESSAGE][PASSED] - Text 'klpkrbo2@gmail.com' is set on object 'Object Repository/Final Object Repo/New Registration - Registration Module Pages/New Reg - OTC to RO/Special Case - All Related Objects/Email TextBox'

2018-12-06 22:24:40 - [TEST_STEP][PASSED] - click: Object: 'Object Repository/Final Object Repo/New Registration - Registration Module Pages/New Reg - OTC to RO/Special Case - All Related Objects/Next Button' is clicked on

2018-12-06 22:24:41 - [MESSAGE][PASSED] - Object: 'Object Repository/Final Object Repo/New Registration - Registration Module Pages/New Reg - OTC to RO/Special Case - All Related Objects/Next Button' is clicked on

2018-12-06 22:24:41 - [TEST_STEP][PASSED] - delay: Delayed 2 second(s)

2018-12-06 22:24:43 - [MESSAGE][PASSED] - Delayed 2 second(s)

2018-12-06 22:24:43 - [TEST_STEP][PASSED] - setText: Text 'Test1@3456789' is set on object 'Object Repository/Final Object Repo/New Registration - Registration Module Pages/New Reg - OTC to RO/Special Case - All Related Objects/Password TextBox'

2018-12-06 22:24:43 - [MESSAGE][PASSED] - Text 'Test1@3456789' is set on object 'Object Repository/Final Object Repo/New Registration - Registration Module Pages/New Reg - OTC to RO/Special Case - All Related Objects/Password TextBox'

2018-12-06 22:24:43 - [TEST_STEP][PASSED] - delay: Delayed 2 second(s)

2018-12-06 22:24:45 - [MESSAGE][PASSED] - Delayed 2 second(s)

2018-12-06 22:24:45 - [TEST_STEP][PASSED] - click: Object: 'Object Repository/Final Object Repo/New Registration - Registration Module Pages/New Reg - OTC to RO/Special Case - All Related Objects/Login Button' is clicked on

2018-12-06 22:24:45 - [MESSAGE][PASSED] - Object: 'Object Repository/Final Object Repo/New Registration - Registration Module Pages/New Reg - OTC to RO/Special Case - All Related Objects/Login Button' is clicked on

2018-12-06 22:24:45 - [TEST_STEP][PASSED] - delay: Delayed 2 second(s)

2018-12-06 22:24:47 - [MESSAGE][PASSED] - Delayed 2 second(s)

2018-12-06 22:24:47 - [TEST_STEP][PASSED] - Statement - Try: null

2018-12-06 22:24:47 - [TEST_STEP][PASSED] - Statement - Checker = com.kms.katalon.core.webui.keyword.WebUiBuiltInKeywords.verifyElementNotPresent("Final Object Repo/Landing Page/Select to English", 3): null

2018-12-06 22:24:47 - [TEST_STEP][PASSED] - Statement - Catch (Exception e): null

2018-12-06 22:24:47 - [TEST_STEP][PASSED] - Statement - e.printStackTrace(): null

2018-12-06 22:24:47 - [TEST_STEP][PASSED] - click: Object: 'Object Repository/Final Object Repo/New Registration - Registration Module Pages/New Reg - OTC to RO/Special Case - All Related Objects/Expand to Search' is clicked on

2018-12-06 22:24:47 - [MESSAGE][PASSED] - Object: 'Object Repository/Final Object Repo/New Registration - Registration Module Pages/New Reg - OTC to RO/Special Case - All Related Objects/Expand to Search' is clicked on

2018-12-06 22:24:47 - [TEST_STEP][PASSED] - delay: Delayed 2 second(s)

2018-12-06 22:24:49 - [MESSAGE][PASSED] - Delayed 2 second(s)

2018-12-06 22:24:49 - [TEST_STEP][PASSED] - setText: Text 'CRN12201800123065' is set on object 'Object Repository/Final Object Repo/New Registration - Registration Module Pages/New Reg - OTC to RO/Special Case - All Related Objects/TextBox RefNo in Workbasket'

2018-12-06 22:24:49 - [MESSAGE][PASSED] - Text 'CRN12201800123065' is set on object 'Object Repository/Final Object Repo/New Registration - Registration Module Pages/New Reg - OTC to RO/Special Case - All Related Objects/TextBox RefNo in Workbasket'

2018-12-06 22:24:49 - [TEST_STEP][PASSED] - delay: Delayed 2 second(s)

2018-12-06 22:24:51 - [MESSAGE][PASSED] - Delayed 2 second(s)

2018-12-06 22:24:51 - [TEST_STEP][PASSED] - click: Object: 'Object Repository/Final Object Repo/New Registration - Registration Module Pages/New Reg - OTC to RO/Special Case - All Related Objects/Click Search' is clicked on

2018-12-06 22:24:52 - [MESSAGE][PASSED] - Object: 'Object Repository/Final Object Repo/New Registration - Registration Module Pages/New Reg - OTC to RO/Special Case - All Related Objects/Click Search' is clicked on

2018-12-06 22:24:52 - [TEST_STEP][PASSED] - delay: Delayed 2 second(s)

2018-12-06 22:24:54 - [MESSAGE][PASSED] - Delayed 2 second(s)

2018-12-06 22:24:54 - [TEST_STEP][PASSED] - click: Object: 'Object Repository/Final Object Repo/New Registration - Registration Module Pages/New Reg - OTC to RO/Special Case - All Related Objects/Click to Continue Workflow' is clicked on

2018-12-06 22:24:56 - [MESSAGE][PASSED] - Object: 'Object Repository/Final Object Repo/New Registration - Registration Module Pages/New Reg - OTC to RO/Special Case - All Related Objects/Click to Continue Workflow' is clicked on

2018-12-06 22:24:56 - [TEST_STEP][PASSED] - delay: Delayed 2 second(s)

2018-12-06 22:24:58 - [MESSAGE][PASSED] - Delayed 2 second(s)

2018-12-06 22:24:58 - [TEST_STEP][FAILED] - click: Unable to click on object 'Object Repository/Final Object Repo/New Registration - Registration Module Pages/New Reg - OTC to RO/Special Case - All Related Objects/Continue Button in verifying case' (Root cause: org.openqa.selenium.ElementNotVisibleException: element not interactable
  (Session info: chrome=70.0.3538.110)
  (Driver info: chromedriver=2.43.600210 (68dcf5eebde37173d4027fa8635e332711d2874a),platform=Windows NT 6.1.7601 SP1 x86_64) (WARNING: The server did not provide any stacktrace information)
Command duration or timeout: 0 milliseconds
Build info: version: '3.7.1', revision: '8a0099a', time: '2017-11-06T21:07:36.161Z'
System info: host: 'WIN7TEST02', ip: '10.20.3.72', os.name: 'Windows 7', os.arch: 'amd64', os.version: '6.1', java.version: '1.8.0_181'
Driver info: com.kms.katalon.selenium.driver.CChromeDriver
Capabilities {acceptInsecureCerts: false, acceptSslCerts: false, applicationCacheEnabled: false, browserConnectionEnabled: false, browserName: chrome, chrome: {chromedriverVersion: 2.43.600210 (68dcf5eebde371..., userDataDir: C:\Users\Admin\AppData\Loca...}, cssSelectorsEnabled: true, databaseEnabled: false, goog:chromeOptions: {debuggerAddress: localhost:61189}, handlesAlerts: true, hasTouchScreen: false, javascriptEnabled: true, locationContextEnabled: true, mobileEmulationEnabled: false, nativeEvents: true, networkConnectionEnabled: false, pageLoadStrategy: normal, platform: XP, platformName: XP, rotatable: false, setWindowRect: true, takesHeapSnapshot: true, takesScreenshot: true, unexpectedAlertBehaviour: , unhandledPromptBehavior: , version: 70.0.3538.110, webStorageEnabled: true}
Session ID: bf0db2520270bea0074748a843b5d9c1)

2018-12-06 22:24:58 - [MESSAGE][FAILED] - Unable to click on object 'Object Repository/Final Object Repo/New Registration - Registration Module Pages/New Reg - OTC to RO/Special Case - All Related Objects/Continue Button in verifying case' (Root cause: org.openqa.selenium.ElementNotVisibleException: element not interactable
  (Session info: chrome=70.0.3538.110)
  (Driver info: chromedriver=2.43.600210 (68dcf5eebde37173d4027fa8635e332711d2874a),platform=Windows NT 6.1.7601 SP1 x86_64) (WARNING: The server did not provide any stacktrace information)
Command duration or timeout: 0 milliseconds
Build info: version: '3.7.1', revision: '8a0099a', time: '2017-11-06T21:07:36.161Z'
System info: host: 'WIN7TEST02', ip: '10.20.3.72', os.name: 'Windows 7', os.arch: 'amd64', os.version: '6.1', java.version: '1.8.0_181'
Driver info: com.kms.katalon.selenium.driver.CChromeDriver
Capabilities {acceptInsecureCerts: false, acceptSslCerts: false, applicationCacheEnabled: false, browserConnectionEnabled: false, browserName: chrome, chrome: {chromedriverVersion: 2.43.600210 (68dcf5eebde371..., userDataDir: C:\Users\Admin\AppData\Loca...}, cssSelectorsEnabled: true, databaseEnabled: false, goog:chromeOptions: {debuggerAddress: localhost:61189}, handlesAlerts: true, hasTouchScreen: false, javascriptEnabled: true, locationContextEnabled: true, mobileEmulationEnabled: false, nativeEvents: true, networkConnectionEnabled: false, pageLoadStrategy: normal, platform: XP, platformName: XP, rotatable: false, setWindowRect: true, takesHeapSnapshot: true, takesScreenshot: true, unexpectedAlertBehaviour: , unhandledPromptBehavior: , version: 70.0.3538.110, webStorageEnabled: true}
Session ID: bf0db2520270bea0074748a843b5d9c1)
[[ATTACHMENT|C:\\Users\\Admin\\Desktop\\PKS\\Perkeso Phase A\\Reports\\Workflow\\New Registration\\20181206_171414\\1544106298145.png]]

2018-12-06 22:24:58 - [TEST_STEP][PASSED] - delay: Delayed 2 second(s)

2018-12-06 22:25:00 - [MESSAGE][PASSED] - Delayed 2 second(s)

2018-12-06 22:25:00 - [TEST_STEP][PASSED] - click: Object: 'Object Repository/Final Object Repo/New Registration - Registration Module Pages/Form 1/Registered As a Branch - Yes' is clicked on

2018-12-06 22:25:00 - [MESSAGE][PASSED] - Object: 'Object Repository/Final Object Repo/New Registration - Registration Module Pages/Form 1/Registered As a Branch - Yes' is clicked on

2018-12-06 22:25:00 - [TEST_STEP][PASSED] - delay: Delayed 2 second(s)

2018-12-06 22:25:02 - [MESSAGE][PASSED] - Delayed 2 second(s)

2018-12-06 22:25:02 - [TEST_STEP][PASSED] - click: Object: 'Object Repository/Final Object Repo/New Registration - Registration Module Pages/New Reg - OTC to RO/Special Case - All Related Objects/Form 1 Save n Continue' is clicked on

2018-12-06 22:25:02 - [MESSAGE][PASSED] - Object: 'Object Repository/Final Object Repo/New Registration - Registration Module Pages/New Reg - OTC to RO/Special Case - All Related Objects/Form 1 Save n Continue' is clicked on

2018-12-06 22:25:02 - [TEST_STEP][PASSED] - delay: Delayed 2 second(s)

2018-12-06 22:25:04 - [MESSAGE][PASSED] - Delayed 2 second(s)

2018-12-06 22:25:04 - [TEST_STEP][PASSED] - click: Object: 'Object Repository/Final Object Repo/New Registration - Registration Module Pages/New Reg - OTC to RO/Special Case - All Related Objects/Form 2 Save n Continue' is clicked on

2018-12-06 22:25:05 - [MESSAGE][PASSED] - Object: 'Object Repository/Final Object Repo/New Registration - Registration Module Pages/New Reg - OTC to RO/Special Case - All Related Objects/Form 2 Save n Continue' is clicked on

2018-12-06 22:25:05 - [TEST_STEP][PASSED] - delay: Delayed 2 second(s)

2018-12-06 22:25:07 - [MESSAGE][PASSED] - Delayed 2 second(s)

2018-12-06 22:25:07 - [TEST_STEP][PASSED] - click: Object: 'Object Repository/Final Object Repo/New Registration - Registration Module Pages/New Reg - OTC to RO/Special Case - All Related Objects/Third Screen Save n Continue' is clicked on

2018-12-06 22:25:12 - [MESSAGE][PASSED] - Object: 'Object Repository/Final Object Repo/New Registration - Registration Module Pages/New Reg - OTC to RO/Special Case - All Related Objects/Third Screen Save n Continue' is clicked on

2018-12-06 22:25:12 - [TEST_STEP][PASSED] - delay: Delayed 5 second(s)

2018-12-06 22:25:17 - [MESSAGE][PASSED] - Delayed 5 second(s)

2018-12-06 22:25:17 - [TEST_STEP][PASSED] - click: Object: 'Object Repository/Final Object Repo/New Registration - Registration Module Pages/New Reg - OTC to RO/Special Case - All Related Objects/Upload Doc Page Save n Continue' is clicked on

2018-12-06 22:25:17 - [MESSAGE][PASSED] - Object: 'Object Repository/Final Object Repo/New Registration - Registration Module Pages/New Reg - OTC to RO/Special Case - All Related Objects/Upload Doc Page Save n Continue' is clicked on

2018-12-06 22:25:17 - [TEST_STEP][PASSED] - callTestCase: Call Test Case 'Test Cases/Final Aug 2018 - PKS Automation/Registration Module/New Registration/Submit and Screenshot/Submit Registration and Screenshot' successfully

2018-12-06 22:25:17 - [TEST_CASE][PASSED] - Test Cases/Final Aug 2018 - PKS Automation/Registration Module/New Registration/Submit and Screenshot/Submit Registration and Screenshot: Test Cases/Final Aug 2018 - PKS Automation/Registration Module/New Registration/Submit and Screenshot/Submit Registration and Screenshot

2018-12-06 22:25:17 - [TEST_STEP][PASSED] - delay: Delayed 6 second(s)

2018-12-06 22:25:23 - [MESSAGE][PASSED] - Delayed 6 second(s)

2018-12-06 22:25:23 - [TEST_STEP][PASSED] - click: Object: 'Object Repository/Final Object Repo/New Registration - Registration Module Pages/Third Screen - Upload Supporting Doc- Preview/Preview Submit Button' is clicked on

2018-12-06 22:25:23 - [MESSAGE][PASSED] - Object: 'Object Repository/Final Object Repo/New Registration - Registration Module Pages/Third Screen - Upload Supporting Doc- Preview/Preview Submit Button' is clicked on

2018-12-06 22:25:23 - [TEST_STEP][PASSED] - delay: Delayed 2 second(s)

2018-12-06 22:25:25 - [MESSAGE][PASSED] - Delayed 2 second(s)

2018-12-06 22:25:25 - [TEST_STEP][PASSED] - click: Object: 'Object Repository/Final Object Repo/New Registration - Registration Module Pages/Third Screen - Upload Supporting Doc- Preview/Preview Submit - Confirm' is clicked on

2018-12-06 22:25:25 - [MESSAGE][PASSED] - Object: 'Object Repository/Final Object Repo/New Registration - Registration Module Pages/Third Screen - Upload Supporting Doc- Preview/Preview Submit - Confirm' is clicked on

2018-12-06 22:25:25 - [TEST_STEP][PASSED] - delay: Delayed 15 second(s)

2018-12-06 22:25:40 - [MESSAGE][PASSED] - Delayed 15 second(s)

2018-12-06 22:25:40 - [TEST_STEP][PASSED] - Statement - driver = com.kms.katalon.core.webui.driver.DriverFactory.getWebDriver(): null

2018-12-06 22:25:40 - [TEST_STEP][PASSED] - Statement - driver.manage().timeouts().implicitlyWait(10, SECONDS): null

2018-12-06 22:25:40 - [TEST_STEP][PASSED] - Statement - PresavePath = KatalonScreenshots: null

2018-12-06 22:25:40 - [TEST_STEP][PASSED] - Statement - pathPrefix = "C:\Users\Public\Pictures\Sample Pictures\Katalon Screenshots\Automate Ending Screen": null

2018-12-06 22:25:40 - [TEST_STEP][PASSED] - Statement - finalPath = <not implemented yet for class: org.codehaus.groovy.ast.expr.EmptyExpression>: null

2018-12-06 22:25:40 - [TEST_STEP][PASSED] - Statement - scrFile = driver.getScreenshotAs(FILE): null

2018-12-06 22:25:41 - [TEST_STEP][PASSED] - Statement - PreSaveFile = new java.io.File(PresavePath): null

2018-12-06 22:25:41 - [TEST_STEP][PASSED] - Statement - counter = 0: null

2018-12-06 22:25:41 - [TEST_STEP][PASSED] - Statement - If (PreSaveFile.exists()): null

2018-12-06 22:25:41 - [TEST_STEP][PASSED] - Statement - While (PreSaveFile.exists()): null

2018-12-06 22:25:41 - [TEST_STEP][PASSED] - Statement - counter = counter + 1: null

2018-12-06 22:25:41 - [TEST_STEP][PASSED] - Statement - PreSaveFile = new java.io.File(((pathPrefix + java.lang.Integer.toString(counter)) + .png)): null

2018-12-06 22:25:41 - [TEST_STEP][PASSED] - Statement - counter = counter + 1: null

2018-12-06 22:25:41 - [TEST_STEP][PASSED] - Statement - PreSaveFile = new java.io.File(((pathPrefix + java.lang.Integer.toString(counter)) + .png)): null

2018-12-06 22:25:41 - [TEST_STEP][PASSED] - Statement - counter = counter + 1: null

2018-12-06 22:25:41 - [TEST_STEP][PASSED] - Statement - PreSaveFile = new java.io.File(((pathPrefix + java.lang.Integer.toString(counter)) + .png)): null

2018-12-06 22:25:41 - [TEST_STEP][PASSED] - Statement - counter = counter + 1: null

2018-12-06 22:25:41 - [TEST_STEP][PASSED] - Statement - PreSaveFile = new java.io.File(((pathPrefix + java.lang.Integer.toString(counter)) + .png)): null

2018-12-06 22:25:41 - [TEST_STEP][PASSED] - Statement - counter = counter + 1: null

2018-12-06 22:25:41 - [TEST_STEP][PASSED] - Statement - PreSaveFile = new java.io.File(((pathPrefix + java.lang.Integer.toString(counter)) + .png)): null

2018-12-06 22:25:41 - [TEST_STEP][PASSED] - Statement - counter = counter + 1: null

2018-12-06 22:25:41 - [TEST_STEP][PASSED] - Statement - PreSaveFile = new java.io.File(((pathPrefix + java.lang.Integer.toString(counter)) + .png)): null

2018-12-06 22:25:41 - [TEST_STEP][PASSED] - Statement - counter = counter + 1: null

2018-12-06 22:25:41 - [TEST_STEP][PASSED] - Statement - PreSaveFile = new java.io.File(((pathPrefix + java.lang.Integer.toString(counter)) + .png)): null

2018-12-06 22:25:41 - [TEST_STEP][PASSED] - Statement - counter = counter + 1: null

2018-12-06 22:25:41 - [TEST_STEP][PASSED] - Statement - PreSaveFile = new java.io.File(((pathPrefix + java.lang.Integer.toString(counter)) + .png)): null

2018-12-06 22:25:41 - [TEST_STEP][PASSED] - Statement - counter = counter + 1: null

2018-12-06 22:25:41 - [TEST_STEP][PASSED] - Statement - PreSaveFile = new java.io.File(((pathPrefix + java.lang.Integer.toString(counter)) + .png)): null

2018-12-06 22:25:41 - [TEST_STEP][PASSED] - Statement - counter = counter + 1: null

2018-12-06 22:25:41 - [TEST_STEP][PASSED] - Statement - PreSaveFile = new java.io.File(((pathPrefix + java.lang.Integer.toString(counter)) + .png)): null

2018-12-06 22:25:41 - [TEST_STEP][PASSED] - Statement - counter = counter + 1: null

2018-12-06 22:25:41 - [TEST_STEP][PASSED] - Statement - PreSaveFile = new java.io.File(((pathPrefix + java.lang.Integer.toString(counter)) + .png)): null

2018-12-06 22:25:41 - [TEST_STEP][PASSED] - Statement - counter = counter + 1: null

2018-12-06 22:25:41 - [TEST_STEP][PASSED] - Statement - PreSaveFile = new java.io.File(((pathPrefix + java.lang.Integer.toString(counter)) + .png)): null

2018-12-06 22:25:41 - [TEST_STEP][PASSED] - Statement - counter = counter + 1: null

2018-12-06 22:25:41 - [TEST_STEP][PASSED] - Statement - PreSaveFile = new java.io.File(((pathPrefix + java.lang.Integer.toString(counter)) + .png)): null

2018-12-06 22:25:41 - [TEST_STEP][PASSED] - Statement - counter = counter + 1: null

2018-12-06 22:25:41 - [TEST_STEP][PASSED] - Statement - PreSaveFile = new java.io.File(((pathPrefix + java.lang.Integer.toString(counter)) + .png)): null

2018-12-06 22:25:41 - [TEST_STEP][PASSED] - Statement - counter = counter + 1: null

2018-12-06 22:25:41 - [TEST_STEP][PASSED] - Statement - PreSaveFile = new java.io.File(((pathPrefix + java.lang.Integer.toString(counter)) + .png)): null

2018-12-06 22:25:41 - [TEST_STEP][PASSED] - Statement - counter = counter + 1: null

2018-12-06 22:25:41 - [TEST_STEP][PASSED] - Statement - PreSaveFile = new java.io.File(((pathPrefix + java.lang.Integer.toString(counter)) + .png)): null

2018-12-06 22:25:41 - [TEST_STEP][PASSED] - Statement - counter = counter + 1: null

2018-12-06 22:25:41 - [TEST_STEP][PASSED] - Statement - PreSaveFile = new java.io.File(((pathPrefix + java.lang.Integer.toString(counter)) + .png)): null

2018-12-06 22:25:41 - [TEST_STEP][PASSED] - Statement - counter = counter + 1: null

2018-12-06 22:25:41 - [TEST_STEP][PASSED] - Statement - PreSaveFile = new java.io.File(((pathPrefix + java.lang.Integer.toString(counter)) + .png)): null

2018-12-06 22:25:41 - [TEST_STEP][PASSED] - Statement - counter = counter + 1: null

2018-12-06 22:25:41 - [TEST_STEP][PASSED] - Statement - PreSaveFile = new java.io.File(((pathPrefix + java.lang.Integer.toString(counter)) + .png)): null

2018-12-06 22:25:41 - [TEST_STEP][PASSED] - Statement - counter = counter + 1: null

2018-12-06 22:25:41 - [TEST_STEP][PASSED] - Statement - PreSaveFile = new java.io.File(((pathPrefix + java.lang.Integer.toString(counter)) + .png)): null

2018-12-06 22:25:41 - [TEST_STEP][PASSED] - Statement - counter = counter + 1: null

2018-12-06 22:25:41 - [TEST_STEP][PASSED] - Statement - PreSaveFile = new java.io.File(((pathPrefix + java.lang.Integer.toString(counter)) + .png)): null

2018-12-06 22:25:41 - [TEST_STEP][PASSED] - Statement - counter = counter + 1: null

2018-12-06 22:25:41 - [TEST_STEP][PASSED] - Statement - PreSaveFile = new java.io.File(((pathPrefix + java.lang.Integer.toString(counter)) + .png)): null

2018-12-06 22:25:41 - [TEST_STEP][PASSED] - Statement - counter = counter + 1: null

2018-12-06 22:25:41 - [TEST_STEP][PASSED] - Statement - PreSaveFile = new java.io.File(((pathPrefix + java.lang.Integer.toString(counter)) + .png)): null

2018-12-06 22:25:41 - [TEST_STEP][PASSED] - Statement - counter = counter + 1: null

2018-12-06 22:25:41 - [TEST_STEP][PASSED] - Statement - PreSaveFile = new java.io.File(((pathPrefix + java.lang.Integer.toString(counter)) + .png)): null

2018-12-06 22:25:41 - [TEST_STEP][PASSED] - Statement - counter = counter + 1: null

2018-12-06 22:25:41 - [TEST_STEP][PASSED] - Statement - PreSaveFile = new java.io.File(((pathPrefix + java.lang.Integer.toString(counter)) + .png)): null

2018-12-06 22:25:41 - [TEST_STEP][PASSED] - Statement - counter = counter + 1: null

2018-12-06 22:25:41 - [TEST_STEP][PASSED] - Statement - PreSaveFile = new java.io.File(((pathPrefix + java.lang.Integer.toString(counter)) + .png)): null

2018-12-06 22:25:41 - [TEST_STEP][PASSED] - Statement - counter = counter + 1: null

2018-12-06 22:25:41 - [TEST_STEP][PASSED] - Statement - PreSaveFile = new java.io.File(((pathPrefix + java.lang.Integer.toString(counter)) + .png)): null

2018-12-06 22:25:41 - [TEST_STEP][PASSED] - Statement - counter = counter + 1: null

2018-12-06 22:25:41 - [TEST_STEP][PASSED] - Statement - PreSaveFile = new java.io.File(((pathPrefix + java.lang.Integer.toString(counter)) + .png)): null

2018-12-06 22:25:41 - [TEST_STEP][PASSED] - Statement - counter = counter + 1: null

2018-12-06 22:25:41 - [TEST_STEP][PASSED] - Statement - PreSaveFile = new java.io.File(((pathPrefix + java.lang.Integer.toString(counter)) + .png)): null

2018-12-06 22:25:41 - [TEST_STEP][PASSED] - Statement - counter = counter + 1: null

2018-12-06 22:25:41 - [TEST_STEP][PASSED] - Statement - PreSaveFile = new java.io.File(((pathPrefix + java.lang.Integer.toString(counter)) + .png)): null

2018-12-06 22:25:41 - [TEST_STEP][PASSED] - Statement - counter = counter + 1: null

2018-12-06 22:25:41 - [TEST_STEP][PASSED] - Statement - PreSaveFile = new java.io.File(((pathPrefix + java.lang.Integer.toString(counter)) + .png)): null

2018-12-06 22:25:41 - [TEST_STEP][PASSED] - Statement - counter = counter + 1: null

2018-12-06 22:25:41 - [TEST_STEP][PASSED] - Statement - PreSaveFile = new java.io.File(((pathPrefix + java.lang.Integer.toString(counter)) + .png)): null

2018-12-06 22:25:41 - [TEST_STEP][PASSED] - Statement - counter = counter + 1: null

2018-12-06 22:25:41 - [TEST_STEP][PASSED] - Statement - PreSaveFile = new java.io.File(((pathPrefix + java.lang.Integer.toString(counter)) + .png)): null

2018-12-06 22:25:41 - [TEST_STEP][PASSED] - Statement - counter = counter + 1: null

2018-12-06 22:25:41 - [TEST_STEP][PASSED] - Statement - PreSaveFile = new java.io.File(((pathPrefix + java.lang.Integer.toString(counter)) + .png)): null

2018-12-06 22:25:41 - [TEST_STEP][PASSED] - Statement - counter = counter + 1: null

2018-12-06 22:25:41 - [TEST_STEP][PASSED] - Statement - PreSaveFile = new java.io.File(((pathPrefix + java.lang.Integer.toString(counter)) + .png)): null

2018-12-06 22:25:41 - [TEST_STEP][PASSED] - Statement - counter = counter + 1: null

2018-12-06 22:25:41 - [TEST_STEP][PASSED] - Statement - PreSaveFile = new java.io.File(((pathPrefix + java.lang.Integer.toString(counter)) + .png)): null

2018-12-06 22:25:41 - [TEST_STEP][PASSED] - Statement - counter = counter + 1: null

2018-12-06 22:25:41 - [TEST_STEP][PASSED] - Statement - PreSaveFile = new java.io.File(((pathPrefix + java.lang.Integer.toString(counter)) + .png)): null

2018-12-06 22:25:41 - [TEST_STEP][PASSED] - Statement - counter = counter + 1: null

2018-12-06 22:25:41 - [TEST_STEP][PASSED] - Statement - PreSaveFile = new java.io.File(((pathPrefix + java.lang.Integer.toString(counter)) + .png)): null

2018-12-06 22:25:41 - [TEST_STEP][PASSED] - Statement - finalPath = pathPrefix + java.lang.Integer.toString(counter) + ".png": null

2018-12-06 22:25:41 - [TEST_STEP][PASSED] - Statement - SaveFile = new java.io.File(finalPath): null

2018-12-06 22:25:41 - [TEST_STEP][PASSED] - Statement - Try: null

2018-12-06 22:25:41 - [TEST_STEP][PASSED] - Statement - org.apache.commons.io.FileUtils.copyFile(scrFile, SaveFile): null

2018-12-06 22:25:41 - [TEST_STEP][PASSED] - Statement - out.println("file kept"): null

2018-12-06 22:25:41 - [TEST_STEP][PASSED] - delay: Delayed 10 second(s)

2018-12-06 22:25:51 - [MESSAGE][PASSED] - Delayed 10 second(s)

2018-12-06 22:25:51 - [MESSAGE][PASSED] - Call Test Case 'Test Cases/Final Aug 2018 - PKS Automation/Registration Module/New Registration/Submit and Screenshot/Submit Registration and Screenshot' successfully]]></system-out>
         <system-err><![CDATA[2018-12-06 22:16:43 - [TEST_CASE][FAILED] - Test Cases/Final Aug 2018 - PKS Automation/Registration Module/Workflow/New Registration/OTC - PKR BO - RO Submit(Routed 2 Time): Test Cases/Final Aug 2018 - PKS Automation/Registration Module/Workflow/New Registration/OTC - PKR BO - RO Submit(Routed 2 Time) FAILED because (of) (Stack trace: com.kms.katalon.core.exception.StepFailedException: Unable to click on object 'Object Repository/Final Object Repo/New Registration - Registration Module Pages/New Reg - OTC to RO/Special Case - All Related Objects/Continue Button in verifying case' (Root cause: org.openqa.selenium.ElementNotVisibleException: element not interactable
  (Session info: chrome=70.0.3538.110)
  (Driver info: chromedriver=2.43.600210 (68dcf5eebde37173d4027fa8635e332711d2874a),platform=Windows NT 6.1.7601 SP1 x86_64) (WARNING: The server did not provide any stacktrace information)
Command duration or timeout: 0 milliseconds
Build info: version: '3.7.1', revision: '8a0099a', time: '2017-11-06T21:07:36.161Z'
System info: host: 'WIN7TEST02', ip: '10.20.3.72', os.name: 'Windows 7', os.arch: 'amd64', os.version: '6.1', java.version: '1.8.0_181'
Driver info: com.kms.katalon.selenium.driver.CChromeDriver
Capabilities {acceptInsecureCerts: false, acceptSslCerts: false, applicationCacheEnabled: false, browserConnectionEnabled: false, browserName: chrome, chrome: {chromedriverVersion: 2.43.600210 (68dcf5eebde371..., userDataDir: C:\Users\Admin\AppData\Loca...}, cssSelectorsEnabled: true, databaseEnabled: false, goog:chromeOptions: {debuggerAddress: localhost:61189}, handlesAlerts: true, hasTouchScreen: false, javascriptEnabled: true, locationContextEnabled: true, mobileEmulationEnabled: false, nativeEvents: true, networkConnectionEnabled: false, pageLoadStrategy: normal, platform: XP, platformName: XP, rotatable: false, setWindowRect: true, takesHeapSnapshot: true, takesScreenshot: true, unexpectedAlertBehaviour: , unhandledPromptBehavior: , version: 70.0.3538.110, webStorageEnabled: true}
Session ID: bf0db2520270bea0074748a843b5d9c1)
	at com.kms.katalon.core.keyword.internal.KeywordMain.stepFailed(KeywordMain.groovy:32)
	at com.kms.katalon.core.webui.keyword.internal.WebUIKeywordMain.stepFailed(WebUIKeywordMain.groovy:65)
	at com.kms.katalon.core.webui.keyword.internal.WebUIKeywordMain.runKeyword(WebUIKeywordMain.groovy:27)
	at com.kms.katalon.core.webui.keyword.builtin.ClickKeyword.click(ClickKeyword.groovy:86)
	at com.kms.katalon.core.webui.keyword.builtin.ClickKeyword.execute(ClickKeyword.groovy:67)
	at com.kms.katalon.core.keyword.internal.KeywordExecutor.executeKeywordForPlatform(KeywordExecutor.groovy:53)
	at com.kms.katalon.core.webui.keyword.WebUiBuiltInKeywords.click(WebUiBuiltInKeywords.groovy:616)
	at com.kms.katalon.core.webui.keyword.WebUiBuiltInKeywords$click$2.call(Unknown Source)
	at org.codehaus.groovy.runtime.callsite.CallSiteArray.defaultCall(CallSiteArray.java:48)
	at org.codehaus.groovy.runtime.callsite.AbstractCallSite.call(AbstractCallSite.java:113)
	at org.codehaus.groovy.runtime.callsite.AbstractCallSite.call(AbstractCallSite.java:125)
	at Script1535599368022.run(Script1535599368022.groovy:165)
	at com.kms.katalon.core.main.ScriptEngine.run(ScriptEngine.java:183)
	at com.kms.katalon.core.main.ScriptEngine.runScriptAsRawText(ScriptEngine.java:108)
	at com.kms.katalon.core.main.TestCaseExecutor.runScript(TestCaseExecutor.java:294)
	at com.kms.katalon.core.main.TestCaseExecutor.doExecute(TestCaseExecutor.java:285)
	at com.kms.katalon.core.main.TestCaseExecutor.processExecutionPhase(TestCaseExecutor.java:264)
	at com.kms.katalon.core.main.TestCaseExecutor.accessMainPhase(TestCaseExecutor.java:256)
	at com.kms.katalon.core.main.TestCaseExecutor.execute(TestCaseExecutor.java:200)
	at com.kms.katalon.core.main.TestSuiteExecutor.accessTestCaseMainPhase(TestSuiteExecutor.java:129)
	at com.kms.katalon.core.main.TestSuiteExecutor.accessTestSuiteMainPhase(TestSuiteExecutor.java:112)
	at com.kms.katalon.core.main.TestSuiteExecutor.execute(TestSuiteExecutor.java:81)
	at com.kms.katalon.core.main.TestCaseMain.startTestSuite(TestCaseMain.java:142)
	at com.kms.katalon.core.main.TestCaseMain$startTestSuite$0.call(Unknown Source)
	at org.codehaus.groovy.runtime.callsite.CallSiteArray.defaultCall(CallSiteArray.java:48)
	at org.codehaus.groovy.runtime.callsite.AbstractCallSite.call(AbstractCallSite.java:113)
	at org.codehaus.groovy.runtime.callsite.AbstractCallSite.call(AbstractCallSite.java:141)
	at TempTestSuite1544087654896.run(TempTestSuite1544087654896.groovy:36)
	at groovy.lang.GroovyShell.runScriptOrMainOrTestOrRunnable(GroovyShell.java:263)
	at groovy.lang.GroovyShell.run(GroovyShell.java:518)
	at groovy.lang.GroovyShell.run(GroovyShell.java:507)
	at groovy.ui.GroovyMain.processOnce(GroovyMain.java:653)
	at groovy.ui.GroovyMain.run(GroovyMain.java:384)
	at groovy.ui.GroovyMain.process(GroovyMain.java:370)
	at groovy.ui.GroovyMain.processArgs(GroovyMain.java:129)
	at groovy.ui.GroovyMain.main(GroovyMain.java:109)
	at sun.reflect.NativeMethodAccessorImpl.invoke0(Native Method)
	at sun.reflect.NativeMethodAccessorImpl.invoke(NativeMethodAccessorImpl.java:62)
	at sun.reflect.DelegatingMethodAccessorImpl.invoke(DelegatingMethodAccessorImpl.java:43)
	at java.lang.reflect.Method.invoke(Method.java:498)
	at org.codehaus.groovy.tools.GroovyStarter.rootLoader(GroovyStarter.java:109)
	at org.codehaus.groovy.tools.GroovyStarter.main(GroovyStarter.java:131)
)]]></system-err>
      </testcase>
      <testcase name="Test Cases/Final Aug 2018 - PKS Automation/Registration Module/Workflow/New Registration/OTC - PKR BO - RO Under Enforcement(Routed 2 Time)" classname="Test Cases/Final Aug 2018 - PKS Automation/Registration Module/Workflow/New Registration/OTC - PKR BO - RO Under Enforcement(Routed 2 Time)" status="PASSED">
         <system-out><![CDATA[2018-12-06 22:25:51 - [TEST_CASE][PASSED] - Test Cases/Final Aug 2018 - PKS Automation/Registration Module/Workflow/New Registration/OTC - PKR BO - RO Under Enforcement(Routed 2 Time): Test Cases/Final Aug 2018 - PKS Automation/Registration Module/Workflow/New Registration/OTC - PKR BO - RO Under Enforcement(Routed 2 Time)

2018-12-06 22:25:51 - [TEST_STEP][PASSED] - callTestCase: Call Test Case 'Test Cases/Final Aug 2018 - PKS Automation/Registration Module/Workflow/New Registration/Template/Special Case - OTC - Form 1' successfully

2018-12-06 22:25:51 - [TEST_CASE][PASSED] - Test Cases/Final Aug 2018 - PKS Automation/Registration Module/Workflow/New Registration/Template/Special Case - OTC - Form 1: Test Cases/Final Aug 2018 - PKS Automation/Registration Module/Workflow/New Registration/Template/Special Case - OTC - Form 1

2018-12-06 22:25:51 - [TEST_STEP][PASSED] - openBrowser: Browser is opened with url: ''

2018-12-06 22:25:51 - [MESSAGE][WARNING] - A browser is already opened. Closing browser and opening a new one

2018-12-06 22:25:55 - [MESSAGE][PASSED] - Browser is opened with url: ''

2018-12-06 22:25:55 - [TEST_STEP][PASSED] - navigateToUrl: Navigate to 'https://assist2-uat.perkeso.gov.my/login' successfully

2018-12-06 22:25:56 - [MESSAGE][PASSED] - Navigate to 'https://assist2-uat.perkeso.gov.my/login' successfully

2018-12-06 22:25:56 - [TEST_STEP][PASSED] - delay: Delayed 2 second(s)

2018-12-06 22:25:58 - [MESSAGE][PASSED] - Delayed 2 second(s)

2018-12-06 22:25:58 - [TEST_STEP][PASSED] - setText: Text 'klotc2@gmail.com' is set on object 'Object Repository/Final Object Repo/Login Page/Internal User/Email Address'

2018-12-06 22:25:58 - [MESSAGE][PASSED] - Text 'klotc2@gmail.com' is set on object 'Object Repository/Final Object Repo/Login Page/Internal User/Email Address'

2018-12-06 22:25:58 - [TEST_STEP][PASSED] - click: Object: 'Object Repository/Final Object Repo/Login Page/Internal User/Next Button' is clicked on

2018-12-06 22:25:59 - [MESSAGE][PASSED] - Object: 'Object Repository/Final Object Repo/Login Page/Internal User/Next Button' is clicked on

2018-12-06 22:25:59 - [TEST_STEP][PASSED] - delay: Delayed 2 second(s)

2018-12-06 22:26:01 - [MESSAGE][PASSED] - Delayed 2 second(s)

2018-12-06 22:26:01 - [TEST_STEP][PASSED] - setText: Text 'Test1@3456789' is set on object 'Object Repository/Final Object Repo/Login Page/Internal User/Password'

2018-12-06 22:26:01 - [MESSAGE][PASSED] - Text 'Test1@3456789' is set on object 'Object Repository/Final Object Repo/Login Page/Internal User/Password'

2018-12-06 22:26:01 - [TEST_STEP][PASSED] - delay: Delayed 2 second(s)

2018-12-06 22:26:03 - [MESSAGE][PASSED] - Delayed 2 second(s)

2018-12-06 22:26:03 - [TEST_STEP][PASSED] - click: Object: 'Object Repository/Final Object Repo/Login Page/Internal User/Login Button' is clicked on

2018-12-06 22:26:03 - [MESSAGE][PASSED] - Object: 'Object Repository/Final Object Repo/Login Page/Internal User/Login Button' is clicked on

2018-12-06 22:26:03 - [TEST_STEP][PASSED] - Statement - Try: null

2018-12-06 22:26:03 - [TEST_STEP][PASSED] - Statement - Checker = com.kms.katalon.core.webui.keyword.WebUiBuiltInKeywords.verifyElementNotPresent("Final Object Repo/Landing Page/Select to English", 3): null

2018-12-06 22:26:03 - [TEST_STEP][PASSED] - Statement - Catch (Exception e): null

2018-12-06 22:26:03 - [TEST_STEP][PASSED] - Statement - e.printStackTrace(): null

2018-12-06 22:26:03 - [TEST_STEP][PASSED] - delay: Delayed 5 second(s)

2018-12-06 22:26:08 - [MESSAGE][PASSED] - Delayed 5 second(s)

2018-12-06 22:26:08 - [TEST_STEP][PASSED] - click: Object: 'Object Repository/Final Object Repo/Landing Page/My Sites Drop Down' is clicked on

2018-12-06 22:26:08 - [MESSAGE][PASSED] - Object: 'Object Repository/Final Object Repo/Landing Page/My Sites Drop Down' is clicked on

2018-12-06 22:26:08 - [TEST_STEP][PASSED] - click: Object: 'Object Repository/Final Object Repo/Landing Page/Select to Registration Module' is clicked on

2018-12-06 22:26:09 - [MESSAGE][PASSED] - Object: 'Object Repository/Final Object Repo/Landing Page/Select to Registration Module' is clicked on

2018-12-06 22:26:09 - [TEST_STEP][PASSED] - click: Object: 'Object Repository/Final Object Repo/Landing Page/Registration Button' is clicked on

2018-12-06 22:26:10 - [MESSAGE][PASSED] - Object: 'Object Repository/Final Object Repo/Landing Page/Registration Button' is clicked on

2018-12-06 22:26:10 - [TEST_STEP][PASSED] - delay: Delayed 2 second(s)

2018-12-06 22:26:12 - [MESSAGE][PASSED] - Delayed 2 second(s)

2018-12-06 22:26:12 - [TEST_STEP][PASSED] - click: Object: 'Object Repository/Final Object Repo/New Registration - Registration Module Pages/New Reg - OTC to RO/Special Case - OTC - Form 1/AEC NO' is clicked on

2018-12-06 22:26:13 - [MESSAGE][PASSED] - Object: 'Object Repository/Final Object Repo/New Registration - Registration Module Pages/New Reg - OTC to RO/Special Case - OTC - Form 1/AEC NO' is clicked on

2018-12-06 22:26:13 - [TEST_STEP][PASSED] - click: Object: 'Object Repository/Final Object Repo/New Registration - Registration Module Pages/New Reg - OTC to RO/Special Case - OTC - Form 1/Business Entity - Please Select' is clicked on

2018-12-06 22:26:13 - [MESSAGE][PASSED] - Object: 'Object Repository/Final Object Repo/New Registration - Registration Module Pages/New Reg - OTC to RO/Special Case - OTC - Form 1/Business Entity - Please Select' is clicked on

2018-12-06 22:26:13 - [TEST_STEP][PASSED] - click: Object: 'Object Repository/Final Object Repo/New Registration - Registration Module Pages/New Reg - OTC to RO/Special Case - OTC - Form 1/Selected - Corporation' is clicked on

2018-12-06 22:26:13 - [MESSAGE][PASSED] - Object: 'Object Repository/Final Object Repo/New Registration - Registration Module Pages/New Reg - OTC to RO/Special Case - OTC - Form 1/Selected - Corporation' is clicked on

2018-12-06 22:26:13 - [TEST_STEP][PASSED] - delay: Delayed 2 second(s)

2018-12-06 22:26:15 - [MESSAGE][PASSED] - Delayed 2 second(s)

2018-12-06 22:26:15 - [TEST_STEP][PASSED] - click: Object: 'Object Repository/Final Object Repo/New Registration - Registration Module Pages/New Reg - OTC to RO/Special Case - OTC - Form 1/Sub Business Entity - Please Select' is clicked on

2018-12-06 22:26:15 - [MESSAGE][PASSED] - Object: 'Object Repository/Final Object Repo/New Registration - Registration Module Pages/New Reg - OTC to RO/Special Case - OTC - Form 1/Sub Business Entity - Please Select' is clicked on

2018-12-06 22:26:15 - [TEST_STEP][PASSED] - delay: Delayed 2 second(s)

2018-12-06 22:26:17 - [MESSAGE][PASSED] - Delayed 2 second(s)

2018-12-06 22:26:17 - [TEST_STEP][PASSED] - click: Object: 'Object Repository/Final Object Repo/New Registration - Registration Module Pages/New Reg - OTC to RO/Special Case - OTC - Form 1/Selected - Sendirian Berhad' is clicked on

2018-12-06 22:26:17 - [MESSAGE][PASSED] - Object: 'Object Repository/Final Object Repo/New Registration - Registration Module Pages/New Reg - OTC to RO/Special Case - OTC - Form 1/Selected - Sendirian Berhad' is clicked on

2018-12-06 22:26:17 - [TEST_STEP][PASSED] - setText: Text 'AUTOMATE001' is set on object 'Object Repository/Final Object Repo/New Registration - Registration Module Pages/New Reg - OTC to RO/Special Case - OTC - Form 1/Input BRN Number'

2018-12-06 22:26:18 - [MESSAGE][PASSED] - Text 'AUTOMATE001' is set on object 'Object Repository/Final Object Repo/New Registration - Registration Module Pages/New Reg - OTC to RO/Special Case - OTC - Form 1/Input BRN Number'

2018-12-06 22:26:18 - [TEST_STEP][PASSED] - delay: Delayed 2 second(s)

2018-12-06 22:26:20 - [MESSAGE][PASSED] - Delayed 2 second(s)

2018-12-06 22:26:20 - [TEST_STEP][PASSED] - click: Object: 'Object Repository/Final Object Repo/New Registration - Registration Module Pages/New Reg - OTC to RO/Special Case - OTC - Form 1/BRN Search' is clicked on

2018-12-06 22:26:20 - [MESSAGE][PASSED] - Object: 'Object Repository/Final Object Repo/New Registration - Registration Module Pages/New Reg - OTC to RO/Special Case - OTC - Form 1/BRN Search' is clicked on

2018-12-06 22:26:20 - [TEST_STEP][PASSED] - delay: Delayed 4 second(s)

2018-12-06 22:26:24 - [MESSAGE][PASSED] - Delayed 4 second(s)

2018-12-06 22:26:24 - [TEST_STEP][PASSED] - click: Object: 'Object Repository/Final Object Repo/New Registration - Registration Module Pages/New Reg - OTC to RO/Special Case - OTC - Form 1/Registered with SSM - After Feb 2017' is clicked on

2018-12-06 22:26:24 - [MESSAGE][PASSED] - Object: 'Object Repository/Final Object Repo/New Registration - Registration Module Pages/New Reg - OTC to RO/Special Case - OTC - Form 1/Registered with SSM - After Feb 2017' is clicked on

2018-12-06 22:26:24 - [TEST_STEP][PASSED] - delay: Delayed 2 second(s)

2018-12-06 22:26:26 - [MESSAGE][PASSED] - Delayed 2 second(s)

2018-12-06 22:26:26 - [TEST_STEP][PASSED] - click: Object: 'Object Repository/Final Object Repo/New Registration - Registration Module Pages/New Reg - OTC to RO/Special Case - OTC - Form 1/Registering As A Branch - No' is clicked on

2018-12-06 22:26:26 - [MESSAGE][PASSED] - Object: 'Object Repository/Final Object Repo/New Registration - Registration Module Pages/New Reg - OTC to RO/Special Case - OTC - Form 1/Registering As A Branch - No' is clicked on

2018-12-06 22:26:26 - [TEST_STEP][PASSED] - click: Object: 'Object Repository/Final Object Repo/New Registration - Registration Module Pages/New Reg - OTC to RO/Special Case - OTC - Form 1/Acknowledgement Ticked' is clicked on

2018-12-06 22:26:26 - [MESSAGE][PASSED] - Object: 'Object Repository/Final Object Repo/New Registration - Registration Module Pages/New Reg - OTC to RO/Special Case - OTC - Form 1/Acknowledgement Ticked' is clicked on

2018-12-06 22:26:26 - [TEST_STEP][PASSED] - click: Object: 'Object Repository/Final Object Repo/New Registration - Registration Module Pages/New Reg - OTC to RO/Special Case - OTC - Form 1/Submit Button' is clicked on

2018-12-06 22:26:27 - [MESSAGE][PASSED] - Object: 'Object Repository/Final Object Repo/New Registration - Registration Module Pages/New Reg - OTC to RO/Special Case - OTC - Form 1/Submit Button' is clicked on

2018-12-06 22:26:27 - [TEST_STEP][PASSED] - delay: Delayed 2 second(s)

2018-12-06 22:26:29 - [MESSAGE][PASSED] - Delayed 2 second(s)

2018-12-06 22:26:29 - [TEST_STEP][PASSED] - click: Object: 'Object Repository/Final Object Repo/New Registration - Registration Module Pages/New Reg - OTC to RO/Special Case - OTC - Form 1/Confirm No Flagging as Branch' is clicked on

2018-12-06 22:26:29 - [MESSAGE][PASSED] - Object: 'Object Repository/Final Object Repo/New Registration - Registration Module Pages/New Reg - OTC to RO/Special Case - OTC - Form 1/Confirm No Flagging as Branch' is clicked on

2018-12-06 22:26:29 - [MESSAGE][PASSED] - Call Test Case 'Test Cases/Final Aug 2018 - PKS Automation/Registration Module/Workflow/New Registration/Template/Special Case - OTC - Form 1' successfully

2018-12-06 22:26:29 - [TEST_STEP][PASSED] - callTestCase: Call Test Case 'Test Cases/Final Aug 2018 - PKS Automation/Registration Module/New Registration/Form 2/Add 1 Eligible - Incomplete' successfully

2018-12-06 22:26:29 - [TEST_CASE][PASSED] - Test Cases/Final Aug 2018 - PKS Automation/Registration Module/New Registration/Form 2/Add 1 Eligible - Incomplete: Test Cases/Final Aug 2018 - PKS Automation/Registration Module/New Registration/Form 2/Add 1 Eligible - Incomplete

2018-12-06 22:26:29 - [TEST_STEP][PASSED] - delay: Delayed 2 second(s)

2018-12-06 22:26:31 - [MESSAGE][PASSED] - Delayed 2 second(s)

2018-12-06 22:26:31 - [TEST_STEP][PASSED] - callTestCase: Call Test Case 'Test Cases/Final Aug 2018 - PKS Automation/Registration Module/New Registration/Form 2/Date Updater' successfully

2018-12-06 22:26:31 - [TEST_CASE][PASSED] - Test Cases/Final Aug 2018 - PKS Automation/Registration Module/New Registration/Form 2/Date Updater: Test Cases/Final Aug 2018 - PKS Automation/Registration Module/New Registration/Form 2/Date Updater

2018-12-06 22:26:31 - [TEST_STEP][PASSED] - Statement - TodayDate = new java.util.Date(): null

2018-12-06 22:26:31 - [TEST_STEP][PASSED] - Statement - CurrentDateNoFilter = new java.text.SimpleDateFormat(): null

2018-12-06 22:26:31 - [TEST_STEP][PASSED] - Statement - CurrentDateNoFilter.applyPattern("MM"): null

2018-12-06 22:26:31 - [TEST_STEP][PASSED] - Statement - monthContainerMatcher = java.lang.Integer.parseInt(CurrentDateNoFilter.format(TodayDate)): null

2018-12-06 22:26:31 - [TEST_STEP][PASSED] - Statement - monthContainerMatcher = monthContainerMatcher - 1: null

2018-12-06 22:26:31 - [TEST_STEP][PASSED] - Statement - CurrentMonth = monthContainerMatcher.toString(): null

2018-12-06 22:26:31 - [TEST_STEP][PASSED] - Statement - CurrentMonth = CurrentMonth: null

2018-12-06 22:26:31 - [TEST_STEP][PASSED] - Statement - CurrentDateNoFilter.applyPattern("yyyy"): null

2018-12-06 22:26:31 - [TEST_STEP][PASSED] - Statement - CurrentYear = CurrentDateNoFilter.format(TodayDate): null

2018-12-06 22:26:31 - [TEST_STEP][PASSED] - Statement - CurrentYear = CurrentYear: null

2018-12-06 22:26:31 - [TEST_STEP][PASSED] - Statement - intCurrentYear = java.lang.Integer.parseInt(CurrentDateNoFilter.format(TodayDate)): null

2018-12-06 22:26:31 - [TEST_STEP][PASSED] - Statement - eighteenYrsAgo = intCurrentYear - 18: null

2018-12-06 22:26:31 - [TEST_STEP][PASSED] - Statement - eighteenYrsBeforeThisYr = eighteenYrsAgo.toString(): null

2018-12-06 22:26:31 - [TEST_STEP][PASSED] - Statement - EighteenYrsBefore = eighteenYrsBeforeThisYr: null

2018-12-06 22:26:31 - [TEST_STEP][PASSED] - Statement - fiftysevenYrsAgo = intCurrentYear - 57: null

2018-12-06 22:26:31 - [TEST_STEP][PASSED] - Statement - fiftysevenYrsBeforeThisYr = fiftysevenYrsAgo.toString(): null

2018-12-06 22:26:31 - [TEST_STEP][PASSED] - Statement - FiftysevenYrsBefore = fiftysevenYrsBeforeThisYr: null

2018-12-06 22:26:31 - [TEST_STEP][PASSED] - Statement - leapYear = false: null

2018-12-06 22:26:31 - [TEST_STEP][PASSED] - Statement - leapYear = intCurrentYear % 4 == 0: null

2018-12-06 22:26:31 - [TEST_STEP][PASSED] - Statement - CurrentDateNoFilter.applyPattern("dd"): null

2018-12-06 22:26:31 - [TEST_STEP][PASSED] - Statement - CurrentDate = CurrentDateNoFilter.format(TodayDate): null

2018-12-06 22:26:31 - [TEST_STEP][PASSED] - Statement - CurrentDate = java.lang.Integer.parseInt(CurrentDate): null

2018-12-06 22:26:31 - [TEST_STEP][PASSED] - Statement - CurrentDate = CurrentDate: null

2018-12-06 22:26:31 - [TEST_STEP][PASSED] - Statement - CurrentDay = java.lang.Integer.parseInt(CurrentDate): null

2018-12-06 22:26:31 - [TEST_STEP][PASSED] - Statement - ConfAdder = <not implemented yet for class: org.codehaus.groovy.ast.expr.EmptyExpression>: null

2018-12-06 22:26:31 - [TEST_STEP][PASSED] - Statement - out.println(CurrentMonth): null

2018-12-06 22:26:31 - [TEST_STEP][PASSED] - Statement - out.println(CurrentDate): null

2018-12-06 22:26:31 - [TEST_STEP][PASSED] - Statement - switch (CurrentDate): null

2018-12-06 22:26:31 - [TEST_STEP][PASSED] - Statement - Default: null

2018-12-06 22:26:31 - [TEST_STEP][PASSED] - Statement - ConfAdder = true: null

2018-12-06 22:26:31 - [TEST_STEP][PASSED] - Statement - Break: null

2018-12-06 22:26:31 - [TEST_STEP][PASSED] - Statement - aDayBefore = <not implemented yet for class: org.codehaus.groovy.ast.expr.EmptyExpression>: null

2018-12-06 22:26:31 - [TEST_STEP][PASSED] - Statement - out.println(ConfAdder): null

2018-12-06 22:26:31 - [TEST_STEP][PASSED] - Statement - If (ConfAdder == true): null

2018-12-06 22:26:31 - [TEST_STEP][PASSED] - Statement - aDayBefore = CurrentDay + 1: null

2018-12-06 22:26:31 - [TEST_STEP][PASSED] - Statement - out.println(aDayBefore): null

2018-12-06 22:26:31 - [TEST_STEP][PASSED] - Statement - If (aDayBefore == 1 && CurrentMonth == 11): null

2018-12-06 22:26:31 - [TEST_STEP][PASSED] - Statement - DayBefore = aDayBefore.toString(): null

2018-12-06 22:26:31 - [TEST_STEP][PASSED] - Statement - OneDayBefore = DayBefore: null

2018-12-06 22:26:31 - [MESSAGE][PASSED] - Call Test Case 'Test Cases/Final Aug 2018 - PKS Automation/Registration Module/New Registration/Form 2/Date Updater' successfully

2018-12-06 22:26:31 - [TEST_STEP][PASSED] - Statement - CaseReferenceNo = com.kms.katalon.core.webui.keyword.WebUiBuiltInKeywords.getText(com.kms.katalon.core.testobject.ObjectRepository.findTestObject(Final Object Repo/New Registration - Registration Module Pages/Form 2/RefNo Acquiring)): Text of object 'Object Repository/Final Object Repo/New Registration - Registration Module Pages/Form 2/RefNo Acquiring' is: 'CRN12201800123066'

2018-12-06 22:26:31 - [MESSAGE][PASSED] - Text of object 'Object Repository/Final Object Repo/New Registration - Registration Module Pages/Form 2/RefNo Acquiring' is: 'CRN12201800123066'

2018-12-06 22:26:31 - [TEST_STEP][PASSED] - delay: Delayed 4 second(s)

2018-12-06 22:26:35 - [MESSAGE][PASSED] - Delayed 4 second(s)

2018-12-06 22:26:35 - [TEST_STEP][PASSED] - click: Object: 'Object Repository/Final Object Repo/New Registration - Registration Module Pages/Form 2/Add Employee Button' is clicked on

2018-12-06 22:26:35 - [MESSAGE][PASSED] - Object: 'Object Repository/Final Object Repo/New Registration - Registration Module Pages/Form 2/Add Employee Button' is clicked on

2018-12-06 22:26:35 - [TEST_STEP][PASSED] - delay: Delayed 1 second(s)

2018-12-06 22:26:36 - [MESSAGE][PASSED] - Delayed 1 second(s)

2018-12-06 22:26:36 - [TEST_STEP][PASSED] - setText: Text '010903091984' is set on object 'Object Repository/Final Object Repo/New Registration - Registration Module Pages/Form 2/NRIC Input'

2018-12-06 22:26:37 - [MESSAGE][PASSED] - Text '010903091984' is set on object 'Object Repository/Final Object Repo/New Registration - Registration Module Pages/Form 2/NRIC Input'

2018-12-06 22:26:37 - [TEST_STEP][PASSED] - click: Object: 'Object Repository/Final Object Repo/New Registration - Registration Module Pages/Form 2/button for search for IC' is clicked on

2018-12-06 22:26:37 - [MESSAGE][PASSED] - Object: 'Object Repository/Final Object Repo/New Registration - Registration Module Pages/Form 2/button for search for IC' is clicked on

2018-12-06 22:26:37 - [TEST_STEP][PASSED] - delay: Delayed 2 second(s)

2018-12-06 22:26:39 - [MESSAGE][PASSED] - Delayed 2 second(s)

2018-12-06 22:26:39 - [TEST_STEP][PASSED] - setText: Text 'Automate001 eligible 1' is set on object 'Object Repository/Final Object Repo/New Registration - Registration Module Pages/Form 2/Employee Name Input'

2018-12-06 22:26:39 - [MESSAGE][PASSED] - Text 'Automate001 eligible 1' is set on object 'Object Repository/Final Object Repo/New Registration - Registration Module Pages/Form 2/Employee Name Input'

2018-12-06 22:26:39 - [TEST_STEP][PASSED] - delay: Delayed 2 second(s)

2018-12-06 22:26:41 - [MESSAGE][PASSED] - Delayed 2 second(s)

2018-12-06 22:26:41 - [TEST_STEP][PASSED] - click: Object: 'Object Repository/Final Object Repo/New Registration - Registration Module Pages/Form 2/DatePicker Pop Up' is clicked on

2018-12-06 22:26:42 - [MESSAGE][PASSED] - Object: 'Object Repository/Final Object Repo/New Registration - Registration Module Pages/Form 2/DatePicker Pop Up' is clicked on

2018-12-06 22:26:42 - [TEST_STEP][PASSED] - click: Object: 'Object Repository/Final Object Repo/New Registration - Registration Module Pages/Form 2/DOB Month' is clicked on

2018-12-06 22:26:42 - [MESSAGE][PASSED] - Object: 'Object Repository/Final Object Repo/New Registration - Registration Module Pages/Form 2/DOB Month' is clicked on

2018-12-06 22:26:42 - [TEST_STEP][PASSED] - Statement - CurrentMonth = CurrentMonth: null

2018-12-06 22:26:42 - [TEST_STEP][PASSED] - Statement - selectMonth = new com.kms.katalon.core.testobject.TestObject(): null

2018-12-06 22:26:42 - [TEST_STEP][PASSED] - Statement - selectMonth.addProperty("xpath", EQUALS, "//body/div/div/div/select/option[@value='" + CurrentMonth + "']", true): null

2018-12-06 22:26:42 - [TEST_STEP][PASSED] - click: Object: '' is clicked on

2018-12-06 22:26:42 - [MESSAGE][PASSED] - Object: '' is clicked on

2018-12-06 22:26:42 - [TEST_STEP][PASSED] - click: Object: 'Object Repository/Final Object Repo/New Registration - Registration Module Pages/Form 2/DOB Year' is clicked on

2018-12-06 22:26:42 - [MESSAGE][PASSED] - Object: 'Object Repository/Final Object Repo/New Registration - Registration Module Pages/Form 2/DOB Year' is clicked on

2018-12-06 22:26:42 - [TEST_STEP][PASSED] - Statement - Eyearsbf = EighteenYrsBefore: null

2018-12-06 22:26:42 - [TEST_STEP][PASSED] - Statement - selectYear = new com.kms.katalon.core.testobject.TestObject(): null

2018-12-06 22:26:42 - [TEST_STEP][PASSED] - Statement - selectYear.addProperty("xpath", EQUALS, "//div/div/div/select/option[@value='" + Eyearsbf + "']", true): null

2018-12-06 22:26:42 - [TEST_STEP][PASSED] - click: Object: '' is clicked on

2018-12-06 22:26:42 - [MESSAGE][PASSED] - Object: '' is clicked on

2018-12-06 22:26:42 - [TEST_STEP][PASSED] - Statement - UpdatedSelectDate = com.kms.katalon.core.webui.keyword.WebUiBuiltInKeywords.modifyObjectProperty(com.kms.katalon.core.testobject.ObjectRepository.findTestObject(Final Object Repo/New Registration - Registration Module Pages/Form 2/DOB Date), "xpath", "equals", "//body/div/table/tbody/tr/td/a[text()="" + CurrentDate + ""]", true): Modify property of object successfully

2018-12-06 22:26:42 - [MESSAGE][PASSED] - Modify property of object successfully

2018-12-06 22:26:42 - [TEST_STEP][PASSED] - delay: Delayed 3 second(s)

2018-12-06 22:26:45 - [MESSAGE][PASSED] - Delayed 3 second(s)

2018-12-06 22:26:45 - [TEST_STEP][PASSED] - click: Object: 'Object Repository/Final Object Repo/New Registration - Registration Module Pages/Form 2/DOB Date' is clicked on

2018-12-06 22:26:45 - [MESSAGE][PASSED] - Object: 'Object Repository/Final Object Repo/New Registration - Registration Module Pages/Form 2/DOB Date' is clicked on

2018-12-06 22:26:45 - [TEST_STEP][PASSED] - delay: Delayed 2 second(s)

2018-12-06 22:26:47 - [MESSAGE][PASSED] - Delayed 2 second(s)

2018-12-06 22:26:47 - [TEST_STEP][PASSED] - click: Object: 'Object Repository/Final Object Repo/New Registration - Registration Module Pages/Form 2/EmploymentStartDate Pop Up' is clicked on

2018-12-06 22:26:48 - [MESSAGE][PASSED] - Object: 'Object Repository/Final Object Repo/New Registration - Registration Module Pages/Form 2/EmploymentStartDate Pop Up' is clicked on

2018-12-06 22:26:48 - [TEST_STEP][PASSED] - delay: Delayed 2 second(s)

2018-12-06 22:26:50 - [MESSAGE][PASSED] - Delayed 2 second(s)

2018-12-06 22:26:50 - [TEST_STEP][PASSED] - click: Object: 'Object Repository/Final Object Repo/New Registration - Registration Module Pages/Form 2/Socso Employment StartDate Month' is clicked on

2018-12-06 22:26:50 - [MESSAGE][PASSED] - Object: 'Object Repository/Final Object Repo/New Registration - Registration Module Pages/Form 2/Socso Employment StartDate Month' is clicked on

2018-12-06 22:26:50 - [TEST_STEP][PASSED] - delay: Delayed 1 second(s)

2018-12-06 22:26:51 - [MESSAGE][PASSED] - Delayed 1 second(s)

2018-12-06 22:26:51 - [TEST_STEP][PASSED] - click: Object: 'Object Repository/Final Object Repo/New Registration - Registration Module Pages/Form 2/Select Socso Employement Startdate Month' is clicked on

2018-12-06 22:26:51 - [MESSAGE][PASSED] - Object: 'Object Repository/Final Object Repo/New Registration - Registration Module Pages/Form 2/Select Socso Employement Startdate Month' is clicked on

2018-12-06 22:26:51 - [TEST_STEP][PASSED] - delay: Delayed 2 second(s)

2018-12-06 22:26:53 - [MESSAGE][PASSED] - Delayed 2 second(s)

2018-12-06 22:26:53 - [TEST_STEP][PASSED] - click: Object: 'Object Repository/Final Object Repo/New Registration - Registration Module Pages/Form 2/Socso Employment StartDate Year' is clicked on

2018-12-06 22:26:53 - [MESSAGE][PASSED] - Object: 'Object Repository/Final Object Repo/New Registration - Registration Module Pages/Form 2/Socso Employment StartDate Year' is clicked on

2018-12-06 22:26:53 - [TEST_STEP][PASSED] - delay: Delayed 1 second(s)

2018-12-06 22:26:54 - [MESSAGE][PASSED] - Delayed 1 second(s)

2018-12-06 22:26:54 - [TEST_STEP][PASSED] - click: Object: 'Object Repository/Final Object Repo/New Registration - Registration Module Pages/Form 2/Select Socso Employment Startdate Year' is clicked on

2018-12-06 22:26:54 - [MESSAGE][PASSED] - Object: 'Object Repository/Final Object Repo/New Registration - Registration Module Pages/Form 2/Select Socso Employment Startdate Year' is clicked on

2018-12-06 22:26:54 - [TEST_STEP][PASSED] - delay: Delayed 2 second(s)

2018-12-06 22:26:56 - [MESSAGE][PASSED] - Delayed 2 second(s)

2018-12-06 22:26:56 - [TEST_STEP][PASSED] - click: Object: 'Object Repository/Final Object Repo/New Registration - Registration Module Pages/Form 2/Socso Employment Start Date Day' is clicked on

2018-12-06 22:26:57 - [MESSAGE][PASSED] - Object: 'Object Repository/Final Object Repo/New Registration - Registration Module Pages/Form 2/Socso Employment Start Date Day' is clicked on

2018-12-06 22:26:57 - [TEST_STEP][PASSED] - delay: Delayed 2 second(s)

2018-12-06 22:26:59 - [MESSAGE][PASSED] - Delayed 2 second(s)

2018-12-06 22:26:59 - [TEST_STEP][PASSED] - click: Object: 'Object Repository/Final Object Repo/New Registration - Registration Module Pages/Form 2/Save Button for Add Employee' is clicked on

2018-12-06 22:26:59 - [MESSAGE][PASSED] - Object: 'Object Repository/Final Object Repo/New Registration - Registration Module Pages/Form 2/Save Button for Add Employee' is clicked on

2018-12-06 22:26:59 - [TEST_STEP][PASSED] - delay: Delayed 6 second(s)

2018-12-06 22:27:05 - [MESSAGE][PASSED] - Delayed 6 second(s)

2018-12-06 22:27:05 - [TEST_STEP][PASSED] - click: Object: 'Object Repository/Final Object Repo/New Registration - Registration Module Pages/Form 2/Incomplete Checkbox' is clicked on

2018-12-06 22:27:05 - [MESSAGE][PASSED] - Object: 'Object Repository/Final Object Repo/New Registration - Registration Module Pages/Form 2/Incomplete Checkbox' is clicked on

2018-12-06 22:27:05 - [TEST_STEP][PASSED] - delay: Delayed 2 second(s)

2018-12-06 22:27:07 - [MESSAGE][PASSED] - Delayed 2 second(s)

2018-12-06 22:27:07 - [TEST_STEP][PASSED] - click: Object: 'Object Repository/Final Object Repo/New Registration - Registration Module Pages/Form 2/Save and Continue Form 2' is clicked on

2018-12-06 22:27:07 - [MESSAGE][PASSED] - Object: 'Object Repository/Final Object Repo/New Registration - Registration Module Pages/Form 2/Save and Continue Form 2' is clicked on

2018-12-06 22:27:07 - [MESSAGE][PASSED] - Call Test Case 'Test Cases/Final Aug 2018 - PKS Automation/Registration Module/New Registration/Form 2/Add 1 Eligible - Incomplete' successfully

2018-12-06 22:27:07 - [TEST_STEP][PASSED] - callTestCase: Call Test Case 'Test Cases/Final Aug 2018 - PKS Automation/Registration Module/New Registration/Flow of New Registration/Third Screen - Upload Supporting Doc - Preview' successfully

2018-12-06 22:27:07 - [TEST_CASE][PASSED] - Test Cases/Final Aug 2018 - PKS Automation/Registration Module/New Registration/Flow of New Registration/Third Screen - Upload Supporting Doc - Preview: Test Cases/Final Aug 2018 - PKS Automation/Registration Module/New Registration/Flow of New Registration/Third Screen - Upload Supporting Doc - Preview

2018-12-06 22:27:07 - [TEST_STEP][PASSED] - waitForPageLoad: Wait for page load successfully

2018-12-06 22:27:08 - [MESSAGE][PASSED] - Wait for page load successfully

2018-12-06 22:27:08 - [TEST_STEP][PASSED] - Statement - CaseReferenceNo = com.kms.katalon.core.webui.keyword.WebUiBuiltInKeywords.getText(com.kms.katalon.core.testobject.ObjectRepository.findTestObject(Final Object Repo/New Registration - Registration Module Pages/Third Screen - Upload Supporting Doc- Preview/RefNo Acquiring)): Text of object 'Object Repository/Final Object Repo/New Registration - Registration Module Pages/Third Screen - Upload Supporting Doc- Preview/RefNo Acquiring' is: 'CRN12201800123066'

2018-12-06 22:27:08 - [MESSAGE][PASSED] - Text of object 'Object Repository/Final Object Repo/New Registration - Registration Module Pages/Third Screen - Upload Supporting Doc- Preview/RefNo Acquiring' is: 'CRN12201800123066'

2018-12-06 22:27:08 - [TEST_STEP][PASSED] - delay: Delayed 2 second(s)

2018-12-06 22:27:10 - [MESSAGE][PASSED] - Delayed 2 second(s)

2018-12-06 22:27:10 - [TEST_STEP][PASSED] - callTestCase: Call Test Case 'Test Cases/Final Aug 2018 - PKS Automation/Common/Reference Number Setter' successfully

2018-12-06 22:27:10 - [TEST_CASE][PASSED] - Test Cases/Final Aug 2018 - PKS Automation/Common/Reference Number Setter: Test Cases/Final Aug 2018 - PKS Automation/Common/Reference Number Setter

2018-12-06 22:27:10 - [TEST_STEP][PASSED] - Statement - RefNoOldFile = new java.io.File(C://Users//Admin//Desktop//PKS//Automation Reference Point//KatalonReference.txt): null

2018-12-06 22:27:10 - [TEST_STEP][PASSED] - Statement - RefNoOldFile.delete(): null

2018-12-06 22:27:10 - [TEST_STEP][PASSED] - delay: Delayed 5 second(s)

2018-12-06 22:27:15 - [MESSAGE][PASSED] - Delayed 5 second(s)

2018-12-06 22:27:15 - [TEST_STEP][PASSED] - Statement - RefNo = new java.io.File(C://Users//Admin//Desktop//PKS//Automation Reference Point//KatalonReference.txt): null

2018-12-06 22:27:15 - [TEST_STEP][PASSED] - Statement - f2 = new java.io.FileWriter(RefNo, false): null

2018-12-06 22:27:15 - [TEST_STEP][PASSED] - Statement - f2.write(CaseReferenceNo): null

2018-12-06 22:27:15 - [TEST_STEP][PASSED] - Statement - f2.close(): null

2018-12-06 22:27:15 - [TEST_STEP][PASSED] - Statement - out.println("


" + CaseReferenceNo + "


"): null

2018-12-06 22:27:15 - [MESSAGE][PASSED] - Call Test Case 'Test Cases/Final Aug 2018 - PKS Automation/Common/Reference Number Setter' successfully

2018-12-06 22:27:15 - [TEST_STEP][PASSED] - waitForElementClickable: Object 'Object Repository/Final Object Repo/New Registration - Registration Module Pages/Third Screen - Upload Supporting Doc- Preview/Save n Continue in SIP Employee Listing Page' is clickable

2018-12-06 22:27:15 - [MESSAGE][PASSED] - Object 'Object Repository/Final Object Repo/New Registration - Registration Module Pages/Third Screen - Upload Supporting Doc- Preview/Save n Continue in SIP Employee Listing Page' is clickable

2018-12-06 22:27:15 - [TEST_STEP][PASSED] - click: Object: 'Object Repository/Final Object Repo/New Registration - Registration Module Pages/Third Screen - Upload Supporting Doc- Preview/Save n Continue in SIP Employee Listing Page' is clicked on

2018-12-06 22:27:21 - [MESSAGE][PASSED] - Object: 'Object Repository/Final Object Repo/New Registration - Registration Module Pages/Third Screen - Upload Supporting Doc- Preview/Save n Continue in SIP Employee Listing Page' is clicked on

2018-12-06 22:27:21 - [TEST_STEP][PASSED] - delay: Delayed 7 second(s)

2018-12-06 22:27:28 - [MESSAGE][PASSED] - Delayed 7 second(s)

2018-12-06 22:27:28 - [TEST_STEP][PASSED] - click: Object: 'Object Repository/Final Object Repo/New Registration - Registration Module Pages/Third Screen - Upload Supporting Doc- Preview/Add Document Button' is clicked on

2018-12-06 22:27:28 - [MESSAGE][PASSED] - Object: 'Object Repository/Final Object Repo/New Registration - Registration Module Pages/Third Screen - Upload Supporting Doc- Preview/Add Document Button' is clicked on

2018-12-06 22:27:28 - [TEST_STEP][PASSED] - delay: Delayed 30 second(s)

2018-12-06 22:27:58 - [MESSAGE][PASSED] - Delayed 30 second(s)

2018-12-06 22:27:58 - [TEST_STEP][PASSED] - click: Object: 'Object Repository/Final Object Repo/New Registration - Registration Module Pages/Third Screen - Upload Supporting Doc- Preview/Supporting Doc Please Select Drop Down' is clicked on

2018-12-06 22:27:58 - [MESSAGE][PASSED] - Object: 'Object Repository/Final Object Repo/New Registration - Registration Module Pages/Third Screen - Upload Supporting Doc- Preview/Supporting Doc Please Select Drop Down' is clicked on

2018-12-06 22:27:58 - [TEST_STEP][PASSED] - delay: Delayed 2 second(s)

2018-12-06 22:28:00 - [MESSAGE][PASSED] - Delayed 2 second(s)

2018-12-06 22:28:00 - [TEST_STEP][PASSED] - click: Object: 'Object Repository/Final Object Repo/New Registration - Registration Module Pages/Third Screen - Upload Supporting Doc- Preview/Select to Upload Form 1' is clicked on

2018-12-06 22:28:00 - [MESSAGE][PASSED] - Object: 'Object Repository/Final Object Repo/New Registration - Registration Module Pages/Third Screen - Upload Supporting Doc- Preview/Select to Upload Form 1' is clicked on

2018-12-06 22:28:00 - [TEST_STEP][PASSED] - delay: Delayed 2 second(s)

2018-12-06 22:28:02 - [MESSAGE][PASSED] - Delayed 2 second(s)

2018-12-06 22:28:02 - [TEST_STEP][PASSED] - uploadFile: File 'C:\Users\Public\Pictures\Sample Pictures\Koala.jpg' sent to object: 'Object Repository/Final Object Repo/New Registration - Registration Module Pages/Third Screen - Upload Supporting Doc- Preview/Upload File Adding'

2018-12-06 22:28:02 - [MESSAGE][PASSED] - File 'C:\Users\Public\Pictures\Sample Pictures\Koala.jpg' sent to object: 'Object Repository/Final Object Repo/New Registration - Registration Module Pages/Third Screen - Upload Supporting Doc- Preview/Upload File Adding'

2018-12-06 22:28:02 - [TEST_STEP][PASSED] - delay: Delayed 5 second(s)

2018-12-06 22:28:07 - [MESSAGE][PASSED] - Delayed 5 second(s)

2018-12-06 22:28:07 - [TEST_STEP][PASSED] - click: Object: 'Object Repository/Final Object Repo/New Registration - Registration Module Pages/Third Screen - Upload Supporting Doc- Preview/Inner Form Add Document Button' is clicked on

2018-12-06 22:28:07 - [MESSAGE][PASSED] - Object: 'Object Repository/Final Object Repo/New Registration - Registration Module Pages/Third Screen - Upload Supporting Doc- Preview/Inner Form Add Document Button' is clicked on

2018-12-06 22:28:07 - [TEST_STEP][PASSED] - delay: Delayed 3 second(s)

2018-12-06 22:28:10 - [MESSAGE][PASSED] - Delayed 3 second(s)

2018-12-06 22:28:10 - [TEST_STEP][PASSED] - click: Object: 'Object Repository/Final Object Repo/New Registration - Registration Module Pages/Third Screen - Upload Supporting Doc- Preview/Add Document Button' is clicked on

2018-12-06 22:28:12 - [MESSAGE][PASSED] - Object: 'Object Repository/Final Object Repo/New Registration - Registration Module Pages/Third Screen - Upload Supporting Doc- Preview/Add Document Button' is clicked on

2018-12-06 22:28:12 - [TEST_STEP][PASSED] - delay: Delayed 30 second(s)

2018-12-06 22:28:42 - [MESSAGE][PASSED] - Delayed 30 second(s)

2018-12-06 22:28:42 - [TEST_STEP][PASSED] - click: Object: 'Object Repository/Final Object Repo/New Registration - Registration Module Pages/Third Screen - Upload Supporting Doc- Preview/Supporting Doc Please Select Drop Down' is clicked on

2018-12-06 22:28:42 - [MESSAGE][PASSED] - Object: 'Object Repository/Final Object Repo/New Registration - Registration Module Pages/Third Screen - Upload Supporting Doc- Preview/Supporting Doc Please Select Drop Down' is clicked on

2018-12-06 22:28:42 - [TEST_STEP][PASSED] - delay: Delayed 2 second(s)

2018-12-06 22:28:44 - [MESSAGE][PASSED] - Delayed 2 second(s)

2018-12-06 22:28:44 - [TEST_STEP][PASSED] - click: Object: 'Object Repository/Final Object Repo/New Registration - Registration Module Pages/Third Screen - Upload Supporting Doc- Preview/Select to Upload Form 2' is clicked on

2018-12-06 22:28:44 - [MESSAGE][PASSED] - Object: 'Object Repository/Final Object Repo/New Registration - Registration Module Pages/Third Screen - Upload Supporting Doc- Preview/Select to Upload Form 2' is clicked on

2018-12-06 22:28:44 - [TEST_STEP][PASSED] - delay: Delayed 2 second(s)

2018-12-06 22:28:46 - [MESSAGE][PASSED] - Delayed 2 second(s)

2018-12-06 22:28:46 - [TEST_STEP][PASSED] - uploadFile: File 'C:\Users\Public\Pictures\Sample Pictures\Koala.jpg' sent to object: 'Object Repository/Final Object Repo/New Registration - Registration Module Pages/Third Screen - Upload Supporting Doc- Preview/Upload File Adding'

2018-12-06 22:28:46 - [MESSAGE][PASSED] - File 'C:\Users\Public\Pictures\Sample Pictures\Koala.jpg' sent to object: 'Object Repository/Final Object Repo/New Registration - Registration Module Pages/Third Screen - Upload Supporting Doc- Preview/Upload File Adding'

2018-12-06 22:28:46 - [TEST_STEP][PASSED] - click: Object: 'Object Repository/Final Object Repo/New Registration - Registration Module Pages/Third Screen - Upload Supporting Doc- Preview/Inner Form Add Document Button' is clicked on

2018-12-06 22:28:46 - [MESSAGE][PASSED] - Object: 'Object Repository/Final Object Repo/New Registration - Registration Module Pages/Third Screen - Upload Supporting Doc- Preview/Inner Form Add Document Button' is clicked on

2018-12-06 22:28:46 - [TEST_STEP][PASSED] - delay: Delayed 5 second(s)

2018-12-06 22:28:51 - [MESSAGE][PASSED] - Delayed 5 second(s)

2018-12-06 22:28:51 - [TEST_STEP][PASSED] - click: Object: 'Object Repository/Final Object Repo/New Registration - Registration Module Pages/Third Screen - Upload Supporting Doc- Preview/Add Document Button' is clicked on

2018-12-06 22:28:52 - [MESSAGE][PASSED] - Object: 'Object Repository/Final Object Repo/New Registration - Registration Module Pages/Third Screen - Upload Supporting Doc- Preview/Add Document Button' is clicked on

2018-12-06 22:28:52 - [TEST_STEP][PASSED] - delay: Delayed 30 second(s)

2018-12-06 22:29:22 - [MESSAGE][PASSED] - Delayed 30 second(s)

2018-12-06 22:29:22 - [TEST_STEP][PASSED] - click: Object: 'Object Repository/Final Object Repo/New Registration - Registration Module Pages/Third Screen - Upload Supporting Doc- Preview/Supporting Doc Please Select Drop Down' is clicked on

2018-12-06 22:29:22 - [MESSAGE][PASSED] - Object: 'Object Repository/Final Object Repo/New Registration - Registration Module Pages/Third Screen - Upload Supporting Doc- Preview/Supporting Doc Please Select Drop Down' is clicked on

2018-12-06 22:29:22 - [TEST_STEP][PASSED] - click: Object: 'Object Repository/Final Object Repo/New Registration - Registration Module Pages/Third Screen - Upload Supporting Doc- Preview/Select to Upload Borang SIP 1' is clicked on

2018-12-06 22:29:22 - [MESSAGE][PASSED] - Object: 'Object Repository/Final Object Repo/New Registration - Registration Module Pages/Third Screen - Upload Supporting Doc- Preview/Select to Upload Borang SIP 1' is clicked on

2018-12-06 22:29:22 - [TEST_STEP][PASSED] - delay: Delayed 2 second(s)

2018-12-06 22:29:24 - [MESSAGE][PASSED] - Delayed 2 second(s)

2018-12-06 22:29:24 - [TEST_STEP][PASSED] - uploadFile: File 'C:\Users\Public\Pictures\Sample Pictures\Koala.jpg' sent to object: 'Object Repository/Final Object Repo/New Registration - Registration Module Pages/Third Screen - Upload Supporting Doc- Preview/Upload File Adding'

2018-12-06 22:29:24 - [MESSAGE][PASSED] - File 'C:\Users\Public\Pictures\Sample Pictures\Koala.jpg' sent to object: 'Object Repository/Final Object Repo/New Registration - Registration Module Pages/Third Screen - Upload Supporting Doc- Preview/Upload File Adding'

2018-12-06 22:29:24 - [TEST_STEP][PASSED] - click: Object: 'Object Repository/Final Object Repo/New Registration - Registration Module Pages/Third Screen - Upload Supporting Doc- Preview/Inner Form Add Document Button' is clicked on

2018-12-06 22:29:24 - [MESSAGE][PASSED] - Object: 'Object Repository/Final Object Repo/New Registration - Registration Module Pages/Third Screen - Upload Supporting Doc- Preview/Inner Form Add Document Button' is clicked on

2018-12-06 22:29:24 - [TEST_STEP][PASSED] - delay: Delayed 5 second(s)

2018-12-06 22:29:29 - [MESSAGE][PASSED] - Delayed 5 second(s)

2018-12-06 22:29:29 - [TEST_STEP][PASSED] - click: Object: 'Object Repository/Final Object Repo/New Registration - Registration Module Pages/Third Screen - Upload Supporting Doc- Preview/Add Document Button' is clicked on

2018-12-06 22:29:29 - [MESSAGE][PASSED] - Object: 'Object Repository/Final Object Repo/New Registration - Registration Module Pages/Third Screen - Upload Supporting Doc- Preview/Add Document Button' is clicked on

2018-12-06 22:29:29 - [TEST_STEP][PASSED] - delay: Delayed 30 second(s)

2018-12-06 22:29:59 - [MESSAGE][PASSED] - Delayed 30 second(s)

2018-12-06 22:29:59 - [TEST_STEP][PASSED] - click: Object: 'Object Repository/Final Object Repo/New Registration - Registration Module Pages/Third Screen - Upload Supporting Doc- Preview/Supporting Doc Please Select Drop Down' is clicked on

2018-12-06 22:30:00 - [MESSAGE][PASSED] - Object: 'Object Repository/Final Object Repo/New Registration - Registration Module Pages/Third Screen - Upload Supporting Doc- Preview/Supporting Doc Please Select Drop Down' is clicked on

2018-12-06 22:30:00 - [TEST_STEP][PASSED] - delay: Delayed 3 second(s)

2018-12-06 22:30:03 - [MESSAGE][PASSED] - Delayed 3 second(s)

2018-12-06 22:30:03 - [TEST_STEP][PASSED] - click: Object: 'Object Repository/Final Object Repo/New Registration - Registration Module Pages/Third Screen - Upload Supporting Doc- Preview/Select to Upload Borang SIP 2' is clicked on

2018-12-06 22:30:03 - [MESSAGE][PASSED] - Object: 'Object Repository/Final Object Repo/New Registration - Registration Module Pages/Third Screen - Upload Supporting Doc- Preview/Select to Upload Borang SIP 2' is clicked on

2018-12-06 22:30:03 - [TEST_STEP][PASSED] - delay: Delayed 2 second(s)

2018-12-06 22:30:05 - [MESSAGE][PASSED] - Delayed 2 second(s)

2018-12-06 22:30:05 - [TEST_STEP][PASSED] - uploadFile: File 'C:\Users\Public\Pictures\Sample Pictures\Koala.jpg' sent to object: 'Object Repository/Final Object Repo/New Registration - Registration Module Pages/Third Screen - Upload Supporting Doc- Preview/Upload File Adding'

2018-12-06 22:30:05 - [MESSAGE][PASSED] - File 'C:\Users\Public\Pictures\Sample Pictures\Koala.jpg' sent to object: 'Object Repository/Final Object Repo/New Registration - Registration Module Pages/Third Screen - Upload Supporting Doc- Preview/Upload File Adding'

2018-12-06 22:30:05 - [TEST_STEP][PASSED] - delay: Delayed 5 second(s)

2018-12-06 22:30:10 - [MESSAGE][PASSED] - Delayed 5 second(s)

2018-12-06 22:30:10 - [TEST_STEP][PASSED] - click: Object: 'Object Repository/Final Object Repo/New Registration - Registration Module Pages/Third Screen - Upload Supporting Doc- Preview/Inner Form Add Document Button' is clicked on

2018-12-06 22:30:10 - [MESSAGE][PASSED] - Object: 'Object Repository/Final Object Repo/New Registration - Registration Module Pages/Third Screen - Upload Supporting Doc- Preview/Inner Form Add Document Button' is clicked on

2018-12-06 22:30:10 - [TEST_STEP][PASSED] - delay: Delayed 3 second(s)

2018-12-06 22:30:13 - [MESSAGE][PASSED] - Delayed 3 second(s)

2018-12-06 22:30:13 - [TEST_STEP][PASSED] - waitForElementClickable: Object 'Object Repository/Final Object Repo/New Registration - Registration Module Pages/Third Screen - Upload Supporting Doc- Preview/Save n Continue in Uploading Supporting Doc Page' is clickable

2018-12-06 22:30:14 - [MESSAGE][PASSED] - Object 'Object Repository/Final Object Repo/New Registration - Registration Module Pages/Third Screen - Upload Supporting Doc- Preview/Save n Continue in Uploading Supporting Doc Page' is clickable

2018-12-06 22:30:14 - [TEST_STEP][PASSED] - click: Object: 'Object Repository/Final Object Repo/New Registration - Registration Module Pages/Third Screen - Upload Supporting Doc- Preview/Save n Continue in Uploading Supporting Doc Page' is clicked on

2018-12-06 22:30:14 - [MESSAGE][PASSED] - Object: 'Object Repository/Final Object Repo/New Registration - Registration Module Pages/Third Screen - Upload Supporting Doc- Preview/Save n Continue in Uploading Supporting Doc Page' is clicked on

2018-12-06 22:30:14 - [MESSAGE][PASSED] - Call Test Case 'Test Cases/Final Aug 2018 - PKS Automation/Registration Module/New Registration/Flow of New Registration/Third Screen - Upload Supporting Doc - Preview' successfully

2018-12-06 22:30:14 - [TEST_STEP][PASSED] - callTestCase: Call Test Case 'Test Cases/Final Aug 2018 - PKS Automation/Registration Module/New Registration/Submit and Screenshot/Submit Registration and Screenshot' successfully

2018-12-06 22:30:14 - [TEST_CASE][PASSED] - Test Cases/Final Aug 2018 - PKS Automation/Registration Module/New Registration/Submit and Screenshot/Submit Registration and Screenshot: Test Cases/Final Aug 2018 - PKS Automation/Registration Module/New Registration/Submit and Screenshot/Submit Registration and Screenshot

2018-12-06 22:30:14 - [TEST_STEP][PASSED] - delay: Delayed 6 second(s)

2018-12-06 22:30:20 - [MESSAGE][PASSED] - Delayed 6 second(s)

2018-12-06 22:30:20 - [TEST_STEP][PASSED] - click: Object: 'Object Repository/Final Object Repo/New Registration - Registration Module Pages/Third Screen - Upload Supporting Doc- Preview/Preview Submit Button' is clicked on

2018-12-06 22:30:20 - [MESSAGE][PASSED] - Object: 'Object Repository/Final Object Repo/New Registration - Registration Module Pages/Third Screen - Upload Supporting Doc- Preview/Preview Submit Button' is clicked on

2018-12-06 22:30:20 - [TEST_STEP][PASSED] - delay: Delayed 2 second(s)

2018-12-06 22:30:22 - [MESSAGE][PASSED] - Delayed 2 second(s)

2018-12-06 22:30:22 - [TEST_STEP][PASSED] - click: Object: 'Object Repository/Final Object Repo/New Registration - Registration Module Pages/Third Screen - Upload Supporting Doc- Preview/Preview Submit - Confirm' is clicked on

2018-12-06 22:30:23 - [MESSAGE][PASSED] - Object: 'Object Repository/Final Object Repo/New Registration - Registration Module Pages/Third Screen - Upload Supporting Doc- Preview/Preview Submit - Confirm' is clicked on

2018-12-06 22:30:23 - [TEST_STEP][PASSED] - delay: Delayed 15 second(s)

2018-12-06 22:30:38 - [MESSAGE][PASSED] - Delayed 15 second(s)

2018-12-06 22:30:38 - [TEST_STEP][PASSED] - Statement - driver = com.kms.katalon.core.webui.driver.DriverFactory.getWebDriver(): null

2018-12-06 22:30:38 - [TEST_STEP][PASSED] - Statement - driver.manage().timeouts().implicitlyWait(10, SECONDS): null

2018-12-06 22:30:38 - [TEST_STEP][PASSED] - Statement - PresavePath = KatalonScreenshots: null

2018-12-06 22:30:38 - [TEST_STEP][PASSED] - Statement - pathPrefix = "C:\Users\Public\Pictures\Sample Pictures\Katalon Screenshots\Automate Ending Screen": null

2018-12-06 22:30:38 - [TEST_STEP][PASSED] - Statement - finalPath = <not implemented yet for class: org.codehaus.groovy.ast.expr.EmptyExpression>: null

2018-12-06 22:30:38 - [TEST_STEP][PASSED] - Statement - scrFile = driver.getScreenshotAs(FILE): null

2018-12-06 22:30:38 - [TEST_STEP][PASSED] - Statement - PreSaveFile = new java.io.File(PresavePath): null

2018-12-06 22:30:38 - [TEST_STEP][PASSED] - Statement - counter = 0: null

2018-12-06 22:30:38 - [TEST_STEP][PASSED] - Statement - If (PreSaveFile.exists()): null

2018-12-06 22:30:38 - [TEST_STEP][PASSED] - Statement - While (PreSaveFile.exists()): null

2018-12-06 22:30:38 - [TEST_STEP][PASSED] - Statement - counter = counter + 1: null

2018-12-06 22:30:38 - [TEST_STEP][PASSED] - Statement - PreSaveFile = new java.io.File(((pathPrefix + java.lang.Integer.toString(counter)) + .png)): null

2018-12-06 22:30:38 - [TEST_STEP][PASSED] - Statement - counter = counter + 1: null

2018-12-06 22:30:38 - [TEST_STEP][PASSED] - Statement - PreSaveFile = new java.io.File(((pathPrefix + java.lang.Integer.toString(counter)) + .png)): null

2018-12-06 22:30:38 - [TEST_STEP][PASSED] - Statement - counter = counter + 1: null

2018-12-06 22:30:38 - [TEST_STEP][PASSED] - Statement - PreSaveFile = new java.io.File(((pathPrefix + java.lang.Integer.toString(counter)) + .png)): null

2018-12-06 22:30:38 - [TEST_STEP][PASSED] - Statement - counter = counter + 1: null

2018-12-06 22:30:38 - [TEST_STEP][PASSED] - Statement - PreSaveFile = new java.io.File(((pathPrefix + java.lang.Integer.toString(counter)) + .png)): null

2018-12-06 22:30:38 - [TEST_STEP][PASSED] - Statement - counter = counter + 1: null

2018-12-06 22:30:38 - [TEST_STEP][PASSED] - Statement - PreSaveFile = new java.io.File(((pathPrefix + java.lang.Integer.toString(counter)) + .png)): null

2018-12-06 22:30:38 - [TEST_STEP][PASSED] - Statement - counter = counter + 1: null

2018-12-06 22:30:38 - [TEST_STEP][PASSED] - Statement - PreSaveFile = new java.io.File(((pathPrefix + java.lang.Integer.toString(counter)) + .png)): null

2018-12-06 22:30:38 - [TEST_STEP][PASSED] - Statement - counter = counter + 1: null

2018-12-06 22:30:38 - [TEST_STEP][PASSED] - Statement - PreSaveFile = new java.io.File(((pathPrefix + java.lang.Integer.toString(counter)) + .png)): null

2018-12-06 22:30:38 - [TEST_STEP][PASSED] - Statement - counter = counter + 1: null

2018-12-06 22:30:38 - [TEST_STEP][PASSED] - Statement - PreSaveFile = new java.io.File(((pathPrefix + java.lang.Integer.toString(counter)) + .png)): null

2018-12-06 22:30:38 - [TEST_STEP][PASSED] - Statement - counter = counter + 1: null

2018-12-06 22:30:38 - [TEST_STEP][PASSED] - Statement - PreSaveFile = new java.io.File(((pathPrefix + java.lang.Integer.toString(counter)) + .png)): null

2018-12-06 22:30:38 - [TEST_STEP][PASSED] - Statement - counter = counter + 1: null

2018-12-06 22:30:38 - [TEST_STEP][PASSED] - Statement - PreSaveFile = new java.io.File(((pathPrefix + java.lang.Integer.toString(counter)) + .png)): null

2018-12-06 22:30:38 - [TEST_STEP][PASSED] - Statement - counter = counter + 1: null

2018-12-06 22:30:38 - [TEST_STEP][PASSED] - Statement - PreSaveFile = new java.io.File(((pathPrefix + java.lang.Integer.toString(counter)) + .png)): null

2018-12-06 22:30:38 - [TEST_STEP][PASSED] - Statement - counter = counter + 1: null

2018-12-06 22:30:38 - [TEST_STEP][PASSED] - Statement - PreSaveFile = new java.io.File(((pathPrefix + java.lang.Integer.toString(counter)) + .png)): null

2018-12-06 22:30:38 - [TEST_STEP][PASSED] - Statement - counter = counter + 1: null

2018-12-06 22:30:38 - [TEST_STEP][PASSED] - Statement - PreSaveFile = new java.io.File(((pathPrefix + java.lang.Integer.toString(counter)) + .png)): null

2018-12-06 22:30:38 - [TEST_STEP][PASSED] - Statement - counter = counter + 1: null

2018-12-06 22:30:38 - [TEST_STEP][PASSED] - Statement - PreSaveFile = new java.io.File(((pathPrefix + java.lang.Integer.toString(counter)) + .png)): null

2018-12-06 22:30:38 - [TEST_STEP][PASSED] - Statement - counter = counter + 1: null

2018-12-06 22:30:38 - [TEST_STEP][PASSED] - Statement - PreSaveFile = new java.io.File(((pathPrefix + java.lang.Integer.toString(counter)) + .png)): null

2018-12-06 22:30:38 - [TEST_STEP][PASSED] - Statement - counter = counter + 1: null

2018-12-06 22:30:38 - [TEST_STEP][PASSED] - Statement - PreSaveFile = new java.io.File(((pathPrefix + java.lang.Integer.toString(counter)) + .png)): null

2018-12-06 22:30:38 - [TEST_STEP][PASSED] - Statement - counter = counter + 1: null

2018-12-06 22:30:38 - [TEST_STEP][PASSED] - Statement - PreSaveFile = new java.io.File(((pathPrefix + java.lang.Integer.toString(counter)) + .png)): null

2018-12-06 22:30:38 - [TEST_STEP][PASSED] - Statement - counter = counter + 1: null

2018-12-06 22:30:38 - [TEST_STEP][PASSED] - Statement - PreSaveFile = new java.io.File(((pathPrefix + java.lang.Integer.toString(counter)) + .png)): null

2018-12-06 22:30:38 - [TEST_STEP][PASSED] - Statement - counter = counter + 1: null

2018-12-06 22:30:38 - [TEST_STEP][PASSED] - Statement - PreSaveFile = new java.io.File(((pathPrefix + java.lang.Integer.toString(counter)) + .png)): null

2018-12-06 22:30:38 - [TEST_STEP][PASSED] - Statement - counter = counter + 1: null

2018-12-06 22:30:38 - [TEST_STEP][PASSED] - Statement - PreSaveFile = new java.io.File(((pathPrefix + java.lang.Integer.toString(counter)) + .png)): null

2018-12-06 22:30:38 - [TEST_STEP][PASSED] - Statement - counter = counter + 1: null

2018-12-06 22:30:38 - [TEST_STEP][PASSED] - Statement - PreSaveFile = new java.io.File(((pathPrefix + java.lang.Integer.toString(counter)) + .png)): null

2018-12-06 22:30:38 - [TEST_STEP][PASSED] - Statement - counter = counter + 1: null

2018-12-06 22:30:38 - [TEST_STEP][PASSED] - Statement - PreSaveFile = new java.io.File(((pathPrefix + java.lang.Integer.toString(counter)) + .png)): null

2018-12-06 22:30:38 - [TEST_STEP][PASSED] - Statement - counter = counter + 1: null

2018-12-06 22:30:38 - [TEST_STEP][PASSED] - Statement - PreSaveFile = new java.io.File(((pathPrefix + java.lang.Integer.toString(counter)) + .png)): null

2018-12-06 22:30:38 - [TEST_STEP][PASSED] - Statement - counter = counter + 1: null

2018-12-06 22:30:38 - [TEST_STEP][PASSED] - Statement - PreSaveFile = new java.io.File(((pathPrefix + java.lang.Integer.toString(counter)) + .png)): null

2018-12-06 22:30:38 - [TEST_STEP][PASSED] - Statement - counter = counter + 1: null

2018-12-06 22:30:38 - [TEST_STEP][PASSED] - Statement - PreSaveFile = new java.io.File(((pathPrefix + java.lang.Integer.toString(counter)) + .png)): null

2018-12-06 22:30:38 - [TEST_STEP][PASSED] - Statement - counter = counter + 1: null

2018-12-06 22:30:38 - [TEST_STEP][PASSED] - Statement - PreSaveFile = new java.io.File(((pathPrefix + java.lang.Integer.toString(counter)) + .png)): null

2018-12-06 22:30:38 - [TEST_STEP][PASSED] - Statement - counter = counter + 1: null

2018-12-06 22:30:38 - [TEST_STEP][PASSED] - Statement - PreSaveFile = new java.io.File(((pathPrefix + java.lang.Integer.toString(counter)) + .png)): null

2018-12-06 22:30:38 - [TEST_STEP][PASSED] - Statement - counter = counter + 1: null

2018-12-06 22:30:38 - [TEST_STEP][PASSED] - Statement - PreSaveFile = new java.io.File(((pathPrefix + java.lang.Integer.toString(counter)) + .png)): null

2018-12-06 22:30:38 - [TEST_STEP][PASSED] - Statement - counter = counter + 1: null

2018-12-06 22:30:38 - [TEST_STEP][PASSED] - Statement - PreSaveFile = new java.io.File(((pathPrefix + java.lang.Integer.toString(counter)) + .png)): null

2018-12-06 22:30:38 - [TEST_STEP][PASSED] - Statement - counter = counter + 1: null

2018-12-06 22:30:38 - [TEST_STEP][PASSED] - Statement - PreSaveFile = new java.io.File(((pathPrefix + java.lang.Integer.toString(counter)) + .png)): null

2018-12-06 22:30:38 - [TEST_STEP][PASSED] - Statement - counter = counter + 1: null

2018-12-06 22:30:38 - [TEST_STEP][PASSED] - Statement - PreSaveFile = new java.io.File(((pathPrefix + java.lang.Integer.toString(counter)) + .png)): null

2018-12-06 22:30:38 - [TEST_STEP][PASSED] - Statement - counter = counter + 1: null

2018-12-06 22:30:38 - [TEST_STEP][PASSED] - Statement - PreSaveFile = new java.io.File(((pathPrefix + java.lang.Integer.toString(counter)) + .png)): null

2018-12-06 22:30:38 - [TEST_STEP][PASSED] - Statement - counter = counter + 1: null

2018-12-06 22:30:38 - [TEST_STEP][PASSED] - Statement - PreSaveFile = new java.io.File(((pathPrefix + java.lang.Integer.toString(counter)) + .png)): null

2018-12-06 22:30:38 - [TEST_STEP][PASSED] - Statement - counter = counter + 1: null

2018-12-06 22:30:38 - [TEST_STEP][PASSED] - Statement - PreSaveFile = new java.io.File(((pathPrefix + java.lang.Integer.toString(counter)) + .png)): null

2018-12-06 22:30:38 - [TEST_STEP][PASSED] - Statement - counter = counter + 1: null

2018-12-06 22:30:38 - [TEST_STEP][PASSED] - Statement - PreSaveFile = new java.io.File(((pathPrefix + java.lang.Integer.toString(counter)) + .png)): null

2018-12-06 22:30:38 - [TEST_STEP][PASSED] - Statement - counter = counter + 1: null

2018-12-06 22:30:38 - [TEST_STEP][PASSED] - Statement - PreSaveFile = new java.io.File(((pathPrefix + java.lang.Integer.toString(counter)) + .png)): null

2018-12-06 22:30:38 - [TEST_STEP][PASSED] - Statement - counter = counter + 1: null

2018-12-06 22:30:38 - [TEST_STEP][PASSED] - Statement - PreSaveFile = new java.io.File(((pathPrefix + java.lang.Integer.toString(counter)) + .png)): null

2018-12-06 22:30:38 - [TEST_STEP][PASSED] - Statement - counter = counter + 1: null

2018-12-06 22:30:38 - [TEST_STEP][PASSED] - Statement - PreSaveFile = new java.io.File(((pathPrefix + java.lang.Integer.toString(counter)) + .png)): null

2018-12-06 22:30:38 - [TEST_STEP][PASSED] - Statement - counter = counter + 1: null

2018-12-06 22:30:38 - [TEST_STEP][PASSED] - Statement - PreSaveFile = new java.io.File(((pathPrefix + java.lang.Integer.toString(counter)) + .png)): null

2018-12-06 22:30:38 - [TEST_STEP][PASSED] - Statement - finalPath = pathPrefix + java.lang.Integer.toString(counter) + ".png": null

2018-12-06 22:30:38 - [TEST_STEP][PASSED] - Statement - SaveFile = new java.io.File(finalPath): null

2018-12-06 22:30:38 - [TEST_STEP][PASSED] - Statement - Try: null

2018-12-06 22:30:38 - [TEST_STEP][PASSED] - Statement - org.apache.commons.io.FileUtils.copyFile(scrFile, SaveFile): null

2018-12-06 22:30:38 - [TEST_STEP][PASSED] - Statement - out.println("file kept"): null

2018-12-06 22:30:38 - [TEST_STEP][PASSED] - delay: Delayed 10 second(s)

2018-12-06 22:30:48 - [MESSAGE][PASSED] - Delayed 10 second(s)

2018-12-06 22:30:48 - [MESSAGE][PASSED] - Call Test Case 'Test Cases/Final Aug 2018 - PKS Automation/Registration Module/New Registration/Submit and Screenshot/Submit Registration and Screenshot' successfully

2018-12-06 22:30:48 - [TEST_STEP][PASSED] - callTestCase: Call Test Case 'Test Cases/Final Aug 2018 - PKS Automation/Registration Module/Log Out/log out avoiding katalon tagging' successfully

2018-12-06 22:30:48 - [TEST_CASE][PASSED] - Test Cases/Final Aug 2018 - PKS Automation/Registration Module/Log Out/log out avoiding katalon tagging: Test Cases/Final Aug 2018 - PKS Automation/Registration Module/Log Out/log out avoiding katalon tagging

2018-12-06 22:30:48 - [TEST_STEP][PASSED] - navigateToUrl: Navigate to 'https://assist2-uat.perkeso.gov.my/c/portal/logout' successfully

2018-12-06 22:30:49 - [MESSAGE][PASSED] - Navigate to 'https://assist2-uat.perkeso.gov.my/c/portal/logout' successfully

2018-12-06 22:30:49 - [MESSAGE][PASSED] - Call Test Case 'Test Cases/Final Aug 2018 - PKS Automation/Registration Module/Log Out/log out avoiding katalon tagging' successfully

2018-12-06 22:30:49 - [TEST_STEP][PASSED] - callTestCase: Call Test Case 'Test Cases/Final Aug 2018 - PKS Automation/Common/Workflow Owner Finder' successfully

2018-12-06 22:30:49 - [TEST_CASE][PASSED] - Test Cases/Final Aug 2018 - PKS Automation/Common/Workflow Owner Finder: Test Cases/Final Aug 2018 - PKS Automation/Common/Workflow Owner Finder

2018-12-06 22:30:49 - [TEST_STEP][PASSED] - openBrowser: Browser is opened with url: ''

2018-12-06 22:30:49 - [MESSAGE][WARNING] - A browser is already opened. Closing browser and opening a new one

2018-12-06 22:30:53 - [MESSAGE][PASSED] - Browser is opened with url: ''

2018-12-06 22:30:53 - [TEST_STEP][PASSED] - navigateToUrl: Navigate to 'https://assist2-uat.perkeso.gov.my/login' successfully

2018-12-06 22:30:54 - [MESSAGE][PASSED] - Navigate to 'https://assist2-uat.perkeso.gov.my/login' successfully

2018-12-06 22:30:54 - [TEST_STEP][PASSED] - delay: Delayed 5 second(s)

2018-12-06 22:30:59 - [MESSAGE][PASSED] - Delayed 5 second(s)

2018-12-06 22:30:59 - [TEST_STEP][PASSED] - setText: Text 'test@liferay.com' is set on object 'Object Repository/Final Object Repo/Login Page/Internal User/Email Address'

2018-12-06 22:30:59 - [MESSAGE][PASSED] - Text 'test@liferay.com' is set on object 'Object Repository/Final Object Repo/Login Page/Internal User/Email Address'

2018-12-06 22:30:59 - [TEST_STEP][PASSED] - click: Object: 'Object Repository/Final Object Repo/Login Page/Internal User/Next Button' is clicked on

2018-12-06 22:30:59 - [MESSAGE][PASSED] - Object: 'Object Repository/Final Object Repo/Login Page/Internal User/Next Button' is clicked on

2018-12-06 22:30:59 - [TEST_STEP][PASSED] - delay: Delayed 2 second(s)

2018-12-06 22:31:01 - [MESSAGE][PASSED] - Delayed 2 second(s)

2018-12-06 22:31:01 - [TEST_STEP][PASSED] - setText: Text 'test' is set on object 'Object Repository/Final Object Repo/Login Page/Internal User/Password'

2018-12-06 22:31:02 - [MESSAGE][PASSED] - Text 'test' is set on object 'Object Repository/Final Object Repo/Login Page/Internal User/Password'

2018-12-06 22:31:02 - [TEST_STEP][PASSED] - delay: Delayed 2 second(s)

2018-12-06 22:31:04 - [MESSAGE][PASSED] - Delayed 2 second(s)

2018-12-06 22:31:04 - [TEST_STEP][PASSED] - click: Object: 'Object Repository/Final Object Repo/Login Page/Internal User/Login Button' is clicked on

2018-12-06 22:31:04 - [MESSAGE][PASSED] - Object: 'Object Repository/Final Object Repo/Login Page/Internal User/Login Button' is clicked on

2018-12-06 22:31:04 - [TEST_STEP][PASSED] - Statement - tester = com.kms.katalon.core.testobject.ObjectRepository.findTestObject(Final Object Repo/Landing Page/Select to English): Finding Test Object with id 'Object Repository/Final Object Repo/Landing Page/Select to English'

2018-12-06 22:31:04 - [TEST_STEP][PASSED] - Statement - Try: Delayed 2 second(s)

2018-12-06 22:31:04 - [TEST_STEP][PASSED] - Statement - Checker = com.kms.katalon.core.webui.keyword.WebUiBuiltInKeywords.verifyElementNotPresent(tester, 3): Web element with id: 'Object Repository/Final Object Repo/Landing Page/Select to English' located by 'By.xpath: //a[@class = 'taglib-language-list-text' and @lang = 'en-US' and (contains(text(), 'EN') or contains(., 'EN'))]' is not present after '3' second(s)

2018-12-06 22:31:06 - [MESSAGE][PASSED] - Web element with id: 'Object Repository/Final Object Repo/Landing Page/Select to English' located by 'By.xpath: //a[@class = 'taglib-language-list-text' and @lang = 'en-US' and (contains(text(), 'EN') or contains(., 'EN'))]' is not present after '3' second(s)

2018-12-06 22:31:06 - [TEST_STEP][PASSED] - Statement - If (Checker == false): null

2018-12-06 22:31:06 - [TEST_STEP][PASSED] - delay: Delayed 2 second(s)

2018-12-06 22:31:08 - [MESSAGE][PASSED] - Delayed 2 second(s)

2018-12-06 22:31:08 - [TEST_STEP][PASSED] - delay: Delayed 5 second(s)

2018-12-06 22:31:13 - [MESSAGE][PASSED] - Delayed 5 second(s)

2018-12-06 22:31:13 - [TEST_STEP][PASSED] - mouseOver: Object: 'Object Repository/Final Object Repo/Landing Page/WorkFlow Menu' is hovered

2018-12-06 22:31:13 - [MESSAGE][PASSED] - Object: 'Object Repository/Final Object Repo/Landing Page/WorkFlow Menu' is hovered

2018-12-06 22:31:13 - [TEST_STEP][PASSED] - delay: Delayed 2 second(s)

2018-12-06 22:31:15 - [MESSAGE][PASSED] - Delayed 2 second(s)

2018-12-06 22:31:15 - [TEST_STEP][PASSED] - click: Object: 'Object Repository/Final Object Repo/Landing Page/Select to Workflow Listing' is clicked on

2018-12-06 22:31:16 - [MESSAGE][PASSED] - Object: 'Object Repository/Final Object Repo/Landing Page/Select to Workflow Listing' is clicked on

2018-12-06 22:31:16 - [TEST_STEP][PASSED] - delay: Delayed 2 second(s)

2018-12-06 22:31:18 - [MESSAGE][PASSED] - Delayed 2 second(s)

2018-12-06 22:31:18 - [TEST_STEP][PASSED] - click: Object: 'Object Repository/Final Object Repo/WorkFlow Listing Page/Search Information - To Put Ref No' is clicked on

2018-12-06 22:31:18 - [MESSAGE][PASSED] - Object: 'Object Repository/Final Object Repo/WorkFlow Listing Page/Search Information - To Put Ref No' is clicked on

2018-12-06 22:31:18 - [TEST_STEP][PASSED] - delay: Delayed 2 second(s)

2018-12-06 22:31:20 - [MESSAGE][PASSED] - Delayed 2 second(s)

2018-12-06 22:31:20 - [TEST_STEP][PASSED] - callTestCase: Call Test Case 'Test Cases/Final Aug 2018 - PKS Automation/Common/Reference Number Getter' successfully

2018-12-06 22:31:20 - [TEST_CASE][PASSED] - Test Cases/Final Aug 2018 - PKS Automation/Common/Reference Number Getter: Test Cases/Final Aug 2018 - PKS Automation/Common/Reference Number Getter

2018-12-06 22:31:20 - [TEST_STEP][PASSED] - Statement - Try: null

2018-12-06 22:31:20 - [TEST_STEP][PASSED] - Statement - RefNo = new java.io.File(C://Users//Admin//Desktop//PKS//Automation Reference Point//KatalonReference.txt): null

2018-12-06 22:31:20 - [TEST_STEP][PASSED] - Statement - bufferread = new java.io.BufferedReader(new java.io.FileReader(RefNo)): null

2018-12-06 22:31:20 - [TEST_STEP][PASSED] - Statement - readedVal = bufferread.readLine(): null

2018-12-06 22:31:20 - [TEST_STEP][PASSED] - Statement - out.println(CaseReferenceNo): null

2018-12-06 22:31:20 - [TEST_STEP][PASSED] - Statement - out.println(readedVal): null

2018-12-06 22:31:20 - [TEST_STEP][PASSED] - Statement - CaseReferenceNo = "": null

2018-12-06 22:31:20 - [TEST_STEP][PASSED] - Statement - CaseReferenceNo = readedVal: null

2018-12-06 22:31:20 - [MESSAGE][PASSED] - Call Test Case 'Test Cases/Final Aug 2018 - PKS Automation/Common/Reference Number Getter' successfully

2018-12-06 22:31:20 - [TEST_STEP][PASSED] - setText: Text 'CRN12201800123066' is set on object 'Object Repository/Final Object Repo/WorkFlow Listing Page/Ref No Set Text'

2018-12-06 22:31:20 - [MESSAGE][PASSED] - Text 'CRN12201800123066' is set on object 'Object Repository/Final Object Repo/WorkFlow Listing Page/Ref No Set Text'

2018-12-06 22:31:20 - [TEST_STEP][PASSED] - delay: Delayed 2 second(s)

2018-12-06 22:31:22 - [MESSAGE][PASSED] - Delayed 2 second(s)

2018-12-06 22:31:22 - [TEST_STEP][PASSED] - click: Object: 'Object Repository/Final Object Repo/WorkFlow Listing Page/Search Ref No Search Button' is clicked on

2018-12-06 22:31:23 - [MESSAGE][PASSED] - Object: 'Object Repository/Final Object Repo/WorkFlow Listing Page/Search Ref No Search Button' is clicked on

2018-12-06 22:31:23 - [TEST_STEP][PASSED] - delay: Delayed 6 second(s)

2018-12-06 22:31:29 - [MESSAGE][PASSED] - Delayed 6 second(s)

2018-12-06 22:31:29 - [TEST_STEP][PASSED] - click: Object: 'Object Repository/Final Object Repo/WorkFlow Listing Page/Click Continue Tooltip' is clicked on

2018-12-06 22:31:30 - [MESSAGE][PASSED] - Object: 'Object Repository/Final Object Repo/WorkFlow Listing Page/Click Continue Tooltip' is clicked on

2018-12-06 22:31:30 - [TEST_STEP][PASSED] - delay: Delayed 5 second(s)

2018-12-06 22:31:35 - [MESSAGE][PASSED] - Delayed 5 second(s)

2018-12-06 22:31:35 - [TEST_STEP][PASSED] - doubleClick: Object: 'Object Repository/Final Object Repo/WorkFlow Listing Page/Workflow Found - Listing 1' is double clicked on

2018-12-06 22:31:35 - [MESSAGE][PASSED] - Object: 'Object Repository/Final Object Repo/WorkFlow Listing Page/Workflow Found - Listing 1' is double clicked on

2018-12-06 22:31:35 - [TEST_STEP][PASSED] - Statement - println(OwnerID): null

2018-12-06 22:31:35 - [TEST_STEP][PASSED] - Statement - OwnerID = com.kms.katalon.core.webui.keyword.WebUiBuiltInKeywords.getText(com.kms.katalon.core.testobject.ObjectRepository.findTestObject(Final Object Repo/WorkFlow Listing Page/Workflow Found - Listing 1), STOP_ON_FAILURE): Text of object 'Object Repository/Final Object Repo/WorkFlow Listing Page/Workflow Found - Listing 1' is: 'KLpkrbo3'

2018-12-06 22:31:35 - [MESSAGE][PASSED] - Text of object 'Object Repository/Final Object Repo/WorkFlow Listing Page/Workflow Found - Listing 1' is: 'KLpkrbo3'

2018-12-06 22:31:35 - [TEST_STEP][PASSED] - Statement - OwnerID = OwnerID.toLowerCase() + "@gmail.com": null

2018-12-06 22:31:35 - [TEST_STEP][PASSED] - Statement - println(OwnerID): null

2018-12-06 22:31:35 - [TEST_STEP][PASSED] - delay: Delayed 2 second(s)

2018-12-06 22:31:37 - [MESSAGE][PASSED] - Delayed 2 second(s)

2018-12-06 22:31:37 - [MESSAGE][PASSED] - Call Test Case 'Test Cases/Final Aug 2018 - PKS Automation/Common/Workflow Owner Finder' successfully

2018-12-06 22:31:37 - [TEST_STEP][PASSED] - callTestCase: Call Test Case 'Test Cases/Final Aug 2018 - PKS Automation/Registration Module/Log Out/log out avoiding katalon tagging' successfully

2018-12-06 22:31:37 - [TEST_CASE][PASSED] - Test Cases/Final Aug 2018 - PKS Automation/Registration Module/Log Out/log out avoiding katalon tagging: Test Cases/Final Aug 2018 - PKS Automation/Registration Module/Log Out/log out avoiding katalon tagging

2018-12-06 22:31:37 - [TEST_STEP][PASSED] - navigateToUrl: Navigate to 'https://assist2-uat.perkeso.gov.my/c/portal/logout' successfully

2018-12-06 22:31:38 - [MESSAGE][PASSED] - Navigate to 'https://assist2-uat.perkeso.gov.my/c/portal/logout' successfully

2018-12-06 22:31:38 - [MESSAGE][PASSED] - Call Test Case 'Test Cases/Final Aug 2018 - PKS Automation/Registration Module/Log Out/log out avoiding katalon tagging' successfully

2018-12-06 22:31:38 - [TEST_STEP][PASSED] - delay: Delayed 2 second(s)

2018-12-06 22:31:40 - [MESSAGE][PASSED] - Delayed 2 second(s)

2018-12-06 22:31:40 - [TEST_STEP][PASSED] - setText: Text 'klpkrbo3@gmail.com' is set on object 'Object Repository/Final Object Repo/New Registration - Registration Module Pages/New Reg - OTC to RO/Special Case - All Related Objects/Email TextBox'

2018-12-06 22:31:40 - [MESSAGE][PASSED] - Text 'klpkrbo3@gmail.com' is set on object 'Object Repository/Final Object Repo/New Registration - Registration Module Pages/New Reg - OTC to RO/Special Case - All Related Objects/Email TextBox'

2018-12-06 22:31:40 - [TEST_STEP][PASSED] - click: Object: 'Object Repository/Final Object Repo/New Registration - Registration Module Pages/New Reg - OTC to RO/Special Case - All Related Objects/Next Button' is clicked on

2018-12-06 22:31:40 - [MESSAGE][PASSED] - Object: 'Object Repository/Final Object Repo/New Registration - Registration Module Pages/New Reg - OTC to RO/Special Case - All Related Objects/Next Button' is clicked on

2018-12-06 22:31:40 - [TEST_STEP][PASSED] - delay: Delayed 2 second(s)

2018-12-06 22:31:42 - [MESSAGE][PASSED] - Delayed 2 second(s)

2018-12-06 22:31:42 - [TEST_STEP][PASSED] - setText: Text 'Test1@3456789' is set on object 'Object Repository/Final Object Repo/New Registration - Registration Module Pages/New Reg - OTC to RO/Special Case - All Related Objects/Password TextBox'

2018-12-06 22:31:42 - [MESSAGE][PASSED] - Text 'Test1@3456789' is set on object 'Object Repository/Final Object Repo/New Registration - Registration Module Pages/New Reg - OTC to RO/Special Case - All Related Objects/Password TextBox'

2018-12-06 22:31:42 - [TEST_STEP][PASSED] - delay: Delayed 2 second(s)

2018-12-06 22:31:44 - [MESSAGE][PASSED] - Delayed 2 second(s)

2018-12-06 22:31:44 - [TEST_STEP][PASSED] - click: Object: 'Object Repository/Final Object Repo/New Registration - Registration Module Pages/New Reg - OTC to RO/Special Case - All Related Objects/Login Button' is clicked on

2018-12-06 22:31:45 - [MESSAGE][PASSED] - Object: 'Object Repository/Final Object Repo/New Registration - Registration Module Pages/New Reg - OTC to RO/Special Case - All Related Objects/Login Button' is clicked on

2018-12-06 22:31:45 - [TEST_STEP][PASSED] - delay: Delayed 2 second(s)

2018-12-06 22:31:47 - [MESSAGE][PASSED] - Delayed 2 second(s)

2018-12-06 22:31:47 - [TEST_STEP][PASSED] - Statement - Try: null

2018-12-06 22:31:47 - [TEST_STEP][PASSED] - Statement - Checker = com.kms.katalon.core.webui.keyword.WebUiBuiltInKeywords.verifyElementNotPresent("Final Object Repo/Landing Page/Select to English", 3): null

2018-12-06 22:31:47 - [TEST_STEP][PASSED] - Statement - Catch (Exception e): null

2018-12-06 22:31:47 - [TEST_STEP][PASSED] - Statement - e.printStackTrace(): null

2018-12-06 22:31:47 - [TEST_STEP][PASSED] - click: Object: 'Object Repository/Final Object Repo/New Registration - Registration Module Pages/New Reg - OTC to RO/Special Case - All Related Objects/Expand to Search' is clicked on

2018-12-06 22:31:47 - [MESSAGE][PASSED] - Object: 'Object Repository/Final Object Repo/New Registration - Registration Module Pages/New Reg - OTC to RO/Special Case - All Related Objects/Expand to Search' is clicked on

2018-12-06 22:31:47 - [TEST_STEP][PASSED] - delay: Delayed 2 second(s)

2018-12-06 22:31:49 - [MESSAGE][PASSED] - Delayed 2 second(s)

2018-12-06 22:31:49 - [TEST_STEP][PASSED] - setText: Text 'CRN12201800123066' is set on object 'Object Repository/Final Object Repo/New Registration - Registration Module Pages/New Reg - OTC to RO/Special Case - All Related Objects/TextBox RefNo in Workbasket'

2018-12-06 22:31:49 - [MESSAGE][PASSED] - Text 'CRN12201800123066' is set on object 'Object Repository/Final Object Repo/New Registration - Registration Module Pages/New Reg - OTC to RO/Special Case - All Related Objects/TextBox RefNo in Workbasket'

2018-12-06 22:31:49 - [TEST_STEP][PASSED] - delay: Delayed 2 second(s)

2018-12-06 22:31:51 - [MESSAGE][PASSED] - Delayed 2 second(s)

2018-12-06 22:31:51 - [TEST_STEP][PASSED] - click: Object: 'Object Repository/Final Object Repo/New Registration - Registration Module Pages/New Reg - OTC to RO/Special Case - All Related Objects/Click Search' is clicked on

2018-12-06 22:31:51 - [MESSAGE][PASSED] - Object: 'Object Repository/Final Object Repo/New Registration - Registration Module Pages/New Reg - OTC to RO/Special Case - All Related Objects/Click Search' is clicked on

2018-12-06 22:31:51 - [TEST_STEP][PASSED] - delay: Delayed 2 second(s)

2018-12-06 22:31:53 - [MESSAGE][PASSED] - Delayed 2 second(s)

2018-12-06 22:31:53 - [TEST_STEP][PASSED] - click: Object: 'Object Repository/Final Object Repo/New Registration - Registration Module Pages/New Reg - OTC to RO/Special Case - All Related Objects/Click to Continue Workflow' is clicked on

2018-12-06 22:31:55 - [MESSAGE][PASSED] - Object: 'Object Repository/Final Object Repo/New Registration - Registration Module Pages/New Reg - OTC to RO/Special Case - All Related Objects/Click to Continue Workflow' is clicked on

2018-12-06 22:31:55 - [TEST_STEP][PASSED] - delay: Delayed 2 second(s)

2018-12-06 22:31:57 - [MESSAGE][PASSED] - Delayed 2 second(s)

2018-12-06 22:31:57 - [TEST_STEP][PASSED] - click: Object: 'Object Repository/Final Object Repo/New Registration - Registration Module Pages/New Reg - OTC to RO/Special Case - All Related Objects/Form 1 Save n Continue' is clicked on

2018-12-06 22:31:58 - [MESSAGE][PASSED] - Object: 'Object Repository/Final Object Repo/New Registration - Registration Module Pages/New Reg - OTC to RO/Special Case - All Related Objects/Form 1 Save n Continue' is clicked on

2018-12-06 22:31:58 - [TEST_STEP][PASSED] - delay: Delayed 5 second(s)

2018-12-06 22:32:03 - [MESSAGE][PASSED] - Delayed 5 second(s)

2018-12-06 22:32:03 - [TEST_STEP][PASSED] - click: Object: 'Object Repository/Final Object Repo/New Registration - Registration Module Pages/New Reg - OTC to RO/Special Case - OTC - Form 1/Confirm No Flagging as Branch' is clicked on

2018-12-06 22:32:03 - [MESSAGE][PASSED] - Object: 'Object Repository/Final Object Repo/New Registration - Registration Module Pages/New Reg - OTC to RO/Special Case - OTC - Form 1/Confirm No Flagging as Branch' is clicked on

2018-12-06 22:32:03 - [TEST_STEP][PASSED] - delay: Delayed 2 second(s)

2018-12-06 22:32:05 - [MESSAGE][PASSED] - Delayed 2 second(s)

2018-12-06 22:32:05 - [TEST_STEP][PASSED] - click: Object: 'Object Repository/Final Object Repo/New Registration - Registration Module Pages/New Reg - OTC to RO/Special Case - All Related Objects/Form 2 Save n Continue' is clicked on

2018-12-06 22:32:05 - [MESSAGE][PASSED] - Object: 'Object Repository/Final Object Repo/New Registration - Registration Module Pages/New Reg - OTC to RO/Special Case - All Related Objects/Form 2 Save n Continue' is clicked on

2018-12-06 22:32:05 - [TEST_STEP][PASSED] - delay: Delayed 2 second(s)

2018-12-06 22:32:07 - [MESSAGE][PASSED] - Delayed 2 second(s)

2018-12-06 22:32:07 - [TEST_STEP][PASSED] - click: Object: 'Object Repository/Final Object Repo/New Registration - Registration Module Pages/New Reg - OTC to RO/Special Case - All Related Objects/Third Screen Save n Continue' is clicked on

2018-12-06 22:32:12 - [MESSAGE][PASSED] - Object: 'Object Repository/Final Object Repo/New Registration - Registration Module Pages/New Reg - OTC to RO/Special Case - All Related Objects/Third Screen Save n Continue' is clicked on

2018-12-06 22:32:12 - [TEST_STEP][PASSED] - delay: Delayed 5 second(s)

2018-12-06 22:32:17 - [MESSAGE][PASSED] - Delayed 5 second(s)

2018-12-06 22:32:17 - [TEST_STEP][PASSED] - click: Object: 'Object Repository/Final Object Repo/New Registration - Registration Module Pages/New Reg - OTC to RO/Special Case - All Related Objects/Upload Doc Page Save n Continue' is clicked on

2018-12-06 22:32:18 - [MESSAGE][PASSED] - Object: 'Object Repository/Final Object Repo/New Registration - Registration Module Pages/New Reg - OTC to RO/Special Case - All Related Objects/Upload Doc Page Save n Continue' is clicked on

2018-12-06 22:32:18 - [TEST_STEP][PASSED] - callTestCase: Call Test Case 'Test Cases/Final Aug 2018 - PKS Automation/Registration Module/New Registration/Submit and Screenshot/Submit Registration and Screenshot' successfully

2018-12-06 22:32:18 - [TEST_CASE][PASSED] - Test Cases/Final Aug 2018 - PKS Automation/Registration Module/New Registration/Submit and Screenshot/Submit Registration and Screenshot: Test Cases/Final Aug 2018 - PKS Automation/Registration Module/New Registration/Submit and Screenshot/Submit Registration and Screenshot

2018-12-06 22:32:18 - [TEST_STEP][PASSED] - delay: Delayed 6 second(s)

2018-12-06 22:32:24 - [MESSAGE][PASSED] - Delayed 6 second(s)

2018-12-06 22:32:24 - [TEST_STEP][PASSED] - click: Object: 'Object Repository/Final Object Repo/New Registration - Registration Module Pages/Third Screen - Upload Supporting Doc- Preview/Preview Submit Button' is clicked on

2018-12-06 22:32:24 - [MESSAGE][PASSED] - Object: 'Object Repository/Final Object Repo/New Registration - Registration Module Pages/Third Screen - Upload Supporting Doc- Preview/Preview Submit Button' is clicked on

2018-12-06 22:32:24 - [TEST_STEP][PASSED] - delay: Delayed 2 second(s)

2018-12-06 22:32:26 - [MESSAGE][PASSED] - Delayed 2 second(s)

2018-12-06 22:32:26 - [TEST_STEP][PASSED] - click: Object: 'Object Repository/Final Object Repo/New Registration - Registration Module Pages/Third Screen - Upload Supporting Doc- Preview/Preview Submit - Confirm' is clicked on

2018-12-06 22:32:26 - [MESSAGE][PASSED] - Object: 'Object Repository/Final Object Repo/New Registration - Registration Module Pages/Third Screen - Upload Supporting Doc- Preview/Preview Submit - Confirm' is clicked on

2018-12-06 22:32:26 - [TEST_STEP][PASSED] - delay: Delayed 15 second(s)

2018-12-06 22:32:41 - [MESSAGE][PASSED] - Delayed 15 second(s)

2018-12-06 22:32:41 - [TEST_STEP][PASSED] - Statement - driver = com.kms.katalon.core.webui.driver.DriverFactory.getWebDriver(): null

2018-12-06 22:32:41 - [TEST_STEP][PASSED] - Statement - driver.manage().timeouts().implicitlyWait(10, SECONDS): null

2018-12-06 22:32:41 - [TEST_STEP][PASSED] - Statement - PresavePath = KatalonScreenshots: null

2018-12-06 22:32:41 - [TEST_STEP][PASSED] - Statement - pathPrefix = "C:\Users\Public\Pictures\Sample Pictures\Katalon Screenshots\Automate Ending Screen": null

2018-12-06 22:32:41 - [TEST_STEP][PASSED] - Statement - finalPath = <not implemented yet for class: org.codehaus.groovy.ast.expr.EmptyExpression>: null

2018-12-06 22:32:41 - [TEST_STEP][PASSED] - Statement - scrFile = driver.getScreenshotAs(FILE): null

2018-12-06 22:32:41 - [TEST_STEP][PASSED] - Statement - PreSaveFile = new java.io.File(PresavePath): null

2018-12-06 22:32:41 - [TEST_STEP][PASSED] - Statement - counter = 0: null

2018-12-06 22:32:41 - [TEST_STEP][PASSED] - Statement - If (PreSaveFile.exists()): null

2018-12-06 22:32:41 - [TEST_STEP][PASSED] - Statement - While (PreSaveFile.exists()): null

2018-12-06 22:32:41 - [TEST_STEP][PASSED] - Statement - counter = counter + 1: null

2018-12-06 22:32:41 - [TEST_STEP][PASSED] - Statement - PreSaveFile = new java.io.File(((pathPrefix + java.lang.Integer.toString(counter)) + .png)): null

2018-12-06 22:32:41 - [TEST_STEP][PASSED] - Statement - counter = counter + 1: null

2018-12-06 22:32:41 - [TEST_STEP][PASSED] - Statement - PreSaveFile = new java.io.File(((pathPrefix + java.lang.Integer.toString(counter)) + .png)): null

2018-12-06 22:32:41 - [TEST_STEP][PASSED] - Statement - counter = counter + 1: null

2018-12-06 22:32:41 - [TEST_STEP][PASSED] - Statement - PreSaveFile = new java.io.File(((pathPrefix + java.lang.Integer.toString(counter)) + .png)): null

2018-12-06 22:32:41 - [TEST_STEP][PASSED] - Statement - counter = counter + 1: null

2018-12-06 22:32:41 - [TEST_STEP][PASSED] - Statement - PreSaveFile = new java.io.File(((pathPrefix + java.lang.Integer.toString(counter)) + .png)): null

2018-12-06 22:32:41 - [TEST_STEP][PASSED] - Statement - counter = counter + 1: null

2018-12-06 22:32:41 - [TEST_STEP][PASSED] - Statement - PreSaveFile = new java.io.File(((pathPrefix + java.lang.Integer.toString(counter)) + .png)): null

2018-12-06 22:32:41 - [TEST_STEP][PASSED] - Statement - counter = counter + 1: null

2018-12-06 22:32:41 - [TEST_STEP][PASSED] - Statement - PreSaveFile = new java.io.File(((pathPrefix + java.lang.Integer.toString(counter)) + .png)): null

2018-12-06 22:32:41 - [TEST_STEP][PASSED] - Statement - counter = counter + 1: null

2018-12-06 22:32:41 - [TEST_STEP][PASSED] - Statement - PreSaveFile = new java.io.File(((pathPrefix + java.lang.Integer.toString(counter)) + .png)): null

2018-12-06 22:32:41 - [TEST_STEP][PASSED] - Statement - counter = counter + 1: null

2018-12-06 22:32:41 - [TEST_STEP][PASSED] - Statement - PreSaveFile = new java.io.File(((pathPrefix + java.lang.Integer.toString(counter)) + .png)): null

2018-12-06 22:32:41 - [TEST_STEP][PASSED] - Statement - counter = counter + 1: null

2018-12-06 22:32:41 - [TEST_STEP][PASSED] - Statement - PreSaveFile = new java.io.File(((pathPrefix + java.lang.Integer.toString(counter)) + .png)): null

2018-12-06 22:32:41 - [TEST_STEP][PASSED] - Statement - counter = counter + 1: null

2018-12-06 22:32:41 - [TEST_STEP][PASSED] - Statement - PreSaveFile = new java.io.File(((pathPrefix + java.lang.Integer.toString(counter)) + .png)): null

2018-12-06 22:32:41 - [TEST_STEP][PASSED] - Statement - counter = counter + 1: null

2018-12-06 22:32:41 - [TEST_STEP][PASSED] - Statement - PreSaveFile = new java.io.File(((pathPrefix + java.lang.Integer.toString(counter)) + .png)): null

2018-12-06 22:32:41 - [TEST_STEP][PASSED] - Statement - counter = counter + 1: null

2018-12-06 22:32:41 - [TEST_STEP][PASSED] - Statement - PreSaveFile = new java.io.File(((pathPrefix + java.lang.Integer.toString(counter)) + .png)): null

2018-12-06 22:32:41 - [TEST_STEP][PASSED] - Statement - counter = counter + 1: null

2018-12-06 22:32:41 - [TEST_STEP][PASSED] - Statement - PreSaveFile = new java.io.File(((pathPrefix + java.lang.Integer.toString(counter)) + .png)): null

2018-12-06 22:32:41 - [TEST_STEP][PASSED] - Statement - counter = counter + 1: null

2018-12-06 22:32:41 - [TEST_STEP][PASSED] - Statement - PreSaveFile = new java.io.File(((pathPrefix + java.lang.Integer.toString(counter)) + .png)): null

2018-12-06 22:32:41 - [TEST_STEP][PASSED] - Statement - counter = counter + 1: null

2018-12-06 22:32:41 - [TEST_STEP][PASSED] - Statement - PreSaveFile = new java.io.File(((pathPrefix + java.lang.Integer.toString(counter)) + .png)): null

2018-12-06 22:32:41 - [TEST_STEP][PASSED] - Statement - counter = counter + 1: null

2018-12-06 22:32:41 - [TEST_STEP][PASSED] - Statement - PreSaveFile = new java.io.File(((pathPrefix + java.lang.Integer.toString(counter)) + .png)): null

2018-12-06 22:32:41 - [TEST_STEP][PASSED] - Statement - counter = counter + 1: null

2018-12-06 22:32:41 - [TEST_STEP][PASSED] - Statement - PreSaveFile = new java.io.File(((pathPrefix + java.lang.Integer.toString(counter)) + .png)): null

2018-12-06 22:32:41 - [TEST_STEP][PASSED] - Statement - counter = counter + 1: null

2018-12-06 22:32:41 - [TEST_STEP][PASSED] - Statement - PreSaveFile = new java.io.File(((pathPrefix + java.lang.Integer.toString(counter)) + .png)): null

2018-12-06 22:32:41 - [TEST_STEP][PASSED] - Statement - counter = counter + 1: null

2018-12-06 22:32:41 - [TEST_STEP][PASSED] - Statement - PreSaveFile = new java.io.File(((pathPrefix + java.lang.Integer.toString(counter)) + .png)): null

2018-12-06 22:32:41 - [TEST_STEP][PASSED] - Statement - counter = counter + 1: null

2018-12-06 22:32:41 - [TEST_STEP][PASSED] - Statement - PreSaveFile = new java.io.File(((pathPrefix + java.lang.Integer.toString(counter)) + .png)): null

2018-12-06 22:32:41 - [TEST_STEP][PASSED] - Statement - counter = counter + 1: null

2018-12-06 22:32:41 - [TEST_STEP][PASSED] - Statement - PreSaveFile = new java.io.File(((pathPrefix + java.lang.Integer.toString(counter)) + .png)): null

2018-12-06 22:32:41 - [TEST_STEP][PASSED] - Statement - counter = counter + 1: null

2018-12-06 22:32:41 - [TEST_STEP][PASSED] - Statement - PreSaveFile = new java.io.File(((pathPrefix + java.lang.Integer.toString(counter)) + .png)): null

2018-12-06 22:32:41 - [TEST_STEP][PASSED] - Statement - counter = counter + 1: null

2018-12-06 22:32:41 - [TEST_STEP][PASSED] - Statement - PreSaveFile = new java.io.File(((pathPrefix + java.lang.Integer.toString(counter)) + .png)): null

2018-12-06 22:32:41 - [TEST_STEP][PASSED] - Statement - counter = counter + 1: null

2018-12-06 22:32:41 - [TEST_STEP][PASSED] - Statement - PreSaveFile = new java.io.File(((pathPrefix + java.lang.Integer.toString(counter)) + .png)): null

2018-12-06 22:32:41 - [TEST_STEP][PASSED] - Statement - counter = counter + 1: null

2018-12-06 22:32:41 - [TEST_STEP][PASSED] - Statement - PreSaveFile = new java.io.File(((pathPrefix + java.lang.Integer.toString(counter)) + .png)): null

2018-12-06 22:32:41 - [TEST_STEP][PASSED] - Statement - counter = counter + 1: null

2018-12-06 22:32:41 - [TEST_STEP][PASSED] - Statement - PreSaveFile = new java.io.File(((pathPrefix + java.lang.Integer.toString(counter)) + .png)): null

2018-12-06 22:32:41 - [TEST_STEP][PASSED] - Statement - counter = counter + 1: null

2018-12-06 22:32:41 - [TEST_STEP][PASSED] - Statement - PreSaveFile = new java.io.File(((pathPrefix + java.lang.Integer.toString(counter)) + .png)): null

2018-12-06 22:32:41 - [TEST_STEP][PASSED] - Statement - counter = counter + 1: null

2018-12-06 22:32:41 - [TEST_STEP][PASSED] - Statement - PreSaveFile = new java.io.File(((pathPrefix + java.lang.Integer.toString(counter)) + .png)): null

2018-12-06 22:32:41 - [TEST_STEP][PASSED] - Statement - counter = counter + 1: null

2018-12-06 22:32:41 - [TEST_STEP][PASSED] - Statement - PreSaveFile = new java.io.File(((pathPrefix + java.lang.Integer.toString(counter)) + .png)): null

2018-12-06 22:32:41 - [TEST_STEP][PASSED] - Statement - counter = counter + 1: null

2018-12-06 22:32:41 - [TEST_STEP][PASSED] - Statement - PreSaveFile = new java.io.File(((pathPrefix + java.lang.Integer.toString(counter)) + .png)): null

2018-12-06 22:32:41 - [TEST_STEP][PASSED] - Statement - counter = counter + 1: null

2018-12-06 22:32:41 - [TEST_STEP][PASSED] - Statement - PreSaveFile = new java.io.File(((pathPrefix + java.lang.Integer.toString(counter)) + .png)): null

2018-12-06 22:32:41 - [TEST_STEP][PASSED] - Statement - counter = counter + 1: null

2018-12-06 22:32:41 - [TEST_STEP][PASSED] - Statement - PreSaveFile = new java.io.File(((pathPrefix + java.lang.Integer.toString(counter)) + .png)): null

2018-12-06 22:32:41 - [TEST_STEP][PASSED] - Statement - counter = counter + 1: null

2018-12-06 22:32:41 - [TEST_STEP][PASSED] - Statement - PreSaveFile = new java.io.File(((pathPrefix + java.lang.Integer.toString(counter)) + .png)): null

2018-12-06 22:32:41 - [TEST_STEP][PASSED] - Statement - counter = counter + 1: null

2018-12-06 22:32:41 - [TEST_STEP][PASSED] - Statement - PreSaveFile = new java.io.File(((pathPrefix + java.lang.Integer.toString(counter)) + .png)): null

2018-12-06 22:32:41 - [TEST_STEP][PASSED] - Statement - counter = counter + 1: null

2018-12-06 22:32:41 - [TEST_STEP][PASSED] - Statement - PreSaveFile = new java.io.File(((pathPrefix + java.lang.Integer.toString(counter)) + .png)): null

2018-12-06 22:32:41 - [TEST_STEP][PASSED] - Statement - counter = counter + 1: null

2018-12-06 22:32:41 - [TEST_STEP][PASSED] - Statement - PreSaveFile = new java.io.File(((pathPrefix + java.lang.Integer.toString(counter)) + .png)): null

2018-12-06 22:32:41 - [TEST_STEP][PASSED] - Statement - counter = counter + 1: null

2018-12-06 22:32:41 - [TEST_STEP][PASSED] - Statement - PreSaveFile = new java.io.File(((pathPrefix + java.lang.Integer.toString(counter)) + .png)): null

2018-12-06 22:32:41 - [TEST_STEP][PASSED] - Statement - counter = counter + 1: null

2018-12-06 22:32:41 - [TEST_STEP][PASSED] - Statement - PreSaveFile = new java.io.File(((pathPrefix + java.lang.Integer.toString(counter)) + .png)): null

2018-12-06 22:32:41 - [TEST_STEP][PASSED] - Statement - counter = counter + 1: null

2018-12-06 22:32:41 - [TEST_STEP][PASSED] - Statement - PreSaveFile = new java.io.File(((pathPrefix + java.lang.Integer.toString(counter)) + .png)): null

2018-12-06 22:32:41 - [TEST_STEP][PASSED] - Statement - counter = counter + 1: null

2018-12-06 22:32:41 - [TEST_STEP][PASSED] - Statement - PreSaveFile = new java.io.File(((pathPrefix + java.lang.Integer.toString(counter)) + .png)): null

2018-12-06 22:32:41 - [TEST_STEP][PASSED] - Statement - finalPath = pathPrefix + java.lang.Integer.toString(counter) + ".png": null

2018-12-06 22:32:42 - [TEST_STEP][PASSED] - Statement - SaveFile = new java.io.File(finalPath): null

2018-12-06 22:32:42 - [TEST_STEP][PASSED] - Statement - Try: null

2018-12-06 22:32:42 - [TEST_STEP][PASSED] - Statement - org.apache.commons.io.FileUtils.copyFile(scrFile, SaveFile): null

2018-12-06 22:32:42 - [TEST_STEP][PASSED] - Statement - out.println("file kept"): null

2018-12-06 22:32:42 - [TEST_STEP][PASSED] - delay: Delayed 10 second(s)

2018-12-06 22:32:52 - [MESSAGE][PASSED] - Delayed 10 second(s)

2018-12-06 22:32:52 - [MESSAGE][PASSED] - Call Test Case 'Test Cases/Final Aug 2018 - PKS Automation/Registration Module/New Registration/Submit and Screenshot/Submit Registration and Screenshot' successfully

2018-12-06 22:32:52 - [TEST_STEP][PASSED] - delay: Delayed 5 second(s)

2018-12-06 22:32:57 - [MESSAGE][PASSED] - Delayed 5 second(s)

2018-12-06 22:32:57 - [TEST_STEP][PASSED] - callTestCase: Call Test Case 'Test Cases/Final Aug 2018 - PKS Automation/Registration Module/Log Out/log out avoiding katalon tagging' successfully

2018-12-06 22:32:57 - [TEST_CASE][PASSED] - Test Cases/Final Aug 2018 - PKS Automation/Registration Module/Log Out/log out avoiding katalon tagging: Test Cases/Final Aug 2018 - PKS Automation/Registration Module/Log Out/log out avoiding katalon tagging

2018-12-06 22:32:57 - [TEST_STEP][PASSED] - navigateToUrl: Navigate to 'https://assist2-uat.perkeso.gov.my/c/portal/logout' successfully

2018-12-06 22:32:57 - [MESSAGE][PASSED] - Navigate to 'https://assist2-uat.perkeso.gov.my/c/portal/logout' successfully

2018-12-06 22:32:57 - [MESSAGE][PASSED] - Call Test Case 'Test Cases/Final Aug 2018 - PKS Automation/Registration Module/Log Out/log out avoiding katalon tagging' successfully

2018-12-06 22:32:57 - [TEST_STEP][PASSED] - callTestCase: Call Test Case 'Test Cases/Final Aug 2018 - PKS Automation/Common/Workflow Owner Finder' successfully

2018-12-06 22:32:57 - [TEST_CASE][PASSED] - Test Cases/Final Aug 2018 - PKS Automation/Common/Workflow Owner Finder: Test Cases/Final Aug 2018 - PKS Automation/Common/Workflow Owner Finder

2018-12-06 22:32:57 - [TEST_STEP][PASSED] - openBrowser: Browser is opened with url: ''

2018-12-06 22:32:57 - [MESSAGE][WARNING] - A browser is already opened. Closing browser and opening a new one

2018-12-06 22:33:01 - [MESSAGE][PASSED] - Browser is opened with url: ''

2018-12-06 22:33:01 - [TEST_STEP][PASSED] - navigateToUrl: Navigate to 'https://assist2-uat.perkeso.gov.my/login' successfully

2018-12-06 22:33:02 - [MESSAGE][PASSED] - Navigate to 'https://assist2-uat.perkeso.gov.my/login' successfully

2018-12-06 22:33:02 - [TEST_STEP][PASSED] - delay: Delayed 5 second(s)

2018-12-06 22:33:07 - [MESSAGE][PASSED] - Delayed 5 second(s)

2018-12-06 22:33:07 - [TEST_STEP][PASSED] - setText: Text 'test@liferay.com' is set on object 'Object Repository/Final Object Repo/Login Page/Internal User/Email Address'

2018-12-06 22:33:08 - [MESSAGE][PASSED] - Text 'test@liferay.com' is set on object 'Object Repository/Final Object Repo/Login Page/Internal User/Email Address'

2018-12-06 22:33:08 - [TEST_STEP][PASSED] - click: Object: 'Object Repository/Final Object Repo/Login Page/Internal User/Next Button' is clicked on

2018-12-06 22:33:08 - [MESSAGE][PASSED] - Object: 'Object Repository/Final Object Repo/Login Page/Internal User/Next Button' is clicked on

2018-12-06 22:33:08 - [TEST_STEP][PASSED] - delay: Delayed 2 second(s)

2018-12-06 22:33:10 - [MESSAGE][PASSED] - Delayed 2 second(s)

2018-12-06 22:33:10 - [TEST_STEP][PASSED] - setText: Text 'test' is set on object 'Object Repository/Final Object Repo/Login Page/Internal User/Password'

2018-12-06 22:33:10 - [MESSAGE][PASSED] - Text 'test' is set on object 'Object Repository/Final Object Repo/Login Page/Internal User/Password'

2018-12-06 22:33:10 - [TEST_STEP][PASSED] - delay: Delayed 2 second(s)

2018-12-06 22:33:12 - [MESSAGE][PASSED] - Delayed 2 second(s)

2018-12-06 22:33:12 - [TEST_STEP][PASSED] - click: Object: 'Object Repository/Final Object Repo/Login Page/Internal User/Login Button' is clicked on

2018-12-06 22:33:12 - [MESSAGE][PASSED] - Object: 'Object Repository/Final Object Repo/Login Page/Internal User/Login Button' is clicked on

2018-12-06 22:33:12 - [TEST_STEP][PASSED] - Statement - tester = com.kms.katalon.core.testobject.ObjectRepository.findTestObject(Final Object Repo/Landing Page/Select to English): Finding Test Object with id 'Object Repository/Final Object Repo/Landing Page/Select to English'

2018-12-06 22:33:12 - [TEST_STEP][PASSED] - Statement - Try: Delayed 2 second(s)

2018-12-06 22:33:12 - [TEST_STEP][PASSED] - Statement - Checker = com.kms.katalon.core.webui.keyword.WebUiBuiltInKeywords.verifyElementNotPresent(tester, 3): Web element with id: 'Object Repository/Final Object Repo/Landing Page/Select to English' located by 'By.xpath: //a[@class = 'taglib-language-list-text' and @lang = 'en-US' and (contains(text(), 'EN') or contains(., 'EN'))]' is not present after '3' second(s)

2018-12-06 22:33:14 - [MESSAGE][PASSED] - Web element with id: 'Object Repository/Final Object Repo/Landing Page/Select to English' located by 'By.xpath: //a[@class = 'taglib-language-list-text' and @lang = 'en-US' and (contains(text(), 'EN') or contains(., 'EN'))]' is not present after '3' second(s)

2018-12-06 22:33:14 - [TEST_STEP][PASSED] - Statement - If (Checker == false): null

2018-12-06 22:33:14 - [TEST_STEP][PASSED] - delay: Delayed 2 second(s)

2018-12-06 22:33:16 - [MESSAGE][PASSED] - Delayed 2 second(s)

2018-12-06 22:33:16 - [TEST_STEP][PASSED] - delay: Delayed 5 second(s)

2018-12-06 22:33:21 - [MESSAGE][PASSED] - Delayed 5 second(s)

2018-12-06 22:33:21 - [TEST_STEP][PASSED] - mouseOver: Object: 'Object Repository/Final Object Repo/Landing Page/WorkFlow Menu' is hovered

2018-12-06 22:33:21 - [MESSAGE][PASSED] - Object: 'Object Repository/Final Object Repo/Landing Page/WorkFlow Menu' is hovered

2018-12-06 22:33:21 - [TEST_STEP][PASSED] - delay: Delayed 2 second(s)

2018-12-06 22:33:23 - [MESSAGE][PASSED] - Delayed 2 second(s)

2018-12-06 22:33:23 - [TEST_STEP][PASSED] - click: Object: 'Object Repository/Final Object Repo/Landing Page/Select to Workflow Listing' is clicked on

2018-12-06 22:33:24 - [MESSAGE][PASSED] - Object: 'Object Repository/Final Object Repo/Landing Page/Select to Workflow Listing' is clicked on

2018-12-06 22:33:24 - [TEST_STEP][PASSED] - delay: Delayed 2 second(s)

2018-12-06 22:33:26 - [MESSAGE][PASSED] - Delayed 2 second(s)

2018-12-06 22:33:26 - [TEST_STEP][PASSED] - click: Object: 'Object Repository/Final Object Repo/WorkFlow Listing Page/Search Information - To Put Ref No' is clicked on

2018-12-06 22:33:27 - [MESSAGE][PASSED] - Object: 'Object Repository/Final Object Repo/WorkFlow Listing Page/Search Information - To Put Ref No' is clicked on

2018-12-06 22:33:27 - [TEST_STEP][PASSED] - delay: Delayed 2 second(s)

2018-12-06 22:33:29 - [MESSAGE][PASSED] - Delayed 2 second(s)

2018-12-06 22:33:29 - [TEST_STEP][PASSED] - callTestCase: Call Test Case 'Test Cases/Final Aug 2018 - PKS Automation/Common/Reference Number Getter' successfully

2018-12-06 22:33:29 - [TEST_CASE][PASSED] - Test Cases/Final Aug 2018 - PKS Automation/Common/Reference Number Getter: Test Cases/Final Aug 2018 - PKS Automation/Common/Reference Number Getter

2018-12-06 22:33:29 - [TEST_STEP][PASSED] - Statement - Try: null

2018-12-06 22:33:29 - [TEST_STEP][PASSED] - Statement - RefNo = new java.io.File(C://Users//Admin//Desktop//PKS//Automation Reference Point//KatalonReference.txt): null

2018-12-06 22:33:29 - [TEST_STEP][PASSED] - Statement - bufferread = new java.io.BufferedReader(new java.io.FileReader(RefNo)): null

2018-12-06 22:33:29 - [TEST_STEP][PASSED] - Statement - readedVal = bufferread.readLine(): null

2018-12-06 22:33:29 - [TEST_STEP][PASSED] - Statement - out.println(CaseReferenceNo): null

2018-12-06 22:33:29 - [TEST_STEP][PASSED] - Statement - out.println(readedVal): null

2018-12-06 22:33:29 - [TEST_STEP][PASSED] - Statement - CaseReferenceNo = "": null

2018-12-06 22:33:29 - [TEST_STEP][PASSED] - Statement - CaseReferenceNo = readedVal: null

2018-12-06 22:33:29 - [MESSAGE][PASSED] - Call Test Case 'Test Cases/Final Aug 2018 - PKS Automation/Common/Reference Number Getter' successfully

2018-12-06 22:33:29 - [TEST_STEP][PASSED] - setText: Text 'CRN12201800123066' is set on object 'Object Repository/Final Object Repo/WorkFlow Listing Page/Ref No Set Text'

2018-12-06 22:33:29 - [MESSAGE][PASSED] - Text 'CRN12201800123066' is set on object 'Object Repository/Final Object Repo/WorkFlow Listing Page/Ref No Set Text'

2018-12-06 22:33:29 - [TEST_STEP][PASSED] - delay: Delayed 2 second(s)

2018-12-06 22:33:31 - [MESSAGE][PASSED] - Delayed 2 second(s)

2018-12-06 22:33:31 - [TEST_STEP][PASSED] - click: Object: 'Object Repository/Final Object Repo/WorkFlow Listing Page/Search Ref No Search Button' is clicked on

2018-12-06 22:33:31 - [MESSAGE][PASSED] - Object: 'Object Repository/Final Object Repo/WorkFlow Listing Page/Search Ref No Search Button' is clicked on

2018-12-06 22:33:31 - [TEST_STEP][PASSED] - delay: Delayed 6 second(s)

2018-12-06 22:33:37 - [MESSAGE][PASSED] - Delayed 6 second(s)

2018-12-06 22:33:37 - [TEST_STEP][PASSED] - click: Object: 'Object Repository/Final Object Repo/WorkFlow Listing Page/Click Continue Tooltip' is clicked on

2018-12-06 22:33:38 - [MESSAGE][PASSED] - Object: 'Object Repository/Final Object Repo/WorkFlow Listing Page/Click Continue Tooltip' is clicked on

2018-12-06 22:33:38 - [TEST_STEP][PASSED] - delay: Delayed 5 second(s)

2018-12-06 22:33:43 - [MESSAGE][PASSED] - Delayed 5 second(s)

2018-12-06 22:33:43 - [TEST_STEP][PASSED] - doubleClick: Object: 'Object Repository/Final Object Repo/WorkFlow Listing Page/Workflow Found - Listing 1' is double clicked on

2018-12-06 22:33:43 - [MESSAGE][PASSED] - Object: 'Object Repository/Final Object Repo/WorkFlow Listing Page/Workflow Found - Listing 1' is double clicked on

2018-12-06 22:33:43 - [TEST_STEP][PASSED] - Statement - println(OwnerID): null

2018-12-06 22:33:43 - [TEST_STEP][PASSED] - Statement - OwnerID = com.kms.katalon.core.webui.keyword.WebUiBuiltInKeywords.getText(com.kms.katalon.core.testobject.ObjectRepository.findTestObject(Final Object Repo/WorkFlow Listing Page/Workflow Found - Listing 1), STOP_ON_FAILURE): Text of object 'Object Repository/Final Object Repo/WorkFlow Listing Page/Workflow Found - Listing 1' is: 'JOHORro3'

2018-12-06 22:33:43 - [MESSAGE][PASSED] - Text of object 'Object Repository/Final Object Repo/WorkFlow Listing Page/Workflow Found - Listing 1' is: 'JOHORro3'

2018-12-06 22:33:43 - [TEST_STEP][PASSED] - Statement - OwnerID = OwnerID.toLowerCase() + "@gmail.com": null

2018-12-06 22:33:43 - [TEST_STEP][PASSED] - Statement - println(OwnerID): null

2018-12-06 22:33:43 - [TEST_STEP][PASSED] - delay: Delayed 2 second(s)

2018-12-06 22:33:45 - [MESSAGE][PASSED] - Delayed 2 second(s)

2018-12-06 22:33:45 - [MESSAGE][PASSED] - Call Test Case 'Test Cases/Final Aug 2018 - PKS Automation/Common/Workflow Owner Finder' successfully

2018-12-06 22:33:45 - [TEST_STEP][PASSED] - callTestCase: Call Test Case 'Test Cases/Final Aug 2018 - PKS Automation/Registration Module/Log Out/log out avoiding katalon tagging' successfully

2018-12-06 22:33:45 - [TEST_CASE][PASSED] - Test Cases/Final Aug 2018 - PKS Automation/Registration Module/Log Out/log out avoiding katalon tagging: Test Cases/Final Aug 2018 - PKS Automation/Registration Module/Log Out/log out avoiding katalon tagging

2018-12-06 22:33:45 - [TEST_STEP][PASSED] - navigateToUrl: Navigate to 'https://assist2-uat.perkeso.gov.my/c/portal/logout' successfully

2018-12-06 22:33:46 - [MESSAGE][PASSED] - Navigate to 'https://assist2-uat.perkeso.gov.my/c/portal/logout' successfully

2018-12-06 22:33:46 - [MESSAGE][PASSED] - Call Test Case 'Test Cases/Final Aug 2018 - PKS Automation/Registration Module/Log Out/log out avoiding katalon tagging' successfully

2018-12-06 22:33:46 - [TEST_STEP][PASSED] - delay: Delayed 2 second(s)

2018-12-06 22:33:48 - [MESSAGE][PASSED] - Delayed 2 second(s)

2018-12-06 22:33:48 - [TEST_STEP][PASSED] - setText: Text 'johorro3@gmail.com' is set on object 'Object Repository/Final Object Repo/New Registration - Registration Module Pages/New Reg - OTC to RO/Special Case - All Related Objects/Email TextBox'

2018-12-06 22:33:48 - [MESSAGE][PASSED] - Text 'johorro3@gmail.com' is set on object 'Object Repository/Final Object Repo/New Registration - Registration Module Pages/New Reg - OTC to RO/Special Case - All Related Objects/Email TextBox'

2018-12-06 22:33:48 - [TEST_STEP][PASSED] - click: Object: 'Object Repository/Final Object Repo/New Registration - Registration Module Pages/New Reg - OTC to RO/Special Case - All Related Objects/Next Button' is clicked on

2018-12-06 22:33:49 - [MESSAGE][PASSED] - Object: 'Object Repository/Final Object Repo/New Registration - Registration Module Pages/New Reg - OTC to RO/Special Case - All Related Objects/Next Button' is clicked on

2018-12-06 22:33:49 - [TEST_STEP][PASSED] - delay: Delayed 2 second(s)

2018-12-06 22:33:51 - [MESSAGE][PASSED] - Delayed 2 second(s)

2018-12-06 22:33:51 - [TEST_STEP][PASSED] - setText: Text 'Test1@3456789' is set on object 'Object Repository/Final Object Repo/New Registration - Registration Module Pages/New Reg - OTC to RO/Special Case - All Related Objects/Password TextBox'

2018-12-06 22:33:51 - [MESSAGE][PASSED] - Text 'Test1@3456789' is set on object 'Object Repository/Final Object Repo/New Registration - Registration Module Pages/New Reg - OTC to RO/Special Case - All Related Objects/Password TextBox'

2018-12-06 22:33:51 - [TEST_STEP][PASSED] - delay: Delayed 2 second(s)

2018-12-06 22:33:53 - [MESSAGE][PASSED] - Delayed 2 second(s)

2018-12-06 22:33:53 - [TEST_STEP][PASSED] - click: Object: 'Object Repository/Final Object Repo/New Registration - Registration Module Pages/New Reg - OTC to RO/Special Case - All Related Objects/Login Button' is clicked on

2018-12-06 22:33:53 - [MESSAGE][PASSED] - Object: 'Object Repository/Final Object Repo/New Registration - Registration Module Pages/New Reg - OTC to RO/Special Case - All Related Objects/Login Button' is clicked on

2018-12-06 22:33:53 - [TEST_STEP][PASSED] - delay: Delayed 2 second(s)

2018-12-06 22:33:55 - [MESSAGE][PASSED] - Delayed 2 second(s)

2018-12-06 22:33:55 - [TEST_STEP][PASSED] - Statement - Try: null

2018-12-06 22:33:55 - [TEST_STEP][PASSED] - Statement - Checker = com.kms.katalon.core.webui.keyword.WebUiBuiltInKeywords.verifyElementNotPresent("Final Object Repo/Landing Page/Select to English", 3): null

2018-12-06 22:33:55 - [TEST_STEP][PASSED] - Statement - Catch (Exception e): null

2018-12-06 22:33:55 - [TEST_STEP][PASSED] - Statement - e.printStackTrace(): null

2018-12-06 22:33:55 - [TEST_STEP][PASSED] - click: Object: 'Object Repository/Final Object Repo/New Registration - Registration Module Pages/New Reg - OTC to RO/Special Case - All Related Objects/Expand to Search' is clicked on

2018-12-06 22:33:55 - [MESSAGE][PASSED] - Object: 'Object Repository/Final Object Repo/New Registration - Registration Module Pages/New Reg - OTC to RO/Special Case - All Related Objects/Expand to Search' is clicked on

2018-12-06 22:33:55 - [TEST_STEP][PASSED] - delay: Delayed 2 second(s)

2018-12-06 22:33:57 - [MESSAGE][PASSED] - Delayed 2 second(s)

2018-12-06 22:33:57 - [TEST_STEP][PASSED] - setText: Text 'CRN12201800123066' is set on object 'Object Repository/Final Object Repo/New Registration - Registration Module Pages/New Reg - OTC to RO/Special Case - All Related Objects/TextBox RefNo in Workbasket'

2018-12-06 22:33:58 - [MESSAGE][PASSED] - Text 'CRN12201800123066' is set on object 'Object Repository/Final Object Repo/New Registration - Registration Module Pages/New Reg - OTC to RO/Special Case - All Related Objects/TextBox RefNo in Workbasket'

2018-12-06 22:33:58 - [TEST_STEP][PASSED] - delay: Delayed 2 second(s)

2018-12-06 22:34:00 - [MESSAGE][PASSED] - Delayed 2 second(s)

2018-12-06 22:34:00 - [TEST_STEP][PASSED] - click: Object: 'Object Repository/Final Object Repo/New Registration - Registration Module Pages/New Reg - OTC to RO/Special Case - All Related Objects/Click Search' is clicked on

2018-12-06 22:34:00 - [MESSAGE][PASSED] - Object: 'Object Repository/Final Object Repo/New Registration - Registration Module Pages/New Reg - OTC to RO/Special Case - All Related Objects/Click Search' is clicked on

2018-12-06 22:34:00 - [TEST_STEP][PASSED] - delay: Delayed 2 second(s)

2018-12-06 22:34:02 - [MESSAGE][PASSED] - Delayed 2 second(s)

2018-12-06 22:34:02 - [TEST_STEP][PASSED] - click: Object: 'Object Repository/Final Object Repo/New Registration - Registration Module Pages/New Reg - OTC to RO/Special Case - All Related Objects/Click to Continue Workflow' is clicked on

2018-12-06 22:34:05 - [MESSAGE][PASSED] - Object: 'Object Repository/Final Object Repo/New Registration - Registration Module Pages/New Reg - OTC to RO/Special Case - All Related Objects/Click to Continue Workflow' is clicked on

2018-12-06 22:34:05 - [TEST_STEP][PASSED] - delay: Delayed 8 second(s)

2018-12-06 22:34:13 - [MESSAGE][PASSED] - Delayed 8 second(s)

2018-12-06 22:34:13 - [TEST_STEP][PASSED] - click: Object: 'Object Repository/Final Object Repo/New Registration - Registration Module Pages/New Reg - OTC to RO/Special Case - All Related Objects/Continue Button in verifying case' is clicked on

2018-12-06 22:34:15 - [MESSAGE][PASSED] - Object: 'Object Repository/Final Object Repo/New Registration - Registration Module Pages/New Reg - OTC to RO/Special Case - All Related Objects/Continue Button in verifying case' is clicked on

2018-12-06 22:34:15 - [TEST_STEP][PASSED] - delay: Delayed 2 second(s)

2018-12-06 22:34:17 - [MESSAGE][PASSED] - Delayed 2 second(s)

2018-12-06 22:34:17 - [TEST_STEP][PASSED] - click: Object: 'Object Repository/Final Object Repo/New Registration - Registration Module Pages/Form 1/Registered As a Branch - Yes' is clicked on

2018-12-06 22:34:17 - [MESSAGE][PASSED] - Object: 'Object Repository/Final Object Repo/New Registration - Registration Module Pages/Form 1/Registered As a Branch - Yes' is clicked on

2018-12-06 22:34:17 - [TEST_STEP][PASSED] - delay: Delayed 2 second(s)

2018-12-06 22:34:19 - [MESSAGE][PASSED] - Delayed 2 second(s)

2018-12-06 22:34:19 - [TEST_STEP][PASSED] - click: Object: 'Object Repository/Final Object Repo/New Registration - Registration Module Pages/New Reg - OTC to RO/Special Case - All Related Objects/Form 1 Save n Continue' is clicked on

2018-12-06 22:34:20 - [MESSAGE][PASSED] - Object: 'Object Repository/Final Object Repo/New Registration - Registration Module Pages/New Reg - OTC to RO/Special Case - All Related Objects/Form 1 Save n Continue' is clicked on

2018-12-06 22:34:20 - [TEST_STEP][PASSED] - delay: Delayed 2 second(s)

2018-12-06 22:34:22 - [MESSAGE][PASSED] - Delayed 2 second(s)

2018-12-06 22:34:22 - [TEST_STEP][PASSED] - click: Object: 'Object Repository/Final Object Repo/New Registration - Registration Module Pages/New Reg - OTC to RO/Special Case - All Related Objects/Form 2 Save n Continue' is clicked on

2018-12-06 22:34:22 - [MESSAGE][PASSED] - Object: 'Object Repository/Final Object Repo/New Registration - Registration Module Pages/New Reg - OTC to RO/Special Case - All Related Objects/Form 2 Save n Continue' is clicked on

2018-12-06 22:34:22 - [TEST_STEP][PASSED] - delay: Delayed 2 second(s)

2018-12-06 22:34:24 - [MESSAGE][PASSED] - Delayed 2 second(s)

2018-12-06 22:34:24 - [TEST_STEP][PASSED] - click: Object: 'Object Repository/Final Object Repo/New Registration - Registration Module Pages/New Reg - OTC to RO/Special Case - All Related Objects/Third Screen Save n Continue' is clicked on

2018-12-06 22:34:29 - [MESSAGE][PASSED] - Object: 'Object Repository/Final Object Repo/New Registration - Registration Module Pages/New Reg - OTC to RO/Special Case - All Related Objects/Third Screen Save n Continue' is clicked on

2018-12-06 22:34:29 - [TEST_STEP][PASSED] - delay: Delayed 5 second(s)

2018-12-06 22:34:34 - [MESSAGE][PASSED] - Delayed 5 second(s)

2018-12-06 22:34:34 - [TEST_STEP][PASSED] - click: Object: 'Object Repository/Final Object Repo/New Registration - Registration Module Pages/New Reg - OTC to RO/Special Case - All Related Objects/Upload Doc Page Save n Continue' is clicked on

2018-12-06 22:34:34 - [MESSAGE][PASSED] - Object: 'Object Repository/Final Object Repo/New Registration - Registration Module Pages/New Reg - OTC to RO/Special Case - All Related Objects/Upload Doc Page Save n Continue' is clicked on

2018-12-06 22:34:34 - [TEST_STEP][PASSED] - delay: Delayed 5 second(s)

2018-12-06 22:34:39 - [MESSAGE][PASSED] - Delayed 5 second(s)

2018-12-06 22:34:39 - [TEST_STEP][PASSED] - click: Object: 'Object Repository/Final Object Repo/New Registration - Registration Module Pages/New Reg - OTC to RO/Special Case - All Related Objects/Under Enforcement Button at Preview Screen of RO' is clicked on

2018-12-06 22:34:39 - [MESSAGE][PASSED] - Object: 'Object Repository/Final Object Repo/New Registration - Registration Module Pages/New Reg - OTC to RO/Special Case - All Related Objects/Under Enforcement Button at Preview Screen of RO' is clicked on

2018-12-06 22:34:39 - [TEST_STEP][PASSED] - delay: Delayed 5 second(s)

2018-12-06 22:34:44 - [MESSAGE][PASSED] - Delayed 5 second(s)

2018-12-06 22:34:44 - [TEST_STEP][PASSED] - click: Object: 'Object Repository/Final Object Repo/New Registration - Registration Module Pages/New Reg - OTC to RO/Special Case - All Related Objects/Under Enforcement - inner form' is clicked on

2018-12-06 22:34:44 - [MESSAGE][PASSED] - Object: 'Object Repository/Final Object Repo/New Registration - Registration Module Pages/New Reg - OTC to RO/Special Case - All Related Objects/Under Enforcement - inner form' is clicked on

2018-12-06 22:34:44 - [TEST_STEP][PASSED] - callTestCase: Call Test Case 'Test Cases/Final Aug 2018 - PKS Automation/Common/Screenshoting tool' successfully

2018-12-06 22:34:44 - [TEST_CASE][PASSED] - Test Cases/Final Aug 2018 - PKS Automation/Common/Screenshoting tool: Test Cases/Final Aug 2018 - PKS Automation/Common/Screenshoting tool

2018-12-06 22:34:44 - [TEST_STEP][PASSED] - delay: Delayed 15 second(s)

2018-12-06 22:34:59 - [MESSAGE][PASSED] - Delayed 15 second(s)

2018-12-06 22:34:59 - [TEST_STEP][PASSED] - Statement - driver = com.kms.katalon.core.webui.driver.DriverFactory.getWebDriver(): null

2018-12-06 22:34:59 - [TEST_STEP][PASSED] - Statement - driver.manage().timeouts().implicitlyWait(10, SECONDS): null

2018-12-06 22:35:00 - [TEST_STEP][PASSED] - Statement - PresavePath = KatalonScreenshots: null

2018-12-06 22:35:00 - [TEST_STEP][PASSED] - Statement - pathPrefix = "C:\Users\Public\Pictures\Sample Pictures\Katalon Screenshots\Automate Ending Screen": null

2018-12-06 22:35:00 - [TEST_STEP][PASSED] - Statement - finalPath = <not implemented yet for class: org.codehaus.groovy.ast.expr.EmptyExpression>: null

2018-12-06 22:35:00 - [TEST_STEP][PASSED] - Statement - scrFile = driver.getScreenshotAs(FILE): null

2018-12-06 22:35:00 - [TEST_STEP][PASSED] - Statement - PreSaveFile = new java.io.File(PresavePath): null

2018-12-06 22:35:00 - [TEST_STEP][PASSED] - Statement - counter = 0: null

2018-12-06 22:35:00 - [TEST_STEP][PASSED] - Statement - If (PreSaveFile.exists()): null

2018-12-06 22:35:00 - [TEST_STEP][PASSED] - Statement - While (PreSaveFile.exists()): null

2018-12-06 22:35:00 - [TEST_STEP][PASSED] - Statement - counter = counter + 1: null

2018-12-06 22:35:00 - [TEST_STEP][PASSED] - Statement - PreSaveFile = new java.io.File(((pathPrefix + java.lang.Integer.toString(counter)) + .png)): null

2018-12-06 22:35:00 - [TEST_STEP][PASSED] - Statement - counter = counter + 1: null

2018-12-06 22:35:00 - [TEST_STEP][PASSED] - Statement - PreSaveFile = new java.io.File(((pathPrefix + java.lang.Integer.toString(counter)) + .png)): null

2018-12-06 22:35:00 - [TEST_STEP][PASSED] - Statement - counter = counter + 1: null

2018-12-06 22:35:00 - [TEST_STEP][PASSED] - Statement - PreSaveFile = new java.io.File(((pathPrefix + java.lang.Integer.toString(counter)) + .png)): null

2018-12-06 22:35:00 - [TEST_STEP][PASSED] - Statement - counter = counter + 1: null

2018-12-06 22:35:00 - [TEST_STEP][PASSED] - Statement - PreSaveFile = new java.io.File(((pathPrefix + java.lang.Integer.toString(counter)) + .png)): null

2018-12-06 22:35:00 - [TEST_STEP][PASSED] - Statement - counter = counter + 1: null

2018-12-06 22:35:00 - [TEST_STEP][PASSED] - Statement - PreSaveFile = new java.io.File(((pathPrefix + java.lang.Integer.toString(counter)) + .png)): null

2018-12-06 22:35:00 - [TEST_STEP][PASSED] - Statement - counter = counter + 1: null

2018-12-06 22:35:00 - [TEST_STEP][PASSED] - Statement - PreSaveFile = new java.io.File(((pathPrefix + java.lang.Integer.toString(counter)) + .png)): null

2018-12-06 22:35:00 - [TEST_STEP][PASSED] - Statement - counter = counter + 1: null

2018-12-06 22:35:00 - [TEST_STEP][PASSED] - Statement - PreSaveFile = new java.io.File(((pathPrefix + java.lang.Integer.toString(counter)) + .png)): null

2018-12-06 22:35:00 - [TEST_STEP][PASSED] - Statement - counter = counter + 1: null

2018-12-06 22:35:00 - [TEST_STEP][PASSED] - Statement - PreSaveFile = new java.io.File(((pathPrefix + java.lang.Integer.toString(counter)) + .png)): null

2018-12-06 22:35:00 - [TEST_STEP][PASSED] - Statement - counter = counter + 1: null

2018-12-06 22:35:00 - [TEST_STEP][PASSED] - Statement - PreSaveFile = new java.io.File(((pathPrefix + java.lang.Integer.toString(counter)) + .png)): null

2018-12-06 22:35:00 - [TEST_STEP][PASSED] - Statement - counter = counter + 1: null

2018-12-06 22:35:00 - [TEST_STEP][PASSED] - Statement - PreSaveFile = new java.io.File(((pathPrefix + java.lang.Integer.toString(counter)) + .png)): null

2018-12-06 22:35:00 - [TEST_STEP][PASSED] - Statement - counter = counter + 1: null

2018-12-06 22:35:00 - [TEST_STEP][PASSED] - Statement - PreSaveFile = new java.io.File(((pathPrefix + java.lang.Integer.toString(counter)) + .png)): null

2018-12-06 22:35:00 - [TEST_STEP][PASSED] - Statement - counter = counter + 1: null

2018-12-06 22:35:00 - [TEST_STEP][PASSED] - Statement - PreSaveFile = new java.io.File(((pathPrefix + java.lang.Integer.toString(counter)) + .png)): null

2018-12-06 22:35:00 - [TEST_STEP][PASSED] - Statement - counter = counter + 1: null

2018-12-06 22:35:00 - [TEST_STEP][PASSED] - Statement - PreSaveFile = new java.io.File(((pathPrefix + java.lang.Integer.toString(counter)) + .png)): null

2018-12-06 22:35:00 - [TEST_STEP][PASSED] - Statement - counter = counter + 1: null

2018-12-06 22:35:00 - [TEST_STEP][PASSED] - Statement - PreSaveFile = new java.io.File(((pathPrefix + java.lang.Integer.toString(counter)) + .png)): null

2018-12-06 22:35:00 - [TEST_STEP][PASSED] - Statement - counter = counter + 1: null

2018-12-06 22:35:00 - [TEST_STEP][PASSED] - Statement - PreSaveFile = new java.io.File(((pathPrefix + java.lang.Integer.toString(counter)) + .png)): null

2018-12-06 22:35:00 - [TEST_STEP][PASSED] - Statement - counter = counter + 1: null

2018-12-06 22:35:00 - [TEST_STEP][PASSED] - Statement - PreSaveFile = new java.io.File(((pathPrefix + java.lang.Integer.toString(counter)) + .png)): null

2018-12-06 22:35:00 - [TEST_STEP][PASSED] - Statement - counter = counter + 1: null

2018-12-06 22:35:00 - [TEST_STEP][PASSED] - Statement - PreSaveFile = new java.io.File(((pathPrefix + java.lang.Integer.toString(counter)) + .png)): null

2018-12-06 22:35:00 - [TEST_STEP][PASSED] - Statement - counter = counter + 1: null

2018-12-06 22:35:00 - [TEST_STEP][PASSED] - Statement - PreSaveFile = new java.io.File(((pathPrefix + java.lang.Integer.toString(counter)) + .png)): null

2018-12-06 22:35:00 - [TEST_STEP][PASSED] - Statement - counter = counter + 1: null

2018-12-06 22:35:00 - [TEST_STEP][PASSED] - Statement - PreSaveFile = new java.io.File(((pathPrefix + java.lang.Integer.toString(counter)) + .png)): null

2018-12-06 22:35:00 - [TEST_STEP][PASSED] - Statement - counter = counter + 1: null

2018-12-06 22:35:00 - [TEST_STEP][PASSED] - Statement - PreSaveFile = new java.io.File(((pathPrefix + java.lang.Integer.toString(counter)) + .png)): null

2018-12-06 22:35:00 - [TEST_STEP][PASSED] - Statement - counter = counter + 1: null

2018-12-06 22:35:00 - [TEST_STEP][PASSED] - Statement - PreSaveFile = new java.io.File(((pathPrefix + java.lang.Integer.toString(counter)) + .png)): null

2018-12-06 22:35:00 - [TEST_STEP][PASSED] - Statement - counter = counter + 1: null

2018-12-06 22:35:00 - [TEST_STEP][PASSED] - Statement - PreSaveFile = new java.io.File(((pathPrefix + java.lang.Integer.toString(counter)) + .png)): null

2018-12-06 22:35:00 - [TEST_STEP][PASSED] - Statement - counter = counter + 1: null

2018-12-06 22:35:00 - [TEST_STEP][PASSED] - Statement - PreSaveFile = new java.io.File(((pathPrefix + java.lang.Integer.toString(counter)) + .png)): null

2018-12-06 22:35:00 - [TEST_STEP][PASSED] - Statement - counter = counter + 1: null

2018-12-06 22:35:00 - [TEST_STEP][PASSED] - Statement - PreSaveFile = new java.io.File(((pathPrefix + java.lang.Integer.toString(counter)) + .png)): null

2018-12-06 22:35:00 - [TEST_STEP][PASSED] - Statement - counter = counter + 1: null

2018-12-06 22:35:00 - [TEST_STEP][PASSED] - Statement - PreSaveFile = new java.io.File(((pathPrefix + java.lang.Integer.toString(counter)) + .png)): null

2018-12-06 22:35:00 - [TEST_STEP][PASSED] - Statement - counter = counter + 1: null

2018-12-06 22:35:00 - [TEST_STEP][PASSED] - Statement - PreSaveFile = new java.io.File(((pathPrefix + java.lang.Integer.toString(counter)) + .png)): null

2018-12-06 22:35:00 - [TEST_STEP][PASSED] - Statement - counter = counter + 1: null

2018-12-06 22:35:00 - [TEST_STEP][PASSED] - Statement - PreSaveFile = new java.io.File(((pathPrefix + java.lang.Integer.toString(counter)) + .png)): null

2018-12-06 22:35:00 - [TEST_STEP][PASSED] - Statement - counter = counter + 1: null

2018-12-06 22:35:00 - [TEST_STEP][PASSED] - Statement - PreSaveFile = new java.io.File(((pathPrefix + java.lang.Integer.toString(counter)) + .png)): null

2018-12-06 22:35:00 - [TEST_STEP][PASSED] - Statement - counter = counter + 1: null

2018-12-06 22:35:00 - [TEST_STEP][PASSED] - Statement - PreSaveFile = new java.io.File(((pathPrefix + java.lang.Integer.toString(counter)) + .png)): null

2018-12-06 22:35:00 - [TEST_STEP][PASSED] - Statement - counter = counter + 1: null

2018-12-06 22:35:00 - [TEST_STEP][PASSED] - Statement - PreSaveFile = new java.io.File(((pathPrefix + java.lang.Integer.toString(counter)) + .png)): null

2018-12-06 22:35:00 - [TEST_STEP][PASSED] - Statement - counter = counter + 1: null

2018-12-06 22:35:00 - [TEST_STEP][PASSED] - Statement - PreSaveFile = new java.io.File(((pathPrefix + java.lang.Integer.toString(counter)) + .png)): null

2018-12-06 22:35:00 - [TEST_STEP][PASSED] - Statement - counter = counter + 1: null

2018-12-06 22:35:00 - [TEST_STEP][PASSED] - Statement - PreSaveFile = new java.io.File(((pathPrefix + java.lang.Integer.toString(counter)) + .png)): null

2018-12-06 22:35:00 - [TEST_STEP][PASSED] - Statement - counter = counter + 1: null

2018-12-06 22:35:00 - [TEST_STEP][PASSED] - Statement - PreSaveFile = new java.io.File(((pathPrefix + java.lang.Integer.toString(counter)) + .png)): null

2018-12-06 22:35:00 - [TEST_STEP][PASSED] - Statement - counter = counter + 1: null

2018-12-06 22:35:00 - [TEST_STEP][PASSED] - Statement - PreSaveFile = new java.io.File(((pathPrefix + java.lang.Integer.toString(counter)) + .png)): null

2018-12-06 22:35:00 - [TEST_STEP][PASSED] - Statement - counter = counter + 1: null

2018-12-06 22:35:00 - [TEST_STEP][PASSED] - Statement - PreSaveFile = new java.io.File(((pathPrefix + java.lang.Integer.toString(counter)) + .png)): null

2018-12-06 22:35:00 - [TEST_STEP][PASSED] - Statement - counter = counter + 1: null

2018-12-06 22:35:00 - [TEST_STEP][PASSED] - Statement - PreSaveFile = new java.io.File(((pathPrefix + java.lang.Integer.toString(counter)) + .png)): null

2018-12-06 22:35:00 - [TEST_STEP][PASSED] - Statement - counter = counter + 1: null

2018-12-06 22:35:00 - [TEST_STEP][PASSED] - Statement - PreSaveFile = new java.io.File(((pathPrefix + java.lang.Integer.toString(counter)) + .png)): null

2018-12-06 22:35:00 - [TEST_STEP][PASSED] - Statement - counter = counter + 1: null

2018-12-06 22:35:00 - [TEST_STEP][PASSED] - Statement - PreSaveFile = new java.io.File(((pathPrefix + java.lang.Integer.toString(counter)) + .png)): null

2018-12-06 22:35:00 - [TEST_STEP][PASSED] - Statement - counter = counter + 1: null

2018-12-06 22:35:00 - [TEST_STEP][PASSED] - Statement - PreSaveFile = new java.io.File(((pathPrefix + java.lang.Integer.toString(counter)) + .png)): null

2018-12-06 22:35:00 - [TEST_STEP][PASSED] - Statement - counter = counter + 1: null

2018-12-06 22:35:00 - [TEST_STEP][PASSED] - Statement - PreSaveFile = new java.io.File(((pathPrefix + java.lang.Integer.toString(counter)) + .png)): null

2018-12-06 22:35:00 - [TEST_STEP][PASSED] - Statement - counter = counter + 1: null

2018-12-06 22:35:00 - [TEST_STEP][PASSED] - Statement - PreSaveFile = new java.io.File(((pathPrefix + java.lang.Integer.toString(counter)) + .png)): null

2018-12-06 22:35:00 - [TEST_STEP][PASSED] - Statement - finalPath = pathPrefix + java.lang.Integer.toString(counter) + ".png": null

2018-12-06 22:35:00 - [TEST_STEP][PASSED] - Statement - SaveFile = new java.io.File(finalPath): null

2018-12-06 22:35:00 - [TEST_STEP][PASSED] - Statement - Try: null

2018-12-06 22:35:00 - [TEST_STEP][PASSED] - Statement - org.apache.commons.io.FileUtils.copyFile(scrFile, SaveFile): null

2018-12-06 22:35:00 - [TEST_STEP][PASSED] - Statement - out.println("file kept"): null

2018-12-06 22:35:00 - [TEST_STEP][PASSED] - delay: Delayed 10 second(s)

2018-12-06 22:35:10 - [MESSAGE][PASSED] - Delayed 10 second(s)

2018-12-06 22:35:10 - [MESSAGE][PASSED] - Call Test Case 'Test Cases/Final Aug 2018 - PKS Automation/Common/Screenshoting tool' successfully

2018-12-06 22:35:10 - [TEST_STEP][PASSED] - callTestCase: Call Test Case 'Test Cases/Final Aug 2018 - PKS Automation/Registration Module/Log Out/log out avoiding katalon tagging' successfully

2018-12-06 22:35:10 - [TEST_CASE][PASSED] - Test Cases/Final Aug 2018 - PKS Automation/Registration Module/Log Out/log out avoiding katalon tagging: Test Cases/Final Aug 2018 - PKS Automation/Registration Module/Log Out/log out avoiding katalon tagging

2018-12-06 22:35:10 - [TEST_STEP][PASSED] - navigateToUrl: Navigate to 'https://assist2-uat.perkeso.gov.my/c/portal/logout' successfully

2018-12-06 22:35:11 - [MESSAGE][PASSED] - Navigate to 'https://assist2-uat.perkeso.gov.my/c/portal/logout' successfully

2018-12-06 22:35:11 - [MESSAGE][PASSED] - Call Test Case 'Test Cases/Final Aug 2018 - PKS Automation/Registration Module/Log Out/log out avoiding katalon tagging' successfully

2018-12-06 22:35:11 - [TEST_STEP][PASSED] - delay: Delayed 2 second(s)

2018-12-06 22:35:13 - [MESSAGE][PASSED] - Delayed 2 second(s)

2018-12-06 22:35:13 - [TEST_STEP][PASSED] - setText: Text 'johorro3@gmail.com' is set on object 'Object Repository/Final Object Repo/New Registration - Registration Module Pages/New Reg - OTC to RO/Special Case - All Related Objects/Email TextBox'

2018-12-06 22:35:13 - [MESSAGE][PASSED] - Text 'johorro3@gmail.com' is set on object 'Object Repository/Final Object Repo/New Registration - Registration Module Pages/New Reg - OTC to RO/Special Case - All Related Objects/Email TextBox'

2018-12-06 22:35:13 - [TEST_STEP][PASSED] - click: Object: 'Object Repository/Final Object Repo/New Registration - Registration Module Pages/New Reg - OTC to RO/Special Case - All Related Objects/Next Button' is clicked on

2018-12-06 22:35:13 - [MESSAGE][PASSED] - Object: 'Object Repository/Final Object Repo/New Registration - Registration Module Pages/New Reg - OTC to RO/Special Case - All Related Objects/Next Button' is clicked on

2018-12-06 22:35:13 - [TEST_STEP][PASSED] - delay: Delayed 2 second(s)

2018-12-06 22:35:15 - [MESSAGE][PASSED] - Delayed 2 second(s)

2018-12-06 22:35:15 - [TEST_STEP][PASSED] - setText: Text 'Test1@3456789' is set on object 'Object Repository/Final Object Repo/New Registration - Registration Module Pages/New Reg - OTC to RO/Special Case - All Related Objects/Password TextBox'

2018-12-06 22:35:16 - [MESSAGE][PASSED] - Text 'Test1@3456789' is set on object 'Object Repository/Final Object Repo/New Registration - Registration Module Pages/New Reg - OTC to RO/Special Case - All Related Objects/Password TextBox'

2018-12-06 22:35:16 - [TEST_STEP][PASSED] - delay: Delayed 2 second(s)

2018-12-06 22:35:18 - [MESSAGE][PASSED] - Delayed 2 second(s)

2018-12-06 22:35:18 - [TEST_STEP][PASSED] - click: Object: 'Object Repository/Final Object Repo/New Registration - Registration Module Pages/New Reg - OTC to RO/Special Case - All Related Objects/Login Button' is clicked on

2018-12-06 22:35:18 - [MESSAGE][PASSED] - Object: 'Object Repository/Final Object Repo/New Registration - Registration Module Pages/New Reg - OTC to RO/Special Case - All Related Objects/Login Button' is clicked on

2018-12-06 22:35:18 - [TEST_STEP][PASSED] - delay: Delayed 2 second(s)

2018-12-06 22:35:20 - [MESSAGE][PASSED] - Delayed 2 second(s)

2018-12-06 22:35:20 - [TEST_STEP][PASSED] - Statement - Try: null

2018-12-06 22:35:20 - [TEST_STEP][PASSED] - Statement - Checker = com.kms.katalon.core.webui.keyword.WebUiBuiltInKeywords.verifyElementNotPresent("Final Object Repo/Landing Page/Select to English", 3): null

2018-12-06 22:35:20 - [TEST_STEP][PASSED] - Statement - Catch (Exception e): null

2018-12-06 22:35:20 - [TEST_STEP][PASSED] - Statement - e.printStackTrace(): null

2018-12-06 22:35:20 - [TEST_STEP][PASSED] - click: Object: 'Object Repository/Final Object Repo/New Registration - Registration Module Pages/New Reg - OTC to RO/Special Case - All Related Objects/Expand to Search' is clicked on

2018-12-06 22:35:20 - [MESSAGE][PASSED] - Object: 'Object Repository/Final Object Repo/New Registration - Registration Module Pages/New Reg - OTC to RO/Special Case - All Related Objects/Expand to Search' is clicked on

2018-12-06 22:35:20 - [TEST_STEP][PASSED] - delay: Delayed 2 second(s)

2018-12-06 22:35:22 - [MESSAGE][PASSED] - Delayed 2 second(s)

2018-12-06 22:35:22 - [TEST_STEP][PASSED] - setText: Text 'CRN12201800123066' is set on object 'Object Repository/Final Object Repo/New Registration - Registration Module Pages/New Reg - OTC to RO/Special Case - All Related Objects/TextBox RefNo in Workbasket'

2018-12-06 22:35:22 - [MESSAGE][PASSED] - Text 'CRN12201800123066' is set on object 'Object Repository/Final Object Repo/New Registration - Registration Module Pages/New Reg - OTC to RO/Special Case - All Related Objects/TextBox RefNo in Workbasket'

2018-12-06 22:35:22 - [TEST_STEP][PASSED] - delay: Delayed 2 second(s)

2018-12-06 22:35:24 - [MESSAGE][PASSED] - Delayed 2 second(s)

2018-12-06 22:35:24 - [TEST_STEP][PASSED] - click: Object: 'Object Repository/Final Object Repo/New Registration - Registration Module Pages/New Reg - OTC to RO/Special Case - All Related Objects/Click Search' is clicked on

2018-12-06 22:35:24 - [MESSAGE][PASSED] - Object: 'Object Repository/Final Object Repo/New Registration - Registration Module Pages/New Reg - OTC to RO/Special Case - All Related Objects/Click Search' is clicked on

2018-12-06 22:35:24 - [TEST_STEP][PASSED] - delay: Delayed 2 second(s)

2018-12-06 22:35:26 - [MESSAGE][PASSED] - Delayed 2 second(s)

2018-12-06 22:35:26 - [TEST_STEP][PASSED] - click: Object: 'Object Repository/Final Object Repo/New Registration - Registration Module Pages/New Reg - OTC to RO/Special Case - All Related Objects/Click to Continue Workflow' is clicked on

2018-12-06 22:35:29 - [MESSAGE][PASSED] - Object: 'Object Repository/Final Object Repo/New Registration - Registration Module Pages/New Reg - OTC to RO/Special Case - All Related Objects/Click to Continue Workflow' is clicked on

2018-12-06 22:35:29 - [TEST_STEP][PASSED] - delay: Delayed 4 second(s)

2018-12-06 22:35:33 - [MESSAGE][PASSED] - Delayed 4 second(s)

2018-12-06 22:35:33 - [TEST_STEP][PASSED] - click: Object: 'Object Repository/Final Object Repo/New Registration - Registration Module Pages/New Reg - OTC to RO/Special Case - All Related Objects/Continue Button in verifying case' is clicked on

2018-12-06 22:35:35 - [MESSAGE][PASSED] - Object: 'Object Repository/Final Object Repo/New Registration - Registration Module Pages/New Reg - OTC to RO/Special Case - All Related Objects/Continue Button in verifying case' is clicked on

2018-12-06 22:35:35 - [TEST_STEP][PASSED] - delay: Delayed 2 second(s)

2018-12-06 22:35:37 - [MESSAGE][PASSED] - Delayed 2 second(s)

2018-12-06 22:35:37 - [TEST_STEP][PASSED] - click: Object: 'Object Repository/Final Object Repo/New Registration - Registration Module Pages/Form 1/Registered As a Branch - Yes' is clicked on

2018-12-06 22:35:37 - [MESSAGE][PASSED] - Object: 'Object Repository/Final Object Repo/New Registration - Registration Module Pages/Form 1/Registered As a Branch - Yes' is clicked on

2018-12-06 22:35:37 - [TEST_STEP][PASSED] - delay: Delayed 2 second(s)

2018-12-06 22:35:39 - [MESSAGE][PASSED] - Delayed 2 second(s)

2018-12-06 22:35:39 - [TEST_STEP][PASSED] - click: Object: 'Object Repository/Final Object Repo/New Registration - Registration Module Pages/New Reg - OTC to RO/Special Case - All Related Objects/Form 1 Save n Continue' is clicked on

2018-12-06 22:35:40 - [MESSAGE][PASSED] - Object: 'Object Repository/Final Object Repo/New Registration - Registration Module Pages/New Reg - OTC to RO/Special Case - All Related Objects/Form 1 Save n Continue' is clicked on

2018-12-06 22:35:40 - [TEST_STEP][PASSED] - delay: Delayed 2 second(s)

2018-12-06 22:35:42 - [MESSAGE][PASSED] - Delayed 2 second(s)

2018-12-06 22:35:42 - [TEST_STEP][PASSED] - click: Object: 'Object Repository/Final Object Repo/New Registration - Registration Module Pages/New Reg - OTC to RO/Special Case - All Related Objects/Form 2 Save n Continue' is clicked on

2018-12-06 22:35:42 - [MESSAGE][PASSED] - Object: 'Object Repository/Final Object Repo/New Registration - Registration Module Pages/New Reg - OTC to RO/Special Case - All Related Objects/Form 2 Save n Continue' is clicked on

2018-12-06 22:35:42 - [TEST_STEP][PASSED] - delay: Delayed 2 second(s)

2018-12-06 22:35:44 - [MESSAGE][PASSED] - Delayed 2 second(s)

2018-12-06 22:35:44 - [TEST_STEP][PASSED] - click: Object: 'Object Repository/Final Object Repo/New Registration - Registration Module Pages/New Reg - OTC to RO/Special Case - All Related Objects/Third Screen Save n Continue' is clicked on

2018-12-06 22:35:49 - [MESSAGE][PASSED] - Object: 'Object Repository/Final Object Repo/New Registration - Registration Module Pages/New Reg - OTC to RO/Special Case - All Related Objects/Third Screen Save n Continue' is clicked on

2018-12-06 22:35:49 - [TEST_STEP][PASSED] - delay: Delayed 5 second(s)

2018-12-06 22:35:54 - [MESSAGE][PASSED] - Delayed 5 second(s)

2018-12-06 22:35:54 - [TEST_STEP][PASSED] - click: Object: 'Object Repository/Final Object Repo/New Registration - Registration Module Pages/New Reg - OTC to RO/Special Case - All Related Objects/Upload Doc Page Save n Continue' is clicked on

2018-12-06 22:35:54 - [MESSAGE][PASSED] - Object: 'Object Repository/Final Object Repo/New Registration - Registration Module Pages/New Reg - OTC to RO/Special Case - All Related Objects/Upload Doc Page Save n Continue' is clicked on

2018-12-06 22:35:54 - [TEST_STEP][PASSED] - delay: Delayed 5 second(s)

2018-12-06 22:35:59 - [MESSAGE][PASSED] - Delayed 5 second(s)

2018-12-06 22:35:59 - [TEST_STEP][PASSED] - callTestCase: Call Test Case 'Test Cases/Final Aug 2018 - PKS Automation/Registration Module/New Registration/Submit and Screenshot/Submit Registration and Screenshot' successfully

2018-12-06 22:35:59 - [TEST_CASE][PASSED] - Test Cases/Final Aug 2018 - PKS Automation/Registration Module/New Registration/Submit and Screenshot/Submit Registration and Screenshot: Test Cases/Final Aug 2018 - PKS Automation/Registration Module/New Registration/Submit and Screenshot/Submit Registration and Screenshot

2018-12-06 22:35:59 - [TEST_STEP][PASSED] - delay: Delayed 6 second(s)

2018-12-06 22:36:05 - [MESSAGE][PASSED] - Delayed 6 second(s)

2018-12-06 22:36:05 - [TEST_STEP][PASSED] - click: Object: 'Object Repository/Final Object Repo/New Registration - Registration Module Pages/Third Screen - Upload Supporting Doc- Preview/Preview Submit Button' is clicked on

2018-12-06 22:36:05 - [MESSAGE][PASSED] - Object: 'Object Repository/Final Object Repo/New Registration - Registration Module Pages/Third Screen - Upload Supporting Doc- Preview/Preview Submit Button' is clicked on

2018-12-06 22:36:05 - [TEST_STEP][PASSED] - delay: Delayed 2 second(s)

2018-12-06 22:36:07 - [MESSAGE][PASSED] - Delayed 2 second(s)

2018-12-06 22:36:07 - [TEST_STEP][PASSED] - click: Object: 'Object Repository/Final Object Repo/New Registration - Registration Module Pages/Third Screen - Upload Supporting Doc- Preview/Preview Submit - Confirm' is clicked on

2018-12-06 22:36:08 - [MESSAGE][PASSED] - Object: 'Object Repository/Final Object Repo/New Registration - Registration Module Pages/Third Screen - Upload Supporting Doc- Preview/Preview Submit - Confirm' is clicked on

2018-12-06 22:36:08 - [TEST_STEP][PASSED] - delay: Delayed 15 second(s)

2018-12-06 22:36:23 - [MESSAGE][PASSED] - Delayed 15 second(s)

2018-12-06 22:36:23 - [TEST_STEP][PASSED] - Statement - driver = com.kms.katalon.core.webui.driver.DriverFactory.getWebDriver(): null

2018-12-06 22:36:23 - [TEST_STEP][PASSED] - Statement - driver.manage().timeouts().implicitlyWait(10, SECONDS): null

2018-12-06 22:36:23 - [TEST_STEP][PASSED] - Statement - PresavePath = KatalonScreenshots: null

2018-12-06 22:36:23 - [TEST_STEP][PASSED] - Statement - pathPrefix = "C:\Users\Public\Pictures\Sample Pictures\Katalon Screenshots\Automate Ending Screen": null

2018-12-06 22:36:23 - [TEST_STEP][PASSED] - Statement - finalPath = <not implemented yet for class: org.codehaus.groovy.ast.expr.EmptyExpression>: null

2018-12-06 22:36:23 - [TEST_STEP][PASSED] - Statement - scrFile = driver.getScreenshotAs(FILE): null

2018-12-06 22:36:23 - [TEST_STEP][PASSED] - Statement - PreSaveFile = new java.io.File(PresavePath): null

2018-12-06 22:36:23 - [TEST_STEP][PASSED] - Statement - counter = 0: null

2018-12-06 22:36:23 - [TEST_STEP][PASSED] - Statement - If (PreSaveFile.exists()): null

2018-12-06 22:36:23 - [TEST_STEP][PASSED] - Statement - While (PreSaveFile.exists()): null

2018-12-06 22:36:23 - [TEST_STEP][PASSED] - Statement - counter = counter + 1: null

2018-12-06 22:36:23 - [TEST_STEP][PASSED] - Statement - PreSaveFile = new java.io.File(((pathPrefix + java.lang.Integer.toString(counter)) + .png)): null

2018-12-06 22:36:23 - [TEST_STEP][PASSED] - Statement - counter = counter + 1: null

2018-12-06 22:36:23 - [TEST_STEP][PASSED] - Statement - PreSaveFile = new java.io.File(((pathPrefix + java.lang.Integer.toString(counter)) + .png)): null

2018-12-06 22:36:23 - [TEST_STEP][PASSED] - Statement - counter = counter + 1: null

2018-12-06 22:36:23 - [TEST_STEP][PASSED] - Statement - PreSaveFile = new java.io.File(((pathPrefix + java.lang.Integer.toString(counter)) + .png)): null

2018-12-06 22:36:23 - [TEST_STEP][PASSED] - Statement - counter = counter + 1: null

2018-12-06 22:36:23 - [TEST_STEP][PASSED] - Statement - PreSaveFile = new java.io.File(((pathPrefix + java.lang.Integer.toString(counter)) + .png)): null

2018-12-06 22:36:23 - [TEST_STEP][PASSED] - Statement - counter = counter + 1: null

2018-12-06 22:36:23 - [TEST_STEP][PASSED] - Statement - PreSaveFile = new java.io.File(((pathPrefix + java.lang.Integer.toString(counter)) + .png)): null

2018-12-06 22:36:23 - [TEST_STEP][PASSED] - Statement - counter = counter + 1: null

2018-12-06 22:36:23 - [TEST_STEP][PASSED] - Statement - PreSaveFile = new java.io.File(((pathPrefix + java.lang.Integer.toString(counter)) + .png)): null

2018-12-06 22:36:23 - [TEST_STEP][PASSED] - Statement - counter = counter + 1: null

2018-12-06 22:36:23 - [TEST_STEP][PASSED] - Statement - PreSaveFile = new java.io.File(((pathPrefix + java.lang.Integer.toString(counter)) + .png)): null

2018-12-06 22:36:23 - [TEST_STEP][PASSED] - Statement - counter = counter + 1: null

2018-12-06 22:36:23 - [TEST_STEP][PASSED] - Statement - PreSaveFile = new java.io.File(((pathPrefix + java.lang.Integer.toString(counter)) + .png)): null

2018-12-06 22:36:23 - [TEST_STEP][PASSED] - Statement - counter = counter + 1: null

2018-12-06 22:36:23 - [TEST_STEP][PASSED] - Statement - PreSaveFile = new java.io.File(((pathPrefix + java.lang.Integer.toString(counter)) + .png)): null

2018-12-06 22:36:23 - [TEST_STEP][PASSED] - Statement - counter = counter + 1: null

2018-12-06 22:36:23 - [TEST_STEP][PASSED] - Statement - PreSaveFile = new java.io.File(((pathPrefix + java.lang.Integer.toString(counter)) + .png)): null

2018-12-06 22:36:23 - [TEST_STEP][PASSED] - Statement - counter = counter + 1: null

2018-12-06 22:36:23 - [TEST_STEP][PASSED] - Statement - PreSaveFile = new java.io.File(((pathPrefix + java.lang.Integer.toString(counter)) + .png)): null

2018-12-06 22:36:23 - [TEST_STEP][PASSED] - Statement - counter = counter + 1: null

2018-12-06 22:36:23 - [TEST_STEP][PASSED] - Statement - PreSaveFile = new java.io.File(((pathPrefix + java.lang.Integer.toString(counter)) + .png)): null

2018-12-06 22:36:23 - [TEST_STEP][PASSED] - Statement - counter = counter + 1: null

2018-12-06 22:36:23 - [TEST_STEP][PASSED] - Statement - PreSaveFile = new java.io.File(((pathPrefix + java.lang.Integer.toString(counter)) + .png)): null

2018-12-06 22:36:23 - [TEST_STEP][PASSED] - Statement - counter = counter + 1: null

2018-12-06 22:36:23 - [TEST_STEP][PASSED] - Statement - PreSaveFile = new java.io.File(((pathPrefix + java.lang.Integer.toString(counter)) + .png)): null

2018-12-06 22:36:23 - [TEST_STEP][PASSED] - Statement - counter = counter + 1: null

2018-12-06 22:36:23 - [TEST_STEP][PASSED] - Statement - PreSaveFile = new java.io.File(((pathPrefix + java.lang.Integer.toString(counter)) + .png)): null

2018-12-06 22:36:23 - [TEST_STEP][PASSED] - Statement - counter = counter + 1: null

2018-12-06 22:36:23 - [TEST_STEP][PASSED] - Statement - PreSaveFile = new java.io.File(((pathPrefix + java.lang.Integer.toString(counter)) + .png)): null

2018-12-06 22:36:23 - [TEST_STEP][PASSED] - Statement - counter = counter + 1: null

2018-12-06 22:36:23 - [TEST_STEP][PASSED] - Statement - PreSaveFile = new java.io.File(((pathPrefix + java.lang.Integer.toString(counter)) + .png)): null

2018-12-06 22:36:23 - [TEST_STEP][PASSED] - Statement - counter = counter + 1: null

2018-12-06 22:36:23 - [TEST_STEP][PASSED] - Statement - PreSaveFile = new java.io.File(((pathPrefix + java.lang.Integer.toString(counter)) + .png)): null

2018-12-06 22:36:23 - [TEST_STEP][PASSED] - Statement - counter = counter + 1: null

2018-12-06 22:36:23 - [TEST_STEP][PASSED] - Statement - PreSaveFile = new java.io.File(((pathPrefix + java.lang.Integer.toString(counter)) + .png)): null

2018-12-06 22:36:23 - [TEST_STEP][PASSED] - Statement - counter = counter + 1: null

2018-12-06 22:36:23 - [TEST_STEP][PASSED] - Statement - PreSaveFile = new java.io.File(((pathPrefix + java.lang.Integer.toString(counter)) + .png)): null

2018-12-06 22:36:23 - [TEST_STEP][PASSED] - Statement - counter = counter + 1: null

2018-12-06 22:36:23 - [TEST_STEP][PASSED] - Statement - PreSaveFile = new java.io.File(((pathPrefix + java.lang.Integer.toString(counter)) + .png)): null

2018-12-06 22:36:23 - [TEST_STEP][PASSED] - Statement - counter = counter + 1: null

2018-12-06 22:36:23 - [TEST_STEP][PASSED] - Statement - PreSaveFile = new java.io.File(((pathPrefix + java.lang.Integer.toString(counter)) + .png)): null

2018-12-06 22:36:23 - [TEST_STEP][PASSED] - Statement - counter = counter + 1: null

2018-12-06 22:36:23 - [TEST_STEP][PASSED] - Statement - PreSaveFile = new java.io.File(((pathPrefix + java.lang.Integer.toString(counter)) + .png)): null

2018-12-06 22:36:23 - [TEST_STEP][PASSED] - Statement - counter = counter + 1: null

2018-12-06 22:36:23 - [TEST_STEP][PASSED] - Statement - PreSaveFile = new java.io.File(((pathPrefix + java.lang.Integer.toString(counter)) + .png)): null

2018-12-06 22:36:23 - [TEST_STEP][PASSED] - Statement - counter = counter + 1: null

2018-12-06 22:36:23 - [TEST_STEP][PASSED] - Statement - PreSaveFile = new java.io.File(((pathPrefix + java.lang.Integer.toString(counter)) + .png)): null

2018-12-06 22:36:23 - [TEST_STEP][PASSED] - Statement - counter = counter + 1: null

2018-12-06 22:36:23 - [TEST_STEP][PASSED] - Statement - PreSaveFile = new java.io.File(((pathPrefix + java.lang.Integer.toString(counter)) + .png)): null

2018-12-06 22:36:23 - [TEST_STEP][PASSED] - Statement - counter = counter + 1: null

2018-12-06 22:36:23 - [TEST_STEP][PASSED] - Statement - PreSaveFile = new java.io.File(((pathPrefix + java.lang.Integer.toString(counter)) + .png)): null

2018-12-06 22:36:23 - [TEST_STEP][PASSED] - Statement - counter = counter + 1: null

2018-12-06 22:36:23 - [TEST_STEP][PASSED] - Statement - PreSaveFile = new java.io.File(((pathPrefix + java.lang.Integer.toString(counter)) + .png)): null

2018-12-06 22:36:23 - [TEST_STEP][PASSED] - Statement - counter = counter + 1: null

2018-12-06 22:36:23 - [TEST_STEP][PASSED] - Statement - PreSaveFile = new java.io.File(((pathPrefix + java.lang.Integer.toString(counter)) + .png)): null

2018-12-06 22:36:23 - [TEST_STEP][PASSED] - Statement - counter = counter + 1: null

2018-12-06 22:36:23 - [TEST_STEP][PASSED] - Statement - PreSaveFile = new java.io.File(((pathPrefix + java.lang.Integer.toString(counter)) + .png)): null

2018-12-06 22:36:23 - [TEST_STEP][PASSED] - Statement - counter = counter + 1: null

2018-12-06 22:36:23 - [TEST_STEP][PASSED] - Statement - PreSaveFile = new java.io.File(((pathPrefix + java.lang.Integer.toString(counter)) + .png)): null

2018-12-06 22:36:23 - [TEST_STEP][PASSED] - Statement - counter = counter + 1: null

2018-12-06 22:36:23 - [TEST_STEP][PASSED] - Statement - PreSaveFile = new java.io.File(((pathPrefix + java.lang.Integer.toString(counter)) + .png)): null

2018-12-06 22:36:23 - [TEST_STEP][PASSED] - Statement - counter = counter + 1: null

2018-12-06 22:36:23 - [TEST_STEP][PASSED] - Statement - PreSaveFile = new java.io.File(((pathPrefix + java.lang.Integer.toString(counter)) + .png)): null

2018-12-06 22:36:23 - [TEST_STEP][PASSED] - Statement - counter = counter + 1: null

2018-12-06 22:36:23 - [TEST_STEP][PASSED] - Statement - PreSaveFile = new java.io.File(((pathPrefix + java.lang.Integer.toString(counter)) + .png)): null

2018-12-06 22:36:23 - [TEST_STEP][PASSED] - Statement - counter = counter + 1: null

2018-12-06 22:36:23 - [TEST_STEP][PASSED] - Statement - PreSaveFile = new java.io.File(((pathPrefix + java.lang.Integer.toString(counter)) + .png)): null

2018-12-06 22:36:23 - [TEST_STEP][PASSED] - Statement - counter = counter + 1: null

2018-12-06 22:36:23 - [TEST_STEP][PASSED] - Statement - PreSaveFile = new java.io.File(((pathPrefix + java.lang.Integer.toString(counter)) + .png)): null

2018-12-06 22:36:23 - [TEST_STEP][PASSED] - Statement - counter = counter + 1: null

2018-12-06 22:36:23 - [TEST_STEP][PASSED] - Statement - PreSaveFile = new java.io.File(((pathPrefix + java.lang.Integer.toString(counter)) + .png)): null

2018-12-06 22:36:23 - [TEST_STEP][PASSED] - Statement - counter = counter + 1: null

2018-12-06 22:36:23 - [TEST_STEP][PASSED] - Statement - PreSaveFile = new java.io.File(((pathPrefix + java.lang.Integer.toString(counter)) + .png)): null

2018-12-06 22:36:23 - [TEST_STEP][PASSED] - Statement - counter = counter + 1: null

2018-12-06 22:36:23 - [TEST_STEP][PASSED] - Statement - PreSaveFile = new java.io.File(((pathPrefix + java.lang.Integer.toString(counter)) + .png)): null

2018-12-06 22:36:23 - [TEST_STEP][PASSED] - Statement - counter = counter + 1: null

2018-12-06 22:36:23 - [TEST_STEP][PASSED] - Statement - PreSaveFile = new java.io.File(((pathPrefix + java.lang.Integer.toString(counter)) + .png)): null

2018-12-06 22:36:23 - [TEST_STEP][PASSED] - Statement - counter = counter + 1: null

2018-12-06 22:36:23 - [TEST_STEP][PASSED] - Statement - PreSaveFile = new java.io.File(((pathPrefix + java.lang.Integer.toString(counter)) + .png)): null

2018-12-06 22:36:23 - [TEST_STEP][PASSED] - Statement - counter = counter + 1: null

2018-12-06 22:36:23 - [TEST_STEP][PASSED] - Statement - PreSaveFile = new java.io.File(((pathPrefix + java.lang.Integer.toString(counter)) + .png)): null

2018-12-06 22:36:23 - [TEST_STEP][PASSED] - Statement - finalPath = pathPrefix + java.lang.Integer.toString(counter) + ".png": null

2018-12-06 22:36:23 - [TEST_STEP][PASSED] - Statement - SaveFile = new java.io.File(finalPath): null

2018-12-06 22:36:23 - [TEST_STEP][PASSED] - Statement - Try: null

2018-12-06 22:36:23 - [TEST_STEP][PASSED] - Statement - org.apache.commons.io.FileUtils.copyFile(scrFile, SaveFile): null

2018-12-06 22:36:23 - [TEST_STEP][PASSED] - Statement - out.println("file kept"): null

2018-12-06 22:36:23 - [TEST_STEP][PASSED] - delay: Delayed 10 second(s)

2018-12-06 22:36:33 - [MESSAGE][PASSED] - Delayed 10 second(s)

2018-12-06 22:36:33 - [MESSAGE][PASSED] - Call Test Case 'Test Cases/Final Aug 2018 - PKS Automation/Registration Module/New Registration/Submit and Screenshot/Submit Registration and Screenshot' successfully

2018-12-06 22:36:33 - [TEST_STEP][PASSED] - callTestCase: Call Test Case 'Test Cases/Final Aug 2018 - PKS Automation/Registration Module/Log Out/log out avoiding katalon tagging' successfully

2018-12-06 22:36:33 - [TEST_CASE][PASSED] - Test Cases/Final Aug 2018 - PKS Automation/Registration Module/Log Out/log out avoiding katalon tagging: Test Cases/Final Aug 2018 - PKS Automation/Registration Module/Log Out/log out avoiding katalon tagging

2018-12-06 22:36:33 - [TEST_STEP][PASSED] - navigateToUrl: Navigate to 'https://assist2-uat.perkeso.gov.my/c/portal/logout' successfully

2018-12-06 22:36:34 - [MESSAGE][PASSED] - Navigate to 'https://assist2-uat.perkeso.gov.my/c/portal/logout' successfully

2018-12-06 22:36:34 - [MESSAGE][PASSED] - Call Test Case 'Test Cases/Final Aug 2018 - PKS Automation/Registration Module/Log Out/log out avoiding katalon tagging' successfully]]></system-out>
         <system-err><![CDATA[]]></system-err>
      </testcase>
      <system-out><![CDATA[2018-12-06 21:41:31 - [TEST_SUITE][FAILED] - New Registration: Test Cases/Final Aug 2018 - PKS Automation/Registration Module/Workflow/New Registration/OTC - PKR BO - RO Query (Routed 2 Time) FAILED because (of) (Stack trace: com.kms.katalon.core.exception.StepFailedException: Unable to click on object 'Object Repository/Final Object Repo/New Registration - Registration Module Pages/New Reg - OTC to RO/Special Case - All Related Objects/Confirm to Query' (Root cause: org.openqa.selenium.ElementNotVisibleException: element not interactable
  (Session info: chrome=70.0.3538.110)
  (Driver info: chromedriver=2.43.600210 (68dcf5eebde37173d4027fa8635e332711d2874a),platform=Windows NT 6.1.7601 SP1 x86_64) (WARNING: The server did not provide any stacktrace information)
Command duration or timeout: 0 milliseconds
Build info: version: '3.7.1', revision: '8a0099a', time: '2017-11-06T21:07:36.161Z'
System info: host: 'WIN7TEST02', ip: '10.20.3.72', os.name: 'Windows 7', os.arch: 'amd64', os.version: '6.1', java.version: '1.8.0_181'
Driver info: com.kms.katalon.selenium.driver.CChromeDriver
Capabilities {acceptInsecureCerts: false, acceptSslCerts: false, applicationCacheEnabled: false, browserConnectionEnabled: false, browserName: chrome, chrome: {chromedriverVersion: 2.43.600210 (68dcf5eebde371..., userDataDir: C:\Users\Admin\AppData\Loca...}, cssSelectorsEnabled: true, databaseEnabled: false, goog:chromeOptions: {debuggerAddress: localhost:60986}, handlesAlerts: true, hasTouchScreen: false, javascriptEnabled: true, locationContextEnabled: true, mobileEmulationEnabled: false, nativeEvents: true, networkConnectionEnabled: false, pageLoadStrategy: normal, platform: XP, platformName: XP, rotatable: false, setWindowRect: true, takesHeapSnapshot: true, takesScreenshot: true, unexpectedAlertBehaviour: , unhandledPromptBehavior: , version: 70.0.3538.110, webStorageEnabled: true}
Session ID: 2fa7898b3cc40910af4a232573a02c21)
	at com.kms.katalon.core.keyword.internal.KeywordMain.stepFailed(KeywordMain.groovy:32)
	at com.kms.katalon.core.webui.keyword.internal.WebUIKeywordMain.stepFailed(WebUIKeywordMain.groovy:65)
	at com.kms.katalon.core.webui.keyword.internal.WebUIKeywordMain.runKeyword(WebUIKeywordMain.groovy:27)
	at com.kms.katalon.core.webui.keyword.builtin.ClickKeyword.click(ClickKeyword.groovy:86)
	at com.kms.katalon.core.webui.keyword.builtin.ClickKeyword.execute(ClickKeyword.groovy:67)
	at com.kms.katalon.core.keyword.internal.KeywordExecutor.executeKeywordForPlatform(KeywordExecutor.groovy:53)
	at com.kms.katalon.core.webui.keyword.WebUiBuiltInKeywords.click(WebUiBuiltInKeywords.groovy:616)
	at com.kms.katalon.core.webui.keyword.WebUiBuiltInKeywords$click$2.call(Unknown Source)
	at org.codehaus.groovy.runtime.callsite.CallSiteArray.defaultCall(CallSiteArray.java:48)
	at org.codehaus.groovy.runtime.callsite.AbstractCallSite.call(AbstractCallSite.java:113)
	at org.codehaus.groovy.runtime.callsite.AbstractCallSite.call(AbstractCallSite.java:125)
	at Script1535599531593.run(Script1535599531593.groovy:194)
	at com.kms.katalon.core.main.ScriptEngine.run(ScriptEngine.java:183)
	at com.kms.katalon.core.main.ScriptEngine.runScriptAsRawText(ScriptEngine.java:108)
	at com.kms.katalon.core.main.TestCaseExecutor.runScript(TestCaseExecutor.java:294)
	at com.kms.katalon.core.main.TestCaseExecutor.doExecute(TestCaseExecutor.java:285)
	at com.kms.katalon.core.main.TestCaseExecutor.processExecutionPhase(TestCaseExecutor.java:264)
	at com.kms.katalon.core.main.TestCaseExecutor.accessMainPhase(TestCaseExecutor.java:256)
	at com.kms.katalon.core.main.TestCaseExecutor.execute(TestCaseExecutor.java:200)
	at com.kms.katalon.core.main.TestSuiteExecutor.accessTestCaseMainPhase(TestSuiteExecutor.java:129)
	at com.kms.katalon.core.main.TestSuiteExecutor.accessTestSuiteMainPhase(TestSuiteExecutor.java:112)
	at com.kms.katalon.core.main.TestSuiteExecutor.execute(TestSuiteExecutor.java:81)
	at com.kms.katalon.core.main.TestCaseMain.startTestSuite(TestCaseMain.java:142)
	at com.kms.katalon.core.main.TestCaseMain$startTestSuite$0.call(Unknown Source)
	at org.codehaus.groovy.runtime.callsite.CallSiteArray.defaultCall(CallSiteArray.java:48)
	at org.codehaus.groovy.runtime.callsite.AbstractCallSite.call(AbstractCallSite.java:113)
	at org.codehaus.groovy.runtime.callsite.AbstractCallSite.call(AbstractCallSite.java:141)
	at TempTestSuite1544087654896.run(TempTestSuite1544087654896.groovy:36)
	at groovy.lang.GroovyShell.runScriptOrMainOrTestOrRunnable(GroovyShell.java:263)
	at groovy.lang.GroovyShell.run(GroovyShell.java:518)
	at groovy.lang.GroovyShell.run(GroovyShell.java:507)
	at groovy.ui.GroovyMain.processOnce(GroovyMain.java:653)
	at groovy.ui.GroovyMain.run(GroovyMain.java:384)
	at groovy.ui.GroovyMain.process(GroovyMain.java:370)
	at groovy.ui.GroovyMain.processArgs(GroovyMain.java:129)
	at groovy.ui.GroovyMain.main(GroovyMain.java:109)
	at sun.reflect.NativeMethodAccessorImpl.invoke0(Native Method)
	at sun.reflect.NativeMethodAccessorImpl.invoke(NativeMethodAccessorImpl.java:62)
	at sun.reflect.DelegatingMethodAccessorImpl.invoke(DelegatingMethodAccessorImpl.java:43)
	at java.lang.reflect.Method.invoke(Method.java:498)
	at org.codehaus.groovy.tools.GroovyStarter.rootLoader(GroovyStarter.java:109)
	at org.codehaus.groovy.tools.GroovyStarter.main(GroovyStarter.java:131)
)]]></system-out>
      <system-err><![CDATA[2018-12-06 21:41:31 - [TEST_SUITE][FAILED] - New Registration: Test Cases/Final Aug 2018 - PKS Automation/Registration Module/Workflow/New Registration/OTC - PKR BO - RO Query (Routed 2 Time) FAILED because (of) (Stack trace: com.kms.katalon.core.exception.StepFailedException: Unable to click on object 'Object Repository/Final Object Repo/New Registration - Registration Module Pages/New Reg - OTC to RO/Special Case - All Related Objects/Confirm to Query' (Root cause: org.openqa.selenium.ElementNotVisibleException: element not interactable
  (Session info: chrome=70.0.3538.110)
  (Driver info: chromedriver=2.43.600210 (68dcf5eebde37173d4027fa8635e332711d2874a),platform=Windows NT 6.1.7601 SP1 x86_64) (WARNING: The server did not provide any stacktrace information)
Command duration or timeout: 0 milliseconds
Build info: version: '3.7.1', revision: '8a0099a', time: '2017-11-06T21:07:36.161Z'
System info: host: 'WIN7TEST02', ip: '10.20.3.72', os.name: 'Windows 7', os.arch: 'amd64', os.version: '6.1', java.version: '1.8.0_181'
Driver info: com.kms.katalon.selenium.driver.CChromeDriver
Capabilities {acceptInsecureCerts: false, acceptSslCerts: false, applicationCacheEnabled: false, browserConnectionEnabled: false, browserName: chrome, chrome: {chromedriverVersion: 2.43.600210 (68dcf5eebde371..., userDataDir: C:\Users\Admin\AppData\Loca...}, cssSelectorsEnabled: true, databaseEnabled: false, goog:chromeOptions: {debuggerAddress: localhost:60986}, handlesAlerts: true, hasTouchScreen: false, javascriptEnabled: true, locationContextEnabled: true, mobileEmulationEnabled: false, nativeEvents: true, networkConnectionEnabled: false, pageLoadStrategy: normal, platform: XP, platformName: XP, rotatable: false, setWindowRect: true, takesHeapSnapshot: true, takesScreenshot: true, unexpectedAlertBehaviour: , unhandledPromptBehavior: , version: 70.0.3538.110, webStorageEnabled: true}
Session ID: 2fa7898b3cc40910af4a232573a02c21)
	at com.kms.katalon.core.keyword.internal.KeywordMain.stepFailed(KeywordMain.groovy:32)
	at com.kms.katalon.core.webui.keyword.internal.WebUIKeywordMain.stepFailed(WebUIKeywordMain.groovy:65)
	at com.kms.katalon.core.webui.keyword.internal.WebUIKeywordMain.runKeyword(WebUIKeywordMain.groovy:27)
	at com.kms.katalon.core.webui.keyword.builtin.ClickKeyword.click(ClickKeyword.groovy:86)
	at com.kms.katalon.core.webui.keyword.builtin.ClickKeyword.execute(ClickKeyword.groovy:67)
	at com.kms.katalon.core.keyword.internal.KeywordExecutor.executeKeywordForPlatform(KeywordExecutor.groovy:53)
	at com.kms.katalon.core.webui.keyword.WebUiBuiltInKeywords.click(WebUiBuiltInKeywords.groovy:616)
	at com.kms.katalon.core.webui.keyword.WebUiBuiltInKeywords$click$2.call(Unknown Source)
	at org.codehaus.groovy.runtime.callsite.CallSiteArray.defaultCall(CallSiteArray.java:48)
	at org.codehaus.groovy.runtime.callsite.AbstractCallSite.call(AbstractCallSite.java:113)
	at org.codehaus.groovy.runtime.callsite.AbstractCallSite.call(AbstractCallSite.java:125)
	at Script1535599531593.run(Script1535599531593.groovy:194)
	at com.kms.katalon.core.main.ScriptEngine.run(ScriptEngine.java:183)
	at com.kms.katalon.core.main.ScriptEngine.runScriptAsRawText(ScriptEngine.java:108)
	at com.kms.katalon.core.main.TestCaseExecutor.runScript(TestCaseExecutor.java:294)
	at com.kms.katalon.core.main.TestCaseExecutor.doExecute(TestCaseExecutor.java:285)
	at com.kms.katalon.core.main.TestCaseExecutor.processExecutionPhase(TestCaseExecutor.java:264)
	at com.kms.katalon.core.main.TestCaseExecutor.accessMainPhase(TestCaseExecutor.java:256)
	at com.kms.katalon.core.main.TestCaseExecutor.execute(TestCaseExecutor.java:200)
	at com.kms.katalon.core.main.TestSuiteExecutor.accessTestCaseMainPhase(TestSuiteExecutor.java:129)
	at com.kms.katalon.core.main.TestSuiteExecutor.accessTestSuiteMainPhase(TestSuiteExecutor.java:112)
	at com.kms.katalon.core.main.TestSuiteExecutor.execute(TestSuiteExecutor.java:81)
	at com.kms.katalon.core.main.TestCaseMain.startTestSuite(TestCaseMain.java:142)
	at com.kms.katalon.core.main.TestCaseMain$startTestSuite$0.call(Unknown Source)
	at org.codehaus.groovy.runtime.callsite.CallSiteArray.defaultCall(CallSiteArray.java:48)
	at org.codehaus.groovy.runtime.callsite.AbstractCallSite.call(AbstractCallSite.java:113)
	at org.codehaus.groovy.runtime.callsite.AbstractCallSite.call(AbstractCallSite.java:141)
	at TempTestSuite1544087654896.run(TempTestSuite1544087654896.groovy:36)
	at groovy.lang.GroovyShell.runScriptOrMainOrTestOrRunnable(GroovyShell.java:263)
	at groovy.lang.GroovyShell.run(GroovyShell.java:518)
	at groovy.lang.GroovyShell.run(GroovyShell.java:507)
	at groovy.ui.GroovyMain.processOnce(GroovyMain.java:653)
	at groovy.ui.GroovyMain.run(GroovyMain.java:384)
	at groovy.ui.GroovyMain.process(GroovyMain.java:370)
	at groovy.ui.GroovyMain.processArgs(GroovyMain.java:129)
	at groovy.ui.GroovyMain.main(GroovyMain.java:109)
	at sun.reflect.NativeMethodAccessorImpl.invoke0(Native Method)
	at sun.reflect.NativeMethodAccessorImpl.invoke(NativeMethodAccessorImpl.java:62)
	at sun.reflect.DelegatingMethodAccessorImpl.invoke(DelegatingMethodAccessorImpl.java:43)
	at java.lang.reflect.Method.invoke(Method.java:498)
	at org.codehaus.groovy.tools.GroovyStarter.rootLoader(GroovyStarter.java:109)
	at org.codehaus.groovy.tools.GroovyStarter.main(GroovyStarter.java:131)
)]]></system-err>
   </testsuite>
</testsuites>
