<?xml version="1.0" encoding="UTF-8"?>
<testsuites name="New Registration" time="3496" tests="4" failures="1" errors="0">
   <testsuite name="New Registration" tests="4" failures="1" errors="0" time="3496" timestamp="2018-12-05 12:07:52" hostname="Admin - Win7Test02" id="Test Suites/Workflow/New Registration">
      <properties>
         <property name="deviceName" value=""/>
         <property name="devicePlatform" value=""/>
         <property name="logFolder" value="C:\\Users\\Admin\\Desktop\\PKS\\Perkeso Phase A\\Reports\\Workflow\\New Registration\\20181205_120750"/>
         <property name="logFiles" value="C:\\Users\\Admin\\Desktop\\PKS\\Perkeso Phase A\\Reports\\Workflow\\New Registration\\20181205_120750\\execution0.log, C:\\Users\\Admin\\Desktop\\PKS\\Perkeso Phase A\\Reports\\Workflow\\New Registration\\20181205_120750\\execution1.log"/>
         <property name="attachments" value="C:\\Users\\Admin\\Desktop\\PKS\\Perkeso Phase A\\Reports\\Workflow\\New Registration\\20181205_120750\\1543986097806.png, C:\\Users\\Admin\\Desktop\\PKS\\Perkeso Phase A\\Reports\\Workflow\\New Registration\\20181205_120750\\1543986157620.png, C:\\Users\\Admin\\Desktop\\PKS\\Perkeso Phase A\\Reports\\Workflow\\New Registration\\20181205_120750\\1543986194023.png, C:\\Users\\Admin\\Desktop\\PKS\\Perkeso Phase A\\Reports\\Workflow\\New Registration\\20181205_120750\\1543986282341.png"/>
         <property name="hostName" value="Admin - Win7Test02"/>
         <property name="os" value="Windows 7 64bit"/>
         <property name="katalonVersion" value="5.8.6.1"/>
         <property name="browser" value="Chrome 70.0.3538.110"/>
         <property name="hostAddress" value="10.20.3.72"/>
         <property name="sessionId" value="3dea97fc1dd1580f9d5336049e42f3c1"/>
         <property name="seleniumVersion" value="3.7.1"/>
         <property name="proxyInformation" value="ProxyInformation{proxyOption=NO_PROXY, proxyServerType=HTTP, password=, proxyServerAddress=, proxyServerPort=0}"/>
         <property name="platform" value="Windows 7"/>
      </properties>
      <testcase name="Test Cases/Final Aug 2018 - PKS Automation/Registration Module/Workflow/New Registration/Case OTC to RO - RO Under Enforcement" classname="Test Cases/Final Aug 2018 - PKS Automation/Registration Module/Workflow/New Registration/Case OTC to RO - RO Under Enforcement" status="PASSED">
         <system-out><![CDATA[2018-12-05 12:07:53 - [TEST_CASE][PASSED] - Test Cases/Final Aug 2018 - PKS Automation/Registration Module/Workflow/New Registration/Case OTC to RO - RO Under Enforcement: Test Cases/Final Aug 2018 - PKS Automation/Registration Module/Workflow/New Registration/Case OTC to RO - RO Under Enforcement

2018-12-05 12:07:53 - [TEST_STEP][PASSED] - callTestCase: Call Test Case 'Test Cases/Final Aug 2018 - PKS Automation/Registration Module/Workflow/New Registration/Template/Special Case - OTC - Form 1' successfully

2018-12-05 12:07:53 - [TEST_CASE][PASSED] - Test Cases/Final Aug 2018 - PKS Automation/Registration Module/Workflow/New Registration/Template/Special Case - OTC - Form 1: Test Cases/Final Aug 2018 - PKS Automation/Registration Module/Workflow/New Registration/Template/Special Case - OTC - Form 1

2018-12-05 12:07:54 - [TEST_STEP][PASSED] - openBrowser: Browser is opened with url: ''

2018-12-05 12:07:58 - [MESSAGE][PASSED] - Browser is opened with url: ''

2018-12-05 12:07:58 - [TEST_STEP][PASSED] - navigateToUrl: Navigate to 'https://assist2-uat.perkeso.gov.my/login' successfully

2018-12-05 12:07:59 - [MESSAGE][PASSED] - Navigate to 'https://assist2-uat.perkeso.gov.my/login' successfully

2018-12-05 12:07:59 - [TEST_STEP][PASSED] - delay: Delayed 2 second(s)

2018-12-05 12:08:01 - [MESSAGE][PASSED] - Delayed 2 second(s)

2018-12-05 12:08:01 - [TEST_STEP][PASSED] - setText: Text 'klotc2@gmail.com' is set on object 'Object Repository/Final Object Repo/Login Page/Internal User/Email Address'

2018-12-05 12:08:02 - [MESSAGE][PASSED] - Text 'klotc2@gmail.com' is set on object 'Object Repository/Final Object Repo/Login Page/Internal User/Email Address'

2018-12-05 12:08:02 - [TEST_STEP][PASSED] - click: Object: 'Object Repository/Final Object Repo/Login Page/Internal User/Next Button' is clicked on

2018-12-05 12:08:02 - [MESSAGE][PASSED] - Object: 'Object Repository/Final Object Repo/Login Page/Internal User/Next Button' is clicked on

2018-12-05 12:08:02 - [TEST_STEP][PASSED] - delay: Delayed 2 second(s)

2018-12-05 12:08:04 - [MESSAGE][PASSED] - Delayed 2 second(s)

2018-12-05 12:08:04 - [TEST_STEP][PASSED] - setText: Text 'Test1@3456789' is set on object 'Object Repository/Final Object Repo/Login Page/Internal User/Password'

2018-12-05 12:08:04 - [MESSAGE][PASSED] - Text 'Test1@3456789' is set on object 'Object Repository/Final Object Repo/Login Page/Internal User/Password'

2018-12-05 12:08:04 - [TEST_STEP][PASSED] - delay: Delayed 2 second(s)

2018-12-05 12:08:06 - [MESSAGE][PASSED] - Delayed 2 second(s)

2018-12-05 12:08:06 - [TEST_STEP][PASSED] - click: Object: 'Object Repository/Final Object Repo/Login Page/Internal User/Login Button' is clicked on

2018-12-05 12:08:06 - [MESSAGE][PASSED] - Object: 'Object Repository/Final Object Repo/Login Page/Internal User/Login Button' is clicked on

2018-12-05 12:08:06 - [TEST_STEP][PASSED] - Statement - Try: null

2018-12-05 12:08:06 - [TEST_STEP][PASSED] - Statement - Checker = com.kms.katalon.core.webui.keyword.WebUiBuiltInKeywords.verifyElementNotPresent("Final Object Repo/Landing Page/Select to English", 3): null

2018-12-05 12:08:06 - [TEST_STEP][PASSED] - Statement - Catch (Exception e): null

2018-12-05 12:08:06 - [TEST_STEP][PASSED] - Statement - e.printStackTrace(): null

2018-12-05 12:08:06 - [TEST_STEP][PASSED] - delay: Delayed 5 second(s)

2018-12-05 12:08:11 - [MESSAGE][PASSED] - Delayed 5 second(s)

2018-12-05 12:08:11 - [TEST_STEP][PASSED] - click: Object: 'Object Repository/Final Object Repo/Landing Page/My Sites Drop Down' is clicked on

2018-12-05 12:08:12 - [MESSAGE][PASSED] - Object: 'Object Repository/Final Object Repo/Landing Page/My Sites Drop Down' is clicked on

2018-12-05 12:08:12 - [TEST_STEP][PASSED] - click: Object: 'Object Repository/Final Object Repo/Landing Page/Select to Registration Module' is clicked on

2018-12-05 12:08:12 - [MESSAGE][PASSED] - Object: 'Object Repository/Final Object Repo/Landing Page/Select to Registration Module' is clicked on

2018-12-05 12:08:12 - [TEST_STEP][PASSED] - click: Object: 'Object Repository/Final Object Repo/Landing Page/Registration Button' is clicked on

2018-12-05 12:08:14 - [MESSAGE][PASSED] - Object: 'Object Repository/Final Object Repo/Landing Page/Registration Button' is clicked on

2018-12-05 12:08:14 - [TEST_STEP][PASSED] - delay: Delayed 2 second(s)

2018-12-05 12:08:16 - [MESSAGE][PASSED] - Delayed 2 second(s)

2018-12-05 12:08:16 - [TEST_STEP][PASSED] - click: Object: 'Object Repository/Final Object Repo/New Registration - Registration Module Pages/New Reg - OTC to RO/Special Case - OTC - Form 1/AEC NO' is clicked on

2018-12-05 12:08:16 - [MESSAGE][PASSED] - Object: 'Object Repository/Final Object Repo/New Registration - Registration Module Pages/New Reg - OTC to RO/Special Case - OTC - Form 1/AEC NO' is clicked on

2018-12-05 12:08:16 - [TEST_STEP][PASSED] - click: Object: 'Object Repository/Final Object Repo/New Registration - Registration Module Pages/New Reg - OTC to RO/Special Case - OTC - Form 1/Business Entity - Please Select' is clicked on

2018-12-05 12:08:16 - [MESSAGE][PASSED] - Object: 'Object Repository/Final Object Repo/New Registration - Registration Module Pages/New Reg - OTC to RO/Special Case - OTC - Form 1/Business Entity - Please Select' is clicked on

2018-12-05 12:08:16 - [TEST_STEP][PASSED] - click: Object: 'Object Repository/Final Object Repo/New Registration - Registration Module Pages/New Reg - OTC to RO/Special Case - OTC - Form 1/Selected - Corporation' is clicked on

2018-12-05 12:08:17 - [MESSAGE][PASSED] - Object: 'Object Repository/Final Object Repo/New Registration - Registration Module Pages/New Reg - OTC to RO/Special Case - OTC - Form 1/Selected - Corporation' is clicked on

2018-12-05 12:08:17 - [TEST_STEP][PASSED] - delay: Delayed 2 second(s)

2018-12-05 12:08:19 - [MESSAGE][PASSED] - Delayed 2 second(s)

2018-12-05 12:08:19 - [TEST_STEP][PASSED] - click: Object: 'Object Repository/Final Object Repo/New Registration - Registration Module Pages/New Reg - OTC to RO/Special Case - OTC - Form 1/Sub Business Entity - Please Select' is clicked on

2018-12-05 12:08:19 - [MESSAGE][PASSED] - Object: 'Object Repository/Final Object Repo/New Registration - Registration Module Pages/New Reg - OTC to RO/Special Case - OTC - Form 1/Sub Business Entity - Please Select' is clicked on

2018-12-05 12:08:19 - [TEST_STEP][PASSED] - delay: Delayed 2 second(s)

2018-12-05 12:08:21 - [MESSAGE][PASSED] - Delayed 2 second(s)

2018-12-05 12:08:21 - [TEST_STEP][PASSED] - click: Object: 'Object Repository/Final Object Repo/New Registration - Registration Module Pages/New Reg - OTC to RO/Special Case - OTC - Form 1/Selected - Sendirian Berhad' is clicked on

2018-12-05 12:08:21 - [MESSAGE][PASSED] - Object: 'Object Repository/Final Object Repo/New Registration - Registration Module Pages/New Reg - OTC to RO/Special Case - OTC - Form 1/Selected - Sendirian Berhad' is clicked on

2018-12-05 12:08:21 - [TEST_STEP][PASSED] - setText: Text 'AUTOMATE001' is set on object 'Object Repository/Final Object Repo/New Registration - Registration Module Pages/New Reg - OTC to RO/Special Case - OTC - Form 1/Input BRN Number'

2018-12-05 12:08:22 - [MESSAGE][PASSED] - Text 'AUTOMATE001' is set on object 'Object Repository/Final Object Repo/New Registration - Registration Module Pages/New Reg - OTC to RO/Special Case - OTC - Form 1/Input BRN Number'

2018-12-05 12:08:22 - [TEST_STEP][PASSED] - delay: Delayed 2 second(s)

2018-12-05 12:08:24 - [MESSAGE][PASSED] - Delayed 2 second(s)

2018-12-05 12:08:24 - [TEST_STEP][PASSED] - click: Object: 'Object Repository/Final Object Repo/New Registration - Registration Module Pages/New Reg - OTC to RO/Special Case - OTC - Form 1/BRN Search' is clicked on

2018-12-05 12:08:24 - [MESSAGE][PASSED] - Object: 'Object Repository/Final Object Repo/New Registration - Registration Module Pages/New Reg - OTC to RO/Special Case - OTC - Form 1/BRN Search' is clicked on

2018-12-05 12:08:24 - [TEST_STEP][PASSED] - delay: Delayed 4 second(s)

2018-12-05 12:08:28 - [MESSAGE][PASSED] - Delayed 4 second(s)

2018-12-05 12:08:28 - [TEST_STEP][PASSED] - click: Object: 'Object Repository/Final Object Repo/New Registration - Registration Module Pages/New Reg - OTC to RO/Special Case - OTC - Form 1/Registered with SSM - After Feb 2017' is clicked on

2018-12-05 12:08:28 - [MESSAGE][PASSED] - Object: 'Object Repository/Final Object Repo/New Registration - Registration Module Pages/New Reg - OTC to RO/Special Case - OTC - Form 1/Registered with SSM - After Feb 2017' is clicked on

2018-12-05 12:08:28 - [TEST_STEP][PASSED] - delay: Delayed 2 second(s)

2018-12-05 12:08:30 - [MESSAGE][PASSED] - Delayed 2 second(s)

2018-12-05 12:08:30 - [TEST_STEP][PASSED] - click: Object: 'Object Repository/Final Object Repo/New Registration - Registration Module Pages/New Reg - OTC to RO/Special Case - OTC - Form 1/Registering As A Branch - No' is clicked on

2018-12-05 12:08:30 - [MESSAGE][PASSED] - Object: 'Object Repository/Final Object Repo/New Registration - Registration Module Pages/New Reg - OTC to RO/Special Case - OTC - Form 1/Registering As A Branch - No' is clicked on

2018-12-05 12:08:30 - [TEST_STEP][PASSED] - click: Object: 'Object Repository/Final Object Repo/New Registration - Registration Module Pages/New Reg - OTC to RO/Special Case - OTC - Form 1/Acknowledgement Ticked' is clicked on

2018-12-05 12:08:30 - [MESSAGE][PASSED] - Object: 'Object Repository/Final Object Repo/New Registration - Registration Module Pages/New Reg - OTC to RO/Special Case - OTC - Form 1/Acknowledgement Ticked' is clicked on

2018-12-05 12:08:30 - [TEST_STEP][PASSED] - click: Object: 'Object Repository/Final Object Repo/New Registration - Registration Module Pages/New Reg - OTC to RO/Special Case - OTC - Form 1/Submit Button' is clicked on

2018-12-05 12:08:30 - [MESSAGE][PASSED] - Object: 'Object Repository/Final Object Repo/New Registration - Registration Module Pages/New Reg - OTC to RO/Special Case - OTC - Form 1/Submit Button' is clicked on

2018-12-05 12:08:30 - [TEST_STEP][PASSED] - delay: Delayed 2 second(s)

2018-12-05 12:08:32 - [MESSAGE][PASSED] - Delayed 2 second(s)

2018-12-05 12:08:32 - [TEST_STEP][PASSED] - click: Object: 'Object Repository/Final Object Repo/New Registration - Registration Module Pages/New Reg - OTC to RO/Special Case - OTC - Form 1/Confirm No Flagging as Branch' is clicked on

2018-12-05 12:08:33 - [MESSAGE][PASSED] - Object: 'Object Repository/Final Object Repo/New Registration - Registration Module Pages/New Reg - OTC to RO/Special Case - OTC - Form 1/Confirm No Flagging as Branch' is clicked on

2018-12-05 12:08:33 - [MESSAGE][PASSED] - Call Test Case 'Test Cases/Final Aug 2018 - PKS Automation/Registration Module/Workflow/New Registration/Template/Special Case - OTC - Form 1' successfully

2018-12-05 12:08:33 - [TEST_STEP][PASSED] - callTestCase: Call Test Case 'Test Cases/Final Aug 2018 - PKS Automation/Registration Module/New Registration/Form 2/Add 1 Eligible' successfully

2018-12-05 12:08:33 - [TEST_CASE][PASSED] - Test Cases/Final Aug 2018 - PKS Automation/Registration Module/New Registration/Form 2/Add 1 Eligible: Test Cases/Final Aug 2018 - PKS Automation/Registration Module/New Registration/Form 2/Add 1 Eligible

2018-12-05 12:08:33 - [TEST_STEP][PASSED] - delay: Delayed 2 second(s)

2018-12-05 12:08:35 - [MESSAGE][PASSED] - Delayed 2 second(s)

2018-12-05 12:08:35 - [TEST_STEP][PASSED] - callTestCase: Call Test Case 'Test Cases/Final Aug 2018 - PKS Automation/Registration Module/New Registration/Form 2/Date Updater' successfully

2018-12-05 12:08:35 - [TEST_CASE][PASSED] - Test Cases/Final Aug 2018 - PKS Automation/Registration Module/New Registration/Form 2/Date Updater: Test Cases/Final Aug 2018 - PKS Automation/Registration Module/New Registration/Form 2/Date Updater

2018-12-05 12:08:36 - [TEST_STEP][PASSED] - Statement - TodayDate = new java.util.Date(): null

2018-12-05 12:08:36 - [TEST_STEP][PASSED] - Statement - CurrentDateNoFilter = new java.text.SimpleDateFormat(): null

2018-12-05 12:08:36 - [TEST_STEP][PASSED] - Statement - CurrentDateNoFilter.applyPattern("MM"): null

2018-12-05 12:08:36 - [TEST_STEP][PASSED] - Statement - monthContainerMatcher = java.lang.Integer.parseInt(CurrentDateNoFilter.format(TodayDate)): null

2018-12-05 12:08:36 - [TEST_STEP][PASSED] - Statement - monthContainerMatcher = monthContainerMatcher - 1: null

2018-12-05 12:08:36 - [TEST_STEP][PASSED] - Statement - CurrentMonth = monthContainerMatcher.toString(): null

2018-12-05 12:08:36 - [TEST_STEP][PASSED] - Statement - CurrentMonth = CurrentMonth: null

2018-12-05 12:08:36 - [TEST_STEP][PASSED] - Statement - CurrentDateNoFilter.applyPattern("yyyy"): null

2018-12-05 12:08:36 - [TEST_STEP][PASSED] - Statement - CurrentYear = CurrentDateNoFilter.format(TodayDate): null

2018-12-05 12:08:36 - [TEST_STEP][PASSED] - Statement - CurrentYear = CurrentYear: null

2018-12-05 12:08:36 - [TEST_STEP][PASSED] - Statement - intCurrentYear = java.lang.Integer.parseInt(CurrentDateNoFilter.format(TodayDate)): null

2018-12-05 12:08:36 - [TEST_STEP][PASSED] - Statement - eighteenYrsAgo = intCurrentYear - 18: null

2018-12-05 12:08:36 - [TEST_STEP][PASSED] - Statement - eighteenYrsBeforeThisYr = eighteenYrsAgo.toString(): null

2018-12-05 12:08:36 - [TEST_STEP][PASSED] - Statement - EighteenYrsBefore = eighteenYrsBeforeThisYr: null

2018-12-05 12:08:36 - [TEST_STEP][PASSED] - Statement - fiftysevenYrsAgo = intCurrentYear - 57: null

2018-12-05 12:08:36 - [TEST_STEP][PASSED] - Statement - fiftysevenYrsBeforeThisYr = fiftysevenYrsAgo.toString(): null

2018-12-05 12:08:36 - [TEST_STEP][PASSED] - Statement - FiftysevenYrsBefore = fiftysevenYrsBeforeThisYr: null

2018-12-05 12:08:36 - [TEST_STEP][PASSED] - Statement - leapYear = false: null

2018-12-05 12:08:36 - [TEST_STEP][PASSED] - Statement - leapYear = intCurrentYear % 4 == 0: null

2018-12-05 12:08:36 - [TEST_STEP][PASSED] - Statement - CurrentDateNoFilter.applyPattern("dd"): null

2018-12-05 12:08:36 - [TEST_STEP][PASSED] - Statement - CurrentDate = CurrentDateNoFilter.format(TodayDate): null

2018-12-05 12:08:36 - [TEST_STEP][PASSED] - Statement - CurrentDate = java.lang.Integer.parseInt(CurrentDate): null

2018-12-05 12:08:36 - [TEST_STEP][PASSED] - Statement - CurrentDate = CurrentDate: null

2018-12-05 12:08:36 - [TEST_STEP][PASSED] - Statement - CurrentDay = java.lang.Integer.parseInt(CurrentDate): null

2018-12-05 12:08:36 - [TEST_STEP][PASSED] - Statement - ConfAdder = <not implemented yet for class: org.codehaus.groovy.ast.expr.EmptyExpression>: null

2018-12-05 12:08:36 - [TEST_STEP][PASSED] - Statement - switch (CurrentDate): null

2018-12-05 12:08:36 - [TEST_STEP][PASSED] - Statement - Default: null

2018-12-05 12:08:36 - [TEST_STEP][PASSED] - Statement - ConfAdder = false: null

2018-12-05 12:08:36 - [TEST_STEP][PASSED] - Statement - Break: null

2018-12-05 12:08:36 - [TEST_STEP][PASSED] - Statement - aDayBefore = <not implemented yet for class: org.codehaus.groovy.ast.expr.EmptyExpression>: null

2018-12-05 12:08:36 - [TEST_STEP][PASSED] - Statement - If (ConfAdder == true): null

2018-12-05 12:08:36 - [TEST_STEP][PASSED] - Statement - Else: null

2018-12-05 12:08:36 - [TEST_STEP][PASSED] - Statement - aDayBefore = 1: null

2018-12-05 12:08:36 - [TEST_STEP][PASSED] - Statement - If (aDayBefore == 1 && CurrentMonth == 11): null

2018-12-05 12:08:36 - [TEST_STEP][PASSED] - Statement - DayBefore = aDayBefore.toString(): null

2018-12-05 12:08:36 - [TEST_STEP][PASSED] - Statement - OneDayBefore = DayBefore: null

2018-12-05 12:08:36 - [MESSAGE][PASSED] - Call Test Case 'Test Cases/Final Aug 2018 - PKS Automation/Registration Module/New Registration/Form 2/Date Updater' successfully

2018-12-05 12:08:36 - [TEST_STEP][PASSED] - delay: Delayed 1 second(s)

2018-12-05 12:08:37 - [MESSAGE][PASSED] - Delayed 1 second(s)

2018-12-05 12:08:37 - [TEST_STEP][PASSED] - Statement - CaseReferenceNo = com.kms.katalon.core.webui.keyword.WebUiBuiltInKeywords.getText(com.kms.katalon.core.testobject.ObjectRepository.findTestObject(Final Object Repo/New Registration - Registration Module Pages/Form 2/RefNo Acquiring)): Text of object 'Object Repository/Final Object Repo/New Registration - Registration Module Pages/Form 2/RefNo Acquiring' is: 'CRN12201800123004'

2018-12-05 12:08:37 - [MESSAGE][PASSED] - Text of object 'Object Repository/Final Object Repo/New Registration - Registration Module Pages/Form 2/RefNo Acquiring' is: 'CRN12201800123004'

2018-12-05 12:08:37 - [TEST_STEP][PASSED] - delay: Delayed 1 second(s)

2018-12-05 12:08:38 - [MESSAGE][PASSED] - Delayed 1 second(s)

2018-12-05 12:08:38 - [TEST_STEP][PASSED] - click: Object: 'Object Repository/Final Object Repo/New Registration - Registration Module Pages/Form 2/Add Employee Button' is clicked on

2018-12-05 12:08:38 - [MESSAGE][PASSED] - Object: 'Object Repository/Final Object Repo/New Registration - Registration Module Pages/Form 2/Add Employee Button' is clicked on

2018-12-05 12:08:38 - [TEST_STEP][PASSED] - delay: Delayed 1 second(s)

2018-12-05 12:08:39 - [MESSAGE][PASSED] - Delayed 1 second(s)

2018-12-05 12:08:39 - [TEST_STEP][PASSED] - setText: Text '010903091963' is set on object 'Object Repository/Final Object Repo/New Registration - Registration Module Pages/Form 2/NRIC Input'

2018-12-05 12:08:40 - [MESSAGE][PASSED] - Text '010903091963' is set on object 'Object Repository/Final Object Repo/New Registration - Registration Module Pages/Form 2/NRIC Input'

2018-12-05 12:08:40 - [TEST_STEP][PASSED] - click: Object: 'Object Repository/Final Object Repo/New Registration - Registration Module Pages/Form 2/button for search for IC' is clicked on

2018-12-05 12:08:40 - [MESSAGE][PASSED] - Object: 'Object Repository/Final Object Repo/New Registration - Registration Module Pages/Form 2/button for search for IC' is clicked on

2018-12-05 12:08:40 - [TEST_STEP][PASSED] - delay: Delayed 2 second(s)

2018-12-05 12:08:42 - [MESSAGE][PASSED] - Delayed 2 second(s)

2018-12-05 12:08:42 - [TEST_STEP][PASSED] - setText: Text 'Automate001 eligible 1' is set on object 'Object Repository/Final Object Repo/New Registration - Registration Module Pages/Form 2/Employee Name Input'

2018-12-05 12:08:42 - [MESSAGE][PASSED] - Text 'Automate001 eligible 1' is set on object 'Object Repository/Final Object Repo/New Registration - Registration Module Pages/Form 2/Employee Name Input'

2018-12-05 12:08:42 - [TEST_STEP][PASSED] - delay: Delayed 2 second(s)

2018-12-05 12:08:44 - [MESSAGE][PASSED] - Delayed 2 second(s)

2018-12-05 12:08:44 - [TEST_STEP][PASSED] - click: Object: 'Object Repository/Final Object Repo/New Registration - Registration Module Pages/Form 2/DatePicker Pop Up' is clicked on

2018-12-05 12:08:45 - [MESSAGE][PASSED] - Object: 'Object Repository/Final Object Repo/New Registration - Registration Module Pages/Form 2/DatePicker Pop Up' is clicked on

2018-12-05 12:08:45 - [TEST_STEP][PASSED] - click: Object: 'Object Repository/Final Object Repo/New Registration - Registration Module Pages/Form 2/DOB Month' is clicked on

2018-12-05 12:08:45 - [MESSAGE][PASSED] - Object: 'Object Repository/Final Object Repo/New Registration - Registration Module Pages/Form 2/DOB Month' is clicked on

2018-12-05 12:08:45 - [TEST_STEP][PASSED] - Statement - CurrentMonth = CurrentMonth: null

2018-12-05 12:08:45 - [TEST_STEP][PASSED] - Statement - selectMonth = new com.kms.katalon.core.testobject.TestObject(): null

2018-12-05 12:08:45 - [TEST_STEP][PASSED] - Statement - selectMonth.addProperty("xpath", EQUALS, "//body/div/div/div/select/option[@value='" + CurrentMonth + "']", true): null

2018-12-05 12:08:45 - [TEST_STEP][PASSED] - click: Object: '' is clicked on

2018-12-05 12:08:45 - [MESSAGE][PASSED] - Object: '' is clicked on

2018-12-05 12:08:45 - [TEST_STEP][PASSED] - click: Object: 'Object Repository/Final Object Repo/New Registration - Registration Module Pages/Form 2/DOB Year' is clicked on

2018-12-05 12:08:45 - [MESSAGE][PASSED] - Object: 'Object Repository/Final Object Repo/New Registration - Registration Module Pages/Form 2/DOB Year' is clicked on

2018-12-05 12:08:45 - [TEST_STEP][PASSED] - Statement - Eyearsbf = EighteenYrsBefore: null

2018-12-05 12:08:45 - [TEST_STEP][PASSED] - Statement - selectYear = new com.kms.katalon.core.testobject.TestObject(): null

2018-12-05 12:08:45 - [TEST_STEP][PASSED] - Statement - selectYear.addProperty("xpath", EQUALS, "//div/div/div/select/option[@value='" + Eyearsbf + "']", true): null

2018-12-05 12:08:45 - [TEST_STEP][PASSED] - click: Object: '' is clicked on

2018-12-05 12:08:45 - [MESSAGE][PASSED] - Object: '' is clicked on

2018-12-05 12:08:45 - [TEST_STEP][PASSED] - Statement - UpdatedSelectDate = com.kms.katalon.core.webui.keyword.WebUiBuiltInKeywords.modifyObjectProperty(com.kms.katalon.core.testobject.ObjectRepository.findTestObject(Final Object Repo/New Registration - Registration Module Pages/Form 2/DOB Date), "xpath", "equals", "//body/div/table/tbody/tr/td/a[text()="" + CurrentDate + ""]", true): Modify property of object successfully

2018-12-05 12:08:45 - [MESSAGE][PASSED] - Modify property of object successfully

2018-12-05 12:08:45 - [TEST_STEP][PASSED] - delay: Delayed 3 second(s)

2018-12-05 12:08:48 - [MESSAGE][PASSED] - Delayed 3 second(s)

2018-12-05 12:08:48 - [TEST_STEP][PASSED] - click: Object: 'Object Repository/Final Object Repo/New Registration - Registration Module Pages/Form 2/DOB Date' is clicked on

2018-12-05 12:08:49 - [MESSAGE][PASSED] - Object: 'Object Repository/Final Object Repo/New Registration - Registration Module Pages/Form 2/DOB Date' is clicked on

2018-12-05 12:08:49 - [TEST_STEP][PASSED] - delay: Delayed 2 second(s)

2018-12-05 12:08:51 - [MESSAGE][PASSED] - Delayed 2 second(s)

2018-12-05 12:08:51 - [TEST_STEP][PASSED] - click: Object: 'Object Repository/Final Object Repo/New Registration - Registration Module Pages/Form 2/EmploymentStartDate Pop Up' is clicked on

2018-12-05 12:08:51 - [MESSAGE][PASSED] - Object: 'Object Repository/Final Object Repo/New Registration - Registration Module Pages/Form 2/EmploymentStartDate Pop Up' is clicked on

2018-12-05 12:08:51 - [TEST_STEP][PASSED] - delay: Delayed 2 second(s)

2018-12-05 12:08:53 - [MESSAGE][PASSED] - Delayed 2 second(s)

2018-12-05 12:08:53 - [TEST_STEP][PASSED] - click: Object: 'Object Repository/Final Object Repo/New Registration - Registration Module Pages/Form 2/Socso Employment StartDate Month' is clicked on

2018-12-05 12:08:53 - [MESSAGE][PASSED] - Object: 'Object Repository/Final Object Repo/New Registration - Registration Module Pages/Form 2/Socso Employment StartDate Month' is clicked on

2018-12-05 12:08:53 - [TEST_STEP][PASSED] - delay: Delayed 1 second(s)

2018-12-05 12:08:54 - [MESSAGE][PASSED] - Delayed 1 second(s)

2018-12-05 12:08:54 - [TEST_STEP][PASSED] - click: Object: 'Object Repository/Final Object Repo/New Registration - Registration Module Pages/Form 2/Select Socso Employement Startdate Month' is clicked on

2018-12-05 12:08:54 - [MESSAGE][PASSED] - Object: 'Object Repository/Final Object Repo/New Registration - Registration Module Pages/Form 2/Select Socso Employement Startdate Month' is clicked on

2018-12-05 12:08:54 - [TEST_STEP][PASSED] - delay: Delayed 2 second(s)

2018-12-05 12:08:56 - [MESSAGE][PASSED] - Delayed 2 second(s)

2018-12-05 12:08:56 - [TEST_STEP][PASSED] - click: Object: 'Object Repository/Final Object Repo/New Registration - Registration Module Pages/Form 2/Socso Employment StartDate Year' is clicked on

2018-12-05 12:08:56 - [MESSAGE][PASSED] - Object: 'Object Repository/Final Object Repo/New Registration - Registration Module Pages/Form 2/Socso Employment StartDate Year' is clicked on

2018-12-05 12:08:56 - [TEST_STEP][PASSED] - delay: Delayed 1 second(s)

2018-12-05 12:08:57 - [MESSAGE][PASSED] - Delayed 1 second(s)

2018-12-05 12:08:57 - [TEST_STEP][PASSED] - click: Object: 'Object Repository/Final Object Repo/New Registration - Registration Module Pages/Form 2/Select Socso Employment Startdate Year' is clicked on

2018-12-05 12:08:57 - [MESSAGE][PASSED] - Object: 'Object Repository/Final Object Repo/New Registration - Registration Module Pages/Form 2/Select Socso Employment Startdate Year' is clicked on

2018-12-05 12:08:57 - [TEST_STEP][PASSED] - delay: Delayed 2 second(s)

2018-12-05 12:08:59 - [MESSAGE][PASSED] - Delayed 2 second(s)

2018-12-05 12:08:59 - [TEST_STEP][PASSED] - click: Object: 'Object Repository/Final Object Repo/New Registration - Registration Module Pages/Form 2/Socso Employment Start Date Day' is clicked on

2018-12-05 12:09:00 - [MESSAGE][PASSED] - Object: 'Object Repository/Final Object Repo/New Registration - Registration Module Pages/Form 2/Socso Employment Start Date Day' is clicked on

2018-12-05 12:09:00 - [TEST_STEP][PASSED] - delay: Delayed 2 second(s)

2018-12-05 12:09:02 - [MESSAGE][PASSED] - Delayed 2 second(s)

2018-12-05 12:09:02 - [TEST_STEP][PASSED] - click: Object: 'Object Repository/Final Object Repo/New Registration - Registration Module Pages/Form 2/Save Button for Add Employee' is clicked on

2018-12-05 12:09:02 - [MESSAGE][PASSED] - Object: 'Object Repository/Final Object Repo/New Registration - Registration Module Pages/Form 2/Save Button for Add Employee' is clicked on

2018-12-05 12:09:02 - [TEST_STEP][PASSED] - delay: Delayed 6 second(s)

2018-12-05 12:09:08 - [MESSAGE][PASSED] - Delayed 6 second(s)

2018-12-05 12:09:08 - [TEST_STEP][PASSED] - click: Object: 'Object Repository/Final Object Repo/New Registration - Registration Module Pages/Form 2/Save and Continue Form 2' is clicked on

2018-12-05 12:09:08 - [MESSAGE][PASSED] - Object: 'Object Repository/Final Object Repo/New Registration - Registration Module Pages/Form 2/Save and Continue Form 2' is clicked on

2018-12-05 12:09:08 - [MESSAGE][PASSED] - Call Test Case 'Test Cases/Final Aug 2018 - PKS Automation/Registration Module/New Registration/Form 2/Add 1 Eligible' successfully

2018-12-05 12:09:08 - [TEST_STEP][PASSED] - callTestCase: Call Test Case 'Test Cases/Final Aug 2018 - PKS Automation/Registration Module/New Registration/Flow of New Registration/Third Screen - Upload Supporting Doc - Preview' successfully

2018-12-05 12:09:08 - [TEST_CASE][PASSED] - Test Cases/Final Aug 2018 - PKS Automation/Registration Module/New Registration/Flow of New Registration/Third Screen - Upload Supporting Doc - Preview: Test Cases/Final Aug 2018 - PKS Automation/Registration Module/New Registration/Flow of New Registration/Third Screen - Upload Supporting Doc - Preview

2018-12-05 12:09:08 - [TEST_STEP][PASSED] - waitForPageLoad: Wait for page load successfully

2018-12-05 12:09:09 - [MESSAGE][PASSED] - Wait for page load successfully

2018-12-05 12:09:09 - [TEST_STEP][PASSED] - Statement - CaseReferenceNo = com.kms.katalon.core.webui.keyword.WebUiBuiltInKeywords.getText(com.kms.katalon.core.testobject.ObjectRepository.findTestObject(Final Object Repo/New Registration - Registration Module Pages/Third Screen - Upload Supporting Doc- Preview/RefNo Acquiring)): Text of object 'Object Repository/Final Object Repo/New Registration - Registration Module Pages/Third Screen - Upload Supporting Doc- Preview/RefNo Acquiring' is: 'CRN12201800123004'

2018-12-05 12:09:09 - [MESSAGE][PASSED] - Text of object 'Object Repository/Final Object Repo/New Registration - Registration Module Pages/Third Screen - Upload Supporting Doc- Preview/RefNo Acquiring' is: 'CRN12201800123004'

2018-12-05 12:09:09 - [TEST_STEP][PASSED] - delay: Delayed 2 second(s)

2018-12-05 12:09:11 - [MESSAGE][PASSED] - Delayed 2 second(s)

2018-12-05 12:09:11 - [TEST_STEP][PASSED] - callTestCase: Call Test Case 'Test Cases/Final Aug 2018 - PKS Automation/Common/Reference Number Setter' successfully

2018-12-05 12:09:11 - [TEST_CASE][PASSED] - Test Cases/Final Aug 2018 - PKS Automation/Common/Reference Number Setter: Test Cases/Final Aug 2018 - PKS Automation/Common/Reference Number Setter

2018-12-05 12:09:11 - [TEST_STEP][PASSED] - Statement - RefNoOldFile = new java.io.File(C://Users//Admin//Desktop//PKS//Automation Reference Point//KatalonReference.txt): null

2018-12-05 12:09:11 - [TEST_STEP][PASSED] - Statement - RefNoOldFile.delete(): null

2018-12-05 12:09:11 - [TEST_STEP][PASSED] - delay: Delayed 5 second(s)

2018-12-05 12:09:16 - [MESSAGE][PASSED] - Delayed 5 second(s)

2018-12-05 12:09:16 - [TEST_STEP][PASSED] - Statement - RefNo = new java.io.File(C://Users//Admin//Desktop//PKS//Automation Reference Point//KatalonReference.txt): null

2018-12-05 12:09:16 - [TEST_STEP][PASSED] - Statement - f2 = new java.io.FileWriter(RefNo, false): null

2018-12-05 12:09:16 - [TEST_STEP][PASSED] - Statement - f2.write(CaseReferenceNo): null

2018-12-05 12:09:16 - [TEST_STEP][PASSED] - Statement - f2.close(): null

2018-12-05 12:09:16 - [TEST_STEP][PASSED] - Statement - out.println("


" + CaseReferenceNo + "


"): null

2018-12-05 12:09:16 - [MESSAGE][PASSED] - Call Test Case 'Test Cases/Final Aug 2018 - PKS Automation/Common/Reference Number Setter' successfully

2018-12-05 12:09:16 - [TEST_STEP][PASSED] - waitForElementClickable: Object 'Object Repository/Final Object Repo/New Registration - Registration Module Pages/Third Screen - Upload Supporting Doc- Preview/Save n Continue in SIP Employee Listing Page' is clickable

2018-12-05 12:09:17 - [MESSAGE][PASSED] - Object 'Object Repository/Final Object Repo/New Registration - Registration Module Pages/Third Screen - Upload Supporting Doc- Preview/Save n Continue in SIP Employee Listing Page' is clickable

2018-12-05 12:09:17 - [TEST_STEP][PASSED] - click: Object: 'Object Repository/Final Object Repo/New Registration - Registration Module Pages/Third Screen - Upload Supporting Doc- Preview/Save n Continue in SIP Employee Listing Page' is clicked on

2018-12-05 12:09:22 - [MESSAGE][PASSED] - Object: 'Object Repository/Final Object Repo/New Registration - Registration Module Pages/Third Screen - Upload Supporting Doc- Preview/Save n Continue in SIP Employee Listing Page' is clicked on

2018-12-05 12:09:22 - [TEST_STEP][PASSED] - delay: Delayed 7 second(s)

2018-12-05 12:09:29 - [MESSAGE][PASSED] - Delayed 7 second(s)

2018-12-05 12:09:29 - [TEST_STEP][PASSED] - click: Object: 'Object Repository/Final Object Repo/New Registration - Registration Module Pages/Third Screen - Upload Supporting Doc- Preview/Add Document Button' is clicked on

2018-12-05 12:09:29 - [MESSAGE][PASSED] - Object: 'Object Repository/Final Object Repo/New Registration - Registration Module Pages/Third Screen - Upload Supporting Doc- Preview/Add Document Button' is clicked on

2018-12-05 12:09:29 - [TEST_STEP][PASSED] - delay: Delayed 30 second(s)

2018-12-05 12:09:59 - [MESSAGE][PASSED] - Delayed 30 second(s)

2018-12-05 12:09:59 - [TEST_STEP][PASSED] - click: Object: 'Object Repository/Final Object Repo/New Registration - Registration Module Pages/Third Screen - Upload Supporting Doc- Preview/Supporting Doc Please Select Drop Down' is clicked on

2018-12-05 12:10:00 - [MESSAGE][PASSED] - Object: 'Object Repository/Final Object Repo/New Registration - Registration Module Pages/Third Screen - Upload Supporting Doc- Preview/Supporting Doc Please Select Drop Down' is clicked on

2018-12-05 12:10:00 - [TEST_STEP][PASSED] - delay: Delayed 2 second(s)

2018-12-05 12:10:02 - [MESSAGE][PASSED] - Delayed 2 second(s)

2018-12-05 12:10:02 - [TEST_STEP][PASSED] - click: Object: 'Object Repository/Final Object Repo/New Registration - Registration Module Pages/Third Screen - Upload Supporting Doc- Preview/Select to Upload Form 1' is clicked on

2018-12-05 12:10:02 - [MESSAGE][PASSED] - Object: 'Object Repository/Final Object Repo/New Registration - Registration Module Pages/Third Screen - Upload Supporting Doc- Preview/Select to Upload Form 1' is clicked on

2018-12-05 12:10:02 - [TEST_STEP][PASSED] - delay: Delayed 2 second(s)

2018-12-05 12:10:04 - [MESSAGE][PASSED] - Delayed 2 second(s)

2018-12-05 12:10:04 - [TEST_STEP][PASSED] - uploadFile: File 'C:\Users\Public\Pictures\Sample Pictures\Koala.jpg' sent to object: 'Object Repository/Final Object Repo/New Registration - Registration Module Pages/Third Screen - Upload Supporting Doc- Preview/Upload File Adding'

2018-12-05 12:10:04 - [MESSAGE][PASSED] - File 'C:\Users\Public\Pictures\Sample Pictures\Koala.jpg' sent to object: 'Object Repository/Final Object Repo/New Registration - Registration Module Pages/Third Screen - Upload Supporting Doc- Preview/Upload File Adding'

2018-12-05 12:10:04 - [TEST_STEP][PASSED] - delay: Delayed 5 second(s)

2018-12-05 12:10:09 - [MESSAGE][PASSED] - Delayed 5 second(s)

2018-12-05 12:10:09 - [TEST_STEP][PASSED] - click: Object: 'Object Repository/Final Object Repo/New Registration - Registration Module Pages/Third Screen - Upload Supporting Doc- Preview/Inner Form Add Document Button' is clicked on

2018-12-05 12:10:09 - [MESSAGE][PASSED] - Object: 'Object Repository/Final Object Repo/New Registration - Registration Module Pages/Third Screen - Upload Supporting Doc- Preview/Inner Form Add Document Button' is clicked on

2018-12-05 12:10:09 - [TEST_STEP][PASSED] - delay: Delayed 3 second(s)

2018-12-05 12:10:12 - [MESSAGE][PASSED] - Delayed 3 second(s)

2018-12-05 12:10:12 - [TEST_STEP][PASSED] - click: Object: 'Object Repository/Final Object Repo/New Registration - Registration Module Pages/Third Screen - Upload Supporting Doc- Preview/Add Document Button' is clicked on

2018-12-05 12:10:13 - [MESSAGE][PASSED] - Object: 'Object Repository/Final Object Repo/New Registration - Registration Module Pages/Third Screen - Upload Supporting Doc- Preview/Add Document Button' is clicked on

2018-12-05 12:10:13 - [TEST_STEP][PASSED] - delay: Delayed 30 second(s)

2018-12-05 12:10:43 - [MESSAGE][PASSED] - Delayed 30 second(s)

2018-12-05 12:10:43 - [TEST_STEP][PASSED] - click: Object: 'Object Repository/Final Object Repo/New Registration - Registration Module Pages/Third Screen - Upload Supporting Doc- Preview/Supporting Doc Please Select Drop Down' is clicked on

2018-12-05 12:10:44 - [MESSAGE][PASSED] - Object: 'Object Repository/Final Object Repo/New Registration - Registration Module Pages/Third Screen - Upload Supporting Doc- Preview/Supporting Doc Please Select Drop Down' is clicked on

2018-12-05 12:10:44 - [TEST_STEP][PASSED] - delay: Delayed 2 second(s)

2018-12-05 12:10:46 - [MESSAGE][PASSED] - Delayed 2 second(s)

2018-12-05 12:10:46 - [TEST_STEP][PASSED] - click: Object: 'Object Repository/Final Object Repo/New Registration - Registration Module Pages/Third Screen - Upload Supporting Doc- Preview/Select to Upload Form 2' is clicked on

2018-12-05 12:10:46 - [MESSAGE][PASSED] - Object: 'Object Repository/Final Object Repo/New Registration - Registration Module Pages/Third Screen - Upload Supporting Doc- Preview/Select to Upload Form 2' is clicked on

2018-12-05 12:10:46 - [TEST_STEP][PASSED] - delay: Delayed 2 second(s)

2018-12-05 12:10:48 - [MESSAGE][PASSED] - Delayed 2 second(s)

2018-12-05 12:10:48 - [TEST_STEP][PASSED] - uploadFile: File 'C:\Users\Public\Pictures\Sample Pictures\Koala.jpg' sent to object: 'Object Repository/Final Object Repo/New Registration - Registration Module Pages/Third Screen - Upload Supporting Doc- Preview/Upload File Adding'

2018-12-05 12:10:48 - [MESSAGE][PASSED] - File 'C:\Users\Public\Pictures\Sample Pictures\Koala.jpg' sent to object: 'Object Repository/Final Object Repo/New Registration - Registration Module Pages/Third Screen - Upload Supporting Doc- Preview/Upload File Adding'

2018-12-05 12:10:48 - [TEST_STEP][PASSED] - click: Object: 'Object Repository/Final Object Repo/New Registration - Registration Module Pages/Third Screen - Upload Supporting Doc- Preview/Inner Form Add Document Button' is clicked on

2018-12-05 12:10:48 - [MESSAGE][PASSED] - Object: 'Object Repository/Final Object Repo/New Registration - Registration Module Pages/Third Screen - Upload Supporting Doc- Preview/Inner Form Add Document Button' is clicked on

2018-12-05 12:10:48 - [TEST_STEP][PASSED] - delay: Delayed 5 second(s)

2018-12-05 12:10:53 - [MESSAGE][PASSED] - Delayed 5 second(s)

2018-12-05 12:10:53 - [TEST_STEP][PASSED] - click: Object: 'Object Repository/Final Object Repo/New Registration - Registration Module Pages/Third Screen - Upload Supporting Doc- Preview/Add Document Button' is clicked on

2018-12-05 12:10:53 - [MESSAGE][PASSED] - Object: 'Object Repository/Final Object Repo/New Registration - Registration Module Pages/Third Screen - Upload Supporting Doc- Preview/Add Document Button' is clicked on

2018-12-05 12:10:53 - [TEST_STEP][PASSED] - delay: Delayed 30 second(s)

2018-12-05 12:11:23 - [MESSAGE][PASSED] - Delayed 30 second(s)

2018-12-05 12:11:23 - [TEST_STEP][PASSED] - click: Object: 'Object Repository/Final Object Repo/New Registration - Registration Module Pages/Third Screen - Upload Supporting Doc- Preview/Supporting Doc Please Select Drop Down' is clicked on

2018-12-05 12:11:24 - [MESSAGE][PASSED] - Object: 'Object Repository/Final Object Repo/New Registration - Registration Module Pages/Third Screen - Upload Supporting Doc- Preview/Supporting Doc Please Select Drop Down' is clicked on

2018-12-05 12:11:24 - [TEST_STEP][PASSED] - click: Object: 'Object Repository/Final Object Repo/New Registration - Registration Module Pages/Third Screen - Upload Supporting Doc- Preview/Select to Upload Borang SIP 1' is clicked on

2018-12-05 12:11:24 - [MESSAGE][PASSED] - Object: 'Object Repository/Final Object Repo/New Registration - Registration Module Pages/Third Screen - Upload Supporting Doc- Preview/Select to Upload Borang SIP 1' is clicked on

2018-12-05 12:11:24 - [TEST_STEP][PASSED] - delay: Delayed 2 second(s)

2018-12-05 12:11:26 - [MESSAGE][PASSED] - Delayed 2 second(s)

2018-12-05 12:11:26 - [TEST_STEP][PASSED] - uploadFile: File 'C:\Users\Public\Pictures\Sample Pictures\Koala.jpg' sent to object: 'Object Repository/Final Object Repo/New Registration - Registration Module Pages/Third Screen - Upload Supporting Doc- Preview/Upload File Adding'

2018-12-05 12:11:26 - [MESSAGE][PASSED] - File 'C:\Users\Public\Pictures\Sample Pictures\Koala.jpg' sent to object: 'Object Repository/Final Object Repo/New Registration - Registration Module Pages/Third Screen - Upload Supporting Doc- Preview/Upload File Adding'

2018-12-05 12:11:26 - [TEST_STEP][PASSED] - click: Object: 'Object Repository/Final Object Repo/New Registration - Registration Module Pages/Third Screen - Upload Supporting Doc- Preview/Inner Form Add Document Button' is clicked on

2018-12-05 12:11:26 - [MESSAGE][PASSED] - Object: 'Object Repository/Final Object Repo/New Registration - Registration Module Pages/Third Screen - Upload Supporting Doc- Preview/Inner Form Add Document Button' is clicked on

2018-12-05 12:11:26 - [TEST_STEP][PASSED] - delay: Delayed 5 second(s)

2018-12-05 12:11:31 - [MESSAGE][PASSED] - Delayed 5 second(s)

2018-12-05 12:11:31 - [TEST_STEP][PASSED] - click: Object: 'Object Repository/Final Object Repo/New Registration - Registration Module Pages/Third Screen - Upload Supporting Doc- Preview/Add Document Button' is clicked on

2018-12-05 12:11:31 - [MESSAGE][PASSED] - Object: 'Object Repository/Final Object Repo/New Registration - Registration Module Pages/Third Screen - Upload Supporting Doc- Preview/Add Document Button' is clicked on

2018-12-05 12:11:31 - [TEST_STEP][PASSED] - delay: Delayed 30 second(s)

2018-12-05 12:12:01 - [MESSAGE][PASSED] - Delayed 30 second(s)

2018-12-05 12:12:01 - [TEST_STEP][PASSED] - click: Object: 'Object Repository/Final Object Repo/New Registration - Registration Module Pages/Third Screen - Upload Supporting Doc- Preview/Supporting Doc Please Select Drop Down' is clicked on

2018-12-05 12:12:01 - [MESSAGE][PASSED] - Object: 'Object Repository/Final Object Repo/New Registration - Registration Module Pages/Third Screen - Upload Supporting Doc- Preview/Supporting Doc Please Select Drop Down' is clicked on

2018-12-05 12:12:01 - [TEST_STEP][PASSED] - delay: Delayed 3 second(s)

2018-12-05 12:12:04 - [MESSAGE][PASSED] - Delayed 3 second(s)

2018-12-05 12:12:04 - [TEST_STEP][PASSED] - click: Object: 'Object Repository/Final Object Repo/New Registration - Registration Module Pages/Third Screen - Upload Supporting Doc- Preview/Select to Upload Borang SIP 2' is clicked on

2018-12-05 12:12:05 - [MESSAGE][PASSED] - Object: 'Object Repository/Final Object Repo/New Registration - Registration Module Pages/Third Screen - Upload Supporting Doc- Preview/Select to Upload Borang SIP 2' is clicked on

2018-12-05 12:12:05 - [TEST_STEP][PASSED] - delay: Delayed 2 second(s)

2018-12-05 12:12:07 - [MESSAGE][PASSED] - Delayed 2 second(s)

2018-12-05 12:12:07 - [TEST_STEP][PASSED] - uploadFile: File 'C:\Users\Public\Pictures\Sample Pictures\Koala.jpg' sent to object: 'Object Repository/Final Object Repo/New Registration - Registration Module Pages/Third Screen - Upload Supporting Doc- Preview/Upload File Adding'

2018-12-05 12:12:07 - [MESSAGE][PASSED] - File 'C:\Users\Public\Pictures\Sample Pictures\Koala.jpg' sent to object: 'Object Repository/Final Object Repo/New Registration - Registration Module Pages/Third Screen - Upload Supporting Doc- Preview/Upload File Adding'

2018-12-05 12:12:07 - [TEST_STEP][PASSED] - delay: Delayed 5 second(s)

2018-12-05 12:12:12 - [MESSAGE][PASSED] - Delayed 5 second(s)

2018-12-05 12:12:12 - [TEST_STEP][PASSED] - click: Object: 'Object Repository/Final Object Repo/New Registration - Registration Module Pages/Third Screen - Upload Supporting Doc- Preview/Inner Form Add Document Button' is clicked on

2018-12-05 12:12:12 - [MESSAGE][PASSED] - Object: 'Object Repository/Final Object Repo/New Registration - Registration Module Pages/Third Screen - Upload Supporting Doc- Preview/Inner Form Add Document Button' is clicked on

2018-12-05 12:12:12 - [TEST_STEP][PASSED] - delay: Delayed 3 second(s)

2018-12-05 12:12:15 - [MESSAGE][PASSED] - Delayed 3 second(s)

2018-12-05 12:12:15 - [TEST_STEP][PASSED] - waitForElementClickable: Object 'Object Repository/Final Object Repo/New Registration - Registration Module Pages/Third Screen - Upload Supporting Doc- Preview/Save n Continue in Uploading Supporting Doc Page' is clickable

2018-12-05 12:12:16 - [MESSAGE][PASSED] - Object 'Object Repository/Final Object Repo/New Registration - Registration Module Pages/Third Screen - Upload Supporting Doc- Preview/Save n Continue in Uploading Supporting Doc Page' is clickable

2018-12-05 12:12:16 - [TEST_STEP][PASSED] - click: Object: 'Object Repository/Final Object Repo/New Registration - Registration Module Pages/Third Screen - Upload Supporting Doc- Preview/Save n Continue in Uploading Supporting Doc Page' is clicked on

2018-12-05 12:12:16 - [MESSAGE][PASSED] - Object: 'Object Repository/Final Object Repo/New Registration - Registration Module Pages/Third Screen - Upload Supporting Doc- Preview/Save n Continue in Uploading Supporting Doc Page' is clicked on

2018-12-05 12:12:16 - [MESSAGE][PASSED] - Call Test Case 'Test Cases/Final Aug 2018 - PKS Automation/Registration Module/New Registration/Flow of New Registration/Third Screen - Upload Supporting Doc - Preview' successfully

2018-12-05 12:12:16 - [TEST_STEP][PASSED] - callTestCase: Call Test Case 'Test Cases/Final Aug 2018 - PKS Automation/Registration Module/New Registration/Submit and Screenshot/Submit Registration and Screenshot' successfully

2018-12-05 12:12:16 - [TEST_CASE][PASSED] - Test Cases/Final Aug 2018 - PKS Automation/Registration Module/New Registration/Submit and Screenshot/Submit Registration and Screenshot: Test Cases/Final Aug 2018 - PKS Automation/Registration Module/New Registration/Submit and Screenshot/Submit Registration and Screenshot

2018-12-05 12:12:17 - [TEST_STEP][PASSED] - delay: Delayed 6 second(s)

2018-12-05 12:12:23 - [MESSAGE][PASSED] - Delayed 6 second(s)

2018-12-05 12:12:23 - [TEST_STEP][PASSED] - click: Object: 'Object Repository/Final Object Repo/New Registration - Registration Module Pages/Third Screen - Upload Supporting Doc- Preview/Preview Submit Button' is clicked on

2018-12-05 12:12:23 - [MESSAGE][PASSED] - Object: 'Object Repository/Final Object Repo/New Registration - Registration Module Pages/Third Screen - Upload Supporting Doc- Preview/Preview Submit Button' is clicked on

2018-12-05 12:12:23 - [TEST_STEP][PASSED] - delay: Delayed 2 second(s)

2018-12-05 12:12:25 - [MESSAGE][PASSED] - Delayed 2 second(s)

2018-12-05 12:12:25 - [TEST_STEP][PASSED] - click: Object: 'Object Repository/Final Object Repo/New Registration - Registration Module Pages/Third Screen - Upload Supporting Doc- Preview/Preview Submit - Confirm' is clicked on

2018-12-05 12:12:25 - [MESSAGE][PASSED] - Object: 'Object Repository/Final Object Repo/New Registration - Registration Module Pages/Third Screen - Upload Supporting Doc- Preview/Preview Submit - Confirm' is clicked on

2018-12-05 12:12:25 - [TEST_STEP][PASSED] - delay: Delayed 15 second(s)

2018-12-05 12:12:40 - [MESSAGE][PASSED] - Delayed 15 second(s)

2018-12-05 12:12:40 - [TEST_STEP][PASSED] - Statement - driver = com.kms.katalon.core.webui.driver.DriverFactory.getWebDriver(): null

2018-12-05 12:12:40 - [TEST_STEP][PASSED] - Statement - driver.manage().timeouts().implicitlyWait(10, SECONDS): null

2018-12-05 12:12:40 - [TEST_STEP][PASSED] - Statement - PresavePath = KatalonScreenshots: null

2018-12-05 12:12:40 - [TEST_STEP][PASSED] - Statement - pathPrefix = "C:\Users\Public\Pictures\Sample Pictures\Katalon Screenshots\Automate Ending Screen": null

2018-12-05 12:12:40 - [TEST_STEP][PASSED] - Statement - finalPath = <not implemented yet for class: org.codehaus.groovy.ast.expr.EmptyExpression>: null

2018-12-05 12:12:40 - [TEST_STEP][PASSED] - Statement - scrFile = driver.getScreenshotAs(FILE): null

2018-12-05 12:12:40 - [TEST_STEP][PASSED] - Statement - PreSaveFile = new java.io.File(PresavePath): null

2018-12-05 12:12:40 - [TEST_STEP][PASSED] - Statement - counter = 0: null

2018-12-05 12:12:40 - [TEST_STEP][PASSED] - Statement - If (PreSaveFile.exists()): null

2018-12-05 12:12:40 - [TEST_STEP][PASSED] - Statement - While (PreSaveFile.exists()): null

2018-12-05 12:12:40 - [TEST_STEP][PASSED] - Statement - counter = counter + 1: null

2018-12-05 12:12:40 - [TEST_STEP][PASSED] - Statement - PreSaveFile = new java.io.File(((pathPrefix + java.lang.Integer.toString(counter)) + .png)): null

2018-12-05 12:12:40 - [TEST_STEP][PASSED] - Statement - counter = counter + 1: null

2018-12-05 12:12:40 - [TEST_STEP][PASSED] - Statement - PreSaveFile = new java.io.File(((pathPrefix + java.lang.Integer.toString(counter)) + .png)): null

2018-12-05 12:12:40 - [TEST_STEP][PASSED] - Statement - counter = counter + 1: null

2018-12-05 12:12:40 - [TEST_STEP][PASSED] - Statement - PreSaveFile = new java.io.File(((pathPrefix + java.lang.Integer.toString(counter)) + .png)): null

2018-12-05 12:12:40 - [TEST_STEP][PASSED] - Statement - counter = counter + 1: null

2018-12-05 12:12:40 - [TEST_STEP][PASSED] - Statement - PreSaveFile = new java.io.File(((pathPrefix + java.lang.Integer.toString(counter)) + .png)): null

2018-12-05 12:12:40 - [TEST_STEP][PASSED] - Statement - counter = counter + 1: null

2018-12-05 12:12:40 - [TEST_STEP][PASSED] - Statement - PreSaveFile = new java.io.File(((pathPrefix + java.lang.Integer.toString(counter)) + .png)): null

2018-12-05 12:12:40 - [TEST_STEP][PASSED] - Statement - counter = counter + 1: null

2018-12-05 12:12:40 - [TEST_STEP][PASSED] - Statement - PreSaveFile = new java.io.File(((pathPrefix + java.lang.Integer.toString(counter)) + .png)): null

2018-12-05 12:12:40 - [TEST_STEP][PASSED] - Statement - counter = counter + 1: null

2018-12-05 12:12:40 - [TEST_STEP][PASSED] - Statement - PreSaveFile = new java.io.File(((pathPrefix + java.lang.Integer.toString(counter)) + .png)): null

2018-12-05 12:12:40 - [TEST_STEP][PASSED] - Statement - counter = counter + 1: null

2018-12-05 12:12:40 - [TEST_STEP][PASSED] - Statement - PreSaveFile = new java.io.File(((pathPrefix + java.lang.Integer.toString(counter)) + .png)): null

2018-12-05 12:12:40 - [TEST_STEP][PASSED] - Statement - counter = counter + 1: null

2018-12-05 12:12:40 - [TEST_STEP][PASSED] - Statement - PreSaveFile = new java.io.File(((pathPrefix + java.lang.Integer.toString(counter)) + .png)): null

2018-12-05 12:12:40 - [TEST_STEP][PASSED] - Statement - counter = counter + 1: null

2018-12-05 12:12:40 - [TEST_STEP][PASSED] - Statement - PreSaveFile = new java.io.File(((pathPrefix + java.lang.Integer.toString(counter)) + .png)): null

2018-12-05 12:12:40 - [TEST_STEP][PASSED] - Statement - counter = counter + 1: null

2018-12-05 12:12:40 - [TEST_STEP][PASSED] - Statement - PreSaveFile = new java.io.File(((pathPrefix + java.lang.Integer.toString(counter)) + .png)): null

2018-12-05 12:12:41 - [TEST_STEP][PASSED] - Statement - counter = counter + 1: null

2018-12-05 12:12:41 - [TEST_STEP][PASSED] - Statement - PreSaveFile = new java.io.File(((pathPrefix + java.lang.Integer.toString(counter)) + .png)): null

2018-12-05 12:12:41 - [TEST_STEP][PASSED] - Statement - counter = counter + 1: null

2018-12-05 12:12:41 - [TEST_STEP][PASSED] - Statement - PreSaveFile = new java.io.File(((pathPrefix + java.lang.Integer.toString(counter)) + .png)): null

2018-12-05 12:12:41 - [TEST_STEP][PASSED] - Statement - counter = counter + 1: null

2018-12-05 12:12:41 - [TEST_STEP][PASSED] - Statement - PreSaveFile = new java.io.File(((pathPrefix + java.lang.Integer.toString(counter)) + .png)): null

2018-12-05 12:12:41 - [TEST_STEP][PASSED] - Statement - counter = counter + 1: null

2018-12-05 12:12:41 - [TEST_STEP][PASSED] - Statement - PreSaveFile = new java.io.File(((pathPrefix + java.lang.Integer.toString(counter)) + .png)): null

2018-12-05 12:12:41 - [TEST_STEP][PASSED] - Statement - counter = counter + 1: null

2018-12-05 12:12:41 - [TEST_STEP][PASSED] - Statement - PreSaveFile = new java.io.File(((pathPrefix + java.lang.Integer.toString(counter)) + .png)): null

2018-12-05 12:12:41 - [TEST_STEP][PASSED] - Statement - counter = counter + 1: null

2018-12-05 12:12:41 - [TEST_STEP][PASSED] - Statement - PreSaveFile = new java.io.File(((pathPrefix + java.lang.Integer.toString(counter)) + .png)): null

2018-12-05 12:12:41 - [TEST_STEP][PASSED] - Statement - counter = counter + 1: null

2018-12-05 12:12:41 - [TEST_STEP][PASSED] - Statement - PreSaveFile = new java.io.File(((pathPrefix + java.lang.Integer.toString(counter)) + .png)): null

2018-12-05 12:12:41 - [TEST_STEP][PASSED] - Statement - counter = counter + 1: null

2018-12-05 12:12:41 - [TEST_STEP][PASSED] - Statement - PreSaveFile = new java.io.File(((pathPrefix + java.lang.Integer.toString(counter)) + .png)): null

2018-12-05 12:12:41 - [TEST_STEP][PASSED] - Statement - counter = counter + 1: null

2018-12-05 12:12:41 - [TEST_STEP][PASSED] - Statement - PreSaveFile = new java.io.File(((pathPrefix + java.lang.Integer.toString(counter)) + .png)): null

2018-12-05 12:12:41 - [TEST_STEP][PASSED] - Statement - counter = counter + 1: null

2018-12-05 12:12:41 - [TEST_STEP][PASSED] - Statement - PreSaveFile = new java.io.File(((pathPrefix + java.lang.Integer.toString(counter)) + .png)): null

2018-12-05 12:12:41 - [TEST_STEP][PASSED] - Statement - counter = counter + 1: null

2018-12-05 12:12:41 - [TEST_STEP][PASSED] - Statement - PreSaveFile = new java.io.File(((pathPrefix + java.lang.Integer.toString(counter)) + .png)): null

2018-12-05 12:12:41 - [TEST_STEP][PASSED] - Statement - counter = counter + 1: null

2018-12-05 12:12:41 - [TEST_STEP][PASSED] - Statement - PreSaveFile = new java.io.File(((pathPrefix + java.lang.Integer.toString(counter)) + .png)): null

2018-12-05 12:12:41 - [TEST_STEP][PASSED] - Statement - counter = counter + 1: null

2018-12-05 12:12:41 - [TEST_STEP][PASSED] - Statement - PreSaveFile = new java.io.File(((pathPrefix + java.lang.Integer.toString(counter)) + .png)): null

2018-12-05 12:12:41 - [TEST_STEP][PASSED] - Statement - counter = counter + 1: null

2018-12-05 12:12:41 - [TEST_STEP][PASSED] - Statement - PreSaveFile = new java.io.File(((pathPrefix + java.lang.Integer.toString(counter)) + .png)): null

2018-12-05 12:12:41 - [TEST_STEP][PASSED] - Statement - counter = counter + 1: null

2018-12-05 12:12:41 - [TEST_STEP][PASSED] - Statement - PreSaveFile = new java.io.File(((pathPrefix + java.lang.Integer.toString(counter)) + .png)): null

2018-12-05 12:12:41 - [TEST_STEP][PASSED] - Statement - counter = counter + 1: null

2018-12-05 12:12:41 - [TEST_STEP][PASSED] - Statement - PreSaveFile = new java.io.File(((pathPrefix + java.lang.Integer.toString(counter)) + .png)): null

2018-12-05 12:12:41 - [TEST_STEP][PASSED] - Statement - counter = counter + 1: null

2018-12-05 12:12:41 - [TEST_STEP][PASSED] - Statement - PreSaveFile = new java.io.File(((pathPrefix + java.lang.Integer.toString(counter)) + .png)): null

2018-12-05 12:12:41 - [TEST_STEP][PASSED] - Statement - counter = counter + 1: null

2018-12-05 12:12:41 - [TEST_STEP][PASSED] - Statement - PreSaveFile = new java.io.File(((pathPrefix + java.lang.Integer.toString(counter)) + .png)): null

2018-12-05 12:12:41 - [TEST_STEP][PASSED] - Statement - counter = counter + 1: null

2018-12-05 12:12:41 - [TEST_STEP][PASSED] - Statement - PreSaveFile = new java.io.File(((pathPrefix + java.lang.Integer.toString(counter)) + .png)): null

2018-12-05 12:12:41 - [TEST_STEP][PASSED] - Statement - counter = counter + 1: null

2018-12-05 12:12:42 - [TEST_STEP][PASSED] - Statement - PreSaveFile = new java.io.File(((pathPrefix + java.lang.Integer.toString(counter)) + .png)): null

2018-12-05 12:12:42 - [TEST_STEP][PASSED] - Statement - counter = counter + 1: null

2018-12-05 12:12:42 - [TEST_STEP][PASSED] - Statement - PreSaveFile = new java.io.File(((pathPrefix + java.lang.Integer.toString(counter)) + .png)): null

2018-12-05 12:12:42 - [TEST_STEP][PASSED] - Statement - counter = counter + 1: null

2018-12-05 12:12:42 - [TEST_STEP][PASSED] - Statement - PreSaveFile = new java.io.File(((pathPrefix + java.lang.Integer.toString(counter)) + .png)): null

2018-12-05 12:12:42 - [TEST_STEP][PASSED] - Statement - counter = counter + 1: null

2018-12-05 12:12:42 - [TEST_STEP][PASSED] - Statement - PreSaveFile = new java.io.File(((pathPrefix + java.lang.Integer.toString(counter)) + .png)): null

2018-12-05 12:12:42 - [TEST_STEP][PASSED] - Statement - counter = counter + 1: null

2018-12-05 12:12:42 - [TEST_STEP][PASSED] - Statement - PreSaveFile = new java.io.File(((pathPrefix + java.lang.Integer.toString(counter)) + .png)): null

2018-12-05 12:12:42 - [TEST_STEP][PASSED] - Statement - counter = counter + 1: null

2018-12-05 12:12:42 - [TEST_STEP][PASSED] - Statement - PreSaveFile = new java.io.File(((pathPrefix + java.lang.Integer.toString(counter)) + .png)): null

2018-12-05 12:12:42 - [TEST_STEP][PASSED] - Statement - counter = counter + 1: null

2018-12-05 12:12:42 - [TEST_STEP][PASSED] - Statement - PreSaveFile = new java.io.File(((pathPrefix + java.lang.Integer.toString(counter)) + .png)): null

2018-12-05 12:12:42 - [TEST_STEP][PASSED] - Statement - counter = counter + 1: null

2018-12-05 12:12:42 - [TEST_STEP][PASSED] - Statement - PreSaveFile = new java.io.File(((pathPrefix + java.lang.Integer.toString(counter)) + .png)): null

2018-12-05 12:12:42 - [TEST_STEP][PASSED] - Statement - counter = counter + 1: null

2018-12-05 12:12:42 - [TEST_STEP][PASSED] - Statement - PreSaveFile = new java.io.File(((pathPrefix + java.lang.Integer.toString(counter)) + .png)): null

2018-12-05 12:12:42 - [TEST_STEP][PASSED] - Statement - counter = counter + 1: null

2018-12-05 12:12:42 - [TEST_STEP][PASSED] - Statement - PreSaveFile = new java.io.File(((pathPrefix + java.lang.Integer.toString(counter)) + .png)): null

2018-12-05 12:12:42 - [TEST_STEP][PASSED] - Statement - counter = counter + 1: null

2018-12-05 12:12:42 - [TEST_STEP][PASSED] - Statement - PreSaveFile = new java.io.File(((pathPrefix + java.lang.Integer.toString(counter)) + .png)): null

2018-12-05 12:12:42 - [TEST_STEP][PASSED] - Statement - counter = counter + 1: null

2018-12-05 12:12:42 - [TEST_STEP][PASSED] - Statement - PreSaveFile = new java.io.File(((pathPrefix + java.lang.Integer.toString(counter)) + .png)): null

2018-12-05 12:12:42 - [TEST_STEP][PASSED] - Statement - counter = counter + 1: null

2018-12-05 12:12:42 - [TEST_STEP][PASSED] - Statement - PreSaveFile = new java.io.File(((pathPrefix + java.lang.Integer.toString(counter)) + .png)): null

2018-12-05 12:12:42 - [TEST_STEP][PASSED] - Statement - counter = counter + 1: null

2018-12-05 12:12:42 - [TEST_STEP][PASSED] - Statement - PreSaveFile = new java.io.File(((pathPrefix + java.lang.Integer.toString(counter)) + .png)): null

2018-12-05 12:12:42 - [TEST_STEP][PASSED] - Statement - counter = counter + 1: null

2018-12-05 12:12:42 - [TEST_STEP][PASSED] - Statement - PreSaveFile = new java.io.File(((pathPrefix + java.lang.Integer.toString(counter)) + .png)): null

2018-12-05 12:12:42 - [TEST_STEP][PASSED] - Statement - counter = counter + 1: null

2018-12-05 12:12:42 - [TEST_STEP][PASSED] - Statement - PreSaveFile = new java.io.File(((pathPrefix + java.lang.Integer.toString(counter)) + .png)): null

2018-12-05 12:12:42 - [TEST_STEP][PASSED] - Statement - counter = counter + 1: null

2018-12-05 12:12:42 - [TEST_STEP][PASSED] - Statement - PreSaveFile = new java.io.File(((pathPrefix + java.lang.Integer.toString(counter)) + .png)): null

2018-12-05 12:12:42 - [TEST_STEP][PASSED] - Statement - counter = counter + 1: null

2018-12-05 12:12:42 - [TEST_STEP][PASSED] - Statement - PreSaveFile = new java.io.File(((pathPrefix + java.lang.Integer.toString(counter)) + .png)): null

2018-12-05 12:12:42 - [TEST_STEP][PASSED] - Statement - counter = counter + 1: null

2018-12-05 12:12:42 - [TEST_STEP][PASSED] - Statement - PreSaveFile = new java.io.File(((pathPrefix + java.lang.Integer.toString(counter)) + .png)): null

2018-12-05 12:12:42 - [TEST_STEP][PASSED] - Statement - counter = counter + 1: null

2018-12-05 12:12:43 - [TEST_STEP][PASSED] - Statement - PreSaveFile = new java.io.File(((pathPrefix + java.lang.Integer.toString(counter)) + .png)): null

2018-12-05 12:12:43 - [TEST_STEP][PASSED] - Statement - counter = counter + 1: null

2018-12-05 12:12:43 - [TEST_STEP][PASSED] - Statement - PreSaveFile = new java.io.File(((pathPrefix + java.lang.Integer.toString(counter)) + .png)): null

2018-12-05 12:12:43 - [TEST_STEP][PASSED] - Statement - counter = counter + 1: null

2018-12-05 12:12:43 - [TEST_STEP][PASSED] - Statement - PreSaveFile = new java.io.File(((pathPrefix + java.lang.Integer.toString(counter)) + .png)): null

2018-12-05 12:12:43 - [TEST_STEP][PASSED] - Statement - counter = counter + 1: null

2018-12-05 12:12:43 - [TEST_STEP][PASSED] - Statement - PreSaveFile = new java.io.File(((pathPrefix + java.lang.Integer.toString(counter)) + .png)): null

2018-12-05 12:12:43 - [TEST_STEP][PASSED] - Statement - counter = counter + 1: null

2018-12-05 12:12:43 - [TEST_STEP][PASSED] - Statement - PreSaveFile = new java.io.File(((pathPrefix + java.lang.Integer.toString(counter)) + .png)): null

2018-12-05 12:12:43 - [TEST_STEP][PASSED] - Statement - counter = counter + 1: null

2018-12-05 12:12:43 - [TEST_STEP][PASSED] - Statement - PreSaveFile = new java.io.File(((pathPrefix + java.lang.Integer.toString(counter)) + .png)): null

2018-12-05 12:12:43 - [TEST_STEP][PASSED] - Statement - counter = counter + 1: null

2018-12-05 12:12:43 - [TEST_STEP][PASSED] - Statement - PreSaveFile = new java.io.File(((pathPrefix + java.lang.Integer.toString(counter)) + .png)): null

2018-12-05 12:12:43 - [TEST_STEP][PASSED] - Statement - counter = counter + 1: null

2018-12-05 12:12:43 - [TEST_STEP][PASSED] - Statement - PreSaveFile = new java.io.File(((pathPrefix + java.lang.Integer.toString(counter)) + .png)): null

2018-12-05 12:12:43 - [TEST_STEP][PASSED] - Statement - counter = counter + 1: null

2018-12-05 12:12:43 - [TEST_STEP][PASSED] - Statement - PreSaveFile = new java.io.File(((pathPrefix + java.lang.Integer.toString(counter)) + .png)): null

2018-12-05 12:12:43 - [TEST_STEP][PASSED] - Statement - counter = counter + 1: null

2018-12-05 12:12:43 - [TEST_STEP][PASSED] - Statement - PreSaveFile = new java.io.File(((pathPrefix + java.lang.Integer.toString(counter)) + .png)): null

2018-12-05 12:12:43 - [TEST_STEP][PASSED] - Statement - counter = counter + 1: null

2018-12-05 12:12:43 - [TEST_STEP][PASSED] - Statement - PreSaveFile = new java.io.File(((pathPrefix + java.lang.Integer.toString(counter)) + .png)): null

2018-12-05 12:12:43 - [TEST_STEP][PASSED] - Statement - counter = counter + 1: null

2018-12-05 12:12:43 - [TEST_STEP][PASSED] - Statement - PreSaveFile = new java.io.File(((pathPrefix + java.lang.Integer.toString(counter)) + .png)): null

2018-12-05 12:12:43 - [TEST_STEP][PASSED] - Statement - counter = counter + 1: null

2018-12-05 12:12:43 - [TEST_STEP][PASSED] - Statement - PreSaveFile = new java.io.File(((pathPrefix + java.lang.Integer.toString(counter)) + .png)): null

2018-12-05 12:12:43 - [TEST_STEP][PASSED] - Statement - counter = counter + 1: null

2018-12-05 12:12:43 - [TEST_STEP][PASSED] - Statement - PreSaveFile = new java.io.File(((pathPrefix + java.lang.Integer.toString(counter)) + .png)): null

2018-12-05 12:12:43 - [TEST_STEP][PASSED] - Statement - counter = counter + 1: null

2018-12-05 12:12:43 - [TEST_STEP][PASSED] - Statement - PreSaveFile = new java.io.File(((pathPrefix + java.lang.Integer.toString(counter)) + .png)): null

2018-12-05 12:12:44 - [TEST_STEP][PASSED] - Statement - counter = counter + 1: null

2018-12-05 12:12:44 - [TEST_STEP][PASSED] - Statement - PreSaveFile = new java.io.File(((pathPrefix + java.lang.Integer.toString(counter)) + .png)): null

2018-12-05 12:12:44 - [TEST_STEP][PASSED] - Statement - counter = counter + 1: null

2018-12-05 12:12:44 - [TEST_STEP][PASSED] - Statement - PreSaveFile = new java.io.File(((pathPrefix + java.lang.Integer.toString(counter)) + .png)): null

2018-12-05 12:12:44 - [TEST_STEP][PASSED] - Statement - counter = counter + 1: null

2018-12-05 12:12:44 - [TEST_STEP][PASSED] - Statement - PreSaveFile = new java.io.File(((pathPrefix + java.lang.Integer.toString(counter)) + .png)): null

2018-12-05 12:12:44 - [TEST_STEP][PASSED] - Statement - counter = counter + 1: null

2018-12-05 12:12:44 - [TEST_STEP][PASSED] - Statement - PreSaveFile = new java.io.File(((pathPrefix + java.lang.Integer.toString(counter)) + .png)): null

2018-12-05 12:12:44 - [TEST_STEP][PASSED] - Statement - counter = counter + 1: null

2018-12-05 12:12:44 - [TEST_STEP][PASSED] - Statement - PreSaveFile = new java.io.File(((pathPrefix + java.lang.Integer.toString(counter)) + .png)): null

2018-12-05 12:12:44 - [TEST_STEP][PASSED] - Statement - counter = counter + 1: null

2018-12-05 12:12:44 - [TEST_STEP][PASSED] - Statement - PreSaveFile = new java.io.File(((pathPrefix + java.lang.Integer.toString(counter)) + .png)): null

2018-12-05 12:12:44 - [TEST_STEP][PASSED] - Statement - counter = counter + 1: null

2018-12-05 12:12:44 - [TEST_STEP][PASSED] - Statement - PreSaveFile = new java.io.File(((pathPrefix + java.lang.Integer.toString(counter)) + .png)): null

2018-12-05 12:12:44 - [TEST_STEP][PASSED] - Statement - counter = counter + 1: null

2018-12-05 12:12:44 - [TEST_STEP][PASSED] - Statement - PreSaveFile = new java.io.File(((pathPrefix + java.lang.Integer.toString(counter)) + .png)): null

2018-12-05 12:12:44 - [TEST_STEP][PASSED] - Statement - counter = counter + 1: null

2018-12-05 12:12:44 - [TEST_STEP][PASSED] - Statement - PreSaveFile = new java.io.File(((pathPrefix + java.lang.Integer.toString(counter)) + .png)): null

2018-12-05 12:12:44 - [TEST_STEP][PASSED] - Statement - counter = counter + 1: null

2018-12-05 12:12:44 - [TEST_STEP][PASSED] - Statement - PreSaveFile = new java.io.File(((pathPrefix + java.lang.Integer.toString(counter)) + .png)): null

2018-12-05 12:12:44 - [TEST_STEP][PASSED] - Statement - counter = counter + 1: null

2018-12-05 12:12:44 - [TEST_STEP][PASSED] - Statement - PreSaveFile = new java.io.File(((pathPrefix + java.lang.Integer.toString(counter)) + .png)): null

2018-12-05 12:12:44 - [TEST_STEP][PASSED] - Statement - counter = counter + 1: null

2018-12-05 12:12:44 - [TEST_STEP][PASSED] - Statement - PreSaveFile = new java.io.File(((pathPrefix + java.lang.Integer.toString(counter)) + .png)): null

2018-12-05 12:12:44 - [TEST_STEP][PASSED] - Statement - counter = counter + 1: null

2018-12-05 12:12:44 - [TEST_STEP][PASSED] - Statement - PreSaveFile = new java.io.File(((pathPrefix + java.lang.Integer.toString(counter)) + .png)): null

2018-12-05 12:12:44 - [TEST_STEP][PASSED] - Statement - counter = counter + 1: null

2018-12-05 12:12:44 - [TEST_STEP][PASSED] - Statement - PreSaveFile = new java.io.File(((pathPrefix + java.lang.Integer.toString(counter)) + .png)): null

2018-12-05 12:12:44 - [TEST_STEP][PASSED] - Statement - counter = counter + 1: null

2018-12-05 12:12:45 - [TEST_STEP][PASSED] - Statement - PreSaveFile = new java.io.File(((pathPrefix + java.lang.Integer.toString(counter)) + .png)): null

2018-12-05 12:12:45 - [TEST_STEP][PASSED] - Statement - counter = counter + 1: null

2018-12-05 12:12:45 - [TEST_STEP][PASSED] - Statement - PreSaveFile = new java.io.File(((pathPrefix + java.lang.Integer.toString(counter)) + .png)): null

2018-12-05 12:12:45 - [TEST_STEP][PASSED] - Statement - counter = counter + 1: null

2018-12-05 12:12:45 - [TEST_STEP][PASSED] - Statement - PreSaveFile = new java.io.File(((pathPrefix + java.lang.Integer.toString(counter)) + .png)): null

2018-12-05 12:12:45 - [TEST_STEP][PASSED] - Statement - counter = counter + 1: null

2018-12-05 12:12:45 - [TEST_STEP][PASSED] - Statement - PreSaveFile = new java.io.File(((pathPrefix + java.lang.Integer.toString(counter)) + .png)): null

2018-12-05 12:12:45 - [TEST_STEP][PASSED] - Statement - counter = counter + 1: null

2018-12-05 12:12:45 - [TEST_STEP][PASSED] - Statement - PreSaveFile = new java.io.File(((pathPrefix + java.lang.Integer.toString(counter)) + .png)): null

2018-12-05 12:12:45 - [TEST_STEP][PASSED] - Statement - counter = counter + 1: null

2018-12-05 12:12:45 - [TEST_STEP][PASSED] - Statement - PreSaveFile = new java.io.File(((pathPrefix + java.lang.Integer.toString(counter)) + .png)): null

2018-12-05 12:12:45 - [TEST_STEP][PASSED] - Statement - counter = counter + 1: null

2018-12-05 12:12:45 - [TEST_STEP][PASSED] - Statement - PreSaveFile = new java.io.File(((pathPrefix + java.lang.Integer.toString(counter)) + .png)): null

2018-12-05 12:12:45 - [TEST_STEP][PASSED] - Statement - counter = counter + 1: null

2018-12-05 12:12:45 - [TEST_STEP][PASSED] - Statement - PreSaveFile = new java.io.File(((pathPrefix + java.lang.Integer.toString(counter)) + .png)): null

2018-12-05 12:12:45 - [TEST_STEP][PASSED] - Statement - counter = counter + 1: null

2018-12-05 12:12:45 - [TEST_STEP][PASSED] - Statement - PreSaveFile = new java.io.File(((pathPrefix + java.lang.Integer.toString(counter)) + .png)): null

2018-12-05 12:12:45 - [TEST_STEP][PASSED] - Statement - counter = counter + 1: null

2018-12-05 12:12:45 - [TEST_STEP][PASSED] - Statement - PreSaveFile = new java.io.File(((pathPrefix + java.lang.Integer.toString(counter)) + .png)): null

2018-12-05 12:12:45 - [TEST_STEP][PASSED] - Statement - counter = counter + 1: null

2018-12-05 12:12:45 - [TEST_STEP][PASSED] - Statement - PreSaveFile = new java.io.File(((pathPrefix + java.lang.Integer.toString(counter)) + .png)): null

2018-12-05 12:12:45 - [TEST_STEP][PASSED] - Statement - counter = counter + 1: null

2018-12-05 12:12:45 - [TEST_STEP][PASSED] - Statement - PreSaveFile = new java.io.File(((pathPrefix + java.lang.Integer.toString(counter)) + .png)): null

2018-12-05 12:12:45 - [TEST_STEP][PASSED] - Statement - counter = counter + 1: null

2018-12-05 12:12:45 - [TEST_STEP][PASSED] - Statement - PreSaveFile = new java.io.File(((pathPrefix + java.lang.Integer.toString(counter)) + .png)): null

2018-12-05 12:12:45 - [TEST_STEP][PASSED] - Statement - counter = counter + 1: null

2018-12-05 12:12:45 - [TEST_STEP][PASSED] - Statement - PreSaveFile = new java.io.File(((pathPrefix + java.lang.Integer.toString(counter)) + .png)): null

2018-12-05 12:12:45 - [TEST_STEP][PASSED] - Statement - counter = counter + 1: null

2018-12-05 12:12:46 - [TEST_STEP][PASSED] - Statement - PreSaveFile = new java.io.File(((pathPrefix + java.lang.Integer.toString(counter)) + .png)): null

2018-12-05 12:12:46 - [TEST_STEP][PASSED] - Statement - counter = counter + 1: null

2018-12-05 12:12:46 - [TEST_STEP][PASSED] - Statement - PreSaveFile = new java.io.File(((pathPrefix + java.lang.Integer.toString(counter)) + .png)): null

2018-12-05 12:12:46 - [TEST_STEP][PASSED] - Statement - counter = counter + 1: null

2018-12-05 12:12:46 - [TEST_STEP][PASSED] - Statement - PreSaveFile = new java.io.File(((pathPrefix + java.lang.Integer.toString(counter)) + .png)): null

2018-12-05 12:12:46 - [TEST_STEP][PASSED] - Statement - counter = counter + 1: null

2018-12-05 12:12:46 - [TEST_STEP][PASSED] - Statement - PreSaveFile = new java.io.File(((pathPrefix + java.lang.Integer.toString(counter)) + .png)): null

2018-12-05 12:12:46 - [TEST_STEP][PASSED] - Statement - counter = counter + 1: null

2018-12-05 12:12:46 - [TEST_STEP][PASSED] - Statement - PreSaveFile = new java.io.File(((pathPrefix + java.lang.Integer.toString(counter)) + .png)): null

2018-12-05 12:12:46 - [TEST_STEP][PASSED] - Statement - counter = counter + 1: null

2018-12-05 12:12:46 - [TEST_STEP][PASSED] - Statement - PreSaveFile = new java.io.File(((pathPrefix + java.lang.Integer.toString(counter)) + .png)): null

2018-12-05 12:12:46 - [TEST_STEP][PASSED] - Statement - counter = counter + 1: null

2018-12-05 12:12:46 - [TEST_STEP][PASSED] - Statement - PreSaveFile = new java.io.File(((pathPrefix + java.lang.Integer.toString(counter)) + .png)): null

2018-12-05 12:12:46 - [TEST_STEP][PASSED] - Statement - counter = counter + 1: null

2018-12-05 12:12:46 - [TEST_STEP][PASSED] - Statement - PreSaveFile = new java.io.File(((pathPrefix + java.lang.Integer.toString(counter)) + .png)): null

2018-12-05 12:12:46 - [TEST_STEP][PASSED] - Statement - counter = counter + 1: null

2018-12-05 12:12:46 - [TEST_STEP][PASSED] - Statement - PreSaveFile = new java.io.File(((pathPrefix + java.lang.Integer.toString(counter)) + .png)): null

2018-12-05 12:12:46 - [TEST_STEP][PASSED] - Statement - counter = counter + 1: null

2018-12-05 12:12:46 - [TEST_STEP][PASSED] - Statement - PreSaveFile = new java.io.File(((pathPrefix + java.lang.Integer.toString(counter)) + .png)): null

2018-12-05 12:12:46 - [TEST_STEP][PASSED] - Statement - counter = counter + 1: null

2018-12-05 12:12:46 - [TEST_STEP][PASSED] - Statement - PreSaveFile = new java.io.File(((pathPrefix + java.lang.Integer.toString(counter)) + .png)): null

2018-12-05 12:12:46 - [TEST_STEP][PASSED] - Statement - counter = counter + 1: null

2018-12-05 12:12:46 - [TEST_STEP][PASSED] - Statement - PreSaveFile = new java.io.File(((pathPrefix + java.lang.Integer.toString(counter)) + .png)): null

2018-12-05 12:12:46 - [TEST_STEP][PASSED] - Statement - counter = counter + 1: null

2018-12-05 12:12:46 - [TEST_STEP][PASSED] - Statement - PreSaveFile = new java.io.File(((pathPrefix + java.lang.Integer.toString(counter)) + .png)): null

2018-12-05 12:12:46 - [TEST_STEP][PASSED] - Statement - counter = counter + 1: null

2018-12-05 12:12:46 - [TEST_STEP][PASSED] - Statement - PreSaveFile = new java.io.File(((pathPrefix + java.lang.Integer.toString(counter)) + .png)): null

2018-12-05 12:12:46 - [TEST_STEP][PASSED] - Statement - counter = counter + 1: null

2018-12-05 12:12:46 - [TEST_STEP][PASSED] - Statement - PreSaveFile = new java.io.File(((pathPrefix + java.lang.Integer.toString(counter)) + .png)): null

2018-12-05 12:12:47 - [TEST_STEP][PASSED] - Statement - counter = counter + 1: null

2018-12-05 12:12:47 - [TEST_STEP][PASSED] - Statement - PreSaveFile = new java.io.File(((pathPrefix + java.lang.Integer.toString(counter)) + .png)): null

2018-12-05 12:12:47 - [TEST_STEP][PASSED] - Statement - counter = counter + 1: null

2018-12-05 12:12:47 - [TEST_STEP][PASSED] - Statement - PreSaveFile = new java.io.File(((pathPrefix + java.lang.Integer.toString(counter)) + .png)): null

2018-12-05 12:12:47 - [TEST_STEP][PASSED] - Statement - counter = counter + 1: null

2018-12-05 12:12:47 - [TEST_STEP][PASSED] - Statement - PreSaveFile = new java.io.File(((pathPrefix + java.lang.Integer.toString(counter)) + .png)): null

2018-12-05 12:12:47 - [TEST_STEP][PASSED] - Statement - counter = counter + 1: null

2018-12-05 12:12:47 - [TEST_STEP][PASSED] - Statement - PreSaveFile = new java.io.File(((pathPrefix + java.lang.Integer.toString(counter)) + .png)): null

2018-12-05 12:12:47 - [TEST_STEP][PASSED] - Statement - counter = counter + 1: null

2018-12-05 12:12:47 - [TEST_STEP][PASSED] - Statement - PreSaveFile = new java.io.File(((pathPrefix + java.lang.Integer.toString(counter)) + .png)): null

2018-12-05 12:12:47 - [TEST_STEP][PASSED] - Statement - counter = counter + 1: null

2018-12-05 12:12:47 - [TEST_STEP][PASSED] - Statement - PreSaveFile = new java.io.File(((pathPrefix + java.lang.Integer.toString(counter)) + .png)): null

2018-12-05 12:12:47 - [TEST_STEP][PASSED] - Statement - counter = counter + 1: null

2018-12-05 12:12:47 - [TEST_STEP][PASSED] - Statement - PreSaveFile = new java.io.File(((pathPrefix + java.lang.Integer.toString(counter)) + .png)): null

2018-12-05 12:12:47 - [TEST_STEP][PASSED] - Statement - counter = counter + 1: null

2018-12-05 12:12:47 - [TEST_STEP][PASSED] - Statement - PreSaveFile = new java.io.File(((pathPrefix + java.lang.Integer.toString(counter)) + .png)): null

2018-12-05 12:12:47 - [TEST_STEP][PASSED] - Statement - counter = counter + 1: null

2018-12-05 12:12:47 - [TEST_STEP][PASSED] - Statement - PreSaveFile = new java.io.File(((pathPrefix + java.lang.Integer.toString(counter)) + .png)): null

2018-12-05 12:12:47 - [TEST_STEP][PASSED] - Statement - counter = counter + 1: null

2018-12-05 12:12:47 - [TEST_STEP][PASSED] - Statement - PreSaveFile = new java.io.File(((pathPrefix + java.lang.Integer.toString(counter)) + .png)): null

2018-12-05 12:12:47 - [TEST_STEP][PASSED] - Statement - counter = counter + 1: null

2018-12-05 12:12:47 - [TEST_STEP][PASSED] - Statement - PreSaveFile = new java.io.File(((pathPrefix + java.lang.Integer.toString(counter)) + .png)): null

2018-12-05 12:12:47 - [TEST_STEP][PASSED] - Statement - counter = counter + 1: null

2018-12-05 12:12:47 - [TEST_STEP][PASSED] - Statement - PreSaveFile = new java.io.File(((pathPrefix + java.lang.Integer.toString(counter)) + .png)): null

2018-12-05 12:12:47 - [TEST_STEP][PASSED] - Statement - counter = counter + 1: null

2018-12-05 12:12:47 - [TEST_STEP][PASSED] - Statement - PreSaveFile = new java.io.File(((pathPrefix + java.lang.Integer.toString(counter)) + .png)): null

2018-12-05 12:12:47 - [TEST_STEP][PASSED] - Statement - counter = counter + 1: null

2018-12-05 12:12:47 - [TEST_STEP][PASSED] - Statement - PreSaveFile = new java.io.File(((pathPrefix + java.lang.Integer.toString(counter)) + .png)): null

2018-12-05 12:12:47 - [TEST_STEP][PASSED] - Statement - counter = counter + 1: null

2018-12-05 12:12:48 - [TEST_STEP][PASSED] - Statement - PreSaveFile = new java.io.File(((pathPrefix + java.lang.Integer.toString(counter)) + .png)): null

2018-12-05 12:12:48 - [TEST_STEP][PASSED] - Statement - counter = counter + 1: null

2018-12-05 12:12:48 - [TEST_STEP][PASSED] - Statement - PreSaveFile = new java.io.File(((pathPrefix + java.lang.Integer.toString(counter)) + .png)): null

2018-12-05 12:12:48 - [TEST_STEP][PASSED] - Statement - counter = counter + 1: null

2018-12-05 12:12:48 - [TEST_STEP][PASSED] - Statement - PreSaveFile = new java.io.File(((pathPrefix + java.lang.Integer.toString(counter)) + .png)): null

2018-12-05 12:12:48 - [TEST_STEP][PASSED] - Statement - counter = counter + 1: null

2018-12-05 12:12:48 - [TEST_STEP][PASSED] - Statement - PreSaveFile = new java.io.File(((pathPrefix + java.lang.Integer.toString(counter)) + .png)): null

2018-12-05 12:12:48 - [TEST_STEP][PASSED] - Statement - counter = counter + 1: null

2018-12-05 12:12:48 - [TEST_STEP][PASSED] - Statement - PreSaveFile = new java.io.File(((pathPrefix + java.lang.Integer.toString(counter)) + .png)): null

2018-12-05 12:12:48 - [TEST_STEP][PASSED] - Statement - counter = counter + 1: null

2018-12-05 12:12:48 - [TEST_STEP][PASSED] - Statement - PreSaveFile = new java.io.File(((pathPrefix + java.lang.Integer.toString(counter)) + .png)): null

2018-12-05 12:12:48 - [TEST_STEP][PASSED] - Statement - counter = counter + 1: null

2018-12-05 12:12:48 - [TEST_STEP][PASSED] - Statement - PreSaveFile = new java.io.File(((pathPrefix + java.lang.Integer.toString(counter)) + .png)): null

2018-12-05 12:12:48 - [TEST_STEP][PASSED] - Statement - counter = counter + 1: null

2018-12-05 12:12:48 - [TEST_STEP][PASSED] - Statement - PreSaveFile = new java.io.File(((pathPrefix + java.lang.Integer.toString(counter)) + .png)): null

2018-12-05 12:12:48 - [TEST_STEP][PASSED] - Statement - counter = counter + 1: null

2018-12-05 12:12:48 - [TEST_STEP][PASSED] - Statement - PreSaveFile = new java.io.File(((pathPrefix + java.lang.Integer.toString(counter)) + .png)): null

2018-12-05 12:12:48 - [TEST_STEP][PASSED] - Statement - counter = counter + 1: null

2018-12-05 12:12:48 - [TEST_STEP][PASSED] - Statement - PreSaveFile = new java.io.File(((pathPrefix + java.lang.Integer.toString(counter)) + .png)): null

2018-12-05 12:12:48 - [TEST_STEP][PASSED] - Statement - counter = counter + 1: null

2018-12-05 12:12:48 - [TEST_STEP][PASSED] - Statement - PreSaveFile = new java.io.File(((pathPrefix + java.lang.Integer.toString(counter)) + .png)): null

2018-12-05 12:12:48 - [TEST_STEP][PASSED] - Statement - counter = counter + 1: null

2018-12-05 12:12:48 - [TEST_STEP][PASSED] - Statement - PreSaveFile = new java.io.File(((pathPrefix + java.lang.Integer.toString(counter)) + .png)): null

2018-12-05 12:12:48 - [TEST_STEP][PASSED] - Statement - counter = counter + 1: null

2018-12-05 12:12:48 - [TEST_STEP][PASSED] - Statement - PreSaveFile = new java.io.File(((pathPrefix + java.lang.Integer.toString(counter)) + .png)): null

2018-12-05 12:12:48 - [TEST_STEP][PASSED] - Statement - counter = counter + 1: null

2018-12-05 12:12:48 - [TEST_STEP][PASSED] - Statement - PreSaveFile = new java.io.File(((pathPrefix + java.lang.Integer.toString(counter)) + .png)): null

2018-12-05 12:12:48 - [TEST_STEP][PASSED] - Statement - counter = counter + 1: null

2018-12-05 12:12:48 - [TEST_STEP][PASSED] - Statement - PreSaveFile = new java.io.File(((pathPrefix + java.lang.Integer.toString(counter)) + .png)): null

2018-12-05 12:12:49 - [TEST_STEP][PASSED] - Statement - counter = counter + 1: null

2018-12-05 12:12:49 - [TEST_STEP][PASSED] - Statement - PreSaveFile = new java.io.File(((pathPrefix + java.lang.Integer.toString(counter)) + .png)): null

2018-12-05 12:12:49 - [TEST_STEP][PASSED] - Statement - counter = counter + 1: null

2018-12-05 12:12:49 - [TEST_STEP][PASSED] - Statement - PreSaveFile = new java.io.File(((pathPrefix + java.lang.Integer.toString(counter)) + .png)): null

2018-12-05 12:12:49 - [TEST_STEP][PASSED] - Statement - counter = counter + 1: null

2018-12-05 12:12:49 - [TEST_STEP][PASSED] - Statement - PreSaveFile = new java.io.File(((pathPrefix + java.lang.Integer.toString(counter)) + .png)): null

2018-12-05 12:12:49 - [TEST_STEP][PASSED] - Statement - counter = counter + 1: null

2018-12-05 12:12:49 - [TEST_STEP][PASSED] - Statement - PreSaveFile = new java.io.File(((pathPrefix + java.lang.Integer.toString(counter)) + .png)): null

2018-12-05 12:12:49 - [TEST_STEP][PASSED] - Statement - counter = counter + 1: null

2018-12-05 12:12:49 - [TEST_STEP][PASSED] - Statement - PreSaveFile = new java.io.File(((pathPrefix + java.lang.Integer.toString(counter)) + .png)): null

2018-12-05 12:12:49 - [TEST_STEP][PASSED] - Statement - counter = counter + 1: null

2018-12-05 12:12:49 - [TEST_STEP][PASSED] - Statement - PreSaveFile = new java.io.File(((pathPrefix + java.lang.Integer.toString(counter)) + .png)): null

2018-12-05 12:12:49 - [TEST_STEP][PASSED] - Statement - counter = counter + 1: null

2018-12-05 12:12:49 - [TEST_STEP][PASSED] - Statement - PreSaveFile = new java.io.File(((pathPrefix + java.lang.Integer.toString(counter)) + .png)): null

2018-12-05 12:12:49 - [TEST_STEP][PASSED] - Statement - counter = counter + 1: null

2018-12-05 12:12:49 - [TEST_STEP][PASSED] - Statement - PreSaveFile = new java.io.File(((pathPrefix + java.lang.Integer.toString(counter)) + .png)): null

2018-12-05 12:12:49 - [TEST_STEP][PASSED] - Statement - counter = counter + 1: null

2018-12-05 12:12:49 - [TEST_STEP][PASSED] - Statement - PreSaveFile = new java.io.File(((pathPrefix + java.lang.Integer.toString(counter)) + .png)): null

2018-12-05 12:12:49 - [TEST_STEP][PASSED] - Statement - counter = counter + 1: null

2018-12-05 12:12:49 - [TEST_STEP][PASSED] - Statement - PreSaveFile = new java.io.File(((pathPrefix + java.lang.Integer.toString(counter)) + .png)): null

2018-12-05 12:12:49 - [TEST_STEP][PASSED] - Statement - counter = counter + 1: null

2018-12-05 12:12:49 - [TEST_STEP][PASSED] - Statement - PreSaveFile = new java.io.File(((pathPrefix + java.lang.Integer.toString(counter)) + .png)): null

2018-12-05 12:12:49 - [TEST_STEP][PASSED] - Statement - counter = counter + 1: null

2018-12-05 12:12:49 - [TEST_STEP][PASSED] - Statement - PreSaveFile = new java.io.File(((pathPrefix + java.lang.Integer.toString(counter)) + .png)): null

2018-12-05 12:12:49 - [TEST_STEP][PASSED] - Statement - counter = counter + 1: null

2018-12-05 12:12:49 - [TEST_STEP][PASSED] - Statement - PreSaveFile = new java.io.File(((pathPrefix + java.lang.Integer.toString(counter)) + .png)): null

2018-12-05 12:12:49 - [TEST_STEP][PASSED] - Statement - counter = counter + 1: null

2018-12-05 12:12:49 - [TEST_STEP][PASSED] - Statement - PreSaveFile = new java.io.File(((pathPrefix + java.lang.Integer.toString(counter)) + .png)): null

2018-12-05 12:12:49 - [TEST_STEP][PASSED] - Statement - counter = counter + 1: null

2018-12-05 12:12:50 - [TEST_STEP][PASSED] - Statement - PreSaveFile = new java.io.File(((pathPrefix + java.lang.Integer.toString(counter)) + .png)): null

2018-12-05 12:12:50 - [TEST_STEP][PASSED] - Statement - counter = counter + 1: null

2018-12-05 12:12:50 - [TEST_STEP][PASSED] - Statement - PreSaveFile = new java.io.File(((pathPrefix + java.lang.Integer.toString(counter)) + .png)): null

2018-12-05 12:12:50 - [TEST_STEP][PASSED] - Statement - counter = counter + 1: null

2018-12-05 12:12:50 - [TEST_STEP][PASSED] - Statement - PreSaveFile = new java.io.File(((pathPrefix + java.lang.Integer.toString(counter)) + .png)): null

2018-12-05 12:12:50 - [TEST_STEP][PASSED] - Statement - counter = counter + 1: null

2018-12-05 12:12:50 - [TEST_STEP][PASSED] - Statement - PreSaveFile = new java.io.File(((pathPrefix + java.lang.Integer.toString(counter)) + .png)): null

2018-12-05 12:12:50 - [TEST_STEP][PASSED] - Statement - counter = counter + 1: null

2018-12-05 12:12:50 - [TEST_STEP][PASSED] - Statement - PreSaveFile = new java.io.File(((pathPrefix + java.lang.Integer.toString(counter)) + .png)): null

2018-12-05 12:12:50 - [TEST_STEP][PASSED] - Statement - counter = counter + 1: null

2018-12-05 12:12:50 - [TEST_STEP][PASSED] - Statement - PreSaveFile = new java.io.File(((pathPrefix + java.lang.Integer.toString(counter)) + .png)): null

2018-12-05 12:12:50 - [TEST_STEP][PASSED] - Statement - counter = counter + 1: null

2018-12-05 12:12:50 - [TEST_STEP][PASSED] - Statement - PreSaveFile = new java.io.File(((pathPrefix + java.lang.Integer.toString(counter)) + .png)): null

2018-12-05 12:12:50 - [TEST_STEP][PASSED] - Statement - counter = counter + 1: null

2018-12-05 12:12:50 - [TEST_STEP][PASSED] - Statement - PreSaveFile = new java.io.File(((pathPrefix + java.lang.Integer.toString(counter)) + .png)): null

2018-12-05 12:12:50 - [TEST_STEP][PASSED] - Statement - counter = counter + 1: null

2018-12-05 12:12:50 - [TEST_STEP][PASSED] - Statement - PreSaveFile = new java.io.File(((pathPrefix + java.lang.Integer.toString(counter)) + .png)): null

2018-12-05 12:12:50 - [TEST_STEP][PASSED] - Statement - counter = counter + 1: null

2018-12-05 12:12:50 - [TEST_STEP][PASSED] - Statement - PreSaveFile = new java.io.File(((pathPrefix + java.lang.Integer.toString(counter)) + .png)): null

2018-12-05 12:12:50 - [TEST_STEP][PASSED] - Statement - counter = counter + 1: null

2018-12-05 12:12:50 - [TEST_STEP][PASSED] - Statement - PreSaveFile = new java.io.File(((pathPrefix + java.lang.Integer.toString(counter)) + .png)): null

2018-12-05 12:12:50 - [TEST_STEP][PASSED] - Statement - counter = counter + 1: null

2018-12-05 12:12:50 - [TEST_STEP][PASSED] - Statement - PreSaveFile = new java.io.File(((pathPrefix + java.lang.Integer.toString(counter)) + .png)): null

2018-12-05 12:12:50 - [TEST_STEP][PASSED] - Statement - counter = counter + 1: null

2018-12-05 12:12:50 - [TEST_STEP][PASSED] - Statement - PreSaveFile = new java.io.File(((pathPrefix + java.lang.Integer.toString(counter)) + .png)): null

2018-12-05 12:12:50 - [TEST_STEP][PASSED] - Statement - counter = counter + 1: null

2018-12-05 12:12:50 - [TEST_STEP][PASSED] - Statement - PreSaveFile = new java.io.File(((pathPrefix + java.lang.Integer.toString(counter)) + .png)): null

2018-12-05 12:12:50 - [TEST_STEP][PASSED] - Statement - counter = counter + 1: null

2018-12-05 12:12:50 - [TEST_STEP][PASSED] - Statement - PreSaveFile = new java.io.File(((pathPrefix + java.lang.Integer.toString(counter)) + .png)): null

2018-12-05 12:12:50 - [TEST_STEP][PASSED] - Statement - counter = counter + 1: null

2018-12-05 12:12:50 - [TEST_STEP][PASSED] - Statement - PreSaveFile = new java.io.File(((pathPrefix + java.lang.Integer.toString(counter)) + .png)): null

2018-12-05 12:12:50 - [TEST_STEP][PASSED] - Statement - counter = counter + 1: null

2018-12-05 12:12:50 - [TEST_STEP][PASSED] - Statement - PreSaveFile = new java.io.File(((pathPrefix + java.lang.Integer.toString(counter)) + .png)): null

2018-12-05 12:12:50 - [TEST_STEP][PASSED] - Statement - counter = counter + 1: null

2018-12-05 12:12:50 - [TEST_STEP][PASSED] - Statement - PreSaveFile = new java.io.File(((pathPrefix + java.lang.Integer.toString(counter)) + .png)): null

2018-12-05 12:12:50 - [TEST_STEP][PASSED] - Statement - counter = counter + 1: null

2018-12-05 12:12:50 - [TEST_STEP][PASSED] - Statement - PreSaveFile = new java.io.File(((pathPrefix + java.lang.Integer.toString(counter)) + .png)): null

2018-12-05 12:12:50 - [TEST_STEP][PASSED] - Statement - counter = counter + 1: null

2018-12-05 12:12:51 - [TEST_STEP][PASSED] - Statement - PreSaveFile = new java.io.File(((pathPrefix + java.lang.Integer.toString(counter)) + .png)): null

2018-12-05 12:12:51 - [TEST_STEP][PASSED] - Statement - counter = counter + 1: null

2018-12-05 12:12:51 - [TEST_STEP][PASSED] - Statement - PreSaveFile = new java.io.File(((pathPrefix + java.lang.Integer.toString(counter)) + .png)): null

2018-12-05 12:12:51 - [TEST_STEP][PASSED] - Statement - counter = counter + 1: null

2018-12-05 12:12:51 - [TEST_STEP][PASSED] - Statement - PreSaveFile = new java.io.File(((pathPrefix + java.lang.Integer.toString(counter)) + .png)): null

2018-12-05 12:12:51 - [TEST_STEP][PASSED] - Statement - counter = counter + 1: null

2018-12-05 12:12:51 - [TEST_STEP][PASSED] - Statement - PreSaveFile = new java.io.File(((pathPrefix + java.lang.Integer.toString(counter)) + .png)): null

2018-12-05 12:12:51 - [TEST_STEP][PASSED] - Statement - counter = counter + 1: null

2018-12-05 12:12:51 - [TEST_STEP][PASSED] - Statement - PreSaveFile = new java.io.File(((pathPrefix + java.lang.Integer.toString(counter)) + .png)): null

2018-12-05 12:12:51 - [TEST_STEP][PASSED] - Statement - counter = counter + 1: null

2018-12-05 12:12:51 - [TEST_STEP][PASSED] - Statement - PreSaveFile = new java.io.File(((pathPrefix + java.lang.Integer.toString(counter)) + .png)): null

2018-12-05 12:12:51 - [TEST_STEP][PASSED] - Statement - counter = counter + 1: null

2018-12-05 12:12:51 - [TEST_STEP][PASSED] - Statement - PreSaveFile = new java.io.File(((pathPrefix + java.lang.Integer.toString(counter)) + .png)): null

2018-12-05 12:12:51 - [TEST_STEP][PASSED] - Statement - counter = counter + 1: null

2018-12-05 12:12:51 - [TEST_STEP][PASSED] - Statement - PreSaveFile = new java.io.File(((pathPrefix + java.lang.Integer.toString(counter)) + .png)): null

2018-12-05 12:12:51 - [TEST_STEP][PASSED] - Statement - counter = counter + 1: null

2018-12-05 12:12:51 - [TEST_STEP][PASSED] - Statement - PreSaveFile = new java.io.File(((pathPrefix + java.lang.Integer.toString(counter)) + .png)): null

2018-12-05 12:12:51 - [TEST_STEP][PASSED] - Statement - counter = counter + 1: null

2018-12-05 12:12:51 - [TEST_STEP][PASSED] - Statement - PreSaveFile = new java.io.File(((pathPrefix + java.lang.Integer.toString(counter)) + .png)): null

2018-12-05 12:12:51 - [TEST_STEP][PASSED] - Statement - counter = counter + 1: null

2018-12-05 12:12:51 - [TEST_STEP][PASSED] - Statement - PreSaveFile = new java.io.File(((pathPrefix + java.lang.Integer.toString(counter)) + .png)): null

2018-12-05 12:12:51 - [TEST_STEP][PASSED] - Statement - counter = counter + 1: null

2018-12-05 12:12:51 - [TEST_STEP][PASSED] - Statement - PreSaveFile = new java.io.File(((pathPrefix + java.lang.Integer.toString(counter)) + .png)): null

2018-12-05 12:12:51 - [TEST_STEP][PASSED] - Statement - counter = counter + 1: null

2018-12-05 12:12:51 - [TEST_STEP][PASSED] - Statement - PreSaveFile = new java.io.File(((pathPrefix + java.lang.Integer.toString(counter)) + .png)): null

2018-12-05 12:12:51 - [TEST_STEP][PASSED] - Statement - counter = counter + 1: null

2018-12-05 12:12:51 - [TEST_STEP][PASSED] - Statement - PreSaveFile = new java.io.File(((pathPrefix + java.lang.Integer.toString(counter)) + .png)): null

2018-12-05 12:12:51 - [TEST_STEP][PASSED] - Statement - counter = counter + 1: null

2018-12-05 12:12:51 - [TEST_STEP][PASSED] - Statement - PreSaveFile = new java.io.File(((pathPrefix + java.lang.Integer.toString(counter)) + .png)): null

2018-12-05 12:12:52 - [TEST_STEP][PASSED] - Statement - counter = counter + 1: null

2018-12-05 12:12:52 - [TEST_STEP][PASSED] - Statement - PreSaveFile = new java.io.File(((pathPrefix + java.lang.Integer.toString(counter)) + .png)): null

2018-12-05 12:12:52 - [TEST_STEP][PASSED] - Statement - counter = counter + 1: null

2018-12-05 12:12:52 - [TEST_STEP][PASSED] - Statement - PreSaveFile = new java.io.File(((pathPrefix + java.lang.Integer.toString(counter)) + .png)): null

2018-12-05 12:12:52 - [TEST_STEP][PASSED] - Statement - counter = counter + 1: null

2018-12-05 12:12:52 - [TEST_STEP][PASSED] - Statement - PreSaveFile = new java.io.File(((pathPrefix + java.lang.Integer.toString(counter)) + .png)): null

2018-12-05 12:12:52 - [TEST_STEP][PASSED] - Statement - counter = counter + 1: null

2018-12-05 12:12:52 - [TEST_STEP][PASSED] - Statement - PreSaveFile = new java.io.File(((pathPrefix + java.lang.Integer.toString(counter)) + .png)): null

2018-12-05 12:12:52 - [TEST_STEP][PASSED] - Statement - counter = counter + 1: null

2018-12-05 12:12:52 - [TEST_STEP][PASSED] - Statement - PreSaveFile = new java.io.File(((pathPrefix + java.lang.Integer.toString(counter)) + .png)): null

2018-12-05 12:12:52 - [TEST_STEP][PASSED] - Statement - counter = counter + 1: null

2018-12-05 12:12:52 - [TEST_STEP][PASSED] - Statement - PreSaveFile = new java.io.File(((pathPrefix + java.lang.Integer.toString(counter)) + .png)): null

2018-12-05 12:12:52 - [TEST_STEP][PASSED] - Statement - counter = counter + 1: null

2018-12-05 12:12:52 - [TEST_STEP][PASSED] - Statement - PreSaveFile = new java.io.File(((pathPrefix + java.lang.Integer.toString(counter)) + .png)): null

2018-12-05 12:12:52 - [TEST_STEP][PASSED] - Statement - counter = counter + 1: null

2018-12-05 12:12:52 - [TEST_STEP][PASSED] - Statement - PreSaveFile = new java.io.File(((pathPrefix + java.lang.Integer.toString(counter)) + .png)): null

2018-12-05 12:12:52 - [TEST_STEP][PASSED] - Statement - counter = counter + 1: null

2018-12-05 12:12:52 - [TEST_STEP][PASSED] - Statement - PreSaveFile = new java.io.File(((pathPrefix + java.lang.Integer.toString(counter)) + .png)): null

2018-12-05 12:12:52 - [TEST_STEP][PASSED] - Statement - counter = counter + 1: null

2018-12-05 12:12:52 - [TEST_STEP][PASSED] - Statement - PreSaveFile = new java.io.File(((pathPrefix + java.lang.Integer.toString(counter)) + .png)): null

2018-12-05 12:12:52 - [TEST_STEP][PASSED] - Statement - counter = counter + 1: null

2018-12-05 12:12:52 - [TEST_STEP][PASSED] - Statement - PreSaveFile = new java.io.File(((pathPrefix + java.lang.Integer.toString(counter)) + .png)): null

2018-12-05 12:12:52 - [TEST_STEP][PASSED] - Statement - counter = counter + 1: null

2018-12-05 12:12:52 - [TEST_STEP][PASSED] - Statement - PreSaveFile = new java.io.File(((pathPrefix + java.lang.Integer.toString(counter)) + .png)): null

2018-12-05 12:12:52 - [TEST_STEP][PASSED] - Statement - counter = counter + 1: null

2018-12-05 12:12:52 - [TEST_STEP][PASSED] - Statement - PreSaveFile = new java.io.File(((pathPrefix + java.lang.Integer.toString(counter)) + .png)): null

2018-12-05 12:12:52 - [TEST_STEP][PASSED] - Statement - counter = counter + 1: null

2018-12-05 12:12:52 - [TEST_STEP][PASSED] - Statement - PreSaveFile = new java.io.File(((pathPrefix + java.lang.Integer.toString(counter)) + .png)): null

2018-12-05 12:12:52 - [TEST_STEP][PASSED] - Statement - counter = counter + 1: null

2018-12-05 12:12:53 - [TEST_STEP][PASSED] - Statement - PreSaveFile = new java.io.File(((pathPrefix + java.lang.Integer.toString(counter)) + .png)): null

2018-12-05 12:12:53 - [TEST_STEP][PASSED] - Statement - counter = counter + 1: null

2018-12-05 12:12:53 - [TEST_STEP][PASSED] - Statement - PreSaveFile = new java.io.File(((pathPrefix + java.lang.Integer.toString(counter)) + .png)): null

2018-12-05 12:12:53 - [TEST_STEP][PASSED] - Statement - counter = counter + 1: null

2018-12-05 12:12:53 - [TEST_STEP][PASSED] - Statement - PreSaveFile = new java.io.File(((pathPrefix + java.lang.Integer.toString(counter)) + .png)): null

2018-12-05 12:12:53 - [TEST_STEP][PASSED] - Statement - counter = counter + 1: null

2018-12-05 12:12:53 - [TEST_STEP][PASSED] - Statement - PreSaveFile = new java.io.File(((pathPrefix + java.lang.Integer.toString(counter)) + .png)): null

2018-12-05 12:12:53 - [TEST_STEP][PASSED] - Statement - counter = counter + 1: null

2018-12-05 12:12:53 - [TEST_STEP][PASSED] - Statement - PreSaveFile = new java.io.File(((pathPrefix + java.lang.Integer.toString(counter)) + .png)): null

2018-12-05 12:12:53 - [TEST_STEP][PASSED] - Statement - counter = counter + 1: null

2018-12-05 12:12:53 - [TEST_STEP][PASSED] - Statement - PreSaveFile = new java.io.File(((pathPrefix + java.lang.Integer.toString(counter)) + .png)): null

2018-12-05 12:12:53 - [TEST_STEP][PASSED] - Statement - counter = counter + 1: null

2018-12-05 12:12:53 - [TEST_STEP][PASSED] - Statement - PreSaveFile = new java.io.File(((pathPrefix + java.lang.Integer.toString(counter)) + .png)): null

2018-12-05 12:12:53 - [TEST_STEP][PASSED] - Statement - counter = counter + 1: null

2018-12-05 12:12:53 - [TEST_STEP][PASSED] - Statement - PreSaveFile = new java.io.File(((pathPrefix + java.lang.Integer.toString(counter)) + .png)): null

2018-12-05 12:12:53 - [TEST_STEP][PASSED] - Statement - counter = counter + 1: null

2018-12-05 12:12:53 - [TEST_STEP][PASSED] - Statement - PreSaveFile = new java.io.File(((pathPrefix + java.lang.Integer.toString(counter)) + .png)): null

2018-12-05 12:12:53 - [TEST_STEP][PASSED] - Statement - counter = counter + 1: null

2018-12-05 12:12:53 - [TEST_STEP][PASSED] - Statement - PreSaveFile = new java.io.File(((pathPrefix + java.lang.Integer.toString(counter)) + .png)): null

2018-12-05 12:12:53 - [TEST_STEP][PASSED] - Statement - counter = counter + 1: null

2018-12-05 12:12:53 - [TEST_STEP][PASSED] - Statement - PreSaveFile = new java.io.File(((pathPrefix + java.lang.Integer.toString(counter)) + .png)): null

2018-12-05 12:12:53 - [TEST_STEP][PASSED] - Statement - counter = counter + 1: null

2018-12-05 12:12:53 - [TEST_STEP][PASSED] - Statement - PreSaveFile = new java.io.File(((pathPrefix + java.lang.Integer.toString(counter)) + .png)): null

2018-12-05 12:12:53 - [TEST_STEP][PASSED] - Statement - counter = counter + 1: null

2018-12-05 12:12:53 - [TEST_STEP][PASSED] - Statement - PreSaveFile = new java.io.File(((pathPrefix + java.lang.Integer.toString(counter)) + .png)): null

2018-12-05 12:12:53 - [TEST_STEP][PASSED] - Statement - counter = counter + 1: null

2018-12-05 12:12:53 - [TEST_STEP][PASSED] - Statement - PreSaveFile = new java.io.File(((pathPrefix + java.lang.Integer.toString(counter)) + .png)): null

2018-12-05 12:12:53 - [TEST_STEP][PASSED] - Statement - counter = counter + 1: null

2018-12-05 12:12:53 - [TEST_STEP][PASSED] - Statement - PreSaveFile = new java.io.File(((pathPrefix + java.lang.Integer.toString(counter)) + .png)): null

2018-12-05 12:12:54 - [TEST_STEP][PASSED] - Statement - counter = counter + 1: null

2018-12-05 12:12:54 - [TEST_STEP][PASSED] - Statement - PreSaveFile = new java.io.File(((pathPrefix + java.lang.Integer.toString(counter)) + .png)): null

2018-12-05 12:12:54 - [TEST_STEP][PASSED] - Statement - counter = counter + 1: null

2018-12-05 12:12:54 - [TEST_STEP][PASSED] - Statement - PreSaveFile = new java.io.File(((pathPrefix + java.lang.Integer.toString(counter)) + .png)): null

2018-12-05 12:12:54 - [TEST_STEP][PASSED] - Statement - counter = counter + 1: null

2018-12-05 12:12:54 - [TEST_STEP][PASSED] - Statement - PreSaveFile = new java.io.File(((pathPrefix + java.lang.Integer.toString(counter)) + .png)): null

2018-12-05 12:12:54 - [TEST_STEP][PASSED] - Statement - counter = counter + 1: null

2018-12-05 12:12:54 - [TEST_STEP][PASSED] - Statement - PreSaveFile = new java.io.File(((pathPrefix + java.lang.Integer.toString(counter)) + .png)): null

2018-12-05 12:12:54 - [TEST_STEP][PASSED] - Statement - counter = counter + 1: null

2018-12-05 12:12:54 - [TEST_STEP][PASSED] - Statement - PreSaveFile = new java.io.File(((pathPrefix + java.lang.Integer.toString(counter)) + .png)): null

2018-12-05 12:12:54 - [TEST_STEP][PASSED] - Statement - counter = counter + 1: null

2018-12-05 12:12:54 - [TEST_STEP][PASSED] - Statement - PreSaveFile = new java.io.File(((pathPrefix + java.lang.Integer.toString(counter)) + .png)): null

2018-12-05 12:12:54 - [TEST_STEP][PASSED] - Statement - counter = counter + 1: null

2018-12-05 12:12:54 - [TEST_STEP][PASSED] - Statement - PreSaveFile = new java.io.File(((pathPrefix + java.lang.Integer.toString(counter)) + .png)): null

2018-12-05 12:12:54 - [TEST_STEP][PASSED] - Statement - counter = counter + 1: null

2018-12-05 12:12:54 - [TEST_STEP][PASSED] - Statement - PreSaveFile = new java.io.File(((pathPrefix + java.lang.Integer.toString(counter)) + .png)): null

2018-12-05 12:12:54 - [TEST_STEP][PASSED] - Statement - counter = counter + 1: null

2018-12-05 12:12:54 - [TEST_STEP][PASSED] - Statement - PreSaveFile = new java.io.File(((pathPrefix + java.lang.Integer.toString(counter)) + .png)): null

2018-12-05 12:12:54 - [TEST_STEP][PASSED] - Statement - counter = counter + 1: null

2018-12-05 12:12:54 - [TEST_STEP][PASSED] - Statement - PreSaveFile = new java.io.File(((pathPrefix + java.lang.Integer.toString(counter)) + .png)): null

2018-12-05 12:12:54 - [TEST_STEP][PASSED] - Statement - counter = counter + 1: null

2018-12-05 12:12:54 - [TEST_STEP][PASSED] - Statement - PreSaveFile = new java.io.File(((pathPrefix + java.lang.Integer.toString(counter)) + .png)): null

2018-12-05 12:12:54 - [TEST_STEP][PASSED] - Statement - counter = counter + 1: null

2018-12-05 12:12:54 - [TEST_STEP][PASSED] - Statement - PreSaveFile = new java.io.File(((pathPrefix + java.lang.Integer.toString(counter)) + .png)): null

2018-12-05 12:12:54 - [TEST_STEP][PASSED] - Statement - counter = counter + 1: null

2018-12-05 12:12:54 - [TEST_STEP][PASSED] - Statement - PreSaveFile = new java.io.File(((pathPrefix + java.lang.Integer.toString(counter)) + .png)): null

2018-12-05 12:12:54 - [TEST_STEP][PASSED] - Statement - counter = counter + 1: null

2018-12-05 12:12:54 - [TEST_STEP][PASSED] - Statement - PreSaveFile = new java.io.File(((pathPrefix + java.lang.Integer.toString(counter)) + .png)): null

2018-12-05 12:12:55 - [TEST_STEP][PASSED] - Statement - counter = counter + 1: null

2018-12-05 12:12:55 - [TEST_STEP][PASSED] - Statement - PreSaveFile = new java.io.File(((pathPrefix + java.lang.Integer.toString(counter)) + .png)): null

2018-12-05 12:12:55 - [TEST_STEP][PASSED] - Statement - counter = counter + 1: null

2018-12-05 12:12:55 - [TEST_STEP][PASSED] - Statement - PreSaveFile = new java.io.File(((pathPrefix + java.lang.Integer.toString(counter)) + .png)): null

2018-12-05 12:12:55 - [TEST_STEP][PASSED] - Statement - counter = counter + 1: null

2018-12-05 12:12:55 - [TEST_STEP][PASSED] - Statement - PreSaveFile = new java.io.File(((pathPrefix + java.lang.Integer.toString(counter)) + .png)): null

2018-12-05 12:12:55 - [TEST_STEP][PASSED] - Statement - counter = counter + 1: null

2018-12-05 12:12:55 - [TEST_STEP][PASSED] - Statement - PreSaveFile = new java.io.File(((pathPrefix + java.lang.Integer.toString(counter)) + .png)): null

2018-12-05 12:12:55 - [TEST_STEP][PASSED] - Statement - counter = counter + 1: null

2018-12-05 12:12:55 - [TEST_STEP][PASSED] - Statement - PreSaveFile = new java.io.File(((pathPrefix + java.lang.Integer.toString(counter)) + .png)): null

2018-12-05 12:12:55 - [TEST_STEP][PASSED] - Statement - counter = counter + 1: null

2018-12-05 12:12:55 - [TEST_STEP][PASSED] - Statement - PreSaveFile = new java.io.File(((pathPrefix + java.lang.Integer.toString(counter)) + .png)): null

2018-12-05 12:12:55 - [TEST_STEP][PASSED] - Statement - counter = counter + 1: null

2018-12-05 12:12:55 - [TEST_STEP][PASSED] - Statement - PreSaveFile = new java.io.File(((pathPrefix + java.lang.Integer.toString(counter)) + .png)): null

2018-12-05 12:12:55 - [TEST_STEP][PASSED] - Statement - counter = counter + 1: null

2018-12-05 12:12:55 - [TEST_STEP][PASSED] - Statement - PreSaveFile = new java.io.File(((pathPrefix + java.lang.Integer.toString(counter)) + .png)): null

2018-12-05 12:12:55 - [TEST_STEP][PASSED] - Statement - counter = counter + 1: null

2018-12-05 12:12:55 - [TEST_STEP][PASSED] - Statement - PreSaveFile = new java.io.File(((pathPrefix + java.lang.Integer.toString(counter)) + .png)): null

2018-12-05 12:12:55 - [TEST_STEP][PASSED] - Statement - counter = counter + 1: null

2018-12-05 12:12:55 - [TEST_STEP][PASSED] - Statement - PreSaveFile = new java.io.File(((pathPrefix + java.lang.Integer.toString(counter)) + .png)): null

2018-12-05 12:12:55 - [TEST_STEP][PASSED] - Statement - counter = counter + 1: null

2018-12-05 12:12:55 - [TEST_STEP][PASSED] - Statement - PreSaveFile = new java.io.File(((pathPrefix + java.lang.Integer.toString(counter)) + .png)): null

2018-12-05 12:12:55 - [TEST_STEP][PASSED] - Statement - counter = counter + 1: null

2018-12-05 12:12:55 - [TEST_STEP][PASSED] - Statement - PreSaveFile = new java.io.File(((pathPrefix + java.lang.Integer.toString(counter)) + .png)): null

2018-12-05 12:12:55 - [TEST_STEP][PASSED] - Statement - counter = counter + 1: null

2018-12-05 12:12:55 - [TEST_STEP][PASSED] - Statement - PreSaveFile = new java.io.File(((pathPrefix + java.lang.Integer.toString(counter)) + .png)): null

2018-12-05 12:12:55 - [TEST_STEP][PASSED] - Statement - counter = counter + 1: null

2018-12-05 12:12:55 - [TEST_STEP][PASSED] - Statement - PreSaveFile = new java.io.File(((pathPrefix + java.lang.Integer.toString(counter)) + .png)): null

2018-12-05 12:12:55 - [TEST_STEP][PASSED] - Statement - counter = counter + 1: null

2018-12-05 12:12:56 - [TEST_STEP][PASSED] - Statement - PreSaveFile = new java.io.File(((pathPrefix + java.lang.Integer.toString(counter)) + .png)): null

2018-12-05 12:12:56 - [TEST_STEP][PASSED] - Statement - counter = counter + 1: null

2018-12-05 12:12:56 - [TEST_STEP][PASSED] - Statement - PreSaveFile = new java.io.File(((pathPrefix + java.lang.Integer.toString(counter)) + .png)): null

2018-12-05 12:12:56 - [TEST_STEP][PASSED] - Statement - counter = counter + 1: null

2018-12-05 12:12:56 - [TEST_STEP][PASSED] - Statement - PreSaveFile = new java.io.File(((pathPrefix + java.lang.Integer.toString(counter)) + .png)): null

2018-12-05 12:12:56 - [TEST_STEP][PASSED] - Statement - counter = counter + 1: null

2018-12-05 12:12:56 - [TEST_STEP][PASSED] - Statement - PreSaveFile = new java.io.File(((pathPrefix + java.lang.Integer.toString(counter)) + .png)): null

2018-12-05 12:12:56 - [TEST_STEP][PASSED] - Statement - counter = counter + 1: null

2018-12-05 12:12:56 - [TEST_STEP][PASSED] - Statement - PreSaveFile = new java.io.File(((pathPrefix + java.lang.Integer.toString(counter)) + .png)): null

2018-12-05 12:12:56 - [TEST_STEP][PASSED] - Statement - counter = counter + 1: null

2018-12-05 12:12:56 - [TEST_STEP][PASSED] - Statement - PreSaveFile = new java.io.File(((pathPrefix + java.lang.Integer.toString(counter)) + .png)): null

2018-12-05 12:12:56 - [TEST_STEP][PASSED] - Statement - counter = counter + 1: null

2018-12-05 12:12:56 - [TEST_STEP][PASSED] - Statement - PreSaveFile = new java.io.File(((pathPrefix + java.lang.Integer.toString(counter)) + .png)): null

2018-12-05 12:12:56 - [TEST_STEP][PASSED] - Statement - counter = counter + 1: null

2018-12-05 12:12:56 - [TEST_STEP][PASSED] - Statement - PreSaveFile = new java.io.File(((pathPrefix + java.lang.Integer.toString(counter)) + .png)): null

2018-12-05 12:12:56 - [TEST_STEP][PASSED] - Statement - counter = counter + 1: null

2018-12-05 12:12:56 - [TEST_STEP][PASSED] - Statement - PreSaveFile = new java.io.File(((pathPrefix + java.lang.Integer.toString(counter)) + .png)): null

2018-12-05 12:12:56 - [TEST_STEP][PASSED] - Statement - counter = counter + 1: null

2018-12-05 12:12:56 - [TEST_STEP][PASSED] - Statement - PreSaveFile = new java.io.File(((pathPrefix + java.lang.Integer.toString(counter)) + .png)): null

2018-12-05 12:12:56 - [TEST_STEP][PASSED] - Statement - counter = counter + 1: null

2018-12-05 12:12:56 - [TEST_STEP][PASSED] - Statement - PreSaveFile = new java.io.File(((pathPrefix + java.lang.Integer.toString(counter)) + .png)): null

2018-12-05 12:12:56 - [TEST_STEP][PASSED] - Statement - counter = counter + 1: null

2018-12-05 12:12:56 - [TEST_STEP][PASSED] - Statement - PreSaveFile = new java.io.File(((pathPrefix + java.lang.Integer.toString(counter)) + .png)): null

2018-12-05 12:12:56 - [TEST_STEP][PASSED] - Statement - counter = counter + 1: null

2018-12-05 12:12:56 - [TEST_STEP][PASSED] - Statement - PreSaveFile = new java.io.File(((pathPrefix + java.lang.Integer.toString(counter)) + .png)): null

2018-12-05 12:12:56 - [TEST_STEP][PASSED] - Statement - counter = counter + 1: null

2018-12-05 12:12:56 - [TEST_STEP][PASSED] - Statement - PreSaveFile = new java.io.File(((pathPrefix + java.lang.Integer.toString(counter)) + .png)): null

2018-12-05 12:12:56 - [TEST_STEP][PASSED] - Statement - counter = counter + 1: null

2018-12-05 12:12:56 - [TEST_STEP][PASSED] - Statement - PreSaveFile = new java.io.File(((pathPrefix + java.lang.Integer.toString(counter)) + .png)): null

2018-12-05 12:12:57 - [TEST_STEP][PASSED] - Statement - counter = counter + 1: null

2018-12-05 12:12:57 - [TEST_STEP][PASSED] - Statement - PreSaveFile = new java.io.File(((pathPrefix + java.lang.Integer.toString(counter)) + .png)): null

2018-12-05 12:12:57 - [TEST_STEP][PASSED] - Statement - counter = counter + 1: null

2018-12-05 12:12:57 - [TEST_STEP][PASSED] - Statement - PreSaveFile = new java.io.File(((pathPrefix + java.lang.Integer.toString(counter)) + .png)): null

2018-12-05 12:12:57 - [TEST_STEP][PASSED] - Statement - counter = counter + 1: null

2018-12-05 12:12:57 - [TEST_STEP][PASSED] - Statement - PreSaveFile = new java.io.File(((pathPrefix + java.lang.Integer.toString(counter)) + .png)): null

2018-12-05 12:12:57 - [TEST_STEP][PASSED] - Statement - counter = counter + 1: null

2018-12-05 12:12:57 - [TEST_STEP][PASSED] - Statement - PreSaveFile = new java.io.File(((pathPrefix + java.lang.Integer.toString(counter)) + .png)): null

2018-12-05 12:12:57 - [TEST_STEP][PASSED] - Statement - counter = counter + 1: null

2018-12-05 12:12:57 - [TEST_STEP][PASSED] - Statement - PreSaveFile = new java.io.File(((pathPrefix + java.lang.Integer.toString(counter)) + .png)): null

2018-12-05 12:12:57 - [TEST_STEP][PASSED] - Statement - counter = counter + 1: null

2018-12-05 12:12:57 - [TEST_STEP][PASSED] - Statement - PreSaveFile = new java.io.File(((pathPrefix + java.lang.Integer.toString(counter)) + .png)): null

2018-12-05 12:12:57 - [TEST_STEP][PASSED] - Statement - counter = counter + 1: null

2018-12-05 12:12:57 - [TEST_STEP][PASSED] - Statement - PreSaveFile = new java.io.File(((pathPrefix + java.lang.Integer.toString(counter)) + .png)): null

2018-12-05 12:12:57 - [TEST_STEP][PASSED] - Statement - counter = counter + 1: null

2018-12-05 12:12:57 - [TEST_STEP][PASSED] - Statement - PreSaveFile = new java.io.File(((pathPrefix + java.lang.Integer.toString(counter)) + .png)): null

2018-12-05 12:12:57 - [TEST_STEP][PASSED] - Statement - counter = counter + 1: null

2018-12-05 12:12:57 - [TEST_STEP][PASSED] - Statement - PreSaveFile = new java.io.File(((pathPrefix + java.lang.Integer.toString(counter)) + .png)): null

2018-12-05 12:12:57 - [TEST_STEP][PASSED] - Statement - counter = counter + 1: null

2018-12-05 12:12:57 - [TEST_STEP][PASSED] - Statement - PreSaveFile = new java.io.File(((pathPrefix + java.lang.Integer.toString(counter)) + .png)): null

2018-12-05 12:12:57 - [TEST_STEP][PASSED] - Statement - counter = counter + 1: null

2018-12-05 12:12:57 - [TEST_STEP][PASSED] - Statement - PreSaveFile = new java.io.File(((pathPrefix + java.lang.Integer.toString(counter)) + .png)): null

2018-12-05 12:12:57 - [TEST_STEP][PASSED] - Statement - counter = counter + 1: null

2018-12-05 12:12:57 - [TEST_STEP][PASSED] - Statement - PreSaveFile = new java.io.File(((pathPrefix + java.lang.Integer.toString(counter)) + .png)): null

2018-12-05 12:12:57 - [TEST_STEP][PASSED] - Statement - counter = counter + 1: null

2018-12-05 12:12:57 - [TEST_STEP][PASSED] - Statement - PreSaveFile = new java.io.File(((pathPrefix + java.lang.Integer.toString(counter)) + .png)): null

2018-12-05 12:12:57 - [TEST_STEP][PASSED] - Statement - counter = counter + 1: null

2018-12-05 12:12:57 - [TEST_STEP][PASSED] - Statement - PreSaveFile = new java.io.File(((pathPrefix + java.lang.Integer.toString(counter)) + .png)): null

2018-12-05 12:12:57 - [TEST_STEP][PASSED] - Statement - counter = counter + 1: null

2018-12-05 12:12:58 - [TEST_STEP][PASSED] - Statement - PreSaveFile = new java.io.File(((pathPrefix + java.lang.Integer.toString(counter)) + .png)): null

2018-12-05 12:12:58 - [TEST_STEP][PASSED] - Statement - counter = counter + 1: null

2018-12-05 12:12:58 - [TEST_STEP][PASSED] - Statement - PreSaveFile = new java.io.File(((pathPrefix + java.lang.Integer.toString(counter)) + .png)): null

2018-12-05 12:12:58 - [TEST_STEP][PASSED] - Statement - counter = counter + 1: null

2018-12-05 12:12:58 - [TEST_STEP][PASSED] - Statement - PreSaveFile = new java.io.File(((pathPrefix + java.lang.Integer.toString(counter)) + .png)): null

2018-12-05 12:12:58 - [TEST_STEP][PASSED] - Statement - counter = counter + 1: null

2018-12-05 12:12:58 - [TEST_STEP][PASSED] - Statement - PreSaveFile = new java.io.File(((pathPrefix + java.lang.Integer.toString(counter)) + .png)): null

2018-12-05 12:12:58 - [TEST_STEP][PASSED] - Statement - counter = counter + 1: null

2018-12-05 12:12:58 - [TEST_STEP][PASSED] - Statement - PreSaveFile = new java.io.File(((pathPrefix + java.lang.Integer.toString(counter)) + .png)): null

2018-12-05 12:12:58 - [TEST_STEP][PASSED] - Statement - counter = counter + 1: null

2018-12-05 12:12:58 - [TEST_STEP][PASSED] - Statement - PreSaveFile = new java.io.File(((pathPrefix + java.lang.Integer.toString(counter)) + .png)): null

2018-12-05 12:12:58 - [TEST_STEP][PASSED] - Statement - counter = counter + 1: null

2018-12-05 12:12:58 - [TEST_STEP][PASSED] - Statement - PreSaveFile = new java.io.File(((pathPrefix + java.lang.Integer.toString(counter)) + .png)): null

2018-12-05 12:12:58 - [TEST_STEP][PASSED] - Statement - counter = counter + 1: null

2018-12-05 12:12:58 - [TEST_STEP][PASSED] - Statement - PreSaveFile = new java.io.File(((pathPrefix + java.lang.Integer.toString(counter)) + .png)): null

2018-12-05 12:12:58 - [TEST_STEP][PASSED] - Statement - counter = counter + 1: null

2018-12-05 12:12:58 - [TEST_STEP][PASSED] - Statement - PreSaveFile = new java.io.File(((pathPrefix + java.lang.Integer.toString(counter)) + .png)): null

2018-12-05 12:12:58 - [TEST_STEP][PASSED] - Statement - counter = counter + 1: null

2018-12-05 12:12:58 - [TEST_STEP][PASSED] - Statement - PreSaveFile = new java.io.File(((pathPrefix + java.lang.Integer.toString(counter)) + .png)): null

2018-12-05 12:12:58 - [TEST_STEP][PASSED] - Statement - counter = counter + 1: null

2018-12-05 12:12:58 - [TEST_STEP][PASSED] - Statement - PreSaveFile = new java.io.File(((pathPrefix + java.lang.Integer.toString(counter)) + .png)): null

2018-12-05 12:12:58 - [TEST_STEP][PASSED] - Statement - counter = counter + 1: null

2018-12-05 12:12:58 - [TEST_STEP][PASSED] - Statement - PreSaveFile = new java.io.File(((pathPrefix + java.lang.Integer.toString(counter)) + .png)): null

2018-12-05 12:12:58 - [TEST_STEP][PASSED] - Statement - counter = counter + 1: null

2018-12-05 12:12:58 - [TEST_STEP][PASSED] - Statement - PreSaveFile = new java.io.File(((pathPrefix + java.lang.Integer.toString(counter)) + .png)): null

2018-12-05 12:12:58 - [TEST_STEP][PASSED] - Statement - counter = counter + 1: null

2018-12-05 12:12:58 - [TEST_STEP][PASSED] - Statement - PreSaveFile = new java.io.File(((pathPrefix + java.lang.Integer.toString(counter)) + .png)): null

2018-12-05 12:12:58 - [TEST_STEP][PASSED] - Statement - counter = counter + 1: null

2018-12-05 12:12:58 - [TEST_STEP][PASSED] - Statement - PreSaveFile = new java.io.File(((pathPrefix + java.lang.Integer.toString(counter)) + .png)): null

2018-12-05 12:12:59 - [TEST_STEP][PASSED] - Statement - counter = counter + 1: null

2018-12-05 12:12:59 - [TEST_STEP][PASSED] - Statement - PreSaveFile = new java.io.File(((pathPrefix + java.lang.Integer.toString(counter)) + .png)): null

2018-12-05 12:12:59 - [TEST_STEP][PASSED] - Statement - counter = counter + 1: null

2018-12-05 12:12:59 - [TEST_STEP][PASSED] - Statement - PreSaveFile = new java.io.File(((pathPrefix + java.lang.Integer.toString(counter)) + .png)): null

2018-12-05 12:12:59 - [TEST_STEP][PASSED] - Statement - counter = counter + 1: null

2018-12-05 12:12:59 - [TEST_STEP][PASSED] - Statement - PreSaveFile = new java.io.File(((pathPrefix + java.lang.Integer.toString(counter)) + .png)): null

2018-12-05 12:12:59 - [TEST_STEP][PASSED] - Statement - counter = counter + 1: null

2018-12-05 12:12:59 - [TEST_STEP][PASSED] - Statement - PreSaveFile = new java.io.File(((pathPrefix + java.lang.Integer.toString(counter)) + .png)): null

2018-12-05 12:12:59 - [TEST_STEP][PASSED] - Statement - counter = counter + 1: null

2018-12-05 12:12:59 - [TEST_STEP][PASSED] - Statement - PreSaveFile = new java.io.File(((pathPrefix + java.lang.Integer.toString(counter)) + .png)): null

2018-12-05 12:12:59 - [TEST_STEP][PASSED] - Statement - counter = counter + 1: null

2018-12-05 12:12:59 - [TEST_STEP][PASSED] - Statement - PreSaveFile = new java.io.File(((pathPrefix + java.lang.Integer.toString(counter)) + .png)): null

2018-12-05 12:12:59 - [TEST_STEP][PASSED] - Statement - counter = counter + 1: null

2018-12-05 12:12:59 - [TEST_STEP][PASSED] - Statement - PreSaveFile = new java.io.File(((pathPrefix + java.lang.Integer.toString(counter)) + .png)): null

2018-12-05 12:12:59 - [TEST_STEP][PASSED] - Statement - counter = counter + 1: null

2018-12-05 12:12:59 - [TEST_STEP][PASSED] - Statement - PreSaveFile = new java.io.File(((pathPrefix + java.lang.Integer.toString(counter)) + .png)): null

2018-12-05 12:12:59 - [TEST_STEP][PASSED] - Statement - counter = counter + 1: null

2018-12-05 12:12:59 - [TEST_STEP][PASSED] - Statement - PreSaveFile = new java.io.File(((pathPrefix + java.lang.Integer.toString(counter)) + .png)): null

2018-12-05 12:12:59 - [TEST_STEP][PASSED] - Statement - counter = counter + 1: null

2018-12-05 12:12:59 - [TEST_STEP][PASSED] - Statement - PreSaveFile = new java.io.File(((pathPrefix + java.lang.Integer.toString(counter)) + .png)): null

2018-12-05 12:12:59 - [TEST_STEP][PASSED] - Statement - counter = counter + 1: null

2018-12-05 12:12:59 - [TEST_STEP][PASSED] - Statement - PreSaveFile = new java.io.File(((pathPrefix + java.lang.Integer.toString(counter)) + .png)): null

2018-12-05 12:12:59 - [TEST_STEP][PASSED] - Statement - counter = counter + 1: null

2018-12-05 12:12:59 - [TEST_STEP][PASSED] - Statement - PreSaveFile = new java.io.File(((pathPrefix + java.lang.Integer.toString(counter)) + .png)): null

2018-12-05 12:12:59 - [TEST_STEP][PASSED] - Statement - counter = counter + 1: null

2018-12-05 12:12:59 - [TEST_STEP][PASSED] - Statement - PreSaveFile = new java.io.File(((pathPrefix + java.lang.Integer.toString(counter)) + .png)): null

2018-12-05 12:12:59 - [TEST_STEP][PASSED] - Statement - counter = counter + 1: null

2018-12-05 12:12:59 - [TEST_STEP][PASSED] - Statement - PreSaveFile = new java.io.File(((pathPrefix + java.lang.Integer.toString(counter)) + .png)): null

2018-12-05 12:13:00 - [TEST_STEP][PASSED] - Statement - counter = counter + 1: null

2018-12-05 12:13:00 - [TEST_STEP][PASSED] - Statement - PreSaveFile = new java.io.File(((pathPrefix + java.lang.Integer.toString(counter)) + .png)): null

2018-12-05 12:13:00 - [TEST_STEP][PASSED] - Statement - counter = counter + 1: null

2018-12-05 12:13:00 - [TEST_STEP][PASSED] - Statement - PreSaveFile = new java.io.File(((pathPrefix + java.lang.Integer.toString(counter)) + .png)): null

2018-12-05 12:13:00 - [TEST_STEP][PASSED] - Statement - counter = counter + 1: null

2018-12-05 12:13:00 - [TEST_STEP][PASSED] - Statement - PreSaveFile = new java.io.File(((pathPrefix + java.lang.Integer.toString(counter)) + .png)): null

2018-12-05 12:13:00 - [TEST_STEP][PASSED] - Statement - counter = counter + 1: null

2018-12-05 12:13:00 - [TEST_STEP][PASSED] - Statement - PreSaveFile = new java.io.File(((pathPrefix + java.lang.Integer.toString(counter)) + .png)): null

2018-12-05 12:13:00 - [TEST_STEP][PASSED] - Statement - counter = counter + 1: null

2018-12-05 12:13:00 - [TEST_STEP][PASSED] - Statement - PreSaveFile = new java.io.File(((pathPrefix + java.lang.Integer.toString(counter)) + .png)): null

2018-12-05 12:13:00 - [TEST_STEP][PASSED] - Statement - counter = counter + 1: null

2018-12-05 12:13:00 - [TEST_STEP][PASSED] - Statement - PreSaveFile = new java.io.File(((pathPrefix + java.lang.Integer.toString(counter)) + .png)): null

2018-12-05 12:13:00 - [TEST_STEP][PASSED] - Statement - counter = counter + 1: null

2018-12-05 12:13:00 - [TEST_STEP][PASSED] - Statement - PreSaveFile = new java.io.File(((pathPrefix + java.lang.Integer.toString(counter)) + .png)): null

2018-12-05 12:13:00 - [TEST_STEP][PASSED] - Statement - counter = counter + 1: null

2018-12-05 12:13:00 - [TEST_STEP][PASSED] - Statement - PreSaveFile = new java.io.File(((pathPrefix + java.lang.Integer.toString(counter)) + .png)): null

2018-12-05 12:13:00 - [TEST_STEP][PASSED] - Statement - counter = counter + 1: null

2018-12-05 12:13:00 - [TEST_STEP][PASSED] - Statement - PreSaveFile = new java.io.File(((pathPrefix + java.lang.Integer.toString(counter)) + .png)): null

2018-12-05 12:13:00 - [TEST_STEP][PASSED] - Statement - counter = counter + 1: null

2018-12-05 12:13:00 - [TEST_STEP][PASSED] - Statement - PreSaveFile = new java.io.File(((pathPrefix + java.lang.Integer.toString(counter)) + .png)): null

2018-12-05 12:13:00 - [TEST_STEP][PASSED] - Statement - counter = counter + 1: null

2018-12-05 12:13:00 - [TEST_STEP][PASSED] - Statement - PreSaveFile = new java.io.File(((pathPrefix + java.lang.Integer.toString(counter)) + .png)): null

2018-12-05 12:13:00 - [TEST_STEP][PASSED] - Statement - counter = counter + 1: null

2018-12-05 12:13:00 - [TEST_STEP][PASSED] - Statement - PreSaveFile = new java.io.File(((pathPrefix + java.lang.Integer.toString(counter)) + .png)): null

2018-12-05 12:13:00 - [TEST_STEP][PASSED] - Statement - counter = counter + 1: null

2018-12-05 12:13:00 - [TEST_STEP][PASSED] - Statement - PreSaveFile = new java.io.File(((pathPrefix + java.lang.Integer.toString(counter)) + .png)): null

2018-12-05 12:13:00 - [TEST_STEP][PASSED] - Statement - counter = counter + 1: null

2018-12-05 12:13:00 - [TEST_STEP][PASSED] - Statement - PreSaveFile = new java.io.File(((pathPrefix + java.lang.Integer.toString(counter)) + .png)): null

2018-12-05 12:13:00 - [TEST_STEP][PASSED] - Statement - counter = counter + 1: null

2018-12-05 12:13:01 - [TEST_STEP][PASSED] - Statement - PreSaveFile = new java.io.File(((pathPrefix + java.lang.Integer.toString(counter)) + .png)): null

2018-12-05 12:13:01 - [TEST_STEP][PASSED] - Statement - counter = counter + 1: null

2018-12-05 12:13:01 - [TEST_STEP][PASSED] - Statement - PreSaveFile = new java.io.File(((pathPrefix + java.lang.Integer.toString(counter)) + .png)): null

2018-12-05 12:13:01 - [TEST_STEP][PASSED] - Statement - counter = counter + 1: null

2018-12-05 12:13:01 - [TEST_STEP][PASSED] - Statement - PreSaveFile = new java.io.File(((pathPrefix + java.lang.Integer.toString(counter)) + .png)): null

2018-12-05 12:13:01 - [TEST_STEP][PASSED] - Statement - counter = counter + 1: null

2018-12-05 12:13:01 - [TEST_STEP][PASSED] - Statement - PreSaveFile = new java.io.File(((pathPrefix + java.lang.Integer.toString(counter)) + .png)): null

2018-12-05 12:13:01 - [TEST_STEP][PASSED] - Statement - counter = counter + 1: null

2018-12-05 12:13:01 - [TEST_STEP][PASSED] - Statement - PreSaveFile = new java.io.File(((pathPrefix + java.lang.Integer.toString(counter)) + .png)): null

2018-12-05 12:13:01 - [TEST_STEP][PASSED] - Statement - counter = counter + 1: null

2018-12-05 12:13:01 - [TEST_STEP][PASSED] - Statement - PreSaveFile = new java.io.File(((pathPrefix + java.lang.Integer.toString(counter)) + .png)): null

2018-12-05 12:13:01 - [TEST_STEP][PASSED] - Statement - counter = counter + 1: null

2018-12-05 12:13:01 - [TEST_STEP][PASSED] - Statement - PreSaveFile = new java.io.File(((pathPrefix + java.lang.Integer.toString(counter)) + .png)): null

2018-12-05 12:13:01 - [TEST_STEP][PASSED] - Statement - counter = counter + 1: null

2018-12-05 12:13:01 - [TEST_STEP][PASSED] - Statement - PreSaveFile = new java.io.File(((pathPrefix + java.lang.Integer.toString(counter)) + .png)): null

2018-12-05 12:13:01 - [TEST_STEP][PASSED] - Statement - counter = counter + 1: null

2018-12-05 12:13:01 - [TEST_STEP][PASSED] - Statement - PreSaveFile = new java.io.File(((pathPrefix + java.lang.Integer.toString(counter)) + .png)): null

2018-12-05 12:13:01 - [TEST_STEP][PASSED] - Statement - counter = counter + 1: null

2018-12-05 12:13:01 - [TEST_STEP][PASSED] - Statement - PreSaveFile = new java.io.File(((pathPrefix + java.lang.Integer.toString(counter)) + .png)): null

2018-12-05 12:13:01 - [TEST_STEP][PASSED] - Statement - counter = counter + 1: null

2018-12-05 12:13:01 - [TEST_STEP][PASSED] - Statement - PreSaveFile = new java.io.File(((pathPrefix + java.lang.Integer.toString(counter)) + .png)): null

2018-12-05 12:13:01 - [TEST_STEP][PASSED] - Statement - counter = counter + 1: null

2018-12-05 12:13:01 - [TEST_STEP][PASSED] - Statement - PreSaveFile = new java.io.File(((pathPrefix + java.lang.Integer.toString(counter)) + .png)): null

2018-12-05 12:13:01 - [TEST_STEP][PASSED] - Statement - counter = counter + 1: null

2018-12-05 12:13:01 - [TEST_STEP][PASSED] - Statement - PreSaveFile = new java.io.File(((pathPrefix + java.lang.Integer.toString(counter)) + .png)): null

2018-12-05 12:13:01 - [TEST_STEP][PASSED] - Statement - counter = counter + 1: null

2018-12-05 12:13:01 - [TEST_STEP][PASSED] - Statement - PreSaveFile = new java.io.File(((pathPrefix + java.lang.Integer.toString(counter)) + .png)): null

2018-12-05 12:13:01 - [TEST_STEP][PASSED] - Statement - counter = counter + 1: null

2018-12-05 12:13:01 - [TEST_STEP][PASSED] - Statement - PreSaveFile = new java.io.File(((pathPrefix + java.lang.Integer.toString(counter)) + .png)): null

2018-12-05 12:13:02 - [TEST_STEP][PASSED] - Statement - counter = counter + 1: null

2018-12-05 12:13:02 - [TEST_STEP][PASSED] - Statement - PreSaveFile = new java.io.File(((pathPrefix + java.lang.Integer.toString(counter)) + .png)): null

2018-12-05 12:13:02 - [TEST_STEP][PASSED] - Statement - counter = counter + 1: null

2018-12-05 12:13:02 - [TEST_STEP][PASSED] - Statement - PreSaveFile = new java.io.File(((pathPrefix + java.lang.Integer.toString(counter)) + .png)): null

2018-12-05 12:13:02 - [TEST_STEP][PASSED] - Statement - counter = counter + 1: null

2018-12-05 12:13:02 - [TEST_STEP][PASSED] - Statement - PreSaveFile = new java.io.File(((pathPrefix + java.lang.Integer.toString(counter)) + .png)): null

2018-12-05 12:13:02 - [TEST_STEP][PASSED] - Statement - counter = counter + 1: null

2018-12-05 12:13:02 - [TEST_STEP][PASSED] - Statement - PreSaveFile = new java.io.File(((pathPrefix + java.lang.Integer.toString(counter)) + .png)): null

2018-12-05 12:13:02 - [TEST_STEP][PASSED] - Statement - counter = counter + 1: null

2018-12-05 12:13:02 - [TEST_STEP][PASSED] - Statement - PreSaveFile = new java.io.File(((pathPrefix + java.lang.Integer.toString(counter)) + .png)): null

2018-12-05 12:13:02 - [TEST_STEP][PASSED] - Statement - counter = counter + 1: null

2018-12-05 12:13:02 - [TEST_STEP][PASSED] - Statement - PreSaveFile = new java.io.File(((pathPrefix + java.lang.Integer.toString(counter)) + .png)): null

2018-12-05 12:13:02 - [TEST_STEP][PASSED] - Statement - counter = counter + 1: null

2018-12-05 12:13:02 - [TEST_STEP][PASSED] - Statement - PreSaveFile = new java.io.File(((pathPrefix + java.lang.Integer.toString(counter)) + .png)): null

2018-12-05 12:13:02 - [TEST_STEP][PASSED] - Statement - counter = counter + 1: null

2018-12-05 12:13:02 - [TEST_STEP][PASSED] - Statement - PreSaveFile = new java.io.File(((pathPrefix + java.lang.Integer.toString(counter)) + .png)): null

2018-12-05 12:13:02 - [TEST_STEP][PASSED] - Statement - counter = counter + 1: null

2018-12-05 12:13:02 - [TEST_STEP][PASSED] - Statement - PreSaveFile = new java.io.File(((pathPrefix + java.lang.Integer.toString(counter)) + .png)): null

2018-12-05 12:13:02 - [TEST_STEP][PASSED] - Statement - counter = counter + 1: null

2018-12-05 12:13:02 - [TEST_STEP][PASSED] - Statement - PreSaveFile = new java.io.File(((pathPrefix + java.lang.Integer.toString(counter)) + .png)): null

2018-12-05 12:13:02 - [TEST_STEP][PASSED] - Statement - counter = counter + 1: null

2018-12-05 12:13:02 - [TEST_STEP][PASSED] - Statement - PreSaveFile = new java.io.File(((pathPrefix + java.lang.Integer.toString(counter)) + .png)): null

2018-12-05 12:13:02 - [TEST_STEP][PASSED] - Statement - counter = counter + 1: null

2018-12-05 12:13:02 - [TEST_STEP][PASSED] - Statement - PreSaveFile = new java.io.File(((pathPrefix + java.lang.Integer.toString(counter)) + .png)): null

2018-12-05 12:13:02 - [TEST_STEP][PASSED] - Statement - counter = counter + 1: null

2018-12-05 12:13:02 - [TEST_STEP][PASSED] - Statement - PreSaveFile = new java.io.File(((pathPrefix + java.lang.Integer.toString(counter)) + .png)): null

2018-12-05 12:13:02 - [TEST_STEP][PASSED] - Statement - counter = counter + 1: null

2018-12-05 12:13:02 - [TEST_STEP][PASSED] - Statement - PreSaveFile = new java.io.File(((pathPrefix + java.lang.Integer.toString(counter)) + .png)): null

2018-12-05 12:13:02 - [TEST_STEP][PASSED] - Statement - counter = counter + 1: null

2018-12-05 12:13:02 - [TEST_STEP][PASSED] - Statement - PreSaveFile = new java.io.File(((pathPrefix + java.lang.Integer.toString(counter)) + .png)): null

2018-12-05 12:13:02 - [TEST_STEP][PASSED] - Statement - counter = counter + 1: null

2018-12-05 12:13:02 - [TEST_STEP][PASSED] - Statement - PreSaveFile = new java.io.File(((pathPrefix + java.lang.Integer.toString(counter)) + .png)): null

2018-12-05 12:13:02 - [TEST_STEP][PASSED] - Statement - counter = counter + 1: null

2018-12-05 12:13:02 - [TEST_STEP][PASSED] - Statement - PreSaveFile = new java.io.File(((pathPrefix + java.lang.Integer.toString(counter)) + .png)): null

2018-12-05 12:13:02 - [TEST_STEP][PASSED] - Statement - counter = counter + 1: null

2018-12-05 12:13:02 - [TEST_STEP][PASSED] - Statement - PreSaveFile = new java.io.File(((pathPrefix + java.lang.Integer.toString(counter)) + .png)): null

2018-12-05 12:13:02 - [TEST_STEP][PASSED] - Statement - counter = counter + 1: null

2018-12-05 12:13:02 - [TEST_STEP][PASSED] - Statement - PreSaveFile = new java.io.File(((pathPrefix + java.lang.Integer.toString(counter)) + .png)): null

2018-12-05 12:13:03 - [TEST_STEP][PASSED] - Statement - counter = counter + 1: null

2018-12-05 12:13:03 - [TEST_STEP][PASSED] - Statement - PreSaveFile = new java.io.File(((pathPrefix + java.lang.Integer.toString(counter)) + .png)): null

2018-12-05 12:13:03 - [TEST_STEP][PASSED] - Statement - counter = counter + 1: null

2018-12-05 12:13:03 - [TEST_STEP][PASSED] - Statement - PreSaveFile = new java.io.File(((pathPrefix + java.lang.Integer.toString(counter)) + .png)): null

2018-12-05 12:13:03 - [TEST_STEP][PASSED] - Statement - counter = counter + 1: null

2018-12-05 12:13:03 - [TEST_STEP][PASSED] - Statement - PreSaveFile = new java.io.File(((pathPrefix + java.lang.Integer.toString(counter)) + .png)): null

2018-12-05 12:13:03 - [TEST_STEP][PASSED] - Statement - counter = counter + 1: null

2018-12-05 12:13:03 - [TEST_STEP][PASSED] - Statement - PreSaveFile = new java.io.File(((pathPrefix + java.lang.Integer.toString(counter)) + .png)): null

2018-12-05 12:13:03 - [TEST_STEP][PASSED] - Statement - counter = counter + 1: null

2018-12-05 12:13:03 - [TEST_STEP][PASSED] - Statement - PreSaveFile = new java.io.File(((pathPrefix + java.lang.Integer.toString(counter)) + .png)): null

2018-12-05 12:13:03 - [TEST_STEP][PASSED] - Statement - counter = counter + 1: null

2018-12-05 12:13:03 - [TEST_STEP][PASSED] - Statement - PreSaveFile = new java.io.File(((pathPrefix + java.lang.Integer.toString(counter)) + .png)): null

2018-12-05 12:13:03 - [TEST_STEP][PASSED] - Statement - counter = counter + 1: null

2018-12-05 12:13:03 - [TEST_STEP][PASSED] - Statement - PreSaveFile = new java.io.File(((pathPrefix + java.lang.Integer.toString(counter)) + .png)): null

2018-12-05 12:13:03 - [TEST_STEP][PASSED] - Statement - counter = counter + 1: null

2018-12-05 12:13:03 - [TEST_STEP][PASSED] - Statement - PreSaveFile = new java.io.File(((pathPrefix + java.lang.Integer.toString(counter)) + .png)): null

2018-12-05 12:13:03 - [TEST_STEP][PASSED] - Statement - counter = counter + 1: null

2018-12-05 12:13:03 - [TEST_STEP][PASSED] - Statement - PreSaveFile = new java.io.File(((pathPrefix + java.lang.Integer.toString(counter)) + .png)): null

2018-12-05 12:13:03 - [TEST_STEP][PASSED] - Statement - counter = counter + 1: null

2018-12-05 12:13:03 - [TEST_STEP][PASSED] - Statement - PreSaveFile = new java.io.File(((pathPrefix + java.lang.Integer.toString(counter)) + .png)): null

2018-12-05 12:13:03 - [TEST_STEP][PASSED] - Statement - counter = counter + 1: null

2018-12-05 12:13:03 - [TEST_STEP][PASSED] - Statement - PreSaveFile = new java.io.File(((pathPrefix + java.lang.Integer.toString(counter)) + .png)): null

2018-12-05 12:13:03 - [TEST_STEP][PASSED] - Statement - counter = counter + 1: null

2018-12-05 12:13:03 - [TEST_STEP][PASSED] - Statement - PreSaveFile = new java.io.File(((pathPrefix + java.lang.Integer.toString(counter)) + .png)): null

2018-12-05 12:13:03 - [TEST_STEP][PASSED] - Statement - counter = counter + 1: null

2018-12-05 12:13:03 - [TEST_STEP][PASSED] - Statement - PreSaveFile = new java.io.File(((pathPrefix + java.lang.Integer.toString(counter)) + .png)): null

2018-12-05 12:13:03 - [TEST_STEP][PASSED] - Statement - counter = counter + 1: null

2018-12-05 12:13:03 - [TEST_STEP][PASSED] - Statement - PreSaveFile = new java.io.File(((pathPrefix + java.lang.Integer.toString(counter)) + .png)): null

2018-12-05 12:13:03 - [TEST_STEP][PASSED] - Statement - counter = counter + 1: null

2018-12-05 12:13:04 - [TEST_STEP][PASSED] - Statement - PreSaveFile = new java.io.File(((pathPrefix + java.lang.Integer.toString(counter)) + .png)): null

2018-12-05 12:13:04 - [TEST_STEP][PASSED] - Statement - counter = counter + 1: null

2018-12-05 12:13:04 - [TEST_STEP][PASSED] - Statement - PreSaveFile = new java.io.File(((pathPrefix + java.lang.Integer.toString(counter)) + .png)): null

2018-12-05 12:13:04 - [TEST_STEP][PASSED] - Statement - counter = counter + 1: null

2018-12-05 12:13:04 - [TEST_STEP][PASSED] - Statement - PreSaveFile = new java.io.File(((pathPrefix + java.lang.Integer.toString(counter)) + .png)): null

2018-12-05 12:13:04 - [TEST_STEP][PASSED] - Statement - counter = counter + 1: null

2018-12-05 12:13:04 - [TEST_STEP][PASSED] - Statement - PreSaveFile = new java.io.File(((pathPrefix + java.lang.Integer.toString(counter)) + .png)): null

2018-12-05 12:13:04 - [TEST_STEP][PASSED] - Statement - counter = counter + 1: null

2018-12-05 12:13:04 - [TEST_STEP][PASSED] - Statement - PreSaveFile = new java.io.File(((pathPrefix + java.lang.Integer.toString(counter)) + .png)): null

2018-12-05 12:13:04 - [TEST_STEP][PASSED] - Statement - counter = counter + 1: null

2018-12-05 12:13:04 - [TEST_STEP][PASSED] - Statement - PreSaveFile = new java.io.File(((pathPrefix + java.lang.Integer.toString(counter)) + .png)): null

2018-12-05 12:13:04 - [TEST_STEP][PASSED] - Statement - counter = counter + 1: null

2018-12-05 12:13:04 - [TEST_STEP][PASSED] - Statement - PreSaveFile = new java.io.File(((pathPrefix + java.lang.Integer.toString(counter)) + .png)): null

2018-12-05 12:13:04 - [TEST_STEP][PASSED] - Statement - counter = counter + 1: null

2018-12-05 12:13:04 - [TEST_STEP][PASSED] - Statement - PreSaveFile = new java.io.File(((pathPrefix + java.lang.Integer.toString(counter)) + .png)): null

2018-12-05 12:13:04 - [TEST_STEP][PASSED] - Statement - counter = counter + 1: null

2018-12-05 12:13:04 - [TEST_STEP][PASSED] - Statement - PreSaveFile = new java.io.File(((pathPrefix + java.lang.Integer.toString(counter)) + .png)): null

2018-12-05 12:13:04 - [TEST_STEP][PASSED] - Statement - counter = counter + 1: null

2018-12-05 12:13:04 - [TEST_STEP][PASSED] - Statement - PreSaveFile = new java.io.File(((pathPrefix + java.lang.Integer.toString(counter)) + .png)): null

2018-12-05 12:13:04 - [TEST_STEP][PASSED] - Statement - counter = counter + 1: null

2018-12-05 12:13:04 - [TEST_STEP][PASSED] - Statement - PreSaveFile = new java.io.File(((pathPrefix + java.lang.Integer.toString(counter)) + .png)): null

2018-12-05 12:13:04 - [TEST_STEP][PASSED] - Statement - counter = counter + 1: null

2018-12-05 12:13:04 - [TEST_STEP][PASSED] - Statement - PreSaveFile = new java.io.File(((pathPrefix + java.lang.Integer.toString(counter)) + .png)): null

2018-12-05 12:13:04 - [TEST_STEP][PASSED] - Statement - counter = counter + 1: null

2018-12-05 12:13:04 - [TEST_STEP][PASSED] - Statement - PreSaveFile = new java.io.File(((pathPrefix + java.lang.Integer.toString(counter)) + .png)): null

2018-12-05 12:13:04 - [TEST_STEP][PASSED] - Statement - counter = counter + 1: null

2018-12-05 12:13:04 - [TEST_STEP][PASSED] - Statement - PreSaveFile = new java.io.File(((pathPrefix + java.lang.Integer.toString(counter)) + .png)): null

2018-12-05 12:13:04 - [TEST_STEP][PASSED] - Statement - counter = counter + 1: null

2018-12-05 12:13:04 - [TEST_STEP][PASSED] - Statement - PreSaveFile = new java.io.File(((pathPrefix + java.lang.Integer.toString(counter)) + .png)): null

2018-12-05 12:13:05 - [TEST_STEP][PASSED] - Statement - counter = counter + 1: null

2018-12-05 12:13:05 - [TEST_STEP][PASSED] - Statement - PreSaveFile = new java.io.File(((pathPrefix + java.lang.Integer.toString(counter)) + .png)): null

2018-12-05 12:13:05 - [TEST_STEP][PASSED] - Statement - counter = counter + 1: null

2018-12-05 12:13:05 - [TEST_STEP][PASSED] - Statement - PreSaveFile = new java.io.File(((pathPrefix + java.lang.Integer.toString(counter)) + .png)): null

2018-12-05 12:13:05 - [TEST_STEP][PASSED] - Statement - counter = counter + 1: null

2018-12-05 12:13:05 - [TEST_STEP][PASSED] - Statement - PreSaveFile = new java.io.File(((pathPrefix + java.lang.Integer.toString(counter)) + .png)): null

2018-12-05 12:13:05 - [TEST_STEP][PASSED] - Statement - counter = counter + 1: null

2018-12-05 12:13:05 - [TEST_STEP][PASSED] - Statement - PreSaveFile = new java.io.File(((pathPrefix + java.lang.Integer.toString(counter)) + .png)): null

2018-12-05 12:13:05 - [TEST_STEP][PASSED] - Statement - counter = counter + 1: null

2018-12-05 12:13:05 - [TEST_STEP][PASSED] - Statement - PreSaveFile = new java.io.File(((pathPrefix + java.lang.Integer.toString(counter)) + .png)): null

2018-12-05 12:13:05 - [TEST_STEP][PASSED] - Statement - counter = counter + 1: null

2018-12-05 12:13:05 - [TEST_STEP][PASSED] - Statement - PreSaveFile = new java.io.File(((pathPrefix + java.lang.Integer.toString(counter)) + .png)): null

2018-12-05 12:13:05 - [TEST_STEP][PASSED] - Statement - counter = counter + 1: null

2018-12-05 12:13:05 - [TEST_STEP][PASSED] - Statement - PreSaveFile = new java.io.File(((pathPrefix + java.lang.Integer.toString(counter)) + .png)): null

2018-12-05 12:13:05 - [TEST_STEP][PASSED] - Statement - counter = counter + 1: null

2018-12-05 12:13:05 - [TEST_STEP][PASSED] - Statement - PreSaveFile = new java.io.File(((pathPrefix + java.lang.Integer.toString(counter)) + .png)): null

2018-12-05 12:13:05 - [TEST_STEP][PASSED] - Statement - counter = counter + 1: null

2018-12-05 12:13:05 - [TEST_STEP][PASSED] - Statement - PreSaveFile = new java.io.File(((pathPrefix + java.lang.Integer.toString(counter)) + .png)): null

2018-12-05 12:13:05 - [TEST_STEP][PASSED] - Statement - counter = counter + 1: null

2018-12-05 12:13:05 - [TEST_STEP][PASSED] - Statement - PreSaveFile = new java.io.File(((pathPrefix + java.lang.Integer.toString(counter)) + .png)): null

2018-12-05 12:13:05 - [TEST_STEP][PASSED] - Statement - counter = counter + 1: null

2018-12-05 12:13:05 - [TEST_STEP][PASSED] - Statement - PreSaveFile = new java.io.File(((pathPrefix + java.lang.Integer.toString(counter)) + .png)): null

2018-12-05 12:13:05 - [TEST_STEP][PASSED] - Statement - counter = counter + 1: null

2018-12-05 12:13:05 - [TEST_STEP][PASSED] - Statement - PreSaveFile = new java.io.File(((pathPrefix + java.lang.Integer.toString(counter)) + .png)): null

2018-12-05 12:13:05 - [TEST_STEP][PASSED] - Statement - counter = counter + 1: null

2018-12-05 12:13:05 - [TEST_STEP][PASSED] - Statement - PreSaveFile = new java.io.File(((pathPrefix + java.lang.Integer.toString(counter)) + .png)): null

2018-12-05 12:13:05 - [TEST_STEP][PASSED] - Statement - counter = counter + 1: null

2018-12-05 12:13:05 - [TEST_STEP][PASSED] - Statement - PreSaveFile = new java.io.File(((pathPrefix + java.lang.Integer.toString(counter)) + .png)): null

2018-12-05 12:13:05 - [TEST_STEP][PASSED] - Statement - counter = counter + 1: null

2018-12-05 12:13:06 - [TEST_STEP][PASSED] - Statement - PreSaveFile = new java.io.File(((pathPrefix + java.lang.Integer.toString(counter)) + .png)): null

2018-12-05 12:13:06 - [TEST_STEP][PASSED] - Statement - counter = counter + 1: null

2018-12-05 12:13:06 - [TEST_STEP][PASSED] - Statement - PreSaveFile = new java.io.File(((pathPrefix + java.lang.Integer.toString(counter)) + .png)): null

2018-12-05 12:13:06 - [TEST_STEP][PASSED] - Statement - counter = counter + 1: null

2018-12-05 12:13:06 - [TEST_STEP][PASSED] - Statement - PreSaveFile = new java.io.File(((pathPrefix + java.lang.Integer.toString(counter)) + .png)): null

2018-12-05 12:13:06 - [TEST_STEP][PASSED] - Statement - counter = counter + 1: null

2018-12-05 12:13:06 - [TEST_STEP][PASSED] - Statement - PreSaveFile = new java.io.File(((pathPrefix + java.lang.Integer.toString(counter)) + .png)): null

2018-12-05 12:13:06 - [TEST_STEP][PASSED] - Statement - counter = counter + 1: null

2018-12-05 12:13:06 - [TEST_STEP][PASSED] - Statement - PreSaveFile = new java.io.File(((pathPrefix + java.lang.Integer.toString(counter)) + .png)): null

2018-12-05 12:13:06 - [TEST_STEP][PASSED] - Statement - counter = counter + 1: null

2018-12-05 12:13:06 - [TEST_STEP][PASSED] - Statement - PreSaveFile = new java.io.File(((pathPrefix + java.lang.Integer.toString(counter)) + .png)): null

2018-12-05 12:13:06 - [TEST_STEP][PASSED] - Statement - counter = counter + 1: null

2018-12-05 12:13:06 - [TEST_STEP][PASSED] - Statement - PreSaveFile = new java.io.File(((pathPrefix + java.lang.Integer.toString(counter)) + .png)): null

2018-12-05 12:13:06 - [TEST_STEP][PASSED] - Statement - finalPath = pathPrefix + java.lang.Integer.toString(counter) + ".png": null

2018-12-05 12:13:06 - [TEST_STEP][PASSED] - Statement - SaveFile = new java.io.File(finalPath): null

2018-12-05 12:13:06 - [TEST_STEP][PASSED] - Statement - Try: null

2018-12-05 12:13:06 - [TEST_STEP][PASSED] - Statement - org.apache.commons.io.FileUtils.copyFile(scrFile, SaveFile): null

2018-12-05 12:13:06 - [TEST_STEP][PASSED] - Statement - out.println("file kept"): null

2018-12-05 12:13:06 - [TEST_STEP][PASSED] - delay: Delayed 10 second(s)

2018-12-05 12:13:16 - [MESSAGE][PASSED] - Delayed 10 second(s)

2018-12-05 12:13:16 - [MESSAGE][PASSED] - Call Test Case 'Test Cases/Final Aug 2018 - PKS Automation/Registration Module/New Registration/Submit and Screenshot/Submit Registration and Screenshot' successfully

2018-12-05 12:13:16 - [TEST_STEP][PASSED] - callTestCase: Call Test Case 'Test Cases/Final Aug 2018 - PKS Automation/Registration Module/Log Out/log out avoiding katalon tagging' successfully

2018-12-05 12:13:16 - [TEST_CASE][PASSED] - Test Cases/Final Aug 2018 - PKS Automation/Registration Module/Log Out/log out avoiding katalon tagging: Test Cases/Final Aug 2018 - PKS Automation/Registration Module/Log Out/log out avoiding katalon tagging

2018-12-05 12:13:17 - [TEST_STEP][PASSED] - navigateToUrl: Navigate to 'https://assist2-uat.perkeso.gov.my/c/portal/logout' successfully

2018-12-05 12:13:17 - [MESSAGE][PASSED] - Navigate to 'https://assist2-uat.perkeso.gov.my/c/portal/logout' successfully

2018-12-05 12:13:17 - [MESSAGE][PASSED] - Call Test Case 'Test Cases/Final Aug 2018 - PKS Automation/Registration Module/Log Out/log out avoiding katalon tagging' successfully

2018-12-05 12:13:17 - [TEST_STEP][PASSED] - callTestCase: Call Test Case 'Test Cases/Final Aug 2018 - PKS Automation/Common/Workflow Owner Finder' successfully

2018-12-05 12:13:18 - [TEST_CASE][PASSED] - Test Cases/Final Aug 2018 - PKS Automation/Common/Workflow Owner Finder: Test Cases/Final Aug 2018 - PKS Automation/Common/Workflow Owner Finder

2018-12-05 12:13:18 - [TEST_STEP][PASSED] - openBrowser: Browser is opened with url: ''

2018-12-05 12:13:18 - [MESSAGE][WARNING] - A browser is already opened. Closing browser and opening a new one

2018-12-05 12:13:21 - [MESSAGE][PASSED] - Browser is opened with url: ''

2018-12-05 12:13:21 - [TEST_STEP][PASSED] - navigateToUrl: Navigate to 'https://assist2-uat.perkeso.gov.my/login' successfully

2018-12-05 12:13:22 - [MESSAGE][PASSED] - Navigate to 'https://assist2-uat.perkeso.gov.my/login' successfully

2018-12-05 12:13:22 - [TEST_STEP][PASSED] - delay: Delayed 5 second(s)

2018-12-05 12:13:27 - [MESSAGE][PASSED] - Delayed 5 second(s)

2018-12-05 12:13:27 - [TEST_STEP][PASSED] - setText: Text 'test@liferay.com' is set on object 'Object Repository/Final Object Repo/Login Page/Internal User/Email Address'

2018-12-05 12:13:27 - [MESSAGE][PASSED] - Text 'test@liferay.com' is set on object 'Object Repository/Final Object Repo/Login Page/Internal User/Email Address'

2018-12-05 12:13:27 - [TEST_STEP][PASSED] - click: Object: 'Object Repository/Final Object Repo/Login Page/Internal User/Next Button' is clicked on

2018-12-05 12:13:28 - [MESSAGE][PASSED] - Object: 'Object Repository/Final Object Repo/Login Page/Internal User/Next Button' is clicked on

2018-12-05 12:13:28 - [TEST_STEP][PASSED] - delay: Delayed 2 second(s)

2018-12-05 12:13:30 - [MESSAGE][PASSED] - Delayed 2 second(s)

2018-12-05 12:13:30 - [TEST_STEP][PASSED] - setText: Text 'test' is set on object 'Object Repository/Final Object Repo/Login Page/Internal User/Password'

2018-12-05 12:13:30 - [MESSAGE][PASSED] - Text 'test' is set on object 'Object Repository/Final Object Repo/Login Page/Internal User/Password'

2018-12-05 12:13:30 - [TEST_STEP][PASSED] - delay: Delayed 2 second(s)

2018-12-05 12:13:32 - [MESSAGE][PASSED] - Delayed 2 second(s)

2018-12-05 12:13:32 - [TEST_STEP][PASSED] - click: Object: 'Object Repository/Final Object Repo/Login Page/Internal User/Login Button' is clicked on

2018-12-05 12:13:32 - [MESSAGE][PASSED] - Object: 'Object Repository/Final Object Repo/Login Page/Internal User/Login Button' is clicked on

2018-12-05 12:13:32 - [TEST_STEP][PASSED] - Statement - tester = com.kms.katalon.core.testobject.ObjectRepository.findTestObject(Final Object Repo/Landing Page/Select to English): Finding Test Object with id 'Object Repository/Final Object Repo/Landing Page/Select to English'

2018-12-05 12:13:32 - [TEST_STEP][PASSED] - Statement - Try: Delayed 2 second(s)

2018-12-05 12:13:32 - [TEST_STEP][PASSED] - Statement - Checker = com.kms.katalon.core.webui.keyword.WebUiBuiltInKeywords.verifyElementNotPresent(tester, 3): Web element with id: 'Object Repository/Final Object Repo/Landing Page/Select to English' located by 'By.xpath: //a[@class = 'taglib-language-list-text' and @lang = 'en-US' and (contains(text(), 'EN') or contains(., 'EN'))]' is not present after '3' second(s)

2018-12-05 12:13:34 - [MESSAGE][PASSED] - Web element with id: 'Object Repository/Final Object Repo/Landing Page/Select to English' located by 'By.xpath: //a[@class = 'taglib-language-list-text' and @lang = 'en-US' and (contains(text(), 'EN') or contains(., 'EN'))]' is not present after '3' second(s)

2018-12-05 12:13:34 - [TEST_STEP][PASSED] - Statement - If (Checker == false): null

2018-12-05 12:13:34 - [TEST_STEP][PASSED] - delay: Delayed 2 second(s)

2018-12-05 12:13:36 - [MESSAGE][PASSED] - Delayed 2 second(s)

2018-12-05 12:13:36 - [TEST_STEP][PASSED] - delay: Delayed 5 second(s)

2018-12-05 12:13:41 - [MESSAGE][PASSED] - Delayed 5 second(s)

2018-12-05 12:13:41 - [TEST_STEP][PASSED] - mouseOver: Object: 'Object Repository/Final Object Repo/Landing Page/WorkFlow Menu' is hovered

2018-12-05 12:13:41 - [MESSAGE][PASSED] - Object: 'Object Repository/Final Object Repo/Landing Page/WorkFlow Menu' is hovered

2018-12-05 12:13:41 - [TEST_STEP][PASSED] - delay: Delayed 2 second(s)

2018-12-05 12:13:43 - [MESSAGE][PASSED] - Delayed 2 second(s)

2018-12-05 12:13:43 - [TEST_STEP][PASSED] - click: Object: 'Object Repository/Final Object Repo/Landing Page/Select to Workflow Listing' is clicked on

2018-12-05 12:13:44 - [MESSAGE][PASSED] - Object: 'Object Repository/Final Object Repo/Landing Page/Select to Workflow Listing' is clicked on

2018-12-05 12:13:44 - [TEST_STEP][PASSED] - delay: Delayed 2 second(s)

2018-12-05 12:13:46 - [MESSAGE][PASSED] - Delayed 2 second(s)

2018-12-05 12:13:46 - [TEST_STEP][PASSED] - click: Object: 'Object Repository/Final Object Repo/WorkFlow Listing Page/Search Information - To Put Ref No' is clicked on

2018-12-05 12:13:47 - [MESSAGE][PASSED] - Object: 'Object Repository/Final Object Repo/WorkFlow Listing Page/Search Information - To Put Ref No' is clicked on

2018-12-05 12:13:47 - [TEST_STEP][PASSED] - delay: Delayed 2 second(s)

2018-12-05 12:13:49 - [MESSAGE][PASSED] - Delayed 2 second(s)

2018-12-05 12:13:49 - [TEST_STEP][PASSED] - callTestCase: Call Test Case 'Test Cases/Final Aug 2018 - PKS Automation/Common/Reference Number Getter' successfully

2018-12-05 12:13:49 - [TEST_CASE][PASSED] - Test Cases/Final Aug 2018 - PKS Automation/Common/Reference Number Getter: Test Cases/Final Aug 2018 - PKS Automation/Common/Reference Number Getter

2018-12-05 12:13:49 - [TEST_STEP][PASSED] - Statement - Try: null

2018-12-05 12:13:49 - [TEST_STEP][PASSED] - Statement - RefNo = new java.io.File(C://Users//Admin//Desktop//PKS//Automation Reference Point//KatalonReference.txt): null

2018-12-05 12:13:49 - [TEST_STEP][PASSED] - Statement - bufferread = new java.io.BufferedReader(new java.io.FileReader(RefNo)): null

2018-12-05 12:13:49 - [TEST_STEP][PASSED] - Statement - readedVal = bufferread.readLine(): null

2018-12-05 12:13:49 - [TEST_STEP][PASSED] - Statement - out.println(CaseReferenceNo): null

2018-12-05 12:13:49 - [TEST_STEP][PASSED] - Statement - out.println(readedVal): null

2018-12-05 12:13:49 - [TEST_STEP][PASSED] - Statement - CaseReferenceNo = "": null

2018-12-05 12:13:49 - [TEST_STEP][PASSED] - Statement - CaseReferenceNo = readedVal: null

2018-12-05 12:13:49 - [MESSAGE][PASSED] - Call Test Case 'Test Cases/Final Aug 2018 - PKS Automation/Common/Reference Number Getter' successfully

2018-12-05 12:13:49 - [TEST_STEP][PASSED] - setText: Text 'CRN12201800123004' is set on object 'Object Repository/Final Object Repo/WorkFlow Listing Page/Ref No Set Text'

2018-12-05 12:13:49 - [MESSAGE][PASSED] - Text 'CRN12201800123004' is set on object 'Object Repository/Final Object Repo/WorkFlow Listing Page/Ref No Set Text'

2018-12-05 12:13:49 - [TEST_STEP][PASSED] - delay: Delayed 2 second(s)

2018-12-05 12:13:51 - [MESSAGE][PASSED] - Delayed 2 second(s)

2018-12-05 12:13:51 - [TEST_STEP][PASSED] - click: Object: 'Object Repository/Final Object Repo/WorkFlow Listing Page/Search Ref No Search Button' is clicked on

2018-12-05 12:13:51 - [MESSAGE][PASSED] - Object: 'Object Repository/Final Object Repo/WorkFlow Listing Page/Search Ref No Search Button' is clicked on

2018-12-05 12:13:51 - [TEST_STEP][PASSED] - delay: Delayed 6 second(s)

2018-12-05 12:13:57 - [MESSAGE][PASSED] - Delayed 6 second(s)

2018-12-05 12:13:57 - [TEST_STEP][PASSED] - click: Object: 'Object Repository/Final Object Repo/WorkFlow Listing Page/Click Continue Tooltip' is clicked on

2018-12-05 12:14:00 - [MESSAGE][PASSED] - Object: 'Object Repository/Final Object Repo/WorkFlow Listing Page/Click Continue Tooltip' is clicked on

2018-12-05 12:14:00 - [TEST_STEP][PASSED] - delay: Delayed 5 second(s)

2018-12-05 12:14:05 - [MESSAGE][PASSED] - Delayed 5 second(s)

2018-12-05 12:14:05 - [TEST_STEP][PASSED] - doubleClick: Object: 'Object Repository/Final Object Repo/WorkFlow Listing Page/Workflow Found - Listing 1' is double clicked on

2018-12-05 12:14:05 - [MESSAGE][PASSED] - Object: 'Object Repository/Final Object Repo/WorkFlow Listing Page/Workflow Found - Listing 1' is double clicked on

2018-12-05 12:14:05 - [TEST_STEP][PASSED] - Statement - println(OwnerID): null

2018-12-05 12:14:05 - [TEST_STEP][PASSED] - Statement - OwnerID = com.kms.katalon.core.webui.keyword.WebUiBuiltInKeywords.getText(com.kms.katalon.core.testobject.ObjectRepository.findTestObject(Final Object Repo/WorkFlow Listing Page/Workflow Found - Listing 1), STOP_ON_FAILURE): Text of object 'Object Repository/Final Object Repo/WorkFlow Listing Page/Workflow Found - Listing 1' is: 'JOHORro1'

2018-12-05 12:14:05 - [MESSAGE][PASSED] - Text of object 'Object Repository/Final Object Repo/WorkFlow Listing Page/Workflow Found - Listing 1' is: 'JOHORro1'

2018-12-05 12:14:05 - [TEST_STEP][PASSED] - Statement - OwnerID = OwnerID.toLowerCase() + "@gmail.com": null

2018-12-05 12:14:05 - [TEST_STEP][PASSED] - Statement - println(OwnerID): null

2018-12-05 12:14:05 - [TEST_STEP][PASSED] - delay: Delayed 2 second(s)

2018-12-05 12:14:07 - [MESSAGE][PASSED] - Delayed 2 second(s)

2018-12-05 12:14:07 - [MESSAGE][PASSED] - Call Test Case 'Test Cases/Final Aug 2018 - PKS Automation/Common/Workflow Owner Finder' successfully

2018-12-05 12:14:07 - [TEST_STEP][PASSED] - callTestCase: Call Test Case 'Test Cases/Final Aug 2018 - PKS Automation/Registration Module/Log Out/log out avoiding katalon tagging' successfully

2018-12-05 12:14:07 - [TEST_CASE][PASSED] - Test Cases/Final Aug 2018 - PKS Automation/Registration Module/Log Out/log out avoiding katalon tagging: Test Cases/Final Aug 2018 - PKS Automation/Registration Module/Log Out/log out avoiding katalon tagging

2018-12-05 12:14:07 - [TEST_STEP][PASSED] - navigateToUrl: Navigate to 'https://assist2-uat.perkeso.gov.my/c/portal/logout' successfully

2018-12-05 12:14:08 - [MESSAGE][PASSED] - Navigate to 'https://assist2-uat.perkeso.gov.my/c/portal/logout' successfully

2018-12-05 12:14:08 - [MESSAGE][PASSED] - Call Test Case 'Test Cases/Final Aug 2018 - PKS Automation/Registration Module/Log Out/log out avoiding katalon tagging' successfully

2018-12-05 12:14:08 - [TEST_STEP][PASSED] - delay: Delayed 2 second(s)

2018-12-05 12:14:10 - [MESSAGE][PASSED] - Delayed 2 second(s)

2018-12-05 12:14:10 - [TEST_STEP][PASSED] - setText: Text 'johorro1@gmail.com' is set on object 'Object Repository/Final Object Repo/New Registration - Registration Module Pages/New Reg - OTC to RO/Special Case - All Related Objects/Email TextBox'

2018-12-05 12:14:10 - [MESSAGE][PASSED] - Text 'johorro1@gmail.com' is set on object 'Object Repository/Final Object Repo/New Registration - Registration Module Pages/New Reg - OTC to RO/Special Case - All Related Objects/Email TextBox'

2018-12-05 12:14:10 - [TEST_STEP][PASSED] - click: Object: 'Object Repository/Final Object Repo/New Registration - Registration Module Pages/New Reg - OTC to RO/Special Case - All Related Objects/Next Button' is clicked on

2018-12-05 12:14:10 - [MESSAGE][PASSED] - Object: 'Object Repository/Final Object Repo/New Registration - Registration Module Pages/New Reg - OTC to RO/Special Case - All Related Objects/Next Button' is clicked on

2018-12-05 12:14:10 - [TEST_STEP][PASSED] - delay: Delayed 2 second(s)

2018-12-05 12:14:12 - [MESSAGE][PASSED] - Delayed 2 second(s)

2018-12-05 12:14:12 - [TEST_STEP][PASSED] - setText: Text 'Test1@3456789' is set on object 'Object Repository/Final Object Repo/New Registration - Registration Module Pages/New Reg - OTC to RO/Special Case - All Related Objects/Password TextBox'

2018-12-05 12:14:13 - [MESSAGE][PASSED] - Text 'Test1@3456789' is set on object 'Object Repository/Final Object Repo/New Registration - Registration Module Pages/New Reg - OTC to RO/Special Case - All Related Objects/Password TextBox'

2018-12-05 12:14:13 - [TEST_STEP][PASSED] - delay: Delayed 2 second(s)

2018-12-05 12:14:15 - [MESSAGE][PASSED] - Delayed 2 second(s)

2018-12-05 12:14:15 - [TEST_STEP][PASSED] - click: Object: 'Object Repository/Final Object Repo/New Registration - Registration Module Pages/New Reg - OTC to RO/Special Case - All Related Objects/Login Button' is clicked on

2018-12-05 12:14:15 - [MESSAGE][PASSED] - Object: 'Object Repository/Final Object Repo/New Registration - Registration Module Pages/New Reg - OTC to RO/Special Case - All Related Objects/Login Button' is clicked on

2018-12-05 12:14:15 - [TEST_STEP][PASSED] - delay: Delayed 2 second(s)

2018-12-05 12:14:17 - [MESSAGE][PASSED] - Delayed 2 second(s)

2018-12-05 12:14:17 - [TEST_STEP][PASSED] - Statement - Try: null

2018-12-05 12:14:17 - [TEST_STEP][PASSED] - Statement - Checker = com.kms.katalon.core.webui.keyword.WebUiBuiltInKeywords.verifyElementNotPresent("Final Object Repo/Landing Page/Select to English", 3): null

2018-12-05 12:14:17 - [TEST_STEP][PASSED] - Statement - Catch (Exception e): null

2018-12-05 12:14:17 - [TEST_STEP][PASSED] - Statement - e.printStackTrace(): null

2018-12-05 12:14:17 - [TEST_STEP][PASSED] - click: Object: 'Object Repository/Final Object Repo/New Registration - Registration Module Pages/New Reg - OTC to RO/Special Case - All Related Objects/Expand to Search' is clicked on

2018-12-05 12:14:17 - [MESSAGE][PASSED] - Object: 'Object Repository/Final Object Repo/New Registration - Registration Module Pages/New Reg - OTC to RO/Special Case - All Related Objects/Expand to Search' is clicked on

2018-12-05 12:14:17 - [TEST_STEP][PASSED] - delay: Delayed 2 second(s)

2018-12-05 12:14:19 - [MESSAGE][PASSED] - Delayed 2 second(s)

2018-12-05 12:14:19 - [TEST_STEP][PASSED] - setText: Text 'CRN12201800123004' is set on object 'Object Repository/Final Object Repo/New Registration - Registration Module Pages/New Reg - OTC to RO/Special Case - All Related Objects/TextBox RefNo in Workbasket'

2018-12-05 12:14:19 - [MESSAGE][PASSED] - Text 'CRN12201800123004' is set on object 'Object Repository/Final Object Repo/New Registration - Registration Module Pages/New Reg - OTC to RO/Special Case - All Related Objects/TextBox RefNo in Workbasket'

2018-12-05 12:14:19 - [TEST_STEP][PASSED] - delay: Delayed 2 second(s)

2018-12-05 12:14:21 - [MESSAGE][PASSED] - Delayed 2 second(s)

2018-12-05 12:14:21 - [TEST_STEP][PASSED] - click: Object: 'Object Repository/Final Object Repo/New Registration - Registration Module Pages/New Reg - OTC to RO/Special Case - All Related Objects/Click Search' is clicked on

2018-12-05 12:14:22 - [MESSAGE][PASSED] - Object: 'Object Repository/Final Object Repo/New Registration - Registration Module Pages/New Reg - OTC to RO/Special Case - All Related Objects/Click Search' is clicked on

2018-12-05 12:14:22 - [TEST_STEP][PASSED] - delay: Delayed 2 second(s)

2018-12-05 12:14:24 - [MESSAGE][PASSED] - Delayed 2 second(s)

2018-12-05 12:14:24 - [TEST_STEP][PASSED] - click: Object: 'Object Repository/Final Object Repo/New Registration - Registration Module Pages/New Reg - OTC to RO/Special Case - All Related Objects/Click to Continue Workflow' is clicked on

2018-12-05 12:14:27 - [MESSAGE][PASSED] - Object: 'Object Repository/Final Object Repo/New Registration - Registration Module Pages/New Reg - OTC to RO/Special Case - All Related Objects/Click to Continue Workflow' is clicked on

2018-12-05 12:14:27 - [TEST_STEP][PASSED] - delay: Delayed 2 second(s)

2018-12-05 12:14:29 - [MESSAGE][PASSED] - Delayed 2 second(s)

2018-12-05 12:14:29 - [TEST_STEP][PASSED] - click: Object: 'Object Repository/Final Object Repo/New Registration - Registration Module Pages/New Reg - OTC to RO/Special Case - All Related Objects/Continue Button in verifying case' is clicked on

2018-12-05 12:14:31 - [MESSAGE][PASSED] - Object: 'Object Repository/Final Object Repo/New Registration - Registration Module Pages/New Reg - OTC to RO/Special Case - All Related Objects/Continue Button in verifying case' is clicked on

2018-12-05 12:14:31 - [TEST_STEP][PASSED] - delay: Delayed 2 second(s)

2018-12-05 12:14:33 - [MESSAGE][PASSED] - Delayed 2 second(s)

2018-12-05 12:14:33 - [TEST_STEP][PASSED] - click: Object: 'Object Repository/Final Object Repo/New Registration - Registration Module Pages/Form 1/Registered As a Branch - Yes' is clicked on

2018-12-05 12:14:33 - [MESSAGE][PASSED] - Object: 'Object Repository/Final Object Repo/New Registration - Registration Module Pages/Form 1/Registered As a Branch - Yes' is clicked on

2018-12-05 12:14:33 - [TEST_STEP][PASSED] - delay: Delayed 2 second(s)

2018-12-05 12:14:35 - [MESSAGE][PASSED] - Delayed 2 second(s)

2018-12-05 12:14:35 - [TEST_STEP][PASSED] - click: Object: 'Object Repository/Final Object Repo/New Registration - Registration Module Pages/New Reg - OTC to RO/Special Case - All Related Objects/Form 1 Save n Continue' is clicked on

2018-12-05 12:14:35 - [MESSAGE][PASSED] - Object: 'Object Repository/Final Object Repo/New Registration - Registration Module Pages/New Reg - OTC to RO/Special Case - All Related Objects/Form 1 Save n Continue' is clicked on

2018-12-05 12:14:35 - [TEST_STEP][PASSED] - delay: Delayed 2 second(s)

2018-12-05 12:14:37 - [MESSAGE][PASSED] - Delayed 2 second(s)

2018-12-05 12:14:37 - [TEST_STEP][PASSED] - click: Object: 'Object Repository/Final Object Repo/New Registration - Registration Module Pages/New Reg - OTC to RO/Special Case - All Related Objects/Form 2 Save n Continue' is clicked on

2018-12-05 12:14:37 - [MESSAGE][PASSED] - Object: 'Object Repository/Final Object Repo/New Registration - Registration Module Pages/New Reg - OTC to RO/Special Case - All Related Objects/Form 2 Save n Continue' is clicked on

2018-12-05 12:14:37 - [TEST_STEP][PASSED] - delay: Delayed 2 second(s)

2018-12-05 12:14:39 - [MESSAGE][PASSED] - Delayed 2 second(s)

2018-12-05 12:14:39 - [TEST_STEP][PASSED] - click: Object: 'Object Repository/Final Object Repo/New Registration - Registration Module Pages/New Reg - OTC to RO/Special Case - All Related Objects/Third Screen Save n Continue' is clicked on

2018-12-05 12:14:44 - [MESSAGE][PASSED] - Object: 'Object Repository/Final Object Repo/New Registration - Registration Module Pages/New Reg - OTC to RO/Special Case - All Related Objects/Third Screen Save n Continue' is clicked on

2018-12-05 12:14:44 - [TEST_STEP][PASSED] - delay: Delayed 5 second(s)

2018-12-05 12:14:49 - [MESSAGE][PASSED] - Delayed 5 second(s)

2018-12-05 12:14:49 - [TEST_STEP][PASSED] - click: Object: 'Object Repository/Final Object Repo/New Registration - Registration Module Pages/New Reg - OTC to RO/Special Case - All Related Objects/Upload Doc Page Save n Continue' is clicked on

2018-12-05 12:14:50 - [MESSAGE][PASSED] - Object: 'Object Repository/Final Object Repo/New Registration - Registration Module Pages/New Reg - OTC to RO/Special Case - All Related Objects/Upload Doc Page Save n Continue' is clicked on

2018-12-05 12:14:50 - [TEST_STEP][PASSED] - delay: Delayed 5 second(s)

2018-12-05 12:14:55 - [MESSAGE][PASSED] - Delayed 5 second(s)

2018-12-05 12:14:55 - [TEST_STEP][PASSED] - click: Object: 'Object Repository/Final Object Repo/New Registration - Registration Module Pages/New Reg - OTC to RO/Special Case - All Related Objects/Under Enforcement Button at Preview Screen of RO' is clicked on

2018-12-05 12:14:55 - [MESSAGE][PASSED] - Object: 'Object Repository/Final Object Repo/New Registration - Registration Module Pages/New Reg - OTC to RO/Special Case - All Related Objects/Under Enforcement Button at Preview Screen of RO' is clicked on

2018-12-05 12:14:55 - [TEST_STEP][PASSED] - delay: Delayed 5 second(s)

2018-12-05 12:15:00 - [MESSAGE][PASSED] - Delayed 5 second(s)

2018-12-05 12:15:00 - [TEST_STEP][PASSED] - click: Object: 'Object Repository/Final Object Repo/New Registration - Registration Module Pages/New Reg - OTC to RO/Special Case - All Related Objects/Under Enforcement - inner form' is clicked on

2018-12-05 12:15:00 - [MESSAGE][PASSED] - Object: 'Object Repository/Final Object Repo/New Registration - Registration Module Pages/New Reg - OTC to RO/Special Case - All Related Objects/Under Enforcement - inner form' is clicked on

2018-12-05 12:15:00 - [TEST_STEP][PASSED] - callTestCase: Call Test Case 'Test Cases/Final Aug 2018 - PKS Automation/Common/Screenshoting tool' successfully

2018-12-05 12:15:00 - [TEST_CASE][PASSED] - Test Cases/Final Aug 2018 - PKS Automation/Common/Screenshoting tool: Test Cases/Final Aug 2018 - PKS Automation/Common/Screenshoting tool

2018-12-05 12:15:00 - [TEST_STEP][PASSED] - delay: Delayed 15 second(s)

2018-12-05 12:15:15 - [MESSAGE][PASSED] - Delayed 15 second(s)

2018-12-05 12:15:15 - [TEST_STEP][PASSED] - Statement - driver = com.kms.katalon.core.webui.driver.DriverFactory.getWebDriver(): null

2018-12-05 12:15:15 - [TEST_STEP][PASSED] - Statement - driver.manage().timeouts().implicitlyWait(10, SECONDS): null

2018-12-05 12:15:15 - [TEST_STEP][PASSED] - Statement - PresavePath = KatalonScreenshots: null

2018-12-05 12:15:15 - [TEST_STEP][PASSED] - Statement - pathPrefix = "C:\Users\Public\Pictures\Sample Pictures\Katalon Screenshots\Automate Ending Screen": null

2018-12-05 12:15:15 - [TEST_STEP][PASSED] - Statement - finalPath = <not implemented yet for class: org.codehaus.groovy.ast.expr.EmptyExpression>: null

2018-12-05 12:15:15 - [TEST_STEP][PASSED] - Statement - scrFile = driver.getScreenshotAs(FILE): null

2018-12-05 12:15:16 - [TEST_STEP][PASSED] - Statement - PreSaveFile = new java.io.File(PresavePath): null

2018-12-05 12:15:16 - [TEST_STEP][PASSED] - Statement - counter = 0: null

2018-12-05 12:15:16 - [TEST_STEP][PASSED] - Statement - If (PreSaveFile.exists()): null

2018-12-05 12:15:16 - [TEST_STEP][PASSED] - Statement - While (PreSaveFile.exists()): null

2018-12-05 12:15:16 - [TEST_STEP][PASSED] - Statement - counter = counter + 1: null

2018-12-05 12:15:16 - [TEST_STEP][PASSED] - Statement - PreSaveFile = new java.io.File(((pathPrefix + java.lang.Integer.toString(counter)) + .png)): null

2018-12-05 12:15:16 - [TEST_STEP][PASSED] - Statement - counter = counter + 1: null

2018-12-05 12:15:16 - [TEST_STEP][PASSED] - Statement - PreSaveFile = new java.io.File(((pathPrefix + java.lang.Integer.toString(counter)) + .png)): null

2018-12-05 12:15:16 - [TEST_STEP][PASSED] - Statement - counter = counter + 1: null

2018-12-05 12:15:16 - [TEST_STEP][PASSED] - Statement - PreSaveFile = new java.io.File(((pathPrefix + java.lang.Integer.toString(counter)) + .png)): null

2018-12-05 12:15:16 - [TEST_STEP][PASSED] - Statement - counter = counter + 1: null

2018-12-05 12:15:16 - [TEST_STEP][PASSED] - Statement - PreSaveFile = new java.io.File(((pathPrefix + java.lang.Integer.toString(counter)) + .png)): null

2018-12-05 12:15:16 - [TEST_STEP][PASSED] - Statement - counter = counter + 1: null

2018-12-05 12:15:16 - [TEST_STEP][PASSED] - Statement - PreSaveFile = new java.io.File(((pathPrefix + java.lang.Integer.toString(counter)) + .png)): null

2018-12-05 12:15:16 - [TEST_STEP][PASSED] - Statement - counter = counter + 1: null

2018-12-05 12:15:16 - [TEST_STEP][PASSED] - Statement - PreSaveFile = new java.io.File(((pathPrefix + java.lang.Integer.toString(counter)) + .png)): null

2018-12-05 12:15:16 - [TEST_STEP][PASSED] - Statement - counter = counter + 1: null

2018-12-05 12:15:16 - [TEST_STEP][PASSED] - Statement - PreSaveFile = new java.io.File(((pathPrefix + java.lang.Integer.toString(counter)) + .png)): null

2018-12-05 12:15:16 - [TEST_STEP][PASSED] - Statement - counter = counter + 1: null

2018-12-05 12:15:16 - [TEST_STEP][PASSED] - Statement - PreSaveFile = new java.io.File(((pathPrefix + java.lang.Integer.toString(counter)) + .png)): null

2018-12-05 12:15:16 - [TEST_STEP][PASSED] - Statement - counter = counter + 1: null

2018-12-05 12:15:16 - [TEST_STEP][PASSED] - Statement - PreSaveFile = new java.io.File(((pathPrefix + java.lang.Integer.toString(counter)) + .png)): null

2018-12-05 12:15:16 - [TEST_STEP][PASSED] - Statement - counter = counter + 1: null

2018-12-05 12:15:16 - [TEST_STEP][PASSED] - Statement - PreSaveFile = new java.io.File(((pathPrefix + java.lang.Integer.toString(counter)) + .png)): null

2018-12-05 12:15:16 - [TEST_STEP][PASSED] - Statement - counter = counter + 1: null

2018-12-05 12:15:16 - [TEST_STEP][PASSED] - Statement - PreSaveFile = new java.io.File(((pathPrefix + java.lang.Integer.toString(counter)) + .png)): null

2018-12-05 12:15:16 - [TEST_STEP][PASSED] - Statement - counter = counter + 1: null

2018-12-05 12:15:16 - [TEST_STEP][PASSED] - Statement - PreSaveFile = new java.io.File(((pathPrefix + java.lang.Integer.toString(counter)) + .png)): null

2018-12-05 12:15:16 - [TEST_STEP][PASSED] - Statement - counter = counter + 1: null

2018-12-05 12:15:16 - [TEST_STEP][PASSED] - Statement - PreSaveFile = new java.io.File(((pathPrefix + java.lang.Integer.toString(counter)) + .png)): null

2018-12-05 12:15:16 - [TEST_STEP][PASSED] - Statement - counter = counter + 1: null

2018-12-05 12:15:16 - [TEST_STEP][PASSED] - Statement - PreSaveFile = new java.io.File(((pathPrefix + java.lang.Integer.toString(counter)) + .png)): null

2018-12-05 12:15:16 - [TEST_STEP][PASSED] - Statement - counter = counter + 1: null

2018-12-05 12:15:16 - [TEST_STEP][PASSED] - Statement - PreSaveFile = new java.io.File(((pathPrefix + java.lang.Integer.toString(counter)) + .png)): null

2018-12-05 12:15:16 - [TEST_STEP][PASSED] - Statement - counter = counter + 1: null

2018-12-05 12:15:16 - [TEST_STEP][PASSED] - Statement - PreSaveFile = new java.io.File(((pathPrefix + java.lang.Integer.toString(counter)) + .png)): null

2018-12-05 12:15:16 - [TEST_STEP][PASSED] - Statement - counter = counter + 1: null

2018-12-05 12:15:16 - [TEST_STEP][PASSED] - Statement - PreSaveFile = new java.io.File(((pathPrefix + java.lang.Integer.toString(counter)) + .png)): null

2018-12-05 12:15:16 - [TEST_STEP][PASSED] - Statement - counter = counter + 1: null

2018-12-05 12:15:16 - [TEST_STEP][PASSED] - Statement - PreSaveFile = new java.io.File(((pathPrefix + java.lang.Integer.toString(counter)) + .png)): null

2018-12-05 12:15:16 - [TEST_STEP][PASSED] - Statement - counter = counter + 1: null

2018-12-05 12:15:16 - [TEST_STEP][PASSED] - Statement - PreSaveFile = new java.io.File(((pathPrefix + java.lang.Integer.toString(counter)) + .png)): null

2018-12-05 12:15:16 - [TEST_STEP][PASSED] - Statement - counter = counter + 1: null

2018-12-05 12:15:16 - [TEST_STEP][PASSED] - Statement - PreSaveFile = new java.io.File(((pathPrefix + java.lang.Integer.toString(counter)) + .png)): null

2018-12-05 12:15:16 - [TEST_STEP][PASSED] - Statement - counter = counter + 1: null

2018-12-05 12:15:16 - [TEST_STEP][PASSED] - Statement - PreSaveFile = new java.io.File(((pathPrefix + java.lang.Integer.toString(counter)) + .png)): null

2018-12-05 12:15:16 - [TEST_STEP][PASSED] - Statement - counter = counter + 1: null

2018-12-05 12:15:16 - [TEST_STEP][PASSED] - Statement - PreSaveFile = new java.io.File(((pathPrefix + java.lang.Integer.toString(counter)) + .png)): null

2018-12-05 12:15:16 - [TEST_STEP][PASSED] - Statement - counter = counter + 1: null

2018-12-05 12:15:16 - [TEST_STEP][PASSED] - Statement - PreSaveFile = new java.io.File(((pathPrefix + java.lang.Integer.toString(counter)) + .png)): null

2018-12-05 12:15:16 - [TEST_STEP][PASSED] - Statement - counter = counter + 1: null

2018-12-05 12:15:17 - [TEST_STEP][PASSED] - Statement - PreSaveFile = new java.io.File(((pathPrefix + java.lang.Integer.toString(counter)) + .png)): null

2018-12-05 12:15:17 - [TEST_STEP][PASSED] - Statement - counter = counter + 1: null

2018-12-05 12:15:17 - [TEST_STEP][PASSED] - Statement - PreSaveFile = new java.io.File(((pathPrefix + java.lang.Integer.toString(counter)) + .png)): null

2018-12-05 12:15:17 - [TEST_STEP][PASSED] - Statement - counter = counter + 1: null

2018-12-05 12:15:17 - [TEST_STEP][PASSED] - Statement - PreSaveFile = new java.io.File(((pathPrefix + java.lang.Integer.toString(counter)) + .png)): null

2018-12-05 12:15:17 - [TEST_STEP][PASSED] - Statement - counter = counter + 1: null

2018-12-05 12:15:17 - [TEST_STEP][PASSED] - Statement - PreSaveFile = new java.io.File(((pathPrefix + java.lang.Integer.toString(counter)) + .png)): null

2018-12-05 12:15:17 - [TEST_STEP][PASSED] - Statement - counter = counter + 1: null

2018-12-05 12:15:17 - [TEST_STEP][PASSED] - Statement - PreSaveFile = new java.io.File(((pathPrefix + java.lang.Integer.toString(counter)) + .png)): null

2018-12-05 12:15:17 - [TEST_STEP][PASSED] - Statement - counter = counter + 1: null

2018-12-05 12:15:17 - [TEST_STEP][PASSED] - Statement - PreSaveFile = new java.io.File(((pathPrefix + java.lang.Integer.toString(counter)) + .png)): null

2018-12-05 12:15:17 - [TEST_STEP][PASSED] - Statement - counter = counter + 1: null

2018-12-05 12:15:17 - [TEST_STEP][PASSED] - Statement - PreSaveFile = new java.io.File(((pathPrefix + java.lang.Integer.toString(counter)) + .png)): null

2018-12-05 12:15:17 - [TEST_STEP][PASSED] - Statement - counter = counter + 1: null

2018-12-05 12:15:17 - [TEST_STEP][PASSED] - Statement - PreSaveFile = new java.io.File(((pathPrefix + java.lang.Integer.toString(counter)) + .png)): null

2018-12-05 12:15:17 - [TEST_STEP][PASSED] - Statement - counter = counter + 1: null

2018-12-05 12:15:17 - [TEST_STEP][PASSED] - Statement - PreSaveFile = new java.io.File(((pathPrefix + java.lang.Integer.toString(counter)) + .png)): null

2018-12-05 12:15:17 - [TEST_STEP][PASSED] - Statement - counter = counter + 1: null

2018-12-05 12:15:17 - [TEST_STEP][PASSED] - Statement - PreSaveFile = new java.io.File(((pathPrefix + java.lang.Integer.toString(counter)) + .png)): null

2018-12-05 12:15:17 - [TEST_STEP][PASSED] - Statement - counter = counter + 1: null

2018-12-05 12:15:17 - [TEST_STEP][PASSED] - Statement - PreSaveFile = new java.io.File(((pathPrefix + java.lang.Integer.toString(counter)) + .png)): null

2018-12-05 12:15:17 - [TEST_STEP][PASSED] - Statement - counter = counter + 1: null

2018-12-05 12:15:17 - [TEST_STEP][PASSED] - Statement - PreSaveFile = new java.io.File(((pathPrefix + java.lang.Integer.toString(counter)) + .png)): null

2018-12-05 12:15:17 - [TEST_STEP][PASSED] - Statement - counter = counter + 1: null

2018-12-05 12:15:17 - [TEST_STEP][PASSED] - Statement - PreSaveFile = new java.io.File(((pathPrefix + java.lang.Integer.toString(counter)) + .png)): null

2018-12-05 12:15:17 - [TEST_STEP][PASSED] - Statement - counter = counter + 1: null

2018-12-05 12:15:17 - [TEST_STEP][PASSED] - Statement - PreSaveFile = new java.io.File(((pathPrefix + java.lang.Integer.toString(counter)) + .png)): null

2018-12-05 12:15:17 - [TEST_STEP][PASSED] - Statement - counter = counter + 1: null

2018-12-05 12:15:17 - [TEST_STEP][PASSED] - Statement - PreSaveFile = new java.io.File(((pathPrefix + java.lang.Integer.toString(counter)) + .png)): null

2018-12-05 12:15:17 - [TEST_STEP][PASSED] - Statement - counter = counter + 1: null

2018-12-05 12:15:17 - [TEST_STEP][PASSED] - Statement - PreSaveFile = new java.io.File(((pathPrefix + java.lang.Integer.toString(counter)) + .png)): null

2018-12-05 12:15:17 - [TEST_STEP][PASSED] - Statement - counter = counter + 1: null

2018-12-05 12:15:17 - [TEST_STEP][PASSED] - Statement - PreSaveFile = new java.io.File(((pathPrefix + java.lang.Integer.toString(counter)) + .png)): null

2018-12-05 12:15:17 - [TEST_STEP][PASSED] - Statement - counter = counter + 1: null

2018-12-05 12:15:17 - [TEST_STEP][PASSED] - Statement - PreSaveFile = new java.io.File(((pathPrefix + java.lang.Integer.toString(counter)) + .png)): null

2018-12-05 12:15:17 - [TEST_STEP][PASSED] - Statement - counter = counter + 1: null

2018-12-05 12:15:17 - [TEST_STEP][PASSED] - Statement - PreSaveFile = new java.io.File(((pathPrefix + java.lang.Integer.toString(counter)) + .png)): null

2018-12-05 12:15:17 - [TEST_STEP][PASSED] - Statement - counter = counter + 1: null

2018-12-05 12:15:18 - [TEST_STEP][PASSED] - Statement - PreSaveFile = new java.io.File(((pathPrefix + java.lang.Integer.toString(counter)) + .png)): null

2018-12-05 12:15:18 - [TEST_STEP][PASSED] - Statement - counter = counter + 1: null

2018-12-05 12:15:18 - [TEST_STEP][PASSED] - Statement - PreSaveFile = new java.io.File(((pathPrefix + java.lang.Integer.toString(counter)) + .png)): null

2018-12-05 12:15:18 - [TEST_STEP][PASSED] - Statement - counter = counter + 1: null

2018-12-05 12:15:18 - [TEST_STEP][PASSED] - Statement - PreSaveFile = new java.io.File(((pathPrefix + java.lang.Integer.toString(counter)) + .png)): null

2018-12-05 12:15:18 - [TEST_STEP][PASSED] - Statement - counter = counter + 1: null

2018-12-05 12:15:18 - [TEST_STEP][PASSED] - Statement - PreSaveFile = new java.io.File(((pathPrefix + java.lang.Integer.toString(counter)) + .png)): null

2018-12-05 12:15:18 - [TEST_STEP][PASSED] - Statement - counter = counter + 1: null

2018-12-05 12:15:18 - [TEST_STEP][PASSED] - Statement - PreSaveFile = new java.io.File(((pathPrefix + java.lang.Integer.toString(counter)) + .png)): null

2018-12-05 12:15:18 - [TEST_STEP][PASSED] - Statement - counter = counter + 1: null

2018-12-05 12:15:18 - [TEST_STEP][PASSED] - Statement - PreSaveFile = new java.io.File(((pathPrefix + java.lang.Integer.toString(counter)) + .png)): null

2018-12-05 12:15:18 - [TEST_STEP][PASSED] - Statement - counter = counter + 1: null

2018-12-05 12:15:18 - [TEST_STEP][PASSED] - Statement - PreSaveFile = new java.io.File(((pathPrefix + java.lang.Integer.toString(counter)) + .png)): null

2018-12-05 12:15:18 - [TEST_STEP][PASSED] - Statement - counter = counter + 1: null

2018-12-05 12:15:18 - [TEST_STEP][PASSED] - Statement - PreSaveFile = new java.io.File(((pathPrefix + java.lang.Integer.toString(counter)) + .png)): null

2018-12-05 12:15:18 - [TEST_STEP][PASSED] - Statement - counter = counter + 1: null

2018-12-05 12:15:18 - [TEST_STEP][PASSED] - Statement - PreSaveFile = new java.io.File(((pathPrefix + java.lang.Integer.toString(counter)) + .png)): null

2018-12-05 12:15:18 - [TEST_STEP][PASSED] - Statement - counter = counter + 1: null

2018-12-05 12:15:18 - [TEST_STEP][PASSED] - Statement - PreSaveFile = new java.io.File(((pathPrefix + java.lang.Integer.toString(counter)) + .png)): null

2018-12-05 12:15:18 - [TEST_STEP][PASSED] - Statement - counter = counter + 1: null

2018-12-05 12:15:18 - [TEST_STEP][PASSED] - Statement - PreSaveFile = new java.io.File(((pathPrefix + java.lang.Integer.toString(counter)) + .png)): null

2018-12-05 12:15:18 - [TEST_STEP][PASSED] - Statement - counter = counter + 1: null

2018-12-05 12:15:18 - [TEST_STEP][PASSED] - Statement - PreSaveFile = new java.io.File(((pathPrefix + java.lang.Integer.toString(counter)) + .png)): null

2018-12-05 12:15:18 - [TEST_STEP][PASSED] - Statement - counter = counter + 1: null

2018-12-05 12:15:18 - [TEST_STEP][PASSED] - Statement - PreSaveFile = new java.io.File(((pathPrefix + java.lang.Integer.toString(counter)) + .png)): null

2018-12-05 12:15:18 - [TEST_STEP][PASSED] - Statement - counter = counter + 1: null

2018-12-05 12:15:18 - [TEST_STEP][PASSED] - Statement - PreSaveFile = new java.io.File(((pathPrefix + java.lang.Integer.toString(counter)) + .png)): null

2018-12-05 12:15:18 - [TEST_STEP][PASSED] - Statement - counter = counter + 1: null

2018-12-05 12:15:18 - [TEST_STEP][PASSED] - Statement - PreSaveFile = new java.io.File(((pathPrefix + java.lang.Integer.toString(counter)) + .png)): null

2018-12-05 12:15:19 - [TEST_STEP][PASSED] - Statement - counter = counter + 1: null

2018-12-05 12:15:19 - [TEST_STEP][PASSED] - Statement - PreSaveFile = new java.io.File(((pathPrefix + java.lang.Integer.toString(counter)) + .png)): null

2018-12-05 12:15:19 - [TEST_STEP][PASSED] - Statement - counter = counter + 1: null

2018-12-05 12:15:19 - [TEST_STEP][PASSED] - Statement - PreSaveFile = new java.io.File(((pathPrefix + java.lang.Integer.toString(counter)) + .png)): null

2018-12-05 12:15:19 - [TEST_STEP][PASSED] - Statement - counter = counter + 1: null

2018-12-05 12:15:19 - [TEST_STEP][PASSED] - Statement - PreSaveFile = new java.io.File(((pathPrefix + java.lang.Integer.toString(counter)) + .png)): null

2018-12-05 12:15:19 - [TEST_STEP][PASSED] - Statement - counter = counter + 1: null

2018-12-05 12:15:19 - [TEST_STEP][PASSED] - Statement - PreSaveFile = new java.io.File(((pathPrefix + java.lang.Integer.toString(counter)) + .png)): null

2018-12-05 12:15:19 - [TEST_STEP][PASSED] - Statement - counter = counter + 1: null

2018-12-05 12:15:19 - [TEST_STEP][PASSED] - Statement - PreSaveFile = new java.io.File(((pathPrefix + java.lang.Integer.toString(counter)) + .png)): null

2018-12-05 12:15:19 - [TEST_STEP][PASSED] - Statement - counter = counter + 1: null

2018-12-05 12:15:19 - [TEST_STEP][PASSED] - Statement - PreSaveFile = new java.io.File(((pathPrefix + java.lang.Integer.toString(counter)) + .png)): null

2018-12-05 12:15:19 - [TEST_STEP][PASSED] - Statement - counter = counter + 1: null

2018-12-05 12:15:19 - [TEST_STEP][PASSED] - Statement - PreSaveFile = new java.io.File(((pathPrefix + java.lang.Integer.toString(counter)) + .png)): null

2018-12-05 12:15:19 - [TEST_STEP][PASSED] - Statement - counter = counter + 1: null

2018-12-05 12:15:19 - [TEST_STEP][PASSED] - Statement - PreSaveFile = new java.io.File(((pathPrefix + java.lang.Integer.toString(counter)) + .png)): null

2018-12-05 12:15:19 - [TEST_STEP][PASSED] - Statement - counter = counter + 1: null

2018-12-05 12:15:19 - [TEST_STEP][PASSED] - Statement - PreSaveFile = new java.io.File(((pathPrefix + java.lang.Integer.toString(counter)) + .png)): null

2018-12-05 12:15:19 - [TEST_STEP][PASSED] - Statement - counter = counter + 1: null

2018-12-05 12:15:19 - [TEST_STEP][PASSED] - Statement - PreSaveFile = new java.io.File(((pathPrefix + java.lang.Integer.toString(counter)) + .png)): null

2018-12-05 12:15:19 - [TEST_STEP][PASSED] - Statement - counter = counter + 1: null

2018-12-05 12:15:19 - [TEST_STEP][PASSED] - Statement - PreSaveFile = new java.io.File(((pathPrefix + java.lang.Integer.toString(counter)) + .png)): null

2018-12-05 12:15:19 - [TEST_STEP][PASSED] - Statement - counter = counter + 1: null

2018-12-05 12:15:19 - [TEST_STEP][PASSED] - Statement - PreSaveFile = new java.io.File(((pathPrefix + java.lang.Integer.toString(counter)) + .png)): null

2018-12-05 12:15:19 - [TEST_STEP][PASSED] - Statement - counter = counter + 1: null

2018-12-05 12:15:19 - [TEST_STEP][PASSED] - Statement - PreSaveFile = new java.io.File(((pathPrefix + java.lang.Integer.toString(counter)) + .png)): null

2018-12-05 12:15:19 - [TEST_STEP][PASSED] - Statement - counter = counter + 1: null

2018-12-05 12:15:19 - [TEST_STEP][PASSED] - Statement - PreSaveFile = new java.io.File(((pathPrefix + java.lang.Integer.toString(counter)) + .png)): null

2018-12-05 12:15:19 - [TEST_STEP][PASSED] - Statement - counter = counter + 1: null

2018-12-05 12:15:20 - [TEST_STEP][PASSED] - Statement - PreSaveFile = new java.io.File(((pathPrefix + java.lang.Integer.toString(counter)) + .png)): null

2018-12-05 12:15:20 - [TEST_STEP][PASSED] - Statement - counter = counter + 1: null

2018-12-05 12:15:20 - [TEST_STEP][PASSED] - Statement - PreSaveFile = new java.io.File(((pathPrefix + java.lang.Integer.toString(counter)) + .png)): null

2018-12-05 12:15:20 - [TEST_STEP][PASSED] - Statement - counter = counter + 1: null

2018-12-05 12:15:20 - [TEST_STEP][PASSED] - Statement - PreSaveFile = new java.io.File(((pathPrefix + java.lang.Integer.toString(counter)) + .png)): null

2018-12-05 12:15:20 - [TEST_STEP][PASSED] - Statement - counter = counter + 1: null

2018-12-05 12:15:20 - [TEST_STEP][PASSED] - Statement - PreSaveFile = new java.io.File(((pathPrefix + java.lang.Integer.toString(counter)) + .png)): null

2018-12-05 12:15:20 - [TEST_STEP][PASSED] - Statement - counter = counter + 1: null

2018-12-05 12:15:20 - [TEST_STEP][PASSED] - Statement - PreSaveFile = new java.io.File(((pathPrefix + java.lang.Integer.toString(counter)) + .png)): null

2018-12-05 12:15:20 - [TEST_STEP][PASSED] - Statement - counter = counter + 1: null

2018-12-05 12:15:20 - [TEST_STEP][PASSED] - Statement - PreSaveFile = new java.io.File(((pathPrefix + java.lang.Integer.toString(counter)) + .png)): null

2018-12-05 12:15:20 - [TEST_STEP][PASSED] - Statement - counter = counter + 1: null

2018-12-05 12:15:20 - [TEST_STEP][PASSED] - Statement - PreSaveFile = new java.io.File(((pathPrefix + java.lang.Integer.toString(counter)) + .png)): null

2018-12-05 12:15:20 - [TEST_STEP][PASSED] - Statement - counter = counter + 1: null

2018-12-05 12:15:20 - [TEST_STEP][PASSED] - Statement - PreSaveFile = new java.io.File(((pathPrefix + java.lang.Integer.toString(counter)) + .png)): null

2018-12-05 12:15:20 - [TEST_STEP][PASSED] - Statement - counter = counter + 1: null

2018-12-05 12:15:20 - [TEST_STEP][PASSED] - Statement - PreSaveFile = new java.io.File(((pathPrefix + java.lang.Integer.toString(counter)) + .png)): null

2018-12-05 12:15:20 - [TEST_STEP][PASSED] - Statement - counter = counter + 1: null

2018-12-05 12:15:20 - [TEST_STEP][PASSED] - Statement - PreSaveFile = new java.io.File(((pathPrefix + java.lang.Integer.toString(counter)) + .png)): null

2018-12-05 12:15:20 - [TEST_STEP][PASSED] - Statement - counter = counter + 1: null

2018-12-05 12:15:20 - [TEST_STEP][PASSED] - Statement - PreSaveFile = new java.io.File(((pathPrefix + java.lang.Integer.toString(counter)) + .png)): null

2018-12-05 12:15:20 - [TEST_STEP][PASSED] - Statement - counter = counter + 1: null

2018-12-05 12:15:20 - [TEST_STEP][PASSED] - Statement - PreSaveFile = new java.io.File(((pathPrefix + java.lang.Integer.toString(counter)) + .png)): null

2018-12-05 12:15:20 - [TEST_STEP][PASSED] - Statement - counter = counter + 1: null

2018-12-05 12:15:20 - [TEST_STEP][PASSED] - Statement - PreSaveFile = new java.io.File(((pathPrefix + java.lang.Integer.toString(counter)) + .png)): null

2018-12-05 12:15:20 - [TEST_STEP][PASSED] - Statement - counter = counter + 1: null

2018-12-05 12:15:20 - [TEST_STEP][PASSED] - Statement - PreSaveFile = new java.io.File(((pathPrefix + java.lang.Integer.toString(counter)) + .png)): null

2018-12-05 12:15:20 - [TEST_STEP][PASSED] - Statement - counter = counter + 1: null

2018-12-05 12:15:20 - [TEST_STEP][PASSED] - Statement - PreSaveFile = new java.io.File(((pathPrefix + java.lang.Integer.toString(counter)) + .png)): null

2018-12-05 12:15:21 - [TEST_STEP][PASSED] - Statement - counter = counter + 1: null

2018-12-05 12:15:21 - [TEST_STEP][PASSED] - Statement - PreSaveFile = new java.io.File(((pathPrefix + java.lang.Integer.toString(counter)) + .png)): null

2018-12-05 12:15:21 - [TEST_STEP][PASSED] - Statement - counter = counter + 1: null

2018-12-05 12:15:21 - [TEST_STEP][PASSED] - Statement - PreSaveFile = new java.io.File(((pathPrefix + java.lang.Integer.toString(counter)) + .png)): null

2018-12-05 12:15:21 - [TEST_STEP][PASSED] - Statement - counter = counter + 1: null

2018-12-05 12:15:21 - [TEST_STEP][PASSED] - Statement - PreSaveFile = new java.io.File(((pathPrefix + java.lang.Integer.toString(counter)) + .png)): null

2018-12-05 12:15:21 - [TEST_STEP][PASSED] - Statement - counter = counter + 1: null

2018-12-05 12:15:21 - [TEST_STEP][PASSED] - Statement - PreSaveFile = new java.io.File(((pathPrefix + java.lang.Integer.toString(counter)) + .png)): null

2018-12-05 12:15:21 - [TEST_STEP][PASSED] - Statement - counter = counter + 1: null

2018-12-05 12:15:21 - [TEST_STEP][PASSED] - Statement - PreSaveFile = new java.io.File(((pathPrefix + java.lang.Integer.toString(counter)) + .png)): null

2018-12-05 12:15:21 - [TEST_STEP][PASSED] - Statement - counter = counter + 1: null

2018-12-05 12:15:21 - [TEST_STEP][PASSED] - Statement - PreSaveFile = new java.io.File(((pathPrefix + java.lang.Integer.toString(counter)) + .png)): null

2018-12-05 12:15:21 - [TEST_STEP][PASSED] - Statement - counter = counter + 1: null

2018-12-05 12:15:21 - [TEST_STEP][PASSED] - Statement - PreSaveFile = new java.io.File(((pathPrefix + java.lang.Integer.toString(counter)) + .png)): null

2018-12-05 12:15:21 - [TEST_STEP][PASSED] - Statement - counter = counter + 1: null

2018-12-05 12:15:21 - [TEST_STEP][PASSED] - Statement - PreSaveFile = new java.io.File(((pathPrefix + java.lang.Integer.toString(counter)) + .png)): null

2018-12-05 12:15:21 - [TEST_STEP][PASSED] - Statement - counter = counter + 1: null

2018-12-05 12:15:21 - [TEST_STEP][PASSED] - Statement - PreSaveFile = new java.io.File(((pathPrefix + java.lang.Integer.toString(counter)) + .png)): null

2018-12-05 12:15:21 - [TEST_STEP][PASSED] - Statement - counter = counter + 1: null

2018-12-05 12:15:21 - [TEST_STEP][PASSED] - Statement - PreSaveFile = new java.io.File(((pathPrefix + java.lang.Integer.toString(counter)) + .png)): null

2018-12-05 12:15:21 - [TEST_STEP][PASSED] - Statement - counter = counter + 1: null

2018-12-05 12:15:21 - [TEST_STEP][PASSED] - Statement - PreSaveFile = new java.io.File(((pathPrefix + java.lang.Integer.toString(counter)) + .png)): null

2018-12-05 12:15:21 - [TEST_STEP][PASSED] - Statement - counter = counter + 1: null

2018-12-05 12:15:21 - [TEST_STEP][PASSED] - Statement - PreSaveFile = new java.io.File(((pathPrefix + java.lang.Integer.toString(counter)) + .png)): null

2018-12-05 12:15:21 - [TEST_STEP][PASSED] - Statement - counter = counter + 1: null

2018-12-05 12:15:21 - [TEST_STEP][PASSED] - Statement - PreSaveFile = new java.io.File(((pathPrefix + java.lang.Integer.toString(counter)) + .png)): null

2018-12-05 12:15:21 - [TEST_STEP][PASSED] - Statement - counter = counter + 1: null

2018-12-05 12:15:21 - [TEST_STEP][PASSED] - Statement - PreSaveFile = new java.io.File(((pathPrefix + java.lang.Integer.toString(counter)) + .png)): null

2018-12-05 12:15:21 - [TEST_STEP][PASSED] - Statement - counter = counter + 1: null

2018-12-05 12:15:21 - [TEST_STEP][PASSED] - Statement - PreSaveFile = new java.io.File(((pathPrefix + java.lang.Integer.toString(counter)) + .png)): null

2018-12-05 12:15:21 - [TEST_STEP][PASSED] - Statement - counter = counter + 1: null

2018-12-05 12:15:21 - [TEST_STEP][PASSED] - Statement - PreSaveFile = new java.io.File(((pathPrefix + java.lang.Integer.toString(counter)) + .png)): null

2018-12-05 12:15:21 - [TEST_STEP][PASSED] - Statement - counter = counter + 1: null

2018-12-05 12:15:21 - [TEST_STEP][PASSED] - Statement - PreSaveFile = new java.io.File(((pathPrefix + java.lang.Integer.toString(counter)) + .png)): null

2018-12-05 12:15:21 - [TEST_STEP][PASSED] - Statement - counter = counter + 1: null

2018-12-05 12:15:21 - [TEST_STEP][PASSED] - Statement - PreSaveFile = new java.io.File(((pathPrefix + java.lang.Integer.toString(counter)) + .png)): null

2018-12-05 12:15:21 - [TEST_STEP][PASSED] - Statement - counter = counter + 1: null

2018-12-05 12:15:21 - [TEST_STEP][PASSED] - Statement - PreSaveFile = new java.io.File(((pathPrefix + java.lang.Integer.toString(counter)) + .png)): null

2018-12-05 12:15:22 - [TEST_STEP][PASSED] - Statement - counter = counter + 1: null

2018-12-05 12:15:22 - [TEST_STEP][PASSED] - Statement - PreSaveFile = new java.io.File(((pathPrefix + java.lang.Integer.toString(counter)) + .png)): null

2018-12-05 12:15:22 - [TEST_STEP][PASSED] - Statement - counter = counter + 1: null

2018-12-05 12:15:22 - [TEST_STEP][PASSED] - Statement - PreSaveFile = new java.io.File(((pathPrefix + java.lang.Integer.toString(counter)) + .png)): null

2018-12-05 12:15:22 - [TEST_STEP][PASSED] - Statement - counter = counter + 1: null

2018-12-05 12:15:22 - [TEST_STEP][PASSED] - Statement - PreSaveFile = new java.io.File(((pathPrefix + java.lang.Integer.toString(counter)) + .png)): null

2018-12-05 12:15:22 - [TEST_STEP][PASSED] - Statement - counter = counter + 1: null

2018-12-05 12:15:22 - [TEST_STEP][PASSED] - Statement - PreSaveFile = new java.io.File(((pathPrefix + java.lang.Integer.toString(counter)) + .png)): null

2018-12-05 12:15:22 - [TEST_STEP][PASSED] - Statement - counter = counter + 1: null

2018-12-05 12:15:22 - [TEST_STEP][PASSED] - Statement - PreSaveFile = new java.io.File(((pathPrefix + java.lang.Integer.toString(counter)) + .png)): null

2018-12-05 12:15:22 - [TEST_STEP][PASSED] - Statement - counter = counter + 1: null

2018-12-05 12:15:22 - [TEST_STEP][PASSED] - Statement - PreSaveFile = new java.io.File(((pathPrefix + java.lang.Integer.toString(counter)) + .png)): null

2018-12-05 12:15:22 - [TEST_STEP][PASSED] - Statement - counter = counter + 1: null

2018-12-05 12:15:22 - [TEST_STEP][PASSED] - Statement - PreSaveFile = new java.io.File(((pathPrefix + java.lang.Integer.toString(counter)) + .png)): null

2018-12-05 12:15:22 - [TEST_STEP][PASSED] - Statement - counter = counter + 1: null

2018-12-05 12:15:22 - [TEST_STEP][PASSED] - Statement - PreSaveFile = new java.io.File(((pathPrefix + java.lang.Integer.toString(counter)) + .png)): null

2018-12-05 12:15:22 - [TEST_STEP][PASSED] - Statement - counter = counter + 1: null

2018-12-05 12:15:22 - [TEST_STEP][PASSED] - Statement - PreSaveFile = new java.io.File(((pathPrefix + java.lang.Integer.toString(counter)) + .png)): null

2018-12-05 12:15:22 - [TEST_STEP][PASSED] - Statement - counter = counter + 1: null

2018-12-05 12:15:22 - [TEST_STEP][PASSED] - Statement - PreSaveFile = new java.io.File(((pathPrefix + java.lang.Integer.toString(counter)) + .png)): null

2018-12-05 12:15:22 - [TEST_STEP][PASSED] - Statement - counter = counter + 1: null

2018-12-05 12:15:22 - [TEST_STEP][PASSED] - Statement - PreSaveFile = new java.io.File(((pathPrefix + java.lang.Integer.toString(counter)) + .png)): null

2018-12-05 12:15:22 - [TEST_STEP][PASSED] - Statement - counter = counter + 1: null

2018-12-05 12:15:22 - [TEST_STEP][PASSED] - Statement - PreSaveFile = new java.io.File(((pathPrefix + java.lang.Integer.toString(counter)) + .png)): null

2018-12-05 12:15:22 - [TEST_STEP][PASSED] - Statement - counter = counter + 1: null

2018-12-05 12:15:22 - [TEST_STEP][PASSED] - Statement - PreSaveFile = new java.io.File(((pathPrefix + java.lang.Integer.toString(counter)) + .png)): null

2018-12-05 12:15:22 - [TEST_STEP][PASSED] - Statement - counter = counter + 1: null

2018-12-05 12:15:22 - [TEST_STEP][PASSED] - Statement - PreSaveFile = new java.io.File(((pathPrefix + java.lang.Integer.toString(counter)) + .png)): null

2018-12-05 12:15:22 - [TEST_STEP][PASSED] - Statement - counter = counter + 1: null

2018-12-05 12:15:23 - [TEST_STEP][PASSED] - Statement - PreSaveFile = new java.io.File(((pathPrefix + java.lang.Integer.toString(counter)) + .png)): null

2018-12-05 12:15:23 - [TEST_STEP][PASSED] - Statement - counter = counter + 1: null

2018-12-05 12:15:23 - [TEST_STEP][PASSED] - Statement - PreSaveFile = new java.io.File(((pathPrefix + java.lang.Integer.toString(counter)) + .png)): null

2018-12-05 12:15:23 - [TEST_STEP][PASSED] - Statement - counter = counter + 1: null

2018-12-05 12:15:23 - [TEST_STEP][PASSED] - Statement - PreSaveFile = new java.io.File(((pathPrefix + java.lang.Integer.toString(counter)) + .png)): null

2018-12-05 12:15:23 - [TEST_STEP][PASSED] - Statement - counter = counter + 1: null

2018-12-05 12:15:23 - [TEST_STEP][PASSED] - Statement - PreSaveFile = new java.io.File(((pathPrefix + java.lang.Integer.toString(counter)) + .png)): null

2018-12-05 12:15:23 - [TEST_STEP][PASSED] - Statement - counter = counter + 1: null

2018-12-05 12:15:23 - [TEST_STEP][PASSED] - Statement - PreSaveFile = new java.io.File(((pathPrefix + java.lang.Integer.toString(counter)) + .png)): null

2018-12-05 12:15:23 - [TEST_STEP][PASSED] - Statement - counter = counter + 1: null

2018-12-05 12:15:23 - [TEST_STEP][PASSED] - Statement - PreSaveFile = new java.io.File(((pathPrefix + java.lang.Integer.toString(counter)) + .png)): null

2018-12-05 12:15:23 - [TEST_STEP][PASSED] - Statement - counter = counter + 1: null

2018-12-05 12:15:23 - [TEST_STEP][PASSED] - Statement - PreSaveFile = new java.io.File(((pathPrefix + java.lang.Integer.toString(counter)) + .png)): null

2018-12-05 12:15:23 - [TEST_STEP][PASSED] - Statement - counter = counter + 1: null

2018-12-05 12:15:23 - [TEST_STEP][PASSED] - Statement - PreSaveFile = new java.io.File(((pathPrefix + java.lang.Integer.toString(counter)) + .png)): null

2018-12-05 12:15:23 - [TEST_STEP][PASSED] - Statement - counter = counter + 1: null

2018-12-05 12:15:23 - [TEST_STEP][PASSED] - Statement - PreSaveFile = new java.io.File(((pathPrefix + java.lang.Integer.toString(counter)) + .png)): null

2018-12-05 12:15:23 - [TEST_STEP][PASSED] - Statement - counter = counter + 1: null

2018-12-05 12:15:23 - [TEST_STEP][PASSED] - Statement - PreSaveFile = new java.io.File(((pathPrefix + java.lang.Integer.toString(counter)) + .png)): null

2018-12-05 12:15:23 - [TEST_STEP][PASSED] - Statement - counter = counter + 1: null

2018-12-05 12:15:23 - [TEST_STEP][PASSED] - Statement - PreSaveFile = new java.io.File(((pathPrefix + java.lang.Integer.toString(counter)) + .png)): null

2018-12-05 12:15:23 - [TEST_STEP][PASSED] - Statement - counter = counter + 1: null

2018-12-05 12:15:23 - [TEST_STEP][PASSED] - Statement - PreSaveFile = new java.io.File(((pathPrefix + java.lang.Integer.toString(counter)) + .png)): null

2018-12-05 12:15:23 - [TEST_STEP][PASSED] - Statement - counter = counter + 1: null

2018-12-05 12:15:23 - [TEST_STEP][PASSED] - Statement - PreSaveFile = new java.io.File(((pathPrefix + java.lang.Integer.toString(counter)) + .png)): null

2018-12-05 12:15:23 - [TEST_STEP][PASSED] - Statement - counter = counter + 1: null

2018-12-05 12:15:23 - [TEST_STEP][PASSED] - Statement - PreSaveFile = new java.io.File(((pathPrefix + java.lang.Integer.toString(counter)) + .png)): null

2018-12-05 12:15:23 - [TEST_STEP][PASSED] - Statement - counter = counter + 1: null

2018-12-05 12:15:23 - [TEST_STEP][PASSED] - Statement - PreSaveFile = new java.io.File(((pathPrefix + java.lang.Integer.toString(counter)) + .png)): null

2018-12-05 12:15:24 - [TEST_STEP][PASSED] - Statement - counter = counter + 1: null

2018-12-05 12:15:24 - [TEST_STEP][PASSED] - Statement - PreSaveFile = new java.io.File(((pathPrefix + java.lang.Integer.toString(counter)) + .png)): null

2018-12-05 12:15:24 - [TEST_STEP][PASSED] - Statement - counter = counter + 1: null

2018-12-05 12:15:24 - [TEST_STEP][PASSED] - Statement - PreSaveFile = new java.io.File(((pathPrefix + java.lang.Integer.toString(counter)) + .png)): null

2018-12-05 12:15:24 - [TEST_STEP][PASSED] - Statement - counter = counter + 1: null

2018-12-05 12:15:24 - [TEST_STEP][PASSED] - Statement - PreSaveFile = new java.io.File(((pathPrefix + java.lang.Integer.toString(counter)) + .png)): null

2018-12-05 12:15:24 - [TEST_STEP][PASSED] - Statement - counter = counter + 1: null

2018-12-05 12:15:24 - [TEST_STEP][PASSED] - Statement - PreSaveFile = new java.io.File(((pathPrefix + java.lang.Integer.toString(counter)) + .png)): null

2018-12-05 12:15:24 - [TEST_STEP][PASSED] - Statement - counter = counter + 1: null

2018-12-05 12:15:24 - [TEST_STEP][PASSED] - Statement - PreSaveFile = new java.io.File(((pathPrefix + java.lang.Integer.toString(counter)) + .png)): null

2018-12-05 12:15:24 - [TEST_STEP][PASSED] - Statement - counter = counter + 1: null

2018-12-05 12:15:24 - [TEST_STEP][PASSED] - Statement - PreSaveFile = new java.io.File(((pathPrefix + java.lang.Integer.toString(counter)) + .png)): null

2018-12-05 12:15:24 - [TEST_STEP][PASSED] - Statement - counter = counter + 1: null

2018-12-05 12:15:24 - [TEST_STEP][PASSED] - Statement - PreSaveFile = new java.io.File(((pathPrefix + java.lang.Integer.toString(counter)) + .png)): null

2018-12-05 12:15:24 - [TEST_STEP][PASSED] - Statement - counter = counter + 1: null

2018-12-05 12:15:24 - [TEST_STEP][PASSED] - Statement - PreSaveFile = new java.io.File(((pathPrefix + java.lang.Integer.toString(counter)) + .png)): null

2018-12-05 12:15:24 - [TEST_STEP][PASSED] - Statement - counter = counter + 1: null

2018-12-05 12:15:24 - [TEST_STEP][PASSED] - Statement - PreSaveFile = new java.io.File(((pathPrefix + java.lang.Integer.toString(counter)) + .png)): null

2018-12-05 12:15:24 - [TEST_STEP][PASSED] - Statement - counter = counter + 1: null

2018-12-05 12:15:24 - [TEST_STEP][PASSED] - Statement - PreSaveFile = new java.io.File(((pathPrefix + java.lang.Integer.toString(counter)) + .png)): null

2018-12-05 12:15:24 - [TEST_STEP][PASSED] - Statement - counter = counter + 1: null

2018-12-05 12:15:24 - [TEST_STEP][PASSED] - Statement - PreSaveFile = new java.io.File(((pathPrefix + java.lang.Integer.toString(counter)) + .png)): null

2018-12-05 12:15:24 - [TEST_STEP][PASSED] - Statement - counter = counter + 1: null

2018-12-05 12:15:24 - [TEST_STEP][PASSED] - Statement - PreSaveFile = new java.io.File(((pathPrefix + java.lang.Integer.toString(counter)) + .png)): null

2018-12-05 12:15:24 - [TEST_STEP][PASSED] - Statement - counter = counter + 1: null

2018-12-05 12:15:24 - [TEST_STEP][PASSED] - Statement - PreSaveFile = new java.io.File(((pathPrefix + java.lang.Integer.toString(counter)) + .png)): null

2018-12-05 12:15:24 - [TEST_STEP][PASSED] - Statement - counter = counter + 1: null

2018-12-05 12:15:24 - [TEST_STEP][PASSED] - Statement - PreSaveFile = new java.io.File(((pathPrefix + java.lang.Integer.toString(counter)) + .png)): null

2018-12-05 12:15:25 - [TEST_STEP][PASSED] - Statement - counter = counter + 1: null

2018-12-05 12:15:25 - [TEST_STEP][PASSED] - Statement - PreSaveFile = new java.io.File(((pathPrefix + java.lang.Integer.toString(counter)) + .png)): null

2018-12-05 12:15:25 - [TEST_STEP][PASSED] - Statement - counter = counter + 1: null

2018-12-05 12:15:25 - [TEST_STEP][PASSED] - Statement - PreSaveFile = new java.io.File(((pathPrefix + java.lang.Integer.toString(counter)) + .png)): null

2018-12-05 12:15:25 - [TEST_STEP][PASSED] - Statement - counter = counter + 1: null

2018-12-05 12:15:25 - [TEST_STEP][PASSED] - Statement - PreSaveFile = new java.io.File(((pathPrefix + java.lang.Integer.toString(counter)) + .png)): null

2018-12-05 12:15:25 - [TEST_STEP][PASSED] - Statement - counter = counter + 1: null

2018-12-05 12:15:25 - [TEST_STEP][PASSED] - Statement - PreSaveFile = new java.io.File(((pathPrefix + java.lang.Integer.toString(counter)) + .png)): null

2018-12-05 12:15:25 - [TEST_STEP][PASSED] - Statement - counter = counter + 1: null

2018-12-05 12:15:25 - [TEST_STEP][PASSED] - Statement - PreSaveFile = new java.io.File(((pathPrefix + java.lang.Integer.toString(counter)) + .png)): null

2018-12-05 12:15:25 - [TEST_STEP][PASSED] - Statement - counter = counter + 1: null

2018-12-05 12:15:25 - [TEST_STEP][PASSED] - Statement - PreSaveFile = new java.io.File(((pathPrefix + java.lang.Integer.toString(counter)) + .png)): null

2018-12-05 12:15:25 - [TEST_STEP][PASSED] - Statement - counter = counter + 1: null

2018-12-05 12:15:25 - [TEST_STEP][PASSED] - Statement - PreSaveFile = new java.io.File(((pathPrefix + java.lang.Integer.toString(counter)) + .png)): null

2018-12-05 12:15:25 - [TEST_STEP][PASSED] - Statement - counter = counter + 1: null

2018-12-05 12:15:25 - [TEST_STEP][PASSED] - Statement - PreSaveFile = new java.io.File(((pathPrefix + java.lang.Integer.toString(counter)) + .png)): null

2018-12-05 12:15:25 - [TEST_STEP][PASSED] - Statement - counter = counter + 1: null

2018-12-05 12:15:25 - [TEST_STEP][PASSED] - Statement - PreSaveFile = new java.io.File(((pathPrefix + java.lang.Integer.toString(counter)) + .png)): null

2018-12-05 12:15:25 - [TEST_STEP][PASSED] - Statement - counter = counter + 1: null

2018-12-05 12:15:25 - [TEST_STEP][PASSED] - Statement - PreSaveFile = new java.io.File(((pathPrefix + java.lang.Integer.toString(counter)) + .png)): null

2018-12-05 12:15:25 - [TEST_STEP][PASSED] - Statement - counter = counter + 1: null

2018-12-05 12:15:25 - [TEST_STEP][PASSED] - Statement - PreSaveFile = new java.io.File(((pathPrefix + java.lang.Integer.toString(counter)) + .png)): null

2018-12-05 12:15:25 - [TEST_STEP][PASSED] - Statement - counter = counter + 1: null

2018-12-05 12:15:25 - [TEST_STEP][PASSED] - Statement - PreSaveFile = new java.io.File(((pathPrefix + java.lang.Integer.toString(counter)) + .png)): null

2018-12-05 12:15:25 - [TEST_STEP][PASSED] - Statement - counter = counter + 1: null

2018-12-05 12:15:25 - [TEST_STEP][PASSED] - Statement - PreSaveFile = new java.io.File(((pathPrefix + java.lang.Integer.toString(counter)) + .png)): null

2018-12-05 12:15:25 - [TEST_STEP][PASSED] - Statement - counter = counter + 1: null

2018-12-05 12:15:25 - [TEST_STEP][PASSED] - Statement - PreSaveFile = new java.io.File(((pathPrefix + java.lang.Integer.toString(counter)) + .png)): null

2018-12-05 12:15:25 - [TEST_STEP][PASSED] - Statement - counter = counter + 1: null

2018-12-05 12:15:26 - [TEST_STEP][PASSED] - Statement - PreSaveFile = new java.io.File(((pathPrefix + java.lang.Integer.toString(counter)) + .png)): null

2018-12-05 12:15:26 - [TEST_STEP][PASSED] - Statement - counter = counter + 1: null

2018-12-05 12:15:26 - [TEST_STEP][PASSED] - Statement - PreSaveFile = new java.io.File(((pathPrefix + java.lang.Integer.toString(counter)) + .png)): null

2018-12-05 12:15:26 - [TEST_STEP][PASSED] - Statement - counter = counter + 1: null

2018-12-05 12:15:26 - [TEST_STEP][PASSED] - Statement - PreSaveFile = new java.io.File(((pathPrefix + java.lang.Integer.toString(counter)) + .png)): null

2018-12-05 12:15:26 - [TEST_STEP][PASSED] - Statement - counter = counter + 1: null

2018-12-05 12:15:26 - [TEST_STEP][PASSED] - Statement - PreSaveFile = new java.io.File(((pathPrefix + java.lang.Integer.toString(counter)) + .png)): null

2018-12-05 12:15:26 - [TEST_STEP][PASSED] - Statement - counter = counter + 1: null

2018-12-05 12:15:26 - [TEST_STEP][PASSED] - Statement - PreSaveFile = new java.io.File(((pathPrefix + java.lang.Integer.toString(counter)) + .png)): null

2018-12-05 12:15:26 - [TEST_STEP][PASSED] - Statement - counter = counter + 1: null

2018-12-05 12:15:26 - [TEST_STEP][PASSED] - Statement - PreSaveFile = new java.io.File(((pathPrefix + java.lang.Integer.toString(counter)) + .png)): null

2018-12-05 12:15:26 - [TEST_STEP][PASSED] - Statement - counter = counter + 1: null

2018-12-05 12:15:26 - [TEST_STEP][PASSED] - Statement - PreSaveFile = new java.io.File(((pathPrefix + java.lang.Integer.toString(counter)) + .png)): null

2018-12-05 12:15:26 - [TEST_STEP][PASSED] - Statement - counter = counter + 1: null

2018-12-05 12:15:26 - [TEST_STEP][PASSED] - Statement - PreSaveFile = new java.io.File(((pathPrefix + java.lang.Integer.toString(counter)) + .png)): null

2018-12-05 12:15:26 - [TEST_STEP][PASSED] - Statement - counter = counter + 1: null

2018-12-05 12:15:26 - [TEST_STEP][PASSED] - Statement - PreSaveFile = new java.io.File(((pathPrefix + java.lang.Integer.toString(counter)) + .png)): null

2018-12-05 12:15:26 - [TEST_STEP][PASSED] - Statement - counter = counter + 1: null

2018-12-05 12:15:26 - [TEST_STEP][PASSED] - Statement - PreSaveFile = new java.io.File(((pathPrefix + java.lang.Integer.toString(counter)) + .png)): null

2018-12-05 12:15:26 - [TEST_STEP][PASSED] - Statement - counter = counter + 1: null

2018-12-05 12:15:26 - [TEST_STEP][PASSED] - Statement - PreSaveFile = new java.io.File(((pathPrefix + java.lang.Integer.toString(counter)) + .png)): null

2018-12-05 12:15:26 - [TEST_STEP][PASSED] - Statement - counter = counter + 1: null

2018-12-05 12:15:26 - [TEST_STEP][PASSED] - Statement - PreSaveFile = new java.io.File(((pathPrefix + java.lang.Integer.toString(counter)) + .png)): null

2018-12-05 12:15:26 - [TEST_STEP][PASSED] - Statement - counter = counter + 1: null

2018-12-05 12:15:26 - [TEST_STEP][PASSED] - Statement - PreSaveFile = new java.io.File(((pathPrefix + java.lang.Integer.toString(counter)) + .png)): null

2018-12-05 12:15:26 - [TEST_STEP][PASSED] - Statement - counter = counter + 1: null

2018-12-05 12:15:26 - [TEST_STEP][PASSED] - Statement - PreSaveFile = new java.io.File(((pathPrefix + java.lang.Integer.toString(counter)) + .png)): null

2018-12-05 12:15:26 - [TEST_STEP][PASSED] - Statement - counter = counter + 1: null

2018-12-05 12:15:26 - [TEST_STEP][PASSED] - Statement - PreSaveFile = new java.io.File(((pathPrefix + java.lang.Integer.toString(counter)) + .png)): null

2018-12-05 12:15:27 - [TEST_STEP][PASSED] - Statement - counter = counter + 1: null

2018-12-05 12:15:27 - [TEST_STEP][PASSED] - Statement - PreSaveFile = new java.io.File(((pathPrefix + java.lang.Integer.toString(counter)) + .png)): null

2018-12-05 12:15:27 - [TEST_STEP][PASSED] - Statement - counter = counter + 1: null

2018-12-05 12:15:27 - [TEST_STEP][PASSED] - Statement - PreSaveFile = new java.io.File(((pathPrefix + java.lang.Integer.toString(counter)) + .png)): null

2018-12-05 12:15:27 - [TEST_STEP][PASSED] - Statement - counter = counter + 1: null

2018-12-05 12:15:27 - [TEST_STEP][PASSED] - Statement - PreSaveFile = new java.io.File(((pathPrefix + java.lang.Integer.toString(counter)) + .png)): null

2018-12-05 12:15:27 - [TEST_STEP][PASSED] - Statement - counter = counter + 1: null

2018-12-05 12:15:27 - [TEST_STEP][PASSED] - Statement - PreSaveFile = new java.io.File(((pathPrefix + java.lang.Integer.toString(counter)) + .png)): null

2018-12-05 12:15:27 - [TEST_STEP][PASSED] - Statement - counter = counter + 1: null

2018-12-05 12:15:27 - [TEST_STEP][PASSED] - Statement - PreSaveFile = new java.io.File(((pathPrefix + java.lang.Integer.toString(counter)) + .png)): null

2018-12-05 12:15:27 - [TEST_STEP][PASSED] - Statement - counter = counter + 1: null

2018-12-05 12:15:27 - [TEST_STEP][PASSED] - Statement - PreSaveFile = new java.io.File(((pathPrefix + java.lang.Integer.toString(counter)) + .png)): null

2018-12-05 12:15:27 - [TEST_STEP][PASSED] - Statement - counter = counter + 1: null

2018-12-05 12:15:27 - [TEST_STEP][PASSED] - Statement - PreSaveFile = new java.io.File(((pathPrefix + java.lang.Integer.toString(counter)) + .png)): null

2018-12-05 12:15:27 - [TEST_STEP][PASSED] - Statement - counter = counter + 1: null

2018-12-05 12:15:27 - [TEST_STEP][PASSED] - Statement - PreSaveFile = new java.io.File(((pathPrefix + java.lang.Integer.toString(counter)) + .png)): null

2018-12-05 12:15:27 - [TEST_STEP][PASSED] - Statement - counter = counter + 1: null

2018-12-05 12:15:27 - [TEST_STEP][PASSED] - Statement - PreSaveFile = new java.io.File(((pathPrefix + java.lang.Integer.toString(counter)) + .png)): null

2018-12-05 12:15:27 - [TEST_STEP][PASSED] - Statement - counter = counter + 1: null

2018-12-05 12:15:27 - [TEST_STEP][PASSED] - Statement - PreSaveFile = new java.io.File(((pathPrefix + java.lang.Integer.toString(counter)) + .png)): null

2018-12-05 12:15:27 - [TEST_STEP][PASSED] - Statement - counter = counter + 1: null

2018-12-05 12:15:27 - [TEST_STEP][PASSED] - Statement - PreSaveFile = new java.io.File(((pathPrefix + java.lang.Integer.toString(counter)) + .png)): null

2018-12-05 12:15:27 - [TEST_STEP][PASSED] - Statement - counter = counter + 1: null

2018-12-05 12:15:27 - [TEST_STEP][PASSED] - Statement - PreSaveFile = new java.io.File(((pathPrefix + java.lang.Integer.toString(counter)) + .png)): null

2018-12-05 12:15:27 - [TEST_STEP][PASSED] - Statement - counter = counter + 1: null

2018-12-05 12:15:27 - [TEST_STEP][PASSED] - Statement - PreSaveFile = new java.io.File(((pathPrefix + java.lang.Integer.toString(counter)) + .png)): null

2018-12-05 12:15:27 - [TEST_STEP][PASSED] - Statement - counter = counter + 1: null

2018-12-05 12:15:27 - [TEST_STEP][PASSED] - Statement - PreSaveFile = new java.io.File(((pathPrefix + java.lang.Integer.toString(counter)) + .png)): null

2018-12-05 12:15:27 - [TEST_STEP][PASSED] - Statement - counter = counter + 1: null

2018-12-05 12:15:27 - [TEST_STEP][PASSED] - Statement - PreSaveFile = new java.io.File(((pathPrefix + java.lang.Integer.toString(counter)) + .png)): null

2018-12-05 12:15:27 - [TEST_STEP][PASSED] - Statement - counter = counter + 1: null

2018-12-05 12:15:27 - [TEST_STEP][PASSED] - Statement - PreSaveFile = new java.io.File(((pathPrefix + java.lang.Integer.toString(counter)) + .png)): null

2018-12-05 12:15:27 - [TEST_STEP][PASSED] - Statement - counter = counter + 1: null

2018-12-05 12:15:27 - [TEST_STEP][PASSED] - Statement - PreSaveFile = new java.io.File(((pathPrefix + java.lang.Integer.toString(counter)) + .png)): null

2018-12-05 12:15:27 - [TEST_STEP][PASSED] - Statement - counter = counter + 1: null

2018-12-05 12:15:27 - [TEST_STEP][PASSED] - Statement - PreSaveFile = new java.io.File(((pathPrefix + java.lang.Integer.toString(counter)) + .png)): null

2018-12-05 12:15:27 - [TEST_STEP][PASSED] - Statement - counter = counter + 1: null

2018-12-05 12:15:27 - [TEST_STEP][PASSED] - Statement - PreSaveFile = new java.io.File(((pathPrefix + java.lang.Integer.toString(counter)) + .png)): null

2018-12-05 12:15:28 - [TEST_STEP][PASSED] - Statement - counter = counter + 1: null

2018-12-05 12:15:28 - [TEST_STEP][PASSED] - Statement - PreSaveFile = new java.io.File(((pathPrefix + java.lang.Integer.toString(counter)) + .png)): null

2018-12-05 12:15:28 - [TEST_STEP][PASSED] - Statement - counter = counter + 1: null

2018-12-05 12:15:28 - [TEST_STEP][PASSED] - Statement - PreSaveFile = new java.io.File(((pathPrefix + java.lang.Integer.toString(counter)) + .png)): null

2018-12-05 12:15:28 - [TEST_STEP][PASSED] - Statement - counter = counter + 1: null

2018-12-05 12:15:28 - [TEST_STEP][PASSED] - Statement - PreSaveFile = new java.io.File(((pathPrefix + java.lang.Integer.toString(counter)) + .png)): null

2018-12-05 12:15:28 - [TEST_STEP][PASSED] - Statement - counter = counter + 1: null

2018-12-05 12:15:28 - [TEST_STEP][PASSED] - Statement - PreSaveFile = new java.io.File(((pathPrefix + java.lang.Integer.toString(counter)) + .png)): null

2018-12-05 12:15:28 - [TEST_STEP][PASSED] - Statement - counter = counter + 1: null

2018-12-05 12:15:28 - [TEST_STEP][PASSED] - Statement - PreSaveFile = new java.io.File(((pathPrefix + java.lang.Integer.toString(counter)) + .png)): null

2018-12-05 12:15:28 - [TEST_STEP][PASSED] - Statement - counter = counter + 1: null

2018-12-05 12:15:28 - [TEST_STEP][PASSED] - Statement - PreSaveFile = new java.io.File(((pathPrefix + java.lang.Integer.toString(counter)) + .png)): null

2018-12-05 12:15:28 - [TEST_STEP][PASSED] - Statement - counter = counter + 1: null

2018-12-05 12:15:28 - [TEST_STEP][PASSED] - Statement - PreSaveFile = new java.io.File(((pathPrefix + java.lang.Integer.toString(counter)) + .png)): null

2018-12-05 12:15:28 - [TEST_STEP][PASSED] - Statement - counter = counter + 1: null

2018-12-05 12:15:28 - [TEST_STEP][PASSED] - Statement - PreSaveFile = new java.io.File(((pathPrefix + java.lang.Integer.toString(counter)) + .png)): null

2018-12-05 12:15:28 - [TEST_STEP][PASSED] - Statement - counter = counter + 1: null

2018-12-05 12:15:28 - [TEST_STEP][PASSED] - Statement - PreSaveFile = new java.io.File(((pathPrefix + java.lang.Integer.toString(counter)) + .png)): null

2018-12-05 12:15:28 - [TEST_STEP][PASSED] - Statement - counter = counter + 1: null

2018-12-05 12:15:28 - [TEST_STEP][PASSED] - Statement - PreSaveFile = new java.io.File(((pathPrefix + java.lang.Integer.toString(counter)) + .png)): null

2018-12-05 12:15:28 - [TEST_STEP][PASSED] - Statement - counter = counter + 1: null

2018-12-05 12:15:28 - [TEST_STEP][PASSED] - Statement - PreSaveFile = new java.io.File(((pathPrefix + java.lang.Integer.toString(counter)) + .png)): null

2018-12-05 12:15:28 - [TEST_STEP][PASSED] - Statement - counter = counter + 1: null

2018-12-05 12:15:28 - [TEST_STEP][PASSED] - Statement - PreSaveFile = new java.io.File(((pathPrefix + java.lang.Integer.toString(counter)) + .png)): null

2018-12-05 12:15:28 - [TEST_STEP][PASSED] - Statement - counter = counter + 1: null

2018-12-05 12:15:28 - [TEST_STEP][PASSED] - Statement - PreSaveFile = new java.io.File(((pathPrefix + java.lang.Integer.toString(counter)) + .png)): null

2018-12-05 12:15:28 - [TEST_STEP][PASSED] - Statement - counter = counter + 1: null

2018-12-05 12:15:28 - [TEST_STEP][PASSED] - Statement - PreSaveFile = new java.io.File(((pathPrefix + java.lang.Integer.toString(counter)) + .png)): null

2018-12-05 12:15:28 - [TEST_STEP][PASSED] - Statement - counter = counter + 1: null

2018-12-05 12:15:29 - [TEST_STEP][PASSED] - Statement - PreSaveFile = new java.io.File(((pathPrefix + java.lang.Integer.toString(counter)) + .png)): null

2018-12-05 12:15:29 - [TEST_STEP][PASSED] - Statement - counter = counter + 1: null

2018-12-05 12:15:29 - [TEST_STEP][PASSED] - Statement - PreSaveFile = new java.io.File(((pathPrefix + java.lang.Integer.toString(counter)) + .png)): null

2018-12-05 12:15:29 - [TEST_STEP][PASSED] - Statement - counter = counter + 1: null

2018-12-05 12:15:29 - [TEST_STEP][PASSED] - Statement - PreSaveFile = new java.io.File(((pathPrefix + java.lang.Integer.toString(counter)) + .png)): null

2018-12-05 12:15:29 - [TEST_STEP][PASSED] - Statement - counter = counter + 1: null

2018-12-05 12:15:29 - [TEST_STEP][PASSED] - Statement - PreSaveFile = new java.io.File(((pathPrefix + java.lang.Integer.toString(counter)) + .png)): null

2018-12-05 12:15:29 - [TEST_STEP][PASSED] - Statement - counter = counter + 1: null

2018-12-05 12:15:29 - [TEST_STEP][PASSED] - Statement - PreSaveFile = new java.io.File(((pathPrefix + java.lang.Integer.toString(counter)) + .png)): null

2018-12-05 12:15:29 - [TEST_STEP][PASSED] - Statement - counter = counter + 1: null

2018-12-05 12:15:29 - [TEST_STEP][PASSED] - Statement - PreSaveFile = new java.io.File(((pathPrefix + java.lang.Integer.toString(counter)) + .png)): null

2018-12-05 12:15:29 - [TEST_STEP][PASSED] - Statement - counter = counter + 1: null

2018-12-05 12:15:29 - [TEST_STEP][PASSED] - Statement - PreSaveFile = new java.io.File(((pathPrefix + java.lang.Integer.toString(counter)) + .png)): null

2018-12-05 12:15:29 - [TEST_STEP][PASSED] - Statement - counter = counter + 1: null

2018-12-05 12:15:29 - [TEST_STEP][PASSED] - Statement - PreSaveFile = new java.io.File(((pathPrefix + java.lang.Integer.toString(counter)) + .png)): null

2018-12-05 12:15:29 - [TEST_STEP][PASSED] - Statement - counter = counter + 1: null

2018-12-05 12:15:29 - [TEST_STEP][PASSED] - Statement - PreSaveFile = new java.io.File(((pathPrefix + java.lang.Integer.toString(counter)) + .png)): null

2018-12-05 12:15:29 - [TEST_STEP][PASSED] - Statement - counter = counter + 1: null

2018-12-05 12:15:29 - [TEST_STEP][PASSED] - Statement - PreSaveFile = new java.io.File(((pathPrefix + java.lang.Integer.toString(counter)) + .png)): null

2018-12-05 12:15:29 - [TEST_STEP][PASSED] - Statement - counter = counter + 1: null

2018-12-05 12:15:29 - [TEST_STEP][PASSED] - Statement - PreSaveFile = new java.io.File(((pathPrefix + java.lang.Integer.toString(counter)) + .png)): null

2018-12-05 12:15:29 - [TEST_STEP][PASSED] - Statement - counter = counter + 1: null

2018-12-05 12:15:29 - [TEST_STEP][PASSED] - Statement - PreSaveFile = new java.io.File(((pathPrefix + java.lang.Integer.toString(counter)) + .png)): null

2018-12-05 12:15:29 - [TEST_STEP][PASSED] - Statement - counter = counter + 1: null

2018-12-05 12:15:29 - [TEST_STEP][PASSED] - Statement - PreSaveFile = new java.io.File(((pathPrefix + java.lang.Integer.toString(counter)) + .png)): null

2018-12-05 12:15:29 - [TEST_STEP][PASSED] - Statement - counter = counter + 1: null

2018-12-05 12:15:29 - [TEST_STEP][PASSED] - Statement - PreSaveFile = new java.io.File(((pathPrefix + java.lang.Integer.toString(counter)) + .png)): null

2018-12-05 12:15:29 - [TEST_STEP][PASSED] - Statement - counter = counter + 1: null

2018-12-05 12:15:29 - [TEST_STEP][PASSED] - Statement - PreSaveFile = new java.io.File(((pathPrefix + java.lang.Integer.toString(counter)) + .png)): null

2018-12-05 12:15:30 - [TEST_STEP][PASSED] - Statement - counter = counter + 1: null

2018-12-05 12:15:30 - [TEST_STEP][PASSED] - Statement - PreSaveFile = new java.io.File(((pathPrefix + java.lang.Integer.toString(counter)) + .png)): null

2018-12-05 12:15:30 - [TEST_STEP][PASSED] - Statement - counter = counter + 1: null

2018-12-05 12:15:30 - [TEST_STEP][PASSED] - Statement - PreSaveFile = new java.io.File(((pathPrefix + java.lang.Integer.toString(counter)) + .png)): null

2018-12-05 12:15:30 - [TEST_STEP][PASSED] - Statement - counter = counter + 1: null

2018-12-05 12:15:30 - [TEST_STEP][PASSED] - Statement - PreSaveFile = new java.io.File(((pathPrefix + java.lang.Integer.toString(counter)) + .png)): null

2018-12-05 12:15:30 - [TEST_STEP][PASSED] - Statement - counter = counter + 1: null

2018-12-05 12:15:30 - [TEST_STEP][PASSED] - Statement - PreSaveFile = new java.io.File(((pathPrefix + java.lang.Integer.toString(counter)) + .png)): null

2018-12-05 12:15:30 - [TEST_STEP][PASSED] - Statement - counter = counter + 1: null

2018-12-05 12:15:30 - [TEST_STEP][PASSED] - Statement - PreSaveFile = new java.io.File(((pathPrefix + java.lang.Integer.toString(counter)) + .png)): null

2018-12-05 12:15:30 - [TEST_STEP][PASSED] - Statement - counter = counter + 1: null

2018-12-05 12:15:30 - [TEST_STEP][PASSED] - Statement - PreSaveFile = new java.io.File(((pathPrefix + java.lang.Integer.toString(counter)) + .png)): null

2018-12-05 12:15:30 - [TEST_STEP][PASSED] - Statement - counter = counter + 1: null

2018-12-05 12:15:30 - [TEST_STEP][PASSED] - Statement - PreSaveFile = new java.io.File(((pathPrefix + java.lang.Integer.toString(counter)) + .png)): null

2018-12-05 12:15:30 - [TEST_STEP][PASSED] - Statement - counter = counter + 1: null

2018-12-05 12:15:30 - [TEST_STEP][PASSED] - Statement - PreSaveFile = new java.io.File(((pathPrefix + java.lang.Integer.toString(counter)) + .png)): null

2018-12-05 12:15:30 - [TEST_STEP][PASSED] - Statement - counter = counter + 1: null

2018-12-05 12:15:30 - [TEST_STEP][PASSED] - Statement - PreSaveFile = new java.io.File(((pathPrefix + java.lang.Integer.toString(counter)) + .png)): null

2018-12-05 12:15:30 - [TEST_STEP][PASSED] - Statement - counter = counter + 1: null

2018-12-05 12:15:30 - [TEST_STEP][PASSED] - Statement - PreSaveFile = new java.io.File(((pathPrefix + java.lang.Integer.toString(counter)) + .png)): null

2018-12-05 12:15:30 - [TEST_STEP][PASSED] - Statement - counter = counter + 1: null

2018-12-05 12:15:30 - [TEST_STEP][PASSED] - Statement - PreSaveFile = new java.io.File(((pathPrefix + java.lang.Integer.toString(counter)) + .png)): null

2018-12-05 12:15:30 - [TEST_STEP][PASSED] - Statement - counter = counter + 1: null

2018-12-05 12:15:30 - [TEST_STEP][PASSED] - Statement - PreSaveFile = new java.io.File(((pathPrefix + java.lang.Integer.toString(counter)) + .png)): null

2018-12-05 12:15:30 - [TEST_STEP][PASSED] - Statement - counter = counter + 1: null

2018-12-05 12:15:30 - [TEST_STEP][PASSED] - Statement - PreSaveFile = new java.io.File(((pathPrefix + java.lang.Integer.toString(counter)) + .png)): null

2018-12-05 12:15:30 - [TEST_STEP][PASSED] - Statement - counter = counter + 1: null

2018-12-05 12:15:30 - [TEST_STEP][PASSED] - Statement - PreSaveFile = new java.io.File(((pathPrefix + java.lang.Integer.toString(counter)) + .png)): null

2018-12-05 12:15:30 - [TEST_STEP][PASSED] - Statement - counter = counter + 1: null

2018-12-05 12:15:31 - [TEST_STEP][PASSED] - Statement - PreSaveFile = new java.io.File(((pathPrefix + java.lang.Integer.toString(counter)) + .png)): null

2018-12-05 12:15:31 - [TEST_STEP][PASSED] - Statement - counter = counter + 1: null

2018-12-05 12:15:31 - [TEST_STEP][PASSED] - Statement - PreSaveFile = new java.io.File(((pathPrefix + java.lang.Integer.toString(counter)) + .png)): null

2018-12-05 12:15:31 - [TEST_STEP][PASSED] - Statement - counter = counter + 1: null

2018-12-05 12:15:31 - [TEST_STEP][PASSED] - Statement - PreSaveFile = new java.io.File(((pathPrefix + java.lang.Integer.toString(counter)) + .png)): null

2018-12-05 12:15:31 - [TEST_STEP][PASSED] - Statement - counter = counter + 1: null

2018-12-05 12:15:31 - [TEST_STEP][PASSED] - Statement - PreSaveFile = new java.io.File(((pathPrefix + java.lang.Integer.toString(counter)) + .png)): null

2018-12-05 12:15:31 - [TEST_STEP][PASSED] - Statement - counter = counter + 1: null

2018-12-05 12:15:31 - [TEST_STEP][PASSED] - Statement - PreSaveFile = new java.io.File(((pathPrefix + java.lang.Integer.toString(counter)) + .png)): null

2018-12-05 12:15:31 - [TEST_STEP][PASSED] - Statement - counter = counter + 1: null

2018-12-05 12:15:31 - [TEST_STEP][PASSED] - Statement - PreSaveFile = new java.io.File(((pathPrefix + java.lang.Integer.toString(counter)) + .png)): null

2018-12-05 12:15:31 - [TEST_STEP][PASSED] - Statement - counter = counter + 1: null

2018-12-05 12:15:31 - [TEST_STEP][PASSED] - Statement - PreSaveFile = new java.io.File(((pathPrefix + java.lang.Integer.toString(counter)) + .png)): null

2018-12-05 12:15:31 - [TEST_STEP][PASSED] - Statement - counter = counter + 1: null

2018-12-05 12:15:31 - [TEST_STEP][PASSED] - Statement - PreSaveFile = new java.io.File(((pathPrefix + java.lang.Integer.toString(counter)) + .png)): null

2018-12-05 12:15:31 - [TEST_STEP][PASSED] - Statement - counter = counter + 1: null

2018-12-05 12:15:31 - [TEST_STEP][PASSED] - Statement - PreSaveFile = new java.io.File(((pathPrefix + java.lang.Integer.toString(counter)) + .png)): null

2018-12-05 12:15:31 - [TEST_STEP][PASSED] - Statement - counter = counter + 1: null

2018-12-05 12:15:31 - [TEST_STEP][PASSED] - Statement - PreSaveFile = new java.io.File(((pathPrefix + java.lang.Integer.toString(counter)) + .png)): null

2018-12-05 12:15:31 - [TEST_STEP][PASSED] - Statement - counter = counter + 1: null

2018-12-05 12:15:31 - [TEST_STEP][PASSED] - Statement - PreSaveFile = new java.io.File(((pathPrefix + java.lang.Integer.toString(counter)) + .png)): null

2018-12-05 12:15:31 - [TEST_STEP][PASSED] - Statement - counter = counter + 1: null

2018-12-05 12:15:31 - [TEST_STEP][PASSED] - Statement - PreSaveFile = new java.io.File(((pathPrefix + java.lang.Integer.toString(counter)) + .png)): null

2018-12-05 12:15:31 - [TEST_STEP][PASSED] - Statement - counter = counter + 1: null

2018-12-05 12:15:31 - [TEST_STEP][PASSED] - Statement - PreSaveFile = new java.io.File(((pathPrefix + java.lang.Integer.toString(counter)) + .png)): null

2018-12-05 12:15:31 - [TEST_STEP][PASSED] - Statement - counter = counter + 1: null

2018-12-05 12:15:31 - [TEST_STEP][PASSED] - Statement - PreSaveFile = new java.io.File(((pathPrefix + java.lang.Integer.toString(counter)) + .png)): null

2018-12-05 12:15:31 - [TEST_STEP][PASSED] - Statement - counter = counter + 1: null

2018-12-05 12:15:31 - [TEST_STEP][PASSED] - Statement - PreSaveFile = new java.io.File(((pathPrefix + java.lang.Integer.toString(counter)) + .png)): null

2018-12-05 12:15:32 - [TEST_STEP][PASSED] - Statement - counter = counter + 1: null

2018-12-05 12:15:32 - [TEST_STEP][PASSED] - Statement - PreSaveFile = new java.io.File(((pathPrefix + java.lang.Integer.toString(counter)) + .png)): null

2018-12-05 12:15:32 - [TEST_STEP][PASSED] - Statement - counter = counter + 1: null

2018-12-05 12:15:32 - [TEST_STEP][PASSED] - Statement - PreSaveFile = new java.io.File(((pathPrefix + java.lang.Integer.toString(counter)) + .png)): null

2018-12-05 12:15:32 - [TEST_STEP][PASSED] - Statement - counter = counter + 1: null

2018-12-05 12:15:32 - [TEST_STEP][PASSED] - Statement - PreSaveFile = new java.io.File(((pathPrefix + java.lang.Integer.toString(counter)) + .png)): null

2018-12-05 12:15:32 - [TEST_STEP][PASSED] - Statement - counter = counter + 1: null

2018-12-05 12:15:32 - [TEST_STEP][PASSED] - Statement - PreSaveFile = new java.io.File(((pathPrefix + java.lang.Integer.toString(counter)) + .png)): null

2018-12-05 12:15:32 - [TEST_STEP][PASSED] - Statement - counter = counter + 1: null

2018-12-05 12:15:32 - [TEST_STEP][PASSED] - Statement - PreSaveFile = new java.io.File(((pathPrefix + java.lang.Integer.toString(counter)) + .png)): null

2018-12-05 12:15:32 - [TEST_STEP][PASSED] - Statement - counter = counter + 1: null

2018-12-05 12:15:32 - [TEST_STEP][PASSED] - Statement - PreSaveFile = new java.io.File(((pathPrefix + java.lang.Integer.toString(counter)) + .png)): null

2018-12-05 12:15:32 - [TEST_STEP][PASSED] - Statement - counter = counter + 1: null

2018-12-05 12:15:32 - [TEST_STEP][PASSED] - Statement - PreSaveFile = new java.io.File(((pathPrefix + java.lang.Integer.toString(counter)) + .png)): null

2018-12-05 12:15:32 - [TEST_STEP][PASSED] - Statement - counter = counter + 1: null

2018-12-05 12:15:32 - [TEST_STEP][PASSED] - Statement - PreSaveFile = new java.io.File(((pathPrefix + java.lang.Integer.toString(counter)) + .png)): null

2018-12-05 12:15:32 - [TEST_STEP][PASSED] - Statement - counter = counter + 1: null

2018-12-05 12:15:32 - [TEST_STEP][PASSED] - Statement - PreSaveFile = new java.io.File(((pathPrefix + java.lang.Integer.toString(counter)) + .png)): null

2018-12-05 12:15:32 - [TEST_STEP][PASSED] - Statement - counter = counter + 1: null

2018-12-05 12:15:32 - [TEST_STEP][PASSED] - Statement - PreSaveFile = new java.io.File(((pathPrefix + java.lang.Integer.toString(counter)) + .png)): null

2018-12-05 12:15:32 - [TEST_STEP][PASSED] - Statement - counter = counter + 1: null

2018-12-05 12:15:32 - [TEST_STEP][PASSED] - Statement - PreSaveFile = new java.io.File(((pathPrefix + java.lang.Integer.toString(counter)) + .png)): null

2018-12-05 12:15:32 - [TEST_STEP][PASSED] - Statement - counter = counter + 1: null

2018-12-05 12:15:32 - [TEST_STEP][PASSED] - Statement - PreSaveFile = new java.io.File(((pathPrefix + java.lang.Integer.toString(counter)) + .png)): null

2018-12-05 12:15:32 - [TEST_STEP][PASSED] - Statement - counter = counter + 1: null

2018-12-05 12:15:32 - [TEST_STEP][PASSED] - Statement - PreSaveFile = new java.io.File(((pathPrefix + java.lang.Integer.toString(counter)) + .png)): null

2018-12-05 12:15:32 - [TEST_STEP][PASSED] - Statement - counter = counter + 1: null

2018-12-05 12:15:32 - [TEST_STEP][PASSED] - Statement - PreSaveFile = new java.io.File(((pathPrefix + java.lang.Integer.toString(counter)) + .png)): null

2018-12-05 12:15:33 - [TEST_STEP][PASSED] - Statement - counter = counter + 1: null

2018-12-05 12:15:33 - [TEST_STEP][PASSED] - Statement - PreSaveFile = new java.io.File(((pathPrefix + java.lang.Integer.toString(counter)) + .png)): null

2018-12-05 12:15:33 - [TEST_STEP][PASSED] - Statement - counter = counter + 1: null

2018-12-05 12:15:33 - [TEST_STEP][PASSED] - Statement - PreSaveFile = new java.io.File(((pathPrefix + java.lang.Integer.toString(counter)) + .png)): null

2018-12-05 12:15:33 - [TEST_STEP][PASSED] - Statement - counter = counter + 1: null

2018-12-05 12:15:33 - [TEST_STEP][PASSED] - Statement - PreSaveFile = new java.io.File(((pathPrefix + java.lang.Integer.toString(counter)) + .png)): null

2018-12-05 12:15:33 - [TEST_STEP][PASSED] - Statement - counter = counter + 1: null

2018-12-05 12:15:33 - [TEST_STEP][PASSED] - Statement - PreSaveFile = new java.io.File(((pathPrefix + java.lang.Integer.toString(counter)) + .png)): null

2018-12-05 12:15:33 - [TEST_STEP][PASSED] - Statement - counter = counter + 1: null

2018-12-05 12:15:33 - [TEST_STEP][PASSED] - Statement - PreSaveFile = new java.io.File(((pathPrefix + java.lang.Integer.toString(counter)) + .png)): null

2018-12-05 12:15:33 - [TEST_STEP][PASSED] - Statement - counter = counter + 1: null

2018-12-05 12:15:33 - [TEST_STEP][PASSED] - Statement - PreSaveFile = new java.io.File(((pathPrefix + java.lang.Integer.toString(counter)) + .png)): null

2018-12-05 12:15:33 - [TEST_STEP][PASSED] - Statement - counter = counter + 1: null

2018-12-05 12:15:33 - [TEST_STEP][PASSED] - Statement - PreSaveFile = new java.io.File(((pathPrefix + java.lang.Integer.toString(counter)) + .png)): null

2018-12-05 12:15:33 - [TEST_STEP][PASSED] - Statement - counter = counter + 1: null

2018-12-05 12:15:33 - [TEST_STEP][PASSED] - Statement - PreSaveFile = new java.io.File(((pathPrefix + java.lang.Integer.toString(counter)) + .png)): null

2018-12-05 12:15:33 - [TEST_STEP][PASSED] - Statement - counter = counter + 1: null

2018-12-05 12:15:33 - [TEST_STEP][PASSED] - Statement - PreSaveFile = new java.io.File(((pathPrefix + java.lang.Integer.toString(counter)) + .png)): null

2018-12-05 12:15:33 - [TEST_STEP][PASSED] - Statement - counter = counter + 1: null

2018-12-05 12:15:33 - [TEST_STEP][PASSED] - Statement - PreSaveFile = new java.io.File(((pathPrefix + java.lang.Integer.toString(counter)) + .png)): null

2018-12-05 12:15:33 - [TEST_STEP][PASSED] - Statement - counter = counter + 1: null

2018-12-05 12:15:33 - [TEST_STEP][PASSED] - Statement - PreSaveFile = new java.io.File(((pathPrefix + java.lang.Integer.toString(counter)) + .png)): null

2018-12-05 12:15:33 - [TEST_STEP][PASSED] - Statement - counter = counter + 1: null

2018-12-05 12:15:33 - [TEST_STEP][PASSED] - Statement - PreSaveFile = new java.io.File(((pathPrefix + java.lang.Integer.toString(counter)) + .png)): null

2018-12-05 12:15:33 - [TEST_STEP][PASSED] - Statement - counter = counter + 1: null

2018-12-05 12:15:33 - [TEST_STEP][PASSED] - Statement - PreSaveFile = new java.io.File(((pathPrefix + java.lang.Integer.toString(counter)) + .png)): null

2018-12-05 12:15:33 - [TEST_STEP][PASSED] - Statement - counter = counter + 1: null

2018-12-05 12:15:33 - [TEST_STEP][PASSED] - Statement - PreSaveFile = new java.io.File(((pathPrefix + java.lang.Integer.toString(counter)) + .png)): null

2018-12-05 12:15:33 - [TEST_STEP][PASSED] - Statement - counter = counter + 1: null

2018-12-05 12:15:34 - [TEST_STEP][PASSED] - Statement - PreSaveFile = new java.io.File(((pathPrefix + java.lang.Integer.toString(counter)) + .png)): null

2018-12-05 12:15:34 - [TEST_STEP][PASSED] - Statement - counter = counter + 1: null

2018-12-05 12:15:34 - [TEST_STEP][PASSED] - Statement - PreSaveFile = new java.io.File(((pathPrefix + java.lang.Integer.toString(counter)) + .png)): null

2018-12-05 12:15:34 - [TEST_STEP][PASSED] - Statement - counter = counter + 1: null

2018-12-05 12:15:34 - [TEST_STEP][PASSED] - Statement - PreSaveFile = new java.io.File(((pathPrefix + java.lang.Integer.toString(counter)) + .png)): null

2018-12-05 12:15:34 - [TEST_STEP][PASSED] - Statement - counter = counter + 1: null

2018-12-05 12:15:34 - [TEST_STEP][PASSED] - Statement - PreSaveFile = new java.io.File(((pathPrefix + java.lang.Integer.toString(counter)) + .png)): null

2018-12-05 12:15:34 - [TEST_STEP][PASSED] - Statement - counter = counter + 1: null

2018-12-05 12:15:34 - [TEST_STEP][PASSED] - Statement - PreSaveFile = new java.io.File(((pathPrefix + java.lang.Integer.toString(counter)) + .png)): null

2018-12-05 12:15:34 - [TEST_STEP][PASSED] - Statement - counter = counter + 1: null

2018-12-05 12:15:34 - [TEST_STEP][PASSED] - Statement - PreSaveFile = new java.io.File(((pathPrefix + java.lang.Integer.toString(counter)) + .png)): null

2018-12-05 12:15:34 - [TEST_STEP][PASSED] - Statement - counter = counter + 1: null

2018-12-05 12:15:34 - [TEST_STEP][PASSED] - Statement - PreSaveFile = new java.io.File(((pathPrefix + java.lang.Integer.toString(counter)) + .png)): null

2018-12-05 12:15:34 - [TEST_STEP][PASSED] - Statement - counter = counter + 1: null

2018-12-05 12:15:34 - [TEST_STEP][PASSED] - Statement - PreSaveFile = new java.io.File(((pathPrefix + java.lang.Integer.toString(counter)) + .png)): null

2018-12-05 12:15:34 - [TEST_STEP][PASSED] - Statement - counter = counter + 1: null

2018-12-05 12:15:34 - [TEST_STEP][PASSED] - Statement - PreSaveFile = new java.io.File(((pathPrefix + java.lang.Integer.toString(counter)) + .png)): null

2018-12-05 12:15:34 - [TEST_STEP][PASSED] - Statement - counter = counter + 1: null

2018-12-05 12:15:34 - [TEST_STEP][PASSED] - Statement - PreSaveFile = new java.io.File(((pathPrefix + java.lang.Integer.toString(counter)) + .png)): null

2018-12-05 12:15:34 - [TEST_STEP][PASSED] - Statement - counter = counter + 1: null

2018-12-05 12:15:34 - [TEST_STEP][PASSED] - Statement - PreSaveFile = new java.io.File(((pathPrefix + java.lang.Integer.toString(counter)) + .png)): null

2018-12-05 12:15:34 - [TEST_STEP][PASSED] - Statement - counter = counter + 1: null

2018-12-05 12:15:34 - [TEST_STEP][PASSED] - Statement - PreSaveFile = new java.io.File(((pathPrefix + java.lang.Integer.toString(counter)) + .png)): null

2018-12-05 12:15:34 - [TEST_STEP][PASSED] - Statement - counter = counter + 1: null

2018-12-05 12:15:34 - [TEST_STEP][PASSED] - Statement - PreSaveFile = new java.io.File(((pathPrefix + java.lang.Integer.toString(counter)) + .png)): null

2018-12-05 12:15:34 - [TEST_STEP][PASSED] - Statement - counter = counter + 1: null

2018-12-05 12:15:34 - [TEST_STEP][PASSED] - Statement - PreSaveFile = new java.io.File(((pathPrefix + java.lang.Integer.toString(counter)) + .png)): null

2018-12-05 12:15:34 - [TEST_STEP][PASSED] - Statement - counter = counter + 1: null

2018-12-05 12:15:34 - [TEST_STEP][PASSED] - Statement - PreSaveFile = new java.io.File(((pathPrefix + java.lang.Integer.toString(counter)) + .png)): null

2018-12-05 12:15:34 - [TEST_STEP][PASSED] - Statement - counter = counter + 1: null

2018-12-05 12:15:34 - [TEST_STEP][PASSED] - Statement - PreSaveFile = new java.io.File(((pathPrefix + java.lang.Integer.toString(counter)) + .png)): null

2018-12-05 12:15:34 - [TEST_STEP][PASSED] - Statement - counter = counter + 1: null

2018-12-05 12:15:34 - [TEST_STEP][PASSED] - Statement - PreSaveFile = new java.io.File(((pathPrefix + java.lang.Integer.toString(counter)) + .png)): null

2018-12-05 12:15:34 - [TEST_STEP][PASSED] - Statement - counter = counter + 1: null

2018-12-05 12:15:34 - [TEST_STEP][PASSED] - Statement - PreSaveFile = new java.io.File(((pathPrefix + java.lang.Integer.toString(counter)) + .png)): null

2018-12-05 12:15:34 - [TEST_STEP][PASSED] - Statement - counter = counter + 1: null

2018-12-05 12:15:34 - [TEST_STEP][PASSED] - Statement - PreSaveFile = new java.io.File(((pathPrefix + java.lang.Integer.toString(counter)) + .png)): null

2018-12-05 12:15:34 - [TEST_STEP][PASSED] - Statement - counter = counter + 1: null

2018-12-05 12:15:34 - [TEST_STEP][PASSED] - Statement - PreSaveFile = new java.io.File(((pathPrefix + java.lang.Integer.toString(counter)) + .png)): null

2018-12-05 12:15:35 - [TEST_STEP][PASSED] - Statement - counter = counter + 1: null

2018-12-05 12:15:35 - [TEST_STEP][PASSED] - Statement - PreSaveFile = new java.io.File(((pathPrefix + java.lang.Integer.toString(counter)) + .png)): null

2018-12-05 12:15:35 - [TEST_STEP][PASSED] - Statement - counter = counter + 1: null

2018-12-05 12:15:35 - [TEST_STEP][PASSED] - Statement - PreSaveFile = new java.io.File(((pathPrefix + java.lang.Integer.toString(counter)) + .png)): null

2018-12-05 12:15:35 - [TEST_STEP][PASSED] - Statement - counter = counter + 1: null

2018-12-05 12:15:35 - [TEST_STEP][PASSED] - Statement - PreSaveFile = new java.io.File(((pathPrefix + java.lang.Integer.toString(counter)) + .png)): null

2018-12-05 12:15:35 - [TEST_STEP][PASSED] - Statement - counter = counter + 1: null

2018-12-05 12:15:35 - [TEST_STEP][PASSED] - Statement - PreSaveFile = new java.io.File(((pathPrefix + java.lang.Integer.toString(counter)) + .png)): null

2018-12-05 12:15:35 - [TEST_STEP][PASSED] - Statement - counter = counter + 1: null

2018-12-05 12:15:35 - [TEST_STEP][PASSED] - Statement - PreSaveFile = new java.io.File(((pathPrefix + java.lang.Integer.toString(counter)) + .png)): null

2018-12-05 12:15:35 - [TEST_STEP][PASSED] - Statement - counter = counter + 1: null

2018-12-05 12:15:35 - [TEST_STEP][PASSED] - Statement - PreSaveFile = new java.io.File(((pathPrefix + java.lang.Integer.toString(counter)) + .png)): null

2018-12-05 12:15:35 - [TEST_STEP][PASSED] - Statement - counter = counter + 1: null

2018-12-05 12:15:35 - [TEST_STEP][PASSED] - Statement - PreSaveFile = new java.io.File(((pathPrefix + java.lang.Integer.toString(counter)) + .png)): null

2018-12-05 12:15:35 - [TEST_STEP][PASSED] - Statement - counter = counter + 1: null

2018-12-05 12:15:35 - [TEST_STEP][PASSED] - Statement - PreSaveFile = new java.io.File(((pathPrefix + java.lang.Integer.toString(counter)) + .png)): null

2018-12-05 12:15:35 - [TEST_STEP][PASSED] - Statement - counter = counter + 1: null

2018-12-05 12:15:35 - [TEST_STEP][PASSED] - Statement - PreSaveFile = new java.io.File(((pathPrefix + java.lang.Integer.toString(counter)) + .png)): null

2018-12-05 12:15:35 - [TEST_STEP][PASSED] - Statement - counter = counter + 1: null

2018-12-05 12:15:35 - [TEST_STEP][PASSED] - Statement - PreSaveFile = new java.io.File(((pathPrefix + java.lang.Integer.toString(counter)) + .png)): null

2018-12-05 12:15:35 - [TEST_STEP][PASSED] - Statement - counter = counter + 1: null

2018-12-05 12:15:35 - [TEST_STEP][PASSED] - Statement - PreSaveFile = new java.io.File(((pathPrefix + java.lang.Integer.toString(counter)) + .png)): null

2018-12-05 12:15:35 - [TEST_STEP][PASSED] - Statement - counter = counter + 1: null

2018-12-05 12:15:35 - [TEST_STEP][PASSED] - Statement - PreSaveFile = new java.io.File(((pathPrefix + java.lang.Integer.toString(counter)) + .png)): null

2018-12-05 12:15:35 - [TEST_STEP][PASSED] - Statement - counter = counter + 1: null

2018-12-05 12:15:35 - [TEST_STEP][PASSED] - Statement - PreSaveFile = new java.io.File(((pathPrefix + java.lang.Integer.toString(counter)) + .png)): null

2018-12-05 12:15:35 - [TEST_STEP][PASSED] - Statement - counter = counter + 1: null

2018-12-05 12:15:35 - [TEST_STEP][PASSED] - Statement - PreSaveFile = new java.io.File(((pathPrefix + java.lang.Integer.toString(counter)) + .png)): null

2018-12-05 12:15:36 - [TEST_STEP][PASSED] - Statement - counter = counter + 1: null

2018-12-05 12:15:36 - [TEST_STEP][PASSED] - Statement - PreSaveFile = new java.io.File(((pathPrefix + java.lang.Integer.toString(counter)) + .png)): null

2018-12-05 12:15:36 - [TEST_STEP][PASSED] - Statement - counter = counter + 1: null

2018-12-05 12:15:36 - [TEST_STEP][PASSED] - Statement - PreSaveFile = new java.io.File(((pathPrefix + java.lang.Integer.toString(counter)) + .png)): null

2018-12-05 12:15:36 - [TEST_STEP][PASSED] - Statement - counter = counter + 1: null

2018-12-05 12:15:36 - [TEST_STEP][PASSED] - Statement - PreSaveFile = new java.io.File(((pathPrefix + java.lang.Integer.toString(counter)) + .png)): null

2018-12-05 12:15:36 - [TEST_STEP][PASSED] - Statement - counter = counter + 1: null

2018-12-05 12:15:36 - [TEST_STEP][PASSED] - Statement - PreSaveFile = new java.io.File(((pathPrefix + java.lang.Integer.toString(counter)) + .png)): null

2018-12-05 12:15:36 - [TEST_STEP][PASSED] - Statement - counter = counter + 1: null

2018-12-05 12:15:36 - [TEST_STEP][PASSED] - Statement - PreSaveFile = new java.io.File(((pathPrefix + java.lang.Integer.toString(counter)) + .png)): null

2018-12-05 12:15:36 - [TEST_STEP][PASSED] - Statement - counter = counter + 1: null

2018-12-05 12:15:36 - [TEST_STEP][PASSED] - Statement - PreSaveFile = new java.io.File(((pathPrefix + java.lang.Integer.toString(counter)) + .png)): null

2018-12-05 12:15:36 - [TEST_STEP][PASSED] - Statement - counter = counter + 1: null

2018-12-05 12:15:36 - [TEST_STEP][PASSED] - Statement - PreSaveFile = new java.io.File(((pathPrefix + java.lang.Integer.toString(counter)) + .png)): null

2018-12-05 12:15:36 - [TEST_STEP][PASSED] - Statement - counter = counter + 1: null

2018-12-05 12:15:36 - [TEST_STEP][PASSED] - Statement - PreSaveFile = new java.io.File(((pathPrefix + java.lang.Integer.toString(counter)) + .png)): null

2018-12-05 12:15:36 - [TEST_STEP][PASSED] - Statement - counter = counter + 1: null

2018-12-05 12:15:36 - [TEST_STEP][PASSED] - Statement - PreSaveFile = new java.io.File(((pathPrefix + java.lang.Integer.toString(counter)) + .png)): null

2018-12-05 12:15:36 - [TEST_STEP][PASSED] - Statement - counter = counter + 1: null

2018-12-05 12:15:36 - [TEST_STEP][PASSED] - Statement - PreSaveFile = new java.io.File(((pathPrefix + java.lang.Integer.toString(counter)) + .png)): null

2018-12-05 12:15:36 - [TEST_STEP][PASSED] - Statement - counter = counter + 1: null

2018-12-05 12:15:36 - [TEST_STEP][PASSED] - Statement - PreSaveFile = new java.io.File(((pathPrefix + java.lang.Integer.toString(counter)) + .png)): null

2018-12-05 12:15:36 - [TEST_STEP][PASSED] - Statement - counter = counter + 1: null

2018-12-05 12:15:36 - [TEST_STEP][PASSED] - Statement - PreSaveFile = new java.io.File(((pathPrefix + java.lang.Integer.toString(counter)) + .png)): null

2018-12-05 12:15:36 - [TEST_STEP][PASSED] - Statement - counter = counter + 1: null

2018-12-05 12:15:36 - [TEST_STEP][PASSED] - Statement - PreSaveFile = new java.io.File(((pathPrefix + java.lang.Integer.toString(counter)) + .png)): null

2018-12-05 12:15:36 - [TEST_STEP][PASSED] - Statement - counter = counter + 1: null

2018-12-05 12:15:36 - [TEST_STEP][PASSED] - Statement - PreSaveFile = new java.io.File(((pathPrefix + java.lang.Integer.toString(counter)) + .png)): null

2018-12-05 12:15:36 - [TEST_STEP][PASSED] - Statement - counter = counter + 1: null

2018-12-05 12:15:37 - [TEST_STEP][PASSED] - Statement - PreSaveFile = new java.io.File(((pathPrefix + java.lang.Integer.toString(counter)) + .png)): null

2018-12-05 12:15:37 - [TEST_STEP][PASSED] - Statement - counter = counter + 1: null

2018-12-05 12:15:37 - [TEST_STEP][PASSED] - Statement - PreSaveFile = new java.io.File(((pathPrefix + java.lang.Integer.toString(counter)) + .png)): null

2018-12-05 12:15:37 - [TEST_STEP][PASSED] - Statement - counter = counter + 1: null

2018-12-05 12:15:37 - [TEST_STEP][PASSED] - Statement - PreSaveFile = new java.io.File(((pathPrefix + java.lang.Integer.toString(counter)) + .png)): null

2018-12-05 12:15:37 - [TEST_STEP][PASSED] - Statement - counter = counter + 1: null

2018-12-05 12:15:37 - [TEST_STEP][PASSED] - Statement - PreSaveFile = new java.io.File(((pathPrefix + java.lang.Integer.toString(counter)) + .png)): null

2018-12-05 12:15:37 - [TEST_STEP][PASSED] - Statement - counter = counter + 1: null

2018-12-05 12:15:37 - [TEST_STEP][PASSED] - Statement - PreSaveFile = new java.io.File(((pathPrefix + java.lang.Integer.toString(counter)) + .png)): null

2018-12-05 12:15:37 - [TEST_STEP][PASSED] - Statement - counter = counter + 1: null

2018-12-05 12:15:37 - [TEST_STEP][PASSED] - Statement - PreSaveFile = new java.io.File(((pathPrefix + java.lang.Integer.toString(counter)) + .png)): null

2018-12-05 12:15:37 - [TEST_STEP][PASSED] - Statement - counter = counter + 1: null

2018-12-05 12:15:37 - [TEST_STEP][PASSED] - Statement - PreSaveFile = new java.io.File(((pathPrefix + java.lang.Integer.toString(counter)) + .png)): null

2018-12-05 12:15:37 - [TEST_STEP][PASSED] - Statement - counter = counter + 1: null

2018-12-05 12:15:37 - [TEST_STEP][PASSED] - Statement - PreSaveFile = new java.io.File(((pathPrefix + java.lang.Integer.toString(counter)) + .png)): null

2018-12-05 12:15:37 - [TEST_STEP][PASSED] - Statement - counter = counter + 1: null

2018-12-05 12:15:37 - [TEST_STEP][PASSED] - Statement - PreSaveFile = new java.io.File(((pathPrefix + java.lang.Integer.toString(counter)) + .png)): null

2018-12-05 12:15:37 - [TEST_STEP][PASSED] - Statement - counter = counter + 1: null

2018-12-05 12:15:37 - [TEST_STEP][PASSED] - Statement - PreSaveFile = new java.io.File(((pathPrefix + java.lang.Integer.toString(counter)) + .png)): null

2018-12-05 12:15:37 - [TEST_STEP][PASSED] - Statement - counter = counter + 1: null

2018-12-05 12:15:37 - [TEST_STEP][PASSED] - Statement - PreSaveFile = new java.io.File(((pathPrefix + java.lang.Integer.toString(counter)) + .png)): null

2018-12-05 12:15:37 - [TEST_STEP][PASSED] - Statement - counter = counter + 1: null

2018-12-05 12:15:37 - [TEST_STEP][PASSED] - Statement - PreSaveFile = new java.io.File(((pathPrefix + java.lang.Integer.toString(counter)) + .png)): null

2018-12-05 12:15:37 - [TEST_STEP][PASSED] - Statement - counter = counter + 1: null

2018-12-05 12:15:37 - [TEST_STEP][PASSED] - Statement - PreSaveFile = new java.io.File(((pathPrefix + java.lang.Integer.toString(counter)) + .png)): null

2018-12-05 12:15:37 - [TEST_STEP][PASSED] - Statement - counter = counter + 1: null

2018-12-05 12:15:37 - [TEST_STEP][PASSED] - Statement - PreSaveFile = new java.io.File(((pathPrefix + java.lang.Integer.toString(counter)) + .png)): null

2018-12-05 12:15:37 - [TEST_STEP][PASSED] - Statement - counter = counter + 1: null

2018-12-05 12:15:37 - [TEST_STEP][PASSED] - Statement - PreSaveFile = new java.io.File(((pathPrefix + java.lang.Integer.toString(counter)) + .png)): null

2018-12-05 12:15:38 - [TEST_STEP][PASSED] - Statement - counter = counter + 1: null

2018-12-05 12:15:38 - [TEST_STEP][PASSED] - Statement - PreSaveFile = new java.io.File(((pathPrefix + java.lang.Integer.toString(counter)) + .png)): null

2018-12-05 12:15:38 - [TEST_STEP][PASSED] - Statement - counter = counter + 1: null

2018-12-05 12:15:38 - [TEST_STEP][PASSED] - Statement - PreSaveFile = new java.io.File(((pathPrefix + java.lang.Integer.toString(counter)) + .png)): null

2018-12-05 12:15:38 - [TEST_STEP][PASSED] - Statement - counter = counter + 1: null

2018-12-05 12:15:38 - [TEST_STEP][PASSED] - Statement - PreSaveFile = new java.io.File(((pathPrefix + java.lang.Integer.toString(counter)) + .png)): null

2018-12-05 12:15:38 - [TEST_STEP][PASSED] - Statement - counter = counter + 1: null

2018-12-05 12:15:38 - [TEST_STEP][PASSED] - Statement - PreSaveFile = new java.io.File(((pathPrefix + java.lang.Integer.toString(counter)) + .png)): null

2018-12-05 12:15:38 - [TEST_STEP][PASSED] - Statement - counter = counter + 1: null

2018-12-05 12:15:38 - [TEST_STEP][PASSED] - Statement - PreSaveFile = new java.io.File(((pathPrefix + java.lang.Integer.toString(counter)) + .png)): null

2018-12-05 12:15:38 - [TEST_STEP][PASSED] - Statement - counter = counter + 1: null

2018-12-05 12:15:38 - [TEST_STEP][PASSED] - Statement - PreSaveFile = new java.io.File(((pathPrefix + java.lang.Integer.toString(counter)) + .png)): null

2018-12-05 12:15:38 - [TEST_STEP][PASSED] - Statement - counter = counter + 1: null

2018-12-05 12:15:38 - [TEST_STEP][PASSED] - Statement - PreSaveFile = new java.io.File(((pathPrefix + java.lang.Integer.toString(counter)) + .png)): null

2018-12-05 12:15:38 - [TEST_STEP][PASSED] - Statement - counter = counter + 1: null

2018-12-05 12:15:38 - [TEST_STEP][PASSED] - Statement - PreSaveFile = new java.io.File(((pathPrefix + java.lang.Integer.toString(counter)) + .png)): null

2018-12-05 12:15:38 - [TEST_STEP][PASSED] - Statement - counter = counter + 1: null

2018-12-05 12:15:38 - [TEST_STEP][PASSED] - Statement - PreSaveFile = new java.io.File(((pathPrefix + java.lang.Integer.toString(counter)) + .png)): null

2018-12-05 12:15:38 - [TEST_STEP][PASSED] - Statement - counter = counter + 1: null

2018-12-05 12:15:38 - [TEST_STEP][PASSED] - Statement - PreSaveFile = new java.io.File(((pathPrefix + java.lang.Integer.toString(counter)) + .png)): null

2018-12-05 12:15:38 - [TEST_STEP][PASSED] - Statement - counter = counter + 1: null

2018-12-05 12:15:38 - [TEST_STEP][PASSED] - Statement - PreSaveFile = new java.io.File(((pathPrefix + java.lang.Integer.toString(counter)) + .png)): null

2018-12-05 12:15:38 - [TEST_STEP][PASSED] - Statement - counter = counter + 1: null

2018-12-05 12:15:38 - [TEST_STEP][PASSED] - Statement - PreSaveFile = new java.io.File(((pathPrefix + java.lang.Integer.toString(counter)) + .png)): null

2018-12-05 12:15:38 - [TEST_STEP][PASSED] - Statement - counter = counter + 1: null

2018-12-05 12:15:38 - [TEST_STEP][PASSED] - Statement - PreSaveFile = new java.io.File(((pathPrefix + java.lang.Integer.toString(counter)) + .png)): null

2018-12-05 12:15:38 - [TEST_STEP][PASSED] - Statement - counter = counter + 1: null

2018-12-05 12:15:38 - [TEST_STEP][PASSED] - Statement - PreSaveFile = new java.io.File(((pathPrefix + java.lang.Integer.toString(counter)) + .png)): null

2018-12-05 12:15:38 - [TEST_STEP][PASSED] - Statement - counter = counter + 1: null

2018-12-05 12:15:39 - [TEST_STEP][PASSED] - Statement - PreSaveFile = new java.io.File(((pathPrefix + java.lang.Integer.toString(counter)) + .png)): null

2018-12-05 12:15:39 - [TEST_STEP][PASSED] - Statement - counter = counter + 1: null

2018-12-05 12:15:39 - [TEST_STEP][PASSED] - Statement - PreSaveFile = new java.io.File(((pathPrefix + java.lang.Integer.toString(counter)) + .png)): null

2018-12-05 12:15:39 - [TEST_STEP][PASSED] - Statement - counter = counter + 1: null

2018-12-05 12:15:39 - [TEST_STEP][PASSED] - Statement - PreSaveFile = new java.io.File(((pathPrefix + java.lang.Integer.toString(counter)) + .png)): null

2018-12-05 12:15:39 - [TEST_STEP][PASSED] - Statement - counter = counter + 1: null

2018-12-05 12:15:39 - [TEST_STEP][PASSED] - Statement - PreSaveFile = new java.io.File(((pathPrefix + java.lang.Integer.toString(counter)) + .png)): null

2018-12-05 12:15:39 - [TEST_STEP][PASSED] - Statement - counter = counter + 1: null

2018-12-05 12:15:39 - [TEST_STEP][PASSED] - Statement - PreSaveFile = new java.io.File(((pathPrefix + java.lang.Integer.toString(counter)) + .png)): null

2018-12-05 12:15:39 - [TEST_STEP][PASSED] - Statement - counter = counter + 1: null

2018-12-05 12:15:39 - [TEST_STEP][PASSED] - Statement - PreSaveFile = new java.io.File(((pathPrefix + java.lang.Integer.toString(counter)) + .png)): null

2018-12-05 12:15:39 - [TEST_STEP][PASSED] - Statement - counter = counter + 1: null

2018-12-05 12:15:39 - [TEST_STEP][PASSED] - Statement - PreSaveFile = new java.io.File(((pathPrefix + java.lang.Integer.toString(counter)) + .png)): null

2018-12-05 12:15:39 - [TEST_STEP][PASSED] - Statement - counter = counter + 1: null

2018-12-05 12:15:39 - [TEST_STEP][PASSED] - Statement - PreSaveFile = new java.io.File(((pathPrefix + java.lang.Integer.toString(counter)) + .png)): null

2018-12-05 12:15:39 - [TEST_STEP][PASSED] - Statement - counter = counter + 1: null

2018-12-05 12:15:39 - [TEST_STEP][PASSED] - Statement - PreSaveFile = new java.io.File(((pathPrefix + java.lang.Integer.toString(counter)) + .png)): null

2018-12-05 12:15:39 - [TEST_STEP][PASSED] - Statement - counter = counter + 1: null

2018-12-05 12:15:39 - [TEST_STEP][PASSED] - Statement - PreSaveFile = new java.io.File(((pathPrefix + java.lang.Integer.toString(counter)) + .png)): null

2018-12-05 12:15:39 - [TEST_STEP][PASSED] - Statement - counter = counter + 1: null

2018-12-05 12:15:39 - [TEST_STEP][PASSED] - Statement - PreSaveFile = new java.io.File(((pathPrefix + java.lang.Integer.toString(counter)) + .png)): null

2018-12-05 12:15:39 - [TEST_STEP][PASSED] - Statement - counter = counter + 1: null

2018-12-05 12:15:39 - [TEST_STEP][PASSED] - Statement - PreSaveFile = new java.io.File(((pathPrefix + java.lang.Integer.toString(counter)) + .png)): null

2018-12-05 12:15:39 - [TEST_STEP][PASSED] - Statement - counter = counter + 1: null

2018-12-05 12:15:39 - [TEST_STEP][PASSED] - Statement - PreSaveFile = new java.io.File(((pathPrefix + java.lang.Integer.toString(counter)) + .png)): null

2018-12-05 12:15:39 - [TEST_STEP][PASSED] - Statement - counter = counter + 1: null

2018-12-05 12:15:39 - [TEST_STEP][PASSED] - Statement - PreSaveFile = new java.io.File(((pathPrefix + java.lang.Integer.toString(counter)) + .png)): null

2018-12-05 12:15:39 - [TEST_STEP][PASSED] - Statement - counter = counter + 1: null

2018-12-05 12:15:39 - [TEST_STEP][PASSED] - Statement - PreSaveFile = new java.io.File(((pathPrefix + java.lang.Integer.toString(counter)) + .png)): null

2018-12-05 12:15:40 - [TEST_STEP][PASSED] - Statement - counter = counter + 1: null

2018-12-05 12:15:40 - [TEST_STEP][PASSED] - Statement - PreSaveFile = new java.io.File(((pathPrefix + java.lang.Integer.toString(counter)) + .png)): null

2018-12-05 12:15:40 - [TEST_STEP][PASSED] - Statement - counter = counter + 1: null

2018-12-05 12:15:40 - [TEST_STEP][PASSED] - Statement - PreSaveFile = new java.io.File(((pathPrefix + java.lang.Integer.toString(counter)) + .png)): null

2018-12-05 12:15:40 - [TEST_STEP][PASSED] - Statement - counter = counter + 1: null

2018-12-05 12:15:40 - [TEST_STEP][PASSED] - Statement - PreSaveFile = new java.io.File(((pathPrefix + java.lang.Integer.toString(counter)) + .png)): null

2018-12-05 12:15:40 - [TEST_STEP][PASSED] - Statement - counter = counter + 1: null

2018-12-05 12:15:40 - [TEST_STEP][PASSED] - Statement - PreSaveFile = new java.io.File(((pathPrefix + java.lang.Integer.toString(counter)) + .png)): null

2018-12-05 12:15:40 - [TEST_STEP][PASSED] - Statement - counter = counter + 1: null

2018-12-05 12:15:40 - [TEST_STEP][PASSED] - Statement - PreSaveFile = new java.io.File(((pathPrefix + java.lang.Integer.toString(counter)) + .png)): null

2018-12-05 12:15:40 - [TEST_STEP][PASSED] - Statement - counter = counter + 1: null

2018-12-05 12:15:40 - [TEST_STEP][PASSED] - Statement - PreSaveFile = new java.io.File(((pathPrefix + java.lang.Integer.toString(counter)) + .png)): null

2018-12-05 12:15:40 - [TEST_STEP][PASSED] - Statement - counter = counter + 1: null

2018-12-05 12:15:40 - [TEST_STEP][PASSED] - Statement - PreSaveFile = new java.io.File(((pathPrefix + java.lang.Integer.toString(counter)) + .png)): null

2018-12-05 12:15:40 - [TEST_STEP][PASSED] - Statement - counter = counter + 1: null

2018-12-05 12:15:40 - [TEST_STEP][PASSED] - Statement - PreSaveFile = new java.io.File(((pathPrefix + java.lang.Integer.toString(counter)) + .png)): null

2018-12-05 12:15:40 - [TEST_STEP][PASSED] - Statement - counter = counter + 1: null

2018-12-05 12:15:40 - [TEST_STEP][PASSED] - Statement - PreSaveFile = new java.io.File(((pathPrefix + java.lang.Integer.toString(counter)) + .png)): null

2018-12-05 12:15:40 - [TEST_STEP][PASSED] - Statement - counter = counter + 1: null

2018-12-05 12:15:40 - [TEST_STEP][PASSED] - Statement - PreSaveFile = new java.io.File(((pathPrefix + java.lang.Integer.toString(counter)) + .png)): null

2018-12-05 12:15:40 - [TEST_STEP][PASSED] - Statement - counter = counter + 1: null

2018-12-05 12:15:40 - [TEST_STEP][PASSED] - Statement - PreSaveFile = new java.io.File(((pathPrefix + java.lang.Integer.toString(counter)) + .png)): null

2018-12-05 12:15:40 - [TEST_STEP][PASSED] - Statement - counter = counter + 1: null

2018-12-05 12:15:40 - [TEST_STEP][PASSED] - Statement - PreSaveFile = new java.io.File(((pathPrefix + java.lang.Integer.toString(counter)) + .png)): null

2018-12-05 12:15:40 - [TEST_STEP][PASSED] - Statement - counter = counter + 1: null

2018-12-05 12:15:40 - [TEST_STEP][PASSED] - Statement - PreSaveFile = new java.io.File(((pathPrefix + java.lang.Integer.toString(counter)) + .png)): null

2018-12-05 12:15:40 - [TEST_STEP][PASSED] - Statement - counter = counter + 1: null

2018-12-05 12:15:40 - [TEST_STEP][PASSED] - Statement - PreSaveFile = new java.io.File(((pathPrefix + java.lang.Integer.toString(counter)) + .png)): null

2018-12-05 12:15:41 - [TEST_STEP][PASSED] - Statement - counter = counter + 1: null

2018-12-05 12:15:41 - [TEST_STEP][PASSED] - Statement - PreSaveFile = new java.io.File(((pathPrefix + java.lang.Integer.toString(counter)) + .png)): null

2018-12-05 12:15:41 - [TEST_STEP][PASSED] - Statement - counter = counter + 1: null

2018-12-05 12:15:41 - [TEST_STEP][PASSED] - Statement - PreSaveFile = new java.io.File(((pathPrefix + java.lang.Integer.toString(counter)) + .png)): null

2018-12-05 12:15:41 - [TEST_STEP][PASSED] - Statement - counter = counter + 1: null

2018-12-05 12:15:41 - [TEST_STEP][PASSED] - Statement - PreSaveFile = new java.io.File(((pathPrefix + java.lang.Integer.toString(counter)) + .png)): null

2018-12-05 12:15:41 - [TEST_STEP][PASSED] - Statement - counter = counter + 1: null

2018-12-05 12:15:41 - [TEST_STEP][PASSED] - Statement - PreSaveFile = new java.io.File(((pathPrefix + java.lang.Integer.toString(counter)) + .png)): null

2018-12-05 12:15:41 - [TEST_STEP][PASSED] - Statement - counter = counter + 1: null

2018-12-05 12:15:41 - [TEST_STEP][PASSED] - Statement - PreSaveFile = new java.io.File(((pathPrefix + java.lang.Integer.toString(counter)) + .png)): null

2018-12-05 12:15:41 - [TEST_STEP][PASSED] - Statement - counter = counter + 1: null

2018-12-05 12:15:41 - [TEST_STEP][PASSED] - Statement - PreSaveFile = new java.io.File(((pathPrefix + java.lang.Integer.toString(counter)) + .png)): null

2018-12-05 12:15:41 - [TEST_STEP][PASSED] - Statement - counter = counter + 1: null

2018-12-05 12:15:41 - [TEST_STEP][PASSED] - Statement - PreSaveFile = new java.io.File(((pathPrefix + java.lang.Integer.toString(counter)) + .png)): null

2018-12-05 12:15:41 - [TEST_STEP][PASSED] - Statement - counter = counter + 1: null

2018-12-05 12:15:41 - [TEST_STEP][PASSED] - Statement - PreSaveFile = new java.io.File(((pathPrefix + java.lang.Integer.toString(counter)) + .png)): null

2018-12-05 12:15:41 - [TEST_STEP][PASSED] - Statement - counter = counter + 1: null

2018-12-05 12:15:41 - [TEST_STEP][PASSED] - Statement - PreSaveFile = new java.io.File(((pathPrefix + java.lang.Integer.toString(counter)) + .png)): null

2018-12-05 12:15:41 - [TEST_STEP][PASSED] - Statement - counter = counter + 1: null

2018-12-05 12:15:41 - [TEST_STEP][PASSED] - Statement - PreSaveFile = new java.io.File(((pathPrefix + java.lang.Integer.toString(counter)) + .png)): null

2018-12-05 12:15:41 - [TEST_STEP][PASSED] - Statement - finalPath = pathPrefix + java.lang.Integer.toString(counter) + ".png": null

2018-12-05 12:15:41 - [TEST_STEP][PASSED] - Statement - SaveFile = new java.io.File(finalPath): null

2018-12-05 12:15:41 - [TEST_STEP][PASSED] - Statement - Try: null

2018-12-05 12:15:41 - [TEST_STEP][PASSED] - Statement - org.apache.commons.io.FileUtils.copyFile(scrFile, SaveFile): null

2018-12-05 12:15:41 - [TEST_STEP][PASSED] - Statement - out.println("file kept"): null

2018-12-05 12:15:41 - [TEST_STEP][PASSED] - delay: Delayed 10 second(s)

2018-12-05 12:15:51 - [MESSAGE][PASSED] - Delayed 10 second(s)

2018-12-05 12:15:51 - [MESSAGE][PASSED] - Call Test Case 'Test Cases/Final Aug 2018 - PKS Automation/Common/Screenshoting tool' successfully

2018-12-05 12:15:51 - [TEST_STEP][PASSED] - callTestCase: Call Test Case 'Test Cases/Final Aug 2018 - PKS Automation/Registration Module/Log Out/log out avoiding katalon tagging' successfully

2018-12-05 12:15:51 - [TEST_CASE][PASSED] - Test Cases/Final Aug 2018 - PKS Automation/Registration Module/Log Out/log out avoiding katalon tagging: Test Cases/Final Aug 2018 - PKS Automation/Registration Module/Log Out/log out avoiding katalon tagging

2018-12-05 12:15:51 - [TEST_STEP][PASSED] - navigateToUrl: Navigate to 'https://assist2-uat.perkeso.gov.my/c/portal/logout' successfully

2018-12-05 12:15:52 - [MESSAGE][PASSED] - Navigate to 'https://assist2-uat.perkeso.gov.my/c/portal/logout' successfully

2018-12-05 12:15:52 - [MESSAGE][PASSED] - Call Test Case 'Test Cases/Final Aug 2018 - PKS Automation/Registration Module/Log Out/log out avoiding katalon tagging' successfully

2018-12-05 12:15:52 - [TEST_STEP][PASSED] - delay: Delayed 2 second(s)

2018-12-05 12:15:54 - [MESSAGE][PASSED] - Delayed 2 second(s)

2018-12-05 12:15:54 - [TEST_STEP][PASSED] - setText: Text 'johorro1@gmail.com' is set on object 'Object Repository/Final Object Repo/New Registration - Registration Module Pages/New Reg - OTC to RO/Special Case - All Related Objects/Email TextBox'

2018-12-05 12:15:54 - [MESSAGE][PASSED] - Text 'johorro1@gmail.com' is set on object 'Object Repository/Final Object Repo/New Registration - Registration Module Pages/New Reg - OTC to RO/Special Case - All Related Objects/Email TextBox'

2018-12-05 12:15:54 - [TEST_STEP][PASSED] - click: Object: 'Object Repository/Final Object Repo/New Registration - Registration Module Pages/New Reg - OTC to RO/Special Case - All Related Objects/Next Button' is clicked on

2018-12-05 12:15:55 - [MESSAGE][PASSED] - Object: 'Object Repository/Final Object Repo/New Registration - Registration Module Pages/New Reg - OTC to RO/Special Case - All Related Objects/Next Button' is clicked on

2018-12-05 12:15:55 - [TEST_STEP][PASSED] - delay: Delayed 2 second(s)

2018-12-05 12:15:57 - [MESSAGE][PASSED] - Delayed 2 second(s)

2018-12-05 12:15:57 - [TEST_STEP][PASSED] - setText: Text 'Test1@3456789' is set on object 'Object Repository/Final Object Repo/New Registration - Registration Module Pages/New Reg - OTC to RO/Special Case - All Related Objects/Password TextBox'

2018-12-05 12:15:57 - [MESSAGE][PASSED] - Text 'Test1@3456789' is set on object 'Object Repository/Final Object Repo/New Registration - Registration Module Pages/New Reg - OTC to RO/Special Case - All Related Objects/Password TextBox'

2018-12-05 12:15:57 - [TEST_STEP][PASSED] - delay: Delayed 2 second(s)

2018-12-05 12:15:59 - [MESSAGE][PASSED] - Delayed 2 second(s)

2018-12-05 12:15:59 - [TEST_STEP][PASSED] - click: Object: 'Object Repository/Final Object Repo/New Registration - Registration Module Pages/New Reg - OTC to RO/Special Case - All Related Objects/Login Button' is clicked on

2018-12-05 12:15:59 - [MESSAGE][PASSED] - Object: 'Object Repository/Final Object Repo/New Registration - Registration Module Pages/New Reg - OTC to RO/Special Case - All Related Objects/Login Button' is clicked on

2018-12-05 12:15:59 - [TEST_STEP][PASSED] - delay: Delayed 2 second(s)

2018-12-05 12:16:01 - [MESSAGE][PASSED] - Delayed 2 second(s)

2018-12-05 12:16:01 - [TEST_STEP][PASSED] - Statement - Try: null

2018-12-05 12:16:01 - [TEST_STEP][PASSED] - Statement - Checker = com.kms.katalon.core.webui.keyword.WebUiBuiltInKeywords.verifyElementNotPresent("Final Object Repo/Landing Page/Select to English", 3): null

2018-12-05 12:16:01 - [TEST_STEP][PASSED] - Statement - Catch (Exception e): null

2018-12-05 12:16:01 - [TEST_STEP][PASSED] - Statement - e.printStackTrace(): null

2018-12-05 12:16:01 - [TEST_STEP][PASSED] - click: Object: 'Object Repository/Final Object Repo/New Registration - Registration Module Pages/New Reg - OTC to RO/Special Case - All Related Objects/Expand to Search' is clicked on

2018-12-05 12:16:01 - [MESSAGE][PASSED] - Object: 'Object Repository/Final Object Repo/New Registration - Registration Module Pages/New Reg - OTC to RO/Special Case - All Related Objects/Expand to Search' is clicked on

2018-12-05 12:16:01 - [TEST_STEP][PASSED] - delay: Delayed 2 second(s)

2018-12-05 12:16:03 - [MESSAGE][PASSED] - Delayed 2 second(s)

2018-12-05 12:16:03 - [TEST_STEP][PASSED] - setText: Text 'CRN12201800123004' is set on object 'Object Repository/Final Object Repo/New Registration - Registration Module Pages/New Reg - OTC to RO/Special Case - All Related Objects/TextBox RefNo in Workbasket'

2018-12-05 12:16:04 - [MESSAGE][PASSED] - Text 'CRN12201800123004' is set on object 'Object Repository/Final Object Repo/New Registration - Registration Module Pages/New Reg - OTC to RO/Special Case - All Related Objects/TextBox RefNo in Workbasket'

2018-12-05 12:16:04 - [TEST_STEP][PASSED] - delay: Delayed 2 second(s)

2018-12-05 12:16:06 - [MESSAGE][PASSED] - Delayed 2 second(s)

2018-12-05 12:16:06 - [TEST_STEP][PASSED] - click: Object: 'Object Repository/Final Object Repo/New Registration - Registration Module Pages/New Reg - OTC to RO/Special Case - All Related Objects/Click Search' is clicked on

2018-12-05 12:16:06 - [MESSAGE][PASSED] - Object: 'Object Repository/Final Object Repo/New Registration - Registration Module Pages/New Reg - OTC to RO/Special Case - All Related Objects/Click Search' is clicked on

2018-12-05 12:16:06 - [TEST_STEP][PASSED] - delay: Delayed 1 second(s)

2018-12-05 12:16:07 - [MESSAGE][PASSED] - Delayed 1 second(s)

2018-12-05 12:16:07 - [TEST_STEP][PASSED] - click: Object: 'Object Repository/Final Object Repo/New Registration - Registration Module Pages/New Reg - OTC to RO/Special Case - All Related Objects/Click to Continue Workflow' is clicked on

2018-12-05 12:16:10 - [MESSAGE][PASSED] - Object: 'Object Repository/Final Object Repo/New Registration - Registration Module Pages/New Reg - OTC to RO/Special Case - All Related Objects/Click to Continue Workflow' is clicked on

2018-12-05 12:16:10 - [TEST_STEP][PASSED] - delay: Delayed 2 second(s)

2018-12-05 12:16:12 - [MESSAGE][PASSED] - Delayed 2 second(s)

2018-12-05 12:16:12 - [TEST_STEP][PASSED] - click: Object: 'Object Repository/Final Object Repo/New Registration - Registration Module Pages/New Reg - OTC to RO/Special Case - All Related Objects/Continue Button in verifying case' is clicked on

2018-12-05 12:16:15 - [MESSAGE][PASSED] - Object: 'Object Repository/Final Object Repo/New Registration - Registration Module Pages/New Reg - OTC to RO/Special Case - All Related Objects/Continue Button in verifying case' is clicked on

2018-12-05 12:16:15 - [TEST_STEP][PASSED] - delay: Delayed 2 second(s)

2018-12-05 12:16:17 - [MESSAGE][PASSED] - Delayed 2 second(s)

2018-12-05 12:16:17 - [TEST_STEP][PASSED] - click: Object: 'Object Repository/Final Object Repo/New Registration - Registration Module Pages/Form 1/Registered As a Branch - Yes' is clicked on

2018-12-05 12:16:17 - [MESSAGE][PASSED] - Object: 'Object Repository/Final Object Repo/New Registration - Registration Module Pages/Form 1/Registered As a Branch - Yes' is clicked on

2018-12-05 12:16:17 - [TEST_STEP][PASSED] - delay: Delayed 2 second(s)

2018-12-05 12:16:19 - [MESSAGE][PASSED] - Delayed 2 second(s)

2018-12-05 12:16:19 - [TEST_STEP][PASSED] - click: Object: 'Object Repository/Final Object Repo/New Registration - Registration Module Pages/New Reg - OTC to RO/Special Case - All Related Objects/Form 1 Save n Continue' is clicked on

2018-12-05 12:16:19 - [MESSAGE][PASSED] - Object: 'Object Repository/Final Object Repo/New Registration - Registration Module Pages/New Reg - OTC to RO/Special Case - All Related Objects/Form 1 Save n Continue' is clicked on

2018-12-05 12:16:19 - [TEST_STEP][PASSED] - delay: Delayed 2 second(s)

2018-12-05 12:16:21 - [MESSAGE][PASSED] - Delayed 2 second(s)

2018-12-05 12:16:21 - [TEST_STEP][PASSED] - click: Object: 'Object Repository/Final Object Repo/New Registration - Registration Module Pages/New Reg - OTC to RO/Special Case - All Related Objects/Form 2 Save n Continue' is clicked on

2018-12-05 12:16:21 - [MESSAGE][PASSED] - Object: 'Object Repository/Final Object Repo/New Registration - Registration Module Pages/New Reg - OTC to RO/Special Case - All Related Objects/Form 2 Save n Continue' is clicked on

2018-12-05 12:16:21 - [TEST_STEP][PASSED] - delay: Delayed 2 second(s)

2018-12-05 12:16:23 - [MESSAGE][PASSED] - Delayed 2 second(s)

2018-12-05 12:16:23 - [TEST_STEP][PASSED] - click: Object: 'Object Repository/Final Object Repo/New Registration - Registration Module Pages/New Reg - OTC to RO/Special Case - All Related Objects/Third Screen Save n Continue' is clicked on

2018-12-05 12:16:28 - [MESSAGE][PASSED] - Object: 'Object Repository/Final Object Repo/New Registration - Registration Module Pages/New Reg - OTC to RO/Special Case - All Related Objects/Third Screen Save n Continue' is clicked on

2018-12-05 12:16:28 - [TEST_STEP][PASSED] - delay: Delayed 5 second(s)

2018-12-05 12:16:33 - [MESSAGE][PASSED] - Delayed 5 second(s)

2018-12-05 12:16:33 - [TEST_STEP][PASSED] - click: Object: 'Object Repository/Final Object Repo/New Registration - Registration Module Pages/New Reg - OTC to RO/Special Case - All Related Objects/Upload Doc Page Save n Continue' is clicked on

2018-12-05 12:16:33 - [MESSAGE][PASSED] - Object: 'Object Repository/Final Object Repo/New Registration - Registration Module Pages/New Reg - OTC to RO/Special Case - All Related Objects/Upload Doc Page Save n Continue' is clicked on

2018-12-05 12:16:33 - [TEST_STEP][PASSED] - delay: Delayed 5 second(s)

2018-12-05 12:16:38 - [MESSAGE][PASSED] - Delayed 5 second(s)

2018-12-05 12:16:38 - [TEST_STEP][PASSED] - callTestCase: Call Test Case 'Test Cases/Final Aug 2018 - PKS Automation/Registration Module/New Registration/Submit and Screenshot/Submit Registration and Screenshot' successfully

2018-12-05 12:16:39 - [TEST_CASE][PASSED] - Test Cases/Final Aug 2018 - PKS Automation/Registration Module/New Registration/Submit and Screenshot/Submit Registration and Screenshot: Test Cases/Final Aug 2018 - PKS Automation/Registration Module/New Registration/Submit and Screenshot/Submit Registration and Screenshot

2018-12-05 12:16:39 - [TEST_STEP][PASSED] - delay: Delayed 6 second(s)

2018-12-05 12:16:45 - [MESSAGE][PASSED] - Delayed 6 second(s)

2018-12-05 12:16:45 - [TEST_STEP][PASSED] - click: Object: 'Object Repository/Final Object Repo/New Registration - Registration Module Pages/Third Screen - Upload Supporting Doc- Preview/Preview Submit Button' is clicked on

2018-12-05 12:16:45 - [MESSAGE][PASSED] - Object: 'Object Repository/Final Object Repo/New Registration - Registration Module Pages/Third Screen - Upload Supporting Doc- Preview/Preview Submit Button' is clicked on

2018-12-05 12:16:45 - [TEST_STEP][PASSED] - delay: Delayed 2 second(s)

2018-12-05 12:16:47 - [MESSAGE][PASSED] - Delayed 2 second(s)

2018-12-05 12:16:47 - [TEST_STEP][PASSED] - click: Object: 'Object Repository/Final Object Repo/New Registration - Registration Module Pages/Third Screen - Upload Supporting Doc- Preview/Preview Submit - Confirm' is clicked on

2018-12-05 12:16:47 - [MESSAGE][PASSED] - Object: 'Object Repository/Final Object Repo/New Registration - Registration Module Pages/Third Screen - Upload Supporting Doc- Preview/Preview Submit - Confirm' is clicked on

2018-12-05 12:16:47 - [TEST_STEP][PASSED] - delay: Delayed 15 second(s)

2018-12-05 12:17:02 - [MESSAGE][PASSED] - Delayed 15 second(s)

2018-12-05 12:17:02 - [TEST_STEP][PASSED] - Statement - driver = com.kms.katalon.core.webui.driver.DriverFactory.getWebDriver(): null

2018-12-05 12:17:02 - [TEST_STEP][PASSED] - Statement - driver.manage().timeouts().implicitlyWait(10, SECONDS): null

2018-12-05 12:17:02 - [TEST_STEP][PASSED] - Statement - PresavePath = KatalonScreenshots: null

2018-12-05 12:17:02 - [TEST_STEP][PASSED] - Statement - pathPrefix = "C:\Users\Public\Pictures\Sample Pictures\Katalon Screenshots\Automate Ending Screen": null

2018-12-05 12:17:02 - [TEST_STEP][PASSED] - Statement - finalPath = <not implemented yet for class: org.codehaus.groovy.ast.expr.EmptyExpression>: null

2018-12-05 12:17:02 - [TEST_STEP][PASSED] - Statement - scrFile = driver.getScreenshotAs(FILE): null

2018-12-05 12:17:02 - [TEST_STEP][PASSED] - Statement - PreSaveFile = new java.io.File(PresavePath): null

2018-12-05 12:17:02 - [TEST_STEP][PASSED] - Statement - counter = 0: null

2018-12-05 12:17:02 - [TEST_STEP][PASSED] - Statement - If (PreSaveFile.exists()): null

2018-12-05 12:17:02 - [TEST_STEP][PASSED] - Statement - While (PreSaveFile.exists()): null

2018-12-05 12:17:02 - [TEST_STEP][PASSED] - Statement - counter = counter + 1: null

2018-12-05 12:17:02 - [TEST_STEP][PASSED] - Statement - PreSaveFile = new java.io.File(((pathPrefix + java.lang.Integer.toString(counter)) + .png)): null

2018-12-05 12:17:02 - [TEST_STEP][PASSED] - Statement - counter = counter + 1: null

2018-12-05 12:17:02 - [TEST_STEP][PASSED] - Statement - PreSaveFile = new java.io.File(((pathPrefix + java.lang.Integer.toString(counter)) + .png)): null

2018-12-05 12:17:02 - [TEST_STEP][PASSED] - Statement - counter = counter + 1: null

2018-12-05 12:17:02 - [TEST_STEP][PASSED] - Statement - PreSaveFile = new java.io.File(((pathPrefix + java.lang.Integer.toString(counter)) + .png)): null

2018-12-05 12:17:02 - [TEST_STEP][PASSED] - Statement - counter = counter + 1: null

2018-12-05 12:17:02 - [TEST_STEP][PASSED] - Statement - PreSaveFile = new java.io.File(((pathPrefix + java.lang.Integer.toString(counter)) + .png)): null

2018-12-05 12:17:02 - [TEST_STEP][PASSED] - Statement - counter = counter + 1: null

2018-12-05 12:17:02 - [TEST_STEP][PASSED] - Statement - PreSaveFile = new java.io.File(((pathPrefix + java.lang.Integer.toString(counter)) + .png)): null

2018-12-05 12:17:02 - [TEST_STEP][PASSED] - Statement - counter = counter + 1: null

2018-12-05 12:17:02 - [TEST_STEP][PASSED] - Statement - PreSaveFile = new java.io.File(((pathPrefix + java.lang.Integer.toString(counter)) + .png)): null

2018-12-05 12:17:02 - [TEST_STEP][PASSED] - Statement - counter = counter + 1: null

2018-12-05 12:17:02 - [TEST_STEP][PASSED] - Statement - PreSaveFile = new java.io.File(((pathPrefix + java.lang.Integer.toString(counter)) + .png)): null

2018-12-05 12:17:02 - [TEST_STEP][PASSED] - Statement - counter = counter + 1: null

2018-12-05 12:17:02 - [TEST_STEP][PASSED] - Statement - PreSaveFile = new java.io.File(((pathPrefix + java.lang.Integer.toString(counter)) + .png)): null

2018-12-05 12:17:02 - [TEST_STEP][PASSED] - Statement - counter = counter + 1: null

2018-12-05 12:17:02 - [TEST_STEP][PASSED] - Statement - PreSaveFile = new java.io.File(((pathPrefix + java.lang.Integer.toString(counter)) + .png)): null

2018-12-05 12:17:02 - [TEST_STEP][PASSED] - Statement - counter = counter + 1: null

2018-12-05 12:17:02 - [TEST_STEP][PASSED] - Statement - PreSaveFile = new java.io.File(((pathPrefix + java.lang.Integer.toString(counter)) + .png)): null

2018-12-05 12:17:02 - [TEST_STEP][PASSED] - Statement - counter = counter + 1: null

2018-12-05 12:17:02 - [TEST_STEP][PASSED] - Statement - PreSaveFile = new java.io.File(((pathPrefix + java.lang.Integer.toString(counter)) + .png)): null

2018-12-05 12:17:02 - [TEST_STEP][PASSED] - Statement - counter = counter + 1: null

2018-12-05 12:17:02 - [TEST_STEP][PASSED] - Statement - PreSaveFile = new java.io.File(((pathPrefix + java.lang.Integer.toString(counter)) + .png)): null

2018-12-05 12:17:02 - [TEST_STEP][PASSED] - Statement - counter = counter + 1: null

2018-12-05 12:17:02 - [TEST_STEP][PASSED] - Statement - PreSaveFile = new java.io.File(((pathPrefix + java.lang.Integer.toString(counter)) + .png)): null

2018-12-05 12:17:02 - [TEST_STEP][PASSED] - Statement - counter = counter + 1: null

2018-12-05 12:17:02 - [TEST_STEP][PASSED] - Statement - PreSaveFile = new java.io.File(((pathPrefix + java.lang.Integer.toString(counter)) + .png)): null

2018-12-05 12:17:02 - [TEST_STEP][PASSED] - Statement - counter = counter + 1: null

2018-12-05 12:17:02 - [TEST_STEP][PASSED] - Statement - PreSaveFile = new java.io.File(((pathPrefix + java.lang.Integer.toString(counter)) + .png)): null

2018-12-05 12:17:02 - [TEST_STEP][PASSED] - Statement - counter = counter + 1: null

2018-12-05 12:17:02 - [TEST_STEP][PASSED] - Statement - PreSaveFile = new java.io.File(((pathPrefix + java.lang.Integer.toString(counter)) + .png)): null

2018-12-05 12:17:02 - [TEST_STEP][PASSED] - Statement - counter = counter + 1: null

2018-12-05 12:17:03 - [TEST_STEP][PASSED] - Statement - PreSaveFile = new java.io.File(((pathPrefix + java.lang.Integer.toString(counter)) + .png)): null

2018-12-05 12:17:03 - [TEST_STEP][PASSED] - Statement - counter = counter + 1: null

2018-12-05 12:17:03 - [TEST_STEP][PASSED] - Statement - PreSaveFile = new java.io.File(((pathPrefix + java.lang.Integer.toString(counter)) + .png)): null

2018-12-05 12:17:03 - [TEST_STEP][PASSED] - Statement - counter = counter + 1: null

2018-12-05 12:17:03 - [TEST_STEP][PASSED] - Statement - PreSaveFile = new java.io.File(((pathPrefix + java.lang.Integer.toString(counter)) + .png)): null

2018-12-05 12:17:03 - [TEST_STEP][PASSED] - Statement - counter = counter + 1: null

2018-12-05 12:17:03 - [TEST_STEP][PASSED] - Statement - PreSaveFile = new java.io.File(((pathPrefix + java.lang.Integer.toString(counter)) + .png)): null

2018-12-05 12:17:03 - [TEST_STEP][PASSED] - Statement - counter = counter + 1: null

2018-12-05 12:17:03 - [TEST_STEP][PASSED] - Statement - PreSaveFile = new java.io.File(((pathPrefix + java.lang.Integer.toString(counter)) + .png)): null

2018-12-05 12:17:03 - [TEST_STEP][PASSED] - Statement - counter = counter + 1: null

2018-12-05 12:17:03 - [TEST_STEP][PASSED] - Statement - PreSaveFile = new java.io.File(((pathPrefix + java.lang.Integer.toString(counter)) + .png)): null

2018-12-05 12:17:03 - [TEST_STEP][PASSED] - Statement - counter = counter + 1: null

2018-12-05 12:17:03 - [TEST_STEP][PASSED] - Statement - PreSaveFile = new java.io.File(((pathPrefix + java.lang.Integer.toString(counter)) + .png)): null

2018-12-05 12:17:03 - [TEST_STEP][PASSED] - Statement - counter = counter + 1: null

2018-12-05 12:17:03 - [TEST_STEP][PASSED] - Statement - PreSaveFile = new java.io.File(((pathPrefix + java.lang.Integer.toString(counter)) + .png)): null

2018-12-05 12:17:03 - [TEST_STEP][PASSED] - Statement - counter = counter + 1: null

2018-12-05 12:17:03 - [TEST_STEP][PASSED] - Statement - PreSaveFile = new java.io.File(((pathPrefix + java.lang.Integer.toString(counter)) + .png)): null

2018-12-05 12:17:03 - [TEST_STEP][PASSED] - Statement - counter = counter + 1: null

2018-12-05 12:17:03 - [TEST_STEP][PASSED] - Statement - PreSaveFile = new java.io.File(((pathPrefix + java.lang.Integer.toString(counter)) + .png)): null

2018-12-05 12:17:03 - [TEST_STEP][PASSED] - Statement - counter = counter + 1: null

2018-12-05 12:17:03 - [TEST_STEP][PASSED] - Statement - PreSaveFile = new java.io.File(((pathPrefix + java.lang.Integer.toString(counter)) + .png)): null

2018-12-05 12:17:03 - [TEST_STEP][PASSED] - Statement - counter = counter + 1: null

2018-12-05 12:17:03 - [TEST_STEP][PASSED] - Statement - PreSaveFile = new java.io.File(((pathPrefix + java.lang.Integer.toString(counter)) + .png)): null

2018-12-05 12:17:03 - [TEST_STEP][PASSED] - Statement - counter = counter + 1: null

2018-12-05 12:17:03 - [TEST_STEP][PASSED] - Statement - PreSaveFile = new java.io.File(((pathPrefix + java.lang.Integer.toString(counter)) + .png)): null

2018-12-05 12:17:03 - [TEST_STEP][PASSED] - Statement - counter = counter + 1: null

2018-12-05 12:17:03 - [TEST_STEP][PASSED] - Statement - PreSaveFile = new java.io.File(((pathPrefix + java.lang.Integer.toString(counter)) + .png)): null

2018-12-05 12:17:03 - [TEST_STEP][PASSED] - Statement - counter = counter + 1: null

2018-12-05 12:17:03 - [TEST_STEP][PASSED] - Statement - PreSaveFile = new java.io.File(((pathPrefix + java.lang.Integer.toString(counter)) + .png)): null

2018-12-05 12:17:04 - [TEST_STEP][PASSED] - Statement - counter = counter + 1: null

2018-12-05 12:17:04 - [TEST_STEP][PASSED] - Statement - PreSaveFile = new java.io.File(((pathPrefix + java.lang.Integer.toString(counter)) + .png)): null

2018-12-05 12:17:04 - [TEST_STEP][PASSED] - Statement - counter = counter + 1: null

2018-12-05 12:17:04 - [TEST_STEP][PASSED] - Statement - PreSaveFile = new java.io.File(((pathPrefix + java.lang.Integer.toString(counter)) + .png)): null

2018-12-05 12:17:04 - [TEST_STEP][PASSED] - Statement - counter = counter + 1: null

2018-12-05 12:17:04 - [TEST_STEP][PASSED] - Statement - PreSaveFile = new java.io.File(((pathPrefix + java.lang.Integer.toString(counter)) + .png)): null

2018-12-05 12:17:04 - [TEST_STEP][PASSED] - Statement - counter = counter + 1: null

2018-12-05 12:17:04 - [TEST_STEP][PASSED] - Statement - PreSaveFile = new java.io.File(((pathPrefix + java.lang.Integer.toString(counter)) + .png)): null

2018-12-05 12:17:04 - [TEST_STEP][PASSED] - Statement - counter = counter + 1: null

2018-12-05 12:17:04 - [TEST_STEP][PASSED] - Statement - PreSaveFile = new java.io.File(((pathPrefix + java.lang.Integer.toString(counter)) + .png)): null

2018-12-05 12:17:04 - [TEST_STEP][PASSED] - Statement - counter = counter + 1: null

2018-12-05 12:17:04 - [TEST_STEP][PASSED] - Statement - PreSaveFile = new java.io.File(((pathPrefix + java.lang.Integer.toString(counter)) + .png)): null

2018-12-05 12:17:04 - [TEST_STEP][PASSED] - Statement - counter = counter + 1: null

2018-12-05 12:17:04 - [TEST_STEP][PASSED] - Statement - PreSaveFile = new java.io.File(((pathPrefix + java.lang.Integer.toString(counter)) + .png)): null

2018-12-05 12:17:04 - [TEST_STEP][PASSED] - Statement - counter = counter + 1: null

2018-12-05 12:17:04 - [TEST_STEP][PASSED] - Statement - PreSaveFile = new java.io.File(((pathPrefix + java.lang.Integer.toString(counter)) + .png)): null

2018-12-05 12:17:04 - [TEST_STEP][PASSED] - Statement - counter = counter + 1: null

2018-12-05 12:17:04 - [TEST_STEP][PASSED] - Statement - PreSaveFile = new java.io.File(((pathPrefix + java.lang.Integer.toString(counter)) + .png)): null

2018-12-05 12:17:04 - [TEST_STEP][PASSED] - Statement - counter = counter + 1: null

2018-12-05 12:17:04 - [TEST_STEP][PASSED] - Statement - PreSaveFile = new java.io.File(((pathPrefix + java.lang.Integer.toString(counter)) + .png)): null

2018-12-05 12:17:04 - [TEST_STEP][PASSED] - Statement - counter = counter + 1: null

2018-12-05 12:17:04 - [TEST_STEP][PASSED] - Statement - PreSaveFile = new java.io.File(((pathPrefix + java.lang.Integer.toString(counter)) + .png)): null

2018-12-05 12:17:04 - [TEST_STEP][PASSED] - Statement - counter = counter + 1: null

2018-12-05 12:17:04 - [TEST_STEP][PASSED] - Statement - PreSaveFile = new java.io.File(((pathPrefix + java.lang.Integer.toString(counter)) + .png)): null

2018-12-05 12:17:04 - [TEST_STEP][PASSED] - Statement - counter = counter + 1: null

2018-12-05 12:17:04 - [TEST_STEP][PASSED] - Statement - PreSaveFile = new java.io.File(((pathPrefix + java.lang.Integer.toString(counter)) + .png)): null

2018-12-05 12:17:04 - [TEST_STEP][PASSED] - Statement - counter = counter + 1: null

2018-12-05 12:17:04 - [TEST_STEP][PASSED] - Statement - PreSaveFile = new java.io.File(((pathPrefix + java.lang.Integer.toString(counter)) + .png)): null

2018-12-05 12:17:04 - [TEST_STEP][PASSED] - Statement - counter = counter + 1: null

2018-12-05 12:17:04 - [TEST_STEP][PASSED] - Statement - PreSaveFile = new java.io.File(((pathPrefix + java.lang.Integer.toString(counter)) + .png)): null

2018-12-05 12:17:04 - [TEST_STEP][PASSED] - Statement - counter = counter + 1: null

2018-12-05 12:17:04 - [TEST_STEP][PASSED] - Statement - PreSaveFile = new java.io.File(((pathPrefix + java.lang.Integer.toString(counter)) + .png)): null

2018-12-05 12:17:05 - [TEST_STEP][PASSED] - Statement - counter = counter + 1: null

2018-12-05 12:17:05 - [TEST_STEP][PASSED] - Statement - PreSaveFile = new java.io.File(((pathPrefix + java.lang.Integer.toString(counter)) + .png)): null

2018-12-05 12:17:05 - [TEST_STEP][PASSED] - Statement - counter = counter + 1: null

2018-12-05 12:17:05 - [TEST_STEP][PASSED] - Statement - PreSaveFile = new java.io.File(((pathPrefix + java.lang.Integer.toString(counter)) + .png)): null

2018-12-05 12:17:05 - [TEST_STEP][PASSED] - Statement - counter = counter + 1: null

2018-12-05 12:17:05 - [TEST_STEP][PASSED] - Statement - PreSaveFile = new java.io.File(((pathPrefix + java.lang.Integer.toString(counter)) + .png)): null

2018-12-05 12:17:05 - [TEST_STEP][PASSED] - Statement - counter = counter + 1: null

2018-12-05 12:17:05 - [TEST_STEP][PASSED] - Statement - PreSaveFile = new java.io.File(((pathPrefix + java.lang.Integer.toString(counter)) + .png)): null

2018-12-05 12:17:05 - [TEST_STEP][PASSED] - Statement - counter = counter + 1: null

2018-12-05 12:17:05 - [TEST_STEP][PASSED] - Statement - PreSaveFile = new java.io.File(((pathPrefix + java.lang.Integer.toString(counter)) + .png)): null

2018-12-05 12:17:05 - [TEST_STEP][PASSED] - Statement - counter = counter + 1: null

2018-12-05 12:17:05 - [TEST_STEP][PASSED] - Statement - PreSaveFile = new java.io.File(((pathPrefix + java.lang.Integer.toString(counter)) + .png)): null

2018-12-05 12:17:05 - [TEST_STEP][PASSED] - Statement - counter = counter + 1: null

2018-12-05 12:17:05 - [TEST_STEP][PASSED] - Statement - PreSaveFile = new java.io.File(((pathPrefix + java.lang.Integer.toString(counter)) + .png)): null

2018-12-05 12:17:05 - [TEST_STEP][PASSED] - Statement - counter = counter + 1: null

2018-12-05 12:17:05 - [TEST_STEP][PASSED] - Statement - PreSaveFile = new java.io.File(((pathPrefix + java.lang.Integer.toString(counter)) + .png)): null

2018-12-05 12:17:05 - [TEST_STEP][PASSED] - Statement - counter = counter + 1: null

2018-12-05 12:17:05 - [TEST_STEP][PASSED] - Statement - PreSaveFile = new java.io.File(((pathPrefix + java.lang.Integer.toString(counter)) + .png)): null

2018-12-05 12:17:05 - [TEST_STEP][PASSED] - Statement - counter = counter + 1: null

2018-12-05 12:17:05 - [TEST_STEP][PASSED] - Statement - PreSaveFile = new java.io.File(((pathPrefix + java.lang.Integer.toString(counter)) + .png)): null

2018-12-05 12:17:05 - [TEST_STEP][PASSED] - Statement - counter = counter + 1: null

2018-12-05 12:17:05 - [TEST_STEP][PASSED] - Statement - PreSaveFile = new java.io.File(((pathPrefix + java.lang.Integer.toString(counter)) + .png)): null

2018-12-05 12:17:05 - [TEST_STEP][PASSED] - Statement - counter = counter + 1: null

2018-12-05 12:17:05 - [TEST_STEP][PASSED] - Statement - PreSaveFile = new java.io.File(((pathPrefix + java.lang.Integer.toString(counter)) + .png)): null

2018-12-05 12:17:05 - [TEST_STEP][PASSED] - Statement - counter = counter + 1: null

2018-12-05 12:17:05 - [TEST_STEP][PASSED] - Statement - PreSaveFile = new java.io.File(((pathPrefix + java.lang.Integer.toString(counter)) + .png)): null

2018-12-05 12:17:05 - [TEST_STEP][PASSED] - Statement - counter = counter + 1: null

2018-12-05 12:17:05 - [TEST_STEP][PASSED] - Statement - PreSaveFile = new java.io.File(((pathPrefix + java.lang.Integer.toString(counter)) + .png)): null

2018-12-05 12:17:05 - [TEST_STEP][PASSED] - Statement - counter = counter + 1: null

2018-12-05 12:17:05 - [TEST_STEP][PASSED] - Statement - PreSaveFile = new java.io.File(((pathPrefix + java.lang.Integer.toString(counter)) + .png)): null

2018-12-05 12:17:05 - [TEST_STEP][PASSED] - Statement - counter = counter + 1: null

2018-12-05 12:17:05 - [TEST_STEP][PASSED] - Statement - PreSaveFile = new java.io.File(((pathPrefix + java.lang.Integer.toString(counter)) + .png)): null

2018-12-05 12:17:05 - [TEST_STEP][PASSED] - Statement - counter = counter + 1: null

2018-12-05 12:17:05 - [TEST_STEP][PASSED] - Statement - PreSaveFile = new java.io.File(((pathPrefix + java.lang.Integer.toString(counter)) + .png)): null

2018-12-05 12:17:05 - [TEST_STEP][PASSED] - Statement - counter = counter + 1: null

2018-12-05 12:17:05 - [TEST_STEP][PASSED] - Statement - PreSaveFile = new java.io.File(((pathPrefix + java.lang.Integer.toString(counter)) + .png)): null

2018-12-05 12:17:05 - [TEST_STEP][PASSED] - Statement - counter = counter + 1: null

2018-12-05 12:17:05 - [TEST_STEP][PASSED] - Statement - PreSaveFile = new java.io.File(((pathPrefix + java.lang.Integer.toString(counter)) + .png)): null

2018-12-05 12:17:05 - [TEST_STEP][PASSED] - Statement - counter = counter + 1: null

2018-12-05 12:17:06 - [TEST_STEP][PASSED] - Statement - PreSaveFile = new java.io.File(((pathPrefix + java.lang.Integer.toString(counter)) + .png)): null

2018-12-05 12:17:06 - [TEST_STEP][PASSED] - Statement - counter = counter + 1: null

2018-12-05 12:17:06 - [TEST_STEP][PASSED] - Statement - PreSaveFile = new java.io.File(((pathPrefix + java.lang.Integer.toString(counter)) + .png)): null

2018-12-05 12:17:06 - [TEST_STEP][PASSED] - Statement - counter = counter + 1: null

2018-12-05 12:17:06 - [TEST_STEP][PASSED] - Statement - PreSaveFile = new java.io.File(((pathPrefix + java.lang.Integer.toString(counter)) + .png)): null

2018-12-05 12:17:06 - [TEST_STEP][PASSED] - Statement - counter = counter + 1: null

2018-12-05 12:17:06 - [TEST_STEP][PASSED] - Statement - PreSaveFile = new java.io.File(((pathPrefix + java.lang.Integer.toString(counter)) + .png)): null

2018-12-05 12:17:06 - [TEST_STEP][PASSED] - Statement - counter = counter + 1: null

2018-12-05 12:17:06 - [TEST_STEP][PASSED] - Statement - PreSaveFile = new java.io.File(((pathPrefix + java.lang.Integer.toString(counter)) + .png)): null

2018-12-05 12:17:06 - [TEST_STEP][PASSED] - Statement - counter = counter + 1: null

2018-12-05 12:17:06 - [TEST_STEP][PASSED] - Statement - PreSaveFile = new java.io.File(((pathPrefix + java.lang.Integer.toString(counter)) + .png)): null

2018-12-05 12:17:06 - [TEST_STEP][PASSED] - Statement - counter = counter + 1: null

2018-12-05 12:17:06 - [TEST_STEP][PASSED] - Statement - PreSaveFile = new java.io.File(((pathPrefix + java.lang.Integer.toString(counter)) + .png)): null

2018-12-05 12:17:06 - [TEST_STEP][PASSED] - Statement - counter = counter + 1: null

2018-12-05 12:17:06 - [TEST_STEP][PASSED] - Statement - PreSaveFile = new java.io.File(((pathPrefix + java.lang.Integer.toString(counter)) + .png)): null

2018-12-05 12:17:06 - [TEST_STEP][PASSED] - Statement - counter = counter + 1: null

2018-12-05 12:17:06 - [TEST_STEP][PASSED] - Statement - PreSaveFile = new java.io.File(((pathPrefix + java.lang.Integer.toString(counter)) + .png)): null

2018-12-05 12:17:06 - [TEST_STEP][PASSED] - Statement - counter = counter + 1: null

2018-12-05 12:17:06 - [TEST_STEP][PASSED] - Statement - PreSaveFile = new java.io.File(((pathPrefix + java.lang.Integer.toString(counter)) + .png)): null

2018-12-05 12:17:06 - [TEST_STEP][PASSED] - Statement - counter = counter + 1: null

2018-12-05 12:17:06 - [TEST_STEP][PASSED] - Statement - PreSaveFile = new java.io.File(((pathPrefix + java.lang.Integer.toString(counter)) + .png)): null

2018-12-05 12:17:06 - [TEST_STEP][PASSED] - Statement - counter = counter + 1: null

2018-12-05 12:17:06 - [TEST_STEP][PASSED] - Statement - PreSaveFile = new java.io.File(((pathPrefix + java.lang.Integer.toString(counter)) + .png)): null

2018-12-05 12:17:06 - [TEST_STEP][PASSED] - Statement - counter = counter + 1: null

2018-12-05 12:17:06 - [TEST_STEP][PASSED] - Statement - PreSaveFile = new java.io.File(((pathPrefix + java.lang.Integer.toString(counter)) + .png)): null

2018-12-05 12:17:06 - [TEST_STEP][PASSED] - Statement - counter = counter + 1: null

2018-12-05 12:17:06 - [TEST_STEP][PASSED] - Statement - PreSaveFile = new java.io.File(((pathPrefix + java.lang.Integer.toString(counter)) + .png)): null

2018-12-05 12:17:06 - [TEST_STEP][PASSED] - Statement - counter = counter + 1: null

2018-12-05 12:17:07 - [TEST_STEP][PASSED] - Statement - PreSaveFile = new java.io.File(((pathPrefix + java.lang.Integer.toString(counter)) + .png)): null

2018-12-05 12:17:07 - [TEST_STEP][PASSED] - Statement - counter = counter + 1: null

2018-12-05 12:17:07 - [TEST_STEP][PASSED] - Statement - PreSaveFile = new java.io.File(((pathPrefix + java.lang.Integer.toString(counter)) + .png)): null

2018-12-05 12:17:07 - [TEST_STEP][PASSED] - Statement - counter = counter + 1: null

2018-12-05 12:17:07 - [TEST_STEP][PASSED] - Statement - PreSaveFile = new java.io.File(((pathPrefix + java.lang.Integer.toString(counter)) + .png)): null

2018-12-05 12:17:07 - [TEST_STEP][PASSED] - Statement - counter = counter + 1: null

2018-12-05 12:17:07 - [TEST_STEP][PASSED] - Statement - PreSaveFile = new java.io.File(((pathPrefix + java.lang.Integer.toString(counter)) + .png)): null

2018-12-05 12:17:07 - [TEST_STEP][PASSED] - Statement - counter = counter + 1: null

2018-12-05 12:17:07 - [TEST_STEP][PASSED] - Statement - PreSaveFile = new java.io.File(((pathPrefix + java.lang.Integer.toString(counter)) + .png)): null

2018-12-05 12:17:07 - [TEST_STEP][PASSED] - Statement - counter = counter + 1: null

2018-12-05 12:17:07 - [TEST_STEP][PASSED] - Statement - PreSaveFile = new java.io.File(((pathPrefix + java.lang.Integer.toString(counter)) + .png)): null

2018-12-05 12:17:07 - [TEST_STEP][PASSED] - Statement - counter = counter + 1: null

2018-12-05 12:17:07 - [TEST_STEP][PASSED] - Statement - PreSaveFile = new java.io.File(((pathPrefix + java.lang.Integer.toString(counter)) + .png)): null

2018-12-05 12:17:07 - [TEST_STEP][PASSED] - Statement - counter = counter + 1: null

2018-12-05 12:17:07 - [TEST_STEP][PASSED] - Statement - PreSaveFile = new java.io.File(((pathPrefix + java.lang.Integer.toString(counter)) + .png)): null

2018-12-05 12:17:07 - [TEST_STEP][PASSED] - Statement - counter = counter + 1: null

2018-12-05 12:17:07 - [TEST_STEP][PASSED] - Statement - PreSaveFile = new java.io.File(((pathPrefix + java.lang.Integer.toString(counter)) + .png)): null

2018-12-05 12:17:07 - [TEST_STEP][PASSED] - Statement - counter = counter + 1: null

2018-12-05 12:17:07 - [TEST_STEP][PASSED] - Statement - PreSaveFile = new java.io.File(((pathPrefix + java.lang.Integer.toString(counter)) + .png)): null

2018-12-05 12:17:07 - [TEST_STEP][PASSED] - Statement - counter = counter + 1: null

2018-12-05 12:17:07 - [TEST_STEP][PASSED] - Statement - PreSaveFile = new java.io.File(((pathPrefix + java.lang.Integer.toString(counter)) + .png)): null

2018-12-05 12:17:07 - [TEST_STEP][PASSED] - Statement - counter = counter + 1: null

2018-12-05 12:17:07 - [TEST_STEP][PASSED] - Statement - PreSaveFile = new java.io.File(((pathPrefix + java.lang.Integer.toString(counter)) + .png)): null

2018-12-05 12:17:07 - [TEST_STEP][PASSED] - Statement - counter = counter + 1: null

2018-12-05 12:17:07 - [TEST_STEP][PASSED] - Statement - PreSaveFile = new java.io.File(((pathPrefix + java.lang.Integer.toString(counter)) + .png)): null

2018-12-05 12:17:07 - [TEST_STEP][PASSED] - Statement - counter = counter + 1: null

2018-12-05 12:17:07 - [TEST_STEP][PASSED] - Statement - PreSaveFile = new java.io.File(((pathPrefix + java.lang.Integer.toString(counter)) + .png)): null

2018-12-05 12:17:07 - [TEST_STEP][PASSED] - Statement - counter = counter + 1: null

2018-12-05 12:17:07 - [TEST_STEP][PASSED] - Statement - PreSaveFile = new java.io.File(((pathPrefix + java.lang.Integer.toString(counter)) + .png)): null

2018-12-05 12:17:08 - [TEST_STEP][PASSED] - Statement - counter = counter + 1: null

2018-12-05 12:17:08 - [TEST_STEP][PASSED] - Statement - PreSaveFile = new java.io.File(((pathPrefix + java.lang.Integer.toString(counter)) + .png)): null

2018-12-05 12:17:08 - [TEST_STEP][PASSED] - Statement - counter = counter + 1: null

2018-12-05 12:17:08 - [TEST_STEP][PASSED] - Statement - PreSaveFile = new java.io.File(((pathPrefix + java.lang.Integer.toString(counter)) + .png)): null

2018-12-05 12:17:08 - [TEST_STEP][PASSED] - Statement - counter = counter + 1: null

2018-12-05 12:17:08 - [TEST_STEP][PASSED] - Statement - PreSaveFile = new java.io.File(((pathPrefix + java.lang.Integer.toString(counter)) + .png)): null

2018-12-05 12:17:08 - [TEST_STEP][PASSED] - Statement - counter = counter + 1: null

2018-12-05 12:17:08 - [TEST_STEP][PASSED] - Statement - PreSaveFile = new java.io.File(((pathPrefix + java.lang.Integer.toString(counter)) + .png)): null

2018-12-05 12:17:08 - [TEST_STEP][PASSED] - Statement - counter = counter + 1: null

2018-12-05 12:17:08 - [TEST_STEP][PASSED] - Statement - PreSaveFile = new java.io.File(((pathPrefix + java.lang.Integer.toString(counter)) + .png)): null

2018-12-05 12:17:08 - [TEST_STEP][PASSED] - Statement - counter = counter + 1: null

2018-12-05 12:17:08 - [TEST_STEP][PASSED] - Statement - PreSaveFile = new java.io.File(((pathPrefix + java.lang.Integer.toString(counter)) + .png)): null

2018-12-05 12:17:08 - [TEST_STEP][PASSED] - Statement - counter = counter + 1: null

2018-12-05 12:17:08 - [TEST_STEP][PASSED] - Statement - PreSaveFile = new java.io.File(((pathPrefix + java.lang.Integer.toString(counter)) + .png)): null

2018-12-05 12:17:08 - [TEST_STEP][PASSED] - Statement - counter = counter + 1: null

2018-12-05 12:17:08 - [TEST_STEP][PASSED] - Statement - PreSaveFile = new java.io.File(((pathPrefix + java.lang.Integer.toString(counter)) + .png)): null

2018-12-05 12:17:08 - [TEST_STEP][PASSED] - Statement - counter = counter + 1: null

2018-12-05 12:17:08 - [TEST_STEP][PASSED] - Statement - PreSaveFile = new java.io.File(((pathPrefix + java.lang.Integer.toString(counter)) + .png)): null

2018-12-05 12:17:08 - [TEST_STEP][PASSED] - Statement - counter = counter + 1: null

2018-12-05 12:17:08 - [TEST_STEP][PASSED] - Statement - PreSaveFile = new java.io.File(((pathPrefix + java.lang.Integer.toString(counter)) + .png)): null

2018-12-05 12:17:08 - [TEST_STEP][PASSED] - Statement - counter = counter + 1: null

2018-12-05 12:17:08 - [TEST_STEP][PASSED] - Statement - PreSaveFile = new java.io.File(((pathPrefix + java.lang.Integer.toString(counter)) + .png)): null

2018-12-05 12:17:08 - [TEST_STEP][PASSED] - Statement - counter = counter + 1: null

2018-12-05 12:17:08 - [TEST_STEP][PASSED] - Statement - PreSaveFile = new java.io.File(((pathPrefix + java.lang.Integer.toString(counter)) + .png)): null

2018-12-05 12:17:08 - [TEST_STEP][PASSED] - Statement - counter = counter + 1: null

2018-12-05 12:17:08 - [TEST_STEP][PASSED] - Statement - PreSaveFile = new java.io.File(((pathPrefix + java.lang.Integer.toString(counter)) + .png)): null

2018-12-05 12:17:08 - [TEST_STEP][PASSED] - Statement - counter = counter + 1: null

2018-12-05 12:17:08 - [TEST_STEP][PASSED] - Statement - PreSaveFile = new java.io.File(((pathPrefix + java.lang.Integer.toString(counter)) + .png)): null

2018-12-05 12:17:08 - [TEST_STEP][PASSED] - Statement - counter = counter + 1: null

2018-12-05 12:17:09 - [TEST_STEP][PASSED] - Statement - PreSaveFile = new java.io.File(((pathPrefix + java.lang.Integer.toString(counter)) + .png)): null

2018-12-05 12:17:09 - [TEST_STEP][PASSED] - Statement - counter = counter + 1: null

2018-12-05 12:17:09 - [TEST_STEP][PASSED] - Statement - PreSaveFile = new java.io.File(((pathPrefix + java.lang.Integer.toString(counter)) + .png)): null

2018-12-05 12:17:09 - [TEST_STEP][PASSED] - Statement - counter = counter + 1: null

2018-12-05 12:17:09 - [TEST_STEP][PASSED] - Statement - PreSaveFile = new java.io.File(((pathPrefix + java.lang.Integer.toString(counter)) + .png)): null

2018-12-05 12:17:09 - [TEST_STEP][PASSED] - Statement - counter = counter + 1: null

2018-12-05 12:17:09 - [TEST_STEP][PASSED] - Statement - PreSaveFile = new java.io.File(((pathPrefix + java.lang.Integer.toString(counter)) + .png)): null

2018-12-05 12:17:09 - [TEST_STEP][PASSED] - Statement - counter = counter + 1: null

2018-12-05 12:17:09 - [TEST_STEP][PASSED] - Statement - PreSaveFile = new java.io.File(((pathPrefix + java.lang.Integer.toString(counter)) + .png)): null

2018-12-05 12:17:09 - [TEST_STEP][PASSED] - Statement - counter = counter + 1: null

2018-12-05 12:17:09 - [TEST_STEP][PASSED] - Statement - PreSaveFile = new java.io.File(((pathPrefix + java.lang.Integer.toString(counter)) + .png)): null

2018-12-05 12:17:09 - [TEST_STEP][PASSED] - Statement - counter = counter + 1: null

2018-12-05 12:17:09 - [TEST_STEP][PASSED] - Statement - PreSaveFile = new java.io.File(((pathPrefix + java.lang.Integer.toString(counter)) + .png)): null

2018-12-05 12:17:09 - [TEST_STEP][PASSED] - Statement - counter = counter + 1: null

2018-12-05 12:17:09 - [TEST_STEP][PASSED] - Statement - PreSaveFile = new java.io.File(((pathPrefix + java.lang.Integer.toString(counter)) + .png)): null

2018-12-05 12:17:09 - [TEST_STEP][PASSED] - Statement - counter = counter + 1: null

2018-12-05 12:17:09 - [TEST_STEP][PASSED] - Statement - PreSaveFile = new java.io.File(((pathPrefix + java.lang.Integer.toString(counter)) + .png)): null

2018-12-05 12:17:09 - [TEST_STEP][PASSED] - Statement - counter = counter + 1: null

2018-12-05 12:17:09 - [TEST_STEP][PASSED] - Statement - PreSaveFile = new java.io.File(((pathPrefix + java.lang.Integer.toString(counter)) + .png)): null

2018-12-05 12:17:09 - [TEST_STEP][PASSED] - Statement - counter = counter + 1: null

2018-12-05 12:17:09 - [TEST_STEP][PASSED] - Statement - PreSaveFile = new java.io.File(((pathPrefix + java.lang.Integer.toString(counter)) + .png)): null

2018-12-05 12:17:09 - [TEST_STEP][PASSED] - Statement - counter = counter + 1: null

2018-12-05 12:17:09 - [TEST_STEP][PASSED] - Statement - PreSaveFile = new java.io.File(((pathPrefix + java.lang.Integer.toString(counter)) + .png)): null

2018-12-05 12:17:09 - [TEST_STEP][PASSED] - Statement - counter = counter + 1: null

2018-12-05 12:17:09 - [TEST_STEP][PASSED] - Statement - PreSaveFile = new java.io.File(((pathPrefix + java.lang.Integer.toString(counter)) + .png)): null

2018-12-05 12:17:09 - [TEST_STEP][PASSED] - Statement - counter = counter + 1: null

2018-12-05 12:17:09 - [TEST_STEP][PASSED] - Statement - PreSaveFile = new java.io.File(((pathPrefix + java.lang.Integer.toString(counter)) + .png)): null

2018-12-05 12:17:09 - [TEST_STEP][PASSED] - Statement - counter = counter + 1: null

2018-12-05 12:17:09 - [TEST_STEP][PASSED] - Statement - PreSaveFile = new java.io.File(((pathPrefix + java.lang.Integer.toString(counter)) + .png)): null

2018-12-05 12:17:10 - [TEST_STEP][PASSED] - Statement - counter = counter + 1: null

2018-12-05 12:17:10 - [TEST_STEP][PASSED] - Statement - PreSaveFile = new java.io.File(((pathPrefix + java.lang.Integer.toString(counter)) + .png)): null

2018-12-05 12:17:10 - [TEST_STEP][PASSED] - Statement - counter = counter + 1: null

2018-12-05 12:17:10 - [TEST_STEP][PASSED] - Statement - PreSaveFile = new java.io.File(((pathPrefix + java.lang.Integer.toString(counter)) + .png)): null

2018-12-05 12:17:10 - [TEST_STEP][PASSED] - Statement - counter = counter + 1: null

2018-12-05 12:17:10 - [TEST_STEP][PASSED] - Statement - PreSaveFile = new java.io.File(((pathPrefix + java.lang.Integer.toString(counter)) + .png)): null

2018-12-05 12:17:10 - [TEST_STEP][PASSED] - Statement - counter = counter + 1: null

2018-12-05 12:17:10 - [TEST_STEP][PASSED] - Statement - PreSaveFile = new java.io.File(((pathPrefix + java.lang.Integer.toString(counter)) + .png)): null

2018-12-05 12:17:10 - [TEST_STEP][PASSED] - Statement - counter = counter + 1: null

2018-12-05 12:17:10 - [TEST_STEP][PASSED] - Statement - PreSaveFile = new java.io.File(((pathPrefix + java.lang.Integer.toString(counter)) + .png)): null

2018-12-05 12:17:10 - [TEST_STEP][PASSED] - Statement - counter = counter + 1: null

2018-12-05 12:17:10 - [TEST_STEP][PASSED] - Statement - PreSaveFile = new java.io.File(((pathPrefix + java.lang.Integer.toString(counter)) + .png)): null

2018-12-05 12:17:10 - [TEST_STEP][PASSED] - Statement - counter = counter + 1: null

2018-12-05 12:17:10 - [TEST_STEP][PASSED] - Statement - PreSaveFile = new java.io.File(((pathPrefix + java.lang.Integer.toString(counter)) + .png)): null

2018-12-05 12:17:10 - [TEST_STEP][PASSED] - Statement - counter = counter + 1: null

2018-12-05 12:17:10 - [TEST_STEP][PASSED] - Statement - PreSaveFile = new java.io.File(((pathPrefix + java.lang.Integer.toString(counter)) + .png)): null

2018-12-05 12:17:10 - [TEST_STEP][PASSED] - Statement - counter = counter + 1: null

2018-12-05 12:17:10 - [TEST_STEP][PASSED] - Statement - PreSaveFile = new java.io.File(((pathPrefix + java.lang.Integer.toString(counter)) + .png)): null

2018-12-05 12:17:10 - [TEST_STEP][PASSED] - Statement - counter = counter + 1: null

2018-12-05 12:17:10 - [TEST_STEP][PASSED] - Statement - PreSaveFile = new java.io.File(((pathPrefix + java.lang.Integer.toString(counter)) + .png)): null

2018-12-05 12:17:10 - [TEST_STEP][PASSED] - Statement - counter = counter + 1: null

2018-12-05 12:17:10 - [TEST_STEP][PASSED] - Statement - PreSaveFile = new java.io.File(((pathPrefix + java.lang.Integer.toString(counter)) + .png)): null

2018-12-05 12:17:10 - [TEST_STEP][PASSED] - Statement - counter = counter + 1: null

2018-12-05 12:17:10 - [TEST_STEP][PASSED] - Statement - PreSaveFile = new java.io.File(((pathPrefix + java.lang.Integer.toString(counter)) + .png)): null

2018-12-05 12:17:10 - [TEST_STEP][PASSED] - Statement - counter = counter + 1: null

2018-12-05 12:17:10 - [TEST_STEP][PASSED] - Statement - PreSaveFile = new java.io.File(((pathPrefix + java.lang.Integer.toString(counter)) + .png)): null

2018-12-05 12:17:10 - [TEST_STEP][PASSED] - Statement - counter = counter + 1: null

2018-12-05 12:17:10 - [TEST_STEP][PASSED] - Statement - PreSaveFile = new java.io.File(((pathPrefix + java.lang.Integer.toString(counter)) + .png)): null

2018-12-05 12:17:10 - [TEST_STEP][PASSED] - Statement - counter = counter + 1: null

2018-12-05 12:17:11 - [TEST_STEP][PASSED] - Statement - PreSaveFile = new java.io.File(((pathPrefix + java.lang.Integer.toString(counter)) + .png)): null

2018-12-05 12:17:11 - [TEST_STEP][PASSED] - Statement - counter = counter + 1: null

2018-12-05 12:17:11 - [TEST_STEP][PASSED] - Statement - PreSaveFile = new java.io.File(((pathPrefix + java.lang.Integer.toString(counter)) + .png)): null

2018-12-05 12:17:11 - [TEST_STEP][PASSED] - Statement - counter = counter + 1: null

2018-12-05 12:17:11 - [TEST_STEP][PASSED] - Statement - PreSaveFile = new java.io.File(((pathPrefix + java.lang.Integer.toString(counter)) + .png)): null

2018-12-05 12:17:11 - [TEST_STEP][PASSED] - Statement - counter = counter + 1: null

2018-12-05 12:17:11 - [TEST_STEP][PASSED] - Statement - PreSaveFile = new java.io.File(((pathPrefix + java.lang.Integer.toString(counter)) + .png)): null

2018-12-05 12:17:11 - [TEST_STEP][PASSED] - Statement - counter = counter + 1: null

2018-12-05 12:17:11 - [TEST_STEP][PASSED] - Statement - PreSaveFile = new java.io.File(((pathPrefix + java.lang.Integer.toString(counter)) + .png)): null

2018-12-05 12:17:11 - [TEST_STEP][PASSED] - Statement - counter = counter + 1: null

2018-12-05 12:17:11 - [TEST_STEP][PASSED] - Statement - PreSaveFile = new java.io.File(((pathPrefix + java.lang.Integer.toString(counter)) + .png)): null

2018-12-05 12:17:11 - [TEST_STEP][PASSED] - Statement - counter = counter + 1: null

2018-12-05 12:17:11 - [TEST_STEP][PASSED] - Statement - PreSaveFile = new java.io.File(((pathPrefix + java.lang.Integer.toString(counter)) + .png)): null

2018-12-05 12:17:11 - [TEST_STEP][PASSED] - Statement - counter = counter + 1: null

2018-12-05 12:17:11 - [TEST_STEP][PASSED] - Statement - PreSaveFile = new java.io.File(((pathPrefix + java.lang.Integer.toString(counter)) + .png)): null

2018-12-05 12:17:11 - [TEST_STEP][PASSED] - Statement - counter = counter + 1: null

2018-12-05 12:17:11 - [TEST_STEP][PASSED] - Statement - PreSaveFile = new java.io.File(((pathPrefix + java.lang.Integer.toString(counter)) + .png)): null

2018-12-05 12:17:11 - [TEST_STEP][PASSED] - Statement - counter = counter + 1: null

2018-12-05 12:17:11 - [TEST_STEP][PASSED] - Statement - PreSaveFile = new java.io.File(((pathPrefix + java.lang.Integer.toString(counter)) + .png)): null

2018-12-05 12:17:11 - [TEST_STEP][PASSED] - Statement - counter = counter + 1: null

2018-12-05 12:17:11 - [TEST_STEP][PASSED] - Statement - PreSaveFile = new java.io.File(((pathPrefix + java.lang.Integer.toString(counter)) + .png)): null

2018-12-05 12:17:11 - [TEST_STEP][PASSED] - Statement - counter = counter + 1: null

2018-12-05 12:17:11 - [TEST_STEP][PASSED] - Statement - PreSaveFile = new java.io.File(((pathPrefix + java.lang.Integer.toString(counter)) + .png)): null

2018-12-05 12:17:11 - [TEST_STEP][PASSED] - Statement - counter = counter + 1: null

2018-12-05 12:17:11 - [TEST_STEP][PASSED] - Statement - PreSaveFile = new java.io.File(((pathPrefix + java.lang.Integer.toString(counter)) + .png)): null

2018-12-05 12:17:11 - [TEST_STEP][PASSED] - Statement - counter = counter + 1: null

2018-12-05 12:17:11 - [TEST_STEP][PASSED] - Statement - PreSaveFile = new java.io.File(((pathPrefix + java.lang.Integer.toString(counter)) + .png)): null

2018-12-05 12:17:11 - [TEST_STEP][PASSED] - Statement - counter = counter + 1: null

2018-12-05 12:17:12 - [TEST_STEP][PASSED] - Statement - PreSaveFile = new java.io.File(((pathPrefix + java.lang.Integer.toString(counter)) + .png)): null

2018-12-05 12:17:12 - [TEST_STEP][PASSED] - Statement - counter = counter + 1: null

2018-12-05 12:17:12 - [TEST_STEP][PASSED] - Statement - PreSaveFile = new java.io.File(((pathPrefix + java.lang.Integer.toString(counter)) + .png)): null

2018-12-05 12:17:12 - [TEST_STEP][PASSED] - Statement - counter = counter + 1: null

2018-12-05 12:17:12 - [TEST_STEP][PASSED] - Statement - PreSaveFile = new java.io.File(((pathPrefix + java.lang.Integer.toString(counter)) + .png)): null

2018-12-05 12:17:12 - [TEST_STEP][PASSED] - Statement - counter = counter + 1: null

2018-12-05 12:17:12 - [TEST_STEP][PASSED] - Statement - PreSaveFile = new java.io.File(((pathPrefix + java.lang.Integer.toString(counter)) + .png)): null

2018-12-05 12:17:12 - [TEST_STEP][PASSED] - Statement - counter = counter + 1: null

2018-12-05 12:17:12 - [TEST_STEP][PASSED] - Statement - PreSaveFile = new java.io.File(((pathPrefix + java.lang.Integer.toString(counter)) + .png)): null

2018-12-05 12:17:12 - [TEST_STEP][PASSED] - Statement - counter = counter + 1: null

2018-12-05 12:17:12 - [TEST_STEP][PASSED] - Statement - PreSaveFile = new java.io.File(((pathPrefix + java.lang.Integer.toString(counter)) + .png)): null

2018-12-05 12:17:12 - [TEST_STEP][PASSED] - Statement - counter = counter + 1: null

2018-12-05 12:17:12 - [TEST_STEP][PASSED] - Statement - PreSaveFile = new java.io.File(((pathPrefix + java.lang.Integer.toString(counter)) + .png)): null

2018-12-05 12:17:12 - [TEST_STEP][PASSED] - Statement - counter = counter + 1: null

2018-12-05 12:17:12 - [TEST_STEP][PASSED] - Statement - PreSaveFile = new java.io.File(((pathPrefix + java.lang.Integer.toString(counter)) + .png)): null

2018-12-05 12:17:12 - [TEST_STEP][PASSED] - Statement - counter = counter + 1: null

2018-12-05 12:17:12 - [TEST_STEP][PASSED] - Statement - PreSaveFile = new java.io.File(((pathPrefix + java.lang.Integer.toString(counter)) + .png)): null

2018-12-05 12:17:12 - [TEST_STEP][PASSED] - Statement - counter = counter + 1: null

2018-12-05 12:17:12 - [TEST_STEP][PASSED] - Statement - PreSaveFile = new java.io.File(((pathPrefix + java.lang.Integer.toString(counter)) + .png)): null

2018-12-05 12:17:12 - [TEST_STEP][PASSED] - Statement - counter = counter + 1: null

2018-12-05 12:17:12 - [TEST_STEP][PASSED] - Statement - PreSaveFile = new java.io.File(((pathPrefix + java.lang.Integer.toString(counter)) + .png)): null

2018-12-05 12:17:12 - [TEST_STEP][PASSED] - Statement - counter = counter + 1: null

2018-12-05 12:17:12 - [TEST_STEP][PASSED] - Statement - PreSaveFile = new java.io.File(((pathPrefix + java.lang.Integer.toString(counter)) + .png)): null

2018-12-05 12:17:12 - [TEST_STEP][PASSED] - Statement - counter = counter + 1: null

2018-12-05 12:17:12 - [TEST_STEP][PASSED] - Statement - PreSaveFile = new java.io.File(((pathPrefix + java.lang.Integer.toString(counter)) + .png)): null

2018-12-05 12:17:12 - [TEST_STEP][PASSED] - Statement - counter = counter + 1: null

2018-12-05 12:17:12 - [TEST_STEP][PASSED] - Statement - PreSaveFile = new java.io.File(((pathPrefix + java.lang.Integer.toString(counter)) + .png)): null

2018-12-05 12:17:12 - [TEST_STEP][PASSED] - Statement - counter = counter + 1: null

2018-12-05 12:17:12 - [TEST_STEP][PASSED] - Statement - PreSaveFile = new java.io.File(((pathPrefix + java.lang.Integer.toString(counter)) + .png)): null

2018-12-05 12:17:12 - [TEST_STEP][PASSED] - Statement - counter = counter + 1: null

2018-12-05 12:17:12 - [TEST_STEP][PASSED] - Statement - PreSaveFile = new java.io.File(((pathPrefix + java.lang.Integer.toString(counter)) + .png)): null

2018-12-05 12:17:12 - [TEST_STEP][PASSED] - Statement - counter = counter + 1: null

2018-12-05 12:17:12 - [TEST_STEP][PASSED] - Statement - PreSaveFile = new java.io.File(((pathPrefix + java.lang.Integer.toString(counter)) + .png)): null

2018-12-05 12:17:12 - [TEST_STEP][PASSED] - Statement - counter = counter + 1: null

2018-12-05 12:17:12 - [TEST_STEP][PASSED] - Statement - PreSaveFile = new java.io.File(((pathPrefix + java.lang.Integer.toString(counter)) + .png)): null

2018-12-05 12:17:12 - [TEST_STEP][PASSED] - Statement - counter = counter + 1: null

2018-12-05 12:17:12 - [TEST_STEP][PASSED] - Statement - PreSaveFile = new java.io.File(((pathPrefix + java.lang.Integer.toString(counter)) + .png)): null

2018-12-05 12:17:12 - [TEST_STEP][PASSED] - Statement - counter = counter + 1: null

2018-12-05 12:17:12 - [TEST_STEP][PASSED] - Statement - PreSaveFile = new java.io.File(((pathPrefix + java.lang.Integer.toString(counter)) + .png)): null

2018-12-05 12:17:13 - [TEST_STEP][PASSED] - Statement - counter = counter + 1: null

2018-12-05 12:17:13 - [TEST_STEP][PASSED] - Statement - PreSaveFile = new java.io.File(((pathPrefix + java.lang.Integer.toString(counter)) + .png)): null

2018-12-05 12:17:13 - [TEST_STEP][PASSED] - Statement - counter = counter + 1: null

2018-12-05 12:17:13 - [TEST_STEP][PASSED] - Statement - PreSaveFile = new java.io.File(((pathPrefix + java.lang.Integer.toString(counter)) + .png)): null

2018-12-05 12:17:13 - [TEST_STEP][PASSED] - Statement - counter = counter + 1: null

2018-12-05 12:17:13 - [TEST_STEP][PASSED] - Statement - PreSaveFile = new java.io.File(((pathPrefix + java.lang.Integer.toString(counter)) + .png)): null

2018-12-05 12:17:13 - [TEST_STEP][PASSED] - Statement - counter = counter + 1: null

2018-12-05 12:17:13 - [TEST_STEP][PASSED] - Statement - PreSaveFile = new java.io.File(((pathPrefix + java.lang.Integer.toString(counter)) + .png)): null

2018-12-05 12:17:13 - [TEST_STEP][PASSED] - Statement - counter = counter + 1: null

2018-12-05 12:17:13 - [TEST_STEP][PASSED] - Statement - PreSaveFile = new java.io.File(((pathPrefix + java.lang.Integer.toString(counter)) + .png)): null

2018-12-05 12:17:13 - [TEST_STEP][PASSED] - Statement - counter = counter + 1: null

2018-12-05 12:17:13 - [TEST_STEP][PASSED] - Statement - PreSaveFile = new java.io.File(((pathPrefix + java.lang.Integer.toString(counter)) + .png)): null

2018-12-05 12:17:13 - [TEST_STEP][PASSED] - Statement - counter = counter + 1: null

2018-12-05 12:17:13 - [TEST_STEP][PASSED] - Statement - PreSaveFile = new java.io.File(((pathPrefix + java.lang.Integer.toString(counter)) + .png)): null

2018-12-05 12:17:13 - [TEST_STEP][PASSED] - Statement - counter = counter + 1: null

2018-12-05 12:17:13 - [TEST_STEP][PASSED] - Statement - PreSaveFile = new java.io.File(((pathPrefix + java.lang.Integer.toString(counter)) + .png)): null

2018-12-05 12:17:13 - [TEST_STEP][PASSED] - Statement - counter = counter + 1: null

2018-12-05 12:17:13 - [TEST_STEP][PASSED] - Statement - PreSaveFile = new java.io.File(((pathPrefix + java.lang.Integer.toString(counter)) + .png)): null

2018-12-05 12:17:13 - [TEST_STEP][PASSED] - Statement - counter = counter + 1: null

2018-12-05 12:17:13 - [TEST_STEP][PASSED] - Statement - PreSaveFile = new java.io.File(((pathPrefix + java.lang.Integer.toString(counter)) + .png)): null

2018-12-05 12:17:13 - [TEST_STEP][PASSED] - Statement - counter = counter + 1: null

2018-12-05 12:17:13 - [TEST_STEP][PASSED] - Statement - PreSaveFile = new java.io.File(((pathPrefix + java.lang.Integer.toString(counter)) + .png)): null

2018-12-05 12:17:13 - [TEST_STEP][PASSED] - Statement - counter = counter + 1: null

2018-12-05 12:17:13 - [TEST_STEP][PASSED] - Statement - PreSaveFile = new java.io.File(((pathPrefix + java.lang.Integer.toString(counter)) + .png)): null

2018-12-05 12:17:13 - [TEST_STEP][PASSED] - Statement - counter = counter + 1: null

2018-12-05 12:17:13 - [TEST_STEP][PASSED] - Statement - PreSaveFile = new java.io.File(((pathPrefix + java.lang.Integer.toString(counter)) + .png)): null

2018-12-05 12:17:13 - [TEST_STEP][PASSED] - Statement - counter = counter + 1: null

2018-12-05 12:17:13 - [TEST_STEP][PASSED] - Statement - PreSaveFile = new java.io.File(((pathPrefix + java.lang.Integer.toString(counter)) + .png)): null

2018-12-05 12:17:13 - [TEST_STEP][PASSED] - Statement - counter = counter + 1: null

2018-12-05 12:17:14 - [TEST_STEP][PASSED] - Statement - PreSaveFile = new java.io.File(((pathPrefix + java.lang.Integer.toString(counter)) + .png)): null

2018-12-05 12:17:14 - [TEST_STEP][PASSED] - Statement - counter = counter + 1: null

2018-12-05 12:17:14 - [TEST_STEP][PASSED] - Statement - PreSaveFile = new java.io.File(((pathPrefix + java.lang.Integer.toString(counter)) + .png)): null

2018-12-05 12:17:14 - [TEST_STEP][PASSED] - Statement - counter = counter + 1: null

2018-12-05 12:17:14 - [TEST_STEP][PASSED] - Statement - PreSaveFile = new java.io.File(((pathPrefix + java.lang.Integer.toString(counter)) + .png)): null

2018-12-05 12:17:14 - [TEST_STEP][PASSED] - Statement - counter = counter + 1: null

2018-12-05 12:17:14 - [TEST_STEP][PASSED] - Statement - PreSaveFile = new java.io.File(((pathPrefix + java.lang.Integer.toString(counter)) + .png)): null

2018-12-05 12:17:14 - [TEST_STEP][PASSED] - Statement - counter = counter + 1: null

2018-12-05 12:17:14 - [TEST_STEP][PASSED] - Statement - PreSaveFile = new java.io.File(((pathPrefix + java.lang.Integer.toString(counter)) + .png)): null

2018-12-05 12:17:14 - [TEST_STEP][PASSED] - Statement - counter = counter + 1: null

2018-12-05 12:17:14 - [TEST_STEP][PASSED] - Statement - PreSaveFile = new java.io.File(((pathPrefix + java.lang.Integer.toString(counter)) + .png)): null

2018-12-05 12:17:14 - [TEST_STEP][PASSED] - Statement - counter = counter + 1: null

2018-12-05 12:17:14 - [TEST_STEP][PASSED] - Statement - PreSaveFile = new java.io.File(((pathPrefix + java.lang.Integer.toString(counter)) + .png)): null

2018-12-05 12:17:14 - [TEST_STEP][PASSED] - Statement - counter = counter + 1: null

2018-12-05 12:17:14 - [TEST_STEP][PASSED] - Statement - PreSaveFile = new java.io.File(((pathPrefix + java.lang.Integer.toString(counter)) + .png)): null

2018-12-05 12:17:14 - [TEST_STEP][PASSED] - Statement - counter = counter + 1: null

2018-12-05 12:17:14 - [TEST_STEP][PASSED] - Statement - PreSaveFile = new java.io.File(((pathPrefix + java.lang.Integer.toString(counter)) + .png)): null

2018-12-05 12:17:14 - [TEST_STEP][PASSED] - Statement - counter = counter + 1: null

2018-12-05 12:17:14 - [TEST_STEP][PASSED] - Statement - PreSaveFile = new java.io.File(((pathPrefix + java.lang.Integer.toString(counter)) + .png)): null

2018-12-05 12:17:14 - [TEST_STEP][PASSED] - Statement - counter = counter + 1: null

2018-12-05 12:17:14 - [TEST_STEP][PASSED] - Statement - PreSaveFile = new java.io.File(((pathPrefix + java.lang.Integer.toString(counter)) + .png)): null

2018-12-05 12:17:14 - [TEST_STEP][PASSED] - Statement - counter = counter + 1: null

2018-12-05 12:17:14 - [TEST_STEP][PASSED] - Statement - PreSaveFile = new java.io.File(((pathPrefix + java.lang.Integer.toString(counter)) + .png)): null

2018-12-05 12:17:14 - [TEST_STEP][PASSED] - Statement - counter = counter + 1: null

2018-12-05 12:17:14 - [TEST_STEP][PASSED] - Statement - PreSaveFile = new java.io.File(((pathPrefix + java.lang.Integer.toString(counter)) + .png)): null

2018-12-05 12:17:14 - [TEST_STEP][PASSED] - Statement - counter = counter + 1: null

2018-12-05 12:17:14 - [TEST_STEP][PASSED] - Statement - PreSaveFile = new java.io.File(((pathPrefix + java.lang.Integer.toString(counter)) + .png)): null

2018-12-05 12:17:14 - [TEST_STEP][PASSED] - Statement - counter = counter + 1: null

2018-12-05 12:17:14 - [TEST_STEP][PASSED] - Statement - PreSaveFile = new java.io.File(((pathPrefix + java.lang.Integer.toString(counter)) + .png)): null

2018-12-05 12:17:15 - [TEST_STEP][PASSED] - Statement - counter = counter + 1: null

2018-12-05 12:17:15 - [TEST_STEP][PASSED] - Statement - PreSaveFile = new java.io.File(((pathPrefix + java.lang.Integer.toString(counter)) + .png)): null

2018-12-05 12:17:15 - [TEST_STEP][PASSED] - Statement - counter = counter + 1: null

2018-12-05 12:17:15 - [TEST_STEP][PASSED] - Statement - PreSaveFile = new java.io.File(((pathPrefix + java.lang.Integer.toString(counter)) + .png)): null

2018-12-05 12:17:15 - [TEST_STEP][PASSED] - Statement - counter = counter + 1: null

2018-12-05 12:17:15 - [TEST_STEP][PASSED] - Statement - PreSaveFile = new java.io.File(((pathPrefix + java.lang.Integer.toString(counter)) + .png)): null

2018-12-05 12:17:15 - [TEST_STEP][PASSED] - Statement - counter = counter + 1: null

2018-12-05 12:17:15 - [TEST_STEP][PASSED] - Statement - PreSaveFile = new java.io.File(((pathPrefix + java.lang.Integer.toString(counter)) + .png)): null

2018-12-05 12:17:15 - [TEST_STEP][PASSED] - Statement - counter = counter + 1: null

2018-12-05 12:17:15 - [TEST_STEP][PASSED] - Statement - PreSaveFile = new java.io.File(((pathPrefix + java.lang.Integer.toString(counter)) + .png)): null

2018-12-05 12:17:15 - [TEST_STEP][PASSED] - Statement - counter = counter + 1: null

2018-12-05 12:17:15 - [TEST_STEP][PASSED] - Statement - PreSaveFile = new java.io.File(((pathPrefix + java.lang.Integer.toString(counter)) + .png)): null

2018-12-05 12:17:15 - [TEST_STEP][PASSED] - Statement - counter = counter + 1: null

2018-12-05 12:17:15 - [TEST_STEP][PASSED] - Statement - PreSaveFile = new java.io.File(((pathPrefix + java.lang.Integer.toString(counter)) + .png)): null

2018-12-05 12:17:15 - [TEST_STEP][PASSED] - Statement - counter = counter + 1: null

2018-12-05 12:17:15 - [TEST_STEP][PASSED] - Statement - PreSaveFile = new java.io.File(((pathPrefix + java.lang.Integer.toString(counter)) + .png)): null

2018-12-05 12:17:15 - [TEST_STEP][PASSED] - Statement - counter = counter + 1: null

2018-12-05 12:17:15 - [TEST_STEP][PASSED] - Statement - PreSaveFile = new java.io.File(((pathPrefix + java.lang.Integer.toString(counter)) + .png)): null

2018-12-05 12:17:15 - [TEST_STEP][PASSED] - Statement - counter = counter + 1: null

2018-12-05 12:17:15 - [TEST_STEP][PASSED] - Statement - PreSaveFile = new java.io.File(((pathPrefix + java.lang.Integer.toString(counter)) + .png)): null

2018-12-05 12:17:15 - [TEST_STEP][PASSED] - Statement - counter = counter + 1: null

2018-12-05 12:17:15 - [TEST_STEP][PASSED] - Statement - PreSaveFile = new java.io.File(((pathPrefix + java.lang.Integer.toString(counter)) + .png)): null

2018-12-05 12:17:15 - [TEST_STEP][PASSED] - Statement - counter = counter + 1: null

2018-12-05 12:17:15 - [TEST_STEP][PASSED] - Statement - PreSaveFile = new java.io.File(((pathPrefix + java.lang.Integer.toString(counter)) + .png)): null

2018-12-05 12:17:15 - [TEST_STEP][PASSED] - Statement - counter = counter + 1: null

2018-12-05 12:17:15 - [TEST_STEP][PASSED] - Statement - PreSaveFile = new java.io.File(((pathPrefix + java.lang.Integer.toString(counter)) + .png)): null

2018-12-05 12:17:15 - [TEST_STEP][PASSED] - Statement - counter = counter + 1: null

2018-12-05 12:17:15 - [TEST_STEP][PASSED] - Statement - PreSaveFile = new java.io.File(((pathPrefix + java.lang.Integer.toString(counter)) + .png)): null

2018-12-05 12:17:16 - [TEST_STEP][PASSED] - Statement - counter = counter + 1: null

2018-12-05 12:17:16 - [TEST_STEP][PASSED] - Statement - PreSaveFile = new java.io.File(((pathPrefix + java.lang.Integer.toString(counter)) + .png)): null

2018-12-05 12:17:16 - [TEST_STEP][PASSED] - Statement - counter = counter + 1: null

2018-12-05 12:17:16 - [TEST_STEP][PASSED] - Statement - PreSaveFile = new java.io.File(((pathPrefix + java.lang.Integer.toString(counter)) + .png)): null

2018-12-05 12:17:16 - [TEST_STEP][PASSED] - Statement - counter = counter + 1: null

2018-12-05 12:17:16 - [TEST_STEP][PASSED] - Statement - PreSaveFile = new java.io.File(((pathPrefix + java.lang.Integer.toString(counter)) + .png)): null

2018-12-05 12:17:16 - [TEST_STEP][PASSED] - Statement - counter = counter + 1: null

2018-12-05 12:17:16 - [TEST_STEP][PASSED] - Statement - PreSaveFile = new java.io.File(((pathPrefix + java.lang.Integer.toString(counter)) + .png)): null

2018-12-05 12:17:16 - [TEST_STEP][PASSED] - Statement - counter = counter + 1: null

2018-12-05 12:17:16 - [TEST_STEP][PASSED] - Statement - PreSaveFile = new java.io.File(((pathPrefix + java.lang.Integer.toString(counter)) + .png)): null

2018-12-05 12:17:16 - [TEST_STEP][PASSED] - Statement - counter = counter + 1: null

2018-12-05 12:17:16 - [TEST_STEP][PASSED] - Statement - PreSaveFile = new java.io.File(((pathPrefix + java.lang.Integer.toString(counter)) + .png)): null

2018-12-05 12:17:16 - [TEST_STEP][PASSED] - Statement - counter = counter + 1: null

2018-12-05 12:17:16 - [TEST_STEP][PASSED] - Statement - PreSaveFile = new java.io.File(((pathPrefix + java.lang.Integer.toString(counter)) + .png)): null

2018-12-05 12:17:16 - [TEST_STEP][PASSED] - Statement - counter = counter + 1: null

2018-12-05 12:17:16 - [TEST_STEP][PASSED] - Statement - PreSaveFile = new java.io.File(((pathPrefix + java.lang.Integer.toString(counter)) + .png)): null

2018-12-05 12:17:16 - [TEST_STEP][PASSED] - Statement - counter = counter + 1: null

2018-12-05 12:17:16 - [TEST_STEP][PASSED] - Statement - PreSaveFile = new java.io.File(((pathPrefix + java.lang.Integer.toString(counter)) + .png)): null

2018-12-05 12:17:16 - [TEST_STEP][PASSED] - Statement - counter = counter + 1: null

2018-12-05 12:17:16 - [TEST_STEP][PASSED] - Statement - PreSaveFile = new java.io.File(((pathPrefix + java.lang.Integer.toString(counter)) + .png)): null

2018-12-05 12:17:16 - [TEST_STEP][PASSED] - Statement - counter = counter + 1: null

2018-12-05 12:17:16 - [TEST_STEP][PASSED] - Statement - PreSaveFile = new java.io.File(((pathPrefix + java.lang.Integer.toString(counter)) + .png)): null

2018-12-05 12:17:16 - [TEST_STEP][PASSED] - Statement - counter = counter + 1: null

2018-12-05 12:17:16 - [TEST_STEP][PASSED] - Statement - PreSaveFile = new java.io.File(((pathPrefix + java.lang.Integer.toString(counter)) + .png)): null

2018-12-05 12:17:16 - [TEST_STEP][PASSED] - Statement - counter = counter + 1: null

2018-12-05 12:17:16 - [TEST_STEP][PASSED] - Statement - PreSaveFile = new java.io.File(((pathPrefix + java.lang.Integer.toString(counter)) + .png)): null

2018-12-05 12:17:16 - [TEST_STEP][PASSED] - Statement - counter = counter + 1: null

2018-12-05 12:17:16 - [TEST_STEP][PASSED] - Statement - PreSaveFile = new java.io.File(((pathPrefix + java.lang.Integer.toString(counter)) + .png)): null

2018-12-05 12:17:16 - [TEST_STEP][PASSED] - Statement - counter = counter + 1: null

2018-12-05 12:17:17 - [TEST_STEP][PASSED] - Statement - PreSaveFile = new java.io.File(((pathPrefix + java.lang.Integer.toString(counter)) + .png)): null

2018-12-05 12:17:17 - [TEST_STEP][PASSED] - Statement - counter = counter + 1: null

2018-12-05 12:17:17 - [TEST_STEP][PASSED] - Statement - PreSaveFile = new java.io.File(((pathPrefix + java.lang.Integer.toString(counter)) + .png)): null

2018-12-05 12:17:17 - [TEST_STEP][PASSED] - Statement - counter = counter + 1: null

2018-12-05 12:17:17 - [TEST_STEP][PASSED] - Statement - PreSaveFile = new java.io.File(((pathPrefix + java.lang.Integer.toString(counter)) + .png)): null

2018-12-05 12:17:17 - [TEST_STEP][PASSED] - Statement - counter = counter + 1: null

2018-12-05 12:17:17 - [TEST_STEP][PASSED] - Statement - PreSaveFile = new java.io.File(((pathPrefix + java.lang.Integer.toString(counter)) + .png)): null

2018-12-05 12:17:17 - [TEST_STEP][PASSED] - Statement - counter = counter + 1: null

2018-12-05 12:17:17 - [TEST_STEP][PASSED] - Statement - PreSaveFile = new java.io.File(((pathPrefix + java.lang.Integer.toString(counter)) + .png)): null

2018-12-05 12:17:17 - [TEST_STEP][PASSED] - Statement - counter = counter + 1: null

2018-12-05 12:17:17 - [TEST_STEP][PASSED] - Statement - PreSaveFile = new java.io.File(((pathPrefix + java.lang.Integer.toString(counter)) + .png)): null

2018-12-05 12:17:17 - [TEST_STEP][PASSED] - Statement - counter = counter + 1: null

2018-12-05 12:17:17 - [TEST_STEP][PASSED] - Statement - PreSaveFile = new java.io.File(((pathPrefix + java.lang.Integer.toString(counter)) + .png)): null

2018-12-05 12:17:17 - [TEST_STEP][PASSED] - Statement - counter = counter + 1: null

2018-12-05 12:17:17 - [TEST_STEP][PASSED] - Statement - PreSaveFile = new java.io.File(((pathPrefix + java.lang.Integer.toString(counter)) + .png)): null

2018-12-05 12:17:17 - [TEST_STEP][PASSED] - Statement - counter = counter + 1: null

2018-12-05 12:17:17 - [TEST_STEP][PASSED] - Statement - PreSaveFile = new java.io.File(((pathPrefix + java.lang.Integer.toString(counter)) + .png)): null

2018-12-05 12:17:17 - [TEST_STEP][PASSED] - Statement - counter = counter + 1: null

2018-12-05 12:17:17 - [TEST_STEP][PASSED] - Statement - PreSaveFile = new java.io.File(((pathPrefix + java.lang.Integer.toString(counter)) + .png)): null

2018-12-05 12:17:17 - [TEST_STEP][PASSED] - Statement - counter = counter + 1: null

2018-12-05 12:17:17 - [TEST_STEP][PASSED] - Statement - PreSaveFile = new java.io.File(((pathPrefix + java.lang.Integer.toString(counter)) + .png)): null

2018-12-05 12:17:17 - [TEST_STEP][PASSED] - Statement - counter = counter + 1: null

2018-12-05 12:17:17 - [TEST_STEP][PASSED] - Statement - PreSaveFile = new java.io.File(((pathPrefix + java.lang.Integer.toString(counter)) + .png)): null

2018-12-05 12:17:17 - [TEST_STEP][PASSED] - Statement - counter = counter + 1: null

2018-12-05 12:17:17 - [TEST_STEP][PASSED] - Statement - PreSaveFile = new java.io.File(((pathPrefix + java.lang.Integer.toString(counter)) + .png)): null

2018-12-05 12:17:17 - [TEST_STEP][PASSED] - Statement - counter = counter + 1: null

2018-12-05 12:17:17 - [TEST_STEP][PASSED] - Statement - PreSaveFile = new java.io.File(((pathPrefix + java.lang.Integer.toString(counter)) + .png)): null

2018-12-05 12:17:17 - [TEST_STEP][PASSED] - Statement - counter = counter + 1: null

2018-12-05 12:17:17 - [TEST_STEP][PASSED] - Statement - PreSaveFile = new java.io.File(((pathPrefix + java.lang.Integer.toString(counter)) + .png)): null

2018-12-05 12:17:18 - [TEST_STEP][PASSED] - Statement - counter = counter + 1: null

2018-12-05 12:17:18 - [TEST_STEP][PASSED] - Statement - PreSaveFile = new java.io.File(((pathPrefix + java.lang.Integer.toString(counter)) + .png)): null

2018-12-05 12:17:18 - [TEST_STEP][PASSED] - Statement - counter = counter + 1: null

2018-12-05 12:17:18 - [TEST_STEP][PASSED] - Statement - PreSaveFile = new java.io.File(((pathPrefix + java.lang.Integer.toString(counter)) + .png)): null

2018-12-05 12:17:18 - [TEST_STEP][PASSED] - Statement - counter = counter + 1: null

2018-12-05 12:17:18 - [TEST_STEP][PASSED] - Statement - PreSaveFile = new java.io.File(((pathPrefix + java.lang.Integer.toString(counter)) + .png)): null

2018-12-05 12:17:18 - [TEST_STEP][PASSED] - Statement - counter = counter + 1: null

2018-12-05 12:17:18 - [TEST_STEP][PASSED] - Statement - PreSaveFile = new java.io.File(((pathPrefix + java.lang.Integer.toString(counter)) + .png)): null

2018-12-05 12:17:18 - [TEST_STEP][PASSED] - Statement - counter = counter + 1: null

2018-12-05 12:17:18 - [TEST_STEP][PASSED] - Statement - PreSaveFile = new java.io.File(((pathPrefix + java.lang.Integer.toString(counter)) + .png)): null

2018-12-05 12:17:18 - [TEST_STEP][PASSED] - Statement - counter = counter + 1: null

2018-12-05 12:17:18 - [TEST_STEP][PASSED] - Statement - PreSaveFile = new java.io.File(((pathPrefix + java.lang.Integer.toString(counter)) + .png)): null

2018-12-05 12:17:18 - [TEST_STEP][PASSED] - Statement - counter = counter + 1: null

2018-12-05 12:17:18 - [TEST_STEP][PASSED] - Statement - PreSaveFile = new java.io.File(((pathPrefix + java.lang.Integer.toString(counter)) + .png)): null

2018-12-05 12:17:18 - [TEST_STEP][PASSED] - Statement - counter = counter + 1: null

2018-12-05 12:17:18 - [TEST_STEP][PASSED] - Statement - PreSaveFile = new java.io.File(((pathPrefix + java.lang.Integer.toString(counter)) + .png)): null

2018-12-05 12:17:18 - [TEST_STEP][PASSED] - Statement - counter = counter + 1: null

2018-12-05 12:17:18 - [TEST_STEP][PASSED] - Statement - PreSaveFile = new java.io.File(((pathPrefix + java.lang.Integer.toString(counter)) + .png)): null

2018-12-05 12:17:18 - [TEST_STEP][PASSED] - Statement - counter = counter + 1: null

2018-12-05 12:17:18 - [TEST_STEP][PASSED] - Statement - PreSaveFile = new java.io.File(((pathPrefix + java.lang.Integer.toString(counter)) + .png)): null

2018-12-05 12:17:18 - [TEST_STEP][PASSED] - Statement - counter = counter + 1: null

2018-12-05 12:17:18 - [TEST_STEP][PASSED] - Statement - PreSaveFile = new java.io.File(((pathPrefix + java.lang.Integer.toString(counter)) + .png)): null

2018-12-05 12:17:18 - [TEST_STEP][PASSED] - Statement - counter = counter + 1: null

2018-12-05 12:17:18 - [TEST_STEP][PASSED] - Statement - PreSaveFile = new java.io.File(((pathPrefix + java.lang.Integer.toString(counter)) + .png)): null

2018-12-05 12:17:18 - [TEST_STEP][PASSED] - Statement - counter = counter + 1: null

2018-12-05 12:17:18 - [TEST_STEP][PASSED] - Statement - PreSaveFile = new java.io.File(((pathPrefix + java.lang.Integer.toString(counter)) + .png)): null

2018-12-05 12:17:18 - [TEST_STEP][PASSED] - Statement - counter = counter + 1: null

2018-12-05 12:17:18 - [TEST_STEP][PASSED] - Statement - PreSaveFile = new java.io.File(((pathPrefix + java.lang.Integer.toString(counter)) + .png)): null

2018-12-05 12:17:18 - [TEST_STEP][PASSED] - Statement - counter = counter + 1: null

2018-12-05 12:17:19 - [TEST_STEP][PASSED] - Statement - PreSaveFile = new java.io.File(((pathPrefix + java.lang.Integer.toString(counter)) + .png)): null

2018-12-05 12:17:19 - [TEST_STEP][PASSED] - Statement - counter = counter + 1: null

2018-12-05 12:17:19 - [TEST_STEP][PASSED] - Statement - PreSaveFile = new java.io.File(((pathPrefix + java.lang.Integer.toString(counter)) + .png)): null

2018-12-05 12:17:19 - [TEST_STEP][PASSED] - Statement - counter = counter + 1: null

2018-12-05 12:17:19 - [TEST_STEP][PASSED] - Statement - PreSaveFile = new java.io.File(((pathPrefix + java.lang.Integer.toString(counter)) + .png)): null

2018-12-05 12:17:19 - [TEST_STEP][PASSED] - Statement - counter = counter + 1: null

2018-12-05 12:17:19 - [TEST_STEP][PASSED] - Statement - PreSaveFile = new java.io.File(((pathPrefix + java.lang.Integer.toString(counter)) + .png)): null

2018-12-05 12:17:19 - [TEST_STEP][PASSED] - Statement - counter = counter + 1: null

2018-12-05 12:17:19 - [TEST_STEP][PASSED] - Statement - PreSaveFile = new java.io.File(((pathPrefix + java.lang.Integer.toString(counter)) + .png)): null

2018-12-05 12:17:19 - [TEST_STEP][PASSED] - Statement - counter = counter + 1: null

2018-12-05 12:17:19 - [TEST_STEP][PASSED] - Statement - PreSaveFile = new java.io.File(((pathPrefix + java.lang.Integer.toString(counter)) + .png)): null

2018-12-05 12:17:19 - [TEST_STEP][PASSED] - Statement - counter = counter + 1: null

2018-12-05 12:17:19 - [TEST_STEP][PASSED] - Statement - PreSaveFile = new java.io.File(((pathPrefix + java.lang.Integer.toString(counter)) + .png)): null

2018-12-05 12:17:19 - [TEST_STEP][PASSED] - Statement - counter = counter + 1: null

2018-12-05 12:17:19 - [TEST_STEP][PASSED] - Statement - PreSaveFile = new java.io.File(((pathPrefix + java.lang.Integer.toString(counter)) + .png)): null

2018-12-05 12:17:19 - [TEST_STEP][PASSED] - Statement - counter = counter + 1: null

2018-12-05 12:17:19 - [TEST_STEP][PASSED] - Statement - PreSaveFile = new java.io.File(((pathPrefix + java.lang.Integer.toString(counter)) + .png)): null

2018-12-05 12:17:19 - [TEST_STEP][PASSED] - Statement - counter = counter + 1: null

2018-12-05 12:17:19 - [TEST_STEP][PASSED] - Statement - PreSaveFile = new java.io.File(((pathPrefix + java.lang.Integer.toString(counter)) + .png)): null

2018-12-05 12:17:19 - [TEST_STEP][PASSED] - Statement - counter = counter + 1: null

2018-12-05 12:17:19 - [TEST_STEP][PASSED] - Statement - PreSaveFile = new java.io.File(((pathPrefix + java.lang.Integer.toString(counter)) + .png)): null

2018-12-05 12:17:19 - [TEST_STEP][PASSED] - Statement - counter = counter + 1: null

2018-12-05 12:17:19 - [TEST_STEP][PASSED] - Statement - PreSaveFile = new java.io.File(((pathPrefix + java.lang.Integer.toString(counter)) + .png)): null

2018-12-05 12:17:19 - [TEST_STEP][PASSED] - Statement - counter = counter + 1: null

2018-12-05 12:17:19 - [TEST_STEP][PASSED] - Statement - PreSaveFile = new java.io.File(((pathPrefix + java.lang.Integer.toString(counter)) + .png)): null

2018-12-05 12:17:19 - [TEST_STEP][PASSED] - Statement - counter = counter + 1: null

2018-12-05 12:17:19 - [TEST_STEP][PASSED] - Statement - PreSaveFile = new java.io.File(((pathPrefix + java.lang.Integer.toString(counter)) + .png)): null

2018-12-05 12:17:19 - [TEST_STEP][PASSED] - Statement - counter = counter + 1: null

2018-12-05 12:17:19 - [TEST_STEP][PASSED] - Statement - PreSaveFile = new java.io.File(((pathPrefix + java.lang.Integer.toString(counter)) + .png)): null

2018-12-05 12:17:20 - [TEST_STEP][PASSED] - Statement - counter = counter + 1: null

2018-12-05 12:17:20 - [TEST_STEP][PASSED] - Statement - PreSaveFile = new java.io.File(((pathPrefix + java.lang.Integer.toString(counter)) + .png)): null

2018-12-05 12:17:20 - [TEST_STEP][PASSED] - Statement - counter = counter + 1: null

2018-12-05 12:17:20 - [TEST_STEP][PASSED] - Statement - PreSaveFile = new java.io.File(((pathPrefix + java.lang.Integer.toString(counter)) + .png)): null

2018-12-05 12:17:20 - [TEST_STEP][PASSED] - Statement - counter = counter + 1: null

2018-12-05 12:17:20 - [TEST_STEP][PASSED] - Statement - PreSaveFile = new java.io.File(((pathPrefix + java.lang.Integer.toString(counter)) + .png)): null

2018-12-05 12:17:20 - [TEST_STEP][PASSED] - Statement - counter = counter + 1: null

2018-12-05 12:17:20 - [TEST_STEP][PASSED] - Statement - PreSaveFile = new java.io.File(((pathPrefix + java.lang.Integer.toString(counter)) + .png)): null

2018-12-05 12:17:20 - [TEST_STEP][PASSED] - Statement - counter = counter + 1: null

2018-12-05 12:17:20 - [TEST_STEP][PASSED] - Statement - PreSaveFile = new java.io.File(((pathPrefix + java.lang.Integer.toString(counter)) + .png)): null

2018-12-05 12:17:20 - [TEST_STEP][PASSED] - Statement - counter = counter + 1: null

2018-12-05 12:17:20 - [TEST_STEP][PASSED] - Statement - PreSaveFile = new java.io.File(((pathPrefix + java.lang.Integer.toString(counter)) + .png)): null

2018-12-05 12:17:20 - [TEST_STEP][PASSED] - Statement - counter = counter + 1: null

2018-12-05 12:17:20 - [TEST_STEP][PASSED] - Statement - PreSaveFile = new java.io.File(((pathPrefix + java.lang.Integer.toString(counter)) + .png)): null

2018-12-05 12:17:20 - [TEST_STEP][PASSED] - Statement - counter = counter + 1: null

2018-12-05 12:17:20 - [TEST_STEP][PASSED] - Statement - PreSaveFile = new java.io.File(((pathPrefix + java.lang.Integer.toString(counter)) + .png)): null

2018-12-05 12:17:20 - [TEST_STEP][PASSED] - Statement - counter = counter + 1: null

2018-12-05 12:17:20 - [TEST_STEP][PASSED] - Statement - PreSaveFile = new java.io.File(((pathPrefix + java.lang.Integer.toString(counter)) + .png)): null

2018-12-05 12:17:20 - [TEST_STEP][PASSED] - Statement - counter = counter + 1: null

2018-12-05 12:17:20 - [TEST_STEP][PASSED] - Statement - PreSaveFile = new java.io.File(((pathPrefix + java.lang.Integer.toString(counter)) + .png)): null

2018-12-05 12:17:20 - [TEST_STEP][PASSED] - Statement - counter = counter + 1: null

2018-12-05 12:17:20 - [TEST_STEP][PASSED] - Statement - PreSaveFile = new java.io.File(((pathPrefix + java.lang.Integer.toString(counter)) + .png)): null

2018-12-05 12:17:20 - [TEST_STEP][PASSED] - Statement - counter = counter + 1: null

2018-12-05 12:17:20 - [TEST_STEP][PASSED] - Statement - PreSaveFile = new java.io.File(((pathPrefix + java.lang.Integer.toString(counter)) + .png)): null

2018-12-05 12:17:20 - [TEST_STEP][PASSED] - Statement - counter = counter + 1: null

2018-12-05 12:17:20 - [TEST_STEP][PASSED] - Statement - PreSaveFile = new java.io.File(((pathPrefix + java.lang.Integer.toString(counter)) + .png)): null

2018-12-05 12:17:20 - [TEST_STEP][PASSED] - Statement - counter = counter + 1: null

2018-12-05 12:17:20 - [TEST_STEP][PASSED] - Statement - PreSaveFile = new java.io.File(((pathPrefix + java.lang.Integer.toString(counter)) + .png)): null

2018-12-05 12:17:21 - [TEST_STEP][PASSED] - Statement - counter = counter + 1: null

2018-12-05 12:17:21 - [TEST_STEP][PASSED] - Statement - PreSaveFile = new java.io.File(((pathPrefix + java.lang.Integer.toString(counter)) + .png)): null

2018-12-05 12:17:21 - [TEST_STEP][PASSED] - Statement - counter = counter + 1: null

2018-12-05 12:17:21 - [TEST_STEP][PASSED] - Statement - PreSaveFile = new java.io.File(((pathPrefix + java.lang.Integer.toString(counter)) + .png)): null

2018-12-05 12:17:21 - [TEST_STEP][PASSED] - Statement - counter = counter + 1: null

2018-12-05 12:17:21 - [TEST_STEP][PASSED] - Statement - PreSaveFile = new java.io.File(((pathPrefix + java.lang.Integer.toString(counter)) + .png)): null

2018-12-05 12:17:21 - [TEST_STEP][PASSED] - Statement - counter = counter + 1: null

2018-12-05 12:17:21 - [TEST_STEP][PASSED] - Statement - PreSaveFile = new java.io.File(((pathPrefix + java.lang.Integer.toString(counter)) + .png)): null

2018-12-05 12:17:21 - [TEST_STEP][PASSED] - Statement - counter = counter + 1: null

2018-12-05 12:17:21 - [TEST_STEP][PASSED] - Statement - PreSaveFile = new java.io.File(((pathPrefix + java.lang.Integer.toString(counter)) + .png)): null

2018-12-05 12:17:21 - [TEST_STEP][PASSED] - Statement - counter = counter + 1: null

2018-12-05 12:17:21 - [TEST_STEP][PASSED] - Statement - PreSaveFile = new java.io.File(((pathPrefix + java.lang.Integer.toString(counter)) + .png)): null

2018-12-05 12:17:21 - [TEST_STEP][PASSED] - Statement - counter = counter + 1: null

2018-12-05 12:17:21 - [TEST_STEP][PASSED] - Statement - PreSaveFile = new java.io.File(((pathPrefix + java.lang.Integer.toString(counter)) + .png)): null

2018-12-05 12:17:21 - [TEST_STEP][PASSED] - Statement - counter = counter + 1: null

2018-12-05 12:17:21 - [TEST_STEP][PASSED] - Statement - PreSaveFile = new java.io.File(((pathPrefix + java.lang.Integer.toString(counter)) + .png)): null

2018-12-05 12:17:21 - [TEST_STEP][PASSED] - Statement - counter = counter + 1: null

2018-12-05 12:17:21 - [TEST_STEP][PASSED] - Statement - PreSaveFile = new java.io.File(((pathPrefix + java.lang.Integer.toString(counter)) + .png)): null

2018-12-05 12:17:21 - [TEST_STEP][PASSED] - Statement - counter = counter + 1: null

2018-12-05 12:17:21 - [TEST_STEP][PASSED] - Statement - PreSaveFile = new java.io.File(((pathPrefix + java.lang.Integer.toString(counter)) + .png)): null

2018-12-05 12:17:21 - [TEST_STEP][PASSED] - Statement - counter = counter + 1: null

2018-12-05 12:17:21 - [TEST_STEP][PASSED] - Statement - PreSaveFile = new java.io.File(((pathPrefix + java.lang.Integer.toString(counter)) + .png)): null

2018-12-05 12:17:21 - [TEST_STEP][PASSED] - Statement - counter = counter + 1: null

2018-12-05 12:17:21 - [TEST_STEP][PASSED] - Statement - PreSaveFile = new java.io.File(((pathPrefix + java.lang.Integer.toString(counter)) + .png)): null

2018-12-05 12:17:21 - [TEST_STEP][PASSED] - Statement - counter = counter + 1: null

2018-12-05 12:17:21 - [TEST_STEP][PASSED] - Statement - PreSaveFile = new java.io.File(((pathPrefix + java.lang.Integer.toString(counter)) + .png)): null

2018-12-05 12:17:21 - [TEST_STEP][PASSED] - Statement - counter = counter + 1: null

2018-12-05 12:17:21 - [TEST_STEP][PASSED] - Statement - PreSaveFile = new java.io.File(((pathPrefix + java.lang.Integer.toString(counter)) + .png)): null

2018-12-05 12:17:21 - [TEST_STEP][PASSED] - Statement - counter = counter + 1: null

2018-12-05 12:17:21 - [TEST_STEP][PASSED] - Statement - PreSaveFile = new java.io.File(((pathPrefix + java.lang.Integer.toString(counter)) + .png)): null

2018-12-05 12:17:21 - [TEST_STEP][PASSED] - Statement - counter = counter + 1: null

2018-12-05 12:17:21 - [TEST_STEP][PASSED] - Statement - PreSaveFile = new java.io.File(((pathPrefix + java.lang.Integer.toString(counter)) + .png)): null

2018-12-05 12:17:21 - [TEST_STEP][PASSED] - Statement - counter = counter + 1: null

2018-12-05 12:17:21 - [TEST_STEP][PASSED] - Statement - PreSaveFile = new java.io.File(((pathPrefix + java.lang.Integer.toString(counter)) + .png)): null

2018-12-05 12:17:21 - [TEST_STEP][PASSED] - Statement - counter = counter + 1: null

2018-12-05 12:17:21 - [TEST_STEP][PASSED] - Statement - PreSaveFile = new java.io.File(((pathPrefix + java.lang.Integer.toString(counter)) + .png)): null

2018-12-05 12:17:21 - [TEST_STEP][PASSED] - Statement - counter = counter + 1: null

2018-12-05 12:17:21 - [TEST_STEP][PASSED] - Statement - PreSaveFile = new java.io.File(((pathPrefix + java.lang.Integer.toString(counter)) + .png)): null

2018-12-05 12:17:21 - [TEST_STEP][PASSED] - Statement - counter = counter + 1: null

2018-12-05 12:17:22 - [TEST_STEP][PASSED] - Statement - PreSaveFile = new java.io.File(((pathPrefix + java.lang.Integer.toString(counter)) + .png)): null

2018-12-05 12:17:22 - [TEST_STEP][PASSED] - Statement - counter = counter + 1: null

2018-12-05 12:17:22 - [TEST_STEP][PASSED] - Statement - PreSaveFile = new java.io.File(((pathPrefix + java.lang.Integer.toString(counter)) + .png)): null

2018-12-05 12:17:22 - [TEST_STEP][PASSED] - Statement - counter = counter + 1: null

2018-12-05 12:17:22 - [TEST_STEP][PASSED] - Statement - PreSaveFile = new java.io.File(((pathPrefix + java.lang.Integer.toString(counter)) + .png)): null

2018-12-05 12:17:22 - [TEST_STEP][PASSED] - Statement - counter = counter + 1: null

2018-12-05 12:17:22 - [TEST_STEP][PASSED] - Statement - PreSaveFile = new java.io.File(((pathPrefix + java.lang.Integer.toString(counter)) + .png)): null

2018-12-05 12:17:22 - [TEST_STEP][PASSED] - Statement - counter = counter + 1: null

2018-12-05 12:17:22 - [TEST_STEP][PASSED] - Statement - PreSaveFile = new java.io.File(((pathPrefix + java.lang.Integer.toString(counter)) + .png)): null

2018-12-05 12:17:22 - [TEST_STEP][PASSED] - Statement - counter = counter + 1: null

2018-12-05 12:17:22 - [TEST_STEP][PASSED] - Statement - PreSaveFile = new java.io.File(((pathPrefix + java.lang.Integer.toString(counter)) + .png)): null

2018-12-05 12:17:22 - [TEST_STEP][PASSED] - Statement - counter = counter + 1: null

2018-12-05 12:17:22 - [TEST_STEP][PASSED] - Statement - PreSaveFile = new java.io.File(((pathPrefix + java.lang.Integer.toString(counter)) + .png)): null

2018-12-05 12:17:22 - [TEST_STEP][PASSED] - Statement - counter = counter + 1: null

2018-12-05 12:17:22 - [TEST_STEP][PASSED] - Statement - PreSaveFile = new java.io.File(((pathPrefix + java.lang.Integer.toString(counter)) + .png)): null

2018-12-05 12:17:22 - [TEST_STEP][PASSED] - Statement - counter = counter + 1: null

2018-12-05 12:17:22 - [TEST_STEP][PASSED] - Statement - PreSaveFile = new java.io.File(((pathPrefix + java.lang.Integer.toString(counter)) + .png)): null

2018-12-05 12:17:22 - [TEST_STEP][PASSED] - Statement - counter = counter + 1: null

2018-12-05 12:17:22 - [TEST_STEP][PASSED] - Statement - PreSaveFile = new java.io.File(((pathPrefix + java.lang.Integer.toString(counter)) + .png)): null

2018-12-05 12:17:22 - [TEST_STEP][PASSED] - Statement - counter = counter + 1: null

2018-12-05 12:17:22 - [TEST_STEP][PASSED] - Statement - PreSaveFile = new java.io.File(((pathPrefix + java.lang.Integer.toString(counter)) + .png)): null

2018-12-05 12:17:22 - [TEST_STEP][PASSED] - Statement - counter = counter + 1: null

2018-12-05 12:17:22 - [TEST_STEP][PASSED] - Statement - PreSaveFile = new java.io.File(((pathPrefix + java.lang.Integer.toString(counter)) + .png)): null

2018-12-05 12:17:22 - [TEST_STEP][PASSED] - Statement - counter = counter + 1: null

2018-12-05 12:17:22 - [TEST_STEP][PASSED] - Statement - PreSaveFile = new java.io.File(((pathPrefix + java.lang.Integer.toString(counter)) + .png)): null

2018-12-05 12:17:22 - [TEST_STEP][PASSED] - Statement - counter = counter + 1: null

2018-12-05 12:17:22 - [TEST_STEP][PASSED] - Statement - PreSaveFile = new java.io.File(((pathPrefix + java.lang.Integer.toString(counter)) + .png)): null

2018-12-05 12:17:22 - [TEST_STEP][PASSED] - Statement - counter = counter + 1: null

2018-12-05 12:17:22 - [TEST_STEP][PASSED] - Statement - PreSaveFile = new java.io.File(((pathPrefix + java.lang.Integer.toString(counter)) + .png)): null

2018-12-05 12:17:23 - [TEST_STEP][PASSED] - Statement - counter = counter + 1: null

2018-12-05 12:17:23 - [TEST_STEP][PASSED] - Statement - PreSaveFile = new java.io.File(((pathPrefix + java.lang.Integer.toString(counter)) + .png)): null

2018-12-05 12:17:23 - [TEST_STEP][PASSED] - Statement - counter = counter + 1: null

2018-12-05 12:17:23 - [TEST_STEP][PASSED] - Statement - PreSaveFile = new java.io.File(((pathPrefix + java.lang.Integer.toString(counter)) + .png)): null

2018-12-05 12:17:23 - [TEST_STEP][PASSED] - Statement - counter = counter + 1: null

2018-12-05 12:17:23 - [TEST_STEP][PASSED] - Statement - PreSaveFile = new java.io.File(((pathPrefix + java.lang.Integer.toString(counter)) + .png)): null

2018-12-05 12:17:23 - [TEST_STEP][PASSED] - Statement - counter = counter + 1: null

2018-12-05 12:17:23 - [TEST_STEP][PASSED] - Statement - PreSaveFile = new java.io.File(((pathPrefix + java.lang.Integer.toString(counter)) + .png)): null

2018-12-05 12:17:23 - [TEST_STEP][PASSED] - Statement - counter = counter + 1: null

2018-12-05 12:17:23 - [TEST_STEP][PASSED] - Statement - PreSaveFile = new java.io.File(((pathPrefix + java.lang.Integer.toString(counter)) + .png)): null

2018-12-05 12:17:23 - [TEST_STEP][PASSED] - Statement - counter = counter + 1: null

2018-12-05 12:17:23 - [TEST_STEP][PASSED] - Statement - PreSaveFile = new java.io.File(((pathPrefix + java.lang.Integer.toString(counter)) + .png)): null

2018-12-05 12:17:23 - [TEST_STEP][PASSED] - Statement - counter = counter + 1: null

2018-12-05 12:17:23 - [TEST_STEP][PASSED] - Statement - PreSaveFile = new java.io.File(((pathPrefix + java.lang.Integer.toString(counter)) + .png)): null

2018-12-05 12:17:23 - [TEST_STEP][PASSED] - Statement - counter = counter + 1: null

2018-12-05 12:17:23 - [TEST_STEP][PASSED] - Statement - PreSaveFile = new java.io.File(((pathPrefix + java.lang.Integer.toString(counter)) + .png)): null

2018-12-05 12:17:23 - [TEST_STEP][PASSED] - Statement - counter = counter + 1: null

2018-12-05 12:17:23 - [TEST_STEP][PASSED] - Statement - PreSaveFile = new java.io.File(((pathPrefix + java.lang.Integer.toString(counter)) + .png)): null

2018-12-05 12:17:23 - [TEST_STEP][PASSED] - Statement - counter = counter + 1: null

2018-12-05 12:17:23 - [TEST_STEP][PASSED] - Statement - PreSaveFile = new java.io.File(((pathPrefix + java.lang.Integer.toString(counter)) + .png)): null

2018-12-05 12:17:23 - [TEST_STEP][PASSED] - Statement - counter = counter + 1: null

2018-12-05 12:17:23 - [TEST_STEP][PASSED] - Statement - PreSaveFile = new java.io.File(((pathPrefix + java.lang.Integer.toString(counter)) + .png)): null

2018-12-05 12:17:23 - [TEST_STEP][PASSED] - Statement - counter = counter + 1: null

2018-12-05 12:17:23 - [TEST_STEP][PASSED] - Statement - PreSaveFile = new java.io.File(((pathPrefix + java.lang.Integer.toString(counter)) + .png)): null

2018-12-05 12:17:23 - [TEST_STEP][PASSED] - Statement - counter = counter + 1: null

2018-12-05 12:17:23 - [TEST_STEP][PASSED] - Statement - PreSaveFile = new java.io.File(((pathPrefix + java.lang.Integer.toString(counter)) + .png)): null

2018-12-05 12:17:23 - [TEST_STEP][PASSED] - Statement - counter = counter + 1: null

2018-12-05 12:17:23 - [TEST_STEP][PASSED] - Statement - PreSaveFile = new java.io.File(((pathPrefix + java.lang.Integer.toString(counter)) + .png)): null

2018-12-05 12:17:24 - [TEST_STEP][PASSED] - Statement - counter = counter + 1: null

2018-12-05 12:17:24 - [TEST_STEP][PASSED] - Statement - PreSaveFile = new java.io.File(((pathPrefix + java.lang.Integer.toString(counter)) + .png)): null

2018-12-05 12:17:24 - [TEST_STEP][PASSED] - Statement - counter = counter + 1: null

2018-12-05 12:17:24 - [TEST_STEP][PASSED] - Statement - PreSaveFile = new java.io.File(((pathPrefix + java.lang.Integer.toString(counter)) + .png)): null

2018-12-05 12:17:24 - [TEST_STEP][PASSED] - Statement - counter = counter + 1: null

2018-12-05 12:17:24 - [TEST_STEP][PASSED] - Statement - PreSaveFile = new java.io.File(((pathPrefix + java.lang.Integer.toString(counter)) + .png)): null

2018-12-05 12:17:24 - [TEST_STEP][PASSED] - Statement - counter = counter + 1: null

2018-12-05 12:17:24 - [TEST_STEP][PASSED] - Statement - PreSaveFile = new java.io.File(((pathPrefix + java.lang.Integer.toString(counter)) + .png)): null

2018-12-05 12:17:24 - [TEST_STEP][PASSED] - Statement - counter = counter + 1: null

2018-12-05 12:17:24 - [TEST_STEP][PASSED] - Statement - PreSaveFile = new java.io.File(((pathPrefix + java.lang.Integer.toString(counter)) + .png)): null

2018-12-05 12:17:24 - [TEST_STEP][PASSED] - Statement - counter = counter + 1: null

2018-12-05 12:17:24 - [TEST_STEP][PASSED] - Statement - PreSaveFile = new java.io.File(((pathPrefix + java.lang.Integer.toString(counter)) + .png)): null

2018-12-05 12:17:24 - [TEST_STEP][PASSED] - Statement - counter = counter + 1: null

2018-12-05 12:17:24 - [TEST_STEP][PASSED] - Statement - PreSaveFile = new java.io.File(((pathPrefix + java.lang.Integer.toString(counter)) + .png)): null

2018-12-05 12:17:24 - [TEST_STEP][PASSED] - Statement - counter = counter + 1: null

2018-12-05 12:17:24 - [TEST_STEP][PASSED] - Statement - PreSaveFile = new java.io.File(((pathPrefix + java.lang.Integer.toString(counter)) + .png)): null

2018-12-05 12:17:24 - [TEST_STEP][PASSED] - Statement - counter = counter + 1: null

2018-12-05 12:17:24 - [TEST_STEP][PASSED] - Statement - PreSaveFile = new java.io.File(((pathPrefix + java.lang.Integer.toString(counter)) + .png)): null

2018-12-05 12:17:24 - [TEST_STEP][PASSED] - Statement - counter = counter + 1: null

2018-12-05 12:17:24 - [TEST_STEP][PASSED] - Statement - PreSaveFile = new java.io.File(((pathPrefix + java.lang.Integer.toString(counter)) + .png)): null

2018-12-05 12:17:24 - [TEST_STEP][PASSED] - Statement - counter = counter + 1: null

2018-12-05 12:17:24 - [TEST_STEP][PASSED] - Statement - PreSaveFile = new java.io.File(((pathPrefix + java.lang.Integer.toString(counter)) + .png)): null

2018-12-05 12:17:24 - [TEST_STEP][PASSED] - Statement - counter = counter + 1: null

2018-12-05 12:17:24 - [TEST_STEP][PASSED] - Statement - PreSaveFile = new java.io.File(((pathPrefix + java.lang.Integer.toString(counter)) + .png)): null

2018-12-05 12:17:24 - [TEST_STEP][PASSED] - Statement - counter = counter + 1: null

2018-12-05 12:17:24 - [TEST_STEP][PASSED] - Statement - PreSaveFile = new java.io.File(((pathPrefix + java.lang.Integer.toString(counter)) + .png)): null

2018-12-05 12:17:24 - [TEST_STEP][PASSED] - Statement - counter = counter + 1: null

2018-12-05 12:17:24 - [TEST_STEP][PASSED] - Statement - PreSaveFile = new java.io.File(((pathPrefix + java.lang.Integer.toString(counter)) + .png)): null

2018-12-05 12:17:24 - [TEST_STEP][PASSED] - Statement - counter = counter + 1: null

2018-12-05 12:17:25 - [TEST_STEP][PASSED] - Statement - PreSaveFile = new java.io.File(((pathPrefix + java.lang.Integer.toString(counter)) + .png)): null

2018-12-05 12:17:25 - [TEST_STEP][PASSED] - Statement - counter = counter + 1: null

2018-12-05 12:17:25 - [TEST_STEP][PASSED] - Statement - PreSaveFile = new java.io.File(((pathPrefix + java.lang.Integer.toString(counter)) + .png)): null

2018-12-05 12:17:25 - [TEST_STEP][PASSED] - Statement - counter = counter + 1: null

2018-12-05 12:17:25 - [TEST_STEP][PASSED] - Statement - PreSaveFile = new java.io.File(((pathPrefix + java.lang.Integer.toString(counter)) + .png)): null

2018-12-05 12:17:25 - [TEST_STEP][PASSED] - Statement - counter = counter + 1: null

2018-12-05 12:17:25 - [TEST_STEP][PASSED] - Statement - PreSaveFile = new java.io.File(((pathPrefix + java.lang.Integer.toString(counter)) + .png)): null

2018-12-05 12:17:25 - [TEST_STEP][PASSED] - Statement - counter = counter + 1: null

2018-12-05 12:17:25 - [TEST_STEP][PASSED] - Statement - PreSaveFile = new java.io.File(((pathPrefix + java.lang.Integer.toString(counter)) + .png)): null

2018-12-05 12:17:25 - [TEST_STEP][PASSED] - Statement - counter = counter + 1: null

2018-12-05 12:17:25 - [TEST_STEP][PASSED] - Statement - PreSaveFile = new java.io.File(((pathPrefix + java.lang.Integer.toString(counter)) + .png)): null

2018-12-05 12:17:25 - [TEST_STEP][PASSED] - Statement - counter = counter + 1: null

2018-12-05 12:17:25 - [TEST_STEP][PASSED] - Statement - PreSaveFile = new java.io.File(((pathPrefix + java.lang.Integer.toString(counter)) + .png)): null

2018-12-05 12:17:25 - [TEST_STEP][PASSED] - Statement - counter = counter + 1: null

2018-12-05 12:17:25 - [TEST_STEP][PASSED] - Statement - PreSaveFile = new java.io.File(((pathPrefix + java.lang.Integer.toString(counter)) + .png)): null

2018-12-05 12:17:25 - [TEST_STEP][PASSED] - Statement - counter = counter + 1: null

2018-12-05 12:17:25 - [TEST_STEP][PASSED] - Statement - PreSaveFile = new java.io.File(((pathPrefix + java.lang.Integer.toString(counter)) + .png)): null

2018-12-05 12:17:25 - [TEST_STEP][PASSED] - Statement - counter = counter + 1: null

2018-12-05 12:17:25 - [TEST_STEP][PASSED] - Statement - PreSaveFile = new java.io.File(((pathPrefix + java.lang.Integer.toString(counter)) + .png)): null

2018-12-05 12:17:25 - [TEST_STEP][PASSED] - Statement - counter = counter + 1: null

2018-12-05 12:17:25 - [TEST_STEP][PASSED] - Statement - PreSaveFile = new java.io.File(((pathPrefix + java.lang.Integer.toString(counter)) + .png)): null

2018-12-05 12:17:25 - [TEST_STEP][PASSED] - Statement - counter = counter + 1: null

2018-12-05 12:17:25 - [TEST_STEP][PASSED] - Statement - PreSaveFile = new java.io.File(((pathPrefix + java.lang.Integer.toString(counter)) + .png)): null

2018-12-05 12:17:25 - [TEST_STEP][PASSED] - Statement - counter = counter + 1: null

2018-12-05 12:17:25 - [TEST_STEP][PASSED] - Statement - PreSaveFile = new java.io.File(((pathPrefix + java.lang.Integer.toString(counter)) + .png)): null

2018-12-05 12:17:25 - [TEST_STEP][PASSED] - Statement - counter = counter + 1: null

2018-12-05 12:17:25 - [TEST_STEP][PASSED] - Statement - PreSaveFile = new java.io.File(((pathPrefix + java.lang.Integer.toString(counter)) + .png)): null

2018-12-05 12:17:25 - [TEST_STEP][PASSED] - Statement - counter = counter + 1: null

2018-12-05 12:17:25 - [TEST_STEP][PASSED] - Statement - PreSaveFile = new java.io.File(((pathPrefix + java.lang.Integer.toString(counter)) + .png)): null

2018-12-05 12:17:26 - [TEST_STEP][PASSED] - Statement - counter = counter + 1: null

2018-12-05 12:17:26 - [TEST_STEP][PASSED] - Statement - PreSaveFile = new java.io.File(((pathPrefix + java.lang.Integer.toString(counter)) + .png)): null

2018-12-05 12:17:26 - [TEST_STEP][PASSED] - Statement - counter = counter + 1: null

2018-12-05 12:17:26 - [TEST_STEP][PASSED] - Statement - PreSaveFile = new java.io.File(((pathPrefix + java.lang.Integer.toString(counter)) + .png)): null

2018-12-05 12:17:26 - [TEST_STEP][PASSED] - Statement - counter = counter + 1: null

2018-12-05 12:17:26 - [TEST_STEP][PASSED] - Statement - PreSaveFile = new java.io.File(((pathPrefix + java.lang.Integer.toString(counter)) + .png)): null

2018-12-05 12:17:26 - [TEST_STEP][PASSED] - Statement - counter = counter + 1: null

2018-12-05 12:17:26 - [TEST_STEP][PASSED] - Statement - PreSaveFile = new java.io.File(((pathPrefix + java.lang.Integer.toString(counter)) + .png)): null

2018-12-05 12:17:26 - [TEST_STEP][PASSED] - Statement - counter = counter + 1: null

2018-12-05 12:17:26 - [TEST_STEP][PASSED] - Statement - PreSaveFile = new java.io.File(((pathPrefix + java.lang.Integer.toString(counter)) + .png)): null

2018-12-05 12:17:26 - [TEST_STEP][PASSED] - Statement - counter = counter + 1: null

2018-12-05 12:17:26 - [TEST_STEP][PASSED] - Statement - PreSaveFile = new java.io.File(((pathPrefix + java.lang.Integer.toString(counter)) + .png)): null

2018-12-05 12:17:26 - [TEST_STEP][PASSED] - Statement - counter = counter + 1: null

2018-12-05 12:17:26 - [TEST_STEP][PASSED] - Statement - PreSaveFile = new java.io.File(((pathPrefix + java.lang.Integer.toString(counter)) + .png)): null

2018-12-05 12:17:26 - [TEST_STEP][PASSED] - Statement - counter = counter + 1: null

2018-12-05 12:17:26 - [TEST_STEP][PASSED] - Statement - PreSaveFile = new java.io.File(((pathPrefix + java.lang.Integer.toString(counter)) + .png)): null

2018-12-05 12:17:26 - [TEST_STEP][PASSED] - Statement - counter = counter + 1: null

2018-12-05 12:17:26 - [TEST_STEP][PASSED] - Statement - PreSaveFile = new java.io.File(((pathPrefix + java.lang.Integer.toString(counter)) + .png)): null

2018-12-05 12:17:26 - [TEST_STEP][PASSED] - Statement - counter = counter + 1: null

2018-12-05 12:17:26 - [TEST_STEP][PASSED] - Statement - PreSaveFile = new java.io.File(((pathPrefix + java.lang.Integer.toString(counter)) + .png)): null

2018-12-05 12:17:26 - [TEST_STEP][PASSED] - Statement - counter = counter + 1: null

2018-12-05 12:17:26 - [TEST_STEP][PASSED] - Statement - PreSaveFile = new java.io.File(((pathPrefix + java.lang.Integer.toString(counter)) + .png)): null

2018-12-05 12:17:26 - [TEST_STEP][PASSED] - Statement - counter = counter + 1: null

2018-12-05 12:17:26 - [TEST_STEP][PASSED] - Statement - PreSaveFile = new java.io.File(((pathPrefix + java.lang.Integer.toString(counter)) + .png)): null

2018-12-05 12:17:26 - [TEST_STEP][PASSED] - Statement - counter = counter + 1: null

2018-12-05 12:17:26 - [TEST_STEP][PASSED] - Statement - PreSaveFile = new java.io.File(((pathPrefix + java.lang.Integer.toString(counter)) + .png)): null

2018-12-05 12:17:26 - [TEST_STEP][PASSED] - Statement - counter = counter + 1: null

2018-12-05 12:17:26 - [TEST_STEP][PASSED] - Statement - PreSaveFile = new java.io.File(((pathPrefix + java.lang.Integer.toString(counter)) + .png)): null

2018-12-05 12:17:26 - [TEST_STEP][PASSED] - Statement - counter = counter + 1: null

2018-12-05 12:17:27 - [TEST_STEP][PASSED] - Statement - PreSaveFile = new java.io.File(((pathPrefix + java.lang.Integer.toString(counter)) + .png)): null

2018-12-05 12:17:27 - [TEST_STEP][PASSED] - Statement - counter = counter + 1: null

2018-12-05 12:17:27 - [TEST_STEP][PASSED] - Statement - PreSaveFile = new java.io.File(((pathPrefix + java.lang.Integer.toString(counter)) + .png)): null

2018-12-05 12:17:27 - [TEST_STEP][PASSED] - Statement - counter = counter + 1: null

2018-12-05 12:17:27 - [TEST_STEP][PASSED] - Statement - PreSaveFile = new java.io.File(((pathPrefix + java.lang.Integer.toString(counter)) + .png)): null

2018-12-05 12:17:27 - [TEST_STEP][PASSED] - Statement - counter = counter + 1: null

2018-12-05 12:17:27 - [TEST_STEP][PASSED] - Statement - PreSaveFile = new java.io.File(((pathPrefix + java.lang.Integer.toString(counter)) + .png)): null

2018-12-05 12:17:27 - [TEST_STEP][PASSED] - Statement - counter = counter + 1: null

2018-12-05 12:17:27 - [TEST_STEP][PASSED] - Statement - PreSaveFile = new java.io.File(((pathPrefix + java.lang.Integer.toString(counter)) + .png)): null

2018-12-05 12:17:27 - [TEST_STEP][PASSED] - Statement - counter = counter + 1: null

2018-12-05 12:17:27 - [TEST_STEP][PASSED] - Statement - PreSaveFile = new java.io.File(((pathPrefix + java.lang.Integer.toString(counter)) + .png)): null

2018-12-05 12:17:27 - [TEST_STEP][PASSED] - Statement - counter = counter + 1: null

2018-12-05 12:17:27 - [TEST_STEP][PASSED] - Statement - PreSaveFile = new java.io.File(((pathPrefix + java.lang.Integer.toString(counter)) + .png)): null

2018-12-05 12:17:27 - [TEST_STEP][PASSED] - Statement - counter = counter + 1: null

2018-12-05 12:17:27 - [TEST_STEP][PASSED] - Statement - PreSaveFile = new java.io.File(((pathPrefix + java.lang.Integer.toString(counter)) + .png)): null

2018-12-05 12:17:27 - [TEST_STEP][PASSED] - Statement - counter = counter + 1: null

2018-12-05 12:17:27 - [TEST_STEP][PASSED] - Statement - PreSaveFile = new java.io.File(((pathPrefix + java.lang.Integer.toString(counter)) + .png)): null

2018-12-05 12:17:27 - [TEST_STEP][PASSED] - Statement - counter = counter + 1: null

2018-12-05 12:17:27 - [TEST_STEP][PASSED] - Statement - PreSaveFile = new java.io.File(((pathPrefix + java.lang.Integer.toString(counter)) + .png)): null

2018-12-05 12:17:27 - [TEST_STEP][PASSED] - Statement - counter = counter + 1: null

2018-12-05 12:17:27 - [TEST_STEP][PASSED] - Statement - PreSaveFile = new java.io.File(((pathPrefix + java.lang.Integer.toString(counter)) + .png)): null

2018-12-05 12:17:27 - [TEST_STEP][PASSED] - Statement - counter = counter + 1: null

2018-12-05 12:17:27 - [TEST_STEP][PASSED] - Statement - PreSaveFile = new java.io.File(((pathPrefix + java.lang.Integer.toString(counter)) + .png)): null

2018-12-05 12:17:27 - [TEST_STEP][PASSED] - Statement - counter = counter + 1: null

2018-12-05 12:17:27 - [TEST_STEP][PASSED] - Statement - PreSaveFile = new java.io.File(((pathPrefix + java.lang.Integer.toString(counter)) + .png)): null

2018-12-05 12:17:27 - [TEST_STEP][PASSED] - Statement - counter = counter + 1: null

2018-12-05 12:17:27 - [TEST_STEP][PASSED] - Statement - PreSaveFile = new java.io.File(((pathPrefix + java.lang.Integer.toString(counter)) + .png)): null

2018-12-05 12:17:27 - [TEST_STEP][PASSED] - Statement - counter = counter + 1: null

2018-12-05 12:17:27 - [TEST_STEP][PASSED] - Statement - PreSaveFile = new java.io.File(((pathPrefix + java.lang.Integer.toString(counter)) + .png)): null

2018-12-05 12:17:28 - [TEST_STEP][PASSED] - Statement - counter = counter + 1: null

2018-12-05 12:17:28 - [TEST_STEP][PASSED] - Statement - PreSaveFile = new java.io.File(((pathPrefix + java.lang.Integer.toString(counter)) + .png)): null

2018-12-05 12:17:28 - [TEST_STEP][PASSED] - Statement - counter = counter + 1: null

2018-12-05 12:17:28 - [TEST_STEP][PASSED] - Statement - PreSaveFile = new java.io.File(((pathPrefix + java.lang.Integer.toString(counter)) + .png)): null

2018-12-05 12:17:28 - [TEST_STEP][PASSED] - Statement - counter = counter + 1: null

2018-12-05 12:17:28 - [TEST_STEP][PASSED] - Statement - PreSaveFile = new java.io.File(((pathPrefix + java.lang.Integer.toString(counter)) + .png)): null

2018-12-05 12:17:28 - [TEST_STEP][PASSED] - Statement - counter = counter + 1: null

2018-12-05 12:17:28 - [TEST_STEP][PASSED] - Statement - PreSaveFile = new java.io.File(((pathPrefix + java.lang.Integer.toString(counter)) + .png)): null

2018-12-05 12:17:28 - [TEST_STEP][PASSED] - Statement - counter = counter + 1: null

2018-12-05 12:17:28 - [TEST_STEP][PASSED] - Statement - PreSaveFile = new java.io.File(((pathPrefix + java.lang.Integer.toString(counter)) + .png)): null

2018-12-05 12:17:28 - [TEST_STEP][PASSED] - Statement - counter = counter + 1: null

2018-12-05 12:17:28 - [TEST_STEP][PASSED] - Statement - PreSaveFile = new java.io.File(((pathPrefix + java.lang.Integer.toString(counter)) + .png)): null

2018-12-05 12:17:28 - [TEST_STEP][PASSED] - Statement - finalPath = pathPrefix + java.lang.Integer.toString(counter) + ".png": null

2018-12-05 12:17:28 - [TEST_STEP][PASSED] - Statement - SaveFile = new java.io.File(finalPath): null

2018-12-05 12:17:28 - [TEST_STEP][PASSED] - Statement - Try: null

2018-12-05 12:17:28 - [TEST_STEP][PASSED] - Statement - org.apache.commons.io.FileUtils.copyFile(scrFile, SaveFile): null

2018-12-05 12:17:28 - [TEST_STEP][PASSED] - Statement - out.println("file kept"): null

2018-12-05 12:17:28 - [TEST_STEP][PASSED] - delay: Delayed 10 second(s)

2018-12-05 12:17:38 - [MESSAGE][PASSED] - Delayed 10 second(s)

2018-12-05 12:17:38 - [MESSAGE][PASSED] - Call Test Case 'Test Cases/Final Aug 2018 - PKS Automation/Registration Module/New Registration/Submit and Screenshot/Submit Registration and Screenshot' successfully

2018-12-05 12:17:38 - [TEST_STEP][PASSED] - callTestCase: Call Test Case 'Test Cases/Final Aug 2018 - PKS Automation/Registration Module/Log Out/log out avoiding katalon tagging' successfully

2018-12-05 12:17:38 - [TEST_CASE][PASSED] - Test Cases/Final Aug 2018 - PKS Automation/Registration Module/Log Out/log out avoiding katalon tagging: Test Cases/Final Aug 2018 - PKS Automation/Registration Module/Log Out/log out avoiding katalon tagging

2018-12-05 12:17:38 - [TEST_STEP][PASSED] - navigateToUrl: Navigate to 'https://assist2-uat.perkeso.gov.my/c/portal/logout' successfully

2018-12-05 12:17:39 - [MESSAGE][PASSED] - Navigate to 'https://assist2-uat.perkeso.gov.my/c/portal/logout' successfully

2018-12-05 12:17:39 - [MESSAGE][PASSED] - Call Test Case 'Test Cases/Final Aug 2018 - PKS Automation/Registration Module/Log Out/log out avoiding katalon tagging' successfully]]></system-out>
         <system-err><![CDATA[]]></system-err>
      </testcase>
      <testcase name="Test Cases/Final Aug 2018 - PKS Automation/Registration Module/Workflow/New Registration/Case PKR BO to RO - RO Under Enforcement" classname="Test Cases/Final Aug 2018 - PKS Automation/Registration Module/Workflow/New Registration/Case PKR BO to RO - RO Under Enforcement" status="PASSED">
         <system-out><![CDATA[2018-12-05 12:17:39 - [TEST_CASE][PASSED] - Test Cases/Final Aug 2018 - PKS Automation/Registration Module/Workflow/New Registration/Case PKR BO to RO - RO Under Enforcement: Test Cases/Final Aug 2018 - PKS Automation/Registration Module/Workflow/New Registration/Case PKR BO to RO - RO Under Enforcement

2018-12-05 12:17:39 - [TEST_STEP][PASSED] - callTestCase: Call Test Case 'Test Cases/Final Aug 2018 - PKS Automation/Registration Module/Workflow/New Registration/Template/Special Case - PKR BO - Form 1' successfully

2018-12-05 12:17:39 - [TEST_CASE][PASSED] - Test Cases/Final Aug 2018 - PKS Automation/Registration Module/Workflow/New Registration/Template/Special Case - PKR BO - Form 1: Test Cases/Final Aug 2018 - PKS Automation/Registration Module/Workflow/New Registration/Template/Special Case - PKR BO - Form 1

2018-12-05 12:17:40 - [TEST_STEP][PASSED] - openBrowser: Browser is opened with url: ''

2018-12-05 12:17:40 - [MESSAGE][WARNING] - A browser is already opened. Closing browser and opening a new one

2018-12-05 12:17:43 - [MESSAGE][PASSED] - Browser is opened with url: ''

2018-12-05 12:17:43 - [TEST_STEP][PASSED] - navigateToUrl: Navigate to 'https://assist2-uat.perkeso.gov.my/login' successfully

2018-12-05 12:17:44 - [MESSAGE][PASSED] - Navigate to 'https://assist2-uat.perkeso.gov.my/login' successfully

2018-12-05 12:17:44 - [TEST_STEP][PASSED] - delay: Delayed 2 second(s)

2018-12-05 12:17:46 - [MESSAGE][PASSED] - Delayed 2 second(s)

2018-12-05 12:17:46 - [TEST_STEP][PASSED] - setText: Text 'klpkrbo2@gmail.com' is set on object 'Object Repository/Final Object Repo/Login Page/Internal User/Email Address'

2018-12-05 12:17:46 - [MESSAGE][PASSED] - Text 'klpkrbo2@gmail.com' is set on object 'Object Repository/Final Object Repo/Login Page/Internal User/Email Address'

2018-12-05 12:17:46 - [TEST_STEP][PASSED] - click: Object: 'Object Repository/Final Object Repo/Login Page/Internal User/Next Button' is clicked on

2018-12-05 12:17:46 - [MESSAGE][PASSED] - Object: 'Object Repository/Final Object Repo/Login Page/Internal User/Next Button' is clicked on

2018-12-05 12:17:46 - [TEST_STEP][PASSED] - delay: Delayed 2 second(s)

2018-12-05 12:17:48 - [MESSAGE][PASSED] - Delayed 2 second(s)

2018-12-05 12:17:48 - [TEST_STEP][PASSED] - setText: Text 'Test1@3456789' is set on object 'Object Repository/Final Object Repo/Login Page/Internal User/Password'

2018-12-05 12:17:49 - [MESSAGE][PASSED] - Text 'Test1@3456789' is set on object 'Object Repository/Final Object Repo/Login Page/Internal User/Password'

2018-12-05 12:17:49 - [TEST_STEP][PASSED] - delay: Delayed 2 second(s)

2018-12-05 12:17:51 - [MESSAGE][PASSED] - Delayed 2 second(s)

2018-12-05 12:17:51 - [TEST_STEP][PASSED] - click: Object: 'Object Repository/Final Object Repo/Login Page/Internal User/Login Button' is clicked on

2018-12-05 12:17:51 - [MESSAGE][PASSED] - Object: 'Object Repository/Final Object Repo/Login Page/Internal User/Login Button' is clicked on

2018-12-05 12:17:51 - [TEST_STEP][PASSED] - Statement - Try: null

2018-12-05 12:17:51 - [TEST_STEP][PASSED] - Statement - Checker = com.kms.katalon.core.webui.keyword.WebUiBuiltInKeywords.verifyElementNotPresent("Final Object Repo/Landing Page/Select to English", 3): null

2018-12-05 12:17:51 - [TEST_STEP][PASSED] - Statement - Catch (Exception e): null

2018-12-05 12:17:51 - [TEST_STEP][PASSED] - Statement - e.printStackTrace(): null

2018-12-05 12:17:51 - [TEST_STEP][PASSED] - delay: Delayed 5 second(s)

2018-12-05 12:17:56 - [MESSAGE][PASSED] - Delayed 5 second(s)

2018-12-05 12:17:56 - [TEST_STEP][PASSED] - click: Object: 'Object Repository/Final Object Repo/Landing Page/My Sites Drop Down' is clicked on

2018-12-05 12:17:56 - [MESSAGE][PASSED] - Object: 'Object Repository/Final Object Repo/Landing Page/My Sites Drop Down' is clicked on

2018-12-05 12:17:56 - [TEST_STEP][PASSED] - click: Object: 'Object Repository/Final Object Repo/Landing Page/Select to Registration Module' is clicked on

2018-12-05 12:17:57 - [MESSAGE][PASSED] - Object: 'Object Repository/Final Object Repo/Landing Page/Select to Registration Module' is clicked on

2018-12-05 12:17:57 - [TEST_STEP][PASSED] - click: Object: 'Object Repository/Final Object Repo/Landing Page/Registration Button' is clicked on

2018-12-05 12:17:59 - [MESSAGE][PASSED] - Object: 'Object Repository/Final Object Repo/Landing Page/Registration Button' is clicked on

2018-12-05 12:17:59 - [TEST_STEP][PASSED] - delay: Delayed 2 second(s)

2018-12-05 12:18:01 - [MESSAGE][PASSED] - Delayed 2 second(s)

2018-12-05 12:18:01 - [TEST_STEP][PASSED] - click: Object: 'Object Repository/Final Object Repo/New Registration - Registration Module Pages/New Reg - OTC to RO/Special Case - OTC - Form 1/AEC NO' is clicked on

2018-12-05 12:18:01 - [MESSAGE][PASSED] - Object: 'Object Repository/Final Object Repo/New Registration - Registration Module Pages/New Reg - OTC to RO/Special Case - OTC - Form 1/AEC NO' is clicked on

2018-12-05 12:18:01 - [TEST_STEP][PASSED] - click: Object: 'Object Repository/Final Object Repo/New Registration - Registration Module Pages/New Reg - OTC to RO/Special Case - OTC - Form 1/Business Entity - Please Select' is clicked on

2018-12-05 12:18:01 - [MESSAGE][PASSED] - Object: 'Object Repository/Final Object Repo/New Registration - Registration Module Pages/New Reg - OTC to RO/Special Case - OTC - Form 1/Business Entity - Please Select' is clicked on

2018-12-05 12:18:01 - [TEST_STEP][PASSED] - click: Object: 'Object Repository/Final Object Repo/New Registration - Registration Module Pages/New Reg - OTC to RO/Special Case - OTC - Form 1/Selected - Corporation' is clicked on

2018-12-05 12:18:01 - [MESSAGE][PASSED] - Object: 'Object Repository/Final Object Repo/New Registration - Registration Module Pages/New Reg - OTC to RO/Special Case - OTC - Form 1/Selected - Corporation' is clicked on

2018-12-05 12:18:01 - [TEST_STEP][PASSED] - delay: Delayed 2 second(s)

2018-12-05 12:18:03 - [MESSAGE][PASSED] - Delayed 2 second(s)

2018-12-05 12:18:03 - [TEST_STEP][PASSED] - click: Object: 'Object Repository/Final Object Repo/New Registration - Registration Module Pages/New Reg - OTC to RO/Special Case - OTC - Form 1/Sub Business Entity - Please Select' is clicked on

2018-12-05 12:18:03 - [MESSAGE][PASSED] - Object: 'Object Repository/Final Object Repo/New Registration - Registration Module Pages/New Reg - OTC to RO/Special Case - OTC - Form 1/Sub Business Entity - Please Select' is clicked on

2018-12-05 12:18:03 - [TEST_STEP][PASSED] - delay: Delayed 2 second(s)

2018-12-05 12:18:06 - [MESSAGE][PASSED] - Delayed 2 second(s)

2018-12-05 12:18:06 - [TEST_STEP][PASSED] - click: Object: 'Object Repository/Final Object Repo/New Registration - Registration Module Pages/New Reg - OTC to RO/Special Case - OTC - Form 1/Selected - Sendirian Berhad' is clicked on

2018-12-05 12:18:06 - [MESSAGE][PASSED] - Object: 'Object Repository/Final Object Repo/New Registration - Registration Module Pages/New Reg - OTC to RO/Special Case - OTC - Form 1/Selected - Sendirian Berhad' is clicked on

2018-12-05 12:18:06 - [TEST_STEP][PASSED] - setText: Text 'AUTOMATE001' is set on object 'Object Repository/Final Object Repo/New Registration - Registration Module Pages/New Reg - OTC to RO/Special Case - OTC - Form 1/Input BRN Number'

2018-12-05 12:18:06 - [MESSAGE][PASSED] - Text 'AUTOMATE001' is set on object 'Object Repository/Final Object Repo/New Registration - Registration Module Pages/New Reg - OTC to RO/Special Case - OTC - Form 1/Input BRN Number'

2018-12-05 12:18:06 - [TEST_STEP][PASSED] - delay: Delayed 2 second(s)

2018-12-05 12:18:08 - [MESSAGE][PASSED] - Delayed 2 second(s)

2018-12-05 12:18:08 - [TEST_STEP][PASSED] - click: Object: 'Object Repository/Final Object Repo/New Registration - Registration Module Pages/New Reg - OTC to RO/Special Case - OTC - Form 1/BRN Search' is clicked on

2018-12-05 12:18:08 - [MESSAGE][PASSED] - Object: 'Object Repository/Final Object Repo/New Registration - Registration Module Pages/New Reg - OTC to RO/Special Case - OTC - Form 1/BRN Search' is clicked on

2018-12-05 12:18:08 - [TEST_STEP][PASSED] - delay: Delayed 4 second(s)

2018-12-05 12:18:12 - [MESSAGE][PASSED] - Delayed 4 second(s)

2018-12-05 12:18:12 - [TEST_STEP][PASSED] - click: Object: 'Object Repository/Final Object Repo/New Registration - Registration Module Pages/New Reg - OTC to RO/Special Case - OTC - Form 1/Registered with SSM - After Feb 2017' is clicked on

2018-12-05 12:18:13 - [MESSAGE][PASSED] - Object: 'Object Repository/Final Object Repo/New Registration - Registration Module Pages/New Reg - OTC to RO/Special Case - OTC - Form 1/Registered with SSM - After Feb 2017' is clicked on

2018-12-05 12:18:13 - [TEST_STEP][PASSED] - delay: Delayed 2 second(s)

2018-12-05 12:18:15 - [MESSAGE][PASSED] - Delayed 2 second(s)

2018-12-05 12:18:15 - [TEST_STEP][PASSED] - click: Object: 'Object Repository/Final Object Repo/New Registration - Registration Module Pages/New Reg - OTC to RO/Special Case - OTC - Form 1/Registering As A Branch - No' is clicked on

2018-12-05 12:18:15 - [MESSAGE][PASSED] - Object: 'Object Repository/Final Object Repo/New Registration - Registration Module Pages/New Reg - OTC to RO/Special Case - OTC - Form 1/Registering As A Branch - No' is clicked on

2018-12-05 12:18:15 - [TEST_STEP][PASSED] - click: Object: 'Object Repository/Final Object Repo/New Registration - Registration Module Pages/New Reg - OTC to RO/Special Case - OTC - Form 1/Acknowledgement Ticked' is clicked on

2018-12-05 12:18:15 - [MESSAGE][PASSED] - Object: 'Object Repository/Final Object Repo/New Registration - Registration Module Pages/New Reg - OTC to RO/Special Case - OTC - Form 1/Acknowledgement Ticked' is clicked on

2018-12-05 12:18:15 - [TEST_STEP][PASSED] - click: Object: 'Object Repository/Final Object Repo/New Registration - Registration Module Pages/New Reg - OTC to RO/Special Case - OTC - Form 1/Submit Button' is clicked on

2018-12-05 12:18:15 - [MESSAGE][PASSED] - Object: 'Object Repository/Final Object Repo/New Registration - Registration Module Pages/New Reg - OTC to RO/Special Case - OTC - Form 1/Submit Button' is clicked on

2018-12-05 12:18:15 - [TEST_STEP][PASSED] - delay: Delayed 2 second(s)

2018-12-05 12:18:17 - [MESSAGE][PASSED] - Delayed 2 second(s)

2018-12-05 12:18:17 - [TEST_STEP][PASSED] - click: Object: 'Object Repository/Final Object Repo/New Registration - Registration Module Pages/New Reg - OTC to RO/Special Case - OTC - Form 1/Confirm No Flagging as Branch' is clicked on

2018-12-05 12:18:17 - [MESSAGE][PASSED] - Object: 'Object Repository/Final Object Repo/New Registration - Registration Module Pages/New Reg - OTC to RO/Special Case - OTC - Form 1/Confirm No Flagging as Branch' is clicked on

2018-12-05 12:18:17 - [MESSAGE][PASSED] - Call Test Case 'Test Cases/Final Aug 2018 - PKS Automation/Registration Module/Workflow/New Registration/Template/Special Case - PKR BO - Form 1' successfully

2018-12-05 12:18:17 - [TEST_STEP][PASSED] - callTestCase: Call Test Case 'Test Cases/Final Aug 2018 - PKS Automation/Registration Module/New Registration/Form 2/Add 1 Eligible' successfully

2018-12-05 12:18:17 - [TEST_CASE][PASSED] - Test Cases/Final Aug 2018 - PKS Automation/Registration Module/New Registration/Form 2/Add 1 Eligible: Test Cases/Final Aug 2018 - PKS Automation/Registration Module/New Registration/Form 2/Add 1 Eligible

2018-12-05 12:18:17 - [TEST_STEP][PASSED] - delay: Delayed 2 second(s)

2018-12-05 12:18:19 - [MESSAGE][PASSED] - Delayed 2 second(s)

2018-12-05 12:18:19 - [TEST_STEP][PASSED] - callTestCase: Call Test Case 'Test Cases/Final Aug 2018 - PKS Automation/Registration Module/New Registration/Form 2/Date Updater' successfully

2018-12-05 12:18:20 - [TEST_CASE][PASSED] - Test Cases/Final Aug 2018 - PKS Automation/Registration Module/New Registration/Form 2/Date Updater: Test Cases/Final Aug 2018 - PKS Automation/Registration Module/New Registration/Form 2/Date Updater

2018-12-05 12:18:20 - [TEST_STEP][PASSED] - Statement - TodayDate = new java.util.Date(): null

2018-12-05 12:18:20 - [TEST_STEP][PASSED] - Statement - CurrentDateNoFilter = new java.text.SimpleDateFormat(): null

2018-12-05 12:18:20 - [TEST_STEP][PASSED] - Statement - CurrentDateNoFilter.applyPattern("MM"): null

2018-12-05 12:18:20 - [TEST_STEP][PASSED] - Statement - monthContainerMatcher = java.lang.Integer.parseInt(CurrentDateNoFilter.format(TodayDate)): null

2018-12-05 12:18:20 - [TEST_STEP][PASSED] - Statement - monthContainerMatcher = monthContainerMatcher - 1: null

2018-12-05 12:18:20 - [TEST_STEP][PASSED] - Statement - CurrentMonth = monthContainerMatcher.toString(): null

2018-12-05 12:18:20 - [TEST_STEP][PASSED] - Statement - CurrentMonth = CurrentMonth: null

2018-12-05 12:18:20 - [TEST_STEP][PASSED] - Statement - CurrentDateNoFilter.applyPattern("yyyy"): null

2018-12-05 12:18:20 - [TEST_STEP][PASSED] - Statement - CurrentYear = CurrentDateNoFilter.format(TodayDate): null

2018-12-05 12:18:20 - [TEST_STEP][PASSED] - Statement - CurrentYear = CurrentYear: null

2018-12-05 12:18:20 - [TEST_STEP][PASSED] - Statement - intCurrentYear = java.lang.Integer.parseInt(CurrentDateNoFilter.format(TodayDate)): null

2018-12-05 12:18:20 - [TEST_STEP][PASSED] - Statement - eighteenYrsAgo = intCurrentYear - 18: null

2018-12-05 12:18:20 - [TEST_STEP][PASSED] - Statement - eighteenYrsBeforeThisYr = eighteenYrsAgo.toString(): null

2018-12-05 12:18:20 - [TEST_STEP][PASSED] - Statement - EighteenYrsBefore = eighteenYrsBeforeThisYr: null

2018-12-05 12:18:20 - [TEST_STEP][PASSED] - Statement - fiftysevenYrsAgo = intCurrentYear - 57: null

2018-12-05 12:18:20 - [TEST_STEP][PASSED] - Statement - fiftysevenYrsBeforeThisYr = fiftysevenYrsAgo.toString(): null

2018-12-05 12:18:20 - [TEST_STEP][PASSED] - Statement - FiftysevenYrsBefore = fiftysevenYrsBeforeThisYr: null

2018-12-05 12:18:20 - [TEST_STEP][PASSED] - Statement - leapYear = false: null

2018-12-05 12:18:20 - [TEST_STEP][PASSED] - Statement - leapYear = intCurrentYear % 4 == 0: null

2018-12-05 12:18:20 - [TEST_STEP][PASSED] - Statement - CurrentDateNoFilter.applyPattern("dd"): null

2018-12-05 12:18:20 - [TEST_STEP][PASSED] - Statement - CurrentDate = CurrentDateNoFilter.format(TodayDate): null

2018-12-05 12:18:20 - [TEST_STEP][PASSED] - Statement - CurrentDate = java.lang.Integer.parseInt(CurrentDate): null

2018-12-05 12:18:20 - [TEST_STEP][PASSED] - Statement - CurrentDate = CurrentDate: null

2018-12-05 12:18:20 - [TEST_STEP][PASSED] - Statement - CurrentDay = java.lang.Integer.parseInt(CurrentDate): null

2018-12-05 12:18:20 - [TEST_STEP][PASSED] - Statement - ConfAdder = <not implemented yet for class: org.codehaus.groovy.ast.expr.EmptyExpression>: null

2018-12-05 12:18:20 - [TEST_STEP][PASSED] - Statement - switch (CurrentDate): null

2018-12-05 12:18:20 - [TEST_STEP][PASSED] - Statement - Default: null

2018-12-05 12:18:20 - [TEST_STEP][PASSED] - Statement - ConfAdder = false: null

2018-12-05 12:18:20 - [TEST_STEP][PASSED] - Statement - Break: null

2018-12-05 12:18:20 - [TEST_STEP][PASSED] - Statement - aDayBefore = <not implemented yet for class: org.codehaus.groovy.ast.expr.EmptyExpression>: null

2018-12-05 12:18:20 - [TEST_STEP][PASSED] - Statement - If (ConfAdder == true): null

2018-12-05 12:18:20 - [TEST_STEP][PASSED] - Statement - Else: null

2018-12-05 12:18:20 - [TEST_STEP][PASSED] - Statement - aDayBefore = 1: null

2018-12-05 12:18:20 - [TEST_STEP][PASSED] - Statement - If (aDayBefore == 1 && CurrentMonth == 11): null

2018-12-05 12:18:20 - [TEST_STEP][PASSED] - Statement - DayBefore = aDayBefore.toString(): null

2018-12-05 12:18:20 - [TEST_STEP][PASSED] - Statement - OneDayBefore = DayBefore: null

2018-12-05 12:18:20 - [MESSAGE][PASSED] - Call Test Case 'Test Cases/Final Aug 2018 - PKS Automation/Registration Module/New Registration/Form 2/Date Updater' successfully

2018-12-05 12:18:20 - [TEST_STEP][PASSED] - delay: Delayed 1 second(s)

2018-12-05 12:18:21 - [MESSAGE][PASSED] - Delayed 1 second(s)

2018-12-05 12:18:21 - [TEST_STEP][PASSED] - Statement - CaseReferenceNo = com.kms.katalon.core.webui.keyword.WebUiBuiltInKeywords.getText(com.kms.katalon.core.testobject.ObjectRepository.findTestObject(Final Object Repo/New Registration - Registration Module Pages/Form 2/RefNo Acquiring)): Text of object 'Object Repository/Final Object Repo/New Registration - Registration Module Pages/Form 2/RefNo Acquiring' is: 'CRN12201800123005'

2018-12-05 12:18:21 - [MESSAGE][PASSED] - Text of object 'Object Repository/Final Object Repo/New Registration - Registration Module Pages/Form 2/RefNo Acquiring' is: 'CRN12201800123005'

2018-12-05 12:18:21 - [TEST_STEP][PASSED] - delay: Delayed 1 second(s)

2018-12-05 12:18:22 - [MESSAGE][PASSED] - Delayed 1 second(s)

2018-12-05 12:18:22 - [TEST_STEP][PASSED] - click: Object: 'Object Repository/Final Object Repo/New Registration - Registration Module Pages/Form 2/Add Employee Button' is clicked on

2018-12-05 12:18:22 - [MESSAGE][PASSED] - Object: 'Object Repository/Final Object Repo/New Registration - Registration Module Pages/Form 2/Add Employee Button' is clicked on

2018-12-05 12:18:22 - [TEST_STEP][PASSED] - delay: Delayed 1 second(s)

2018-12-05 12:18:23 - [MESSAGE][PASSED] - Delayed 1 second(s)

2018-12-05 12:18:23 - [TEST_STEP][PASSED] - setText: Text '010903091963' is set on object 'Object Repository/Final Object Repo/New Registration - Registration Module Pages/Form 2/NRIC Input'

2018-12-05 12:18:23 - [MESSAGE][PASSED] - Text '010903091963' is set on object 'Object Repository/Final Object Repo/New Registration - Registration Module Pages/Form 2/NRIC Input'

2018-12-05 12:18:23 - [TEST_STEP][PASSED] - click: Object: 'Object Repository/Final Object Repo/New Registration - Registration Module Pages/Form 2/button for search for IC' is clicked on

2018-12-05 12:18:24 - [MESSAGE][PASSED] - Object: 'Object Repository/Final Object Repo/New Registration - Registration Module Pages/Form 2/button for search for IC' is clicked on

2018-12-05 12:18:24 - [TEST_STEP][PASSED] - delay: Delayed 2 second(s)

2018-12-05 12:18:26 - [MESSAGE][PASSED] - Delayed 2 second(s)

2018-12-05 12:18:26 - [TEST_STEP][PASSED] - setText: Text 'Automate001 eligible 1' is set on object 'Object Repository/Final Object Repo/New Registration - Registration Module Pages/Form 2/Employee Name Input'

2018-12-05 12:18:26 - [MESSAGE][PASSED] - Text 'Automate001 eligible 1' is set on object 'Object Repository/Final Object Repo/New Registration - Registration Module Pages/Form 2/Employee Name Input'

2018-12-05 12:18:26 - [TEST_STEP][PASSED] - delay: Delayed 2 second(s)

2018-12-05 12:18:28 - [MESSAGE][PASSED] - Delayed 2 second(s)

2018-12-05 12:18:28 - [TEST_STEP][PASSED] - click: Object: 'Object Repository/Final Object Repo/New Registration - Registration Module Pages/Form 2/DatePicker Pop Up' is clicked on

2018-12-05 12:18:28 - [MESSAGE][PASSED] - Object: 'Object Repository/Final Object Repo/New Registration - Registration Module Pages/Form 2/DatePicker Pop Up' is clicked on

2018-12-05 12:18:28 - [TEST_STEP][PASSED] - click: Object: 'Object Repository/Final Object Repo/New Registration - Registration Module Pages/Form 2/DOB Month' is clicked on

2018-12-05 12:18:29 - [MESSAGE][PASSED] - Object: 'Object Repository/Final Object Repo/New Registration - Registration Module Pages/Form 2/DOB Month' is clicked on

2018-12-05 12:18:29 - [TEST_STEP][PASSED] - Statement - CurrentMonth = CurrentMonth: null

2018-12-05 12:18:29 - [TEST_STEP][PASSED] - Statement - selectMonth = new com.kms.katalon.core.testobject.TestObject(): null

2018-12-05 12:18:29 - [TEST_STEP][PASSED] - Statement - selectMonth.addProperty("xpath", EQUALS, "//body/div/div/div/select/option[@value='" + CurrentMonth + "']", true): null

2018-12-05 12:18:29 - [TEST_STEP][PASSED] - click: Object: '' is clicked on

2018-12-05 12:18:29 - [MESSAGE][PASSED] - Object: '' is clicked on

2018-12-05 12:18:29 - [TEST_STEP][PASSED] - click: Object: 'Object Repository/Final Object Repo/New Registration - Registration Module Pages/Form 2/DOB Year' is clicked on

2018-12-05 12:18:29 - [MESSAGE][PASSED] - Object: 'Object Repository/Final Object Repo/New Registration - Registration Module Pages/Form 2/DOB Year' is clicked on

2018-12-05 12:18:29 - [TEST_STEP][PASSED] - Statement - Eyearsbf = EighteenYrsBefore: null

2018-12-05 12:18:29 - [TEST_STEP][PASSED] - Statement - selectYear = new com.kms.katalon.core.testobject.TestObject(): null

2018-12-05 12:18:29 - [TEST_STEP][PASSED] - Statement - selectYear.addProperty("xpath", EQUALS, "//div/div/div/select/option[@value='" + Eyearsbf + "']", true): null

2018-12-05 12:18:29 - [TEST_STEP][PASSED] - click: Object: '' is clicked on

2018-12-05 12:18:29 - [MESSAGE][PASSED] - Object: '' is clicked on

2018-12-05 12:18:29 - [TEST_STEP][PASSED] - Statement - UpdatedSelectDate = com.kms.katalon.core.webui.keyword.WebUiBuiltInKeywords.modifyObjectProperty(com.kms.katalon.core.testobject.ObjectRepository.findTestObject(Final Object Repo/New Registration - Registration Module Pages/Form 2/DOB Date), "xpath", "equals", "//body/div/table/tbody/tr/td/a[text()="" + CurrentDate + ""]", true): Modify property of object successfully

2018-12-05 12:18:29 - [MESSAGE][PASSED] - Modify property of object successfully

2018-12-05 12:18:29 - [TEST_STEP][PASSED] - delay: Delayed 3 second(s)

2018-12-05 12:18:32 - [MESSAGE][PASSED] - Delayed 3 second(s)

2018-12-05 12:18:32 - [TEST_STEP][PASSED] - click: Object: 'Object Repository/Final Object Repo/New Registration - Registration Module Pages/Form 2/DOB Date' is clicked on

2018-12-05 12:18:32 - [MESSAGE][PASSED] - Object: 'Object Repository/Final Object Repo/New Registration - Registration Module Pages/Form 2/DOB Date' is clicked on

2018-12-05 12:18:32 - [TEST_STEP][PASSED] - delay: Delayed 2 second(s)

2018-12-05 12:18:34 - [MESSAGE][PASSED] - Delayed 2 second(s)

2018-12-05 12:18:34 - [TEST_STEP][PASSED] - click: Object: 'Object Repository/Final Object Repo/New Registration - Registration Module Pages/Form 2/EmploymentStartDate Pop Up' is clicked on

2018-12-05 12:18:35 - [MESSAGE][PASSED] - Object: 'Object Repository/Final Object Repo/New Registration - Registration Module Pages/Form 2/EmploymentStartDate Pop Up' is clicked on

2018-12-05 12:18:35 - [TEST_STEP][PASSED] - delay: Delayed 2 second(s)

2018-12-05 12:18:37 - [MESSAGE][PASSED] - Delayed 2 second(s)

2018-12-05 12:18:37 - [TEST_STEP][PASSED] - click: Object: 'Object Repository/Final Object Repo/New Registration - Registration Module Pages/Form 2/Socso Employment StartDate Month' is clicked on

2018-12-05 12:18:37 - [MESSAGE][PASSED] - Object: 'Object Repository/Final Object Repo/New Registration - Registration Module Pages/Form 2/Socso Employment StartDate Month' is clicked on

2018-12-05 12:18:37 - [TEST_STEP][PASSED] - delay: Delayed 1 second(s)

2018-12-05 12:18:38 - [MESSAGE][PASSED] - Delayed 1 second(s)

2018-12-05 12:18:38 - [TEST_STEP][PASSED] - click: Object: 'Object Repository/Final Object Repo/New Registration - Registration Module Pages/Form 2/Select Socso Employement Startdate Month' is clicked on

2018-12-05 12:18:38 - [MESSAGE][PASSED] - Object: 'Object Repository/Final Object Repo/New Registration - Registration Module Pages/Form 2/Select Socso Employement Startdate Month' is clicked on

2018-12-05 12:18:38 - [TEST_STEP][PASSED] - delay: Delayed 2 second(s)

2018-12-05 12:18:40 - [MESSAGE][PASSED] - Delayed 2 second(s)

2018-12-05 12:18:40 - [TEST_STEP][PASSED] - click: Object: 'Object Repository/Final Object Repo/New Registration - Registration Module Pages/Form 2/Socso Employment StartDate Year' is clicked on

2018-12-05 12:18:40 - [MESSAGE][PASSED] - Object: 'Object Repository/Final Object Repo/New Registration - Registration Module Pages/Form 2/Socso Employment StartDate Year' is clicked on

2018-12-05 12:18:40 - [TEST_STEP][PASSED] - delay: Delayed 1 second(s)

2018-12-05 12:18:41 - [MESSAGE][PASSED] - Delayed 1 second(s)

2018-12-05 12:18:41 - [TEST_STEP][PASSED] - click: Object: 'Object Repository/Final Object Repo/New Registration - Registration Module Pages/Form 2/Select Socso Employment Startdate Year' is clicked on

2018-12-05 12:18:41 - [MESSAGE][PASSED] - Object: 'Object Repository/Final Object Repo/New Registration - Registration Module Pages/Form 2/Select Socso Employment Startdate Year' is clicked on

2018-12-05 12:18:41 - [TEST_STEP][PASSED] - delay: Delayed 2 second(s)

2018-12-05 12:18:43 - [MESSAGE][PASSED] - Delayed 2 second(s)

2018-12-05 12:18:43 - [TEST_STEP][PASSED] - click: Object: 'Object Repository/Final Object Repo/New Registration - Registration Module Pages/Form 2/Socso Employment Start Date Day' is clicked on

2018-12-05 12:18:43 - [MESSAGE][PASSED] - Object: 'Object Repository/Final Object Repo/New Registration - Registration Module Pages/Form 2/Socso Employment Start Date Day' is clicked on

2018-12-05 12:18:43 - [TEST_STEP][PASSED] - delay: Delayed 2 second(s)

2018-12-05 12:18:45 - [MESSAGE][PASSED] - Delayed 2 second(s)

2018-12-05 12:18:45 - [TEST_STEP][PASSED] - click: Object: 'Object Repository/Final Object Repo/New Registration - Registration Module Pages/Form 2/Save Button for Add Employee' is clicked on

2018-12-05 12:18:46 - [MESSAGE][PASSED] - Object: 'Object Repository/Final Object Repo/New Registration - Registration Module Pages/Form 2/Save Button for Add Employee' is clicked on

2018-12-05 12:18:46 - [TEST_STEP][PASSED] - delay: Delayed 6 second(s)

2018-12-05 12:18:52 - [MESSAGE][PASSED] - Delayed 6 second(s)

2018-12-05 12:18:52 - [TEST_STEP][PASSED] - click: Object: 'Object Repository/Final Object Repo/New Registration - Registration Module Pages/Form 2/Save and Continue Form 2' is clicked on

2018-12-05 12:18:52 - [MESSAGE][PASSED] - Object: 'Object Repository/Final Object Repo/New Registration - Registration Module Pages/Form 2/Save and Continue Form 2' is clicked on

2018-12-05 12:18:52 - [MESSAGE][PASSED] - Call Test Case 'Test Cases/Final Aug 2018 - PKS Automation/Registration Module/New Registration/Form 2/Add 1 Eligible' successfully

2018-12-05 12:18:52 - [TEST_STEP][PASSED] - callTestCase: Call Test Case 'Test Cases/Final Aug 2018 - PKS Automation/Registration Module/New Registration/Flow of New Registration/Third Screen - Upload Supporting Doc - Preview' successfully

2018-12-05 12:18:52 - [TEST_CASE][PASSED] - Test Cases/Final Aug 2018 - PKS Automation/Registration Module/New Registration/Flow of New Registration/Third Screen - Upload Supporting Doc - Preview: Test Cases/Final Aug 2018 - PKS Automation/Registration Module/New Registration/Flow of New Registration/Third Screen - Upload Supporting Doc - Preview

2018-12-05 12:18:52 - [TEST_STEP][PASSED] - waitForPageLoad: Wait for page load successfully

2018-12-05 12:18:53 - [MESSAGE][PASSED] - Wait for page load successfully

2018-12-05 12:18:53 - [TEST_STEP][PASSED] - Statement - CaseReferenceNo = com.kms.katalon.core.webui.keyword.WebUiBuiltInKeywords.getText(com.kms.katalon.core.testobject.ObjectRepository.findTestObject(Final Object Repo/New Registration - Registration Module Pages/Third Screen - Upload Supporting Doc- Preview/RefNo Acquiring)): Text of object 'Object Repository/Final Object Repo/New Registration - Registration Module Pages/Third Screen - Upload Supporting Doc- Preview/RefNo Acquiring' is: 'CRN12201800123005'

2018-12-05 12:18:53 - [MESSAGE][PASSED] - Text of object 'Object Repository/Final Object Repo/New Registration - Registration Module Pages/Third Screen - Upload Supporting Doc- Preview/RefNo Acquiring' is: 'CRN12201800123005'

2018-12-05 12:18:53 - [TEST_STEP][PASSED] - delay: Delayed 2 second(s)

2018-12-05 12:18:55 - [MESSAGE][PASSED] - Delayed 2 second(s)

2018-12-05 12:18:55 - [TEST_STEP][PASSED] - callTestCase: Call Test Case 'Test Cases/Final Aug 2018 - PKS Automation/Common/Reference Number Setter' successfully

2018-12-05 12:18:55 - [TEST_CASE][PASSED] - Test Cases/Final Aug 2018 - PKS Automation/Common/Reference Number Setter: Test Cases/Final Aug 2018 - PKS Automation/Common/Reference Number Setter

2018-12-05 12:18:55 - [TEST_STEP][PASSED] - Statement - RefNoOldFile = new java.io.File(C://Users//Admin//Desktop//PKS//Automation Reference Point//KatalonReference.txt): null

2018-12-05 12:18:55 - [TEST_STEP][PASSED] - Statement - RefNoOldFile.delete(): null

2018-12-05 12:18:55 - [TEST_STEP][PASSED] - delay: Delayed 5 second(s)

2018-12-05 12:19:00 - [MESSAGE][PASSED] - Delayed 5 second(s)

2018-12-05 12:19:00 - [TEST_STEP][PASSED] - Statement - RefNo = new java.io.File(C://Users//Admin//Desktop//PKS//Automation Reference Point//KatalonReference.txt): null

2018-12-05 12:19:00 - [TEST_STEP][PASSED] - Statement - f2 = new java.io.FileWriter(RefNo, false): null

2018-12-05 12:19:00 - [TEST_STEP][PASSED] - Statement - f2.write(CaseReferenceNo): null

2018-12-05 12:19:00 - [TEST_STEP][PASSED] - Statement - f2.close(): null

2018-12-05 12:19:00 - [TEST_STEP][PASSED] - Statement - out.println("


" + CaseReferenceNo + "


"): null

2018-12-05 12:19:00 - [MESSAGE][PASSED] - Call Test Case 'Test Cases/Final Aug 2018 - PKS Automation/Common/Reference Number Setter' successfully

2018-12-05 12:19:00 - [TEST_STEP][PASSED] - waitForElementClickable: Object 'Object Repository/Final Object Repo/New Registration - Registration Module Pages/Third Screen - Upload Supporting Doc- Preview/Save n Continue in SIP Employee Listing Page' is clickable

2018-12-05 12:19:00 - [MESSAGE][PASSED] - Object 'Object Repository/Final Object Repo/New Registration - Registration Module Pages/Third Screen - Upload Supporting Doc- Preview/Save n Continue in SIP Employee Listing Page' is clickable

2018-12-05 12:19:00 - [TEST_STEP][PASSED] - click: Object: 'Object Repository/Final Object Repo/New Registration - Registration Module Pages/Third Screen - Upload Supporting Doc- Preview/Save n Continue in SIP Employee Listing Page' is clicked on

2018-12-05 12:19:05 - [MESSAGE][PASSED] - Object: 'Object Repository/Final Object Repo/New Registration - Registration Module Pages/Third Screen - Upload Supporting Doc- Preview/Save n Continue in SIP Employee Listing Page' is clicked on

2018-12-05 12:19:05 - [TEST_STEP][PASSED] - delay: Delayed 7 second(s)

2018-12-05 12:19:12 - [MESSAGE][PASSED] - Delayed 7 second(s)

2018-12-05 12:19:12 - [TEST_STEP][PASSED] - click: Object: 'Object Repository/Final Object Repo/New Registration - Registration Module Pages/Third Screen - Upload Supporting Doc- Preview/Add Document Button' is clicked on

2018-12-05 12:19:13 - [MESSAGE][PASSED] - Object: 'Object Repository/Final Object Repo/New Registration - Registration Module Pages/Third Screen - Upload Supporting Doc- Preview/Add Document Button' is clicked on

2018-12-05 12:19:13 - [TEST_STEP][PASSED] - delay: Delayed 30 second(s)

2018-12-05 12:19:43 - [MESSAGE][PASSED] - Delayed 30 second(s)

2018-12-05 12:19:43 - [TEST_STEP][PASSED] - click: Object: 'Object Repository/Final Object Repo/New Registration - Registration Module Pages/Third Screen - Upload Supporting Doc- Preview/Supporting Doc Please Select Drop Down' is clicked on

2018-12-05 12:19:43 - [MESSAGE][PASSED] - Object: 'Object Repository/Final Object Repo/New Registration - Registration Module Pages/Third Screen - Upload Supporting Doc- Preview/Supporting Doc Please Select Drop Down' is clicked on

2018-12-05 12:19:43 - [TEST_STEP][PASSED] - delay: Delayed 2 second(s)

2018-12-05 12:19:45 - [MESSAGE][PASSED] - Delayed 2 second(s)

2018-12-05 12:19:45 - [TEST_STEP][PASSED] - click: Object: 'Object Repository/Final Object Repo/New Registration - Registration Module Pages/Third Screen - Upload Supporting Doc- Preview/Select to Upload Form 1' is clicked on

2018-12-05 12:19:45 - [MESSAGE][PASSED] - Object: 'Object Repository/Final Object Repo/New Registration - Registration Module Pages/Third Screen - Upload Supporting Doc- Preview/Select to Upload Form 1' is clicked on

2018-12-05 12:19:45 - [TEST_STEP][PASSED] - delay: Delayed 2 second(s)

2018-12-05 12:19:47 - [MESSAGE][PASSED] - Delayed 2 second(s)

2018-12-05 12:19:47 - [TEST_STEP][PASSED] - uploadFile: File 'C:\Users\Public\Pictures\Sample Pictures\Koala.jpg' sent to object: 'Object Repository/Final Object Repo/New Registration - Registration Module Pages/Third Screen - Upload Supporting Doc- Preview/Upload File Adding'

2018-12-05 12:19:47 - [MESSAGE][PASSED] - File 'C:\Users\Public\Pictures\Sample Pictures\Koala.jpg' sent to object: 'Object Repository/Final Object Repo/New Registration - Registration Module Pages/Third Screen - Upload Supporting Doc- Preview/Upload File Adding'

2018-12-05 12:19:47 - [TEST_STEP][PASSED] - delay: Delayed 5 second(s)

2018-12-05 12:19:52 - [MESSAGE][PASSED] - Delayed 5 second(s)

2018-12-05 12:19:52 - [TEST_STEP][PASSED] - click: Object: 'Object Repository/Final Object Repo/New Registration - Registration Module Pages/Third Screen - Upload Supporting Doc- Preview/Inner Form Add Document Button' is clicked on

2018-12-05 12:19:52 - [MESSAGE][PASSED] - Object: 'Object Repository/Final Object Repo/New Registration - Registration Module Pages/Third Screen - Upload Supporting Doc- Preview/Inner Form Add Document Button' is clicked on

2018-12-05 12:19:52 - [TEST_STEP][PASSED] - delay: Delayed 3 second(s)

2018-12-05 12:19:55 - [MESSAGE][PASSED] - Delayed 3 second(s)

2018-12-05 12:19:55 - [TEST_STEP][PASSED] - click: Object: 'Object Repository/Final Object Repo/New Registration - Registration Module Pages/Third Screen - Upload Supporting Doc- Preview/Add Document Button' is clicked on

2018-12-05 12:19:56 - [MESSAGE][PASSED] - Object: 'Object Repository/Final Object Repo/New Registration - Registration Module Pages/Third Screen - Upload Supporting Doc- Preview/Add Document Button' is clicked on

2018-12-05 12:19:56 - [TEST_STEP][PASSED] - delay: Delayed 30 second(s)

2018-12-05 12:20:26 - [MESSAGE][PASSED] - Delayed 30 second(s)

2018-12-05 12:20:26 - [TEST_STEP][PASSED] - click: Object: 'Object Repository/Final Object Repo/New Registration - Registration Module Pages/Third Screen - Upload Supporting Doc- Preview/Supporting Doc Please Select Drop Down' is clicked on

2018-12-05 12:20:27 - [MESSAGE][PASSED] - Object: 'Object Repository/Final Object Repo/New Registration - Registration Module Pages/Third Screen - Upload Supporting Doc- Preview/Supporting Doc Please Select Drop Down' is clicked on

2018-12-05 12:20:27 - [TEST_STEP][PASSED] - delay: Delayed 2 second(s)

2018-12-05 12:20:29 - [MESSAGE][PASSED] - Delayed 2 second(s)

2018-12-05 12:20:29 - [TEST_STEP][PASSED] - click: Object: 'Object Repository/Final Object Repo/New Registration - Registration Module Pages/Third Screen - Upload Supporting Doc- Preview/Select to Upload Form 2' is clicked on

2018-12-05 12:20:29 - [MESSAGE][PASSED] - Object: 'Object Repository/Final Object Repo/New Registration - Registration Module Pages/Third Screen - Upload Supporting Doc- Preview/Select to Upload Form 2' is clicked on

2018-12-05 12:20:29 - [TEST_STEP][PASSED] - delay: Delayed 2 second(s)

2018-12-05 12:20:31 - [MESSAGE][PASSED] - Delayed 2 second(s)

2018-12-05 12:20:31 - [TEST_STEP][PASSED] - uploadFile: File 'C:\Users\Public\Pictures\Sample Pictures\Koala.jpg' sent to object: 'Object Repository/Final Object Repo/New Registration - Registration Module Pages/Third Screen - Upload Supporting Doc- Preview/Upload File Adding'

2018-12-05 12:20:31 - [MESSAGE][PASSED] - File 'C:\Users\Public\Pictures\Sample Pictures\Koala.jpg' sent to object: 'Object Repository/Final Object Repo/New Registration - Registration Module Pages/Third Screen - Upload Supporting Doc- Preview/Upload File Adding'

2018-12-05 12:20:31 - [TEST_STEP][PASSED] - click: Object: 'Object Repository/Final Object Repo/New Registration - Registration Module Pages/Third Screen - Upload Supporting Doc- Preview/Inner Form Add Document Button' is clicked on

2018-12-05 12:20:31 - [MESSAGE][PASSED] - Object: 'Object Repository/Final Object Repo/New Registration - Registration Module Pages/Third Screen - Upload Supporting Doc- Preview/Inner Form Add Document Button' is clicked on

2018-12-05 12:20:31 - [TEST_STEP][PASSED] - delay: Delayed 5 second(s)

2018-12-05 12:20:36 - [MESSAGE][PASSED] - Delayed 5 second(s)

2018-12-05 12:20:36 - [TEST_STEP][PASSED] - click: Object: 'Object Repository/Final Object Repo/New Registration - Registration Module Pages/Third Screen - Upload Supporting Doc- Preview/Add Document Button' is clicked on

2018-12-05 12:20:36 - [MESSAGE][PASSED] - Object: 'Object Repository/Final Object Repo/New Registration - Registration Module Pages/Third Screen - Upload Supporting Doc- Preview/Add Document Button' is clicked on

2018-12-05 12:20:36 - [TEST_STEP][PASSED] - delay: Delayed 30 second(s)

2018-12-05 12:21:06 - [MESSAGE][PASSED] - Delayed 30 second(s)

2018-12-05 12:21:06 - [TEST_STEP][PASSED] - click: Object: 'Object Repository/Final Object Repo/New Registration - Registration Module Pages/Third Screen - Upload Supporting Doc- Preview/Supporting Doc Please Select Drop Down' is clicked on

2018-12-05 12:21:07 - [MESSAGE][PASSED] - Object: 'Object Repository/Final Object Repo/New Registration - Registration Module Pages/Third Screen - Upload Supporting Doc- Preview/Supporting Doc Please Select Drop Down' is clicked on

2018-12-05 12:21:07 - [TEST_STEP][PASSED] - click: Object: 'Object Repository/Final Object Repo/New Registration - Registration Module Pages/Third Screen - Upload Supporting Doc- Preview/Select to Upload Borang SIP 1' is clicked on

2018-12-05 12:21:07 - [MESSAGE][PASSED] - Object: 'Object Repository/Final Object Repo/New Registration - Registration Module Pages/Third Screen - Upload Supporting Doc- Preview/Select to Upload Borang SIP 1' is clicked on

2018-12-05 12:21:07 - [TEST_STEP][PASSED] - delay: Delayed 2 second(s)

2018-12-05 12:21:09 - [MESSAGE][PASSED] - Delayed 2 second(s)

2018-12-05 12:21:09 - [TEST_STEP][PASSED] - uploadFile: File 'C:\Users\Public\Pictures\Sample Pictures\Koala.jpg' sent to object: 'Object Repository/Final Object Repo/New Registration - Registration Module Pages/Third Screen - Upload Supporting Doc- Preview/Upload File Adding'

2018-12-05 12:21:09 - [MESSAGE][PASSED] - File 'C:\Users\Public\Pictures\Sample Pictures\Koala.jpg' sent to object: 'Object Repository/Final Object Repo/New Registration - Registration Module Pages/Third Screen - Upload Supporting Doc- Preview/Upload File Adding'

2018-12-05 12:21:09 - [TEST_STEP][PASSED] - click: Object: 'Object Repository/Final Object Repo/New Registration - Registration Module Pages/Third Screen - Upload Supporting Doc- Preview/Inner Form Add Document Button' is clicked on

2018-12-05 12:21:09 - [MESSAGE][PASSED] - Object: 'Object Repository/Final Object Repo/New Registration - Registration Module Pages/Third Screen - Upload Supporting Doc- Preview/Inner Form Add Document Button' is clicked on

2018-12-05 12:21:09 - [TEST_STEP][PASSED] - delay: Delayed 5 second(s)

2018-12-05 12:21:14 - [MESSAGE][PASSED] - Delayed 5 second(s)

2018-12-05 12:21:14 - [TEST_STEP][PASSED] - click: Object: 'Object Repository/Final Object Repo/New Registration - Registration Module Pages/Third Screen - Upload Supporting Doc- Preview/Add Document Button' is clicked on

2018-12-05 12:21:14 - [MESSAGE][PASSED] - Object: 'Object Repository/Final Object Repo/New Registration - Registration Module Pages/Third Screen - Upload Supporting Doc- Preview/Add Document Button' is clicked on

2018-12-05 12:21:14 - [TEST_STEP][PASSED] - delay: Delayed 30 second(s)

2018-12-05 12:21:44 - [MESSAGE][PASSED] - Delayed 30 second(s)

2018-12-05 12:21:44 - [TEST_STEP][PASSED] - click: Object: 'Object Repository/Final Object Repo/New Registration - Registration Module Pages/Third Screen - Upload Supporting Doc- Preview/Supporting Doc Please Select Drop Down' is clicked on

2018-12-05 12:21:45 - [MESSAGE][PASSED] - Object: 'Object Repository/Final Object Repo/New Registration - Registration Module Pages/Third Screen - Upload Supporting Doc- Preview/Supporting Doc Please Select Drop Down' is clicked on

2018-12-05 12:21:45 - [TEST_STEP][PASSED] - delay: Delayed 3 second(s)

2018-12-05 12:21:48 - [MESSAGE][PASSED] - Delayed 3 second(s)

2018-12-05 12:21:48 - [TEST_STEP][PASSED] - click: Object: 'Object Repository/Final Object Repo/New Registration - Registration Module Pages/Third Screen - Upload Supporting Doc- Preview/Select to Upload Borang SIP 2' is clicked on

2018-12-05 12:21:48 - [MESSAGE][PASSED] - Object: 'Object Repository/Final Object Repo/New Registration - Registration Module Pages/Third Screen - Upload Supporting Doc- Preview/Select to Upload Borang SIP 2' is clicked on

2018-12-05 12:21:48 - [TEST_STEP][PASSED] - delay: Delayed 2 second(s)

2018-12-05 12:21:50 - [MESSAGE][PASSED] - Delayed 2 second(s)

2018-12-05 12:21:50 - [TEST_STEP][PASSED] - uploadFile: File 'C:\Users\Public\Pictures\Sample Pictures\Koala.jpg' sent to object: 'Object Repository/Final Object Repo/New Registration - Registration Module Pages/Third Screen - Upload Supporting Doc- Preview/Upload File Adding'

2018-12-05 12:21:50 - [MESSAGE][PASSED] - File 'C:\Users\Public\Pictures\Sample Pictures\Koala.jpg' sent to object: 'Object Repository/Final Object Repo/New Registration - Registration Module Pages/Third Screen - Upload Supporting Doc- Preview/Upload File Adding'

2018-12-05 12:21:50 - [TEST_STEP][PASSED] - delay: Delayed 5 second(s)

2018-12-05 12:21:55 - [MESSAGE][PASSED] - Delayed 5 second(s)

2018-12-05 12:21:55 - [TEST_STEP][PASSED] - click: Object: 'Object Repository/Final Object Repo/New Registration - Registration Module Pages/Third Screen - Upload Supporting Doc- Preview/Inner Form Add Document Button' is clicked on

2018-12-05 12:21:55 - [MESSAGE][PASSED] - Object: 'Object Repository/Final Object Repo/New Registration - Registration Module Pages/Third Screen - Upload Supporting Doc- Preview/Inner Form Add Document Button' is clicked on

2018-12-05 12:21:55 - [TEST_STEP][PASSED] - delay: Delayed 3 second(s)

2018-12-05 12:21:58 - [MESSAGE][PASSED] - Delayed 3 second(s)

2018-12-05 12:21:58 - [TEST_STEP][PASSED] - waitForElementClickable: Object 'Object Repository/Final Object Repo/New Registration - Registration Module Pages/Third Screen - Upload Supporting Doc- Preview/Save n Continue in Uploading Supporting Doc Page' is clickable

2018-12-05 12:21:59 - [MESSAGE][PASSED] - Object 'Object Repository/Final Object Repo/New Registration - Registration Module Pages/Third Screen - Upload Supporting Doc- Preview/Save n Continue in Uploading Supporting Doc Page' is clickable

2018-12-05 12:21:59 - [TEST_STEP][PASSED] - click: Object: 'Object Repository/Final Object Repo/New Registration - Registration Module Pages/Third Screen - Upload Supporting Doc- Preview/Save n Continue in Uploading Supporting Doc Page' is clicked on

2018-12-05 12:21:59 - [MESSAGE][PASSED] - Object: 'Object Repository/Final Object Repo/New Registration - Registration Module Pages/Third Screen - Upload Supporting Doc- Preview/Save n Continue in Uploading Supporting Doc Page' is clicked on

2018-12-05 12:21:59 - [MESSAGE][PASSED] - Call Test Case 'Test Cases/Final Aug 2018 - PKS Automation/Registration Module/New Registration/Flow of New Registration/Third Screen - Upload Supporting Doc - Preview' successfully

2018-12-05 12:21:59 - [TEST_STEP][PASSED] - callTestCase: Call Test Case 'Test Cases/Final Aug 2018 - PKS Automation/Registration Module/New Registration/Submit and Screenshot/Submit Registration and Screenshot' successfully

2018-12-05 12:21:59 - [TEST_CASE][PASSED] - Test Cases/Final Aug 2018 - PKS Automation/Registration Module/New Registration/Submit and Screenshot/Submit Registration and Screenshot: Test Cases/Final Aug 2018 - PKS Automation/Registration Module/New Registration/Submit and Screenshot/Submit Registration and Screenshot

2018-12-05 12:21:59 - [TEST_STEP][PASSED] - delay: Delayed 6 second(s)

2018-12-05 12:22:05 - [MESSAGE][PASSED] - Delayed 6 second(s)

2018-12-05 12:22:05 - [TEST_STEP][PASSED] - click: Object: 'Object Repository/Final Object Repo/New Registration - Registration Module Pages/Third Screen - Upload Supporting Doc- Preview/Preview Submit Button' is clicked on

2018-12-05 12:22:06 - [MESSAGE][PASSED] - Object: 'Object Repository/Final Object Repo/New Registration - Registration Module Pages/Third Screen - Upload Supporting Doc- Preview/Preview Submit Button' is clicked on

2018-12-05 12:22:06 - [TEST_STEP][PASSED] - delay: Delayed 2 second(s)

2018-12-05 12:22:08 - [MESSAGE][PASSED] - Delayed 2 second(s)

2018-12-05 12:22:08 - [TEST_STEP][PASSED] - click: Object: 'Object Repository/Final Object Repo/New Registration - Registration Module Pages/Third Screen - Upload Supporting Doc- Preview/Preview Submit - Confirm' is clicked on

2018-12-05 12:22:08 - [MESSAGE][PASSED] - Object: 'Object Repository/Final Object Repo/New Registration - Registration Module Pages/Third Screen - Upload Supporting Doc- Preview/Preview Submit - Confirm' is clicked on

2018-12-05 12:22:08 - [TEST_STEP][PASSED] - delay: Delayed 15 second(s)

2018-12-05 12:22:23 - [MESSAGE][PASSED] - Delayed 15 second(s)

2018-12-05 12:22:23 - [TEST_STEP][PASSED] - Statement - driver = com.kms.katalon.core.webui.driver.DriverFactory.getWebDriver(): null

2018-12-05 12:22:23 - [TEST_STEP][PASSED] - Statement - driver.manage().timeouts().implicitlyWait(10, SECONDS): null

2018-12-05 12:22:23 - [TEST_STEP][PASSED] - Statement - PresavePath = KatalonScreenshots: null

2018-12-05 12:22:23 - [TEST_STEP][PASSED] - Statement - pathPrefix = "C:\Users\Public\Pictures\Sample Pictures\Katalon Screenshots\Automate Ending Screen": null

2018-12-05 12:22:23 - [TEST_STEP][PASSED] - Statement - finalPath = <not implemented yet for class: org.codehaus.groovy.ast.expr.EmptyExpression>: null

2018-12-05 12:22:23 - [TEST_STEP][PASSED] - Statement - scrFile = driver.getScreenshotAs(FILE): null

2018-12-05 12:22:23 - [TEST_STEP][PASSED] - Statement - PreSaveFile = new java.io.File(PresavePath): null

2018-12-05 12:22:23 - [TEST_STEP][PASSED] - Statement - counter = 0: null

2018-12-05 12:22:23 - [TEST_STEP][PASSED] - Statement - If (PreSaveFile.exists()): null

2018-12-05 12:22:23 - [TEST_STEP][PASSED] - Statement - While (PreSaveFile.exists()): null

2018-12-05 12:22:23 - [TEST_STEP][PASSED] - Statement - counter = counter + 1: null

2018-12-05 12:22:23 - [TEST_STEP][PASSED] - Statement - PreSaveFile = new java.io.File(((pathPrefix + java.lang.Integer.toString(counter)) + .png)): null

2018-12-05 12:22:23 - [TEST_STEP][PASSED] - Statement - counter = counter + 1: null

2018-12-05 12:22:23 - [TEST_STEP][PASSED] - Statement - PreSaveFile = new java.io.File(((pathPrefix + java.lang.Integer.toString(counter)) + .png)): null

2018-12-05 12:22:23 - [TEST_STEP][PASSED] - Statement - counter = counter + 1: null

2018-12-05 12:22:23 - [TEST_STEP][PASSED] - Statement - PreSaveFile = new java.io.File(((pathPrefix + java.lang.Integer.toString(counter)) + .png)): null

2018-12-05 12:22:23 - [TEST_STEP][PASSED] - Statement - counter = counter + 1: null

2018-12-05 12:22:23 - [TEST_STEP][PASSED] - Statement - PreSaveFile = new java.io.File(((pathPrefix + java.lang.Integer.toString(counter)) + .png)): null

2018-12-05 12:22:23 - [TEST_STEP][PASSED] - Statement - counter = counter + 1: null

2018-12-05 12:22:23 - [TEST_STEP][PASSED] - Statement - PreSaveFile = new java.io.File(((pathPrefix + java.lang.Integer.toString(counter)) + .png)): null

2018-12-05 12:22:23 - [TEST_STEP][PASSED] - Statement - counter = counter + 1: null

2018-12-05 12:22:23 - [TEST_STEP][PASSED] - Statement - PreSaveFile = new java.io.File(((pathPrefix + java.lang.Integer.toString(counter)) + .png)): null

2018-12-05 12:22:23 - [TEST_STEP][PASSED] - Statement - counter = counter + 1: null

2018-12-05 12:22:23 - [TEST_STEP][PASSED] - Statement - PreSaveFile = new java.io.File(((pathPrefix + java.lang.Integer.toString(counter)) + .png)): null

2018-12-05 12:22:23 - [TEST_STEP][PASSED] - Statement - counter = counter + 1: null

2018-12-05 12:22:23 - [TEST_STEP][PASSED] - Statement - PreSaveFile = new java.io.File(((pathPrefix + java.lang.Integer.toString(counter)) + .png)): null

2018-12-05 12:22:23 - [TEST_STEP][PASSED] - Statement - counter = counter + 1: null

2018-12-05 12:22:23 - [TEST_STEP][PASSED] - Statement - PreSaveFile = new java.io.File(((pathPrefix + java.lang.Integer.toString(counter)) + .png)): null

2018-12-05 12:22:23 - [TEST_STEP][PASSED] - Statement - counter = counter + 1: null

2018-12-05 12:22:23 - [TEST_STEP][PASSED] - Statement - PreSaveFile = new java.io.File(((pathPrefix + java.lang.Integer.toString(counter)) + .png)): null

2018-12-05 12:22:23 - [TEST_STEP][PASSED] - Statement - counter = counter + 1: null

2018-12-05 12:22:23 - [TEST_STEP][PASSED] - Statement - PreSaveFile = new java.io.File(((pathPrefix + java.lang.Integer.toString(counter)) + .png)): null

2018-12-05 12:22:23 - [TEST_STEP][PASSED] - Statement - counter = counter + 1: null

2018-12-05 12:22:23 - [TEST_STEP][PASSED] - Statement - PreSaveFile = new java.io.File(((pathPrefix + java.lang.Integer.toString(counter)) + .png)): null

2018-12-05 12:22:23 - [TEST_STEP][PASSED] - Statement - counter = counter + 1: null

2018-12-05 12:22:23 - [TEST_STEP][PASSED] - Statement - PreSaveFile = new java.io.File(((pathPrefix + java.lang.Integer.toString(counter)) + .png)): null

2018-12-05 12:22:23 - [TEST_STEP][PASSED] - Statement - counter = counter + 1: null

2018-12-05 12:22:23 - [TEST_STEP][PASSED] - Statement - PreSaveFile = new java.io.File(((pathPrefix + java.lang.Integer.toString(counter)) + .png)): null

2018-12-05 12:22:23 - [TEST_STEP][PASSED] - Statement - counter = counter + 1: null

2018-12-05 12:22:23 - [TEST_STEP][PASSED] - Statement - PreSaveFile = new java.io.File(((pathPrefix + java.lang.Integer.toString(counter)) + .png)): null

2018-12-05 12:22:23 - [TEST_STEP][PASSED] - Statement - counter = counter + 1: null

2018-12-05 12:22:23 - [TEST_STEP][PASSED] - Statement - PreSaveFile = new java.io.File(((pathPrefix + java.lang.Integer.toString(counter)) + .png)): null

2018-12-05 12:22:23 - [TEST_STEP][PASSED] - Statement - counter = counter + 1: null

2018-12-05 12:22:24 - [TEST_STEP][PASSED] - Statement - PreSaveFile = new java.io.File(((pathPrefix + java.lang.Integer.toString(counter)) + .png)): null

2018-12-05 12:22:24 - [TEST_STEP][PASSED] - Statement - counter = counter + 1: null

2018-12-05 12:22:24 - [TEST_STEP][PASSED] - Statement - PreSaveFile = new java.io.File(((pathPrefix + java.lang.Integer.toString(counter)) + .png)): null

2018-12-05 12:22:24 - [TEST_STEP][PASSED] - Statement - counter = counter + 1: null

2018-12-05 12:22:24 - [TEST_STEP][PASSED] - Statement - PreSaveFile = new java.io.File(((pathPrefix + java.lang.Integer.toString(counter)) + .png)): null

2018-12-05 12:22:24 - [TEST_STEP][PASSED] - Statement - counter = counter + 1: null

2018-12-05 12:22:24 - [TEST_STEP][PASSED] - Statement - PreSaveFile = new java.io.File(((pathPrefix + java.lang.Integer.toString(counter)) + .png)): null

2018-12-05 12:22:24 - [TEST_STEP][PASSED] - Statement - counter = counter + 1: null

2018-12-05 12:22:24 - [TEST_STEP][PASSED] - Statement - PreSaveFile = new java.io.File(((pathPrefix + java.lang.Integer.toString(counter)) + .png)): null

2018-12-05 12:22:24 - [TEST_STEP][PASSED] - Statement - counter = counter + 1: null

2018-12-05 12:22:24 - [TEST_STEP][PASSED] - Statement - PreSaveFile = new java.io.File(((pathPrefix + java.lang.Integer.toString(counter)) + .png)): null

2018-12-05 12:22:24 - [TEST_STEP][PASSED] - Statement - counter = counter + 1: null

2018-12-05 12:22:24 - [TEST_STEP][PASSED] - Statement - PreSaveFile = new java.io.File(((pathPrefix + java.lang.Integer.toString(counter)) + .png)): null

2018-12-05 12:22:24 - [TEST_STEP][PASSED] - Statement - counter = counter + 1: null

2018-12-05 12:22:24 - [TEST_STEP][PASSED] - Statement - PreSaveFile = new java.io.File(((pathPrefix + java.lang.Integer.toString(counter)) + .png)): null

2018-12-05 12:22:24 - [TEST_STEP][PASSED] - Statement - counter = counter + 1: null

2018-12-05 12:22:24 - [TEST_STEP][PASSED] - Statement - PreSaveFile = new java.io.File(((pathPrefix + java.lang.Integer.toString(counter)) + .png)): null

2018-12-05 12:22:24 - [TEST_STEP][PASSED] - Statement - counter = counter + 1: null

2018-12-05 12:22:24 - [TEST_STEP][PASSED] - Statement - PreSaveFile = new java.io.File(((pathPrefix + java.lang.Integer.toString(counter)) + .png)): null

2018-12-05 12:22:24 - [TEST_STEP][PASSED] - Statement - counter = counter + 1: null

2018-12-05 12:22:24 - [TEST_STEP][PASSED] - Statement - PreSaveFile = new java.io.File(((pathPrefix + java.lang.Integer.toString(counter)) + .png)): null

2018-12-05 12:22:24 - [TEST_STEP][PASSED] - Statement - counter = counter + 1: null

2018-12-05 12:22:24 - [TEST_STEP][PASSED] - Statement - PreSaveFile = new java.io.File(((pathPrefix + java.lang.Integer.toString(counter)) + .png)): null

2018-12-05 12:22:24 - [TEST_STEP][PASSED] - Statement - counter = counter + 1: null

2018-12-05 12:22:24 - [TEST_STEP][PASSED] - Statement - PreSaveFile = new java.io.File(((pathPrefix + java.lang.Integer.toString(counter)) + .png)): null

2018-12-05 12:22:24 - [TEST_STEP][PASSED] - Statement - counter = counter + 1: null

2018-12-05 12:22:24 - [TEST_STEP][PASSED] - Statement - PreSaveFile = new java.io.File(((pathPrefix + java.lang.Integer.toString(counter)) + .png)): null

2018-12-05 12:22:24 - [TEST_STEP][PASSED] - Statement - counter = counter + 1: null

2018-12-05 12:22:24 - [TEST_STEP][PASSED] - Statement - PreSaveFile = new java.io.File(((pathPrefix + java.lang.Integer.toString(counter)) + .png)): null

2018-12-05 12:22:24 - [TEST_STEP][PASSED] - Statement - counter = counter + 1: null

2018-12-05 12:22:24 - [TEST_STEP][PASSED] - Statement - PreSaveFile = new java.io.File(((pathPrefix + java.lang.Integer.toString(counter)) + .png)): null

2018-12-05 12:22:24 - [TEST_STEP][PASSED] - Statement - counter = counter + 1: null

2018-12-05 12:22:25 - [TEST_STEP][PASSED] - Statement - PreSaveFile = new java.io.File(((pathPrefix + java.lang.Integer.toString(counter)) + .png)): null

2018-12-05 12:22:25 - [TEST_STEP][PASSED] - Statement - counter = counter + 1: null

2018-12-05 12:22:25 - [TEST_STEP][PASSED] - Statement - PreSaveFile = new java.io.File(((pathPrefix + java.lang.Integer.toString(counter)) + .png)): null

2018-12-05 12:22:25 - [TEST_STEP][PASSED] - Statement - counter = counter + 1: null

2018-12-05 12:22:25 - [TEST_STEP][PASSED] - Statement - PreSaveFile = new java.io.File(((pathPrefix + java.lang.Integer.toString(counter)) + .png)): null

2018-12-05 12:22:25 - [TEST_STEP][PASSED] - Statement - counter = counter + 1: null

2018-12-05 12:22:25 - [TEST_STEP][PASSED] - Statement - PreSaveFile = new java.io.File(((pathPrefix + java.lang.Integer.toString(counter)) + .png)): null

2018-12-05 12:22:25 - [TEST_STEP][PASSED] - Statement - counter = counter + 1: null

2018-12-05 12:22:25 - [TEST_STEP][PASSED] - Statement - PreSaveFile = new java.io.File(((pathPrefix + java.lang.Integer.toString(counter)) + .png)): null

2018-12-05 12:22:25 - [TEST_STEP][PASSED] - Statement - counter = counter + 1: null

2018-12-05 12:22:25 - [TEST_STEP][PASSED] - Statement - PreSaveFile = new java.io.File(((pathPrefix + java.lang.Integer.toString(counter)) + .png)): null

2018-12-05 12:22:25 - [TEST_STEP][PASSED] - Statement - counter = counter + 1: null

2018-12-05 12:22:25 - [TEST_STEP][PASSED] - Statement - PreSaveFile = new java.io.File(((pathPrefix + java.lang.Integer.toString(counter)) + .png)): null

2018-12-05 12:22:25 - [TEST_STEP][PASSED] - Statement - counter = counter + 1: null

2018-12-05 12:22:25 - [TEST_STEP][PASSED] - Statement - PreSaveFile = new java.io.File(((pathPrefix + java.lang.Integer.toString(counter)) + .png)): null

2018-12-05 12:22:25 - [TEST_STEP][PASSED] - Statement - counter = counter + 1: null

2018-12-05 12:22:25 - [TEST_STEP][PASSED] - Statement - PreSaveFile = new java.io.File(((pathPrefix + java.lang.Integer.toString(counter)) + .png)): null

2018-12-05 12:22:25 - [TEST_STEP][PASSED] - Statement - counter = counter + 1: null

2018-12-05 12:22:25 - [TEST_STEP][PASSED] - Statement - PreSaveFile = new java.io.File(((pathPrefix + java.lang.Integer.toString(counter)) + .png)): null

2018-12-05 12:22:25 - [TEST_STEP][PASSED] - Statement - counter = counter + 1: null

2018-12-05 12:22:25 - [TEST_STEP][PASSED] - Statement - PreSaveFile = new java.io.File(((pathPrefix + java.lang.Integer.toString(counter)) + .png)): null

2018-12-05 12:22:25 - [TEST_STEP][PASSED] - Statement - counter = counter + 1: null

2018-12-05 12:22:25 - [TEST_STEP][PASSED] - Statement - PreSaveFile = new java.io.File(((pathPrefix + java.lang.Integer.toString(counter)) + .png)): null

2018-12-05 12:22:25 - [TEST_STEP][PASSED] - Statement - counter = counter + 1: null

2018-12-05 12:22:25 - [TEST_STEP][PASSED] - Statement - PreSaveFile = new java.io.File(((pathPrefix + java.lang.Integer.toString(counter)) + .png)): null

2018-12-05 12:22:25 - [TEST_STEP][PASSED] - Statement - counter = counter + 1: null

2018-12-05 12:22:25 - [TEST_STEP][PASSED] - Statement - PreSaveFile = new java.io.File(((pathPrefix + java.lang.Integer.toString(counter)) + .png)): null

2018-12-05 12:22:25 - [TEST_STEP][PASSED] - Statement - counter = counter + 1: null

2018-12-05 12:22:25 - [TEST_STEP][PASSED] - Statement - PreSaveFile = new java.io.File(((pathPrefix + java.lang.Integer.toString(counter)) + .png)): null

2018-12-05 12:22:25 - [TEST_STEP][PASSED] - Statement - counter = counter + 1: null

2018-12-05 12:22:25 - [TEST_STEP][PASSED] - Statement - PreSaveFile = new java.io.File(((pathPrefix + java.lang.Integer.toString(counter)) + .png)): null

2018-12-05 12:22:25 - [TEST_STEP][PASSED] - Statement - counter = counter + 1: null

2018-12-05 12:22:25 - [TEST_STEP][PASSED] - Statement - PreSaveFile = new java.io.File(((pathPrefix + java.lang.Integer.toString(counter)) + .png)): null

2018-12-05 12:22:25 - [TEST_STEP][PASSED] - Statement - counter = counter + 1: null

2018-12-05 12:22:25 - [TEST_STEP][PASSED] - Statement - PreSaveFile = new java.io.File(((pathPrefix + java.lang.Integer.toString(counter)) + .png)): null

2018-12-05 12:22:25 - [TEST_STEP][PASSED] - Statement - counter = counter + 1: null

2018-12-05 12:22:25 - [TEST_STEP][PASSED] - Statement - PreSaveFile = new java.io.File(((pathPrefix + java.lang.Integer.toString(counter)) + .png)): null

2018-12-05 12:22:25 - [TEST_STEP][PASSED] - Statement - counter = counter + 1: null

2018-12-05 12:22:25 - [TEST_STEP][PASSED] - Statement - PreSaveFile = new java.io.File(((pathPrefix + java.lang.Integer.toString(counter)) + .png)): null

2018-12-05 12:22:26 - [TEST_STEP][PASSED] - Statement - counter = counter + 1: null

2018-12-05 12:22:26 - [TEST_STEP][PASSED] - Statement - PreSaveFile = new java.io.File(((pathPrefix + java.lang.Integer.toString(counter)) + .png)): null

2018-12-05 12:22:26 - [TEST_STEP][PASSED] - Statement - counter = counter + 1: null

2018-12-05 12:22:26 - [TEST_STEP][PASSED] - Statement - PreSaveFile = new java.io.File(((pathPrefix + java.lang.Integer.toString(counter)) + .png)): null

2018-12-05 12:22:26 - [TEST_STEP][PASSED] - Statement - counter = counter + 1: null

2018-12-05 12:22:26 - [TEST_STEP][PASSED] - Statement - PreSaveFile = new java.io.File(((pathPrefix + java.lang.Integer.toString(counter)) + .png)): null

2018-12-05 12:22:26 - [TEST_STEP][PASSED] - Statement - counter = counter + 1: null

2018-12-05 12:22:26 - [TEST_STEP][PASSED] - Statement - PreSaveFile = new java.io.File(((pathPrefix + java.lang.Integer.toString(counter)) + .png)): null

2018-12-05 12:22:26 - [TEST_STEP][PASSED] - Statement - counter = counter + 1: null

2018-12-05 12:22:26 - [TEST_STEP][PASSED] - Statement - PreSaveFile = new java.io.File(((pathPrefix + java.lang.Integer.toString(counter)) + .png)): null

2018-12-05 12:22:26 - [TEST_STEP][PASSED] - Statement - counter = counter + 1: null

2018-12-05 12:22:26 - [TEST_STEP][PASSED] - Statement - PreSaveFile = new java.io.File(((pathPrefix + java.lang.Integer.toString(counter)) + .png)): null

2018-12-05 12:22:26 - [TEST_STEP][PASSED] - Statement - counter = counter + 1: null

2018-12-05 12:22:26 - [TEST_STEP][PASSED] - Statement - PreSaveFile = new java.io.File(((pathPrefix + java.lang.Integer.toString(counter)) + .png)): null

2018-12-05 12:22:26 - [TEST_STEP][PASSED] - Statement - counter = counter + 1: null

2018-12-05 12:22:26 - [TEST_STEP][PASSED] - Statement - PreSaveFile = new java.io.File(((pathPrefix + java.lang.Integer.toString(counter)) + .png)): null

2018-12-05 12:22:26 - [TEST_STEP][PASSED] - Statement - counter = counter + 1: null

2018-12-05 12:22:26 - [TEST_STEP][PASSED] - Statement - PreSaveFile = new java.io.File(((pathPrefix + java.lang.Integer.toString(counter)) + .png)): null

2018-12-05 12:22:26 - [TEST_STEP][PASSED] - Statement - counter = counter + 1: null

2018-12-05 12:22:26 - [TEST_STEP][PASSED] - Statement - PreSaveFile = new java.io.File(((pathPrefix + java.lang.Integer.toString(counter)) + .png)): null

2018-12-05 12:22:26 - [TEST_STEP][PASSED] - Statement - counter = counter + 1: null

2018-12-05 12:22:26 - [TEST_STEP][PASSED] - Statement - PreSaveFile = new java.io.File(((pathPrefix + java.lang.Integer.toString(counter)) + .png)): null

2018-12-05 12:22:26 - [TEST_STEP][PASSED] - Statement - counter = counter + 1: null

2018-12-05 12:22:26 - [TEST_STEP][PASSED] - Statement - PreSaveFile = new java.io.File(((pathPrefix + java.lang.Integer.toString(counter)) + .png)): null

2018-12-05 12:22:26 - [TEST_STEP][PASSED] - Statement - counter = counter + 1: null

2018-12-05 12:22:26 - [TEST_STEP][PASSED] - Statement - PreSaveFile = new java.io.File(((pathPrefix + java.lang.Integer.toString(counter)) + .png)): null

2018-12-05 12:22:26 - [TEST_STEP][PASSED] - Statement - counter = counter + 1: null

2018-12-05 12:22:26 - [TEST_STEP][PASSED] - Statement - PreSaveFile = new java.io.File(((pathPrefix + java.lang.Integer.toString(counter)) + .png)): null

2018-12-05 12:22:27 - [TEST_STEP][PASSED] - Statement - counter = counter + 1: null

2018-12-05 12:22:27 - [TEST_STEP][PASSED] - Statement - PreSaveFile = new java.io.File(((pathPrefix + java.lang.Integer.toString(counter)) + .png)): null

2018-12-05 12:22:27 - [TEST_STEP][PASSED] - Statement - counter = counter + 1: null

2018-12-05 12:22:27 - [TEST_STEP][PASSED] - Statement - PreSaveFile = new java.io.File(((pathPrefix + java.lang.Integer.toString(counter)) + .png)): null

2018-12-05 12:22:27 - [TEST_STEP][PASSED] - Statement - counter = counter + 1: null

2018-12-05 12:22:27 - [TEST_STEP][PASSED] - Statement - PreSaveFile = new java.io.File(((pathPrefix + java.lang.Integer.toString(counter)) + .png)): null

2018-12-05 12:22:27 - [TEST_STEP][PASSED] - Statement - counter = counter + 1: null

2018-12-05 12:22:27 - [TEST_STEP][PASSED] - Statement - PreSaveFile = new java.io.File(((pathPrefix + java.lang.Integer.toString(counter)) + .png)): null

2018-12-05 12:22:27 - [TEST_STEP][PASSED] - Statement - counter = counter + 1: null

2018-12-05 12:22:27 - [TEST_STEP][PASSED] - Statement - PreSaveFile = new java.io.File(((pathPrefix + java.lang.Integer.toString(counter)) + .png)): null

2018-12-05 12:22:27 - [TEST_STEP][PASSED] - Statement - counter = counter + 1: null

2018-12-05 12:22:27 - [TEST_STEP][PASSED] - Statement - PreSaveFile = new java.io.File(((pathPrefix + java.lang.Integer.toString(counter)) + .png)): null

2018-12-05 12:22:27 - [TEST_STEP][PASSED] - Statement - counter = counter + 1: null

2018-12-05 12:22:27 - [TEST_STEP][PASSED] - Statement - PreSaveFile = new java.io.File(((pathPrefix + java.lang.Integer.toString(counter)) + .png)): null

2018-12-05 12:22:27 - [TEST_STEP][PASSED] - Statement - counter = counter + 1: null

2018-12-05 12:22:27 - [TEST_STEP][PASSED] - Statement - PreSaveFile = new java.io.File(((pathPrefix + java.lang.Integer.toString(counter)) + .png)): null

2018-12-05 12:22:27 - [TEST_STEP][PASSED] - Statement - counter = counter + 1: null

2018-12-05 12:22:27 - [TEST_STEP][PASSED] - Statement - PreSaveFile = new java.io.File(((pathPrefix + java.lang.Integer.toString(counter)) + .png)): null

2018-12-05 12:22:27 - [TEST_STEP][PASSED] - Statement - counter = counter + 1: null

2018-12-05 12:22:27 - [TEST_STEP][PASSED] - Statement - PreSaveFile = new java.io.File(((pathPrefix + java.lang.Integer.toString(counter)) + .png)): null

2018-12-05 12:22:27 - [TEST_STEP][PASSED] - Statement - counter = counter + 1: null

2018-12-05 12:22:27 - [TEST_STEP][PASSED] - Statement - PreSaveFile = new java.io.File(((pathPrefix + java.lang.Integer.toString(counter)) + .png)): null

2018-12-05 12:22:27 - [TEST_STEP][PASSED] - Statement - counter = counter + 1: null

2018-12-05 12:22:27 - [TEST_STEP][PASSED] - Statement - PreSaveFile = new java.io.File(((pathPrefix + java.lang.Integer.toString(counter)) + .png)): null

2018-12-05 12:22:27 - [TEST_STEP][PASSED] - Statement - counter = counter + 1: null

2018-12-05 12:22:27 - [TEST_STEP][PASSED] - Statement - PreSaveFile = new java.io.File(((pathPrefix + java.lang.Integer.toString(counter)) + .png)): null

2018-12-05 12:22:27 - [TEST_STEP][PASSED] - Statement - counter = counter + 1: null

2018-12-05 12:22:27 - [TEST_STEP][PASSED] - Statement - PreSaveFile = new java.io.File(((pathPrefix + java.lang.Integer.toString(counter)) + .png)): null

2018-12-05 12:22:27 - [TEST_STEP][PASSED] - Statement - counter = counter + 1: null

2018-12-05 12:22:28 - [TEST_STEP][PASSED] - Statement - PreSaveFile = new java.io.File(((pathPrefix + java.lang.Integer.toString(counter)) + .png)): null

2018-12-05 12:22:28 - [TEST_STEP][PASSED] - Statement - counter = counter + 1: null

2018-12-05 12:22:28 - [TEST_STEP][PASSED] - Statement - PreSaveFile = new java.io.File(((pathPrefix + java.lang.Integer.toString(counter)) + .png)): null

2018-12-05 12:22:28 - [TEST_STEP][PASSED] - Statement - counter = counter + 1: null

2018-12-05 12:22:28 - [TEST_STEP][PASSED] - Statement - PreSaveFile = new java.io.File(((pathPrefix + java.lang.Integer.toString(counter)) + .png)): null

2018-12-05 12:22:28 - [TEST_STEP][PASSED] - Statement - counter = counter + 1: null

2018-12-05 12:22:28 - [TEST_STEP][PASSED] - Statement - PreSaveFile = new java.io.File(((pathPrefix + java.lang.Integer.toString(counter)) + .png)): null

2018-12-05 12:22:28 - [TEST_STEP][PASSED] - Statement - counter = counter + 1: null

2018-12-05 12:22:28 - [TEST_STEP][PASSED] - Statement - PreSaveFile = new java.io.File(((pathPrefix + java.lang.Integer.toString(counter)) + .png)): null

2018-12-05 12:22:28 - [TEST_STEP][PASSED] - Statement - counter = counter + 1: null

2018-12-05 12:22:28 - [TEST_STEP][PASSED] - Statement - PreSaveFile = new java.io.File(((pathPrefix + java.lang.Integer.toString(counter)) + .png)): null

2018-12-05 12:22:28 - [TEST_STEP][PASSED] - Statement - counter = counter + 1: null

2018-12-05 12:22:28 - [TEST_STEP][PASSED] - Statement - PreSaveFile = new java.io.File(((pathPrefix + java.lang.Integer.toString(counter)) + .png)): null

2018-12-05 12:22:28 - [TEST_STEP][PASSED] - Statement - counter = counter + 1: null

2018-12-05 12:22:28 - [TEST_STEP][PASSED] - Statement - PreSaveFile = new java.io.File(((pathPrefix + java.lang.Integer.toString(counter)) + .png)): null

2018-12-05 12:22:28 - [TEST_STEP][PASSED] - Statement - counter = counter + 1: null

2018-12-05 12:22:28 - [TEST_STEP][PASSED] - Statement - PreSaveFile = new java.io.File(((pathPrefix + java.lang.Integer.toString(counter)) + .png)): null

2018-12-05 12:22:28 - [TEST_STEP][PASSED] - Statement - counter = counter + 1: null

2018-12-05 12:22:28 - [TEST_STEP][PASSED] - Statement - PreSaveFile = new java.io.File(((pathPrefix + java.lang.Integer.toString(counter)) + .png)): null

2018-12-05 12:22:28 - [TEST_STEP][PASSED] - Statement - counter = counter + 1: null

2018-12-05 12:22:28 - [TEST_STEP][PASSED] - Statement - PreSaveFile = new java.io.File(((pathPrefix + java.lang.Integer.toString(counter)) + .png)): null

2018-12-05 12:22:28 - [TEST_STEP][PASSED] - Statement - counter = counter + 1: null

2018-12-05 12:22:28 - [TEST_STEP][PASSED] - Statement - PreSaveFile = new java.io.File(((pathPrefix + java.lang.Integer.toString(counter)) + .png)): null

2018-12-05 12:22:28 - [TEST_STEP][PASSED] - Statement - counter = counter + 1: null

2018-12-05 12:22:28 - [TEST_STEP][PASSED] - Statement - PreSaveFile = new java.io.File(((pathPrefix + java.lang.Integer.toString(counter)) + .png)): null

2018-12-05 12:22:28 - [TEST_STEP][PASSED] - Statement - counter = counter + 1: null

2018-12-05 12:22:28 - [TEST_STEP][PASSED] - Statement - PreSaveFile = new java.io.File(((pathPrefix + java.lang.Integer.toString(counter)) + .png)): null

2018-12-05 12:22:28 - [TEST_STEP][PASSED] - Statement - counter = counter + 1: null

2018-12-05 12:22:28 - [TEST_STEP][PASSED] - Statement - PreSaveFile = new java.io.File(((pathPrefix + java.lang.Integer.toString(counter)) + .png)): null

2018-12-05 12:22:28 - [TEST_STEP][PASSED] - Statement - counter = counter + 1: null

2018-12-05 12:22:28 - [TEST_STEP][PASSED] - Statement - PreSaveFile = new java.io.File(((pathPrefix + java.lang.Integer.toString(counter)) + .png)): null

2018-12-05 12:22:28 - [TEST_STEP][PASSED] - Statement - counter = counter + 1: null

2018-12-05 12:22:28 - [TEST_STEP][PASSED] - Statement - PreSaveFile = new java.io.File(((pathPrefix + java.lang.Integer.toString(counter)) + .png)): null

2018-12-05 12:22:28 - [TEST_STEP][PASSED] - Statement - counter = counter + 1: null

2018-12-05 12:22:28 - [TEST_STEP][PASSED] - Statement - PreSaveFile = new java.io.File(((pathPrefix + java.lang.Integer.toString(counter)) + .png)): null

2018-12-05 12:22:28 - [TEST_STEP][PASSED] - Statement - counter = counter + 1: null

2018-12-05 12:22:28 - [TEST_STEP][PASSED] - Statement - PreSaveFile = new java.io.File(((pathPrefix + java.lang.Integer.toString(counter)) + .png)): null

2018-12-05 12:22:28 - [TEST_STEP][PASSED] - Statement - counter = counter + 1: null

2018-12-05 12:22:28 - [TEST_STEP][PASSED] - Statement - PreSaveFile = new java.io.File(((pathPrefix + java.lang.Integer.toString(counter)) + .png)): null

2018-12-05 12:22:29 - [TEST_STEP][PASSED] - Statement - counter = counter + 1: null

2018-12-05 12:22:29 - [TEST_STEP][PASSED] - Statement - PreSaveFile = new java.io.File(((pathPrefix + java.lang.Integer.toString(counter)) + .png)): null

2018-12-05 12:22:29 - [TEST_STEP][PASSED] - Statement - counter = counter + 1: null

2018-12-05 12:22:29 - [TEST_STEP][PASSED] - Statement - PreSaveFile = new java.io.File(((pathPrefix + java.lang.Integer.toString(counter)) + .png)): null

2018-12-05 12:22:29 - [TEST_STEP][PASSED] - Statement - counter = counter + 1: null

2018-12-05 12:22:29 - [TEST_STEP][PASSED] - Statement - PreSaveFile = new java.io.File(((pathPrefix + java.lang.Integer.toString(counter)) + .png)): null

2018-12-05 12:22:29 - [TEST_STEP][PASSED] - Statement - counter = counter + 1: null

2018-12-05 12:22:29 - [TEST_STEP][PASSED] - Statement - PreSaveFile = new java.io.File(((pathPrefix + java.lang.Integer.toString(counter)) + .png)): null

2018-12-05 12:22:29 - [TEST_STEP][PASSED] - Statement - counter = counter + 1: null

2018-12-05 12:22:29 - [TEST_STEP][PASSED] - Statement - PreSaveFile = new java.io.File(((pathPrefix + java.lang.Integer.toString(counter)) + .png)): null

2018-12-05 12:22:29 - [TEST_STEP][PASSED] - Statement - counter = counter + 1: null

2018-12-05 12:22:29 - [TEST_STEP][PASSED] - Statement - PreSaveFile = new java.io.File(((pathPrefix + java.lang.Integer.toString(counter)) + .png)): null

2018-12-05 12:22:29 - [TEST_STEP][PASSED] - Statement - counter = counter + 1: null

2018-12-05 12:22:29 - [TEST_STEP][PASSED] - Statement - PreSaveFile = new java.io.File(((pathPrefix + java.lang.Integer.toString(counter)) + .png)): null

2018-12-05 12:22:29 - [TEST_STEP][PASSED] - Statement - counter = counter + 1: null

2018-12-05 12:22:29 - [TEST_STEP][PASSED] - Statement - PreSaveFile = new java.io.File(((pathPrefix + java.lang.Integer.toString(counter)) + .png)): null

2018-12-05 12:22:29 - [TEST_STEP][PASSED] - Statement - counter = counter + 1: null

2018-12-05 12:22:29 - [TEST_STEP][PASSED] - Statement - PreSaveFile = new java.io.File(((pathPrefix + java.lang.Integer.toString(counter)) + .png)): null

2018-12-05 12:22:29 - [TEST_STEP][PASSED] - Statement - counter = counter + 1: null

2018-12-05 12:22:29 - [TEST_STEP][PASSED] - Statement - PreSaveFile = new java.io.File(((pathPrefix + java.lang.Integer.toString(counter)) + .png)): null

2018-12-05 12:22:29 - [TEST_STEP][PASSED] - Statement - counter = counter + 1: null

2018-12-05 12:22:29 - [TEST_STEP][PASSED] - Statement - PreSaveFile = new java.io.File(((pathPrefix + java.lang.Integer.toString(counter)) + .png)): null

2018-12-05 12:22:29 - [TEST_STEP][PASSED] - Statement - counter = counter + 1: null

2018-12-05 12:22:29 - [TEST_STEP][PASSED] - Statement - PreSaveFile = new java.io.File(((pathPrefix + java.lang.Integer.toString(counter)) + .png)): null

2018-12-05 12:22:29 - [TEST_STEP][PASSED] - Statement - counter = counter + 1: null

2018-12-05 12:22:29 - [TEST_STEP][PASSED] - Statement - PreSaveFile = new java.io.File(((pathPrefix + java.lang.Integer.toString(counter)) + .png)): null

2018-12-05 12:22:29 - [TEST_STEP][PASSED] - Statement - counter = counter + 1: null

2018-12-05 12:22:29 - [TEST_STEP][PASSED] - Statement - PreSaveFile = new java.io.File(((pathPrefix + java.lang.Integer.toString(counter)) + .png)): null

2018-12-05 12:22:30 - [TEST_STEP][PASSED] - Statement - counter = counter + 1: null

2018-12-05 12:22:30 - [TEST_STEP][PASSED] - Statement - PreSaveFile = new java.io.File(((pathPrefix + java.lang.Integer.toString(counter)) + .png)): null

2018-12-05 12:22:30 - [TEST_STEP][PASSED] - Statement - counter = counter + 1: null

2018-12-05 12:22:30 - [TEST_STEP][PASSED] - Statement - PreSaveFile = new java.io.File(((pathPrefix + java.lang.Integer.toString(counter)) + .png)): null

2018-12-05 12:22:30 - [TEST_STEP][PASSED] - Statement - counter = counter + 1: null

2018-12-05 12:22:30 - [TEST_STEP][PASSED] - Statement - PreSaveFile = new java.io.File(((pathPrefix + java.lang.Integer.toString(counter)) + .png)): null

2018-12-05 12:22:30 - [TEST_STEP][PASSED] - Statement - counter = counter + 1: null

2018-12-05 12:22:30 - [TEST_STEP][PASSED] - Statement - PreSaveFile = new java.io.File(((pathPrefix + java.lang.Integer.toString(counter)) + .png)): null

2018-12-05 12:22:30 - [TEST_STEP][PASSED] - Statement - counter = counter + 1: null

2018-12-05 12:22:30 - [TEST_STEP][PASSED] - Statement - PreSaveFile = new java.io.File(((pathPrefix + java.lang.Integer.toString(counter)) + .png)): null

2018-12-05 12:22:30 - [TEST_STEP][PASSED] - Statement - counter = counter + 1: null

2018-12-05 12:22:30 - [TEST_STEP][PASSED] - Statement - PreSaveFile = new java.io.File(((pathPrefix + java.lang.Integer.toString(counter)) + .png)): null

2018-12-05 12:22:30 - [TEST_STEP][PASSED] - Statement - counter = counter + 1: null

2018-12-05 12:22:30 - [TEST_STEP][PASSED] - Statement - PreSaveFile = new java.io.File(((pathPrefix + java.lang.Integer.toString(counter)) + .png)): null

2018-12-05 12:22:30 - [TEST_STEP][PASSED] - Statement - counter = counter + 1: null

2018-12-05 12:22:30 - [TEST_STEP][PASSED] - Statement - PreSaveFile = new java.io.File(((pathPrefix + java.lang.Integer.toString(counter)) + .png)): null

2018-12-05 12:22:30 - [TEST_STEP][PASSED] - Statement - counter = counter + 1: null

2018-12-05 12:22:30 - [TEST_STEP][PASSED] - Statement - PreSaveFile = new java.io.File(((pathPrefix + java.lang.Integer.toString(counter)) + .png)): null

2018-12-05 12:22:30 - [TEST_STEP][PASSED] - Statement - counter = counter + 1: null

2018-12-05 12:22:30 - [TEST_STEP][PASSED] - Statement - PreSaveFile = new java.io.File(((pathPrefix + java.lang.Integer.toString(counter)) + .png)): null

2018-12-05 12:22:30 - [TEST_STEP][PASSED] - Statement - counter = counter + 1: null

2018-12-05 12:22:30 - [TEST_STEP][PASSED] - Statement - PreSaveFile = new java.io.File(((pathPrefix + java.lang.Integer.toString(counter)) + .png)): null

2018-12-05 12:22:30 - [TEST_STEP][PASSED] - Statement - counter = counter + 1: null

2018-12-05 12:22:30 - [TEST_STEP][PASSED] - Statement - PreSaveFile = new java.io.File(((pathPrefix + java.lang.Integer.toString(counter)) + .png)): null

2018-12-05 12:22:30 - [TEST_STEP][PASSED] - Statement - counter = counter + 1: null

2018-12-05 12:22:30 - [TEST_STEP][PASSED] - Statement - PreSaveFile = new java.io.File(((pathPrefix + java.lang.Integer.toString(counter)) + .png)): null

2018-12-05 12:22:30 - [TEST_STEP][PASSED] - Statement - counter = counter + 1: null

2018-12-05 12:22:30 - [TEST_STEP][PASSED] - Statement - PreSaveFile = new java.io.File(((pathPrefix + java.lang.Integer.toString(counter)) + .png)): null

2018-12-05 12:22:30 - [TEST_STEP][PASSED] - Statement - counter = counter + 1: null

2018-12-05 12:22:31 - [TEST_STEP][PASSED] - Statement - PreSaveFile = new java.io.File(((pathPrefix + java.lang.Integer.toString(counter)) + .png)): null

2018-12-05 12:22:31 - [TEST_STEP][PASSED] - Statement - counter = counter + 1: null

2018-12-05 12:22:31 - [TEST_STEP][PASSED] - Statement - PreSaveFile = new java.io.File(((pathPrefix + java.lang.Integer.toString(counter)) + .png)): null

2018-12-05 12:22:31 - [TEST_STEP][PASSED] - Statement - counter = counter + 1: null

2018-12-05 12:22:31 - [TEST_STEP][PASSED] - Statement - PreSaveFile = new java.io.File(((pathPrefix + java.lang.Integer.toString(counter)) + .png)): null

2018-12-05 12:22:31 - [TEST_STEP][PASSED] - Statement - counter = counter + 1: null

2018-12-05 12:22:31 - [TEST_STEP][PASSED] - Statement - PreSaveFile = new java.io.File(((pathPrefix + java.lang.Integer.toString(counter)) + .png)): null

2018-12-05 12:22:31 - [TEST_STEP][PASSED] - Statement - counter = counter + 1: null

2018-12-05 12:22:31 - [TEST_STEP][PASSED] - Statement - PreSaveFile = new java.io.File(((pathPrefix + java.lang.Integer.toString(counter)) + .png)): null

2018-12-05 12:22:31 - [TEST_STEP][PASSED] - Statement - counter = counter + 1: null

2018-12-05 12:22:31 - [TEST_STEP][PASSED] - Statement - PreSaveFile = new java.io.File(((pathPrefix + java.lang.Integer.toString(counter)) + .png)): null

2018-12-05 12:22:31 - [TEST_STEP][PASSED] - Statement - counter = counter + 1: null

2018-12-05 12:22:31 - [TEST_STEP][PASSED] - Statement - PreSaveFile = new java.io.File(((pathPrefix + java.lang.Integer.toString(counter)) + .png)): null

2018-12-05 12:22:31 - [TEST_STEP][PASSED] - Statement - counter = counter + 1: null

2018-12-05 12:22:31 - [TEST_STEP][PASSED] - Statement - PreSaveFile = new java.io.File(((pathPrefix + java.lang.Integer.toString(counter)) + .png)): null

2018-12-05 12:22:31 - [TEST_STEP][PASSED] - Statement - counter = counter + 1: null

2018-12-05 12:22:31 - [TEST_STEP][PASSED] - Statement - PreSaveFile = new java.io.File(((pathPrefix + java.lang.Integer.toString(counter)) + .png)): null

2018-12-05 12:22:31 - [TEST_STEP][PASSED] - Statement - counter = counter + 1: null

2018-12-05 12:22:31 - [TEST_STEP][PASSED] - Statement - PreSaveFile = new java.io.File(((pathPrefix + java.lang.Integer.toString(counter)) + .png)): null

2018-12-05 12:22:31 - [TEST_STEP][PASSED] - Statement - counter = counter + 1: null

2018-12-05 12:22:31 - [TEST_STEP][PASSED] - Statement - PreSaveFile = new java.io.File(((pathPrefix + java.lang.Integer.toString(counter)) + .png)): null

2018-12-05 12:22:31 - [TEST_STEP][PASSED] - Statement - counter = counter + 1: null

2018-12-05 12:22:31 - [TEST_STEP][PASSED] - Statement - PreSaveFile = new java.io.File(((pathPrefix + java.lang.Integer.toString(counter)) + .png)): null

2018-12-05 12:22:31 - [TEST_STEP][PASSED] - Statement - counter = counter + 1: null

2018-12-05 12:22:31 - [TEST_STEP][PASSED] - Statement - PreSaveFile = new java.io.File(((pathPrefix + java.lang.Integer.toString(counter)) + .png)): null

2018-12-05 12:22:31 - [TEST_STEP][PASSED] - Statement - counter = counter + 1: null

2018-12-05 12:22:31 - [TEST_STEP][PASSED] - Statement - PreSaveFile = new java.io.File(((pathPrefix + java.lang.Integer.toString(counter)) + .png)): null

2018-12-05 12:22:31 - [TEST_STEP][PASSED] - Statement - counter = counter + 1: null

2018-12-05 12:22:31 - [TEST_STEP][PASSED] - Statement - PreSaveFile = new java.io.File(((pathPrefix + java.lang.Integer.toString(counter)) + .png)): null

2018-12-05 12:22:32 - [TEST_STEP][PASSED] - Statement - counter = counter + 1: null

2018-12-05 12:22:32 - [TEST_STEP][PASSED] - Statement - PreSaveFile = new java.io.File(((pathPrefix + java.lang.Integer.toString(counter)) + .png)): null

2018-12-05 12:22:32 - [TEST_STEP][PASSED] - Statement - counter = counter + 1: null

2018-12-05 12:22:32 - [TEST_STEP][PASSED] - Statement - PreSaveFile = new java.io.File(((pathPrefix + java.lang.Integer.toString(counter)) + .png)): null

2018-12-05 12:22:32 - [TEST_STEP][PASSED] - Statement - counter = counter + 1: null

2018-12-05 12:22:32 - [TEST_STEP][PASSED] - Statement - PreSaveFile = new java.io.File(((pathPrefix + java.lang.Integer.toString(counter)) + .png)): null

2018-12-05 12:22:32 - [TEST_STEP][PASSED] - Statement - counter = counter + 1: null

2018-12-05 12:22:32 - [TEST_STEP][PASSED] - Statement - PreSaveFile = new java.io.File(((pathPrefix + java.lang.Integer.toString(counter)) + .png)): null

2018-12-05 12:22:32 - [TEST_STEP][PASSED] - Statement - counter = counter + 1: null

2018-12-05 12:22:32 - [TEST_STEP][PASSED] - Statement - PreSaveFile = new java.io.File(((pathPrefix + java.lang.Integer.toString(counter)) + .png)): null

2018-12-05 12:22:32 - [TEST_STEP][PASSED] - Statement - counter = counter + 1: null

2018-12-05 12:22:32 - [TEST_STEP][PASSED] - Statement - PreSaveFile = new java.io.File(((pathPrefix + java.lang.Integer.toString(counter)) + .png)): null

2018-12-05 12:22:32 - [TEST_STEP][PASSED] - Statement - counter = counter + 1: null

2018-12-05 12:22:32 - [TEST_STEP][PASSED] - Statement - PreSaveFile = new java.io.File(((pathPrefix + java.lang.Integer.toString(counter)) + .png)): null

2018-12-05 12:22:32 - [TEST_STEP][PASSED] - Statement - counter = counter + 1: null

2018-12-05 12:22:32 - [TEST_STEP][PASSED] - Statement - PreSaveFile = new java.io.File(((pathPrefix + java.lang.Integer.toString(counter)) + .png)): null

2018-12-05 12:22:32 - [TEST_STEP][PASSED] - Statement - counter = counter + 1: null

2018-12-05 12:22:32 - [TEST_STEP][PASSED] - Statement - PreSaveFile = new java.io.File(((pathPrefix + java.lang.Integer.toString(counter)) + .png)): null

2018-12-05 12:22:32 - [TEST_STEP][PASSED] - Statement - counter = counter + 1: null

2018-12-05 12:22:32 - [TEST_STEP][PASSED] - Statement - PreSaveFile = new java.io.File(((pathPrefix + java.lang.Integer.toString(counter)) + .png)): null

2018-12-05 12:22:32 - [TEST_STEP][PASSED] - Statement - counter = counter + 1: null

2018-12-05 12:22:32 - [TEST_STEP][PASSED] - Statement - PreSaveFile = new java.io.File(((pathPrefix + java.lang.Integer.toString(counter)) + .png)): null

2018-12-05 12:22:32 - [TEST_STEP][PASSED] - Statement - counter = counter + 1: null

2018-12-05 12:22:32 - [TEST_STEP][PASSED] - Statement - PreSaveFile = new java.io.File(((pathPrefix + java.lang.Integer.toString(counter)) + .png)): null

2018-12-05 12:22:32 - [TEST_STEP][PASSED] - Statement - counter = counter + 1: null

2018-12-05 12:22:32 - [TEST_STEP][PASSED] - Statement - PreSaveFile = new java.io.File(((pathPrefix + java.lang.Integer.toString(counter)) + .png)): null

2018-12-05 12:22:32 - [TEST_STEP][PASSED] - Statement - counter = counter + 1: null

2018-12-05 12:22:32 - [TEST_STEP][PASSED] - Statement - PreSaveFile = new java.io.File(((pathPrefix + java.lang.Integer.toString(counter)) + .png)): null

2018-12-05 12:22:32 - [TEST_STEP][PASSED] - Statement - counter = counter + 1: null

2018-12-05 12:22:33 - [TEST_STEP][PASSED] - Statement - PreSaveFile = new java.io.File(((pathPrefix + java.lang.Integer.toString(counter)) + .png)): null

2018-12-05 12:22:33 - [TEST_STEP][PASSED] - Statement - counter = counter + 1: null

2018-12-05 12:22:33 - [TEST_STEP][PASSED] - Statement - PreSaveFile = new java.io.File(((pathPrefix + java.lang.Integer.toString(counter)) + .png)): null

2018-12-05 12:22:33 - [TEST_STEP][PASSED] - Statement - counter = counter + 1: null

2018-12-05 12:22:33 - [TEST_STEP][PASSED] - Statement - PreSaveFile = new java.io.File(((pathPrefix + java.lang.Integer.toString(counter)) + .png)): null

2018-12-05 12:22:33 - [TEST_STEP][PASSED] - Statement - counter = counter + 1: null

2018-12-05 12:22:33 - [TEST_STEP][PASSED] - Statement - PreSaveFile = new java.io.File(((pathPrefix + java.lang.Integer.toString(counter)) + .png)): null

2018-12-05 12:22:33 - [TEST_STEP][PASSED] - Statement - counter = counter + 1: null

2018-12-05 12:22:33 - [TEST_STEP][PASSED] - Statement - PreSaveFile = new java.io.File(((pathPrefix + java.lang.Integer.toString(counter)) + .png)): null

2018-12-05 12:22:33 - [TEST_STEP][PASSED] - Statement - counter = counter + 1: null

2018-12-05 12:22:33 - [TEST_STEP][PASSED] - Statement - PreSaveFile = new java.io.File(((pathPrefix + java.lang.Integer.toString(counter)) + .png)): null

2018-12-05 12:22:33 - [TEST_STEP][PASSED] - Statement - counter = counter + 1: null

2018-12-05 12:22:33 - [TEST_STEP][PASSED] - Statement - PreSaveFile = new java.io.File(((pathPrefix + java.lang.Integer.toString(counter)) + .png)): null

2018-12-05 12:22:33 - [TEST_STEP][PASSED] - Statement - counter = counter + 1: null

2018-12-05 12:22:33 - [TEST_STEP][PASSED] - Statement - PreSaveFile = new java.io.File(((pathPrefix + java.lang.Integer.toString(counter)) + .png)): null

2018-12-05 12:22:33 - [TEST_STEP][PASSED] - Statement - counter = counter + 1: null

2018-12-05 12:22:33 - [TEST_STEP][PASSED] - Statement - PreSaveFile = new java.io.File(((pathPrefix + java.lang.Integer.toString(counter)) + .png)): null

2018-12-05 12:22:33 - [TEST_STEP][PASSED] - Statement - counter = counter + 1: null

2018-12-05 12:22:33 - [TEST_STEP][PASSED] - Statement - PreSaveFile = new java.io.File(((pathPrefix + java.lang.Integer.toString(counter)) + .png)): null

2018-12-05 12:22:33 - [TEST_STEP][PASSED] - Statement - counter = counter + 1: null

2018-12-05 12:22:33 - [TEST_STEP][PASSED] - Statement - PreSaveFile = new java.io.File(((pathPrefix + java.lang.Integer.toString(counter)) + .png)): null

2018-12-05 12:22:33 - [TEST_STEP][PASSED] - Statement - counter = counter + 1: null

2018-12-05 12:22:33 - [TEST_STEP][PASSED] - Statement - PreSaveFile = new java.io.File(((pathPrefix + java.lang.Integer.toString(counter)) + .png)): null

2018-12-05 12:22:33 - [TEST_STEP][PASSED] - Statement - counter = counter + 1: null

2018-12-05 12:22:33 - [TEST_STEP][PASSED] - Statement - PreSaveFile = new java.io.File(((pathPrefix + java.lang.Integer.toString(counter)) + .png)): null

2018-12-05 12:22:33 - [TEST_STEP][PASSED] - Statement - counter = counter + 1: null

2018-12-05 12:22:33 - [TEST_STEP][PASSED] - Statement - PreSaveFile = new java.io.File(((pathPrefix + java.lang.Integer.toString(counter)) + .png)): null

2018-12-05 12:22:33 - [TEST_STEP][PASSED] - Statement - counter = counter + 1: null

2018-12-05 12:22:33 - [TEST_STEP][PASSED] - Statement - PreSaveFile = new java.io.File(((pathPrefix + java.lang.Integer.toString(counter)) + .png)): null

2018-12-05 12:22:34 - [TEST_STEP][PASSED] - Statement - counter = counter + 1: null

2018-12-05 12:22:34 - [TEST_STEP][PASSED] - Statement - PreSaveFile = new java.io.File(((pathPrefix + java.lang.Integer.toString(counter)) + .png)): null

2018-12-05 12:22:34 - [TEST_STEP][PASSED] - Statement - counter = counter + 1: null

2018-12-05 12:22:34 - [TEST_STEP][PASSED] - Statement - PreSaveFile = new java.io.File(((pathPrefix + java.lang.Integer.toString(counter)) + .png)): null

2018-12-05 12:22:34 - [TEST_STEP][PASSED] - Statement - counter = counter + 1: null

2018-12-05 12:22:34 - [TEST_STEP][PASSED] - Statement - PreSaveFile = new java.io.File(((pathPrefix + java.lang.Integer.toString(counter)) + .png)): null

2018-12-05 12:22:34 - [TEST_STEP][PASSED] - Statement - counter = counter + 1: null

2018-12-05 12:22:34 - [TEST_STEP][PASSED] - Statement - PreSaveFile = new java.io.File(((pathPrefix + java.lang.Integer.toString(counter)) + .png)): null

2018-12-05 12:22:34 - [TEST_STEP][PASSED] - Statement - counter = counter + 1: null

2018-12-05 12:22:34 - [TEST_STEP][PASSED] - Statement - PreSaveFile = new java.io.File(((pathPrefix + java.lang.Integer.toString(counter)) + .png)): null

2018-12-05 12:22:34 - [TEST_STEP][PASSED] - Statement - counter = counter + 1: null

2018-12-05 12:22:34 - [TEST_STEP][PASSED] - Statement - PreSaveFile = new java.io.File(((pathPrefix + java.lang.Integer.toString(counter)) + .png)): null

2018-12-05 12:22:34 - [TEST_STEP][PASSED] - Statement - counter = counter + 1: null

2018-12-05 12:22:34 - [TEST_STEP][PASSED] - Statement - PreSaveFile = new java.io.File(((pathPrefix + java.lang.Integer.toString(counter)) + .png)): null

2018-12-05 12:22:34 - [TEST_STEP][PASSED] - Statement - counter = counter + 1: null

2018-12-05 12:22:34 - [TEST_STEP][PASSED] - Statement - PreSaveFile = new java.io.File(((pathPrefix + java.lang.Integer.toString(counter)) + .png)): null

2018-12-05 12:22:34 - [TEST_STEP][PASSED] - Statement - counter = counter + 1: null

2018-12-05 12:22:34 - [TEST_STEP][PASSED] - Statement - PreSaveFile = new java.io.File(((pathPrefix + java.lang.Integer.toString(counter)) + .png)): null

2018-12-05 12:22:34 - [TEST_STEP][PASSED] - Statement - counter = counter + 1: null

2018-12-05 12:22:34 - [TEST_STEP][PASSED] - Statement - PreSaveFile = new java.io.File(((pathPrefix + java.lang.Integer.toString(counter)) + .png)): null

2018-12-05 12:22:34 - [TEST_STEP][PASSED] - Statement - counter = counter + 1: null

2018-12-05 12:22:34 - [TEST_STEP][PASSED] - Statement - PreSaveFile = new java.io.File(((pathPrefix + java.lang.Integer.toString(counter)) + .png)): null

2018-12-05 12:22:34 - [TEST_STEP][PASSED] - Statement - counter = counter + 1: null

2018-12-05 12:22:34 - [TEST_STEP][PASSED] - Statement - PreSaveFile = new java.io.File(((pathPrefix + java.lang.Integer.toString(counter)) + .png)): null

2018-12-05 12:22:34 - [TEST_STEP][PASSED] - Statement - counter = counter + 1: null

2018-12-05 12:22:34 - [TEST_STEP][PASSED] - Statement - PreSaveFile = new java.io.File(((pathPrefix + java.lang.Integer.toString(counter)) + .png)): null

2018-12-05 12:22:34 - [TEST_STEP][PASSED] - Statement - counter = counter + 1: null

2018-12-05 12:22:34 - [TEST_STEP][PASSED] - Statement - PreSaveFile = new java.io.File(((pathPrefix + java.lang.Integer.toString(counter)) + .png)): null

2018-12-05 12:22:34 - [TEST_STEP][PASSED] - Statement - counter = counter + 1: null

2018-12-05 12:22:35 - [TEST_STEP][PASSED] - Statement - PreSaveFile = new java.io.File(((pathPrefix + java.lang.Integer.toString(counter)) + .png)): null

2018-12-05 12:22:35 - [TEST_STEP][PASSED] - Statement - counter = counter + 1: null

2018-12-05 12:22:35 - [TEST_STEP][PASSED] - Statement - PreSaveFile = new java.io.File(((pathPrefix + java.lang.Integer.toString(counter)) + .png)): null

2018-12-05 12:22:35 - [TEST_STEP][PASSED] - Statement - counter = counter + 1: null

2018-12-05 12:22:35 - [TEST_STEP][PASSED] - Statement - PreSaveFile = new java.io.File(((pathPrefix + java.lang.Integer.toString(counter)) + .png)): null

2018-12-05 12:22:35 - [TEST_STEP][PASSED] - Statement - counter = counter + 1: null

2018-12-05 12:22:35 - [TEST_STEP][PASSED] - Statement - PreSaveFile = new java.io.File(((pathPrefix + java.lang.Integer.toString(counter)) + .png)): null

2018-12-05 12:22:35 - [TEST_STEP][PASSED] - Statement - counter = counter + 1: null

2018-12-05 12:22:35 - [TEST_STEP][PASSED] - Statement - PreSaveFile = new java.io.File(((pathPrefix + java.lang.Integer.toString(counter)) + .png)): null

2018-12-05 12:22:35 - [TEST_STEP][PASSED] - Statement - counter = counter + 1: null

2018-12-05 12:22:35 - [TEST_STEP][PASSED] - Statement - PreSaveFile = new java.io.File(((pathPrefix + java.lang.Integer.toString(counter)) + .png)): null

2018-12-05 12:22:35 - [TEST_STEP][PASSED] - Statement - counter = counter + 1: null

2018-12-05 12:22:35 - [TEST_STEP][PASSED] - Statement - PreSaveFile = new java.io.File(((pathPrefix + java.lang.Integer.toString(counter)) + .png)): null

2018-12-05 12:22:35 - [TEST_STEP][PASSED] - Statement - counter = counter + 1: null

2018-12-05 12:22:35 - [TEST_STEP][PASSED] - Statement - PreSaveFile = new java.io.File(((pathPrefix + java.lang.Integer.toString(counter)) + .png)): null

2018-12-05 12:22:35 - [TEST_STEP][PASSED] - Statement - counter = counter + 1: null

2018-12-05 12:22:35 - [TEST_STEP][PASSED] - Statement - PreSaveFile = new java.io.File(((pathPrefix + java.lang.Integer.toString(counter)) + .png)): null

2018-12-05 12:22:35 - [TEST_STEP][PASSED] - Statement - counter = counter + 1: null

2018-12-05 12:22:35 - [TEST_STEP][PASSED] - Statement - PreSaveFile = new java.io.File(((pathPrefix + java.lang.Integer.toString(counter)) + .png)): null

2018-12-05 12:22:35 - [TEST_STEP][PASSED] - Statement - counter = counter + 1: null

2018-12-05 12:22:35 - [TEST_STEP][PASSED] - Statement - PreSaveFile = new java.io.File(((pathPrefix + java.lang.Integer.toString(counter)) + .png)): null

2018-12-05 12:22:35 - [TEST_STEP][PASSED] - Statement - counter = counter + 1: null

2018-12-05 12:22:35 - [TEST_STEP][PASSED] - Statement - PreSaveFile = new java.io.File(((pathPrefix + java.lang.Integer.toString(counter)) + .png)): null

2018-12-05 12:22:35 - [TEST_STEP][PASSED] - Statement - counter = counter + 1: null

2018-12-05 12:22:35 - [TEST_STEP][PASSED] - Statement - PreSaveFile = new java.io.File(((pathPrefix + java.lang.Integer.toString(counter)) + .png)): null

2018-12-05 12:22:35 - [TEST_STEP][PASSED] - Statement - counter = counter + 1: null

2018-12-05 12:22:35 - [TEST_STEP][PASSED] - Statement - PreSaveFile = new java.io.File(((pathPrefix + java.lang.Integer.toString(counter)) + .png)): null

2018-12-05 12:22:35 - [TEST_STEP][PASSED] - Statement - counter = counter + 1: null

2018-12-05 12:22:35 - [TEST_STEP][PASSED] - Statement - PreSaveFile = new java.io.File(((pathPrefix + java.lang.Integer.toString(counter)) + .png)): null

2018-12-05 12:22:35 - [TEST_STEP][PASSED] - Statement - counter = counter + 1: null

2018-12-05 12:22:35 - [TEST_STEP][PASSED] - Statement - PreSaveFile = new java.io.File(((pathPrefix + java.lang.Integer.toString(counter)) + .png)): null

2018-12-05 12:22:35 - [TEST_STEP][PASSED] - Statement - counter = counter + 1: null

2018-12-05 12:22:35 - [TEST_STEP][PASSED] - Statement - PreSaveFile = new java.io.File(((pathPrefix + java.lang.Integer.toString(counter)) + .png)): null

2018-12-05 12:22:35 - [TEST_STEP][PASSED] - Statement - counter = counter + 1: null

2018-12-05 12:22:35 - [TEST_STEP][PASSED] - Statement - PreSaveFile = new java.io.File(((pathPrefix + java.lang.Integer.toString(counter)) + .png)): null

2018-12-05 12:22:35 - [TEST_STEP][PASSED] - Statement - counter = counter + 1: null

2018-12-05 12:22:35 - [TEST_STEP][PASSED] - Statement - PreSaveFile = new java.io.File(((pathPrefix + java.lang.Integer.toString(counter)) + .png)): null

2018-12-05 12:22:35 - [TEST_STEP][PASSED] - Statement - counter = counter + 1: null

2018-12-05 12:22:36 - [TEST_STEP][PASSED] - Statement - PreSaveFile = new java.io.File(((pathPrefix + java.lang.Integer.toString(counter)) + .png)): null

2018-12-05 12:22:36 - [TEST_STEP][PASSED] - Statement - counter = counter + 1: null

2018-12-05 12:22:36 - [TEST_STEP][PASSED] - Statement - PreSaveFile = new java.io.File(((pathPrefix + java.lang.Integer.toString(counter)) + .png)): null

2018-12-05 12:22:36 - [TEST_STEP][PASSED] - Statement - counter = counter + 1: null

2018-12-05 12:22:36 - [TEST_STEP][PASSED] - Statement - PreSaveFile = new java.io.File(((pathPrefix + java.lang.Integer.toString(counter)) + .png)): null

2018-12-05 12:22:36 - [TEST_STEP][PASSED] - Statement - counter = counter + 1: null

2018-12-05 12:22:36 - [TEST_STEP][PASSED] - Statement - PreSaveFile = new java.io.File(((pathPrefix + java.lang.Integer.toString(counter)) + .png)): null

2018-12-05 12:22:36 - [TEST_STEP][PASSED] - Statement - counter = counter + 1: null

2018-12-05 12:22:36 - [TEST_STEP][PASSED] - Statement - PreSaveFile = new java.io.File(((pathPrefix + java.lang.Integer.toString(counter)) + .png)): null

2018-12-05 12:22:36 - [TEST_STEP][PASSED] - Statement - counter = counter + 1: null

2018-12-05 12:22:36 - [TEST_STEP][PASSED] - Statement - PreSaveFile = new java.io.File(((pathPrefix + java.lang.Integer.toString(counter)) + .png)): null

2018-12-05 12:22:36 - [TEST_STEP][PASSED] - Statement - counter = counter + 1: null

2018-12-05 12:22:36 - [TEST_STEP][PASSED] - Statement - PreSaveFile = new java.io.File(((pathPrefix + java.lang.Integer.toString(counter)) + .png)): null

2018-12-05 12:22:36 - [TEST_STEP][PASSED] - Statement - counter = counter + 1: null

2018-12-05 12:22:36 - [TEST_STEP][PASSED] - Statement - PreSaveFile = new java.io.File(((pathPrefix + java.lang.Integer.toString(counter)) + .png)): null

2018-12-05 12:22:36 - [TEST_STEP][PASSED] - Statement - counter = counter + 1: null

2018-12-05 12:22:36 - [TEST_STEP][PASSED] - Statement - PreSaveFile = new java.io.File(((pathPrefix + java.lang.Integer.toString(counter)) + .png)): null

2018-12-05 12:22:36 - [TEST_STEP][PASSED] - Statement - counter = counter + 1: null

2018-12-05 12:22:36 - [TEST_STEP][PASSED] - Statement - PreSaveFile = new java.io.File(((pathPrefix + java.lang.Integer.toString(counter)) + .png)): null

2018-12-05 12:22:36 - [TEST_STEP][PASSED] - Statement - counter = counter + 1: null

2018-12-05 12:22:36 - [TEST_STEP][PASSED] - Statement - PreSaveFile = new java.io.File(((pathPrefix + java.lang.Integer.toString(counter)) + .png)): null

2018-12-05 12:22:36 - [TEST_STEP][PASSED] - Statement - counter = counter + 1: null

2018-12-05 12:22:36 - [TEST_STEP][PASSED] - Statement - PreSaveFile = new java.io.File(((pathPrefix + java.lang.Integer.toString(counter)) + .png)): null

2018-12-05 12:22:36 - [TEST_STEP][PASSED] - Statement - counter = counter + 1: null

2018-12-05 12:22:36 - [TEST_STEP][PASSED] - Statement - PreSaveFile = new java.io.File(((pathPrefix + java.lang.Integer.toString(counter)) + .png)): null

2018-12-05 12:22:36 - [TEST_STEP][PASSED] - Statement - counter = counter + 1: null

2018-12-05 12:22:36 - [TEST_STEP][PASSED] - Statement - PreSaveFile = new java.io.File(((pathPrefix + java.lang.Integer.toString(counter)) + .png)): null

2018-12-05 12:22:36 - [TEST_STEP][PASSED] - Statement - counter = counter + 1: null

2018-12-05 12:22:36 - [TEST_STEP][PASSED] - Statement - PreSaveFile = new java.io.File(((pathPrefix + java.lang.Integer.toString(counter)) + .png)): null

2018-12-05 12:22:37 - [TEST_STEP][PASSED] - Statement - counter = counter + 1: null

2018-12-05 12:22:37 - [TEST_STEP][PASSED] - Statement - PreSaveFile = new java.io.File(((pathPrefix + java.lang.Integer.toString(counter)) + .png)): null

2018-12-05 12:22:37 - [TEST_STEP][PASSED] - Statement - counter = counter + 1: null

2018-12-05 12:22:37 - [TEST_STEP][PASSED] - Statement - PreSaveFile = new java.io.File(((pathPrefix + java.lang.Integer.toString(counter)) + .png)): null

2018-12-05 12:22:37 - [TEST_STEP][PASSED] - Statement - counter = counter + 1: null

2018-12-05 12:22:37 - [TEST_STEP][PASSED] - Statement - PreSaveFile = new java.io.File(((pathPrefix + java.lang.Integer.toString(counter)) + .png)): null

2018-12-05 12:22:37 - [TEST_STEP][PASSED] - Statement - counter = counter + 1: null

2018-12-05 12:22:37 - [TEST_STEP][PASSED] - Statement - PreSaveFile = new java.io.File(((pathPrefix + java.lang.Integer.toString(counter)) + .png)): null

2018-12-05 12:22:37 - [TEST_STEP][PASSED] - Statement - counter = counter + 1: null

2018-12-05 12:22:37 - [TEST_STEP][PASSED] - Statement - PreSaveFile = new java.io.File(((pathPrefix + java.lang.Integer.toString(counter)) + .png)): null

2018-12-05 12:22:37 - [TEST_STEP][PASSED] - Statement - counter = counter + 1: null

2018-12-05 12:22:37 - [TEST_STEP][PASSED] - Statement - PreSaveFile = new java.io.File(((pathPrefix + java.lang.Integer.toString(counter)) + .png)): null

2018-12-05 12:22:37 - [TEST_STEP][PASSED] - Statement - counter = counter + 1: null

2018-12-05 12:22:37 - [TEST_STEP][PASSED] - Statement - PreSaveFile = new java.io.File(((pathPrefix + java.lang.Integer.toString(counter)) + .png)): null

2018-12-05 12:22:37 - [TEST_STEP][PASSED] - Statement - counter = counter + 1: null

2018-12-05 12:22:37 - [TEST_STEP][PASSED] - Statement - PreSaveFile = new java.io.File(((pathPrefix + java.lang.Integer.toString(counter)) + .png)): null

2018-12-05 12:22:37 - [TEST_STEP][PASSED] - Statement - counter = counter + 1: null

2018-12-05 12:22:37 - [TEST_STEP][PASSED] - Statement - PreSaveFile = new java.io.File(((pathPrefix + java.lang.Integer.toString(counter)) + .png)): null

2018-12-05 12:22:37 - [TEST_STEP][PASSED] - Statement - counter = counter + 1: null

2018-12-05 12:22:37 - [TEST_STEP][PASSED] - Statement - PreSaveFile = new java.io.File(((pathPrefix + java.lang.Integer.toString(counter)) + .png)): null

2018-12-05 12:22:37 - [TEST_STEP][PASSED] - Statement - counter = counter + 1: null

2018-12-05 12:22:37 - [TEST_STEP][PASSED] - Statement - PreSaveFile = new java.io.File(((pathPrefix + java.lang.Integer.toString(counter)) + .png)): null

2018-12-05 12:22:37 - [TEST_STEP][PASSED] - Statement - counter = counter + 1: null

2018-12-05 12:22:37 - [TEST_STEP][PASSED] - Statement - PreSaveFile = new java.io.File(((pathPrefix + java.lang.Integer.toString(counter)) + .png)): null

2018-12-05 12:22:37 - [TEST_STEP][PASSED] - Statement - counter = counter + 1: null

2018-12-05 12:22:37 - [TEST_STEP][PASSED] - Statement - PreSaveFile = new java.io.File(((pathPrefix + java.lang.Integer.toString(counter)) + .png)): null

2018-12-05 12:22:37 - [TEST_STEP][PASSED] - Statement - counter = counter + 1: null

2018-12-05 12:22:37 - [TEST_STEP][PASSED] - Statement - PreSaveFile = new java.io.File(((pathPrefix + java.lang.Integer.toString(counter)) + .png)): null

2018-12-05 12:22:37 - [TEST_STEP][PASSED] - Statement - counter = counter + 1: null

2018-12-05 12:22:38 - [TEST_STEP][PASSED] - Statement - PreSaveFile = new java.io.File(((pathPrefix + java.lang.Integer.toString(counter)) + .png)): null

2018-12-05 12:22:38 - [TEST_STEP][PASSED] - Statement - counter = counter + 1: null

2018-12-05 12:22:38 - [TEST_STEP][PASSED] - Statement - PreSaveFile = new java.io.File(((pathPrefix + java.lang.Integer.toString(counter)) + .png)): null

2018-12-05 12:22:38 - [TEST_STEP][PASSED] - Statement - counter = counter + 1: null

2018-12-05 12:22:38 - [TEST_STEP][PASSED] - Statement - PreSaveFile = new java.io.File(((pathPrefix + java.lang.Integer.toString(counter)) + .png)): null

2018-12-05 12:22:38 - [TEST_STEP][PASSED] - Statement - counter = counter + 1: null

2018-12-05 12:22:38 - [TEST_STEP][PASSED] - Statement - PreSaveFile = new java.io.File(((pathPrefix + java.lang.Integer.toString(counter)) + .png)): null

2018-12-05 12:22:38 - [TEST_STEP][PASSED] - Statement - counter = counter + 1: null

2018-12-05 12:22:38 - [TEST_STEP][PASSED] - Statement - PreSaveFile = new java.io.File(((pathPrefix + java.lang.Integer.toString(counter)) + .png)): null

2018-12-05 12:22:38 - [TEST_STEP][PASSED] - Statement - counter = counter + 1: null

2018-12-05 12:22:38 - [TEST_STEP][PASSED] - Statement - PreSaveFile = new java.io.File(((pathPrefix + java.lang.Integer.toString(counter)) + .png)): null

2018-12-05 12:22:38 - [TEST_STEP][PASSED] - Statement - counter = counter + 1: null

2018-12-05 12:22:38 - [TEST_STEP][PASSED] - Statement - PreSaveFile = new java.io.File(((pathPrefix + java.lang.Integer.toString(counter)) + .png)): null

2018-12-05 12:22:38 - [TEST_STEP][PASSED] - Statement - counter = counter + 1: null

2018-12-05 12:22:38 - [TEST_STEP][PASSED] - Statement - PreSaveFile = new java.io.File(((pathPrefix + java.lang.Integer.toString(counter)) + .png)): null

2018-12-05 12:22:38 - [TEST_STEP][PASSED] - Statement - counter = counter + 1: null

2018-12-05 12:22:38 - [TEST_STEP][PASSED] - Statement - PreSaveFile = new java.io.File(((pathPrefix + java.lang.Integer.toString(counter)) + .png)): null

2018-12-05 12:22:38 - [TEST_STEP][PASSED] - Statement - counter = counter + 1: null

2018-12-05 12:22:38 - [TEST_STEP][PASSED] - Statement - PreSaveFile = new java.io.File(((pathPrefix + java.lang.Integer.toString(counter)) + .png)): null

2018-12-05 12:22:38 - [TEST_STEP][PASSED] - Statement - counter = counter + 1: null

2018-12-05 12:22:38 - [TEST_STEP][PASSED] - Statement - PreSaveFile = new java.io.File(((pathPrefix + java.lang.Integer.toString(counter)) + .png)): null

2018-12-05 12:22:38 - [TEST_STEP][PASSED] - Statement - counter = counter + 1: null

2018-12-05 12:22:38 - [TEST_STEP][PASSED] - Statement - PreSaveFile = new java.io.File(((pathPrefix + java.lang.Integer.toString(counter)) + .png)): null

2018-12-05 12:22:38 - [TEST_STEP][PASSED] - Statement - counter = counter + 1: null

2018-12-05 12:22:38 - [TEST_STEP][PASSED] - Statement - PreSaveFile = new java.io.File(((pathPrefix + java.lang.Integer.toString(counter)) + .png)): null

2018-12-05 12:22:38 - [TEST_STEP][PASSED] - Statement - counter = counter + 1: null

2018-12-05 12:22:38 - [TEST_STEP][PASSED] - Statement - PreSaveFile = new java.io.File(((pathPrefix + java.lang.Integer.toString(counter)) + .png)): null

2018-12-05 12:22:38 - [TEST_STEP][PASSED] - Statement - counter = counter + 1: null

2018-12-05 12:22:39 - [TEST_STEP][PASSED] - Statement - PreSaveFile = new java.io.File(((pathPrefix + java.lang.Integer.toString(counter)) + .png)): null

2018-12-05 12:22:39 - [TEST_STEP][PASSED] - Statement - counter = counter + 1: null

2018-12-05 12:22:39 - [TEST_STEP][PASSED] - Statement - PreSaveFile = new java.io.File(((pathPrefix + java.lang.Integer.toString(counter)) + .png)): null

2018-12-05 12:22:39 - [TEST_STEP][PASSED] - Statement - counter = counter + 1: null

2018-12-05 12:22:39 - [TEST_STEP][PASSED] - Statement - PreSaveFile = new java.io.File(((pathPrefix + java.lang.Integer.toString(counter)) + .png)): null

2018-12-05 12:22:39 - [TEST_STEP][PASSED] - Statement - counter = counter + 1: null

2018-12-05 12:22:39 - [TEST_STEP][PASSED] - Statement - PreSaveFile = new java.io.File(((pathPrefix + java.lang.Integer.toString(counter)) + .png)): null

2018-12-05 12:22:39 - [TEST_STEP][PASSED] - Statement - counter = counter + 1: null

2018-12-05 12:22:39 - [TEST_STEP][PASSED] - Statement - PreSaveFile = new java.io.File(((pathPrefix + java.lang.Integer.toString(counter)) + .png)): null

2018-12-05 12:22:39 - [TEST_STEP][PASSED] - Statement - counter = counter + 1: null

2018-12-05 12:22:39 - [TEST_STEP][PASSED] - Statement - PreSaveFile = new java.io.File(((pathPrefix + java.lang.Integer.toString(counter)) + .png)): null

2018-12-05 12:22:39 - [TEST_STEP][PASSED] - Statement - counter = counter + 1: null

2018-12-05 12:22:39 - [TEST_STEP][PASSED] - Statement - PreSaveFile = new java.io.File(((pathPrefix + java.lang.Integer.toString(counter)) + .png)): null

2018-12-05 12:22:39 - [TEST_STEP][PASSED] - Statement - counter = counter + 1: null

2018-12-05 12:22:39 - [TEST_STEP][PASSED] - Statement - PreSaveFile = new java.io.File(((pathPrefix + java.lang.Integer.toString(counter)) + .png)): null

2018-12-05 12:22:39 - [TEST_STEP][PASSED] - Statement - counter = counter + 1: null

2018-12-05 12:22:39 - [TEST_STEP][PASSED] - Statement - PreSaveFile = new java.io.File(((pathPrefix + java.lang.Integer.toString(counter)) + .png)): null

2018-12-05 12:22:39 - [TEST_STEP][PASSED] - Statement - counter = counter + 1: null

2018-12-05 12:22:39 - [TEST_STEP][PASSED] - Statement - PreSaveFile = new java.io.File(((pathPrefix + java.lang.Integer.toString(counter)) + .png)): null

2018-12-05 12:22:39 - [TEST_STEP][PASSED] - Statement - counter = counter + 1: null

2018-12-05 12:22:39 - [TEST_STEP][PASSED] - Statement - PreSaveFile = new java.io.File(((pathPrefix + java.lang.Integer.toString(counter)) + .png)): null

2018-12-05 12:22:39 - [TEST_STEP][PASSED] - Statement - counter = counter + 1: null

2018-12-05 12:22:39 - [TEST_STEP][PASSED] - Statement - PreSaveFile = new java.io.File(((pathPrefix + java.lang.Integer.toString(counter)) + .png)): null

2018-12-05 12:22:39 - [TEST_STEP][PASSED] - Statement - counter = counter + 1: null

2018-12-05 12:22:39 - [TEST_STEP][PASSED] - Statement - PreSaveFile = new java.io.File(((pathPrefix + java.lang.Integer.toString(counter)) + .png)): null

2018-12-05 12:22:39 - [TEST_STEP][PASSED] - Statement - counter = counter + 1: null

2018-12-05 12:22:39 - [TEST_STEP][PASSED] - Statement - PreSaveFile = new java.io.File(((pathPrefix + java.lang.Integer.toString(counter)) + .png)): null

2018-12-05 12:22:39 - [TEST_STEP][PASSED] - Statement - counter = counter + 1: null

2018-12-05 12:22:39 - [TEST_STEP][PASSED] - Statement - PreSaveFile = new java.io.File(((pathPrefix + java.lang.Integer.toString(counter)) + .png)): null

2018-12-05 12:22:40 - [TEST_STEP][PASSED] - Statement - counter = counter + 1: null

2018-12-05 12:22:40 - [TEST_STEP][PASSED] - Statement - PreSaveFile = new java.io.File(((pathPrefix + java.lang.Integer.toString(counter)) + .png)): null

2018-12-05 12:22:40 - [TEST_STEP][PASSED] - Statement - counter = counter + 1: null

2018-12-05 12:22:40 - [TEST_STEP][PASSED] - Statement - PreSaveFile = new java.io.File(((pathPrefix + java.lang.Integer.toString(counter)) + .png)): null

2018-12-05 12:22:40 - [TEST_STEP][PASSED] - Statement - counter = counter + 1: null

2018-12-05 12:22:40 - [TEST_STEP][PASSED] - Statement - PreSaveFile = new java.io.File(((pathPrefix + java.lang.Integer.toString(counter)) + .png)): null

2018-12-05 12:22:40 - [TEST_STEP][PASSED] - Statement - counter = counter + 1: null

2018-12-05 12:22:40 - [TEST_STEP][PASSED] - Statement - PreSaveFile = new java.io.File(((pathPrefix + java.lang.Integer.toString(counter)) + .png)): null

2018-12-05 12:22:40 - [TEST_STEP][PASSED] - Statement - counter = counter + 1: null

2018-12-05 12:22:40 - [TEST_STEP][PASSED] - Statement - PreSaveFile = new java.io.File(((pathPrefix + java.lang.Integer.toString(counter)) + .png)): null

2018-12-05 12:22:40 - [TEST_STEP][PASSED] - Statement - counter = counter + 1: null

2018-12-05 12:22:40 - [TEST_STEP][PASSED] - Statement - PreSaveFile = new java.io.File(((pathPrefix + java.lang.Integer.toString(counter)) + .png)): null

2018-12-05 12:22:40 - [TEST_STEP][PASSED] - Statement - counter = counter + 1: null

2018-12-05 12:22:40 - [TEST_STEP][PASSED] - Statement - PreSaveFile = new java.io.File(((pathPrefix + java.lang.Integer.toString(counter)) + .png)): null

2018-12-05 12:22:40 - [TEST_STEP][PASSED] - Statement - counter = counter + 1: null

2018-12-05 12:22:40 - [TEST_STEP][PASSED] - Statement - PreSaveFile = new java.io.File(((pathPrefix + java.lang.Integer.toString(counter)) + .png)): null

2018-12-05 12:22:40 - [TEST_STEP][PASSED] - Statement - counter = counter + 1: null

2018-12-05 12:22:40 - [TEST_STEP][PASSED] - Statement - PreSaveFile = new java.io.File(((pathPrefix + java.lang.Integer.toString(counter)) + .png)): null

2018-12-05 12:22:40 - [TEST_STEP][PASSED] - Statement - counter = counter + 1: null

2018-12-05 12:22:40 - [TEST_STEP][PASSED] - Statement - PreSaveFile = new java.io.File(((pathPrefix + java.lang.Integer.toString(counter)) + .png)): null

2018-12-05 12:22:40 - [TEST_STEP][PASSED] - Statement - counter = counter + 1: null

2018-12-05 12:22:40 - [TEST_STEP][PASSED] - Statement - PreSaveFile = new java.io.File(((pathPrefix + java.lang.Integer.toString(counter)) + .png)): null

2018-12-05 12:22:40 - [TEST_STEP][PASSED] - Statement - counter = counter + 1: null

2018-12-05 12:22:40 - [TEST_STEP][PASSED] - Statement - PreSaveFile = new java.io.File(((pathPrefix + java.lang.Integer.toString(counter)) + .png)): null

2018-12-05 12:22:40 - [TEST_STEP][PASSED] - Statement - counter = counter + 1: null

2018-12-05 12:22:40 - [TEST_STEP][PASSED] - Statement - PreSaveFile = new java.io.File(((pathPrefix + java.lang.Integer.toString(counter)) + .png)): null

2018-12-05 12:22:40 - [TEST_STEP][PASSED] - Statement - counter = counter + 1: null

2018-12-05 12:22:40 - [TEST_STEP][PASSED] - Statement - PreSaveFile = new java.io.File(((pathPrefix + java.lang.Integer.toString(counter)) + .png)): null

2018-12-05 12:22:40 - [TEST_STEP][PASSED] - Statement - counter = counter + 1: null

2018-12-05 12:22:41 - [TEST_STEP][PASSED] - Statement - PreSaveFile = new java.io.File(((pathPrefix + java.lang.Integer.toString(counter)) + .png)): null

2018-12-05 12:22:41 - [TEST_STEP][PASSED] - Statement - counter = counter + 1: null

2018-12-05 12:22:41 - [TEST_STEP][PASSED] - Statement - PreSaveFile = new java.io.File(((pathPrefix + java.lang.Integer.toString(counter)) + .png)): null

2018-12-05 12:22:41 - [TEST_STEP][PASSED] - Statement - counter = counter + 1: null

2018-12-05 12:22:41 - [TEST_STEP][PASSED] - Statement - PreSaveFile = new java.io.File(((pathPrefix + java.lang.Integer.toString(counter)) + .png)): null

2018-12-05 12:22:41 - [TEST_STEP][PASSED] - Statement - counter = counter + 1: null

2018-12-05 12:22:41 - [TEST_STEP][PASSED] - Statement - PreSaveFile = new java.io.File(((pathPrefix + java.lang.Integer.toString(counter)) + .png)): null

2018-12-05 12:22:41 - [TEST_STEP][PASSED] - Statement - counter = counter + 1: null

2018-12-05 12:22:41 - [TEST_STEP][PASSED] - Statement - PreSaveFile = new java.io.File(((pathPrefix + java.lang.Integer.toString(counter)) + .png)): null

2018-12-05 12:22:41 - [TEST_STEP][PASSED] - Statement - counter = counter + 1: null

2018-12-05 12:22:41 - [TEST_STEP][PASSED] - Statement - PreSaveFile = new java.io.File(((pathPrefix + java.lang.Integer.toString(counter)) + .png)): null

2018-12-05 12:22:41 - [TEST_STEP][PASSED] - Statement - counter = counter + 1: null

2018-12-05 12:22:41 - [TEST_STEP][PASSED] - Statement - PreSaveFile = new java.io.File(((pathPrefix + java.lang.Integer.toString(counter)) + .png)): null

2018-12-05 12:22:41 - [TEST_STEP][PASSED] - Statement - counter = counter + 1: null

2018-12-05 12:22:41 - [TEST_STEP][PASSED] - Statement - PreSaveFile = new java.io.File(((pathPrefix + java.lang.Integer.toString(counter)) + .png)): null

2018-12-05 12:22:41 - [TEST_STEP][PASSED] - Statement - counter = counter + 1: null

2018-12-05 12:22:41 - [TEST_STEP][PASSED] - Statement - PreSaveFile = new java.io.File(((pathPrefix + java.lang.Integer.toString(counter)) + .png)): null

2018-12-05 12:22:41 - [TEST_STEP][PASSED] - Statement - counter = counter + 1: null

2018-12-05 12:22:41 - [TEST_STEP][PASSED] - Statement - PreSaveFile = new java.io.File(((pathPrefix + java.lang.Integer.toString(counter)) + .png)): null

2018-12-05 12:22:41 - [TEST_STEP][PASSED] - Statement - counter = counter + 1: null

2018-12-05 12:22:41 - [TEST_STEP][PASSED] - Statement - PreSaveFile = new java.io.File(((pathPrefix + java.lang.Integer.toString(counter)) + .png)): null

2018-12-05 12:22:41 - [TEST_STEP][PASSED] - Statement - counter = counter + 1: null

2018-12-05 12:22:41 - [TEST_STEP][PASSED] - Statement - PreSaveFile = new java.io.File(((pathPrefix + java.lang.Integer.toString(counter)) + .png)): null

2018-12-05 12:22:41 - [TEST_STEP][PASSED] - Statement - counter = counter + 1: null

2018-12-05 12:22:41 - [TEST_STEP][PASSED] - Statement - PreSaveFile = new java.io.File(((pathPrefix + java.lang.Integer.toString(counter)) + .png)): null

2018-12-05 12:22:41 - [TEST_STEP][PASSED] - Statement - counter = counter + 1: null

2018-12-05 12:22:41 - [TEST_STEP][PASSED] - Statement - PreSaveFile = new java.io.File(((pathPrefix + java.lang.Integer.toString(counter)) + .png)): null

2018-12-05 12:22:41 - [TEST_STEP][PASSED] - Statement - counter = counter + 1: null

2018-12-05 12:22:41 - [TEST_STEP][PASSED] - Statement - PreSaveFile = new java.io.File(((pathPrefix + java.lang.Integer.toString(counter)) + .png)): null

2018-12-05 12:22:42 - [TEST_STEP][PASSED] - Statement - counter = counter + 1: null

2018-12-05 12:22:42 - [TEST_STEP][PASSED] - Statement - PreSaveFile = new java.io.File(((pathPrefix + java.lang.Integer.toString(counter)) + .png)): null

2018-12-05 12:22:42 - [TEST_STEP][PASSED] - Statement - counter = counter + 1: null

2018-12-05 12:22:42 - [TEST_STEP][PASSED] - Statement - PreSaveFile = new java.io.File(((pathPrefix + java.lang.Integer.toString(counter)) + .png)): null

2018-12-05 12:22:42 - [TEST_STEP][PASSED] - Statement - counter = counter + 1: null

2018-12-05 12:22:42 - [TEST_STEP][PASSED] - Statement - PreSaveFile = new java.io.File(((pathPrefix + java.lang.Integer.toString(counter)) + .png)): null

2018-12-05 12:22:42 - [TEST_STEP][PASSED] - Statement - counter = counter + 1: null

2018-12-05 12:22:42 - [TEST_STEP][PASSED] - Statement - PreSaveFile = new java.io.File(((pathPrefix + java.lang.Integer.toString(counter)) + .png)): null

2018-12-05 12:22:42 - [TEST_STEP][PASSED] - Statement - counter = counter + 1: null

2018-12-05 12:22:42 - [TEST_STEP][PASSED] - Statement - PreSaveFile = new java.io.File(((pathPrefix + java.lang.Integer.toString(counter)) + .png)): null

2018-12-05 12:22:42 - [TEST_STEP][PASSED] - Statement - counter = counter + 1: null

2018-12-05 12:22:42 - [TEST_STEP][PASSED] - Statement - PreSaveFile = new java.io.File(((pathPrefix + java.lang.Integer.toString(counter)) + .png)): null

2018-12-05 12:22:42 - [TEST_STEP][PASSED] - Statement - counter = counter + 1: null

2018-12-05 12:22:42 - [TEST_STEP][PASSED] - Statement - PreSaveFile = new java.io.File(((pathPrefix + java.lang.Integer.toString(counter)) + .png)): null

2018-12-05 12:22:42 - [TEST_STEP][PASSED] - Statement - counter = counter + 1: null

2018-12-05 12:22:42 - [TEST_STEP][PASSED] - Statement - PreSaveFile = new java.io.File(((pathPrefix + java.lang.Integer.toString(counter)) + .png)): null

2018-12-05 12:22:42 - [TEST_STEP][PASSED] - Statement - counter = counter + 1: null

2018-12-05 12:22:42 - [TEST_STEP][PASSED] - Statement - PreSaveFile = new java.io.File(((pathPrefix + java.lang.Integer.toString(counter)) + .png)): null

2018-12-05 12:22:42 - [TEST_STEP][PASSED] - Statement - counter = counter + 1: null

2018-12-05 12:22:42 - [TEST_STEP][PASSED] - Statement - PreSaveFile = new java.io.File(((pathPrefix + java.lang.Integer.toString(counter)) + .png)): null

2018-12-05 12:22:42 - [TEST_STEP][PASSED] - Statement - counter = counter + 1: null

2018-12-05 12:22:42 - [TEST_STEP][PASSED] - Statement - PreSaveFile = new java.io.File(((pathPrefix + java.lang.Integer.toString(counter)) + .png)): null

2018-12-05 12:22:42 - [TEST_STEP][PASSED] - Statement - counter = counter + 1: null

2018-12-05 12:22:42 - [TEST_STEP][PASSED] - Statement - PreSaveFile = new java.io.File(((pathPrefix + java.lang.Integer.toString(counter)) + .png)): null

2018-12-05 12:22:42 - [TEST_STEP][PASSED] - Statement - counter = counter + 1: null

2018-12-05 12:22:42 - [TEST_STEP][PASSED] - Statement - PreSaveFile = new java.io.File(((pathPrefix + java.lang.Integer.toString(counter)) + .png)): null

2018-12-05 12:22:42 - [TEST_STEP][PASSED] - Statement - counter = counter + 1: null

2018-12-05 12:22:42 - [TEST_STEP][PASSED] - Statement - PreSaveFile = new java.io.File(((pathPrefix + java.lang.Integer.toString(counter)) + .png)): null

2018-12-05 12:22:42 - [TEST_STEP][PASSED] - Statement - counter = counter + 1: null

2018-12-05 12:22:43 - [TEST_STEP][PASSED] - Statement - PreSaveFile = new java.io.File(((pathPrefix + java.lang.Integer.toString(counter)) + .png)): null

2018-12-05 12:22:43 - [TEST_STEP][PASSED] - Statement - counter = counter + 1: null

2018-12-05 12:22:43 - [TEST_STEP][PASSED] - Statement - PreSaveFile = new java.io.File(((pathPrefix + java.lang.Integer.toString(counter)) + .png)): null

2018-12-05 12:22:43 - [TEST_STEP][PASSED] - Statement - counter = counter + 1: null

2018-12-05 12:22:43 - [TEST_STEP][PASSED] - Statement - PreSaveFile = new java.io.File(((pathPrefix + java.lang.Integer.toString(counter)) + .png)): null

2018-12-05 12:22:43 - [TEST_STEP][PASSED] - Statement - counter = counter + 1: null

2018-12-05 12:22:43 - [TEST_STEP][PASSED] - Statement - PreSaveFile = new java.io.File(((pathPrefix + java.lang.Integer.toString(counter)) + .png)): null

2018-12-05 12:22:43 - [TEST_STEP][PASSED] - Statement - counter = counter + 1: null

2018-12-05 12:22:43 - [TEST_STEP][PASSED] - Statement - PreSaveFile = new java.io.File(((pathPrefix + java.lang.Integer.toString(counter)) + .png)): null

2018-12-05 12:22:43 - [TEST_STEP][PASSED] - Statement - counter = counter + 1: null

2018-12-05 12:22:43 - [TEST_STEP][PASSED] - Statement - PreSaveFile = new java.io.File(((pathPrefix + java.lang.Integer.toString(counter)) + .png)): null

2018-12-05 12:22:43 - [TEST_STEP][PASSED] - Statement - counter = counter + 1: null

2018-12-05 12:22:43 - [TEST_STEP][PASSED] - Statement - PreSaveFile = new java.io.File(((pathPrefix + java.lang.Integer.toString(counter)) + .png)): null

2018-12-05 12:22:43 - [TEST_STEP][PASSED] - Statement - counter = counter + 1: null

2018-12-05 12:22:43 - [TEST_STEP][PASSED] - Statement - PreSaveFile = new java.io.File(((pathPrefix + java.lang.Integer.toString(counter)) + .png)): null

2018-12-05 12:22:43 - [TEST_STEP][PASSED] - Statement - counter = counter + 1: null

2018-12-05 12:22:43 - [TEST_STEP][PASSED] - Statement - PreSaveFile = new java.io.File(((pathPrefix + java.lang.Integer.toString(counter)) + .png)): null

2018-12-05 12:22:43 - [TEST_STEP][PASSED] - Statement - counter = counter + 1: null

2018-12-05 12:22:43 - [TEST_STEP][PASSED] - Statement - PreSaveFile = new java.io.File(((pathPrefix + java.lang.Integer.toString(counter)) + .png)): null

2018-12-05 12:22:43 - [TEST_STEP][PASSED] - Statement - counter = counter + 1: null

2018-12-05 12:22:43 - [TEST_STEP][PASSED] - Statement - PreSaveFile = new java.io.File(((pathPrefix + java.lang.Integer.toString(counter)) + .png)): null

2018-12-05 12:22:43 - [TEST_STEP][PASSED] - Statement - counter = counter + 1: null

2018-12-05 12:22:43 - [TEST_STEP][PASSED] - Statement - PreSaveFile = new java.io.File(((pathPrefix + java.lang.Integer.toString(counter)) + .png)): null

2018-12-05 12:22:43 - [TEST_STEP][PASSED] - Statement - counter = counter + 1: null

2018-12-05 12:22:43 - [TEST_STEP][PASSED] - Statement - PreSaveFile = new java.io.File(((pathPrefix + java.lang.Integer.toString(counter)) + .png)): null

2018-12-05 12:22:43 - [TEST_STEP][PASSED] - Statement - counter = counter + 1: null

2018-12-05 12:22:43 - [TEST_STEP][PASSED] - Statement - PreSaveFile = new java.io.File(((pathPrefix + java.lang.Integer.toString(counter)) + .png)): null

2018-12-05 12:22:43 - [TEST_STEP][PASSED] - Statement - counter = counter + 1: null

2018-12-05 12:22:43 - [TEST_STEP][PASSED] - Statement - PreSaveFile = new java.io.File(((pathPrefix + java.lang.Integer.toString(counter)) + .png)): null

2018-12-05 12:22:43 - [TEST_STEP][PASSED] - Statement - counter = counter + 1: null

2018-12-05 12:22:43 - [TEST_STEP][PASSED] - Statement - PreSaveFile = new java.io.File(((pathPrefix + java.lang.Integer.toString(counter)) + .png)): null

2018-12-05 12:22:43 - [TEST_STEP][PASSED] - Statement - counter = counter + 1: null

2018-12-05 12:22:43 - [TEST_STEP][PASSED] - Statement - PreSaveFile = new java.io.File(((pathPrefix + java.lang.Integer.toString(counter)) + .png)): null

2018-12-05 12:22:44 - [TEST_STEP][PASSED] - Statement - counter = counter + 1: null

2018-12-05 12:22:44 - [TEST_STEP][PASSED] - Statement - PreSaveFile = new java.io.File(((pathPrefix + java.lang.Integer.toString(counter)) + .png)): null

2018-12-05 12:22:44 - [TEST_STEP][PASSED] - Statement - counter = counter + 1: null

2018-12-05 12:22:44 - [TEST_STEP][PASSED] - Statement - PreSaveFile = new java.io.File(((pathPrefix + java.lang.Integer.toString(counter)) + .png)): null

2018-12-05 12:22:44 - [TEST_STEP][PASSED] - Statement - counter = counter + 1: null

2018-12-05 12:22:44 - [TEST_STEP][PASSED] - Statement - PreSaveFile = new java.io.File(((pathPrefix + java.lang.Integer.toString(counter)) + .png)): null

2018-12-05 12:22:44 - [TEST_STEP][PASSED] - Statement - counter = counter + 1: null

2018-12-05 12:22:44 - [TEST_STEP][PASSED] - Statement - PreSaveFile = new java.io.File(((pathPrefix + java.lang.Integer.toString(counter)) + .png)): null

2018-12-05 12:22:44 - [TEST_STEP][PASSED] - Statement - counter = counter + 1: null

2018-12-05 12:22:44 - [TEST_STEP][PASSED] - Statement - PreSaveFile = new java.io.File(((pathPrefix + java.lang.Integer.toString(counter)) + .png)): null

2018-12-05 12:22:44 - [TEST_STEP][PASSED] - Statement - counter = counter + 1: null

2018-12-05 12:22:44 - [TEST_STEP][PASSED] - Statement - PreSaveFile = new java.io.File(((pathPrefix + java.lang.Integer.toString(counter)) + .png)): null

2018-12-05 12:22:44 - [TEST_STEP][PASSED] - Statement - counter = counter + 1: null

2018-12-05 12:22:44 - [TEST_STEP][PASSED] - Statement - PreSaveFile = new java.io.File(((pathPrefix + java.lang.Integer.toString(counter)) + .png)): null

2018-12-05 12:22:44 - [TEST_STEP][PASSED] - Statement - counter = counter + 1: null

2018-12-05 12:22:44 - [TEST_STEP][PASSED] - Statement - PreSaveFile = new java.io.File(((pathPrefix + java.lang.Integer.toString(counter)) + .png)): null

2018-12-05 12:22:44 - [TEST_STEP][PASSED] - Statement - counter = counter + 1: null

2018-12-05 12:22:44 - [TEST_STEP][PASSED] - Statement - PreSaveFile = new java.io.File(((pathPrefix + java.lang.Integer.toString(counter)) + .png)): null

2018-12-05 12:22:44 - [TEST_STEP][PASSED] - Statement - counter = counter + 1: null

2018-12-05 12:22:44 - [TEST_STEP][PASSED] - Statement - PreSaveFile = new java.io.File(((pathPrefix + java.lang.Integer.toString(counter)) + .png)): null

2018-12-05 12:22:44 - [TEST_STEP][PASSED] - Statement - counter = counter + 1: null

2018-12-05 12:22:44 - [TEST_STEP][PASSED] - Statement - PreSaveFile = new java.io.File(((pathPrefix + java.lang.Integer.toString(counter)) + .png)): null

2018-12-05 12:22:44 - [TEST_STEP][PASSED] - Statement - counter = counter + 1: null

2018-12-05 12:22:44 - [TEST_STEP][PASSED] - Statement - PreSaveFile = new java.io.File(((pathPrefix + java.lang.Integer.toString(counter)) + .png)): null

2018-12-05 12:22:44 - [TEST_STEP][PASSED] - Statement - counter = counter + 1: null

2018-12-05 12:22:44 - [TEST_STEP][PASSED] - Statement - PreSaveFile = new java.io.File(((pathPrefix + java.lang.Integer.toString(counter)) + .png)): null

2018-12-05 12:22:44 - [TEST_STEP][PASSED] - Statement - counter = counter + 1: null

2018-12-05 12:22:44 - [TEST_STEP][PASSED] - Statement - PreSaveFile = new java.io.File(((pathPrefix + java.lang.Integer.toString(counter)) + .png)): null

2018-12-05 12:22:44 - [TEST_STEP][PASSED] - Statement - counter = counter + 1: null

2018-12-05 12:22:44 - [TEST_STEP][PASSED] - Statement - PreSaveFile = new java.io.File(((pathPrefix + java.lang.Integer.toString(counter)) + .png)): null

2018-12-05 12:22:44 - [TEST_STEP][PASSED] - Statement - counter = counter + 1: null

2018-12-05 12:22:44 - [TEST_STEP][PASSED] - Statement - PreSaveFile = new java.io.File(((pathPrefix + java.lang.Integer.toString(counter)) + .png)): null

2018-12-05 12:22:44 - [TEST_STEP][PASSED] - Statement - counter = counter + 1: null

2018-12-05 12:22:44 - [TEST_STEP][PASSED] - Statement - PreSaveFile = new java.io.File(((pathPrefix + java.lang.Integer.toString(counter)) + .png)): null

2018-12-05 12:22:45 - [TEST_STEP][PASSED] - Statement - counter = counter + 1: null

2018-12-05 12:22:45 - [TEST_STEP][PASSED] - Statement - PreSaveFile = new java.io.File(((pathPrefix + java.lang.Integer.toString(counter)) + .png)): null

2018-12-05 12:22:45 - [TEST_STEP][PASSED] - Statement - counter = counter + 1: null

2018-12-05 12:22:45 - [TEST_STEP][PASSED] - Statement - PreSaveFile = new java.io.File(((pathPrefix + java.lang.Integer.toString(counter)) + .png)): null

2018-12-05 12:22:45 - [TEST_STEP][PASSED] - Statement - counter = counter + 1: null

2018-12-05 12:22:45 - [TEST_STEP][PASSED] - Statement - PreSaveFile = new java.io.File(((pathPrefix + java.lang.Integer.toString(counter)) + .png)): null

2018-12-05 12:22:45 - [TEST_STEP][PASSED] - Statement - counter = counter + 1: null

2018-12-05 12:22:45 - [TEST_STEP][PASSED] - Statement - PreSaveFile = new java.io.File(((pathPrefix + java.lang.Integer.toString(counter)) + .png)): null

2018-12-05 12:22:45 - [TEST_STEP][PASSED] - Statement - counter = counter + 1: null

2018-12-05 12:22:45 - [TEST_STEP][PASSED] - Statement - PreSaveFile = new java.io.File(((pathPrefix + java.lang.Integer.toString(counter)) + .png)): null

2018-12-05 12:22:45 - [TEST_STEP][PASSED] - Statement - counter = counter + 1: null

2018-12-05 12:22:45 - [TEST_STEP][PASSED] - Statement - PreSaveFile = new java.io.File(((pathPrefix + java.lang.Integer.toString(counter)) + .png)): null

2018-12-05 12:22:45 - [TEST_STEP][PASSED] - Statement - counter = counter + 1: null

2018-12-05 12:22:45 - [TEST_STEP][PASSED] - Statement - PreSaveFile = new java.io.File(((pathPrefix + java.lang.Integer.toString(counter)) + .png)): null

2018-12-05 12:22:45 - [TEST_STEP][PASSED] - Statement - counter = counter + 1: null

2018-12-05 12:22:45 - [TEST_STEP][PASSED] - Statement - PreSaveFile = new java.io.File(((pathPrefix + java.lang.Integer.toString(counter)) + .png)): null

2018-12-05 12:22:45 - [TEST_STEP][PASSED] - Statement - counter = counter + 1: null

2018-12-05 12:22:45 - [TEST_STEP][PASSED] - Statement - PreSaveFile = new java.io.File(((pathPrefix + java.lang.Integer.toString(counter)) + .png)): null

2018-12-05 12:22:45 - [TEST_STEP][PASSED] - Statement - counter = counter + 1: null

2018-12-05 12:22:45 - [TEST_STEP][PASSED] - Statement - PreSaveFile = new java.io.File(((pathPrefix + java.lang.Integer.toString(counter)) + .png)): null

2018-12-05 12:22:45 - [TEST_STEP][PASSED] - Statement - counter = counter + 1: null

2018-12-05 12:22:45 - [TEST_STEP][PASSED] - Statement - PreSaveFile = new java.io.File(((pathPrefix + java.lang.Integer.toString(counter)) + .png)): null

2018-12-05 12:22:45 - [TEST_STEP][PASSED] - Statement - counter = counter + 1: null

2018-12-05 12:22:45 - [TEST_STEP][PASSED] - Statement - PreSaveFile = new java.io.File(((pathPrefix + java.lang.Integer.toString(counter)) + .png)): null

2018-12-05 12:22:45 - [TEST_STEP][PASSED] - Statement - counter = counter + 1: null

2018-12-05 12:22:45 - [TEST_STEP][PASSED] - Statement - PreSaveFile = new java.io.File(((pathPrefix + java.lang.Integer.toString(counter)) + .png)): null

2018-12-05 12:22:45 - [TEST_STEP][PASSED] - Statement - counter = counter + 1: null

2018-12-05 12:22:45 - [TEST_STEP][PASSED] - Statement - PreSaveFile = new java.io.File(((pathPrefix + java.lang.Integer.toString(counter)) + .png)): null

2018-12-05 12:22:45 - [TEST_STEP][PASSED] - Statement - counter = counter + 1: null

2018-12-05 12:22:46 - [TEST_STEP][PASSED] - Statement - PreSaveFile = new java.io.File(((pathPrefix + java.lang.Integer.toString(counter)) + .png)): null

2018-12-05 12:22:46 - [TEST_STEP][PASSED] - Statement - counter = counter + 1: null

2018-12-05 12:22:46 - [TEST_STEP][PASSED] - Statement - PreSaveFile = new java.io.File(((pathPrefix + java.lang.Integer.toString(counter)) + .png)): null

2018-12-05 12:22:46 - [TEST_STEP][PASSED] - Statement - counter = counter + 1: null

2018-12-05 12:22:46 - [TEST_STEP][PASSED] - Statement - PreSaveFile = new java.io.File(((pathPrefix + java.lang.Integer.toString(counter)) + .png)): null

2018-12-05 12:22:46 - [TEST_STEP][PASSED] - Statement - counter = counter + 1: null

2018-12-05 12:22:46 - [TEST_STEP][PASSED] - Statement - PreSaveFile = new java.io.File(((pathPrefix + java.lang.Integer.toString(counter)) + .png)): null

2018-12-05 12:22:46 - [TEST_STEP][PASSED] - Statement - counter = counter + 1: null

2018-12-05 12:22:46 - [TEST_STEP][PASSED] - Statement - PreSaveFile = new java.io.File(((pathPrefix + java.lang.Integer.toString(counter)) + .png)): null

2018-12-05 12:22:46 - [TEST_STEP][PASSED] - Statement - counter = counter + 1: null

2018-12-05 12:22:46 - [TEST_STEP][PASSED] - Statement - PreSaveFile = new java.io.File(((pathPrefix + java.lang.Integer.toString(counter)) + .png)): null

2018-12-05 12:22:46 - [TEST_STEP][PASSED] - Statement - counter = counter + 1: null

2018-12-05 12:22:46 - [TEST_STEP][PASSED] - Statement - PreSaveFile = new java.io.File(((pathPrefix + java.lang.Integer.toString(counter)) + .png)): null

2018-12-05 12:22:46 - [TEST_STEP][PASSED] - Statement - counter = counter + 1: null

2018-12-05 12:22:46 - [TEST_STEP][PASSED] - Statement - PreSaveFile = new java.io.File(((pathPrefix + java.lang.Integer.toString(counter)) + .png)): null

2018-12-05 12:22:46 - [TEST_STEP][PASSED] - Statement - counter = counter + 1: null

2018-12-05 12:22:46 - [TEST_STEP][PASSED] - Statement - PreSaveFile = new java.io.File(((pathPrefix + java.lang.Integer.toString(counter)) + .png)): null

2018-12-05 12:22:46 - [TEST_STEP][PASSED] - Statement - counter = counter + 1: null

2018-12-05 12:22:46 - [TEST_STEP][PASSED] - Statement - PreSaveFile = new java.io.File(((pathPrefix + java.lang.Integer.toString(counter)) + .png)): null

2018-12-05 12:22:46 - [TEST_STEP][PASSED] - Statement - counter = counter + 1: null

2018-12-05 12:22:46 - [TEST_STEP][PASSED] - Statement - PreSaveFile = new java.io.File(((pathPrefix + java.lang.Integer.toString(counter)) + .png)): null

2018-12-05 12:22:46 - [TEST_STEP][PASSED] - Statement - counter = counter + 1: null

2018-12-05 12:22:46 - [TEST_STEP][PASSED] - Statement - PreSaveFile = new java.io.File(((pathPrefix + java.lang.Integer.toString(counter)) + .png)): null

2018-12-05 12:22:46 - [TEST_STEP][PASSED] - Statement - counter = counter + 1: null

2018-12-05 12:22:46 - [TEST_STEP][PASSED] - Statement - PreSaveFile = new java.io.File(((pathPrefix + java.lang.Integer.toString(counter)) + .png)): null

2018-12-05 12:22:46 - [TEST_STEP][PASSED] - Statement - counter = counter + 1: null

2018-12-05 12:22:46 - [TEST_STEP][PASSED] - Statement - PreSaveFile = new java.io.File(((pathPrefix + java.lang.Integer.toString(counter)) + .png)): null

2018-12-05 12:22:46 - [TEST_STEP][PASSED] - Statement - counter = counter + 1: null

2018-12-05 12:22:46 - [TEST_STEP][PASSED] - Statement - PreSaveFile = new java.io.File(((pathPrefix + java.lang.Integer.toString(counter)) + .png)): null

2018-12-05 12:22:47 - [TEST_STEP][PASSED] - Statement - counter = counter + 1: null

2018-12-05 12:22:47 - [TEST_STEP][PASSED] - Statement - PreSaveFile = new java.io.File(((pathPrefix + java.lang.Integer.toString(counter)) + .png)): null

2018-12-05 12:22:47 - [TEST_STEP][PASSED] - Statement - counter = counter + 1: null

2018-12-05 12:22:47 - [TEST_STEP][PASSED] - Statement - PreSaveFile = new java.io.File(((pathPrefix + java.lang.Integer.toString(counter)) + .png)): null

2018-12-05 12:22:47 - [TEST_STEP][PASSED] - Statement - counter = counter + 1: null

2018-12-05 12:22:47 - [TEST_STEP][PASSED] - Statement - PreSaveFile = new java.io.File(((pathPrefix + java.lang.Integer.toString(counter)) + .png)): null

2018-12-05 12:22:47 - [TEST_STEP][PASSED] - Statement - counter = counter + 1: null

2018-12-05 12:22:47 - [TEST_STEP][PASSED] - Statement - PreSaveFile = new java.io.File(((pathPrefix + java.lang.Integer.toString(counter)) + .png)): null

2018-12-05 12:22:47 - [TEST_STEP][PASSED] - Statement - counter = counter + 1: null

2018-12-05 12:22:47 - [TEST_STEP][PASSED] - Statement - PreSaveFile = new java.io.File(((pathPrefix + java.lang.Integer.toString(counter)) + .png)): null

2018-12-05 12:22:47 - [TEST_STEP][PASSED] - Statement - counter = counter + 1: null

2018-12-05 12:22:47 - [TEST_STEP][PASSED] - Statement - PreSaveFile = new java.io.File(((pathPrefix + java.lang.Integer.toString(counter)) + .png)): null

2018-12-05 12:22:47 - [TEST_STEP][PASSED] - Statement - counter = counter + 1: null

2018-12-05 12:22:47 - [TEST_STEP][PASSED] - Statement - PreSaveFile = new java.io.File(((pathPrefix + java.lang.Integer.toString(counter)) + .png)): null

2018-12-05 12:22:47 - [TEST_STEP][PASSED] - Statement - counter = counter + 1: null

2018-12-05 12:22:47 - [TEST_STEP][PASSED] - Statement - PreSaveFile = new java.io.File(((pathPrefix + java.lang.Integer.toString(counter)) + .png)): null

2018-12-05 12:22:47 - [TEST_STEP][PASSED] - Statement - counter = counter + 1: null

2018-12-05 12:22:47 - [TEST_STEP][PASSED] - Statement - PreSaveFile = new java.io.File(((pathPrefix + java.lang.Integer.toString(counter)) + .png)): null

2018-12-05 12:22:47 - [TEST_STEP][PASSED] - Statement - counter = counter + 1: null

2018-12-05 12:22:47 - [TEST_STEP][PASSED] - Statement - PreSaveFile = new java.io.File(((pathPrefix + java.lang.Integer.toString(counter)) + .png)): null

2018-12-05 12:22:47 - [TEST_STEP][PASSED] - Statement - counter = counter + 1: null

2018-12-05 12:22:47 - [TEST_STEP][PASSED] - Statement - PreSaveFile = new java.io.File(((pathPrefix + java.lang.Integer.toString(counter)) + .png)): null

2018-12-05 12:22:47 - [TEST_STEP][PASSED] - Statement - counter = counter + 1: null

2018-12-05 12:22:47 - [TEST_STEP][PASSED] - Statement - PreSaveFile = new java.io.File(((pathPrefix + java.lang.Integer.toString(counter)) + .png)): null

2018-12-05 12:22:47 - [TEST_STEP][PASSED] - Statement - counter = counter + 1: null

2018-12-05 12:22:47 - [TEST_STEP][PASSED] - Statement - PreSaveFile = new java.io.File(((pathPrefix + java.lang.Integer.toString(counter)) + .png)): null

2018-12-05 12:22:47 - [TEST_STEP][PASSED] - Statement - counter = counter + 1: null

2018-12-05 12:22:47 - [TEST_STEP][PASSED] - Statement - PreSaveFile = new java.io.File(((pathPrefix + java.lang.Integer.toString(counter)) + .png)): null

2018-12-05 12:22:48 - [TEST_STEP][PASSED] - Statement - counter = counter + 1: null

2018-12-05 12:22:48 - [TEST_STEP][PASSED] - Statement - PreSaveFile = new java.io.File(((pathPrefix + java.lang.Integer.toString(counter)) + .png)): null

2018-12-05 12:22:48 - [TEST_STEP][PASSED] - Statement - counter = counter + 1: null

2018-12-05 12:22:48 - [TEST_STEP][PASSED] - Statement - PreSaveFile = new java.io.File(((pathPrefix + java.lang.Integer.toString(counter)) + .png)): null

2018-12-05 12:22:48 - [TEST_STEP][PASSED] - Statement - counter = counter + 1: null

2018-12-05 12:22:48 - [TEST_STEP][PASSED] - Statement - PreSaveFile = new java.io.File(((pathPrefix + java.lang.Integer.toString(counter)) + .png)): null

2018-12-05 12:22:48 - [TEST_STEP][PASSED] - Statement - counter = counter + 1: null

2018-12-05 12:22:48 - [TEST_STEP][PASSED] - Statement - PreSaveFile = new java.io.File(((pathPrefix + java.lang.Integer.toString(counter)) + .png)): null

2018-12-05 12:22:48 - [TEST_STEP][PASSED] - Statement - counter = counter + 1: null

2018-12-05 12:22:48 - [TEST_STEP][PASSED] - Statement - PreSaveFile = new java.io.File(((pathPrefix + java.lang.Integer.toString(counter)) + .png)): null

2018-12-05 12:22:48 - [TEST_STEP][PASSED] - Statement - counter = counter + 1: null

2018-12-05 12:22:48 - [TEST_STEP][PASSED] - Statement - PreSaveFile = new java.io.File(((pathPrefix + java.lang.Integer.toString(counter)) + .png)): null

2018-12-05 12:22:48 - [TEST_STEP][PASSED] - Statement - counter = counter + 1: null

2018-12-05 12:22:48 - [TEST_STEP][PASSED] - Statement - PreSaveFile = new java.io.File(((pathPrefix + java.lang.Integer.toString(counter)) + .png)): null

2018-12-05 12:22:48 - [TEST_STEP][PASSED] - Statement - counter = counter + 1: null

2018-12-05 12:22:48 - [TEST_STEP][PASSED] - Statement - PreSaveFile = new java.io.File(((pathPrefix + java.lang.Integer.toString(counter)) + .png)): null

2018-12-05 12:22:48 - [TEST_STEP][PASSED] - Statement - counter = counter + 1: null

2018-12-05 12:22:48 - [TEST_STEP][PASSED] - Statement - PreSaveFile = new java.io.File(((pathPrefix + java.lang.Integer.toString(counter)) + .png)): null

2018-12-05 12:22:48 - [TEST_STEP][PASSED] - Statement - counter = counter + 1: null

2018-12-05 12:22:48 - [TEST_STEP][PASSED] - Statement - PreSaveFile = new java.io.File(((pathPrefix + java.lang.Integer.toString(counter)) + .png)): null

2018-12-05 12:22:48 - [TEST_STEP][PASSED] - Statement - counter = counter + 1: null

2018-12-05 12:22:48 - [TEST_STEP][PASSED] - Statement - PreSaveFile = new java.io.File(((pathPrefix + java.lang.Integer.toString(counter)) + .png)): null

2018-12-05 12:22:48 - [TEST_STEP][PASSED] - Statement - counter = counter + 1: null

2018-12-05 12:22:48 - [TEST_STEP][PASSED] - Statement - PreSaveFile = new java.io.File(((pathPrefix + java.lang.Integer.toString(counter)) + .png)): null

2018-12-05 12:22:48 - [TEST_STEP][PASSED] - Statement - counter = counter + 1: null

2018-12-05 12:22:48 - [TEST_STEP][PASSED] - Statement - PreSaveFile = new java.io.File(((pathPrefix + java.lang.Integer.toString(counter)) + .png)): null

2018-12-05 12:22:48 - [TEST_STEP][PASSED] - Statement - counter = counter + 1: null

2018-12-05 12:22:48 - [TEST_STEP][PASSED] - Statement - PreSaveFile = new java.io.File(((pathPrefix + java.lang.Integer.toString(counter)) + .png)): null

2018-12-05 12:22:48 - [TEST_STEP][PASSED] - Statement - counter = counter + 1: null

2018-12-05 12:22:49 - [TEST_STEP][PASSED] - Statement - PreSaveFile = new java.io.File(((pathPrefix + java.lang.Integer.toString(counter)) + .png)): null

2018-12-05 12:22:49 - [TEST_STEP][PASSED] - Statement - counter = counter + 1: null

2018-12-05 12:22:49 - [TEST_STEP][PASSED] - Statement - PreSaveFile = new java.io.File(((pathPrefix + java.lang.Integer.toString(counter)) + .png)): null

2018-12-05 12:22:49 - [TEST_STEP][PASSED] - Statement - counter = counter + 1: null

2018-12-05 12:22:49 - [TEST_STEP][PASSED] - Statement - PreSaveFile = new java.io.File(((pathPrefix + java.lang.Integer.toString(counter)) + .png)): null

2018-12-05 12:22:49 - [TEST_STEP][PASSED] - Statement - finalPath = pathPrefix + java.lang.Integer.toString(counter) + ".png": null

2018-12-05 12:22:49 - [TEST_STEP][PASSED] - Statement - SaveFile = new java.io.File(finalPath): null

2018-12-05 12:22:49 - [TEST_STEP][PASSED] - Statement - Try: null

2018-12-05 12:22:49 - [TEST_STEP][PASSED] - Statement - org.apache.commons.io.FileUtils.copyFile(scrFile, SaveFile): null

2018-12-05 12:22:49 - [TEST_STEP][PASSED] - Statement - out.println("file kept"): null

2018-12-05 12:22:49 - [TEST_STEP][PASSED] - delay: Delayed 10 second(s)

2018-12-05 12:22:59 - [MESSAGE][PASSED] - Delayed 10 second(s)

2018-12-05 12:22:59 - [MESSAGE][PASSED] - Call Test Case 'Test Cases/Final Aug 2018 - PKS Automation/Registration Module/New Registration/Submit and Screenshot/Submit Registration and Screenshot' successfully

2018-12-05 12:22:59 - [TEST_STEP][PASSED] - callTestCase: Call Test Case 'Test Cases/Final Aug 2018 - PKS Automation/Registration Module/Log Out/log out avoiding katalon tagging' successfully

2018-12-05 12:22:59 - [TEST_CASE][PASSED] - Test Cases/Final Aug 2018 - PKS Automation/Registration Module/Log Out/log out avoiding katalon tagging: Test Cases/Final Aug 2018 - PKS Automation/Registration Module/Log Out/log out avoiding katalon tagging

2018-12-05 12:22:59 - [TEST_STEP][PASSED] - navigateToUrl: Navigate to 'https://assist2-uat.perkeso.gov.my/c/portal/logout' successfully

2018-12-05 12:23:00 - [MESSAGE][PASSED] - Navigate to 'https://assist2-uat.perkeso.gov.my/c/portal/logout' successfully

2018-12-05 12:23:00 - [MESSAGE][PASSED] - Call Test Case 'Test Cases/Final Aug 2018 - PKS Automation/Registration Module/Log Out/log out avoiding katalon tagging' successfully

2018-12-05 12:23:00 - [TEST_STEP][PASSED] - callTestCase: Call Test Case 'Test Cases/Final Aug 2018 - PKS Automation/Common/Workflow Owner Finder' successfully

2018-12-05 12:23:00 - [TEST_CASE][PASSED] - Test Cases/Final Aug 2018 - PKS Automation/Common/Workflow Owner Finder: Test Cases/Final Aug 2018 - PKS Automation/Common/Workflow Owner Finder

2018-12-05 12:23:00 - [TEST_STEP][PASSED] - openBrowser: Browser is opened with url: ''

2018-12-05 12:23:00 - [MESSAGE][WARNING] - A browser is already opened. Closing browser and opening a new one

2018-12-05 12:23:03 - [MESSAGE][PASSED] - Browser is opened with url: ''

2018-12-05 12:23:03 - [TEST_STEP][PASSED] - navigateToUrl: Navigate to 'https://assist2-uat.perkeso.gov.my/login' successfully

2018-12-05 12:23:04 - [MESSAGE][PASSED] - Navigate to 'https://assist2-uat.perkeso.gov.my/login' successfully

2018-12-05 12:23:04 - [TEST_STEP][PASSED] - delay: Delayed 5 second(s)

2018-12-05 12:23:09 - [MESSAGE][PASSED] - Delayed 5 second(s)

2018-12-05 12:23:09 - [TEST_STEP][PASSED] - setText: Text 'test@liferay.com' is set on object 'Object Repository/Final Object Repo/Login Page/Internal User/Email Address'

2018-12-05 12:23:09 - [MESSAGE][PASSED] - Text 'test@liferay.com' is set on object 'Object Repository/Final Object Repo/Login Page/Internal User/Email Address'

2018-12-05 12:23:09 - [TEST_STEP][PASSED] - click: Object: 'Object Repository/Final Object Repo/Login Page/Internal User/Next Button' is clicked on

2018-12-05 12:23:10 - [MESSAGE][PASSED] - Object: 'Object Repository/Final Object Repo/Login Page/Internal User/Next Button' is clicked on

2018-12-05 12:23:10 - [TEST_STEP][PASSED] - delay: Delayed 2 second(s)

2018-12-05 12:23:12 - [MESSAGE][PASSED] - Delayed 2 second(s)

2018-12-05 12:23:12 - [TEST_STEP][PASSED] - setText: Text 'test' is set on object 'Object Repository/Final Object Repo/Login Page/Internal User/Password'

2018-12-05 12:23:12 - [MESSAGE][PASSED] - Text 'test' is set on object 'Object Repository/Final Object Repo/Login Page/Internal User/Password'

2018-12-05 12:23:12 - [TEST_STEP][PASSED] - delay: Delayed 2 second(s)

2018-12-05 12:23:14 - [MESSAGE][PASSED] - Delayed 2 second(s)

2018-12-05 12:23:14 - [TEST_STEP][PASSED] - click: Object: 'Object Repository/Final Object Repo/Login Page/Internal User/Login Button' is clicked on

2018-12-05 12:23:14 - [MESSAGE][PASSED] - Object: 'Object Repository/Final Object Repo/Login Page/Internal User/Login Button' is clicked on

2018-12-05 12:23:14 - [TEST_STEP][PASSED] - Statement - tester = com.kms.katalon.core.testobject.ObjectRepository.findTestObject(Final Object Repo/Landing Page/Select to English): Finding Test Object with id 'Object Repository/Final Object Repo/Landing Page/Select to English'

2018-12-05 12:23:14 - [TEST_STEP][PASSED] - Statement - Try: Delayed 2 second(s)

2018-12-05 12:23:14 - [TEST_STEP][PASSED] - Statement - Checker = com.kms.katalon.core.webui.keyword.WebUiBuiltInKeywords.verifyElementNotPresent(tester, 3): Web element with id: 'Object Repository/Final Object Repo/Landing Page/Select to English' located by 'By.xpath: //a[@class = 'taglib-language-list-text' and @lang = 'en-US' and (contains(text(), 'EN') or contains(., 'EN'))]' is not present after '3' second(s)

2018-12-05 12:23:21 - [MESSAGE][PASSED] - Web element with id: 'Object Repository/Final Object Repo/Landing Page/Select to English' located by 'By.xpath: //a[@class = 'taglib-language-list-text' and @lang = 'en-US' and (contains(text(), 'EN') or contains(., 'EN'))]' is not present after '3' second(s)

2018-12-05 12:23:21 - [TEST_STEP][PASSED] - Statement - If (Checker == false): null

2018-12-05 12:23:21 - [TEST_STEP][PASSED] - delay: Delayed 2 second(s)

2018-12-05 12:23:23 - [MESSAGE][PASSED] - Delayed 2 second(s)

2018-12-05 12:23:23 - [TEST_STEP][PASSED] - delay: Delayed 5 second(s)

2018-12-05 12:23:28 - [MESSAGE][PASSED] - Delayed 5 second(s)

2018-12-05 12:23:28 - [TEST_STEP][PASSED] - mouseOver: Object: 'Object Repository/Final Object Repo/Landing Page/WorkFlow Menu' is hovered

2018-12-05 12:23:28 - [MESSAGE][PASSED] - Object: 'Object Repository/Final Object Repo/Landing Page/WorkFlow Menu' is hovered

2018-12-05 12:23:28 - [TEST_STEP][PASSED] - delay: Delayed 2 second(s)

2018-12-05 12:23:30 - [MESSAGE][PASSED] - Delayed 2 second(s)

2018-12-05 12:23:30 - [TEST_STEP][PASSED] - click: Object: 'Object Repository/Final Object Repo/Landing Page/Select to Workflow Listing' is clicked on

2018-12-05 12:23:31 - [MESSAGE][PASSED] - Object: 'Object Repository/Final Object Repo/Landing Page/Select to Workflow Listing' is clicked on

2018-12-05 12:23:31 - [TEST_STEP][PASSED] - delay: Delayed 2 second(s)

2018-12-05 12:23:33 - [MESSAGE][PASSED] - Delayed 2 second(s)

2018-12-05 12:23:33 - [TEST_STEP][PASSED] - click: Object: 'Object Repository/Final Object Repo/WorkFlow Listing Page/Search Information - To Put Ref No' is clicked on

2018-12-05 12:23:34 - [MESSAGE][PASSED] - Object: 'Object Repository/Final Object Repo/WorkFlow Listing Page/Search Information - To Put Ref No' is clicked on

2018-12-05 12:23:34 - [TEST_STEP][PASSED] - delay: Delayed 2 second(s)

2018-12-05 12:23:36 - [MESSAGE][PASSED] - Delayed 2 second(s)

2018-12-05 12:23:36 - [TEST_STEP][PASSED] - callTestCase: Call Test Case 'Test Cases/Final Aug 2018 - PKS Automation/Common/Reference Number Getter' successfully

2018-12-05 12:23:36 - [TEST_CASE][PASSED] - Test Cases/Final Aug 2018 - PKS Automation/Common/Reference Number Getter: Test Cases/Final Aug 2018 - PKS Automation/Common/Reference Number Getter

2018-12-05 12:23:36 - [TEST_STEP][PASSED] - Statement - Try: null

2018-12-05 12:23:36 - [TEST_STEP][PASSED] - Statement - RefNo = new java.io.File(C://Users//Admin//Desktop//PKS//Automation Reference Point//KatalonReference.txt): null

2018-12-05 12:23:36 - [TEST_STEP][PASSED] - Statement - bufferread = new java.io.BufferedReader(new java.io.FileReader(RefNo)): null

2018-12-05 12:23:36 - [TEST_STEP][PASSED] - Statement - readedVal = bufferread.readLine(): null

2018-12-05 12:23:36 - [TEST_STEP][PASSED] - Statement - out.println(CaseReferenceNo): null

2018-12-05 12:23:36 - [TEST_STEP][PASSED] - Statement - out.println(readedVal): null

2018-12-05 12:23:36 - [TEST_STEP][PASSED] - Statement - CaseReferenceNo = "": null

2018-12-05 12:23:36 - [TEST_STEP][PASSED] - Statement - CaseReferenceNo = readedVal: null

2018-12-05 12:23:36 - [MESSAGE][PASSED] - Call Test Case 'Test Cases/Final Aug 2018 - PKS Automation/Common/Reference Number Getter' successfully

2018-12-05 12:23:36 - [TEST_STEP][PASSED] - setText: Text 'CRN12201800123005' is set on object 'Object Repository/Final Object Repo/WorkFlow Listing Page/Ref No Set Text'

2018-12-05 12:23:36 - [MESSAGE][PASSED] - Text 'CRN12201800123005' is set on object 'Object Repository/Final Object Repo/WorkFlow Listing Page/Ref No Set Text'

2018-12-05 12:23:36 - [TEST_STEP][PASSED] - delay: Delayed 2 second(s)

2018-12-05 12:23:38 - [MESSAGE][PASSED] - Delayed 2 second(s)

2018-12-05 12:23:38 - [TEST_STEP][PASSED] - click: Object: 'Object Repository/Final Object Repo/WorkFlow Listing Page/Search Ref No Search Button' is clicked on

2018-12-05 12:23:38 - [MESSAGE][PASSED] - Object: 'Object Repository/Final Object Repo/WorkFlow Listing Page/Search Ref No Search Button' is clicked on

2018-12-05 12:23:38 - [TEST_STEP][PASSED] - delay: Delayed 6 second(s)

2018-12-05 12:23:44 - [MESSAGE][PASSED] - Delayed 6 second(s)

2018-12-05 12:23:44 - [TEST_STEP][PASSED] - click: Object: 'Object Repository/Final Object Repo/WorkFlow Listing Page/Click Continue Tooltip' is clicked on

2018-12-05 12:23:45 - [MESSAGE][PASSED] - Object: 'Object Repository/Final Object Repo/WorkFlow Listing Page/Click Continue Tooltip' is clicked on

2018-12-05 12:23:45 - [TEST_STEP][PASSED] - delay: Delayed 5 second(s)

2018-12-05 12:23:50 - [MESSAGE][PASSED] - Delayed 5 second(s)

2018-12-05 12:23:50 - [TEST_STEP][PASSED] - doubleClick: Object: 'Object Repository/Final Object Repo/WorkFlow Listing Page/Workflow Found - Listing 1' is double clicked on

2018-12-05 12:23:50 - [MESSAGE][PASSED] - Object: 'Object Repository/Final Object Repo/WorkFlow Listing Page/Workflow Found - Listing 1' is double clicked on

2018-12-05 12:23:50 - [TEST_STEP][PASSED] - Statement - println(OwnerID): null

2018-12-05 12:23:50 - [TEST_STEP][PASSED] - Statement - OwnerID = com.kms.katalon.core.webui.keyword.WebUiBuiltInKeywords.getText(com.kms.katalon.core.testobject.ObjectRepository.findTestObject(Final Object Repo/WorkFlow Listing Page/Workflow Found - Listing 1), STOP_ON_FAILURE): Text of object 'Object Repository/Final Object Repo/WorkFlow Listing Page/Workflow Found - Listing 1' is: 'JOHORro2'

2018-12-05 12:23:50 - [MESSAGE][PASSED] - Text of object 'Object Repository/Final Object Repo/WorkFlow Listing Page/Workflow Found - Listing 1' is: 'JOHORro2'

2018-12-05 12:23:50 - [TEST_STEP][PASSED] - Statement - OwnerID = OwnerID.toLowerCase() + "@gmail.com": null

2018-12-05 12:23:50 - [TEST_STEP][PASSED] - Statement - println(OwnerID): null

2018-12-05 12:23:50 - [TEST_STEP][PASSED] - delay: Delayed 2 second(s)

2018-12-05 12:23:52 - [MESSAGE][PASSED] - Delayed 2 second(s)

2018-12-05 12:23:52 - [MESSAGE][PASSED] - Call Test Case 'Test Cases/Final Aug 2018 - PKS Automation/Common/Workflow Owner Finder' successfully

2018-12-05 12:23:52 - [TEST_STEP][PASSED] - callTestCase: Call Test Case 'Test Cases/Final Aug 2018 - PKS Automation/Registration Module/Log Out/log out avoiding katalon tagging' successfully

2018-12-05 12:23:52 - [TEST_CASE][PASSED] - Test Cases/Final Aug 2018 - PKS Automation/Registration Module/Log Out/log out avoiding katalon tagging: Test Cases/Final Aug 2018 - PKS Automation/Registration Module/Log Out/log out avoiding katalon tagging

2018-12-05 12:23:52 - [TEST_STEP][PASSED] - navigateToUrl: Navigate to 'https://assist2-uat.perkeso.gov.my/c/portal/logout' successfully

2018-12-05 12:23:53 - [MESSAGE][PASSED] - Navigate to 'https://assist2-uat.perkeso.gov.my/c/portal/logout' successfully

2018-12-05 12:23:53 - [MESSAGE][PASSED] - Call Test Case 'Test Cases/Final Aug 2018 - PKS Automation/Registration Module/Log Out/log out avoiding katalon tagging' successfully

2018-12-05 12:23:53 - [TEST_STEP][PASSED] - delay: Delayed 2 second(s)

2018-12-05 12:23:55 - [MESSAGE][PASSED] - Delayed 2 second(s)

2018-12-05 12:23:55 - [TEST_STEP][PASSED] - setText: Text 'johorro2@gmail.com' is set on object 'Object Repository/Final Object Repo/New Registration - Registration Module Pages/New Reg - OTC to RO/Special Case - All Related Objects/Email TextBox'

2018-12-05 12:23:56 - [MESSAGE][PASSED] - Text 'johorro2@gmail.com' is set on object 'Object Repository/Final Object Repo/New Registration - Registration Module Pages/New Reg - OTC to RO/Special Case - All Related Objects/Email TextBox'

2018-12-05 12:23:56 - [TEST_STEP][PASSED] - click: Object: 'Object Repository/Final Object Repo/New Registration - Registration Module Pages/New Reg - OTC to RO/Special Case - All Related Objects/Next Button' is clicked on

2018-12-05 12:23:56 - [MESSAGE][PASSED] - Object: 'Object Repository/Final Object Repo/New Registration - Registration Module Pages/New Reg - OTC to RO/Special Case - All Related Objects/Next Button' is clicked on

2018-12-05 12:23:56 - [TEST_STEP][PASSED] - delay: Delayed 2 second(s)

2018-12-05 12:23:58 - [MESSAGE][PASSED] - Delayed 2 second(s)

2018-12-05 12:23:58 - [TEST_STEP][PASSED] - setText: Text 'Test1@3456789' is set on object 'Object Repository/Final Object Repo/New Registration - Registration Module Pages/New Reg - OTC to RO/Special Case - All Related Objects/Password TextBox'

2018-12-05 12:23:58 - [MESSAGE][PASSED] - Text 'Test1@3456789' is set on object 'Object Repository/Final Object Repo/New Registration - Registration Module Pages/New Reg - OTC to RO/Special Case - All Related Objects/Password TextBox'

2018-12-05 12:23:58 - [TEST_STEP][PASSED] - delay: Delayed 2 second(s)

2018-12-05 12:24:00 - [MESSAGE][PASSED] - Delayed 2 second(s)

2018-12-05 12:24:00 - [TEST_STEP][PASSED] - click: Object: 'Object Repository/Final Object Repo/New Registration - Registration Module Pages/New Reg - OTC to RO/Special Case - All Related Objects/Login Button' is clicked on

2018-12-05 12:24:00 - [MESSAGE][PASSED] - Object: 'Object Repository/Final Object Repo/New Registration - Registration Module Pages/New Reg - OTC to RO/Special Case - All Related Objects/Login Button' is clicked on

2018-12-05 12:24:00 - [TEST_STEP][PASSED] - delay: Delayed 2 second(s)

2018-12-05 12:24:02 - [MESSAGE][PASSED] - Delayed 2 second(s)

2018-12-05 12:24:02 - [TEST_STEP][PASSED] - Statement - Try: null

2018-12-05 12:24:02 - [TEST_STEP][PASSED] - Statement - Checker = com.kms.katalon.core.webui.keyword.WebUiBuiltInKeywords.verifyElementNotPresent("Final Object Repo/Landing Page/Select to English", 3): null

2018-12-05 12:24:02 - [TEST_STEP][PASSED] - Statement - Catch (Exception e): null

2018-12-05 12:24:02 - [TEST_STEP][PASSED] - Statement - e.printStackTrace(): null

2018-12-05 12:24:02 - [TEST_STEP][PASSED] - click: Object: 'Object Repository/Final Object Repo/New Registration - Registration Module Pages/New Reg - OTC to RO/Special Case - All Related Objects/Expand to Search' is clicked on

2018-12-05 12:24:02 - [MESSAGE][PASSED] - Object: 'Object Repository/Final Object Repo/New Registration - Registration Module Pages/New Reg - OTC to RO/Special Case - All Related Objects/Expand to Search' is clicked on

2018-12-05 12:24:02 - [TEST_STEP][PASSED] - delay: Delayed 2 second(s)

2018-12-05 12:24:04 - [MESSAGE][PASSED] - Delayed 2 second(s)

2018-12-05 12:24:04 - [TEST_STEP][PASSED] - setText: Text 'CRN12201800123005' is set on object 'Object Repository/Final Object Repo/New Registration - Registration Module Pages/New Reg - OTC to RO/Special Case - All Related Objects/TextBox RefNo in Workbasket'

2018-12-05 12:24:05 - [MESSAGE][PASSED] - Text 'CRN12201800123005' is set on object 'Object Repository/Final Object Repo/New Registration - Registration Module Pages/New Reg - OTC to RO/Special Case - All Related Objects/TextBox RefNo in Workbasket'

2018-12-05 12:24:05 - [TEST_STEP][PASSED] - delay: Delayed 2 second(s)

2018-12-05 12:24:07 - [MESSAGE][PASSED] - Delayed 2 second(s)

2018-12-05 12:24:07 - [TEST_STEP][PASSED] - click: Object: 'Object Repository/Final Object Repo/New Registration - Registration Module Pages/New Reg - OTC to RO/Special Case - All Related Objects/Click Search' is clicked on

2018-12-05 12:24:07 - [MESSAGE][PASSED] - Object: 'Object Repository/Final Object Repo/New Registration - Registration Module Pages/New Reg - OTC to RO/Special Case - All Related Objects/Click Search' is clicked on

2018-12-05 12:24:07 - [TEST_STEP][PASSED] - delay: Delayed 2 second(s)

2018-12-05 12:24:09 - [MESSAGE][PASSED] - Delayed 2 second(s)

2018-12-05 12:24:09 - [TEST_STEP][PASSED] - click: Object: 'Object Repository/Final Object Repo/New Registration - Registration Module Pages/New Reg - OTC to RO/Special Case - All Related Objects/Click to Continue Workflow' is clicked on

2018-12-05 12:24:12 - [MESSAGE][PASSED] - Object: 'Object Repository/Final Object Repo/New Registration - Registration Module Pages/New Reg - OTC to RO/Special Case - All Related Objects/Click to Continue Workflow' is clicked on

2018-12-05 12:24:12 - [TEST_STEP][PASSED] - delay: Delayed 2 second(s)

2018-12-05 12:24:14 - [MESSAGE][PASSED] - Delayed 2 second(s)

2018-12-05 12:24:14 - [TEST_STEP][PASSED] - click: Object: 'Object Repository/Final Object Repo/New Registration - Registration Module Pages/New Reg - OTC to RO/Special Case - All Related Objects/Continue Button in verifying case' is clicked on

2018-12-05 12:24:16 - [MESSAGE][PASSED] - Object: 'Object Repository/Final Object Repo/New Registration - Registration Module Pages/New Reg - OTC to RO/Special Case - All Related Objects/Continue Button in verifying case' is clicked on

2018-12-05 12:24:16 - [TEST_STEP][PASSED] - delay: Delayed 2 second(s)

2018-12-05 12:24:18 - [MESSAGE][PASSED] - Delayed 2 second(s)

2018-12-05 12:24:18 - [TEST_STEP][PASSED] - click: Object: 'Object Repository/Final Object Repo/New Registration - Registration Module Pages/Form 1/Registered As a Branch - Yes' is clicked on

2018-12-05 12:24:19 - [MESSAGE][PASSED] - Object: 'Object Repository/Final Object Repo/New Registration - Registration Module Pages/Form 1/Registered As a Branch - Yes' is clicked on

2018-12-05 12:24:19 - [TEST_STEP][PASSED] - delay: Delayed 2 second(s)

2018-12-05 12:24:21 - [MESSAGE][PASSED] - Delayed 2 second(s)

2018-12-05 12:24:21 - [TEST_STEP][PASSED] - click: Object: 'Object Repository/Final Object Repo/New Registration - Registration Module Pages/New Reg - OTC to RO/Special Case - All Related Objects/Form 1 Save n Continue' is clicked on

2018-12-05 12:24:21 - [MESSAGE][PASSED] - Object: 'Object Repository/Final Object Repo/New Registration - Registration Module Pages/New Reg - OTC to RO/Special Case - All Related Objects/Form 1 Save n Continue' is clicked on

2018-12-05 12:24:21 - [TEST_STEP][PASSED] - delay: Delayed 2 second(s)

2018-12-05 12:24:23 - [MESSAGE][PASSED] - Delayed 2 second(s)

2018-12-05 12:24:23 - [TEST_STEP][PASSED] - click: Object: 'Object Repository/Final Object Repo/New Registration - Registration Module Pages/New Reg - OTC to RO/Special Case - All Related Objects/Form 2 Save n Continue' is clicked on

2018-12-05 12:24:23 - [MESSAGE][PASSED] - Object: 'Object Repository/Final Object Repo/New Registration - Registration Module Pages/New Reg - OTC to RO/Special Case - All Related Objects/Form 2 Save n Continue' is clicked on

2018-12-05 12:24:23 - [TEST_STEP][PASSED] - delay: Delayed 2 second(s)

2018-12-05 12:24:25 - [MESSAGE][PASSED] - Delayed 2 second(s)

2018-12-05 12:24:25 - [TEST_STEP][PASSED] - click: Object: 'Object Repository/Final Object Repo/New Registration - Registration Module Pages/New Reg - OTC to RO/Special Case - All Related Objects/Third Screen Save n Continue' is clicked on

2018-12-05 12:24:30 - [MESSAGE][PASSED] - Object: 'Object Repository/Final Object Repo/New Registration - Registration Module Pages/New Reg - OTC to RO/Special Case - All Related Objects/Third Screen Save n Continue' is clicked on

2018-12-05 12:24:30 - [TEST_STEP][PASSED] - delay: Delayed 5 second(s)

2018-12-05 12:24:35 - [MESSAGE][PASSED] - Delayed 5 second(s)

2018-12-05 12:24:35 - [TEST_STEP][PASSED] - click: Object: 'Object Repository/Final Object Repo/New Registration - Registration Module Pages/New Reg - OTC to RO/Special Case - All Related Objects/Upload Doc Page Save n Continue' is clicked on

2018-12-05 12:24:35 - [MESSAGE][PASSED] - Object: 'Object Repository/Final Object Repo/New Registration - Registration Module Pages/New Reg - OTC to RO/Special Case - All Related Objects/Upload Doc Page Save n Continue' is clicked on

2018-12-05 12:24:35 - [TEST_STEP][PASSED] - delay: Delayed 5 second(s)

2018-12-05 12:24:40 - [MESSAGE][PASSED] - Delayed 5 second(s)

2018-12-05 12:24:40 - [TEST_STEP][PASSED] - click: Object: 'Object Repository/Final Object Repo/New Registration - Registration Module Pages/New Reg - OTC to RO/Special Case - All Related Objects/Under Enforcement Button at Preview Screen of RO' is clicked on

2018-12-05 12:24:41 - [MESSAGE][PASSED] - Object: 'Object Repository/Final Object Repo/New Registration - Registration Module Pages/New Reg - OTC to RO/Special Case - All Related Objects/Under Enforcement Button at Preview Screen of RO' is clicked on

2018-12-05 12:24:41 - [TEST_STEP][PASSED] - delay: Delayed 5 second(s)

2018-12-05 12:24:46 - [MESSAGE][PASSED] - Delayed 5 second(s)

2018-12-05 12:24:46 - [TEST_STEP][PASSED] - click: Object: 'Object Repository/Final Object Repo/New Registration - Registration Module Pages/New Reg - OTC to RO/Special Case - All Related Objects/Under Enforcement - inner form' is clicked on

2018-12-05 12:24:46 - [MESSAGE][PASSED] - Object: 'Object Repository/Final Object Repo/New Registration - Registration Module Pages/New Reg - OTC to RO/Special Case - All Related Objects/Under Enforcement - inner form' is clicked on

2018-12-05 12:24:46 - [TEST_STEP][PASSED] - callTestCase: Call Test Case 'Test Cases/Final Aug 2018 - PKS Automation/Common/Screenshoting tool' successfully

2018-12-05 12:24:46 - [TEST_CASE][PASSED] - Test Cases/Final Aug 2018 - PKS Automation/Common/Screenshoting tool: Test Cases/Final Aug 2018 - PKS Automation/Common/Screenshoting tool

2018-12-05 12:24:46 - [TEST_STEP][PASSED] - delay: Delayed 15 second(s)

2018-12-05 12:25:01 - [MESSAGE][PASSED] - Delayed 15 second(s)

2018-12-05 12:25:01 - [TEST_STEP][PASSED] - Statement - driver = com.kms.katalon.core.webui.driver.DriverFactory.getWebDriver(): null

2018-12-05 12:25:01 - [TEST_STEP][PASSED] - Statement - driver.manage().timeouts().implicitlyWait(10, SECONDS): null

2018-12-05 12:25:01 - [TEST_STEP][PASSED] - Statement - PresavePath = KatalonScreenshots: null

2018-12-05 12:25:01 - [TEST_STEP][PASSED] - Statement - pathPrefix = "C:\Users\Public\Pictures\Sample Pictures\Katalon Screenshots\Automate Ending Screen": null

2018-12-05 12:25:01 - [TEST_STEP][PASSED] - Statement - finalPath = <not implemented yet for class: org.codehaus.groovy.ast.expr.EmptyExpression>: null

2018-12-05 12:25:01 - [TEST_STEP][PASSED] - Statement - scrFile = driver.getScreenshotAs(FILE): null

2018-12-05 12:25:01 - [TEST_STEP][PASSED] - Statement - PreSaveFile = new java.io.File(PresavePath): null

2018-12-05 12:25:01 - [TEST_STEP][PASSED] - Statement - counter = 0: null

2018-12-05 12:25:01 - [TEST_STEP][PASSED] - Statement - If (PreSaveFile.exists()): null

2018-12-05 12:25:01 - [TEST_STEP][PASSED] - Statement - While (PreSaveFile.exists()): null

2018-12-05 12:25:01 - [TEST_STEP][PASSED] - Statement - counter = counter + 1: null

2018-12-05 12:25:01 - [TEST_STEP][PASSED] - Statement - PreSaveFile = new java.io.File(((pathPrefix + java.lang.Integer.toString(counter)) + .png)): null

2018-12-05 12:25:01 - [TEST_STEP][PASSED] - Statement - counter = counter + 1: null

2018-12-05 12:25:01 - [TEST_STEP][PASSED] - Statement - PreSaveFile = new java.io.File(((pathPrefix + java.lang.Integer.toString(counter)) + .png)): null

2018-12-05 12:25:01 - [TEST_STEP][PASSED] - Statement - counter = counter + 1: null

2018-12-05 12:25:01 - [TEST_STEP][PASSED] - Statement - PreSaveFile = new java.io.File(((pathPrefix + java.lang.Integer.toString(counter)) + .png)): null

2018-12-05 12:25:01 - [TEST_STEP][PASSED] - Statement - counter = counter + 1: null

2018-12-05 12:25:01 - [TEST_STEP][PASSED] - Statement - PreSaveFile = new java.io.File(((pathPrefix + java.lang.Integer.toString(counter)) + .png)): null

2018-12-05 12:25:01 - [TEST_STEP][PASSED] - Statement - counter = counter + 1: null

2018-12-05 12:25:01 - [TEST_STEP][PASSED] - Statement - PreSaveFile = new java.io.File(((pathPrefix + java.lang.Integer.toString(counter)) + .png)): null

2018-12-05 12:25:01 - [TEST_STEP][PASSED] - Statement - counter = counter + 1: null

2018-12-05 12:25:01 - [TEST_STEP][PASSED] - Statement - PreSaveFile = new java.io.File(((pathPrefix + java.lang.Integer.toString(counter)) + .png)): null

2018-12-05 12:25:01 - [TEST_STEP][PASSED] - Statement - counter = counter + 1: null

2018-12-05 12:25:01 - [TEST_STEP][PASSED] - Statement - PreSaveFile = new java.io.File(((pathPrefix + java.lang.Integer.toString(counter)) + .png)): null

2018-12-05 12:25:01 - [TEST_STEP][PASSED] - Statement - counter = counter + 1: null

2018-12-05 12:25:01 - [TEST_STEP][PASSED] - Statement - PreSaveFile = new java.io.File(((pathPrefix + java.lang.Integer.toString(counter)) + .png)): null

2018-12-05 12:25:01 - [TEST_STEP][PASSED] - Statement - counter = counter + 1: null

2018-12-05 12:25:01 - [TEST_STEP][PASSED] - Statement - PreSaveFile = new java.io.File(((pathPrefix + java.lang.Integer.toString(counter)) + .png)): null

2018-12-05 12:25:01 - [TEST_STEP][PASSED] - Statement - counter = counter + 1: null

2018-12-05 12:25:01 - [TEST_STEP][PASSED] - Statement - PreSaveFile = new java.io.File(((pathPrefix + java.lang.Integer.toString(counter)) + .png)): null

2018-12-05 12:25:01 - [TEST_STEP][PASSED] - Statement - counter = counter + 1: null

2018-12-05 12:25:01 - [TEST_STEP][PASSED] - Statement - PreSaveFile = new java.io.File(((pathPrefix + java.lang.Integer.toString(counter)) + .png)): null

2018-12-05 12:25:01 - [TEST_STEP][PASSED] - Statement - counter = counter + 1: null

2018-12-05 12:25:01 - [TEST_STEP][PASSED] - Statement - PreSaveFile = new java.io.File(((pathPrefix + java.lang.Integer.toString(counter)) + .png)): null

2018-12-05 12:25:01 - [TEST_STEP][PASSED] - Statement - counter = counter + 1: null

2018-12-05 12:25:01 - [TEST_STEP][PASSED] - Statement - PreSaveFile = new java.io.File(((pathPrefix + java.lang.Integer.toString(counter)) + .png)): null

2018-12-05 12:25:01 - [TEST_STEP][PASSED] - Statement - counter = counter + 1: null

2018-12-05 12:25:01 - [TEST_STEP][PASSED] - Statement - PreSaveFile = new java.io.File(((pathPrefix + java.lang.Integer.toString(counter)) + .png)): null

2018-12-05 12:25:01 - [TEST_STEP][PASSED] - Statement - counter = counter + 1: null

2018-12-05 12:25:01 - [TEST_STEP][PASSED] - Statement - PreSaveFile = new java.io.File(((pathPrefix + java.lang.Integer.toString(counter)) + .png)): null

2018-12-05 12:25:01 - [TEST_STEP][PASSED] - Statement - counter = counter + 1: null

2018-12-05 12:25:01 - [TEST_STEP][PASSED] - Statement - PreSaveFile = new java.io.File(((pathPrefix + java.lang.Integer.toString(counter)) + .png)): null

2018-12-05 12:25:01 - [TEST_STEP][PASSED] - Statement - counter = counter + 1: null

2018-12-05 12:25:01 - [TEST_STEP][PASSED] - Statement - PreSaveFile = new java.io.File(((pathPrefix + java.lang.Integer.toString(counter)) + .png)): null

2018-12-05 12:25:02 - [TEST_STEP][PASSED] - Statement - counter = counter + 1: null

2018-12-05 12:25:02 - [TEST_STEP][PASSED] - Statement - PreSaveFile = new java.io.File(((pathPrefix + java.lang.Integer.toString(counter)) + .png)): null

2018-12-05 12:25:02 - [TEST_STEP][PASSED] - Statement - counter = counter + 1: null

2018-12-05 12:25:02 - [TEST_STEP][PASSED] - Statement - PreSaveFile = new java.io.File(((pathPrefix + java.lang.Integer.toString(counter)) + .png)): null

2018-12-05 12:25:02 - [TEST_STEP][PASSED] - Statement - counter = counter + 1: null

2018-12-05 12:25:02 - [TEST_STEP][PASSED] - Statement - PreSaveFile = new java.io.File(((pathPrefix + java.lang.Integer.toString(counter)) + .png)): null

2018-12-05 12:25:02 - [TEST_STEP][PASSED] - Statement - counter = counter + 1: null

2018-12-05 12:25:02 - [TEST_STEP][PASSED] - Statement - PreSaveFile = new java.io.File(((pathPrefix + java.lang.Integer.toString(counter)) + .png)): null

2018-12-05 12:25:02 - [TEST_STEP][PASSED] - Statement - counter = counter + 1: null

2018-12-05 12:25:02 - [TEST_STEP][PASSED] - Statement - PreSaveFile = new java.io.File(((pathPrefix + java.lang.Integer.toString(counter)) + .png)): null

2018-12-05 12:25:02 - [TEST_STEP][PASSED] - Statement - counter = counter + 1: null

2018-12-05 12:25:02 - [TEST_STEP][PASSED] - Statement - PreSaveFile = new java.io.File(((pathPrefix + java.lang.Integer.toString(counter)) + .png)): null

2018-12-05 12:25:02 - [TEST_STEP][PASSED] - Statement - counter = counter + 1: null

2018-12-05 12:25:02 - [TEST_STEP][PASSED] - Statement - PreSaveFile = new java.io.File(((pathPrefix + java.lang.Integer.toString(counter)) + .png)): null

2018-12-05 12:25:02 - [TEST_STEP][PASSED] - Statement - counter = counter + 1: null

2018-12-05 12:25:02 - [TEST_STEP][PASSED] - Statement - PreSaveFile = new java.io.File(((pathPrefix + java.lang.Integer.toString(counter)) + .png)): null

2018-12-05 12:25:02 - [TEST_STEP][PASSED] - Statement - counter = counter + 1: null

2018-12-05 12:25:02 - [TEST_STEP][PASSED] - Statement - PreSaveFile = new java.io.File(((pathPrefix + java.lang.Integer.toString(counter)) + .png)): null

2018-12-05 12:25:02 - [TEST_STEP][PASSED] - Statement - counter = counter + 1: null

2018-12-05 12:25:02 - [TEST_STEP][PASSED] - Statement - PreSaveFile = new java.io.File(((pathPrefix + java.lang.Integer.toString(counter)) + .png)): null

2018-12-05 12:25:02 - [TEST_STEP][PASSED] - Statement - counter = counter + 1: null

2018-12-05 12:25:02 - [TEST_STEP][PASSED] - Statement - PreSaveFile = new java.io.File(((pathPrefix + java.lang.Integer.toString(counter)) + .png)): null

2018-12-05 12:25:03 - [TEST_STEP][PASSED] - Statement - counter = counter + 1: null

2018-12-05 12:25:03 - [TEST_STEP][PASSED] - Statement - PreSaveFile = new java.io.File(((pathPrefix + java.lang.Integer.toString(counter)) + .png)): null

2018-12-05 12:25:03 - [TEST_STEP][PASSED] - Statement - counter = counter + 1: null

2018-12-05 12:25:03 - [TEST_STEP][PASSED] - Statement - PreSaveFile = new java.io.File(((pathPrefix + java.lang.Integer.toString(counter)) + .png)): null

2018-12-05 12:25:03 - [TEST_STEP][PASSED] - Statement - counter = counter + 1: null

2018-12-05 12:25:03 - [TEST_STEP][PASSED] - Statement - PreSaveFile = new java.io.File(((pathPrefix + java.lang.Integer.toString(counter)) + .png)): null

2018-12-05 12:25:03 - [TEST_STEP][PASSED] - Statement - counter = counter + 1: null

2018-12-05 12:25:03 - [TEST_STEP][PASSED] - Statement - PreSaveFile = new java.io.File(((pathPrefix + java.lang.Integer.toString(counter)) + .png)): null

2018-12-05 12:25:03 - [TEST_STEP][PASSED] - Statement - counter = counter + 1: null

2018-12-05 12:25:03 - [TEST_STEP][PASSED] - Statement - PreSaveFile = new java.io.File(((pathPrefix + java.lang.Integer.toString(counter)) + .png)): null

2018-12-05 12:25:03 - [TEST_STEP][PASSED] - Statement - counter = counter + 1: null

2018-12-05 12:25:03 - [TEST_STEP][PASSED] - Statement - PreSaveFile = new java.io.File(((pathPrefix + java.lang.Integer.toString(counter)) + .png)): null

2018-12-05 12:25:03 - [TEST_STEP][PASSED] - Statement - counter = counter + 1: null

2018-12-05 12:25:03 - [TEST_STEP][PASSED] - Statement - PreSaveFile = new java.io.File(((pathPrefix + java.lang.Integer.toString(counter)) + .png)): null

2018-12-05 12:25:03 - [TEST_STEP][PASSED] - Statement - counter = counter + 1: null

2018-12-05 12:25:03 - [TEST_STEP][PASSED] - Statement - PreSaveFile = new java.io.File(((pathPrefix + java.lang.Integer.toString(counter)) + .png)): null

2018-12-05 12:25:03 - [TEST_STEP][PASSED] - Statement - counter = counter + 1: null

2018-12-05 12:25:03 - [TEST_STEP][PASSED] - Statement - PreSaveFile = new java.io.File(((pathPrefix + java.lang.Integer.toString(counter)) + .png)): null

2018-12-05 12:25:03 - [TEST_STEP][PASSED] - Statement - counter = counter + 1: null

2018-12-05 12:25:03 - [TEST_STEP][PASSED] - Statement - PreSaveFile = new java.io.File(((pathPrefix + java.lang.Integer.toString(counter)) + .png)): null

2018-12-05 12:25:03 - [TEST_STEP][PASSED] - Statement - counter = counter + 1: null

2018-12-05 12:25:03 - [TEST_STEP][PASSED] - Statement - PreSaveFile = new java.io.File(((pathPrefix + java.lang.Integer.toString(counter)) + .png)): null

2018-12-05 12:25:03 - [TEST_STEP][PASSED] - Statement - counter = counter + 1: null

2018-12-05 12:25:03 - [TEST_STEP][PASSED] - Statement - PreSaveFile = new java.io.File(((pathPrefix + java.lang.Integer.toString(counter)) + .png)): null

2018-12-05 12:25:03 - [TEST_STEP][PASSED] - Statement - counter = counter + 1: null

2018-12-05 12:25:03 - [TEST_STEP][PASSED] - Statement - PreSaveFile = new java.io.File(((pathPrefix + java.lang.Integer.toString(counter)) + .png)): null

2018-12-05 12:25:03 - [TEST_STEP][PASSED] - Statement - counter = counter + 1: null

2018-12-05 12:25:03 - [TEST_STEP][PASSED] - Statement - PreSaveFile = new java.io.File(((pathPrefix + java.lang.Integer.toString(counter)) + .png)): null

2018-12-05 12:25:03 - [TEST_STEP][PASSED] - Statement - counter = counter + 1: null

2018-12-05 12:25:03 - [TEST_STEP][PASSED] - Statement - PreSaveFile = new java.io.File(((pathPrefix + java.lang.Integer.toString(counter)) + .png)): null

2018-12-05 12:25:03 - [TEST_STEP][PASSED] - Statement - counter = counter + 1: null

2018-12-05 12:25:03 - [TEST_STEP][PASSED] - Statement - PreSaveFile = new java.io.File(((pathPrefix + java.lang.Integer.toString(counter)) + .png)): null

2018-12-05 12:25:03 - [TEST_STEP][PASSED] - Statement - counter = counter + 1: null

2018-12-05 12:25:03 - [TEST_STEP][PASSED] - Statement - PreSaveFile = new java.io.File(((pathPrefix + java.lang.Integer.toString(counter)) + .png)): null

2018-12-05 12:25:03 - [TEST_STEP][PASSED] - Statement - counter = counter + 1: null

2018-12-05 12:25:03 - [TEST_STEP][PASSED] - Statement - PreSaveFile = new java.io.File(((pathPrefix + java.lang.Integer.toString(counter)) + .png)): null

2018-12-05 12:25:03 - [TEST_STEP][PASSED] - Statement - counter = counter + 1: null

2018-12-05 12:25:03 - [TEST_STEP][PASSED] - Statement - PreSaveFile = new java.io.File(((pathPrefix + java.lang.Integer.toString(counter)) + .png)): null

2018-12-05 12:25:03 - [TEST_STEP][PASSED] - Statement - counter = counter + 1: null

2018-12-05 12:25:03 - [TEST_STEP][PASSED] - Statement - PreSaveFile = new java.io.File(((pathPrefix + java.lang.Integer.toString(counter)) + .png)): null

2018-12-05 12:25:03 - [TEST_STEP][PASSED] - Statement - counter = counter + 1: null

2018-12-05 12:25:03 - [TEST_STEP][PASSED] - Statement - PreSaveFile = new java.io.File(((pathPrefix + java.lang.Integer.toString(counter)) + .png)): null

2018-12-05 12:25:03 - [TEST_STEP][PASSED] - Statement - counter = counter + 1: null

2018-12-05 12:25:03 - [TEST_STEP][PASSED] - Statement - PreSaveFile = new java.io.File(((pathPrefix + java.lang.Integer.toString(counter)) + .png)): null

2018-12-05 12:25:03 - [TEST_STEP][PASSED] - Statement - counter = counter + 1: null

2018-12-05 12:25:03 - [TEST_STEP][PASSED] - Statement - PreSaveFile = new java.io.File(((pathPrefix + java.lang.Integer.toString(counter)) + .png)): null

2018-12-05 12:25:03 - [TEST_STEP][PASSED] - Statement - counter = counter + 1: null

2018-12-05 12:25:03 - [TEST_STEP][PASSED] - Statement - PreSaveFile = new java.io.File(((pathPrefix + java.lang.Integer.toString(counter)) + .png)): null

2018-12-05 12:25:04 - [TEST_STEP][PASSED] - Statement - counter = counter + 1: null

2018-12-05 12:25:04 - [TEST_STEP][PASSED] - Statement - PreSaveFile = new java.io.File(((pathPrefix + java.lang.Integer.toString(counter)) + .png)): null

2018-12-05 12:25:04 - [TEST_STEP][PASSED] - Statement - counter = counter + 1: null

2018-12-05 12:25:04 - [TEST_STEP][PASSED] - Statement - PreSaveFile = new java.io.File(((pathPrefix + java.lang.Integer.toString(counter)) + .png)): null

2018-12-05 12:25:04 - [TEST_STEP][PASSED] - Statement - counter = counter + 1: null

2018-12-05 12:25:04 - [TEST_STEP][PASSED] - Statement - PreSaveFile = new java.io.File(((pathPrefix + java.lang.Integer.toString(counter)) + .png)): null

2018-12-05 12:25:04 - [TEST_STEP][PASSED] - Statement - counter = counter + 1: null

2018-12-05 12:25:04 - [TEST_STEP][PASSED] - Statement - PreSaveFile = new java.io.File(((pathPrefix + java.lang.Integer.toString(counter)) + .png)): null

2018-12-05 12:25:04 - [TEST_STEP][PASSED] - Statement - counter = counter + 1: null

2018-12-05 12:25:04 - [TEST_STEP][PASSED] - Statement - PreSaveFile = new java.io.File(((pathPrefix + java.lang.Integer.toString(counter)) + .png)): null

2018-12-05 12:25:04 - [TEST_STEP][PASSED] - Statement - counter = counter + 1: null

2018-12-05 12:25:04 - [TEST_STEP][PASSED] - Statement - PreSaveFile = new java.io.File(((pathPrefix + java.lang.Integer.toString(counter)) + .png)): null

2018-12-05 12:25:04 - [TEST_STEP][PASSED] - Statement - counter = counter + 1: null

2018-12-05 12:25:04 - [TEST_STEP][PASSED] - Statement - PreSaveFile = new java.io.File(((pathPrefix + java.lang.Integer.toString(counter)) + .png)): null

2018-12-05 12:25:04 - [TEST_STEP][PASSED] - Statement - counter = counter + 1: null

2018-12-05 12:25:04 - [TEST_STEP][PASSED] - Statement - PreSaveFile = new java.io.File(((pathPrefix + java.lang.Integer.toString(counter)) + .png)): null

2018-12-05 12:25:04 - [TEST_STEP][PASSED] - Statement - counter = counter + 1: null

2018-12-05 12:25:04 - [TEST_STEP][PASSED] - Statement - PreSaveFile = new java.io.File(((pathPrefix + java.lang.Integer.toString(counter)) + .png)): null

2018-12-05 12:25:04 - [TEST_STEP][PASSED] - Statement - counter = counter + 1: null

2018-12-05 12:25:04 - [TEST_STEP][PASSED] - Statement - PreSaveFile = new java.io.File(((pathPrefix + java.lang.Integer.toString(counter)) + .png)): null

2018-12-05 12:25:04 - [TEST_STEP][PASSED] - Statement - counter = counter + 1: null

2018-12-05 12:25:04 - [TEST_STEP][PASSED] - Statement - PreSaveFile = new java.io.File(((pathPrefix + java.lang.Integer.toString(counter)) + .png)): null

2018-12-05 12:25:04 - [TEST_STEP][PASSED] - Statement - counter = counter + 1: null

2018-12-05 12:25:04 - [TEST_STEP][PASSED] - Statement - PreSaveFile = new java.io.File(((pathPrefix + java.lang.Integer.toString(counter)) + .png)): null

2018-12-05 12:25:04 - [TEST_STEP][PASSED] - Statement - counter = counter + 1: null

2018-12-05 12:25:04 - [TEST_STEP][PASSED] - Statement - PreSaveFile = new java.io.File(((pathPrefix + java.lang.Integer.toString(counter)) + .png)): null

2018-12-05 12:25:04 - [TEST_STEP][PASSED] - Statement - counter = counter + 1: null

2018-12-05 12:25:04 - [TEST_STEP][PASSED] - Statement - PreSaveFile = new java.io.File(((pathPrefix + java.lang.Integer.toString(counter)) + .png)): null

2018-12-05 12:25:04 - [TEST_STEP][PASSED] - Statement - counter = counter + 1: null

2018-12-05 12:25:05 - [TEST_STEP][PASSED] - Statement - PreSaveFile = new java.io.File(((pathPrefix + java.lang.Integer.toString(counter)) + .png)): null

2018-12-05 12:25:05 - [TEST_STEP][PASSED] - Statement - counter = counter + 1: null

2018-12-05 12:25:05 - [TEST_STEP][PASSED] - Statement - PreSaveFile = new java.io.File(((pathPrefix + java.lang.Integer.toString(counter)) + .png)): null

2018-12-05 12:25:05 - [TEST_STEP][PASSED] - Statement - counter = counter + 1: null

2018-12-05 12:25:05 - [TEST_STEP][PASSED] - Statement - PreSaveFile = new java.io.File(((pathPrefix + java.lang.Integer.toString(counter)) + .png)): null

2018-12-05 12:25:05 - [TEST_STEP][PASSED] - Statement - counter = counter + 1: null

2018-12-05 12:25:05 - [TEST_STEP][PASSED] - Statement - PreSaveFile = new java.io.File(((pathPrefix + java.lang.Integer.toString(counter)) + .png)): null

2018-12-05 12:25:05 - [TEST_STEP][PASSED] - Statement - counter = counter + 1: null

2018-12-05 12:25:05 - [TEST_STEP][PASSED] - Statement - PreSaveFile = new java.io.File(((pathPrefix + java.lang.Integer.toString(counter)) + .png)): null

2018-12-05 12:25:05 - [TEST_STEP][PASSED] - Statement - counter = counter + 1: null

2018-12-05 12:25:05 - [TEST_STEP][PASSED] - Statement - PreSaveFile = new java.io.File(((pathPrefix + java.lang.Integer.toString(counter)) + .png)): null

2018-12-05 12:25:05 - [TEST_STEP][PASSED] - Statement - counter = counter + 1: null

2018-12-05 12:25:05 - [TEST_STEP][PASSED] - Statement - PreSaveFile = new java.io.File(((pathPrefix + java.lang.Integer.toString(counter)) + .png)): null

2018-12-05 12:25:05 - [TEST_STEP][PASSED] - Statement - counter = counter + 1: null

2018-12-05 12:25:05 - [TEST_STEP][PASSED] - Statement - PreSaveFile = new java.io.File(((pathPrefix + java.lang.Integer.toString(counter)) + .png)): null

2018-12-05 12:25:05 - [TEST_STEP][PASSED] - Statement - counter = counter + 1: null

2018-12-05 12:25:05 - [TEST_STEP][PASSED] - Statement - PreSaveFile = new java.io.File(((pathPrefix + java.lang.Integer.toString(counter)) + .png)): null

2018-12-05 12:25:05 - [TEST_STEP][PASSED] - Statement - counter = counter + 1: null

2018-12-05 12:25:05 - [TEST_STEP][PASSED] - Statement - PreSaveFile = new java.io.File(((pathPrefix + java.lang.Integer.toString(counter)) + .png)): null

2018-12-05 12:25:05 - [TEST_STEP][PASSED] - Statement - counter = counter + 1: null

2018-12-05 12:25:05 - [TEST_STEP][PASSED] - Statement - PreSaveFile = new java.io.File(((pathPrefix + java.lang.Integer.toString(counter)) + .png)): null

2018-12-05 12:25:05 - [TEST_STEP][PASSED] - Statement - counter = counter + 1: null

2018-12-05 12:25:05 - [TEST_STEP][PASSED] - Statement - PreSaveFile = new java.io.File(((pathPrefix + java.lang.Integer.toString(counter)) + .png)): null

2018-12-05 12:25:05 - [TEST_STEP][PASSED] - Statement - counter = counter + 1: null

2018-12-05 12:25:05 - [TEST_STEP][PASSED] - Statement - PreSaveFile = new java.io.File(((pathPrefix + java.lang.Integer.toString(counter)) + .png)): null

2018-12-05 12:25:05 - [TEST_STEP][PASSED] - Statement - counter = counter + 1: null

2018-12-05 12:25:05 - [TEST_STEP][PASSED] - Statement - PreSaveFile = new java.io.File(((pathPrefix + java.lang.Integer.toString(counter)) + .png)): null

2018-12-05 12:25:05 - [TEST_STEP][PASSED] - Statement - counter = counter + 1: null

2018-12-05 12:25:06 - [TEST_STEP][PASSED] - Statement - PreSaveFile = new java.io.File(((pathPrefix + java.lang.Integer.toString(counter)) + .png)): null

2018-12-05 12:25:06 - [TEST_STEP][PASSED] - Statement - counter = counter + 1: null

2018-12-05 12:25:06 - [TEST_STEP][PASSED] - Statement - PreSaveFile = new java.io.File(((pathPrefix + java.lang.Integer.toString(counter)) + .png)): null

2018-12-05 12:25:06 - [TEST_STEP][PASSED] - Statement - counter = counter + 1: null

2018-12-05 12:25:06 - [TEST_STEP][PASSED] - Statement - PreSaveFile = new java.io.File(((pathPrefix + java.lang.Integer.toString(counter)) + .png)): null

2018-12-05 12:25:06 - [TEST_STEP][PASSED] - Statement - counter = counter + 1: null

2018-12-05 12:25:06 - [TEST_STEP][PASSED] - Statement - PreSaveFile = new java.io.File(((pathPrefix + java.lang.Integer.toString(counter)) + .png)): null

2018-12-05 12:25:06 - [TEST_STEP][PASSED] - Statement - counter = counter + 1: null

2018-12-05 12:25:06 - [TEST_STEP][PASSED] - Statement - PreSaveFile = new java.io.File(((pathPrefix + java.lang.Integer.toString(counter)) + .png)): null

2018-12-05 12:25:06 - [TEST_STEP][PASSED] - Statement - counter = counter + 1: null

2018-12-05 12:25:06 - [TEST_STEP][PASSED] - Statement - PreSaveFile = new java.io.File(((pathPrefix + java.lang.Integer.toString(counter)) + .png)): null

2018-12-05 12:25:06 - [TEST_STEP][PASSED] - Statement - counter = counter + 1: null

2018-12-05 12:25:06 - [TEST_STEP][PASSED] - Statement - PreSaveFile = new java.io.File(((pathPrefix + java.lang.Integer.toString(counter)) + .png)): null

2018-12-05 12:25:06 - [TEST_STEP][PASSED] - Statement - counter = counter + 1: null

2018-12-05 12:25:06 - [TEST_STEP][PASSED] - Statement - PreSaveFile = new java.io.File(((pathPrefix + java.lang.Integer.toString(counter)) + .png)): null

2018-12-05 12:25:06 - [TEST_STEP][PASSED] - Statement - counter = counter + 1: null

2018-12-05 12:25:06 - [TEST_STEP][PASSED] - Statement - PreSaveFile = new java.io.File(((pathPrefix + java.lang.Integer.toString(counter)) + .png)): null

2018-12-05 12:25:06 - [TEST_STEP][PASSED] - Statement - counter = counter + 1: null

2018-12-05 12:25:06 - [TEST_STEP][PASSED] - Statement - PreSaveFile = new java.io.File(((pathPrefix + java.lang.Integer.toString(counter)) + .png)): null

2018-12-05 12:25:06 - [TEST_STEP][PASSED] - Statement - counter = counter + 1: null

2018-12-05 12:25:06 - [TEST_STEP][PASSED] - Statement - PreSaveFile = new java.io.File(((pathPrefix + java.lang.Integer.toString(counter)) + .png)): null

2018-12-05 12:25:06 - [TEST_STEP][PASSED] - Statement - counter = counter + 1: null

2018-12-05 12:25:06 - [TEST_STEP][PASSED] - Statement - PreSaveFile = new java.io.File(((pathPrefix + java.lang.Integer.toString(counter)) + .png)): null

2018-12-05 12:25:06 - [TEST_STEP][PASSED] - Statement - counter = counter + 1: null

2018-12-05 12:25:06 - [TEST_STEP][PASSED] - Statement - PreSaveFile = new java.io.File(((pathPrefix + java.lang.Integer.toString(counter)) + .png)): null

2018-12-05 12:25:06 - [TEST_STEP][PASSED] - Statement - counter = counter + 1: null

2018-12-05 12:25:06 - [TEST_STEP][PASSED] - Statement - PreSaveFile = new java.io.File(((pathPrefix + java.lang.Integer.toString(counter)) + .png)): null

2018-12-05 12:25:06 - [TEST_STEP][PASSED] - Statement - counter = counter + 1: null

2018-12-05 12:25:06 - [TEST_STEP][PASSED] - Statement - PreSaveFile = new java.io.File(((pathPrefix + java.lang.Integer.toString(counter)) + .png)): null

2018-12-05 12:25:07 - [TEST_STEP][PASSED] - Statement - counter = counter + 1: null

2018-12-05 12:25:07 - [TEST_STEP][PASSED] - Statement - PreSaveFile = new java.io.File(((pathPrefix + java.lang.Integer.toString(counter)) + .png)): null

2018-12-05 12:25:07 - [TEST_STEP][PASSED] - Statement - counter = counter + 1: null

2018-12-05 12:25:07 - [TEST_STEP][PASSED] - Statement - PreSaveFile = new java.io.File(((pathPrefix + java.lang.Integer.toString(counter)) + .png)): null

2018-12-05 12:25:07 - [TEST_STEP][PASSED] - Statement - counter = counter + 1: null

2018-12-05 12:25:07 - [TEST_STEP][PASSED] - Statement - PreSaveFile = new java.io.File(((pathPrefix + java.lang.Integer.toString(counter)) + .png)): null

2018-12-05 12:25:07 - [TEST_STEP][PASSED] - Statement - counter = counter + 1: null

2018-12-05 12:25:07 - [TEST_STEP][PASSED] - Statement - PreSaveFile = new java.io.File(((pathPrefix + java.lang.Integer.toString(counter)) + .png)): null

2018-12-05 12:25:07 - [TEST_STEP][PASSED] - Statement - counter = counter + 1: null

2018-12-05 12:25:07 - [TEST_STEP][PASSED] - Statement - PreSaveFile = new java.io.File(((pathPrefix + java.lang.Integer.toString(counter)) + .png)): null

2018-12-05 12:25:07 - [TEST_STEP][PASSED] - Statement - counter = counter + 1: null

2018-12-05 12:25:07 - [TEST_STEP][PASSED] - Statement - PreSaveFile = new java.io.File(((pathPrefix + java.lang.Integer.toString(counter)) + .png)): null

2018-12-05 12:25:07 - [TEST_STEP][PASSED] - Statement - counter = counter + 1: null

2018-12-05 12:25:07 - [TEST_STEP][PASSED] - Statement - PreSaveFile = new java.io.File(((pathPrefix + java.lang.Integer.toString(counter)) + .png)): null

2018-12-05 12:25:07 - [TEST_STEP][PASSED] - Statement - counter = counter + 1: null

2018-12-05 12:25:07 - [TEST_STEP][PASSED] - Statement - PreSaveFile = new java.io.File(((pathPrefix + java.lang.Integer.toString(counter)) + .png)): null

2018-12-05 12:25:07 - [TEST_STEP][PASSED] - Statement - counter = counter + 1: null

2018-12-05 12:25:07 - [TEST_STEP][PASSED] - Statement - PreSaveFile = new java.io.File(((pathPrefix + java.lang.Integer.toString(counter)) + .png)): null

2018-12-05 12:25:07 - [TEST_STEP][PASSED] - Statement - counter = counter + 1: null

2018-12-05 12:25:07 - [TEST_STEP][PASSED] - Statement - PreSaveFile = new java.io.File(((pathPrefix + java.lang.Integer.toString(counter)) + .png)): null

2018-12-05 12:25:07 - [TEST_STEP][PASSED] - Statement - counter = counter + 1: null

2018-12-05 12:25:07 - [TEST_STEP][PASSED] - Statement - PreSaveFile = new java.io.File(((pathPrefix + java.lang.Integer.toString(counter)) + .png)): null

2018-12-05 12:25:07 - [TEST_STEP][PASSED] - Statement - counter = counter + 1: null

2018-12-05 12:25:07 - [TEST_STEP][PASSED] - Statement - PreSaveFile = new java.io.File(((pathPrefix + java.lang.Integer.toString(counter)) + .png)): null

2018-12-05 12:25:07 - [TEST_STEP][PASSED] - Statement - counter = counter + 1: null

2018-12-05 12:25:07 - [TEST_STEP][PASSED] - Statement - PreSaveFile = new java.io.File(((pathPrefix + java.lang.Integer.toString(counter)) + .png)): null

2018-12-05 12:25:07 - [TEST_STEP][PASSED] - Statement - counter = counter + 1: null

2018-12-05 12:25:07 - [TEST_STEP][PASSED] - Statement - PreSaveFile = new java.io.File(((pathPrefix + java.lang.Integer.toString(counter)) + .png)): null

2018-12-05 12:25:07 - [TEST_STEP][PASSED] - Statement - counter = counter + 1: null

2018-12-05 12:25:08 - [TEST_STEP][PASSED] - Statement - PreSaveFile = new java.io.File(((pathPrefix + java.lang.Integer.toString(counter)) + .png)): null

2018-12-05 12:25:08 - [TEST_STEP][PASSED] - Statement - counter = counter + 1: null

2018-12-05 12:25:08 - [TEST_STEP][PASSED] - Statement - PreSaveFile = new java.io.File(((pathPrefix + java.lang.Integer.toString(counter)) + .png)): null

2018-12-05 12:25:08 - [TEST_STEP][PASSED] - Statement - counter = counter + 1: null

2018-12-05 12:25:08 - [TEST_STEP][PASSED] - Statement - PreSaveFile = new java.io.File(((pathPrefix + java.lang.Integer.toString(counter)) + .png)): null

2018-12-05 12:25:08 - [TEST_STEP][PASSED] - Statement - counter = counter + 1: null

2018-12-05 12:25:08 - [TEST_STEP][PASSED] - Statement - PreSaveFile = new java.io.File(((pathPrefix + java.lang.Integer.toString(counter)) + .png)): null

2018-12-05 12:25:08 - [TEST_STEP][PASSED] - Statement - counter = counter + 1: null

2018-12-05 12:25:08 - [TEST_STEP][PASSED] - Statement - PreSaveFile = new java.io.File(((pathPrefix + java.lang.Integer.toString(counter)) + .png)): null

2018-12-05 12:25:08 - [TEST_STEP][PASSED] - Statement - counter = counter + 1: null

2018-12-05 12:25:08 - [TEST_STEP][PASSED] - Statement - PreSaveFile = new java.io.File(((pathPrefix + java.lang.Integer.toString(counter)) + .png)): null

2018-12-05 12:25:08 - [TEST_STEP][PASSED] - Statement - counter = counter + 1: null

2018-12-05 12:25:08 - [TEST_STEP][PASSED] - Statement - PreSaveFile = new java.io.File(((pathPrefix + java.lang.Integer.toString(counter)) + .png)): null

2018-12-05 12:25:08 - [TEST_STEP][PASSED] - Statement - counter = counter + 1: null

2018-12-05 12:25:08 - [TEST_STEP][PASSED] - Statement - PreSaveFile = new java.io.File(((pathPrefix + java.lang.Integer.toString(counter)) + .png)): null

2018-12-05 12:25:08 - [TEST_STEP][PASSED] - Statement - counter = counter + 1: null

2018-12-05 12:25:08 - [TEST_STEP][PASSED] - Statement - PreSaveFile = new java.io.File(((pathPrefix + java.lang.Integer.toString(counter)) + .png)): null

2018-12-05 12:25:08 - [TEST_STEP][PASSED] - Statement - counter = counter + 1: null

2018-12-05 12:25:08 - [TEST_STEP][PASSED] - Statement - PreSaveFile = new java.io.File(((pathPrefix + java.lang.Integer.toString(counter)) + .png)): null

2018-12-05 12:25:08 - [TEST_STEP][PASSED] - Statement - counter = counter + 1: null

2018-12-05 12:25:08 - [TEST_STEP][PASSED] - Statement - PreSaveFile = new java.io.File(((pathPrefix + java.lang.Integer.toString(counter)) + .png)): null

2018-12-05 12:25:08 - [TEST_STEP][PASSED] - Statement - counter = counter + 1: null

2018-12-05 12:25:08 - [TEST_STEP][PASSED] - Statement - PreSaveFile = new java.io.File(((pathPrefix + java.lang.Integer.toString(counter)) + .png)): null

2018-12-05 12:25:08 - [TEST_STEP][PASSED] - Statement - counter = counter + 1: null

2018-12-05 12:25:08 - [TEST_STEP][PASSED] - Statement - PreSaveFile = new java.io.File(((pathPrefix + java.lang.Integer.toString(counter)) + .png)): null

2018-12-05 12:25:08 - [TEST_STEP][PASSED] - Statement - counter = counter + 1: null

2018-12-05 12:25:08 - [TEST_STEP][PASSED] - Statement - PreSaveFile = new java.io.File(((pathPrefix + java.lang.Integer.toString(counter)) + .png)): null

2018-12-05 12:25:08 - [TEST_STEP][PASSED] - Statement - counter = counter + 1: null

2018-12-05 12:25:08 - [TEST_STEP][PASSED] - Statement - PreSaveFile = new java.io.File(((pathPrefix + java.lang.Integer.toString(counter)) + .png)): null

2018-12-05 12:25:08 - [TEST_STEP][PASSED] - Statement - counter = counter + 1: null

2018-12-05 12:25:08 - [TEST_STEP][PASSED] - Statement - PreSaveFile = new java.io.File(((pathPrefix + java.lang.Integer.toString(counter)) + .png)): null

2018-12-05 12:25:08 - [TEST_STEP][PASSED] - Statement - counter = counter + 1: null

2018-12-05 12:25:08 - [TEST_STEP][PASSED] - Statement - PreSaveFile = new java.io.File(((pathPrefix + java.lang.Integer.toString(counter)) + .png)): null

2018-12-05 12:25:08 - [TEST_STEP][PASSED] - Statement - counter = counter + 1: null

2018-12-05 12:25:08 - [TEST_STEP][PASSED] - Statement - PreSaveFile = new java.io.File(((pathPrefix + java.lang.Integer.toString(counter)) + .png)): null

2018-12-05 12:25:08 - [TEST_STEP][PASSED] - Statement - counter = counter + 1: null

2018-12-05 12:25:08 - [TEST_STEP][PASSED] - Statement - PreSaveFile = new java.io.File(((pathPrefix + java.lang.Integer.toString(counter)) + .png)): null

2018-12-05 12:25:08 - [TEST_STEP][PASSED] - Statement - counter = counter + 1: null

2018-12-05 12:25:09 - [TEST_STEP][PASSED] - Statement - PreSaveFile = new java.io.File(((pathPrefix + java.lang.Integer.toString(counter)) + .png)): null

2018-12-05 12:25:09 - [TEST_STEP][PASSED] - Statement - counter = counter + 1: null

2018-12-05 12:25:09 - [TEST_STEP][PASSED] - Statement - PreSaveFile = new java.io.File(((pathPrefix + java.lang.Integer.toString(counter)) + .png)): null

2018-12-05 12:25:09 - [TEST_STEP][PASSED] - Statement - counter = counter + 1: null

2018-12-05 12:25:09 - [TEST_STEP][PASSED] - Statement - PreSaveFile = new java.io.File(((pathPrefix + java.lang.Integer.toString(counter)) + .png)): null

2018-12-05 12:25:09 - [TEST_STEP][PASSED] - Statement - counter = counter + 1: null

2018-12-05 12:25:09 - [TEST_STEP][PASSED] - Statement - PreSaveFile = new java.io.File(((pathPrefix + java.lang.Integer.toString(counter)) + .png)): null

2018-12-05 12:25:09 - [TEST_STEP][PASSED] - Statement - counter = counter + 1: null

2018-12-05 12:25:09 - [TEST_STEP][PASSED] - Statement - PreSaveFile = new java.io.File(((pathPrefix + java.lang.Integer.toString(counter)) + .png)): null

2018-12-05 12:25:09 - [TEST_STEP][PASSED] - Statement - counter = counter + 1: null

2018-12-05 12:25:09 - [TEST_STEP][PASSED] - Statement - PreSaveFile = new java.io.File(((pathPrefix + java.lang.Integer.toString(counter)) + .png)): null

2018-12-05 12:25:09 - [TEST_STEP][PASSED] - Statement - counter = counter + 1: null

2018-12-05 12:25:09 - [TEST_STEP][PASSED] - Statement - PreSaveFile = new java.io.File(((pathPrefix + java.lang.Integer.toString(counter)) + .png)): null

2018-12-05 12:25:09 - [TEST_STEP][PASSED] - Statement - counter = counter + 1: null

2018-12-05 12:25:09 - [TEST_STEP][PASSED] - Statement - PreSaveFile = new java.io.File(((pathPrefix + java.lang.Integer.toString(counter)) + .png)): null

2018-12-05 12:25:09 - [TEST_STEP][PASSED] - Statement - counter = counter + 1: null

2018-12-05 12:25:09 - [TEST_STEP][PASSED] - Statement - PreSaveFile = new java.io.File(((pathPrefix + java.lang.Integer.toString(counter)) + .png)): null

2018-12-05 12:25:09 - [TEST_STEP][PASSED] - Statement - counter = counter + 1: null

2018-12-05 12:25:09 - [TEST_STEP][PASSED] - Statement - PreSaveFile = new java.io.File(((pathPrefix + java.lang.Integer.toString(counter)) + .png)): null

2018-12-05 12:25:09 - [TEST_STEP][PASSED] - Statement - counter = counter + 1: null

2018-12-05 12:25:09 - [TEST_STEP][PASSED] - Statement - PreSaveFile = new java.io.File(((pathPrefix + java.lang.Integer.toString(counter)) + .png)): null

2018-12-05 12:25:09 - [TEST_STEP][PASSED] - Statement - counter = counter + 1: null

2018-12-05 12:25:09 - [TEST_STEP][PASSED] - Statement - PreSaveFile = new java.io.File(((pathPrefix + java.lang.Integer.toString(counter)) + .png)): null

2018-12-05 12:25:09 - [TEST_STEP][PASSED] - Statement - counter = counter + 1: null

2018-12-05 12:25:09 - [TEST_STEP][PASSED] - Statement - PreSaveFile = new java.io.File(((pathPrefix + java.lang.Integer.toString(counter)) + .png)): null

2018-12-05 12:25:09 - [TEST_STEP][PASSED] - Statement - counter = counter + 1: null

2018-12-05 12:25:09 - [TEST_STEP][PASSED] - Statement - PreSaveFile = new java.io.File(((pathPrefix + java.lang.Integer.toString(counter)) + .png)): null

2018-12-05 12:25:09 - [TEST_STEP][PASSED] - Statement - counter = counter + 1: null

2018-12-05 12:25:09 - [TEST_STEP][PASSED] - Statement - PreSaveFile = new java.io.File(((pathPrefix + java.lang.Integer.toString(counter)) + .png)): null

2018-12-05 12:25:10 - [TEST_STEP][PASSED] - Statement - counter = counter + 1: null

2018-12-05 12:25:10 - [TEST_STEP][PASSED] - Statement - PreSaveFile = new java.io.File(((pathPrefix + java.lang.Integer.toString(counter)) + .png)): null

2018-12-05 12:25:10 - [TEST_STEP][PASSED] - Statement - counter = counter + 1: null

2018-12-05 12:25:10 - [TEST_STEP][PASSED] - Statement - PreSaveFile = new java.io.File(((pathPrefix + java.lang.Integer.toString(counter)) + .png)): null

2018-12-05 12:25:10 - [TEST_STEP][PASSED] - Statement - counter = counter + 1: null

2018-12-05 12:25:10 - [TEST_STEP][PASSED] - Statement - PreSaveFile = new java.io.File(((pathPrefix + java.lang.Integer.toString(counter)) + .png)): null

2018-12-05 12:25:10 - [TEST_STEP][PASSED] - Statement - counter = counter + 1: null

2018-12-05 12:25:10 - [TEST_STEP][PASSED] - Statement - PreSaveFile = new java.io.File(((pathPrefix + java.lang.Integer.toString(counter)) + .png)): null

2018-12-05 12:25:10 - [TEST_STEP][PASSED] - Statement - counter = counter + 1: null

2018-12-05 12:25:10 - [TEST_STEP][PASSED] - Statement - PreSaveFile = new java.io.File(((pathPrefix + java.lang.Integer.toString(counter)) + .png)): null

2018-12-05 12:25:10 - [TEST_STEP][PASSED] - Statement - counter = counter + 1: null

2018-12-05 12:25:10 - [TEST_STEP][PASSED] - Statement - PreSaveFile = new java.io.File(((pathPrefix + java.lang.Integer.toString(counter)) + .png)): null

2018-12-05 12:25:10 - [TEST_STEP][PASSED] - Statement - counter = counter + 1: null

2018-12-05 12:25:10 - [TEST_STEP][PASSED] - Statement - PreSaveFile = new java.io.File(((pathPrefix + java.lang.Integer.toString(counter)) + .png)): null

2018-12-05 12:25:10 - [TEST_STEP][PASSED] - Statement - counter = counter + 1: null

2018-12-05 12:25:10 - [TEST_STEP][PASSED] - Statement - PreSaveFile = new java.io.File(((pathPrefix + java.lang.Integer.toString(counter)) + .png)): null

2018-12-05 12:25:10 - [TEST_STEP][PASSED] - Statement - counter = counter + 1: null

2018-12-05 12:25:10 - [TEST_STEP][PASSED] - Statement - PreSaveFile = new java.io.File(((pathPrefix + java.lang.Integer.toString(counter)) + .png)): null

2018-12-05 12:25:10 - [TEST_STEP][PASSED] - Statement - counter = counter + 1: null

2018-12-05 12:25:10 - [TEST_STEP][PASSED] - Statement - PreSaveFile = new java.io.File(((pathPrefix + java.lang.Integer.toString(counter)) + .png)): null

2018-12-05 12:25:10 - [TEST_STEP][PASSED] - Statement - counter = counter + 1: null

2018-12-05 12:25:10 - [TEST_STEP][PASSED] - Statement - PreSaveFile = new java.io.File(((pathPrefix + java.lang.Integer.toString(counter)) + .png)): null

2018-12-05 12:25:10 - [TEST_STEP][PASSED] - Statement - counter = counter + 1: null

2018-12-05 12:25:10 - [TEST_STEP][PASSED] - Statement - PreSaveFile = new java.io.File(((pathPrefix + java.lang.Integer.toString(counter)) + .png)): null

2018-12-05 12:25:10 - [TEST_STEP][PASSED] - Statement - counter = counter + 1: null

2018-12-05 12:25:10 - [TEST_STEP][PASSED] - Statement - PreSaveFile = new java.io.File(((pathPrefix + java.lang.Integer.toString(counter)) + .png)): null

2018-12-05 12:25:10 - [TEST_STEP][PASSED] - Statement - counter = counter + 1: null

2018-12-05 12:25:10 - [TEST_STEP][PASSED] - Statement - PreSaveFile = new java.io.File(((pathPrefix + java.lang.Integer.toString(counter)) + .png)): null

2018-12-05 12:25:10 - [TEST_STEP][PASSED] - Statement - counter = counter + 1: null

2018-12-05 12:25:11 - [TEST_STEP][PASSED] - Statement - PreSaveFile = new java.io.File(((pathPrefix + java.lang.Integer.toString(counter)) + .png)): null

2018-12-05 12:25:11 - [TEST_STEP][PASSED] - Statement - counter = counter + 1: null

2018-12-05 12:25:11 - [TEST_STEP][PASSED] - Statement - PreSaveFile = new java.io.File(((pathPrefix + java.lang.Integer.toString(counter)) + .png)): null

2018-12-05 12:25:11 - [TEST_STEP][PASSED] - Statement - counter = counter + 1: null

2018-12-05 12:25:11 - [TEST_STEP][PASSED] - Statement - PreSaveFile = new java.io.File(((pathPrefix + java.lang.Integer.toString(counter)) + .png)): null

2018-12-05 12:25:11 - [TEST_STEP][PASSED] - Statement - counter = counter + 1: null

2018-12-05 12:25:11 - [TEST_STEP][PASSED] - Statement - PreSaveFile = new java.io.File(((pathPrefix + java.lang.Integer.toString(counter)) + .png)): null

2018-12-05 12:25:11 - [TEST_STEP][PASSED] - Statement - counter = counter + 1: null

2018-12-05 12:25:11 - [TEST_STEP][PASSED] - Statement - PreSaveFile = new java.io.File(((pathPrefix + java.lang.Integer.toString(counter)) + .png)): null

2018-12-05 12:25:11 - [TEST_STEP][PASSED] - Statement - counter = counter + 1: null

2018-12-05 12:25:11 - [TEST_STEP][PASSED] - Statement - PreSaveFile = new java.io.File(((pathPrefix + java.lang.Integer.toString(counter)) + .png)): null

2018-12-05 12:25:11 - [TEST_STEP][PASSED] - Statement - counter = counter + 1: null

2018-12-05 12:25:11 - [TEST_STEP][PASSED] - Statement - PreSaveFile = new java.io.File(((pathPrefix + java.lang.Integer.toString(counter)) + .png)): null

2018-12-05 12:25:11 - [TEST_STEP][PASSED] - Statement - counter = counter + 1: null

2018-12-05 12:25:11 - [TEST_STEP][PASSED] - Statement - PreSaveFile = new java.io.File(((pathPrefix + java.lang.Integer.toString(counter)) + .png)): null

2018-12-05 12:25:11 - [TEST_STEP][PASSED] - Statement - counter = counter + 1: null

2018-12-05 12:25:11 - [TEST_STEP][PASSED] - Statement - PreSaveFile = new java.io.File(((pathPrefix + java.lang.Integer.toString(counter)) + .png)): null

2018-12-05 12:25:11 - [TEST_STEP][PASSED] - Statement - counter = counter + 1: null

2018-12-05 12:25:11 - [TEST_STEP][PASSED] - Statement - PreSaveFile = new java.io.File(((pathPrefix + java.lang.Integer.toString(counter)) + .png)): null

2018-12-05 12:25:11 - [TEST_STEP][PASSED] - Statement - counter = counter + 1: null

2018-12-05 12:25:11 - [TEST_STEP][PASSED] - Statement - PreSaveFile = new java.io.File(((pathPrefix + java.lang.Integer.toString(counter)) + .png)): null

2018-12-05 12:25:11 - [TEST_STEP][PASSED] - Statement - counter = counter + 1: null

2018-12-05 12:25:11 - [TEST_STEP][PASSED] - Statement - PreSaveFile = new java.io.File(((pathPrefix + java.lang.Integer.toString(counter)) + .png)): null

2018-12-05 12:25:11 - [TEST_STEP][PASSED] - Statement - counter = counter + 1: null

2018-12-05 12:25:11 - [TEST_STEP][PASSED] - Statement - PreSaveFile = new java.io.File(((pathPrefix + java.lang.Integer.toString(counter)) + .png)): null

2018-12-05 12:25:11 - [TEST_STEP][PASSED] - Statement - counter = counter + 1: null

2018-12-05 12:25:11 - [TEST_STEP][PASSED] - Statement - PreSaveFile = new java.io.File(((pathPrefix + java.lang.Integer.toString(counter)) + .png)): null

2018-12-05 12:25:11 - [TEST_STEP][PASSED] - Statement - counter = counter + 1: null

2018-12-05 12:25:12 - [TEST_STEP][PASSED] - Statement - PreSaveFile = new java.io.File(((pathPrefix + java.lang.Integer.toString(counter)) + .png)): null

2018-12-05 12:25:12 - [TEST_STEP][PASSED] - Statement - counter = counter + 1: null

2018-12-05 12:25:12 - [TEST_STEP][PASSED] - Statement - PreSaveFile = new java.io.File(((pathPrefix + java.lang.Integer.toString(counter)) + .png)): null

2018-12-05 12:25:12 - [TEST_STEP][PASSED] - Statement - counter = counter + 1: null

2018-12-05 12:25:12 - [TEST_STEP][PASSED] - Statement - PreSaveFile = new java.io.File(((pathPrefix + java.lang.Integer.toString(counter)) + .png)): null

2018-12-05 12:25:12 - [TEST_STEP][PASSED] - Statement - counter = counter + 1: null

2018-12-05 12:25:12 - [TEST_STEP][PASSED] - Statement - PreSaveFile = new java.io.File(((pathPrefix + java.lang.Integer.toString(counter)) + .png)): null

2018-12-05 12:25:12 - [TEST_STEP][PASSED] - Statement - counter = counter + 1: null

2018-12-05 12:25:12 - [TEST_STEP][PASSED] - Statement - PreSaveFile = new java.io.File(((pathPrefix + java.lang.Integer.toString(counter)) + .png)): null

2018-12-05 12:25:12 - [TEST_STEP][PASSED] - Statement - counter = counter + 1: null

2018-12-05 12:25:12 - [TEST_STEP][PASSED] - Statement - PreSaveFile = new java.io.File(((pathPrefix + java.lang.Integer.toString(counter)) + .png)): null

2018-12-05 12:25:12 - [TEST_STEP][PASSED] - Statement - counter = counter + 1: null

2018-12-05 12:25:12 - [TEST_STEP][PASSED] - Statement - PreSaveFile = new java.io.File(((pathPrefix + java.lang.Integer.toString(counter)) + .png)): null

2018-12-05 12:25:12 - [TEST_STEP][PASSED] - Statement - counter = counter + 1: null

2018-12-05 12:25:12 - [TEST_STEP][PASSED] - Statement - PreSaveFile = new java.io.File(((pathPrefix + java.lang.Integer.toString(counter)) + .png)): null

2018-12-05 12:25:12 - [TEST_STEP][PASSED] - Statement - counter = counter + 1: null

2018-12-05 12:25:12 - [TEST_STEP][PASSED] - Statement - PreSaveFile = new java.io.File(((pathPrefix + java.lang.Integer.toString(counter)) + .png)): null

2018-12-05 12:25:12 - [TEST_STEP][PASSED] - Statement - counter = counter + 1: null

2018-12-05 12:25:12 - [TEST_STEP][PASSED] - Statement - PreSaveFile = new java.io.File(((pathPrefix + java.lang.Integer.toString(counter)) + .png)): null

2018-12-05 12:25:12 - [TEST_STEP][PASSED] - Statement - counter = counter + 1: null

2018-12-05 12:25:12 - [TEST_STEP][PASSED] - Statement - PreSaveFile = new java.io.File(((pathPrefix + java.lang.Integer.toString(counter)) + .png)): null

2018-12-05 12:25:12 - [TEST_STEP][PASSED] - Statement - counter = counter + 1: null

2018-12-05 12:25:12 - [TEST_STEP][PASSED] - Statement - PreSaveFile = new java.io.File(((pathPrefix + java.lang.Integer.toString(counter)) + .png)): null

2018-12-05 12:25:12 - [TEST_STEP][PASSED] - Statement - counter = counter + 1: null

2018-12-05 12:25:12 - [TEST_STEP][PASSED] - Statement - PreSaveFile = new java.io.File(((pathPrefix + java.lang.Integer.toString(counter)) + .png)): null

2018-12-05 12:25:12 - [TEST_STEP][PASSED] - Statement - counter = counter + 1: null

2018-12-05 12:25:12 - [TEST_STEP][PASSED] - Statement - PreSaveFile = new java.io.File(((pathPrefix + java.lang.Integer.toString(counter)) + .png)): null

2018-12-05 12:25:12 - [TEST_STEP][PASSED] - Statement - counter = counter + 1: null

2018-12-05 12:25:12 - [TEST_STEP][PASSED] - Statement - PreSaveFile = new java.io.File(((pathPrefix + java.lang.Integer.toString(counter)) + .png)): null

2018-12-05 12:25:13 - [TEST_STEP][PASSED] - Statement - counter = counter + 1: null

2018-12-05 12:25:13 - [TEST_STEP][PASSED] - Statement - PreSaveFile = new java.io.File(((pathPrefix + java.lang.Integer.toString(counter)) + .png)): null

2018-12-05 12:25:13 - [TEST_STEP][PASSED] - Statement - counter = counter + 1: null

2018-12-05 12:25:13 - [TEST_STEP][PASSED] - Statement - PreSaveFile = new java.io.File(((pathPrefix + java.lang.Integer.toString(counter)) + .png)): null

2018-12-05 12:25:13 - [TEST_STEP][PASSED] - Statement - counter = counter + 1: null

2018-12-05 12:25:13 - [TEST_STEP][PASSED] - Statement - PreSaveFile = new java.io.File(((pathPrefix + java.lang.Integer.toString(counter)) + .png)): null

2018-12-05 12:25:13 - [TEST_STEP][PASSED] - Statement - counter = counter + 1: null

2018-12-05 12:25:13 - [TEST_STEP][PASSED] - Statement - PreSaveFile = new java.io.File(((pathPrefix + java.lang.Integer.toString(counter)) + .png)): null

2018-12-05 12:25:13 - [TEST_STEP][PASSED] - Statement - counter = counter + 1: null

2018-12-05 12:25:13 - [TEST_STEP][PASSED] - Statement - PreSaveFile = new java.io.File(((pathPrefix + java.lang.Integer.toString(counter)) + .png)): null

2018-12-05 12:25:13 - [TEST_STEP][PASSED] - Statement - counter = counter + 1: null

2018-12-05 12:25:13 - [TEST_STEP][PASSED] - Statement - PreSaveFile = new java.io.File(((pathPrefix + java.lang.Integer.toString(counter)) + .png)): null

2018-12-05 12:25:13 - [TEST_STEP][PASSED] - Statement - counter = counter + 1: null

2018-12-05 12:25:13 - [TEST_STEP][PASSED] - Statement - PreSaveFile = new java.io.File(((pathPrefix + java.lang.Integer.toString(counter)) + .png)): null

2018-12-05 12:25:13 - [TEST_STEP][PASSED] - Statement - counter = counter + 1: null

2018-12-05 12:25:13 - [TEST_STEP][PASSED] - Statement - PreSaveFile = new java.io.File(((pathPrefix + java.lang.Integer.toString(counter)) + .png)): null

2018-12-05 12:25:13 - [TEST_STEP][PASSED] - Statement - counter = counter + 1: null

2018-12-05 12:25:13 - [TEST_STEP][PASSED] - Statement - PreSaveFile = new java.io.File(((pathPrefix + java.lang.Integer.toString(counter)) + .png)): null

2018-12-05 12:25:13 - [TEST_STEP][PASSED] - Statement - counter = counter + 1: null

2018-12-05 12:25:13 - [TEST_STEP][PASSED] - Statement - PreSaveFile = new java.io.File(((pathPrefix + java.lang.Integer.toString(counter)) + .png)): null

2018-12-05 12:25:13 - [TEST_STEP][PASSED] - Statement - counter = counter + 1: null

2018-12-05 12:25:13 - [TEST_STEP][PASSED] - Statement - PreSaveFile = new java.io.File(((pathPrefix + java.lang.Integer.toString(counter)) + .png)): null

2018-12-05 12:25:13 - [TEST_STEP][PASSED] - Statement - counter = counter + 1: null

2018-12-05 12:25:13 - [TEST_STEP][PASSED] - Statement - PreSaveFile = new java.io.File(((pathPrefix + java.lang.Integer.toString(counter)) + .png)): null

2018-12-05 12:25:13 - [TEST_STEP][PASSED] - Statement - counter = counter + 1: null

2018-12-05 12:25:13 - [TEST_STEP][PASSED] - Statement - PreSaveFile = new java.io.File(((pathPrefix + java.lang.Integer.toString(counter)) + .png)): null

2018-12-05 12:25:13 - [TEST_STEP][PASSED] - Statement - counter = counter + 1: null

2018-12-05 12:25:13 - [TEST_STEP][PASSED] - Statement - PreSaveFile = new java.io.File(((pathPrefix + java.lang.Integer.toString(counter)) + .png)): null

2018-12-05 12:25:13 - [TEST_STEP][PASSED] - Statement - counter = counter + 1: null

2018-12-05 12:25:14 - [TEST_STEP][PASSED] - Statement - PreSaveFile = new java.io.File(((pathPrefix + java.lang.Integer.toString(counter)) + .png)): null

2018-12-05 12:25:14 - [TEST_STEP][PASSED] - Statement - counter = counter + 1: null

2018-12-05 12:25:14 - [TEST_STEP][PASSED] - Statement - PreSaveFile = new java.io.File(((pathPrefix + java.lang.Integer.toString(counter)) + .png)): null

2018-12-05 12:25:14 - [TEST_STEP][PASSED] - Statement - counter = counter + 1: null

2018-12-05 12:25:14 - [TEST_STEP][PASSED] - Statement - PreSaveFile = new java.io.File(((pathPrefix + java.lang.Integer.toString(counter)) + .png)): null

2018-12-05 12:25:14 - [TEST_STEP][PASSED] - Statement - counter = counter + 1: null

2018-12-05 12:25:14 - [TEST_STEP][PASSED] - Statement - PreSaveFile = new java.io.File(((pathPrefix + java.lang.Integer.toString(counter)) + .png)): null

2018-12-05 12:25:14 - [TEST_STEP][PASSED] - Statement - counter = counter + 1: null

2018-12-05 12:25:14 - [TEST_STEP][PASSED] - Statement - PreSaveFile = new java.io.File(((pathPrefix + java.lang.Integer.toString(counter)) + .png)): null

2018-12-05 12:25:14 - [TEST_STEP][PASSED] - Statement - counter = counter + 1: null

2018-12-05 12:25:14 - [TEST_STEP][PASSED] - Statement - PreSaveFile = new java.io.File(((pathPrefix + java.lang.Integer.toString(counter)) + .png)): null

2018-12-05 12:25:14 - [TEST_STEP][PASSED] - Statement - counter = counter + 1: null

2018-12-05 12:25:14 - [TEST_STEP][PASSED] - Statement - PreSaveFile = new java.io.File(((pathPrefix + java.lang.Integer.toString(counter)) + .png)): null

2018-12-05 12:25:14 - [TEST_STEP][PASSED] - Statement - counter = counter + 1: null

2018-12-05 12:25:14 - [TEST_STEP][PASSED] - Statement - PreSaveFile = new java.io.File(((pathPrefix + java.lang.Integer.toString(counter)) + .png)): null

2018-12-05 12:25:14 - [TEST_STEP][PASSED] - Statement - counter = counter + 1: null

2018-12-05 12:25:14 - [TEST_STEP][PASSED] - Statement - PreSaveFile = new java.io.File(((pathPrefix + java.lang.Integer.toString(counter)) + .png)): null

2018-12-05 12:25:14 - [TEST_STEP][PASSED] - Statement - counter = counter + 1: null

2018-12-05 12:25:14 - [TEST_STEP][PASSED] - Statement - PreSaveFile = new java.io.File(((pathPrefix + java.lang.Integer.toString(counter)) + .png)): null

2018-12-05 12:25:14 - [TEST_STEP][PASSED] - Statement - counter = counter + 1: null

2018-12-05 12:25:14 - [TEST_STEP][PASSED] - Statement - PreSaveFile = new java.io.File(((pathPrefix + java.lang.Integer.toString(counter)) + .png)): null

2018-12-05 12:25:14 - [TEST_STEP][PASSED] - Statement - counter = counter + 1: null

2018-12-05 12:25:14 - [TEST_STEP][PASSED] - Statement - PreSaveFile = new java.io.File(((pathPrefix + java.lang.Integer.toString(counter)) + .png)): null

2018-12-05 12:25:14 - [TEST_STEP][PASSED] - Statement - counter = counter + 1: null

2018-12-05 12:25:14 - [TEST_STEP][PASSED] - Statement - PreSaveFile = new java.io.File(((pathPrefix + java.lang.Integer.toString(counter)) + .png)): null

2018-12-05 12:25:14 - [TEST_STEP][PASSED] - Statement - counter = counter + 1: null

2018-12-05 12:25:14 - [TEST_STEP][PASSED] - Statement - PreSaveFile = new java.io.File(((pathPrefix + java.lang.Integer.toString(counter)) + .png)): null

2018-12-05 12:25:14 - [TEST_STEP][PASSED] - Statement - counter = counter + 1: null

2018-12-05 12:25:14 - [TEST_STEP][PASSED] - Statement - PreSaveFile = new java.io.File(((pathPrefix + java.lang.Integer.toString(counter)) + .png)): null

2018-12-05 12:25:14 - [TEST_STEP][PASSED] - Statement - counter = counter + 1: null

2018-12-05 12:25:14 - [TEST_STEP][PASSED] - Statement - PreSaveFile = new java.io.File(((pathPrefix + java.lang.Integer.toString(counter)) + .png)): null

2018-12-05 12:25:14 - [TEST_STEP][PASSED] - Statement - counter = counter + 1: null

2018-12-05 12:25:14 - [TEST_STEP][PASSED] - Statement - PreSaveFile = new java.io.File(((pathPrefix + java.lang.Integer.toString(counter)) + .png)): null

2018-12-05 12:25:14 - [TEST_STEP][PASSED] - Statement - counter = counter + 1: null

2018-12-05 12:25:14 - [TEST_STEP][PASSED] - Statement - PreSaveFile = new java.io.File(((pathPrefix + java.lang.Integer.toString(counter)) + .png)): null

2018-12-05 12:25:14 - [TEST_STEP][PASSED] - Statement - counter = counter + 1: null

2018-12-05 12:25:14 - [TEST_STEP][PASSED] - Statement - PreSaveFile = new java.io.File(((pathPrefix + java.lang.Integer.toString(counter)) + .png)): null

2018-12-05 12:25:14 - [TEST_STEP][PASSED] - Statement - counter = counter + 1: null

2018-12-05 12:25:15 - [TEST_STEP][PASSED] - Statement - PreSaveFile = new java.io.File(((pathPrefix + java.lang.Integer.toString(counter)) + .png)): null

2018-12-05 12:25:15 - [TEST_STEP][PASSED] - Statement - counter = counter + 1: null

2018-12-05 12:25:15 - [TEST_STEP][PASSED] - Statement - PreSaveFile = new java.io.File(((pathPrefix + java.lang.Integer.toString(counter)) + .png)): null

2018-12-05 12:25:15 - [TEST_STEP][PASSED] - Statement - counter = counter + 1: null

2018-12-05 12:25:15 - [TEST_STEP][PASSED] - Statement - PreSaveFile = new java.io.File(((pathPrefix + java.lang.Integer.toString(counter)) + .png)): null

2018-12-05 12:25:15 - [TEST_STEP][PASSED] - Statement - counter = counter + 1: null

2018-12-05 12:25:15 - [TEST_STEP][PASSED] - Statement - PreSaveFile = new java.io.File(((pathPrefix + java.lang.Integer.toString(counter)) + .png)): null

2018-12-05 12:25:15 - [TEST_STEP][PASSED] - Statement - counter = counter + 1: null

2018-12-05 12:25:15 - [TEST_STEP][PASSED] - Statement - PreSaveFile = new java.io.File(((pathPrefix + java.lang.Integer.toString(counter)) + .png)): null

2018-12-05 12:25:15 - [TEST_STEP][PASSED] - Statement - counter = counter + 1: null

2018-12-05 12:25:15 - [TEST_STEP][PASSED] - Statement - PreSaveFile = new java.io.File(((pathPrefix + java.lang.Integer.toString(counter)) + .png)): null

2018-12-05 12:25:15 - [TEST_STEP][PASSED] - Statement - counter = counter + 1: null

2018-12-05 12:25:15 - [TEST_STEP][PASSED] - Statement - PreSaveFile = new java.io.File(((pathPrefix + java.lang.Integer.toString(counter)) + .png)): null

2018-12-05 12:25:15 - [TEST_STEP][PASSED] - Statement - counter = counter + 1: null

2018-12-05 12:25:15 - [TEST_STEP][PASSED] - Statement - PreSaveFile = new java.io.File(((pathPrefix + java.lang.Integer.toString(counter)) + .png)): null

2018-12-05 12:25:15 - [TEST_STEP][PASSED] - Statement - counter = counter + 1: null

2018-12-05 12:25:15 - [TEST_STEP][PASSED] - Statement - PreSaveFile = new java.io.File(((pathPrefix + java.lang.Integer.toString(counter)) + .png)): null

2018-12-05 12:25:15 - [TEST_STEP][PASSED] - Statement - counter = counter + 1: null

2018-12-05 12:25:15 - [TEST_STEP][PASSED] - Statement - PreSaveFile = new java.io.File(((pathPrefix + java.lang.Integer.toString(counter)) + .png)): null

2018-12-05 12:25:15 - [TEST_STEP][PASSED] - Statement - counter = counter + 1: null

2018-12-05 12:25:15 - [TEST_STEP][PASSED] - Statement - PreSaveFile = new java.io.File(((pathPrefix + java.lang.Integer.toString(counter)) + .png)): null

2018-12-05 12:25:15 - [TEST_STEP][PASSED] - Statement - counter = counter + 1: null

2018-12-05 12:25:15 - [TEST_STEP][PASSED] - Statement - PreSaveFile = new java.io.File(((pathPrefix + java.lang.Integer.toString(counter)) + .png)): null

2018-12-05 12:25:15 - [TEST_STEP][PASSED] - Statement - counter = counter + 1: null

2018-12-05 12:25:15 - [TEST_STEP][PASSED] - Statement - PreSaveFile = new java.io.File(((pathPrefix + java.lang.Integer.toString(counter)) + .png)): null

2018-12-05 12:25:15 - [TEST_STEP][PASSED] - Statement - counter = counter + 1: null

2018-12-05 12:25:15 - [TEST_STEP][PASSED] - Statement - PreSaveFile = new java.io.File(((pathPrefix + java.lang.Integer.toString(counter)) + .png)): null

2018-12-05 12:25:15 - [TEST_STEP][PASSED] - Statement - counter = counter + 1: null

2018-12-05 12:25:15 - [TEST_STEP][PASSED] - Statement - PreSaveFile = new java.io.File(((pathPrefix + java.lang.Integer.toString(counter)) + .png)): null

2018-12-05 12:25:16 - [TEST_STEP][PASSED] - Statement - counter = counter + 1: null

2018-12-05 12:25:16 - [TEST_STEP][PASSED] - Statement - PreSaveFile = new java.io.File(((pathPrefix + java.lang.Integer.toString(counter)) + .png)): null

2018-12-05 12:25:16 - [TEST_STEP][PASSED] - Statement - counter = counter + 1: null

2018-12-05 12:25:16 - [TEST_STEP][PASSED] - Statement - PreSaveFile = new java.io.File(((pathPrefix + java.lang.Integer.toString(counter)) + .png)): null

2018-12-05 12:25:16 - [TEST_STEP][PASSED] - Statement - counter = counter + 1: null

2018-12-05 12:25:16 - [TEST_STEP][PASSED] - Statement - PreSaveFile = new java.io.File(((pathPrefix + java.lang.Integer.toString(counter)) + .png)): null

2018-12-05 12:25:16 - [TEST_STEP][PASSED] - Statement - counter = counter + 1: null

2018-12-05 12:25:16 - [TEST_STEP][PASSED] - Statement - PreSaveFile = new java.io.File(((pathPrefix + java.lang.Integer.toString(counter)) + .png)): null

2018-12-05 12:25:16 - [TEST_STEP][PASSED] - Statement - counter = counter + 1: null

2018-12-05 12:25:16 - [TEST_STEP][PASSED] - Statement - PreSaveFile = new java.io.File(((pathPrefix + java.lang.Integer.toString(counter)) + .png)): null

2018-12-05 12:25:16 - [TEST_STEP][PASSED] - Statement - counter = counter + 1: null

2018-12-05 12:25:16 - [TEST_STEP][PASSED] - Statement - PreSaveFile = new java.io.File(((pathPrefix + java.lang.Integer.toString(counter)) + .png)): null

2018-12-05 12:25:16 - [TEST_STEP][PASSED] - Statement - counter = counter + 1: null

2018-12-05 12:25:16 - [TEST_STEP][PASSED] - Statement - PreSaveFile = new java.io.File(((pathPrefix + java.lang.Integer.toString(counter)) + .png)): null

2018-12-05 12:25:16 - [TEST_STEP][PASSED] - Statement - counter = counter + 1: null

2018-12-05 12:25:16 - [TEST_STEP][PASSED] - Statement - PreSaveFile = new java.io.File(((pathPrefix + java.lang.Integer.toString(counter)) + .png)): null

2018-12-05 12:25:16 - [TEST_STEP][PASSED] - Statement - counter = counter + 1: null

2018-12-05 12:25:16 - [TEST_STEP][PASSED] - Statement - PreSaveFile = new java.io.File(((pathPrefix + java.lang.Integer.toString(counter)) + .png)): null

2018-12-05 12:25:16 - [TEST_STEP][PASSED] - Statement - counter = counter + 1: null

2018-12-05 12:25:16 - [TEST_STEP][PASSED] - Statement - PreSaveFile = new java.io.File(((pathPrefix + java.lang.Integer.toString(counter)) + .png)): null

2018-12-05 12:25:16 - [TEST_STEP][PASSED] - Statement - counter = counter + 1: null

2018-12-05 12:25:16 - [TEST_STEP][PASSED] - Statement - PreSaveFile = new java.io.File(((pathPrefix + java.lang.Integer.toString(counter)) + .png)): null

2018-12-05 12:25:16 - [TEST_STEP][PASSED] - Statement - counter = counter + 1: null

2018-12-05 12:25:16 - [TEST_STEP][PASSED] - Statement - PreSaveFile = new java.io.File(((pathPrefix + java.lang.Integer.toString(counter)) + .png)): null

2018-12-05 12:25:16 - [TEST_STEP][PASSED] - Statement - counter = counter + 1: null

2018-12-05 12:25:16 - [TEST_STEP][PASSED] - Statement - PreSaveFile = new java.io.File(((pathPrefix + java.lang.Integer.toString(counter)) + .png)): null

2018-12-05 12:25:16 - [TEST_STEP][PASSED] - Statement - counter = counter + 1: null

2018-12-05 12:25:16 - [TEST_STEP][PASSED] - Statement - PreSaveFile = new java.io.File(((pathPrefix + java.lang.Integer.toString(counter)) + .png)): null

2018-12-05 12:25:16 - [TEST_STEP][PASSED] - Statement - counter = counter + 1: null

2018-12-05 12:25:17 - [TEST_STEP][PASSED] - Statement - PreSaveFile = new java.io.File(((pathPrefix + java.lang.Integer.toString(counter)) + .png)): null

2018-12-05 12:25:17 - [TEST_STEP][PASSED] - Statement - counter = counter + 1: null

2018-12-05 12:25:17 - [TEST_STEP][PASSED] - Statement - PreSaveFile = new java.io.File(((pathPrefix + java.lang.Integer.toString(counter)) + .png)): null

2018-12-05 12:25:17 - [TEST_STEP][PASSED] - Statement - counter = counter + 1: null

2018-12-05 12:25:17 - [TEST_STEP][PASSED] - Statement - PreSaveFile = new java.io.File(((pathPrefix + java.lang.Integer.toString(counter)) + .png)): null

2018-12-05 12:25:17 - [TEST_STEP][PASSED] - Statement - counter = counter + 1: null

2018-12-05 12:25:17 - [TEST_STEP][PASSED] - Statement - PreSaveFile = new java.io.File(((pathPrefix + java.lang.Integer.toString(counter)) + .png)): null

2018-12-05 12:25:17 - [TEST_STEP][PASSED] - Statement - counter = counter + 1: null

2018-12-05 12:25:17 - [TEST_STEP][PASSED] - Statement - PreSaveFile = new java.io.File(((pathPrefix + java.lang.Integer.toString(counter)) + .png)): null

2018-12-05 12:25:17 - [TEST_STEP][PASSED] - Statement - counter = counter + 1: null

2018-12-05 12:25:17 - [TEST_STEP][PASSED] - Statement - PreSaveFile = new java.io.File(((pathPrefix + java.lang.Integer.toString(counter)) + .png)): null

2018-12-05 12:25:17 - [TEST_STEP][PASSED] - Statement - counter = counter + 1: null

2018-12-05 12:25:17 - [TEST_STEP][PASSED] - Statement - PreSaveFile = new java.io.File(((pathPrefix + java.lang.Integer.toString(counter)) + .png)): null

2018-12-05 12:25:17 - [TEST_STEP][PASSED] - Statement - counter = counter + 1: null

2018-12-05 12:25:17 - [TEST_STEP][PASSED] - Statement - PreSaveFile = new java.io.File(((pathPrefix + java.lang.Integer.toString(counter)) + .png)): null

2018-12-05 12:25:17 - [TEST_STEP][PASSED] - Statement - counter = counter + 1: null

2018-12-05 12:25:17 - [TEST_STEP][PASSED] - Statement - PreSaveFile = new java.io.File(((pathPrefix + java.lang.Integer.toString(counter)) + .png)): null

2018-12-05 12:25:17 - [TEST_STEP][PASSED] - Statement - counter = counter + 1: null

2018-12-05 12:25:17 - [TEST_STEP][PASSED] - Statement - PreSaveFile = new java.io.File(((pathPrefix + java.lang.Integer.toString(counter)) + .png)): null

2018-12-05 12:25:17 - [TEST_STEP][PASSED] - Statement - counter = counter + 1: null

2018-12-05 12:25:17 - [TEST_STEP][PASSED] - Statement - PreSaveFile = new java.io.File(((pathPrefix + java.lang.Integer.toString(counter)) + .png)): null

2018-12-05 12:25:17 - [TEST_STEP][PASSED] - Statement - counter = counter + 1: null

2018-12-05 12:25:17 - [TEST_STEP][PASSED] - Statement - PreSaveFile = new java.io.File(((pathPrefix + java.lang.Integer.toString(counter)) + .png)): null

2018-12-05 12:25:17 - [TEST_STEP][PASSED] - Statement - counter = counter + 1: null

2018-12-05 12:25:17 - [TEST_STEP][PASSED] - Statement - PreSaveFile = new java.io.File(((pathPrefix + java.lang.Integer.toString(counter)) + .png)): null

2018-12-05 12:25:17 - [TEST_STEP][PASSED] - Statement - counter = counter + 1: null

2018-12-05 12:25:17 - [TEST_STEP][PASSED] - Statement - PreSaveFile = new java.io.File(((pathPrefix + java.lang.Integer.toString(counter)) + .png)): null

2018-12-05 12:25:17 - [TEST_STEP][PASSED] - Statement - counter = counter + 1: null

2018-12-05 12:25:18 - [TEST_STEP][PASSED] - Statement - PreSaveFile = new java.io.File(((pathPrefix + java.lang.Integer.toString(counter)) + .png)): null

2018-12-05 12:25:18 - [TEST_STEP][PASSED] - Statement - counter = counter + 1: null

2018-12-05 12:25:18 - [TEST_STEP][PASSED] - Statement - PreSaveFile = new java.io.File(((pathPrefix + java.lang.Integer.toString(counter)) + .png)): null

2018-12-05 12:25:18 - [TEST_STEP][PASSED] - Statement - counter = counter + 1: null

2018-12-05 12:25:18 - [TEST_STEP][PASSED] - Statement - PreSaveFile = new java.io.File(((pathPrefix + java.lang.Integer.toString(counter)) + .png)): null

2018-12-05 12:25:18 - [TEST_STEP][PASSED] - Statement - counter = counter + 1: null

2018-12-05 12:25:18 - [TEST_STEP][PASSED] - Statement - PreSaveFile = new java.io.File(((pathPrefix + java.lang.Integer.toString(counter)) + .png)): null

2018-12-05 12:25:18 - [TEST_STEP][PASSED] - Statement - counter = counter + 1: null

2018-12-05 12:25:18 - [TEST_STEP][PASSED] - Statement - PreSaveFile = new java.io.File(((pathPrefix + java.lang.Integer.toString(counter)) + .png)): null

2018-12-05 12:25:18 - [TEST_STEP][PASSED] - Statement - counter = counter + 1: null

2018-12-05 12:25:18 - [TEST_STEP][PASSED] - Statement - PreSaveFile = new java.io.File(((pathPrefix + java.lang.Integer.toString(counter)) + .png)): null

2018-12-05 12:25:18 - [TEST_STEP][PASSED] - Statement - counter = counter + 1: null

2018-12-05 12:25:18 - [TEST_STEP][PASSED] - Statement - PreSaveFile = new java.io.File(((pathPrefix + java.lang.Integer.toString(counter)) + .png)): null

2018-12-05 12:25:18 - [TEST_STEP][PASSED] - Statement - counter = counter + 1: null

2018-12-05 12:25:18 - [TEST_STEP][PASSED] - Statement - PreSaveFile = new java.io.File(((pathPrefix + java.lang.Integer.toString(counter)) + .png)): null

2018-12-05 12:25:18 - [TEST_STEP][PASSED] - Statement - counter = counter + 1: null

2018-12-05 12:25:18 - [TEST_STEP][PASSED] - Statement - PreSaveFile = new java.io.File(((pathPrefix + java.lang.Integer.toString(counter)) + .png)): null

2018-12-05 12:25:18 - [TEST_STEP][PASSED] - Statement - counter = counter + 1: null

2018-12-05 12:25:18 - [TEST_STEP][PASSED] - Statement - PreSaveFile = new java.io.File(((pathPrefix + java.lang.Integer.toString(counter)) + .png)): null

2018-12-05 12:25:18 - [TEST_STEP][PASSED] - Statement - counter = counter + 1: null

2018-12-05 12:25:18 - [TEST_STEP][PASSED] - Statement - PreSaveFile = new java.io.File(((pathPrefix + java.lang.Integer.toString(counter)) + .png)): null

2018-12-05 12:25:18 - [TEST_STEP][PASSED] - Statement - counter = counter + 1: null

2018-12-05 12:25:18 - [TEST_STEP][PASSED] - Statement - PreSaveFile = new java.io.File(((pathPrefix + java.lang.Integer.toString(counter)) + .png)): null

2018-12-05 12:25:18 - [TEST_STEP][PASSED] - Statement - counter = counter + 1: null

2018-12-05 12:25:18 - [TEST_STEP][PASSED] - Statement - PreSaveFile = new java.io.File(((pathPrefix + java.lang.Integer.toString(counter)) + .png)): null

2018-12-05 12:25:18 - [TEST_STEP][PASSED] - Statement - counter = counter + 1: null

2018-12-05 12:25:18 - [TEST_STEP][PASSED] - Statement - PreSaveFile = new java.io.File(((pathPrefix + java.lang.Integer.toString(counter)) + .png)): null

2018-12-05 12:25:18 - [TEST_STEP][PASSED] - Statement - counter = counter + 1: null

2018-12-05 12:25:18 - [TEST_STEP][PASSED] - Statement - PreSaveFile = new java.io.File(((pathPrefix + java.lang.Integer.toString(counter)) + .png)): null

2018-12-05 12:25:19 - [TEST_STEP][PASSED] - Statement - counter = counter + 1: null

2018-12-05 12:25:19 - [TEST_STEP][PASSED] - Statement - PreSaveFile = new java.io.File(((pathPrefix + java.lang.Integer.toString(counter)) + .png)): null

2018-12-05 12:25:19 - [TEST_STEP][PASSED] - Statement - counter = counter + 1: null

2018-12-05 12:25:19 - [TEST_STEP][PASSED] - Statement - PreSaveFile = new java.io.File(((pathPrefix + java.lang.Integer.toString(counter)) + .png)): null

2018-12-05 12:25:19 - [TEST_STEP][PASSED] - Statement - counter = counter + 1: null

2018-12-05 12:25:19 - [TEST_STEP][PASSED] - Statement - PreSaveFile = new java.io.File(((pathPrefix + java.lang.Integer.toString(counter)) + .png)): null

2018-12-05 12:25:19 - [TEST_STEP][PASSED] - Statement - counter = counter + 1: null

2018-12-05 12:25:19 - [TEST_STEP][PASSED] - Statement - PreSaveFile = new java.io.File(((pathPrefix + java.lang.Integer.toString(counter)) + .png)): null

2018-12-05 12:25:19 - [TEST_STEP][PASSED] - Statement - counter = counter + 1: null

2018-12-05 12:25:19 - [TEST_STEP][PASSED] - Statement - PreSaveFile = new java.io.File(((pathPrefix + java.lang.Integer.toString(counter)) + .png)): null

2018-12-05 12:25:19 - [TEST_STEP][PASSED] - Statement - counter = counter + 1: null

2018-12-05 12:25:19 - [TEST_STEP][PASSED] - Statement - PreSaveFile = new java.io.File(((pathPrefix + java.lang.Integer.toString(counter)) + .png)): null

2018-12-05 12:25:19 - [TEST_STEP][PASSED] - Statement - counter = counter + 1: null

2018-12-05 12:25:19 - [TEST_STEP][PASSED] - Statement - PreSaveFile = new java.io.File(((pathPrefix + java.lang.Integer.toString(counter)) + .png)): null

2018-12-05 12:25:19 - [TEST_STEP][PASSED] - Statement - counter = counter + 1: null

2018-12-05 12:25:19 - [TEST_STEP][PASSED] - Statement - PreSaveFile = new java.io.File(((pathPrefix + java.lang.Integer.toString(counter)) + .png)): null

2018-12-05 12:25:19 - [TEST_STEP][PASSED] - Statement - counter = counter + 1: null

2018-12-05 12:25:19 - [TEST_STEP][PASSED] - Statement - PreSaveFile = new java.io.File(((pathPrefix + java.lang.Integer.toString(counter)) + .png)): null

2018-12-05 12:25:19 - [TEST_STEP][PASSED] - Statement - counter = counter + 1: null

2018-12-05 12:25:19 - [TEST_STEP][PASSED] - Statement - PreSaveFile = new java.io.File(((pathPrefix + java.lang.Integer.toString(counter)) + .png)): null

2018-12-05 12:25:19 - [TEST_STEP][PASSED] - Statement - counter = counter + 1: null

2018-12-05 12:25:19 - [TEST_STEP][PASSED] - Statement - PreSaveFile = new java.io.File(((pathPrefix + java.lang.Integer.toString(counter)) + .png)): null

2018-12-05 12:25:19 - [TEST_STEP][PASSED] - Statement - counter = counter + 1: null

2018-12-05 12:25:19 - [TEST_STEP][PASSED] - Statement - PreSaveFile = new java.io.File(((pathPrefix + java.lang.Integer.toString(counter)) + .png)): null

2018-12-05 12:25:19 - [TEST_STEP][PASSED] - Statement - counter = counter + 1: null

2018-12-05 12:25:19 - [TEST_STEP][PASSED] - Statement - PreSaveFile = new java.io.File(((pathPrefix + java.lang.Integer.toString(counter)) + .png)): null

2018-12-05 12:25:19 - [TEST_STEP][PASSED] - Statement - counter = counter + 1: null

2018-12-05 12:25:19 - [TEST_STEP][PASSED] - Statement - PreSaveFile = new java.io.File(((pathPrefix + java.lang.Integer.toString(counter)) + .png)): null

2018-12-05 12:25:19 - [TEST_STEP][PASSED] - Statement - counter = counter + 1: null

2018-12-05 12:25:20 - [TEST_STEP][PASSED] - Statement - PreSaveFile = new java.io.File(((pathPrefix + java.lang.Integer.toString(counter)) + .png)): null

2018-12-05 12:25:20 - [TEST_STEP][PASSED] - Statement - counter = counter + 1: null

2018-12-05 12:25:20 - [TEST_STEP][PASSED] - Statement - PreSaveFile = new java.io.File(((pathPrefix + java.lang.Integer.toString(counter)) + .png)): null

2018-12-05 12:25:20 - [TEST_STEP][PASSED] - Statement - counter = counter + 1: null

2018-12-05 12:25:20 - [TEST_STEP][PASSED] - Statement - PreSaveFile = new java.io.File(((pathPrefix + java.lang.Integer.toString(counter)) + .png)): null

2018-12-05 12:25:20 - [TEST_STEP][PASSED] - Statement - counter = counter + 1: null

2018-12-05 12:25:20 - [TEST_STEP][PASSED] - Statement - PreSaveFile = new java.io.File(((pathPrefix + java.lang.Integer.toString(counter)) + .png)): null

2018-12-05 12:25:20 - [TEST_STEP][PASSED] - Statement - counter = counter + 1: null

2018-12-05 12:25:20 - [TEST_STEP][PASSED] - Statement - PreSaveFile = new java.io.File(((pathPrefix + java.lang.Integer.toString(counter)) + .png)): null

2018-12-05 12:25:20 - [TEST_STEP][PASSED] - Statement - counter = counter + 1: null

2018-12-05 12:25:20 - [TEST_STEP][PASSED] - Statement - PreSaveFile = new java.io.File(((pathPrefix + java.lang.Integer.toString(counter)) + .png)): null

2018-12-05 12:25:20 - [TEST_STEP][PASSED] - Statement - counter = counter + 1: null

2018-12-05 12:25:20 - [TEST_STEP][PASSED] - Statement - PreSaveFile = new java.io.File(((pathPrefix + java.lang.Integer.toString(counter)) + .png)): null

2018-12-05 12:25:20 - [TEST_STEP][PASSED] - Statement - counter = counter + 1: null

2018-12-05 12:25:20 - [TEST_STEP][PASSED] - Statement - PreSaveFile = new java.io.File(((pathPrefix + java.lang.Integer.toString(counter)) + .png)): null

2018-12-05 12:25:20 - [TEST_STEP][PASSED] - Statement - counter = counter + 1: null

2018-12-05 12:25:20 - [TEST_STEP][PASSED] - Statement - PreSaveFile = new java.io.File(((pathPrefix + java.lang.Integer.toString(counter)) + .png)): null

2018-12-05 12:25:20 - [TEST_STEP][PASSED] - Statement - counter = counter + 1: null

2018-12-05 12:25:20 - [TEST_STEP][PASSED] - Statement - PreSaveFile = new java.io.File(((pathPrefix + java.lang.Integer.toString(counter)) + .png)): null

2018-12-05 12:25:20 - [TEST_STEP][PASSED] - Statement - counter = counter + 1: null

2018-12-05 12:25:20 - [TEST_STEP][PASSED] - Statement - PreSaveFile = new java.io.File(((pathPrefix + java.lang.Integer.toString(counter)) + .png)): null

2018-12-05 12:25:20 - [TEST_STEP][PASSED] - Statement - counter = counter + 1: null

2018-12-05 12:25:20 - [TEST_STEP][PASSED] - Statement - PreSaveFile = new java.io.File(((pathPrefix + java.lang.Integer.toString(counter)) + .png)): null

2018-12-05 12:25:20 - [TEST_STEP][PASSED] - Statement - counter = counter + 1: null

2018-12-05 12:25:20 - [TEST_STEP][PASSED] - Statement - PreSaveFile = new java.io.File(((pathPrefix + java.lang.Integer.toString(counter)) + .png)): null

2018-12-05 12:25:20 - [TEST_STEP][PASSED] - Statement - counter = counter + 1: null

2018-12-05 12:25:20 - [TEST_STEP][PASSED] - Statement - PreSaveFile = new java.io.File(((pathPrefix + java.lang.Integer.toString(counter)) + .png)): null

2018-12-05 12:25:20 - [TEST_STEP][PASSED] - Statement - counter = counter + 1: null

2018-12-05 12:25:21 - [TEST_STEP][PASSED] - Statement - PreSaveFile = new java.io.File(((pathPrefix + java.lang.Integer.toString(counter)) + .png)): null

2018-12-05 12:25:21 - [TEST_STEP][PASSED] - Statement - counter = counter + 1: null

2018-12-05 12:25:21 - [TEST_STEP][PASSED] - Statement - PreSaveFile = new java.io.File(((pathPrefix + java.lang.Integer.toString(counter)) + .png)): null

2018-12-05 12:25:21 - [TEST_STEP][PASSED] - Statement - counter = counter + 1: null

2018-12-05 12:25:21 - [TEST_STEP][PASSED] - Statement - PreSaveFile = new java.io.File(((pathPrefix + java.lang.Integer.toString(counter)) + .png)): null

2018-12-05 12:25:21 - [TEST_STEP][PASSED] - Statement - counter = counter + 1: null

2018-12-05 12:25:21 - [TEST_STEP][PASSED] - Statement - PreSaveFile = new java.io.File(((pathPrefix + java.lang.Integer.toString(counter)) + .png)): null

2018-12-05 12:25:21 - [TEST_STEP][PASSED] - Statement - counter = counter + 1: null

2018-12-05 12:25:21 - [TEST_STEP][PASSED] - Statement - PreSaveFile = new java.io.File(((pathPrefix + java.lang.Integer.toString(counter)) + .png)): null

2018-12-05 12:25:21 - [TEST_STEP][PASSED] - Statement - counter = counter + 1: null

2018-12-05 12:25:21 - [TEST_STEP][PASSED] - Statement - PreSaveFile = new java.io.File(((pathPrefix + java.lang.Integer.toString(counter)) + .png)): null

2018-12-05 12:25:21 - [TEST_STEP][PASSED] - Statement - counter = counter + 1: null

2018-12-05 12:25:21 - [TEST_STEP][PASSED] - Statement - PreSaveFile = new java.io.File(((pathPrefix + java.lang.Integer.toString(counter)) + .png)): null

2018-12-05 12:25:21 - [TEST_STEP][PASSED] - Statement - counter = counter + 1: null

2018-12-05 12:25:21 - [TEST_STEP][PASSED] - Statement - PreSaveFile = new java.io.File(((pathPrefix + java.lang.Integer.toString(counter)) + .png)): null

2018-12-05 12:25:21 - [TEST_STEP][PASSED] - Statement - counter = counter + 1: null

2018-12-05 12:25:21 - [TEST_STEP][PASSED] - Statement - PreSaveFile = new java.io.File(((pathPrefix + java.lang.Integer.toString(counter)) + .png)): null

2018-12-05 12:25:21 - [TEST_STEP][PASSED] - Statement - counter = counter + 1: null

2018-12-05 12:25:21 - [TEST_STEP][PASSED] - Statement - PreSaveFile = new java.io.File(((pathPrefix + java.lang.Integer.toString(counter)) + .png)): null

2018-12-05 12:25:21 - [TEST_STEP][PASSED] - Statement - counter = counter + 1: null

2018-12-05 12:25:21 - [TEST_STEP][PASSED] - Statement - PreSaveFile = new java.io.File(((pathPrefix + java.lang.Integer.toString(counter)) + .png)): null

2018-12-05 12:25:21 - [TEST_STEP][PASSED] - Statement - counter = counter + 1: null

2018-12-05 12:25:21 - [TEST_STEP][PASSED] - Statement - PreSaveFile = new java.io.File(((pathPrefix + java.lang.Integer.toString(counter)) + .png)): null

2018-12-05 12:25:21 - [TEST_STEP][PASSED] - Statement - counter = counter + 1: null

2018-12-05 12:25:21 - [TEST_STEP][PASSED] - Statement - PreSaveFile = new java.io.File(((pathPrefix + java.lang.Integer.toString(counter)) + .png)): null

2018-12-05 12:25:21 - [TEST_STEP][PASSED] - Statement - counter = counter + 1: null

2018-12-05 12:25:21 - [TEST_STEP][PASSED] - Statement - PreSaveFile = new java.io.File(((pathPrefix + java.lang.Integer.toString(counter)) + .png)): null

2018-12-05 12:25:21 - [TEST_STEP][PASSED] - Statement - counter = counter + 1: null

2018-12-05 12:25:21 - [TEST_STEP][PASSED] - Statement - PreSaveFile = new java.io.File(((pathPrefix + java.lang.Integer.toString(counter)) + .png)): null

2018-12-05 12:25:22 - [TEST_STEP][PASSED] - Statement - counter = counter + 1: null

2018-12-05 12:25:22 - [TEST_STEP][PASSED] - Statement - PreSaveFile = new java.io.File(((pathPrefix + java.lang.Integer.toString(counter)) + .png)): null

2018-12-05 12:25:22 - [TEST_STEP][PASSED] - Statement - counter = counter + 1: null

2018-12-05 12:25:22 - [TEST_STEP][PASSED] - Statement - PreSaveFile = new java.io.File(((pathPrefix + java.lang.Integer.toString(counter)) + .png)): null

2018-12-05 12:25:22 - [TEST_STEP][PASSED] - Statement - counter = counter + 1: null

2018-12-05 12:25:22 - [TEST_STEP][PASSED] - Statement - PreSaveFile = new java.io.File(((pathPrefix + java.lang.Integer.toString(counter)) + .png)): null

2018-12-05 12:25:22 - [TEST_STEP][PASSED] - Statement - counter = counter + 1: null

2018-12-05 12:25:22 - [TEST_STEP][PASSED] - Statement - PreSaveFile = new java.io.File(((pathPrefix + java.lang.Integer.toString(counter)) + .png)): null

2018-12-05 12:25:22 - [TEST_STEP][PASSED] - Statement - counter = counter + 1: null

2018-12-05 12:25:22 - [TEST_STEP][PASSED] - Statement - PreSaveFile = new java.io.File(((pathPrefix + java.lang.Integer.toString(counter)) + .png)): null

2018-12-05 12:25:22 - [TEST_STEP][PASSED] - Statement - counter = counter + 1: null

2018-12-05 12:25:22 - [TEST_STEP][PASSED] - Statement - PreSaveFile = new java.io.File(((pathPrefix + java.lang.Integer.toString(counter)) + .png)): null

2018-12-05 12:25:22 - [TEST_STEP][PASSED] - Statement - counter = counter + 1: null

2018-12-05 12:25:22 - [TEST_STEP][PASSED] - Statement - PreSaveFile = new java.io.File(((pathPrefix + java.lang.Integer.toString(counter)) + .png)): null

2018-12-05 12:25:22 - [TEST_STEP][PASSED] - Statement - counter = counter + 1: null

2018-12-05 12:25:22 - [TEST_STEP][PASSED] - Statement - PreSaveFile = new java.io.File(((pathPrefix + java.lang.Integer.toString(counter)) + .png)): null

2018-12-05 12:25:22 - [TEST_STEP][PASSED] - Statement - counter = counter + 1: null

2018-12-05 12:25:22 - [TEST_STEP][PASSED] - Statement - PreSaveFile = new java.io.File(((pathPrefix + java.lang.Integer.toString(counter)) + .png)): null

2018-12-05 12:25:22 - [TEST_STEP][PASSED] - Statement - counter = counter + 1: null

2018-12-05 12:25:22 - [TEST_STEP][PASSED] - Statement - PreSaveFile = new java.io.File(((pathPrefix + java.lang.Integer.toString(counter)) + .png)): null

2018-12-05 12:25:22 - [TEST_STEP][PASSED] - Statement - counter = counter + 1: null

2018-12-05 12:25:22 - [TEST_STEP][PASSED] - Statement - PreSaveFile = new java.io.File(((pathPrefix + java.lang.Integer.toString(counter)) + .png)): null

2018-12-05 12:25:22 - [TEST_STEP][PASSED] - Statement - counter = counter + 1: null

2018-12-05 12:25:22 - [TEST_STEP][PASSED] - Statement - PreSaveFile = new java.io.File(((pathPrefix + java.lang.Integer.toString(counter)) + .png)): null

2018-12-05 12:25:22 - [TEST_STEP][PASSED] - Statement - counter = counter + 1: null

2018-12-05 12:25:22 - [TEST_STEP][PASSED] - Statement - PreSaveFile = new java.io.File(((pathPrefix + java.lang.Integer.toString(counter)) + .png)): null

2018-12-05 12:25:22 - [TEST_STEP][PASSED] - Statement - counter = counter + 1: null

2018-12-05 12:25:22 - [TEST_STEP][PASSED] - Statement - PreSaveFile = new java.io.File(((pathPrefix + java.lang.Integer.toString(counter)) + .png)): null

2018-12-05 12:25:22 - [TEST_STEP][PASSED] - Statement - counter = counter + 1: null

2018-12-05 12:25:22 - [TEST_STEP][PASSED] - Statement - PreSaveFile = new java.io.File(((pathPrefix + java.lang.Integer.toString(counter)) + .png)): null

2018-12-05 12:25:22 - [TEST_STEP][PASSED] - Statement - counter = counter + 1: null

2018-12-05 12:25:22 - [TEST_STEP][PASSED] - Statement - PreSaveFile = new java.io.File(((pathPrefix + java.lang.Integer.toString(counter)) + .png)): null

2018-12-05 12:25:22 - [TEST_STEP][PASSED] - Statement - counter = counter + 1: null

2018-12-05 12:25:22 - [TEST_STEP][PASSED] - Statement - PreSaveFile = new java.io.File(((pathPrefix + java.lang.Integer.toString(counter)) + .png)): null

2018-12-05 12:25:22 - [TEST_STEP][PASSED] - Statement - counter = counter + 1: null

2018-12-05 12:25:22 - [TEST_STEP][PASSED] - Statement - PreSaveFile = new java.io.File(((pathPrefix + java.lang.Integer.toString(counter)) + .png)): null

2018-12-05 12:25:22 - [TEST_STEP][PASSED] - Statement - counter = counter + 1: null

2018-12-05 12:25:22 - [TEST_STEP][PASSED] - Statement - PreSaveFile = new java.io.File(((pathPrefix + java.lang.Integer.toString(counter)) + .png)): null

2018-12-05 12:25:22 - [TEST_STEP][PASSED] - Statement - counter = counter + 1: null

2018-12-05 12:25:23 - [TEST_STEP][PASSED] - Statement - PreSaveFile = new java.io.File(((pathPrefix + java.lang.Integer.toString(counter)) + .png)): null

2018-12-05 12:25:23 - [TEST_STEP][PASSED] - Statement - counter = counter + 1: null

2018-12-05 12:25:23 - [TEST_STEP][PASSED] - Statement - PreSaveFile = new java.io.File(((pathPrefix + java.lang.Integer.toString(counter)) + .png)): null

2018-12-05 12:25:23 - [TEST_STEP][PASSED] - Statement - counter = counter + 1: null

2018-12-05 12:25:23 - [TEST_STEP][PASSED] - Statement - PreSaveFile = new java.io.File(((pathPrefix + java.lang.Integer.toString(counter)) + .png)): null

2018-12-05 12:25:23 - [TEST_STEP][PASSED] - Statement - counter = counter + 1: null

2018-12-05 12:25:23 - [TEST_STEP][PASSED] - Statement - PreSaveFile = new java.io.File(((pathPrefix + java.lang.Integer.toString(counter)) + .png)): null

2018-12-05 12:25:23 - [TEST_STEP][PASSED] - Statement - counter = counter + 1: null

2018-12-05 12:25:23 - [TEST_STEP][PASSED] - Statement - PreSaveFile = new java.io.File(((pathPrefix + java.lang.Integer.toString(counter)) + .png)): null

2018-12-05 12:25:23 - [TEST_STEP][PASSED] - Statement - counter = counter + 1: null

2018-12-05 12:25:23 - [TEST_STEP][PASSED] - Statement - PreSaveFile = new java.io.File(((pathPrefix + java.lang.Integer.toString(counter)) + .png)): null

2018-12-05 12:25:23 - [TEST_STEP][PASSED] - Statement - counter = counter + 1: null

2018-12-05 12:25:23 - [TEST_STEP][PASSED] - Statement - PreSaveFile = new java.io.File(((pathPrefix + java.lang.Integer.toString(counter)) + .png)): null

2018-12-05 12:25:23 - [TEST_STEP][PASSED] - Statement - counter = counter + 1: null

2018-12-05 12:25:23 - [TEST_STEP][PASSED] - Statement - PreSaveFile = new java.io.File(((pathPrefix + java.lang.Integer.toString(counter)) + .png)): null

2018-12-05 12:25:23 - [TEST_STEP][PASSED] - Statement - counter = counter + 1: null

2018-12-05 12:25:23 - [TEST_STEP][PASSED] - Statement - PreSaveFile = new java.io.File(((pathPrefix + java.lang.Integer.toString(counter)) + .png)): null

2018-12-05 12:25:23 - [TEST_STEP][PASSED] - Statement - counter = counter + 1: null

2018-12-05 12:25:23 - [TEST_STEP][PASSED] - Statement - PreSaveFile = new java.io.File(((pathPrefix + java.lang.Integer.toString(counter)) + .png)): null

2018-12-05 12:25:23 - [TEST_STEP][PASSED] - Statement - counter = counter + 1: null

2018-12-05 12:25:23 - [TEST_STEP][PASSED] - Statement - PreSaveFile = new java.io.File(((pathPrefix + java.lang.Integer.toString(counter)) + .png)): null

2018-12-05 12:25:23 - [TEST_STEP][PASSED] - Statement - counter = counter + 1: null

2018-12-05 12:25:23 - [TEST_STEP][PASSED] - Statement - PreSaveFile = new java.io.File(((pathPrefix + java.lang.Integer.toString(counter)) + .png)): null

2018-12-05 12:25:23 - [TEST_STEP][PASSED] - Statement - counter = counter + 1: null

2018-12-05 12:25:23 - [TEST_STEP][PASSED] - Statement - PreSaveFile = new java.io.File(((pathPrefix + java.lang.Integer.toString(counter)) + .png)): null

2018-12-05 12:25:23 - [TEST_STEP][PASSED] - Statement - counter = counter + 1: null

2018-12-05 12:25:23 - [TEST_STEP][PASSED] - Statement - PreSaveFile = new java.io.File(((pathPrefix + java.lang.Integer.toString(counter)) + .png)): null

2018-12-05 12:25:23 - [TEST_STEP][PASSED] - Statement - counter = counter + 1: null

2018-12-05 12:25:24 - [TEST_STEP][PASSED] - Statement - PreSaveFile = new java.io.File(((pathPrefix + java.lang.Integer.toString(counter)) + .png)): null

2018-12-05 12:25:24 - [TEST_STEP][PASSED] - Statement - counter = counter + 1: null

2018-12-05 12:25:24 - [TEST_STEP][PASSED] - Statement - PreSaveFile = new java.io.File(((pathPrefix + java.lang.Integer.toString(counter)) + .png)): null

2018-12-05 12:25:24 - [TEST_STEP][PASSED] - Statement - counter = counter + 1: null

2018-12-05 12:25:24 - [TEST_STEP][PASSED] - Statement - PreSaveFile = new java.io.File(((pathPrefix + java.lang.Integer.toString(counter)) + .png)): null

2018-12-05 12:25:24 - [TEST_STEP][PASSED] - Statement - counter = counter + 1: null

2018-12-05 12:25:24 - [TEST_STEP][PASSED] - Statement - PreSaveFile = new java.io.File(((pathPrefix + java.lang.Integer.toString(counter)) + .png)): null

2018-12-05 12:25:24 - [TEST_STEP][PASSED] - Statement - counter = counter + 1: null

2018-12-05 12:25:24 - [TEST_STEP][PASSED] - Statement - PreSaveFile = new java.io.File(((pathPrefix + java.lang.Integer.toString(counter)) + .png)): null

2018-12-05 12:25:24 - [TEST_STEP][PASSED] - Statement - counter = counter + 1: null

2018-12-05 12:25:24 - [TEST_STEP][PASSED] - Statement - PreSaveFile = new java.io.File(((pathPrefix + java.lang.Integer.toString(counter)) + .png)): null

2018-12-05 12:25:24 - [TEST_STEP][PASSED] - Statement - counter = counter + 1: null

2018-12-05 12:25:24 - [TEST_STEP][PASSED] - Statement - PreSaveFile = new java.io.File(((pathPrefix + java.lang.Integer.toString(counter)) + .png)): null

2018-12-05 12:25:24 - [TEST_STEP][PASSED] - Statement - counter = counter + 1: null

2018-12-05 12:25:24 - [TEST_STEP][PASSED] - Statement - PreSaveFile = new java.io.File(((pathPrefix + java.lang.Integer.toString(counter)) + .png)): null

2018-12-05 12:25:24 - [TEST_STEP][PASSED] - Statement - counter = counter + 1: null

2018-12-05 12:25:24 - [TEST_STEP][PASSED] - Statement - PreSaveFile = new java.io.File(((pathPrefix + java.lang.Integer.toString(counter)) + .png)): null

2018-12-05 12:25:24 - [TEST_STEP][PASSED] - Statement - counter = counter + 1: null

2018-12-05 12:25:24 - [TEST_STEP][PASSED] - Statement - PreSaveFile = new java.io.File(((pathPrefix + java.lang.Integer.toString(counter)) + .png)): null

2018-12-05 12:25:24 - [TEST_STEP][PASSED] - Statement - counter = counter + 1: null

2018-12-05 12:25:24 - [TEST_STEP][PASSED] - Statement - PreSaveFile = new java.io.File(((pathPrefix + java.lang.Integer.toString(counter)) + .png)): null

2018-12-05 12:25:24 - [TEST_STEP][PASSED] - Statement - counter = counter + 1: null

2018-12-05 12:25:24 - [TEST_STEP][PASSED] - Statement - PreSaveFile = new java.io.File(((pathPrefix + java.lang.Integer.toString(counter)) + .png)): null

2018-12-05 12:25:24 - [TEST_STEP][PASSED] - Statement - counter = counter + 1: null

2018-12-05 12:25:24 - [TEST_STEP][PASSED] - Statement - PreSaveFile = new java.io.File(((pathPrefix + java.lang.Integer.toString(counter)) + .png)): null

2018-12-05 12:25:24 - [TEST_STEP][PASSED] - Statement - counter = counter + 1: null

2018-12-05 12:25:24 - [TEST_STEP][PASSED] - Statement - PreSaveFile = new java.io.File(((pathPrefix + java.lang.Integer.toString(counter)) + .png)): null

2018-12-05 12:25:24 - [TEST_STEP][PASSED] - Statement - counter = counter + 1: null

2018-12-05 12:25:24 - [TEST_STEP][PASSED] - Statement - PreSaveFile = new java.io.File(((pathPrefix + java.lang.Integer.toString(counter)) + .png)): null

2018-12-05 12:25:25 - [TEST_STEP][PASSED] - Statement - counter = counter + 1: null

2018-12-05 12:25:25 - [TEST_STEP][PASSED] - Statement - PreSaveFile = new java.io.File(((pathPrefix + java.lang.Integer.toString(counter)) + .png)): null

2018-12-05 12:25:25 - [TEST_STEP][PASSED] - Statement - counter = counter + 1: null

2018-12-05 12:25:25 - [TEST_STEP][PASSED] - Statement - PreSaveFile = new java.io.File(((pathPrefix + java.lang.Integer.toString(counter)) + .png)): null

2018-12-05 12:25:25 - [TEST_STEP][PASSED] - Statement - counter = counter + 1: null

2018-12-05 12:25:25 - [TEST_STEP][PASSED] - Statement - PreSaveFile = new java.io.File(((pathPrefix + java.lang.Integer.toString(counter)) + .png)): null

2018-12-05 12:25:25 - [TEST_STEP][PASSED] - Statement - counter = counter + 1: null

2018-12-05 12:25:25 - [TEST_STEP][PASSED] - Statement - PreSaveFile = new java.io.File(((pathPrefix + java.lang.Integer.toString(counter)) + .png)): null

2018-12-05 12:25:25 - [TEST_STEP][PASSED] - Statement - counter = counter + 1: null

2018-12-05 12:25:25 - [TEST_STEP][PASSED] - Statement - PreSaveFile = new java.io.File(((pathPrefix + java.lang.Integer.toString(counter)) + .png)): null

2018-12-05 12:25:25 - [TEST_STEP][PASSED] - Statement - counter = counter + 1: null

2018-12-05 12:25:25 - [TEST_STEP][PASSED] - Statement - PreSaveFile = new java.io.File(((pathPrefix + java.lang.Integer.toString(counter)) + .png)): null

2018-12-05 12:25:25 - [TEST_STEP][PASSED] - Statement - counter = counter + 1: null

2018-12-05 12:25:25 - [TEST_STEP][PASSED] - Statement - PreSaveFile = new java.io.File(((pathPrefix + java.lang.Integer.toString(counter)) + .png)): null

2018-12-05 12:25:25 - [TEST_STEP][PASSED] - Statement - counter = counter + 1: null

2018-12-05 12:25:25 - [TEST_STEP][PASSED] - Statement - PreSaveFile = new java.io.File(((pathPrefix + java.lang.Integer.toString(counter)) + .png)): null

2018-12-05 12:25:25 - [TEST_STEP][PASSED] - Statement - counter = counter + 1: null

2018-12-05 12:25:25 - [TEST_STEP][PASSED] - Statement - PreSaveFile = new java.io.File(((pathPrefix + java.lang.Integer.toString(counter)) + .png)): null

2018-12-05 12:25:25 - [TEST_STEP][PASSED] - Statement - counter = counter + 1: null

2018-12-05 12:25:25 - [TEST_STEP][PASSED] - Statement - PreSaveFile = new java.io.File(((pathPrefix + java.lang.Integer.toString(counter)) + .png)): null

2018-12-05 12:25:25 - [TEST_STEP][PASSED] - Statement - counter = counter + 1: null

2018-12-05 12:25:25 - [TEST_STEP][PASSED] - Statement - PreSaveFile = new java.io.File(((pathPrefix + java.lang.Integer.toString(counter)) + .png)): null

2018-12-05 12:25:25 - [TEST_STEP][PASSED] - Statement - counter = counter + 1: null

2018-12-05 12:25:25 - [TEST_STEP][PASSED] - Statement - PreSaveFile = new java.io.File(((pathPrefix + java.lang.Integer.toString(counter)) + .png)): null

2018-12-05 12:25:25 - [TEST_STEP][PASSED] - Statement - counter = counter + 1: null

2018-12-05 12:25:25 - [TEST_STEP][PASSED] - Statement - PreSaveFile = new java.io.File(((pathPrefix + java.lang.Integer.toString(counter)) + .png)): null

2018-12-05 12:25:25 - [TEST_STEP][PASSED] - Statement - counter = counter + 1: null

2018-12-05 12:25:25 - [TEST_STEP][PASSED] - Statement - PreSaveFile = new java.io.File(((pathPrefix + java.lang.Integer.toString(counter)) + .png)): null

2018-12-05 12:25:25 - [TEST_STEP][PASSED] - Statement - counter = counter + 1: null

2018-12-05 12:25:26 - [TEST_STEP][PASSED] - Statement - PreSaveFile = new java.io.File(((pathPrefix + java.lang.Integer.toString(counter)) + .png)): null

2018-12-05 12:25:26 - [TEST_STEP][PASSED] - Statement - counter = counter + 1: null

2018-12-05 12:25:26 - [TEST_STEP][PASSED] - Statement - PreSaveFile = new java.io.File(((pathPrefix + java.lang.Integer.toString(counter)) + .png)): null

2018-12-05 12:25:26 - [TEST_STEP][PASSED] - Statement - counter = counter + 1: null

2018-12-05 12:25:26 - [TEST_STEP][PASSED] - Statement - PreSaveFile = new java.io.File(((pathPrefix + java.lang.Integer.toString(counter)) + .png)): null

2018-12-05 12:25:26 - [TEST_STEP][PASSED] - Statement - counter = counter + 1: null

2018-12-05 12:25:26 - [TEST_STEP][PASSED] - Statement - PreSaveFile = new java.io.File(((pathPrefix + java.lang.Integer.toString(counter)) + .png)): null

2018-12-05 12:25:26 - [TEST_STEP][PASSED] - Statement - counter = counter + 1: null

2018-12-05 12:25:26 - [TEST_STEP][PASSED] - Statement - PreSaveFile = new java.io.File(((pathPrefix + java.lang.Integer.toString(counter)) + .png)): null

2018-12-05 12:25:26 - [TEST_STEP][PASSED] - Statement - counter = counter + 1: null

2018-12-05 12:25:26 - [TEST_STEP][PASSED] - Statement - PreSaveFile = new java.io.File(((pathPrefix + java.lang.Integer.toString(counter)) + .png)): null

2018-12-05 12:25:26 - [TEST_STEP][PASSED] - Statement - counter = counter + 1: null

2018-12-05 12:25:26 - [TEST_STEP][PASSED] - Statement - PreSaveFile = new java.io.File(((pathPrefix + java.lang.Integer.toString(counter)) + .png)): null

2018-12-05 12:25:26 - [TEST_STEP][PASSED] - Statement - counter = counter + 1: null

2018-12-05 12:25:26 - [TEST_STEP][PASSED] - Statement - PreSaveFile = new java.io.File(((pathPrefix + java.lang.Integer.toString(counter)) + .png)): null

2018-12-05 12:25:26 - [TEST_STEP][PASSED] - Statement - counter = counter + 1: null

2018-12-05 12:25:26 - [TEST_STEP][PASSED] - Statement - PreSaveFile = new java.io.File(((pathPrefix + java.lang.Integer.toString(counter)) + .png)): null

2018-12-05 12:25:26 - [TEST_STEP][PASSED] - Statement - counter = counter + 1: null

2018-12-05 12:25:26 - [TEST_STEP][PASSED] - Statement - PreSaveFile = new java.io.File(((pathPrefix + java.lang.Integer.toString(counter)) + .png)): null

2018-12-05 12:25:26 - [TEST_STEP][PASSED] - Statement - counter = counter + 1: null

2018-12-05 12:25:26 - [TEST_STEP][PASSED] - Statement - PreSaveFile = new java.io.File(((pathPrefix + java.lang.Integer.toString(counter)) + .png)): null

2018-12-05 12:25:26 - [TEST_STEP][PASSED] - Statement - counter = counter + 1: null

2018-12-05 12:25:26 - [TEST_STEP][PASSED] - Statement - PreSaveFile = new java.io.File(((pathPrefix + java.lang.Integer.toString(counter)) + .png)): null

2018-12-05 12:25:26 - [TEST_STEP][PASSED] - Statement - counter = counter + 1: null

2018-12-05 12:25:26 - [TEST_STEP][PASSED] - Statement - PreSaveFile = new java.io.File(((pathPrefix + java.lang.Integer.toString(counter)) + .png)): null

2018-12-05 12:25:26 - [TEST_STEP][PASSED] - Statement - counter = counter + 1: null

2018-12-05 12:25:26 - [TEST_STEP][PASSED] - Statement - PreSaveFile = new java.io.File(((pathPrefix + java.lang.Integer.toString(counter)) + .png)): null

2018-12-05 12:25:26 - [TEST_STEP][PASSED] - Statement - counter = counter + 1: null

2018-12-05 12:25:27 - [TEST_STEP][PASSED] - Statement - PreSaveFile = new java.io.File(((pathPrefix + java.lang.Integer.toString(counter)) + .png)): null

2018-12-05 12:25:27 - [TEST_STEP][PASSED] - Statement - counter = counter + 1: null

2018-12-05 12:25:27 - [TEST_STEP][PASSED] - Statement - PreSaveFile = new java.io.File(((pathPrefix + java.lang.Integer.toString(counter)) + .png)): null

2018-12-05 12:25:27 - [TEST_STEP][PASSED] - Statement - counter = counter + 1: null

2018-12-05 12:25:27 - [TEST_STEP][PASSED] - Statement - PreSaveFile = new java.io.File(((pathPrefix + java.lang.Integer.toString(counter)) + .png)): null

2018-12-05 12:25:27 - [TEST_STEP][PASSED] - Statement - counter = counter + 1: null

2018-12-05 12:25:27 - [TEST_STEP][PASSED] - Statement - PreSaveFile = new java.io.File(((pathPrefix + java.lang.Integer.toString(counter)) + .png)): null

2018-12-05 12:25:27 - [TEST_STEP][PASSED] - Statement - counter = counter + 1: null

2018-12-05 12:25:27 - [TEST_STEP][PASSED] - Statement - PreSaveFile = new java.io.File(((pathPrefix + java.lang.Integer.toString(counter)) + .png)): null

2018-12-05 12:25:27 - [TEST_STEP][PASSED] - Statement - finalPath = pathPrefix + java.lang.Integer.toString(counter) + ".png": null

2018-12-05 12:25:27 - [TEST_STEP][PASSED] - Statement - SaveFile = new java.io.File(finalPath): null

2018-12-05 12:25:27 - [TEST_STEP][PASSED] - Statement - Try: null

2018-12-05 12:25:27 - [TEST_STEP][PASSED] - Statement - org.apache.commons.io.FileUtils.copyFile(scrFile, SaveFile): null

2018-12-05 12:25:27 - [TEST_STEP][PASSED] - Statement - out.println("file kept"): null

2018-12-05 12:25:27 - [TEST_STEP][PASSED] - delay: Delayed 10 second(s)

2018-12-05 12:25:37 - [MESSAGE][PASSED] - Delayed 10 second(s)

2018-12-05 12:25:37 - [MESSAGE][PASSED] - Call Test Case 'Test Cases/Final Aug 2018 - PKS Automation/Common/Screenshoting tool' successfully

2018-12-05 12:25:37 - [TEST_STEP][PASSED] - callTestCase: Call Test Case 'Test Cases/Final Aug 2018 - PKS Automation/Registration Module/Log Out/log out avoiding katalon tagging' successfully

2018-12-05 12:25:37 - [TEST_CASE][PASSED] - Test Cases/Final Aug 2018 - PKS Automation/Registration Module/Log Out/log out avoiding katalon tagging: Test Cases/Final Aug 2018 - PKS Automation/Registration Module/Log Out/log out avoiding katalon tagging

2018-12-05 12:25:37 - [TEST_STEP][PASSED] - navigateToUrl: Navigate to 'https://assist2-uat.perkeso.gov.my/c/portal/logout' successfully

2018-12-05 12:25:38 - [MESSAGE][PASSED] - Navigate to 'https://assist2-uat.perkeso.gov.my/c/portal/logout' successfully

2018-12-05 12:25:38 - [MESSAGE][PASSED] - Call Test Case 'Test Cases/Final Aug 2018 - PKS Automation/Registration Module/Log Out/log out avoiding katalon tagging' successfully

2018-12-05 12:25:38 - [TEST_STEP][PASSED] - delay: Delayed 2 second(s)

2018-12-05 12:25:40 - [MESSAGE][PASSED] - Delayed 2 second(s)

2018-12-05 12:25:40 - [TEST_STEP][PASSED] - setText: Text 'johorro2@gmail.com' is set on object 'Object Repository/Final Object Repo/New Registration - Registration Module Pages/New Reg - OTC to RO/Special Case - All Related Objects/Email TextBox'

2018-12-05 12:25:40 - [MESSAGE][PASSED] - Text 'johorro2@gmail.com' is set on object 'Object Repository/Final Object Repo/New Registration - Registration Module Pages/New Reg - OTC to RO/Special Case - All Related Objects/Email TextBox'

2018-12-05 12:25:40 - [TEST_STEP][PASSED] - click: Object: 'Object Repository/Final Object Repo/New Registration - Registration Module Pages/New Reg - OTC to RO/Special Case - All Related Objects/Next Button' is clicked on

2018-12-05 12:25:40 - [MESSAGE][PASSED] - Object: 'Object Repository/Final Object Repo/New Registration - Registration Module Pages/New Reg - OTC to RO/Special Case - All Related Objects/Next Button' is clicked on

2018-12-05 12:25:40 - [TEST_STEP][PASSED] - delay: Delayed 2 second(s)

2018-12-05 12:25:42 - [MESSAGE][PASSED] - Delayed 2 second(s)

2018-12-05 12:25:42 - [TEST_STEP][PASSED] - setText: Text 'Test1@3456789' is set on object 'Object Repository/Final Object Repo/New Registration - Registration Module Pages/New Reg - OTC to RO/Special Case - All Related Objects/Password TextBox'

2018-12-05 12:25:43 - [MESSAGE][PASSED] - Text 'Test1@3456789' is set on object 'Object Repository/Final Object Repo/New Registration - Registration Module Pages/New Reg - OTC to RO/Special Case - All Related Objects/Password TextBox'

2018-12-05 12:25:43 - [TEST_STEP][PASSED] - delay: Delayed 2 second(s)

2018-12-05 12:25:45 - [MESSAGE][PASSED] - Delayed 2 second(s)

2018-12-05 12:25:45 - [TEST_STEP][PASSED] - click: Object: 'Object Repository/Final Object Repo/New Registration - Registration Module Pages/New Reg - OTC to RO/Special Case - All Related Objects/Login Button' is clicked on

2018-12-05 12:25:45 - [MESSAGE][PASSED] - Object: 'Object Repository/Final Object Repo/New Registration - Registration Module Pages/New Reg - OTC to RO/Special Case - All Related Objects/Login Button' is clicked on

2018-12-05 12:25:45 - [TEST_STEP][PASSED] - delay: Delayed 2 second(s)

2018-12-05 12:25:47 - [MESSAGE][PASSED] - Delayed 2 second(s)

2018-12-05 12:25:47 - [TEST_STEP][PASSED] - Statement - Try: null

2018-12-05 12:25:47 - [TEST_STEP][PASSED] - Statement - Checker = com.kms.katalon.core.webui.keyword.WebUiBuiltInKeywords.verifyElementNotPresent("Final Object Repo/Landing Page/Select to English", 3): null

2018-12-05 12:25:47 - [TEST_STEP][PASSED] - Statement - Catch (Exception e): null

2018-12-05 12:25:47 - [TEST_STEP][PASSED] - Statement - e.printStackTrace(): null

2018-12-05 12:25:47 - [TEST_STEP][PASSED] - click: Object: 'Object Repository/Final Object Repo/New Registration - Registration Module Pages/New Reg - OTC to RO/Special Case - All Related Objects/Expand to Search' is clicked on

2018-12-05 12:25:47 - [MESSAGE][PASSED] - Object: 'Object Repository/Final Object Repo/New Registration - Registration Module Pages/New Reg - OTC to RO/Special Case - All Related Objects/Expand to Search' is clicked on

2018-12-05 12:25:47 - [TEST_STEP][PASSED] - delay: Delayed 2 second(s)

2018-12-05 12:25:49 - [MESSAGE][PASSED] - Delayed 2 second(s)

2018-12-05 12:25:49 - [TEST_STEP][PASSED] - setText: Text 'CRN12201800123005' is set on object 'Object Repository/Final Object Repo/New Registration - Registration Module Pages/New Reg - OTC to RO/Special Case - All Related Objects/TextBox RefNo in Workbasket'

2018-12-05 12:25:49 - [MESSAGE][PASSED] - Text 'CRN12201800123005' is set on object 'Object Repository/Final Object Repo/New Registration - Registration Module Pages/New Reg - OTC to RO/Special Case - All Related Objects/TextBox RefNo in Workbasket'

2018-12-05 12:25:49 - [TEST_STEP][PASSED] - delay: Delayed 2 second(s)

2018-12-05 12:25:51 - [MESSAGE][PASSED] - Delayed 2 second(s)

2018-12-05 12:25:51 - [TEST_STEP][PASSED] - click: Object: 'Object Repository/Final Object Repo/New Registration - Registration Module Pages/New Reg - OTC to RO/Special Case - All Related Objects/Click Search' is clicked on

2018-12-05 12:25:51 - [MESSAGE][PASSED] - Object: 'Object Repository/Final Object Repo/New Registration - Registration Module Pages/New Reg - OTC to RO/Special Case - All Related Objects/Click Search' is clicked on

2018-12-05 12:25:51 - [TEST_STEP][PASSED] - delay: Delayed 2 second(s)

2018-12-05 12:25:53 - [MESSAGE][PASSED] - Delayed 2 second(s)

2018-12-05 12:25:53 - [TEST_STEP][PASSED] - click: Object: 'Object Repository/Final Object Repo/New Registration - Registration Module Pages/New Reg - OTC to RO/Special Case - All Related Objects/Click to Continue Workflow' is clicked on

2018-12-05 12:25:57 - [MESSAGE][PASSED] - Object: 'Object Repository/Final Object Repo/New Registration - Registration Module Pages/New Reg - OTC to RO/Special Case - All Related Objects/Click to Continue Workflow' is clicked on

2018-12-05 12:25:57 - [TEST_STEP][PASSED] - delay: Delayed 2 second(s)

2018-12-05 12:25:59 - [MESSAGE][PASSED] - Delayed 2 second(s)

2018-12-05 12:25:59 - [TEST_STEP][PASSED] - click: Object: 'Object Repository/Final Object Repo/New Registration - Registration Module Pages/New Reg - OTC to RO/Special Case - All Related Objects/Continue Button in verifying case' is clicked on

2018-12-05 12:26:01 - [MESSAGE][PASSED] - Object: 'Object Repository/Final Object Repo/New Registration - Registration Module Pages/New Reg - OTC to RO/Special Case - All Related Objects/Continue Button in verifying case' is clicked on

2018-12-05 12:26:01 - [TEST_STEP][PASSED] - delay: Delayed 2 second(s)

2018-12-05 12:26:03 - [MESSAGE][PASSED] - Delayed 2 second(s)

2018-12-05 12:26:03 - [TEST_STEP][PASSED] - click: Object: 'Object Repository/Final Object Repo/New Registration - Registration Module Pages/Form 1/Registered As a Branch - Yes' is clicked on

2018-12-05 12:26:03 - [MESSAGE][PASSED] - Object: 'Object Repository/Final Object Repo/New Registration - Registration Module Pages/Form 1/Registered As a Branch - Yes' is clicked on

2018-12-05 12:26:03 - [TEST_STEP][PASSED] - delay: Delayed 2 second(s)

2018-12-05 12:26:05 - [MESSAGE][PASSED] - Delayed 2 second(s)

2018-12-05 12:26:05 - [TEST_STEP][PASSED] - click: Object: 'Object Repository/Final Object Repo/New Registration - Registration Module Pages/New Reg - OTC to RO/Special Case - All Related Objects/Form 1 Save n Continue' is clicked on

2018-12-05 12:26:05 - [MESSAGE][PASSED] - Object: 'Object Repository/Final Object Repo/New Registration - Registration Module Pages/New Reg - OTC to RO/Special Case - All Related Objects/Form 1 Save n Continue' is clicked on

2018-12-05 12:26:05 - [TEST_STEP][PASSED] - delay: Delayed 2 second(s)

2018-12-05 12:26:07 - [MESSAGE][PASSED] - Delayed 2 second(s)

2018-12-05 12:26:07 - [TEST_STEP][PASSED] - click: Object: 'Object Repository/Final Object Repo/New Registration - Registration Module Pages/New Reg - OTC to RO/Special Case - All Related Objects/Form 2 Save n Continue' is clicked on

2018-12-05 12:26:07 - [MESSAGE][PASSED] - Object: 'Object Repository/Final Object Repo/New Registration - Registration Module Pages/New Reg - OTC to RO/Special Case - All Related Objects/Form 2 Save n Continue' is clicked on

2018-12-05 12:26:07 - [TEST_STEP][PASSED] - delay: Delayed 2 second(s)

2018-12-05 12:26:09 - [MESSAGE][PASSED] - Delayed 2 second(s)

2018-12-05 12:26:09 - [TEST_STEP][PASSED] - click: Object: 'Object Repository/Final Object Repo/New Registration - Registration Module Pages/New Reg - OTC to RO/Special Case - All Related Objects/Third Screen Save n Continue' is clicked on

2018-12-05 12:26:15 - [MESSAGE][PASSED] - Object: 'Object Repository/Final Object Repo/New Registration - Registration Module Pages/New Reg - OTC to RO/Special Case - All Related Objects/Third Screen Save n Continue' is clicked on

2018-12-05 12:26:15 - [TEST_STEP][PASSED] - delay: Delayed 5 second(s)

2018-12-05 12:26:20 - [MESSAGE][PASSED] - Delayed 5 second(s)

2018-12-05 12:26:20 - [TEST_STEP][PASSED] - click: Object: 'Object Repository/Final Object Repo/New Registration - Registration Module Pages/New Reg - OTC to RO/Special Case - All Related Objects/Upload Doc Page Save n Continue' is clicked on

2018-12-05 12:26:20 - [MESSAGE][PASSED] - Object: 'Object Repository/Final Object Repo/New Registration - Registration Module Pages/New Reg - OTC to RO/Special Case - All Related Objects/Upload Doc Page Save n Continue' is clicked on

2018-12-05 12:26:20 - [TEST_STEP][PASSED] - delay: Delayed 5 second(s)

2018-12-05 12:26:25 - [MESSAGE][PASSED] - Delayed 5 second(s)

2018-12-05 12:26:25 - [TEST_STEP][PASSED] - callTestCase: Call Test Case 'Test Cases/Final Aug 2018 - PKS Automation/Registration Module/New Registration/Submit and Screenshot/Submit Registration and Screenshot' successfully

2018-12-05 12:26:25 - [TEST_CASE][PASSED] - Test Cases/Final Aug 2018 - PKS Automation/Registration Module/New Registration/Submit and Screenshot/Submit Registration and Screenshot: Test Cases/Final Aug 2018 - PKS Automation/Registration Module/New Registration/Submit and Screenshot/Submit Registration and Screenshot

2018-12-05 12:26:25 - [TEST_STEP][PASSED] - delay: Delayed 6 second(s)

2018-12-05 12:26:31 - [MESSAGE][PASSED] - Delayed 6 second(s)

2018-12-05 12:26:31 - [TEST_STEP][PASSED] - click: Object: 'Object Repository/Final Object Repo/New Registration - Registration Module Pages/Third Screen - Upload Supporting Doc- Preview/Preview Submit Button' is clicked on

2018-12-05 12:26:31 - [MESSAGE][PASSED] - Object: 'Object Repository/Final Object Repo/New Registration - Registration Module Pages/Third Screen - Upload Supporting Doc- Preview/Preview Submit Button' is clicked on

2018-12-05 12:26:31 - [TEST_STEP][PASSED] - delay: Delayed 2 second(s)

2018-12-05 12:26:33 - [MESSAGE][PASSED] - Delayed 2 second(s)

2018-12-05 12:26:33 - [TEST_STEP][PASSED] - click: Object: 'Object Repository/Final Object Repo/New Registration - Registration Module Pages/Third Screen - Upload Supporting Doc- Preview/Preview Submit - Confirm' is clicked on

2018-12-05 12:26:33 - [MESSAGE][PASSED] - Object: 'Object Repository/Final Object Repo/New Registration - Registration Module Pages/Third Screen - Upload Supporting Doc- Preview/Preview Submit - Confirm' is clicked on

2018-12-05 12:26:33 - [TEST_STEP][PASSED] - delay: Delayed 15 second(s)

2018-12-05 12:26:48 - [MESSAGE][PASSED] - Delayed 15 second(s)

2018-12-05 12:26:48 - [TEST_STEP][PASSED] - Statement - driver = com.kms.katalon.core.webui.driver.DriverFactory.getWebDriver(): null

2018-12-05 12:26:48 - [TEST_STEP][PASSED] - Statement - driver.manage().timeouts().implicitlyWait(10, SECONDS): null

2018-12-05 12:26:48 - [TEST_STEP][PASSED] - Statement - PresavePath = KatalonScreenshots: null

2018-12-05 12:26:48 - [TEST_STEP][PASSED] - Statement - pathPrefix = "C:\Users\Public\Pictures\Sample Pictures\Katalon Screenshots\Automate Ending Screen": null

2018-12-05 12:26:48 - [TEST_STEP][PASSED] - Statement - finalPath = <not implemented yet for class: org.codehaus.groovy.ast.expr.EmptyExpression>: null

2018-12-05 12:26:48 - [TEST_STEP][PASSED] - Statement - scrFile = driver.getScreenshotAs(FILE): null

2018-12-05 12:26:49 - [TEST_STEP][PASSED] - Statement - PreSaveFile = new java.io.File(PresavePath): null

2018-12-05 12:26:49 - [TEST_STEP][PASSED] - Statement - counter = 0: null

2018-12-05 12:26:49 - [TEST_STEP][PASSED] - Statement - If (PreSaveFile.exists()): null

2018-12-05 12:26:49 - [TEST_STEP][PASSED] - Statement - While (PreSaveFile.exists()): null

2018-12-05 12:26:49 - [TEST_STEP][PASSED] - Statement - counter = counter + 1: null

2018-12-05 12:26:49 - [TEST_STEP][PASSED] - Statement - PreSaveFile = new java.io.File(((pathPrefix + java.lang.Integer.toString(counter)) + .png)): null

2018-12-05 12:26:49 - [TEST_STEP][PASSED] - Statement - counter = counter + 1: null

2018-12-05 12:26:49 - [TEST_STEP][PASSED] - Statement - PreSaveFile = new java.io.File(((pathPrefix + java.lang.Integer.toString(counter)) + .png)): null

2018-12-05 12:26:49 - [TEST_STEP][PASSED] - Statement - counter = counter + 1: null

2018-12-05 12:26:49 - [TEST_STEP][PASSED] - Statement - PreSaveFile = new java.io.File(((pathPrefix + java.lang.Integer.toString(counter)) + .png)): null

2018-12-05 12:26:49 - [TEST_STEP][PASSED] - Statement - counter = counter + 1: null

2018-12-05 12:26:49 - [TEST_STEP][PASSED] - Statement - PreSaveFile = new java.io.File(((pathPrefix + java.lang.Integer.toString(counter)) + .png)): null

2018-12-05 12:26:49 - [TEST_STEP][PASSED] - Statement - counter = counter + 1: null

2018-12-05 12:26:49 - [TEST_STEP][PASSED] - Statement - PreSaveFile = new java.io.File(((pathPrefix + java.lang.Integer.toString(counter)) + .png)): null

2018-12-05 12:26:49 - [TEST_STEP][PASSED] - Statement - counter = counter + 1: null

2018-12-05 12:26:49 - [TEST_STEP][PASSED] - Statement - PreSaveFile = new java.io.File(((pathPrefix + java.lang.Integer.toString(counter)) + .png)): null

2018-12-05 12:26:49 - [TEST_STEP][PASSED] - Statement - counter = counter + 1: null

2018-12-05 12:26:49 - [TEST_STEP][PASSED] - Statement - PreSaveFile = new java.io.File(((pathPrefix + java.lang.Integer.toString(counter)) + .png)): null

2018-12-05 12:26:49 - [TEST_STEP][PASSED] - Statement - counter = counter + 1: null

2018-12-05 12:26:49 - [TEST_STEP][PASSED] - Statement - PreSaveFile = new java.io.File(((pathPrefix + java.lang.Integer.toString(counter)) + .png)): null

2018-12-05 12:26:49 - [TEST_STEP][PASSED] - Statement - counter = counter + 1: null

2018-12-05 12:26:49 - [TEST_STEP][PASSED] - Statement - PreSaveFile = new java.io.File(((pathPrefix + java.lang.Integer.toString(counter)) + .png)): null

2018-12-05 12:26:49 - [TEST_STEP][PASSED] - Statement - counter = counter + 1: null

2018-12-05 12:26:49 - [TEST_STEP][PASSED] - Statement - PreSaveFile = new java.io.File(((pathPrefix + java.lang.Integer.toString(counter)) + .png)): null

2018-12-05 12:26:49 - [TEST_STEP][PASSED] - Statement - counter = counter + 1: null

2018-12-05 12:26:49 - [TEST_STEP][PASSED] - Statement - PreSaveFile = new java.io.File(((pathPrefix + java.lang.Integer.toString(counter)) + .png)): null

2018-12-05 12:26:49 - [TEST_STEP][PASSED] - Statement - counter = counter + 1: null

2018-12-05 12:26:49 - [TEST_STEP][PASSED] - Statement - PreSaveFile = new java.io.File(((pathPrefix + java.lang.Integer.toString(counter)) + .png)): null

2018-12-05 12:26:49 - [TEST_STEP][PASSED] - Statement - counter = counter + 1: null

2018-12-05 12:26:49 - [TEST_STEP][PASSED] - Statement - PreSaveFile = new java.io.File(((pathPrefix + java.lang.Integer.toString(counter)) + .png)): null

2018-12-05 12:26:49 - [TEST_STEP][PASSED] - Statement - counter = counter + 1: null

2018-12-05 12:26:49 - [TEST_STEP][PASSED] - Statement - PreSaveFile = new java.io.File(((pathPrefix + java.lang.Integer.toString(counter)) + .png)): null

2018-12-05 12:26:49 - [TEST_STEP][PASSED] - Statement - counter = counter + 1: null

2018-12-05 12:26:49 - [TEST_STEP][PASSED] - Statement - PreSaveFile = new java.io.File(((pathPrefix + java.lang.Integer.toString(counter)) + .png)): null

2018-12-05 12:26:49 - [TEST_STEP][PASSED] - Statement - counter = counter + 1: null

2018-12-05 12:26:49 - [TEST_STEP][PASSED] - Statement - PreSaveFile = new java.io.File(((pathPrefix + java.lang.Integer.toString(counter)) + .png)): null

2018-12-05 12:26:49 - [TEST_STEP][PASSED] - Statement - counter = counter + 1: null

2018-12-05 12:26:49 - [TEST_STEP][PASSED] - Statement - PreSaveFile = new java.io.File(((pathPrefix + java.lang.Integer.toString(counter)) + .png)): null

2018-12-05 12:26:49 - [TEST_STEP][PASSED] - Statement - counter = counter + 1: null

2018-12-05 12:26:49 - [TEST_STEP][PASSED] - Statement - PreSaveFile = new java.io.File(((pathPrefix + java.lang.Integer.toString(counter)) + .png)): null

2018-12-05 12:26:49 - [TEST_STEP][PASSED] - Statement - counter = counter + 1: null

2018-12-05 12:26:49 - [TEST_STEP][PASSED] - Statement - PreSaveFile = new java.io.File(((pathPrefix + java.lang.Integer.toString(counter)) + .png)): null

2018-12-05 12:26:49 - [TEST_STEP][PASSED] - Statement - counter = counter + 1: null

2018-12-05 12:26:49 - [TEST_STEP][PASSED] - Statement - PreSaveFile = new java.io.File(((pathPrefix + java.lang.Integer.toString(counter)) + .png)): null

2018-12-05 12:26:49 - [TEST_STEP][PASSED] - Statement - counter = counter + 1: null

2018-12-05 12:26:49 - [TEST_STEP][PASSED] - Statement - PreSaveFile = new java.io.File(((pathPrefix + java.lang.Integer.toString(counter)) + .png)): null

2018-12-05 12:26:49 - [TEST_STEP][PASSED] - Statement - counter = counter + 1: null

2018-12-05 12:26:49 - [TEST_STEP][PASSED] - Statement - PreSaveFile = new java.io.File(((pathPrefix + java.lang.Integer.toString(counter)) + .png)): null

2018-12-05 12:26:49 - [TEST_STEP][PASSED] - Statement - counter = counter + 1: null

2018-12-05 12:26:49 - [TEST_STEP][PASSED] - Statement - PreSaveFile = new java.io.File(((pathPrefix + java.lang.Integer.toString(counter)) + .png)): null

2018-12-05 12:26:49 - [TEST_STEP][PASSED] - Statement - counter = counter + 1: null

2018-12-05 12:26:49 - [TEST_STEP][PASSED] - Statement - PreSaveFile = new java.io.File(((pathPrefix + java.lang.Integer.toString(counter)) + .png)): null

2018-12-05 12:26:49 - [TEST_STEP][PASSED] - Statement - counter = counter + 1: null

2018-12-05 12:26:49 - [TEST_STEP][PASSED] - Statement - PreSaveFile = new java.io.File(((pathPrefix + java.lang.Integer.toString(counter)) + .png)): null

2018-12-05 12:26:49 - [TEST_STEP][PASSED] - Statement - counter = counter + 1: null

2018-12-05 12:26:49 - [TEST_STEP][PASSED] - Statement - PreSaveFile = new java.io.File(((pathPrefix + java.lang.Integer.toString(counter)) + .png)): null

2018-12-05 12:26:49 - [TEST_STEP][PASSED] - Statement - counter = counter + 1: null

2018-12-05 12:26:49 - [TEST_STEP][PASSED] - Statement - PreSaveFile = new java.io.File(((pathPrefix + java.lang.Integer.toString(counter)) + .png)): null

2018-12-05 12:26:49 - [TEST_STEP][PASSED] - Statement - counter = counter + 1: null

2018-12-05 12:26:49 - [TEST_STEP][PASSED] - Statement - PreSaveFile = new java.io.File(((pathPrefix + java.lang.Integer.toString(counter)) + .png)): null

2018-12-05 12:26:50 - [TEST_STEP][PASSED] - Statement - counter = counter + 1: null

2018-12-05 12:26:50 - [TEST_STEP][PASSED] - Statement - PreSaveFile = new java.io.File(((pathPrefix + java.lang.Integer.toString(counter)) + .png)): null

2018-12-05 12:26:50 - [TEST_STEP][PASSED] - Statement - counter = counter + 1: null

2018-12-05 12:26:50 - [TEST_STEP][PASSED] - Statement - PreSaveFile = new java.io.File(((pathPrefix + java.lang.Integer.toString(counter)) + .png)): null

2018-12-05 12:26:50 - [TEST_STEP][PASSED] - Statement - counter = counter + 1: null

2018-12-05 12:26:50 - [TEST_STEP][PASSED] - Statement - PreSaveFile = new java.io.File(((pathPrefix + java.lang.Integer.toString(counter)) + .png)): null

2018-12-05 12:26:50 - [TEST_STEP][PASSED] - Statement - counter = counter + 1: null

2018-12-05 12:26:50 - [TEST_STEP][PASSED] - Statement - PreSaveFile = new java.io.File(((pathPrefix + java.lang.Integer.toString(counter)) + .png)): null

2018-12-05 12:26:50 - [TEST_STEP][PASSED] - Statement - counter = counter + 1: null

2018-12-05 12:26:50 - [TEST_STEP][PASSED] - Statement - PreSaveFile = new java.io.File(((pathPrefix + java.lang.Integer.toString(counter)) + .png)): null

2018-12-05 12:26:50 - [TEST_STEP][PASSED] - Statement - counter = counter + 1: null

2018-12-05 12:26:50 - [TEST_STEP][PASSED] - Statement - PreSaveFile = new java.io.File(((pathPrefix + java.lang.Integer.toString(counter)) + .png)): null

2018-12-05 12:26:50 - [TEST_STEP][PASSED] - Statement - counter = counter + 1: null

2018-12-05 12:26:50 - [TEST_STEP][PASSED] - Statement - PreSaveFile = new java.io.File(((pathPrefix + java.lang.Integer.toString(counter)) + .png)): null

2018-12-05 12:26:50 - [TEST_STEP][PASSED] - Statement - counter = counter + 1: null

2018-12-05 12:26:50 - [TEST_STEP][PASSED] - Statement - PreSaveFile = new java.io.File(((pathPrefix + java.lang.Integer.toString(counter)) + .png)): null

2018-12-05 12:26:50 - [TEST_STEP][PASSED] - Statement - counter = counter + 1: null

2018-12-05 12:26:50 - [TEST_STEP][PASSED] - Statement - PreSaveFile = new java.io.File(((pathPrefix + java.lang.Integer.toString(counter)) + .png)): null

2018-12-05 12:26:50 - [TEST_STEP][PASSED] - Statement - counter = counter + 1: null

2018-12-05 12:26:50 - [TEST_STEP][PASSED] - Statement - PreSaveFile = new java.io.File(((pathPrefix + java.lang.Integer.toString(counter)) + .png)): null

2018-12-05 12:26:50 - [TEST_STEP][PASSED] - Statement - counter = counter + 1: null

2018-12-05 12:26:50 - [TEST_STEP][PASSED] - Statement - PreSaveFile = new java.io.File(((pathPrefix + java.lang.Integer.toString(counter)) + .png)): null

2018-12-05 12:26:50 - [TEST_STEP][PASSED] - Statement - counter = counter + 1: null

2018-12-05 12:26:50 - [TEST_STEP][PASSED] - Statement - PreSaveFile = new java.io.File(((pathPrefix + java.lang.Integer.toString(counter)) + .png)): null

2018-12-05 12:26:50 - [TEST_STEP][PASSED] - Statement - counter = counter + 1: null

2018-12-05 12:26:50 - [TEST_STEP][PASSED] - Statement - PreSaveFile = new java.io.File(((pathPrefix + java.lang.Integer.toString(counter)) + .png)): null

2018-12-05 12:26:50 - [TEST_STEP][PASSED] - Statement - counter = counter + 1: null

2018-12-05 12:26:50 - [TEST_STEP][PASSED] - Statement - PreSaveFile = new java.io.File(((pathPrefix + java.lang.Integer.toString(counter)) + .png)): null

2018-12-05 12:26:50 - [TEST_STEP][PASSED] - Statement - counter = counter + 1: null

2018-12-05 12:26:50 - [TEST_STEP][PASSED] - Statement - PreSaveFile = new java.io.File(((pathPrefix + java.lang.Integer.toString(counter)) + .png)): null

2018-12-05 12:26:50 - [TEST_STEP][PASSED] - Statement - counter = counter + 1: null

2018-12-05 12:26:50 - [TEST_STEP][PASSED] - Statement - PreSaveFile = new java.io.File(((pathPrefix + java.lang.Integer.toString(counter)) + .png)): null

2018-12-05 12:26:50 - [TEST_STEP][PASSED] - Statement - counter = counter + 1: null

2018-12-05 12:26:50 - [TEST_STEP][PASSED] - Statement - PreSaveFile = new java.io.File(((pathPrefix + java.lang.Integer.toString(counter)) + .png)): null

2018-12-05 12:26:50 - [TEST_STEP][PASSED] - Statement - counter = counter + 1: null

2018-12-05 12:26:50 - [TEST_STEP][PASSED] - Statement - PreSaveFile = new java.io.File(((pathPrefix + java.lang.Integer.toString(counter)) + .png)): null

2018-12-05 12:26:50 - [TEST_STEP][PASSED] - Statement - counter = counter + 1: null

2018-12-05 12:26:50 - [TEST_STEP][PASSED] - Statement - PreSaveFile = new java.io.File(((pathPrefix + java.lang.Integer.toString(counter)) + .png)): null

2018-12-05 12:26:51 - [TEST_STEP][PASSED] - Statement - counter = counter + 1: null

2018-12-05 12:26:51 - [TEST_STEP][PASSED] - Statement - PreSaveFile = new java.io.File(((pathPrefix + java.lang.Integer.toString(counter)) + .png)): null

2018-12-05 12:26:51 - [TEST_STEP][PASSED] - Statement - counter = counter + 1: null

2018-12-05 12:26:51 - [TEST_STEP][PASSED] - Statement - PreSaveFile = new java.io.File(((pathPrefix + java.lang.Integer.toString(counter)) + .png)): null

2018-12-05 12:26:51 - [TEST_STEP][PASSED] - Statement - counter = counter + 1: null

2018-12-05 12:26:51 - [TEST_STEP][PASSED] - Statement - PreSaveFile = new java.io.File(((pathPrefix + java.lang.Integer.toString(counter)) + .png)): null

2018-12-05 12:26:51 - [TEST_STEP][PASSED] - Statement - counter = counter + 1: null

2018-12-05 12:26:51 - [TEST_STEP][PASSED] - Statement - PreSaveFile = new java.io.File(((pathPrefix + java.lang.Integer.toString(counter)) + .png)): null

2018-12-05 12:26:51 - [TEST_STEP][PASSED] - Statement - counter = counter + 1: null

2018-12-05 12:26:51 - [TEST_STEP][PASSED] - Statement - PreSaveFile = new java.io.File(((pathPrefix + java.lang.Integer.toString(counter)) + .png)): null

2018-12-05 12:26:51 - [TEST_STEP][PASSED] - Statement - counter = counter + 1: null

2018-12-05 12:26:51 - [TEST_STEP][PASSED] - Statement - PreSaveFile = new java.io.File(((pathPrefix + java.lang.Integer.toString(counter)) + .png)): null

2018-12-05 12:26:51 - [TEST_STEP][PASSED] - Statement - counter = counter + 1: null

2018-12-05 12:26:51 - [TEST_STEP][PASSED] - Statement - PreSaveFile = new java.io.File(((pathPrefix + java.lang.Integer.toString(counter)) + .png)): null

2018-12-05 12:26:51 - [TEST_STEP][PASSED] - Statement - counter = counter + 1: null

2018-12-05 12:26:51 - [TEST_STEP][PASSED] - Statement - PreSaveFile = new java.io.File(((pathPrefix + java.lang.Integer.toString(counter)) + .png)): null

2018-12-05 12:26:51 - [TEST_STEP][PASSED] - Statement - counter = counter + 1: null

2018-12-05 12:26:51 - [TEST_STEP][PASSED] - Statement - PreSaveFile = new java.io.File(((pathPrefix + java.lang.Integer.toString(counter)) + .png)): null

2018-12-05 12:26:51 - [TEST_STEP][PASSED] - Statement - counter = counter + 1: null

2018-12-05 12:26:51 - [TEST_STEP][PASSED] - Statement - PreSaveFile = new java.io.File(((pathPrefix + java.lang.Integer.toString(counter)) + .png)): null

2018-12-05 12:26:51 - [TEST_STEP][PASSED] - Statement - counter = counter + 1: null

2018-12-05 12:26:51 - [TEST_STEP][PASSED] - Statement - PreSaveFile = new java.io.File(((pathPrefix + java.lang.Integer.toString(counter)) + .png)): null

2018-12-05 12:26:51 - [TEST_STEP][PASSED] - Statement - counter = counter + 1: null

2018-12-05 12:26:51 - [TEST_STEP][PASSED] - Statement - PreSaveFile = new java.io.File(((pathPrefix + java.lang.Integer.toString(counter)) + .png)): null

2018-12-05 12:26:51 - [TEST_STEP][PASSED] - Statement - counter = counter + 1: null

2018-12-05 12:26:51 - [TEST_STEP][PASSED] - Statement - PreSaveFile = new java.io.File(((pathPrefix + java.lang.Integer.toString(counter)) + .png)): null

2018-12-05 12:26:51 - [TEST_STEP][PASSED] - Statement - counter = counter + 1: null

2018-12-05 12:26:51 - [TEST_STEP][PASSED] - Statement - PreSaveFile = new java.io.File(((pathPrefix + java.lang.Integer.toString(counter)) + .png)): null

2018-12-05 12:26:51 - [TEST_STEP][PASSED] - Statement - counter = counter + 1: null

2018-12-05 12:26:52 - [TEST_STEP][PASSED] - Statement - PreSaveFile = new java.io.File(((pathPrefix + java.lang.Integer.toString(counter)) + .png)): null

2018-12-05 12:26:52 - [TEST_STEP][PASSED] - Statement - counter = counter + 1: null

2018-12-05 12:26:52 - [TEST_STEP][PASSED] - Statement - PreSaveFile = new java.io.File(((pathPrefix + java.lang.Integer.toString(counter)) + .png)): null

2018-12-05 12:26:52 - [TEST_STEP][PASSED] - Statement - counter = counter + 1: null

2018-12-05 12:26:52 - [TEST_STEP][PASSED] - Statement - PreSaveFile = new java.io.File(((pathPrefix + java.lang.Integer.toString(counter)) + .png)): null

2018-12-05 12:26:52 - [TEST_STEP][PASSED] - Statement - counter = counter + 1: null

2018-12-05 12:26:52 - [TEST_STEP][PASSED] - Statement - PreSaveFile = new java.io.File(((pathPrefix + java.lang.Integer.toString(counter)) + .png)): null

2018-12-05 12:26:52 - [TEST_STEP][PASSED] - Statement - counter = counter + 1: null

2018-12-05 12:26:52 - [TEST_STEP][PASSED] - Statement - PreSaveFile = new java.io.File(((pathPrefix + java.lang.Integer.toString(counter)) + .png)): null

2018-12-05 12:26:52 - [TEST_STEP][PASSED] - Statement - counter = counter + 1: null

2018-12-05 12:26:52 - [TEST_STEP][PASSED] - Statement - PreSaveFile = new java.io.File(((pathPrefix + java.lang.Integer.toString(counter)) + .png)): null

2018-12-05 12:26:52 - [TEST_STEP][PASSED] - Statement - counter = counter + 1: null

2018-12-05 12:26:52 - [TEST_STEP][PASSED] - Statement - PreSaveFile = new java.io.File(((pathPrefix + java.lang.Integer.toString(counter)) + .png)): null

2018-12-05 12:26:52 - [TEST_STEP][PASSED] - Statement - counter = counter + 1: null

2018-12-05 12:26:52 - [TEST_STEP][PASSED] - Statement - PreSaveFile = new java.io.File(((pathPrefix + java.lang.Integer.toString(counter)) + .png)): null

2018-12-05 12:26:52 - [TEST_STEP][PASSED] - Statement - counter = counter + 1: null

2018-12-05 12:26:52 - [TEST_STEP][PASSED] - Statement - PreSaveFile = new java.io.File(((pathPrefix + java.lang.Integer.toString(counter)) + .png)): null

2018-12-05 12:26:52 - [TEST_STEP][PASSED] - Statement - counter = counter + 1: null

2018-12-05 12:26:52 - [TEST_STEP][PASSED] - Statement - PreSaveFile = new java.io.File(((pathPrefix + java.lang.Integer.toString(counter)) + .png)): null

2018-12-05 12:26:52 - [TEST_STEP][PASSED] - Statement - counter = counter + 1: null

2018-12-05 12:26:52 - [TEST_STEP][PASSED] - Statement - PreSaveFile = new java.io.File(((pathPrefix + java.lang.Integer.toString(counter)) + .png)): null

2018-12-05 12:26:52 - [TEST_STEP][PASSED] - Statement - counter = counter + 1: null

2018-12-05 12:26:52 - [TEST_STEP][PASSED] - Statement - PreSaveFile = new java.io.File(((pathPrefix + java.lang.Integer.toString(counter)) + .png)): null

2018-12-05 12:26:52 - [TEST_STEP][PASSED] - Statement - counter = counter + 1: null

2018-12-05 12:26:52 - [TEST_STEP][PASSED] - Statement - PreSaveFile = new java.io.File(((pathPrefix + java.lang.Integer.toString(counter)) + .png)): null

2018-12-05 12:26:52 - [TEST_STEP][PASSED] - Statement - counter = counter + 1: null

2018-12-05 12:26:52 - [TEST_STEP][PASSED] - Statement - PreSaveFile = new java.io.File(((pathPrefix + java.lang.Integer.toString(counter)) + .png)): null

2018-12-05 12:26:52 - [TEST_STEP][PASSED] - Statement - counter = counter + 1: null

2018-12-05 12:26:53 - [TEST_STEP][PASSED] - Statement - PreSaveFile = new java.io.File(((pathPrefix + java.lang.Integer.toString(counter)) + .png)): null

2018-12-05 12:26:53 - [TEST_STEP][PASSED] - Statement - counter = counter + 1: null

2018-12-05 12:26:53 - [TEST_STEP][PASSED] - Statement - PreSaveFile = new java.io.File(((pathPrefix + java.lang.Integer.toString(counter)) + .png)): null

2018-12-05 12:26:53 - [TEST_STEP][PASSED] - Statement - counter = counter + 1: null

2018-12-05 12:26:53 - [TEST_STEP][PASSED] - Statement - PreSaveFile = new java.io.File(((pathPrefix + java.lang.Integer.toString(counter)) + .png)): null

2018-12-05 12:26:53 - [TEST_STEP][PASSED] - Statement - counter = counter + 1: null

2018-12-05 12:26:53 - [TEST_STEP][PASSED] - Statement - PreSaveFile = new java.io.File(((pathPrefix + java.lang.Integer.toString(counter)) + .png)): null

2018-12-05 12:26:53 - [TEST_STEP][PASSED] - Statement - counter = counter + 1: null

2018-12-05 12:26:53 - [TEST_STEP][PASSED] - Statement - PreSaveFile = new java.io.File(((pathPrefix + java.lang.Integer.toString(counter)) + .png)): null

2018-12-05 12:26:53 - [TEST_STEP][PASSED] - Statement - counter = counter + 1: null

2018-12-05 12:26:53 - [TEST_STEP][PASSED] - Statement - PreSaveFile = new java.io.File(((pathPrefix + java.lang.Integer.toString(counter)) + .png)): null

2018-12-05 12:26:53 - [TEST_STEP][PASSED] - Statement - counter = counter + 1: null

2018-12-05 12:26:53 - [TEST_STEP][PASSED] - Statement - PreSaveFile = new java.io.File(((pathPrefix + java.lang.Integer.toString(counter)) + .png)): null

2018-12-05 12:26:53 - [TEST_STEP][PASSED] - Statement - counter = counter + 1: null

2018-12-05 12:26:53 - [TEST_STEP][PASSED] - Statement - PreSaveFile = new java.io.File(((pathPrefix + java.lang.Integer.toString(counter)) + .png)): null

2018-12-05 12:26:53 - [TEST_STEP][PASSED] - Statement - counter = counter + 1: null

2018-12-05 12:26:53 - [TEST_STEP][PASSED] - Statement - PreSaveFile = new java.io.File(((pathPrefix + java.lang.Integer.toString(counter)) + .png)): null

2018-12-05 12:26:53 - [TEST_STEP][PASSED] - Statement - counter = counter + 1: null

2018-12-05 12:26:53 - [TEST_STEP][PASSED] - Statement - PreSaveFile = new java.io.File(((pathPrefix + java.lang.Integer.toString(counter)) + .png)): null

2018-12-05 12:26:53 - [TEST_STEP][PASSED] - Statement - counter = counter + 1: null

2018-12-05 12:26:53 - [TEST_STEP][PASSED] - Statement - PreSaveFile = new java.io.File(((pathPrefix + java.lang.Integer.toString(counter)) + .png)): null

2018-12-05 12:26:53 - [TEST_STEP][PASSED] - Statement - counter = counter + 1: null

2018-12-05 12:26:53 - [TEST_STEP][PASSED] - Statement - PreSaveFile = new java.io.File(((pathPrefix + java.lang.Integer.toString(counter)) + .png)): null

2018-12-05 12:26:53 - [TEST_STEP][PASSED] - Statement - counter = counter + 1: null

2018-12-05 12:26:53 - [TEST_STEP][PASSED] - Statement - PreSaveFile = new java.io.File(((pathPrefix + java.lang.Integer.toString(counter)) + .png)): null

2018-12-05 12:26:53 - [TEST_STEP][PASSED] - Statement - counter = counter + 1: null

2018-12-05 12:26:53 - [TEST_STEP][PASSED] - Statement - PreSaveFile = new java.io.File(((pathPrefix + java.lang.Integer.toString(counter)) + .png)): null

2018-12-05 12:26:53 - [TEST_STEP][PASSED] - Statement - counter = counter + 1: null

2018-12-05 12:26:53 - [TEST_STEP][PASSED] - Statement - PreSaveFile = new java.io.File(((pathPrefix + java.lang.Integer.toString(counter)) + .png)): null

2018-12-05 12:26:54 - [TEST_STEP][PASSED] - Statement - counter = counter + 1: null

2018-12-05 12:26:54 - [TEST_STEP][PASSED] - Statement - PreSaveFile = new java.io.File(((pathPrefix + java.lang.Integer.toString(counter)) + .png)): null

2018-12-05 12:26:54 - [TEST_STEP][PASSED] - Statement - counter = counter + 1: null

2018-12-05 12:26:54 - [TEST_STEP][PASSED] - Statement - PreSaveFile = new java.io.File(((pathPrefix + java.lang.Integer.toString(counter)) + .png)): null

2018-12-05 12:26:54 - [TEST_STEP][PASSED] - Statement - counter = counter + 1: null

2018-12-05 12:26:54 - [TEST_STEP][PASSED] - Statement - PreSaveFile = new java.io.File(((pathPrefix + java.lang.Integer.toString(counter)) + .png)): null

2018-12-05 12:26:54 - [TEST_STEP][PASSED] - Statement - counter = counter + 1: null

2018-12-05 12:26:54 - [TEST_STEP][PASSED] - Statement - PreSaveFile = new java.io.File(((pathPrefix + java.lang.Integer.toString(counter)) + .png)): null

2018-12-05 12:26:54 - [TEST_STEP][PASSED] - Statement - counter = counter + 1: null

2018-12-05 12:26:54 - [TEST_STEP][PASSED] - Statement - PreSaveFile = new java.io.File(((pathPrefix + java.lang.Integer.toString(counter)) + .png)): null

2018-12-05 12:26:54 - [TEST_STEP][PASSED] - Statement - counter = counter + 1: null

2018-12-05 12:26:54 - [TEST_STEP][PASSED] - Statement - PreSaveFile = new java.io.File(((pathPrefix + java.lang.Integer.toString(counter)) + .png)): null

2018-12-05 12:26:54 - [TEST_STEP][PASSED] - Statement - counter = counter + 1: null

2018-12-05 12:26:54 - [TEST_STEP][PASSED] - Statement - PreSaveFile = new java.io.File(((pathPrefix + java.lang.Integer.toString(counter)) + .png)): null

2018-12-05 12:26:54 - [TEST_STEP][PASSED] - Statement - counter = counter + 1: null

2018-12-05 12:26:54 - [TEST_STEP][PASSED] - Statement - PreSaveFile = new java.io.File(((pathPrefix + java.lang.Integer.toString(counter)) + .png)): null

2018-12-05 12:26:54 - [TEST_STEP][PASSED] - Statement - counter = counter + 1: null

2018-12-05 12:26:54 - [TEST_STEP][PASSED] - Statement - PreSaveFile = new java.io.File(((pathPrefix + java.lang.Integer.toString(counter)) + .png)): null

2018-12-05 12:26:54 - [TEST_STEP][PASSED] - Statement - counter = counter + 1: null

2018-12-05 12:26:54 - [TEST_STEP][PASSED] - Statement - PreSaveFile = new java.io.File(((pathPrefix + java.lang.Integer.toString(counter)) + .png)): null

2018-12-05 12:26:54 - [TEST_STEP][PASSED] - Statement - counter = counter + 1: null

2018-12-05 12:26:54 - [TEST_STEP][PASSED] - Statement - PreSaveFile = new java.io.File(((pathPrefix + java.lang.Integer.toString(counter)) + .png)): null

2018-12-05 12:26:54 - [TEST_STEP][PASSED] - Statement - counter = counter + 1: null

2018-12-05 12:26:54 - [TEST_STEP][PASSED] - Statement - PreSaveFile = new java.io.File(((pathPrefix + java.lang.Integer.toString(counter)) + .png)): null

2018-12-05 12:26:54 - [TEST_STEP][PASSED] - Statement - counter = counter + 1: null

2018-12-05 12:26:54 - [TEST_STEP][PASSED] - Statement - PreSaveFile = new java.io.File(((pathPrefix + java.lang.Integer.toString(counter)) + .png)): null

2018-12-05 12:26:54 - [TEST_STEP][PASSED] - Statement - counter = counter + 1: null

2018-12-05 12:26:54 - [TEST_STEP][PASSED] - Statement - PreSaveFile = new java.io.File(((pathPrefix + java.lang.Integer.toString(counter)) + .png)): null

2018-12-05 12:26:54 - [TEST_STEP][PASSED] - Statement - counter = counter + 1: null

2018-12-05 12:26:55 - [TEST_STEP][PASSED] - Statement - PreSaveFile = new java.io.File(((pathPrefix + java.lang.Integer.toString(counter)) + .png)): null

2018-12-05 12:26:55 - [TEST_STEP][PASSED] - Statement - counter = counter + 1: null

2018-12-05 12:26:55 - [TEST_STEP][PASSED] - Statement - PreSaveFile = new java.io.File(((pathPrefix + java.lang.Integer.toString(counter)) + .png)): null

2018-12-05 12:26:55 - [TEST_STEP][PASSED] - Statement - counter = counter + 1: null

2018-12-05 12:26:55 - [TEST_STEP][PASSED] - Statement - PreSaveFile = new java.io.File(((pathPrefix + java.lang.Integer.toString(counter)) + .png)): null

2018-12-05 12:26:55 - [TEST_STEP][PASSED] - Statement - counter = counter + 1: null

2018-12-05 12:26:55 - [TEST_STEP][PASSED] - Statement - PreSaveFile = new java.io.File(((pathPrefix + java.lang.Integer.toString(counter)) + .png)): null

2018-12-05 12:26:55 - [TEST_STEP][PASSED] - Statement - counter = counter + 1: null

2018-12-05 12:26:55 - [TEST_STEP][PASSED] - Statement - PreSaveFile = new java.io.File(((pathPrefix + java.lang.Integer.toString(counter)) + .png)): null

2018-12-05 12:26:55 - [TEST_STEP][PASSED] - Statement - counter = counter + 1: null

2018-12-05 12:26:55 - [TEST_STEP][PASSED] - Statement - PreSaveFile = new java.io.File(((pathPrefix + java.lang.Integer.toString(counter)) + .png)): null

2018-12-05 12:26:55 - [TEST_STEP][PASSED] - Statement - counter = counter + 1: null

2018-12-05 12:26:55 - [TEST_STEP][PASSED] - Statement - PreSaveFile = new java.io.File(((pathPrefix + java.lang.Integer.toString(counter)) + .png)): null

2018-12-05 12:26:55 - [TEST_STEP][PASSED] - Statement - counter = counter + 1: null

2018-12-05 12:26:55 - [TEST_STEP][PASSED] - Statement - PreSaveFile = new java.io.File(((pathPrefix + java.lang.Integer.toString(counter)) + .png)): null

2018-12-05 12:26:55 - [TEST_STEP][PASSED] - Statement - counter = counter + 1: null

2018-12-05 12:26:55 - [TEST_STEP][PASSED] - Statement - PreSaveFile = new java.io.File(((pathPrefix + java.lang.Integer.toString(counter)) + .png)): null

2018-12-05 12:26:55 - [TEST_STEP][PASSED] - Statement - counter = counter + 1: null

2018-12-05 12:26:55 - [TEST_STEP][PASSED] - Statement - PreSaveFile = new java.io.File(((pathPrefix + java.lang.Integer.toString(counter)) + .png)): null

2018-12-05 12:26:55 - [TEST_STEP][PASSED] - Statement - counter = counter + 1: null

2018-12-05 12:26:55 - [TEST_STEP][PASSED] - Statement - PreSaveFile = new java.io.File(((pathPrefix + java.lang.Integer.toString(counter)) + .png)): null

2018-12-05 12:26:55 - [TEST_STEP][PASSED] - Statement - counter = counter + 1: null

2018-12-05 12:26:55 - [TEST_STEP][PASSED] - Statement - PreSaveFile = new java.io.File(((pathPrefix + java.lang.Integer.toString(counter)) + .png)): null

2018-12-05 12:26:55 - [TEST_STEP][PASSED] - Statement - counter = counter + 1: null

2018-12-05 12:26:55 - [TEST_STEP][PASSED] - Statement - PreSaveFile = new java.io.File(((pathPrefix + java.lang.Integer.toString(counter)) + .png)): null

2018-12-05 12:26:55 - [TEST_STEP][PASSED] - Statement - counter = counter + 1: null

2018-12-05 12:26:55 - [TEST_STEP][PASSED] - Statement - PreSaveFile = new java.io.File(((pathPrefix + java.lang.Integer.toString(counter)) + .png)): null

2018-12-05 12:26:55 - [TEST_STEP][PASSED] - Statement - counter = counter + 1: null

2018-12-05 12:26:56 - [TEST_STEP][PASSED] - Statement - PreSaveFile = new java.io.File(((pathPrefix + java.lang.Integer.toString(counter)) + .png)): null

2018-12-05 12:26:56 - [TEST_STEP][PASSED] - Statement - counter = counter + 1: null

2018-12-05 12:26:56 - [TEST_STEP][PASSED] - Statement - PreSaveFile = new java.io.File(((pathPrefix + java.lang.Integer.toString(counter)) + .png)): null

2018-12-05 12:26:56 - [TEST_STEP][PASSED] - Statement - counter = counter + 1: null

2018-12-05 12:26:56 - [TEST_STEP][PASSED] - Statement - PreSaveFile = new java.io.File(((pathPrefix + java.lang.Integer.toString(counter)) + .png)): null

2018-12-05 12:26:56 - [TEST_STEP][PASSED] - Statement - counter = counter + 1: null

2018-12-05 12:26:56 - [TEST_STEP][PASSED] - Statement - PreSaveFile = new java.io.File(((pathPrefix + java.lang.Integer.toString(counter)) + .png)): null

2018-12-05 12:26:56 - [TEST_STEP][PASSED] - Statement - counter = counter + 1: null

2018-12-05 12:26:56 - [TEST_STEP][PASSED] - Statement - PreSaveFile = new java.io.File(((pathPrefix + java.lang.Integer.toString(counter)) + .png)): null

2018-12-05 12:26:56 - [TEST_STEP][PASSED] - Statement - counter = counter + 1: null

2018-12-05 12:26:56 - [TEST_STEP][PASSED] - Statement - PreSaveFile = new java.io.File(((pathPrefix + java.lang.Integer.toString(counter)) + .png)): null

2018-12-05 12:26:56 - [TEST_STEP][PASSED] - Statement - counter = counter + 1: null

2018-12-05 12:26:56 - [TEST_STEP][PASSED] - Statement - PreSaveFile = new java.io.File(((pathPrefix + java.lang.Integer.toString(counter)) + .png)): null

2018-12-05 12:26:56 - [TEST_STEP][PASSED] - Statement - counter = counter + 1: null

2018-12-05 12:26:56 - [TEST_STEP][PASSED] - Statement - PreSaveFile = new java.io.File(((pathPrefix + java.lang.Integer.toString(counter)) + .png)): null

2018-12-05 12:26:56 - [TEST_STEP][PASSED] - Statement - counter = counter + 1: null

2018-12-05 12:26:56 - [TEST_STEP][PASSED] - Statement - PreSaveFile = new java.io.File(((pathPrefix + java.lang.Integer.toString(counter)) + .png)): null

2018-12-05 12:26:56 - [TEST_STEP][PASSED] - Statement - counter = counter + 1: null

2018-12-05 12:26:56 - [TEST_STEP][PASSED] - Statement - PreSaveFile = new java.io.File(((pathPrefix + java.lang.Integer.toString(counter)) + .png)): null

2018-12-05 12:26:56 - [TEST_STEP][PASSED] - Statement - counter = counter + 1: null

2018-12-05 12:26:56 - [TEST_STEP][PASSED] - Statement - PreSaveFile = new java.io.File(((pathPrefix + java.lang.Integer.toString(counter)) + .png)): null

2018-12-05 12:26:56 - [TEST_STEP][PASSED] - Statement - counter = counter + 1: null

2018-12-05 12:26:56 - [TEST_STEP][PASSED] - Statement - PreSaveFile = new java.io.File(((pathPrefix + java.lang.Integer.toString(counter)) + .png)): null

2018-12-05 12:26:56 - [TEST_STEP][PASSED] - Statement - counter = counter + 1: null

2018-12-05 12:26:56 - [TEST_STEP][PASSED] - Statement - PreSaveFile = new java.io.File(((pathPrefix + java.lang.Integer.toString(counter)) + .png)): null

2018-12-05 12:26:56 - [TEST_STEP][PASSED] - Statement - counter = counter + 1: null

2018-12-05 12:26:56 - [TEST_STEP][PASSED] - Statement - PreSaveFile = new java.io.File(((pathPrefix + java.lang.Integer.toString(counter)) + .png)): null

2018-12-05 12:26:56 - [TEST_STEP][PASSED] - Statement - counter = counter + 1: null

2018-12-05 12:26:56 - [TEST_STEP][PASSED] - Statement - PreSaveFile = new java.io.File(((pathPrefix + java.lang.Integer.toString(counter)) + .png)): null

2018-12-05 12:26:56 - [TEST_STEP][PASSED] - Statement - counter = counter + 1: null

2018-12-05 12:26:57 - [TEST_STEP][PASSED] - Statement - PreSaveFile = new java.io.File(((pathPrefix + java.lang.Integer.toString(counter)) + .png)): null

2018-12-05 12:26:57 - [TEST_STEP][PASSED] - Statement - counter = counter + 1: null

2018-12-05 12:26:57 - [TEST_STEP][PASSED] - Statement - PreSaveFile = new java.io.File(((pathPrefix + java.lang.Integer.toString(counter)) + .png)): null

2018-12-05 12:26:57 - [TEST_STEP][PASSED] - Statement - counter = counter + 1: null

2018-12-05 12:26:57 - [TEST_STEP][PASSED] - Statement - PreSaveFile = new java.io.File(((pathPrefix + java.lang.Integer.toString(counter)) + .png)): null

2018-12-05 12:26:57 - [TEST_STEP][PASSED] - Statement - counter = counter + 1: null

2018-12-05 12:26:57 - [TEST_STEP][PASSED] - Statement - PreSaveFile = new java.io.File(((pathPrefix + java.lang.Integer.toString(counter)) + .png)): null

2018-12-05 12:26:57 - [TEST_STEP][PASSED] - Statement - counter = counter + 1: null

2018-12-05 12:26:57 - [TEST_STEP][PASSED] - Statement - PreSaveFile = new java.io.File(((pathPrefix + java.lang.Integer.toString(counter)) + .png)): null

2018-12-05 12:26:57 - [TEST_STEP][PASSED] - Statement - counter = counter + 1: null

2018-12-05 12:26:57 - [TEST_STEP][PASSED] - Statement - PreSaveFile = new java.io.File(((pathPrefix + java.lang.Integer.toString(counter)) + .png)): null

2018-12-05 12:26:57 - [TEST_STEP][PASSED] - Statement - counter = counter + 1: null

2018-12-05 12:26:57 - [TEST_STEP][PASSED] - Statement - PreSaveFile = new java.io.File(((pathPrefix + java.lang.Integer.toString(counter)) + .png)): null

2018-12-05 12:26:57 - [TEST_STEP][PASSED] - Statement - counter = counter + 1: null

2018-12-05 12:26:57 - [TEST_STEP][PASSED] - Statement - PreSaveFile = new java.io.File(((pathPrefix + java.lang.Integer.toString(counter)) + .png)): null

2018-12-05 12:26:57 - [TEST_STEP][PASSED] - Statement - counter = counter + 1: null

2018-12-05 12:26:57 - [TEST_STEP][PASSED] - Statement - PreSaveFile = new java.io.File(((pathPrefix + java.lang.Integer.toString(counter)) + .png)): null

2018-12-05 12:26:57 - [TEST_STEP][PASSED] - Statement - counter = counter + 1: null

2018-12-05 12:26:57 - [TEST_STEP][PASSED] - Statement - PreSaveFile = new java.io.File(((pathPrefix + java.lang.Integer.toString(counter)) + .png)): null

2018-12-05 12:26:57 - [TEST_STEP][PASSED] - Statement - counter = counter + 1: null

2018-12-05 12:26:57 - [TEST_STEP][PASSED] - Statement - PreSaveFile = new java.io.File(((pathPrefix + java.lang.Integer.toString(counter)) + .png)): null

2018-12-05 12:26:57 - [TEST_STEP][PASSED] - Statement - counter = counter + 1: null

2018-12-05 12:26:57 - [TEST_STEP][PASSED] - Statement - PreSaveFile = new java.io.File(((pathPrefix + java.lang.Integer.toString(counter)) + .png)): null

2018-12-05 12:26:57 - [TEST_STEP][PASSED] - Statement - counter = counter + 1: null

2018-12-05 12:26:57 - [TEST_STEP][PASSED] - Statement - PreSaveFile = new java.io.File(((pathPrefix + java.lang.Integer.toString(counter)) + .png)): null

2018-12-05 12:26:57 - [TEST_STEP][PASSED] - Statement - counter = counter + 1: null

2018-12-05 12:26:57 - [TEST_STEP][PASSED] - Statement - PreSaveFile = new java.io.File(((pathPrefix + java.lang.Integer.toString(counter)) + .png)): null

2018-12-05 12:26:57 - [TEST_STEP][PASSED] - Statement - counter = counter + 1: null

2018-12-05 12:26:58 - [TEST_STEP][PASSED] - Statement - PreSaveFile = new java.io.File(((pathPrefix + java.lang.Integer.toString(counter)) + .png)): null

2018-12-05 12:26:58 - [TEST_STEP][PASSED] - Statement - counter = counter + 1: null

2018-12-05 12:26:58 - [TEST_STEP][PASSED] - Statement - PreSaveFile = new java.io.File(((pathPrefix + java.lang.Integer.toString(counter)) + .png)): null

2018-12-05 12:26:58 - [TEST_STEP][PASSED] - Statement - counter = counter + 1: null

2018-12-05 12:26:58 - [TEST_STEP][PASSED] - Statement - PreSaveFile = new java.io.File(((pathPrefix + java.lang.Integer.toString(counter)) + .png)): null

2018-12-05 12:26:58 - [TEST_STEP][PASSED] - Statement - counter = counter + 1: null

2018-12-05 12:26:58 - [TEST_STEP][PASSED] - Statement - PreSaveFile = new java.io.File(((pathPrefix + java.lang.Integer.toString(counter)) + .png)): null

2018-12-05 12:26:58 - [TEST_STEP][PASSED] - Statement - counter = counter + 1: null

2018-12-05 12:26:58 - [TEST_STEP][PASSED] - Statement - PreSaveFile = new java.io.File(((pathPrefix + java.lang.Integer.toString(counter)) + .png)): null

2018-12-05 12:26:58 - [TEST_STEP][PASSED] - Statement - counter = counter + 1: null

2018-12-05 12:26:58 - [TEST_STEP][PASSED] - Statement - PreSaveFile = new java.io.File(((pathPrefix + java.lang.Integer.toString(counter)) + .png)): null

2018-12-05 12:26:58 - [TEST_STEP][PASSED] - Statement - counter = counter + 1: null

2018-12-05 12:26:58 - [TEST_STEP][PASSED] - Statement - PreSaveFile = new java.io.File(((pathPrefix + java.lang.Integer.toString(counter)) + .png)): null

2018-12-05 12:26:58 - [TEST_STEP][PASSED] - Statement - counter = counter + 1: null

2018-12-05 12:26:58 - [TEST_STEP][PASSED] - Statement - PreSaveFile = new java.io.File(((pathPrefix + java.lang.Integer.toString(counter)) + .png)): null

2018-12-05 12:26:58 - [TEST_STEP][PASSED] - Statement - counter = counter + 1: null

2018-12-05 12:26:58 - [TEST_STEP][PASSED] - Statement - PreSaveFile = new java.io.File(((pathPrefix + java.lang.Integer.toString(counter)) + .png)): null

2018-12-05 12:26:58 - [TEST_STEP][PASSED] - Statement - counter = counter + 1: null

2018-12-05 12:26:58 - [TEST_STEP][PASSED] - Statement - PreSaveFile = new java.io.File(((pathPrefix + java.lang.Integer.toString(counter)) + .png)): null

2018-12-05 12:26:58 - [TEST_STEP][PASSED] - Statement - counter = counter + 1: null

2018-12-05 12:26:58 - [TEST_STEP][PASSED] - Statement - PreSaveFile = new java.io.File(((pathPrefix + java.lang.Integer.toString(counter)) + .png)): null

2018-12-05 12:26:58 - [TEST_STEP][PASSED] - Statement - counter = counter + 1: null

2018-12-05 12:26:58 - [TEST_STEP][PASSED] - Statement - PreSaveFile = new java.io.File(((pathPrefix + java.lang.Integer.toString(counter)) + .png)): null

2018-12-05 12:26:58 - [TEST_STEP][PASSED] - Statement - counter = counter + 1: null

2018-12-05 12:26:58 - [TEST_STEP][PASSED] - Statement - PreSaveFile = new java.io.File(((pathPrefix + java.lang.Integer.toString(counter)) + .png)): null

2018-12-05 12:26:58 - [TEST_STEP][PASSED] - Statement - counter = counter + 1: null

2018-12-05 12:26:58 - [TEST_STEP][PASSED] - Statement - PreSaveFile = new java.io.File(((pathPrefix + java.lang.Integer.toString(counter)) + .png)): null

2018-12-05 12:26:58 - [TEST_STEP][PASSED] - Statement - counter = counter + 1: null

2018-12-05 12:26:58 - [TEST_STEP][PASSED] - Statement - PreSaveFile = new java.io.File(((pathPrefix + java.lang.Integer.toString(counter)) + .png)): null

2018-12-05 12:26:58 - [TEST_STEP][PASSED] - Statement - counter = counter + 1: null

2018-12-05 12:26:58 - [TEST_STEP][PASSED] - Statement - PreSaveFile = new java.io.File(((pathPrefix + java.lang.Integer.toString(counter)) + .png)): null

2018-12-05 12:26:58 - [TEST_STEP][PASSED] - Statement - counter = counter + 1: null

2018-12-05 12:26:58 - [TEST_STEP][PASSED] - Statement - PreSaveFile = new java.io.File(((pathPrefix + java.lang.Integer.toString(counter)) + .png)): null

2018-12-05 12:26:58 - [TEST_STEP][PASSED] - Statement - counter = counter + 1: null

2018-12-05 12:26:58 - [TEST_STEP][PASSED] - Statement - PreSaveFile = new java.io.File(((pathPrefix + java.lang.Integer.toString(counter)) + .png)): null

2018-12-05 12:26:58 - [TEST_STEP][PASSED] - Statement - counter = counter + 1: null

2018-12-05 12:26:58 - [TEST_STEP][PASSED] - Statement - PreSaveFile = new java.io.File(((pathPrefix + java.lang.Integer.toString(counter)) + .png)): null

2018-12-05 12:26:58 - [TEST_STEP][PASSED] - Statement - counter = counter + 1: null

2018-12-05 12:26:59 - [TEST_STEP][PASSED] - Statement - PreSaveFile = new java.io.File(((pathPrefix + java.lang.Integer.toString(counter)) + .png)): null

2018-12-05 12:26:59 - [TEST_STEP][PASSED] - Statement - counter = counter + 1: null

2018-12-05 12:26:59 - [TEST_STEP][PASSED] - Statement - PreSaveFile = new java.io.File(((pathPrefix + java.lang.Integer.toString(counter)) + .png)): null

2018-12-05 12:26:59 - [TEST_STEP][PASSED] - Statement - counter = counter + 1: null

2018-12-05 12:26:59 - [TEST_STEP][PASSED] - Statement - PreSaveFile = new java.io.File(((pathPrefix + java.lang.Integer.toString(counter)) + .png)): null

2018-12-05 12:26:59 - [TEST_STEP][PASSED] - Statement - counter = counter + 1: null

2018-12-05 12:26:59 - [TEST_STEP][PASSED] - Statement - PreSaveFile = new java.io.File(((pathPrefix + java.lang.Integer.toString(counter)) + .png)): null

2018-12-05 12:26:59 - [TEST_STEP][PASSED] - Statement - counter = counter + 1: null

2018-12-05 12:26:59 - [TEST_STEP][PASSED] - Statement - PreSaveFile = new java.io.File(((pathPrefix + java.lang.Integer.toString(counter)) + .png)): null

2018-12-05 12:26:59 - [TEST_STEP][PASSED] - Statement - counter = counter + 1: null

2018-12-05 12:26:59 - [TEST_STEP][PASSED] - Statement - PreSaveFile = new java.io.File(((pathPrefix + java.lang.Integer.toString(counter)) + .png)): null

2018-12-05 12:26:59 - [TEST_STEP][PASSED] - Statement - counter = counter + 1: null

2018-12-05 12:26:59 - [TEST_STEP][PASSED] - Statement - PreSaveFile = new java.io.File(((pathPrefix + java.lang.Integer.toString(counter)) + .png)): null

2018-12-05 12:26:59 - [TEST_STEP][PASSED] - Statement - counter = counter + 1: null

2018-12-05 12:26:59 - [TEST_STEP][PASSED] - Statement - PreSaveFile = new java.io.File(((pathPrefix + java.lang.Integer.toString(counter)) + .png)): null

2018-12-05 12:26:59 - [TEST_STEP][PASSED] - Statement - counter = counter + 1: null

2018-12-05 12:26:59 - [TEST_STEP][PASSED] - Statement - PreSaveFile = new java.io.File(((pathPrefix + java.lang.Integer.toString(counter)) + .png)): null

2018-12-05 12:26:59 - [TEST_STEP][PASSED] - Statement - counter = counter + 1: null

2018-12-05 12:26:59 - [TEST_STEP][PASSED] - Statement - PreSaveFile = new java.io.File(((pathPrefix + java.lang.Integer.toString(counter)) + .png)): null

2018-12-05 12:26:59 - [TEST_STEP][PASSED] - Statement - counter = counter + 1: null

2018-12-05 12:26:59 - [TEST_STEP][PASSED] - Statement - PreSaveFile = new java.io.File(((pathPrefix + java.lang.Integer.toString(counter)) + .png)): null

2018-12-05 12:26:59 - [TEST_STEP][PASSED] - Statement - counter = counter + 1: null

2018-12-05 12:26:59 - [TEST_STEP][PASSED] - Statement - PreSaveFile = new java.io.File(((pathPrefix + java.lang.Integer.toString(counter)) + .png)): null

2018-12-05 12:26:59 - [TEST_STEP][PASSED] - Statement - counter = counter + 1: null

2018-12-05 12:26:59 - [TEST_STEP][PASSED] - Statement - PreSaveFile = new java.io.File(((pathPrefix + java.lang.Integer.toString(counter)) + .png)): null

2018-12-05 12:26:59 - [TEST_STEP][PASSED] - Statement - counter = counter + 1: null

2018-12-05 12:26:59 - [TEST_STEP][PASSED] - Statement - PreSaveFile = new java.io.File(((pathPrefix + java.lang.Integer.toString(counter)) + .png)): null

2018-12-05 12:26:59 - [TEST_STEP][PASSED] - Statement - counter = counter + 1: null

2018-12-05 12:26:59 - [TEST_STEP][PASSED] - Statement - PreSaveFile = new java.io.File(((pathPrefix + java.lang.Integer.toString(counter)) + .png)): null

2018-12-05 12:27:00 - [TEST_STEP][PASSED] - Statement - counter = counter + 1: null

2018-12-05 12:27:00 - [TEST_STEP][PASSED] - Statement - PreSaveFile = new java.io.File(((pathPrefix + java.lang.Integer.toString(counter)) + .png)): null

2018-12-05 12:27:00 - [TEST_STEP][PASSED] - Statement - counter = counter + 1: null

2018-12-05 12:27:00 - [TEST_STEP][PASSED] - Statement - PreSaveFile = new java.io.File(((pathPrefix + java.lang.Integer.toString(counter)) + .png)): null

2018-12-05 12:27:00 - [TEST_STEP][PASSED] - Statement - counter = counter + 1: null

2018-12-05 12:27:00 - [TEST_STEP][PASSED] - Statement - PreSaveFile = new java.io.File(((pathPrefix + java.lang.Integer.toString(counter)) + .png)): null

2018-12-05 12:27:00 - [TEST_STEP][PASSED] - Statement - counter = counter + 1: null

2018-12-05 12:27:00 - [TEST_STEP][PASSED] - Statement - PreSaveFile = new java.io.File(((pathPrefix + java.lang.Integer.toString(counter)) + .png)): null

2018-12-05 12:27:00 - [TEST_STEP][PASSED] - Statement - counter = counter + 1: null

2018-12-05 12:27:00 - [TEST_STEP][PASSED] - Statement - PreSaveFile = new java.io.File(((pathPrefix + java.lang.Integer.toString(counter)) + .png)): null

2018-12-05 12:27:00 - [TEST_STEP][PASSED] - Statement - counter = counter + 1: null

2018-12-05 12:27:00 - [TEST_STEP][PASSED] - Statement - PreSaveFile = new java.io.File(((pathPrefix + java.lang.Integer.toString(counter)) + .png)): null

2018-12-05 12:27:00 - [TEST_STEP][PASSED] - Statement - counter = counter + 1: null

2018-12-05 12:27:00 - [TEST_STEP][PASSED] - Statement - PreSaveFile = new java.io.File(((pathPrefix + java.lang.Integer.toString(counter)) + .png)): null

2018-12-05 12:27:00 - [TEST_STEP][PASSED] - Statement - counter = counter + 1: null

2018-12-05 12:27:00 - [TEST_STEP][PASSED] - Statement - PreSaveFile = new java.io.File(((pathPrefix + java.lang.Integer.toString(counter)) + .png)): null

2018-12-05 12:27:00 - [TEST_STEP][PASSED] - Statement - counter = counter + 1: null

2018-12-05 12:27:00 - [TEST_STEP][PASSED] - Statement - PreSaveFile = new java.io.File(((pathPrefix + java.lang.Integer.toString(counter)) + .png)): null

2018-12-05 12:27:00 - [TEST_STEP][PASSED] - Statement - counter = counter + 1: null

2018-12-05 12:27:00 - [TEST_STEP][PASSED] - Statement - PreSaveFile = new java.io.File(((pathPrefix + java.lang.Integer.toString(counter)) + .png)): null

2018-12-05 12:27:00 - [TEST_STEP][PASSED] - Statement - counter = counter + 1: null

2018-12-05 12:27:00 - [TEST_STEP][PASSED] - Statement - PreSaveFile = new java.io.File(((pathPrefix + java.lang.Integer.toString(counter)) + .png)): null

2018-12-05 12:27:00 - [TEST_STEP][PASSED] - Statement - counter = counter + 1: null

2018-12-05 12:27:00 - [TEST_STEP][PASSED] - Statement - PreSaveFile = new java.io.File(((pathPrefix + java.lang.Integer.toString(counter)) + .png)): null

2018-12-05 12:27:00 - [TEST_STEP][PASSED] - Statement - counter = counter + 1: null

2018-12-05 12:27:00 - [TEST_STEP][PASSED] - Statement - PreSaveFile = new java.io.File(((pathPrefix + java.lang.Integer.toString(counter)) + .png)): null

2018-12-05 12:27:00 - [TEST_STEP][PASSED] - Statement - counter = counter + 1: null

2018-12-05 12:27:00 - [TEST_STEP][PASSED] - Statement - PreSaveFile = new java.io.File(((pathPrefix + java.lang.Integer.toString(counter)) + .png)): null

2018-12-05 12:27:00 - [TEST_STEP][PASSED] - Statement - counter = counter + 1: null

2018-12-05 12:27:01 - [TEST_STEP][PASSED] - Statement - PreSaveFile = new java.io.File(((pathPrefix + java.lang.Integer.toString(counter)) + .png)): null

2018-12-05 12:27:01 - [TEST_STEP][PASSED] - Statement - counter = counter + 1: null

2018-12-05 12:27:01 - [TEST_STEP][PASSED] - Statement - PreSaveFile = new java.io.File(((pathPrefix + java.lang.Integer.toString(counter)) + .png)): null

2018-12-05 12:27:01 - [TEST_STEP][PASSED] - Statement - counter = counter + 1: null

2018-12-05 12:27:01 - [TEST_STEP][PASSED] - Statement - PreSaveFile = new java.io.File(((pathPrefix + java.lang.Integer.toString(counter)) + .png)): null

2018-12-05 12:27:01 - [TEST_STEP][PASSED] - Statement - counter = counter + 1: null

2018-12-05 12:27:01 - [TEST_STEP][PASSED] - Statement - PreSaveFile = new java.io.File(((pathPrefix + java.lang.Integer.toString(counter)) + .png)): null

2018-12-05 12:27:01 - [TEST_STEP][PASSED] - Statement - counter = counter + 1: null

2018-12-05 12:27:01 - [TEST_STEP][PASSED] - Statement - PreSaveFile = new java.io.File(((pathPrefix + java.lang.Integer.toString(counter)) + .png)): null

2018-12-05 12:27:01 - [TEST_STEP][PASSED] - Statement - counter = counter + 1: null

2018-12-05 12:27:01 - [TEST_STEP][PASSED] - Statement - PreSaveFile = new java.io.File(((pathPrefix + java.lang.Integer.toString(counter)) + .png)): null

2018-12-05 12:27:01 - [TEST_STEP][PASSED] - Statement - counter = counter + 1: null

2018-12-05 12:27:01 - [TEST_STEP][PASSED] - Statement - PreSaveFile = new java.io.File(((pathPrefix + java.lang.Integer.toString(counter)) + .png)): null

2018-12-05 12:27:01 - [TEST_STEP][PASSED] - Statement - counter = counter + 1: null

2018-12-05 12:27:01 - [TEST_STEP][PASSED] - Statement - PreSaveFile = new java.io.File(((pathPrefix + java.lang.Integer.toString(counter)) + .png)): null

2018-12-05 12:27:01 - [TEST_STEP][PASSED] - Statement - counter = counter + 1: null

2018-12-05 12:27:01 - [TEST_STEP][PASSED] - Statement - PreSaveFile = new java.io.File(((pathPrefix + java.lang.Integer.toString(counter)) + .png)): null

2018-12-05 12:27:01 - [TEST_STEP][PASSED] - Statement - counter = counter + 1: null

2018-12-05 12:27:01 - [TEST_STEP][PASSED] - Statement - PreSaveFile = new java.io.File(((pathPrefix + java.lang.Integer.toString(counter)) + .png)): null

2018-12-05 12:27:01 - [TEST_STEP][PASSED] - Statement - counter = counter + 1: null

2018-12-05 12:27:01 - [TEST_STEP][PASSED] - Statement - PreSaveFile = new java.io.File(((pathPrefix + java.lang.Integer.toString(counter)) + .png)): null

2018-12-05 12:27:01 - [TEST_STEP][PASSED] - Statement - counter = counter + 1: null

2018-12-05 12:27:01 - [TEST_STEP][PASSED] - Statement - PreSaveFile = new java.io.File(((pathPrefix + java.lang.Integer.toString(counter)) + .png)): null

2018-12-05 12:27:01 - [TEST_STEP][PASSED] - Statement - counter = counter + 1: null

2018-12-05 12:27:01 - [TEST_STEP][PASSED] - Statement - PreSaveFile = new java.io.File(((pathPrefix + java.lang.Integer.toString(counter)) + .png)): null

2018-12-05 12:27:01 - [TEST_STEP][PASSED] - Statement - counter = counter + 1: null

2018-12-05 12:27:01 - [TEST_STEP][PASSED] - Statement - PreSaveFile = new java.io.File(((pathPrefix + java.lang.Integer.toString(counter)) + .png)): null

2018-12-05 12:27:01 - [TEST_STEP][PASSED] - Statement - counter = counter + 1: null

2018-12-05 12:27:02 - [TEST_STEP][PASSED] - Statement - PreSaveFile = new java.io.File(((pathPrefix + java.lang.Integer.toString(counter)) + .png)): null

2018-12-05 12:27:02 - [TEST_STEP][PASSED] - Statement - counter = counter + 1: null

2018-12-05 12:27:02 - [TEST_STEP][PASSED] - Statement - PreSaveFile = new java.io.File(((pathPrefix + java.lang.Integer.toString(counter)) + .png)): null

2018-12-05 12:27:02 - [TEST_STEP][PASSED] - Statement - counter = counter + 1: null

2018-12-05 12:27:02 - [TEST_STEP][PASSED] - Statement - PreSaveFile = new java.io.File(((pathPrefix + java.lang.Integer.toString(counter)) + .png)): null

2018-12-05 12:27:02 - [TEST_STEP][PASSED] - Statement - counter = counter + 1: null

2018-12-05 12:27:02 - [TEST_STEP][PASSED] - Statement - PreSaveFile = new java.io.File(((pathPrefix + java.lang.Integer.toString(counter)) + .png)): null

2018-12-05 12:27:02 - [TEST_STEP][PASSED] - Statement - counter = counter + 1: null

2018-12-05 12:27:02 - [TEST_STEP][PASSED] - Statement - PreSaveFile = new java.io.File(((pathPrefix + java.lang.Integer.toString(counter)) + .png)): null

2018-12-05 12:27:02 - [TEST_STEP][PASSED] - Statement - counter = counter + 1: null

2018-12-05 12:27:02 - [TEST_STEP][PASSED] - Statement - PreSaveFile = new java.io.File(((pathPrefix + java.lang.Integer.toString(counter)) + .png)): null

2018-12-05 12:27:02 - [TEST_STEP][PASSED] - Statement - counter = counter + 1: null

2018-12-05 12:27:02 - [TEST_STEP][PASSED] - Statement - PreSaveFile = new java.io.File(((pathPrefix + java.lang.Integer.toString(counter)) + .png)): null

2018-12-05 12:27:02 - [TEST_STEP][PASSED] - Statement - counter = counter + 1: null

2018-12-05 12:27:02 - [TEST_STEP][PASSED] - Statement - PreSaveFile = new java.io.File(((pathPrefix + java.lang.Integer.toString(counter)) + .png)): null

2018-12-05 12:27:02 - [TEST_STEP][PASSED] - Statement - counter = counter + 1: null

2018-12-05 12:27:02 - [TEST_STEP][PASSED] - Statement - PreSaveFile = new java.io.File(((pathPrefix + java.lang.Integer.toString(counter)) + .png)): null

2018-12-05 12:27:02 - [TEST_STEP][PASSED] - Statement - counter = counter + 1: null

2018-12-05 12:27:02 - [TEST_STEP][PASSED] - Statement - PreSaveFile = new java.io.File(((pathPrefix + java.lang.Integer.toString(counter)) + .png)): null

2018-12-05 12:27:02 - [TEST_STEP][PASSED] - Statement - counter = counter + 1: null

2018-12-05 12:27:02 - [TEST_STEP][PASSED] - Statement - PreSaveFile = new java.io.File(((pathPrefix + java.lang.Integer.toString(counter)) + .png)): null

2018-12-05 12:27:02 - [TEST_STEP][PASSED] - Statement - counter = counter + 1: null

2018-12-05 12:27:02 - [TEST_STEP][PASSED] - Statement - PreSaveFile = new java.io.File(((pathPrefix + java.lang.Integer.toString(counter)) + .png)): null

2018-12-05 12:27:02 - [TEST_STEP][PASSED] - Statement - counter = counter + 1: null

2018-12-05 12:27:02 - [TEST_STEP][PASSED] - Statement - PreSaveFile = new java.io.File(((pathPrefix + java.lang.Integer.toString(counter)) + .png)): null

2018-12-05 12:27:02 - [TEST_STEP][PASSED] - Statement - counter = counter + 1: null

2018-12-05 12:27:02 - [TEST_STEP][PASSED] - Statement - PreSaveFile = new java.io.File(((pathPrefix + java.lang.Integer.toString(counter)) + .png)): null

2018-12-05 12:27:02 - [TEST_STEP][PASSED] - Statement - counter = counter + 1: null

2018-12-05 12:27:02 - [TEST_STEP][PASSED] - Statement - PreSaveFile = new java.io.File(((pathPrefix + java.lang.Integer.toString(counter)) + .png)): null

2018-12-05 12:27:03 - [TEST_STEP][PASSED] - Statement - counter = counter + 1: null

2018-12-05 12:27:03 - [TEST_STEP][PASSED] - Statement - PreSaveFile = new java.io.File(((pathPrefix + java.lang.Integer.toString(counter)) + .png)): null

2018-12-05 12:27:03 - [TEST_STEP][PASSED] - Statement - counter = counter + 1: null

2018-12-05 12:27:03 - [TEST_STEP][PASSED] - Statement - PreSaveFile = new java.io.File(((pathPrefix + java.lang.Integer.toString(counter)) + .png)): null

2018-12-05 12:27:03 - [TEST_STEP][PASSED] - Statement - counter = counter + 1: null

2018-12-05 12:27:03 - [TEST_STEP][PASSED] - Statement - PreSaveFile = new java.io.File(((pathPrefix + java.lang.Integer.toString(counter)) + .png)): null

2018-12-05 12:27:03 - [TEST_STEP][PASSED] - Statement - counter = counter + 1: null

2018-12-05 12:27:03 - [TEST_STEP][PASSED] - Statement - PreSaveFile = new java.io.File(((pathPrefix + java.lang.Integer.toString(counter)) + .png)): null

2018-12-05 12:27:03 - [TEST_STEP][PASSED] - Statement - counter = counter + 1: null

2018-12-05 12:27:03 - [TEST_STEP][PASSED] - Statement - PreSaveFile = new java.io.File(((pathPrefix + java.lang.Integer.toString(counter)) + .png)): null

2018-12-05 12:27:03 - [TEST_STEP][PASSED] - Statement - counter = counter + 1: null

2018-12-05 12:27:03 - [TEST_STEP][PASSED] - Statement - PreSaveFile = new java.io.File(((pathPrefix + java.lang.Integer.toString(counter)) + .png)): null

2018-12-05 12:27:03 - [TEST_STEP][PASSED] - Statement - counter = counter + 1: null

2018-12-05 12:27:03 - [TEST_STEP][PASSED] - Statement - PreSaveFile = new java.io.File(((pathPrefix + java.lang.Integer.toString(counter)) + .png)): null

2018-12-05 12:27:03 - [TEST_STEP][PASSED] - Statement - counter = counter + 1: null

2018-12-05 12:27:03 - [TEST_STEP][PASSED] - Statement - PreSaveFile = new java.io.File(((pathPrefix + java.lang.Integer.toString(counter)) + .png)): null

2018-12-05 12:27:03 - [TEST_STEP][PASSED] - Statement - counter = counter + 1: null

2018-12-05 12:27:03 - [TEST_STEP][PASSED] - Statement - PreSaveFile = new java.io.File(((pathPrefix + java.lang.Integer.toString(counter)) + .png)): null

2018-12-05 12:27:03 - [TEST_STEP][PASSED] - Statement - counter = counter + 1: null

2018-12-05 12:27:03 - [TEST_STEP][PASSED] - Statement - PreSaveFile = new java.io.File(((pathPrefix + java.lang.Integer.toString(counter)) + .png)): null

2018-12-05 12:27:03 - [TEST_STEP][PASSED] - Statement - counter = counter + 1: null

2018-12-05 12:27:03 - [TEST_STEP][PASSED] - Statement - PreSaveFile = new java.io.File(((pathPrefix + java.lang.Integer.toString(counter)) + .png)): null

2018-12-05 12:27:03 - [TEST_STEP][PASSED] - Statement - counter = counter + 1: null

2018-12-05 12:27:03 - [TEST_STEP][PASSED] - Statement - PreSaveFile = new java.io.File(((pathPrefix + java.lang.Integer.toString(counter)) + .png)): null

2018-12-05 12:27:03 - [TEST_STEP][PASSED] - Statement - counter = counter + 1: null

2018-12-05 12:27:03 - [TEST_STEP][PASSED] - Statement - PreSaveFile = new java.io.File(((pathPrefix + java.lang.Integer.toString(counter)) + .png)): null

2018-12-05 12:27:03 - [TEST_STEP][PASSED] - Statement - counter = counter + 1: null

2018-12-05 12:27:03 - [TEST_STEP][PASSED] - Statement - PreSaveFile = new java.io.File(((pathPrefix + java.lang.Integer.toString(counter)) + .png)): null

2018-12-05 12:27:03 - [TEST_STEP][PASSED] - Statement - counter = counter + 1: null

2018-12-05 12:27:04 - [TEST_STEP][PASSED] - Statement - PreSaveFile = new java.io.File(((pathPrefix + java.lang.Integer.toString(counter)) + .png)): null

2018-12-05 12:27:04 - [TEST_STEP][PASSED] - Statement - counter = counter + 1: null

2018-12-05 12:27:04 - [TEST_STEP][PASSED] - Statement - PreSaveFile = new java.io.File(((pathPrefix + java.lang.Integer.toString(counter)) + .png)): null

2018-12-05 12:27:04 - [TEST_STEP][PASSED] - Statement - counter = counter + 1: null

2018-12-05 12:27:04 - [TEST_STEP][PASSED] - Statement - PreSaveFile = new java.io.File(((pathPrefix + java.lang.Integer.toString(counter)) + .png)): null

2018-12-05 12:27:04 - [TEST_STEP][PASSED] - Statement - counter = counter + 1: null

2018-12-05 12:27:04 - [TEST_STEP][PASSED] - Statement - PreSaveFile = new java.io.File(((pathPrefix + java.lang.Integer.toString(counter)) + .png)): null

2018-12-05 12:27:04 - [TEST_STEP][PASSED] - Statement - counter = counter + 1: null

2018-12-05 12:27:04 - [TEST_STEP][PASSED] - Statement - PreSaveFile = new java.io.File(((pathPrefix + java.lang.Integer.toString(counter)) + .png)): null

2018-12-05 12:27:04 - [TEST_STEP][PASSED] - Statement - counter = counter + 1: null

2018-12-05 12:27:04 - [TEST_STEP][PASSED] - Statement - PreSaveFile = new java.io.File(((pathPrefix + java.lang.Integer.toString(counter)) + .png)): null

2018-12-05 12:27:04 - [TEST_STEP][PASSED] - Statement - counter = counter + 1: null

2018-12-05 12:27:04 - [TEST_STEP][PASSED] - Statement - PreSaveFile = new java.io.File(((pathPrefix + java.lang.Integer.toString(counter)) + .png)): null

2018-12-05 12:27:04 - [TEST_STEP][PASSED] - Statement - counter = counter + 1: null

2018-12-05 12:27:04 - [TEST_STEP][PASSED] - Statement - PreSaveFile = new java.io.File(((pathPrefix + java.lang.Integer.toString(counter)) + .png)): null

2018-12-05 12:27:04 - [TEST_STEP][PASSED] - Statement - counter = counter + 1: null

2018-12-05 12:27:04 - [TEST_STEP][PASSED] - Statement - PreSaveFile = new java.io.File(((pathPrefix + java.lang.Integer.toString(counter)) + .png)): null

2018-12-05 12:27:04 - [TEST_STEP][PASSED] - Statement - counter = counter + 1: null

2018-12-05 12:27:04 - [TEST_STEP][PASSED] - Statement - PreSaveFile = new java.io.File(((pathPrefix + java.lang.Integer.toString(counter)) + .png)): null

2018-12-05 12:27:04 - [TEST_STEP][PASSED] - Statement - counter = counter + 1: null

2018-12-05 12:27:04 - [TEST_STEP][PASSED] - Statement - PreSaveFile = new java.io.File(((pathPrefix + java.lang.Integer.toString(counter)) + .png)): null

2018-12-05 12:27:04 - [TEST_STEP][PASSED] - Statement - counter = counter + 1: null

2018-12-05 12:27:04 - [TEST_STEP][PASSED] - Statement - PreSaveFile = new java.io.File(((pathPrefix + java.lang.Integer.toString(counter)) + .png)): null

2018-12-05 12:27:04 - [TEST_STEP][PASSED] - Statement - counter = counter + 1: null

2018-12-05 12:27:04 - [TEST_STEP][PASSED] - Statement - PreSaveFile = new java.io.File(((pathPrefix + java.lang.Integer.toString(counter)) + .png)): null

2018-12-05 12:27:04 - [TEST_STEP][PASSED] - Statement - counter = counter + 1: null

2018-12-05 12:27:04 - [TEST_STEP][PASSED] - Statement - PreSaveFile = new java.io.File(((pathPrefix + java.lang.Integer.toString(counter)) + .png)): null

2018-12-05 12:27:04 - [TEST_STEP][PASSED] - Statement - counter = counter + 1: null

2018-12-05 12:27:04 - [TEST_STEP][PASSED] - Statement - PreSaveFile = new java.io.File(((pathPrefix + java.lang.Integer.toString(counter)) + .png)): null

2018-12-05 12:27:04 - [TEST_STEP][PASSED] - Statement - counter = counter + 1: null

2018-12-05 12:27:04 - [TEST_STEP][PASSED] - Statement - PreSaveFile = new java.io.File(((pathPrefix + java.lang.Integer.toString(counter)) + .png)): null

2018-12-05 12:27:04 - [TEST_STEP][PASSED] - Statement - counter = counter + 1: null

2018-12-05 12:27:04 - [TEST_STEP][PASSED] - Statement - PreSaveFile = new java.io.File(((pathPrefix + java.lang.Integer.toString(counter)) + .png)): null

2018-12-05 12:27:04 - [TEST_STEP][PASSED] - Statement - counter = counter + 1: null

2018-12-05 12:27:04 - [TEST_STEP][PASSED] - Statement - PreSaveFile = new java.io.File(((pathPrefix + java.lang.Integer.toString(counter)) + .png)): null

2018-12-05 12:27:04 - [TEST_STEP][PASSED] - Statement - counter = counter + 1: null

2018-12-05 12:27:04 - [TEST_STEP][PASSED] - Statement - PreSaveFile = new java.io.File(((pathPrefix + java.lang.Integer.toString(counter)) + .png)): null

2018-12-05 12:27:05 - [TEST_STEP][PASSED] - Statement - counter = counter + 1: null

2018-12-05 12:27:05 - [TEST_STEP][PASSED] - Statement - PreSaveFile = new java.io.File(((pathPrefix + java.lang.Integer.toString(counter)) + .png)): null

2018-12-05 12:27:05 - [TEST_STEP][PASSED] - Statement - counter = counter + 1: null

2018-12-05 12:27:05 - [TEST_STEP][PASSED] - Statement - PreSaveFile = new java.io.File(((pathPrefix + java.lang.Integer.toString(counter)) + .png)): null

2018-12-05 12:27:05 - [TEST_STEP][PASSED] - Statement - counter = counter + 1: null

2018-12-05 12:27:05 - [TEST_STEP][PASSED] - Statement - PreSaveFile = new java.io.File(((pathPrefix + java.lang.Integer.toString(counter)) + .png)): null

2018-12-05 12:27:05 - [TEST_STEP][PASSED] - Statement - counter = counter + 1: null

2018-12-05 12:27:05 - [TEST_STEP][PASSED] - Statement - PreSaveFile = new java.io.File(((pathPrefix + java.lang.Integer.toString(counter)) + .png)): null

2018-12-05 12:27:05 - [TEST_STEP][PASSED] - Statement - counter = counter + 1: null

2018-12-05 12:27:05 - [TEST_STEP][PASSED] - Statement - PreSaveFile = new java.io.File(((pathPrefix + java.lang.Integer.toString(counter)) + .png)): null

2018-12-05 12:27:05 - [TEST_STEP][PASSED] - Statement - counter = counter + 1: null

2018-12-05 12:27:05 - [TEST_STEP][PASSED] - Statement - PreSaveFile = new java.io.File(((pathPrefix + java.lang.Integer.toString(counter)) + .png)): null

2018-12-05 12:27:05 - [TEST_STEP][PASSED] - Statement - counter = counter + 1: null

2018-12-05 12:27:05 - [TEST_STEP][PASSED] - Statement - PreSaveFile = new java.io.File(((pathPrefix + java.lang.Integer.toString(counter)) + .png)): null

2018-12-05 12:27:05 - [TEST_STEP][PASSED] - Statement - counter = counter + 1: null

2018-12-05 12:27:05 - [TEST_STEP][PASSED] - Statement - PreSaveFile = new java.io.File(((pathPrefix + java.lang.Integer.toString(counter)) + .png)): null

2018-12-05 12:27:05 - [TEST_STEP][PASSED] - Statement - counter = counter + 1: null

2018-12-05 12:27:05 - [TEST_STEP][PASSED] - Statement - PreSaveFile = new java.io.File(((pathPrefix + java.lang.Integer.toString(counter)) + .png)): null

2018-12-05 12:27:05 - [TEST_STEP][PASSED] - Statement - counter = counter + 1: null

2018-12-05 12:27:05 - [TEST_STEP][PASSED] - Statement - PreSaveFile = new java.io.File(((pathPrefix + java.lang.Integer.toString(counter)) + .png)): null

2018-12-05 12:27:05 - [TEST_STEP][PASSED] - Statement - counter = counter + 1: null

2018-12-05 12:27:05 - [TEST_STEP][PASSED] - Statement - PreSaveFile = new java.io.File(((pathPrefix + java.lang.Integer.toString(counter)) + .png)): null

2018-12-05 12:27:05 - [TEST_STEP][PASSED] - Statement - counter = counter + 1: null

2018-12-05 12:27:05 - [TEST_STEP][PASSED] - Statement - PreSaveFile = new java.io.File(((pathPrefix + java.lang.Integer.toString(counter)) + .png)): null

2018-12-05 12:27:05 - [TEST_STEP][PASSED] - Statement - counter = counter + 1: null

2018-12-05 12:27:05 - [TEST_STEP][PASSED] - Statement - PreSaveFile = new java.io.File(((pathPrefix + java.lang.Integer.toString(counter)) + .png)): null

2018-12-05 12:27:05 - [TEST_STEP][PASSED] - Statement - counter = counter + 1: null

2018-12-05 12:27:05 - [TEST_STEP][PASSED] - Statement - PreSaveFile = new java.io.File(((pathPrefix + java.lang.Integer.toString(counter)) + .png)): null

2018-12-05 12:27:05 - [TEST_STEP][PASSED] - Statement - counter = counter + 1: null

2018-12-05 12:27:05 - [TEST_STEP][PASSED] - Statement - PreSaveFile = new java.io.File(((pathPrefix + java.lang.Integer.toString(counter)) + .png)): null

2018-12-05 12:27:06 - [TEST_STEP][PASSED] - Statement - counter = counter + 1: null

2018-12-05 12:27:06 - [TEST_STEP][PASSED] - Statement - PreSaveFile = new java.io.File(((pathPrefix + java.lang.Integer.toString(counter)) + .png)): null

2018-12-05 12:27:06 - [TEST_STEP][PASSED] - Statement - counter = counter + 1: null

2018-12-05 12:27:06 - [TEST_STEP][PASSED] - Statement - PreSaveFile = new java.io.File(((pathPrefix + java.lang.Integer.toString(counter)) + .png)): null

2018-12-05 12:27:06 - [TEST_STEP][PASSED] - Statement - counter = counter + 1: null

2018-12-05 12:27:06 - [TEST_STEP][PASSED] - Statement - PreSaveFile = new java.io.File(((pathPrefix + java.lang.Integer.toString(counter)) + .png)): null

2018-12-05 12:27:06 - [TEST_STEP][PASSED] - Statement - counter = counter + 1: null

2018-12-05 12:27:06 - [TEST_STEP][PASSED] - Statement - PreSaveFile = new java.io.File(((pathPrefix + java.lang.Integer.toString(counter)) + .png)): null

2018-12-05 12:27:06 - [TEST_STEP][PASSED] - Statement - counter = counter + 1: null

2018-12-05 12:27:06 - [TEST_STEP][PASSED] - Statement - PreSaveFile = new java.io.File(((pathPrefix + java.lang.Integer.toString(counter)) + .png)): null

2018-12-05 12:27:06 - [TEST_STEP][PASSED] - Statement - counter = counter + 1: null

2018-12-05 12:27:06 - [TEST_STEP][PASSED] - Statement - PreSaveFile = new java.io.File(((pathPrefix + java.lang.Integer.toString(counter)) + .png)): null

2018-12-05 12:27:06 - [TEST_STEP][PASSED] - Statement - counter = counter + 1: null

2018-12-05 12:27:06 - [TEST_STEP][PASSED] - Statement - PreSaveFile = new java.io.File(((pathPrefix + java.lang.Integer.toString(counter)) + .png)): null

2018-12-05 12:27:06 - [TEST_STEP][PASSED] - Statement - counter = counter + 1: null

2018-12-05 12:27:06 - [TEST_STEP][PASSED] - Statement - PreSaveFile = new java.io.File(((pathPrefix + java.lang.Integer.toString(counter)) + .png)): null

2018-12-05 12:27:06 - [TEST_STEP][PASSED] - Statement - counter = counter + 1: null

2018-12-05 12:27:06 - [TEST_STEP][PASSED] - Statement - PreSaveFile = new java.io.File(((pathPrefix + java.lang.Integer.toString(counter)) + .png)): null

2018-12-05 12:27:06 - [TEST_STEP][PASSED] - Statement - counter = counter + 1: null

2018-12-05 12:27:06 - [TEST_STEP][PASSED] - Statement - PreSaveFile = new java.io.File(((pathPrefix + java.lang.Integer.toString(counter)) + .png)): null

2018-12-05 12:27:06 - [TEST_STEP][PASSED] - Statement - counter = counter + 1: null

2018-12-05 12:27:06 - [TEST_STEP][PASSED] - Statement - PreSaveFile = new java.io.File(((pathPrefix + java.lang.Integer.toString(counter)) + .png)): null

2018-12-05 12:27:06 - [TEST_STEP][PASSED] - Statement - counter = counter + 1: null

2018-12-05 12:27:06 - [TEST_STEP][PASSED] - Statement - PreSaveFile = new java.io.File(((pathPrefix + java.lang.Integer.toString(counter)) + .png)): null

2018-12-05 12:27:06 - [TEST_STEP][PASSED] - Statement - counter = counter + 1: null

2018-12-05 12:27:06 - [TEST_STEP][PASSED] - Statement - PreSaveFile = new java.io.File(((pathPrefix + java.lang.Integer.toString(counter)) + .png)): null

2018-12-05 12:27:06 - [TEST_STEP][PASSED] - Statement - counter = counter + 1: null

2018-12-05 12:27:06 - [TEST_STEP][PASSED] - Statement - PreSaveFile = new java.io.File(((pathPrefix + java.lang.Integer.toString(counter)) + .png)): null

2018-12-05 12:27:06 - [TEST_STEP][PASSED] - Statement - counter = counter + 1: null

2018-12-05 12:27:07 - [TEST_STEP][PASSED] - Statement - PreSaveFile = new java.io.File(((pathPrefix + java.lang.Integer.toString(counter)) + .png)): null

2018-12-05 12:27:07 - [TEST_STEP][PASSED] - Statement - counter = counter + 1: null

2018-12-05 12:27:07 - [TEST_STEP][PASSED] - Statement - PreSaveFile = new java.io.File(((pathPrefix + java.lang.Integer.toString(counter)) + .png)): null

2018-12-05 12:27:07 - [TEST_STEP][PASSED] - Statement - counter = counter + 1: null

2018-12-05 12:27:07 - [TEST_STEP][PASSED] - Statement - PreSaveFile = new java.io.File(((pathPrefix + java.lang.Integer.toString(counter)) + .png)): null

2018-12-05 12:27:07 - [TEST_STEP][PASSED] - Statement - counter = counter + 1: null

2018-12-05 12:27:07 - [TEST_STEP][PASSED] - Statement - PreSaveFile = new java.io.File(((pathPrefix + java.lang.Integer.toString(counter)) + .png)): null

2018-12-05 12:27:07 - [TEST_STEP][PASSED] - Statement - counter = counter + 1: null

2018-12-05 12:27:07 - [TEST_STEP][PASSED] - Statement - PreSaveFile = new java.io.File(((pathPrefix + java.lang.Integer.toString(counter)) + .png)): null

2018-12-05 12:27:07 - [TEST_STEP][PASSED] - Statement - counter = counter + 1: null

2018-12-05 12:27:07 - [TEST_STEP][PASSED] - Statement - PreSaveFile = new java.io.File(((pathPrefix + java.lang.Integer.toString(counter)) + .png)): null

2018-12-05 12:27:07 - [TEST_STEP][PASSED] - Statement - counter = counter + 1: null

2018-12-05 12:27:07 - [TEST_STEP][PASSED] - Statement - PreSaveFile = new java.io.File(((pathPrefix + java.lang.Integer.toString(counter)) + .png)): null

2018-12-05 12:27:07 - [TEST_STEP][PASSED] - Statement - counter = counter + 1: null

2018-12-05 12:27:07 - [TEST_STEP][PASSED] - Statement - PreSaveFile = new java.io.File(((pathPrefix + java.lang.Integer.toString(counter)) + .png)): null

2018-12-05 12:27:07 - [TEST_STEP][PASSED] - Statement - counter = counter + 1: null

2018-12-05 12:27:07 - [TEST_STEP][PASSED] - Statement - PreSaveFile = new java.io.File(((pathPrefix + java.lang.Integer.toString(counter)) + .png)): null

2018-12-05 12:27:07 - [TEST_STEP][PASSED] - Statement - counter = counter + 1: null

2018-12-05 12:27:07 - [TEST_STEP][PASSED] - Statement - PreSaveFile = new java.io.File(((pathPrefix + java.lang.Integer.toString(counter)) + .png)): null

2018-12-05 12:27:07 - [TEST_STEP][PASSED] - Statement - counter = counter + 1: null

2018-12-05 12:27:07 - [TEST_STEP][PASSED] - Statement - PreSaveFile = new java.io.File(((pathPrefix + java.lang.Integer.toString(counter)) + .png)): null

2018-12-05 12:27:07 - [TEST_STEP][PASSED] - Statement - counter = counter + 1: null

2018-12-05 12:27:07 - [TEST_STEP][PASSED] - Statement - PreSaveFile = new java.io.File(((pathPrefix + java.lang.Integer.toString(counter)) + .png)): null

2018-12-05 12:27:07 - [TEST_STEP][PASSED] - Statement - counter = counter + 1: null

2018-12-05 12:27:07 - [TEST_STEP][PASSED] - Statement - PreSaveFile = new java.io.File(((pathPrefix + java.lang.Integer.toString(counter)) + .png)): null

2018-12-05 12:27:07 - [TEST_STEP][PASSED] - Statement - counter = counter + 1: null

2018-12-05 12:27:07 - [TEST_STEP][PASSED] - Statement - PreSaveFile = new java.io.File(((pathPrefix + java.lang.Integer.toString(counter)) + .png)): null

2018-12-05 12:27:07 - [TEST_STEP][PASSED] - Statement - counter = counter + 1: null

2018-12-05 12:27:08 - [TEST_STEP][PASSED] - Statement - PreSaveFile = new java.io.File(((pathPrefix + java.lang.Integer.toString(counter)) + .png)): null

2018-12-05 12:27:08 - [TEST_STEP][PASSED] - Statement - counter = counter + 1: null

2018-12-05 12:27:08 - [TEST_STEP][PASSED] - Statement - PreSaveFile = new java.io.File(((pathPrefix + java.lang.Integer.toString(counter)) + .png)): null

2018-12-05 12:27:08 - [TEST_STEP][PASSED] - Statement - counter = counter + 1: null

2018-12-05 12:27:08 - [TEST_STEP][PASSED] - Statement - PreSaveFile = new java.io.File(((pathPrefix + java.lang.Integer.toString(counter)) + .png)): null

2018-12-05 12:27:08 - [TEST_STEP][PASSED] - Statement - counter = counter + 1: null

2018-12-05 12:27:08 - [TEST_STEP][PASSED] - Statement - PreSaveFile = new java.io.File(((pathPrefix + java.lang.Integer.toString(counter)) + .png)): null

2018-12-05 12:27:08 - [TEST_STEP][PASSED] - Statement - counter = counter + 1: null

2018-12-05 12:27:08 - [TEST_STEP][PASSED] - Statement - PreSaveFile = new java.io.File(((pathPrefix + java.lang.Integer.toString(counter)) + .png)): null

2018-12-05 12:27:08 - [TEST_STEP][PASSED] - Statement - counter = counter + 1: null

2018-12-05 12:27:08 - [TEST_STEP][PASSED] - Statement - PreSaveFile = new java.io.File(((pathPrefix + java.lang.Integer.toString(counter)) + .png)): null

2018-12-05 12:27:08 - [TEST_STEP][PASSED] - Statement - counter = counter + 1: null

2018-12-05 12:27:08 - [TEST_STEP][PASSED] - Statement - PreSaveFile = new java.io.File(((pathPrefix + java.lang.Integer.toString(counter)) + .png)): null

2018-12-05 12:27:08 - [TEST_STEP][PASSED] - Statement - counter = counter + 1: null

2018-12-05 12:27:08 - [TEST_STEP][PASSED] - Statement - PreSaveFile = new java.io.File(((pathPrefix + java.lang.Integer.toString(counter)) + .png)): null

2018-12-05 12:27:08 - [TEST_STEP][PASSED] - Statement - counter = counter + 1: null

2018-12-05 12:27:08 - [TEST_STEP][PASSED] - Statement - PreSaveFile = new java.io.File(((pathPrefix + java.lang.Integer.toString(counter)) + .png)): null

2018-12-05 12:27:08 - [TEST_STEP][PASSED] - Statement - counter = counter + 1: null

2018-12-05 12:27:08 - [TEST_STEP][PASSED] - Statement - PreSaveFile = new java.io.File(((pathPrefix + java.lang.Integer.toString(counter)) + .png)): null

2018-12-05 12:27:08 - [TEST_STEP][PASSED] - Statement - counter = counter + 1: null

2018-12-05 12:27:08 - [TEST_STEP][PASSED] - Statement - PreSaveFile = new java.io.File(((pathPrefix + java.lang.Integer.toString(counter)) + .png)): null

2018-12-05 12:27:08 - [TEST_STEP][PASSED] - Statement - counter = counter + 1: null

2018-12-05 12:27:08 - [TEST_STEP][PASSED] - Statement - PreSaveFile = new java.io.File(((pathPrefix + java.lang.Integer.toString(counter)) + .png)): null

2018-12-05 12:27:08 - [TEST_STEP][PASSED] - Statement - counter = counter + 1: null

2018-12-05 12:27:08 - [TEST_STEP][PASSED] - Statement - PreSaveFile = new java.io.File(((pathPrefix + java.lang.Integer.toString(counter)) + .png)): null

2018-12-05 12:27:08 - [TEST_STEP][PASSED] - Statement - counter = counter + 1: null

2018-12-05 12:27:08 - [TEST_STEP][PASSED] - Statement - PreSaveFile = new java.io.File(((pathPrefix + java.lang.Integer.toString(counter)) + .png)): null

2018-12-05 12:27:08 - [TEST_STEP][PASSED] - Statement - counter = counter + 1: null

2018-12-05 12:27:08 - [TEST_STEP][PASSED] - Statement - PreSaveFile = new java.io.File(((pathPrefix + java.lang.Integer.toString(counter)) + .png)): null

2018-12-05 12:27:09 - [TEST_STEP][PASSED] - Statement - counter = counter + 1: null

2018-12-05 12:27:09 - [TEST_STEP][PASSED] - Statement - PreSaveFile = new java.io.File(((pathPrefix + java.lang.Integer.toString(counter)) + .png)): null

2018-12-05 12:27:09 - [TEST_STEP][PASSED] - Statement - counter = counter + 1: null

2018-12-05 12:27:09 - [TEST_STEP][PASSED] - Statement - PreSaveFile = new java.io.File(((pathPrefix + java.lang.Integer.toString(counter)) + .png)): null

2018-12-05 12:27:09 - [TEST_STEP][PASSED] - Statement - counter = counter + 1: null

2018-12-05 12:27:09 - [TEST_STEP][PASSED] - Statement - PreSaveFile = new java.io.File(((pathPrefix + java.lang.Integer.toString(counter)) + .png)): null

2018-12-05 12:27:09 - [TEST_STEP][PASSED] - Statement - counter = counter + 1: null

2018-12-05 12:27:09 - [TEST_STEP][PASSED] - Statement - PreSaveFile = new java.io.File(((pathPrefix + java.lang.Integer.toString(counter)) + .png)): null

2018-12-05 12:27:09 - [TEST_STEP][PASSED] - Statement - counter = counter + 1: null

2018-12-05 12:27:09 - [TEST_STEP][PASSED] - Statement - PreSaveFile = new java.io.File(((pathPrefix + java.lang.Integer.toString(counter)) + .png)): null

2018-12-05 12:27:09 - [TEST_STEP][PASSED] - Statement - counter = counter + 1: null

2018-12-05 12:27:09 - [TEST_STEP][PASSED] - Statement - PreSaveFile = new java.io.File(((pathPrefix + java.lang.Integer.toString(counter)) + .png)): null

2018-12-05 12:27:09 - [TEST_STEP][PASSED] - Statement - counter = counter + 1: null

2018-12-05 12:27:09 - [TEST_STEP][PASSED] - Statement - PreSaveFile = new java.io.File(((pathPrefix + java.lang.Integer.toString(counter)) + .png)): null

2018-12-05 12:27:09 - [TEST_STEP][PASSED] - Statement - counter = counter + 1: null

2018-12-05 12:27:09 - [TEST_STEP][PASSED] - Statement - PreSaveFile = new java.io.File(((pathPrefix + java.lang.Integer.toString(counter)) + .png)): null

2018-12-05 12:27:09 - [TEST_STEP][PASSED] - Statement - counter = counter + 1: null

2018-12-05 12:27:09 - [TEST_STEP][PASSED] - Statement - PreSaveFile = new java.io.File(((pathPrefix + java.lang.Integer.toString(counter)) + .png)): null

2018-12-05 12:27:09 - [TEST_STEP][PASSED] - Statement - counter = counter + 1: null

2018-12-05 12:27:09 - [TEST_STEP][PASSED] - Statement - PreSaveFile = new java.io.File(((pathPrefix + java.lang.Integer.toString(counter)) + .png)): null

2018-12-05 12:27:09 - [TEST_STEP][PASSED] - Statement - counter = counter + 1: null

2018-12-05 12:27:09 - [TEST_STEP][PASSED] - Statement - PreSaveFile = new java.io.File(((pathPrefix + java.lang.Integer.toString(counter)) + .png)): null

2018-12-05 12:27:09 - [TEST_STEP][PASSED] - Statement - counter = counter + 1: null

2018-12-05 12:27:09 - [TEST_STEP][PASSED] - Statement - PreSaveFile = new java.io.File(((pathPrefix + java.lang.Integer.toString(counter)) + .png)): null

2018-12-05 12:27:09 - [TEST_STEP][PASSED] - Statement - counter = counter + 1: null

2018-12-05 12:27:09 - [TEST_STEP][PASSED] - Statement - PreSaveFile = new java.io.File(((pathPrefix + java.lang.Integer.toString(counter)) + .png)): null

2018-12-05 12:27:09 - [TEST_STEP][PASSED] - Statement - counter = counter + 1: null

2018-12-05 12:27:09 - [TEST_STEP][PASSED] - Statement - PreSaveFile = new java.io.File(((pathPrefix + java.lang.Integer.toString(counter)) + .png)): null

2018-12-05 12:27:09 - [TEST_STEP][PASSED] - Statement - counter = counter + 1: null

2018-12-05 12:27:10 - [TEST_STEP][PASSED] - Statement - PreSaveFile = new java.io.File(((pathPrefix + java.lang.Integer.toString(counter)) + .png)): null

2018-12-05 12:27:10 - [TEST_STEP][PASSED] - Statement - counter = counter + 1: null

2018-12-05 12:27:10 - [TEST_STEP][PASSED] - Statement - PreSaveFile = new java.io.File(((pathPrefix + java.lang.Integer.toString(counter)) + .png)): null

2018-12-05 12:27:10 - [TEST_STEP][PASSED] - Statement - counter = counter + 1: null

2018-12-05 12:27:10 - [TEST_STEP][PASSED] - Statement - PreSaveFile = new java.io.File(((pathPrefix + java.lang.Integer.toString(counter)) + .png)): null

2018-12-05 12:27:10 - [TEST_STEP][PASSED] - Statement - counter = counter + 1: null

2018-12-05 12:27:10 - [TEST_STEP][PASSED] - Statement - PreSaveFile = new java.io.File(((pathPrefix + java.lang.Integer.toString(counter)) + .png)): null

2018-12-05 12:27:10 - [TEST_STEP][PASSED] - Statement - counter = counter + 1: null

2018-12-05 12:27:10 - [TEST_STEP][PASSED] - Statement - PreSaveFile = new java.io.File(((pathPrefix + java.lang.Integer.toString(counter)) + .png)): null

2018-12-05 12:27:10 - [TEST_STEP][PASSED] - Statement - counter = counter + 1: null

2018-12-05 12:27:10 - [TEST_STEP][PASSED] - Statement - PreSaveFile = new java.io.File(((pathPrefix + java.lang.Integer.toString(counter)) + .png)): null

2018-12-05 12:27:10 - [TEST_STEP][PASSED] - Statement - counter = counter + 1: null

2018-12-05 12:27:10 - [TEST_STEP][PASSED] - Statement - PreSaveFile = new java.io.File(((pathPrefix + java.lang.Integer.toString(counter)) + .png)): null

2018-12-05 12:27:10 - [TEST_STEP][PASSED] - Statement - counter = counter + 1: null

2018-12-05 12:27:10 - [TEST_STEP][PASSED] - Statement - PreSaveFile = new java.io.File(((pathPrefix + java.lang.Integer.toString(counter)) + .png)): null

2018-12-05 12:27:10 - [TEST_STEP][PASSED] - Statement - counter = counter + 1: null

2018-12-05 12:27:10 - [TEST_STEP][PASSED] - Statement - PreSaveFile = new java.io.File(((pathPrefix + java.lang.Integer.toString(counter)) + .png)): null

2018-12-05 12:27:10 - [TEST_STEP][PASSED] - Statement - counter = counter + 1: null

2018-12-05 12:27:10 - [TEST_STEP][PASSED] - Statement - PreSaveFile = new java.io.File(((pathPrefix + java.lang.Integer.toString(counter)) + .png)): null

2018-12-05 12:27:10 - [TEST_STEP][PASSED] - Statement - counter = counter + 1: null

2018-12-05 12:27:10 - [TEST_STEP][PASSED] - Statement - PreSaveFile = new java.io.File(((pathPrefix + java.lang.Integer.toString(counter)) + .png)): null

2018-12-05 12:27:10 - [TEST_STEP][PASSED] - Statement - counter = counter + 1: null

2018-12-05 12:27:10 - [TEST_STEP][PASSED] - Statement - PreSaveFile = new java.io.File(((pathPrefix + java.lang.Integer.toString(counter)) + .png)): null

2018-12-05 12:27:10 - [TEST_STEP][PASSED] - Statement - counter = counter + 1: null

2018-12-05 12:27:10 - [TEST_STEP][PASSED] - Statement - PreSaveFile = new java.io.File(((pathPrefix + java.lang.Integer.toString(counter)) + .png)): null

2018-12-05 12:27:10 - [TEST_STEP][PASSED] - Statement - counter = counter + 1: null

2018-12-05 12:27:10 - [TEST_STEP][PASSED] - Statement - PreSaveFile = new java.io.File(((pathPrefix + java.lang.Integer.toString(counter)) + .png)): null

2018-12-05 12:27:10 - [TEST_STEP][PASSED] - Statement - counter = counter + 1: null

2018-12-05 12:27:11 - [TEST_STEP][PASSED] - Statement - PreSaveFile = new java.io.File(((pathPrefix + java.lang.Integer.toString(counter)) + .png)): null

2018-12-05 12:27:11 - [TEST_STEP][PASSED] - Statement - counter = counter + 1: null

2018-12-05 12:27:11 - [TEST_STEP][PASSED] - Statement - PreSaveFile = new java.io.File(((pathPrefix + java.lang.Integer.toString(counter)) + .png)): null

2018-12-05 12:27:11 - [TEST_STEP][PASSED] - Statement - counter = counter + 1: null

2018-12-05 12:27:11 - [TEST_STEP][PASSED] - Statement - PreSaveFile = new java.io.File(((pathPrefix + java.lang.Integer.toString(counter)) + .png)): null

2018-12-05 12:27:11 - [TEST_STEP][PASSED] - Statement - counter = counter + 1: null

2018-12-05 12:27:11 - [TEST_STEP][PASSED] - Statement - PreSaveFile = new java.io.File(((pathPrefix + java.lang.Integer.toString(counter)) + .png)): null

2018-12-05 12:27:11 - [TEST_STEP][PASSED] - Statement - counter = counter + 1: null

2018-12-05 12:27:11 - [TEST_STEP][PASSED] - Statement - PreSaveFile = new java.io.File(((pathPrefix + java.lang.Integer.toString(counter)) + .png)): null

2018-12-05 12:27:11 - [TEST_STEP][PASSED] - Statement - counter = counter + 1: null

2018-12-05 12:27:11 - [TEST_STEP][PASSED] - Statement - PreSaveFile = new java.io.File(((pathPrefix + java.lang.Integer.toString(counter)) + .png)): null

2018-12-05 12:27:11 - [TEST_STEP][PASSED] - Statement - counter = counter + 1: null

2018-12-05 12:27:11 - [TEST_STEP][PASSED] - Statement - PreSaveFile = new java.io.File(((pathPrefix + java.lang.Integer.toString(counter)) + .png)): null

2018-12-05 12:27:11 - [TEST_STEP][PASSED] - Statement - counter = counter + 1: null

2018-12-05 12:27:11 - [TEST_STEP][PASSED] - Statement - PreSaveFile = new java.io.File(((pathPrefix + java.lang.Integer.toString(counter)) + .png)): null

2018-12-05 12:27:11 - [TEST_STEP][PASSED] - Statement - counter = counter + 1: null

2018-12-05 12:27:11 - [TEST_STEP][PASSED] - Statement - PreSaveFile = new java.io.File(((pathPrefix + java.lang.Integer.toString(counter)) + .png)): null

2018-12-05 12:27:11 - [TEST_STEP][PASSED] - Statement - counter = counter + 1: null

2018-12-05 12:27:11 - [TEST_STEP][PASSED] - Statement - PreSaveFile = new java.io.File(((pathPrefix + java.lang.Integer.toString(counter)) + .png)): null

2018-12-05 12:27:11 - [TEST_STEP][PASSED] - Statement - counter = counter + 1: null

2018-12-05 12:27:11 - [TEST_STEP][PASSED] - Statement - PreSaveFile = new java.io.File(((pathPrefix + java.lang.Integer.toString(counter)) + .png)): null

2018-12-05 12:27:11 - [TEST_STEP][PASSED] - Statement - counter = counter + 1: null

2018-12-05 12:27:11 - [TEST_STEP][PASSED] - Statement - PreSaveFile = new java.io.File(((pathPrefix + java.lang.Integer.toString(counter)) + .png)): null

2018-12-05 12:27:11 - [TEST_STEP][PASSED] - Statement - counter = counter + 1: null

2018-12-05 12:27:11 - [TEST_STEP][PASSED] - Statement - PreSaveFile = new java.io.File(((pathPrefix + java.lang.Integer.toString(counter)) + .png)): null

2018-12-05 12:27:11 - [TEST_STEP][PASSED] - Statement - counter = counter + 1: null

2018-12-05 12:27:11 - [TEST_STEP][PASSED] - Statement - PreSaveFile = new java.io.File(((pathPrefix + java.lang.Integer.toString(counter)) + .png)): null

2018-12-05 12:27:11 - [TEST_STEP][PASSED] - Statement - counter = counter + 1: null

2018-12-05 12:27:11 - [TEST_STEP][PASSED] - Statement - PreSaveFile = new java.io.File(((pathPrefix + java.lang.Integer.toString(counter)) + .png)): null

2018-12-05 12:27:12 - [TEST_STEP][PASSED] - Statement - counter = counter + 1: null

2018-12-05 12:27:12 - [TEST_STEP][PASSED] - Statement - PreSaveFile = new java.io.File(((pathPrefix + java.lang.Integer.toString(counter)) + .png)): null

2018-12-05 12:27:12 - [TEST_STEP][PASSED] - Statement - counter = counter + 1: null

2018-12-05 12:27:12 - [TEST_STEP][PASSED] - Statement - PreSaveFile = new java.io.File(((pathPrefix + java.lang.Integer.toString(counter)) + .png)): null

2018-12-05 12:27:12 - [TEST_STEP][PASSED] - Statement - counter = counter + 1: null

2018-12-05 12:27:12 - [TEST_STEP][PASSED] - Statement - PreSaveFile = new java.io.File(((pathPrefix + java.lang.Integer.toString(counter)) + .png)): null

2018-12-05 12:27:12 - [TEST_STEP][PASSED] - Statement - counter = counter + 1: null

2018-12-05 12:27:12 - [TEST_STEP][PASSED] - Statement - PreSaveFile = new java.io.File(((pathPrefix + java.lang.Integer.toString(counter)) + .png)): null

2018-12-05 12:27:12 - [TEST_STEP][PASSED] - Statement - counter = counter + 1: null

2018-12-05 12:27:12 - [TEST_STEP][PASSED] - Statement - PreSaveFile = new java.io.File(((pathPrefix + java.lang.Integer.toString(counter)) + .png)): null

2018-12-05 12:27:12 - [TEST_STEP][PASSED] - Statement - counter = counter + 1: null

2018-12-05 12:27:12 - [TEST_STEP][PASSED] - Statement - PreSaveFile = new java.io.File(((pathPrefix + java.lang.Integer.toString(counter)) + .png)): null

2018-12-05 12:27:12 - [TEST_STEP][PASSED] - Statement - counter = counter + 1: null

2018-12-05 12:27:12 - [TEST_STEP][PASSED] - Statement - PreSaveFile = new java.io.File(((pathPrefix + java.lang.Integer.toString(counter)) + .png)): null

2018-12-05 12:27:12 - [TEST_STEP][PASSED] - Statement - counter = counter + 1: null

2018-12-05 12:27:12 - [TEST_STEP][PASSED] - Statement - PreSaveFile = new java.io.File(((pathPrefix + java.lang.Integer.toString(counter)) + .png)): null

2018-12-05 12:27:12 - [TEST_STEP][PASSED] - Statement - counter = counter + 1: null

2018-12-05 12:27:12 - [TEST_STEP][PASSED] - Statement - PreSaveFile = new java.io.File(((pathPrefix + java.lang.Integer.toString(counter)) + .png)): null

2018-12-05 12:27:12 - [TEST_STEP][PASSED] - Statement - counter = counter + 1: null

2018-12-05 12:27:12 - [TEST_STEP][PASSED] - Statement - PreSaveFile = new java.io.File(((pathPrefix + java.lang.Integer.toString(counter)) + .png)): null

2018-12-05 12:27:12 - [TEST_STEP][PASSED] - Statement - counter = counter + 1: null

2018-12-05 12:27:12 - [TEST_STEP][PASSED] - Statement - PreSaveFile = new java.io.File(((pathPrefix + java.lang.Integer.toString(counter)) + .png)): null

2018-12-05 12:27:12 - [TEST_STEP][PASSED] - Statement - counter = counter + 1: null

2018-12-05 12:27:12 - [TEST_STEP][PASSED] - Statement - PreSaveFile = new java.io.File(((pathPrefix + java.lang.Integer.toString(counter)) + .png)): null

2018-12-05 12:27:12 - [TEST_STEP][PASSED] - Statement - counter = counter + 1: null

2018-12-05 12:27:12 - [TEST_STEP][PASSED] - Statement - PreSaveFile = new java.io.File(((pathPrefix + java.lang.Integer.toString(counter)) + .png)): null

2018-12-05 12:27:12 - [TEST_STEP][PASSED] - Statement - counter = counter + 1: null

2018-12-05 12:27:12 - [TEST_STEP][PASSED] - Statement - PreSaveFile = new java.io.File(((pathPrefix + java.lang.Integer.toString(counter)) + .png)): null

2018-12-05 12:27:12 - [TEST_STEP][PASSED] - Statement - counter = counter + 1: null

2018-12-05 12:27:12 - [TEST_STEP][PASSED] - Statement - PreSaveFile = new java.io.File(((pathPrefix + java.lang.Integer.toString(counter)) + .png)): null

2018-12-05 12:27:12 - [TEST_STEP][PASSED] - Statement - counter = counter + 1: null

2018-12-05 12:27:12 - [TEST_STEP][PASSED] - Statement - PreSaveFile = new java.io.File(((pathPrefix + java.lang.Integer.toString(counter)) + .png)): null

2018-12-05 12:27:12 - [TEST_STEP][PASSED] - Statement - counter = counter + 1: null

2018-12-05 12:27:12 - [TEST_STEP][PASSED] - Statement - PreSaveFile = new java.io.File(((pathPrefix + java.lang.Integer.toString(counter)) + .png)): null

2018-12-05 12:27:12 - [TEST_STEP][PASSED] - Statement - counter = counter + 1: null

2018-12-05 12:27:12 - [TEST_STEP][PASSED] - Statement - PreSaveFile = new java.io.File(((pathPrefix + java.lang.Integer.toString(counter)) + .png)): null

2018-12-05 12:27:12 - [TEST_STEP][PASSED] - Statement - counter = counter + 1: null

2018-12-05 12:27:12 - [TEST_STEP][PASSED] - Statement - PreSaveFile = new java.io.File(((pathPrefix + java.lang.Integer.toString(counter)) + .png)): null

2018-12-05 12:27:12 - [TEST_STEP][PASSED] - Statement - counter = counter + 1: null

2018-12-05 12:27:13 - [TEST_STEP][PASSED] - Statement - PreSaveFile = new java.io.File(((pathPrefix + java.lang.Integer.toString(counter)) + .png)): null

2018-12-05 12:27:13 - [TEST_STEP][PASSED] - Statement - counter = counter + 1: null

2018-12-05 12:27:13 - [TEST_STEP][PASSED] - Statement - PreSaveFile = new java.io.File(((pathPrefix + java.lang.Integer.toString(counter)) + .png)): null

2018-12-05 12:27:13 - [TEST_STEP][PASSED] - Statement - counter = counter + 1: null

2018-12-05 12:27:13 - [TEST_STEP][PASSED] - Statement - PreSaveFile = new java.io.File(((pathPrefix + java.lang.Integer.toString(counter)) + .png)): null

2018-12-05 12:27:13 - [TEST_STEP][PASSED] - Statement - counter = counter + 1: null

2018-12-05 12:27:13 - [TEST_STEP][PASSED] - Statement - PreSaveFile = new java.io.File(((pathPrefix + java.lang.Integer.toString(counter)) + .png)): null

2018-12-05 12:27:13 - [TEST_STEP][PASSED] - Statement - counter = counter + 1: null

2018-12-05 12:27:13 - [TEST_STEP][PASSED] - Statement - PreSaveFile = new java.io.File(((pathPrefix + java.lang.Integer.toString(counter)) + .png)): null

2018-12-05 12:27:13 - [TEST_STEP][PASSED] - Statement - counter = counter + 1: null

2018-12-05 12:27:13 - [TEST_STEP][PASSED] - Statement - PreSaveFile = new java.io.File(((pathPrefix + java.lang.Integer.toString(counter)) + .png)): null

2018-12-05 12:27:13 - [TEST_STEP][PASSED] - Statement - counter = counter + 1: null

2018-12-05 12:27:13 - [TEST_STEP][PASSED] - Statement - PreSaveFile = new java.io.File(((pathPrefix + java.lang.Integer.toString(counter)) + .png)): null

2018-12-05 12:27:13 - [TEST_STEP][PASSED] - Statement - counter = counter + 1: null

2018-12-05 12:27:13 - [TEST_STEP][PASSED] - Statement - PreSaveFile = new java.io.File(((pathPrefix + java.lang.Integer.toString(counter)) + .png)): null

2018-12-05 12:27:13 - [TEST_STEP][PASSED] - Statement - counter = counter + 1: null

2018-12-05 12:27:13 - [TEST_STEP][PASSED] - Statement - PreSaveFile = new java.io.File(((pathPrefix + java.lang.Integer.toString(counter)) + .png)): null

2018-12-05 12:27:13 - [TEST_STEP][PASSED] - Statement - counter = counter + 1: null

2018-12-05 12:27:13 - [TEST_STEP][PASSED] - Statement - PreSaveFile = new java.io.File(((pathPrefix + java.lang.Integer.toString(counter)) + .png)): null

2018-12-05 12:27:13 - [TEST_STEP][PASSED] - Statement - counter = counter + 1: null

2018-12-05 12:27:13 - [TEST_STEP][PASSED] - Statement - PreSaveFile = new java.io.File(((pathPrefix + java.lang.Integer.toString(counter)) + .png)): null

2018-12-05 12:27:13 - [TEST_STEP][PASSED] - Statement - counter = counter + 1: null

2018-12-05 12:27:13 - [TEST_STEP][PASSED] - Statement - PreSaveFile = new java.io.File(((pathPrefix + java.lang.Integer.toString(counter)) + .png)): null

2018-12-05 12:27:13 - [TEST_STEP][PASSED] - Statement - counter = counter + 1: null

2018-12-05 12:27:13 - [TEST_STEP][PASSED] - Statement - PreSaveFile = new java.io.File(((pathPrefix + java.lang.Integer.toString(counter)) + .png)): null

2018-12-05 12:27:13 - [TEST_STEP][PASSED] - Statement - counter = counter + 1: null

2018-12-05 12:27:13 - [TEST_STEP][PASSED] - Statement - PreSaveFile = new java.io.File(((pathPrefix + java.lang.Integer.toString(counter)) + .png)): null

2018-12-05 12:27:13 - [TEST_STEP][PASSED] - Statement - counter = counter + 1: null

2018-12-05 12:27:14 - [TEST_STEP][PASSED] - Statement - PreSaveFile = new java.io.File(((pathPrefix + java.lang.Integer.toString(counter)) + .png)): null

2018-12-05 12:27:14 - [TEST_STEP][PASSED] - Statement - counter = counter + 1: null

2018-12-05 12:27:14 - [TEST_STEP][PASSED] - Statement - PreSaveFile = new java.io.File(((pathPrefix + java.lang.Integer.toString(counter)) + .png)): null

2018-12-05 12:27:14 - [TEST_STEP][PASSED] - Statement - counter = counter + 1: null

2018-12-05 12:27:14 - [TEST_STEP][PASSED] - Statement - PreSaveFile = new java.io.File(((pathPrefix + java.lang.Integer.toString(counter)) + .png)): null

2018-12-05 12:27:14 - [TEST_STEP][PASSED] - Statement - counter = counter + 1: null

2018-12-05 12:27:14 - [TEST_STEP][PASSED] - Statement - PreSaveFile = new java.io.File(((pathPrefix + java.lang.Integer.toString(counter)) + .png)): null

2018-12-05 12:27:14 - [TEST_STEP][PASSED] - Statement - counter = counter + 1: null

2018-12-05 12:27:14 - [TEST_STEP][PASSED] - Statement - PreSaveFile = new java.io.File(((pathPrefix + java.lang.Integer.toString(counter)) + .png)): null

2018-12-05 12:27:14 - [TEST_STEP][PASSED] - Statement - counter = counter + 1: null

2018-12-05 12:27:14 - [TEST_STEP][PASSED] - Statement - PreSaveFile = new java.io.File(((pathPrefix + java.lang.Integer.toString(counter)) + .png)): null

2018-12-05 12:27:14 - [TEST_STEP][PASSED] - Statement - counter = counter + 1: null

2018-12-05 12:27:14 - [TEST_STEP][PASSED] - Statement - PreSaveFile = new java.io.File(((pathPrefix + java.lang.Integer.toString(counter)) + .png)): null

2018-12-05 12:27:14 - [TEST_STEP][PASSED] - Statement - counter = counter + 1: null

2018-12-05 12:27:14 - [TEST_STEP][PASSED] - Statement - PreSaveFile = new java.io.File(((pathPrefix + java.lang.Integer.toString(counter)) + .png)): null

2018-12-05 12:27:14 - [TEST_STEP][PASSED] - Statement - counter = counter + 1: null

2018-12-05 12:27:14 - [TEST_STEP][PASSED] - Statement - PreSaveFile = new java.io.File(((pathPrefix + java.lang.Integer.toString(counter)) + .png)): null

2018-12-05 12:27:14 - [TEST_STEP][PASSED] - Statement - counter = counter + 1: null

2018-12-05 12:27:14 - [TEST_STEP][PASSED] - Statement - PreSaveFile = new java.io.File(((pathPrefix + java.lang.Integer.toString(counter)) + .png)): null

2018-12-05 12:27:14 - [TEST_STEP][PASSED] - Statement - counter = counter + 1: null

2018-12-05 12:27:14 - [TEST_STEP][PASSED] - Statement - PreSaveFile = new java.io.File(((pathPrefix + java.lang.Integer.toString(counter)) + .png)): null

2018-12-05 12:27:14 - [TEST_STEP][PASSED] - Statement - finalPath = pathPrefix + java.lang.Integer.toString(counter) + ".png": null

2018-12-05 12:27:14 - [TEST_STEP][PASSED] - Statement - SaveFile = new java.io.File(finalPath): null

2018-12-05 12:27:14 - [TEST_STEP][PASSED] - Statement - Try: null

2018-12-05 12:27:14 - [TEST_STEP][PASSED] - Statement - org.apache.commons.io.FileUtils.copyFile(scrFile, SaveFile): null

2018-12-05 12:27:14 - [TEST_STEP][PASSED] - Statement - out.println("file kept"): null

2018-12-05 12:27:14 - [TEST_STEP][PASSED] - delay: Delayed 10 second(s)

2018-12-05 12:27:24 - [MESSAGE][PASSED] - Delayed 10 second(s)

2018-12-05 12:27:24 - [MESSAGE][PASSED] - Call Test Case 'Test Cases/Final Aug 2018 - PKS Automation/Registration Module/New Registration/Submit and Screenshot/Submit Registration and Screenshot' successfully

2018-12-05 12:27:24 - [TEST_STEP][PASSED] - callTestCase: Call Test Case 'Test Cases/Final Aug 2018 - PKS Automation/Registration Module/Log Out/log out avoiding katalon tagging' successfully

2018-12-05 12:27:24 - [TEST_CASE][PASSED] - Test Cases/Final Aug 2018 - PKS Automation/Registration Module/Log Out/log out avoiding katalon tagging: Test Cases/Final Aug 2018 - PKS Automation/Registration Module/Log Out/log out avoiding katalon tagging

2018-12-05 12:27:24 - [TEST_STEP][PASSED] - navigateToUrl: Navigate to 'https://assist2-uat.perkeso.gov.my/c/portal/logout' successfully

2018-12-05 12:27:25 - [MESSAGE][PASSED] - Navigate to 'https://assist2-uat.perkeso.gov.my/c/portal/logout' successfully

2018-12-05 12:27:25 - [MESSAGE][PASSED] - Call Test Case 'Test Cases/Final Aug 2018 - PKS Automation/Registration Module/Log Out/log out avoiding katalon tagging' successfully]]></system-out>
         <system-err><![CDATA[]]></system-err>
      </testcase>
      <testcase name="Test Cases/Final Aug 2018 - PKS Automation/Registration Module/Workflow/New Registration/OTC - PKR BO - RO Query (Routed 2 Time)" classname="Test Cases/Final Aug 2018 - PKS Automation/Registration Module/Workflow/New Registration/OTC - PKR BO - RO Query (Routed 2 Time)" status="PASSED">
         <system-out><![CDATA[2018-12-05 12:27:25 - [TEST_CASE][PASSED] - Test Cases/Final Aug 2018 - PKS Automation/Registration Module/Workflow/New Registration/OTC - PKR BO - RO Query (Routed 2 Time): Test Cases/Final Aug 2018 - PKS Automation/Registration Module/Workflow/New Registration/OTC - PKR BO - RO Query (Routed 2 Time)

2018-12-05 12:27:26 - [TEST_STEP][PASSED] - callTestCase: Call Test Case 'Test Cases/Final Aug 2018 - PKS Automation/Registration Module/Workflow/New Registration/Template/Special Case - OTC - Form 1' successfully

2018-12-05 12:27:26 - [TEST_CASE][PASSED] - Test Cases/Final Aug 2018 - PKS Automation/Registration Module/Workflow/New Registration/Template/Special Case - OTC - Form 1: Test Cases/Final Aug 2018 - PKS Automation/Registration Module/Workflow/New Registration/Template/Special Case - OTC - Form 1

2018-12-05 12:27:26 - [TEST_STEP][PASSED] - openBrowser: Browser is opened with url: ''

2018-12-05 12:27:26 - [MESSAGE][WARNING] - A browser is already opened. Closing browser and opening a new one

2018-12-05 12:27:29 - [MESSAGE][PASSED] - Browser is opened with url: ''

2018-12-05 12:27:29 - [TEST_STEP][PASSED] - navigateToUrl: Navigate to 'https://assist2-uat.perkeso.gov.my/login' successfully

2018-12-05 12:27:30 - [MESSAGE][PASSED] - Navigate to 'https://assist2-uat.perkeso.gov.my/login' successfully

2018-12-05 12:27:30 - [TEST_STEP][PASSED] - delay: Delayed 2 second(s)

2018-12-05 12:27:32 - [MESSAGE][PASSED] - Delayed 2 second(s)

2018-12-05 12:27:32 - [TEST_STEP][PASSED] - setText: Text 'klotc2@gmail.com' is set on object 'Object Repository/Final Object Repo/Login Page/Internal User/Email Address'

2018-12-05 12:27:32 - [MESSAGE][PASSED] - Text 'klotc2@gmail.com' is set on object 'Object Repository/Final Object Repo/Login Page/Internal User/Email Address'

2018-12-05 12:27:32 - [TEST_STEP][PASSED] - click: Object: 'Object Repository/Final Object Repo/Login Page/Internal User/Next Button' is clicked on

2018-12-05 12:27:32 - [MESSAGE][PASSED] - Object: 'Object Repository/Final Object Repo/Login Page/Internal User/Next Button' is clicked on

2018-12-05 12:27:32 - [TEST_STEP][PASSED] - delay: Delayed 2 second(s)

2018-12-05 12:27:34 - [MESSAGE][PASSED] - Delayed 2 second(s)

2018-12-05 12:27:34 - [TEST_STEP][PASSED] - setText: Text 'Test1@3456789' is set on object 'Object Repository/Final Object Repo/Login Page/Internal User/Password'

2018-12-05 12:27:35 - [MESSAGE][PASSED] - Text 'Test1@3456789' is set on object 'Object Repository/Final Object Repo/Login Page/Internal User/Password'

2018-12-05 12:27:35 - [TEST_STEP][PASSED] - delay: Delayed 2 second(s)

2018-12-05 12:27:37 - [MESSAGE][PASSED] - Delayed 2 second(s)

2018-12-05 12:27:37 - [TEST_STEP][PASSED] - click: Object: 'Object Repository/Final Object Repo/Login Page/Internal User/Login Button' is clicked on

2018-12-05 12:27:37 - [MESSAGE][PASSED] - Object: 'Object Repository/Final Object Repo/Login Page/Internal User/Login Button' is clicked on

2018-12-05 12:27:37 - [TEST_STEP][PASSED] - Statement - Try: null

2018-12-05 12:27:37 - [TEST_STEP][PASSED] - Statement - Checker = com.kms.katalon.core.webui.keyword.WebUiBuiltInKeywords.verifyElementNotPresent("Final Object Repo/Landing Page/Select to English", 3): null

2018-12-05 12:27:37 - [TEST_STEP][PASSED] - Statement - Catch (Exception e): null

2018-12-05 12:27:37 - [TEST_STEP][PASSED] - Statement - e.printStackTrace(): null

2018-12-05 12:27:37 - [TEST_STEP][PASSED] - delay: Delayed 5 second(s)

2018-12-05 12:27:42 - [MESSAGE][PASSED] - Delayed 5 second(s)

2018-12-05 12:27:42 - [TEST_STEP][PASSED] - click: Object: 'Object Repository/Final Object Repo/Landing Page/My Sites Drop Down' is clicked on

2018-12-05 12:27:42 - [MESSAGE][PASSED] - Object: 'Object Repository/Final Object Repo/Landing Page/My Sites Drop Down' is clicked on

2018-12-05 12:27:42 - [TEST_STEP][PASSED] - click: Object: 'Object Repository/Final Object Repo/Landing Page/Select to Registration Module' is clicked on

2018-12-05 12:27:43 - [MESSAGE][PASSED] - Object: 'Object Repository/Final Object Repo/Landing Page/Select to Registration Module' is clicked on

2018-12-05 12:27:43 - [TEST_STEP][PASSED] - click: Object: 'Object Repository/Final Object Repo/Landing Page/Registration Button' is clicked on

2018-12-05 12:27:44 - [MESSAGE][PASSED] - Object: 'Object Repository/Final Object Repo/Landing Page/Registration Button' is clicked on

2018-12-05 12:27:44 - [TEST_STEP][PASSED] - delay: Delayed 2 second(s)

2018-12-05 12:27:46 - [MESSAGE][PASSED] - Delayed 2 second(s)

2018-12-05 12:27:46 - [TEST_STEP][PASSED] - click: Object: 'Object Repository/Final Object Repo/New Registration - Registration Module Pages/New Reg - OTC to RO/Special Case - OTC - Form 1/AEC NO' is clicked on

2018-12-05 12:27:47 - [MESSAGE][PASSED] - Object: 'Object Repository/Final Object Repo/New Registration - Registration Module Pages/New Reg - OTC to RO/Special Case - OTC - Form 1/AEC NO' is clicked on

2018-12-05 12:27:47 - [TEST_STEP][PASSED] - click: Object: 'Object Repository/Final Object Repo/New Registration - Registration Module Pages/New Reg - OTC to RO/Special Case - OTC - Form 1/Business Entity - Please Select' is clicked on

2018-12-05 12:27:47 - [MESSAGE][PASSED] - Object: 'Object Repository/Final Object Repo/New Registration - Registration Module Pages/New Reg - OTC to RO/Special Case - OTC - Form 1/Business Entity - Please Select' is clicked on

2018-12-05 12:27:47 - [TEST_STEP][PASSED] - click: Object: 'Object Repository/Final Object Repo/New Registration - Registration Module Pages/New Reg - OTC to RO/Special Case - OTC - Form 1/Selected - Corporation' is clicked on

2018-12-05 12:27:47 - [MESSAGE][PASSED] - Object: 'Object Repository/Final Object Repo/New Registration - Registration Module Pages/New Reg - OTC to RO/Special Case - OTC - Form 1/Selected - Corporation' is clicked on

2018-12-05 12:27:47 - [TEST_STEP][PASSED] - delay: Delayed 2 second(s)

2018-12-05 12:27:49 - [MESSAGE][PASSED] - Delayed 2 second(s)

2018-12-05 12:27:49 - [TEST_STEP][PASSED] - click: Object: 'Object Repository/Final Object Repo/New Registration - Registration Module Pages/New Reg - OTC to RO/Special Case - OTC - Form 1/Sub Business Entity - Please Select' is clicked on

2018-12-05 12:27:49 - [MESSAGE][PASSED] - Object: 'Object Repository/Final Object Repo/New Registration - Registration Module Pages/New Reg - OTC to RO/Special Case - OTC - Form 1/Sub Business Entity - Please Select' is clicked on

2018-12-05 12:27:49 - [TEST_STEP][PASSED] - delay: Delayed 2 second(s)

2018-12-05 12:27:51 - [MESSAGE][PASSED] - Delayed 2 second(s)

2018-12-05 12:27:51 - [TEST_STEP][PASSED] - click: Object: 'Object Repository/Final Object Repo/New Registration - Registration Module Pages/New Reg - OTC to RO/Special Case - OTC - Form 1/Selected - Sendirian Berhad' is clicked on

2018-12-05 12:27:51 - [MESSAGE][PASSED] - Object: 'Object Repository/Final Object Repo/New Registration - Registration Module Pages/New Reg - OTC to RO/Special Case - OTC - Form 1/Selected - Sendirian Berhad' is clicked on

2018-12-05 12:27:51 - [TEST_STEP][PASSED] - setText: Text 'AUTOMATE001' is set on object 'Object Repository/Final Object Repo/New Registration - Registration Module Pages/New Reg - OTC to RO/Special Case - OTC - Form 1/Input BRN Number'

2018-12-05 12:27:52 - [MESSAGE][PASSED] - Text 'AUTOMATE001' is set on object 'Object Repository/Final Object Repo/New Registration - Registration Module Pages/New Reg - OTC to RO/Special Case - OTC - Form 1/Input BRN Number'

2018-12-05 12:27:52 - [TEST_STEP][PASSED] - delay: Delayed 2 second(s)

2018-12-05 12:27:54 - [MESSAGE][PASSED] - Delayed 2 second(s)

2018-12-05 12:27:54 - [TEST_STEP][PASSED] - click: Object: 'Object Repository/Final Object Repo/New Registration - Registration Module Pages/New Reg - OTC to RO/Special Case - OTC - Form 1/BRN Search' is clicked on

2018-12-05 12:27:54 - [MESSAGE][PASSED] - Object: 'Object Repository/Final Object Repo/New Registration - Registration Module Pages/New Reg - OTC to RO/Special Case - OTC - Form 1/BRN Search' is clicked on

2018-12-05 12:27:54 - [TEST_STEP][PASSED] - delay: Delayed 4 second(s)

2018-12-05 12:27:58 - [MESSAGE][PASSED] - Delayed 4 second(s)

2018-12-05 12:27:58 - [TEST_STEP][PASSED] - click: Object: 'Object Repository/Final Object Repo/New Registration - Registration Module Pages/New Reg - OTC to RO/Special Case - OTC - Form 1/Registered with SSM - After Feb 2017' is clicked on

2018-12-05 12:27:58 - [MESSAGE][PASSED] - Object: 'Object Repository/Final Object Repo/New Registration - Registration Module Pages/New Reg - OTC to RO/Special Case - OTC - Form 1/Registered with SSM - After Feb 2017' is clicked on

2018-12-05 12:27:58 - [TEST_STEP][PASSED] - delay: Delayed 2 second(s)

2018-12-05 12:28:00 - [MESSAGE][PASSED] - Delayed 2 second(s)

2018-12-05 12:28:00 - [TEST_STEP][PASSED] - click: Object: 'Object Repository/Final Object Repo/New Registration - Registration Module Pages/New Reg - OTC to RO/Special Case - OTC - Form 1/Registering As A Branch - No' is clicked on

2018-12-05 12:28:00 - [MESSAGE][PASSED] - Object: 'Object Repository/Final Object Repo/New Registration - Registration Module Pages/New Reg - OTC to RO/Special Case - OTC - Form 1/Registering As A Branch - No' is clicked on

2018-12-05 12:28:00 - [TEST_STEP][PASSED] - click: Object: 'Object Repository/Final Object Repo/New Registration - Registration Module Pages/New Reg - OTC to RO/Special Case - OTC - Form 1/Acknowledgement Ticked' is clicked on

2018-12-05 12:28:01 - [MESSAGE][PASSED] - Object: 'Object Repository/Final Object Repo/New Registration - Registration Module Pages/New Reg - OTC to RO/Special Case - OTC - Form 1/Acknowledgement Ticked' is clicked on

2018-12-05 12:28:01 - [TEST_STEP][PASSED] - click: Object: 'Object Repository/Final Object Repo/New Registration - Registration Module Pages/New Reg - OTC to RO/Special Case - OTC - Form 1/Submit Button' is clicked on

2018-12-05 12:28:01 - [MESSAGE][PASSED] - Object: 'Object Repository/Final Object Repo/New Registration - Registration Module Pages/New Reg - OTC to RO/Special Case - OTC - Form 1/Submit Button' is clicked on

2018-12-05 12:28:01 - [TEST_STEP][PASSED] - delay: Delayed 2 second(s)

2018-12-05 12:28:03 - [MESSAGE][PASSED] - Delayed 2 second(s)

2018-12-05 12:28:03 - [TEST_STEP][PASSED] - click: Object: 'Object Repository/Final Object Repo/New Registration - Registration Module Pages/New Reg - OTC to RO/Special Case - OTC - Form 1/Confirm No Flagging as Branch' is clicked on

2018-12-05 12:28:03 - [MESSAGE][PASSED] - Object: 'Object Repository/Final Object Repo/New Registration - Registration Module Pages/New Reg - OTC to RO/Special Case - OTC - Form 1/Confirm No Flagging as Branch' is clicked on

2018-12-05 12:28:03 - [MESSAGE][PASSED] - Call Test Case 'Test Cases/Final Aug 2018 - PKS Automation/Registration Module/Workflow/New Registration/Template/Special Case - OTC - Form 1' successfully

2018-12-05 12:28:03 - [TEST_STEP][PASSED] - callTestCase: Call Test Case 'Test Cases/Final Aug 2018 - PKS Automation/Registration Module/New Registration/Form 2/Add 1 Eligible - Incomplete' successfully

2018-12-05 12:28:03 - [TEST_CASE][PASSED] - Test Cases/Final Aug 2018 - PKS Automation/Registration Module/New Registration/Form 2/Add 1 Eligible - Incomplete: Test Cases/Final Aug 2018 - PKS Automation/Registration Module/New Registration/Form 2/Add 1 Eligible - Incomplete

2018-12-05 12:28:03 - [TEST_STEP][PASSED] - delay: Delayed 2 second(s)

2018-12-05 12:28:05 - [MESSAGE][PASSED] - Delayed 2 second(s)

2018-12-05 12:28:05 - [TEST_STEP][PASSED] - callTestCase: Call Test Case 'Test Cases/Final Aug 2018 - PKS Automation/Registration Module/New Registration/Form 2/Date Updater' successfully

2018-12-05 12:28:05 - [TEST_CASE][PASSED] - Test Cases/Final Aug 2018 - PKS Automation/Registration Module/New Registration/Form 2/Date Updater: Test Cases/Final Aug 2018 - PKS Automation/Registration Module/New Registration/Form 2/Date Updater

2018-12-05 12:28:05 - [TEST_STEP][PASSED] - Statement - TodayDate = new java.util.Date(): null

2018-12-05 12:28:05 - [TEST_STEP][PASSED] - Statement - CurrentDateNoFilter = new java.text.SimpleDateFormat(): null

2018-12-05 12:28:05 - [TEST_STEP][PASSED] - Statement - CurrentDateNoFilter.applyPattern("MM"): null

2018-12-05 12:28:05 - [TEST_STEP][PASSED] - Statement - monthContainerMatcher = java.lang.Integer.parseInt(CurrentDateNoFilter.format(TodayDate)): null

2018-12-05 12:28:05 - [TEST_STEP][PASSED] - Statement - monthContainerMatcher = monthContainerMatcher - 1: null

2018-12-05 12:28:05 - [TEST_STEP][PASSED] - Statement - CurrentMonth = monthContainerMatcher.toString(): null

2018-12-05 12:28:05 - [TEST_STEP][PASSED] - Statement - CurrentMonth = CurrentMonth: null

2018-12-05 12:28:05 - [TEST_STEP][PASSED] - Statement - CurrentDateNoFilter.applyPattern("yyyy"): null

2018-12-05 12:28:05 - [TEST_STEP][PASSED] - Statement - CurrentYear = CurrentDateNoFilter.format(TodayDate): null

2018-12-05 12:28:05 - [TEST_STEP][PASSED] - Statement - CurrentYear = CurrentYear: null

2018-12-05 12:28:05 - [TEST_STEP][PASSED] - Statement - intCurrentYear = java.lang.Integer.parseInt(CurrentDateNoFilter.format(TodayDate)): null

2018-12-05 12:28:05 - [TEST_STEP][PASSED] - Statement - eighteenYrsAgo = intCurrentYear - 18: null

2018-12-05 12:28:05 - [TEST_STEP][PASSED] - Statement - eighteenYrsBeforeThisYr = eighteenYrsAgo.toString(): null

2018-12-05 12:28:05 - [TEST_STEP][PASSED] - Statement - EighteenYrsBefore = eighteenYrsBeforeThisYr: null

2018-12-05 12:28:05 - [TEST_STEP][PASSED] - Statement - fiftysevenYrsAgo = intCurrentYear - 57: null

2018-12-05 12:28:05 - [TEST_STEP][PASSED] - Statement - fiftysevenYrsBeforeThisYr = fiftysevenYrsAgo.toString(): null

2018-12-05 12:28:05 - [TEST_STEP][PASSED] - Statement - FiftysevenYrsBefore = fiftysevenYrsBeforeThisYr: null

2018-12-05 12:28:05 - [TEST_STEP][PASSED] - Statement - leapYear = false: null

2018-12-05 12:28:05 - [TEST_STEP][PASSED] - Statement - leapYear = intCurrentYear % 4 == 0: null

2018-12-05 12:28:05 - [TEST_STEP][PASSED] - Statement - CurrentDateNoFilter.applyPattern("dd"): null

2018-12-05 12:28:05 - [TEST_STEP][PASSED] - Statement - CurrentDate = CurrentDateNoFilter.format(TodayDate): null

2018-12-05 12:28:05 - [TEST_STEP][PASSED] - Statement - CurrentDate = java.lang.Integer.parseInt(CurrentDate): null

2018-12-05 12:28:05 - [TEST_STEP][PASSED] - Statement - CurrentDate = CurrentDate: null

2018-12-05 12:28:05 - [TEST_STEP][PASSED] - Statement - CurrentDay = java.lang.Integer.parseInt(CurrentDate): null

2018-12-05 12:28:05 - [TEST_STEP][PASSED] - Statement - ConfAdder = <not implemented yet for class: org.codehaus.groovy.ast.expr.EmptyExpression>: null

2018-12-05 12:28:05 - [TEST_STEP][PASSED] - Statement - switch (CurrentDate): null

2018-12-05 12:28:05 - [TEST_STEP][PASSED] - Statement - Default: null

2018-12-05 12:28:05 - [TEST_STEP][PASSED] - Statement - ConfAdder = false: null

2018-12-05 12:28:05 - [TEST_STEP][PASSED] - Statement - Break: null

2018-12-05 12:28:05 - [TEST_STEP][PASSED] - Statement - aDayBefore = <not implemented yet for class: org.codehaus.groovy.ast.expr.EmptyExpression>: null

2018-12-05 12:28:05 - [TEST_STEP][PASSED] - Statement - If (ConfAdder == true): null

2018-12-05 12:28:05 - [TEST_STEP][PASSED] - Statement - Else: null

2018-12-05 12:28:05 - [TEST_STEP][PASSED] - Statement - aDayBefore = 1: null

2018-12-05 12:28:05 - [TEST_STEP][PASSED] - Statement - If (aDayBefore == 1 && CurrentMonth == 11): null

2018-12-05 12:28:05 - [TEST_STEP][PASSED] - Statement - DayBefore = aDayBefore.toString(): null

2018-12-05 12:28:05 - [TEST_STEP][PASSED] - Statement - OneDayBefore = DayBefore: null

2018-12-05 12:28:05 - [MESSAGE][PASSED] - Call Test Case 'Test Cases/Final Aug 2018 - PKS Automation/Registration Module/New Registration/Form 2/Date Updater' successfully

2018-12-05 12:28:06 - [TEST_STEP][PASSED] - Statement - CaseReferenceNo = com.kms.katalon.core.webui.keyword.WebUiBuiltInKeywords.getText(com.kms.katalon.core.testobject.ObjectRepository.findTestObject(Final Object Repo/New Registration - Registration Module Pages/Form 2/RefNo Acquiring)): Text of object 'Object Repository/Final Object Repo/New Registration - Registration Module Pages/Form 2/RefNo Acquiring' is: 'CRN12201800123006'

2018-12-05 12:28:06 - [MESSAGE][PASSED] - Text of object 'Object Repository/Final Object Repo/New Registration - Registration Module Pages/Form 2/RefNo Acquiring' is: 'CRN12201800123006'

2018-12-05 12:28:06 - [TEST_STEP][PASSED] - delay: Delayed 4 second(s)

2018-12-05 12:28:10 - [MESSAGE][PASSED] - Delayed 4 second(s)

2018-12-05 12:28:10 - [TEST_STEP][PASSED] - click: Object: 'Object Repository/Final Object Repo/New Registration - Registration Module Pages/Form 2/Add Employee Button' is clicked on

2018-12-05 12:28:10 - [MESSAGE][PASSED] - Object: 'Object Repository/Final Object Repo/New Registration - Registration Module Pages/Form 2/Add Employee Button' is clicked on

2018-12-05 12:28:10 - [TEST_STEP][PASSED] - delay: Delayed 1 second(s)

2018-12-05 12:28:11 - [MESSAGE][PASSED] - Delayed 1 second(s)

2018-12-05 12:28:11 - [TEST_STEP][PASSED] - setText: Text '010903091984' is set on object 'Object Repository/Final Object Repo/New Registration - Registration Module Pages/Form 2/NRIC Input'

2018-12-05 12:28:12 - [MESSAGE][PASSED] - Text '010903091984' is set on object 'Object Repository/Final Object Repo/New Registration - Registration Module Pages/Form 2/NRIC Input'

2018-12-05 12:28:12 - [TEST_STEP][PASSED] - click: Object: 'Object Repository/Final Object Repo/New Registration - Registration Module Pages/Form 2/button for search for IC' is clicked on

2018-12-05 12:28:12 - [MESSAGE][PASSED] - Object: 'Object Repository/Final Object Repo/New Registration - Registration Module Pages/Form 2/button for search for IC' is clicked on

2018-12-05 12:28:12 - [TEST_STEP][PASSED] - delay: Delayed 2 second(s)

2018-12-05 12:28:14 - [MESSAGE][PASSED] - Delayed 2 second(s)

2018-12-05 12:28:14 - [TEST_STEP][PASSED] - setText: Text 'Automate001 eligible 1' is set on object 'Object Repository/Final Object Repo/New Registration - Registration Module Pages/Form 2/Employee Name Input'

2018-12-05 12:28:14 - [MESSAGE][PASSED] - Text 'Automate001 eligible 1' is set on object 'Object Repository/Final Object Repo/New Registration - Registration Module Pages/Form 2/Employee Name Input'

2018-12-05 12:28:14 - [TEST_STEP][PASSED] - delay: Delayed 2 second(s)

2018-12-05 12:28:16 - [MESSAGE][PASSED] - Delayed 2 second(s)

2018-12-05 12:28:16 - [TEST_STEP][PASSED] - click: Object: 'Object Repository/Final Object Repo/New Registration - Registration Module Pages/Form 2/DatePicker Pop Up' is clicked on

2018-12-05 12:28:17 - [MESSAGE][PASSED] - Object: 'Object Repository/Final Object Repo/New Registration - Registration Module Pages/Form 2/DatePicker Pop Up' is clicked on

2018-12-05 12:28:17 - [TEST_STEP][PASSED] - click: Object: 'Object Repository/Final Object Repo/New Registration - Registration Module Pages/Form 2/DOB Month' is clicked on

2018-12-05 12:28:17 - [MESSAGE][PASSED] - Object: 'Object Repository/Final Object Repo/New Registration - Registration Module Pages/Form 2/DOB Month' is clicked on

2018-12-05 12:28:17 - [TEST_STEP][PASSED] - Statement - CurrentMonth = CurrentMonth: null

2018-12-05 12:28:17 - [TEST_STEP][PASSED] - Statement - selectMonth = new com.kms.katalon.core.testobject.TestObject(): null

2018-12-05 12:28:17 - [TEST_STEP][PASSED] - Statement - selectMonth.addProperty("xpath", EQUALS, "//body/div/div/div/select/option[@value='" + CurrentMonth + "']", true): null

2018-12-05 12:28:17 - [TEST_STEP][PASSED] - click: Object: '' is clicked on

2018-12-05 12:28:17 - [MESSAGE][PASSED] - Object: '' is clicked on

2018-12-05 12:28:17 - [TEST_STEP][PASSED] - click: Object: 'Object Repository/Final Object Repo/New Registration - Registration Module Pages/Form 2/DOB Year' is clicked on

2018-12-05 12:28:17 - [MESSAGE][PASSED] - Object: 'Object Repository/Final Object Repo/New Registration - Registration Module Pages/Form 2/DOB Year' is clicked on

2018-12-05 12:28:17 - [TEST_STEP][PASSED] - Statement - Eyearsbf = EighteenYrsBefore: null

2018-12-05 12:28:17 - [TEST_STEP][PASSED] - Statement - selectYear = new com.kms.katalon.core.testobject.TestObject(): null

2018-12-05 12:28:17 - [TEST_STEP][PASSED] - Statement - selectYear.addProperty("xpath", EQUALS, "//div/div/div/select/option[@value='" + Eyearsbf + "']", true): null

2018-12-05 12:28:17 - [TEST_STEP][PASSED] - click: Object: '' is clicked on

2018-12-05 12:28:17 - [MESSAGE][PASSED] - Object: '' is clicked on

2018-12-05 12:28:17 - [TEST_STEP][PASSED] - Statement - UpdatedSelectDate = com.kms.katalon.core.webui.keyword.WebUiBuiltInKeywords.modifyObjectProperty(com.kms.katalon.core.testobject.ObjectRepository.findTestObject(Final Object Repo/New Registration - Registration Module Pages/Form 2/DOB Date), "xpath", "equals", "//body/div/table/tbody/tr/td/a[text()="" + CurrentDate + ""]", true): Modify property of object successfully

2018-12-05 12:28:17 - [MESSAGE][PASSED] - Modify property of object successfully

2018-12-05 12:28:17 - [TEST_STEP][PASSED] - delay: Delayed 3 second(s)

2018-12-05 12:28:20 - [MESSAGE][PASSED] - Delayed 3 second(s)

2018-12-05 12:28:20 - [TEST_STEP][PASSED] - click: Object: 'Object Repository/Final Object Repo/New Registration - Registration Module Pages/Form 2/DOB Date' is clicked on

2018-12-05 12:28:21 - [MESSAGE][PASSED] - Object: 'Object Repository/Final Object Repo/New Registration - Registration Module Pages/Form 2/DOB Date' is clicked on

2018-12-05 12:28:21 - [TEST_STEP][PASSED] - delay: Delayed 2 second(s)

2018-12-05 12:28:23 - [MESSAGE][PASSED] - Delayed 2 second(s)

2018-12-05 12:28:23 - [TEST_STEP][PASSED] - click: Object: 'Object Repository/Final Object Repo/New Registration - Registration Module Pages/Form 2/EmploymentStartDate Pop Up' is clicked on

2018-12-05 12:28:23 - [MESSAGE][PASSED] - Object: 'Object Repository/Final Object Repo/New Registration - Registration Module Pages/Form 2/EmploymentStartDate Pop Up' is clicked on

2018-12-05 12:28:23 - [TEST_STEP][PASSED] - delay: Delayed 2 second(s)

2018-12-05 12:28:25 - [MESSAGE][PASSED] - Delayed 2 second(s)

2018-12-05 12:28:25 - [TEST_STEP][PASSED] - click: Object: 'Object Repository/Final Object Repo/New Registration - Registration Module Pages/Form 2/Socso Employment StartDate Month' is clicked on

2018-12-05 12:28:25 - [MESSAGE][PASSED] - Object: 'Object Repository/Final Object Repo/New Registration - Registration Module Pages/Form 2/Socso Employment StartDate Month' is clicked on

2018-12-05 12:28:25 - [TEST_STEP][PASSED] - delay: Delayed 1 second(s)

2018-12-05 12:28:26 - [MESSAGE][PASSED] - Delayed 1 second(s)

2018-12-05 12:28:26 - [TEST_STEP][PASSED] - click: Object: 'Object Repository/Final Object Repo/New Registration - Registration Module Pages/Form 2/Select Socso Employement Startdate Month' is clicked on

2018-12-05 12:28:26 - [MESSAGE][PASSED] - Object: 'Object Repository/Final Object Repo/New Registration - Registration Module Pages/Form 2/Select Socso Employement Startdate Month' is clicked on

2018-12-05 12:28:26 - [TEST_STEP][PASSED] - delay: Delayed 2 second(s)

2018-12-05 12:28:28 - [MESSAGE][PASSED] - Delayed 2 second(s)

2018-12-05 12:28:28 - [TEST_STEP][PASSED] - click: Object: 'Object Repository/Final Object Repo/New Registration - Registration Module Pages/Form 2/Socso Employment StartDate Year' is clicked on

2018-12-05 12:28:28 - [MESSAGE][PASSED] - Object: 'Object Repository/Final Object Repo/New Registration - Registration Module Pages/Form 2/Socso Employment StartDate Year' is clicked on

2018-12-05 12:28:28 - [TEST_STEP][PASSED] - delay: Delayed 1 second(s)

2018-12-05 12:28:29 - [MESSAGE][PASSED] - Delayed 1 second(s)

2018-12-05 12:28:29 - [TEST_STEP][PASSED] - click: Object: 'Object Repository/Final Object Repo/New Registration - Registration Module Pages/Form 2/Select Socso Employment Startdate Year' is clicked on

2018-12-05 12:28:30 - [MESSAGE][PASSED] - Object: 'Object Repository/Final Object Repo/New Registration - Registration Module Pages/Form 2/Select Socso Employment Startdate Year' is clicked on

2018-12-05 12:28:30 - [TEST_STEP][PASSED] - delay: Delayed 2 second(s)

2018-12-05 12:28:32 - [MESSAGE][PASSED] - Delayed 2 second(s)

2018-12-05 12:28:32 - [TEST_STEP][PASSED] - click: Object: 'Object Repository/Final Object Repo/New Registration - Registration Module Pages/Form 2/Socso Employment Start Date Day' is clicked on

2018-12-05 12:28:32 - [MESSAGE][PASSED] - Object: 'Object Repository/Final Object Repo/New Registration - Registration Module Pages/Form 2/Socso Employment Start Date Day' is clicked on

2018-12-05 12:28:32 - [TEST_STEP][PASSED] - delay: Delayed 2 second(s)

2018-12-05 12:28:34 - [MESSAGE][PASSED] - Delayed 2 second(s)

2018-12-05 12:28:34 - [TEST_STEP][PASSED] - click: Object: 'Object Repository/Final Object Repo/New Registration - Registration Module Pages/Form 2/Save Button for Add Employee' is clicked on

2018-12-05 12:28:34 - [MESSAGE][PASSED] - Object: 'Object Repository/Final Object Repo/New Registration - Registration Module Pages/Form 2/Save Button for Add Employee' is clicked on

2018-12-05 12:28:34 - [TEST_STEP][PASSED] - delay: Delayed 6 second(s)

2018-12-05 12:28:40 - [MESSAGE][PASSED] - Delayed 6 second(s)

2018-12-05 12:28:40 - [TEST_STEP][PASSED] - click: Object: 'Object Repository/Final Object Repo/New Registration - Registration Module Pages/Form 2/Incomplete Checkbox' is clicked on

2018-12-05 12:28:40 - [MESSAGE][PASSED] - Object: 'Object Repository/Final Object Repo/New Registration - Registration Module Pages/Form 2/Incomplete Checkbox' is clicked on

2018-12-05 12:28:40 - [TEST_STEP][PASSED] - delay: Delayed 2 second(s)

2018-12-05 12:28:42 - [MESSAGE][PASSED] - Delayed 2 second(s)

2018-12-05 12:28:42 - [TEST_STEP][PASSED] - click: Object: 'Object Repository/Final Object Repo/New Registration - Registration Module Pages/Form 2/Save and Continue Form 2' is clicked on

2018-12-05 12:28:42 - [MESSAGE][PASSED] - Object: 'Object Repository/Final Object Repo/New Registration - Registration Module Pages/Form 2/Save and Continue Form 2' is clicked on

2018-12-05 12:28:42 - [MESSAGE][PASSED] - Call Test Case 'Test Cases/Final Aug 2018 - PKS Automation/Registration Module/New Registration/Form 2/Add 1 Eligible - Incomplete' successfully

2018-12-05 12:28:42 - [TEST_STEP][PASSED] - delay: Delayed 4 second(s)

2018-12-05 12:28:46 - [MESSAGE][PASSED] - Delayed 4 second(s)

2018-12-05 12:28:46 - [TEST_STEP][PASSED] - callTestCase: Call Test Case 'Test Cases/Final Aug 2018 - PKS Automation/Registration Module/New Registration/Flow of New Registration/Third Screen - Upload Supporting Doc - Preview' successfully

2018-12-05 12:28:46 - [TEST_CASE][PASSED] - Test Cases/Final Aug 2018 - PKS Automation/Registration Module/New Registration/Flow of New Registration/Third Screen - Upload Supporting Doc - Preview: Test Cases/Final Aug 2018 - PKS Automation/Registration Module/New Registration/Flow of New Registration/Third Screen - Upload Supporting Doc - Preview

2018-12-05 12:28:46 - [TEST_STEP][PASSED] - waitForPageLoad: Wait for page load successfully

2018-12-05 12:28:46 - [MESSAGE][PASSED] - Wait for page load successfully

2018-12-05 12:28:46 - [TEST_STEP][PASSED] - Statement - CaseReferenceNo = com.kms.katalon.core.webui.keyword.WebUiBuiltInKeywords.getText(com.kms.katalon.core.testobject.ObjectRepository.findTestObject(Final Object Repo/New Registration - Registration Module Pages/Third Screen - Upload Supporting Doc- Preview/RefNo Acquiring)): Text of object 'Object Repository/Final Object Repo/New Registration - Registration Module Pages/Third Screen - Upload Supporting Doc- Preview/RefNo Acquiring' is: 'CRN12201800123006'

2018-12-05 12:28:47 - [MESSAGE][PASSED] - Text of object 'Object Repository/Final Object Repo/New Registration - Registration Module Pages/Third Screen - Upload Supporting Doc- Preview/RefNo Acquiring' is: 'CRN12201800123006'

2018-12-05 12:28:47 - [TEST_STEP][PASSED] - delay: Delayed 2 second(s)

2018-12-05 12:28:49 - [MESSAGE][PASSED] - Delayed 2 second(s)

2018-12-05 12:28:49 - [TEST_STEP][PASSED] - callTestCase: Call Test Case 'Test Cases/Final Aug 2018 - PKS Automation/Common/Reference Number Setter' successfully

2018-12-05 12:28:49 - [TEST_CASE][PASSED] - Test Cases/Final Aug 2018 - PKS Automation/Common/Reference Number Setter: Test Cases/Final Aug 2018 - PKS Automation/Common/Reference Number Setter

2018-12-05 12:28:49 - [TEST_STEP][PASSED] - Statement - RefNoOldFile = new java.io.File(C://Users//Admin//Desktop//PKS//Automation Reference Point//KatalonReference.txt): null

2018-12-05 12:28:49 - [TEST_STEP][PASSED] - Statement - RefNoOldFile.delete(): null

2018-12-05 12:28:49 - [TEST_STEP][PASSED] - delay: Delayed 5 second(s)

2018-12-05 12:28:54 - [MESSAGE][PASSED] - Delayed 5 second(s)

2018-12-05 12:28:54 - [TEST_STEP][PASSED] - Statement - RefNo = new java.io.File(C://Users//Admin//Desktop//PKS//Automation Reference Point//KatalonReference.txt): null

2018-12-05 12:28:54 - [TEST_STEP][PASSED] - Statement - f2 = new java.io.FileWriter(RefNo, false): null

2018-12-05 12:28:54 - [TEST_STEP][PASSED] - Statement - f2.write(CaseReferenceNo): null

2018-12-05 12:28:54 - [TEST_STEP][PASSED] - Statement - f2.close(): null

2018-12-05 12:28:54 - [TEST_STEP][PASSED] - Statement - out.println("


" + CaseReferenceNo + "


"): null

2018-12-05 12:28:54 - [MESSAGE][PASSED] - Call Test Case 'Test Cases/Final Aug 2018 - PKS Automation/Common/Reference Number Setter' successfully

2018-12-05 12:28:54 - [TEST_STEP][PASSED] - waitForElementClickable: Object 'Object Repository/Final Object Repo/New Registration - Registration Module Pages/Third Screen - Upload Supporting Doc- Preview/Save n Continue in SIP Employee Listing Page' is clickable

2018-12-05 12:28:54 - [MESSAGE][PASSED] - Object 'Object Repository/Final Object Repo/New Registration - Registration Module Pages/Third Screen - Upload Supporting Doc- Preview/Save n Continue in SIP Employee Listing Page' is clickable

2018-12-05 12:28:54 - [TEST_STEP][PASSED] - click: Object: 'Object Repository/Final Object Repo/New Registration - Registration Module Pages/Third Screen - Upload Supporting Doc- Preview/Save n Continue in SIP Employee Listing Page' is clicked on

2018-12-05 12:28:59 - [MESSAGE][PASSED] - Object: 'Object Repository/Final Object Repo/New Registration - Registration Module Pages/Third Screen - Upload Supporting Doc- Preview/Save n Continue in SIP Employee Listing Page' is clicked on

2018-12-05 12:28:59 - [TEST_STEP][PASSED] - delay: Delayed 7 second(s)

2018-12-05 12:29:06 - [MESSAGE][PASSED] - Delayed 7 second(s)

2018-12-05 12:29:06 - [TEST_STEP][PASSED] - click: Object: 'Object Repository/Final Object Repo/New Registration - Registration Module Pages/Third Screen - Upload Supporting Doc- Preview/Add Document Button' is clicked on

2018-12-05 12:29:07 - [MESSAGE][PASSED] - Object: 'Object Repository/Final Object Repo/New Registration - Registration Module Pages/Third Screen - Upload Supporting Doc- Preview/Add Document Button' is clicked on

2018-12-05 12:29:07 - [TEST_STEP][PASSED] - delay: Delayed 30 second(s)

2018-12-05 12:29:37 - [MESSAGE][PASSED] - Delayed 30 second(s)

2018-12-05 12:29:37 - [TEST_STEP][PASSED] - click: Object: 'Object Repository/Final Object Repo/New Registration - Registration Module Pages/Third Screen - Upload Supporting Doc- Preview/Supporting Doc Please Select Drop Down' is clicked on

2018-12-05 12:29:37 - [MESSAGE][PASSED] - Object: 'Object Repository/Final Object Repo/New Registration - Registration Module Pages/Third Screen - Upload Supporting Doc- Preview/Supporting Doc Please Select Drop Down' is clicked on

2018-12-05 12:29:37 - [TEST_STEP][PASSED] - delay: Delayed 2 second(s)

2018-12-05 12:29:39 - [MESSAGE][PASSED] - Delayed 2 second(s)

2018-12-05 12:29:39 - [TEST_STEP][PASSED] - click: Object: 'Object Repository/Final Object Repo/New Registration - Registration Module Pages/Third Screen - Upload Supporting Doc- Preview/Select to Upload Form 1' is clicked on

2018-12-05 12:29:39 - [MESSAGE][PASSED] - Object: 'Object Repository/Final Object Repo/New Registration - Registration Module Pages/Third Screen - Upload Supporting Doc- Preview/Select to Upload Form 1' is clicked on

2018-12-05 12:29:39 - [TEST_STEP][PASSED] - delay: Delayed 2 second(s)

2018-12-05 12:29:41 - [MESSAGE][PASSED] - Delayed 2 second(s)

2018-12-05 12:29:41 - [TEST_STEP][PASSED] - uploadFile: File 'C:\Users\Public\Pictures\Sample Pictures\Koala.jpg' sent to object: 'Object Repository/Final Object Repo/New Registration - Registration Module Pages/Third Screen - Upload Supporting Doc- Preview/Upload File Adding'

2018-12-05 12:29:41 - [MESSAGE][PASSED] - File 'C:\Users\Public\Pictures\Sample Pictures\Koala.jpg' sent to object: 'Object Repository/Final Object Repo/New Registration - Registration Module Pages/Third Screen - Upload Supporting Doc- Preview/Upload File Adding'

2018-12-05 12:29:41 - [TEST_STEP][PASSED] - delay: Delayed 5 second(s)

2018-12-05 12:29:46 - [MESSAGE][PASSED] - Delayed 5 second(s)

2018-12-05 12:29:46 - [TEST_STEP][PASSED] - click: Object: 'Object Repository/Final Object Repo/New Registration - Registration Module Pages/Third Screen - Upload Supporting Doc- Preview/Inner Form Add Document Button' is clicked on

2018-12-05 12:29:46 - [MESSAGE][PASSED] - Object: 'Object Repository/Final Object Repo/New Registration - Registration Module Pages/Third Screen - Upload Supporting Doc- Preview/Inner Form Add Document Button' is clicked on

2018-12-05 12:29:46 - [TEST_STEP][PASSED] - delay: Delayed 3 second(s)

2018-12-05 12:29:49 - [MESSAGE][PASSED] - Delayed 3 second(s)

2018-12-05 12:29:49 - [TEST_STEP][PASSED] - click: Object: 'Object Repository/Final Object Repo/New Registration - Registration Module Pages/Third Screen - Upload Supporting Doc- Preview/Add Document Button' is clicked on

2018-12-05 12:29:51 - [MESSAGE][PASSED] - Object: 'Object Repository/Final Object Repo/New Registration - Registration Module Pages/Third Screen - Upload Supporting Doc- Preview/Add Document Button' is clicked on

2018-12-05 12:29:51 - [TEST_STEP][PASSED] - delay: Delayed 30 second(s)

2018-12-05 12:30:21 - [MESSAGE][PASSED] - Delayed 30 second(s)

2018-12-05 12:30:21 - [TEST_STEP][PASSED] - click: Object: 'Object Repository/Final Object Repo/New Registration - Registration Module Pages/Third Screen - Upload Supporting Doc- Preview/Supporting Doc Please Select Drop Down' is clicked on

2018-12-05 12:30:21 - [MESSAGE][PASSED] - Object: 'Object Repository/Final Object Repo/New Registration - Registration Module Pages/Third Screen - Upload Supporting Doc- Preview/Supporting Doc Please Select Drop Down' is clicked on

2018-12-05 12:30:21 - [TEST_STEP][PASSED] - delay: Delayed 2 second(s)

2018-12-05 12:30:23 - [MESSAGE][PASSED] - Delayed 2 second(s)

2018-12-05 12:30:23 - [TEST_STEP][PASSED] - click: Object: 'Object Repository/Final Object Repo/New Registration - Registration Module Pages/Third Screen - Upload Supporting Doc- Preview/Select to Upload Form 2' is clicked on

2018-12-05 12:30:23 - [MESSAGE][PASSED] - Object: 'Object Repository/Final Object Repo/New Registration - Registration Module Pages/Third Screen - Upload Supporting Doc- Preview/Select to Upload Form 2' is clicked on

2018-12-05 12:30:23 - [TEST_STEP][PASSED] - delay: Delayed 2 second(s)

2018-12-05 12:30:25 - [MESSAGE][PASSED] - Delayed 2 second(s)

2018-12-05 12:30:25 - [TEST_STEP][PASSED] - uploadFile: File 'C:\Users\Public\Pictures\Sample Pictures\Koala.jpg' sent to object: 'Object Repository/Final Object Repo/New Registration - Registration Module Pages/Third Screen - Upload Supporting Doc- Preview/Upload File Adding'

2018-12-05 12:30:25 - [MESSAGE][PASSED] - File 'C:\Users\Public\Pictures\Sample Pictures\Koala.jpg' sent to object: 'Object Repository/Final Object Repo/New Registration - Registration Module Pages/Third Screen - Upload Supporting Doc- Preview/Upload File Adding'

2018-12-05 12:30:25 - [TEST_STEP][PASSED] - click: Object: 'Object Repository/Final Object Repo/New Registration - Registration Module Pages/Third Screen - Upload Supporting Doc- Preview/Inner Form Add Document Button' is clicked on

2018-12-05 12:30:25 - [MESSAGE][PASSED] - Object: 'Object Repository/Final Object Repo/New Registration - Registration Module Pages/Third Screen - Upload Supporting Doc- Preview/Inner Form Add Document Button' is clicked on

2018-12-05 12:30:25 - [TEST_STEP][PASSED] - delay: Delayed 5 second(s)

2018-12-05 12:30:30 - [MESSAGE][PASSED] - Delayed 5 second(s)

2018-12-05 12:30:30 - [TEST_STEP][PASSED] - click: Object: 'Object Repository/Final Object Repo/New Registration - Registration Module Pages/Third Screen - Upload Supporting Doc- Preview/Add Document Button' is clicked on

2018-12-05 12:30:31 - [MESSAGE][PASSED] - Object: 'Object Repository/Final Object Repo/New Registration - Registration Module Pages/Third Screen - Upload Supporting Doc- Preview/Add Document Button' is clicked on

2018-12-05 12:30:31 - [TEST_STEP][PASSED] - delay: Delayed 30 second(s)

2018-12-05 12:31:01 - [MESSAGE][PASSED] - Delayed 30 second(s)

2018-12-05 12:31:01 - [TEST_STEP][PASSED] - click: Object: 'Object Repository/Final Object Repo/New Registration - Registration Module Pages/Third Screen - Upload Supporting Doc- Preview/Supporting Doc Please Select Drop Down' is clicked on

2018-12-05 12:31:01 - [MESSAGE][PASSED] - Object: 'Object Repository/Final Object Repo/New Registration - Registration Module Pages/Third Screen - Upload Supporting Doc- Preview/Supporting Doc Please Select Drop Down' is clicked on

2018-12-05 12:31:01 - [TEST_STEP][PASSED] - click: Object: 'Object Repository/Final Object Repo/New Registration - Registration Module Pages/Third Screen - Upload Supporting Doc- Preview/Select to Upload Borang SIP 1' is clicked on

2018-12-05 12:31:01 - [MESSAGE][PASSED] - Object: 'Object Repository/Final Object Repo/New Registration - Registration Module Pages/Third Screen - Upload Supporting Doc- Preview/Select to Upload Borang SIP 1' is clicked on

2018-12-05 12:31:01 - [TEST_STEP][PASSED] - delay: Delayed 2 second(s)

2018-12-05 12:31:03 - [MESSAGE][PASSED] - Delayed 2 second(s)

2018-12-05 12:31:03 - [TEST_STEP][PASSED] - uploadFile: File 'C:\Users\Public\Pictures\Sample Pictures\Koala.jpg' sent to object: 'Object Repository/Final Object Repo/New Registration - Registration Module Pages/Third Screen - Upload Supporting Doc- Preview/Upload File Adding'

2018-12-05 12:31:03 - [MESSAGE][PASSED] - File 'C:\Users\Public\Pictures\Sample Pictures\Koala.jpg' sent to object: 'Object Repository/Final Object Repo/New Registration - Registration Module Pages/Third Screen - Upload Supporting Doc- Preview/Upload File Adding'

2018-12-05 12:31:03 - [TEST_STEP][PASSED] - click: Object: 'Object Repository/Final Object Repo/New Registration - Registration Module Pages/Third Screen - Upload Supporting Doc- Preview/Inner Form Add Document Button' is clicked on

2018-12-05 12:31:03 - [MESSAGE][PASSED] - Object: 'Object Repository/Final Object Repo/New Registration - Registration Module Pages/Third Screen - Upload Supporting Doc- Preview/Inner Form Add Document Button' is clicked on

2018-12-05 12:31:03 - [TEST_STEP][PASSED] - delay: Delayed 5 second(s)

2018-12-05 12:31:08 - [MESSAGE][PASSED] - Delayed 5 second(s)

2018-12-05 12:31:08 - [TEST_STEP][PASSED] - click: Object: 'Object Repository/Final Object Repo/New Registration - Registration Module Pages/Third Screen - Upload Supporting Doc- Preview/Add Document Button' is clicked on

2018-12-05 12:31:08 - [MESSAGE][PASSED] - Object: 'Object Repository/Final Object Repo/New Registration - Registration Module Pages/Third Screen - Upload Supporting Doc- Preview/Add Document Button' is clicked on

2018-12-05 12:31:08 - [TEST_STEP][PASSED] - delay: Delayed 30 second(s)

2018-12-05 12:31:38 - [MESSAGE][PASSED] - Delayed 30 second(s)

2018-12-05 12:31:38 - [TEST_STEP][PASSED] - click: Object: 'Object Repository/Final Object Repo/New Registration - Registration Module Pages/Third Screen - Upload Supporting Doc- Preview/Supporting Doc Please Select Drop Down' is clicked on

2018-12-05 12:31:39 - [MESSAGE][PASSED] - Object: 'Object Repository/Final Object Repo/New Registration - Registration Module Pages/Third Screen - Upload Supporting Doc- Preview/Supporting Doc Please Select Drop Down' is clicked on

2018-12-05 12:31:39 - [TEST_STEP][PASSED] - delay: Delayed 3 second(s)

2018-12-05 12:31:42 - [MESSAGE][PASSED] - Delayed 3 second(s)

2018-12-05 12:31:42 - [TEST_STEP][PASSED] - click: Object: 'Object Repository/Final Object Repo/New Registration - Registration Module Pages/Third Screen - Upload Supporting Doc- Preview/Select to Upload Borang SIP 2' is clicked on

2018-12-05 12:31:42 - [MESSAGE][PASSED] - Object: 'Object Repository/Final Object Repo/New Registration - Registration Module Pages/Third Screen - Upload Supporting Doc- Preview/Select to Upload Borang SIP 2' is clicked on

2018-12-05 12:31:42 - [TEST_STEP][PASSED] - delay: Delayed 2 second(s)

2018-12-05 12:31:44 - [MESSAGE][PASSED] - Delayed 2 second(s)

2018-12-05 12:31:44 - [TEST_STEP][PASSED] - uploadFile: File 'C:\Users\Public\Pictures\Sample Pictures\Koala.jpg' sent to object: 'Object Repository/Final Object Repo/New Registration - Registration Module Pages/Third Screen - Upload Supporting Doc- Preview/Upload File Adding'

2018-12-05 12:31:44 - [MESSAGE][PASSED] - File 'C:\Users\Public\Pictures\Sample Pictures\Koala.jpg' sent to object: 'Object Repository/Final Object Repo/New Registration - Registration Module Pages/Third Screen - Upload Supporting Doc- Preview/Upload File Adding'

2018-12-05 12:31:44 - [TEST_STEP][PASSED] - delay: Delayed 5 second(s)

2018-12-05 12:31:49 - [MESSAGE][PASSED] - Delayed 5 second(s)

2018-12-05 12:31:49 - [TEST_STEP][PASSED] - click: Object: 'Object Repository/Final Object Repo/New Registration - Registration Module Pages/Third Screen - Upload Supporting Doc- Preview/Inner Form Add Document Button' is clicked on

2018-12-05 12:31:49 - [MESSAGE][PASSED] - Object: 'Object Repository/Final Object Repo/New Registration - Registration Module Pages/Third Screen - Upload Supporting Doc- Preview/Inner Form Add Document Button' is clicked on

2018-12-05 12:31:49 - [TEST_STEP][PASSED] - delay: Delayed 3 second(s)

2018-12-05 12:31:52 - [MESSAGE][PASSED] - Delayed 3 second(s)

2018-12-05 12:31:52 - [TEST_STEP][PASSED] - waitForElementClickable: Object 'Object Repository/Final Object Repo/New Registration - Registration Module Pages/Third Screen - Upload Supporting Doc- Preview/Save n Continue in Uploading Supporting Doc Page' is clickable

2018-12-05 12:31:53 - [MESSAGE][PASSED] - Object 'Object Repository/Final Object Repo/New Registration - Registration Module Pages/Third Screen - Upload Supporting Doc- Preview/Save n Continue in Uploading Supporting Doc Page' is clickable

2018-12-05 12:31:53 - [TEST_STEP][PASSED] - click: Object: 'Object Repository/Final Object Repo/New Registration - Registration Module Pages/Third Screen - Upload Supporting Doc- Preview/Save n Continue in Uploading Supporting Doc Page' is clicked on

2018-12-05 12:31:53 - [MESSAGE][PASSED] - Object: 'Object Repository/Final Object Repo/New Registration - Registration Module Pages/Third Screen - Upload Supporting Doc- Preview/Save n Continue in Uploading Supporting Doc Page' is clicked on

2018-12-05 12:31:53 - [MESSAGE][PASSED] - Call Test Case 'Test Cases/Final Aug 2018 - PKS Automation/Registration Module/New Registration/Flow of New Registration/Third Screen - Upload Supporting Doc - Preview' successfully

2018-12-05 12:31:53 - [TEST_STEP][PASSED] - callTestCase: Call Test Case 'Test Cases/Final Aug 2018 - PKS Automation/Registration Module/New Registration/Submit and Screenshot/Submit Registration and Screenshot' successfully

2018-12-05 12:31:54 - [TEST_CASE][PASSED] - Test Cases/Final Aug 2018 - PKS Automation/Registration Module/New Registration/Submit and Screenshot/Submit Registration and Screenshot: Test Cases/Final Aug 2018 - PKS Automation/Registration Module/New Registration/Submit and Screenshot/Submit Registration and Screenshot

2018-12-05 12:31:54 - [TEST_STEP][PASSED] - delay: Delayed 6 second(s)

2018-12-05 12:32:00 - [MESSAGE][PASSED] - Delayed 6 second(s)

2018-12-05 12:32:00 - [TEST_STEP][PASSED] - click: Object: 'Object Repository/Final Object Repo/New Registration - Registration Module Pages/Third Screen - Upload Supporting Doc- Preview/Preview Submit Button' is clicked on

2018-12-05 12:32:00 - [MESSAGE][PASSED] - Object: 'Object Repository/Final Object Repo/New Registration - Registration Module Pages/Third Screen - Upload Supporting Doc- Preview/Preview Submit Button' is clicked on

2018-12-05 12:32:00 - [TEST_STEP][PASSED] - delay: Delayed 2 second(s)

2018-12-05 12:32:02 - [MESSAGE][PASSED] - Delayed 2 second(s)

2018-12-05 12:32:02 - [TEST_STEP][PASSED] - click: Object: 'Object Repository/Final Object Repo/New Registration - Registration Module Pages/Third Screen - Upload Supporting Doc- Preview/Preview Submit - Confirm' is clicked on

2018-12-05 12:32:02 - [MESSAGE][PASSED] - Object: 'Object Repository/Final Object Repo/New Registration - Registration Module Pages/Third Screen - Upload Supporting Doc- Preview/Preview Submit - Confirm' is clicked on

2018-12-05 12:32:02 - [TEST_STEP][PASSED] - delay: Delayed 15 second(s)

2018-12-05 12:32:17 - [MESSAGE][PASSED] - Delayed 15 second(s)

2018-12-05 12:32:17 - [TEST_STEP][PASSED] - Statement - driver = com.kms.katalon.core.webui.driver.DriverFactory.getWebDriver(): null

2018-12-05 12:32:17 - [TEST_STEP][PASSED] - Statement - driver.manage().timeouts().implicitlyWait(10, SECONDS): null

2018-12-05 12:32:17 - [TEST_STEP][PASSED] - Statement - PresavePath = KatalonScreenshots: null

2018-12-05 12:32:17 - [TEST_STEP][PASSED] - Statement - pathPrefix = "C:\Users\Public\Pictures\Sample Pictures\Katalon Screenshots\Automate Ending Screen": null

2018-12-05 12:32:17 - [TEST_STEP][PASSED] - Statement - finalPath = <not implemented yet for class: org.codehaus.groovy.ast.expr.EmptyExpression>: null

2018-12-05 12:32:17 - [TEST_STEP][PASSED] - Statement - scrFile = driver.getScreenshotAs(FILE): null

2018-12-05 12:32:17 - [TEST_STEP][PASSED] - Statement - PreSaveFile = new java.io.File(PresavePath): null

2018-12-05 12:32:17 - [TEST_STEP][PASSED] - Statement - counter = 0: null

2018-12-05 12:32:17 - [TEST_STEP][PASSED] - Statement - If (PreSaveFile.exists()): null

2018-12-05 12:32:17 - [TEST_STEP][PASSED] - Statement - While (PreSaveFile.exists()): null

2018-12-05 12:32:17 - [TEST_STEP][PASSED] - Statement - counter = counter + 1: null

2018-12-05 12:32:17 - [TEST_STEP][PASSED] - Statement - PreSaveFile = new java.io.File(((pathPrefix + java.lang.Integer.toString(counter)) + .png)): null

2018-12-05 12:32:17 - [TEST_STEP][PASSED] - Statement - counter = counter + 1: null

2018-12-05 12:32:17 - [TEST_STEP][PASSED] - Statement - PreSaveFile = new java.io.File(((pathPrefix + java.lang.Integer.toString(counter)) + .png)): null

2018-12-05 12:32:17 - [TEST_STEP][PASSED] - Statement - counter = counter + 1: null

2018-12-05 12:32:17 - [TEST_STEP][PASSED] - Statement - PreSaveFile = new java.io.File(((pathPrefix + java.lang.Integer.toString(counter)) + .png)): null

2018-12-05 12:32:17 - [TEST_STEP][PASSED] - Statement - counter = counter + 1: null

2018-12-05 12:32:17 - [TEST_STEP][PASSED] - Statement - PreSaveFile = new java.io.File(((pathPrefix + java.lang.Integer.toString(counter)) + .png)): null

2018-12-05 12:32:17 - [TEST_STEP][PASSED] - Statement - counter = counter + 1: null

2018-12-05 12:32:17 - [TEST_STEP][PASSED] - Statement - PreSaveFile = new java.io.File(((pathPrefix + java.lang.Integer.toString(counter)) + .png)): null

2018-12-05 12:32:17 - [TEST_STEP][PASSED] - Statement - counter = counter + 1: null

2018-12-05 12:32:17 - [TEST_STEP][PASSED] - Statement - PreSaveFile = new java.io.File(((pathPrefix + java.lang.Integer.toString(counter)) + .png)): null

2018-12-05 12:32:17 - [TEST_STEP][PASSED] - Statement - counter = counter + 1: null

2018-12-05 12:32:17 - [TEST_STEP][PASSED] - Statement - PreSaveFile = new java.io.File(((pathPrefix + java.lang.Integer.toString(counter)) + .png)): null

2018-12-05 12:32:17 - [TEST_STEP][PASSED] - Statement - counter = counter + 1: null

2018-12-05 12:32:17 - [TEST_STEP][PASSED] - Statement - PreSaveFile = new java.io.File(((pathPrefix + java.lang.Integer.toString(counter)) + .png)): null

2018-12-05 12:32:17 - [TEST_STEP][PASSED] - Statement - counter = counter + 1: null

2018-12-05 12:32:17 - [TEST_STEP][PASSED] - Statement - PreSaveFile = new java.io.File(((pathPrefix + java.lang.Integer.toString(counter)) + .png)): null

2018-12-05 12:32:17 - [TEST_STEP][PASSED] - Statement - counter = counter + 1: null

2018-12-05 12:32:17 - [TEST_STEP][PASSED] - Statement - PreSaveFile = new java.io.File(((pathPrefix + java.lang.Integer.toString(counter)) + .png)): null

2018-12-05 12:32:17 - [TEST_STEP][PASSED] - Statement - counter = counter + 1: null

2018-12-05 12:32:17 - [TEST_STEP][PASSED] - Statement - PreSaveFile = new java.io.File(((pathPrefix + java.lang.Integer.toString(counter)) + .png)): null

2018-12-05 12:32:17 - [TEST_STEP][PASSED] - Statement - counter = counter + 1: null

2018-12-05 12:32:17 - [TEST_STEP][PASSED] - Statement - PreSaveFile = new java.io.File(((pathPrefix + java.lang.Integer.toString(counter)) + .png)): null

2018-12-05 12:32:17 - [TEST_STEP][PASSED] - Statement - counter = counter + 1: null

2018-12-05 12:32:17 - [TEST_STEP][PASSED] - Statement - PreSaveFile = new java.io.File(((pathPrefix + java.lang.Integer.toString(counter)) + .png)): null

2018-12-05 12:32:17 - [TEST_STEP][PASSED] - Statement - counter = counter + 1: null

2018-12-05 12:32:17 - [TEST_STEP][PASSED] - Statement - PreSaveFile = new java.io.File(((pathPrefix + java.lang.Integer.toString(counter)) + .png)): null

2018-12-05 12:32:17 - [TEST_STEP][PASSED] - Statement - counter = counter + 1: null

2018-12-05 12:32:17 - [TEST_STEP][PASSED] - Statement - PreSaveFile = new java.io.File(((pathPrefix + java.lang.Integer.toString(counter)) + .png)): null

2018-12-05 12:32:17 - [TEST_STEP][PASSED] - Statement - counter = counter + 1: null

2018-12-05 12:32:17 - [TEST_STEP][PASSED] - Statement - PreSaveFile = new java.io.File(((pathPrefix + java.lang.Integer.toString(counter)) + .png)): null

2018-12-05 12:32:18 - [TEST_STEP][PASSED] - Statement - counter = counter + 1: null

2018-12-05 12:32:18 - [TEST_STEP][PASSED] - Statement - PreSaveFile = new java.io.File(((pathPrefix + java.lang.Integer.toString(counter)) + .png)): null

2018-12-05 12:32:18 - [TEST_STEP][PASSED] - Statement - counter = counter + 1: null

2018-12-05 12:32:18 - [TEST_STEP][PASSED] - Statement - PreSaveFile = new java.io.File(((pathPrefix + java.lang.Integer.toString(counter)) + .png)): null

2018-12-05 12:32:18 - [TEST_STEP][PASSED] - Statement - counter = counter + 1: null

2018-12-05 12:32:18 - [TEST_STEP][PASSED] - Statement - PreSaveFile = new java.io.File(((pathPrefix + java.lang.Integer.toString(counter)) + .png)): null

2018-12-05 12:32:18 - [TEST_STEP][PASSED] - Statement - counter = counter + 1: null

2018-12-05 12:32:18 - [TEST_STEP][PASSED] - Statement - PreSaveFile = new java.io.File(((pathPrefix + java.lang.Integer.toString(counter)) + .png)): null

2018-12-05 12:32:18 - [TEST_STEP][PASSED] - Statement - counter = counter + 1: null

2018-12-05 12:32:18 - [TEST_STEP][PASSED] - Statement - PreSaveFile = new java.io.File(((pathPrefix + java.lang.Integer.toString(counter)) + .png)): null

2018-12-05 12:32:18 - [TEST_STEP][PASSED] - Statement - counter = counter + 1: null

2018-12-05 12:32:18 - [TEST_STEP][PASSED] - Statement - PreSaveFile = new java.io.File(((pathPrefix + java.lang.Integer.toString(counter)) + .png)): null

2018-12-05 12:32:18 - [TEST_STEP][PASSED] - Statement - counter = counter + 1: null

2018-12-05 12:32:18 - [TEST_STEP][PASSED] - Statement - PreSaveFile = new java.io.File(((pathPrefix + java.lang.Integer.toString(counter)) + .png)): null

2018-12-05 12:32:18 - [TEST_STEP][PASSED] - Statement - counter = counter + 1: null

2018-12-05 12:32:18 - [TEST_STEP][PASSED] - Statement - PreSaveFile = new java.io.File(((pathPrefix + java.lang.Integer.toString(counter)) + .png)): null

2018-12-05 12:32:18 - [TEST_STEP][PASSED] - Statement - counter = counter + 1: null

2018-12-05 12:32:18 - [TEST_STEP][PASSED] - Statement - PreSaveFile = new java.io.File(((pathPrefix + java.lang.Integer.toString(counter)) + .png)): null

2018-12-05 12:32:18 - [TEST_STEP][PASSED] - Statement - counter = counter + 1: null

2018-12-05 12:32:18 - [TEST_STEP][PASSED] - Statement - PreSaveFile = new java.io.File(((pathPrefix + java.lang.Integer.toString(counter)) + .png)): null

2018-12-05 12:32:18 - [TEST_STEP][PASSED] - Statement - counter = counter + 1: null

2018-12-05 12:32:18 - [TEST_STEP][PASSED] - Statement - PreSaveFile = new java.io.File(((pathPrefix + java.lang.Integer.toString(counter)) + .png)): null

2018-12-05 12:32:18 - [TEST_STEP][PASSED] - Statement - counter = counter + 1: null

2018-12-05 12:32:18 - [TEST_STEP][PASSED] - Statement - PreSaveFile = new java.io.File(((pathPrefix + java.lang.Integer.toString(counter)) + .png)): null

2018-12-05 12:32:18 - [TEST_STEP][PASSED] - Statement - counter = counter + 1: null

2018-12-05 12:32:18 - [TEST_STEP][PASSED] - Statement - PreSaveFile = new java.io.File(((pathPrefix + java.lang.Integer.toString(counter)) + .png)): null

2018-12-05 12:32:18 - [TEST_STEP][PASSED] - Statement - counter = counter + 1: null

2018-12-05 12:32:18 - [TEST_STEP][PASSED] - Statement - PreSaveFile = new java.io.File(((pathPrefix + java.lang.Integer.toString(counter)) + .png)): null

2018-12-05 12:32:18 - [TEST_STEP][PASSED] - Statement - counter = counter + 1: null

2018-12-05 12:32:18 - [TEST_STEP][PASSED] - Statement - PreSaveFile = new java.io.File(((pathPrefix + java.lang.Integer.toString(counter)) + .png)): null

2018-12-05 12:32:18 - [TEST_STEP][PASSED] - Statement - counter = counter + 1: null

2018-12-05 12:32:18 - [TEST_STEP][PASSED] - Statement - PreSaveFile = new java.io.File(((pathPrefix + java.lang.Integer.toString(counter)) + .png)): null

2018-12-05 12:32:18 - [TEST_STEP][PASSED] - Statement - counter = counter + 1: null

2018-12-05 12:32:18 - [TEST_STEP][PASSED] - Statement - PreSaveFile = new java.io.File(((pathPrefix + java.lang.Integer.toString(counter)) + .png)): null

2018-12-05 12:32:18 - [TEST_STEP][PASSED] - Statement - counter = counter + 1: null

2018-12-05 12:32:18 - [TEST_STEP][PASSED] - Statement - PreSaveFile = new java.io.File(((pathPrefix + java.lang.Integer.toString(counter)) + .png)): null

2018-12-05 12:32:18 - [TEST_STEP][PASSED] - Statement - counter = counter + 1: null

2018-12-05 12:32:18 - [TEST_STEP][PASSED] - Statement - PreSaveFile = new java.io.File(((pathPrefix + java.lang.Integer.toString(counter)) + .png)): null

2018-12-05 12:32:18 - [TEST_STEP][PASSED] - Statement - counter = counter + 1: null

2018-12-05 12:32:18 - [TEST_STEP][PASSED] - Statement - PreSaveFile = new java.io.File(((pathPrefix + java.lang.Integer.toString(counter)) + .png)): null

2018-12-05 12:32:18 - [TEST_STEP][PASSED] - Statement - counter = counter + 1: null

2018-12-05 12:32:18 - [TEST_STEP][PASSED] - Statement - PreSaveFile = new java.io.File(((pathPrefix + java.lang.Integer.toString(counter)) + .png)): null

2018-12-05 12:32:18 - [TEST_STEP][PASSED] - Statement - counter = counter + 1: null

2018-12-05 12:32:19 - [TEST_STEP][PASSED] - Statement - PreSaveFile = new java.io.File(((pathPrefix + java.lang.Integer.toString(counter)) + .png)): null

2018-12-05 12:32:19 - [TEST_STEP][PASSED] - Statement - counter = counter + 1: null

2018-12-05 12:32:19 - [TEST_STEP][PASSED] - Statement - PreSaveFile = new java.io.File(((pathPrefix + java.lang.Integer.toString(counter)) + .png)): null

2018-12-05 12:32:19 - [TEST_STEP][PASSED] - Statement - counter = counter + 1: null

2018-12-05 12:32:19 - [TEST_STEP][PASSED] - Statement - PreSaveFile = new java.io.File(((pathPrefix + java.lang.Integer.toString(counter)) + .png)): null

2018-12-05 12:32:19 - [TEST_STEP][PASSED] - Statement - counter = counter + 1: null

2018-12-05 12:32:19 - [TEST_STEP][PASSED] - Statement - PreSaveFile = new java.io.File(((pathPrefix + java.lang.Integer.toString(counter)) + .png)): null

2018-12-05 12:32:19 - [TEST_STEP][PASSED] - Statement - counter = counter + 1: null

2018-12-05 12:32:19 - [TEST_STEP][PASSED] - Statement - PreSaveFile = new java.io.File(((pathPrefix + java.lang.Integer.toString(counter)) + .png)): null

2018-12-05 12:32:19 - [TEST_STEP][PASSED] - Statement - counter = counter + 1: null

2018-12-05 12:32:19 - [TEST_STEP][PASSED] - Statement - PreSaveFile = new java.io.File(((pathPrefix + java.lang.Integer.toString(counter)) + .png)): null

2018-12-05 12:32:19 - [TEST_STEP][PASSED] - Statement - counter = counter + 1: null

2018-12-05 12:32:19 - [TEST_STEP][PASSED] - Statement - PreSaveFile = new java.io.File(((pathPrefix + java.lang.Integer.toString(counter)) + .png)): null

2018-12-05 12:32:19 - [TEST_STEP][PASSED] - Statement - counter = counter + 1: null

2018-12-05 12:32:19 - [TEST_STEP][PASSED] - Statement - PreSaveFile = new java.io.File(((pathPrefix + java.lang.Integer.toString(counter)) + .png)): null

2018-12-05 12:32:19 - [TEST_STEP][PASSED] - Statement - counter = counter + 1: null

2018-12-05 12:32:19 - [TEST_STEP][PASSED] - Statement - PreSaveFile = new java.io.File(((pathPrefix + java.lang.Integer.toString(counter)) + .png)): null

2018-12-05 12:32:19 - [TEST_STEP][PASSED] - Statement - counter = counter + 1: null

2018-12-05 12:32:19 - [TEST_STEP][PASSED] - Statement - PreSaveFile = new java.io.File(((pathPrefix + java.lang.Integer.toString(counter)) + .png)): null

2018-12-05 12:32:19 - [TEST_STEP][PASSED] - Statement - counter = counter + 1: null

2018-12-05 12:32:19 - [TEST_STEP][PASSED] - Statement - PreSaveFile = new java.io.File(((pathPrefix + java.lang.Integer.toString(counter)) + .png)): null

2018-12-05 12:32:19 - [TEST_STEP][PASSED] - Statement - counter = counter + 1: null

2018-12-05 12:32:19 - [TEST_STEP][PASSED] - Statement - PreSaveFile = new java.io.File(((pathPrefix + java.lang.Integer.toString(counter)) + .png)): null

2018-12-05 12:32:19 - [TEST_STEP][PASSED] - Statement - counter = counter + 1: null

2018-12-05 12:32:19 - [TEST_STEP][PASSED] - Statement - PreSaveFile = new java.io.File(((pathPrefix + java.lang.Integer.toString(counter)) + .png)): null

2018-12-05 12:32:19 - [TEST_STEP][PASSED] - Statement - counter = counter + 1: null

2018-12-05 12:32:19 - [TEST_STEP][PASSED] - Statement - PreSaveFile = new java.io.File(((pathPrefix + java.lang.Integer.toString(counter)) + .png)): null

2018-12-05 12:32:19 - [TEST_STEP][PASSED] - Statement - counter = counter + 1: null

2018-12-05 12:32:20 - [TEST_STEP][PASSED] - Statement - PreSaveFile = new java.io.File(((pathPrefix + java.lang.Integer.toString(counter)) + .png)): null

2018-12-05 12:32:20 - [TEST_STEP][PASSED] - Statement - counter = counter + 1: null

2018-12-05 12:32:20 - [TEST_STEP][PASSED] - Statement - PreSaveFile = new java.io.File(((pathPrefix + java.lang.Integer.toString(counter)) + .png)): null

2018-12-05 12:32:20 - [TEST_STEP][PASSED] - Statement - counter = counter + 1: null

2018-12-05 12:32:20 - [TEST_STEP][PASSED] - Statement - PreSaveFile = new java.io.File(((pathPrefix + java.lang.Integer.toString(counter)) + .png)): null

2018-12-05 12:32:20 - [TEST_STEP][PASSED] - Statement - counter = counter + 1: null

2018-12-05 12:32:20 - [TEST_STEP][PASSED] - Statement - PreSaveFile = new java.io.File(((pathPrefix + java.lang.Integer.toString(counter)) + .png)): null

2018-12-05 12:32:20 - [TEST_STEP][PASSED] - Statement - counter = counter + 1: null

2018-12-05 12:32:20 - [TEST_STEP][PASSED] - Statement - PreSaveFile = new java.io.File(((pathPrefix + java.lang.Integer.toString(counter)) + .png)): null

2018-12-05 12:32:20 - [TEST_STEP][PASSED] - Statement - counter = counter + 1: null

2018-12-05 12:32:20 - [TEST_STEP][PASSED] - Statement - PreSaveFile = new java.io.File(((pathPrefix + java.lang.Integer.toString(counter)) + .png)): null

2018-12-05 12:32:20 - [TEST_STEP][PASSED] - Statement - counter = counter + 1: null

2018-12-05 12:32:20 - [TEST_STEP][PASSED] - Statement - PreSaveFile = new java.io.File(((pathPrefix + java.lang.Integer.toString(counter)) + .png)): null

2018-12-05 12:32:20 - [TEST_STEP][PASSED] - Statement - counter = counter + 1: null

2018-12-05 12:32:20 - [TEST_STEP][PASSED] - Statement - PreSaveFile = new java.io.File(((pathPrefix + java.lang.Integer.toString(counter)) + .png)): null

2018-12-05 12:32:20 - [TEST_STEP][PASSED] - Statement - counter = counter + 1: null

2018-12-05 12:32:20 - [TEST_STEP][PASSED] - Statement - PreSaveFile = new java.io.File(((pathPrefix + java.lang.Integer.toString(counter)) + .png)): null

2018-12-05 12:32:20 - [TEST_STEP][PASSED] - Statement - counter = counter + 1: null

2018-12-05 12:32:20 - [TEST_STEP][PASSED] - Statement - PreSaveFile = new java.io.File(((pathPrefix + java.lang.Integer.toString(counter)) + .png)): null

2018-12-05 12:32:20 - [TEST_STEP][PASSED] - Statement - counter = counter + 1: null

2018-12-05 12:32:20 - [TEST_STEP][PASSED] - Statement - PreSaveFile = new java.io.File(((pathPrefix + java.lang.Integer.toString(counter)) + .png)): null

2018-12-05 12:32:20 - [TEST_STEP][PASSED] - Statement - counter = counter + 1: null

2018-12-05 12:32:20 - [TEST_STEP][PASSED] - Statement - PreSaveFile = new java.io.File(((pathPrefix + java.lang.Integer.toString(counter)) + .png)): null

2018-12-05 12:32:20 - [TEST_STEP][PASSED] - Statement - counter = counter + 1: null

2018-12-05 12:32:20 - [TEST_STEP][PASSED] - Statement - PreSaveFile = new java.io.File(((pathPrefix + java.lang.Integer.toString(counter)) + .png)): null

2018-12-05 12:32:20 - [TEST_STEP][PASSED] - Statement - counter = counter + 1: null

2018-12-05 12:32:20 - [TEST_STEP][PASSED] - Statement - PreSaveFile = new java.io.File(((pathPrefix + java.lang.Integer.toString(counter)) + .png)): null

2018-12-05 12:32:20 - [TEST_STEP][PASSED] - Statement - counter = counter + 1: null

2018-12-05 12:32:20 - [TEST_STEP][PASSED] - Statement - PreSaveFile = new java.io.File(((pathPrefix + java.lang.Integer.toString(counter)) + .png)): null

2018-12-05 12:32:21 - [TEST_STEP][PASSED] - Statement - counter = counter + 1: null

2018-12-05 12:32:21 - [TEST_STEP][PASSED] - Statement - PreSaveFile = new java.io.File(((pathPrefix + java.lang.Integer.toString(counter)) + .png)): null

2018-12-05 12:32:21 - [TEST_STEP][PASSED] - Statement - counter = counter + 1: null

2018-12-05 12:32:21 - [TEST_STEP][PASSED] - Statement - PreSaveFile = new java.io.File(((pathPrefix + java.lang.Integer.toString(counter)) + .png)): null

2018-12-05 12:32:21 - [TEST_STEP][PASSED] - Statement - counter = counter + 1: null

2018-12-05 12:32:21 - [TEST_STEP][PASSED] - Statement - PreSaveFile = new java.io.File(((pathPrefix + java.lang.Integer.toString(counter)) + .png)): null

2018-12-05 12:32:21 - [TEST_STEP][PASSED] - Statement - counter = counter + 1: null

2018-12-05 12:32:21 - [TEST_STEP][PASSED] - Statement - PreSaveFile = new java.io.File(((pathPrefix + java.lang.Integer.toString(counter)) + .png)): null

2018-12-05 12:32:21 - [TEST_STEP][PASSED] - Statement - counter = counter + 1: null

2018-12-05 12:32:21 - [TEST_STEP][PASSED] - Statement - PreSaveFile = new java.io.File(((pathPrefix + java.lang.Integer.toString(counter)) + .png)): null

2018-12-05 12:32:21 - [TEST_STEP][PASSED] - Statement - counter = counter + 1: null

2018-12-05 12:32:21 - [TEST_STEP][PASSED] - Statement - PreSaveFile = new java.io.File(((pathPrefix + java.lang.Integer.toString(counter)) + .png)): null

2018-12-05 12:32:21 - [TEST_STEP][PASSED] - Statement - counter = counter + 1: null

2018-12-05 12:32:21 - [TEST_STEP][PASSED] - Statement - PreSaveFile = new java.io.File(((pathPrefix + java.lang.Integer.toString(counter)) + .png)): null

2018-12-05 12:32:21 - [TEST_STEP][PASSED] - Statement - counter = counter + 1: null

2018-12-05 12:32:21 - [TEST_STEP][PASSED] - Statement - PreSaveFile = new java.io.File(((pathPrefix + java.lang.Integer.toString(counter)) + .png)): null

2018-12-05 12:32:21 - [TEST_STEP][PASSED] - Statement - counter = counter + 1: null

2018-12-05 12:32:21 - [TEST_STEP][PASSED] - Statement - PreSaveFile = new java.io.File(((pathPrefix + java.lang.Integer.toString(counter)) + .png)): null

2018-12-05 12:32:21 - [TEST_STEP][PASSED] - Statement - counter = counter + 1: null

2018-12-05 12:32:21 - [TEST_STEP][PASSED] - Statement - PreSaveFile = new java.io.File(((pathPrefix + java.lang.Integer.toString(counter)) + .png)): null

2018-12-05 12:32:21 - [TEST_STEP][PASSED] - Statement - counter = counter + 1: null

2018-12-05 12:32:21 - [TEST_STEP][PASSED] - Statement - PreSaveFile = new java.io.File(((pathPrefix + java.lang.Integer.toString(counter)) + .png)): null

2018-12-05 12:32:21 - [TEST_STEP][PASSED] - Statement - counter = counter + 1: null

2018-12-05 12:32:21 - [TEST_STEP][PASSED] - Statement - PreSaveFile = new java.io.File(((pathPrefix + java.lang.Integer.toString(counter)) + .png)): null

2018-12-05 12:32:21 - [TEST_STEP][PASSED] - Statement - counter = counter + 1: null

2018-12-05 12:32:21 - [TEST_STEP][PASSED] - Statement - PreSaveFile = new java.io.File(((pathPrefix + java.lang.Integer.toString(counter)) + .png)): null

2018-12-05 12:32:21 - [TEST_STEP][PASSED] - Statement - counter = counter + 1: null

2018-12-05 12:32:21 - [TEST_STEP][PASSED] - Statement - PreSaveFile = new java.io.File(((pathPrefix + java.lang.Integer.toString(counter)) + .png)): null

2018-12-05 12:32:21 - [TEST_STEP][PASSED] - Statement - counter = counter + 1: null

2018-12-05 12:32:22 - [TEST_STEP][PASSED] - Statement - PreSaveFile = new java.io.File(((pathPrefix + java.lang.Integer.toString(counter)) + .png)): null

2018-12-05 12:32:22 - [TEST_STEP][PASSED] - Statement - counter = counter + 1: null

2018-12-05 12:32:22 - [TEST_STEP][PASSED] - Statement - PreSaveFile = new java.io.File(((pathPrefix + java.lang.Integer.toString(counter)) + .png)): null

2018-12-05 12:32:22 - [TEST_STEP][PASSED] - Statement - counter = counter + 1: null

2018-12-05 12:32:22 - [TEST_STEP][PASSED] - Statement - PreSaveFile = new java.io.File(((pathPrefix + java.lang.Integer.toString(counter)) + .png)): null

2018-12-05 12:32:22 - [TEST_STEP][PASSED] - Statement - counter = counter + 1: null

2018-12-05 12:32:22 - [TEST_STEP][PASSED] - Statement - PreSaveFile = new java.io.File(((pathPrefix + java.lang.Integer.toString(counter)) + .png)): null

2018-12-05 12:32:22 - [TEST_STEP][PASSED] - Statement - counter = counter + 1: null

2018-12-05 12:32:22 - [TEST_STEP][PASSED] - Statement - PreSaveFile = new java.io.File(((pathPrefix + java.lang.Integer.toString(counter)) + .png)): null

2018-12-05 12:32:22 - [TEST_STEP][PASSED] - Statement - counter = counter + 1: null

2018-12-05 12:32:22 - [TEST_STEP][PASSED] - Statement - PreSaveFile = new java.io.File(((pathPrefix + java.lang.Integer.toString(counter)) + .png)): null

2018-12-05 12:32:22 - [TEST_STEP][PASSED] - Statement - counter = counter + 1: null

2018-12-05 12:32:22 - [TEST_STEP][PASSED] - Statement - PreSaveFile = new java.io.File(((pathPrefix + java.lang.Integer.toString(counter)) + .png)): null

2018-12-05 12:32:22 - [TEST_STEP][PASSED] - Statement - counter = counter + 1: null

2018-12-05 12:32:22 - [TEST_STEP][PASSED] - Statement - PreSaveFile = new java.io.File(((pathPrefix + java.lang.Integer.toString(counter)) + .png)): null

2018-12-05 12:32:22 - [TEST_STEP][PASSED] - Statement - counter = counter + 1: null

2018-12-05 12:32:22 - [TEST_STEP][PASSED] - Statement - PreSaveFile = new java.io.File(((pathPrefix + java.lang.Integer.toString(counter)) + .png)): null

2018-12-05 12:32:22 - [TEST_STEP][PASSED] - Statement - counter = counter + 1: null

2018-12-05 12:32:22 - [TEST_STEP][PASSED] - Statement - PreSaveFile = new java.io.File(((pathPrefix + java.lang.Integer.toString(counter)) + .png)): null

2018-12-05 12:32:22 - [TEST_STEP][PASSED] - Statement - counter = counter + 1: null

2018-12-05 12:32:22 - [TEST_STEP][PASSED] - Statement - PreSaveFile = new java.io.File(((pathPrefix + java.lang.Integer.toString(counter)) + .png)): null

2018-12-05 12:32:22 - [TEST_STEP][PASSED] - Statement - counter = counter + 1: null

2018-12-05 12:32:22 - [TEST_STEP][PASSED] - Statement - PreSaveFile = new java.io.File(((pathPrefix + java.lang.Integer.toString(counter)) + .png)): null

2018-12-05 12:32:22 - [TEST_STEP][PASSED] - Statement - counter = counter + 1: null

2018-12-05 12:32:22 - [TEST_STEP][PASSED] - Statement - PreSaveFile = new java.io.File(((pathPrefix + java.lang.Integer.toString(counter)) + .png)): null

2018-12-05 12:32:22 - [TEST_STEP][PASSED] - Statement - counter = counter + 1: null

2018-12-05 12:32:22 - [TEST_STEP][PASSED] - Statement - PreSaveFile = new java.io.File(((pathPrefix + java.lang.Integer.toString(counter)) + .png)): null

2018-12-05 12:32:22 - [TEST_STEP][PASSED] - Statement - counter = counter + 1: null

2018-12-05 12:32:23 - [TEST_STEP][PASSED] - Statement - PreSaveFile = new java.io.File(((pathPrefix + java.lang.Integer.toString(counter)) + .png)): null

2018-12-05 12:32:23 - [TEST_STEP][PASSED] - Statement - counter = counter + 1: null

2018-12-05 12:32:23 - [TEST_STEP][PASSED] - Statement - PreSaveFile = new java.io.File(((pathPrefix + java.lang.Integer.toString(counter)) + .png)): null

2018-12-05 12:32:23 - [TEST_STEP][PASSED] - Statement - counter = counter + 1: null

2018-12-05 12:32:23 - [TEST_STEP][PASSED] - Statement - PreSaveFile = new java.io.File(((pathPrefix + java.lang.Integer.toString(counter)) + .png)): null

2018-12-05 12:32:23 - [TEST_STEP][PASSED] - Statement - counter = counter + 1: null

2018-12-05 12:32:23 - [TEST_STEP][PASSED] - Statement - PreSaveFile = new java.io.File(((pathPrefix + java.lang.Integer.toString(counter)) + .png)): null

2018-12-05 12:32:23 - [TEST_STEP][PASSED] - Statement - counter = counter + 1: null

2018-12-05 12:32:23 - [TEST_STEP][PASSED] - Statement - PreSaveFile = new java.io.File(((pathPrefix + java.lang.Integer.toString(counter)) + .png)): null

2018-12-05 12:32:23 - [TEST_STEP][PASSED] - Statement - counter = counter + 1: null

2018-12-05 12:32:23 - [TEST_STEP][PASSED] - Statement - PreSaveFile = new java.io.File(((pathPrefix + java.lang.Integer.toString(counter)) + .png)): null

2018-12-05 12:32:23 - [TEST_STEP][PASSED] - Statement - counter = counter + 1: null

2018-12-05 12:32:23 - [TEST_STEP][PASSED] - Statement - PreSaveFile = new java.io.File(((pathPrefix + java.lang.Integer.toString(counter)) + .png)): null

2018-12-05 12:32:23 - [TEST_STEP][PASSED] - Statement - counter = counter + 1: null

2018-12-05 12:32:23 - [TEST_STEP][PASSED] - Statement - PreSaveFile = new java.io.File(((pathPrefix + java.lang.Integer.toString(counter)) + .png)): null

2018-12-05 12:32:23 - [TEST_STEP][PASSED] - Statement - counter = counter + 1: null

2018-12-05 12:32:23 - [TEST_STEP][PASSED] - Statement - PreSaveFile = new java.io.File(((pathPrefix + java.lang.Integer.toString(counter)) + .png)): null

2018-12-05 12:32:23 - [TEST_STEP][PASSED] - Statement - counter = counter + 1: null

2018-12-05 12:32:23 - [TEST_STEP][PASSED] - Statement - PreSaveFile = new java.io.File(((pathPrefix + java.lang.Integer.toString(counter)) + .png)): null

2018-12-05 12:32:23 - [TEST_STEP][PASSED] - Statement - counter = counter + 1: null

2018-12-05 12:32:23 - [TEST_STEP][PASSED] - Statement - PreSaveFile = new java.io.File(((pathPrefix + java.lang.Integer.toString(counter)) + .png)): null

2018-12-05 12:32:23 - [TEST_STEP][PASSED] - Statement - counter = counter + 1: null

2018-12-05 12:32:23 - [TEST_STEP][PASSED] - Statement - PreSaveFile = new java.io.File(((pathPrefix + java.lang.Integer.toString(counter)) + .png)): null

2018-12-05 12:32:23 - [TEST_STEP][PASSED] - Statement - counter = counter + 1: null

2018-12-05 12:32:23 - [TEST_STEP][PASSED] - Statement - PreSaveFile = new java.io.File(((pathPrefix + java.lang.Integer.toString(counter)) + .png)): null

2018-12-05 12:32:23 - [TEST_STEP][PASSED] - Statement - counter = counter + 1: null

2018-12-05 12:32:23 - [TEST_STEP][PASSED] - Statement - PreSaveFile = new java.io.File(((pathPrefix + java.lang.Integer.toString(counter)) + .png)): null

2018-12-05 12:32:23 - [TEST_STEP][PASSED] - Statement - counter = counter + 1: null

2018-12-05 12:32:23 - [TEST_STEP][PASSED] - Statement - PreSaveFile = new java.io.File(((pathPrefix + java.lang.Integer.toString(counter)) + .png)): null

2018-12-05 12:32:24 - [TEST_STEP][PASSED] - Statement - counter = counter + 1: null

2018-12-05 12:32:24 - [TEST_STEP][PASSED] - Statement - PreSaveFile = new java.io.File(((pathPrefix + java.lang.Integer.toString(counter)) + .png)): null

2018-12-05 12:32:24 - [TEST_STEP][PASSED] - Statement - counter = counter + 1: null

2018-12-05 12:32:24 - [TEST_STEP][PASSED] - Statement - PreSaveFile = new java.io.File(((pathPrefix + java.lang.Integer.toString(counter)) + .png)): null

2018-12-05 12:32:24 - [TEST_STEP][PASSED] - Statement - counter = counter + 1: null

2018-12-05 12:32:24 - [TEST_STEP][PASSED] - Statement - PreSaveFile = new java.io.File(((pathPrefix + java.lang.Integer.toString(counter)) + .png)): null

2018-12-05 12:32:24 - [TEST_STEP][PASSED] - Statement - counter = counter + 1: null

2018-12-05 12:32:24 - [TEST_STEP][PASSED] - Statement - PreSaveFile = new java.io.File(((pathPrefix + java.lang.Integer.toString(counter)) + .png)): null

2018-12-05 12:32:24 - [TEST_STEP][PASSED] - Statement - counter = counter + 1: null

2018-12-05 12:32:24 - [TEST_STEP][PASSED] - Statement - PreSaveFile = new java.io.File(((pathPrefix + java.lang.Integer.toString(counter)) + .png)): null

2018-12-05 12:32:24 - [TEST_STEP][PASSED] - Statement - counter = counter + 1: null

2018-12-05 12:32:24 - [TEST_STEP][PASSED] - Statement - PreSaveFile = new java.io.File(((pathPrefix + java.lang.Integer.toString(counter)) + .png)): null

2018-12-05 12:32:24 - [TEST_STEP][PASSED] - Statement - counter = counter + 1: null

2018-12-05 12:32:24 - [TEST_STEP][PASSED] - Statement - PreSaveFile = new java.io.File(((pathPrefix + java.lang.Integer.toString(counter)) + .png)): null

2018-12-05 12:32:24 - [TEST_STEP][PASSED] - Statement - counter = counter + 1: null

2018-12-05 12:32:24 - [TEST_STEP][PASSED] - Statement - PreSaveFile = new java.io.File(((pathPrefix + java.lang.Integer.toString(counter)) + .png)): null

2018-12-05 12:32:24 - [TEST_STEP][PASSED] - Statement - counter = counter + 1: null

2018-12-05 12:32:24 - [TEST_STEP][PASSED] - Statement - PreSaveFile = new java.io.File(((pathPrefix + java.lang.Integer.toString(counter)) + .png)): null

2018-12-05 12:32:24 - [TEST_STEP][PASSED] - Statement - counter = counter + 1: null

2018-12-05 12:32:24 - [TEST_STEP][PASSED] - Statement - PreSaveFile = new java.io.File(((pathPrefix + java.lang.Integer.toString(counter)) + .png)): null

2018-12-05 12:32:24 - [TEST_STEP][PASSED] - Statement - counter = counter + 1: null

2018-12-05 12:32:24 - [TEST_STEP][PASSED] - Statement - PreSaveFile = new java.io.File(((pathPrefix + java.lang.Integer.toString(counter)) + .png)): null

2018-12-05 12:32:24 - [TEST_STEP][PASSED] - Statement - counter = counter + 1: null

2018-12-05 12:32:24 - [TEST_STEP][PASSED] - Statement - PreSaveFile = new java.io.File(((pathPrefix + java.lang.Integer.toString(counter)) + .png)): null

2018-12-05 12:32:24 - [TEST_STEP][PASSED] - Statement - counter = counter + 1: null

2018-12-05 12:32:24 - [TEST_STEP][PASSED] - Statement - PreSaveFile = new java.io.File(((pathPrefix + java.lang.Integer.toString(counter)) + .png)): null

2018-12-05 12:32:24 - [TEST_STEP][PASSED] - Statement - counter = counter + 1: null

2018-12-05 12:32:24 - [TEST_STEP][PASSED] - Statement - PreSaveFile = new java.io.File(((pathPrefix + java.lang.Integer.toString(counter)) + .png)): null

2018-12-05 12:32:24 - [TEST_STEP][PASSED] - Statement - counter = counter + 1: null

2018-12-05 12:32:24 - [TEST_STEP][PASSED] - Statement - PreSaveFile = new java.io.File(((pathPrefix + java.lang.Integer.toString(counter)) + .png)): null

2018-12-05 12:32:24 - [TEST_STEP][PASSED] - Statement - counter = counter + 1: null

2018-12-05 12:32:24 - [TEST_STEP][PASSED] - Statement - PreSaveFile = new java.io.File(((pathPrefix + java.lang.Integer.toString(counter)) + .png)): null

2018-12-05 12:32:24 - [TEST_STEP][PASSED] - Statement - counter = counter + 1: null

2018-12-05 12:32:24 - [TEST_STEP][PASSED] - Statement - PreSaveFile = new java.io.File(((pathPrefix + java.lang.Integer.toString(counter)) + .png)): null

2018-12-05 12:32:24 - [TEST_STEP][PASSED] - Statement - counter = counter + 1: null

2018-12-05 12:32:24 - [TEST_STEP][PASSED] - Statement - PreSaveFile = new java.io.File(((pathPrefix + java.lang.Integer.toString(counter)) + .png)): null

2018-12-05 12:32:24 - [TEST_STEP][PASSED] - Statement - counter = counter + 1: null

2018-12-05 12:32:24 - [TEST_STEP][PASSED] - Statement - PreSaveFile = new java.io.File(((pathPrefix + java.lang.Integer.toString(counter)) + .png)): null

2018-12-05 12:32:25 - [TEST_STEP][PASSED] - Statement - counter = counter + 1: null

2018-12-05 12:32:25 - [TEST_STEP][PASSED] - Statement - PreSaveFile = new java.io.File(((pathPrefix + java.lang.Integer.toString(counter)) + .png)): null

2018-12-05 12:32:25 - [TEST_STEP][PASSED] - Statement - counter = counter + 1: null

2018-12-05 12:32:25 - [TEST_STEP][PASSED] - Statement - PreSaveFile = new java.io.File(((pathPrefix + java.lang.Integer.toString(counter)) + .png)): null

2018-12-05 12:32:25 - [TEST_STEP][PASSED] - Statement - counter = counter + 1: null

2018-12-05 12:32:25 - [TEST_STEP][PASSED] - Statement - PreSaveFile = new java.io.File(((pathPrefix + java.lang.Integer.toString(counter)) + .png)): null

2018-12-05 12:32:25 - [TEST_STEP][PASSED] - Statement - counter = counter + 1: null

2018-12-05 12:32:25 - [TEST_STEP][PASSED] - Statement - PreSaveFile = new java.io.File(((pathPrefix + java.lang.Integer.toString(counter)) + .png)): null

2018-12-05 12:32:25 - [TEST_STEP][PASSED] - Statement - counter = counter + 1: null

2018-12-05 12:32:25 - [TEST_STEP][PASSED] - Statement - PreSaveFile = new java.io.File(((pathPrefix + java.lang.Integer.toString(counter)) + .png)): null

2018-12-05 12:32:25 - [TEST_STEP][PASSED] - Statement - counter = counter + 1: null

2018-12-05 12:32:25 - [TEST_STEP][PASSED] - Statement - PreSaveFile = new java.io.File(((pathPrefix + java.lang.Integer.toString(counter)) + .png)): null

2018-12-05 12:32:25 - [TEST_STEP][PASSED] - Statement - counter = counter + 1: null

2018-12-05 12:32:25 - [TEST_STEP][PASSED] - Statement - PreSaveFile = new java.io.File(((pathPrefix + java.lang.Integer.toString(counter)) + .png)): null

2018-12-05 12:32:25 - [TEST_STEP][PASSED] - Statement - counter = counter + 1: null

2018-12-05 12:32:25 - [TEST_STEP][PASSED] - Statement - PreSaveFile = new java.io.File(((pathPrefix + java.lang.Integer.toString(counter)) + .png)): null

2018-12-05 12:32:25 - [TEST_STEP][PASSED] - Statement - counter = counter + 1: null

2018-12-05 12:32:25 - [TEST_STEP][PASSED] - Statement - PreSaveFile = new java.io.File(((pathPrefix + java.lang.Integer.toString(counter)) + .png)): null

2018-12-05 12:32:25 - [TEST_STEP][PASSED] - Statement - counter = counter + 1: null

2018-12-05 12:32:25 - [TEST_STEP][PASSED] - Statement - PreSaveFile = new java.io.File(((pathPrefix + java.lang.Integer.toString(counter)) + .png)): null

2018-12-05 12:32:25 - [TEST_STEP][PASSED] - Statement - counter = counter + 1: null

2018-12-05 12:32:25 - [TEST_STEP][PASSED] - Statement - PreSaveFile = new java.io.File(((pathPrefix + java.lang.Integer.toString(counter)) + .png)): null

2018-12-05 12:32:25 - [TEST_STEP][PASSED] - Statement - counter = counter + 1: null

2018-12-05 12:32:25 - [TEST_STEP][PASSED] - Statement - PreSaveFile = new java.io.File(((pathPrefix + java.lang.Integer.toString(counter)) + .png)): null

2018-12-05 12:32:25 - [TEST_STEP][PASSED] - Statement - counter = counter + 1: null

2018-12-05 12:32:25 - [TEST_STEP][PASSED] - Statement - PreSaveFile = new java.io.File(((pathPrefix + java.lang.Integer.toString(counter)) + .png)): null

2018-12-05 12:32:25 - [TEST_STEP][PASSED] - Statement - counter = counter + 1: null

2018-12-05 12:32:25 - [TEST_STEP][PASSED] - Statement - PreSaveFile = new java.io.File(((pathPrefix + java.lang.Integer.toString(counter)) + .png)): null

2018-12-05 12:32:25 - [TEST_STEP][PASSED] - Statement - counter = counter + 1: null

2018-12-05 12:32:26 - [TEST_STEP][PASSED] - Statement - PreSaveFile = new java.io.File(((pathPrefix + java.lang.Integer.toString(counter)) + .png)): null

2018-12-05 12:32:26 - [TEST_STEP][PASSED] - Statement - counter = counter + 1: null

2018-12-05 12:32:26 - [TEST_STEP][PASSED] - Statement - PreSaveFile = new java.io.File(((pathPrefix + java.lang.Integer.toString(counter)) + .png)): null

2018-12-05 12:32:26 - [TEST_STEP][PASSED] - Statement - counter = counter + 1: null

2018-12-05 12:32:26 - [TEST_STEP][PASSED] - Statement - PreSaveFile = new java.io.File(((pathPrefix + java.lang.Integer.toString(counter)) + .png)): null

2018-12-05 12:32:26 - [TEST_STEP][PASSED] - Statement - counter = counter + 1: null

2018-12-05 12:32:26 - [TEST_STEP][PASSED] - Statement - PreSaveFile = new java.io.File(((pathPrefix + java.lang.Integer.toString(counter)) + .png)): null

2018-12-05 12:32:26 - [TEST_STEP][PASSED] - Statement - counter = counter + 1: null

2018-12-05 12:32:26 - [TEST_STEP][PASSED] - Statement - PreSaveFile = new java.io.File(((pathPrefix + java.lang.Integer.toString(counter)) + .png)): null

2018-12-05 12:32:26 - [TEST_STEP][PASSED] - Statement - counter = counter + 1: null

2018-12-05 12:32:26 - [TEST_STEP][PASSED] - Statement - PreSaveFile = new java.io.File(((pathPrefix + java.lang.Integer.toString(counter)) + .png)): null

2018-12-05 12:32:26 - [TEST_STEP][PASSED] - Statement - counter = counter + 1: null

2018-12-05 12:32:26 - [TEST_STEP][PASSED] - Statement - PreSaveFile = new java.io.File(((pathPrefix + java.lang.Integer.toString(counter)) + .png)): null

2018-12-05 12:32:26 - [TEST_STEP][PASSED] - Statement - counter = counter + 1: null

2018-12-05 12:32:26 - [TEST_STEP][PASSED] - Statement - PreSaveFile = new java.io.File(((pathPrefix + java.lang.Integer.toString(counter)) + .png)): null

2018-12-05 12:32:26 - [TEST_STEP][PASSED] - Statement - counter = counter + 1: null

2018-12-05 12:32:26 - [TEST_STEP][PASSED] - Statement - PreSaveFile = new java.io.File(((pathPrefix + java.lang.Integer.toString(counter)) + .png)): null

2018-12-05 12:32:26 - [TEST_STEP][PASSED] - Statement - counter = counter + 1: null

2018-12-05 12:32:26 - [TEST_STEP][PASSED] - Statement - PreSaveFile = new java.io.File(((pathPrefix + java.lang.Integer.toString(counter)) + .png)): null

2018-12-05 12:32:26 - [TEST_STEP][PASSED] - Statement - counter = counter + 1: null

2018-12-05 12:32:26 - [TEST_STEP][PASSED] - Statement - PreSaveFile = new java.io.File(((pathPrefix + java.lang.Integer.toString(counter)) + .png)): null

2018-12-05 12:32:26 - [TEST_STEP][PASSED] - Statement - counter = counter + 1: null

2018-12-05 12:32:26 - [TEST_STEP][PASSED] - Statement - PreSaveFile = new java.io.File(((pathPrefix + java.lang.Integer.toString(counter)) + .png)): null

2018-12-05 12:32:26 - [TEST_STEP][PASSED] - Statement - counter = counter + 1: null

2018-12-05 12:32:26 - [TEST_STEP][PASSED] - Statement - PreSaveFile = new java.io.File(((pathPrefix + java.lang.Integer.toString(counter)) + .png)): null

2018-12-05 12:32:26 - [TEST_STEP][PASSED] - Statement - counter = counter + 1: null

2018-12-05 12:32:26 - [TEST_STEP][PASSED] - Statement - PreSaveFile = new java.io.File(((pathPrefix + java.lang.Integer.toString(counter)) + .png)): null

2018-12-05 12:32:26 - [TEST_STEP][PASSED] - Statement - counter = counter + 1: null

2018-12-05 12:32:27 - [TEST_STEP][PASSED] - Statement - PreSaveFile = new java.io.File(((pathPrefix + java.lang.Integer.toString(counter)) + .png)): null

2018-12-05 12:32:27 - [TEST_STEP][PASSED] - Statement - counter = counter + 1: null

2018-12-05 12:32:27 - [TEST_STEP][PASSED] - Statement - PreSaveFile = new java.io.File(((pathPrefix + java.lang.Integer.toString(counter)) + .png)): null

2018-12-05 12:32:27 - [TEST_STEP][PASSED] - Statement - counter = counter + 1: null

2018-12-05 12:32:27 - [TEST_STEP][PASSED] - Statement - PreSaveFile = new java.io.File(((pathPrefix + java.lang.Integer.toString(counter)) + .png)): null

2018-12-05 12:32:27 - [TEST_STEP][PASSED] - Statement - counter = counter + 1: null

2018-12-05 12:32:27 - [TEST_STEP][PASSED] - Statement - PreSaveFile = new java.io.File(((pathPrefix + java.lang.Integer.toString(counter)) + .png)): null

2018-12-05 12:32:27 - [TEST_STEP][PASSED] - Statement - counter = counter + 1: null

2018-12-05 12:32:27 - [TEST_STEP][PASSED] - Statement - PreSaveFile = new java.io.File(((pathPrefix + java.lang.Integer.toString(counter)) + .png)): null

2018-12-05 12:32:27 - [TEST_STEP][PASSED] - Statement - counter = counter + 1: null

2018-12-05 12:32:27 - [TEST_STEP][PASSED] - Statement - PreSaveFile = new java.io.File(((pathPrefix + java.lang.Integer.toString(counter)) + .png)): null

2018-12-05 12:32:27 - [TEST_STEP][PASSED] - Statement - counter = counter + 1: null

2018-12-05 12:32:27 - [TEST_STEP][PASSED] - Statement - PreSaveFile = new java.io.File(((pathPrefix + java.lang.Integer.toString(counter)) + .png)): null

2018-12-05 12:32:27 - [TEST_STEP][PASSED] - Statement - counter = counter + 1: null

2018-12-05 12:32:27 - [TEST_STEP][PASSED] - Statement - PreSaveFile = new java.io.File(((pathPrefix + java.lang.Integer.toString(counter)) + .png)): null

2018-12-05 12:32:27 - [TEST_STEP][PASSED] - Statement - counter = counter + 1: null

2018-12-05 12:32:27 - [TEST_STEP][PASSED] - Statement - PreSaveFile = new java.io.File(((pathPrefix + java.lang.Integer.toString(counter)) + .png)): null

2018-12-05 12:32:27 - [TEST_STEP][PASSED] - Statement - counter = counter + 1: null

2018-12-05 12:32:27 - [TEST_STEP][PASSED] - Statement - PreSaveFile = new java.io.File(((pathPrefix + java.lang.Integer.toString(counter)) + .png)): null

2018-12-05 12:32:27 - [TEST_STEP][PASSED] - Statement - counter = counter + 1: null

2018-12-05 12:32:27 - [TEST_STEP][PASSED] - Statement - PreSaveFile = new java.io.File(((pathPrefix + java.lang.Integer.toString(counter)) + .png)): null

2018-12-05 12:32:27 - [TEST_STEP][PASSED] - Statement - counter = counter + 1: null

2018-12-05 12:32:27 - [TEST_STEP][PASSED] - Statement - PreSaveFile = new java.io.File(((pathPrefix + java.lang.Integer.toString(counter)) + .png)): null

2018-12-05 12:32:27 - [TEST_STEP][PASSED] - Statement - counter = counter + 1: null

2018-12-05 12:32:27 - [TEST_STEP][PASSED] - Statement - PreSaveFile = new java.io.File(((pathPrefix + java.lang.Integer.toString(counter)) + .png)): null

2018-12-05 12:32:27 - [TEST_STEP][PASSED] - Statement - counter = counter + 1: null

2018-12-05 12:32:27 - [TEST_STEP][PASSED] - Statement - PreSaveFile = new java.io.File(((pathPrefix + java.lang.Integer.toString(counter)) + .png)): null

2018-12-05 12:32:27 - [TEST_STEP][PASSED] - Statement - counter = counter + 1: null

2018-12-05 12:32:27 - [TEST_STEP][PASSED] - Statement - PreSaveFile = new java.io.File(((pathPrefix + java.lang.Integer.toString(counter)) + .png)): null

2018-12-05 12:32:27 - [TEST_STEP][PASSED] - Statement - counter = counter + 1: null

2018-12-05 12:32:28 - [TEST_STEP][PASSED] - Statement - PreSaveFile = new java.io.File(((pathPrefix + java.lang.Integer.toString(counter)) + .png)): null

2018-12-05 12:32:28 - [TEST_STEP][PASSED] - Statement - counter = counter + 1: null

2018-12-05 12:32:28 - [TEST_STEP][PASSED] - Statement - PreSaveFile = new java.io.File(((pathPrefix + java.lang.Integer.toString(counter)) + .png)): null

2018-12-05 12:32:28 - [TEST_STEP][PASSED] - Statement - counter = counter + 1: null

2018-12-05 12:32:28 - [TEST_STEP][PASSED] - Statement - PreSaveFile = new java.io.File(((pathPrefix + java.lang.Integer.toString(counter)) + .png)): null

2018-12-05 12:32:28 - [TEST_STEP][PASSED] - Statement - counter = counter + 1: null

2018-12-05 12:32:28 - [TEST_STEP][PASSED] - Statement - PreSaveFile = new java.io.File(((pathPrefix + java.lang.Integer.toString(counter)) + .png)): null

2018-12-05 12:32:28 - [TEST_STEP][PASSED] - Statement - counter = counter + 1: null

2018-12-05 12:32:28 - [TEST_STEP][PASSED] - Statement - PreSaveFile = new java.io.File(((pathPrefix + java.lang.Integer.toString(counter)) + .png)): null

2018-12-05 12:32:28 - [TEST_STEP][PASSED] - Statement - counter = counter + 1: null

2018-12-05 12:32:28 - [TEST_STEP][PASSED] - Statement - PreSaveFile = new java.io.File(((pathPrefix + java.lang.Integer.toString(counter)) + .png)): null

2018-12-05 12:32:28 - [TEST_STEP][PASSED] - Statement - counter = counter + 1: null

2018-12-05 12:32:28 - [TEST_STEP][PASSED] - Statement - PreSaveFile = new java.io.File(((pathPrefix + java.lang.Integer.toString(counter)) + .png)): null

2018-12-05 12:32:28 - [TEST_STEP][PASSED] - Statement - counter = counter + 1: null

2018-12-05 12:32:28 - [TEST_STEP][PASSED] - Statement - PreSaveFile = new java.io.File(((pathPrefix + java.lang.Integer.toString(counter)) + .png)): null

2018-12-05 12:32:28 - [TEST_STEP][PASSED] - Statement - counter = counter + 1: null

2018-12-05 12:32:28 - [TEST_STEP][PASSED] - Statement - PreSaveFile = new java.io.File(((pathPrefix + java.lang.Integer.toString(counter)) + .png)): null

2018-12-05 12:32:28 - [TEST_STEP][PASSED] - Statement - counter = counter + 1: null

2018-12-05 12:32:28 - [TEST_STEP][PASSED] - Statement - PreSaveFile = new java.io.File(((pathPrefix + java.lang.Integer.toString(counter)) + .png)): null

2018-12-05 12:32:28 - [TEST_STEP][PASSED] - Statement - counter = counter + 1: null

2018-12-05 12:32:28 - [TEST_STEP][PASSED] - Statement - PreSaveFile = new java.io.File(((pathPrefix + java.lang.Integer.toString(counter)) + .png)): null

2018-12-05 12:32:28 - [TEST_STEP][PASSED] - Statement - counter = counter + 1: null

2018-12-05 12:32:28 - [TEST_STEP][PASSED] - Statement - PreSaveFile = new java.io.File(((pathPrefix + java.lang.Integer.toString(counter)) + .png)): null

2018-12-05 12:32:28 - [TEST_STEP][PASSED] - Statement - counter = counter + 1: null

2018-12-05 12:32:28 - [TEST_STEP][PASSED] - Statement - PreSaveFile = new java.io.File(((pathPrefix + java.lang.Integer.toString(counter)) + .png)): null

2018-12-05 12:32:28 - [TEST_STEP][PASSED] - Statement - counter = counter + 1: null

2018-12-05 12:32:28 - [TEST_STEP][PASSED] - Statement - PreSaveFile = new java.io.File(((pathPrefix + java.lang.Integer.toString(counter)) + .png)): null

2018-12-05 12:32:28 - [TEST_STEP][PASSED] - Statement - counter = counter + 1: null

2018-12-05 12:32:29 - [TEST_STEP][PASSED] - Statement - PreSaveFile = new java.io.File(((pathPrefix + java.lang.Integer.toString(counter)) + .png)): null

2018-12-05 12:32:29 - [TEST_STEP][PASSED] - Statement - counter = counter + 1: null

2018-12-05 12:32:29 - [TEST_STEP][PASSED] - Statement - PreSaveFile = new java.io.File(((pathPrefix + java.lang.Integer.toString(counter)) + .png)): null

2018-12-05 12:32:29 - [TEST_STEP][PASSED] - Statement - counter = counter + 1: null

2018-12-05 12:32:29 - [TEST_STEP][PASSED] - Statement - PreSaveFile = new java.io.File(((pathPrefix + java.lang.Integer.toString(counter)) + .png)): null

2018-12-05 12:32:29 - [TEST_STEP][PASSED] - Statement - counter = counter + 1: null

2018-12-05 12:32:29 - [TEST_STEP][PASSED] - Statement - PreSaveFile = new java.io.File(((pathPrefix + java.lang.Integer.toString(counter)) + .png)): null

2018-12-05 12:32:29 - [TEST_STEP][PASSED] - Statement - counter = counter + 1: null

2018-12-05 12:32:29 - [TEST_STEP][PASSED] - Statement - PreSaveFile = new java.io.File(((pathPrefix + java.lang.Integer.toString(counter)) + .png)): null

2018-12-05 12:32:29 - [TEST_STEP][PASSED] - Statement - counter = counter + 1: null

2018-12-05 12:32:29 - [TEST_STEP][PASSED] - Statement - PreSaveFile = new java.io.File(((pathPrefix + java.lang.Integer.toString(counter)) + .png)): null

2018-12-05 12:32:29 - [TEST_STEP][PASSED] - Statement - counter = counter + 1: null

2018-12-05 12:32:29 - [TEST_STEP][PASSED] - Statement - PreSaveFile = new java.io.File(((pathPrefix + java.lang.Integer.toString(counter)) + .png)): null

2018-12-05 12:32:29 - [TEST_STEP][PASSED] - Statement - counter = counter + 1: null

2018-12-05 12:32:29 - [TEST_STEP][PASSED] - Statement - PreSaveFile = new java.io.File(((pathPrefix + java.lang.Integer.toString(counter)) + .png)): null

2018-12-05 12:32:29 - [TEST_STEP][PASSED] - Statement - counter = counter + 1: null

2018-12-05 12:32:29 - [TEST_STEP][PASSED] - Statement - PreSaveFile = new java.io.File(((pathPrefix + java.lang.Integer.toString(counter)) + .png)): null

2018-12-05 12:32:29 - [TEST_STEP][PASSED] - Statement - counter = counter + 1: null

2018-12-05 12:32:29 - [TEST_STEP][PASSED] - Statement - PreSaveFile = new java.io.File(((pathPrefix + java.lang.Integer.toString(counter)) + .png)): null

2018-12-05 12:32:29 - [TEST_STEP][PASSED] - Statement - counter = counter + 1: null

2018-12-05 12:32:29 - [TEST_STEP][PASSED] - Statement - PreSaveFile = new java.io.File(((pathPrefix + java.lang.Integer.toString(counter)) + .png)): null

2018-12-05 12:32:29 - [TEST_STEP][PASSED] - Statement - counter = counter + 1: null

2018-12-05 12:32:29 - [TEST_STEP][PASSED] - Statement - PreSaveFile = new java.io.File(((pathPrefix + java.lang.Integer.toString(counter)) + .png)): null

2018-12-05 12:32:29 - [TEST_STEP][PASSED] - Statement - counter = counter + 1: null

2018-12-05 12:32:29 - [TEST_STEP][PASSED] - Statement - PreSaveFile = new java.io.File(((pathPrefix + java.lang.Integer.toString(counter)) + .png)): null

2018-12-05 12:32:29 - [TEST_STEP][PASSED] - Statement - counter = counter + 1: null

2018-12-05 12:32:29 - [TEST_STEP][PASSED] - Statement - PreSaveFile = new java.io.File(((pathPrefix + java.lang.Integer.toString(counter)) + .png)): null

2018-12-05 12:32:29 - [TEST_STEP][PASSED] - Statement - counter = counter + 1: null

2018-12-05 12:32:29 - [TEST_STEP][PASSED] - Statement - PreSaveFile = new java.io.File(((pathPrefix + java.lang.Integer.toString(counter)) + .png)): null

2018-12-05 12:32:30 - [TEST_STEP][PASSED] - Statement - counter = counter + 1: null

2018-12-05 12:32:30 - [TEST_STEP][PASSED] - Statement - PreSaveFile = new java.io.File(((pathPrefix + java.lang.Integer.toString(counter)) + .png)): null

2018-12-05 12:32:30 - [TEST_STEP][PASSED] - Statement - counter = counter + 1: null

2018-12-05 12:32:30 - [TEST_STEP][PASSED] - Statement - PreSaveFile = new java.io.File(((pathPrefix + java.lang.Integer.toString(counter)) + .png)): null

2018-12-05 12:32:30 - [TEST_STEP][PASSED] - Statement - counter = counter + 1: null

2018-12-05 12:32:30 - [TEST_STEP][PASSED] - Statement - PreSaveFile = new java.io.File(((pathPrefix + java.lang.Integer.toString(counter)) + .png)): null

2018-12-05 12:32:30 - [TEST_STEP][PASSED] - Statement - counter = counter + 1: null

2018-12-05 12:32:30 - [TEST_STEP][PASSED] - Statement - PreSaveFile = new java.io.File(((pathPrefix + java.lang.Integer.toString(counter)) + .png)): null

2018-12-05 12:32:30 - [TEST_STEP][PASSED] - Statement - counter = counter + 1: null

2018-12-05 12:32:30 - [TEST_STEP][PASSED] - Statement - PreSaveFile = new java.io.File(((pathPrefix + java.lang.Integer.toString(counter)) + .png)): null

2018-12-05 12:32:30 - [TEST_STEP][PASSED] - Statement - counter = counter + 1: null

2018-12-05 12:32:30 - [TEST_STEP][PASSED] - Statement - PreSaveFile = new java.io.File(((pathPrefix + java.lang.Integer.toString(counter)) + .png)): null

2018-12-05 12:32:30 - [TEST_STEP][PASSED] - Statement - counter = counter + 1: null

2018-12-05 12:32:30 - [TEST_STEP][PASSED] - Statement - PreSaveFile = new java.io.File(((pathPrefix + java.lang.Integer.toString(counter)) + .png)): null

2018-12-05 12:32:30 - [TEST_STEP][PASSED] - Statement - counter = counter + 1: null

2018-12-05 12:32:30 - [TEST_STEP][PASSED] - Statement - PreSaveFile = new java.io.File(((pathPrefix + java.lang.Integer.toString(counter)) + .png)): null

2018-12-05 12:32:30 - [TEST_STEP][PASSED] - Statement - counter = counter + 1: null

2018-12-05 12:32:30 - [TEST_STEP][PASSED] - Statement - PreSaveFile = new java.io.File(((pathPrefix + java.lang.Integer.toString(counter)) + .png)): null

2018-12-05 12:32:30 - [TEST_STEP][PASSED] - Statement - counter = counter + 1: null

2018-12-05 12:32:30 - [TEST_STEP][PASSED] - Statement - PreSaveFile = new java.io.File(((pathPrefix + java.lang.Integer.toString(counter)) + .png)): null

2018-12-05 12:32:30 - [TEST_STEP][PASSED] - Statement - counter = counter + 1: null

2018-12-05 12:32:30 - [TEST_STEP][PASSED] - Statement - PreSaveFile = new java.io.File(((pathPrefix + java.lang.Integer.toString(counter)) + .png)): null

2018-12-05 12:32:30 - [TEST_STEP][PASSED] - Statement - counter = counter + 1: null

2018-12-05 12:32:30 - [TEST_STEP][PASSED] - Statement - PreSaveFile = new java.io.File(((pathPrefix + java.lang.Integer.toString(counter)) + .png)): null

2018-12-05 12:32:30 - [TEST_STEP][PASSED] - Statement - counter = counter + 1: null

2018-12-05 12:32:30 - [TEST_STEP][PASSED] - Statement - PreSaveFile = new java.io.File(((pathPrefix + java.lang.Integer.toString(counter)) + .png)): null

2018-12-05 12:32:30 - [TEST_STEP][PASSED] - Statement - counter = counter + 1: null

2018-12-05 12:32:30 - [TEST_STEP][PASSED] - Statement - PreSaveFile = new java.io.File(((pathPrefix + java.lang.Integer.toString(counter)) + .png)): null

2018-12-05 12:32:30 - [TEST_STEP][PASSED] - Statement - counter = counter + 1: null

2018-12-05 12:32:30 - [TEST_STEP][PASSED] - Statement - PreSaveFile = new java.io.File(((pathPrefix + java.lang.Integer.toString(counter)) + .png)): null

2018-12-05 12:32:30 - [TEST_STEP][PASSED] - Statement - counter = counter + 1: null

2018-12-05 12:32:30 - [TEST_STEP][PASSED] - Statement - PreSaveFile = new java.io.File(((pathPrefix + java.lang.Integer.toString(counter)) + .png)): null

2018-12-05 12:32:30 - [TEST_STEP][PASSED] - Statement - counter = counter + 1: null

2018-12-05 12:32:30 - [TEST_STEP][PASSED] - Statement - PreSaveFile = new java.io.File(((pathPrefix + java.lang.Integer.toString(counter)) + .png)): null

2018-12-05 12:32:30 - [TEST_STEP][PASSED] - Statement - counter = counter + 1: null

2018-12-05 12:32:30 - [TEST_STEP][PASSED] - Statement - PreSaveFile = new java.io.File(((pathPrefix + java.lang.Integer.toString(counter)) + .png)): null

2018-12-05 12:32:30 - [TEST_STEP][PASSED] - Statement - counter = counter + 1: null

2018-12-05 12:32:30 - [TEST_STEP][PASSED] - Statement - PreSaveFile = new java.io.File(((pathPrefix + java.lang.Integer.toString(counter)) + .png)): null

2018-12-05 12:32:31 - [TEST_STEP][PASSED] - Statement - counter = counter + 1: null

2018-12-05 12:32:31 - [TEST_STEP][PASSED] - Statement - PreSaveFile = new java.io.File(((pathPrefix + java.lang.Integer.toString(counter)) + .png)): null

2018-12-05 12:32:31 - [TEST_STEP][PASSED] - Statement - counter = counter + 1: null

2018-12-05 12:32:31 - [TEST_STEP][PASSED] - Statement - PreSaveFile = new java.io.File(((pathPrefix + java.lang.Integer.toString(counter)) + .png)): null

2018-12-05 12:32:31 - [TEST_STEP][PASSED] - Statement - counter = counter + 1: null

2018-12-05 12:32:31 - [TEST_STEP][PASSED] - Statement - PreSaveFile = new java.io.File(((pathPrefix + java.lang.Integer.toString(counter)) + .png)): null

2018-12-05 12:32:31 - [TEST_STEP][PASSED] - Statement - counter = counter + 1: null

2018-12-05 12:32:31 - [TEST_STEP][PASSED] - Statement - PreSaveFile = new java.io.File(((pathPrefix + java.lang.Integer.toString(counter)) + .png)): null

2018-12-05 12:32:31 - [TEST_STEP][PASSED] - Statement - counter = counter + 1: null

2018-12-05 12:32:31 - [TEST_STEP][PASSED] - Statement - PreSaveFile = new java.io.File(((pathPrefix + java.lang.Integer.toString(counter)) + .png)): null

2018-12-05 12:32:31 - [TEST_STEP][PASSED] - Statement - counter = counter + 1: null

2018-12-05 12:32:31 - [TEST_STEP][PASSED] - Statement - PreSaveFile = new java.io.File(((pathPrefix + java.lang.Integer.toString(counter)) + .png)): null

2018-12-05 12:32:31 - [TEST_STEP][PASSED] - Statement - counter = counter + 1: null

2018-12-05 12:32:31 - [TEST_STEP][PASSED] - Statement - PreSaveFile = new java.io.File(((pathPrefix + java.lang.Integer.toString(counter)) + .png)): null

2018-12-05 12:32:31 - [TEST_STEP][PASSED] - Statement - counter = counter + 1: null

2018-12-05 12:32:31 - [TEST_STEP][PASSED] - Statement - PreSaveFile = new java.io.File(((pathPrefix + java.lang.Integer.toString(counter)) + .png)): null

2018-12-05 12:32:31 - [TEST_STEP][PASSED] - Statement - counter = counter + 1: null

2018-12-05 12:32:31 - [TEST_STEP][PASSED] - Statement - PreSaveFile = new java.io.File(((pathPrefix + java.lang.Integer.toString(counter)) + .png)): null

2018-12-05 12:32:31 - [TEST_STEP][PASSED] - Statement - counter = counter + 1: null

2018-12-05 12:32:31 - [TEST_STEP][PASSED] - Statement - PreSaveFile = new java.io.File(((pathPrefix + java.lang.Integer.toString(counter)) + .png)): null

2018-12-05 12:32:31 - [TEST_STEP][PASSED] - Statement - counter = counter + 1: null

2018-12-05 12:32:32 - [TEST_STEP][PASSED] - Statement - PreSaveFile = new java.io.File(((pathPrefix + java.lang.Integer.toString(counter)) + .png)): null

2018-12-05 12:32:32 - [TEST_STEP][PASSED] - Statement - counter = counter + 1: null

2018-12-05 12:32:32 - [TEST_STEP][PASSED] - Statement - PreSaveFile = new java.io.File(((pathPrefix + java.lang.Integer.toString(counter)) + .png)): null

2018-12-05 12:32:32 - [TEST_STEP][PASSED] - Statement - counter = counter + 1: null

2018-12-05 12:32:32 - [TEST_STEP][PASSED] - Statement - PreSaveFile = new java.io.File(((pathPrefix + java.lang.Integer.toString(counter)) + .png)): null

2018-12-05 12:32:32 - [TEST_STEP][PASSED] - Statement - counter = counter + 1: null

2018-12-05 12:32:32 - [TEST_STEP][PASSED] - Statement - PreSaveFile = new java.io.File(((pathPrefix + java.lang.Integer.toString(counter)) + .png)): null

2018-12-05 12:32:32 - [TEST_STEP][PASSED] - Statement - counter = counter + 1: null

2018-12-05 12:32:32 - [TEST_STEP][PASSED] - Statement - PreSaveFile = new java.io.File(((pathPrefix + java.lang.Integer.toString(counter)) + .png)): null

2018-12-05 12:32:32 - [TEST_STEP][PASSED] - Statement - counter = counter + 1: null

2018-12-05 12:32:32 - [TEST_STEP][PASSED] - Statement - PreSaveFile = new java.io.File(((pathPrefix + java.lang.Integer.toString(counter)) + .png)): null

2018-12-05 12:32:32 - [TEST_STEP][PASSED] - Statement - counter = counter + 1: null

2018-12-05 12:32:32 - [TEST_STEP][PASSED] - Statement - PreSaveFile = new java.io.File(((pathPrefix + java.lang.Integer.toString(counter)) + .png)): null

2018-12-05 12:32:32 - [TEST_STEP][PASSED] - Statement - counter = counter + 1: null

2018-12-05 12:32:32 - [TEST_STEP][PASSED] - Statement - PreSaveFile = new java.io.File(((pathPrefix + java.lang.Integer.toString(counter)) + .png)): null

2018-12-05 12:32:32 - [TEST_STEP][PASSED] - Statement - counter = counter + 1: null

2018-12-05 12:32:32 - [TEST_STEP][PASSED] - Statement - PreSaveFile = new java.io.File(((pathPrefix + java.lang.Integer.toString(counter)) + .png)): null

2018-12-05 12:32:32 - [TEST_STEP][PASSED] - Statement - counter = counter + 1: null

2018-12-05 12:32:32 - [TEST_STEP][PASSED] - Statement - PreSaveFile = new java.io.File(((pathPrefix + java.lang.Integer.toString(counter)) + .png)): null

2018-12-05 12:32:32 - [TEST_STEP][PASSED] - Statement - counter = counter + 1: null

2018-12-05 12:32:32 - [TEST_STEP][PASSED] - Statement - PreSaveFile = new java.io.File(((pathPrefix + java.lang.Integer.toString(counter)) + .png)): null

2018-12-05 12:32:32 - [TEST_STEP][PASSED] - Statement - counter = counter + 1: null

2018-12-05 12:32:32 - [TEST_STEP][PASSED] - Statement - PreSaveFile = new java.io.File(((pathPrefix + java.lang.Integer.toString(counter)) + .png)): null

2018-12-05 12:32:32 - [TEST_STEP][PASSED] - Statement - counter = counter + 1: null

2018-12-05 12:32:32 - [TEST_STEP][PASSED] - Statement - PreSaveFile = new java.io.File(((pathPrefix + java.lang.Integer.toString(counter)) + .png)): null

2018-12-05 12:32:32 - [TEST_STEP][PASSED] - Statement - counter = counter + 1: null

2018-12-05 12:32:32 - [TEST_STEP][PASSED] - Statement - PreSaveFile = new java.io.File(((pathPrefix + java.lang.Integer.toString(counter)) + .png)): null

2018-12-05 12:32:32 - [TEST_STEP][PASSED] - Statement - counter = counter + 1: null

2018-12-05 12:32:32 - [TEST_STEP][PASSED] - Statement - PreSaveFile = new java.io.File(((pathPrefix + java.lang.Integer.toString(counter)) + .png)): null

2018-12-05 12:32:32 - [TEST_STEP][PASSED] - Statement - counter = counter + 1: null

2018-12-05 12:32:32 - [TEST_STEP][PASSED] - Statement - PreSaveFile = new java.io.File(((pathPrefix + java.lang.Integer.toString(counter)) + .png)): null

2018-12-05 12:32:32 - [TEST_STEP][PASSED] - Statement - counter = counter + 1: null

2018-12-05 12:32:32 - [TEST_STEP][PASSED] - Statement - PreSaveFile = new java.io.File(((pathPrefix + java.lang.Integer.toString(counter)) + .png)): null

2018-12-05 12:32:32 - [TEST_STEP][PASSED] - Statement - counter = counter + 1: null

2018-12-05 12:32:32 - [TEST_STEP][PASSED] - Statement - PreSaveFile = new java.io.File(((pathPrefix + java.lang.Integer.toString(counter)) + .png)): null

2018-12-05 12:32:32 - [TEST_STEP][PASSED] - Statement - counter = counter + 1: null

2018-12-05 12:32:32 - [TEST_STEP][PASSED] - Statement - PreSaveFile = new java.io.File(((pathPrefix + java.lang.Integer.toString(counter)) + .png)): null

2018-12-05 12:32:32 - [TEST_STEP][PASSED] - Statement - counter = counter + 1: null

2018-12-05 12:32:33 - [TEST_STEP][PASSED] - Statement - PreSaveFile = new java.io.File(((pathPrefix + java.lang.Integer.toString(counter)) + .png)): null

2018-12-05 12:32:33 - [TEST_STEP][PASSED] - Statement - counter = counter + 1: null

2018-12-05 12:32:33 - [TEST_STEP][PASSED] - Statement - PreSaveFile = new java.io.File(((pathPrefix + java.lang.Integer.toString(counter)) + .png)): null

2018-12-05 12:32:33 - [TEST_STEP][PASSED] - Statement - counter = counter + 1: null

2018-12-05 12:32:33 - [TEST_STEP][PASSED] - Statement - PreSaveFile = new java.io.File(((pathPrefix + java.lang.Integer.toString(counter)) + .png)): null

2018-12-05 12:32:33 - [TEST_STEP][PASSED] - Statement - counter = counter + 1: null

2018-12-05 12:32:33 - [TEST_STEP][PASSED] - Statement - PreSaveFile = new java.io.File(((pathPrefix + java.lang.Integer.toString(counter)) + .png)): null

2018-12-05 12:32:33 - [TEST_STEP][PASSED] - Statement - counter = counter + 1: null

2018-12-05 12:32:33 - [TEST_STEP][PASSED] - Statement - PreSaveFile = new java.io.File(((pathPrefix + java.lang.Integer.toString(counter)) + .png)): null

2018-12-05 12:32:33 - [TEST_STEP][PASSED] - Statement - counter = counter + 1: null

2018-12-05 12:32:33 - [TEST_STEP][PASSED] - Statement - PreSaveFile = new java.io.File(((pathPrefix + java.lang.Integer.toString(counter)) + .png)): null

2018-12-05 12:32:33 - [TEST_STEP][PASSED] - Statement - counter = counter + 1: null

2018-12-05 12:32:33 - [TEST_STEP][PASSED] - Statement - PreSaveFile = new java.io.File(((pathPrefix + java.lang.Integer.toString(counter)) + .png)): null

2018-12-05 12:32:33 - [TEST_STEP][PASSED] - Statement - counter = counter + 1: null

2018-12-05 12:32:33 - [TEST_STEP][PASSED] - Statement - PreSaveFile = new java.io.File(((pathPrefix + java.lang.Integer.toString(counter)) + .png)): null

2018-12-05 12:32:33 - [TEST_STEP][PASSED] - Statement - counter = counter + 1: null

2018-12-05 12:32:33 - [TEST_STEP][PASSED] - Statement - PreSaveFile = new java.io.File(((pathPrefix + java.lang.Integer.toString(counter)) + .png)): null

2018-12-05 12:32:33 - [TEST_STEP][PASSED] - Statement - counter = counter + 1: null

2018-12-05 12:32:33 - [TEST_STEP][PASSED] - Statement - PreSaveFile = new java.io.File(((pathPrefix + java.lang.Integer.toString(counter)) + .png)): null

2018-12-05 12:32:33 - [TEST_STEP][PASSED] - Statement - counter = counter + 1: null

2018-12-05 12:32:33 - [TEST_STEP][PASSED] - Statement - PreSaveFile = new java.io.File(((pathPrefix + java.lang.Integer.toString(counter)) + .png)): null

2018-12-05 12:32:33 - [TEST_STEP][PASSED] - Statement - counter = counter + 1: null

2018-12-05 12:32:33 - [TEST_STEP][PASSED] - Statement - PreSaveFile = new java.io.File(((pathPrefix + java.lang.Integer.toString(counter)) + .png)): null

2018-12-05 12:32:33 - [TEST_STEP][PASSED] - Statement - counter = counter + 1: null

2018-12-05 12:32:33 - [TEST_STEP][PASSED] - Statement - PreSaveFile = new java.io.File(((pathPrefix + java.lang.Integer.toString(counter)) + .png)): null

2018-12-05 12:32:33 - [TEST_STEP][PASSED] - Statement - counter = counter + 1: null

2018-12-05 12:32:33 - [TEST_STEP][PASSED] - Statement - PreSaveFile = new java.io.File(((pathPrefix + java.lang.Integer.toString(counter)) + .png)): null

2018-12-05 12:32:33 - [TEST_STEP][PASSED] - Statement - counter = counter + 1: null

2018-12-05 12:32:34 - [TEST_STEP][PASSED] - Statement - PreSaveFile = new java.io.File(((pathPrefix + java.lang.Integer.toString(counter)) + .png)): null

2018-12-05 12:32:34 - [TEST_STEP][PASSED] - Statement - counter = counter + 1: null

2018-12-05 12:32:34 - [TEST_STEP][PASSED] - Statement - PreSaveFile = new java.io.File(((pathPrefix + java.lang.Integer.toString(counter)) + .png)): null

2018-12-05 12:32:34 - [TEST_STEP][PASSED] - Statement - counter = counter + 1: null

2018-12-05 12:32:34 - [TEST_STEP][PASSED] - Statement - PreSaveFile = new java.io.File(((pathPrefix + java.lang.Integer.toString(counter)) + .png)): null

2018-12-05 12:32:34 - [TEST_STEP][PASSED] - Statement - counter = counter + 1: null

2018-12-05 12:32:34 - [TEST_STEP][PASSED] - Statement - PreSaveFile = new java.io.File(((pathPrefix + java.lang.Integer.toString(counter)) + .png)): null

2018-12-05 12:32:34 - [TEST_STEP][PASSED] - Statement - counter = counter + 1: null

2018-12-05 12:32:34 - [TEST_STEP][PASSED] - Statement - PreSaveFile = new java.io.File(((pathPrefix + java.lang.Integer.toString(counter)) + .png)): null

2018-12-05 12:32:34 - [TEST_STEP][PASSED] - Statement - counter = counter + 1: null

2018-12-05 12:32:34 - [TEST_STEP][PASSED] - Statement - PreSaveFile = new java.io.File(((pathPrefix + java.lang.Integer.toString(counter)) + .png)): null

2018-12-05 12:32:34 - [TEST_STEP][PASSED] - Statement - counter = counter + 1: null

2018-12-05 12:32:34 - [TEST_STEP][PASSED] - Statement - PreSaveFile = new java.io.File(((pathPrefix + java.lang.Integer.toString(counter)) + .png)): null

2018-12-05 12:32:34 - [TEST_STEP][PASSED] - Statement - counter = counter + 1: null

2018-12-05 12:32:34 - [TEST_STEP][PASSED] - Statement - PreSaveFile = new java.io.File(((pathPrefix + java.lang.Integer.toString(counter)) + .png)): null

2018-12-05 12:32:34 - [TEST_STEP][PASSED] - Statement - counter = counter + 1: null

2018-12-05 12:32:34 - [TEST_STEP][PASSED] - Statement - PreSaveFile = new java.io.File(((pathPrefix + java.lang.Integer.toString(counter)) + .png)): null

2018-12-05 12:32:34 - [TEST_STEP][PASSED] - Statement - counter = counter + 1: null

2018-12-05 12:32:34 - [TEST_STEP][PASSED] - Statement - PreSaveFile = new java.io.File(((pathPrefix + java.lang.Integer.toString(counter)) + .png)): null

2018-12-05 12:32:34 - [TEST_STEP][PASSED] - Statement - counter = counter + 1: null

2018-12-05 12:32:34 - [TEST_STEP][PASSED] - Statement - PreSaveFile = new java.io.File(((pathPrefix + java.lang.Integer.toString(counter)) + .png)): null

2018-12-05 12:32:34 - [TEST_STEP][PASSED] - Statement - counter = counter + 1: null

2018-12-05 12:32:34 - [TEST_STEP][PASSED] - Statement - PreSaveFile = new java.io.File(((pathPrefix + java.lang.Integer.toString(counter)) + .png)): null

2018-12-05 12:32:34 - [TEST_STEP][PASSED] - Statement - counter = counter + 1: null

2018-12-05 12:32:34 - [TEST_STEP][PASSED] - Statement - PreSaveFile = new java.io.File(((pathPrefix + java.lang.Integer.toString(counter)) + .png)): null

2018-12-05 12:32:34 - [TEST_STEP][PASSED] - Statement - counter = counter + 1: null

2018-12-05 12:32:34 - [TEST_STEP][PASSED] - Statement - PreSaveFile = new java.io.File(((pathPrefix + java.lang.Integer.toString(counter)) + .png)): null

2018-12-05 12:32:34 - [TEST_STEP][PASSED] - Statement - counter = counter + 1: null

2018-12-05 12:32:34 - [TEST_STEP][PASSED] - Statement - PreSaveFile = new java.io.File(((pathPrefix + java.lang.Integer.toString(counter)) + .png)): null

2018-12-05 12:32:35 - [TEST_STEP][PASSED] - Statement - counter = counter + 1: null

2018-12-05 12:32:35 - [TEST_STEP][PASSED] - Statement - PreSaveFile = new java.io.File(((pathPrefix + java.lang.Integer.toString(counter)) + .png)): null

2018-12-05 12:32:35 - [TEST_STEP][PASSED] - Statement - counter = counter + 1: null

2018-12-05 12:32:35 - [TEST_STEP][PASSED] - Statement - PreSaveFile = new java.io.File(((pathPrefix + java.lang.Integer.toString(counter)) + .png)): null

2018-12-05 12:32:35 - [TEST_STEP][PASSED] - Statement - counter = counter + 1: null

2018-12-05 12:32:35 - [TEST_STEP][PASSED] - Statement - PreSaveFile = new java.io.File(((pathPrefix + java.lang.Integer.toString(counter)) + .png)): null

2018-12-05 12:32:35 - [TEST_STEP][PASSED] - Statement - counter = counter + 1: null

2018-12-05 12:32:35 - [TEST_STEP][PASSED] - Statement - PreSaveFile = new java.io.File(((pathPrefix + java.lang.Integer.toString(counter)) + .png)): null

2018-12-05 12:32:35 - [TEST_STEP][PASSED] - Statement - counter = counter + 1: null

2018-12-05 12:32:35 - [TEST_STEP][PASSED] - Statement - PreSaveFile = new java.io.File(((pathPrefix + java.lang.Integer.toString(counter)) + .png)): null

2018-12-05 12:32:35 - [TEST_STEP][PASSED] - Statement - counter = counter + 1: null

2018-12-05 12:32:35 - [TEST_STEP][PASSED] - Statement - PreSaveFile = new java.io.File(((pathPrefix + java.lang.Integer.toString(counter)) + .png)): null

2018-12-05 12:32:35 - [TEST_STEP][PASSED] - Statement - counter = counter + 1: null

2018-12-05 12:32:35 - [TEST_STEP][PASSED] - Statement - PreSaveFile = new java.io.File(((pathPrefix + java.lang.Integer.toString(counter)) + .png)): null

2018-12-05 12:32:35 - [TEST_STEP][PASSED] - Statement - counter = counter + 1: null

2018-12-05 12:32:35 - [TEST_STEP][PASSED] - Statement - PreSaveFile = new java.io.File(((pathPrefix + java.lang.Integer.toString(counter)) + .png)): null

2018-12-05 12:32:35 - [TEST_STEP][PASSED] - Statement - counter = counter + 1: null

2018-12-05 12:32:35 - [TEST_STEP][PASSED] - Statement - PreSaveFile = new java.io.File(((pathPrefix + java.lang.Integer.toString(counter)) + .png)): null

2018-12-05 12:32:35 - [TEST_STEP][PASSED] - Statement - counter = counter + 1: null

2018-12-05 12:32:35 - [TEST_STEP][PASSED] - Statement - PreSaveFile = new java.io.File(((pathPrefix + java.lang.Integer.toString(counter)) + .png)): null

2018-12-05 12:32:35 - [TEST_STEP][PASSED] - Statement - counter = counter + 1: null

2018-12-05 12:32:35 - [TEST_STEP][PASSED] - Statement - PreSaveFile = new java.io.File(((pathPrefix + java.lang.Integer.toString(counter)) + .png)): null

2018-12-05 12:32:35 - [TEST_STEP][PASSED] - Statement - counter = counter + 1: null

2018-12-05 12:32:35 - [TEST_STEP][PASSED] - Statement - PreSaveFile = new java.io.File(((pathPrefix + java.lang.Integer.toString(counter)) + .png)): null

2018-12-05 12:32:35 - [TEST_STEP][PASSED] - Statement - counter = counter + 1: null

2018-12-05 12:32:35 - [TEST_STEP][PASSED] - Statement - PreSaveFile = new java.io.File(((pathPrefix + java.lang.Integer.toString(counter)) + .png)): null

2018-12-05 12:32:35 - [TEST_STEP][PASSED] - Statement - counter = counter + 1: null

2018-12-05 12:32:35 - [TEST_STEP][PASSED] - Statement - PreSaveFile = new java.io.File(((pathPrefix + java.lang.Integer.toString(counter)) + .png)): null

2018-12-05 12:32:35 - [TEST_STEP][PASSED] - Statement - counter = counter + 1: null

2018-12-05 12:32:36 - [TEST_STEP][PASSED] - Statement - PreSaveFile = new java.io.File(((pathPrefix + java.lang.Integer.toString(counter)) + .png)): null

2018-12-05 12:32:36 - [TEST_STEP][PASSED] - Statement - counter = counter + 1: null

2018-12-05 12:32:36 - [TEST_STEP][PASSED] - Statement - PreSaveFile = new java.io.File(((pathPrefix + java.lang.Integer.toString(counter)) + .png)): null

2018-12-05 12:32:36 - [TEST_STEP][PASSED] - Statement - counter = counter + 1: null

2018-12-05 12:32:36 - [TEST_STEP][PASSED] - Statement - PreSaveFile = new java.io.File(((pathPrefix + java.lang.Integer.toString(counter)) + .png)): null

2018-12-05 12:32:36 - [TEST_STEP][PASSED] - Statement - counter = counter + 1: null

2018-12-05 12:32:36 - [TEST_STEP][PASSED] - Statement - PreSaveFile = new java.io.File(((pathPrefix + java.lang.Integer.toString(counter)) + .png)): null

2018-12-05 12:32:36 - [TEST_STEP][PASSED] - Statement - counter = counter + 1: null

2018-12-05 12:32:36 - [TEST_STEP][PASSED] - Statement - PreSaveFile = new java.io.File(((pathPrefix + java.lang.Integer.toString(counter)) + .png)): null

2018-12-05 12:32:36 - [TEST_STEP][PASSED] - Statement - counter = counter + 1: null

2018-12-05 12:32:36 - [TEST_STEP][PASSED] - Statement - PreSaveFile = new java.io.File(((pathPrefix + java.lang.Integer.toString(counter)) + .png)): null

2018-12-05 12:32:36 - [TEST_STEP][PASSED] - Statement - counter = counter + 1: null

2018-12-05 12:32:36 - [TEST_STEP][PASSED] - Statement - PreSaveFile = new java.io.File(((pathPrefix + java.lang.Integer.toString(counter)) + .png)): null

2018-12-05 12:32:36 - [TEST_STEP][PASSED] - Statement - counter = counter + 1: null

2018-12-05 12:32:36 - [TEST_STEP][PASSED] - Statement - PreSaveFile = new java.io.File(((pathPrefix + java.lang.Integer.toString(counter)) + .png)): null

2018-12-05 12:32:36 - [TEST_STEP][PASSED] - Statement - counter = counter + 1: null

2018-12-05 12:32:36 - [TEST_STEP][PASSED] - Statement - PreSaveFile = new java.io.File(((pathPrefix + java.lang.Integer.toString(counter)) + .png)): null

2018-12-05 12:32:36 - [TEST_STEP][PASSED] - Statement - counter = counter + 1: null

2018-12-05 12:32:36 - [TEST_STEP][PASSED] - Statement - PreSaveFile = new java.io.File(((pathPrefix + java.lang.Integer.toString(counter)) + .png)): null

2018-12-05 12:32:36 - [TEST_STEP][PASSED] - Statement - counter = counter + 1: null

2018-12-05 12:32:36 - [TEST_STEP][PASSED] - Statement - PreSaveFile = new java.io.File(((pathPrefix + java.lang.Integer.toString(counter)) + .png)): null

2018-12-05 12:32:36 - [TEST_STEP][PASSED] - Statement - counter = counter + 1: null

2018-12-05 12:32:36 - [TEST_STEP][PASSED] - Statement - PreSaveFile = new java.io.File(((pathPrefix + java.lang.Integer.toString(counter)) + .png)): null

2018-12-05 12:32:36 - [TEST_STEP][PASSED] - Statement - counter = counter + 1: null

2018-12-05 12:32:36 - [TEST_STEP][PASSED] - Statement - PreSaveFile = new java.io.File(((pathPrefix + java.lang.Integer.toString(counter)) + .png)): null

2018-12-05 12:32:36 - [TEST_STEP][PASSED] - Statement - counter = counter + 1: null

2018-12-05 12:32:36 - [TEST_STEP][PASSED] - Statement - PreSaveFile = new java.io.File(((pathPrefix + java.lang.Integer.toString(counter)) + .png)): null

2018-12-05 12:32:36 - [TEST_STEP][PASSED] - Statement - counter = counter + 1: null

2018-12-05 12:32:37 - [TEST_STEP][PASSED] - Statement - PreSaveFile = new java.io.File(((pathPrefix + java.lang.Integer.toString(counter)) + .png)): null

2018-12-05 12:32:37 - [TEST_STEP][PASSED] - Statement - counter = counter + 1: null

2018-12-05 12:32:37 - [TEST_STEP][PASSED] - Statement - PreSaveFile = new java.io.File(((pathPrefix + java.lang.Integer.toString(counter)) + .png)): null

2018-12-05 12:32:37 - [TEST_STEP][PASSED] - Statement - counter = counter + 1: null

2018-12-05 12:32:37 - [TEST_STEP][PASSED] - Statement - PreSaveFile = new java.io.File(((pathPrefix + java.lang.Integer.toString(counter)) + .png)): null

2018-12-05 12:32:37 - [TEST_STEP][PASSED] - Statement - counter = counter + 1: null

2018-12-05 12:32:37 - [TEST_STEP][PASSED] - Statement - PreSaveFile = new java.io.File(((pathPrefix + java.lang.Integer.toString(counter)) + .png)): null

2018-12-05 12:32:37 - [TEST_STEP][PASSED] - Statement - counter = counter + 1: null

2018-12-05 12:32:37 - [TEST_STEP][PASSED] - Statement - PreSaveFile = new java.io.File(((pathPrefix + java.lang.Integer.toString(counter)) + .png)): null

2018-12-05 12:32:37 - [TEST_STEP][PASSED] - Statement - counter = counter + 1: null

2018-12-05 12:32:37 - [TEST_STEP][PASSED] - Statement - PreSaveFile = new java.io.File(((pathPrefix + java.lang.Integer.toString(counter)) + .png)): null

2018-12-05 12:32:37 - [TEST_STEP][PASSED] - Statement - counter = counter + 1: null

2018-12-05 12:32:37 - [TEST_STEP][PASSED] - Statement - PreSaveFile = new java.io.File(((pathPrefix + java.lang.Integer.toString(counter)) + .png)): null

2018-12-05 12:32:37 - [TEST_STEP][PASSED] - Statement - counter = counter + 1: null

2018-12-05 12:32:37 - [TEST_STEP][PASSED] - Statement - PreSaveFile = new java.io.File(((pathPrefix + java.lang.Integer.toString(counter)) + .png)): null

2018-12-05 12:32:37 - [TEST_STEP][PASSED] - Statement - counter = counter + 1: null

2018-12-05 12:32:37 - [TEST_STEP][PASSED] - Statement - PreSaveFile = new java.io.File(((pathPrefix + java.lang.Integer.toString(counter)) + .png)): null

2018-12-05 12:32:37 - [TEST_STEP][PASSED] - Statement - counter = counter + 1: null

2018-12-05 12:32:37 - [TEST_STEP][PASSED] - Statement - PreSaveFile = new java.io.File(((pathPrefix + java.lang.Integer.toString(counter)) + .png)): null

2018-12-05 12:32:37 - [TEST_STEP][PASSED] - Statement - counter = counter + 1: null

2018-12-05 12:32:37 - [TEST_STEP][PASSED] - Statement - PreSaveFile = new java.io.File(((pathPrefix + java.lang.Integer.toString(counter)) + .png)): null

2018-12-05 12:32:37 - [TEST_STEP][PASSED] - Statement - counter = counter + 1: null

2018-12-05 12:32:37 - [TEST_STEP][PASSED] - Statement - PreSaveFile = new java.io.File(((pathPrefix + java.lang.Integer.toString(counter)) + .png)): null

2018-12-05 12:32:37 - [TEST_STEP][PASSED] - Statement - counter = counter + 1: null

2018-12-05 12:32:37 - [TEST_STEP][PASSED] - Statement - PreSaveFile = new java.io.File(((pathPrefix + java.lang.Integer.toString(counter)) + .png)): null

2018-12-05 12:32:37 - [TEST_STEP][PASSED] - Statement - counter = counter + 1: null

2018-12-05 12:32:37 - [TEST_STEP][PASSED] - Statement - PreSaveFile = new java.io.File(((pathPrefix + java.lang.Integer.toString(counter)) + .png)): null

2018-12-05 12:32:37 - [TEST_STEP][PASSED] - Statement - counter = counter + 1: null

2018-12-05 12:32:37 - [TEST_STEP][PASSED] - Statement - PreSaveFile = new java.io.File(((pathPrefix + java.lang.Integer.toString(counter)) + .png)): null

2018-12-05 12:32:38 - [TEST_STEP][PASSED] - Statement - counter = counter + 1: null

2018-12-05 12:32:38 - [TEST_STEP][PASSED] - Statement - PreSaveFile = new java.io.File(((pathPrefix + java.lang.Integer.toString(counter)) + .png)): null

2018-12-05 12:32:38 - [TEST_STEP][PASSED] - Statement - counter = counter + 1: null

2018-12-05 12:32:38 - [TEST_STEP][PASSED] - Statement - PreSaveFile = new java.io.File(((pathPrefix + java.lang.Integer.toString(counter)) + .png)): null

2018-12-05 12:32:38 - [TEST_STEP][PASSED] - Statement - counter = counter + 1: null

2018-12-05 12:32:38 - [TEST_STEP][PASSED] - Statement - PreSaveFile = new java.io.File(((pathPrefix + java.lang.Integer.toString(counter)) + .png)): null

2018-12-05 12:32:38 - [TEST_STEP][PASSED] - Statement - counter = counter + 1: null

2018-12-05 12:32:38 - [TEST_STEP][PASSED] - Statement - PreSaveFile = new java.io.File(((pathPrefix + java.lang.Integer.toString(counter)) + .png)): null

2018-12-05 12:32:38 - [TEST_STEP][PASSED] - Statement - counter = counter + 1: null

2018-12-05 12:32:38 - [TEST_STEP][PASSED] - Statement - PreSaveFile = new java.io.File(((pathPrefix + java.lang.Integer.toString(counter)) + .png)): null

2018-12-05 12:32:38 - [TEST_STEP][PASSED] - Statement - counter = counter + 1: null

2018-12-05 12:32:38 - [TEST_STEP][PASSED] - Statement - PreSaveFile = new java.io.File(((pathPrefix + java.lang.Integer.toString(counter)) + .png)): null

2018-12-05 12:32:38 - [TEST_STEP][PASSED] - Statement - counter = counter + 1: null

2018-12-05 12:32:38 - [TEST_STEP][PASSED] - Statement - PreSaveFile = new java.io.File(((pathPrefix + java.lang.Integer.toString(counter)) + .png)): null

2018-12-05 12:32:38 - [TEST_STEP][PASSED] - Statement - counter = counter + 1: null

2018-12-05 12:32:38 - [TEST_STEP][PASSED] - Statement - PreSaveFile = new java.io.File(((pathPrefix + java.lang.Integer.toString(counter)) + .png)): null

2018-12-05 12:32:38 - [TEST_STEP][PASSED] - Statement - counter = counter + 1: null

2018-12-05 12:32:38 - [TEST_STEP][PASSED] - Statement - PreSaveFile = new java.io.File(((pathPrefix + java.lang.Integer.toString(counter)) + .png)): null

2018-12-05 12:32:38 - [TEST_STEP][PASSED] - Statement - counter = counter + 1: null

2018-12-05 12:32:38 - [TEST_STEP][PASSED] - Statement - PreSaveFile = new java.io.File(((pathPrefix + java.lang.Integer.toString(counter)) + .png)): null

2018-12-05 12:32:38 - [TEST_STEP][PASSED] - Statement - counter = counter + 1: null

2018-12-05 12:32:38 - [TEST_STEP][PASSED] - Statement - PreSaveFile = new java.io.File(((pathPrefix + java.lang.Integer.toString(counter)) + .png)): null

2018-12-05 12:32:38 - [TEST_STEP][PASSED] - Statement - counter = counter + 1: null

2018-12-05 12:32:38 - [TEST_STEP][PASSED] - Statement - PreSaveFile = new java.io.File(((pathPrefix + java.lang.Integer.toString(counter)) + .png)): null

2018-12-05 12:32:38 - [TEST_STEP][PASSED] - Statement - counter = counter + 1: null

2018-12-05 12:32:38 - [TEST_STEP][PASSED] - Statement - PreSaveFile = new java.io.File(((pathPrefix + java.lang.Integer.toString(counter)) + .png)): null

2018-12-05 12:32:38 - [TEST_STEP][PASSED] - Statement - counter = counter + 1: null

2018-12-05 12:32:38 - [TEST_STEP][PASSED] - Statement - PreSaveFile = new java.io.File(((pathPrefix + java.lang.Integer.toString(counter)) + .png)): null

2018-12-05 12:32:38 - [TEST_STEP][PASSED] - Statement - counter = counter + 1: null

2018-12-05 12:32:38 - [TEST_STEP][PASSED] - Statement - PreSaveFile = new java.io.File(((pathPrefix + java.lang.Integer.toString(counter)) + .png)): null

2018-12-05 12:32:38 - [TEST_STEP][PASSED] - Statement - counter = counter + 1: null

2018-12-05 12:32:38 - [TEST_STEP][PASSED] - Statement - PreSaveFile = new java.io.File(((pathPrefix + java.lang.Integer.toString(counter)) + .png)): null

2018-12-05 12:32:38 - [TEST_STEP][PASSED] - Statement - counter = counter + 1: null

2018-12-05 12:32:38 - [TEST_STEP][PASSED] - Statement - PreSaveFile = new java.io.File(((pathPrefix + java.lang.Integer.toString(counter)) + .png)): null

2018-12-05 12:32:38 - [TEST_STEP][PASSED] - Statement - counter = counter + 1: null

2018-12-05 12:32:38 - [TEST_STEP][PASSED] - Statement - PreSaveFile = new java.io.File(((pathPrefix + java.lang.Integer.toString(counter)) + .png)): null

2018-12-05 12:32:38 - [TEST_STEP][PASSED] - Statement - counter = counter + 1: null

2018-12-05 12:32:38 - [TEST_STEP][PASSED] - Statement - PreSaveFile = new java.io.File(((pathPrefix + java.lang.Integer.toString(counter)) + .png)): null

2018-12-05 12:32:39 - [TEST_STEP][PASSED] - Statement - counter = counter + 1: null

2018-12-05 12:32:39 - [TEST_STEP][PASSED] - Statement - PreSaveFile = new java.io.File(((pathPrefix + java.lang.Integer.toString(counter)) + .png)): null

2018-12-05 12:32:39 - [TEST_STEP][PASSED] - Statement - counter = counter + 1: null

2018-12-05 12:32:39 - [TEST_STEP][PASSED] - Statement - PreSaveFile = new java.io.File(((pathPrefix + java.lang.Integer.toString(counter)) + .png)): null

2018-12-05 12:32:39 - [TEST_STEP][PASSED] - Statement - counter = counter + 1: null

2018-12-05 12:32:39 - [TEST_STEP][PASSED] - Statement - PreSaveFile = new java.io.File(((pathPrefix + java.lang.Integer.toString(counter)) + .png)): null

2018-12-05 12:32:39 - [TEST_STEP][PASSED] - Statement - counter = counter + 1: null

2018-12-05 12:32:39 - [TEST_STEP][PASSED] - Statement - PreSaveFile = new java.io.File(((pathPrefix + java.lang.Integer.toString(counter)) + .png)): null

2018-12-05 12:32:39 - [TEST_STEP][PASSED] - Statement - counter = counter + 1: null

2018-12-05 12:32:39 - [TEST_STEP][PASSED] - Statement - PreSaveFile = new java.io.File(((pathPrefix + java.lang.Integer.toString(counter)) + .png)): null

2018-12-05 12:32:39 - [TEST_STEP][PASSED] - Statement - counter = counter + 1: null

2018-12-05 12:32:39 - [TEST_STEP][PASSED] - Statement - PreSaveFile = new java.io.File(((pathPrefix + java.lang.Integer.toString(counter)) + .png)): null

2018-12-05 12:32:39 - [TEST_STEP][PASSED] - Statement - counter = counter + 1: null

2018-12-05 12:32:39 - [TEST_STEP][PASSED] - Statement - PreSaveFile = new java.io.File(((pathPrefix + java.lang.Integer.toString(counter)) + .png)): null

2018-12-05 12:32:39 - [TEST_STEP][PASSED] - Statement - counter = counter + 1: null

2018-12-05 12:32:39 - [TEST_STEP][PASSED] - Statement - PreSaveFile = new java.io.File(((pathPrefix + java.lang.Integer.toString(counter)) + .png)): null

2018-12-05 12:32:39 - [TEST_STEP][PASSED] - Statement - counter = counter + 1: null

2018-12-05 12:32:39 - [TEST_STEP][PASSED] - Statement - PreSaveFile = new java.io.File(((pathPrefix + java.lang.Integer.toString(counter)) + .png)): null

2018-12-05 12:32:39 - [TEST_STEP][PASSED] - Statement - counter = counter + 1: null

2018-12-05 12:32:39 - [TEST_STEP][PASSED] - Statement - PreSaveFile = new java.io.File(((pathPrefix + java.lang.Integer.toString(counter)) + .png)): null

2018-12-05 12:32:39 - [TEST_STEP][PASSED] - Statement - counter = counter + 1: null

2018-12-05 12:32:39 - [TEST_STEP][PASSED] - Statement - PreSaveFile = new java.io.File(((pathPrefix + java.lang.Integer.toString(counter)) + .png)): null

2018-12-05 12:32:39 - [TEST_STEP][PASSED] - Statement - counter = counter + 1: null

2018-12-05 12:32:39 - [TEST_STEP][PASSED] - Statement - PreSaveFile = new java.io.File(((pathPrefix + java.lang.Integer.toString(counter)) + .png)): null

2018-12-05 12:32:39 - [TEST_STEP][PASSED] - Statement - counter = counter + 1: null

2018-12-05 12:32:39 - [TEST_STEP][PASSED] - Statement - PreSaveFile = new java.io.File(((pathPrefix + java.lang.Integer.toString(counter)) + .png)): null

2018-12-05 12:32:39 - [TEST_STEP][PASSED] - Statement - counter = counter + 1: null

2018-12-05 12:32:39 - [TEST_STEP][PASSED] - Statement - PreSaveFile = new java.io.File(((pathPrefix + java.lang.Integer.toString(counter)) + .png)): null

2018-12-05 12:32:39 - [TEST_STEP][PASSED] - Statement - counter = counter + 1: null

2018-12-05 12:32:40 - [TEST_STEP][PASSED] - Statement - PreSaveFile = new java.io.File(((pathPrefix + java.lang.Integer.toString(counter)) + .png)): null

2018-12-05 12:32:40 - [TEST_STEP][PASSED] - Statement - counter = counter + 1: null

2018-12-05 12:32:40 - [TEST_STEP][PASSED] - Statement - PreSaveFile = new java.io.File(((pathPrefix + java.lang.Integer.toString(counter)) + .png)): null

2018-12-05 12:32:40 - [TEST_STEP][PASSED] - Statement - counter = counter + 1: null

2018-12-05 12:32:40 - [TEST_STEP][PASSED] - Statement - PreSaveFile = new java.io.File(((pathPrefix + java.lang.Integer.toString(counter)) + .png)): null

2018-12-05 12:32:40 - [TEST_STEP][PASSED] - Statement - counter = counter + 1: null

2018-12-05 12:32:40 - [TEST_STEP][PASSED] - Statement - PreSaveFile = new java.io.File(((pathPrefix + java.lang.Integer.toString(counter)) + .png)): null

2018-12-05 12:32:40 - [TEST_STEP][PASSED] - Statement - counter = counter + 1: null

2018-12-05 12:32:40 - [TEST_STEP][PASSED] - Statement - PreSaveFile = new java.io.File(((pathPrefix + java.lang.Integer.toString(counter)) + .png)): null

2018-12-05 12:32:40 - [TEST_STEP][PASSED] - Statement - counter = counter + 1: null

2018-12-05 12:32:40 - [TEST_STEP][PASSED] - Statement - PreSaveFile = new java.io.File(((pathPrefix + java.lang.Integer.toString(counter)) + .png)): null

2018-12-05 12:32:40 - [TEST_STEP][PASSED] - Statement - counter = counter + 1: null

2018-12-05 12:32:40 - [TEST_STEP][PASSED] - Statement - PreSaveFile = new java.io.File(((pathPrefix + java.lang.Integer.toString(counter)) + .png)): null

2018-12-05 12:32:40 - [TEST_STEP][PASSED] - Statement - counter = counter + 1: null

2018-12-05 12:32:40 - [TEST_STEP][PASSED] - Statement - PreSaveFile = new java.io.File(((pathPrefix + java.lang.Integer.toString(counter)) + .png)): null

2018-12-05 12:32:40 - [TEST_STEP][PASSED] - Statement - counter = counter + 1: null

2018-12-05 12:32:40 - [TEST_STEP][PASSED] - Statement - PreSaveFile = new java.io.File(((pathPrefix + java.lang.Integer.toString(counter)) + .png)): null

2018-12-05 12:32:40 - [TEST_STEP][PASSED] - Statement - counter = counter + 1: null

2018-12-05 12:32:40 - [TEST_STEP][PASSED] - Statement - PreSaveFile = new java.io.File(((pathPrefix + java.lang.Integer.toString(counter)) + .png)): null

2018-12-05 12:32:40 - [TEST_STEP][PASSED] - Statement - counter = counter + 1: null

2018-12-05 12:32:40 - [TEST_STEP][PASSED] - Statement - PreSaveFile = new java.io.File(((pathPrefix + java.lang.Integer.toString(counter)) + .png)): null

2018-12-05 12:32:40 - [TEST_STEP][PASSED] - Statement - counter = counter + 1: null

2018-12-05 12:32:40 - [TEST_STEP][PASSED] - Statement - PreSaveFile = new java.io.File(((pathPrefix + java.lang.Integer.toString(counter)) + .png)): null

2018-12-05 12:32:40 - [TEST_STEP][PASSED] - Statement - counter = counter + 1: null

2018-12-05 12:32:40 - [TEST_STEP][PASSED] - Statement - PreSaveFile = new java.io.File(((pathPrefix + java.lang.Integer.toString(counter)) + .png)): null

2018-12-05 12:32:40 - [TEST_STEP][PASSED] - Statement - counter = counter + 1: null

2018-12-05 12:32:40 - [TEST_STEP][PASSED] - Statement - PreSaveFile = new java.io.File(((pathPrefix + java.lang.Integer.toString(counter)) + .png)): null

2018-12-05 12:32:40 - [TEST_STEP][PASSED] - Statement - counter = counter + 1: null

2018-12-05 12:32:41 - [TEST_STEP][PASSED] - Statement - PreSaveFile = new java.io.File(((pathPrefix + java.lang.Integer.toString(counter)) + .png)): null

2018-12-05 12:32:41 - [TEST_STEP][PASSED] - Statement - counter = counter + 1: null

2018-12-05 12:32:41 - [TEST_STEP][PASSED] - Statement - PreSaveFile = new java.io.File(((pathPrefix + java.lang.Integer.toString(counter)) + .png)): null

2018-12-05 12:32:41 - [TEST_STEP][PASSED] - Statement - counter = counter + 1: null

2018-12-05 12:32:41 - [TEST_STEP][PASSED] - Statement - PreSaveFile = new java.io.File(((pathPrefix + java.lang.Integer.toString(counter)) + .png)): null

2018-12-05 12:32:41 - [TEST_STEP][PASSED] - Statement - counter = counter + 1: null

2018-12-05 12:32:41 - [TEST_STEP][PASSED] - Statement - PreSaveFile = new java.io.File(((pathPrefix + java.lang.Integer.toString(counter)) + .png)): null

2018-12-05 12:32:41 - [TEST_STEP][PASSED] - Statement - counter = counter + 1: null

2018-12-05 12:32:41 - [TEST_STEP][PASSED] - Statement - PreSaveFile = new java.io.File(((pathPrefix + java.lang.Integer.toString(counter)) + .png)): null

2018-12-05 12:32:41 - [TEST_STEP][PASSED] - Statement - counter = counter + 1: null

2018-12-05 12:32:41 - [TEST_STEP][PASSED] - Statement - PreSaveFile = new java.io.File(((pathPrefix + java.lang.Integer.toString(counter)) + .png)): null

2018-12-05 12:32:41 - [TEST_STEP][PASSED] - Statement - counter = counter + 1: null

2018-12-05 12:32:41 - [TEST_STEP][PASSED] - Statement - PreSaveFile = new java.io.File(((pathPrefix + java.lang.Integer.toString(counter)) + .png)): null

2018-12-05 12:32:41 - [TEST_STEP][PASSED] - Statement - counter = counter + 1: null

2018-12-05 12:32:41 - [TEST_STEP][PASSED] - Statement - PreSaveFile = new java.io.File(((pathPrefix + java.lang.Integer.toString(counter)) + .png)): null

2018-12-05 12:32:41 - [TEST_STEP][PASSED] - Statement - counter = counter + 1: null

2018-12-05 12:32:41 - [TEST_STEP][PASSED] - Statement - PreSaveFile = new java.io.File(((pathPrefix + java.lang.Integer.toString(counter)) + .png)): null

2018-12-05 12:32:41 - [TEST_STEP][PASSED] - Statement - counter = counter + 1: null

2018-12-05 12:32:41 - [TEST_STEP][PASSED] - Statement - PreSaveFile = new java.io.File(((pathPrefix + java.lang.Integer.toString(counter)) + .png)): null

2018-12-05 12:32:41 - [TEST_STEP][PASSED] - Statement - counter = counter + 1: null

2018-12-05 12:32:41 - [TEST_STEP][PASSED] - Statement - PreSaveFile = new java.io.File(((pathPrefix + java.lang.Integer.toString(counter)) + .png)): null

2018-12-05 12:32:41 - [TEST_STEP][PASSED] - Statement - counter = counter + 1: null

2018-12-05 12:32:41 - [TEST_STEP][PASSED] - Statement - PreSaveFile = new java.io.File(((pathPrefix + java.lang.Integer.toString(counter)) + .png)): null

2018-12-05 12:32:41 - [TEST_STEP][PASSED] - Statement - counter = counter + 1: null

2018-12-05 12:32:41 - [TEST_STEP][PASSED] - Statement - PreSaveFile = new java.io.File(((pathPrefix + java.lang.Integer.toString(counter)) + .png)): null

2018-12-05 12:32:41 - [TEST_STEP][PASSED] - Statement - counter = counter + 1: null

2018-12-05 12:32:41 - [TEST_STEP][PASSED] - Statement - PreSaveFile = new java.io.File(((pathPrefix + java.lang.Integer.toString(counter)) + .png)): null

2018-12-05 12:32:41 - [TEST_STEP][PASSED] - Statement - counter = counter + 1: null

2018-12-05 12:32:41 - [TEST_STEP][PASSED] - Statement - PreSaveFile = new java.io.File(((pathPrefix + java.lang.Integer.toString(counter)) + .png)): null

2018-12-05 12:32:41 - [TEST_STEP][PASSED] - Statement - counter = counter + 1: null

2018-12-05 12:32:42 - [TEST_STEP][PASSED] - Statement - PreSaveFile = new java.io.File(((pathPrefix + java.lang.Integer.toString(counter)) + .png)): null

2018-12-05 12:32:42 - [TEST_STEP][PASSED] - Statement - counter = counter + 1: null

2018-12-05 12:32:42 - [TEST_STEP][PASSED] - Statement - PreSaveFile = new java.io.File(((pathPrefix + java.lang.Integer.toString(counter)) + .png)): null

2018-12-05 12:32:42 - [TEST_STEP][PASSED] - Statement - counter = counter + 1: null

2018-12-05 12:32:42 - [TEST_STEP][PASSED] - Statement - PreSaveFile = new java.io.File(((pathPrefix + java.lang.Integer.toString(counter)) + .png)): null

2018-12-05 12:32:42 - [TEST_STEP][PASSED] - Statement - counter = counter + 1: null

2018-12-05 12:32:42 - [TEST_STEP][PASSED] - Statement - PreSaveFile = new java.io.File(((pathPrefix + java.lang.Integer.toString(counter)) + .png)): null

2018-12-05 12:32:42 - [TEST_STEP][PASSED] - Statement - counter = counter + 1: null

2018-12-05 12:32:42 - [TEST_STEP][PASSED] - Statement - PreSaveFile = new java.io.File(((pathPrefix + java.lang.Integer.toString(counter)) + .png)): null

2018-12-05 12:32:42 - [TEST_STEP][PASSED] - Statement - counter = counter + 1: null

2018-12-05 12:32:42 - [TEST_STEP][PASSED] - Statement - PreSaveFile = new java.io.File(((pathPrefix + java.lang.Integer.toString(counter)) + .png)): null

2018-12-05 12:32:42 - [TEST_STEP][PASSED] - Statement - counter = counter + 1: null

2018-12-05 12:32:42 - [TEST_STEP][PASSED] - Statement - PreSaveFile = new java.io.File(((pathPrefix + java.lang.Integer.toString(counter)) + .png)): null

2018-12-05 12:32:42 - [TEST_STEP][PASSED] - Statement - counter = counter + 1: null

2018-12-05 12:32:42 - [TEST_STEP][PASSED] - Statement - PreSaveFile = new java.io.File(((pathPrefix + java.lang.Integer.toString(counter)) + .png)): null

2018-12-05 12:32:42 - [TEST_STEP][PASSED] - Statement - counter = counter + 1: null

2018-12-05 12:32:42 - [TEST_STEP][PASSED] - Statement - PreSaveFile = new java.io.File(((pathPrefix + java.lang.Integer.toString(counter)) + .png)): null

2018-12-05 12:32:42 - [TEST_STEP][PASSED] - Statement - counter = counter + 1: null

2018-12-05 12:32:42 - [TEST_STEP][PASSED] - Statement - PreSaveFile = new java.io.File(((pathPrefix + java.lang.Integer.toString(counter)) + .png)): null

2018-12-05 12:32:42 - [TEST_STEP][PASSED] - Statement - counter = counter + 1: null

2018-12-05 12:32:42 - [TEST_STEP][PASSED] - Statement - PreSaveFile = new java.io.File(((pathPrefix + java.lang.Integer.toString(counter)) + .png)): null

2018-12-05 12:32:42 - [TEST_STEP][PASSED] - Statement - counter = counter + 1: null

2018-12-05 12:32:42 - [TEST_STEP][PASSED] - Statement - PreSaveFile = new java.io.File(((pathPrefix + java.lang.Integer.toString(counter)) + .png)): null

2018-12-05 12:32:42 - [TEST_STEP][PASSED] - Statement - counter = counter + 1: null

2018-12-05 12:32:42 - [TEST_STEP][PASSED] - Statement - PreSaveFile = new java.io.File(((pathPrefix + java.lang.Integer.toString(counter)) + .png)): null

2018-12-05 12:32:42 - [TEST_STEP][PASSED] - Statement - counter = counter + 1: null

2018-12-05 12:32:42 - [TEST_STEP][PASSED] - Statement - PreSaveFile = new java.io.File(((pathPrefix + java.lang.Integer.toString(counter)) + .png)): null

2018-12-05 12:32:42 - [TEST_STEP][PASSED] - Statement - counter = counter + 1: null

2018-12-05 12:32:43 - [TEST_STEP][PASSED] - Statement - PreSaveFile = new java.io.File(((pathPrefix + java.lang.Integer.toString(counter)) + .png)): null

2018-12-05 12:32:43 - [TEST_STEP][PASSED] - Statement - counter = counter + 1: null

2018-12-05 12:32:43 - [TEST_STEP][PASSED] - Statement - PreSaveFile = new java.io.File(((pathPrefix + java.lang.Integer.toString(counter)) + .png)): null

2018-12-05 12:32:43 - [TEST_STEP][PASSED] - Statement - counter = counter + 1: null

2018-12-05 12:32:43 - [TEST_STEP][PASSED] - Statement - PreSaveFile = new java.io.File(((pathPrefix + java.lang.Integer.toString(counter)) + .png)): null

2018-12-05 12:32:43 - [TEST_STEP][PASSED] - Statement - counter = counter + 1: null

2018-12-05 12:32:43 - [TEST_STEP][PASSED] - Statement - PreSaveFile = new java.io.File(((pathPrefix + java.lang.Integer.toString(counter)) + .png)): null

2018-12-05 12:32:43 - [TEST_STEP][PASSED] - Statement - counter = counter + 1: null

2018-12-05 12:32:43 - [TEST_STEP][PASSED] - Statement - PreSaveFile = new java.io.File(((pathPrefix + java.lang.Integer.toString(counter)) + .png)): null

2018-12-05 12:32:43 - [TEST_STEP][PASSED] - Statement - counter = counter + 1: null

2018-12-05 12:32:43 - [TEST_STEP][PASSED] - Statement - PreSaveFile = new java.io.File(((pathPrefix + java.lang.Integer.toString(counter)) + .png)): null

2018-12-05 12:32:43 - [TEST_STEP][PASSED] - Statement - counter = counter + 1: null

2018-12-05 12:32:43 - [TEST_STEP][PASSED] - Statement - PreSaveFile = new java.io.File(((pathPrefix + java.lang.Integer.toString(counter)) + .png)): null

2018-12-05 12:32:43 - [TEST_STEP][PASSED] - Statement - finalPath = pathPrefix + java.lang.Integer.toString(counter) + ".png": null

2018-12-05 12:32:43 - [TEST_STEP][PASSED] - Statement - SaveFile = new java.io.File(finalPath): null

2018-12-05 12:32:43 - [TEST_STEP][PASSED] - Statement - Try: null

2018-12-05 12:32:43 - [TEST_STEP][PASSED] - Statement - org.apache.commons.io.FileUtils.copyFile(scrFile, SaveFile): null

2018-12-05 12:32:43 - [TEST_STEP][PASSED] - Statement - out.println("file kept"): null

2018-12-05 12:32:43 - [TEST_STEP][PASSED] - delay: Delayed 10 second(s)

2018-12-05 12:32:53 - [MESSAGE][PASSED] - Delayed 10 second(s)

2018-12-05 12:32:53 - [MESSAGE][PASSED] - Call Test Case 'Test Cases/Final Aug 2018 - PKS Automation/Registration Module/New Registration/Submit and Screenshot/Submit Registration and Screenshot' successfully

2018-12-05 12:32:53 - [TEST_STEP][PASSED] - callTestCase: Call Test Case 'Test Cases/Final Aug 2018 - PKS Automation/Registration Module/Log Out/log out avoiding katalon tagging' successfully

2018-12-05 12:32:53 - [TEST_CASE][PASSED] - Test Cases/Final Aug 2018 - PKS Automation/Registration Module/Log Out/log out avoiding katalon tagging: Test Cases/Final Aug 2018 - PKS Automation/Registration Module/Log Out/log out avoiding katalon tagging

2018-12-05 12:32:53 - [TEST_STEP][PASSED] - navigateToUrl: Navigate to 'https://assist2-uat.perkeso.gov.my/c/portal/logout' successfully

2018-12-05 12:32:54 - [MESSAGE][PASSED] - Navigate to 'https://assist2-uat.perkeso.gov.my/c/portal/logout' successfully

2018-12-05 12:32:54 - [MESSAGE][PASSED] - Call Test Case 'Test Cases/Final Aug 2018 - PKS Automation/Registration Module/Log Out/log out avoiding katalon tagging' successfully

2018-12-05 12:32:54 - [TEST_STEP][PASSED] - callTestCase: Call Test Case 'Test Cases/Final Aug 2018 - PKS Automation/Common/Workflow Owner Finder' successfully

2018-12-05 12:32:54 - [TEST_CASE][PASSED] - Test Cases/Final Aug 2018 - PKS Automation/Common/Workflow Owner Finder: Test Cases/Final Aug 2018 - PKS Automation/Common/Workflow Owner Finder

2018-12-05 12:32:54 - [TEST_STEP][PASSED] - openBrowser: Browser is opened with url: ''

2018-12-05 12:32:54 - [MESSAGE][WARNING] - A browser is already opened. Closing browser and opening a new one

2018-12-05 12:32:57 - [MESSAGE][PASSED] - Browser is opened with url: ''

2018-12-05 12:32:57 - [TEST_STEP][PASSED] - navigateToUrl: Navigate to 'https://assist2-uat.perkeso.gov.my/login' successfully

2018-12-05 12:32:58 - [MESSAGE][PASSED] - Navigate to 'https://assist2-uat.perkeso.gov.my/login' successfully

2018-12-05 12:32:58 - [TEST_STEP][PASSED] - delay: Delayed 5 second(s)

2018-12-05 12:33:03 - [MESSAGE][PASSED] - Delayed 5 second(s)

2018-12-05 12:33:03 - [TEST_STEP][PASSED] - setText: Text 'test@liferay.com' is set on object 'Object Repository/Final Object Repo/Login Page/Internal User/Email Address'

2018-12-05 12:33:04 - [MESSAGE][PASSED] - Text 'test@liferay.com' is set on object 'Object Repository/Final Object Repo/Login Page/Internal User/Email Address'

2018-12-05 12:33:04 - [TEST_STEP][PASSED] - click: Object: 'Object Repository/Final Object Repo/Login Page/Internal User/Next Button' is clicked on

2018-12-05 12:33:04 - [MESSAGE][PASSED] - Object: 'Object Repository/Final Object Repo/Login Page/Internal User/Next Button' is clicked on

2018-12-05 12:33:04 - [TEST_STEP][PASSED] - delay: Delayed 2 second(s)

2018-12-05 12:33:06 - [MESSAGE][PASSED] - Delayed 2 second(s)

2018-12-05 12:33:06 - [TEST_STEP][PASSED] - setText: Text 'test' is set on object 'Object Repository/Final Object Repo/Login Page/Internal User/Password'

2018-12-05 12:33:06 - [MESSAGE][PASSED] - Text 'test' is set on object 'Object Repository/Final Object Repo/Login Page/Internal User/Password'

2018-12-05 12:33:06 - [TEST_STEP][PASSED] - delay: Delayed 2 second(s)

2018-12-05 12:33:08 - [MESSAGE][PASSED] - Delayed 2 second(s)

2018-12-05 12:33:08 - [TEST_STEP][PASSED] - click: Object: 'Object Repository/Final Object Repo/Login Page/Internal User/Login Button' is clicked on

2018-12-05 12:33:08 - [MESSAGE][PASSED] - Object: 'Object Repository/Final Object Repo/Login Page/Internal User/Login Button' is clicked on

2018-12-05 12:33:08 - [TEST_STEP][PASSED] - Statement - tester = com.kms.katalon.core.testobject.ObjectRepository.findTestObject(Final Object Repo/Landing Page/Select to English): Finding Test Object with id 'Object Repository/Final Object Repo/Landing Page/Select to English'

2018-12-05 12:33:08 - [TEST_STEP][PASSED] - Statement - Try: Delayed 2 second(s)

2018-12-05 12:33:08 - [TEST_STEP][PASSED] - Statement - Checker = com.kms.katalon.core.webui.keyword.WebUiBuiltInKeywords.verifyElementNotPresent(tester, 3): Web element with id: 'Object Repository/Final Object Repo/Landing Page/Select to English' located by 'By.xpath: //a[@class = 'taglib-language-list-text' and @lang = 'en-US' and (contains(text(), 'EN') or contains(., 'EN'))]' is not present after '3' second(s)

2018-12-05 12:33:10 - [MESSAGE][PASSED] - Web element with id: 'Object Repository/Final Object Repo/Landing Page/Select to English' located by 'By.xpath: //a[@class = 'taglib-language-list-text' and @lang = 'en-US' and (contains(text(), 'EN') or contains(., 'EN'))]' is not present after '3' second(s)

2018-12-05 12:33:10 - [TEST_STEP][PASSED] - Statement - If (Checker == false): null

2018-12-05 12:33:10 - [TEST_STEP][PASSED] - delay: Delayed 2 second(s)

2018-12-05 12:33:12 - [MESSAGE][PASSED] - Delayed 2 second(s)

2018-12-05 12:33:12 - [TEST_STEP][PASSED] - delay: Delayed 5 second(s)

2018-12-05 12:33:17 - [MESSAGE][PASSED] - Delayed 5 second(s)

2018-12-05 12:33:17 - [TEST_STEP][PASSED] - mouseOver: Object: 'Object Repository/Final Object Repo/Landing Page/WorkFlow Menu' is hovered

2018-12-05 12:33:17 - [MESSAGE][PASSED] - Object: 'Object Repository/Final Object Repo/Landing Page/WorkFlow Menu' is hovered

2018-12-05 12:33:17 - [TEST_STEP][PASSED] - delay: Delayed 2 second(s)

2018-12-05 12:33:19 - [MESSAGE][PASSED] - Delayed 2 second(s)

2018-12-05 12:33:19 - [TEST_STEP][PASSED] - click: Object: 'Object Repository/Final Object Repo/Landing Page/Select to Workflow Listing' is clicked on

2018-12-05 12:33:21 - [MESSAGE][PASSED] - Object: 'Object Repository/Final Object Repo/Landing Page/Select to Workflow Listing' is clicked on

2018-12-05 12:33:21 - [TEST_STEP][PASSED] - delay: Delayed 2 second(s)

2018-12-05 12:33:23 - [MESSAGE][PASSED] - Delayed 2 second(s)

2018-12-05 12:33:23 - [TEST_STEP][PASSED] - click: Object: 'Object Repository/Final Object Repo/WorkFlow Listing Page/Search Information - To Put Ref No' is clicked on

2018-12-05 12:33:23 - [MESSAGE][PASSED] - Object: 'Object Repository/Final Object Repo/WorkFlow Listing Page/Search Information - To Put Ref No' is clicked on

2018-12-05 12:33:23 - [TEST_STEP][PASSED] - delay: Delayed 2 second(s)

2018-12-05 12:33:25 - [MESSAGE][PASSED] - Delayed 2 second(s)

2018-12-05 12:33:25 - [TEST_STEP][PASSED] - callTestCase: Call Test Case 'Test Cases/Final Aug 2018 - PKS Automation/Common/Reference Number Getter' successfully

2018-12-05 12:33:25 - [TEST_CASE][PASSED] - Test Cases/Final Aug 2018 - PKS Automation/Common/Reference Number Getter: Test Cases/Final Aug 2018 - PKS Automation/Common/Reference Number Getter

2018-12-05 12:33:25 - [TEST_STEP][PASSED] - Statement - Try: null

2018-12-05 12:33:25 - [TEST_STEP][PASSED] - Statement - RefNo = new java.io.File(C://Users//Admin//Desktop//PKS//Automation Reference Point//KatalonReference.txt): null

2018-12-05 12:33:25 - [TEST_STEP][PASSED] - Statement - bufferread = new java.io.BufferedReader(new java.io.FileReader(RefNo)): null

2018-12-05 12:33:25 - [TEST_STEP][PASSED] - Statement - readedVal = bufferread.readLine(): null

2018-12-05 12:33:25 - [TEST_STEP][PASSED] - Statement - out.println(CaseReferenceNo): null

2018-12-05 12:33:25 - [TEST_STEP][PASSED] - Statement - out.println(readedVal): null

2018-12-05 12:33:25 - [TEST_STEP][PASSED] - Statement - CaseReferenceNo = "": null

2018-12-05 12:33:25 - [TEST_STEP][PASSED] - Statement - CaseReferenceNo = readedVal: null

2018-12-05 12:33:25 - [MESSAGE][PASSED] - Call Test Case 'Test Cases/Final Aug 2018 - PKS Automation/Common/Reference Number Getter' successfully

2018-12-05 12:33:25 - [TEST_STEP][PASSED] - setText: Text 'CRN12201800123006' is set on object 'Object Repository/Final Object Repo/WorkFlow Listing Page/Ref No Set Text'

2018-12-05 12:33:25 - [MESSAGE][PASSED] - Text 'CRN12201800123006' is set on object 'Object Repository/Final Object Repo/WorkFlow Listing Page/Ref No Set Text'

2018-12-05 12:33:25 - [TEST_STEP][PASSED] - delay: Delayed 2 second(s)

2018-12-05 12:33:27 - [MESSAGE][PASSED] - Delayed 2 second(s)

2018-12-05 12:33:27 - [TEST_STEP][PASSED] - click: Object: 'Object Repository/Final Object Repo/WorkFlow Listing Page/Search Ref No Search Button' is clicked on

2018-12-05 12:33:28 - [MESSAGE][PASSED] - Object: 'Object Repository/Final Object Repo/WorkFlow Listing Page/Search Ref No Search Button' is clicked on

2018-12-05 12:33:28 - [TEST_STEP][PASSED] - delay: Delayed 6 second(s)

2018-12-05 12:33:34 - [MESSAGE][PASSED] - Delayed 6 second(s)

2018-12-05 12:33:34 - [TEST_STEP][PASSED] - click: Object: 'Object Repository/Final Object Repo/WorkFlow Listing Page/Click Continue Tooltip' is clicked on

2018-12-05 12:33:35 - [MESSAGE][PASSED] - Object: 'Object Repository/Final Object Repo/WorkFlow Listing Page/Click Continue Tooltip' is clicked on

2018-12-05 12:33:35 - [TEST_STEP][PASSED] - delay: Delayed 5 second(s)

2018-12-05 12:33:40 - [MESSAGE][PASSED] - Delayed 5 second(s)

2018-12-05 12:33:40 - [TEST_STEP][PASSED] - doubleClick: Object: 'Object Repository/Final Object Repo/WorkFlow Listing Page/Workflow Found - Listing 1' is double clicked on

2018-12-05 12:33:40 - [MESSAGE][PASSED] - Object: 'Object Repository/Final Object Repo/WorkFlow Listing Page/Workflow Found - Listing 1' is double clicked on

2018-12-05 12:33:40 - [TEST_STEP][PASSED] - Statement - println(OwnerID): null

2018-12-05 12:33:40 - [TEST_STEP][PASSED] - Statement - OwnerID = com.kms.katalon.core.webui.keyword.WebUiBuiltInKeywords.getText(com.kms.katalon.core.testobject.ObjectRepository.findTestObject(Final Object Repo/WorkFlow Listing Page/Workflow Found - Listing 1), STOP_ON_FAILURE): Text of object 'Object Repository/Final Object Repo/WorkFlow Listing Page/Workflow Found - Listing 1' is: 'KLpkrbo3'

2018-12-05 12:33:40 - [MESSAGE][PASSED] - Text of object 'Object Repository/Final Object Repo/WorkFlow Listing Page/Workflow Found - Listing 1' is: 'KLpkrbo3'

2018-12-05 12:33:40 - [TEST_STEP][PASSED] - Statement - OwnerID = OwnerID.toLowerCase() + "@gmail.com": null

2018-12-05 12:33:40 - [TEST_STEP][PASSED] - Statement - println(OwnerID): null

2018-12-05 12:33:40 - [TEST_STEP][PASSED] - delay: Delayed 2 second(s)

2018-12-05 12:33:42 - [MESSAGE][PASSED] - Delayed 2 second(s)

2018-12-05 12:33:42 - [MESSAGE][PASSED] - Call Test Case 'Test Cases/Final Aug 2018 - PKS Automation/Common/Workflow Owner Finder' successfully

2018-12-05 12:33:42 - [TEST_STEP][PASSED] - callTestCase: Call Test Case 'Test Cases/Final Aug 2018 - PKS Automation/Registration Module/Log Out/log out avoiding katalon tagging' successfully

2018-12-05 12:33:42 - [TEST_CASE][PASSED] - Test Cases/Final Aug 2018 - PKS Automation/Registration Module/Log Out/log out avoiding katalon tagging: Test Cases/Final Aug 2018 - PKS Automation/Registration Module/Log Out/log out avoiding katalon tagging

2018-12-05 12:33:42 - [TEST_STEP][PASSED] - navigateToUrl: Navigate to 'https://assist2-uat.perkeso.gov.my/c/portal/logout' successfully

2018-12-05 12:33:43 - [MESSAGE][PASSED] - Navigate to 'https://assist2-uat.perkeso.gov.my/c/portal/logout' successfully

2018-12-05 12:33:43 - [MESSAGE][PASSED] - Call Test Case 'Test Cases/Final Aug 2018 - PKS Automation/Registration Module/Log Out/log out avoiding katalon tagging' successfully

2018-12-05 12:33:43 - [TEST_STEP][PASSED] - delay: Delayed 2 second(s)

2018-12-05 12:33:45 - [MESSAGE][PASSED] - Delayed 2 second(s)

2018-12-05 12:33:45 - [TEST_STEP][PASSED] - setText: Text 'klpkrbo3@gmail.com' is set on object 'Object Repository/Final Object Repo/New Registration - Registration Module Pages/New Reg - OTC to RO/Special Case - All Related Objects/Email TextBox'

2018-12-05 12:33:45 - [MESSAGE][PASSED] - Text 'klpkrbo3@gmail.com' is set on object 'Object Repository/Final Object Repo/New Registration - Registration Module Pages/New Reg - OTC to RO/Special Case - All Related Objects/Email TextBox'

2018-12-05 12:33:45 - [TEST_STEP][PASSED] - click: Object: 'Object Repository/Final Object Repo/New Registration - Registration Module Pages/New Reg - OTC to RO/Special Case - All Related Objects/Next Button' is clicked on

2018-12-05 12:33:45 - [MESSAGE][PASSED] - Object: 'Object Repository/Final Object Repo/New Registration - Registration Module Pages/New Reg - OTC to RO/Special Case - All Related Objects/Next Button' is clicked on

2018-12-05 12:33:45 - [TEST_STEP][PASSED] - delay: Delayed 2 second(s)

2018-12-05 12:33:47 - [MESSAGE][PASSED] - Delayed 2 second(s)

2018-12-05 12:33:47 - [TEST_STEP][PASSED] - setText: Text 'Test1@3456789' is set on object 'Object Repository/Final Object Repo/New Registration - Registration Module Pages/New Reg - OTC to RO/Special Case - All Related Objects/Password TextBox'

2018-12-05 12:33:48 - [MESSAGE][PASSED] - Text 'Test1@3456789' is set on object 'Object Repository/Final Object Repo/New Registration - Registration Module Pages/New Reg - OTC to RO/Special Case - All Related Objects/Password TextBox'

2018-12-05 12:33:48 - [TEST_STEP][PASSED] - delay: Delayed 2 second(s)

2018-12-05 12:33:50 - [MESSAGE][PASSED] - Delayed 2 second(s)

2018-12-05 12:33:50 - [TEST_STEP][PASSED] - click: Object: 'Object Repository/Final Object Repo/New Registration - Registration Module Pages/New Reg - OTC to RO/Special Case - All Related Objects/Login Button' is clicked on

2018-12-05 12:33:50 - [MESSAGE][PASSED] - Object: 'Object Repository/Final Object Repo/New Registration - Registration Module Pages/New Reg - OTC to RO/Special Case - All Related Objects/Login Button' is clicked on

2018-12-05 12:33:50 - [TEST_STEP][PASSED] - delay: Delayed 2 second(s)

2018-12-05 12:33:52 - [MESSAGE][PASSED] - Delayed 2 second(s)

2018-12-05 12:33:52 - [TEST_STEP][PASSED] - Statement - Try: null

2018-12-05 12:33:52 - [TEST_STEP][PASSED] - Statement - Checker = com.kms.katalon.core.webui.keyword.WebUiBuiltInKeywords.verifyElementNotPresent("Final Object Repo/Landing Page/Select to English", 3): null

2018-12-05 12:33:52 - [TEST_STEP][PASSED] - Statement - Catch (Exception e): null

2018-12-05 12:33:52 - [TEST_STEP][PASSED] - Statement - e.printStackTrace(): null

2018-12-05 12:33:52 - [TEST_STEP][PASSED] - click: Object: 'Object Repository/Final Object Repo/New Registration - Registration Module Pages/New Reg - OTC to RO/Special Case - All Related Objects/Expand to Search' is clicked on

2018-12-05 12:33:52 - [MESSAGE][PASSED] - Object: 'Object Repository/Final Object Repo/New Registration - Registration Module Pages/New Reg - OTC to RO/Special Case - All Related Objects/Expand to Search' is clicked on

2018-12-05 12:33:52 - [TEST_STEP][PASSED] - delay: Delayed 2 second(s)

2018-12-05 12:33:54 - [MESSAGE][PASSED] - Delayed 2 second(s)

2018-12-05 12:33:54 - [TEST_STEP][PASSED] - setText: Text 'CRN12201800123006' is set on object 'Object Repository/Final Object Repo/New Registration - Registration Module Pages/New Reg - OTC to RO/Special Case - All Related Objects/TextBox RefNo in Workbasket'

2018-12-05 12:33:54 - [MESSAGE][PASSED] - Text 'CRN12201800123006' is set on object 'Object Repository/Final Object Repo/New Registration - Registration Module Pages/New Reg - OTC to RO/Special Case - All Related Objects/TextBox RefNo in Workbasket'

2018-12-05 12:33:54 - [TEST_STEP][PASSED] - delay: Delayed 2 second(s)

2018-12-05 12:33:56 - [MESSAGE][PASSED] - Delayed 2 second(s)

2018-12-05 12:33:56 - [TEST_STEP][PASSED] - click: Object: 'Object Repository/Final Object Repo/New Registration - Registration Module Pages/New Reg - OTC to RO/Special Case - All Related Objects/Click Search' is clicked on

2018-12-05 12:33:57 - [MESSAGE][PASSED] - Object: 'Object Repository/Final Object Repo/New Registration - Registration Module Pages/New Reg - OTC to RO/Special Case - All Related Objects/Click Search' is clicked on

2018-12-05 12:33:57 - [TEST_STEP][PASSED] - delay: Delayed 2 second(s)

2018-12-05 12:33:59 - [MESSAGE][PASSED] - Delayed 2 second(s)

2018-12-05 12:33:59 - [TEST_STEP][PASSED] - click: Object: 'Object Repository/Final Object Repo/New Registration - Registration Module Pages/New Reg - OTC to RO/Special Case - All Related Objects/Click to Continue Workflow' is clicked on

2018-12-05 12:34:01 - [MESSAGE][PASSED] - Object: 'Object Repository/Final Object Repo/New Registration - Registration Module Pages/New Reg - OTC to RO/Special Case - All Related Objects/Click to Continue Workflow' is clicked on

2018-12-05 12:34:01 - [TEST_STEP][PASSED] - delay: Delayed 2 second(s)

2018-12-05 12:34:03 - [MESSAGE][PASSED] - Delayed 2 second(s)

2018-12-05 12:34:03 - [TEST_STEP][PASSED] - click: Object: 'Object Repository/Final Object Repo/New Registration - Registration Module Pages/New Reg - OTC to RO/Special Case - All Related Objects/Form 1 Save n Continue' is clicked on

2018-12-05 12:34:03 - [MESSAGE][PASSED] - Object: 'Object Repository/Final Object Repo/New Registration - Registration Module Pages/New Reg - OTC to RO/Special Case - All Related Objects/Form 1 Save n Continue' is clicked on

2018-12-05 12:34:03 - [TEST_STEP][PASSED] - delay: Delayed 5 second(s)

2018-12-05 12:34:08 - [MESSAGE][PASSED] - Delayed 5 second(s)

2018-12-05 12:34:08 - [TEST_STEP][PASSED] - click: Object: 'Object Repository/Final Object Repo/New Registration - Registration Module Pages/New Reg - OTC to RO/Special Case - OTC - Form 1/Confirm No Flagging as Branch' is clicked on

2018-12-05 12:34:08 - [MESSAGE][PASSED] - Object: 'Object Repository/Final Object Repo/New Registration - Registration Module Pages/New Reg - OTC to RO/Special Case - OTC - Form 1/Confirm No Flagging as Branch' is clicked on

2018-12-05 12:34:08 - [TEST_STEP][PASSED] - delay: Delayed 2 second(s)

2018-12-05 12:34:10 - [MESSAGE][PASSED] - Delayed 2 second(s)

2018-12-05 12:34:10 - [TEST_STEP][PASSED] - click: Object: 'Object Repository/Final Object Repo/New Registration - Registration Module Pages/New Reg - OTC to RO/Special Case - All Related Objects/Form 2 Save n Continue' is clicked on

2018-12-05 12:34:10 - [MESSAGE][PASSED] - Object: 'Object Repository/Final Object Repo/New Registration - Registration Module Pages/New Reg - OTC to RO/Special Case - All Related Objects/Form 2 Save n Continue' is clicked on

2018-12-05 12:34:10 - [TEST_STEP][PASSED] - delay: Delayed 4 second(s)

2018-12-05 12:34:14 - [MESSAGE][PASSED] - Delayed 4 second(s)

2018-12-05 12:34:14 - [TEST_STEP][PASSED] - click: Object: 'Object Repository/Final Object Repo/New Registration - Registration Module Pages/New Reg - OTC to RO/Special Case - All Related Objects/Third Screen Save n Continue' is clicked on

2018-12-05 12:34:20 - [MESSAGE][PASSED] - Object: 'Object Repository/Final Object Repo/New Registration - Registration Module Pages/New Reg - OTC to RO/Special Case - All Related Objects/Third Screen Save n Continue' is clicked on

2018-12-05 12:34:20 - [TEST_STEP][PASSED] - delay: Delayed 5 second(s)

2018-12-05 12:34:25 - [MESSAGE][PASSED] - Delayed 5 second(s)

2018-12-05 12:34:25 - [TEST_STEP][PASSED] - click: Object: 'Object Repository/Final Object Repo/New Registration - Registration Module Pages/New Reg - OTC to RO/Special Case - All Related Objects/Upload Doc Page Save n Continue' is clicked on

2018-12-05 12:34:25 - [MESSAGE][PASSED] - Object: 'Object Repository/Final Object Repo/New Registration - Registration Module Pages/New Reg - OTC to RO/Special Case - All Related Objects/Upload Doc Page Save n Continue' is clicked on

2018-12-05 12:34:25 - [TEST_STEP][PASSED] - callTestCase: Call Test Case 'Test Cases/Final Aug 2018 - PKS Automation/Registration Module/New Registration/Submit and Screenshot/Submit Registration and Screenshot' successfully

2018-12-05 12:34:25 - [TEST_CASE][PASSED] - Test Cases/Final Aug 2018 - PKS Automation/Registration Module/New Registration/Submit and Screenshot/Submit Registration and Screenshot: Test Cases/Final Aug 2018 - PKS Automation/Registration Module/New Registration/Submit and Screenshot/Submit Registration and Screenshot

2018-12-05 12:34:25 - [TEST_STEP][PASSED] - delay: Delayed 6 second(s)

2018-12-05 12:34:31 - [MESSAGE][PASSED] - Delayed 6 second(s)

2018-12-05 12:34:31 - [TEST_STEP][PASSED] - click: Object: 'Object Repository/Final Object Repo/New Registration - Registration Module Pages/Third Screen - Upload Supporting Doc- Preview/Preview Submit Button' is clicked on

2018-12-05 12:34:31 - [MESSAGE][PASSED] - Object: 'Object Repository/Final Object Repo/New Registration - Registration Module Pages/Third Screen - Upload Supporting Doc- Preview/Preview Submit Button' is clicked on

2018-12-05 12:34:31 - [TEST_STEP][PASSED] - delay: Delayed 2 second(s)

2018-12-05 12:34:33 - [MESSAGE][PASSED] - Delayed 2 second(s)

2018-12-05 12:34:33 - [TEST_STEP][PASSED] - click: Object: 'Object Repository/Final Object Repo/New Registration - Registration Module Pages/Third Screen - Upload Supporting Doc- Preview/Preview Submit - Confirm' is clicked on

2018-12-05 12:34:33 - [MESSAGE][PASSED] - Object: 'Object Repository/Final Object Repo/New Registration - Registration Module Pages/Third Screen - Upload Supporting Doc- Preview/Preview Submit - Confirm' is clicked on

2018-12-05 12:34:33 - [TEST_STEP][PASSED] - delay: Delayed 15 second(s)

2018-12-05 12:34:48 - [MESSAGE][PASSED] - Delayed 15 second(s)

2018-12-05 12:34:48 - [TEST_STEP][PASSED] - Statement - driver = com.kms.katalon.core.webui.driver.DriverFactory.getWebDriver(): null

2018-12-05 12:34:48 - [TEST_STEP][PASSED] - Statement - driver.manage().timeouts().implicitlyWait(10, SECONDS): null

2018-12-05 12:34:48 - [TEST_STEP][PASSED] - Statement - PresavePath = KatalonScreenshots: null

2018-12-05 12:34:48 - [TEST_STEP][PASSED] - Statement - pathPrefix = "C:\Users\Public\Pictures\Sample Pictures\Katalon Screenshots\Automate Ending Screen": null

2018-12-05 12:34:48 - [TEST_STEP][PASSED] - Statement - finalPath = <not implemented yet for class: org.codehaus.groovy.ast.expr.EmptyExpression>: null

2018-12-05 12:34:48 - [TEST_STEP][PASSED] - Statement - scrFile = driver.getScreenshotAs(FILE): null

2018-12-05 12:34:49 - [TEST_STEP][PASSED] - Statement - PreSaveFile = new java.io.File(PresavePath): null

2018-12-05 12:34:49 - [TEST_STEP][PASSED] - Statement - counter = 0: null

2018-12-05 12:34:49 - [TEST_STEP][PASSED] - Statement - If (PreSaveFile.exists()): null

2018-12-05 12:34:49 - [TEST_STEP][PASSED] - Statement - While (PreSaveFile.exists()): null

2018-12-05 12:34:49 - [TEST_STEP][PASSED] - Statement - counter = counter + 1: null

2018-12-05 12:34:49 - [TEST_STEP][PASSED] - Statement - PreSaveFile = new java.io.File(((pathPrefix + java.lang.Integer.toString(counter)) + .png)): null

2018-12-05 12:34:49 - [TEST_STEP][PASSED] - Statement - counter = counter + 1: null

2018-12-05 12:34:49 - [TEST_STEP][PASSED] - Statement - PreSaveFile = new java.io.File(((pathPrefix + java.lang.Integer.toString(counter)) + .png)): null

2018-12-05 12:34:49 - [TEST_STEP][PASSED] - Statement - counter = counter + 1: null

2018-12-05 12:34:49 - [TEST_STEP][PASSED] - Statement - PreSaveFile = new java.io.File(((pathPrefix + java.lang.Integer.toString(counter)) + .png)): null

2018-12-05 12:34:49 - [TEST_STEP][PASSED] - Statement - counter = counter + 1: null

2018-12-05 12:34:49 - [TEST_STEP][PASSED] - Statement - PreSaveFile = new java.io.File(((pathPrefix + java.lang.Integer.toString(counter)) + .png)): null

2018-12-05 12:34:49 - [TEST_STEP][PASSED] - Statement - counter = counter + 1: null

2018-12-05 12:34:49 - [TEST_STEP][PASSED] - Statement - PreSaveFile = new java.io.File(((pathPrefix + java.lang.Integer.toString(counter)) + .png)): null

2018-12-05 12:34:49 - [TEST_STEP][PASSED] - Statement - counter = counter + 1: null

2018-12-05 12:34:49 - [TEST_STEP][PASSED] - Statement - PreSaveFile = new java.io.File(((pathPrefix + java.lang.Integer.toString(counter)) + .png)): null

2018-12-05 12:34:49 - [TEST_STEP][PASSED] - Statement - counter = counter + 1: null

2018-12-05 12:34:49 - [TEST_STEP][PASSED] - Statement - PreSaveFile = new java.io.File(((pathPrefix + java.lang.Integer.toString(counter)) + .png)): null

2018-12-05 12:34:49 - [TEST_STEP][PASSED] - Statement - counter = counter + 1: null

2018-12-05 12:34:49 - [TEST_STEP][PASSED] - Statement - PreSaveFile = new java.io.File(((pathPrefix + java.lang.Integer.toString(counter)) + .png)): null

2018-12-05 12:34:49 - [TEST_STEP][PASSED] - Statement - counter = counter + 1: null

2018-12-05 12:34:49 - [TEST_STEP][PASSED] - Statement - PreSaveFile = new java.io.File(((pathPrefix + java.lang.Integer.toString(counter)) + .png)): null

2018-12-05 12:34:49 - [TEST_STEP][PASSED] - Statement - counter = counter + 1: null

2018-12-05 12:34:49 - [TEST_STEP][PASSED] - Statement - PreSaveFile = new java.io.File(((pathPrefix + java.lang.Integer.toString(counter)) + .png)): null

2018-12-05 12:34:49 - [TEST_STEP][PASSED] - Statement - counter = counter + 1: null

2018-12-05 12:34:49 - [TEST_STEP][PASSED] - Statement - PreSaveFile = new java.io.File(((pathPrefix + java.lang.Integer.toString(counter)) + .png)): null

2018-12-05 12:34:49 - [TEST_STEP][PASSED] - Statement - counter = counter + 1: null

2018-12-05 12:34:49 - [TEST_STEP][PASSED] - Statement - PreSaveFile = new java.io.File(((pathPrefix + java.lang.Integer.toString(counter)) + .png)): null

2018-12-05 12:34:49 - [TEST_STEP][PASSED] - Statement - counter = counter + 1: null

2018-12-05 12:34:49 - [TEST_STEP][PASSED] - Statement - PreSaveFile = new java.io.File(((pathPrefix + java.lang.Integer.toString(counter)) + .png)): null

2018-12-05 12:34:49 - [TEST_STEP][PASSED] - Statement - counter = counter + 1: null

2018-12-05 12:34:49 - [TEST_STEP][PASSED] - Statement - PreSaveFile = new java.io.File(((pathPrefix + java.lang.Integer.toString(counter)) + .png)): null

2018-12-05 12:34:49 - [TEST_STEP][PASSED] - Statement - counter = counter + 1: null

2018-12-05 12:34:49 - [TEST_STEP][PASSED] - Statement - PreSaveFile = new java.io.File(((pathPrefix + java.lang.Integer.toString(counter)) + .png)): null

2018-12-05 12:34:49 - [TEST_STEP][PASSED] - Statement - counter = counter + 1: null

2018-12-05 12:34:49 - [TEST_STEP][PASSED] - Statement - PreSaveFile = new java.io.File(((pathPrefix + java.lang.Integer.toString(counter)) + .png)): null

2018-12-05 12:34:49 - [TEST_STEP][PASSED] - Statement - counter = counter + 1: null

2018-12-05 12:34:49 - [TEST_STEP][PASSED] - Statement - PreSaveFile = new java.io.File(((pathPrefix + java.lang.Integer.toString(counter)) + .png)): null

2018-12-05 12:34:49 - [TEST_STEP][PASSED] - Statement - counter = counter + 1: null

2018-12-05 12:34:49 - [TEST_STEP][PASSED] - Statement - PreSaveFile = new java.io.File(((pathPrefix + java.lang.Integer.toString(counter)) + .png)): null

2018-12-05 12:34:49 - [TEST_STEP][PASSED] - Statement - counter = counter + 1: null

2018-12-05 12:34:49 - [TEST_STEP][PASSED] - Statement - PreSaveFile = new java.io.File(((pathPrefix + java.lang.Integer.toString(counter)) + .png)): null

2018-12-05 12:34:49 - [TEST_STEP][PASSED] - Statement - counter = counter + 1: null

2018-12-05 12:34:49 - [TEST_STEP][PASSED] - Statement - PreSaveFile = new java.io.File(((pathPrefix + java.lang.Integer.toString(counter)) + .png)): null

2018-12-05 12:34:49 - [TEST_STEP][PASSED] - Statement - counter = counter + 1: null

2018-12-05 12:34:49 - [TEST_STEP][PASSED] - Statement - PreSaveFile = new java.io.File(((pathPrefix + java.lang.Integer.toString(counter)) + .png)): null

2018-12-05 12:34:49 - [TEST_STEP][PASSED] - Statement - counter = counter + 1: null

2018-12-05 12:34:49 - [TEST_STEP][PASSED] - Statement - PreSaveFile = new java.io.File(((pathPrefix + java.lang.Integer.toString(counter)) + .png)): null

2018-12-05 12:34:49 - [TEST_STEP][PASSED] - Statement - counter = counter + 1: null

2018-12-05 12:34:49 - [TEST_STEP][PASSED] - Statement - PreSaveFile = new java.io.File(((pathPrefix + java.lang.Integer.toString(counter)) + .png)): null

2018-12-05 12:34:49 - [TEST_STEP][PASSED] - Statement - counter = counter + 1: null

2018-12-05 12:34:49 - [TEST_STEP][PASSED] - Statement - PreSaveFile = new java.io.File(((pathPrefix + java.lang.Integer.toString(counter)) + .png)): null

2018-12-05 12:34:49 - [TEST_STEP][PASSED] - Statement - counter = counter + 1: null

2018-12-05 12:34:49 - [TEST_STEP][PASSED] - Statement - PreSaveFile = new java.io.File(((pathPrefix + java.lang.Integer.toString(counter)) + .png)): null

2018-12-05 12:34:49 - [TEST_STEP][PASSED] - Statement - counter = counter + 1: null

2018-12-05 12:34:49 - [TEST_STEP][PASSED] - Statement - PreSaveFile = new java.io.File(((pathPrefix + java.lang.Integer.toString(counter)) + .png)): null

2018-12-05 12:34:49 - [TEST_STEP][PASSED] - Statement - counter = counter + 1: null

2018-12-05 12:34:49 - [TEST_STEP][PASSED] - Statement - PreSaveFile = new java.io.File(((pathPrefix + java.lang.Integer.toString(counter)) + .png)): null

2018-12-05 12:34:49 - [TEST_STEP][PASSED] - Statement - counter = counter + 1: null

2018-12-05 12:34:49 - [TEST_STEP][PASSED] - Statement - PreSaveFile = new java.io.File(((pathPrefix + java.lang.Integer.toString(counter)) + .png)): null

2018-12-05 12:34:50 - [TEST_STEP][PASSED] - Statement - counter = counter + 1: null

2018-12-05 12:34:50 - [TEST_STEP][PASSED] - Statement - PreSaveFile = new java.io.File(((pathPrefix + java.lang.Integer.toString(counter)) + .png)): null

2018-12-05 12:34:50 - [TEST_STEP][PASSED] - Statement - counter = counter + 1: null

2018-12-05 12:34:50 - [TEST_STEP][PASSED] - Statement - PreSaveFile = new java.io.File(((pathPrefix + java.lang.Integer.toString(counter)) + .png)): null

2018-12-05 12:34:50 - [TEST_STEP][PASSED] - Statement - counter = counter + 1: null

2018-12-05 12:34:50 - [TEST_STEP][PASSED] - Statement - PreSaveFile = new java.io.File(((pathPrefix + java.lang.Integer.toString(counter)) + .png)): null

2018-12-05 12:34:50 - [TEST_STEP][PASSED] - Statement - counter = counter + 1: null

2018-12-05 12:34:50 - [TEST_STEP][PASSED] - Statement - PreSaveFile = new java.io.File(((pathPrefix + java.lang.Integer.toString(counter)) + .png)): null

2018-12-05 12:34:50 - [TEST_STEP][PASSED] - Statement - counter = counter + 1: null

2018-12-05 12:34:50 - [TEST_STEP][PASSED] - Statement - PreSaveFile = new java.io.File(((pathPrefix + java.lang.Integer.toString(counter)) + .png)): null

2018-12-05 12:34:50 - [TEST_STEP][PASSED] - Statement - counter = counter + 1: null

2018-12-05 12:34:50 - [TEST_STEP][PASSED] - Statement - PreSaveFile = new java.io.File(((pathPrefix + java.lang.Integer.toString(counter)) + .png)): null

2018-12-05 12:34:50 - [TEST_STEP][PASSED] - Statement - counter = counter + 1: null

2018-12-05 12:34:50 - [TEST_STEP][PASSED] - Statement - PreSaveFile = new java.io.File(((pathPrefix + java.lang.Integer.toString(counter)) + .png)): null

2018-12-05 12:34:50 - [TEST_STEP][PASSED] - Statement - counter = counter + 1: null

2018-12-05 12:34:50 - [TEST_STEP][PASSED] - Statement - PreSaveFile = new java.io.File(((pathPrefix + java.lang.Integer.toString(counter)) + .png)): null

2018-12-05 12:34:50 - [TEST_STEP][PASSED] - Statement - counter = counter + 1: null

2018-12-05 12:34:50 - [TEST_STEP][PASSED] - Statement - PreSaveFile = new java.io.File(((pathPrefix + java.lang.Integer.toString(counter)) + .png)): null

2018-12-05 12:34:50 - [TEST_STEP][PASSED] - Statement - counter = counter + 1: null

2018-12-05 12:34:50 - [TEST_STEP][PASSED] - Statement - PreSaveFile = new java.io.File(((pathPrefix + java.lang.Integer.toString(counter)) + .png)): null

2018-12-05 12:34:50 - [TEST_STEP][PASSED] - Statement - counter = counter + 1: null

2018-12-05 12:34:50 - [TEST_STEP][PASSED] - Statement - PreSaveFile = new java.io.File(((pathPrefix + java.lang.Integer.toString(counter)) + .png)): null

2018-12-05 12:34:50 - [TEST_STEP][PASSED] - Statement - counter = counter + 1: null

2018-12-05 12:34:50 - [TEST_STEP][PASSED] - Statement - PreSaveFile = new java.io.File(((pathPrefix + java.lang.Integer.toString(counter)) + .png)): null

2018-12-05 12:34:50 - [TEST_STEP][PASSED] - Statement - counter = counter + 1: null

2018-12-05 12:34:50 - [TEST_STEP][PASSED] - Statement - PreSaveFile = new java.io.File(((pathPrefix + java.lang.Integer.toString(counter)) + .png)): null

2018-12-05 12:34:50 - [TEST_STEP][PASSED] - Statement - counter = counter + 1: null

2018-12-05 12:34:50 - [TEST_STEP][PASSED] - Statement - PreSaveFile = new java.io.File(((pathPrefix + java.lang.Integer.toString(counter)) + .png)): null

2018-12-05 12:34:50 - [TEST_STEP][PASSED] - Statement - counter = counter + 1: null

2018-12-05 12:34:51 - [TEST_STEP][PASSED] - Statement - PreSaveFile = new java.io.File(((pathPrefix + java.lang.Integer.toString(counter)) + .png)): null

2018-12-05 12:34:51 - [TEST_STEP][PASSED] - Statement - counter = counter + 1: null

2018-12-05 12:34:51 - [TEST_STEP][PASSED] - Statement - PreSaveFile = new java.io.File(((pathPrefix + java.lang.Integer.toString(counter)) + .png)): null

2018-12-05 12:34:51 - [TEST_STEP][PASSED] - Statement - counter = counter + 1: null

2018-12-05 12:34:51 - [TEST_STEP][PASSED] - Statement - PreSaveFile = new java.io.File(((pathPrefix + java.lang.Integer.toString(counter)) + .png)): null

2018-12-05 12:34:51 - [TEST_STEP][PASSED] - Statement - counter = counter + 1: null

2018-12-05 12:34:51 - [TEST_STEP][PASSED] - Statement - PreSaveFile = new java.io.File(((pathPrefix + java.lang.Integer.toString(counter)) + .png)): null

2018-12-05 12:34:51 - [TEST_STEP][PASSED] - Statement - counter = counter + 1: null

2018-12-05 12:34:51 - [TEST_STEP][PASSED] - Statement - PreSaveFile = new java.io.File(((pathPrefix + java.lang.Integer.toString(counter)) + .png)): null

2018-12-05 12:34:51 - [TEST_STEP][PASSED] - Statement - counter = counter + 1: null

2018-12-05 12:34:51 - [TEST_STEP][PASSED] - Statement - PreSaveFile = new java.io.File(((pathPrefix + java.lang.Integer.toString(counter)) + .png)): null

2018-12-05 12:34:51 - [TEST_STEP][PASSED] - Statement - counter = counter + 1: null

2018-12-05 12:34:51 - [TEST_STEP][PASSED] - Statement - PreSaveFile = new java.io.File(((pathPrefix + java.lang.Integer.toString(counter)) + .png)): null

2018-12-05 12:34:51 - [TEST_STEP][PASSED] - Statement - counter = counter + 1: null

2018-12-05 12:34:51 - [TEST_STEP][PASSED] - Statement - PreSaveFile = new java.io.File(((pathPrefix + java.lang.Integer.toString(counter)) + .png)): null

2018-12-05 12:34:51 - [TEST_STEP][PASSED] - Statement - counter = counter + 1: null

2018-12-05 12:34:51 - [TEST_STEP][PASSED] - Statement - PreSaveFile = new java.io.File(((pathPrefix + java.lang.Integer.toString(counter)) + .png)): null

2018-12-05 12:34:51 - [TEST_STEP][PASSED] - Statement - counter = counter + 1: null

2018-12-05 12:34:51 - [TEST_STEP][PASSED] - Statement - PreSaveFile = new java.io.File(((pathPrefix + java.lang.Integer.toString(counter)) + .png)): null

2018-12-05 12:34:51 - [TEST_STEP][PASSED] - Statement - counter = counter + 1: null

2018-12-05 12:34:51 - [TEST_STEP][PASSED] - Statement - PreSaveFile = new java.io.File(((pathPrefix + java.lang.Integer.toString(counter)) + .png)): null

2018-12-05 12:34:51 - [TEST_STEP][PASSED] - Statement - counter = counter + 1: null

2018-12-05 12:34:51 - [TEST_STEP][PASSED] - Statement - PreSaveFile = new java.io.File(((pathPrefix + java.lang.Integer.toString(counter)) + .png)): null

2018-12-05 12:34:51 - [TEST_STEP][PASSED] - Statement - counter = counter + 1: null

2018-12-05 12:34:51 - [TEST_STEP][PASSED] - Statement - PreSaveFile = new java.io.File(((pathPrefix + java.lang.Integer.toString(counter)) + .png)): null

2018-12-05 12:34:51 - [TEST_STEP][PASSED] - Statement - counter = counter + 1: null

2018-12-05 12:34:51 - [TEST_STEP][PASSED] - Statement - PreSaveFile = new java.io.File(((pathPrefix + java.lang.Integer.toString(counter)) + .png)): null

2018-12-05 12:34:51 - [TEST_STEP][PASSED] - Statement - counter = counter + 1: null

2018-12-05 12:34:52 - [TEST_STEP][PASSED] - Statement - PreSaveFile = new java.io.File(((pathPrefix + java.lang.Integer.toString(counter)) + .png)): null

2018-12-05 12:34:52 - [TEST_STEP][PASSED] - Statement - counter = counter + 1: null

2018-12-05 12:34:52 - [TEST_STEP][PASSED] - Statement - PreSaveFile = new java.io.File(((pathPrefix + java.lang.Integer.toString(counter)) + .png)): null

2018-12-05 12:34:52 - [TEST_STEP][PASSED] - Statement - counter = counter + 1: null

2018-12-05 12:34:52 - [TEST_STEP][PASSED] - Statement - PreSaveFile = new java.io.File(((pathPrefix + java.lang.Integer.toString(counter)) + .png)): null

2018-12-05 12:34:52 - [TEST_STEP][PASSED] - Statement - counter = counter + 1: null

2018-12-05 12:34:52 - [TEST_STEP][PASSED] - Statement - PreSaveFile = new java.io.File(((pathPrefix + java.lang.Integer.toString(counter)) + .png)): null

2018-12-05 12:34:52 - [TEST_STEP][PASSED] - Statement - counter = counter + 1: null

2018-12-05 12:34:52 - [TEST_STEP][PASSED] - Statement - PreSaveFile = new java.io.File(((pathPrefix + java.lang.Integer.toString(counter)) + .png)): null

2018-12-05 12:34:52 - [TEST_STEP][PASSED] - Statement - counter = counter + 1: null

2018-12-05 12:34:52 - [TEST_STEP][PASSED] - Statement - PreSaveFile = new java.io.File(((pathPrefix + java.lang.Integer.toString(counter)) + .png)): null

2018-12-05 12:34:52 - [TEST_STEP][PASSED] - Statement - counter = counter + 1: null

2018-12-05 12:34:52 - [TEST_STEP][PASSED] - Statement - PreSaveFile = new java.io.File(((pathPrefix + java.lang.Integer.toString(counter)) + .png)): null

2018-12-05 12:34:52 - [TEST_STEP][PASSED] - Statement - counter = counter + 1: null

2018-12-05 12:34:52 - [TEST_STEP][PASSED] - Statement - PreSaveFile = new java.io.File(((pathPrefix + java.lang.Integer.toString(counter)) + .png)): null

2018-12-05 12:34:52 - [TEST_STEP][PASSED] - Statement - counter = counter + 1: null

2018-12-05 12:34:52 - [TEST_STEP][PASSED] - Statement - PreSaveFile = new java.io.File(((pathPrefix + java.lang.Integer.toString(counter)) + .png)): null

2018-12-05 12:34:52 - [TEST_STEP][PASSED] - Statement - counter = counter + 1: null

2018-12-05 12:34:52 - [TEST_STEP][PASSED] - Statement - PreSaveFile = new java.io.File(((pathPrefix + java.lang.Integer.toString(counter)) + .png)): null

2018-12-05 12:34:52 - [TEST_STEP][PASSED] - Statement - counter = counter + 1: null

2018-12-05 12:34:52 - [TEST_STEP][PASSED] - Statement - PreSaveFile = new java.io.File(((pathPrefix + java.lang.Integer.toString(counter)) + .png)): null

2018-12-05 12:34:52 - [TEST_STEP][PASSED] - Statement - counter = counter + 1: null

2018-12-05 12:34:52 - [TEST_STEP][PASSED] - Statement - PreSaveFile = new java.io.File(((pathPrefix + java.lang.Integer.toString(counter)) + .png)): null

2018-12-05 12:34:52 - [TEST_STEP][PASSED] - Statement - counter = counter + 1: null

2018-12-05 12:34:52 - [TEST_STEP][PASSED] - Statement - PreSaveFile = new java.io.File(((pathPrefix + java.lang.Integer.toString(counter)) + .png)): null

2018-12-05 12:34:52 - [TEST_STEP][PASSED] - Statement - counter = counter + 1: null

2018-12-05 12:34:52 - [TEST_STEP][PASSED] - Statement - PreSaveFile = new java.io.File(((pathPrefix + java.lang.Integer.toString(counter)) + .png)): null

2018-12-05 12:34:52 - [TEST_STEP][PASSED] - Statement - counter = counter + 1: null

2018-12-05 12:34:52 - [TEST_STEP][PASSED] - Statement - PreSaveFile = new java.io.File(((pathPrefix + java.lang.Integer.toString(counter)) + .png)): null

2018-12-05 12:34:52 - [TEST_STEP][PASSED] - Statement - counter = counter + 1: null

2018-12-05 12:34:52 - [TEST_STEP][PASSED] - Statement - PreSaveFile = new java.io.File(((pathPrefix + java.lang.Integer.toString(counter)) + .png)): null

2018-12-05 12:34:52 - [TEST_STEP][PASSED] - Statement - counter = counter + 1: null

2018-12-05 12:34:52 - [TEST_STEP][PASSED] - Statement - PreSaveFile = new java.io.File(((pathPrefix + java.lang.Integer.toString(counter)) + .png)): null

2018-12-05 12:34:52 - [TEST_STEP][PASSED] - Statement - counter = counter + 1: null

2018-12-05 12:34:52 - [TEST_STEP][PASSED] - Statement - PreSaveFile = new java.io.File(((pathPrefix + java.lang.Integer.toString(counter)) + .png)): null

2018-12-05 12:34:52 - [TEST_STEP][PASSED] - Statement - counter = counter + 1: null

2018-12-05 12:34:52 - [TEST_STEP][PASSED] - Statement - PreSaveFile = new java.io.File(((pathPrefix + java.lang.Integer.toString(counter)) + .png)): null

2018-12-05 12:34:52 - [TEST_STEP][PASSED] - Statement - counter = counter + 1: null

2018-12-05 12:34:53 - [TEST_STEP][PASSED] - Statement - PreSaveFile = new java.io.File(((pathPrefix + java.lang.Integer.toString(counter)) + .png)): null

2018-12-05 12:34:53 - [TEST_STEP][PASSED] - Statement - counter = counter + 1: null

2018-12-05 12:34:53 - [TEST_STEP][PASSED] - Statement - PreSaveFile = new java.io.File(((pathPrefix + java.lang.Integer.toString(counter)) + .png)): null

2018-12-05 12:34:53 - [TEST_STEP][PASSED] - Statement - counter = counter + 1: null

2018-12-05 12:34:53 - [TEST_STEP][PASSED] - Statement - PreSaveFile = new java.io.File(((pathPrefix + java.lang.Integer.toString(counter)) + .png)): null

2018-12-05 12:34:53 - [TEST_STEP][PASSED] - Statement - counter = counter + 1: null

2018-12-05 12:34:53 - [TEST_STEP][PASSED] - Statement - PreSaveFile = new java.io.File(((pathPrefix + java.lang.Integer.toString(counter)) + .png)): null

2018-12-05 12:34:53 - [TEST_STEP][PASSED] - Statement - counter = counter + 1: null

2018-12-05 12:34:53 - [TEST_STEP][PASSED] - Statement - PreSaveFile = new java.io.File(((pathPrefix + java.lang.Integer.toString(counter)) + .png)): null

2018-12-05 12:34:53 - [TEST_STEP][PASSED] - Statement - counter = counter + 1: null

2018-12-05 12:34:53 - [TEST_STEP][PASSED] - Statement - PreSaveFile = new java.io.File(((pathPrefix + java.lang.Integer.toString(counter)) + .png)): null

2018-12-05 12:34:53 - [TEST_STEP][PASSED] - Statement - counter = counter + 1: null

2018-12-05 12:34:53 - [TEST_STEP][PASSED] - Statement - PreSaveFile = new java.io.File(((pathPrefix + java.lang.Integer.toString(counter)) + .png)): null

2018-12-05 12:34:53 - [TEST_STEP][PASSED] - Statement - counter = counter + 1: null

2018-12-05 12:34:53 - [TEST_STEP][PASSED] - Statement - PreSaveFile = new java.io.File(((pathPrefix + java.lang.Integer.toString(counter)) + .png)): null

2018-12-05 12:34:53 - [TEST_STEP][PASSED] - Statement - counter = counter + 1: null

2018-12-05 12:34:53 - [TEST_STEP][PASSED] - Statement - PreSaveFile = new java.io.File(((pathPrefix + java.lang.Integer.toString(counter)) + .png)): null

2018-12-05 12:34:53 - [TEST_STEP][PASSED] - Statement - counter = counter + 1: null

2018-12-05 12:34:53 - [TEST_STEP][PASSED] - Statement - PreSaveFile = new java.io.File(((pathPrefix + java.lang.Integer.toString(counter)) + .png)): null

2018-12-05 12:34:53 - [TEST_STEP][PASSED] - Statement - counter = counter + 1: null

2018-12-05 12:34:53 - [TEST_STEP][PASSED] - Statement - PreSaveFile = new java.io.File(((pathPrefix + java.lang.Integer.toString(counter)) + .png)): null

2018-12-05 12:34:53 - [TEST_STEP][PASSED] - Statement - counter = counter + 1: null

2018-12-05 12:34:53 - [TEST_STEP][PASSED] - Statement - PreSaveFile = new java.io.File(((pathPrefix + java.lang.Integer.toString(counter)) + .png)): null

2018-12-05 12:34:53 - [TEST_STEP][PASSED] - Statement - counter = counter + 1: null

2018-12-05 12:34:53 - [TEST_STEP][PASSED] - Statement - PreSaveFile = new java.io.File(((pathPrefix + java.lang.Integer.toString(counter)) + .png)): null

2018-12-05 12:34:53 - [TEST_STEP][PASSED] - Statement - counter = counter + 1: null

2018-12-05 12:34:53 - [TEST_STEP][PASSED] - Statement - PreSaveFile = new java.io.File(((pathPrefix + java.lang.Integer.toString(counter)) + .png)): null

2018-12-05 12:34:53 - [TEST_STEP][PASSED] - Statement - counter = counter + 1: null

2018-12-05 12:34:53 - [TEST_STEP][PASSED] - Statement - PreSaveFile = new java.io.File(((pathPrefix + java.lang.Integer.toString(counter)) + .png)): null

2018-12-05 12:34:54 - [TEST_STEP][PASSED] - Statement - counter = counter + 1: null

2018-12-05 12:34:54 - [TEST_STEP][PASSED] - Statement - PreSaveFile = new java.io.File(((pathPrefix + java.lang.Integer.toString(counter)) + .png)): null

2018-12-05 12:34:54 - [TEST_STEP][PASSED] - Statement - counter = counter + 1: null

2018-12-05 12:34:54 - [TEST_STEP][PASSED] - Statement - PreSaveFile = new java.io.File(((pathPrefix + java.lang.Integer.toString(counter)) + .png)): null

2018-12-05 12:34:54 - [TEST_STEP][PASSED] - Statement - counter = counter + 1: null

2018-12-05 12:34:54 - [TEST_STEP][PASSED] - Statement - PreSaveFile = new java.io.File(((pathPrefix + java.lang.Integer.toString(counter)) + .png)): null

2018-12-05 12:34:54 - [TEST_STEP][PASSED] - Statement - counter = counter + 1: null

2018-12-05 12:34:54 - [TEST_STEP][PASSED] - Statement - PreSaveFile = new java.io.File(((pathPrefix + java.lang.Integer.toString(counter)) + .png)): null

2018-12-05 12:34:54 - [TEST_STEP][PASSED] - Statement - counter = counter + 1: null

2018-12-05 12:34:54 - [TEST_STEP][PASSED] - Statement - PreSaveFile = new java.io.File(((pathPrefix + java.lang.Integer.toString(counter)) + .png)): null

2018-12-05 12:34:54 - [TEST_STEP][PASSED] - Statement - counter = counter + 1: null

2018-12-05 12:34:54 - [TEST_STEP][PASSED] - Statement - PreSaveFile = new java.io.File(((pathPrefix + java.lang.Integer.toString(counter)) + .png)): null

2018-12-05 12:34:54 - [TEST_STEP][PASSED] - Statement - counter = counter + 1: null

2018-12-05 12:34:54 - [TEST_STEP][PASSED] - Statement - PreSaveFile = new java.io.File(((pathPrefix + java.lang.Integer.toString(counter)) + .png)): null

2018-12-05 12:34:54 - [TEST_STEP][PASSED] - Statement - counter = counter + 1: null

2018-12-05 12:34:54 - [TEST_STEP][PASSED] - Statement - PreSaveFile = new java.io.File(((pathPrefix + java.lang.Integer.toString(counter)) + .png)): null

2018-12-05 12:34:54 - [TEST_STEP][PASSED] - Statement - counter = counter + 1: null

2018-12-05 12:34:54 - [TEST_STEP][PASSED] - Statement - PreSaveFile = new java.io.File(((pathPrefix + java.lang.Integer.toString(counter)) + .png)): null

2018-12-05 12:34:54 - [TEST_STEP][PASSED] - Statement - counter = counter + 1: null

2018-12-05 12:34:54 - [TEST_STEP][PASSED] - Statement - PreSaveFile = new java.io.File(((pathPrefix + java.lang.Integer.toString(counter)) + .png)): null

2018-12-05 12:34:54 - [TEST_STEP][PASSED] - Statement - counter = counter + 1: null

2018-12-05 12:34:54 - [TEST_STEP][PASSED] - Statement - PreSaveFile = new java.io.File(((pathPrefix + java.lang.Integer.toString(counter)) + .png)): null

2018-12-05 12:34:54 - [TEST_STEP][PASSED] - Statement - counter = counter + 1: null

2018-12-05 12:34:54 - [TEST_STEP][PASSED] - Statement - PreSaveFile = new java.io.File(((pathPrefix + java.lang.Integer.toString(counter)) + .png)): null

2018-12-05 12:34:54 - [TEST_STEP][PASSED] - Statement - counter = counter + 1: null

2018-12-05 12:34:54 - [TEST_STEP][PASSED] - Statement - PreSaveFile = new java.io.File(((pathPrefix + java.lang.Integer.toString(counter)) + .png)): null

2018-12-05 12:34:54 - [TEST_STEP][PASSED] - Statement - counter = counter + 1: null

2018-12-05 12:34:54 - [TEST_STEP][PASSED] - Statement - PreSaveFile = new java.io.File(((pathPrefix + java.lang.Integer.toString(counter)) + .png)): null

2018-12-05 12:34:54 - [TEST_STEP][PASSED] - Statement - counter = counter + 1: null

2018-12-05 12:34:55 - [TEST_STEP][PASSED] - Statement - PreSaveFile = new java.io.File(((pathPrefix + java.lang.Integer.toString(counter)) + .png)): null

2018-12-05 12:34:55 - [TEST_STEP][PASSED] - Statement - counter = counter + 1: null

2018-12-05 12:34:55 - [TEST_STEP][PASSED] - Statement - PreSaveFile = new java.io.File(((pathPrefix + java.lang.Integer.toString(counter)) + .png)): null

2018-12-05 12:34:55 - [TEST_STEP][PASSED] - Statement - counter = counter + 1: null

2018-12-05 12:34:55 - [TEST_STEP][PASSED] - Statement - PreSaveFile = new java.io.File(((pathPrefix + java.lang.Integer.toString(counter)) + .png)): null

2018-12-05 12:34:55 - [TEST_STEP][PASSED] - Statement - counter = counter + 1: null

2018-12-05 12:34:55 - [TEST_STEP][PASSED] - Statement - PreSaveFile = new java.io.File(((pathPrefix + java.lang.Integer.toString(counter)) + .png)): null

2018-12-05 12:34:55 - [TEST_STEP][PASSED] - Statement - counter = counter + 1: null

2018-12-05 12:34:55 - [TEST_STEP][PASSED] - Statement - PreSaveFile = new java.io.File(((pathPrefix + java.lang.Integer.toString(counter)) + .png)): null

2018-12-05 12:34:55 - [TEST_STEP][PASSED] - Statement - counter = counter + 1: null

2018-12-05 12:34:55 - [TEST_STEP][PASSED] - Statement - PreSaveFile = new java.io.File(((pathPrefix + java.lang.Integer.toString(counter)) + .png)): null

2018-12-05 12:34:55 - [TEST_STEP][PASSED] - Statement - counter = counter + 1: null

2018-12-05 12:34:55 - [TEST_STEP][PASSED] - Statement - PreSaveFile = new java.io.File(((pathPrefix + java.lang.Integer.toString(counter)) + .png)): null

2018-12-05 12:34:55 - [TEST_STEP][PASSED] - Statement - counter = counter + 1: null

2018-12-05 12:34:55 - [TEST_STEP][PASSED] - Statement - PreSaveFile = new java.io.File(((pathPrefix + java.lang.Integer.toString(counter)) + .png)): null

2018-12-05 12:34:55 - [TEST_STEP][PASSED] - Statement - counter = counter + 1: null

2018-12-05 12:34:55 - [TEST_STEP][PASSED] - Statement - PreSaveFile = new java.io.File(((pathPrefix + java.lang.Integer.toString(counter)) + .png)): null

2018-12-05 12:34:55 - [TEST_STEP][PASSED] - Statement - counter = counter + 1: null

2018-12-05 12:34:55 - [TEST_STEP][PASSED] - Statement - PreSaveFile = new java.io.File(((pathPrefix + java.lang.Integer.toString(counter)) + .png)): null

2018-12-05 12:34:55 - [TEST_STEP][PASSED] - Statement - counter = counter + 1: null

2018-12-05 12:34:55 - [TEST_STEP][PASSED] - Statement - PreSaveFile = new java.io.File(((pathPrefix + java.lang.Integer.toString(counter)) + .png)): null

2018-12-05 12:34:55 - [TEST_STEP][PASSED] - Statement - counter = counter + 1: null

2018-12-05 12:34:55 - [TEST_STEP][PASSED] - Statement - PreSaveFile = new java.io.File(((pathPrefix + java.lang.Integer.toString(counter)) + .png)): null

2018-12-05 12:34:55 - [TEST_STEP][PASSED] - Statement - counter = counter + 1: null

2018-12-05 12:34:55 - [TEST_STEP][PASSED] - Statement - PreSaveFile = new java.io.File(((pathPrefix + java.lang.Integer.toString(counter)) + .png)): null

2018-12-05 12:34:55 - [TEST_STEP][PASSED] - Statement - counter = counter + 1: null

2018-12-05 12:34:55 - [TEST_STEP][PASSED] - Statement - PreSaveFile = new java.io.File(((pathPrefix + java.lang.Integer.toString(counter)) + .png)): null

2018-12-05 12:34:55 - [TEST_STEP][PASSED] - Statement - counter = counter + 1: null

2018-12-05 12:34:56 - [TEST_STEP][PASSED] - Statement - PreSaveFile = new java.io.File(((pathPrefix + java.lang.Integer.toString(counter)) + .png)): null

2018-12-05 12:34:56 - [TEST_STEP][PASSED] - Statement - counter = counter + 1: null

2018-12-05 12:34:56 - [TEST_STEP][PASSED] - Statement - PreSaveFile = new java.io.File(((pathPrefix + java.lang.Integer.toString(counter)) + .png)): null

2018-12-05 12:34:56 - [TEST_STEP][PASSED] - Statement - counter = counter + 1: null

2018-12-05 12:34:56 - [TEST_STEP][PASSED] - Statement - PreSaveFile = new java.io.File(((pathPrefix + java.lang.Integer.toString(counter)) + .png)): null

2018-12-05 12:34:56 - [TEST_STEP][PASSED] - Statement - counter = counter + 1: null

2018-12-05 12:34:56 - [TEST_STEP][PASSED] - Statement - PreSaveFile = new java.io.File(((pathPrefix + java.lang.Integer.toString(counter)) + .png)): null

2018-12-05 12:34:56 - [TEST_STEP][PASSED] - Statement - counter = counter + 1: null

2018-12-05 12:34:56 - [TEST_STEP][PASSED] - Statement - PreSaveFile = new java.io.File(((pathPrefix + java.lang.Integer.toString(counter)) + .png)): null

2018-12-05 12:34:56 - [TEST_STEP][PASSED] - Statement - counter = counter + 1: null

2018-12-05 12:34:56 - [TEST_STEP][PASSED] - Statement - PreSaveFile = new java.io.File(((pathPrefix + java.lang.Integer.toString(counter)) + .png)): null

2018-12-05 12:34:56 - [TEST_STEP][PASSED] - Statement - counter = counter + 1: null

2018-12-05 12:34:56 - [TEST_STEP][PASSED] - Statement - PreSaveFile = new java.io.File(((pathPrefix + java.lang.Integer.toString(counter)) + .png)): null

2018-12-05 12:34:56 - [TEST_STEP][PASSED] - Statement - counter = counter + 1: null

2018-12-05 12:34:56 - [TEST_STEP][PASSED] - Statement - PreSaveFile = new java.io.File(((pathPrefix + java.lang.Integer.toString(counter)) + .png)): null

2018-12-05 12:34:56 - [TEST_STEP][PASSED] - Statement - counter = counter + 1: null

2018-12-05 12:34:56 - [TEST_STEP][PASSED] - Statement - PreSaveFile = new java.io.File(((pathPrefix + java.lang.Integer.toString(counter)) + .png)): null

2018-12-05 12:34:56 - [TEST_STEP][PASSED] - Statement - counter = counter + 1: null

2018-12-05 12:34:56 - [TEST_STEP][PASSED] - Statement - PreSaveFile = new java.io.File(((pathPrefix + java.lang.Integer.toString(counter)) + .png)): null

2018-12-05 12:34:56 - [TEST_STEP][PASSED] - Statement - counter = counter + 1: null

2018-12-05 12:34:56 - [TEST_STEP][PASSED] - Statement - PreSaveFile = new java.io.File(((pathPrefix + java.lang.Integer.toString(counter)) + .png)): null

2018-12-05 12:34:56 - [TEST_STEP][PASSED] - Statement - counter = counter + 1: null

2018-12-05 12:34:56 - [TEST_STEP][PASSED] - Statement - PreSaveFile = new java.io.File(((pathPrefix + java.lang.Integer.toString(counter)) + .png)): null

2018-12-05 12:34:56 - [TEST_STEP][PASSED] - Statement - counter = counter + 1: null

2018-12-05 12:34:56 - [TEST_STEP][PASSED] - Statement - PreSaveFile = new java.io.File(((pathPrefix + java.lang.Integer.toString(counter)) + .png)): null

2018-12-05 12:34:56 - [TEST_STEP][PASSED] - Statement - counter = counter + 1: null

2018-12-05 12:34:56 - [TEST_STEP][PASSED] - Statement - PreSaveFile = new java.io.File(((pathPrefix + java.lang.Integer.toString(counter)) + .png)): null

2018-12-05 12:34:56 - [TEST_STEP][PASSED] - Statement - counter = counter + 1: null

2018-12-05 12:34:56 - [TEST_STEP][PASSED] - Statement - PreSaveFile = new java.io.File(((pathPrefix + java.lang.Integer.toString(counter)) + .png)): null

2018-12-05 12:34:56 - [TEST_STEP][PASSED] - Statement - counter = counter + 1: null

2018-12-05 12:34:57 - [TEST_STEP][PASSED] - Statement - PreSaveFile = new java.io.File(((pathPrefix + java.lang.Integer.toString(counter)) + .png)): null

2018-12-05 12:34:57 - [TEST_STEP][PASSED] - Statement - counter = counter + 1: null

2018-12-05 12:34:57 - [TEST_STEP][PASSED] - Statement - PreSaveFile = new java.io.File(((pathPrefix + java.lang.Integer.toString(counter)) + .png)): null

2018-12-05 12:34:57 - [TEST_STEP][PASSED] - Statement - counter = counter + 1: null

2018-12-05 12:34:57 - [TEST_STEP][PASSED] - Statement - PreSaveFile = new java.io.File(((pathPrefix + java.lang.Integer.toString(counter)) + .png)): null

2018-12-05 12:34:57 - [TEST_STEP][PASSED] - Statement - counter = counter + 1: null

2018-12-05 12:34:57 - [TEST_STEP][PASSED] - Statement - PreSaveFile = new java.io.File(((pathPrefix + java.lang.Integer.toString(counter)) + .png)): null

2018-12-05 12:34:57 - [TEST_STEP][PASSED] - Statement - counter = counter + 1: null

2018-12-05 12:34:57 - [TEST_STEP][PASSED] - Statement - PreSaveFile = new java.io.File(((pathPrefix + java.lang.Integer.toString(counter)) + .png)): null

2018-12-05 12:34:57 - [TEST_STEP][PASSED] - Statement - counter = counter + 1: null

2018-12-05 12:34:57 - [TEST_STEP][PASSED] - Statement - PreSaveFile = new java.io.File(((pathPrefix + java.lang.Integer.toString(counter)) + .png)): null

2018-12-05 12:34:57 - [TEST_STEP][PASSED] - Statement - counter = counter + 1: null

2018-12-05 12:34:57 - [TEST_STEP][PASSED] - Statement - PreSaveFile = new java.io.File(((pathPrefix + java.lang.Integer.toString(counter)) + .png)): null

2018-12-05 12:34:57 - [TEST_STEP][PASSED] - Statement - counter = counter + 1: null

2018-12-05 12:34:57 - [TEST_STEP][PASSED] - Statement - PreSaveFile = new java.io.File(((pathPrefix + java.lang.Integer.toString(counter)) + .png)): null

2018-12-05 12:34:57 - [TEST_STEP][PASSED] - Statement - counter = counter + 1: null

2018-12-05 12:34:57 - [TEST_STEP][PASSED] - Statement - PreSaveFile = new java.io.File(((pathPrefix + java.lang.Integer.toString(counter)) + .png)): null

2018-12-05 12:34:57 - [TEST_STEP][PASSED] - Statement - counter = counter + 1: null

2018-12-05 12:34:57 - [TEST_STEP][PASSED] - Statement - PreSaveFile = new java.io.File(((pathPrefix + java.lang.Integer.toString(counter)) + .png)): null

2018-12-05 12:34:57 - [TEST_STEP][PASSED] - Statement - counter = counter + 1: null

2018-12-05 12:34:57 - [TEST_STEP][PASSED] - Statement - PreSaveFile = new java.io.File(((pathPrefix + java.lang.Integer.toString(counter)) + .png)): null

2018-12-05 12:34:57 - [TEST_STEP][PASSED] - Statement - counter = counter + 1: null

2018-12-05 12:34:57 - [TEST_STEP][PASSED] - Statement - PreSaveFile = new java.io.File(((pathPrefix + java.lang.Integer.toString(counter)) + .png)): null

2018-12-05 12:34:57 - [TEST_STEP][PASSED] - Statement - counter = counter + 1: null

2018-12-05 12:34:57 - [TEST_STEP][PASSED] - Statement - PreSaveFile = new java.io.File(((pathPrefix + java.lang.Integer.toString(counter)) + .png)): null

2018-12-05 12:34:57 - [TEST_STEP][PASSED] - Statement - counter = counter + 1: null

2018-12-05 12:34:57 - [TEST_STEP][PASSED] - Statement - PreSaveFile = new java.io.File(((pathPrefix + java.lang.Integer.toString(counter)) + .png)): null

2018-12-05 12:34:57 - [TEST_STEP][PASSED] - Statement - counter = counter + 1: null

2018-12-05 12:34:57 - [TEST_STEP][PASSED] - Statement - PreSaveFile = new java.io.File(((pathPrefix + java.lang.Integer.toString(counter)) + .png)): null

2018-12-05 12:34:57 - [TEST_STEP][PASSED] - Statement - counter = counter + 1: null

2018-12-05 12:34:57 - [TEST_STEP][PASSED] - Statement - PreSaveFile = new java.io.File(((pathPrefix + java.lang.Integer.toString(counter)) + .png)): null

2018-12-05 12:34:57 - [TEST_STEP][PASSED] - Statement - counter = counter + 1: null

2018-12-05 12:34:57 - [TEST_STEP][PASSED] - Statement - PreSaveFile = new java.io.File(((pathPrefix + java.lang.Integer.toString(counter)) + .png)): null

2018-12-05 12:34:57 - [TEST_STEP][PASSED] - Statement - counter = counter + 1: null

2018-12-05 12:34:57 - [TEST_STEP][PASSED] - Statement - PreSaveFile = new java.io.File(((pathPrefix + java.lang.Integer.toString(counter)) + .png)): null

2018-12-05 12:34:57 - [TEST_STEP][PASSED] - Statement - counter = counter + 1: null

2018-12-05 12:34:57 - [TEST_STEP][PASSED] - Statement - PreSaveFile = new java.io.File(((pathPrefix + java.lang.Integer.toString(counter)) + .png)): null

2018-12-05 12:34:57 - [TEST_STEP][PASSED] - Statement - counter = counter + 1: null

2018-12-05 12:34:58 - [TEST_STEP][PASSED] - Statement - PreSaveFile = new java.io.File(((pathPrefix + java.lang.Integer.toString(counter)) + .png)): null

2018-12-05 12:34:58 - [TEST_STEP][PASSED] - Statement - counter = counter + 1: null

2018-12-05 12:34:58 - [TEST_STEP][PASSED] - Statement - PreSaveFile = new java.io.File(((pathPrefix + java.lang.Integer.toString(counter)) + .png)): null

2018-12-05 12:34:58 - [TEST_STEP][PASSED] - Statement - counter = counter + 1: null

2018-12-05 12:34:58 - [TEST_STEP][PASSED] - Statement - PreSaveFile = new java.io.File(((pathPrefix + java.lang.Integer.toString(counter)) + .png)): null

2018-12-05 12:34:58 - [TEST_STEP][PASSED] - Statement - counter = counter + 1: null

2018-12-05 12:34:58 - [TEST_STEP][PASSED] - Statement - PreSaveFile = new java.io.File(((pathPrefix + java.lang.Integer.toString(counter)) + .png)): null

2018-12-05 12:34:58 - [TEST_STEP][PASSED] - Statement - counter = counter + 1: null

2018-12-05 12:34:58 - [TEST_STEP][PASSED] - Statement - PreSaveFile = new java.io.File(((pathPrefix + java.lang.Integer.toString(counter)) + .png)): null

2018-12-05 12:34:58 - [TEST_STEP][PASSED] - Statement - counter = counter + 1: null

2018-12-05 12:34:58 - [TEST_STEP][PASSED] - Statement - PreSaveFile = new java.io.File(((pathPrefix + java.lang.Integer.toString(counter)) + .png)): null

2018-12-05 12:34:58 - [TEST_STEP][PASSED] - Statement - counter = counter + 1: null

2018-12-05 12:34:58 - [TEST_STEP][PASSED] - Statement - PreSaveFile = new java.io.File(((pathPrefix + java.lang.Integer.toString(counter)) + .png)): null

2018-12-05 12:34:58 - [TEST_STEP][PASSED] - Statement - counter = counter + 1: null

2018-12-05 12:34:58 - [TEST_STEP][PASSED] - Statement - PreSaveFile = new java.io.File(((pathPrefix + java.lang.Integer.toString(counter)) + .png)): null

2018-12-05 12:34:58 - [TEST_STEP][PASSED] - Statement - counter = counter + 1: null

2018-12-05 12:34:58 - [TEST_STEP][PASSED] - Statement - PreSaveFile = new java.io.File(((pathPrefix + java.lang.Integer.toString(counter)) + .png)): null

2018-12-05 12:34:58 - [TEST_STEP][PASSED] - Statement - counter = counter + 1: null

2018-12-05 12:34:58 - [TEST_STEP][PASSED] - Statement - PreSaveFile = new java.io.File(((pathPrefix + java.lang.Integer.toString(counter)) + .png)): null

2018-12-05 12:34:58 - [TEST_STEP][PASSED] - Statement - counter = counter + 1: null

2018-12-05 12:34:58 - [TEST_STEP][PASSED] - Statement - PreSaveFile = new java.io.File(((pathPrefix + java.lang.Integer.toString(counter)) + .png)): null

2018-12-05 12:34:58 - [TEST_STEP][PASSED] - Statement - counter = counter + 1: null

2018-12-05 12:34:58 - [TEST_STEP][PASSED] - Statement - PreSaveFile = new java.io.File(((pathPrefix + java.lang.Integer.toString(counter)) + .png)): null

2018-12-05 12:34:58 - [TEST_STEP][PASSED] - Statement - counter = counter + 1: null

2018-12-05 12:34:58 - [TEST_STEP][PASSED] - Statement - PreSaveFile = new java.io.File(((pathPrefix + java.lang.Integer.toString(counter)) + .png)): null

2018-12-05 12:34:58 - [TEST_STEP][PASSED] - Statement - counter = counter + 1: null

2018-12-05 12:34:58 - [TEST_STEP][PASSED] - Statement - PreSaveFile = new java.io.File(((pathPrefix + java.lang.Integer.toString(counter)) + .png)): null

2018-12-05 12:34:58 - [TEST_STEP][PASSED] - Statement - counter = counter + 1: null

2018-12-05 12:34:59 - [TEST_STEP][PASSED] - Statement - PreSaveFile = new java.io.File(((pathPrefix + java.lang.Integer.toString(counter)) + .png)): null

2018-12-05 12:34:59 - [TEST_STEP][PASSED] - Statement - counter = counter + 1: null

2018-12-05 12:34:59 - [TEST_STEP][PASSED] - Statement - PreSaveFile = new java.io.File(((pathPrefix + java.lang.Integer.toString(counter)) + .png)): null

2018-12-05 12:34:59 - [TEST_STEP][PASSED] - Statement - counter = counter + 1: null

2018-12-05 12:34:59 - [TEST_STEP][PASSED] - Statement - PreSaveFile = new java.io.File(((pathPrefix + java.lang.Integer.toString(counter)) + .png)): null

2018-12-05 12:34:59 - [TEST_STEP][PASSED] - Statement - counter = counter + 1: null

2018-12-05 12:34:59 - [TEST_STEP][PASSED] - Statement - PreSaveFile = new java.io.File(((pathPrefix + java.lang.Integer.toString(counter)) + .png)): null

2018-12-05 12:34:59 - [TEST_STEP][PASSED] - Statement - counter = counter + 1: null

2018-12-05 12:34:59 - [TEST_STEP][PASSED] - Statement - PreSaveFile = new java.io.File(((pathPrefix + java.lang.Integer.toString(counter)) + .png)): null

2018-12-05 12:34:59 - [TEST_STEP][PASSED] - Statement - counter = counter + 1: null

2018-12-05 12:34:59 - [TEST_STEP][PASSED] - Statement - PreSaveFile = new java.io.File(((pathPrefix + java.lang.Integer.toString(counter)) + .png)): null

2018-12-05 12:34:59 - [TEST_STEP][PASSED] - Statement - counter = counter + 1: null

2018-12-05 12:34:59 - [TEST_STEP][PASSED] - Statement - PreSaveFile = new java.io.File(((pathPrefix + java.lang.Integer.toString(counter)) + .png)): null

2018-12-05 12:34:59 - [TEST_STEP][PASSED] - Statement - counter = counter + 1: null

2018-12-05 12:34:59 - [TEST_STEP][PASSED] - Statement - PreSaveFile = new java.io.File(((pathPrefix + java.lang.Integer.toString(counter)) + .png)): null

2018-12-05 12:34:59 - [TEST_STEP][PASSED] - Statement - counter = counter + 1: null

2018-12-05 12:34:59 - [TEST_STEP][PASSED] - Statement - PreSaveFile = new java.io.File(((pathPrefix + java.lang.Integer.toString(counter)) + .png)): null

2018-12-05 12:34:59 - [TEST_STEP][PASSED] - Statement - counter = counter + 1: null

2018-12-05 12:34:59 - [TEST_STEP][PASSED] - Statement - PreSaveFile = new java.io.File(((pathPrefix + java.lang.Integer.toString(counter)) + .png)): null

2018-12-05 12:34:59 - [TEST_STEP][PASSED] - Statement - counter = counter + 1: null

2018-12-05 12:34:59 - [TEST_STEP][PASSED] - Statement - PreSaveFile = new java.io.File(((pathPrefix + java.lang.Integer.toString(counter)) + .png)): null

2018-12-05 12:34:59 - [TEST_STEP][PASSED] - Statement - counter = counter + 1: null

2018-12-05 12:34:59 - [TEST_STEP][PASSED] - Statement - PreSaveFile = new java.io.File(((pathPrefix + java.lang.Integer.toString(counter)) + .png)): null

2018-12-05 12:34:59 - [TEST_STEP][PASSED] - Statement - counter = counter + 1: null

2018-12-05 12:34:59 - [TEST_STEP][PASSED] - Statement - PreSaveFile = new java.io.File(((pathPrefix + java.lang.Integer.toString(counter)) + .png)): null

2018-12-05 12:34:59 - [TEST_STEP][PASSED] - Statement - counter = counter + 1: null

2018-12-05 12:34:59 - [TEST_STEP][PASSED] - Statement - PreSaveFile = new java.io.File(((pathPrefix + java.lang.Integer.toString(counter)) + .png)): null

2018-12-05 12:34:59 - [TEST_STEP][PASSED] - Statement - counter = counter + 1: null

2018-12-05 12:34:59 - [TEST_STEP][PASSED] - Statement - PreSaveFile = new java.io.File(((pathPrefix + java.lang.Integer.toString(counter)) + .png)): null

2018-12-05 12:35:00 - [TEST_STEP][PASSED] - Statement - counter = counter + 1: null

2018-12-05 12:35:00 - [TEST_STEP][PASSED] - Statement - PreSaveFile = new java.io.File(((pathPrefix + java.lang.Integer.toString(counter)) + .png)): null

2018-12-05 12:35:00 - [TEST_STEP][PASSED] - Statement - counter = counter + 1: null

2018-12-05 12:35:00 - [TEST_STEP][PASSED] - Statement - PreSaveFile = new java.io.File(((pathPrefix + java.lang.Integer.toString(counter)) + .png)): null

2018-12-05 12:35:00 - [TEST_STEP][PASSED] - Statement - counter = counter + 1: null

2018-12-05 12:35:00 - [TEST_STEP][PASSED] - Statement - PreSaveFile = new java.io.File(((pathPrefix + java.lang.Integer.toString(counter)) + .png)): null

2018-12-05 12:35:00 - [TEST_STEP][PASSED] - Statement - counter = counter + 1: null

2018-12-05 12:35:00 - [TEST_STEP][PASSED] - Statement - PreSaveFile = new java.io.File(((pathPrefix + java.lang.Integer.toString(counter)) + .png)): null

2018-12-05 12:35:00 - [TEST_STEP][PASSED] - Statement - counter = counter + 1: null

2018-12-05 12:35:00 - [TEST_STEP][PASSED] - Statement - PreSaveFile = new java.io.File(((pathPrefix + java.lang.Integer.toString(counter)) + .png)): null

2018-12-05 12:35:00 - [TEST_STEP][PASSED] - Statement - counter = counter + 1: null

2018-12-05 12:35:00 - [TEST_STEP][PASSED] - Statement - PreSaveFile = new java.io.File(((pathPrefix + java.lang.Integer.toString(counter)) + .png)): null

2018-12-05 12:35:00 - [TEST_STEP][PASSED] - Statement - counter = counter + 1: null

2018-12-05 12:35:00 - [TEST_STEP][PASSED] - Statement - PreSaveFile = new java.io.File(((pathPrefix + java.lang.Integer.toString(counter)) + .png)): null

2018-12-05 12:35:00 - [TEST_STEP][PASSED] - Statement - counter = counter + 1: null

2018-12-05 12:35:00 - [TEST_STEP][PASSED] - Statement - PreSaveFile = new java.io.File(((pathPrefix + java.lang.Integer.toString(counter)) + .png)): null

2018-12-05 12:35:00 - [TEST_STEP][PASSED] - Statement - counter = counter + 1: null

2018-12-05 12:35:00 - [TEST_STEP][PASSED] - Statement - PreSaveFile = new java.io.File(((pathPrefix + java.lang.Integer.toString(counter)) + .png)): null

2018-12-05 12:35:00 - [TEST_STEP][PASSED] - Statement - counter = counter + 1: null

2018-12-05 12:35:00 - [TEST_STEP][PASSED] - Statement - PreSaveFile = new java.io.File(((pathPrefix + java.lang.Integer.toString(counter)) + .png)): null

2018-12-05 12:35:00 - [TEST_STEP][PASSED] - Statement - counter = counter + 1: null

2018-12-05 12:35:00 - [TEST_STEP][PASSED] - Statement - PreSaveFile = new java.io.File(((pathPrefix + java.lang.Integer.toString(counter)) + .png)): null

2018-12-05 12:35:00 - [TEST_STEP][PASSED] - Statement - counter = counter + 1: null

2018-12-05 12:35:00 - [TEST_STEP][PASSED] - Statement - PreSaveFile = new java.io.File(((pathPrefix + java.lang.Integer.toString(counter)) + .png)): null

2018-12-05 12:35:00 - [TEST_STEP][PASSED] - Statement - counter = counter + 1: null

2018-12-05 12:35:00 - [TEST_STEP][PASSED] - Statement - PreSaveFile = new java.io.File(((pathPrefix + java.lang.Integer.toString(counter)) + .png)): null

2018-12-05 12:35:00 - [TEST_STEP][PASSED] - Statement - counter = counter + 1: null

2018-12-05 12:35:00 - [TEST_STEP][PASSED] - Statement - PreSaveFile = new java.io.File(((pathPrefix + java.lang.Integer.toString(counter)) + .png)): null

2018-12-05 12:35:00 - [TEST_STEP][PASSED] - Statement - counter = counter + 1: null

2018-12-05 12:35:01 - [TEST_STEP][PASSED] - Statement - PreSaveFile = new java.io.File(((pathPrefix + java.lang.Integer.toString(counter)) + .png)): null

2018-12-05 12:35:01 - [TEST_STEP][PASSED] - Statement - counter = counter + 1: null

2018-12-05 12:35:01 - [TEST_STEP][PASSED] - Statement - PreSaveFile = new java.io.File(((pathPrefix + java.lang.Integer.toString(counter)) + .png)): null

2018-12-05 12:35:01 - [TEST_STEP][PASSED] - Statement - counter = counter + 1: null

2018-12-05 12:35:01 - [TEST_STEP][PASSED] - Statement - PreSaveFile = new java.io.File(((pathPrefix + java.lang.Integer.toString(counter)) + .png)): null

2018-12-05 12:35:01 - [TEST_STEP][PASSED] - Statement - counter = counter + 1: null

2018-12-05 12:35:01 - [TEST_STEP][PASSED] - Statement - PreSaveFile = new java.io.File(((pathPrefix + java.lang.Integer.toString(counter)) + .png)): null

2018-12-05 12:35:01 - [TEST_STEP][PASSED] - Statement - counter = counter + 1: null

2018-12-05 12:35:01 - [TEST_STEP][PASSED] - Statement - PreSaveFile = new java.io.File(((pathPrefix + java.lang.Integer.toString(counter)) + .png)): null

2018-12-05 12:35:01 - [TEST_STEP][PASSED] - Statement - counter = counter + 1: null

2018-12-05 12:35:01 - [TEST_STEP][PASSED] - Statement - PreSaveFile = new java.io.File(((pathPrefix + java.lang.Integer.toString(counter)) + .png)): null

2018-12-05 12:35:01 - [TEST_STEP][PASSED] - Statement - counter = counter + 1: null

2018-12-05 12:35:01 - [TEST_STEP][PASSED] - Statement - PreSaveFile = new java.io.File(((pathPrefix + java.lang.Integer.toString(counter)) + .png)): null

2018-12-05 12:35:01 - [TEST_STEP][PASSED] - Statement - counter = counter + 1: null

2018-12-05 12:35:01 - [TEST_STEP][PASSED] - Statement - PreSaveFile = new java.io.File(((pathPrefix + java.lang.Integer.toString(counter)) + .png)): null

2018-12-05 12:35:01 - [TEST_STEP][PASSED] - Statement - counter = counter + 1: null

2018-12-05 12:35:01 - [TEST_STEP][PASSED] - Statement - PreSaveFile = new java.io.File(((pathPrefix + java.lang.Integer.toString(counter)) + .png)): null

2018-12-05 12:35:01 - [TEST_STEP][PASSED] - Statement - counter = counter + 1: null

2018-12-05 12:35:01 - [TEST_STEP][PASSED] - Statement - PreSaveFile = new java.io.File(((pathPrefix + java.lang.Integer.toString(counter)) + .png)): null

2018-12-05 12:35:01 - [TEST_STEP][PASSED] - Statement - counter = counter + 1: null

2018-12-05 12:35:01 - [TEST_STEP][PASSED] - Statement - PreSaveFile = new java.io.File(((pathPrefix + java.lang.Integer.toString(counter)) + .png)): null

2018-12-05 12:35:01 - [TEST_STEP][PASSED] - Statement - counter = counter + 1: null

2018-12-05 12:35:01 - [TEST_STEP][PASSED] - Statement - PreSaveFile = new java.io.File(((pathPrefix + java.lang.Integer.toString(counter)) + .png)): null

2018-12-05 12:35:01 - [TEST_STEP][PASSED] - Statement - counter = counter + 1: null

2018-12-05 12:35:01 - [TEST_STEP][PASSED] - Statement - PreSaveFile = new java.io.File(((pathPrefix + java.lang.Integer.toString(counter)) + .png)): null

2018-12-05 12:35:01 - [TEST_STEP][PASSED] - Statement - counter = counter + 1: null

2018-12-05 12:35:01 - [TEST_STEP][PASSED] - Statement - PreSaveFile = new java.io.File(((pathPrefix + java.lang.Integer.toString(counter)) + .png)): null

2018-12-05 12:35:01 - [TEST_STEP][PASSED] - Statement - counter = counter + 1: null

2018-12-05 12:35:02 - [TEST_STEP][PASSED] - Statement - PreSaveFile = new java.io.File(((pathPrefix + java.lang.Integer.toString(counter)) + .png)): null

2018-12-05 12:35:02 - [TEST_STEP][PASSED] - Statement - counter = counter + 1: null

2018-12-05 12:35:02 - [TEST_STEP][PASSED] - Statement - PreSaveFile = new java.io.File(((pathPrefix + java.lang.Integer.toString(counter)) + .png)): null

2018-12-05 12:35:02 - [TEST_STEP][PASSED] - Statement - counter = counter + 1: null

2018-12-05 12:35:02 - [TEST_STEP][PASSED] - Statement - PreSaveFile = new java.io.File(((pathPrefix + java.lang.Integer.toString(counter)) + .png)): null

2018-12-05 12:35:02 - [TEST_STEP][PASSED] - Statement - counter = counter + 1: null

2018-12-05 12:35:02 - [TEST_STEP][PASSED] - Statement - PreSaveFile = new java.io.File(((pathPrefix + java.lang.Integer.toString(counter)) + .png)): null

2018-12-05 12:35:02 - [TEST_STEP][PASSED] - Statement - counter = counter + 1: null

2018-12-05 12:35:02 - [TEST_STEP][PASSED] - Statement - PreSaveFile = new java.io.File(((pathPrefix + java.lang.Integer.toString(counter)) + .png)): null

2018-12-05 12:35:02 - [TEST_STEP][PASSED] - Statement - counter = counter + 1: null

2018-12-05 12:35:02 - [TEST_STEP][PASSED] - Statement - PreSaveFile = new java.io.File(((pathPrefix + java.lang.Integer.toString(counter)) + .png)): null

2018-12-05 12:35:02 - [TEST_STEP][PASSED] - Statement - counter = counter + 1: null

2018-12-05 12:35:02 - [TEST_STEP][PASSED] - Statement - PreSaveFile = new java.io.File(((pathPrefix + java.lang.Integer.toString(counter)) + .png)): null

2018-12-05 12:35:02 - [TEST_STEP][PASSED] - Statement - counter = counter + 1: null

2018-12-05 12:35:02 - [TEST_STEP][PASSED] - Statement - PreSaveFile = new java.io.File(((pathPrefix + java.lang.Integer.toString(counter)) + .png)): null

2018-12-05 12:35:02 - [TEST_STEP][PASSED] - Statement - counter = counter + 1: null

2018-12-05 12:35:02 - [TEST_STEP][PASSED] - Statement - PreSaveFile = new java.io.File(((pathPrefix + java.lang.Integer.toString(counter)) + .png)): null

2018-12-05 12:35:02 - [TEST_STEP][PASSED] - Statement - counter = counter + 1: null

2018-12-05 12:35:02 - [TEST_STEP][PASSED] - Statement - PreSaveFile = new java.io.File(((pathPrefix + java.lang.Integer.toString(counter)) + .png)): null

2018-12-05 12:35:02 - [TEST_STEP][PASSED] - Statement - counter = counter + 1: null

2018-12-05 12:35:02 - [TEST_STEP][PASSED] - Statement - PreSaveFile = new java.io.File(((pathPrefix + java.lang.Integer.toString(counter)) + .png)): null

2018-12-05 12:35:02 - [TEST_STEP][PASSED] - Statement - counter = counter + 1: null

2018-12-05 12:35:02 - [TEST_STEP][PASSED] - Statement - PreSaveFile = new java.io.File(((pathPrefix + java.lang.Integer.toString(counter)) + .png)): null

2018-12-05 12:35:02 - [TEST_STEP][PASSED] - Statement - counter = counter + 1: null

2018-12-05 12:35:02 - [TEST_STEP][PASSED] - Statement - PreSaveFile = new java.io.File(((pathPrefix + java.lang.Integer.toString(counter)) + .png)): null

2018-12-05 12:35:02 - [TEST_STEP][PASSED] - Statement - counter = counter + 1: null

2018-12-05 12:35:02 - [TEST_STEP][PASSED] - Statement - PreSaveFile = new java.io.File(((pathPrefix + java.lang.Integer.toString(counter)) + .png)): null

2018-12-05 12:35:02 - [TEST_STEP][PASSED] - Statement - counter = counter + 1: null

2018-12-05 12:35:02 - [TEST_STEP][PASSED] - Statement - PreSaveFile = new java.io.File(((pathPrefix + java.lang.Integer.toString(counter)) + .png)): null

2018-12-05 12:35:03 - [TEST_STEP][PASSED] - Statement - counter = counter + 1: null

2018-12-05 12:35:03 - [TEST_STEP][PASSED] - Statement - PreSaveFile = new java.io.File(((pathPrefix + java.lang.Integer.toString(counter)) + .png)): null

2018-12-05 12:35:03 - [TEST_STEP][PASSED] - Statement - counter = counter + 1: null

2018-12-05 12:35:03 - [TEST_STEP][PASSED] - Statement - PreSaveFile = new java.io.File(((pathPrefix + java.lang.Integer.toString(counter)) + .png)): null

2018-12-05 12:35:03 - [TEST_STEP][PASSED] - Statement - counter = counter + 1: null

2018-12-05 12:35:03 - [TEST_STEP][PASSED] - Statement - PreSaveFile = new java.io.File(((pathPrefix + java.lang.Integer.toString(counter)) + .png)): null

2018-12-05 12:35:03 - [TEST_STEP][PASSED] - Statement - counter = counter + 1: null

2018-12-05 12:35:03 - [TEST_STEP][PASSED] - Statement - PreSaveFile = new java.io.File(((pathPrefix + java.lang.Integer.toString(counter)) + .png)): null

2018-12-05 12:35:03 - [TEST_STEP][PASSED] - Statement - counter = counter + 1: null

2018-12-05 12:35:03 - [TEST_STEP][PASSED] - Statement - PreSaveFile = new java.io.File(((pathPrefix + java.lang.Integer.toString(counter)) + .png)): null

2018-12-05 12:35:03 - [TEST_STEP][PASSED] - Statement - counter = counter + 1: null

2018-12-05 12:35:03 - [TEST_STEP][PASSED] - Statement - PreSaveFile = new java.io.File(((pathPrefix + java.lang.Integer.toString(counter)) + .png)): null

2018-12-05 12:35:03 - [TEST_STEP][PASSED] - Statement - counter = counter + 1: null

2018-12-05 12:35:03 - [TEST_STEP][PASSED] - Statement - PreSaveFile = new java.io.File(((pathPrefix + java.lang.Integer.toString(counter)) + .png)): null

2018-12-05 12:35:03 - [TEST_STEP][PASSED] - Statement - counter = counter + 1: null

2018-12-05 12:35:03 - [TEST_STEP][PASSED] - Statement - PreSaveFile = new java.io.File(((pathPrefix + java.lang.Integer.toString(counter)) + .png)): null

2018-12-05 12:35:03 - [TEST_STEP][PASSED] - Statement - counter = counter + 1: null

2018-12-05 12:35:03 - [TEST_STEP][PASSED] - Statement - PreSaveFile = new java.io.File(((pathPrefix + java.lang.Integer.toString(counter)) + .png)): null

2018-12-05 12:35:03 - [TEST_STEP][PASSED] - Statement - counter = counter + 1: null

2018-12-05 12:35:03 - [TEST_STEP][PASSED] - Statement - PreSaveFile = new java.io.File(((pathPrefix + java.lang.Integer.toString(counter)) + .png)): null

2018-12-05 12:35:03 - [TEST_STEP][PASSED] - Statement - counter = counter + 1: null

2018-12-05 12:35:03 - [TEST_STEP][PASSED] - Statement - PreSaveFile = new java.io.File(((pathPrefix + java.lang.Integer.toString(counter)) + .png)): null

2018-12-05 12:35:03 - [TEST_STEP][PASSED] - Statement - counter = counter + 1: null

2018-12-05 12:35:03 - [TEST_STEP][PASSED] - Statement - PreSaveFile = new java.io.File(((pathPrefix + java.lang.Integer.toString(counter)) + .png)): null

2018-12-05 12:35:03 - [TEST_STEP][PASSED] - Statement - counter = counter + 1: null

2018-12-05 12:35:03 - [TEST_STEP][PASSED] - Statement - PreSaveFile = new java.io.File(((pathPrefix + java.lang.Integer.toString(counter)) + .png)): null

2018-12-05 12:35:03 - [TEST_STEP][PASSED] - Statement - counter = counter + 1: null

2018-12-05 12:35:03 - [TEST_STEP][PASSED] - Statement - PreSaveFile = new java.io.File(((pathPrefix + java.lang.Integer.toString(counter)) + .png)): null

2018-12-05 12:35:03 - [TEST_STEP][PASSED] - Statement - counter = counter + 1: null

2018-12-05 12:35:04 - [TEST_STEP][PASSED] - Statement - PreSaveFile = new java.io.File(((pathPrefix + java.lang.Integer.toString(counter)) + .png)): null

2018-12-05 12:35:04 - [TEST_STEP][PASSED] - Statement - counter = counter + 1: null

2018-12-05 12:35:04 - [TEST_STEP][PASSED] - Statement - PreSaveFile = new java.io.File(((pathPrefix + java.lang.Integer.toString(counter)) + .png)): null

2018-12-05 12:35:04 - [TEST_STEP][PASSED] - Statement - counter = counter + 1: null

2018-12-05 12:35:04 - [TEST_STEP][PASSED] - Statement - PreSaveFile = new java.io.File(((pathPrefix + java.lang.Integer.toString(counter)) + .png)): null

2018-12-05 12:35:04 - [TEST_STEP][PASSED] - Statement - counter = counter + 1: null

2018-12-05 12:35:04 - [TEST_STEP][PASSED] - Statement - PreSaveFile = new java.io.File(((pathPrefix + java.lang.Integer.toString(counter)) + .png)): null

2018-12-05 12:35:04 - [TEST_STEP][PASSED] - Statement - counter = counter + 1: null

2018-12-05 12:35:04 - [TEST_STEP][PASSED] - Statement - PreSaveFile = new java.io.File(((pathPrefix + java.lang.Integer.toString(counter)) + .png)): null

2018-12-05 12:35:04 - [TEST_STEP][PASSED] - Statement - counter = counter + 1: null

2018-12-05 12:35:04 - [TEST_STEP][PASSED] - Statement - PreSaveFile = new java.io.File(((pathPrefix + java.lang.Integer.toString(counter)) + .png)): null

2018-12-05 12:35:04 - [TEST_STEP][PASSED] - Statement - counter = counter + 1: null

2018-12-05 12:35:04 - [TEST_STEP][PASSED] - Statement - PreSaveFile = new java.io.File(((pathPrefix + java.lang.Integer.toString(counter)) + .png)): null

2018-12-05 12:35:04 - [TEST_STEP][PASSED] - Statement - counter = counter + 1: null

2018-12-05 12:35:04 - [TEST_STEP][PASSED] - Statement - PreSaveFile = new java.io.File(((pathPrefix + java.lang.Integer.toString(counter)) + .png)): null

2018-12-05 12:35:04 - [TEST_STEP][PASSED] - Statement - counter = counter + 1: null

2018-12-05 12:35:04 - [TEST_STEP][PASSED] - Statement - PreSaveFile = new java.io.File(((pathPrefix + java.lang.Integer.toString(counter)) + .png)): null

2018-12-05 12:35:04 - [TEST_STEP][PASSED] - Statement - counter = counter + 1: null

2018-12-05 12:35:04 - [TEST_STEP][PASSED] - Statement - PreSaveFile = new java.io.File(((pathPrefix + java.lang.Integer.toString(counter)) + .png)): null

2018-12-05 12:35:04 - [TEST_STEP][PASSED] - Statement - counter = counter + 1: null

2018-12-05 12:35:04 - [TEST_STEP][PASSED] - Statement - PreSaveFile = new java.io.File(((pathPrefix + java.lang.Integer.toString(counter)) + .png)): null

2018-12-05 12:35:04 - [TEST_STEP][PASSED] - Statement - counter = counter + 1: null

2018-12-05 12:35:04 - [TEST_STEP][PASSED] - Statement - PreSaveFile = new java.io.File(((pathPrefix + java.lang.Integer.toString(counter)) + .png)): null

2018-12-05 12:35:04 - [TEST_STEP][PASSED] - Statement - counter = counter + 1: null

2018-12-05 12:35:04 - [TEST_STEP][PASSED] - Statement - PreSaveFile = new java.io.File(((pathPrefix + java.lang.Integer.toString(counter)) + .png)): null

2018-12-05 12:35:04 - [TEST_STEP][PASSED] - Statement - counter = counter + 1: null

2018-12-05 12:35:04 - [TEST_STEP][PASSED] - Statement - PreSaveFile = new java.io.File(((pathPrefix + java.lang.Integer.toString(counter)) + .png)): null

2018-12-05 12:35:04 - [TEST_STEP][PASSED] - Statement - counter = counter + 1: null

2018-12-05 12:35:04 - [TEST_STEP][PASSED] - Statement - PreSaveFile = new java.io.File(((pathPrefix + java.lang.Integer.toString(counter)) + .png)): null

2018-12-05 12:35:04 - [TEST_STEP][PASSED] - Statement - counter = counter + 1: null

2018-12-05 12:35:04 - [TEST_STEP][PASSED] - Statement - PreSaveFile = new java.io.File(((pathPrefix + java.lang.Integer.toString(counter)) + .png)): null

2018-12-05 12:35:04 - [TEST_STEP][PASSED] - Statement - counter = counter + 1: null

2018-12-05 12:35:04 - [TEST_STEP][PASSED] - Statement - PreSaveFile = new java.io.File(((pathPrefix + java.lang.Integer.toString(counter)) + .png)): null

2018-12-05 12:35:04 - [TEST_STEP][PASSED] - Statement - counter = counter + 1: null

2018-12-05 12:35:04 - [TEST_STEP][PASSED] - Statement - PreSaveFile = new java.io.File(((pathPrefix + java.lang.Integer.toString(counter)) + .png)): null

2018-12-05 12:35:04 - [TEST_STEP][PASSED] - Statement - counter = counter + 1: null

2018-12-05 12:35:04 - [TEST_STEP][PASSED] - Statement - PreSaveFile = new java.io.File(((pathPrefix + java.lang.Integer.toString(counter)) + .png)): null

2018-12-05 12:35:04 - [TEST_STEP][PASSED] - Statement - counter = counter + 1: null

2018-12-05 12:35:05 - [TEST_STEP][PASSED] - Statement - PreSaveFile = new java.io.File(((pathPrefix + java.lang.Integer.toString(counter)) + .png)): null

2018-12-05 12:35:05 - [TEST_STEP][PASSED] - Statement - counter = counter + 1: null

2018-12-05 12:35:05 - [TEST_STEP][PASSED] - Statement - PreSaveFile = new java.io.File(((pathPrefix + java.lang.Integer.toString(counter)) + .png)): null

2018-12-05 12:35:05 - [TEST_STEP][PASSED] - Statement - counter = counter + 1: null

2018-12-05 12:35:05 - [TEST_STEP][PASSED] - Statement - PreSaveFile = new java.io.File(((pathPrefix + java.lang.Integer.toString(counter)) + .png)): null

2018-12-05 12:35:05 - [TEST_STEP][PASSED] - Statement - counter = counter + 1: null

2018-12-05 12:35:05 - [TEST_STEP][PASSED] - Statement - PreSaveFile = new java.io.File(((pathPrefix + java.lang.Integer.toString(counter)) + .png)): null

2018-12-05 12:35:05 - [TEST_STEP][PASSED] - Statement - counter = counter + 1: null

2018-12-05 12:35:05 - [TEST_STEP][PASSED] - Statement - PreSaveFile = new java.io.File(((pathPrefix + java.lang.Integer.toString(counter)) + .png)): null

2018-12-05 12:35:05 - [TEST_STEP][PASSED] - Statement - counter = counter + 1: null

2018-12-05 12:35:05 - [TEST_STEP][PASSED] - Statement - PreSaveFile = new java.io.File(((pathPrefix + java.lang.Integer.toString(counter)) + .png)): null

2018-12-05 12:35:05 - [TEST_STEP][PASSED] - Statement - counter = counter + 1: null

2018-12-05 12:35:05 - [TEST_STEP][PASSED] - Statement - PreSaveFile = new java.io.File(((pathPrefix + java.lang.Integer.toString(counter)) + .png)): null

2018-12-05 12:35:05 - [TEST_STEP][PASSED] - Statement - counter = counter + 1: null

2018-12-05 12:35:05 - [TEST_STEP][PASSED] - Statement - PreSaveFile = new java.io.File(((pathPrefix + java.lang.Integer.toString(counter)) + .png)): null

2018-12-05 12:35:05 - [TEST_STEP][PASSED] - Statement - counter = counter + 1: null

2018-12-05 12:35:05 - [TEST_STEP][PASSED] - Statement - PreSaveFile = new java.io.File(((pathPrefix + java.lang.Integer.toString(counter)) + .png)): null

2018-12-05 12:35:05 - [TEST_STEP][PASSED] - Statement - counter = counter + 1: null

2018-12-05 12:35:05 - [TEST_STEP][PASSED] - Statement - PreSaveFile = new java.io.File(((pathPrefix + java.lang.Integer.toString(counter)) + .png)): null

2018-12-05 12:35:05 - [TEST_STEP][PASSED] - Statement - counter = counter + 1: null

2018-12-05 12:35:05 - [TEST_STEP][PASSED] - Statement - PreSaveFile = new java.io.File(((pathPrefix + java.lang.Integer.toString(counter)) + .png)): null

2018-12-05 12:35:05 - [TEST_STEP][PASSED] - Statement - counter = counter + 1: null

2018-12-05 12:35:05 - [TEST_STEP][PASSED] - Statement - PreSaveFile = new java.io.File(((pathPrefix + java.lang.Integer.toString(counter)) + .png)): null

2018-12-05 12:35:05 - [TEST_STEP][PASSED] - Statement - counter = counter + 1: null

2018-12-05 12:35:05 - [TEST_STEP][PASSED] - Statement - PreSaveFile = new java.io.File(((pathPrefix + java.lang.Integer.toString(counter)) + .png)): null

2018-12-05 12:35:05 - [TEST_STEP][PASSED] - Statement - counter = counter + 1: null

2018-12-05 12:35:05 - [TEST_STEP][PASSED] - Statement - PreSaveFile = new java.io.File(((pathPrefix + java.lang.Integer.toString(counter)) + .png)): null

2018-12-05 12:35:05 - [TEST_STEP][PASSED] - Statement - counter = counter + 1: null

2018-12-05 12:35:05 - [TEST_STEP][PASSED] - Statement - PreSaveFile = new java.io.File(((pathPrefix + java.lang.Integer.toString(counter)) + .png)): null

2018-12-05 12:35:06 - [TEST_STEP][PASSED] - Statement - counter = counter + 1: null

2018-12-05 12:35:06 - [TEST_STEP][PASSED] - Statement - PreSaveFile = new java.io.File(((pathPrefix + java.lang.Integer.toString(counter)) + .png)): null

2018-12-05 12:35:06 - [TEST_STEP][PASSED] - Statement - counter = counter + 1: null

2018-12-05 12:35:06 - [TEST_STEP][PASSED] - Statement - PreSaveFile = new java.io.File(((pathPrefix + java.lang.Integer.toString(counter)) + .png)): null

2018-12-05 12:35:06 - [TEST_STEP][PASSED] - Statement - counter = counter + 1: null

2018-12-05 12:35:06 - [TEST_STEP][PASSED] - Statement - PreSaveFile = new java.io.File(((pathPrefix + java.lang.Integer.toString(counter)) + .png)): null

2018-12-05 12:35:06 - [TEST_STEP][PASSED] - Statement - counter = counter + 1: null

2018-12-05 12:35:06 - [TEST_STEP][PASSED] - Statement - PreSaveFile = new java.io.File(((pathPrefix + java.lang.Integer.toString(counter)) + .png)): null

2018-12-05 12:35:06 - [TEST_STEP][PASSED] - Statement - counter = counter + 1: null

2018-12-05 12:35:06 - [TEST_STEP][PASSED] - Statement - PreSaveFile = new java.io.File(((pathPrefix + java.lang.Integer.toString(counter)) + .png)): null

2018-12-05 12:35:06 - [TEST_STEP][PASSED] - Statement - counter = counter + 1: null

2018-12-05 12:35:06 - [TEST_STEP][PASSED] - Statement - PreSaveFile = new java.io.File(((pathPrefix + java.lang.Integer.toString(counter)) + .png)): null

2018-12-05 12:35:06 - [TEST_STEP][PASSED] - Statement - counter = counter + 1: null

2018-12-05 12:35:06 - [TEST_STEP][PASSED] - Statement - PreSaveFile = new java.io.File(((pathPrefix + java.lang.Integer.toString(counter)) + .png)): null

2018-12-05 12:35:06 - [TEST_STEP][PASSED] - Statement - counter = counter + 1: null

2018-12-05 12:35:06 - [TEST_STEP][PASSED] - Statement - PreSaveFile = new java.io.File(((pathPrefix + java.lang.Integer.toString(counter)) + .png)): null

2018-12-05 12:35:06 - [TEST_STEP][PASSED] - Statement - counter = counter + 1: null

2018-12-05 12:35:06 - [TEST_STEP][PASSED] - Statement - PreSaveFile = new java.io.File(((pathPrefix + java.lang.Integer.toString(counter)) + .png)): null

2018-12-05 12:35:06 - [TEST_STEP][PASSED] - Statement - counter = counter + 1: null

2018-12-05 12:35:06 - [TEST_STEP][PASSED] - Statement - PreSaveFile = new java.io.File(((pathPrefix + java.lang.Integer.toString(counter)) + .png)): null

2018-12-05 12:35:06 - [TEST_STEP][PASSED] - Statement - counter = counter + 1: null

2018-12-05 12:35:06 - [TEST_STEP][PASSED] - Statement - PreSaveFile = new java.io.File(((pathPrefix + java.lang.Integer.toString(counter)) + .png)): null

2018-12-05 12:35:06 - [TEST_STEP][PASSED] - Statement - counter = counter + 1: null

2018-12-05 12:35:06 - [TEST_STEP][PASSED] - Statement - PreSaveFile = new java.io.File(((pathPrefix + java.lang.Integer.toString(counter)) + .png)): null

2018-12-05 12:35:06 - [TEST_STEP][PASSED] - Statement - counter = counter + 1: null

2018-12-05 12:35:06 - [TEST_STEP][PASSED] - Statement - PreSaveFile = new java.io.File(((pathPrefix + java.lang.Integer.toString(counter)) + .png)): null

2018-12-05 12:35:06 - [TEST_STEP][PASSED] - Statement - counter = counter + 1: null

2018-12-05 12:35:06 - [TEST_STEP][PASSED] - Statement - PreSaveFile = new java.io.File(((pathPrefix + java.lang.Integer.toString(counter)) + .png)): null

2018-12-05 12:35:06 - [TEST_STEP][PASSED] - Statement - counter = counter + 1: null

2018-12-05 12:35:07 - [TEST_STEP][PASSED] - Statement - PreSaveFile = new java.io.File(((pathPrefix + java.lang.Integer.toString(counter)) + .png)): null

2018-12-05 12:35:07 - [TEST_STEP][PASSED] - Statement - counter = counter + 1: null

2018-12-05 12:35:07 - [TEST_STEP][PASSED] - Statement - PreSaveFile = new java.io.File(((pathPrefix + java.lang.Integer.toString(counter)) + .png)): null

2018-12-05 12:35:07 - [TEST_STEP][PASSED] - Statement - counter = counter + 1: null

2018-12-05 12:35:07 - [TEST_STEP][PASSED] - Statement - PreSaveFile = new java.io.File(((pathPrefix + java.lang.Integer.toString(counter)) + .png)): null

2018-12-05 12:35:07 - [TEST_STEP][PASSED] - Statement - counter = counter + 1: null

2018-12-05 12:35:07 - [TEST_STEP][PASSED] - Statement - PreSaveFile = new java.io.File(((pathPrefix + java.lang.Integer.toString(counter)) + .png)): null

2018-12-05 12:35:07 - [TEST_STEP][PASSED] - Statement - counter = counter + 1: null

2018-12-05 12:35:07 - [TEST_STEP][PASSED] - Statement - PreSaveFile = new java.io.File(((pathPrefix + java.lang.Integer.toString(counter)) + .png)): null

2018-12-05 12:35:07 - [TEST_STEP][PASSED] - Statement - counter = counter + 1: null

2018-12-05 12:35:07 - [TEST_STEP][PASSED] - Statement - PreSaveFile = new java.io.File(((pathPrefix + java.lang.Integer.toString(counter)) + .png)): null

2018-12-05 12:35:07 - [TEST_STEP][PASSED] - Statement - counter = counter + 1: null

2018-12-05 12:35:07 - [TEST_STEP][PASSED] - Statement - PreSaveFile = new java.io.File(((pathPrefix + java.lang.Integer.toString(counter)) + .png)): null

2018-12-05 12:35:07 - [TEST_STEP][PASSED] - Statement - counter = counter + 1: null

2018-12-05 12:35:07 - [TEST_STEP][PASSED] - Statement - PreSaveFile = new java.io.File(((pathPrefix + java.lang.Integer.toString(counter)) + .png)): null

2018-12-05 12:35:07 - [TEST_STEP][PASSED] - Statement - counter = counter + 1: null

2018-12-05 12:35:07 - [TEST_STEP][PASSED] - Statement - PreSaveFile = new java.io.File(((pathPrefix + java.lang.Integer.toString(counter)) + .png)): null

2018-12-05 12:35:07 - [TEST_STEP][PASSED] - Statement - counter = counter + 1: null

2018-12-05 12:35:07 - [TEST_STEP][PASSED] - Statement - PreSaveFile = new java.io.File(((pathPrefix + java.lang.Integer.toString(counter)) + .png)): null

2018-12-05 12:35:07 - [TEST_STEP][PASSED] - Statement - counter = counter + 1: null

2018-12-05 12:35:07 - [TEST_STEP][PASSED] - Statement - PreSaveFile = new java.io.File(((pathPrefix + java.lang.Integer.toString(counter)) + .png)): null

2018-12-05 12:35:07 - [TEST_STEP][PASSED] - Statement - counter = counter + 1: null

2018-12-05 12:35:07 - [TEST_STEP][PASSED] - Statement - PreSaveFile = new java.io.File(((pathPrefix + java.lang.Integer.toString(counter)) + .png)): null

2018-12-05 12:35:07 - [TEST_STEP][PASSED] - Statement - counter = counter + 1: null

2018-12-05 12:35:07 - [TEST_STEP][PASSED] - Statement - PreSaveFile = new java.io.File(((pathPrefix + java.lang.Integer.toString(counter)) + .png)): null

2018-12-05 12:35:07 - [TEST_STEP][PASSED] - Statement - counter = counter + 1: null

2018-12-05 12:35:07 - [TEST_STEP][PASSED] - Statement - PreSaveFile = new java.io.File(((pathPrefix + java.lang.Integer.toString(counter)) + .png)): null

2018-12-05 12:35:07 - [TEST_STEP][PASSED] - Statement - counter = counter + 1: null

2018-12-05 12:35:08 - [TEST_STEP][PASSED] - Statement - PreSaveFile = new java.io.File(((pathPrefix + java.lang.Integer.toString(counter)) + .png)): null

2018-12-05 12:35:08 - [TEST_STEP][PASSED] - Statement - counter = counter + 1: null

2018-12-05 12:35:08 - [TEST_STEP][PASSED] - Statement - PreSaveFile = new java.io.File(((pathPrefix + java.lang.Integer.toString(counter)) + .png)): null

2018-12-05 12:35:08 - [TEST_STEP][PASSED] - Statement - counter = counter + 1: null

2018-12-05 12:35:08 - [TEST_STEP][PASSED] - Statement - PreSaveFile = new java.io.File(((pathPrefix + java.lang.Integer.toString(counter)) + .png)): null

2018-12-05 12:35:08 - [TEST_STEP][PASSED] - Statement - counter = counter + 1: null

2018-12-05 12:35:08 - [TEST_STEP][PASSED] - Statement - PreSaveFile = new java.io.File(((pathPrefix + java.lang.Integer.toString(counter)) + .png)): null

2018-12-05 12:35:08 - [TEST_STEP][PASSED] - Statement - counter = counter + 1: null

2018-12-05 12:35:08 - [TEST_STEP][PASSED] - Statement - PreSaveFile = new java.io.File(((pathPrefix + java.lang.Integer.toString(counter)) + .png)): null

2018-12-05 12:35:08 - [TEST_STEP][PASSED] - Statement - counter = counter + 1: null

2018-12-05 12:35:08 - [TEST_STEP][PASSED] - Statement - PreSaveFile = new java.io.File(((pathPrefix + java.lang.Integer.toString(counter)) + .png)): null

2018-12-05 12:35:08 - [TEST_STEP][PASSED] - Statement - counter = counter + 1: null

2018-12-05 12:35:08 - [TEST_STEP][PASSED] - Statement - PreSaveFile = new java.io.File(((pathPrefix + java.lang.Integer.toString(counter)) + .png)): null

2018-12-05 12:35:08 - [TEST_STEP][PASSED] - Statement - counter = counter + 1: null

2018-12-05 12:35:08 - [TEST_STEP][PASSED] - Statement - PreSaveFile = new java.io.File(((pathPrefix + java.lang.Integer.toString(counter)) + .png)): null

2018-12-05 12:35:08 - [TEST_STEP][PASSED] - Statement - counter = counter + 1: null

2018-12-05 12:35:08 - [TEST_STEP][PASSED] - Statement - PreSaveFile = new java.io.File(((pathPrefix + java.lang.Integer.toString(counter)) + .png)): null

2018-12-05 12:35:08 - [TEST_STEP][PASSED] - Statement - counter = counter + 1: null

2018-12-05 12:35:08 - [TEST_STEP][PASSED] - Statement - PreSaveFile = new java.io.File(((pathPrefix + java.lang.Integer.toString(counter)) + .png)): null

2018-12-05 12:35:08 - [TEST_STEP][PASSED] - Statement - counter = counter + 1: null

2018-12-05 12:35:08 - [TEST_STEP][PASSED] - Statement - PreSaveFile = new java.io.File(((pathPrefix + java.lang.Integer.toString(counter)) + .png)): null

2018-12-05 12:35:08 - [TEST_STEP][PASSED] - Statement - counter = counter + 1: null

2018-12-05 12:35:08 - [TEST_STEP][PASSED] - Statement - PreSaveFile = new java.io.File(((pathPrefix + java.lang.Integer.toString(counter)) + .png)): null

2018-12-05 12:35:08 - [TEST_STEP][PASSED] - Statement - counter = counter + 1: null

2018-12-05 12:35:08 - [TEST_STEP][PASSED] - Statement - PreSaveFile = new java.io.File(((pathPrefix + java.lang.Integer.toString(counter)) + .png)): null

2018-12-05 12:35:08 - [TEST_STEP][PASSED] - Statement - counter = counter + 1: null

2018-12-05 12:35:08 - [TEST_STEP][PASSED] - Statement - PreSaveFile = new java.io.File(((pathPrefix + java.lang.Integer.toString(counter)) + .png)): null

2018-12-05 12:35:08 - [TEST_STEP][PASSED] - Statement - counter = counter + 1: null

2018-12-05 12:35:08 - [TEST_STEP][PASSED] - Statement - PreSaveFile = new java.io.File(((pathPrefix + java.lang.Integer.toString(counter)) + .png)): null

2018-12-05 12:35:09 - [TEST_STEP][PASSED] - Statement - counter = counter + 1: null

2018-12-05 12:35:09 - [TEST_STEP][PASSED] - Statement - PreSaveFile = new java.io.File(((pathPrefix + java.lang.Integer.toString(counter)) + .png)): null

2018-12-05 12:35:09 - [TEST_STEP][PASSED] - Statement - counter = counter + 1: null

2018-12-05 12:35:09 - [TEST_STEP][PASSED] - Statement - PreSaveFile = new java.io.File(((pathPrefix + java.lang.Integer.toString(counter)) + .png)): null

2018-12-05 12:35:09 - [TEST_STEP][PASSED] - Statement - counter = counter + 1: null

2018-12-05 12:35:09 - [TEST_STEP][PASSED] - Statement - PreSaveFile = new java.io.File(((pathPrefix + java.lang.Integer.toString(counter)) + .png)): null

2018-12-05 12:35:09 - [TEST_STEP][PASSED] - Statement - counter = counter + 1: null

2018-12-05 12:35:09 - [TEST_STEP][PASSED] - Statement - PreSaveFile = new java.io.File(((pathPrefix + java.lang.Integer.toString(counter)) + .png)): null

2018-12-05 12:35:09 - [TEST_STEP][PASSED] - Statement - counter = counter + 1: null

2018-12-05 12:35:09 - [TEST_STEP][PASSED] - Statement - PreSaveFile = new java.io.File(((pathPrefix + java.lang.Integer.toString(counter)) + .png)): null

2018-12-05 12:35:09 - [TEST_STEP][PASSED] - Statement - counter = counter + 1: null

2018-12-05 12:35:09 - [TEST_STEP][PASSED] - Statement - PreSaveFile = new java.io.File(((pathPrefix + java.lang.Integer.toString(counter)) + .png)): null

2018-12-05 12:35:09 - [TEST_STEP][PASSED] - Statement - counter = counter + 1: null

2018-12-05 12:35:09 - [TEST_STEP][PASSED] - Statement - PreSaveFile = new java.io.File(((pathPrefix + java.lang.Integer.toString(counter)) + .png)): null

2018-12-05 12:35:09 - [TEST_STEP][PASSED] - Statement - counter = counter + 1: null

2018-12-05 12:35:09 - [TEST_STEP][PASSED] - Statement - PreSaveFile = new java.io.File(((pathPrefix + java.lang.Integer.toString(counter)) + .png)): null

2018-12-05 12:35:09 - [TEST_STEP][PASSED] - Statement - counter = counter + 1: null

2018-12-05 12:35:09 - [TEST_STEP][PASSED] - Statement - PreSaveFile = new java.io.File(((pathPrefix + java.lang.Integer.toString(counter)) + .png)): null

2018-12-05 12:35:09 - [TEST_STEP][PASSED] - Statement - counter = counter + 1: null

2018-12-05 12:35:09 - [TEST_STEP][PASSED] - Statement - PreSaveFile = new java.io.File(((pathPrefix + java.lang.Integer.toString(counter)) + .png)): null

2018-12-05 12:35:09 - [TEST_STEP][PASSED] - Statement - counter = counter + 1: null

2018-12-05 12:35:09 - [TEST_STEP][PASSED] - Statement - PreSaveFile = new java.io.File(((pathPrefix + java.lang.Integer.toString(counter)) + .png)): null

2018-12-05 12:35:09 - [TEST_STEP][PASSED] - Statement - counter = counter + 1: null

2018-12-05 12:35:09 - [TEST_STEP][PASSED] - Statement - PreSaveFile = new java.io.File(((pathPrefix + java.lang.Integer.toString(counter)) + .png)): null

2018-12-05 12:35:09 - [TEST_STEP][PASSED] - Statement - counter = counter + 1: null

2018-12-05 12:35:09 - [TEST_STEP][PASSED] - Statement - PreSaveFile = new java.io.File(((pathPrefix + java.lang.Integer.toString(counter)) + .png)): null

2018-12-05 12:35:09 - [TEST_STEP][PASSED] - Statement - counter = counter + 1: null

2018-12-05 12:35:09 - [TEST_STEP][PASSED] - Statement - PreSaveFile = new java.io.File(((pathPrefix + java.lang.Integer.toString(counter)) + .png)): null

2018-12-05 12:35:09 - [TEST_STEP][PASSED] - Statement - counter = counter + 1: null

2018-12-05 12:35:10 - [TEST_STEP][PASSED] - Statement - PreSaveFile = new java.io.File(((pathPrefix + java.lang.Integer.toString(counter)) + .png)): null

2018-12-05 12:35:10 - [TEST_STEP][PASSED] - Statement - counter = counter + 1: null

2018-12-05 12:35:10 - [TEST_STEP][PASSED] - Statement - PreSaveFile = new java.io.File(((pathPrefix + java.lang.Integer.toString(counter)) + .png)): null

2018-12-05 12:35:10 - [TEST_STEP][PASSED] - Statement - counter = counter + 1: null

2018-12-05 12:35:10 - [TEST_STEP][PASSED] - Statement - PreSaveFile = new java.io.File(((pathPrefix + java.lang.Integer.toString(counter)) + .png)): null

2018-12-05 12:35:10 - [TEST_STEP][PASSED] - Statement - counter = counter + 1: null

2018-12-05 12:35:10 - [TEST_STEP][PASSED] - Statement - PreSaveFile = new java.io.File(((pathPrefix + java.lang.Integer.toString(counter)) + .png)): null

2018-12-05 12:35:10 - [TEST_STEP][PASSED] - Statement - counter = counter + 1: null

2018-12-05 12:35:10 - [TEST_STEP][PASSED] - Statement - PreSaveFile = new java.io.File(((pathPrefix + java.lang.Integer.toString(counter)) + .png)): null

2018-12-05 12:35:10 - [TEST_STEP][PASSED] - Statement - counter = counter + 1: null

2018-12-05 12:35:10 - [TEST_STEP][PASSED] - Statement - PreSaveFile = new java.io.File(((pathPrefix + java.lang.Integer.toString(counter)) + .png)): null

2018-12-05 12:35:10 - [TEST_STEP][PASSED] - Statement - counter = counter + 1: null

2018-12-05 12:35:10 - [TEST_STEP][PASSED] - Statement - PreSaveFile = new java.io.File(((pathPrefix + java.lang.Integer.toString(counter)) + .png)): null

2018-12-05 12:35:10 - [TEST_STEP][PASSED] - Statement - counter = counter + 1: null

2018-12-05 12:35:10 - [TEST_STEP][PASSED] - Statement - PreSaveFile = new java.io.File(((pathPrefix + java.lang.Integer.toString(counter)) + .png)): null

2018-12-05 12:35:10 - [TEST_STEP][PASSED] - Statement - counter = counter + 1: null

2018-12-05 12:35:10 - [TEST_STEP][PASSED] - Statement - PreSaveFile = new java.io.File(((pathPrefix + java.lang.Integer.toString(counter)) + .png)): null

2018-12-05 12:35:10 - [TEST_STEP][PASSED] - Statement - counter = counter + 1: null

2018-12-05 12:35:10 - [TEST_STEP][PASSED] - Statement - PreSaveFile = new java.io.File(((pathPrefix + java.lang.Integer.toString(counter)) + .png)): null

2018-12-05 12:35:10 - [TEST_STEP][PASSED] - Statement - counter = counter + 1: null

2018-12-05 12:35:10 - [TEST_STEP][PASSED] - Statement - PreSaveFile = new java.io.File(((pathPrefix + java.lang.Integer.toString(counter)) + .png)): null

2018-12-05 12:35:10 - [TEST_STEP][PASSED] - Statement - counter = counter + 1: null

2018-12-05 12:35:10 - [TEST_STEP][PASSED] - Statement - PreSaveFile = new java.io.File(((pathPrefix + java.lang.Integer.toString(counter)) + .png)): null

2018-12-05 12:35:10 - [TEST_STEP][PASSED] - Statement - counter = counter + 1: null

2018-12-05 12:35:10 - [TEST_STEP][PASSED] - Statement - PreSaveFile = new java.io.File(((pathPrefix + java.lang.Integer.toString(counter)) + .png)): null

2018-12-05 12:35:10 - [TEST_STEP][PASSED] - Statement - counter = counter + 1: null

2018-12-05 12:35:10 - [TEST_STEP][PASSED] - Statement - PreSaveFile = new java.io.File(((pathPrefix + java.lang.Integer.toString(counter)) + .png)): null

2018-12-05 12:35:10 - [TEST_STEP][PASSED] - Statement - counter = counter + 1: null

2018-12-05 12:35:11 - [TEST_STEP][PASSED] - Statement - PreSaveFile = new java.io.File(((pathPrefix + java.lang.Integer.toString(counter)) + .png)): null

2018-12-05 12:35:11 - [TEST_STEP][PASSED] - Statement - counter = counter + 1: null

2018-12-05 12:35:11 - [TEST_STEP][PASSED] - Statement - PreSaveFile = new java.io.File(((pathPrefix + java.lang.Integer.toString(counter)) + .png)): null

2018-12-05 12:35:11 - [TEST_STEP][PASSED] - Statement - counter = counter + 1: null

2018-12-05 12:35:11 - [TEST_STEP][PASSED] - Statement - PreSaveFile = new java.io.File(((pathPrefix + java.lang.Integer.toString(counter)) + .png)): null

2018-12-05 12:35:11 - [TEST_STEP][PASSED] - Statement - counter = counter + 1: null

2018-12-05 12:35:11 - [TEST_STEP][PASSED] - Statement - PreSaveFile = new java.io.File(((pathPrefix + java.lang.Integer.toString(counter)) + .png)): null

2018-12-05 12:35:11 - [TEST_STEP][PASSED] - Statement - counter = counter + 1: null

2018-12-05 12:35:11 - [TEST_STEP][PASSED] - Statement - PreSaveFile = new java.io.File(((pathPrefix + java.lang.Integer.toString(counter)) + .png)): null

2018-12-05 12:35:11 - [TEST_STEP][PASSED] - Statement - counter = counter + 1: null

2018-12-05 12:35:11 - [TEST_STEP][PASSED] - Statement - PreSaveFile = new java.io.File(((pathPrefix + java.lang.Integer.toString(counter)) + .png)): null

2018-12-05 12:35:11 - [TEST_STEP][PASSED] - Statement - counter = counter + 1: null

2018-12-05 12:35:11 - [TEST_STEP][PASSED] - Statement - PreSaveFile = new java.io.File(((pathPrefix + java.lang.Integer.toString(counter)) + .png)): null

2018-12-05 12:35:11 - [TEST_STEP][PASSED] - Statement - counter = counter + 1: null

2018-12-05 12:35:11 - [TEST_STEP][PASSED] - Statement - PreSaveFile = new java.io.File(((pathPrefix + java.lang.Integer.toString(counter)) + .png)): null

2018-12-05 12:35:11 - [TEST_STEP][PASSED] - Statement - counter = counter + 1: null

2018-12-05 12:35:11 - [TEST_STEP][PASSED] - Statement - PreSaveFile = new java.io.File(((pathPrefix + java.lang.Integer.toString(counter)) + .png)): null

2018-12-05 12:35:11 - [TEST_STEP][PASSED] - Statement - counter = counter + 1: null

2018-12-05 12:35:11 - [TEST_STEP][PASSED] - Statement - PreSaveFile = new java.io.File(((pathPrefix + java.lang.Integer.toString(counter)) + .png)): null

2018-12-05 12:35:11 - [TEST_STEP][PASSED] - Statement - counter = counter + 1: null

2018-12-05 12:35:11 - [TEST_STEP][PASSED] - Statement - PreSaveFile = new java.io.File(((pathPrefix + java.lang.Integer.toString(counter)) + .png)): null

2018-12-05 12:35:11 - [TEST_STEP][PASSED] - Statement - counter = counter + 1: null

2018-12-05 12:35:11 - [TEST_STEP][PASSED] - Statement - PreSaveFile = new java.io.File(((pathPrefix + java.lang.Integer.toString(counter)) + .png)): null

2018-12-05 12:35:11 - [TEST_STEP][PASSED] - Statement - counter = counter + 1: null

2018-12-05 12:35:11 - [TEST_STEP][PASSED] - Statement - PreSaveFile = new java.io.File(((pathPrefix + java.lang.Integer.toString(counter)) + .png)): null

2018-12-05 12:35:11 - [TEST_STEP][PASSED] - Statement - counter = counter + 1: null

2018-12-05 12:35:11 - [TEST_STEP][PASSED] - Statement - PreSaveFile = new java.io.File(((pathPrefix + java.lang.Integer.toString(counter)) + .png)): null

2018-12-05 12:35:11 - [TEST_STEP][PASSED] - Statement - counter = counter + 1: null

2018-12-05 12:35:11 - [TEST_STEP][PASSED] - Statement - PreSaveFile = new java.io.File(((pathPrefix + java.lang.Integer.toString(counter)) + .png)): null

2018-12-05 12:35:12 - [TEST_STEP][PASSED] - Statement - counter = counter + 1: null

2018-12-05 12:35:12 - [TEST_STEP][PASSED] - Statement - PreSaveFile = new java.io.File(((pathPrefix + java.lang.Integer.toString(counter)) + .png)): null

2018-12-05 12:35:12 - [TEST_STEP][PASSED] - Statement - counter = counter + 1: null

2018-12-05 12:35:12 - [TEST_STEP][PASSED] - Statement - PreSaveFile = new java.io.File(((pathPrefix + java.lang.Integer.toString(counter)) + .png)): null

2018-12-05 12:35:12 - [TEST_STEP][PASSED] - Statement - counter = counter + 1: null

2018-12-05 12:35:12 - [TEST_STEP][PASSED] - Statement - PreSaveFile = new java.io.File(((pathPrefix + java.lang.Integer.toString(counter)) + .png)): null

2018-12-05 12:35:12 - [TEST_STEP][PASSED] - Statement - counter = counter + 1: null

2018-12-05 12:35:12 - [TEST_STEP][PASSED] - Statement - PreSaveFile = new java.io.File(((pathPrefix + java.lang.Integer.toString(counter)) + .png)): null

2018-12-05 12:35:12 - [TEST_STEP][PASSED] - Statement - counter = counter + 1: null

2018-12-05 12:35:12 - [TEST_STEP][PASSED] - Statement - PreSaveFile = new java.io.File(((pathPrefix + java.lang.Integer.toString(counter)) + .png)): null

2018-12-05 12:35:12 - [TEST_STEP][PASSED] - Statement - counter = counter + 1: null

2018-12-05 12:35:12 - [TEST_STEP][PASSED] - Statement - PreSaveFile = new java.io.File(((pathPrefix + java.lang.Integer.toString(counter)) + .png)): null

2018-12-05 12:35:12 - [TEST_STEP][PASSED] - Statement - counter = counter + 1: null

2018-12-05 12:35:12 - [TEST_STEP][PASSED] - Statement - PreSaveFile = new java.io.File(((pathPrefix + java.lang.Integer.toString(counter)) + .png)): null

2018-12-05 12:35:12 - [TEST_STEP][PASSED] - Statement - counter = counter + 1: null

2018-12-05 12:35:12 - [TEST_STEP][PASSED] - Statement - PreSaveFile = new java.io.File(((pathPrefix + java.lang.Integer.toString(counter)) + .png)): null

2018-12-05 12:35:12 - [TEST_STEP][PASSED] - Statement - counter = counter + 1: null

2018-12-05 12:35:12 - [TEST_STEP][PASSED] - Statement - PreSaveFile = new java.io.File(((pathPrefix + java.lang.Integer.toString(counter)) + .png)): null

2018-12-05 12:35:12 - [TEST_STEP][PASSED] - Statement - counter = counter + 1: null

2018-12-05 12:35:12 - [TEST_STEP][PASSED] - Statement - PreSaveFile = new java.io.File(((pathPrefix + java.lang.Integer.toString(counter)) + .png)): null

2018-12-05 12:35:12 - [TEST_STEP][PASSED] - Statement - counter = counter + 1: null

2018-12-05 12:35:12 - [TEST_STEP][PASSED] - Statement - PreSaveFile = new java.io.File(((pathPrefix + java.lang.Integer.toString(counter)) + .png)): null

2018-12-05 12:35:12 - [TEST_STEP][PASSED] - Statement - counter = counter + 1: null

2018-12-05 12:35:12 - [TEST_STEP][PASSED] - Statement - PreSaveFile = new java.io.File(((pathPrefix + java.lang.Integer.toString(counter)) + .png)): null

2018-12-05 12:35:12 - [TEST_STEP][PASSED] - Statement - counter = counter + 1: null

2018-12-05 12:35:12 - [TEST_STEP][PASSED] - Statement - PreSaveFile = new java.io.File(((pathPrefix + java.lang.Integer.toString(counter)) + .png)): null

2018-12-05 12:35:12 - [TEST_STEP][PASSED] - Statement - counter = counter + 1: null

2018-12-05 12:35:12 - [TEST_STEP][PASSED] - Statement - PreSaveFile = new java.io.File(((pathPrefix + java.lang.Integer.toString(counter)) + .png)): null

2018-12-05 12:35:12 - [TEST_STEP][PASSED] - Statement - counter = counter + 1: null

2018-12-05 12:35:12 - [TEST_STEP][PASSED] - Statement - PreSaveFile = new java.io.File(((pathPrefix + java.lang.Integer.toString(counter)) + .png)): null

2018-12-05 12:35:12 - [TEST_STEP][PASSED] - Statement - counter = counter + 1: null

2018-12-05 12:35:12 - [TEST_STEP][PASSED] - Statement - PreSaveFile = new java.io.File(((pathPrefix + java.lang.Integer.toString(counter)) + .png)): null

2018-12-05 12:35:12 - [TEST_STEP][PASSED] - Statement - counter = counter + 1: null

2018-12-05 12:35:12 - [TEST_STEP][PASSED] - Statement - PreSaveFile = new java.io.File(((pathPrefix + java.lang.Integer.toString(counter)) + .png)): null

2018-12-05 12:35:12 - [TEST_STEP][PASSED] - Statement - counter = counter + 1: null

2018-12-05 12:35:12 - [TEST_STEP][PASSED] - Statement - PreSaveFile = new java.io.File(((pathPrefix + java.lang.Integer.toString(counter)) + .png)): null

2018-12-05 12:35:12 - [TEST_STEP][PASSED] - Statement - counter = counter + 1: null

2018-12-05 12:35:12 - [TEST_STEP][PASSED] - Statement - PreSaveFile = new java.io.File(((pathPrefix + java.lang.Integer.toString(counter)) + .png)): null

2018-12-05 12:35:12 - [TEST_STEP][PASSED] - Statement - counter = counter + 1: null

2018-12-05 12:35:13 - [TEST_STEP][PASSED] - Statement - PreSaveFile = new java.io.File(((pathPrefix + java.lang.Integer.toString(counter)) + .png)): null

2018-12-05 12:35:13 - [TEST_STEP][PASSED] - Statement - counter = counter + 1: null

2018-12-05 12:35:13 - [TEST_STEP][PASSED] - Statement - PreSaveFile = new java.io.File(((pathPrefix + java.lang.Integer.toString(counter)) + .png)): null

2018-12-05 12:35:13 - [TEST_STEP][PASSED] - Statement - counter = counter + 1: null

2018-12-05 12:35:13 - [TEST_STEP][PASSED] - Statement - PreSaveFile = new java.io.File(((pathPrefix + java.lang.Integer.toString(counter)) + .png)): null

2018-12-05 12:35:13 - [TEST_STEP][PASSED] - Statement - counter = counter + 1: null

2018-12-05 12:35:13 - [TEST_STEP][PASSED] - Statement - PreSaveFile = new java.io.File(((pathPrefix + java.lang.Integer.toString(counter)) + .png)): null

2018-12-05 12:35:13 - [TEST_STEP][PASSED] - Statement - counter = counter + 1: null

2018-12-05 12:35:13 - [TEST_STEP][PASSED] - Statement - PreSaveFile = new java.io.File(((pathPrefix + java.lang.Integer.toString(counter)) + .png)): null

2018-12-05 12:35:13 - [TEST_STEP][PASSED] - Statement - counter = counter + 1: null

2018-12-05 12:35:13 - [TEST_STEP][PASSED] - Statement - PreSaveFile = new java.io.File(((pathPrefix + java.lang.Integer.toString(counter)) + .png)): null

2018-12-05 12:35:13 - [TEST_STEP][PASSED] - Statement - counter = counter + 1: null

2018-12-05 12:35:13 - [TEST_STEP][PASSED] - Statement - PreSaveFile = new java.io.File(((pathPrefix + java.lang.Integer.toString(counter)) + .png)): null

2018-12-05 12:35:13 - [TEST_STEP][PASSED] - Statement - counter = counter + 1: null

2018-12-05 12:35:13 - [TEST_STEP][PASSED] - Statement - PreSaveFile = new java.io.File(((pathPrefix + java.lang.Integer.toString(counter)) + .png)): null

2018-12-05 12:35:13 - [TEST_STEP][PASSED] - Statement - counter = counter + 1: null

2018-12-05 12:35:13 - [TEST_STEP][PASSED] - Statement - PreSaveFile = new java.io.File(((pathPrefix + java.lang.Integer.toString(counter)) + .png)): null

2018-12-05 12:35:13 - [TEST_STEP][PASSED] - Statement - counter = counter + 1: null

2018-12-05 12:35:13 - [TEST_STEP][PASSED] - Statement - PreSaveFile = new java.io.File(((pathPrefix + java.lang.Integer.toString(counter)) + .png)): null

2018-12-05 12:35:13 - [TEST_STEP][PASSED] - Statement - counter = counter + 1: null

2018-12-05 12:35:13 - [TEST_STEP][PASSED] - Statement - PreSaveFile = new java.io.File(((pathPrefix + java.lang.Integer.toString(counter)) + .png)): null

2018-12-05 12:35:13 - [TEST_STEP][PASSED] - Statement - counter = counter + 1: null

2018-12-05 12:35:13 - [TEST_STEP][PASSED] - Statement - PreSaveFile = new java.io.File(((pathPrefix + java.lang.Integer.toString(counter)) + .png)): null

2018-12-05 12:35:13 - [TEST_STEP][PASSED] - Statement - counter = counter + 1: null

2018-12-05 12:35:13 - [TEST_STEP][PASSED] - Statement - PreSaveFile = new java.io.File(((pathPrefix + java.lang.Integer.toString(counter)) + .png)): null

2018-12-05 12:35:13 - [TEST_STEP][PASSED] - Statement - counter = counter + 1: null

2018-12-05 12:35:13 - [TEST_STEP][PASSED] - Statement - PreSaveFile = new java.io.File(((pathPrefix + java.lang.Integer.toString(counter)) + .png)): null

2018-12-05 12:35:13 - [TEST_STEP][PASSED] - Statement - counter = counter + 1: null

2018-12-05 12:35:14 - [TEST_STEP][PASSED] - Statement - PreSaveFile = new java.io.File(((pathPrefix + java.lang.Integer.toString(counter)) + .png)): null

2018-12-05 12:35:14 - [TEST_STEP][PASSED] - Statement - counter = counter + 1: null

2018-12-05 12:35:14 - [TEST_STEP][PASSED] - Statement - PreSaveFile = new java.io.File(((pathPrefix + java.lang.Integer.toString(counter)) + .png)): null

2018-12-05 12:35:14 - [TEST_STEP][PASSED] - Statement - counter = counter + 1: null

2018-12-05 12:35:14 - [TEST_STEP][PASSED] - Statement - PreSaveFile = new java.io.File(((pathPrefix + java.lang.Integer.toString(counter)) + .png)): null

2018-12-05 12:35:14 - [TEST_STEP][PASSED] - Statement - counter = counter + 1: null

2018-12-05 12:35:14 - [TEST_STEP][PASSED] - Statement - PreSaveFile = new java.io.File(((pathPrefix + java.lang.Integer.toString(counter)) + .png)): null

2018-12-05 12:35:14 - [TEST_STEP][PASSED] - Statement - counter = counter + 1: null

2018-12-05 12:35:14 - [TEST_STEP][PASSED] - Statement - PreSaveFile = new java.io.File(((pathPrefix + java.lang.Integer.toString(counter)) + .png)): null

2018-12-05 12:35:14 - [TEST_STEP][PASSED] - Statement - counter = counter + 1: null

2018-12-05 12:35:14 - [TEST_STEP][PASSED] - Statement - PreSaveFile = new java.io.File(((pathPrefix + java.lang.Integer.toString(counter)) + .png)): null

2018-12-05 12:35:14 - [TEST_STEP][PASSED] - Statement - counter = counter + 1: null

2018-12-05 12:35:14 - [TEST_STEP][PASSED] - Statement - PreSaveFile = new java.io.File(((pathPrefix + java.lang.Integer.toString(counter)) + .png)): null

2018-12-05 12:35:14 - [TEST_STEP][PASSED] - Statement - counter = counter + 1: null

2018-12-05 12:35:14 - [TEST_STEP][PASSED] - Statement - PreSaveFile = new java.io.File(((pathPrefix + java.lang.Integer.toString(counter)) + .png)): null

2018-12-05 12:35:14 - [TEST_STEP][PASSED] - Statement - counter = counter + 1: null

2018-12-05 12:35:14 - [TEST_STEP][PASSED] - Statement - PreSaveFile = new java.io.File(((pathPrefix + java.lang.Integer.toString(counter)) + .png)): null

2018-12-05 12:35:14 - [TEST_STEP][PASSED] - Statement - counter = counter + 1: null

2018-12-05 12:35:14 - [TEST_STEP][PASSED] - Statement - PreSaveFile = new java.io.File(((pathPrefix + java.lang.Integer.toString(counter)) + .png)): null

2018-12-05 12:35:14 - [TEST_STEP][PASSED] - Statement - counter = counter + 1: null

2018-12-05 12:35:14 - [TEST_STEP][PASSED] - Statement - PreSaveFile = new java.io.File(((pathPrefix + java.lang.Integer.toString(counter)) + .png)): null

2018-12-05 12:35:14 - [TEST_STEP][PASSED] - Statement - counter = counter + 1: null

2018-12-05 12:35:14 - [TEST_STEP][PASSED] - Statement - PreSaveFile = new java.io.File(((pathPrefix + java.lang.Integer.toString(counter)) + .png)): null

2018-12-05 12:35:14 - [TEST_STEP][PASSED] - Statement - counter = counter + 1: null

2018-12-05 12:35:14 - [TEST_STEP][PASSED] - Statement - PreSaveFile = new java.io.File(((pathPrefix + java.lang.Integer.toString(counter)) + .png)): null

2018-12-05 12:35:14 - [TEST_STEP][PASSED] - Statement - finalPath = pathPrefix + java.lang.Integer.toString(counter) + ".png": null

2018-12-05 12:35:14 - [TEST_STEP][PASSED] - Statement - SaveFile = new java.io.File(finalPath): null

2018-12-05 12:35:14 - [TEST_STEP][PASSED] - Statement - Try: null

2018-12-05 12:35:14 - [TEST_STEP][PASSED] - Statement - org.apache.commons.io.FileUtils.copyFile(scrFile, SaveFile): null

2018-12-05 12:35:15 - [TEST_STEP][PASSED] - Statement - out.println("file kept"): null

2018-12-05 12:35:15 - [TEST_STEP][PASSED] - delay: Delayed 10 second(s)

2018-12-05 12:35:25 - [MESSAGE][PASSED] - Delayed 10 second(s)

2018-12-05 12:35:25 - [MESSAGE][PASSED] - Call Test Case 'Test Cases/Final Aug 2018 - PKS Automation/Registration Module/New Registration/Submit and Screenshot/Submit Registration and Screenshot' successfully

2018-12-05 12:35:25 - [TEST_STEP][PASSED] - delay: Delayed 5 second(s)

2018-12-05 12:35:30 - [MESSAGE][PASSED] - Delayed 5 second(s)

2018-12-05 12:35:30 - [TEST_STEP][PASSED] - callTestCase: Call Test Case 'Test Cases/Final Aug 2018 - PKS Automation/Registration Module/Log Out/log out avoiding katalon tagging' successfully

2018-12-05 12:35:30 - [TEST_CASE][PASSED] - Test Cases/Final Aug 2018 - PKS Automation/Registration Module/Log Out/log out avoiding katalon tagging: Test Cases/Final Aug 2018 - PKS Automation/Registration Module/Log Out/log out avoiding katalon tagging

2018-12-05 12:35:30 - [TEST_STEP][PASSED] - navigateToUrl: Navigate to 'https://assist2-uat.perkeso.gov.my/c/portal/logout' successfully

2018-12-05 12:35:31 - [MESSAGE][PASSED] - Navigate to 'https://assist2-uat.perkeso.gov.my/c/portal/logout' successfully

2018-12-05 12:35:31 - [MESSAGE][PASSED] - Call Test Case 'Test Cases/Final Aug 2018 - PKS Automation/Registration Module/Log Out/log out avoiding katalon tagging' successfully

2018-12-05 12:35:31 - [TEST_STEP][PASSED] - callTestCase: Call Test Case 'Test Cases/Final Aug 2018 - PKS Automation/Common/Workflow Owner Finder' successfully

2018-12-05 12:35:31 - [TEST_CASE][PASSED] - Test Cases/Final Aug 2018 - PKS Automation/Common/Workflow Owner Finder: Test Cases/Final Aug 2018 - PKS Automation/Common/Workflow Owner Finder

2018-12-05 12:35:31 - [TEST_STEP][PASSED] - openBrowser: Browser is opened with url: ''

2018-12-05 12:35:31 - [MESSAGE][WARNING] - A browser is already opened. Closing browser and opening a new one

2018-12-05 12:35:34 - [MESSAGE][PASSED] - Browser is opened with url: ''

2018-12-05 12:35:34 - [TEST_STEP][PASSED] - navigateToUrl: Navigate to 'https://assist2-uat.perkeso.gov.my/login' successfully

2018-12-05 12:35:35 - [MESSAGE][PASSED] - Navigate to 'https://assist2-uat.perkeso.gov.my/login' successfully

2018-12-05 12:35:35 - [TEST_STEP][PASSED] - delay: Delayed 5 second(s)

2018-12-05 12:35:40 - [MESSAGE][PASSED] - Delayed 5 second(s)

2018-12-05 12:35:40 - [TEST_STEP][PASSED] - setText: Text 'test@liferay.com' is set on object 'Object Repository/Final Object Repo/Login Page/Internal User/Email Address'

2018-12-05 12:35:40 - [MESSAGE][PASSED] - Text 'test@liferay.com' is set on object 'Object Repository/Final Object Repo/Login Page/Internal User/Email Address'

2018-12-05 12:35:40 - [TEST_STEP][PASSED] - click: Object: 'Object Repository/Final Object Repo/Login Page/Internal User/Next Button' is clicked on

2018-12-05 12:35:40 - [MESSAGE][PASSED] - Object: 'Object Repository/Final Object Repo/Login Page/Internal User/Next Button' is clicked on

2018-12-05 12:35:40 - [TEST_STEP][PASSED] - delay: Delayed 2 second(s)

2018-12-05 12:35:42 - [MESSAGE][PASSED] - Delayed 2 second(s)

2018-12-05 12:35:42 - [TEST_STEP][PASSED] - setText: Text 'test' is set on object 'Object Repository/Final Object Repo/Login Page/Internal User/Password'

2018-12-05 12:35:42 - [MESSAGE][PASSED] - Text 'test' is set on object 'Object Repository/Final Object Repo/Login Page/Internal User/Password'

2018-12-05 12:35:42 - [TEST_STEP][PASSED] - delay: Delayed 2 second(s)

2018-12-05 12:35:44 - [MESSAGE][PASSED] - Delayed 2 second(s)

2018-12-05 12:35:44 - [TEST_STEP][PASSED] - click: Object: 'Object Repository/Final Object Repo/Login Page/Internal User/Login Button' is clicked on

2018-12-05 12:35:45 - [MESSAGE][PASSED] - Object: 'Object Repository/Final Object Repo/Login Page/Internal User/Login Button' is clicked on

2018-12-05 12:35:45 - [TEST_STEP][PASSED] - Statement - tester = com.kms.katalon.core.testobject.ObjectRepository.findTestObject(Final Object Repo/Landing Page/Select to English): Finding Test Object with id 'Object Repository/Final Object Repo/Landing Page/Select to English'

2018-12-05 12:35:45 - [TEST_STEP][PASSED] - Statement - Try: Delayed 2 second(s)

2018-12-05 12:35:45 - [TEST_STEP][PASSED] - Statement - Checker = com.kms.katalon.core.webui.keyword.WebUiBuiltInKeywords.verifyElementNotPresent(tester, 3): Web element with id: 'Object Repository/Final Object Repo/Landing Page/Select to English' located by 'By.xpath: //a[@class = 'taglib-language-list-text' and @lang = 'en-US' and (contains(text(), 'EN') or contains(., 'EN'))]' is not present after '3' second(s)

2018-12-05 12:35:47 - [MESSAGE][PASSED] - Web element with id: 'Object Repository/Final Object Repo/Landing Page/Select to English' located by 'By.xpath: //a[@class = 'taglib-language-list-text' and @lang = 'en-US' and (contains(text(), 'EN') or contains(., 'EN'))]' is not present after '3' second(s)

2018-12-05 12:35:47 - [TEST_STEP][PASSED] - Statement - If (Checker == false): null

2018-12-05 12:35:47 - [TEST_STEP][PASSED] - delay: Delayed 2 second(s)

2018-12-05 12:35:49 - [MESSAGE][PASSED] - Delayed 2 second(s)

2018-12-05 12:35:49 - [TEST_STEP][PASSED] - delay: Delayed 5 second(s)

2018-12-05 12:35:54 - [MESSAGE][PASSED] - Delayed 5 second(s)

2018-12-05 12:35:54 - [TEST_STEP][PASSED] - mouseOver: Object: 'Object Repository/Final Object Repo/Landing Page/WorkFlow Menu' is hovered

2018-12-05 12:35:54 - [MESSAGE][PASSED] - Object: 'Object Repository/Final Object Repo/Landing Page/WorkFlow Menu' is hovered

2018-12-05 12:35:54 - [TEST_STEP][PASSED] - delay: Delayed 2 second(s)

2018-12-05 12:35:56 - [MESSAGE][PASSED] - Delayed 2 second(s)

2018-12-05 12:35:56 - [TEST_STEP][PASSED] - click: Object: 'Object Repository/Final Object Repo/Landing Page/Select to Workflow Listing' is clicked on

2018-12-05 12:35:57 - [MESSAGE][PASSED] - Object: 'Object Repository/Final Object Repo/Landing Page/Select to Workflow Listing' is clicked on

2018-12-05 12:35:57 - [TEST_STEP][PASSED] - delay: Delayed 2 second(s)

2018-12-05 12:35:59 - [MESSAGE][PASSED] - Delayed 2 second(s)

2018-12-05 12:35:59 - [TEST_STEP][PASSED] - click: Object: 'Object Repository/Final Object Repo/WorkFlow Listing Page/Search Information - To Put Ref No' is clicked on

2018-12-05 12:35:59 - [MESSAGE][PASSED] - Object: 'Object Repository/Final Object Repo/WorkFlow Listing Page/Search Information - To Put Ref No' is clicked on

2018-12-05 12:35:59 - [TEST_STEP][PASSED] - delay: Delayed 2 second(s)

2018-12-05 12:36:01 - [MESSAGE][PASSED] - Delayed 2 second(s)

2018-12-05 12:36:01 - [TEST_STEP][PASSED] - callTestCase: Call Test Case 'Test Cases/Final Aug 2018 - PKS Automation/Common/Reference Number Getter' successfully

2018-12-05 12:36:01 - [TEST_CASE][PASSED] - Test Cases/Final Aug 2018 - PKS Automation/Common/Reference Number Getter: Test Cases/Final Aug 2018 - PKS Automation/Common/Reference Number Getter

2018-12-05 12:36:01 - [TEST_STEP][PASSED] - Statement - Try: null

2018-12-05 12:36:01 - [TEST_STEP][PASSED] - Statement - RefNo = new java.io.File(C://Users//Admin//Desktop//PKS//Automation Reference Point//KatalonReference.txt): null

2018-12-05 12:36:01 - [TEST_STEP][PASSED] - Statement - bufferread = new java.io.BufferedReader(new java.io.FileReader(RefNo)): null

2018-12-05 12:36:01 - [TEST_STEP][PASSED] - Statement - readedVal = bufferread.readLine(): null

2018-12-05 12:36:01 - [TEST_STEP][PASSED] - Statement - out.println(CaseReferenceNo): null

2018-12-05 12:36:01 - [TEST_STEP][PASSED] - Statement - out.println(readedVal): null

2018-12-05 12:36:01 - [TEST_STEP][PASSED] - Statement - CaseReferenceNo = "": null

2018-12-05 12:36:01 - [TEST_STEP][PASSED] - Statement - CaseReferenceNo = readedVal: null

2018-12-05 12:36:01 - [MESSAGE][PASSED] - Call Test Case 'Test Cases/Final Aug 2018 - PKS Automation/Common/Reference Number Getter' successfully

2018-12-05 12:36:01 - [TEST_STEP][PASSED] - setText: Text 'CRN12201800123006' is set on object 'Object Repository/Final Object Repo/WorkFlow Listing Page/Ref No Set Text'

2018-12-05 12:36:02 - [MESSAGE][PASSED] - Text 'CRN12201800123006' is set on object 'Object Repository/Final Object Repo/WorkFlow Listing Page/Ref No Set Text'

2018-12-05 12:36:02 - [TEST_STEP][PASSED] - delay: Delayed 2 second(s)

2018-12-05 12:36:04 - [MESSAGE][PASSED] - Delayed 2 second(s)

2018-12-05 12:36:04 - [TEST_STEP][PASSED] - click: Object: 'Object Repository/Final Object Repo/WorkFlow Listing Page/Search Ref No Search Button' is clicked on

2018-12-05 12:36:04 - [MESSAGE][PASSED] - Object: 'Object Repository/Final Object Repo/WorkFlow Listing Page/Search Ref No Search Button' is clicked on

2018-12-05 12:36:04 - [TEST_STEP][PASSED] - delay: Delayed 6 second(s)

2018-12-05 12:36:10 - [MESSAGE][PASSED] - Delayed 6 second(s)

2018-12-05 12:36:10 - [TEST_STEP][PASSED] - click: Object: 'Object Repository/Final Object Repo/WorkFlow Listing Page/Click Continue Tooltip' is clicked on

2018-12-05 12:36:11 - [MESSAGE][PASSED] - Object: 'Object Repository/Final Object Repo/WorkFlow Listing Page/Click Continue Tooltip' is clicked on

2018-12-05 12:36:11 - [TEST_STEP][PASSED] - delay: Delayed 5 second(s)

2018-12-05 12:36:16 - [MESSAGE][PASSED] - Delayed 5 second(s)

2018-12-05 12:36:16 - [TEST_STEP][PASSED] - doubleClick: Object: 'Object Repository/Final Object Repo/WorkFlow Listing Page/Workflow Found - Listing 1' is double clicked on

2018-12-05 12:36:16 - [MESSAGE][PASSED] - Object: 'Object Repository/Final Object Repo/WorkFlow Listing Page/Workflow Found - Listing 1' is double clicked on

2018-12-05 12:36:16 - [TEST_STEP][PASSED] - Statement - println(OwnerID): null

2018-12-05 12:36:16 - [TEST_STEP][PASSED] - Statement - OwnerID = com.kms.katalon.core.webui.keyword.WebUiBuiltInKeywords.getText(com.kms.katalon.core.testobject.ObjectRepository.findTestObject(Final Object Repo/WorkFlow Listing Page/Workflow Found - Listing 1), STOP_ON_FAILURE): Text of object 'Object Repository/Final Object Repo/WorkFlow Listing Page/Workflow Found - Listing 1' is: 'JOHORro3'

2018-12-05 12:36:16 - [MESSAGE][PASSED] - Text of object 'Object Repository/Final Object Repo/WorkFlow Listing Page/Workflow Found - Listing 1' is: 'JOHORro3'

2018-12-05 12:36:16 - [TEST_STEP][PASSED] - Statement - OwnerID = OwnerID.toLowerCase() + "@gmail.com": null

2018-12-05 12:36:16 - [TEST_STEP][PASSED] - Statement - println(OwnerID): null

2018-12-05 12:36:16 - [TEST_STEP][PASSED] - delay: Delayed 2 second(s)

2018-12-05 12:36:18 - [MESSAGE][PASSED] - Delayed 2 second(s)

2018-12-05 12:36:18 - [MESSAGE][PASSED] - Call Test Case 'Test Cases/Final Aug 2018 - PKS Automation/Common/Workflow Owner Finder' successfully

2018-12-05 12:36:18 - [TEST_STEP][PASSED] - callTestCase: Call Test Case 'Test Cases/Final Aug 2018 - PKS Automation/Registration Module/Log Out/log out avoiding katalon tagging' successfully

2018-12-05 12:36:18 - [TEST_CASE][PASSED] - Test Cases/Final Aug 2018 - PKS Automation/Registration Module/Log Out/log out avoiding katalon tagging: Test Cases/Final Aug 2018 - PKS Automation/Registration Module/Log Out/log out avoiding katalon tagging

2018-12-05 12:36:18 - [TEST_STEP][PASSED] - navigateToUrl: Navigate to 'https://assist2-uat.perkeso.gov.my/c/portal/logout' successfully

2018-12-05 12:36:19 - [MESSAGE][PASSED] - Navigate to 'https://assist2-uat.perkeso.gov.my/c/portal/logout' successfully

2018-12-05 12:36:19 - [MESSAGE][PASSED] - Call Test Case 'Test Cases/Final Aug 2018 - PKS Automation/Registration Module/Log Out/log out avoiding katalon tagging' successfully

2018-12-05 12:36:19 - [TEST_STEP][PASSED] - delay: Delayed 2 second(s)

2018-12-05 12:36:21 - [MESSAGE][PASSED] - Delayed 2 second(s)

2018-12-05 12:36:21 - [TEST_STEP][PASSED] - setText: Text 'johorro3@gmail.com' is set on object 'Object Repository/Final Object Repo/New Registration - Registration Module Pages/New Reg - OTC to RO/Special Case - All Related Objects/Email TextBox'

2018-12-05 12:36:22 - [MESSAGE][PASSED] - Text 'johorro3@gmail.com' is set on object 'Object Repository/Final Object Repo/New Registration - Registration Module Pages/New Reg - OTC to RO/Special Case - All Related Objects/Email TextBox'

2018-12-05 12:36:22 - [TEST_STEP][PASSED] - click: Object: 'Object Repository/Final Object Repo/New Registration - Registration Module Pages/New Reg - OTC to RO/Special Case - All Related Objects/Next Button' is clicked on

2018-12-05 12:36:22 - [MESSAGE][PASSED] - Object: 'Object Repository/Final Object Repo/New Registration - Registration Module Pages/New Reg - OTC to RO/Special Case - All Related Objects/Next Button' is clicked on

2018-12-05 12:36:22 - [TEST_STEP][PASSED] - delay: Delayed 2 second(s)

2018-12-05 12:36:24 - [MESSAGE][PASSED] - Delayed 2 second(s)

2018-12-05 12:36:24 - [TEST_STEP][PASSED] - setText: Text 'Test1@3456789' is set on object 'Object Repository/Final Object Repo/New Registration - Registration Module Pages/New Reg - OTC to RO/Special Case - All Related Objects/Password TextBox'

2018-12-05 12:36:24 - [MESSAGE][PASSED] - Text 'Test1@3456789' is set on object 'Object Repository/Final Object Repo/New Registration - Registration Module Pages/New Reg - OTC to RO/Special Case - All Related Objects/Password TextBox'

2018-12-05 12:36:24 - [TEST_STEP][PASSED] - delay: Delayed 2 second(s)

2018-12-05 12:36:26 - [MESSAGE][PASSED] - Delayed 2 second(s)

2018-12-05 12:36:26 - [TEST_STEP][PASSED] - click: Object: 'Object Repository/Final Object Repo/New Registration - Registration Module Pages/New Reg - OTC to RO/Special Case - All Related Objects/Login Button' is clicked on

2018-12-05 12:36:26 - [MESSAGE][PASSED] - Object: 'Object Repository/Final Object Repo/New Registration - Registration Module Pages/New Reg - OTC to RO/Special Case - All Related Objects/Login Button' is clicked on

2018-12-05 12:36:26 - [TEST_STEP][PASSED] - delay: Delayed 2 second(s)

2018-12-05 12:36:28 - [MESSAGE][PASSED] - Delayed 2 second(s)

2018-12-05 12:36:28 - [TEST_STEP][PASSED] - Statement - Try: null

2018-12-05 12:36:28 - [TEST_STEP][PASSED] - Statement - Checker = com.kms.katalon.core.webui.keyword.WebUiBuiltInKeywords.verifyElementNotPresent("Final Object Repo/Landing Page/Select to English", 3): null

2018-12-05 12:36:28 - [TEST_STEP][PASSED] - Statement - Catch (Exception e): null

2018-12-05 12:36:28 - [TEST_STEP][PASSED] - Statement - e.printStackTrace(): null

2018-12-05 12:36:28 - [TEST_STEP][PASSED] - click: Object: 'Object Repository/Final Object Repo/New Registration - Registration Module Pages/New Reg - OTC to RO/Special Case - All Related Objects/Expand to Search' is clicked on

2018-12-05 12:36:29 - [MESSAGE][PASSED] - Object: 'Object Repository/Final Object Repo/New Registration - Registration Module Pages/New Reg - OTC to RO/Special Case - All Related Objects/Expand to Search' is clicked on

2018-12-05 12:36:29 - [TEST_STEP][PASSED] - delay: Delayed 2 second(s)

2018-12-05 12:36:31 - [MESSAGE][PASSED] - Delayed 2 second(s)

2018-12-05 12:36:31 - [TEST_STEP][PASSED] - setText: Text 'CRN12201800123006' is set on object 'Object Repository/Final Object Repo/New Registration - Registration Module Pages/New Reg - OTC to RO/Special Case - All Related Objects/TextBox RefNo in Workbasket'

2018-12-05 12:36:31 - [MESSAGE][PASSED] - Text 'CRN12201800123006' is set on object 'Object Repository/Final Object Repo/New Registration - Registration Module Pages/New Reg - OTC to RO/Special Case - All Related Objects/TextBox RefNo in Workbasket'

2018-12-05 12:36:31 - [TEST_STEP][PASSED] - delay: Delayed 2 second(s)

2018-12-05 12:36:33 - [MESSAGE][PASSED] - Delayed 2 second(s)

2018-12-05 12:36:33 - [TEST_STEP][PASSED] - click: Object: 'Object Repository/Final Object Repo/New Registration - Registration Module Pages/New Reg - OTC to RO/Special Case - All Related Objects/Click Search' is clicked on

2018-12-05 12:36:33 - [MESSAGE][PASSED] - Object: 'Object Repository/Final Object Repo/New Registration - Registration Module Pages/New Reg - OTC to RO/Special Case - All Related Objects/Click Search' is clicked on

2018-12-05 12:36:33 - [TEST_STEP][PASSED] - delay: Delayed 2 second(s)

2018-12-05 12:36:35 - [MESSAGE][PASSED] - Delayed 2 second(s)

2018-12-05 12:36:35 - [TEST_STEP][PASSED] - click: Object: 'Object Repository/Final Object Repo/New Registration - Registration Module Pages/New Reg - OTC to RO/Special Case - All Related Objects/Click to Continue Workflow' is clicked on

2018-12-05 12:36:38 - [MESSAGE][PASSED] - Object: 'Object Repository/Final Object Repo/New Registration - Registration Module Pages/New Reg - OTC to RO/Special Case - All Related Objects/Click to Continue Workflow' is clicked on

2018-12-05 12:36:38 - [TEST_STEP][PASSED] - delay: Delayed 2 second(s)

2018-12-05 12:36:40 - [MESSAGE][PASSED] - Delayed 2 second(s)

2018-12-05 12:36:40 - [TEST_STEP][PASSED] - click: Object: 'Object Repository/Final Object Repo/New Registration - Registration Module Pages/New Reg - OTC to RO/Special Case - All Related Objects/Continue Button in verifying case' is clicked on

2018-12-05 12:36:42 - [MESSAGE][PASSED] - Object: 'Object Repository/Final Object Repo/New Registration - Registration Module Pages/New Reg - OTC to RO/Special Case - All Related Objects/Continue Button in verifying case' is clicked on

2018-12-05 12:36:42 - [TEST_STEP][PASSED] - delay: Delayed 2 second(s)

2018-12-05 12:36:44 - [MESSAGE][PASSED] - Delayed 2 second(s)

2018-12-05 12:36:44 - [TEST_STEP][PASSED] - click: Object: 'Object Repository/Final Object Repo/New Registration - Registration Module Pages/New Reg - OTC to RO/Special Case - All Related Objects/Form 1 Save n Continue' is clicked on

2018-12-05 12:36:45 - [MESSAGE][PASSED] - Object: 'Object Repository/Final Object Repo/New Registration - Registration Module Pages/New Reg - OTC to RO/Special Case - All Related Objects/Form 1 Save n Continue' is clicked on

2018-12-05 12:36:45 - [TEST_STEP][PASSED] - delay: Delayed 5 second(s)

2018-12-05 12:36:50 - [MESSAGE][PASSED] - Delayed 5 second(s)

2018-12-05 12:36:50 - [TEST_STEP][PASSED] - click: Object: 'Object Repository/Final Object Repo/New Registration - Registration Module Pages/New Reg - OTC to RO/Special Case - OTC - Form 1/Confirm No Flagging as Branch' is clicked on

2018-12-05 12:36:50 - [MESSAGE][PASSED] - Object: 'Object Repository/Final Object Repo/New Registration - Registration Module Pages/New Reg - OTC to RO/Special Case - OTC - Form 1/Confirm No Flagging as Branch' is clicked on

2018-12-05 12:36:50 - [TEST_STEP][PASSED] - delay: Delayed 2 second(s)

2018-12-05 12:36:52 - [MESSAGE][PASSED] - Delayed 2 second(s)

2018-12-05 12:36:52 - [TEST_STEP][PASSED] - click: Object: 'Object Repository/Final Object Repo/New Registration - Registration Module Pages/New Reg - OTC to RO/Special Case - All Related Objects/Form 2 Save n Continue' is clicked on

2018-12-05 12:36:52 - [MESSAGE][PASSED] - Object: 'Object Repository/Final Object Repo/New Registration - Registration Module Pages/New Reg - OTC to RO/Special Case - All Related Objects/Form 2 Save n Continue' is clicked on

2018-12-05 12:36:52 - [TEST_STEP][PASSED] - delay: Delayed 2 second(s)

2018-12-05 12:36:54 - [MESSAGE][PASSED] - Delayed 2 second(s)

2018-12-05 12:36:54 - [TEST_STEP][PASSED] - click: Object: 'Object Repository/Final Object Repo/New Registration - Registration Module Pages/New Reg - OTC to RO/Special Case - All Related Objects/Third Screen Save n Continue' is clicked on

2018-12-05 12:37:00 - [MESSAGE][PASSED] - Object: 'Object Repository/Final Object Repo/New Registration - Registration Module Pages/New Reg - OTC to RO/Special Case - All Related Objects/Third Screen Save n Continue' is clicked on

2018-12-05 12:37:00 - [TEST_STEP][PASSED] - setText: Text 'Query case' is set on object 'Object Repository/Final Object Repo/New Registration - Registration Module Pages/New Reg - OTC to RO/Special Case - All Related Objects/Query Text Input'

2018-12-05 12:37:00 - [MESSAGE][PASSED] - Text 'Query case' is set on object 'Object Repository/Final Object Repo/New Registration - Registration Module Pages/New Reg - OTC to RO/Special Case - All Related Objects/Query Text Input'

2018-12-05 12:37:00 - [TEST_STEP][PASSED] - delay: Delayed 5 second(s)

2018-12-05 12:37:05 - [MESSAGE][PASSED] - Delayed 5 second(s)

2018-12-05 12:37:05 - [TEST_STEP][PASSED] - click: Object: 'Object Repository/Final Object Repo/New Registration - Registration Module Pages/New Reg - OTC to RO/Special Case - All Related Objects/Upload Doc Page Save n Continue' is clicked on

2018-12-05 12:37:05 - [MESSAGE][PASSED] - Object: 'Object Repository/Final Object Repo/New Registration - Registration Module Pages/New Reg - OTC to RO/Special Case - All Related Objects/Upload Doc Page Save n Continue' is clicked on

2018-12-05 12:37:05 - [TEST_STEP][PASSED] - click: Object: 'Object Repository/Final Object Repo/New Registration - Registration Module Pages/New Reg - OTC to RO/Special Case - All Related Objects/Query Button' is clicked on

2018-12-05 12:37:10 - [MESSAGE][PASSED] - Object: 'Object Repository/Final Object Repo/New Registration - Registration Module Pages/New Reg - OTC to RO/Special Case - All Related Objects/Query Button' is clicked on

2018-12-05 12:37:10 - [TEST_STEP][PASSED] - click: Object: 'Object Repository/Final Object Repo/New Registration - Registration Module Pages/New Reg - OTC to RO/Special Case - All Related Objects/Confirm to Query' is clicked on

2018-12-05 12:37:10 - [MESSAGE][PASSED] - Object: 'Object Repository/Final Object Repo/New Registration - Registration Module Pages/New Reg - OTC to RO/Special Case - All Related Objects/Confirm to Query' is clicked on

2018-12-05 12:37:10 - [TEST_STEP][PASSED] - delay: Delayed 5 second(s)

2018-12-05 12:37:15 - [MESSAGE][PASSED] - Delayed 5 second(s)

2018-12-05 12:37:15 - [TEST_STEP][PASSED] - callTestCase: Call Test Case 'Test Cases/Final Aug 2018 - PKS Automation/Registration Module/Log Out/log out avoiding katalon tagging' successfully

2018-12-05 12:37:15 - [TEST_CASE][PASSED] - Test Cases/Final Aug 2018 - PKS Automation/Registration Module/Log Out/log out avoiding katalon tagging: Test Cases/Final Aug 2018 - PKS Automation/Registration Module/Log Out/log out avoiding katalon tagging

2018-12-05 12:37:15 - [TEST_STEP][PASSED] - navigateToUrl: Navigate to 'https://assist2-uat.perkeso.gov.my/c/portal/logout' successfully

2018-12-05 12:37:18 - [MESSAGE][PASSED] - Navigate to 'https://assist2-uat.perkeso.gov.my/c/portal/logout' successfully

2018-12-05 12:37:18 - [MESSAGE][PASSED] - Call Test Case 'Test Cases/Final Aug 2018 - PKS Automation/Registration Module/Log Out/log out avoiding katalon tagging' successfully

2018-12-05 12:37:18 - [TEST_STEP][PASSED] - delay: Delayed 2 second(s)

2018-12-05 12:37:20 - [MESSAGE][PASSED] - Delayed 2 second(s)

2018-12-05 12:37:20 - [TEST_STEP][PASSED] - setText: Text 'klotc2@gmail.com' is set on object 'Object Repository/Final Object Repo/New Registration - Registration Module Pages/New Reg - OTC to RO/Special Case - All Related Objects/Email TextBox'

2018-12-05 12:37:20 - [MESSAGE][PASSED] - Text 'klotc2@gmail.com' is set on object 'Object Repository/Final Object Repo/New Registration - Registration Module Pages/New Reg - OTC to RO/Special Case - All Related Objects/Email TextBox'

2018-12-05 12:37:20 - [TEST_STEP][PASSED] - delay: Delayed 2 second(s)

2018-12-05 12:37:22 - [MESSAGE][PASSED] - Delayed 2 second(s)

2018-12-05 12:37:22 - [TEST_STEP][PASSED] - click: Object: 'Object Repository/Final Object Repo/Login Page/Internal User/Next Button' is clicked on

2018-12-05 12:37:22 - [MESSAGE][PASSED] - Object: 'Object Repository/Final Object Repo/Login Page/Internal User/Next Button' is clicked on

2018-12-05 12:37:22 - [TEST_STEP][PASSED] - delay: Delayed 2 second(s)

2018-12-05 12:37:24 - [MESSAGE][PASSED] - Delayed 2 second(s)

2018-12-05 12:37:24 - [TEST_STEP][PASSED] - setText: Text 'Test1@3456789' is set on object 'Object Repository/Final Object Repo/Login Page/Internal User/Password'

2018-12-05 12:37:25 - [MESSAGE][PASSED] - Text 'Test1@3456789' is set on object 'Object Repository/Final Object Repo/Login Page/Internal User/Password'

2018-12-05 12:37:25 - [TEST_STEP][PASSED] - delay: Delayed 2 second(s)

2018-12-05 12:37:27 - [MESSAGE][PASSED] - Delayed 2 second(s)

2018-12-05 12:37:27 - [TEST_STEP][PASSED] - click: Object: 'Object Repository/Final Object Repo/Login Page/Internal User/Login Button' is clicked on

2018-12-05 12:37:27 - [MESSAGE][PASSED] - Object: 'Object Repository/Final Object Repo/Login Page/Internal User/Login Button' is clicked on

2018-12-05 12:37:27 - [TEST_STEP][PASSED] - delay: Delayed 2 second(s)

2018-12-05 12:37:29 - [MESSAGE][PASSED] - Delayed 2 second(s)

2018-12-05 12:37:29 - [TEST_STEP][PASSED] - Statement - Try: null

2018-12-05 12:37:29 - [TEST_STEP][PASSED] - Statement - Checker = com.kms.katalon.core.webui.keyword.WebUiBuiltInKeywords.verifyElementNotPresent("PKS_SIP_Updated_RegModule/Attempt/Page_MyASSIST - ASSIST/Select to English", 3): null

2018-12-05 12:37:29 - [TEST_STEP][PASSED] - Statement - Catch (Exception e): null

2018-12-05 12:37:29 - [TEST_STEP][PASSED] - Statement - e.printStackTrace(): null

2018-12-05 12:37:29 - [TEST_STEP][PASSED] - delay: Delayed 4 second(s)

2018-12-05 12:37:33 - [MESSAGE][PASSED] - Delayed 4 second(s)

2018-12-05 12:37:33 - [TEST_STEP][PASSED] - click: Object: 'Object Repository/Final Object Repo/Landing Page/My Sites Drop Down' is clicked on

2018-12-05 12:37:33 - [MESSAGE][PASSED] - Object: 'Object Repository/Final Object Repo/Landing Page/My Sites Drop Down' is clicked on

2018-12-05 12:37:33 - [TEST_STEP][PASSED] - click: Object: 'Object Repository/Final Object Repo/Landing Page/Select to Registration Module' is clicked on

2018-12-05 12:37:34 - [MESSAGE][PASSED] - Object: 'Object Repository/Final Object Repo/Landing Page/Select to Registration Module' is clicked on

2018-12-05 12:37:34 - [TEST_STEP][PASSED] - delay: Delayed 2 second(s)

2018-12-05 12:37:36 - [MESSAGE][PASSED] - Delayed 2 second(s)

2018-12-05 12:37:36 - [TEST_STEP][PASSED] - mouseOver: Object: 'Object Repository/Final Object Repo/New Registration - Registration Module Pages/New Reg - OTC to RO/Special Case - All Related Objects/Hover Over Search Drop Down' is hovered

2018-12-05 12:37:36 - [MESSAGE][PASSED] - Object: 'Object Repository/Final Object Repo/New Registration - Registration Module Pages/New Reg - OTC to RO/Special Case - All Related Objects/Hover Over Search Drop Down' is hovered

2018-12-05 12:37:36 - [TEST_STEP][PASSED] - click: Object: 'Object Repository/Final Object Repo/New Registration - Registration Module Pages/New Reg - OTC to RO/Special Case - All Related Objects/Select Search Pending Case' is clicked on

2018-12-05 12:37:37 - [MESSAGE][PASSED] - Object: 'Object Repository/Final Object Repo/New Registration - Registration Module Pages/New Reg - OTC to RO/Special Case - All Related Objects/Select Search Pending Case' is clicked on

2018-12-05 12:37:37 - [TEST_STEP][PASSED] - click: Object: 'Object Repository/Final Object Repo/New Registration - Registration Module Pages/New Reg - OTC to RO/Special Case - All Related Objects/Select Searching Method (Employer Code)' is clicked on

2018-12-05 12:37:37 - [MESSAGE][PASSED] - Object: 'Object Repository/Final Object Repo/New Registration - Registration Module Pages/New Reg - OTC to RO/Special Case - All Related Objects/Select Searching Method (Employer Code)' is clicked on

2018-12-05 12:37:37 - [TEST_STEP][PASSED] - click: Object: 'Object Repository/Final Object Repo/New Registration - Registration Module Pages/New Reg - OTC to RO/Special Case - All Related Objects/Select Searching Method to Reference ID' is clicked on

2018-12-05 12:37:37 - [MESSAGE][PASSED] - Object: 'Object Repository/Final Object Repo/New Registration - Registration Module Pages/New Reg - OTC to RO/Special Case - All Related Objects/Select Searching Method to Reference ID' is clicked on

2018-12-05 12:37:37 - [TEST_STEP][PASSED] - setText: Text 'CRN12201800123006' is set on object 'Object Repository/Final Object Repo/New Registration - Registration Module Pages/New Reg - OTC to RO/Special Case - All Related Objects/Pending Case Ref NO'

2018-12-05 12:37:38 - [MESSAGE][PASSED] - Text 'CRN12201800123006' is set on object 'Object Repository/Final Object Repo/New Registration - Registration Module Pages/New Reg - OTC to RO/Special Case - All Related Objects/Pending Case Ref NO'

2018-12-05 12:37:38 - [TEST_STEP][PASSED] - click: Object: 'Object Repository/Final Object Repo/New Registration - Registration Module Pages/New Reg - OTC to RO/Special Case - All Related Objects/Search Pending Case Based on Ref No' is clicked on

2018-12-05 12:37:38 - [MESSAGE][PASSED] - Object: 'Object Repository/Final Object Repo/New Registration - Registration Module Pages/New Reg - OTC to RO/Special Case - All Related Objects/Search Pending Case Based on Ref No' is clicked on

2018-12-05 12:37:38 - [TEST_STEP][PASSED] - click: Object: 'Object Repository/Final Object Repo/New Registration - Registration Module Pages/New Reg - OTC to RO/Special Case - All Related Objects/Action Button after found case' is clicked on

2018-12-05 12:37:41 - [MESSAGE][PASSED] - Object: 'Object Repository/Final Object Repo/New Registration - Registration Module Pages/New Reg - OTC to RO/Special Case - All Related Objects/Action Button after found case' is clicked on

2018-12-05 12:37:41 - [TEST_STEP][PASSED] - click: Object: 'Object Repository/Final Object Repo/New Registration - Registration Module Pages/New Reg - OTC to RO/Special Case - All Related Objects/Next Button in Pending Case Form 1' is clicked on

2018-12-05 12:37:42 - [MESSAGE][PASSED] - Object: 'Object Repository/Final Object Repo/New Registration - Registration Module Pages/New Reg - OTC to RO/Special Case - All Related Objects/Next Button in Pending Case Form 1' is clicked on

2018-12-05 12:37:42 - [TEST_STEP][PASSED] - click: Object: 'Object Repository/Final Object Repo/New Registration - Registration Module Pages/New Reg - OTC to RO/Special Case - All Related Objects/Next Button in Pending Case Form 2' is clicked on

2018-12-05 12:37:43 - [MESSAGE][PASSED] - Object: 'Object Repository/Final Object Repo/New Registration - Registration Module Pages/New Reg - OTC to RO/Special Case - All Related Objects/Next Button in Pending Case Form 2' is clicked on

2018-12-05 12:37:43 - [TEST_STEP][PASSED] - click: Object: 'Object Repository/Final Object Repo/New Registration - Registration Module Pages/New Reg - OTC to RO/Special Case - All Related Objects/Next Button in Third Screen' is clicked on

2018-12-05 12:37:46 - [MESSAGE][PASSED] - Object: 'Object Repository/Final Object Repo/New Registration - Registration Module Pages/New Reg - OTC to RO/Special Case - All Related Objects/Next Button in Third Screen' is clicked on

2018-12-05 12:37:46 - [TEST_STEP][PASSED] - click: Object: 'Object Repository/Final Object Repo/New Registration - Registration Module Pages/New Reg - OTC to RO/Special Case - All Related Objects/Add Document for Pending Case' is clicked on

2018-12-05 12:37:46 - [MESSAGE][PASSED] - Object: 'Object Repository/Final Object Repo/New Registration - Registration Module Pages/New Reg - OTC to RO/Special Case - All Related Objects/Add Document for Pending Case' is clicked on

2018-12-05 12:37:46 - [TEST_STEP][PASSED] - click: Object: 'Object Repository/Final Object Repo/New Registration - Registration Module Pages/New Reg - OTC to RO/Special Case - All Related Objects/Upload Pending Doc - Please Select' is clicked on

2018-12-05 12:37:50 - [MESSAGE][PASSED] - Object: 'Object Repository/Final Object Repo/New Registration - Registration Module Pages/New Reg - OTC to RO/Special Case - All Related Objects/Upload Pending Doc - Please Select' is clicked on

2018-12-05 12:37:50 - [TEST_STEP][PASSED] - delay: Delayed 2 second(s)

2018-12-05 12:37:52 - [MESSAGE][PASSED] - Delayed 2 second(s)

2018-12-05 12:37:52 - [TEST_STEP][PASSED] - click: Object: 'Object Repository/Final Object Repo/New Registration - Registration Module Pages/New Reg - OTC to RO/Special Case - All Related Objects/Select to Others to Upload' is clicked on

2018-12-05 12:37:52 - [MESSAGE][PASSED] - Object: 'Object Repository/Final Object Repo/New Registration - Registration Module Pages/New Reg - OTC to RO/Special Case - All Related Objects/Select to Others to Upload' is clicked on

2018-12-05 12:37:52 - [TEST_STEP][PASSED] - delay: Delayed 2 second(s)

2018-12-05 12:37:54 - [MESSAGE][PASSED] - Delayed 2 second(s)

2018-12-05 12:37:54 - [TEST_STEP][PASSED] - uploadFile: File 'C:\Users\Public\Pictures\Sample Pictures\Koala.jpg' sent to object: 'Object Repository/Final Object Repo/New Registration - Registration Module Pages/New Reg - OTC to RO/Special Case - All Related Objects/Uploading Pending Case Action'

2018-12-05 12:37:54 - [MESSAGE][PASSED] - File 'C:\Users\Public\Pictures\Sample Pictures\Koala.jpg' sent to object: 'Object Repository/Final Object Repo/New Registration - Registration Module Pages/New Reg - OTC to RO/Special Case - All Related Objects/Uploading Pending Case Action'

2018-12-05 12:37:54 - [TEST_STEP][PASSED] - delay: Delayed 2 second(s)

2018-12-05 12:37:56 - [MESSAGE][PASSED] - Delayed 2 second(s)

2018-12-05 12:37:56 - [TEST_STEP][PASSED] - click: Object: 'Object Repository/Final Object Repo/New Registration - Registration Module Pages/New Reg - OTC to RO/Special Case - All Related Objects/Inner form Add Document Button Pending Case' is clicked on

2018-12-05 12:37:56 - [MESSAGE][PASSED] - Object: 'Object Repository/Final Object Repo/New Registration - Registration Module Pages/New Reg - OTC to RO/Special Case - All Related Objects/Inner form Add Document Button Pending Case' is clicked on

2018-12-05 12:37:56 - [TEST_STEP][PASSED] - delay: Delayed 2 second(s)

2018-12-05 12:37:58 - [MESSAGE][PASSED] - Delayed 2 second(s)

2018-12-05 12:37:58 - [TEST_STEP][PASSED] - click: Object: 'Object Repository/Final Object Repo/New Registration - Registration Module Pages/New Reg - OTC to RO/Special Case - All Related Objects/Pending Case Exit' is clicked on

2018-12-05 12:38:02 - [MESSAGE][PASSED] - Object: 'Object Repository/Final Object Repo/New Registration - Registration Module Pages/New Reg - OTC to RO/Special Case - All Related Objects/Pending Case Exit' is clicked on

2018-12-05 12:38:02 - [TEST_STEP][PASSED] - callTestCase: Call Test Case 'Test Cases/Final Aug 2018 - PKS Automation/Registration Module/Log Out/log out avoiding katalon tagging' successfully

2018-12-05 12:38:02 - [TEST_CASE][PASSED] - Test Cases/Final Aug 2018 - PKS Automation/Registration Module/Log Out/log out avoiding katalon tagging: Test Cases/Final Aug 2018 - PKS Automation/Registration Module/Log Out/log out avoiding katalon tagging

2018-12-05 12:38:02 - [TEST_STEP][PASSED] - navigateToUrl: Navigate to 'https://assist2-uat.perkeso.gov.my/c/portal/logout' successfully

2018-12-05 12:38:02 - [MESSAGE][PASSED] - Navigate to 'https://assist2-uat.perkeso.gov.my/c/portal/logout' successfully

2018-12-05 12:38:02 - [MESSAGE][PASSED] - Call Test Case 'Test Cases/Final Aug 2018 - PKS Automation/Registration Module/Log Out/log out avoiding katalon tagging' successfully

2018-12-05 12:38:02 - [TEST_STEP][PASSED] - callTestCase: Call Test Case 'Test Cases/Final Aug 2018 - PKS Automation/Common/Workflow Owner Finder' successfully

2018-12-05 12:38:03 - [TEST_CASE][PASSED] - Test Cases/Final Aug 2018 - PKS Automation/Common/Workflow Owner Finder: Test Cases/Final Aug 2018 - PKS Automation/Common/Workflow Owner Finder

2018-12-05 12:38:03 - [TEST_STEP][PASSED] - openBrowser: Browser is opened with url: ''

2018-12-05 12:38:03 - [MESSAGE][WARNING] - A browser is already opened. Closing browser and opening a new one

2018-12-05 12:38:05 - [MESSAGE][PASSED] - Browser is opened with url: ''

2018-12-05 12:38:05 - [TEST_STEP][PASSED] - navigateToUrl: Navigate to 'https://assist2-uat.perkeso.gov.my/login' successfully

2018-12-05 12:38:07 - [MESSAGE][PASSED] - Navigate to 'https://assist2-uat.perkeso.gov.my/login' successfully

2018-12-05 12:38:07 - [TEST_STEP][PASSED] - delay: Delayed 5 second(s)

2018-12-05 12:38:12 - [MESSAGE][PASSED] - Delayed 5 second(s)

2018-12-05 12:38:12 - [TEST_STEP][PASSED] - setText: Text 'test@liferay.com' is set on object 'Object Repository/Final Object Repo/Login Page/Internal User/Email Address'

2018-12-05 12:38:12 - [MESSAGE][PASSED] - Text 'test@liferay.com' is set on object 'Object Repository/Final Object Repo/Login Page/Internal User/Email Address'

2018-12-05 12:38:12 - [TEST_STEP][PASSED] - click: Object: 'Object Repository/Final Object Repo/Login Page/Internal User/Next Button' is clicked on

2018-12-05 12:38:12 - [MESSAGE][PASSED] - Object: 'Object Repository/Final Object Repo/Login Page/Internal User/Next Button' is clicked on

2018-12-05 12:38:12 - [TEST_STEP][PASSED] - delay: Delayed 2 second(s)

2018-12-05 12:38:14 - [MESSAGE][PASSED] - Delayed 2 second(s)

2018-12-05 12:38:14 - [TEST_STEP][PASSED] - setText: Text 'test' is set on object 'Object Repository/Final Object Repo/Login Page/Internal User/Password'

2018-12-05 12:38:14 - [MESSAGE][PASSED] - Text 'test' is set on object 'Object Repository/Final Object Repo/Login Page/Internal User/Password'

2018-12-05 12:38:14 - [TEST_STEP][PASSED] - delay: Delayed 2 second(s)

2018-12-05 12:38:16 - [MESSAGE][PASSED] - Delayed 2 second(s)

2018-12-05 12:38:16 - [TEST_STEP][PASSED] - click: Object: 'Object Repository/Final Object Repo/Login Page/Internal User/Login Button' is clicked on

2018-12-05 12:38:16 - [MESSAGE][PASSED] - Object: 'Object Repository/Final Object Repo/Login Page/Internal User/Login Button' is clicked on

2018-12-05 12:38:16 - [TEST_STEP][PASSED] - Statement - tester = com.kms.katalon.core.testobject.ObjectRepository.findTestObject(Final Object Repo/Landing Page/Select to English): Finding Test Object with id 'Object Repository/Final Object Repo/Landing Page/Select to English'

2018-12-05 12:38:16 - [TEST_STEP][PASSED] - Statement - Try: Delayed 2 second(s)

2018-12-05 12:38:16 - [TEST_STEP][PASSED] - Statement - Checker = com.kms.katalon.core.webui.keyword.WebUiBuiltInKeywords.verifyElementNotPresent(tester, 3): Web element with id: 'Object Repository/Final Object Repo/Landing Page/Select to English' located by 'By.xpath: //a[@class = 'taglib-language-list-text' and @lang = 'en-US' and (contains(text(), 'EN') or contains(., 'EN'))]' is not present after '3' second(s)

2018-12-05 12:38:18 - [MESSAGE][PASSED] - Web element with id: 'Object Repository/Final Object Repo/Landing Page/Select to English' located by 'By.xpath: //a[@class = 'taglib-language-list-text' and @lang = 'en-US' and (contains(text(), 'EN') or contains(., 'EN'))]' is not present after '3' second(s)

2018-12-05 12:38:18 - [TEST_STEP][PASSED] - Statement - If (Checker == false): null

2018-12-05 12:38:18 - [TEST_STEP][PASSED] - delay: Delayed 2 second(s)

2018-12-05 12:38:20 - [MESSAGE][PASSED] - Delayed 2 second(s)

2018-12-05 12:38:20 - [TEST_STEP][PASSED] - delay: Delayed 5 second(s)

2018-12-05 12:38:25 - [MESSAGE][PASSED] - Delayed 5 second(s)

2018-12-05 12:38:25 - [TEST_STEP][PASSED] - mouseOver: Object: 'Object Repository/Final Object Repo/Landing Page/WorkFlow Menu' is hovered

2018-12-05 12:38:25 - [MESSAGE][PASSED] - Object: 'Object Repository/Final Object Repo/Landing Page/WorkFlow Menu' is hovered

2018-12-05 12:38:25 - [TEST_STEP][PASSED] - delay: Delayed 2 second(s)

2018-12-05 12:38:27 - [MESSAGE][PASSED] - Delayed 2 second(s)

2018-12-05 12:38:27 - [TEST_STEP][PASSED] - click: Object: 'Object Repository/Final Object Repo/Landing Page/Select to Workflow Listing' is clicked on

2018-12-05 12:38:29 - [MESSAGE][PASSED] - Object: 'Object Repository/Final Object Repo/Landing Page/Select to Workflow Listing' is clicked on

2018-12-05 12:38:29 - [TEST_STEP][PASSED] - delay: Delayed 2 second(s)

2018-12-05 12:38:31 - [MESSAGE][PASSED] - Delayed 2 second(s)

2018-12-05 12:38:31 - [TEST_STEP][PASSED] - click: Object: 'Object Repository/Final Object Repo/WorkFlow Listing Page/Search Information - To Put Ref No' is clicked on

2018-12-05 12:38:31 - [MESSAGE][PASSED] - Object: 'Object Repository/Final Object Repo/WorkFlow Listing Page/Search Information - To Put Ref No' is clicked on

2018-12-05 12:38:31 - [TEST_STEP][PASSED] - delay: Delayed 2 second(s)

2018-12-05 12:38:33 - [MESSAGE][PASSED] - Delayed 2 second(s)

2018-12-05 12:38:33 - [TEST_STEP][PASSED] - callTestCase: Call Test Case 'Test Cases/Final Aug 2018 - PKS Automation/Common/Reference Number Getter' successfully

2018-12-05 12:38:33 - [TEST_CASE][PASSED] - Test Cases/Final Aug 2018 - PKS Automation/Common/Reference Number Getter: Test Cases/Final Aug 2018 - PKS Automation/Common/Reference Number Getter

2018-12-05 12:38:33 - [TEST_STEP][PASSED] - Statement - Try: null

2018-12-05 12:38:33 - [TEST_STEP][PASSED] - Statement - RefNo = new java.io.File(C://Users//Admin//Desktop//PKS//Automation Reference Point//KatalonReference.txt): null

2018-12-05 12:38:33 - [TEST_STEP][PASSED] - Statement - bufferread = new java.io.BufferedReader(new java.io.FileReader(RefNo)): null

2018-12-05 12:38:33 - [TEST_STEP][PASSED] - Statement - readedVal = bufferread.readLine(): null

2018-12-05 12:38:33 - [TEST_STEP][PASSED] - Statement - out.println(CaseReferenceNo): null

2018-12-05 12:38:33 - [TEST_STEP][PASSED] - Statement - out.println(readedVal): null

2018-12-05 12:38:33 - [TEST_STEP][PASSED] - Statement - CaseReferenceNo = "": null

2018-12-05 12:38:33 - [TEST_STEP][PASSED] - Statement - CaseReferenceNo = readedVal: null

2018-12-05 12:38:33 - [MESSAGE][PASSED] - Call Test Case 'Test Cases/Final Aug 2018 - PKS Automation/Common/Reference Number Getter' successfully

2018-12-05 12:38:33 - [TEST_STEP][PASSED] - setText: Text 'CRN12201800123006' is set on object 'Object Repository/Final Object Repo/WorkFlow Listing Page/Ref No Set Text'

2018-12-05 12:38:33 - [MESSAGE][PASSED] - Text 'CRN12201800123006' is set on object 'Object Repository/Final Object Repo/WorkFlow Listing Page/Ref No Set Text'

2018-12-05 12:38:33 - [TEST_STEP][PASSED] - delay: Delayed 2 second(s)

2018-12-05 12:38:35 - [MESSAGE][PASSED] - Delayed 2 second(s)

2018-12-05 12:38:35 - [TEST_STEP][PASSED] - click: Object: 'Object Repository/Final Object Repo/WorkFlow Listing Page/Search Ref No Search Button' is clicked on

2018-12-05 12:38:35 - [MESSAGE][PASSED] - Object: 'Object Repository/Final Object Repo/WorkFlow Listing Page/Search Ref No Search Button' is clicked on

2018-12-05 12:38:35 - [TEST_STEP][PASSED] - delay: Delayed 6 second(s)

2018-12-05 12:38:41 - [MESSAGE][PASSED] - Delayed 6 second(s)

2018-12-05 12:38:41 - [TEST_STEP][PASSED] - click: Object: 'Object Repository/Final Object Repo/WorkFlow Listing Page/Click Continue Tooltip' is clicked on

2018-12-05 12:38:42 - [MESSAGE][PASSED] - Object: 'Object Repository/Final Object Repo/WorkFlow Listing Page/Click Continue Tooltip' is clicked on

2018-12-05 12:38:42 - [TEST_STEP][PASSED] - delay: Delayed 5 second(s)

2018-12-05 12:38:47 - [MESSAGE][PASSED] - Delayed 5 second(s)

2018-12-05 12:38:47 - [TEST_STEP][PASSED] - doubleClick: Object: 'Object Repository/Final Object Repo/WorkFlow Listing Page/Workflow Found - Listing 1' is double clicked on

2018-12-05 12:38:48 - [MESSAGE][PASSED] - Object: 'Object Repository/Final Object Repo/WorkFlow Listing Page/Workflow Found - Listing 1' is double clicked on

2018-12-05 12:38:48 - [TEST_STEP][PASSED] - Statement - println(OwnerID): null

2018-12-05 12:38:48 - [TEST_STEP][PASSED] - Statement - OwnerID = com.kms.katalon.core.webui.keyword.WebUiBuiltInKeywords.getText(com.kms.katalon.core.testobject.ObjectRepository.findTestObject(Final Object Repo/WorkFlow Listing Page/Workflow Found - Listing 1), STOP_ON_FAILURE): Text of object 'Object Repository/Final Object Repo/WorkFlow Listing Page/Workflow Found - Listing 1' is: 'JOHORro3'

2018-12-05 12:38:48 - [MESSAGE][PASSED] - Text of object 'Object Repository/Final Object Repo/WorkFlow Listing Page/Workflow Found - Listing 1' is: 'JOHORro3'

2018-12-05 12:38:48 - [TEST_STEP][PASSED] - Statement - OwnerID = OwnerID.toLowerCase() + "@gmail.com": null

2018-12-05 12:38:48 - [TEST_STEP][PASSED] - Statement - println(OwnerID): null

2018-12-05 12:38:48 - [TEST_STEP][PASSED] - delay: Delayed 2 second(s)

2018-12-05 12:38:50 - [MESSAGE][PASSED] - Delayed 2 second(s)

2018-12-05 12:38:50 - [MESSAGE][PASSED] - Call Test Case 'Test Cases/Final Aug 2018 - PKS Automation/Common/Workflow Owner Finder' successfully

2018-12-05 12:38:50 - [TEST_STEP][PASSED] - callTestCase: Call Test Case 'Test Cases/Final Aug 2018 - PKS Automation/Registration Module/Log Out/log out avoiding katalon tagging' successfully

2018-12-05 12:38:50 - [TEST_CASE][PASSED] - Test Cases/Final Aug 2018 - PKS Automation/Registration Module/Log Out/log out avoiding katalon tagging: Test Cases/Final Aug 2018 - PKS Automation/Registration Module/Log Out/log out avoiding katalon tagging

2018-12-05 12:38:50 - [TEST_STEP][PASSED] - navigateToUrl: Navigate to 'https://assist2-uat.perkeso.gov.my/c/portal/logout' successfully

2018-12-05 12:38:50 - [MESSAGE][PASSED] - Navigate to 'https://assist2-uat.perkeso.gov.my/c/portal/logout' successfully

2018-12-05 12:38:50 - [MESSAGE][PASSED] - Call Test Case 'Test Cases/Final Aug 2018 - PKS Automation/Registration Module/Log Out/log out avoiding katalon tagging' successfully

2018-12-05 12:38:50 - [TEST_STEP][PASSED] - delay: Delayed 2 second(s)

2018-12-05 12:38:52 - [MESSAGE][PASSED] - Delayed 2 second(s)

2018-12-05 12:38:52 - [TEST_STEP][PASSED] - setText: Text 'johorro3@gmail.com' is set on object 'Object Repository/Final Object Repo/Login Page/Internal User/Email Address'

2018-12-05 12:38:53 - [MESSAGE][PASSED] - Text 'johorro3@gmail.com' is set on object 'Object Repository/Final Object Repo/Login Page/Internal User/Email Address'

2018-12-05 12:38:53 - [TEST_STEP][PASSED] - click: Object: 'Object Repository/Final Object Repo/Login Page/Internal User/Next Button' is clicked on

2018-12-05 12:38:53 - [MESSAGE][PASSED] - Object: 'Object Repository/Final Object Repo/Login Page/Internal User/Next Button' is clicked on

2018-12-05 12:38:53 - [TEST_STEP][PASSED] - delay: Delayed 2 second(s)

2018-12-05 12:38:55 - [MESSAGE][PASSED] - Delayed 2 second(s)

2018-12-05 12:38:55 - [TEST_STEP][PASSED] - setText: Text 'Test1@3456789' is set on object 'Object Repository/Final Object Repo/Login Page/Internal User/Password'

2018-12-05 12:38:55 - [MESSAGE][PASSED] - Text 'Test1@3456789' is set on object 'Object Repository/Final Object Repo/Login Page/Internal User/Password'

2018-12-05 12:38:55 - [TEST_STEP][PASSED] - delay: Delayed 2 second(s)

2018-12-05 12:38:57 - [MESSAGE][PASSED] - Delayed 2 second(s)

2018-12-05 12:38:57 - [TEST_STEP][PASSED] - click: Object: 'Object Repository/Final Object Repo/Login Page/Internal User/Login Button' is clicked on

2018-12-05 12:38:58 - [MESSAGE][PASSED] - Object: 'Object Repository/Final Object Repo/Login Page/Internal User/Login Button' is clicked on

2018-12-05 12:38:58 - [TEST_STEP][PASSED] - delay: Delayed 2 second(s)

2018-12-05 12:39:00 - [MESSAGE][PASSED] - Delayed 2 second(s)

2018-12-05 12:39:00 - [TEST_STEP][PASSED] - Statement - Try: null

2018-12-05 12:39:00 - [TEST_STEP][PASSED] - Statement - Checker = com.kms.katalon.core.webui.keyword.WebUiBuiltInKeywords.verifyElementNotPresent("Final Object Repo/Landing Page/Select to English", 3): null

2018-12-05 12:39:00 - [TEST_STEP][PASSED] - Statement - Catch (Exception e): null

2018-12-05 12:39:00 - [TEST_STEP][PASSED] - Statement - e.printStackTrace(): null

2018-12-05 12:39:00 - [TEST_STEP][PASSED] - click: Object: 'Object Repository/Final Object Repo/New Registration - Registration Module Pages/New Reg - OTC to RO/Special Case - All Related Objects/Expand to Search' is clicked on

2018-12-05 12:39:04 - [MESSAGE][PASSED] - Object: 'Object Repository/Final Object Repo/New Registration - Registration Module Pages/New Reg - OTC to RO/Special Case - All Related Objects/Expand to Search' is clicked on

2018-12-05 12:39:04 - [TEST_STEP][PASSED] - delay: Delayed 2 second(s)

2018-12-05 12:39:06 - [MESSAGE][PASSED] - Delayed 2 second(s)

2018-12-05 12:39:06 - [TEST_STEP][PASSED] - callTestCase: Call Test Case 'Test Cases/Final Aug 2018 - PKS Automation/Common/Reference Number Getter' successfully

2018-12-05 12:39:06 - [TEST_CASE][PASSED] - Test Cases/Final Aug 2018 - PKS Automation/Common/Reference Number Getter: Test Cases/Final Aug 2018 - PKS Automation/Common/Reference Number Getter

2018-12-05 12:39:06 - [TEST_STEP][PASSED] - Statement - Try: null

2018-12-05 12:39:06 - [TEST_STEP][PASSED] - Statement - RefNo = new java.io.File(C://Users//Admin//Desktop//PKS//Automation Reference Point//KatalonReference.txt): null

2018-12-05 12:39:06 - [TEST_STEP][PASSED] - Statement - bufferread = new java.io.BufferedReader(new java.io.FileReader(RefNo)): null

2018-12-05 12:39:06 - [TEST_STEP][PASSED] - Statement - readedVal = bufferread.readLine(): null

2018-12-05 12:39:06 - [TEST_STEP][PASSED] - Statement - out.println(CaseReferenceNo): null

2018-12-05 12:39:06 - [TEST_STEP][PASSED] - Statement - out.println(readedVal): null

2018-12-05 12:39:06 - [TEST_STEP][PASSED] - Statement - CaseReferenceNo = "": null

2018-12-05 12:39:06 - [TEST_STEP][PASSED] - Statement - CaseReferenceNo = readedVal: null

2018-12-05 12:39:06 - [MESSAGE][PASSED] - Call Test Case 'Test Cases/Final Aug 2018 - PKS Automation/Common/Reference Number Getter' successfully

2018-12-05 12:39:06 - [TEST_STEP][PASSED] - setText: Text 'CRN12201800123006' is set on object 'Object Repository/Final Object Repo/New Registration - Registration Module Pages/New Reg - OTC to RO/Special Case - All Related Objects/TextBox RefNo in Workbasket'

2018-12-05 12:39:07 - [MESSAGE][PASSED] - Text 'CRN12201800123006' is set on object 'Object Repository/Final Object Repo/New Registration - Registration Module Pages/New Reg - OTC to RO/Special Case - All Related Objects/TextBox RefNo in Workbasket'

2018-12-05 12:39:07 - [TEST_STEP][PASSED] - delay: Delayed 2 second(s)

2018-12-05 12:39:09 - [MESSAGE][PASSED] - Delayed 2 second(s)

2018-12-05 12:39:09 - [TEST_STEP][PASSED] - click: Object: 'Object Repository/Final Object Repo/New Registration - Registration Module Pages/New Reg - OTC to RO/Special Case - All Related Objects/Click Search' is clicked on

2018-12-05 12:39:09 - [MESSAGE][PASSED] - Object: 'Object Repository/Final Object Repo/New Registration - Registration Module Pages/New Reg - OTC to RO/Special Case - All Related Objects/Click Search' is clicked on

2018-12-05 12:39:09 - [TEST_STEP][PASSED] - delay: Delayed 2 second(s)

2018-12-05 12:39:11 - [MESSAGE][PASSED] - Delayed 2 second(s)

2018-12-05 12:39:11 - [TEST_STEP][PASSED] - click: Object: 'Object Repository/Final Object Repo/New Registration - Registration Module Pages/New Reg - OTC to RO/Special Case - All Related Objects/Click to Continue Workflow' is clicked on

2018-12-05 12:39:15 - [MESSAGE][PASSED] - Object: 'Object Repository/Final Object Repo/New Registration - Registration Module Pages/New Reg - OTC to RO/Special Case - All Related Objects/Click to Continue Workflow' is clicked on

2018-12-05 12:39:15 - [TEST_STEP][PASSED] - delay: Delayed 2 second(s)

2018-12-05 12:39:17 - [MESSAGE][PASSED] - Delayed 2 second(s)

2018-12-05 12:39:17 - [TEST_STEP][PASSED] - click: Object: 'Object Repository/Final Object Repo/New Registration - Registration Module Pages/New Reg - OTC to RO/Special Case - All Related Objects/Continue Button in verifying case' is clicked on

2018-12-05 12:39:21 - [MESSAGE][PASSED] - Object: 'Object Repository/Final Object Repo/New Registration - Registration Module Pages/New Reg - OTC to RO/Special Case - All Related Objects/Continue Button in verifying case' is clicked on

2018-12-05 12:39:21 - [TEST_STEP][PASSED] - delay: Delayed 2 second(s)

2018-12-05 12:39:23 - [MESSAGE][PASSED] - Delayed 2 second(s)

2018-12-05 12:39:23 - [TEST_STEP][PASSED] - click: Object: 'Object Repository/Final Object Repo/New Registration - Registration Module Pages/Form 1/Registered As a Branch - Yes' is clicked on

2018-12-05 12:39:23 - [MESSAGE][PASSED] - Object: 'Object Repository/Final Object Repo/New Registration - Registration Module Pages/Form 1/Registered As a Branch - Yes' is clicked on

2018-12-05 12:39:23 - [TEST_STEP][PASSED] - delay: Delayed 2 second(s)

2018-12-05 12:39:25 - [MESSAGE][PASSED] - Delayed 2 second(s)

2018-12-05 12:39:25 - [TEST_STEP][PASSED] - click: Object: 'Object Repository/Final Object Repo/New Registration - Registration Module Pages/New Reg - OTC to RO/Special Case - All Related Objects/Form 1 Save n Continue' is clicked on

2018-12-05 12:39:25 - [MESSAGE][PASSED] - Object: 'Object Repository/Final Object Repo/New Registration - Registration Module Pages/New Reg - OTC to RO/Special Case - All Related Objects/Form 1 Save n Continue' is clicked on

2018-12-05 12:39:25 - [TEST_STEP][PASSED] - delay: Delayed 2 second(s)

2018-12-05 12:39:27 - [MESSAGE][PASSED] - Delayed 2 second(s)

2018-12-05 12:39:27 - [TEST_STEP][PASSED] - click: Object: 'Object Repository/Final Object Repo/New Registration - Registration Module Pages/New Reg - OTC to RO/Special Case - All Related Objects/Form 2 Save n Continue' is clicked on

2018-12-05 12:39:29 - [MESSAGE][PASSED] - Object: 'Object Repository/Final Object Repo/New Registration - Registration Module Pages/New Reg - OTC to RO/Special Case - All Related Objects/Form 2 Save n Continue' is clicked on

2018-12-05 12:39:29 - [TEST_STEP][PASSED] - delay: Delayed 2 second(s)

2018-12-05 12:39:31 - [MESSAGE][PASSED] - Delayed 2 second(s)

2018-12-05 12:39:31 - [TEST_STEP][PASSED] - click: Object: 'Object Repository/Final Object Repo/New Registration - Registration Module Pages/New Reg - OTC to RO/Special Case - All Related Objects/Third Screen Save n Continue' is clicked on

2018-12-05 12:39:36 - [MESSAGE][PASSED] - Object: 'Object Repository/Final Object Repo/New Registration - Registration Module Pages/New Reg - OTC to RO/Special Case - All Related Objects/Third Screen Save n Continue' is clicked on

2018-12-05 12:39:36 - [TEST_STEP][PASSED] - delay: Delayed 5 second(s)

2018-12-05 12:39:41 - [MESSAGE][PASSED] - Delayed 5 second(s)

2018-12-05 12:39:41 - [TEST_STEP][PASSED] - click: Object: 'Object Repository/Final Object Repo/New Registration - Registration Module Pages/New Reg - OTC to RO/Special Case - All Related Objects/Upload Doc Page Save n Continue' is clicked on

2018-12-05 12:39:41 - [MESSAGE][PASSED] - Object: 'Object Repository/Final Object Repo/New Registration - Registration Module Pages/New Reg - OTC to RO/Special Case - All Related Objects/Upload Doc Page Save n Continue' is clicked on

2018-12-05 12:39:41 - [TEST_STEP][PASSED] - callTestCase: Call Test Case 'Test Cases/Final Aug 2018 - PKS Automation/Registration Module/New Registration/Submit and Screenshot/Submit Registration and Screenshot' successfully

2018-12-05 12:39:42 - [TEST_CASE][PASSED] - Test Cases/Final Aug 2018 - PKS Automation/Registration Module/New Registration/Submit and Screenshot/Submit Registration and Screenshot: Test Cases/Final Aug 2018 - PKS Automation/Registration Module/New Registration/Submit and Screenshot/Submit Registration and Screenshot

2018-12-05 12:39:42 - [TEST_STEP][PASSED] - delay: Delayed 6 second(s)

2018-12-05 12:39:48 - [MESSAGE][PASSED] - Delayed 6 second(s)

2018-12-05 12:39:48 - [TEST_STEP][PASSED] - click: Object: 'Object Repository/Final Object Repo/New Registration - Registration Module Pages/Third Screen - Upload Supporting Doc- Preview/Preview Submit Button' is clicked on

2018-12-05 12:39:48 - [MESSAGE][PASSED] - Object: 'Object Repository/Final Object Repo/New Registration - Registration Module Pages/Third Screen - Upload Supporting Doc- Preview/Preview Submit Button' is clicked on

2018-12-05 12:39:48 - [TEST_STEP][PASSED] - delay: Delayed 2 second(s)

2018-12-05 12:39:50 - [MESSAGE][PASSED] - Delayed 2 second(s)

2018-12-05 12:39:50 - [TEST_STEP][PASSED] - click: Object: 'Object Repository/Final Object Repo/New Registration - Registration Module Pages/Third Screen - Upload Supporting Doc- Preview/Preview Submit - Confirm' is clicked on

2018-12-05 12:39:50 - [MESSAGE][PASSED] - Object: 'Object Repository/Final Object Repo/New Registration - Registration Module Pages/Third Screen - Upload Supporting Doc- Preview/Preview Submit - Confirm' is clicked on

2018-12-05 12:39:50 - [TEST_STEP][PASSED] - delay: Delayed 15 second(s)

2018-12-05 12:40:05 - [MESSAGE][PASSED] - Delayed 15 second(s)

2018-12-05 12:40:05 - [TEST_STEP][PASSED] - Statement - driver = com.kms.katalon.core.webui.driver.DriverFactory.getWebDriver(): null

2018-12-05 12:40:05 - [TEST_STEP][PASSED] - Statement - driver.manage().timeouts().implicitlyWait(10, SECONDS): null

2018-12-05 12:40:05 - [TEST_STEP][PASSED] - Statement - PresavePath = KatalonScreenshots: null

2018-12-05 12:40:05 - [TEST_STEP][PASSED] - Statement - pathPrefix = "C:\Users\Public\Pictures\Sample Pictures\Katalon Screenshots\Automate Ending Screen": null

2018-12-05 12:40:05 - [TEST_STEP][PASSED] - Statement - finalPath = <not implemented yet for class: org.codehaus.groovy.ast.expr.EmptyExpression>: null

2018-12-05 12:40:05 - [TEST_STEP][PASSED] - Statement - scrFile = driver.getScreenshotAs(FILE): null

2018-12-05 12:40:05 - [TEST_STEP][PASSED] - Statement - PreSaveFile = new java.io.File(PresavePath): null

2018-12-05 12:40:05 - [TEST_STEP][PASSED] - Statement - counter = 0: null

2018-12-05 12:40:05 - [TEST_STEP][PASSED] - Statement - If (PreSaveFile.exists()): null

2018-12-05 12:40:05 - [TEST_STEP][PASSED] - Statement - While (PreSaveFile.exists()): null

2018-12-05 12:40:05 - [TEST_STEP][PASSED] - Statement - counter = counter + 1: null

2018-12-05 12:40:05 - [TEST_STEP][PASSED] - Statement - PreSaveFile = new java.io.File(((pathPrefix + java.lang.Integer.toString(counter)) + .png)): null

2018-12-05 12:40:05 - [TEST_STEP][PASSED] - Statement - counter = counter + 1: null

2018-12-05 12:40:05 - [TEST_STEP][PASSED] - Statement - PreSaveFile = new java.io.File(((pathPrefix + java.lang.Integer.toString(counter)) + .png)): null

2018-12-05 12:40:05 - [TEST_STEP][PASSED] - Statement - counter = counter + 1: null

2018-12-05 12:40:05 - [TEST_STEP][PASSED] - Statement - PreSaveFile = new java.io.File(((pathPrefix + java.lang.Integer.toString(counter)) + .png)): null

2018-12-05 12:40:05 - [TEST_STEP][PASSED] - Statement - counter = counter + 1: null

2018-12-05 12:40:05 - [TEST_STEP][PASSED] - Statement - PreSaveFile = new java.io.File(((pathPrefix + java.lang.Integer.toString(counter)) + .png)): null

2018-12-05 12:40:05 - [TEST_STEP][PASSED] - Statement - counter = counter + 1: null

2018-12-05 12:40:05 - [TEST_STEP][PASSED] - Statement - PreSaveFile = new java.io.File(((pathPrefix + java.lang.Integer.toString(counter)) + .png)): null

2018-12-05 12:40:05 - [TEST_STEP][PASSED] - Statement - counter = counter + 1: null

2018-12-05 12:40:05 - [TEST_STEP][PASSED] - Statement - PreSaveFile = new java.io.File(((pathPrefix + java.lang.Integer.toString(counter)) + .png)): null

2018-12-05 12:40:05 - [TEST_STEP][PASSED] - Statement - counter = counter + 1: null

2018-12-05 12:40:05 - [TEST_STEP][PASSED] - Statement - PreSaveFile = new java.io.File(((pathPrefix + java.lang.Integer.toString(counter)) + .png)): null

2018-12-05 12:40:05 - [TEST_STEP][PASSED] - Statement - counter = counter + 1: null

2018-12-05 12:40:05 - [TEST_STEP][PASSED] - Statement - PreSaveFile = new java.io.File(((pathPrefix + java.lang.Integer.toString(counter)) + .png)): null

2018-12-05 12:40:05 - [TEST_STEP][PASSED] - Statement - counter = counter + 1: null

2018-12-05 12:40:05 - [TEST_STEP][PASSED] - Statement - PreSaveFile = new java.io.File(((pathPrefix + java.lang.Integer.toString(counter)) + .png)): null

2018-12-05 12:40:05 - [TEST_STEP][PASSED] - Statement - counter = counter + 1: null

2018-12-05 12:40:05 - [TEST_STEP][PASSED] - Statement - PreSaveFile = new java.io.File(((pathPrefix + java.lang.Integer.toString(counter)) + .png)): null

2018-12-05 12:40:05 - [TEST_STEP][PASSED] - Statement - counter = counter + 1: null

2018-12-05 12:40:05 - [TEST_STEP][PASSED] - Statement - PreSaveFile = new java.io.File(((pathPrefix + java.lang.Integer.toString(counter)) + .png)): null

2018-12-05 12:40:05 - [TEST_STEP][PASSED] - Statement - counter = counter + 1: null

2018-12-05 12:40:05 - [TEST_STEP][PASSED] - Statement - PreSaveFile = new java.io.File(((pathPrefix + java.lang.Integer.toString(counter)) + .png)): null

2018-12-05 12:40:05 - [TEST_STEP][PASSED] - Statement - counter = counter + 1: null

2018-12-05 12:40:05 - [TEST_STEP][PASSED] - Statement - PreSaveFile = new java.io.File(((pathPrefix + java.lang.Integer.toString(counter)) + .png)): null

2018-12-05 12:40:05 - [TEST_STEP][PASSED] - Statement - counter = counter + 1: null

2018-12-05 12:40:05 - [TEST_STEP][PASSED] - Statement - PreSaveFile = new java.io.File(((pathPrefix + java.lang.Integer.toString(counter)) + .png)): null

2018-12-05 12:40:05 - [TEST_STEP][PASSED] - Statement - counter = counter + 1: null

2018-12-05 12:40:05 - [TEST_STEP][PASSED] - Statement - PreSaveFile = new java.io.File(((pathPrefix + java.lang.Integer.toString(counter)) + .png)): null

2018-12-05 12:40:05 - [TEST_STEP][PASSED] - Statement - counter = counter + 1: null

2018-12-05 12:40:05 - [TEST_STEP][PASSED] - Statement - PreSaveFile = new java.io.File(((pathPrefix + java.lang.Integer.toString(counter)) + .png)): null

2018-12-05 12:40:06 - [TEST_STEP][PASSED] - Statement - counter = counter + 1: null

2018-12-05 12:40:06 - [TEST_STEP][PASSED] - Statement - PreSaveFile = new java.io.File(((pathPrefix + java.lang.Integer.toString(counter)) + .png)): null

2018-12-05 12:40:06 - [TEST_STEP][PASSED] - Statement - counter = counter + 1: null

2018-12-05 12:40:06 - [TEST_STEP][PASSED] - Statement - PreSaveFile = new java.io.File(((pathPrefix + java.lang.Integer.toString(counter)) + .png)): null

2018-12-05 12:40:06 - [TEST_STEP][PASSED] - Statement - counter = counter + 1: null

2018-12-05 12:40:06 - [TEST_STEP][PASSED] - Statement - PreSaveFile = new java.io.File(((pathPrefix + java.lang.Integer.toString(counter)) + .png)): null

2018-12-05 12:40:06 - [TEST_STEP][PASSED] - Statement - counter = counter + 1: null

2018-12-05 12:40:06 - [TEST_STEP][PASSED] - Statement - PreSaveFile = new java.io.File(((pathPrefix + java.lang.Integer.toString(counter)) + .png)): null

2018-12-05 12:40:06 - [TEST_STEP][PASSED] - Statement - counter = counter + 1: null

2018-12-05 12:40:06 - [TEST_STEP][PASSED] - Statement - PreSaveFile = new java.io.File(((pathPrefix + java.lang.Integer.toString(counter)) + .png)): null

2018-12-05 12:40:06 - [TEST_STEP][PASSED] - Statement - counter = counter + 1: null

2018-12-05 12:40:06 - [TEST_STEP][PASSED] - Statement - PreSaveFile = new java.io.File(((pathPrefix + java.lang.Integer.toString(counter)) + .png)): null

2018-12-05 12:40:06 - [TEST_STEP][PASSED] - Statement - counter = counter + 1: null

2018-12-05 12:40:06 - [TEST_STEP][PASSED] - Statement - PreSaveFile = new java.io.File(((pathPrefix + java.lang.Integer.toString(counter)) + .png)): null

2018-12-05 12:40:06 - [TEST_STEP][PASSED] - Statement - counter = counter + 1: null

2018-12-05 12:40:06 - [TEST_STEP][PASSED] - Statement - PreSaveFile = new java.io.File(((pathPrefix + java.lang.Integer.toString(counter)) + .png)): null

2018-12-05 12:40:06 - [TEST_STEP][PASSED] - Statement - counter = counter + 1: null

2018-12-05 12:40:06 - [TEST_STEP][PASSED] - Statement - PreSaveFile = new java.io.File(((pathPrefix + java.lang.Integer.toString(counter)) + .png)): null

2018-12-05 12:40:06 - [TEST_STEP][PASSED] - Statement - counter = counter + 1: null

2018-12-05 12:40:06 - [TEST_STEP][PASSED] - Statement - PreSaveFile = new java.io.File(((pathPrefix + java.lang.Integer.toString(counter)) + .png)): null

2018-12-05 12:40:06 - [TEST_STEP][PASSED] - Statement - counter = counter + 1: null

2018-12-05 12:40:06 - [TEST_STEP][PASSED] - Statement - PreSaveFile = new java.io.File(((pathPrefix + java.lang.Integer.toString(counter)) + .png)): null

2018-12-05 12:40:06 - [TEST_STEP][PASSED] - Statement - counter = counter + 1: null

2018-12-05 12:40:06 - [TEST_STEP][PASSED] - Statement - PreSaveFile = new java.io.File(((pathPrefix + java.lang.Integer.toString(counter)) + .png)): null

2018-12-05 12:40:06 - [TEST_STEP][PASSED] - Statement - counter = counter + 1: null

2018-12-05 12:40:06 - [TEST_STEP][PASSED] - Statement - PreSaveFile = new java.io.File(((pathPrefix + java.lang.Integer.toString(counter)) + .png)): null

2018-12-05 12:40:06 - [TEST_STEP][PASSED] - Statement - counter = counter + 1: null

2018-12-05 12:40:06 - [TEST_STEP][PASSED] - Statement - PreSaveFile = new java.io.File(((pathPrefix + java.lang.Integer.toString(counter)) + .png)): null

2018-12-05 12:40:06 - [TEST_STEP][PASSED] - Statement - counter = counter + 1: null

2018-12-05 12:40:06 - [TEST_STEP][PASSED] - Statement - PreSaveFile = new java.io.File(((pathPrefix + java.lang.Integer.toString(counter)) + .png)): null

2018-12-05 12:40:06 - [TEST_STEP][PASSED] - Statement - counter = counter + 1: null

2018-12-05 12:40:06 - [TEST_STEP][PASSED] - Statement - PreSaveFile = new java.io.File(((pathPrefix + java.lang.Integer.toString(counter)) + .png)): null

2018-12-05 12:40:06 - [TEST_STEP][PASSED] - Statement - counter = counter + 1: null

2018-12-05 12:40:06 - [TEST_STEP][PASSED] - Statement - PreSaveFile = new java.io.File(((pathPrefix + java.lang.Integer.toString(counter)) + .png)): null

2018-12-05 12:40:06 - [TEST_STEP][PASSED] - Statement - counter = counter + 1: null

2018-12-05 12:40:06 - [TEST_STEP][PASSED] - Statement - PreSaveFile = new java.io.File(((pathPrefix + java.lang.Integer.toString(counter)) + .png)): null

2018-12-05 12:40:06 - [TEST_STEP][PASSED] - Statement - counter = counter + 1: null

2018-12-05 12:40:06 - [TEST_STEP][PASSED] - Statement - PreSaveFile = new java.io.File(((pathPrefix + java.lang.Integer.toString(counter)) + .png)): null

2018-12-05 12:40:06 - [TEST_STEP][PASSED] - Statement - counter = counter + 1: null

2018-12-05 12:40:06 - [TEST_STEP][PASSED] - Statement - PreSaveFile = new java.io.File(((pathPrefix + java.lang.Integer.toString(counter)) + .png)): null

2018-12-05 12:40:06 - [TEST_STEP][PASSED] - Statement - counter = counter + 1: null

2018-12-05 12:40:06 - [TEST_STEP][PASSED] - Statement - PreSaveFile = new java.io.File(((pathPrefix + java.lang.Integer.toString(counter)) + .png)): null

2018-12-05 12:40:06 - [TEST_STEP][PASSED] - Statement - counter = counter + 1: null

2018-12-05 12:40:07 - [TEST_STEP][PASSED] - Statement - PreSaveFile = new java.io.File(((pathPrefix + java.lang.Integer.toString(counter)) + .png)): null

2018-12-05 12:40:07 - [TEST_STEP][PASSED] - Statement - counter = counter + 1: null

2018-12-05 12:40:07 - [TEST_STEP][PASSED] - Statement - PreSaveFile = new java.io.File(((pathPrefix + java.lang.Integer.toString(counter)) + .png)): null

2018-12-05 12:40:07 - [TEST_STEP][PASSED] - Statement - counter = counter + 1: null

2018-12-05 12:40:07 - [TEST_STEP][PASSED] - Statement - PreSaveFile = new java.io.File(((pathPrefix + java.lang.Integer.toString(counter)) + .png)): null

2018-12-05 12:40:07 - [TEST_STEP][PASSED] - Statement - counter = counter + 1: null

2018-12-05 12:40:07 - [TEST_STEP][PASSED] - Statement - PreSaveFile = new java.io.File(((pathPrefix + java.lang.Integer.toString(counter)) + .png)): null

2018-12-05 12:40:07 - [TEST_STEP][PASSED] - Statement - counter = counter + 1: null

2018-12-05 12:40:07 - [TEST_STEP][PASSED] - Statement - PreSaveFile = new java.io.File(((pathPrefix + java.lang.Integer.toString(counter)) + .png)): null

2018-12-05 12:40:07 - [TEST_STEP][PASSED] - Statement - counter = counter + 1: null

2018-12-05 12:40:07 - [TEST_STEP][PASSED] - Statement - PreSaveFile = new java.io.File(((pathPrefix + java.lang.Integer.toString(counter)) + .png)): null

2018-12-05 12:40:07 - [TEST_STEP][PASSED] - Statement - counter = counter + 1: null

2018-12-05 12:40:07 - [TEST_STEP][PASSED] - Statement - PreSaveFile = new java.io.File(((pathPrefix + java.lang.Integer.toString(counter)) + .png)): null

2018-12-05 12:40:07 - [TEST_STEP][PASSED] - Statement - counter = counter + 1: null

2018-12-05 12:40:07 - [TEST_STEP][PASSED] - Statement - PreSaveFile = new java.io.File(((pathPrefix + java.lang.Integer.toString(counter)) + .png)): null

2018-12-05 12:40:07 - [TEST_STEP][PASSED] - Statement - counter = counter + 1: null

2018-12-05 12:40:07 - [TEST_STEP][PASSED] - Statement - PreSaveFile = new java.io.File(((pathPrefix + java.lang.Integer.toString(counter)) + .png)): null

2018-12-05 12:40:07 - [TEST_STEP][PASSED] - Statement - counter = counter + 1: null

2018-12-05 12:40:07 - [TEST_STEP][PASSED] - Statement - PreSaveFile = new java.io.File(((pathPrefix + java.lang.Integer.toString(counter)) + .png)): null

2018-12-05 12:40:07 - [TEST_STEP][PASSED] - Statement - counter = counter + 1: null

2018-12-05 12:40:07 - [TEST_STEP][PASSED] - Statement - PreSaveFile = new java.io.File(((pathPrefix + java.lang.Integer.toString(counter)) + .png)): null

2018-12-05 12:40:07 - [TEST_STEP][PASSED] - Statement - counter = counter + 1: null

2018-12-05 12:40:07 - [TEST_STEP][PASSED] - Statement - PreSaveFile = new java.io.File(((pathPrefix + java.lang.Integer.toString(counter)) + .png)): null

2018-12-05 12:40:07 - [TEST_STEP][PASSED] - Statement - counter = counter + 1: null

2018-12-05 12:40:07 - [TEST_STEP][PASSED] - Statement - PreSaveFile = new java.io.File(((pathPrefix + java.lang.Integer.toString(counter)) + .png)): null

2018-12-05 12:40:07 - [TEST_STEP][PASSED] - Statement - counter = counter + 1: null

2018-12-05 12:40:07 - [TEST_STEP][PASSED] - Statement - PreSaveFile = new java.io.File(((pathPrefix + java.lang.Integer.toString(counter)) + .png)): null

2018-12-05 12:40:07 - [TEST_STEP][PASSED] - Statement - counter = counter + 1: null

2018-12-05 12:40:08 - [TEST_STEP][PASSED] - Statement - PreSaveFile = new java.io.File(((pathPrefix + java.lang.Integer.toString(counter)) + .png)): null

2018-12-05 12:40:08 - [TEST_STEP][PASSED] - Statement - counter = counter + 1: null

2018-12-05 12:40:08 - [TEST_STEP][PASSED] - Statement - PreSaveFile = new java.io.File(((pathPrefix + java.lang.Integer.toString(counter)) + .png)): null

2018-12-05 12:40:08 - [TEST_STEP][PASSED] - Statement - counter = counter + 1: null

2018-12-05 12:40:08 - [TEST_STEP][PASSED] - Statement - PreSaveFile = new java.io.File(((pathPrefix + java.lang.Integer.toString(counter)) + .png)): null

2018-12-05 12:40:08 - [TEST_STEP][PASSED] - Statement - counter = counter + 1: null

2018-12-05 12:40:08 - [TEST_STEP][PASSED] - Statement - PreSaveFile = new java.io.File(((pathPrefix + java.lang.Integer.toString(counter)) + .png)): null

2018-12-05 12:40:08 - [TEST_STEP][PASSED] - Statement - counter = counter + 1: null

2018-12-05 12:40:08 - [TEST_STEP][PASSED] - Statement - PreSaveFile = new java.io.File(((pathPrefix + java.lang.Integer.toString(counter)) + .png)): null

2018-12-05 12:40:08 - [TEST_STEP][PASSED] - Statement - counter = counter + 1: null

2018-12-05 12:40:08 - [TEST_STEP][PASSED] - Statement - PreSaveFile = new java.io.File(((pathPrefix + java.lang.Integer.toString(counter)) + .png)): null

2018-12-05 12:40:08 - [TEST_STEP][PASSED] - Statement - counter = counter + 1: null

2018-12-05 12:40:08 - [TEST_STEP][PASSED] - Statement - PreSaveFile = new java.io.File(((pathPrefix + java.lang.Integer.toString(counter)) + .png)): null

2018-12-05 12:40:08 - [TEST_STEP][PASSED] - Statement - counter = counter + 1: null

2018-12-05 12:40:08 - [TEST_STEP][PASSED] - Statement - PreSaveFile = new java.io.File(((pathPrefix + java.lang.Integer.toString(counter)) + .png)): null

2018-12-05 12:40:08 - [TEST_STEP][PASSED] - Statement - counter = counter + 1: null

2018-12-05 12:40:08 - [TEST_STEP][PASSED] - Statement - PreSaveFile = new java.io.File(((pathPrefix + java.lang.Integer.toString(counter)) + .png)): null

2018-12-05 12:40:08 - [TEST_STEP][PASSED] - Statement - counter = counter + 1: null

2018-12-05 12:40:08 - [TEST_STEP][PASSED] - Statement - PreSaveFile = new java.io.File(((pathPrefix + java.lang.Integer.toString(counter)) + .png)): null

2018-12-05 12:40:08 - [TEST_STEP][PASSED] - Statement - counter = counter + 1: null

2018-12-05 12:40:08 - [TEST_STEP][PASSED] - Statement - PreSaveFile = new java.io.File(((pathPrefix + java.lang.Integer.toString(counter)) + .png)): null

2018-12-05 12:40:08 - [TEST_STEP][PASSED] - Statement - counter = counter + 1: null

2018-12-05 12:40:08 - [TEST_STEP][PASSED] - Statement - PreSaveFile = new java.io.File(((pathPrefix + java.lang.Integer.toString(counter)) + .png)): null

2018-12-05 12:40:08 - [TEST_STEP][PASSED] - Statement - counter = counter + 1: null

2018-12-05 12:40:08 - [TEST_STEP][PASSED] - Statement - PreSaveFile = new java.io.File(((pathPrefix + java.lang.Integer.toString(counter)) + .png)): null

2018-12-05 12:40:08 - [TEST_STEP][PASSED] - Statement - counter = counter + 1: null

2018-12-05 12:40:08 - [TEST_STEP][PASSED] - Statement - PreSaveFile = new java.io.File(((pathPrefix + java.lang.Integer.toString(counter)) + .png)): null

2018-12-05 12:40:08 - [TEST_STEP][PASSED] - Statement - counter = counter + 1: null

2018-12-05 12:40:08 - [TEST_STEP][PASSED] - Statement - PreSaveFile = new java.io.File(((pathPrefix + java.lang.Integer.toString(counter)) + .png)): null

2018-12-05 12:40:09 - [TEST_STEP][PASSED] - Statement - counter = counter + 1: null

2018-12-05 12:40:09 - [TEST_STEP][PASSED] - Statement - PreSaveFile = new java.io.File(((pathPrefix + java.lang.Integer.toString(counter)) + .png)): null

2018-12-05 12:40:09 - [TEST_STEP][PASSED] - Statement - counter = counter + 1: null

2018-12-05 12:40:09 - [TEST_STEP][PASSED] - Statement - PreSaveFile = new java.io.File(((pathPrefix + java.lang.Integer.toString(counter)) + .png)): null

2018-12-05 12:40:09 - [TEST_STEP][PASSED] - Statement - counter = counter + 1: null

2018-12-05 12:40:09 - [TEST_STEP][PASSED] - Statement - PreSaveFile = new java.io.File(((pathPrefix + java.lang.Integer.toString(counter)) + .png)): null

2018-12-05 12:40:09 - [TEST_STEP][PASSED] - Statement - counter = counter + 1: null

2018-12-05 12:40:09 - [TEST_STEP][PASSED] - Statement - PreSaveFile = new java.io.File(((pathPrefix + java.lang.Integer.toString(counter)) + .png)): null

2018-12-05 12:40:09 - [TEST_STEP][PASSED] - Statement - counter = counter + 1: null

2018-12-05 12:40:09 - [TEST_STEP][PASSED] - Statement - PreSaveFile = new java.io.File(((pathPrefix + java.lang.Integer.toString(counter)) + .png)): null

2018-12-05 12:40:09 - [TEST_STEP][PASSED] - Statement - counter = counter + 1: null

2018-12-05 12:40:09 - [TEST_STEP][PASSED] - Statement - PreSaveFile = new java.io.File(((pathPrefix + java.lang.Integer.toString(counter)) + .png)): null

2018-12-05 12:40:09 - [TEST_STEP][PASSED] - Statement - counter = counter + 1: null

2018-12-05 12:40:09 - [TEST_STEP][PASSED] - Statement - PreSaveFile = new java.io.File(((pathPrefix + java.lang.Integer.toString(counter)) + .png)): null

2018-12-05 12:40:09 - [TEST_STEP][PASSED] - Statement - counter = counter + 1: null

2018-12-05 12:40:09 - [TEST_STEP][PASSED] - Statement - PreSaveFile = new java.io.File(((pathPrefix + java.lang.Integer.toString(counter)) + .png)): null

2018-12-05 12:40:09 - [TEST_STEP][PASSED] - Statement - counter = counter + 1: null

2018-12-05 12:40:09 - [TEST_STEP][PASSED] - Statement - PreSaveFile = new java.io.File(((pathPrefix + java.lang.Integer.toString(counter)) + .png)): null

2018-12-05 12:40:09 - [TEST_STEP][PASSED] - Statement - counter = counter + 1: null

2018-12-05 12:40:09 - [TEST_STEP][PASSED] - Statement - PreSaveFile = new java.io.File(((pathPrefix + java.lang.Integer.toString(counter)) + .png)): null

2018-12-05 12:40:09 - [TEST_STEP][PASSED] - Statement - counter = counter + 1: null

2018-12-05 12:40:09 - [TEST_STEP][PASSED] - Statement - PreSaveFile = new java.io.File(((pathPrefix + java.lang.Integer.toString(counter)) + .png)): null

2018-12-05 12:40:09 - [TEST_STEP][PASSED] - Statement - counter = counter + 1: null

2018-12-05 12:40:09 - [TEST_STEP][PASSED] - Statement - PreSaveFile = new java.io.File(((pathPrefix + java.lang.Integer.toString(counter)) + .png)): null

2018-12-05 12:40:09 - [TEST_STEP][PASSED] - Statement - counter = counter + 1: null

2018-12-05 12:40:09 - [TEST_STEP][PASSED] - Statement - PreSaveFile = new java.io.File(((pathPrefix + java.lang.Integer.toString(counter)) + .png)): null

2018-12-05 12:40:09 - [TEST_STEP][PASSED] - Statement - counter = counter + 1: null

2018-12-05 12:40:09 - [TEST_STEP][PASSED] - Statement - PreSaveFile = new java.io.File(((pathPrefix + java.lang.Integer.toString(counter)) + .png)): null

2018-12-05 12:40:09 - [TEST_STEP][PASSED] - Statement - counter = counter + 1: null

2018-12-05 12:40:09 - [TEST_STEP][PASSED] - Statement - PreSaveFile = new java.io.File(((pathPrefix + java.lang.Integer.toString(counter)) + .png)): null

2018-12-05 12:40:09 - [TEST_STEP][PASSED] - Statement - counter = counter + 1: null

2018-12-05 12:40:09 - [TEST_STEP][PASSED] - Statement - PreSaveFile = new java.io.File(((pathPrefix + java.lang.Integer.toString(counter)) + .png)): null

2018-12-05 12:40:09 - [TEST_STEP][PASSED] - Statement - counter = counter + 1: null

2018-12-05 12:40:09 - [TEST_STEP][PASSED] - Statement - PreSaveFile = new java.io.File(((pathPrefix + java.lang.Integer.toString(counter)) + .png)): null

2018-12-05 12:40:09 - [TEST_STEP][PASSED] - Statement - counter = counter + 1: null

2018-12-05 12:40:09 - [TEST_STEP][PASSED] - Statement - PreSaveFile = new java.io.File(((pathPrefix + java.lang.Integer.toString(counter)) + .png)): null

2018-12-05 12:40:09 - [TEST_STEP][PASSED] - Statement - counter = counter + 1: null

2018-12-05 12:40:09 - [TEST_STEP][PASSED] - Statement - PreSaveFile = new java.io.File(((pathPrefix + java.lang.Integer.toString(counter)) + .png)): null

2018-12-05 12:40:10 - [TEST_STEP][PASSED] - Statement - counter = counter + 1: null

2018-12-05 12:40:10 - [TEST_STEP][PASSED] - Statement - PreSaveFile = new java.io.File(((pathPrefix + java.lang.Integer.toString(counter)) + .png)): null

2018-12-05 12:40:10 - [TEST_STEP][PASSED] - Statement - counter = counter + 1: null

2018-12-05 12:40:10 - [TEST_STEP][PASSED] - Statement - PreSaveFile = new java.io.File(((pathPrefix + java.lang.Integer.toString(counter)) + .png)): null

2018-12-05 12:40:10 - [TEST_STEP][PASSED] - Statement - counter = counter + 1: null

2018-12-05 12:40:10 - [TEST_STEP][PASSED] - Statement - PreSaveFile = new java.io.File(((pathPrefix + java.lang.Integer.toString(counter)) + .png)): null

2018-12-05 12:40:10 - [TEST_STEP][PASSED] - Statement - counter = counter + 1: null

2018-12-05 12:40:10 - [TEST_STEP][PASSED] - Statement - PreSaveFile = new java.io.File(((pathPrefix + java.lang.Integer.toString(counter)) + .png)): null

2018-12-05 12:40:10 - [TEST_STEP][PASSED] - Statement - counter = counter + 1: null

2018-12-05 12:40:10 - [TEST_STEP][PASSED] - Statement - PreSaveFile = new java.io.File(((pathPrefix + java.lang.Integer.toString(counter)) + .png)): null

2018-12-05 12:40:10 - [TEST_STEP][PASSED] - Statement - counter = counter + 1: null

2018-12-05 12:40:10 - [TEST_STEP][PASSED] - Statement - PreSaveFile = new java.io.File(((pathPrefix + java.lang.Integer.toString(counter)) + .png)): null

2018-12-05 12:40:10 - [TEST_STEP][PASSED] - Statement - counter = counter + 1: null

2018-12-05 12:40:10 - [TEST_STEP][PASSED] - Statement - PreSaveFile = new java.io.File(((pathPrefix + java.lang.Integer.toString(counter)) + .png)): null

2018-12-05 12:40:10 - [TEST_STEP][PASSED] - Statement - counter = counter + 1: null

2018-12-05 12:40:10 - [TEST_STEP][PASSED] - Statement - PreSaveFile = new java.io.File(((pathPrefix + java.lang.Integer.toString(counter)) + .png)): null

2018-12-05 12:40:10 - [TEST_STEP][PASSED] - Statement - counter = counter + 1: null

2018-12-05 12:40:10 - [TEST_STEP][PASSED] - Statement - PreSaveFile = new java.io.File(((pathPrefix + java.lang.Integer.toString(counter)) + .png)): null

2018-12-05 12:40:10 - [TEST_STEP][PASSED] - Statement - counter = counter + 1: null

2018-12-05 12:40:10 - [TEST_STEP][PASSED] - Statement - PreSaveFile = new java.io.File(((pathPrefix + java.lang.Integer.toString(counter)) + .png)): null

2018-12-05 12:40:10 - [TEST_STEP][PASSED] - Statement - counter = counter + 1: null

2018-12-05 12:40:10 - [TEST_STEP][PASSED] - Statement - PreSaveFile = new java.io.File(((pathPrefix + java.lang.Integer.toString(counter)) + .png)): null

2018-12-05 12:40:10 - [TEST_STEP][PASSED] - Statement - counter = counter + 1: null

2018-12-05 12:40:10 - [TEST_STEP][PASSED] - Statement - PreSaveFile = new java.io.File(((pathPrefix + java.lang.Integer.toString(counter)) + .png)): null

2018-12-05 12:40:10 - [TEST_STEP][PASSED] - Statement - counter = counter + 1: null

2018-12-05 12:40:10 - [TEST_STEP][PASSED] - Statement - PreSaveFile = new java.io.File(((pathPrefix + java.lang.Integer.toString(counter)) + .png)): null

2018-12-05 12:40:10 - [TEST_STEP][PASSED] - Statement - counter = counter + 1: null

2018-12-05 12:40:10 - [TEST_STEP][PASSED] - Statement - PreSaveFile = new java.io.File(((pathPrefix + java.lang.Integer.toString(counter)) + .png)): null

2018-12-05 12:40:10 - [TEST_STEP][PASSED] - Statement - counter = counter + 1: null

2018-12-05 12:40:11 - [TEST_STEP][PASSED] - Statement - PreSaveFile = new java.io.File(((pathPrefix + java.lang.Integer.toString(counter)) + .png)): null

2018-12-05 12:40:11 - [TEST_STEP][PASSED] - Statement - counter = counter + 1: null

2018-12-05 12:40:11 - [TEST_STEP][PASSED] - Statement - PreSaveFile = new java.io.File(((pathPrefix + java.lang.Integer.toString(counter)) + .png)): null

2018-12-05 12:40:11 - [TEST_STEP][PASSED] - Statement - counter = counter + 1: null

2018-12-05 12:40:11 - [TEST_STEP][PASSED] - Statement - PreSaveFile = new java.io.File(((pathPrefix + java.lang.Integer.toString(counter)) + .png)): null

2018-12-05 12:40:11 - [TEST_STEP][PASSED] - Statement - counter = counter + 1: null

2018-12-05 12:40:11 - [TEST_STEP][PASSED] - Statement - PreSaveFile = new java.io.File(((pathPrefix + java.lang.Integer.toString(counter)) + .png)): null

2018-12-05 12:40:11 - [TEST_STEP][PASSED] - Statement - counter = counter + 1: null

2018-12-05 12:40:11 - [TEST_STEP][PASSED] - Statement - PreSaveFile = new java.io.File(((pathPrefix + java.lang.Integer.toString(counter)) + .png)): null

2018-12-05 12:40:11 - [TEST_STEP][PASSED] - Statement - counter = counter + 1: null

2018-12-05 12:40:11 - [TEST_STEP][PASSED] - Statement - PreSaveFile = new java.io.File(((pathPrefix + java.lang.Integer.toString(counter)) + .png)): null

2018-12-05 12:40:11 - [TEST_STEP][PASSED] - Statement - counter = counter + 1: null

2018-12-05 12:40:11 - [TEST_STEP][PASSED] - Statement - PreSaveFile = new java.io.File(((pathPrefix + java.lang.Integer.toString(counter)) + .png)): null

2018-12-05 12:40:11 - [TEST_STEP][PASSED] - Statement - counter = counter + 1: null

2018-12-05 12:40:11 - [TEST_STEP][PASSED] - Statement - PreSaveFile = new java.io.File(((pathPrefix + java.lang.Integer.toString(counter)) + .png)): null

2018-12-05 12:40:11 - [TEST_STEP][PASSED] - Statement - counter = counter + 1: null

2018-12-05 12:40:11 - [TEST_STEP][PASSED] - Statement - PreSaveFile = new java.io.File(((pathPrefix + java.lang.Integer.toString(counter)) + .png)): null

2018-12-05 12:40:11 - [TEST_STEP][PASSED] - Statement - counter = counter + 1: null

2018-12-05 12:40:11 - [TEST_STEP][PASSED] - Statement - PreSaveFile = new java.io.File(((pathPrefix + java.lang.Integer.toString(counter)) + .png)): null

2018-12-05 12:40:11 - [TEST_STEP][PASSED] - Statement - counter = counter + 1: null

2018-12-05 12:40:11 - [TEST_STEP][PASSED] - Statement - PreSaveFile = new java.io.File(((pathPrefix + java.lang.Integer.toString(counter)) + .png)): null

2018-12-05 12:40:11 - [TEST_STEP][PASSED] - Statement - counter = counter + 1: null

2018-12-05 12:40:11 - [TEST_STEP][PASSED] - Statement - PreSaveFile = new java.io.File(((pathPrefix + java.lang.Integer.toString(counter)) + .png)): null

2018-12-05 12:40:11 - [TEST_STEP][PASSED] - Statement - counter = counter + 1: null

2018-12-05 12:40:11 - [TEST_STEP][PASSED] - Statement - PreSaveFile = new java.io.File(((pathPrefix + java.lang.Integer.toString(counter)) + .png)): null

2018-12-05 12:40:11 - [TEST_STEP][PASSED] - Statement - counter = counter + 1: null

2018-12-05 12:40:11 - [TEST_STEP][PASSED] - Statement - PreSaveFile = new java.io.File(((pathPrefix + java.lang.Integer.toString(counter)) + .png)): null

2018-12-05 12:40:11 - [TEST_STEP][PASSED] - Statement - counter = counter + 1: null

2018-12-05 12:40:12 - [TEST_STEP][PASSED] - Statement - PreSaveFile = new java.io.File(((pathPrefix + java.lang.Integer.toString(counter)) + .png)): null

2018-12-05 12:40:12 - [TEST_STEP][PASSED] - Statement - counter = counter + 1: null

2018-12-05 12:40:12 - [TEST_STEP][PASSED] - Statement - PreSaveFile = new java.io.File(((pathPrefix + java.lang.Integer.toString(counter)) + .png)): null

2018-12-05 12:40:12 - [TEST_STEP][PASSED] - Statement - counter = counter + 1: null

2018-12-05 12:40:12 - [TEST_STEP][PASSED] - Statement - PreSaveFile = new java.io.File(((pathPrefix + java.lang.Integer.toString(counter)) + .png)): null

2018-12-05 12:40:12 - [TEST_STEP][PASSED] - Statement - counter = counter + 1: null

2018-12-05 12:40:12 - [TEST_STEP][PASSED] - Statement - PreSaveFile = new java.io.File(((pathPrefix + java.lang.Integer.toString(counter)) + .png)): null

2018-12-05 12:40:12 - [TEST_STEP][PASSED] - Statement - counter = counter + 1: null

2018-12-05 12:40:12 - [TEST_STEP][PASSED] - Statement - PreSaveFile = new java.io.File(((pathPrefix + java.lang.Integer.toString(counter)) + .png)): null

2018-12-05 12:40:12 - [TEST_STEP][PASSED] - Statement - counter = counter + 1: null

2018-12-05 12:40:12 - [TEST_STEP][PASSED] - Statement - PreSaveFile = new java.io.File(((pathPrefix + java.lang.Integer.toString(counter)) + .png)): null

2018-12-05 12:40:12 - [TEST_STEP][PASSED] - Statement - counter = counter + 1: null

2018-12-05 12:40:12 - [TEST_STEP][PASSED] - Statement - PreSaveFile = new java.io.File(((pathPrefix + java.lang.Integer.toString(counter)) + .png)): null

2018-12-05 12:40:12 - [TEST_STEP][PASSED] - Statement - counter = counter + 1: null

2018-12-05 12:40:12 - [TEST_STEP][PASSED] - Statement - PreSaveFile = new java.io.File(((pathPrefix + java.lang.Integer.toString(counter)) + .png)): null

2018-12-05 12:40:12 - [TEST_STEP][PASSED] - Statement - counter = counter + 1: null

2018-12-05 12:40:12 - [TEST_STEP][PASSED] - Statement - PreSaveFile = new java.io.File(((pathPrefix + java.lang.Integer.toString(counter)) + .png)): null

2018-12-05 12:40:12 - [TEST_STEP][PASSED] - Statement - counter = counter + 1: null

2018-12-05 12:40:12 - [TEST_STEP][PASSED] - Statement - PreSaveFile = new java.io.File(((pathPrefix + java.lang.Integer.toString(counter)) + .png)): null

2018-12-05 12:40:12 - [TEST_STEP][PASSED] - Statement - counter = counter + 1: null

2018-12-05 12:40:12 - [TEST_STEP][PASSED] - Statement - PreSaveFile = new java.io.File(((pathPrefix + java.lang.Integer.toString(counter)) + .png)): null

2018-12-05 12:40:12 - [TEST_STEP][PASSED] - Statement - counter = counter + 1: null

2018-12-05 12:40:12 - [TEST_STEP][PASSED] - Statement - PreSaveFile = new java.io.File(((pathPrefix + java.lang.Integer.toString(counter)) + .png)): null

2018-12-05 12:40:12 - [TEST_STEP][PASSED] - Statement - counter = counter + 1: null

2018-12-05 12:40:12 - [TEST_STEP][PASSED] - Statement - PreSaveFile = new java.io.File(((pathPrefix + java.lang.Integer.toString(counter)) + .png)): null

2018-12-05 12:40:12 - [TEST_STEP][PASSED] - Statement - counter = counter + 1: null

2018-12-05 12:40:12 - [TEST_STEP][PASSED] - Statement - PreSaveFile = new java.io.File(((pathPrefix + java.lang.Integer.toString(counter)) + .png)): null

2018-12-05 12:40:12 - [TEST_STEP][PASSED] - Statement - counter = counter + 1: null

2018-12-05 12:40:12 - [TEST_STEP][PASSED] - Statement - PreSaveFile = new java.io.File(((pathPrefix + java.lang.Integer.toString(counter)) + .png)): null

2018-12-05 12:40:13 - [TEST_STEP][PASSED] - Statement - counter = counter + 1: null

2018-12-05 12:40:13 - [TEST_STEP][PASSED] - Statement - PreSaveFile = new java.io.File(((pathPrefix + java.lang.Integer.toString(counter)) + .png)): null

2018-12-05 12:40:13 - [TEST_STEP][PASSED] - Statement - counter = counter + 1: null

2018-12-05 12:40:13 - [TEST_STEP][PASSED] - Statement - PreSaveFile = new java.io.File(((pathPrefix + java.lang.Integer.toString(counter)) + .png)): null

2018-12-05 12:40:13 - [TEST_STEP][PASSED] - Statement - counter = counter + 1: null

2018-12-05 12:40:13 - [TEST_STEP][PASSED] - Statement - PreSaveFile = new java.io.File(((pathPrefix + java.lang.Integer.toString(counter)) + .png)): null

2018-12-05 12:40:13 - [TEST_STEP][PASSED] - Statement - counter = counter + 1: null

2018-12-05 12:40:13 - [TEST_STEP][PASSED] - Statement - PreSaveFile = new java.io.File(((pathPrefix + java.lang.Integer.toString(counter)) + .png)): null

2018-12-05 12:40:13 - [TEST_STEP][PASSED] - Statement - counter = counter + 1: null

2018-12-05 12:40:13 - [TEST_STEP][PASSED] - Statement - PreSaveFile = new java.io.File(((pathPrefix + java.lang.Integer.toString(counter)) + .png)): null

2018-12-05 12:40:13 - [TEST_STEP][PASSED] - Statement - counter = counter + 1: null

2018-12-05 12:40:13 - [TEST_STEP][PASSED] - Statement - PreSaveFile = new java.io.File(((pathPrefix + java.lang.Integer.toString(counter)) + .png)): null

2018-12-05 12:40:13 - [TEST_STEP][PASSED] - Statement - counter = counter + 1: null

2018-12-05 12:40:13 - [TEST_STEP][PASSED] - Statement - PreSaveFile = new java.io.File(((pathPrefix + java.lang.Integer.toString(counter)) + .png)): null

2018-12-05 12:40:13 - [TEST_STEP][PASSED] - Statement - counter = counter + 1: null

2018-12-05 12:40:13 - [TEST_STEP][PASSED] - Statement - PreSaveFile = new java.io.File(((pathPrefix + java.lang.Integer.toString(counter)) + .png)): null

2018-12-05 12:40:13 - [TEST_STEP][PASSED] - Statement - counter = counter + 1: null

2018-12-05 12:40:13 - [TEST_STEP][PASSED] - Statement - PreSaveFile = new java.io.File(((pathPrefix + java.lang.Integer.toString(counter)) + .png)): null

2018-12-05 12:40:13 - [TEST_STEP][PASSED] - Statement - counter = counter + 1: null

2018-12-05 12:40:13 - [TEST_STEP][PASSED] - Statement - PreSaveFile = new java.io.File(((pathPrefix + java.lang.Integer.toString(counter)) + .png)): null

2018-12-05 12:40:13 - [TEST_STEP][PASSED] - Statement - counter = counter + 1: null

2018-12-05 12:40:13 - [TEST_STEP][PASSED] - Statement - PreSaveFile = new java.io.File(((pathPrefix + java.lang.Integer.toString(counter)) + .png)): null

2018-12-05 12:40:13 - [TEST_STEP][PASSED] - Statement - counter = counter + 1: null

2018-12-05 12:40:13 - [TEST_STEP][PASSED] - Statement - PreSaveFile = new java.io.File(((pathPrefix + java.lang.Integer.toString(counter)) + .png)): null

2018-12-05 12:40:13 - [TEST_STEP][PASSED] - Statement - counter = counter + 1: null

2018-12-05 12:40:13 - [TEST_STEP][PASSED] - Statement - PreSaveFile = new java.io.File(((pathPrefix + java.lang.Integer.toString(counter)) + .png)): null

2018-12-05 12:40:13 - [TEST_STEP][PASSED] - Statement - counter = counter + 1: null

2018-12-05 12:40:13 - [TEST_STEP][PASSED] - Statement - PreSaveFile = new java.io.File(((pathPrefix + java.lang.Integer.toString(counter)) + .png)): null

2018-12-05 12:40:13 - [TEST_STEP][PASSED] - Statement - counter = counter + 1: null

2018-12-05 12:40:14 - [TEST_STEP][PASSED] - Statement - PreSaveFile = new java.io.File(((pathPrefix + java.lang.Integer.toString(counter)) + .png)): null

2018-12-05 12:40:14 - [TEST_STEP][PASSED] - Statement - counter = counter + 1: null

2018-12-05 12:40:14 - [TEST_STEP][PASSED] - Statement - PreSaveFile = new java.io.File(((pathPrefix + java.lang.Integer.toString(counter)) + .png)): null

2018-12-05 12:40:14 - [TEST_STEP][PASSED] - Statement - counter = counter + 1: null

2018-12-05 12:40:14 - [TEST_STEP][PASSED] - Statement - PreSaveFile = new java.io.File(((pathPrefix + java.lang.Integer.toString(counter)) + .png)): null

2018-12-05 12:40:14 - [TEST_STEP][PASSED] - Statement - counter = counter + 1: null

2018-12-05 12:40:14 - [TEST_STEP][PASSED] - Statement - PreSaveFile = new java.io.File(((pathPrefix + java.lang.Integer.toString(counter)) + .png)): null

2018-12-05 12:40:14 - [TEST_STEP][PASSED] - Statement - counter = counter + 1: null

2018-12-05 12:40:14 - [TEST_STEP][PASSED] - Statement - PreSaveFile = new java.io.File(((pathPrefix + java.lang.Integer.toString(counter)) + .png)): null

2018-12-05 12:40:14 - [TEST_STEP][PASSED] - Statement - counter = counter + 1: null

2018-12-05 12:40:14 - [TEST_STEP][PASSED] - Statement - PreSaveFile = new java.io.File(((pathPrefix + java.lang.Integer.toString(counter)) + .png)): null

2018-12-05 12:40:14 - [TEST_STEP][PASSED] - Statement - counter = counter + 1: null

2018-12-05 12:40:14 - [TEST_STEP][PASSED] - Statement - PreSaveFile = new java.io.File(((pathPrefix + java.lang.Integer.toString(counter)) + .png)): null

2018-12-05 12:40:14 - [TEST_STEP][PASSED] - Statement - counter = counter + 1: null

2018-12-05 12:40:14 - [TEST_STEP][PASSED] - Statement - PreSaveFile = new java.io.File(((pathPrefix + java.lang.Integer.toString(counter)) + .png)): null

2018-12-05 12:40:14 - [TEST_STEP][PASSED] - Statement - counter = counter + 1: null

2018-12-05 12:40:14 - [TEST_STEP][PASSED] - Statement - PreSaveFile = new java.io.File(((pathPrefix + java.lang.Integer.toString(counter)) + .png)): null

2018-12-05 12:40:14 - [TEST_STEP][PASSED] - Statement - counter = counter + 1: null

2018-12-05 12:40:14 - [TEST_STEP][PASSED] - Statement - PreSaveFile = new java.io.File(((pathPrefix + java.lang.Integer.toString(counter)) + .png)): null

2018-12-05 12:40:14 - [TEST_STEP][PASSED] - Statement - counter = counter + 1: null

2018-12-05 12:40:14 - [TEST_STEP][PASSED] - Statement - PreSaveFile = new java.io.File(((pathPrefix + java.lang.Integer.toString(counter)) + .png)): null

2018-12-05 12:40:14 - [TEST_STEP][PASSED] - Statement - counter = counter + 1: null

2018-12-05 12:40:14 - [TEST_STEP][PASSED] - Statement - PreSaveFile = new java.io.File(((pathPrefix + java.lang.Integer.toString(counter)) + .png)): null

2018-12-05 12:40:14 - [TEST_STEP][PASSED] - Statement - counter = counter + 1: null

2018-12-05 12:40:14 - [TEST_STEP][PASSED] - Statement - PreSaveFile = new java.io.File(((pathPrefix + java.lang.Integer.toString(counter)) + .png)): null

2018-12-05 12:40:14 - [TEST_STEP][PASSED] - Statement - counter = counter + 1: null

2018-12-05 12:40:14 - [TEST_STEP][PASSED] - Statement - PreSaveFile = new java.io.File(((pathPrefix + java.lang.Integer.toString(counter)) + .png)): null

2018-12-05 12:40:14 - [TEST_STEP][PASSED] - Statement - counter = counter + 1: null

2018-12-05 12:40:15 - [TEST_STEP][PASSED] - Statement - PreSaveFile = new java.io.File(((pathPrefix + java.lang.Integer.toString(counter)) + .png)): null

2018-12-05 12:40:15 - [TEST_STEP][PASSED] - Statement - counter = counter + 1: null

2018-12-05 12:40:15 - [TEST_STEP][PASSED] - Statement - PreSaveFile = new java.io.File(((pathPrefix + java.lang.Integer.toString(counter)) + .png)): null

2018-12-05 12:40:15 - [TEST_STEP][PASSED] - Statement - counter = counter + 1: null

2018-12-05 12:40:15 - [TEST_STEP][PASSED] - Statement - PreSaveFile = new java.io.File(((pathPrefix + java.lang.Integer.toString(counter)) + .png)): null

2018-12-05 12:40:15 - [TEST_STEP][PASSED] - Statement - counter = counter + 1: null

2018-12-05 12:40:15 - [TEST_STEP][PASSED] - Statement - PreSaveFile = new java.io.File(((pathPrefix + java.lang.Integer.toString(counter)) + .png)): null

2018-12-05 12:40:15 - [TEST_STEP][PASSED] - Statement - counter = counter + 1: null

2018-12-05 12:40:15 - [TEST_STEP][PASSED] - Statement - PreSaveFile = new java.io.File(((pathPrefix + java.lang.Integer.toString(counter)) + .png)): null

2018-12-05 12:40:15 - [TEST_STEP][PASSED] - Statement - counter = counter + 1: null

2018-12-05 12:40:15 - [TEST_STEP][PASSED] - Statement - PreSaveFile = new java.io.File(((pathPrefix + java.lang.Integer.toString(counter)) + .png)): null

2018-12-05 12:40:15 - [TEST_STEP][PASSED] - Statement - counter = counter + 1: null

2018-12-05 12:40:15 - [TEST_STEP][PASSED] - Statement - PreSaveFile = new java.io.File(((pathPrefix + java.lang.Integer.toString(counter)) + .png)): null

2018-12-05 12:40:15 - [TEST_STEP][PASSED] - Statement - counter = counter + 1: null

2018-12-05 12:40:15 - [TEST_STEP][PASSED] - Statement - PreSaveFile = new java.io.File(((pathPrefix + java.lang.Integer.toString(counter)) + .png)): null

2018-12-05 12:40:15 - [TEST_STEP][PASSED] - Statement - counter = counter + 1: null

2018-12-05 12:40:15 - [TEST_STEP][PASSED] - Statement - PreSaveFile = new java.io.File(((pathPrefix + java.lang.Integer.toString(counter)) + .png)): null

2018-12-05 12:40:15 - [TEST_STEP][PASSED] - Statement - counter = counter + 1: null

2018-12-05 12:40:15 - [TEST_STEP][PASSED] - Statement - PreSaveFile = new java.io.File(((pathPrefix + java.lang.Integer.toString(counter)) + .png)): null

2018-12-05 12:40:15 - [TEST_STEP][PASSED] - Statement - counter = counter + 1: null

2018-12-05 12:40:15 - [TEST_STEP][PASSED] - Statement - PreSaveFile = new java.io.File(((pathPrefix + java.lang.Integer.toString(counter)) + .png)): null

2018-12-05 12:40:15 - [TEST_STEP][PASSED] - Statement - counter = counter + 1: null

2018-12-05 12:40:15 - [TEST_STEP][PASSED] - Statement - PreSaveFile = new java.io.File(((pathPrefix + java.lang.Integer.toString(counter)) + .png)): null

2018-12-05 12:40:15 - [TEST_STEP][PASSED] - Statement - counter = counter + 1: null

2018-12-05 12:40:15 - [TEST_STEP][PASSED] - Statement - PreSaveFile = new java.io.File(((pathPrefix + java.lang.Integer.toString(counter)) + .png)): null

2018-12-05 12:40:15 - [TEST_STEP][PASSED] - Statement - counter = counter + 1: null

2018-12-05 12:40:15 - [TEST_STEP][PASSED] - Statement - PreSaveFile = new java.io.File(((pathPrefix + java.lang.Integer.toString(counter)) + .png)): null

2018-12-05 12:40:15 - [TEST_STEP][PASSED] - Statement - counter = counter + 1: null

2018-12-05 12:40:15 - [TEST_STEP][PASSED] - Statement - PreSaveFile = new java.io.File(((pathPrefix + java.lang.Integer.toString(counter)) + .png)): null

2018-12-05 12:40:15 - [TEST_STEP][PASSED] - Statement - counter = counter + 1: null

2018-12-05 12:40:15 - [TEST_STEP][PASSED] - Statement - PreSaveFile = new java.io.File(((pathPrefix + java.lang.Integer.toString(counter)) + .png)): null

2018-12-05 12:40:15 - [TEST_STEP][PASSED] - Statement - counter = counter + 1: null

2018-12-05 12:40:15 - [TEST_STEP][PASSED] - Statement - PreSaveFile = new java.io.File(((pathPrefix + java.lang.Integer.toString(counter)) + .png)): null

2018-12-05 12:40:15 - [TEST_STEP][PASSED] - Statement - counter = counter + 1: null

2018-12-05 12:40:15 - [TEST_STEP][PASSED] - Statement - PreSaveFile = new java.io.File(((pathPrefix + java.lang.Integer.toString(counter)) + .png)): null

2018-12-05 12:40:15 - [TEST_STEP][PASSED] - Statement - counter = counter + 1: null

2018-12-05 12:40:15 - [TEST_STEP][PASSED] - Statement - PreSaveFile = new java.io.File(((pathPrefix + java.lang.Integer.toString(counter)) + .png)): null

2018-12-05 12:40:15 - [TEST_STEP][PASSED] - Statement - counter = counter + 1: null

2018-12-05 12:40:15 - [TEST_STEP][PASSED] - Statement - PreSaveFile = new java.io.File(((pathPrefix + java.lang.Integer.toString(counter)) + .png)): null

2018-12-05 12:40:16 - [TEST_STEP][PASSED] - Statement - counter = counter + 1: null

2018-12-05 12:40:16 - [TEST_STEP][PASSED] - Statement - PreSaveFile = new java.io.File(((pathPrefix + java.lang.Integer.toString(counter)) + .png)): null

2018-12-05 12:40:16 - [TEST_STEP][PASSED] - Statement - counter = counter + 1: null

2018-12-05 12:40:16 - [TEST_STEP][PASSED] - Statement - PreSaveFile = new java.io.File(((pathPrefix + java.lang.Integer.toString(counter)) + .png)): null

2018-12-05 12:40:16 - [TEST_STEP][PASSED] - Statement - counter = counter + 1: null

2018-12-05 12:40:16 - [TEST_STEP][PASSED] - Statement - PreSaveFile = new java.io.File(((pathPrefix + java.lang.Integer.toString(counter)) + .png)): null

2018-12-05 12:40:16 - [TEST_STEP][PASSED] - Statement - counter = counter + 1: null

2018-12-05 12:40:16 - [TEST_STEP][PASSED] - Statement - PreSaveFile = new java.io.File(((pathPrefix + java.lang.Integer.toString(counter)) + .png)): null

2018-12-05 12:40:16 - [TEST_STEP][PASSED] - Statement - counter = counter + 1: null

2018-12-05 12:40:16 - [TEST_STEP][PASSED] - Statement - PreSaveFile = new java.io.File(((pathPrefix + java.lang.Integer.toString(counter)) + .png)): null

2018-12-05 12:40:16 - [TEST_STEP][PASSED] - Statement - counter = counter + 1: null

2018-12-05 12:40:16 - [TEST_STEP][PASSED] - Statement - PreSaveFile = new java.io.File(((pathPrefix + java.lang.Integer.toString(counter)) + .png)): null

2018-12-05 12:40:16 - [TEST_STEP][PASSED] - Statement - counter = counter + 1: null

2018-12-05 12:40:16 - [TEST_STEP][PASSED] - Statement - PreSaveFile = new java.io.File(((pathPrefix + java.lang.Integer.toString(counter)) + .png)): null

2018-12-05 12:40:16 - [TEST_STEP][PASSED] - Statement - counter = counter + 1: null

2018-12-05 12:40:16 - [TEST_STEP][PASSED] - Statement - PreSaveFile = new java.io.File(((pathPrefix + java.lang.Integer.toString(counter)) + .png)): null

2018-12-05 12:40:16 - [TEST_STEP][PASSED] - Statement - counter = counter + 1: null

2018-12-05 12:40:16 - [TEST_STEP][PASSED] - Statement - PreSaveFile = new java.io.File(((pathPrefix + java.lang.Integer.toString(counter)) + .png)): null

2018-12-05 12:40:16 - [TEST_STEP][PASSED] - Statement - counter = counter + 1: null

2018-12-05 12:40:16 - [TEST_STEP][PASSED] - Statement - PreSaveFile = new java.io.File(((pathPrefix + java.lang.Integer.toString(counter)) + .png)): null

2018-12-05 12:40:16 - [TEST_STEP][PASSED] - Statement - counter = counter + 1: null

2018-12-05 12:40:16 - [TEST_STEP][PASSED] - Statement - PreSaveFile = new java.io.File(((pathPrefix + java.lang.Integer.toString(counter)) + .png)): null

2018-12-05 12:40:16 - [TEST_STEP][PASSED] - Statement - counter = counter + 1: null

2018-12-05 12:40:16 - [TEST_STEP][PASSED] - Statement - PreSaveFile = new java.io.File(((pathPrefix + java.lang.Integer.toString(counter)) + .png)): null

2018-12-05 12:40:16 - [TEST_STEP][PASSED] - Statement - counter = counter + 1: null

2018-12-05 12:40:16 - [TEST_STEP][PASSED] - Statement - PreSaveFile = new java.io.File(((pathPrefix + java.lang.Integer.toString(counter)) + .png)): null

2018-12-05 12:40:16 - [TEST_STEP][PASSED] - Statement - counter = counter + 1: null

2018-12-05 12:40:16 - [TEST_STEP][PASSED] - Statement - PreSaveFile = new java.io.File(((pathPrefix + java.lang.Integer.toString(counter)) + .png)): null

2018-12-05 12:40:16 - [TEST_STEP][PASSED] - Statement - counter = counter + 1: null

2018-12-05 12:40:17 - [TEST_STEP][PASSED] - Statement - PreSaveFile = new java.io.File(((pathPrefix + java.lang.Integer.toString(counter)) + .png)): null

2018-12-05 12:40:17 - [TEST_STEP][PASSED] - Statement - counter = counter + 1: null

2018-12-05 12:40:17 - [TEST_STEP][PASSED] - Statement - PreSaveFile = new java.io.File(((pathPrefix + java.lang.Integer.toString(counter)) + .png)): null

2018-12-05 12:40:17 - [TEST_STEP][PASSED] - Statement - counter = counter + 1: null

2018-12-05 12:40:17 - [TEST_STEP][PASSED] - Statement - PreSaveFile = new java.io.File(((pathPrefix + java.lang.Integer.toString(counter)) + .png)): null

2018-12-05 12:40:17 - [TEST_STEP][PASSED] - Statement - counter = counter + 1: null

2018-12-05 12:40:17 - [TEST_STEP][PASSED] - Statement - PreSaveFile = new java.io.File(((pathPrefix + java.lang.Integer.toString(counter)) + .png)): null

2018-12-05 12:40:17 - [TEST_STEP][PASSED] - Statement - counter = counter + 1: null

2018-12-05 12:40:17 - [TEST_STEP][PASSED] - Statement - PreSaveFile = new java.io.File(((pathPrefix + java.lang.Integer.toString(counter)) + .png)): null

2018-12-05 12:40:17 - [TEST_STEP][PASSED] - Statement - counter = counter + 1: null

2018-12-05 12:40:17 - [TEST_STEP][PASSED] - Statement - PreSaveFile = new java.io.File(((pathPrefix + java.lang.Integer.toString(counter)) + .png)): null

2018-12-05 12:40:17 - [TEST_STEP][PASSED] - Statement - counter = counter + 1: null

2018-12-05 12:40:17 - [TEST_STEP][PASSED] - Statement - PreSaveFile = new java.io.File(((pathPrefix + java.lang.Integer.toString(counter)) + .png)): null

2018-12-05 12:40:17 - [TEST_STEP][PASSED] - Statement - counter = counter + 1: null

2018-12-05 12:40:17 - [TEST_STEP][PASSED] - Statement - PreSaveFile = new java.io.File(((pathPrefix + java.lang.Integer.toString(counter)) + .png)): null

2018-12-05 12:40:17 - [TEST_STEP][PASSED] - Statement - counter = counter + 1: null

2018-12-05 12:40:17 - [TEST_STEP][PASSED] - Statement - PreSaveFile = new java.io.File(((pathPrefix + java.lang.Integer.toString(counter)) + .png)): null

2018-12-05 12:40:17 - [TEST_STEP][PASSED] - Statement - counter = counter + 1: null

2018-12-05 12:40:17 - [TEST_STEP][PASSED] - Statement - PreSaveFile = new java.io.File(((pathPrefix + java.lang.Integer.toString(counter)) + .png)): null

2018-12-05 12:40:17 - [TEST_STEP][PASSED] - Statement - counter = counter + 1: null

2018-12-05 12:40:17 - [TEST_STEP][PASSED] - Statement - PreSaveFile = new java.io.File(((pathPrefix + java.lang.Integer.toString(counter)) + .png)): null

2018-12-05 12:40:17 - [TEST_STEP][PASSED] - Statement - counter = counter + 1: null

2018-12-05 12:40:17 - [TEST_STEP][PASSED] - Statement - PreSaveFile = new java.io.File(((pathPrefix + java.lang.Integer.toString(counter)) + .png)): null

2018-12-05 12:40:17 - [TEST_STEP][PASSED] - Statement - counter = counter + 1: null

2018-12-05 12:40:17 - [TEST_STEP][PASSED] - Statement - PreSaveFile = new java.io.File(((pathPrefix + java.lang.Integer.toString(counter)) + .png)): null

2018-12-05 12:40:17 - [TEST_STEP][PASSED] - Statement - counter = counter + 1: null

2018-12-05 12:40:17 - [TEST_STEP][PASSED] - Statement - PreSaveFile = new java.io.File(((pathPrefix + java.lang.Integer.toString(counter)) + .png)): null

2018-12-05 12:40:17 - [TEST_STEP][PASSED] - Statement - counter = counter + 1: null

2018-12-05 12:40:18 - [TEST_STEP][PASSED] - Statement - PreSaveFile = new java.io.File(((pathPrefix + java.lang.Integer.toString(counter)) + .png)): null

2018-12-05 12:40:18 - [TEST_STEP][PASSED] - Statement - counter = counter + 1: null

2018-12-05 12:40:18 - [TEST_STEP][PASSED] - Statement - PreSaveFile = new java.io.File(((pathPrefix + java.lang.Integer.toString(counter)) + .png)): null

2018-12-05 12:40:18 - [TEST_STEP][PASSED] - Statement - counter = counter + 1: null

2018-12-05 12:40:18 - [TEST_STEP][PASSED] - Statement - PreSaveFile = new java.io.File(((pathPrefix + java.lang.Integer.toString(counter)) + .png)): null

2018-12-05 12:40:18 - [TEST_STEP][PASSED] - Statement - counter = counter + 1: null

2018-12-05 12:40:18 - [TEST_STEP][PASSED] - Statement - PreSaveFile = new java.io.File(((pathPrefix + java.lang.Integer.toString(counter)) + .png)): null

2018-12-05 12:40:18 - [TEST_STEP][PASSED] - Statement - counter = counter + 1: null

2018-12-05 12:40:18 - [TEST_STEP][PASSED] - Statement - PreSaveFile = new java.io.File(((pathPrefix + java.lang.Integer.toString(counter)) + .png)): null

2018-12-05 12:40:18 - [TEST_STEP][PASSED] - Statement - counter = counter + 1: null

2018-12-05 12:40:18 - [TEST_STEP][PASSED] - Statement - PreSaveFile = new java.io.File(((pathPrefix + java.lang.Integer.toString(counter)) + .png)): null

2018-12-05 12:40:18 - [TEST_STEP][PASSED] - Statement - counter = counter + 1: null

2018-12-05 12:40:18 - [TEST_STEP][PASSED] - Statement - PreSaveFile = new java.io.File(((pathPrefix + java.lang.Integer.toString(counter)) + .png)): null

2018-12-05 12:40:18 - [TEST_STEP][PASSED] - Statement - counter = counter + 1: null

2018-12-05 12:40:18 - [TEST_STEP][PASSED] - Statement - PreSaveFile = new java.io.File(((pathPrefix + java.lang.Integer.toString(counter)) + .png)): null

2018-12-05 12:40:18 - [TEST_STEP][PASSED] - Statement - counter = counter + 1: null

2018-12-05 12:40:18 - [TEST_STEP][PASSED] - Statement - PreSaveFile = new java.io.File(((pathPrefix + java.lang.Integer.toString(counter)) + .png)): null

2018-12-05 12:40:18 - [TEST_STEP][PASSED] - Statement - counter = counter + 1: null

2018-12-05 12:40:18 - [TEST_STEP][PASSED] - Statement - PreSaveFile = new java.io.File(((pathPrefix + java.lang.Integer.toString(counter)) + .png)): null

2018-12-05 12:40:18 - [TEST_STEP][PASSED] - Statement - counter = counter + 1: null

2018-12-05 12:40:18 - [TEST_STEP][PASSED] - Statement - PreSaveFile = new java.io.File(((pathPrefix + java.lang.Integer.toString(counter)) + .png)): null

2018-12-05 12:40:18 - [TEST_STEP][PASSED] - Statement - counter = counter + 1: null

2018-12-05 12:40:18 - [TEST_STEP][PASSED] - Statement - PreSaveFile = new java.io.File(((pathPrefix + java.lang.Integer.toString(counter)) + .png)): null

2018-12-05 12:40:18 - [TEST_STEP][PASSED] - Statement - counter = counter + 1: null

2018-12-05 12:40:18 - [TEST_STEP][PASSED] - Statement - PreSaveFile = new java.io.File(((pathPrefix + java.lang.Integer.toString(counter)) + .png)): null

2018-12-05 12:40:18 - [TEST_STEP][PASSED] - Statement - counter = counter + 1: null

2018-12-05 12:40:18 - [TEST_STEP][PASSED] - Statement - PreSaveFile = new java.io.File(((pathPrefix + java.lang.Integer.toString(counter)) + .png)): null

2018-12-05 12:40:18 - [TEST_STEP][PASSED] - Statement - counter = counter + 1: null

2018-12-05 12:40:18 - [TEST_STEP][PASSED] - Statement - PreSaveFile = new java.io.File(((pathPrefix + java.lang.Integer.toString(counter)) + .png)): null

2018-12-05 12:40:19 - [TEST_STEP][PASSED] - Statement - counter = counter + 1: null

2018-12-05 12:40:19 - [TEST_STEP][PASSED] - Statement - PreSaveFile = new java.io.File(((pathPrefix + java.lang.Integer.toString(counter)) + .png)): null

2018-12-05 12:40:19 - [TEST_STEP][PASSED] - Statement - counter = counter + 1: null

2018-12-05 12:40:19 - [TEST_STEP][PASSED] - Statement - PreSaveFile = new java.io.File(((pathPrefix + java.lang.Integer.toString(counter)) + .png)): null

2018-12-05 12:40:19 - [TEST_STEP][PASSED] - Statement - counter = counter + 1: null

2018-12-05 12:40:19 - [TEST_STEP][PASSED] - Statement - PreSaveFile = new java.io.File(((pathPrefix + java.lang.Integer.toString(counter)) + .png)): null

2018-12-05 12:40:19 - [TEST_STEP][PASSED] - Statement - counter = counter + 1: null

2018-12-05 12:40:19 - [TEST_STEP][PASSED] - Statement - PreSaveFile = new java.io.File(((pathPrefix + java.lang.Integer.toString(counter)) + .png)): null

2018-12-05 12:40:19 - [TEST_STEP][PASSED] - Statement - counter = counter + 1: null

2018-12-05 12:40:19 - [TEST_STEP][PASSED] - Statement - PreSaveFile = new java.io.File(((pathPrefix + java.lang.Integer.toString(counter)) + .png)): null

2018-12-05 12:40:19 - [TEST_STEP][PASSED] - Statement - counter = counter + 1: null

2018-12-05 12:40:19 - [TEST_STEP][PASSED] - Statement - PreSaveFile = new java.io.File(((pathPrefix + java.lang.Integer.toString(counter)) + .png)): null

2018-12-05 12:40:19 - [TEST_STEP][PASSED] - Statement - counter = counter + 1: null

2018-12-05 12:40:19 - [TEST_STEP][PASSED] - Statement - PreSaveFile = new java.io.File(((pathPrefix + java.lang.Integer.toString(counter)) + .png)): null

2018-12-05 12:40:19 - [TEST_STEP][PASSED] - Statement - counter = counter + 1: null

2018-12-05 12:40:19 - [TEST_STEP][PASSED] - Statement - PreSaveFile = new java.io.File(((pathPrefix + java.lang.Integer.toString(counter)) + .png)): null

2018-12-05 12:40:19 - [TEST_STEP][PASSED] - Statement - counter = counter + 1: null

2018-12-05 12:40:19 - [TEST_STEP][PASSED] - Statement - PreSaveFile = new java.io.File(((pathPrefix + java.lang.Integer.toString(counter)) + .png)): null

2018-12-05 12:40:19 - [TEST_STEP][PASSED] - Statement - counter = counter + 1: null

2018-12-05 12:40:19 - [TEST_STEP][PASSED] - Statement - PreSaveFile = new java.io.File(((pathPrefix + java.lang.Integer.toString(counter)) + .png)): null

2018-12-05 12:40:19 - [TEST_STEP][PASSED] - Statement - counter = counter + 1: null

2018-12-05 12:40:20 - [TEST_STEP][PASSED] - Statement - PreSaveFile = new java.io.File(((pathPrefix + java.lang.Integer.toString(counter)) + .png)): null

2018-12-05 12:40:20 - [TEST_STEP][PASSED] - Statement - counter = counter + 1: null

2018-12-05 12:40:20 - [TEST_STEP][PASSED] - Statement - PreSaveFile = new java.io.File(((pathPrefix + java.lang.Integer.toString(counter)) + .png)): null

2018-12-05 12:40:20 - [TEST_STEP][PASSED] - Statement - counter = counter + 1: null

2018-12-05 12:40:20 - [TEST_STEP][PASSED] - Statement - PreSaveFile = new java.io.File(((pathPrefix + java.lang.Integer.toString(counter)) + .png)): null

2018-12-05 12:40:20 - [TEST_STEP][PASSED] - Statement - counter = counter + 1: null

2018-12-05 12:40:20 - [TEST_STEP][PASSED] - Statement - PreSaveFile = new java.io.File(((pathPrefix + java.lang.Integer.toString(counter)) + .png)): null

2018-12-05 12:40:20 - [TEST_STEP][PASSED] - Statement - counter = counter + 1: null

2018-12-05 12:40:20 - [TEST_STEP][PASSED] - Statement - PreSaveFile = new java.io.File(((pathPrefix + java.lang.Integer.toString(counter)) + .png)): null

2018-12-05 12:40:20 - [TEST_STEP][PASSED] - Statement - counter = counter + 1: null

2018-12-05 12:40:20 - [TEST_STEP][PASSED] - Statement - PreSaveFile = new java.io.File(((pathPrefix + java.lang.Integer.toString(counter)) + .png)): null

2018-12-05 12:40:20 - [TEST_STEP][PASSED] - Statement - counter = counter + 1: null

2018-12-05 12:40:20 - [TEST_STEP][PASSED] - Statement - PreSaveFile = new java.io.File(((pathPrefix + java.lang.Integer.toString(counter)) + .png)): null

2018-12-05 12:40:20 - [TEST_STEP][PASSED] - Statement - counter = counter + 1: null

2018-12-05 12:40:20 - [TEST_STEP][PASSED] - Statement - PreSaveFile = new java.io.File(((pathPrefix + java.lang.Integer.toString(counter)) + .png)): null

2018-12-05 12:40:20 - [TEST_STEP][PASSED] - Statement - counter = counter + 1: null

2018-12-05 12:40:20 - [TEST_STEP][PASSED] - Statement - PreSaveFile = new java.io.File(((pathPrefix + java.lang.Integer.toString(counter)) + .png)): null

2018-12-05 12:40:20 - [TEST_STEP][PASSED] - Statement - counter = counter + 1: null

2018-12-05 12:40:20 - [TEST_STEP][PASSED] - Statement - PreSaveFile = new java.io.File(((pathPrefix + java.lang.Integer.toString(counter)) + .png)): null

2018-12-05 12:40:20 - [TEST_STEP][PASSED] - Statement - counter = counter + 1: null

2018-12-05 12:40:20 - [TEST_STEP][PASSED] - Statement - PreSaveFile = new java.io.File(((pathPrefix + java.lang.Integer.toString(counter)) + .png)): null

2018-12-05 12:40:20 - [TEST_STEP][PASSED] - Statement - counter = counter + 1: null

2018-12-05 12:40:20 - [TEST_STEP][PASSED] - Statement - PreSaveFile = new java.io.File(((pathPrefix + java.lang.Integer.toString(counter)) + .png)): null

2018-12-05 12:40:20 - [TEST_STEP][PASSED] - Statement - counter = counter + 1: null

2018-12-05 12:40:20 - [TEST_STEP][PASSED] - Statement - PreSaveFile = new java.io.File(((pathPrefix + java.lang.Integer.toString(counter)) + .png)): null

2018-12-05 12:40:20 - [TEST_STEP][PASSED] - Statement - counter = counter + 1: null

2018-12-05 12:40:20 - [TEST_STEP][PASSED] - Statement - PreSaveFile = new java.io.File(((pathPrefix + java.lang.Integer.toString(counter)) + .png)): null

2018-12-05 12:40:20 - [TEST_STEP][PASSED] - Statement - counter = counter + 1: null

2018-12-05 12:40:20 - [TEST_STEP][PASSED] - Statement - PreSaveFile = new java.io.File(((pathPrefix + java.lang.Integer.toString(counter)) + .png)): null

2018-12-05 12:40:20 - [TEST_STEP][PASSED] - Statement - counter = counter + 1: null

2018-12-05 12:40:20 - [TEST_STEP][PASSED] - Statement - PreSaveFile = new java.io.File(((pathPrefix + java.lang.Integer.toString(counter)) + .png)): null

2018-12-05 12:40:20 - [TEST_STEP][PASSED] - Statement - counter = counter + 1: null

2018-12-05 12:40:20 - [TEST_STEP][PASSED] - Statement - PreSaveFile = new java.io.File(((pathPrefix + java.lang.Integer.toString(counter)) + .png)): null

2018-12-05 12:40:20 - [TEST_STEP][PASSED] - Statement - counter = counter + 1: null

2018-12-05 12:40:20 - [TEST_STEP][PASSED] - Statement - PreSaveFile = new java.io.File(((pathPrefix + java.lang.Integer.toString(counter)) + .png)): null

2018-12-05 12:40:20 - [TEST_STEP][PASSED] - Statement - counter = counter + 1: null

2018-12-05 12:40:20 - [TEST_STEP][PASSED] - Statement - PreSaveFile = new java.io.File(((pathPrefix + java.lang.Integer.toString(counter)) + .png)): null

2018-12-05 12:40:20 - [TEST_STEP][PASSED] - Statement - counter = counter + 1: null

2018-12-05 12:40:21 - [TEST_STEP][PASSED] - Statement - PreSaveFile = new java.io.File(((pathPrefix + java.lang.Integer.toString(counter)) + .png)): null

2018-12-05 12:40:21 - [TEST_STEP][PASSED] - Statement - counter = counter + 1: null

2018-12-05 12:40:21 - [TEST_STEP][PASSED] - Statement - PreSaveFile = new java.io.File(((pathPrefix + java.lang.Integer.toString(counter)) + .png)): null

2018-12-05 12:40:21 - [TEST_STEP][PASSED] - Statement - counter = counter + 1: null

2018-12-05 12:40:21 - [TEST_STEP][PASSED] - Statement - PreSaveFile = new java.io.File(((pathPrefix + java.lang.Integer.toString(counter)) + .png)): null

2018-12-05 12:40:21 - [TEST_STEP][PASSED] - Statement - counter = counter + 1: null

2018-12-05 12:40:21 - [TEST_STEP][PASSED] - Statement - PreSaveFile = new java.io.File(((pathPrefix + java.lang.Integer.toString(counter)) + .png)): null

2018-12-05 12:40:21 - [TEST_STEP][PASSED] - Statement - counter = counter + 1: null

2018-12-05 12:40:21 - [TEST_STEP][PASSED] - Statement - PreSaveFile = new java.io.File(((pathPrefix + java.lang.Integer.toString(counter)) + .png)): null

2018-12-05 12:40:21 - [TEST_STEP][PASSED] - Statement - counter = counter + 1: null

2018-12-05 12:40:21 - [TEST_STEP][PASSED] - Statement - PreSaveFile = new java.io.File(((pathPrefix + java.lang.Integer.toString(counter)) + .png)): null

2018-12-05 12:40:21 - [TEST_STEP][PASSED] - Statement - counter = counter + 1: null

2018-12-05 12:40:21 - [TEST_STEP][PASSED] - Statement - PreSaveFile = new java.io.File(((pathPrefix + java.lang.Integer.toString(counter)) + .png)): null

2018-12-05 12:40:21 - [TEST_STEP][PASSED] - Statement - counter = counter + 1: null

2018-12-05 12:40:21 - [TEST_STEP][PASSED] - Statement - PreSaveFile = new java.io.File(((pathPrefix + java.lang.Integer.toString(counter)) + .png)): null

2018-12-05 12:40:21 - [TEST_STEP][PASSED] - Statement - counter = counter + 1: null

2018-12-05 12:40:21 - [TEST_STEP][PASSED] - Statement - PreSaveFile = new java.io.File(((pathPrefix + java.lang.Integer.toString(counter)) + .png)): null

2018-12-05 12:40:21 - [TEST_STEP][PASSED] - Statement - counter = counter + 1: null

2018-12-05 12:40:21 - [TEST_STEP][PASSED] - Statement - PreSaveFile = new java.io.File(((pathPrefix + java.lang.Integer.toString(counter)) + .png)): null

2018-12-05 12:40:21 - [TEST_STEP][PASSED] - Statement - counter = counter + 1: null

2018-12-05 12:40:21 - [TEST_STEP][PASSED] - Statement - PreSaveFile = new java.io.File(((pathPrefix + java.lang.Integer.toString(counter)) + .png)): null

2018-12-05 12:40:21 - [TEST_STEP][PASSED] - Statement - counter = counter + 1: null

2018-12-05 12:40:21 - [TEST_STEP][PASSED] - Statement - PreSaveFile = new java.io.File(((pathPrefix + java.lang.Integer.toString(counter)) + .png)): null

2018-12-05 12:40:21 - [TEST_STEP][PASSED] - Statement - counter = counter + 1: null

2018-12-05 12:40:21 - [TEST_STEP][PASSED] - Statement - PreSaveFile = new java.io.File(((pathPrefix + java.lang.Integer.toString(counter)) + .png)): null

2018-12-05 12:40:21 - [TEST_STEP][PASSED] - Statement - counter = counter + 1: null

2018-12-05 12:40:21 - [TEST_STEP][PASSED] - Statement - PreSaveFile = new java.io.File(((pathPrefix + java.lang.Integer.toString(counter)) + .png)): null

2018-12-05 12:40:21 - [TEST_STEP][PASSED] - Statement - counter = counter + 1: null

2018-12-05 12:40:22 - [TEST_STEP][PASSED] - Statement - PreSaveFile = new java.io.File(((pathPrefix + java.lang.Integer.toString(counter)) + .png)): null

2018-12-05 12:40:22 - [TEST_STEP][PASSED] - Statement - counter = counter + 1: null

2018-12-05 12:40:22 - [TEST_STEP][PASSED] - Statement - PreSaveFile = new java.io.File(((pathPrefix + java.lang.Integer.toString(counter)) + .png)): null

2018-12-05 12:40:22 - [TEST_STEP][PASSED] - Statement - counter = counter + 1: null

2018-12-05 12:40:22 - [TEST_STEP][PASSED] - Statement - PreSaveFile = new java.io.File(((pathPrefix + java.lang.Integer.toString(counter)) + .png)): null

2018-12-05 12:40:22 - [TEST_STEP][PASSED] - Statement - counter = counter + 1: null

2018-12-05 12:40:22 - [TEST_STEP][PASSED] - Statement - PreSaveFile = new java.io.File(((pathPrefix + java.lang.Integer.toString(counter)) + .png)): null

2018-12-05 12:40:22 - [TEST_STEP][PASSED] - Statement - counter = counter + 1: null

2018-12-05 12:40:22 - [TEST_STEP][PASSED] - Statement - PreSaveFile = new java.io.File(((pathPrefix + java.lang.Integer.toString(counter)) + .png)): null

2018-12-05 12:40:22 - [TEST_STEP][PASSED] - Statement - counter = counter + 1: null

2018-12-05 12:40:22 - [TEST_STEP][PASSED] - Statement - PreSaveFile = new java.io.File(((pathPrefix + java.lang.Integer.toString(counter)) + .png)): null

2018-12-05 12:40:22 - [TEST_STEP][PASSED] - Statement - counter = counter + 1: null

2018-12-05 12:40:22 - [TEST_STEP][PASSED] - Statement - PreSaveFile = new java.io.File(((pathPrefix + java.lang.Integer.toString(counter)) + .png)): null

2018-12-05 12:40:22 - [TEST_STEP][PASSED] - Statement - counter = counter + 1: null

2018-12-05 12:40:22 - [TEST_STEP][PASSED] - Statement - PreSaveFile = new java.io.File(((pathPrefix + java.lang.Integer.toString(counter)) + .png)): null

2018-12-05 12:40:22 - [TEST_STEP][PASSED] - Statement - counter = counter + 1: null

2018-12-05 12:40:22 - [TEST_STEP][PASSED] - Statement - PreSaveFile = new java.io.File(((pathPrefix + java.lang.Integer.toString(counter)) + .png)): null

2018-12-05 12:40:22 - [TEST_STEP][PASSED] - Statement - counter = counter + 1: null

2018-12-05 12:40:22 - [TEST_STEP][PASSED] - Statement - PreSaveFile = new java.io.File(((pathPrefix + java.lang.Integer.toString(counter)) + .png)): null

2018-12-05 12:40:22 - [TEST_STEP][PASSED] - Statement - counter = counter + 1: null

2018-12-05 12:40:22 - [TEST_STEP][PASSED] - Statement - PreSaveFile = new java.io.File(((pathPrefix + java.lang.Integer.toString(counter)) + .png)): null

2018-12-05 12:40:22 - [TEST_STEP][PASSED] - Statement - counter = counter + 1: null

2018-12-05 12:40:22 - [TEST_STEP][PASSED] - Statement - PreSaveFile = new java.io.File(((pathPrefix + java.lang.Integer.toString(counter)) + .png)): null

2018-12-05 12:40:22 - [TEST_STEP][PASSED] - Statement - counter = counter + 1: null

2018-12-05 12:40:22 - [TEST_STEP][PASSED] - Statement - PreSaveFile = new java.io.File(((pathPrefix + java.lang.Integer.toString(counter)) + .png)): null

2018-12-05 12:40:22 - [TEST_STEP][PASSED] - Statement - counter = counter + 1: null

2018-12-05 12:40:22 - [TEST_STEP][PASSED] - Statement - PreSaveFile = new java.io.File(((pathPrefix + java.lang.Integer.toString(counter)) + .png)): null

2018-12-05 12:40:22 - [TEST_STEP][PASSED] - Statement - counter = counter + 1: null

2018-12-05 12:40:22 - [TEST_STEP][PASSED] - Statement - PreSaveFile = new java.io.File(((pathPrefix + java.lang.Integer.toString(counter)) + .png)): null

2018-12-05 12:40:22 - [TEST_STEP][PASSED] - Statement - counter = counter + 1: null

2018-12-05 12:40:22 - [TEST_STEP][PASSED] - Statement - PreSaveFile = new java.io.File(((pathPrefix + java.lang.Integer.toString(counter)) + .png)): null

2018-12-05 12:40:22 - [TEST_STEP][PASSED] - Statement - counter = counter + 1: null

2018-12-05 12:40:22 - [TEST_STEP][PASSED] - Statement - PreSaveFile = new java.io.File(((pathPrefix + java.lang.Integer.toString(counter)) + .png)): null

2018-12-05 12:40:22 - [TEST_STEP][PASSED] - Statement - counter = counter + 1: null

2018-12-05 12:40:22 - [TEST_STEP][PASSED] - Statement - PreSaveFile = new java.io.File(((pathPrefix + java.lang.Integer.toString(counter)) + .png)): null

2018-12-05 12:40:22 - [TEST_STEP][PASSED] - Statement - counter = counter + 1: null

2018-12-05 12:40:22 - [TEST_STEP][PASSED] - Statement - PreSaveFile = new java.io.File(((pathPrefix + java.lang.Integer.toString(counter)) + .png)): null

2018-12-05 12:40:22 - [TEST_STEP][PASSED] - Statement - counter = counter + 1: null

2018-12-05 12:40:23 - [TEST_STEP][PASSED] - Statement - PreSaveFile = new java.io.File(((pathPrefix + java.lang.Integer.toString(counter)) + .png)): null

2018-12-05 12:40:23 - [TEST_STEP][PASSED] - Statement - counter = counter + 1: null

2018-12-05 12:40:23 - [TEST_STEP][PASSED] - Statement - PreSaveFile = new java.io.File(((pathPrefix + java.lang.Integer.toString(counter)) + .png)): null

2018-12-05 12:40:23 - [TEST_STEP][PASSED] - Statement - counter = counter + 1: null

2018-12-05 12:40:23 - [TEST_STEP][PASSED] - Statement - PreSaveFile = new java.io.File(((pathPrefix + java.lang.Integer.toString(counter)) + .png)): null

2018-12-05 12:40:23 - [TEST_STEP][PASSED] - Statement - counter = counter + 1: null

2018-12-05 12:40:23 - [TEST_STEP][PASSED] - Statement - PreSaveFile = new java.io.File(((pathPrefix + java.lang.Integer.toString(counter)) + .png)): null

2018-12-05 12:40:23 - [TEST_STEP][PASSED] - Statement - counter = counter + 1: null

2018-12-05 12:40:23 - [TEST_STEP][PASSED] - Statement - PreSaveFile = new java.io.File(((pathPrefix + java.lang.Integer.toString(counter)) + .png)): null

2018-12-05 12:40:23 - [TEST_STEP][PASSED] - Statement - counter = counter + 1: null

2018-12-05 12:40:23 - [TEST_STEP][PASSED] - Statement - PreSaveFile = new java.io.File(((pathPrefix + java.lang.Integer.toString(counter)) + .png)): null

2018-12-05 12:40:23 - [TEST_STEP][PASSED] - Statement - counter = counter + 1: null

2018-12-05 12:40:23 - [TEST_STEP][PASSED] - Statement - PreSaveFile = new java.io.File(((pathPrefix + java.lang.Integer.toString(counter)) + .png)): null

2018-12-05 12:40:23 - [TEST_STEP][PASSED] - Statement - counter = counter + 1: null

2018-12-05 12:40:23 - [TEST_STEP][PASSED] - Statement - PreSaveFile = new java.io.File(((pathPrefix + java.lang.Integer.toString(counter)) + .png)): null

2018-12-05 12:40:23 - [TEST_STEP][PASSED] - Statement - counter = counter + 1: null

2018-12-05 12:40:23 - [TEST_STEP][PASSED] - Statement - PreSaveFile = new java.io.File(((pathPrefix + java.lang.Integer.toString(counter)) + .png)): null

2018-12-05 12:40:23 - [TEST_STEP][PASSED] - Statement - counter = counter + 1: null

2018-12-05 12:40:23 - [TEST_STEP][PASSED] - Statement - PreSaveFile = new java.io.File(((pathPrefix + java.lang.Integer.toString(counter)) + .png)): null

2018-12-05 12:40:23 - [TEST_STEP][PASSED] - Statement - counter = counter + 1: null

2018-12-05 12:40:23 - [TEST_STEP][PASSED] - Statement - PreSaveFile = new java.io.File(((pathPrefix + java.lang.Integer.toString(counter)) + .png)): null

2018-12-05 12:40:23 - [TEST_STEP][PASSED] - Statement - counter = counter + 1: null

2018-12-05 12:40:23 - [TEST_STEP][PASSED] - Statement - PreSaveFile = new java.io.File(((pathPrefix + java.lang.Integer.toString(counter)) + .png)): null

2018-12-05 12:40:23 - [TEST_STEP][PASSED] - Statement - counter = counter + 1: null

2018-12-05 12:40:23 - [TEST_STEP][PASSED] - Statement - PreSaveFile = new java.io.File(((pathPrefix + java.lang.Integer.toString(counter)) + .png)): null

2018-12-05 12:40:23 - [TEST_STEP][PASSED] - Statement - counter = counter + 1: null

2018-12-05 12:40:23 - [TEST_STEP][PASSED] - Statement - PreSaveFile = new java.io.File(((pathPrefix + java.lang.Integer.toString(counter)) + .png)): null

2018-12-05 12:40:23 - [TEST_STEP][PASSED] - Statement - counter = counter + 1: null

2018-12-05 12:40:23 - [TEST_STEP][PASSED] - Statement - PreSaveFile = new java.io.File(((pathPrefix + java.lang.Integer.toString(counter)) + .png)): null

2018-12-05 12:40:24 - [TEST_STEP][PASSED] - Statement - counter = counter + 1: null

2018-12-05 12:40:24 - [TEST_STEP][PASSED] - Statement - PreSaveFile = new java.io.File(((pathPrefix + java.lang.Integer.toString(counter)) + .png)): null

2018-12-05 12:40:24 - [TEST_STEP][PASSED] - Statement - counter = counter + 1: null

2018-12-05 12:40:24 - [TEST_STEP][PASSED] - Statement - PreSaveFile = new java.io.File(((pathPrefix + java.lang.Integer.toString(counter)) + .png)): null

2018-12-05 12:40:24 - [TEST_STEP][PASSED] - Statement - counter = counter + 1: null

2018-12-05 12:40:24 - [TEST_STEP][PASSED] - Statement - PreSaveFile = new java.io.File(((pathPrefix + java.lang.Integer.toString(counter)) + .png)): null

2018-12-05 12:40:24 - [TEST_STEP][PASSED] - Statement - counter = counter + 1: null

2018-12-05 12:40:24 - [TEST_STEP][PASSED] - Statement - PreSaveFile = new java.io.File(((pathPrefix + java.lang.Integer.toString(counter)) + .png)): null

2018-12-05 12:40:24 - [TEST_STEP][PASSED] - Statement - counter = counter + 1: null

2018-12-05 12:40:24 - [TEST_STEP][PASSED] - Statement - PreSaveFile = new java.io.File(((pathPrefix + java.lang.Integer.toString(counter)) + .png)): null

2018-12-05 12:40:24 - [TEST_STEP][PASSED] - Statement - counter = counter + 1: null

2018-12-05 12:40:24 - [TEST_STEP][PASSED] - Statement - PreSaveFile = new java.io.File(((pathPrefix + java.lang.Integer.toString(counter)) + .png)): null

2018-12-05 12:40:24 - [TEST_STEP][PASSED] - Statement - counter = counter + 1: null

2018-12-05 12:40:24 - [TEST_STEP][PASSED] - Statement - PreSaveFile = new java.io.File(((pathPrefix + java.lang.Integer.toString(counter)) + .png)): null

2018-12-05 12:40:24 - [TEST_STEP][PASSED] - Statement - counter = counter + 1: null

2018-12-05 12:40:24 - [TEST_STEP][PASSED] - Statement - PreSaveFile = new java.io.File(((pathPrefix + java.lang.Integer.toString(counter)) + .png)): null

2018-12-05 12:40:24 - [TEST_STEP][PASSED] - Statement - counter = counter + 1: null

2018-12-05 12:40:24 - [TEST_STEP][PASSED] - Statement - PreSaveFile = new java.io.File(((pathPrefix + java.lang.Integer.toString(counter)) + .png)): null

2018-12-05 12:40:24 - [TEST_STEP][PASSED] - Statement - counter = counter + 1: null

2018-12-05 12:40:24 - [TEST_STEP][PASSED] - Statement - PreSaveFile = new java.io.File(((pathPrefix + java.lang.Integer.toString(counter)) + .png)): null

2018-12-05 12:40:24 - [TEST_STEP][PASSED] - Statement - counter = counter + 1: null

2018-12-05 12:40:24 - [TEST_STEP][PASSED] - Statement - PreSaveFile = new java.io.File(((pathPrefix + java.lang.Integer.toString(counter)) + .png)): null

2018-12-05 12:40:24 - [TEST_STEP][PASSED] - Statement - counter = counter + 1: null

2018-12-05 12:40:24 - [TEST_STEP][PASSED] - Statement - PreSaveFile = new java.io.File(((pathPrefix + java.lang.Integer.toString(counter)) + .png)): null

2018-12-05 12:40:24 - [TEST_STEP][PASSED] - Statement - counter = counter + 1: null

2018-12-05 12:40:24 - [TEST_STEP][PASSED] - Statement - PreSaveFile = new java.io.File(((pathPrefix + java.lang.Integer.toString(counter)) + .png)): null

2018-12-05 12:40:24 - [TEST_STEP][PASSED] - Statement - counter = counter + 1: null

2018-12-05 12:40:24 - [TEST_STEP][PASSED] - Statement - PreSaveFile = new java.io.File(((pathPrefix + java.lang.Integer.toString(counter)) + .png)): null

2018-12-05 12:40:24 - [TEST_STEP][PASSED] - Statement - counter = counter + 1: null

2018-12-05 12:40:25 - [TEST_STEP][PASSED] - Statement - PreSaveFile = new java.io.File(((pathPrefix + java.lang.Integer.toString(counter)) + .png)): null

2018-12-05 12:40:25 - [TEST_STEP][PASSED] - Statement - counter = counter + 1: null

2018-12-05 12:40:25 - [TEST_STEP][PASSED] - Statement - PreSaveFile = new java.io.File(((pathPrefix + java.lang.Integer.toString(counter)) + .png)): null

2018-12-05 12:40:25 - [TEST_STEP][PASSED] - Statement - counter = counter + 1: null

2018-12-05 12:40:25 - [TEST_STEP][PASSED] - Statement - PreSaveFile = new java.io.File(((pathPrefix + java.lang.Integer.toString(counter)) + .png)): null

2018-12-05 12:40:25 - [TEST_STEP][PASSED] - Statement - counter = counter + 1: null

2018-12-05 12:40:25 - [TEST_STEP][PASSED] - Statement - PreSaveFile = new java.io.File(((pathPrefix + java.lang.Integer.toString(counter)) + .png)): null

2018-12-05 12:40:25 - [TEST_STEP][PASSED] - Statement - counter = counter + 1: null

2018-12-05 12:40:25 - [TEST_STEP][PASSED] - Statement - PreSaveFile = new java.io.File(((pathPrefix + java.lang.Integer.toString(counter)) + .png)): null

2018-12-05 12:40:25 - [TEST_STEP][PASSED] - Statement - counter = counter + 1: null

2018-12-05 12:40:25 - [TEST_STEP][PASSED] - Statement - PreSaveFile = new java.io.File(((pathPrefix + java.lang.Integer.toString(counter)) + .png)): null

2018-12-05 12:40:25 - [TEST_STEP][PASSED] - Statement - counter = counter + 1: null

2018-12-05 12:40:25 - [TEST_STEP][PASSED] - Statement - PreSaveFile = new java.io.File(((pathPrefix + java.lang.Integer.toString(counter)) + .png)): null

2018-12-05 12:40:25 - [TEST_STEP][PASSED] - Statement - counter = counter + 1: null

2018-12-05 12:40:25 - [TEST_STEP][PASSED] - Statement - PreSaveFile = new java.io.File(((pathPrefix + java.lang.Integer.toString(counter)) + .png)): null

2018-12-05 12:40:25 - [TEST_STEP][PASSED] - Statement - counter = counter + 1: null

2018-12-05 12:40:25 - [TEST_STEP][PASSED] - Statement - PreSaveFile = new java.io.File(((pathPrefix + java.lang.Integer.toString(counter)) + .png)): null

2018-12-05 12:40:25 - [TEST_STEP][PASSED] - Statement - counter = counter + 1: null

2018-12-05 12:40:25 - [TEST_STEP][PASSED] - Statement - PreSaveFile = new java.io.File(((pathPrefix + java.lang.Integer.toString(counter)) + .png)): null

2018-12-05 12:40:25 - [TEST_STEP][PASSED] - Statement - counter = counter + 1: null

2018-12-05 12:40:25 - [TEST_STEP][PASSED] - Statement - PreSaveFile = new java.io.File(((pathPrefix + java.lang.Integer.toString(counter)) + .png)): null

2018-12-05 12:40:25 - [TEST_STEP][PASSED] - Statement - counter = counter + 1: null

2018-12-05 12:40:25 - [TEST_STEP][PASSED] - Statement - PreSaveFile = new java.io.File(((pathPrefix + java.lang.Integer.toString(counter)) + .png)): null

2018-12-05 12:40:25 - [TEST_STEP][PASSED] - Statement - counter = counter + 1: null

2018-12-05 12:40:25 - [TEST_STEP][PASSED] - Statement - PreSaveFile = new java.io.File(((pathPrefix + java.lang.Integer.toString(counter)) + .png)): null

2018-12-05 12:40:25 - [TEST_STEP][PASSED] - Statement - counter = counter + 1: null

2018-12-05 12:40:25 - [TEST_STEP][PASSED] - Statement - PreSaveFile = new java.io.File(((pathPrefix + java.lang.Integer.toString(counter)) + .png)): null

2018-12-05 12:40:25 - [TEST_STEP][PASSED] - Statement - counter = counter + 1: null

2018-12-05 12:40:26 - [TEST_STEP][PASSED] - Statement - PreSaveFile = new java.io.File(((pathPrefix + java.lang.Integer.toString(counter)) + .png)): null

2018-12-05 12:40:26 - [TEST_STEP][PASSED] - Statement - counter = counter + 1: null

2018-12-05 12:40:26 - [TEST_STEP][PASSED] - Statement - PreSaveFile = new java.io.File(((pathPrefix + java.lang.Integer.toString(counter)) + .png)): null

2018-12-05 12:40:26 - [TEST_STEP][PASSED] - Statement - counter = counter + 1: null

2018-12-05 12:40:26 - [TEST_STEP][PASSED] - Statement - PreSaveFile = new java.io.File(((pathPrefix + java.lang.Integer.toString(counter)) + .png)): null

2018-12-05 12:40:26 - [TEST_STEP][PASSED] - Statement - counter = counter + 1: null

2018-12-05 12:40:26 - [TEST_STEP][PASSED] - Statement - PreSaveFile = new java.io.File(((pathPrefix + java.lang.Integer.toString(counter)) + .png)): null

2018-12-05 12:40:26 - [TEST_STEP][PASSED] - Statement - counter = counter + 1: null

2018-12-05 12:40:26 - [TEST_STEP][PASSED] - Statement - PreSaveFile = new java.io.File(((pathPrefix + java.lang.Integer.toString(counter)) + .png)): null

2018-12-05 12:40:26 - [TEST_STEP][PASSED] - Statement - counter = counter + 1: null

2018-12-05 12:40:26 - [TEST_STEP][PASSED] - Statement - PreSaveFile = new java.io.File(((pathPrefix + java.lang.Integer.toString(counter)) + .png)): null

2018-12-05 12:40:26 - [TEST_STEP][PASSED] - Statement - counter = counter + 1: null

2018-12-05 12:40:26 - [TEST_STEP][PASSED] - Statement - PreSaveFile = new java.io.File(((pathPrefix + java.lang.Integer.toString(counter)) + .png)): null

2018-12-05 12:40:26 - [TEST_STEP][PASSED] - Statement - counter = counter + 1: null

2018-12-05 12:40:26 - [TEST_STEP][PASSED] - Statement - PreSaveFile = new java.io.File(((pathPrefix + java.lang.Integer.toString(counter)) + .png)): null

2018-12-05 12:40:26 - [TEST_STEP][PASSED] - Statement - counter = counter + 1: null

2018-12-05 12:40:26 - [TEST_STEP][PASSED] - Statement - PreSaveFile = new java.io.File(((pathPrefix + java.lang.Integer.toString(counter)) + .png)): null

2018-12-05 12:40:26 - [TEST_STEP][PASSED] - Statement - counter = counter + 1: null

2018-12-05 12:40:26 - [TEST_STEP][PASSED] - Statement - PreSaveFile = new java.io.File(((pathPrefix + java.lang.Integer.toString(counter)) + .png)): null

2018-12-05 12:40:26 - [TEST_STEP][PASSED] - Statement - counter = counter + 1: null

2018-12-05 12:40:26 - [TEST_STEP][PASSED] - Statement - PreSaveFile = new java.io.File(((pathPrefix + java.lang.Integer.toString(counter)) + .png)): null

2018-12-05 12:40:26 - [TEST_STEP][PASSED] - Statement - counter = counter + 1: null

2018-12-05 12:40:26 - [TEST_STEP][PASSED] - Statement - PreSaveFile = new java.io.File(((pathPrefix + java.lang.Integer.toString(counter)) + .png)): null

2018-12-05 12:40:26 - [TEST_STEP][PASSED] - Statement - counter = counter + 1: null

2018-12-05 12:40:26 - [TEST_STEP][PASSED] - Statement - PreSaveFile = new java.io.File(((pathPrefix + java.lang.Integer.toString(counter)) + .png)): null

2018-12-05 12:40:26 - [TEST_STEP][PASSED] - Statement - counter = counter + 1: null

2018-12-05 12:40:26 - [TEST_STEP][PASSED] - Statement - PreSaveFile = new java.io.File(((pathPrefix + java.lang.Integer.toString(counter)) + .png)): null

2018-12-05 12:40:26 - [TEST_STEP][PASSED] - Statement - counter = counter + 1: null

2018-12-05 12:40:26 - [TEST_STEP][PASSED] - Statement - PreSaveFile = new java.io.File(((pathPrefix + java.lang.Integer.toString(counter)) + .png)): null

2018-12-05 12:40:27 - [TEST_STEP][PASSED] - Statement - counter = counter + 1: null

2018-12-05 12:40:27 - [TEST_STEP][PASSED] - Statement - PreSaveFile = new java.io.File(((pathPrefix + java.lang.Integer.toString(counter)) + .png)): null

2018-12-05 12:40:27 - [TEST_STEP][PASSED] - Statement - counter = counter + 1: null

2018-12-05 12:40:27 - [TEST_STEP][PASSED] - Statement - PreSaveFile = new java.io.File(((pathPrefix + java.lang.Integer.toString(counter)) + .png)): null

2018-12-05 12:40:27 - [TEST_STEP][PASSED] - Statement - counter = counter + 1: null

2018-12-05 12:40:27 - [TEST_STEP][PASSED] - Statement - PreSaveFile = new java.io.File(((pathPrefix + java.lang.Integer.toString(counter)) + .png)): null

2018-12-05 12:40:27 - [TEST_STEP][PASSED] - Statement - counter = counter + 1: null

2018-12-05 12:40:27 - [TEST_STEP][PASSED] - Statement - PreSaveFile = new java.io.File(((pathPrefix + java.lang.Integer.toString(counter)) + .png)): null

2018-12-05 12:40:27 - [TEST_STEP][PASSED] - Statement - counter = counter + 1: null

2018-12-05 12:40:27 - [TEST_STEP][PASSED] - Statement - PreSaveFile = new java.io.File(((pathPrefix + java.lang.Integer.toString(counter)) + .png)): null

2018-12-05 12:40:27 - [TEST_STEP][PASSED] - Statement - counter = counter + 1: null

2018-12-05 12:40:27 - [TEST_STEP][PASSED] - Statement - PreSaveFile = new java.io.File(((pathPrefix + java.lang.Integer.toString(counter)) + .png)): null

2018-12-05 12:40:27 - [TEST_STEP][PASSED] - Statement - counter = counter + 1: null

2018-12-05 12:40:27 - [TEST_STEP][PASSED] - Statement - PreSaveFile = new java.io.File(((pathPrefix + java.lang.Integer.toString(counter)) + .png)): null

2018-12-05 12:40:27 - [TEST_STEP][PASSED] - Statement - counter = counter + 1: null

2018-12-05 12:40:27 - [TEST_STEP][PASSED] - Statement - PreSaveFile = new java.io.File(((pathPrefix + java.lang.Integer.toString(counter)) + .png)): null

2018-12-05 12:40:27 - [TEST_STEP][PASSED] - Statement - counter = counter + 1: null

2018-12-05 12:40:27 - [TEST_STEP][PASSED] - Statement - PreSaveFile = new java.io.File(((pathPrefix + java.lang.Integer.toString(counter)) + .png)): null

2018-12-05 12:40:27 - [TEST_STEP][PASSED] - Statement - counter = counter + 1: null

2018-12-05 12:40:27 - [TEST_STEP][PASSED] - Statement - PreSaveFile = new java.io.File(((pathPrefix + java.lang.Integer.toString(counter)) + .png)): null

2018-12-05 12:40:27 - [TEST_STEP][PASSED] - Statement - counter = counter + 1: null

2018-12-05 12:40:27 - [TEST_STEP][PASSED] - Statement - PreSaveFile = new java.io.File(((pathPrefix + java.lang.Integer.toString(counter)) + .png)): null

2018-12-05 12:40:27 - [TEST_STEP][PASSED] - Statement - counter = counter + 1: null

2018-12-05 12:40:27 - [TEST_STEP][PASSED] - Statement - PreSaveFile = new java.io.File(((pathPrefix + java.lang.Integer.toString(counter)) + .png)): null

2018-12-05 12:40:27 - [TEST_STEP][PASSED] - Statement - counter = counter + 1: null

2018-12-05 12:40:27 - [TEST_STEP][PASSED] - Statement - PreSaveFile = new java.io.File(((pathPrefix + java.lang.Integer.toString(counter)) + .png)): null

2018-12-05 12:40:27 - [TEST_STEP][PASSED] - Statement - counter = counter + 1: null

2018-12-05 12:40:27 - [TEST_STEP][PASSED] - Statement - PreSaveFile = new java.io.File(((pathPrefix + java.lang.Integer.toString(counter)) + .png)): null

2018-12-05 12:40:27 - [TEST_STEP][PASSED] - Statement - counter = counter + 1: null

2018-12-05 12:40:28 - [TEST_STEP][PASSED] - Statement - PreSaveFile = new java.io.File(((pathPrefix + java.lang.Integer.toString(counter)) + .png)): null

2018-12-05 12:40:28 - [TEST_STEP][PASSED] - Statement - counter = counter + 1: null

2018-12-05 12:40:28 - [TEST_STEP][PASSED] - Statement - PreSaveFile = new java.io.File(((pathPrefix + java.lang.Integer.toString(counter)) + .png)): null

2018-12-05 12:40:28 - [TEST_STEP][PASSED] - Statement - counter = counter + 1: null

2018-12-05 12:40:28 - [TEST_STEP][PASSED] - Statement - PreSaveFile = new java.io.File(((pathPrefix + java.lang.Integer.toString(counter)) + .png)): null

2018-12-05 12:40:28 - [TEST_STEP][PASSED] - Statement - counter = counter + 1: null

2018-12-05 12:40:28 - [TEST_STEP][PASSED] - Statement - PreSaveFile = new java.io.File(((pathPrefix + java.lang.Integer.toString(counter)) + .png)): null

2018-12-05 12:40:28 - [TEST_STEP][PASSED] - Statement - counter = counter + 1: null

2018-12-05 12:40:28 - [TEST_STEP][PASSED] - Statement - PreSaveFile = new java.io.File(((pathPrefix + java.lang.Integer.toString(counter)) + .png)): null

2018-12-05 12:40:28 - [TEST_STEP][PASSED] - Statement - counter = counter + 1: null

2018-12-05 12:40:28 - [TEST_STEP][PASSED] - Statement - PreSaveFile = new java.io.File(((pathPrefix + java.lang.Integer.toString(counter)) + .png)): null

2018-12-05 12:40:28 - [TEST_STEP][PASSED] - Statement - counter = counter + 1: null

2018-12-05 12:40:28 - [TEST_STEP][PASSED] - Statement - PreSaveFile = new java.io.File(((pathPrefix + java.lang.Integer.toString(counter)) + .png)): null

2018-12-05 12:40:28 - [TEST_STEP][PASSED] - Statement - counter = counter + 1: null

2018-12-05 12:40:28 - [TEST_STEP][PASSED] - Statement - PreSaveFile = new java.io.File(((pathPrefix + java.lang.Integer.toString(counter)) + .png)): null

2018-12-05 12:40:28 - [TEST_STEP][PASSED] - Statement - counter = counter + 1: null

2018-12-05 12:40:28 - [TEST_STEP][PASSED] - Statement - PreSaveFile = new java.io.File(((pathPrefix + java.lang.Integer.toString(counter)) + .png)): null

2018-12-05 12:40:28 - [TEST_STEP][PASSED] - Statement - counter = counter + 1: null

2018-12-05 12:40:28 - [TEST_STEP][PASSED] - Statement - PreSaveFile = new java.io.File(((pathPrefix + java.lang.Integer.toString(counter)) + .png)): null

2018-12-05 12:40:28 - [TEST_STEP][PASSED] - Statement - counter = counter + 1: null

2018-12-05 12:40:28 - [TEST_STEP][PASSED] - Statement - PreSaveFile = new java.io.File(((pathPrefix + java.lang.Integer.toString(counter)) + .png)): null

2018-12-05 12:40:28 - [TEST_STEP][PASSED] - Statement - counter = counter + 1: null

2018-12-05 12:40:28 - [TEST_STEP][PASSED] - Statement - PreSaveFile = new java.io.File(((pathPrefix + java.lang.Integer.toString(counter)) + .png)): null

2018-12-05 12:40:28 - [TEST_STEP][PASSED] - Statement - counter = counter + 1: null

2018-12-05 12:40:28 - [TEST_STEP][PASSED] - Statement - PreSaveFile = new java.io.File(((pathPrefix + java.lang.Integer.toString(counter)) + .png)): null

2018-12-05 12:40:28 - [TEST_STEP][PASSED] - Statement - counter = counter + 1: null

2018-12-05 12:40:28 - [TEST_STEP][PASSED] - Statement - PreSaveFile = new java.io.File(((pathPrefix + java.lang.Integer.toString(counter)) + .png)): null

2018-12-05 12:40:28 - [TEST_STEP][PASSED] - Statement - counter = counter + 1: null

2018-12-05 12:40:29 - [TEST_STEP][PASSED] - Statement - PreSaveFile = new java.io.File(((pathPrefix + java.lang.Integer.toString(counter)) + .png)): null

2018-12-05 12:40:29 - [TEST_STEP][PASSED] - Statement - counter = counter + 1: null

2018-12-05 12:40:29 - [TEST_STEP][PASSED] - Statement - PreSaveFile = new java.io.File(((pathPrefix + java.lang.Integer.toString(counter)) + .png)): null

2018-12-05 12:40:29 - [TEST_STEP][PASSED] - Statement - counter = counter + 1: null

2018-12-05 12:40:29 - [TEST_STEP][PASSED] - Statement - PreSaveFile = new java.io.File(((pathPrefix + java.lang.Integer.toString(counter)) + .png)): null

2018-12-05 12:40:29 - [TEST_STEP][PASSED] - Statement - counter = counter + 1: null

2018-12-05 12:40:29 - [TEST_STEP][PASSED] - Statement - PreSaveFile = new java.io.File(((pathPrefix + java.lang.Integer.toString(counter)) + .png)): null

2018-12-05 12:40:29 - [TEST_STEP][PASSED] - Statement - counter = counter + 1: null

2018-12-05 12:40:29 - [TEST_STEP][PASSED] - Statement - PreSaveFile = new java.io.File(((pathPrefix + java.lang.Integer.toString(counter)) + .png)): null

2018-12-05 12:40:29 - [TEST_STEP][PASSED] - Statement - counter = counter + 1: null

2018-12-05 12:40:29 - [TEST_STEP][PASSED] - Statement - PreSaveFile = new java.io.File(((pathPrefix + java.lang.Integer.toString(counter)) + .png)): null

2018-12-05 12:40:29 - [TEST_STEP][PASSED] - Statement - counter = counter + 1: null

2018-12-05 12:40:29 - [TEST_STEP][PASSED] - Statement - PreSaveFile = new java.io.File(((pathPrefix + java.lang.Integer.toString(counter)) + .png)): null

2018-12-05 12:40:29 - [TEST_STEP][PASSED] - Statement - counter = counter + 1: null

2018-12-05 12:40:29 - [TEST_STEP][PASSED] - Statement - PreSaveFile = new java.io.File(((pathPrefix + java.lang.Integer.toString(counter)) + .png)): null

2018-12-05 12:40:29 - [TEST_STEP][PASSED] - Statement - counter = counter + 1: null

2018-12-05 12:40:29 - [TEST_STEP][PASSED] - Statement - PreSaveFile = new java.io.File(((pathPrefix + java.lang.Integer.toString(counter)) + .png)): null

2018-12-05 12:40:29 - [TEST_STEP][PASSED] - Statement - counter = counter + 1: null

2018-12-05 12:40:29 - [TEST_STEP][PASSED] - Statement - PreSaveFile = new java.io.File(((pathPrefix + java.lang.Integer.toString(counter)) + .png)): null

2018-12-05 12:40:29 - [TEST_STEP][PASSED] - Statement - counter = counter + 1: null

2018-12-05 12:40:29 - [TEST_STEP][PASSED] - Statement - PreSaveFile = new java.io.File(((pathPrefix + java.lang.Integer.toString(counter)) + .png)): null

2018-12-05 12:40:29 - [TEST_STEP][PASSED] - Statement - counter = counter + 1: null

2018-12-05 12:40:29 - [TEST_STEP][PASSED] - Statement - PreSaveFile = new java.io.File(((pathPrefix + java.lang.Integer.toString(counter)) + .png)): null

2018-12-05 12:40:29 - [TEST_STEP][PASSED] - Statement - counter = counter + 1: null

2018-12-05 12:40:29 - [TEST_STEP][PASSED] - Statement - PreSaveFile = new java.io.File(((pathPrefix + java.lang.Integer.toString(counter)) + .png)): null

2018-12-05 12:40:29 - [TEST_STEP][PASSED] - Statement - counter = counter + 1: null

2018-12-05 12:40:29 - [TEST_STEP][PASSED] - Statement - PreSaveFile = new java.io.File(((pathPrefix + java.lang.Integer.toString(counter)) + .png)): null

2018-12-05 12:40:29 - [TEST_STEP][PASSED] - Statement - counter = counter + 1: null

2018-12-05 12:40:29 - [TEST_STEP][PASSED] - Statement - PreSaveFile = new java.io.File(((pathPrefix + java.lang.Integer.toString(counter)) + .png)): null

2018-12-05 12:40:29 - [TEST_STEP][PASSED] - Statement - counter = counter + 1: null

2018-12-05 12:40:29 - [TEST_STEP][PASSED] - Statement - PreSaveFile = new java.io.File(((pathPrefix + java.lang.Integer.toString(counter)) + .png)): null

2018-12-05 12:40:29 - [TEST_STEP][PASSED] - Statement - counter = counter + 1: null

2018-12-05 12:40:29 - [TEST_STEP][PASSED] - Statement - PreSaveFile = new java.io.File(((pathPrefix + java.lang.Integer.toString(counter)) + .png)): null

2018-12-05 12:40:29 - [TEST_STEP][PASSED] - Statement - counter = counter + 1: null

2018-12-05 12:40:29 - [TEST_STEP][PASSED] - Statement - PreSaveFile = new java.io.File(((pathPrefix + java.lang.Integer.toString(counter)) + .png)): null

2018-12-05 12:40:29 - [TEST_STEP][PASSED] - Statement - counter = counter + 1: null

2018-12-05 12:40:29 - [TEST_STEP][PASSED] - Statement - PreSaveFile = new java.io.File(((pathPrefix + java.lang.Integer.toString(counter)) + .png)): null

2018-12-05 12:40:29 - [TEST_STEP][PASSED] - Statement - counter = counter + 1: null

2018-12-05 12:40:29 - [TEST_STEP][PASSED] - Statement - PreSaveFile = new java.io.File(((pathPrefix + java.lang.Integer.toString(counter)) + .png)): null

2018-12-05 12:40:30 - [TEST_STEP][PASSED] - Statement - counter = counter + 1: null

2018-12-05 12:40:30 - [TEST_STEP][PASSED] - Statement - PreSaveFile = new java.io.File(((pathPrefix + java.lang.Integer.toString(counter)) + .png)): null

2018-12-05 12:40:30 - [TEST_STEP][PASSED] - Statement - counter = counter + 1: null

2018-12-05 12:40:30 - [TEST_STEP][PASSED] - Statement - PreSaveFile = new java.io.File(((pathPrefix + java.lang.Integer.toString(counter)) + .png)): null

2018-12-05 12:40:30 - [TEST_STEP][PASSED] - Statement - counter = counter + 1: null

2018-12-05 12:40:30 - [TEST_STEP][PASSED] - Statement - PreSaveFile = new java.io.File(((pathPrefix + java.lang.Integer.toString(counter)) + .png)): null

2018-12-05 12:40:30 - [TEST_STEP][PASSED] - Statement - counter = counter + 1: null

2018-12-05 12:40:30 - [TEST_STEP][PASSED] - Statement - PreSaveFile = new java.io.File(((pathPrefix + java.lang.Integer.toString(counter)) + .png)): null

2018-12-05 12:40:30 - [TEST_STEP][PASSED] - Statement - counter = counter + 1: null

2018-12-05 12:40:30 - [TEST_STEP][PASSED] - Statement - PreSaveFile = new java.io.File(((pathPrefix + java.lang.Integer.toString(counter)) + .png)): null

2018-12-05 12:40:30 - [TEST_STEP][PASSED] - Statement - counter = counter + 1: null

2018-12-05 12:40:30 - [TEST_STEP][PASSED] - Statement - PreSaveFile = new java.io.File(((pathPrefix + java.lang.Integer.toString(counter)) + .png)): null

2018-12-05 12:40:30 - [TEST_STEP][PASSED] - Statement - counter = counter + 1: null

2018-12-05 12:40:30 - [TEST_STEP][PASSED] - Statement - PreSaveFile = new java.io.File(((pathPrefix + java.lang.Integer.toString(counter)) + .png)): null

2018-12-05 12:40:30 - [TEST_STEP][PASSED] - Statement - counter = counter + 1: null

2018-12-05 12:40:30 - [TEST_STEP][PASSED] - Statement - PreSaveFile = new java.io.File(((pathPrefix + java.lang.Integer.toString(counter)) + .png)): null

2018-12-05 12:40:30 - [TEST_STEP][PASSED] - Statement - counter = counter + 1: null

2018-12-05 12:40:30 - [TEST_STEP][PASSED] - Statement - PreSaveFile = new java.io.File(((pathPrefix + java.lang.Integer.toString(counter)) + .png)): null

2018-12-05 12:40:30 - [TEST_STEP][PASSED] - Statement - counter = counter + 1: null

2018-12-05 12:40:30 - [TEST_STEP][PASSED] - Statement - PreSaveFile = new java.io.File(((pathPrefix + java.lang.Integer.toString(counter)) + .png)): null

2018-12-05 12:40:30 - [TEST_STEP][PASSED] - Statement - counter = counter + 1: null

2018-12-05 12:40:30 - [TEST_STEP][PASSED] - Statement - PreSaveFile = new java.io.File(((pathPrefix + java.lang.Integer.toString(counter)) + .png)): null

2018-12-05 12:40:30 - [TEST_STEP][PASSED] - Statement - counter = counter + 1: null

2018-12-05 12:40:30 - [TEST_STEP][PASSED] - Statement - PreSaveFile = new java.io.File(((pathPrefix + java.lang.Integer.toString(counter)) + .png)): null

2018-12-05 12:40:30 - [TEST_STEP][PASSED] - Statement - counter = counter + 1: null

2018-12-05 12:40:30 - [TEST_STEP][PASSED] - Statement - PreSaveFile = new java.io.File(((pathPrefix + java.lang.Integer.toString(counter)) + .png)): null

2018-12-05 12:40:30 - [TEST_STEP][PASSED] - Statement - counter = counter + 1: null

2018-12-05 12:40:30 - [TEST_STEP][PASSED] - Statement - PreSaveFile = new java.io.File(((pathPrefix + java.lang.Integer.toString(counter)) + .png)): null

2018-12-05 12:40:30 - [TEST_STEP][PASSED] - Statement - counter = counter + 1: null

2018-12-05 12:40:31 - [TEST_STEP][PASSED] - Statement - PreSaveFile = new java.io.File(((pathPrefix + java.lang.Integer.toString(counter)) + .png)): null

2018-12-05 12:40:31 - [TEST_STEP][PASSED] - Statement - counter = counter + 1: null

2018-12-05 12:40:31 - [TEST_STEP][PASSED] - Statement - PreSaveFile = new java.io.File(((pathPrefix + java.lang.Integer.toString(counter)) + .png)): null

2018-12-05 12:40:31 - [TEST_STEP][PASSED] - Statement - counter = counter + 1: null

2018-12-05 12:40:31 - [TEST_STEP][PASSED] - Statement - PreSaveFile = new java.io.File(((pathPrefix + java.lang.Integer.toString(counter)) + .png)): null

2018-12-05 12:40:31 - [TEST_STEP][PASSED] - Statement - counter = counter + 1: null

2018-12-05 12:40:31 - [TEST_STEP][PASSED] - Statement - PreSaveFile = new java.io.File(((pathPrefix + java.lang.Integer.toString(counter)) + .png)): null

2018-12-05 12:40:31 - [TEST_STEP][PASSED] - Statement - finalPath = pathPrefix + java.lang.Integer.toString(counter) + ".png": null

2018-12-05 12:40:31 - [TEST_STEP][PASSED] - Statement - SaveFile = new java.io.File(finalPath): null

2018-12-05 12:40:31 - [TEST_STEP][PASSED] - Statement - Try: null

2018-12-05 12:40:31 - [TEST_STEP][PASSED] - Statement - org.apache.commons.io.FileUtils.copyFile(scrFile, SaveFile): null

2018-12-05 12:40:31 - [TEST_STEP][PASSED] - Statement - out.println("file kept"): null

2018-12-05 12:40:31 - [TEST_STEP][PASSED] - delay: Delayed 10 second(s)

2018-12-05 12:40:41 - [MESSAGE][PASSED] - Delayed 10 second(s)

2018-12-05 12:40:41 - [MESSAGE][PASSED] - Call Test Case 'Test Cases/Final Aug 2018 - PKS Automation/Registration Module/New Registration/Submit and Screenshot/Submit Registration and Screenshot' successfully]]></system-out>
         <system-err><![CDATA[]]></system-err>
      </testcase>
      <testcase name="Test Cases/Final Aug 2018 - PKS Automation/Registration Module/Workflow/New Registration/OTC - PKR BO - RO Submit(Routed 2 Time)" classname="Test Cases/Final Aug 2018 - PKS Automation/Registration Module/Workflow/New Registration/OTC - PKR BO - RO Submit(Routed 2 Time)" status="PASSED">
         <system-out><![CDATA[2018-12-05 12:40:41 - [TEST_CASE][PASSED] - Test Cases/Final Aug 2018 - PKS Automation/Registration Module/Workflow/New Registration/OTC - PKR BO - RO Submit(Routed 2 Time): Test Cases/Final Aug 2018 - PKS Automation/Registration Module/Workflow/New Registration/OTC - PKR BO - RO Submit(Routed 2 Time)

2018-12-05 12:40:41 - [TEST_STEP][PASSED] - callTestCase: Call Test Case 'Test Cases/Final Aug 2018 - PKS Automation/Registration Module/Workflow/New Registration/Template/Special Case - OTC - Form 1' successfully

2018-12-05 12:40:41 - [TEST_CASE][PASSED] - Test Cases/Final Aug 2018 - PKS Automation/Registration Module/Workflow/New Registration/Template/Special Case - OTC - Form 1: Test Cases/Final Aug 2018 - PKS Automation/Registration Module/Workflow/New Registration/Template/Special Case - OTC - Form 1

2018-12-05 12:40:41 - [TEST_STEP][PASSED] - openBrowser: Browser is opened with url: ''

2018-12-05 12:40:41 - [MESSAGE][WARNING] - A browser is already opened. Closing browser and opening a new one

2018-12-05 12:40:44 - [MESSAGE][PASSED] - Browser is opened with url: ''

2018-12-05 12:40:44 - [TEST_STEP][PASSED] - navigateToUrl: Navigate to 'https://assist2-uat.perkeso.gov.my/login' successfully

2018-12-05 12:40:46 - [MESSAGE][PASSED] - Navigate to 'https://assist2-uat.perkeso.gov.my/login' successfully

2018-12-05 12:40:46 - [TEST_STEP][PASSED] - delay: Delayed 2 second(s)

2018-12-05 12:40:48 - [MESSAGE][PASSED] - Delayed 2 second(s)

2018-12-05 12:40:48 - [TEST_STEP][PASSED] - setText: Text 'klotc2@gmail.com' is set on object 'Object Repository/Final Object Repo/Login Page/Internal User/Email Address'

2018-12-05 12:40:48 - [MESSAGE][PASSED] - Text 'klotc2@gmail.com' is set on object 'Object Repository/Final Object Repo/Login Page/Internal User/Email Address'

2018-12-05 12:40:48 - [TEST_STEP][PASSED] - click: Object: 'Object Repository/Final Object Repo/Login Page/Internal User/Next Button' is clicked on

2018-12-05 12:40:48 - [MESSAGE][PASSED] - Object: 'Object Repository/Final Object Repo/Login Page/Internal User/Next Button' is clicked on

2018-12-05 12:40:48 - [TEST_STEP][PASSED] - delay: Delayed 2 second(s)

2018-12-05 12:40:50 - [MESSAGE][PASSED] - Delayed 2 second(s)

2018-12-05 12:40:50 - [TEST_STEP][PASSED] - setText: Text 'Test1@3456789' is set on object 'Object Repository/Final Object Repo/Login Page/Internal User/Password'

2018-12-05 12:40:50 - [MESSAGE][PASSED] - Text 'Test1@3456789' is set on object 'Object Repository/Final Object Repo/Login Page/Internal User/Password'

2018-12-05 12:40:50 - [TEST_STEP][PASSED] - delay: Delayed 2 second(s)

2018-12-05 12:40:52 - [MESSAGE][PASSED] - Delayed 2 second(s)

2018-12-05 12:40:52 - [TEST_STEP][PASSED] - click: Object: 'Object Repository/Final Object Repo/Login Page/Internal User/Login Button' is clicked on

2018-12-05 12:40:53 - [MESSAGE][PASSED] - Object: 'Object Repository/Final Object Repo/Login Page/Internal User/Login Button' is clicked on

2018-12-05 12:40:53 - [TEST_STEP][PASSED] - Statement - Try: null

2018-12-05 12:40:53 - [TEST_STEP][PASSED] - Statement - Checker = com.kms.katalon.core.webui.keyword.WebUiBuiltInKeywords.verifyElementNotPresent("Final Object Repo/Landing Page/Select to English", 3): null

2018-12-05 12:40:53 - [TEST_STEP][PASSED] - Statement - Catch (Exception e): null

2018-12-05 12:40:53 - [TEST_STEP][PASSED] - Statement - e.printStackTrace(): null

2018-12-05 12:40:53 - [TEST_STEP][PASSED] - delay: Delayed 5 second(s)

2018-12-05 12:40:58 - [MESSAGE][PASSED] - Delayed 5 second(s)

2018-12-05 12:40:58 - [TEST_STEP][PASSED] - click: Object: 'Object Repository/Final Object Repo/Landing Page/My Sites Drop Down' is clicked on

2018-12-05 12:40:58 - [MESSAGE][PASSED] - Object: 'Object Repository/Final Object Repo/Landing Page/My Sites Drop Down' is clicked on

2018-12-05 12:40:58 - [TEST_STEP][PASSED] - click: Object: 'Object Repository/Final Object Repo/Landing Page/Select to Registration Module' is clicked on

2018-12-05 12:40:59 - [MESSAGE][PASSED] - Object: 'Object Repository/Final Object Repo/Landing Page/Select to Registration Module' is clicked on

2018-12-05 12:40:59 - [TEST_STEP][PASSED] - click: Object: 'Object Repository/Final Object Repo/Landing Page/Registration Button' is clicked on

2018-12-05 12:41:00 - [MESSAGE][PASSED] - Object: 'Object Repository/Final Object Repo/Landing Page/Registration Button' is clicked on

2018-12-05 12:41:00 - [TEST_STEP][PASSED] - delay: Delayed 2 second(s)

2018-12-05 12:41:02 - [MESSAGE][PASSED] - Delayed 2 second(s)

2018-12-05 12:41:02 - [TEST_STEP][PASSED] - click: Object: 'Object Repository/Final Object Repo/New Registration - Registration Module Pages/New Reg - OTC to RO/Special Case - OTC - Form 1/AEC NO' is clicked on

2018-12-05 12:41:02 - [MESSAGE][PASSED] - Object: 'Object Repository/Final Object Repo/New Registration - Registration Module Pages/New Reg - OTC to RO/Special Case - OTC - Form 1/AEC NO' is clicked on

2018-12-05 12:41:02 - [TEST_STEP][PASSED] - click: Object: 'Object Repository/Final Object Repo/New Registration - Registration Module Pages/New Reg - OTC to RO/Special Case - OTC - Form 1/Business Entity - Please Select' is clicked on

2018-12-05 12:41:03 - [MESSAGE][PASSED] - Object: 'Object Repository/Final Object Repo/New Registration - Registration Module Pages/New Reg - OTC to RO/Special Case - OTC - Form 1/Business Entity - Please Select' is clicked on

2018-12-05 12:41:03 - [TEST_STEP][PASSED] - click: Object: 'Object Repository/Final Object Repo/New Registration - Registration Module Pages/New Reg - OTC to RO/Special Case - OTC - Form 1/Selected - Corporation' is clicked on

2018-12-05 12:41:03 - [MESSAGE][PASSED] - Object: 'Object Repository/Final Object Repo/New Registration - Registration Module Pages/New Reg - OTC to RO/Special Case - OTC - Form 1/Selected - Corporation' is clicked on

2018-12-05 12:41:03 - [TEST_STEP][PASSED] - delay: Delayed 2 second(s)

2018-12-05 12:41:05 - [MESSAGE][PASSED] - Delayed 2 second(s)

2018-12-05 12:41:05 - [TEST_STEP][PASSED] - click: Object: 'Object Repository/Final Object Repo/New Registration - Registration Module Pages/New Reg - OTC to RO/Special Case - OTC - Form 1/Sub Business Entity - Please Select' is clicked on

2018-12-05 12:41:05 - [MESSAGE][PASSED] - Object: 'Object Repository/Final Object Repo/New Registration - Registration Module Pages/New Reg - OTC to RO/Special Case - OTC - Form 1/Sub Business Entity - Please Select' is clicked on

2018-12-05 12:41:05 - [TEST_STEP][PASSED] - delay: Delayed 2 second(s)

2018-12-05 12:41:07 - [MESSAGE][PASSED] - Delayed 2 second(s)

2018-12-05 12:41:07 - [TEST_STEP][PASSED] - click: Object: 'Object Repository/Final Object Repo/New Registration - Registration Module Pages/New Reg - OTC to RO/Special Case - OTC - Form 1/Selected - Sendirian Berhad' is clicked on

2018-12-05 12:41:07 - [MESSAGE][PASSED] - Object: 'Object Repository/Final Object Repo/New Registration - Registration Module Pages/New Reg - OTC to RO/Special Case - OTC - Form 1/Selected - Sendirian Berhad' is clicked on

2018-12-05 12:41:07 - [TEST_STEP][PASSED] - setText: Text 'AUTOMATE001' is set on object 'Object Repository/Final Object Repo/New Registration - Registration Module Pages/New Reg - OTC to RO/Special Case - OTC - Form 1/Input BRN Number'

2018-12-05 12:41:08 - [MESSAGE][PASSED] - Text 'AUTOMATE001' is set on object 'Object Repository/Final Object Repo/New Registration - Registration Module Pages/New Reg - OTC to RO/Special Case - OTC - Form 1/Input BRN Number'

2018-12-05 12:41:08 - [TEST_STEP][PASSED] - delay: Delayed 2 second(s)

2018-12-05 12:41:10 - [MESSAGE][PASSED] - Delayed 2 second(s)

2018-12-05 12:41:10 - [TEST_STEP][PASSED] - click: Object: 'Object Repository/Final Object Repo/New Registration - Registration Module Pages/New Reg - OTC to RO/Special Case - OTC - Form 1/BRN Search' is clicked on

2018-12-05 12:41:10 - [MESSAGE][PASSED] - Object: 'Object Repository/Final Object Repo/New Registration - Registration Module Pages/New Reg - OTC to RO/Special Case - OTC - Form 1/BRN Search' is clicked on

2018-12-05 12:41:10 - [TEST_STEP][PASSED] - delay: Delayed 4 second(s)

2018-12-05 12:41:14 - [MESSAGE][PASSED] - Delayed 4 second(s)

2018-12-05 12:41:14 - [TEST_STEP][PASSED] - click: Object: 'Object Repository/Final Object Repo/New Registration - Registration Module Pages/New Reg - OTC to RO/Special Case - OTC - Form 1/Registered with SSM - After Feb 2017' is clicked on

2018-12-05 12:41:15 - [MESSAGE][PASSED] - Object: 'Object Repository/Final Object Repo/New Registration - Registration Module Pages/New Reg - OTC to RO/Special Case - OTC - Form 1/Registered with SSM - After Feb 2017' is clicked on

2018-12-05 12:41:15 - [TEST_STEP][PASSED] - delay: Delayed 2 second(s)

2018-12-05 12:41:17 - [MESSAGE][PASSED] - Delayed 2 second(s)

2018-12-05 12:41:17 - [TEST_STEP][PASSED] - click: Object: 'Object Repository/Final Object Repo/New Registration - Registration Module Pages/New Reg - OTC to RO/Special Case - OTC - Form 1/Registering As A Branch - No' is clicked on

2018-12-05 12:41:17 - [MESSAGE][PASSED] - Object: 'Object Repository/Final Object Repo/New Registration - Registration Module Pages/New Reg - OTC to RO/Special Case - OTC - Form 1/Registering As A Branch - No' is clicked on

2018-12-05 12:41:17 - [TEST_STEP][PASSED] - click: Object: 'Object Repository/Final Object Repo/New Registration - Registration Module Pages/New Reg - OTC to RO/Special Case - OTC - Form 1/Acknowledgement Ticked' is clicked on

2018-12-05 12:41:17 - [MESSAGE][PASSED] - Object: 'Object Repository/Final Object Repo/New Registration - Registration Module Pages/New Reg - OTC to RO/Special Case - OTC - Form 1/Acknowledgement Ticked' is clicked on

2018-12-05 12:41:17 - [TEST_STEP][PASSED] - click: Object: 'Object Repository/Final Object Repo/New Registration - Registration Module Pages/New Reg - OTC to RO/Special Case - OTC - Form 1/Submit Button' is clicked on

2018-12-05 12:41:18 - [MESSAGE][PASSED] - Object: 'Object Repository/Final Object Repo/New Registration - Registration Module Pages/New Reg - OTC to RO/Special Case - OTC - Form 1/Submit Button' is clicked on

2018-12-05 12:41:18 - [TEST_STEP][PASSED] - delay: Delayed 2 second(s)

2018-12-05 12:41:20 - [MESSAGE][PASSED] - Delayed 2 second(s)

2018-12-05 12:41:20 - [TEST_STEP][PASSED] - click: Object: 'Object Repository/Final Object Repo/New Registration - Registration Module Pages/New Reg - OTC to RO/Special Case - OTC - Form 1/Confirm No Flagging as Branch' is clicked on

2018-12-05 12:41:20 - [MESSAGE][PASSED] - Object: 'Object Repository/Final Object Repo/New Registration - Registration Module Pages/New Reg - OTC to RO/Special Case - OTC - Form 1/Confirm No Flagging as Branch' is clicked on

2018-12-05 12:41:20 - [MESSAGE][PASSED] - Call Test Case 'Test Cases/Final Aug 2018 - PKS Automation/Registration Module/Workflow/New Registration/Template/Special Case - OTC - Form 1' successfully

2018-12-05 12:41:20 - [TEST_STEP][PASSED] - callTestCase: Call Test Case 'Test Cases/Final Aug 2018 - PKS Automation/Registration Module/New Registration/Form 2/Add 1 Eligible - Incomplete' successfully

2018-12-05 12:41:20 - [TEST_CASE][PASSED] - Test Cases/Final Aug 2018 - PKS Automation/Registration Module/New Registration/Form 2/Add 1 Eligible - Incomplete: Test Cases/Final Aug 2018 - PKS Automation/Registration Module/New Registration/Form 2/Add 1 Eligible - Incomplete

2018-12-05 12:41:20 - [TEST_STEP][PASSED] - delay: Delayed 2 second(s)

2018-12-05 12:41:22 - [MESSAGE][PASSED] - Delayed 2 second(s)

2018-12-05 12:41:22 - [TEST_STEP][PASSED] - callTestCase: Call Test Case 'Test Cases/Final Aug 2018 - PKS Automation/Registration Module/New Registration/Form 2/Date Updater' successfully

2018-12-05 12:41:22 - [TEST_CASE][PASSED] - Test Cases/Final Aug 2018 - PKS Automation/Registration Module/New Registration/Form 2/Date Updater: Test Cases/Final Aug 2018 - PKS Automation/Registration Module/New Registration/Form 2/Date Updater

2018-12-05 12:41:22 - [TEST_STEP][PASSED] - Statement - TodayDate = new java.util.Date(): null

2018-12-05 12:41:22 - [TEST_STEP][PASSED] - Statement - CurrentDateNoFilter = new java.text.SimpleDateFormat(): null

2018-12-05 12:41:22 - [TEST_STEP][PASSED] - Statement - CurrentDateNoFilter.applyPattern("MM"): null

2018-12-05 12:41:22 - [TEST_STEP][PASSED] - Statement - monthContainerMatcher = java.lang.Integer.parseInt(CurrentDateNoFilter.format(TodayDate)): null

2018-12-05 12:41:22 - [TEST_STEP][PASSED] - Statement - monthContainerMatcher = monthContainerMatcher - 1: null

2018-12-05 12:41:22 - [TEST_STEP][PASSED] - Statement - CurrentMonth = monthContainerMatcher.toString(): null

2018-12-05 12:41:22 - [TEST_STEP][PASSED] - Statement - CurrentMonth = CurrentMonth: null

2018-12-05 12:41:22 - [TEST_STEP][PASSED] - Statement - CurrentDateNoFilter.applyPattern("yyyy"): null

2018-12-05 12:41:22 - [TEST_STEP][PASSED] - Statement - CurrentYear = CurrentDateNoFilter.format(TodayDate): null

2018-12-05 12:41:22 - [TEST_STEP][PASSED] - Statement - CurrentYear = CurrentYear: null

2018-12-05 12:41:22 - [TEST_STEP][PASSED] - Statement - intCurrentYear = java.lang.Integer.parseInt(CurrentDateNoFilter.format(TodayDate)): null

2018-12-05 12:41:22 - [TEST_STEP][PASSED] - Statement - eighteenYrsAgo = intCurrentYear - 18: null

2018-12-05 12:41:22 - [TEST_STEP][PASSED] - Statement - eighteenYrsBeforeThisYr = eighteenYrsAgo.toString(): null

2018-12-05 12:41:22 - [TEST_STEP][PASSED] - Statement - EighteenYrsBefore = eighteenYrsBeforeThisYr: null

2018-12-05 12:41:22 - [TEST_STEP][PASSED] - Statement - fiftysevenYrsAgo = intCurrentYear - 57: null

2018-12-05 12:41:22 - [TEST_STEP][PASSED] - Statement - fiftysevenYrsBeforeThisYr = fiftysevenYrsAgo.toString(): null

2018-12-05 12:41:22 - [TEST_STEP][PASSED] - Statement - FiftysevenYrsBefore = fiftysevenYrsBeforeThisYr: null

2018-12-05 12:41:22 - [TEST_STEP][PASSED] - Statement - leapYear = false: null

2018-12-05 12:41:23 - [TEST_STEP][PASSED] - Statement - leapYear = intCurrentYear % 4 == 0: null

2018-12-05 12:41:23 - [TEST_STEP][PASSED] - Statement - CurrentDateNoFilter.applyPattern("dd"): null

2018-12-05 12:41:23 - [TEST_STEP][PASSED] - Statement - CurrentDate = CurrentDateNoFilter.format(TodayDate): null

2018-12-05 12:41:23 - [TEST_STEP][PASSED] - Statement - CurrentDate = java.lang.Integer.parseInt(CurrentDate): null

2018-12-05 12:41:23 - [TEST_STEP][PASSED] - Statement - CurrentDate = CurrentDate: null

2018-12-05 12:41:23 - [TEST_STEP][PASSED] - Statement - CurrentDay = java.lang.Integer.parseInt(CurrentDate): null

2018-12-05 12:41:23 - [TEST_STEP][PASSED] - Statement - ConfAdder = <not implemented yet for class: org.codehaus.groovy.ast.expr.EmptyExpression>: null

2018-12-05 12:41:23 - [TEST_STEP][PASSED] - Statement - switch (CurrentDate): null

2018-12-05 12:41:23 - [TEST_STEP][PASSED] - Statement - Default: null

2018-12-05 12:41:23 - [TEST_STEP][PASSED] - Statement - ConfAdder = false: null

2018-12-05 12:41:23 - [TEST_STEP][PASSED] - Statement - Break: null

2018-12-05 12:41:23 - [TEST_STEP][PASSED] - Statement - aDayBefore = <not implemented yet for class: org.codehaus.groovy.ast.expr.EmptyExpression>: null

2018-12-05 12:41:23 - [TEST_STEP][PASSED] - Statement - If (ConfAdder == true): null

2018-12-05 12:41:23 - [TEST_STEP][PASSED] - Statement - Else: null

2018-12-05 12:41:23 - [TEST_STEP][PASSED] - Statement - aDayBefore = 1: null

2018-12-05 12:41:23 - [TEST_STEP][PASSED] - Statement - If (aDayBefore == 1 && CurrentMonth == 11): null

2018-12-05 12:41:23 - [TEST_STEP][PASSED] - Statement - DayBefore = aDayBefore.toString(): null

2018-12-05 12:41:23 - [TEST_STEP][PASSED] - Statement - OneDayBefore = DayBefore: null

2018-12-05 12:41:23 - [MESSAGE][PASSED] - Call Test Case 'Test Cases/Final Aug 2018 - PKS Automation/Registration Module/New Registration/Form 2/Date Updater' successfully

2018-12-05 12:41:23 - [TEST_STEP][PASSED] - Statement - CaseReferenceNo = com.kms.katalon.core.webui.keyword.WebUiBuiltInKeywords.getText(com.kms.katalon.core.testobject.ObjectRepository.findTestObject(Final Object Repo/New Registration - Registration Module Pages/Form 2/RefNo Acquiring)): Text of object 'Object Repository/Final Object Repo/New Registration - Registration Module Pages/Form 2/RefNo Acquiring' is: 'CRN12201800123007'

2018-12-05 12:41:24 - [MESSAGE][PASSED] - Text of object 'Object Repository/Final Object Repo/New Registration - Registration Module Pages/Form 2/RefNo Acquiring' is: 'CRN12201800123007'

2018-12-05 12:41:24 - [TEST_STEP][PASSED] - delay: Delayed 4 second(s)

2018-12-05 12:41:28 - [MESSAGE][PASSED] - Delayed 4 second(s)

2018-12-05 12:41:28 - [TEST_STEP][PASSED] - click: Object: 'Object Repository/Final Object Repo/New Registration - Registration Module Pages/Form 2/Add Employee Button' is clicked on

2018-12-05 12:41:29 - [MESSAGE][PASSED] - Object: 'Object Repository/Final Object Repo/New Registration - Registration Module Pages/Form 2/Add Employee Button' is clicked on

2018-12-05 12:41:29 - [TEST_STEP][PASSED] - delay: Delayed 1 second(s)

2018-12-05 12:41:30 - [MESSAGE][PASSED] - Delayed 1 second(s)

2018-12-05 12:41:30 - [TEST_STEP][PASSED] - setText: Text '010903091984' is set on object 'Object Repository/Final Object Repo/New Registration - Registration Module Pages/Form 2/NRIC Input'

2018-12-05 12:41:32 - [MESSAGE][PASSED] - Text '010903091984' is set on object 'Object Repository/Final Object Repo/New Registration - Registration Module Pages/Form 2/NRIC Input'

2018-12-05 12:41:32 - [TEST_STEP][PASSED] - click: Object: 'Object Repository/Final Object Repo/New Registration - Registration Module Pages/Form 2/button for search for IC' is clicked on

2018-12-05 12:41:32 - [MESSAGE][PASSED] - Object: 'Object Repository/Final Object Repo/New Registration - Registration Module Pages/Form 2/button for search for IC' is clicked on

2018-12-05 12:41:32 - [TEST_STEP][PASSED] - delay: Delayed 2 second(s)

2018-12-05 12:41:34 - [MESSAGE][PASSED] - Delayed 2 second(s)

2018-12-05 12:41:34 - [TEST_STEP][PASSED] - setText: Text 'Automate001 eligible 1' is set on object 'Object Repository/Final Object Repo/New Registration - Registration Module Pages/Form 2/Employee Name Input'

2018-12-05 12:41:35 - [MESSAGE][PASSED] - Text 'Automate001 eligible 1' is set on object 'Object Repository/Final Object Repo/New Registration - Registration Module Pages/Form 2/Employee Name Input'

2018-12-05 12:41:35 - [TEST_STEP][PASSED] - delay: Delayed 2 second(s)

2018-12-05 12:41:37 - [MESSAGE][PASSED] - Delayed 2 second(s)

2018-12-05 12:41:37 - [TEST_STEP][PASSED] - click: Object: 'Object Repository/Final Object Repo/New Registration - Registration Module Pages/Form 2/DatePicker Pop Up' is clicked on

2018-12-05 12:41:37 - [MESSAGE][PASSED] - Object: 'Object Repository/Final Object Repo/New Registration - Registration Module Pages/Form 2/DatePicker Pop Up' is clicked on

2018-12-05 12:41:37 - [TEST_STEP][PASSED] - click: Object: 'Object Repository/Final Object Repo/New Registration - Registration Module Pages/Form 2/DOB Month' is clicked on

2018-12-05 12:41:38 - [MESSAGE][PASSED] - Object: 'Object Repository/Final Object Repo/New Registration - Registration Module Pages/Form 2/DOB Month' is clicked on

2018-12-05 12:41:38 - [TEST_STEP][PASSED] - Statement - CurrentMonth = CurrentMonth: null

2018-12-05 12:41:38 - [TEST_STEP][PASSED] - Statement - selectMonth = new com.kms.katalon.core.testobject.TestObject(): null

2018-12-05 12:41:38 - [TEST_STEP][PASSED] - Statement - selectMonth.addProperty("xpath", EQUALS, "//body/div/div/div/select/option[@value='" + CurrentMonth + "']", true): null

2018-12-05 12:41:38 - [TEST_STEP][PASSED] - click: Object: '' is clicked on

2018-12-05 12:41:38 - [MESSAGE][PASSED] - Object: '' is clicked on

2018-12-05 12:41:38 - [TEST_STEP][PASSED] - click: Object: 'Object Repository/Final Object Repo/New Registration - Registration Module Pages/Form 2/DOB Year' is clicked on

2018-12-05 12:41:38 - [MESSAGE][PASSED] - Object: 'Object Repository/Final Object Repo/New Registration - Registration Module Pages/Form 2/DOB Year' is clicked on

2018-12-05 12:41:38 - [TEST_STEP][PASSED] - Statement - Eyearsbf = EighteenYrsBefore: null

2018-12-05 12:41:38 - [TEST_STEP][PASSED] - Statement - selectYear = new com.kms.katalon.core.testobject.TestObject(): null

2018-12-05 12:41:38 - [TEST_STEP][PASSED] - Statement - selectYear.addProperty("xpath", EQUALS, "//div/div/div/select/option[@value='" + Eyearsbf + "']", true): null

2018-12-05 12:41:38 - [TEST_STEP][PASSED] - click: Object: '' is clicked on

2018-12-05 12:41:38 - [MESSAGE][PASSED] - Object: '' is clicked on

2018-12-05 12:41:38 - [TEST_STEP][PASSED] - Statement - UpdatedSelectDate = com.kms.katalon.core.webui.keyword.WebUiBuiltInKeywords.modifyObjectProperty(com.kms.katalon.core.testobject.ObjectRepository.findTestObject(Final Object Repo/New Registration - Registration Module Pages/Form 2/DOB Date), "xpath", "equals", "//body/div/table/tbody/tr/td/a[text()="" + CurrentDate + ""]", true): Modify property of object successfully

2018-12-05 12:41:38 - [MESSAGE][PASSED] - Modify property of object successfully

2018-12-05 12:41:38 - [TEST_STEP][PASSED] - delay: Delayed 3 second(s)

2018-12-05 12:41:41 - [MESSAGE][PASSED] - Delayed 3 second(s)

2018-12-05 12:41:41 - [TEST_STEP][PASSED] - click: Object: 'Object Repository/Final Object Repo/New Registration - Registration Module Pages/Form 2/DOB Date' is clicked on

2018-12-05 12:41:41 - [MESSAGE][PASSED] - Object: 'Object Repository/Final Object Repo/New Registration - Registration Module Pages/Form 2/DOB Date' is clicked on

2018-12-05 12:41:41 - [TEST_STEP][PASSED] - delay: Delayed 2 second(s)

2018-12-05 12:41:43 - [MESSAGE][PASSED] - Delayed 2 second(s)

2018-12-05 12:41:43 - [TEST_STEP][PASSED] - click: Object: 'Object Repository/Final Object Repo/New Registration - Registration Module Pages/Form 2/EmploymentStartDate Pop Up' is clicked on

2018-12-05 12:41:44 - [MESSAGE][PASSED] - Object: 'Object Repository/Final Object Repo/New Registration - Registration Module Pages/Form 2/EmploymentStartDate Pop Up' is clicked on

2018-12-05 12:41:44 - [TEST_STEP][PASSED] - delay: Delayed 2 second(s)

2018-12-05 12:41:46 - [MESSAGE][PASSED] - Delayed 2 second(s)

2018-12-05 12:41:46 - [TEST_STEP][PASSED] - click: Object: 'Object Repository/Final Object Repo/New Registration - Registration Module Pages/Form 2/Socso Employment StartDate Month' is clicked on

2018-12-05 12:41:46 - [MESSAGE][PASSED] - Object: 'Object Repository/Final Object Repo/New Registration - Registration Module Pages/Form 2/Socso Employment StartDate Month' is clicked on

2018-12-05 12:41:46 - [TEST_STEP][PASSED] - delay: Delayed 1 second(s)

2018-12-05 12:41:47 - [MESSAGE][PASSED] - Delayed 1 second(s)

2018-12-05 12:41:47 - [TEST_STEP][PASSED] - click: Object: 'Object Repository/Final Object Repo/New Registration - Registration Module Pages/Form 2/Select Socso Employement Startdate Month' is clicked on

2018-12-05 12:41:47 - [MESSAGE][PASSED] - Object: 'Object Repository/Final Object Repo/New Registration - Registration Module Pages/Form 2/Select Socso Employement Startdate Month' is clicked on

2018-12-05 12:41:47 - [TEST_STEP][PASSED] - delay: Delayed 2 second(s)

2018-12-05 12:41:49 - [MESSAGE][PASSED] - Delayed 2 second(s)

2018-12-05 12:41:49 - [TEST_STEP][PASSED] - click: Object: 'Object Repository/Final Object Repo/New Registration - Registration Module Pages/Form 2/Socso Employment StartDate Year' is clicked on

2018-12-05 12:41:49 - [MESSAGE][PASSED] - Object: 'Object Repository/Final Object Repo/New Registration - Registration Module Pages/Form 2/Socso Employment StartDate Year' is clicked on

2018-12-05 12:41:49 - [TEST_STEP][PASSED] - delay: Delayed 1 second(s)

2018-12-05 12:41:50 - [MESSAGE][PASSED] - Delayed 1 second(s)

2018-12-05 12:41:50 - [TEST_STEP][PASSED] - click: Object: 'Object Repository/Final Object Repo/New Registration - Registration Module Pages/Form 2/Select Socso Employment Startdate Year' is clicked on

2018-12-05 12:41:50 - [MESSAGE][PASSED] - Object: 'Object Repository/Final Object Repo/New Registration - Registration Module Pages/Form 2/Select Socso Employment Startdate Year' is clicked on

2018-12-05 12:41:50 - [TEST_STEP][PASSED] - delay: Delayed 2 second(s)

2018-12-05 12:41:52 - [MESSAGE][PASSED] - Delayed 2 second(s)

2018-12-05 12:41:52 - [TEST_STEP][PASSED] - click: Object: 'Object Repository/Final Object Repo/New Registration - Registration Module Pages/Form 2/Socso Employment Start Date Day' is clicked on

2018-12-05 12:41:53 - [MESSAGE][PASSED] - Object: 'Object Repository/Final Object Repo/New Registration - Registration Module Pages/Form 2/Socso Employment Start Date Day' is clicked on

2018-12-05 12:41:53 - [TEST_STEP][PASSED] - delay: Delayed 2 second(s)

2018-12-05 12:41:55 - [MESSAGE][PASSED] - Delayed 2 second(s)

2018-12-05 12:41:55 - [TEST_STEP][PASSED] - click: Object: 'Object Repository/Final Object Repo/New Registration - Registration Module Pages/Form 2/Save Button for Add Employee' is clicked on

2018-12-05 12:41:55 - [MESSAGE][PASSED] - Object: 'Object Repository/Final Object Repo/New Registration - Registration Module Pages/Form 2/Save Button for Add Employee' is clicked on

2018-12-05 12:41:55 - [TEST_STEP][PASSED] - delay: Delayed 6 second(s)

2018-12-05 12:42:01 - [MESSAGE][PASSED] - Delayed 6 second(s)

2018-12-05 12:42:01 - [TEST_STEP][PASSED] - click: Object: 'Object Repository/Final Object Repo/New Registration - Registration Module Pages/Form 2/Incomplete Checkbox' is clicked on

2018-12-05 12:42:01 - [MESSAGE][PASSED] - Object: 'Object Repository/Final Object Repo/New Registration - Registration Module Pages/Form 2/Incomplete Checkbox' is clicked on

2018-12-05 12:42:01 - [TEST_STEP][PASSED] - delay: Delayed 2 second(s)

2018-12-05 12:42:03 - [MESSAGE][PASSED] - Delayed 2 second(s)

2018-12-05 12:42:03 - [TEST_STEP][PASSED] - click: Object: 'Object Repository/Final Object Repo/New Registration - Registration Module Pages/Form 2/Save and Continue Form 2' is clicked on

2018-12-05 12:42:03 - [MESSAGE][PASSED] - Object: 'Object Repository/Final Object Repo/New Registration - Registration Module Pages/Form 2/Save and Continue Form 2' is clicked on

2018-12-05 12:42:03 - [MESSAGE][PASSED] - Call Test Case 'Test Cases/Final Aug 2018 - PKS Automation/Registration Module/New Registration/Form 2/Add 1 Eligible - Incomplete' successfully

2018-12-05 12:42:03 - [TEST_STEP][PASSED] - callTestCase: Call Test Case 'Test Cases/Final Aug 2018 - PKS Automation/Registration Module/New Registration/Flow of New Registration/Third Screen - Upload Supporting Doc - Preview' successfully

2018-12-05 12:42:03 - [TEST_CASE][PASSED] - Test Cases/Final Aug 2018 - PKS Automation/Registration Module/New Registration/Flow of New Registration/Third Screen - Upload Supporting Doc - Preview: Test Cases/Final Aug 2018 - PKS Automation/Registration Module/New Registration/Flow of New Registration/Third Screen - Upload Supporting Doc - Preview

2018-12-05 12:42:03 - [TEST_STEP][PASSED] - waitForPageLoad: Wait for page load successfully

2018-12-05 12:42:04 - [MESSAGE][PASSED] - Wait for page load successfully

2018-12-05 12:42:04 - [TEST_STEP][PASSED] - Statement - CaseReferenceNo = com.kms.katalon.core.webui.keyword.WebUiBuiltInKeywords.getText(com.kms.katalon.core.testobject.ObjectRepository.findTestObject(Final Object Repo/New Registration - Registration Module Pages/Third Screen - Upload Supporting Doc- Preview/RefNo Acquiring)): Text of object 'Object Repository/Final Object Repo/New Registration - Registration Module Pages/Third Screen - Upload Supporting Doc- Preview/RefNo Acquiring' is: 'CRN12201800123007'

2018-12-05 12:42:04 - [MESSAGE][PASSED] - Text of object 'Object Repository/Final Object Repo/New Registration - Registration Module Pages/Third Screen - Upload Supporting Doc- Preview/RefNo Acquiring' is: 'CRN12201800123007'

2018-12-05 12:42:04 - [TEST_STEP][PASSED] - delay: Delayed 2 second(s)

2018-12-05 12:42:06 - [MESSAGE][PASSED] - Delayed 2 second(s)

2018-12-05 12:42:06 - [TEST_STEP][PASSED] - callTestCase: Call Test Case 'Test Cases/Final Aug 2018 - PKS Automation/Common/Reference Number Setter' successfully

2018-12-05 12:42:06 - [TEST_CASE][PASSED] - Test Cases/Final Aug 2018 - PKS Automation/Common/Reference Number Setter: Test Cases/Final Aug 2018 - PKS Automation/Common/Reference Number Setter

2018-12-05 12:42:06 - [TEST_STEP][PASSED] - Statement - RefNoOldFile = new java.io.File(C://Users//Admin//Desktop//PKS//Automation Reference Point//KatalonReference.txt): null

2018-12-05 12:42:06 - [TEST_STEP][PASSED] - Statement - RefNoOldFile.delete(): null

2018-12-05 12:42:06 - [TEST_STEP][PASSED] - delay: Delayed 5 second(s)

2018-12-05 12:42:11 - [MESSAGE][PASSED] - Delayed 5 second(s)

2018-12-05 12:42:11 - [TEST_STEP][PASSED] - Statement - RefNo = new java.io.File(C://Users//Admin//Desktop//PKS//Automation Reference Point//KatalonReference.txt): null

2018-12-05 12:42:11 - [TEST_STEP][PASSED] - Statement - f2 = new java.io.FileWriter(RefNo, false): null

2018-12-05 12:42:11 - [TEST_STEP][PASSED] - Statement - f2.write(CaseReferenceNo): null

2018-12-05 12:42:11 - [TEST_STEP][PASSED] - Statement - f2.close(): null

2018-12-05 12:42:11 - [TEST_STEP][PASSED] - Statement - out.println("


" + CaseReferenceNo + "


"): null

2018-12-05 12:42:11 - [MESSAGE][PASSED] - Call Test Case 'Test Cases/Final Aug 2018 - PKS Automation/Common/Reference Number Setter' successfully

2018-12-05 12:42:11 - [TEST_STEP][PASSED] - waitForElementClickable: Object 'Object Repository/Final Object Repo/New Registration - Registration Module Pages/Third Screen - Upload Supporting Doc- Preview/Save n Continue in SIP Employee Listing Page' is clickable

2018-12-05 12:42:11 - [MESSAGE][PASSED] - Object 'Object Repository/Final Object Repo/New Registration - Registration Module Pages/Third Screen - Upload Supporting Doc- Preview/Save n Continue in SIP Employee Listing Page' is clickable

2018-12-05 12:42:11 - [TEST_STEP][PASSED] - click: Object: 'Object Repository/Final Object Repo/New Registration - Registration Module Pages/Third Screen - Upload Supporting Doc- Preview/Save n Continue in SIP Employee Listing Page' is clicked on

2018-12-05 12:42:17 - [MESSAGE][PASSED] - Object: 'Object Repository/Final Object Repo/New Registration - Registration Module Pages/Third Screen - Upload Supporting Doc- Preview/Save n Continue in SIP Employee Listing Page' is clicked on

2018-12-05 12:42:17 - [TEST_STEP][PASSED] - delay: Delayed 7 second(s)

2018-12-05 12:42:24 - [MESSAGE][PASSED] - Delayed 7 second(s)

2018-12-05 12:42:24 - [TEST_STEP][PASSED] - click: Object: 'Object Repository/Final Object Repo/New Registration - Registration Module Pages/Third Screen - Upload Supporting Doc- Preview/Add Document Button' is clicked on

2018-12-05 12:42:24 - [MESSAGE][PASSED] - Object: 'Object Repository/Final Object Repo/New Registration - Registration Module Pages/Third Screen - Upload Supporting Doc- Preview/Add Document Button' is clicked on

2018-12-05 12:42:24 - [TEST_STEP][PASSED] - delay: Delayed 30 second(s)

2018-12-05 12:42:54 - [MESSAGE][PASSED] - Delayed 30 second(s)

2018-12-05 12:42:54 - [TEST_STEP][PASSED] - click: Object: 'Object Repository/Final Object Repo/New Registration - Registration Module Pages/Third Screen - Upload Supporting Doc- Preview/Supporting Doc Please Select Drop Down' is clicked on

2018-12-05 12:42:54 - [MESSAGE][PASSED] - Object: 'Object Repository/Final Object Repo/New Registration - Registration Module Pages/Third Screen - Upload Supporting Doc- Preview/Supporting Doc Please Select Drop Down' is clicked on

2018-12-05 12:42:54 - [TEST_STEP][PASSED] - delay: Delayed 2 second(s)

2018-12-05 12:42:56 - [MESSAGE][PASSED] - Delayed 2 second(s)

2018-12-05 12:42:56 - [TEST_STEP][PASSED] - click: Object: 'Object Repository/Final Object Repo/New Registration - Registration Module Pages/Third Screen - Upload Supporting Doc- Preview/Select to Upload Form 1' is clicked on

2018-12-05 12:42:56 - [MESSAGE][PASSED] - Object: 'Object Repository/Final Object Repo/New Registration - Registration Module Pages/Third Screen - Upload Supporting Doc- Preview/Select to Upload Form 1' is clicked on

2018-12-05 12:42:56 - [TEST_STEP][PASSED] - delay: Delayed 2 second(s)

2018-12-05 12:42:58 - [MESSAGE][PASSED] - Delayed 2 second(s)

2018-12-05 12:42:58 - [TEST_STEP][PASSED] - uploadFile: File 'C:\Users\Public\Pictures\Sample Pictures\Koala.jpg' sent to object: 'Object Repository/Final Object Repo/New Registration - Registration Module Pages/Third Screen - Upload Supporting Doc- Preview/Upload File Adding'

2018-12-05 12:42:59 - [MESSAGE][PASSED] - File 'C:\Users\Public\Pictures\Sample Pictures\Koala.jpg' sent to object: 'Object Repository/Final Object Repo/New Registration - Registration Module Pages/Third Screen - Upload Supporting Doc- Preview/Upload File Adding'

2018-12-05 12:42:59 - [TEST_STEP][PASSED] - delay: Delayed 5 second(s)

2018-12-05 12:43:04 - [MESSAGE][PASSED] - Delayed 5 second(s)

2018-12-05 12:43:04 - [TEST_STEP][PASSED] - click: Object: 'Object Repository/Final Object Repo/New Registration - Registration Module Pages/Third Screen - Upload Supporting Doc- Preview/Inner Form Add Document Button' is clicked on

2018-12-05 12:43:04 - [MESSAGE][PASSED] - Object: 'Object Repository/Final Object Repo/New Registration - Registration Module Pages/Third Screen - Upload Supporting Doc- Preview/Inner Form Add Document Button' is clicked on

2018-12-05 12:43:04 - [TEST_STEP][PASSED] - delay: Delayed 3 second(s)

2018-12-05 12:43:07 - [MESSAGE][PASSED] - Delayed 3 second(s)

2018-12-05 12:43:07 - [TEST_STEP][PASSED] - click: Object: 'Object Repository/Final Object Repo/New Registration - Registration Module Pages/Third Screen - Upload Supporting Doc- Preview/Add Document Button' is clicked on

2018-12-05 12:43:12 - [MESSAGE][PASSED] - Object: 'Object Repository/Final Object Repo/New Registration - Registration Module Pages/Third Screen - Upload Supporting Doc- Preview/Add Document Button' is clicked on

2018-12-05 12:43:12 - [TEST_STEP][PASSED] - delay: Delayed 30 second(s)

2018-12-05 12:43:42 - [MESSAGE][PASSED] - Delayed 30 second(s)

2018-12-05 12:43:42 - [TEST_STEP][PASSED] - click: Object: 'Object Repository/Final Object Repo/New Registration - Registration Module Pages/Third Screen - Upload Supporting Doc- Preview/Supporting Doc Please Select Drop Down' is clicked on

2018-12-05 12:43:42 - [MESSAGE][PASSED] - Object: 'Object Repository/Final Object Repo/New Registration - Registration Module Pages/Third Screen - Upload Supporting Doc- Preview/Supporting Doc Please Select Drop Down' is clicked on

2018-12-05 12:43:42 - [TEST_STEP][PASSED] - delay: Delayed 2 second(s)

2018-12-05 12:43:44 - [MESSAGE][PASSED] - Delayed 2 second(s)

2018-12-05 12:43:44 - [TEST_STEP][PASSED] - click: Object: 'Object Repository/Final Object Repo/New Registration - Registration Module Pages/Third Screen - Upload Supporting Doc- Preview/Select to Upload Form 2' is clicked on

2018-12-05 12:43:44 - [MESSAGE][PASSED] - Object: 'Object Repository/Final Object Repo/New Registration - Registration Module Pages/Third Screen - Upload Supporting Doc- Preview/Select to Upload Form 2' is clicked on

2018-12-05 12:43:44 - [TEST_STEP][PASSED] - delay: Delayed 2 second(s)

2018-12-05 12:43:46 - [MESSAGE][PASSED] - Delayed 2 second(s)

2018-12-05 12:43:46 - [TEST_STEP][PASSED] - uploadFile: File 'C:\Users\Public\Pictures\Sample Pictures\Koala.jpg' sent to object: 'Object Repository/Final Object Repo/New Registration - Registration Module Pages/Third Screen - Upload Supporting Doc- Preview/Upload File Adding'

2018-12-05 12:43:46 - [MESSAGE][PASSED] - File 'C:\Users\Public\Pictures\Sample Pictures\Koala.jpg' sent to object: 'Object Repository/Final Object Repo/New Registration - Registration Module Pages/Third Screen - Upload Supporting Doc- Preview/Upload File Adding'

2018-12-05 12:43:46 - [TEST_STEP][PASSED] - click: Object: 'Object Repository/Final Object Repo/New Registration - Registration Module Pages/Third Screen - Upload Supporting Doc- Preview/Inner Form Add Document Button' is clicked on

2018-12-05 12:43:46 - [MESSAGE][PASSED] - Object: 'Object Repository/Final Object Repo/New Registration - Registration Module Pages/Third Screen - Upload Supporting Doc- Preview/Inner Form Add Document Button' is clicked on

2018-12-05 12:43:46 - [TEST_STEP][PASSED] - delay: Delayed 5 second(s)

2018-12-05 12:43:51 - [MESSAGE][PASSED] - Delayed 5 second(s)

2018-12-05 12:43:51 - [TEST_STEP][PASSED] - click: Object: 'Object Repository/Final Object Repo/New Registration - Registration Module Pages/Third Screen - Upload Supporting Doc- Preview/Add Document Button' is clicked on

2018-12-05 12:44:01 - [MESSAGE][PASSED] - Object: 'Object Repository/Final Object Repo/New Registration - Registration Module Pages/Third Screen - Upload Supporting Doc- Preview/Add Document Button' is clicked on

2018-12-05 12:44:01 - [TEST_STEP][PASSED] - delay: Delayed 30 second(s)

2018-12-05 12:44:31 - [MESSAGE][PASSED] - Delayed 30 second(s)

2018-12-05 12:44:31 - [TEST_STEP][PASSED] - click: Object: 'Object Repository/Final Object Repo/New Registration - Registration Module Pages/Third Screen - Upload Supporting Doc- Preview/Supporting Doc Please Select Drop Down' is clicked on

2018-12-05 12:44:31 - [MESSAGE][PASSED] - Object: 'Object Repository/Final Object Repo/New Registration - Registration Module Pages/Third Screen - Upload Supporting Doc- Preview/Supporting Doc Please Select Drop Down' is clicked on

2018-12-05 12:44:31 - [TEST_STEP][PASSED] - click: Object: 'Object Repository/Final Object Repo/New Registration - Registration Module Pages/Third Screen - Upload Supporting Doc- Preview/Select to Upload Borang SIP 1' is clicked on

2018-12-05 12:44:31 - [MESSAGE][PASSED] - Object: 'Object Repository/Final Object Repo/New Registration - Registration Module Pages/Third Screen - Upload Supporting Doc- Preview/Select to Upload Borang SIP 1' is clicked on

2018-12-05 12:44:31 - [TEST_STEP][PASSED] - delay: Delayed 2 second(s)

2018-12-05 12:44:33 - [MESSAGE][PASSED] - Delayed 2 second(s)

2018-12-05 12:44:33 - [TEST_STEP][PASSED] - uploadFile: File 'C:\Users\Public\Pictures\Sample Pictures\Koala.jpg' sent to object: 'Object Repository/Final Object Repo/New Registration - Registration Module Pages/Third Screen - Upload Supporting Doc- Preview/Upload File Adding'

2018-12-05 12:44:33 - [MESSAGE][PASSED] - File 'C:\Users\Public\Pictures\Sample Pictures\Koala.jpg' sent to object: 'Object Repository/Final Object Repo/New Registration - Registration Module Pages/Third Screen - Upload Supporting Doc- Preview/Upload File Adding'

2018-12-05 12:44:33 - [TEST_STEP][PASSED] - click: Object: 'Object Repository/Final Object Repo/New Registration - Registration Module Pages/Third Screen - Upload Supporting Doc- Preview/Inner Form Add Document Button' is clicked on

2018-12-05 12:44:33 - [MESSAGE][PASSED] - Object: 'Object Repository/Final Object Repo/New Registration - Registration Module Pages/Third Screen - Upload Supporting Doc- Preview/Inner Form Add Document Button' is clicked on

2018-12-05 12:44:33 - [TEST_STEP][PASSED] - delay: Delayed 5 second(s)

2018-12-05 12:44:38 - [MESSAGE][PASSED] - Delayed 5 second(s)

2018-12-05 12:44:38 - [TEST_STEP][PASSED] - click: Object: 'Object Repository/Final Object Repo/New Registration - Registration Module Pages/Third Screen - Upload Supporting Doc- Preview/Add Document Button' is clicked on

2018-12-05 12:44:38 - [MESSAGE][PASSED] - Object: 'Object Repository/Final Object Repo/New Registration - Registration Module Pages/Third Screen - Upload Supporting Doc- Preview/Add Document Button' is clicked on

2018-12-05 12:44:38 - [TEST_STEP][PASSED] - delay: Delayed 30 second(s)

2018-12-05 12:45:08 - [MESSAGE][PASSED] - Delayed 30 second(s)

2018-12-05 12:45:08 - [TEST_STEP][PASSED] - click: Object: 'Object Repository/Final Object Repo/New Registration - Registration Module Pages/Third Screen - Upload Supporting Doc- Preview/Supporting Doc Please Select Drop Down' is clicked on

2018-12-05 12:45:09 - [MESSAGE][PASSED] - Object: 'Object Repository/Final Object Repo/New Registration - Registration Module Pages/Third Screen - Upload Supporting Doc- Preview/Supporting Doc Please Select Drop Down' is clicked on

2018-12-05 12:45:09 - [TEST_STEP][PASSED] - delay: Delayed 3 second(s)

2018-12-05 12:45:12 - [MESSAGE][PASSED] - Delayed 3 second(s)

2018-12-05 12:45:12 - [TEST_STEP][PASSED] - click: Object: 'Object Repository/Final Object Repo/New Registration - Registration Module Pages/Third Screen - Upload Supporting Doc- Preview/Select to Upload Borang SIP 2' is clicked on

2018-12-05 12:45:12 - [MESSAGE][PASSED] - Object: 'Object Repository/Final Object Repo/New Registration - Registration Module Pages/Third Screen - Upload Supporting Doc- Preview/Select to Upload Borang SIP 2' is clicked on

2018-12-05 12:45:12 - [TEST_STEP][PASSED] - delay: Delayed 2 second(s)

2018-12-05 12:45:14 - [MESSAGE][PASSED] - Delayed 2 second(s)

2018-12-05 12:45:14 - [TEST_STEP][PASSED] - uploadFile: File 'C:\Users\Public\Pictures\Sample Pictures\Koala.jpg' sent to object: 'Object Repository/Final Object Repo/New Registration - Registration Module Pages/Third Screen - Upload Supporting Doc- Preview/Upload File Adding'

2018-12-05 12:45:14 - [MESSAGE][PASSED] - File 'C:\Users\Public\Pictures\Sample Pictures\Koala.jpg' sent to object: 'Object Repository/Final Object Repo/New Registration - Registration Module Pages/Third Screen - Upload Supporting Doc- Preview/Upload File Adding'

2018-12-05 12:45:14 - [TEST_STEP][PASSED] - delay: Delayed 5 second(s)

2018-12-05 12:45:19 - [MESSAGE][PASSED] - Delayed 5 second(s)

2018-12-05 12:45:19 - [TEST_STEP][PASSED] - click: Object: 'Object Repository/Final Object Repo/New Registration - Registration Module Pages/Third Screen - Upload Supporting Doc- Preview/Inner Form Add Document Button' is clicked on

2018-12-05 12:45:19 - [MESSAGE][PASSED] - Object: 'Object Repository/Final Object Repo/New Registration - Registration Module Pages/Third Screen - Upload Supporting Doc- Preview/Inner Form Add Document Button' is clicked on

2018-12-05 12:45:19 - [TEST_STEP][PASSED] - delay: Delayed 3 second(s)

2018-12-05 12:45:22 - [MESSAGE][PASSED] - Delayed 3 second(s)

2018-12-05 12:45:22 - [TEST_STEP][PASSED] - waitForElementClickable: Object 'Object Repository/Final Object Repo/New Registration - Registration Module Pages/Third Screen - Upload Supporting Doc- Preview/Save n Continue in Uploading Supporting Doc Page' is clickable

2018-12-05 12:45:24 - [MESSAGE][PASSED] - Object 'Object Repository/Final Object Repo/New Registration - Registration Module Pages/Third Screen - Upload Supporting Doc- Preview/Save n Continue in Uploading Supporting Doc Page' is clickable

2018-12-05 12:45:24 - [TEST_STEP][PASSED] - click: Object: 'Object Repository/Final Object Repo/New Registration - Registration Module Pages/Third Screen - Upload Supporting Doc- Preview/Save n Continue in Uploading Supporting Doc Page' is clicked on

2018-12-05 12:45:24 - [MESSAGE][PASSED] - Object: 'Object Repository/Final Object Repo/New Registration - Registration Module Pages/Third Screen - Upload Supporting Doc- Preview/Save n Continue in Uploading Supporting Doc Page' is clicked on

2018-12-05 12:45:24 - [MESSAGE][PASSED] - Call Test Case 'Test Cases/Final Aug 2018 - PKS Automation/Registration Module/New Registration/Flow of New Registration/Third Screen - Upload Supporting Doc - Preview' successfully

2018-12-05 12:45:24 - [TEST_STEP][PASSED] - callTestCase: Call Test Case 'Test Cases/Final Aug 2018 - PKS Automation/Registration Module/New Registration/Submit and Screenshot/Submit Registration and Screenshot' successfully

2018-12-05 12:45:24 - [TEST_CASE][PASSED] - Test Cases/Final Aug 2018 - PKS Automation/Registration Module/New Registration/Submit and Screenshot/Submit Registration and Screenshot: Test Cases/Final Aug 2018 - PKS Automation/Registration Module/New Registration/Submit and Screenshot/Submit Registration and Screenshot

2018-12-05 12:45:24 - [TEST_STEP][PASSED] - delay: Delayed 6 second(s)

2018-12-05 12:45:30 - [MESSAGE][PASSED] - Delayed 6 second(s)

2018-12-05 12:45:30 - [TEST_STEP][PASSED] - click: Object: 'Object Repository/Final Object Repo/New Registration - Registration Module Pages/Third Screen - Upload Supporting Doc- Preview/Preview Submit Button' is clicked on

2018-12-05 12:45:30 - [MESSAGE][PASSED] - Object: 'Object Repository/Final Object Repo/New Registration - Registration Module Pages/Third Screen - Upload Supporting Doc- Preview/Preview Submit Button' is clicked on

2018-12-05 12:45:30 - [TEST_STEP][PASSED] - delay: Delayed 2 second(s)

2018-12-05 12:45:32 - [MESSAGE][PASSED] - Delayed 2 second(s)

2018-12-05 12:45:32 - [TEST_STEP][PASSED] - click: Object: 'Object Repository/Final Object Repo/New Registration - Registration Module Pages/Third Screen - Upload Supporting Doc- Preview/Preview Submit - Confirm' is clicked on

2018-12-05 12:45:32 - [MESSAGE][PASSED] - Object: 'Object Repository/Final Object Repo/New Registration - Registration Module Pages/Third Screen - Upload Supporting Doc- Preview/Preview Submit - Confirm' is clicked on

2018-12-05 12:45:32 - [TEST_STEP][PASSED] - delay: Delayed 15 second(s)

2018-12-05 12:45:47 - [MESSAGE][PASSED] - Delayed 15 second(s)

2018-12-05 12:45:47 - [TEST_STEP][PASSED] - Statement - driver = com.kms.katalon.core.webui.driver.DriverFactory.getWebDriver(): null

2018-12-05 12:45:47 - [TEST_STEP][PASSED] - Statement - driver.manage().timeouts().implicitlyWait(10, SECONDS): null

2018-12-05 12:45:47 - [TEST_STEP][PASSED] - Statement - PresavePath = KatalonScreenshots: null

2018-12-05 12:45:47 - [TEST_STEP][PASSED] - Statement - pathPrefix = "C:\Users\Public\Pictures\Sample Pictures\Katalon Screenshots\Automate Ending Screen": null

2018-12-05 12:45:47 - [TEST_STEP][PASSED] - Statement - finalPath = <not implemented yet for class: org.codehaus.groovy.ast.expr.EmptyExpression>: null

2018-12-05 12:45:47 - [TEST_STEP][PASSED] - Statement - scrFile = driver.getScreenshotAs(FILE): null

2018-12-05 12:45:48 - [TEST_STEP][PASSED] - Statement - PreSaveFile = new java.io.File(PresavePath): null

2018-12-05 12:45:48 - [TEST_STEP][PASSED] - Statement - counter = 0: null

2018-12-05 12:45:48 - [TEST_STEP][PASSED] - Statement - If (PreSaveFile.exists()): null

2018-12-05 12:45:48 - [TEST_STEP][PASSED] - Statement - While (PreSaveFile.exists()): null

2018-12-05 12:45:48 - [TEST_STEP][PASSED] - Statement - counter = counter + 1: null

2018-12-05 12:45:48 - [TEST_STEP][PASSED] - Statement - PreSaveFile = new java.io.File(((pathPrefix + java.lang.Integer.toString(counter)) + .png)): null

2018-12-05 12:45:48 - [TEST_STEP][PASSED] - Statement - counter = counter + 1: null

2018-12-05 12:45:48 - [TEST_STEP][PASSED] - Statement - PreSaveFile = new java.io.File(((pathPrefix + java.lang.Integer.toString(counter)) + .png)): null

2018-12-05 12:45:48 - [TEST_STEP][PASSED] - Statement - counter = counter + 1: null

2018-12-05 12:45:48 - [TEST_STEP][PASSED] - Statement - PreSaveFile = new java.io.File(((pathPrefix + java.lang.Integer.toString(counter)) + .png)): null

2018-12-05 12:45:48 - [TEST_STEP][PASSED] - Statement - counter = counter + 1: null

2018-12-05 12:45:48 - [TEST_STEP][PASSED] - Statement - PreSaveFile = new java.io.File(((pathPrefix + java.lang.Integer.toString(counter)) + .png)): null

2018-12-05 12:45:48 - [TEST_STEP][PASSED] - Statement - counter = counter + 1: null

2018-12-05 12:45:48 - [TEST_STEP][PASSED] - Statement - PreSaveFile = new java.io.File(((pathPrefix + java.lang.Integer.toString(counter)) + .png)): null

2018-12-05 12:45:48 - [TEST_STEP][PASSED] - Statement - counter = counter + 1: null

2018-12-05 12:45:48 - [TEST_STEP][PASSED] - Statement - PreSaveFile = new java.io.File(((pathPrefix + java.lang.Integer.toString(counter)) + .png)): null

2018-12-05 12:45:48 - [TEST_STEP][PASSED] - Statement - counter = counter + 1: null

2018-12-05 12:45:48 - [TEST_STEP][PASSED] - Statement - PreSaveFile = new java.io.File(((pathPrefix + java.lang.Integer.toString(counter)) + .png)): null

2018-12-05 12:45:48 - [TEST_STEP][PASSED] - Statement - counter = counter + 1: null

2018-12-05 12:45:48 - [TEST_STEP][PASSED] - Statement - PreSaveFile = new java.io.File(((pathPrefix + java.lang.Integer.toString(counter)) + .png)): null

2018-12-05 12:45:48 - [TEST_STEP][PASSED] - Statement - counter = counter + 1: null

2018-12-05 12:45:48 - [TEST_STEP][PASSED] - Statement - PreSaveFile = new java.io.File(((pathPrefix + java.lang.Integer.toString(counter)) + .png)): null

2018-12-05 12:45:48 - [TEST_STEP][PASSED] - Statement - counter = counter + 1: null

2018-12-05 12:45:48 - [TEST_STEP][PASSED] - Statement - PreSaveFile = new java.io.File(((pathPrefix + java.lang.Integer.toString(counter)) + .png)): null

2018-12-05 12:45:48 - [TEST_STEP][PASSED] - Statement - counter = counter + 1: null

2018-12-05 12:45:48 - [TEST_STEP][PASSED] - Statement - PreSaveFile = new java.io.File(((pathPrefix + java.lang.Integer.toString(counter)) + .png)): null

2018-12-05 12:45:48 - [TEST_STEP][PASSED] - Statement - counter = counter + 1: null

2018-12-05 12:45:48 - [TEST_STEP][PASSED] - Statement - PreSaveFile = new java.io.File(((pathPrefix + java.lang.Integer.toString(counter)) + .png)): null

2018-12-05 12:45:48 - [TEST_STEP][PASSED] - Statement - counter = counter + 1: null

2018-12-05 12:45:48 - [TEST_STEP][PASSED] - Statement - PreSaveFile = new java.io.File(((pathPrefix + java.lang.Integer.toString(counter)) + .png)): null

2018-12-05 12:45:48 - [TEST_STEP][PASSED] - Statement - counter = counter + 1: null

2018-12-05 12:45:48 - [TEST_STEP][PASSED] - Statement - PreSaveFile = new java.io.File(((pathPrefix + java.lang.Integer.toString(counter)) + .png)): null

2018-12-05 12:45:48 - [TEST_STEP][PASSED] - Statement - counter = counter + 1: null

2018-12-05 12:45:48 - [TEST_STEP][PASSED] - Statement - PreSaveFile = new java.io.File(((pathPrefix + java.lang.Integer.toString(counter)) + .png)): null

2018-12-05 12:45:48 - [TEST_STEP][PASSED] - Statement - counter = counter + 1: null

2018-12-05 12:45:48 - [TEST_STEP][PASSED] - Statement - PreSaveFile = new java.io.File(((pathPrefix + java.lang.Integer.toString(counter)) + .png)): null

2018-12-05 12:45:48 - [TEST_STEP][PASSED] - Statement - counter = counter + 1: null

2018-12-05 12:45:48 - [TEST_STEP][PASSED] - Statement - PreSaveFile = new java.io.File(((pathPrefix + java.lang.Integer.toString(counter)) + .png)): null

2018-12-05 12:45:48 - [TEST_STEP][PASSED] - Statement - counter = counter + 1: null

2018-12-05 12:45:48 - [TEST_STEP][PASSED] - Statement - PreSaveFile = new java.io.File(((pathPrefix + java.lang.Integer.toString(counter)) + .png)): null

2018-12-05 12:45:48 - [TEST_STEP][PASSED] - Statement - counter = counter + 1: null

2018-12-05 12:45:48 - [TEST_STEP][PASSED] - Statement - PreSaveFile = new java.io.File(((pathPrefix + java.lang.Integer.toString(counter)) + .png)): null

2018-12-05 12:45:49 - [TEST_STEP][PASSED] - Statement - counter = counter + 1: null

2018-12-05 12:45:49 - [TEST_STEP][PASSED] - Statement - PreSaveFile = new java.io.File(((pathPrefix + java.lang.Integer.toString(counter)) + .png)): null

2018-12-05 12:45:49 - [TEST_STEP][PASSED] - Statement - counter = counter + 1: null

2018-12-05 12:45:49 - [TEST_STEP][PASSED] - Statement - PreSaveFile = new java.io.File(((pathPrefix + java.lang.Integer.toString(counter)) + .png)): null

2018-12-05 12:45:49 - [TEST_STEP][PASSED] - Statement - counter = counter + 1: null

2018-12-05 12:45:49 - [TEST_STEP][PASSED] - Statement - PreSaveFile = new java.io.File(((pathPrefix + java.lang.Integer.toString(counter)) + .png)): null

2018-12-05 12:45:49 - [TEST_STEP][PASSED] - Statement - counter = counter + 1: null

2018-12-05 12:45:49 - [TEST_STEP][PASSED] - Statement - PreSaveFile = new java.io.File(((pathPrefix + java.lang.Integer.toString(counter)) + .png)): null

2018-12-05 12:45:49 - [TEST_STEP][PASSED] - Statement - counter = counter + 1: null

2018-12-05 12:45:49 - [TEST_STEP][PASSED] - Statement - PreSaveFile = new java.io.File(((pathPrefix + java.lang.Integer.toString(counter)) + .png)): null

2018-12-05 12:45:49 - [TEST_STEP][PASSED] - Statement - counter = counter + 1: null

2018-12-05 12:45:49 - [TEST_STEP][PASSED] - Statement - PreSaveFile = new java.io.File(((pathPrefix + java.lang.Integer.toString(counter)) + .png)): null

2018-12-05 12:45:49 - [TEST_STEP][PASSED] - Statement - counter = counter + 1: null

2018-12-05 12:45:49 - [TEST_STEP][PASSED] - Statement - PreSaveFile = new java.io.File(((pathPrefix + java.lang.Integer.toString(counter)) + .png)): null

2018-12-05 12:45:49 - [TEST_STEP][PASSED] - Statement - counter = counter + 1: null

2018-12-05 12:45:49 - [TEST_STEP][PASSED] - Statement - PreSaveFile = new java.io.File(((pathPrefix + java.lang.Integer.toString(counter)) + .png)): null

2018-12-05 12:45:49 - [TEST_STEP][PASSED] - Statement - counter = counter + 1: null

2018-12-05 12:45:49 - [TEST_STEP][PASSED] - Statement - PreSaveFile = new java.io.File(((pathPrefix + java.lang.Integer.toString(counter)) + .png)): null

2018-12-05 12:45:49 - [TEST_STEP][PASSED] - Statement - counter = counter + 1: null

2018-12-05 12:45:49 - [TEST_STEP][PASSED] - Statement - PreSaveFile = new java.io.File(((pathPrefix + java.lang.Integer.toString(counter)) + .png)): null

2018-12-05 12:45:49 - [TEST_STEP][PASSED] - Statement - counter = counter + 1: null

2018-12-05 12:45:49 - [TEST_STEP][PASSED] - Statement - PreSaveFile = new java.io.File(((pathPrefix + java.lang.Integer.toString(counter)) + .png)): null

2018-12-05 12:45:49 - [TEST_STEP][PASSED] - Statement - counter = counter + 1: null

2018-12-05 12:45:49 - [TEST_STEP][PASSED] - Statement - PreSaveFile = new java.io.File(((pathPrefix + java.lang.Integer.toString(counter)) + .png)): null

2018-12-05 12:45:49 - [TEST_STEP][PASSED] - Statement - counter = counter + 1: null

2018-12-05 12:45:49 - [TEST_STEP][PASSED] - Statement - PreSaveFile = new java.io.File(((pathPrefix + java.lang.Integer.toString(counter)) + .png)): null

2018-12-05 12:45:49 - [TEST_STEP][PASSED] - Statement - counter = counter + 1: null

2018-12-05 12:45:49 - [TEST_STEP][PASSED] - Statement - PreSaveFile = new java.io.File(((pathPrefix + java.lang.Integer.toString(counter)) + .png)): null

2018-12-05 12:45:49 - [TEST_STEP][PASSED] - Statement - counter = counter + 1: null

2018-12-05 12:45:49 - [TEST_STEP][PASSED] - Statement - PreSaveFile = new java.io.File(((pathPrefix + java.lang.Integer.toString(counter)) + .png)): null

2018-12-05 12:45:49 - [TEST_STEP][PASSED] - Statement - counter = counter + 1: null

2018-12-05 12:45:49 - [TEST_STEP][PASSED] - Statement - PreSaveFile = new java.io.File(((pathPrefix + java.lang.Integer.toString(counter)) + .png)): null

2018-12-05 12:45:49 - [TEST_STEP][PASSED] - Statement - counter = counter + 1: null

2018-12-05 12:45:49 - [TEST_STEP][PASSED] - Statement - PreSaveFile = new java.io.File(((pathPrefix + java.lang.Integer.toString(counter)) + .png)): null

2018-12-05 12:45:49 - [TEST_STEP][PASSED] - Statement - counter = counter + 1: null

2018-12-05 12:45:49 - [TEST_STEP][PASSED] - Statement - PreSaveFile = new java.io.File(((pathPrefix + java.lang.Integer.toString(counter)) + .png)): null

2018-12-05 12:45:49 - [TEST_STEP][PASSED] - Statement - counter = counter + 1: null

2018-12-05 12:45:50 - [TEST_STEP][PASSED] - Statement - PreSaveFile = new java.io.File(((pathPrefix + java.lang.Integer.toString(counter)) + .png)): null

2018-12-05 12:45:50 - [TEST_STEP][PASSED] - Statement - counter = counter + 1: null

2018-12-05 12:45:50 - [TEST_STEP][PASSED] - Statement - PreSaveFile = new java.io.File(((pathPrefix + java.lang.Integer.toString(counter)) + .png)): null

2018-12-05 12:45:50 - [TEST_STEP][PASSED] - Statement - counter = counter + 1: null

2018-12-05 12:45:50 - [TEST_STEP][PASSED] - Statement - PreSaveFile = new java.io.File(((pathPrefix + java.lang.Integer.toString(counter)) + .png)): null

2018-12-05 12:45:50 - [TEST_STEP][PASSED] - Statement - counter = counter + 1: null

2018-12-05 12:45:50 - [TEST_STEP][PASSED] - Statement - PreSaveFile = new java.io.File(((pathPrefix + java.lang.Integer.toString(counter)) + .png)): null

2018-12-05 12:45:50 - [TEST_STEP][PASSED] - Statement - counter = counter + 1: null

2018-12-05 12:45:50 - [TEST_STEP][PASSED] - Statement - PreSaveFile = new java.io.File(((pathPrefix + java.lang.Integer.toString(counter)) + .png)): null

2018-12-05 12:45:50 - [TEST_STEP][PASSED] - Statement - counter = counter + 1: null

2018-12-05 12:45:50 - [TEST_STEP][PASSED] - Statement - PreSaveFile = new java.io.File(((pathPrefix + java.lang.Integer.toString(counter)) + .png)): null

2018-12-05 12:45:50 - [TEST_STEP][PASSED] - Statement - counter = counter + 1: null

2018-12-05 12:45:50 - [TEST_STEP][PASSED] - Statement - PreSaveFile = new java.io.File(((pathPrefix + java.lang.Integer.toString(counter)) + .png)): null

2018-12-05 12:45:50 - [TEST_STEP][PASSED] - Statement - counter = counter + 1: null

2018-12-05 12:45:50 - [TEST_STEP][PASSED] - Statement - PreSaveFile = new java.io.File(((pathPrefix + java.lang.Integer.toString(counter)) + .png)): null

2018-12-05 12:45:50 - [TEST_STEP][PASSED] - Statement - counter = counter + 1: null

2018-12-05 12:45:50 - [TEST_STEP][PASSED] - Statement - PreSaveFile = new java.io.File(((pathPrefix + java.lang.Integer.toString(counter)) + .png)): null

2018-12-05 12:45:50 - [TEST_STEP][PASSED] - Statement - counter = counter + 1: null

2018-12-05 12:45:50 - [TEST_STEP][PASSED] - Statement - PreSaveFile = new java.io.File(((pathPrefix + java.lang.Integer.toString(counter)) + .png)): null

2018-12-05 12:45:50 - [TEST_STEP][PASSED] - Statement - counter = counter + 1: null

2018-12-05 12:45:50 - [TEST_STEP][PASSED] - Statement - PreSaveFile = new java.io.File(((pathPrefix + java.lang.Integer.toString(counter)) + .png)): null

2018-12-05 12:45:50 - [TEST_STEP][PASSED] - Statement - counter = counter + 1: null

2018-12-05 12:45:50 - [TEST_STEP][PASSED] - Statement - PreSaveFile = new java.io.File(((pathPrefix + java.lang.Integer.toString(counter)) + .png)): null

2018-12-05 12:45:50 - [TEST_STEP][PASSED] - Statement - counter = counter + 1: null

2018-12-05 12:45:50 - [TEST_STEP][PASSED] - Statement - PreSaveFile = new java.io.File(((pathPrefix + java.lang.Integer.toString(counter)) + .png)): null

2018-12-05 12:45:50 - [TEST_STEP][PASSED] - Statement - counter = counter + 1: null

2018-12-05 12:45:50 - [TEST_STEP][PASSED] - Statement - PreSaveFile = new java.io.File(((pathPrefix + java.lang.Integer.toString(counter)) + .png)): null

2018-12-05 12:45:50 - [TEST_STEP][PASSED] - Statement - counter = counter + 1: null

2018-12-05 12:45:51 - [TEST_STEP][PASSED] - Statement - PreSaveFile = new java.io.File(((pathPrefix + java.lang.Integer.toString(counter)) + .png)): null

2018-12-05 12:45:51 - [TEST_STEP][PASSED] - Statement - counter = counter + 1: null

2018-12-05 12:45:51 - [TEST_STEP][PASSED] - Statement - PreSaveFile = new java.io.File(((pathPrefix + java.lang.Integer.toString(counter)) + .png)): null

2018-12-05 12:45:51 - [TEST_STEP][PASSED] - Statement - counter = counter + 1: null

2018-12-05 12:45:51 - [TEST_STEP][PASSED] - Statement - PreSaveFile = new java.io.File(((pathPrefix + java.lang.Integer.toString(counter)) + .png)): null

2018-12-05 12:45:51 - [TEST_STEP][PASSED] - Statement - counter = counter + 1: null

2018-12-05 12:45:51 - [TEST_STEP][PASSED] - Statement - PreSaveFile = new java.io.File(((pathPrefix + java.lang.Integer.toString(counter)) + .png)): null

2018-12-05 12:45:51 - [TEST_STEP][PASSED] - Statement - counter = counter + 1: null

2018-12-05 12:45:51 - [TEST_STEP][PASSED] - Statement - PreSaveFile = new java.io.File(((pathPrefix + java.lang.Integer.toString(counter)) + .png)): null

2018-12-05 12:45:51 - [TEST_STEP][PASSED] - Statement - counter = counter + 1: null

2018-12-05 12:45:51 - [TEST_STEP][PASSED] - Statement - PreSaveFile = new java.io.File(((pathPrefix + java.lang.Integer.toString(counter)) + .png)): null

2018-12-05 12:45:51 - [TEST_STEP][PASSED] - Statement - counter = counter + 1: null

2018-12-05 12:45:51 - [TEST_STEP][PASSED] - Statement - PreSaveFile = new java.io.File(((pathPrefix + java.lang.Integer.toString(counter)) + .png)): null

2018-12-05 12:45:51 - [TEST_STEP][PASSED] - Statement - counter = counter + 1: null

2018-12-05 12:45:51 - [TEST_STEP][PASSED] - Statement - PreSaveFile = new java.io.File(((pathPrefix + java.lang.Integer.toString(counter)) + .png)): null

2018-12-05 12:45:51 - [TEST_STEP][PASSED] - Statement - counter = counter + 1: null

2018-12-05 12:45:51 - [TEST_STEP][PASSED] - Statement - PreSaveFile = new java.io.File(((pathPrefix + java.lang.Integer.toString(counter)) + .png)): null

2018-12-05 12:45:51 - [TEST_STEP][PASSED] - Statement - counter = counter + 1: null

2018-12-05 12:45:51 - [TEST_STEP][PASSED] - Statement - PreSaveFile = new java.io.File(((pathPrefix + java.lang.Integer.toString(counter)) + .png)): null

2018-12-05 12:45:51 - [TEST_STEP][PASSED] - Statement - counter = counter + 1: null

2018-12-05 12:45:51 - [TEST_STEP][PASSED] - Statement - PreSaveFile = new java.io.File(((pathPrefix + java.lang.Integer.toString(counter)) + .png)): null

2018-12-05 12:45:51 - [TEST_STEP][PASSED] - Statement - counter = counter + 1: null

2018-12-05 12:45:51 - [TEST_STEP][PASSED] - Statement - PreSaveFile = new java.io.File(((pathPrefix + java.lang.Integer.toString(counter)) + .png)): null

2018-12-05 12:45:51 - [TEST_STEP][PASSED] - Statement - counter = counter + 1: null

2018-12-05 12:45:51 - [TEST_STEP][PASSED] - Statement - PreSaveFile = new java.io.File(((pathPrefix + java.lang.Integer.toString(counter)) + .png)): null

2018-12-05 12:45:51 - [TEST_STEP][PASSED] - Statement - counter = counter + 1: null

2018-12-05 12:45:51 - [TEST_STEP][PASSED] - Statement - PreSaveFile = new java.io.File(((pathPrefix + java.lang.Integer.toString(counter)) + .png)): null

2018-12-05 12:45:51 - [TEST_STEP][PASSED] - Statement - counter = counter + 1: null

2018-12-05 12:45:51 - [TEST_STEP][PASSED] - Statement - PreSaveFile = new java.io.File(((pathPrefix + java.lang.Integer.toString(counter)) + .png)): null

2018-12-05 12:45:51 - [TEST_STEP][PASSED] - Statement - counter = counter + 1: null

2018-12-05 12:45:51 - [TEST_STEP][PASSED] - Statement - PreSaveFile = new java.io.File(((pathPrefix + java.lang.Integer.toString(counter)) + .png)): null

2018-12-05 12:45:51 - [TEST_STEP][PASSED] - Statement - counter = counter + 1: null

2018-12-05 12:45:51 - [TEST_STEP][PASSED] - Statement - PreSaveFile = new java.io.File(((pathPrefix + java.lang.Integer.toString(counter)) + .png)): null

2018-12-05 12:45:51 - [TEST_STEP][PASSED] - Statement - counter = counter + 1: null

2018-12-05 12:45:51 - [TEST_STEP][PASSED] - Statement - PreSaveFile = new java.io.File(((pathPrefix + java.lang.Integer.toString(counter)) + .png)): null

2018-12-05 12:45:51 - [TEST_STEP][PASSED] - Statement - counter = counter + 1: null

2018-12-05 12:45:51 - [TEST_STEP][PASSED] - Statement - PreSaveFile = new java.io.File(((pathPrefix + java.lang.Integer.toString(counter)) + .png)): null

2018-12-05 12:45:51 - [TEST_STEP][PASSED] - Statement - counter = counter + 1: null

2018-12-05 12:45:52 - [TEST_STEP][PASSED] - Statement - PreSaveFile = new java.io.File(((pathPrefix + java.lang.Integer.toString(counter)) + .png)): null

2018-12-05 12:45:52 - [TEST_STEP][PASSED] - Statement - counter = counter + 1: null

2018-12-05 12:45:52 - [TEST_STEP][PASSED] - Statement - PreSaveFile = new java.io.File(((pathPrefix + java.lang.Integer.toString(counter)) + .png)): null

2018-12-05 12:45:52 - [TEST_STEP][PASSED] - Statement - counter = counter + 1: null

2018-12-05 12:45:52 - [TEST_STEP][PASSED] - Statement - PreSaveFile = new java.io.File(((pathPrefix + java.lang.Integer.toString(counter)) + .png)): null

2018-12-05 12:45:52 - [TEST_STEP][PASSED] - Statement - counter = counter + 1: null

2018-12-05 12:45:52 - [TEST_STEP][PASSED] - Statement - PreSaveFile = new java.io.File(((pathPrefix + java.lang.Integer.toString(counter)) + .png)): null

2018-12-05 12:45:52 - [TEST_STEP][PASSED] - Statement - counter = counter + 1: null

2018-12-05 12:45:52 - [TEST_STEP][PASSED] - Statement - PreSaveFile = new java.io.File(((pathPrefix + java.lang.Integer.toString(counter)) + .png)): null

2018-12-05 12:45:52 - [TEST_STEP][PASSED] - Statement - counter = counter + 1: null

2018-12-05 12:45:52 - [TEST_STEP][PASSED] - Statement - PreSaveFile = new java.io.File(((pathPrefix + java.lang.Integer.toString(counter)) + .png)): null

2018-12-05 12:45:52 - [TEST_STEP][PASSED] - Statement - counter = counter + 1: null

2018-12-05 12:45:52 - [TEST_STEP][PASSED] - Statement - PreSaveFile = new java.io.File(((pathPrefix + java.lang.Integer.toString(counter)) + .png)): null

2018-12-05 12:45:52 - [TEST_STEP][PASSED] - Statement - counter = counter + 1: null

2018-12-05 12:45:52 - [TEST_STEP][PASSED] - Statement - PreSaveFile = new java.io.File(((pathPrefix + java.lang.Integer.toString(counter)) + .png)): null

2018-12-05 12:45:52 - [TEST_STEP][PASSED] - Statement - counter = counter + 1: null

2018-12-05 12:45:52 - [TEST_STEP][PASSED] - Statement - PreSaveFile = new java.io.File(((pathPrefix + java.lang.Integer.toString(counter)) + .png)): null

2018-12-05 12:45:52 - [TEST_STEP][PASSED] - Statement - counter = counter + 1: null

2018-12-05 12:45:52 - [TEST_STEP][PASSED] - Statement - PreSaveFile = new java.io.File(((pathPrefix + java.lang.Integer.toString(counter)) + .png)): null

2018-12-05 12:45:52 - [TEST_STEP][PASSED] - Statement - counter = counter + 1: null

2018-12-05 12:45:52 - [TEST_STEP][PASSED] - Statement - PreSaveFile = new java.io.File(((pathPrefix + java.lang.Integer.toString(counter)) + .png)): null

2018-12-05 12:45:52 - [TEST_STEP][PASSED] - Statement - counter = counter + 1: null

2018-12-05 12:45:52 - [TEST_STEP][PASSED] - Statement - PreSaveFile = new java.io.File(((pathPrefix + java.lang.Integer.toString(counter)) + .png)): null

2018-12-05 12:45:52 - [TEST_STEP][PASSED] - Statement - counter = counter + 1: null

2018-12-05 12:45:52 - [TEST_STEP][PASSED] - Statement - PreSaveFile = new java.io.File(((pathPrefix + java.lang.Integer.toString(counter)) + .png)): null

2018-12-05 12:45:52 - [TEST_STEP][PASSED] - Statement - counter = counter + 1: null

2018-12-05 12:45:52 - [TEST_STEP][PASSED] - Statement - PreSaveFile = new java.io.File(((pathPrefix + java.lang.Integer.toString(counter)) + .png)): null

2018-12-05 12:45:52 - [TEST_STEP][PASSED] - Statement - counter = counter + 1: null

2018-12-05 12:45:52 - [TEST_STEP][PASSED] - Statement - PreSaveFile = new java.io.File(((pathPrefix + java.lang.Integer.toString(counter)) + .png)): null

2018-12-05 12:45:53 - [TEST_STEP][PASSED] - Statement - counter = counter + 1: null

2018-12-05 12:45:53 - [TEST_STEP][PASSED] - Statement - PreSaveFile = new java.io.File(((pathPrefix + java.lang.Integer.toString(counter)) + .png)): null

2018-12-05 12:45:53 - [TEST_STEP][PASSED] - Statement - counter = counter + 1: null

2018-12-05 12:45:53 - [TEST_STEP][PASSED] - Statement - PreSaveFile = new java.io.File(((pathPrefix + java.lang.Integer.toString(counter)) + .png)): null

2018-12-05 12:45:53 - [TEST_STEP][PASSED] - Statement - counter = counter + 1: null

2018-12-05 12:45:53 - [TEST_STEP][PASSED] - Statement - PreSaveFile = new java.io.File(((pathPrefix + java.lang.Integer.toString(counter)) + .png)): null

2018-12-05 12:45:53 - [TEST_STEP][PASSED] - Statement - counter = counter + 1: null

2018-12-05 12:45:53 - [TEST_STEP][PASSED] - Statement - PreSaveFile = new java.io.File(((pathPrefix + java.lang.Integer.toString(counter)) + .png)): null

2018-12-05 12:45:53 - [TEST_STEP][PASSED] - Statement - counter = counter + 1: null

2018-12-05 12:45:53 - [TEST_STEP][PASSED] - Statement - PreSaveFile = new java.io.File(((pathPrefix + java.lang.Integer.toString(counter)) + .png)): null

2018-12-05 12:45:53 - [TEST_STEP][PASSED] - Statement - counter = counter + 1: null

2018-12-05 12:45:53 - [TEST_STEP][PASSED] - Statement - PreSaveFile = new java.io.File(((pathPrefix + java.lang.Integer.toString(counter)) + .png)): null

2018-12-05 12:45:53 - [TEST_STEP][PASSED] - Statement - counter = counter + 1: null

2018-12-05 12:45:53 - [TEST_STEP][PASSED] - Statement - PreSaveFile = new java.io.File(((pathPrefix + java.lang.Integer.toString(counter)) + .png)): null

2018-12-05 12:45:53 - [TEST_STEP][PASSED] - Statement - counter = counter + 1: null

2018-12-05 12:45:53 - [TEST_STEP][PASSED] - Statement - PreSaveFile = new java.io.File(((pathPrefix + java.lang.Integer.toString(counter)) + .png)): null

2018-12-05 12:45:53 - [TEST_STEP][PASSED] - Statement - counter = counter + 1: null

2018-12-05 12:45:53 - [TEST_STEP][PASSED] - Statement - PreSaveFile = new java.io.File(((pathPrefix + java.lang.Integer.toString(counter)) + .png)): null

2018-12-05 12:45:53 - [TEST_STEP][PASSED] - Statement - counter = counter + 1: null

2018-12-05 12:45:53 - [TEST_STEP][PASSED] - Statement - PreSaveFile = new java.io.File(((pathPrefix + java.lang.Integer.toString(counter)) + .png)): null

2018-12-05 12:45:53 - [TEST_STEP][PASSED] - Statement - counter = counter + 1: null

2018-12-05 12:45:53 - [TEST_STEP][PASSED] - Statement - PreSaveFile = new java.io.File(((pathPrefix + java.lang.Integer.toString(counter)) + .png)): null

2018-12-05 12:45:53 - [TEST_STEP][PASSED] - Statement - counter = counter + 1: null

2018-12-05 12:45:53 - [TEST_STEP][PASSED] - Statement - PreSaveFile = new java.io.File(((pathPrefix + java.lang.Integer.toString(counter)) + .png)): null

2018-12-05 12:45:53 - [TEST_STEP][PASSED] - Statement - counter = counter + 1: null

2018-12-05 12:45:53 - [TEST_STEP][PASSED] - Statement - PreSaveFile = new java.io.File(((pathPrefix + java.lang.Integer.toString(counter)) + .png)): null

2018-12-05 12:45:53 - [TEST_STEP][PASSED] - Statement - counter = counter + 1: null

2018-12-05 12:45:53 - [TEST_STEP][PASSED] - Statement - PreSaveFile = new java.io.File(((pathPrefix + java.lang.Integer.toString(counter)) + .png)): null

2018-12-05 12:45:53 - [TEST_STEP][PASSED] - Statement - counter = counter + 1: null

2018-12-05 12:45:54 - [TEST_STEP][PASSED] - Statement - PreSaveFile = new java.io.File(((pathPrefix + java.lang.Integer.toString(counter)) + .png)): null

2018-12-05 12:45:54 - [TEST_STEP][PASSED] - Statement - counter = counter + 1: null

2018-12-05 12:45:54 - [TEST_STEP][PASSED] - Statement - PreSaveFile = new java.io.File(((pathPrefix + java.lang.Integer.toString(counter)) + .png)): null

2018-12-05 12:45:54 - [TEST_STEP][PASSED] - Statement - counter = counter + 1: null

2018-12-05 12:45:54 - [TEST_STEP][PASSED] - Statement - PreSaveFile = new java.io.File(((pathPrefix + java.lang.Integer.toString(counter)) + .png)): null

2018-12-05 12:45:54 - [TEST_STEP][PASSED] - Statement - counter = counter + 1: null

2018-12-05 12:45:54 - [TEST_STEP][PASSED] - Statement - PreSaveFile = new java.io.File(((pathPrefix + java.lang.Integer.toString(counter)) + .png)): null

2018-12-05 12:45:54 - [TEST_STEP][PASSED] - Statement - counter = counter + 1: null

2018-12-05 12:45:54 - [TEST_STEP][PASSED] - Statement - PreSaveFile = new java.io.File(((pathPrefix + java.lang.Integer.toString(counter)) + .png)): null

2018-12-05 12:45:54 - [TEST_STEP][PASSED] - Statement - counter = counter + 1: null

2018-12-05 12:45:54 - [TEST_STEP][PASSED] - Statement - PreSaveFile = new java.io.File(((pathPrefix + java.lang.Integer.toString(counter)) + .png)): null

2018-12-05 12:45:54 - [TEST_STEP][PASSED] - Statement - counter = counter + 1: null

2018-12-05 12:45:54 - [TEST_STEP][PASSED] - Statement - PreSaveFile = new java.io.File(((pathPrefix + java.lang.Integer.toString(counter)) + .png)): null

2018-12-05 12:45:54 - [TEST_STEP][PASSED] - Statement - counter = counter + 1: null

2018-12-05 12:45:54 - [TEST_STEP][PASSED] - Statement - PreSaveFile = new java.io.File(((pathPrefix + java.lang.Integer.toString(counter)) + .png)): null

2018-12-05 12:45:54 - [TEST_STEP][PASSED] - Statement - counter = counter + 1: null

2018-12-05 12:45:54 - [TEST_STEP][PASSED] - Statement - PreSaveFile = new java.io.File(((pathPrefix + java.lang.Integer.toString(counter)) + .png)): null

2018-12-05 12:45:54 - [TEST_STEP][PASSED] - Statement - counter = counter + 1: null

2018-12-05 12:45:54 - [TEST_STEP][PASSED] - Statement - PreSaveFile = new java.io.File(((pathPrefix + java.lang.Integer.toString(counter)) + .png)): null

2018-12-05 12:45:54 - [TEST_STEP][PASSED] - Statement - counter = counter + 1: null

2018-12-05 12:45:54 - [TEST_STEP][PASSED] - Statement - PreSaveFile = new java.io.File(((pathPrefix + java.lang.Integer.toString(counter)) + .png)): null

2018-12-05 12:45:54 - [TEST_STEP][PASSED] - Statement - counter = counter + 1: null

2018-12-05 12:45:54 - [TEST_STEP][PASSED] - Statement - PreSaveFile = new java.io.File(((pathPrefix + java.lang.Integer.toString(counter)) + .png)): null

2018-12-05 12:45:54 - [TEST_STEP][PASSED] - Statement - counter = counter + 1: null

2018-12-05 12:45:54 - [TEST_STEP][PASSED] - Statement - PreSaveFile = new java.io.File(((pathPrefix + java.lang.Integer.toString(counter)) + .png)): null

2018-12-05 12:45:54 - [TEST_STEP][PASSED] - Statement - counter = counter + 1: null

2018-12-05 12:45:54 - [TEST_STEP][PASSED] - Statement - PreSaveFile = new java.io.File(((pathPrefix + java.lang.Integer.toString(counter)) + .png)): null

2018-12-05 12:45:54 - [TEST_STEP][PASSED] - Statement - counter = counter + 1: null

2018-12-05 12:45:55 - [TEST_STEP][PASSED] - Statement - PreSaveFile = new java.io.File(((pathPrefix + java.lang.Integer.toString(counter)) + .png)): null

2018-12-05 12:45:55 - [TEST_STEP][PASSED] - Statement - counter = counter + 1: null

2018-12-05 12:45:55 - [TEST_STEP][PASSED] - Statement - PreSaveFile = new java.io.File(((pathPrefix + java.lang.Integer.toString(counter)) + .png)): null

2018-12-05 12:45:55 - [TEST_STEP][PASSED] - Statement - counter = counter + 1: null

2018-12-05 12:45:55 - [TEST_STEP][PASSED] - Statement - PreSaveFile = new java.io.File(((pathPrefix + java.lang.Integer.toString(counter)) + .png)): null

2018-12-05 12:45:55 - [TEST_STEP][PASSED] - Statement - counter = counter + 1: null

2018-12-05 12:45:55 - [TEST_STEP][PASSED] - Statement - PreSaveFile = new java.io.File(((pathPrefix + java.lang.Integer.toString(counter)) + .png)): null

2018-12-05 12:45:55 - [TEST_STEP][PASSED] - Statement - counter = counter + 1: null

2018-12-05 12:45:55 - [TEST_STEP][PASSED] - Statement - PreSaveFile = new java.io.File(((pathPrefix + java.lang.Integer.toString(counter)) + .png)): null

2018-12-05 12:45:55 - [TEST_STEP][PASSED] - Statement - counter = counter + 1: null

2018-12-05 12:45:55 - [TEST_STEP][PASSED] - Statement - PreSaveFile = new java.io.File(((pathPrefix + java.lang.Integer.toString(counter)) + .png)): null

2018-12-05 12:45:55 - [TEST_STEP][PASSED] - Statement - counter = counter + 1: null

2018-12-05 12:45:55 - [TEST_STEP][PASSED] - Statement - PreSaveFile = new java.io.File(((pathPrefix + java.lang.Integer.toString(counter)) + .png)): null

2018-12-05 12:45:55 - [TEST_STEP][PASSED] - Statement - counter = counter + 1: null

2018-12-05 12:45:55 - [TEST_STEP][PASSED] - Statement - PreSaveFile = new java.io.File(((pathPrefix + java.lang.Integer.toString(counter)) + .png)): null

2018-12-05 12:45:55 - [TEST_STEP][PASSED] - Statement - counter = counter + 1: null

2018-12-05 12:45:55 - [TEST_STEP][PASSED] - Statement - PreSaveFile = new java.io.File(((pathPrefix + java.lang.Integer.toString(counter)) + .png)): null

2018-12-05 12:45:55 - [TEST_STEP][PASSED] - Statement - counter = counter + 1: null

2018-12-05 12:45:55 - [TEST_STEP][PASSED] - Statement - PreSaveFile = new java.io.File(((pathPrefix + java.lang.Integer.toString(counter)) + .png)): null

2018-12-05 12:45:55 - [TEST_STEP][PASSED] - Statement - counter = counter + 1: null

2018-12-05 12:45:55 - [TEST_STEP][PASSED] - Statement - PreSaveFile = new java.io.File(((pathPrefix + java.lang.Integer.toString(counter)) + .png)): null

2018-12-05 12:45:55 - [TEST_STEP][PASSED] - Statement - counter = counter + 1: null

2018-12-05 12:45:55 - [TEST_STEP][PASSED] - Statement - PreSaveFile = new java.io.File(((pathPrefix + java.lang.Integer.toString(counter)) + .png)): null

2018-12-05 12:45:55 - [TEST_STEP][PASSED] - Statement - counter = counter + 1: null

2018-12-05 12:45:55 - [TEST_STEP][PASSED] - Statement - PreSaveFile = new java.io.File(((pathPrefix + java.lang.Integer.toString(counter)) + .png)): null

2018-12-05 12:45:55 - [TEST_STEP][PASSED] - Statement - counter = counter + 1: null

2018-12-05 12:45:55 - [TEST_STEP][PASSED] - Statement - PreSaveFile = new java.io.File(((pathPrefix + java.lang.Integer.toString(counter)) + .png)): null

2018-12-05 12:45:55 - [TEST_STEP][PASSED] - Statement - counter = counter + 1: null

2018-12-05 12:45:55 - [TEST_STEP][PASSED] - Statement - PreSaveFile = new java.io.File(((pathPrefix + java.lang.Integer.toString(counter)) + .png)): null

2018-12-05 12:45:56 - [TEST_STEP][PASSED] - Statement - counter = counter + 1: null

2018-12-05 12:45:56 - [TEST_STEP][PASSED] - Statement - PreSaveFile = new java.io.File(((pathPrefix + java.lang.Integer.toString(counter)) + .png)): null

2018-12-05 12:45:56 - [TEST_STEP][PASSED] - Statement - counter = counter + 1: null

2018-12-05 12:45:56 - [TEST_STEP][PASSED] - Statement - PreSaveFile = new java.io.File(((pathPrefix + java.lang.Integer.toString(counter)) + .png)): null

2018-12-05 12:45:56 - [TEST_STEP][PASSED] - Statement - counter = counter + 1: null

2018-12-05 12:45:56 - [TEST_STEP][PASSED] - Statement - PreSaveFile = new java.io.File(((pathPrefix + java.lang.Integer.toString(counter)) + .png)): null

2018-12-05 12:45:56 - [TEST_STEP][PASSED] - Statement - counter = counter + 1: null

2018-12-05 12:45:56 - [TEST_STEP][PASSED] - Statement - PreSaveFile = new java.io.File(((pathPrefix + java.lang.Integer.toString(counter)) + .png)): null

2018-12-05 12:45:56 - [TEST_STEP][PASSED] - Statement - counter = counter + 1: null

2018-12-05 12:45:56 - [TEST_STEP][PASSED] - Statement - PreSaveFile = new java.io.File(((pathPrefix + java.lang.Integer.toString(counter)) + .png)): null

2018-12-05 12:45:56 - [TEST_STEP][PASSED] - Statement - counter = counter + 1: null

2018-12-05 12:45:56 - [TEST_STEP][PASSED] - Statement - PreSaveFile = new java.io.File(((pathPrefix + java.lang.Integer.toString(counter)) + .png)): null

2018-12-05 12:45:56 - [TEST_STEP][PASSED] - Statement - counter = counter + 1: null

2018-12-05 12:45:56 - [TEST_STEP][PASSED] - Statement - PreSaveFile = new java.io.File(((pathPrefix + java.lang.Integer.toString(counter)) + .png)): null

2018-12-05 12:45:56 - [TEST_STEP][PASSED] - Statement - counter = counter + 1: null

2018-12-05 12:45:56 - [TEST_STEP][PASSED] - Statement - PreSaveFile = new java.io.File(((pathPrefix + java.lang.Integer.toString(counter)) + .png)): null

2018-12-05 12:45:56 - [TEST_STEP][PASSED] - Statement - counter = counter + 1: null

2018-12-05 12:45:56 - [TEST_STEP][PASSED] - Statement - PreSaveFile = new java.io.File(((pathPrefix + java.lang.Integer.toString(counter)) + .png)): null

2018-12-05 12:45:56 - [TEST_STEP][PASSED] - Statement - counter = counter + 1: null

2018-12-05 12:45:56 - [TEST_STEP][PASSED] - Statement - PreSaveFile = new java.io.File(((pathPrefix + java.lang.Integer.toString(counter)) + .png)): null

2018-12-05 12:45:56 - [TEST_STEP][PASSED] - Statement - counter = counter + 1: null

2018-12-05 12:45:56 - [TEST_STEP][PASSED] - Statement - PreSaveFile = new java.io.File(((pathPrefix + java.lang.Integer.toString(counter)) + .png)): null

2018-12-05 12:45:56 - [TEST_STEP][PASSED] - Statement - counter = counter + 1: null

2018-12-05 12:45:56 - [TEST_STEP][PASSED] - Statement - PreSaveFile = new java.io.File(((pathPrefix + java.lang.Integer.toString(counter)) + .png)): null

2018-12-05 12:45:56 - [TEST_STEP][PASSED] - Statement - counter = counter + 1: null

2018-12-05 12:45:56 - [TEST_STEP][PASSED] - Statement - PreSaveFile = new java.io.File(((pathPrefix + java.lang.Integer.toString(counter)) + .png)): null

2018-12-05 12:45:56 - [TEST_STEP][PASSED] - Statement - counter = counter + 1: null

2018-12-05 12:45:56 - [TEST_STEP][PASSED] - Statement - PreSaveFile = new java.io.File(((pathPrefix + java.lang.Integer.toString(counter)) + .png)): null

2018-12-05 12:45:56 - [TEST_STEP][PASSED] - Statement - counter = counter + 1: null

2018-12-05 12:45:57 - [TEST_STEP][PASSED] - Statement - PreSaveFile = new java.io.File(((pathPrefix + java.lang.Integer.toString(counter)) + .png)): null

2018-12-05 12:45:57 - [TEST_STEP][PASSED] - Statement - counter = counter + 1: null

2018-12-05 12:45:57 - [TEST_STEP][PASSED] - Statement - PreSaveFile = new java.io.File(((pathPrefix + java.lang.Integer.toString(counter)) + .png)): null

2018-12-05 12:45:57 - [TEST_STEP][PASSED] - Statement - counter = counter + 1: null

2018-12-05 12:45:57 - [TEST_STEP][PASSED] - Statement - PreSaveFile = new java.io.File(((pathPrefix + java.lang.Integer.toString(counter)) + .png)): null

2018-12-05 12:45:57 - [TEST_STEP][PASSED] - Statement - counter = counter + 1: null

2018-12-05 12:45:57 - [TEST_STEP][PASSED] - Statement - PreSaveFile = new java.io.File(((pathPrefix + java.lang.Integer.toString(counter)) + .png)): null

2018-12-05 12:45:57 - [TEST_STEP][PASSED] - Statement - counter = counter + 1: null

2018-12-05 12:45:57 - [TEST_STEP][PASSED] - Statement - PreSaveFile = new java.io.File(((pathPrefix + java.lang.Integer.toString(counter)) + .png)): null

2018-12-05 12:45:57 - [TEST_STEP][PASSED] - Statement - counter = counter + 1: null

2018-12-05 12:45:57 - [TEST_STEP][PASSED] - Statement - PreSaveFile = new java.io.File(((pathPrefix + java.lang.Integer.toString(counter)) + .png)): null

2018-12-05 12:45:57 - [TEST_STEP][PASSED] - Statement - counter = counter + 1: null

2018-12-05 12:45:57 - [TEST_STEP][PASSED] - Statement - PreSaveFile = new java.io.File(((pathPrefix + java.lang.Integer.toString(counter)) + .png)): null

2018-12-05 12:45:57 - [TEST_STEP][PASSED] - Statement - counter = counter + 1: null

2018-12-05 12:45:57 - [TEST_STEP][PASSED] - Statement - PreSaveFile = new java.io.File(((pathPrefix + java.lang.Integer.toString(counter)) + .png)): null

2018-12-05 12:45:57 - [TEST_STEP][PASSED] - Statement - counter = counter + 1: null

2018-12-05 12:45:57 - [TEST_STEP][PASSED] - Statement - PreSaveFile = new java.io.File(((pathPrefix + java.lang.Integer.toString(counter)) + .png)): null

2018-12-05 12:45:57 - [TEST_STEP][PASSED] - Statement - counter = counter + 1: null

2018-12-05 12:45:57 - [TEST_STEP][PASSED] - Statement - PreSaveFile = new java.io.File(((pathPrefix + java.lang.Integer.toString(counter)) + .png)): null

2018-12-05 12:45:57 - [TEST_STEP][PASSED] - Statement - counter = counter + 1: null

2018-12-05 12:45:57 - [TEST_STEP][PASSED] - Statement - PreSaveFile = new java.io.File(((pathPrefix + java.lang.Integer.toString(counter)) + .png)): null

2018-12-05 12:45:57 - [TEST_STEP][PASSED] - Statement - counter = counter + 1: null

2018-12-05 12:45:57 - [TEST_STEP][PASSED] - Statement - PreSaveFile = new java.io.File(((pathPrefix + java.lang.Integer.toString(counter)) + .png)): null

2018-12-05 12:45:57 - [TEST_STEP][PASSED] - Statement - counter = counter + 1: null

2018-12-05 12:45:57 - [TEST_STEP][PASSED] - Statement - PreSaveFile = new java.io.File(((pathPrefix + java.lang.Integer.toString(counter)) + .png)): null

2018-12-05 12:45:57 - [TEST_STEP][PASSED] - Statement - counter = counter + 1: null

2018-12-05 12:45:57 - [TEST_STEP][PASSED] - Statement - PreSaveFile = new java.io.File(((pathPrefix + java.lang.Integer.toString(counter)) + .png)): null

2018-12-05 12:45:57 - [TEST_STEP][PASSED] - Statement - counter = counter + 1: null

2018-12-05 12:45:57 - [TEST_STEP][PASSED] - Statement - PreSaveFile = new java.io.File(((pathPrefix + java.lang.Integer.toString(counter)) + .png)): null

2018-12-05 12:45:57 - [TEST_STEP][PASSED] - Statement - counter = counter + 1: null

2018-12-05 12:45:57 - [TEST_STEP][PASSED] - Statement - PreSaveFile = new java.io.File(((pathPrefix + java.lang.Integer.toString(counter)) + .png)): null

2018-12-05 12:45:57 - [TEST_STEP][PASSED] - Statement - counter = counter + 1: null

2018-12-05 12:45:57 - [TEST_STEP][PASSED] - Statement - PreSaveFile = new java.io.File(((pathPrefix + java.lang.Integer.toString(counter)) + .png)): null

2018-12-05 12:45:57 - [TEST_STEP][PASSED] - Statement - counter = counter + 1: null

2018-12-05 12:45:57 - [TEST_STEP][PASSED] - Statement - PreSaveFile = new java.io.File(((pathPrefix + java.lang.Integer.toString(counter)) + .png)): null

2018-12-05 12:45:57 - [TEST_STEP][PASSED] - Statement - counter = counter + 1: null

2018-12-05 12:45:57 - [TEST_STEP][PASSED] - Statement - PreSaveFile = new java.io.File(((pathPrefix + java.lang.Integer.toString(counter)) + .png)): null

2018-12-05 12:45:57 - [TEST_STEP][PASSED] - Statement - counter = counter + 1: null

2018-12-05 12:45:58 - [TEST_STEP][PASSED] - Statement - PreSaveFile = new java.io.File(((pathPrefix + java.lang.Integer.toString(counter)) + .png)): null

2018-12-05 12:45:58 - [TEST_STEP][PASSED] - Statement - counter = counter + 1: null

2018-12-05 12:45:58 - [TEST_STEP][PASSED] - Statement - PreSaveFile = new java.io.File(((pathPrefix + java.lang.Integer.toString(counter)) + .png)): null

2018-12-05 12:45:58 - [TEST_STEP][PASSED] - Statement - counter = counter + 1: null

2018-12-05 12:45:58 - [TEST_STEP][PASSED] - Statement - PreSaveFile = new java.io.File(((pathPrefix + java.lang.Integer.toString(counter)) + .png)): null

2018-12-05 12:45:58 - [TEST_STEP][PASSED] - Statement - counter = counter + 1: null

2018-12-05 12:45:58 - [TEST_STEP][PASSED] - Statement - PreSaveFile = new java.io.File(((pathPrefix + java.lang.Integer.toString(counter)) + .png)): null

2018-12-05 12:45:58 - [TEST_STEP][PASSED] - Statement - counter = counter + 1: null

2018-12-05 12:45:58 - [TEST_STEP][PASSED] - Statement - PreSaveFile = new java.io.File(((pathPrefix + java.lang.Integer.toString(counter)) + .png)): null

2018-12-05 12:45:58 - [TEST_STEP][PASSED] - Statement - counter = counter + 1: null

2018-12-05 12:45:58 - [TEST_STEP][PASSED] - Statement - PreSaveFile = new java.io.File(((pathPrefix + java.lang.Integer.toString(counter)) + .png)): null

2018-12-05 12:45:58 - [TEST_STEP][PASSED] - Statement - counter = counter + 1: null

2018-12-05 12:45:58 - [TEST_STEP][PASSED] - Statement - PreSaveFile = new java.io.File(((pathPrefix + java.lang.Integer.toString(counter)) + .png)): null

2018-12-05 12:45:58 - [TEST_STEP][PASSED] - Statement - counter = counter + 1: null

2018-12-05 12:45:58 - [TEST_STEP][PASSED] - Statement - PreSaveFile = new java.io.File(((pathPrefix + java.lang.Integer.toString(counter)) + .png)): null

2018-12-05 12:45:58 - [TEST_STEP][PASSED] - Statement - counter = counter + 1: null

2018-12-05 12:45:58 - [TEST_STEP][PASSED] - Statement - PreSaveFile = new java.io.File(((pathPrefix + java.lang.Integer.toString(counter)) + .png)): null

2018-12-05 12:45:58 - [TEST_STEP][PASSED] - Statement - counter = counter + 1: null

2018-12-05 12:45:58 - [TEST_STEP][PASSED] - Statement - PreSaveFile = new java.io.File(((pathPrefix + java.lang.Integer.toString(counter)) + .png)): null

2018-12-05 12:45:58 - [TEST_STEP][PASSED] - Statement - counter = counter + 1: null

2018-12-05 12:45:58 - [TEST_STEP][PASSED] - Statement - PreSaveFile = new java.io.File(((pathPrefix + java.lang.Integer.toString(counter)) + .png)): null

2018-12-05 12:45:58 - [TEST_STEP][PASSED] - Statement - counter = counter + 1: null

2018-12-05 12:45:58 - [TEST_STEP][PASSED] - Statement - PreSaveFile = new java.io.File(((pathPrefix + java.lang.Integer.toString(counter)) + .png)): null

2018-12-05 12:45:58 - [TEST_STEP][PASSED] - Statement - counter = counter + 1: null

2018-12-05 12:45:58 - [TEST_STEP][PASSED] - Statement - PreSaveFile = new java.io.File(((pathPrefix + java.lang.Integer.toString(counter)) + .png)): null

2018-12-05 12:45:58 - [TEST_STEP][PASSED] - Statement - counter = counter + 1: null

2018-12-05 12:45:58 - [TEST_STEP][PASSED] - Statement - PreSaveFile = new java.io.File(((pathPrefix + java.lang.Integer.toString(counter)) + .png)): null

2018-12-05 12:45:58 - [TEST_STEP][PASSED] - Statement - counter = counter + 1: null

2018-12-05 12:45:58 - [TEST_STEP][PASSED] - Statement - PreSaveFile = new java.io.File(((pathPrefix + java.lang.Integer.toString(counter)) + .png)): null

2018-12-05 12:45:59 - [TEST_STEP][PASSED] - Statement - counter = counter + 1: null

2018-12-05 12:45:59 - [TEST_STEP][PASSED] - Statement - PreSaveFile = new java.io.File(((pathPrefix + java.lang.Integer.toString(counter)) + .png)): null

2018-12-05 12:45:59 - [TEST_STEP][PASSED] - Statement - counter = counter + 1: null

2018-12-05 12:45:59 - [TEST_STEP][PASSED] - Statement - PreSaveFile = new java.io.File(((pathPrefix + java.lang.Integer.toString(counter)) + .png)): null

2018-12-05 12:45:59 - [TEST_STEP][PASSED] - Statement - counter = counter + 1: null

2018-12-05 12:45:59 - [TEST_STEP][PASSED] - Statement - PreSaveFile = new java.io.File(((pathPrefix + java.lang.Integer.toString(counter)) + .png)): null

2018-12-05 12:45:59 - [TEST_STEP][PASSED] - Statement - counter = counter + 1: null

2018-12-05 12:45:59 - [TEST_STEP][PASSED] - Statement - PreSaveFile = new java.io.File(((pathPrefix + java.lang.Integer.toString(counter)) + .png)): null

2018-12-05 12:45:59 - [TEST_STEP][PASSED] - Statement - counter = counter + 1: null

2018-12-05 12:45:59 - [TEST_STEP][PASSED] - Statement - PreSaveFile = new java.io.File(((pathPrefix + java.lang.Integer.toString(counter)) + .png)): null

2018-12-05 12:45:59 - [TEST_STEP][PASSED] - Statement - counter = counter + 1: null

2018-12-05 12:45:59 - [TEST_STEP][PASSED] - Statement - PreSaveFile = new java.io.File(((pathPrefix + java.lang.Integer.toString(counter)) + .png)): null

2018-12-05 12:45:59 - [TEST_STEP][PASSED] - Statement - counter = counter + 1: null

2018-12-05 12:45:59 - [TEST_STEP][PASSED] - Statement - PreSaveFile = new java.io.File(((pathPrefix + java.lang.Integer.toString(counter)) + .png)): null

2018-12-05 12:45:59 - [TEST_STEP][PASSED] - Statement - counter = counter + 1: null

2018-12-05 12:45:59 - [TEST_STEP][PASSED] - Statement - PreSaveFile = new java.io.File(((pathPrefix + java.lang.Integer.toString(counter)) + .png)): null

2018-12-05 12:45:59 - [TEST_STEP][PASSED] - Statement - counter = counter + 1: null

2018-12-05 12:45:59 - [TEST_STEP][PASSED] - Statement - PreSaveFile = new java.io.File(((pathPrefix + java.lang.Integer.toString(counter)) + .png)): null

2018-12-05 12:45:59 - [TEST_STEP][PASSED] - Statement - counter = counter + 1: null

2018-12-05 12:45:59 - [TEST_STEP][PASSED] - Statement - PreSaveFile = new java.io.File(((pathPrefix + java.lang.Integer.toString(counter)) + .png)): null

2018-12-05 12:45:59 - [TEST_STEP][PASSED] - Statement - counter = counter + 1: null

2018-12-05 12:45:59 - [TEST_STEP][PASSED] - Statement - PreSaveFile = new java.io.File(((pathPrefix + java.lang.Integer.toString(counter)) + .png)): null

2018-12-05 12:45:59 - [TEST_STEP][PASSED] - Statement - counter = counter + 1: null

2018-12-05 12:45:59 - [TEST_STEP][PASSED] - Statement - PreSaveFile = new java.io.File(((pathPrefix + java.lang.Integer.toString(counter)) + .png)): null

2018-12-05 12:45:59 - [TEST_STEP][PASSED] - Statement - counter = counter + 1: null

2018-12-05 12:45:59 - [TEST_STEP][PASSED] - Statement - PreSaveFile = new java.io.File(((pathPrefix + java.lang.Integer.toString(counter)) + .png)): null

2018-12-05 12:45:59 - [TEST_STEP][PASSED] - Statement - counter = counter + 1: null

2018-12-05 12:45:59 - [TEST_STEP][PASSED] - Statement - PreSaveFile = new java.io.File(((pathPrefix + java.lang.Integer.toString(counter)) + .png)): null

2018-12-05 12:45:59 - [TEST_STEP][PASSED] - Statement - counter = counter + 1: null

2018-12-05 12:46:00 - [TEST_STEP][PASSED] - Statement - PreSaveFile = new java.io.File(((pathPrefix + java.lang.Integer.toString(counter)) + .png)): null

2018-12-05 12:46:00 - [TEST_STEP][PASSED] - Statement - counter = counter + 1: null

2018-12-05 12:46:00 - [TEST_STEP][PASSED] - Statement - PreSaveFile = new java.io.File(((pathPrefix + java.lang.Integer.toString(counter)) + .png)): null

2018-12-05 12:46:00 - [TEST_STEP][PASSED] - Statement - counter = counter + 1: null

2018-12-05 12:46:00 - [TEST_STEP][PASSED] - Statement - PreSaveFile = new java.io.File(((pathPrefix + java.lang.Integer.toString(counter)) + .png)): null

2018-12-05 12:46:00 - [TEST_STEP][PASSED] - Statement - counter = counter + 1: null

2018-12-05 12:46:00 - [TEST_STEP][PASSED] - Statement - PreSaveFile = new java.io.File(((pathPrefix + java.lang.Integer.toString(counter)) + .png)): null

2018-12-05 12:46:00 - [TEST_STEP][PASSED] - Statement - counter = counter + 1: null

2018-12-05 12:46:00 - [TEST_STEP][PASSED] - Statement - PreSaveFile = new java.io.File(((pathPrefix + java.lang.Integer.toString(counter)) + .png)): null

2018-12-05 12:46:00 - [TEST_STEP][PASSED] - Statement - counter = counter + 1: null

2018-12-05 12:46:00 - [TEST_STEP][PASSED] - Statement - PreSaveFile = new java.io.File(((pathPrefix + java.lang.Integer.toString(counter)) + .png)): null

2018-12-05 12:46:00 - [TEST_STEP][PASSED] - Statement - counter = counter + 1: null

2018-12-05 12:46:00 - [TEST_STEP][PASSED] - Statement - PreSaveFile = new java.io.File(((pathPrefix + java.lang.Integer.toString(counter)) + .png)): null

2018-12-05 12:46:00 - [TEST_STEP][PASSED] - Statement - counter = counter + 1: null

2018-12-05 12:46:00 - [TEST_STEP][PASSED] - Statement - PreSaveFile = new java.io.File(((pathPrefix + java.lang.Integer.toString(counter)) + .png)): null

2018-12-05 12:46:00 - [TEST_STEP][PASSED] - Statement - counter = counter + 1: null

2018-12-05 12:46:00 - [TEST_STEP][PASSED] - Statement - PreSaveFile = new java.io.File(((pathPrefix + java.lang.Integer.toString(counter)) + .png)): null

2018-12-05 12:46:00 - [TEST_STEP][PASSED] - Statement - counter = counter + 1: null

2018-12-05 12:46:00 - [TEST_STEP][PASSED] - Statement - PreSaveFile = new java.io.File(((pathPrefix + java.lang.Integer.toString(counter)) + .png)): null

2018-12-05 12:46:00 - [TEST_STEP][PASSED] - Statement - counter = counter + 1: null

2018-12-05 12:46:00 - [TEST_STEP][PASSED] - Statement - PreSaveFile = new java.io.File(((pathPrefix + java.lang.Integer.toString(counter)) + .png)): null

2018-12-05 12:46:00 - [TEST_STEP][PASSED] - Statement - counter = counter + 1: null

2018-12-05 12:46:00 - [TEST_STEP][PASSED] - Statement - PreSaveFile = new java.io.File(((pathPrefix + java.lang.Integer.toString(counter)) + .png)): null

2018-12-05 12:46:00 - [TEST_STEP][PASSED] - Statement - counter = counter + 1: null

2018-12-05 12:46:00 - [TEST_STEP][PASSED] - Statement - PreSaveFile = new java.io.File(((pathPrefix + java.lang.Integer.toString(counter)) + .png)): null

2018-12-05 12:46:00 - [TEST_STEP][PASSED] - Statement - counter = counter + 1: null

2018-12-05 12:46:00 - [TEST_STEP][PASSED] - Statement - PreSaveFile = new java.io.File(((pathPrefix + java.lang.Integer.toString(counter)) + .png)): null

2018-12-05 12:46:00 - [TEST_STEP][PASSED] - Statement - counter = counter + 1: null

2018-12-05 12:46:01 - [TEST_STEP][PASSED] - Statement - PreSaveFile = new java.io.File(((pathPrefix + java.lang.Integer.toString(counter)) + .png)): null

2018-12-05 12:46:01 - [TEST_STEP][PASSED] - Statement - counter = counter + 1: null

2018-12-05 12:46:01 - [TEST_STEP][PASSED] - Statement - PreSaveFile = new java.io.File(((pathPrefix + java.lang.Integer.toString(counter)) + .png)): null

2018-12-05 12:46:01 - [TEST_STEP][PASSED] - Statement - counter = counter + 1: null

2018-12-05 12:46:01 - [TEST_STEP][PASSED] - Statement - PreSaveFile = new java.io.File(((pathPrefix + java.lang.Integer.toString(counter)) + .png)): null

2018-12-05 12:46:01 - [TEST_STEP][PASSED] - Statement - counter = counter + 1: null

2018-12-05 12:46:01 - [TEST_STEP][PASSED] - Statement - PreSaveFile = new java.io.File(((pathPrefix + java.lang.Integer.toString(counter)) + .png)): null

2018-12-05 12:46:01 - [TEST_STEP][PASSED] - Statement - counter = counter + 1: null

2018-12-05 12:46:01 - [TEST_STEP][PASSED] - Statement - PreSaveFile = new java.io.File(((pathPrefix + java.lang.Integer.toString(counter)) + .png)): null

2018-12-05 12:46:01 - [TEST_STEP][PASSED] - Statement - counter = counter + 1: null

2018-12-05 12:46:01 - [TEST_STEP][PASSED] - Statement - PreSaveFile = new java.io.File(((pathPrefix + java.lang.Integer.toString(counter)) + .png)): null

2018-12-05 12:46:01 - [TEST_STEP][PASSED] - Statement - counter = counter + 1: null

2018-12-05 12:46:01 - [TEST_STEP][PASSED] - Statement - PreSaveFile = new java.io.File(((pathPrefix + java.lang.Integer.toString(counter)) + .png)): null

2018-12-05 12:46:01 - [TEST_STEP][PASSED] - Statement - counter = counter + 1: null

2018-12-05 12:46:01 - [TEST_STEP][PASSED] - Statement - PreSaveFile = new java.io.File(((pathPrefix + java.lang.Integer.toString(counter)) + .png)): null

2018-12-05 12:46:01 - [TEST_STEP][PASSED] - Statement - counter = counter + 1: null

2018-12-05 12:46:01 - [TEST_STEP][PASSED] - Statement - PreSaveFile = new java.io.File(((pathPrefix + java.lang.Integer.toString(counter)) + .png)): null

2018-12-05 12:46:01 - [TEST_STEP][PASSED] - Statement - counter = counter + 1: null

2018-12-05 12:46:01 - [TEST_STEP][PASSED] - Statement - PreSaveFile = new java.io.File(((pathPrefix + java.lang.Integer.toString(counter)) + .png)): null

2018-12-05 12:46:01 - [TEST_STEP][PASSED] - Statement - counter = counter + 1: null

2018-12-05 12:46:01 - [TEST_STEP][PASSED] - Statement - PreSaveFile = new java.io.File(((pathPrefix + java.lang.Integer.toString(counter)) + .png)): null

2018-12-05 12:46:01 - [TEST_STEP][PASSED] - Statement - counter = counter + 1: null

2018-12-05 12:46:01 - [TEST_STEP][PASSED] - Statement - PreSaveFile = new java.io.File(((pathPrefix + java.lang.Integer.toString(counter)) + .png)): null

2018-12-05 12:46:01 - [TEST_STEP][PASSED] - Statement - counter = counter + 1: null

2018-12-05 12:46:01 - [TEST_STEP][PASSED] - Statement - PreSaveFile = new java.io.File(((pathPrefix + java.lang.Integer.toString(counter)) + .png)): null

2018-12-05 12:46:01 - [TEST_STEP][PASSED] - Statement - counter = counter + 1: null

2018-12-05 12:46:01 - [TEST_STEP][PASSED] - Statement - PreSaveFile = new java.io.File(((pathPrefix + java.lang.Integer.toString(counter)) + .png)): null

2018-12-05 12:46:01 - [TEST_STEP][PASSED] - Statement - counter = counter + 1: null

2018-12-05 12:46:01 - [TEST_STEP][PASSED] - Statement - PreSaveFile = new java.io.File(((pathPrefix + java.lang.Integer.toString(counter)) + .png)): null

2018-12-05 12:46:02 - [TEST_STEP][PASSED] - Statement - counter = counter + 1: null

2018-12-05 12:46:02 - [TEST_STEP][PASSED] - Statement - PreSaveFile = new java.io.File(((pathPrefix + java.lang.Integer.toString(counter)) + .png)): null

2018-12-05 12:46:02 - [TEST_STEP][PASSED] - Statement - counter = counter + 1: null

2018-12-05 12:46:02 - [TEST_STEP][PASSED] - Statement - PreSaveFile = new java.io.File(((pathPrefix + java.lang.Integer.toString(counter)) + .png)): null

2018-12-05 12:46:02 - [TEST_STEP][PASSED] - Statement - counter = counter + 1: null

2018-12-05 12:46:02 - [TEST_STEP][PASSED] - Statement - PreSaveFile = new java.io.File(((pathPrefix + java.lang.Integer.toString(counter)) + .png)): null

2018-12-05 12:46:02 - [TEST_STEP][PASSED] - Statement - counter = counter + 1: null

2018-12-05 12:46:02 - [TEST_STEP][PASSED] - Statement - PreSaveFile = new java.io.File(((pathPrefix + java.lang.Integer.toString(counter)) + .png)): null

2018-12-05 12:46:02 - [TEST_STEP][PASSED] - Statement - counter = counter + 1: null

2018-12-05 12:46:02 - [TEST_STEP][PASSED] - Statement - PreSaveFile = new java.io.File(((pathPrefix + java.lang.Integer.toString(counter)) + .png)): null

2018-12-05 12:46:02 - [TEST_STEP][PASSED] - Statement - counter = counter + 1: null

2018-12-05 12:46:02 - [TEST_STEP][PASSED] - Statement - PreSaveFile = new java.io.File(((pathPrefix + java.lang.Integer.toString(counter)) + .png)): null

2018-12-05 12:46:02 - [TEST_STEP][PASSED] - Statement - counter = counter + 1: null

2018-12-05 12:46:02 - [TEST_STEP][PASSED] - Statement - PreSaveFile = new java.io.File(((pathPrefix + java.lang.Integer.toString(counter)) + .png)): null

2018-12-05 12:46:02 - [TEST_STEP][PASSED] - Statement - counter = counter + 1: null

2018-12-05 12:46:02 - [TEST_STEP][PASSED] - Statement - PreSaveFile = new java.io.File(((pathPrefix + java.lang.Integer.toString(counter)) + .png)): null

2018-12-05 12:46:02 - [TEST_STEP][PASSED] - Statement - counter = counter + 1: null

2018-12-05 12:46:02 - [TEST_STEP][PASSED] - Statement - PreSaveFile = new java.io.File(((pathPrefix + java.lang.Integer.toString(counter)) + .png)): null

2018-12-05 12:46:02 - [TEST_STEP][PASSED] - Statement - counter = counter + 1: null

2018-12-05 12:46:02 - [TEST_STEP][PASSED] - Statement - PreSaveFile = new java.io.File(((pathPrefix + java.lang.Integer.toString(counter)) + .png)): null

2018-12-05 12:46:02 - [TEST_STEP][PASSED] - Statement - counter = counter + 1: null

2018-12-05 12:46:03 - [TEST_STEP][PASSED] - Statement - PreSaveFile = new java.io.File(((pathPrefix + java.lang.Integer.toString(counter)) + .png)): null

2018-12-05 12:46:03 - [TEST_STEP][PASSED] - Statement - counter = counter + 1: null

2018-12-05 12:46:03 - [TEST_STEP][PASSED] - Statement - PreSaveFile = new java.io.File(((pathPrefix + java.lang.Integer.toString(counter)) + .png)): null

2018-12-05 12:46:03 - [TEST_STEP][PASSED] - Statement - counter = counter + 1: null

2018-12-05 12:46:03 - [TEST_STEP][PASSED] - Statement - PreSaveFile = new java.io.File(((pathPrefix + java.lang.Integer.toString(counter)) + .png)): null

2018-12-05 12:46:03 - [TEST_STEP][PASSED] - Statement - counter = counter + 1: null

2018-12-05 12:46:03 - [TEST_STEP][PASSED] - Statement - PreSaveFile = new java.io.File(((pathPrefix + java.lang.Integer.toString(counter)) + .png)): null

2018-12-05 12:46:03 - [TEST_STEP][PASSED] - Statement - counter = counter + 1: null

2018-12-05 12:46:03 - [TEST_STEP][PASSED] - Statement - PreSaveFile = new java.io.File(((pathPrefix + java.lang.Integer.toString(counter)) + .png)): null

2018-12-05 12:46:03 - [TEST_STEP][PASSED] - Statement - counter = counter + 1: null

2018-12-05 12:46:03 - [TEST_STEP][PASSED] - Statement - PreSaveFile = new java.io.File(((pathPrefix + java.lang.Integer.toString(counter)) + .png)): null

2018-12-05 12:46:03 - [TEST_STEP][PASSED] - Statement - counter = counter + 1: null

2018-12-05 12:46:03 - [TEST_STEP][PASSED] - Statement - PreSaveFile = new java.io.File(((pathPrefix + java.lang.Integer.toString(counter)) + .png)): null

2018-12-05 12:46:03 - [TEST_STEP][PASSED] - Statement - counter = counter + 1: null

2018-12-05 12:46:03 - [TEST_STEP][PASSED] - Statement - PreSaveFile = new java.io.File(((pathPrefix + java.lang.Integer.toString(counter)) + .png)): null

2018-12-05 12:46:03 - [TEST_STEP][PASSED] - Statement - counter = counter + 1: null

2018-12-05 12:46:03 - [TEST_STEP][PASSED] - Statement - PreSaveFile = new java.io.File(((pathPrefix + java.lang.Integer.toString(counter)) + .png)): null

2018-12-05 12:46:03 - [TEST_STEP][PASSED] - Statement - counter = counter + 1: null

2018-12-05 12:46:03 - [TEST_STEP][PASSED] - Statement - PreSaveFile = new java.io.File(((pathPrefix + java.lang.Integer.toString(counter)) + .png)): null

2018-12-05 12:46:03 - [TEST_STEP][PASSED] - Statement - counter = counter + 1: null

2018-12-05 12:46:03 - [TEST_STEP][PASSED] - Statement - PreSaveFile = new java.io.File(((pathPrefix + java.lang.Integer.toString(counter)) + .png)): null

2018-12-05 12:46:03 - [TEST_STEP][PASSED] - Statement - counter = counter + 1: null

2018-12-05 12:46:03 - [TEST_STEP][PASSED] - Statement - PreSaveFile = new java.io.File(((pathPrefix + java.lang.Integer.toString(counter)) + .png)): null

2018-12-05 12:46:03 - [TEST_STEP][PASSED] - Statement - counter = counter + 1: null

2018-12-05 12:46:03 - [TEST_STEP][PASSED] - Statement - PreSaveFile = new java.io.File(((pathPrefix + java.lang.Integer.toString(counter)) + .png)): null

2018-12-05 12:46:03 - [TEST_STEP][PASSED] - Statement - counter = counter + 1: null

2018-12-05 12:46:03 - [TEST_STEP][PASSED] - Statement - PreSaveFile = new java.io.File(((pathPrefix + java.lang.Integer.toString(counter)) + .png)): null

2018-12-05 12:46:03 - [TEST_STEP][PASSED] - Statement - counter = counter + 1: null

2018-12-05 12:46:03 - [TEST_STEP][PASSED] - Statement - PreSaveFile = new java.io.File(((pathPrefix + java.lang.Integer.toString(counter)) + .png)): null

2018-12-05 12:46:03 - [TEST_STEP][PASSED] - Statement - counter = counter + 1: null

2018-12-05 12:46:03 - [TEST_STEP][PASSED] - Statement - PreSaveFile = new java.io.File(((pathPrefix + java.lang.Integer.toString(counter)) + .png)): null

2018-12-05 12:46:03 - [TEST_STEP][PASSED] - Statement - counter = counter + 1: null

2018-12-05 12:46:03 - [TEST_STEP][PASSED] - Statement - PreSaveFile = new java.io.File(((pathPrefix + java.lang.Integer.toString(counter)) + .png)): null

2018-12-05 12:46:03 - [TEST_STEP][PASSED] - Statement - counter = counter + 1: null

2018-12-05 12:46:03 - [TEST_STEP][PASSED] - Statement - PreSaveFile = new java.io.File(((pathPrefix + java.lang.Integer.toString(counter)) + .png)): null

2018-12-05 12:46:03 - [TEST_STEP][PASSED] - Statement - counter = counter + 1: null

2018-12-05 12:46:03 - [TEST_STEP][PASSED] - Statement - PreSaveFile = new java.io.File(((pathPrefix + java.lang.Integer.toString(counter)) + .png)): null

2018-12-05 12:46:03 - [TEST_STEP][PASSED] - Statement - counter = counter + 1: null

2018-12-05 12:46:04 - [TEST_STEP][PASSED] - Statement - PreSaveFile = new java.io.File(((pathPrefix + java.lang.Integer.toString(counter)) + .png)): null

2018-12-05 12:46:04 - [TEST_STEP][PASSED] - Statement - counter = counter + 1: null

2018-12-05 12:46:04 - [TEST_STEP][PASSED] - Statement - PreSaveFile = new java.io.File(((pathPrefix + java.lang.Integer.toString(counter)) + .png)): null

2018-12-05 12:46:04 - [TEST_STEP][PASSED] - Statement - counter = counter + 1: null

2018-12-05 12:46:04 - [TEST_STEP][PASSED] - Statement - PreSaveFile = new java.io.File(((pathPrefix + java.lang.Integer.toString(counter)) + .png)): null

2018-12-05 12:46:04 - [TEST_STEP][PASSED] - Statement - counter = counter + 1: null

2018-12-05 12:46:04 - [TEST_STEP][PASSED] - Statement - PreSaveFile = new java.io.File(((pathPrefix + java.lang.Integer.toString(counter)) + .png)): null

2018-12-05 12:46:04 - [TEST_STEP][PASSED] - Statement - counter = counter + 1: null

2018-12-05 12:46:04 - [TEST_STEP][PASSED] - Statement - PreSaveFile = new java.io.File(((pathPrefix + java.lang.Integer.toString(counter)) + .png)): null

2018-12-05 12:46:04 - [TEST_STEP][PASSED] - Statement - counter = counter + 1: null

2018-12-05 12:46:04 - [TEST_STEP][PASSED] - Statement - PreSaveFile = new java.io.File(((pathPrefix + java.lang.Integer.toString(counter)) + .png)): null

2018-12-05 12:46:04 - [TEST_STEP][PASSED] - Statement - counter = counter + 1: null

2018-12-05 12:46:04 - [TEST_STEP][PASSED] - Statement - PreSaveFile = new java.io.File(((pathPrefix + java.lang.Integer.toString(counter)) + .png)): null

2018-12-05 12:46:04 - [TEST_STEP][PASSED] - Statement - counter = counter + 1: null

2018-12-05 12:46:04 - [TEST_STEP][PASSED] - Statement - PreSaveFile = new java.io.File(((pathPrefix + java.lang.Integer.toString(counter)) + .png)): null

2018-12-05 12:46:04 - [TEST_STEP][PASSED] - Statement - counter = counter + 1: null

2018-12-05 12:46:04 - [TEST_STEP][PASSED] - Statement - PreSaveFile = new java.io.File(((pathPrefix + java.lang.Integer.toString(counter)) + .png)): null

2018-12-05 12:46:04 - [TEST_STEP][PASSED] - Statement - counter = counter + 1: null

2018-12-05 12:46:04 - [TEST_STEP][PASSED] - Statement - PreSaveFile = new java.io.File(((pathPrefix + java.lang.Integer.toString(counter)) + .png)): null

2018-12-05 12:46:04 - [TEST_STEP][PASSED] - Statement - counter = counter + 1: null

2018-12-05 12:46:04 - [TEST_STEP][PASSED] - Statement - PreSaveFile = new java.io.File(((pathPrefix + java.lang.Integer.toString(counter)) + .png)): null

2018-12-05 12:46:04 - [TEST_STEP][PASSED] - Statement - counter = counter + 1: null

2018-12-05 12:46:04 - [TEST_STEP][PASSED] - Statement - PreSaveFile = new java.io.File(((pathPrefix + java.lang.Integer.toString(counter)) + .png)): null

2018-12-05 12:46:04 - [TEST_STEP][PASSED] - Statement - counter = counter + 1: null

2018-12-05 12:46:04 - [TEST_STEP][PASSED] - Statement - PreSaveFile = new java.io.File(((pathPrefix + java.lang.Integer.toString(counter)) + .png)): null

2018-12-05 12:46:04 - [TEST_STEP][PASSED] - Statement - counter = counter + 1: null

2018-12-05 12:46:04 - [TEST_STEP][PASSED] - Statement - PreSaveFile = new java.io.File(((pathPrefix + java.lang.Integer.toString(counter)) + .png)): null

2018-12-05 12:46:04 - [TEST_STEP][PASSED] - Statement - counter = counter + 1: null

2018-12-05 12:46:04 - [TEST_STEP][PASSED] - Statement - PreSaveFile = new java.io.File(((pathPrefix + java.lang.Integer.toString(counter)) + .png)): null

2018-12-05 12:46:04 - [TEST_STEP][PASSED] - Statement - counter = counter + 1: null

2018-12-05 12:46:04 - [TEST_STEP][PASSED] - Statement - PreSaveFile = new java.io.File(((pathPrefix + java.lang.Integer.toString(counter)) + .png)): null

2018-12-05 12:46:04 - [TEST_STEP][PASSED] - Statement - counter = counter + 1: null

2018-12-05 12:46:04 - [TEST_STEP][PASSED] - Statement - PreSaveFile = new java.io.File(((pathPrefix + java.lang.Integer.toString(counter)) + .png)): null

2018-12-05 12:46:04 - [TEST_STEP][PASSED] - Statement - counter = counter + 1: null

2018-12-05 12:46:04 - [TEST_STEP][PASSED] - Statement - PreSaveFile = new java.io.File(((pathPrefix + java.lang.Integer.toString(counter)) + .png)): null

2018-12-05 12:46:04 - [TEST_STEP][PASSED] - Statement - counter = counter + 1: null

2018-12-05 12:46:04 - [TEST_STEP][PASSED] - Statement - PreSaveFile = new java.io.File(((pathPrefix + java.lang.Integer.toString(counter)) + .png)): null

2018-12-05 12:46:04 - [TEST_STEP][PASSED] - Statement - counter = counter + 1: null

2018-12-05 12:46:05 - [TEST_STEP][PASSED] - Statement - PreSaveFile = new java.io.File(((pathPrefix + java.lang.Integer.toString(counter)) + .png)): null

2018-12-05 12:46:05 - [TEST_STEP][PASSED] - Statement - counter = counter + 1: null

2018-12-05 12:46:05 - [TEST_STEP][PASSED] - Statement - PreSaveFile = new java.io.File(((pathPrefix + java.lang.Integer.toString(counter)) + .png)): null

2018-12-05 12:46:05 - [TEST_STEP][PASSED] - Statement - counter = counter + 1: null

2018-12-05 12:46:05 - [TEST_STEP][PASSED] - Statement - PreSaveFile = new java.io.File(((pathPrefix + java.lang.Integer.toString(counter)) + .png)): null

2018-12-05 12:46:05 - [TEST_STEP][PASSED] - Statement - counter = counter + 1: null

2018-12-05 12:46:05 - [TEST_STEP][PASSED] - Statement - PreSaveFile = new java.io.File(((pathPrefix + java.lang.Integer.toString(counter)) + .png)): null

2018-12-05 12:46:05 - [TEST_STEP][PASSED] - Statement - counter = counter + 1: null

2018-12-05 12:46:05 - [TEST_STEP][PASSED] - Statement - PreSaveFile = new java.io.File(((pathPrefix + java.lang.Integer.toString(counter)) + .png)): null

2018-12-05 12:46:05 - [TEST_STEP][PASSED] - Statement - counter = counter + 1: null

2018-12-05 12:46:05 - [TEST_STEP][PASSED] - Statement - PreSaveFile = new java.io.File(((pathPrefix + java.lang.Integer.toString(counter)) + .png)): null

2018-12-05 12:46:05 - [TEST_STEP][PASSED] - Statement - counter = counter + 1: null

2018-12-05 12:46:05 - [TEST_STEP][PASSED] - Statement - PreSaveFile = new java.io.File(((pathPrefix + java.lang.Integer.toString(counter)) + .png)): null

2018-12-05 12:46:05 - [TEST_STEP][PASSED] - Statement - counter = counter + 1: null

2018-12-05 12:46:05 - [TEST_STEP][PASSED] - Statement - PreSaveFile = new java.io.File(((pathPrefix + java.lang.Integer.toString(counter)) + .png)): null

2018-12-05 12:46:05 - [TEST_STEP][PASSED] - Statement - counter = counter + 1: null

2018-12-05 12:46:05 - [TEST_STEP][PASSED] - Statement - PreSaveFile = new java.io.File(((pathPrefix + java.lang.Integer.toString(counter)) + .png)): null

2018-12-05 12:46:05 - [TEST_STEP][PASSED] - Statement - counter = counter + 1: null

2018-12-05 12:46:05 - [TEST_STEP][PASSED] - Statement - PreSaveFile = new java.io.File(((pathPrefix + java.lang.Integer.toString(counter)) + .png)): null

2018-12-05 12:46:05 - [TEST_STEP][PASSED] - Statement - counter = counter + 1: null

2018-12-05 12:46:05 - [TEST_STEP][PASSED] - Statement - PreSaveFile = new java.io.File(((pathPrefix + java.lang.Integer.toString(counter)) + .png)): null

2018-12-05 12:46:05 - [TEST_STEP][PASSED] - Statement - counter = counter + 1: null

2018-12-05 12:46:05 - [TEST_STEP][PASSED] - Statement - PreSaveFile = new java.io.File(((pathPrefix + java.lang.Integer.toString(counter)) + .png)): null

2018-12-05 12:46:05 - [TEST_STEP][PASSED] - Statement - counter = counter + 1: null

2018-12-05 12:46:05 - [TEST_STEP][PASSED] - Statement - PreSaveFile = new java.io.File(((pathPrefix + java.lang.Integer.toString(counter)) + .png)): null

2018-12-05 12:46:05 - [TEST_STEP][PASSED] - Statement - counter = counter + 1: null

2018-12-05 12:46:05 - [TEST_STEP][PASSED] - Statement - PreSaveFile = new java.io.File(((pathPrefix + java.lang.Integer.toString(counter)) + .png)): null

2018-12-05 12:46:05 - [TEST_STEP][PASSED] - Statement - counter = counter + 1: null

2018-12-05 12:46:06 - [TEST_STEP][PASSED] - Statement - PreSaveFile = new java.io.File(((pathPrefix + java.lang.Integer.toString(counter)) + .png)): null

2018-12-05 12:46:06 - [TEST_STEP][PASSED] - Statement - counter = counter + 1: null

2018-12-05 12:46:06 - [TEST_STEP][PASSED] - Statement - PreSaveFile = new java.io.File(((pathPrefix + java.lang.Integer.toString(counter)) + .png)): null

2018-12-05 12:46:06 - [TEST_STEP][PASSED] - Statement - counter = counter + 1: null

2018-12-05 12:46:06 - [TEST_STEP][PASSED] - Statement - PreSaveFile = new java.io.File(((pathPrefix + java.lang.Integer.toString(counter)) + .png)): null

2018-12-05 12:46:06 - [TEST_STEP][PASSED] - Statement - counter = counter + 1: null

2018-12-05 12:46:06 - [TEST_STEP][PASSED] - Statement - PreSaveFile = new java.io.File(((pathPrefix + java.lang.Integer.toString(counter)) + .png)): null

2018-12-05 12:46:06 - [TEST_STEP][PASSED] - Statement - counter = counter + 1: null

2018-12-05 12:46:06 - [TEST_STEP][PASSED] - Statement - PreSaveFile = new java.io.File(((pathPrefix + java.lang.Integer.toString(counter)) + .png)): null

2018-12-05 12:46:06 - [TEST_STEP][PASSED] - Statement - counter = counter + 1: null

2018-12-05 12:46:06 - [TEST_STEP][PASSED] - Statement - PreSaveFile = new java.io.File(((pathPrefix + java.lang.Integer.toString(counter)) + .png)): null

2018-12-05 12:46:06 - [TEST_STEP][PASSED] - Statement - counter = counter + 1: null

2018-12-05 12:46:06 - [TEST_STEP][PASSED] - Statement - PreSaveFile = new java.io.File(((pathPrefix + java.lang.Integer.toString(counter)) + .png)): null

2018-12-05 12:46:06 - [TEST_STEP][PASSED] - Statement - counter = counter + 1: null

2018-12-05 12:46:06 - [TEST_STEP][PASSED] - Statement - PreSaveFile = new java.io.File(((pathPrefix + java.lang.Integer.toString(counter)) + .png)): null

2018-12-05 12:46:06 - [TEST_STEP][PASSED] - Statement - counter = counter + 1: null

2018-12-05 12:46:06 - [TEST_STEP][PASSED] - Statement - PreSaveFile = new java.io.File(((pathPrefix + java.lang.Integer.toString(counter)) + .png)): null

2018-12-05 12:46:06 - [TEST_STEP][PASSED] - Statement - counter = counter + 1: null

2018-12-05 12:46:06 - [TEST_STEP][PASSED] - Statement - PreSaveFile = new java.io.File(((pathPrefix + java.lang.Integer.toString(counter)) + .png)): null

2018-12-05 12:46:06 - [TEST_STEP][PASSED] - Statement - counter = counter + 1: null

2018-12-05 12:46:06 - [TEST_STEP][PASSED] - Statement - PreSaveFile = new java.io.File(((pathPrefix + java.lang.Integer.toString(counter)) + .png)): null

2018-12-05 12:46:06 - [TEST_STEP][PASSED] - Statement - counter = counter + 1: null

2018-12-05 12:46:06 - [TEST_STEP][PASSED] - Statement - PreSaveFile = new java.io.File(((pathPrefix + java.lang.Integer.toString(counter)) + .png)): null

2018-12-05 12:46:06 - [TEST_STEP][PASSED] - Statement - counter = counter + 1: null

2018-12-05 12:46:06 - [TEST_STEP][PASSED] - Statement - PreSaveFile = new java.io.File(((pathPrefix + java.lang.Integer.toString(counter)) + .png)): null

2018-12-05 12:46:06 - [TEST_STEP][PASSED] - Statement - counter = counter + 1: null

2018-12-05 12:46:06 - [TEST_STEP][PASSED] - Statement - PreSaveFile = new java.io.File(((pathPrefix + java.lang.Integer.toString(counter)) + .png)): null

2018-12-05 12:46:06 - [TEST_STEP][PASSED] - Statement - counter = counter + 1: null

2018-12-05 12:46:06 - [TEST_STEP][PASSED] - Statement - PreSaveFile = new java.io.File(((pathPrefix + java.lang.Integer.toString(counter)) + .png)): null

2018-12-05 12:46:07 - [TEST_STEP][PASSED] - Statement - counter = counter + 1: null

2018-12-05 12:46:07 - [TEST_STEP][PASSED] - Statement - PreSaveFile = new java.io.File(((pathPrefix + java.lang.Integer.toString(counter)) + .png)): null

2018-12-05 12:46:07 - [TEST_STEP][PASSED] - Statement - counter = counter + 1: null

2018-12-05 12:46:07 - [TEST_STEP][PASSED] - Statement - PreSaveFile = new java.io.File(((pathPrefix + java.lang.Integer.toString(counter)) + .png)): null

2018-12-05 12:46:07 - [TEST_STEP][PASSED] - Statement - counter = counter + 1: null

2018-12-05 12:46:07 - [TEST_STEP][PASSED] - Statement - PreSaveFile = new java.io.File(((pathPrefix + java.lang.Integer.toString(counter)) + .png)): null

2018-12-05 12:46:07 - [TEST_STEP][PASSED] - Statement - counter = counter + 1: null

2018-12-05 12:46:07 - [TEST_STEP][PASSED] - Statement - PreSaveFile = new java.io.File(((pathPrefix + java.lang.Integer.toString(counter)) + .png)): null

2018-12-05 12:46:07 - [TEST_STEP][PASSED] - Statement - counter = counter + 1: null

2018-12-05 12:46:07 - [TEST_STEP][PASSED] - Statement - PreSaveFile = new java.io.File(((pathPrefix + java.lang.Integer.toString(counter)) + .png)): null

2018-12-05 12:46:07 - [TEST_STEP][PASSED] - Statement - counter = counter + 1: null

2018-12-05 12:46:07 - [TEST_STEP][PASSED] - Statement - PreSaveFile = new java.io.File(((pathPrefix + java.lang.Integer.toString(counter)) + .png)): null

2018-12-05 12:46:07 - [TEST_STEP][PASSED] - Statement - counter = counter + 1: null

2018-12-05 12:46:07 - [TEST_STEP][PASSED] - Statement - PreSaveFile = new java.io.File(((pathPrefix + java.lang.Integer.toString(counter)) + .png)): null

2018-12-05 12:46:07 - [TEST_STEP][PASSED] - Statement - counter = counter + 1: null

2018-12-05 12:46:07 - [TEST_STEP][PASSED] - Statement - PreSaveFile = new java.io.File(((pathPrefix + java.lang.Integer.toString(counter)) + .png)): null

2018-12-05 12:46:07 - [TEST_STEP][PASSED] - Statement - counter = counter + 1: null

2018-12-05 12:46:07 - [TEST_STEP][PASSED] - Statement - PreSaveFile = new java.io.File(((pathPrefix + java.lang.Integer.toString(counter)) + .png)): null

2018-12-05 12:46:07 - [TEST_STEP][PASSED] - Statement - counter = counter + 1: null

2018-12-05 12:46:07 - [TEST_STEP][PASSED] - Statement - PreSaveFile = new java.io.File(((pathPrefix + java.lang.Integer.toString(counter)) + .png)): null

2018-12-05 12:46:07 - [TEST_STEP][PASSED] - Statement - counter = counter + 1: null

2018-12-05 12:46:07 - [TEST_STEP][PASSED] - Statement - PreSaveFile = new java.io.File(((pathPrefix + java.lang.Integer.toString(counter)) + .png)): null

2018-12-05 12:46:07 - [TEST_STEP][PASSED] - Statement - counter = counter + 1: null

2018-12-05 12:46:07 - [TEST_STEP][PASSED] - Statement - PreSaveFile = new java.io.File(((pathPrefix + java.lang.Integer.toString(counter)) + .png)): null

2018-12-05 12:46:07 - [TEST_STEP][PASSED] - Statement - counter = counter + 1: null

2018-12-05 12:46:07 - [TEST_STEP][PASSED] - Statement - PreSaveFile = new java.io.File(((pathPrefix + java.lang.Integer.toString(counter)) + .png)): null

2018-12-05 12:46:07 - [TEST_STEP][PASSED] - Statement - counter = counter + 1: null

2018-12-05 12:46:07 - [TEST_STEP][PASSED] - Statement - PreSaveFile = new java.io.File(((pathPrefix + java.lang.Integer.toString(counter)) + .png)): null

2018-12-05 12:46:07 - [TEST_STEP][PASSED] - Statement - counter = counter + 1: null

2018-12-05 12:46:08 - [TEST_STEP][PASSED] - Statement - PreSaveFile = new java.io.File(((pathPrefix + java.lang.Integer.toString(counter)) + .png)): null

2018-12-05 12:46:08 - [TEST_STEP][PASSED] - Statement - counter = counter + 1: null

2018-12-05 12:46:08 - [TEST_STEP][PASSED] - Statement - PreSaveFile = new java.io.File(((pathPrefix + java.lang.Integer.toString(counter)) + .png)): null

2018-12-05 12:46:08 - [TEST_STEP][PASSED] - Statement - counter = counter + 1: null

2018-12-05 12:46:08 - [TEST_STEP][PASSED] - Statement - PreSaveFile = new java.io.File(((pathPrefix + java.lang.Integer.toString(counter)) + .png)): null

2018-12-05 12:46:08 - [TEST_STEP][PASSED] - Statement - counter = counter + 1: null

2018-12-05 12:46:08 - [TEST_STEP][PASSED] - Statement - PreSaveFile = new java.io.File(((pathPrefix + java.lang.Integer.toString(counter)) + .png)): null

2018-12-05 12:46:08 - [TEST_STEP][PASSED] - Statement - counter = counter + 1: null

2018-12-05 12:46:08 - [TEST_STEP][PASSED] - Statement - PreSaveFile = new java.io.File(((pathPrefix + java.lang.Integer.toString(counter)) + .png)): null

2018-12-05 12:46:08 - [TEST_STEP][PASSED] - Statement - counter = counter + 1: null

2018-12-05 12:46:08 - [TEST_STEP][PASSED] - Statement - PreSaveFile = new java.io.File(((pathPrefix + java.lang.Integer.toString(counter)) + .png)): null

2018-12-05 12:46:08 - [TEST_STEP][PASSED] - Statement - counter = counter + 1: null

2018-12-05 12:46:08 - [TEST_STEP][PASSED] - Statement - PreSaveFile = new java.io.File(((pathPrefix + java.lang.Integer.toString(counter)) + .png)): null

2018-12-05 12:46:08 - [TEST_STEP][PASSED] - Statement - counter = counter + 1: null

2018-12-05 12:46:08 - [TEST_STEP][PASSED] - Statement - PreSaveFile = new java.io.File(((pathPrefix + java.lang.Integer.toString(counter)) + .png)): null

2018-12-05 12:46:08 - [TEST_STEP][PASSED] - Statement - counter = counter + 1: null

2018-12-05 12:46:08 - [TEST_STEP][PASSED] - Statement - PreSaveFile = new java.io.File(((pathPrefix + java.lang.Integer.toString(counter)) + .png)): null

2018-12-05 12:46:08 - [TEST_STEP][PASSED] - Statement - counter = counter + 1: null

2018-12-05 12:46:08 - [TEST_STEP][PASSED] - Statement - PreSaveFile = new java.io.File(((pathPrefix + java.lang.Integer.toString(counter)) + .png)): null

2018-12-05 12:46:08 - [TEST_STEP][PASSED] - Statement - counter = counter + 1: null

2018-12-05 12:46:08 - [TEST_STEP][PASSED] - Statement - PreSaveFile = new java.io.File(((pathPrefix + java.lang.Integer.toString(counter)) + .png)): null

2018-12-05 12:46:08 - [TEST_STEP][PASSED] - Statement - counter = counter + 1: null

2018-12-05 12:46:08 - [TEST_STEP][PASSED] - Statement - PreSaveFile = new java.io.File(((pathPrefix + java.lang.Integer.toString(counter)) + .png)): null

2018-12-05 12:46:08 - [TEST_STEP][PASSED] - Statement - counter = counter + 1: null

2018-12-05 12:46:08 - [TEST_STEP][PASSED] - Statement - PreSaveFile = new java.io.File(((pathPrefix + java.lang.Integer.toString(counter)) + .png)): null

2018-12-05 12:46:08 - [TEST_STEP][PASSED] - Statement - counter = counter + 1: null

2018-12-05 12:46:08 - [TEST_STEP][PASSED] - Statement - PreSaveFile = new java.io.File(((pathPrefix + java.lang.Integer.toString(counter)) + .png)): null

2018-12-05 12:46:08 - [TEST_STEP][PASSED] - Statement - counter = counter + 1: null

2018-12-05 12:46:09 - [TEST_STEP][PASSED] - Statement - PreSaveFile = new java.io.File(((pathPrefix + java.lang.Integer.toString(counter)) + .png)): null

2018-12-05 12:46:09 - [TEST_STEP][PASSED] - Statement - counter = counter + 1: null

2018-12-05 12:46:09 - [TEST_STEP][PASSED] - Statement - PreSaveFile = new java.io.File(((pathPrefix + java.lang.Integer.toString(counter)) + .png)): null

2018-12-05 12:46:09 - [TEST_STEP][PASSED] - Statement - counter = counter + 1: null

2018-12-05 12:46:09 - [TEST_STEP][PASSED] - Statement - PreSaveFile = new java.io.File(((pathPrefix + java.lang.Integer.toString(counter)) + .png)): null

2018-12-05 12:46:09 - [TEST_STEP][PASSED] - Statement - counter = counter + 1: null

2018-12-05 12:46:09 - [TEST_STEP][PASSED] - Statement - PreSaveFile = new java.io.File(((pathPrefix + java.lang.Integer.toString(counter)) + .png)): null

2018-12-05 12:46:09 - [TEST_STEP][PASSED] - Statement - counter = counter + 1: null

2018-12-05 12:46:09 - [TEST_STEP][PASSED] - Statement - PreSaveFile = new java.io.File(((pathPrefix + java.lang.Integer.toString(counter)) + .png)): null

2018-12-05 12:46:09 - [TEST_STEP][PASSED] - Statement - counter = counter + 1: null

2018-12-05 12:46:09 - [TEST_STEP][PASSED] - Statement - PreSaveFile = new java.io.File(((pathPrefix + java.lang.Integer.toString(counter)) + .png)): null

2018-12-05 12:46:09 - [TEST_STEP][PASSED] - Statement - counter = counter + 1: null

2018-12-05 12:46:09 - [TEST_STEP][PASSED] - Statement - PreSaveFile = new java.io.File(((pathPrefix + java.lang.Integer.toString(counter)) + .png)): null

2018-12-05 12:46:09 - [TEST_STEP][PASSED] - Statement - counter = counter + 1: null

2018-12-05 12:46:09 - [TEST_STEP][PASSED] - Statement - PreSaveFile = new java.io.File(((pathPrefix + java.lang.Integer.toString(counter)) + .png)): null

2018-12-05 12:46:09 - [TEST_STEP][PASSED] - Statement - counter = counter + 1: null

2018-12-05 12:46:09 - [TEST_STEP][PASSED] - Statement - PreSaveFile = new java.io.File(((pathPrefix + java.lang.Integer.toString(counter)) + .png)): null

2018-12-05 12:46:09 - [TEST_STEP][PASSED] - Statement - counter = counter + 1: null

2018-12-05 12:46:09 - [TEST_STEP][PASSED] - Statement - PreSaveFile = new java.io.File(((pathPrefix + java.lang.Integer.toString(counter)) + .png)): null

2018-12-05 12:46:09 - [TEST_STEP][PASSED] - Statement - counter = counter + 1: null

2018-12-05 12:46:09 - [TEST_STEP][PASSED] - Statement - PreSaveFile = new java.io.File(((pathPrefix + java.lang.Integer.toString(counter)) + .png)): null

2018-12-05 12:46:09 - [TEST_STEP][PASSED] - Statement - counter = counter + 1: null

2018-12-05 12:46:09 - [TEST_STEP][PASSED] - Statement - PreSaveFile = new java.io.File(((pathPrefix + java.lang.Integer.toString(counter)) + .png)): null

2018-12-05 12:46:09 - [TEST_STEP][PASSED] - Statement - counter = counter + 1: null

2018-12-05 12:46:09 - [TEST_STEP][PASSED] - Statement - PreSaveFile = new java.io.File(((pathPrefix + java.lang.Integer.toString(counter)) + .png)): null

2018-12-05 12:46:09 - [TEST_STEP][PASSED] - Statement - counter = counter + 1: null

2018-12-05 12:46:09 - [TEST_STEP][PASSED] - Statement - PreSaveFile = new java.io.File(((pathPrefix + java.lang.Integer.toString(counter)) + .png)): null

2018-12-05 12:46:09 - [TEST_STEP][PASSED] - Statement - counter = counter + 1: null

2018-12-05 12:46:09 - [TEST_STEP][PASSED] - Statement - PreSaveFile = new java.io.File(((pathPrefix + java.lang.Integer.toString(counter)) + .png)): null

2018-12-05 12:46:10 - [TEST_STEP][PASSED] - Statement - counter = counter + 1: null

2018-12-05 12:46:10 - [TEST_STEP][PASSED] - Statement - PreSaveFile = new java.io.File(((pathPrefix + java.lang.Integer.toString(counter)) + .png)): null

2018-12-05 12:46:10 - [TEST_STEP][PASSED] - Statement - counter = counter + 1: null

2018-12-05 12:46:10 - [TEST_STEP][PASSED] - Statement - PreSaveFile = new java.io.File(((pathPrefix + java.lang.Integer.toString(counter)) + .png)): null

2018-12-05 12:46:10 - [TEST_STEP][PASSED] - Statement - counter = counter + 1: null

2018-12-05 12:46:10 - [TEST_STEP][PASSED] - Statement - PreSaveFile = new java.io.File(((pathPrefix + java.lang.Integer.toString(counter)) + .png)): null

2018-12-05 12:46:10 - [TEST_STEP][PASSED] - Statement - counter = counter + 1: null

2018-12-05 12:46:10 - [TEST_STEP][PASSED] - Statement - PreSaveFile = new java.io.File(((pathPrefix + java.lang.Integer.toString(counter)) + .png)): null

2018-12-05 12:46:10 - [TEST_STEP][PASSED] - Statement - counter = counter + 1: null

2018-12-05 12:46:10 - [TEST_STEP][PASSED] - Statement - PreSaveFile = new java.io.File(((pathPrefix + java.lang.Integer.toString(counter)) + .png)): null

2018-12-05 12:46:10 - [TEST_STEP][PASSED] - Statement - counter = counter + 1: null

2018-12-05 12:46:10 - [TEST_STEP][PASSED] - Statement - PreSaveFile = new java.io.File(((pathPrefix + java.lang.Integer.toString(counter)) + .png)): null

2018-12-05 12:46:10 - [TEST_STEP][PASSED] - Statement - counter = counter + 1: null

2018-12-05 12:46:10 - [TEST_STEP][PASSED] - Statement - PreSaveFile = new java.io.File(((pathPrefix + java.lang.Integer.toString(counter)) + .png)): null

2018-12-05 12:46:10 - [TEST_STEP][PASSED] - Statement - counter = counter + 1: null

2018-12-05 12:46:10 - [TEST_STEP][PASSED] - Statement - PreSaveFile = new java.io.File(((pathPrefix + java.lang.Integer.toString(counter)) + .png)): null

2018-12-05 12:46:10 - [TEST_STEP][PASSED] - Statement - counter = counter + 1: null

2018-12-05 12:46:10 - [TEST_STEP][PASSED] - Statement - PreSaveFile = new java.io.File(((pathPrefix + java.lang.Integer.toString(counter)) + .png)): null

2018-12-05 12:46:10 - [TEST_STEP][PASSED] - Statement - counter = counter + 1: null

2018-12-05 12:46:10 - [TEST_STEP][PASSED] - Statement - PreSaveFile = new java.io.File(((pathPrefix + java.lang.Integer.toString(counter)) + .png)): null

2018-12-05 12:46:10 - [TEST_STEP][PASSED] - Statement - counter = counter + 1: null

2018-12-05 12:46:10 - [TEST_STEP][PASSED] - Statement - PreSaveFile = new java.io.File(((pathPrefix + java.lang.Integer.toString(counter)) + .png)): null

2018-12-05 12:46:10 - [TEST_STEP][PASSED] - Statement - counter = counter + 1: null

2018-12-05 12:46:10 - [TEST_STEP][PASSED] - Statement - PreSaveFile = new java.io.File(((pathPrefix + java.lang.Integer.toString(counter)) + .png)): null

2018-12-05 12:46:10 - [TEST_STEP][PASSED] - Statement - counter = counter + 1: null

2018-12-05 12:46:10 - [TEST_STEP][PASSED] - Statement - PreSaveFile = new java.io.File(((pathPrefix + java.lang.Integer.toString(counter)) + .png)): null

2018-12-05 12:46:10 - [TEST_STEP][PASSED] - Statement - counter = counter + 1: null

2018-12-05 12:46:10 - [TEST_STEP][PASSED] - Statement - PreSaveFile = new java.io.File(((pathPrefix + java.lang.Integer.toString(counter)) + .png)): null

2018-12-05 12:46:10 - [TEST_STEP][PASSED] - Statement - counter = counter + 1: null

2018-12-05 12:46:11 - [TEST_STEP][PASSED] - Statement - PreSaveFile = new java.io.File(((pathPrefix + java.lang.Integer.toString(counter)) + .png)): null

2018-12-05 12:46:11 - [TEST_STEP][PASSED] - Statement - counter = counter + 1: null

2018-12-05 12:46:11 - [TEST_STEP][PASSED] - Statement - PreSaveFile = new java.io.File(((pathPrefix + java.lang.Integer.toString(counter)) + .png)): null

2018-12-05 12:46:11 - [TEST_STEP][PASSED] - Statement - counter = counter + 1: null

2018-12-05 12:46:11 - [TEST_STEP][PASSED] - Statement - PreSaveFile = new java.io.File(((pathPrefix + java.lang.Integer.toString(counter)) + .png)): null

2018-12-05 12:46:11 - [TEST_STEP][PASSED] - Statement - counter = counter + 1: null

2018-12-05 12:46:11 - [TEST_STEP][PASSED] - Statement - PreSaveFile = new java.io.File(((pathPrefix + java.lang.Integer.toString(counter)) + .png)): null

2018-12-05 12:46:11 - [TEST_STEP][PASSED] - Statement - counter = counter + 1: null

2018-12-05 12:46:11 - [TEST_STEP][PASSED] - Statement - PreSaveFile = new java.io.File(((pathPrefix + java.lang.Integer.toString(counter)) + .png)): null

2018-12-05 12:46:11 - [TEST_STEP][PASSED] - Statement - counter = counter + 1: null

2018-12-05 12:46:11 - [TEST_STEP][PASSED] - Statement - PreSaveFile = new java.io.File(((pathPrefix + java.lang.Integer.toString(counter)) + .png)): null

2018-12-05 12:46:11 - [TEST_STEP][PASSED] - Statement - counter = counter + 1: null

2018-12-05 12:46:11 - [TEST_STEP][PASSED] - Statement - PreSaveFile = new java.io.File(((pathPrefix + java.lang.Integer.toString(counter)) + .png)): null

2018-12-05 12:46:11 - [TEST_STEP][PASSED] - Statement - counter = counter + 1: null

2018-12-05 12:46:11 - [TEST_STEP][PASSED] - Statement - PreSaveFile = new java.io.File(((pathPrefix + java.lang.Integer.toString(counter)) + .png)): null

2018-12-05 12:46:11 - [TEST_STEP][PASSED] - Statement - counter = counter + 1: null

2018-12-05 12:46:11 - [TEST_STEP][PASSED] - Statement - PreSaveFile = new java.io.File(((pathPrefix + java.lang.Integer.toString(counter)) + .png)): null

2018-12-05 12:46:11 - [TEST_STEP][PASSED] - Statement - counter = counter + 1: null

2018-12-05 12:46:11 - [TEST_STEP][PASSED] - Statement - PreSaveFile = new java.io.File(((pathPrefix + java.lang.Integer.toString(counter)) + .png)): null

2018-12-05 12:46:11 - [TEST_STEP][PASSED] - Statement - counter = counter + 1: null

2018-12-05 12:46:11 - [TEST_STEP][PASSED] - Statement - PreSaveFile = new java.io.File(((pathPrefix + java.lang.Integer.toString(counter)) + .png)): null

2018-12-05 12:46:11 - [TEST_STEP][PASSED] - Statement - counter = counter + 1: null

2018-12-05 12:46:11 - [TEST_STEP][PASSED] - Statement - PreSaveFile = new java.io.File(((pathPrefix + java.lang.Integer.toString(counter)) + .png)): null

2018-12-05 12:46:11 - [TEST_STEP][PASSED] - Statement - counter = counter + 1: null

2018-12-05 12:46:11 - [TEST_STEP][PASSED] - Statement - PreSaveFile = new java.io.File(((pathPrefix + java.lang.Integer.toString(counter)) + .png)): null

2018-12-05 12:46:11 - [TEST_STEP][PASSED] - Statement - counter = counter + 1: null

2018-12-05 12:46:11 - [TEST_STEP][PASSED] - Statement - PreSaveFile = new java.io.File(((pathPrefix + java.lang.Integer.toString(counter)) + .png)): null

2018-12-05 12:46:11 - [TEST_STEP][PASSED] - Statement - counter = counter + 1: null

2018-12-05 12:46:12 - [TEST_STEP][PASSED] - Statement - PreSaveFile = new java.io.File(((pathPrefix + java.lang.Integer.toString(counter)) + .png)): null

2018-12-05 12:46:12 - [TEST_STEP][PASSED] - Statement - counter = counter + 1: null

2018-12-05 12:46:12 - [TEST_STEP][PASSED] - Statement - PreSaveFile = new java.io.File(((pathPrefix + java.lang.Integer.toString(counter)) + .png)): null

2018-12-05 12:46:12 - [TEST_STEP][PASSED] - Statement - counter = counter + 1: null

2018-12-05 12:46:12 - [TEST_STEP][PASSED] - Statement - PreSaveFile = new java.io.File(((pathPrefix + java.lang.Integer.toString(counter)) + .png)): null

2018-12-05 12:46:12 - [TEST_STEP][PASSED] - Statement - counter = counter + 1: null

2018-12-05 12:46:12 - [TEST_STEP][PASSED] - Statement - PreSaveFile = new java.io.File(((pathPrefix + java.lang.Integer.toString(counter)) + .png)): null

2018-12-05 12:46:12 - [TEST_STEP][PASSED] - Statement - counter = counter + 1: null

2018-12-05 12:46:12 - [TEST_STEP][PASSED] - Statement - PreSaveFile = new java.io.File(((pathPrefix + java.lang.Integer.toString(counter)) + .png)): null

2018-12-05 12:46:12 - [TEST_STEP][PASSED] - Statement - counter = counter + 1: null

2018-12-05 12:46:12 - [TEST_STEP][PASSED] - Statement - PreSaveFile = new java.io.File(((pathPrefix + java.lang.Integer.toString(counter)) + .png)): null

2018-12-05 12:46:12 - [TEST_STEP][PASSED] - Statement - counter = counter + 1: null

2018-12-05 12:46:12 - [TEST_STEP][PASSED] - Statement - PreSaveFile = new java.io.File(((pathPrefix + java.lang.Integer.toString(counter)) + .png)): null

2018-12-05 12:46:12 - [TEST_STEP][PASSED] - Statement - counter = counter + 1: null

2018-12-05 12:46:12 - [TEST_STEP][PASSED] - Statement - PreSaveFile = new java.io.File(((pathPrefix + java.lang.Integer.toString(counter)) + .png)): null

2018-12-05 12:46:12 - [TEST_STEP][PASSED] - Statement - counter = counter + 1: null

2018-12-05 12:46:12 - [TEST_STEP][PASSED] - Statement - PreSaveFile = new java.io.File(((pathPrefix + java.lang.Integer.toString(counter)) + .png)): null

2018-12-05 12:46:12 - [TEST_STEP][PASSED] - Statement - counter = counter + 1: null

2018-12-05 12:46:12 - [TEST_STEP][PASSED] - Statement - PreSaveFile = new java.io.File(((pathPrefix + java.lang.Integer.toString(counter)) + .png)): null

2018-12-05 12:46:12 - [TEST_STEP][PASSED] - Statement - counter = counter + 1: null

2018-12-05 12:46:12 - [TEST_STEP][PASSED] - Statement - PreSaveFile = new java.io.File(((pathPrefix + java.lang.Integer.toString(counter)) + .png)): null

2018-12-05 12:46:12 - [TEST_STEP][PASSED] - Statement - counter = counter + 1: null

2018-12-05 12:46:12 - [TEST_STEP][PASSED] - Statement - PreSaveFile = new java.io.File(((pathPrefix + java.lang.Integer.toString(counter)) + .png)): null

2018-12-05 12:46:12 - [TEST_STEP][PASSED] - Statement - counter = counter + 1: null

2018-12-05 12:46:12 - [TEST_STEP][PASSED] - Statement - PreSaveFile = new java.io.File(((pathPrefix + java.lang.Integer.toString(counter)) + .png)): null

2018-12-05 12:46:12 - [TEST_STEP][PASSED] - Statement - counter = counter + 1: null

2018-12-05 12:46:12 - [TEST_STEP][PASSED] - Statement - PreSaveFile = new java.io.File(((pathPrefix + java.lang.Integer.toString(counter)) + .png)): null

2018-12-05 12:46:12 - [TEST_STEP][PASSED] - Statement - counter = counter + 1: null

2018-12-05 12:46:12 - [TEST_STEP][PASSED] - Statement - PreSaveFile = new java.io.File(((pathPrefix + java.lang.Integer.toString(counter)) + .png)): null

2018-12-05 12:46:12 - [TEST_STEP][PASSED] - Statement - counter = counter + 1: null

2018-12-05 12:46:13 - [TEST_STEP][PASSED] - Statement - PreSaveFile = new java.io.File(((pathPrefix + java.lang.Integer.toString(counter)) + .png)): null

2018-12-05 12:46:13 - [TEST_STEP][PASSED] - Statement - counter = counter + 1: null

2018-12-05 12:46:13 - [TEST_STEP][PASSED] - Statement - PreSaveFile = new java.io.File(((pathPrefix + java.lang.Integer.toString(counter)) + .png)): null

2018-12-05 12:46:13 - [TEST_STEP][PASSED] - Statement - counter = counter + 1: null

2018-12-05 12:46:13 - [TEST_STEP][PASSED] - Statement - PreSaveFile = new java.io.File(((pathPrefix + java.lang.Integer.toString(counter)) + .png)): null

2018-12-05 12:46:13 - [TEST_STEP][PASSED] - Statement - counter = counter + 1: null

2018-12-05 12:46:13 - [TEST_STEP][PASSED] - Statement - PreSaveFile = new java.io.File(((pathPrefix + java.lang.Integer.toString(counter)) + .png)): null

2018-12-05 12:46:13 - [TEST_STEP][PASSED] - Statement - counter = counter + 1: null

2018-12-05 12:46:13 - [TEST_STEP][PASSED] - Statement - PreSaveFile = new java.io.File(((pathPrefix + java.lang.Integer.toString(counter)) + .png)): null

2018-12-05 12:46:13 - [TEST_STEP][PASSED] - Statement - counter = counter + 1: null

2018-12-05 12:46:13 - [TEST_STEP][PASSED] - Statement - PreSaveFile = new java.io.File(((pathPrefix + java.lang.Integer.toString(counter)) + .png)): null

2018-12-05 12:46:13 - [TEST_STEP][PASSED] - Statement - counter = counter + 1: null

2018-12-05 12:46:13 - [TEST_STEP][PASSED] - Statement - PreSaveFile = new java.io.File(((pathPrefix + java.lang.Integer.toString(counter)) + .png)): null

2018-12-05 12:46:13 - [TEST_STEP][PASSED] - Statement - counter = counter + 1: null

2018-12-05 12:46:13 - [TEST_STEP][PASSED] - Statement - PreSaveFile = new java.io.File(((pathPrefix + java.lang.Integer.toString(counter)) + .png)): null

2018-12-05 12:46:13 - [TEST_STEP][PASSED] - Statement - counter = counter + 1: null

2018-12-05 12:46:13 - [TEST_STEP][PASSED] - Statement - PreSaveFile = new java.io.File(((pathPrefix + java.lang.Integer.toString(counter)) + .png)): null

2018-12-05 12:46:13 - [TEST_STEP][PASSED] - Statement - counter = counter + 1: null

2018-12-05 12:46:13 - [TEST_STEP][PASSED] - Statement - PreSaveFile = new java.io.File(((pathPrefix + java.lang.Integer.toString(counter)) + .png)): null

2018-12-05 12:46:13 - [TEST_STEP][PASSED] - Statement - counter = counter + 1: null

2018-12-05 12:46:13 - [TEST_STEP][PASSED] - Statement - PreSaveFile = new java.io.File(((pathPrefix + java.lang.Integer.toString(counter)) + .png)): null

2018-12-05 12:46:13 - [TEST_STEP][PASSED] - Statement - counter = counter + 1: null

2018-12-05 12:46:13 - [TEST_STEP][PASSED] - Statement - PreSaveFile = new java.io.File(((pathPrefix + java.lang.Integer.toString(counter)) + .png)): null

2018-12-05 12:46:13 - [TEST_STEP][PASSED] - Statement - counter = counter + 1: null

2018-12-05 12:46:13 - [TEST_STEP][PASSED] - Statement - PreSaveFile = new java.io.File(((pathPrefix + java.lang.Integer.toString(counter)) + .png)): null

2018-12-05 12:46:13 - [TEST_STEP][PASSED] - Statement - counter = counter + 1: null

2018-12-05 12:46:13 - [TEST_STEP][PASSED] - Statement - PreSaveFile = new java.io.File(((pathPrefix + java.lang.Integer.toString(counter)) + .png)): null

2018-12-05 12:46:13 - [TEST_STEP][PASSED] - Statement - counter = counter + 1: null

2018-12-05 12:46:13 - [TEST_STEP][PASSED] - Statement - PreSaveFile = new java.io.File(((pathPrefix + java.lang.Integer.toString(counter)) + .png)): null

2018-12-05 12:46:13 - [TEST_STEP][PASSED] - Statement - counter = counter + 1: null

2018-12-05 12:46:13 - [TEST_STEP][PASSED] - Statement - PreSaveFile = new java.io.File(((pathPrefix + java.lang.Integer.toString(counter)) + .png)): null

2018-12-05 12:46:13 - [TEST_STEP][PASSED] - Statement - counter = counter + 1: null

2018-12-05 12:46:13 - [TEST_STEP][PASSED] - Statement - PreSaveFile = new java.io.File(((pathPrefix + java.lang.Integer.toString(counter)) + .png)): null

2018-12-05 12:46:13 - [TEST_STEP][PASSED] - Statement - counter = counter + 1: null

2018-12-05 12:46:13 - [TEST_STEP][PASSED] - Statement - PreSaveFile = new java.io.File(((pathPrefix + java.lang.Integer.toString(counter)) + .png)): null

2018-12-05 12:46:13 - [TEST_STEP][PASSED] - Statement - counter = counter + 1: null

2018-12-05 12:46:13 - [TEST_STEP][PASSED] - Statement - PreSaveFile = new java.io.File(((pathPrefix + java.lang.Integer.toString(counter)) + .png)): null

2018-12-05 12:46:13 - [TEST_STEP][PASSED] - Statement - counter = counter + 1: null

2018-12-05 12:46:14 - [TEST_STEP][PASSED] - Statement - PreSaveFile = new java.io.File(((pathPrefix + java.lang.Integer.toString(counter)) + .png)): null

2018-12-05 12:46:14 - [TEST_STEP][PASSED] - Statement - counter = counter + 1: null

2018-12-05 12:46:14 - [TEST_STEP][PASSED] - Statement - PreSaveFile = new java.io.File(((pathPrefix + java.lang.Integer.toString(counter)) + .png)): null

2018-12-05 12:46:14 - [TEST_STEP][PASSED] - Statement - counter = counter + 1: null

2018-12-05 12:46:14 - [TEST_STEP][PASSED] - Statement - PreSaveFile = new java.io.File(((pathPrefix + java.lang.Integer.toString(counter)) + .png)): null

2018-12-05 12:46:14 - [TEST_STEP][PASSED] - Statement - counter = counter + 1: null

2018-12-05 12:46:14 - [TEST_STEP][PASSED] - Statement - PreSaveFile = new java.io.File(((pathPrefix + java.lang.Integer.toString(counter)) + .png)): null

2018-12-05 12:46:14 - [TEST_STEP][PASSED] - Statement - counter = counter + 1: null

2018-12-05 12:46:14 - [TEST_STEP][PASSED] - Statement - PreSaveFile = new java.io.File(((pathPrefix + java.lang.Integer.toString(counter)) + .png)): null

2018-12-05 12:46:14 - [TEST_STEP][PASSED] - Statement - finalPath = pathPrefix + java.lang.Integer.toString(counter) + ".png": null

2018-12-05 12:46:14 - [TEST_STEP][PASSED] - Statement - SaveFile = new java.io.File(finalPath): null

2018-12-05 12:46:14 - [TEST_STEP][PASSED] - Statement - Try: null

2018-12-05 12:46:14 - [TEST_STEP][PASSED] - Statement - org.apache.commons.io.FileUtils.copyFile(scrFile, SaveFile): null

2018-12-05 12:46:14 - [TEST_STEP][PASSED] - Statement - out.println("file kept"): null

2018-12-05 12:46:14 - [TEST_STEP][PASSED] - delay: Delayed 10 second(s)

2018-12-05 12:46:24 - [MESSAGE][PASSED] - Delayed 10 second(s)

2018-12-05 12:46:24 - [MESSAGE][PASSED] - Call Test Case 'Test Cases/Final Aug 2018 - PKS Automation/Registration Module/New Registration/Submit and Screenshot/Submit Registration and Screenshot' successfully

2018-12-05 12:46:24 - [TEST_STEP][PASSED] - callTestCase: Call Test Case 'Test Cases/Final Aug 2018 - PKS Automation/Registration Module/Log Out/log out avoiding katalon tagging' successfully

2018-12-05 12:46:24 - [TEST_CASE][PASSED] - Test Cases/Final Aug 2018 - PKS Automation/Registration Module/Log Out/log out avoiding katalon tagging: Test Cases/Final Aug 2018 - PKS Automation/Registration Module/Log Out/log out avoiding katalon tagging

2018-12-05 12:46:24 - [TEST_STEP][PASSED] - navigateToUrl: Navigate to 'https://assist2-uat.perkeso.gov.my/c/portal/logout' successfully

2018-12-05 12:46:25 - [MESSAGE][PASSED] - Navigate to 'https://assist2-uat.perkeso.gov.my/c/portal/logout' successfully

2018-12-05 12:46:25 - [MESSAGE][PASSED] - Call Test Case 'Test Cases/Final Aug 2018 - PKS Automation/Registration Module/Log Out/log out avoiding katalon tagging' successfully

2018-12-05 12:46:25 - [TEST_STEP][PASSED] - callTestCase: Call Test Case 'Test Cases/Final Aug 2018 - PKS Automation/Common/Workflow Owner Finder' successfully

2018-12-05 12:46:25 - [TEST_CASE][PASSED] - Test Cases/Final Aug 2018 - PKS Automation/Common/Workflow Owner Finder: Test Cases/Final Aug 2018 - PKS Automation/Common/Workflow Owner Finder

2018-12-05 12:46:25 - [TEST_STEP][PASSED] - openBrowser: Browser is opened with url: ''

2018-12-05 12:46:25 - [MESSAGE][WARNING] - A browser is already opened. Closing browser and opening a new one

2018-12-05 12:46:28 - [MESSAGE][PASSED] - Browser is opened with url: ''

2018-12-05 12:46:28 - [TEST_STEP][PASSED] - navigateToUrl: Navigate to 'https://assist2-uat.perkeso.gov.my/login' successfully

2018-12-05 12:46:29 - [MESSAGE][PASSED] - Navigate to 'https://assist2-uat.perkeso.gov.my/login' successfully

2018-12-05 12:46:29 - [TEST_STEP][PASSED] - delay: Delayed 5 second(s)

2018-12-05 12:46:34 - [MESSAGE][PASSED] - Delayed 5 second(s)

2018-12-05 12:46:34 - [TEST_STEP][PASSED] - setText: Text 'test@liferay.com' is set on object 'Object Repository/Final Object Repo/Login Page/Internal User/Email Address'

2018-12-05 12:46:35 - [MESSAGE][PASSED] - Text 'test@liferay.com' is set on object 'Object Repository/Final Object Repo/Login Page/Internal User/Email Address'

2018-12-05 12:46:35 - [TEST_STEP][PASSED] - click: Object: 'Object Repository/Final Object Repo/Login Page/Internal User/Next Button' is clicked on

2018-12-05 12:46:35 - [MESSAGE][PASSED] - Object: 'Object Repository/Final Object Repo/Login Page/Internal User/Next Button' is clicked on

2018-12-05 12:46:35 - [TEST_STEP][PASSED] - delay: Delayed 2 second(s)

2018-12-05 12:46:37 - [MESSAGE][PASSED] - Delayed 2 second(s)

2018-12-05 12:46:37 - [TEST_STEP][PASSED] - setText: Text 'test' is set on object 'Object Repository/Final Object Repo/Login Page/Internal User/Password'

2018-12-05 12:46:38 - [MESSAGE][PASSED] - Text 'test' is set on object 'Object Repository/Final Object Repo/Login Page/Internal User/Password'

2018-12-05 12:46:38 - [TEST_STEP][PASSED] - delay: Delayed 2 second(s)

2018-12-05 12:46:40 - [MESSAGE][PASSED] - Delayed 2 second(s)

2018-12-05 12:46:40 - [TEST_STEP][PASSED] - click: Object: 'Object Repository/Final Object Repo/Login Page/Internal User/Login Button' is clicked on

2018-12-05 12:46:40 - [MESSAGE][PASSED] - Object: 'Object Repository/Final Object Repo/Login Page/Internal User/Login Button' is clicked on

2018-12-05 12:46:40 - [TEST_STEP][PASSED] - Statement - tester = com.kms.katalon.core.testobject.ObjectRepository.findTestObject(Final Object Repo/Landing Page/Select to English): Finding Test Object with id 'Object Repository/Final Object Repo/Landing Page/Select to English'

2018-12-05 12:46:40 - [TEST_STEP][PASSED] - Statement - Try: Delayed 2 second(s)

2018-12-05 12:46:40 - [TEST_STEP][PASSED] - Statement - Checker = com.kms.katalon.core.webui.keyword.WebUiBuiltInKeywords.verifyElementNotPresent(tester, 3): Web element with id: 'Object Repository/Final Object Repo/Landing Page/Select to English' located by 'By.xpath: //a[@class = 'taglib-language-list-text' and @lang = 'en-US' and (contains(text(), 'EN') or contains(., 'EN'))]' is not present after '3' second(s)

2018-12-05 12:46:42 - [MESSAGE][PASSED] - Web element with id: 'Object Repository/Final Object Repo/Landing Page/Select to English' located by 'By.xpath: //a[@class = 'taglib-language-list-text' and @lang = 'en-US' and (contains(text(), 'EN') or contains(., 'EN'))]' is not present after '3' second(s)

2018-12-05 12:46:42 - [TEST_STEP][PASSED] - Statement - If (Checker == false): null

2018-12-05 12:46:42 - [TEST_STEP][PASSED] - delay: Delayed 2 second(s)

2018-12-05 12:46:44 - [MESSAGE][PASSED] - Delayed 2 second(s)

2018-12-05 12:46:44 - [TEST_STEP][PASSED] - delay: Delayed 5 second(s)

2018-12-05 12:46:49 - [MESSAGE][PASSED] - Delayed 5 second(s)

2018-12-05 12:46:49 - [TEST_STEP][PASSED] - mouseOver: Object: 'Object Repository/Final Object Repo/Landing Page/WorkFlow Menu' is hovered

2018-12-05 12:46:49 - [MESSAGE][PASSED] - Object: 'Object Repository/Final Object Repo/Landing Page/WorkFlow Menu' is hovered

2018-12-05 12:46:49 - [TEST_STEP][PASSED] - delay: Delayed 2 second(s)

2018-12-05 12:46:51 - [MESSAGE][PASSED] - Delayed 2 second(s)

2018-12-05 12:46:51 - [TEST_STEP][PASSED] - click: Object: 'Object Repository/Final Object Repo/Landing Page/Select to Workflow Listing' is clicked on

2018-12-05 12:46:52 - [MESSAGE][PASSED] - Object: 'Object Repository/Final Object Repo/Landing Page/Select to Workflow Listing' is clicked on

2018-12-05 12:46:52 - [TEST_STEP][PASSED] - delay: Delayed 2 second(s)

2018-12-05 12:46:54 - [MESSAGE][PASSED] - Delayed 2 second(s)

2018-12-05 12:46:54 - [TEST_STEP][PASSED] - click: Object: 'Object Repository/Final Object Repo/WorkFlow Listing Page/Search Information - To Put Ref No' is clicked on

2018-12-05 12:46:54 - [MESSAGE][PASSED] - Object: 'Object Repository/Final Object Repo/WorkFlow Listing Page/Search Information - To Put Ref No' is clicked on

2018-12-05 12:46:54 - [TEST_STEP][PASSED] - delay: Delayed 2 second(s)

2018-12-05 12:46:56 - [MESSAGE][PASSED] - Delayed 2 second(s)

2018-12-05 12:46:56 - [TEST_STEP][PASSED] - callTestCase: Call Test Case 'Test Cases/Final Aug 2018 - PKS Automation/Common/Reference Number Getter' successfully

2018-12-05 12:46:56 - [TEST_CASE][PASSED] - Test Cases/Final Aug 2018 - PKS Automation/Common/Reference Number Getter: Test Cases/Final Aug 2018 - PKS Automation/Common/Reference Number Getter

2018-12-05 12:46:56 - [TEST_STEP][PASSED] - Statement - Try: null

2018-12-05 12:46:56 - [TEST_STEP][PASSED] - Statement - RefNo = new java.io.File(C://Users//Admin//Desktop//PKS//Automation Reference Point//KatalonReference.txt): null

2018-12-05 12:46:56 - [TEST_STEP][PASSED] - Statement - bufferread = new java.io.BufferedReader(new java.io.FileReader(RefNo)): null

2018-12-05 12:46:56 - [TEST_STEP][PASSED] - Statement - readedVal = bufferread.readLine(): null

2018-12-05 12:46:56 - [TEST_STEP][PASSED] - Statement - out.println(CaseReferenceNo): null

2018-12-05 12:46:56 - [TEST_STEP][PASSED] - Statement - out.println(readedVal): null

2018-12-05 12:46:56 - [TEST_STEP][PASSED] - Statement - CaseReferenceNo = "": null

2018-12-05 12:46:56 - [TEST_STEP][PASSED] - Statement - CaseReferenceNo = readedVal: null

2018-12-05 12:46:56 - [MESSAGE][PASSED] - Call Test Case 'Test Cases/Final Aug 2018 - PKS Automation/Common/Reference Number Getter' successfully

2018-12-05 12:46:56 - [TEST_STEP][PASSED] - setText: Text 'CRN12201800123007' is set on object 'Object Repository/Final Object Repo/WorkFlow Listing Page/Ref No Set Text'

2018-12-05 12:46:56 - [MESSAGE][PASSED] - Text 'CRN12201800123007' is set on object 'Object Repository/Final Object Repo/WorkFlow Listing Page/Ref No Set Text'

2018-12-05 12:46:56 - [TEST_STEP][PASSED] - delay: Delayed 2 second(s)

2018-12-05 12:46:58 - [MESSAGE][PASSED] - Delayed 2 second(s)

2018-12-05 12:46:58 - [TEST_STEP][PASSED] - click: Object: 'Object Repository/Final Object Repo/WorkFlow Listing Page/Search Ref No Search Button' is clicked on

2018-12-05 12:46:59 - [MESSAGE][PASSED] - Object: 'Object Repository/Final Object Repo/WorkFlow Listing Page/Search Ref No Search Button' is clicked on

2018-12-05 12:46:59 - [TEST_STEP][PASSED] - delay: Delayed 6 second(s)

2018-12-05 12:47:05 - [MESSAGE][PASSED] - Delayed 6 second(s)

2018-12-05 12:47:05 - [TEST_STEP][PASSED] - click: Object: 'Object Repository/Final Object Repo/WorkFlow Listing Page/Click Continue Tooltip' is clicked on

2018-12-05 12:47:06 - [MESSAGE][PASSED] - Object: 'Object Repository/Final Object Repo/WorkFlow Listing Page/Click Continue Tooltip' is clicked on

2018-12-05 12:47:06 - [TEST_STEP][PASSED] - delay: Delayed 5 second(s)

2018-12-05 12:47:12 - [MESSAGE][PASSED] - Delayed 5 second(s)

2018-12-05 12:47:12 - [TEST_STEP][PASSED] - doubleClick: Object: 'Object Repository/Final Object Repo/WorkFlow Listing Page/Workflow Found - Listing 1' is double clicked on

2018-12-05 12:47:12 - [MESSAGE][PASSED] - Object: 'Object Repository/Final Object Repo/WorkFlow Listing Page/Workflow Found - Listing 1' is double clicked on

2018-12-05 12:47:12 - [TEST_STEP][PASSED] - Statement - println(OwnerID): null

2018-12-05 12:47:12 - [TEST_STEP][PASSED] - Statement - OwnerID = com.kms.katalon.core.webui.keyword.WebUiBuiltInKeywords.getText(com.kms.katalon.core.testobject.ObjectRepository.findTestObject(Final Object Repo/WorkFlow Listing Page/Workflow Found - Listing 1), STOP_ON_FAILURE): Text of object 'Object Repository/Final Object Repo/WorkFlow Listing Page/Workflow Found - Listing 1' is: 'KLpkrbo1'

2018-12-05 12:47:12 - [MESSAGE][PASSED] - Text of object 'Object Repository/Final Object Repo/WorkFlow Listing Page/Workflow Found - Listing 1' is: 'KLpkrbo1'

2018-12-05 12:47:12 - [TEST_STEP][PASSED] - Statement - OwnerID = OwnerID.toLowerCase() + "@gmail.com": null

2018-12-05 12:47:12 - [TEST_STEP][PASSED] - Statement - println(OwnerID): null

2018-12-05 12:47:12 - [TEST_STEP][PASSED] - delay: Delayed 2 second(s)

2018-12-05 12:47:14 - [MESSAGE][PASSED] - Delayed 2 second(s)

2018-12-05 12:47:14 - [MESSAGE][PASSED] - Call Test Case 'Test Cases/Final Aug 2018 - PKS Automation/Common/Workflow Owner Finder' successfully

2018-12-05 12:47:14 - [TEST_STEP][PASSED] - callTestCase: Call Test Case 'Test Cases/Final Aug 2018 - PKS Automation/Registration Module/Log Out/log out avoiding katalon tagging' successfully

2018-12-05 12:47:14 - [TEST_CASE][PASSED] - Test Cases/Final Aug 2018 - PKS Automation/Registration Module/Log Out/log out avoiding katalon tagging: Test Cases/Final Aug 2018 - PKS Automation/Registration Module/Log Out/log out avoiding katalon tagging

2018-12-05 12:47:14 - [TEST_STEP][PASSED] - navigateToUrl: Navigate to 'https://assist2-uat.perkeso.gov.my/c/portal/logout' successfully

2018-12-05 12:47:15 - [MESSAGE][PASSED] - Navigate to 'https://assist2-uat.perkeso.gov.my/c/portal/logout' successfully

2018-12-05 12:47:15 - [MESSAGE][PASSED] - Call Test Case 'Test Cases/Final Aug 2018 - PKS Automation/Registration Module/Log Out/log out avoiding katalon tagging' successfully

2018-12-05 12:47:15 - [TEST_STEP][PASSED] - delay: Delayed 2 second(s)

2018-12-05 12:47:17 - [MESSAGE][PASSED] - Delayed 2 second(s)

2018-12-05 12:47:17 - [TEST_STEP][PASSED] - setText: Text 'klpkrbo1@gmail.com' is set on object 'Object Repository/Final Object Repo/New Registration - Registration Module Pages/New Reg - OTC to RO/Special Case - All Related Objects/Email TextBox'

2018-12-05 12:47:17 - [MESSAGE][PASSED] - Text 'klpkrbo1@gmail.com' is set on object 'Object Repository/Final Object Repo/New Registration - Registration Module Pages/New Reg - OTC to RO/Special Case - All Related Objects/Email TextBox'

2018-12-05 12:47:17 - [TEST_STEP][PASSED] - click: Object: 'Object Repository/Final Object Repo/New Registration - Registration Module Pages/New Reg - OTC to RO/Special Case - All Related Objects/Next Button' is clicked on

2018-12-05 12:47:17 - [MESSAGE][PASSED] - Object: 'Object Repository/Final Object Repo/New Registration - Registration Module Pages/New Reg - OTC to RO/Special Case - All Related Objects/Next Button' is clicked on

2018-12-05 12:47:17 - [TEST_STEP][PASSED] - delay: Delayed 2 second(s)

2018-12-05 12:47:19 - [MESSAGE][PASSED] - Delayed 2 second(s)

2018-12-05 12:47:19 - [TEST_STEP][PASSED] - setText: Text 'Test1@3456789' is set on object 'Object Repository/Final Object Repo/New Registration - Registration Module Pages/New Reg - OTC to RO/Special Case - All Related Objects/Password TextBox'

2018-12-05 12:47:21 - [MESSAGE][PASSED] - Text 'Test1@3456789' is set on object 'Object Repository/Final Object Repo/New Registration - Registration Module Pages/New Reg - OTC to RO/Special Case - All Related Objects/Password TextBox'

2018-12-05 12:47:21 - [TEST_STEP][PASSED] - delay: Delayed 2 second(s)

2018-12-05 12:47:23 - [MESSAGE][PASSED] - Delayed 2 second(s)

2018-12-05 12:47:23 - [TEST_STEP][PASSED] - click: Object: 'Object Repository/Final Object Repo/New Registration - Registration Module Pages/New Reg - OTC to RO/Special Case - All Related Objects/Login Button' is clicked on

2018-12-05 12:47:23 - [MESSAGE][PASSED] - Object: 'Object Repository/Final Object Repo/New Registration - Registration Module Pages/New Reg - OTC to RO/Special Case - All Related Objects/Login Button' is clicked on

2018-12-05 12:47:23 - [TEST_STEP][PASSED] - delay: Delayed 2 second(s)

2018-12-05 12:47:25 - [MESSAGE][PASSED] - Delayed 2 second(s)

2018-12-05 12:47:25 - [TEST_STEP][PASSED] - Statement - Try: null

2018-12-05 12:47:25 - [TEST_STEP][PASSED] - Statement - Checker = com.kms.katalon.core.webui.keyword.WebUiBuiltInKeywords.verifyElementNotPresent("Final Object Repo/Landing Page/Select to English", 3): null

2018-12-05 12:47:25 - [TEST_STEP][PASSED] - Statement - Catch (Exception e): null

2018-12-05 12:47:25 - [TEST_STEP][PASSED] - Statement - e.printStackTrace(): null

2018-12-05 12:47:26 - [TEST_STEP][PASSED] - click: Object: 'Object Repository/Final Object Repo/New Registration - Registration Module Pages/New Reg - OTC to RO/Special Case - All Related Objects/Expand to Search' is clicked on

2018-12-05 12:47:27 - [MESSAGE][PASSED] - Object: 'Object Repository/Final Object Repo/New Registration - Registration Module Pages/New Reg - OTC to RO/Special Case - All Related Objects/Expand to Search' is clicked on

2018-12-05 12:47:27 - [TEST_STEP][PASSED] - delay: Delayed 2 second(s)

2018-12-05 12:47:29 - [MESSAGE][PASSED] - Delayed 2 second(s)

2018-12-05 12:47:29 - [TEST_STEP][PASSED] - setText: Text 'CRN12201800123007' is set on object 'Object Repository/Final Object Repo/New Registration - Registration Module Pages/New Reg - OTC to RO/Special Case - All Related Objects/TextBox RefNo in Workbasket'

2018-12-05 12:47:30 - [MESSAGE][PASSED] - Text 'CRN12201800123007' is set on object 'Object Repository/Final Object Repo/New Registration - Registration Module Pages/New Reg - OTC to RO/Special Case - All Related Objects/TextBox RefNo in Workbasket'

2018-12-05 12:47:30 - [TEST_STEP][PASSED] - delay: Delayed 2 second(s)

2018-12-05 12:47:32 - [MESSAGE][PASSED] - Delayed 2 second(s)

2018-12-05 12:47:32 - [TEST_STEP][PASSED] - click: Object: 'Object Repository/Final Object Repo/New Registration - Registration Module Pages/New Reg - OTC to RO/Special Case - All Related Objects/Click Search' is clicked on

2018-12-05 12:47:32 - [MESSAGE][PASSED] - Object: 'Object Repository/Final Object Repo/New Registration - Registration Module Pages/New Reg - OTC to RO/Special Case - All Related Objects/Click Search' is clicked on

2018-12-05 12:47:32 - [TEST_STEP][PASSED] - delay: Delayed 2 second(s)

2018-12-05 12:47:34 - [MESSAGE][PASSED] - Delayed 2 second(s)

2018-12-05 12:47:34 - [TEST_STEP][PASSED] - click: Object: 'Object Repository/Final Object Repo/New Registration - Registration Module Pages/New Reg - OTC to RO/Special Case - All Related Objects/Click to Continue Workflow' is clicked on

2018-12-05 12:47:36 - [MESSAGE][PASSED] - Object: 'Object Repository/Final Object Repo/New Registration - Registration Module Pages/New Reg - OTC to RO/Special Case - All Related Objects/Click to Continue Workflow' is clicked on

2018-12-05 12:47:36 - [TEST_STEP][PASSED] - delay: Delayed 2 second(s)

2018-12-05 12:47:38 - [MESSAGE][PASSED] - Delayed 2 second(s)

2018-12-05 12:47:38 - [TEST_STEP][PASSED] - click: Object: 'Object Repository/Final Object Repo/New Registration - Registration Module Pages/New Reg - OTC to RO/Special Case - All Related Objects/Form 1 Save n Continue' is clicked on

2018-12-05 12:47:39 - [MESSAGE][PASSED] - Object: 'Object Repository/Final Object Repo/New Registration - Registration Module Pages/New Reg - OTC to RO/Special Case - All Related Objects/Form 1 Save n Continue' is clicked on

2018-12-05 12:47:39 - [TEST_STEP][PASSED] - delay: Delayed 5 second(s)

2018-12-05 12:47:44 - [MESSAGE][PASSED] - Delayed 5 second(s)

2018-12-05 12:47:44 - [TEST_STEP][PASSED] - click: Object: 'Object Repository/Final Object Repo/New Registration - Registration Module Pages/New Reg - OTC to RO/Special Case - OTC - Form 1/Confirm No Flagging as Branch' is clicked on

2018-12-05 12:47:44 - [MESSAGE][PASSED] - Object: 'Object Repository/Final Object Repo/New Registration - Registration Module Pages/New Reg - OTC to RO/Special Case - OTC - Form 1/Confirm No Flagging as Branch' is clicked on

2018-12-05 12:47:44 - [TEST_STEP][PASSED] - delay: Delayed 2 second(s)

2018-12-05 12:47:46 - [MESSAGE][PASSED] - Delayed 2 second(s)

2018-12-05 12:47:46 - [TEST_STEP][PASSED] - click: Object: 'Object Repository/Final Object Repo/New Registration - Registration Module Pages/New Reg - OTC to RO/Special Case - All Related Objects/Form 2 Save n Continue' is clicked on

2018-12-05 12:47:48 - [MESSAGE][PASSED] - Object: 'Object Repository/Final Object Repo/New Registration - Registration Module Pages/New Reg - OTC to RO/Special Case - All Related Objects/Form 2 Save n Continue' is clicked on

2018-12-05 12:47:48 - [TEST_STEP][PASSED] - delay: Delayed 2 second(s)

2018-12-05 12:47:50 - [MESSAGE][PASSED] - Delayed 2 second(s)

2018-12-05 12:47:50 - [TEST_STEP][PASSED] - click: Object: 'Object Repository/Final Object Repo/New Registration - Registration Module Pages/New Reg - OTC to RO/Special Case - All Related Objects/Third Screen Save n Continue' is clicked on

2018-12-05 12:47:56 - [MESSAGE][PASSED] - Object: 'Object Repository/Final Object Repo/New Registration - Registration Module Pages/New Reg - OTC to RO/Special Case - All Related Objects/Third Screen Save n Continue' is clicked on

2018-12-05 12:47:56 - [TEST_STEP][PASSED] - delay: Delayed 5 second(s)

2018-12-05 12:48:01 - [MESSAGE][PASSED] - Delayed 5 second(s)

2018-12-05 12:48:01 - [TEST_STEP][PASSED] - click: Object: 'Object Repository/Final Object Repo/New Registration - Registration Module Pages/New Reg - OTC to RO/Special Case - All Related Objects/Upload Doc Page Save n Continue' is clicked on

2018-12-05 12:48:01 - [MESSAGE][PASSED] - Object: 'Object Repository/Final Object Repo/New Registration - Registration Module Pages/New Reg - OTC to RO/Special Case - All Related Objects/Upload Doc Page Save n Continue' is clicked on

2018-12-05 12:48:01 - [TEST_STEP][PASSED] - callTestCase: Call Test Case 'Test Cases/Final Aug 2018 - PKS Automation/Registration Module/New Registration/Submit and Screenshot/Submit Registration and Screenshot' successfully

2018-12-05 12:48:01 - [TEST_CASE][PASSED] - Test Cases/Final Aug 2018 - PKS Automation/Registration Module/New Registration/Submit and Screenshot/Submit Registration and Screenshot: Test Cases/Final Aug 2018 - PKS Automation/Registration Module/New Registration/Submit and Screenshot/Submit Registration and Screenshot

2018-12-05 12:48:01 - [TEST_STEP][PASSED] - delay: Delayed 6 second(s)

2018-12-05 12:48:07 - [MESSAGE][PASSED] - Delayed 6 second(s)

2018-12-05 12:48:07 - [TEST_STEP][PASSED] - click: Object: 'Object Repository/Final Object Repo/New Registration - Registration Module Pages/Third Screen - Upload Supporting Doc- Preview/Preview Submit Button' is clicked on

2018-12-05 12:48:08 - [MESSAGE][PASSED] - Object: 'Object Repository/Final Object Repo/New Registration - Registration Module Pages/Third Screen - Upload Supporting Doc- Preview/Preview Submit Button' is clicked on

2018-12-05 12:48:08 - [TEST_STEP][PASSED] - delay: Delayed 2 second(s)

2018-12-05 12:48:10 - [MESSAGE][PASSED] - Delayed 2 second(s)

2018-12-05 12:48:10 - [TEST_STEP][PASSED] - click: Object: 'Object Repository/Final Object Repo/New Registration - Registration Module Pages/Third Screen - Upload Supporting Doc- Preview/Preview Submit - Confirm' is clicked on

2018-12-05 12:48:10 - [MESSAGE][PASSED] - Object: 'Object Repository/Final Object Repo/New Registration - Registration Module Pages/Third Screen - Upload Supporting Doc- Preview/Preview Submit - Confirm' is clicked on

2018-12-05 12:48:10 - [TEST_STEP][PASSED] - delay: Delayed 15 second(s)

2018-12-05 12:48:25 - [MESSAGE][PASSED] - Delayed 15 second(s)

2018-12-05 12:48:25 - [TEST_STEP][PASSED] - Statement - driver = com.kms.katalon.core.webui.driver.DriverFactory.getWebDriver(): null

2018-12-05 12:48:25 - [TEST_STEP][PASSED] - Statement - driver.manage().timeouts().implicitlyWait(10, SECONDS): null

2018-12-05 12:48:25 - [TEST_STEP][PASSED] - Statement - PresavePath = KatalonScreenshots: null

2018-12-05 12:48:25 - [TEST_STEP][PASSED] - Statement - pathPrefix = "C:\Users\Public\Pictures\Sample Pictures\Katalon Screenshots\Automate Ending Screen": null

2018-12-05 12:48:25 - [TEST_STEP][PASSED] - Statement - finalPath = <not implemented yet for class: org.codehaus.groovy.ast.expr.EmptyExpression>: null

2018-12-05 12:48:25 - [TEST_STEP][PASSED] - Statement - scrFile = driver.getScreenshotAs(FILE): null

2018-12-05 12:48:25 - [TEST_STEP][PASSED] - Statement - PreSaveFile = new java.io.File(PresavePath): null

2018-12-05 12:48:25 - [TEST_STEP][PASSED] - Statement - counter = 0: null

2018-12-05 12:48:25 - [TEST_STEP][PASSED] - Statement - If (PreSaveFile.exists()): null

2018-12-05 12:48:25 - [TEST_STEP][PASSED] - Statement - While (PreSaveFile.exists()): null

2018-12-05 12:48:25 - [TEST_STEP][PASSED] - Statement - counter = counter + 1: null

2018-12-05 12:48:25 - [TEST_STEP][PASSED] - Statement - PreSaveFile = new java.io.File(((pathPrefix + java.lang.Integer.toString(counter)) + .png)): null

2018-12-05 12:48:25 - [TEST_STEP][PASSED] - Statement - counter = counter + 1: null

2018-12-05 12:48:25 - [TEST_STEP][PASSED] - Statement - PreSaveFile = new java.io.File(((pathPrefix + java.lang.Integer.toString(counter)) + .png)): null

2018-12-05 12:48:25 - [TEST_STEP][PASSED] - Statement - counter = counter + 1: null

2018-12-05 12:48:25 - [TEST_STEP][PASSED] - Statement - PreSaveFile = new java.io.File(((pathPrefix + java.lang.Integer.toString(counter)) + .png)): null

2018-12-05 12:48:25 - [TEST_STEP][PASSED] - Statement - counter = counter + 1: null

2018-12-05 12:48:25 - [TEST_STEP][PASSED] - Statement - PreSaveFile = new java.io.File(((pathPrefix + java.lang.Integer.toString(counter)) + .png)): null

2018-12-05 12:48:25 - [TEST_STEP][PASSED] - Statement - counter = counter + 1: null

2018-12-05 12:48:25 - [TEST_STEP][PASSED] - Statement - PreSaveFile = new java.io.File(((pathPrefix + java.lang.Integer.toString(counter)) + .png)): null

2018-12-05 12:48:25 - [TEST_STEP][PASSED] - Statement - counter = counter + 1: null

2018-12-05 12:48:25 - [TEST_STEP][PASSED] - Statement - PreSaveFile = new java.io.File(((pathPrefix + java.lang.Integer.toString(counter)) + .png)): null

2018-12-05 12:48:25 - [TEST_STEP][PASSED] - Statement - counter = counter + 1: null

2018-12-05 12:48:25 - [TEST_STEP][PASSED] - Statement - PreSaveFile = new java.io.File(((pathPrefix + java.lang.Integer.toString(counter)) + .png)): null

2018-12-05 12:48:25 - [TEST_STEP][PASSED] - Statement - counter = counter + 1: null

2018-12-05 12:48:25 - [TEST_STEP][PASSED] - Statement - PreSaveFile = new java.io.File(((pathPrefix + java.lang.Integer.toString(counter)) + .png)): null

2018-12-05 12:48:25 - [TEST_STEP][PASSED] - Statement - counter = counter + 1: null

2018-12-05 12:48:25 - [TEST_STEP][PASSED] - Statement - PreSaveFile = new java.io.File(((pathPrefix + java.lang.Integer.toString(counter)) + .png)): null

2018-12-05 12:48:25 - [TEST_STEP][PASSED] - Statement - counter = counter + 1: null

2018-12-05 12:48:25 - [TEST_STEP][PASSED] - Statement - PreSaveFile = new java.io.File(((pathPrefix + java.lang.Integer.toString(counter)) + .png)): null

2018-12-05 12:48:25 - [TEST_STEP][PASSED] - Statement - counter = counter + 1: null

2018-12-05 12:48:25 - [TEST_STEP][PASSED] - Statement - PreSaveFile = new java.io.File(((pathPrefix + java.lang.Integer.toString(counter)) + .png)): null

2018-12-05 12:48:25 - [TEST_STEP][PASSED] - Statement - counter = counter + 1: null

2018-12-05 12:48:25 - [TEST_STEP][PASSED] - Statement - PreSaveFile = new java.io.File(((pathPrefix + java.lang.Integer.toString(counter)) + .png)): null

2018-12-05 12:48:25 - [TEST_STEP][PASSED] - Statement - counter = counter + 1: null

2018-12-05 12:48:25 - [TEST_STEP][PASSED] - Statement - PreSaveFile = new java.io.File(((pathPrefix + java.lang.Integer.toString(counter)) + .png)): null

2018-12-05 12:48:25 - [TEST_STEP][PASSED] - Statement - counter = counter + 1: null

2018-12-05 12:48:25 - [TEST_STEP][PASSED] - Statement - PreSaveFile = new java.io.File(((pathPrefix + java.lang.Integer.toString(counter)) + .png)): null

2018-12-05 12:48:25 - [TEST_STEP][PASSED] - Statement - counter = counter + 1: null

2018-12-05 12:48:25 - [TEST_STEP][PASSED] - Statement - PreSaveFile = new java.io.File(((pathPrefix + java.lang.Integer.toString(counter)) + .png)): null

2018-12-05 12:48:25 - [TEST_STEP][PASSED] - Statement - counter = counter + 1: null

2018-12-05 12:48:25 - [TEST_STEP][PASSED] - Statement - PreSaveFile = new java.io.File(((pathPrefix + java.lang.Integer.toString(counter)) + .png)): null

2018-12-05 12:48:25 - [TEST_STEP][PASSED] - Statement - counter = counter + 1: null

2018-12-05 12:48:25 - [TEST_STEP][PASSED] - Statement - PreSaveFile = new java.io.File(((pathPrefix + java.lang.Integer.toString(counter)) + .png)): null

2018-12-05 12:48:25 - [TEST_STEP][PASSED] - Statement - counter = counter + 1: null

2018-12-05 12:48:26 - [TEST_STEP][PASSED] - Statement - PreSaveFile = new java.io.File(((pathPrefix + java.lang.Integer.toString(counter)) + .png)): null

2018-12-05 12:48:26 - [TEST_STEP][PASSED] - Statement - counter = counter + 1: null

2018-12-05 12:48:26 - [TEST_STEP][PASSED] - Statement - PreSaveFile = new java.io.File(((pathPrefix + java.lang.Integer.toString(counter)) + .png)): null

2018-12-05 12:48:26 - [TEST_STEP][PASSED] - Statement - counter = counter + 1: null

2018-12-05 12:48:26 - [TEST_STEP][PASSED] - Statement - PreSaveFile = new java.io.File(((pathPrefix + java.lang.Integer.toString(counter)) + .png)): null

2018-12-05 12:48:26 - [TEST_STEP][PASSED] - Statement - counter = counter + 1: null

2018-12-05 12:48:26 - [TEST_STEP][PASSED] - Statement - PreSaveFile = new java.io.File(((pathPrefix + java.lang.Integer.toString(counter)) + .png)): null

2018-12-05 12:48:26 - [TEST_STEP][PASSED] - Statement - counter = counter + 1: null

2018-12-05 12:48:26 - [TEST_STEP][PASSED] - Statement - PreSaveFile = new java.io.File(((pathPrefix + java.lang.Integer.toString(counter)) + .png)): null

2018-12-05 12:48:26 - [TEST_STEP][PASSED] - Statement - counter = counter + 1: null

2018-12-05 12:48:26 - [TEST_STEP][PASSED] - Statement - PreSaveFile = new java.io.File(((pathPrefix + java.lang.Integer.toString(counter)) + .png)): null

2018-12-05 12:48:26 - [TEST_STEP][PASSED] - Statement - counter = counter + 1: null

2018-12-05 12:48:26 - [TEST_STEP][PASSED] - Statement - PreSaveFile = new java.io.File(((pathPrefix + java.lang.Integer.toString(counter)) + .png)): null

2018-12-05 12:48:26 - [TEST_STEP][PASSED] - Statement - counter = counter + 1: null

2018-12-05 12:48:26 - [TEST_STEP][PASSED] - Statement - PreSaveFile = new java.io.File(((pathPrefix + java.lang.Integer.toString(counter)) + .png)): null

2018-12-05 12:48:26 - [TEST_STEP][PASSED] - Statement - counter = counter + 1: null

2018-12-05 12:48:26 - [TEST_STEP][PASSED] - Statement - PreSaveFile = new java.io.File(((pathPrefix + java.lang.Integer.toString(counter)) + .png)): null

2018-12-05 12:48:26 - [TEST_STEP][PASSED] - Statement - counter = counter + 1: null

2018-12-05 12:48:26 - [TEST_STEP][PASSED] - Statement - PreSaveFile = new java.io.File(((pathPrefix + java.lang.Integer.toString(counter)) + .png)): null

2018-12-05 12:48:26 - [TEST_STEP][PASSED] - Statement - counter = counter + 1: null

2018-12-05 12:48:26 - [TEST_STEP][PASSED] - Statement - PreSaveFile = new java.io.File(((pathPrefix + java.lang.Integer.toString(counter)) + .png)): null

2018-12-05 12:48:26 - [TEST_STEP][PASSED] - Statement - counter = counter + 1: null

2018-12-05 12:48:26 - [TEST_STEP][PASSED] - Statement - PreSaveFile = new java.io.File(((pathPrefix + java.lang.Integer.toString(counter)) + .png)): null

2018-12-05 12:48:26 - [TEST_STEP][PASSED] - Statement - counter = counter + 1: null

2018-12-05 12:48:26 - [TEST_STEP][PASSED] - Statement - PreSaveFile = new java.io.File(((pathPrefix + java.lang.Integer.toString(counter)) + .png)): null

2018-12-05 12:48:26 - [TEST_STEP][PASSED] - Statement - counter = counter + 1: null

2018-12-05 12:48:26 - [TEST_STEP][PASSED] - Statement - PreSaveFile = new java.io.File(((pathPrefix + java.lang.Integer.toString(counter)) + .png)): null

2018-12-05 12:48:26 - [TEST_STEP][PASSED] - Statement - counter = counter + 1: null

2018-12-05 12:48:26 - [TEST_STEP][PASSED] - Statement - PreSaveFile = new java.io.File(((pathPrefix + java.lang.Integer.toString(counter)) + .png)): null

2018-12-05 12:48:27 - [TEST_STEP][PASSED] - Statement - counter = counter + 1: null

2018-12-05 12:48:27 - [TEST_STEP][PASSED] - Statement - PreSaveFile = new java.io.File(((pathPrefix + java.lang.Integer.toString(counter)) + .png)): null

2018-12-05 12:48:27 - [TEST_STEP][PASSED] - Statement - counter = counter + 1: null

2018-12-05 12:48:27 - [TEST_STEP][PASSED] - Statement - PreSaveFile = new java.io.File(((pathPrefix + java.lang.Integer.toString(counter)) + .png)): null

2018-12-05 12:48:27 - [TEST_STEP][PASSED] - Statement - counter = counter + 1: null

2018-12-05 12:48:27 - [TEST_STEP][PASSED] - Statement - PreSaveFile = new java.io.File(((pathPrefix + java.lang.Integer.toString(counter)) + .png)): null

2018-12-05 12:48:27 - [TEST_STEP][PASSED] - Statement - counter = counter + 1: null

2018-12-05 12:48:27 - [TEST_STEP][PASSED] - Statement - PreSaveFile = new java.io.File(((pathPrefix + java.lang.Integer.toString(counter)) + .png)): null

2018-12-05 12:48:27 - [TEST_STEP][PASSED] - Statement - counter = counter + 1: null

2018-12-05 12:48:27 - [TEST_STEP][PASSED] - Statement - PreSaveFile = new java.io.File(((pathPrefix + java.lang.Integer.toString(counter)) + .png)): null

2018-12-05 12:48:27 - [TEST_STEP][PASSED] - Statement - counter = counter + 1: null

2018-12-05 12:48:27 - [TEST_STEP][PASSED] - Statement - PreSaveFile = new java.io.File(((pathPrefix + java.lang.Integer.toString(counter)) + .png)): null

2018-12-05 12:48:27 - [TEST_STEP][PASSED] - Statement - counter = counter + 1: null

2018-12-05 12:48:27 - [TEST_STEP][PASSED] - Statement - PreSaveFile = new java.io.File(((pathPrefix + java.lang.Integer.toString(counter)) + .png)): null

2018-12-05 12:48:27 - [TEST_STEP][PASSED] - Statement - counter = counter + 1: null

2018-12-05 12:48:27 - [TEST_STEP][PASSED] - Statement - PreSaveFile = new java.io.File(((pathPrefix + java.lang.Integer.toString(counter)) + .png)): null

2018-12-05 12:48:27 - [TEST_STEP][PASSED] - Statement - counter = counter + 1: null

2018-12-05 12:48:27 - [TEST_STEP][PASSED] - Statement - PreSaveFile = new java.io.File(((pathPrefix + java.lang.Integer.toString(counter)) + .png)): null

2018-12-05 12:48:27 - [TEST_STEP][PASSED] - Statement - counter = counter + 1: null

2018-12-05 12:48:27 - [TEST_STEP][PASSED] - Statement - PreSaveFile = new java.io.File(((pathPrefix + java.lang.Integer.toString(counter)) + .png)): null

2018-12-05 12:48:27 - [TEST_STEP][PASSED] - Statement - counter = counter + 1: null

2018-12-05 12:48:27 - [TEST_STEP][PASSED] - Statement - PreSaveFile = new java.io.File(((pathPrefix + java.lang.Integer.toString(counter)) + .png)): null

2018-12-05 12:48:27 - [TEST_STEP][PASSED] - Statement - counter = counter + 1: null

2018-12-05 12:48:27 - [TEST_STEP][PASSED] - Statement - PreSaveFile = new java.io.File(((pathPrefix + java.lang.Integer.toString(counter)) + .png)): null

2018-12-05 12:48:27 - [TEST_STEP][PASSED] - Statement - counter = counter + 1: null

2018-12-05 12:48:27 - [TEST_STEP][PASSED] - Statement - PreSaveFile = new java.io.File(((pathPrefix + java.lang.Integer.toString(counter)) + .png)): null

2018-12-05 12:48:27 - [TEST_STEP][PASSED] - Statement - counter = counter + 1: null

2018-12-05 12:48:27 - [TEST_STEP][PASSED] - Statement - PreSaveFile = new java.io.File(((pathPrefix + java.lang.Integer.toString(counter)) + .png)): null

2018-12-05 12:48:27 - [TEST_STEP][PASSED] - Statement - counter = counter + 1: null

2018-12-05 12:48:27 - [TEST_STEP][PASSED] - Statement - PreSaveFile = new java.io.File(((pathPrefix + java.lang.Integer.toString(counter)) + .png)): null

2018-12-05 12:48:28 - [TEST_STEP][PASSED] - Statement - counter = counter + 1: null

2018-12-05 12:48:28 - [TEST_STEP][PASSED] - Statement - PreSaveFile = new java.io.File(((pathPrefix + java.lang.Integer.toString(counter)) + .png)): null

2018-12-05 12:48:28 - [TEST_STEP][PASSED] - Statement - counter = counter + 1: null

2018-12-05 12:48:28 - [TEST_STEP][PASSED] - Statement - PreSaveFile = new java.io.File(((pathPrefix + java.lang.Integer.toString(counter)) + .png)): null

2018-12-05 12:48:28 - [TEST_STEP][PASSED] - Statement - counter = counter + 1: null

2018-12-05 12:48:28 - [TEST_STEP][PASSED] - Statement - PreSaveFile = new java.io.File(((pathPrefix + java.lang.Integer.toString(counter)) + .png)): null

2018-12-05 12:48:28 - [TEST_STEP][PASSED] - Statement - counter = counter + 1: null

2018-12-05 12:48:28 - [TEST_STEP][PASSED] - Statement - PreSaveFile = new java.io.File(((pathPrefix + java.lang.Integer.toString(counter)) + .png)): null

2018-12-05 12:48:28 - [TEST_STEP][PASSED] - Statement - counter = counter + 1: null

2018-12-05 12:48:28 - [TEST_STEP][PASSED] - Statement - PreSaveFile = new java.io.File(((pathPrefix + java.lang.Integer.toString(counter)) + .png)): null

2018-12-05 12:48:28 - [TEST_STEP][PASSED] - Statement - counter = counter + 1: null

2018-12-05 12:48:28 - [TEST_STEP][PASSED] - Statement - PreSaveFile = new java.io.File(((pathPrefix + java.lang.Integer.toString(counter)) + .png)): null

2018-12-05 12:48:28 - [TEST_STEP][PASSED] - Statement - counter = counter + 1: null

2018-12-05 12:48:28 - [TEST_STEP][PASSED] - Statement - PreSaveFile = new java.io.File(((pathPrefix + java.lang.Integer.toString(counter)) + .png)): null

2018-12-05 12:48:28 - [TEST_STEP][PASSED] - Statement - counter = counter + 1: null

2018-12-05 12:48:28 - [TEST_STEP][PASSED] - Statement - PreSaveFile = new java.io.File(((pathPrefix + java.lang.Integer.toString(counter)) + .png)): null

2018-12-05 12:48:28 - [TEST_STEP][PASSED] - Statement - counter = counter + 1: null

2018-12-05 12:48:28 - [TEST_STEP][PASSED] - Statement - PreSaveFile = new java.io.File(((pathPrefix + java.lang.Integer.toString(counter)) + .png)): null

2018-12-05 12:48:28 - [TEST_STEP][PASSED] - Statement - counter = counter + 1: null

2018-12-05 12:48:28 - [TEST_STEP][PASSED] - Statement - PreSaveFile = new java.io.File(((pathPrefix + java.lang.Integer.toString(counter)) + .png)): null

2018-12-05 12:48:28 - [TEST_STEP][PASSED] - Statement - counter = counter + 1: null

2018-12-05 12:48:28 - [TEST_STEP][PASSED] - Statement - PreSaveFile = new java.io.File(((pathPrefix + java.lang.Integer.toString(counter)) + .png)): null

2018-12-05 12:48:28 - [TEST_STEP][PASSED] - Statement - counter = counter + 1: null

2018-12-05 12:48:28 - [TEST_STEP][PASSED] - Statement - PreSaveFile = new java.io.File(((pathPrefix + java.lang.Integer.toString(counter)) + .png)): null

2018-12-05 12:48:28 - [TEST_STEP][PASSED] - Statement - counter = counter + 1: null

2018-12-05 12:48:28 - [TEST_STEP][PASSED] - Statement - PreSaveFile = new java.io.File(((pathPrefix + java.lang.Integer.toString(counter)) + .png)): null

2018-12-05 12:48:28 - [TEST_STEP][PASSED] - Statement - counter = counter + 1: null

2018-12-05 12:48:28 - [TEST_STEP][PASSED] - Statement - PreSaveFile = new java.io.File(((pathPrefix + java.lang.Integer.toString(counter)) + .png)): null

2018-12-05 12:48:28 - [TEST_STEP][PASSED] - Statement - counter = counter + 1: null

2018-12-05 12:48:28 - [TEST_STEP][PASSED] - Statement - PreSaveFile = new java.io.File(((pathPrefix + java.lang.Integer.toString(counter)) + .png)): null

2018-12-05 12:48:28 - [TEST_STEP][PASSED] - Statement - counter = counter + 1: null

2018-12-05 12:48:28 - [TEST_STEP][PASSED] - Statement - PreSaveFile = new java.io.File(((pathPrefix + java.lang.Integer.toString(counter)) + .png)): null

2018-12-05 12:48:28 - [TEST_STEP][PASSED] - Statement - counter = counter + 1: null

2018-12-05 12:48:28 - [TEST_STEP][PASSED] - Statement - PreSaveFile = new java.io.File(((pathPrefix + java.lang.Integer.toString(counter)) + .png)): null

2018-12-05 12:48:28 - [TEST_STEP][PASSED] - Statement - counter = counter + 1: null

2018-12-05 12:48:28 - [TEST_STEP][PASSED] - Statement - PreSaveFile = new java.io.File(((pathPrefix + java.lang.Integer.toString(counter)) + .png)): null

2018-12-05 12:48:28 - [TEST_STEP][PASSED] - Statement - counter = counter + 1: null

2018-12-05 12:48:28 - [TEST_STEP][PASSED] - Statement - PreSaveFile = new java.io.File(((pathPrefix + java.lang.Integer.toString(counter)) + .png)): null

2018-12-05 12:48:28 - [TEST_STEP][PASSED] - Statement - counter = counter + 1: null

2018-12-05 12:48:29 - [TEST_STEP][PASSED] - Statement - PreSaveFile = new java.io.File(((pathPrefix + java.lang.Integer.toString(counter)) + .png)): null

2018-12-05 12:48:29 - [TEST_STEP][PASSED] - Statement - counter = counter + 1: null

2018-12-05 12:48:29 - [TEST_STEP][PASSED] - Statement - PreSaveFile = new java.io.File(((pathPrefix + java.lang.Integer.toString(counter)) + .png)): null

2018-12-05 12:48:29 - [TEST_STEP][PASSED] - Statement - counter = counter + 1: null

2018-12-05 12:48:29 - [TEST_STEP][PASSED] - Statement - PreSaveFile = new java.io.File(((pathPrefix + java.lang.Integer.toString(counter)) + .png)): null

2018-12-05 12:48:29 - [TEST_STEP][PASSED] - Statement - counter = counter + 1: null

2018-12-05 12:48:29 - [TEST_STEP][PASSED] - Statement - PreSaveFile = new java.io.File(((pathPrefix + java.lang.Integer.toString(counter)) + .png)): null

2018-12-05 12:48:29 - [TEST_STEP][PASSED] - Statement - counter = counter + 1: null

2018-12-05 12:48:29 - [TEST_STEP][PASSED] - Statement - PreSaveFile = new java.io.File(((pathPrefix + java.lang.Integer.toString(counter)) + .png)): null

2018-12-05 12:48:29 - [TEST_STEP][PASSED] - Statement - counter = counter + 1: null

2018-12-05 12:48:29 - [TEST_STEP][PASSED] - Statement - PreSaveFile = new java.io.File(((pathPrefix + java.lang.Integer.toString(counter)) + .png)): null

2018-12-05 12:48:29 - [TEST_STEP][PASSED] - Statement - counter = counter + 1: null

2018-12-05 12:48:29 - [TEST_STEP][PASSED] - Statement - PreSaveFile = new java.io.File(((pathPrefix + java.lang.Integer.toString(counter)) + .png)): null

2018-12-05 12:48:29 - [TEST_STEP][PASSED] - Statement - counter = counter + 1: null

2018-12-05 12:48:29 - [TEST_STEP][PASSED] - Statement - PreSaveFile = new java.io.File(((pathPrefix + java.lang.Integer.toString(counter)) + .png)): null

2018-12-05 12:48:29 - [TEST_STEP][PASSED] - Statement - counter = counter + 1: null

2018-12-05 12:48:29 - [TEST_STEP][PASSED] - Statement - PreSaveFile = new java.io.File(((pathPrefix + java.lang.Integer.toString(counter)) + .png)): null

2018-12-05 12:48:29 - [TEST_STEP][PASSED] - Statement - counter = counter + 1: null

2018-12-05 12:48:29 - [TEST_STEP][PASSED] - Statement - PreSaveFile = new java.io.File(((pathPrefix + java.lang.Integer.toString(counter)) + .png)): null

2018-12-05 12:48:29 - [TEST_STEP][PASSED] - Statement - counter = counter + 1: null

2018-12-05 12:48:29 - [TEST_STEP][PASSED] - Statement - PreSaveFile = new java.io.File(((pathPrefix + java.lang.Integer.toString(counter)) + .png)): null

2018-12-05 12:48:29 - [TEST_STEP][PASSED] - Statement - counter = counter + 1: null

2018-12-05 12:48:29 - [TEST_STEP][PASSED] - Statement - PreSaveFile = new java.io.File(((pathPrefix + java.lang.Integer.toString(counter)) + .png)): null

2018-12-05 12:48:29 - [TEST_STEP][PASSED] - Statement - counter = counter + 1: null

2018-12-05 12:48:29 - [TEST_STEP][PASSED] - Statement - PreSaveFile = new java.io.File(((pathPrefix + java.lang.Integer.toString(counter)) + .png)): null

2018-12-05 12:48:29 - [TEST_STEP][PASSED] - Statement - counter = counter + 1: null

2018-12-05 12:48:29 - [TEST_STEP][PASSED] - Statement - PreSaveFile = new java.io.File(((pathPrefix + java.lang.Integer.toString(counter)) + .png)): null

2018-12-05 12:48:29 - [TEST_STEP][PASSED] - Statement - counter = counter + 1: null

2018-12-05 12:48:29 - [TEST_STEP][PASSED] - Statement - PreSaveFile = new java.io.File(((pathPrefix + java.lang.Integer.toString(counter)) + .png)): null

2018-12-05 12:48:30 - [TEST_STEP][PASSED] - Statement - counter = counter + 1: null

2018-12-05 12:48:30 - [TEST_STEP][PASSED] - Statement - PreSaveFile = new java.io.File(((pathPrefix + java.lang.Integer.toString(counter)) + .png)): null

2018-12-05 12:48:30 - [TEST_STEP][PASSED] - Statement - counter = counter + 1: null

2018-12-05 12:48:30 - [TEST_STEP][PASSED] - Statement - PreSaveFile = new java.io.File(((pathPrefix + java.lang.Integer.toString(counter)) + .png)): null

2018-12-05 12:48:30 - [TEST_STEP][PASSED] - Statement - counter = counter + 1: null

2018-12-05 12:48:30 - [TEST_STEP][PASSED] - Statement - PreSaveFile = new java.io.File(((pathPrefix + java.lang.Integer.toString(counter)) + .png)): null

2018-12-05 12:48:30 - [TEST_STEP][PASSED] - Statement - counter = counter + 1: null

2018-12-05 12:48:30 - [TEST_STEP][PASSED] - Statement - PreSaveFile = new java.io.File(((pathPrefix + java.lang.Integer.toString(counter)) + .png)): null

2018-12-05 12:48:30 - [TEST_STEP][PASSED] - Statement - counter = counter + 1: null

2018-12-05 12:48:30 - [TEST_STEP][PASSED] - Statement - PreSaveFile = new java.io.File(((pathPrefix + java.lang.Integer.toString(counter)) + .png)): null

2018-12-05 12:48:30 - [TEST_STEP][PASSED] - Statement - counter = counter + 1: null

2018-12-05 12:48:30 - [TEST_STEP][PASSED] - Statement - PreSaveFile = new java.io.File(((pathPrefix + java.lang.Integer.toString(counter)) + .png)): null

2018-12-05 12:48:30 - [TEST_STEP][PASSED] - Statement - counter = counter + 1: null

2018-12-05 12:48:30 - [TEST_STEP][PASSED] - Statement - PreSaveFile = new java.io.File(((pathPrefix + java.lang.Integer.toString(counter)) + .png)): null

2018-12-05 12:48:30 - [TEST_STEP][PASSED] - Statement - counter = counter + 1: null

2018-12-05 12:48:30 - [TEST_STEP][PASSED] - Statement - PreSaveFile = new java.io.File(((pathPrefix + java.lang.Integer.toString(counter)) + .png)): null

2018-12-05 12:48:30 - [TEST_STEP][PASSED] - Statement - counter = counter + 1: null

2018-12-05 12:48:30 - [TEST_STEP][PASSED] - Statement - PreSaveFile = new java.io.File(((pathPrefix + java.lang.Integer.toString(counter)) + .png)): null

2018-12-05 12:48:30 - [TEST_STEP][PASSED] - Statement - counter = counter + 1: null

2018-12-05 12:48:30 - [TEST_STEP][PASSED] - Statement - PreSaveFile = new java.io.File(((pathPrefix + java.lang.Integer.toString(counter)) + .png)): null

2018-12-05 12:48:30 - [TEST_STEP][PASSED] - Statement - counter = counter + 1: null

2018-12-05 12:48:30 - [TEST_STEP][PASSED] - Statement - PreSaveFile = new java.io.File(((pathPrefix + java.lang.Integer.toString(counter)) + .png)): null

2018-12-05 12:48:30 - [TEST_STEP][PASSED] - Statement - counter = counter + 1: null

2018-12-05 12:48:30 - [TEST_STEP][PASSED] - Statement - PreSaveFile = new java.io.File(((pathPrefix + java.lang.Integer.toString(counter)) + .png)): null

2018-12-05 12:48:30 - [TEST_STEP][PASSED] - Statement - counter = counter + 1: null

2018-12-05 12:48:30 - [TEST_STEP][PASSED] - Statement - PreSaveFile = new java.io.File(((pathPrefix + java.lang.Integer.toString(counter)) + .png)): null

2018-12-05 12:48:30 - [TEST_STEP][PASSED] - Statement - counter = counter + 1: null

2018-12-05 12:48:30 - [TEST_STEP][PASSED] - Statement - PreSaveFile = new java.io.File(((pathPrefix + java.lang.Integer.toString(counter)) + .png)): null

2018-12-05 12:48:30 - [TEST_STEP][PASSED] - Statement - counter = counter + 1: null

2018-12-05 12:48:31 - [TEST_STEP][PASSED] - Statement - PreSaveFile = new java.io.File(((pathPrefix + java.lang.Integer.toString(counter)) + .png)): null

2018-12-05 12:48:31 - [TEST_STEP][PASSED] - Statement - counter = counter + 1: null

2018-12-05 12:48:31 - [TEST_STEP][PASSED] - Statement - PreSaveFile = new java.io.File(((pathPrefix + java.lang.Integer.toString(counter)) + .png)): null

2018-12-05 12:48:31 - [TEST_STEP][PASSED] - Statement - counter = counter + 1: null

2018-12-05 12:48:31 - [TEST_STEP][PASSED] - Statement - PreSaveFile = new java.io.File(((pathPrefix + java.lang.Integer.toString(counter)) + .png)): null

2018-12-05 12:48:31 - [TEST_STEP][PASSED] - Statement - counter = counter + 1: null

2018-12-05 12:48:31 - [TEST_STEP][PASSED] - Statement - PreSaveFile = new java.io.File(((pathPrefix + java.lang.Integer.toString(counter)) + .png)): null

2018-12-05 12:48:31 - [TEST_STEP][PASSED] - Statement - counter = counter + 1: null

2018-12-05 12:48:31 - [TEST_STEP][PASSED] - Statement - PreSaveFile = new java.io.File(((pathPrefix + java.lang.Integer.toString(counter)) + .png)): null

2018-12-05 12:48:31 - [TEST_STEP][PASSED] - Statement - counter = counter + 1: null

2018-12-05 12:48:31 - [TEST_STEP][PASSED] - Statement - PreSaveFile = new java.io.File(((pathPrefix + java.lang.Integer.toString(counter)) + .png)): null

2018-12-05 12:48:31 - [TEST_STEP][PASSED] - Statement - counter = counter + 1: null

2018-12-05 12:48:31 - [TEST_STEP][PASSED] - Statement - PreSaveFile = new java.io.File(((pathPrefix + java.lang.Integer.toString(counter)) + .png)): null

2018-12-05 12:48:31 - [TEST_STEP][PASSED] - Statement - counter = counter + 1: null

2018-12-05 12:48:31 - [TEST_STEP][PASSED] - Statement - PreSaveFile = new java.io.File(((pathPrefix + java.lang.Integer.toString(counter)) + .png)): null

2018-12-05 12:48:31 - [TEST_STEP][PASSED] - Statement - counter = counter + 1: null

2018-12-05 12:48:31 - [TEST_STEP][PASSED] - Statement - PreSaveFile = new java.io.File(((pathPrefix + java.lang.Integer.toString(counter)) + .png)): null

2018-12-05 12:48:31 - [TEST_STEP][PASSED] - Statement - counter = counter + 1: null

2018-12-05 12:48:31 - [TEST_STEP][PASSED] - Statement - PreSaveFile = new java.io.File(((pathPrefix + java.lang.Integer.toString(counter)) + .png)): null

2018-12-05 12:48:31 - [TEST_STEP][PASSED] - Statement - counter = counter + 1: null

2018-12-05 12:48:31 - [TEST_STEP][PASSED] - Statement - PreSaveFile = new java.io.File(((pathPrefix + java.lang.Integer.toString(counter)) + .png)): null

2018-12-05 12:48:31 - [TEST_STEP][PASSED] - Statement - counter = counter + 1: null

2018-12-05 12:48:31 - [TEST_STEP][PASSED] - Statement - PreSaveFile = new java.io.File(((pathPrefix + java.lang.Integer.toString(counter)) + .png)): null

2018-12-05 12:48:31 - [TEST_STEP][PASSED] - Statement - counter = counter + 1: null

2018-12-05 12:48:31 - [TEST_STEP][PASSED] - Statement - PreSaveFile = new java.io.File(((pathPrefix + java.lang.Integer.toString(counter)) + .png)): null

2018-12-05 12:48:31 - [TEST_STEP][PASSED] - Statement - counter = counter + 1: null

2018-12-05 12:48:31 - [TEST_STEP][PASSED] - Statement - PreSaveFile = new java.io.File(((pathPrefix + java.lang.Integer.toString(counter)) + .png)): null

2018-12-05 12:48:31 - [TEST_STEP][PASSED] - Statement - counter = counter + 1: null

2018-12-05 12:48:31 - [TEST_STEP][PASSED] - Statement - PreSaveFile = new java.io.File(((pathPrefix + java.lang.Integer.toString(counter)) + .png)): null

2018-12-05 12:48:31 - [TEST_STEP][PASSED] - Statement - counter = counter + 1: null

2018-12-05 12:48:31 - [TEST_STEP][PASSED] - Statement - PreSaveFile = new java.io.File(((pathPrefix + java.lang.Integer.toString(counter)) + .png)): null

2018-12-05 12:48:31 - [TEST_STEP][PASSED] - Statement - counter = counter + 1: null

2018-12-05 12:48:31 - [TEST_STEP][PASSED] - Statement - PreSaveFile = new java.io.File(((pathPrefix + java.lang.Integer.toString(counter)) + .png)): null

2018-12-05 12:48:31 - [TEST_STEP][PASSED] - Statement - counter = counter + 1: null

2018-12-05 12:48:31 - [TEST_STEP][PASSED] - Statement - PreSaveFile = new java.io.File(((pathPrefix + java.lang.Integer.toString(counter)) + .png)): null

2018-12-05 12:48:31 - [TEST_STEP][PASSED] - Statement - counter = counter + 1: null

2018-12-05 12:48:31 - [TEST_STEP][PASSED] - Statement - PreSaveFile = new java.io.File(((pathPrefix + java.lang.Integer.toString(counter)) + .png)): null

2018-12-05 12:48:31 - [TEST_STEP][PASSED] - Statement - counter = counter + 1: null

2018-12-05 12:48:32 - [TEST_STEP][PASSED] - Statement - PreSaveFile = new java.io.File(((pathPrefix + java.lang.Integer.toString(counter)) + .png)): null

2018-12-05 12:48:32 - [TEST_STEP][PASSED] - Statement - counter = counter + 1: null

2018-12-05 12:48:32 - [TEST_STEP][PASSED] - Statement - PreSaveFile = new java.io.File(((pathPrefix + java.lang.Integer.toString(counter)) + .png)): null

2018-12-05 12:48:32 - [TEST_STEP][PASSED] - Statement - counter = counter + 1: null

2018-12-05 12:48:32 - [TEST_STEP][PASSED] - Statement - PreSaveFile = new java.io.File(((pathPrefix + java.lang.Integer.toString(counter)) + .png)): null

2018-12-05 12:48:32 - [TEST_STEP][PASSED] - Statement - counter = counter + 1: null

2018-12-05 12:48:32 - [TEST_STEP][PASSED] - Statement - PreSaveFile = new java.io.File(((pathPrefix + java.lang.Integer.toString(counter)) + .png)): null

2018-12-05 12:48:32 - [TEST_STEP][PASSED] - Statement - counter = counter + 1: null

2018-12-05 12:48:32 - [TEST_STEP][PASSED] - Statement - PreSaveFile = new java.io.File(((pathPrefix + java.lang.Integer.toString(counter)) + .png)): null

2018-12-05 12:48:32 - [TEST_STEP][PASSED] - Statement - counter = counter + 1: null

2018-12-05 12:48:32 - [TEST_STEP][PASSED] - Statement - PreSaveFile = new java.io.File(((pathPrefix + java.lang.Integer.toString(counter)) + .png)): null

2018-12-05 12:48:32 - [TEST_STEP][PASSED] - Statement - counter = counter + 1: null

2018-12-05 12:48:32 - [TEST_STEP][PASSED] - Statement - PreSaveFile = new java.io.File(((pathPrefix + java.lang.Integer.toString(counter)) + .png)): null

2018-12-05 12:48:32 - [TEST_STEP][PASSED] - Statement - counter = counter + 1: null

2018-12-05 12:48:32 - [TEST_STEP][PASSED] - Statement - PreSaveFile = new java.io.File(((pathPrefix + java.lang.Integer.toString(counter)) + .png)): null

2018-12-05 12:48:32 - [TEST_STEP][PASSED] - Statement - counter = counter + 1: null

2018-12-05 12:48:32 - [TEST_STEP][PASSED] - Statement - PreSaveFile = new java.io.File(((pathPrefix + java.lang.Integer.toString(counter)) + .png)): null

2018-12-05 12:48:32 - [TEST_STEP][PASSED] - Statement - counter = counter + 1: null

2018-12-05 12:48:32 - [TEST_STEP][PASSED] - Statement - PreSaveFile = new java.io.File(((pathPrefix + java.lang.Integer.toString(counter)) + .png)): null

2018-12-05 12:48:32 - [TEST_STEP][PASSED] - Statement - counter = counter + 1: null

2018-12-05 12:48:32 - [TEST_STEP][PASSED] - Statement - PreSaveFile = new java.io.File(((pathPrefix + java.lang.Integer.toString(counter)) + .png)): null

2018-12-05 12:48:32 - [TEST_STEP][PASSED] - Statement - counter = counter + 1: null

2018-12-05 12:48:32 - [TEST_STEP][PASSED] - Statement - PreSaveFile = new java.io.File(((pathPrefix + java.lang.Integer.toString(counter)) + .png)): null

2018-12-05 12:48:32 - [TEST_STEP][PASSED] - Statement - counter = counter + 1: null

2018-12-05 12:48:32 - [TEST_STEP][PASSED] - Statement - PreSaveFile = new java.io.File(((pathPrefix + java.lang.Integer.toString(counter)) + .png)): null

2018-12-05 12:48:32 - [TEST_STEP][PASSED] - Statement - counter = counter + 1: null

2018-12-05 12:48:32 - [TEST_STEP][PASSED] - Statement - PreSaveFile = new java.io.File(((pathPrefix + java.lang.Integer.toString(counter)) + .png)): null

2018-12-05 12:48:32 - [TEST_STEP][PASSED] - Statement - counter = counter + 1: null

2018-12-05 12:48:32 - [TEST_STEP][PASSED] - Statement - PreSaveFile = new java.io.File(((pathPrefix + java.lang.Integer.toString(counter)) + .png)): null

2018-12-05 12:48:33 - [TEST_STEP][PASSED] - Statement - counter = counter + 1: null

2018-12-05 12:48:33 - [TEST_STEP][PASSED] - Statement - PreSaveFile = new java.io.File(((pathPrefix + java.lang.Integer.toString(counter)) + .png)): null

2018-12-05 12:48:33 - [TEST_STEP][PASSED] - Statement - counter = counter + 1: null

2018-12-05 12:48:33 - [TEST_STEP][PASSED] - Statement - PreSaveFile = new java.io.File(((pathPrefix + java.lang.Integer.toString(counter)) + .png)): null

2018-12-05 12:48:33 - [TEST_STEP][PASSED] - Statement - counter = counter + 1: null

2018-12-05 12:48:33 - [TEST_STEP][PASSED] - Statement - PreSaveFile = new java.io.File(((pathPrefix + java.lang.Integer.toString(counter)) + .png)): null

2018-12-05 12:48:33 - [TEST_STEP][PASSED] - Statement - counter = counter + 1: null

2018-12-05 12:48:33 - [TEST_STEP][PASSED] - Statement - PreSaveFile = new java.io.File(((pathPrefix + java.lang.Integer.toString(counter)) + .png)): null

2018-12-05 12:48:33 - [TEST_STEP][PASSED] - Statement - counter = counter + 1: null

2018-12-05 12:48:33 - [TEST_STEP][PASSED] - Statement - PreSaveFile = new java.io.File(((pathPrefix + java.lang.Integer.toString(counter)) + .png)): null

2018-12-05 12:48:33 - [TEST_STEP][PASSED] - Statement - counter = counter + 1: null

2018-12-05 12:48:33 - [TEST_STEP][PASSED] - Statement - PreSaveFile = new java.io.File(((pathPrefix + java.lang.Integer.toString(counter)) + .png)): null

2018-12-05 12:48:33 - [TEST_STEP][PASSED] - Statement - counter = counter + 1: null

2018-12-05 12:48:33 - [TEST_STEP][PASSED] - Statement - PreSaveFile = new java.io.File(((pathPrefix + java.lang.Integer.toString(counter)) + .png)): null

2018-12-05 12:48:33 - [TEST_STEP][PASSED] - Statement - counter = counter + 1: null

2018-12-05 12:48:33 - [TEST_STEP][PASSED] - Statement - PreSaveFile = new java.io.File(((pathPrefix + java.lang.Integer.toString(counter)) + .png)): null

2018-12-05 12:48:33 - [TEST_STEP][PASSED] - Statement - counter = counter + 1: null

2018-12-05 12:48:33 - [TEST_STEP][PASSED] - Statement - PreSaveFile = new java.io.File(((pathPrefix + java.lang.Integer.toString(counter)) + .png)): null

2018-12-05 12:48:33 - [TEST_STEP][PASSED] - Statement - counter = counter + 1: null

2018-12-05 12:48:33 - [TEST_STEP][PASSED] - Statement - PreSaveFile = new java.io.File(((pathPrefix + java.lang.Integer.toString(counter)) + .png)): null

2018-12-05 12:48:33 - [TEST_STEP][PASSED] - Statement - counter = counter + 1: null

2018-12-05 12:48:33 - [TEST_STEP][PASSED] - Statement - PreSaveFile = new java.io.File(((pathPrefix + java.lang.Integer.toString(counter)) + .png)): null

2018-12-05 12:48:33 - [TEST_STEP][PASSED] - Statement - counter = counter + 1: null

2018-12-05 12:48:33 - [TEST_STEP][PASSED] - Statement - PreSaveFile = new java.io.File(((pathPrefix + java.lang.Integer.toString(counter)) + .png)): null

2018-12-05 12:48:33 - [TEST_STEP][PASSED] - Statement - counter = counter + 1: null

2018-12-05 12:48:33 - [TEST_STEP][PASSED] - Statement - PreSaveFile = new java.io.File(((pathPrefix + java.lang.Integer.toString(counter)) + .png)): null

2018-12-05 12:48:33 - [TEST_STEP][PASSED] - Statement - counter = counter + 1: null

2018-12-05 12:48:33 - [TEST_STEP][PASSED] - Statement - PreSaveFile = new java.io.File(((pathPrefix + java.lang.Integer.toString(counter)) + .png)): null

2018-12-05 12:48:33 - [TEST_STEP][PASSED] - Statement - counter = counter + 1: null

2018-12-05 12:48:34 - [TEST_STEP][PASSED] - Statement - PreSaveFile = new java.io.File(((pathPrefix + java.lang.Integer.toString(counter)) + .png)): null

2018-12-05 12:48:34 - [TEST_STEP][PASSED] - Statement - counter = counter + 1: null

2018-12-05 12:48:34 - [TEST_STEP][PASSED] - Statement - PreSaveFile = new java.io.File(((pathPrefix + java.lang.Integer.toString(counter)) + .png)): null

2018-12-05 12:48:34 - [TEST_STEP][PASSED] - Statement - counter = counter + 1: null

2018-12-05 12:48:34 - [TEST_STEP][PASSED] - Statement - PreSaveFile = new java.io.File(((pathPrefix + java.lang.Integer.toString(counter)) + .png)): null

2018-12-05 12:48:34 - [TEST_STEP][PASSED] - Statement - counter = counter + 1: null

2018-12-05 12:48:34 - [TEST_STEP][PASSED] - Statement - PreSaveFile = new java.io.File(((pathPrefix + java.lang.Integer.toString(counter)) + .png)): null

2018-12-05 12:48:34 - [TEST_STEP][PASSED] - Statement - counter = counter + 1: null

2018-12-05 12:48:34 - [TEST_STEP][PASSED] - Statement - PreSaveFile = new java.io.File(((pathPrefix + java.lang.Integer.toString(counter)) + .png)): null

2018-12-05 12:48:34 - [TEST_STEP][PASSED] - Statement - counter = counter + 1: null

2018-12-05 12:48:34 - [TEST_STEP][PASSED] - Statement - PreSaveFile = new java.io.File(((pathPrefix + java.lang.Integer.toString(counter)) + .png)): null

2018-12-05 12:48:34 - [TEST_STEP][PASSED] - Statement - counter = counter + 1: null

2018-12-05 12:48:34 - [TEST_STEP][PASSED] - Statement - PreSaveFile = new java.io.File(((pathPrefix + java.lang.Integer.toString(counter)) + .png)): null

2018-12-05 12:48:34 - [TEST_STEP][PASSED] - Statement - counter = counter + 1: null

2018-12-05 12:48:34 - [TEST_STEP][PASSED] - Statement - PreSaveFile = new java.io.File(((pathPrefix + java.lang.Integer.toString(counter)) + .png)): null

2018-12-05 12:48:34 - [TEST_STEP][PASSED] - Statement - counter = counter + 1: null

2018-12-05 12:48:34 - [TEST_STEP][PASSED] - Statement - PreSaveFile = new java.io.File(((pathPrefix + java.lang.Integer.toString(counter)) + .png)): null

2018-12-05 12:48:34 - [TEST_STEP][PASSED] - Statement - counter = counter + 1: null

2018-12-05 12:48:34 - [TEST_STEP][PASSED] - Statement - PreSaveFile = new java.io.File(((pathPrefix + java.lang.Integer.toString(counter)) + .png)): null

2018-12-05 12:48:34 - [TEST_STEP][PASSED] - Statement - counter = counter + 1: null

2018-12-05 12:48:34 - [TEST_STEP][PASSED] - Statement - PreSaveFile = new java.io.File(((pathPrefix + java.lang.Integer.toString(counter)) + .png)): null

2018-12-05 12:48:34 - [TEST_STEP][PASSED] - Statement - counter = counter + 1: null

2018-12-05 12:48:34 - [TEST_STEP][PASSED] - Statement - PreSaveFile = new java.io.File(((pathPrefix + java.lang.Integer.toString(counter)) + .png)): null

2018-12-05 12:48:34 - [TEST_STEP][PASSED] - Statement - counter = counter + 1: null

2018-12-05 12:48:34 - [TEST_STEP][PASSED] - Statement - PreSaveFile = new java.io.File(((pathPrefix + java.lang.Integer.toString(counter)) + .png)): null

2018-12-05 12:48:34 - [TEST_STEP][PASSED] - Statement - counter = counter + 1: null

2018-12-05 12:48:34 - [TEST_STEP][PASSED] - Statement - PreSaveFile = new java.io.File(((pathPrefix + java.lang.Integer.toString(counter)) + .png)): null

2018-12-05 12:48:34 - [TEST_STEP][PASSED] - Statement - counter = counter + 1: null

2018-12-05 12:48:35 - [TEST_STEP][PASSED] - Statement - PreSaveFile = new java.io.File(((pathPrefix + java.lang.Integer.toString(counter)) + .png)): null

2018-12-05 12:48:35 - [TEST_STEP][PASSED] - Statement - counter = counter + 1: null

2018-12-05 12:48:35 - [TEST_STEP][PASSED] - Statement - PreSaveFile = new java.io.File(((pathPrefix + java.lang.Integer.toString(counter)) + .png)): null

2018-12-05 12:48:35 - [TEST_STEP][PASSED] - Statement - counter = counter + 1: null

2018-12-05 12:48:35 - [TEST_STEP][PASSED] - Statement - PreSaveFile = new java.io.File(((pathPrefix + java.lang.Integer.toString(counter)) + .png)): null

2018-12-05 12:48:35 - [TEST_STEP][PASSED] - Statement - counter = counter + 1: null

2018-12-05 12:48:35 - [TEST_STEP][PASSED] - Statement - PreSaveFile = new java.io.File(((pathPrefix + java.lang.Integer.toString(counter)) + .png)): null

2018-12-05 12:48:35 - [TEST_STEP][PASSED] - Statement - counter = counter + 1: null

2018-12-05 12:48:35 - [TEST_STEP][PASSED] - Statement - PreSaveFile = new java.io.File(((pathPrefix + java.lang.Integer.toString(counter)) + .png)): null

2018-12-05 12:48:35 - [TEST_STEP][PASSED] - Statement - counter = counter + 1: null

2018-12-05 12:48:35 - [TEST_STEP][PASSED] - Statement - PreSaveFile = new java.io.File(((pathPrefix + java.lang.Integer.toString(counter)) + .png)): null

2018-12-05 12:48:35 - [TEST_STEP][PASSED] - Statement - counter = counter + 1: null

2018-12-05 12:48:35 - [TEST_STEP][PASSED] - Statement - PreSaveFile = new java.io.File(((pathPrefix + java.lang.Integer.toString(counter)) + .png)): null

2018-12-05 12:48:35 - [TEST_STEP][PASSED] - Statement - counter = counter + 1: null

2018-12-05 12:48:35 - [TEST_STEP][PASSED] - Statement - PreSaveFile = new java.io.File(((pathPrefix + java.lang.Integer.toString(counter)) + .png)): null

2018-12-05 12:48:35 - [TEST_STEP][PASSED] - Statement - counter = counter + 1: null

2018-12-05 12:48:35 - [TEST_STEP][PASSED] - Statement - PreSaveFile = new java.io.File(((pathPrefix + java.lang.Integer.toString(counter)) + .png)): null

2018-12-05 12:48:35 - [TEST_STEP][PASSED] - Statement - counter = counter + 1: null

2018-12-05 12:48:35 - [TEST_STEP][PASSED] - Statement - PreSaveFile = new java.io.File(((pathPrefix + java.lang.Integer.toString(counter)) + .png)): null

2018-12-05 12:48:35 - [TEST_STEP][PASSED] - Statement - counter = counter + 1: null

2018-12-05 12:48:35 - [TEST_STEP][PASSED] - Statement - PreSaveFile = new java.io.File(((pathPrefix + java.lang.Integer.toString(counter)) + .png)): null

2018-12-05 12:48:35 - [TEST_STEP][PASSED] - Statement - counter = counter + 1: null

2018-12-05 12:48:35 - [TEST_STEP][PASSED] - Statement - PreSaveFile = new java.io.File(((pathPrefix + java.lang.Integer.toString(counter)) + .png)): null

2018-12-05 12:48:35 - [TEST_STEP][PASSED] - Statement - counter = counter + 1: null

2018-12-05 12:48:35 - [TEST_STEP][PASSED] - Statement - PreSaveFile = new java.io.File(((pathPrefix + java.lang.Integer.toString(counter)) + .png)): null

2018-12-05 12:48:35 - [TEST_STEP][PASSED] - Statement - counter = counter + 1: null

2018-12-05 12:48:35 - [TEST_STEP][PASSED] - Statement - PreSaveFile = new java.io.File(((pathPrefix + java.lang.Integer.toString(counter)) + .png)): null

2018-12-05 12:48:35 - [TEST_STEP][PASSED] - Statement - counter = counter + 1: null

2018-12-05 12:48:35 - [TEST_STEP][PASSED] - Statement - PreSaveFile = new java.io.File(((pathPrefix + java.lang.Integer.toString(counter)) + .png)): null

2018-12-05 12:48:36 - [TEST_STEP][PASSED] - Statement - counter = counter + 1: null

2018-12-05 12:48:36 - [TEST_STEP][PASSED] - Statement - PreSaveFile = new java.io.File(((pathPrefix + java.lang.Integer.toString(counter)) + .png)): null

2018-12-05 12:48:36 - [TEST_STEP][PASSED] - Statement - counter = counter + 1: null

2018-12-05 12:48:36 - [TEST_STEP][PASSED] - Statement - PreSaveFile = new java.io.File(((pathPrefix + java.lang.Integer.toString(counter)) + .png)): null

2018-12-05 12:48:36 - [TEST_STEP][PASSED] - Statement - counter = counter + 1: null

2018-12-05 12:48:36 - [TEST_STEP][PASSED] - Statement - PreSaveFile = new java.io.File(((pathPrefix + java.lang.Integer.toString(counter)) + .png)): null

2018-12-05 12:48:36 - [TEST_STEP][PASSED] - Statement - counter = counter + 1: null

2018-12-05 12:48:36 - [TEST_STEP][PASSED] - Statement - PreSaveFile = new java.io.File(((pathPrefix + java.lang.Integer.toString(counter)) + .png)): null

2018-12-05 12:48:36 - [TEST_STEP][PASSED] - Statement - counter = counter + 1: null

2018-12-05 12:48:36 - [TEST_STEP][PASSED] - Statement - PreSaveFile = new java.io.File(((pathPrefix + java.lang.Integer.toString(counter)) + .png)): null

2018-12-05 12:48:36 - [TEST_STEP][PASSED] - Statement - counter = counter + 1: null

2018-12-05 12:48:36 - [TEST_STEP][PASSED] - Statement - PreSaveFile = new java.io.File(((pathPrefix + java.lang.Integer.toString(counter)) + .png)): null

2018-12-05 12:48:36 - [TEST_STEP][PASSED] - Statement - counter = counter + 1: null

2018-12-05 12:48:36 - [TEST_STEP][PASSED] - Statement - PreSaveFile = new java.io.File(((pathPrefix + java.lang.Integer.toString(counter)) + .png)): null

2018-12-05 12:48:36 - [TEST_STEP][PASSED] - Statement - counter = counter + 1: null

2018-12-05 12:48:36 - [TEST_STEP][PASSED] - Statement - PreSaveFile = new java.io.File(((pathPrefix + java.lang.Integer.toString(counter)) + .png)): null

2018-12-05 12:48:36 - [TEST_STEP][PASSED] - Statement - counter = counter + 1: null

2018-12-05 12:48:36 - [TEST_STEP][PASSED] - Statement - PreSaveFile = new java.io.File(((pathPrefix + java.lang.Integer.toString(counter)) + .png)): null

2018-12-05 12:48:36 - [TEST_STEP][PASSED] - Statement - counter = counter + 1: null

2018-12-05 12:48:36 - [TEST_STEP][PASSED] - Statement - PreSaveFile = new java.io.File(((pathPrefix + java.lang.Integer.toString(counter)) + .png)): null

2018-12-05 12:48:36 - [TEST_STEP][PASSED] - Statement - counter = counter + 1: null

2018-12-05 12:48:36 - [TEST_STEP][PASSED] - Statement - PreSaveFile = new java.io.File(((pathPrefix + java.lang.Integer.toString(counter)) + .png)): null

2018-12-05 12:48:36 - [TEST_STEP][PASSED] - Statement - counter = counter + 1: null

2018-12-05 12:48:36 - [TEST_STEP][PASSED] - Statement - PreSaveFile = new java.io.File(((pathPrefix + java.lang.Integer.toString(counter)) + .png)): null

2018-12-05 12:48:36 - [TEST_STEP][PASSED] - Statement - counter = counter + 1: null

2018-12-05 12:48:36 - [TEST_STEP][PASSED] - Statement - PreSaveFile = new java.io.File(((pathPrefix + java.lang.Integer.toString(counter)) + .png)): null

2018-12-05 12:48:36 - [TEST_STEP][PASSED] - Statement - counter = counter + 1: null

2018-12-05 12:48:36 - [TEST_STEP][PASSED] - Statement - PreSaveFile = new java.io.File(((pathPrefix + java.lang.Integer.toString(counter)) + .png)): null

2018-12-05 12:48:36 - [TEST_STEP][PASSED] - Statement - counter = counter + 1: null

2018-12-05 12:48:37 - [TEST_STEP][PASSED] - Statement - PreSaveFile = new java.io.File(((pathPrefix + java.lang.Integer.toString(counter)) + .png)): null

2018-12-05 12:48:37 - [TEST_STEP][PASSED] - Statement - counter = counter + 1: null

2018-12-05 12:48:37 - [TEST_STEP][PASSED] - Statement - PreSaveFile = new java.io.File(((pathPrefix + java.lang.Integer.toString(counter)) + .png)): null

2018-12-05 12:48:37 - [TEST_STEP][PASSED] - Statement - counter = counter + 1: null

2018-12-05 12:48:37 - [TEST_STEP][PASSED] - Statement - PreSaveFile = new java.io.File(((pathPrefix + java.lang.Integer.toString(counter)) + .png)): null

2018-12-05 12:48:37 - [TEST_STEP][PASSED] - Statement - counter = counter + 1: null

2018-12-05 12:48:37 - [TEST_STEP][PASSED] - Statement - PreSaveFile = new java.io.File(((pathPrefix + java.lang.Integer.toString(counter)) + .png)): null

2018-12-05 12:48:37 - [TEST_STEP][PASSED] - Statement - counter = counter + 1: null

2018-12-05 12:48:37 - [TEST_STEP][PASSED] - Statement - PreSaveFile = new java.io.File(((pathPrefix + java.lang.Integer.toString(counter)) + .png)): null

2018-12-05 12:48:37 - [TEST_STEP][PASSED] - Statement - counter = counter + 1: null

2018-12-05 12:48:37 - [TEST_STEP][PASSED] - Statement - PreSaveFile = new java.io.File(((pathPrefix + java.lang.Integer.toString(counter)) + .png)): null

2018-12-05 12:48:37 - [TEST_STEP][PASSED] - Statement - counter = counter + 1: null

2018-12-05 12:48:37 - [TEST_STEP][PASSED] - Statement - PreSaveFile = new java.io.File(((pathPrefix + java.lang.Integer.toString(counter)) + .png)): null

2018-12-05 12:48:37 - [TEST_STEP][PASSED] - Statement - counter = counter + 1: null

2018-12-05 12:48:37 - [TEST_STEP][PASSED] - Statement - PreSaveFile = new java.io.File(((pathPrefix + java.lang.Integer.toString(counter)) + .png)): null

2018-12-05 12:48:37 - [TEST_STEP][PASSED] - Statement - counter = counter + 1: null

2018-12-05 12:48:37 - [TEST_STEP][PASSED] - Statement - PreSaveFile = new java.io.File(((pathPrefix + java.lang.Integer.toString(counter)) + .png)): null

2018-12-05 12:48:37 - [TEST_STEP][PASSED] - Statement - counter = counter + 1: null

2018-12-05 12:48:37 - [TEST_STEP][PASSED] - Statement - PreSaveFile = new java.io.File(((pathPrefix + java.lang.Integer.toString(counter)) + .png)): null

2018-12-05 12:48:37 - [TEST_STEP][PASSED] - Statement - counter = counter + 1: null

2018-12-05 12:48:37 - [TEST_STEP][PASSED] - Statement - PreSaveFile = new java.io.File(((pathPrefix + java.lang.Integer.toString(counter)) + .png)): null

2018-12-05 12:48:37 - [TEST_STEP][PASSED] - Statement - counter = counter + 1: null

2018-12-05 12:48:37 - [TEST_STEP][PASSED] - Statement - PreSaveFile = new java.io.File(((pathPrefix + java.lang.Integer.toString(counter)) + .png)): null

2018-12-05 12:48:37 - [TEST_STEP][PASSED] - Statement - counter = counter + 1: null

2018-12-05 12:48:37 - [TEST_STEP][PASSED] - Statement - PreSaveFile = new java.io.File(((pathPrefix + java.lang.Integer.toString(counter)) + .png)): null

2018-12-05 12:48:37 - [TEST_STEP][PASSED] - Statement - counter = counter + 1: null

2018-12-05 12:48:37 - [TEST_STEP][PASSED] - Statement - PreSaveFile = new java.io.File(((pathPrefix + java.lang.Integer.toString(counter)) + .png)): null

2018-12-05 12:48:37 - [TEST_STEP][PASSED] - Statement - counter = counter + 1: null

2018-12-05 12:48:37 - [TEST_STEP][PASSED] - Statement - PreSaveFile = new java.io.File(((pathPrefix + java.lang.Integer.toString(counter)) + .png)): null

2018-12-05 12:48:37 - [TEST_STEP][PASSED] - Statement - counter = counter + 1: null

2018-12-05 12:48:37 - [TEST_STEP][PASSED] - Statement - PreSaveFile = new java.io.File(((pathPrefix + java.lang.Integer.toString(counter)) + .png)): null

2018-12-05 12:48:37 - [TEST_STEP][PASSED] - Statement - counter = counter + 1: null

2018-12-05 12:48:37 - [TEST_STEP][PASSED] - Statement - PreSaveFile = new java.io.File(((pathPrefix + java.lang.Integer.toString(counter)) + .png)): null

2018-12-05 12:48:37 - [TEST_STEP][PASSED] - Statement - counter = counter + 1: null

2018-12-05 12:48:37 - [TEST_STEP][PASSED] - Statement - PreSaveFile = new java.io.File(((pathPrefix + java.lang.Integer.toString(counter)) + .png)): null

2018-12-05 12:48:37 - [TEST_STEP][PASSED] - Statement - counter = counter + 1: null

2018-12-05 12:48:37 - [TEST_STEP][PASSED] - Statement - PreSaveFile = new java.io.File(((pathPrefix + java.lang.Integer.toString(counter)) + .png)): null

2018-12-05 12:48:37 - [TEST_STEP][PASSED] - Statement - counter = counter + 1: null

2018-12-05 12:48:38 - [TEST_STEP][PASSED] - Statement - PreSaveFile = new java.io.File(((pathPrefix + java.lang.Integer.toString(counter)) + .png)): null

2018-12-05 12:48:38 - [TEST_STEP][PASSED] - Statement - counter = counter + 1: null

2018-12-05 12:48:38 - [TEST_STEP][PASSED] - Statement - PreSaveFile = new java.io.File(((pathPrefix + java.lang.Integer.toString(counter)) + .png)): null

2018-12-05 12:48:38 - [TEST_STEP][PASSED] - Statement - counter = counter + 1: null

2018-12-05 12:48:38 - [TEST_STEP][PASSED] - Statement - PreSaveFile = new java.io.File(((pathPrefix + java.lang.Integer.toString(counter)) + .png)): null

2018-12-05 12:48:38 - [TEST_STEP][PASSED] - Statement - counter = counter + 1: null

2018-12-05 12:48:38 - [TEST_STEP][PASSED] - Statement - PreSaveFile = new java.io.File(((pathPrefix + java.lang.Integer.toString(counter)) + .png)): null

2018-12-05 12:48:38 - [TEST_STEP][PASSED] - Statement - counter = counter + 1: null

2018-12-05 12:48:38 - [TEST_STEP][PASSED] - Statement - PreSaveFile = new java.io.File(((pathPrefix + java.lang.Integer.toString(counter)) + .png)): null

2018-12-05 12:48:38 - [TEST_STEP][PASSED] - Statement - counter = counter + 1: null

2018-12-05 12:48:38 - [TEST_STEP][PASSED] - Statement - PreSaveFile = new java.io.File(((pathPrefix + java.lang.Integer.toString(counter)) + .png)): null

2018-12-05 12:48:38 - [TEST_STEP][PASSED] - Statement - counter = counter + 1: null

2018-12-05 12:48:38 - [TEST_STEP][PASSED] - Statement - PreSaveFile = new java.io.File(((pathPrefix + java.lang.Integer.toString(counter)) + .png)): null

2018-12-05 12:48:38 - [TEST_STEP][PASSED] - Statement - counter = counter + 1: null

2018-12-05 12:48:38 - [TEST_STEP][PASSED] - Statement - PreSaveFile = new java.io.File(((pathPrefix + java.lang.Integer.toString(counter)) + .png)): null

2018-12-05 12:48:38 - [TEST_STEP][PASSED] - Statement - counter = counter + 1: null

2018-12-05 12:48:38 - [TEST_STEP][PASSED] - Statement - PreSaveFile = new java.io.File(((pathPrefix + java.lang.Integer.toString(counter)) + .png)): null

2018-12-05 12:48:38 - [TEST_STEP][PASSED] - Statement - counter = counter + 1: null

2018-12-05 12:48:38 - [TEST_STEP][PASSED] - Statement - PreSaveFile = new java.io.File(((pathPrefix + java.lang.Integer.toString(counter)) + .png)): null

2018-12-05 12:48:38 - [TEST_STEP][PASSED] - Statement - counter = counter + 1: null

2018-12-05 12:48:38 - [TEST_STEP][PASSED] - Statement - PreSaveFile = new java.io.File(((pathPrefix + java.lang.Integer.toString(counter)) + .png)): null

2018-12-05 12:48:38 - [TEST_STEP][PASSED] - Statement - counter = counter + 1: null

2018-12-05 12:48:38 - [TEST_STEP][PASSED] - Statement - PreSaveFile = new java.io.File(((pathPrefix + java.lang.Integer.toString(counter)) + .png)): null

2018-12-05 12:48:38 - [TEST_STEP][PASSED] - Statement - counter = counter + 1: null

2018-12-05 12:48:38 - [TEST_STEP][PASSED] - Statement - PreSaveFile = new java.io.File(((pathPrefix + java.lang.Integer.toString(counter)) + .png)): null

2018-12-05 12:48:38 - [TEST_STEP][PASSED] - Statement - counter = counter + 1: null

2018-12-05 12:48:38 - [TEST_STEP][PASSED] - Statement - PreSaveFile = new java.io.File(((pathPrefix + java.lang.Integer.toString(counter)) + .png)): null

2018-12-05 12:48:38 - [TEST_STEP][PASSED] - Statement - counter = counter + 1: null

2018-12-05 12:48:39 - [TEST_STEP][PASSED] - Statement - PreSaveFile = new java.io.File(((pathPrefix + java.lang.Integer.toString(counter)) + .png)): null

2018-12-05 12:48:39 - [TEST_STEP][PASSED] - Statement - counter = counter + 1: null

2018-12-05 12:48:39 - [TEST_STEP][PASSED] - Statement - PreSaveFile = new java.io.File(((pathPrefix + java.lang.Integer.toString(counter)) + .png)): null

2018-12-05 12:48:39 - [TEST_STEP][PASSED] - Statement - counter = counter + 1: null

2018-12-05 12:48:39 - [TEST_STEP][PASSED] - Statement - PreSaveFile = new java.io.File(((pathPrefix + java.lang.Integer.toString(counter)) + .png)): null

2018-12-05 12:48:39 - [TEST_STEP][PASSED] - Statement - counter = counter + 1: null

2018-12-05 12:48:39 - [TEST_STEP][PASSED] - Statement - PreSaveFile = new java.io.File(((pathPrefix + java.lang.Integer.toString(counter)) + .png)): null

2018-12-05 12:48:39 - [TEST_STEP][PASSED] - Statement - counter = counter + 1: null

2018-12-05 12:48:39 - [TEST_STEP][PASSED] - Statement - PreSaveFile = new java.io.File(((pathPrefix + java.lang.Integer.toString(counter)) + .png)): null

2018-12-05 12:48:39 - [TEST_STEP][PASSED] - Statement - counter = counter + 1: null

2018-12-05 12:48:39 - [TEST_STEP][PASSED] - Statement - PreSaveFile = new java.io.File(((pathPrefix + java.lang.Integer.toString(counter)) + .png)): null

2018-12-05 12:48:39 - [TEST_STEP][PASSED] - Statement - counter = counter + 1: null

2018-12-05 12:48:39 - [TEST_STEP][PASSED] - Statement - PreSaveFile = new java.io.File(((pathPrefix + java.lang.Integer.toString(counter)) + .png)): null

2018-12-05 12:48:39 - [TEST_STEP][PASSED] - Statement - counter = counter + 1: null

2018-12-05 12:48:39 - [TEST_STEP][PASSED] - Statement - PreSaveFile = new java.io.File(((pathPrefix + java.lang.Integer.toString(counter)) + .png)): null

2018-12-05 12:48:39 - [TEST_STEP][PASSED] - Statement - counter = counter + 1: null

2018-12-05 12:48:39 - [TEST_STEP][PASSED] - Statement - PreSaveFile = new java.io.File(((pathPrefix + java.lang.Integer.toString(counter)) + .png)): null

2018-12-05 12:48:39 - [TEST_STEP][PASSED] - Statement - counter = counter + 1: null

2018-12-05 12:48:39 - [TEST_STEP][PASSED] - Statement - PreSaveFile = new java.io.File(((pathPrefix + java.lang.Integer.toString(counter)) + .png)): null

2018-12-05 12:48:39 - [TEST_STEP][PASSED] - Statement - counter = counter + 1: null

2018-12-05 12:48:39 - [TEST_STEP][PASSED] - Statement - PreSaveFile = new java.io.File(((pathPrefix + java.lang.Integer.toString(counter)) + .png)): null

2018-12-05 12:48:39 - [TEST_STEP][PASSED] - Statement - counter = counter + 1: null

2018-12-05 12:48:39 - [TEST_STEP][PASSED] - Statement - PreSaveFile = new java.io.File(((pathPrefix + java.lang.Integer.toString(counter)) + .png)): null

2018-12-05 12:48:39 - [TEST_STEP][PASSED] - Statement - counter = counter + 1: null

2018-12-05 12:48:39 - [TEST_STEP][PASSED] - Statement - PreSaveFile = new java.io.File(((pathPrefix + java.lang.Integer.toString(counter)) + .png)): null

2018-12-05 12:48:39 - [TEST_STEP][PASSED] - Statement - counter = counter + 1: null

2018-12-05 12:48:39 - [TEST_STEP][PASSED] - Statement - PreSaveFile = new java.io.File(((pathPrefix + java.lang.Integer.toString(counter)) + .png)): null

2018-12-05 12:48:39 - [TEST_STEP][PASSED] - Statement - counter = counter + 1: null

2018-12-05 12:48:39 - [TEST_STEP][PASSED] - Statement - PreSaveFile = new java.io.File(((pathPrefix + java.lang.Integer.toString(counter)) + .png)): null

2018-12-05 12:48:39 - [TEST_STEP][PASSED] - Statement - counter = counter + 1: null

2018-12-05 12:48:40 - [TEST_STEP][PASSED] - Statement - PreSaveFile = new java.io.File(((pathPrefix + java.lang.Integer.toString(counter)) + .png)): null

2018-12-05 12:48:40 - [TEST_STEP][PASSED] - Statement - counter = counter + 1: null

2018-12-05 12:48:40 - [TEST_STEP][PASSED] - Statement - PreSaveFile = new java.io.File(((pathPrefix + java.lang.Integer.toString(counter)) + .png)): null

2018-12-05 12:48:40 - [TEST_STEP][PASSED] - Statement - counter = counter + 1: null

2018-12-05 12:48:40 - [TEST_STEP][PASSED] - Statement - PreSaveFile = new java.io.File(((pathPrefix + java.lang.Integer.toString(counter)) + .png)): null

2018-12-05 12:48:40 - [TEST_STEP][PASSED] - Statement - counter = counter + 1: null

2018-12-05 12:48:40 - [TEST_STEP][PASSED] - Statement - PreSaveFile = new java.io.File(((pathPrefix + java.lang.Integer.toString(counter)) + .png)): null

2018-12-05 12:48:40 - [TEST_STEP][PASSED] - Statement - counter = counter + 1: null

2018-12-05 12:48:40 - [TEST_STEP][PASSED] - Statement - PreSaveFile = new java.io.File(((pathPrefix + java.lang.Integer.toString(counter)) + .png)): null

2018-12-05 12:48:40 - [TEST_STEP][PASSED] - Statement - counter = counter + 1: null

2018-12-05 12:48:40 - [TEST_STEP][PASSED] - Statement - PreSaveFile = new java.io.File(((pathPrefix + java.lang.Integer.toString(counter)) + .png)): null

2018-12-05 12:48:40 - [TEST_STEP][PASSED] - Statement - counter = counter + 1: null

2018-12-05 12:48:40 - [TEST_STEP][PASSED] - Statement - PreSaveFile = new java.io.File(((pathPrefix + java.lang.Integer.toString(counter)) + .png)): null

2018-12-05 12:48:40 - [TEST_STEP][PASSED] - Statement - counter = counter + 1: null

2018-12-05 12:48:40 - [TEST_STEP][PASSED] - Statement - PreSaveFile = new java.io.File(((pathPrefix + java.lang.Integer.toString(counter)) + .png)): null

2018-12-05 12:48:40 - [TEST_STEP][PASSED] - Statement - counter = counter + 1: null

2018-12-05 12:48:40 - [TEST_STEP][PASSED] - Statement - PreSaveFile = new java.io.File(((pathPrefix + java.lang.Integer.toString(counter)) + .png)): null

2018-12-05 12:48:40 - [TEST_STEP][PASSED] - Statement - counter = counter + 1: null

2018-12-05 12:48:40 - [TEST_STEP][PASSED] - Statement - PreSaveFile = new java.io.File(((pathPrefix + java.lang.Integer.toString(counter)) + .png)): null

2018-12-05 12:48:40 - [TEST_STEP][PASSED] - Statement - counter = counter + 1: null

2018-12-05 12:48:40 - [TEST_STEP][PASSED] - Statement - PreSaveFile = new java.io.File(((pathPrefix + java.lang.Integer.toString(counter)) + .png)): null

2018-12-05 12:48:40 - [TEST_STEP][PASSED] - Statement - counter = counter + 1: null

2018-12-05 12:48:40 - [TEST_STEP][PASSED] - Statement - PreSaveFile = new java.io.File(((pathPrefix + java.lang.Integer.toString(counter)) + .png)): null

2018-12-05 12:48:40 - [TEST_STEP][PASSED] - Statement - counter = counter + 1: null

2018-12-05 12:48:40 - [TEST_STEP][PASSED] - Statement - PreSaveFile = new java.io.File(((pathPrefix + java.lang.Integer.toString(counter)) + .png)): null

2018-12-05 12:48:40 - [TEST_STEP][PASSED] - Statement - counter = counter + 1: null

2018-12-05 12:48:40 - [TEST_STEP][PASSED] - Statement - PreSaveFile = new java.io.File(((pathPrefix + java.lang.Integer.toString(counter)) + .png)): null

2018-12-05 12:48:40 - [TEST_STEP][PASSED] - Statement - counter = counter + 1: null

2018-12-05 12:48:41 - [TEST_STEP][PASSED] - Statement - PreSaveFile = new java.io.File(((pathPrefix + java.lang.Integer.toString(counter)) + .png)): null

2018-12-05 12:48:41 - [TEST_STEP][PASSED] - Statement - counter = counter + 1: null

2018-12-05 12:48:41 - [TEST_STEP][PASSED] - Statement - PreSaveFile = new java.io.File(((pathPrefix + java.lang.Integer.toString(counter)) + .png)): null

2018-12-05 12:48:41 - [TEST_STEP][PASSED] - Statement - counter = counter + 1: null

2018-12-05 12:48:41 - [TEST_STEP][PASSED] - Statement - PreSaveFile = new java.io.File(((pathPrefix + java.lang.Integer.toString(counter)) + .png)): null

2018-12-05 12:48:41 - [TEST_STEP][PASSED] - Statement - counter = counter + 1: null

2018-12-05 12:48:41 - [TEST_STEP][PASSED] - Statement - PreSaveFile = new java.io.File(((pathPrefix + java.lang.Integer.toString(counter)) + .png)): null

2018-12-05 12:48:41 - [TEST_STEP][PASSED] - Statement - counter = counter + 1: null

2018-12-05 12:48:41 - [TEST_STEP][PASSED] - Statement - PreSaveFile = new java.io.File(((pathPrefix + java.lang.Integer.toString(counter)) + .png)): null

2018-12-05 12:48:41 - [TEST_STEP][PASSED] - Statement - counter = counter + 1: null

2018-12-05 12:48:41 - [TEST_STEP][PASSED] - Statement - PreSaveFile = new java.io.File(((pathPrefix + java.lang.Integer.toString(counter)) + .png)): null

2018-12-05 12:48:41 - [TEST_STEP][PASSED] - Statement - counter = counter + 1: null

2018-12-05 12:48:41 - [TEST_STEP][PASSED] - Statement - PreSaveFile = new java.io.File(((pathPrefix + java.lang.Integer.toString(counter)) + .png)): null

2018-12-05 12:48:41 - [TEST_STEP][PASSED] - Statement - counter = counter + 1: null

2018-12-05 12:48:41 - [TEST_STEP][PASSED] - Statement - PreSaveFile = new java.io.File(((pathPrefix + java.lang.Integer.toString(counter)) + .png)): null

2018-12-05 12:48:41 - [TEST_STEP][PASSED] - Statement - counter = counter + 1: null

2018-12-05 12:48:41 - [TEST_STEP][PASSED] - Statement - PreSaveFile = new java.io.File(((pathPrefix + java.lang.Integer.toString(counter)) + .png)): null

2018-12-05 12:48:41 - [TEST_STEP][PASSED] - Statement - counter = counter + 1: null

2018-12-05 12:48:41 - [TEST_STEP][PASSED] - Statement - PreSaveFile = new java.io.File(((pathPrefix + java.lang.Integer.toString(counter)) + .png)): null

2018-12-05 12:48:41 - [TEST_STEP][PASSED] - Statement - counter = counter + 1: null

2018-12-05 12:48:41 - [TEST_STEP][PASSED] - Statement - PreSaveFile = new java.io.File(((pathPrefix + java.lang.Integer.toString(counter)) + .png)): null

2018-12-05 12:48:41 - [TEST_STEP][PASSED] - Statement - counter = counter + 1: null

2018-12-05 12:48:41 - [TEST_STEP][PASSED] - Statement - PreSaveFile = new java.io.File(((pathPrefix + java.lang.Integer.toString(counter)) + .png)): null

2018-12-05 12:48:41 - [TEST_STEP][PASSED] - Statement - counter = counter + 1: null

2018-12-05 12:48:41 - [TEST_STEP][PASSED] - Statement - PreSaveFile = new java.io.File(((pathPrefix + java.lang.Integer.toString(counter)) + .png)): null

2018-12-05 12:48:41 - [TEST_STEP][PASSED] - Statement - counter = counter + 1: null

2018-12-05 12:48:41 - [TEST_STEP][PASSED] - Statement - PreSaveFile = new java.io.File(((pathPrefix + java.lang.Integer.toString(counter)) + .png)): null

2018-12-05 12:48:41 - [TEST_STEP][PASSED] - Statement - counter = counter + 1: null

2018-12-05 12:48:41 - [TEST_STEP][PASSED] - Statement - PreSaveFile = new java.io.File(((pathPrefix + java.lang.Integer.toString(counter)) + .png)): null

2018-12-05 12:48:42 - [TEST_STEP][PASSED] - Statement - counter = counter + 1: null

2018-12-05 12:48:42 - [TEST_STEP][PASSED] - Statement - PreSaveFile = new java.io.File(((pathPrefix + java.lang.Integer.toString(counter)) + .png)): null

2018-12-05 12:48:42 - [TEST_STEP][PASSED] - Statement - counter = counter + 1: null

2018-12-05 12:48:42 - [TEST_STEP][PASSED] - Statement - PreSaveFile = new java.io.File(((pathPrefix + java.lang.Integer.toString(counter)) + .png)): null

2018-12-05 12:48:42 - [TEST_STEP][PASSED] - Statement - counter = counter + 1: null

2018-12-05 12:48:42 - [TEST_STEP][PASSED] - Statement - PreSaveFile = new java.io.File(((pathPrefix + java.lang.Integer.toString(counter)) + .png)): null

2018-12-05 12:48:42 - [TEST_STEP][PASSED] - Statement - counter = counter + 1: null

2018-12-05 12:48:42 - [TEST_STEP][PASSED] - Statement - PreSaveFile = new java.io.File(((pathPrefix + java.lang.Integer.toString(counter)) + .png)): null

2018-12-05 12:48:42 - [TEST_STEP][PASSED] - Statement - counter = counter + 1: null

2018-12-05 12:48:42 - [TEST_STEP][PASSED] - Statement - PreSaveFile = new java.io.File(((pathPrefix + java.lang.Integer.toString(counter)) + .png)): null

2018-12-05 12:48:42 - [TEST_STEP][PASSED] - Statement - counter = counter + 1: null

2018-12-05 12:48:42 - [TEST_STEP][PASSED] - Statement - PreSaveFile = new java.io.File(((pathPrefix + java.lang.Integer.toString(counter)) + .png)): null

2018-12-05 12:48:42 - [TEST_STEP][PASSED] - Statement - counter = counter + 1: null

2018-12-05 12:48:42 - [TEST_STEP][PASSED] - Statement - PreSaveFile = new java.io.File(((pathPrefix + java.lang.Integer.toString(counter)) + .png)): null

2018-12-05 12:48:42 - [TEST_STEP][PASSED] - Statement - counter = counter + 1: null

2018-12-05 12:48:42 - [TEST_STEP][PASSED] - Statement - PreSaveFile = new java.io.File(((pathPrefix + java.lang.Integer.toString(counter)) + .png)): null

2018-12-05 12:48:42 - [TEST_STEP][PASSED] - Statement - counter = counter + 1: null

2018-12-05 12:48:42 - [TEST_STEP][PASSED] - Statement - PreSaveFile = new java.io.File(((pathPrefix + java.lang.Integer.toString(counter)) + .png)): null

2018-12-05 12:48:42 - [TEST_STEP][PASSED] - Statement - counter = counter + 1: null

2018-12-05 12:48:42 - [TEST_STEP][PASSED] - Statement - PreSaveFile = new java.io.File(((pathPrefix + java.lang.Integer.toString(counter)) + .png)): null

2018-12-05 12:48:42 - [TEST_STEP][PASSED] - Statement - counter = counter + 1: null

2018-12-05 12:48:42 - [TEST_STEP][PASSED] - Statement - PreSaveFile = new java.io.File(((pathPrefix + java.lang.Integer.toString(counter)) + .png)): null

2018-12-05 12:48:42 - [TEST_STEP][PASSED] - Statement - counter = counter + 1: null

2018-12-05 12:48:42 - [TEST_STEP][PASSED] - Statement - PreSaveFile = new java.io.File(((pathPrefix + java.lang.Integer.toString(counter)) + .png)): null

2018-12-05 12:48:42 - [TEST_STEP][PASSED] - Statement - counter = counter + 1: null

2018-12-05 12:48:42 - [TEST_STEP][PASSED] - Statement - PreSaveFile = new java.io.File(((pathPrefix + java.lang.Integer.toString(counter)) + .png)): null

2018-12-05 12:48:42 - [TEST_STEP][PASSED] - Statement - counter = counter + 1: null

2018-12-05 12:48:42 - [TEST_STEP][PASSED] - Statement - PreSaveFile = new java.io.File(((pathPrefix + java.lang.Integer.toString(counter)) + .png)): null

2018-12-05 12:48:42 - [TEST_STEP][PASSED] - Statement - counter = counter + 1: null

2018-12-05 12:48:43 - [TEST_STEP][PASSED] - Statement - PreSaveFile = new java.io.File(((pathPrefix + java.lang.Integer.toString(counter)) + .png)): null

2018-12-05 12:48:43 - [TEST_STEP][PASSED] - Statement - counter = counter + 1: null

2018-12-05 12:48:43 - [TEST_STEP][PASSED] - Statement - PreSaveFile = new java.io.File(((pathPrefix + java.lang.Integer.toString(counter)) + .png)): null

2018-12-05 12:48:43 - [TEST_STEP][PASSED] - Statement - counter = counter + 1: null

2018-12-05 12:48:43 - [TEST_STEP][PASSED] - Statement - PreSaveFile = new java.io.File(((pathPrefix + java.lang.Integer.toString(counter)) + .png)): null

2018-12-05 12:48:43 - [TEST_STEP][PASSED] - Statement - counter = counter + 1: null

2018-12-05 12:48:43 - [TEST_STEP][PASSED] - Statement - PreSaveFile = new java.io.File(((pathPrefix + java.lang.Integer.toString(counter)) + .png)): null

2018-12-05 12:48:43 - [TEST_STEP][PASSED] - Statement - counter = counter + 1: null

2018-12-05 12:48:43 - [TEST_STEP][PASSED] - Statement - PreSaveFile = new java.io.File(((pathPrefix + java.lang.Integer.toString(counter)) + .png)): null

2018-12-05 12:48:43 - [TEST_STEP][PASSED] - Statement - counter = counter + 1: null

2018-12-05 12:48:43 - [TEST_STEP][PASSED] - Statement - PreSaveFile = new java.io.File(((pathPrefix + java.lang.Integer.toString(counter)) + .png)): null

2018-12-05 12:48:43 - [TEST_STEP][PASSED] - Statement - counter = counter + 1: null

2018-12-05 12:48:43 - [TEST_STEP][PASSED] - Statement - PreSaveFile = new java.io.File(((pathPrefix + java.lang.Integer.toString(counter)) + .png)): null

2018-12-05 12:48:43 - [TEST_STEP][PASSED] - Statement - counter = counter + 1: null

2018-12-05 12:48:43 - [TEST_STEP][PASSED] - Statement - PreSaveFile = new java.io.File(((pathPrefix + java.lang.Integer.toString(counter)) + .png)): null

2018-12-05 12:48:43 - [TEST_STEP][PASSED] - Statement - counter = counter + 1: null

2018-12-05 12:48:43 - [TEST_STEP][PASSED] - Statement - PreSaveFile = new java.io.File(((pathPrefix + java.lang.Integer.toString(counter)) + .png)): null

2018-12-05 12:48:43 - [TEST_STEP][PASSED] - Statement - counter = counter + 1: null

2018-12-05 12:48:43 - [TEST_STEP][PASSED] - Statement - PreSaveFile = new java.io.File(((pathPrefix + java.lang.Integer.toString(counter)) + .png)): null

2018-12-05 12:48:43 - [TEST_STEP][PASSED] - Statement - counter = counter + 1: null

2018-12-05 12:48:43 - [TEST_STEP][PASSED] - Statement - PreSaveFile = new java.io.File(((pathPrefix + java.lang.Integer.toString(counter)) + .png)): null

2018-12-05 12:48:43 - [TEST_STEP][PASSED] - Statement - counter = counter + 1: null

2018-12-05 12:48:43 - [TEST_STEP][PASSED] - Statement - PreSaveFile = new java.io.File(((pathPrefix + java.lang.Integer.toString(counter)) + .png)): null

2018-12-05 12:48:43 - [TEST_STEP][PASSED] - Statement - counter = counter + 1: null

2018-12-05 12:48:43 - [TEST_STEP][PASSED] - Statement - PreSaveFile = new java.io.File(((pathPrefix + java.lang.Integer.toString(counter)) + .png)): null

2018-12-05 12:48:43 - [TEST_STEP][PASSED] - Statement - counter = counter + 1: null

2018-12-05 12:48:43 - [TEST_STEP][PASSED] - Statement - PreSaveFile = new java.io.File(((pathPrefix + java.lang.Integer.toString(counter)) + .png)): null

2018-12-05 12:48:43 - [TEST_STEP][PASSED] - Statement - counter = counter + 1: null

2018-12-05 12:48:44 - [TEST_STEP][PASSED] - Statement - PreSaveFile = new java.io.File(((pathPrefix + java.lang.Integer.toString(counter)) + .png)): null

2018-12-05 12:48:44 - [TEST_STEP][PASSED] - Statement - counter = counter + 1: null

2018-12-05 12:48:44 - [TEST_STEP][PASSED] - Statement - PreSaveFile = new java.io.File(((pathPrefix + java.lang.Integer.toString(counter)) + .png)): null

2018-12-05 12:48:44 - [TEST_STEP][PASSED] - Statement - counter = counter + 1: null

2018-12-05 12:48:44 - [TEST_STEP][PASSED] - Statement - PreSaveFile = new java.io.File(((pathPrefix + java.lang.Integer.toString(counter)) + .png)): null

2018-12-05 12:48:44 - [TEST_STEP][PASSED] - Statement - counter = counter + 1: null

2018-12-05 12:48:44 - [TEST_STEP][PASSED] - Statement - PreSaveFile = new java.io.File(((pathPrefix + java.lang.Integer.toString(counter)) + .png)): null

2018-12-05 12:48:44 - [TEST_STEP][PASSED] - Statement - counter = counter + 1: null

2018-12-05 12:48:44 - [TEST_STEP][PASSED] - Statement - PreSaveFile = new java.io.File(((pathPrefix + java.lang.Integer.toString(counter)) + .png)): null

2018-12-05 12:48:44 - [TEST_STEP][PASSED] - Statement - counter = counter + 1: null

2018-12-05 12:48:44 - [TEST_STEP][PASSED] - Statement - PreSaveFile = new java.io.File(((pathPrefix + java.lang.Integer.toString(counter)) + .png)): null

2018-12-05 12:48:44 - [TEST_STEP][PASSED] - Statement - counter = counter + 1: null

2018-12-05 12:48:44 - [TEST_STEP][PASSED] - Statement - PreSaveFile = new java.io.File(((pathPrefix + java.lang.Integer.toString(counter)) + .png)): null

2018-12-05 12:48:44 - [TEST_STEP][PASSED] - Statement - counter = counter + 1: null

2018-12-05 12:48:44 - [TEST_STEP][PASSED] - Statement - PreSaveFile = new java.io.File(((pathPrefix + java.lang.Integer.toString(counter)) + .png)): null

2018-12-05 12:48:44 - [TEST_STEP][PASSED] - Statement - counter = counter + 1: null

2018-12-05 12:48:44 - [TEST_STEP][PASSED] - Statement - PreSaveFile = new java.io.File(((pathPrefix + java.lang.Integer.toString(counter)) + .png)): null

2018-12-05 12:48:44 - [TEST_STEP][PASSED] - Statement - counter = counter + 1: null

2018-12-05 12:48:44 - [TEST_STEP][PASSED] - Statement - PreSaveFile = new java.io.File(((pathPrefix + java.lang.Integer.toString(counter)) + .png)): null

2018-12-05 12:48:44 - [TEST_STEP][PASSED] - Statement - counter = counter + 1: null

2018-12-05 12:48:44 - [TEST_STEP][PASSED] - Statement - PreSaveFile = new java.io.File(((pathPrefix + java.lang.Integer.toString(counter)) + .png)): null

2018-12-05 12:48:44 - [TEST_STEP][PASSED] - Statement - counter = counter + 1: null

2018-12-05 12:48:44 - [TEST_STEP][PASSED] - Statement - PreSaveFile = new java.io.File(((pathPrefix + java.lang.Integer.toString(counter)) + .png)): null

2018-12-05 12:48:44 - [TEST_STEP][PASSED] - Statement - counter = counter + 1: null

2018-12-05 12:48:44 - [TEST_STEP][PASSED] - Statement - PreSaveFile = new java.io.File(((pathPrefix + java.lang.Integer.toString(counter)) + .png)): null

2018-12-05 12:48:44 - [TEST_STEP][PASSED] - Statement - counter = counter + 1: null

2018-12-05 12:48:44 - [TEST_STEP][PASSED] - Statement - PreSaveFile = new java.io.File(((pathPrefix + java.lang.Integer.toString(counter)) + .png)): null

2018-12-05 12:48:44 - [TEST_STEP][PASSED] - Statement - counter = counter + 1: null

2018-12-05 12:48:44 - [TEST_STEP][PASSED] - Statement - PreSaveFile = new java.io.File(((pathPrefix + java.lang.Integer.toString(counter)) + .png)): null

2018-12-05 12:48:45 - [TEST_STEP][PASSED] - Statement - counter = counter + 1: null

2018-12-05 12:48:45 - [TEST_STEP][PASSED] - Statement - PreSaveFile = new java.io.File(((pathPrefix + java.lang.Integer.toString(counter)) + .png)): null

2018-12-05 12:48:45 - [TEST_STEP][PASSED] - Statement - counter = counter + 1: null

2018-12-05 12:48:45 - [TEST_STEP][PASSED] - Statement - PreSaveFile = new java.io.File(((pathPrefix + java.lang.Integer.toString(counter)) + .png)): null

2018-12-05 12:48:45 - [TEST_STEP][PASSED] - Statement - counter = counter + 1: null

2018-12-05 12:48:45 - [TEST_STEP][PASSED] - Statement - PreSaveFile = new java.io.File(((pathPrefix + java.lang.Integer.toString(counter)) + .png)): null

2018-12-05 12:48:45 - [TEST_STEP][PASSED] - Statement - counter = counter + 1: null

2018-12-05 12:48:45 - [TEST_STEP][PASSED] - Statement - PreSaveFile = new java.io.File(((pathPrefix + java.lang.Integer.toString(counter)) + .png)): null

2018-12-05 12:48:45 - [TEST_STEP][PASSED] - Statement - counter = counter + 1: null

2018-12-05 12:48:45 - [TEST_STEP][PASSED] - Statement - PreSaveFile = new java.io.File(((pathPrefix + java.lang.Integer.toString(counter)) + .png)): null

2018-12-05 12:48:45 - [TEST_STEP][PASSED] - Statement - counter = counter + 1: null

2018-12-05 12:48:45 - [TEST_STEP][PASSED] - Statement - PreSaveFile = new java.io.File(((pathPrefix + java.lang.Integer.toString(counter)) + .png)): null

2018-12-05 12:48:45 - [TEST_STEP][PASSED] - Statement - counter = counter + 1: null

2018-12-05 12:48:45 - [TEST_STEP][PASSED] - Statement - PreSaveFile = new java.io.File(((pathPrefix + java.lang.Integer.toString(counter)) + .png)): null

2018-12-05 12:48:45 - [TEST_STEP][PASSED] - Statement - counter = counter + 1: null

2018-12-05 12:48:45 - [TEST_STEP][PASSED] - Statement - PreSaveFile = new java.io.File(((pathPrefix + java.lang.Integer.toString(counter)) + .png)): null

2018-12-05 12:48:45 - [TEST_STEP][PASSED] - Statement - counter = counter + 1: null

2018-12-05 12:48:45 - [TEST_STEP][PASSED] - Statement - PreSaveFile = new java.io.File(((pathPrefix + java.lang.Integer.toString(counter)) + .png)): null

2018-12-05 12:48:45 - [TEST_STEP][PASSED] - Statement - counter = counter + 1: null

2018-12-05 12:48:45 - [TEST_STEP][PASSED] - Statement - PreSaveFile = new java.io.File(((pathPrefix + java.lang.Integer.toString(counter)) + .png)): null

2018-12-05 12:48:45 - [TEST_STEP][PASSED] - Statement - counter = counter + 1: null

2018-12-05 12:48:45 - [TEST_STEP][PASSED] - Statement - PreSaveFile = new java.io.File(((pathPrefix + java.lang.Integer.toString(counter)) + .png)): null

2018-12-05 12:48:45 - [TEST_STEP][PASSED] - Statement - counter = counter + 1: null

2018-12-05 12:48:45 - [TEST_STEP][PASSED] - Statement - PreSaveFile = new java.io.File(((pathPrefix + java.lang.Integer.toString(counter)) + .png)): null

2018-12-05 12:48:45 - [TEST_STEP][PASSED] - Statement - counter = counter + 1: null

2018-12-05 12:48:45 - [TEST_STEP][PASSED] - Statement - PreSaveFile = new java.io.File(((pathPrefix + java.lang.Integer.toString(counter)) + .png)): null

2018-12-05 12:48:45 - [TEST_STEP][PASSED] - Statement - counter = counter + 1: null

2018-12-05 12:48:45 - [TEST_STEP][PASSED] - Statement - PreSaveFile = new java.io.File(((pathPrefix + java.lang.Integer.toString(counter)) + .png)): null

2018-12-05 12:48:45 - [TEST_STEP][PASSED] - Statement - counter = counter + 1: null

2018-12-05 12:48:45 - [TEST_STEP][PASSED] - Statement - PreSaveFile = new java.io.File(((pathPrefix + java.lang.Integer.toString(counter)) + .png)): null

2018-12-05 12:48:45 - [TEST_STEP][PASSED] - Statement - counter = counter + 1: null

2018-12-05 12:48:45 - [TEST_STEP][PASSED] - Statement - PreSaveFile = new java.io.File(((pathPrefix + java.lang.Integer.toString(counter)) + .png)): null

2018-12-05 12:48:45 - [TEST_STEP][PASSED] - Statement - counter = counter + 1: null

2018-12-05 12:48:45 - [TEST_STEP][PASSED] - Statement - PreSaveFile = new java.io.File(((pathPrefix + java.lang.Integer.toString(counter)) + .png)): null

2018-12-05 12:48:45 - [TEST_STEP][PASSED] - Statement - counter = counter + 1: null

2018-12-05 12:48:45 - [TEST_STEP][PASSED] - Statement - PreSaveFile = new java.io.File(((pathPrefix + java.lang.Integer.toString(counter)) + .png)): null

2018-12-05 12:48:45 - [TEST_STEP][PASSED] - Statement - counter = counter + 1: null

2018-12-05 12:48:45 - [TEST_STEP][PASSED] - Statement - PreSaveFile = new java.io.File(((pathPrefix + java.lang.Integer.toString(counter)) + .png)): null

2018-12-05 12:48:46 - [TEST_STEP][PASSED] - Statement - counter = counter + 1: null

2018-12-05 12:48:46 - [TEST_STEP][PASSED] - Statement - PreSaveFile = new java.io.File(((pathPrefix + java.lang.Integer.toString(counter)) + .png)): null

2018-12-05 12:48:46 - [TEST_STEP][PASSED] - Statement - counter = counter + 1: null

2018-12-05 12:48:46 - [TEST_STEP][PASSED] - Statement - PreSaveFile = new java.io.File(((pathPrefix + java.lang.Integer.toString(counter)) + .png)): null

2018-12-05 12:48:46 - [TEST_STEP][PASSED] - Statement - counter = counter + 1: null

2018-12-05 12:48:46 - [TEST_STEP][PASSED] - Statement - PreSaveFile = new java.io.File(((pathPrefix + java.lang.Integer.toString(counter)) + .png)): null

2018-12-05 12:48:46 - [TEST_STEP][PASSED] - Statement - counter = counter + 1: null

2018-12-05 12:48:46 - [TEST_STEP][PASSED] - Statement - PreSaveFile = new java.io.File(((pathPrefix + java.lang.Integer.toString(counter)) + .png)): null

2018-12-05 12:48:46 - [TEST_STEP][PASSED] - Statement - counter = counter + 1: null

2018-12-05 12:48:46 - [TEST_STEP][PASSED] - Statement - PreSaveFile = new java.io.File(((pathPrefix + java.lang.Integer.toString(counter)) + .png)): null

2018-12-05 12:48:46 - [TEST_STEP][PASSED] - Statement - counter = counter + 1: null

2018-12-05 12:48:46 - [TEST_STEP][PASSED] - Statement - PreSaveFile = new java.io.File(((pathPrefix + java.lang.Integer.toString(counter)) + .png)): null

2018-12-05 12:48:46 - [TEST_STEP][PASSED] - Statement - counter = counter + 1: null

2018-12-05 12:48:46 - [TEST_STEP][PASSED] - Statement - PreSaveFile = new java.io.File(((pathPrefix + java.lang.Integer.toString(counter)) + .png)): null

2018-12-05 12:48:46 - [TEST_STEP][PASSED] - Statement - counter = counter + 1: null

2018-12-05 12:48:46 - [TEST_STEP][PASSED] - Statement - PreSaveFile = new java.io.File(((pathPrefix + java.lang.Integer.toString(counter)) + .png)): null

2018-12-05 12:48:46 - [TEST_STEP][PASSED] - Statement - counter = counter + 1: null

2018-12-05 12:48:46 - [TEST_STEP][PASSED] - Statement - PreSaveFile = new java.io.File(((pathPrefix + java.lang.Integer.toString(counter)) + .png)): null

2018-12-05 12:48:46 - [TEST_STEP][PASSED] - Statement - counter = counter + 1: null

2018-12-05 12:48:46 - [TEST_STEP][PASSED] - Statement - PreSaveFile = new java.io.File(((pathPrefix + java.lang.Integer.toString(counter)) + .png)): null

2018-12-05 12:48:46 - [TEST_STEP][PASSED] - Statement - counter = counter + 1: null

2018-12-05 12:48:46 - [TEST_STEP][PASSED] - Statement - PreSaveFile = new java.io.File(((pathPrefix + java.lang.Integer.toString(counter)) + .png)): null

2018-12-05 12:48:46 - [TEST_STEP][PASSED] - Statement - counter = counter + 1: null

2018-12-05 12:48:46 - [TEST_STEP][PASSED] - Statement - PreSaveFile = new java.io.File(((pathPrefix + java.lang.Integer.toString(counter)) + .png)): null

2018-12-05 12:48:46 - [TEST_STEP][PASSED] - Statement - counter = counter + 1: null

2018-12-05 12:48:46 - [TEST_STEP][PASSED] - Statement - PreSaveFile = new java.io.File(((pathPrefix + java.lang.Integer.toString(counter)) + .png)): null

2018-12-05 12:48:46 - [TEST_STEP][PASSED] - Statement - counter = counter + 1: null

2018-12-05 12:48:46 - [TEST_STEP][PASSED] - Statement - PreSaveFile = new java.io.File(((pathPrefix + java.lang.Integer.toString(counter)) + .png)): null

2018-12-05 12:48:46 - [TEST_STEP][PASSED] - Statement - counter = counter + 1: null

2018-12-05 12:48:47 - [TEST_STEP][PASSED] - Statement - PreSaveFile = new java.io.File(((pathPrefix + java.lang.Integer.toString(counter)) + .png)): null

2018-12-05 12:48:47 - [TEST_STEP][PASSED] - Statement - counter = counter + 1: null

2018-12-05 12:48:47 - [TEST_STEP][PASSED] - Statement - PreSaveFile = new java.io.File(((pathPrefix + java.lang.Integer.toString(counter)) + .png)): null

2018-12-05 12:48:47 - [TEST_STEP][PASSED] - Statement - counter = counter + 1: null

2018-12-05 12:48:47 - [TEST_STEP][PASSED] - Statement - PreSaveFile = new java.io.File(((pathPrefix + java.lang.Integer.toString(counter)) + .png)): null

2018-12-05 12:48:47 - [TEST_STEP][PASSED] - Statement - counter = counter + 1: null

2018-12-05 12:48:47 - [TEST_STEP][PASSED] - Statement - PreSaveFile = new java.io.File(((pathPrefix + java.lang.Integer.toString(counter)) + .png)): null

2018-12-05 12:48:47 - [TEST_STEP][PASSED] - Statement - counter = counter + 1: null

2018-12-05 12:48:47 - [TEST_STEP][PASSED] - Statement - PreSaveFile = new java.io.File(((pathPrefix + java.lang.Integer.toString(counter)) + .png)): null

2018-12-05 12:48:47 - [TEST_STEP][PASSED] - Statement - counter = counter + 1: null

2018-12-05 12:48:47 - [TEST_STEP][PASSED] - Statement - PreSaveFile = new java.io.File(((pathPrefix + java.lang.Integer.toString(counter)) + .png)): null

2018-12-05 12:48:47 - [TEST_STEP][PASSED] - Statement - counter = counter + 1: null

2018-12-05 12:48:47 - [TEST_STEP][PASSED] - Statement - PreSaveFile = new java.io.File(((pathPrefix + java.lang.Integer.toString(counter)) + .png)): null

2018-12-05 12:48:47 - [TEST_STEP][PASSED] - Statement - counter = counter + 1: null

2018-12-05 12:48:47 - [TEST_STEP][PASSED] - Statement - PreSaveFile = new java.io.File(((pathPrefix + java.lang.Integer.toString(counter)) + .png)): null

2018-12-05 12:48:47 - [TEST_STEP][PASSED] - Statement - counter = counter + 1: null

2018-12-05 12:48:47 - [TEST_STEP][PASSED] - Statement - PreSaveFile = new java.io.File(((pathPrefix + java.lang.Integer.toString(counter)) + .png)): null

2018-12-05 12:48:47 - [TEST_STEP][PASSED] - Statement - counter = counter + 1: null

2018-12-05 12:48:47 - [TEST_STEP][PASSED] - Statement - PreSaveFile = new java.io.File(((pathPrefix + java.lang.Integer.toString(counter)) + .png)): null

2018-12-05 12:48:47 - [TEST_STEP][PASSED] - Statement - counter = counter + 1: null

2018-12-05 12:48:47 - [TEST_STEP][PASSED] - Statement - PreSaveFile = new java.io.File(((pathPrefix + java.lang.Integer.toString(counter)) + .png)): null

2018-12-05 12:48:47 - [TEST_STEP][PASSED] - Statement - counter = counter + 1: null

2018-12-05 12:48:47 - [TEST_STEP][PASSED] - Statement - PreSaveFile = new java.io.File(((pathPrefix + java.lang.Integer.toString(counter)) + .png)): null

2018-12-05 12:48:47 - [TEST_STEP][PASSED] - Statement - counter = counter + 1: null

2018-12-05 12:48:47 - [TEST_STEP][PASSED] - Statement - PreSaveFile = new java.io.File(((pathPrefix + java.lang.Integer.toString(counter)) + .png)): null

2018-12-05 12:48:47 - [TEST_STEP][PASSED] - Statement - counter = counter + 1: null

2018-12-05 12:48:47 - [TEST_STEP][PASSED] - Statement - PreSaveFile = new java.io.File(((pathPrefix + java.lang.Integer.toString(counter)) + .png)): null

2018-12-05 12:48:47 - [TEST_STEP][PASSED] - Statement - counter = counter + 1: null

2018-12-05 12:48:48 - [TEST_STEP][PASSED] - Statement - PreSaveFile = new java.io.File(((pathPrefix + java.lang.Integer.toString(counter)) + .png)): null

2018-12-05 12:48:48 - [TEST_STEP][PASSED] - Statement - counter = counter + 1: null

2018-12-05 12:48:48 - [TEST_STEP][PASSED] - Statement - PreSaveFile = new java.io.File(((pathPrefix + java.lang.Integer.toString(counter)) + .png)): null

2018-12-05 12:48:48 - [TEST_STEP][PASSED] - Statement - counter = counter + 1: null

2018-12-05 12:48:48 - [TEST_STEP][PASSED] - Statement - PreSaveFile = new java.io.File(((pathPrefix + java.lang.Integer.toString(counter)) + .png)): null

2018-12-05 12:48:48 - [TEST_STEP][PASSED] - Statement - counter = counter + 1: null

2018-12-05 12:48:48 - [TEST_STEP][PASSED] - Statement - PreSaveFile = new java.io.File(((pathPrefix + java.lang.Integer.toString(counter)) + .png)): null

2018-12-05 12:48:48 - [TEST_STEP][PASSED] - Statement - counter = counter + 1: null

2018-12-05 12:48:48 - [TEST_STEP][PASSED] - Statement - PreSaveFile = new java.io.File(((pathPrefix + java.lang.Integer.toString(counter)) + .png)): null

2018-12-05 12:48:48 - [TEST_STEP][PASSED] - Statement - counter = counter + 1: null

2018-12-05 12:48:48 - [TEST_STEP][PASSED] - Statement - PreSaveFile = new java.io.File(((pathPrefix + java.lang.Integer.toString(counter)) + .png)): null

2018-12-05 12:48:48 - [TEST_STEP][PASSED] - Statement - counter = counter + 1: null

2018-12-05 12:48:48 - [TEST_STEP][PASSED] - Statement - PreSaveFile = new java.io.File(((pathPrefix + java.lang.Integer.toString(counter)) + .png)): null

2018-12-05 12:48:48 - [TEST_STEP][PASSED] - Statement - counter = counter + 1: null

2018-12-05 12:48:48 - [TEST_STEP][PASSED] - Statement - PreSaveFile = new java.io.File(((pathPrefix + java.lang.Integer.toString(counter)) + .png)): null

2018-12-05 12:48:48 - [TEST_STEP][PASSED] - Statement - counter = counter + 1: null

2018-12-05 12:48:48 - [TEST_STEP][PASSED] - Statement - PreSaveFile = new java.io.File(((pathPrefix + java.lang.Integer.toString(counter)) + .png)): null

2018-12-05 12:48:48 - [TEST_STEP][PASSED] - Statement - counter = counter + 1: null

2018-12-05 12:48:48 - [TEST_STEP][PASSED] - Statement - PreSaveFile = new java.io.File(((pathPrefix + java.lang.Integer.toString(counter)) + .png)): null

2018-12-05 12:48:48 - [TEST_STEP][PASSED] - Statement - counter = counter + 1: null

2018-12-05 12:48:48 - [TEST_STEP][PASSED] - Statement - PreSaveFile = new java.io.File(((pathPrefix + java.lang.Integer.toString(counter)) + .png)): null

2018-12-05 12:48:48 - [TEST_STEP][PASSED] - Statement - counter = counter + 1: null

2018-12-05 12:48:48 - [TEST_STEP][PASSED] - Statement - PreSaveFile = new java.io.File(((pathPrefix + java.lang.Integer.toString(counter)) + .png)): null

2018-12-05 12:48:48 - [TEST_STEP][PASSED] - Statement - counter = counter + 1: null

2018-12-05 12:48:48 - [TEST_STEP][PASSED] - Statement - PreSaveFile = new java.io.File(((pathPrefix + java.lang.Integer.toString(counter)) + .png)): null

2018-12-05 12:48:48 - [TEST_STEP][PASSED] - Statement - counter = counter + 1: null

2018-12-05 12:48:48 - [TEST_STEP][PASSED] - Statement - PreSaveFile = new java.io.File(((pathPrefix + java.lang.Integer.toString(counter)) + .png)): null

2018-12-05 12:48:48 - [TEST_STEP][PASSED] - Statement - counter = counter + 1: null

2018-12-05 12:48:48 - [TEST_STEP][PASSED] - Statement - PreSaveFile = new java.io.File(((pathPrefix + java.lang.Integer.toString(counter)) + .png)): null

2018-12-05 12:48:48 - [TEST_STEP][PASSED] - Statement - counter = counter + 1: null

2018-12-05 12:48:49 - [TEST_STEP][PASSED] - Statement - PreSaveFile = new java.io.File(((pathPrefix + java.lang.Integer.toString(counter)) + .png)): null

2018-12-05 12:48:49 - [TEST_STEP][PASSED] - Statement - counter = counter + 1: null

2018-12-05 12:48:49 - [TEST_STEP][PASSED] - Statement - PreSaveFile = new java.io.File(((pathPrefix + java.lang.Integer.toString(counter)) + .png)): null

2018-12-05 12:48:49 - [TEST_STEP][PASSED] - Statement - counter = counter + 1: null

2018-12-05 12:48:49 - [TEST_STEP][PASSED] - Statement - PreSaveFile = new java.io.File(((pathPrefix + java.lang.Integer.toString(counter)) + .png)): null

2018-12-05 12:48:49 - [TEST_STEP][PASSED] - Statement - counter = counter + 1: null

2018-12-05 12:48:49 - [TEST_STEP][PASSED] - Statement - PreSaveFile = new java.io.File(((pathPrefix + java.lang.Integer.toString(counter)) + .png)): null

2018-12-05 12:48:49 - [TEST_STEP][PASSED] - Statement - counter = counter + 1: null

2018-12-05 12:48:49 - [TEST_STEP][PASSED] - Statement - PreSaveFile = new java.io.File(((pathPrefix + java.lang.Integer.toString(counter)) + .png)): null

2018-12-05 12:48:49 - [TEST_STEP][PASSED] - Statement - counter = counter + 1: null

2018-12-05 12:48:49 - [TEST_STEP][PASSED] - Statement - PreSaveFile = new java.io.File(((pathPrefix + java.lang.Integer.toString(counter)) + .png)): null

2018-12-05 12:48:49 - [TEST_STEP][PASSED] - Statement - counter = counter + 1: null

2018-12-05 12:48:49 - [TEST_STEP][PASSED] - Statement - PreSaveFile = new java.io.File(((pathPrefix + java.lang.Integer.toString(counter)) + .png)): null

2018-12-05 12:48:49 - [TEST_STEP][PASSED] - Statement - counter = counter + 1: null

2018-12-05 12:48:49 - [TEST_STEP][PASSED] - Statement - PreSaveFile = new java.io.File(((pathPrefix + java.lang.Integer.toString(counter)) + .png)): null

2018-12-05 12:48:49 - [TEST_STEP][PASSED] - Statement - counter = counter + 1: null

2018-12-05 12:48:49 - [TEST_STEP][PASSED] - Statement - PreSaveFile = new java.io.File(((pathPrefix + java.lang.Integer.toString(counter)) + .png)): null

2018-12-05 12:48:49 - [TEST_STEP][PASSED] - Statement - counter = counter + 1: null

2018-12-05 12:48:49 - [TEST_STEP][PASSED] - Statement - PreSaveFile = new java.io.File(((pathPrefix + java.lang.Integer.toString(counter)) + .png)): null

2018-12-05 12:48:49 - [TEST_STEP][PASSED] - Statement - counter = counter + 1: null

2018-12-05 12:48:49 - [TEST_STEP][PASSED] - Statement - PreSaveFile = new java.io.File(((pathPrefix + java.lang.Integer.toString(counter)) + .png)): null

2018-12-05 12:48:49 - [TEST_STEP][PASSED] - Statement - counter = counter + 1: null

2018-12-05 12:48:49 - [TEST_STEP][PASSED] - Statement - PreSaveFile = new java.io.File(((pathPrefix + java.lang.Integer.toString(counter)) + .png)): null

2018-12-05 12:48:49 - [TEST_STEP][PASSED] - Statement - counter = counter + 1: null

2018-12-05 12:48:49 - [TEST_STEP][PASSED] - Statement - PreSaveFile = new java.io.File(((pathPrefix + java.lang.Integer.toString(counter)) + .png)): null

2018-12-05 12:48:49 - [TEST_STEP][PASSED] - Statement - counter = counter + 1: null

2018-12-05 12:48:49 - [TEST_STEP][PASSED] - Statement - PreSaveFile = new java.io.File(((pathPrefix + java.lang.Integer.toString(counter)) + .png)): null

2018-12-05 12:48:49 - [TEST_STEP][PASSED] - Statement - counter = counter + 1: null

2018-12-05 12:48:50 - [TEST_STEP][PASSED] - Statement - PreSaveFile = new java.io.File(((pathPrefix + java.lang.Integer.toString(counter)) + .png)): null

2018-12-05 12:48:50 - [TEST_STEP][PASSED] - Statement - counter = counter + 1: null

2018-12-05 12:48:50 - [TEST_STEP][PASSED] - Statement - PreSaveFile = new java.io.File(((pathPrefix + java.lang.Integer.toString(counter)) + .png)): null

2018-12-05 12:48:50 - [TEST_STEP][PASSED] - Statement - counter = counter + 1: null

2018-12-05 12:48:50 - [TEST_STEP][PASSED] - Statement - PreSaveFile = new java.io.File(((pathPrefix + java.lang.Integer.toString(counter)) + .png)): null

2018-12-05 12:48:50 - [TEST_STEP][PASSED] - Statement - counter = counter + 1: null

2018-12-05 12:48:50 - [TEST_STEP][PASSED] - Statement - PreSaveFile = new java.io.File(((pathPrefix + java.lang.Integer.toString(counter)) + .png)): null

2018-12-05 12:48:50 - [TEST_STEP][PASSED] - Statement - counter = counter + 1: null

2018-12-05 12:48:50 - [TEST_STEP][PASSED] - Statement - PreSaveFile = new java.io.File(((pathPrefix + java.lang.Integer.toString(counter)) + .png)): null

2018-12-05 12:48:50 - [TEST_STEP][PASSED] - Statement - counter = counter + 1: null

2018-12-05 12:48:50 - [TEST_STEP][PASSED] - Statement - PreSaveFile = new java.io.File(((pathPrefix + java.lang.Integer.toString(counter)) + .png)): null

2018-12-05 12:48:50 - [TEST_STEP][PASSED] - Statement - counter = counter + 1: null

2018-12-05 12:48:50 - [TEST_STEP][PASSED] - Statement - PreSaveFile = new java.io.File(((pathPrefix + java.lang.Integer.toString(counter)) + .png)): null

2018-12-05 12:48:50 - [TEST_STEP][PASSED] - Statement - counter = counter + 1: null

2018-12-05 12:48:50 - [TEST_STEP][PASSED] - Statement - PreSaveFile = new java.io.File(((pathPrefix + java.lang.Integer.toString(counter)) + .png)): null

2018-12-05 12:48:50 - [TEST_STEP][PASSED] - Statement - counter = counter + 1: null

2018-12-05 12:48:50 - [TEST_STEP][PASSED] - Statement - PreSaveFile = new java.io.File(((pathPrefix + java.lang.Integer.toString(counter)) + .png)): null

2018-12-05 12:48:50 - [TEST_STEP][PASSED] - Statement - counter = counter + 1: null

2018-12-05 12:48:50 - [TEST_STEP][PASSED] - Statement - PreSaveFile = new java.io.File(((pathPrefix + java.lang.Integer.toString(counter)) + .png)): null

2018-12-05 12:48:50 - [TEST_STEP][PASSED] - Statement - counter = counter + 1: null

2018-12-05 12:48:50 - [TEST_STEP][PASSED] - Statement - PreSaveFile = new java.io.File(((pathPrefix + java.lang.Integer.toString(counter)) + .png)): null

2018-12-05 12:48:50 - [TEST_STEP][PASSED] - Statement - counter = counter + 1: null

2018-12-05 12:48:50 - [TEST_STEP][PASSED] - Statement - PreSaveFile = new java.io.File(((pathPrefix + java.lang.Integer.toString(counter)) + .png)): null

2018-12-05 12:48:50 - [TEST_STEP][PASSED] - Statement - counter = counter + 1: null

2018-12-05 12:48:50 - [TEST_STEP][PASSED] - Statement - PreSaveFile = new java.io.File(((pathPrefix + java.lang.Integer.toString(counter)) + .png)): null

2018-12-05 12:48:50 - [TEST_STEP][PASSED] - Statement - counter = counter + 1: null

2018-12-05 12:48:50 - [TEST_STEP][PASSED] - Statement - PreSaveFile = new java.io.File(((pathPrefix + java.lang.Integer.toString(counter)) + .png)): null

2018-12-05 12:48:50 - [TEST_STEP][PASSED] - Statement - counter = counter + 1: null

2018-12-05 12:48:50 - [TEST_STEP][PASSED] - Statement - PreSaveFile = new java.io.File(((pathPrefix + java.lang.Integer.toString(counter)) + .png)): null

2018-12-05 12:48:51 - [TEST_STEP][PASSED] - Statement - counter = counter + 1: null

2018-12-05 12:48:51 - [TEST_STEP][PASSED] - Statement - PreSaveFile = new java.io.File(((pathPrefix + java.lang.Integer.toString(counter)) + .png)): null

2018-12-05 12:48:51 - [TEST_STEP][PASSED] - Statement - counter = counter + 1: null

2018-12-05 12:48:51 - [TEST_STEP][PASSED] - Statement - PreSaveFile = new java.io.File(((pathPrefix + java.lang.Integer.toString(counter)) + .png)): null

2018-12-05 12:48:51 - [TEST_STEP][PASSED] - Statement - counter = counter + 1: null

2018-12-05 12:48:51 - [TEST_STEP][PASSED] - Statement - PreSaveFile = new java.io.File(((pathPrefix + java.lang.Integer.toString(counter)) + .png)): null

2018-12-05 12:48:51 - [TEST_STEP][PASSED] - Statement - counter = counter + 1: null

2018-12-05 12:48:51 - [TEST_STEP][PASSED] - Statement - PreSaveFile = new java.io.File(((pathPrefix + java.lang.Integer.toString(counter)) + .png)): null

2018-12-05 12:48:51 - [TEST_STEP][PASSED] - Statement - counter = counter + 1: null

2018-12-05 12:48:51 - [TEST_STEP][PASSED] - Statement - PreSaveFile = new java.io.File(((pathPrefix + java.lang.Integer.toString(counter)) + .png)): null

2018-12-05 12:48:51 - [TEST_STEP][PASSED] - Statement - counter = counter + 1: null

2018-12-05 12:48:51 - [TEST_STEP][PASSED] - Statement - PreSaveFile = new java.io.File(((pathPrefix + java.lang.Integer.toString(counter)) + .png)): null

2018-12-05 12:48:51 - [TEST_STEP][PASSED] - Statement - counter = counter + 1: null

2018-12-05 12:48:51 - [TEST_STEP][PASSED] - Statement - PreSaveFile = new java.io.File(((pathPrefix + java.lang.Integer.toString(counter)) + .png)): null

2018-12-05 12:48:51 - [TEST_STEP][PASSED] - Statement - counter = counter + 1: null

2018-12-05 12:48:51 - [TEST_STEP][PASSED] - Statement - PreSaveFile = new java.io.File(((pathPrefix + java.lang.Integer.toString(counter)) + .png)): null

2018-12-05 12:48:51 - [TEST_STEP][PASSED] - Statement - counter = counter + 1: null

2018-12-05 12:48:51 - [TEST_STEP][PASSED] - Statement - PreSaveFile = new java.io.File(((pathPrefix + java.lang.Integer.toString(counter)) + .png)): null

2018-12-05 12:48:51 - [TEST_STEP][PASSED] - Statement - counter = counter + 1: null

2018-12-05 12:48:51 - [TEST_STEP][PASSED] - Statement - PreSaveFile = new java.io.File(((pathPrefix + java.lang.Integer.toString(counter)) + .png)): null

2018-12-05 12:48:51 - [TEST_STEP][PASSED] - Statement - finalPath = pathPrefix + java.lang.Integer.toString(counter) + ".png": null

2018-12-05 12:48:51 - [TEST_STEP][PASSED] - Statement - SaveFile = new java.io.File(finalPath): null

2018-12-05 12:48:51 - [TEST_STEP][PASSED] - Statement - Try: null

2018-12-05 12:48:51 - [TEST_STEP][PASSED] - Statement - org.apache.commons.io.FileUtils.copyFile(scrFile, SaveFile): null

2018-12-05 12:48:51 - [TEST_STEP][PASSED] - Statement - out.println("file kept"): null

2018-12-05 12:48:51 - [TEST_STEP][PASSED] - delay: Delayed 10 second(s)

2018-12-05 12:49:01 - [MESSAGE][PASSED] - Delayed 10 second(s)

2018-12-05 12:49:01 - [MESSAGE][PASSED] - Call Test Case 'Test Cases/Final Aug 2018 - PKS Automation/Registration Module/New Registration/Submit and Screenshot/Submit Registration and Screenshot' successfully

2018-12-05 12:49:01 - [TEST_STEP][PASSED] - delay: Delayed 5 second(s)

2018-12-05 12:49:06 - [MESSAGE][PASSED] - Delayed 5 second(s)

2018-12-05 12:49:06 - [TEST_STEP][PASSED] - callTestCase: Call Test Case 'Test Cases/Final Aug 2018 - PKS Automation/Registration Module/Log Out/log out avoiding katalon tagging' successfully

2018-12-05 12:49:06 - [TEST_CASE][PASSED] - Test Cases/Final Aug 2018 - PKS Automation/Registration Module/Log Out/log out avoiding katalon tagging: Test Cases/Final Aug 2018 - PKS Automation/Registration Module/Log Out/log out avoiding katalon tagging

2018-12-05 12:49:06 - [TEST_STEP][PASSED] - navigateToUrl: Navigate to 'https://assist2-uat.perkeso.gov.my/c/portal/logout' successfully

2018-12-05 12:49:08 - [MESSAGE][PASSED] - Navigate to 'https://assist2-uat.perkeso.gov.my/c/portal/logout' successfully

2018-12-05 12:49:08 - [MESSAGE][PASSED] - Call Test Case 'Test Cases/Final Aug 2018 - PKS Automation/Registration Module/Log Out/log out avoiding katalon tagging' successfully

2018-12-05 12:49:08 - [TEST_STEP][PASSED] - callTestCase: Call Test Case 'Test Cases/Final Aug 2018 - PKS Automation/Common/Workflow Owner Finder' successfully

2018-12-05 12:49:08 - [TEST_CASE][PASSED] - Test Cases/Final Aug 2018 - PKS Automation/Common/Workflow Owner Finder: Test Cases/Final Aug 2018 - PKS Automation/Common/Workflow Owner Finder

2018-12-05 12:49:08 - [TEST_STEP][PASSED] - openBrowser: Browser is opened with url: ''

2018-12-05 12:49:08 - [MESSAGE][WARNING] - A browser is already opened. Closing browser and opening a new one

2018-12-05 12:49:13 - [MESSAGE][PASSED] - Browser is opened with url: ''

2018-12-05 12:49:13 - [TEST_STEP][PASSED] - navigateToUrl: Navigate to 'https://assist2-uat.perkeso.gov.my/login' successfully

2018-12-05 12:49:14 - [MESSAGE][PASSED] - Navigate to 'https://assist2-uat.perkeso.gov.my/login' successfully

2018-12-05 12:49:14 - [TEST_STEP][PASSED] - delay: Delayed 5 second(s)

2018-12-05 12:49:19 - [MESSAGE][PASSED] - Delayed 5 second(s)

2018-12-05 12:49:19 - [TEST_STEP][PASSED] - setText: Text 'test@liferay.com' is set on object 'Object Repository/Final Object Repo/Login Page/Internal User/Email Address'

2018-12-05 12:49:19 - [MESSAGE][PASSED] - Text 'test@liferay.com' is set on object 'Object Repository/Final Object Repo/Login Page/Internal User/Email Address'

2018-12-05 12:49:19 - [TEST_STEP][PASSED] - click: Object: 'Object Repository/Final Object Repo/Login Page/Internal User/Next Button' is clicked on

2018-12-05 12:49:20 - [MESSAGE][PASSED] - Object: 'Object Repository/Final Object Repo/Login Page/Internal User/Next Button' is clicked on

2018-12-05 12:49:20 - [TEST_STEP][PASSED] - delay: Delayed 2 second(s)

2018-12-05 12:49:22 - [MESSAGE][PASSED] - Delayed 2 second(s)

2018-12-05 12:49:22 - [TEST_STEP][PASSED] - setText: Text 'test' is set on object 'Object Repository/Final Object Repo/Login Page/Internal User/Password'

2018-12-05 12:49:22 - [MESSAGE][PASSED] - Text 'test' is set on object 'Object Repository/Final Object Repo/Login Page/Internal User/Password'

2018-12-05 12:49:22 - [TEST_STEP][PASSED] - delay: Delayed 2 second(s)

2018-12-05 12:49:24 - [MESSAGE][PASSED] - Delayed 2 second(s)

2018-12-05 12:49:24 - [TEST_STEP][PASSED] - click: Object: 'Object Repository/Final Object Repo/Login Page/Internal User/Login Button' is clicked on

2018-12-05 12:49:24 - [MESSAGE][PASSED] - Object: 'Object Repository/Final Object Repo/Login Page/Internal User/Login Button' is clicked on

2018-12-05 12:49:24 - [TEST_STEP][PASSED] - Statement - tester = com.kms.katalon.core.testobject.ObjectRepository.findTestObject(Final Object Repo/Landing Page/Select to English): Finding Test Object with id 'Object Repository/Final Object Repo/Landing Page/Select to English'

2018-12-05 12:49:24 - [TEST_STEP][PASSED] - Statement - Try: Delayed 2 second(s)

2018-12-05 12:49:24 - [TEST_STEP][PASSED] - Statement - Checker = com.kms.katalon.core.webui.keyword.WebUiBuiltInKeywords.verifyElementNotPresent(tester, 3): Web element with id: 'Object Repository/Final Object Repo/Landing Page/Select to English' located by 'By.xpath: //a[@class = 'taglib-language-list-text' and @lang = 'en-US' and (contains(text(), 'EN') or contains(., 'EN'))]' is not present after '3' second(s)

2018-12-05 12:49:27 - [MESSAGE][PASSED] - Web element with id: 'Object Repository/Final Object Repo/Landing Page/Select to English' located by 'By.xpath: //a[@class = 'taglib-language-list-text' and @lang = 'en-US' and (contains(text(), 'EN') or contains(., 'EN'))]' is not present after '3' second(s)

2018-12-05 12:49:27 - [TEST_STEP][PASSED] - Statement - If (Checker == false): null

2018-12-05 12:49:27 - [TEST_STEP][PASSED] - delay: Delayed 2 second(s)

2018-12-05 12:49:29 - [MESSAGE][PASSED] - Delayed 2 second(s)

2018-12-05 12:49:29 - [TEST_STEP][PASSED] - delay: Delayed 5 second(s)

2018-12-05 12:49:34 - [MESSAGE][PASSED] - Delayed 5 second(s)

2018-12-05 12:49:34 - [TEST_STEP][PASSED] - mouseOver: Object: 'Object Repository/Final Object Repo/Landing Page/WorkFlow Menu' is hovered

2018-12-05 12:49:34 - [MESSAGE][PASSED] - Object: 'Object Repository/Final Object Repo/Landing Page/WorkFlow Menu' is hovered

2018-12-05 12:49:34 - [TEST_STEP][PASSED] - delay: Delayed 2 second(s)

2018-12-05 12:49:36 - [MESSAGE][PASSED] - Delayed 2 second(s)

2018-12-05 12:49:36 - [TEST_STEP][PASSED] - click: Object: 'Object Repository/Final Object Repo/Landing Page/Select to Workflow Listing' is clicked on

2018-12-05 12:49:38 - [MESSAGE][PASSED] - Object: 'Object Repository/Final Object Repo/Landing Page/Select to Workflow Listing' is clicked on

2018-12-05 12:49:38 - [TEST_STEP][PASSED] - delay: Delayed 2 second(s)

2018-12-05 12:49:40 - [MESSAGE][PASSED] - Delayed 2 second(s)

2018-12-05 12:49:40 - [TEST_STEP][PASSED] - click: Object: 'Object Repository/Final Object Repo/WorkFlow Listing Page/Search Information - To Put Ref No' is clicked on

2018-12-05 12:49:40 - [MESSAGE][PASSED] - Object: 'Object Repository/Final Object Repo/WorkFlow Listing Page/Search Information - To Put Ref No' is clicked on

2018-12-05 12:49:40 - [TEST_STEP][PASSED] - delay: Delayed 2 second(s)

2018-12-05 12:49:42 - [MESSAGE][PASSED] - Delayed 2 second(s)

2018-12-05 12:49:42 - [TEST_STEP][PASSED] - callTestCase: Call Test Case 'Test Cases/Final Aug 2018 - PKS Automation/Common/Reference Number Getter' successfully

2018-12-05 12:49:42 - [TEST_CASE][PASSED] - Test Cases/Final Aug 2018 - PKS Automation/Common/Reference Number Getter: Test Cases/Final Aug 2018 - PKS Automation/Common/Reference Number Getter

2018-12-05 12:49:42 - [TEST_STEP][PASSED] - Statement - Try: null

2018-12-05 12:49:42 - [TEST_STEP][PASSED] - Statement - RefNo = new java.io.File(C://Users//Admin//Desktop//PKS//Automation Reference Point//KatalonReference.txt): null

2018-12-05 12:49:42 - [TEST_STEP][PASSED] - Statement - bufferread = new java.io.BufferedReader(new java.io.FileReader(RefNo)): null

2018-12-05 12:49:42 - [TEST_STEP][PASSED] - Statement - readedVal = bufferread.readLine(): null

2018-12-05 12:49:42 - [TEST_STEP][PASSED] - Statement - out.println(CaseReferenceNo): null

2018-12-05 12:49:42 - [TEST_STEP][PASSED] - Statement - out.println(readedVal): null

2018-12-05 12:49:42 - [TEST_STEP][PASSED] - Statement - CaseReferenceNo = "": null

2018-12-05 12:49:42 - [TEST_STEP][PASSED] - Statement - CaseReferenceNo = readedVal: null

2018-12-05 12:49:42 - [MESSAGE][PASSED] - Call Test Case 'Test Cases/Final Aug 2018 - PKS Automation/Common/Reference Number Getter' successfully

2018-12-05 12:49:42 - [TEST_STEP][PASSED] - setText: Text 'CRN12201800123007' is set on object 'Object Repository/Final Object Repo/WorkFlow Listing Page/Ref No Set Text'

2018-12-05 12:49:42 - [MESSAGE][PASSED] - Text 'CRN12201800123007' is set on object 'Object Repository/Final Object Repo/WorkFlow Listing Page/Ref No Set Text'

2018-12-05 12:49:42 - [TEST_STEP][PASSED] - delay: Delayed 2 second(s)

2018-12-05 12:49:44 - [MESSAGE][PASSED] - Delayed 2 second(s)

2018-12-05 12:49:44 - [TEST_STEP][PASSED] - click: Object: 'Object Repository/Final Object Repo/WorkFlow Listing Page/Search Ref No Search Button' is clicked on

2018-12-05 12:49:45 - [MESSAGE][PASSED] - Object: 'Object Repository/Final Object Repo/WorkFlow Listing Page/Search Ref No Search Button' is clicked on

2018-12-05 12:49:45 - [TEST_STEP][PASSED] - delay: Delayed 6 second(s)

2018-12-05 12:49:51 - [MESSAGE][PASSED] - Delayed 6 second(s)

2018-12-05 12:49:51 - [TEST_STEP][PASSED] - click: Object: 'Object Repository/Final Object Repo/WorkFlow Listing Page/Click Continue Tooltip' is clicked on

2018-12-05 12:49:52 - [MESSAGE][PASSED] - Object: 'Object Repository/Final Object Repo/WorkFlow Listing Page/Click Continue Tooltip' is clicked on

2018-12-05 12:49:52 - [TEST_STEP][PASSED] - delay: Delayed 5 second(s)

2018-12-05 12:49:57 - [MESSAGE][PASSED] - Delayed 5 second(s)

2018-12-05 12:49:57 - [TEST_STEP][PASSED] - doubleClick: Object: 'Object Repository/Final Object Repo/WorkFlow Listing Page/Workflow Found - Listing 1' is double clicked on

2018-12-05 12:49:57 - [MESSAGE][PASSED] - Object: 'Object Repository/Final Object Repo/WorkFlow Listing Page/Workflow Found - Listing 1' is double clicked on

2018-12-05 12:49:57 - [TEST_STEP][PASSED] - Statement - println(OwnerID): null

2018-12-05 12:49:57 - [TEST_STEP][PASSED] - Statement - OwnerID = com.kms.katalon.core.webui.keyword.WebUiBuiltInKeywords.getText(com.kms.katalon.core.testobject.ObjectRepository.findTestObject(Final Object Repo/WorkFlow Listing Page/Workflow Found - Listing 1), STOP_ON_FAILURE): Text of object 'Object Repository/Final Object Repo/WorkFlow Listing Page/Workflow Found - Listing 1' is: 'JOHORro1'

2018-12-05 12:49:57 - [MESSAGE][PASSED] - Text of object 'Object Repository/Final Object Repo/WorkFlow Listing Page/Workflow Found - Listing 1' is: 'JOHORro1'

2018-12-05 12:49:57 - [TEST_STEP][PASSED] - Statement - OwnerID = OwnerID.toLowerCase() + "@gmail.com": null

2018-12-05 12:49:57 - [TEST_STEP][PASSED] - Statement - println(OwnerID): null

2018-12-05 12:49:57 - [TEST_STEP][PASSED] - delay: Delayed 2 second(s)

2018-12-05 12:49:59 - [MESSAGE][PASSED] - Delayed 2 second(s)

2018-12-05 12:49:59 - [MESSAGE][PASSED] - Call Test Case 'Test Cases/Final Aug 2018 - PKS Automation/Common/Workflow Owner Finder' successfully

2018-12-05 12:49:59 - [TEST_STEP][PASSED] - callTestCase: Call Test Case 'Test Cases/Final Aug 2018 - PKS Automation/Registration Module/Log Out/log out avoiding katalon tagging' successfully

2018-12-05 12:50:00 - [TEST_CASE][PASSED] - Test Cases/Final Aug 2018 - PKS Automation/Registration Module/Log Out/log out avoiding katalon tagging: Test Cases/Final Aug 2018 - PKS Automation/Registration Module/Log Out/log out avoiding katalon tagging

2018-12-05 12:50:00 - [TEST_STEP][PASSED] - navigateToUrl: Navigate to 'https://assist2-uat.perkeso.gov.my/c/portal/logout' successfully

2018-12-05 12:50:01 - [MESSAGE][PASSED] - Navigate to 'https://assist2-uat.perkeso.gov.my/c/portal/logout' successfully

2018-12-05 12:50:01 - [MESSAGE][PASSED] - Call Test Case 'Test Cases/Final Aug 2018 - PKS Automation/Registration Module/Log Out/log out avoiding katalon tagging' successfully

2018-12-05 12:50:01 - [TEST_STEP][PASSED] - delay: Delayed 2 second(s)

2018-12-05 12:50:03 - [MESSAGE][PASSED] - Delayed 2 second(s)

2018-12-05 12:50:03 - [TEST_STEP][PASSED] - setText: Text 'johorro1@gmail.com' is set on object 'Object Repository/Final Object Repo/New Registration - Registration Module Pages/New Reg - OTC to RO/Special Case - All Related Objects/Email TextBox'

2018-12-05 12:50:03 - [MESSAGE][PASSED] - Text 'johorro1@gmail.com' is set on object 'Object Repository/Final Object Repo/New Registration - Registration Module Pages/New Reg - OTC to RO/Special Case - All Related Objects/Email TextBox'

2018-12-05 12:50:03 - [TEST_STEP][PASSED] - click: Object: 'Object Repository/Final Object Repo/New Registration - Registration Module Pages/New Reg - OTC to RO/Special Case - All Related Objects/Next Button' is clicked on

2018-12-05 12:50:03 - [MESSAGE][PASSED] - Object: 'Object Repository/Final Object Repo/New Registration - Registration Module Pages/New Reg - OTC to RO/Special Case - All Related Objects/Next Button' is clicked on

2018-12-05 12:50:03 - [TEST_STEP][PASSED] - delay: Delayed 2 second(s)

2018-12-05 12:50:05 - [MESSAGE][PASSED] - Delayed 2 second(s)

2018-12-05 12:50:05 - [TEST_STEP][PASSED] - setText: Text 'Test1@3456789' is set on object 'Object Repository/Final Object Repo/New Registration - Registration Module Pages/New Reg - OTC to RO/Special Case - All Related Objects/Password TextBox'

2018-12-05 12:50:05 - [MESSAGE][PASSED] - Text 'Test1@3456789' is set on object 'Object Repository/Final Object Repo/New Registration - Registration Module Pages/New Reg - OTC to RO/Special Case - All Related Objects/Password TextBox'

2018-12-05 12:50:05 - [TEST_STEP][PASSED] - delay: Delayed 2 second(s)

2018-12-05 12:50:07 - [MESSAGE][PASSED] - Delayed 2 second(s)

2018-12-05 12:50:07 - [TEST_STEP][PASSED] - click: Object: 'Object Repository/Final Object Repo/New Registration - Registration Module Pages/New Reg - OTC to RO/Special Case - All Related Objects/Login Button' is clicked on

2018-12-05 12:50:08 - [MESSAGE][PASSED] - Object: 'Object Repository/Final Object Repo/New Registration - Registration Module Pages/New Reg - OTC to RO/Special Case - All Related Objects/Login Button' is clicked on

2018-12-05 12:50:08 - [TEST_STEP][PASSED] - delay: Delayed 2 second(s)

2018-12-05 12:50:10 - [MESSAGE][PASSED] - Delayed 2 second(s)

2018-12-05 12:50:10 - [TEST_STEP][PASSED] - Statement - Try: null

2018-12-05 12:50:10 - [TEST_STEP][PASSED] - Statement - Checker = com.kms.katalon.core.webui.keyword.WebUiBuiltInKeywords.verifyElementNotPresent("Final Object Repo/Landing Page/Select to English", 3): null

2018-12-05 12:50:10 - [TEST_STEP][PASSED] - Statement - Catch (Exception e): null

2018-12-05 12:50:10 - [TEST_STEP][PASSED] - Statement - e.printStackTrace(): null

2018-12-05 12:50:10 - [TEST_STEP][PASSED] - click: Object: 'Object Repository/Final Object Repo/New Registration - Registration Module Pages/New Reg - OTC to RO/Special Case - All Related Objects/Expand to Search' is clicked on

2018-12-05 12:50:13 - [MESSAGE][PASSED] - Object: 'Object Repository/Final Object Repo/New Registration - Registration Module Pages/New Reg - OTC to RO/Special Case - All Related Objects/Expand to Search' is clicked on

2018-12-05 12:50:13 - [TEST_STEP][PASSED] - delay: Delayed 2 second(s)

2018-12-05 12:50:15 - [MESSAGE][PASSED] - Delayed 2 second(s)

2018-12-05 12:50:15 - [TEST_STEP][PASSED] - setText: Text 'CRN12201800123007' is set on object 'Object Repository/Final Object Repo/New Registration - Registration Module Pages/New Reg - OTC to RO/Special Case - All Related Objects/TextBox RefNo in Workbasket'

2018-12-05 12:50:16 - [MESSAGE][PASSED] - Text 'CRN12201800123007' is set on object 'Object Repository/Final Object Repo/New Registration - Registration Module Pages/New Reg - OTC to RO/Special Case - All Related Objects/TextBox RefNo in Workbasket'

2018-12-05 12:50:16 - [TEST_STEP][PASSED] - delay: Delayed 2 second(s)

2018-12-05 12:50:18 - [MESSAGE][PASSED] - Delayed 2 second(s)

2018-12-05 12:50:18 - [TEST_STEP][PASSED] - click: Object: 'Object Repository/Final Object Repo/New Registration - Registration Module Pages/New Reg - OTC to RO/Special Case - All Related Objects/Click Search' is clicked on

2018-12-05 12:50:18 - [MESSAGE][PASSED] - Object: 'Object Repository/Final Object Repo/New Registration - Registration Module Pages/New Reg - OTC to RO/Special Case - All Related Objects/Click Search' is clicked on

2018-12-05 12:50:18 - [TEST_STEP][PASSED] - delay: Delayed 2 second(s)

2018-12-05 12:50:20 - [MESSAGE][PASSED] - Delayed 2 second(s)

2018-12-05 12:50:20 - [TEST_STEP][PASSED] - click: Object: 'Object Repository/Final Object Repo/New Registration - Registration Module Pages/New Reg - OTC to RO/Special Case - All Related Objects/Click to Continue Workflow' is clicked on

2018-12-05 12:50:25 - [MESSAGE][PASSED] - Object: 'Object Repository/Final Object Repo/New Registration - Registration Module Pages/New Reg - OTC to RO/Special Case - All Related Objects/Click to Continue Workflow' is clicked on

2018-12-05 12:50:25 - [TEST_STEP][PASSED] - delay: Delayed 2 second(s)

2018-12-05 12:50:27 - [MESSAGE][PASSED] - Delayed 2 second(s)

2018-12-05 12:50:27 - [TEST_STEP][PASSED] - click: Object: 'Object Repository/Final Object Repo/New Registration - Registration Module Pages/New Reg - OTC to RO/Special Case - All Related Objects/Continue Button in verifying case' is clicked on

2018-12-05 12:50:30 - [MESSAGE][PASSED] - Object: 'Object Repository/Final Object Repo/New Registration - Registration Module Pages/New Reg - OTC to RO/Special Case - All Related Objects/Continue Button in verifying case' is clicked on

2018-12-05 12:50:30 - [TEST_STEP][PASSED] - delay: Delayed 2 second(s)

2018-12-05 12:50:32 - [MESSAGE][PASSED] - Delayed 2 second(s)

2018-12-05 12:50:32 - [TEST_STEP][PASSED] - click: Object: 'Object Repository/Final Object Repo/New Registration - Registration Module Pages/Form 1/Registered As a Branch - Yes' is clicked on

2018-12-05 12:50:32 - [MESSAGE][PASSED] - Object: 'Object Repository/Final Object Repo/New Registration - Registration Module Pages/Form 1/Registered As a Branch - Yes' is clicked on

2018-12-05 12:50:32 - [TEST_STEP][PASSED] - delay: Delayed 2 second(s)

2018-12-05 12:50:34 - [MESSAGE][PASSED] - Delayed 2 second(s)

2018-12-05 12:50:34 - [TEST_STEP][PASSED] - click: Object: 'Object Repository/Final Object Repo/New Registration - Registration Module Pages/New Reg - OTC to RO/Special Case - All Related Objects/Form 1 Save n Continue' is clicked on

2018-12-05 12:50:34 - [MESSAGE][PASSED] - Object: 'Object Repository/Final Object Repo/New Registration - Registration Module Pages/New Reg - OTC to RO/Special Case - All Related Objects/Form 1 Save n Continue' is clicked on

2018-12-05 12:50:34 - [TEST_STEP][PASSED] - delay: Delayed 2 second(s)

2018-12-05 12:50:36 - [MESSAGE][PASSED] - Delayed 2 second(s)

2018-12-05 12:50:36 - [TEST_STEP][PASSED] - click: Object: 'Object Repository/Final Object Repo/New Registration - Registration Module Pages/New Reg - OTC to RO/Special Case - All Related Objects/Form 2 Save n Continue' is clicked on

2018-12-05 12:50:37 - [MESSAGE][PASSED] - Object: 'Object Repository/Final Object Repo/New Registration - Registration Module Pages/New Reg - OTC to RO/Special Case - All Related Objects/Form 2 Save n Continue' is clicked on

2018-12-05 12:50:37 - [TEST_STEP][PASSED] - delay: Delayed 2 second(s)

2018-12-05 12:50:39 - [MESSAGE][PASSED] - Delayed 2 second(s)

2018-12-05 12:50:39 - [TEST_STEP][PASSED] - click: Object: 'Object Repository/Final Object Repo/New Registration - Registration Module Pages/New Reg - OTC to RO/Special Case - All Related Objects/Third Screen Save n Continue' is clicked on

2018-12-05 12:50:44 - [MESSAGE][PASSED] - Object: 'Object Repository/Final Object Repo/New Registration - Registration Module Pages/New Reg - OTC to RO/Special Case - All Related Objects/Third Screen Save n Continue' is clicked on

2018-12-05 12:50:44 - [TEST_STEP][PASSED] - delay: Delayed 5 second(s)

2018-12-05 12:50:49 - [MESSAGE][PASSED] - Delayed 5 second(s)

2018-12-05 12:50:49 - [TEST_STEP][PASSED] - click: Object: 'Object Repository/Final Object Repo/New Registration - Registration Module Pages/New Reg - OTC to RO/Special Case - All Related Objects/Upload Doc Page Save n Continue' is clicked on

2018-12-05 12:50:49 - [MESSAGE][PASSED] - Object: 'Object Repository/Final Object Repo/New Registration - Registration Module Pages/New Reg - OTC to RO/Special Case - All Related Objects/Upload Doc Page Save n Continue' is clicked on

2018-12-05 12:50:49 - [TEST_STEP][PASSED] - callTestCase: Call Test Case 'Test Cases/Final Aug 2018 - PKS Automation/Registration Module/New Registration/Submit and Screenshot/Submit Registration and Screenshot' successfully

2018-12-05 12:50:49 - [TEST_CASE][PASSED] - Test Cases/Final Aug 2018 - PKS Automation/Registration Module/New Registration/Submit and Screenshot/Submit Registration and Screenshot: Test Cases/Final Aug 2018 - PKS Automation/Registration Module/New Registration/Submit and Screenshot/Submit Registration and Screenshot

2018-12-05 12:50:49 - [TEST_STEP][PASSED] - delay: Delayed 6 second(s)

2018-12-05 12:50:56 - [MESSAGE][PASSED] - Delayed 6 second(s)

2018-12-05 12:50:56 - [TEST_STEP][PASSED] - click: Object: 'Object Repository/Final Object Repo/New Registration - Registration Module Pages/Third Screen - Upload Supporting Doc- Preview/Preview Submit Button' is clicked on

2018-12-05 12:50:56 - [MESSAGE][PASSED] - Object: 'Object Repository/Final Object Repo/New Registration - Registration Module Pages/Third Screen - Upload Supporting Doc- Preview/Preview Submit Button' is clicked on

2018-12-05 12:50:56 - [TEST_STEP][PASSED] - delay: Delayed 2 second(s)

2018-12-05 12:50:58 - [MESSAGE][PASSED] - Delayed 2 second(s)

2018-12-05 12:50:58 - [TEST_STEP][PASSED] - click: Object: 'Object Repository/Final Object Repo/New Registration - Registration Module Pages/Third Screen - Upload Supporting Doc- Preview/Preview Submit - Confirm' is clicked on

2018-12-05 12:50:58 - [MESSAGE][PASSED] - Object: 'Object Repository/Final Object Repo/New Registration - Registration Module Pages/Third Screen - Upload Supporting Doc- Preview/Preview Submit - Confirm' is clicked on

2018-12-05 12:50:58 - [TEST_STEP][PASSED] - delay: Delayed 15 second(s)

2018-12-05 12:51:13 - [MESSAGE][PASSED] - Delayed 15 second(s)

2018-12-05 12:51:13 - [TEST_STEP][PASSED] - Statement - driver = com.kms.katalon.core.webui.driver.DriverFactory.getWebDriver(): null

2018-12-05 12:51:13 - [TEST_STEP][PASSED] - Statement - driver.manage().timeouts().implicitlyWait(10, SECONDS): null

2018-12-05 12:51:13 - [TEST_STEP][PASSED] - Statement - PresavePath = KatalonScreenshots: null

2018-12-05 12:51:13 - [TEST_STEP][PASSED] - Statement - pathPrefix = "C:\Users\Public\Pictures\Sample Pictures\Katalon Screenshots\Automate Ending Screen": null

2018-12-05 12:51:13 - [TEST_STEP][PASSED] - Statement - finalPath = <not implemented yet for class: org.codehaus.groovy.ast.expr.EmptyExpression>: null

2018-12-05 12:51:13 - [TEST_STEP][PASSED] - Statement - scrFile = driver.getScreenshotAs(FILE): null

2018-12-05 12:51:13 - [TEST_STEP][PASSED] - Statement - PreSaveFile = new java.io.File(PresavePath): null

2018-12-05 12:51:13 - [TEST_STEP][PASSED] - Statement - counter = 0: null

2018-12-05 12:51:13 - [TEST_STEP][PASSED] - Statement - If (PreSaveFile.exists()): null

2018-12-05 12:51:13 - [TEST_STEP][PASSED] - Statement - While (PreSaveFile.exists()): null

2018-12-05 12:51:13 - [TEST_STEP][PASSED] - Statement - counter = counter + 1: null

2018-12-05 12:51:13 - [TEST_STEP][PASSED] - Statement - PreSaveFile = new java.io.File(((pathPrefix + java.lang.Integer.toString(counter)) + .png)): null

2018-12-05 12:51:13 - [TEST_STEP][PASSED] - Statement - counter = counter + 1: null

2018-12-05 12:51:13 - [TEST_STEP][PASSED] - Statement - PreSaveFile = new java.io.File(((pathPrefix + java.lang.Integer.toString(counter)) + .png)): null

2018-12-05 12:51:13 - [TEST_STEP][PASSED] - Statement - counter = counter + 1: null

2018-12-05 12:51:13 - [TEST_STEP][PASSED] - Statement - PreSaveFile = new java.io.File(((pathPrefix + java.lang.Integer.toString(counter)) + .png)): null

2018-12-05 12:51:13 - [TEST_STEP][PASSED] - Statement - counter = counter + 1: null

2018-12-05 12:51:13 - [TEST_STEP][PASSED] - Statement - PreSaveFile = new java.io.File(((pathPrefix + java.lang.Integer.toString(counter)) + .png)): null

2018-12-05 12:51:13 - [TEST_STEP][PASSED] - Statement - counter = counter + 1: null

2018-12-05 12:51:13 - [TEST_STEP][PASSED] - Statement - PreSaveFile = new java.io.File(((pathPrefix + java.lang.Integer.toString(counter)) + .png)): null

2018-12-05 12:51:13 - [TEST_STEP][PASSED] - Statement - counter = counter + 1: null

2018-12-05 12:51:13 - [TEST_STEP][PASSED] - Statement - PreSaveFile = new java.io.File(((pathPrefix + java.lang.Integer.toString(counter)) + .png)): null

2018-12-05 12:51:13 - [TEST_STEP][PASSED] - Statement - counter = counter + 1: null

2018-12-05 12:51:13 - [TEST_STEP][PASSED] - Statement - PreSaveFile = new java.io.File(((pathPrefix + java.lang.Integer.toString(counter)) + .png)): null

2018-12-05 12:51:13 - [TEST_STEP][PASSED] - Statement - counter = counter + 1: null

2018-12-05 12:51:13 - [TEST_STEP][PASSED] - Statement - PreSaveFile = new java.io.File(((pathPrefix + java.lang.Integer.toString(counter)) + .png)): null

2018-12-05 12:51:13 - [TEST_STEP][PASSED] - Statement - counter = counter + 1: null

2018-12-05 12:51:13 - [TEST_STEP][PASSED] - Statement - PreSaveFile = new java.io.File(((pathPrefix + java.lang.Integer.toString(counter)) + .png)): null

2018-12-05 12:51:13 - [TEST_STEP][PASSED] - Statement - counter = counter + 1: null

2018-12-05 12:51:13 - [TEST_STEP][PASSED] - Statement - PreSaveFile = new java.io.File(((pathPrefix + java.lang.Integer.toString(counter)) + .png)): null

2018-12-05 12:51:13 - [TEST_STEP][PASSED] - Statement - counter = counter + 1: null

2018-12-05 12:51:13 - [TEST_STEP][PASSED] - Statement - PreSaveFile = new java.io.File(((pathPrefix + java.lang.Integer.toString(counter)) + .png)): null

2018-12-05 12:51:13 - [TEST_STEP][PASSED] - Statement - counter = counter + 1: null

2018-12-05 12:51:13 - [TEST_STEP][PASSED] - Statement - PreSaveFile = new java.io.File(((pathPrefix + java.lang.Integer.toString(counter)) + .png)): null

2018-12-05 12:51:13 - [TEST_STEP][PASSED] - Statement - counter = counter + 1: null

2018-12-05 12:51:13 - [TEST_STEP][PASSED] - Statement - PreSaveFile = new java.io.File(((pathPrefix + java.lang.Integer.toString(counter)) + .png)): null

2018-12-05 12:51:13 - [TEST_STEP][PASSED] - Statement - counter = counter + 1: null

2018-12-05 12:51:13 - [TEST_STEP][PASSED] - Statement - PreSaveFile = new java.io.File(((pathPrefix + java.lang.Integer.toString(counter)) + .png)): null

2018-12-05 12:51:13 - [TEST_STEP][PASSED] - Statement - counter = counter + 1: null

2018-12-05 12:51:13 - [TEST_STEP][PASSED] - Statement - PreSaveFile = new java.io.File(((pathPrefix + java.lang.Integer.toString(counter)) + .png)): null

2018-12-05 12:51:13 - [TEST_STEP][PASSED] - Statement - counter = counter + 1: null

2018-12-05 12:51:13 - [TEST_STEP][PASSED] - Statement - PreSaveFile = new java.io.File(((pathPrefix + java.lang.Integer.toString(counter)) + .png)): null

2018-12-05 12:51:14 - [TEST_STEP][PASSED] - Statement - counter = counter + 1: null

2018-12-05 12:51:14 - [TEST_STEP][PASSED] - Statement - PreSaveFile = new java.io.File(((pathPrefix + java.lang.Integer.toString(counter)) + .png)): null

2018-12-05 12:51:14 - [TEST_STEP][PASSED] - Statement - counter = counter + 1: null

2018-12-05 12:51:14 - [TEST_STEP][PASSED] - Statement - PreSaveFile = new java.io.File(((pathPrefix + java.lang.Integer.toString(counter)) + .png)): null

2018-12-05 12:51:14 - [TEST_STEP][PASSED] - Statement - counter = counter + 1: null

2018-12-05 12:51:14 - [TEST_STEP][PASSED] - Statement - PreSaveFile = new java.io.File(((pathPrefix + java.lang.Integer.toString(counter)) + .png)): null

2018-12-05 12:51:14 - [TEST_STEP][PASSED] - Statement - counter = counter + 1: null

2018-12-05 12:51:14 - [TEST_STEP][PASSED] - Statement - PreSaveFile = new java.io.File(((pathPrefix + java.lang.Integer.toString(counter)) + .png)): null

2018-12-05 12:51:14 - [TEST_STEP][PASSED] - Statement - counter = counter + 1: null

2018-12-05 12:51:14 - [TEST_STEP][PASSED] - Statement - PreSaveFile = new java.io.File(((pathPrefix + java.lang.Integer.toString(counter)) + .png)): null

2018-12-05 12:51:14 - [TEST_STEP][PASSED] - Statement - counter = counter + 1: null

2018-12-05 12:51:14 - [TEST_STEP][PASSED] - Statement - PreSaveFile = new java.io.File(((pathPrefix + java.lang.Integer.toString(counter)) + .png)): null

2018-12-05 12:51:14 - [TEST_STEP][PASSED] - Statement - counter = counter + 1: null

2018-12-05 12:51:14 - [TEST_STEP][PASSED] - Statement - PreSaveFile = new java.io.File(((pathPrefix + java.lang.Integer.toString(counter)) + .png)): null

2018-12-05 12:51:14 - [TEST_STEP][PASSED] - Statement - counter = counter + 1: null

2018-12-05 12:51:14 - [TEST_STEP][PASSED] - Statement - PreSaveFile = new java.io.File(((pathPrefix + java.lang.Integer.toString(counter)) + .png)): null

2018-12-05 12:51:14 - [TEST_STEP][PASSED] - Statement - counter = counter + 1: null

2018-12-05 12:51:14 - [TEST_STEP][PASSED] - Statement - PreSaveFile = new java.io.File(((pathPrefix + java.lang.Integer.toString(counter)) + .png)): null

2018-12-05 12:51:14 - [TEST_STEP][PASSED] - Statement - counter = counter + 1: null

2018-12-05 12:51:14 - [TEST_STEP][PASSED] - Statement - PreSaveFile = new java.io.File(((pathPrefix + java.lang.Integer.toString(counter)) + .png)): null

2018-12-05 12:51:14 - [TEST_STEP][PASSED] - Statement - counter = counter + 1: null

2018-12-05 12:51:14 - [TEST_STEP][PASSED] - Statement - PreSaveFile = new java.io.File(((pathPrefix + java.lang.Integer.toString(counter)) + .png)): null

2018-12-05 12:51:14 - [TEST_STEP][PASSED] - Statement - counter = counter + 1: null

2018-12-05 12:51:14 - [TEST_STEP][PASSED] - Statement - PreSaveFile = new java.io.File(((pathPrefix + java.lang.Integer.toString(counter)) + .png)): null

2018-12-05 12:51:14 - [TEST_STEP][PASSED] - Statement - counter = counter + 1: null

2018-12-05 12:51:14 - [TEST_STEP][PASSED] - Statement - PreSaveFile = new java.io.File(((pathPrefix + java.lang.Integer.toString(counter)) + .png)): null

2018-12-05 12:51:14 - [TEST_STEP][PASSED] - Statement - counter = counter + 1: null

2018-12-05 12:51:14 - [TEST_STEP][PASSED] - Statement - PreSaveFile = new java.io.File(((pathPrefix + java.lang.Integer.toString(counter)) + .png)): null

2018-12-05 12:51:14 - [TEST_STEP][PASSED] - Statement - counter = counter + 1: null

2018-12-05 12:51:14 - [TEST_STEP][PASSED] - Statement - PreSaveFile = new java.io.File(((pathPrefix + java.lang.Integer.toString(counter)) + .png)): null

2018-12-05 12:51:14 - [TEST_STEP][PASSED] - Statement - counter = counter + 1: null

2018-12-05 12:51:14 - [TEST_STEP][PASSED] - Statement - PreSaveFile = new java.io.File(((pathPrefix + java.lang.Integer.toString(counter)) + .png)): null

2018-12-05 12:51:14 - [TEST_STEP][PASSED] - Statement - counter = counter + 1: null

2018-12-05 12:51:15 - [TEST_STEP][PASSED] - Statement - PreSaveFile = new java.io.File(((pathPrefix + java.lang.Integer.toString(counter)) + .png)): null

2018-12-05 12:51:15 - [TEST_STEP][PASSED] - Statement - counter = counter + 1: null

2018-12-05 12:51:15 - [TEST_STEP][PASSED] - Statement - PreSaveFile = new java.io.File(((pathPrefix + java.lang.Integer.toString(counter)) + .png)): null

2018-12-05 12:51:15 - [TEST_STEP][PASSED] - Statement - counter = counter + 1: null

2018-12-05 12:51:15 - [TEST_STEP][PASSED] - Statement - PreSaveFile = new java.io.File(((pathPrefix + java.lang.Integer.toString(counter)) + .png)): null

2018-12-05 12:51:15 - [TEST_STEP][PASSED] - Statement - counter = counter + 1: null

2018-12-05 12:51:15 - [TEST_STEP][PASSED] - Statement - PreSaveFile = new java.io.File(((pathPrefix + java.lang.Integer.toString(counter)) + .png)): null

2018-12-05 12:51:15 - [TEST_STEP][PASSED] - Statement - counter = counter + 1: null

2018-12-05 12:51:15 - [TEST_STEP][PASSED] - Statement - PreSaveFile = new java.io.File(((pathPrefix + java.lang.Integer.toString(counter)) + .png)): null

2018-12-05 12:51:15 - [TEST_STEP][PASSED] - Statement - counter = counter + 1: null

2018-12-05 12:51:15 - [TEST_STEP][PASSED] - Statement - PreSaveFile = new java.io.File(((pathPrefix + java.lang.Integer.toString(counter)) + .png)): null

2018-12-05 12:51:15 - [TEST_STEP][PASSED] - Statement - counter = counter + 1: null

2018-12-05 12:51:15 - [TEST_STEP][PASSED] - Statement - PreSaveFile = new java.io.File(((pathPrefix + java.lang.Integer.toString(counter)) + .png)): null

2018-12-05 12:51:15 - [TEST_STEP][PASSED] - Statement - counter = counter + 1: null

2018-12-05 12:51:15 - [TEST_STEP][PASSED] - Statement - PreSaveFile = new java.io.File(((pathPrefix + java.lang.Integer.toString(counter)) + .png)): null

2018-12-05 12:51:15 - [TEST_STEP][PASSED] - Statement - counter = counter + 1: null

2018-12-05 12:51:15 - [TEST_STEP][PASSED] - Statement - PreSaveFile = new java.io.File(((pathPrefix + java.lang.Integer.toString(counter)) + .png)): null

2018-12-05 12:51:15 - [TEST_STEP][PASSED] - Statement - counter = counter + 1: null

2018-12-05 12:51:15 - [TEST_STEP][PASSED] - Statement - PreSaveFile = new java.io.File(((pathPrefix + java.lang.Integer.toString(counter)) + .png)): null

2018-12-05 12:51:15 - [TEST_STEP][PASSED] - Statement - counter = counter + 1: null

2018-12-05 12:51:15 - [TEST_STEP][PASSED] - Statement - PreSaveFile = new java.io.File(((pathPrefix + java.lang.Integer.toString(counter)) + .png)): null

2018-12-05 12:51:15 - [TEST_STEP][PASSED] - Statement - counter = counter + 1: null

2018-12-05 12:51:15 - [TEST_STEP][PASSED] - Statement - PreSaveFile = new java.io.File(((pathPrefix + java.lang.Integer.toString(counter)) + .png)): null

2018-12-05 12:51:15 - [TEST_STEP][PASSED] - Statement - counter = counter + 1: null

2018-12-05 12:51:15 - [TEST_STEP][PASSED] - Statement - PreSaveFile = new java.io.File(((pathPrefix + java.lang.Integer.toString(counter)) + .png)): null

2018-12-05 12:51:15 - [TEST_STEP][PASSED] - Statement - counter = counter + 1: null

2018-12-05 12:51:15 - [TEST_STEP][PASSED] - Statement - PreSaveFile = new java.io.File(((pathPrefix + java.lang.Integer.toString(counter)) + .png)): null

2018-12-05 12:51:15 - [TEST_STEP][PASSED] - Statement - counter = counter + 1: null

2018-12-05 12:51:15 - [TEST_STEP][PASSED] - Statement - PreSaveFile = new java.io.File(((pathPrefix + java.lang.Integer.toString(counter)) + .png)): null

2018-12-05 12:51:15 - [TEST_STEP][PASSED] - Statement - counter = counter + 1: null

2018-12-05 12:51:15 - [TEST_STEP][PASSED] - Statement - PreSaveFile = new java.io.File(((pathPrefix + java.lang.Integer.toString(counter)) + .png)): null

2018-12-05 12:51:15 - [TEST_STEP][PASSED] - Statement - counter = counter + 1: null

2018-12-05 12:51:15 - [TEST_STEP][PASSED] - Statement - PreSaveFile = new java.io.File(((pathPrefix + java.lang.Integer.toString(counter)) + .png)): null

2018-12-05 12:51:15 - [TEST_STEP][PASSED] - Statement - counter = counter + 1: null

2018-12-05 12:51:15 - [TEST_STEP][PASSED] - Statement - PreSaveFile = new java.io.File(((pathPrefix + java.lang.Integer.toString(counter)) + .png)): null

2018-12-05 12:51:15 - [TEST_STEP][PASSED] - Statement - counter = counter + 1: null

2018-12-05 12:51:15 - [TEST_STEP][PASSED] - Statement - PreSaveFile = new java.io.File(((pathPrefix + java.lang.Integer.toString(counter)) + .png)): null

2018-12-05 12:51:15 - [TEST_STEP][PASSED] - Statement - counter = counter + 1: null

2018-12-05 12:51:16 - [TEST_STEP][PASSED] - Statement - PreSaveFile = new java.io.File(((pathPrefix + java.lang.Integer.toString(counter)) + .png)): null

2018-12-05 12:51:16 - [TEST_STEP][PASSED] - Statement - counter = counter + 1: null

2018-12-05 12:51:16 - [TEST_STEP][PASSED] - Statement - PreSaveFile = new java.io.File(((pathPrefix + java.lang.Integer.toString(counter)) + .png)): null

2018-12-05 12:51:16 - [TEST_STEP][PASSED] - Statement - counter = counter + 1: null

2018-12-05 12:51:16 - [TEST_STEP][PASSED] - Statement - PreSaveFile = new java.io.File(((pathPrefix + java.lang.Integer.toString(counter)) + .png)): null

2018-12-05 12:51:16 - [TEST_STEP][PASSED] - Statement - counter = counter + 1: null

2018-12-05 12:51:16 - [TEST_STEP][PASSED] - Statement - PreSaveFile = new java.io.File(((pathPrefix + java.lang.Integer.toString(counter)) + .png)): null

2018-12-05 12:51:16 - [TEST_STEP][PASSED] - Statement - counter = counter + 1: null

2018-12-05 12:51:16 - [TEST_STEP][PASSED] - Statement - PreSaveFile = new java.io.File(((pathPrefix + java.lang.Integer.toString(counter)) + .png)): null

2018-12-05 12:51:16 - [TEST_STEP][PASSED] - Statement - counter = counter + 1: null

2018-12-05 12:51:16 - [TEST_STEP][PASSED] - Statement - PreSaveFile = new java.io.File(((pathPrefix + java.lang.Integer.toString(counter)) + .png)): null

2018-12-05 12:51:16 - [TEST_STEP][PASSED] - Statement - counter = counter + 1: null

2018-12-05 12:51:16 - [TEST_STEP][PASSED] - Statement - PreSaveFile = new java.io.File(((pathPrefix + java.lang.Integer.toString(counter)) + .png)): null

2018-12-05 12:51:16 - [TEST_STEP][PASSED] - Statement - counter = counter + 1: null

2018-12-05 12:51:16 - [TEST_STEP][PASSED] - Statement - PreSaveFile = new java.io.File(((pathPrefix + java.lang.Integer.toString(counter)) + .png)): null

2018-12-05 12:51:16 - [TEST_STEP][PASSED] - Statement - counter = counter + 1: null

2018-12-05 12:51:16 - [TEST_STEP][PASSED] - Statement - PreSaveFile = new java.io.File(((pathPrefix + java.lang.Integer.toString(counter)) + .png)): null

2018-12-05 12:51:16 - [TEST_STEP][PASSED] - Statement - counter = counter + 1: null

2018-12-05 12:51:16 - [TEST_STEP][PASSED] - Statement - PreSaveFile = new java.io.File(((pathPrefix + java.lang.Integer.toString(counter)) + .png)): null

2018-12-05 12:51:16 - [TEST_STEP][PASSED] - Statement - counter = counter + 1: null

2018-12-05 12:51:16 - [TEST_STEP][PASSED] - Statement - PreSaveFile = new java.io.File(((pathPrefix + java.lang.Integer.toString(counter)) + .png)): null

2018-12-05 12:51:16 - [TEST_STEP][PASSED] - Statement - counter = counter + 1: null

2018-12-05 12:51:16 - [TEST_STEP][PASSED] - Statement - PreSaveFile = new java.io.File(((pathPrefix + java.lang.Integer.toString(counter)) + .png)): null

2018-12-05 12:51:16 - [TEST_STEP][PASSED] - Statement - counter = counter + 1: null

2018-12-05 12:51:16 - [TEST_STEP][PASSED] - Statement - PreSaveFile = new java.io.File(((pathPrefix + java.lang.Integer.toString(counter)) + .png)): null

2018-12-05 12:51:16 - [TEST_STEP][PASSED] - Statement - counter = counter + 1: null

2018-12-05 12:51:16 - [TEST_STEP][PASSED] - Statement - PreSaveFile = new java.io.File(((pathPrefix + java.lang.Integer.toString(counter)) + .png)): null

2018-12-05 12:51:16 - [TEST_STEP][PASSED] - Statement - counter = counter + 1: null

2018-12-05 12:51:16 - [TEST_STEP][PASSED] - Statement - PreSaveFile = new java.io.File(((pathPrefix + java.lang.Integer.toString(counter)) + .png)): null

2018-12-05 12:51:17 - [TEST_STEP][PASSED] - Statement - counter = counter + 1: null

2018-12-05 12:51:17 - [TEST_STEP][PASSED] - Statement - PreSaveFile = new java.io.File(((pathPrefix + java.lang.Integer.toString(counter)) + .png)): null

2018-12-05 12:51:17 - [TEST_STEP][PASSED] - Statement - counter = counter + 1: null

2018-12-05 12:51:17 - [TEST_STEP][PASSED] - Statement - PreSaveFile = new java.io.File(((pathPrefix + java.lang.Integer.toString(counter)) + .png)): null

2018-12-05 12:51:17 - [TEST_STEP][PASSED] - Statement - counter = counter + 1: null

2018-12-05 12:51:17 - [TEST_STEP][PASSED] - Statement - PreSaveFile = new java.io.File(((pathPrefix + java.lang.Integer.toString(counter)) + .png)): null

2018-12-05 12:51:17 - [TEST_STEP][PASSED] - Statement - counter = counter + 1: null

2018-12-05 12:51:17 - [TEST_STEP][PASSED] - Statement - PreSaveFile = new java.io.File(((pathPrefix + java.lang.Integer.toString(counter)) + .png)): null

2018-12-05 12:51:17 - [TEST_STEP][PASSED] - Statement - counter = counter + 1: null

2018-12-05 12:51:17 - [TEST_STEP][PASSED] - Statement - PreSaveFile = new java.io.File(((pathPrefix + java.lang.Integer.toString(counter)) + .png)): null

2018-12-05 12:51:17 - [TEST_STEP][PASSED] - Statement - counter = counter + 1: null

2018-12-05 12:51:17 - [TEST_STEP][PASSED] - Statement - PreSaveFile = new java.io.File(((pathPrefix + java.lang.Integer.toString(counter)) + .png)): null

2018-12-05 12:51:17 - [TEST_STEP][PASSED] - Statement - counter = counter + 1: null

2018-12-05 12:51:17 - [TEST_STEP][PASSED] - Statement - PreSaveFile = new java.io.File(((pathPrefix + java.lang.Integer.toString(counter)) + .png)): null

2018-12-05 12:51:17 - [TEST_STEP][PASSED] - Statement - counter = counter + 1: null

2018-12-05 12:51:17 - [TEST_STEP][PASSED] - Statement - PreSaveFile = new java.io.File(((pathPrefix + java.lang.Integer.toString(counter)) + .png)): null

2018-12-05 12:51:17 - [TEST_STEP][PASSED] - Statement - counter = counter + 1: null

2018-12-05 12:51:17 - [TEST_STEP][PASSED] - Statement - PreSaveFile = new java.io.File(((pathPrefix + java.lang.Integer.toString(counter)) + .png)): null

2018-12-05 12:51:17 - [TEST_STEP][PASSED] - Statement - counter = counter + 1: null

2018-12-05 12:51:17 - [TEST_STEP][PASSED] - Statement - PreSaveFile = new java.io.File(((pathPrefix + java.lang.Integer.toString(counter)) + .png)): null

2018-12-05 12:51:17 - [TEST_STEP][PASSED] - Statement - counter = counter + 1: null

2018-12-05 12:51:17 - [TEST_STEP][PASSED] - Statement - PreSaveFile = new java.io.File(((pathPrefix + java.lang.Integer.toString(counter)) + .png)): null

2018-12-05 12:51:17 - [TEST_STEP][PASSED] - Statement - counter = counter + 1: null

2018-12-05 12:51:17 - [TEST_STEP][PASSED] - Statement - PreSaveFile = new java.io.File(((pathPrefix + java.lang.Integer.toString(counter)) + .png)): null

2018-12-05 12:51:17 - [TEST_STEP][PASSED] - Statement - counter = counter + 1: null

2018-12-05 12:51:17 - [TEST_STEP][PASSED] - Statement - PreSaveFile = new java.io.File(((pathPrefix + java.lang.Integer.toString(counter)) + .png)): null

2018-12-05 12:51:17 - [TEST_STEP][PASSED] - Statement - counter = counter + 1: null

2018-12-05 12:51:17 - [TEST_STEP][PASSED] - Statement - PreSaveFile = new java.io.File(((pathPrefix + java.lang.Integer.toString(counter)) + .png)): null

2018-12-05 12:51:17 - [TEST_STEP][PASSED] - Statement - counter = counter + 1: null

2018-12-05 12:51:18 - [TEST_STEP][PASSED] - Statement - PreSaveFile = new java.io.File(((pathPrefix + java.lang.Integer.toString(counter)) + .png)): null

2018-12-05 12:51:18 - [TEST_STEP][PASSED] - Statement - counter = counter + 1: null

2018-12-05 12:51:18 - [TEST_STEP][PASSED] - Statement - PreSaveFile = new java.io.File(((pathPrefix + java.lang.Integer.toString(counter)) + .png)): null

2018-12-05 12:51:18 - [TEST_STEP][PASSED] - Statement - counter = counter + 1: null

2018-12-05 12:51:18 - [TEST_STEP][PASSED] - Statement - PreSaveFile = new java.io.File(((pathPrefix + java.lang.Integer.toString(counter)) + .png)): null

2018-12-05 12:51:18 - [TEST_STEP][PASSED] - Statement - counter = counter + 1: null

2018-12-05 12:51:18 - [TEST_STEP][PASSED] - Statement - PreSaveFile = new java.io.File(((pathPrefix + java.lang.Integer.toString(counter)) + .png)): null

2018-12-05 12:51:18 - [TEST_STEP][PASSED] - Statement - counter = counter + 1: null

2018-12-05 12:51:18 - [TEST_STEP][PASSED] - Statement - PreSaveFile = new java.io.File(((pathPrefix + java.lang.Integer.toString(counter)) + .png)): null

2018-12-05 12:51:18 - [TEST_STEP][PASSED] - Statement - counter = counter + 1: null

2018-12-05 12:51:18 - [TEST_STEP][PASSED] - Statement - PreSaveFile = new java.io.File(((pathPrefix + java.lang.Integer.toString(counter)) + .png)): null

2018-12-05 12:51:18 - [TEST_STEP][PASSED] - Statement - counter = counter + 1: null

2018-12-05 12:51:18 - [TEST_STEP][PASSED] - Statement - PreSaveFile = new java.io.File(((pathPrefix + java.lang.Integer.toString(counter)) + .png)): null

2018-12-05 12:51:18 - [TEST_STEP][PASSED] - Statement - counter = counter + 1: null

2018-12-05 12:51:18 - [TEST_STEP][PASSED] - Statement - PreSaveFile = new java.io.File(((pathPrefix + java.lang.Integer.toString(counter)) + .png)): null

2018-12-05 12:51:18 - [TEST_STEP][PASSED] - Statement - counter = counter + 1: null

2018-12-05 12:51:18 - [TEST_STEP][PASSED] - Statement - PreSaveFile = new java.io.File(((pathPrefix + java.lang.Integer.toString(counter)) + .png)): null

2018-12-05 12:51:18 - [TEST_STEP][PASSED] - Statement - counter = counter + 1: null

2018-12-05 12:51:18 - [TEST_STEP][PASSED] - Statement - PreSaveFile = new java.io.File(((pathPrefix + java.lang.Integer.toString(counter)) + .png)): null

2018-12-05 12:51:18 - [TEST_STEP][PASSED] - Statement - counter = counter + 1: null

2018-12-05 12:51:18 - [TEST_STEP][PASSED] - Statement - PreSaveFile = new java.io.File(((pathPrefix + java.lang.Integer.toString(counter)) + .png)): null

2018-12-05 12:51:18 - [TEST_STEP][PASSED] - Statement - counter = counter + 1: null

2018-12-05 12:51:18 - [TEST_STEP][PASSED] - Statement - PreSaveFile = new java.io.File(((pathPrefix + java.lang.Integer.toString(counter)) + .png)): null

2018-12-05 12:51:18 - [TEST_STEP][PASSED] - Statement - counter = counter + 1: null

2018-12-05 12:51:18 - [TEST_STEP][PASSED] - Statement - PreSaveFile = new java.io.File(((pathPrefix + java.lang.Integer.toString(counter)) + .png)): null

2018-12-05 12:51:18 - [TEST_STEP][PASSED] - Statement - counter = counter + 1: null

2018-12-05 12:51:18 - [TEST_STEP][PASSED] - Statement - PreSaveFile = new java.io.File(((pathPrefix + java.lang.Integer.toString(counter)) + .png)): null

2018-12-05 12:51:18 - [TEST_STEP][PASSED] - Statement - counter = counter + 1: null

2018-12-05 12:51:19 - [TEST_STEP][PASSED] - Statement - PreSaveFile = new java.io.File(((pathPrefix + java.lang.Integer.toString(counter)) + .png)): null

2018-12-05 12:51:19 - [TEST_STEP][PASSED] - Statement - counter = counter + 1: null

2018-12-05 12:51:19 - [TEST_STEP][PASSED] - Statement - PreSaveFile = new java.io.File(((pathPrefix + java.lang.Integer.toString(counter)) + .png)): null

2018-12-05 12:51:19 - [TEST_STEP][PASSED] - Statement - counter = counter + 1: null

2018-12-05 12:51:19 - [TEST_STEP][PASSED] - Statement - PreSaveFile = new java.io.File(((pathPrefix + java.lang.Integer.toString(counter)) + .png)): null

2018-12-05 12:51:19 - [TEST_STEP][PASSED] - Statement - counter = counter + 1: null

2018-12-05 12:51:19 - [TEST_STEP][PASSED] - Statement - PreSaveFile = new java.io.File(((pathPrefix + java.lang.Integer.toString(counter)) + .png)): null

2018-12-05 12:51:19 - [TEST_STEP][PASSED] - Statement - counter = counter + 1: null

2018-12-05 12:51:19 - [TEST_STEP][PASSED] - Statement - PreSaveFile = new java.io.File(((pathPrefix + java.lang.Integer.toString(counter)) + .png)): null

2018-12-05 12:51:19 - [TEST_STEP][PASSED] - Statement - counter = counter + 1: null

2018-12-05 12:51:19 - [TEST_STEP][PASSED] - Statement - PreSaveFile = new java.io.File(((pathPrefix + java.lang.Integer.toString(counter)) + .png)): null

2018-12-05 12:51:19 - [TEST_STEP][PASSED] - Statement - counter = counter + 1: null

2018-12-05 12:51:19 - [TEST_STEP][PASSED] - Statement - PreSaveFile = new java.io.File(((pathPrefix + java.lang.Integer.toString(counter)) + .png)): null

2018-12-05 12:51:19 - [TEST_STEP][PASSED] - Statement - counter = counter + 1: null

2018-12-05 12:51:19 - [TEST_STEP][PASSED] - Statement - PreSaveFile = new java.io.File(((pathPrefix + java.lang.Integer.toString(counter)) + .png)): null

2018-12-05 12:51:19 - [TEST_STEP][PASSED] - Statement - counter = counter + 1: null

2018-12-05 12:51:19 - [TEST_STEP][PASSED] - Statement - PreSaveFile = new java.io.File(((pathPrefix + java.lang.Integer.toString(counter)) + .png)): null

2018-12-05 12:51:19 - [TEST_STEP][PASSED] - Statement - counter = counter + 1: null

2018-12-05 12:51:19 - [TEST_STEP][PASSED] - Statement - PreSaveFile = new java.io.File(((pathPrefix + java.lang.Integer.toString(counter)) + .png)): null

2018-12-05 12:51:19 - [TEST_STEP][PASSED] - Statement - counter = counter + 1: null

2018-12-05 12:51:19 - [TEST_STEP][PASSED] - Statement - PreSaveFile = new java.io.File(((pathPrefix + java.lang.Integer.toString(counter)) + .png)): null

2018-12-05 12:51:19 - [TEST_STEP][PASSED] - Statement - counter = counter + 1: null

2018-12-05 12:51:19 - [TEST_STEP][PASSED] - Statement - PreSaveFile = new java.io.File(((pathPrefix + java.lang.Integer.toString(counter)) + .png)): null

2018-12-05 12:51:19 - [TEST_STEP][PASSED] - Statement - counter = counter + 1: null

2018-12-05 12:51:19 - [TEST_STEP][PASSED] - Statement - PreSaveFile = new java.io.File(((pathPrefix + java.lang.Integer.toString(counter)) + .png)): null

2018-12-05 12:51:19 - [TEST_STEP][PASSED] - Statement - counter = counter + 1: null

2018-12-05 12:51:19 - [TEST_STEP][PASSED] - Statement - PreSaveFile = new java.io.File(((pathPrefix + java.lang.Integer.toString(counter)) + .png)): null

2018-12-05 12:51:19 - [TEST_STEP][PASSED] - Statement - counter = counter + 1: null

2018-12-05 12:51:19 - [TEST_STEP][PASSED] - Statement - PreSaveFile = new java.io.File(((pathPrefix + java.lang.Integer.toString(counter)) + .png)): null

2018-12-05 12:51:20 - [TEST_STEP][PASSED] - Statement - counter = counter + 1: null

2018-12-05 12:51:20 - [TEST_STEP][PASSED] - Statement - PreSaveFile = new java.io.File(((pathPrefix + java.lang.Integer.toString(counter)) + .png)): null

2018-12-05 12:51:20 - [TEST_STEP][PASSED] - Statement - counter = counter + 1: null

2018-12-05 12:51:20 - [TEST_STEP][PASSED] - Statement - PreSaveFile = new java.io.File(((pathPrefix + java.lang.Integer.toString(counter)) + .png)): null

2018-12-05 12:51:20 - [TEST_STEP][PASSED] - Statement - counter = counter + 1: null

2018-12-05 12:51:20 - [TEST_STEP][PASSED] - Statement - PreSaveFile = new java.io.File(((pathPrefix + java.lang.Integer.toString(counter)) + .png)): null

2018-12-05 12:51:20 - [TEST_STEP][PASSED] - Statement - counter = counter + 1: null

2018-12-05 12:51:20 - [TEST_STEP][PASSED] - Statement - PreSaveFile = new java.io.File(((pathPrefix + java.lang.Integer.toString(counter)) + .png)): null

2018-12-05 12:51:20 - [TEST_STEP][PASSED] - Statement - counter = counter + 1: null

2018-12-05 12:51:20 - [TEST_STEP][PASSED] - Statement - PreSaveFile = new java.io.File(((pathPrefix + java.lang.Integer.toString(counter)) + .png)): null

2018-12-05 12:51:20 - [TEST_STEP][PASSED] - Statement - counter = counter + 1: null

2018-12-05 12:51:20 - [TEST_STEP][PASSED] - Statement - PreSaveFile = new java.io.File(((pathPrefix + java.lang.Integer.toString(counter)) + .png)): null

2018-12-05 12:51:20 - [TEST_STEP][PASSED] - Statement - counter = counter + 1: null

2018-12-05 12:51:20 - [TEST_STEP][PASSED] - Statement - PreSaveFile = new java.io.File(((pathPrefix + java.lang.Integer.toString(counter)) + .png)): null

2018-12-05 12:51:20 - [TEST_STEP][PASSED] - Statement - counter = counter + 1: null

2018-12-05 12:51:20 - [TEST_STEP][PASSED] - Statement - PreSaveFile = new java.io.File(((pathPrefix + java.lang.Integer.toString(counter)) + .png)): null

2018-12-05 12:51:20 - [TEST_STEP][PASSED] - Statement - counter = counter + 1: null

2018-12-05 12:51:20 - [TEST_STEP][PASSED] - Statement - PreSaveFile = new java.io.File(((pathPrefix + java.lang.Integer.toString(counter)) + .png)): null

2018-12-05 12:51:20 - [TEST_STEP][PASSED] - Statement - counter = counter + 1: null

2018-12-05 12:51:20 - [TEST_STEP][PASSED] - Statement - PreSaveFile = new java.io.File(((pathPrefix + java.lang.Integer.toString(counter)) + .png)): null

2018-12-05 12:51:20 - [TEST_STEP][PASSED] - Statement - counter = counter + 1: null

2018-12-05 12:51:20 - [TEST_STEP][PASSED] - Statement - PreSaveFile = new java.io.File(((pathPrefix + java.lang.Integer.toString(counter)) + .png)): null

2018-12-05 12:51:20 - [TEST_STEP][PASSED] - Statement - counter = counter + 1: null

2018-12-05 12:51:20 - [TEST_STEP][PASSED] - Statement - PreSaveFile = new java.io.File(((pathPrefix + java.lang.Integer.toString(counter)) + .png)): null

2018-12-05 12:51:20 - [TEST_STEP][PASSED] - Statement - counter = counter + 1: null

2018-12-05 12:51:20 - [TEST_STEP][PASSED] - Statement - PreSaveFile = new java.io.File(((pathPrefix + java.lang.Integer.toString(counter)) + .png)): null

2018-12-05 12:51:20 - [TEST_STEP][PASSED] - Statement - counter = counter + 1: null

2018-12-05 12:51:20 - [TEST_STEP][PASSED] - Statement - PreSaveFile = new java.io.File(((pathPrefix + java.lang.Integer.toString(counter)) + .png)): null

2018-12-05 12:51:20 - [TEST_STEP][PASSED] - Statement - counter = counter + 1: null

2018-12-05 12:51:21 - [TEST_STEP][PASSED] - Statement - PreSaveFile = new java.io.File(((pathPrefix + java.lang.Integer.toString(counter)) + .png)): null

2018-12-05 12:51:21 - [TEST_STEP][PASSED] - Statement - counter = counter + 1: null

2018-12-05 12:51:21 - [TEST_STEP][PASSED] - Statement - PreSaveFile = new java.io.File(((pathPrefix + java.lang.Integer.toString(counter)) + .png)): null

2018-12-05 12:51:21 - [TEST_STEP][PASSED] - Statement - counter = counter + 1: null

2018-12-05 12:51:21 - [TEST_STEP][PASSED] - Statement - PreSaveFile = new java.io.File(((pathPrefix + java.lang.Integer.toString(counter)) + .png)): null

2018-12-05 12:51:21 - [TEST_STEP][PASSED] - Statement - counter = counter + 1: null

2018-12-05 12:51:21 - [TEST_STEP][PASSED] - Statement - PreSaveFile = new java.io.File(((pathPrefix + java.lang.Integer.toString(counter)) + .png)): null

2018-12-05 12:51:21 - [TEST_STEP][PASSED] - Statement - counter = counter + 1: null

2018-12-05 12:51:21 - [TEST_STEP][PASSED] - Statement - PreSaveFile = new java.io.File(((pathPrefix + java.lang.Integer.toString(counter)) + .png)): null

2018-12-05 12:51:21 - [TEST_STEP][PASSED] - Statement - counter = counter + 1: null

2018-12-05 12:51:21 - [TEST_STEP][PASSED] - Statement - PreSaveFile = new java.io.File(((pathPrefix + java.lang.Integer.toString(counter)) + .png)): null

2018-12-05 12:51:21 - [TEST_STEP][PASSED] - Statement - counter = counter + 1: null

2018-12-05 12:51:21 - [TEST_STEP][PASSED] - Statement - PreSaveFile = new java.io.File(((pathPrefix + java.lang.Integer.toString(counter)) + .png)): null

2018-12-05 12:51:21 - [TEST_STEP][PASSED] - Statement - counter = counter + 1: null

2018-12-05 12:51:21 - [TEST_STEP][PASSED] - Statement - PreSaveFile = new java.io.File(((pathPrefix + java.lang.Integer.toString(counter)) + .png)): null

2018-12-05 12:51:21 - [TEST_STEP][PASSED] - Statement - counter = counter + 1: null

2018-12-05 12:51:21 - [TEST_STEP][PASSED] - Statement - PreSaveFile = new java.io.File(((pathPrefix + java.lang.Integer.toString(counter)) + .png)): null

2018-12-05 12:51:21 - [TEST_STEP][PASSED] - Statement - counter = counter + 1: null

2018-12-05 12:51:21 - [TEST_STEP][PASSED] - Statement - PreSaveFile = new java.io.File(((pathPrefix + java.lang.Integer.toString(counter)) + .png)): null

2018-12-05 12:51:21 - [TEST_STEP][PASSED] - Statement - counter = counter + 1: null

2018-12-05 12:51:21 - [TEST_STEP][PASSED] - Statement - PreSaveFile = new java.io.File(((pathPrefix + java.lang.Integer.toString(counter)) + .png)): null

2018-12-05 12:51:21 - [TEST_STEP][PASSED] - Statement - counter = counter + 1: null

2018-12-05 12:51:21 - [TEST_STEP][PASSED] - Statement - PreSaveFile = new java.io.File(((pathPrefix + java.lang.Integer.toString(counter)) + .png)): null

2018-12-05 12:51:21 - [TEST_STEP][PASSED] - Statement - counter = counter + 1: null

2018-12-05 12:51:21 - [TEST_STEP][PASSED] - Statement - PreSaveFile = new java.io.File(((pathPrefix + java.lang.Integer.toString(counter)) + .png)): null

2018-12-05 12:51:21 - [TEST_STEP][PASSED] - Statement - counter = counter + 1: null

2018-12-05 12:51:21 - [TEST_STEP][PASSED] - Statement - PreSaveFile = new java.io.File(((pathPrefix + java.lang.Integer.toString(counter)) + .png)): null

2018-12-05 12:51:21 - [TEST_STEP][PASSED] - Statement - counter = counter + 1: null

2018-12-05 12:51:21 - [TEST_STEP][PASSED] - Statement - PreSaveFile = new java.io.File(((pathPrefix + java.lang.Integer.toString(counter)) + .png)): null

2018-12-05 12:51:21 - [TEST_STEP][PASSED] - Statement - counter = counter + 1: null

2018-12-05 12:51:21 - [TEST_STEP][PASSED] - Statement - PreSaveFile = new java.io.File(((pathPrefix + java.lang.Integer.toString(counter)) + .png)): null

2018-12-05 12:51:21 - [TEST_STEP][PASSED] - Statement - counter = counter + 1: null

2018-12-05 12:51:21 - [TEST_STEP][PASSED] - Statement - PreSaveFile = new java.io.File(((pathPrefix + java.lang.Integer.toString(counter)) + .png)): null

2018-12-05 12:51:21 - [TEST_STEP][PASSED] - Statement - counter = counter + 1: null

2018-12-05 12:51:21 - [TEST_STEP][PASSED] - Statement - PreSaveFile = new java.io.File(((pathPrefix + java.lang.Integer.toString(counter)) + .png)): null

2018-12-05 12:51:21 - [TEST_STEP][PASSED] - Statement - counter = counter + 1: null

2018-12-05 12:51:21 - [TEST_STEP][PASSED] - Statement - PreSaveFile = new java.io.File(((pathPrefix + java.lang.Integer.toString(counter)) + .png)): null

2018-12-05 12:51:21 - [TEST_STEP][PASSED] - Statement - counter = counter + 1: null

2018-12-05 12:51:22 - [TEST_STEP][PASSED] - Statement - PreSaveFile = new java.io.File(((pathPrefix + java.lang.Integer.toString(counter)) + .png)): null

2018-12-05 12:51:22 - [TEST_STEP][PASSED] - Statement - counter = counter + 1: null

2018-12-05 12:51:22 - [TEST_STEP][PASSED] - Statement - PreSaveFile = new java.io.File(((pathPrefix + java.lang.Integer.toString(counter)) + .png)): null

2018-12-05 12:51:22 - [TEST_STEP][PASSED] - Statement - counter = counter + 1: null

2018-12-05 12:51:22 - [TEST_STEP][PASSED] - Statement - PreSaveFile = new java.io.File(((pathPrefix + java.lang.Integer.toString(counter)) + .png)): null

2018-12-05 12:51:22 - [TEST_STEP][PASSED] - Statement - counter = counter + 1: null

2018-12-05 12:51:22 - [TEST_STEP][PASSED] - Statement - PreSaveFile = new java.io.File(((pathPrefix + java.lang.Integer.toString(counter)) + .png)): null

2018-12-05 12:51:22 - [TEST_STEP][PASSED] - Statement - counter = counter + 1: null

2018-12-05 12:51:22 - [TEST_STEP][PASSED] - Statement - PreSaveFile = new java.io.File(((pathPrefix + java.lang.Integer.toString(counter)) + .png)): null

2018-12-05 12:51:22 - [TEST_STEP][PASSED] - Statement - counter = counter + 1: null

2018-12-05 12:51:22 - [TEST_STEP][PASSED] - Statement - PreSaveFile = new java.io.File(((pathPrefix + java.lang.Integer.toString(counter)) + .png)): null

2018-12-05 12:51:22 - [TEST_STEP][PASSED] - Statement - counter = counter + 1: null

2018-12-05 12:51:22 - [TEST_STEP][PASSED] - Statement - PreSaveFile = new java.io.File(((pathPrefix + java.lang.Integer.toString(counter)) + .png)): null

2018-12-05 12:51:22 - [TEST_STEP][PASSED] - Statement - counter = counter + 1: null

2018-12-05 12:51:22 - [TEST_STEP][PASSED] - Statement - PreSaveFile = new java.io.File(((pathPrefix + java.lang.Integer.toString(counter)) + .png)): null

2018-12-05 12:51:22 - [TEST_STEP][PASSED] - Statement - counter = counter + 1: null

2018-12-05 12:51:22 - [TEST_STEP][PASSED] - Statement - PreSaveFile = new java.io.File(((pathPrefix + java.lang.Integer.toString(counter)) + .png)): null

2018-12-05 12:51:22 - [TEST_STEP][PASSED] - Statement - counter = counter + 1: null

2018-12-05 12:51:22 - [TEST_STEP][PASSED] - Statement - PreSaveFile = new java.io.File(((pathPrefix + java.lang.Integer.toString(counter)) + .png)): null

2018-12-05 12:51:22 - [TEST_STEP][PASSED] - Statement - counter = counter + 1: null

2018-12-05 12:51:22 - [TEST_STEP][PASSED] - Statement - PreSaveFile = new java.io.File(((pathPrefix + java.lang.Integer.toString(counter)) + .png)): null

2018-12-05 12:51:22 - [TEST_STEP][PASSED] - Statement - counter = counter + 1: null

2018-12-05 12:51:22 - [TEST_STEP][PASSED] - Statement - PreSaveFile = new java.io.File(((pathPrefix + java.lang.Integer.toString(counter)) + .png)): null

2018-12-05 12:51:22 - [TEST_STEP][PASSED] - Statement - counter = counter + 1: null

2018-12-05 12:51:22 - [TEST_STEP][PASSED] - Statement - PreSaveFile = new java.io.File(((pathPrefix + java.lang.Integer.toString(counter)) + .png)): null

2018-12-05 12:51:22 - [TEST_STEP][PASSED] - Statement - counter = counter + 1: null

2018-12-05 12:51:22 - [TEST_STEP][PASSED] - Statement - PreSaveFile = new java.io.File(((pathPrefix + java.lang.Integer.toString(counter)) + .png)): null

2018-12-05 12:51:22 - [TEST_STEP][PASSED] - Statement - counter = counter + 1: null

2018-12-05 12:51:23 - [TEST_STEP][PASSED] - Statement - PreSaveFile = new java.io.File(((pathPrefix + java.lang.Integer.toString(counter)) + .png)): null

2018-12-05 12:51:23 - [TEST_STEP][PASSED] - Statement - counter = counter + 1: null

2018-12-05 12:51:23 - [TEST_STEP][PASSED] - Statement - PreSaveFile = new java.io.File(((pathPrefix + java.lang.Integer.toString(counter)) + .png)): null

2018-12-05 12:51:23 - [TEST_STEP][PASSED] - Statement - counter = counter + 1: null

2018-12-05 12:51:23 - [TEST_STEP][PASSED] - Statement - PreSaveFile = new java.io.File(((pathPrefix + java.lang.Integer.toString(counter)) + .png)): null

2018-12-05 12:51:23 - [TEST_STEP][PASSED] - Statement - counter = counter + 1: null

2018-12-05 12:51:23 - [TEST_STEP][PASSED] - Statement - PreSaveFile = new java.io.File(((pathPrefix + java.lang.Integer.toString(counter)) + .png)): null

2018-12-05 12:51:23 - [TEST_STEP][PASSED] - Statement - counter = counter + 1: null

2018-12-05 12:51:23 - [TEST_STEP][PASSED] - Statement - PreSaveFile = new java.io.File(((pathPrefix + java.lang.Integer.toString(counter)) + .png)): null

2018-12-05 12:51:23 - [TEST_STEP][PASSED] - Statement - counter = counter + 1: null

2018-12-05 12:51:23 - [TEST_STEP][PASSED] - Statement - PreSaveFile = new java.io.File(((pathPrefix + java.lang.Integer.toString(counter)) + .png)): null

2018-12-05 12:51:23 - [TEST_STEP][PASSED] - Statement - counter = counter + 1: null

2018-12-05 12:51:23 - [TEST_STEP][PASSED] - Statement - PreSaveFile = new java.io.File(((pathPrefix + java.lang.Integer.toString(counter)) + .png)): null

2018-12-05 12:51:23 - [TEST_STEP][PASSED] - Statement - counter = counter + 1: null

2018-12-05 12:51:23 - [TEST_STEP][PASSED] - Statement - PreSaveFile = new java.io.File(((pathPrefix + java.lang.Integer.toString(counter)) + .png)): null

2018-12-05 12:51:23 - [TEST_STEP][PASSED] - Statement - counter = counter + 1: null

2018-12-05 12:51:23 - [TEST_STEP][PASSED] - Statement - PreSaveFile = new java.io.File(((pathPrefix + java.lang.Integer.toString(counter)) + .png)): null

2018-12-05 12:51:23 - [TEST_STEP][PASSED] - Statement - counter = counter + 1: null

2018-12-05 12:51:23 - [TEST_STEP][PASSED] - Statement - PreSaveFile = new java.io.File(((pathPrefix + java.lang.Integer.toString(counter)) + .png)): null

2018-12-05 12:51:23 - [TEST_STEP][PASSED] - Statement - counter = counter + 1: null

2018-12-05 12:51:23 - [TEST_STEP][PASSED] - Statement - PreSaveFile = new java.io.File(((pathPrefix + java.lang.Integer.toString(counter)) + .png)): null

2018-12-05 12:51:23 - [TEST_STEP][PASSED] - Statement - counter = counter + 1: null

2018-12-05 12:51:23 - [TEST_STEP][PASSED] - Statement - PreSaveFile = new java.io.File(((pathPrefix + java.lang.Integer.toString(counter)) + .png)): null

2018-12-05 12:51:23 - [TEST_STEP][PASSED] - Statement - counter = counter + 1: null

2018-12-05 12:51:23 - [TEST_STEP][PASSED] - Statement - PreSaveFile = new java.io.File(((pathPrefix + java.lang.Integer.toString(counter)) + .png)): null

2018-12-05 12:51:23 - [TEST_STEP][PASSED] - Statement - counter = counter + 1: null

2018-12-05 12:51:23 - [TEST_STEP][PASSED] - Statement - PreSaveFile = new java.io.File(((pathPrefix + java.lang.Integer.toString(counter)) + .png)): null

2018-12-05 12:51:23 - [TEST_STEP][PASSED] - Statement - counter = counter + 1: null

2018-12-05 12:51:23 - [TEST_STEP][PASSED] - Statement - PreSaveFile = new java.io.File(((pathPrefix + java.lang.Integer.toString(counter)) + .png)): null

2018-12-05 12:51:23 - [TEST_STEP][PASSED] - Statement - counter = counter + 1: null

2018-12-05 12:51:24 - [TEST_STEP][PASSED] - Statement - PreSaveFile = new java.io.File(((pathPrefix + java.lang.Integer.toString(counter)) + .png)): null

2018-12-05 12:51:24 - [TEST_STEP][PASSED] - Statement - counter = counter + 1: null

2018-12-05 12:51:24 - [TEST_STEP][PASSED] - Statement - PreSaveFile = new java.io.File(((pathPrefix + java.lang.Integer.toString(counter)) + .png)): null

2018-12-05 12:51:24 - [TEST_STEP][PASSED] - Statement - counter = counter + 1: null

2018-12-05 12:51:24 - [TEST_STEP][PASSED] - Statement - PreSaveFile = new java.io.File(((pathPrefix + java.lang.Integer.toString(counter)) + .png)): null

2018-12-05 12:51:24 - [TEST_STEP][PASSED] - Statement - counter = counter + 1: null

2018-12-05 12:51:24 - [TEST_STEP][PASSED] - Statement - PreSaveFile = new java.io.File(((pathPrefix + java.lang.Integer.toString(counter)) + .png)): null

2018-12-05 12:51:24 - [TEST_STEP][PASSED] - Statement - counter = counter + 1: null

2018-12-05 12:51:24 - [TEST_STEP][PASSED] - Statement - PreSaveFile = new java.io.File(((pathPrefix + java.lang.Integer.toString(counter)) + .png)): null

2018-12-05 12:51:24 - [TEST_STEP][PASSED] - Statement - counter = counter + 1: null

2018-12-05 12:51:24 - [TEST_STEP][PASSED] - Statement - PreSaveFile = new java.io.File(((pathPrefix + java.lang.Integer.toString(counter)) + .png)): null

2018-12-05 12:51:24 - [TEST_STEP][PASSED] - Statement - counter = counter + 1: null

2018-12-05 12:51:24 - [TEST_STEP][PASSED] - Statement - PreSaveFile = new java.io.File(((pathPrefix + java.lang.Integer.toString(counter)) + .png)): null

2018-12-05 12:51:24 - [TEST_STEP][PASSED] - Statement - counter = counter + 1: null

2018-12-05 12:51:24 - [TEST_STEP][PASSED] - Statement - PreSaveFile = new java.io.File(((pathPrefix + java.lang.Integer.toString(counter)) + .png)): null

2018-12-05 12:51:24 - [TEST_STEP][PASSED] - Statement - counter = counter + 1: null

2018-12-05 12:51:24 - [TEST_STEP][PASSED] - Statement - PreSaveFile = new java.io.File(((pathPrefix + java.lang.Integer.toString(counter)) + .png)): null

2018-12-05 12:51:24 - [TEST_STEP][PASSED] - Statement - counter = counter + 1: null

2018-12-05 12:51:24 - [TEST_STEP][PASSED] - Statement - PreSaveFile = new java.io.File(((pathPrefix + java.lang.Integer.toString(counter)) + .png)): null

2018-12-05 12:51:24 - [TEST_STEP][PASSED] - Statement - counter = counter + 1: null

2018-12-05 12:51:24 - [TEST_STEP][PASSED] - Statement - PreSaveFile = new java.io.File(((pathPrefix + java.lang.Integer.toString(counter)) + .png)): null

2018-12-05 12:51:24 - [TEST_STEP][PASSED] - Statement - counter = counter + 1: null

2018-12-05 12:51:24 - [TEST_STEP][PASSED] - Statement - PreSaveFile = new java.io.File(((pathPrefix + java.lang.Integer.toString(counter)) + .png)): null

2018-12-05 12:51:24 - [TEST_STEP][PASSED] - Statement - counter = counter + 1: null

2018-12-05 12:51:24 - [TEST_STEP][PASSED] - Statement - PreSaveFile = new java.io.File(((pathPrefix + java.lang.Integer.toString(counter)) + .png)): null

2018-12-05 12:51:24 - [TEST_STEP][PASSED] - Statement - counter = counter + 1: null

2018-12-05 12:51:24 - [TEST_STEP][PASSED] - Statement - PreSaveFile = new java.io.File(((pathPrefix + java.lang.Integer.toString(counter)) + .png)): null

2018-12-05 12:51:24 - [TEST_STEP][PASSED] - Statement - counter = counter + 1: null

2018-12-05 12:51:25 - [TEST_STEP][PASSED] - Statement - PreSaveFile = new java.io.File(((pathPrefix + java.lang.Integer.toString(counter)) + .png)): null

2018-12-05 12:51:25 - [TEST_STEP][PASSED] - Statement - counter = counter + 1: null

2018-12-05 12:51:25 - [TEST_STEP][PASSED] - Statement - PreSaveFile = new java.io.File(((pathPrefix + java.lang.Integer.toString(counter)) + .png)): null

2018-12-05 12:51:25 - [TEST_STEP][PASSED] - Statement - counter = counter + 1: null

2018-12-05 12:51:25 - [TEST_STEP][PASSED] - Statement - PreSaveFile = new java.io.File(((pathPrefix + java.lang.Integer.toString(counter)) + .png)): null

2018-12-05 12:51:25 - [TEST_STEP][PASSED] - Statement - counter = counter + 1: null

2018-12-05 12:51:25 - [TEST_STEP][PASSED] - Statement - PreSaveFile = new java.io.File(((pathPrefix + java.lang.Integer.toString(counter)) + .png)): null

2018-12-05 12:51:25 - [TEST_STEP][PASSED] - Statement - counter = counter + 1: null

2018-12-05 12:51:25 - [TEST_STEP][PASSED] - Statement - PreSaveFile = new java.io.File(((pathPrefix + java.lang.Integer.toString(counter)) + .png)): null

2018-12-05 12:51:25 - [TEST_STEP][PASSED] - Statement - counter = counter + 1: null

2018-12-05 12:51:25 - [TEST_STEP][PASSED] - Statement - PreSaveFile = new java.io.File(((pathPrefix + java.lang.Integer.toString(counter)) + .png)): null

2018-12-05 12:51:25 - [TEST_STEP][PASSED] - Statement - counter = counter + 1: null

2018-12-05 12:51:25 - [TEST_STEP][PASSED] - Statement - PreSaveFile = new java.io.File(((pathPrefix + java.lang.Integer.toString(counter)) + .png)): null

2018-12-05 12:51:25 - [TEST_STEP][PASSED] - Statement - counter = counter + 1: null

2018-12-05 12:51:25 - [TEST_STEP][PASSED] - Statement - PreSaveFile = new java.io.File(((pathPrefix + java.lang.Integer.toString(counter)) + .png)): null

2018-12-05 12:51:25 - [TEST_STEP][PASSED] - Statement - counter = counter + 1: null

2018-12-05 12:51:25 - [TEST_STEP][PASSED] - Statement - PreSaveFile = new java.io.File(((pathPrefix + java.lang.Integer.toString(counter)) + .png)): null

2018-12-05 12:51:25 - [TEST_STEP][PASSED] - Statement - counter = counter + 1: null

2018-12-05 12:51:25 - [TEST_STEP][PASSED] - Statement - PreSaveFile = new java.io.File(((pathPrefix + java.lang.Integer.toString(counter)) + .png)): null

2018-12-05 12:51:25 - [TEST_STEP][PASSED] - Statement - counter = counter + 1: null

2018-12-05 12:51:25 - [TEST_STEP][PASSED] - Statement - PreSaveFile = new java.io.File(((pathPrefix + java.lang.Integer.toString(counter)) + .png)): null

2018-12-05 12:51:25 - [TEST_STEP][PASSED] - Statement - counter = counter + 1: null

2018-12-05 12:51:25 - [TEST_STEP][PASSED] - Statement - PreSaveFile = new java.io.File(((pathPrefix + java.lang.Integer.toString(counter)) + .png)): null

2018-12-05 12:51:25 - [TEST_STEP][PASSED] - Statement - counter = counter + 1: null

2018-12-05 12:51:25 - [TEST_STEP][PASSED] - Statement - PreSaveFile = new java.io.File(((pathPrefix + java.lang.Integer.toString(counter)) + .png)): null

2018-12-05 12:51:25 - [TEST_STEP][PASSED] - Statement - counter = counter + 1: null

2018-12-05 12:51:25 - [TEST_STEP][PASSED] - Statement - PreSaveFile = new java.io.File(((pathPrefix + java.lang.Integer.toString(counter)) + .png)): null

2018-12-05 12:51:25 - [TEST_STEP][PASSED] - Statement - counter = counter + 1: null

2018-12-05 12:51:25 - [TEST_STEP][PASSED] - Statement - PreSaveFile = new java.io.File(((pathPrefix + java.lang.Integer.toString(counter)) + .png)): null

2018-12-05 12:51:26 - [TEST_STEP][PASSED] - Statement - counter = counter + 1: null

2018-12-05 12:51:26 - [TEST_STEP][PASSED] - Statement - PreSaveFile = new java.io.File(((pathPrefix + java.lang.Integer.toString(counter)) + .png)): null

2018-12-05 12:51:26 - [TEST_STEP][PASSED] - Statement - counter = counter + 1: null

2018-12-05 12:51:26 - [TEST_STEP][PASSED] - Statement - PreSaveFile = new java.io.File(((pathPrefix + java.lang.Integer.toString(counter)) + .png)): null

2018-12-05 12:51:26 - [TEST_STEP][PASSED] - Statement - counter = counter + 1: null

2018-12-05 12:51:26 - [TEST_STEP][PASSED] - Statement - PreSaveFile = new java.io.File(((pathPrefix + java.lang.Integer.toString(counter)) + .png)): null

2018-12-05 12:51:26 - [TEST_STEP][PASSED] - Statement - counter = counter + 1: null

2018-12-05 12:51:26 - [TEST_STEP][PASSED] - Statement - PreSaveFile = new java.io.File(((pathPrefix + java.lang.Integer.toString(counter)) + .png)): null

2018-12-05 12:51:26 - [TEST_STEP][PASSED] - Statement - counter = counter + 1: null

2018-12-05 12:51:26 - [TEST_STEP][PASSED] - Statement - PreSaveFile = new java.io.File(((pathPrefix + java.lang.Integer.toString(counter)) + .png)): null

2018-12-05 12:51:26 - [TEST_STEP][PASSED] - Statement - counter = counter + 1: null

2018-12-05 12:51:26 - [TEST_STEP][PASSED] - Statement - PreSaveFile = new java.io.File(((pathPrefix + java.lang.Integer.toString(counter)) + .png)): null

2018-12-05 12:51:26 - [TEST_STEP][PASSED] - Statement - counter = counter + 1: null

2018-12-05 12:51:26 - [TEST_STEP][PASSED] - Statement - PreSaveFile = new java.io.File(((pathPrefix + java.lang.Integer.toString(counter)) + .png)): null

2018-12-05 12:51:26 - [TEST_STEP][PASSED] - Statement - counter = counter + 1: null

2018-12-05 12:51:26 - [TEST_STEP][PASSED] - Statement - PreSaveFile = new java.io.File(((pathPrefix + java.lang.Integer.toString(counter)) + .png)): null

2018-12-05 12:51:26 - [TEST_STEP][PASSED] - Statement - counter = counter + 1: null

2018-12-05 12:51:26 - [TEST_STEP][PASSED] - Statement - PreSaveFile = new java.io.File(((pathPrefix + java.lang.Integer.toString(counter)) + .png)): null

2018-12-05 12:51:26 - [TEST_STEP][PASSED] - Statement - counter = counter + 1: null

2018-12-05 12:51:26 - [TEST_STEP][PASSED] - Statement - PreSaveFile = new java.io.File(((pathPrefix + java.lang.Integer.toString(counter)) + .png)): null

2018-12-05 12:51:26 - [TEST_STEP][PASSED] - Statement - counter = counter + 1: null

2018-12-05 12:51:26 - [TEST_STEP][PASSED] - Statement - PreSaveFile = new java.io.File(((pathPrefix + java.lang.Integer.toString(counter)) + .png)): null

2018-12-05 12:51:26 - [TEST_STEP][PASSED] - Statement - counter = counter + 1: null

2018-12-05 12:51:26 - [TEST_STEP][PASSED] - Statement - PreSaveFile = new java.io.File(((pathPrefix + java.lang.Integer.toString(counter)) + .png)): null

2018-12-05 12:51:26 - [TEST_STEP][PASSED] - Statement - counter = counter + 1: null

2018-12-05 12:51:26 - [TEST_STEP][PASSED] - Statement - PreSaveFile = new java.io.File(((pathPrefix + java.lang.Integer.toString(counter)) + .png)): null

2018-12-05 12:51:26 - [TEST_STEP][PASSED] - Statement - counter = counter + 1: null

2018-12-05 12:51:26 - [TEST_STEP][PASSED] - Statement - PreSaveFile = new java.io.File(((pathPrefix + java.lang.Integer.toString(counter)) + .png)): null

2018-12-05 12:51:26 - [TEST_STEP][PASSED] - Statement - counter = counter + 1: null

2018-12-05 12:51:27 - [TEST_STEP][PASSED] - Statement - PreSaveFile = new java.io.File(((pathPrefix + java.lang.Integer.toString(counter)) + .png)): null

2018-12-05 12:51:27 - [TEST_STEP][PASSED] - Statement - counter = counter + 1: null

2018-12-05 12:51:27 - [TEST_STEP][PASSED] - Statement - PreSaveFile = new java.io.File(((pathPrefix + java.lang.Integer.toString(counter)) + .png)): null

2018-12-05 12:51:27 - [TEST_STEP][PASSED] - Statement - counter = counter + 1: null

2018-12-05 12:51:27 - [TEST_STEP][PASSED] - Statement - PreSaveFile = new java.io.File(((pathPrefix + java.lang.Integer.toString(counter)) + .png)): null

2018-12-05 12:51:27 - [TEST_STEP][PASSED] - Statement - counter = counter + 1: null

2018-12-05 12:51:27 - [TEST_STEP][PASSED] - Statement - PreSaveFile = new java.io.File(((pathPrefix + java.lang.Integer.toString(counter)) + .png)): null

2018-12-05 12:51:27 - [TEST_STEP][PASSED] - Statement - counter = counter + 1: null

2018-12-05 12:51:27 - [TEST_STEP][PASSED] - Statement - PreSaveFile = new java.io.File(((pathPrefix + java.lang.Integer.toString(counter)) + .png)): null

2018-12-05 12:51:27 - [TEST_STEP][PASSED] - Statement - counter = counter + 1: null

2018-12-05 12:51:27 - [TEST_STEP][PASSED] - Statement - PreSaveFile = new java.io.File(((pathPrefix + java.lang.Integer.toString(counter)) + .png)): null

2018-12-05 12:51:27 - [TEST_STEP][PASSED] - Statement - counter = counter + 1: null

2018-12-05 12:51:27 - [TEST_STEP][PASSED] - Statement - PreSaveFile = new java.io.File(((pathPrefix + java.lang.Integer.toString(counter)) + .png)): null

2018-12-05 12:51:27 - [TEST_STEP][PASSED] - Statement - counter = counter + 1: null

2018-12-05 12:51:27 - [TEST_STEP][PASSED] - Statement - PreSaveFile = new java.io.File(((pathPrefix + java.lang.Integer.toString(counter)) + .png)): null

2018-12-05 12:51:27 - [TEST_STEP][PASSED] - Statement - counter = counter + 1: null

2018-12-05 12:51:27 - [TEST_STEP][PASSED] - Statement - PreSaveFile = new java.io.File(((pathPrefix + java.lang.Integer.toString(counter)) + .png)): null

2018-12-05 12:51:27 - [TEST_STEP][PASSED] - Statement - counter = counter + 1: null

2018-12-05 12:51:27 - [TEST_STEP][PASSED] - Statement - PreSaveFile = new java.io.File(((pathPrefix + java.lang.Integer.toString(counter)) + .png)): null

2018-12-05 12:51:27 - [TEST_STEP][PASSED] - Statement - counter = counter + 1: null

2018-12-05 12:51:27 - [TEST_STEP][PASSED] - Statement - PreSaveFile = new java.io.File(((pathPrefix + java.lang.Integer.toString(counter)) + .png)): null

2018-12-05 12:51:27 - [TEST_STEP][PASSED] - Statement - counter = counter + 1: null

2018-12-05 12:51:27 - [TEST_STEP][PASSED] - Statement - PreSaveFile = new java.io.File(((pathPrefix + java.lang.Integer.toString(counter)) + .png)): null

2018-12-05 12:51:27 - [TEST_STEP][PASSED] - Statement - counter = counter + 1: null

2018-12-05 12:51:27 - [TEST_STEP][PASSED] - Statement - PreSaveFile = new java.io.File(((pathPrefix + java.lang.Integer.toString(counter)) + .png)): null

2018-12-05 12:51:27 - [TEST_STEP][PASSED] - Statement - counter = counter + 1: null

2018-12-05 12:51:27 - [TEST_STEP][PASSED] - Statement - PreSaveFile = new java.io.File(((pathPrefix + java.lang.Integer.toString(counter)) + .png)): null

2018-12-05 12:51:27 - [TEST_STEP][PASSED] - Statement - counter = counter + 1: null

2018-12-05 12:51:28 - [TEST_STEP][PASSED] - Statement - PreSaveFile = new java.io.File(((pathPrefix + java.lang.Integer.toString(counter)) + .png)): null

2018-12-05 12:51:28 - [TEST_STEP][PASSED] - Statement - counter = counter + 1: null

2018-12-05 12:51:28 - [TEST_STEP][PASSED] - Statement - PreSaveFile = new java.io.File(((pathPrefix + java.lang.Integer.toString(counter)) + .png)): null

2018-12-05 12:51:28 - [TEST_STEP][PASSED] - Statement - counter = counter + 1: null

2018-12-05 12:51:28 - [TEST_STEP][PASSED] - Statement - PreSaveFile = new java.io.File(((pathPrefix + java.lang.Integer.toString(counter)) + .png)): null

2018-12-05 12:51:28 - [TEST_STEP][PASSED] - Statement - counter = counter + 1: null

2018-12-05 12:51:28 - [TEST_STEP][PASSED] - Statement - PreSaveFile = new java.io.File(((pathPrefix + java.lang.Integer.toString(counter)) + .png)): null

2018-12-05 12:51:28 - [TEST_STEP][PASSED] - Statement - counter = counter + 1: null

2018-12-05 12:51:28 - [TEST_STEP][PASSED] - Statement - PreSaveFile = new java.io.File(((pathPrefix + java.lang.Integer.toString(counter)) + .png)): null

2018-12-05 12:51:28 - [TEST_STEP][PASSED] - Statement - counter = counter + 1: null

2018-12-05 12:51:28 - [TEST_STEP][PASSED] - Statement - PreSaveFile = new java.io.File(((pathPrefix + java.lang.Integer.toString(counter)) + .png)): null

2018-12-05 12:51:28 - [TEST_STEP][PASSED] - Statement - counter = counter + 1: null

2018-12-05 12:51:28 - [TEST_STEP][PASSED] - Statement - PreSaveFile = new java.io.File(((pathPrefix + java.lang.Integer.toString(counter)) + .png)): null

2018-12-05 12:51:28 - [TEST_STEP][PASSED] - Statement - counter = counter + 1: null

2018-12-05 12:51:28 - [TEST_STEP][PASSED] - Statement - PreSaveFile = new java.io.File(((pathPrefix + java.lang.Integer.toString(counter)) + .png)): null

2018-12-05 12:51:28 - [TEST_STEP][PASSED] - Statement - counter = counter + 1: null

2018-12-05 12:51:28 - [TEST_STEP][PASSED] - Statement - PreSaveFile = new java.io.File(((pathPrefix + java.lang.Integer.toString(counter)) + .png)): null

2018-12-05 12:51:28 - [TEST_STEP][PASSED] - Statement - counter = counter + 1: null

2018-12-05 12:51:28 - [TEST_STEP][PASSED] - Statement - PreSaveFile = new java.io.File(((pathPrefix + java.lang.Integer.toString(counter)) + .png)): null

2018-12-05 12:51:28 - [TEST_STEP][PASSED] - Statement - counter = counter + 1: null

2018-12-05 12:51:28 - [TEST_STEP][PASSED] - Statement - PreSaveFile = new java.io.File(((pathPrefix + java.lang.Integer.toString(counter)) + .png)): null

2018-12-05 12:51:28 - [TEST_STEP][PASSED] - Statement - counter = counter + 1: null

2018-12-05 12:51:28 - [TEST_STEP][PASSED] - Statement - PreSaveFile = new java.io.File(((pathPrefix + java.lang.Integer.toString(counter)) + .png)): null

2018-12-05 12:51:28 - [TEST_STEP][PASSED] - Statement - counter = counter + 1: null

2018-12-05 12:51:28 - [TEST_STEP][PASSED] - Statement - PreSaveFile = new java.io.File(((pathPrefix + java.lang.Integer.toString(counter)) + .png)): null

2018-12-05 12:51:28 - [TEST_STEP][PASSED] - Statement - counter = counter + 1: null

2018-12-05 12:51:28 - [TEST_STEP][PASSED] - Statement - PreSaveFile = new java.io.File(((pathPrefix + java.lang.Integer.toString(counter)) + .png)): null

2018-12-05 12:51:28 - [TEST_STEP][PASSED] - Statement - counter = counter + 1: null

2018-12-05 12:51:28 - [TEST_STEP][PASSED] - Statement - PreSaveFile = new java.io.File(((pathPrefix + java.lang.Integer.toString(counter)) + .png)): null

2018-12-05 12:51:28 - [TEST_STEP][PASSED] - Statement - counter = counter + 1: null

2018-12-05 12:51:28 - [TEST_STEP][PASSED] - Statement - PreSaveFile = new java.io.File(((pathPrefix + java.lang.Integer.toString(counter)) + .png)): null

2018-12-05 12:51:28 - [TEST_STEP][PASSED] - Statement - counter = counter + 1: null

2018-12-05 12:51:28 - [TEST_STEP][PASSED] - Statement - PreSaveFile = new java.io.File(((pathPrefix + java.lang.Integer.toString(counter)) + .png)): null

2018-12-05 12:51:28 - [TEST_STEP][PASSED] - Statement - counter = counter + 1: null

2018-12-05 12:51:28 - [TEST_STEP][PASSED] - Statement - PreSaveFile = new java.io.File(((pathPrefix + java.lang.Integer.toString(counter)) + .png)): null

2018-12-05 12:51:28 - [TEST_STEP][PASSED] - Statement - counter = counter + 1: null

2018-12-05 12:51:28 - [TEST_STEP][PASSED] - Statement - PreSaveFile = new java.io.File(((pathPrefix + java.lang.Integer.toString(counter)) + .png)): null

2018-12-05 12:51:28 - [TEST_STEP][PASSED] - Statement - counter = counter + 1: null

2018-12-05 12:51:28 - [TEST_STEP][PASSED] - Statement - PreSaveFile = new java.io.File(((pathPrefix + java.lang.Integer.toString(counter)) + .png)): null

2018-12-05 12:51:28 - [TEST_STEP][PASSED] - Statement - counter = counter + 1: null

2018-12-05 12:51:29 - [TEST_STEP][PASSED] - Statement - PreSaveFile = new java.io.File(((pathPrefix + java.lang.Integer.toString(counter)) + .png)): null

2018-12-05 12:51:29 - [TEST_STEP][PASSED] - Statement - counter = counter + 1: null

2018-12-05 12:51:29 - [TEST_STEP][PASSED] - Statement - PreSaveFile = new java.io.File(((pathPrefix + java.lang.Integer.toString(counter)) + .png)): null

2018-12-05 12:51:29 - [TEST_STEP][PASSED] - Statement - counter = counter + 1: null

2018-12-05 12:51:29 - [TEST_STEP][PASSED] - Statement - PreSaveFile = new java.io.File(((pathPrefix + java.lang.Integer.toString(counter)) + .png)): null

2018-12-05 12:51:29 - [TEST_STEP][PASSED] - Statement - counter = counter + 1: null

2018-12-05 12:51:29 - [TEST_STEP][PASSED] - Statement - PreSaveFile = new java.io.File(((pathPrefix + java.lang.Integer.toString(counter)) + .png)): null

2018-12-05 12:51:29 - [TEST_STEP][PASSED] - Statement - counter = counter + 1: null

2018-12-05 12:51:29 - [TEST_STEP][PASSED] - Statement - PreSaveFile = new java.io.File(((pathPrefix + java.lang.Integer.toString(counter)) + .png)): null

2018-12-05 12:51:29 - [TEST_STEP][PASSED] - Statement - counter = counter + 1: null

2018-12-05 12:51:29 - [TEST_STEP][PASSED] - Statement - PreSaveFile = new java.io.File(((pathPrefix + java.lang.Integer.toString(counter)) + .png)): null

2018-12-05 12:51:29 - [TEST_STEP][PASSED] - Statement - counter = counter + 1: null

2018-12-05 12:51:29 - [TEST_STEP][PASSED] - Statement - PreSaveFile = new java.io.File(((pathPrefix + java.lang.Integer.toString(counter)) + .png)): null

2018-12-05 12:51:29 - [TEST_STEP][PASSED] - Statement - counter = counter + 1: null

2018-12-05 12:51:29 - [TEST_STEP][PASSED] - Statement - PreSaveFile = new java.io.File(((pathPrefix + java.lang.Integer.toString(counter)) + .png)): null

2018-12-05 12:51:29 - [TEST_STEP][PASSED] - Statement - counter = counter + 1: null

2018-12-05 12:51:29 - [TEST_STEP][PASSED] - Statement - PreSaveFile = new java.io.File(((pathPrefix + java.lang.Integer.toString(counter)) + .png)): null

2018-12-05 12:51:29 - [TEST_STEP][PASSED] - Statement - counter = counter + 1: null

2018-12-05 12:51:29 - [TEST_STEP][PASSED] - Statement - PreSaveFile = new java.io.File(((pathPrefix + java.lang.Integer.toString(counter)) + .png)): null

2018-12-05 12:51:29 - [TEST_STEP][PASSED] - Statement - counter = counter + 1: null

2018-12-05 12:51:29 - [TEST_STEP][PASSED] - Statement - PreSaveFile = new java.io.File(((pathPrefix + java.lang.Integer.toString(counter)) + .png)): null

2018-12-05 12:51:29 - [TEST_STEP][PASSED] - Statement - counter = counter + 1: null

2018-12-05 12:51:29 - [TEST_STEP][PASSED] - Statement - PreSaveFile = new java.io.File(((pathPrefix + java.lang.Integer.toString(counter)) + .png)): null

2018-12-05 12:51:29 - [TEST_STEP][PASSED] - Statement - counter = counter + 1: null

2018-12-05 12:51:29 - [TEST_STEP][PASSED] - Statement - PreSaveFile = new java.io.File(((pathPrefix + java.lang.Integer.toString(counter)) + .png)): null

2018-12-05 12:51:29 - [TEST_STEP][PASSED] - Statement - counter = counter + 1: null

2018-12-05 12:51:29 - [TEST_STEP][PASSED] - Statement - PreSaveFile = new java.io.File(((pathPrefix + java.lang.Integer.toString(counter)) + .png)): null

2018-12-05 12:51:29 - [TEST_STEP][PASSED] - Statement - counter = counter + 1: null

2018-12-05 12:51:30 - [TEST_STEP][PASSED] - Statement - PreSaveFile = new java.io.File(((pathPrefix + java.lang.Integer.toString(counter)) + .png)): null

2018-12-05 12:51:30 - [TEST_STEP][PASSED] - Statement - counter = counter + 1: null

2018-12-05 12:51:30 - [TEST_STEP][PASSED] - Statement - PreSaveFile = new java.io.File(((pathPrefix + java.lang.Integer.toString(counter)) + .png)): null

2018-12-05 12:51:30 - [TEST_STEP][PASSED] - Statement - counter = counter + 1: null

2018-12-05 12:51:30 - [TEST_STEP][PASSED] - Statement - PreSaveFile = new java.io.File(((pathPrefix + java.lang.Integer.toString(counter)) + .png)): null

2018-12-05 12:51:30 - [TEST_STEP][PASSED] - Statement - counter = counter + 1: null

2018-12-05 12:51:30 - [TEST_STEP][PASSED] - Statement - PreSaveFile = new java.io.File(((pathPrefix + java.lang.Integer.toString(counter)) + .png)): null

2018-12-05 12:51:30 - [TEST_STEP][PASSED] - Statement - counter = counter + 1: null

2018-12-05 12:51:30 - [TEST_STEP][PASSED] - Statement - PreSaveFile = new java.io.File(((pathPrefix + java.lang.Integer.toString(counter)) + .png)): null

2018-12-05 12:51:30 - [TEST_STEP][PASSED] - Statement - counter = counter + 1: null

2018-12-05 12:51:30 - [TEST_STEP][PASSED] - Statement - PreSaveFile = new java.io.File(((pathPrefix + java.lang.Integer.toString(counter)) + .png)): null

2018-12-05 12:51:30 - [TEST_STEP][PASSED] - Statement - counter = counter + 1: null

2018-12-05 12:51:30 - [TEST_STEP][PASSED] - Statement - PreSaveFile = new java.io.File(((pathPrefix + java.lang.Integer.toString(counter)) + .png)): null

2018-12-05 12:51:30 - [TEST_STEP][PASSED] - Statement - counter = counter + 1: null

2018-12-05 12:51:30 - [TEST_STEP][PASSED] - Statement - PreSaveFile = new java.io.File(((pathPrefix + java.lang.Integer.toString(counter)) + .png)): null

2018-12-05 12:51:30 - [TEST_STEP][PASSED] - Statement - counter = counter + 1: null

2018-12-05 12:51:30 - [TEST_STEP][PASSED] - Statement - PreSaveFile = new java.io.File(((pathPrefix + java.lang.Integer.toString(counter)) + .png)): null

2018-12-05 12:51:30 - [TEST_STEP][PASSED] - Statement - counter = counter + 1: null

2018-12-05 12:51:30 - [TEST_STEP][PASSED] - Statement - PreSaveFile = new java.io.File(((pathPrefix + java.lang.Integer.toString(counter)) + .png)): null

2018-12-05 12:51:30 - [TEST_STEP][PASSED] - Statement - counter = counter + 1: null

2018-12-05 12:51:30 - [TEST_STEP][PASSED] - Statement - PreSaveFile = new java.io.File(((pathPrefix + java.lang.Integer.toString(counter)) + .png)): null

2018-12-05 12:51:30 - [TEST_STEP][PASSED] - Statement - counter = counter + 1: null

2018-12-05 12:51:30 - [TEST_STEP][PASSED] - Statement - PreSaveFile = new java.io.File(((pathPrefix + java.lang.Integer.toString(counter)) + .png)): null

2018-12-05 12:51:30 - [TEST_STEP][PASSED] - Statement - counter = counter + 1: null

2018-12-05 12:51:30 - [TEST_STEP][PASSED] - Statement - PreSaveFile = new java.io.File(((pathPrefix + java.lang.Integer.toString(counter)) + .png)): null

2018-12-05 12:51:30 - [TEST_STEP][PASSED] - Statement - counter = counter + 1: null

2018-12-05 12:51:30 - [TEST_STEP][PASSED] - Statement - PreSaveFile = new java.io.File(((pathPrefix + java.lang.Integer.toString(counter)) + .png)): null

2018-12-05 12:51:30 - [TEST_STEP][PASSED] - Statement - counter = counter + 1: null

2018-12-05 12:51:30 - [TEST_STEP][PASSED] - Statement - PreSaveFile = new java.io.File(((pathPrefix + java.lang.Integer.toString(counter)) + .png)): null

2018-12-05 12:51:31 - [TEST_STEP][PASSED] - Statement - counter = counter + 1: null

2018-12-05 12:51:31 - [TEST_STEP][PASSED] - Statement - PreSaveFile = new java.io.File(((pathPrefix + java.lang.Integer.toString(counter)) + .png)): null

2018-12-05 12:51:31 - [TEST_STEP][PASSED] - Statement - counter = counter + 1: null

2018-12-05 12:51:31 - [TEST_STEP][PASSED] - Statement - PreSaveFile = new java.io.File(((pathPrefix + java.lang.Integer.toString(counter)) + .png)): null

2018-12-05 12:51:31 - [TEST_STEP][PASSED] - Statement - counter = counter + 1: null

2018-12-05 12:51:31 - [TEST_STEP][PASSED] - Statement - PreSaveFile = new java.io.File(((pathPrefix + java.lang.Integer.toString(counter)) + .png)): null

2018-12-05 12:51:31 - [TEST_STEP][PASSED] - Statement - counter = counter + 1: null

2018-12-05 12:51:31 - [TEST_STEP][PASSED] - Statement - PreSaveFile = new java.io.File(((pathPrefix + java.lang.Integer.toString(counter)) + .png)): null

2018-12-05 12:51:31 - [TEST_STEP][PASSED] - Statement - counter = counter + 1: null

2018-12-05 12:51:31 - [TEST_STEP][PASSED] - Statement - PreSaveFile = new java.io.File(((pathPrefix + java.lang.Integer.toString(counter)) + .png)): null

2018-12-05 12:51:31 - [TEST_STEP][PASSED] - Statement - counter = counter + 1: null

2018-12-05 12:51:31 - [TEST_STEP][PASSED] - Statement - PreSaveFile = new java.io.File(((pathPrefix + java.lang.Integer.toString(counter)) + .png)): null

2018-12-05 12:51:31 - [TEST_STEP][PASSED] - Statement - counter = counter + 1: null

2018-12-05 12:51:31 - [TEST_STEP][PASSED] - Statement - PreSaveFile = new java.io.File(((pathPrefix + java.lang.Integer.toString(counter)) + .png)): null

2018-12-05 12:51:31 - [TEST_STEP][PASSED] - Statement - counter = counter + 1: null

2018-12-05 12:51:31 - [TEST_STEP][PASSED] - Statement - PreSaveFile = new java.io.File(((pathPrefix + java.lang.Integer.toString(counter)) + .png)): null

2018-12-05 12:51:31 - [TEST_STEP][PASSED] - Statement - counter = counter + 1: null

2018-12-05 12:51:31 - [TEST_STEP][PASSED] - Statement - PreSaveFile = new java.io.File(((pathPrefix + java.lang.Integer.toString(counter)) + .png)): null

2018-12-05 12:51:31 - [TEST_STEP][PASSED] - Statement - counter = counter + 1: null

2018-12-05 12:51:31 - [TEST_STEP][PASSED] - Statement - PreSaveFile = new java.io.File(((pathPrefix + java.lang.Integer.toString(counter)) + .png)): null

2018-12-05 12:51:31 - [TEST_STEP][PASSED] - Statement - counter = counter + 1: null

2018-12-05 12:51:31 - [TEST_STEP][PASSED] - Statement - PreSaveFile = new java.io.File(((pathPrefix + java.lang.Integer.toString(counter)) + .png)): null

2018-12-05 12:51:31 - [TEST_STEP][PASSED] - Statement - counter = counter + 1: null

2018-12-05 12:51:31 - [TEST_STEP][PASSED] - Statement - PreSaveFile = new java.io.File(((pathPrefix + java.lang.Integer.toString(counter)) + .png)): null

2018-12-05 12:51:31 - [TEST_STEP][PASSED] - Statement - counter = counter + 1: null

2018-12-05 12:51:31 - [TEST_STEP][PASSED] - Statement - PreSaveFile = new java.io.File(((pathPrefix + java.lang.Integer.toString(counter)) + .png)): null

2018-12-05 12:51:31 - [TEST_STEP][PASSED] - Statement - counter = counter + 1: null

2018-12-05 12:51:31 - [TEST_STEP][PASSED] - Statement - PreSaveFile = new java.io.File(((pathPrefix + java.lang.Integer.toString(counter)) + .png)): null

2018-12-05 12:51:31 - [TEST_STEP][PASSED] - Statement - counter = counter + 1: null

2018-12-05 12:51:32 - [TEST_STEP][PASSED] - Statement - PreSaveFile = new java.io.File(((pathPrefix + java.lang.Integer.toString(counter)) + .png)): null

2018-12-05 12:51:32 - [TEST_STEP][PASSED] - Statement - counter = counter + 1: null

2018-12-05 12:51:32 - [TEST_STEP][PASSED] - Statement - PreSaveFile = new java.io.File(((pathPrefix + java.lang.Integer.toString(counter)) + .png)): null

2018-12-05 12:51:32 - [TEST_STEP][PASSED] - Statement - counter = counter + 1: null

2018-12-05 12:51:32 - [TEST_STEP][PASSED] - Statement - PreSaveFile = new java.io.File(((pathPrefix + java.lang.Integer.toString(counter)) + .png)): null

2018-12-05 12:51:32 - [TEST_STEP][PASSED] - Statement - counter = counter + 1: null

2018-12-05 12:51:32 - [TEST_STEP][PASSED] - Statement - PreSaveFile = new java.io.File(((pathPrefix + java.lang.Integer.toString(counter)) + .png)): null

2018-12-05 12:51:32 - [TEST_STEP][PASSED] - Statement - counter = counter + 1: null

2018-12-05 12:51:32 - [TEST_STEP][PASSED] - Statement - PreSaveFile = new java.io.File(((pathPrefix + java.lang.Integer.toString(counter)) + .png)): null

2018-12-05 12:51:32 - [TEST_STEP][PASSED] - Statement - counter = counter + 1: null

2018-12-05 12:51:32 - [TEST_STEP][PASSED] - Statement - PreSaveFile = new java.io.File(((pathPrefix + java.lang.Integer.toString(counter)) + .png)): null

2018-12-05 12:51:32 - [TEST_STEP][PASSED] - Statement - counter = counter + 1: null

2018-12-05 12:51:32 - [TEST_STEP][PASSED] - Statement - PreSaveFile = new java.io.File(((pathPrefix + java.lang.Integer.toString(counter)) + .png)): null

2018-12-05 12:51:32 - [TEST_STEP][PASSED] - Statement - counter = counter + 1: null

2018-12-05 12:51:32 - [TEST_STEP][PASSED] - Statement - PreSaveFile = new java.io.File(((pathPrefix + java.lang.Integer.toString(counter)) + .png)): null

2018-12-05 12:51:32 - [TEST_STEP][PASSED] - Statement - counter = counter + 1: null

2018-12-05 12:51:32 - [TEST_STEP][PASSED] - Statement - PreSaveFile = new java.io.File(((pathPrefix + java.lang.Integer.toString(counter)) + .png)): null

2018-12-05 12:51:32 - [TEST_STEP][PASSED] - Statement - counter = counter + 1: null

2018-12-05 12:51:32 - [TEST_STEP][PASSED] - Statement - PreSaveFile = new java.io.File(((pathPrefix + java.lang.Integer.toString(counter)) + .png)): null

2018-12-05 12:51:32 - [TEST_STEP][PASSED] - Statement - counter = counter + 1: null

2018-12-05 12:51:32 - [TEST_STEP][PASSED] - Statement - PreSaveFile = new java.io.File(((pathPrefix + java.lang.Integer.toString(counter)) + .png)): null

2018-12-05 12:51:32 - [TEST_STEP][PASSED] - Statement - counter = counter + 1: null

2018-12-05 12:51:32 - [TEST_STEP][PASSED] - Statement - PreSaveFile = new java.io.File(((pathPrefix + java.lang.Integer.toString(counter)) + .png)): null

2018-12-05 12:51:32 - [TEST_STEP][PASSED] - Statement - counter = counter + 1: null

2018-12-05 12:51:32 - [TEST_STEP][PASSED] - Statement - PreSaveFile = new java.io.File(((pathPrefix + java.lang.Integer.toString(counter)) + .png)): null

2018-12-05 12:51:32 - [TEST_STEP][PASSED] - Statement - counter = counter + 1: null

2018-12-05 12:51:32 - [TEST_STEP][PASSED] - Statement - PreSaveFile = new java.io.File(((pathPrefix + java.lang.Integer.toString(counter)) + .png)): null

2018-12-05 12:51:32 - [TEST_STEP][PASSED] - Statement - counter = counter + 1: null

2018-12-05 12:51:33 - [TEST_STEP][PASSED] - Statement - PreSaveFile = new java.io.File(((pathPrefix + java.lang.Integer.toString(counter)) + .png)): null

2018-12-05 12:51:33 - [TEST_STEP][PASSED] - Statement - counter = counter + 1: null

2018-12-05 12:51:33 - [TEST_STEP][PASSED] - Statement - PreSaveFile = new java.io.File(((pathPrefix + java.lang.Integer.toString(counter)) + .png)): null

2018-12-05 12:51:33 - [TEST_STEP][PASSED] - Statement - counter = counter + 1: null

2018-12-05 12:51:33 - [TEST_STEP][PASSED] - Statement - PreSaveFile = new java.io.File(((pathPrefix + java.lang.Integer.toString(counter)) + .png)): null

2018-12-05 12:51:33 - [TEST_STEP][PASSED] - Statement - counter = counter + 1: null

2018-12-05 12:51:33 - [TEST_STEP][PASSED] - Statement - PreSaveFile = new java.io.File(((pathPrefix + java.lang.Integer.toString(counter)) + .png)): null

2018-12-05 12:51:33 - [TEST_STEP][PASSED] - Statement - counter = counter + 1: null

2018-12-05 12:51:33 - [TEST_STEP][PASSED] - Statement - PreSaveFile = new java.io.File(((pathPrefix + java.lang.Integer.toString(counter)) + .png)): null

2018-12-05 12:51:33 - [TEST_STEP][PASSED] - Statement - counter = counter + 1: null

2018-12-05 12:51:33 - [TEST_STEP][PASSED] - Statement - PreSaveFile = new java.io.File(((pathPrefix + java.lang.Integer.toString(counter)) + .png)): null

2018-12-05 12:51:33 - [TEST_STEP][PASSED] - Statement - counter = counter + 1: null

2018-12-05 12:51:33 - [TEST_STEP][PASSED] - Statement - PreSaveFile = new java.io.File(((pathPrefix + java.lang.Integer.toString(counter)) + .png)): null

2018-12-05 12:51:33 - [TEST_STEP][PASSED] - Statement - counter = counter + 1: null

2018-12-05 12:51:33 - [TEST_STEP][PASSED] - Statement - PreSaveFile = new java.io.File(((pathPrefix + java.lang.Integer.toString(counter)) + .png)): null

2018-12-05 12:51:33 - [TEST_STEP][PASSED] - Statement - counter = counter + 1: null

2018-12-05 12:51:33 - [TEST_STEP][PASSED] - Statement - PreSaveFile = new java.io.File(((pathPrefix + java.lang.Integer.toString(counter)) + .png)): null

2018-12-05 12:51:33 - [TEST_STEP][PASSED] - Statement - counter = counter + 1: null

2018-12-05 12:51:33 - [TEST_STEP][PASSED] - Statement - PreSaveFile = new java.io.File(((pathPrefix + java.lang.Integer.toString(counter)) + .png)): null

2018-12-05 12:51:33 - [TEST_STEP][PASSED] - Statement - counter = counter + 1: null

2018-12-05 12:51:33 - [TEST_STEP][PASSED] - Statement - PreSaveFile = new java.io.File(((pathPrefix + java.lang.Integer.toString(counter)) + .png)): null

2018-12-05 12:51:33 - [TEST_STEP][PASSED] - Statement - counter = counter + 1: null

2018-12-05 12:51:33 - [TEST_STEP][PASSED] - Statement - PreSaveFile = new java.io.File(((pathPrefix + java.lang.Integer.toString(counter)) + .png)): null

2018-12-05 12:51:33 - [TEST_STEP][PASSED] - Statement - counter = counter + 1: null

2018-12-05 12:51:33 - [TEST_STEP][PASSED] - Statement - PreSaveFile = new java.io.File(((pathPrefix + java.lang.Integer.toString(counter)) + .png)): null

2018-12-05 12:51:33 - [TEST_STEP][PASSED] - Statement - counter = counter + 1: null

2018-12-05 12:51:33 - [TEST_STEP][PASSED] - Statement - PreSaveFile = new java.io.File(((pathPrefix + java.lang.Integer.toString(counter)) + .png)): null

2018-12-05 12:51:33 - [TEST_STEP][PASSED] - Statement - counter = counter + 1: null

2018-12-05 12:51:33 - [TEST_STEP][PASSED] - Statement - PreSaveFile = new java.io.File(((pathPrefix + java.lang.Integer.toString(counter)) + .png)): null

2018-12-05 12:51:34 - [TEST_STEP][PASSED] - Statement - counter = counter + 1: null

2018-12-05 12:51:34 - [TEST_STEP][PASSED] - Statement - PreSaveFile = new java.io.File(((pathPrefix + java.lang.Integer.toString(counter)) + .png)): null

2018-12-05 12:51:34 - [TEST_STEP][PASSED] - Statement - counter = counter + 1: null

2018-12-05 12:51:34 - [TEST_STEP][PASSED] - Statement - PreSaveFile = new java.io.File(((pathPrefix + java.lang.Integer.toString(counter)) + .png)): null

2018-12-05 12:51:34 - [TEST_STEP][PASSED] - Statement - counter = counter + 1: null

2018-12-05 12:51:34 - [TEST_STEP][PASSED] - Statement - PreSaveFile = new java.io.File(((pathPrefix + java.lang.Integer.toString(counter)) + .png)): null

2018-12-05 12:51:34 - [TEST_STEP][PASSED] - Statement - counter = counter + 1: null

2018-12-05 12:51:34 - [TEST_STEP][PASSED] - Statement - PreSaveFile = new java.io.File(((pathPrefix + java.lang.Integer.toString(counter)) + .png)): null

2018-12-05 12:51:34 - [TEST_STEP][PASSED] - Statement - counter = counter + 1: null

2018-12-05 12:51:34 - [TEST_STEP][PASSED] - Statement - PreSaveFile = new java.io.File(((pathPrefix + java.lang.Integer.toString(counter)) + .png)): null

2018-12-05 12:51:34 - [TEST_STEP][PASSED] - Statement - counter = counter + 1: null

2018-12-05 12:51:34 - [TEST_STEP][PASSED] - Statement - PreSaveFile = new java.io.File(((pathPrefix + java.lang.Integer.toString(counter)) + .png)): null

2018-12-05 12:51:34 - [TEST_STEP][PASSED] - Statement - counter = counter + 1: null

2018-12-05 12:51:34 - [TEST_STEP][PASSED] - Statement - PreSaveFile = new java.io.File(((pathPrefix + java.lang.Integer.toString(counter)) + .png)): null

2018-12-05 12:51:34 - [TEST_STEP][PASSED] - Statement - counter = counter + 1: null

2018-12-05 12:51:34 - [TEST_STEP][PASSED] - Statement - PreSaveFile = new java.io.File(((pathPrefix + java.lang.Integer.toString(counter)) + .png)): null

2018-12-05 12:51:34 - [TEST_STEP][PASSED] - Statement - counter = counter + 1: null

2018-12-05 12:51:34 - [TEST_STEP][PASSED] - Statement - PreSaveFile = new java.io.File(((pathPrefix + java.lang.Integer.toString(counter)) + .png)): null

2018-12-05 12:51:34 - [TEST_STEP][PASSED] - Statement - counter = counter + 1: null

2018-12-05 12:51:34 - [TEST_STEP][PASSED] - Statement - PreSaveFile = new java.io.File(((pathPrefix + java.lang.Integer.toString(counter)) + .png)): null

2018-12-05 12:51:34 - [TEST_STEP][PASSED] - Statement - counter = counter + 1: null

2018-12-05 12:51:34 - [TEST_STEP][PASSED] - Statement - PreSaveFile = new java.io.File(((pathPrefix + java.lang.Integer.toString(counter)) + .png)): null

2018-12-05 12:51:34 - [TEST_STEP][PASSED] - Statement - counter = counter + 1: null

2018-12-05 12:51:34 - [TEST_STEP][PASSED] - Statement - PreSaveFile = new java.io.File(((pathPrefix + java.lang.Integer.toString(counter)) + .png)): null

2018-12-05 12:51:34 - [TEST_STEP][PASSED] - Statement - counter = counter + 1: null

2018-12-05 12:51:34 - [TEST_STEP][PASSED] - Statement - PreSaveFile = new java.io.File(((pathPrefix + java.lang.Integer.toString(counter)) + .png)): null

2018-12-05 12:51:34 - [TEST_STEP][PASSED] - Statement - counter = counter + 1: null

2018-12-05 12:51:34 - [TEST_STEP][PASSED] - Statement - PreSaveFile = new java.io.File(((pathPrefix + java.lang.Integer.toString(counter)) + .png)): null

2018-12-05 12:51:34 - [TEST_STEP][PASSED] - Statement - counter = counter + 1: null

2018-12-05 12:51:35 - [TEST_STEP][PASSED] - Statement - PreSaveFile = new java.io.File(((pathPrefix + java.lang.Integer.toString(counter)) + .png)): null

2018-12-05 12:51:35 - [TEST_STEP][PASSED] - Statement - counter = counter + 1: null

2018-12-05 12:51:35 - [TEST_STEP][PASSED] - Statement - PreSaveFile = new java.io.File(((pathPrefix + java.lang.Integer.toString(counter)) + .png)): null

2018-12-05 12:51:35 - [TEST_STEP][PASSED] - Statement - counter = counter + 1: null

2018-12-05 12:51:35 - [TEST_STEP][PASSED] - Statement - PreSaveFile = new java.io.File(((pathPrefix + java.lang.Integer.toString(counter)) + .png)): null

2018-12-05 12:51:35 - [TEST_STEP][PASSED] - Statement - counter = counter + 1: null

2018-12-05 12:51:35 - [TEST_STEP][PASSED] - Statement - PreSaveFile = new java.io.File(((pathPrefix + java.lang.Integer.toString(counter)) + .png)): null

2018-12-05 12:51:35 - [TEST_STEP][PASSED] - Statement - counter = counter + 1: null

2018-12-05 12:51:35 - [TEST_STEP][PASSED] - Statement - PreSaveFile = new java.io.File(((pathPrefix + java.lang.Integer.toString(counter)) + .png)): null

2018-12-05 12:51:35 - [TEST_STEP][PASSED] - Statement - counter = counter + 1: null

2018-12-05 12:51:35 - [TEST_STEP][PASSED] - Statement - PreSaveFile = new java.io.File(((pathPrefix + java.lang.Integer.toString(counter)) + .png)): null

2018-12-05 12:51:35 - [TEST_STEP][PASSED] - Statement - counter = counter + 1: null

2018-12-05 12:51:35 - [TEST_STEP][PASSED] - Statement - PreSaveFile = new java.io.File(((pathPrefix + java.lang.Integer.toString(counter)) + .png)): null

2018-12-05 12:51:35 - [TEST_STEP][PASSED] - Statement - counter = counter + 1: null

2018-12-05 12:51:35 - [TEST_STEP][PASSED] - Statement - PreSaveFile = new java.io.File(((pathPrefix + java.lang.Integer.toString(counter)) + .png)): null

2018-12-05 12:51:35 - [TEST_STEP][PASSED] - Statement - counter = counter + 1: null

2018-12-05 12:51:35 - [TEST_STEP][PASSED] - Statement - PreSaveFile = new java.io.File(((pathPrefix + java.lang.Integer.toString(counter)) + .png)): null

2018-12-05 12:51:35 - [TEST_STEP][PASSED] - Statement - counter = counter + 1: null

2018-12-05 12:51:35 - [TEST_STEP][PASSED] - Statement - PreSaveFile = new java.io.File(((pathPrefix + java.lang.Integer.toString(counter)) + .png)): null

2018-12-05 12:51:35 - [TEST_STEP][PASSED] - Statement - counter = counter + 1: null

2018-12-05 12:51:35 - [TEST_STEP][PASSED] - Statement - PreSaveFile = new java.io.File(((pathPrefix + java.lang.Integer.toString(counter)) + .png)): null

2018-12-05 12:51:35 - [TEST_STEP][PASSED] - Statement - counter = counter + 1: null

2018-12-05 12:51:35 - [TEST_STEP][PASSED] - Statement - PreSaveFile = new java.io.File(((pathPrefix + java.lang.Integer.toString(counter)) + .png)): null

2018-12-05 12:51:35 - [TEST_STEP][PASSED] - Statement - counter = counter + 1: null

2018-12-05 12:51:35 - [TEST_STEP][PASSED] - Statement - PreSaveFile = new java.io.File(((pathPrefix + java.lang.Integer.toString(counter)) + .png)): null

2018-12-05 12:51:35 - [TEST_STEP][PASSED] - Statement - counter = counter + 1: null

2018-12-05 12:51:35 - [TEST_STEP][PASSED] - Statement - PreSaveFile = new java.io.File(((pathPrefix + java.lang.Integer.toString(counter)) + .png)): null

2018-12-05 12:51:35 - [TEST_STEP][PASSED] - Statement - counter = counter + 1: null

2018-12-05 12:51:35 - [TEST_STEP][PASSED] - Statement - PreSaveFile = new java.io.File(((pathPrefix + java.lang.Integer.toString(counter)) + .png)): null

2018-12-05 12:51:35 - [TEST_STEP][PASSED] - Statement - counter = counter + 1: null

2018-12-05 12:51:35 - [TEST_STEP][PASSED] - Statement - PreSaveFile = new java.io.File(((pathPrefix + java.lang.Integer.toString(counter)) + .png)): null

2018-12-05 12:51:35 - [TEST_STEP][PASSED] - Statement - counter = counter + 1: null

2018-12-05 12:51:35 - [TEST_STEP][PASSED] - Statement - PreSaveFile = new java.io.File(((pathPrefix + java.lang.Integer.toString(counter)) + .png)): null

2018-12-05 12:51:35 - [TEST_STEP][PASSED] - Statement - counter = counter + 1: null

2018-12-05 12:51:35 - [TEST_STEP][PASSED] - Statement - PreSaveFile = new java.io.File(((pathPrefix + java.lang.Integer.toString(counter)) + .png)): null

2018-12-05 12:51:35 - [TEST_STEP][PASSED] - Statement - counter = counter + 1: null

2018-12-05 12:51:35 - [TEST_STEP][PASSED] - Statement - PreSaveFile = new java.io.File(((pathPrefix + java.lang.Integer.toString(counter)) + .png)): null

2018-12-05 12:51:35 - [TEST_STEP][PASSED] - Statement - counter = counter + 1: null

2018-12-05 12:51:36 - [TEST_STEP][PASSED] - Statement - PreSaveFile = new java.io.File(((pathPrefix + java.lang.Integer.toString(counter)) + .png)): null

2018-12-05 12:51:36 - [TEST_STEP][PASSED] - Statement - counter = counter + 1: null

2018-12-05 12:51:36 - [TEST_STEP][PASSED] - Statement - PreSaveFile = new java.io.File(((pathPrefix + java.lang.Integer.toString(counter)) + .png)): null

2018-12-05 12:51:36 - [TEST_STEP][PASSED] - Statement - counter = counter + 1: null

2018-12-05 12:51:36 - [TEST_STEP][PASSED] - Statement - PreSaveFile = new java.io.File(((pathPrefix + java.lang.Integer.toString(counter)) + .png)): null

2018-12-05 12:51:36 - [TEST_STEP][PASSED] - Statement - counter = counter + 1: null

2018-12-05 12:51:36 - [TEST_STEP][PASSED] - Statement - PreSaveFile = new java.io.File(((pathPrefix + java.lang.Integer.toString(counter)) + .png)): null

2018-12-05 12:51:36 - [TEST_STEP][PASSED] - Statement - counter = counter + 1: null

2018-12-05 12:51:36 - [TEST_STEP][PASSED] - Statement - PreSaveFile = new java.io.File(((pathPrefix + java.lang.Integer.toString(counter)) + .png)): null

2018-12-05 12:51:36 - [TEST_STEP][PASSED] - Statement - counter = counter + 1: null

2018-12-05 12:51:36 - [TEST_STEP][PASSED] - Statement - PreSaveFile = new java.io.File(((pathPrefix + java.lang.Integer.toString(counter)) + .png)): null

2018-12-05 12:51:36 - [TEST_STEP][PASSED] - Statement - counter = counter + 1: null

2018-12-05 12:51:36 - [TEST_STEP][PASSED] - Statement - PreSaveFile = new java.io.File(((pathPrefix + java.lang.Integer.toString(counter)) + .png)): null

2018-12-05 12:51:36 - [TEST_STEP][PASSED] - Statement - counter = counter + 1: null

2018-12-05 12:51:36 - [TEST_STEP][PASSED] - Statement - PreSaveFile = new java.io.File(((pathPrefix + java.lang.Integer.toString(counter)) + .png)): null

2018-12-05 12:51:36 - [TEST_STEP][PASSED] - Statement - counter = counter + 1: null

2018-12-05 12:51:36 - [TEST_STEP][PASSED] - Statement - PreSaveFile = new java.io.File(((pathPrefix + java.lang.Integer.toString(counter)) + .png)): null

2018-12-05 12:51:36 - [TEST_STEP][PASSED] - Statement - counter = counter + 1: null

2018-12-05 12:51:36 - [TEST_STEP][PASSED] - Statement - PreSaveFile = new java.io.File(((pathPrefix + java.lang.Integer.toString(counter)) + .png)): null

2018-12-05 12:51:36 - [TEST_STEP][PASSED] - Statement - counter = counter + 1: null

2018-12-05 12:51:36 - [TEST_STEP][PASSED] - Statement - PreSaveFile = new java.io.File(((pathPrefix + java.lang.Integer.toString(counter)) + .png)): null

2018-12-05 12:51:36 - [TEST_STEP][PASSED] - Statement - counter = counter + 1: null

2018-12-05 12:51:36 - [TEST_STEP][PASSED] - Statement - PreSaveFile = new java.io.File(((pathPrefix + java.lang.Integer.toString(counter)) + .png)): null

2018-12-05 12:51:36 - [TEST_STEP][PASSED] - Statement - counter = counter + 1: null

2018-12-05 12:51:36 - [TEST_STEP][PASSED] - Statement - PreSaveFile = new java.io.File(((pathPrefix + java.lang.Integer.toString(counter)) + .png)): null

2018-12-05 12:51:36 - [TEST_STEP][PASSED] - Statement - counter = counter + 1: null

2018-12-05 12:51:36 - [TEST_STEP][PASSED] - Statement - PreSaveFile = new java.io.File(((pathPrefix + java.lang.Integer.toString(counter)) + .png)): null

2018-12-05 12:51:36 - [TEST_STEP][PASSED] - Statement - counter = counter + 1: null

2018-12-05 12:51:37 - [TEST_STEP][PASSED] - Statement - PreSaveFile = new java.io.File(((pathPrefix + java.lang.Integer.toString(counter)) + .png)): null

2018-12-05 12:51:37 - [TEST_STEP][PASSED] - Statement - counter = counter + 1: null

2018-12-05 12:51:37 - [TEST_STEP][PASSED] - Statement - PreSaveFile = new java.io.File(((pathPrefix + java.lang.Integer.toString(counter)) + .png)): null

2018-12-05 12:51:37 - [TEST_STEP][PASSED] - Statement - counter = counter + 1: null

2018-12-05 12:51:37 - [TEST_STEP][PASSED] - Statement - PreSaveFile = new java.io.File(((pathPrefix + java.lang.Integer.toString(counter)) + .png)): null

2018-12-05 12:51:37 - [TEST_STEP][PASSED] - Statement - counter = counter + 1: null

2018-12-05 12:51:37 - [TEST_STEP][PASSED] - Statement - PreSaveFile = new java.io.File(((pathPrefix + java.lang.Integer.toString(counter)) + .png)): null

2018-12-05 12:51:37 - [TEST_STEP][PASSED] - Statement - counter = counter + 1: null

2018-12-05 12:51:37 - [TEST_STEP][PASSED] - Statement - PreSaveFile = new java.io.File(((pathPrefix + java.lang.Integer.toString(counter)) + .png)): null

2018-12-05 12:51:37 - [TEST_STEP][PASSED] - Statement - counter = counter + 1: null

2018-12-05 12:51:37 - [TEST_STEP][PASSED] - Statement - PreSaveFile = new java.io.File(((pathPrefix + java.lang.Integer.toString(counter)) + .png)): null

2018-12-05 12:51:37 - [TEST_STEP][PASSED] - Statement - counter = counter + 1: null

2018-12-05 12:51:37 - [TEST_STEP][PASSED] - Statement - PreSaveFile = new java.io.File(((pathPrefix + java.lang.Integer.toString(counter)) + .png)): null

2018-12-05 12:51:37 - [TEST_STEP][PASSED] - Statement - counter = counter + 1: null

2018-12-05 12:51:37 - [TEST_STEP][PASSED] - Statement - PreSaveFile = new java.io.File(((pathPrefix + java.lang.Integer.toString(counter)) + .png)): null

2018-12-05 12:51:37 - [TEST_STEP][PASSED] - Statement - counter = counter + 1: null

2018-12-05 12:51:37 - [TEST_STEP][PASSED] - Statement - PreSaveFile = new java.io.File(((pathPrefix + java.lang.Integer.toString(counter)) + .png)): null

2018-12-05 12:51:37 - [TEST_STEP][PASSED] - Statement - counter = counter + 1: null

2018-12-05 12:51:37 - [TEST_STEP][PASSED] - Statement - PreSaveFile = new java.io.File(((pathPrefix + java.lang.Integer.toString(counter)) + .png)): null

2018-12-05 12:51:37 - [TEST_STEP][PASSED] - Statement - counter = counter + 1: null

2018-12-05 12:51:37 - [TEST_STEP][PASSED] - Statement - PreSaveFile = new java.io.File(((pathPrefix + java.lang.Integer.toString(counter)) + .png)): null

2018-12-05 12:51:37 - [TEST_STEP][PASSED] - Statement - counter = counter + 1: null

2018-12-05 12:51:37 - [TEST_STEP][PASSED] - Statement - PreSaveFile = new java.io.File(((pathPrefix + java.lang.Integer.toString(counter)) + .png)): null

2018-12-05 12:51:37 - [TEST_STEP][PASSED] - Statement - counter = counter + 1: null

2018-12-05 12:51:37 - [TEST_STEP][PASSED] - Statement - PreSaveFile = new java.io.File(((pathPrefix + java.lang.Integer.toString(counter)) + .png)): null

2018-12-05 12:51:37 - [TEST_STEP][PASSED] - Statement - counter = counter + 1: null

2018-12-05 12:51:37 - [TEST_STEP][PASSED] - Statement - PreSaveFile = new java.io.File(((pathPrefix + java.lang.Integer.toString(counter)) + .png)): null

2018-12-05 12:51:37 - [TEST_STEP][PASSED] - Statement - counter = counter + 1: null

2018-12-05 12:51:37 - [TEST_STEP][PASSED] - Statement - PreSaveFile = new java.io.File(((pathPrefix + java.lang.Integer.toString(counter)) + .png)): null

2018-12-05 12:51:37 - [TEST_STEP][PASSED] - Statement - counter = counter + 1: null

2018-12-05 12:51:38 - [TEST_STEP][PASSED] - Statement - PreSaveFile = new java.io.File(((pathPrefix + java.lang.Integer.toString(counter)) + .png)): null

2018-12-05 12:51:38 - [TEST_STEP][PASSED] - Statement - counter = counter + 1: null

2018-12-05 12:51:38 - [TEST_STEP][PASSED] - Statement - PreSaveFile = new java.io.File(((pathPrefix + java.lang.Integer.toString(counter)) + .png)): null

2018-12-05 12:51:38 - [TEST_STEP][PASSED] - Statement - counter = counter + 1: null

2018-12-05 12:51:38 - [TEST_STEP][PASSED] - Statement - PreSaveFile = new java.io.File(((pathPrefix + java.lang.Integer.toString(counter)) + .png)): null

2018-12-05 12:51:38 - [TEST_STEP][PASSED] - Statement - counter = counter + 1: null

2018-12-05 12:51:38 - [TEST_STEP][PASSED] - Statement - PreSaveFile = new java.io.File(((pathPrefix + java.lang.Integer.toString(counter)) + .png)): null

2018-12-05 12:51:38 - [TEST_STEP][PASSED] - Statement - counter = counter + 1: null

2018-12-05 12:51:38 - [TEST_STEP][PASSED] - Statement - PreSaveFile = new java.io.File(((pathPrefix + java.lang.Integer.toString(counter)) + .png)): null

2018-12-05 12:51:38 - [TEST_STEP][PASSED] - Statement - counter = counter + 1: null

2018-12-05 12:51:38 - [TEST_STEP][PASSED] - Statement - PreSaveFile = new java.io.File(((pathPrefix + java.lang.Integer.toString(counter)) + .png)): null

2018-12-05 12:51:38 - [TEST_STEP][PASSED] - Statement - counter = counter + 1: null

2018-12-05 12:51:38 - [TEST_STEP][PASSED] - Statement - PreSaveFile = new java.io.File(((pathPrefix + java.lang.Integer.toString(counter)) + .png)): null

2018-12-05 12:51:38 - [TEST_STEP][PASSED] - Statement - counter = counter + 1: null

2018-12-05 12:51:38 - [TEST_STEP][PASSED] - Statement - PreSaveFile = new java.io.File(((pathPrefix + java.lang.Integer.toString(counter)) + .png)): null

2018-12-05 12:51:38 - [TEST_STEP][PASSED] - Statement - counter = counter + 1: null

2018-12-05 12:51:38 - [TEST_STEP][PASSED] - Statement - PreSaveFile = new java.io.File(((pathPrefix + java.lang.Integer.toString(counter)) + .png)): null

2018-12-05 12:51:38 - [TEST_STEP][PASSED] - Statement - counter = counter + 1: null

2018-12-05 12:51:38 - [TEST_STEP][PASSED] - Statement - PreSaveFile = new java.io.File(((pathPrefix + java.lang.Integer.toString(counter)) + .png)): null

2018-12-05 12:51:38 - [TEST_STEP][PASSED] - Statement - counter = counter + 1: null

2018-12-05 12:51:38 - [TEST_STEP][PASSED] - Statement - PreSaveFile = new java.io.File(((pathPrefix + java.lang.Integer.toString(counter)) + .png)): null

2018-12-05 12:51:38 - [TEST_STEP][PASSED] - Statement - counter = counter + 1: null

2018-12-05 12:51:38 - [TEST_STEP][PASSED] - Statement - PreSaveFile = new java.io.File(((pathPrefix + java.lang.Integer.toString(counter)) + .png)): null

2018-12-05 12:51:38 - [TEST_STEP][PASSED] - Statement - counter = counter + 1: null

2018-12-05 12:51:38 - [TEST_STEP][PASSED] - Statement - PreSaveFile = new java.io.File(((pathPrefix + java.lang.Integer.toString(counter)) + .png)): null

2018-12-05 12:51:38 - [TEST_STEP][PASSED] - Statement - counter = counter + 1: null

2018-12-05 12:51:38 - [TEST_STEP][PASSED] - Statement - PreSaveFile = new java.io.File(((pathPrefix + java.lang.Integer.toString(counter)) + .png)): null

2018-12-05 12:51:38 - [TEST_STEP][PASSED] - Statement - counter = counter + 1: null

2018-12-05 12:51:39 - [TEST_STEP][PASSED] - Statement - PreSaveFile = new java.io.File(((pathPrefix + java.lang.Integer.toString(counter)) + .png)): null

2018-12-05 12:51:39 - [TEST_STEP][PASSED] - Statement - counter = counter + 1: null

2018-12-05 12:51:39 - [TEST_STEP][PASSED] - Statement - PreSaveFile = new java.io.File(((pathPrefix + java.lang.Integer.toString(counter)) + .png)): null

2018-12-05 12:51:39 - [TEST_STEP][PASSED] - Statement - counter = counter + 1: null

2018-12-05 12:51:39 - [TEST_STEP][PASSED] - Statement - PreSaveFile = new java.io.File(((pathPrefix + java.lang.Integer.toString(counter)) + .png)): null

2018-12-05 12:51:39 - [TEST_STEP][PASSED] - Statement - counter = counter + 1: null

2018-12-05 12:51:39 - [TEST_STEP][PASSED] - Statement - PreSaveFile = new java.io.File(((pathPrefix + java.lang.Integer.toString(counter)) + .png)): null

2018-12-05 12:51:39 - [TEST_STEP][PASSED] - Statement - counter = counter + 1: null

2018-12-05 12:51:39 - [TEST_STEP][PASSED] - Statement - PreSaveFile = new java.io.File(((pathPrefix + java.lang.Integer.toString(counter)) + .png)): null

2018-12-05 12:51:39 - [TEST_STEP][PASSED] - Statement - counter = counter + 1: null

2018-12-05 12:51:39 - [TEST_STEP][PASSED] - Statement - PreSaveFile = new java.io.File(((pathPrefix + java.lang.Integer.toString(counter)) + .png)): null

2018-12-05 12:51:39 - [TEST_STEP][PASSED] - Statement - counter = counter + 1: null

2018-12-05 12:51:39 - [TEST_STEP][PASSED] - Statement - PreSaveFile = new java.io.File(((pathPrefix + java.lang.Integer.toString(counter)) + .png)): null

2018-12-05 12:51:39 - [TEST_STEP][PASSED] - Statement - counter = counter + 1: null

2018-12-05 12:51:39 - [TEST_STEP][PASSED] - Statement - PreSaveFile = new java.io.File(((pathPrefix + java.lang.Integer.toString(counter)) + .png)): null

2018-12-05 12:51:39 - [TEST_STEP][PASSED] - Statement - counter = counter + 1: null

2018-12-05 12:51:39 - [TEST_STEP][PASSED] - Statement - PreSaveFile = new java.io.File(((pathPrefix + java.lang.Integer.toString(counter)) + .png)): null

2018-12-05 12:51:39 - [TEST_STEP][PASSED] - Statement - counter = counter + 1: null

2018-12-05 12:51:39 - [TEST_STEP][PASSED] - Statement - PreSaveFile = new java.io.File(((pathPrefix + java.lang.Integer.toString(counter)) + .png)): null

2018-12-05 12:51:40 - [TEST_STEP][PASSED] - Statement - counter = counter + 1: null

2018-12-05 12:51:40 - [TEST_STEP][PASSED] - Statement - PreSaveFile = new java.io.File(((pathPrefix + java.lang.Integer.toString(counter)) + .png)): null

2018-12-05 12:51:40 - [TEST_STEP][PASSED] - Statement - counter = counter + 1: null

2018-12-05 12:51:40 - [TEST_STEP][PASSED] - Statement - PreSaveFile = new java.io.File(((pathPrefix + java.lang.Integer.toString(counter)) + .png)): null

2018-12-05 12:51:40 - [TEST_STEP][PASSED] - Statement - finalPath = pathPrefix + java.lang.Integer.toString(counter) + ".png": null

2018-12-05 12:51:40 - [TEST_STEP][PASSED] - Statement - SaveFile = new java.io.File(finalPath): null

2018-12-05 12:51:40 - [TEST_STEP][PASSED] - Statement - Try: null

2018-12-05 12:51:40 - [TEST_STEP][PASSED] - Statement - org.apache.commons.io.FileUtils.copyFile(scrFile, SaveFile): null

2018-12-05 12:51:40 - [TEST_STEP][PASSED] - Statement - out.println("file kept"): null

2018-12-05 12:51:40 - [TEST_STEP][PASSED] - delay: Delayed 10 second(s)

2018-12-05 12:51:50 - [MESSAGE][PASSED] - Delayed 10 second(s)

2018-12-05 12:51:50 - [MESSAGE][PASSED] - Call Test Case 'Test Cases/Final Aug 2018 - PKS Automation/Registration Module/New Registration/Submit and Screenshot/Submit Registration and Screenshot' successfully]]></system-out>
         <system-err><![CDATA[]]></system-err>
      </testcase>
      <testcase name="Test Cases/Final Aug 2018 - PKS Automation/Registration Module/Workflow/New Registration/OTC - PKR BO - RO Under Enforcement(Routed 2 Time)" classname="Test Cases/Final Aug 2018 - PKS Automation/Registration Module/Workflow/New Registration/OTC - PKR BO - RO Under Enforcement(Routed 2 Time)" status="FAILED">
         <failure type="FAILED" message="(Stack trace: com.kms.katalon.core.exception.StepFailedException: Unable to click on object 'Object Repository/Final Object Repo/New Registration - Registration Module Pages/New Reg - OTC to RO/Special Case - All Related Objects/Continue Button in verifying case' (Root cause: org.openqa.selenium.ElementNotVisibleException: element not interactable
  (Session info: chrome=70.0.3538.110)
  (Driver info: chromedriver=2.43.600210 (68dcf5eebde37173d4027fa8635e332711d2874a),platform=Windows NT 6.1.7601 SP1 x86_64) (WARNING: The server did not provide any stacktrace information)
Command duration or timeout: 0 milliseconds
Build info: version: '3.7.1', revision: '8a0099a', time: '2017-11-06T21:07:36.161Z'
System info: host: 'WIN7TEST02', ip: '10.20.3.72', os.name: 'Windows 7', os.arch: 'amd64', os.version: '6.1', java.version: '1.8.0_181'
Driver info: com.kms.katalon.selenium.driver.CChromeDriver
Capabilities {acceptInsecureCerts: false, acceptSslCerts: false, applicationCacheEnabled: false, browserConnectionEnabled: false, browserName: chrome, chrome: {chromedriverVersion: 2.43.600210 (68dcf5eebde371..., userDataDir: C:\Users\Admin\AppData\Loca...}, cssSelectorsEnabled: true, databaseEnabled: false, goog:chromeOptions: {debuggerAddress: localhost:62626}, handlesAlerts: true, hasTouchScreen: false, javascriptEnabled: true, locationContextEnabled: true, mobileEmulationEnabled: false, nativeEvents: true, networkConnectionEnabled: false, pageLoadStrategy: normal, platform: XP, platformName: XP, rotatable: false, setWindowRect: true, takesHeapSnapshot: true, takesScreenshot: true, unexpectedAlertBehaviour: , unhandledPromptBehavior: , version: 70.0.3538.110, webStorageEnabled: true}
Session ID: 3dea97fc1dd1580f9d5336049e42f3c1)
	at com.kms.katalon.core.keyword.internal.KeywordMain.stepFailed(KeywordMain.groovy:32)
	at com.kms.katalon.core.webui.keyword.internal.WebUIKeywordMain.stepFailed(WebUIKeywordMain.groovy:65)
	at com.kms.katalon.core.webui.keyword.internal.WebUIKeywordMain.runKeyword(WebUIKeywordMain.groovy:27)
	at com.kms.katalon.core.webui.keyword.builtin.ClickKeyword.click(ClickKeyword.groovy:86)
	at com.kms.katalon.core.webui.keyword.builtin.ClickKeyword.execute(ClickKeyword.groovy:67)
	at com.kms.katalon.core.keyword.internal.KeywordExecutor.executeKeywordForPlatform(KeywordExecutor.groovy:53)
	at com.kms.katalon.core.webui.keyword.WebUiBuiltInKeywords.click(WebUiBuiltInKeywords.groovy:616)
	at com.kms.katalon.core.webui.keyword.WebUiBuiltInKeywords$click$2.call(Unknown Source)
	at org.codehaus.groovy.runtime.callsite.CallSiteArray.defaultCall(CallSiteArray.java:48)
	at org.codehaus.groovy.runtime.callsite.AbstractCallSite.call(AbstractCallSite.java:113)
	at org.codehaus.groovy.runtime.callsite.AbstractCallSite.call(AbstractCallSite.java:125)
	at Script1535944782532.run(Script1535944782532.groovy:165)
	at com.kms.katalon.core.main.ScriptEngine.run(ScriptEngine.java:183)
	at com.kms.katalon.core.main.ScriptEngine.runScriptAsRawText(ScriptEngine.java:108)
	at com.kms.katalon.core.main.TestCaseExecutor.runScript(TestCaseExecutor.java:294)
	at com.kms.katalon.core.main.TestCaseExecutor.doExecute(TestCaseExecutor.java:285)
	at com.kms.katalon.core.main.TestCaseExecutor.processExecutionPhase(TestCaseExecutor.java:264)
	at com.kms.katalon.core.main.TestCaseExecutor.accessMainPhase(TestCaseExecutor.java:256)
	at com.kms.katalon.core.main.TestCaseExecutor.execute(TestCaseExecutor.java:200)
	at com.kms.katalon.core.main.TestSuiteExecutor.accessTestCaseMainPhase(TestSuiteExecutor.java:129)
	at com.kms.katalon.core.main.TestSuiteExecutor.accessTestSuiteMainPhase(TestSuiteExecutor.java:112)
	at com.kms.katalon.core.main.TestSuiteExecutor.execute(TestSuiteExecutor.java:81)
	at com.kms.katalon.core.main.TestCaseMain.startTestSuite(TestCaseMain.java:142)
	at com.kms.katalon.core.main.TestCaseMain$startTestSuite$0.call(Unknown Source)
	at org.codehaus.groovy.runtime.callsite.CallSiteArray.defaultCall(CallSiteArray.java:48)
	at org.codehaus.groovy.runtime.callsite.AbstractCallSite.call(AbstractCallSite.java:113)
	at org.codehaus.groovy.runtime.callsite.AbstractCallSite.call(AbstractCallSite.java:141)
	at TempTestSuite1543982870097.run(TempTestSuite1543982870097.groovy:36)
	at groovy.lang.GroovyShell.runScriptOrMainOrTestOrRunnable(GroovyShell.java:263)
	at groovy.lang.GroovyShell.run(GroovyShell.java:518)
	at groovy.lang.GroovyShell.run(GroovyShell.java:507)
	at groovy.ui.GroovyMain.processOnce(GroovyMain.java:653)
	at groovy.ui.GroovyMain.run(GroovyMain.java:384)
	at groovy.ui.GroovyMain.process(GroovyMain.java:370)
	at groovy.ui.GroovyMain.processArgs(GroovyMain.java:129)
	at groovy.ui.GroovyMain.main(GroovyMain.java:109)
	at sun.reflect.NativeMethodAccessorImpl.invoke0(Native Method)
	at sun.reflect.NativeMethodAccessorImpl.invoke(NativeMethodAccessorImpl.java:62)
	at sun.reflect.DelegatingMethodAccessorImpl.invoke(DelegatingMethodAccessorImpl.java:43)
	at java.lang.reflect.Method.invoke(Method.java:498)
	at org.codehaus.groovy.tools.GroovyStarter.rootLoader(GroovyStarter.java:109)
	at org.codehaus.groovy.tools.GroovyStarter.main(GroovyStarter.java:131)
)"/>
         <system-out><![CDATA[2018-12-05 12:51:50 - [TEST_CASE][FAILED] - Test Cases/Final Aug 2018 - PKS Automation/Registration Module/Workflow/New Registration/OTC - PKR BO - RO Under Enforcement(Routed 2 Time): Test Cases/Final Aug 2018 - PKS Automation/Registration Module/Workflow/New Registration/OTC - PKR BO - RO Under Enforcement(Routed 2 Time) FAILED because (of) (Stack trace: com.kms.katalon.core.exception.StepFailedException: Unable to click on object 'Object Repository/Final Object Repo/New Registration - Registration Module Pages/New Reg - OTC to RO/Special Case - All Related Objects/Continue Button in verifying case' (Root cause: org.openqa.selenium.ElementNotVisibleException: element not interactable
  (Session info: chrome=70.0.3538.110)
  (Driver info: chromedriver=2.43.600210 (68dcf5eebde37173d4027fa8635e332711d2874a),platform=Windows NT 6.1.7601 SP1 x86_64) (WARNING: The server did not provide any stacktrace information)
Command duration or timeout: 0 milliseconds
Build info: version: '3.7.1', revision: '8a0099a', time: '2017-11-06T21:07:36.161Z'
System info: host: 'WIN7TEST02', ip: '10.20.3.72', os.name: 'Windows 7', os.arch: 'amd64', os.version: '6.1', java.version: '1.8.0_181'
Driver info: com.kms.katalon.selenium.driver.CChromeDriver
Capabilities {acceptInsecureCerts: false, acceptSslCerts: false, applicationCacheEnabled: false, browserConnectionEnabled: false, browserName: chrome, chrome: {chromedriverVersion: 2.43.600210 (68dcf5eebde371..., userDataDir: C:\Users\Admin\AppData\Loca...}, cssSelectorsEnabled: true, databaseEnabled: false, goog:chromeOptions: {debuggerAddress: localhost:62626}, handlesAlerts: true, hasTouchScreen: false, javascriptEnabled: true, locationContextEnabled: true, mobileEmulationEnabled: false, nativeEvents: true, networkConnectionEnabled: false, pageLoadStrategy: normal, platform: XP, platformName: XP, rotatable: false, setWindowRect: true, takesHeapSnapshot: true, takesScreenshot: true, unexpectedAlertBehaviour: , unhandledPromptBehavior: , version: 70.0.3538.110, webStorageEnabled: true}
Session ID: 3dea97fc1dd1580f9d5336049e42f3c1)
	at com.kms.katalon.core.keyword.internal.KeywordMain.stepFailed(KeywordMain.groovy:32)
	at com.kms.katalon.core.webui.keyword.internal.WebUIKeywordMain.stepFailed(WebUIKeywordMain.groovy:65)
	at com.kms.katalon.core.webui.keyword.internal.WebUIKeywordMain.runKeyword(WebUIKeywordMain.groovy:27)
	at com.kms.katalon.core.webui.keyword.builtin.ClickKeyword.click(ClickKeyword.groovy:86)
	at com.kms.katalon.core.webui.keyword.builtin.ClickKeyword.execute(ClickKeyword.groovy:67)
	at com.kms.katalon.core.keyword.internal.KeywordExecutor.executeKeywordForPlatform(KeywordExecutor.groovy:53)
	at com.kms.katalon.core.webui.keyword.WebUiBuiltInKeywords.click(WebUiBuiltInKeywords.groovy:616)
	at com.kms.katalon.core.webui.keyword.WebUiBuiltInKeywords$click$2.call(Unknown Source)
	at org.codehaus.groovy.runtime.callsite.CallSiteArray.defaultCall(CallSiteArray.java:48)
	at org.codehaus.groovy.runtime.callsite.AbstractCallSite.call(AbstractCallSite.java:113)
	at org.codehaus.groovy.runtime.callsite.AbstractCallSite.call(AbstractCallSite.java:125)
	at Script1535944782532.run(Script1535944782532.groovy:165)
	at com.kms.katalon.core.main.ScriptEngine.run(ScriptEngine.java:183)
	at com.kms.katalon.core.main.ScriptEngine.runScriptAsRawText(ScriptEngine.java:108)
	at com.kms.katalon.core.main.TestCaseExecutor.runScript(TestCaseExecutor.java:294)
	at com.kms.katalon.core.main.TestCaseExecutor.doExecute(TestCaseExecutor.java:285)
	at com.kms.katalon.core.main.TestCaseExecutor.processExecutionPhase(TestCaseExecutor.java:264)
	at com.kms.katalon.core.main.TestCaseExecutor.accessMainPhase(TestCaseExecutor.java:256)
	at com.kms.katalon.core.main.TestCaseExecutor.execute(TestCaseExecutor.java:200)
	at com.kms.katalon.core.main.TestSuiteExecutor.accessTestCaseMainPhase(TestSuiteExecutor.java:129)
	at com.kms.katalon.core.main.TestSuiteExecutor.accessTestSuiteMainPhase(TestSuiteExecutor.java:112)
	at com.kms.katalon.core.main.TestSuiteExecutor.execute(TestSuiteExecutor.java:81)
	at com.kms.katalon.core.main.TestCaseMain.startTestSuite(TestCaseMain.java:142)
	at com.kms.katalon.core.main.TestCaseMain$startTestSuite$0.call(Unknown Source)
	at org.codehaus.groovy.runtime.callsite.CallSiteArray.defaultCall(CallSiteArray.java:48)
	at org.codehaus.groovy.runtime.callsite.AbstractCallSite.call(AbstractCallSite.java:113)
	at org.codehaus.groovy.runtime.callsite.AbstractCallSite.call(AbstractCallSite.java:141)
	at TempTestSuite1543982870097.run(TempTestSuite1543982870097.groovy:36)
	at groovy.lang.GroovyShell.runScriptOrMainOrTestOrRunnable(GroovyShell.java:263)
	at groovy.lang.GroovyShell.run(GroovyShell.java:518)
	at groovy.lang.GroovyShell.run(GroovyShell.java:507)
	at groovy.ui.GroovyMain.processOnce(GroovyMain.java:653)
	at groovy.ui.GroovyMain.run(GroovyMain.java:384)
	at groovy.ui.GroovyMain.process(GroovyMain.java:370)
	at groovy.ui.GroovyMain.processArgs(GroovyMain.java:129)
	at groovy.ui.GroovyMain.main(GroovyMain.java:109)
	at sun.reflect.NativeMethodAccessorImpl.invoke0(Native Method)
	at sun.reflect.NativeMethodAccessorImpl.invoke(NativeMethodAccessorImpl.java:62)
	at sun.reflect.DelegatingMethodAccessorImpl.invoke(DelegatingMethodAccessorImpl.java:43)
	at java.lang.reflect.Method.invoke(Method.java:498)
	at org.codehaus.groovy.tools.GroovyStarter.rootLoader(GroovyStarter.java:109)
	at org.codehaus.groovy.tools.GroovyStarter.main(GroovyStarter.java:131)
)

2018-12-05 12:51:50 - [TEST_STEP][PASSED] - callTestCase: Call Test Case 'Test Cases/Final Aug 2018 - PKS Automation/Registration Module/Workflow/New Registration/Template/Special Case - OTC - Form 1' successfully

2018-12-05 12:51:50 - [TEST_CASE][PASSED] - Test Cases/Final Aug 2018 - PKS Automation/Registration Module/Workflow/New Registration/Template/Special Case - OTC - Form 1: Test Cases/Final Aug 2018 - PKS Automation/Registration Module/Workflow/New Registration/Template/Special Case - OTC - Form 1

2018-12-05 12:51:50 - [TEST_STEP][PASSED] - openBrowser: Browser is opened with url: ''

2018-12-05 12:51:50 - [MESSAGE][WARNING] - A browser is already opened. Closing browser and opening a new one

2018-12-05 12:51:53 - [MESSAGE][PASSED] - Browser is opened with url: ''

2018-12-05 12:51:53 - [TEST_STEP][PASSED] - navigateToUrl: Navigate to 'https://assist2-uat.perkeso.gov.my/login' successfully

2018-12-05 12:51:55 - [MESSAGE][PASSED] - Navigate to 'https://assist2-uat.perkeso.gov.my/login' successfully

2018-12-05 12:51:55 - [TEST_STEP][PASSED] - delay: Delayed 2 second(s)

2018-12-05 12:51:57 - [MESSAGE][PASSED] - Delayed 2 second(s)

2018-12-05 12:51:57 - [TEST_STEP][PASSED] - setText: Text 'klotc2@gmail.com' is set on object 'Object Repository/Final Object Repo/Login Page/Internal User/Email Address'

2018-12-05 12:51:58 - [MESSAGE][PASSED] - Text 'klotc2@gmail.com' is set on object 'Object Repository/Final Object Repo/Login Page/Internal User/Email Address'

2018-12-05 12:51:58 - [TEST_STEP][PASSED] - click: Object: 'Object Repository/Final Object Repo/Login Page/Internal User/Next Button' is clicked on

2018-12-05 12:51:58 - [MESSAGE][PASSED] - Object: 'Object Repository/Final Object Repo/Login Page/Internal User/Next Button' is clicked on

2018-12-05 12:51:58 - [TEST_STEP][PASSED] - delay: Delayed 2 second(s)

2018-12-05 12:52:00 - [MESSAGE][PASSED] - Delayed 2 second(s)

2018-12-05 12:52:00 - [TEST_STEP][PASSED] - setText: Text 'Test1@3456789' is set on object 'Object Repository/Final Object Repo/Login Page/Internal User/Password'

2018-12-05 12:52:02 - [MESSAGE][PASSED] - Text 'Test1@3456789' is set on object 'Object Repository/Final Object Repo/Login Page/Internal User/Password'

2018-12-05 12:52:02 - [TEST_STEP][PASSED] - delay: Delayed 2 second(s)

2018-12-05 12:52:04 - [MESSAGE][PASSED] - Delayed 2 second(s)

2018-12-05 12:52:04 - [TEST_STEP][PASSED] - click: Object: 'Object Repository/Final Object Repo/Login Page/Internal User/Login Button' is clicked on

2018-12-05 12:52:04 - [MESSAGE][PASSED] - Object: 'Object Repository/Final Object Repo/Login Page/Internal User/Login Button' is clicked on

2018-12-05 12:52:04 - [TEST_STEP][PASSED] - Statement - Try: null

2018-12-05 12:52:04 - [TEST_STEP][PASSED] - Statement - Checker = com.kms.katalon.core.webui.keyword.WebUiBuiltInKeywords.verifyElementNotPresent("Final Object Repo/Landing Page/Select to English", 3): null

2018-12-05 12:52:04 - [TEST_STEP][PASSED] - Statement - Catch (Exception e): null

2018-12-05 12:52:04 - [TEST_STEP][PASSED] - Statement - e.printStackTrace(): null

2018-12-05 12:52:04 - [TEST_STEP][PASSED] - delay: Delayed 5 second(s)

2018-12-05 12:52:09 - [MESSAGE][PASSED] - Delayed 5 second(s)

2018-12-05 12:52:09 - [TEST_STEP][PASSED] - click: Object: 'Object Repository/Final Object Repo/Landing Page/My Sites Drop Down' is clicked on

2018-12-05 12:52:10 - [MESSAGE][PASSED] - Object: 'Object Repository/Final Object Repo/Landing Page/My Sites Drop Down' is clicked on

2018-12-05 12:52:10 - [TEST_STEP][PASSED] - click: Object: 'Object Repository/Final Object Repo/Landing Page/Select to Registration Module' is clicked on

2018-12-05 12:52:11 - [MESSAGE][PASSED] - Object: 'Object Repository/Final Object Repo/Landing Page/Select to Registration Module' is clicked on

2018-12-05 12:52:11 - [TEST_STEP][PASSED] - click: Object: 'Object Repository/Final Object Repo/Landing Page/Registration Button' is clicked on

2018-12-05 12:52:12 - [MESSAGE][PASSED] - Object: 'Object Repository/Final Object Repo/Landing Page/Registration Button' is clicked on

2018-12-05 12:52:12 - [TEST_STEP][PASSED] - delay: Delayed 2 second(s)

2018-12-05 12:52:14 - [MESSAGE][PASSED] - Delayed 2 second(s)

2018-12-05 12:52:14 - [TEST_STEP][PASSED] - click: Object: 'Object Repository/Final Object Repo/New Registration - Registration Module Pages/New Reg - OTC to RO/Special Case - OTC - Form 1/AEC NO' is clicked on

2018-12-05 12:52:15 - [MESSAGE][PASSED] - Object: 'Object Repository/Final Object Repo/New Registration - Registration Module Pages/New Reg - OTC to RO/Special Case - OTC - Form 1/AEC NO' is clicked on

2018-12-05 12:52:15 - [TEST_STEP][PASSED] - click: Object: 'Object Repository/Final Object Repo/New Registration - Registration Module Pages/New Reg - OTC to RO/Special Case - OTC - Form 1/Business Entity - Please Select' is clicked on

2018-12-05 12:52:15 - [MESSAGE][PASSED] - Object: 'Object Repository/Final Object Repo/New Registration - Registration Module Pages/New Reg - OTC to RO/Special Case - OTC - Form 1/Business Entity - Please Select' is clicked on

2018-12-05 12:52:15 - [TEST_STEP][PASSED] - click: Object: 'Object Repository/Final Object Repo/New Registration - Registration Module Pages/New Reg - OTC to RO/Special Case - OTC - Form 1/Selected - Corporation' is clicked on

2018-12-05 12:52:15 - [MESSAGE][PASSED] - Object: 'Object Repository/Final Object Repo/New Registration - Registration Module Pages/New Reg - OTC to RO/Special Case - OTC - Form 1/Selected - Corporation' is clicked on

2018-12-05 12:52:15 - [TEST_STEP][PASSED] - delay: Delayed 2 second(s)

2018-12-05 12:52:17 - [MESSAGE][PASSED] - Delayed 2 second(s)

2018-12-05 12:52:17 - [TEST_STEP][PASSED] - click: Object: 'Object Repository/Final Object Repo/New Registration - Registration Module Pages/New Reg - OTC to RO/Special Case - OTC - Form 1/Sub Business Entity - Please Select' is clicked on

2018-12-05 12:52:17 - [MESSAGE][PASSED] - Object: 'Object Repository/Final Object Repo/New Registration - Registration Module Pages/New Reg - OTC to RO/Special Case - OTC - Form 1/Sub Business Entity - Please Select' is clicked on

2018-12-05 12:52:17 - [TEST_STEP][PASSED] - delay: Delayed 2 second(s)

2018-12-05 12:52:19 - [MESSAGE][PASSED] - Delayed 2 second(s)

2018-12-05 12:52:19 - [TEST_STEP][PASSED] - click: Object: 'Object Repository/Final Object Repo/New Registration - Registration Module Pages/New Reg - OTC to RO/Special Case - OTC - Form 1/Selected - Sendirian Berhad' is clicked on

2018-12-05 12:52:19 - [MESSAGE][PASSED] - Object: 'Object Repository/Final Object Repo/New Registration - Registration Module Pages/New Reg - OTC to RO/Special Case - OTC - Form 1/Selected - Sendirian Berhad' is clicked on

2018-12-05 12:52:19 - [TEST_STEP][PASSED] - setText: Text 'AUTOMATE001' is set on object 'Object Repository/Final Object Repo/New Registration - Registration Module Pages/New Reg - OTC to RO/Special Case - OTC - Form 1/Input BRN Number'

2018-12-05 12:52:20 - [MESSAGE][PASSED] - Text 'AUTOMATE001' is set on object 'Object Repository/Final Object Repo/New Registration - Registration Module Pages/New Reg - OTC to RO/Special Case - OTC - Form 1/Input BRN Number'

2018-12-05 12:52:20 - [TEST_STEP][PASSED] - delay: Delayed 2 second(s)

2018-12-05 12:52:22 - [MESSAGE][PASSED] - Delayed 2 second(s)

2018-12-05 12:52:22 - [TEST_STEP][PASSED] - click: Object: 'Object Repository/Final Object Repo/New Registration - Registration Module Pages/New Reg - OTC to RO/Special Case - OTC - Form 1/BRN Search' is clicked on

2018-12-05 12:52:22 - [MESSAGE][PASSED] - Object: 'Object Repository/Final Object Repo/New Registration - Registration Module Pages/New Reg - OTC to RO/Special Case - OTC - Form 1/BRN Search' is clicked on

2018-12-05 12:52:22 - [TEST_STEP][PASSED] - delay: Delayed 4 second(s)

2018-12-05 12:52:26 - [MESSAGE][PASSED] - Delayed 4 second(s)

2018-12-05 12:52:26 - [TEST_STEP][PASSED] - click: Object: 'Object Repository/Final Object Repo/New Registration - Registration Module Pages/New Reg - OTC to RO/Special Case - OTC - Form 1/Registered with SSM - After Feb 2017' is clicked on

2018-12-05 12:52:26 - [MESSAGE][PASSED] - Object: 'Object Repository/Final Object Repo/New Registration - Registration Module Pages/New Reg - OTC to RO/Special Case - OTC - Form 1/Registered with SSM - After Feb 2017' is clicked on

2018-12-05 12:52:26 - [TEST_STEP][PASSED] - delay: Delayed 2 second(s)

2018-12-05 12:52:28 - [MESSAGE][PASSED] - Delayed 2 second(s)

2018-12-05 12:52:28 - [TEST_STEP][PASSED] - click: Object: 'Object Repository/Final Object Repo/New Registration - Registration Module Pages/New Reg - OTC to RO/Special Case - OTC - Form 1/Registering As A Branch - No' is clicked on

2018-12-05 12:52:28 - [MESSAGE][PASSED] - Object: 'Object Repository/Final Object Repo/New Registration - Registration Module Pages/New Reg - OTC to RO/Special Case - OTC - Form 1/Registering As A Branch - No' is clicked on

2018-12-05 12:52:28 - [TEST_STEP][PASSED] - click: Object: 'Object Repository/Final Object Repo/New Registration - Registration Module Pages/New Reg - OTC to RO/Special Case - OTC - Form 1/Acknowledgement Ticked' is clicked on

2018-12-05 12:52:29 - [MESSAGE][PASSED] - Object: 'Object Repository/Final Object Repo/New Registration - Registration Module Pages/New Reg - OTC to RO/Special Case - OTC - Form 1/Acknowledgement Ticked' is clicked on

2018-12-05 12:52:29 - [TEST_STEP][PASSED] - click: Object: 'Object Repository/Final Object Repo/New Registration - Registration Module Pages/New Reg - OTC to RO/Special Case - OTC - Form 1/Submit Button' is clicked on

2018-12-05 12:52:29 - [MESSAGE][PASSED] - Object: 'Object Repository/Final Object Repo/New Registration - Registration Module Pages/New Reg - OTC to RO/Special Case - OTC - Form 1/Submit Button' is clicked on

2018-12-05 12:52:29 - [TEST_STEP][PASSED] - delay: Delayed 2 second(s)

2018-12-05 12:52:31 - [MESSAGE][PASSED] - Delayed 2 second(s)

2018-12-05 12:52:31 - [TEST_STEP][PASSED] - click: Object: 'Object Repository/Final Object Repo/New Registration - Registration Module Pages/New Reg - OTC to RO/Special Case - OTC - Form 1/Confirm No Flagging as Branch' is clicked on

2018-12-05 12:52:31 - [MESSAGE][PASSED] - Object: 'Object Repository/Final Object Repo/New Registration - Registration Module Pages/New Reg - OTC to RO/Special Case - OTC - Form 1/Confirm No Flagging as Branch' is clicked on

2018-12-05 12:52:31 - [MESSAGE][PASSED] - Call Test Case 'Test Cases/Final Aug 2018 - PKS Automation/Registration Module/Workflow/New Registration/Template/Special Case - OTC - Form 1' successfully

2018-12-05 12:52:31 - [TEST_STEP][PASSED] - callTestCase: Call Test Case 'Test Cases/Final Aug 2018 - PKS Automation/Registration Module/New Registration/Form 2/Add 1 Eligible - Incomplete' successfully

2018-12-05 12:52:31 - [TEST_CASE][PASSED] - Test Cases/Final Aug 2018 - PKS Automation/Registration Module/New Registration/Form 2/Add 1 Eligible - Incomplete: Test Cases/Final Aug 2018 - PKS Automation/Registration Module/New Registration/Form 2/Add 1 Eligible - Incomplete

2018-12-05 12:52:31 - [TEST_STEP][PASSED] - delay: Delayed 2 second(s)

2018-12-05 12:52:33 - [MESSAGE][PASSED] - Delayed 2 second(s)

2018-12-05 12:52:33 - [TEST_STEP][PASSED] - callTestCase: Call Test Case 'Test Cases/Final Aug 2018 - PKS Automation/Registration Module/New Registration/Form 2/Date Updater' successfully

2018-12-05 12:52:33 - [TEST_CASE][PASSED] - Test Cases/Final Aug 2018 - PKS Automation/Registration Module/New Registration/Form 2/Date Updater: Test Cases/Final Aug 2018 - PKS Automation/Registration Module/New Registration/Form 2/Date Updater

2018-12-05 12:52:33 - [TEST_STEP][PASSED] - Statement - TodayDate = new java.util.Date(): null

2018-12-05 12:52:33 - [TEST_STEP][PASSED] - Statement - CurrentDateNoFilter = new java.text.SimpleDateFormat(): null

2018-12-05 12:52:33 - [TEST_STEP][PASSED] - Statement - CurrentDateNoFilter.applyPattern("MM"): null

2018-12-05 12:52:33 - [TEST_STEP][PASSED] - Statement - monthContainerMatcher = java.lang.Integer.parseInt(CurrentDateNoFilter.format(TodayDate)): null

2018-12-05 12:52:33 - [TEST_STEP][PASSED] - Statement - monthContainerMatcher = monthContainerMatcher - 1: null

2018-12-05 12:52:33 - [TEST_STEP][PASSED] - Statement - CurrentMonth = monthContainerMatcher.toString(): null

2018-12-05 12:52:33 - [TEST_STEP][PASSED] - Statement - CurrentMonth = CurrentMonth: null

2018-12-05 12:52:33 - [TEST_STEP][PASSED] - Statement - CurrentDateNoFilter.applyPattern("yyyy"): null

2018-12-05 12:52:33 - [TEST_STEP][PASSED] - Statement - CurrentYear = CurrentDateNoFilter.format(TodayDate): null

2018-12-05 12:52:33 - [TEST_STEP][PASSED] - Statement - CurrentYear = CurrentYear: null

2018-12-05 12:52:33 - [TEST_STEP][PASSED] - Statement - intCurrentYear = java.lang.Integer.parseInt(CurrentDateNoFilter.format(TodayDate)): null

2018-12-05 12:52:33 - [TEST_STEP][PASSED] - Statement - eighteenYrsAgo = intCurrentYear - 18: null

2018-12-05 12:52:33 - [TEST_STEP][PASSED] - Statement - eighteenYrsBeforeThisYr = eighteenYrsAgo.toString(): null

2018-12-05 12:52:33 - [TEST_STEP][PASSED] - Statement - EighteenYrsBefore = eighteenYrsBeforeThisYr: null

2018-12-05 12:52:33 - [TEST_STEP][PASSED] - Statement - fiftysevenYrsAgo = intCurrentYear - 57: null

2018-12-05 12:52:33 - [TEST_STEP][PASSED] - Statement - fiftysevenYrsBeforeThisYr = fiftysevenYrsAgo.toString(): null

2018-12-05 12:52:33 - [TEST_STEP][PASSED] - Statement - FiftysevenYrsBefore = fiftysevenYrsBeforeThisYr: null

2018-12-05 12:52:33 - [TEST_STEP][PASSED] - Statement - leapYear = false: null

2018-12-05 12:52:33 - [TEST_STEP][PASSED] - Statement - leapYear = intCurrentYear % 4 == 0: null

2018-12-05 12:52:33 - [TEST_STEP][PASSED] - Statement - CurrentDateNoFilter.applyPattern("dd"): null

2018-12-05 12:52:33 - [TEST_STEP][PASSED] - Statement - CurrentDate = CurrentDateNoFilter.format(TodayDate): null

2018-12-05 12:52:33 - [TEST_STEP][PASSED] - Statement - CurrentDate = java.lang.Integer.parseInt(CurrentDate): null

2018-12-05 12:52:33 - [TEST_STEP][PASSED] - Statement - CurrentDate = CurrentDate: null

2018-12-05 12:52:33 - [TEST_STEP][PASSED] - Statement - CurrentDay = java.lang.Integer.parseInt(CurrentDate): null

2018-12-05 12:52:33 - [TEST_STEP][PASSED] - Statement - ConfAdder = <not implemented yet for class: org.codehaus.groovy.ast.expr.EmptyExpression>: null

2018-12-05 12:52:33 - [TEST_STEP][PASSED] - Statement - switch (CurrentDate): null

2018-12-05 12:52:33 - [TEST_STEP][PASSED] - Statement - Default: null

2018-12-05 12:52:33 - [TEST_STEP][PASSED] - Statement - ConfAdder = false: null

2018-12-05 12:52:33 - [TEST_STEP][PASSED] - Statement - Break: null

2018-12-05 12:52:33 - [TEST_STEP][PASSED] - Statement - aDayBefore = <not implemented yet for class: org.codehaus.groovy.ast.expr.EmptyExpression>: null

2018-12-05 12:52:33 - [TEST_STEP][PASSED] - Statement - If (ConfAdder == true): null

2018-12-05 12:52:33 - [TEST_STEP][PASSED] - Statement - Else: null

2018-12-05 12:52:33 - [TEST_STEP][PASSED] - Statement - aDayBefore = 1: null

2018-12-05 12:52:33 - [TEST_STEP][PASSED] - Statement - If (aDayBefore == 1 && CurrentMonth == 11): null

2018-12-05 12:52:33 - [TEST_STEP][PASSED] - Statement - DayBefore = aDayBefore.toString(): null

2018-12-05 12:52:33 - [TEST_STEP][PASSED] - Statement - OneDayBefore = DayBefore: null

2018-12-05 12:52:34 - [MESSAGE][PASSED] - Call Test Case 'Test Cases/Final Aug 2018 - PKS Automation/Registration Module/New Registration/Form 2/Date Updater' successfully

2018-12-05 12:52:34 - [TEST_STEP][PASSED] - Statement - CaseReferenceNo = com.kms.katalon.core.webui.keyword.WebUiBuiltInKeywords.getText(com.kms.katalon.core.testobject.ObjectRepository.findTestObject(Final Object Repo/New Registration - Registration Module Pages/Form 2/RefNo Acquiring)): Text of object 'Object Repository/Final Object Repo/New Registration - Registration Module Pages/Form 2/RefNo Acquiring' is: 'CRN12201800123008'

2018-12-05 12:52:34 - [MESSAGE][PASSED] - Text of object 'Object Repository/Final Object Repo/New Registration - Registration Module Pages/Form 2/RefNo Acquiring' is: 'CRN12201800123008'

2018-12-05 12:52:34 - [TEST_STEP][PASSED] - delay: Delayed 4 second(s)

2018-12-05 12:52:38 - [MESSAGE][PASSED] - Delayed 4 second(s)

2018-12-05 12:52:38 - [TEST_STEP][PASSED] - click: Object: 'Object Repository/Final Object Repo/New Registration - Registration Module Pages/Form 2/Add Employee Button' is clicked on

2018-12-05 12:52:38 - [MESSAGE][PASSED] - Object: 'Object Repository/Final Object Repo/New Registration - Registration Module Pages/Form 2/Add Employee Button' is clicked on

2018-12-05 12:52:38 - [TEST_STEP][PASSED] - delay: Delayed 1 second(s)

2018-12-05 12:52:39 - [MESSAGE][PASSED] - Delayed 1 second(s)

2018-12-05 12:52:39 - [TEST_STEP][PASSED] - setText: Text '010903091984' is set on object 'Object Repository/Final Object Repo/New Registration - Registration Module Pages/Form 2/NRIC Input'

2018-12-05 12:52:43 - [MESSAGE][PASSED] - Text '010903091984' is set on object 'Object Repository/Final Object Repo/New Registration - Registration Module Pages/Form 2/NRIC Input'

2018-12-05 12:52:43 - [TEST_STEP][PASSED] - click: Object: 'Object Repository/Final Object Repo/New Registration - Registration Module Pages/Form 2/button for search for IC' is clicked on

2018-12-05 12:52:43 - [MESSAGE][PASSED] - Object: 'Object Repository/Final Object Repo/New Registration - Registration Module Pages/Form 2/button for search for IC' is clicked on

2018-12-05 12:52:43 - [TEST_STEP][PASSED] - delay: Delayed 2 second(s)

2018-12-05 12:52:45 - [MESSAGE][PASSED] - Delayed 2 second(s)

2018-12-05 12:52:45 - [TEST_STEP][PASSED] - setText: Text 'Automate001 eligible 1' is set on object 'Object Repository/Final Object Repo/New Registration - Registration Module Pages/Form 2/Employee Name Input'

2018-12-05 12:52:46 - [MESSAGE][PASSED] - Text 'Automate001 eligible 1' is set on object 'Object Repository/Final Object Repo/New Registration - Registration Module Pages/Form 2/Employee Name Input'

2018-12-05 12:52:46 - [TEST_STEP][PASSED] - delay: Delayed 2 second(s)

2018-12-05 12:52:48 - [MESSAGE][PASSED] - Delayed 2 second(s)

2018-12-05 12:52:48 - [TEST_STEP][PASSED] - click: Object: 'Object Repository/Final Object Repo/New Registration - Registration Module Pages/Form 2/DatePicker Pop Up' is clicked on

2018-12-05 12:52:48 - [MESSAGE][PASSED] - Object: 'Object Repository/Final Object Repo/New Registration - Registration Module Pages/Form 2/DatePicker Pop Up' is clicked on

2018-12-05 12:52:48 - [TEST_STEP][PASSED] - click: Object: 'Object Repository/Final Object Repo/New Registration - Registration Module Pages/Form 2/DOB Month' is clicked on

2018-12-05 12:52:48 - [MESSAGE][PASSED] - Object: 'Object Repository/Final Object Repo/New Registration - Registration Module Pages/Form 2/DOB Month' is clicked on

2018-12-05 12:52:48 - [TEST_STEP][PASSED] - Statement - CurrentMonth = CurrentMonth: null

2018-12-05 12:52:48 - [TEST_STEP][PASSED] - Statement - selectMonth = new com.kms.katalon.core.testobject.TestObject(): null

2018-12-05 12:52:48 - [TEST_STEP][PASSED] - Statement - selectMonth.addProperty("xpath", EQUALS, "//body/div/div/div/select/option[@value='" + CurrentMonth + "']", true): null

2018-12-05 12:52:48 - [TEST_STEP][PASSED] - click: Object: '' is clicked on

2018-12-05 12:52:49 - [MESSAGE][PASSED] - Object: '' is clicked on

2018-12-05 12:52:49 - [TEST_STEP][PASSED] - click: Object: 'Object Repository/Final Object Repo/New Registration - Registration Module Pages/Form 2/DOB Year' is clicked on

2018-12-05 12:52:49 - [MESSAGE][PASSED] - Object: 'Object Repository/Final Object Repo/New Registration - Registration Module Pages/Form 2/DOB Year' is clicked on

2018-12-05 12:52:49 - [TEST_STEP][PASSED] - Statement - Eyearsbf = EighteenYrsBefore: null

2018-12-05 12:52:49 - [TEST_STEP][PASSED] - Statement - selectYear = new com.kms.katalon.core.testobject.TestObject(): null

2018-12-05 12:52:49 - [TEST_STEP][PASSED] - Statement - selectYear.addProperty("xpath", EQUALS, "//div/div/div/select/option[@value='" + Eyearsbf + "']", true): null

2018-12-05 12:52:49 - [TEST_STEP][PASSED] - click: Object: '' is clicked on

2018-12-05 12:52:49 - [MESSAGE][PASSED] - Object: '' is clicked on

2018-12-05 12:52:49 - [TEST_STEP][PASSED] - Statement - UpdatedSelectDate = com.kms.katalon.core.webui.keyword.WebUiBuiltInKeywords.modifyObjectProperty(com.kms.katalon.core.testobject.ObjectRepository.findTestObject(Final Object Repo/New Registration - Registration Module Pages/Form 2/DOB Date), "xpath", "equals", "//body/div/table/tbody/tr/td/a[text()="" + CurrentDate + ""]", true): Modify property of object successfully

2018-12-05 12:52:49 - [MESSAGE][PASSED] - Modify property of object successfully

2018-12-05 12:52:49 - [TEST_STEP][PASSED] - delay: Delayed 3 second(s)

2018-12-05 12:52:52 - [MESSAGE][PASSED] - Delayed 3 second(s)

2018-12-05 12:52:52 - [TEST_STEP][PASSED] - click: Object: 'Object Repository/Final Object Repo/New Registration - Registration Module Pages/Form 2/DOB Date' is clicked on

2018-12-05 12:52:52 - [MESSAGE][PASSED] - Object: 'Object Repository/Final Object Repo/New Registration - Registration Module Pages/Form 2/DOB Date' is clicked on

2018-12-05 12:52:52 - [TEST_STEP][PASSED] - delay: Delayed 2 second(s)

2018-12-05 12:52:54 - [MESSAGE][PASSED] - Delayed 2 second(s)

2018-12-05 12:52:54 - [TEST_STEP][PASSED] - click: Object: 'Object Repository/Final Object Repo/New Registration - Registration Module Pages/Form 2/EmploymentStartDate Pop Up' is clicked on

2018-12-05 12:52:54 - [MESSAGE][PASSED] - Object: 'Object Repository/Final Object Repo/New Registration - Registration Module Pages/Form 2/EmploymentStartDate Pop Up' is clicked on

2018-12-05 12:52:54 - [TEST_STEP][PASSED] - delay: Delayed 2 second(s)

2018-12-05 12:52:56 - [MESSAGE][PASSED] - Delayed 2 second(s)

2018-12-05 12:52:56 - [TEST_STEP][PASSED] - click: Object: 'Object Repository/Final Object Repo/New Registration - Registration Module Pages/Form 2/Socso Employment StartDate Month' is clicked on

2018-12-05 12:52:57 - [MESSAGE][PASSED] - Object: 'Object Repository/Final Object Repo/New Registration - Registration Module Pages/Form 2/Socso Employment StartDate Month' is clicked on

2018-12-05 12:52:57 - [TEST_STEP][PASSED] - delay: Delayed 1 second(s)

2018-12-05 12:52:58 - [MESSAGE][PASSED] - Delayed 1 second(s)

2018-12-05 12:52:58 - [TEST_STEP][PASSED] - click: Object: 'Object Repository/Final Object Repo/New Registration - Registration Module Pages/Form 2/Select Socso Employement Startdate Month' is clicked on

2018-12-05 12:52:58 - [MESSAGE][PASSED] - Object: 'Object Repository/Final Object Repo/New Registration - Registration Module Pages/Form 2/Select Socso Employement Startdate Month' is clicked on

2018-12-05 12:52:58 - [TEST_STEP][PASSED] - delay: Delayed 2 second(s)

2018-12-05 12:53:00 - [MESSAGE][PASSED] - Delayed 2 second(s)

2018-12-05 12:53:00 - [TEST_STEP][PASSED] - click: Object: 'Object Repository/Final Object Repo/New Registration - Registration Module Pages/Form 2/Socso Employment StartDate Year' is clicked on

2018-12-05 12:53:00 - [MESSAGE][PASSED] - Object: 'Object Repository/Final Object Repo/New Registration - Registration Module Pages/Form 2/Socso Employment StartDate Year' is clicked on

2018-12-05 12:53:00 - [TEST_STEP][PASSED] - delay: Delayed 1 second(s)

2018-12-05 12:53:01 - [MESSAGE][PASSED] - Delayed 1 second(s)

2018-12-05 12:53:01 - [TEST_STEP][PASSED] - click: Object: 'Object Repository/Final Object Repo/New Registration - Registration Module Pages/Form 2/Select Socso Employment Startdate Year' is clicked on

2018-12-05 12:53:01 - [MESSAGE][PASSED] - Object: 'Object Repository/Final Object Repo/New Registration - Registration Module Pages/Form 2/Select Socso Employment Startdate Year' is clicked on

2018-12-05 12:53:01 - [TEST_STEP][PASSED] - delay: Delayed 2 second(s)

2018-12-05 12:53:03 - [MESSAGE][PASSED] - Delayed 2 second(s)

2018-12-05 12:53:03 - [TEST_STEP][PASSED] - click: Object: 'Object Repository/Final Object Repo/New Registration - Registration Module Pages/Form 2/Socso Employment Start Date Day' is clicked on

2018-12-05 12:53:03 - [MESSAGE][PASSED] - Object: 'Object Repository/Final Object Repo/New Registration - Registration Module Pages/Form 2/Socso Employment Start Date Day' is clicked on

2018-12-05 12:53:03 - [TEST_STEP][PASSED] - delay: Delayed 2 second(s)

2018-12-05 12:53:05 - [MESSAGE][PASSED] - Delayed 2 second(s)

2018-12-05 12:53:05 - [TEST_STEP][PASSED] - click: Object: 'Object Repository/Final Object Repo/New Registration - Registration Module Pages/Form 2/Save Button for Add Employee' is clicked on

2018-12-05 12:53:06 - [MESSAGE][PASSED] - Object: 'Object Repository/Final Object Repo/New Registration - Registration Module Pages/Form 2/Save Button for Add Employee' is clicked on

2018-12-05 12:53:06 - [TEST_STEP][PASSED] - delay: Delayed 6 second(s)

2018-12-05 12:53:12 - [MESSAGE][PASSED] - Delayed 6 second(s)

2018-12-05 12:53:12 - [TEST_STEP][PASSED] - click: Object: 'Object Repository/Final Object Repo/New Registration - Registration Module Pages/Form 2/Incomplete Checkbox' is clicked on

2018-12-05 12:53:12 - [MESSAGE][PASSED] - Object: 'Object Repository/Final Object Repo/New Registration - Registration Module Pages/Form 2/Incomplete Checkbox' is clicked on

2018-12-05 12:53:12 - [TEST_STEP][PASSED] - delay: Delayed 2 second(s)

2018-12-05 12:53:14 - [MESSAGE][PASSED] - Delayed 2 second(s)

2018-12-05 12:53:14 - [TEST_STEP][PASSED] - click: Object: 'Object Repository/Final Object Repo/New Registration - Registration Module Pages/Form 2/Save and Continue Form 2' is clicked on

2018-12-05 12:53:14 - [MESSAGE][PASSED] - Object: 'Object Repository/Final Object Repo/New Registration - Registration Module Pages/Form 2/Save and Continue Form 2' is clicked on

2018-12-05 12:53:14 - [MESSAGE][PASSED] - Call Test Case 'Test Cases/Final Aug 2018 - PKS Automation/Registration Module/New Registration/Form 2/Add 1 Eligible - Incomplete' successfully

2018-12-05 12:53:14 - [TEST_STEP][PASSED] - callTestCase: Call Test Case 'Test Cases/Final Aug 2018 - PKS Automation/Registration Module/New Registration/Flow of New Registration/Third Screen - Upload Supporting Doc - Preview' successfully

2018-12-05 12:53:14 - [TEST_CASE][PASSED] - Test Cases/Final Aug 2018 - PKS Automation/Registration Module/New Registration/Flow of New Registration/Third Screen - Upload Supporting Doc - Preview: Test Cases/Final Aug 2018 - PKS Automation/Registration Module/New Registration/Flow of New Registration/Third Screen - Upload Supporting Doc - Preview

2018-12-05 12:53:14 - [TEST_STEP][PASSED] - waitForPageLoad: Wait for page load successfully

2018-12-05 12:53:16 - [MESSAGE][PASSED] - Wait for page load successfully

2018-12-05 12:53:16 - [TEST_STEP][PASSED] - Statement - CaseReferenceNo = com.kms.katalon.core.webui.keyword.WebUiBuiltInKeywords.getText(com.kms.katalon.core.testobject.ObjectRepository.findTestObject(Final Object Repo/New Registration - Registration Module Pages/Third Screen - Upload Supporting Doc- Preview/RefNo Acquiring)): Text of object 'Object Repository/Final Object Repo/New Registration - Registration Module Pages/Third Screen - Upload Supporting Doc- Preview/RefNo Acquiring' is: 'CRN12201800123008'

2018-12-05 12:53:17 - [MESSAGE][PASSED] - Text of object 'Object Repository/Final Object Repo/New Registration - Registration Module Pages/Third Screen - Upload Supporting Doc- Preview/RefNo Acquiring' is: 'CRN12201800123008'

2018-12-05 12:53:17 - [TEST_STEP][PASSED] - delay: Delayed 2 second(s)

2018-12-05 12:53:19 - [MESSAGE][PASSED] - Delayed 2 second(s)

2018-12-05 12:53:19 - [TEST_STEP][PASSED] - callTestCase: Call Test Case 'Test Cases/Final Aug 2018 - PKS Automation/Common/Reference Number Setter' successfully

2018-12-05 12:53:19 - [TEST_CASE][PASSED] - Test Cases/Final Aug 2018 - PKS Automation/Common/Reference Number Setter: Test Cases/Final Aug 2018 - PKS Automation/Common/Reference Number Setter

2018-12-05 12:53:19 - [TEST_STEP][PASSED] - Statement - RefNoOldFile = new java.io.File(C://Users//Admin//Desktop//PKS//Automation Reference Point//KatalonReference.txt): null

2018-12-05 12:53:19 - [TEST_STEP][PASSED] - Statement - RefNoOldFile.delete(): null

2018-12-05 12:53:19 - [TEST_STEP][PASSED] - delay: Delayed 5 second(s)

2018-12-05 12:53:24 - [MESSAGE][PASSED] - Delayed 5 second(s)

2018-12-05 12:53:24 - [TEST_STEP][PASSED] - Statement - RefNo = new java.io.File(C://Users//Admin//Desktop//PKS//Automation Reference Point//KatalonReference.txt): null

2018-12-05 12:53:24 - [TEST_STEP][PASSED] - Statement - f2 = new java.io.FileWriter(RefNo, false): null

2018-12-05 12:53:24 - [TEST_STEP][PASSED] - Statement - f2.write(CaseReferenceNo): null

2018-12-05 12:53:24 - [TEST_STEP][PASSED] - Statement - f2.close(): null

2018-12-05 12:53:24 - [TEST_STEP][PASSED] - Statement - out.println("


" + CaseReferenceNo + "


"): null

2018-12-05 12:53:24 - [MESSAGE][PASSED] - Call Test Case 'Test Cases/Final Aug 2018 - PKS Automation/Common/Reference Number Setter' successfully

2018-12-05 12:53:24 - [TEST_STEP][PASSED] - waitForElementClickable: Object 'Object Repository/Final Object Repo/New Registration - Registration Module Pages/Third Screen - Upload Supporting Doc- Preview/Save n Continue in SIP Employee Listing Page' is clickable

2018-12-05 12:53:24 - [MESSAGE][PASSED] - Object 'Object Repository/Final Object Repo/New Registration - Registration Module Pages/Third Screen - Upload Supporting Doc- Preview/Save n Continue in SIP Employee Listing Page' is clickable

2018-12-05 12:53:24 - [TEST_STEP][PASSED] - click: Object: 'Object Repository/Final Object Repo/New Registration - Registration Module Pages/Third Screen - Upload Supporting Doc- Preview/Save n Continue in SIP Employee Listing Page' is clicked on

2018-12-05 12:53:30 - [MESSAGE][PASSED] - Object: 'Object Repository/Final Object Repo/New Registration - Registration Module Pages/Third Screen - Upload Supporting Doc- Preview/Save n Continue in SIP Employee Listing Page' is clicked on

2018-12-05 12:53:30 - [TEST_STEP][PASSED] - delay: Delayed 7 second(s)

2018-12-05 12:53:37 - [MESSAGE][PASSED] - Delayed 7 second(s)

2018-12-05 12:53:37 - [TEST_STEP][PASSED] - click: Object: 'Object Repository/Final Object Repo/New Registration - Registration Module Pages/Third Screen - Upload Supporting Doc- Preview/Add Document Button' is clicked on

2018-12-05 12:53:37 - [MESSAGE][PASSED] - Object: 'Object Repository/Final Object Repo/New Registration - Registration Module Pages/Third Screen - Upload Supporting Doc- Preview/Add Document Button' is clicked on

2018-12-05 12:53:37 - [TEST_STEP][PASSED] - delay: Delayed 30 second(s)

2018-12-05 12:54:07 - [MESSAGE][PASSED] - Delayed 30 second(s)

2018-12-05 12:54:07 - [TEST_STEP][PASSED] - click: Object: 'Object Repository/Final Object Repo/New Registration - Registration Module Pages/Third Screen - Upload Supporting Doc- Preview/Supporting Doc Please Select Drop Down' is clicked on

2018-12-05 12:54:07 - [MESSAGE][PASSED] - Object: 'Object Repository/Final Object Repo/New Registration - Registration Module Pages/Third Screen - Upload Supporting Doc- Preview/Supporting Doc Please Select Drop Down' is clicked on

2018-12-05 12:54:07 - [TEST_STEP][PASSED] - delay: Delayed 2 second(s)

2018-12-05 12:54:09 - [MESSAGE][PASSED] - Delayed 2 second(s)

2018-12-05 12:54:09 - [TEST_STEP][PASSED] - click: Object: 'Object Repository/Final Object Repo/New Registration - Registration Module Pages/Third Screen - Upload Supporting Doc- Preview/Select to Upload Form 1' is clicked on

2018-12-05 12:54:09 - [MESSAGE][PASSED] - Object: 'Object Repository/Final Object Repo/New Registration - Registration Module Pages/Third Screen - Upload Supporting Doc- Preview/Select to Upload Form 1' is clicked on

2018-12-05 12:54:09 - [TEST_STEP][PASSED] - delay: Delayed 2 second(s)

2018-12-05 12:54:11 - [MESSAGE][PASSED] - Delayed 2 second(s)

2018-12-05 12:54:11 - [TEST_STEP][PASSED] - uploadFile: File 'C:\Users\Public\Pictures\Sample Pictures\Koala.jpg' sent to object: 'Object Repository/Final Object Repo/New Registration - Registration Module Pages/Third Screen - Upload Supporting Doc- Preview/Upload File Adding'

2018-12-05 12:54:11 - [MESSAGE][PASSED] - File 'C:\Users\Public\Pictures\Sample Pictures\Koala.jpg' sent to object: 'Object Repository/Final Object Repo/New Registration - Registration Module Pages/Third Screen - Upload Supporting Doc- Preview/Upload File Adding'

2018-12-05 12:54:11 - [TEST_STEP][PASSED] - delay: Delayed 5 second(s)

2018-12-05 12:54:16 - [MESSAGE][PASSED] - Delayed 5 second(s)

2018-12-05 12:54:16 - [TEST_STEP][PASSED] - click: Object: 'Object Repository/Final Object Repo/New Registration - Registration Module Pages/Third Screen - Upload Supporting Doc- Preview/Inner Form Add Document Button' is clicked on

2018-12-05 12:54:17 - [MESSAGE][PASSED] - Object: 'Object Repository/Final Object Repo/New Registration - Registration Module Pages/Third Screen - Upload Supporting Doc- Preview/Inner Form Add Document Button' is clicked on

2018-12-05 12:54:17 - [TEST_STEP][PASSED] - delay: Delayed 3 second(s)

2018-12-05 12:54:20 - [MESSAGE][PASSED] - Delayed 3 second(s)

2018-12-05 12:54:20 - [TEST_STEP][PASSED] - click: Object: 'Object Repository/Final Object Repo/New Registration - Registration Module Pages/Third Screen - Upload Supporting Doc- Preview/Add Document Button' is clicked on

2018-12-05 12:54:21 - [MESSAGE][PASSED] - Object: 'Object Repository/Final Object Repo/New Registration - Registration Module Pages/Third Screen - Upload Supporting Doc- Preview/Add Document Button' is clicked on

2018-12-05 12:54:21 - [TEST_STEP][PASSED] - delay: Delayed 30 second(s)

2018-12-05 12:54:51 - [MESSAGE][PASSED] - Delayed 30 second(s)

2018-12-05 12:54:51 - [TEST_STEP][PASSED] - click: Object: 'Object Repository/Final Object Repo/New Registration - Registration Module Pages/Third Screen - Upload Supporting Doc- Preview/Supporting Doc Please Select Drop Down' is clicked on

2018-12-05 12:54:51 - [MESSAGE][PASSED] - Object: 'Object Repository/Final Object Repo/New Registration - Registration Module Pages/Third Screen - Upload Supporting Doc- Preview/Supporting Doc Please Select Drop Down' is clicked on

2018-12-05 12:54:51 - [TEST_STEP][PASSED] - delay: Delayed 2 second(s)

2018-12-05 12:54:53 - [MESSAGE][PASSED] - Delayed 2 second(s)

2018-12-05 12:54:53 - [TEST_STEP][PASSED] - click: Object: 'Object Repository/Final Object Repo/New Registration - Registration Module Pages/Third Screen - Upload Supporting Doc- Preview/Select to Upload Form 2' is clicked on

2018-12-05 12:54:54 - [MESSAGE][PASSED] - Object: 'Object Repository/Final Object Repo/New Registration - Registration Module Pages/Third Screen - Upload Supporting Doc- Preview/Select to Upload Form 2' is clicked on

2018-12-05 12:54:54 - [TEST_STEP][PASSED] - delay: Delayed 2 second(s)

2018-12-05 12:54:56 - [MESSAGE][PASSED] - Delayed 2 second(s)

2018-12-05 12:54:56 - [TEST_STEP][PASSED] - uploadFile: File 'C:\Users\Public\Pictures\Sample Pictures\Koala.jpg' sent to object: 'Object Repository/Final Object Repo/New Registration - Registration Module Pages/Third Screen - Upload Supporting Doc- Preview/Upload File Adding'

2018-12-05 12:54:56 - [MESSAGE][PASSED] - File 'C:\Users\Public\Pictures\Sample Pictures\Koala.jpg' sent to object: 'Object Repository/Final Object Repo/New Registration - Registration Module Pages/Third Screen - Upload Supporting Doc- Preview/Upload File Adding'

2018-12-05 12:54:56 - [TEST_STEP][PASSED] - click: Object: 'Object Repository/Final Object Repo/New Registration - Registration Module Pages/Third Screen - Upload Supporting Doc- Preview/Inner Form Add Document Button' is clicked on

2018-12-05 12:54:56 - [MESSAGE][PASSED] - Object: 'Object Repository/Final Object Repo/New Registration - Registration Module Pages/Third Screen - Upload Supporting Doc- Preview/Inner Form Add Document Button' is clicked on

2018-12-05 12:54:56 - [TEST_STEP][PASSED] - delay: Delayed 5 second(s)

2018-12-05 12:55:01 - [MESSAGE][PASSED] - Delayed 5 second(s)

2018-12-05 12:55:01 - [TEST_STEP][PASSED] - click: Object: 'Object Repository/Final Object Repo/New Registration - Registration Module Pages/Third Screen - Upload Supporting Doc- Preview/Add Document Button' is clicked on

2018-12-05 12:55:10 - [MESSAGE][PASSED] - Object: 'Object Repository/Final Object Repo/New Registration - Registration Module Pages/Third Screen - Upload Supporting Doc- Preview/Add Document Button' is clicked on

2018-12-05 12:55:10 - [TEST_STEP][PASSED] - delay: Delayed 30 second(s)

2018-12-05 12:55:40 - [MESSAGE][PASSED] - Delayed 30 second(s)

2018-12-05 12:55:40 - [TEST_STEP][PASSED] - click: Object: 'Object Repository/Final Object Repo/New Registration - Registration Module Pages/Third Screen - Upload Supporting Doc- Preview/Supporting Doc Please Select Drop Down' is clicked on

2018-12-05 12:55:40 - [MESSAGE][PASSED] - Object: 'Object Repository/Final Object Repo/New Registration - Registration Module Pages/Third Screen - Upload Supporting Doc- Preview/Supporting Doc Please Select Drop Down' is clicked on

2018-12-05 12:55:40 - [TEST_STEP][PASSED] - click: Object: 'Object Repository/Final Object Repo/New Registration - Registration Module Pages/Third Screen - Upload Supporting Doc- Preview/Select to Upload Borang SIP 1' is clicked on

2018-12-05 12:55:40 - [MESSAGE][PASSED] - Object: 'Object Repository/Final Object Repo/New Registration - Registration Module Pages/Third Screen - Upload Supporting Doc- Preview/Select to Upload Borang SIP 1' is clicked on

2018-12-05 12:55:40 - [TEST_STEP][PASSED] - delay: Delayed 2 second(s)

2018-12-05 12:55:42 - [MESSAGE][PASSED] - Delayed 2 second(s)

2018-12-05 12:55:42 - [TEST_STEP][PASSED] - uploadFile: File 'C:\Users\Public\Pictures\Sample Pictures\Koala.jpg' sent to object: 'Object Repository/Final Object Repo/New Registration - Registration Module Pages/Third Screen - Upload Supporting Doc- Preview/Upload File Adding'

2018-12-05 12:55:42 - [MESSAGE][PASSED] - File 'C:\Users\Public\Pictures\Sample Pictures\Koala.jpg' sent to object: 'Object Repository/Final Object Repo/New Registration - Registration Module Pages/Third Screen - Upload Supporting Doc- Preview/Upload File Adding'

2018-12-05 12:55:42 - [TEST_STEP][PASSED] - click: Object: 'Object Repository/Final Object Repo/New Registration - Registration Module Pages/Third Screen - Upload Supporting Doc- Preview/Inner Form Add Document Button' is clicked on

2018-12-05 12:55:43 - [MESSAGE][PASSED] - Object: 'Object Repository/Final Object Repo/New Registration - Registration Module Pages/Third Screen - Upload Supporting Doc- Preview/Inner Form Add Document Button' is clicked on

2018-12-05 12:55:43 - [TEST_STEP][PASSED] - delay: Delayed 5 second(s)

2018-12-05 12:55:48 - [MESSAGE][PASSED] - Delayed 5 second(s)

2018-12-05 12:55:48 - [TEST_STEP][PASSED] - click: Object: 'Object Repository/Final Object Repo/New Registration - Registration Module Pages/Third Screen - Upload Supporting Doc- Preview/Add Document Button' is clicked on

2018-12-05 12:55:48 - [MESSAGE][PASSED] - Object: 'Object Repository/Final Object Repo/New Registration - Registration Module Pages/Third Screen - Upload Supporting Doc- Preview/Add Document Button' is clicked on

2018-12-05 12:55:48 - [TEST_STEP][PASSED] - delay: Delayed 30 second(s)

2018-12-05 12:56:18 - [MESSAGE][PASSED] - Delayed 30 second(s)

2018-12-05 12:56:18 - [TEST_STEP][PASSED] - click: Object: 'Object Repository/Final Object Repo/New Registration - Registration Module Pages/Third Screen - Upload Supporting Doc- Preview/Supporting Doc Please Select Drop Down' is clicked on

2018-12-05 12:56:18 - [MESSAGE][PASSED] - Object: 'Object Repository/Final Object Repo/New Registration - Registration Module Pages/Third Screen - Upload Supporting Doc- Preview/Supporting Doc Please Select Drop Down' is clicked on

2018-12-05 12:56:18 - [TEST_STEP][PASSED] - delay: Delayed 3 second(s)

2018-12-05 12:56:21 - [MESSAGE][PASSED] - Delayed 3 second(s)

2018-12-05 12:56:21 - [TEST_STEP][PASSED] - click: Object: 'Object Repository/Final Object Repo/New Registration - Registration Module Pages/Third Screen - Upload Supporting Doc- Preview/Select to Upload Borang SIP 2' is clicked on

2018-12-05 12:56:21 - [MESSAGE][PASSED] - Object: 'Object Repository/Final Object Repo/New Registration - Registration Module Pages/Third Screen - Upload Supporting Doc- Preview/Select to Upload Borang SIP 2' is clicked on

2018-12-05 12:56:21 - [TEST_STEP][PASSED] - delay: Delayed 2 second(s)

2018-12-05 12:56:23 - [MESSAGE][PASSED] - Delayed 2 second(s)

2018-12-05 12:56:23 - [TEST_STEP][PASSED] - uploadFile: File 'C:\Users\Public\Pictures\Sample Pictures\Koala.jpg' sent to object: 'Object Repository/Final Object Repo/New Registration - Registration Module Pages/Third Screen - Upload Supporting Doc- Preview/Upload File Adding'

2018-12-05 12:56:23 - [MESSAGE][PASSED] - File 'C:\Users\Public\Pictures\Sample Pictures\Koala.jpg' sent to object: 'Object Repository/Final Object Repo/New Registration - Registration Module Pages/Third Screen - Upload Supporting Doc- Preview/Upload File Adding'

2018-12-05 12:56:23 - [TEST_STEP][PASSED] - delay: Delayed 5 second(s)

2018-12-05 12:56:28 - [MESSAGE][PASSED] - Delayed 5 second(s)

2018-12-05 12:56:28 - [TEST_STEP][PASSED] - click: Object: 'Object Repository/Final Object Repo/New Registration - Registration Module Pages/Third Screen - Upload Supporting Doc- Preview/Inner Form Add Document Button' is clicked on

2018-12-05 12:56:28 - [MESSAGE][PASSED] - Object: 'Object Repository/Final Object Repo/New Registration - Registration Module Pages/Third Screen - Upload Supporting Doc- Preview/Inner Form Add Document Button' is clicked on

2018-12-05 12:56:28 - [TEST_STEP][PASSED] - delay: Delayed 3 second(s)

2018-12-05 12:56:31 - [MESSAGE][PASSED] - Delayed 3 second(s)

2018-12-05 12:56:31 - [TEST_STEP][PASSED] - waitForElementClickable: Object 'Object Repository/Final Object Repo/New Registration - Registration Module Pages/Third Screen - Upload Supporting Doc- Preview/Save n Continue in Uploading Supporting Doc Page' is clickable

2018-12-05 12:56:32 - [MESSAGE][PASSED] - Object 'Object Repository/Final Object Repo/New Registration - Registration Module Pages/Third Screen - Upload Supporting Doc- Preview/Save n Continue in Uploading Supporting Doc Page' is clickable

2018-12-05 12:56:32 - [TEST_STEP][PASSED] - click: Object: 'Object Repository/Final Object Repo/New Registration - Registration Module Pages/Third Screen - Upload Supporting Doc- Preview/Save n Continue in Uploading Supporting Doc Page' is clicked on

2018-12-05 12:56:33 - [MESSAGE][PASSED] - Object: 'Object Repository/Final Object Repo/New Registration - Registration Module Pages/Third Screen - Upload Supporting Doc- Preview/Save n Continue in Uploading Supporting Doc Page' is clicked on

2018-12-05 12:56:33 - [MESSAGE][PASSED] - Call Test Case 'Test Cases/Final Aug 2018 - PKS Automation/Registration Module/New Registration/Flow of New Registration/Third Screen - Upload Supporting Doc - Preview' successfully

2018-12-05 12:56:33 - [TEST_STEP][PASSED] - callTestCase: Call Test Case 'Test Cases/Final Aug 2018 - PKS Automation/Registration Module/New Registration/Submit and Screenshot/Submit Registration and Screenshot' successfully

2018-12-05 12:56:33 - [TEST_CASE][PASSED] - Test Cases/Final Aug 2018 - PKS Automation/Registration Module/New Registration/Submit and Screenshot/Submit Registration and Screenshot: Test Cases/Final Aug 2018 - PKS Automation/Registration Module/New Registration/Submit and Screenshot/Submit Registration and Screenshot

2018-12-05 12:56:33 - [TEST_STEP][PASSED] - delay: Delayed 6 second(s)

2018-12-05 12:56:39 - [MESSAGE][PASSED] - Delayed 6 second(s)

2018-12-05 12:56:39 - [TEST_STEP][PASSED] - click: Object: 'Object Repository/Final Object Repo/New Registration - Registration Module Pages/Third Screen - Upload Supporting Doc- Preview/Preview Submit Button' is clicked on

2018-12-05 12:56:40 - [MESSAGE][PASSED] - Object: 'Object Repository/Final Object Repo/New Registration - Registration Module Pages/Third Screen - Upload Supporting Doc- Preview/Preview Submit Button' is clicked on

2018-12-05 12:56:40 - [TEST_STEP][PASSED] - delay: Delayed 2 second(s)

2018-12-05 12:56:42 - [MESSAGE][PASSED] - Delayed 2 second(s)

2018-12-05 12:56:42 - [TEST_STEP][PASSED] - click: Object: 'Object Repository/Final Object Repo/New Registration - Registration Module Pages/Third Screen - Upload Supporting Doc- Preview/Preview Submit - Confirm' is clicked on

2018-12-05 12:56:42 - [MESSAGE][PASSED] - Object: 'Object Repository/Final Object Repo/New Registration - Registration Module Pages/Third Screen - Upload Supporting Doc- Preview/Preview Submit - Confirm' is clicked on

2018-12-05 12:56:42 - [TEST_STEP][PASSED] - delay: Delayed 15 second(s)

2018-12-05 12:56:57 - [MESSAGE][PASSED] - Delayed 15 second(s)

2018-12-05 12:56:57 - [TEST_STEP][PASSED] - Statement - driver = com.kms.katalon.core.webui.driver.DriverFactory.getWebDriver(): null

2018-12-05 12:56:57 - [TEST_STEP][PASSED] - Statement - driver.manage().timeouts().implicitlyWait(10, SECONDS): null

2018-12-05 12:56:57 - [TEST_STEP][PASSED] - Statement - PresavePath = KatalonScreenshots: null

2018-12-05 12:56:57 - [TEST_STEP][PASSED] - Statement - pathPrefix = "C:\Users\Public\Pictures\Sample Pictures\Katalon Screenshots\Automate Ending Screen": null

2018-12-05 12:56:57 - [TEST_STEP][PASSED] - Statement - finalPath = <not implemented yet for class: org.codehaus.groovy.ast.expr.EmptyExpression>: null

2018-12-05 12:56:57 - [TEST_STEP][PASSED] - Statement - scrFile = driver.getScreenshotAs(FILE): null

2018-12-05 12:56:57 - [TEST_STEP][PASSED] - Statement - PreSaveFile = new java.io.File(PresavePath): null

2018-12-05 12:56:57 - [TEST_STEP][PASSED] - Statement - counter = 0: null

2018-12-05 12:56:57 - [TEST_STEP][PASSED] - Statement - If (PreSaveFile.exists()): null

2018-12-05 12:56:57 - [TEST_STEP][PASSED] - Statement - While (PreSaveFile.exists()): null

2018-12-05 12:56:57 - [TEST_STEP][PASSED] - Statement - counter = counter + 1: null

2018-12-05 12:56:57 - [TEST_STEP][PASSED] - Statement - PreSaveFile = new java.io.File(((pathPrefix + java.lang.Integer.toString(counter)) + .png)): null

2018-12-05 12:56:57 - [TEST_STEP][PASSED] - Statement - counter = counter + 1: null

2018-12-05 12:56:57 - [TEST_STEP][PASSED] - Statement - PreSaveFile = new java.io.File(((pathPrefix + java.lang.Integer.toString(counter)) + .png)): null

2018-12-05 12:56:57 - [TEST_STEP][PASSED] - Statement - counter = counter + 1: null

2018-12-05 12:56:57 - [TEST_STEP][PASSED] - Statement - PreSaveFile = new java.io.File(((pathPrefix + java.lang.Integer.toString(counter)) + .png)): null

2018-12-05 12:56:57 - [TEST_STEP][PASSED] - Statement - counter = counter + 1: null

2018-12-05 12:56:57 - [TEST_STEP][PASSED] - Statement - PreSaveFile = new java.io.File(((pathPrefix + java.lang.Integer.toString(counter)) + .png)): null

2018-12-05 12:56:57 - [TEST_STEP][PASSED] - Statement - counter = counter + 1: null

2018-12-05 12:56:57 - [TEST_STEP][PASSED] - Statement - PreSaveFile = new java.io.File(((pathPrefix + java.lang.Integer.toString(counter)) + .png)): null

2018-12-05 12:56:57 - [TEST_STEP][PASSED] - Statement - counter = counter + 1: null

2018-12-05 12:56:57 - [TEST_STEP][PASSED] - Statement - PreSaveFile = new java.io.File(((pathPrefix + java.lang.Integer.toString(counter)) + .png)): null

2018-12-05 12:56:58 - [TEST_STEP][PASSED] - Statement - counter = counter + 1: null

2018-12-05 12:56:58 - [TEST_STEP][PASSED] - Statement - PreSaveFile = new java.io.File(((pathPrefix + java.lang.Integer.toString(counter)) + .png)): null

2018-12-05 12:56:58 - [TEST_STEP][PASSED] - Statement - counter = counter + 1: null

2018-12-05 12:56:58 - [TEST_STEP][PASSED] - Statement - PreSaveFile = new java.io.File(((pathPrefix + java.lang.Integer.toString(counter)) + .png)): null

2018-12-05 12:56:58 - [TEST_STEP][PASSED] - Statement - counter = counter + 1: null

2018-12-05 12:56:58 - [TEST_STEP][PASSED] - Statement - PreSaveFile = new java.io.File(((pathPrefix + java.lang.Integer.toString(counter)) + .png)): null

2018-12-05 12:56:58 - [TEST_STEP][PASSED] - Statement - counter = counter + 1: null

2018-12-05 12:56:58 - [TEST_STEP][PASSED] - Statement - PreSaveFile = new java.io.File(((pathPrefix + java.lang.Integer.toString(counter)) + .png)): null

2018-12-05 12:56:58 - [TEST_STEP][PASSED] - Statement - counter = counter + 1: null

2018-12-05 12:56:58 - [TEST_STEP][PASSED] - Statement - PreSaveFile = new java.io.File(((pathPrefix + java.lang.Integer.toString(counter)) + .png)): null

2018-12-05 12:56:58 - [TEST_STEP][PASSED] - Statement - counter = counter + 1: null

2018-12-05 12:56:58 - [TEST_STEP][PASSED] - Statement - PreSaveFile = new java.io.File(((pathPrefix + java.lang.Integer.toString(counter)) + .png)): null

2018-12-05 12:56:58 - [TEST_STEP][PASSED] - Statement - counter = counter + 1: null

2018-12-05 12:56:58 - [TEST_STEP][PASSED] - Statement - PreSaveFile = new java.io.File(((pathPrefix + java.lang.Integer.toString(counter)) + .png)): null

2018-12-05 12:56:58 - [TEST_STEP][PASSED] - Statement - counter = counter + 1: null

2018-12-05 12:56:58 - [TEST_STEP][PASSED] - Statement - PreSaveFile = new java.io.File(((pathPrefix + java.lang.Integer.toString(counter)) + .png)): null

2018-12-05 12:56:58 - [TEST_STEP][PASSED] - Statement - counter = counter + 1: null

2018-12-05 12:56:58 - [TEST_STEP][PASSED] - Statement - PreSaveFile = new java.io.File(((pathPrefix + java.lang.Integer.toString(counter)) + .png)): null

2018-12-05 12:56:58 - [TEST_STEP][PASSED] - Statement - counter = counter + 1: null

2018-12-05 12:56:58 - [TEST_STEP][PASSED] - Statement - PreSaveFile = new java.io.File(((pathPrefix + java.lang.Integer.toString(counter)) + .png)): null

2018-12-05 12:56:58 - [TEST_STEP][PASSED] - Statement - counter = counter + 1: null

2018-12-05 12:56:58 - [TEST_STEP][PASSED] - Statement - PreSaveFile = new java.io.File(((pathPrefix + java.lang.Integer.toString(counter)) + .png)): null

2018-12-05 12:56:58 - [TEST_STEP][PASSED] - Statement - counter = counter + 1: null

2018-12-05 12:56:58 - [TEST_STEP][PASSED] - Statement - PreSaveFile = new java.io.File(((pathPrefix + java.lang.Integer.toString(counter)) + .png)): null

2018-12-05 12:56:58 - [TEST_STEP][PASSED] - Statement - counter = counter + 1: null

2018-12-05 12:56:58 - [TEST_STEP][PASSED] - Statement - PreSaveFile = new java.io.File(((pathPrefix + java.lang.Integer.toString(counter)) + .png)): null

2018-12-05 12:56:58 - [TEST_STEP][PASSED] - Statement - counter = counter + 1: null

2018-12-05 12:56:58 - [TEST_STEP][PASSED] - Statement - PreSaveFile = new java.io.File(((pathPrefix + java.lang.Integer.toString(counter)) + .png)): null

2018-12-05 12:56:58 - [TEST_STEP][PASSED] - Statement - counter = counter + 1: null

2018-12-05 12:56:58 - [TEST_STEP][PASSED] - Statement - PreSaveFile = new java.io.File(((pathPrefix + java.lang.Integer.toString(counter)) + .png)): null

2018-12-05 12:56:58 - [TEST_STEP][PASSED] - Statement - counter = counter + 1: null

2018-12-05 12:56:58 - [TEST_STEP][PASSED] - Statement - PreSaveFile = new java.io.File(((pathPrefix + java.lang.Integer.toString(counter)) + .png)): null

2018-12-05 12:56:58 - [TEST_STEP][PASSED] - Statement - counter = counter + 1: null

2018-12-05 12:56:58 - [TEST_STEP][PASSED] - Statement - PreSaveFile = new java.io.File(((pathPrefix + java.lang.Integer.toString(counter)) + .png)): null

2018-12-05 12:56:58 - [TEST_STEP][PASSED] - Statement - counter = counter + 1: null

2018-12-05 12:56:58 - [TEST_STEP][PASSED] - Statement - PreSaveFile = new java.io.File(((pathPrefix + java.lang.Integer.toString(counter)) + .png)): null

2018-12-05 12:56:58 - [TEST_STEP][PASSED] - Statement - counter = counter + 1: null

2018-12-05 12:56:58 - [TEST_STEP][PASSED] - Statement - PreSaveFile = new java.io.File(((pathPrefix + java.lang.Integer.toString(counter)) + .png)): null

2018-12-05 12:56:58 - [TEST_STEP][PASSED] - Statement - counter = counter + 1: null

2018-12-05 12:56:58 - [TEST_STEP][PASSED] - Statement - PreSaveFile = new java.io.File(((pathPrefix + java.lang.Integer.toString(counter)) + .png)): null

2018-12-05 12:56:58 - [TEST_STEP][PASSED] - Statement - counter = counter + 1: null

2018-12-05 12:56:58 - [TEST_STEP][PASSED] - Statement - PreSaveFile = new java.io.File(((pathPrefix + java.lang.Integer.toString(counter)) + .png)): null

2018-12-05 12:56:58 - [TEST_STEP][PASSED] - Statement - counter = counter + 1: null

2018-12-05 12:56:58 - [TEST_STEP][PASSED] - Statement - PreSaveFile = new java.io.File(((pathPrefix + java.lang.Integer.toString(counter)) + .png)): null

2018-12-05 12:56:58 - [TEST_STEP][PASSED] - Statement - counter = counter + 1: null

2018-12-05 12:56:58 - [TEST_STEP][PASSED] - Statement - PreSaveFile = new java.io.File(((pathPrefix + java.lang.Integer.toString(counter)) + .png)): null

2018-12-05 12:56:58 - [TEST_STEP][PASSED] - Statement - counter = counter + 1: null

2018-12-05 12:56:58 - [TEST_STEP][PASSED] - Statement - PreSaveFile = new java.io.File(((pathPrefix + java.lang.Integer.toString(counter)) + .png)): null

2018-12-05 12:56:58 - [TEST_STEP][PASSED] - Statement - counter = counter + 1: null

2018-12-05 12:56:58 - [TEST_STEP][PASSED] - Statement - PreSaveFile = new java.io.File(((pathPrefix + java.lang.Integer.toString(counter)) + .png)): null

2018-12-05 12:56:58 - [TEST_STEP][PASSED] - Statement - counter = counter + 1: null

2018-12-05 12:56:58 - [TEST_STEP][PASSED] - Statement - PreSaveFile = new java.io.File(((pathPrefix + java.lang.Integer.toString(counter)) + .png)): null

2018-12-05 12:56:58 - [TEST_STEP][PASSED] - Statement - counter = counter + 1: null

2018-12-05 12:56:59 - [TEST_STEP][PASSED] - Statement - PreSaveFile = new java.io.File(((pathPrefix + java.lang.Integer.toString(counter)) + .png)): null

2018-12-05 12:56:59 - [TEST_STEP][PASSED] - Statement - counter = counter + 1: null

2018-12-05 12:56:59 - [TEST_STEP][PASSED] - Statement - PreSaveFile = new java.io.File(((pathPrefix + java.lang.Integer.toString(counter)) + .png)): null

2018-12-05 12:56:59 - [TEST_STEP][PASSED] - Statement - counter = counter + 1: null

2018-12-05 12:56:59 - [TEST_STEP][PASSED] - Statement - PreSaveFile = new java.io.File(((pathPrefix + java.lang.Integer.toString(counter)) + .png)): null

2018-12-05 12:56:59 - [TEST_STEP][PASSED] - Statement - counter = counter + 1: null

2018-12-05 12:56:59 - [TEST_STEP][PASSED] - Statement - PreSaveFile = new java.io.File(((pathPrefix + java.lang.Integer.toString(counter)) + .png)): null

2018-12-05 12:56:59 - [TEST_STEP][PASSED] - Statement - counter = counter + 1: null

2018-12-05 12:56:59 - [TEST_STEP][PASSED] - Statement - PreSaveFile = new java.io.File(((pathPrefix + java.lang.Integer.toString(counter)) + .png)): null

2018-12-05 12:56:59 - [TEST_STEP][PASSED] - Statement - counter = counter + 1: null

2018-12-05 12:56:59 - [TEST_STEP][PASSED] - Statement - PreSaveFile = new java.io.File(((pathPrefix + java.lang.Integer.toString(counter)) + .png)): null

2018-12-05 12:56:59 - [TEST_STEP][PASSED] - Statement - counter = counter + 1: null

2018-12-05 12:56:59 - [TEST_STEP][PASSED] - Statement - PreSaveFile = new java.io.File(((pathPrefix + java.lang.Integer.toString(counter)) + .png)): null

2018-12-05 12:56:59 - [TEST_STEP][PASSED] - Statement - counter = counter + 1: null

2018-12-05 12:56:59 - [TEST_STEP][PASSED] - Statement - PreSaveFile = new java.io.File(((pathPrefix + java.lang.Integer.toString(counter)) + .png)): null

2018-12-05 12:56:59 - [TEST_STEP][PASSED] - Statement - counter = counter + 1: null

2018-12-05 12:56:59 - [TEST_STEP][PASSED] - Statement - PreSaveFile = new java.io.File(((pathPrefix + java.lang.Integer.toString(counter)) + .png)): null

2018-12-05 12:56:59 - [TEST_STEP][PASSED] - Statement - counter = counter + 1: null

2018-12-05 12:56:59 - [TEST_STEP][PASSED] - Statement - PreSaveFile = new java.io.File(((pathPrefix + java.lang.Integer.toString(counter)) + .png)): null

2018-12-05 12:56:59 - [TEST_STEP][PASSED] - Statement - counter = counter + 1: null

2018-12-05 12:56:59 - [TEST_STEP][PASSED] - Statement - PreSaveFile = new java.io.File(((pathPrefix + java.lang.Integer.toString(counter)) + .png)): null

2018-12-05 12:56:59 - [TEST_STEP][PASSED] - Statement - counter = counter + 1: null

2018-12-05 12:56:59 - [TEST_STEP][PASSED] - Statement - PreSaveFile = new java.io.File(((pathPrefix + java.lang.Integer.toString(counter)) + .png)): null

2018-12-05 12:56:59 - [TEST_STEP][PASSED] - Statement - counter = counter + 1: null

2018-12-05 12:56:59 - [TEST_STEP][PASSED] - Statement - PreSaveFile = new java.io.File(((pathPrefix + java.lang.Integer.toString(counter)) + .png)): null

2018-12-05 12:56:59 - [TEST_STEP][PASSED] - Statement - counter = counter + 1: null

2018-12-05 12:56:59 - [TEST_STEP][PASSED] - Statement - PreSaveFile = new java.io.File(((pathPrefix + java.lang.Integer.toString(counter)) + .png)): null

2018-12-05 12:56:59 - [TEST_STEP][PASSED] - Statement - counter = counter + 1: null

2018-12-05 12:57:00 - [TEST_STEP][PASSED] - Statement - PreSaveFile = new java.io.File(((pathPrefix + java.lang.Integer.toString(counter)) + .png)): null

2018-12-05 12:57:00 - [TEST_STEP][PASSED] - Statement - counter = counter + 1: null

2018-12-05 12:57:00 - [TEST_STEP][PASSED] - Statement - PreSaveFile = new java.io.File(((pathPrefix + java.lang.Integer.toString(counter)) + .png)): null

2018-12-05 12:57:00 - [TEST_STEP][PASSED] - Statement - counter = counter + 1: null

2018-12-05 12:57:00 - [TEST_STEP][PASSED] - Statement - PreSaveFile = new java.io.File(((pathPrefix + java.lang.Integer.toString(counter)) + .png)): null

2018-12-05 12:57:00 - [TEST_STEP][PASSED] - Statement - counter = counter + 1: null

2018-12-05 12:57:00 - [TEST_STEP][PASSED] - Statement - PreSaveFile = new java.io.File(((pathPrefix + java.lang.Integer.toString(counter)) + .png)): null

2018-12-05 12:57:00 - [TEST_STEP][PASSED] - Statement - counter = counter + 1: null

2018-12-05 12:57:00 - [TEST_STEP][PASSED] - Statement - PreSaveFile = new java.io.File(((pathPrefix + java.lang.Integer.toString(counter)) + .png)): null

2018-12-05 12:57:00 - [TEST_STEP][PASSED] - Statement - counter = counter + 1: null

2018-12-05 12:57:00 - [TEST_STEP][PASSED] - Statement - PreSaveFile = new java.io.File(((pathPrefix + java.lang.Integer.toString(counter)) + .png)): null

2018-12-05 12:57:00 - [TEST_STEP][PASSED] - Statement - counter = counter + 1: null

2018-12-05 12:57:00 - [TEST_STEP][PASSED] - Statement - PreSaveFile = new java.io.File(((pathPrefix + java.lang.Integer.toString(counter)) + .png)): null

2018-12-05 12:57:00 - [TEST_STEP][PASSED] - Statement - counter = counter + 1: null

2018-12-05 12:57:00 - [TEST_STEP][PASSED] - Statement - PreSaveFile = new java.io.File(((pathPrefix + java.lang.Integer.toString(counter)) + .png)): null

2018-12-05 12:57:00 - [TEST_STEP][PASSED] - Statement - counter = counter + 1: null

2018-12-05 12:57:00 - [TEST_STEP][PASSED] - Statement - PreSaveFile = new java.io.File(((pathPrefix + java.lang.Integer.toString(counter)) + .png)): null

2018-12-05 12:57:00 - [TEST_STEP][PASSED] - Statement - counter = counter + 1: null

2018-12-05 12:57:00 - [TEST_STEP][PASSED] - Statement - PreSaveFile = new java.io.File(((pathPrefix + java.lang.Integer.toString(counter)) + .png)): null

2018-12-05 12:57:00 - [TEST_STEP][PASSED] - Statement - counter = counter + 1: null

2018-12-05 12:57:00 - [TEST_STEP][PASSED] - Statement - PreSaveFile = new java.io.File(((pathPrefix + java.lang.Integer.toString(counter)) + .png)): null

2018-12-05 12:57:00 - [TEST_STEP][PASSED] - Statement - counter = counter + 1: null

2018-12-05 12:57:00 - [TEST_STEP][PASSED] - Statement - PreSaveFile = new java.io.File(((pathPrefix + java.lang.Integer.toString(counter)) + .png)): null

2018-12-05 12:57:00 - [TEST_STEP][PASSED] - Statement - counter = counter + 1: null

2018-12-05 12:57:00 - [TEST_STEP][PASSED] - Statement - PreSaveFile = new java.io.File(((pathPrefix + java.lang.Integer.toString(counter)) + .png)): null

2018-12-05 12:57:00 - [TEST_STEP][PASSED] - Statement - counter = counter + 1: null

2018-12-05 12:57:00 - [TEST_STEP][PASSED] - Statement - PreSaveFile = new java.io.File(((pathPrefix + java.lang.Integer.toString(counter)) + .png)): null

2018-12-05 12:57:00 - [TEST_STEP][PASSED] - Statement - counter = counter + 1: null

2018-12-05 12:57:00 - [TEST_STEP][PASSED] - Statement - PreSaveFile = new java.io.File(((pathPrefix + java.lang.Integer.toString(counter)) + .png)): null

2018-12-05 12:57:00 - [TEST_STEP][PASSED] - Statement - counter = counter + 1: null

2018-12-05 12:57:01 - [TEST_STEP][PASSED] - Statement - PreSaveFile = new java.io.File(((pathPrefix + java.lang.Integer.toString(counter)) + .png)): null

2018-12-05 12:57:01 - [TEST_STEP][PASSED] - Statement - counter = counter + 1: null

2018-12-05 12:57:01 - [TEST_STEP][PASSED] - Statement - PreSaveFile = new java.io.File(((pathPrefix + java.lang.Integer.toString(counter)) + .png)): null

2018-12-05 12:57:01 - [TEST_STEP][PASSED] - Statement - counter = counter + 1: null

2018-12-05 12:57:01 - [TEST_STEP][PASSED] - Statement - PreSaveFile = new java.io.File(((pathPrefix + java.lang.Integer.toString(counter)) + .png)): null

2018-12-05 12:57:01 - [TEST_STEP][PASSED] - Statement - counter = counter + 1: null

2018-12-05 12:57:01 - [TEST_STEP][PASSED] - Statement - PreSaveFile = new java.io.File(((pathPrefix + java.lang.Integer.toString(counter)) + .png)): null

2018-12-05 12:57:01 - [TEST_STEP][PASSED] - Statement - counter = counter + 1: null

2018-12-05 12:57:01 - [TEST_STEP][PASSED] - Statement - PreSaveFile = new java.io.File(((pathPrefix + java.lang.Integer.toString(counter)) + .png)): null

2018-12-05 12:57:01 - [TEST_STEP][PASSED] - Statement - counter = counter + 1: null

2018-12-05 12:57:01 - [TEST_STEP][PASSED] - Statement - PreSaveFile = new java.io.File(((pathPrefix + java.lang.Integer.toString(counter)) + .png)): null

2018-12-05 12:57:01 - [TEST_STEP][PASSED] - Statement - counter = counter + 1: null

2018-12-05 12:57:01 - [TEST_STEP][PASSED] - Statement - PreSaveFile = new java.io.File(((pathPrefix + java.lang.Integer.toString(counter)) + .png)): null

2018-12-05 12:57:01 - [TEST_STEP][PASSED] - Statement - counter = counter + 1: null

2018-12-05 12:57:01 - [TEST_STEP][PASSED] - Statement - PreSaveFile = new java.io.File(((pathPrefix + java.lang.Integer.toString(counter)) + .png)): null

2018-12-05 12:57:01 - [TEST_STEP][PASSED] - Statement - counter = counter + 1: null

2018-12-05 12:57:01 - [TEST_STEP][PASSED] - Statement - PreSaveFile = new java.io.File(((pathPrefix + java.lang.Integer.toString(counter)) + .png)): null

2018-12-05 12:57:01 - [TEST_STEP][PASSED] - Statement - counter = counter + 1: null

2018-12-05 12:57:01 - [TEST_STEP][PASSED] - Statement - PreSaveFile = new java.io.File(((pathPrefix + java.lang.Integer.toString(counter)) + .png)): null

2018-12-05 12:57:01 - [TEST_STEP][PASSED] - Statement - counter = counter + 1: null

2018-12-05 12:57:01 - [TEST_STEP][PASSED] - Statement - PreSaveFile = new java.io.File(((pathPrefix + java.lang.Integer.toString(counter)) + .png)): null

2018-12-05 12:57:01 - [TEST_STEP][PASSED] - Statement - counter = counter + 1: null

2018-12-05 12:57:01 - [TEST_STEP][PASSED] - Statement - PreSaveFile = new java.io.File(((pathPrefix + java.lang.Integer.toString(counter)) + .png)): null

2018-12-05 12:57:01 - [TEST_STEP][PASSED] - Statement - counter = counter + 1: null

2018-12-05 12:57:01 - [TEST_STEP][PASSED] - Statement - PreSaveFile = new java.io.File(((pathPrefix + java.lang.Integer.toString(counter)) + .png)): null

2018-12-05 12:57:01 - [TEST_STEP][PASSED] - Statement - counter = counter + 1: null

2018-12-05 12:57:01 - [TEST_STEP][PASSED] - Statement - PreSaveFile = new java.io.File(((pathPrefix + java.lang.Integer.toString(counter)) + .png)): null

2018-12-05 12:57:01 - [TEST_STEP][PASSED] - Statement - counter = counter + 1: null

2018-12-05 12:57:01 - [TEST_STEP][PASSED] - Statement - PreSaveFile = new java.io.File(((pathPrefix + java.lang.Integer.toString(counter)) + .png)): null

2018-12-05 12:57:01 - [TEST_STEP][PASSED] - Statement - counter = counter + 1: null

2018-12-05 12:57:01 - [TEST_STEP][PASSED] - Statement - PreSaveFile = new java.io.File(((pathPrefix + java.lang.Integer.toString(counter)) + .png)): null

2018-12-05 12:57:01 - [TEST_STEP][PASSED] - Statement - counter = counter + 1: null

2018-12-05 12:57:01 - [TEST_STEP][PASSED] - Statement - PreSaveFile = new java.io.File(((pathPrefix + java.lang.Integer.toString(counter)) + .png)): null

2018-12-05 12:57:01 - [TEST_STEP][PASSED] - Statement - counter = counter + 1: null

2018-12-05 12:57:01 - [TEST_STEP][PASSED] - Statement - PreSaveFile = new java.io.File(((pathPrefix + java.lang.Integer.toString(counter)) + .png)): null

2018-12-05 12:57:01 - [TEST_STEP][PASSED] - Statement - counter = counter + 1: null

2018-12-05 12:57:01 - [TEST_STEP][PASSED] - Statement - PreSaveFile = new java.io.File(((pathPrefix + java.lang.Integer.toString(counter)) + .png)): null

2018-12-05 12:57:01 - [TEST_STEP][PASSED] - Statement - counter = counter + 1: null

2018-12-05 12:57:02 - [TEST_STEP][PASSED] - Statement - PreSaveFile = new java.io.File(((pathPrefix + java.lang.Integer.toString(counter)) + .png)): null

2018-12-05 12:57:02 - [TEST_STEP][PASSED] - Statement - counter = counter + 1: null

2018-12-05 12:57:02 - [TEST_STEP][PASSED] - Statement - PreSaveFile = new java.io.File(((pathPrefix + java.lang.Integer.toString(counter)) + .png)): null

2018-12-05 12:57:02 - [TEST_STEP][PASSED] - Statement - counter = counter + 1: null

2018-12-05 12:57:02 - [TEST_STEP][PASSED] - Statement - PreSaveFile = new java.io.File(((pathPrefix + java.lang.Integer.toString(counter)) + .png)): null

2018-12-05 12:57:02 - [TEST_STEP][PASSED] - Statement - counter = counter + 1: null

2018-12-05 12:57:02 - [TEST_STEP][PASSED] - Statement - PreSaveFile = new java.io.File(((pathPrefix + java.lang.Integer.toString(counter)) + .png)): null

2018-12-05 12:57:02 - [TEST_STEP][PASSED] - Statement - counter = counter + 1: null

2018-12-05 12:57:02 - [TEST_STEP][PASSED] - Statement - PreSaveFile = new java.io.File(((pathPrefix + java.lang.Integer.toString(counter)) + .png)): null

2018-12-05 12:57:02 - [TEST_STEP][PASSED] - Statement - counter = counter + 1: null

2018-12-05 12:57:02 - [TEST_STEP][PASSED] - Statement - PreSaveFile = new java.io.File(((pathPrefix + java.lang.Integer.toString(counter)) + .png)): null

2018-12-05 12:57:02 - [TEST_STEP][PASSED] - Statement - counter = counter + 1: null

2018-12-05 12:57:02 - [TEST_STEP][PASSED] - Statement - PreSaveFile = new java.io.File(((pathPrefix + java.lang.Integer.toString(counter)) + .png)): null

2018-12-05 12:57:02 - [TEST_STEP][PASSED] - Statement - counter = counter + 1: null

2018-12-05 12:57:02 - [TEST_STEP][PASSED] - Statement - PreSaveFile = new java.io.File(((pathPrefix + java.lang.Integer.toString(counter)) + .png)): null

2018-12-05 12:57:02 - [TEST_STEP][PASSED] - Statement - counter = counter + 1: null

2018-12-05 12:57:02 - [TEST_STEP][PASSED] - Statement - PreSaveFile = new java.io.File(((pathPrefix + java.lang.Integer.toString(counter)) + .png)): null

2018-12-05 12:57:02 - [TEST_STEP][PASSED] - Statement - counter = counter + 1: null

2018-12-05 12:57:02 - [TEST_STEP][PASSED] - Statement - PreSaveFile = new java.io.File(((pathPrefix + java.lang.Integer.toString(counter)) + .png)): null

2018-12-05 12:57:02 - [TEST_STEP][PASSED] - Statement - counter = counter + 1: null

2018-12-05 12:57:02 - [TEST_STEP][PASSED] - Statement - PreSaveFile = new java.io.File(((pathPrefix + java.lang.Integer.toString(counter)) + .png)): null

2018-12-05 12:57:02 - [TEST_STEP][PASSED] - Statement - counter = counter + 1: null

2018-12-05 12:57:02 - [TEST_STEP][PASSED] - Statement - PreSaveFile = new java.io.File(((pathPrefix + java.lang.Integer.toString(counter)) + .png)): null

2018-12-05 12:57:02 - [TEST_STEP][PASSED] - Statement - counter = counter + 1: null

2018-12-05 12:57:02 - [TEST_STEP][PASSED] - Statement - PreSaveFile = new java.io.File(((pathPrefix + java.lang.Integer.toString(counter)) + .png)): null

2018-12-05 12:57:02 - [TEST_STEP][PASSED] - Statement - counter = counter + 1: null

2018-12-05 12:57:02 - [TEST_STEP][PASSED] - Statement - PreSaveFile = new java.io.File(((pathPrefix + java.lang.Integer.toString(counter)) + .png)): null

2018-12-05 12:57:02 - [TEST_STEP][PASSED] - Statement - counter = counter + 1: null

2018-12-05 12:57:03 - [TEST_STEP][PASSED] - Statement - PreSaveFile = new java.io.File(((pathPrefix + java.lang.Integer.toString(counter)) + .png)): null

2018-12-05 12:57:03 - [TEST_STEP][PASSED] - Statement - counter = counter + 1: null

2018-12-05 12:57:03 - [TEST_STEP][PASSED] - Statement - PreSaveFile = new java.io.File(((pathPrefix + java.lang.Integer.toString(counter)) + .png)): null

2018-12-05 12:57:03 - [TEST_STEP][PASSED] - Statement - counter = counter + 1: null

2018-12-05 12:57:03 - [TEST_STEP][PASSED] - Statement - PreSaveFile = new java.io.File(((pathPrefix + java.lang.Integer.toString(counter)) + .png)): null

2018-12-05 12:57:03 - [TEST_STEP][PASSED] - Statement - counter = counter + 1: null

2018-12-05 12:57:03 - [TEST_STEP][PASSED] - Statement - PreSaveFile = new java.io.File(((pathPrefix + java.lang.Integer.toString(counter)) + .png)): null

2018-12-05 12:57:03 - [TEST_STEP][PASSED] - Statement - counter = counter + 1: null

2018-12-05 12:57:03 - [TEST_STEP][PASSED] - Statement - PreSaveFile = new java.io.File(((pathPrefix + java.lang.Integer.toString(counter)) + .png)): null

2018-12-05 12:57:03 - [TEST_STEP][PASSED] - Statement - counter = counter + 1: null

2018-12-05 12:57:03 - [TEST_STEP][PASSED] - Statement - PreSaveFile = new java.io.File(((pathPrefix + java.lang.Integer.toString(counter)) + .png)): null

2018-12-05 12:57:03 - [TEST_STEP][PASSED] - Statement - counter = counter + 1: null

2018-12-05 12:57:03 - [TEST_STEP][PASSED] - Statement - PreSaveFile = new java.io.File(((pathPrefix + java.lang.Integer.toString(counter)) + .png)): null

2018-12-05 12:57:03 - [TEST_STEP][PASSED] - Statement - counter = counter + 1: null

2018-12-05 12:57:03 - [TEST_STEP][PASSED] - Statement - PreSaveFile = new java.io.File(((pathPrefix + java.lang.Integer.toString(counter)) + .png)): null

2018-12-05 12:57:03 - [TEST_STEP][PASSED] - Statement - counter = counter + 1: null

2018-12-05 12:57:03 - [TEST_STEP][PASSED] - Statement - PreSaveFile = new java.io.File(((pathPrefix + java.lang.Integer.toString(counter)) + .png)): null

2018-12-05 12:57:03 - [TEST_STEP][PASSED] - Statement - counter = counter + 1: null

2018-12-05 12:57:03 - [TEST_STEP][PASSED] - Statement - PreSaveFile = new java.io.File(((pathPrefix + java.lang.Integer.toString(counter)) + .png)): null

2018-12-05 12:57:03 - [TEST_STEP][PASSED] - Statement - counter = counter + 1: null

2018-12-05 12:57:03 - [TEST_STEP][PASSED] - Statement - PreSaveFile = new java.io.File(((pathPrefix + java.lang.Integer.toString(counter)) + .png)): null

2018-12-05 12:57:03 - [TEST_STEP][PASSED] - Statement - counter = counter + 1: null

2018-12-05 12:57:03 - [TEST_STEP][PASSED] - Statement - PreSaveFile = new java.io.File(((pathPrefix + java.lang.Integer.toString(counter)) + .png)): null

2018-12-05 12:57:03 - [TEST_STEP][PASSED] - Statement - counter = counter + 1: null

2018-12-05 12:57:03 - [TEST_STEP][PASSED] - Statement - PreSaveFile = new java.io.File(((pathPrefix + java.lang.Integer.toString(counter)) + .png)): null

2018-12-05 12:57:03 - [TEST_STEP][PASSED] - Statement - counter = counter + 1: null

2018-12-05 12:57:03 - [TEST_STEP][PASSED] - Statement - PreSaveFile = new java.io.File(((pathPrefix + java.lang.Integer.toString(counter)) + .png)): null

2018-12-05 12:57:03 - [TEST_STEP][PASSED] - Statement - counter = counter + 1: null

2018-12-05 12:57:03 - [TEST_STEP][PASSED] - Statement - PreSaveFile = new java.io.File(((pathPrefix + java.lang.Integer.toString(counter)) + .png)): null

2018-12-05 12:57:04 - [TEST_STEP][PASSED] - Statement - counter = counter + 1: null

2018-12-05 12:57:04 - [TEST_STEP][PASSED] - Statement - PreSaveFile = new java.io.File(((pathPrefix + java.lang.Integer.toString(counter)) + .png)): null

2018-12-05 12:57:04 - [TEST_STEP][PASSED] - Statement - counter = counter + 1: null

2018-12-05 12:57:04 - [TEST_STEP][PASSED] - Statement - PreSaveFile = new java.io.File(((pathPrefix + java.lang.Integer.toString(counter)) + .png)): null

2018-12-05 12:57:04 - [TEST_STEP][PASSED] - Statement - counter = counter + 1: null

2018-12-05 12:57:04 - [TEST_STEP][PASSED] - Statement - PreSaveFile = new java.io.File(((pathPrefix + java.lang.Integer.toString(counter)) + .png)): null

2018-12-05 12:57:04 - [TEST_STEP][PASSED] - Statement - counter = counter + 1: null

2018-12-05 12:57:04 - [TEST_STEP][PASSED] - Statement - PreSaveFile = new java.io.File(((pathPrefix + java.lang.Integer.toString(counter)) + .png)): null

2018-12-05 12:57:04 - [TEST_STEP][PASSED] - Statement - counter = counter + 1: null

2018-12-05 12:57:04 - [TEST_STEP][PASSED] - Statement - PreSaveFile = new java.io.File(((pathPrefix + java.lang.Integer.toString(counter)) + .png)): null

2018-12-05 12:57:04 - [TEST_STEP][PASSED] - Statement - counter = counter + 1: null

2018-12-05 12:57:04 - [TEST_STEP][PASSED] - Statement - PreSaveFile = new java.io.File(((pathPrefix + java.lang.Integer.toString(counter)) + .png)): null

2018-12-05 12:57:04 - [TEST_STEP][PASSED] - Statement - counter = counter + 1: null

2018-12-05 12:57:04 - [TEST_STEP][PASSED] - Statement - PreSaveFile = new java.io.File(((pathPrefix + java.lang.Integer.toString(counter)) + .png)): null

2018-12-05 12:57:04 - [TEST_STEP][PASSED] - Statement - counter = counter + 1: null

2018-12-05 12:57:04 - [TEST_STEP][PASSED] - Statement - PreSaveFile = new java.io.File(((pathPrefix + java.lang.Integer.toString(counter)) + .png)): null

2018-12-05 12:57:04 - [TEST_STEP][PASSED] - Statement - counter = counter + 1: null

2018-12-05 12:57:04 - [TEST_STEP][PASSED] - Statement - PreSaveFile = new java.io.File(((pathPrefix + java.lang.Integer.toString(counter)) + .png)): null

2018-12-05 12:57:04 - [TEST_STEP][PASSED] - Statement - counter = counter + 1: null

2018-12-05 12:57:04 - [TEST_STEP][PASSED] - Statement - PreSaveFile = new java.io.File(((pathPrefix + java.lang.Integer.toString(counter)) + .png)): null

2018-12-05 12:57:04 - [TEST_STEP][PASSED] - Statement - counter = counter + 1: null

2018-12-05 12:57:04 - [TEST_STEP][PASSED] - Statement - PreSaveFile = new java.io.File(((pathPrefix + java.lang.Integer.toString(counter)) + .png)): null

2018-12-05 12:57:04 - [TEST_STEP][PASSED] - Statement - counter = counter + 1: null

2018-12-05 12:57:04 - [TEST_STEP][PASSED] - Statement - PreSaveFile = new java.io.File(((pathPrefix + java.lang.Integer.toString(counter)) + .png)): null

2018-12-05 12:57:04 - [TEST_STEP][PASSED] - Statement - counter = counter + 1: null

2018-12-05 12:57:04 - [TEST_STEP][PASSED] - Statement - PreSaveFile = new java.io.File(((pathPrefix + java.lang.Integer.toString(counter)) + .png)): null

2018-12-05 12:57:04 - [TEST_STEP][PASSED] - Statement - counter = counter + 1: null

2018-12-05 12:57:04 - [TEST_STEP][PASSED] - Statement - PreSaveFile = new java.io.File(((pathPrefix + java.lang.Integer.toString(counter)) + .png)): null

2018-12-05 12:57:04 - [TEST_STEP][PASSED] - Statement - counter = counter + 1: null

2018-12-05 12:57:05 - [TEST_STEP][PASSED] - Statement - PreSaveFile = new java.io.File(((pathPrefix + java.lang.Integer.toString(counter)) + .png)): null

2018-12-05 12:57:05 - [TEST_STEP][PASSED] - Statement - counter = counter + 1: null

2018-12-05 12:57:05 - [TEST_STEP][PASSED] - Statement - PreSaveFile = new java.io.File(((pathPrefix + java.lang.Integer.toString(counter)) + .png)): null

2018-12-05 12:57:05 - [TEST_STEP][PASSED] - Statement - counter = counter + 1: null

2018-12-05 12:57:05 - [TEST_STEP][PASSED] - Statement - PreSaveFile = new java.io.File(((pathPrefix + java.lang.Integer.toString(counter)) + .png)): null

2018-12-05 12:57:05 - [TEST_STEP][PASSED] - Statement - counter = counter + 1: null

2018-12-05 12:57:05 - [TEST_STEP][PASSED] - Statement - PreSaveFile = new java.io.File(((pathPrefix + java.lang.Integer.toString(counter)) + .png)): null

2018-12-05 12:57:05 - [TEST_STEP][PASSED] - Statement - counter = counter + 1: null

2018-12-05 12:57:05 - [TEST_STEP][PASSED] - Statement - PreSaveFile = new java.io.File(((pathPrefix + java.lang.Integer.toString(counter)) + .png)): null

2018-12-05 12:57:05 - [TEST_STEP][PASSED] - Statement - counter = counter + 1: null

2018-12-05 12:57:05 - [TEST_STEP][PASSED] - Statement - PreSaveFile = new java.io.File(((pathPrefix + java.lang.Integer.toString(counter)) + .png)): null

2018-12-05 12:57:05 - [TEST_STEP][PASSED] - Statement - counter = counter + 1: null

2018-12-05 12:57:05 - [TEST_STEP][PASSED] - Statement - PreSaveFile = new java.io.File(((pathPrefix + java.lang.Integer.toString(counter)) + .png)): null

2018-12-05 12:57:05 - [TEST_STEP][PASSED] - Statement - counter = counter + 1: null

2018-12-05 12:57:05 - [TEST_STEP][PASSED] - Statement - PreSaveFile = new java.io.File(((pathPrefix + java.lang.Integer.toString(counter)) + .png)): null

2018-12-05 12:57:05 - [TEST_STEP][PASSED] - Statement - counter = counter + 1: null

2018-12-05 12:57:05 - [TEST_STEP][PASSED] - Statement - PreSaveFile = new java.io.File(((pathPrefix + java.lang.Integer.toString(counter)) + .png)): null

2018-12-05 12:57:05 - [TEST_STEP][PASSED] - Statement - counter = counter + 1: null

2018-12-05 12:57:05 - [TEST_STEP][PASSED] - Statement - PreSaveFile = new java.io.File(((pathPrefix + java.lang.Integer.toString(counter)) + .png)): null

2018-12-05 12:57:05 - [TEST_STEP][PASSED] - Statement - counter = counter + 1: null

2018-12-05 12:57:05 - [TEST_STEP][PASSED] - Statement - PreSaveFile = new java.io.File(((pathPrefix + java.lang.Integer.toString(counter)) + .png)): null

2018-12-05 12:57:05 - [TEST_STEP][PASSED] - Statement - counter = counter + 1: null

2018-12-05 12:57:05 - [TEST_STEP][PASSED] - Statement - PreSaveFile = new java.io.File(((pathPrefix + java.lang.Integer.toString(counter)) + .png)): null

2018-12-05 12:57:05 - [TEST_STEP][PASSED] - Statement - counter = counter + 1: null

2018-12-05 12:57:05 - [TEST_STEP][PASSED] - Statement - PreSaveFile = new java.io.File(((pathPrefix + java.lang.Integer.toString(counter)) + .png)): null

2018-12-05 12:57:05 - [TEST_STEP][PASSED] - Statement - counter = counter + 1: null

2018-12-05 12:57:05 - [TEST_STEP][PASSED] - Statement - PreSaveFile = new java.io.File(((pathPrefix + java.lang.Integer.toString(counter)) + .png)): null

2018-12-05 12:57:05 - [TEST_STEP][PASSED] - Statement - counter = counter + 1: null

2018-12-05 12:57:06 - [TEST_STEP][PASSED] - Statement - PreSaveFile = new java.io.File(((pathPrefix + java.lang.Integer.toString(counter)) + .png)): null

2018-12-05 12:57:06 - [TEST_STEP][PASSED] - Statement - counter = counter + 1: null

2018-12-05 12:57:06 - [TEST_STEP][PASSED] - Statement - PreSaveFile = new java.io.File(((pathPrefix + java.lang.Integer.toString(counter)) + .png)): null

2018-12-05 12:57:06 - [TEST_STEP][PASSED] - Statement - counter = counter + 1: null

2018-12-05 12:57:06 - [TEST_STEP][PASSED] - Statement - PreSaveFile = new java.io.File(((pathPrefix + java.lang.Integer.toString(counter)) + .png)): null

2018-12-05 12:57:06 - [TEST_STEP][PASSED] - Statement - counter = counter + 1: null

2018-12-05 12:57:06 - [TEST_STEP][PASSED] - Statement - PreSaveFile = new java.io.File(((pathPrefix + java.lang.Integer.toString(counter)) + .png)): null

2018-12-05 12:57:06 - [TEST_STEP][PASSED] - Statement - counter = counter + 1: null

2018-12-05 12:57:06 - [TEST_STEP][PASSED] - Statement - PreSaveFile = new java.io.File(((pathPrefix + java.lang.Integer.toString(counter)) + .png)): null

2018-12-05 12:57:06 - [TEST_STEP][PASSED] - Statement - counter = counter + 1: null

2018-12-05 12:57:06 - [TEST_STEP][PASSED] - Statement - PreSaveFile = new java.io.File(((pathPrefix + java.lang.Integer.toString(counter)) + .png)): null

2018-12-05 12:57:06 - [TEST_STEP][PASSED] - Statement - counter = counter + 1: null

2018-12-05 12:57:06 - [TEST_STEP][PASSED] - Statement - PreSaveFile = new java.io.File(((pathPrefix + java.lang.Integer.toString(counter)) + .png)): null

2018-12-05 12:57:06 - [TEST_STEP][PASSED] - Statement - counter = counter + 1: null

2018-12-05 12:57:06 - [TEST_STEP][PASSED] - Statement - PreSaveFile = new java.io.File(((pathPrefix + java.lang.Integer.toString(counter)) + .png)): null

2018-12-05 12:57:06 - [TEST_STEP][PASSED] - Statement - counter = counter + 1: null

2018-12-05 12:57:06 - [TEST_STEP][PASSED] - Statement - PreSaveFile = new java.io.File(((pathPrefix + java.lang.Integer.toString(counter)) + .png)): null

2018-12-05 12:57:06 - [TEST_STEP][PASSED] - Statement - counter = counter + 1: null

2018-12-05 12:57:06 - [TEST_STEP][PASSED] - Statement - PreSaveFile = new java.io.File(((pathPrefix + java.lang.Integer.toString(counter)) + .png)): null

2018-12-05 12:57:06 - [TEST_STEP][PASSED] - Statement - counter = counter + 1: null

2018-12-05 12:57:06 - [TEST_STEP][PASSED] - Statement - PreSaveFile = new java.io.File(((pathPrefix + java.lang.Integer.toString(counter)) + .png)): null

2018-12-05 12:57:06 - [TEST_STEP][PASSED] - Statement - counter = counter + 1: null

2018-12-05 12:57:06 - [TEST_STEP][PASSED] - Statement - PreSaveFile = new java.io.File(((pathPrefix + java.lang.Integer.toString(counter)) + .png)): null

2018-12-05 12:57:06 - [TEST_STEP][PASSED] - Statement - counter = counter + 1: null

2018-12-05 12:57:06 - [TEST_STEP][PASSED] - Statement - PreSaveFile = new java.io.File(((pathPrefix + java.lang.Integer.toString(counter)) + .png)): null

2018-12-05 12:57:06 - [TEST_STEP][PASSED] - Statement - counter = counter + 1: null

2018-12-05 12:57:06 - [TEST_STEP][PASSED] - Statement - PreSaveFile = new java.io.File(((pathPrefix + java.lang.Integer.toString(counter)) + .png)): null

2018-12-05 12:57:06 - [TEST_STEP][PASSED] - Statement - counter = counter + 1: null

2018-12-05 12:57:06 - [TEST_STEP][PASSED] - Statement - PreSaveFile = new java.io.File(((pathPrefix + java.lang.Integer.toString(counter)) + .png)): null

2018-12-05 12:57:07 - [TEST_STEP][PASSED] - Statement - counter = counter + 1: null

2018-12-05 12:57:07 - [TEST_STEP][PASSED] - Statement - PreSaveFile = new java.io.File(((pathPrefix + java.lang.Integer.toString(counter)) + .png)): null

2018-12-05 12:57:07 - [TEST_STEP][PASSED] - Statement - counter = counter + 1: null

2018-12-05 12:57:07 - [TEST_STEP][PASSED] - Statement - PreSaveFile = new java.io.File(((pathPrefix + java.lang.Integer.toString(counter)) + .png)): null

2018-12-05 12:57:07 - [TEST_STEP][PASSED] - Statement - counter = counter + 1: null

2018-12-05 12:57:07 - [TEST_STEP][PASSED] - Statement - PreSaveFile = new java.io.File(((pathPrefix + java.lang.Integer.toString(counter)) + .png)): null

2018-12-05 12:57:07 - [TEST_STEP][PASSED] - Statement - counter = counter + 1: null

2018-12-05 12:57:07 - [TEST_STEP][PASSED] - Statement - PreSaveFile = new java.io.File(((pathPrefix + java.lang.Integer.toString(counter)) + .png)): null

2018-12-05 12:57:07 - [TEST_STEP][PASSED] - Statement - counter = counter + 1: null

2018-12-05 12:57:07 - [TEST_STEP][PASSED] - Statement - PreSaveFile = new java.io.File(((pathPrefix + java.lang.Integer.toString(counter)) + .png)): null

2018-12-05 12:57:07 - [TEST_STEP][PASSED] - Statement - counter = counter + 1: null

2018-12-05 12:57:07 - [TEST_STEP][PASSED] - Statement - PreSaveFile = new java.io.File(((pathPrefix + java.lang.Integer.toString(counter)) + .png)): null

2018-12-05 12:57:07 - [TEST_STEP][PASSED] - Statement - counter = counter + 1: null

2018-12-05 12:57:07 - [TEST_STEP][PASSED] - Statement - PreSaveFile = new java.io.File(((pathPrefix + java.lang.Integer.toString(counter)) + .png)): null

2018-12-05 12:57:07 - [TEST_STEP][PASSED] - Statement - counter = counter + 1: null

2018-12-05 12:57:07 - [TEST_STEP][PASSED] - Statement - PreSaveFile = new java.io.File(((pathPrefix + java.lang.Integer.toString(counter)) + .png)): null

2018-12-05 12:57:07 - [TEST_STEP][PASSED] - Statement - counter = counter + 1: null

2018-12-05 12:57:07 - [TEST_STEP][PASSED] - Statement - PreSaveFile = new java.io.File(((pathPrefix + java.lang.Integer.toString(counter)) + .png)): null

2018-12-05 12:57:07 - [TEST_STEP][PASSED] - Statement - counter = counter + 1: null

2018-12-05 12:57:07 - [TEST_STEP][PASSED] - Statement - PreSaveFile = new java.io.File(((pathPrefix + java.lang.Integer.toString(counter)) + .png)): null

2018-12-05 12:57:07 - [TEST_STEP][PASSED] - Statement - counter = counter + 1: null

2018-12-05 12:57:07 - [TEST_STEP][PASSED] - Statement - PreSaveFile = new java.io.File(((pathPrefix + java.lang.Integer.toString(counter)) + .png)): null

2018-12-05 12:57:07 - [TEST_STEP][PASSED] - Statement - counter = counter + 1: null

2018-12-05 12:57:07 - [TEST_STEP][PASSED] - Statement - PreSaveFile = new java.io.File(((pathPrefix + java.lang.Integer.toString(counter)) + .png)): null

2018-12-05 12:57:07 - [TEST_STEP][PASSED] - Statement - counter = counter + 1: null

2018-12-05 12:57:07 - [TEST_STEP][PASSED] - Statement - PreSaveFile = new java.io.File(((pathPrefix + java.lang.Integer.toString(counter)) + .png)): null

2018-12-05 12:57:07 - [TEST_STEP][PASSED] - Statement - counter = counter + 1: null

2018-12-05 12:57:07 - [TEST_STEP][PASSED] - Statement - PreSaveFile = new java.io.File(((pathPrefix + java.lang.Integer.toString(counter)) + .png)): null

2018-12-05 12:57:07 - [TEST_STEP][PASSED] - Statement - counter = counter + 1: null

2018-12-05 12:57:08 - [TEST_STEP][PASSED] - Statement - PreSaveFile = new java.io.File(((pathPrefix + java.lang.Integer.toString(counter)) + .png)): null

2018-12-05 12:57:08 - [TEST_STEP][PASSED] - Statement - counter = counter + 1: null

2018-12-05 12:57:08 - [TEST_STEP][PASSED] - Statement - PreSaveFile = new java.io.File(((pathPrefix + java.lang.Integer.toString(counter)) + .png)): null

2018-12-05 12:57:08 - [TEST_STEP][PASSED] - Statement - counter = counter + 1: null

2018-12-05 12:57:08 - [TEST_STEP][PASSED] - Statement - PreSaveFile = new java.io.File(((pathPrefix + java.lang.Integer.toString(counter)) + .png)): null

2018-12-05 12:57:08 - [TEST_STEP][PASSED] - Statement - counter = counter + 1: null

2018-12-05 12:57:08 - [TEST_STEP][PASSED] - Statement - PreSaveFile = new java.io.File(((pathPrefix + java.lang.Integer.toString(counter)) + .png)): null

2018-12-05 12:57:08 - [TEST_STEP][PASSED] - Statement - counter = counter + 1: null

2018-12-05 12:57:08 - [TEST_STEP][PASSED] - Statement - PreSaveFile = new java.io.File(((pathPrefix + java.lang.Integer.toString(counter)) + .png)): null

2018-12-05 12:57:08 - [TEST_STEP][PASSED] - Statement - counter = counter + 1: null

2018-12-05 12:57:08 - [TEST_STEP][PASSED] - Statement - PreSaveFile = new java.io.File(((pathPrefix + java.lang.Integer.toString(counter)) + .png)): null

2018-12-05 12:57:08 - [TEST_STEP][PASSED] - Statement - counter = counter + 1: null

2018-12-05 12:57:08 - [TEST_STEP][PASSED] - Statement - PreSaveFile = new java.io.File(((pathPrefix + java.lang.Integer.toString(counter)) + .png)): null

2018-12-05 12:57:08 - [TEST_STEP][PASSED] - Statement - counter = counter + 1: null

2018-12-05 12:57:08 - [TEST_STEP][PASSED] - Statement - PreSaveFile = new java.io.File(((pathPrefix + java.lang.Integer.toString(counter)) + .png)): null

2018-12-05 12:57:08 - [TEST_STEP][PASSED] - Statement - counter = counter + 1: null

2018-12-05 12:57:08 - [TEST_STEP][PASSED] - Statement - PreSaveFile = new java.io.File(((pathPrefix + java.lang.Integer.toString(counter)) + .png)): null

2018-12-05 12:57:08 - [TEST_STEP][PASSED] - Statement - counter = counter + 1: null

2018-12-05 12:57:08 - [TEST_STEP][PASSED] - Statement - PreSaveFile = new java.io.File(((pathPrefix + java.lang.Integer.toString(counter)) + .png)): null

2018-12-05 12:57:08 - [TEST_STEP][PASSED] - Statement - counter = counter + 1: null

2018-12-05 12:57:08 - [TEST_STEP][PASSED] - Statement - PreSaveFile = new java.io.File(((pathPrefix + java.lang.Integer.toString(counter)) + .png)): null

2018-12-05 12:57:08 - [TEST_STEP][PASSED] - Statement - counter = counter + 1: null

2018-12-05 12:57:08 - [TEST_STEP][PASSED] - Statement - PreSaveFile = new java.io.File(((pathPrefix + java.lang.Integer.toString(counter)) + .png)): null

2018-12-05 12:57:08 - [TEST_STEP][PASSED] - Statement - counter = counter + 1: null

2018-12-05 12:57:08 - [TEST_STEP][PASSED] - Statement - PreSaveFile = new java.io.File(((pathPrefix + java.lang.Integer.toString(counter)) + .png)): null

2018-12-05 12:57:08 - [TEST_STEP][PASSED] - Statement - counter = counter + 1: null

2018-12-05 12:57:08 - [TEST_STEP][PASSED] - Statement - PreSaveFile = new java.io.File(((pathPrefix + java.lang.Integer.toString(counter)) + .png)): null

2018-12-05 12:57:08 - [TEST_STEP][PASSED] - Statement - counter = counter + 1: null

2018-12-05 12:57:09 - [TEST_STEP][PASSED] - Statement - PreSaveFile = new java.io.File(((pathPrefix + java.lang.Integer.toString(counter)) + .png)): null

2018-12-05 12:57:09 - [TEST_STEP][PASSED] - Statement - counter = counter + 1: null

2018-12-05 12:57:09 - [TEST_STEP][PASSED] - Statement - PreSaveFile = new java.io.File(((pathPrefix + java.lang.Integer.toString(counter)) + .png)): null

2018-12-05 12:57:09 - [TEST_STEP][PASSED] - Statement - counter = counter + 1: null

2018-12-05 12:57:09 - [TEST_STEP][PASSED] - Statement - PreSaveFile = new java.io.File(((pathPrefix + java.lang.Integer.toString(counter)) + .png)): null

2018-12-05 12:57:09 - [TEST_STEP][PASSED] - Statement - counter = counter + 1: null

2018-12-05 12:57:09 - [TEST_STEP][PASSED] - Statement - PreSaveFile = new java.io.File(((pathPrefix + java.lang.Integer.toString(counter)) + .png)): null

2018-12-05 12:57:09 - [TEST_STEP][PASSED] - Statement - counter = counter + 1: null

2018-12-05 12:57:09 - [TEST_STEP][PASSED] - Statement - PreSaveFile = new java.io.File(((pathPrefix + java.lang.Integer.toString(counter)) + .png)): null

2018-12-05 12:57:09 - [TEST_STEP][PASSED] - Statement - counter = counter + 1: null

2018-12-05 12:57:09 - [TEST_STEP][PASSED] - Statement - PreSaveFile = new java.io.File(((pathPrefix + java.lang.Integer.toString(counter)) + .png)): null

2018-12-05 12:57:09 - [TEST_STEP][PASSED] - Statement - counter = counter + 1: null

2018-12-05 12:57:09 - [TEST_STEP][PASSED] - Statement - PreSaveFile = new java.io.File(((pathPrefix + java.lang.Integer.toString(counter)) + .png)): null

2018-12-05 12:57:09 - [TEST_STEP][PASSED] - Statement - counter = counter + 1: null

2018-12-05 12:57:09 - [TEST_STEP][PASSED] - Statement - PreSaveFile = new java.io.File(((pathPrefix + java.lang.Integer.toString(counter)) + .png)): null

2018-12-05 12:57:09 - [TEST_STEP][PASSED] - Statement - counter = counter + 1: null

2018-12-05 12:57:09 - [TEST_STEP][PASSED] - Statement - PreSaveFile = new java.io.File(((pathPrefix + java.lang.Integer.toString(counter)) + .png)): null

2018-12-05 12:57:09 - [TEST_STEP][PASSED] - Statement - counter = counter + 1: null

2018-12-05 12:57:09 - [TEST_STEP][PASSED] - Statement - PreSaveFile = new java.io.File(((pathPrefix + java.lang.Integer.toString(counter)) + .png)): null

2018-12-05 12:57:09 - [TEST_STEP][PASSED] - Statement - counter = counter + 1: null

2018-12-05 12:57:09 - [TEST_STEP][PASSED] - Statement - PreSaveFile = new java.io.File(((pathPrefix + java.lang.Integer.toString(counter)) + .png)): null

2018-12-05 12:57:09 - [TEST_STEP][PASSED] - Statement - counter = counter + 1: null

2018-12-05 12:57:09 - [TEST_STEP][PASSED] - Statement - PreSaveFile = new java.io.File(((pathPrefix + java.lang.Integer.toString(counter)) + .png)): null

2018-12-05 12:57:09 - [TEST_STEP][PASSED] - Statement - counter = counter + 1: null

2018-12-05 12:57:09 - [TEST_STEP][PASSED] - Statement - PreSaveFile = new java.io.File(((pathPrefix + java.lang.Integer.toString(counter)) + .png)): null

2018-12-05 12:57:09 - [TEST_STEP][PASSED] - Statement - counter = counter + 1: null

2018-12-05 12:57:09 - [TEST_STEP][PASSED] - Statement - PreSaveFile = new java.io.File(((pathPrefix + java.lang.Integer.toString(counter)) + .png)): null

2018-12-05 12:57:09 - [TEST_STEP][PASSED] - Statement - counter = counter + 1: null

2018-12-05 12:57:09 - [TEST_STEP][PASSED] - Statement - PreSaveFile = new java.io.File(((pathPrefix + java.lang.Integer.toString(counter)) + .png)): null

2018-12-05 12:57:09 - [TEST_STEP][PASSED] - Statement - counter = counter + 1: null

2018-12-05 12:57:09 - [TEST_STEP][PASSED] - Statement - PreSaveFile = new java.io.File(((pathPrefix + java.lang.Integer.toString(counter)) + .png)): null

2018-12-05 12:57:09 - [TEST_STEP][PASSED] - Statement - counter = counter + 1: null

2018-12-05 12:57:09 - [TEST_STEP][PASSED] - Statement - PreSaveFile = new java.io.File(((pathPrefix + java.lang.Integer.toString(counter)) + .png)): null

2018-12-05 12:57:09 - [TEST_STEP][PASSED] - Statement - counter = counter + 1: null

2018-12-05 12:57:09 - [TEST_STEP][PASSED] - Statement - PreSaveFile = new java.io.File(((pathPrefix + java.lang.Integer.toString(counter)) + .png)): null

2018-12-05 12:57:09 - [TEST_STEP][PASSED] - Statement - counter = counter + 1: null

2018-12-05 12:57:09 - [TEST_STEP][PASSED] - Statement - PreSaveFile = new java.io.File(((pathPrefix + java.lang.Integer.toString(counter)) + .png)): null

2018-12-05 12:57:09 - [TEST_STEP][PASSED] - Statement - counter = counter + 1: null

2018-12-05 12:57:09 - [TEST_STEP][PASSED] - Statement - PreSaveFile = new java.io.File(((pathPrefix + java.lang.Integer.toString(counter)) + .png)): null

2018-12-05 12:57:10 - [TEST_STEP][PASSED] - Statement - counter = counter + 1: null

2018-12-05 12:57:10 - [TEST_STEP][PASSED] - Statement - PreSaveFile = new java.io.File(((pathPrefix + java.lang.Integer.toString(counter)) + .png)): null

2018-12-05 12:57:10 - [TEST_STEP][PASSED] - Statement - counter = counter + 1: null

2018-12-05 12:57:10 - [TEST_STEP][PASSED] - Statement - PreSaveFile = new java.io.File(((pathPrefix + java.lang.Integer.toString(counter)) + .png)): null

2018-12-05 12:57:10 - [TEST_STEP][PASSED] - Statement - counter = counter + 1: null

2018-12-05 12:57:10 - [TEST_STEP][PASSED] - Statement - PreSaveFile = new java.io.File(((pathPrefix + java.lang.Integer.toString(counter)) + .png)): null

2018-12-05 12:57:10 - [TEST_STEP][PASSED] - Statement - counter = counter + 1: null

2018-12-05 12:57:10 - [TEST_STEP][PASSED] - Statement - PreSaveFile = new java.io.File(((pathPrefix + java.lang.Integer.toString(counter)) + .png)): null

2018-12-05 12:57:10 - [TEST_STEP][PASSED] - Statement - counter = counter + 1: null

2018-12-05 12:57:10 - [TEST_STEP][PASSED] - Statement - PreSaveFile = new java.io.File(((pathPrefix + java.lang.Integer.toString(counter)) + .png)): null

2018-12-05 12:57:10 - [TEST_STEP][PASSED] - Statement - counter = counter + 1: null

2018-12-05 12:57:10 - [TEST_STEP][PASSED] - Statement - PreSaveFile = new java.io.File(((pathPrefix + java.lang.Integer.toString(counter)) + .png)): null

2018-12-05 12:57:10 - [TEST_STEP][PASSED] - Statement - counter = counter + 1: null

2018-12-05 12:57:10 - [TEST_STEP][PASSED] - Statement - PreSaveFile = new java.io.File(((pathPrefix + java.lang.Integer.toString(counter)) + .png)): null

2018-12-05 12:57:10 - [TEST_STEP][PASSED] - Statement - counter = counter + 1: null

2018-12-05 12:57:10 - [TEST_STEP][PASSED] - Statement - PreSaveFile = new java.io.File(((pathPrefix + java.lang.Integer.toString(counter)) + .png)): null

2018-12-05 12:57:10 - [TEST_STEP][PASSED] - Statement - counter = counter + 1: null

2018-12-05 12:57:10 - [TEST_STEP][PASSED] - Statement - PreSaveFile = new java.io.File(((pathPrefix + java.lang.Integer.toString(counter)) + .png)): null

2018-12-05 12:57:10 - [TEST_STEP][PASSED] - Statement - counter = counter + 1: null

2018-12-05 12:57:10 - [TEST_STEP][PASSED] - Statement - PreSaveFile = new java.io.File(((pathPrefix + java.lang.Integer.toString(counter)) + .png)): null

2018-12-05 12:57:10 - [TEST_STEP][PASSED] - Statement - counter = counter + 1: null

2018-12-05 12:57:10 - [TEST_STEP][PASSED] - Statement - PreSaveFile = new java.io.File(((pathPrefix + java.lang.Integer.toString(counter)) + .png)): null

2018-12-05 12:57:10 - [TEST_STEP][PASSED] - Statement - counter = counter + 1: null

2018-12-05 12:57:10 - [TEST_STEP][PASSED] - Statement - PreSaveFile = new java.io.File(((pathPrefix + java.lang.Integer.toString(counter)) + .png)): null

2018-12-05 12:57:10 - [TEST_STEP][PASSED] - Statement - counter = counter + 1: null

2018-12-05 12:57:10 - [TEST_STEP][PASSED] - Statement - PreSaveFile = new java.io.File(((pathPrefix + java.lang.Integer.toString(counter)) + .png)): null

2018-12-05 12:57:10 - [TEST_STEP][PASSED] - Statement - counter = counter + 1: null

2018-12-05 12:57:10 - [TEST_STEP][PASSED] - Statement - PreSaveFile = new java.io.File(((pathPrefix + java.lang.Integer.toString(counter)) + .png)): null

2018-12-05 12:57:10 - [TEST_STEP][PASSED] - Statement - counter = counter + 1: null

2018-12-05 12:57:11 - [TEST_STEP][PASSED] - Statement - PreSaveFile = new java.io.File(((pathPrefix + java.lang.Integer.toString(counter)) + .png)): null

2018-12-05 12:57:11 - [TEST_STEP][PASSED] - Statement - counter = counter + 1: null

2018-12-05 12:57:11 - [TEST_STEP][PASSED] - Statement - PreSaveFile = new java.io.File(((pathPrefix + java.lang.Integer.toString(counter)) + .png)): null

2018-12-05 12:57:11 - [TEST_STEP][PASSED] - Statement - counter = counter + 1: null

2018-12-05 12:57:11 - [TEST_STEP][PASSED] - Statement - PreSaveFile = new java.io.File(((pathPrefix + java.lang.Integer.toString(counter)) + .png)): null

2018-12-05 12:57:11 - [TEST_STEP][PASSED] - Statement - counter = counter + 1: null

2018-12-05 12:57:11 - [TEST_STEP][PASSED] - Statement - PreSaveFile = new java.io.File(((pathPrefix + java.lang.Integer.toString(counter)) + .png)): null

2018-12-05 12:57:11 - [TEST_STEP][PASSED] - Statement - counter = counter + 1: null

2018-12-05 12:57:11 - [TEST_STEP][PASSED] - Statement - PreSaveFile = new java.io.File(((pathPrefix + java.lang.Integer.toString(counter)) + .png)): null

2018-12-05 12:57:11 - [TEST_STEP][PASSED] - Statement - counter = counter + 1: null

2018-12-05 12:57:11 - [TEST_STEP][PASSED] - Statement - PreSaveFile = new java.io.File(((pathPrefix + java.lang.Integer.toString(counter)) + .png)): null

2018-12-05 12:57:11 - [TEST_STEP][PASSED] - Statement - counter = counter + 1: null

2018-12-05 12:57:11 - [TEST_STEP][PASSED] - Statement - PreSaveFile = new java.io.File(((pathPrefix + java.lang.Integer.toString(counter)) + .png)): null

2018-12-05 12:57:11 - [TEST_STEP][PASSED] - Statement - counter = counter + 1: null

2018-12-05 12:57:11 - [TEST_STEP][PASSED] - Statement - PreSaveFile = new java.io.File(((pathPrefix + java.lang.Integer.toString(counter)) + .png)): null

2018-12-05 12:57:11 - [TEST_STEP][PASSED] - Statement - counter = counter + 1: null

2018-12-05 12:57:11 - [TEST_STEP][PASSED] - Statement - PreSaveFile = new java.io.File(((pathPrefix + java.lang.Integer.toString(counter)) + .png)): null

2018-12-05 12:57:11 - [TEST_STEP][PASSED] - Statement - counter = counter + 1: null

2018-12-05 12:57:11 - [TEST_STEP][PASSED] - Statement - PreSaveFile = new java.io.File(((pathPrefix + java.lang.Integer.toString(counter)) + .png)): null

2018-12-05 12:57:11 - [TEST_STEP][PASSED] - Statement - counter = counter + 1: null

2018-12-05 12:57:11 - [TEST_STEP][PASSED] - Statement - PreSaveFile = new java.io.File(((pathPrefix + java.lang.Integer.toString(counter)) + .png)): null

2018-12-05 12:57:11 - [TEST_STEP][PASSED] - Statement - counter = counter + 1: null

2018-12-05 12:57:11 - [TEST_STEP][PASSED] - Statement - PreSaveFile = new java.io.File(((pathPrefix + java.lang.Integer.toString(counter)) + .png)): null

2018-12-05 12:57:11 - [TEST_STEP][PASSED] - Statement - counter = counter + 1: null

2018-12-05 12:57:11 - [TEST_STEP][PASSED] - Statement - PreSaveFile = new java.io.File(((pathPrefix + java.lang.Integer.toString(counter)) + .png)): null

2018-12-05 12:57:11 - [TEST_STEP][PASSED] - Statement - counter = counter + 1: null

2018-12-05 12:57:11 - [TEST_STEP][PASSED] - Statement - PreSaveFile = new java.io.File(((pathPrefix + java.lang.Integer.toString(counter)) + .png)): null

2018-12-05 12:57:11 - [TEST_STEP][PASSED] - Statement - counter = counter + 1: null

2018-12-05 12:57:12 - [TEST_STEP][PASSED] - Statement - PreSaveFile = new java.io.File(((pathPrefix + java.lang.Integer.toString(counter)) + .png)): null

2018-12-05 12:57:12 - [TEST_STEP][PASSED] - Statement - counter = counter + 1: null

2018-12-05 12:57:12 - [TEST_STEP][PASSED] - Statement - PreSaveFile = new java.io.File(((pathPrefix + java.lang.Integer.toString(counter)) + .png)): null

2018-12-05 12:57:12 - [TEST_STEP][PASSED] - Statement - counter = counter + 1: null

2018-12-05 12:57:12 - [TEST_STEP][PASSED] - Statement - PreSaveFile = new java.io.File(((pathPrefix + java.lang.Integer.toString(counter)) + .png)): null

2018-12-05 12:57:12 - [TEST_STEP][PASSED] - Statement - counter = counter + 1: null

2018-12-05 12:57:12 - [TEST_STEP][PASSED] - Statement - PreSaveFile = new java.io.File(((pathPrefix + java.lang.Integer.toString(counter)) + .png)): null

2018-12-05 12:57:12 - [TEST_STEP][PASSED] - Statement - counter = counter + 1: null

2018-12-05 12:57:12 - [TEST_STEP][PASSED] - Statement - PreSaveFile = new java.io.File(((pathPrefix + java.lang.Integer.toString(counter)) + .png)): null

2018-12-05 12:57:12 - [TEST_STEP][PASSED] - Statement - counter = counter + 1: null

2018-12-05 12:57:12 - [TEST_STEP][PASSED] - Statement - PreSaveFile = new java.io.File(((pathPrefix + java.lang.Integer.toString(counter)) + .png)): null

2018-12-05 12:57:12 - [TEST_STEP][PASSED] - Statement - counter = counter + 1: null

2018-12-05 12:57:12 - [TEST_STEP][PASSED] - Statement - PreSaveFile = new java.io.File(((pathPrefix + java.lang.Integer.toString(counter)) + .png)): null

2018-12-05 12:57:12 - [TEST_STEP][PASSED] - Statement - counter = counter + 1: null

2018-12-05 12:57:12 - [TEST_STEP][PASSED] - Statement - PreSaveFile = new java.io.File(((pathPrefix + java.lang.Integer.toString(counter)) + .png)): null

2018-12-05 12:57:12 - [TEST_STEP][PASSED] - Statement - counter = counter + 1: null

2018-12-05 12:57:12 - [TEST_STEP][PASSED] - Statement - PreSaveFile = new java.io.File(((pathPrefix + java.lang.Integer.toString(counter)) + .png)): null

2018-12-05 12:57:12 - [TEST_STEP][PASSED] - Statement - counter = counter + 1: null

2018-12-05 12:57:12 - [TEST_STEP][PASSED] - Statement - PreSaveFile = new java.io.File(((pathPrefix + java.lang.Integer.toString(counter)) + .png)): null

2018-12-05 12:57:12 - [TEST_STEP][PASSED] - Statement - counter = counter + 1: null

2018-12-05 12:57:12 - [TEST_STEP][PASSED] - Statement - PreSaveFile = new java.io.File(((pathPrefix + java.lang.Integer.toString(counter)) + .png)): null

2018-12-05 12:57:12 - [TEST_STEP][PASSED] - Statement - counter = counter + 1: null

2018-12-05 12:57:12 - [TEST_STEP][PASSED] - Statement - PreSaveFile = new java.io.File(((pathPrefix + java.lang.Integer.toString(counter)) + .png)): null

2018-12-05 12:57:12 - [TEST_STEP][PASSED] - Statement - counter = counter + 1: null

2018-12-05 12:57:12 - [TEST_STEP][PASSED] - Statement - PreSaveFile = new java.io.File(((pathPrefix + java.lang.Integer.toString(counter)) + .png)): null

2018-12-05 12:57:12 - [TEST_STEP][PASSED] - Statement - counter = counter + 1: null

2018-12-05 12:57:12 - [TEST_STEP][PASSED] - Statement - PreSaveFile = new java.io.File(((pathPrefix + java.lang.Integer.toString(counter)) + .png)): null

2018-12-05 12:57:12 - [TEST_STEP][PASSED] - Statement - counter = counter + 1: null

2018-12-05 12:57:12 - [TEST_STEP][PASSED] - Statement - PreSaveFile = new java.io.File(((pathPrefix + java.lang.Integer.toString(counter)) + .png)): null

2018-12-05 12:57:12 - [TEST_STEP][PASSED] - Statement - counter = counter + 1: null

2018-12-05 12:57:13 - [TEST_STEP][PASSED] - Statement - PreSaveFile = new java.io.File(((pathPrefix + java.lang.Integer.toString(counter)) + .png)): null

2018-12-05 12:57:13 - [TEST_STEP][PASSED] - Statement - counter = counter + 1: null

2018-12-05 12:57:13 - [TEST_STEP][PASSED] - Statement - PreSaveFile = new java.io.File(((pathPrefix + java.lang.Integer.toString(counter)) + .png)): null

2018-12-05 12:57:13 - [TEST_STEP][PASSED] - Statement - counter = counter + 1: null

2018-12-05 12:57:13 - [TEST_STEP][PASSED] - Statement - PreSaveFile = new java.io.File(((pathPrefix + java.lang.Integer.toString(counter)) + .png)): null

2018-12-05 12:57:13 - [TEST_STEP][PASSED] - Statement - counter = counter + 1: null

2018-12-05 12:57:13 - [TEST_STEP][PASSED] - Statement - PreSaveFile = new java.io.File(((pathPrefix + java.lang.Integer.toString(counter)) + .png)): null

2018-12-05 12:57:13 - [TEST_STEP][PASSED] - Statement - counter = counter + 1: null

2018-12-05 12:57:13 - [TEST_STEP][PASSED] - Statement - PreSaveFile = new java.io.File(((pathPrefix + java.lang.Integer.toString(counter)) + .png)): null

2018-12-05 12:57:13 - [TEST_STEP][PASSED] - Statement - counter = counter + 1: null

2018-12-05 12:57:13 - [TEST_STEP][PASSED] - Statement - PreSaveFile = new java.io.File(((pathPrefix + java.lang.Integer.toString(counter)) + .png)): null

2018-12-05 12:57:13 - [TEST_STEP][PASSED] - Statement - counter = counter + 1: null

2018-12-05 12:57:13 - [TEST_STEP][PASSED] - Statement - PreSaveFile = new java.io.File(((pathPrefix + java.lang.Integer.toString(counter)) + .png)): null

2018-12-05 12:57:13 - [TEST_STEP][PASSED] - Statement - counter = counter + 1: null

2018-12-05 12:57:13 - [TEST_STEP][PASSED] - Statement - PreSaveFile = new java.io.File(((pathPrefix + java.lang.Integer.toString(counter)) + .png)): null

2018-12-05 12:57:13 - [TEST_STEP][PASSED] - Statement - counter = counter + 1: null

2018-12-05 12:57:13 - [TEST_STEP][PASSED] - Statement - PreSaveFile = new java.io.File(((pathPrefix + java.lang.Integer.toString(counter)) + .png)): null

2018-12-05 12:57:13 - [TEST_STEP][PASSED] - Statement - counter = counter + 1: null

2018-12-05 12:57:13 - [TEST_STEP][PASSED] - Statement - PreSaveFile = new java.io.File(((pathPrefix + java.lang.Integer.toString(counter)) + .png)): null

2018-12-05 12:57:13 - [TEST_STEP][PASSED] - Statement - counter = counter + 1: null

2018-12-05 12:57:13 - [TEST_STEP][PASSED] - Statement - PreSaveFile = new java.io.File(((pathPrefix + java.lang.Integer.toString(counter)) + .png)): null

2018-12-05 12:57:13 - [TEST_STEP][PASSED] - Statement - counter = counter + 1: null

2018-12-05 12:57:13 - [TEST_STEP][PASSED] - Statement - PreSaveFile = new java.io.File(((pathPrefix + java.lang.Integer.toString(counter)) + .png)): null

2018-12-05 12:57:13 - [TEST_STEP][PASSED] - Statement - counter = counter + 1: null

2018-12-05 12:57:13 - [TEST_STEP][PASSED] - Statement - PreSaveFile = new java.io.File(((pathPrefix + java.lang.Integer.toString(counter)) + .png)): null

2018-12-05 12:57:13 - [TEST_STEP][PASSED] - Statement - counter = counter + 1: null

2018-12-05 12:57:13 - [TEST_STEP][PASSED] - Statement - PreSaveFile = new java.io.File(((pathPrefix + java.lang.Integer.toString(counter)) + .png)): null

2018-12-05 12:57:13 - [TEST_STEP][PASSED] - Statement - counter = counter + 1: null

2018-12-05 12:57:14 - [TEST_STEP][PASSED] - Statement - PreSaveFile = new java.io.File(((pathPrefix + java.lang.Integer.toString(counter)) + .png)): null

2018-12-05 12:57:14 - [TEST_STEP][PASSED] - Statement - counter = counter + 1: null

2018-12-05 12:57:14 - [TEST_STEP][PASSED] - Statement - PreSaveFile = new java.io.File(((pathPrefix + java.lang.Integer.toString(counter)) + .png)): null

2018-12-05 12:57:14 - [TEST_STEP][PASSED] - Statement - counter = counter + 1: null

2018-12-05 12:57:14 - [TEST_STEP][PASSED] - Statement - PreSaveFile = new java.io.File(((pathPrefix + java.lang.Integer.toString(counter)) + .png)): null

2018-12-05 12:57:14 - [TEST_STEP][PASSED] - Statement - counter = counter + 1: null

2018-12-05 12:57:14 - [TEST_STEP][PASSED] - Statement - PreSaveFile = new java.io.File(((pathPrefix + java.lang.Integer.toString(counter)) + .png)): null

2018-12-05 12:57:14 - [TEST_STEP][PASSED] - Statement - counter = counter + 1: null

2018-12-05 12:57:14 - [TEST_STEP][PASSED] - Statement - PreSaveFile = new java.io.File(((pathPrefix + java.lang.Integer.toString(counter)) + .png)): null

2018-12-05 12:57:14 - [TEST_STEP][PASSED] - Statement - counter = counter + 1: null

2018-12-05 12:57:14 - [TEST_STEP][PASSED] - Statement - PreSaveFile = new java.io.File(((pathPrefix + java.lang.Integer.toString(counter)) + .png)): null

2018-12-05 12:57:14 - [TEST_STEP][PASSED] - Statement - counter = counter + 1: null

2018-12-05 12:57:14 - [TEST_STEP][PASSED] - Statement - PreSaveFile = new java.io.File(((pathPrefix + java.lang.Integer.toString(counter)) + .png)): null

2018-12-05 12:57:14 - [TEST_STEP][PASSED] - Statement - counter = counter + 1: null

2018-12-05 12:57:14 - [TEST_STEP][PASSED] - Statement - PreSaveFile = new java.io.File(((pathPrefix + java.lang.Integer.toString(counter)) + .png)): null

2018-12-05 12:57:14 - [TEST_STEP][PASSED] - Statement - counter = counter + 1: null

2018-12-05 12:57:14 - [TEST_STEP][PASSED] - Statement - PreSaveFile = new java.io.File(((pathPrefix + java.lang.Integer.toString(counter)) + .png)): null

2018-12-05 12:57:14 - [TEST_STEP][PASSED] - Statement - counter = counter + 1: null

2018-12-05 12:57:14 - [TEST_STEP][PASSED] - Statement - PreSaveFile = new java.io.File(((pathPrefix + java.lang.Integer.toString(counter)) + .png)): null

2018-12-05 12:57:14 - [TEST_STEP][PASSED] - Statement - counter = counter + 1: null

2018-12-05 12:57:14 - [TEST_STEP][PASSED] - Statement - PreSaveFile = new java.io.File(((pathPrefix + java.lang.Integer.toString(counter)) + .png)): null

2018-12-05 12:57:14 - [TEST_STEP][PASSED] - Statement - counter = counter + 1: null

2018-12-05 12:57:14 - [TEST_STEP][PASSED] - Statement - PreSaveFile = new java.io.File(((pathPrefix + java.lang.Integer.toString(counter)) + .png)): null

2018-12-05 12:57:14 - [TEST_STEP][PASSED] - Statement - counter = counter + 1: null

2018-12-05 12:57:14 - [TEST_STEP][PASSED] - Statement - PreSaveFile = new java.io.File(((pathPrefix + java.lang.Integer.toString(counter)) + .png)): null

2018-12-05 12:57:14 - [TEST_STEP][PASSED] - Statement - counter = counter + 1: null

2018-12-05 12:57:14 - [TEST_STEP][PASSED] - Statement - PreSaveFile = new java.io.File(((pathPrefix + java.lang.Integer.toString(counter)) + .png)): null

2018-12-05 12:57:14 - [TEST_STEP][PASSED] - Statement - counter = counter + 1: null

2018-12-05 12:57:14 - [TEST_STEP][PASSED] - Statement - PreSaveFile = new java.io.File(((pathPrefix + java.lang.Integer.toString(counter)) + .png)): null

2018-12-05 12:57:14 - [TEST_STEP][PASSED] - Statement - counter = counter + 1: null

2018-12-05 12:57:15 - [TEST_STEP][PASSED] - Statement - PreSaveFile = new java.io.File(((pathPrefix + java.lang.Integer.toString(counter)) + .png)): null

2018-12-05 12:57:15 - [TEST_STEP][PASSED] - Statement - counter = counter + 1: null

2018-12-05 12:57:15 - [TEST_STEP][PASSED] - Statement - PreSaveFile = new java.io.File(((pathPrefix + java.lang.Integer.toString(counter)) + .png)): null

2018-12-05 12:57:15 - [TEST_STEP][PASSED] - Statement - counter = counter + 1: null

2018-12-05 12:57:15 - [TEST_STEP][PASSED] - Statement - PreSaveFile = new java.io.File(((pathPrefix + java.lang.Integer.toString(counter)) + .png)): null

2018-12-05 12:57:15 - [TEST_STEP][PASSED] - Statement - counter = counter + 1: null

2018-12-05 12:57:15 - [TEST_STEP][PASSED] - Statement - PreSaveFile = new java.io.File(((pathPrefix + java.lang.Integer.toString(counter)) + .png)): null

2018-12-05 12:57:15 - [TEST_STEP][PASSED] - Statement - counter = counter + 1: null

2018-12-05 12:57:15 - [TEST_STEP][PASSED] - Statement - PreSaveFile = new java.io.File(((pathPrefix + java.lang.Integer.toString(counter)) + .png)): null

2018-12-05 12:57:15 - [TEST_STEP][PASSED] - Statement - counter = counter + 1: null

2018-12-05 12:57:15 - [TEST_STEP][PASSED] - Statement - PreSaveFile = new java.io.File(((pathPrefix + java.lang.Integer.toString(counter)) + .png)): null

2018-12-05 12:57:15 - [TEST_STEP][PASSED] - Statement - counter = counter + 1: null

2018-12-05 12:57:15 - [TEST_STEP][PASSED] - Statement - PreSaveFile = new java.io.File(((pathPrefix + java.lang.Integer.toString(counter)) + .png)): null

2018-12-05 12:57:15 - [TEST_STEP][PASSED] - Statement - counter = counter + 1: null

2018-12-05 12:57:15 - [TEST_STEP][PASSED] - Statement - PreSaveFile = new java.io.File(((pathPrefix + java.lang.Integer.toString(counter)) + .png)): null

2018-12-05 12:57:15 - [TEST_STEP][PASSED] - Statement - counter = counter + 1: null

2018-12-05 12:57:15 - [TEST_STEP][PASSED] - Statement - PreSaveFile = new java.io.File(((pathPrefix + java.lang.Integer.toString(counter)) + .png)): null

2018-12-05 12:57:15 - [TEST_STEP][PASSED] - Statement - counter = counter + 1: null

2018-12-05 12:57:15 - [TEST_STEP][PASSED] - Statement - PreSaveFile = new java.io.File(((pathPrefix + java.lang.Integer.toString(counter)) + .png)): null

2018-12-05 12:57:15 - [TEST_STEP][PASSED] - Statement - counter = counter + 1: null

2018-12-05 12:57:15 - [TEST_STEP][PASSED] - Statement - PreSaveFile = new java.io.File(((pathPrefix + java.lang.Integer.toString(counter)) + .png)): null

2018-12-05 12:57:15 - [TEST_STEP][PASSED] - Statement - counter = counter + 1: null

2018-12-05 12:57:15 - [TEST_STEP][PASSED] - Statement - PreSaveFile = new java.io.File(((pathPrefix + java.lang.Integer.toString(counter)) + .png)): null

2018-12-05 12:57:15 - [TEST_STEP][PASSED] - Statement - counter = counter + 1: null

2018-12-05 12:57:15 - [TEST_STEP][PASSED] - Statement - PreSaveFile = new java.io.File(((pathPrefix + java.lang.Integer.toString(counter)) + .png)): null

2018-12-05 12:57:15 - [TEST_STEP][PASSED] - Statement - counter = counter + 1: null

2018-12-05 12:57:15 - [TEST_STEP][PASSED] - Statement - PreSaveFile = new java.io.File(((pathPrefix + java.lang.Integer.toString(counter)) + .png)): null

2018-12-05 12:57:15 - [TEST_STEP][PASSED] - Statement - counter = counter + 1: null

2018-12-05 12:57:15 - [TEST_STEP][PASSED] - Statement - PreSaveFile = new java.io.File(((pathPrefix + java.lang.Integer.toString(counter)) + .png)): null

2018-12-05 12:57:15 - [TEST_STEP][PASSED] - Statement - counter = counter + 1: null

2018-12-05 12:57:15 - [TEST_STEP][PASSED] - Statement - PreSaveFile = new java.io.File(((pathPrefix + java.lang.Integer.toString(counter)) + .png)): null

2018-12-05 12:57:15 - [TEST_STEP][PASSED] - Statement - counter = counter + 1: null

2018-12-05 12:57:15 - [TEST_STEP][PASSED] - Statement - PreSaveFile = new java.io.File(((pathPrefix + java.lang.Integer.toString(counter)) + .png)): null

2018-12-05 12:57:15 - [TEST_STEP][PASSED] - Statement - counter = counter + 1: null

2018-12-05 12:57:15 - [TEST_STEP][PASSED] - Statement - PreSaveFile = new java.io.File(((pathPrefix + java.lang.Integer.toString(counter)) + .png)): null

2018-12-05 12:57:15 - [TEST_STEP][PASSED] - Statement - counter = counter + 1: null

2018-12-05 12:57:15 - [TEST_STEP][PASSED] - Statement - PreSaveFile = new java.io.File(((pathPrefix + java.lang.Integer.toString(counter)) + .png)): null

2018-12-05 12:57:15 - [TEST_STEP][PASSED] - Statement - counter = counter + 1: null

2018-12-05 12:57:16 - [TEST_STEP][PASSED] - Statement - PreSaveFile = new java.io.File(((pathPrefix + java.lang.Integer.toString(counter)) + .png)): null

2018-12-05 12:57:16 - [TEST_STEP][PASSED] - Statement - counter = counter + 1: null

2018-12-05 12:57:16 - [TEST_STEP][PASSED] - Statement - PreSaveFile = new java.io.File(((pathPrefix + java.lang.Integer.toString(counter)) + .png)): null

2018-12-05 12:57:16 - [TEST_STEP][PASSED] - Statement - counter = counter + 1: null

2018-12-05 12:57:16 - [TEST_STEP][PASSED] - Statement - PreSaveFile = new java.io.File(((pathPrefix + java.lang.Integer.toString(counter)) + .png)): null

2018-12-05 12:57:16 - [TEST_STEP][PASSED] - Statement - counter = counter + 1: null

2018-12-05 12:57:16 - [TEST_STEP][PASSED] - Statement - PreSaveFile = new java.io.File(((pathPrefix + java.lang.Integer.toString(counter)) + .png)): null

2018-12-05 12:57:16 - [TEST_STEP][PASSED] - Statement - counter = counter + 1: null

2018-12-05 12:57:16 - [TEST_STEP][PASSED] - Statement - PreSaveFile = new java.io.File(((pathPrefix + java.lang.Integer.toString(counter)) + .png)): null

2018-12-05 12:57:16 - [TEST_STEP][PASSED] - Statement - counter = counter + 1: null

2018-12-05 12:57:16 - [TEST_STEP][PASSED] - Statement - PreSaveFile = new java.io.File(((pathPrefix + java.lang.Integer.toString(counter)) + .png)): null

2018-12-05 12:57:16 - [TEST_STEP][PASSED] - Statement - counter = counter + 1: null

2018-12-05 12:57:16 - [TEST_STEP][PASSED] - Statement - PreSaveFile = new java.io.File(((pathPrefix + java.lang.Integer.toString(counter)) + .png)): null

2018-12-05 12:57:16 - [TEST_STEP][PASSED] - Statement - counter = counter + 1: null

2018-12-05 12:57:16 - [TEST_STEP][PASSED] - Statement - PreSaveFile = new java.io.File(((pathPrefix + java.lang.Integer.toString(counter)) + .png)): null

2018-12-05 12:57:16 - [TEST_STEP][PASSED] - Statement - counter = counter + 1: null

2018-12-05 12:57:16 - [TEST_STEP][PASSED] - Statement - PreSaveFile = new java.io.File(((pathPrefix + java.lang.Integer.toString(counter)) + .png)): null

2018-12-05 12:57:16 - [TEST_STEP][PASSED] - Statement - counter = counter + 1: null

2018-12-05 12:57:16 - [TEST_STEP][PASSED] - Statement - PreSaveFile = new java.io.File(((pathPrefix + java.lang.Integer.toString(counter)) + .png)): null

2018-12-05 12:57:16 - [TEST_STEP][PASSED] - Statement - counter = counter + 1: null

2018-12-05 12:57:16 - [TEST_STEP][PASSED] - Statement - PreSaveFile = new java.io.File(((pathPrefix + java.lang.Integer.toString(counter)) + .png)): null

2018-12-05 12:57:16 - [TEST_STEP][PASSED] - Statement - counter = counter + 1: null

2018-12-05 12:57:16 - [TEST_STEP][PASSED] - Statement - PreSaveFile = new java.io.File(((pathPrefix + java.lang.Integer.toString(counter)) + .png)): null

2018-12-05 12:57:16 - [TEST_STEP][PASSED] - Statement - counter = counter + 1: null

2018-12-05 12:57:16 - [TEST_STEP][PASSED] - Statement - PreSaveFile = new java.io.File(((pathPrefix + java.lang.Integer.toString(counter)) + .png)): null

2018-12-05 12:57:16 - [TEST_STEP][PASSED] - Statement - counter = counter + 1: null

2018-12-05 12:57:16 - [TEST_STEP][PASSED] - Statement - PreSaveFile = new java.io.File(((pathPrefix + java.lang.Integer.toString(counter)) + .png)): null

2018-12-05 12:57:16 - [TEST_STEP][PASSED] - Statement - counter = counter + 1: null

2018-12-05 12:57:17 - [TEST_STEP][PASSED] - Statement - PreSaveFile = new java.io.File(((pathPrefix + java.lang.Integer.toString(counter)) + .png)): null

2018-12-05 12:57:17 - [TEST_STEP][PASSED] - Statement - counter = counter + 1: null

2018-12-05 12:57:17 - [TEST_STEP][PASSED] - Statement - PreSaveFile = new java.io.File(((pathPrefix + java.lang.Integer.toString(counter)) + .png)): null

2018-12-05 12:57:17 - [TEST_STEP][PASSED] - Statement - counter = counter + 1: null

2018-12-05 12:57:17 - [TEST_STEP][PASSED] - Statement - PreSaveFile = new java.io.File(((pathPrefix + java.lang.Integer.toString(counter)) + .png)): null

2018-12-05 12:57:17 - [TEST_STEP][PASSED] - Statement - counter = counter + 1: null

2018-12-05 12:57:17 - [TEST_STEP][PASSED] - Statement - PreSaveFile = new java.io.File(((pathPrefix + java.lang.Integer.toString(counter)) + .png)): null

2018-12-05 12:57:17 - [TEST_STEP][PASSED] - Statement - counter = counter + 1: null

2018-12-05 12:57:17 - [TEST_STEP][PASSED] - Statement - PreSaveFile = new java.io.File(((pathPrefix + java.lang.Integer.toString(counter)) + .png)): null

2018-12-05 12:57:17 - [TEST_STEP][PASSED] - Statement - counter = counter + 1: null

2018-12-05 12:57:17 - [TEST_STEP][PASSED] - Statement - PreSaveFile = new java.io.File(((pathPrefix + java.lang.Integer.toString(counter)) + .png)): null

2018-12-05 12:57:17 - [TEST_STEP][PASSED] - Statement - counter = counter + 1: null

2018-12-05 12:57:17 - [TEST_STEP][PASSED] - Statement - PreSaveFile = new java.io.File(((pathPrefix + java.lang.Integer.toString(counter)) + .png)): null

2018-12-05 12:57:17 - [TEST_STEP][PASSED] - Statement - counter = counter + 1: null

2018-12-05 12:57:17 - [TEST_STEP][PASSED] - Statement - PreSaveFile = new java.io.File(((pathPrefix + java.lang.Integer.toString(counter)) + .png)): null

2018-12-05 12:57:17 - [TEST_STEP][PASSED] - Statement - counter = counter + 1: null

2018-12-05 12:57:17 - [TEST_STEP][PASSED] - Statement - PreSaveFile = new java.io.File(((pathPrefix + java.lang.Integer.toString(counter)) + .png)): null

2018-12-05 12:57:17 - [TEST_STEP][PASSED] - Statement - counter = counter + 1: null

2018-12-05 12:57:17 - [TEST_STEP][PASSED] - Statement - PreSaveFile = new java.io.File(((pathPrefix + java.lang.Integer.toString(counter)) + .png)): null

2018-12-05 12:57:17 - [TEST_STEP][PASSED] - Statement - counter = counter + 1: null

2018-12-05 12:57:17 - [TEST_STEP][PASSED] - Statement - PreSaveFile = new java.io.File(((pathPrefix + java.lang.Integer.toString(counter)) + .png)): null

2018-12-05 12:57:17 - [TEST_STEP][PASSED] - Statement - counter = counter + 1: null

2018-12-05 12:57:17 - [TEST_STEP][PASSED] - Statement - PreSaveFile = new java.io.File(((pathPrefix + java.lang.Integer.toString(counter)) + .png)): null

2018-12-05 12:57:17 - [TEST_STEP][PASSED] - Statement - counter = counter + 1: null

2018-12-05 12:57:17 - [TEST_STEP][PASSED] - Statement - PreSaveFile = new java.io.File(((pathPrefix + java.lang.Integer.toString(counter)) + .png)): null

2018-12-05 12:57:17 - [TEST_STEP][PASSED] - Statement - counter = counter + 1: null

2018-12-05 12:57:17 - [TEST_STEP][PASSED] - Statement - PreSaveFile = new java.io.File(((pathPrefix + java.lang.Integer.toString(counter)) + .png)): null

2018-12-05 12:57:17 - [TEST_STEP][PASSED] - Statement - counter = counter + 1: null

2018-12-05 12:57:17 - [TEST_STEP][PASSED] - Statement - PreSaveFile = new java.io.File(((pathPrefix + java.lang.Integer.toString(counter)) + .png)): null

2018-12-05 12:57:18 - [TEST_STEP][PASSED] - Statement - counter = counter + 1: null

2018-12-05 12:57:18 - [TEST_STEP][PASSED] - Statement - PreSaveFile = new java.io.File(((pathPrefix + java.lang.Integer.toString(counter)) + .png)): null

2018-12-05 12:57:18 - [TEST_STEP][PASSED] - Statement - counter = counter + 1: null

2018-12-05 12:57:18 - [TEST_STEP][PASSED] - Statement - PreSaveFile = new java.io.File(((pathPrefix + java.lang.Integer.toString(counter)) + .png)): null

2018-12-05 12:57:18 - [TEST_STEP][PASSED] - Statement - counter = counter + 1: null

2018-12-05 12:57:18 - [TEST_STEP][PASSED] - Statement - PreSaveFile = new java.io.File(((pathPrefix + java.lang.Integer.toString(counter)) + .png)): null

2018-12-05 12:57:18 - [TEST_STEP][PASSED] - Statement - counter = counter + 1: null

2018-12-05 12:57:18 - [TEST_STEP][PASSED] - Statement - PreSaveFile = new java.io.File(((pathPrefix + java.lang.Integer.toString(counter)) + .png)): null

2018-12-05 12:57:18 - [TEST_STEP][PASSED] - Statement - counter = counter + 1: null

2018-12-05 12:57:18 - [TEST_STEP][PASSED] - Statement - PreSaveFile = new java.io.File(((pathPrefix + java.lang.Integer.toString(counter)) + .png)): null

2018-12-05 12:57:18 - [TEST_STEP][PASSED] - Statement - counter = counter + 1: null

2018-12-05 12:57:18 - [TEST_STEP][PASSED] - Statement - PreSaveFile = new java.io.File(((pathPrefix + java.lang.Integer.toString(counter)) + .png)): null

2018-12-05 12:57:18 - [TEST_STEP][PASSED] - Statement - counter = counter + 1: null

2018-12-05 12:57:18 - [TEST_STEP][PASSED] - Statement - PreSaveFile = new java.io.File(((pathPrefix + java.lang.Integer.toString(counter)) + .png)): null

2018-12-05 12:57:18 - [TEST_STEP][PASSED] - Statement - counter = counter + 1: null

2018-12-05 12:57:18 - [TEST_STEP][PASSED] - Statement - PreSaveFile = new java.io.File(((pathPrefix + java.lang.Integer.toString(counter)) + .png)): null

2018-12-05 12:57:18 - [TEST_STEP][PASSED] - Statement - counter = counter + 1: null

2018-12-05 12:57:18 - [TEST_STEP][PASSED] - Statement - PreSaveFile = new java.io.File(((pathPrefix + java.lang.Integer.toString(counter)) + .png)): null

2018-12-05 12:57:18 - [TEST_STEP][PASSED] - Statement - counter = counter + 1: null

2018-12-05 12:57:18 - [TEST_STEP][PASSED] - Statement - PreSaveFile = new java.io.File(((pathPrefix + java.lang.Integer.toString(counter)) + .png)): null

2018-12-05 12:57:18 - [TEST_STEP][PASSED] - Statement - counter = counter + 1: null

2018-12-05 12:57:18 - [TEST_STEP][PASSED] - Statement - PreSaveFile = new java.io.File(((pathPrefix + java.lang.Integer.toString(counter)) + .png)): null

2018-12-05 12:57:18 - [TEST_STEP][PASSED] - Statement - counter = counter + 1: null

2018-12-05 12:57:18 - [TEST_STEP][PASSED] - Statement - PreSaveFile = new java.io.File(((pathPrefix + java.lang.Integer.toString(counter)) + .png)): null

2018-12-05 12:57:18 - [TEST_STEP][PASSED] - Statement - counter = counter + 1: null

2018-12-05 12:57:18 - [TEST_STEP][PASSED] - Statement - PreSaveFile = new java.io.File(((pathPrefix + java.lang.Integer.toString(counter)) + .png)): null

2018-12-05 12:57:18 - [TEST_STEP][PASSED] - Statement - counter = counter + 1: null

2018-12-05 12:57:18 - [TEST_STEP][PASSED] - Statement - PreSaveFile = new java.io.File(((pathPrefix + java.lang.Integer.toString(counter)) + .png)): null

2018-12-05 12:57:18 - [TEST_STEP][PASSED] - Statement - counter = counter + 1: null

2018-12-05 12:57:19 - [TEST_STEP][PASSED] - Statement - PreSaveFile = new java.io.File(((pathPrefix + java.lang.Integer.toString(counter)) + .png)): null

2018-12-05 12:57:19 - [TEST_STEP][PASSED] - Statement - counter = counter + 1: null

2018-12-05 12:57:19 - [TEST_STEP][PASSED] - Statement - PreSaveFile = new java.io.File(((pathPrefix + java.lang.Integer.toString(counter)) + .png)): null

2018-12-05 12:57:19 - [TEST_STEP][PASSED] - Statement - counter = counter + 1: null

2018-12-05 12:57:19 - [TEST_STEP][PASSED] - Statement - PreSaveFile = new java.io.File(((pathPrefix + java.lang.Integer.toString(counter)) + .png)): null

2018-12-05 12:57:19 - [TEST_STEP][PASSED] - Statement - counter = counter + 1: null

2018-12-05 12:57:19 - [TEST_STEP][PASSED] - Statement - PreSaveFile = new java.io.File(((pathPrefix + java.lang.Integer.toString(counter)) + .png)): null

2018-12-05 12:57:19 - [TEST_STEP][PASSED] - Statement - counter = counter + 1: null

2018-12-05 12:57:19 - [TEST_STEP][PASSED] - Statement - PreSaveFile = new java.io.File(((pathPrefix + java.lang.Integer.toString(counter)) + .png)): null

2018-12-05 12:57:19 - [TEST_STEP][PASSED] - Statement - counter = counter + 1: null

2018-12-05 12:57:19 - [TEST_STEP][PASSED] - Statement - PreSaveFile = new java.io.File(((pathPrefix + java.lang.Integer.toString(counter)) + .png)): null

2018-12-05 12:57:19 - [TEST_STEP][PASSED] - Statement - counter = counter + 1: null

2018-12-05 12:57:19 - [TEST_STEP][PASSED] - Statement - PreSaveFile = new java.io.File(((pathPrefix + java.lang.Integer.toString(counter)) + .png)): null

2018-12-05 12:57:19 - [TEST_STEP][PASSED] - Statement - counter = counter + 1: null

2018-12-05 12:57:19 - [TEST_STEP][PASSED] - Statement - PreSaveFile = new java.io.File(((pathPrefix + java.lang.Integer.toString(counter)) + .png)): null

2018-12-05 12:57:19 - [TEST_STEP][PASSED] - Statement - counter = counter + 1: null

2018-12-05 12:57:19 - [TEST_STEP][PASSED] - Statement - PreSaveFile = new java.io.File(((pathPrefix + java.lang.Integer.toString(counter)) + .png)): null

2018-12-05 12:57:19 - [TEST_STEP][PASSED] - Statement - counter = counter + 1: null

2018-12-05 12:57:19 - [TEST_STEP][PASSED] - Statement - PreSaveFile = new java.io.File(((pathPrefix + java.lang.Integer.toString(counter)) + .png)): null

2018-12-05 12:57:19 - [TEST_STEP][PASSED] - Statement - counter = counter + 1: null

2018-12-05 12:57:19 - [TEST_STEP][PASSED] - Statement - PreSaveFile = new java.io.File(((pathPrefix + java.lang.Integer.toString(counter)) + .png)): null

2018-12-05 12:57:19 - [TEST_STEP][PASSED] - Statement - counter = counter + 1: null

2018-12-05 12:57:19 - [TEST_STEP][PASSED] - Statement - PreSaveFile = new java.io.File(((pathPrefix + java.lang.Integer.toString(counter)) + .png)): null

2018-12-05 12:57:19 - [TEST_STEP][PASSED] - Statement - counter = counter + 1: null

2018-12-05 12:57:19 - [TEST_STEP][PASSED] - Statement - PreSaveFile = new java.io.File(((pathPrefix + java.lang.Integer.toString(counter)) + .png)): null

2018-12-05 12:57:19 - [TEST_STEP][PASSED] - Statement - counter = counter + 1: null

2018-12-05 12:57:19 - [TEST_STEP][PASSED] - Statement - PreSaveFile = new java.io.File(((pathPrefix + java.lang.Integer.toString(counter)) + .png)): null

2018-12-05 12:57:19 - [TEST_STEP][PASSED] - Statement - counter = counter + 1: null

2018-12-05 12:57:20 - [TEST_STEP][PASSED] - Statement - PreSaveFile = new java.io.File(((pathPrefix + java.lang.Integer.toString(counter)) + .png)): null

2018-12-05 12:57:20 - [TEST_STEP][PASSED] - Statement - counter = counter + 1: null

2018-12-05 12:57:20 - [TEST_STEP][PASSED] - Statement - PreSaveFile = new java.io.File(((pathPrefix + java.lang.Integer.toString(counter)) + .png)): null

2018-12-05 12:57:20 - [TEST_STEP][PASSED] - Statement - counter = counter + 1: null

2018-12-05 12:57:20 - [TEST_STEP][PASSED] - Statement - PreSaveFile = new java.io.File(((pathPrefix + java.lang.Integer.toString(counter)) + .png)): null

2018-12-05 12:57:20 - [TEST_STEP][PASSED] - Statement - counter = counter + 1: null

2018-12-05 12:57:20 - [TEST_STEP][PASSED] - Statement - PreSaveFile = new java.io.File(((pathPrefix + java.lang.Integer.toString(counter)) + .png)): null

2018-12-05 12:57:20 - [TEST_STEP][PASSED] - Statement - counter = counter + 1: null

2018-12-05 12:57:20 - [TEST_STEP][PASSED] - Statement - PreSaveFile = new java.io.File(((pathPrefix + java.lang.Integer.toString(counter)) + .png)): null

2018-12-05 12:57:20 - [TEST_STEP][PASSED] - Statement - counter = counter + 1: null

2018-12-05 12:57:20 - [TEST_STEP][PASSED] - Statement - PreSaveFile = new java.io.File(((pathPrefix + java.lang.Integer.toString(counter)) + .png)): null

2018-12-05 12:57:20 - [TEST_STEP][PASSED] - Statement - counter = counter + 1: null

2018-12-05 12:57:20 - [TEST_STEP][PASSED] - Statement - PreSaveFile = new java.io.File(((pathPrefix + java.lang.Integer.toString(counter)) + .png)): null

2018-12-05 12:57:20 - [TEST_STEP][PASSED] - Statement - counter = counter + 1: null

2018-12-05 12:57:20 - [TEST_STEP][PASSED] - Statement - PreSaveFile = new java.io.File(((pathPrefix + java.lang.Integer.toString(counter)) + .png)): null

2018-12-05 12:57:20 - [TEST_STEP][PASSED] - Statement - counter = counter + 1: null

2018-12-05 12:57:20 - [TEST_STEP][PASSED] - Statement - PreSaveFile = new java.io.File(((pathPrefix + java.lang.Integer.toString(counter)) + .png)): null

2018-12-05 12:57:20 - [TEST_STEP][PASSED] - Statement - counter = counter + 1: null

2018-12-05 12:57:20 - [TEST_STEP][PASSED] - Statement - PreSaveFile = new java.io.File(((pathPrefix + java.lang.Integer.toString(counter)) + .png)): null

2018-12-05 12:57:20 - [TEST_STEP][PASSED] - Statement - counter = counter + 1: null

2018-12-05 12:57:20 - [TEST_STEP][PASSED] - Statement - PreSaveFile = new java.io.File(((pathPrefix + java.lang.Integer.toString(counter)) + .png)): null

2018-12-05 12:57:20 - [TEST_STEP][PASSED] - Statement - counter = counter + 1: null

2018-12-05 12:57:20 - [TEST_STEP][PASSED] - Statement - PreSaveFile = new java.io.File(((pathPrefix + java.lang.Integer.toString(counter)) + .png)): null

2018-12-05 12:57:20 - [TEST_STEP][PASSED] - Statement - counter = counter + 1: null

2018-12-05 12:57:20 - [TEST_STEP][PASSED] - Statement - PreSaveFile = new java.io.File(((pathPrefix + java.lang.Integer.toString(counter)) + .png)): null

2018-12-05 12:57:20 - [TEST_STEP][PASSED] - Statement - counter = counter + 1: null

2018-12-05 12:57:20 - [TEST_STEP][PASSED] - Statement - PreSaveFile = new java.io.File(((pathPrefix + java.lang.Integer.toString(counter)) + .png)): null

2018-12-05 12:57:20 - [TEST_STEP][PASSED] - Statement - counter = counter + 1: null

2018-12-05 12:57:20 - [TEST_STEP][PASSED] - Statement - PreSaveFile = new java.io.File(((pathPrefix + java.lang.Integer.toString(counter)) + .png)): null

2018-12-05 12:57:21 - [TEST_STEP][PASSED] - Statement - counter = counter + 1: null

2018-12-05 12:57:21 - [TEST_STEP][PASSED] - Statement - PreSaveFile = new java.io.File(((pathPrefix + java.lang.Integer.toString(counter)) + .png)): null

2018-12-05 12:57:21 - [TEST_STEP][PASSED] - Statement - counter = counter + 1: null

2018-12-05 12:57:21 - [TEST_STEP][PASSED] - Statement - PreSaveFile = new java.io.File(((pathPrefix + java.lang.Integer.toString(counter)) + .png)): null

2018-12-05 12:57:21 - [TEST_STEP][PASSED] - Statement - counter = counter + 1: null

2018-12-05 12:57:21 - [TEST_STEP][PASSED] - Statement - PreSaveFile = new java.io.File(((pathPrefix + java.lang.Integer.toString(counter)) + .png)): null

2018-12-05 12:57:21 - [TEST_STEP][PASSED] - Statement - counter = counter + 1: null

2018-12-05 12:57:21 - [TEST_STEP][PASSED] - Statement - PreSaveFile = new java.io.File(((pathPrefix + java.lang.Integer.toString(counter)) + .png)): null

2018-12-05 12:57:21 - [TEST_STEP][PASSED] - Statement - counter = counter + 1: null

2018-12-05 12:57:21 - [TEST_STEP][PASSED] - Statement - PreSaveFile = new java.io.File(((pathPrefix + java.lang.Integer.toString(counter)) + .png)): null

2018-12-05 12:57:21 - [TEST_STEP][PASSED] - Statement - counter = counter + 1: null

2018-12-05 12:57:21 - [TEST_STEP][PASSED] - Statement - PreSaveFile = new java.io.File(((pathPrefix + java.lang.Integer.toString(counter)) + .png)): null

2018-12-05 12:57:21 - [TEST_STEP][PASSED] - Statement - counter = counter + 1: null

2018-12-05 12:57:21 - [TEST_STEP][PASSED] - Statement - PreSaveFile = new java.io.File(((pathPrefix + java.lang.Integer.toString(counter)) + .png)): null

2018-12-05 12:57:21 - [TEST_STEP][PASSED] - Statement - counter = counter + 1: null

2018-12-05 12:57:21 - [TEST_STEP][PASSED] - Statement - PreSaveFile = new java.io.File(((pathPrefix + java.lang.Integer.toString(counter)) + .png)): null

2018-12-05 12:57:21 - [TEST_STEP][PASSED] - Statement - counter = counter + 1: null

2018-12-05 12:57:21 - [TEST_STEP][PASSED] - Statement - PreSaveFile = new java.io.File(((pathPrefix + java.lang.Integer.toString(counter)) + .png)): null

2018-12-05 12:57:21 - [TEST_STEP][PASSED] - Statement - counter = counter + 1: null

2018-12-05 12:57:21 - [TEST_STEP][PASSED] - Statement - PreSaveFile = new java.io.File(((pathPrefix + java.lang.Integer.toString(counter)) + .png)): null

2018-12-05 12:57:21 - [TEST_STEP][PASSED] - Statement - counter = counter + 1: null

2018-12-05 12:57:21 - [TEST_STEP][PASSED] - Statement - PreSaveFile = new java.io.File(((pathPrefix + java.lang.Integer.toString(counter)) + .png)): null

2018-12-05 12:57:21 - [TEST_STEP][PASSED] - Statement - counter = counter + 1: null

2018-12-05 12:57:21 - [TEST_STEP][PASSED] - Statement - PreSaveFile = new java.io.File(((pathPrefix + java.lang.Integer.toString(counter)) + .png)): null

2018-12-05 12:57:21 - [TEST_STEP][PASSED] - Statement - counter = counter + 1: null

2018-12-05 12:57:21 - [TEST_STEP][PASSED] - Statement - PreSaveFile = new java.io.File(((pathPrefix + java.lang.Integer.toString(counter)) + .png)): null

2018-12-05 12:57:21 - [TEST_STEP][PASSED] - Statement - counter = counter + 1: null

2018-12-05 12:57:21 - [TEST_STEP][PASSED] - Statement - PreSaveFile = new java.io.File(((pathPrefix + java.lang.Integer.toString(counter)) + .png)): null

2018-12-05 12:57:21 - [TEST_STEP][PASSED] - Statement - counter = counter + 1: null

2018-12-05 12:57:22 - [TEST_STEP][PASSED] - Statement - PreSaveFile = new java.io.File(((pathPrefix + java.lang.Integer.toString(counter)) + .png)): null

2018-12-05 12:57:22 - [TEST_STEP][PASSED] - Statement - counter = counter + 1: null

2018-12-05 12:57:22 - [TEST_STEP][PASSED] - Statement - PreSaveFile = new java.io.File(((pathPrefix + java.lang.Integer.toString(counter)) + .png)): null

2018-12-05 12:57:22 - [TEST_STEP][PASSED] - Statement - counter = counter + 1: null

2018-12-05 12:57:22 - [TEST_STEP][PASSED] - Statement - PreSaveFile = new java.io.File(((pathPrefix + java.lang.Integer.toString(counter)) + .png)): null

2018-12-05 12:57:22 - [TEST_STEP][PASSED] - Statement - counter = counter + 1: null

2018-12-05 12:57:22 - [TEST_STEP][PASSED] - Statement - PreSaveFile = new java.io.File(((pathPrefix + java.lang.Integer.toString(counter)) + .png)): null

2018-12-05 12:57:22 - [TEST_STEP][PASSED] - Statement - counter = counter + 1: null

2018-12-05 12:57:22 - [TEST_STEP][PASSED] - Statement - PreSaveFile = new java.io.File(((pathPrefix + java.lang.Integer.toString(counter)) + .png)): null

2018-12-05 12:57:22 - [TEST_STEP][PASSED] - Statement - counter = counter + 1: null

2018-12-05 12:57:22 - [TEST_STEP][PASSED] - Statement - PreSaveFile = new java.io.File(((pathPrefix + java.lang.Integer.toString(counter)) + .png)): null

2018-12-05 12:57:22 - [TEST_STEP][PASSED] - Statement - counter = counter + 1: null

2018-12-05 12:57:22 - [TEST_STEP][PASSED] - Statement - PreSaveFile = new java.io.File(((pathPrefix + java.lang.Integer.toString(counter)) + .png)): null

2018-12-05 12:57:22 - [TEST_STEP][PASSED] - Statement - counter = counter + 1: null

2018-12-05 12:57:22 - [TEST_STEP][PASSED] - Statement - PreSaveFile = new java.io.File(((pathPrefix + java.lang.Integer.toString(counter)) + .png)): null

2018-12-05 12:57:22 - [TEST_STEP][PASSED] - Statement - counter = counter + 1: null

2018-12-05 12:57:22 - [TEST_STEP][PASSED] - Statement - PreSaveFile = new java.io.File(((pathPrefix + java.lang.Integer.toString(counter)) + .png)): null

2018-12-05 12:57:22 - [TEST_STEP][PASSED] - Statement - counter = counter + 1: null

2018-12-05 12:57:22 - [TEST_STEP][PASSED] - Statement - PreSaveFile = new java.io.File(((pathPrefix + java.lang.Integer.toString(counter)) + .png)): null

2018-12-05 12:57:22 - [TEST_STEP][PASSED] - Statement - counter = counter + 1: null

2018-12-05 12:57:22 - [TEST_STEP][PASSED] - Statement - PreSaveFile = new java.io.File(((pathPrefix + java.lang.Integer.toString(counter)) + .png)): null

2018-12-05 12:57:22 - [TEST_STEP][PASSED] - Statement - counter = counter + 1: null

2018-12-05 12:57:22 - [TEST_STEP][PASSED] - Statement - PreSaveFile = new java.io.File(((pathPrefix + java.lang.Integer.toString(counter)) + .png)): null

2018-12-05 12:57:22 - [TEST_STEP][PASSED] - Statement - counter = counter + 1: null

2018-12-05 12:57:22 - [TEST_STEP][PASSED] - Statement - PreSaveFile = new java.io.File(((pathPrefix + java.lang.Integer.toString(counter)) + .png)): null

2018-12-05 12:57:22 - [TEST_STEP][PASSED] - Statement - counter = counter + 1: null

2018-12-05 12:57:22 - [TEST_STEP][PASSED] - Statement - PreSaveFile = new java.io.File(((pathPrefix + java.lang.Integer.toString(counter)) + .png)): null

2018-12-05 12:57:22 - [TEST_STEP][PASSED] - Statement - counter = counter + 1: null

2018-12-05 12:57:23 - [TEST_STEP][PASSED] - Statement - PreSaveFile = new java.io.File(((pathPrefix + java.lang.Integer.toString(counter)) + .png)): null

2018-12-05 12:57:23 - [TEST_STEP][PASSED] - Statement - counter = counter + 1: null

2018-12-05 12:57:23 - [TEST_STEP][PASSED] - Statement - PreSaveFile = new java.io.File(((pathPrefix + java.lang.Integer.toString(counter)) + .png)): null

2018-12-05 12:57:23 - [TEST_STEP][PASSED] - Statement - counter = counter + 1: null

2018-12-05 12:57:23 - [TEST_STEP][PASSED] - Statement - PreSaveFile = new java.io.File(((pathPrefix + java.lang.Integer.toString(counter)) + .png)): null

2018-12-05 12:57:23 - [TEST_STEP][PASSED] - Statement - counter = counter + 1: null

2018-12-05 12:57:23 - [TEST_STEP][PASSED] - Statement - PreSaveFile = new java.io.File(((pathPrefix + java.lang.Integer.toString(counter)) + .png)): null

2018-12-05 12:57:23 - [TEST_STEP][PASSED] - Statement - counter = counter + 1: null

2018-12-05 12:57:23 - [TEST_STEP][PASSED] - Statement - PreSaveFile = new java.io.File(((pathPrefix + java.lang.Integer.toString(counter)) + .png)): null

2018-12-05 12:57:23 - [TEST_STEP][PASSED] - Statement - counter = counter + 1: null

2018-12-05 12:57:23 - [TEST_STEP][PASSED] - Statement - PreSaveFile = new java.io.File(((pathPrefix + java.lang.Integer.toString(counter)) + .png)): null

2018-12-05 12:57:23 - [TEST_STEP][PASSED] - Statement - counter = counter + 1: null

2018-12-05 12:57:23 - [TEST_STEP][PASSED] - Statement - PreSaveFile = new java.io.File(((pathPrefix + java.lang.Integer.toString(counter)) + .png)): null

2018-12-05 12:57:23 - [TEST_STEP][PASSED] - Statement - counter = counter + 1: null

2018-12-05 12:57:23 - [TEST_STEP][PASSED] - Statement - PreSaveFile = new java.io.File(((pathPrefix + java.lang.Integer.toString(counter)) + .png)): null

2018-12-05 12:57:23 - [TEST_STEP][PASSED] - Statement - counter = counter + 1: null

2018-12-05 12:57:23 - [TEST_STEP][PASSED] - Statement - PreSaveFile = new java.io.File(((pathPrefix + java.lang.Integer.toString(counter)) + .png)): null

2018-12-05 12:57:23 - [TEST_STEP][PASSED] - Statement - counter = counter + 1: null

2018-12-05 12:57:23 - [TEST_STEP][PASSED] - Statement - PreSaveFile = new java.io.File(((pathPrefix + java.lang.Integer.toString(counter)) + .png)): null

2018-12-05 12:57:23 - [TEST_STEP][PASSED] - Statement - counter = counter + 1: null

2018-12-05 12:57:23 - [TEST_STEP][PASSED] - Statement - PreSaveFile = new java.io.File(((pathPrefix + java.lang.Integer.toString(counter)) + .png)): null

2018-12-05 12:57:23 - [TEST_STEP][PASSED] - Statement - counter = counter + 1: null

2018-12-05 12:57:23 - [TEST_STEP][PASSED] - Statement - PreSaveFile = new java.io.File(((pathPrefix + java.lang.Integer.toString(counter)) + .png)): null

2018-12-05 12:57:23 - [TEST_STEP][PASSED] - Statement - counter = counter + 1: null

2018-12-05 12:57:23 - [TEST_STEP][PASSED] - Statement - PreSaveFile = new java.io.File(((pathPrefix + java.lang.Integer.toString(counter)) + .png)): null

2018-12-05 12:57:23 - [TEST_STEP][PASSED] - Statement - counter = counter + 1: null

2018-12-05 12:57:23 - [TEST_STEP][PASSED] - Statement - PreSaveFile = new java.io.File(((pathPrefix + java.lang.Integer.toString(counter)) + .png)): null

2018-12-05 12:57:23 - [TEST_STEP][PASSED] - Statement - counter = counter + 1: null

2018-12-05 12:57:23 - [TEST_STEP][PASSED] - Statement - PreSaveFile = new java.io.File(((pathPrefix + java.lang.Integer.toString(counter)) + .png)): null

2018-12-05 12:57:23 - [TEST_STEP][PASSED] - Statement - counter = counter + 1: null

2018-12-05 12:57:23 - [TEST_STEP][PASSED] - Statement - PreSaveFile = new java.io.File(((pathPrefix + java.lang.Integer.toString(counter)) + .png)): null

2018-12-05 12:57:23 - [TEST_STEP][PASSED] - Statement - counter = counter + 1: null

2018-12-05 12:57:23 - [TEST_STEP][PASSED] - Statement - PreSaveFile = new java.io.File(((pathPrefix + java.lang.Integer.toString(counter)) + .png)): null

2018-12-05 12:57:23 - [TEST_STEP][PASSED] - Statement - counter = counter + 1: null

2018-12-05 12:57:23 - [TEST_STEP][PASSED] - Statement - PreSaveFile = new java.io.File(((pathPrefix + java.lang.Integer.toString(counter)) + .png)): null

2018-12-05 12:57:23 - [TEST_STEP][PASSED] - Statement - finalPath = pathPrefix + java.lang.Integer.toString(counter) + ".png": null

2018-12-05 12:57:23 - [TEST_STEP][PASSED] - Statement - SaveFile = new java.io.File(finalPath): null

2018-12-05 12:57:23 - [TEST_STEP][PASSED] - Statement - Try: null

2018-12-05 12:57:23 - [TEST_STEP][PASSED] - Statement - org.apache.commons.io.FileUtils.copyFile(scrFile, SaveFile): null

2018-12-05 12:57:24 - [TEST_STEP][PASSED] - Statement - out.println("file kept"): null

2018-12-05 12:57:24 - [TEST_STEP][PASSED] - delay: Delayed 10 second(s)

2018-12-05 12:57:34 - [MESSAGE][PASSED] - Delayed 10 second(s)

2018-12-05 12:57:34 - [MESSAGE][PASSED] - Call Test Case 'Test Cases/Final Aug 2018 - PKS Automation/Registration Module/New Registration/Submit and Screenshot/Submit Registration and Screenshot' successfully

2018-12-05 12:57:34 - [TEST_STEP][PASSED] - callTestCase: Call Test Case 'Test Cases/Final Aug 2018 - PKS Automation/Registration Module/Log Out/log out avoiding katalon tagging' successfully

2018-12-05 12:57:34 - [TEST_CASE][PASSED] - Test Cases/Final Aug 2018 - PKS Automation/Registration Module/Log Out/log out avoiding katalon tagging: Test Cases/Final Aug 2018 - PKS Automation/Registration Module/Log Out/log out avoiding katalon tagging

2018-12-05 12:57:34 - [TEST_STEP][PASSED] - navigateToUrl: Navigate to 'https://assist2-uat.perkeso.gov.my/c/portal/logout' successfully

2018-12-05 12:57:35 - [MESSAGE][PASSED] - Navigate to 'https://assist2-uat.perkeso.gov.my/c/portal/logout' successfully

2018-12-05 12:57:35 - [MESSAGE][PASSED] - Call Test Case 'Test Cases/Final Aug 2018 - PKS Automation/Registration Module/Log Out/log out avoiding katalon tagging' successfully

2018-12-05 12:57:35 - [TEST_STEP][PASSED] - callTestCase: Call Test Case 'Test Cases/Final Aug 2018 - PKS Automation/Common/Workflow Owner Finder' successfully

2018-12-05 12:57:35 - [TEST_CASE][PASSED] - Test Cases/Final Aug 2018 - PKS Automation/Common/Workflow Owner Finder: Test Cases/Final Aug 2018 - PKS Automation/Common/Workflow Owner Finder

2018-12-05 12:57:35 - [TEST_STEP][PASSED] - openBrowser: Browser is opened with url: ''

2018-12-05 12:57:35 - [MESSAGE][WARNING] - A browser is already opened. Closing browser and opening a new one

2018-12-05 12:57:38 - [MESSAGE][PASSED] - Browser is opened with url: ''

2018-12-05 12:57:38 - [TEST_STEP][PASSED] - navigateToUrl: Navigate to 'https://assist2-uat.perkeso.gov.my/login' successfully

2018-12-05 12:57:39 - [MESSAGE][PASSED] - Navigate to 'https://assist2-uat.perkeso.gov.my/login' successfully

2018-12-05 12:57:39 - [TEST_STEP][PASSED] - delay: Delayed 5 second(s)

2018-12-05 12:57:44 - [MESSAGE][PASSED] - Delayed 5 second(s)

2018-12-05 12:57:44 - [TEST_STEP][PASSED] - setText: Text 'test@liferay.com' is set on object 'Object Repository/Final Object Repo/Login Page/Internal User/Email Address'

2018-12-05 12:57:44 - [MESSAGE][PASSED] - Text 'test@liferay.com' is set on object 'Object Repository/Final Object Repo/Login Page/Internal User/Email Address'

2018-12-05 12:57:44 - [TEST_STEP][PASSED] - click: Object: 'Object Repository/Final Object Repo/Login Page/Internal User/Next Button' is clicked on

2018-12-05 12:57:44 - [MESSAGE][PASSED] - Object: 'Object Repository/Final Object Repo/Login Page/Internal User/Next Button' is clicked on

2018-12-05 12:57:44 - [TEST_STEP][PASSED] - delay: Delayed 2 second(s)

2018-12-05 12:57:46 - [MESSAGE][PASSED] - Delayed 2 second(s)

2018-12-05 12:57:46 - [TEST_STEP][PASSED] - setText: Text 'test' is set on object 'Object Repository/Final Object Repo/Login Page/Internal User/Password'

2018-12-05 12:57:46 - [MESSAGE][PASSED] - Text 'test' is set on object 'Object Repository/Final Object Repo/Login Page/Internal User/Password'

2018-12-05 12:57:46 - [TEST_STEP][PASSED] - delay: Delayed 2 second(s)

2018-12-05 12:57:48 - [MESSAGE][PASSED] - Delayed 2 second(s)

2018-12-05 12:57:48 - [TEST_STEP][PASSED] - click: Object: 'Object Repository/Final Object Repo/Login Page/Internal User/Login Button' is clicked on

2018-12-05 12:57:49 - [MESSAGE][PASSED] - Object: 'Object Repository/Final Object Repo/Login Page/Internal User/Login Button' is clicked on

2018-12-05 12:57:49 - [TEST_STEP][PASSED] - Statement - tester = com.kms.katalon.core.testobject.ObjectRepository.findTestObject(Final Object Repo/Landing Page/Select to English): Finding Test Object with id 'Object Repository/Final Object Repo/Landing Page/Select to English'

2018-12-05 12:57:49 - [TEST_STEP][PASSED] - Statement - Try: Delayed 2 second(s)

2018-12-05 12:57:49 - [TEST_STEP][PASSED] - Statement - Checker = com.kms.katalon.core.webui.keyword.WebUiBuiltInKeywords.verifyElementNotPresent(tester, 3): Web element with id: 'Object Repository/Final Object Repo/Landing Page/Select to English' located by 'By.xpath: //a[@class = 'taglib-language-list-text' and @lang = 'en-US' and (contains(text(), 'EN') or contains(., 'EN'))]' is not present after '3' second(s)

2018-12-05 12:57:53 - [MESSAGE][PASSED] - Web element with id: 'Object Repository/Final Object Repo/Landing Page/Select to English' located by 'By.xpath: //a[@class = 'taglib-language-list-text' and @lang = 'en-US' and (contains(text(), 'EN') or contains(., 'EN'))]' is not present after '3' second(s)

2018-12-05 12:57:53 - [TEST_STEP][PASSED] - Statement - If (Checker == false): null

2018-12-05 12:57:53 - [TEST_STEP][PASSED] - delay: Delayed 2 second(s)

2018-12-05 12:57:55 - [MESSAGE][PASSED] - Delayed 2 second(s)

2018-12-05 12:57:55 - [TEST_STEP][PASSED] - delay: Delayed 5 second(s)

2018-12-05 12:58:00 - [MESSAGE][PASSED] - Delayed 5 second(s)

2018-12-05 12:58:00 - [TEST_STEP][PASSED] - mouseOver: Object: 'Object Repository/Final Object Repo/Landing Page/WorkFlow Menu' is hovered

2018-12-05 12:58:01 - [MESSAGE][PASSED] - Object: 'Object Repository/Final Object Repo/Landing Page/WorkFlow Menu' is hovered

2018-12-05 12:58:01 - [TEST_STEP][PASSED] - delay: Delayed 2 second(s)

2018-12-05 12:58:03 - [MESSAGE][PASSED] - Delayed 2 second(s)

2018-12-05 12:58:03 - [TEST_STEP][PASSED] - click: Object: 'Object Repository/Final Object Repo/Landing Page/Select to Workflow Listing' is clicked on

2018-12-05 12:58:04 - [MESSAGE][PASSED] - Object: 'Object Repository/Final Object Repo/Landing Page/Select to Workflow Listing' is clicked on

2018-12-05 12:58:04 - [TEST_STEP][PASSED] - delay: Delayed 2 second(s)

2018-12-05 12:58:06 - [MESSAGE][PASSED] - Delayed 2 second(s)

2018-12-05 12:58:06 - [TEST_STEP][PASSED] - click: Object: 'Object Repository/Final Object Repo/WorkFlow Listing Page/Search Information - To Put Ref No' is clicked on

2018-12-05 12:58:06 - [MESSAGE][PASSED] - Object: 'Object Repository/Final Object Repo/WorkFlow Listing Page/Search Information - To Put Ref No' is clicked on

2018-12-05 12:58:06 - [TEST_STEP][PASSED] - delay: Delayed 2 second(s)

2018-12-05 12:58:08 - [MESSAGE][PASSED] - Delayed 2 second(s)

2018-12-05 12:58:08 - [TEST_STEP][PASSED] - callTestCase: Call Test Case 'Test Cases/Final Aug 2018 - PKS Automation/Common/Reference Number Getter' successfully

2018-12-05 12:58:09 - [TEST_CASE][PASSED] - Test Cases/Final Aug 2018 - PKS Automation/Common/Reference Number Getter: Test Cases/Final Aug 2018 - PKS Automation/Common/Reference Number Getter

2018-12-05 12:58:09 - [TEST_STEP][PASSED] - Statement - Try: null

2018-12-05 12:58:09 - [TEST_STEP][PASSED] - Statement - RefNo = new java.io.File(C://Users//Admin//Desktop//PKS//Automation Reference Point//KatalonReference.txt): null

2018-12-05 12:58:09 - [TEST_STEP][PASSED] - Statement - bufferread = new java.io.BufferedReader(new java.io.FileReader(RefNo)): null

2018-12-05 12:58:09 - [TEST_STEP][PASSED] - Statement - readedVal = bufferread.readLine(): null

2018-12-05 12:58:09 - [TEST_STEP][PASSED] - Statement - out.println(CaseReferenceNo): null

2018-12-05 12:58:09 - [TEST_STEP][PASSED] - Statement - out.println(readedVal): null

2018-12-05 12:58:09 - [TEST_STEP][PASSED] - Statement - CaseReferenceNo = "": null

2018-12-05 12:58:09 - [TEST_STEP][PASSED] - Statement - CaseReferenceNo = readedVal: null

2018-12-05 12:58:09 - [MESSAGE][PASSED] - Call Test Case 'Test Cases/Final Aug 2018 - PKS Automation/Common/Reference Number Getter' successfully

2018-12-05 12:58:09 - [TEST_STEP][PASSED] - setText: Text 'CRN12201800123008' is set on object 'Object Repository/Final Object Repo/WorkFlow Listing Page/Ref No Set Text'

2018-12-05 12:58:09 - [MESSAGE][PASSED] - Text 'CRN12201800123008' is set on object 'Object Repository/Final Object Repo/WorkFlow Listing Page/Ref No Set Text'

2018-12-05 12:58:09 - [TEST_STEP][PASSED] - delay: Delayed 2 second(s)

2018-12-05 12:58:11 - [MESSAGE][PASSED] - Delayed 2 second(s)

2018-12-05 12:58:11 - [TEST_STEP][PASSED] - click: Object: 'Object Repository/Final Object Repo/WorkFlow Listing Page/Search Ref No Search Button' is clicked on

2018-12-05 12:58:11 - [MESSAGE][PASSED] - Object: 'Object Repository/Final Object Repo/WorkFlow Listing Page/Search Ref No Search Button' is clicked on

2018-12-05 12:58:11 - [TEST_STEP][PASSED] - delay: Delayed 6 second(s)

2018-12-05 12:58:17 - [MESSAGE][PASSED] - Delayed 6 second(s)

2018-12-05 12:58:17 - [TEST_STEP][PASSED] - click: Object: 'Object Repository/Final Object Repo/WorkFlow Listing Page/Click Continue Tooltip' is clicked on

2018-12-05 12:58:18 - [MESSAGE][PASSED] - Object: 'Object Repository/Final Object Repo/WorkFlow Listing Page/Click Continue Tooltip' is clicked on

2018-12-05 12:58:18 - [TEST_STEP][PASSED] - delay: Delayed 5 second(s)

2018-12-05 12:58:23 - [MESSAGE][PASSED] - Delayed 5 second(s)

2018-12-05 12:58:23 - [TEST_STEP][PASSED] - doubleClick: Object: 'Object Repository/Final Object Repo/WorkFlow Listing Page/Workflow Found - Listing 1' is double clicked on

2018-12-05 12:58:23 - [MESSAGE][PASSED] - Object: 'Object Repository/Final Object Repo/WorkFlow Listing Page/Workflow Found - Listing 1' is double clicked on

2018-12-05 12:58:23 - [TEST_STEP][PASSED] - Statement - println(OwnerID): null

2018-12-05 12:58:23 - [TEST_STEP][PASSED] - Statement - OwnerID = com.kms.katalon.core.webui.keyword.WebUiBuiltInKeywords.getText(com.kms.katalon.core.testobject.ObjectRepository.findTestObject(Final Object Repo/WorkFlow Listing Page/Workflow Found - Listing 1), STOP_ON_FAILURE): Text of object 'Object Repository/Final Object Repo/WorkFlow Listing Page/Workflow Found - Listing 1' is: 'KLpkrbo2'

2018-12-05 12:58:23 - [MESSAGE][PASSED] - Text of object 'Object Repository/Final Object Repo/WorkFlow Listing Page/Workflow Found - Listing 1' is: 'KLpkrbo2'

2018-12-05 12:58:23 - [TEST_STEP][PASSED] - Statement - OwnerID = OwnerID.toLowerCase() + "@gmail.com": null

2018-12-05 12:58:23 - [TEST_STEP][PASSED] - Statement - println(OwnerID): null

2018-12-05 12:58:23 - [TEST_STEP][PASSED] - delay: Delayed 2 second(s)

2018-12-05 12:58:25 - [MESSAGE][PASSED] - Delayed 2 second(s)

2018-12-05 12:58:25 - [MESSAGE][PASSED] - Call Test Case 'Test Cases/Final Aug 2018 - PKS Automation/Common/Workflow Owner Finder' successfully

2018-12-05 12:58:25 - [TEST_STEP][PASSED] - callTestCase: Call Test Case 'Test Cases/Final Aug 2018 - PKS Automation/Registration Module/Log Out/log out avoiding katalon tagging' successfully

2018-12-05 12:58:25 - [TEST_CASE][PASSED] - Test Cases/Final Aug 2018 - PKS Automation/Registration Module/Log Out/log out avoiding katalon tagging: Test Cases/Final Aug 2018 - PKS Automation/Registration Module/Log Out/log out avoiding katalon tagging

2018-12-05 12:58:25 - [TEST_STEP][PASSED] - navigateToUrl: Navigate to 'https://assist2-uat.perkeso.gov.my/c/portal/logout' successfully

2018-12-05 12:58:26 - [MESSAGE][PASSED] - Navigate to 'https://assist2-uat.perkeso.gov.my/c/portal/logout' successfully

2018-12-05 12:58:26 - [MESSAGE][PASSED] - Call Test Case 'Test Cases/Final Aug 2018 - PKS Automation/Registration Module/Log Out/log out avoiding katalon tagging' successfully

2018-12-05 12:58:26 - [TEST_STEP][PASSED] - delay: Delayed 2 second(s)

2018-12-05 12:58:28 - [MESSAGE][PASSED] - Delayed 2 second(s)

2018-12-05 12:58:28 - [TEST_STEP][PASSED] - setText: Text 'klpkrbo2@gmail.com' is set on object 'Object Repository/Final Object Repo/New Registration - Registration Module Pages/New Reg - OTC to RO/Special Case - All Related Objects/Email TextBox'

2018-12-05 12:58:29 - [MESSAGE][PASSED] - Text 'klpkrbo2@gmail.com' is set on object 'Object Repository/Final Object Repo/New Registration - Registration Module Pages/New Reg - OTC to RO/Special Case - All Related Objects/Email TextBox'

2018-12-05 12:58:29 - [TEST_STEP][PASSED] - click: Object: 'Object Repository/Final Object Repo/New Registration - Registration Module Pages/New Reg - OTC to RO/Special Case - All Related Objects/Next Button' is clicked on

2018-12-05 12:58:29 - [MESSAGE][PASSED] - Object: 'Object Repository/Final Object Repo/New Registration - Registration Module Pages/New Reg - OTC to RO/Special Case - All Related Objects/Next Button' is clicked on

2018-12-05 12:58:29 - [TEST_STEP][PASSED] - delay: Delayed 2 second(s)

2018-12-05 12:58:31 - [MESSAGE][PASSED] - Delayed 2 second(s)

2018-12-05 12:58:31 - [TEST_STEP][PASSED] - setText: Text 'Test1@3456789' is set on object 'Object Repository/Final Object Repo/New Registration - Registration Module Pages/New Reg - OTC to RO/Special Case - All Related Objects/Password TextBox'

2018-12-05 12:58:31 - [MESSAGE][PASSED] - Text 'Test1@3456789' is set on object 'Object Repository/Final Object Repo/New Registration - Registration Module Pages/New Reg - OTC to RO/Special Case - All Related Objects/Password TextBox'

2018-12-05 12:58:31 - [TEST_STEP][PASSED] - delay: Delayed 2 second(s)

2018-12-05 12:58:33 - [MESSAGE][PASSED] - Delayed 2 second(s)

2018-12-05 12:58:33 - [TEST_STEP][PASSED] - click: Object: 'Object Repository/Final Object Repo/New Registration - Registration Module Pages/New Reg - OTC to RO/Special Case - All Related Objects/Login Button' is clicked on

2018-12-05 12:58:33 - [MESSAGE][PASSED] - Object: 'Object Repository/Final Object Repo/New Registration - Registration Module Pages/New Reg - OTC to RO/Special Case - All Related Objects/Login Button' is clicked on

2018-12-05 12:58:33 - [TEST_STEP][PASSED] - delay: Delayed 2 second(s)

2018-12-05 12:58:35 - [MESSAGE][PASSED] - Delayed 2 second(s)

2018-12-05 12:58:35 - [TEST_STEP][PASSED] - Statement - Try: null

2018-12-05 12:58:35 - [TEST_STEP][PASSED] - Statement - Checker = com.kms.katalon.core.webui.keyword.WebUiBuiltInKeywords.verifyElementNotPresent("Final Object Repo/Landing Page/Select to English", 3): null

2018-12-05 12:58:35 - [TEST_STEP][PASSED] - Statement - Catch (Exception e): null

2018-12-05 12:58:35 - [TEST_STEP][PASSED] - Statement - e.printStackTrace(): null

2018-12-05 12:58:35 - [TEST_STEP][PASSED] - click: Object: 'Object Repository/Final Object Repo/New Registration - Registration Module Pages/New Reg - OTC to RO/Special Case - All Related Objects/Expand to Search' is clicked on

2018-12-05 12:58:36 - [MESSAGE][PASSED] - Object: 'Object Repository/Final Object Repo/New Registration - Registration Module Pages/New Reg - OTC to RO/Special Case - All Related Objects/Expand to Search' is clicked on

2018-12-05 12:58:36 - [TEST_STEP][PASSED] - delay: Delayed 2 second(s)

2018-12-05 12:58:38 - [MESSAGE][PASSED] - Delayed 2 second(s)

2018-12-05 12:58:38 - [TEST_STEP][PASSED] - setText: Text 'CRN12201800123008' is set on object 'Object Repository/Final Object Repo/New Registration - Registration Module Pages/New Reg - OTC to RO/Special Case - All Related Objects/TextBox RefNo in Workbasket'

2018-12-05 12:58:39 - [MESSAGE][PASSED] - Text 'CRN12201800123008' is set on object 'Object Repository/Final Object Repo/New Registration - Registration Module Pages/New Reg - OTC to RO/Special Case - All Related Objects/TextBox RefNo in Workbasket'

2018-12-05 12:58:39 - [TEST_STEP][PASSED] - delay: Delayed 2 second(s)

2018-12-05 12:58:41 - [MESSAGE][PASSED] - Delayed 2 second(s)

2018-12-05 12:58:41 - [TEST_STEP][PASSED] - click: Object: 'Object Repository/Final Object Repo/New Registration - Registration Module Pages/New Reg - OTC to RO/Special Case - All Related Objects/Click Search' is clicked on

2018-12-05 12:58:41 - [MESSAGE][PASSED] - Object: 'Object Repository/Final Object Repo/New Registration - Registration Module Pages/New Reg - OTC to RO/Special Case - All Related Objects/Click Search' is clicked on

2018-12-05 12:58:41 - [TEST_STEP][PASSED] - delay: Delayed 2 second(s)

2018-12-05 12:58:43 - [MESSAGE][PASSED] - Delayed 2 second(s)

2018-12-05 12:58:43 - [TEST_STEP][PASSED] - click: Object: 'Object Repository/Final Object Repo/New Registration - Registration Module Pages/New Reg - OTC to RO/Special Case - All Related Objects/Click to Continue Workflow' is clicked on

2018-12-05 12:58:48 - [MESSAGE][PASSED] - Object: 'Object Repository/Final Object Repo/New Registration - Registration Module Pages/New Reg - OTC to RO/Special Case - All Related Objects/Click to Continue Workflow' is clicked on

2018-12-05 12:58:48 - [TEST_STEP][PASSED] - delay: Delayed 2 second(s)

2018-12-05 12:58:50 - [MESSAGE][PASSED] - Delayed 2 second(s)

2018-12-05 12:58:50 - [TEST_STEP][PASSED] - click: Object: 'Object Repository/Final Object Repo/New Registration - Registration Module Pages/New Reg - OTC to RO/Special Case - All Related Objects/Form 1 Save n Continue' is clicked on

2018-12-05 12:58:51 - [MESSAGE][PASSED] - Object: 'Object Repository/Final Object Repo/New Registration - Registration Module Pages/New Reg - OTC to RO/Special Case - All Related Objects/Form 1 Save n Continue' is clicked on

2018-12-05 12:58:51 - [TEST_STEP][PASSED] - delay: Delayed 5 second(s)

2018-12-05 12:58:56 - [MESSAGE][PASSED] - Delayed 5 second(s)

2018-12-05 12:58:56 - [TEST_STEP][PASSED] - click: Object: 'Object Repository/Final Object Repo/New Registration - Registration Module Pages/New Reg - OTC to RO/Special Case - OTC - Form 1/Confirm No Flagging as Branch' is clicked on

2018-12-05 12:58:56 - [MESSAGE][PASSED] - Object: 'Object Repository/Final Object Repo/New Registration - Registration Module Pages/New Reg - OTC to RO/Special Case - OTC - Form 1/Confirm No Flagging as Branch' is clicked on

2018-12-05 12:58:56 - [TEST_STEP][PASSED] - delay: Delayed 2 second(s)

2018-12-05 12:58:58 - [MESSAGE][PASSED] - Delayed 2 second(s)

2018-12-05 12:58:58 - [TEST_STEP][PASSED] - click: Object: 'Object Repository/Final Object Repo/New Registration - Registration Module Pages/New Reg - OTC to RO/Special Case - All Related Objects/Form 2 Save n Continue' is clicked on

2018-12-05 12:58:58 - [MESSAGE][PASSED] - Object: 'Object Repository/Final Object Repo/New Registration - Registration Module Pages/New Reg - OTC to RO/Special Case - All Related Objects/Form 2 Save n Continue' is clicked on

2018-12-05 12:58:58 - [TEST_STEP][PASSED] - delay: Delayed 2 second(s)

2018-12-05 12:59:00 - [MESSAGE][PASSED] - Delayed 2 second(s)

2018-12-05 12:59:00 - [TEST_STEP][PASSED] - click: Object: 'Object Repository/Final Object Repo/New Registration - Registration Module Pages/New Reg - OTC to RO/Special Case - All Related Objects/Third Screen Save n Continue' is clicked on

2018-12-05 12:59:06 - [MESSAGE][PASSED] - Object: 'Object Repository/Final Object Repo/New Registration - Registration Module Pages/New Reg - OTC to RO/Special Case - All Related Objects/Third Screen Save n Continue' is clicked on

2018-12-05 12:59:06 - [TEST_STEP][PASSED] - delay: Delayed 5 second(s)

2018-12-05 12:59:11 - [MESSAGE][PASSED] - Delayed 5 second(s)

2018-12-05 12:59:11 - [TEST_STEP][PASSED] - click: Object: 'Object Repository/Final Object Repo/New Registration - Registration Module Pages/New Reg - OTC to RO/Special Case - All Related Objects/Upload Doc Page Save n Continue' is clicked on

2018-12-05 12:59:11 - [MESSAGE][PASSED] - Object: 'Object Repository/Final Object Repo/New Registration - Registration Module Pages/New Reg - OTC to RO/Special Case - All Related Objects/Upload Doc Page Save n Continue' is clicked on

2018-12-05 12:59:11 - [TEST_STEP][PASSED] - callTestCase: Call Test Case 'Test Cases/Final Aug 2018 - PKS Automation/Registration Module/New Registration/Submit and Screenshot/Submit Registration and Screenshot' successfully

2018-12-05 12:59:11 - [TEST_CASE][PASSED] - Test Cases/Final Aug 2018 - PKS Automation/Registration Module/New Registration/Submit and Screenshot/Submit Registration and Screenshot: Test Cases/Final Aug 2018 - PKS Automation/Registration Module/New Registration/Submit and Screenshot/Submit Registration and Screenshot

2018-12-05 12:59:11 - [TEST_STEP][PASSED] - delay: Delayed 6 second(s)

2018-12-05 12:59:17 - [MESSAGE][PASSED] - Delayed 6 second(s)

2018-12-05 12:59:17 - [TEST_STEP][PASSED] - click: Object: 'Object Repository/Final Object Repo/New Registration - Registration Module Pages/Third Screen - Upload Supporting Doc- Preview/Preview Submit Button' is clicked on

2018-12-05 12:59:17 - [MESSAGE][PASSED] - Object: 'Object Repository/Final Object Repo/New Registration - Registration Module Pages/Third Screen - Upload Supporting Doc- Preview/Preview Submit Button' is clicked on

2018-12-05 12:59:17 - [TEST_STEP][PASSED] - delay: Delayed 2 second(s)

2018-12-05 12:59:19 - [MESSAGE][PASSED] - Delayed 2 second(s)

2018-12-05 12:59:19 - [TEST_STEP][PASSED] - click: Object: 'Object Repository/Final Object Repo/New Registration - Registration Module Pages/Third Screen - Upload Supporting Doc- Preview/Preview Submit - Confirm' is clicked on

2018-12-05 12:59:19 - [MESSAGE][PASSED] - Object: 'Object Repository/Final Object Repo/New Registration - Registration Module Pages/Third Screen - Upload Supporting Doc- Preview/Preview Submit - Confirm' is clicked on

2018-12-05 12:59:19 - [TEST_STEP][PASSED] - delay: Delayed 15 second(s)

2018-12-05 12:59:34 - [MESSAGE][PASSED] - Delayed 15 second(s)

2018-12-05 12:59:34 - [TEST_STEP][PASSED] - Statement - driver = com.kms.katalon.core.webui.driver.DriverFactory.getWebDriver(): null

2018-12-05 12:59:34 - [TEST_STEP][PASSED] - Statement - driver.manage().timeouts().implicitlyWait(10, SECONDS): null

2018-12-05 12:59:34 - [TEST_STEP][PASSED] - Statement - PresavePath = KatalonScreenshots: null

2018-12-05 12:59:34 - [TEST_STEP][PASSED] - Statement - pathPrefix = "C:\Users\Public\Pictures\Sample Pictures\Katalon Screenshots\Automate Ending Screen": null

2018-12-05 12:59:34 - [TEST_STEP][PASSED] - Statement - finalPath = <not implemented yet for class: org.codehaus.groovy.ast.expr.EmptyExpression>: null

2018-12-05 12:59:34 - [TEST_STEP][PASSED] - Statement - scrFile = driver.getScreenshotAs(FILE): null

2018-12-05 12:59:35 - [TEST_STEP][PASSED] - Statement - PreSaveFile = new java.io.File(PresavePath): null

2018-12-05 12:59:35 - [TEST_STEP][PASSED] - Statement - counter = 0: null

2018-12-05 12:59:35 - [TEST_STEP][PASSED] - Statement - If (PreSaveFile.exists()): null

2018-12-05 12:59:35 - [TEST_STEP][PASSED] - Statement - While (PreSaveFile.exists()): null

2018-12-05 12:59:35 - [TEST_STEP][PASSED] - Statement - counter = counter + 1: null

2018-12-05 12:59:35 - [TEST_STEP][PASSED] - Statement - PreSaveFile = new java.io.File(((pathPrefix + java.lang.Integer.toString(counter)) + .png)): null

2018-12-05 12:59:35 - [TEST_STEP][PASSED] - Statement - counter = counter + 1: null

2018-12-05 12:59:35 - [TEST_STEP][PASSED] - Statement - PreSaveFile = new java.io.File(((pathPrefix + java.lang.Integer.toString(counter)) + .png)): null

2018-12-05 12:59:35 - [TEST_STEP][PASSED] - Statement - counter = counter + 1: null

2018-12-05 12:59:35 - [TEST_STEP][PASSED] - Statement - PreSaveFile = new java.io.File(((pathPrefix + java.lang.Integer.toString(counter)) + .png)): null

2018-12-05 12:59:35 - [TEST_STEP][PASSED] - Statement - counter = counter + 1: null

2018-12-05 12:59:35 - [TEST_STEP][PASSED] - Statement - PreSaveFile = new java.io.File(((pathPrefix + java.lang.Integer.toString(counter)) + .png)): null

2018-12-05 12:59:35 - [TEST_STEP][PASSED] - Statement - counter = counter + 1: null

2018-12-05 12:59:35 - [TEST_STEP][PASSED] - Statement - PreSaveFile = new java.io.File(((pathPrefix + java.lang.Integer.toString(counter)) + .png)): null

2018-12-05 12:59:35 - [TEST_STEP][PASSED] - Statement - counter = counter + 1: null

2018-12-05 12:59:35 - [TEST_STEP][PASSED] - Statement - PreSaveFile = new java.io.File(((pathPrefix + java.lang.Integer.toString(counter)) + .png)): null

2018-12-05 12:59:35 - [TEST_STEP][PASSED] - Statement - counter = counter + 1: null

2018-12-05 12:59:35 - [TEST_STEP][PASSED] - Statement - PreSaveFile = new java.io.File(((pathPrefix + java.lang.Integer.toString(counter)) + .png)): null

2018-12-05 12:59:35 - [TEST_STEP][PASSED] - Statement - counter = counter + 1: null

2018-12-05 12:59:35 - [TEST_STEP][PASSED] - Statement - PreSaveFile = new java.io.File(((pathPrefix + java.lang.Integer.toString(counter)) + .png)): null

2018-12-05 12:59:35 - [TEST_STEP][PASSED] - Statement - counter = counter + 1: null

2018-12-05 12:59:35 - [TEST_STEP][PASSED] - Statement - PreSaveFile = new java.io.File(((pathPrefix + java.lang.Integer.toString(counter)) + .png)): null

2018-12-05 12:59:35 - [TEST_STEP][PASSED] - Statement - counter = counter + 1: null

2018-12-05 12:59:35 - [TEST_STEP][PASSED] - Statement - PreSaveFile = new java.io.File(((pathPrefix + java.lang.Integer.toString(counter)) + .png)): null

2018-12-05 12:59:35 - [TEST_STEP][PASSED] - Statement - counter = counter + 1: null

2018-12-05 12:59:35 - [TEST_STEP][PASSED] - Statement - PreSaveFile = new java.io.File(((pathPrefix + java.lang.Integer.toString(counter)) + .png)): null

2018-12-05 12:59:35 - [TEST_STEP][PASSED] - Statement - counter = counter + 1: null

2018-12-05 12:59:35 - [TEST_STEP][PASSED] - Statement - PreSaveFile = new java.io.File(((pathPrefix + java.lang.Integer.toString(counter)) + .png)): null

2018-12-05 12:59:35 - [TEST_STEP][PASSED] - Statement - counter = counter + 1: null

2018-12-05 12:59:35 - [TEST_STEP][PASSED] - Statement - PreSaveFile = new java.io.File(((pathPrefix + java.lang.Integer.toString(counter)) + .png)): null

2018-12-05 12:59:35 - [TEST_STEP][PASSED] - Statement - counter = counter + 1: null

2018-12-05 12:59:35 - [TEST_STEP][PASSED] - Statement - PreSaveFile = new java.io.File(((pathPrefix + java.lang.Integer.toString(counter)) + .png)): null

2018-12-05 12:59:35 - [TEST_STEP][PASSED] - Statement - counter = counter + 1: null

2018-12-05 12:59:35 - [TEST_STEP][PASSED] - Statement - PreSaveFile = new java.io.File(((pathPrefix + java.lang.Integer.toString(counter)) + .png)): null

2018-12-05 12:59:35 - [TEST_STEP][PASSED] - Statement - counter = counter + 1: null

2018-12-05 12:59:35 - [TEST_STEP][PASSED] - Statement - PreSaveFile = new java.io.File(((pathPrefix + java.lang.Integer.toString(counter)) + .png)): null

2018-12-05 12:59:35 - [TEST_STEP][PASSED] - Statement - counter = counter + 1: null

2018-12-05 12:59:35 - [TEST_STEP][PASSED] - Statement - PreSaveFile = new java.io.File(((pathPrefix + java.lang.Integer.toString(counter)) + .png)): null

2018-12-05 12:59:35 - [TEST_STEP][PASSED] - Statement - counter = counter + 1: null

2018-12-05 12:59:35 - [TEST_STEP][PASSED] - Statement - PreSaveFile = new java.io.File(((pathPrefix + java.lang.Integer.toString(counter)) + .png)): null

2018-12-05 12:59:35 - [TEST_STEP][PASSED] - Statement - counter = counter + 1: null

2018-12-05 12:59:35 - [TEST_STEP][PASSED] - Statement - PreSaveFile = new java.io.File(((pathPrefix + java.lang.Integer.toString(counter)) + .png)): null

2018-12-05 12:59:35 - [TEST_STEP][PASSED] - Statement - counter = counter + 1: null

2018-12-05 12:59:35 - [TEST_STEP][PASSED] - Statement - PreSaveFile = new java.io.File(((pathPrefix + java.lang.Integer.toString(counter)) + .png)): null

2018-12-05 12:59:35 - [TEST_STEP][PASSED] - Statement - counter = counter + 1: null

2018-12-05 12:59:35 - [TEST_STEP][PASSED] - Statement - PreSaveFile = new java.io.File(((pathPrefix + java.lang.Integer.toString(counter)) + .png)): null

2018-12-05 12:59:35 - [TEST_STEP][PASSED] - Statement - counter = counter + 1: null

2018-12-05 12:59:35 - [TEST_STEP][PASSED] - Statement - PreSaveFile = new java.io.File(((pathPrefix + java.lang.Integer.toString(counter)) + .png)): null

2018-12-05 12:59:35 - [TEST_STEP][PASSED] - Statement - counter = counter + 1: null

2018-12-05 12:59:35 - [TEST_STEP][PASSED] - Statement - PreSaveFile = new java.io.File(((pathPrefix + java.lang.Integer.toString(counter)) + .png)): null

2018-12-05 12:59:35 - [TEST_STEP][PASSED] - Statement - counter = counter + 1: null

2018-12-05 12:59:35 - [TEST_STEP][PASSED] - Statement - PreSaveFile = new java.io.File(((pathPrefix + java.lang.Integer.toString(counter)) + .png)): null

2018-12-05 12:59:36 - [TEST_STEP][PASSED] - Statement - counter = counter + 1: null

2018-12-05 12:59:36 - [TEST_STEP][PASSED] - Statement - PreSaveFile = new java.io.File(((pathPrefix + java.lang.Integer.toString(counter)) + .png)): null

2018-12-05 12:59:36 - [TEST_STEP][PASSED] - Statement - counter = counter + 1: null

2018-12-05 12:59:36 - [TEST_STEP][PASSED] - Statement - PreSaveFile = new java.io.File(((pathPrefix + java.lang.Integer.toString(counter)) + .png)): null

2018-12-05 12:59:36 - [TEST_STEP][PASSED] - Statement - counter = counter + 1: null

2018-12-05 12:59:36 - [TEST_STEP][PASSED] - Statement - PreSaveFile = new java.io.File(((pathPrefix + java.lang.Integer.toString(counter)) + .png)): null

2018-12-05 12:59:36 - [TEST_STEP][PASSED] - Statement - counter = counter + 1: null

2018-12-05 12:59:36 - [TEST_STEP][PASSED] - Statement - PreSaveFile = new java.io.File(((pathPrefix + java.lang.Integer.toString(counter)) + .png)): null

2018-12-05 12:59:36 - [TEST_STEP][PASSED] - Statement - counter = counter + 1: null

2018-12-05 12:59:36 - [TEST_STEP][PASSED] - Statement - PreSaveFile = new java.io.File(((pathPrefix + java.lang.Integer.toString(counter)) + .png)): null

2018-12-05 12:59:36 - [TEST_STEP][PASSED] - Statement - counter = counter + 1: null

2018-12-05 12:59:36 - [TEST_STEP][PASSED] - Statement - PreSaveFile = new java.io.File(((pathPrefix + java.lang.Integer.toString(counter)) + .png)): null

2018-12-05 12:59:36 - [TEST_STEP][PASSED] - Statement - counter = counter + 1: null

2018-12-05 12:59:36 - [TEST_STEP][PASSED] - Statement - PreSaveFile = new java.io.File(((pathPrefix + java.lang.Integer.toString(counter)) + .png)): null

2018-12-05 12:59:36 - [TEST_STEP][PASSED] - Statement - counter = counter + 1: null

2018-12-05 12:59:36 - [TEST_STEP][PASSED] - Statement - PreSaveFile = new java.io.File(((pathPrefix + java.lang.Integer.toString(counter)) + .png)): null

2018-12-05 12:59:36 - [TEST_STEP][PASSED] - Statement - counter = counter + 1: null

2018-12-05 12:59:36 - [TEST_STEP][PASSED] - Statement - PreSaveFile = new java.io.File(((pathPrefix + java.lang.Integer.toString(counter)) + .png)): null

2018-12-05 12:59:36 - [TEST_STEP][PASSED] - Statement - counter = counter + 1: null

2018-12-05 12:59:36 - [TEST_STEP][PASSED] - Statement - PreSaveFile = new java.io.File(((pathPrefix + java.lang.Integer.toString(counter)) + .png)): null

2018-12-05 12:59:36 - [TEST_STEP][PASSED] - Statement - counter = counter + 1: null

2018-12-05 12:59:36 - [TEST_STEP][PASSED] - Statement - PreSaveFile = new java.io.File(((pathPrefix + java.lang.Integer.toString(counter)) + .png)): null

2018-12-05 12:59:36 - [TEST_STEP][PASSED] - Statement - counter = counter + 1: null

2018-12-05 12:59:36 - [TEST_STEP][PASSED] - Statement - PreSaveFile = new java.io.File(((pathPrefix + java.lang.Integer.toString(counter)) + .png)): null

2018-12-05 12:59:36 - [TEST_STEP][PASSED] - Statement - counter = counter + 1: null

2018-12-05 12:59:36 - [TEST_STEP][PASSED] - Statement - PreSaveFile = new java.io.File(((pathPrefix + java.lang.Integer.toString(counter)) + .png)): null

2018-12-05 12:59:36 - [TEST_STEP][PASSED] - Statement - counter = counter + 1: null

2018-12-05 12:59:36 - [TEST_STEP][PASSED] - Statement - PreSaveFile = new java.io.File(((pathPrefix + java.lang.Integer.toString(counter)) + .png)): null

2018-12-05 12:59:36 - [TEST_STEP][PASSED] - Statement - counter = counter + 1: null

2018-12-05 12:59:36 - [TEST_STEP][PASSED] - Statement - PreSaveFile = new java.io.File(((pathPrefix + java.lang.Integer.toString(counter)) + .png)): null

2018-12-05 12:59:36 - [TEST_STEP][PASSED] - Statement - counter = counter + 1: null

2018-12-05 12:59:36 - [TEST_STEP][PASSED] - Statement - PreSaveFile = new java.io.File(((pathPrefix + java.lang.Integer.toString(counter)) + .png)): null

2018-12-05 12:59:36 - [TEST_STEP][PASSED] - Statement - counter = counter + 1: null

2018-12-05 12:59:36 - [TEST_STEP][PASSED] - Statement - PreSaveFile = new java.io.File(((pathPrefix + java.lang.Integer.toString(counter)) + .png)): null

2018-12-05 12:59:36 - [TEST_STEP][PASSED] - Statement - counter = counter + 1: null

2018-12-05 12:59:36 - [TEST_STEP][PASSED] - Statement - PreSaveFile = new java.io.File(((pathPrefix + java.lang.Integer.toString(counter)) + .png)): null

2018-12-05 12:59:37 - [TEST_STEP][PASSED] - Statement - counter = counter + 1: null

2018-12-05 12:59:37 - [TEST_STEP][PASSED] - Statement - PreSaveFile = new java.io.File(((pathPrefix + java.lang.Integer.toString(counter)) + .png)): null

2018-12-05 12:59:37 - [TEST_STEP][PASSED] - Statement - counter = counter + 1: null

2018-12-05 12:59:37 - [TEST_STEP][PASSED] - Statement - PreSaveFile = new java.io.File(((pathPrefix + java.lang.Integer.toString(counter)) + .png)): null

2018-12-05 12:59:37 - [TEST_STEP][PASSED] - Statement - counter = counter + 1: null

2018-12-05 12:59:37 - [TEST_STEP][PASSED] - Statement - PreSaveFile = new java.io.File(((pathPrefix + java.lang.Integer.toString(counter)) + .png)): null

2018-12-05 12:59:37 - [TEST_STEP][PASSED] - Statement - counter = counter + 1: null

2018-12-05 12:59:37 - [TEST_STEP][PASSED] - Statement - PreSaveFile = new java.io.File(((pathPrefix + java.lang.Integer.toString(counter)) + .png)): null

2018-12-05 12:59:37 - [TEST_STEP][PASSED] - Statement - counter = counter + 1: null

2018-12-05 12:59:37 - [TEST_STEP][PASSED] - Statement - PreSaveFile = new java.io.File(((pathPrefix + java.lang.Integer.toString(counter)) + .png)): null

2018-12-05 12:59:37 - [TEST_STEP][PASSED] - Statement - counter = counter + 1: null

2018-12-05 12:59:37 - [TEST_STEP][PASSED] - Statement - PreSaveFile = new java.io.File(((pathPrefix + java.lang.Integer.toString(counter)) + .png)): null

2018-12-05 12:59:37 - [TEST_STEP][PASSED] - Statement - counter = counter + 1: null

2018-12-05 12:59:37 - [TEST_STEP][PASSED] - Statement - PreSaveFile = new java.io.File(((pathPrefix + java.lang.Integer.toString(counter)) + .png)): null

2018-12-05 12:59:37 - [TEST_STEP][PASSED] - Statement - counter = counter + 1: null

2018-12-05 12:59:37 - [TEST_STEP][PASSED] - Statement - PreSaveFile = new java.io.File(((pathPrefix + java.lang.Integer.toString(counter)) + .png)): null

2018-12-05 12:59:37 - [TEST_STEP][PASSED] - Statement - counter = counter + 1: null

2018-12-05 12:59:37 - [TEST_STEP][PASSED] - Statement - PreSaveFile = new java.io.File(((pathPrefix + java.lang.Integer.toString(counter)) + .png)): null

2018-12-05 12:59:37 - [TEST_STEP][PASSED] - Statement - counter = counter + 1: null

2018-12-05 12:59:37 - [TEST_STEP][PASSED] - Statement - PreSaveFile = new java.io.File(((pathPrefix + java.lang.Integer.toString(counter)) + .png)): null

2018-12-05 12:59:37 - [TEST_STEP][PASSED] - Statement - counter = counter + 1: null

2018-12-05 12:59:37 - [TEST_STEP][PASSED] - Statement - PreSaveFile = new java.io.File(((pathPrefix + java.lang.Integer.toString(counter)) + .png)): null

2018-12-05 12:59:37 - [TEST_STEP][PASSED] - Statement - counter = counter + 1: null

2018-12-05 12:59:37 - [TEST_STEP][PASSED] - Statement - PreSaveFile = new java.io.File(((pathPrefix + java.lang.Integer.toString(counter)) + .png)): null

2018-12-05 12:59:37 - [TEST_STEP][PASSED] - Statement - counter = counter + 1: null

2018-12-05 12:59:37 - [TEST_STEP][PASSED] - Statement - PreSaveFile = new java.io.File(((pathPrefix + java.lang.Integer.toString(counter)) + .png)): null

2018-12-05 12:59:37 - [TEST_STEP][PASSED] - Statement - counter = counter + 1: null

2018-12-05 12:59:37 - [TEST_STEP][PASSED] - Statement - PreSaveFile = new java.io.File(((pathPrefix + java.lang.Integer.toString(counter)) + .png)): null

2018-12-05 12:59:37 - [TEST_STEP][PASSED] - Statement - counter = counter + 1: null

2018-12-05 12:59:38 - [TEST_STEP][PASSED] - Statement - PreSaveFile = new java.io.File(((pathPrefix + java.lang.Integer.toString(counter)) + .png)): null

2018-12-05 12:59:38 - [TEST_STEP][PASSED] - Statement - counter = counter + 1: null

2018-12-05 12:59:38 - [TEST_STEP][PASSED] - Statement - PreSaveFile = new java.io.File(((pathPrefix + java.lang.Integer.toString(counter)) + .png)): null

2018-12-05 12:59:38 - [TEST_STEP][PASSED] - Statement - counter = counter + 1: null

2018-12-05 12:59:38 - [TEST_STEP][PASSED] - Statement - PreSaveFile = new java.io.File(((pathPrefix + java.lang.Integer.toString(counter)) + .png)): null

2018-12-05 12:59:38 - [TEST_STEP][PASSED] - Statement - counter = counter + 1: null

2018-12-05 12:59:38 - [TEST_STEP][PASSED] - Statement - PreSaveFile = new java.io.File(((pathPrefix + java.lang.Integer.toString(counter)) + .png)): null

2018-12-05 12:59:38 - [TEST_STEP][PASSED] - Statement - counter = counter + 1: null

2018-12-05 12:59:38 - [TEST_STEP][PASSED] - Statement - PreSaveFile = new java.io.File(((pathPrefix + java.lang.Integer.toString(counter)) + .png)): null

2018-12-05 12:59:38 - [TEST_STEP][PASSED] - Statement - counter = counter + 1: null

2018-12-05 12:59:38 - [TEST_STEP][PASSED] - Statement - PreSaveFile = new java.io.File(((pathPrefix + java.lang.Integer.toString(counter)) + .png)): null

2018-12-05 12:59:38 - [TEST_STEP][PASSED] - Statement - counter = counter + 1: null

2018-12-05 12:59:38 - [TEST_STEP][PASSED] - Statement - PreSaveFile = new java.io.File(((pathPrefix + java.lang.Integer.toString(counter)) + .png)): null

2018-12-05 12:59:38 - [TEST_STEP][PASSED] - Statement - counter = counter + 1: null

2018-12-05 12:59:38 - [TEST_STEP][PASSED] - Statement - PreSaveFile = new java.io.File(((pathPrefix + java.lang.Integer.toString(counter)) + .png)): null

2018-12-05 12:59:38 - [TEST_STEP][PASSED] - Statement - counter = counter + 1: null

2018-12-05 12:59:38 - [TEST_STEP][PASSED] - Statement - PreSaveFile = new java.io.File(((pathPrefix + java.lang.Integer.toString(counter)) + .png)): null

2018-12-05 12:59:38 - [TEST_STEP][PASSED] - Statement - counter = counter + 1: null

2018-12-05 12:59:38 - [TEST_STEP][PASSED] - Statement - PreSaveFile = new java.io.File(((pathPrefix + java.lang.Integer.toString(counter)) + .png)): null

2018-12-05 12:59:38 - [TEST_STEP][PASSED] - Statement - counter = counter + 1: null

2018-12-05 12:59:38 - [TEST_STEP][PASSED] - Statement - PreSaveFile = new java.io.File(((pathPrefix + java.lang.Integer.toString(counter)) + .png)): null

2018-12-05 12:59:38 - [TEST_STEP][PASSED] - Statement - counter = counter + 1: null

2018-12-05 12:59:38 - [TEST_STEP][PASSED] - Statement - PreSaveFile = new java.io.File(((pathPrefix + java.lang.Integer.toString(counter)) + .png)): null

2018-12-05 12:59:38 - [TEST_STEP][PASSED] - Statement - counter = counter + 1: null

2018-12-05 12:59:38 - [TEST_STEP][PASSED] - Statement - PreSaveFile = new java.io.File(((pathPrefix + java.lang.Integer.toString(counter)) + .png)): null

2018-12-05 12:59:38 - [TEST_STEP][PASSED] - Statement - counter = counter + 1: null

2018-12-05 12:59:38 - [TEST_STEP][PASSED] - Statement - PreSaveFile = new java.io.File(((pathPrefix + java.lang.Integer.toString(counter)) + .png)): null

2018-12-05 12:59:38 - [TEST_STEP][PASSED] - Statement - counter = counter + 1: null

2018-12-05 12:59:39 - [TEST_STEP][PASSED] - Statement - PreSaveFile = new java.io.File(((pathPrefix + java.lang.Integer.toString(counter)) + .png)): null

2018-12-05 12:59:39 - [TEST_STEP][PASSED] - Statement - counter = counter + 1: null

2018-12-05 12:59:39 - [TEST_STEP][PASSED] - Statement - PreSaveFile = new java.io.File(((pathPrefix + java.lang.Integer.toString(counter)) + .png)): null

2018-12-05 12:59:39 - [TEST_STEP][PASSED] - Statement - counter = counter + 1: null

2018-12-05 12:59:39 - [TEST_STEP][PASSED] - Statement - PreSaveFile = new java.io.File(((pathPrefix + java.lang.Integer.toString(counter)) + .png)): null

2018-12-05 12:59:39 - [TEST_STEP][PASSED] - Statement - counter = counter + 1: null

2018-12-05 12:59:39 - [TEST_STEP][PASSED] - Statement - PreSaveFile = new java.io.File(((pathPrefix + java.lang.Integer.toString(counter)) + .png)): null

2018-12-05 12:59:39 - [TEST_STEP][PASSED] - Statement - counter = counter + 1: null

2018-12-05 12:59:39 - [TEST_STEP][PASSED] - Statement - PreSaveFile = new java.io.File(((pathPrefix + java.lang.Integer.toString(counter)) + .png)): null

2018-12-05 12:59:39 - [TEST_STEP][PASSED] - Statement - counter = counter + 1: null

2018-12-05 12:59:39 - [TEST_STEP][PASSED] - Statement - PreSaveFile = new java.io.File(((pathPrefix + java.lang.Integer.toString(counter)) + .png)): null

2018-12-05 12:59:39 - [TEST_STEP][PASSED] - Statement - counter = counter + 1: null

2018-12-05 12:59:39 - [TEST_STEP][PASSED] - Statement - PreSaveFile = new java.io.File(((pathPrefix + java.lang.Integer.toString(counter)) + .png)): null

2018-12-05 12:59:39 - [TEST_STEP][PASSED] - Statement - counter = counter + 1: null

2018-12-05 12:59:39 - [TEST_STEP][PASSED] - Statement - PreSaveFile = new java.io.File(((pathPrefix + java.lang.Integer.toString(counter)) + .png)): null

2018-12-05 12:59:39 - [TEST_STEP][PASSED] - Statement - counter = counter + 1: null

2018-12-05 12:59:39 - [TEST_STEP][PASSED] - Statement - PreSaveFile = new java.io.File(((pathPrefix + java.lang.Integer.toString(counter)) + .png)): null

2018-12-05 12:59:39 - [TEST_STEP][PASSED] - Statement - counter = counter + 1: null

2018-12-05 12:59:39 - [TEST_STEP][PASSED] - Statement - PreSaveFile = new java.io.File(((pathPrefix + java.lang.Integer.toString(counter)) + .png)): null

2018-12-05 12:59:39 - [TEST_STEP][PASSED] - Statement - counter = counter + 1: null

2018-12-05 12:59:39 - [TEST_STEP][PASSED] - Statement - PreSaveFile = new java.io.File(((pathPrefix + java.lang.Integer.toString(counter)) + .png)): null

2018-12-05 12:59:39 - [TEST_STEP][PASSED] - Statement - counter = counter + 1: null

2018-12-05 12:59:39 - [TEST_STEP][PASSED] - Statement - PreSaveFile = new java.io.File(((pathPrefix + java.lang.Integer.toString(counter)) + .png)): null

2018-12-05 12:59:39 - [TEST_STEP][PASSED] - Statement - counter = counter + 1: null

2018-12-05 12:59:39 - [TEST_STEP][PASSED] - Statement - PreSaveFile = new java.io.File(((pathPrefix + java.lang.Integer.toString(counter)) + .png)): null

2018-12-05 12:59:39 - [TEST_STEP][PASSED] - Statement - counter = counter + 1: null

2018-12-05 12:59:39 - [TEST_STEP][PASSED] - Statement - PreSaveFile = new java.io.File(((pathPrefix + java.lang.Integer.toString(counter)) + .png)): null

2018-12-05 12:59:39 - [TEST_STEP][PASSED] - Statement - counter = counter + 1: null

2018-12-05 12:59:39 - [TEST_STEP][PASSED] - Statement - PreSaveFile = new java.io.File(((pathPrefix + java.lang.Integer.toString(counter)) + .png)): null

2018-12-05 12:59:40 - [TEST_STEP][PASSED] - Statement - counter = counter + 1: null

2018-12-05 12:59:40 - [TEST_STEP][PASSED] - Statement - PreSaveFile = new java.io.File(((pathPrefix + java.lang.Integer.toString(counter)) + .png)): null

2018-12-05 12:59:40 - [TEST_STEP][PASSED] - Statement - counter = counter + 1: null

2018-12-05 12:59:40 - [TEST_STEP][PASSED] - Statement - PreSaveFile = new java.io.File(((pathPrefix + java.lang.Integer.toString(counter)) + .png)): null

2018-12-05 12:59:40 - [TEST_STEP][PASSED] - Statement - counter = counter + 1: null

2018-12-05 12:59:40 - [TEST_STEP][PASSED] - Statement - PreSaveFile = new java.io.File(((pathPrefix + java.lang.Integer.toString(counter)) + .png)): null

2018-12-05 12:59:40 - [TEST_STEP][PASSED] - Statement - counter = counter + 1: null

2018-12-05 12:59:40 - [TEST_STEP][PASSED] - Statement - PreSaveFile = new java.io.File(((pathPrefix + java.lang.Integer.toString(counter)) + .png)): null

2018-12-05 12:59:40 - [TEST_STEP][PASSED] - Statement - counter = counter + 1: null

2018-12-05 12:59:40 - [TEST_STEP][PASSED] - Statement - PreSaveFile = new java.io.File(((pathPrefix + java.lang.Integer.toString(counter)) + .png)): null

2018-12-05 12:59:40 - [TEST_STEP][PASSED] - Statement - counter = counter + 1: null

2018-12-05 12:59:40 - [TEST_STEP][PASSED] - Statement - PreSaveFile = new java.io.File(((pathPrefix + java.lang.Integer.toString(counter)) + .png)): null

2018-12-05 12:59:40 - [TEST_STEP][PASSED] - Statement - counter = counter + 1: null

2018-12-05 12:59:40 - [TEST_STEP][PASSED] - Statement - PreSaveFile = new java.io.File(((pathPrefix + java.lang.Integer.toString(counter)) + .png)): null

2018-12-05 12:59:40 - [TEST_STEP][PASSED] - Statement - counter = counter + 1: null

2018-12-05 12:59:40 - [TEST_STEP][PASSED] - Statement - PreSaveFile = new java.io.File(((pathPrefix + java.lang.Integer.toString(counter)) + .png)): null

2018-12-05 12:59:40 - [TEST_STEP][PASSED] - Statement - counter = counter + 1: null

2018-12-05 12:59:40 - [TEST_STEP][PASSED] - Statement - PreSaveFile = new java.io.File(((pathPrefix + java.lang.Integer.toString(counter)) + .png)): null

2018-12-05 12:59:40 - [TEST_STEP][PASSED] - Statement - counter = counter + 1: null

2018-12-05 12:59:40 - [TEST_STEP][PASSED] - Statement - PreSaveFile = new java.io.File(((pathPrefix + java.lang.Integer.toString(counter)) + .png)): null

2018-12-05 12:59:40 - [TEST_STEP][PASSED] - Statement - counter = counter + 1: null

2018-12-05 12:59:40 - [TEST_STEP][PASSED] - Statement - PreSaveFile = new java.io.File(((pathPrefix + java.lang.Integer.toString(counter)) + .png)): null

2018-12-05 12:59:40 - [TEST_STEP][PASSED] - Statement - counter = counter + 1: null

2018-12-05 12:59:40 - [TEST_STEP][PASSED] - Statement - PreSaveFile = new java.io.File(((pathPrefix + java.lang.Integer.toString(counter)) + .png)): null

2018-12-05 12:59:40 - [TEST_STEP][PASSED] - Statement - counter = counter + 1: null

2018-12-05 12:59:40 - [TEST_STEP][PASSED] - Statement - PreSaveFile = new java.io.File(((pathPrefix + java.lang.Integer.toString(counter)) + .png)): null

2018-12-05 12:59:40 - [TEST_STEP][PASSED] - Statement - counter = counter + 1: null

2018-12-05 12:59:40 - [TEST_STEP][PASSED] - Statement - PreSaveFile = new java.io.File(((pathPrefix + java.lang.Integer.toString(counter)) + .png)): null

2018-12-05 12:59:40 - [TEST_STEP][PASSED] - Statement - counter = counter + 1: null

2018-12-05 12:59:41 - [TEST_STEP][PASSED] - Statement - PreSaveFile = new java.io.File(((pathPrefix + java.lang.Integer.toString(counter)) + .png)): null

2018-12-05 12:59:41 - [TEST_STEP][PASSED] - Statement - counter = counter + 1: null

2018-12-05 12:59:41 - [TEST_STEP][PASSED] - Statement - PreSaveFile = new java.io.File(((pathPrefix + java.lang.Integer.toString(counter)) + .png)): null

2018-12-05 12:59:41 - [TEST_STEP][PASSED] - Statement - counter = counter + 1: null

2018-12-05 12:59:41 - [TEST_STEP][PASSED] - Statement - PreSaveFile = new java.io.File(((pathPrefix + java.lang.Integer.toString(counter)) + .png)): null

2018-12-05 12:59:41 - [TEST_STEP][PASSED] - Statement - counter = counter + 1: null

2018-12-05 12:59:41 - [TEST_STEP][PASSED] - Statement - PreSaveFile = new java.io.File(((pathPrefix + java.lang.Integer.toString(counter)) + .png)): null

2018-12-05 12:59:41 - [TEST_STEP][PASSED] - Statement - counter = counter + 1: null

2018-12-05 12:59:41 - [TEST_STEP][PASSED] - Statement - PreSaveFile = new java.io.File(((pathPrefix + java.lang.Integer.toString(counter)) + .png)): null

2018-12-05 12:59:41 - [TEST_STEP][PASSED] - Statement - counter = counter + 1: null

2018-12-05 12:59:41 - [TEST_STEP][PASSED] - Statement - PreSaveFile = new java.io.File(((pathPrefix + java.lang.Integer.toString(counter)) + .png)): null

2018-12-05 12:59:41 - [TEST_STEP][PASSED] - Statement - counter = counter + 1: null

2018-12-05 12:59:41 - [TEST_STEP][PASSED] - Statement - PreSaveFile = new java.io.File(((pathPrefix + java.lang.Integer.toString(counter)) + .png)): null

2018-12-05 12:59:41 - [TEST_STEP][PASSED] - Statement - counter = counter + 1: null

2018-12-05 12:59:41 - [TEST_STEP][PASSED] - Statement - PreSaveFile = new java.io.File(((pathPrefix + java.lang.Integer.toString(counter)) + .png)): null

2018-12-05 12:59:41 - [TEST_STEP][PASSED] - Statement - counter = counter + 1: null

2018-12-05 12:59:41 - [TEST_STEP][PASSED] - Statement - PreSaveFile = new java.io.File(((pathPrefix + java.lang.Integer.toString(counter)) + .png)): null

2018-12-05 12:59:41 - [TEST_STEP][PASSED] - Statement - counter = counter + 1: null

2018-12-05 12:59:41 - [TEST_STEP][PASSED] - Statement - PreSaveFile = new java.io.File(((pathPrefix + java.lang.Integer.toString(counter)) + .png)): null

2018-12-05 12:59:41 - [TEST_STEP][PASSED] - Statement - counter = counter + 1: null

2018-12-05 12:59:41 - [TEST_STEP][PASSED] - Statement - PreSaveFile = new java.io.File(((pathPrefix + java.lang.Integer.toString(counter)) + .png)): null

2018-12-05 12:59:41 - [TEST_STEP][PASSED] - Statement - counter = counter + 1: null

2018-12-05 12:59:41 - [TEST_STEP][PASSED] - Statement - PreSaveFile = new java.io.File(((pathPrefix + java.lang.Integer.toString(counter)) + .png)): null

2018-12-05 12:59:41 - [TEST_STEP][PASSED] - Statement - counter = counter + 1: null

2018-12-05 12:59:41 - [TEST_STEP][PASSED] - Statement - PreSaveFile = new java.io.File(((pathPrefix + java.lang.Integer.toString(counter)) + .png)): null

2018-12-05 12:59:41 - [TEST_STEP][PASSED] - Statement - counter = counter + 1: null

2018-12-05 12:59:41 - [TEST_STEP][PASSED] - Statement - PreSaveFile = new java.io.File(((pathPrefix + java.lang.Integer.toString(counter)) + .png)): null

2018-12-05 12:59:41 - [TEST_STEP][PASSED] - Statement - counter = counter + 1: null

2018-12-05 12:59:41 - [TEST_STEP][PASSED] - Statement - PreSaveFile = new java.io.File(((pathPrefix + java.lang.Integer.toString(counter)) + .png)): null

2018-12-05 12:59:41 - [TEST_STEP][PASSED] - Statement - counter = counter + 1: null

2018-12-05 12:59:41 - [TEST_STEP][PASSED] - Statement - PreSaveFile = new java.io.File(((pathPrefix + java.lang.Integer.toString(counter)) + .png)): null

2018-12-05 12:59:41 - [TEST_STEP][PASSED] - Statement - counter = counter + 1: null

2018-12-05 12:59:41 - [TEST_STEP][PASSED] - Statement - PreSaveFile = new java.io.File(((pathPrefix + java.lang.Integer.toString(counter)) + .png)): null

2018-12-05 12:59:41 - [TEST_STEP][PASSED] - Statement - counter = counter + 1: null

2018-12-05 12:59:41 - [TEST_STEP][PASSED] - Statement - PreSaveFile = new java.io.File(((pathPrefix + java.lang.Integer.toString(counter)) + .png)): null

2018-12-05 12:59:41 - [TEST_STEP][PASSED] - Statement - counter = counter + 1: null

2018-12-05 12:59:41 - [TEST_STEP][PASSED] - Statement - PreSaveFile = new java.io.File(((pathPrefix + java.lang.Integer.toString(counter)) + .png)): null

2018-12-05 12:59:41 - [TEST_STEP][PASSED] - Statement - counter = counter + 1: null

2018-12-05 12:59:42 - [TEST_STEP][PASSED] - Statement - PreSaveFile = new java.io.File(((pathPrefix + java.lang.Integer.toString(counter)) + .png)): null

2018-12-05 12:59:42 - [TEST_STEP][PASSED] - Statement - counter = counter + 1: null

2018-12-05 12:59:42 - [TEST_STEP][PASSED] - Statement - PreSaveFile = new java.io.File(((pathPrefix + java.lang.Integer.toString(counter)) + .png)): null

2018-12-05 12:59:42 - [TEST_STEP][PASSED] - Statement - counter = counter + 1: null

2018-12-05 12:59:42 - [TEST_STEP][PASSED] - Statement - PreSaveFile = new java.io.File(((pathPrefix + java.lang.Integer.toString(counter)) + .png)): null

2018-12-05 12:59:42 - [TEST_STEP][PASSED] - Statement - counter = counter + 1: null

2018-12-05 12:59:42 - [TEST_STEP][PASSED] - Statement - PreSaveFile = new java.io.File(((pathPrefix + java.lang.Integer.toString(counter)) + .png)): null

2018-12-05 12:59:42 - [TEST_STEP][PASSED] - Statement - counter = counter + 1: null

2018-12-05 12:59:42 - [TEST_STEP][PASSED] - Statement - PreSaveFile = new java.io.File(((pathPrefix + java.lang.Integer.toString(counter)) + .png)): null

2018-12-05 12:59:42 - [TEST_STEP][PASSED] - Statement - counter = counter + 1: null

2018-12-05 12:59:42 - [TEST_STEP][PASSED] - Statement - PreSaveFile = new java.io.File(((pathPrefix + java.lang.Integer.toString(counter)) + .png)): null

2018-12-05 12:59:42 - [TEST_STEP][PASSED] - Statement - counter = counter + 1: null

2018-12-05 12:59:42 - [TEST_STEP][PASSED] - Statement - PreSaveFile = new java.io.File(((pathPrefix + java.lang.Integer.toString(counter)) + .png)): null

2018-12-05 12:59:42 - [TEST_STEP][PASSED] - Statement - counter = counter + 1: null

2018-12-05 12:59:42 - [TEST_STEP][PASSED] - Statement - PreSaveFile = new java.io.File(((pathPrefix + java.lang.Integer.toString(counter)) + .png)): null

2018-12-05 12:59:42 - [TEST_STEP][PASSED] - Statement - counter = counter + 1: null

2018-12-05 12:59:42 - [TEST_STEP][PASSED] - Statement - PreSaveFile = new java.io.File(((pathPrefix + java.lang.Integer.toString(counter)) + .png)): null

2018-12-05 12:59:42 - [TEST_STEP][PASSED] - Statement - counter = counter + 1: null

2018-12-05 12:59:42 - [TEST_STEP][PASSED] - Statement - PreSaveFile = new java.io.File(((pathPrefix + java.lang.Integer.toString(counter)) + .png)): null

2018-12-05 12:59:42 - [TEST_STEP][PASSED] - Statement - counter = counter + 1: null

2018-12-05 12:59:42 - [TEST_STEP][PASSED] - Statement - PreSaveFile = new java.io.File(((pathPrefix + java.lang.Integer.toString(counter)) + .png)): null

2018-12-05 12:59:42 - [TEST_STEP][PASSED] - Statement - counter = counter + 1: null

2018-12-05 12:59:42 - [TEST_STEP][PASSED] - Statement - PreSaveFile = new java.io.File(((pathPrefix + java.lang.Integer.toString(counter)) + .png)): null

2018-12-05 12:59:42 - [TEST_STEP][PASSED] - Statement - counter = counter + 1: null

2018-12-05 12:59:42 - [TEST_STEP][PASSED] - Statement - PreSaveFile = new java.io.File(((pathPrefix + java.lang.Integer.toString(counter)) + .png)): null

2018-12-05 12:59:42 - [TEST_STEP][PASSED] - Statement - counter = counter + 1: null

2018-12-05 12:59:42 - [TEST_STEP][PASSED] - Statement - PreSaveFile = new java.io.File(((pathPrefix + java.lang.Integer.toString(counter)) + .png)): null

2018-12-05 12:59:42 - [TEST_STEP][PASSED] - Statement - counter = counter + 1: null

2018-12-05 12:59:42 - [TEST_STEP][PASSED] - Statement - PreSaveFile = new java.io.File(((pathPrefix + java.lang.Integer.toString(counter)) + .png)): null

2018-12-05 12:59:43 - [TEST_STEP][PASSED] - Statement - counter = counter + 1: null

2018-12-05 12:59:43 - [TEST_STEP][PASSED] - Statement - PreSaveFile = new java.io.File(((pathPrefix + java.lang.Integer.toString(counter)) + .png)): null

2018-12-05 12:59:43 - [TEST_STEP][PASSED] - Statement - counter = counter + 1: null

2018-12-05 12:59:43 - [TEST_STEP][PASSED] - Statement - PreSaveFile = new java.io.File(((pathPrefix + java.lang.Integer.toString(counter)) + .png)): null

2018-12-05 12:59:43 - [TEST_STEP][PASSED] - Statement - counter = counter + 1: null

2018-12-05 12:59:43 - [TEST_STEP][PASSED] - Statement - PreSaveFile = new java.io.File(((pathPrefix + java.lang.Integer.toString(counter)) + .png)): null

2018-12-05 12:59:43 - [TEST_STEP][PASSED] - Statement - counter = counter + 1: null

2018-12-05 12:59:43 - [TEST_STEP][PASSED] - Statement - PreSaveFile = new java.io.File(((pathPrefix + java.lang.Integer.toString(counter)) + .png)): null

2018-12-05 12:59:43 - [TEST_STEP][PASSED] - Statement - counter = counter + 1: null

2018-12-05 12:59:43 - [TEST_STEP][PASSED] - Statement - PreSaveFile = new java.io.File(((pathPrefix + java.lang.Integer.toString(counter)) + .png)): null

2018-12-05 12:59:43 - [TEST_STEP][PASSED] - Statement - counter = counter + 1: null

2018-12-05 12:59:43 - [TEST_STEP][PASSED] - Statement - PreSaveFile = new java.io.File(((pathPrefix + java.lang.Integer.toString(counter)) + .png)): null

2018-12-05 12:59:43 - [TEST_STEP][PASSED] - Statement - counter = counter + 1: null

2018-12-05 12:59:43 - [TEST_STEP][PASSED] - Statement - PreSaveFile = new java.io.File(((pathPrefix + java.lang.Integer.toString(counter)) + .png)): null

2018-12-05 12:59:43 - [TEST_STEP][PASSED] - Statement - counter = counter + 1: null

2018-12-05 12:59:43 - [TEST_STEP][PASSED] - Statement - PreSaveFile = new java.io.File(((pathPrefix + java.lang.Integer.toString(counter)) + .png)): null

2018-12-05 12:59:43 - [TEST_STEP][PASSED] - Statement - counter = counter + 1: null

2018-12-05 12:59:43 - [TEST_STEP][PASSED] - Statement - PreSaveFile = new java.io.File(((pathPrefix + java.lang.Integer.toString(counter)) + .png)): null

2018-12-05 12:59:43 - [TEST_STEP][PASSED] - Statement - counter = counter + 1: null

2018-12-05 12:59:43 - [TEST_STEP][PASSED] - Statement - PreSaveFile = new java.io.File(((pathPrefix + java.lang.Integer.toString(counter)) + .png)): null

2018-12-05 12:59:43 - [TEST_STEP][PASSED] - Statement - counter = counter + 1: null

2018-12-05 12:59:43 - [TEST_STEP][PASSED] - Statement - PreSaveFile = new java.io.File(((pathPrefix + java.lang.Integer.toString(counter)) + .png)): null

2018-12-05 12:59:43 - [TEST_STEP][PASSED] - Statement - counter = counter + 1: null

2018-12-05 12:59:43 - [TEST_STEP][PASSED] - Statement - PreSaveFile = new java.io.File(((pathPrefix + java.lang.Integer.toString(counter)) + .png)): null

2018-12-05 12:59:43 - [TEST_STEP][PASSED] - Statement - counter = counter + 1: null

2018-12-05 12:59:43 - [TEST_STEP][PASSED] - Statement - PreSaveFile = new java.io.File(((pathPrefix + java.lang.Integer.toString(counter)) + .png)): null

2018-12-05 12:59:43 - [TEST_STEP][PASSED] - Statement - counter = counter + 1: null

2018-12-05 12:59:43 - [TEST_STEP][PASSED] - Statement - PreSaveFile = new java.io.File(((pathPrefix + java.lang.Integer.toString(counter)) + .png)): null

2018-12-05 12:59:43 - [TEST_STEP][PASSED] - Statement - counter = counter + 1: null

2018-12-05 12:59:44 - [TEST_STEP][PASSED] - Statement - PreSaveFile = new java.io.File(((pathPrefix + java.lang.Integer.toString(counter)) + .png)): null

2018-12-05 12:59:44 - [TEST_STEP][PASSED] - Statement - counter = counter + 1: null

2018-12-05 12:59:44 - [TEST_STEP][PASSED] - Statement - PreSaveFile = new java.io.File(((pathPrefix + java.lang.Integer.toString(counter)) + .png)): null

2018-12-05 12:59:44 - [TEST_STEP][PASSED] - Statement - counter = counter + 1: null

2018-12-05 12:59:44 - [TEST_STEP][PASSED] - Statement - PreSaveFile = new java.io.File(((pathPrefix + java.lang.Integer.toString(counter)) + .png)): null

2018-12-05 12:59:44 - [TEST_STEP][PASSED] - Statement - counter = counter + 1: null

2018-12-05 12:59:44 - [TEST_STEP][PASSED] - Statement - PreSaveFile = new java.io.File(((pathPrefix + java.lang.Integer.toString(counter)) + .png)): null

2018-12-05 12:59:44 - [TEST_STEP][PASSED] - Statement - counter = counter + 1: null

2018-12-05 12:59:44 - [TEST_STEP][PASSED] - Statement - PreSaveFile = new java.io.File(((pathPrefix + java.lang.Integer.toString(counter)) + .png)): null

2018-12-05 12:59:44 - [TEST_STEP][PASSED] - Statement - counter = counter + 1: null

2018-12-05 12:59:44 - [TEST_STEP][PASSED] - Statement - PreSaveFile = new java.io.File(((pathPrefix + java.lang.Integer.toString(counter)) + .png)): null

2018-12-05 12:59:44 - [TEST_STEP][PASSED] - Statement - counter = counter + 1: null

2018-12-05 12:59:44 - [TEST_STEP][PASSED] - Statement - PreSaveFile = new java.io.File(((pathPrefix + java.lang.Integer.toString(counter)) + .png)): null

2018-12-05 12:59:44 - [TEST_STEP][PASSED] - Statement - counter = counter + 1: null

2018-12-05 12:59:44 - [TEST_STEP][PASSED] - Statement - PreSaveFile = new java.io.File(((pathPrefix + java.lang.Integer.toString(counter)) + .png)): null

2018-12-05 12:59:44 - [TEST_STEP][PASSED] - Statement - counter = counter + 1: null

2018-12-05 12:59:44 - [TEST_STEP][PASSED] - Statement - PreSaveFile = new java.io.File(((pathPrefix + java.lang.Integer.toString(counter)) + .png)): null

2018-12-05 12:59:44 - [TEST_STEP][PASSED] - Statement - counter = counter + 1: null

2018-12-05 12:59:44 - [TEST_STEP][PASSED] - Statement - PreSaveFile = new java.io.File(((pathPrefix + java.lang.Integer.toString(counter)) + .png)): null

2018-12-05 12:59:44 - [TEST_STEP][PASSED] - Statement - counter = counter + 1: null

2018-12-05 12:59:44 - [TEST_STEP][PASSED] - Statement - PreSaveFile = new java.io.File(((pathPrefix + java.lang.Integer.toString(counter)) + .png)): null

2018-12-05 12:59:44 - [TEST_STEP][PASSED] - Statement - counter = counter + 1: null

2018-12-05 12:59:44 - [TEST_STEP][PASSED] - Statement - PreSaveFile = new java.io.File(((pathPrefix + java.lang.Integer.toString(counter)) + .png)): null

2018-12-05 12:59:44 - [TEST_STEP][PASSED] - Statement - counter = counter + 1: null

2018-12-05 12:59:44 - [TEST_STEP][PASSED] - Statement - PreSaveFile = new java.io.File(((pathPrefix + java.lang.Integer.toString(counter)) + .png)): null

2018-12-05 12:59:44 - [TEST_STEP][PASSED] - Statement - counter = counter + 1: null

2018-12-05 12:59:44 - [TEST_STEP][PASSED] - Statement - PreSaveFile = new java.io.File(((pathPrefix + java.lang.Integer.toString(counter)) + .png)): null

2018-12-05 12:59:44 - [TEST_STEP][PASSED] - Statement - counter = counter + 1: null

2018-12-05 12:59:45 - [TEST_STEP][PASSED] - Statement - PreSaveFile = new java.io.File(((pathPrefix + java.lang.Integer.toString(counter)) + .png)): null

2018-12-05 12:59:45 - [TEST_STEP][PASSED] - Statement - counter = counter + 1: null

2018-12-05 12:59:45 - [TEST_STEP][PASSED] - Statement - PreSaveFile = new java.io.File(((pathPrefix + java.lang.Integer.toString(counter)) + .png)): null

2018-12-05 12:59:45 - [TEST_STEP][PASSED] - Statement - counter = counter + 1: null

2018-12-05 12:59:45 - [TEST_STEP][PASSED] - Statement - PreSaveFile = new java.io.File(((pathPrefix + java.lang.Integer.toString(counter)) + .png)): null

2018-12-05 12:59:45 - [TEST_STEP][PASSED] - Statement - counter = counter + 1: null

2018-12-05 12:59:45 - [TEST_STEP][PASSED] - Statement - PreSaveFile = new java.io.File(((pathPrefix + java.lang.Integer.toString(counter)) + .png)): null

2018-12-05 12:59:45 - [TEST_STEP][PASSED] - Statement - counter = counter + 1: null

2018-12-05 12:59:45 - [TEST_STEP][PASSED] - Statement - PreSaveFile = new java.io.File(((pathPrefix + java.lang.Integer.toString(counter)) + .png)): null

2018-12-05 12:59:45 - [TEST_STEP][PASSED] - Statement - counter = counter + 1: null

2018-12-05 12:59:45 - [TEST_STEP][PASSED] - Statement - PreSaveFile = new java.io.File(((pathPrefix + java.lang.Integer.toString(counter)) + .png)): null

2018-12-05 12:59:45 - [TEST_STEP][PASSED] - Statement - counter = counter + 1: null

2018-12-05 12:59:45 - [TEST_STEP][PASSED] - Statement - PreSaveFile = new java.io.File(((pathPrefix + java.lang.Integer.toString(counter)) + .png)): null

2018-12-05 12:59:45 - [TEST_STEP][PASSED] - Statement - counter = counter + 1: null

2018-12-05 12:59:45 - [TEST_STEP][PASSED] - Statement - PreSaveFile = new java.io.File(((pathPrefix + java.lang.Integer.toString(counter)) + .png)): null

2018-12-05 12:59:45 - [TEST_STEP][PASSED] - Statement - counter = counter + 1: null

2018-12-05 12:59:45 - [TEST_STEP][PASSED] - Statement - PreSaveFile = new java.io.File(((pathPrefix + java.lang.Integer.toString(counter)) + .png)): null

2018-12-05 12:59:45 - [TEST_STEP][PASSED] - Statement - counter = counter + 1: null

2018-12-05 12:59:45 - [TEST_STEP][PASSED] - Statement - PreSaveFile = new java.io.File(((pathPrefix + java.lang.Integer.toString(counter)) + .png)): null

2018-12-05 12:59:45 - [TEST_STEP][PASSED] - Statement - counter = counter + 1: null

2018-12-05 12:59:45 - [TEST_STEP][PASSED] - Statement - PreSaveFile = new java.io.File(((pathPrefix + java.lang.Integer.toString(counter)) + .png)): null

2018-12-05 12:59:45 - [TEST_STEP][PASSED] - Statement - counter = counter + 1: null

2018-12-05 12:59:45 - [TEST_STEP][PASSED] - Statement - PreSaveFile = new java.io.File(((pathPrefix + java.lang.Integer.toString(counter)) + .png)): null

2018-12-05 12:59:45 - [TEST_STEP][PASSED] - Statement - counter = counter + 1: null

2018-12-05 12:59:45 - [TEST_STEP][PASSED] - Statement - PreSaveFile = new java.io.File(((pathPrefix + java.lang.Integer.toString(counter)) + .png)): null

2018-12-05 12:59:45 - [TEST_STEP][PASSED] - Statement - counter = counter + 1: null

2018-12-05 12:59:45 - [TEST_STEP][PASSED] - Statement - PreSaveFile = new java.io.File(((pathPrefix + java.lang.Integer.toString(counter)) + .png)): null

2018-12-05 12:59:45 - [TEST_STEP][PASSED] - Statement - counter = counter + 1: null

2018-12-05 12:59:45 - [TEST_STEP][PASSED] - Statement - PreSaveFile = new java.io.File(((pathPrefix + java.lang.Integer.toString(counter)) + .png)): null

2018-12-05 12:59:46 - [TEST_STEP][PASSED] - Statement - counter = counter + 1: null

2018-12-05 12:59:46 - [TEST_STEP][PASSED] - Statement - PreSaveFile = new java.io.File(((pathPrefix + java.lang.Integer.toString(counter)) + .png)): null

2018-12-05 12:59:46 - [TEST_STEP][PASSED] - Statement - counter = counter + 1: null

2018-12-05 12:59:46 - [TEST_STEP][PASSED] - Statement - PreSaveFile = new java.io.File(((pathPrefix + java.lang.Integer.toString(counter)) + .png)): null

2018-12-05 12:59:46 - [TEST_STEP][PASSED] - Statement - counter = counter + 1: null

2018-12-05 12:59:46 - [TEST_STEP][PASSED] - Statement - PreSaveFile = new java.io.File(((pathPrefix + java.lang.Integer.toString(counter)) + .png)): null

2018-12-05 12:59:46 - [TEST_STEP][PASSED] - Statement - counter = counter + 1: null

2018-12-05 12:59:46 - [TEST_STEP][PASSED] - Statement - PreSaveFile = new java.io.File(((pathPrefix + java.lang.Integer.toString(counter)) + .png)): null

2018-12-05 12:59:46 - [TEST_STEP][PASSED] - Statement - counter = counter + 1: null

2018-12-05 12:59:46 - [TEST_STEP][PASSED] - Statement - PreSaveFile = new java.io.File(((pathPrefix + java.lang.Integer.toString(counter)) + .png)): null

2018-12-05 12:59:46 - [TEST_STEP][PASSED] - Statement - counter = counter + 1: null

2018-12-05 12:59:46 - [TEST_STEP][PASSED] - Statement - PreSaveFile = new java.io.File(((pathPrefix + java.lang.Integer.toString(counter)) + .png)): null

2018-12-05 12:59:46 - [TEST_STEP][PASSED] - Statement - counter = counter + 1: null

2018-12-05 12:59:46 - [TEST_STEP][PASSED] - Statement - PreSaveFile = new java.io.File(((pathPrefix + java.lang.Integer.toString(counter)) + .png)): null

2018-12-05 12:59:46 - [TEST_STEP][PASSED] - Statement - counter = counter + 1: null

2018-12-05 12:59:46 - [TEST_STEP][PASSED] - Statement - PreSaveFile = new java.io.File(((pathPrefix + java.lang.Integer.toString(counter)) + .png)): null

2018-12-05 12:59:46 - [TEST_STEP][PASSED] - Statement - counter = counter + 1: null

2018-12-05 12:59:46 - [TEST_STEP][PASSED] - Statement - PreSaveFile = new java.io.File(((pathPrefix + java.lang.Integer.toString(counter)) + .png)): null

2018-12-05 12:59:46 - [TEST_STEP][PASSED] - Statement - counter = counter + 1: null

2018-12-05 12:59:46 - [TEST_STEP][PASSED] - Statement - PreSaveFile = new java.io.File(((pathPrefix + java.lang.Integer.toString(counter)) + .png)): null

2018-12-05 12:59:46 - [TEST_STEP][PASSED] - Statement - counter = counter + 1: null

2018-12-05 12:59:46 - [TEST_STEP][PASSED] - Statement - PreSaveFile = new java.io.File(((pathPrefix + java.lang.Integer.toString(counter)) + .png)): null

2018-12-05 12:59:46 - [TEST_STEP][PASSED] - Statement - counter = counter + 1: null

2018-12-05 12:59:46 - [TEST_STEP][PASSED] - Statement - PreSaveFile = new java.io.File(((pathPrefix + java.lang.Integer.toString(counter)) + .png)): null

2018-12-05 12:59:46 - [TEST_STEP][PASSED] - Statement - counter = counter + 1: null

2018-12-05 12:59:46 - [TEST_STEP][PASSED] - Statement - PreSaveFile = new java.io.File(((pathPrefix + java.lang.Integer.toString(counter)) + .png)): null

2018-12-05 12:59:46 - [TEST_STEP][PASSED] - Statement - counter = counter + 1: null

2018-12-05 12:59:46 - [TEST_STEP][PASSED] - Statement - PreSaveFile = new java.io.File(((pathPrefix + java.lang.Integer.toString(counter)) + .png)): null

2018-12-05 12:59:46 - [TEST_STEP][PASSED] - Statement - counter = counter + 1: null

2018-12-05 12:59:47 - [TEST_STEP][PASSED] - Statement - PreSaveFile = new java.io.File(((pathPrefix + java.lang.Integer.toString(counter)) + .png)): null

2018-12-05 12:59:47 - [TEST_STEP][PASSED] - Statement - counter = counter + 1: null

2018-12-05 12:59:47 - [TEST_STEP][PASSED] - Statement - PreSaveFile = new java.io.File(((pathPrefix + java.lang.Integer.toString(counter)) + .png)): null

2018-12-05 12:59:47 - [TEST_STEP][PASSED] - Statement - counter = counter + 1: null

2018-12-05 12:59:47 - [TEST_STEP][PASSED] - Statement - PreSaveFile = new java.io.File(((pathPrefix + java.lang.Integer.toString(counter)) + .png)): null

2018-12-05 12:59:47 - [TEST_STEP][PASSED] - Statement - counter = counter + 1: null

2018-12-05 12:59:47 - [TEST_STEP][PASSED] - Statement - PreSaveFile = new java.io.File(((pathPrefix + java.lang.Integer.toString(counter)) + .png)): null

2018-12-05 12:59:47 - [TEST_STEP][PASSED] - Statement - counter = counter + 1: null

2018-12-05 12:59:47 - [TEST_STEP][PASSED] - Statement - PreSaveFile = new java.io.File(((pathPrefix + java.lang.Integer.toString(counter)) + .png)): null

2018-12-05 12:59:47 - [TEST_STEP][PASSED] - Statement - counter = counter + 1: null

2018-12-05 12:59:47 - [TEST_STEP][PASSED] - Statement - PreSaveFile = new java.io.File(((pathPrefix + java.lang.Integer.toString(counter)) + .png)): null

2018-12-05 12:59:47 - [TEST_STEP][PASSED] - Statement - counter = counter + 1: null

2018-12-05 12:59:47 - [TEST_STEP][PASSED] - Statement - PreSaveFile = new java.io.File(((pathPrefix + java.lang.Integer.toString(counter)) + .png)): null

2018-12-05 12:59:47 - [TEST_STEP][PASSED] - Statement - counter = counter + 1: null

2018-12-05 12:59:47 - [TEST_STEP][PASSED] - Statement - PreSaveFile = new java.io.File(((pathPrefix + java.lang.Integer.toString(counter)) + .png)): null

2018-12-05 12:59:47 - [TEST_STEP][PASSED] - Statement - counter = counter + 1: null

2018-12-05 12:59:47 - [TEST_STEP][PASSED] - Statement - PreSaveFile = new java.io.File(((pathPrefix + java.lang.Integer.toString(counter)) + .png)): null

2018-12-05 12:59:47 - [TEST_STEP][PASSED] - Statement - counter = counter + 1: null

2018-12-05 12:59:47 - [TEST_STEP][PASSED] - Statement - PreSaveFile = new java.io.File(((pathPrefix + java.lang.Integer.toString(counter)) + .png)): null

2018-12-05 12:59:47 - [TEST_STEP][PASSED] - Statement - counter = counter + 1: null

2018-12-05 12:59:47 - [TEST_STEP][PASSED] - Statement - PreSaveFile = new java.io.File(((pathPrefix + java.lang.Integer.toString(counter)) + .png)): null

2018-12-05 12:59:47 - [TEST_STEP][PASSED] - Statement - counter = counter + 1: null

2018-12-05 12:59:47 - [TEST_STEP][PASSED] - Statement - PreSaveFile = new java.io.File(((pathPrefix + java.lang.Integer.toString(counter)) + .png)): null

2018-12-05 12:59:47 - [TEST_STEP][PASSED] - Statement - counter = counter + 1: null

2018-12-05 12:59:47 - [TEST_STEP][PASSED] - Statement - PreSaveFile = new java.io.File(((pathPrefix + java.lang.Integer.toString(counter)) + .png)): null

2018-12-05 12:59:47 - [TEST_STEP][PASSED] - Statement - counter = counter + 1: null

2018-12-05 12:59:47 - [TEST_STEP][PASSED] - Statement - PreSaveFile = new java.io.File(((pathPrefix + java.lang.Integer.toString(counter)) + .png)): null

2018-12-05 12:59:47 - [TEST_STEP][PASSED] - Statement - counter = counter + 1: null

2018-12-05 12:59:48 - [TEST_STEP][PASSED] - Statement - PreSaveFile = new java.io.File(((pathPrefix + java.lang.Integer.toString(counter)) + .png)): null

2018-12-05 12:59:48 - [TEST_STEP][PASSED] - Statement - counter = counter + 1: null

2018-12-05 12:59:48 - [TEST_STEP][PASSED] - Statement - PreSaveFile = new java.io.File(((pathPrefix + java.lang.Integer.toString(counter)) + .png)): null

2018-12-05 12:59:48 - [TEST_STEP][PASSED] - Statement - counter = counter + 1: null

2018-12-05 12:59:48 - [TEST_STEP][PASSED] - Statement - PreSaveFile = new java.io.File(((pathPrefix + java.lang.Integer.toString(counter)) + .png)): null

2018-12-05 12:59:48 - [TEST_STEP][PASSED] - Statement - counter = counter + 1: null

2018-12-05 12:59:48 - [TEST_STEP][PASSED] - Statement - PreSaveFile = new java.io.File(((pathPrefix + java.lang.Integer.toString(counter)) + .png)): null

2018-12-05 12:59:48 - [TEST_STEP][PASSED] - Statement - counter = counter + 1: null

2018-12-05 12:59:48 - [TEST_STEP][PASSED] - Statement - PreSaveFile = new java.io.File(((pathPrefix + java.lang.Integer.toString(counter)) + .png)): null

2018-12-05 12:59:48 - [TEST_STEP][PASSED] - Statement - counter = counter + 1: null

2018-12-05 12:59:48 - [TEST_STEP][PASSED] - Statement - PreSaveFile = new java.io.File(((pathPrefix + java.lang.Integer.toString(counter)) + .png)): null

2018-12-05 12:59:48 - [TEST_STEP][PASSED] - Statement - counter = counter + 1: null

2018-12-05 12:59:48 - [TEST_STEP][PASSED] - Statement - PreSaveFile = new java.io.File(((pathPrefix + java.lang.Integer.toString(counter)) + .png)): null

2018-12-05 12:59:48 - [TEST_STEP][PASSED] - Statement - counter = counter + 1: null

2018-12-05 12:59:48 - [TEST_STEP][PASSED] - Statement - PreSaveFile = new java.io.File(((pathPrefix + java.lang.Integer.toString(counter)) + .png)): null

2018-12-05 12:59:48 - [TEST_STEP][PASSED] - Statement - counter = counter + 1: null

2018-12-05 12:59:48 - [TEST_STEP][PASSED] - Statement - PreSaveFile = new java.io.File(((pathPrefix + java.lang.Integer.toString(counter)) + .png)): null

2018-12-05 12:59:48 - [TEST_STEP][PASSED] - Statement - counter = counter + 1: null

2018-12-05 12:59:48 - [TEST_STEP][PASSED] - Statement - PreSaveFile = new java.io.File(((pathPrefix + java.lang.Integer.toString(counter)) + .png)): null

2018-12-05 12:59:48 - [TEST_STEP][PASSED] - Statement - counter = counter + 1: null

2018-12-05 12:59:48 - [TEST_STEP][PASSED] - Statement - PreSaveFile = new java.io.File(((pathPrefix + java.lang.Integer.toString(counter)) + .png)): null

2018-12-05 12:59:48 - [TEST_STEP][PASSED] - Statement - counter = counter + 1: null

2018-12-05 12:59:48 - [TEST_STEP][PASSED] - Statement - PreSaveFile = new java.io.File(((pathPrefix + java.lang.Integer.toString(counter)) + .png)): null

2018-12-05 12:59:48 - [TEST_STEP][PASSED] - Statement - counter = counter + 1: null

2018-12-05 12:59:48 - [TEST_STEP][PASSED] - Statement - PreSaveFile = new java.io.File(((pathPrefix + java.lang.Integer.toString(counter)) + .png)): null

2018-12-05 12:59:48 - [TEST_STEP][PASSED] - Statement - counter = counter + 1: null

2018-12-05 12:59:48 - [TEST_STEP][PASSED] - Statement - PreSaveFile = new java.io.File(((pathPrefix + java.lang.Integer.toString(counter)) + .png)): null

2018-12-05 12:59:48 - [TEST_STEP][PASSED] - Statement - counter = counter + 1: null

2018-12-05 12:59:48 - [TEST_STEP][PASSED] - Statement - PreSaveFile = new java.io.File(((pathPrefix + java.lang.Integer.toString(counter)) + .png)): null

2018-12-05 12:59:48 - [TEST_STEP][PASSED] - Statement - counter = counter + 1: null

2018-12-05 12:59:48 - [TEST_STEP][PASSED] - Statement - PreSaveFile = new java.io.File(((pathPrefix + java.lang.Integer.toString(counter)) + .png)): null

2018-12-05 12:59:48 - [TEST_STEP][PASSED] - Statement - counter = counter + 1: null

2018-12-05 12:59:48 - [TEST_STEP][PASSED] - Statement - PreSaveFile = new java.io.File(((pathPrefix + java.lang.Integer.toString(counter)) + .png)): null

2018-12-05 12:59:48 - [TEST_STEP][PASSED] - Statement - counter = counter + 1: null

2018-12-05 12:59:48 - [TEST_STEP][PASSED] - Statement - PreSaveFile = new java.io.File(((pathPrefix + java.lang.Integer.toString(counter)) + .png)): null

2018-12-05 12:59:48 - [TEST_STEP][PASSED] - Statement - counter = counter + 1: null

2018-12-05 12:59:48 - [TEST_STEP][PASSED] - Statement - PreSaveFile = new java.io.File(((pathPrefix + java.lang.Integer.toString(counter)) + .png)): null

2018-12-05 12:59:48 - [TEST_STEP][PASSED] - Statement - counter = counter + 1: null

2018-12-05 12:59:49 - [TEST_STEP][PASSED] - Statement - PreSaveFile = new java.io.File(((pathPrefix + java.lang.Integer.toString(counter)) + .png)): null

2018-12-05 12:59:49 - [TEST_STEP][PASSED] - Statement - counter = counter + 1: null

2018-12-05 12:59:49 - [TEST_STEP][PASSED] - Statement - PreSaveFile = new java.io.File(((pathPrefix + java.lang.Integer.toString(counter)) + .png)): null

2018-12-05 12:59:49 - [TEST_STEP][PASSED] - Statement - counter = counter + 1: null

2018-12-05 12:59:49 - [TEST_STEP][PASSED] - Statement - PreSaveFile = new java.io.File(((pathPrefix + java.lang.Integer.toString(counter)) + .png)): null

2018-12-05 12:59:49 - [TEST_STEP][PASSED] - Statement - counter = counter + 1: null

2018-12-05 12:59:49 - [TEST_STEP][PASSED] - Statement - PreSaveFile = new java.io.File(((pathPrefix + java.lang.Integer.toString(counter)) + .png)): null

2018-12-05 12:59:49 - [TEST_STEP][PASSED] - Statement - counter = counter + 1: null

2018-12-05 12:59:49 - [TEST_STEP][PASSED] - Statement - PreSaveFile = new java.io.File(((pathPrefix + java.lang.Integer.toString(counter)) + .png)): null

2018-12-05 12:59:49 - [TEST_STEP][PASSED] - Statement - counter = counter + 1: null

2018-12-05 12:59:49 - [TEST_STEP][PASSED] - Statement - PreSaveFile = new java.io.File(((pathPrefix + java.lang.Integer.toString(counter)) + .png)): null

2018-12-05 12:59:49 - [TEST_STEP][PASSED] - Statement - counter = counter + 1: null

2018-12-05 12:59:49 - [TEST_STEP][PASSED] - Statement - PreSaveFile = new java.io.File(((pathPrefix + java.lang.Integer.toString(counter)) + .png)): null

2018-12-05 12:59:49 - [TEST_STEP][PASSED] - Statement - counter = counter + 1: null

2018-12-05 12:59:49 - [TEST_STEP][PASSED] - Statement - PreSaveFile = new java.io.File(((pathPrefix + java.lang.Integer.toString(counter)) + .png)): null

2018-12-05 12:59:49 - [TEST_STEP][PASSED] - Statement - counter = counter + 1: null

2018-12-05 12:59:49 - [TEST_STEP][PASSED] - Statement - PreSaveFile = new java.io.File(((pathPrefix + java.lang.Integer.toString(counter)) + .png)): null

2018-12-05 12:59:49 - [TEST_STEP][PASSED] - Statement - counter = counter + 1: null

2018-12-05 12:59:49 - [TEST_STEP][PASSED] - Statement - PreSaveFile = new java.io.File(((pathPrefix + java.lang.Integer.toString(counter)) + .png)): null

2018-12-05 12:59:49 - [TEST_STEP][PASSED] - Statement - counter = counter + 1: null

2018-12-05 12:59:49 - [TEST_STEP][PASSED] - Statement - PreSaveFile = new java.io.File(((pathPrefix + java.lang.Integer.toString(counter)) + .png)): null

2018-12-05 12:59:50 - [TEST_STEP][PASSED] - Statement - counter = counter + 1: null

2018-12-05 12:59:50 - [TEST_STEP][PASSED] - Statement - PreSaveFile = new java.io.File(((pathPrefix + java.lang.Integer.toString(counter)) + .png)): null

2018-12-05 12:59:50 - [TEST_STEP][PASSED] - Statement - counter = counter + 1: null

2018-12-05 12:59:50 - [TEST_STEP][PASSED] - Statement - PreSaveFile = new java.io.File(((pathPrefix + java.lang.Integer.toString(counter)) + .png)): null

2018-12-05 12:59:50 - [TEST_STEP][PASSED] - Statement - counter = counter + 1: null

2018-12-05 12:59:50 - [TEST_STEP][PASSED] - Statement - PreSaveFile = new java.io.File(((pathPrefix + java.lang.Integer.toString(counter)) + .png)): null

2018-12-05 12:59:50 - [TEST_STEP][PASSED] - Statement - counter = counter + 1: null

2018-12-05 12:59:50 - [TEST_STEP][PASSED] - Statement - PreSaveFile = new java.io.File(((pathPrefix + java.lang.Integer.toString(counter)) + .png)): null

2018-12-05 12:59:50 - [TEST_STEP][PASSED] - Statement - counter = counter + 1: null

2018-12-05 12:59:50 - [TEST_STEP][PASSED] - Statement - PreSaveFile = new java.io.File(((pathPrefix + java.lang.Integer.toString(counter)) + .png)): null

2018-12-05 12:59:50 - [TEST_STEP][PASSED] - Statement - counter = counter + 1: null

2018-12-05 12:59:50 - [TEST_STEP][PASSED] - Statement - PreSaveFile = new java.io.File(((pathPrefix + java.lang.Integer.toString(counter)) + .png)): null

2018-12-05 12:59:50 - [TEST_STEP][PASSED] - Statement - counter = counter + 1: null

2018-12-05 12:59:50 - [TEST_STEP][PASSED] - Statement - PreSaveFile = new java.io.File(((pathPrefix + java.lang.Integer.toString(counter)) + .png)): null

2018-12-05 12:59:50 - [TEST_STEP][PASSED] - Statement - counter = counter + 1: null

2018-12-05 12:59:50 - [TEST_STEP][PASSED] - Statement - PreSaveFile = new java.io.File(((pathPrefix + java.lang.Integer.toString(counter)) + .png)): null

2018-12-05 12:59:50 - [TEST_STEP][PASSED] - Statement - counter = counter + 1: null

2018-12-05 12:59:50 - [TEST_STEP][PASSED] - Statement - PreSaveFile = new java.io.File(((pathPrefix + java.lang.Integer.toString(counter)) + .png)): null

2018-12-05 12:59:50 - [TEST_STEP][PASSED] - Statement - counter = counter + 1: null

2018-12-05 12:59:50 - [TEST_STEP][PASSED] - Statement - PreSaveFile = new java.io.File(((pathPrefix + java.lang.Integer.toString(counter)) + .png)): null

2018-12-05 12:59:50 - [TEST_STEP][PASSED] - Statement - counter = counter + 1: null

2018-12-05 12:59:50 - [TEST_STEP][PASSED] - Statement - PreSaveFile = new java.io.File(((pathPrefix + java.lang.Integer.toString(counter)) + .png)): null

2018-12-05 12:59:50 - [TEST_STEP][PASSED] - Statement - counter = counter + 1: null

2018-12-05 12:59:50 - [TEST_STEP][PASSED] - Statement - PreSaveFile = new java.io.File(((pathPrefix + java.lang.Integer.toString(counter)) + .png)): null

2018-12-05 12:59:50 - [TEST_STEP][PASSED] - Statement - counter = counter + 1: null

2018-12-05 12:59:50 - [TEST_STEP][PASSED] - Statement - PreSaveFile = new java.io.File(((pathPrefix + java.lang.Integer.toString(counter)) + .png)): null

2018-12-05 12:59:50 - [TEST_STEP][PASSED] - Statement - counter = counter + 1: null

2018-12-05 12:59:50 - [TEST_STEP][PASSED] - Statement - PreSaveFile = new java.io.File(((pathPrefix + java.lang.Integer.toString(counter)) + .png)): null

2018-12-05 12:59:50 - [TEST_STEP][PASSED] - Statement - counter = counter + 1: null

2018-12-05 12:59:50 - [TEST_STEP][PASSED] - Statement - PreSaveFile = new java.io.File(((pathPrefix + java.lang.Integer.toString(counter)) + .png)): null

2018-12-05 12:59:50 - [TEST_STEP][PASSED] - Statement - counter = counter + 1: null

2018-12-05 12:59:50 - [TEST_STEP][PASSED] - Statement - PreSaveFile = new java.io.File(((pathPrefix + java.lang.Integer.toString(counter)) + .png)): null

2018-12-05 12:59:50 - [TEST_STEP][PASSED] - Statement - counter = counter + 1: null

2018-12-05 12:59:50 - [TEST_STEP][PASSED] - Statement - PreSaveFile = new java.io.File(((pathPrefix + java.lang.Integer.toString(counter)) + .png)): null

2018-12-05 12:59:50 - [TEST_STEP][PASSED] - Statement - counter = counter + 1: null

2018-12-05 12:59:50 - [TEST_STEP][PASSED] - Statement - PreSaveFile = new java.io.File(((pathPrefix + java.lang.Integer.toString(counter)) + .png)): null

2018-12-05 12:59:50 - [TEST_STEP][PASSED] - Statement - counter = counter + 1: null

2018-12-05 12:59:50 - [TEST_STEP][PASSED] - Statement - PreSaveFile = new java.io.File(((pathPrefix + java.lang.Integer.toString(counter)) + .png)): null

2018-12-05 12:59:51 - [TEST_STEP][PASSED] - Statement - counter = counter + 1: null

2018-12-05 12:59:51 - [TEST_STEP][PASSED] - Statement - PreSaveFile = new java.io.File(((pathPrefix + java.lang.Integer.toString(counter)) + .png)): null

2018-12-05 12:59:51 - [TEST_STEP][PASSED] - Statement - counter = counter + 1: null

2018-12-05 12:59:51 - [TEST_STEP][PASSED] - Statement - PreSaveFile = new java.io.File(((pathPrefix + java.lang.Integer.toString(counter)) + .png)): null

2018-12-05 12:59:51 - [TEST_STEP][PASSED] - Statement - counter = counter + 1: null

2018-12-05 12:59:51 - [TEST_STEP][PASSED] - Statement - PreSaveFile = new java.io.File(((pathPrefix + java.lang.Integer.toString(counter)) + .png)): null

2018-12-05 12:59:51 - [TEST_STEP][PASSED] - Statement - counter = counter + 1: null

2018-12-05 12:59:51 - [TEST_STEP][PASSED] - Statement - PreSaveFile = new java.io.File(((pathPrefix + java.lang.Integer.toString(counter)) + .png)): null

2018-12-05 12:59:51 - [TEST_STEP][PASSED] - Statement - counter = counter + 1: null

2018-12-05 12:59:51 - [TEST_STEP][PASSED] - Statement - PreSaveFile = new java.io.File(((pathPrefix + java.lang.Integer.toString(counter)) + .png)): null

2018-12-05 12:59:51 - [TEST_STEP][PASSED] - Statement - counter = counter + 1: null

2018-12-05 12:59:51 - [TEST_STEP][PASSED] - Statement - PreSaveFile = new java.io.File(((pathPrefix + java.lang.Integer.toString(counter)) + .png)): null

2018-12-05 12:59:51 - [TEST_STEP][PASSED] - Statement - counter = counter + 1: null

2018-12-05 12:59:51 - [TEST_STEP][PASSED] - Statement - PreSaveFile = new java.io.File(((pathPrefix + java.lang.Integer.toString(counter)) + .png)): null

2018-12-05 12:59:51 - [TEST_STEP][PASSED] - Statement - counter = counter + 1: null

2018-12-05 12:59:51 - [TEST_STEP][PASSED] - Statement - PreSaveFile = new java.io.File(((pathPrefix + java.lang.Integer.toString(counter)) + .png)): null

2018-12-05 12:59:51 - [TEST_STEP][PASSED] - Statement - counter = counter + 1: null

2018-12-05 12:59:51 - [TEST_STEP][PASSED] - Statement - PreSaveFile = new java.io.File(((pathPrefix + java.lang.Integer.toString(counter)) + .png)): null

2018-12-05 12:59:51 - [TEST_STEP][PASSED] - Statement - counter = counter + 1: null

2018-12-05 12:59:51 - [TEST_STEP][PASSED] - Statement - PreSaveFile = new java.io.File(((pathPrefix + java.lang.Integer.toString(counter)) + .png)): null

2018-12-05 12:59:51 - [TEST_STEP][PASSED] - Statement - counter = counter + 1: null

2018-12-05 12:59:51 - [TEST_STEP][PASSED] - Statement - PreSaveFile = new java.io.File(((pathPrefix + java.lang.Integer.toString(counter)) + .png)): null

2018-12-05 12:59:51 - [TEST_STEP][PASSED] - Statement - counter = counter + 1: null

2018-12-05 12:59:51 - [TEST_STEP][PASSED] - Statement - PreSaveFile = new java.io.File(((pathPrefix + java.lang.Integer.toString(counter)) + .png)): null

2018-12-05 12:59:51 - [TEST_STEP][PASSED] - Statement - counter = counter + 1: null

2018-12-05 12:59:51 - [TEST_STEP][PASSED] - Statement - PreSaveFile = new java.io.File(((pathPrefix + java.lang.Integer.toString(counter)) + .png)): null

2018-12-05 12:59:51 - [TEST_STEP][PASSED] - Statement - counter = counter + 1: null

2018-12-05 12:59:51 - [TEST_STEP][PASSED] - Statement - PreSaveFile = new java.io.File(((pathPrefix + java.lang.Integer.toString(counter)) + .png)): null

2018-12-05 12:59:51 - [TEST_STEP][PASSED] - Statement - counter = counter + 1: null

2018-12-05 12:59:52 - [TEST_STEP][PASSED] - Statement - PreSaveFile = new java.io.File(((pathPrefix + java.lang.Integer.toString(counter)) + .png)): null

2018-12-05 12:59:52 - [TEST_STEP][PASSED] - Statement - counter = counter + 1: null

2018-12-05 12:59:52 - [TEST_STEP][PASSED] - Statement - PreSaveFile = new java.io.File(((pathPrefix + java.lang.Integer.toString(counter)) + .png)): null

2018-12-05 12:59:52 - [TEST_STEP][PASSED] - Statement - counter = counter + 1: null

2018-12-05 12:59:52 - [TEST_STEP][PASSED] - Statement - PreSaveFile = new java.io.File(((pathPrefix + java.lang.Integer.toString(counter)) + .png)): null

2018-12-05 12:59:52 - [TEST_STEP][PASSED] - Statement - counter = counter + 1: null

2018-12-05 12:59:52 - [TEST_STEP][PASSED] - Statement - PreSaveFile = new java.io.File(((pathPrefix + java.lang.Integer.toString(counter)) + .png)): null

2018-12-05 12:59:52 - [TEST_STEP][PASSED] - Statement - counter = counter + 1: null

2018-12-05 12:59:52 - [TEST_STEP][PASSED] - Statement - PreSaveFile = new java.io.File(((pathPrefix + java.lang.Integer.toString(counter)) + .png)): null

2018-12-05 12:59:52 - [TEST_STEP][PASSED] - Statement - counter = counter + 1: null

2018-12-05 12:59:52 - [TEST_STEP][PASSED] - Statement - PreSaveFile = new java.io.File(((pathPrefix + java.lang.Integer.toString(counter)) + .png)): null

2018-12-05 12:59:52 - [TEST_STEP][PASSED] - Statement - counter = counter + 1: null

2018-12-05 12:59:52 - [TEST_STEP][PASSED] - Statement - PreSaveFile = new java.io.File(((pathPrefix + java.lang.Integer.toString(counter)) + .png)): null

2018-12-05 12:59:52 - [TEST_STEP][PASSED] - Statement - counter = counter + 1: null

2018-12-05 12:59:52 - [TEST_STEP][PASSED] - Statement - PreSaveFile = new java.io.File(((pathPrefix + java.lang.Integer.toString(counter)) + .png)): null

2018-12-05 12:59:52 - [TEST_STEP][PASSED] - Statement - counter = counter + 1: null

2018-12-05 12:59:52 - [TEST_STEP][PASSED] - Statement - PreSaveFile = new java.io.File(((pathPrefix + java.lang.Integer.toString(counter)) + .png)): null

2018-12-05 12:59:52 - [TEST_STEP][PASSED] - Statement - counter = counter + 1: null

2018-12-05 12:59:52 - [TEST_STEP][PASSED] - Statement - PreSaveFile = new java.io.File(((pathPrefix + java.lang.Integer.toString(counter)) + .png)): null

2018-12-05 12:59:52 - [TEST_STEP][PASSED] - Statement - counter = counter + 1: null

2018-12-05 12:59:52 - [TEST_STEP][PASSED] - Statement - PreSaveFile = new java.io.File(((pathPrefix + java.lang.Integer.toString(counter)) + .png)): null

2018-12-05 12:59:52 - [TEST_STEP][PASSED] - Statement - counter = counter + 1: null

2018-12-05 12:59:52 - [TEST_STEP][PASSED] - Statement - PreSaveFile = new java.io.File(((pathPrefix + java.lang.Integer.toString(counter)) + .png)): null

2018-12-05 12:59:52 - [TEST_STEP][PASSED] - Statement - counter = counter + 1: null

2018-12-05 12:59:52 - [TEST_STEP][PASSED] - Statement - PreSaveFile = new java.io.File(((pathPrefix + java.lang.Integer.toString(counter)) + .png)): null

2018-12-05 12:59:52 - [TEST_STEP][PASSED] - Statement - counter = counter + 1: null

2018-12-05 12:59:52 - [TEST_STEP][PASSED] - Statement - PreSaveFile = new java.io.File(((pathPrefix + java.lang.Integer.toString(counter)) + .png)): null

2018-12-05 12:59:52 - [TEST_STEP][PASSED] - Statement - counter = counter + 1: null

2018-12-05 12:59:53 - [TEST_STEP][PASSED] - Statement - PreSaveFile = new java.io.File(((pathPrefix + java.lang.Integer.toString(counter)) + .png)): null

2018-12-05 12:59:53 - [TEST_STEP][PASSED] - Statement - counter = counter + 1: null

2018-12-05 12:59:53 - [TEST_STEP][PASSED] - Statement - PreSaveFile = new java.io.File(((pathPrefix + java.lang.Integer.toString(counter)) + .png)): null

2018-12-05 12:59:53 - [TEST_STEP][PASSED] - Statement - counter = counter + 1: null

2018-12-05 12:59:53 - [TEST_STEP][PASSED] - Statement - PreSaveFile = new java.io.File(((pathPrefix + java.lang.Integer.toString(counter)) + .png)): null

2018-12-05 12:59:53 - [TEST_STEP][PASSED] - Statement - counter = counter + 1: null

2018-12-05 12:59:53 - [TEST_STEP][PASSED] - Statement - PreSaveFile = new java.io.File(((pathPrefix + java.lang.Integer.toString(counter)) + .png)): null

2018-12-05 12:59:53 - [TEST_STEP][PASSED] - Statement - counter = counter + 1: null

2018-12-05 12:59:53 - [TEST_STEP][PASSED] - Statement - PreSaveFile = new java.io.File(((pathPrefix + java.lang.Integer.toString(counter)) + .png)): null

2018-12-05 12:59:53 - [TEST_STEP][PASSED] - Statement - counter = counter + 1: null

2018-12-05 12:59:53 - [TEST_STEP][PASSED] - Statement - PreSaveFile = new java.io.File(((pathPrefix + java.lang.Integer.toString(counter)) + .png)): null

2018-12-05 12:59:53 - [TEST_STEP][PASSED] - Statement - counter = counter + 1: null

2018-12-05 12:59:53 - [TEST_STEP][PASSED] - Statement - PreSaveFile = new java.io.File(((pathPrefix + java.lang.Integer.toString(counter)) + .png)): null

2018-12-05 12:59:53 - [TEST_STEP][PASSED] - Statement - counter = counter + 1: null

2018-12-05 12:59:53 - [TEST_STEP][PASSED] - Statement - PreSaveFile = new java.io.File(((pathPrefix + java.lang.Integer.toString(counter)) + .png)): null

2018-12-05 12:59:53 - [TEST_STEP][PASSED] - Statement - counter = counter + 1: null

2018-12-05 12:59:53 - [TEST_STEP][PASSED] - Statement - PreSaveFile = new java.io.File(((pathPrefix + java.lang.Integer.toString(counter)) + .png)): null

2018-12-05 12:59:53 - [TEST_STEP][PASSED] - Statement - counter = counter + 1: null

2018-12-05 12:59:53 - [TEST_STEP][PASSED] - Statement - PreSaveFile = new java.io.File(((pathPrefix + java.lang.Integer.toString(counter)) + .png)): null

2018-12-05 12:59:53 - [TEST_STEP][PASSED] - Statement - counter = counter + 1: null

2018-12-05 12:59:53 - [TEST_STEP][PASSED] - Statement - PreSaveFile = new java.io.File(((pathPrefix + java.lang.Integer.toString(counter)) + .png)): null

2018-12-05 12:59:53 - [TEST_STEP][PASSED] - Statement - counter = counter + 1: null

2018-12-05 12:59:53 - [TEST_STEP][PASSED] - Statement - PreSaveFile = new java.io.File(((pathPrefix + java.lang.Integer.toString(counter)) + .png)): null

2018-12-05 12:59:53 - [TEST_STEP][PASSED] - Statement - counter = counter + 1: null

2018-12-05 12:59:53 - [TEST_STEP][PASSED] - Statement - PreSaveFile = new java.io.File(((pathPrefix + java.lang.Integer.toString(counter)) + .png)): null

2018-12-05 12:59:53 - [TEST_STEP][PASSED] - Statement - counter = counter + 1: null

2018-12-05 12:59:53 - [TEST_STEP][PASSED] - Statement - PreSaveFile = new java.io.File(((pathPrefix + java.lang.Integer.toString(counter)) + .png)): null

2018-12-05 12:59:53 - [TEST_STEP][PASSED] - Statement - counter = counter + 1: null

2018-12-05 12:59:53 - [TEST_STEP][PASSED] - Statement - PreSaveFile = new java.io.File(((pathPrefix + java.lang.Integer.toString(counter)) + .png)): null

2018-12-05 12:59:54 - [TEST_STEP][PASSED] - Statement - counter = counter + 1: null

2018-12-05 12:59:54 - [TEST_STEP][PASSED] - Statement - PreSaveFile = new java.io.File(((pathPrefix + java.lang.Integer.toString(counter)) + .png)): null

2018-12-05 12:59:54 - [TEST_STEP][PASSED] - Statement - counter = counter + 1: null

2018-12-05 12:59:54 - [TEST_STEP][PASSED] - Statement - PreSaveFile = new java.io.File(((pathPrefix + java.lang.Integer.toString(counter)) + .png)): null

2018-12-05 12:59:54 - [TEST_STEP][PASSED] - Statement - counter = counter + 1: null

2018-12-05 12:59:54 - [TEST_STEP][PASSED] - Statement - PreSaveFile = new java.io.File(((pathPrefix + java.lang.Integer.toString(counter)) + .png)): null

2018-12-05 12:59:54 - [TEST_STEP][PASSED] - Statement - counter = counter + 1: null

2018-12-05 12:59:54 - [TEST_STEP][PASSED] - Statement - PreSaveFile = new java.io.File(((pathPrefix + java.lang.Integer.toString(counter)) + .png)): null

2018-12-05 12:59:54 - [TEST_STEP][PASSED] - Statement - counter = counter + 1: null

2018-12-05 12:59:54 - [TEST_STEP][PASSED] - Statement - PreSaveFile = new java.io.File(((pathPrefix + java.lang.Integer.toString(counter)) + .png)): null

2018-12-05 12:59:54 - [TEST_STEP][PASSED] - Statement - counter = counter + 1: null

2018-12-05 12:59:54 - [TEST_STEP][PASSED] - Statement - PreSaveFile = new java.io.File(((pathPrefix + java.lang.Integer.toString(counter)) + .png)): null

2018-12-05 12:59:54 - [TEST_STEP][PASSED] - Statement - counter = counter + 1: null

2018-12-05 12:59:54 - [TEST_STEP][PASSED] - Statement - PreSaveFile = new java.io.File(((pathPrefix + java.lang.Integer.toString(counter)) + .png)): null

2018-12-05 12:59:54 - [TEST_STEP][PASSED] - Statement - counter = counter + 1: null

2018-12-05 12:59:54 - [TEST_STEP][PASSED] - Statement - PreSaveFile = new java.io.File(((pathPrefix + java.lang.Integer.toString(counter)) + .png)): null

2018-12-05 12:59:54 - [TEST_STEP][PASSED] - Statement - counter = counter + 1: null

2018-12-05 12:59:54 - [TEST_STEP][PASSED] - Statement - PreSaveFile = new java.io.File(((pathPrefix + java.lang.Integer.toString(counter)) + .png)): null

2018-12-05 12:59:54 - [TEST_STEP][PASSED] - Statement - counter = counter + 1: null

2018-12-05 12:59:54 - [TEST_STEP][PASSED] - Statement - PreSaveFile = new java.io.File(((pathPrefix + java.lang.Integer.toString(counter)) + .png)): null

2018-12-05 12:59:54 - [TEST_STEP][PASSED] - Statement - counter = counter + 1: null

2018-12-05 12:59:54 - [TEST_STEP][PASSED] - Statement - PreSaveFile = new java.io.File(((pathPrefix + java.lang.Integer.toString(counter)) + .png)): null

2018-12-05 12:59:54 - [TEST_STEP][PASSED] - Statement - counter = counter + 1: null

2018-12-05 12:59:54 - [TEST_STEP][PASSED] - Statement - PreSaveFile = new java.io.File(((pathPrefix + java.lang.Integer.toString(counter)) + .png)): null

2018-12-05 12:59:54 - [TEST_STEP][PASSED] - Statement - counter = counter + 1: null

2018-12-05 12:59:54 - [TEST_STEP][PASSED] - Statement - PreSaveFile = new java.io.File(((pathPrefix + java.lang.Integer.toString(counter)) + .png)): null

2018-12-05 12:59:54 - [TEST_STEP][PASSED] - Statement - counter = counter + 1: null

2018-12-05 12:59:54 - [TEST_STEP][PASSED] - Statement - PreSaveFile = new java.io.File(((pathPrefix + java.lang.Integer.toString(counter)) + .png)): null

2018-12-05 12:59:54 - [TEST_STEP][PASSED] - Statement - counter = counter + 1: null

2018-12-05 12:59:55 - [TEST_STEP][PASSED] - Statement - PreSaveFile = new java.io.File(((pathPrefix + java.lang.Integer.toString(counter)) + .png)): null

2018-12-05 12:59:55 - [TEST_STEP][PASSED] - Statement - counter = counter + 1: null

2018-12-05 12:59:55 - [TEST_STEP][PASSED] - Statement - PreSaveFile = new java.io.File(((pathPrefix + java.lang.Integer.toString(counter)) + .png)): null

2018-12-05 12:59:55 - [TEST_STEP][PASSED] - Statement - counter = counter + 1: null

2018-12-05 12:59:55 - [TEST_STEP][PASSED] - Statement - PreSaveFile = new java.io.File(((pathPrefix + java.lang.Integer.toString(counter)) + .png)): null

2018-12-05 12:59:55 - [TEST_STEP][PASSED] - Statement - counter = counter + 1: null

2018-12-05 12:59:55 - [TEST_STEP][PASSED] - Statement - PreSaveFile = new java.io.File(((pathPrefix + java.lang.Integer.toString(counter)) + .png)): null

2018-12-05 12:59:55 - [TEST_STEP][PASSED] - Statement - counter = counter + 1: null

2018-12-05 12:59:55 - [TEST_STEP][PASSED] - Statement - PreSaveFile = new java.io.File(((pathPrefix + java.lang.Integer.toString(counter)) + .png)): null

2018-12-05 12:59:55 - [TEST_STEP][PASSED] - Statement - counter = counter + 1: null

2018-12-05 12:59:55 - [TEST_STEP][PASSED] - Statement - PreSaveFile = new java.io.File(((pathPrefix + java.lang.Integer.toString(counter)) + .png)): null

2018-12-05 12:59:55 - [TEST_STEP][PASSED] - Statement - counter = counter + 1: null

2018-12-05 12:59:55 - [TEST_STEP][PASSED] - Statement - PreSaveFile = new java.io.File(((pathPrefix + java.lang.Integer.toString(counter)) + .png)): null

2018-12-05 12:59:55 - [TEST_STEP][PASSED] - Statement - counter = counter + 1: null

2018-12-05 12:59:55 - [TEST_STEP][PASSED] - Statement - PreSaveFile = new java.io.File(((pathPrefix + java.lang.Integer.toString(counter)) + .png)): null

2018-12-05 12:59:55 - [TEST_STEP][PASSED] - Statement - counter = counter + 1: null

2018-12-05 12:59:55 - [TEST_STEP][PASSED] - Statement - PreSaveFile = new java.io.File(((pathPrefix + java.lang.Integer.toString(counter)) + .png)): null

2018-12-05 12:59:55 - [TEST_STEP][PASSED] - Statement - counter = counter + 1: null

2018-12-05 12:59:55 - [TEST_STEP][PASSED] - Statement - PreSaveFile = new java.io.File(((pathPrefix + java.lang.Integer.toString(counter)) + .png)): null

2018-12-05 12:59:55 - [TEST_STEP][PASSED] - Statement - counter = counter + 1: null

2018-12-05 12:59:55 - [TEST_STEP][PASSED] - Statement - PreSaveFile = new java.io.File(((pathPrefix + java.lang.Integer.toString(counter)) + .png)): null

2018-12-05 12:59:55 - [TEST_STEP][PASSED] - Statement - counter = counter + 1: null

2018-12-05 12:59:55 - [TEST_STEP][PASSED] - Statement - PreSaveFile = new java.io.File(((pathPrefix + java.lang.Integer.toString(counter)) + .png)): null

2018-12-05 12:59:55 - [TEST_STEP][PASSED] - Statement - counter = counter + 1: null

2018-12-05 12:59:55 - [TEST_STEP][PASSED] - Statement - PreSaveFile = new java.io.File(((pathPrefix + java.lang.Integer.toString(counter)) + .png)): null

2018-12-05 12:59:55 - [TEST_STEP][PASSED] - Statement - counter = counter + 1: null

2018-12-05 12:59:55 - [TEST_STEP][PASSED] - Statement - PreSaveFile = new java.io.File(((pathPrefix + java.lang.Integer.toString(counter)) + .png)): null

2018-12-05 12:59:55 - [TEST_STEP][PASSED] - Statement - counter = counter + 1: null

2018-12-05 12:59:55 - [TEST_STEP][PASSED] - Statement - PreSaveFile = new java.io.File(((pathPrefix + java.lang.Integer.toString(counter)) + .png)): null

2018-12-05 12:59:55 - [TEST_STEP][PASSED] - Statement - counter = counter + 1: null

2018-12-05 12:59:55 - [TEST_STEP][PASSED] - Statement - PreSaveFile = new java.io.File(((pathPrefix + java.lang.Integer.toString(counter)) + .png)): null

2018-12-05 12:59:55 - [TEST_STEP][PASSED] - Statement - counter = counter + 1: null

2018-12-05 12:59:55 - [TEST_STEP][PASSED] - Statement - PreSaveFile = new java.io.File(((pathPrefix + java.lang.Integer.toString(counter)) + .png)): null

2018-12-05 12:59:55 - [TEST_STEP][PASSED] - Statement - counter = counter + 1: null

2018-12-05 12:59:55 - [TEST_STEP][PASSED] - Statement - PreSaveFile = new java.io.File(((pathPrefix + java.lang.Integer.toString(counter)) + .png)): null

2018-12-05 12:59:55 - [TEST_STEP][PASSED] - Statement - counter = counter + 1: null

2018-12-05 12:59:55 - [TEST_STEP][PASSED] - Statement - PreSaveFile = new java.io.File(((pathPrefix + java.lang.Integer.toString(counter)) + .png)): null

2018-12-05 12:59:55 - [TEST_STEP][PASSED] - Statement - counter = counter + 1: null

2018-12-05 12:59:56 - [TEST_STEP][PASSED] - Statement - PreSaveFile = new java.io.File(((pathPrefix + java.lang.Integer.toString(counter)) + .png)): null

2018-12-05 12:59:56 - [TEST_STEP][PASSED] - Statement - counter = counter + 1: null

2018-12-05 12:59:56 - [TEST_STEP][PASSED] - Statement - PreSaveFile = new java.io.File(((pathPrefix + java.lang.Integer.toString(counter)) + .png)): null

2018-12-05 12:59:56 - [TEST_STEP][PASSED] - Statement - counter = counter + 1: null

2018-12-05 12:59:56 - [TEST_STEP][PASSED] - Statement - PreSaveFile = new java.io.File(((pathPrefix + java.lang.Integer.toString(counter)) + .png)): null

2018-12-05 12:59:56 - [TEST_STEP][PASSED] - Statement - counter = counter + 1: null

2018-12-05 12:59:56 - [TEST_STEP][PASSED] - Statement - PreSaveFile = new java.io.File(((pathPrefix + java.lang.Integer.toString(counter)) + .png)): null

2018-12-05 12:59:56 - [TEST_STEP][PASSED] - Statement - counter = counter + 1: null

2018-12-05 12:59:56 - [TEST_STEP][PASSED] - Statement - PreSaveFile = new java.io.File(((pathPrefix + java.lang.Integer.toString(counter)) + .png)): null

2018-12-05 12:59:56 - [TEST_STEP][PASSED] - Statement - counter = counter + 1: null

2018-12-05 12:59:56 - [TEST_STEP][PASSED] - Statement - PreSaveFile = new java.io.File(((pathPrefix + java.lang.Integer.toString(counter)) + .png)): null

2018-12-05 12:59:56 - [TEST_STEP][PASSED] - Statement - counter = counter + 1: null

2018-12-05 12:59:56 - [TEST_STEP][PASSED] - Statement - PreSaveFile = new java.io.File(((pathPrefix + java.lang.Integer.toString(counter)) + .png)): null

2018-12-05 12:59:56 - [TEST_STEP][PASSED] - Statement - counter = counter + 1: null

2018-12-05 12:59:56 - [TEST_STEP][PASSED] - Statement - PreSaveFile = new java.io.File(((pathPrefix + java.lang.Integer.toString(counter)) + .png)): null

2018-12-05 12:59:56 - [TEST_STEP][PASSED] - Statement - counter = counter + 1: null

2018-12-05 12:59:56 - [TEST_STEP][PASSED] - Statement - PreSaveFile = new java.io.File(((pathPrefix + java.lang.Integer.toString(counter)) + .png)): null

2018-12-05 12:59:56 - [TEST_STEP][PASSED] - Statement - counter = counter + 1: null

2018-12-05 12:59:56 - [TEST_STEP][PASSED] - Statement - PreSaveFile = new java.io.File(((pathPrefix + java.lang.Integer.toString(counter)) + .png)): null

2018-12-05 12:59:56 - [TEST_STEP][PASSED] - Statement - counter = counter + 1: null

2018-12-05 12:59:56 - [TEST_STEP][PASSED] - Statement - PreSaveFile = new java.io.File(((pathPrefix + java.lang.Integer.toString(counter)) + .png)): null

2018-12-05 12:59:56 - [TEST_STEP][PASSED] - Statement - counter = counter + 1: null

2018-12-05 12:59:56 - [TEST_STEP][PASSED] - Statement - PreSaveFile = new java.io.File(((pathPrefix + java.lang.Integer.toString(counter)) + .png)): null

2018-12-05 12:59:56 - [TEST_STEP][PASSED] - Statement - counter = counter + 1: null

2018-12-05 12:59:56 - [TEST_STEP][PASSED] - Statement - PreSaveFile = new java.io.File(((pathPrefix + java.lang.Integer.toString(counter)) + .png)): null

2018-12-05 12:59:56 - [TEST_STEP][PASSED] - Statement - counter = counter + 1: null

2018-12-05 12:59:56 - [TEST_STEP][PASSED] - Statement - PreSaveFile = new java.io.File(((pathPrefix + java.lang.Integer.toString(counter)) + .png)): null

2018-12-05 12:59:56 - [TEST_STEP][PASSED] - Statement - counter = counter + 1: null

2018-12-05 12:59:56 - [TEST_STEP][PASSED] - Statement - PreSaveFile = new java.io.File(((pathPrefix + java.lang.Integer.toString(counter)) + .png)): null

2018-12-05 12:59:57 - [TEST_STEP][PASSED] - Statement - counter = counter + 1: null

2018-12-05 12:59:57 - [TEST_STEP][PASSED] - Statement - PreSaveFile = new java.io.File(((pathPrefix + java.lang.Integer.toString(counter)) + .png)): null

2018-12-05 12:59:57 - [TEST_STEP][PASSED] - Statement - counter = counter + 1: null

2018-12-05 12:59:57 - [TEST_STEP][PASSED] - Statement - PreSaveFile = new java.io.File(((pathPrefix + java.lang.Integer.toString(counter)) + .png)): null

2018-12-05 12:59:57 - [TEST_STEP][PASSED] - Statement - counter = counter + 1: null

2018-12-05 12:59:57 - [TEST_STEP][PASSED] - Statement - PreSaveFile = new java.io.File(((pathPrefix + java.lang.Integer.toString(counter)) + .png)): null

2018-12-05 12:59:57 - [TEST_STEP][PASSED] - Statement - counter = counter + 1: null

2018-12-05 12:59:57 - [TEST_STEP][PASSED] - Statement - PreSaveFile = new java.io.File(((pathPrefix + java.lang.Integer.toString(counter)) + .png)): null

2018-12-05 12:59:57 - [TEST_STEP][PASSED] - Statement - counter = counter + 1: null

2018-12-05 12:59:57 - [TEST_STEP][PASSED] - Statement - PreSaveFile = new java.io.File(((pathPrefix + java.lang.Integer.toString(counter)) + .png)): null

2018-12-05 12:59:57 - [TEST_STEP][PASSED] - Statement - counter = counter + 1: null

2018-12-05 12:59:57 - [TEST_STEP][PASSED] - Statement - PreSaveFile = new java.io.File(((pathPrefix + java.lang.Integer.toString(counter)) + .png)): null

2018-12-05 12:59:57 - [TEST_STEP][PASSED] - Statement - counter = counter + 1: null

2018-12-05 12:59:57 - [TEST_STEP][PASSED] - Statement - PreSaveFile = new java.io.File(((pathPrefix + java.lang.Integer.toString(counter)) + .png)): null

2018-12-05 12:59:57 - [TEST_STEP][PASSED] - Statement - counter = counter + 1: null

2018-12-05 12:59:57 - [TEST_STEP][PASSED] - Statement - PreSaveFile = new java.io.File(((pathPrefix + java.lang.Integer.toString(counter)) + .png)): null

2018-12-05 12:59:57 - [TEST_STEP][PASSED] - Statement - counter = counter + 1: null

2018-12-05 12:59:57 - [TEST_STEP][PASSED] - Statement - PreSaveFile = new java.io.File(((pathPrefix + java.lang.Integer.toString(counter)) + .png)): null

2018-12-05 12:59:57 - [TEST_STEP][PASSED] - Statement - counter = counter + 1: null

2018-12-05 12:59:57 - [TEST_STEP][PASSED] - Statement - PreSaveFile = new java.io.File(((pathPrefix + java.lang.Integer.toString(counter)) + .png)): null

2018-12-05 12:59:57 - [TEST_STEP][PASSED] - Statement - counter = counter + 1: null

2018-12-05 12:59:57 - [TEST_STEP][PASSED] - Statement - PreSaveFile = new java.io.File(((pathPrefix + java.lang.Integer.toString(counter)) + .png)): null

2018-12-05 12:59:57 - [TEST_STEP][PASSED] - Statement - counter = counter + 1: null

2018-12-05 12:59:57 - [TEST_STEP][PASSED] - Statement - PreSaveFile = new java.io.File(((pathPrefix + java.lang.Integer.toString(counter)) + .png)): null

2018-12-05 12:59:57 - [TEST_STEP][PASSED] - Statement - counter = counter + 1: null

2018-12-05 12:59:57 - [TEST_STEP][PASSED] - Statement - PreSaveFile = new java.io.File(((pathPrefix + java.lang.Integer.toString(counter)) + .png)): null

2018-12-05 12:59:57 - [TEST_STEP][PASSED] - Statement - counter = counter + 1: null

2018-12-05 12:59:57 - [TEST_STEP][PASSED] - Statement - PreSaveFile = new java.io.File(((pathPrefix + java.lang.Integer.toString(counter)) + .png)): null

2018-12-05 12:59:57 - [TEST_STEP][PASSED] - Statement - counter = counter + 1: null

2018-12-05 12:59:58 - [TEST_STEP][PASSED] - Statement - PreSaveFile = new java.io.File(((pathPrefix + java.lang.Integer.toString(counter)) + .png)): null

2018-12-05 12:59:58 - [TEST_STEP][PASSED] - Statement - counter = counter + 1: null

2018-12-05 12:59:58 - [TEST_STEP][PASSED] - Statement - PreSaveFile = new java.io.File(((pathPrefix + java.lang.Integer.toString(counter)) + .png)): null

2018-12-05 12:59:58 - [TEST_STEP][PASSED] - Statement - counter = counter + 1: null

2018-12-05 12:59:58 - [TEST_STEP][PASSED] - Statement - PreSaveFile = new java.io.File(((pathPrefix + java.lang.Integer.toString(counter)) + .png)): null

2018-12-05 12:59:58 - [TEST_STEP][PASSED] - Statement - counter = counter + 1: null

2018-12-05 12:59:58 - [TEST_STEP][PASSED] - Statement - PreSaveFile = new java.io.File(((pathPrefix + java.lang.Integer.toString(counter)) + .png)): null

2018-12-05 12:59:58 - [TEST_STEP][PASSED] - Statement - counter = counter + 1: null

2018-12-05 12:59:58 - [TEST_STEP][PASSED] - Statement - PreSaveFile = new java.io.File(((pathPrefix + java.lang.Integer.toString(counter)) + .png)): null

2018-12-05 12:59:58 - [TEST_STEP][PASSED] - Statement - counter = counter + 1: null

2018-12-05 12:59:58 - [TEST_STEP][PASSED] - Statement - PreSaveFile = new java.io.File(((pathPrefix + java.lang.Integer.toString(counter)) + .png)): null

2018-12-05 12:59:58 - [TEST_STEP][PASSED] - Statement - counter = counter + 1: null

2018-12-05 12:59:58 - [TEST_STEP][PASSED] - Statement - PreSaveFile = new java.io.File(((pathPrefix + java.lang.Integer.toString(counter)) + .png)): null

2018-12-05 12:59:58 - [TEST_STEP][PASSED] - Statement - counter = counter + 1: null

2018-12-05 12:59:58 - [TEST_STEP][PASSED] - Statement - PreSaveFile = new java.io.File(((pathPrefix + java.lang.Integer.toString(counter)) + .png)): null

2018-12-05 12:59:58 - [TEST_STEP][PASSED] - Statement - counter = counter + 1: null

2018-12-05 12:59:58 - [TEST_STEP][PASSED] - Statement - PreSaveFile = new java.io.File(((pathPrefix + java.lang.Integer.toString(counter)) + .png)): null

2018-12-05 12:59:58 - [TEST_STEP][PASSED] - Statement - counter = counter + 1: null

2018-12-05 12:59:58 - [TEST_STEP][PASSED] - Statement - PreSaveFile = new java.io.File(((pathPrefix + java.lang.Integer.toString(counter)) + .png)): null

2018-12-05 12:59:58 - [TEST_STEP][PASSED] - Statement - counter = counter + 1: null

2018-12-05 12:59:58 - [TEST_STEP][PASSED] - Statement - PreSaveFile = new java.io.File(((pathPrefix + java.lang.Integer.toString(counter)) + .png)): null

2018-12-05 12:59:58 - [TEST_STEP][PASSED] - Statement - counter = counter + 1: null

2018-12-05 12:59:58 - [TEST_STEP][PASSED] - Statement - PreSaveFile = new java.io.File(((pathPrefix + java.lang.Integer.toString(counter)) + .png)): null

2018-12-05 12:59:58 - [TEST_STEP][PASSED] - Statement - counter = counter + 1: null

2018-12-05 12:59:58 - [TEST_STEP][PASSED] - Statement - PreSaveFile = new java.io.File(((pathPrefix + java.lang.Integer.toString(counter)) + .png)): null

2018-12-05 12:59:58 - [TEST_STEP][PASSED] - Statement - counter = counter + 1: null

2018-12-05 12:59:58 - [TEST_STEP][PASSED] - Statement - PreSaveFile = new java.io.File(((pathPrefix + java.lang.Integer.toString(counter)) + .png)): null

2018-12-05 12:59:58 - [TEST_STEP][PASSED] - Statement - counter = counter + 1: null

2018-12-05 12:59:59 - [TEST_STEP][PASSED] - Statement - PreSaveFile = new java.io.File(((pathPrefix + java.lang.Integer.toString(counter)) + .png)): null

2018-12-05 12:59:59 - [TEST_STEP][PASSED] - Statement - counter = counter + 1: null

2018-12-05 12:59:59 - [TEST_STEP][PASSED] - Statement - PreSaveFile = new java.io.File(((pathPrefix + java.lang.Integer.toString(counter)) + .png)): null

2018-12-05 12:59:59 - [TEST_STEP][PASSED] - Statement - counter = counter + 1: null

2018-12-05 12:59:59 - [TEST_STEP][PASSED] - Statement - PreSaveFile = new java.io.File(((pathPrefix + java.lang.Integer.toString(counter)) + .png)): null

2018-12-05 12:59:59 - [TEST_STEP][PASSED] - Statement - counter = counter + 1: null

2018-12-05 12:59:59 - [TEST_STEP][PASSED] - Statement - PreSaveFile = new java.io.File(((pathPrefix + java.lang.Integer.toString(counter)) + .png)): null

2018-12-05 12:59:59 - [TEST_STEP][PASSED] - Statement - counter = counter + 1: null

2018-12-05 12:59:59 - [TEST_STEP][PASSED] - Statement - PreSaveFile = new java.io.File(((pathPrefix + java.lang.Integer.toString(counter)) + .png)): null

2018-12-05 12:59:59 - [TEST_STEP][PASSED] - Statement - counter = counter + 1: null

2018-12-05 12:59:59 - [TEST_STEP][PASSED] - Statement - PreSaveFile = new java.io.File(((pathPrefix + java.lang.Integer.toString(counter)) + .png)): null

2018-12-05 12:59:59 - [TEST_STEP][PASSED] - Statement - counter = counter + 1: null

2018-12-05 12:59:59 - [TEST_STEP][PASSED] - Statement - PreSaveFile = new java.io.File(((pathPrefix + java.lang.Integer.toString(counter)) + .png)): null

2018-12-05 12:59:59 - [TEST_STEP][PASSED] - Statement - counter = counter + 1: null

2018-12-05 12:59:59 - [TEST_STEP][PASSED] - Statement - PreSaveFile = new java.io.File(((pathPrefix + java.lang.Integer.toString(counter)) + .png)): null

2018-12-05 12:59:59 - [TEST_STEP][PASSED] - Statement - counter = counter + 1: null

2018-12-05 12:59:59 - [TEST_STEP][PASSED] - Statement - PreSaveFile = new java.io.File(((pathPrefix + java.lang.Integer.toString(counter)) + .png)): null

2018-12-05 12:59:59 - [TEST_STEP][PASSED] - Statement - counter = counter + 1: null

2018-12-05 12:59:59 - [TEST_STEP][PASSED] - Statement - PreSaveFile = new java.io.File(((pathPrefix + java.lang.Integer.toString(counter)) + .png)): null

2018-12-05 12:59:59 - [TEST_STEP][PASSED] - Statement - counter = counter + 1: null

2018-12-05 12:59:59 - [TEST_STEP][PASSED] - Statement - PreSaveFile = new java.io.File(((pathPrefix + java.lang.Integer.toString(counter)) + .png)): null

2018-12-05 12:59:59 - [TEST_STEP][PASSED] - Statement - counter = counter + 1: null

2018-12-05 12:59:59 - [TEST_STEP][PASSED] - Statement - PreSaveFile = new java.io.File(((pathPrefix + java.lang.Integer.toString(counter)) + .png)): null

2018-12-05 12:59:59 - [TEST_STEP][PASSED] - Statement - counter = counter + 1: null

2018-12-05 12:59:59 - [TEST_STEP][PASSED] - Statement - PreSaveFile = new java.io.File(((pathPrefix + java.lang.Integer.toString(counter)) + .png)): null

2018-12-05 12:59:59 - [TEST_STEP][PASSED] - Statement - counter = counter + 1: null

2018-12-05 12:59:59 - [TEST_STEP][PASSED] - Statement - PreSaveFile = new java.io.File(((pathPrefix + java.lang.Integer.toString(counter)) + .png)): null

2018-12-05 12:59:59 - [TEST_STEP][PASSED] - Statement - counter = counter + 1: null

2018-12-05 12:59:59 - [TEST_STEP][PASSED] - Statement - PreSaveFile = new java.io.File(((pathPrefix + java.lang.Integer.toString(counter)) + .png)): null

2018-12-05 13:00:00 - [TEST_STEP][PASSED] - Statement - counter = counter + 1: null

2018-12-05 13:00:00 - [TEST_STEP][PASSED] - Statement - PreSaveFile = new java.io.File(((pathPrefix + java.lang.Integer.toString(counter)) + .png)): null

2018-12-05 13:00:00 - [TEST_STEP][PASSED] - Statement - counter = counter + 1: null

2018-12-05 13:00:00 - [TEST_STEP][PASSED] - Statement - PreSaveFile = new java.io.File(((pathPrefix + java.lang.Integer.toString(counter)) + .png)): null

2018-12-05 13:00:00 - [TEST_STEP][PASSED] - Statement - counter = counter + 1: null

2018-12-05 13:00:00 - [TEST_STEP][PASSED] - Statement - PreSaveFile = new java.io.File(((pathPrefix + java.lang.Integer.toString(counter)) + .png)): null

2018-12-05 13:00:00 - [TEST_STEP][PASSED] - Statement - counter = counter + 1: null

2018-12-05 13:00:00 - [TEST_STEP][PASSED] - Statement - PreSaveFile = new java.io.File(((pathPrefix + java.lang.Integer.toString(counter)) + .png)): null

2018-12-05 13:00:00 - [TEST_STEP][PASSED] - Statement - counter = counter + 1: null

2018-12-05 13:00:00 - [TEST_STEP][PASSED] - Statement - PreSaveFile = new java.io.File(((pathPrefix + java.lang.Integer.toString(counter)) + .png)): null

2018-12-05 13:00:00 - [TEST_STEP][PASSED] - Statement - counter = counter + 1: null

2018-12-05 13:00:00 - [TEST_STEP][PASSED] - Statement - PreSaveFile = new java.io.File(((pathPrefix + java.lang.Integer.toString(counter)) + .png)): null

2018-12-05 13:00:00 - [TEST_STEP][PASSED] - Statement - counter = counter + 1: null

2018-12-05 13:00:00 - [TEST_STEP][PASSED] - Statement - PreSaveFile = new java.io.File(((pathPrefix + java.lang.Integer.toString(counter)) + .png)): null

2018-12-05 13:00:00 - [TEST_STEP][PASSED] - Statement - counter = counter + 1: null

2018-12-05 13:00:00 - [TEST_STEP][PASSED] - Statement - PreSaveFile = new java.io.File(((pathPrefix + java.lang.Integer.toString(counter)) + .png)): null

2018-12-05 13:00:00 - [TEST_STEP][PASSED] - Statement - counter = counter + 1: null

2018-12-05 13:00:00 - [TEST_STEP][PASSED] - Statement - PreSaveFile = new java.io.File(((pathPrefix + java.lang.Integer.toString(counter)) + .png)): null

2018-12-05 13:00:00 - [TEST_STEP][PASSED] - Statement - counter = counter + 1: null

2018-12-05 13:00:00 - [TEST_STEP][PASSED] - Statement - PreSaveFile = new java.io.File(((pathPrefix + java.lang.Integer.toString(counter)) + .png)): null

2018-12-05 13:00:00 - [TEST_STEP][PASSED] - Statement - counter = counter + 1: null

2018-12-05 13:00:00 - [TEST_STEP][PASSED] - Statement - PreSaveFile = new java.io.File(((pathPrefix + java.lang.Integer.toString(counter)) + .png)): null

2018-12-05 13:00:00 - [TEST_STEP][PASSED] - Statement - counter = counter + 1: null

2018-12-05 13:00:00 - [TEST_STEP][PASSED] - Statement - PreSaveFile = new java.io.File(((pathPrefix + java.lang.Integer.toString(counter)) + .png)): null

2018-12-05 13:00:00 - [TEST_STEP][PASSED] - Statement - counter = counter + 1: null

2018-12-05 13:00:00 - [TEST_STEP][PASSED] - Statement - PreSaveFile = new java.io.File(((pathPrefix + java.lang.Integer.toString(counter)) + .png)): null

2018-12-05 13:00:00 - [TEST_STEP][PASSED] - Statement - counter = counter + 1: null

2018-12-05 13:00:00 - [TEST_STEP][PASSED] - Statement - PreSaveFile = new java.io.File(((pathPrefix + java.lang.Integer.toString(counter)) + .png)): null

2018-12-05 13:00:00 - [TEST_STEP][PASSED] - Statement - counter = counter + 1: null

2018-12-05 13:00:01 - [TEST_STEP][PASSED] - Statement - PreSaveFile = new java.io.File(((pathPrefix + java.lang.Integer.toString(counter)) + .png)): null

2018-12-05 13:00:01 - [TEST_STEP][PASSED] - Statement - counter = counter + 1: null

2018-12-05 13:00:01 - [TEST_STEP][PASSED] - Statement - PreSaveFile = new java.io.File(((pathPrefix + java.lang.Integer.toString(counter)) + .png)): null

2018-12-05 13:00:01 - [TEST_STEP][PASSED] - Statement - counter = counter + 1: null

2018-12-05 13:00:01 - [TEST_STEP][PASSED] - Statement - PreSaveFile = new java.io.File(((pathPrefix + java.lang.Integer.toString(counter)) + .png)): null

2018-12-05 13:00:01 - [TEST_STEP][PASSED] - Statement - counter = counter + 1: null

2018-12-05 13:00:01 - [TEST_STEP][PASSED] - Statement - PreSaveFile = new java.io.File(((pathPrefix + java.lang.Integer.toString(counter)) + .png)): null

2018-12-05 13:00:01 - [TEST_STEP][PASSED] - Statement - counter = counter + 1: null

2018-12-05 13:00:01 - [TEST_STEP][PASSED] - Statement - PreSaveFile = new java.io.File(((pathPrefix + java.lang.Integer.toString(counter)) + .png)): null

2018-12-05 13:00:01 - [TEST_STEP][PASSED] - Statement - counter = counter + 1: null

2018-12-05 13:00:01 - [TEST_STEP][PASSED] - Statement - PreSaveFile = new java.io.File(((pathPrefix + java.lang.Integer.toString(counter)) + .png)): null

2018-12-05 13:00:01 - [TEST_STEP][PASSED] - Statement - counter = counter + 1: null

2018-12-05 13:00:01 - [TEST_STEP][PASSED] - Statement - PreSaveFile = new java.io.File(((pathPrefix + java.lang.Integer.toString(counter)) + .png)): null

2018-12-05 13:00:01 - [TEST_STEP][PASSED] - Statement - counter = counter + 1: null

2018-12-05 13:00:01 - [TEST_STEP][PASSED] - Statement - PreSaveFile = new java.io.File(((pathPrefix + java.lang.Integer.toString(counter)) + .png)): null

2018-12-05 13:00:01 - [TEST_STEP][PASSED] - Statement - counter = counter + 1: null

2018-12-05 13:00:01 - [TEST_STEP][PASSED] - Statement - PreSaveFile = new java.io.File(((pathPrefix + java.lang.Integer.toString(counter)) + .png)): null

2018-12-05 13:00:01 - [TEST_STEP][PASSED] - Statement - finalPath = pathPrefix + java.lang.Integer.toString(counter) + ".png": null

2018-12-05 13:00:01 - [TEST_STEP][PASSED] - Statement - SaveFile = new java.io.File(finalPath): null

2018-12-05 13:00:01 - [TEST_STEP][PASSED] - Statement - Try: null

2018-12-05 13:00:01 - [TEST_STEP][PASSED] - Statement - org.apache.commons.io.FileUtils.copyFile(scrFile, SaveFile): null

2018-12-05 13:00:01 - [TEST_STEP][PASSED] - Statement - out.println("file kept"): null

2018-12-05 13:00:01 - [TEST_STEP][PASSED] - delay: Delayed 10 second(s)

2018-12-05 13:00:11 - [MESSAGE][PASSED] - Delayed 10 second(s)

2018-12-05 13:00:11 - [MESSAGE][PASSED] - Call Test Case 'Test Cases/Final Aug 2018 - PKS Automation/Registration Module/New Registration/Submit and Screenshot/Submit Registration and Screenshot' successfully

2018-12-05 13:00:11 - [TEST_STEP][PASSED] - delay: Delayed 5 second(s)

2018-12-05 13:00:16 - [MESSAGE][PASSED] - Delayed 5 second(s)

2018-12-05 13:00:16 - [TEST_STEP][PASSED] - callTestCase: Call Test Case 'Test Cases/Final Aug 2018 - PKS Automation/Registration Module/Log Out/log out avoiding katalon tagging' successfully

2018-12-05 13:00:16 - [TEST_CASE][PASSED] - Test Cases/Final Aug 2018 - PKS Automation/Registration Module/Log Out/log out avoiding katalon tagging: Test Cases/Final Aug 2018 - PKS Automation/Registration Module/Log Out/log out avoiding katalon tagging

2018-12-05 13:00:16 - [TEST_STEP][PASSED] - navigateToUrl: Navigate to 'https://assist2-uat.perkeso.gov.my/c/portal/logout' successfully

2018-12-05 13:00:17 - [MESSAGE][PASSED] - Navigate to 'https://assist2-uat.perkeso.gov.my/c/portal/logout' successfully

2018-12-05 13:00:17 - [MESSAGE][PASSED] - Call Test Case 'Test Cases/Final Aug 2018 - PKS Automation/Registration Module/Log Out/log out avoiding katalon tagging' successfully

2018-12-05 13:00:17 - [TEST_STEP][PASSED] - callTestCase: Call Test Case 'Test Cases/Final Aug 2018 - PKS Automation/Common/Workflow Owner Finder' successfully

2018-12-05 13:00:17 - [TEST_CASE][PASSED] - Test Cases/Final Aug 2018 - PKS Automation/Common/Workflow Owner Finder: Test Cases/Final Aug 2018 - PKS Automation/Common/Workflow Owner Finder

2018-12-05 13:00:17 - [TEST_STEP][PASSED] - openBrowser: Browser is opened with url: ''

2018-12-05 13:00:17 - [MESSAGE][WARNING] - A browser is already opened. Closing browser and opening a new one

2018-12-05 13:00:20 - [MESSAGE][PASSED] - Browser is opened with url: ''

2018-12-05 13:00:20 - [TEST_STEP][PASSED] - navigateToUrl: Navigate to 'https://assist2-uat.perkeso.gov.my/login' successfully

2018-12-05 13:00:21 - [MESSAGE][PASSED] - Navigate to 'https://assist2-uat.perkeso.gov.my/login' successfully

2018-12-05 13:00:21 - [TEST_STEP][PASSED] - delay: Delayed 5 second(s)

2018-12-05 13:00:26 - [MESSAGE][PASSED] - Delayed 5 second(s)

2018-12-05 13:00:26 - [TEST_STEP][PASSED] - setText: Text 'test@liferay.com' is set on object 'Object Repository/Final Object Repo/Login Page/Internal User/Email Address'

2018-12-05 13:00:27 - [MESSAGE][PASSED] - Text 'test@liferay.com' is set on object 'Object Repository/Final Object Repo/Login Page/Internal User/Email Address'

2018-12-05 13:00:27 - [TEST_STEP][PASSED] - click: Object: 'Object Repository/Final Object Repo/Login Page/Internal User/Next Button' is clicked on

2018-12-05 13:00:27 - [MESSAGE][PASSED] - Object: 'Object Repository/Final Object Repo/Login Page/Internal User/Next Button' is clicked on

2018-12-05 13:00:27 - [TEST_STEP][PASSED] - delay: Delayed 2 second(s)

2018-12-05 13:00:29 - [MESSAGE][PASSED] - Delayed 2 second(s)

2018-12-05 13:00:29 - [TEST_STEP][PASSED] - setText: Text 'test' is set on object 'Object Repository/Final Object Repo/Login Page/Internal User/Password'

2018-12-05 13:00:29 - [MESSAGE][PASSED] - Text 'test' is set on object 'Object Repository/Final Object Repo/Login Page/Internal User/Password'

2018-12-05 13:00:29 - [TEST_STEP][PASSED] - delay: Delayed 2 second(s)

2018-12-05 13:00:31 - [MESSAGE][PASSED] - Delayed 2 second(s)

2018-12-05 13:00:31 - [TEST_STEP][PASSED] - click: Object: 'Object Repository/Final Object Repo/Login Page/Internal User/Login Button' is clicked on

2018-12-05 13:00:31 - [MESSAGE][PASSED] - Object: 'Object Repository/Final Object Repo/Login Page/Internal User/Login Button' is clicked on

2018-12-05 13:00:31 - [TEST_STEP][PASSED] - Statement - tester = com.kms.katalon.core.testobject.ObjectRepository.findTestObject(Final Object Repo/Landing Page/Select to English): Finding Test Object with id 'Object Repository/Final Object Repo/Landing Page/Select to English'

2018-12-05 13:00:31 - [TEST_STEP][PASSED] - Statement - Try: Delayed 2 second(s)

2018-12-05 13:00:31 - [TEST_STEP][PASSED] - Statement - Checker = com.kms.katalon.core.webui.keyword.WebUiBuiltInKeywords.verifyElementNotPresent(tester, 3): Web element with id: 'Object Repository/Final Object Repo/Landing Page/Select to English' located by 'By.xpath: //a[@class = 'taglib-language-list-text' and @lang = 'en-US' and (contains(text(), 'EN') or contains(., 'EN'))]' is not present after '3' second(s)

2018-12-05 13:00:33 - [MESSAGE][PASSED] - Web element with id: 'Object Repository/Final Object Repo/Landing Page/Select to English' located by 'By.xpath: //a[@class = 'taglib-language-list-text' and @lang = 'en-US' and (contains(text(), 'EN') or contains(., 'EN'))]' is not present after '3' second(s)

2018-12-05 13:00:33 - [TEST_STEP][PASSED] - Statement - If (Checker == false): null

2018-12-05 13:00:33 - [TEST_STEP][PASSED] - delay: Delayed 2 second(s)

2018-12-05 13:00:35 - [MESSAGE][PASSED] - Delayed 2 second(s)

2018-12-05 13:00:35 - [TEST_STEP][PASSED] - delay: Delayed 5 second(s)

2018-12-05 13:00:40 - [MESSAGE][PASSED] - Delayed 5 second(s)

2018-12-05 13:00:40 - [TEST_STEP][PASSED] - mouseOver: Object: 'Object Repository/Final Object Repo/Landing Page/WorkFlow Menu' is hovered

2018-12-05 13:00:40 - [MESSAGE][PASSED] - Object: 'Object Repository/Final Object Repo/Landing Page/WorkFlow Menu' is hovered

2018-12-05 13:00:40 - [TEST_STEP][PASSED] - delay: Delayed 2 second(s)

2018-12-05 13:00:42 - [MESSAGE][PASSED] - Delayed 2 second(s)

2018-12-05 13:00:42 - [TEST_STEP][PASSED] - click: Object: 'Object Repository/Final Object Repo/Landing Page/Select to Workflow Listing' is clicked on

2018-12-05 13:00:43 - [MESSAGE][PASSED] - Object: 'Object Repository/Final Object Repo/Landing Page/Select to Workflow Listing' is clicked on

2018-12-05 13:00:43 - [TEST_STEP][PASSED] - delay: Delayed 2 second(s)

2018-12-05 13:00:45 - [MESSAGE][PASSED] - Delayed 2 second(s)

2018-12-05 13:00:45 - [TEST_STEP][PASSED] - click: Object: 'Object Repository/Final Object Repo/WorkFlow Listing Page/Search Information - To Put Ref No' is clicked on

2018-12-05 13:00:46 - [MESSAGE][PASSED] - Object: 'Object Repository/Final Object Repo/WorkFlow Listing Page/Search Information - To Put Ref No' is clicked on

2018-12-05 13:00:46 - [TEST_STEP][PASSED] - delay: Delayed 2 second(s)

2018-12-05 13:00:48 - [MESSAGE][PASSED] - Delayed 2 second(s)

2018-12-05 13:00:48 - [TEST_STEP][PASSED] - callTestCase: Call Test Case 'Test Cases/Final Aug 2018 - PKS Automation/Common/Reference Number Getter' successfully

2018-12-05 13:00:48 - [TEST_CASE][PASSED] - Test Cases/Final Aug 2018 - PKS Automation/Common/Reference Number Getter: Test Cases/Final Aug 2018 - PKS Automation/Common/Reference Number Getter

2018-12-05 13:00:48 - [TEST_STEP][PASSED] - Statement - Try: null

2018-12-05 13:00:48 - [TEST_STEP][PASSED] - Statement - RefNo = new java.io.File(C://Users//Admin//Desktop//PKS//Automation Reference Point//KatalonReference.txt): null

2018-12-05 13:00:48 - [TEST_STEP][PASSED] - Statement - bufferread = new java.io.BufferedReader(new java.io.FileReader(RefNo)): null

2018-12-05 13:00:48 - [TEST_STEP][PASSED] - Statement - readedVal = bufferread.readLine(): null

2018-12-05 13:00:48 - [TEST_STEP][PASSED] - Statement - out.println(CaseReferenceNo): null

2018-12-05 13:00:48 - [TEST_STEP][PASSED] - Statement - out.println(readedVal): null

2018-12-05 13:00:48 - [TEST_STEP][PASSED] - Statement - CaseReferenceNo = "": null

2018-12-05 13:00:48 - [TEST_STEP][PASSED] - Statement - CaseReferenceNo = readedVal: null

2018-12-05 13:00:48 - [MESSAGE][PASSED] - Call Test Case 'Test Cases/Final Aug 2018 - PKS Automation/Common/Reference Number Getter' successfully

2018-12-05 13:00:48 - [TEST_STEP][PASSED] - setText: Text 'CRN12201800123008' is set on object 'Object Repository/Final Object Repo/WorkFlow Listing Page/Ref No Set Text'

2018-12-05 13:00:48 - [MESSAGE][PASSED] - Text 'CRN12201800123008' is set on object 'Object Repository/Final Object Repo/WorkFlow Listing Page/Ref No Set Text'

2018-12-05 13:00:48 - [TEST_STEP][PASSED] - delay: Delayed 2 second(s)

2018-12-05 13:00:50 - [MESSAGE][PASSED] - Delayed 2 second(s)

2018-12-05 13:00:50 - [TEST_STEP][PASSED] - click: Object: 'Object Repository/Final Object Repo/WorkFlow Listing Page/Search Ref No Search Button' is clicked on

2018-12-05 13:00:50 - [MESSAGE][PASSED] - Object: 'Object Repository/Final Object Repo/WorkFlow Listing Page/Search Ref No Search Button' is clicked on

2018-12-05 13:00:50 - [TEST_STEP][PASSED] - delay: Delayed 6 second(s)

2018-12-05 13:00:56 - [MESSAGE][PASSED] - Delayed 6 second(s)

2018-12-05 13:00:56 - [TEST_STEP][PASSED] - click: Object: 'Object Repository/Final Object Repo/WorkFlow Listing Page/Click Continue Tooltip' is clicked on

2018-12-05 13:00:57 - [MESSAGE][PASSED] - Object: 'Object Repository/Final Object Repo/WorkFlow Listing Page/Click Continue Tooltip' is clicked on

2018-12-05 13:00:57 - [TEST_STEP][PASSED] - delay: Delayed 5 second(s)

2018-12-05 13:01:02 - [MESSAGE][PASSED] - Delayed 5 second(s)

2018-12-05 13:01:02 - [TEST_STEP][PASSED] - doubleClick: Object: 'Object Repository/Final Object Repo/WorkFlow Listing Page/Workflow Found - Listing 1' is double clicked on

2018-12-05 13:01:02 - [MESSAGE][PASSED] - Object: 'Object Repository/Final Object Repo/WorkFlow Listing Page/Workflow Found - Listing 1' is double clicked on

2018-12-05 13:01:02 - [TEST_STEP][PASSED] - Statement - println(OwnerID): null

2018-12-05 13:01:02 - [TEST_STEP][PASSED] - Statement - OwnerID = com.kms.katalon.core.webui.keyword.WebUiBuiltInKeywords.getText(com.kms.katalon.core.testobject.ObjectRepository.findTestObject(Final Object Repo/WorkFlow Listing Page/Workflow Found - Listing 1), STOP_ON_FAILURE): Text of object 'Object Repository/Final Object Repo/WorkFlow Listing Page/Workflow Found - Listing 1' is: 'KLpkrbo2'

2018-12-05 13:01:03 - [MESSAGE][PASSED] - Text of object 'Object Repository/Final Object Repo/WorkFlow Listing Page/Workflow Found - Listing 1' is: 'KLpkrbo2'

2018-12-05 13:01:03 - [TEST_STEP][PASSED] - Statement - OwnerID = OwnerID.toLowerCase() + "@gmail.com": null

2018-12-05 13:01:03 - [TEST_STEP][PASSED] - Statement - println(OwnerID): null

2018-12-05 13:01:03 - [TEST_STEP][PASSED] - delay: Delayed 2 second(s)

2018-12-05 13:01:05 - [MESSAGE][PASSED] - Delayed 2 second(s)

2018-12-05 13:01:05 - [MESSAGE][PASSED] - Call Test Case 'Test Cases/Final Aug 2018 - PKS Automation/Common/Workflow Owner Finder' successfully

2018-12-05 13:01:05 - [TEST_STEP][PASSED] - callTestCase: Call Test Case 'Test Cases/Final Aug 2018 - PKS Automation/Registration Module/Log Out/log out avoiding katalon tagging' successfully

2018-12-05 13:01:05 - [TEST_CASE][PASSED] - Test Cases/Final Aug 2018 - PKS Automation/Registration Module/Log Out/log out avoiding katalon tagging: Test Cases/Final Aug 2018 - PKS Automation/Registration Module/Log Out/log out avoiding katalon tagging

2018-12-05 13:01:05 - [TEST_STEP][PASSED] - navigateToUrl: Navigate to 'https://assist2-uat.perkeso.gov.my/c/portal/logout' successfully

2018-12-05 13:01:06 - [MESSAGE][PASSED] - Navigate to 'https://assist2-uat.perkeso.gov.my/c/portal/logout' successfully

2018-12-05 13:01:06 - [MESSAGE][PASSED] - Call Test Case 'Test Cases/Final Aug 2018 - PKS Automation/Registration Module/Log Out/log out avoiding katalon tagging' successfully

2018-12-05 13:01:06 - [TEST_STEP][PASSED] - delay: Delayed 2 second(s)

2018-12-05 13:01:08 - [MESSAGE][PASSED] - Delayed 2 second(s)

2018-12-05 13:01:08 - [TEST_STEP][PASSED] - setText: Text 'klpkrbo2@gmail.com' is set on object 'Object Repository/Final Object Repo/New Registration - Registration Module Pages/New Reg - OTC to RO/Special Case - All Related Objects/Email TextBox'

2018-12-05 13:01:08 - [MESSAGE][PASSED] - Text 'klpkrbo2@gmail.com' is set on object 'Object Repository/Final Object Repo/New Registration - Registration Module Pages/New Reg - OTC to RO/Special Case - All Related Objects/Email TextBox'

2018-12-05 13:01:08 - [TEST_STEP][PASSED] - click: Object: 'Object Repository/Final Object Repo/New Registration - Registration Module Pages/New Reg - OTC to RO/Special Case - All Related Objects/Next Button' is clicked on

2018-12-05 13:01:08 - [MESSAGE][PASSED] - Object: 'Object Repository/Final Object Repo/New Registration - Registration Module Pages/New Reg - OTC to RO/Special Case - All Related Objects/Next Button' is clicked on

2018-12-05 13:01:08 - [TEST_STEP][PASSED] - delay: Delayed 2 second(s)

2018-12-05 13:01:10 - [MESSAGE][PASSED] - Delayed 2 second(s)

2018-12-05 13:01:10 - [TEST_STEP][PASSED] - setText: Text 'Test1@3456789' is set on object 'Object Repository/Final Object Repo/New Registration - Registration Module Pages/New Reg - OTC to RO/Special Case - All Related Objects/Password TextBox'

2018-12-05 13:01:14 - [MESSAGE][PASSED] - Text 'Test1@3456789' is set on object 'Object Repository/Final Object Repo/New Registration - Registration Module Pages/New Reg - OTC to RO/Special Case - All Related Objects/Password TextBox'

2018-12-05 13:01:14 - [TEST_STEP][PASSED] - delay: Delayed 2 second(s)

2018-12-05 13:01:16 - [MESSAGE][PASSED] - Delayed 2 second(s)

2018-12-05 13:01:16 - [TEST_STEP][PASSED] - click: Object: 'Object Repository/Final Object Repo/New Registration - Registration Module Pages/New Reg - OTC to RO/Special Case - All Related Objects/Login Button' is clicked on

2018-12-05 13:01:16 - [MESSAGE][PASSED] - Object: 'Object Repository/Final Object Repo/New Registration - Registration Module Pages/New Reg - OTC to RO/Special Case - All Related Objects/Login Button' is clicked on

2018-12-05 13:01:16 - [TEST_STEP][PASSED] - delay: Delayed 2 second(s)

2018-12-05 13:01:18 - [MESSAGE][PASSED] - Delayed 2 second(s)

2018-12-05 13:01:18 - [TEST_STEP][PASSED] - Statement - Try: null

2018-12-05 13:01:18 - [TEST_STEP][PASSED] - Statement - Checker = com.kms.katalon.core.webui.keyword.WebUiBuiltInKeywords.verifyElementNotPresent("Final Object Repo/Landing Page/Select to English", 3): null

2018-12-05 13:01:18 - [TEST_STEP][PASSED] - Statement - Catch (Exception e): null

2018-12-05 13:01:18 - [TEST_STEP][PASSED] - Statement - e.printStackTrace(): null

2018-12-05 13:01:18 - [TEST_STEP][PASSED] - click: Object: 'Object Repository/Final Object Repo/New Registration - Registration Module Pages/New Reg - OTC to RO/Special Case - All Related Objects/Expand to Search' is clicked on

2018-12-05 13:01:18 - [MESSAGE][PASSED] - Object: 'Object Repository/Final Object Repo/New Registration - Registration Module Pages/New Reg - OTC to RO/Special Case - All Related Objects/Expand to Search' is clicked on

2018-12-05 13:01:18 - [TEST_STEP][PASSED] - delay: Delayed 2 second(s)

2018-12-05 13:01:20 - [MESSAGE][PASSED] - Delayed 2 second(s)

2018-12-05 13:01:20 - [TEST_STEP][PASSED] - setText: Text 'CRN12201800123008' is set on object 'Object Repository/Final Object Repo/New Registration - Registration Module Pages/New Reg - OTC to RO/Special Case - All Related Objects/TextBox RefNo in Workbasket'

2018-12-05 13:01:21 - [MESSAGE][PASSED] - Text 'CRN12201800123008' is set on object 'Object Repository/Final Object Repo/New Registration - Registration Module Pages/New Reg - OTC to RO/Special Case - All Related Objects/TextBox RefNo in Workbasket'

2018-12-05 13:01:21 - [TEST_STEP][PASSED] - delay: Delayed 2 second(s)

2018-12-05 13:01:23 - [MESSAGE][PASSED] - Delayed 2 second(s)

2018-12-05 13:01:23 - [TEST_STEP][PASSED] - click: Object: 'Object Repository/Final Object Repo/New Registration - Registration Module Pages/New Reg - OTC to RO/Special Case - All Related Objects/Click Search' is clicked on

2018-12-05 13:01:23 - [MESSAGE][PASSED] - Object: 'Object Repository/Final Object Repo/New Registration - Registration Module Pages/New Reg - OTC to RO/Special Case - All Related Objects/Click Search' is clicked on

2018-12-05 13:01:23 - [TEST_STEP][PASSED] - delay: Delayed 2 second(s)

2018-12-05 13:01:25 - [MESSAGE][PASSED] - Delayed 2 second(s)

2018-12-05 13:01:25 - [TEST_STEP][PASSED] - click: Object: 'Object Repository/Final Object Repo/New Registration - Registration Module Pages/New Reg - OTC to RO/Special Case - All Related Objects/Click to Continue Workflow' is clicked on

2018-12-05 13:01:29 - [MESSAGE][PASSED] - Object: 'Object Repository/Final Object Repo/New Registration - Registration Module Pages/New Reg - OTC to RO/Special Case - All Related Objects/Click to Continue Workflow' is clicked on

2018-12-05 13:01:29 - [TEST_STEP][PASSED] - delay: Delayed 8 second(s)

2018-12-05 13:01:37 - [MESSAGE][PASSED] - Delayed 8 second(s)

2018-12-05 13:01:37 - [TEST_STEP][FAILED] - click: Unable to click on object 'Object Repository/Final Object Repo/New Registration - Registration Module Pages/New Reg - OTC to RO/Special Case - All Related Objects/Continue Button in verifying case' (Root cause: org.openqa.selenium.ElementNotVisibleException: element not interactable
  (Session info: chrome=70.0.3538.110)
  (Driver info: chromedriver=2.43.600210 (68dcf5eebde37173d4027fa8635e332711d2874a),platform=Windows NT 6.1.7601 SP1 x86_64) (WARNING: The server did not provide any stacktrace information)
Command duration or timeout: 0 milliseconds
Build info: version: '3.7.1', revision: '8a0099a', time: '2017-11-06T21:07:36.161Z'
System info: host: 'WIN7TEST02', ip: '10.20.3.72', os.name: 'Windows 7', os.arch: 'amd64', os.version: '6.1', java.version: '1.8.0_181'
Driver info: com.kms.katalon.selenium.driver.CChromeDriver
Capabilities {acceptInsecureCerts: false, acceptSslCerts: false, applicationCacheEnabled: false, browserConnectionEnabled: false, browserName: chrome, chrome: {chromedriverVersion: 2.43.600210 (68dcf5eebde371..., userDataDir: C:\Users\Admin\AppData\Loca...}, cssSelectorsEnabled: true, databaseEnabled: false, goog:chromeOptions: {debuggerAddress: localhost:62626}, handlesAlerts: true, hasTouchScreen: false, javascriptEnabled: true, locationContextEnabled: true, mobileEmulationEnabled: false, nativeEvents: true, networkConnectionEnabled: false, pageLoadStrategy: normal, platform: XP, platformName: XP, rotatable: false, setWindowRect: true, takesHeapSnapshot: true, takesScreenshot: true, unexpectedAlertBehaviour: , unhandledPromptBehavior: , version: 70.0.3538.110, webStorageEnabled: true}
Session ID: 3dea97fc1dd1580f9d5336049e42f3c1)

2018-12-05 13:01:38 - [MESSAGE][FAILED] - Unable to click on object 'Object Repository/Final Object Repo/New Registration - Registration Module Pages/New Reg - OTC to RO/Special Case - All Related Objects/Continue Button in verifying case' (Root cause: org.openqa.selenium.ElementNotVisibleException: element not interactable
  (Session info: chrome=70.0.3538.110)
  (Driver info: chromedriver=2.43.600210 (68dcf5eebde37173d4027fa8635e332711d2874a),platform=Windows NT 6.1.7601 SP1 x86_64) (WARNING: The server did not provide any stacktrace information)
Command duration or timeout: 0 milliseconds
Build info: version: '3.7.1', revision: '8a0099a', time: '2017-11-06T21:07:36.161Z'
System info: host: 'WIN7TEST02', ip: '10.20.3.72', os.name: 'Windows 7', os.arch: 'amd64', os.version: '6.1', java.version: '1.8.0_181'
Driver info: com.kms.katalon.selenium.driver.CChromeDriver
Capabilities {acceptInsecureCerts: false, acceptSslCerts: false, applicationCacheEnabled: false, browserConnectionEnabled: false, browserName: chrome, chrome: {chromedriverVersion: 2.43.600210 (68dcf5eebde371..., userDataDir: C:\Users\Admin\AppData\Loca...}, cssSelectorsEnabled: true, databaseEnabled: false, goog:chromeOptions: {debuggerAddress: localhost:62626}, handlesAlerts: true, hasTouchScreen: false, javascriptEnabled: true, locationContextEnabled: true, mobileEmulationEnabled: false, nativeEvents: true, networkConnectionEnabled: false, pageLoadStrategy: normal, platform: XP, platformName: XP, rotatable: false, setWindowRect: true, takesHeapSnapshot: true, takesScreenshot: true, unexpectedAlertBehaviour: , unhandledPromptBehavior: , version: 70.0.3538.110, webStorageEnabled: true}
Session ID: 3dea97fc1dd1580f9d5336049e42f3c1)
[[ATTACHMENT|C:\\Users\\Admin\\Desktop\\PKS\\Perkeso Phase A\\Reports\\Workflow\\New Registration\\20181205_120750\\1543986097806.png]]

2018-12-05 13:01:38 - [TEST_STEP][PASSED] - delay: Delayed 2 second(s)

2018-12-05 13:01:40 - [MESSAGE][PASSED] - Delayed 2 second(s)

2018-12-05 13:01:40 - [TEST_STEP][PASSED] - click: Object: 'Object Repository/Final Object Repo/New Registration - Registration Module Pages/Form 1/Registered As a Branch - Yes' is clicked on

2018-12-05 13:01:40 - [MESSAGE][PASSED] - Object: 'Object Repository/Final Object Repo/New Registration - Registration Module Pages/Form 1/Registered As a Branch - Yes' is clicked on

2018-12-05 13:01:40 - [TEST_STEP][PASSED] - delay: Delayed 2 second(s)

2018-12-05 13:01:42 - [MESSAGE][PASSED] - Delayed 2 second(s)

2018-12-05 13:01:42 - [TEST_STEP][PASSED] - click: Object: 'Object Repository/Final Object Repo/New Registration - Registration Module Pages/New Reg - OTC to RO/Special Case - All Related Objects/Form 1 Save n Continue' is clicked on

2018-12-05 13:01:42 - [MESSAGE][PASSED] - Object: 'Object Repository/Final Object Repo/New Registration - Registration Module Pages/New Reg - OTC to RO/Special Case - All Related Objects/Form 1 Save n Continue' is clicked on

2018-12-05 13:01:42 - [TEST_STEP][PASSED] - delay: Delayed 2 second(s)

2018-12-05 13:01:44 - [MESSAGE][PASSED] - Delayed 2 second(s)

2018-12-05 13:01:44 - [TEST_STEP][PASSED] - click: Object: 'Object Repository/Final Object Repo/New Registration - Registration Module Pages/New Reg - OTC to RO/Special Case - All Related Objects/Form 2 Save n Continue' is clicked on

2018-12-05 13:01:44 - [MESSAGE][PASSED] - Object: 'Object Repository/Final Object Repo/New Registration - Registration Module Pages/New Reg - OTC to RO/Special Case - All Related Objects/Form 2 Save n Continue' is clicked on

2018-12-05 13:01:44 - [TEST_STEP][PASSED] - delay: Delayed 2 second(s)

2018-12-05 13:01:46 - [MESSAGE][PASSED] - Delayed 2 second(s)

2018-12-05 13:01:46 - [TEST_STEP][PASSED] - click: Object: 'Object Repository/Final Object Repo/New Registration - Registration Module Pages/New Reg - OTC to RO/Special Case - All Related Objects/Third Screen Save n Continue' is clicked on

2018-12-05 13:01:52 - [MESSAGE][PASSED] - Object: 'Object Repository/Final Object Repo/New Registration - Registration Module Pages/New Reg - OTC to RO/Special Case - All Related Objects/Third Screen Save n Continue' is clicked on

2018-12-05 13:01:52 - [TEST_STEP][PASSED] - delay: Delayed 5 second(s)

2018-12-05 13:01:57 - [MESSAGE][PASSED] - Delayed 5 second(s)

2018-12-05 13:01:57 - [TEST_STEP][PASSED] - click: Object: 'Object Repository/Final Object Repo/New Registration - Registration Module Pages/New Reg - OTC to RO/Special Case - All Related Objects/Upload Doc Page Save n Continue' is clicked on

2018-12-05 13:01:57 - [MESSAGE][PASSED] - Object: 'Object Repository/Final Object Repo/New Registration - Registration Module Pages/New Reg - OTC to RO/Special Case - All Related Objects/Upload Doc Page Save n Continue' is clicked on

2018-12-05 13:01:57 - [TEST_STEP][PASSED] - delay: Delayed 5 second(s)

2018-12-05 13:02:02 - [MESSAGE][PASSED] - Delayed 5 second(s)

2018-12-05 13:02:02 - [TEST_STEP][FAILED] - click: Unable to click on object 'Object Repository/Final Object Repo/New Registration - Registration Module Pages/New Reg - OTC to RO/Special Case - All Related Objects/Under Enforcement Button at Preview Screen of RO' (Root cause: com.kms.katalon.core.webui.exception.WebElementNotFoundException: Web element with id: 'Object Repository/Final Object Repo/New Registration - Registration Module Pages/New Reg - OTC to RO/Special Case - All Related Objects/Under Enforcement Button at Preview Screen of RO' located by 'By.xpath: //a[@targets = 'baseMsgDivId' and @class = 'popup-trigger btn btn-lg blueBtn col-md-2 pull-right browserIdBtn' and (text() = ' Under Enforcement
					' or . = ' Under Enforcement
					')]' not found)

2018-12-05 13:02:37 - [MESSAGE][FAILED] - Unable to click on object 'Object Repository/Final Object Repo/New Registration - Registration Module Pages/New Reg - OTC to RO/Special Case - All Related Objects/Under Enforcement Button at Preview Screen of RO' (Root cause: com.kms.katalon.core.webui.exception.WebElementNotFoundException: Web element with id: 'Object Repository/Final Object Repo/New Registration - Registration Module Pages/New Reg - OTC to RO/Special Case - All Related Objects/Under Enforcement Button at Preview Screen of RO' located by 'By.xpath: //a[@targets = 'baseMsgDivId' and @class = 'popup-trigger btn btn-lg blueBtn col-md-2 pull-right browserIdBtn' and (text() = ' Under Enforcement
					' or . = ' Under Enforcement
					')]' not found)
[[ATTACHMENT|C:\\Users\\Admin\\Desktop\\PKS\\Perkeso Phase A\\Reports\\Workflow\\New Registration\\20181205_120750\\1543986157620.png]]

2018-12-05 13:02:37 - [TEST_STEP][PASSED] - delay: Delayed 5 second(s)

2018-12-05 13:02:42 - [MESSAGE][PASSED] - Delayed 5 second(s)

2018-12-05 13:02:42 - [TEST_STEP][FAILED] - click: Unable to click on object 'Object Repository/Final Object Repo/New Registration - Registration Module Pages/New Reg - OTC to RO/Special Case - All Related Objects/Under Enforcement - inner form' (Root cause: com.kms.katalon.core.webui.exception.WebElementNotFoundException: Web element with id: 'Object Repository/Final Object Repo/New Registration - Registration Module Pages/New Reg - OTC to RO/Special Case - All Related Objects/Under Enforcement - inner form' located by 'By.xpath: //body/div/div/div/div/div/div/form/div/div/div/div/a[@class='btn btn-lg blueBtn col-md-2 pull-right browserIdBtn']' not found)

2018-12-05 13:03:14 - [MESSAGE][FAILED] - Unable to click on object 'Object Repository/Final Object Repo/New Registration - Registration Module Pages/New Reg - OTC to RO/Special Case - All Related Objects/Under Enforcement - inner form' (Root cause: com.kms.katalon.core.webui.exception.WebElementNotFoundException: Web element with id: 'Object Repository/Final Object Repo/New Registration - Registration Module Pages/New Reg - OTC to RO/Special Case - All Related Objects/Under Enforcement - inner form' located by 'By.xpath: //body/div/div/div/div/div/div/form/div/div/div/div/a[@class='btn btn-lg blueBtn col-md-2 pull-right browserIdBtn']' not found)
[[ATTACHMENT|C:\\Users\\Admin\\Desktop\\PKS\\Perkeso Phase A\\Reports\\Workflow\\New Registration\\20181205_120750\\1543986194023.png]]

2018-12-05 13:03:14 - [TEST_STEP][PASSED] - callTestCase: Call Test Case 'Test Cases/Final Aug 2018 - PKS Automation/Common/Screenshoting tool' successfully

2018-12-05 13:03:14 - [TEST_CASE][PASSED] - Test Cases/Final Aug 2018 - PKS Automation/Common/Screenshoting tool: Test Cases/Final Aug 2018 - PKS Automation/Common/Screenshoting tool

2018-12-05 13:03:14 - [TEST_STEP][PASSED] - delay: Delayed 15 second(s)

2018-12-05 13:03:29 - [MESSAGE][PASSED] - Delayed 15 second(s)

2018-12-05 13:03:29 - [TEST_STEP][PASSED] - Statement - driver = com.kms.katalon.core.webui.driver.DriverFactory.getWebDriver(): null

2018-12-05 13:03:29 - [TEST_STEP][PASSED] - Statement - driver.manage().timeouts().implicitlyWait(10, SECONDS): null

2018-12-05 13:03:29 - [TEST_STEP][PASSED] - Statement - PresavePath = KatalonScreenshots: null

2018-12-05 13:03:29 - [TEST_STEP][PASSED] - Statement - pathPrefix = "C:\Users\Public\Pictures\Sample Pictures\Katalon Screenshots\Automate Ending Screen": null

2018-12-05 13:03:29 - [TEST_STEP][PASSED] - Statement - finalPath = <not implemented yet for class: org.codehaus.groovy.ast.expr.EmptyExpression>: null

2018-12-05 13:03:29 - [TEST_STEP][PASSED] - Statement - scrFile = driver.getScreenshotAs(FILE): null

2018-12-05 13:03:29 - [TEST_STEP][PASSED] - Statement - PreSaveFile = new java.io.File(PresavePath): null

2018-12-05 13:03:29 - [TEST_STEP][PASSED] - Statement - counter = 0: null

2018-12-05 13:03:29 - [TEST_STEP][PASSED] - Statement - If (PreSaveFile.exists()): null

2018-12-05 13:03:29 - [TEST_STEP][PASSED] - Statement - While (PreSaveFile.exists()): null

2018-12-05 13:03:29 - [TEST_STEP][PASSED] - Statement - counter = counter + 1: null

2018-12-05 13:03:29 - [TEST_STEP][PASSED] - Statement - PreSaveFile = new java.io.File(((pathPrefix + java.lang.Integer.toString(counter)) + .png)): null

2018-12-05 13:03:29 - [TEST_STEP][PASSED] - Statement - counter = counter + 1: null

2018-12-05 13:03:29 - [TEST_STEP][PASSED] - Statement - PreSaveFile = new java.io.File(((pathPrefix + java.lang.Integer.toString(counter)) + .png)): null

2018-12-05 13:03:29 - [TEST_STEP][PASSED] - Statement - counter = counter + 1: null

2018-12-05 13:03:29 - [TEST_STEP][PASSED] - Statement - PreSaveFile = new java.io.File(((pathPrefix + java.lang.Integer.toString(counter)) + .png)): null

2018-12-05 13:03:29 - [TEST_STEP][PASSED] - Statement - counter = counter + 1: null

2018-12-05 13:03:29 - [TEST_STEP][PASSED] - Statement - PreSaveFile = new java.io.File(((pathPrefix + java.lang.Integer.toString(counter)) + .png)): null

2018-12-05 13:03:29 - [TEST_STEP][PASSED] - Statement - counter = counter + 1: null

2018-12-05 13:03:29 - [TEST_STEP][PASSED] - Statement - PreSaveFile = new java.io.File(((pathPrefix + java.lang.Integer.toString(counter)) + .png)): null

2018-12-05 13:03:29 - [TEST_STEP][PASSED] - Statement - counter = counter + 1: null

2018-12-05 13:03:29 - [TEST_STEP][PASSED] - Statement - PreSaveFile = new java.io.File(((pathPrefix + java.lang.Integer.toString(counter)) + .png)): null

2018-12-05 13:03:29 - [TEST_STEP][PASSED] - Statement - counter = counter + 1: null

2018-12-05 13:03:29 - [TEST_STEP][PASSED] - Statement - PreSaveFile = new java.io.File(((pathPrefix + java.lang.Integer.toString(counter)) + .png)): null

2018-12-05 13:03:29 - [TEST_STEP][PASSED] - Statement - counter = counter + 1: null

2018-12-05 13:03:29 - [TEST_STEP][PASSED] - Statement - PreSaveFile = new java.io.File(((pathPrefix + java.lang.Integer.toString(counter)) + .png)): null

2018-12-05 13:03:29 - [TEST_STEP][PASSED] - Statement - counter = counter + 1: null

2018-12-05 13:03:29 - [TEST_STEP][PASSED] - Statement - PreSaveFile = new java.io.File(((pathPrefix + java.lang.Integer.toString(counter)) + .png)): null

2018-12-05 13:03:29 - [TEST_STEP][PASSED] - Statement - counter = counter + 1: null

2018-12-05 13:03:29 - [TEST_STEP][PASSED] - Statement - PreSaveFile = new java.io.File(((pathPrefix + java.lang.Integer.toString(counter)) + .png)): null

2018-12-05 13:03:29 - [TEST_STEP][PASSED] - Statement - counter = counter + 1: null

2018-12-05 13:03:29 - [TEST_STEP][PASSED] - Statement - PreSaveFile = new java.io.File(((pathPrefix + java.lang.Integer.toString(counter)) + .png)): null

2018-12-05 13:03:29 - [TEST_STEP][PASSED] - Statement - counter = counter + 1: null

2018-12-05 13:03:29 - [TEST_STEP][PASSED] - Statement - PreSaveFile = new java.io.File(((pathPrefix + java.lang.Integer.toString(counter)) + .png)): null

2018-12-05 13:03:29 - [TEST_STEP][PASSED] - Statement - counter = counter + 1: null

2018-12-05 13:03:30 - [TEST_STEP][PASSED] - Statement - PreSaveFile = new java.io.File(((pathPrefix + java.lang.Integer.toString(counter)) + .png)): null

2018-12-05 13:03:30 - [TEST_STEP][PASSED] - Statement - counter = counter + 1: null

2018-12-05 13:03:30 - [TEST_STEP][PASSED] - Statement - PreSaveFile = new java.io.File(((pathPrefix + java.lang.Integer.toString(counter)) + .png)): null

2018-12-05 13:03:30 - [TEST_STEP][PASSED] - Statement - counter = counter + 1: null

2018-12-05 13:03:30 - [TEST_STEP][PASSED] - Statement - PreSaveFile = new java.io.File(((pathPrefix + java.lang.Integer.toString(counter)) + .png)): null

2018-12-05 13:03:30 - [TEST_STEP][PASSED] - Statement - counter = counter + 1: null

2018-12-05 13:03:30 - [TEST_STEP][PASSED] - Statement - PreSaveFile = new java.io.File(((pathPrefix + java.lang.Integer.toString(counter)) + .png)): null

2018-12-05 13:03:30 - [TEST_STEP][PASSED] - Statement - counter = counter + 1: null

2018-12-05 13:03:30 - [TEST_STEP][PASSED] - Statement - PreSaveFile = new java.io.File(((pathPrefix + java.lang.Integer.toString(counter)) + .png)): null

2018-12-05 13:03:30 - [TEST_STEP][PASSED] - Statement - counter = counter + 1: null

2018-12-05 13:03:30 - [TEST_STEP][PASSED] - Statement - PreSaveFile = new java.io.File(((pathPrefix + java.lang.Integer.toString(counter)) + .png)): null

2018-12-05 13:03:30 - [TEST_STEP][PASSED] - Statement - counter = counter + 1: null

2018-12-05 13:03:30 - [TEST_STEP][PASSED] - Statement - PreSaveFile = new java.io.File(((pathPrefix + java.lang.Integer.toString(counter)) + .png)): null

2018-12-05 13:03:30 - [TEST_STEP][PASSED] - Statement - counter = counter + 1: null

2018-12-05 13:03:30 - [TEST_STEP][PASSED] - Statement - PreSaveFile = new java.io.File(((pathPrefix + java.lang.Integer.toString(counter)) + .png)): null

2018-12-05 13:03:30 - [TEST_STEP][PASSED] - Statement - counter = counter + 1: null

2018-12-05 13:03:30 - [TEST_STEP][PASSED] - Statement - PreSaveFile = new java.io.File(((pathPrefix + java.lang.Integer.toString(counter)) + .png)): null

2018-12-05 13:03:30 - [TEST_STEP][PASSED] - Statement - counter = counter + 1: null

2018-12-05 13:03:30 - [TEST_STEP][PASSED] - Statement - PreSaveFile = new java.io.File(((pathPrefix + java.lang.Integer.toString(counter)) + .png)): null

2018-12-05 13:03:30 - [TEST_STEP][PASSED] - Statement - counter = counter + 1: null

2018-12-05 13:03:30 - [TEST_STEP][PASSED] - Statement - PreSaveFile = new java.io.File(((pathPrefix + java.lang.Integer.toString(counter)) + .png)): null

2018-12-05 13:03:30 - [TEST_STEP][PASSED] - Statement - counter = counter + 1: null

2018-12-05 13:03:30 - [TEST_STEP][PASSED] - Statement - PreSaveFile = new java.io.File(((pathPrefix + java.lang.Integer.toString(counter)) + .png)): null

2018-12-05 13:03:30 - [TEST_STEP][PASSED] - Statement - counter = counter + 1: null

2018-12-05 13:03:30 - [TEST_STEP][PASSED] - Statement - PreSaveFile = new java.io.File(((pathPrefix + java.lang.Integer.toString(counter)) + .png)): null

2018-12-05 13:03:30 - [TEST_STEP][PASSED] - Statement - counter = counter + 1: null

2018-12-05 13:03:30 - [TEST_STEP][PASSED] - Statement - PreSaveFile = new java.io.File(((pathPrefix + java.lang.Integer.toString(counter)) + .png)): null

2018-12-05 13:03:30 - [TEST_STEP][PASSED] - Statement - counter = counter + 1: null

2018-12-05 13:03:30 - [TEST_STEP][PASSED] - Statement - PreSaveFile = new java.io.File(((pathPrefix + java.lang.Integer.toString(counter)) + .png)): null

2018-12-05 13:03:30 - [TEST_STEP][PASSED] - Statement - counter = counter + 1: null

2018-12-05 13:03:31 - [TEST_STEP][PASSED] - Statement - PreSaveFile = new java.io.File(((pathPrefix + java.lang.Integer.toString(counter)) + .png)): null

2018-12-05 13:03:31 - [TEST_STEP][PASSED] - Statement - counter = counter + 1: null

2018-12-05 13:03:31 - [TEST_STEP][PASSED] - Statement - PreSaveFile = new java.io.File(((pathPrefix + java.lang.Integer.toString(counter)) + .png)): null

2018-12-05 13:03:31 - [TEST_STEP][PASSED] - Statement - counter = counter + 1: null

2018-12-05 13:03:31 - [TEST_STEP][PASSED] - Statement - PreSaveFile = new java.io.File(((pathPrefix + java.lang.Integer.toString(counter)) + .png)): null

2018-12-05 13:03:31 - [TEST_STEP][PASSED] - Statement - counter = counter + 1: null

2018-12-05 13:03:31 - [TEST_STEP][PASSED] - Statement - PreSaveFile = new java.io.File(((pathPrefix + java.lang.Integer.toString(counter)) + .png)): null

2018-12-05 13:03:31 - [TEST_STEP][PASSED] - Statement - counter = counter + 1: null

2018-12-05 13:03:31 - [TEST_STEP][PASSED] - Statement - PreSaveFile = new java.io.File(((pathPrefix + java.lang.Integer.toString(counter)) + .png)): null

2018-12-05 13:03:31 - [TEST_STEP][PASSED] - Statement - counter = counter + 1: null

2018-12-05 13:03:31 - [TEST_STEP][PASSED] - Statement - PreSaveFile = new java.io.File(((pathPrefix + java.lang.Integer.toString(counter)) + .png)): null

2018-12-05 13:03:31 - [TEST_STEP][PASSED] - Statement - counter = counter + 1: null

2018-12-05 13:03:31 - [TEST_STEP][PASSED] - Statement - PreSaveFile = new java.io.File(((pathPrefix + java.lang.Integer.toString(counter)) + .png)): null

2018-12-05 13:03:31 - [TEST_STEP][PASSED] - Statement - counter = counter + 1: null

2018-12-05 13:03:31 - [TEST_STEP][PASSED] - Statement - PreSaveFile = new java.io.File(((pathPrefix + java.lang.Integer.toString(counter)) + .png)): null

2018-12-05 13:03:31 - [TEST_STEP][PASSED] - Statement - counter = counter + 1: null

2018-12-05 13:03:31 - [TEST_STEP][PASSED] - Statement - PreSaveFile = new java.io.File(((pathPrefix + java.lang.Integer.toString(counter)) + .png)): null

2018-12-05 13:03:31 - [TEST_STEP][PASSED] - Statement - counter = counter + 1: null

2018-12-05 13:03:31 - [TEST_STEP][PASSED] - Statement - PreSaveFile = new java.io.File(((pathPrefix + java.lang.Integer.toString(counter)) + .png)): null

2018-12-05 13:03:31 - [TEST_STEP][PASSED] - Statement - counter = counter + 1: null

2018-12-05 13:03:31 - [TEST_STEP][PASSED] - Statement - PreSaveFile = new java.io.File(((pathPrefix + java.lang.Integer.toString(counter)) + .png)): null

2018-12-05 13:03:31 - [TEST_STEP][PASSED] - Statement - counter = counter + 1: null

2018-12-05 13:03:31 - [TEST_STEP][PASSED] - Statement - PreSaveFile = new java.io.File(((pathPrefix + java.lang.Integer.toString(counter)) + .png)): null

2018-12-05 13:03:31 - [TEST_STEP][PASSED] - Statement - counter = counter + 1: null

2018-12-05 13:03:31 - [TEST_STEP][PASSED] - Statement - PreSaveFile = new java.io.File(((pathPrefix + java.lang.Integer.toString(counter)) + .png)): null

2018-12-05 13:03:31 - [TEST_STEP][PASSED] - Statement - counter = counter + 1: null

2018-12-05 13:03:31 - [TEST_STEP][PASSED] - Statement - PreSaveFile = new java.io.File(((pathPrefix + java.lang.Integer.toString(counter)) + .png)): null

2018-12-05 13:03:31 - [TEST_STEP][PASSED] - Statement - counter = counter + 1: null

2018-12-05 13:03:31 - [TEST_STEP][PASSED] - Statement - PreSaveFile = new java.io.File(((pathPrefix + java.lang.Integer.toString(counter)) + .png)): null

2018-12-05 13:03:32 - [TEST_STEP][PASSED] - Statement - counter = counter + 1: null

2018-12-05 13:03:32 - [TEST_STEP][PASSED] - Statement - PreSaveFile = new java.io.File(((pathPrefix + java.lang.Integer.toString(counter)) + .png)): null

2018-12-05 13:03:32 - [TEST_STEP][PASSED] - Statement - counter = counter + 1: null

2018-12-05 13:03:32 - [TEST_STEP][PASSED] - Statement - PreSaveFile = new java.io.File(((pathPrefix + java.lang.Integer.toString(counter)) + .png)): null

2018-12-05 13:03:32 - [TEST_STEP][PASSED] - Statement - counter = counter + 1: null

2018-12-05 13:03:32 - [TEST_STEP][PASSED] - Statement - PreSaveFile = new java.io.File(((pathPrefix + java.lang.Integer.toString(counter)) + .png)): null

2018-12-05 13:03:32 - [TEST_STEP][PASSED] - Statement - counter = counter + 1: null

2018-12-05 13:03:32 - [TEST_STEP][PASSED] - Statement - PreSaveFile = new java.io.File(((pathPrefix + java.lang.Integer.toString(counter)) + .png)): null

2018-12-05 13:03:32 - [TEST_STEP][PASSED] - Statement - counter = counter + 1: null

2018-12-05 13:03:32 - [TEST_STEP][PASSED] - Statement - PreSaveFile = new java.io.File(((pathPrefix + java.lang.Integer.toString(counter)) + .png)): null

2018-12-05 13:03:32 - [TEST_STEP][PASSED] - Statement - counter = counter + 1: null

2018-12-05 13:03:32 - [TEST_STEP][PASSED] - Statement - PreSaveFile = new java.io.File(((pathPrefix + java.lang.Integer.toString(counter)) + .png)): null

2018-12-05 13:03:32 - [TEST_STEP][PASSED] - Statement - counter = counter + 1: null

2018-12-05 13:03:32 - [TEST_STEP][PASSED] - Statement - PreSaveFile = new java.io.File(((pathPrefix + java.lang.Integer.toString(counter)) + .png)): null

2018-12-05 13:03:32 - [TEST_STEP][PASSED] - Statement - counter = counter + 1: null

2018-12-05 13:03:32 - [TEST_STEP][PASSED] - Statement - PreSaveFile = new java.io.File(((pathPrefix + java.lang.Integer.toString(counter)) + .png)): null

2018-12-05 13:03:32 - [TEST_STEP][PASSED] - Statement - counter = counter + 1: null

2018-12-05 13:03:32 - [TEST_STEP][PASSED] - Statement - PreSaveFile = new java.io.File(((pathPrefix + java.lang.Integer.toString(counter)) + .png)): null

2018-12-05 13:03:32 - [TEST_STEP][PASSED] - Statement - counter = counter + 1: null

2018-12-05 13:03:32 - [TEST_STEP][PASSED] - Statement - PreSaveFile = new java.io.File(((pathPrefix + java.lang.Integer.toString(counter)) + .png)): null

2018-12-05 13:03:32 - [TEST_STEP][PASSED] - Statement - counter = counter + 1: null

2018-12-05 13:03:32 - [TEST_STEP][PASSED] - Statement - PreSaveFile = new java.io.File(((pathPrefix + java.lang.Integer.toString(counter)) + .png)): null

2018-12-05 13:03:32 - [TEST_STEP][PASSED] - Statement - counter = counter + 1: null

2018-12-05 13:03:32 - [TEST_STEP][PASSED] - Statement - PreSaveFile = new java.io.File(((pathPrefix + java.lang.Integer.toString(counter)) + .png)): null

2018-12-05 13:03:32 - [TEST_STEP][PASSED] - Statement - counter = counter + 1: null

2018-12-05 13:03:32 - [TEST_STEP][PASSED] - Statement - PreSaveFile = new java.io.File(((pathPrefix + java.lang.Integer.toString(counter)) + .png)): null

2018-12-05 13:03:32 - [TEST_STEP][PASSED] - Statement - counter = counter + 1: null

2018-12-05 13:03:32 - [TEST_STEP][PASSED] - Statement - PreSaveFile = new java.io.File(((pathPrefix + java.lang.Integer.toString(counter)) + .png)): null

2018-12-05 13:03:32 - [TEST_STEP][PASSED] - Statement - counter = counter + 1: null

2018-12-05 13:03:32 - [TEST_STEP][PASSED] - Statement - PreSaveFile = new java.io.File(((pathPrefix + java.lang.Integer.toString(counter)) + .png)): null

2018-12-05 13:03:32 - [TEST_STEP][PASSED] - Statement - counter = counter + 1: null

2018-12-05 13:03:32 - [TEST_STEP][PASSED] - Statement - PreSaveFile = new java.io.File(((pathPrefix + java.lang.Integer.toString(counter)) + .png)): null

2018-12-05 13:03:32 - [TEST_STEP][PASSED] - Statement - counter = counter + 1: null

2018-12-05 13:03:32 - [TEST_STEP][PASSED] - Statement - PreSaveFile = new java.io.File(((pathPrefix + java.lang.Integer.toString(counter)) + .png)): null

2018-12-05 13:03:32 - [TEST_STEP][PASSED] - Statement - counter = counter + 1: null

2018-12-05 13:03:32 - [TEST_STEP][PASSED] - Statement - PreSaveFile = new java.io.File(((pathPrefix + java.lang.Integer.toString(counter)) + .png)): null

2018-12-05 13:03:32 - [TEST_STEP][PASSED] - Statement - counter = counter + 1: null

2018-12-05 13:03:32 - [TEST_STEP][PASSED] - Statement - PreSaveFile = new java.io.File(((pathPrefix + java.lang.Integer.toString(counter)) + .png)): null

2018-12-05 13:03:32 - [TEST_STEP][PASSED] - Statement - counter = counter + 1: null

2018-12-05 13:03:32 - [TEST_STEP][PASSED] - Statement - PreSaveFile = new java.io.File(((pathPrefix + java.lang.Integer.toString(counter)) + .png)): null

2018-12-05 13:03:33 - [TEST_STEP][PASSED] - Statement - counter = counter + 1: null

2018-12-05 13:03:33 - [TEST_STEP][PASSED] - Statement - PreSaveFile = new java.io.File(((pathPrefix + java.lang.Integer.toString(counter)) + .png)): null

2018-12-05 13:03:33 - [TEST_STEP][PASSED] - Statement - counter = counter + 1: null

2018-12-05 13:03:33 - [TEST_STEP][PASSED] - Statement - PreSaveFile = new java.io.File(((pathPrefix + java.lang.Integer.toString(counter)) + .png)): null

2018-12-05 13:03:33 - [TEST_STEP][PASSED] - Statement - counter = counter + 1: null

2018-12-05 13:03:33 - [TEST_STEP][PASSED] - Statement - PreSaveFile = new java.io.File(((pathPrefix + java.lang.Integer.toString(counter)) + .png)): null

2018-12-05 13:03:33 - [TEST_STEP][PASSED] - Statement - counter = counter + 1: null

2018-12-05 13:03:33 - [TEST_STEP][PASSED] - Statement - PreSaveFile = new java.io.File(((pathPrefix + java.lang.Integer.toString(counter)) + .png)): null

2018-12-05 13:03:33 - [TEST_STEP][PASSED] - Statement - counter = counter + 1: null

2018-12-05 13:03:33 - [TEST_STEP][PASSED] - Statement - PreSaveFile = new java.io.File(((pathPrefix + java.lang.Integer.toString(counter)) + .png)): null

2018-12-05 13:03:33 - [TEST_STEP][PASSED] - Statement - counter = counter + 1: null

2018-12-05 13:03:33 - [TEST_STEP][PASSED] - Statement - PreSaveFile = new java.io.File(((pathPrefix + java.lang.Integer.toString(counter)) + .png)): null

2018-12-05 13:03:33 - [TEST_STEP][PASSED] - Statement - counter = counter + 1: null

2018-12-05 13:03:33 - [TEST_STEP][PASSED] - Statement - PreSaveFile = new java.io.File(((pathPrefix + java.lang.Integer.toString(counter)) + .png)): null

2018-12-05 13:03:33 - [TEST_STEP][PASSED] - Statement - counter = counter + 1: null

2018-12-05 13:03:33 - [TEST_STEP][PASSED] - Statement - PreSaveFile = new java.io.File(((pathPrefix + java.lang.Integer.toString(counter)) + .png)): null

2018-12-05 13:03:33 - [TEST_STEP][PASSED] - Statement - counter = counter + 1: null

2018-12-05 13:03:33 - [TEST_STEP][PASSED] - Statement - PreSaveFile = new java.io.File(((pathPrefix + java.lang.Integer.toString(counter)) + .png)): null

2018-12-05 13:03:33 - [TEST_STEP][PASSED] - Statement - counter = counter + 1: null

2018-12-05 13:03:33 - [TEST_STEP][PASSED] - Statement - PreSaveFile = new java.io.File(((pathPrefix + java.lang.Integer.toString(counter)) + .png)): null

2018-12-05 13:03:33 - [TEST_STEP][PASSED] - Statement - counter = counter + 1: null

2018-12-05 13:03:33 - [TEST_STEP][PASSED] - Statement - PreSaveFile = new java.io.File(((pathPrefix + java.lang.Integer.toString(counter)) + .png)): null

2018-12-05 13:03:33 - [TEST_STEP][PASSED] - Statement - counter = counter + 1: null

2018-12-05 13:03:33 - [TEST_STEP][PASSED] - Statement - PreSaveFile = new java.io.File(((pathPrefix + java.lang.Integer.toString(counter)) + .png)): null

2018-12-05 13:03:33 - [TEST_STEP][PASSED] - Statement - counter = counter + 1: null

2018-12-05 13:03:33 - [TEST_STEP][PASSED] - Statement - PreSaveFile = new java.io.File(((pathPrefix + java.lang.Integer.toString(counter)) + .png)): null

2018-12-05 13:03:33 - [TEST_STEP][PASSED] - Statement - counter = counter + 1: null

2018-12-05 13:03:33 - [TEST_STEP][PASSED] - Statement - PreSaveFile = new java.io.File(((pathPrefix + java.lang.Integer.toString(counter)) + .png)): null

2018-12-05 13:03:33 - [TEST_STEP][PASSED] - Statement - counter = counter + 1: null

2018-12-05 13:03:33 - [TEST_STEP][PASSED] - Statement - PreSaveFile = new java.io.File(((pathPrefix + java.lang.Integer.toString(counter)) + .png)): null

2018-12-05 13:03:33 - [TEST_STEP][PASSED] - Statement - counter = counter + 1: null

2018-12-05 13:03:33 - [TEST_STEP][PASSED] - Statement - PreSaveFile = new java.io.File(((pathPrefix + java.lang.Integer.toString(counter)) + .png)): null

2018-12-05 13:03:33 - [TEST_STEP][PASSED] - Statement - counter = counter + 1: null

2018-12-05 13:03:33 - [TEST_STEP][PASSED] - Statement - PreSaveFile = new java.io.File(((pathPrefix + java.lang.Integer.toString(counter)) + .png)): null

2018-12-05 13:03:33 - [TEST_STEP][PASSED] - Statement - counter = counter + 1: null

2018-12-05 13:03:33 - [TEST_STEP][PASSED] - Statement - PreSaveFile = new java.io.File(((pathPrefix + java.lang.Integer.toString(counter)) + .png)): null

2018-12-05 13:03:33 - [TEST_STEP][PASSED] - Statement - counter = counter + 1: null

2018-12-05 13:03:34 - [TEST_STEP][PASSED] - Statement - PreSaveFile = new java.io.File(((pathPrefix + java.lang.Integer.toString(counter)) + .png)): null

2018-12-05 13:03:34 - [TEST_STEP][PASSED] - Statement - counter = counter + 1: null

2018-12-05 13:03:34 - [TEST_STEP][PASSED] - Statement - PreSaveFile = new java.io.File(((pathPrefix + java.lang.Integer.toString(counter)) + .png)): null

2018-12-05 13:03:34 - [TEST_STEP][PASSED] - Statement - counter = counter + 1: null

2018-12-05 13:03:34 - [TEST_STEP][PASSED] - Statement - PreSaveFile = new java.io.File(((pathPrefix + java.lang.Integer.toString(counter)) + .png)): null

2018-12-05 13:03:34 - [TEST_STEP][PASSED] - Statement - counter = counter + 1: null

2018-12-05 13:03:34 - [TEST_STEP][PASSED] - Statement - PreSaveFile = new java.io.File(((pathPrefix + java.lang.Integer.toString(counter)) + .png)): null

2018-12-05 13:03:34 - [TEST_STEP][PASSED] - Statement - counter = counter + 1: null

2018-12-05 13:03:34 - [TEST_STEP][PASSED] - Statement - PreSaveFile = new java.io.File(((pathPrefix + java.lang.Integer.toString(counter)) + .png)): null

2018-12-05 13:03:34 - [TEST_STEP][PASSED] - Statement - counter = counter + 1: null

2018-12-05 13:03:34 - [TEST_STEP][PASSED] - Statement - PreSaveFile = new java.io.File(((pathPrefix + java.lang.Integer.toString(counter)) + .png)): null

2018-12-05 13:03:34 - [TEST_STEP][PASSED] - Statement - counter = counter + 1: null

2018-12-05 13:03:34 - [TEST_STEP][PASSED] - Statement - PreSaveFile = new java.io.File(((pathPrefix + java.lang.Integer.toString(counter)) + .png)): null

2018-12-05 13:03:34 - [TEST_STEP][PASSED] - Statement - counter = counter + 1: null

2018-12-05 13:03:34 - [TEST_STEP][PASSED] - Statement - PreSaveFile = new java.io.File(((pathPrefix + java.lang.Integer.toString(counter)) + .png)): null

2018-12-05 13:03:34 - [TEST_STEP][PASSED] - Statement - counter = counter + 1: null

2018-12-05 13:03:34 - [TEST_STEP][PASSED] - Statement - PreSaveFile = new java.io.File(((pathPrefix + java.lang.Integer.toString(counter)) + .png)): null

2018-12-05 13:03:34 - [TEST_STEP][PASSED] - Statement - counter = counter + 1: null

2018-12-05 13:03:34 - [TEST_STEP][PASSED] - Statement - PreSaveFile = new java.io.File(((pathPrefix + java.lang.Integer.toString(counter)) + .png)): null

2018-12-05 13:03:34 - [TEST_STEP][PASSED] - Statement - counter = counter + 1: null

2018-12-05 13:03:34 - [TEST_STEP][PASSED] - Statement - PreSaveFile = new java.io.File(((pathPrefix + java.lang.Integer.toString(counter)) + .png)): null

2018-12-05 13:03:34 - [TEST_STEP][PASSED] - Statement - counter = counter + 1: null

2018-12-05 13:03:34 - [TEST_STEP][PASSED] - Statement - PreSaveFile = new java.io.File(((pathPrefix + java.lang.Integer.toString(counter)) + .png)): null

2018-12-05 13:03:34 - [TEST_STEP][PASSED] - Statement - counter = counter + 1: null

2018-12-05 13:03:34 - [TEST_STEP][PASSED] - Statement - PreSaveFile = new java.io.File(((pathPrefix + java.lang.Integer.toString(counter)) + .png)): null

2018-12-05 13:03:34 - [TEST_STEP][PASSED] - Statement - counter = counter + 1: null

2018-12-05 13:03:34 - [TEST_STEP][PASSED] - Statement - PreSaveFile = new java.io.File(((pathPrefix + java.lang.Integer.toString(counter)) + .png)): null

2018-12-05 13:03:34 - [TEST_STEP][PASSED] - Statement - counter = counter + 1: null

2018-12-05 13:03:35 - [TEST_STEP][PASSED] - Statement - PreSaveFile = new java.io.File(((pathPrefix + java.lang.Integer.toString(counter)) + .png)): null

2018-12-05 13:03:35 - [TEST_STEP][PASSED] - Statement - counter = counter + 1: null

2018-12-05 13:03:35 - [TEST_STEP][PASSED] - Statement - PreSaveFile = new java.io.File(((pathPrefix + java.lang.Integer.toString(counter)) + .png)): null

2018-12-05 13:03:35 - [TEST_STEP][PASSED] - Statement - counter = counter + 1: null

2018-12-05 13:03:35 - [TEST_STEP][PASSED] - Statement - PreSaveFile = new java.io.File(((pathPrefix + java.lang.Integer.toString(counter)) + .png)): null

2018-12-05 13:03:35 - [TEST_STEP][PASSED] - Statement - counter = counter + 1: null

2018-12-05 13:03:35 - [TEST_STEP][PASSED] - Statement - PreSaveFile = new java.io.File(((pathPrefix + java.lang.Integer.toString(counter)) + .png)): null

2018-12-05 13:03:35 - [TEST_STEP][PASSED] - Statement - counter = counter + 1: null

2018-12-05 13:03:35 - [TEST_STEP][PASSED] - Statement - PreSaveFile = new java.io.File(((pathPrefix + java.lang.Integer.toString(counter)) + .png)): null

2018-12-05 13:03:35 - [TEST_STEP][PASSED] - Statement - counter = counter + 1: null

2018-12-05 13:03:35 - [TEST_STEP][PASSED] - Statement - PreSaveFile = new java.io.File(((pathPrefix + java.lang.Integer.toString(counter)) + .png)): null

2018-12-05 13:03:35 - [TEST_STEP][PASSED] - Statement - counter = counter + 1: null

2018-12-05 13:03:35 - [TEST_STEP][PASSED] - Statement - PreSaveFile = new java.io.File(((pathPrefix + java.lang.Integer.toString(counter)) + .png)): null

2018-12-05 13:03:35 - [TEST_STEP][PASSED] - Statement - counter = counter + 1: null

2018-12-05 13:03:35 - [TEST_STEP][PASSED] - Statement - PreSaveFile = new java.io.File(((pathPrefix + java.lang.Integer.toString(counter)) + .png)): null

2018-12-05 13:03:35 - [TEST_STEP][PASSED] - Statement - counter = counter + 1: null

2018-12-05 13:03:35 - [TEST_STEP][PASSED] - Statement - PreSaveFile = new java.io.File(((pathPrefix + java.lang.Integer.toString(counter)) + .png)): null

2018-12-05 13:03:35 - [TEST_STEP][PASSED] - Statement - counter = counter + 1: null

2018-12-05 13:03:35 - [TEST_STEP][PASSED] - Statement - PreSaveFile = new java.io.File(((pathPrefix + java.lang.Integer.toString(counter)) + .png)): null

2018-12-05 13:03:35 - [TEST_STEP][PASSED] - Statement - counter = counter + 1: null

2018-12-05 13:03:35 - [TEST_STEP][PASSED] - Statement - PreSaveFile = new java.io.File(((pathPrefix + java.lang.Integer.toString(counter)) + .png)): null

2018-12-05 13:03:35 - [TEST_STEP][PASSED] - Statement - counter = counter + 1: null

2018-12-05 13:03:35 - [TEST_STEP][PASSED] - Statement - PreSaveFile = new java.io.File(((pathPrefix + java.lang.Integer.toString(counter)) + .png)): null

2018-12-05 13:03:35 - [TEST_STEP][PASSED] - Statement - counter = counter + 1: null

2018-12-05 13:03:35 - [TEST_STEP][PASSED] - Statement - PreSaveFile = new java.io.File(((pathPrefix + java.lang.Integer.toString(counter)) + .png)): null

2018-12-05 13:03:35 - [TEST_STEP][PASSED] - Statement - counter = counter + 1: null

2018-12-05 13:03:35 - [TEST_STEP][PASSED] - Statement - PreSaveFile = new java.io.File(((pathPrefix + java.lang.Integer.toString(counter)) + .png)): null

2018-12-05 13:03:35 - [TEST_STEP][PASSED] - Statement - counter = counter + 1: null

2018-12-05 13:03:35 - [TEST_STEP][PASSED] - Statement - PreSaveFile = new java.io.File(((pathPrefix + java.lang.Integer.toString(counter)) + .png)): null

2018-12-05 13:03:36 - [TEST_STEP][PASSED] - Statement - counter = counter + 1: null

2018-12-05 13:03:36 - [TEST_STEP][PASSED] - Statement - PreSaveFile = new java.io.File(((pathPrefix + java.lang.Integer.toString(counter)) + .png)): null

2018-12-05 13:03:36 - [TEST_STEP][PASSED] - Statement - counter = counter + 1: null

2018-12-05 13:03:36 - [TEST_STEP][PASSED] - Statement - PreSaveFile = new java.io.File(((pathPrefix + java.lang.Integer.toString(counter)) + .png)): null

2018-12-05 13:03:36 - [TEST_STEP][PASSED] - Statement - counter = counter + 1: null

2018-12-05 13:03:36 - [TEST_STEP][PASSED] - Statement - PreSaveFile = new java.io.File(((pathPrefix + java.lang.Integer.toString(counter)) + .png)): null

2018-12-05 13:03:36 - [TEST_STEP][PASSED] - Statement - counter = counter + 1: null

2018-12-05 13:03:36 - [TEST_STEP][PASSED] - Statement - PreSaveFile = new java.io.File(((pathPrefix + java.lang.Integer.toString(counter)) + .png)): null

2018-12-05 13:03:36 - [TEST_STEP][PASSED] - Statement - counter = counter + 1: null

2018-12-05 13:03:36 - [TEST_STEP][PASSED] - Statement - PreSaveFile = new java.io.File(((pathPrefix + java.lang.Integer.toString(counter)) + .png)): null

2018-12-05 13:03:36 - [TEST_STEP][PASSED] - Statement - counter = counter + 1: null

2018-12-05 13:03:36 - [TEST_STEP][PASSED] - Statement - PreSaveFile = new java.io.File(((pathPrefix + java.lang.Integer.toString(counter)) + .png)): null

2018-12-05 13:03:36 - [TEST_STEP][PASSED] - Statement - counter = counter + 1: null

2018-12-05 13:03:36 - [TEST_STEP][PASSED] - Statement - PreSaveFile = new java.io.File(((pathPrefix + java.lang.Integer.toString(counter)) + .png)): null

2018-12-05 13:03:36 - [TEST_STEP][PASSED] - Statement - counter = counter + 1: null

2018-12-05 13:03:36 - [TEST_STEP][PASSED] - Statement - PreSaveFile = new java.io.File(((pathPrefix + java.lang.Integer.toString(counter)) + .png)): null

2018-12-05 13:03:36 - [TEST_STEP][PASSED] - Statement - counter = counter + 1: null

2018-12-05 13:03:36 - [TEST_STEP][PASSED] - Statement - PreSaveFile = new java.io.File(((pathPrefix + java.lang.Integer.toString(counter)) + .png)): null

2018-12-05 13:03:36 - [TEST_STEP][PASSED] - Statement - counter = counter + 1: null

2018-12-05 13:03:36 - [TEST_STEP][PASSED] - Statement - PreSaveFile = new java.io.File(((pathPrefix + java.lang.Integer.toString(counter)) + .png)): null

2018-12-05 13:03:36 - [TEST_STEP][PASSED] - Statement - counter = counter + 1: null

2018-12-05 13:03:36 - [TEST_STEP][PASSED] - Statement - PreSaveFile = new java.io.File(((pathPrefix + java.lang.Integer.toString(counter)) + .png)): null

2018-12-05 13:03:36 - [TEST_STEP][PASSED] - Statement - counter = counter + 1: null

2018-12-05 13:03:36 - [TEST_STEP][PASSED] - Statement - PreSaveFile = new java.io.File(((pathPrefix + java.lang.Integer.toString(counter)) + .png)): null

2018-12-05 13:03:36 - [TEST_STEP][PASSED] - Statement - counter = counter + 1: null

2018-12-05 13:03:36 - [TEST_STEP][PASSED] - Statement - PreSaveFile = new java.io.File(((pathPrefix + java.lang.Integer.toString(counter)) + .png)): null

2018-12-05 13:03:36 - [TEST_STEP][PASSED] - Statement - counter = counter + 1: null

2018-12-05 13:03:36 - [TEST_STEP][PASSED] - Statement - PreSaveFile = new java.io.File(((pathPrefix + java.lang.Integer.toString(counter)) + .png)): null

2018-12-05 13:03:36 - [TEST_STEP][PASSED] - Statement - counter = counter + 1: null

2018-12-05 13:03:37 - [TEST_STEP][PASSED] - Statement - PreSaveFile = new java.io.File(((pathPrefix + java.lang.Integer.toString(counter)) + .png)): null

2018-12-05 13:03:37 - [TEST_STEP][PASSED] - Statement - counter = counter + 1: null

2018-12-05 13:03:37 - [TEST_STEP][PASSED] - Statement - PreSaveFile = new java.io.File(((pathPrefix + java.lang.Integer.toString(counter)) + .png)): null

2018-12-05 13:03:37 - [TEST_STEP][PASSED] - Statement - counter = counter + 1: null

2018-12-05 13:03:37 - [TEST_STEP][PASSED] - Statement - PreSaveFile = new java.io.File(((pathPrefix + java.lang.Integer.toString(counter)) + .png)): null

2018-12-05 13:03:37 - [TEST_STEP][PASSED] - Statement - counter = counter + 1: null

2018-12-05 13:03:37 - [TEST_STEP][PASSED] - Statement - PreSaveFile = new java.io.File(((pathPrefix + java.lang.Integer.toString(counter)) + .png)): null

2018-12-05 13:03:37 - [TEST_STEP][PASSED] - Statement - counter = counter + 1: null

2018-12-05 13:03:37 - [TEST_STEP][PASSED] - Statement - PreSaveFile = new java.io.File(((pathPrefix + java.lang.Integer.toString(counter)) + .png)): null

2018-12-05 13:03:37 - [TEST_STEP][PASSED] - Statement - counter = counter + 1: null

2018-12-05 13:03:37 - [TEST_STEP][PASSED] - Statement - PreSaveFile = new java.io.File(((pathPrefix + java.lang.Integer.toString(counter)) + .png)): null

2018-12-05 13:03:37 - [TEST_STEP][PASSED] - Statement - counter = counter + 1: null

2018-12-05 13:03:37 - [TEST_STEP][PASSED] - Statement - PreSaveFile = new java.io.File(((pathPrefix + java.lang.Integer.toString(counter)) + .png)): null

2018-12-05 13:03:37 - [TEST_STEP][PASSED] - Statement - counter = counter + 1: null

2018-12-05 13:03:37 - [TEST_STEP][PASSED] - Statement - PreSaveFile = new java.io.File(((pathPrefix + java.lang.Integer.toString(counter)) + .png)): null

2018-12-05 13:03:37 - [TEST_STEP][PASSED] - Statement - counter = counter + 1: null

2018-12-05 13:03:37 - [TEST_STEP][PASSED] - Statement - PreSaveFile = new java.io.File(((pathPrefix + java.lang.Integer.toString(counter)) + .png)): null

2018-12-05 13:03:37 - [TEST_STEP][PASSED] - Statement - counter = counter + 1: null

2018-12-05 13:03:37 - [TEST_STEP][PASSED] - Statement - PreSaveFile = new java.io.File(((pathPrefix + java.lang.Integer.toString(counter)) + .png)): null

2018-12-05 13:03:37 - [TEST_STEP][PASSED] - Statement - counter = counter + 1: null

2018-12-05 13:03:37 - [TEST_STEP][PASSED] - Statement - PreSaveFile = new java.io.File(((pathPrefix + java.lang.Integer.toString(counter)) + .png)): null

2018-12-05 13:03:37 - [TEST_STEP][PASSED] - Statement - counter = counter + 1: null

2018-12-05 13:03:37 - [TEST_STEP][PASSED] - Statement - PreSaveFile = new java.io.File(((pathPrefix + java.lang.Integer.toString(counter)) + .png)): null

2018-12-05 13:03:37 - [TEST_STEP][PASSED] - Statement - counter = counter + 1: null

2018-12-05 13:03:37 - [TEST_STEP][PASSED] - Statement - PreSaveFile = new java.io.File(((pathPrefix + java.lang.Integer.toString(counter)) + .png)): null

2018-12-05 13:03:37 - [TEST_STEP][PASSED] - Statement - counter = counter + 1: null

2018-12-05 13:03:37 - [TEST_STEP][PASSED] - Statement - PreSaveFile = new java.io.File(((pathPrefix + java.lang.Integer.toString(counter)) + .png)): null

2018-12-05 13:03:37 - [TEST_STEP][PASSED] - Statement - counter = counter + 1: null

2018-12-05 13:03:38 - [TEST_STEP][PASSED] - Statement - PreSaveFile = new java.io.File(((pathPrefix + java.lang.Integer.toString(counter)) + .png)): null

2018-12-05 13:03:38 - [TEST_STEP][PASSED] - Statement - counter = counter + 1: null

2018-12-05 13:03:38 - [TEST_STEP][PASSED] - Statement - PreSaveFile = new java.io.File(((pathPrefix + java.lang.Integer.toString(counter)) + .png)): null

2018-12-05 13:03:38 - [TEST_STEP][PASSED] - Statement - counter = counter + 1: null

2018-12-05 13:03:38 - [TEST_STEP][PASSED] - Statement - PreSaveFile = new java.io.File(((pathPrefix + java.lang.Integer.toString(counter)) + .png)): null

2018-12-05 13:03:38 - [TEST_STEP][PASSED] - Statement - counter = counter + 1: null

2018-12-05 13:03:38 - [TEST_STEP][PASSED] - Statement - PreSaveFile = new java.io.File(((pathPrefix + java.lang.Integer.toString(counter)) + .png)): null

2018-12-05 13:03:38 - [TEST_STEP][PASSED] - Statement - counter = counter + 1: null

2018-12-05 13:03:38 - [TEST_STEP][PASSED] - Statement - PreSaveFile = new java.io.File(((pathPrefix + java.lang.Integer.toString(counter)) + .png)): null

2018-12-05 13:03:38 - [TEST_STEP][PASSED] - Statement - counter = counter + 1: null

2018-12-05 13:03:38 - [TEST_STEP][PASSED] - Statement - PreSaveFile = new java.io.File(((pathPrefix + java.lang.Integer.toString(counter)) + .png)): null

2018-12-05 13:03:38 - [TEST_STEP][PASSED] - Statement - counter = counter + 1: null

2018-12-05 13:03:38 - [TEST_STEP][PASSED] - Statement - PreSaveFile = new java.io.File(((pathPrefix + java.lang.Integer.toString(counter)) + .png)): null

2018-12-05 13:03:38 - [TEST_STEP][PASSED] - Statement - counter = counter + 1: null

2018-12-05 13:03:38 - [TEST_STEP][PASSED] - Statement - PreSaveFile = new java.io.File(((pathPrefix + java.lang.Integer.toString(counter)) + .png)): null

2018-12-05 13:03:38 - [TEST_STEP][PASSED] - Statement - counter = counter + 1: null

2018-12-05 13:03:38 - [TEST_STEP][PASSED] - Statement - PreSaveFile = new java.io.File(((pathPrefix + java.lang.Integer.toString(counter)) + .png)): null

2018-12-05 13:03:38 - [TEST_STEP][PASSED] - Statement - counter = counter + 1: null

2018-12-05 13:03:38 - [TEST_STEP][PASSED] - Statement - PreSaveFile = new java.io.File(((pathPrefix + java.lang.Integer.toString(counter)) + .png)): null

2018-12-05 13:03:38 - [TEST_STEP][PASSED] - Statement - counter = counter + 1: null

2018-12-05 13:03:38 - [TEST_STEP][PASSED] - Statement - PreSaveFile = new java.io.File(((pathPrefix + java.lang.Integer.toString(counter)) + .png)): null

2018-12-05 13:03:38 - [TEST_STEP][PASSED] - Statement - counter = counter + 1: null

2018-12-05 13:03:38 - [TEST_STEP][PASSED] - Statement - PreSaveFile = new java.io.File(((pathPrefix + java.lang.Integer.toString(counter)) + .png)): null

2018-12-05 13:03:38 - [TEST_STEP][PASSED] - Statement - counter = counter + 1: null

2018-12-05 13:03:38 - [TEST_STEP][PASSED] - Statement - PreSaveFile = new java.io.File(((pathPrefix + java.lang.Integer.toString(counter)) + .png)): null

2018-12-05 13:03:38 - [TEST_STEP][PASSED] - Statement - counter = counter + 1: null

2018-12-05 13:03:38 - [TEST_STEP][PASSED] - Statement - PreSaveFile = new java.io.File(((pathPrefix + java.lang.Integer.toString(counter)) + .png)): null

2018-12-05 13:03:38 - [TEST_STEP][PASSED] - Statement - counter = counter + 1: null

2018-12-05 13:03:38 - [TEST_STEP][PASSED] - Statement - PreSaveFile = new java.io.File(((pathPrefix + java.lang.Integer.toString(counter)) + .png)): null

2018-12-05 13:03:38 - [TEST_STEP][PASSED] - Statement - counter = counter + 1: null

2018-12-05 13:03:39 - [TEST_STEP][PASSED] - Statement - PreSaveFile = new java.io.File(((pathPrefix + java.lang.Integer.toString(counter)) + .png)): null

2018-12-05 13:03:39 - [TEST_STEP][PASSED] - Statement - counter = counter + 1: null

2018-12-05 13:03:39 - [TEST_STEP][PASSED] - Statement - PreSaveFile = new java.io.File(((pathPrefix + java.lang.Integer.toString(counter)) + .png)): null

2018-12-05 13:03:39 - [TEST_STEP][PASSED] - Statement - counter = counter + 1: null

2018-12-05 13:03:39 - [TEST_STEP][PASSED] - Statement - PreSaveFile = new java.io.File(((pathPrefix + java.lang.Integer.toString(counter)) + .png)): null

2018-12-05 13:03:39 - [TEST_STEP][PASSED] - Statement - counter = counter + 1: null

2018-12-05 13:03:39 - [TEST_STEP][PASSED] - Statement - PreSaveFile = new java.io.File(((pathPrefix + java.lang.Integer.toString(counter)) + .png)): null

2018-12-05 13:03:39 - [TEST_STEP][PASSED] - Statement - counter = counter + 1: null

2018-12-05 13:03:39 - [TEST_STEP][PASSED] - Statement - PreSaveFile = new java.io.File(((pathPrefix + java.lang.Integer.toString(counter)) + .png)): null

2018-12-05 13:03:39 - [TEST_STEP][PASSED] - Statement - counter = counter + 1: null

2018-12-05 13:03:39 - [TEST_STEP][PASSED] - Statement - PreSaveFile = new java.io.File(((pathPrefix + java.lang.Integer.toString(counter)) + .png)): null

2018-12-05 13:03:39 - [TEST_STEP][PASSED] - Statement - counter = counter + 1: null

2018-12-05 13:03:39 - [TEST_STEP][PASSED] - Statement - PreSaveFile = new java.io.File(((pathPrefix + java.lang.Integer.toString(counter)) + .png)): null

2018-12-05 13:03:39 - [TEST_STEP][PASSED] - Statement - counter = counter + 1: null

2018-12-05 13:03:39 - [TEST_STEP][PASSED] - Statement - PreSaveFile = new java.io.File(((pathPrefix + java.lang.Integer.toString(counter)) + .png)): null

2018-12-05 13:03:39 - [TEST_STEP][PASSED] - Statement - counter = counter + 1: null

2018-12-05 13:03:39 - [TEST_STEP][PASSED] - Statement - PreSaveFile = new java.io.File(((pathPrefix + java.lang.Integer.toString(counter)) + .png)): null

2018-12-05 13:03:39 - [TEST_STEP][PASSED] - Statement - counter = counter + 1: null

2018-12-05 13:03:39 - [TEST_STEP][PASSED] - Statement - PreSaveFile = new java.io.File(((pathPrefix + java.lang.Integer.toString(counter)) + .png)): null

2018-12-05 13:03:39 - [TEST_STEP][PASSED] - Statement - counter = counter + 1: null

2018-12-05 13:03:39 - [TEST_STEP][PASSED] - Statement - PreSaveFile = new java.io.File(((pathPrefix + java.lang.Integer.toString(counter)) + .png)): null

2018-12-05 13:03:39 - [TEST_STEP][PASSED] - Statement - counter = counter + 1: null

2018-12-05 13:03:39 - [TEST_STEP][PASSED] - Statement - PreSaveFile = new java.io.File(((pathPrefix + java.lang.Integer.toString(counter)) + .png)): null

2018-12-05 13:03:39 - [TEST_STEP][PASSED] - Statement - counter = counter + 1: null

2018-12-05 13:03:39 - [TEST_STEP][PASSED] - Statement - PreSaveFile = new java.io.File(((pathPrefix + java.lang.Integer.toString(counter)) + .png)): null

2018-12-05 13:03:39 - [TEST_STEP][PASSED] - Statement - counter = counter + 1: null

2018-12-05 13:03:39 - [TEST_STEP][PASSED] - Statement - PreSaveFile = new java.io.File(((pathPrefix + java.lang.Integer.toString(counter)) + .png)): null

2018-12-05 13:03:39 - [TEST_STEP][PASSED] - Statement - counter = counter + 1: null

2018-12-05 13:03:40 - [TEST_STEP][PASSED] - Statement - PreSaveFile = new java.io.File(((pathPrefix + java.lang.Integer.toString(counter)) + .png)): null

2018-12-05 13:03:40 - [TEST_STEP][PASSED] - Statement - counter = counter + 1: null

2018-12-05 13:03:40 - [TEST_STEP][PASSED] - Statement - PreSaveFile = new java.io.File(((pathPrefix + java.lang.Integer.toString(counter)) + .png)): null

2018-12-05 13:03:40 - [TEST_STEP][PASSED] - Statement - counter = counter + 1: null

2018-12-05 13:03:40 - [TEST_STEP][PASSED] - Statement - PreSaveFile = new java.io.File(((pathPrefix + java.lang.Integer.toString(counter)) + .png)): null

2018-12-05 13:03:40 - [TEST_STEP][PASSED] - Statement - counter = counter + 1: null

2018-12-05 13:03:40 - [TEST_STEP][PASSED] - Statement - PreSaveFile = new java.io.File(((pathPrefix + java.lang.Integer.toString(counter)) + .png)): null

2018-12-05 13:03:40 - [TEST_STEP][PASSED] - Statement - counter = counter + 1: null

2018-12-05 13:03:40 - [TEST_STEP][PASSED] - Statement - PreSaveFile = new java.io.File(((pathPrefix + java.lang.Integer.toString(counter)) + .png)): null

2018-12-05 13:03:40 - [TEST_STEP][PASSED] - Statement - counter = counter + 1: null

2018-12-05 13:03:40 - [TEST_STEP][PASSED] - Statement - PreSaveFile = new java.io.File(((pathPrefix + java.lang.Integer.toString(counter)) + .png)): null

2018-12-05 13:03:40 - [TEST_STEP][PASSED] - Statement - counter = counter + 1: null

2018-12-05 13:03:40 - [TEST_STEP][PASSED] - Statement - PreSaveFile = new java.io.File(((pathPrefix + java.lang.Integer.toString(counter)) + .png)): null

2018-12-05 13:03:40 - [TEST_STEP][PASSED] - Statement - counter = counter + 1: null

2018-12-05 13:03:40 - [TEST_STEP][PASSED] - Statement - PreSaveFile = new java.io.File(((pathPrefix + java.lang.Integer.toString(counter)) + .png)): null

2018-12-05 13:03:40 - [TEST_STEP][PASSED] - Statement - counter = counter + 1: null

2018-12-05 13:03:40 - [TEST_STEP][PASSED] - Statement - PreSaveFile = new java.io.File(((pathPrefix + java.lang.Integer.toString(counter)) + .png)): null

2018-12-05 13:03:40 - [TEST_STEP][PASSED] - Statement - counter = counter + 1: null

2018-12-05 13:03:40 - [TEST_STEP][PASSED] - Statement - PreSaveFile = new java.io.File(((pathPrefix + java.lang.Integer.toString(counter)) + .png)): null

2018-12-05 13:03:40 - [TEST_STEP][PASSED] - Statement - counter = counter + 1: null

2018-12-05 13:03:40 - [TEST_STEP][PASSED] - Statement - PreSaveFile = new java.io.File(((pathPrefix + java.lang.Integer.toString(counter)) + .png)): null

2018-12-05 13:03:40 - [TEST_STEP][PASSED] - Statement - counter = counter + 1: null

2018-12-05 13:03:40 - [TEST_STEP][PASSED] - Statement - PreSaveFile = new java.io.File(((pathPrefix + java.lang.Integer.toString(counter)) + .png)): null

2018-12-05 13:03:40 - [TEST_STEP][PASSED] - Statement - counter = counter + 1: null

2018-12-05 13:03:40 - [TEST_STEP][PASSED] - Statement - PreSaveFile = new java.io.File(((pathPrefix + java.lang.Integer.toString(counter)) + .png)): null

2018-12-05 13:03:40 - [TEST_STEP][PASSED] - Statement - counter = counter + 1: null

2018-12-05 13:03:40 - [TEST_STEP][PASSED] - Statement - PreSaveFile = new java.io.File(((pathPrefix + java.lang.Integer.toString(counter)) + .png)): null

2018-12-05 13:03:40 - [TEST_STEP][PASSED] - Statement - counter = counter + 1: null

2018-12-05 13:03:40 - [TEST_STEP][PASSED] - Statement - PreSaveFile = new java.io.File(((pathPrefix + java.lang.Integer.toString(counter)) + .png)): null

2018-12-05 13:03:40 - [TEST_STEP][PASSED] - Statement - counter = counter + 1: null

2018-12-05 13:03:40 - [TEST_STEP][PASSED] - Statement - PreSaveFile = new java.io.File(((pathPrefix + java.lang.Integer.toString(counter)) + .png)): null

2018-12-05 13:03:40 - [TEST_STEP][PASSED] - Statement - counter = counter + 1: null

2018-12-05 13:03:40 - [TEST_STEP][PASSED] - Statement - PreSaveFile = new java.io.File(((pathPrefix + java.lang.Integer.toString(counter)) + .png)): null

2018-12-05 13:03:40 - [TEST_STEP][PASSED] - Statement - counter = counter + 1: null

2018-12-05 13:03:40 - [TEST_STEP][PASSED] - Statement - PreSaveFile = new java.io.File(((pathPrefix + java.lang.Integer.toString(counter)) + .png)): null

2018-12-05 13:03:40 - [TEST_STEP][PASSED] - Statement - counter = counter + 1: null

2018-12-05 13:03:40 - [TEST_STEP][PASSED] - Statement - PreSaveFile = new java.io.File(((pathPrefix + java.lang.Integer.toString(counter)) + .png)): null

2018-12-05 13:03:40 - [TEST_STEP][PASSED] - Statement - counter = counter + 1: null

2018-12-05 13:03:40 - [TEST_STEP][PASSED] - Statement - PreSaveFile = new java.io.File(((pathPrefix + java.lang.Integer.toString(counter)) + .png)): null

2018-12-05 13:03:41 - [TEST_STEP][PASSED] - Statement - counter = counter + 1: null

2018-12-05 13:03:41 - [TEST_STEP][PASSED] - Statement - PreSaveFile = new java.io.File(((pathPrefix + java.lang.Integer.toString(counter)) + .png)): null

2018-12-05 13:03:41 - [TEST_STEP][PASSED] - Statement - counter = counter + 1: null

2018-12-05 13:03:41 - [TEST_STEP][PASSED] - Statement - PreSaveFile = new java.io.File(((pathPrefix + java.lang.Integer.toString(counter)) + .png)): null

2018-12-05 13:03:41 - [TEST_STEP][PASSED] - Statement - counter = counter + 1: null

2018-12-05 13:03:41 - [TEST_STEP][PASSED] - Statement - PreSaveFile = new java.io.File(((pathPrefix + java.lang.Integer.toString(counter)) + .png)): null

2018-12-05 13:03:41 - [TEST_STEP][PASSED] - Statement - counter = counter + 1: null

2018-12-05 13:03:41 - [TEST_STEP][PASSED] - Statement - PreSaveFile = new java.io.File(((pathPrefix + java.lang.Integer.toString(counter)) + .png)): null

2018-12-05 13:03:41 - [TEST_STEP][PASSED] - Statement - counter = counter + 1: null

2018-12-05 13:03:41 - [TEST_STEP][PASSED] - Statement - PreSaveFile = new java.io.File(((pathPrefix + java.lang.Integer.toString(counter)) + .png)): null

2018-12-05 13:03:41 - [TEST_STEP][PASSED] - Statement - counter = counter + 1: null

2018-12-05 13:03:41 - [TEST_STEP][PASSED] - Statement - PreSaveFile = new java.io.File(((pathPrefix + java.lang.Integer.toString(counter)) + .png)): null

2018-12-05 13:03:41 - [TEST_STEP][PASSED] - Statement - counter = counter + 1: null

2018-12-05 13:03:41 - [TEST_STEP][PASSED] - Statement - PreSaveFile = new java.io.File(((pathPrefix + java.lang.Integer.toString(counter)) + .png)): null

2018-12-05 13:03:41 - [TEST_STEP][PASSED] - Statement - counter = counter + 1: null

2018-12-05 13:03:41 - [TEST_STEP][PASSED] - Statement - PreSaveFile = new java.io.File(((pathPrefix + java.lang.Integer.toString(counter)) + .png)): null

2018-12-05 13:03:41 - [TEST_STEP][PASSED] - Statement - counter = counter + 1: null

2018-12-05 13:03:41 - [TEST_STEP][PASSED] - Statement - PreSaveFile = new java.io.File(((pathPrefix + java.lang.Integer.toString(counter)) + .png)): null

2018-12-05 13:03:41 - [TEST_STEP][PASSED] - Statement - counter = counter + 1: null

2018-12-05 13:03:41 - [TEST_STEP][PASSED] - Statement - PreSaveFile = new java.io.File(((pathPrefix + java.lang.Integer.toString(counter)) + .png)): null

2018-12-05 13:03:41 - [TEST_STEP][PASSED] - Statement - counter = counter + 1: null

2018-12-05 13:03:41 - [TEST_STEP][PASSED] - Statement - PreSaveFile = new java.io.File(((pathPrefix + java.lang.Integer.toString(counter)) + .png)): null

2018-12-05 13:03:41 - [TEST_STEP][PASSED] - Statement - counter = counter + 1: null

2018-12-05 13:03:41 - [TEST_STEP][PASSED] - Statement - PreSaveFile = new java.io.File(((pathPrefix + java.lang.Integer.toString(counter)) + .png)): null

2018-12-05 13:03:41 - [TEST_STEP][PASSED] - Statement - counter = counter + 1: null

2018-12-05 13:03:41 - [TEST_STEP][PASSED] - Statement - PreSaveFile = new java.io.File(((pathPrefix + java.lang.Integer.toString(counter)) + .png)): null

2018-12-05 13:03:41 - [TEST_STEP][PASSED] - Statement - counter = counter + 1: null

2018-12-05 13:03:41 - [TEST_STEP][PASSED] - Statement - PreSaveFile = new java.io.File(((pathPrefix + java.lang.Integer.toString(counter)) + .png)): null

2018-12-05 13:03:41 - [TEST_STEP][PASSED] - Statement - counter = counter + 1: null

2018-12-05 13:03:42 - [TEST_STEP][PASSED] - Statement - PreSaveFile = new java.io.File(((pathPrefix + java.lang.Integer.toString(counter)) + .png)): null

2018-12-05 13:03:42 - [TEST_STEP][PASSED] - Statement - counter = counter + 1: null

2018-12-05 13:03:42 - [TEST_STEP][PASSED] - Statement - PreSaveFile = new java.io.File(((pathPrefix + java.lang.Integer.toString(counter)) + .png)): null

2018-12-05 13:03:42 - [TEST_STEP][PASSED] - Statement - counter = counter + 1: null

2018-12-05 13:03:42 - [TEST_STEP][PASSED] - Statement - PreSaveFile = new java.io.File(((pathPrefix + java.lang.Integer.toString(counter)) + .png)): null

2018-12-05 13:03:42 - [TEST_STEP][PASSED] - Statement - counter = counter + 1: null

2018-12-05 13:03:42 - [TEST_STEP][PASSED] - Statement - PreSaveFile = new java.io.File(((pathPrefix + java.lang.Integer.toString(counter)) + .png)): null

2018-12-05 13:03:42 - [TEST_STEP][PASSED] - Statement - counter = counter + 1: null

2018-12-05 13:03:42 - [TEST_STEP][PASSED] - Statement - PreSaveFile = new java.io.File(((pathPrefix + java.lang.Integer.toString(counter)) + .png)): null

2018-12-05 13:03:42 - [TEST_STEP][PASSED] - Statement - counter = counter + 1: null

2018-12-05 13:03:42 - [TEST_STEP][PASSED] - Statement - PreSaveFile = new java.io.File(((pathPrefix + java.lang.Integer.toString(counter)) + .png)): null

2018-12-05 13:03:42 - [TEST_STEP][PASSED] - Statement - counter = counter + 1: null

2018-12-05 13:03:42 - [TEST_STEP][PASSED] - Statement - PreSaveFile = new java.io.File(((pathPrefix + java.lang.Integer.toString(counter)) + .png)): null

2018-12-05 13:03:42 - [TEST_STEP][PASSED] - Statement - counter = counter + 1: null

2018-12-05 13:03:42 - [TEST_STEP][PASSED] - Statement - PreSaveFile = new java.io.File(((pathPrefix + java.lang.Integer.toString(counter)) + .png)): null

2018-12-05 13:03:42 - [TEST_STEP][PASSED] - Statement - counter = counter + 1: null

2018-12-05 13:03:42 - [TEST_STEP][PASSED] - Statement - PreSaveFile = new java.io.File(((pathPrefix + java.lang.Integer.toString(counter)) + .png)): null

2018-12-05 13:03:42 - [TEST_STEP][PASSED] - Statement - counter = counter + 1: null

2018-12-05 13:03:42 - [TEST_STEP][PASSED] - Statement - PreSaveFile = new java.io.File(((pathPrefix + java.lang.Integer.toString(counter)) + .png)): null

2018-12-05 13:03:42 - [TEST_STEP][PASSED] - Statement - counter = counter + 1: null

2018-12-05 13:03:42 - [TEST_STEP][PASSED] - Statement - PreSaveFile = new java.io.File(((pathPrefix + java.lang.Integer.toString(counter)) + .png)): null

2018-12-05 13:03:42 - [TEST_STEP][PASSED] - Statement - counter = counter + 1: null

2018-12-05 13:03:42 - [TEST_STEP][PASSED] - Statement - PreSaveFile = new java.io.File(((pathPrefix + java.lang.Integer.toString(counter)) + .png)): null

2018-12-05 13:03:42 - [TEST_STEP][PASSED] - Statement - counter = counter + 1: null

2018-12-05 13:03:42 - [TEST_STEP][PASSED] - Statement - PreSaveFile = new java.io.File(((pathPrefix + java.lang.Integer.toString(counter)) + .png)): null

2018-12-05 13:03:42 - [TEST_STEP][PASSED] - Statement - counter = counter + 1: null

2018-12-05 13:03:42 - [TEST_STEP][PASSED] - Statement - PreSaveFile = new java.io.File(((pathPrefix + java.lang.Integer.toString(counter)) + .png)): null

2018-12-05 13:03:42 - [TEST_STEP][PASSED] - Statement - counter = counter + 1: null

2018-12-05 13:03:43 - [TEST_STEP][PASSED] - Statement - PreSaveFile = new java.io.File(((pathPrefix + java.lang.Integer.toString(counter)) + .png)): null

2018-12-05 13:03:43 - [TEST_STEP][PASSED] - Statement - counter = counter + 1: null

2018-12-05 13:03:43 - [TEST_STEP][PASSED] - Statement - PreSaveFile = new java.io.File(((pathPrefix + java.lang.Integer.toString(counter)) + .png)): null

2018-12-05 13:03:43 - [TEST_STEP][PASSED] - Statement - counter = counter + 1: null

2018-12-05 13:03:43 - [TEST_STEP][PASSED] - Statement - PreSaveFile = new java.io.File(((pathPrefix + java.lang.Integer.toString(counter)) + .png)): null

2018-12-05 13:03:43 - [TEST_STEP][PASSED] - Statement - counter = counter + 1: null

2018-12-05 13:03:43 - [TEST_STEP][PASSED] - Statement - PreSaveFile = new java.io.File(((pathPrefix + java.lang.Integer.toString(counter)) + .png)): null

2018-12-05 13:03:43 - [TEST_STEP][PASSED] - Statement - counter = counter + 1: null

2018-12-05 13:03:43 - [TEST_STEP][PASSED] - Statement - PreSaveFile = new java.io.File(((pathPrefix + java.lang.Integer.toString(counter)) + .png)): null

2018-12-05 13:03:43 - [TEST_STEP][PASSED] - Statement - counter = counter + 1: null

2018-12-05 13:03:43 - [TEST_STEP][PASSED] - Statement - PreSaveFile = new java.io.File(((pathPrefix + java.lang.Integer.toString(counter)) + .png)): null

2018-12-05 13:03:43 - [TEST_STEP][PASSED] - Statement - counter = counter + 1: null

2018-12-05 13:03:43 - [TEST_STEP][PASSED] - Statement - PreSaveFile = new java.io.File(((pathPrefix + java.lang.Integer.toString(counter)) + .png)): null

2018-12-05 13:03:43 - [TEST_STEP][PASSED] - Statement - counter = counter + 1: null

2018-12-05 13:03:43 - [TEST_STEP][PASSED] - Statement - PreSaveFile = new java.io.File(((pathPrefix + java.lang.Integer.toString(counter)) + .png)): null

2018-12-05 13:03:43 - [TEST_STEP][PASSED] - Statement - counter = counter + 1: null

2018-12-05 13:03:43 - [TEST_STEP][PASSED] - Statement - PreSaveFile = new java.io.File(((pathPrefix + java.lang.Integer.toString(counter)) + .png)): null

2018-12-05 13:03:43 - [TEST_STEP][PASSED] - Statement - counter = counter + 1: null

2018-12-05 13:03:43 - [TEST_STEP][PASSED] - Statement - PreSaveFile = new java.io.File(((pathPrefix + java.lang.Integer.toString(counter)) + .png)): null

2018-12-05 13:03:43 - [TEST_STEP][PASSED] - Statement - counter = counter + 1: null

2018-12-05 13:03:43 - [TEST_STEP][PASSED] - Statement - PreSaveFile = new java.io.File(((pathPrefix + java.lang.Integer.toString(counter)) + .png)): null

2018-12-05 13:03:43 - [TEST_STEP][PASSED] - Statement - counter = counter + 1: null

2018-12-05 13:03:43 - [TEST_STEP][PASSED] - Statement - PreSaveFile = new java.io.File(((pathPrefix + java.lang.Integer.toString(counter)) + .png)): null

2018-12-05 13:03:43 - [TEST_STEP][PASSED] - Statement - counter = counter + 1: null

2018-12-05 13:03:43 - [TEST_STEP][PASSED] - Statement - PreSaveFile = new java.io.File(((pathPrefix + java.lang.Integer.toString(counter)) + .png)): null

2018-12-05 13:03:43 - [TEST_STEP][PASSED] - Statement - counter = counter + 1: null

2018-12-05 13:03:43 - [TEST_STEP][PASSED] - Statement - PreSaveFile = new java.io.File(((pathPrefix + java.lang.Integer.toString(counter)) + .png)): null

2018-12-05 13:03:43 - [TEST_STEP][PASSED] - Statement - counter = counter + 1: null

2018-12-05 13:03:43 - [TEST_STEP][PASSED] - Statement - PreSaveFile = new java.io.File(((pathPrefix + java.lang.Integer.toString(counter)) + .png)): null

2018-12-05 13:03:44 - [TEST_STEP][PASSED] - Statement - counter = counter + 1: null

2018-12-05 13:03:44 - [TEST_STEP][PASSED] - Statement - PreSaveFile = new java.io.File(((pathPrefix + java.lang.Integer.toString(counter)) + .png)): null

2018-12-05 13:03:44 - [TEST_STEP][PASSED] - Statement - counter = counter + 1: null

2018-12-05 13:03:44 - [TEST_STEP][PASSED] - Statement - PreSaveFile = new java.io.File(((pathPrefix + java.lang.Integer.toString(counter)) + .png)): null

2018-12-05 13:03:44 - [TEST_STEP][PASSED] - Statement - counter = counter + 1: null

2018-12-05 13:03:44 - [TEST_STEP][PASSED] - Statement - PreSaveFile = new java.io.File(((pathPrefix + java.lang.Integer.toString(counter)) + .png)): null

2018-12-05 13:03:44 - [TEST_STEP][PASSED] - Statement - counter = counter + 1: null

2018-12-05 13:03:44 - [TEST_STEP][PASSED] - Statement - PreSaveFile = new java.io.File(((pathPrefix + java.lang.Integer.toString(counter)) + .png)): null

2018-12-05 13:03:44 - [TEST_STEP][PASSED] - Statement - counter = counter + 1: null

2018-12-05 13:03:44 - [TEST_STEP][PASSED] - Statement - PreSaveFile = new java.io.File(((pathPrefix + java.lang.Integer.toString(counter)) + .png)): null

2018-12-05 13:03:44 - [TEST_STEP][PASSED] - Statement - counter = counter + 1: null

2018-12-05 13:03:44 - [TEST_STEP][PASSED] - Statement - PreSaveFile = new java.io.File(((pathPrefix + java.lang.Integer.toString(counter)) + .png)): null

2018-12-05 13:03:44 - [TEST_STEP][PASSED] - Statement - counter = counter + 1: null

2018-12-05 13:03:44 - [TEST_STEP][PASSED] - Statement - PreSaveFile = new java.io.File(((pathPrefix + java.lang.Integer.toString(counter)) + .png)): null

2018-12-05 13:03:44 - [TEST_STEP][PASSED] - Statement - counter = counter + 1: null

2018-12-05 13:03:44 - [TEST_STEP][PASSED] - Statement - PreSaveFile = new java.io.File(((pathPrefix + java.lang.Integer.toString(counter)) + .png)): null

2018-12-05 13:03:44 - [TEST_STEP][PASSED] - Statement - counter = counter + 1: null

2018-12-05 13:03:44 - [TEST_STEP][PASSED] - Statement - PreSaveFile = new java.io.File(((pathPrefix + java.lang.Integer.toString(counter)) + .png)): null

2018-12-05 13:03:44 - [TEST_STEP][PASSED] - Statement - counter = counter + 1: null

2018-12-05 13:03:44 - [TEST_STEP][PASSED] - Statement - PreSaveFile = new java.io.File(((pathPrefix + java.lang.Integer.toString(counter)) + .png)): null

2018-12-05 13:03:44 - [TEST_STEP][PASSED] - Statement - counter = counter + 1: null

2018-12-05 13:03:44 - [TEST_STEP][PASSED] - Statement - PreSaveFile = new java.io.File(((pathPrefix + java.lang.Integer.toString(counter)) + .png)): null

2018-12-05 13:03:44 - [TEST_STEP][PASSED] - Statement - counter = counter + 1: null

2018-12-05 13:03:44 - [TEST_STEP][PASSED] - Statement - PreSaveFile = new java.io.File(((pathPrefix + java.lang.Integer.toString(counter)) + .png)): null

2018-12-05 13:03:44 - [TEST_STEP][PASSED] - Statement - counter = counter + 1: null

2018-12-05 13:03:44 - [TEST_STEP][PASSED] - Statement - PreSaveFile = new java.io.File(((pathPrefix + java.lang.Integer.toString(counter)) + .png)): null

2018-12-05 13:03:44 - [TEST_STEP][PASSED] - Statement - counter = counter + 1: null

2018-12-05 13:03:44 - [TEST_STEP][PASSED] - Statement - PreSaveFile = new java.io.File(((pathPrefix + java.lang.Integer.toString(counter)) + .png)): null

2018-12-05 13:03:44 - [TEST_STEP][PASSED] - Statement - counter = counter + 1: null

2018-12-05 13:03:45 - [TEST_STEP][PASSED] - Statement - PreSaveFile = new java.io.File(((pathPrefix + java.lang.Integer.toString(counter)) + .png)): null

2018-12-05 13:03:45 - [TEST_STEP][PASSED] - Statement - counter = counter + 1: null

2018-12-05 13:03:45 - [TEST_STEP][PASSED] - Statement - PreSaveFile = new java.io.File(((pathPrefix + java.lang.Integer.toString(counter)) + .png)): null

2018-12-05 13:03:45 - [TEST_STEP][PASSED] - Statement - counter = counter + 1: null

2018-12-05 13:03:45 - [TEST_STEP][PASSED] - Statement - PreSaveFile = new java.io.File(((pathPrefix + java.lang.Integer.toString(counter)) + .png)): null

2018-12-05 13:03:45 - [TEST_STEP][PASSED] - Statement - counter = counter + 1: null

2018-12-05 13:03:45 - [TEST_STEP][PASSED] - Statement - PreSaveFile = new java.io.File(((pathPrefix + java.lang.Integer.toString(counter)) + .png)): null

2018-12-05 13:03:45 - [TEST_STEP][PASSED] - Statement - counter = counter + 1: null

2018-12-05 13:03:45 - [TEST_STEP][PASSED] - Statement - PreSaveFile = new java.io.File(((pathPrefix + java.lang.Integer.toString(counter)) + .png)): null

2018-12-05 13:03:45 - [TEST_STEP][PASSED] - Statement - counter = counter + 1: null

2018-12-05 13:03:45 - [TEST_STEP][PASSED] - Statement - PreSaveFile = new java.io.File(((pathPrefix + java.lang.Integer.toString(counter)) + .png)): null

2018-12-05 13:03:45 - [TEST_STEP][PASSED] - Statement - counter = counter + 1: null

2018-12-05 13:03:45 - [TEST_STEP][PASSED] - Statement - PreSaveFile = new java.io.File(((pathPrefix + java.lang.Integer.toString(counter)) + .png)): null

2018-12-05 13:03:45 - [TEST_STEP][PASSED] - Statement - counter = counter + 1: null

2018-12-05 13:03:45 - [TEST_STEP][PASSED] - Statement - PreSaveFile = new java.io.File(((pathPrefix + java.lang.Integer.toString(counter)) + .png)): null

2018-12-05 13:03:45 - [TEST_STEP][PASSED] - Statement - counter = counter + 1: null

2018-12-05 13:03:45 - [TEST_STEP][PASSED] - Statement - PreSaveFile = new java.io.File(((pathPrefix + java.lang.Integer.toString(counter)) + .png)): null

2018-12-05 13:03:45 - [TEST_STEP][PASSED] - Statement - counter = counter + 1: null

2018-12-05 13:03:45 - [TEST_STEP][PASSED] - Statement - PreSaveFile = new java.io.File(((pathPrefix + java.lang.Integer.toString(counter)) + .png)): null

2018-12-05 13:03:45 - [TEST_STEP][PASSED] - Statement - counter = counter + 1: null

2018-12-05 13:03:45 - [TEST_STEP][PASSED] - Statement - PreSaveFile = new java.io.File(((pathPrefix + java.lang.Integer.toString(counter)) + .png)): null

2018-12-05 13:03:45 - [TEST_STEP][PASSED] - Statement - counter = counter + 1: null

2018-12-05 13:03:45 - [TEST_STEP][PASSED] - Statement - PreSaveFile = new java.io.File(((pathPrefix + java.lang.Integer.toString(counter)) + .png)): null

2018-12-05 13:03:45 - [TEST_STEP][PASSED] - Statement - counter = counter + 1: null

2018-12-05 13:03:45 - [TEST_STEP][PASSED] - Statement - PreSaveFile = new java.io.File(((pathPrefix + java.lang.Integer.toString(counter)) + .png)): null

2018-12-05 13:03:45 - [TEST_STEP][PASSED] - Statement - counter = counter + 1: null

2018-12-05 13:03:45 - [TEST_STEP][PASSED] - Statement - PreSaveFile = new java.io.File(((pathPrefix + java.lang.Integer.toString(counter)) + .png)): null

2018-12-05 13:03:45 - [TEST_STEP][PASSED] - Statement - counter = counter + 1: null

2018-12-05 13:03:46 - [TEST_STEP][PASSED] - Statement - PreSaveFile = new java.io.File(((pathPrefix + java.lang.Integer.toString(counter)) + .png)): null

2018-12-05 13:03:46 - [TEST_STEP][PASSED] - Statement - counter = counter + 1: null

2018-12-05 13:03:46 - [TEST_STEP][PASSED] - Statement - PreSaveFile = new java.io.File(((pathPrefix + java.lang.Integer.toString(counter)) + .png)): null

2018-12-05 13:03:46 - [TEST_STEP][PASSED] - Statement - counter = counter + 1: null

2018-12-05 13:03:46 - [TEST_STEP][PASSED] - Statement - PreSaveFile = new java.io.File(((pathPrefix + java.lang.Integer.toString(counter)) + .png)): null

2018-12-05 13:03:46 - [TEST_STEP][PASSED] - Statement - counter = counter + 1: null

2018-12-05 13:03:46 - [TEST_STEP][PASSED] - Statement - PreSaveFile = new java.io.File(((pathPrefix + java.lang.Integer.toString(counter)) + .png)): null

2018-12-05 13:03:46 - [TEST_STEP][PASSED] - Statement - counter = counter + 1: null

2018-12-05 13:03:46 - [TEST_STEP][PASSED] - Statement - PreSaveFile = new java.io.File(((pathPrefix + java.lang.Integer.toString(counter)) + .png)): null

2018-12-05 13:03:46 - [TEST_STEP][PASSED] - Statement - counter = counter + 1: null

2018-12-05 13:03:46 - [TEST_STEP][PASSED] - Statement - PreSaveFile = new java.io.File(((pathPrefix + java.lang.Integer.toString(counter)) + .png)): null

2018-12-05 13:03:46 - [TEST_STEP][PASSED] - Statement - counter = counter + 1: null

2018-12-05 13:03:46 - [TEST_STEP][PASSED] - Statement - PreSaveFile = new java.io.File(((pathPrefix + java.lang.Integer.toString(counter)) + .png)): null

2018-12-05 13:03:46 - [TEST_STEP][PASSED] - Statement - counter = counter + 1: null

2018-12-05 13:03:46 - [TEST_STEP][PASSED] - Statement - PreSaveFile = new java.io.File(((pathPrefix + java.lang.Integer.toString(counter)) + .png)): null

2018-12-05 13:03:46 - [TEST_STEP][PASSED] - Statement - counter = counter + 1: null

2018-12-05 13:03:46 - [TEST_STEP][PASSED] - Statement - PreSaveFile = new java.io.File(((pathPrefix + java.lang.Integer.toString(counter)) + .png)): null

2018-12-05 13:03:46 - [TEST_STEP][PASSED] - Statement - counter = counter + 1: null

2018-12-05 13:03:46 - [TEST_STEP][PASSED] - Statement - PreSaveFile = new java.io.File(((pathPrefix + java.lang.Integer.toString(counter)) + .png)): null

2018-12-05 13:03:46 - [TEST_STEP][PASSED] - Statement - counter = counter + 1: null

2018-12-05 13:03:46 - [TEST_STEP][PASSED] - Statement - PreSaveFile = new java.io.File(((pathPrefix + java.lang.Integer.toString(counter)) + .png)): null

2018-12-05 13:03:46 - [TEST_STEP][PASSED] - Statement - counter = counter + 1: null

2018-12-05 13:03:46 - [TEST_STEP][PASSED] - Statement - PreSaveFile = new java.io.File(((pathPrefix + java.lang.Integer.toString(counter)) + .png)): null

2018-12-05 13:03:46 - [TEST_STEP][PASSED] - Statement - counter = counter + 1: null

2018-12-05 13:03:46 - [TEST_STEP][PASSED] - Statement - PreSaveFile = new java.io.File(((pathPrefix + java.lang.Integer.toString(counter)) + .png)): null

2018-12-05 13:03:46 - [TEST_STEP][PASSED] - Statement - counter = counter + 1: null

2018-12-05 13:03:46 - [TEST_STEP][PASSED] - Statement - PreSaveFile = new java.io.File(((pathPrefix + java.lang.Integer.toString(counter)) + .png)): null

2018-12-05 13:03:46 - [TEST_STEP][PASSED] - Statement - counter = counter + 1: null

2018-12-05 13:03:46 - [TEST_STEP][PASSED] - Statement - PreSaveFile = new java.io.File(((pathPrefix + java.lang.Integer.toString(counter)) + .png)): null

2018-12-05 13:03:47 - [TEST_STEP][PASSED] - Statement - counter = counter + 1: null

2018-12-05 13:03:47 - [TEST_STEP][PASSED] - Statement - PreSaveFile = new java.io.File(((pathPrefix + java.lang.Integer.toString(counter)) + .png)): null

2018-12-05 13:03:47 - [TEST_STEP][PASSED] - Statement - counter = counter + 1: null

2018-12-05 13:03:47 - [TEST_STEP][PASSED] - Statement - PreSaveFile = new java.io.File(((pathPrefix + java.lang.Integer.toString(counter)) + .png)): null

2018-12-05 13:03:47 - [TEST_STEP][PASSED] - Statement - counter = counter + 1: null

2018-12-05 13:03:47 - [TEST_STEP][PASSED] - Statement - PreSaveFile = new java.io.File(((pathPrefix + java.lang.Integer.toString(counter)) + .png)): null

2018-12-05 13:03:47 - [TEST_STEP][PASSED] - Statement - counter = counter + 1: null

2018-12-05 13:03:47 - [TEST_STEP][PASSED] - Statement - PreSaveFile = new java.io.File(((pathPrefix + java.lang.Integer.toString(counter)) + .png)): null

2018-12-05 13:03:47 - [TEST_STEP][PASSED] - Statement - counter = counter + 1: null

2018-12-05 13:03:47 - [TEST_STEP][PASSED] - Statement - PreSaveFile = new java.io.File(((pathPrefix + java.lang.Integer.toString(counter)) + .png)): null

2018-12-05 13:03:47 - [TEST_STEP][PASSED] - Statement - counter = counter + 1: null

2018-12-05 13:03:47 - [TEST_STEP][PASSED] - Statement - PreSaveFile = new java.io.File(((pathPrefix + java.lang.Integer.toString(counter)) + .png)): null

2018-12-05 13:03:47 - [TEST_STEP][PASSED] - Statement - counter = counter + 1: null

2018-12-05 13:03:47 - [TEST_STEP][PASSED] - Statement - PreSaveFile = new java.io.File(((pathPrefix + java.lang.Integer.toString(counter)) + .png)): null

2018-12-05 13:03:47 - [TEST_STEP][PASSED] - Statement - counter = counter + 1: null

2018-12-05 13:03:47 - [TEST_STEP][PASSED] - Statement - PreSaveFile = new java.io.File(((pathPrefix + java.lang.Integer.toString(counter)) + .png)): null

2018-12-05 13:03:47 - [TEST_STEP][PASSED] - Statement - counter = counter + 1: null

2018-12-05 13:03:47 - [TEST_STEP][PASSED] - Statement - PreSaveFile = new java.io.File(((pathPrefix + java.lang.Integer.toString(counter)) + .png)): null

2018-12-05 13:03:47 - [TEST_STEP][PASSED] - Statement - counter = counter + 1: null

2018-12-05 13:03:47 - [TEST_STEP][PASSED] - Statement - PreSaveFile = new java.io.File(((pathPrefix + java.lang.Integer.toString(counter)) + .png)): null

2018-12-05 13:03:47 - [TEST_STEP][PASSED] - Statement - counter = counter + 1: null

2018-12-05 13:03:47 - [TEST_STEP][PASSED] - Statement - PreSaveFile = new java.io.File(((pathPrefix + java.lang.Integer.toString(counter)) + .png)): null

2018-12-05 13:03:47 - [TEST_STEP][PASSED] - Statement - counter = counter + 1: null

2018-12-05 13:03:47 - [TEST_STEP][PASSED] - Statement - PreSaveFile = new java.io.File(((pathPrefix + java.lang.Integer.toString(counter)) + .png)): null

2018-12-05 13:03:47 - [TEST_STEP][PASSED] - Statement - counter = counter + 1: null

2018-12-05 13:03:47 - [TEST_STEP][PASSED] - Statement - PreSaveFile = new java.io.File(((pathPrefix + java.lang.Integer.toString(counter)) + .png)): null

2018-12-05 13:03:47 - [TEST_STEP][PASSED] - Statement - counter = counter + 1: null

2018-12-05 13:03:47 - [TEST_STEP][PASSED] - Statement - PreSaveFile = new java.io.File(((pathPrefix + java.lang.Integer.toString(counter)) + .png)): null

2018-12-05 13:03:47 - [TEST_STEP][PASSED] - Statement - counter = counter + 1: null

2018-12-05 13:03:47 - [TEST_STEP][PASSED] - Statement - PreSaveFile = new java.io.File(((pathPrefix + java.lang.Integer.toString(counter)) + .png)): null

2018-12-05 13:03:47 - [TEST_STEP][PASSED] - Statement - counter = counter + 1: null

2018-12-05 13:03:47 - [TEST_STEP][PASSED] - Statement - PreSaveFile = new java.io.File(((pathPrefix + java.lang.Integer.toString(counter)) + .png)): null

2018-12-05 13:03:47 - [TEST_STEP][PASSED] - Statement - counter = counter + 1: null

2018-12-05 13:03:47 - [TEST_STEP][PASSED] - Statement - PreSaveFile = new java.io.File(((pathPrefix + java.lang.Integer.toString(counter)) + .png)): null

2018-12-05 13:03:47 - [TEST_STEP][PASSED] - Statement - counter = counter + 1: null

2018-12-05 13:03:47 - [TEST_STEP][PASSED] - Statement - PreSaveFile = new java.io.File(((pathPrefix + java.lang.Integer.toString(counter)) + .png)): null

2018-12-05 13:03:47 - [TEST_STEP][PASSED] - Statement - counter = counter + 1: null

2018-12-05 13:03:47 - [TEST_STEP][PASSED] - Statement - PreSaveFile = new java.io.File(((pathPrefix + java.lang.Integer.toString(counter)) + .png)): null

2018-12-05 13:03:47 - [TEST_STEP][PASSED] - Statement - counter = counter + 1: null

2018-12-05 13:03:48 - [TEST_STEP][PASSED] - Statement - PreSaveFile = new java.io.File(((pathPrefix + java.lang.Integer.toString(counter)) + .png)): null

2018-12-05 13:03:48 - [TEST_STEP][PASSED] - Statement - counter = counter + 1: null

2018-12-05 13:03:48 - [TEST_STEP][PASSED] - Statement - PreSaveFile = new java.io.File(((pathPrefix + java.lang.Integer.toString(counter)) + .png)): null

2018-12-05 13:03:48 - [TEST_STEP][PASSED] - Statement - counter = counter + 1: null

2018-12-05 13:03:48 - [TEST_STEP][PASSED] - Statement - PreSaveFile = new java.io.File(((pathPrefix + java.lang.Integer.toString(counter)) + .png)): null

2018-12-05 13:03:48 - [TEST_STEP][PASSED] - Statement - counter = counter + 1: null

2018-12-05 13:03:48 - [TEST_STEP][PASSED] - Statement - PreSaveFile = new java.io.File(((pathPrefix + java.lang.Integer.toString(counter)) + .png)): null

2018-12-05 13:03:48 - [TEST_STEP][PASSED] - Statement - counter = counter + 1: null

2018-12-05 13:03:48 - [TEST_STEP][PASSED] - Statement - PreSaveFile = new java.io.File(((pathPrefix + java.lang.Integer.toString(counter)) + .png)): null

2018-12-05 13:03:48 - [TEST_STEP][PASSED] - Statement - counter = counter + 1: null

2018-12-05 13:03:48 - [TEST_STEP][PASSED] - Statement - PreSaveFile = new java.io.File(((pathPrefix + java.lang.Integer.toString(counter)) + .png)): null

2018-12-05 13:03:48 - [TEST_STEP][PASSED] - Statement - counter = counter + 1: null

2018-12-05 13:03:48 - [TEST_STEP][PASSED] - Statement - PreSaveFile = new java.io.File(((pathPrefix + java.lang.Integer.toString(counter)) + .png)): null

2018-12-05 13:03:48 - [TEST_STEP][PASSED] - Statement - counter = counter + 1: null

2018-12-05 13:03:48 - [TEST_STEP][PASSED] - Statement - PreSaveFile = new java.io.File(((pathPrefix + java.lang.Integer.toString(counter)) + .png)): null

2018-12-05 13:03:48 - [TEST_STEP][PASSED] - Statement - counter = counter + 1: null

2018-12-05 13:03:48 - [TEST_STEP][PASSED] - Statement - PreSaveFile = new java.io.File(((pathPrefix + java.lang.Integer.toString(counter)) + .png)): null

2018-12-05 13:03:48 - [TEST_STEP][PASSED] - Statement - counter = counter + 1: null

2018-12-05 13:03:48 - [TEST_STEP][PASSED] - Statement - PreSaveFile = new java.io.File(((pathPrefix + java.lang.Integer.toString(counter)) + .png)): null

2018-12-05 13:03:48 - [TEST_STEP][PASSED] - Statement - counter = counter + 1: null

2018-12-05 13:03:48 - [TEST_STEP][PASSED] - Statement - PreSaveFile = new java.io.File(((pathPrefix + java.lang.Integer.toString(counter)) + .png)): null

2018-12-05 13:03:48 - [TEST_STEP][PASSED] - Statement - counter = counter + 1: null

2018-12-05 13:03:48 - [TEST_STEP][PASSED] - Statement - PreSaveFile = new java.io.File(((pathPrefix + java.lang.Integer.toString(counter)) + .png)): null

2018-12-05 13:03:48 - [TEST_STEP][PASSED] - Statement - counter = counter + 1: null

2018-12-05 13:03:48 - [TEST_STEP][PASSED] - Statement - PreSaveFile = new java.io.File(((pathPrefix + java.lang.Integer.toString(counter)) + .png)): null

2018-12-05 13:03:48 - [TEST_STEP][PASSED] - Statement - counter = counter + 1: null

2018-12-05 13:03:48 - [TEST_STEP][PASSED] - Statement - PreSaveFile = new java.io.File(((pathPrefix + java.lang.Integer.toString(counter)) + .png)): null

2018-12-05 13:03:48 - [TEST_STEP][PASSED] - Statement - counter = counter + 1: null

2018-12-05 13:03:49 - [TEST_STEP][PASSED] - Statement - PreSaveFile = new java.io.File(((pathPrefix + java.lang.Integer.toString(counter)) + .png)): null

2018-12-05 13:03:49 - [TEST_STEP][PASSED] - Statement - counter = counter + 1: null

2018-12-05 13:03:49 - [TEST_STEP][PASSED] - Statement - PreSaveFile = new java.io.File(((pathPrefix + java.lang.Integer.toString(counter)) + .png)): null

2018-12-05 13:03:49 - [TEST_STEP][PASSED] - Statement - counter = counter + 1: null

2018-12-05 13:03:49 - [TEST_STEP][PASSED] - Statement - PreSaveFile = new java.io.File(((pathPrefix + java.lang.Integer.toString(counter)) + .png)): null

2018-12-05 13:03:49 - [TEST_STEP][PASSED] - Statement - counter = counter + 1: null

2018-12-05 13:03:49 - [TEST_STEP][PASSED] - Statement - PreSaveFile = new java.io.File(((pathPrefix + java.lang.Integer.toString(counter)) + .png)): null

2018-12-05 13:03:49 - [TEST_STEP][PASSED] - Statement - counter = counter + 1: null

2018-12-05 13:03:49 - [TEST_STEP][PASSED] - Statement - PreSaveFile = new java.io.File(((pathPrefix + java.lang.Integer.toString(counter)) + .png)): null

2018-12-05 13:03:49 - [TEST_STEP][PASSED] - Statement - counter = counter + 1: null

2018-12-05 13:03:49 - [TEST_STEP][PASSED] - Statement - PreSaveFile = new java.io.File(((pathPrefix + java.lang.Integer.toString(counter)) + .png)): null

2018-12-05 13:03:49 - [TEST_STEP][PASSED] - Statement - counter = counter + 1: null

2018-12-05 13:03:49 - [TEST_STEP][PASSED] - Statement - PreSaveFile = new java.io.File(((pathPrefix + java.lang.Integer.toString(counter)) + .png)): null

2018-12-05 13:03:49 - [TEST_STEP][PASSED] - Statement - counter = counter + 1: null

2018-12-05 13:03:49 - [TEST_STEP][PASSED] - Statement - PreSaveFile = new java.io.File(((pathPrefix + java.lang.Integer.toString(counter)) + .png)): null

2018-12-05 13:03:49 - [TEST_STEP][PASSED] - Statement - counter = counter + 1: null

2018-12-05 13:03:49 - [TEST_STEP][PASSED] - Statement - PreSaveFile = new java.io.File(((pathPrefix + java.lang.Integer.toString(counter)) + .png)): null

2018-12-05 13:03:49 - [TEST_STEP][PASSED] - Statement - counter = counter + 1: null

2018-12-05 13:03:49 - [TEST_STEP][PASSED] - Statement - PreSaveFile = new java.io.File(((pathPrefix + java.lang.Integer.toString(counter)) + .png)): null

2018-12-05 13:03:49 - [TEST_STEP][PASSED] - Statement - counter = counter + 1: null

2018-12-05 13:03:49 - [TEST_STEP][PASSED] - Statement - PreSaveFile = new java.io.File(((pathPrefix + java.lang.Integer.toString(counter)) + .png)): null

2018-12-05 13:03:49 - [TEST_STEP][PASSED] - Statement - counter = counter + 1: null

2018-12-05 13:03:49 - [TEST_STEP][PASSED] - Statement - PreSaveFile = new java.io.File(((pathPrefix + java.lang.Integer.toString(counter)) + .png)): null

2018-12-05 13:03:49 - [TEST_STEP][PASSED] - Statement - counter = counter + 1: null

2018-12-05 13:03:49 - [TEST_STEP][PASSED] - Statement - PreSaveFile = new java.io.File(((pathPrefix + java.lang.Integer.toString(counter)) + .png)): null

2018-12-05 13:03:49 - [TEST_STEP][PASSED] - Statement - counter = counter + 1: null

2018-12-05 13:03:49 - [TEST_STEP][PASSED] - Statement - PreSaveFile = new java.io.File(((pathPrefix + java.lang.Integer.toString(counter)) + .png)): null

2018-12-05 13:03:49 - [TEST_STEP][PASSED] - Statement - counter = counter + 1: null

2018-12-05 13:03:49 - [TEST_STEP][PASSED] - Statement - PreSaveFile = new java.io.File(((pathPrefix + java.lang.Integer.toString(counter)) + .png)): null

2018-12-05 13:03:50 - [TEST_STEP][PASSED] - Statement - counter = counter + 1: null

2018-12-05 13:03:50 - [TEST_STEP][PASSED] - Statement - PreSaveFile = new java.io.File(((pathPrefix + java.lang.Integer.toString(counter)) + .png)): null

2018-12-05 13:03:50 - [TEST_STEP][PASSED] - Statement - counter = counter + 1: null

2018-12-05 13:03:50 - [TEST_STEP][PASSED] - Statement - PreSaveFile = new java.io.File(((pathPrefix + java.lang.Integer.toString(counter)) + .png)): null

2018-12-05 13:03:50 - [TEST_STEP][PASSED] - Statement - counter = counter + 1: null

2018-12-05 13:03:50 - [TEST_STEP][PASSED] - Statement - PreSaveFile = new java.io.File(((pathPrefix + java.lang.Integer.toString(counter)) + .png)): null

2018-12-05 13:03:50 - [TEST_STEP][PASSED] - Statement - counter = counter + 1: null

2018-12-05 13:03:50 - [TEST_STEP][PASSED] - Statement - PreSaveFile = new java.io.File(((pathPrefix + java.lang.Integer.toString(counter)) + .png)): null

2018-12-05 13:03:50 - [TEST_STEP][PASSED] - Statement - counter = counter + 1: null

2018-12-05 13:03:50 - [TEST_STEP][PASSED] - Statement - PreSaveFile = new java.io.File(((pathPrefix + java.lang.Integer.toString(counter)) + .png)): null

2018-12-05 13:03:50 - [TEST_STEP][PASSED] - Statement - counter = counter + 1: null

2018-12-05 13:03:50 - [TEST_STEP][PASSED] - Statement - PreSaveFile = new java.io.File(((pathPrefix + java.lang.Integer.toString(counter)) + .png)): null

2018-12-05 13:03:50 - [TEST_STEP][PASSED] - Statement - counter = counter + 1: null

2018-12-05 13:03:50 - [TEST_STEP][PASSED] - Statement - PreSaveFile = new java.io.File(((pathPrefix + java.lang.Integer.toString(counter)) + .png)): null

2018-12-05 13:03:50 - [TEST_STEP][PASSED] - Statement - counter = counter + 1: null

2018-12-05 13:03:50 - [TEST_STEP][PASSED] - Statement - PreSaveFile = new java.io.File(((pathPrefix + java.lang.Integer.toString(counter)) + .png)): null

2018-12-05 13:03:50 - [TEST_STEP][PASSED] - Statement - counter = counter + 1: null

2018-12-05 13:03:50 - [TEST_STEP][PASSED] - Statement - PreSaveFile = new java.io.File(((pathPrefix + java.lang.Integer.toString(counter)) + .png)): null

2018-12-05 13:03:50 - [TEST_STEP][PASSED] - Statement - counter = counter + 1: null

2018-12-05 13:03:50 - [TEST_STEP][PASSED] - Statement - PreSaveFile = new java.io.File(((pathPrefix + java.lang.Integer.toString(counter)) + .png)): null

2018-12-05 13:03:50 - [TEST_STEP][PASSED] - Statement - counter = counter + 1: null

2018-12-05 13:03:50 - [TEST_STEP][PASSED] - Statement - PreSaveFile = new java.io.File(((pathPrefix + java.lang.Integer.toString(counter)) + .png)): null

2018-12-05 13:03:50 - [TEST_STEP][PASSED] - Statement - counter = counter + 1: null

2018-12-05 13:03:50 - [TEST_STEP][PASSED] - Statement - PreSaveFile = new java.io.File(((pathPrefix + java.lang.Integer.toString(counter)) + .png)): null

2018-12-05 13:03:50 - [TEST_STEP][PASSED] - Statement - counter = counter + 1: null

2018-12-05 13:03:50 - [TEST_STEP][PASSED] - Statement - PreSaveFile = new java.io.File(((pathPrefix + java.lang.Integer.toString(counter)) + .png)): null

2018-12-05 13:03:50 - [TEST_STEP][PASSED] - Statement - counter = counter + 1: null

2018-12-05 13:03:50 - [TEST_STEP][PASSED] - Statement - PreSaveFile = new java.io.File(((pathPrefix + java.lang.Integer.toString(counter)) + .png)): null

2018-12-05 13:03:50 - [TEST_STEP][PASSED] - Statement - counter = counter + 1: null

2018-12-05 13:03:51 - [TEST_STEP][PASSED] - Statement - PreSaveFile = new java.io.File(((pathPrefix + java.lang.Integer.toString(counter)) + .png)): null

2018-12-05 13:03:51 - [TEST_STEP][PASSED] - Statement - counter = counter + 1: null

2018-12-05 13:03:51 - [TEST_STEP][PASSED] - Statement - PreSaveFile = new java.io.File(((pathPrefix + java.lang.Integer.toString(counter)) + .png)): null

2018-12-05 13:03:51 - [TEST_STEP][PASSED] - Statement - counter = counter + 1: null

2018-12-05 13:03:51 - [TEST_STEP][PASSED] - Statement - PreSaveFile = new java.io.File(((pathPrefix + java.lang.Integer.toString(counter)) + .png)): null

2018-12-05 13:03:51 - [TEST_STEP][PASSED] - Statement - counter = counter + 1: null

2018-12-05 13:03:51 - [TEST_STEP][PASSED] - Statement - PreSaveFile = new java.io.File(((pathPrefix + java.lang.Integer.toString(counter)) + .png)): null

2018-12-05 13:03:51 - [TEST_STEP][PASSED] - Statement - counter = counter + 1: null

2018-12-05 13:03:51 - [TEST_STEP][PASSED] - Statement - PreSaveFile = new java.io.File(((pathPrefix + java.lang.Integer.toString(counter)) + .png)): null

2018-12-05 13:03:51 - [TEST_STEP][PASSED] - Statement - counter = counter + 1: null

2018-12-05 13:03:51 - [TEST_STEP][PASSED] - Statement - PreSaveFile = new java.io.File(((pathPrefix + java.lang.Integer.toString(counter)) + .png)): null

2018-12-05 13:03:51 - [TEST_STEP][PASSED] - Statement - counter = counter + 1: null

2018-12-05 13:03:51 - [TEST_STEP][PASSED] - Statement - PreSaveFile = new java.io.File(((pathPrefix + java.lang.Integer.toString(counter)) + .png)): null

2018-12-05 13:03:51 - [TEST_STEP][PASSED] - Statement - counter = counter + 1: null

2018-12-05 13:03:51 - [TEST_STEP][PASSED] - Statement - PreSaveFile = new java.io.File(((pathPrefix + java.lang.Integer.toString(counter)) + .png)): null

2018-12-05 13:03:51 - [TEST_STEP][PASSED] - Statement - counter = counter + 1: null

2018-12-05 13:03:51 - [TEST_STEP][PASSED] - Statement - PreSaveFile = new java.io.File(((pathPrefix + java.lang.Integer.toString(counter)) + .png)): null

2018-12-05 13:03:51 - [TEST_STEP][PASSED] - Statement - counter = counter + 1: null

2018-12-05 13:03:51 - [TEST_STEP][PASSED] - Statement - PreSaveFile = new java.io.File(((pathPrefix + java.lang.Integer.toString(counter)) + .png)): null

2018-12-05 13:03:51 - [TEST_STEP][PASSED] - Statement - counter = counter + 1: null

2018-12-05 13:03:51 - [TEST_STEP][PASSED] - Statement - PreSaveFile = new java.io.File(((pathPrefix + java.lang.Integer.toString(counter)) + .png)): null

2018-12-05 13:03:51 - [TEST_STEP][PASSED] - Statement - counter = counter + 1: null

2018-12-05 13:03:51 - [TEST_STEP][PASSED] - Statement - PreSaveFile = new java.io.File(((pathPrefix + java.lang.Integer.toString(counter)) + .png)): null

2018-12-05 13:03:51 - [TEST_STEP][PASSED] - Statement - counter = counter + 1: null

2018-12-05 13:03:51 - [TEST_STEP][PASSED] - Statement - PreSaveFile = new java.io.File(((pathPrefix + java.lang.Integer.toString(counter)) + .png)): null

2018-12-05 13:03:51 - [TEST_STEP][PASSED] - Statement - counter = counter + 1: null

2018-12-05 13:03:51 - [TEST_STEP][PASSED] - Statement - PreSaveFile = new java.io.File(((pathPrefix + java.lang.Integer.toString(counter)) + .png)): null

2018-12-05 13:03:51 - [TEST_STEP][PASSED] - Statement - counter = counter + 1: null

2018-12-05 13:03:52 - [TEST_STEP][PASSED] - Statement - PreSaveFile = new java.io.File(((pathPrefix + java.lang.Integer.toString(counter)) + .png)): null

2018-12-05 13:03:52 - [TEST_STEP][PASSED] - Statement - counter = counter + 1: null

2018-12-05 13:03:52 - [TEST_STEP][PASSED] - Statement - PreSaveFile = new java.io.File(((pathPrefix + java.lang.Integer.toString(counter)) + .png)): null

2018-12-05 13:03:52 - [TEST_STEP][PASSED] - Statement - counter = counter + 1: null

2018-12-05 13:03:52 - [TEST_STEP][PASSED] - Statement - PreSaveFile = new java.io.File(((pathPrefix + java.lang.Integer.toString(counter)) + .png)): null

2018-12-05 13:03:52 - [TEST_STEP][PASSED] - Statement - counter = counter + 1: null

2018-12-05 13:03:52 - [TEST_STEP][PASSED] - Statement - PreSaveFile = new java.io.File(((pathPrefix + java.lang.Integer.toString(counter)) + .png)): null

2018-12-05 13:03:52 - [TEST_STEP][PASSED] - Statement - counter = counter + 1: null

2018-12-05 13:03:52 - [TEST_STEP][PASSED] - Statement - PreSaveFile = new java.io.File(((pathPrefix + java.lang.Integer.toString(counter)) + .png)): null

2018-12-05 13:03:52 - [TEST_STEP][PASSED] - Statement - counter = counter + 1: null

2018-12-05 13:03:52 - [TEST_STEP][PASSED] - Statement - PreSaveFile = new java.io.File(((pathPrefix + java.lang.Integer.toString(counter)) + .png)): null

2018-12-05 13:03:52 - [TEST_STEP][PASSED] - Statement - counter = counter + 1: null

2018-12-05 13:03:52 - [TEST_STEP][PASSED] - Statement - PreSaveFile = new java.io.File(((pathPrefix + java.lang.Integer.toString(counter)) + .png)): null

2018-12-05 13:03:52 - [TEST_STEP][PASSED] - Statement - counter = counter + 1: null

2018-12-05 13:03:52 - [TEST_STEP][PASSED] - Statement - PreSaveFile = new java.io.File(((pathPrefix + java.lang.Integer.toString(counter)) + .png)): null

2018-12-05 13:03:52 - [TEST_STEP][PASSED] - Statement - counter = counter + 1: null

2018-12-05 13:03:52 - [TEST_STEP][PASSED] - Statement - PreSaveFile = new java.io.File(((pathPrefix + java.lang.Integer.toString(counter)) + .png)): null

2018-12-05 13:03:52 - [TEST_STEP][PASSED] - Statement - counter = counter + 1: null

2018-12-05 13:03:52 - [TEST_STEP][PASSED] - Statement - PreSaveFile = new java.io.File(((pathPrefix + java.lang.Integer.toString(counter)) + .png)): null

2018-12-05 13:03:52 - [TEST_STEP][PASSED] - Statement - counter = counter + 1: null

2018-12-05 13:03:52 - [TEST_STEP][PASSED] - Statement - PreSaveFile = new java.io.File(((pathPrefix + java.lang.Integer.toString(counter)) + .png)): null

2018-12-05 13:03:52 - [TEST_STEP][PASSED] - Statement - counter = counter + 1: null

2018-12-05 13:03:52 - [TEST_STEP][PASSED] - Statement - PreSaveFile = new java.io.File(((pathPrefix + java.lang.Integer.toString(counter)) + .png)): null

2018-12-05 13:03:52 - [TEST_STEP][PASSED] - Statement - counter = counter + 1: null

2018-12-05 13:03:52 - [TEST_STEP][PASSED] - Statement - PreSaveFile = new java.io.File(((pathPrefix + java.lang.Integer.toString(counter)) + .png)): null

2018-12-05 13:03:52 - [TEST_STEP][PASSED] - Statement - counter = counter + 1: null

2018-12-05 13:03:52 - [TEST_STEP][PASSED] - Statement - PreSaveFile = new java.io.File(((pathPrefix + java.lang.Integer.toString(counter)) + .png)): null

2018-12-05 13:03:52 - [TEST_STEP][PASSED] - Statement - counter = counter + 1: null

2018-12-05 13:03:52 - [TEST_STEP][PASSED] - Statement - PreSaveFile = new java.io.File(((pathPrefix + java.lang.Integer.toString(counter)) + .png)): null

2018-12-05 13:03:53 - [TEST_STEP][PASSED] - Statement - counter = counter + 1: null

2018-12-05 13:03:53 - [TEST_STEP][PASSED] - Statement - PreSaveFile = new java.io.File(((pathPrefix + java.lang.Integer.toString(counter)) + .png)): null

2018-12-05 13:03:53 - [TEST_STEP][PASSED] - Statement - counter = counter + 1: null

2018-12-05 13:03:53 - [TEST_STEP][PASSED] - Statement - PreSaveFile = new java.io.File(((pathPrefix + java.lang.Integer.toString(counter)) + .png)): null

2018-12-05 13:03:53 - [TEST_STEP][PASSED] - Statement - counter = counter + 1: null

2018-12-05 13:03:53 - [TEST_STEP][PASSED] - Statement - PreSaveFile = new java.io.File(((pathPrefix + java.lang.Integer.toString(counter)) + .png)): null

2018-12-05 13:03:53 - [TEST_STEP][PASSED] - Statement - counter = counter + 1: null

2018-12-05 13:03:53 - [TEST_STEP][PASSED] - Statement - PreSaveFile = new java.io.File(((pathPrefix + java.lang.Integer.toString(counter)) + .png)): null

2018-12-05 13:03:53 - [TEST_STEP][PASSED] - Statement - counter = counter + 1: null

2018-12-05 13:03:53 - [TEST_STEP][PASSED] - Statement - PreSaveFile = new java.io.File(((pathPrefix + java.lang.Integer.toString(counter)) + .png)): null

2018-12-05 13:03:53 - [TEST_STEP][PASSED] - Statement - counter = counter + 1: null

2018-12-05 13:03:53 - [TEST_STEP][PASSED] - Statement - PreSaveFile = new java.io.File(((pathPrefix + java.lang.Integer.toString(counter)) + .png)): null

2018-12-05 13:03:53 - [TEST_STEP][PASSED] - Statement - counter = counter + 1: null

2018-12-05 13:03:53 - [TEST_STEP][PASSED] - Statement - PreSaveFile = new java.io.File(((pathPrefix + java.lang.Integer.toString(counter)) + .png)): null

2018-12-05 13:03:53 - [TEST_STEP][PASSED] - Statement - counter = counter + 1: null

2018-12-05 13:03:53 - [TEST_STEP][PASSED] - Statement - PreSaveFile = new java.io.File(((pathPrefix + java.lang.Integer.toString(counter)) + .png)): null

2018-12-05 13:03:53 - [TEST_STEP][PASSED] - Statement - counter = counter + 1: null

2018-12-05 13:03:53 - [TEST_STEP][PASSED] - Statement - PreSaveFile = new java.io.File(((pathPrefix + java.lang.Integer.toString(counter)) + .png)): null

2018-12-05 13:03:53 - [TEST_STEP][PASSED] - Statement - counter = counter + 1: null

2018-12-05 13:03:53 - [TEST_STEP][PASSED] - Statement - PreSaveFile = new java.io.File(((pathPrefix + java.lang.Integer.toString(counter)) + .png)): null

2018-12-05 13:03:53 - [TEST_STEP][PASSED] - Statement - counter = counter + 1: null

2018-12-05 13:03:53 - [TEST_STEP][PASSED] - Statement - PreSaveFile = new java.io.File(((pathPrefix + java.lang.Integer.toString(counter)) + .png)): null

2018-12-05 13:03:53 - [TEST_STEP][PASSED] - Statement - counter = counter + 1: null

2018-12-05 13:03:53 - [TEST_STEP][PASSED] - Statement - PreSaveFile = new java.io.File(((pathPrefix + java.lang.Integer.toString(counter)) + .png)): null

2018-12-05 13:03:53 - [TEST_STEP][PASSED] - Statement - counter = counter + 1: null

2018-12-05 13:03:53 - [TEST_STEP][PASSED] - Statement - PreSaveFile = new java.io.File(((pathPrefix + java.lang.Integer.toString(counter)) + .png)): null

2018-12-05 13:03:53 - [TEST_STEP][PASSED] - Statement - counter = counter + 1: null

2018-12-05 13:03:53 - [TEST_STEP][PASSED] - Statement - PreSaveFile = new java.io.File(((pathPrefix + java.lang.Integer.toString(counter)) + .png)): null

2018-12-05 13:03:53 - [TEST_STEP][PASSED] - Statement - counter = counter + 1: null

2018-12-05 13:03:54 - [TEST_STEP][PASSED] - Statement - PreSaveFile = new java.io.File(((pathPrefix + java.lang.Integer.toString(counter)) + .png)): null

2018-12-05 13:03:54 - [TEST_STEP][PASSED] - Statement - counter = counter + 1: null

2018-12-05 13:03:54 - [TEST_STEP][PASSED] - Statement - PreSaveFile = new java.io.File(((pathPrefix + java.lang.Integer.toString(counter)) + .png)): null

2018-12-05 13:03:54 - [TEST_STEP][PASSED] - Statement - counter = counter + 1: null

2018-12-05 13:03:54 - [TEST_STEP][PASSED] - Statement - PreSaveFile = new java.io.File(((pathPrefix + java.lang.Integer.toString(counter)) + .png)): null

2018-12-05 13:03:54 - [TEST_STEP][PASSED] - Statement - counter = counter + 1: null

2018-12-05 13:03:54 - [TEST_STEP][PASSED] - Statement - PreSaveFile = new java.io.File(((pathPrefix + java.lang.Integer.toString(counter)) + .png)): null

2018-12-05 13:03:54 - [TEST_STEP][PASSED] - Statement - counter = counter + 1: null

2018-12-05 13:03:54 - [TEST_STEP][PASSED] - Statement - PreSaveFile = new java.io.File(((pathPrefix + java.lang.Integer.toString(counter)) + .png)): null

2018-12-05 13:03:54 - [TEST_STEP][PASSED] - Statement - counter = counter + 1: null

2018-12-05 13:03:54 - [TEST_STEP][PASSED] - Statement - PreSaveFile = new java.io.File(((pathPrefix + java.lang.Integer.toString(counter)) + .png)): null

2018-12-05 13:03:54 - [TEST_STEP][PASSED] - Statement - counter = counter + 1: null

2018-12-05 13:03:54 - [TEST_STEP][PASSED] - Statement - PreSaveFile = new java.io.File(((pathPrefix + java.lang.Integer.toString(counter)) + .png)): null

2018-12-05 13:03:54 - [TEST_STEP][PASSED] - Statement - counter = counter + 1: null

2018-12-05 13:03:54 - [TEST_STEP][PASSED] - Statement - PreSaveFile = new java.io.File(((pathPrefix + java.lang.Integer.toString(counter)) + .png)): null

2018-12-05 13:03:54 - [TEST_STEP][PASSED] - Statement - counter = counter + 1: null

2018-12-05 13:03:54 - [TEST_STEP][PASSED] - Statement - PreSaveFile = new java.io.File(((pathPrefix + java.lang.Integer.toString(counter)) + .png)): null

2018-12-05 13:03:54 - [TEST_STEP][PASSED] - Statement - counter = counter + 1: null

2018-12-05 13:03:54 - [TEST_STEP][PASSED] - Statement - PreSaveFile = new java.io.File(((pathPrefix + java.lang.Integer.toString(counter)) + .png)): null

2018-12-05 13:03:54 - [TEST_STEP][PASSED] - Statement - counter = counter + 1: null

2018-12-05 13:03:54 - [TEST_STEP][PASSED] - Statement - PreSaveFile = new java.io.File(((pathPrefix + java.lang.Integer.toString(counter)) + .png)): null

2018-12-05 13:03:54 - [TEST_STEP][PASSED] - Statement - counter = counter + 1: null

2018-12-05 13:03:54 - [TEST_STEP][PASSED] - Statement - PreSaveFile = new java.io.File(((pathPrefix + java.lang.Integer.toString(counter)) + .png)): null

2018-12-05 13:03:54 - [TEST_STEP][PASSED] - Statement - counter = counter + 1: null

2018-12-05 13:03:54 - [TEST_STEP][PASSED] - Statement - PreSaveFile = new java.io.File(((pathPrefix + java.lang.Integer.toString(counter)) + .png)): null

2018-12-05 13:03:54 - [TEST_STEP][PASSED] - Statement - counter = counter + 1: null

2018-12-05 13:03:54 - [TEST_STEP][PASSED] - Statement - PreSaveFile = new java.io.File(((pathPrefix + java.lang.Integer.toString(counter)) + .png)): null

2018-12-05 13:03:54 - [TEST_STEP][PASSED] - Statement - counter = counter + 1: null

2018-12-05 13:03:55 - [TEST_STEP][PASSED] - Statement - PreSaveFile = new java.io.File(((pathPrefix + java.lang.Integer.toString(counter)) + .png)): null

2018-12-05 13:03:55 - [TEST_STEP][PASSED] - Statement - counter = counter + 1: null

2018-12-05 13:03:55 - [TEST_STEP][PASSED] - Statement - PreSaveFile = new java.io.File(((pathPrefix + java.lang.Integer.toString(counter)) + .png)): null

2018-12-05 13:03:55 - [TEST_STEP][PASSED] - Statement - counter = counter + 1: null

2018-12-05 13:03:55 - [TEST_STEP][PASSED] - Statement - PreSaveFile = new java.io.File(((pathPrefix + java.lang.Integer.toString(counter)) + .png)): null

2018-12-05 13:03:55 - [TEST_STEP][PASSED] - Statement - counter = counter + 1: null

2018-12-05 13:03:55 - [TEST_STEP][PASSED] - Statement - PreSaveFile = new java.io.File(((pathPrefix + java.lang.Integer.toString(counter)) + .png)): null

2018-12-05 13:03:55 - [TEST_STEP][PASSED] - Statement - counter = counter + 1: null

2018-12-05 13:03:55 - [TEST_STEP][PASSED] - Statement - PreSaveFile = new java.io.File(((pathPrefix + java.lang.Integer.toString(counter)) + .png)): null

2018-12-05 13:03:55 - [TEST_STEP][PASSED] - Statement - counter = counter + 1: null

2018-12-05 13:03:55 - [TEST_STEP][PASSED] - Statement - PreSaveFile = new java.io.File(((pathPrefix + java.lang.Integer.toString(counter)) + .png)): null

2018-12-05 13:03:55 - [TEST_STEP][PASSED] - Statement - counter = counter + 1: null

2018-12-05 13:03:55 - [TEST_STEP][PASSED] - Statement - PreSaveFile = new java.io.File(((pathPrefix + java.lang.Integer.toString(counter)) + .png)): null

2018-12-05 13:03:55 - [TEST_STEP][PASSED] - Statement - counter = counter + 1: null

2018-12-05 13:03:55 - [TEST_STEP][PASSED] - Statement - PreSaveFile = new java.io.File(((pathPrefix + java.lang.Integer.toString(counter)) + .png)): null

2018-12-05 13:03:55 - [TEST_STEP][PASSED] - Statement - counter = counter + 1: null

2018-12-05 13:03:55 - [TEST_STEP][PASSED] - Statement - PreSaveFile = new java.io.File(((pathPrefix + java.lang.Integer.toString(counter)) + .png)): null

2018-12-05 13:03:55 - [TEST_STEP][PASSED] - Statement - counter = counter + 1: null

2018-12-05 13:03:55 - [TEST_STEP][PASSED] - Statement - PreSaveFile = new java.io.File(((pathPrefix + java.lang.Integer.toString(counter)) + .png)): null

2018-12-05 13:03:55 - [TEST_STEP][PASSED] - Statement - counter = counter + 1: null

2018-12-05 13:03:55 - [TEST_STEP][PASSED] - Statement - PreSaveFile = new java.io.File(((pathPrefix + java.lang.Integer.toString(counter)) + .png)): null

2018-12-05 13:03:55 - [TEST_STEP][PASSED] - Statement - counter = counter + 1: null

2018-12-05 13:03:55 - [TEST_STEP][PASSED] - Statement - PreSaveFile = new java.io.File(((pathPrefix + java.lang.Integer.toString(counter)) + .png)): null

2018-12-05 13:03:55 - [TEST_STEP][PASSED] - Statement - counter = counter + 1: null

2018-12-05 13:03:55 - [TEST_STEP][PASSED] - Statement - PreSaveFile = new java.io.File(((pathPrefix + java.lang.Integer.toString(counter)) + .png)): null

2018-12-05 13:03:55 - [TEST_STEP][PASSED] - Statement - counter = counter + 1: null

2018-12-05 13:03:55 - [TEST_STEP][PASSED] - Statement - PreSaveFile = new java.io.File(((pathPrefix + java.lang.Integer.toString(counter)) + .png)): null

2018-12-05 13:03:55 - [TEST_STEP][PASSED] - Statement - counter = counter + 1: null

2018-12-05 13:03:55 - [TEST_STEP][PASSED] - Statement - PreSaveFile = new java.io.File(((pathPrefix + java.lang.Integer.toString(counter)) + .png)): null

2018-12-05 13:03:56 - [TEST_STEP][PASSED] - Statement - counter = counter + 1: null

2018-12-05 13:03:56 - [TEST_STEP][PASSED] - Statement - PreSaveFile = new java.io.File(((pathPrefix + java.lang.Integer.toString(counter)) + .png)): null

2018-12-05 13:03:56 - [TEST_STEP][PASSED] - Statement - counter = counter + 1: null

2018-12-05 13:03:56 - [TEST_STEP][PASSED] - Statement - PreSaveFile = new java.io.File(((pathPrefix + java.lang.Integer.toString(counter)) + .png)): null

2018-12-05 13:03:56 - [TEST_STEP][PASSED] - Statement - counter = counter + 1: null

2018-12-05 13:03:56 - [TEST_STEP][PASSED] - Statement - PreSaveFile = new java.io.File(((pathPrefix + java.lang.Integer.toString(counter)) + .png)): null

2018-12-05 13:03:56 - [TEST_STEP][PASSED] - Statement - counter = counter + 1: null

2018-12-05 13:03:56 - [TEST_STEP][PASSED] - Statement - PreSaveFile = new java.io.File(((pathPrefix + java.lang.Integer.toString(counter)) + .png)): null

2018-12-05 13:03:56 - [TEST_STEP][PASSED] - Statement - counter = counter + 1: null

2018-12-05 13:03:56 - [TEST_STEP][PASSED] - Statement - PreSaveFile = new java.io.File(((pathPrefix + java.lang.Integer.toString(counter)) + .png)): null

2018-12-05 13:03:56 - [TEST_STEP][PASSED] - Statement - finalPath = pathPrefix + java.lang.Integer.toString(counter) + ".png": null

2018-12-05 13:03:56 - [TEST_STEP][PASSED] - Statement - SaveFile = new java.io.File(finalPath): null

2018-12-05 13:03:56 - [TEST_STEP][PASSED] - Statement - Try: null

2018-12-05 13:03:56 - [TEST_STEP][PASSED] - Statement - org.apache.commons.io.FileUtils.copyFile(scrFile, SaveFile): null

2018-12-05 13:03:56 - [TEST_STEP][PASSED] - Statement - out.println("file kept"): null

2018-12-05 13:03:56 - [TEST_STEP][PASSED] - delay: Delayed 10 second(s)

2018-12-05 13:04:06 - [MESSAGE][PASSED] - Delayed 10 second(s)

2018-12-05 13:04:06 - [MESSAGE][PASSED] - Call Test Case 'Test Cases/Final Aug 2018 - PKS Automation/Common/Screenshoting tool' successfully

2018-12-05 13:04:06 - [TEST_STEP][PASSED] - callTestCase: Call Test Case 'Test Cases/Final Aug 2018 - PKS Automation/Registration Module/Log Out/log out avoiding katalon tagging' successfully

2018-12-05 13:04:06 - [TEST_CASE][PASSED] - Test Cases/Final Aug 2018 - PKS Automation/Registration Module/Log Out/log out avoiding katalon tagging: Test Cases/Final Aug 2018 - PKS Automation/Registration Module/Log Out/log out avoiding katalon tagging

2018-12-05 13:04:06 - [TEST_STEP][PASSED] - navigateToUrl: Navigate to 'https://assist2-uat.perkeso.gov.my/c/portal/logout' successfully

2018-12-05 13:04:07 - [MESSAGE][PASSED] - Navigate to 'https://assist2-uat.perkeso.gov.my/c/portal/logout' successfully

2018-12-05 13:04:07 - [MESSAGE][PASSED] - Call Test Case 'Test Cases/Final Aug 2018 - PKS Automation/Registration Module/Log Out/log out avoiding katalon tagging' successfully

2018-12-05 13:04:07 - [TEST_STEP][PASSED] - delay: Delayed 2 second(s)

2018-12-05 13:04:09 - [MESSAGE][PASSED] - Delayed 2 second(s)

2018-12-05 13:04:09 - [TEST_STEP][PASSED] - setText: Text 'klpkrbo2@gmail.com' is set on object 'Object Repository/Final Object Repo/New Registration - Registration Module Pages/New Reg - OTC to RO/Special Case - All Related Objects/Email TextBox'

2018-12-05 13:04:09 - [MESSAGE][PASSED] - Text 'klpkrbo2@gmail.com' is set on object 'Object Repository/Final Object Repo/New Registration - Registration Module Pages/New Reg - OTC to RO/Special Case - All Related Objects/Email TextBox'

2018-12-05 13:04:09 - [TEST_STEP][PASSED] - click: Object: 'Object Repository/Final Object Repo/New Registration - Registration Module Pages/New Reg - OTC to RO/Special Case - All Related Objects/Next Button' is clicked on

2018-12-05 13:04:10 - [MESSAGE][PASSED] - Object: 'Object Repository/Final Object Repo/New Registration - Registration Module Pages/New Reg - OTC to RO/Special Case - All Related Objects/Next Button' is clicked on

2018-12-05 13:04:10 - [TEST_STEP][PASSED] - delay: Delayed 2 second(s)

2018-12-05 13:04:12 - [MESSAGE][PASSED] - Delayed 2 second(s)

2018-12-05 13:04:12 - [TEST_STEP][PASSED] - setText: Text 'Test1@3456789' is set on object 'Object Repository/Final Object Repo/New Registration - Registration Module Pages/New Reg - OTC to RO/Special Case - All Related Objects/Password TextBox'

2018-12-05 13:04:12 - [MESSAGE][PASSED] - Text 'Test1@3456789' is set on object 'Object Repository/Final Object Repo/New Registration - Registration Module Pages/New Reg - OTC to RO/Special Case - All Related Objects/Password TextBox'

2018-12-05 13:04:12 - [TEST_STEP][PASSED] - delay: Delayed 2 second(s)

2018-12-05 13:04:14 - [MESSAGE][PASSED] - Delayed 2 second(s)

2018-12-05 13:04:14 - [TEST_STEP][PASSED] - click: Object: 'Object Repository/Final Object Repo/New Registration - Registration Module Pages/New Reg - OTC to RO/Special Case - All Related Objects/Login Button' is clicked on

2018-12-05 13:04:14 - [MESSAGE][PASSED] - Object: 'Object Repository/Final Object Repo/New Registration - Registration Module Pages/New Reg - OTC to RO/Special Case - All Related Objects/Login Button' is clicked on

2018-12-05 13:04:14 - [TEST_STEP][PASSED] - delay: Delayed 2 second(s)

2018-12-05 13:04:16 - [MESSAGE][PASSED] - Delayed 2 second(s)

2018-12-05 13:04:16 - [TEST_STEP][PASSED] - Statement - Try: null

2018-12-05 13:04:16 - [TEST_STEP][PASSED] - Statement - Checker = com.kms.katalon.core.webui.keyword.WebUiBuiltInKeywords.verifyElementNotPresent("Final Object Repo/Landing Page/Select to English", 3): null

2018-12-05 13:04:16 - [TEST_STEP][PASSED] - Statement - Catch (Exception e): null

2018-12-05 13:04:16 - [TEST_STEP][PASSED] - Statement - e.printStackTrace(): null

2018-12-05 13:04:16 - [TEST_STEP][PASSED] - click: Object: 'Object Repository/Final Object Repo/New Registration - Registration Module Pages/New Reg - OTC to RO/Special Case - All Related Objects/Expand to Search' is clicked on

2018-12-05 13:04:16 - [MESSAGE][PASSED] - Object: 'Object Repository/Final Object Repo/New Registration - Registration Module Pages/New Reg - OTC to RO/Special Case - All Related Objects/Expand to Search' is clicked on

2018-12-05 13:04:16 - [TEST_STEP][PASSED] - delay: Delayed 2 second(s)

2018-12-05 13:04:18 - [MESSAGE][PASSED] - Delayed 2 second(s)

2018-12-05 13:04:18 - [TEST_STEP][PASSED] - setText: Text 'CRN12201800123008' is set on object 'Object Repository/Final Object Repo/New Registration - Registration Module Pages/New Reg - OTC to RO/Special Case - All Related Objects/TextBox RefNo in Workbasket'

2018-12-05 13:04:19 - [MESSAGE][PASSED] - Text 'CRN12201800123008' is set on object 'Object Repository/Final Object Repo/New Registration - Registration Module Pages/New Reg - OTC to RO/Special Case - All Related Objects/TextBox RefNo in Workbasket'

2018-12-05 13:04:19 - [TEST_STEP][PASSED] - delay: Delayed 2 second(s)

2018-12-05 13:04:21 - [MESSAGE][PASSED] - Delayed 2 second(s)

2018-12-05 13:04:21 - [TEST_STEP][PASSED] - click: Object: 'Object Repository/Final Object Repo/New Registration - Registration Module Pages/New Reg - OTC to RO/Special Case - All Related Objects/Click Search' is clicked on

2018-12-05 13:04:21 - [MESSAGE][PASSED] - Object: 'Object Repository/Final Object Repo/New Registration - Registration Module Pages/New Reg - OTC to RO/Special Case - All Related Objects/Click Search' is clicked on

2018-12-05 13:04:21 - [TEST_STEP][PASSED] - delay: Delayed 2 second(s)

2018-12-05 13:04:23 - [MESSAGE][PASSED] - Delayed 2 second(s)

2018-12-05 13:04:23 - [TEST_STEP][PASSED] - click: Object: 'Object Repository/Final Object Repo/New Registration - Registration Module Pages/New Reg - OTC to RO/Special Case - All Related Objects/Click to Continue Workflow' is clicked on

2018-12-05 13:04:28 - [MESSAGE][PASSED] - Object: 'Object Repository/Final Object Repo/New Registration - Registration Module Pages/New Reg - OTC to RO/Special Case - All Related Objects/Click to Continue Workflow' is clicked on

2018-12-05 13:04:28 - [TEST_STEP][PASSED] - delay: Delayed 4 second(s)

2018-12-05 13:04:32 - [MESSAGE][PASSED] - Delayed 4 second(s)

2018-12-05 13:04:32 - [TEST_STEP][FAILED] - click: Unable to click on object 'Object Repository/Final Object Repo/New Registration - Registration Module Pages/New Reg - OTC to RO/Special Case - All Related Objects/Continue Button in verifying case' (Root cause: org.openqa.selenium.ElementNotVisibleException: element not interactable
  (Session info: chrome=70.0.3538.110)
  (Driver info: chromedriver=2.43.600210 (68dcf5eebde37173d4027fa8635e332711d2874a),platform=Windows NT 6.1.7601 SP1 x86_64) (WARNING: The server did not provide any stacktrace information)
Command duration or timeout: 0 milliseconds
Build info: version: '3.7.1', revision: '8a0099a', time: '2017-11-06T21:07:36.161Z'
System info: host: 'WIN7TEST02', ip: '10.20.3.72', os.name: 'Windows 7', os.arch: 'amd64', os.version: '6.1', java.version: '1.8.0_181'
Driver info: com.kms.katalon.selenium.driver.CChromeDriver
Capabilities {acceptInsecureCerts: false, acceptSslCerts: false, applicationCacheEnabled: false, browserConnectionEnabled: false, browserName: chrome, chrome: {chromedriverVersion: 2.43.600210 (68dcf5eebde371..., userDataDir: C:\Users\Admin\AppData\Loca...}, cssSelectorsEnabled: true, databaseEnabled: false, goog:chromeOptions: {debuggerAddress: localhost:62626}, handlesAlerts: true, hasTouchScreen: false, javascriptEnabled: true, locationContextEnabled: true, mobileEmulationEnabled: false, nativeEvents: true, networkConnectionEnabled: false, pageLoadStrategy: normal, platform: XP, platformName: XP, rotatable: false, setWindowRect: true, takesHeapSnapshot: true, takesScreenshot: true, unexpectedAlertBehaviour: , unhandledPromptBehavior: , version: 70.0.3538.110, webStorageEnabled: true}
Session ID: 3dea97fc1dd1580f9d5336049e42f3c1)

2018-12-05 13:04:42 - [MESSAGE][FAILED] - Unable to click on object 'Object Repository/Final Object Repo/New Registration - Registration Module Pages/New Reg - OTC to RO/Special Case - All Related Objects/Continue Button in verifying case' (Root cause: org.openqa.selenium.ElementNotVisibleException: element not interactable
  (Session info: chrome=70.0.3538.110)
  (Driver info: chromedriver=2.43.600210 (68dcf5eebde37173d4027fa8635e332711d2874a),platform=Windows NT 6.1.7601 SP1 x86_64) (WARNING: The server did not provide any stacktrace information)
Command duration or timeout: 0 milliseconds
Build info: version: '3.7.1', revision: '8a0099a', time: '2017-11-06T21:07:36.161Z'
System info: host: 'WIN7TEST02', ip: '10.20.3.72', os.name: 'Windows 7', os.arch: 'amd64', os.version: '6.1', java.version: '1.8.0_181'
Driver info: com.kms.katalon.selenium.driver.CChromeDriver
Capabilities {acceptInsecureCerts: false, acceptSslCerts: false, applicationCacheEnabled: false, browserConnectionEnabled: false, browserName: chrome, chrome: {chromedriverVersion: 2.43.600210 (68dcf5eebde371..., userDataDir: C:\Users\Admin\AppData\Loca...}, cssSelectorsEnabled: true, databaseEnabled: false, goog:chromeOptions: {debuggerAddress: localhost:62626}, handlesAlerts: true, hasTouchScreen: false, javascriptEnabled: true, locationContextEnabled: true, mobileEmulationEnabled: false, nativeEvents: true, networkConnectionEnabled: false, pageLoadStrategy: normal, platform: XP, platformName: XP, rotatable: false, setWindowRect: true, takesHeapSnapshot: true, takesScreenshot: true, unexpectedAlertBehaviour: , unhandledPromptBehavior: , version: 70.0.3538.110, webStorageEnabled: true}
Session ID: 3dea97fc1dd1580f9d5336049e42f3c1)
[[ATTACHMENT|C:\\Users\\Admin\\Desktop\\PKS\\Perkeso Phase A\\Reports\\Workflow\\New Registration\\20181205_120750\\1543986282341.png]]

2018-12-05 13:04:42 - [TEST_STEP][PASSED] - delay: Delayed 2 second(s)

2018-12-05 13:04:44 - [MESSAGE][PASSED] - Delayed 2 second(s)

2018-12-05 13:04:44 - [TEST_STEP][PASSED] - click: Object: 'Object Repository/Final Object Repo/New Registration - Registration Module Pages/Form 1/Registered As a Branch - Yes' is clicked on

2018-12-05 13:04:44 - [MESSAGE][PASSED] - Object: 'Object Repository/Final Object Repo/New Registration - Registration Module Pages/Form 1/Registered As a Branch - Yes' is clicked on

2018-12-05 13:04:44 - [TEST_STEP][PASSED] - delay: Delayed 2 second(s)

2018-12-05 13:04:46 - [MESSAGE][PASSED] - Delayed 2 second(s)

2018-12-05 13:04:46 - [TEST_STEP][PASSED] - click: Object: 'Object Repository/Final Object Repo/New Registration - Registration Module Pages/New Reg - OTC to RO/Special Case - All Related Objects/Form 1 Save n Continue' is clicked on

2018-12-05 13:04:47 - [MESSAGE][PASSED] - Object: 'Object Repository/Final Object Repo/New Registration - Registration Module Pages/New Reg - OTC to RO/Special Case - All Related Objects/Form 1 Save n Continue' is clicked on

2018-12-05 13:04:47 - [TEST_STEP][PASSED] - delay: Delayed 2 second(s)

2018-12-05 13:04:49 - [MESSAGE][PASSED] - Delayed 2 second(s)

2018-12-05 13:04:49 - [TEST_STEP][PASSED] - click: Object: 'Object Repository/Final Object Repo/New Registration - Registration Module Pages/New Reg - OTC to RO/Special Case - All Related Objects/Form 2 Save n Continue' is clicked on

2018-12-05 13:04:49 - [MESSAGE][PASSED] - Object: 'Object Repository/Final Object Repo/New Registration - Registration Module Pages/New Reg - OTC to RO/Special Case - All Related Objects/Form 2 Save n Continue' is clicked on

2018-12-05 13:04:49 - [TEST_STEP][PASSED] - delay: Delayed 2 second(s)

2018-12-05 13:04:51 - [MESSAGE][PASSED] - Delayed 2 second(s)

2018-12-05 13:04:51 - [TEST_STEP][PASSED] - click: Object: 'Object Repository/Final Object Repo/New Registration - Registration Module Pages/New Reg - OTC to RO/Special Case - All Related Objects/Third Screen Save n Continue' is clicked on

2018-12-05 13:04:56 - [MESSAGE][PASSED] - Object: 'Object Repository/Final Object Repo/New Registration - Registration Module Pages/New Reg - OTC to RO/Special Case - All Related Objects/Third Screen Save n Continue' is clicked on

2018-12-05 13:04:56 - [TEST_STEP][PASSED] - delay: Delayed 5 second(s)

2018-12-05 13:05:01 - [MESSAGE][PASSED] - Delayed 5 second(s)

2018-12-05 13:05:01 - [TEST_STEP][PASSED] - click: Object: 'Object Repository/Final Object Repo/New Registration - Registration Module Pages/New Reg - OTC to RO/Special Case - All Related Objects/Upload Doc Page Save n Continue' is clicked on

2018-12-05 13:05:02 - [MESSAGE][PASSED] - Object: 'Object Repository/Final Object Repo/New Registration - Registration Module Pages/New Reg - OTC to RO/Special Case - All Related Objects/Upload Doc Page Save n Continue' is clicked on

2018-12-05 13:05:02 - [TEST_STEP][PASSED] - delay: Delayed 5 second(s)

2018-12-05 13:05:07 - [MESSAGE][PASSED] - Delayed 5 second(s)

2018-12-05 13:05:07 - [TEST_STEP][PASSED] - callTestCase: Call Test Case 'Test Cases/Final Aug 2018 - PKS Automation/Registration Module/New Registration/Submit and Screenshot/Submit Registration and Screenshot' successfully

2018-12-05 13:05:07 - [TEST_CASE][PASSED] - Test Cases/Final Aug 2018 - PKS Automation/Registration Module/New Registration/Submit and Screenshot/Submit Registration and Screenshot: Test Cases/Final Aug 2018 - PKS Automation/Registration Module/New Registration/Submit and Screenshot/Submit Registration and Screenshot

2018-12-05 13:05:07 - [TEST_STEP][PASSED] - delay: Delayed 6 second(s)

2018-12-05 13:05:13 - [MESSAGE][PASSED] - Delayed 6 second(s)

2018-12-05 13:05:13 - [TEST_STEP][PASSED] - click: Object: 'Object Repository/Final Object Repo/New Registration - Registration Module Pages/Third Screen - Upload Supporting Doc- Preview/Preview Submit Button' is clicked on

2018-12-05 13:05:13 - [MESSAGE][PASSED] - Object: 'Object Repository/Final Object Repo/New Registration - Registration Module Pages/Third Screen - Upload Supporting Doc- Preview/Preview Submit Button' is clicked on

2018-12-05 13:05:13 - [TEST_STEP][PASSED] - delay: Delayed 2 second(s)

2018-12-05 13:05:15 - [MESSAGE][PASSED] - Delayed 2 second(s)

2018-12-05 13:05:15 - [TEST_STEP][PASSED] - click: Object: 'Object Repository/Final Object Repo/New Registration - Registration Module Pages/Third Screen - Upload Supporting Doc- Preview/Preview Submit - Confirm' is clicked on

2018-12-05 13:05:15 - [MESSAGE][PASSED] - Object: 'Object Repository/Final Object Repo/New Registration - Registration Module Pages/Third Screen - Upload Supporting Doc- Preview/Preview Submit - Confirm' is clicked on

2018-12-05 13:05:15 - [TEST_STEP][PASSED] - delay: Delayed 15 second(s)

2018-12-05 13:05:30 - [MESSAGE][PASSED] - Delayed 15 second(s)

2018-12-05 13:05:30 - [TEST_STEP][PASSED] - Statement - driver = com.kms.katalon.core.webui.driver.DriverFactory.getWebDriver(): null

2018-12-05 13:05:30 - [TEST_STEP][PASSED] - Statement - driver.manage().timeouts().implicitlyWait(10, SECONDS): null

2018-12-05 13:05:30 - [TEST_STEP][PASSED] - Statement - PresavePath = KatalonScreenshots: null

2018-12-05 13:05:30 - [TEST_STEP][PASSED] - Statement - pathPrefix = "C:\Users\Public\Pictures\Sample Pictures\Katalon Screenshots\Automate Ending Screen": null

2018-12-05 13:05:30 - [TEST_STEP][PASSED] - Statement - finalPath = <not implemented yet for class: org.codehaus.groovy.ast.expr.EmptyExpression>: null

2018-12-05 13:05:30 - [TEST_STEP][PASSED] - Statement - scrFile = driver.getScreenshotAs(FILE): null

2018-12-05 13:05:30 - [TEST_STEP][PASSED] - Statement - PreSaveFile = new java.io.File(PresavePath): null

2018-12-05 13:05:30 - [TEST_STEP][PASSED] - Statement - counter = 0: null

2018-12-05 13:05:30 - [TEST_STEP][PASSED] - Statement - If (PreSaveFile.exists()): null

2018-12-05 13:05:30 - [TEST_STEP][PASSED] - Statement - While (PreSaveFile.exists()): null

2018-12-05 13:05:30 - [TEST_STEP][PASSED] - Statement - counter = counter + 1: null

2018-12-05 13:05:30 - [TEST_STEP][PASSED] - Statement - PreSaveFile = new java.io.File(((pathPrefix + java.lang.Integer.toString(counter)) + .png)): null

2018-12-05 13:05:30 - [TEST_STEP][PASSED] - Statement - counter = counter + 1: null

2018-12-05 13:05:30 - [TEST_STEP][PASSED] - Statement - PreSaveFile = new java.io.File(((pathPrefix + java.lang.Integer.toString(counter)) + .png)): null

2018-12-05 13:05:30 - [TEST_STEP][PASSED] - Statement - counter = counter + 1: null

2018-12-05 13:05:30 - [TEST_STEP][PASSED] - Statement - PreSaveFile = new java.io.File(((pathPrefix + java.lang.Integer.toString(counter)) + .png)): null

2018-12-05 13:05:30 - [TEST_STEP][PASSED] - Statement - counter = counter + 1: null

2018-12-05 13:05:30 - [TEST_STEP][PASSED] - Statement - PreSaveFile = new java.io.File(((pathPrefix + java.lang.Integer.toString(counter)) + .png)): null

2018-12-05 13:05:30 - [TEST_STEP][PASSED] - Statement - counter = counter + 1: null

2018-12-05 13:05:30 - [TEST_STEP][PASSED] - Statement - PreSaveFile = new java.io.File(((pathPrefix + java.lang.Integer.toString(counter)) + .png)): null

2018-12-05 13:05:30 - [TEST_STEP][PASSED] - Statement - counter = counter + 1: null

2018-12-05 13:05:30 - [TEST_STEP][PASSED] - Statement - PreSaveFile = new java.io.File(((pathPrefix + java.lang.Integer.toString(counter)) + .png)): null

2018-12-05 13:05:30 - [TEST_STEP][PASSED] - Statement - counter = counter + 1: null

2018-12-05 13:05:30 - [TEST_STEP][PASSED] - Statement - PreSaveFile = new java.io.File(((pathPrefix + java.lang.Integer.toString(counter)) + .png)): null

2018-12-05 13:05:30 - [TEST_STEP][PASSED] - Statement - counter = counter + 1: null

2018-12-05 13:05:30 - [TEST_STEP][PASSED] - Statement - PreSaveFile = new java.io.File(((pathPrefix + java.lang.Integer.toString(counter)) + .png)): null

2018-12-05 13:05:30 - [TEST_STEP][PASSED] - Statement - counter = counter + 1: null

2018-12-05 13:05:30 - [TEST_STEP][PASSED] - Statement - PreSaveFile = new java.io.File(((pathPrefix + java.lang.Integer.toString(counter)) + .png)): null

2018-12-05 13:05:30 - [TEST_STEP][PASSED] - Statement - counter = counter + 1: null

2018-12-05 13:05:30 - [TEST_STEP][PASSED] - Statement - PreSaveFile = new java.io.File(((pathPrefix + java.lang.Integer.toString(counter)) + .png)): null

2018-12-05 13:05:30 - [TEST_STEP][PASSED] - Statement - counter = counter + 1: null

2018-12-05 13:05:30 - [TEST_STEP][PASSED] - Statement - PreSaveFile = new java.io.File(((pathPrefix + java.lang.Integer.toString(counter)) + .png)): null

2018-12-05 13:05:30 - [TEST_STEP][PASSED] - Statement - counter = counter + 1: null

2018-12-05 13:05:30 - [TEST_STEP][PASSED] - Statement - PreSaveFile = new java.io.File(((pathPrefix + java.lang.Integer.toString(counter)) + .png)): null

2018-12-05 13:05:30 - [TEST_STEP][PASSED] - Statement - counter = counter + 1: null

2018-12-05 13:05:30 - [TEST_STEP][PASSED] - Statement - PreSaveFile = new java.io.File(((pathPrefix + java.lang.Integer.toString(counter)) + .png)): null

2018-12-05 13:05:30 - [TEST_STEP][PASSED] - Statement - counter = counter + 1: null

2018-12-05 13:05:30 - [TEST_STEP][PASSED] - Statement - PreSaveFile = new java.io.File(((pathPrefix + java.lang.Integer.toString(counter)) + .png)): null

2018-12-05 13:05:30 - [TEST_STEP][PASSED] - Statement - counter = counter + 1: null

2018-12-05 13:05:30 - [TEST_STEP][PASSED] - Statement - PreSaveFile = new java.io.File(((pathPrefix + java.lang.Integer.toString(counter)) + .png)): null

2018-12-05 13:05:30 - [TEST_STEP][PASSED] - Statement - counter = counter + 1: null

2018-12-05 13:05:30 - [TEST_STEP][PASSED] - Statement - PreSaveFile = new java.io.File(((pathPrefix + java.lang.Integer.toString(counter)) + .png)): null

2018-12-05 13:05:30 - [TEST_STEP][PASSED] - Statement - counter = counter + 1: null

2018-12-05 13:05:30 - [TEST_STEP][PASSED] - Statement - PreSaveFile = new java.io.File(((pathPrefix + java.lang.Integer.toString(counter)) + .png)): null

2018-12-05 13:05:30 - [TEST_STEP][PASSED] - Statement - counter = counter + 1: null

2018-12-05 13:05:30 - [TEST_STEP][PASSED] - Statement - PreSaveFile = new java.io.File(((pathPrefix + java.lang.Integer.toString(counter)) + .png)): null

2018-12-05 13:05:30 - [TEST_STEP][PASSED] - Statement - counter = counter + 1: null

2018-12-05 13:05:31 - [TEST_STEP][PASSED] - Statement - PreSaveFile = new java.io.File(((pathPrefix + java.lang.Integer.toString(counter)) + .png)): null

2018-12-05 13:05:31 - [TEST_STEP][PASSED] - Statement - counter = counter + 1: null

2018-12-05 13:05:31 - [TEST_STEP][PASSED] - Statement - PreSaveFile = new java.io.File(((pathPrefix + java.lang.Integer.toString(counter)) + .png)): null

2018-12-05 13:05:31 - [TEST_STEP][PASSED] - Statement - counter = counter + 1: null

2018-12-05 13:05:31 - [TEST_STEP][PASSED] - Statement - PreSaveFile = new java.io.File(((pathPrefix + java.lang.Integer.toString(counter)) + .png)): null

2018-12-05 13:05:31 - [TEST_STEP][PASSED] - Statement - counter = counter + 1: null

2018-12-05 13:05:31 - [TEST_STEP][PASSED] - Statement - PreSaveFile = new java.io.File(((pathPrefix + java.lang.Integer.toString(counter)) + .png)): null

2018-12-05 13:05:31 - [TEST_STEP][PASSED] - Statement - counter = counter + 1: null

2018-12-05 13:05:31 - [TEST_STEP][PASSED] - Statement - PreSaveFile = new java.io.File(((pathPrefix + java.lang.Integer.toString(counter)) + .png)): null

2018-12-05 13:05:31 - [TEST_STEP][PASSED] - Statement - counter = counter + 1: null

2018-12-05 13:05:31 - [TEST_STEP][PASSED] - Statement - PreSaveFile = new java.io.File(((pathPrefix + java.lang.Integer.toString(counter)) + .png)): null

2018-12-05 13:05:31 - [TEST_STEP][PASSED] - Statement - counter = counter + 1: null

2018-12-05 13:05:31 - [TEST_STEP][PASSED] - Statement - PreSaveFile = new java.io.File(((pathPrefix + java.lang.Integer.toString(counter)) + .png)): null

2018-12-05 13:05:31 - [TEST_STEP][PASSED] - Statement - counter = counter + 1: null

2018-12-05 13:05:31 - [TEST_STEP][PASSED] - Statement - PreSaveFile = new java.io.File(((pathPrefix + java.lang.Integer.toString(counter)) + .png)): null

2018-12-05 13:05:31 - [TEST_STEP][PASSED] - Statement - counter = counter + 1: null

2018-12-05 13:05:31 - [TEST_STEP][PASSED] - Statement - PreSaveFile = new java.io.File(((pathPrefix + java.lang.Integer.toString(counter)) + .png)): null

2018-12-05 13:05:31 - [TEST_STEP][PASSED] - Statement - counter = counter + 1: null

2018-12-05 13:05:31 - [TEST_STEP][PASSED] - Statement - PreSaveFile = new java.io.File(((pathPrefix + java.lang.Integer.toString(counter)) + .png)): null

2018-12-05 13:05:31 - [TEST_STEP][PASSED] - Statement - counter = counter + 1: null

2018-12-05 13:05:31 - [TEST_STEP][PASSED] - Statement - PreSaveFile = new java.io.File(((pathPrefix + java.lang.Integer.toString(counter)) + .png)): null

2018-12-05 13:05:31 - [TEST_STEP][PASSED] - Statement - counter = counter + 1: null

2018-12-05 13:05:31 - [TEST_STEP][PASSED] - Statement - PreSaveFile = new java.io.File(((pathPrefix + java.lang.Integer.toString(counter)) + .png)): null

2018-12-05 13:05:31 - [TEST_STEP][PASSED] - Statement - counter = counter + 1: null

2018-12-05 13:05:31 - [TEST_STEP][PASSED] - Statement - PreSaveFile = new java.io.File(((pathPrefix + java.lang.Integer.toString(counter)) + .png)): null

2018-12-05 13:05:31 - [TEST_STEP][PASSED] - Statement - counter = counter + 1: null

2018-12-05 13:05:31 - [TEST_STEP][PASSED] - Statement - PreSaveFile = new java.io.File(((pathPrefix + java.lang.Integer.toString(counter)) + .png)): null

2018-12-05 13:05:31 - [TEST_STEP][PASSED] - Statement - counter = counter + 1: null

2018-12-05 13:05:31 - [TEST_STEP][PASSED] - Statement - PreSaveFile = new java.io.File(((pathPrefix + java.lang.Integer.toString(counter)) + .png)): null

2018-12-05 13:05:31 - [TEST_STEP][PASSED] - Statement - counter = counter + 1: null

2018-12-05 13:05:32 - [TEST_STEP][PASSED] - Statement - PreSaveFile = new java.io.File(((pathPrefix + java.lang.Integer.toString(counter)) + .png)): null

2018-12-05 13:05:32 - [TEST_STEP][PASSED] - Statement - counter = counter + 1: null

2018-12-05 13:05:32 - [TEST_STEP][PASSED] - Statement - PreSaveFile = new java.io.File(((pathPrefix + java.lang.Integer.toString(counter)) + .png)): null

2018-12-05 13:05:32 - [TEST_STEP][PASSED] - Statement - counter = counter + 1: null

2018-12-05 13:05:32 - [TEST_STEP][PASSED] - Statement - PreSaveFile = new java.io.File(((pathPrefix + java.lang.Integer.toString(counter)) + .png)): null

2018-12-05 13:05:32 - [TEST_STEP][PASSED] - Statement - counter = counter + 1: null

2018-12-05 13:05:32 - [TEST_STEP][PASSED] - Statement - PreSaveFile = new java.io.File(((pathPrefix + java.lang.Integer.toString(counter)) + .png)): null

2018-12-05 13:05:32 - [TEST_STEP][PASSED] - Statement - counter = counter + 1: null

2018-12-05 13:05:32 - [TEST_STEP][PASSED] - Statement - PreSaveFile = new java.io.File(((pathPrefix + java.lang.Integer.toString(counter)) + .png)): null

2018-12-05 13:05:32 - [TEST_STEP][PASSED] - Statement - counter = counter + 1: null

2018-12-05 13:05:32 - [TEST_STEP][PASSED] - Statement - PreSaveFile = new java.io.File(((pathPrefix + java.lang.Integer.toString(counter)) + .png)): null

2018-12-05 13:05:32 - [TEST_STEP][PASSED] - Statement - counter = counter + 1: null

2018-12-05 13:05:32 - [TEST_STEP][PASSED] - Statement - PreSaveFile = new java.io.File(((pathPrefix + java.lang.Integer.toString(counter)) + .png)): null

2018-12-05 13:05:32 - [TEST_STEP][PASSED] - Statement - counter = counter + 1: null

2018-12-05 13:05:32 - [TEST_STEP][PASSED] - Statement - PreSaveFile = new java.io.File(((pathPrefix + java.lang.Integer.toString(counter)) + .png)): null

2018-12-05 13:05:32 - [TEST_STEP][PASSED] - Statement - counter = counter + 1: null

2018-12-05 13:05:32 - [TEST_STEP][PASSED] - Statement - PreSaveFile = new java.io.File(((pathPrefix + java.lang.Integer.toString(counter)) + .png)): null

2018-12-05 13:05:32 - [TEST_STEP][PASSED] - Statement - counter = counter + 1: null

2018-12-05 13:05:32 - [TEST_STEP][PASSED] - Statement - PreSaveFile = new java.io.File(((pathPrefix + java.lang.Integer.toString(counter)) + .png)): null

2018-12-05 13:05:32 - [TEST_STEP][PASSED] - Statement - counter = counter + 1: null

2018-12-05 13:05:32 - [TEST_STEP][PASSED] - Statement - PreSaveFile = new java.io.File(((pathPrefix + java.lang.Integer.toString(counter)) + .png)): null

2018-12-05 13:05:32 - [TEST_STEP][PASSED] - Statement - counter = counter + 1: null

2018-12-05 13:05:32 - [TEST_STEP][PASSED] - Statement - PreSaveFile = new java.io.File(((pathPrefix + java.lang.Integer.toString(counter)) + .png)): null

2018-12-05 13:05:32 - [TEST_STEP][PASSED] - Statement - counter = counter + 1: null

2018-12-05 13:05:32 - [TEST_STEP][PASSED] - Statement - PreSaveFile = new java.io.File(((pathPrefix + java.lang.Integer.toString(counter)) + .png)): null

2018-12-05 13:05:32 - [TEST_STEP][PASSED] - Statement - counter = counter + 1: null

2018-12-05 13:05:32 - [TEST_STEP][PASSED] - Statement - PreSaveFile = new java.io.File(((pathPrefix + java.lang.Integer.toString(counter)) + .png)): null

2018-12-05 13:05:32 - [TEST_STEP][PASSED] - Statement - counter = counter + 1: null

2018-12-05 13:05:32 - [TEST_STEP][PASSED] - Statement - PreSaveFile = new java.io.File(((pathPrefix + java.lang.Integer.toString(counter)) + .png)): null

2018-12-05 13:05:32 - [TEST_STEP][PASSED] - Statement - counter = counter + 1: null

2018-12-05 13:05:33 - [TEST_STEP][PASSED] - Statement - PreSaveFile = new java.io.File(((pathPrefix + java.lang.Integer.toString(counter)) + .png)): null

2018-12-05 13:05:33 - [TEST_STEP][PASSED] - Statement - counter = counter + 1: null

2018-12-05 13:05:33 - [TEST_STEP][PASSED] - Statement - PreSaveFile = new java.io.File(((pathPrefix + java.lang.Integer.toString(counter)) + .png)): null

2018-12-05 13:05:33 - [TEST_STEP][PASSED] - Statement - counter = counter + 1: null

2018-12-05 13:05:33 - [TEST_STEP][PASSED] - Statement - PreSaveFile = new java.io.File(((pathPrefix + java.lang.Integer.toString(counter)) + .png)): null

2018-12-05 13:05:33 - [TEST_STEP][PASSED] - Statement - counter = counter + 1: null

2018-12-05 13:05:33 - [TEST_STEP][PASSED] - Statement - PreSaveFile = new java.io.File(((pathPrefix + java.lang.Integer.toString(counter)) + .png)): null

2018-12-05 13:05:33 - [TEST_STEP][PASSED] - Statement - counter = counter + 1: null

2018-12-05 13:05:33 - [TEST_STEP][PASSED] - Statement - PreSaveFile = new java.io.File(((pathPrefix + java.lang.Integer.toString(counter)) + .png)): null

2018-12-05 13:05:33 - [TEST_STEP][PASSED] - Statement - counter = counter + 1: null

2018-12-05 13:05:33 - [TEST_STEP][PASSED] - Statement - PreSaveFile = new java.io.File(((pathPrefix + java.lang.Integer.toString(counter)) + .png)): null

2018-12-05 13:05:33 - [TEST_STEP][PASSED] - Statement - counter = counter + 1: null

2018-12-05 13:05:33 - [TEST_STEP][PASSED] - Statement - PreSaveFile = new java.io.File(((pathPrefix + java.lang.Integer.toString(counter)) + .png)): null

2018-12-05 13:05:33 - [TEST_STEP][PASSED] - Statement - counter = counter + 1: null

2018-12-05 13:05:33 - [TEST_STEP][PASSED] - Statement - PreSaveFile = new java.io.File(((pathPrefix + java.lang.Integer.toString(counter)) + .png)): null

2018-12-05 13:05:33 - [TEST_STEP][PASSED] - Statement - counter = counter + 1: null

2018-12-05 13:05:33 - [TEST_STEP][PASSED] - Statement - PreSaveFile = new java.io.File(((pathPrefix + java.lang.Integer.toString(counter)) + .png)): null

2018-12-05 13:05:33 - [TEST_STEP][PASSED] - Statement - counter = counter + 1: null

2018-12-05 13:05:33 - [TEST_STEP][PASSED] - Statement - PreSaveFile = new java.io.File(((pathPrefix + java.lang.Integer.toString(counter)) + .png)): null

2018-12-05 13:05:33 - [TEST_STEP][PASSED] - Statement - counter = counter + 1: null

2018-12-05 13:05:33 - [TEST_STEP][PASSED] - Statement - PreSaveFile = new java.io.File(((pathPrefix + java.lang.Integer.toString(counter)) + .png)): null

2018-12-05 13:05:33 - [TEST_STEP][PASSED] - Statement - counter = counter + 1: null

2018-12-05 13:05:33 - [TEST_STEP][PASSED] - Statement - PreSaveFile = new java.io.File(((pathPrefix + java.lang.Integer.toString(counter)) + .png)): null

2018-12-05 13:05:33 - [TEST_STEP][PASSED] - Statement - counter = counter + 1: null

2018-12-05 13:05:33 - [TEST_STEP][PASSED] - Statement - PreSaveFile = new java.io.File(((pathPrefix + java.lang.Integer.toString(counter)) + .png)): null

2018-12-05 13:05:33 - [TEST_STEP][PASSED] - Statement - counter = counter + 1: null

2018-12-05 13:05:33 - [TEST_STEP][PASSED] - Statement - PreSaveFile = new java.io.File(((pathPrefix + java.lang.Integer.toString(counter)) + .png)): null

2018-12-05 13:05:33 - [TEST_STEP][PASSED] - Statement - counter = counter + 1: null

2018-12-05 13:05:34 - [TEST_STEP][PASSED] - Statement - PreSaveFile = new java.io.File(((pathPrefix + java.lang.Integer.toString(counter)) + .png)): null

2018-12-05 13:05:34 - [TEST_STEP][PASSED] - Statement - counter = counter + 1: null

2018-12-05 13:05:34 - [TEST_STEP][PASSED] - Statement - PreSaveFile = new java.io.File(((pathPrefix + java.lang.Integer.toString(counter)) + .png)): null

2018-12-05 13:05:34 - [TEST_STEP][PASSED] - Statement - counter = counter + 1: null

2018-12-05 13:05:34 - [TEST_STEP][PASSED] - Statement - PreSaveFile = new java.io.File(((pathPrefix + java.lang.Integer.toString(counter)) + .png)): null

2018-12-05 13:05:34 - [TEST_STEP][PASSED] - Statement - counter = counter + 1: null

2018-12-05 13:05:34 - [TEST_STEP][PASSED] - Statement - PreSaveFile = new java.io.File(((pathPrefix + java.lang.Integer.toString(counter)) + .png)): null

2018-12-05 13:05:34 - [TEST_STEP][PASSED] - Statement - counter = counter + 1: null

2018-12-05 13:05:34 - [TEST_STEP][PASSED] - Statement - PreSaveFile = new java.io.File(((pathPrefix + java.lang.Integer.toString(counter)) + .png)): null

2018-12-05 13:05:34 - [TEST_STEP][PASSED] - Statement - counter = counter + 1: null

2018-12-05 13:05:34 - [TEST_STEP][PASSED] - Statement - PreSaveFile = new java.io.File(((pathPrefix + java.lang.Integer.toString(counter)) + .png)): null

2018-12-05 13:05:34 - [TEST_STEP][PASSED] - Statement - counter = counter + 1: null

2018-12-05 13:05:34 - [TEST_STEP][PASSED] - Statement - PreSaveFile = new java.io.File(((pathPrefix + java.lang.Integer.toString(counter)) + .png)): null

2018-12-05 13:05:34 - [TEST_STEP][PASSED] - Statement - counter = counter + 1: null

2018-12-05 13:05:34 - [TEST_STEP][PASSED] - Statement - PreSaveFile = new java.io.File(((pathPrefix + java.lang.Integer.toString(counter)) + .png)): null

2018-12-05 13:05:34 - [TEST_STEP][PASSED] - Statement - counter = counter + 1: null

2018-12-05 13:05:34 - [TEST_STEP][PASSED] - Statement - PreSaveFile = new java.io.File(((pathPrefix + java.lang.Integer.toString(counter)) + .png)): null

2018-12-05 13:05:34 - [TEST_STEP][PASSED] - Statement - counter = counter + 1: null

2018-12-05 13:05:34 - [TEST_STEP][PASSED] - Statement - PreSaveFile = new java.io.File(((pathPrefix + java.lang.Integer.toString(counter)) + .png)): null

2018-12-05 13:05:34 - [TEST_STEP][PASSED] - Statement - counter = counter + 1: null

2018-12-05 13:05:34 - [TEST_STEP][PASSED] - Statement - PreSaveFile = new java.io.File(((pathPrefix + java.lang.Integer.toString(counter)) + .png)): null

2018-12-05 13:05:34 - [TEST_STEP][PASSED] - Statement - counter = counter + 1: null

2018-12-05 13:05:34 - [TEST_STEP][PASSED] - Statement - PreSaveFile = new java.io.File(((pathPrefix + java.lang.Integer.toString(counter)) + .png)): null

2018-12-05 13:05:34 - [TEST_STEP][PASSED] - Statement - counter = counter + 1: null

2018-12-05 13:05:34 - [TEST_STEP][PASSED] - Statement - PreSaveFile = new java.io.File(((pathPrefix + java.lang.Integer.toString(counter)) + .png)): null

2018-12-05 13:05:34 - [TEST_STEP][PASSED] - Statement - counter = counter + 1: null

2018-12-05 13:05:34 - [TEST_STEP][PASSED] - Statement - PreSaveFile = new java.io.File(((pathPrefix + java.lang.Integer.toString(counter)) + .png)): null

2018-12-05 13:05:34 - [TEST_STEP][PASSED] - Statement - counter = counter + 1: null

2018-12-05 13:05:34 - [TEST_STEP][PASSED] - Statement - PreSaveFile = new java.io.File(((pathPrefix + java.lang.Integer.toString(counter)) + .png)): null

2018-12-05 13:05:35 - [TEST_STEP][PASSED] - Statement - counter = counter + 1: null

2018-12-05 13:05:35 - [TEST_STEP][PASSED] - Statement - PreSaveFile = new java.io.File(((pathPrefix + java.lang.Integer.toString(counter)) + .png)): null

2018-12-05 13:05:35 - [TEST_STEP][PASSED] - Statement - counter = counter + 1: null

2018-12-05 13:05:35 - [TEST_STEP][PASSED] - Statement - PreSaveFile = new java.io.File(((pathPrefix + java.lang.Integer.toString(counter)) + .png)): null

2018-12-05 13:05:35 - [TEST_STEP][PASSED] - Statement - counter = counter + 1: null

2018-12-05 13:05:35 - [TEST_STEP][PASSED] - Statement - PreSaveFile = new java.io.File(((pathPrefix + java.lang.Integer.toString(counter)) + .png)): null

2018-12-05 13:05:35 - [TEST_STEP][PASSED] - Statement - counter = counter + 1: null

2018-12-05 13:05:35 - [TEST_STEP][PASSED] - Statement - PreSaveFile = new java.io.File(((pathPrefix + java.lang.Integer.toString(counter)) + .png)): null

2018-12-05 13:05:35 - [TEST_STEP][PASSED] - Statement - counter = counter + 1: null

2018-12-05 13:05:35 - [TEST_STEP][PASSED] - Statement - PreSaveFile = new java.io.File(((pathPrefix + java.lang.Integer.toString(counter)) + .png)): null

2018-12-05 13:05:35 - [TEST_STEP][PASSED] - Statement - counter = counter + 1: null

2018-12-05 13:05:35 - [TEST_STEP][PASSED] - Statement - PreSaveFile = new java.io.File(((pathPrefix + java.lang.Integer.toString(counter)) + .png)): null

2018-12-05 13:05:35 - [TEST_STEP][PASSED] - Statement - counter = counter + 1: null

2018-12-05 13:05:35 - [TEST_STEP][PASSED] - Statement - PreSaveFile = new java.io.File(((pathPrefix + java.lang.Integer.toString(counter)) + .png)): null

2018-12-05 13:05:35 - [TEST_STEP][PASSED] - Statement - counter = counter + 1: null

2018-12-05 13:05:35 - [TEST_STEP][PASSED] - Statement - PreSaveFile = new java.io.File(((pathPrefix + java.lang.Integer.toString(counter)) + .png)): null

2018-12-05 13:05:35 - [TEST_STEP][PASSED] - Statement - counter = counter + 1: null

2018-12-05 13:05:35 - [TEST_STEP][PASSED] - Statement - PreSaveFile = new java.io.File(((pathPrefix + java.lang.Integer.toString(counter)) + .png)): null

2018-12-05 13:05:35 - [TEST_STEP][PASSED] - Statement - counter = counter + 1: null

2018-12-05 13:05:35 - [TEST_STEP][PASSED] - Statement - PreSaveFile = new java.io.File(((pathPrefix + java.lang.Integer.toString(counter)) + .png)): null

2018-12-05 13:05:35 - [TEST_STEP][PASSED] - Statement - counter = counter + 1: null

2018-12-05 13:05:35 - [TEST_STEP][PASSED] - Statement - PreSaveFile = new java.io.File(((pathPrefix + java.lang.Integer.toString(counter)) + .png)): null

2018-12-05 13:05:35 - [TEST_STEP][PASSED] - Statement - counter = counter + 1: null

2018-12-05 13:05:35 - [TEST_STEP][PASSED] - Statement - PreSaveFile = new java.io.File(((pathPrefix + java.lang.Integer.toString(counter)) + .png)): null

2018-12-05 13:05:35 - [TEST_STEP][PASSED] - Statement - counter = counter + 1: null

2018-12-05 13:05:35 - [TEST_STEP][PASSED] - Statement - PreSaveFile = new java.io.File(((pathPrefix + java.lang.Integer.toString(counter)) + .png)): null

2018-12-05 13:05:35 - [TEST_STEP][PASSED] - Statement - counter = counter + 1: null

2018-12-05 13:05:35 - [TEST_STEP][PASSED] - Statement - PreSaveFile = new java.io.File(((pathPrefix + java.lang.Integer.toString(counter)) + .png)): null

2018-12-05 13:05:35 - [TEST_STEP][PASSED] - Statement - counter = counter + 1: null

2018-12-05 13:05:36 - [TEST_STEP][PASSED] - Statement - PreSaveFile = new java.io.File(((pathPrefix + java.lang.Integer.toString(counter)) + .png)): null

2018-12-05 13:05:36 - [TEST_STEP][PASSED] - Statement - counter = counter + 1: null

2018-12-05 13:05:36 - [TEST_STEP][PASSED] - Statement - PreSaveFile = new java.io.File(((pathPrefix + java.lang.Integer.toString(counter)) + .png)): null

2018-12-05 13:05:36 - [TEST_STEP][PASSED] - Statement - counter = counter + 1: null

2018-12-05 13:05:36 - [TEST_STEP][PASSED] - Statement - PreSaveFile = new java.io.File(((pathPrefix + java.lang.Integer.toString(counter)) + .png)): null

2018-12-05 13:05:36 - [TEST_STEP][PASSED] - Statement - counter = counter + 1: null

2018-12-05 13:05:36 - [TEST_STEP][PASSED] - Statement - PreSaveFile = new java.io.File(((pathPrefix + java.lang.Integer.toString(counter)) + .png)): null

2018-12-05 13:05:36 - [TEST_STEP][PASSED] - Statement - counter = counter + 1: null

2018-12-05 13:05:36 - [TEST_STEP][PASSED] - Statement - PreSaveFile = new java.io.File(((pathPrefix + java.lang.Integer.toString(counter)) + .png)): null

2018-12-05 13:05:36 - [TEST_STEP][PASSED] - Statement - counter = counter + 1: null

2018-12-05 13:05:36 - [TEST_STEP][PASSED] - Statement - PreSaveFile = new java.io.File(((pathPrefix + java.lang.Integer.toString(counter)) + .png)): null

2018-12-05 13:05:36 - [TEST_STEP][PASSED] - Statement - counter = counter + 1: null

2018-12-05 13:05:36 - [TEST_STEP][PASSED] - Statement - PreSaveFile = new java.io.File(((pathPrefix + java.lang.Integer.toString(counter)) + .png)): null

2018-12-05 13:05:36 - [TEST_STEP][PASSED] - Statement - counter = counter + 1: null

2018-12-05 13:05:36 - [TEST_STEP][PASSED] - Statement - PreSaveFile = new java.io.File(((pathPrefix + java.lang.Integer.toString(counter)) + .png)): null

2018-12-05 13:05:36 - [TEST_STEP][PASSED] - Statement - counter = counter + 1: null

2018-12-05 13:05:36 - [TEST_STEP][PASSED] - Statement - PreSaveFile = new java.io.File(((pathPrefix + java.lang.Integer.toString(counter)) + .png)): null

2018-12-05 13:05:36 - [TEST_STEP][PASSED] - Statement - counter = counter + 1: null

2018-12-05 13:05:36 - [TEST_STEP][PASSED] - Statement - PreSaveFile = new java.io.File(((pathPrefix + java.lang.Integer.toString(counter)) + .png)): null

2018-12-05 13:05:36 - [TEST_STEP][PASSED] - Statement - counter = counter + 1: null

2018-12-05 13:05:36 - [TEST_STEP][PASSED] - Statement - PreSaveFile = new java.io.File(((pathPrefix + java.lang.Integer.toString(counter)) + .png)): null

2018-12-05 13:05:36 - [TEST_STEP][PASSED] - Statement - counter = counter + 1: null

2018-12-05 13:05:36 - [TEST_STEP][PASSED] - Statement - PreSaveFile = new java.io.File(((pathPrefix + java.lang.Integer.toString(counter)) + .png)): null

2018-12-05 13:05:36 - [TEST_STEP][PASSED] - Statement - counter = counter + 1: null

2018-12-05 13:05:36 - [TEST_STEP][PASSED] - Statement - PreSaveFile = new java.io.File(((pathPrefix + java.lang.Integer.toString(counter)) + .png)): null

2018-12-05 13:05:36 - [TEST_STEP][PASSED] - Statement - counter = counter + 1: null

2018-12-05 13:05:36 - [TEST_STEP][PASSED] - Statement - PreSaveFile = new java.io.File(((pathPrefix + java.lang.Integer.toString(counter)) + .png)): null

2018-12-05 13:05:36 - [TEST_STEP][PASSED] - Statement - counter = counter + 1: null

2018-12-05 13:05:37 - [TEST_STEP][PASSED] - Statement - PreSaveFile = new java.io.File(((pathPrefix + java.lang.Integer.toString(counter)) + .png)): null

2018-12-05 13:05:37 - [TEST_STEP][PASSED] - Statement - counter = counter + 1: null

2018-12-05 13:05:37 - [TEST_STEP][PASSED] - Statement - PreSaveFile = new java.io.File(((pathPrefix + java.lang.Integer.toString(counter)) + .png)): null

2018-12-05 13:05:37 - [TEST_STEP][PASSED] - Statement - counter = counter + 1: null

2018-12-05 13:05:37 - [TEST_STEP][PASSED] - Statement - PreSaveFile = new java.io.File(((pathPrefix + java.lang.Integer.toString(counter)) + .png)): null

2018-12-05 13:05:37 - [TEST_STEP][PASSED] - Statement - counter = counter + 1: null

2018-12-05 13:05:37 - [TEST_STEP][PASSED] - Statement - PreSaveFile = new java.io.File(((pathPrefix + java.lang.Integer.toString(counter)) + .png)): null

2018-12-05 13:05:37 - [TEST_STEP][PASSED] - Statement - counter = counter + 1: null

2018-12-05 13:05:37 - [TEST_STEP][PASSED] - Statement - PreSaveFile = new java.io.File(((pathPrefix + java.lang.Integer.toString(counter)) + .png)): null

2018-12-05 13:05:37 - [TEST_STEP][PASSED] - Statement - counter = counter + 1: null

2018-12-05 13:05:37 - [TEST_STEP][PASSED] - Statement - PreSaveFile = new java.io.File(((pathPrefix + java.lang.Integer.toString(counter)) + .png)): null

2018-12-05 13:05:37 - [TEST_STEP][PASSED] - Statement - counter = counter + 1: null

2018-12-05 13:05:37 - [TEST_STEP][PASSED] - Statement - PreSaveFile = new java.io.File(((pathPrefix + java.lang.Integer.toString(counter)) + .png)): null

2018-12-05 13:05:37 - [TEST_STEP][PASSED] - Statement - counter = counter + 1: null

2018-12-05 13:05:37 - [TEST_STEP][PASSED] - Statement - PreSaveFile = new java.io.File(((pathPrefix + java.lang.Integer.toString(counter)) + .png)): null

2018-12-05 13:05:37 - [TEST_STEP][PASSED] - Statement - counter = counter + 1: null

2018-12-05 13:05:37 - [TEST_STEP][PASSED] - Statement - PreSaveFile = new java.io.File(((pathPrefix + java.lang.Integer.toString(counter)) + .png)): null

2018-12-05 13:05:37 - [TEST_STEP][PASSED] - Statement - counter = counter + 1: null

2018-12-05 13:05:37 - [TEST_STEP][PASSED] - Statement - PreSaveFile = new java.io.File(((pathPrefix + java.lang.Integer.toString(counter)) + .png)): null

2018-12-05 13:05:37 - [TEST_STEP][PASSED] - Statement - counter = counter + 1: null

2018-12-05 13:05:37 - [TEST_STEP][PASSED] - Statement - PreSaveFile = new java.io.File(((pathPrefix + java.lang.Integer.toString(counter)) + .png)): null

2018-12-05 13:05:37 - [TEST_STEP][PASSED] - Statement - counter = counter + 1: null

2018-12-05 13:05:37 - [TEST_STEP][PASSED] - Statement - PreSaveFile = new java.io.File(((pathPrefix + java.lang.Integer.toString(counter)) + .png)): null

2018-12-05 13:05:37 - [TEST_STEP][PASSED] - Statement - counter = counter + 1: null

2018-12-05 13:05:37 - [TEST_STEP][PASSED] - Statement - PreSaveFile = new java.io.File(((pathPrefix + java.lang.Integer.toString(counter)) + .png)): null

2018-12-05 13:05:37 - [TEST_STEP][PASSED] - Statement - counter = counter + 1: null

2018-12-05 13:05:37 - [TEST_STEP][PASSED] - Statement - PreSaveFile = new java.io.File(((pathPrefix + java.lang.Integer.toString(counter)) + .png)): null

2018-12-05 13:05:37 - [TEST_STEP][PASSED] - Statement - counter = counter + 1: null

2018-12-05 13:05:37 - [TEST_STEP][PASSED] - Statement - PreSaveFile = new java.io.File(((pathPrefix + java.lang.Integer.toString(counter)) + .png)): null

2018-12-05 13:05:37 - [TEST_STEP][PASSED] - Statement - counter = counter + 1: null

2018-12-05 13:05:37 - [TEST_STEP][PASSED] - Statement - PreSaveFile = new java.io.File(((pathPrefix + java.lang.Integer.toString(counter)) + .png)): null

2018-12-05 13:05:37 - [TEST_STEP][PASSED] - Statement - counter = counter + 1: null

2018-12-05 13:05:37 - [TEST_STEP][PASSED] - Statement - PreSaveFile = new java.io.File(((pathPrefix + java.lang.Integer.toString(counter)) + .png)): null

2018-12-05 13:05:37 - [TEST_STEP][PASSED] - Statement - counter = counter + 1: null

2018-12-05 13:05:37 - [TEST_STEP][PASSED] - Statement - PreSaveFile = new java.io.File(((pathPrefix + java.lang.Integer.toString(counter)) + .png)): null

2018-12-05 13:05:37 - [TEST_STEP][PASSED] - Statement - counter = counter + 1: null

2018-12-05 13:05:37 - [TEST_STEP][PASSED] - Statement - PreSaveFile = new java.io.File(((pathPrefix + java.lang.Integer.toString(counter)) + .png)): null

2018-12-05 13:05:37 - [TEST_STEP][PASSED] - Statement - counter = counter + 1: null

2018-12-05 13:05:38 - [TEST_STEP][PASSED] - Statement - PreSaveFile = new java.io.File(((pathPrefix + java.lang.Integer.toString(counter)) + .png)): null

2018-12-05 13:05:38 - [TEST_STEP][PASSED] - Statement - counter = counter + 1: null

2018-12-05 13:05:38 - [TEST_STEP][PASSED] - Statement - PreSaveFile = new java.io.File(((pathPrefix + java.lang.Integer.toString(counter)) + .png)): null

2018-12-05 13:05:38 - [TEST_STEP][PASSED] - Statement - counter = counter + 1: null

2018-12-05 13:05:38 - [TEST_STEP][PASSED] - Statement - PreSaveFile = new java.io.File(((pathPrefix + java.lang.Integer.toString(counter)) + .png)): null

2018-12-05 13:05:38 - [TEST_STEP][PASSED] - Statement - counter = counter + 1: null

2018-12-05 13:05:38 - [TEST_STEP][PASSED] - Statement - PreSaveFile = new java.io.File(((pathPrefix + java.lang.Integer.toString(counter)) + .png)): null

2018-12-05 13:05:38 - [TEST_STEP][PASSED] - Statement - counter = counter + 1: null

2018-12-05 13:05:38 - [TEST_STEP][PASSED] - Statement - PreSaveFile = new java.io.File(((pathPrefix + java.lang.Integer.toString(counter)) + .png)): null

2018-12-05 13:05:38 - [TEST_STEP][PASSED] - Statement - counter = counter + 1: null

2018-12-05 13:05:38 - [TEST_STEP][PASSED] - Statement - PreSaveFile = new java.io.File(((pathPrefix + java.lang.Integer.toString(counter)) + .png)): null

2018-12-05 13:05:38 - [TEST_STEP][PASSED] - Statement - counter = counter + 1: null

2018-12-05 13:05:38 - [TEST_STEP][PASSED] - Statement - PreSaveFile = new java.io.File(((pathPrefix + java.lang.Integer.toString(counter)) + .png)): null

2018-12-05 13:05:38 - [TEST_STEP][PASSED] - Statement - counter = counter + 1: null

2018-12-05 13:05:38 - [TEST_STEP][PASSED] - Statement - PreSaveFile = new java.io.File(((pathPrefix + java.lang.Integer.toString(counter)) + .png)): null

2018-12-05 13:05:38 - [TEST_STEP][PASSED] - Statement - counter = counter + 1: null

2018-12-05 13:05:38 - [TEST_STEP][PASSED] - Statement - PreSaveFile = new java.io.File(((pathPrefix + java.lang.Integer.toString(counter)) + .png)): null

2018-12-05 13:05:38 - [TEST_STEP][PASSED] - Statement - counter = counter + 1: null

2018-12-05 13:05:38 - [TEST_STEP][PASSED] - Statement - PreSaveFile = new java.io.File(((pathPrefix + java.lang.Integer.toString(counter)) + .png)): null

2018-12-05 13:05:38 - [TEST_STEP][PASSED] - Statement - counter = counter + 1: null

2018-12-05 13:05:38 - [TEST_STEP][PASSED] - Statement - PreSaveFile = new java.io.File(((pathPrefix + java.lang.Integer.toString(counter)) + .png)): null

2018-12-05 13:05:38 - [TEST_STEP][PASSED] - Statement - counter = counter + 1: null

2018-12-05 13:05:38 - [TEST_STEP][PASSED] - Statement - PreSaveFile = new java.io.File(((pathPrefix + java.lang.Integer.toString(counter)) + .png)): null

2018-12-05 13:05:38 - [TEST_STEP][PASSED] - Statement - counter = counter + 1: null

2018-12-05 13:05:38 - [TEST_STEP][PASSED] - Statement - PreSaveFile = new java.io.File(((pathPrefix + java.lang.Integer.toString(counter)) + .png)): null

2018-12-05 13:05:38 - [TEST_STEP][PASSED] - Statement - counter = counter + 1: null

2018-12-05 13:05:38 - [TEST_STEP][PASSED] - Statement - PreSaveFile = new java.io.File(((pathPrefix + java.lang.Integer.toString(counter)) + .png)): null

2018-12-05 13:05:38 - [TEST_STEP][PASSED] - Statement - counter = counter + 1: null

2018-12-05 13:05:38 - [TEST_STEP][PASSED] - Statement - PreSaveFile = new java.io.File(((pathPrefix + java.lang.Integer.toString(counter)) + .png)): null

2018-12-05 13:05:39 - [TEST_STEP][PASSED] - Statement - counter = counter + 1: null

2018-12-05 13:05:39 - [TEST_STEP][PASSED] - Statement - PreSaveFile = new java.io.File(((pathPrefix + java.lang.Integer.toString(counter)) + .png)): null

2018-12-05 13:05:39 - [TEST_STEP][PASSED] - Statement - counter = counter + 1: null

2018-12-05 13:05:39 - [TEST_STEP][PASSED] - Statement - PreSaveFile = new java.io.File(((pathPrefix + java.lang.Integer.toString(counter)) + .png)): null

2018-12-05 13:05:39 - [TEST_STEP][PASSED] - Statement - counter = counter + 1: null

2018-12-05 13:05:39 - [TEST_STEP][PASSED] - Statement - PreSaveFile = new java.io.File(((pathPrefix + java.lang.Integer.toString(counter)) + .png)): null

2018-12-05 13:05:39 - [TEST_STEP][PASSED] - Statement - counter = counter + 1: null

2018-12-05 13:05:39 - [TEST_STEP][PASSED] - Statement - PreSaveFile = new java.io.File(((pathPrefix + java.lang.Integer.toString(counter)) + .png)): null

2018-12-05 13:05:39 - [TEST_STEP][PASSED] - Statement - counter = counter + 1: null

2018-12-05 13:05:39 - [TEST_STEP][PASSED] - Statement - PreSaveFile = new java.io.File(((pathPrefix + java.lang.Integer.toString(counter)) + .png)): null

2018-12-05 13:05:39 - [TEST_STEP][PASSED] - Statement - counter = counter + 1: null

2018-12-05 13:05:39 - [TEST_STEP][PASSED] - Statement - PreSaveFile = new java.io.File(((pathPrefix + java.lang.Integer.toString(counter)) + .png)): null

2018-12-05 13:05:39 - [TEST_STEP][PASSED] - Statement - counter = counter + 1: null

2018-12-05 13:05:39 - [TEST_STEP][PASSED] - Statement - PreSaveFile = new java.io.File(((pathPrefix + java.lang.Integer.toString(counter)) + .png)): null

2018-12-05 13:05:39 - [TEST_STEP][PASSED] - Statement - counter = counter + 1: null

2018-12-05 13:05:39 - [TEST_STEP][PASSED] - Statement - PreSaveFile = new java.io.File(((pathPrefix + java.lang.Integer.toString(counter)) + .png)): null

2018-12-05 13:05:39 - [TEST_STEP][PASSED] - Statement - counter = counter + 1: null

2018-12-05 13:05:39 - [TEST_STEP][PASSED] - Statement - PreSaveFile = new java.io.File(((pathPrefix + java.lang.Integer.toString(counter)) + .png)): null

2018-12-05 13:05:39 - [TEST_STEP][PASSED] - Statement - counter = counter + 1: null

2018-12-05 13:05:39 - [TEST_STEP][PASSED] - Statement - PreSaveFile = new java.io.File(((pathPrefix + java.lang.Integer.toString(counter)) + .png)): null

2018-12-05 13:05:39 - [TEST_STEP][PASSED] - Statement - counter = counter + 1: null

2018-12-05 13:05:39 - [TEST_STEP][PASSED] - Statement - PreSaveFile = new java.io.File(((pathPrefix + java.lang.Integer.toString(counter)) + .png)): null

2018-12-05 13:05:39 - [TEST_STEP][PASSED] - Statement - counter = counter + 1: null

2018-12-05 13:05:39 - [TEST_STEP][PASSED] - Statement - PreSaveFile = new java.io.File(((pathPrefix + java.lang.Integer.toString(counter)) + .png)): null

2018-12-05 13:05:39 - [TEST_STEP][PASSED] - Statement - counter = counter + 1: null

2018-12-05 13:05:39 - [TEST_STEP][PASSED] - Statement - PreSaveFile = new java.io.File(((pathPrefix + java.lang.Integer.toString(counter)) + .png)): null

2018-12-05 13:05:39 - [TEST_STEP][PASSED] - Statement - counter = counter + 1: null

2018-12-05 13:05:39 - [TEST_STEP][PASSED] - Statement - PreSaveFile = new java.io.File(((pathPrefix + java.lang.Integer.toString(counter)) + .png)): null

2018-12-05 13:05:39 - [TEST_STEP][PASSED] - Statement - counter = counter + 1: null

2018-12-05 13:05:40 - [TEST_STEP][PASSED] - Statement - PreSaveFile = new java.io.File(((pathPrefix + java.lang.Integer.toString(counter)) + .png)): null

2018-12-05 13:05:40 - [TEST_STEP][PASSED] - Statement - counter = counter + 1: null

2018-12-05 13:05:40 - [TEST_STEP][PASSED] - Statement - PreSaveFile = new java.io.File(((pathPrefix + java.lang.Integer.toString(counter)) + .png)): null

2018-12-05 13:05:40 - [TEST_STEP][PASSED] - Statement - counter = counter + 1: null

2018-12-05 13:05:40 - [TEST_STEP][PASSED] - Statement - PreSaveFile = new java.io.File(((pathPrefix + java.lang.Integer.toString(counter)) + .png)): null

2018-12-05 13:05:40 - [TEST_STEP][PASSED] - Statement - counter = counter + 1: null

2018-12-05 13:05:40 - [TEST_STEP][PASSED] - Statement - PreSaveFile = new java.io.File(((pathPrefix + java.lang.Integer.toString(counter)) + .png)): null

2018-12-05 13:05:40 - [TEST_STEP][PASSED] - Statement - counter = counter + 1: null

2018-12-05 13:05:40 - [TEST_STEP][PASSED] - Statement - PreSaveFile = new java.io.File(((pathPrefix + java.lang.Integer.toString(counter)) + .png)): null

2018-12-05 13:05:40 - [TEST_STEP][PASSED] - Statement - counter = counter + 1: null

2018-12-05 13:05:40 - [TEST_STEP][PASSED] - Statement - PreSaveFile = new java.io.File(((pathPrefix + java.lang.Integer.toString(counter)) + .png)): null

2018-12-05 13:05:40 - [TEST_STEP][PASSED] - Statement - counter = counter + 1: null

2018-12-05 13:05:40 - [TEST_STEP][PASSED] - Statement - PreSaveFile = new java.io.File(((pathPrefix + java.lang.Integer.toString(counter)) + .png)): null

2018-12-05 13:05:40 - [TEST_STEP][PASSED] - Statement - counter = counter + 1: null

2018-12-05 13:05:40 - [TEST_STEP][PASSED] - Statement - PreSaveFile = new java.io.File(((pathPrefix + java.lang.Integer.toString(counter)) + .png)): null

2018-12-05 13:05:40 - [TEST_STEP][PASSED] - Statement - counter = counter + 1: null

2018-12-05 13:05:40 - [TEST_STEP][PASSED] - Statement - PreSaveFile = new java.io.File(((pathPrefix + java.lang.Integer.toString(counter)) + .png)): null

2018-12-05 13:05:40 - [TEST_STEP][PASSED] - Statement - counter = counter + 1: null

2018-12-05 13:05:40 - [TEST_STEP][PASSED] - Statement - PreSaveFile = new java.io.File(((pathPrefix + java.lang.Integer.toString(counter)) + .png)): null

2018-12-05 13:05:40 - [TEST_STEP][PASSED] - Statement - counter = counter + 1: null

2018-12-05 13:05:40 - [TEST_STEP][PASSED] - Statement - PreSaveFile = new java.io.File(((pathPrefix + java.lang.Integer.toString(counter)) + .png)): null

2018-12-05 13:05:40 - [TEST_STEP][PASSED] - Statement - counter = counter + 1: null

2018-12-05 13:05:40 - [TEST_STEP][PASSED] - Statement - PreSaveFile = new java.io.File(((pathPrefix + java.lang.Integer.toString(counter)) + .png)): null

2018-12-05 13:05:40 - [TEST_STEP][PASSED] - Statement - counter = counter + 1: null

2018-12-05 13:05:40 - [TEST_STEP][PASSED] - Statement - PreSaveFile = new java.io.File(((pathPrefix + java.lang.Integer.toString(counter)) + .png)): null

2018-12-05 13:05:40 - [TEST_STEP][PASSED] - Statement - counter = counter + 1: null

2018-12-05 13:05:40 - [TEST_STEP][PASSED] - Statement - PreSaveFile = new java.io.File(((pathPrefix + java.lang.Integer.toString(counter)) + .png)): null

2018-12-05 13:05:40 - [TEST_STEP][PASSED] - Statement - counter = counter + 1: null

2018-12-05 13:05:41 - [TEST_STEP][PASSED] - Statement - PreSaveFile = new java.io.File(((pathPrefix + java.lang.Integer.toString(counter)) + .png)): null

2018-12-05 13:05:41 - [TEST_STEP][PASSED] - Statement - counter = counter + 1: null

2018-12-05 13:05:41 - [TEST_STEP][PASSED] - Statement - PreSaveFile = new java.io.File(((pathPrefix + java.lang.Integer.toString(counter)) + .png)): null

2018-12-05 13:05:41 - [TEST_STEP][PASSED] - Statement - counter = counter + 1: null

2018-12-05 13:05:41 - [TEST_STEP][PASSED] - Statement - PreSaveFile = new java.io.File(((pathPrefix + java.lang.Integer.toString(counter)) + .png)): null

2018-12-05 13:05:41 - [TEST_STEP][PASSED] - Statement - counter = counter + 1: null

2018-12-05 13:05:41 - [TEST_STEP][PASSED] - Statement - PreSaveFile = new java.io.File(((pathPrefix + java.lang.Integer.toString(counter)) + .png)): null

2018-12-05 13:05:41 - [TEST_STEP][PASSED] - Statement - counter = counter + 1: null

2018-12-05 13:05:41 - [TEST_STEP][PASSED] - Statement - PreSaveFile = new java.io.File(((pathPrefix + java.lang.Integer.toString(counter)) + .png)): null

2018-12-05 13:05:41 - [TEST_STEP][PASSED] - Statement - counter = counter + 1: null

2018-12-05 13:05:41 - [TEST_STEP][PASSED] - Statement - PreSaveFile = new java.io.File(((pathPrefix + java.lang.Integer.toString(counter)) + .png)): null

2018-12-05 13:05:41 - [TEST_STEP][PASSED] - Statement - counter = counter + 1: null

2018-12-05 13:05:41 - [TEST_STEP][PASSED] - Statement - PreSaveFile = new java.io.File(((pathPrefix + java.lang.Integer.toString(counter)) + .png)): null

2018-12-05 13:05:41 - [TEST_STEP][PASSED] - Statement - counter = counter + 1: null

2018-12-05 13:05:41 - [TEST_STEP][PASSED] - Statement - PreSaveFile = new java.io.File(((pathPrefix + java.lang.Integer.toString(counter)) + .png)): null

2018-12-05 13:05:41 - [TEST_STEP][PASSED] - Statement - counter = counter + 1: null

2018-12-05 13:05:41 - [TEST_STEP][PASSED] - Statement - PreSaveFile = new java.io.File(((pathPrefix + java.lang.Integer.toString(counter)) + .png)): null

2018-12-05 13:05:41 - [TEST_STEP][PASSED] - Statement - counter = counter + 1: null

2018-12-05 13:05:41 - [TEST_STEP][PASSED] - Statement - PreSaveFile = new java.io.File(((pathPrefix + java.lang.Integer.toString(counter)) + .png)): null

2018-12-05 13:05:41 - [TEST_STEP][PASSED] - Statement - counter = counter + 1: null

2018-12-05 13:05:41 - [TEST_STEP][PASSED] - Statement - PreSaveFile = new java.io.File(((pathPrefix + java.lang.Integer.toString(counter)) + .png)): null

2018-12-05 13:05:41 - [TEST_STEP][PASSED] - Statement - counter = counter + 1: null

2018-12-05 13:05:41 - [TEST_STEP][PASSED] - Statement - PreSaveFile = new java.io.File(((pathPrefix + java.lang.Integer.toString(counter)) + .png)): null

2018-12-05 13:05:41 - [TEST_STEP][PASSED] - Statement - counter = counter + 1: null

2018-12-05 13:05:41 - [TEST_STEP][PASSED] - Statement - PreSaveFile = new java.io.File(((pathPrefix + java.lang.Integer.toString(counter)) + .png)): null

2018-12-05 13:05:41 - [TEST_STEP][PASSED] - Statement - counter = counter + 1: null

2018-12-05 13:05:41 - [TEST_STEP][PASSED] - Statement - PreSaveFile = new java.io.File(((pathPrefix + java.lang.Integer.toString(counter)) + .png)): null

2018-12-05 13:05:41 - [TEST_STEP][PASSED] - Statement - counter = counter + 1: null

2018-12-05 13:05:41 - [TEST_STEP][PASSED] - Statement - PreSaveFile = new java.io.File(((pathPrefix + java.lang.Integer.toString(counter)) + .png)): null

2018-12-05 13:05:41 - [TEST_STEP][PASSED] - Statement - counter = counter + 1: null

2018-12-05 13:05:42 - [TEST_STEP][PASSED] - Statement - PreSaveFile = new java.io.File(((pathPrefix + java.lang.Integer.toString(counter)) + .png)): null

2018-12-05 13:05:42 - [TEST_STEP][PASSED] - Statement - counter = counter + 1: null

2018-12-05 13:05:42 - [TEST_STEP][PASSED] - Statement - PreSaveFile = new java.io.File(((pathPrefix + java.lang.Integer.toString(counter)) + .png)): null

2018-12-05 13:05:42 - [TEST_STEP][PASSED] - Statement - counter = counter + 1: null

2018-12-05 13:05:42 - [TEST_STEP][PASSED] - Statement - PreSaveFile = new java.io.File(((pathPrefix + java.lang.Integer.toString(counter)) + .png)): null

2018-12-05 13:05:42 - [TEST_STEP][PASSED] - Statement - counter = counter + 1: null

2018-12-05 13:05:42 - [TEST_STEP][PASSED] - Statement - PreSaveFile = new java.io.File(((pathPrefix + java.lang.Integer.toString(counter)) + .png)): null

2018-12-05 13:05:42 - [TEST_STEP][PASSED] - Statement - counter = counter + 1: null

2018-12-05 13:05:42 - [TEST_STEP][PASSED] - Statement - PreSaveFile = new java.io.File(((pathPrefix + java.lang.Integer.toString(counter)) + .png)): null

2018-12-05 13:05:42 - [TEST_STEP][PASSED] - Statement - counter = counter + 1: null

2018-12-05 13:05:42 - [TEST_STEP][PASSED] - Statement - PreSaveFile = new java.io.File(((pathPrefix + java.lang.Integer.toString(counter)) + .png)): null

2018-12-05 13:05:42 - [TEST_STEP][PASSED] - Statement - counter = counter + 1: null

2018-12-05 13:05:42 - [TEST_STEP][PASSED] - Statement - PreSaveFile = new java.io.File(((pathPrefix + java.lang.Integer.toString(counter)) + .png)): null

2018-12-05 13:05:42 - [TEST_STEP][PASSED] - Statement - counter = counter + 1: null

2018-12-05 13:05:42 - [TEST_STEP][PASSED] - Statement - PreSaveFile = new java.io.File(((pathPrefix + java.lang.Integer.toString(counter)) + .png)): null

2018-12-05 13:05:42 - [TEST_STEP][PASSED] - Statement - counter = counter + 1: null

2018-12-05 13:05:42 - [TEST_STEP][PASSED] - Statement - PreSaveFile = new java.io.File(((pathPrefix + java.lang.Integer.toString(counter)) + .png)): null

2018-12-05 13:05:42 - [TEST_STEP][PASSED] - Statement - counter = counter + 1: null

2018-12-05 13:05:42 - [TEST_STEP][PASSED] - Statement - PreSaveFile = new java.io.File(((pathPrefix + java.lang.Integer.toString(counter)) + .png)): null

2018-12-05 13:05:42 - [TEST_STEP][PASSED] - Statement - counter = counter + 1: null

2018-12-05 13:05:42 - [TEST_STEP][PASSED] - Statement - PreSaveFile = new java.io.File(((pathPrefix + java.lang.Integer.toString(counter)) + .png)): null

2018-12-05 13:05:42 - [TEST_STEP][PASSED] - Statement - counter = counter + 1: null

2018-12-05 13:05:42 - [TEST_STEP][PASSED] - Statement - PreSaveFile = new java.io.File(((pathPrefix + java.lang.Integer.toString(counter)) + .png)): null

2018-12-05 13:05:42 - [TEST_STEP][PASSED] - Statement - counter = counter + 1: null

2018-12-05 13:05:42 - [TEST_STEP][PASSED] - Statement - PreSaveFile = new java.io.File(((pathPrefix + java.lang.Integer.toString(counter)) + .png)): null

2018-12-05 13:05:42 - [TEST_STEP][PASSED] - Statement - counter = counter + 1: null

2018-12-05 13:05:42 - [TEST_STEP][PASSED] - Statement - PreSaveFile = new java.io.File(((pathPrefix + java.lang.Integer.toString(counter)) + .png)): null

2018-12-05 13:05:42 - [TEST_STEP][PASSED] - Statement - counter = counter + 1: null

2018-12-05 13:05:43 - [TEST_STEP][PASSED] - Statement - PreSaveFile = new java.io.File(((pathPrefix + java.lang.Integer.toString(counter)) + .png)): null

2018-12-05 13:05:43 - [TEST_STEP][PASSED] - Statement - counter = counter + 1: null

2018-12-05 13:05:43 - [TEST_STEP][PASSED] - Statement - PreSaveFile = new java.io.File(((pathPrefix + java.lang.Integer.toString(counter)) + .png)): null

2018-12-05 13:05:43 - [TEST_STEP][PASSED] - Statement - counter = counter + 1: null

2018-12-05 13:05:43 - [TEST_STEP][PASSED] - Statement - PreSaveFile = new java.io.File(((pathPrefix + java.lang.Integer.toString(counter)) + .png)): null

2018-12-05 13:05:43 - [TEST_STEP][PASSED] - Statement - counter = counter + 1: null

2018-12-05 13:05:43 - [TEST_STEP][PASSED] - Statement - PreSaveFile = new java.io.File(((pathPrefix + java.lang.Integer.toString(counter)) + .png)): null

2018-12-05 13:05:43 - [TEST_STEP][PASSED] - Statement - counter = counter + 1: null

2018-12-05 13:05:43 - [TEST_STEP][PASSED] - Statement - PreSaveFile = new java.io.File(((pathPrefix + java.lang.Integer.toString(counter)) + .png)): null

2018-12-05 13:05:43 - [TEST_STEP][PASSED] - Statement - counter = counter + 1: null

2018-12-05 13:05:43 - [TEST_STEP][PASSED] - Statement - PreSaveFile = new java.io.File(((pathPrefix + java.lang.Integer.toString(counter)) + .png)): null

2018-12-05 13:05:43 - [TEST_STEP][PASSED] - Statement - counter = counter + 1: null

2018-12-05 13:05:43 - [TEST_STEP][PASSED] - Statement - PreSaveFile = new java.io.File(((pathPrefix + java.lang.Integer.toString(counter)) + .png)): null

2018-12-05 13:05:43 - [TEST_STEP][PASSED] - Statement - counter = counter + 1: null

2018-12-05 13:05:43 - [TEST_STEP][PASSED] - Statement - PreSaveFile = new java.io.File(((pathPrefix + java.lang.Integer.toString(counter)) + .png)): null

2018-12-05 13:05:43 - [TEST_STEP][PASSED] - Statement - counter = counter + 1: null

2018-12-05 13:05:43 - [TEST_STEP][PASSED] - Statement - PreSaveFile = new java.io.File(((pathPrefix + java.lang.Integer.toString(counter)) + .png)): null

2018-12-05 13:05:43 - [TEST_STEP][PASSED] - Statement - counter = counter + 1: null

2018-12-05 13:05:43 - [TEST_STEP][PASSED] - Statement - PreSaveFile = new java.io.File(((pathPrefix + java.lang.Integer.toString(counter)) + .png)): null

2018-12-05 13:05:43 - [TEST_STEP][PASSED] - Statement - counter = counter + 1: null

2018-12-05 13:05:43 - [TEST_STEP][PASSED] - Statement - PreSaveFile = new java.io.File(((pathPrefix + java.lang.Integer.toString(counter)) + .png)): null

2018-12-05 13:05:43 - [TEST_STEP][PASSED] - Statement - counter = counter + 1: null

2018-12-05 13:05:43 - [TEST_STEP][PASSED] - Statement - PreSaveFile = new java.io.File(((pathPrefix + java.lang.Integer.toString(counter)) + .png)): null

2018-12-05 13:05:43 - [TEST_STEP][PASSED] - Statement - counter = counter + 1: null

2018-12-05 13:05:43 - [TEST_STEP][PASSED] - Statement - PreSaveFile = new java.io.File(((pathPrefix + java.lang.Integer.toString(counter)) + .png)): null

2018-12-05 13:05:43 - [TEST_STEP][PASSED] - Statement - counter = counter + 1: null

2018-12-05 13:05:43 - [TEST_STEP][PASSED] - Statement - PreSaveFile = new java.io.File(((pathPrefix + java.lang.Integer.toString(counter)) + .png)): null

2018-12-05 13:05:43 - [TEST_STEP][PASSED] - Statement - counter = counter + 1: null

2018-12-05 13:05:43 - [TEST_STEP][PASSED] - Statement - PreSaveFile = new java.io.File(((pathPrefix + java.lang.Integer.toString(counter)) + .png)): null

2018-12-05 13:05:43 - [TEST_STEP][PASSED] - Statement - counter = counter + 1: null

2018-12-05 13:05:43 - [TEST_STEP][PASSED] - Statement - PreSaveFile = new java.io.File(((pathPrefix + java.lang.Integer.toString(counter)) + .png)): null

2018-12-05 13:05:43 - [TEST_STEP][PASSED] - Statement - counter = counter + 1: null

2018-12-05 13:05:43 - [TEST_STEP][PASSED] - Statement - PreSaveFile = new java.io.File(((pathPrefix + java.lang.Integer.toString(counter)) + .png)): null

2018-12-05 13:05:43 - [TEST_STEP][PASSED] - Statement - counter = counter + 1: null

2018-12-05 13:05:43 - [TEST_STEP][PASSED] - Statement - PreSaveFile = new java.io.File(((pathPrefix + java.lang.Integer.toString(counter)) + .png)): null

2018-12-05 13:05:43 - [TEST_STEP][PASSED] - Statement - counter = counter + 1: null

2018-12-05 13:05:43 - [TEST_STEP][PASSED] - Statement - PreSaveFile = new java.io.File(((pathPrefix + java.lang.Integer.toString(counter)) + .png)): null

2018-12-05 13:05:43 - [TEST_STEP][PASSED] - Statement - counter = counter + 1: null

2018-12-05 13:05:44 - [TEST_STEP][PASSED] - Statement - PreSaveFile = new java.io.File(((pathPrefix + java.lang.Integer.toString(counter)) + .png)): null

2018-12-05 13:05:44 - [TEST_STEP][PASSED] - Statement - counter = counter + 1: null

2018-12-05 13:05:44 - [TEST_STEP][PASSED] - Statement - PreSaveFile = new java.io.File(((pathPrefix + java.lang.Integer.toString(counter)) + .png)): null

2018-12-05 13:05:44 - [TEST_STEP][PASSED] - Statement - counter = counter + 1: null

2018-12-05 13:05:44 - [TEST_STEP][PASSED] - Statement - PreSaveFile = new java.io.File(((pathPrefix + java.lang.Integer.toString(counter)) + .png)): null

2018-12-05 13:05:44 - [TEST_STEP][PASSED] - Statement - counter = counter + 1: null

2018-12-05 13:05:44 - [TEST_STEP][PASSED] - Statement - PreSaveFile = new java.io.File(((pathPrefix + java.lang.Integer.toString(counter)) + .png)): null

2018-12-05 13:05:44 - [TEST_STEP][PASSED] - Statement - counter = counter + 1: null

2018-12-05 13:05:44 - [TEST_STEP][PASSED] - Statement - PreSaveFile = new java.io.File(((pathPrefix + java.lang.Integer.toString(counter)) + .png)): null

2018-12-05 13:05:44 - [TEST_STEP][PASSED] - Statement - counter = counter + 1: null

2018-12-05 13:05:44 - [TEST_STEP][PASSED] - Statement - PreSaveFile = new java.io.File(((pathPrefix + java.lang.Integer.toString(counter)) + .png)): null

2018-12-05 13:05:44 - [TEST_STEP][PASSED] - Statement - counter = counter + 1: null

2018-12-05 13:05:44 - [TEST_STEP][PASSED] - Statement - PreSaveFile = new java.io.File(((pathPrefix + java.lang.Integer.toString(counter)) + .png)): null

2018-12-05 13:05:44 - [TEST_STEP][PASSED] - Statement - counter = counter + 1: null

2018-12-05 13:05:44 - [TEST_STEP][PASSED] - Statement - PreSaveFile = new java.io.File(((pathPrefix + java.lang.Integer.toString(counter)) + .png)): null

2018-12-05 13:05:44 - [TEST_STEP][PASSED] - Statement - counter = counter + 1: null

2018-12-05 13:05:44 - [TEST_STEP][PASSED] - Statement - PreSaveFile = new java.io.File(((pathPrefix + java.lang.Integer.toString(counter)) + .png)): null

2018-12-05 13:05:44 - [TEST_STEP][PASSED] - Statement - counter = counter + 1: null

2018-12-05 13:05:44 - [TEST_STEP][PASSED] - Statement - PreSaveFile = new java.io.File(((pathPrefix + java.lang.Integer.toString(counter)) + .png)): null

2018-12-05 13:05:44 - [TEST_STEP][PASSED] - Statement - counter = counter + 1: null

2018-12-05 13:05:44 - [TEST_STEP][PASSED] - Statement - PreSaveFile = new java.io.File(((pathPrefix + java.lang.Integer.toString(counter)) + .png)): null

2018-12-05 13:05:44 - [TEST_STEP][PASSED] - Statement - counter = counter + 1: null

2018-12-05 13:05:44 - [TEST_STEP][PASSED] - Statement - PreSaveFile = new java.io.File(((pathPrefix + java.lang.Integer.toString(counter)) + .png)): null

2018-12-05 13:05:44 - [TEST_STEP][PASSED] - Statement - counter = counter + 1: null

2018-12-05 13:05:44 - [TEST_STEP][PASSED] - Statement - PreSaveFile = new java.io.File(((pathPrefix + java.lang.Integer.toString(counter)) + .png)): null

2018-12-05 13:05:44 - [TEST_STEP][PASSED] - Statement - counter = counter + 1: null

2018-12-05 13:05:44 - [TEST_STEP][PASSED] - Statement - PreSaveFile = new java.io.File(((pathPrefix + java.lang.Integer.toString(counter)) + .png)): null

2018-12-05 13:05:44 - [TEST_STEP][PASSED] - Statement - counter = counter + 1: null

2018-12-05 13:05:44 - [TEST_STEP][PASSED] - Statement - PreSaveFile = new java.io.File(((pathPrefix + java.lang.Integer.toString(counter)) + .png)): null

2018-12-05 13:05:45 - [TEST_STEP][PASSED] - Statement - counter = counter + 1: null

2018-12-05 13:05:45 - [TEST_STEP][PASSED] - Statement - PreSaveFile = new java.io.File(((pathPrefix + java.lang.Integer.toString(counter)) + .png)): null

2018-12-05 13:05:45 - [TEST_STEP][PASSED] - Statement - counter = counter + 1: null

2018-12-05 13:05:45 - [TEST_STEP][PASSED] - Statement - PreSaveFile = new java.io.File(((pathPrefix + java.lang.Integer.toString(counter)) + .png)): null

2018-12-05 13:05:45 - [TEST_STEP][PASSED] - Statement - counter = counter + 1: null

2018-12-05 13:05:45 - [TEST_STEP][PASSED] - Statement - PreSaveFile = new java.io.File(((pathPrefix + java.lang.Integer.toString(counter)) + .png)): null

2018-12-05 13:05:45 - [TEST_STEP][PASSED] - Statement - counter = counter + 1: null

2018-12-05 13:05:45 - [TEST_STEP][PASSED] - Statement - PreSaveFile = new java.io.File(((pathPrefix + java.lang.Integer.toString(counter)) + .png)): null

2018-12-05 13:05:45 - [TEST_STEP][PASSED] - Statement - counter = counter + 1: null

2018-12-05 13:05:45 - [TEST_STEP][PASSED] - Statement - PreSaveFile = new java.io.File(((pathPrefix + java.lang.Integer.toString(counter)) + .png)): null

2018-12-05 13:05:45 - [TEST_STEP][PASSED] - Statement - counter = counter + 1: null

2018-12-05 13:05:45 - [TEST_STEP][PASSED] - Statement - PreSaveFile = new java.io.File(((pathPrefix + java.lang.Integer.toString(counter)) + .png)): null

2018-12-05 13:05:45 - [TEST_STEP][PASSED] - Statement - counter = counter + 1: null

2018-12-05 13:05:45 - [TEST_STEP][PASSED] - Statement - PreSaveFile = new java.io.File(((pathPrefix + java.lang.Integer.toString(counter)) + .png)): null

2018-12-05 13:05:45 - [TEST_STEP][PASSED] - Statement - counter = counter + 1: null

2018-12-05 13:05:45 - [TEST_STEP][PASSED] - Statement - PreSaveFile = new java.io.File(((pathPrefix + java.lang.Integer.toString(counter)) + .png)): null

2018-12-05 13:05:45 - [TEST_STEP][PASSED] - Statement - counter = counter + 1: null

2018-12-05 13:05:45 - [TEST_STEP][PASSED] - Statement - PreSaveFile = new java.io.File(((pathPrefix + java.lang.Integer.toString(counter)) + .png)): null

2018-12-05 13:05:45 - [TEST_STEP][PASSED] - Statement - counter = counter + 1: null

2018-12-05 13:05:45 - [TEST_STEP][PASSED] - Statement - PreSaveFile = new java.io.File(((pathPrefix + java.lang.Integer.toString(counter)) + .png)): null

2018-12-05 13:05:45 - [TEST_STEP][PASSED] - Statement - counter = counter + 1: null

2018-12-05 13:05:46 - [TEST_STEP][PASSED] - Statement - PreSaveFile = new java.io.File(((pathPrefix + java.lang.Integer.toString(counter)) + .png)): null

2018-12-05 13:05:46 - [TEST_STEP][PASSED] - Statement - counter = counter + 1: null

2018-12-05 13:05:46 - [TEST_STEP][PASSED] - Statement - PreSaveFile = new java.io.File(((pathPrefix + java.lang.Integer.toString(counter)) + .png)): null

2018-12-05 13:05:46 - [TEST_STEP][PASSED] - Statement - counter = counter + 1: null

2018-12-05 13:05:46 - [TEST_STEP][PASSED] - Statement - PreSaveFile = new java.io.File(((pathPrefix + java.lang.Integer.toString(counter)) + .png)): null

2018-12-05 13:05:46 - [TEST_STEP][PASSED] - Statement - counter = counter + 1: null

2018-12-05 13:05:46 - [TEST_STEP][PASSED] - Statement - PreSaveFile = new java.io.File(((pathPrefix + java.lang.Integer.toString(counter)) + .png)): null

2018-12-05 13:05:46 - [TEST_STEP][PASSED] - Statement - counter = counter + 1: null

2018-12-05 13:05:46 - [TEST_STEP][PASSED] - Statement - PreSaveFile = new java.io.File(((pathPrefix + java.lang.Integer.toString(counter)) + .png)): null

2018-12-05 13:05:46 - [TEST_STEP][PASSED] - Statement - counter = counter + 1: null

2018-12-05 13:05:46 - [TEST_STEP][PASSED] - Statement - PreSaveFile = new java.io.File(((pathPrefix + java.lang.Integer.toString(counter)) + .png)): null

2018-12-05 13:05:46 - [TEST_STEP][PASSED] - Statement - counter = counter + 1: null

2018-12-05 13:05:46 - [TEST_STEP][PASSED] - Statement - PreSaveFile = new java.io.File(((pathPrefix + java.lang.Integer.toString(counter)) + .png)): null

2018-12-05 13:05:46 - [TEST_STEP][PASSED] - Statement - counter = counter + 1: null

2018-12-05 13:05:46 - [TEST_STEP][PASSED] - Statement - PreSaveFile = new java.io.File(((pathPrefix + java.lang.Integer.toString(counter)) + .png)): null

2018-12-05 13:05:46 - [TEST_STEP][PASSED] - Statement - counter = counter + 1: null

2018-12-05 13:05:46 - [TEST_STEP][PASSED] - Statement - PreSaveFile = new java.io.File(((pathPrefix + java.lang.Integer.toString(counter)) + .png)): null

2018-12-05 13:05:46 - [TEST_STEP][PASSED] - Statement - counter = counter + 1: null

2018-12-05 13:05:46 - [TEST_STEP][PASSED] - Statement - PreSaveFile = new java.io.File(((pathPrefix + java.lang.Integer.toString(counter)) + .png)): null

2018-12-05 13:05:46 - [TEST_STEP][PASSED] - Statement - counter = counter + 1: null

2018-12-05 13:05:46 - [TEST_STEP][PASSED] - Statement - PreSaveFile = new java.io.File(((pathPrefix + java.lang.Integer.toString(counter)) + .png)): null

2018-12-05 13:05:46 - [TEST_STEP][PASSED] - Statement - counter = counter + 1: null

2018-12-05 13:05:46 - [TEST_STEP][PASSED] - Statement - PreSaveFile = new java.io.File(((pathPrefix + java.lang.Integer.toString(counter)) + .png)): null

2018-12-05 13:05:46 - [TEST_STEP][PASSED] - Statement - counter = counter + 1: null

2018-12-05 13:05:46 - [TEST_STEP][PASSED] - Statement - PreSaveFile = new java.io.File(((pathPrefix + java.lang.Integer.toString(counter)) + .png)): null

2018-12-05 13:05:46 - [TEST_STEP][PASSED] - Statement - counter = counter + 1: null

2018-12-05 13:05:46 - [TEST_STEP][PASSED] - Statement - PreSaveFile = new java.io.File(((pathPrefix + java.lang.Integer.toString(counter)) + .png)): null

2018-12-05 13:05:46 - [TEST_STEP][PASSED] - Statement - counter = counter + 1: null

2018-12-05 13:05:46 - [TEST_STEP][PASSED] - Statement - PreSaveFile = new java.io.File(((pathPrefix + java.lang.Integer.toString(counter)) + .png)): null

2018-12-05 13:05:46 - [TEST_STEP][PASSED] - Statement - counter = counter + 1: null

2018-12-05 13:05:46 - [TEST_STEP][PASSED] - Statement - PreSaveFile = new java.io.File(((pathPrefix + java.lang.Integer.toString(counter)) + .png)): null

2018-12-05 13:05:46 - [TEST_STEP][PASSED] - Statement - counter = counter + 1: null

2018-12-05 13:05:46 - [TEST_STEP][PASSED] - Statement - PreSaveFile = new java.io.File(((pathPrefix + java.lang.Integer.toString(counter)) + .png)): null

2018-12-05 13:05:46 - [TEST_STEP][PASSED] - Statement - counter = counter + 1: null

2018-12-05 13:05:46 - [TEST_STEP][PASSED] - Statement - PreSaveFile = new java.io.File(((pathPrefix + java.lang.Integer.toString(counter)) + .png)): null

2018-12-05 13:05:46 - [TEST_STEP][PASSED] - Statement - counter = counter + 1: null

2018-12-05 13:05:46 - [TEST_STEP][PASSED] - Statement - PreSaveFile = new java.io.File(((pathPrefix + java.lang.Integer.toString(counter)) + .png)): null

2018-12-05 13:05:46 - [TEST_STEP][PASSED] - Statement - counter = counter + 1: null

2018-12-05 13:05:47 - [TEST_STEP][PASSED] - Statement - PreSaveFile = new java.io.File(((pathPrefix + java.lang.Integer.toString(counter)) + .png)): null

2018-12-05 13:05:47 - [TEST_STEP][PASSED] - Statement - counter = counter + 1: null

2018-12-05 13:05:47 - [TEST_STEP][PASSED] - Statement - PreSaveFile = new java.io.File(((pathPrefix + java.lang.Integer.toString(counter)) + .png)): null

2018-12-05 13:05:47 - [TEST_STEP][PASSED] - Statement - counter = counter + 1: null

2018-12-05 13:05:47 - [TEST_STEP][PASSED] - Statement - PreSaveFile = new java.io.File(((pathPrefix + java.lang.Integer.toString(counter)) + .png)): null

2018-12-05 13:05:47 - [TEST_STEP][PASSED] - Statement - counter = counter + 1: null

2018-12-05 13:05:47 - [TEST_STEP][PASSED] - Statement - PreSaveFile = new java.io.File(((pathPrefix + java.lang.Integer.toString(counter)) + .png)): null

2018-12-05 13:05:47 - [TEST_STEP][PASSED] - Statement - counter = counter + 1: null

2018-12-05 13:05:47 - [TEST_STEP][PASSED] - Statement - PreSaveFile = new java.io.File(((pathPrefix + java.lang.Integer.toString(counter)) + .png)): null

2018-12-05 13:05:47 - [TEST_STEP][PASSED] - Statement - counter = counter + 1: null

2018-12-05 13:05:47 - [TEST_STEP][PASSED] - Statement - PreSaveFile = new java.io.File(((pathPrefix + java.lang.Integer.toString(counter)) + .png)): null

2018-12-05 13:05:47 - [TEST_STEP][PASSED] - Statement - counter = counter + 1: null

2018-12-05 13:05:47 - [TEST_STEP][PASSED] - Statement - PreSaveFile = new java.io.File(((pathPrefix + java.lang.Integer.toString(counter)) + .png)): null

2018-12-05 13:05:47 - [TEST_STEP][PASSED] - Statement - counter = counter + 1: null

2018-12-05 13:05:47 - [TEST_STEP][PASSED] - Statement - PreSaveFile = new java.io.File(((pathPrefix + java.lang.Integer.toString(counter)) + .png)): null

2018-12-05 13:05:47 - [TEST_STEP][PASSED] - Statement - counter = counter + 1: null

2018-12-05 13:05:47 - [TEST_STEP][PASSED] - Statement - PreSaveFile = new java.io.File(((pathPrefix + java.lang.Integer.toString(counter)) + .png)): null

2018-12-05 13:05:47 - [TEST_STEP][PASSED] - Statement - counter = counter + 1: null

2018-12-05 13:05:47 - [TEST_STEP][PASSED] - Statement - PreSaveFile = new java.io.File(((pathPrefix + java.lang.Integer.toString(counter)) + .png)): null

2018-12-05 13:05:47 - [TEST_STEP][PASSED] - Statement - counter = counter + 1: null

2018-12-05 13:05:47 - [TEST_STEP][PASSED] - Statement - PreSaveFile = new java.io.File(((pathPrefix + java.lang.Integer.toString(counter)) + .png)): null

2018-12-05 13:05:47 - [TEST_STEP][PASSED] - Statement - counter = counter + 1: null

2018-12-05 13:05:47 - [TEST_STEP][PASSED] - Statement - PreSaveFile = new java.io.File(((pathPrefix + java.lang.Integer.toString(counter)) + .png)): null

2018-12-05 13:05:47 - [TEST_STEP][PASSED] - Statement - counter = counter + 1: null

2018-12-05 13:05:47 - [TEST_STEP][PASSED] - Statement - PreSaveFile = new java.io.File(((pathPrefix + java.lang.Integer.toString(counter)) + .png)): null

2018-12-05 13:05:47 - [TEST_STEP][PASSED] - Statement - counter = counter + 1: null

2018-12-05 13:05:47 - [TEST_STEP][PASSED] - Statement - PreSaveFile = new java.io.File(((pathPrefix + java.lang.Integer.toString(counter)) + .png)): null

2018-12-05 13:05:47 - [TEST_STEP][PASSED] - Statement - counter = counter + 1: null

2018-12-05 13:05:48 - [TEST_STEP][PASSED] - Statement - PreSaveFile = new java.io.File(((pathPrefix + java.lang.Integer.toString(counter)) + .png)): null

2018-12-05 13:05:48 - [TEST_STEP][PASSED] - Statement - counter = counter + 1: null

2018-12-05 13:05:48 - [TEST_STEP][PASSED] - Statement - PreSaveFile = new java.io.File(((pathPrefix + java.lang.Integer.toString(counter)) + .png)): null

2018-12-05 13:05:48 - [TEST_STEP][PASSED] - Statement - counter = counter + 1: null

2018-12-05 13:05:48 - [TEST_STEP][PASSED] - Statement - PreSaveFile = new java.io.File(((pathPrefix + java.lang.Integer.toString(counter)) + .png)): null

2018-12-05 13:05:48 - [TEST_STEP][PASSED] - Statement - counter = counter + 1: null

2018-12-05 13:05:48 - [TEST_STEP][PASSED] - Statement - PreSaveFile = new java.io.File(((pathPrefix + java.lang.Integer.toString(counter)) + .png)): null

2018-12-05 13:05:48 - [TEST_STEP][PASSED] - Statement - counter = counter + 1: null

2018-12-05 13:05:48 - [TEST_STEP][PASSED] - Statement - PreSaveFile = new java.io.File(((pathPrefix + java.lang.Integer.toString(counter)) + .png)): null

2018-12-05 13:05:48 - [TEST_STEP][PASSED] - Statement - counter = counter + 1: null

2018-12-05 13:05:48 - [TEST_STEP][PASSED] - Statement - PreSaveFile = new java.io.File(((pathPrefix + java.lang.Integer.toString(counter)) + .png)): null

2018-12-05 13:05:48 - [TEST_STEP][PASSED] - Statement - counter = counter + 1: null

2018-12-05 13:05:48 - [TEST_STEP][PASSED] - Statement - PreSaveFile = new java.io.File(((pathPrefix + java.lang.Integer.toString(counter)) + .png)): null

2018-12-05 13:05:48 - [TEST_STEP][PASSED] - Statement - counter = counter + 1: null

2018-12-05 13:05:48 - [TEST_STEP][PASSED] - Statement - PreSaveFile = new java.io.File(((pathPrefix + java.lang.Integer.toString(counter)) + .png)): null

2018-12-05 13:05:48 - [TEST_STEP][PASSED] - Statement - counter = counter + 1: null

2018-12-05 13:05:48 - [TEST_STEP][PASSED] - Statement - PreSaveFile = new java.io.File(((pathPrefix + java.lang.Integer.toString(counter)) + .png)): null

2018-12-05 13:05:48 - [TEST_STEP][PASSED] - Statement - counter = counter + 1: null

2018-12-05 13:05:48 - [TEST_STEP][PASSED] - Statement - PreSaveFile = new java.io.File(((pathPrefix + java.lang.Integer.toString(counter)) + .png)): null

2018-12-05 13:05:48 - [TEST_STEP][PASSED] - Statement - counter = counter + 1: null

2018-12-05 13:05:48 - [TEST_STEP][PASSED] - Statement - PreSaveFile = new java.io.File(((pathPrefix + java.lang.Integer.toString(counter)) + .png)): null

2018-12-05 13:05:48 - [TEST_STEP][PASSED] - Statement - counter = counter + 1: null

2018-12-05 13:05:48 - [TEST_STEP][PASSED] - Statement - PreSaveFile = new java.io.File(((pathPrefix + java.lang.Integer.toString(counter)) + .png)): null

2018-12-05 13:05:48 - [TEST_STEP][PASSED] - Statement - counter = counter + 1: null

2018-12-05 13:05:48 - [TEST_STEP][PASSED] - Statement - PreSaveFile = new java.io.File(((pathPrefix + java.lang.Integer.toString(counter)) + .png)): null

2018-12-05 13:05:48 - [TEST_STEP][PASSED] - Statement - counter = counter + 1: null

2018-12-05 13:05:48 - [TEST_STEP][PASSED] - Statement - PreSaveFile = new java.io.File(((pathPrefix + java.lang.Integer.toString(counter)) + .png)): null

2018-12-05 13:05:48 - [TEST_STEP][PASSED] - Statement - counter = counter + 1: null

2018-12-05 13:05:48 - [TEST_STEP][PASSED] - Statement - PreSaveFile = new java.io.File(((pathPrefix + java.lang.Integer.toString(counter)) + .png)): null

2018-12-05 13:05:49 - [TEST_STEP][PASSED] - Statement - counter = counter + 1: null

2018-12-05 13:05:49 - [TEST_STEP][PASSED] - Statement - PreSaveFile = new java.io.File(((pathPrefix + java.lang.Integer.toString(counter)) + .png)): null

2018-12-05 13:05:49 - [TEST_STEP][PASSED] - Statement - counter = counter + 1: null

2018-12-05 13:05:49 - [TEST_STEP][PASSED] - Statement - PreSaveFile = new java.io.File(((pathPrefix + java.lang.Integer.toString(counter)) + .png)): null

2018-12-05 13:05:49 - [TEST_STEP][PASSED] - Statement - counter = counter + 1: null

2018-12-05 13:05:49 - [TEST_STEP][PASSED] - Statement - PreSaveFile = new java.io.File(((pathPrefix + java.lang.Integer.toString(counter)) + .png)): null

2018-12-05 13:05:49 - [TEST_STEP][PASSED] - Statement - counter = counter + 1: null

2018-12-05 13:05:49 - [TEST_STEP][PASSED] - Statement - PreSaveFile = new java.io.File(((pathPrefix + java.lang.Integer.toString(counter)) + .png)): null

2018-12-05 13:05:49 - [TEST_STEP][PASSED] - Statement - counter = counter + 1: null

2018-12-05 13:05:49 - [TEST_STEP][PASSED] - Statement - PreSaveFile = new java.io.File(((pathPrefix + java.lang.Integer.toString(counter)) + .png)): null

2018-12-05 13:05:49 - [TEST_STEP][PASSED] - Statement - counter = counter + 1: null

2018-12-05 13:05:49 - [TEST_STEP][PASSED] - Statement - PreSaveFile = new java.io.File(((pathPrefix + java.lang.Integer.toString(counter)) + .png)): null

2018-12-05 13:05:49 - [TEST_STEP][PASSED] - Statement - counter = counter + 1: null

2018-12-05 13:05:49 - [TEST_STEP][PASSED] - Statement - PreSaveFile = new java.io.File(((pathPrefix + java.lang.Integer.toString(counter)) + .png)): null

2018-12-05 13:05:49 - [TEST_STEP][PASSED] - Statement - counter = counter + 1: null

2018-12-05 13:05:49 - [TEST_STEP][PASSED] - Statement - PreSaveFile = new java.io.File(((pathPrefix + java.lang.Integer.toString(counter)) + .png)): null

2018-12-05 13:05:49 - [TEST_STEP][PASSED] - Statement - counter = counter + 1: null

2018-12-05 13:05:49 - [TEST_STEP][PASSED] - Statement - PreSaveFile = new java.io.File(((pathPrefix + java.lang.Integer.toString(counter)) + .png)): null

2018-12-05 13:05:49 - [TEST_STEP][PASSED] - Statement - counter = counter + 1: null

2018-12-05 13:05:49 - [TEST_STEP][PASSED] - Statement - PreSaveFile = new java.io.File(((pathPrefix + java.lang.Integer.toString(counter)) + .png)): null

2018-12-05 13:05:49 - [TEST_STEP][PASSED] - Statement - counter = counter + 1: null

2018-12-05 13:05:49 - [TEST_STEP][PASSED] - Statement - PreSaveFile = new java.io.File(((pathPrefix + java.lang.Integer.toString(counter)) + .png)): null

2018-12-05 13:05:49 - [TEST_STEP][PASSED] - Statement - counter = counter + 1: null

2018-12-05 13:05:49 - [TEST_STEP][PASSED] - Statement - PreSaveFile = new java.io.File(((pathPrefix + java.lang.Integer.toString(counter)) + .png)): null

2018-12-05 13:05:49 - [TEST_STEP][PASSED] - Statement - counter = counter + 1: null

2018-12-05 13:05:49 - [TEST_STEP][PASSED] - Statement - PreSaveFile = new java.io.File(((pathPrefix + java.lang.Integer.toString(counter)) + .png)): null

2018-12-05 13:05:49 - [TEST_STEP][PASSED] - Statement - counter = counter + 1: null

2018-12-05 13:05:49 - [TEST_STEP][PASSED] - Statement - PreSaveFile = new java.io.File(((pathPrefix + java.lang.Integer.toString(counter)) + .png)): null

2018-12-05 13:05:49 - [TEST_STEP][PASSED] - Statement - counter = counter + 1: null

2018-12-05 13:05:50 - [TEST_STEP][PASSED] - Statement - PreSaveFile = new java.io.File(((pathPrefix + java.lang.Integer.toString(counter)) + .png)): null

2018-12-05 13:05:50 - [TEST_STEP][PASSED] - Statement - counter = counter + 1: null

2018-12-05 13:05:50 - [TEST_STEP][PASSED] - Statement - PreSaveFile = new java.io.File(((pathPrefix + java.lang.Integer.toString(counter)) + .png)): null

2018-12-05 13:05:50 - [TEST_STEP][PASSED] - Statement - counter = counter + 1: null

2018-12-05 13:05:50 - [TEST_STEP][PASSED] - Statement - PreSaveFile = new java.io.File(((pathPrefix + java.lang.Integer.toString(counter)) + .png)): null

2018-12-05 13:05:50 - [TEST_STEP][PASSED] - Statement - counter = counter + 1: null

2018-12-05 13:05:50 - [TEST_STEP][PASSED] - Statement - PreSaveFile = new java.io.File(((pathPrefix + java.lang.Integer.toString(counter)) + .png)): null

2018-12-05 13:05:50 - [TEST_STEP][PASSED] - Statement - counter = counter + 1: null

2018-12-05 13:05:50 - [TEST_STEP][PASSED] - Statement - PreSaveFile = new java.io.File(((pathPrefix + java.lang.Integer.toString(counter)) + .png)): null

2018-12-05 13:05:50 - [TEST_STEP][PASSED] - Statement - counter = counter + 1: null

2018-12-05 13:05:50 - [TEST_STEP][PASSED] - Statement - PreSaveFile = new java.io.File(((pathPrefix + java.lang.Integer.toString(counter)) + .png)): null

2018-12-05 13:05:50 - [TEST_STEP][PASSED] - Statement - counter = counter + 1: null

2018-12-05 13:05:50 - [TEST_STEP][PASSED] - Statement - PreSaveFile = new java.io.File(((pathPrefix + java.lang.Integer.toString(counter)) + .png)): null

2018-12-05 13:05:50 - [TEST_STEP][PASSED] - Statement - counter = counter + 1: null

2018-12-05 13:05:50 - [TEST_STEP][PASSED] - Statement - PreSaveFile = new java.io.File(((pathPrefix + java.lang.Integer.toString(counter)) + .png)): null

2018-12-05 13:05:50 - [TEST_STEP][PASSED] - Statement - counter = counter + 1: null

2018-12-05 13:05:50 - [TEST_STEP][PASSED] - Statement - PreSaveFile = new java.io.File(((pathPrefix + java.lang.Integer.toString(counter)) + .png)): null

2018-12-05 13:05:50 - [TEST_STEP][PASSED] - Statement - counter = counter + 1: null

2018-12-05 13:05:50 - [TEST_STEP][PASSED] - Statement - PreSaveFile = new java.io.File(((pathPrefix + java.lang.Integer.toString(counter)) + .png)): null

2018-12-05 13:05:50 - [TEST_STEP][PASSED] - Statement - counter = counter + 1: null

2018-12-05 13:05:50 - [TEST_STEP][PASSED] - Statement - PreSaveFile = new java.io.File(((pathPrefix + java.lang.Integer.toString(counter)) + .png)): null

2018-12-05 13:05:50 - [TEST_STEP][PASSED] - Statement - counter = counter + 1: null

2018-12-05 13:05:50 - [TEST_STEP][PASSED] - Statement - PreSaveFile = new java.io.File(((pathPrefix + java.lang.Integer.toString(counter)) + .png)): null

2018-12-05 13:05:50 - [TEST_STEP][PASSED] - Statement - counter = counter + 1: null

2018-12-05 13:05:50 - [TEST_STEP][PASSED] - Statement - PreSaveFile = new java.io.File(((pathPrefix + java.lang.Integer.toString(counter)) + .png)): null

2018-12-05 13:05:50 - [TEST_STEP][PASSED] - Statement - counter = counter + 1: null

2018-12-05 13:05:50 - [TEST_STEP][PASSED] - Statement - PreSaveFile = new java.io.File(((pathPrefix + java.lang.Integer.toString(counter)) + .png)): null

2018-12-05 13:05:50 - [TEST_STEP][PASSED] - Statement - counter = counter + 1: null

2018-12-05 13:05:51 - [TEST_STEP][PASSED] - Statement - PreSaveFile = new java.io.File(((pathPrefix + java.lang.Integer.toString(counter)) + .png)): null

2018-12-05 13:05:51 - [TEST_STEP][PASSED] - Statement - counter = counter + 1: null

2018-12-05 13:05:51 - [TEST_STEP][PASSED] - Statement - PreSaveFile = new java.io.File(((pathPrefix + java.lang.Integer.toString(counter)) + .png)): null

2018-12-05 13:05:51 - [TEST_STEP][PASSED] - Statement - counter = counter + 1: null

2018-12-05 13:05:51 - [TEST_STEP][PASSED] - Statement - PreSaveFile = new java.io.File(((pathPrefix + java.lang.Integer.toString(counter)) + .png)): null

2018-12-05 13:05:51 - [TEST_STEP][PASSED] - Statement - counter = counter + 1: null

2018-12-05 13:05:51 - [TEST_STEP][PASSED] - Statement - PreSaveFile = new java.io.File(((pathPrefix + java.lang.Integer.toString(counter)) + .png)): null

2018-12-05 13:05:51 - [TEST_STEP][PASSED] - Statement - counter = counter + 1: null

2018-12-05 13:05:51 - [TEST_STEP][PASSED] - Statement - PreSaveFile = new java.io.File(((pathPrefix + java.lang.Integer.toString(counter)) + .png)): null

2018-12-05 13:05:51 - [TEST_STEP][PASSED] - Statement - counter = counter + 1: null

2018-12-05 13:05:51 - [TEST_STEP][PASSED] - Statement - PreSaveFile = new java.io.File(((pathPrefix + java.lang.Integer.toString(counter)) + .png)): null

2018-12-05 13:05:51 - [TEST_STEP][PASSED] - Statement - counter = counter + 1: null

2018-12-05 13:05:51 - [TEST_STEP][PASSED] - Statement - PreSaveFile = new java.io.File(((pathPrefix + java.lang.Integer.toString(counter)) + .png)): null

2018-12-05 13:05:51 - [TEST_STEP][PASSED] - Statement - counter = counter + 1: null

2018-12-05 13:05:51 - [TEST_STEP][PASSED] - Statement - PreSaveFile = new java.io.File(((pathPrefix + java.lang.Integer.toString(counter)) + .png)): null

2018-12-05 13:05:51 - [TEST_STEP][PASSED] - Statement - counter = counter + 1: null

2018-12-05 13:05:51 - [TEST_STEP][PASSED] - Statement - PreSaveFile = new java.io.File(((pathPrefix + java.lang.Integer.toString(counter)) + .png)): null

2018-12-05 13:05:51 - [TEST_STEP][PASSED] - Statement - counter = counter + 1: null

2018-12-05 13:05:51 - [TEST_STEP][PASSED] - Statement - PreSaveFile = new java.io.File(((pathPrefix + java.lang.Integer.toString(counter)) + .png)): null

2018-12-05 13:05:51 - [TEST_STEP][PASSED] - Statement - counter = counter + 1: null

2018-12-05 13:05:51 - [TEST_STEP][PASSED] - Statement - PreSaveFile = new java.io.File(((pathPrefix + java.lang.Integer.toString(counter)) + .png)): null

2018-12-05 13:05:51 - [TEST_STEP][PASSED] - Statement - counter = counter + 1: null

2018-12-05 13:05:51 - [TEST_STEP][PASSED] - Statement - PreSaveFile = new java.io.File(((pathPrefix + java.lang.Integer.toString(counter)) + .png)): null

2018-12-05 13:05:51 - [TEST_STEP][PASSED] - Statement - counter = counter + 1: null

2018-12-05 13:05:51 - [TEST_STEP][PASSED] - Statement - PreSaveFile = new java.io.File(((pathPrefix + java.lang.Integer.toString(counter)) + .png)): null

2018-12-05 13:05:51 - [TEST_STEP][PASSED] - Statement - counter = counter + 1: null

2018-12-05 13:05:51 - [TEST_STEP][PASSED] - Statement - PreSaveFile = new java.io.File(((pathPrefix + java.lang.Integer.toString(counter)) + .png)): null

2018-12-05 13:05:51 - [TEST_STEP][PASSED] - Statement - counter = counter + 1: null

2018-12-05 13:05:51 - [TEST_STEP][PASSED] - Statement - PreSaveFile = new java.io.File(((pathPrefix + java.lang.Integer.toString(counter)) + .png)): null

2018-12-05 13:05:52 - [TEST_STEP][PASSED] - Statement - counter = counter + 1: null

2018-12-05 13:05:52 - [TEST_STEP][PASSED] - Statement - PreSaveFile = new java.io.File(((pathPrefix + java.lang.Integer.toString(counter)) + .png)): null

2018-12-05 13:05:52 - [TEST_STEP][PASSED] - Statement - counter = counter + 1: null

2018-12-05 13:05:52 - [TEST_STEP][PASSED] - Statement - PreSaveFile = new java.io.File(((pathPrefix + java.lang.Integer.toString(counter)) + .png)): null

2018-12-05 13:05:52 - [TEST_STEP][PASSED] - Statement - counter = counter + 1: null

2018-12-05 13:05:52 - [TEST_STEP][PASSED] - Statement - PreSaveFile = new java.io.File(((pathPrefix + java.lang.Integer.toString(counter)) + .png)): null

2018-12-05 13:05:52 - [TEST_STEP][PASSED] - Statement - counter = counter + 1: null

2018-12-05 13:05:52 - [TEST_STEP][PASSED] - Statement - PreSaveFile = new java.io.File(((pathPrefix + java.lang.Integer.toString(counter)) + .png)): null

2018-12-05 13:05:52 - [TEST_STEP][PASSED] - Statement - counter = counter + 1: null

2018-12-05 13:05:52 - [TEST_STEP][PASSED] - Statement - PreSaveFile = new java.io.File(((pathPrefix + java.lang.Integer.toString(counter)) + .png)): null

2018-12-05 13:05:52 - [TEST_STEP][PASSED] - Statement - counter = counter + 1: null

2018-12-05 13:05:52 - [TEST_STEP][PASSED] - Statement - PreSaveFile = new java.io.File(((pathPrefix + java.lang.Integer.toString(counter)) + .png)): null

2018-12-05 13:05:52 - [TEST_STEP][PASSED] - Statement - counter = counter + 1: null

2018-12-05 13:05:52 - [TEST_STEP][PASSED] - Statement - PreSaveFile = new java.io.File(((pathPrefix + java.lang.Integer.toString(counter)) + .png)): null

2018-12-05 13:05:52 - [TEST_STEP][PASSED] - Statement - counter = counter + 1: null

2018-12-05 13:05:52 - [TEST_STEP][PASSED] - Statement - PreSaveFile = new java.io.File(((pathPrefix + java.lang.Integer.toString(counter)) + .png)): null

2018-12-05 13:05:52 - [TEST_STEP][PASSED] - Statement - counter = counter + 1: null

2018-12-05 13:05:52 - [TEST_STEP][PASSED] - Statement - PreSaveFile = new java.io.File(((pathPrefix + java.lang.Integer.toString(counter)) + .png)): null

2018-12-05 13:05:52 - [TEST_STEP][PASSED] - Statement - counter = counter + 1: null

2018-12-05 13:05:52 - [TEST_STEP][PASSED] - Statement - PreSaveFile = new java.io.File(((pathPrefix + java.lang.Integer.toString(counter)) + .png)): null

2018-12-05 13:05:52 - [TEST_STEP][PASSED] - Statement - counter = counter + 1: null

2018-12-05 13:05:52 - [TEST_STEP][PASSED] - Statement - PreSaveFile = new java.io.File(((pathPrefix + java.lang.Integer.toString(counter)) + .png)): null

2018-12-05 13:05:52 - [TEST_STEP][PASSED] - Statement - counter = counter + 1: null

2018-12-05 13:05:52 - [TEST_STEP][PASSED] - Statement - PreSaveFile = new java.io.File(((pathPrefix + java.lang.Integer.toString(counter)) + .png)): null

2018-12-05 13:05:52 - [TEST_STEP][PASSED] - Statement - counter = counter + 1: null

2018-12-05 13:05:52 - [TEST_STEP][PASSED] - Statement - PreSaveFile = new java.io.File(((pathPrefix + java.lang.Integer.toString(counter)) + .png)): null

2018-12-05 13:05:52 - [TEST_STEP][PASSED] - Statement - counter = counter + 1: null

2018-12-05 13:05:52 - [TEST_STEP][PASSED] - Statement - PreSaveFile = new java.io.File(((pathPrefix + java.lang.Integer.toString(counter)) + .png)): null

2018-12-05 13:05:52 - [TEST_STEP][PASSED] - Statement - counter = counter + 1: null

2018-12-05 13:05:52 - [TEST_STEP][PASSED] - Statement - PreSaveFile = new java.io.File(((pathPrefix + java.lang.Integer.toString(counter)) + .png)): null

2018-12-05 13:05:52 - [TEST_STEP][PASSED] - Statement - counter = counter + 1: null

2018-12-05 13:05:52 - [TEST_STEP][PASSED] - Statement - PreSaveFile = new java.io.File(((pathPrefix + java.lang.Integer.toString(counter)) + .png)): null

2018-12-05 13:05:52 - [TEST_STEP][PASSED] - Statement - counter = counter + 1: null

2018-12-05 13:05:52 - [TEST_STEP][PASSED] - Statement - PreSaveFile = new java.io.File(((pathPrefix + java.lang.Integer.toString(counter)) + .png)): null

2018-12-05 13:05:52 - [TEST_STEP][PASSED] - Statement - counter = counter + 1: null

2018-12-05 13:05:52 - [TEST_STEP][PASSED] - Statement - PreSaveFile = new java.io.File(((pathPrefix + java.lang.Integer.toString(counter)) + .png)): null

2018-12-05 13:05:52 - [TEST_STEP][PASSED] - Statement - counter = counter + 1: null

2018-12-05 13:05:52 - [TEST_STEP][PASSED] - Statement - PreSaveFile = new java.io.File(((pathPrefix + java.lang.Integer.toString(counter)) + .png)): null

2018-12-05 13:05:53 - [TEST_STEP][PASSED] - Statement - counter = counter + 1: null

2018-12-05 13:05:53 - [TEST_STEP][PASSED] - Statement - PreSaveFile = new java.io.File(((pathPrefix + java.lang.Integer.toString(counter)) + .png)): null

2018-12-05 13:05:53 - [TEST_STEP][PASSED] - Statement - counter = counter + 1: null

2018-12-05 13:05:53 - [TEST_STEP][PASSED] - Statement - PreSaveFile = new java.io.File(((pathPrefix + java.lang.Integer.toString(counter)) + .png)): null

2018-12-05 13:05:53 - [TEST_STEP][PASSED] - Statement - counter = counter + 1: null

2018-12-05 13:05:53 - [TEST_STEP][PASSED] - Statement - PreSaveFile = new java.io.File(((pathPrefix + java.lang.Integer.toString(counter)) + .png)): null

2018-12-05 13:05:53 - [TEST_STEP][PASSED] - Statement - counter = counter + 1: null

2018-12-05 13:05:53 - [TEST_STEP][PASSED] - Statement - PreSaveFile = new java.io.File(((pathPrefix + java.lang.Integer.toString(counter)) + .png)): null

2018-12-05 13:05:53 - [TEST_STEP][PASSED] - Statement - counter = counter + 1: null

2018-12-05 13:05:53 - [TEST_STEP][PASSED] - Statement - PreSaveFile = new java.io.File(((pathPrefix + java.lang.Integer.toString(counter)) + .png)): null

2018-12-05 13:05:53 - [TEST_STEP][PASSED] - Statement - counter = counter + 1: null

2018-12-05 13:05:53 - [TEST_STEP][PASSED] - Statement - PreSaveFile = new java.io.File(((pathPrefix + java.lang.Integer.toString(counter)) + .png)): null

2018-12-05 13:05:53 - [TEST_STEP][PASSED] - Statement - counter = counter + 1: null

2018-12-05 13:05:53 - [TEST_STEP][PASSED] - Statement - PreSaveFile = new java.io.File(((pathPrefix + java.lang.Integer.toString(counter)) + .png)): null

2018-12-05 13:05:53 - [TEST_STEP][PASSED] - Statement - counter = counter + 1: null

2018-12-05 13:05:53 - [TEST_STEP][PASSED] - Statement - PreSaveFile = new java.io.File(((pathPrefix + java.lang.Integer.toString(counter)) + .png)): null

2018-12-05 13:05:53 - [TEST_STEP][PASSED] - Statement - counter = counter + 1: null

2018-12-05 13:05:53 - [TEST_STEP][PASSED] - Statement - PreSaveFile = new java.io.File(((pathPrefix + java.lang.Integer.toString(counter)) + .png)): null

2018-12-05 13:05:53 - [TEST_STEP][PASSED] - Statement - counter = counter + 1: null

2018-12-05 13:05:54 - [TEST_STEP][PASSED] - Statement - PreSaveFile = new java.io.File(((pathPrefix + java.lang.Integer.toString(counter)) + .png)): null

2018-12-05 13:05:54 - [TEST_STEP][PASSED] - Statement - counter = counter + 1: null

2018-12-05 13:05:54 - [TEST_STEP][PASSED] - Statement - PreSaveFile = new java.io.File(((pathPrefix + java.lang.Integer.toString(counter)) + .png)): null

2018-12-05 13:05:54 - [TEST_STEP][PASSED] - Statement - counter = counter + 1: null

2018-12-05 13:05:54 - [TEST_STEP][PASSED] - Statement - PreSaveFile = new java.io.File(((pathPrefix + java.lang.Integer.toString(counter)) + .png)): null

2018-12-05 13:05:54 - [TEST_STEP][PASSED] - Statement - counter = counter + 1: null

2018-12-05 13:05:54 - [TEST_STEP][PASSED] - Statement - PreSaveFile = new java.io.File(((pathPrefix + java.lang.Integer.toString(counter)) + .png)): null

2018-12-05 13:05:54 - [TEST_STEP][PASSED] - Statement - counter = counter + 1: null

2018-12-05 13:05:54 - [TEST_STEP][PASSED] - Statement - PreSaveFile = new java.io.File(((pathPrefix + java.lang.Integer.toString(counter)) + .png)): null

2018-12-05 13:05:54 - [TEST_STEP][PASSED] - Statement - counter = counter + 1: null

2018-12-05 13:05:54 - [TEST_STEP][PASSED] - Statement - PreSaveFile = new java.io.File(((pathPrefix + java.lang.Integer.toString(counter)) + .png)): null

2018-12-05 13:05:54 - [TEST_STEP][PASSED] - Statement - counter = counter + 1: null

2018-12-05 13:05:54 - [TEST_STEP][PASSED] - Statement - PreSaveFile = new java.io.File(((pathPrefix + java.lang.Integer.toString(counter)) + .png)): null

2018-12-05 13:05:54 - [TEST_STEP][PASSED] - Statement - counter = counter + 1: null

2018-12-05 13:05:54 - [TEST_STEP][PASSED] - Statement - PreSaveFile = new java.io.File(((pathPrefix + java.lang.Integer.toString(counter)) + .png)): null

2018-12-05 13:05:54 - [TEST_STEP][PASSED] - Statement - counter = counter + 1: null

2018-12-05 13:05:54 - [TEST_STEP][PASSED] - Statement - PreSaveFile = new java.io.File(((pathPrefix + java.lang.Integer.toString(counter)) + .png)): null

2018-12-05 13:05:54 - [TEST_STEP][PASSED] - Statement - counter = counter + 1: null

2018-12-05 13:05:54 - [TEST_STEP][PASSED] - Statement - PreSaveFile = new java.io.File(((pathPrefix + java.lang.Integer.toString(counter)) + .png)): null

2018-12-05 13:05:54 - [TEST_STEP][PASSED] - Statement - counter = counter + 1: null

2018-12-05 13:05:54 - [TEST_STEP][PASSED] - Statement - PreSaveFile = new java.io.File(((pathPrefix + java.lang.Integer.toString(counter)) + .png)): null

2018-12-05 13:05:54 - [TEST_STEP][PASSED] - Statement - counter = counter + 1: null

2018-12-05 13:05:54 - [TEST_STEP][PASSED] - Statement - PreSaveFile = new java.io.File(((pathPrefix + java.lang.Integer.toString(counter)) + .png)): null

2018-12-05 13:05:54 - [TEST_STEP][PASSED] - Statement - counter = counter + 1: null

2018-12-05 13:05:54 - [TEST_STEP][PASSED] - Statement - PreSaveFile = new java.io.File(((pathPrefix + java.lang.Integer.toString(counter)) + .png)): null

2018-12-05 13:05:54 - [TEST_STEP][PASSED] - Statement - counter = counter + 1: null

2018-12-05 13:05:54 - [TEST_STEP][PASSED] - Statement - PreSaveFile = new java.io.File(((pathPrefix + java.lang.Integer.toString(counter)) + .png)): null

2018-12-05 13:05:54 - [TEST_STEP][PASSED] - Statement - counter = counter + 1: null

2018-12-05 13:05:54 - [TEST_STEP][PASSED] - Statement - PreSaveFile = new java.io.File(((pathPrefix + java.lang.Integer.toString(counter)) + .png)): null

2018-12-05 13:05:54 - [TEST_STEP][PASSED] - Statement - counter = counter + 1: null

2018-12-05 13:05:54 - [TEST_STEP][PASSED] - Statement - PreSaveFile = new java.io.File(((pathPrefix + java.lang.Integer.toString(counter)) + .png)): null

2018-12-05 13:05:54 - [TEST_STEP][PASSED] - Statement - counter = counter + 1: null

2018-12-05 13:05:54 - [TEST_STEP][PASSED] - Statement - PreSaveFile = new java.io.File(((pathPrefix + java.lang.Integer.toString(counter)) + .png)): null

2018-12-05 13:05:54 - [TEST_STEP][PASSED] - Statement - counter = counter + 1: null

2018-12-05 13:05:54 - [TEST_STEP][PASSED] - Statement - PreSaveFile = new java.io.File(((pathPrefix + java.lang.Integer.toString(counter)) + .png)): null

2018-12-05 13:05:54 - [TEST_STEP][PASSED] - Statement - counter = counter + 1: null

2018-12-05 13:05:54 - [TEST_STEP][PASSED] - Statement - PreSaveFile = new java.io.File(((pathPrefix + java.lang.Integer.toString(counter)) + .png)): null

2018-12-05 13:05:54 - [TEST_STEP][PASSED] - Statement - counter = counter + 1: null

2018-12-05 13:05:55 - [TEST_STEP][PASSED] - Statement - PreSaveFile = new java.io.File(((pathPrefix + java.lang.Integer.toString(counter)) + .png)): null

2018-12-05 13:05:55 - [TEST_STEP][PASSED] - Statement - counter = counter + 1: null

2018-12-05 13:05:55 - [TEST_STEP][PASSED] - Statement - PreSaveFile = new java.io.File(((pathPrefix + java.lang.Integer.toString(counter)) + .png)): null

2018-12-05 13:05:55 - [TEST_STEP][PASSED] - Statement - counter = counter + 1: null

2018-12-05 13:05:55 - [TEST_STEP][PASSED] - Statement - PreSaveFile = new java.io.File(((pathPrefix + java.lang.Integer.toString(counter)) + .png)): null

2018-12-05 13:05:55 - [TEST_STEP][PASSED] - Statement - counter = counter + 1: null

2018-12-05 13:05:55 - [TEST_STEP][PASSED] - Statement - PreSaveFile = new java.io.File(((pathPrefix + java.lang.Integer.toString(counter)) + .png)): null

2018-12-05 13:05:55 - [TEST_STEP][PASSED] - Statement - counter = counter + 1: null

2018-12-05 13:05:55 - [TEST_STEP][PASSED] - Statement - PreSaveFile = new java.io.File(((pathPrefix + java.lang.Integer.toString(counter)) + .png)): null

2018-12-05 13:05:55 - [TEST_STEP][PASSED] - Statement - counter = counter + 1: null

2018-12-05 13:05:55 - [TEST_STEP][PASSED] - Statement - PreSaveFile = new java.io.File(((pathPrefix + java.lang.Integer.toString(counter)) + .png)): null

2018-12-05 13:05:55 - [TEST_STEP][PASSED] - Statement - counter = counter + 1: null

2018-12-05 13:05:55 - [TEST_STEP][PASSED] - Statement - PreSaveFile = new java.io.File(((pathPrefix + java.lang.Integer.toString(counter)) + .png)): null

2018-12-05 13:05:55 - [TEST_STEP][PASSED] - Statement - counter = counter + 1: null

2018-12-05 13:05:55 - [TEST_STEP][PASSED] - Statement - PreSaveFile = new java.io.File(((pathPrefix + java.lang.Integer.toString(counter)) + .png)): null

2018-12-05 13:05:55 - [TEST_STEP][PASSED] - Statement - counter = counter + 1: null

2018-12-05 13:05:55 - [TEST_STEP][PASSED] - Statement - PreSaveFile = new java.io.File(((pathPrefix + java.lang.Integer.toString(counter)) + .png)): null

2018-12-05 13:05:55 - [TEST_STEP][PASSED] - Statement - counter = counter + 1: null

2018-12-05 13:05:55 - [TEST_STEP][PASSED] - Statement - PreSaveFile = new java.io.File(((pathPrefix + java.lang.Integer.toString(counter)) + .png)): null

2018-12-05 13:05:55 - [TEST_STEP][PASSED] - Statement - counter = counter + 1: null

2018-12-05 13:05:56 - [TEST_STEP][PASSED] - Statement - PreSaveFile = new java.io.File(((pathPrefix + java.lang.Integer.toString(counter)) + .png)): null

2018-12-05 13:05:56 - [TEST_STEP][PASSED] - Statement - counter = counter + 1: null

2018-12-05 13:05:56 - [TEST_STEP][PASSED] - Statement - PreSaveFile = new java.io.File(((pathPrefix + java.lang.Integer.toString(counter)) + .png)): null

2018-12-05 13:05:56 - [TEST_STEP][PASSED] - Statement - counter = counter + 1: null

2018-12-05 13:05:56 - [TEST_STEP][PASSED] - Statement - PreSaveFile = new java.io.File(((pathPrefix + java.lang.Integer.toString(counter)) + .png)): null

2018-12-05 13:05:56 - [TEST_STEP][PASSED] - Statement - counter = counter + 1: null

2018-12-05 13:05:56 - [TEST_STEP][PASSED] - Statement - PreSaveFile = new java.io.File(((pathPrefix + java.lang.Integer.toString(counter)) + .png)): null

2018-12-05 13:05:56 - [TEST_STEP][PASSED] - Statement - counter = counter + 1: null

2018-12-05 13:05:56 - [TEST_STEP][PASSED] - Statement - PreSaveFile = new java.io.File(((pathPrefix + java.lang.Integer.toString(counter)) + .png)): null

2018-12-05 13:05:56 - [TEST_STEP][PASSED] - Statement - counter = counter + 1: null

2018-12-05 13:05:56 - [TEST_STEP][PASSED] - Statement - PreSaveFile = new java.io.File(((pathPrefix + java.lang.Integer.toString(counter)) + .png)): null

2018-12-05 13:05:56 - [TEST_STEP][PASSED] - Statement - counter = counter + 1: null

2018-12-05 13:05:56 - [TEST_STEP][PASSED] - Statement - PreSaveFile = new java.io.File(((pathPrefix + java.lang.Integer.toString(counter)) + .png)): null

2018-12-05 13:05:56 - [TEST_STEP][PASSED] - Statement - counter = counter + 1: null

2018-12-05 13:05:56 - [TEST_STEP][PASSED] - Statement - PreSaveFile = new java.io.File(((pathPrefix + java.lang.Integer.toString(counter)) + .png)): null

2018-12-05 13:05:56 - [TEST_STEP][PASSED] - Statement - counter = counter + 1: null

2018-12-05 13:05:56 - [TEST_STEP][PASSED] - Statement - PreSaveFile = new java.io.File(((pathPrefix + java.lang.Integer.toString(counter)) + .png)): null

2018-12-05 13:05:56 - [TEST_STEP][PASSED] - Statement - counter = counter + 1: null

2018-12-05 13:05:56 - [TEST_STEP][PASSED] - Statement - PreSaveFile = new java.io.File(((pathPrefix + java.lang.Integer.toString(counter)) + .png)): null

2018-12-05 13:05:56 - [TEST_STEP][PASSED] - Statement - counter = counter + 1: null

2018-12-05 13:05:56 - [TEST_STEP][PASSED] - Statement - PreSaveFile = new java.io.File(((pathPrefix + java.lang.Integer.toString(counter)) + .png)): null

2018-12-05 13:05:56 - [TEST_STEP][PASSED] - Statement - counter = counter + 1: null

2018-12-05 13:05:56 - [TEST_STEP][PASSED] - Statement - PreSaveFile = new java.io.File(((pathPrefix + java.lang.Integer.toString(counter)) + .png)): null

2018-12-05 13:05:56 - [TEST_STEP][PASSED] - Statement - counter = counter + 1: null

2018-12-05 13:05:56 - [TEST_STEP][PASSED] - Statement - PreSaveFile = new java.io.File(((pathPrefix + java.lang.Integer.toString(counter)) + .png)): null

2018-12-05 13:05:56 - [TEST_STEP][PASSED] - Statement - counter = counter + 1: null

2018-12-05 13:05:56 - [TEST_STEP][PASSED] - Statement - PreSaveFile = new java.io.File(((pathPrefix + java.lang.Integer.toString(counter)) + .png)): null

2018-12-05 13:05:56 - [TEST_STEP][PASSED] - Statement - counter = counter + 1: null

2018-12-05 13:05:57 - [TEST_STEP][PASSED] - Statement - PreSaveFile = new java.io.File(((pathPrefix + java.lang.Integer.toString(counter)) + .png)): null

2018-12-05 13:05:57 - [TEST_STEP][PASSED] - Statement - counter = counter + 1: null

2018-12-05 13:05:57 - [TEST_STEP][PASSED] - Statement - PreSaveFile = new java.io.File(((pathPrefix + java.lang.Integer.toString(counter)) + .png)): null

2018-12-05 13:05:57 - [TEST_STEP][PASSED] - Statement - counter = counter + 1: null

2018-12-05 13:05:57 - [TEST_STEP][PASSED] - Statement - PreSaveFile = new java.io.File(((pathPrefix + java.lang.Integer.toString(counter)) + .png)): null

2018-12-05 13:05:57 - [TEST_STEP][PASSED] - Statement - counter = counter + 1: null

2018-12-05 13:05:57 - [TEST_STEP][PASSED] - Statement - PreSaveFile = new java.io.File(((pathPrefix + java.lang.Integer.toString(counter)) + .png)): null

2018-12-05 13:05:57 - [TEST_STEP][PASSED] - Statement - counter = counter + 1: null

2018-12-05 13:05:57 - [TEST_STEP][PASSED] - Statement - PreSaveFile = new java.io.File(((pathPrefix + java.lang.Integer.toString(counter)) + .png)): null

2018-12-05 13:05:57 - [TEST_STEP][PASSED] - Statement - counter = counter + 1: null

2018-12-05 13:05:57 - [TEST_STEP][PASSED] - Statement - PreSaveFile = new java.io.File(((pathPrefix + java.lang.Integer.toString(counter)) + .png)): null

2018-12-05 13:05:57 - [TEST_STEP][PASSED] - Statement - counter = counter + 1: null

2018-12-05 13:05:57 - [TEST_STEP][PASSED] - Statement - PreSaveFile = new java.io.File(((pathPrefix + java.lang.Integer.toString(counter)) + .png)): null

2018-12-05 13:05:57 - [TEST_STEP][PASSED] - Statement - counter = counter + 1: null

2018-12-05 13:05:57 - [TEST_STEP][PASSED] - Statement - PreSaveFile = new java.io.File(((pathPrefix + java.lang.Integer.toString(counter)) + .png)): null

2018-12-05 13:05:57 - [TEST_STEP][PASSED] - Statement - counter = counter + 1: null

2018-12-05 13:05:57 - [TEST_STEP][PASSED] - Statement - PreSaveFile = new java.io.File(((pathPrefix + java.lang.Integer.toString(counter)) + .png)): null

2018-12-05 13:05:57 - [TEST_STEP][PASSED] - Statement - counter = counter + 1: null

2018-12-05 13:05:57 - [TEST_STEP][PASSED] - Statement - PreSaveFile = new java.io.File(((pathPrefix + java.lang.Integer.toString(counter)) + .png)): null

2018-12-05 13:05:57 - [TEST_STEP][PASSED] - Statement - finalPath = pathPrefix + java.lang.Integer.toString(counter) + ".png": null

2018-12-05 13:05:57 - [TEST_STEP][PASSED] - Statement - SaveFile = new java.io.File(finalPath): null

2018-12-05 13:05:57 - [TEST_STEP][PASSED] - Statement - Try: null

2018-12-05 13:05:57 - [TEST_STEP][PASSED] - Statement - org.apache.commons.io.FileUtils.copyFile(scrFile, SaveFile): null

2018-12-05 13:05:57 - [TEST_STEP][PASSED] - Statement - out.println("file kept"): null

2018-12-05 13:05:57 - [TEST_STEP][PASSED] - delay: Delayed 10 second(s)

2018-12-05 13:06:07 - [MESSAGE][PASSED] - Delayed 10 second(s)

2018-12-05 13:06:07 - [MESSAGE][PASSED] - Call Test Case 'Test Cases/Final Aug 2018 - PKS Automation/Registration Module/New Registration/Submit and Screenshot/Submit Registration and Screenshot' successfully

2018-12-05 13:06:07 - [TEST_STEP][PASSED] - callTestCase: Call Test Case 'Test Cases/Final Aug 2018 - PKS Automation/Registration Module/Log Out/log out avoiding katalon tagging' successfully

2018-12-05 13:06:07 - [TEST_CASE][PASSED] - Test Cases/Final Aug 2018 - PKS Automation/Registration Module/Log Out/log out avoiding katalon tagging: Test Cases/Final Aug 2018 - PKS Automation/Registration Module/Log Out/log out avoiding katalon tagging

2018-12-05 13:06:07 - [TEST_STEP][PASSED] - navigateToUrl: Navigate to 'https://assist2-uat.perkeso.gov.my/c/portal/logout' successfully

2018-12-05 13:06:08 - [MESSAGE][PASSED] - Navigate to 'https://assist2-uat.perkeso.gov.my/c/portal/logout' successfully

2018-12-05 13:06:08 - [MESSAGE][PASSED] - Call Test Case 'Test Cases/Final Aug 2018 - PKS Automation/Registration Module/Log Out/log out avoiding katalon tagging' successfully]]></system-out>
         <system-err><![CDATA[2018-12-05 12:51:50 - [TEST_CASE][FAILED] - Test Cases/Final Aug 2018 - PKS Automation/Registration Module/Workflow/New Registration/OTC - PKR BO - RO Under Enforcement(Routed 2 Time): Test Cases/Final Aug 2018 - PKS Automation/Registration Module/Workflow/New Registration/OTC - PKR BO - RO Under Enforcement(Routed 2 Time) FAILED because (of) (Stack trace: com.kms.katalon.core.exception.StepFailedException: Unable to click on object 'Object Repository/Final Object Repo/New Registration - Registration Module Pages/New Reg - OTC to RO/Special Case - All Related Objects/Continue Button in verifying case' (Root cause: org.openqa.selenium.ElementNotVisibleException: element not interactable
  (Session info: chrome=70.0.3538.110)
  (Driver info: chromedriver=2.43.600210 (68dcf5eebde37173d4027fa8635e332711d2874a),platform=Windows NT 6.1.7601 SP1 x86_64) (WARNING: The server did not provide any stacktrace information)
Command duration or timeout: 0 milliseconds
Build info: version: '3.7.1', revision: '8a0099a', time: '2017-11-06T21:07:36.161Z'
System info: host: 'WIN7TEST02', ip: '10.20.3.72', os.name: 'Windows 7', os.arch: 'amd64', os.version: '6.1', java.version: '1.8.0_181'
Driver info: com.kms.katalon.selenium.driver.CChromeDriver
Capabilities {acceptInsecureCerts: false, acceptSslCerts: false, applicationCacheEnabled: false, browserConnectionEnabled: false, browserName: chrome, chrome: {chromedriverVersion: 2.43.600210 (68dcf5eebde371..., userDataDir: C:\Users\Admin\AppData\Loca...}, cssSelectorsEnabled: true, databaseEnabled: false, goog:chromeOptions: {debuggerAddress: localhost:62626}, handlesAlerts: true, hasTouchScreen: false, javascriptEnabled: true, locationContextEnabled: true, mobileEmulationEnabled: false, nativeEvents: true, networkConnectionEnabled: false, pageLoadStrategy: normal, platform: XP, platformName: XP, rotatable: false, setWindowRect: true, takesHeapSnapshot: true, takesScreenshot: true, unexpectedAlertBehaviour: , unhandledPromptBehavior: , version: 70.0.3538.110, webStorageEnabled: true}
Session ID: 3dea97fc1dd1580f9d5336049e42f3c1)
	at com.kms.katalon.core.keyword.internal.KeywordMain.stepFailed(KeywordMain.groovy:32)
	at com.kms.katalon.core.webui.keyword.internal.WebUIKeywordMain.stepFailed(WebUIKeywordMain.groovy:65)
	at com.kms.katalon.core.webui.keyword.internal.WebUIKeywordMain.runKeyword(WebUIKeywordMain.groovy:27)
	at com.kms.katalon.core.webui.keyword.builtin.ClickKeyword.click(ClickKeyword.groovy:86)
	at com.kms.katalon.core.webui.keyword.builtin.ClickKeyword.execute(ClickKeyword.groovy:67)
	at com.kms.katalon.core.keyword.internal.KeywordExecutor.executeKeywordForPlatform(KeywordExecutor.groovy:53)
	at com.kms.katalon.core.webui.keyword.WebUiBuiltInKeywords.click(WebUiBuiltInKeywords.groovy:616)
	at com.kms.katalon.core.webui.keyword.WebUiBuiltInKeywords$click$2.call(Unknown Source)
	at org.codehaus.groovy.runtime.callsite.CallSiteArray.defaultCall(CallSiteArray.java:48)
	at org.codehaus.groovy.runtime.callsite.AbstractCallSite.call(AbstractCallSite.java:113)
	at org.codehaus.groovy.runtime.callsite.AbstractCallSite.call(AbstractCallSite.java:125)
	at Script1535944782532.run(Script1535944782532.groovy:165)
	at com.kms.katalon.core.main.ScriptEngine.run(ScriptEngine.java:183)
	at com.kms.katalon.core.main.ScriptEngine.runScriptAsRawText(ScriptEngine.java:108)
	at com.kms.katalon.core.main.TestCaseExecutor.runScript(TestCaseExecutor.java:294)
	at com.kms.katalon.core.main.TestCaseExecutor.doExecute(TestCaseExecutor.java:285)
	at com.kms.katalon.core.main.TestCaseExecutor.processExecutionPhase(TestCaseExecutor.java:264)
	at com.kms.katalon.core.main.TestCaseExecutor.accessMainPhase(TestCaseExecutor.java:256)
	at com.kms.katalon.core.main.TestCaseExecutor.execute(TestCaseExecutor.java:200)
	at com.kms.katalon.core.main.TestSuiteExecutor.accessTestCaseMainPhase(TestSuiteExecutor.java:129)
	at com.kms.katalon.core.main.TestSuiteExecutor.accessTestSuiteMainPhase(TestSuiteExecutor.java:112)
	at com.kms.katalon.core.main.TestSuiteExecutor.execute(TestSuiteExecutor.java:81)
	at com.kms.katalon.core.main.TestCaseMain.startTestSuite(TestCaseMain.java:142)
	at com.kms.katalon.core.main.TestCaseMain$startTestSuite$0.call(Unknown Source)
	at org.codehaus.groovy.runtime.callsite.CallSiteArray.defaultCall(CallSiteArray.java:48)
	at org.codehaus.groovy.runtime.callsite.AbstractCallSite.call(AbstractCallSite.java:113)
	at org.codehaus.groovy.runtime.callsite.AbstractCallSite.call(AbstractCallSite.java:141)
	at TempTestSuite1543982870097.run(TempTestSuite1543982870097.groovy:36)
	at groovy.lang.GroovyShell.runScriptOrMainOrTestOrRunnable(GroovyShell.java:263)
	at groovy.lang.GroovyShell.run(GroovyShell.java:518)
	at groovy.lang.GroovyShell.run(GroovyShell.java:507)
	at groovy.ui.GroovyMain.processOnce(GroovyMain.java:653)
	at groovy.ui.GroovyMain.run(GroovyMain.java:384)
	at groovy.ui.GroovyMain.process(GroovyMain.java:370)
	at groovy.ui.GroovyMain.processArgs(GroovyMain.java:129)
	at groovy.ui.GroovyMain.main(GroovyMain.java:109)
	at sun.reflect.NativeMethodAccessorImpl.invoke0(Native Method)
	at sun.reflect.NativeMethodAccessorImpl.invoke(NativeMethodAccessorImpl.java:62)
	at sun.reflect.DelegatingMethodAccessorImpl.invoke(DelegatingMethodAccessorImpl.java:43)
	at java.lang.reflect.Method.invoke(Method.java:498)
	at org.codehaus.groovy.tools.GroovyStarter.rootLoader(GroovyStarter.java:109)
	at org.codehaus.groovy.tools.GroovyStarter.main(GroovyStarter.java:131)
)]]></system-err>
      </testcase>
      <system-out><![CDATA[2018-12-05 12:07:52 - [TEST_SUITE][FAILED] - New Registration: Test Cases/Final Aug 2018 - PKS Automation/Registration Module/Workflow/New Registration/OTC - PKR BO - RO Under Enforcement(Routed 2 Time) FAILED because (of) (Stack trace: com.kms.katalon.core.exception.StepFailedException: Unable to click on object 'Object Repository/Final Object Repo/New Registration - Registration Module Pages/New Reg - OTC to RO/Special Case - All Related Objects/Continue Button in verifying case' (Root cause: org.openqa.selenium.ElementNotVisibleException: element not interactable
  (Session info: chrome=70.0.3538.110)
  (Driver info: chromedriver=2.43.600210 (68dcf5eebde37173d4027fa8635e332711d2874a),platform=Windows NT 6.1.7601 SP1 x86_64) (WARNING: The server did not provide any stacktrace information)
Command duration or timeout: 0 milliseconds
Build info: version: '3.7.1', revision: '8a0099a', time: '2017-11-06T21:07:36.161Z'
System info: host: 'WIN7TEST02', ip: '10.20.3.72', os.name: 'Windows 7', os.arch: 'amd64', os.version: '6.1', java.version: '1.8.0_181'
Driver info: com.kms.katalon.selenium.driver.CChromeDriver
Capabilities {acceptInsecureCerts: false, acceptSslCerts: false, applicationCacheEnabled: false, browserConnectionEnabled: false, browserName: chrome, chrome: {chromedriverVersion: 2.43.600210 (68dcf5eebde371..., userDataDir: C:\Users\Admin\AppData\Loca...}, cssSelectorsEnabled: true, databaseEnabled: false, goog:chromeOptions: {debuggerAddress: localhost:62626}, handlesAlerts: true, hasTouchScreen: false, javascriptEnabled: true, locationContextEnabled: true, mobileEmulationEnabled: false, nativeEvents: true, networkConnectionEnabled: false, pageLoadStrategy: normal, platform: XP, platformName: XP, rotatable: false, setWindowRect: true, takesHeapSnapshot: true, takesScreenshot: true, unexpectedAlertBehaviour: , unhandledPromptBehavior: , version: 70.0.3538.110, webStorageEnabled: true}
Session ID: 3dea97fc1dd1580f9d5336049e42f3c1)
	at com.kms.katalon.core.keyword.internal.KeywordMain.stepFailed(KeywordMain.groovy:32)
	at com.kms.katalon.core.webui.keyword.internal.WebUIKeywordMain.stepFailed(WebUIKeywordMain.groovy:65)
	at com.kms.katalon.core.webui.keyword.internal.WebUIKeywordMain.runKeyword(WebUIKeywordMain.groovy:27)
	at com.kms.katalon.core.webui.keyword.builtin.ClickKeyword.click(ClickKeyword.groovy:86)
	at com.kms.katalon.core.webui.keyword.builtin.ClickKeyword.execute(ClickKeyword.groovy:67)
	at com.kms.katalon.core.keyword.internal.KeywordExecutor.executeKeywordForPlatform(KeywordExecutor.groovy:53)
	at com.kms.katalon.core.webui.keyword.WebUiBuiltInKeywords.click(WebUiBuiltInKeywords.groovy:616)
	at com.kms.katalon.core.webui.keyword.WebUiBuiltInKeywords$click$2.call(Unknown Source)
	at org.codehaus.groovy.runtime.callsite.CallSiteArray.defaultCall(CallSiteArray.java:48)
	at org.codehaus.groovy.runtime.callsite.AbstractCallSite.call(AbstractCallSite.java:113)
	at org.codehaus.groovy.runtime.callsite.AbstractCallSite.call(AbstractCallSite.java:125)
	at Script1535944782532.run(Script1535944782532.groovy:165)
	at com.kms.katalon.core.main.ScriptEngine.run(ScriptEngine.java:183)
	at com.kms.katalon.core.main.ScriptEngine.runScriptAsRawText(ScriptEngine.java:108)
	at com.kms.katalon.core.main.TestCaseExecutor.runScript(TestCaseExecutor.java:294)
	at com.kms.katalon.core.main.TestCaseExecutor.doExecute(TestCaseExecutor.java:285)
	at com.kms.katalon.core.main.TestCaseExecutor.processExecutionPhase(TestCaseExecutor.java:264)
	at com.kms.katalon.core.main.TestCaseExecutor.accessMainPhase(TestCaseExecutor.java:256)
	at com.kms.katalon.core.main.TestCaseExecutor.execute(TestCaseExecutor.java:200)
	at com.kms.katalon.core.main.TestSuiteExecutor.accessTestCaseMainPhase(TestSuiteExecutor.java:129)
	at com.kms.katalon.core.main.TestSuiteExecutor.accessTestSuiteMainPhase(TestSuiteExecutor.java:112)
	at com.kms.katalon.core.main.TestSuiteExecutor.execute(TestSuiteExecutor.java:81)
	at com.kms.katalon.core.main.TestCaseMain.startTestSuite(TestCaseMain.java:142)
	at com.kms.katalon.core.main.TestCaseMain$startTestSuite$0.call(Unknown Source)
	at org.codehaus.groovy.runtime.callsite.CallSiteArray.defaultCall(CallSiteArray.java:48)
	at org.codehaus.groovy.runtime.callsite.AbstractCallSite.call(AbstractCallSite.java:113)
	at org.codehaus.groovy.runtime.callsite.AbstractCallSite.call(AbstractCallSite.java:141)
	at TempTestSuite1543982870097.run(TempTestSuite1543982870097.groovy:36)
	at groovy.lang.GroovyShell.runScriptOrMainOrTestOrRunnable(GroovyShell.java:263)
	at groovy.lang.GroovyShell.run(GroovyShell.java:518)
	at groovy.lang.GroovyShell.run(GroovyShell.java:507)
	at groovy.ui.GroovyMain.processOnce(GroovyMain.java:653)
	at groovy.ui.GroovyMain.run(GroovyMain.java:384)
	at groovy.ui.GroovyMain.process(GroovyMain.java:370)
	at groovy.ui.GroovyMain.processArgs(GroovyMain.java:129)
	at groovy.ui.GroovyMain.main(GroovyMain.java:109)
	at sun.reflect.NativeMethodAccessorImpl.invoke0(Native Method)
	at sun.reflect.NativeMethodAccessorImpl.invoke(NativeMethodAccessorImpl.java:62)
	at sun.reflect.DelegatingMethodAccessorImpl.invoke(DelegatingMethodAccessorImpl.java:43)
	at java.lang.reflect.Method.invoke(Method.java:498)
	at org.codehaus.groovy.tools.GroovyStarter.rootLoader(GroovyStarter.java:109)
	at org.codehaus.groovy.tools.GroovyStarter.main(GroovyStarter.java:131)
)]]></system-out>
      <system-err><![CDATA[2018-12-05 12:07:52 - [TEST_SUITE][FAILED] - New Registration: Test Cases/Final Aug 2018 - PKS Automation/Registration Module/Workflow/New Registration/OTC - PKR BO - RO Under Enforcement(Routed 2 Time) FAILED because (of) (Stack trace: com.kms.katalon.core.exception.StepFailedException: Unable to click on object 'Object Repository/Final Object Repo/New Registration - Registration Module Pages/New Reg - OTC to RO/Special Case - All Related Objects/Continue Button in verifying case' (Root cause: org.openqa.selenium.ElementNotVisibleException: element not interactable
  (Session info: chrome=70.0.3538.110)
  (Driver info: chromedriver=2.43.600210 (68dcf5eebde37173d4027fa8635e332711d2874a),platform=Windows NT 6.1.7601 SP1 x86_64) (WARNING: The server did not provide any stacktrace information)
Command duration or timeout: 0 milliseconds
Build info: version: '3.7.1', revision: '8a0099a', time: '2017-11-06T21:07:36.161Z'
System info: host: 'WIN7TEST02', ip: '10.20.3.72', os.name: 'Windows 7', os.arch: 'amd64', os.version: '6.1', java.version: '1.8.0_181'
Driver info: com.kms.katalon.selenium.driver.CChromeDriver
Capabilities {acceptInsecureCerts: false, acceptSslCerts: false, applicationCacheEnabled: false, browserConnectionEnabled: false, browserName: chrome, chrome: {chromedriverVersion: 2.43.600210 (68dcf5eebde371..., userDataDir: C:\Users\Admin\AppData\Loca...}, cssSelectorsEnabled: true, databaseEnabled: false, goog:chromeOptions: {debuggerAddress: localhost:62626}, handlesAlerts: true, hasTouchScreen: false, javascriptEnabled: true, locationContextEnabled: true, mobileEmulationEnabled: false, nativeEvents: true, networkConnectionEnabled: false, pageLoadStrategy: normal, platform: XP, platformName: XP, rotatable: false, setWindowRect: true, takesHeapSnapshot: true, takesScreenshot: true, unexpectedAlertBehaviour: , unhandledPromptBehavior: , version: 70.0.3538.110, webStorageEnabled: true}
Session ID: 3dea97fc1dd1580f9d5336049e42f3c1)
	at com.kms.katalon.core.keyword.internal.KeywordMain.stepFailed(KeywordMain.groovy:32)
	at com.kms.katalon.core.webui.keyword.internal.WebUIKeywordMain.stepFailed(WebUIKeywordMain.groovy:65)
	at com.kms.katalon.core.webui.keyword.internal.WebUIKeywordMain.runKeyword(WebUIKeywordMain.groovy:27)
	at com.kms.katalon.core.webui.keyword.builtin.ClickKeyword.click(ClickKeyword.groovy:86)
	at com.kms.katalon.core.webui.keyword.builtin.ClickKeyword.execute(ClickKeyword.groovy:67)
	at com.kms.katalon.core.keyword.internal.KeywordExecutor.executeKeywordForPlatform(KeywordExecutor.groovy:53)
	at com.kms.katalon.core.webui.keyword.WebUiBuiltInKeywords.click(WebUiBuiltInKeywords.groovy:616)
	at com.kms.katalon.core.webui.keyword.WebUiBuiltInKeywords$click$2.call(Unknown Source)
	at org.codehaus.groovy.runtime.callsite.CallSiteArray.defaultCall(CallSiteArray.java:48)
	at org.codehaus.groovy.runtime.callsite.AbstractCallSite.call(AbstractCallSite.java:113)
	at org.codehaus.groovy.runtime.callsite.AbstractCallSite.call(AbstractCallSite.java:125)
	at Script1535944782532.run(Script1535944782532.groovy:165)
	at com.kms.katalon.core.main.ScriptEngine.run(ScriptEngine.java:183)
	at com.kms.katalon.core.main.ScriptEngine.runScriptAsRawText(ScriptEngine.java:108)
	at com.kms.katalon.core.main.TestCaseExecutor.runScript(TestCaseExecutor.java:294)
	at com.kms.katalon.core.main.TestCaseExecutor.doExecute(TestCaseExecutor.java:285)
	at com.kms.katalon.core.main.TestCaseExecutor.processExecutionPhase(TestCaseExecutor.java:264)
	at com.kms.katalon.core.main.TestCaseExecutor.accessMainPhase(TestCaseExecutor.java:256)
	at com.kms.katalon.core.main.TestCaseExecutor.execute(TestCaseExecutor.java:200)
	at com.kms.katalon.core.main.TestSuiteExecutor.accessTestCaseMainPhase(TestSuiteExecutor.java:129)
	at com.kms.katalon.core.main.TestSuiteExecutor.accessTestSuiteMainPhase(TestSuiteExecutor.java:112)
	at com.kms.katalon.core.main.TestSuiteExecutor.execute(TestSuiteExecutor.java:81)
	at com.kms.katalon.core.main.TestCaseMain.startTestSuite(TestCaseMain.java:142)
	at com.kms.katalon.core.main.TestCaseMain$startTestSuite$0.call(Unknown Source)
	at org.codehaus.groovy.runtime.callsite.CallSiteArray.defaultCall(CallSiteArray.java:48)
	at org.codehaus.groovy.runtime.callsite.AbstractCallSite.call(AbstractCallSite.java:113)
	at org.codehaus.groovy.runtime.callsite.AbstractCallSite.call(AbstractCallSite.java:141)
	at TempTestSuite1543982870097.run(TempTestSuite1543982870097.groovy:36)
	at groovy.lang.GroovyShell.runScriptOrMainOrTestOrRunnable(GroovyShell.java:263)
	at groovy.lang.GroovyShell.run(GroovyShell.java:518)
	at groovy.lang.GroovyShell.run(GroovyShell.java:507)
	at groovy.ui.GroovyMain.processOnce(GroovyMain.java:653)
	at groovy.ui.GroovyMain.run(GroovyMain.java:384)
	at groovy.ui.GroovyMain.process(GroovyMain.java:370)
	at groovy.ui.GroovyMain.processArgs(GroovyMain.java:129)
	at groovy.ui.GroovyMain.main(GroovyMain.java:109)
	at sun.reflect.NativeMethodAccessorImpl.invoke0(Native Method)
	at sun.reflect.NativeMethodAccessorImpl.invoke(NativeMethodAccessorImpl.java:62)
	at sun.reflect.DelegatingMethodAccessorImpl.invoke(DelegatingMethodAccessorImpl.java:43)
	at java.lang.reflect.Method.invoke(Method.java:498)
	at org.codehaus.groovy.tools.GroovyStarter.rootLoader(GroovyStarter.java:109)
	at org.codehaus.groovy.tools.GroovyStarter.main(GroovyStarter.java:131)
)]]></system-err>
   </testsuite>
</testsuites>
