<?xml version="1.0" encoding="UTF-8"?>
<testsuites name="Form 3 EIS - Cessation as Employer" time="4017" tests="10" failures="2" errors="0">
   <testsuite name="Form 3 EIS - Cessation as Employer" tests="10" failures="2" errors="0" time="4017" timestamp="2019-01-03 13:52:22" hostname="Admin - Win7Test02" id="Test Suites/Workflow/Form 3 EIS - Cessation as Employer">
      <properties>
         <property name="deviceName" value=""/>
         <property name="devicePlatform" value=""/>
         <property name="logFolder" value="C:\\Users\\Admin\\Desktop\\PKS\\Perkeso Phase A\\Reports\\Workflow\\Form 3 EIS - Cessation as Employer\\20190103_102114"/>
         <property name="logFiles" value="C:\\Users\\Admin\\Desktop\\PKS\\Perkeso Phase A\\Reports\\Workflow\\Form 3 EIS - Cessation as Employer\\20190103_102114\\execution0.log"/>
         <property name="attachments" value="C:\\Users\\Admin\\Desktop\\PKS\\Perkeso Phase A\\Reports\\Workflow\\Form 3 EIS - Cessation as Employer\\20190103_102114\\1546495288947.png, C:\\Users\\Admin\\Desktop\\PKS\\Perkeso Phase A\\Reports\\Workflow\\Form 3 EIS - Cessation as Employer\\20190103_102114\\1546495327067.png, C:\\Users\\Admin\\Desktop\\PKS\\Perkeso Phase A\\Reports\\Workflow\\Form 3 EIS - Cessation as Employer\\20190103_102114\\1546495367121.png, C:\\Users\\Admin\\Desktop\\PKS\\Perkeso Phase A\\Reports\\Workflow\\Form 3 EIS - Cessation as Employer\\20190103_102114\\1546495398972.png, C:\\Users\\Admin\\Desktop\\PKS\\Perkeso Phase A\\Reports\\Workflow\\Form 3 EIS - Cessation as Employer\\20190103_102114\\1546495432878.png, C:\\Users\\Admin\\Desktop\\PKS\\Perkeso Phase A\\Reports\\Workflow\\Form 3 EIS - Cessation as Employer\\20190103_102114\\1546495470721.png, C:\\Users\\Admin\\Desktop\\PKS\\Perkeso Phase A\\Reports\\Workflow\\Form 3 EIS - Cessation as Employer\\20190103_102114\\1546495515250.png, C:\\Users\\Admin\\Desktop\\PKS\\Perkeso Phase A\\Reports\\Workflow\\Form 3 EIS - Cessation as Employer\\20190103_102114\\1546495556424.png, C:\\Users\\Admin\\Desktop\\PKS\\Perkeso Phase A\\Reports\\Workflow\\Form 3 EIS - Cessation as Employer\\20190103_102114\\1546495590770.png, C:\\Users\\Admin\\Desktop\\PKS\\Perkeso Phase A\\Reports\\Workflow\\Form 3 EIS - Cessation as Employer\\20190103_102114\\1546495626708.png, C:\\Users\\Admin\\Desktop\\PKS\\Perkeso Phase A\\Reports\\Workflow\\Form 3 EIS - Cessation as Employer\\20190103_102114\\1546495661852.png, C:\\Users\\Admin\\Desktop\\PKS\\Perkeso Phase A\\Reports\\Workflow\\Form 3 EIS - Cessation as Employer\\20190103_102114\\1546496485781.png, C:\\Users\\Admin\\Desktop\\PKS\\Perkeso Phase A\\Reports\\Workflow\\Form 3 EIS - Cessation as Employer\\20190103_102114\\1546496523552.png, C:\\Users\\Admin\\Desktop\\PKS\\Perkeso Phase A\\Reports\\Workflow\\Form 3 EIS - Cessation as Employer\\20190103_102114\\1546496563324.png, C:\\Users\\Admin\\Desktop\\PKS\\Perkeso Phase A\\Reports\\Workflow\\Form 3 EIS - Cessation as Employer\\20190103_102114\\1546496595155.png, C:\\Users\\Admin\\Desktop\\PKS\\Perkeso Phase A\\Reports\\Workflow\\Form 3 EIS - Cessation as Employer\\20190103_102114\\1546496628990.png, C:\\Users\\Admin\\Desktop\\PKS\\Perkeso Phase A\\Reports\\Workflow\\Form 3 EIS - Cessation as Employer\\20190103_102114\\1546496666642.png, C:\\Users\\Admin\\Desktop\\PKS\\Perkeso Phase A\\Reports\\Workflow\\Form 3 EIS - Cessation as Employer\\20190103_102114\\1546496711085.png, C:\\Users\\Admin\\Desktop\\PKS\\Perkeso Phase A\\Reports\\Workflow\\Form 3 EIS - Cessation as Employer\\20190103_102114\\1546496752277.png, C:\\Users\\Admin\\Desktop\\PKS\\Perkeso Phase A\\Reports\\Workflow\\Form 3 EIS - Cessation as Employer\\20190103_102114\\1546496786584.png, C:\\Users\\Admin\\Desktop\\PKS\\Perkeso Phase A\\Reports\\Workflow\\Form 3 EIS - Cessation as Employer\\20190103_102114\\1546496822424.png, C:\\Users\\Admin\\Desktop\\PKS\\Perkeso Phase A\\Reports\\Workflow\\Form 3 EIS - Cessation as Employer\\20190103_102114\\1546496857425.png, C:\\Users\\Admin\\Desktop\\PKS\\Perkeso Phase A\\Reports\\Workflow\\Form 3 EIS - Cessation as Employer\\20190103_102114\\1546496934924.png, C:\\Users\\Admin\\Desktop\\PKS\\Perkeso Phase A\\Reports\\Workflow\\Form 3 EIS - Cessation as Employer\\20190103_102114\\1546496971228.png"/>
         <property name="hostName" value="Admin - Win7Test02"/>
         <property name="os" value="Windows 7 64bit"/>
         <property name="katalonVersion" value="5.8.6.1"/>
         <property name="browser" value="Chrome 71.0.3578.98"/>
         <property name="hostAddress" value="10.20.3.72"/>
         <property name="sessionId" value="60c125ee2b2f633d64e249b35cddb05f"/>
         <property name="seleniumVersion" value="3.7.1"/>
         <property name="proxyInformation" value="ProxyInformation{proxyOption=NO_PROXY, proxyServerType=HTTP, password=, proxyServerAddress=, proxyServerPort=0}"/>
         <property name="platform" value="Windows 7"/>
      </properties>
      <testcase name="Test Cases/Final Aug 2018 - PKS Automation/Registration Module/Workflow/Form 3 EIS - Cessation As Employer/Employer to UO (Approve)" classname="Test Cases/Final Aug 2018 - PKS Automation/Registration Module/Workflow/Form 3 EIS - Cessation As Employer/Employer to UO (Approve)" status="FAILED">
         <failure type="FAILED" message="(Stack trace: com.kms.katalon.core.exception.StepFailedException: Unable to click on object 'Object Repository/Final Object Repo/Page_Form 3 EIS - Cessation as Employer/Set Latest - Yes' (Root cause: com.kms.katalon.core.webui.exception.WebElementNotFoundException: Web element with id: 'Object Repository/Final Object Repo/Page_Form 3 EIS - Cessation as Employer/Set Latest - Yes' located by 'By.xpath: //span[@id = 'confirmword' and (text() = 'Yes' or . = 'Yes')]' not found)
	at com.kms.katalon.core.keyword.internal.KeywordMain.stepFailed(KeywordMain.groovy:32)
	at com.kms.katalon.core.webui.keyword.internal.WebUIKeywordMain.stepFailed(WebUIKeywordMain.groovy:65)
	at com.kms.katalon.core.webui.keyword.internal.WebUIKeywordMain.runKeyword(WebUIKeywordMain.groovy:27)
	at com.kms.katalon.core.webui.keyword.builtin.ClickKeyword.click(ClickKeyword.groovy:86)
	at com.kms.katalon.core.webui.keyword.builtin.ClickKeyword.execute(ClickKeyword.groovy:67)
	at com.kms.katalon.core.keyword.internal.KeywordExecutor.executeKeywordForPlatform(KeywordExecutor.groovy:53)
	at com.kms.katalon.core.webui.keyword.WebUiBuiltInKeywords.click(WebUiBuiltInKeywords.groovy:616)
	at com.kms.katalon.core.webui.keyword.WebUiBuiltInKeywords$click$2.call(Unknown Source)
	at org.codehaus.groovy.runtime.callsite.CallSiteArray.defaultCall(CallSiteArray.java:48)
	at org.codehaus.groovy.runtime.callsite.AbstractCallSite.call(AbstractCallSite.java:113)
	at org.codehaus.groovy.runtime.callsite.AbstractCallSite.call(AbstractCallSite.java:125)
	at Script1536732166908.run(Script1536732166908.groovy:82)
	at com.kms.katalon.core.main.ScriptEngine.run(ScriptEngine.java:183)
	at com.kms.katalon.core.main.ScriptEngine.runScriptAsRawText(ScriptEngine.java:108)
	at com.kms.katalon.core.main.TestCaseExecutor.runScript(TestCaseExecutor.java:294)
	at com.kms.katalon.core.main.TestCaseExecutor.doExecute(TestCaseExecutor.java:285)
	at com.kms.katalon.core.main.TestCaseExecutor.processExecutionPhase(TestCaseExecutor.java:264)
	at com.kms.katalon.core.main.TestCaseExecutor.accessMainPhase(TestCaseExecutor.java:256)
	at com.kms.katalon.core.main.TestCaseExecutor.execute(TestCaseExecutor.java:200)
	at com.kms.katalon.core.main.TestCaseMain.runTestCase(TestCaseMain.java:99)
	at com.kms.katalon.core.keyword.builtin.CallTestCaseKeyword$_callTestCase_closure1.doCall(CallTestCaseKeyword.groovy:60)
	at com.kms.katalon.core.keyword.builtin.CallTestCaseKeyword$_callTestCase_closure1.call(CallTestCaseKeyword.groovy)
	at com.kms.katalon.core.keyword.internal.KeywordMain.runKeyword(KeywordMain.groovy:54)
	at com.kms.katalon.core.keyword.builtin.CallTestCaseKeyword.callTestCase(CallTestCaseKeyword.groovy:81)
	at com.kms.katalon.core.keyword.builtin.CallTestCaseKeyword.execute(CallTestCaseKeyword.groovy:45)
	at com.kms.katalon.core.keyword.internal.KeywordExecutor.executeKeywordForPlatform(KeywordExecutor.groovy:53)
	at com.kms.katalon.core.keyword.BuiltinKeywords.callTestCase(BuiltinKeywords.groovy:334)
	at sun.reflect.NativeMethodAccessorImpl.invoke0(Native Method)
	at sun.reflect.NativeMethodAccessorImpl.invoke(NativeMethodAccessorImpl.java:62)
	at sun.reflect.DelegatingMethodAccessorImpl.invoke(DelegatingMethodAccessorImpl.java:43)
	at java.lang.reflect.Method.invoke(Method.java:498)
	at org.codehaus.groovy.reflection.CachedMethod.invoke(CachedMethod.java:93)
	at groovy.lang.MetaMethod.doMethodInvoke(MetaMethod.java:325)
	at groovy.lang.MetaClassImpl.invokeStaticMethod(MetaClassImpl.java:1469)
	at org.codehaus.groovy.runtime.callsite.StaticMetaClassSite.call(StaticMetaClassSite.java:53)
	at org.codehaus.groovy.runtime.callsite.CallSiteArray.defaultCall(CallSiteArray.java:48)
	at org.codehaus.groovy.runtime.callsite.AbstractCallSite.call(AbstractCallSite.java:113)
	at org.codehaus.groovy.runtime.callsite.AbstractCallSite.call(AbstractCallSite.java:141)
	at Script1536733676931.run(Script1536733676931.groovy:22)
	at com.kms.katalon.core.main.ScriptEngine.run(ScriptEngine.java:183)
	at com.kms.katalon.core.main.ScriptEngine.runScriptAsRawText(ScriptEngine.java:108)
	at com.kms.katalon.core.main.TestCaseExecutor.runScript(TestCaseExecutor.java:294)
	at com.kms.katalon.core.main.TestCaseExecutor.doExecute(TestCaseExecutor.java:285)
	at com.kms.katalon.core.main.TestCaseExecutor.processExecutionPhase(TestCaseExecutor.java:264)
	at com.kms.katalon.core.main.TestCaseExecutor.accessMainPhase(TestCaseExecutor.java:256)
	at com.kms.katalon.core.main.TestCaseExecutor.execute(TestCaseExecutor.java:200)
	at com.kms.katalon.core.main.TestSuiteExecutor.accessTestCaseMainPhase(TestSuiteExecutor.java:129)
	at com.kms.katalon.core.main.TestSuiteExecutor.accessTestSuiteMainPhase(TestSuiteExecutor.java:112)
	at com.kms.katalon.core.main.TestSuiteExecutor.execute(TestSuiteExecutor.java:81)
	at com.kms.katalon.core.main.TestCaseMain.startTestSuite(TestCaseMain.java:142)
	at com.kms.katalon.core.main.TestCaseMain$startTestSuite$0.call(Unknown Source)
	at org.codehaus.groovy.runtime.callsite.CallSiteArray.defaultCall(CallSiteArray.java:48)
	at org.codehaus.groovy.runtime.callsite.AbstractCallSite.call(AbstractCallSite.java:113)
	at org.codehaus.groovy.runtime.callsite.AbstractCallSite.call(AbstractCallSite.java:141)
	at TempTestSuite1546482074058.run(TempTestSuite1546482074058.groovy:36)
	at groovy.lang.GroovyShell.runScriptOrMainOrTestOrRunnable(GroovyShell.java:263)
	at groovy.lang.GroovyShell.run(GroovyShell.java:518)
	at groovy.lang.GroovyShell.run(GroovyShell.java:507)
	at groovy.ui.GroovyMain.processOnce(GroovyMain.java:653)
	at groovy.ui.GroovyMain.run(GroovyMain.java:384)
	at groovy.ui.GroovyMain.process(GroovyMain.java:370)
	at groovy.ui.GroovyMain.processArgs(GroovyMain.java:129)
	at groovy.ui.GroovyMain.main(GroovyMain.java:109)
	at sun.reflect.NativeMethodAccessorImpl.invoke0(Native Method)
	at sun.reflect.NativeMethodAccessorImpl.invoke(NativeMethodAccessorImpl.java:62)
	at sun.reflect.DelegatingMethodAccessorImpl.invoke(DelegatingMethodAccessorImpl.java:43)
	at java.lang.reflect.Method.invoke(Method.java:498)
	at org.codehaus.groovy.tools.GroovyStarter.rootLoader(GroovyStarter.java:109)
	at org.codehaus.groovy.tools.GroovyStarter.main(GroovyStarter.java:131)
)"/>
         <system-out><![CDATA[2019-01-03 13:52:23 - [TEST_CASE][FAILED] - Test Cases/Final Aug 2018 - PKS Automation/Registration Module/Workflow/Form 3 EIS - Cessation As Employer/Employer to UO (Approve): Test Cases/Final Aug 2018 - PKS Automation/Registration Module/Workflow/Form 3 EIS - Cessation As Employer/Employer to UO (Approve) FAILED because (of) (Stack trace: com.kms.katalon.core.exception.StepFailedException: Unable to click on object 'Object Repository/Final Object Repo/Page_Form 3 EIS - Cessation as Employer/Set Latest - Yes' (Root cause: com.kms.katalon.core.webui.exception.WebElementNotFoundException: Web element with id: 'Object Repository/Final Object Repo/Page_Form 3 EIS - Cessation as Employer/Set Latest - Yes' located by 'By.xpath: //span[@id = 'confirmword' and (text() = 'Yes' or . = 'Yes')]' not found)
	at com.kms.katalon.core.keyword.internal.KeywordMain.stepFailed(KeywordMain.groovy:32)
	at com.kms.katalon.core.webui.keyword.internal.WebUIKeywordMain.stepFailed(WebUIKeywordMain.groovy:65)
	at com.kms.katalon.core.webui.keyword.internal.WebUIKeywordMain.runKeyword(WebUIKeywordMain.groovy:27)
	at com.kms.katalon.core.webui.keyword.builtin.ClickKeyword.click(ClickKeyword.groovy:86)
	at com.kms.katalon.core.webui.keyword.builtin.ClickKeyword.execute(ClickKeyword.groovy:67)
	at com.kms.katalon.core.keyword.internal.KeywordExecutor.executeKeywordForPlatform(KeywordExecutor.groovy:53)
	at com.kms.katalon.core.webui.keyword.WebUiBuiltInKeywords.click(WebUiBuiltInKeywords.groovy:616)
	at com.kms.katalon.core.webui.keyword.WebUiBuiltInKeywords$click$2.call(Unknown Source)
	at org.codehaus.groovy.runtime.callsite.CallSiteArray.defaultCall(CallSiteArray.java:48)
	at org.codehaus.groovy.runtime.callsite.AbstractCallSite.call(AbstractCallSite.java:113)
	at org.codehaus.groovy.runtime.callsite.AbstractCallSite.call(AbstractCallSite.java:125)
	at Script1536732166908.run(Script1536732166908.groovy:82)
	at com.kms.katalon.core.main.ScriptEngine.run(ScriptEngine.java:183)
	at com.kms.katalon.core.main.ScriptEngine.runScriptAsRawText(ScriptEngine.java:108)
	at com.kms.katalon.core.main.TestCaseExecutor.runScript(TestCaseExecutor.java:294)
	at com.kms.katalon.core.main.TestCaseExecutor.doExecute(TestCaseExecutor.java:285)
	at com.kms.katalon.core.main.TestCaseExecutor.processExecutionPhase(TestCaseExecutor.java:264)
	at com.kms.katalon.core.main.TestCaseExecutor.accessMainPhase(TestCaseExecutor.java:256)
	at com.kms.katalon.core.main.TestCaseExecutor.execute(TestCaseExecutor.java:200)
	at com.kms.katalon.core.main.TestCaseMain.runTestCase(TestCaseMain.java:99)
	at com.kms.katalon.core.keyword.builtin.CallTestCaseKeyword$_callTestCase_closure1.doCall(CallTestCaseKeyword.groovy:60)
	at com.kms.katalon.core.keyword.builtin.CallTestCaseKeyword$_callTestCase_closure1.call(CallTestCaseKeyword.groovy)
	at com.kms.katalon.core.keyword.internal.KeywordMain.runKeyword(KeywordMain.groovy:54)
	at com.kms.katalon.core.keyword.builtin.CallTestCaseKeyword.callTestCase(CallTestCaseKeyword.groovy:81)
	at com.kms.katalon.core.keyword.builtin.CallTestCaseKeyword.execute(CallTestCaseKeyword.groovy:45)
	at com.kms.katalon.core.keyword.internal.KeywordExecutor.executeKeywordForPlatform(KeywordExecutor.groovy:53)
	at com.kms.katalon.core.keyword.BuiltinKeywords.callTestCase(BuiltinKeywords.groovy:334)
	at sun.reflect.NativeMethodAccessorImpl.invoke0(Native Method)
	at sun.reflect.NativeMethodAccessorImpl.invoke(NativeMethodAccessorImpl.java:62)
	at sun.reflect.DelegatingMethodAccessorImpl.invoke(DelegatingMethodAccessorImpl.java:43)
	at java.lang.reflect.Method.invoke(Method.java:498)
	at org.codehaus.groovy.reflection.CachedMethod.invoke(CachedMethod.java:93)
	at groovy.lang.MetaMethod.doMethodInvoke(MetaMethod.java:325)
	at groovy.lang.MetaClassImpl.invokeStaticMethod(MetaClassImpl.java:1469)
	at org.codehaus.groovy.runtime.callsite.StaticMetaClassSite.call(StaticMetaClassSite.java:53)
	at org.codehaus.groovy.runtime.callsite.CallSiteArray.defaultCall(CallSiteArray.java:48)
	at org.codehaus.groovy.runtime.callsite.AbstractCallSite.call(AbstractCallSite.java:113)
	at org.codehaus.groovy.runtime.callsite.AbstractCallSite.call(AbstractCallSite.java:141)
	at Script1536733676931.run(Script1536733676931.groovy:22)
	at com.kms.katalon.core.main.ScriptEngine.run(ScriptEngine.java:183)
	at com.kms.katalon.core.main.ScriptEngine.runScriptAsRawText(ScriptEngine.java:108)
	at com.kms.katalon.core.main.TestCaseExecutor.runScript(TestCaseExecutor.java:294)
	at com.kms.katalon.core.main.TestCaseExecutor.doExecute(TestCaseExecutor.java:285)
	at com.kms.katalon.core.main.TestCaseExecutor.processExecutionPhase(TestCaseExecutor.java:264)
	at com.kms.katalon.core.main.TestCaseExecutor.accessMainPhase(TestCaseExecutor.java:256)
	at com.kms.katalon.core.main.TestCaseExecutor.execute(TestCaseExecutor.java:200)
	at com.kms.katalon.core.main.TestSuiteExecutor.accessTestCaseMainPhase(TestSuiteExecutor.java:129)
	at com.kms.katalon.core.main.TestSuiteExecutor.accessTestSuiteMainPhase(TestSuiteExecutor.java:112)
	at com.kms.katalon.core.main.TestSuiteExecutor.execute(TestSuiteExecutor.java:81)
	at com.kms.katalon.core.main.TestCaseMain.startTestSuite(TestCaseMain.java:142)
	at com.kms.katalon.core.main.TestCaseMain$startTestSuite$0.call(Unknown Source)
	at org.codehaus.groovy.runtime.callsite.CallSiteArray.defaultCall(CallSiteArray.java:48)
	at org.codehaus.groovy.runtime.callsite.AbstractCallSite.call(AbstractCallSite.java:113)
	at org.codehaus.groovy.runtime.callsite.AbstractCallSite.call(AbstractCallSite.java:141)
	at TempTestSuite1546482074058.run(TempTestSuite1546482074058.groovy:36)
	at groovy.lang.GroovyShell.runScriptOrMainOrTestOrRunnable(GroovyShell.java:263)
	at groovy.lang.GroovyShell.run(GroovyShell.java:518)
	at groovy.lang.GroovyShell.run(GroovyShell.java:507)
	at groovy.ui.GroovyMain.processOnce(GroovyMain.java:653)
	at groovy.ui.GroovyMain.run(GroovyMain.java:384)
	at groovy.ui.GroovyMain.process(GroovyMain.java:370)
	at groovy.ui.GroovyMain.processArgs(GroovyMain.java:129)
	at groovy.ui.GroovyMain.main(GroovyMain.java:109)
	at sun.reflect.NativeMethodAccessorImpl.invoke0(Native Method)
	at sun.reflect.NativeMethodAccessorImpl.invoke(NativeMethodAccessorImpl.java:62)
	at sun.reflect.DelegatingMethodAccessorImpl.invoke(DelegatingMethodAccessorImpl.java:43)
	at java.lang.reflect.Method.invoke(Method.java:498)
	at org.codehaus.groovy.tools.GroovyStarter.rootLoader(GroovyStarter.java:109)
	at org.codehaus.groovy.tools.GroovyStarter.main(GroovyStarter.java:131)
)

2019-01-03 13:52:23 - [TEST_STEP][FAILED] - callTestCase: Unable to call Test Case with id 'Test Cases/Final Aug 2018 - PKS Automation/Registration Module/Workflow/Form 3 EIS - Cessation As Employer/Template/Form 3 A - Cessation As Employer (Employer)' (Root cause: Call Test Case 'Test Cases/Final Aug 2018 - PKS Automation/Registration Module/Workflow/Form 3 EIS - Cessation As Employer/Template/Form 3 A - Cessation As Employer (Employer)' failed)

2019-01-03 13:52:23 - [TEST_CASE][FAILED] - Test Cases/Final Aug 2018 - PKS Automation/Registration Module/Workflow/Form 3 EIS - Cessation As Employer/Template/Form 3 A - Cessation As Employer (Employer): Test Cases/Final Aug 2018 - PKS Automation/Registration Module/Workflow/Form 3 EIS - Cessation As Employer/Template/Form 3 A - Cessation As Employer (Employer) FAILED because (of) (Stack trace: com.kms.katalon.core.exception.StepFailedException: Unable to click on object 'Object Repository/Final Object Repo/Page_Form 3 EIS - Cessation as Employer/Set Latest - Yes' (Root cause: com.kms.katalon.core.webui.exception.WebElementNotFoundException: Web element with id: 'Object Repository/Final Object Repo/Page_Form 3 EIS - Cessation as Employer/Set Latest - Yes' located by 'By.xpath: //span[@id = 'confirmword' and (text() = 'Yes' or . = 'Yes')]' not found)
	at com.kms.katalon.core.keyword.internal.KeywordMain.stepFailed(KeywordMain.groovy:32)
	at com.kms.katalon.core.webui.keyword.internal.WebUIKeywordMain.stepFailed(WebUIKeywordMain.groovy:65)
	at com.kms.katalon.core.webui.keyword.internal.WebUIKeywordMain.runKeyword(WebUIKeywordMain.groovy:27)
	at com.kms.katalon.core.webui.keyword.builtin.ClickKeyword.click(ClickKeyword.groovy:86)
	at com.kms.katalon.core.webui.keyword.builtin.ClickKeyword.execute(ClickKeyword.groovy:67)
	at com.kms.katalon.core.keyword.internal.KeywordExecutor.executeKeywordForPlatform(KeywordExecutor.groovy:53)
	at com.kms.katalon.core.webui.keyword.WebUiBuiltInKeywords.click(WebUiBuiltInKeywords.groovy:616)
	at com.kms.katalon.core.webui.keyword.WebUiBuiltInKeywords$click$2.call(Unknown Source)
	at org.codehaus.groovy.runtime.callsite.CallSiteArray.defaultCall(CallSiteArray.java:48)
	at org.codehaus.groovy.runtime.callsite.AbstractCallSite.call(AbstractCallSite.java:113)
	at org.codehaus.groovy.runtime.callsite.AbstractCallSite.call(AbstractCallSite.java:125)
	at Script1536732166908.run(Script1536732166908.groovy:82)
	at com.kms.katalon.core.main.ScriptEngine.run(ScriptEngine.java:183)
	at com.kms.katalon.core.main.ScriptEngine.runScriptAsRawText(ScriptEngine.java:108)
	at com.kms.katalon.core.main.TestCaseExecutor.runScript(TestCaseExecutor.java:294)
	at com.kms.katalon.core.main.TestCaseExecutor.doExecute(TestCaseExecutor.java:285)
	at com.kms.katalon.core.main.TestCaseExecutor.processExecutionPhase(TestCaseExecutor.java:264)
	at com.kms.katalon.core.main.TestCaseExecutor.accessMainPhase(TestCaseExecutor.java:256)
	at com.kms.katalon.core.main.TestCaseExecutor.execute(TestCaseExecutor.java:200)
	at com.kms.katalon.core.main.TestCaseMain.runTestCase(TestCaseMain.java:99)
	at com.kms.katalon.core.keyword.builtin.CallTestCaseKeyword$_callTestCase_closure1.doCall(CallTestCaseKeyword.groovy:60)
	at com.kms.katalon.core.keyword.builtin.CallTestCaseKeyword$_callTestCase_closure1.call(CallTestCaseKeyword.groovy)
	at com.kms.katalon.core.keyword.internal.KeywordMain.runKeyword(KeywordMain.groovy:54)
	at com.kms.katalon.core.keyword.builtin.CallTestCaseKeyword.callTestCase(CallTestCaseKeyword.groovy:81)
	at com.kms.katalon.core.keyword.builtin.CallTestCaseKeyword.execute(CallTestCaseKeyword.groovy:45)
	at com.kms.katalon.core.keyword.internal.KeywordExecutor.executeKeywordForPlatform(KeywordExecutor.groovy:53)
	at com.kms.katalon.core.keyword.BuiltinKeywords.callTestCase(BuiltinKeywords.groovy:334)
	at sun.reflect.NativeMethodAccessorImpl.invoke0(Native Method)
	at sun.reflect.NativeMethodAccessorImpl.invoke(NativeMethodAccessorImpl.java:62)
	at sun.reflect.DelegatingMethodAccessorImpl.invoke(DelegatingMethodAccessorImpl.java:43)
	at java.lang.reflect.Method.invoke(Method.java:498)
	at org.codehaus.groovy.reflection.CachedMethod.invoke(CachedMethod.java:93)
	at groovy.lang.MetaMethod.doMethodInvoke(MetaMethod.java:325)
	at groovy.lang.MetaClassImpl.invokeStaticMethod(MetaClassImpl.java:1469)
	at org.codehaus.groovy.runtime.callsite.StaticMetaClassSite.call(StaticMetaClassSite.java:53)
	at org.codehaus.groovy.runtime.callsite.CallSiteArray.defaultCall(CallSiteArray.java:48)
	at org.codehaus.groovy.runtime.callsite.AbstractCallSite.call(AbstractCallSite.java:113)
	at org.codehaus.groovy.runtime.callsite.AbstractCallSite.call(AbstractCallSite.java:141)
	at Script1536733676931.run(Script1536733676931.groovy:22)
	at com.kms.katalon.core.main.ScriptEngine.run(ScriptEngine.java:183)
	at com.kms.katalon.core.main.ScriptEngine.runScriptAsRawText(ScriptEngine.java:108)
	at com.kms.katalon.core.main.TestCaseExecutor.runScript(TestCaseExecutor.java:294)
	at com.kms.katalon.core.main.TestCaseExecutor.doExecute(TestCaseExecutor.java:285)
	at com.kms.katalon.core.main.TestCaseExecutor.processExecutionPhase(TestCaseExecutor.java:264)
	at com.kms.katalon.core.main.TestCaseExecutor.accessMainPhase(TestCaseExecutor.java:256)
	at com.kms.katalon.core.main.TestCaseExecutor.execute(TestCaseExecutor.java:200)
	at com.kms.katalon.core.main.TestSuiteExecutor.accessTestCaseMainPhase(TestSuiteExecutor.java:129)
	at com.kms.katalon.core.main.TestSuiteExecutor.accessTestSuiteMainPhase(TestSuiteExecutor.java:112)
	at com.kms.katalon.core.main.TestSuiteExecutor.execute(TestSuiteExecutor.java:81)
	at com.kms.katalon.core.main.TestCaseMain.startTestSuite(TestCaseMain.java:142)
	at com.kms.katalon.core.main.TestCaseMain$startTestSuite$0.call(Unknown Source)
	at org.codehaus.groovy.runtime.callsite.CallSiteArray.defaultCall(CallSiteArray.java:48)
	at org.codehaus.groovy.runtime.callsite.AbstractCallSite.call(AbstractCallSite.java:113)
	at org.codehaus.groovy.runtime.callsite.AbstractCallSite.call(AbstractCallSite.java:141)
	at TempTestSuite1546482074058.run(TempTestSuite1546482074058.groovy:36)
	at groovy.lang.GroovyShell.runScriptOrMainOrTestOrRunnable(GroovyShell.java:263)
	at groovy.lang.GroovyShell.run(GroovyShell.java:518)
	at groovy.lang.GroovyShell.run(GroovyShell.java:507)
	at groovy.ui.GroovyMain.processOnce(GroovyMain.java:653)
	at groovy.ui.GroovyMain.run(GroovyMain.java:384)
	at groovy.ui.GroovyMain.process(GroovyMain.java:370)
	at groovy.ui.GroovyMain.processArgs(GroovyMain.java:129)
	at groovy.ui.GroovyMain.main(GroovyMain.java:109)
	at sun.reflect.NativeMethodAccessorImpl.invoke0(Native Method)
	at sun.reflect.NativeMethodAccessorImpl.invoke(NativeMethodAccessorImpl.java:62)
	at sun.reflect.DelegatingMethodAccessorImpl.invoke(DelegatingMethodAccessorImpl.java:43)
	at java.lang.reflect.Method.invoke(Method.java:498)
	at org.codehaus.groovy.tools.GroovyStarter.rootLoader(GroovyStarter.java:109)
	at org.codehaus.groovy.tools.GroovyStarter.main(GroovyStarter.java:131)
)

2019-01-03 13:52:24 - [TEST_STEP][PASSED] - callTestCase: Call Test Case 'Test Cases/Final Aug 2018 - PKS Automation/Registration Module/Workflow/Update Add New Employee/Template/New Company for Update Add New - Employer' successfully

2019-01-03 13:52:24 - [TEST_CASE][PASSED] - Test Cases/Final Aug 2018 - PKS Automation/Registration Module/Workflow/Update Add New Employee/Template/New Company for Update Add New - Employer: Test Cases/Final Aug 2018 - PKS Automation/Registration Module/Workflow/Update Add New Employee/Template/New Company for Update Add New - Employer

2019-01-03 13:52:24 - [TEST_STEP][PASSED] - callTestCase: Call Test Case 'Test Cases/Final Aug 2018 - PKS Automation/Create Employer Acc/Create Employer Account' successfully

2019-01-03 13:52:24 - [TEST_CASE][PASSED] - Test Cases/Final Aug 2018 - PKS Automation/Create Employer Acc/Create Employer Account: Test Cases/Final Aug 2018 - PKS Automation/Create Employer Acc/Create Employer Account

2019-01-03 13:52:24 - [TEST_STEP][PASSED] - callTestCase: Call Test Case 'Test Cases/Final Aug 2018 - PKS Automation/Create Employer Acc/Template/Register Employer' successfully

2019-01-03 13:52:24 - [TEST_CASE][PASSED] - Test Cases/Final Aug 2018 - PKS Automation/Create Employer Acc/Template/Register Employer: Test Cases/Final Aug 2018 - PKS Automation/Create Employer Acc/Template/Register Employer

2019-01-03 13:52:25 - [TEST_STEP][PASSED] - openBrowser: Browser is opened with url: ''

2019-01-03 13:52:30 - [MESSAGE][PASSED] - Browser is opened with url: ''

2019-01-03 13:52:30 - [TEST_STEP][PASSED] - navigateToUrl: Navigate to 'https://assist2-uat.perkeso.gov.my/login' successfully

2019-01-03 13:52:31 - [MESSAGE][PASSED] - Navigate to 'https://assist2-uat.perkeso.gov.my/login' successfully

2019-01-03 13:52:31 - [TEST_STEP][PASSED] - setText: Text 'johorotc1@gmail.com' is set on object 'Object Repository/Final Object Repo/Login Page/Internal User/Email Address'

2019-01-03 13:52:31 - [MESSAGE][PASSED] - Text 'johorotc1@gmail.com' is set on object 'Object Repository/Final Object Repo/Login Page/Internal User/Email Address'

2019-01-03 13:52:31 - [TEST_STEP][PASSED] - click: Object: 'Object Repository/Final Object Repo/Login Page/Internal User/Next Button' is clicked on

2019-01-03 13:52:32 - [MESSAGE][PASSED] - Object: 'Object Repository/Final Object Repo/Login Page/Internal User/Next Button' is clicked on

2019-01-03 13:52:32 - [TEST_STEP][PASSED] - delay: Delayed 1 second(s)

2019-01-03 13:52:33 - [MESSAGE][PASSED] - Delayed 1 second(s)

2019-01-03 13:52:33 - [TEST_STEP][PASSED] - setEncryptedText: Text ****** has been set on object 'Object Repository/Final Object Repo/Login Page/Internal User/Password'

2019-01-03 13:52:33 - [MESSAGE][PASSED] - Text ****** has been set on object 'Object Repository/Final Object Repo/Login Page/Internal User/Password'

2019-01-03 13:52:33 - [TEST_STEP][PASSED] - click: Object: 'Object Repository/Final Object Repo/Login Page/Internal User/Login Button' is clicked on

2019-01-03 13:52:33 - [MESSAGE][PASSED] - Object: 'Object Repository/Final Object Repo/Login Page/Internal User/Login Button' is clicked on

2019-01-03 13:52:33 - [TEST_STEP][PASSED] - delay: Delayed 1 second(s)

2019-01-03 13:52:34 - [MESSAGE][PASSED] - Delayed 1 second(s)

2019-01-03 13:52:34 - [TEST_STEP][PASSED] - navigateToUrl: Navigate to 'https://assist2-uat.perkeso.gov.my/web/base/portal-id/registration' successfully

2019-01-03 13:52:37 - [MESSAGE][PASSED] - Navigate to 'https://assist2-uat.perkeso.gov.my/web/base/portal-id/registration' successfully

2019-01-03 13:52:37 - [TEST_STEP][PASSED] - setText: Text 'AUTOMATION EMPLOYER' is set on object 'Object Repository/Final Object Repo/Creating Employer Account/Page_Registration - ASSIST (Base)/Employer Name'

2019-01-03 13:52:37 - [MESSAGE][PASSED] - Text 'AUTOMATION EMPLOYER' is set on object 'Object Repository/Final Object Repo/Creating Employer Account/Page_Registration - ASSIST (Base)/Employer Name'

2019-01-03 13:52:37 - [TEST_STEP][PASSED] - delay: Delayed 2 second(s)

2019-01-03 13:52:39 - [MESSAGE][PASSED] - Delayed 2 second(s)

2019-01-03 13:52:39 - [TEST_STEP][PASSED] - click: Object: 'Object Repository/Final Object Repo/Creating Employer Account/Page_Registration - ASSIST (Base)/Registration Type' is clicked on

2019-01-03 13:52:39 - [MESSAGE][PASSED] - Object: 'Object Repository/Final Object Repo/Creating Employer Account/Page_Registration - ASSIST (Base)/Registration Type' is clicked on

2019-01-03 13:52:39 - [TEST_STEP][PASSED] - delay: Delayed 2 second(s)

2019-01-03 13:52:41 - [MESSAGE][PASSED] - Delayed 2 second(s)

2019-01-03 13:52:41 - [TEST_STEP][PASSED] - click: Object: 'Object Repository/Final Object Repo/Creating Employer Account/Page_Registration - ASSIST (Base)/Registration Type - Registration No' is clicked on

2019-01-03 13:52:42 - [MESSAGE][PASSED] - Object: 'Object Repository/Final Object Repo/Creating Employer Account/Page_Registration - ASSIST (Base)/Registration Type - Registration No' is clicked on

2019-01-03 13:52:42 - [TEST_STEP][PASSED] - delay: Delayed 2 second(s)

2019-01-03 13:52:44 - [MESSAGE][PASSED] - Delayed 2 second(s)

2019-01-03 13:52:44 - [TEST_STEP][PASSED] - setText: Text 'AUTOMATE001' is set on object 'Object Repository/Final Object Repo/Creating Employer Account/Page_Registration - ASSIST (Base)/Registration Number'

2019-01-03 13:52:44 - [MESSAGE][PASSED] - Text 'AUTOMATE001' is set on object 'Object Repository/Final Object Repo/Creating Employer Account/Page_Registration - ASSIST (Base)/Registration Number'

2019-01-03 13:52:44 - [TEST_STEP][PASSED] - delay: Delayed 2 second(s)

2019-01-03 13:52:46 - [MESSAGE][PASSED] - Delayed 2 second(s)

2019-01-03 13:52:46 - [TEST_STEP][PASSED] - setText: Text 'ADDRESS 1' is set on object 'Object Repository/Final Object Repo/Creating Employer Account/Page_Registration - ASSIST (Base)/Postal Address 1'

2019-01-03 13:52:46 - [MESSAGE][PASSED] - Text 'ADDRESS 1' is set on object 'Object Repository/Final Object Repo/Creating Employer Account/Page_Registration - ASSIST (Base)/Postal Address 1'

2019-01-03 13:52:46 - [TEST_STEP][PASSED] - setText: Text 'ADDRESS 2' is set on object 'Object Repository/Final Object Repo/Creating Employer Account/Page_Registration - ASSIST (Base)/Postal Address 2'

2019-01-03 13:52:47 - [MESSAGE][PASSED] - Text 'ADDRESS 2' is set on object 'Object Repository/Final Object Repo/Creating Employer Account/Page_Registration - ASSIST (Base)/Postal Address 2'

2019-01-03 13:52:47 - [TEST_STEP][PASSED] - click: Object: 'Object Repository/Final Object Repo/Creating Employer Account/Page_Registration - ASSIST (Base)/State' is clicked on

2019-01-03 13:52:47 - [MESSAGE][PASSED] - Object: 'Object Repository/Final Object Repo/Creating Employer Account/Page_Registration - ASSIST (Base)/State' is clicked on

2019-01-03 13:52:47 - [TEST_STEP][PASSED] - delay: Delayed 2 second(s)

2019-01-03 13:52:49 - [MESSAGE][PASSED] - Delayed 2 second(s)

2019-01-03 13:52:49 - [TEST_STEP][PASSED] - click: Object: 'Object Repository/Final Object Repo/Creating Employer Account/Page_Registration - ASSIST (Base)/State - Johor' is clicked on

2019-01-03 13:52:49 - [MESSAGE][PASSED] - Object: 'Object Repository/Final Object Repo/Creating Employer Account/Page_Registration - ASSIST (Base)/State - Johor' is clicked on

2019-01-03 13:52:49 - [TEST_STEP][PASSED] - delay: Delayed 2 second(s)

2019-01-03 13:52:51 - [MESSAGE][PASSED] - Delayed 2 second(s)

2019-01-03 13:52:51 - [TEST_STEP][PASSED] - click: Object: 'Object Repository/Final Object Repo/Creating Employer Account/Page_Registration - ASSIST (Base)/City' is clicked on

2019-01-03 13:52:51 - [MESSAGE][PASSED] - Object: 'Object Repository/Final Object Repo/Creating Employer Account/Page_Registration - ASSIST (Base)/City' is clicked on

2019-01-03 13:52:51 - [TEST_STEP][PASSED] - delay: Delayed 2 second(s)

2019-01-03 13:52:53 - [MESSAGE][PASSED] - Delayed 2 second(s)

2019-01-03 13:52:53 - [TEST_STEP][PASSED] - setText: Text 'joh' is set on object 'Object Repository/Final Object Repo/Creating Employer Account/Page_Registration - ASSIST (Base)/City - joh'

2019-01-03 13:52:53 - [MESSAGE][PASSED] - Text 'joh' is set on object 'Object Repository/Final Object Repo/Creating Employer Account/Page_Registration - ASSIST (Base)/City - joh'

2019-01-03 13:52:53 - [TEST_STEP][PASSED] - delay: Delayed 2 second(s)

2019-01-03 13:52:55 - [MESSAGE][PASSED] - Delayed 2 second(s)

2019-01-03 13:52:55 - [TEST_STEP][PASSED] - click: Object: 'Object Repository/Final Object Repo/Creating Employer Account/Page_Registration - ASSIST (Base)/City - Johor Bharu' is clicked on

2019-01-03 13:52:56 - [MESSAGE][PASSED] - Object: 'Object Repository/Final Object Repo/Creating Employer Account/Page_Registration - ASSIST (Base)/City - Johor Bharu' is clicked on

2019-01-03 13:52:56 - [TEST_STEP][PASSED] - delay: Delayed 2 second(s)

2019-01-03 13:52:58 - [MESSAGE][PASSED] - Delayed 2 second(s)

2019-01-03 13:52:58 - [TEST_STEP][PASSED] - click: Object: 'Object Repository/Final Object Repo/Creating Employer Account/Page_Registration - ASSIST (Base)/Post Code' is clicked on

2019-01-03 13:52:58 - [MESSAGE][PASSED] - Object: 'Object Repository/Final Object Repo/Creating Employer Account/Page_Registration - ASSIST (Base)/Post Code' is clicked on

2019-01-03 13:52:58 - [TEST_STEP][PASSED] - delay: Delayed 2 second(s)

2019-01-03 13:53:00 - [MESSAGE][PASSED] - Delayed 2 second(s)

2019-01-03 13:53:00 - [TEST_STEP][PASSED] - setText: Text '810' is set on object 'Object Repository/Final Object Repo/Creating Employer Account/Page_Registration - ASSIST (Base)/Post Code - 810'

2019-01-03 13:53:00 - [MESSAGE][PASSED] - Text '810' is set on object 'Object Repository/Final Object Repo/Creating Employer Account/Page_Registration - ASSIST (Base)/Post Code - 810'

2019-01-03 13:53:00 - [TEST_STEP][PASSED] - delay: Delayed 2 second(s)

2019-01-03 13:53:02 - [MESSAGE][PASSED] - Delayed 2 second(s)

2019-01-03 13:53:02 - [TEST_STEP][PASSED] - click: Object: 'Object Repository/Final Object Repo/Creating Employer Account/Page_Registration - ASSIST (Base)/Post Code - 81000' is clicked on

2019-01-03 13:53:02 - [MESSAGE][PASSED] - Object: 'Object Repository/Final Object Repo/Creating Employer Account/Page_Registration - ASSIST (Base)/Post Code - 81000' is clicked on

2019-01-03 13:53:02 - [TEST_STEP][PASSED] - delay: Delayed 2 second(s)

2019-01-03 13:53:04 - [MESSAGE][PASSED] - Delayed 2 second(s)

2019-01-03 13:53:04 - [TEST_STEP][PASSED] - setText: Text 'PERKESO' is set on object 'Object Repository/Final Object Repo/Creating Employer Account/Page_Registration - ASSIST (Base)/Full Name'

2019-01-03 13:53:04 - [MESSAGE][PASSED] - Text 'PERKESO' is set on object 'Object Repository/Final Object Repo/Creating Employer Account/Page_Registration - ASSIST (Base)/Full Name'

2019-01-03 13:53:04 - [TEST_STEP][PASSED] - Statement - rnd = new java.util.Random(): null

2019-01-03 13:53:04 - [TEST_STEP][PASSED] - Statement - snum = rnd.nextInt(899999 + 1) + 100000: null

2019-01-03 13:53:04 - [TEST_STEP][PASSED] - Statement - tnum = rnd.nextInt(899999 + 1) + 100000: null

2019-01-03 13:53:04 - [TEST_STEP][PASSED] - Statement - IC = java.lang.Integer.toString(snum) + java.lang.Integer.toString(tnum): null

2019-01-03 13:53:04 - [TEST_STEP][PASSED] - Statement - out.println(IC): null

2019-01-03 13:53:04 - [TEST_STEP][PASSED] - setText: Text '944806662923' is set on object 'Object Repository/Final Object Repo/Creating Employer Account/Page_Registration - ASSIST (Base)/Identification Number'

2019-01-03 13:53:05 - [MESSAGE][PASSED] - Text '944806662923' is set on object 'Object Repository/Final Object Repo/Creating Employer Account/Page_Registration - ASSIST (Base)/Identification Number'

2019-01-03 13:53:05 - [TEST_STEP][PASSED] - delay: Delayed 2 second(s)

2019-01-03 13:53:07 - [MESSAGE][PASSED] - Delayed 2 second(s)

2019-01-03 13:53:07 - [TEST_STEP][PASSED] - setText: Text '123456789012' is set on object 'Object Repository/Final Object Repo/Creating Employer Account/Page_Registration - ASSIST (Base)/Contact Number'

2019-01-03 13:53:07 - [MESSAGE][PASSED] - Text '123456789012' is set on object 'Object Repository/Final Object Repo/Creating Employer Account/Page_Registration - ASSIST (Base)/Contact Number'

2019-01-03 13:53:07 - [TEST_STEP][PASSED] - Statement - Email = "perkeso" + IC + "@gmail.com": null

2019-01-03 13:53:07 - [TEST_STEP][PASSED] - delay: Delayed 2 second(s)

2019-01-03 13:53:09 - [MESSAGE][PASSED] - Delayed 2 second(s)

2019-01-03 13:53:09 - [TEST_STEP][PASSED] - callTestCase: Call Test Case 'Test Cases/Final Aug 2018 - PKS Automation/Create Employer Acc/Template/Employer Email Settler' successfully

2019-01-03 13:53:09 - [TEST_CASE][PASSED] - Test Cases/Final Aug 2018 - PKS Automation/Create Employer Acc/Template/Employer Email Settler: Test Cases/Final Aug 2018 - PKS Automation/Create Employer Acc/Template/Employer Email Settler

2019-01-03 13:53:10 - [TEST_STEP][PASSED] - Statement - EmpEmailOld = new java.io.File(C://Users//Admin//Desktop//PKS//Automation Reference Point//EmpEmail.txt): null

2019-01-03 13:53:10 - [TEST_STEP][PASSED] - Statement - EmpEmailOld.delete(): null

2019-01-03 13:53:10 - [TEST_STEP][PASSED] - delay: Delayed 5 second(s)

2019-01-03 13:53:15 - [MESSAGE][PASSED] - Delayed 5 second(s)

2019-01-03 13:53:15 - [TEST_STEP][PASSED] - Statement - EmpEmail = new java.io.File(C://Users//Admin//Desktop//PKS//Automation Reference Point//EmpEmail.txt): null

2019-01-03 13:53:15 - [TEST_STEP][PASSED] - Statement - f2 = new java.io.FileWriter(EmpEmail, false): null

2019-01-03 13:53:15 - [TEST_STEP][PASSED] - Statement - f2.write(Email): null

2019-01-03 13:53:15 - [TEST_STEP][PASSED] - Statement - f2.close(): null

2019-01-03 13:53:15 - [TEST_STEP][PASSED] - Statement - out.println(Email): null

2019-01-03 13:53:15 - [MESSAGE][PASSED] - Call Test Case 'Test Cases/Final Aug 2018 - PKS Automation/Create Employer Acc/Template/Employer Email Settler' successfully

2019-01-03 13:53:15 - [TEST_STEP][PASSED] - delay: Delayed 2 second(s)

2019-01-03 13:53:17 - [MESSAGE][PASSED] - Delayed 2 second(s)

2019-01-03 13:53:17 - [TEST_STEP][PASSED] - setText: Text 'perkeso944806662923@gmail.com' is set on object 'Object Repository/Final Object Repo/Creating Employer Account/Page_Registration - ASSIST (Base)/Email'

2019-01-03 13:53:17 - [MESSAGE][PASSED] - Text 'perkeso944806662923@gmail.com' is set on object 'Object Repository/Final Object Repo/Creating Employer Account/Page_Registration - ASSIST (Base)/Email'

2019-01-03 13:53:17 - [TEST_STEP][PASSED] - setText: Text '123' is set on object 'Object Repository/Final Object Repo/Creating Employer Account/Page_Registration - ASSIST (Base)/Security Phase'

2019-01-03 13:53:17 - [MESSAGE][PASSED] - Text '123' is set on object 'Object Repository/Final Object Repo/Creating Employer Account/Page_Registration - ASSIST (Base)/Security Phase'

2019-01-03 13:53:17 - [TEST_STEP][PASSED] - click: Object: 'Object Repository/Final Object Repo/Creating Employer Account/Page_Registration - ASSIST (Base)/Save  Continue' is clicked on

2019-01-03 13:53:18 - [MESSAGE][PASSED] - Object: 'Object Repository/Final Object Repo/Creating Employer Account/Page_Registration - ASSIST (Base)/Save  Continue' is clicked on

2019-01-03 13:53:18 - [TEST_STEP][PASSED] - delay: Delayed 2 second(s)

2019-01-03 13:53:20 - [MESSAGE][PASSED] - Delayed 2 second(s)

2019-01-03 13:53:20 - [TEST_STEP][PASSED] - click: Object: 'Object Repository/Final Object Repo/Creating Employer Account/Page_Registration - ASSIST (Base)/Add Document' is clicked on

2019-01-03 13:53:20 - [MESSAGE][PASSED] - Object: 'Object Repository/Final Object Repo/Creating Employer Account/Page_Registration - ASSIST (Base)/Add Document' is clicked on

2019-01-03 13:53:20 - [TEST_STEP][PASSED] - delay: Delayed 2 second(s)

2019-01-03 13:53:22 - [MESSAGE][PASSED] - Delayed 2 second(s)

2019-01-03 13:53:22 - [TEST_STEP][PASSED] - click: Object: 'Object Repository/Final Object Repo/Creating Employer Account/Page_Registration - ASSIST (Base)/Document Type' is clicked on

2019-01-03 13:53:22 - [MESSAGE][PASSED] - Object: 'Object Repository/Final Object Repo/Creating Employer Account/Page_Registration - ASSIST (Base)/Document Type' is clicked on

2019-01-03 13:53:22 - [TEST_STEP][PASSED] - delay: Delayed 2 second(s)

2019-01-03 13:53:24 - [MESSAGE][PASSED] - Delayed 2 second(s)

2019-01-03 13:53:24 - [TEST_STEP][PASSED] - click: Object: 'Object Repository/Final Object Repo/Creating Employer Account/Page_Registration - ASSIST (Base)/Document Type - Letter of Authorization' is clicked on

2019-01-03 13:53:24 - [MESSAGE][PASSED] - Object: 'Object Repository/Final Object Repo/Creating Employer Account/Page_Registration - ASSIST (Base)/Document Type - Letter of Authorization' is clicked on

2019-01-03 13:53:24 - [TEST_STEP][PASSED] - delay: Delayed 2 second(s)

2019-01-03 13:53:26 - [MESSAGE][PASSED] - Delayed 2 second(s)

2019-01-03 13:53:26 - [TEST_STEP][PASSED] - sendKeys: Keys 'C:\Users\Public\Pictures\Sample Pictures\Koala.jpg' sent to object: 'Object Repository/Final Object Repo/Creating Employer Account/Page_Registration - ASSIST (Base)/Uploading File'

2019-01-03 13:53:26 - [MESSAGE][PASSED] - Keys 'C:\Users\Public\Pictures\Sample Pictures\Koala.jpg' sent to object: 'Object Repository/Final Object Repo/Creating Employer Account/Page_Registration - ASSIST (Base)/Uploading File'

2019-01-03 13:53:26 - [TEST_STEP][PASSED] - delay: Delayed 2 second(s)

2019-01-03 13:53:28 - [MESSAGE][PASSED] - Delayed 2 second(s)

2019-01-03 13:53:28 - [TEST_STEP][PASSED] - click: Object: 'Object Repository/Final Object Repo/Creating Employer Account/Page_Registration - ASSIST (Base)/Add Document in Uploading File' is clicked on

2019-01-03 13:53:29 - [MESSAGE][PASSED] - Object: 'Object Repository/Final Object Repo/Creating Employer Account/Page_Registration - ASSIST (Base)/Add Document in Uploading File' is clicked on

2019-01-03 13:53:29 - [TEST_STEP][PASSED] - delay: Delayed 2 second(s)

2019-01-03 13:53:31 - [MESSAGE][PASSED] - Delayed 2 second(s)

2019-01-03 13:53:31 - [TEST_STEP][PASSED] - click: Object: 'Object Repository/Final Object Repo/Creating Employer Account/Page_Registration - ASSIST (Base)/Save' is clicked on

2019-01-03 13:53:31 - [MESSAGE][PASSED] - Object: 'Object Repository/Final Object Repo/Creating Employer Account/Page_Registration - ASSIST (Base)/Save' is clicked on

2019-01-03 13:53:31 - [TEST_STEP][PASSED] - delay: Delayed 2 second(s)

2019-01-03 13:53:33 - [MESSAGE][PASSED] - Delayed 2 second(s)

2019-01-03 13:53:33 - [TEST_STEP][PASSED] - click: Object: 'Object Repository/Final Object Repo/Creating Employer Account/Page_Registration - ASSIST (Base)/Submit' is clicked on

2019-01-03 13:53:33 - [MESSAGE][PASSED] - Object: 'Object Repository/Final Object Repo/Creating Employer Account/Page_Registration - ASSIST (Base)/Submit' is clicked on

2019-01-03 13:53:33 - [TEST_STEP][PASSED] - delay: Delayed 2 second(s)

2019-01-03 13:53:35 - [MESSAGE][PASSED] - Delayed 2 second(s)

2019-01-03 13:53:35 - [TEST_STEP][PASSED] - click: Object: 'Object Repository/Final Object Repo/Creating Employer Account/Page_Registration - ASSIST (Base)/Confirm' is clicked on

2019-01-03 13:53:35 - [MESSAGE][PASSED] - Object: 'Object Repository/Final Object Repo/Creating Employer Account/Page_Registration - ASSIST (Base)/Confirm' is clicked on

2019-01-03 13:53:35 - [MESSAGE][PASSED] - Call Test Case 'Test Cases/Final Aug 2018 - PKS Automation/Create Employer Acc/Template/Register Employer' successfully

2019-01-03 13:53:35 - [TEST_STEP][PASSED] - delay: Delayed 1 second(s)

2019-01-03 13:53:36 - [MESSAGE][PASSED] - Delayed 1 second(s)

2019-01-03 13:53:36 - [TEST_STEP][PASSED] - navigateToUrl: Navigate to 'https://assist2-uat.perkeso.gov.my/c/portal/logout' successfully

2019-01-03 13:53:39 - [MESSAGE][PASSED] - Navigate to 'https://assist2-uat.perkeso.gov.my/c/portal/logout' successfully

2019-01-03 13:53:39 - [TEST_STEP][PASSED] - delay: Delayed 1 second(s)

2019-01-03 13:53:40 - [MESSAGE][PASSED] - Delayed 1 second(s)

2019-01-03 13:53:40 - [TEST_STEP][PASSED] - callTestCase: Call Test Case 'Test Cases/Final Aug 2018 - PKS Automation/Create Employer Acc/Template/Change Password of Employer' successfully

2019-01-03 13:53:40 - [TEST_CASE][PASSED] - Test Cases/Final Aug 2018 - PKS Automation/Create Employer Acc/Template/Change Password of Employer: Test Cases/Final Aug 2018 - PKS Automation/Create Employer Acc/Template/Change Password of Employer

2019-01-03 13:53:40 - [TEST_STEP][PASSED] - openBrowser: Browser is opened with url: ''

2019-01-03 13:53:40 - [MESSAGE][WARNING] - A browser is already opened. Closing browser and opening a new one

2019-01-03 13:53:44 - [MESSAGE][PASSED] - Browser is opened with url: ''

2019-01-03 13:53:44 - [TEST_STEP][PASSED] - navigateToUrl: Navigate to 'https://assist2-uat.perkeso.gov.my/login' successfully

2019-01-03 13:53:45 - [MESSAGE][PASSED] - Navigate to 'https://assist2-uat.perkeso.gov.my/login' successfully

2019-01-03 13:53:45 - [TEST_STEP][PASSED] - delay: Delayed 5 second(s)

2019-01-03 13:53:50 - [MESSAGE][PASSED] - Delayed 5 second(s)

2019-01-03 13:53:50 - [TEST_STEP][PASSED] - setText: Text 'test@liferay.com' is set on object 'Object Repository/Final Object Repo/Login Page/Internal User/Email Address'

2019-01-03 13:53:51 - [MESSAGE][PASSED] - Text 'test@liferay.com' is set on object 'Object Repository/Final Object Repo/Login Page/Internal User/Email Address'

2019-01-03 13:53:51 - [TEST_STEP][PASSED] - click: Object: 'Object Repository/Final Object Repo/Login Page/Internal User/Next Button' is clicked on

2019-01-03 13:53:51 - [MESSAGE][PASSED] - Object: 'Object Repository/Final Object Repo/Login Page/Internal User/Next Button' is clicked on

2019-01-03 13:53:51 - [TEST_STEP][PASSED] - delay: Delayed 2 second(s)

2019-01-03 13:53:53 - [MESSAGE][PASSED] - Delayed 2 second(s)

2019-01-03 13:53:53 - [TEST_STEP][PASSED] - setText: Text 'test' is set on object 'Object Repository/Final Object Repo/Login Page/Internal User/Password'

2019-01-03 13:53:53 - [MESSAGE][PASSED] - Text 'test' is set on object 'Object Repository/Final Object Repo/Login Page/Internal User/Password'

2019-01-03 13:53:53 - [TEST_STEP][PASSED] - delay: Delayed 2 second(s)

2019-01-03 13:53:55 - [MESSAGE][PASSED] - Delayed 2 second(s)

2019-01-03 13:53:55 - [TEST_STEP][PASSED] - click: Object: 'Object Repository/Final Object Repo/Login Page/Internal User/Login Button' is clicked on

2019-01-03 13:53:55 - [MESSAGE][PASSED] - Object: 'Object Repository/Final Object Repo/Login Page/Internal User/Login Button' is clicked on

2019-01-03 13:53:55 - [TEST_STEP][PASSED] - delay: Delayed 3 second(s)

2019-01-03 13:53:58 - [MESSAGE][PASSED] - Delayed 3 second(s)

2019-01-03 13:53:58 - [TEST_STEP][PASSED] - navigateToUrl: Navigate to 'https://assist2-uat.perkeso.gov.my/group/control_panel/manage?p_p_id=125&p_p_lifecycle=0&p_p_state=maximized&p_p_mode=view&refererPlid=20455&_125_usersListView=flat-users&_125_toolbarItem=view-all-users&_125_saveUsersListView=true&_125_struts_action=%2Fusers_admin%2Fview' successfully

2019-01-03 13:54:01 - [MESSAGE][PASSED] - Navigate to 'https://assist2-uat.perkeso.gov.my/group/control_panel/manage?p_p_id=125&p_p_lifecycle=0&p_p_state=maximized&p_p_mode=view&refererPlid=20455&_125_usersListView=flat-users&_125_toolbarItem=view-all-users&_125_saveUsersListView=true&_125_struts_action=%2Fusers_admin%2Fview' successfully

2019-01-03 13:54:01 - [TEST_STEP][PASSED] - delay: Delayed 3 second(s)

2019-01-03 13:54:04 - [MESSAGE][PASSED] - Delayed 3 second(s)

2019-01-03 13:54:04 - [TEST_STEP][PASSED] - setText: Text 'perkeso944806662923@gmail.com' is set on object 'Object Repository/Final Object Repo/Creating Employer Account/Page_Users and Organizations - ASSIST/Employer name'

2019-01-03 13:54:04 - [MESSAGE][PASSED] - Text 'perkeso944806662923@gmail.com' is set on object 'Object Repository/Final Object Repo/Creating Employer Account/Page_Users and Organizations - ASSIST/Employer name'

2019-01-03 13:54:04 - [TEST_STEP][PASSED] - delay: Delayed 3 second(s)

2019-01-03 13:54:07 - [MESSAGE][PASSED] - Delayed 3 second(s)

2019-01-03 13:54:07 - [TEST_STEP][PASSED] - click: Object: 'Object Repository/Final Object Repo/Creating Employer Account/Page_Users and Organizations - ASSIST/Search' is clicked on

2019-01-03 13:54:08 - [MESSAGE][PASSED] - Object: 'Object Repository/Final Object Repo/Creating Employer Account/Page_Users and Organizations - ASSIST/Search' is clicked on

2019-01-03 13:54:08 - [TEST_STEP][PASSED] - delay: Delayed 3 second(s)

2019-01-03 13:54:11 - [MESSAGE][PASSED] - Delayed 3 second(s)

2019-01-03 13:54:11 - [TEST_STEP][PASSED] - click: Object: 'Object Repository/Final Object Repo/Creating Employer Account/Page_Users and Organizations - ASSIST/Action' is clicked on

2019-01-03 13:54:11 - [MESSAGE][PASSED] - Object: 'Object Repository/Final Object Repo/Creating Employer Account/Page_Users and Organizations - ASSIST/Action' is clicked on

2019-01-03 13:54:11 - [TEST_STEP][PASSED] - delay: Delayed 3 second(s)

2019-01-03 13:54:14 - [MESSAGE][PASSED] - Delayed 3 second(s)

2019-01-03 13:54:14 - [TEST_STEP][PASSED] - click: Object: 'Object Repository/Final Object Repo/Creating Employer Account/Page_Users and Organizations - ASSIST/Edit' is clicked on

2019-01-03 13:54:18 - [MESSAGE][PASSED] - Object: 'Object Repository/Final Object Repo/Creating Employer Account/Page_Users and Organizations - ASSIST/Edit' is clicked on

2019-01-03 13:54:18 - [TEST_STEP][PASSED] - delay: Delayed 3 second(s)

2019-01-03 13:54:21 - [MESSAGE][PASSED] - Delayed 3 second(s)

2019-01-03 13:54:21 - [TEST_STEP][PASSED] - click: Object: 'Object Repository/Final Object Repo/Creating Employer Account/Page_PERKESO - Users and Organizati/a_Password (Modified)' is clicked on

2019-01-03 13:54:21 - [MESSAGE][PASSED] - Object: 'Object Repository/Final Object Repo/Creating Employer Account/Page_PERKESO - Users and Organizati/a_Password (Modified)' is clicked on

2019-01-03 13:54:21 - [TEST_STEP][PASSED] - delay: Delayed 3 second(s)

2019-01-03 13:54:24 - [MESSAGE][PASSED] - Delayed 3 second(s)

2019-01-03 13:54:24 - [TEST_STEP][PASSED] - setEncryptedText: Text ****** has been set on object 'Object Repository/Final Object Repo/Creating Employer Account/Page_PERKESO - Users and Organizati/input__125_password1'

2019-01-03 13:54:24 - [MESSAGE][PASSED] - Text ****** has been set on object 'Object Repository/Final Object Repo/Creating Employer Account/Page_PERKESO - Users and Organizati/input__125_password1'

2019-01-03 13:54:24 - [TEST_STEP][PASSED] - delay: Delayed 3 second(s)

2019-01-03 13:54:27 - [MESSAGE][PASSED] - Delayed 3 second(s)

2019-01-03 13:54:27 - [TEST_STEP][PASSED] - setEncryptedText: Text ****** has been set on object 'Object Repository/Final Object Repo/Creating Employer Account/Page_PERKESO - Users and Organizati/input__125_password2'

2019-01-03 13:54:28 - [MESSAGE][PASSED] - Text ****** has been set on object 'Object Repository/Final Object Repo/Creating Employer Account/Page_PERKESO - Users and Organizati/input__125_password2'

2019-01-03 13:54:28 - [TEST_STEP][PASSED] - delay: Delayed 3 second(s)

2019-01-03 13:54:31 - [MESSAGE][PASSED] - Delayed 3 second(s)

2019-01-03 13:54:31 - [TEST_STEP][PASSED] - click: Object: 'Object Repository/Final Object Repo/Creating Employer Account/Page_PERKESO - Users and Organizati/Save' is clicked on

2019-01-03 13:54:32 - [MESSAGE][PASSED] - Object: 'Object Repository/Final Object Repo/Creating Employer Account/Page_PERKESO - Users and Organizati/Save' is clicked on

2019-01-03 13:54:32 - [MESSAGE][PASSED] - Call Test Case 'Test Cases/Final Aug 2018 - PKS Automation/Create Employer Acc/Template/Change Password of Employer' successfully

2019-01-03 13:54:32 - [TEST_STEP][PASSED] - delay: Delayed 1 second(s)

2019-01-03 13:54:33 - [MESSAGE][PASSED] - Delayed 1 second(s)

2019-01-03 13:54:33 - [TEST_STEP][PASSED] - navigateToUrl: Navigate to 'https://assist2-uat.perkeso.gov.my/c/portal/logout' successfully

2019-01-03 13:54:34 - [MESSAGE][PASSED] - Navigate to 'https://assist2-uat.perkeso.gov.my/c/portal/logout' successfully

2019-01-03 13:54:34 - [TEST_STEP][PASSED] - delay: Delayed 1 second(s)

2019-01-03 13:54:35 - [MESSAGE][PASSED] - Delayed 1 second(s)

2019-01-03 13:54:35 - [TEST_STEP][PASSED] - callTestCase: Call Test Case 'Test Cases/Final Aug 2018 - PKS Automation/Create Employer Acc/Template/Login to Employer Account (First Time)' successfully

2019-01-03 13:54:35 - [TEST_CASE][PASSED] - Test Cases/Final Aug 2018 - PKS Automation/Create Employer Acc/Template/Login to Employer Account (First Time): Test Cases/Final Aug 2018 - PKS Automation/Create Employer Acc/Template/Login to Employer Account (First Time)

2019-01-03 13:54:36 - [TEST_STEP][PASSED] - openBrowser: Browser is opened with url: ''

2019-01-03 13:54:36 - [MESSAGE][WARNING] - A browser is already opened. Closing browser and opening a new one

2019-01-03 13:54:39 - [MESSAGE][PASSED] - Browser is opened with url: ''

2019-01-03 13:54:39 - [TEST_STEP][PASSED] - navigateToUrl: Navigate to 'https://assist2-uat.perkeso.gov.my/employer/login' successfully

2019-01-03 13:54:41 - [MESSAGE][PASSED] - Navigate to 'https://assist2-uat.perkeso.gov.my/employer/login' successfully

2019-01-03 13:54:41 - [TEST_STEP][PASSED] - delay: Delayed 3 second(s)

2019-01-03 13:54:44 - [MESSAGE][PASSED] - Delayed 3 second(s)

2019-01-03 13:54:44 - [TEST_STEP][PASSED] - callTestCase: Call Test Case 'Test Cases/Final Aug 2018 - PKS Automation/Create Employer Acc/Template/Employer Email Getter' successfully

2019-01-03 13:54:44 - [TEST_CASE][PASSED] - Test Cases/Final Aug 2018 - PKS Automation/Create Employer Acc/Template/Employer Email Getter: Test Cases/Final Aug 2018 - PKS Automation/Create Employer Acc/Template/Employer Email Getter

2019-01-03 13:54:44 - [TEST_STEP][PASSED] - Statement - Try: null

2019-01-03 13:54:44 - [TEST_STEP][PASSED] - Statement - EmpEmail = new java.io.File(C://Users//Admin//Desktop//PKS//Automation Reference Point//EmpEmail.txt): null

2019-01-03 13:54:44 - [TEST_STEP][PASSED] - Statement - bufferread = new java.io.BufferedReader(new java.io.FileReader(EmpEmail)): null

2019-01-03 13:54:44 - [TEST_STEP][PASSED] - Statement - readedVal = bufferread.readLine(): null

2019-01-03 13:54:44 - [TEST_STEP][PASSED] - Statement - out.println(readedVal): null

2019-01-03 13:54:44 - [TEST_STEP][PASSED] - Statement - Email = readedVal: null

2019-01-03 13:54:44 - [MESSAGE][PASSED] - Call Test Case 'Test Cases/Final Aug 2018 - PKS Automation/Create Employer Acc/Template/Employer Email Getter' successfully

2019-01-03 13:54:44 - [TEST_STEP][PASSED] - setText: Text 'perkeso944806662923@gmail.com' is set on object 'Object Repository/Final Object Repo/Login Page/External Login Page/Email'

2019-01-03 13:54:44 - [MESSAGE][PASSED] - Text 'perkeso944806662923@gmail.com' is set on object 'Object Repository/Final Object Repo/Login Page/External Login Page/Email'

2019-01-03 13:54:44 - [TEST_STEP][PASSED] - click: Object: 'Object Repository/Final Object Repo/Login Page/External Login Page/Next' is clicked on

2019-01-03 13:54:45 - [MESSAGE][PASSED] - Object: 'Object Repository/Final Object Repo/Login Page/External Login Page/Next' is clicked on

2019-01-03 13:54:45 - [TEST_STEP][PASSED] - delay: Delayed 3 second(s)

2019-01-03 13:54:48 - [MESSAGE][PASSED] - Delayed 3 second(s)

2019-01-03 13:54:48 - [TEST_STEP][PASSED] - setEncryptedText: Text ****** has been set on object 'Object Repository/Final Object Repo/Login Page/External Login Page/Password'

2019-01-03 13:54:48 - [MESSAGE][PASSED] - Text ****** has been set on object 'Object Repository/Final Object Repo/Login Page/External Login Page/Password'

2019-01-03 13:54:48 - [TEST_STEP][PASSED] - click: Object: 'Object Repository/Final Object Repo/Login Page/External Login Page/Login' is clicked on

2019-01-03 13:54:48 - [MESSAGE][PASSED] - Object: 'Object Repository/Final Object Repo/Login Page/External Login Page/Login' is clicked on

2019-01-03 13:54:48 - [TEST_STEP][PASSED] - delay: Delayed 3 second(s)

2019-01-03 13:54:51 - [MESSAGE][PASSED] - Delayed 3 second(s)

2019-01-03 13:54:51 - [TEST_STEP][PASSED] - click: Object: 'Object Repository/Final Object Repo/Creating Employer Account/Page_Terms of Use - ASSIST/button_I Agree' is clicked on

2019-01-03 13:54:51 - [MESSAGE][PASSED] - Object: 'Object Repository/Final Object Repo/Creating Employer Account/Page_Terms of Use - ASSIST/button_I Agree' is clicked on

2019-01-03 13:54:51 - [TEST_STEP][PASSED] - delay: Delayed 2 second(s)

2019-01-03 13:54:53 - [MESSAGE][PASSED] - Delayed 2 second(s)

2019-01-03 13:54:53 - [TEST_STEP][PASSED] - setEncryptedText: Text ****** has been set on object 'Object Repository/Final Object Repo/Creating Employer Account/Page_New Password - ASSIST/input_password1'

2019-01-03 13:54:53 - [MESSAGE][PASSED] - Text ****** has been set on object 'Object Repository/Final Object Repo/Creating Employer Account/Page_New Password - ASSIST/input_password1'

2019-01-03 13:54:53 - [TEST_STEP][PASSED] - setEncryptedText: Text ****** has been set on object 'Object Repository/Final Object Repo/Creating Employer Account/Page_New Password - ASSIST/input_password2'

2019-01-03 13:54:54 - [MESSAGE][PASSED] - Text ****** has been set on object 'Object Repository/Final Object Repo/Creating Employer Account/Page_New Password - ASSIST/input_password2'

2019-01-03 13:54:54 - [TEST_STEP][PASSED] - delay: Delayed 2 second(s)

2019-01-03 13:54:56 - [MESSAGE][PASSED] - Delayed 2 second(s)

2019-01-03 13:54:56 - [TEST_STEP][PASSED] - click: Object: 'Object Repository/Final Object Repo/Creating Employer Account/Page_New Password - ASSIST/Save' is clicked on

2019-01-03 13:54:56 - [MESSAGE][PASSED] - Object: 'Object Repository/Final Object Repo/Creating Employer Account/Page_New Password - ASSIST/Save' is clicked on

2019-01-03 13:54:56 - [TEST_STEP][PASSED] - delay: Delayed 2 second(s)

2019-01-03 13:54:58 - [MESSAGE][PASSED] - Delayed 2 second(s)

2019-01-03 13:54:58 - [TEST_STEP][PASSED] - setText: Text 'test' is set on object 'Object Repository/Final Object Repo/Creating Employer Account/Page_Password Reminder - ASSIST/Reminder Query Answer'

2019-01-03 13:54:58 - [MESSAGE][PASSED] - Text 'test' is set on object 'Object Repository/Final Object Repo/Creating Employer Account/Page_Password Reminder - ASSIST/Reminder Query Answer'

2019-01-03 13:54:58 - [TEST_STEP][PASSED] - delay: Delayed 2 second(s)

2019-01-03 13:55:00 - [MESSAGE][PASSED] - Delayed 2 second(s)

2019-01-03 13:55:00 - [TEST_STEP][PASSED] - doubleClick: Object: 'Object Repository/Final Object Repo/Creating Employer Account/Page_Password Reminder - ASSIST/Save' is double clicked on

2019-01-03 13:55:00 - [MESSAGE][PASSED] - Object: 'Object Repository/Final Object Repo/Creating Employer Account/Page_Password Reminder - ASSIST/Save' is double clicked on

2019-01-03 13:55:00 - [MESSAGE][PASSED] - Call Test Case 'Test Cases/Final Aug 2018 - PKS Automation/Create Employer Acc/Template/Login to Employer Account (First Time)' successfully

2019-01-03 13:55:00 - [MESSAGE][PASSED] - Call Test Case 'Test Cases/Final Aug 2018 - PKS Automation/Create Employer Acc/Create Employer Account' successfully

2019-01-03 13:55:00 - [TEST_STEP][PASSED] - callTestCase: Call Test Case 'Test Cases/Final Aug 2018 - PKS Automation/Registration Module/Log Out/log out avoiding katalon tagging' successfully

2019-01-03 13:55:00 - [TEST_CASE][PASSED] - Test Cases/Final Aug 2018 - PKS Automation/Registration Module/Log Out/log out avoiding katalon tagging: Test Cases/Final Aug 2018 - PKS Automation/Registration Module/Log Out/log out avoiding katalon tagging

2019-01-03 13:55:01 - [TEST_STEP][PASSED] - navigateToUrl: Navigate to 'https://assist2-uat.perkeso.gov.my/c/portal/logout' successfully

2019-01-03 13:55:03 - [MESSAGE][PASSED] - Navigate to 'https://assist2-uat.perkeso.gov.my/c/portal/logout' successfully

2019-01-03 13:55:03 - [MESSAGE][PASSED] - Call Test Case 'Test Cases/Final Aug 2018 - PKS Automation/Registration Module/Log Out/log out avoiding katalon tagging' successfully

2019-01-03 13:55:03 - [TEST_STEP][PASSED] - callTestCase: Call Test Case 'Test Cases/Final Aug 2018 - PKS Automation/Create Employer Acc/Login to Employer Account (Second time)' successfully

2019-01-03 13:55:04 - [TEST_CASE][PASSED] - Test Cases/Final Aug 2018 - PKS Automation/Create Employer Acc/Login to Employer Account (Second time): Test Cases/Final Aug 2018 - PKS Automation/Create Employer Acc/Login to Employer Account (Second time)

2019-01-03 13:55:04 - [TEST_STEP][PASSED] - openBrowser: Browser is opened with url: ''

2019-01-03 13:55:04 - [MESSAGE][WARNING] - A browser is already opened. Closing browser and opening a new one

2019-01-03 13:55:08 - [MESSAGE][PASSED] - Browser is opened with url: ''

2019-01-03 13:55:08 - [TEST_STEP][PASSED] - navigateToUrl: Navigate to 'https://assist2-uat.perkeso.gov.my/employer/login' successfully

2019-01-03 13:55:09 - [MESSAGE][PASSED] - Navigate to 'https://assist2-uat.perkeso.gov.my/employer/login' successfully

2019-01-03 13:55:09 - [TEST_STEP][PASSED] - delay: Delayed 3 second(s)

2019-01-03 13:55:12 - [MESSAGE][PASSED] - Delayed 3 second(s)

2019-01-03 13:55:12 - [TEST_STEP][PASSED] - callTestCase: Call Test Case 'Test Cases/Final Aug 2018 - PKS Automation/Create Employer Acc/Template/Employer Email Getter' successfully

2019-01-03 13:55:12 - [TEST_CASE][PASSED] - Test Cases/Final Aug 2018 - PKS Automation/Create Employer Acc/Template/Employer Email Getter: Test Cases/Final Aug 2018 - PKS Automation/Create Employer Acc/Template/Employer Email Getter

2019-01-03 13:55:12 - [TEST_STEP][PASSED] - Statement - Try: null

2019-01-03 13:55:12 - [TEST_STEP][PASSED] - Statement - EmpEmail = new java.io.File(C://Users//Admin//Desktop//PKS//Automation Reference Point//EmpEmail.txt): null

2019-01-03 13:55:12 - [TEST_STEP][PASSED] - Statement - bufferread = new java.io.BufferedReader(new java.io.FileReader(EmpEmail)): null

2019-01-03 13:55:12 - [TEST_STEP][PASSED] - Statement - readedVal = bufferread.readLine(): null

2019-01-03 13:55:12 - [TEST_STEP][PASSED] - Statement - out.println(readedVal): null

2019-01-03 13:55:12 - [TEST_STEP][PASSED] - Statement - Email = readedVal: null

2019-01-03 13:55:12 - [MESSAGE][PASSED] - Call Test Case 'Test Cases/Final Aug 2018 - PKS Automation/Create Employer Acc/Template/Employer Email Getter' successfully

2019-01-03 13:55:12 - [TEST_STEP][PASSED] - setText: Text 'perkeso944806662923@gmail.com' is set on object 'Object Repository/Final Object Repo/Login Page/External Login Page/Email'

2019-01-03 13:55:12 - [MESSAGE][PASSED] - Text 'perkeso944806662923@gmail.com' is set on object 'Object Repository/Final Object Repo/Login Page/External Login Page/Email'

2019-01-03 13:55:12 - [TEST_STEP][PASSED] - click: Object: 'Object Repository/Final Object Repo/Login Page/External Login Page/Next' is clicked on

2019-01-03 13:55:12 - [MESSAGE][PASSED] - Object: 'Object Repository/Final Object Repo/Login Page/External Login Page/Next' is clicked on

2019-01-03 13:55:12 - [TEST_STEP][PASSED] - delay: Delayed 3 second(s)

2019-01-03 13:55:15 - [MESSAGE][PASSED] - Delayed 3 second(s)

2019-01-03 13:55:16 - [TEST_STEP][PASSED] - setEncryptedText: Text ****** has been set on object 'Object Repository/Final Object Repo/Login Page/External Login Page/Password'

2019-01-03 13:55:16 - [MESSAGE][PASSED] - Text ****** has been set on object 'Object Repository/Final Object Repo/Login Page/External Login Page/Password'

2019-01-03 13:55:16 - [TEST_STEP][PASSED] - click: Object: 'Object Repository/Final Object Repo/Login Page/External Login Page/Login' is clicked on

2019-01-03 13:55:16 - [MESSAGE][PASSED] - Object: 'Object Repository/Final Object Repo/Login Page/External Login Page/Login' is clicked on

2019-01-03 13:55:16 - [TEST_STEP][PASSED] - delay: Delayed 5 second(s)

2019-01-03 13:55:21 - [MESSAGE][PASSED] - Delayed 5 second(s)

2019-01-03 13:55:21 - [MESSAGE][PASSED] - Call Test Case 'Test Cases/Final Aug 2018 - PKS Automation/Create Employer Acc/Login to Employer Account (Second time)' successfully

2019-01-03 13:55:21 - [TEST_STEP][PASSED] - delay: Delayed 4 second(s)

2019-01-03 13:55:25 - [MESSAGE][PASSED] - Delayed 4 second(s)

2019-01-03 13:55:25 - [TEST_STEP][PASSED] - Statement - Try: Delayed 2 second(s)

2019-01-03 13:55:25 - [TEST_STEP][PASSED] - Statement - Checker = false: null

2019-01-03 13:55:25 - [TEST_STEP][PASSED] - Statement - Checker = com.kms.katalon.core.webui.keyword.WebUiBuiltInKeywords.verifyElementHasAttribute(com.kms.katalon.core.testobject.ObjectRepository.findTestObject(Final Object Repo/Landing Page/BM Detecting), "href", 20, OPTIONAL): Object 'Object Repository/Final Object Repo/Landing Page/BM Detecting' has attribute 'href'

2019-01-03 13:55:25 - [MESSAGE][PASSED] - Object 'Object Repository/Final Object Repo/Landing Page/BM Detecting' has attribute 'href'

2019-01-03 13:55:25 - [TEST_STEP][PASSED] - Statement - out.println(Checker): null

2019-01-03 13:55:25 - [TEST_STEP][PASSED] - Statement - If (Checker == false): null

2019-01-03 13:55:25 - [TEST_STEP][PASSED] - Statement - Else: null

2019-01-03 13:55:25 - [TEST_STEP][PASSED] - delay: Delayed 2 second(s)

2019-01-03 13:55:27 - [MESSAGE][PASSED] - Delayed 2 second(s)

2019-01-03 13:55:27 - [TEST_STEP][PASSED] - delay: Delayed 4 second(s)

2019-01-03 13:55:31 - [MESSAGE][PASSED] - Delayed 4 second(s)

2019-01-03 13:55:31 - [TEST_STEP][PASSED] - click: Object: 'Object Repository/Final Object Repo/Landing Page/My Sites Drop Down' is clicked on

2019-01-03 13:55:31 - [MESSAGE][PASSED] - Object: 'Object Repository/Final Object Repo/Landing Page/My Sites Drop Down' is clicked on

2019-01-03 13:55:31 - [TEST_STEP][PASSED] - click: Object: 'Object Repository/Final Object Repo/Landing Page/Select to Registration Module' is clicked on

2019-01-03 13:55:34 - [MESSAGE][PASSED] - Object: 'Object Repository/Final Object Repo/Landing Page/Select to Registration Module' is clicked on

2019-01-03 13:55:34 - [TEST_STEP][PASSED] - click: Object: 'Object Repository/Final Object Repo/Landing Page/Registration Button' is clicked on

2019-01-03 13:55:36 - [MESSAGE][PASSED] - Object: 'Object Repository/Final Object Repo/Landing Page/Registration Button' is clicked on

2019-01-03 13:55:36 - [TEST_STEP][PASSED] - delay: Delayed 2 second(s)

2019-01-03 13:55:38 - [MESSAGE][PASSED] - Delayed 2 second(s)

2019-01-03 13:55:38 - [TEST_STEP][PASSED] - click: Object: 'Object Repository/Final Object Repo/New Registration - Registration Module Pages/New Reg - OTC to RO/Special Case - OTC - Form 1/AEC NO' is clicked on

2019-01-03 13:55:38 - [MESSAGE][PASSED] - Object: 'Object Repository/Final Object Repo/New Registration - Registration Module Pages/New Reg - OTC to RO/Special Case - OTC - Form 1/AEC NO' is clicked on

2019-01-03 13:55:38 - [TEST_STEP][PASSED] - click: Object: 'Object Repository/Final Object Repo/New Registration - Registration Module Pages/New Reg - OTC to RO/Special Case - OTC - Form 1/Business Entity - Please Select' is clicked on

2019-01-03 13:55:38 - [MESSAGE][PASSED] - Object: 'Object Repository/Final Object Repo/New Registration - Registration Module Pages/New Reg - OTC to RO/Special Case - OTC - Form 1/Business Entity - Please Select' is clicked on

2019-01-03 13:55:38 - [TEST_STEP][PASSED] - click: Object: 'Object Repository/Final Object Repo/New Registration - Registration Module Pages/New Reg - OTC to RO/Special Case - OTC - Form 1/Selected - Corporation' is clicked on

2019-01-03 13:55:38 - [MESSAGE][PASSED] - Object: 'Object Repository/Final Object Repo/New Registration - Registration Module Pages/New Reg - OTC to RO/Special Case - OTC - Form 1/Selected - Corporation' is clicked on

2019-01-03 13:55:38 - [TEST_STEP][PASSED] - delay: Delayed 2 second(s)

2019-01-03 13:55:40 - [MESSAGE][PASSED] - Delayed 2 second(s)

2019-01-03 13:55:40 - [TEST_STEP][PASSED] - click: Object: 'Object Repository/Final Object Repo/New Registration - Registration Module Pages/New Reg - OTC to RO/Special Case - OTC - Form 1/Sub Business Entity - Please Select' is clicked on

2019-01-03 13:55:41 - [MESSAGE][PASSED] - Object: 'Object Repository/Final Object Repo/New Registration - Registration Module Pages/New Reg - OTC to RO/Special Case - OTC - Form 1/Sub Business Entity - Please Select' is clicked on

2019-01-03 13:55:41 - [TEST_STEP][PASSED] - delay: Delayed 2 second(s)

2019-01-03 13:55:43 - [MESSAGE][PASSED] - Delayed 2 second(s)

2019-01-03 13:55:43 - [TEST_STEP][PASSED] - click: Object: 'Object Repository/Final Object Repo/New Registration - Registration Module Pages/New Reg - OTC to RO/Special Case - OTC - Form 1/Selected - Sendirian Berhad' is clicked on

2019-01-03 13:55:43 - [MESSAGE][PASSED] - Object: 'Object Repository/Final Object Repo/New Registration - Registration Module Pages/New Reg - OTC to RO/Special Case - OTC - Form 1/Selected - Sendirian Berhad' is clicked on

2019-01-03 13:55:43 - [TEST_STEP][PASSED] - setText: Text 'AUTOMATE001' is set on object 'Object Repository/Final Object Repo/New Registration - Registration Module Pages/New Reg - OTC to RO/Special Case - OTC - Form 1/Input BRN Number'

2019-01-03 13:55:43 - [MESSAGE][PASSED] - Text 'AUTOMATE001' is set on object 'Object Repository/Final Object Repo/New Registration - Registration Module Pages/New Reg - OTC to RO/Special Case - OTC - Form 1/Input BRN Number'

2019-01-03 13:55:43 - [TEST_STEP][PASSED] - delay: Delayed 2 second(s)

2019-01-03 13:55:45 - [MESSAGE][PASSED] - Delayed 2 second(s)

2019-01-03 13:55:45 - [TEST_STEP][PASSED] - click: Object: 'Object Repository/Final Object Repo/New Registration - Registration Module Pages/New Reg - OTC to RO/Special Case - OTC - Form 1/BRN Search' is clicked on

2019-01-03 13:55:45 - [MESSAGE][PASSED] - Object: 'Object Repository/Final Object Repo/New Registration - Registration Module Pages/New Reg - OTC to RO/Special Case - OTC - Form 1/BRN Search' is clicked on

2019-01-03 13:55:45 - [TEST_STEP][PASSED] - delay: Delayed 4 second(s)

2019-01-03 13:55:49 - [MESSAGE][PASSED] - Delayed 4 second(s)

2019-01-03 13:55:49 - [TEST_STEP][PASSED] - click: Object: 'Object Repository/Final Object Repo/New Registration - Registration Module Pages/New Reg - OTC to RO/Special Case - OTC - Form 1/Registered with SSM - After Feb 2017' is clicked on

2019-01-03 13:55:50 - [MESSAGE][PASSED] - Object: 'Object Repository/Final Object Repo/New Registration - Registration Module Pages/New Reg - OTC to RO/Special Case - OTC - Form 1/Registered with SSM - After Feb 2017' is clicked on

2019-01-03 13:55:50 - [TEST_STEP][PASSED] - delay: Delayed 2 second(s)

2019-01-03 13:55:52 - [MESSAGE][PASSED] - Delayed 2 second(s)

2019-01-03 13:55:52 - [TEST_STEP][PASSED] - click: Object: 'Object Repository/Final Object Repo/New Registration - Registration Module Pages/Form 1/Registered As a Branch - Yes' is clicked on

2019-01-03 13:55:52 - [MESSAGE][PASSED] - Object: 'Object Repository/Final Object Repo/New Registration - Registration Module Pages/Form 1/Registered As a Branch - Yes' is clicked on

2019-01-03 13:55:52 - [TEST_STEP][PASSED] - click: Object: 'Object Repository/Final Object Repo/New Registration - Registration Module Pages/New Reg - OTC to RO/Special Case - OTC - Form 1/Acknowledgement Ticked' is clicked on

2019-01-03 13:55:52 - [MESSAGE][PASSED] - Object: 'Object Repository/Final Object Repo/New Registration - Registration Module Pages/New Reg - OTC to RO/Special Case - OTC - Form 1/Acknowledgement Ticked' is clicked on

2019-01-03 13:55:52 - [TEST_STEP][PASSED] - setText: Text 'perkeso944806662923@gmail.com' is set on object 'Object Repository/Final Object Repo/New Registration - Registration Module Pages/Form 1/Email'

2019-01-03 13:55:53 - [MESSAGE][PASSED] - Text 'perkeso944806662923@gmail.com' is set on object 'Object Repository/Final Object Repo/New Registration - Registration Module Pages/Form 1/Email'

2019-01-03 13:55:53 - [TEST_STEP][PASSED] - click: Object: 'Object Repository/Final Object Repo/New Registration - Registration Module Pages/New Reg - OTC to RO/Special Case - OTC - Form 1/Submit Button' is clicked on

2019-01-03 13:55:53 - [MESSAGE][PASSED] - Object: 'Object Repository/Final Object Repo/New Registration - Registration Module Pages/New Reg - OTC to RO/Special Case - OTC - Form 1/Submit Button' is clicked on

2019-01-03 13:55:53 - [TEST_STEP][PASSED] - callTestCase: Call Test Case 'Test Cases/Final Aug 2018 - PKS Automation/Registration Module/New Registration/Form 2/Add 1 Eligible - Employer Account Use' successfully

2019-01-03 13:55:53 - [TEST_CASE][PASSED] - Test Cases/Final Aug 2018 - PKS Automation/Registration Module/New Registration/Form 2/Add 1 Eligible - Employer Account Use: Test Cases/Final Aug 2018 - PKS Automation/Registration Module/New Registration/Form 2/Add 1 Eligible - Employer Account Use

2019-01-03 13:55:53 - [TEST_STEP][PASSED] - delay: Delayed 2 second(s)

2019-01-03 13:55:55 - [MESSAGE][PASSED] - Delayed 2 second(s)

2019-01-03 13:55:55 - [TEST_STEP][PASSED] - callTestCase: Call Test Case 'Test Cases/Final Aug 2018 - PKS Automation/Registration Module/New Registration/Form 2/Date Updater' successfully

2019-01-03 13:55:55 - [TEST_CASE][PASSED] - Test Cases/Final Aug 2018 - PKS Automation/Registration Module/New Registration/Form 2/Date Updater: Test Cases/Final Aug 2018 - PKS Automation/Registration Module/New Registration/Form 2/Date Updater

2019-01-03 13:55:56 - [TEST_STEP][PASSED] - Statement - TodayDate = new java.util.Date(): null

2019-01-03 13:55:56 - [TEST_STEP][PASSED] - Statement - CurrentDateNoFilter = new java.text.SimpleDateFormat(): null

2019-01-03 13:55:56 - [TEST_STEP][PASSED] - Statement - CurrentDateNoFilter.applyPattern("MM"): null

2019-01-03 13:55:56 - [TEST_STEP][PASSED] - Statement - monthContainerMatcher = java.lang.Integer.parseInt(CurrentDateNoFilter.format(TodayDate)): null

2019-01-03 13:55:56 - [TEST_STEP][PASSED] - Statement - monthContainerMatcher = monthContainerMatcher - 1: null

2019-01-03 13:55:56 - [TEST_STEP][PASSED] - Statement - CurrentMonth = monthContainerMatcher.toString(): null

2019-01-03 13:55:56 - [TEST_STEP][PASSED] - Statement - CurrentMonth = CurrentMonth: null

2019-01-03 13:55:56 - [TEST_STEP][PASSED] - Statement - CurrentDateNoFilter.applyPattern("yyyy"): null

2019-01-03 13:55:56 - [TEST_STEP][PASSED] - Statement - CurrentYear = CurrentDateNoFilter.format(TodayDate): null

2019-01-03 13:55:56 - [TEST_STEP][PASSED] - Statement - CurrentYear = CurrentYear: null

2019-01-03 13:55:56 - [TEST_STEP][PASSED] - Statement - intCurrentYear = java.lang.Integer.parseInt(CurrentDateNoFilter.format(TodayDate)): null

2019-01-03 13:55:56 - [TEST_STEP][PASSED] - Statement - eighteenYrsAgo = intCurrentYear - 18: null

2019-01-03 13:55:56 - [TEST_STEP][PASSED] - Statement - eighteenYrsBeforeThisYr = eighteenYrsAgo.toString(): null

2019-01-03 13:55:56 - [TEST_STEP][PASSED] - Statement - EighteenYrsBefore = eighteenYrsBeforeThisYr: null

2019-01-03 13:55:56 - [TEST_STEP][PASSED] - Statement - fiftysevenYrsAgo = intCurrentYear - 57: null

2019-01-03 13:55:56 - [TEST_STEP][PASSED] - Statement - fiftysevenYrsBeforeThisYr = fiftysevenYrsAgo.toString(): null

2019-01-03 13:55:56 - [TEST_STEP][PASSED] - Statement - FiftysevenYrsBefore = fiftysevenYrsBeforeThisYr: null

2019-01-03 13:55:56 - [TEST_STEP][PASSED] - Statement - leapYear = false: null

2019-01-03 13:55:56 - [TEST_STEP][PASSED] - Statement - leapYear = intCurrentYear % 4 == 0: null

2019-01-03 13:55:56 - [TEST_STEP][PASSED] - Statement - CurrentDateNoFilter.applyPattern("dd"): null

2019-01-03 13:55:56 - [TEST_STEP][PASSED] - Statement - CurrentDate = CurrentDateNoFilter.format(TodayDate): null

2019-01-03 13:55:56 - [TEST_STEP][PASSED] - Statement - CurrentDate = java.lang.Integer.parseInt(CurrentDate): null

2019-01-03 13:55:56 - [TEST_STEP][PASSED] - Statement - CurrentDate = CurrentDate: null

2019-01-03 13:55:56 - [TEST_STEP][PASSED] - Statement - CurrentDay = java.lang.Integer.parseInt(CurrentDate): null

2019-01-03 13:55:56 - [TEST_STEP][PASSED] - Statement - ConfAdder = <not implemented yet for class: org.codehaus.groovy.ast.expr.EmptyExpression>: null

2019-01-03 13:55:56 - [TEST_STEP][PASSED] - Statement - out.println(CurrentMonth): null

2019-01-03 13:55:56 - [TEST_STEP][PASSED] - Statement - out.println(CurrentDate): null

2019-01-03 13:55:56 - [TEST_STEP][PASSED] - Statement - switch (CurrentDate): null

2019-01-03 13:55:56 - [TEST_STEP][PASSED] - Statement - Default: null

2019-01-03 13:55:56 - [TEST_STEP][PASSED] - Statement - ConfAdder = true: null

2019-01-03 13:55:56 - [TEST_STEP][PASSED] - Statement - Break: null

2019-01-03 13:55:56 - [TEST_STEP][PASSED] - Statement - aDayBefore = <not implemented yet for class: org.codehaus.groovy.ast.expr.EmptyExpression>: null

2019-01-03 13:55:56 - [TEST_STEP][PASSED] - Statement - out.println(ConfAdder): null

2019-01-03 13:55:56 - [TEST_STEP][PASSED] - Statement - If (ConfAdder == true): null

2019-01-03 13:55:56 - [TEST_STEP][PASSED] - Statement - aDayBefore = CurrentDay + 1: null

2019-01-03 13:55:56 - [TEST_STEP][PASSED] - Statement - out.println(aDayBefore): null

2019-01-03 13:55:56 - [TEST_STEP][PASSED] - Statement - If (aDayBefore == 1 && CurrentMonth == 11): null

2019-01-03 13:55:56 - [TEST_STEP][PASSED] - Statement - DayBefore = aDayBefore.toString(): null

2019-01-03 13:55:56 - [TEST_STEP][PASSED] - Statement - OneDayBefore = DayBefore: null

2019-01-03 13:55:56 - [MESSAGE][PASSED] - Call Test Case 'Test Cases/Final Aug 2018 - PKS Automation/Registration Module/New Registration/Form 2/Date Updater' successfully

2019-01-03 13:55:56 - [TEST_STEP][PASSED] - delay: Delayed 1 second(s)

2019-01-03 13:55:57 - [MESSAGE][PASSED] - Delayed 1 second(s)

2019-01-03 13:55:57 - [TEST_STEP][PASSED] - Statement - CaseReferenceNo = com.kms.katalon.core.webui.keyword.WebUiBuiltInKeywords.getText(com.kms.katalon.core.testobject.ObjectRepository.findTestObject(Final Object Repo/New Registration - Registration Module Pages/Form 2/RefNo Acquiring)): Text of object 'Object Repository/Final Object Repo/New Registration - Registration Module Pages/Form 2/RefNo Acquiring' is: 'CRN01201900123568'

2019-01-03 13:55:57 - [MESSAGE][PASSED] - Text of object 'Object Repository/Final Object Repo/New Registration - Registration Module Pages/Form 2/RefNo Acquiring' is: 'CRN01201900123568'

2019-01-03 13:55:57 - [TEST_STEP][PASSED] - delay: Delayed 1 second(s)

2019-01-03 13:55:58 - [MESSAGE][PASSED] - Delayed 1 second(s)

2019-01-03 13:55:58 - [TEST_STEP][PASSED] - click: Object: 'Object Repository/Final Object Repo/New Registration - Registration Module Pages/Form 2/Add Employee Button' is clicked on

2019-01-03 13:55:58 - [MESSAGE][PASSED] - Object: 'Object Repository/Final Object Repo/New Registration - Registration Module Pages/Form 2/Add Employee Button' is clicked on

2019-01-03 13:55:58 - [TEST_STEP][PASSED] - delay: Delayed 1 second(s)

2019-01-03 13:55:59 - [MESSAGE][PASSED] - Delayed 1 second(s)

2019-01-03 13:55:59 - [TEST_STEP][PASSED] - setText: Text '010903091948' is set on object 'Object Repository/Final Object Repo/New Registration - Registration Module Pages/Form 2/NRIC Input'

2019-01-03 13:56:00 - [MESSAGE][PASSED] - Text '010903091948' is set on object 'Object Repository/Final Object Repo/New Registration - Registration Module Pages/Form 2/NRIC Input'

2019-01-03 13:56:00 - [TEST_STEP][PASSED] - delay: Delayed 2 second(s)

2019-01-03 13:56:02 - [MESSAGE][PASSED] - Delayed 2 second(s)

2019-01-03 13:56:02 - [TEST_STEP][PASSED] - setText: Text 'Automate001 eligible 1' is set on object 'Object Repository/Final Object Repo/New Registration - Registration Module Pages/Form 2/Employee Name Input'

2019-01-03 13:56:02 - [MESSAGE][PASSED] - Text 'Automate001 eligible 1' is set on object 'Object Repository/Final Object Repo/New Registration - Registration Module Pages/Form 2/Employee Name Input'

2019-01-03 13:56:02 - [TEST_STEP][PASSED] - delay: Delayed 2 second(s)

2019-01-03 13:56:04 - [MESSAGE][PASSED] - Delayed 2 second(s)

2019-01-03 13:56:04 - [TEST_STEP][PASSED] - click: Object: 'Object Repository/Final Object Repo/New Registration - Registration Module Pages/Form 2/DatePicker Pop Up' is clicked on

2019-01-03 13:56:04 - [MESSAGE][PASSED] - Object: 'Object Repository/Final Object Repo/New Registration - Registration Module Pages/Form 2/DatePicker Pop Up' is clicked on

2019-01-03 13:56:04 - [TEST_STEP][PASSED] - click: Object: 'Object Repository/Final Object Repo/New Registration - Registration Module Pages/Form 2/DOB Month' is clicked on

2019-01-03 13:56:04 - [MESSAGE][PASSED] - Object: 'Object Repository/Final Object Repo/New Registration - Registration Module Pages/Form 2/DOB Month' is clicked on

2019-01-03 13:56:04 - [TEST_STEP][PASSED] - Statement - CurrentMonth = CurrentMonth: null

2019-01-03 13:56:04 - [TEST_STEP][PASSED] - Statement - selectMonth = new com.kms.katalon.core.testobject.TestObject(): null

2019-01-03 13:56:04 - [TEST_STEP][PASSED] - Statement - selectMonth.addProperty("xpath", EQUALS, "//body/div/div/div/select/option[@value='" + CurrentMonth + "']", true): null

2019-01-03 13:56:04 - [TEST_STEP][PASSED] - click: Object: '' is clicked on

2019-01-03 13:56:05 - [MESSAGE][PASSED] - Object: '' is clicked on

2019-01-03 13:56:05 - [TEST_STEP][PASSED] - click: Object: 'Object Repository/Final Object Repo/New Registration - Registration Module Pages/Form 2/DOB Year' is clicked on

2019-01-03 13:56:05 - [MESSAGE][PASSED] - Object: 'Object Repository/Final Object Repo/New Registration - Registration Module Pages/Form 2/DOB Year' is clicked on

2019-01-03 13:56:05 - [TEST_STEP][PASSED] - Statement - Eyearsbf = EighteenYrsBefore: null

2019-01-03 13:56:05 - [TEST_STEP][PASSED] - Statement - selectYear = new com.kms.katalon.core.testobject.TestObject(): null

2019-01-03 13:56:05 - [TEST_STEP][PASSED] - Statement - selectYear.addProperty("xpath", EQUALS, "//div/div/div/select/option[@value='" + Eyearsbf + "']", true): null

2019-01-03 13:56:05 - [TEST_STEP][PASSED] - click: Object: '' is clicked on

2019-01-03 13:56:05 - [MESSAGE][PASSED] - Object: '' is clicked on

2019-01-03 13:56:05 - [TEST_STEP][PASSED] - Statement - UpdatedSelectDate = com.kms.katalon.core.webui.keyword.WebUiBuiltInKeywords.modifyObjectProperty(com.kms.katalon.core.testobject.ObjectRepository.findTestObject(Final Object Repo/New Registration - Registration Module Pages/Form 2/DOB Date), "xpath", "equals", "//body/div/table/tbody/tr/td/a[text()="" + CurrentDate + ""]", true): Modify property of object successfully

2019-01-03 13:56:05 - [MESSAGE][PASSED] - Modify property of object successfully

2019-01-03 13:56:05 - [TEST_STEP][PASSED] - delay: Delayed 3 second(s)

2019-01-03 13:56:08 - [MESSAGE][PASSED] - Delayed 3 second(s)

2019-01-03 13:56:08 - [TEST_STEP][PASSED] - click: Object: 'Object Repository/Final Object Repo/New Registration - Registration Module Pages/Form 2/DOB Date' is clicked on

2019-01-03 13:56:08 - [MESSAGE][PASSED] - Object: 'Object Repository/Final Object Repo/New Registration - Registration Module Pages/Form 2/DOB Date' is clicked on

2019-01-03 13:56:08 - [TEST_STEP][PASSED] - delay: Delayed 2 second(s)

2019-01-03 13:56:10 - [MESSAGE][PASSED] - Delayed 2 second(s)

2019-01-03 13:56:10 - [TEST_STEP][PASSED] - click: Object: 'Object Repository/Final Object Repo/New Registration - Registration Module Pages/Form 2/EmploymentStartDate Pop Up' is clicked on

2019-01-03 13:56:10 - [MESSAGE][PASSED] - Object: 'Object Repository/Final Object Repo/New Registration - Registration Module Pages/Form 2/EmploymentStartDate Pop Up' is clicked on

2019-01-03 13:56:10 - [TEST_STEP][PASSED] - delay: Delayed 2 second(s)

2019-01-03 13:56:12 - [MESSAGE][PASSED] - Delayed 2 second(s)

2019-01-03 13:56:12 - [TEST_STEP][PASSED] - click: Object: 'Object Repository/Final Object Repo/New Registration - Registration Module Pages/Form 2/Socso Employment StartDate Month' is clicked on

2019-01-03 13:56:12 - [MESSAGE][PASSED] - Object: 'Object Repository/Final Object Repo/New Registration - Registration Module Pages/Form 2/Socso Employment StartDate Month' is clicked on

2019-01-03 13:56:12 - [TEST_STEP][PASSED] - delay: Delayed 1 second(s)

2019-01-03 13:56:13 - [MESSAGE][PASSED] - Delayed 1 second(s)

2019-01-03 13:56:13 - [TEST_STEP][PASSED] - click: Object: 'Object Repository/Final Object Repo/New Registration - Registration Module Pages/Form 2/Select Socso Employement Startdate Month' is clicked on

2019-01-03 13:56:14 - [MESSAGE][PASSED] - Object: 'Object Repository/Final Object Repo/New Registration - Registration Module Pages/Form 2/Select Socso Employement Startdate Month' is clicked on

2019-01-03 13:56:14 - [TEST_STEP][PASSED] - delay: Delayed 2 second(s)

2019-01-03 13:56:16 - [MESSAGE][PASSED] - Delayed 2 second(s)

2019-01-03 13:56:16 - [TEST_STEP][PASSED] - click: Object: 'Object Repository/Final Object Repo/New Registration - Registration Module Pages/Form 2/Socso Employment StartDate Year' is clicked on

2019-01-03 13:56:16 - [MESSAGE][PASSED] - Object: 'Object Repository/Final Object Repo/New Registration - Registration Module Pages/Form 2/Socso Employment StartDate Year' is clicked on

2019-01-03 13:56:16 - [TEST_STEP][PASSED] - delay: Delayed 1 second(s)

2019-01-03 13:56:17 - [MESSAGE][PASSED] - Delayed 1 second(s)

2019-01-03 13:56:17 - [TEST_STEP][PASSED] - click: Object: 'Object Repository/Final Object Repo/New Registration - Registration Module Pages/Form 2/Select Socso Employment Startdate Year' is clicked on

2019-01-03 13:56:17 - [MESSAGE][PASSED] - Object: 'Object Repository/Final Object Repo/New Registration - Registration Module Pages/Form 2/Select Socso Employment Startdate Year' is clicked on

2019-01-03 13:56:17 - [TEST_STEP][PASSED] - delay: Delayed 2 second(s)

2019-01-03 13:56:19 - [MESSAGE][PASSED] - Delayed 2 second(s)

2019-01-03 13:56:19 - [TEST_STEP][PASSED] - click: Object: 'Object Repository/Final Object Repo/New Registration - Registration Module Pages/Form 2/Socso Employment Start Date Day' is clicked on

2019-01-03 13:56:19 - [MESSAGE][PASSED] - Object: 'Object Repository/Final Object Repo/New Registration - Registration Module Pages/Form 2/Socso Employment Start Date Day' is clicked on

2019-01-03 13:56:19 - [TEST_STEP][PASSED] - delay: Delayed 2 second(s)

2019-01-03 13:56:21 - [MESSAGE][PASSED] - Delayed 2 second(s)

2019-01-03 13:56:21 - [TEST_STEP][PASSED] - click: Object: 'Object Repository/Final Object Repo/New Registration - Registration Module Pages/Form 2/Save Button for Add Employee' is clicked on

2019-01-03 13:56:21 - [MESSAGE][PASSED] - Object: 'Object Repository/Final Object Repo/New Registration - Registration Module Pages/Form 2/Save Button for Add Employee' is clicked on

2019-01-03 13:56:21 - [TEST_STEP][PASSED] - delay: Delayed 6 second(s)

2019-01-03 13:56:27 - [MESSAGE][PASSED] - Delayed 6 second(s)

2019-01-03 13:56:27 - [TEST_STEP][PASSED] - click: Object: 'Object Repository/Final Object Repo/New Registration - Registration Module Pages/Form 2/Save and Continue Form 2' is clicked on

2019-01-03 13:56:27 - [MESSAGE][PASSED] - Object: 'Object Repository/Final Object Repo/New Registration - Registration Module Pages/Form 2/Save and Continue Form 2' is clicked on

2019-01-03 13:56:27 - [MESSAGE][PASSED] - Call Test Case 'Test Cases/Final Aug 2018 - PKS Automation/Registration Module/New Registration/Form 2/Add 1 Eligible - Employer Account Use' successfully

2019-01-03 13:56:27 - [TEST_STEP][PASSED] - callTestCase: Call Test Case 'Test Cases/Final Aug 2018 - PKS Automation/Registration Module/New Registration/Flow of New Registration/Third Screen - Upload Supporting Doc - Preview' successfully

2019-01-03 13:56:28 - [TEST_CASE][PASSED] - Test Cases/Final Aug 2018 - PKS Automation/Registration Module/New Registration/Flow of New Registration/Third Screen - Upload Supporting Doc - Preview: Test Cases/Final Aug 2018 - PKS Automation/Registration Module/New Registration/Flow of New Registration/Third Screen - Upload Supporting Doc - Preview

2019-01-03 13:56:28 - [TEST_STEP][PASSED] - waitForPageLoad: Wait for page load successfully

2019-01-03 13:56:28 - [MESSAGE][PASSED] - Wait for page load successfully

2019-01-03 13:56:28 - [TEST_STEP][PASSED] - Statement - CaseReferenceNo = com.kms.katalon.core.webui.keyword.WebUiBuiltInKeywords.getText(com.kms.katalon.core.testobject.ObjectRepository.findTestObject(Final Object Repo/New Registration - Registration Module Pages/Third Screen - Upload Supporting Doc- Preview/RefNo Acquiring)): Text of object 'Object Repository/Final Object Repo/New Registration - Registration Module Pages/Third Screen - Upload Supporting Doc- Preview/RefNo Acquiring' is: 'CRN01201900123568'

2019-01-03 13:56:28 - [MESSAGE][PASSED] - Text of object 'Object Repository/Final Object Repo/New Registration - Registration Module Pages/Third Screen - Upload Supporting Doc- Preview/RefNo Acquiring' is: 'CRN01201900123568'

2019-01-03 13:56:28 - [TEST_STEP][PASSED] - delay: Delayed 2 second(s)

2019-01-03 13:56:30 - [MESSAGE][PASSED] - Delayed 2 second(s)

2019-01-03 13:56:30 - [TEST_STEP][PASSED] - callTestCase: Call Test Case 'Test Cases/Final Aug 2018 - PKS Automation/Common/Reference Number Setter' successfully

2019-01-03 13:56:30 - [TEST_CASE][PASSED] - Test Cases/Final Aug 2018 - PKS Automation/Common/Reference Number Setter: Test Cases/Final Aug 2018 - PKS Automation/Common/Reference Number Setter

2019-01-03 13:56:31 - [TEST_STEP][PASSED] - Statement - RefNoOldFile = new java.io.File(C://Users//Admin//Desktop//PKS//Automation Reference Point//KatalonReference.txt): null

2019-01-03 13:56:31 - [TEST_STEP][PASSED] - Statement - RefNoOldFile.delete(): null

2019-01-03 13:56:31 - [TEST_STEP][PASSED] - delay: Delayed 5 second(s)

2019-01-03 13:56:36 - [MESSAGE][PASSED] - Delayed 5 second(s)

2019-01-03 13:56:36 - [TEST_STEP][PASSED] - Statement - RefNo = new java.io.File(C://Users//Admin//Desktop//PKS//Automation Reference Point//KatalonReference.txt): null

2019-01-03 13:56:36 - [TEST_STEP][PASSED] - Statement - f2 = new java.io.FileWriter(RefNo, false): null

2019-01-03 13:56:36 - [TEST_STEP][PASSED] - Statement - f2.write(CaseReferenceNo): null

2019-01-03 13:56:36 - [TEST_STEP][PASSED] - Statement - f2.close(): null

2019-01-03 13:56:36 - [TEST_STEP][PASSED] - Statement - out.println("


" + CaseReferenceNo + "


"): null

2019-01-03 13:56:36 - [MESSAGE][PASSED] - Call Test Case 'Test Cases/Final Aug 2018 - PKS Automation/Common/Reference Number Setter' successfully

2019-01-03 13:56:36 - [TEST_STEP][PASSED] - waitForElementClickable: Object 'Object Repository/Final Object Repo/New Registration - Registration Module Pages/Third Screen - Upload Supporting Doc- Preview/Save n Continue in SIP Employee Listing Page' is clickable

2019-01-03 13:56:36 - [MESSAGE][PASSED] - Object 'Object Repository/Final Object Repo/New Registration - Registration Module Pages/Third Screen - Upload Supporting Doc- Preview/Save n Continue in SIP Employee Listing Page' is clickable

2019-01-03 13:56:36 - [TEST_STEP][PASSED] - click: Object: 'Object Repository/Final Object Repo/New Registration - Registration Module Pages/Third Screen - Upload Supporting Doc- Preview/Save n Continue in SIP Employee Listing Page' is clicked on

2019-01-03 13:56:42 - [MESSAGE][PASSED] - Object: 'Object Repository/Final Object Repo/New Registration - Registration Module Pages/Third Screen - Upload Supporting Doc- Preview/Save n Continue in SIP Employee Listing Page' is clicked on

2019-01-03 13:56:42 - [TEST_STEP][PASSED] - delay: Delayed 7 second(s)

2019-01-03 13:56:49 - [MESSAGE][PASSED] - Delayed 7 second(s)

2019-01-03 13:56:49 - [TEST_STEP][PASSED] - click: Object: 'Object Repository/Final Object Repo/New Registration - Registration Module Pages/Third Screen - Upload Supporting Doc- Preview/Add Document Button' is clicked on

2019-01-03 13:56:49 - [MESSAGE][PASSED] - Object: 'Object Repository/Final Object Repo/New Registration - Registration Module Pages/Third Screen - Upload Supporting Doc- Preview/Add Document Button' is clicked on

2019-01-03 13:56:49 - [TEST_STEP][PASSED] - delay: Delayed 30 second(s)

2019-01-03 13:57:19 - [MESSAGE][PASSED] - Delayed 30 second(s)

2019-01-03 13:57:19 - [TEST_STEP][PASSED] - click: Object: 'Object Repository/Final Object Repo/New Registration - Registration Module Pages/Third Screen - Upload Supporting Doc- Preview/Supporting Doc Please Select Drop Down' is clicked on

2019-01-03 13:57:19 - [MESSAGE][PASSED] - Object: 'Object Repository/Final Object Repo/New Registration - Registration Module Pages/Third Screen - Upload Supporting Doc- Preview/Supporting Doc Please Select Drop Down' is clicked on

2019-01-03 13:57:19 - [TEST_STEP][PASSED] - delay: Delayed 2 second(s)

2019-01-03 13:57:21 - [MESSAGE][PASSED] - Delayed 2 second(s)

2019-01-03 13:57:21 - [TEST_STEP][PASSED] - click: Object: 'Object Repository/Final Object Repo/New Registration - Registration Module Pages/Third Screen - Upload Supporting Doc- Preview/Select to Upload Form 1' is clicked on

2019-01-03 13:57:21 - [MESSAGE][PASSED] - Object: 'Object Repository/Final Object Repo/New Registration - Registration Module Pages/Third Screen - Upload Supporting Doc- Preview/Select to Upload Form 1' is clicked on

2019-01-03 13:57:21 - [TEST_STEP][PASSED] - delay: Delayed 2 second(s)

2019-01-03 13:57:23 - [MESSAGE][PASSED] - Delayed 2 second(s)

2019-01-03 13:57:23 - [TEST_STEP][PASSED] - uploadFile: File 'C:\Users\Public\Pictures\Sample Pictures\Koala.jpg' sent to object: 'Object Repository/Final Object Repo/New Registration - Registration Module Pages/Third Screen - Upload Supporting Doc- Preview/Upload File Adding'

2019-01-03 13:57:23 - [MESSAGE][PASSED] - File 'C:\Users\Public\Pictures\Sample Pictures\Koala.jpg' sent to object: 'Object Repository/Final Object Repo/New Registration - Registration Module Pages/Third Screen - Upload Supporting Doc- Preview/Upload File Adding'

2019-01-03 13:57:23 - [TEST_STEP][PASSED] - delay: Delayed 5 second(s)

2019-01-03 13:57:28 - [MESSAGE][PASSED] - Delayed 5 second(s)

2019-01-03 13:57:28 - [TEST_STEP][PASSED] - click: Object: 'Object Repository/Final Object Repo/New Registration - Registration Module Pages/Third Screen - Upload Supporting Doc- Preview/Inner Form Add Document Button' is clicked on

2019-01-03 13:57:28 - [MESSAGE][PASSED] - Object: 'Object Repository/Final Object Repo/New Registration - Registration Module Pages/Third Screen - Upload Supporting Doc- Preview/Inner Form Add Document Button' is clicked on

2019-01-03 13:57:28 - [TEST_STEP][PASSED] - delay: Delayed 3 second(s)

2019-01-03 13:57:31 - [MESSAGE][PASSED] - Delayed 3 second(s)

2019-01-03 13:57:31 - [TEST_STEP][PASSED] - click: Object: 'Object Repository/Final Object Repo/New Registration - Registration Module Pages/Third Screen - Upload Supporting Doc- Preview/Add Document Button' is clicked on

2019-01-03 13:57:34 - [MESSAGE][PASSED] - Object: 'Object Repository/Final Object Repo/New Registration - Registration Module Pages/Third Screen - Upload Supporting Doc- Preview/Add Document Button' is clicked on

2019-01-03 13:57:34 - [TEST_STEP][PASSED] - delay: Delayed 30 second(s)

2019-01-03 13:58:04 - [MESSAGE][PASSED] - Delayed 30 second(s)

2019-01-03 13:58:04 - [TEST_STEP][PASSED] - click: Object: 'Object Repository/Final Object Repo/New Registration - Registration Module Pages/Third Screen - Upload Supporting Doc- Preview/Supporting Doc Please Select Drop Down' is clicked on

2019-01-03 13:58:04 - [MESSAGE][PASSED] - Object: 'Object Repository/Final Object Repo/New Registration - Registration Module Pages/Third Screen - Upload Supporting Doc- Preview/Supporting Doc Please Select Drop Down' is clicked on

2019-01-03 13:58:04 - [TEST_STEP][PASSED] - delay: Delayed 4 second(s)

2019-01-03 13:58:08 - [MESSAGE][PASSED] - Delayed 4 second(s)

2019-01-03 13:58:08 - [TEST_STEP][PASSED] - click: Object: 'Object Repository/Final Object Repo/New Registration - Registration Module Pages/Third Screen - Upload Supporting Doc- Preview/Select to Upload Form 2' is clicked on

2019-01-03 13:58:08 - [MESSAGE][PASSED] - Object: 'Object Repository/Final Object Repo/New Registration - Registration Module Pages/Third Screen - Upload Supporting Doc- Preview/Select to Upload Form 2' is clicked on

2019-01-03 13:58:08 - [TEST_STEP][PASSED] - delay: Delayed 2 second(s)

2019-01-03 13:58:10 - [MESSAGE][PASSED] - Delayed 2 second(s)

2019-01-03 13:58:10 - [TEST_STEP][PASSED] - uploadFile: File 'C:\Users\Public\Pictures\Sample Pictures\Koala.jpg' sent to object: 'Object Repository/Final Object Repo/New Registration - Registration Module Pages/Third Screen - Upload Supporting Doc- Preview/Upload File Adding'

2019-01-03 13:58:10 - [MESSAGE][PASSED] - File 'C:\Users\Public\Pictures\Sample Pictures\Koala.jpg' sent to object: 'Object Repository/Final Object Repo/New Registration - Registration Module Pages/Third Screen - Upload Supporting Doc- Preview/Upload File Adding'

2019-01-03 13:58:10 - [TEST_STEP][PASSED] - click: Object: 'Object Repository/Final Object Repo/New Registration - Registration Module Pages/Third Screen - Upload Supporting Doc- Preview/Inner Form Add Document Button' is clicked on

2019-01-03 13:58:11 - [MESSAGE][PASSED] - Object: 'Object Repository/Final Object Repo/New Registration - Registration Module Pages/Third Screen - Upload Supporting Doc- Preview/Inner Form Add Document Button' is clicked on

2019-01-03 13:58:11 - [TEST_STEP][PASSED] - delay: Delayed 5 second(s)

2019-01-03 13:58:16 - [MESSAGE][PASSED] - Delayed 5 second(s)

2019-01-03 13:58:16 - [TEST_STEP][PASSED] - click: Object: 'Object Repository/Final Object Repo/New Registration - Registration Module Pages/Third Screen - Upload Supporting Doc- Preview/Add Document Button' is clicked on

2019-01-03 13:58:16 - [MESSAGE][PASSED] - Object: 'Object Repository/Final Object Repo/New Registration - Registration Module Pages/Third Screen - Upload Supporting Doc- Preview/Add Document Button' is clicked on

2019-01-03 13:58:16 - [TEST_STEP][PASSED] - delay: Delayed 30 second(s)

2019-01-03 13:58:46 - [MESSAGE][PASSED] - Delayed 30 second(s)

2019-01-03 13:58:46 - [TEST_STEP][PASSED] - click: Object: 'Object Repository/Final Object Repo/New Registration - Registration Module Pages/Third Screen - Upload Supporting Doc- Preview/Supporting Doc Please Select Drop Down' is clicked on

2019-01-03 13:58:46 - [MESSAGE][PASSED] - Object: 'Object Repository/Final Object Repo/New Registration - Registration Module Pages/Third Screen - Upload Supporting Doc- Preview/Supporting Doc Please Select Drop Down' is clicked on

2019-01-03 13:58:46 - [TEST_STEP][PASSED] - click: Object: 'Object Repository/Final Object Repo/New Registration - Registration Module Pages/Third Screen - Upload Supporting Doc- Preview/Select to Upload Borang SIP 1' is clicked on

2019-01-03 13:58:46 - [MESSAGE][PASSED] - Object: 'Object Repository/Final Object Repo/New Registration - Registration Module Pages/Third Screen - Upload Supporting Doc- Preview/Select to Upload Borang SIP 1' is clicked on

2019-01-03 13:58:46 - [TEST_STEP][PASSED] - delay: Delayed 2 second(s)

2019-01-03 13:58:48 - [MESSAGE][PASSED] - Delayed 2 second(s)

2019-01-03 13:58:48 - [TEST_STEP][PASSED] - uploadFile: File 'C:\Users\Public\Pictures\Sample Pictures\Koala.jpg' sent to object: 'Object Repository/Final Object Repo/New Registration - Registration Module Pages/Third Screen - Upload Supporting Doc- Preview/Upload File Adding'

2019-01-03 13:58:48 - [MESSAGE][PASSED] - File 'C:\Users\Public\Pictures\Sample Pictures\Koala.jpg' sent to object: 'Object Repository/Final Object Repo/New Registration - Registration Module Pages/Third Screen - Upload Supporting Doc- Preview/Upload File Adding'

2019-01-03 13:58:48 - [TEST_STEP][PASSED] - click: Object: 'Object Repository/Final Object Repo/New Registration - Registration Module Pages/Third Screen - Upload Supporting Doc- Preview/Inner Form Add Document Button' is clicked on

2019-01-03 13:58:48 - [MESSAGE][PASSED] - Object: 'Object Repository/Final Object Repo/New Registration - Registration Module Pages/Third Screen - Upload Supporting Doc- Preview/Inner Form Add Document Button' is clicked on

2019-01-03 13:58:48 - [TEST_STEP][PASSED] - delay: Delayed 5 second(s)

2019-01-03 13:58:53 - [MESSAGE][PASSED] - Delayed 5 second(s)

2019-01-03 13:58:53 - [TEST_STEP][PASSED] - click: Object: 'Object Repository/Final Object Repo/New Registration - Registration Module Pages/Third Screen - Upload Supporting Doc- Preview/Add Document Button' is clicked on

2019-01-03 13:58:54 - [MESSAGE][PASSED] - Object: 'Object Repository/Final Object Repo/New Registration - Registration Module Pages/Third Screen - Upload Supporting Doc- Preview/Add Document Button' is clicked on

2019-01-03 13:58:54 - [TEST_STEP][PASSED] - delay: Delayed 30 second(s)

2019-01-03 13:59:24 - [MESSAGE][PASSED] - Delayed 30 second(s)

2019-01-03 13:59:24 - [TEST_STEP][PASSED] - click: Object: 'Object Repository/Final Object Repo/New Registration - Registration Module Pages/Third Screen - Upload Supporting Doc- Preview/Supporting Doc Please Select Drop Down' is clicked on

2019-01-03 13:59:24 - [MESSAGE][PASSED] - Object: 'Object Repository/Final Object Repo/New Registration - Registration Module Pages/Third Screen - Upload Supporting Doc- Preview/Supporting Doc Please Select Drop Down' is clicked on

2019-01-03 13:59:24 - [TEST_STEP][PASSED] - delay: Delayed 3 second(s)

2019-01-03 13:59:27 - [MESSAGE][PASSED] - Delayed 3 second(s)

2019-01-03 13:59:27 - [TEST_STEP][PASSED] - click: Object: 'Object Repository/Final Object Repo/New Registration - Registration Module Pages/Third Screen - Upload Supporting Doc- Preview/Select to Upload Borang SIP 2' is clicked on

2019-01-03 13:59:27 - [MESSAGE][PASSED] - Object: 'Object Repository/Final Object Repo/New Registration - Registration Module Pages/Third Screen - Upload Supporting Doc- Preview/Select to Upload Borang SIP 2' is clicked on

2019-01-03 13:59:27 - [TEST_STEP][PASSED] - delay: Delayed 2 second(s)

2019-01-03 13:59:29 - [MESSAGE][PASSED] - Delayed 2 second(s)

2019-01-03 13:59:29 - [TEST_STEP][PASSED] - uploadFile: File 'C:\Users\Public\Pictures\Sample Pictures\Koala.jpg' sent to object: 'Object Repository/Final Object Repo/New Registration - Registration Module Pages/Third Screen - Upload Supporting Doc- Preview/Upload File Adding'

2019-01-03 13:59:29 - [MESSAGE][PASSED] - File 'C:\Users\Public\Pictures\Sample Pictures\Koala.jpg' sent to object: 'Object Repository/Final Object Repo/New Registration - Registration Module Pages/Third Screen - Upload Supporting Doc- Preview/Upload File Adding'

2019-01-03 13:59:29 - [TEST_STEP][PASSED] - delay: Delayed 5 second(s)

2019-01-03 13:59:34 - [MESSAGE][PASSED] - Delayed 5 second(s)

2019-01-03 13:59:34 - [TEST_STEP][PASSED] - click: Object: 'Object Repository/Final Object Repo/New Registration - Registration Module Pages/Third Screen - Upload Supporting Doc- Preview/Inner Form Add Document Button' is clicked on

2019-01-03 13:59:34 - [MESSAGE][PASSED] - Object: 'Object Repository/Final Object Repo/New Registration - Registration Module Pages/Third Screen - Upload Supporting Doc- Preview/Inner Form Add Document Button' is clicked on

2019-01-03 13:59:34 - [TEST_STEP][PASSED] - delay: Delayed 3 second(s)

2019-01-03 13:59:37 - [MESSAGE][PASSED] - Delayed 3 second(s)

2019-01-03 13:59:37 - [TEST_STEP][PASSED] - waitForElementClickable: Object 'Object Repository/Final Object Repo/New Registration - Registration Module Pages/Third Screen - Upload Supporting Doc- Preview/Save n Continue in Uploading Supporting Doc Page' is clickable

2019-01-03 13:59:39 - [MESSAGE][PASSED] - Object 'Object Repository/Final Object Repo/New Registration - Registration Module Pages/Third Screen - Upload Supporting Doc- Preview/Save n Continue in Uploading Supporting Doc Page' is clickable

2019-01-03 13:59:39 - [TEST_STEP][PASSED] - click: Object: 'Object Repository/Final Object Repo/New Registration - Registration Module Pages/Third Screen - Upload Supporting Doc- Preview/Save n Continue in Uploading Supporting Doc Page' is clicked on

2019-01-03 13:59:39 - [MESSAGE][PASSED] - Object: 'Object Repository/Final Object Repo/New Registration - Registration Module Pages/Third Screen - Upload Supporting Doc- Preview/Save n Continue in Uploading Supporting Doc Page' is clicked on

2019-01-03 13:59:39 - [MESSAGE][PASSED] - Call Test Case 'Test Cases/Final Aug 2018 - PKS Automation/Registration Module/New Registration/Flow of New Registration/Third Screen - Upload Supporting Doc - Preview' successfully

2019-01-03 13:59:39 - [TEST_STEP][PASSED] - setText: Text 'Tester' is set on object 'Object Repository/Final Object Repo/New Registration - Registration Module Pages/New Reg - OTC to RO/Special Case - All Related Objects/Employer Preview Name'

2019-01-03 13:59:44 - [MESSAGE][PASSED] - Text 'Tester' is set on object 'Object Repository/Final Object Repo/New Registration - Registration Module Pages/New Reg - OTC to RO/Special Case - All Related Objects/Employer Preview Name'

2019-01-03 13:59:44 - [TEST_STEP][PASSED] - click: Object: 'Object Repository/Final Object Repo/New Registration - Registration Module Pages/New Reg - OTC to RO/Special Case - All Related Objects/IC Type Drop Down' is clicked on

2019-01-03 13:59:45 - [MESSAGE][PASSED] - Object: 'Object Repository/Final Object Repo/New Registration - Registration Module Pages/New Reg - OTC to RO/Special Case - All Related Objects/IC Type Drop Down' is clicked on

2019-01-03 13:59:45 - [TEST_STEP][PASSED] - click: Object: 'Object Repository/Final Object Repo/New Registration - Registration Module Pages/New Reg - OTC to RO/Special Case - All Related Objects/Select to NRIC' is clicked on

2019-01-03 13:59:45 - [MESSAGE][PASSED] - Object: 'Object Repository/Final Object Repo/New Registration - Registration Module Pages/New Reg - OTC to RO/Special Case - All Related Objects/Select to NRIC' is clicked on

2019-01-03 13:59:45 - [TEST_STEP][PASSED] - setText: Text '133245561223' is set on object 'Object Repository/Final Object Repo/New Registration - Registration Module Pages/New Reg - OTC to RO/Special Case - All Related Objects/IC Value'

2019-01-03 13:59:45 - [MESSAGE][PASSED] - Text '133245561223' is set on object 'Object Repository/Final Object Repo/New Registration - Registration Module Pages/New Reg - OTC to RO/Special Case - All Related Objects/IC Value'

2019-01-03 13:59:45 - [TEST_STEP][PASSED] - setText: Text 'Auto' is set on object 'Object Repository/Final Object Repo/New Registration - Registration Module Pages/New Reg - OTC to RO/Special Case - All Related Objects/Designation'

2019-01-03 13:59:45 - [MESSAGE][PASSED] - Text 'Auto' is set on object 'Object Repository/Final Object Repo/New Registration - Registration Module Pages/New Reg - OTC to RO/Special Case - All Related Objects/Designation'

2019-01-03 13:59:45 - [TEST_STEP][PASSED] - callTestCase: Call Test Case 'Test Cases/Final Aug 2018 - PKS Automation/Registration Module/New Registration/Submit and Screenshot/Submit Registration and Screenshot - Copy' successfully

2019-01-03 13:59:45 - [TEST_CASE][PASSED] - Test Cases/Final Aug 2018 - PKS Automation/Registration Module/New Registration/Submit and Screenshot/Submit Registration and Screenshot - Copy: Test Cases/Final Aug 2018 - PKS Automation/Registration Module/New Registration/Submit and Screenshot/Submit Registration and Screenshot - Copy

2019-01-03 13:59:46 - [TEST_STEP][PASSED] - delay: Delayed 6 second(s)

2019-01-03 13:59:52 - [MESSAGE][PASSED] - Delayed 6 second(s)

2019-01-03 13:59:52 - [TEST_STEP][PASSED] - click: Object: 'Object Repository/Final Object Repo/New Registration - Registration Module Pages/Third Screen - Upload Supporting Doc- Preview/Preview Submit Button' is clicked on

2019-01-03 13:59:52 - [MESSAGE][PASSED] - Object: 'Object Repository/Final Object Repo/New Registration - Registration Module Pages/Third Screen - Upload Supporting Doc- Preview/Preview Submit Button' is clicked on

2019-01-03 13:59:52 - [TEST_STEP][PASSED] - delay: Delayed 2 second(s)

2019-01-03 13:59:54 - [MESSAGE][PASSED] - Delayed 2 second(s)

2019-01-03 13:59:54 - [TEST_STEP][PASSED] - click: Object: 'Object Repository/Final Object Repo/New Registration - Registration Module Pages/Third Screen - Upload Supporting Doc- Preview/Preview Submit - Confirm' is clicked on

2019-01-03 13:59:54 - [MESSAGE][PASSED] - Object: 'Object Repository/Final Object Repo/New Registration - Registration Module Pages/Third Screen - Upload Supporting Doc- Preview/Preview Submit - Confirm' is clicked on

2019-01-03 13:59:54 - [TEST_STEP][PASSED] - delay: Delayed 15 second(s)

2019-01-03 14:00:09 - [MESSAGE][PASSED] - Delayed 15 second(s)

2019-01-03 14:00:09 - [TEST_STEP][PASSED] - Statement - driver = com.kms.katalon.core.webui.driver.DriverFactory.getWebDriver(): null

2019-01-03 14:00:09 - [TEST_STEP][PASSED] - Statement - driver.manage().timeouts().implicitlyWait(10, SECONDS): null

2019-01-03 14:00:09 - [TEST_STEP][PASSED] - Statement - PresavePath = KatalonScreenshots: null

2019-01-03 14:00:09 - [TEST_STEP][PASSED] - Statement - pathPrefix = "C:\Users\Public\Pictures\Sample Pictures\Katalon Screenshots\Automate Ending Screen": null

2019-01-03 14:00:09 - [TEST_STEP][PASSED] - Statement - finalPath = <not implemented yet for class: org.codehaus.groovy.ast.expr.EmptyExpression>: null

2019-01-03 14:00:09 - [TEST_STEP][PASSED] - Statement - scrFile = driver.getScreenshotAs(FILE): null

2019-01-03 14:00:10 - [TEST_STEP][PASSED] - Statement - PreSaveFile = new java.io.File(PresavePath): null

2019-01-03 14:00:10 - [TEST_STEP][PASSED] - Statement - counter = 0: null

2019-01-03 14:00:10 - [TEST_STEP][PASSED] - Statement - If (PreSaveFile.exists()): null

2019-01-03 14:00:10 - [TEST_STEP][PASSED] - Statement - While (PreSaveFile.exists()): null

2019-01-03 14:00:10 - [TEST_STEP][PASSED] - Statement - counter = counter + 1: null

2019-01-03 14:00:10 - [TEST_STEP][PASSED] - Statement - PreSaveFile = new java.io.File(((pathPrefix + java.lang.Integer.toString(counter)) + .png)): null

2019-01-03 14:00:10 - [TEST_STEP][PASSED] - Statement - counter = counter + 1: null

2019-01-03 14:00:10 - [TEST_STEP][PASSED] - Statement - PreSaveFile = new java.io.File(((pathPrefix + java.lang.Integer.toString(counter)) + .png)): null

2019-01-03 14:00:10 - [TEST_STEP][PASSED] - Statement - counter = counter + 1: null

2019-01-03 14:00:10 - [TEST_STEP][PASSED] - Statement - PreSaveFile = new java.io.File(((pathPrefix + java.lang.Integer.toString(counter)) + .png)): null

2019-01-03 14:00:10 - [TEST_STEP][PASSED] - Statement - counter = counter + 1: null

2019-01-03 14:00:10 - [TEST_STEP][PASSED] - Statement - PreSaveFile = new java.io.File(((pathPrefix + java.lang.Integer.toString(counter)) + .png)): null

2019-01-03 14:00:10 - [TEST_STEP][PASSED] - Statement - counter = counter + 1: null

2019-01-03 14:00:10 - [TEST_STEP][PASSED] - Statement - PreSaveFile = new java.io.File(((pathPrefix + java.lang.Integer.toString(counter)) + .png)): null

2019-01-03 14:00:10 - [TEST_STEP][PASSED] - Statement - counter = counter + 1: null

2019-01-03 14:00:10 - [TEST_STEP][PASSED] - Statement - PreSaveFile = new java.io.File(((pathPrefix + java.lang.Integer.toString(counter)) + .png)): null

2019-01-03 14:00:10 - [TEST_STEP][PASSED] - Statement - counter = counter + 1: null

2019-01-03 14:00:10 - [TEST_STEP][PASSED] - Statement - PreSaveFile = new java.io.File(((pathPrefix + java.lang.Integer.toString(counter)) + .png)): null

2019-01-03 14:00:10 - [TEST_STEP][PASSED] - Statement - counter = counter + 1: null

2019-01-03 14:00:10 - [TEST_STEP][PASSED] - Statement - PreSaveFile = new java.io.File(((pathPrefix + java.lang.Integer.toString(counter)) + .png)): null

2019-01-03 14:00:10 - [TEST_STEP][PASSED] - Statement - counter = counter + 1: null

2019-01-03 14:00:10 - [TEST_STEP][PASSED] - Statement - PreSaveFile = new java.io.File(((pathPrefix + java.lang.Integer.toString(counter)) + .png)): null

2019-01-03 14:00:10 - [TEST_STEP][PASSED] - Statement - counter = counter + 1: null

2019-01-03 14:00:10 - [TEST_STEP][PASSED] - Statement - PreSaveFile = new java.io.File(((pathPrefix + java.lang.Integer.toString(counter)) + .png)): null

2019-01-03 14:00:10 - [TEST_STEP][PASSED] - Statement - counter = counter + 1: null

2019-01-03 14:00:10 - [TEST_STEP][PASSED] - Statement - PreSaveFile = new java.io.File(((pathPrefix + java.lang.Integer.toString(counter)) + .png)): null

2019-01-03 14:00:10 - [TEST_STEP][PASSED] - Statement - counter = counter + 1: null

2019-01-03 14:00:10 - [TEST_STEP][PASSED] - Statement - PreSaveFile = new java.io.File(((pathPrefix + java.lang.Integer.toString(counter)) + .png)): null

2019-01-03 14:00:10 - [TEST_STEP][PASSED] - Statement - counter = counter + 1: null

2019-01-03 14:00:10 - [TEST_STEP][PASSED] - Statement - PreSaveFile = new java.io.File(((pathPrefix + java.lang.Integer.toString(counter)) + .png)): null

2019-01-03 14:00:10 - [TEST_STEP][PASSED] - Statement - counter = counter + 1: null

2019-01-03 14:00:10 - [TEST_STEP][PASSED] - Statement - PreSaveFile = new java.io.File(((pathPrefix + java.lang.Integer.toString(counter)) + .png)): null

2019-01-03 14:00:10 - [TEST_STEP][PASSED] - Statement - counter = counter + 1: null

2019-01-03 14:00:10 - [TEST_STEP][PASSED] - Statement - PreSaveFile = new java.io.File(((pathPrefix + java.lang.Integer.toString(counter)) + .png)): null

2019-01-03 14:00:10 - [TEST_STEP][PASSED] - Statement - counter = counter + 1: null

2019-01-03 14:00:10 - [TEST_STEP][PASSED] - Statement - PreSaveFile = new java.io.File(((pathPrefix + java.lang.Integer.toString(counter)) + .png)): null

2019-01-03 14:00:10 - [TEST_STEP][PASSED] - Statement - counter = counter + 1: null

2019-01-03 14:00:10 - [TEST_STEP][PASSED] - Statement - PreSaveFile = new java.io.File(((pathPrefix + java.lang.Integer.toString(counter)) + .png)): null

2019-01-03 14:00:10 - [TEST_STEP][PASSED] - Statement - counter = counter + 1: null

2019-01-03 14:00:10 - [TEST_STEP][PASSED] - Statement - PreSaveFile = new java.io.File(((pathPrefix + java.lang.Integer.toString(counter)) + .png)): null

2019-01-03 14:00:10 - [TEST_STEP][PASSED] - Statement - counter = counter + 1: null

2019-01-03 14:00:10 - [TEST_STEP][PASSED] - Statement - PreSaveFile = new java.io.File(((pathPrefix + java.lang.Integer.toString(counter)) + .png)): null

2019-01-03 14:00:10 - [TEST_STEP][PASSED] - Statement - counter = counter + 1: null

2019-01-03 14:00:10 - [TEST_STEP][PASSED] - Statement - PreSaveFile = new java.io.File(((pathPrefix + java.lang.Integer.toString(counter)) + .png)): null

2019-01-03 14:00:10 - [TEST_STEP][PASSED] - Statement - counter = counter + 1: null

2019-01-03 14:00:10 - [TEST_STEP][PASSED] - Statement - PreSaveFile = new java.io.File(((pathPrefix + java.lang.Integer.toString(counter)) + .png)): null

2019-01-03 14:00:10 - [TEST_STEP][PASSED] - Statement - counter = counter + 1: null

2019-01-03 14:00:10 - [TEST_STEP][PASSED] - Statement - PreSaveFile = new java.io.File(((pathPrefix + java.lang.Integer.toString(counter)) + .png)): null

2019-01-03 14:00:10 - [TEST_STEP][PASSED] - Statement - counter = counter + 1: null

2019-01-03 14:00:10 - [TEST_STEP][PASSED] - Statement - PreSaveFile = new java.io.File(((pathPrefix + java.lang.Integer.toString(counter)) + .png)): null

2019-01-03 14:00:10 - [TEST_STEP][PASSED] - Statement - counter = counter + 1: null

2019-01-03 14:00:10 - [TEST_STEP][PASSED] - Statement - PreSaveFile = new java.io.File(((pathPrefix + java.lang.Integer.toString(counter)) + .png)): null

2019-01-03 14:00:10 - [TEST_STEP][PASSED] - Statement - counter = counter + 1: null

2019-01-03 14:00:10 - [TEST_STEP][PASSED] - Statement - PreSaveFile = new java.io.File(((pathPrefix + java.lang.Integer.toString(counter)) + .png)): null

2019-01-03 14:00:10 - [TEST_STEP][PASSED] - Statement - counter = counter + 1: null

2019-01-03 14:00:10 - [TEST_STEP][PASSED] - Statement - PreSaveFile = new java.io.File(((pathPrefix + java.lang.Integer.toString(counter)) + .png)): null

2019-01-03 14:00:10 - [TEST_STEP][PASSED] - Statement - counter = counter + 1: null

2019-01-03 14:00:10 - [TEST_STEP][PASSED] - Statement - PreSaveFile = new java.io.File(((pathPrefix + java.lang.Integer.toString(counter)) + .png)): null

2019-01-03 14:00:10 - [TEST_STEP][PASSED] - Statement - counter = counter + 1: null

2019-01-03 14:00:10 - [TEST_STEP][PASSED] - Statement - PreSaveFile = new java.io.File(((pathPrefix + java.lang.Integer.toString(counter)) + .png)): null

2019-01-03 14:00:10 - [TEST_STEP][PASSED] - Statement - counter = counter + 1: null

2019-01-03 14:00:10 - [TEST_STEP][PASSED] - Statement - PreSaveFile = new java.io.File(((pathPrefix + java.lang.Integer.toString(counter)) + .png)): null

2019-01-03 14:00:10 - [TEST_STEP][PASSED] - Statement - counter = counter + 1: null

2019-01-03 14:00:10 - [TEST_STEP][PASSED] - Statement - PreSaveFile = new java.io.File(((pathPrefix + java.lang.Integer.toString(counter)) + .png)): null

2019-01-03 14:00:10 - [TEST_STEP][PASSED] - Statement - counter = counter + 1: null

2019-01-03 14:00:10 - [TEST_STEP][PASSED] - Statement - PreSaveFile = new java.io.File(((pathPrefix + java.lang.Integer.toString(counter)) + .png)): null

2019-01-03 14:00:10 - [TEST_STEP][PASSED] - Statement - counter = counter + 1: null

2019-01-03 14:00:10 - [TEST_STEP][PASSED] - Statement - PreSaveFile = new java.io.File(((pathPrefix + java.lang.Integer.toString(counter)) + .png)): null

2019-01-03 14:00:10 - [TEST_STEP][PASSED] - Statement - counter = counter + 1: null

2019-01-03 14:00:10 - [TEST_STEP][PASSED] - Statement - PreSaveFile = new java.io.File(((pathPrefix + java.lang.Integer.toString(counter)) + .png)): null

2019-01-03 14:00:10 - [TEST_STEP][PASSED] - Statement - counter = counter + 1: null

2019-01-03 14:00:10 - [TEST_STEP][PASSED] - Statement - PreSaveFile = new java.io.File(((pathPrefix + java.lang.Integer.toString(counter)) + .png)): null

2019-01-03 14:00:10 - [TEST_STEP][PASSED] - Statement - counter = counter + 1: null

2019-01-03 14:00:10 - [TEST_STEP][PASSED] - Statement - PreSaveFile = new java.io.File(((pathPrefix + java.lang.Integer.toString(counter)) + .png)): null

2019-01-03 14:00:10 - [TEST_STEP][PASSED] - Statement - counter = counter + 1: null

2019-01-03 14:00:10 - [TEST_STEP][PASSED] - Statement - PreSaveFile = new java.io.File(((pathPrefix + java.lang.Integer.toString(counter)) + .png)): null

2019-01-03 14:00:10 - [TEST_STEP][PASSED] - Statement - counter = counter + 1: null

2019-01-03 14:00:10 - [TEST_STEP][PASSED] - Statement - PreSaveFile = new java.io.File(((pathPrefix + java.lang.Integer.toString(counter)) + .png)): null

2019-01-03 14:00:10 - [TEST_STEP][PASSED] - Statement - counter = counter + 1: null

2019-01-03 14:00:10 - [TEST_STEP][PASSED] - Statement - PreSaveFile = new java.io.File(((pathPrefix + java.lang.Integer.toString(counter)) + .png)): null

2019-01-03 14:00:10 - [TEST_STEP][PASSED] - Statement - counter = counter + 1: null

2019-01-03 14:00:10 - [TEST_STEP][PASSED] - Statement - PreSaveFile = new java.io.File(((pathPrefix + java.lang.Integer.toString(counter)) + .png)): null

2019-01-03 14:00:10 - [TEST_STEP][PASSED] - Statement - counter = counter + 1: null

2019-01-03 14:00:10 - [TEST_STEP][PASSED] - Statement - PreSaveFile = new java.io.File(((pathPrefix + java.lang.Integer.toString(counter)) + .png)): null

2019-01-03 14:00:10 - [TEST_STEP][PASSED] - Statement - counter = counter + 1: null

2019-01-03 14:00:10 - [TEST_STEP][PASSED] - Statement - PreSaveFile = new java.io.File(((pathPrefix + java.lang.Integer.toString(counter)) + .png)): null

2019-01-03 14:00:10 - [TEST_STEP][PASSED] - Statement - counter = counter + 1: null

2019-01-03 14:00:10 - [TEST_STEP][PASSED] - Statement - PreSaveFile = new java.io.File(((pathPrefix + java.lang.Integer.toString(counter)) + .png)): null

2019-01-03 14:00:10 - [TEST_STEP][PASSED] - Statement - counter = counter + 1: null

2019-01-03 14:00:10 - [TEST_STEP][PASSED] - Statement - PreSaveFile = new java.io.File(((pathPrefix + java.lang.Integer.toString(counter)) + .png)): null

2019-01-03 14:00:10 - [TEST_STEP][PASSED] - Statement - counter = counter + 1: null

2019-01-03 14:00:10 - [TEST_STEP][PASSED] - Statement - PreSaveFile = new java.io.File(((pathPrefix + java.lang.Integer.toString(counter)) + .png)): null

2019-01-03 14:00:10 - [TEST_STEP][PASSED] - Statement - counter = counter + 1: null

2019-01-03 14:00:10 - [TEST_STEP][PASSED] - Statement - PreSaveFile = new java.io.File(((pathPrefix + java.lang.Integer.toString(counter)) + .png)): null

2019-01-03 14:00:10 - [TEST_STEP][PASSED] - Statement - counter = counter + 1: null

2019-01-03 14:00:10 - [TEST_STEP][PASSED] - Statement - PreSaveFile = new java.io.File(((pathPrefix + java.lang.Integer.toString(counter)) + .png)): null

2019-01-03 14:00:10 - [TEST_STEP][PASSED] - Statement - counter = counter + 1: null

2019-01-03 14:00:10 - [TEST_STEP][PASSED] - Statement - PreSaveFile = new java.io.File(((pathPrefix + java.lang.Integer.toString(counter)) + .png)): null

2019-01-03 14:00:10 - [TEST_STEP][PASSED] - Statement - counter = counter + 1: null

2019-01-03 14:00:10 - [TEST_STEP][PASSED] - Statement - PreSaveFile = new java.io.File(((pathPrefix + java.lang.Integer.toString(counter)) + .png)): null

2019-01-03 14:00:10 - [TEST_STEP][PASSED] - Statement - counter = counter + 1: null

2019-01-03 14:00:10 - [TEST_STEP][PASSED] - Statement - PreSaveFile = new java.io.File(((pathPrefix + java.lang.Integer.toString(counter)) + .png)): null

2019-01-03 14:00:10 - [TEST_STEP][PASSED] - Statement - counter = counter + 1: null

2019-01-03 14:00:10 - [TEST_STEP][PASSED] - Statement - PreSaveFile = new java.io.File(((pathPrefix + java.lang.Integer.toString(counter)) + .png)): null

2019-01-03 14:00:10 - [TEST_STEP][PASSED] - Statement - counter = counter + 1: null

2019-01-03 14:00:10 - [TEST_STEP][PASSED] - Statement - PreSaveFile = new java.io.File(((pathPrefix + java.lang.Integer.toString(counter)) + .png)): null

2019-01-03 14:00:10 - [TEST_STEP][PASSED] - Statement - counter = counter + 1: null

2019-01-03 14:00:10 - [TEST_STEP][PASSED] - Statement - PreSaveFile = new java.io.File(((pathPrefix + java.lang.Integer.toString(counter)) + .png)): null

2019-01-03 14:00:10 - [TEST_STEP][PASSED] - Statement - counter = counter + 1: null

2019-01-03 14:00:10 - [TEST_STEP][PASSED] - Statement - PreSaveFile = new java.io.File(((pathPrefix + java.lang.Integer.toString(counter)) + .png)): null

2019-01-03 14:00:10 - [TEST_STEP][PASSED] - Statement - counter = counter + 1: null

2019-01-03 14:00:10 - [TEST_STEP][PASSED] - Statement - PreSaveFile = new java.io.File(((pathPrefix + java.lang.Integer.toString(counter)) + .png)): null

2019-01-03 14:00:10 - [TEST_STEP][PASSED] - Statement - counter = counter + 1: null

2019-01-03 14:00:10 - [TEST_STEP][PASSED] - Statement - PreSaveFile = new java.io.File(((pathPrefix + java.lang.Integer.toString(counter)) + .png)): null

2019-01-03 14:00:10 - [TEST_STEP][PASSED] - Statement - counter = counter + 1: null

2019-01-03 14:00:10 - [TEST_STEP][PASSED] - Statement - PreSaveFile = new java.io.File(((pathPrefix + java.lang.Integer.toString(counter)) + .png)): null

2019-01-03 14:00:10 - [TEST_STEP][PASSED] - Statement - counter = counter + 1: null

2019-01-03 14:00:10 - [TEST_STEP][PASSED] - Statement - PreSaveFile = new java.io.File(((pathPrefix + java.lang.Integer.toString(counter)) + .png)): null

2019-01-03 14:00:10 - [TEST_STEP][PASSED] - Statement - counter = counter + 1: null

2019-01-03 14:00:10 - [TEST_STEP][PASSED] - Statement - PreSaveFile = new java.io.File(((pathPrefix + java.lang.Integer.toString(counter)) + .png)): null

2019-01-03 14:00:10 - [TEST_STEP][PASSED] - Statement - counter = counter + 1: null

2019-01-03 14:00:10 - [TEST_STEP][PASSED] - Statement - PreSaveFile = new java.io.File(((pathPrefix + java.lang.Integer.toString(counter)) + .png)): null

2019-01-03 14:00:10 - [TEST_STEP][PASSED] - Statement - counter = counter + 1: null

2019-01-03 14:00:10 - [TEST_STEP][PASSED] - Statement - PreSaveFile = new java.io.File(((pathPrefix + java.lang.Integer.toString(counter)) + .png)): null

2019-01-03 14:00:10 - [TEST_STEP][PASSED] - Statement - counter = counter + 1: null

2019-01-03 14:00:10 - [TEST_STEP][PASSED] - Statement - PreSaveFile = new java.io.File(((pathPrefix + java.lang.Integer.toString(counter)) + .png)): null

2019-01-03 14:00:10 - [TEST_STEP][PASSED] - Statement - counter = counter + 1: null

2019-01-03 14:00:10 - [TEST_STEP][PASSED] - Statement - PreSaveFile = new java.io.File(((pathPrefix + java.lang.Integer.toString(counter)) + .png)): null

2019-01-03 14:00:10 - [TEST_STEP][PASSED] - Statement - counter = counter + 1: null

2019-01-03 14:00:10 - [TEST_STEP][PASSED] - Statement - PreSaveFile = new java.io.File(((pathPrefix + java.lang.Integer.toString(counter)) + .png)): null

2019-01-03 14:00:10 - [TEST_STEP][PASSED] - Statement - counter = counter + 1: null

2019-01-03 14:00:10 - [TEST_STEP][PASSED] - Statement - PreSaveFile = new java.io.File(((pathPrefix + java.lang.Integer.toString(counter)) + .png)): null

2019-01-03 14:00:10 - [TEST_STEP][PASSED] - Statement - counter = counter + 1: null

2019-01-03 14:00:10 - [TEST_STEP][PASSED] - Statement - PreSaveFile = new java.io.File(((pathPrefix + java.lang.Integer.toString(counter)) + .png)): null

2019-01-03 14:00:10 - [TEST_STEP][PASSED] - Statement - counter = counter + 1: null

2019-01-03 14:00:10 - [TEST_STEP][PASSED] - Statement - PreSaveFile = new java.io.File(((pathPrefix + java.lang.Integer.toString(counter)) + .png)): null

2019-01-03 14:00:10 - [TEST_STEP][PASSED] - Statement - counter = counter + 1: null

2019-01-03 14:00:10 - [TEST_STEP][PASSED] - Statement - PreSaveFile = new java.io.File(((pathPrefix + java.lang.Integer.toString(counter)) + .png)): null

2019-01-03 14:00:10 - [TEST_STEP][PASSED] - Statement - counter = counter + 1: null

2019-01-03 14:00:10 - [TEST_STEP][PASSED] - Statement - PreSaveFile = new java.io.File(((pathPrefix + java.lang.Integer.toString(counter)) + .png)): null

2019-01-03 14:00:10 - [TEST_STEP][PASSED] - Statement - counter = counter + 1: null

2019-01-03 14:00:10 - [TEST_STEP][PASSED] - Statement - PreSaveFile = new java.io.File(((pathPrefix + java.lang.Integer.toString(counter)) + .png)): null

2019-01-03 14:00:10 - [TEST_STEP][PASSED] - Statement - counter = counter + 1: null

2019-01-03 14:00:10 - [TEST_STEP][PASSED] - Statement - PreSaveFile = new java.io.File(((pathPrefix + java.lang.Integer.toString(counter)) + .png)): null

2019-01-03 14:00:10 - [TEST_STEP][PASSED] - Statement - counter = counter + 1: null

2019-01-03 14:00:10 - [TEST_STEP][PASSED] - Statement - PreSaveFile = new java.io.File(((pathPrefix + java.lang.Integer.toString(counter)) + .png)): null

2019-01-03 14:00:10 - [TEST_STEP][PASSED] - Statement - counter = counter + 1: null

2019-01-03 14:00:10 - [TEST_STEP][PASSED] - Statement - PreSaveFile = new java.io.File(((pathPrefix + java.lang.Integer.toString(counter)) + .png)): null

2019-01-03 14:00:10 - [TEST_STEP][PASSED] - Statement - counter = counter + 1: null

2019-01-03 14:00:10 - [TEST_STEP][PASSED] - Statement - PreSaveFile = new java.io.File(((pathPrefix + java.lang.Integer.toString(counter)) + .png)): null

2019-01-03 14:00:10 - [TEST_STEP][PASSED] - Statement - counter = counter + 1: null

2019-01-03 14:00:10 - [TEST_STEP][PASSED] - Statement - PreSaveFile = new java.io.File(((pathPrefix + java.lang.Integer.toString(counter)) + .png)): null

2019-01-03 14:00:10 - [TEST_STEP][PASSED] - Statement - counter = counter + 1: null

2019-01-03 14:00:10 - [TEST_STEP][PASSED] - Statement - PreSaveFile = new java.io.File(((pathPrefix + java.lang.Integer.toString(counter)) + .png)): null

2019-01-03 14:00:10 - [TEST_STEP][PASSED] - Statement - counter = counter + 1: null

2019-01-03 14:00:10 - [TEST_STEP][PASSED] - Statement - PreSaveFile = new java.io.File(((pathPrefix + java.lang.Integer.toString(counter)) + .png)): null

2019-01-03 14:00:10 - [TEST_STEP][PASSED] - Statement - counter = counter + 1: null

2019-01-03 14:00:10 - [TEST_STEP][PASSED] - Statement - PreSaveFile = new java.io.File(((pathPrefix + java.lang.Integer.toString(counter)) + .png)): null

2019-01-03 14:00:10 - [TEST_STEP][PASSED] - Statement - counter = counter + 1: null

2019-01-03 14:00:10 - [TEST_STEP][PASSED] - Statement - PreSaveFile = new java.io.File(((pathPrefix + java.lang.Integer.toString(counter)) + .png)): null

2019-01-03 14:00:10 - [TEST_STEP][PASSED] - Statement - counter = counter + 1: null

2019-01-03 14:00:10 - [TEST_STEP][PASSED] - Statement - PreSaveFile = new java.io.File(((pathPrefix + java.lang.Integer.toString(counter)) + .png)): null

2019-01-03 14:00:10 - [TEST_STEP][PASSED] - Statement - counter = counter + 1: null

2019-01-03 14:00:10 - [TEST_STEP][PASSED] - Statement - PreSaveFile = new java.io.File(((pathPrefix + java.lang.Integer.toString(counter)) + .png)): null

2019-01-03 14:00:10 - [TEST_STEP][PASSED] - Statement - counter = counter + 1: null

2019-01-03 14:00:11 - [TEST_STEP][PASSED] - Statement - PreSaveFile = new java.io.File(((pathPrefix + java.lang.Integer.toString(counter)) + .png)): null

2019-01-03 14:00:11 - [TEST_STEP][PASSED] - Statement - counter = counter + 1: null

2019-01-03 14:00:11 - [TEST_STEP][PASSED] - Statement - PreSaveFile = new java.io.File(((pathPrefix + java.lang.Integer.toString(counter)) + .png)): null

2019-01-03 14:00:11 - [TEST_STEP][PASSED] - Statement - counter = counter + 1: null

2019-01-03 14:00:11 - [TEST_STEP][PASSED] - Statement - PreSaveFile = new java.io.File(((pathPrefix + java.lang.Integer.toString(counter)) + .png)): null

2019-01-03 14:00:11 - [TEST_STEP][PASSED] - Statement - counter = counter + 1: null

2019-01-03 14:00:11 - [TEST_STEP][PASSED] - Statement - PreSaveFile = new java.io.File(((pathPrefix + java.lang.Integer.toString(counter)) + .png)): null

2019-01-03 14:00:11 - [TEST_STEP][PASSED] - Statement - counter = counter + 1: null

2019-01-03 14:00:11 - [TEST_STEP][PASSED] - Statement - PreSaveFile = new java.io.File(((pathPrefix + java.lang.Integer.toString(counter)) + .png)): null

2019-01-03 14:00:11 - [TEST_STEP][PASSED] - Statement - counter = counter + 1: null

2019-01-03 14:00:11 - [TEST_STEP][PASSED] - Statement - PreSaveFile = new java.io.File(((pathPrefix + java.lang.Integer.toString(counter)) + .png)): null

2019-01-03 14:00:11 - [TEST_STEP][PASSED] - Statement - counter = counter + 1: null

2019-01-03 14:00:11 - [TEST_STEP][PASSED] - Statement - PreSaveFile = new java.io.File(((pathPrefix + java.lang.Integer.toString(counter)) + .png)): null

2019-01-03 14:00:11 - [TEST_STEP][PASSED] - Statement - counter = counter + 1: null

2019-01-03 14:00:11 - [TEST_STEP][PASSED] - Statement - PreSaveFile = new java.io.File(((pathPrefix + java.lang.Integer.toString(counter)) + .png)): null

2019-01-03 14:00:11 - [TEST_STEP][PASSED] - Statement - counter = counter + 1: null

2019-01-03 14:00:11 - [TEST_STEP][PASSED] - Statement - PreSaveFile = new java.io.File(((pathPrefix + java.lang.Integer.toString(counter)) + .png)): null

2019-01-03 14:00:11 - [TEST_STEP][PASSED] - Statement - counter = counter + 1: null

2019-01-03 14:00:11 - [TEST_STEP][PASSED] - Statement - PreSaveFile = new java.io.File(((pathPrefix + java.lang.Integer.toString(counter)) + .png)): null

2019-01-03 14:00:11 - [TEST_STEP][PASSED] - Statement - counter = counter + 1: null

2019-01-03 14:00:11 - [TEST_STEP][PASSED] - Statement - PreSaveFile = new java.io.File(((pathPrefix + java.lang.Integer.toString(counter)) + .png)): null

2019-01-03 14:00:11 - [TEST_STEP][PASSED] - Statement - counter = counter + 1: null

2019-01-03 14:00:11 - [TEST_STEP][PASSED] - Statement - PreSaveFile = new java.io.File(((pathPrefix + java.lang.Integer.toString(counter)) + .png)): null

2019-01-03 14:00:11 - [TEST_STEP][PASSED] - Statement - counter = counter + 1: null

2019-01-03 14:00:11 - [TEST_STEP][PASSED] - Statement - PreSaveFile = new java.io.File(((pathPrefix + java.lang.Integer.toString(counter)) + .png)): null

2019-01-03 14:00:11 - [TEST_STEP][PASSED] - Statement - counter = counter + 1: null

2019-01-03 14:00:11 - [TEST_STEP][PASSED] - Statement - PreSaveFile = new java.io.File(((pathPrefix + java.lang.Integer.toString(counter)) + .png)): null

2019-01-03 14:00:11 - [TEST_STEP][PASSED] - Statement - counter = counter + 1: null

2019-01-03 14:00:11 - [TEST_STEP][PASSED] - Statement - PreSaveFile = new java.io.File(((pathPrefix + java.lang.Integer.toString(counter)) + .png)): null

2019-01-03 14:00:11 - [TEST_STEP][PASSED] - Statement - counter = counter + 1: null

2019-01-03 14:00:11 - [TEST_STEP][PASSED] - Statement - PreSaveFile = new java.io.File(((pathPrefix + java.lang.Integer.toString(counter)) + .png)): null

2019-01-03 14:00:11 - [TEST_STEP][PASSED] - Statement - counter = counter + 1: null

2019-01-03 14:00:11 - [TEST_STEP][PASSED] - Statement - PreSaveFile = new java.io.File(((pathPrefix + java.lang.Integer.toString(counter)) + .png)): null

2019-01-03 14:00:11 - [TEST_STEP][PASSED] - Statement - counter = counter + 1: null

2019-01-03 14:00:11 - [TEST_STEP][PASSED] - Statement - PreSaveFile = new java.io.File(((pathPrefix + java.lang.Integer.toString(counter)) + .png)): null

2019-01-03 14:00:11 - [TEST_STEP][PASSED] - Statement - counter = counter + 1: null

2019-01-03 14:00:11 - [TEST_STEP][PASSED] - Statement - PreSaveFile = new java.io.File(((pathPrefix + java.lang.Integer.toString(counter)) + .png)): null

2019-01-03 14:00:11 - [TEST_STEP][PASSED] - Statement - counter = counter + 1: null

2019-01-03 14:00:11 - [TEST_STEP][PASSED] - Statement - PreSaveFile = new java.io.File(((pathPrefix + java.lang.Integer.toString(counter)) + .png)): null

2019-01-03 14:00:11 - [TEST_STEP][PASSED] - Statement - counter = counter + 1: null

2019-01-03 14:00:11 - [TEST_STEP][PASSED] - Statement - PreSaveFile = new java.io.File(((pathPrefix + java.lang.Integer.toString(counter)) + .png)): null

2019-01-03 14:00:11 - [TEST_STEP][PASSED] - Statement - counter = counter + 1: null

2019-01-03 14:00:11 - [TEST_STEP][PASSED] - Statement - PreSaveFile = new java.io.File(((pathPrefix + java.lang.Integer.toString(counter)) + .png)): null

2019-01-03 14:00:11 - [TEST_STEP][PASSED] - Statement - counter = counter + 1: null

2019-01-03 14:00:11 - [TEST_STEP][PASSED] - Statement - PreSaveFile = new java.io.File(((pathPrefix + java.lang.Integer.toString(counter)) + .png)): null

2019-01-03 14:00:11 - [TEST_STEP][PASSED] - Statement - counter = counter + 1: null

2019-01-03 14:00:11 - [TEST_STEP][PASSED] - Statement - PreSaveFile = new java.io.File(((pathPrefix + java.lang.Integer.toString(counter)) + .png)): null

2019-01-03 14:00:11 - [TEST_STEP][PASSED] - Statement - counter = counter + 1: null

2019-01-03 14:00:11 - [TEST_STEP][PASSED] - Statement - PreSaveFile = new java.io.File(((pathPrefix + java.lang.Integer.toString(counter)) + .png)): null

2019-01-03 14:00:11 - [TEST_STEP][PASSED] - Statement - counter = counter + 1: null

2019-01-03 14:00:11 - [TEST_STEP][PASSED] - Statement - PreSaveFile = new java.io.File(((pathPrefix + java.lang.Integer.toString(counter)) + .png)): null

2019-01-03 14:00:11 - [TEST_STEP][PASSED] - Statement - counter = counter + 1: null

2019-01-03 14:00:11 - [TEST_STEP][PASSED] - Statement - PreSaveFile = new java.io.File(((pathPrefix + java.lang.Integer.toString(counter)) + .png)): null

2019-01-03 14:00:11 - [TEST_STEP][PASSED] - Statement - counter = counter + 1: null

2019-01-03 14:00:11 - [TEST_STEP][PASSED] - Statement - PreSaveFile = new java.io.File(((pathPrefix + java.lang.Integer.toString(counter)) + .png)): null

2019-01-03 14:00:11 - [TEST_STEP][PASSED] - Statement - counter = counter + 1: null

2019-01-03 14:00:11 - [TEST_STEP][PASSED] - Statement - PreSaveFile = new java.io.File(((pathPrefix + java.lang.Integer.toString(counter)) + .png)): null

2019-01-03 14:00:11 - [TEST_STEP][PASSED] - Statement - counter = counter + 1: null

2019-01-03 14:00:11 - [TEST_STEP][PASSED] - Statement - PreSaveFile = new java.io.File(((pathPrefix + java.lang.Integer.toString(counter)) + .png)): null

2019-01-03 14:00:11 - [TEST_STEP][PASSED] - Statement - counter = counter + 1: null

2019-01-03 14:00:11 - [TEST_STEP][PASSED] - Statement - PreSaveFile = new java.io.File(((pathPrefix + java.lang.Integer.toString(counter)) + .png)): null

2019-01-03 14:00:11 - [TEST_STEP][PASSED] - Statement - counter = counter + 1: null

2019-01-03 14:00:11 - [TEST_STEP][PASSED] - Statement - PreSaveFile = new java.io.File(((pathPrefix + java.lang.Integer.toString(counter)) + .png)): null

2019-01-03 14:00:11 - [TEST_STEP][PASSED] - Statement - counter = counter + 1: null

2019-01-03 14:00:11 - [TEST_STEP][PASSED] - Statement - PreSaveFile = new java.io.File(((pathPrefix + java.lang.Integer.toString(counter)) + .png)): null

2019-01-03 14:00:11 - [TEST_STEP][PASSED] - Statement - counter = counter + 1: null

2019-01-03 14:00:11 - [TEST_STEP][PASSED] - Statement - PreSaveFile = new java.io.File(((pathPrefix + java.lang.Integer.toString(counter)) + .png)): null

2019-01-03 14:00:11 - [TEST_STEP][PASSED] - Statement - counter = counter + 1: null

2019-01-03 14:00:11 - [TEST_STEP][PASSED] - Statement - PreSaveFile = new java.io.File(((pathPrefix + java.lang.Integer.toString(counter)) + .png)): null

2019-01-03 14:00:11 - [TEST_STEP][PASSED] - Statement - counter = counter + 1: null

2019-01-03 14:00:11 - [TEST_STEP][PASSED] - Statement - PreSaveFile = new java.io.File(((pathPrefix + java.lang.Integer.toString(counter)) + .png)): null

2019-01-03 14:00:11 - [TEST_STEP][PASSED] - Statement - counter = counter + 1: null

2019-01-03 14:00:11 - [TEST_STEP][PASSED] - Statement - PreSaveFile = new java.io.File(((pathPrefix + java.lang.Integer.toString(counter)) + .png)): null

2019-01-03 14:00:11 - [TEST_STEP][PASSED] - Statement - counter = counter + 1: null

2019-01-03 14:00:11 - [TEST_STEP][PASSED] - Statement - PreSaveFile = new java.io.File(((pathPrefix + java.lang.Integer.toString(counter)) + .png)): null

2019-01-03 14:00:11 - [TEST_STEP][PASSED] - Statement - counter = counter + 1: null

2019-01-03 14:00:11 - [TEST_STEP][PASSED] - Statement - PreSaveFile = new java.io.File(((pathPrefix + java.lang.Integer.toString(counter)) + .png)): null

2019-01-03 14:00:11 - [TEST_STEP][PASSED] - Statement - counter = counter + 1: null

2019-01-03 14:00:11 - [TEST_STEP][PASSED] - Statement - PreSaveFile = new java.io.File(((pathPrefix + java.lang.Integer.toString(counter)) + .png)): null

2019-01-03 14:00:11 - [TEST_STEP][PASSED] - Statement - counter = counter + 1: null

2019-01-03 14:00:11 - [TEST_STEP][PASSED] - Statement - PreSaveFile = new java.io.File(((pathPrefix + java.lang.Integer.toString(counter)) + .png)): null

2019-01-03 14:00:11 - [TEST_STEP][PASSED] - Statement - counter = counter + 1: null

2019-01-03 14:00:11 - [TEST_STEP][PASSED] - Statement - PreSaveFile = new java.io.File(((pathPrefix + java.lang.Integer.toString(counter)) + .png)): null

2019-01-03 14:00:11 - [TEST_STEP][PASSED] - Statement - counter = counter + 1: null

2019-01-03 14:00:11 - [TEST_STEP][PASSED] - Statement - PreSaveFile = new java.io.File(((pathPrefix + java.lang.Integer.toString(counter)) + .png)): null

2019-01-03 14:00:11 - [TEST_STEP][PASSED] - Statement - counter = counter + 1: null

2019-01-03 14:00:11 - [TEST_STEP][PASSED] - Statement - PreSaveFile = new java.io.File(((pathPrefix + java.lang.Integer.toString(counter)) + .png)): null

2019-01-03 14:00:11 - [TEST_STEP][PASSED] - Statement - counter = counter + 1: null

2019-01-03 14:00:11 - [TEST_STEP][PASSED] - Statement - PreSaveFile = new java.io.File(((pathPrefix + java.lang.Integer.toString(counter)) + .png)): null

2019-01-03 14:00:11 - [TEST_STEP][PASSED] - Statement - counter = counter + 1: null

2019-01-03 14:00:11 - [TEST_STEP][PASSED] - Statement - PreSaveFile = new java.io.File(((pathPrefix + java.lang.Integer.toString(counter)) + .png)): null

2019-01-03 14:00:11 - [TEST_STEP][PASSED] - Statement - counter = counter + 1: null

2019-01-03 14:00:11 - [TEST_STEP][PASSED] - Statement - PreSaveFile = new java.io.File(((pathPrefix + java.lang.Integer.toString(counter)) + .png)): null

2019-01-03 14:00:11 - [TEST_STEP][PASSED] - Statement - counter = counter + 1: null

2019-01-03 14:00:11 - [TEST_STEP][PASSED] - Statement - PreSaveFile = new java.io.File(((pathPrefix + java.lang.Integer.toString(counter)) + .png)): null

2019-01-03 14:00:11 - [TEST_STEP][PASSED] - Statement - counter = counter + 1: null

2019-01-03 14:00:11 - [TEST_STEP][PASSED] - Statement - PreSaveFile = new java.io.File(((pathPrefix + java.lang.Integer.toString(counter)) + .png)): null

2019-01-03 14:00:11 - [TEST_STEP][PASSED] - Statement - counter = counter + 1: null

2019-01-03 14:00:11 - [TEST_STEP][PASSED] - Statement - PreSaveFile = new java.io.File(((pathPrefix + java.lang.Integer.toString(counter)) + .png)): null

2019-01-03 14:00:11 - [TEST_STEP][PASSED] - Statement - counter = counter + 1: null

2019-01-03 14:00:11 - [TEST_STEP][PASSED] - Statement - PreSaveFile = new java.io.File(((pathPrefix + java.lang.Integer.toString(counter)) + .png)): null

2019-01-03 14:00:11 - [TEST_STEP][PASSED] - Statement - counter = counter + 1: null

2019-01-03 14:00:11 - [TEST_STEP][PASSED] - Statement - PreSaveFile = new java.io.File(((pathPrefix + java.lang.Integer.toString(counter)) + .png)): null

2019-01-03 14:00:11 - [TEST_STEP][PASSED] - Statement - counter = counter + 1: null

2019-01-03 14:00:11 - [TEST_STEP][PASSED] - Statement - PreSaveFile = new java.io.File(((pathPrefix + java.lang.Integer.toString(counter)) + .png)): null

2019-01-03 14:00:11 - [TEST_STEP][PASSED] - Statement - counter = counter + 1: null

2019-01-03 14:00:11 - [TEST_STEP][PASSED] - Statement - PreSaveFile = new java.io.File(((pathPrefix + java.lang.Integer.toString(counter)) + .png)): null

2019-01-03 14:00:11 - [TEST_STEP][PASSED] - Statement - counter = counter + 1: null

2019-01-03 14:00:11 - [TEST_STEP][PASSED] - Statement - PreSaveFile = new java.io.File(((pathPrefix + java.lang.Integer.toString(counter)) + .png)): null

2019-01-03 14:00:11 - [TEST_STEP][PASSED] - Statement - counter = counter + 1: null

2019-01-03 14:00:11 - [TEST_STEP][PASSED] - Statement - PreSaveFile = new java.io.File(((pathPrefix + java.lang.Integer.toString(counter)) + .png)): null

2019-01-03 14:00:11 - [TEST_STEP][PASSED] - Statement - counter = counter + 1: null

2019-01-03 14:00:11 - [TEST_STEP][PASSED] - Statement - PreSaveFile = new java.io.File(((pathPrefix + java.lang.Integer.toString(counter)) + .png)): null

2019-01-03 14:00:11 - [TEST_STEP][PASSED] - Statement - counter = counter + 1: null

2019-01-03 14:00:11 - [TEST_STEP][PASSED] - Statement - PreSaveFile = new java.io.File(((pathPrefix + java.lang.Integer.toString(counter)) + .png)): null

2019-01-03 14:00:11 - [TEST_STEP][PASSED] - Statement - counter = counter + 1: null

2019-01-03 14:00:11 - [TEST_STEP][PASSED] - Statement - PreSaveFile = new java.io.File(((pathPrefix + java.lang.Integer.toString(counter)) + .png)): null

2019-01-03 14:00:11 - [TEST_STEP][PASSED] - Statement - counter = counter + 1: null

2019-01-03 14:00:11 - [TEST_STEP][PASSED] - Statement - PreSaveFile = new java.io.File(((pathPrefix + java.lang.Integer.toString(counter)) + .png)): null

2019-01-03 14:00:11 - [TEST_STEP][PASSED] - Statement - counter = counter + 1: null

2019-01-03 14:00:11 - [TEST_STEP][PASSED] - Statement - PreSaveFile = new java.io.File(((pathPrefix + java.lang.Integer.toString(counter)) + .png)): null

2019-01-03 14:00:11 - [TEST_STEP][PASSED] - Statement - counter = counter + 1: null

2019-01-03 14:00:11 - [TEST_STEP][PASSED] - Statement - PreSaveFile = new java.io.File(((pathPrefix + java.lang.Integer.toString(counter)) + .png)): null

2019-01-03 14:00:11 - [TEST_STEP][PASSED] - Statement - counter = counter + 1: null

2019-01-03 14:00:11 - [TEST_STEP][PASSED] - Statement - PreSaveFile = new java.io.File(((pathPrefix + java.lang.Integer.toString(counter)) + .png)): null

2019-01-03 14:00:11 - [TEST_STEP][PASSED] - Statement - counter = counter + 1: null

2019-01-03 14:00:11 - [TEST_STEP][PASSED] - Statement - PreSaveFile = new java.io.File(((pathPrefix + java.lang.Integer.toString(counter)) + .png)): null

2019-01-03 14:00:11 - [TEST_STEP][PASSED] - Statement - counter = counter + 1: null

2019-01-03 14:00:11 - [TEST_STEP][PASSED] - Statement - PreSaveFile = new java.io.File(((pathPrefix + java.lang.Integer.toString(counter)) + .png)): null

2019-01-03 14:00:11 - [TEST_STEP][PASSED] - Statement - counter = counter + 1: null

2019-01-03 14:00:11 - [TEST_STEP][PASSED] - Statement - PreSaveFile = new java.io.File(((pathPrefix + java.lang.Integer.toString(counter)) + .png)): null

2019-01-03 14:00:11 - [TEST_STEP][PASSED] - Statement - counter = counter + 1: null

2019-01-03 14:00:11 - [TEST_STEP][PASSED] - Statement - PreSaveFile = new java.io.File(((pathPrefix + java.lang.Integer.toString(counter)) + .png)): null

2019-01-03 14:00:11 - [TEST_STEP][PASSED] - Statement - counter = counter + 1: null

2019-01-03 14:00:11 - [TEST_STEP][PASSED] - Statement - PreSaveFile = new java.io.File(((pathPrefix + java.lang.Integer.toString(counter)) + .png)): null

2019-01-03 14:00:11 - [TEST_STEP][PASSED] - Statement - counter = counter + 1: null

2019-01-03 14:00:11 - [TEST_STEP][PASSED] - Statement - PreSaveFile = new java.io.File(((pathPrefix + java.lang.Integer.toString(counter)) + .png)): null

2019-01-03 14:00:11 - [TEST_STEP][PASSED] - Statement - counter = counter + 1: null

2019-01-03 14:00:11 - [TEST_STEP][PASSED] - Statement - PreSaveFile = new java.io.File(((pathPrefix + java.lang.Integer.toString(counter)) + .png)): null

2019-01-03 14:00:11 - [TEST_STEP][PASSED] - Statement - counter = counter + 1: null

2019-01-03 14:00:11 - [TEST_STEP][PASSED] - Statement - PreSaveFile = new java.io.File(((pathPrefix + java.lang.Integer.toString(counter)) + .png)): null

2019-01-03 14:00:11 - [TEST_STEP][PASSED] - Statement - counter = counter + 1: null

2019-01-03 14:00:11 - [TEST_STEP][PASSED] - Statement - PreSaveFile = new java.io.File(((pathPrefix + java.lang.Integer.toString(counter)) + .png)): null

2019-01-03 14:00:11 - [TEST_STEP][PASSED] - Statement - counter = counter + 1: null

2019-01-03 14:00:11 - [TEST_STEP][PASSED] - Statement - PreSaveFile = new java.io.File(((pathPrefix + java.lang.Integer.toString(counter)) + .png)): null

2019-01-03 14:00:11 - [TEST_STEP][PASSED] - Statement - counter = counter + 1: null

2019-01-03 14:00:11 - [TEST_STEP][PASSED] - Statement - PreSaveFile = new java.io.File(((pathPrefix + java.lang.Integer.toString(counter)) + .png)): null

2019-01-03 14:00:11 - [TEST_STEP][PASSED] - Statement - counter = counter + 1: null

2019-01-03 14:00:11 - [TEST_STEP][PASSED] - Statement - PreSaveFile = new java.io.File(((pathPrefix + java.lang.Integer.toString(counter)) + .png)): null

2019-01-03 14:00:11 - [TEST_STEP][PASSED] - Statement - counter = counter + 1: null

2019-01-03 14:00:11 - [TEST_STEP][PASSED] - Statement - PreSaveFile = new java.io.File(((pathPrefix + java.lang.Integer.toString(counter)) + .png)): null

2019-01-03 14:00:11 - [TEST_STEP][PASSED] - Statement - counter = counter + 1: null

2019-01-03 14:00:11 - [TEST_STEP][PASSED] - Statement - PreSaveFile = new java.io.File(((pathPrefix + java.lang.Integer.toString(counter)) + .png)): null

2019-01-03 14:00:11 - [TEST_STEP][PASSED] - Statement - counter = counter + 1: null

2019-01-03 14:00:11 - [TEST_STEP][PASSED] - Statement - PreSaveFile = new java.io.File(((pathPrefix + java.lang.Integer.toString(counter)) + .png)): null

2019-01-03 14:00:11 - [TEST_STEP][PASSED] - Statement - counter = counter + 1: null

2019-01-03 14:00:11 - [TEST_STEP][PASSED] - Statement - PreSaveFile = new java.io.File(((pathPrefix + java.lang.Integer.toString(counter)) + .png)): null

2019-01-03 14:00:11 - [TEST_STEP][PASSED] - Statement - counter = counter + 1: null

2019-01-03 14:00:11 - [TEST_STEP][PASSED] - Statement - PreSaveFile = new java.io.File(((pathPrefix + java.lang.Integer.toString(counter)) + .png)): null

2019-01-03 14:00:11 - [TEST_STEP][PASSED] - Statement - counter = counter + 1: null

2019-01-03 14:00:11 - [TEST_STEP][PASSED] - Statement - PreSaveFile = new java.io.File(((pathPrefix + java.lang.Integer.toString(counter)) + .png)): null

2019-01-03 14:00:11 - [TEST_STEP][PASSED] - Statement - counter = counter + 1: null

2019-01-03 14:00:11 - [TEST_STEP][PASSED] - Statement - PreSaveFile = new java.io.File(((pathPrefix + java.lang.Integer.toString(counter)) + .png)): null

2019-01-03 14:00:11 - [TEST_STEP][PASSED] - Statement - counter = counter + 1: null

2019-01-03 14:00:11 - [TEST_STEP][PASSED] - Statement - PreSaveFile = new java.io.File(((pathPrefix + java.lang.Integer.toString(counter)) + .png)): null

2019-01-03 14:00:11 - [TEST_STEP][PASSED] - Statement - counter = counter + 1: null

2019-01-03 14:00:11 - [TEST_STEP][PASSED] - Statement - PreSaveFile = new java.io.File(((pathPrefix + java.lang.Integer.toString(counter)) + .png)): null

2019-01-03 14:00:11 - [TEST_STEP][PASSED] - Statement - counter = counter + 1: null

2019-01-03 14:00:11 - [TEST_STEP][PASSED] - Statement - PreSaveFile = new java.io.File(((pathPrefix + java.lang.Integer.toString(counter)) + .png)): null

2019-01-03 14:00:11 - [TEST_STEP][PASSED] - Statement - counter = counter + 1: null

2019-01-03 14:00:11 - [TEST_STEP][PASSED] - Statement - PreSaveFile = new java.io.File(((pathPrefix + java.lang.Integer.toString(counter)) + .png)): null

2019-01-03 14:00:11 - [TEST_STEP][PASSED] - Statement - counter = counter + 1: null

2019-01-03 14:00:11 - [TEST_STEP][PASSED] - Statement - PreSaveFile = new java.io.File(((pathPrefix + java.lang.Integer.toString(counter)) + .png)): null

2019-01-03 14:00:11 - [TEST_STEP][PASSED] - Statement - counter = counter + 1: null

2019-01-03 14:00:11 - [TEST_STEP][PASSED] - Statement - PreSaveFile = new java.io.File(((pathPrefix + java.lang.Integer.toString(counter)) + .png)): null

2019-01-03 14:00:11 - [TEST_STEP][PASSED] - Statement - counter = counter + 1: null

2019-01-03 14:00:11 - [TEST_STEP][PASSED] - Statement - PreSaveFile = new java.io.File(((pathPrefix + java.lang.Integer.toString(counter)) + .png)): null

2019-01-03 14:00:11 - [TEST_STEP][PASSED] - Statement - counter = counter + 1: null

2019-01-03 14:00:11 - [TEST_STEP][PASSED] - Statement - PreSaveFile = new java.io.File(((pathPrefix + java.lang.Integer.toString(counter)) + .png)): null

2019-01-03 14:00:11 - [TEST_STEP][PASSED] - Statement - counter = counter + 1: null

2019-01-03 14:00:11 - [TEST_STEP][PASSED] - Statement - PreSaveFile = new java.io.File(((pathPrefix + java.lang.Integer.toString(counter)) + .png)): null

2019-01-03 14:00:11 - [TEST_STEP][PASSED] - Statement - counter = counter + 1: null

2019-01-03 14:00:11 - [TEST_STEP][PASSED] - Statement - PreSaveFile = new java.io.File(((pathPrefix + java.lang.Integer.toString(counter)) + .png)): null

2019-01-03 14:00:11 - [TEST_STEP][PASSED] - Statement - counter = counter + 1: null

2019-01-03 14:00:11 - [TEST_STEP][PASSED] - Statement - PreSaveFile = new java.io.File(((pathPrefix + java.lang.Integer.toString(counter)) + .png)): null

2019-01-03 14:00:11 - [TEST_STEP][PASSED] - Statement - counter = counter + 1: null

2019-01-03 14:00:11 - [TEST_STEP][PASSED] - Statement - PreSaveFile = new java.io.File(((pathPrefix + java.lang.Integer.toString(counter)) + .png)): null

2019-01-03 14:00:11 - [TEST_STEP][PASSED] - Statement - counter = counter + 1: null

2019-01-03 14:00:11 - [TEST_STEP][PASSED] - Statement - PreSaveFile = new java.io.File(((pathPrefix + java.lang.Integer.toString(counter)) + .png)): null

2019-01-03 14:00:11 - [TEST_STEP][PASSED] - Statement - counter = counter + 1: null

2019-01-03 14:00:11 - [TEST_STEP][PASSED] - Statement - PreSaveFile = new java.io.File(((pathPrefix + java.lang.Integer.toString(counter)) + .png)): null

2019-01-03 14:00:11 - [TEST_STEP][PASSED] - Statement - counter = counter + 1: null

2019-01-03 14:00:11 - [TEST_STEP][PASSED] - Statement - PreSaveFile = new java.io.File(((pathPrefix + java.lang.Integer.toString(counter)) + .png)): null

2019-01-03 14:00:11 - [TEST_STEP][PASSED] - Statement - counter = counter + 1: null

2019-01-03 14:00:11 - [TEST_STEP][PASSED] - Statement - PreSaveFile = new java.io.File(((pathPrefix + java.lang.Integer.toString(counter)) + .png)): null

2019-01-03 14:00:11 - [TEST_STEP][PASSED] - Statement - counter = counter + 1: null

2019-01-03 14:00:11 - [TEST_STEP][PASSED] - Statement - PreSaveFile = new java.io.File(((pathPrefix + java.lang.Integer.toString(counter)) + .png)): null

2019-01-03 14:00:11 - [TEST_STEP][PASSED] - Statement - counter = counter + 1: null

2019-01-03 14:00:11 - [TEST_STEP][PASSED] - Statement - PreSaveFile = new java.io.File(((pathPrefix + java.lang.Integer.toString(counter)) + .png)): null

2019-01-03 14:00:11 - [TEST_STEP][PASSED] - Statement - counter = counter + 1: null

2019-01-03 14:00:11 - [TEST_STEP][PASSED] - Statement - PreSaveFile = new java.io.File(((pathPrefix + java.lang.Integer.toString(counter)) + .png)): null

2019-01-03 14:00:11 - [TEST_STEP][PASSED] - Statement - counter = counter + 1: null

2019-01-03 14:00:11 - [TEST_STEP][PASSED] - Statement - PreSaveFile = new java.io.File(((pathPrefix + java.lang.Integer.toString(counter)) + .png)): null

2019-01-03 14:00:11 - [TEST_STEP][PASSED] - Statement - counter = counter + 1: null

2019-01-03 14:00:11 - [TEST_STEP][PASSED] - Statement - PreSaveFile = new java.io.File(((pathPrefix + java.lang.Integer.toString(counter)) + .png)): null

2019-01-03 14:00:11 - [TEST_STEP][PASSED] - Statement - counter = counter + 1: null

2019-01-03 14:00:11 - [TEST_STEP][PASSED] - Statement - PreSaveFile = new java.io.File(((pathPrefix + java.lang.Integer.toString(counter)) + .png)): null

2019-01-03 14:00:11 - [TEST_STEP][PASSED] - Statement - counter = counter + 1: null

2019-01-03 14:00:11 - [TEST_STEP][PASSED] - Statement - PreSaveFile = new java.io.File(((pathPrefix + java.lang.Integer.toString(counter)) + .png)): null

2019-01-03 14:00:11 - [TEST_STEP][PASSED] - Statement - counter = counter + 1: null

2019-01-03 14:00:11 - [TEST_STEP][PASSED] - Statement - PreSaveFile = new java.io.File(((pathPrefix + java.lang.Integer.toString(counter)) + .png)): null

2019-01-03 14:00:11 - [TEST_STEP][PASSED] - Statement - counter = counter + 1: null

2019-01-03 14:00:11 - [TEST_STEP][PASSED] - Statement - PreSaveFile = new java.io.File(((pathPrefix + java.lang.Integer.toString(counter)) + .png)): null

2019-01-03 14:00:11 - [TEST_STEP][PASSED] - Statement - counter = counter + 1: null

2019-01-03 14:00:11 - [TEST_STEP][PASSED] - Statement - PreSaveFile = new java.io.File(((pathPrefix + java.lang.Integer.toString(counter)) + .png)): null

2019-01-03 14:00:11 - [TEST_STEP][PASSED] - Statement - counter = counter + 1: null

2019-01-03 14:00:11 - [TEST_STEP][PASSED] - Statement - PreSaveFile = new java.io.File(((pathPrefix + java.lang.Integer.toString(counter)) + .png)): null

2019-01-03 14:00:11 - [TEST_STEP][PASSED] - Statement - counter = counter + 1: null

2019-01-03 14:00:11 - [TEST_STEP][PASSED] - Statement - PreSaveFile = new java.io.File(((pathPrefix + java.lang.Integer.toString(counter)) + .png)): null

2019-01-03 14:00:11 - [TEST_STEP][PASSED] - Statement - counter = counter + 1: null

2019-01-03 14:00:11 - [TEST_STEP][PASSED] - Statement - PreSaveFile = new java.io.File(((pathPrefix + java.lang.Integer.toString(counter)) + .png)): null

2019-01-03 14:00:11 - [TEST_STEP][PASSED] - Statement - counter = counter + 1: null

2019-01-03 14:00:11 - [TEST_STEP][PASSED] - Statement - PreSaveFile = new java.io.File(((pathPrefix + java.lang.Integer.toString(counter)) + .png)): null

2019-01-03 14:00:11 - [TEST_STEP][PASSED] - Statement - counter = counter + 1: null

2019-01-03 14:00:11 - [TEST_STEP][PASSED] - Statement - PreSaveFile = new java.io.File(((pathPrefix + java.lang.Integer.toString(counter)) + .png)): null

2019-01-03 14:00:11 - [TEST_STEP][PASSED] - Statement - counter = counter + 1: null

2019-01-03 14:00:11 - [TEST_STEP][PASSED] - Statement - PreSaveFile = new java.io.File(((pathPrefix + java.lang.Integer.toString(counter)) + .png)): null

2019-01-03 14:00:11 - [TEST_STEP][PASSED] - Statement - counter = counter + 1: null

2019-01-03 14:00:11 - [TEST_STEP][PASSED] - Statement - PreSaveFile = new java.io.File(((pathPrefix + java.lang.Integer.toString(counter)) + .png)): null

2019-01-03 14:00:11 - [TEST_STEP][PASSED] - Statement - counter = counter + 1: null

2019-01-03 14:00:11 - [TEST_STEP][PASSED] - Statement - PreSaveFile = new java.io.File(((pathPrefix + java.lang.Integer.toString(counter)) + .png)): null

2019-01-03 14:00:11 - [TEST_STEP][PASSED] - Statement - counter = counter + 1: null

2019-01-03 14:00:11 - [TEST_STEP][PASSED] - Statement - PreSaveFile = new java.io.File(((pathPrefix + java.lang.Integer.toString(counter)) + .png)): null

2019-01-03 14:00:11 - [TEST_STEP][PASSED] - Statement - counter = counter + 1: null

2019-01-03 14:00:11 - [TEST_STEP][PASSED] - Statement - PreSaveFile = new java.io.File(((pathPrefix + java.lang.Integer.toString(counter)) + .png)): null

2019-01-03 14:00:11 - [TEST_STEP][PASSED] - Statement - counter = counter + 1: null

2019-01-03 14:00:11 - [TEST_STEP][PASSED] - Statement - PreSaveFile = new java.io.File(((pathPrefix + java.lang.Integer.toString(counter)) + .png)): null

2019-01-03 14:00:11 - [TEST_STEP][PASSED] - Statement - counter = counter + 1: null

2019-01-03 14:00:11 - [TEST_STEP][PASSED] - Statement - PreSaveFile = new java.io.File(((pathPrefix + java.lang.Integer.toString(counter)) + .png)): null

2019-01-03 14:00:11 - [TEST_STEP][PASSED] - Statement - counter = counter + 1: null

2019-01-03 14:00:11 - [TEST_STEP][PASSED] - Statement - PreSaveFile = new java.io.File(((pathPrefix + java.lang.Integer.toString(counter)) + .png)): null

2019-01-03 14:00:11 - [TEST_STEP][PASSED] - Statement - counter = counter + 1: null

2019-01-03 14:00:11 - [TEST_STEP][PASSED] - Statement - PreSaveFile = new java.io.File(((pathPrefix + java.lang.Integer.toString(counter)) + .png)): null

2019-01-03 14:00:11 - [TEST_STEP][PASSED] - Statement - counter = counter + 1: null

2019-01-03 14:00:11 - [TEST_STEP][PASSED] - Statement - PreSaveFile = new java.io.File(((pathPrefix + java.lang.Integer.toString(counter)) + .png)): null

2019-01-03 14:00:11 - [TEST_STEP][PASSED] - Statement - counter = counter + 1: null

2019-01-03 14:00:11 - [TEST_STEP][PASSED] - Statement - PreSaveFile = new java.io.File(((pathPrefix + java.lang.Integer.toString(counter)) + .png)): null

2019-01-03 14:00:11 - [TEST_STEP][PASSED] - Statement - counter = counter + 1: null

2019-01-03 14:00:11 - [TEST_STEP][PASSED] - Statement - PreSaveFile = new java.io.File(((pathPrefix + java.lang.Integer.toString(counter)) + .png)): null

2019-01-03 14:00:11 - [TEST_STEP][PASSED] - Statement - counter = counter + 1: null

2019-01-03 14:00:11 - [TEST_STEP][PASSED] - Statement - PreSaveFile = new java.io.File(((pathPrefix + java.lang.Integer.toString(counter)) + .png)): null

2019-01-03 14:00:11 - [TEST_STEP][PASSED] - Statement - counter = counter + 1: null

2019-01-03 14:00:11 - [TEST_STEP][PASSED] - Statement - PreSaveFile = new java.io.File(((pathPrefix + java.lang.Integer.toString(counter)) + .png)): null

2019-01-03 14:00:11 - [TEST_STEP][PASSED] - Statement - counter = counter + 1: null

2019-01-03 14:00:11 - [TEST_STEP][PASSED] - Statement - PreSaveFile = new java.io.File(((pathPrefix + java.lang.Integer.toString(counter)) + .png)): null

2019-01-03 14:00:11 - [TEST_STEP][PASSED] - Statement - counter = counter + 1: null

2019-01-03 14:00:11 - [TEST_STEP][PASSED] - Statement - PreSaveFile = new java.io.File(((pathPrefix + java.lang.Integer.toString(counter)) + .png)): null

2019-01-03 14:00:11 - [TEST_STEP][PASSED] - Statement - counter = counter + 1: null

2019-01-03 14:00:11 - [TEST_STEP][PASSED] - Statement - PreSaveFile = new java.io.File(((pathPrefix + java.lang.Integer.toString(counter)) + .png)): null

2019-01-03 14:00:11 - [TEST_STEP][PASSED] - Statement - counter = counter + 1: null

2019-01-03 14:00:11 - [TEST_STEP][PASSED] - Statement - PreSaveFile = new java.io.File(((pathPrefix + java.lang.Integer.toString(counter)) + .png)): null

2019-01-03 14:00:11 - [TEST_STEP][PASSED] - Statement - counter = counter + 1: null

2019-01-03 14:00:11 - [TEST_STEP][PASSED] - Statement - PreSaveFile = new java.io.File(((pathPrefix + java.lang.Integer.toString(counter)) + .png)): null

2019-01-03 14:00:11 - [TEST_STEP][PASSED] - Statement - counter = counter + 1: null

2019-01-03 14:00:11 - [TEST_STEP][PASSED] - Statement - PreSaveFile = new java.io.File(((pathPrefix + java.lang.Integer.toString(counter)) + .png)): null

2019-01-03 14:00:11 - [TEST_STEP][PASSED] - Statement - counter = counter + 1: null

2019-01-03 14:00:11 - [TEST_STEP][PASSED] - Statement - PreSaveFile = new java.io.File(((pathPrefix + java.lang.Integer.toString(counter)) + .png)): null

2019-01-03 14:00:11 - [TEST_STEP][PASSED] - Statement - counter = counter + 1: null

2019-01-03 14:00:11 - [TEST_STEP][PASSED] - Statement - PreSaveFile = new java.io.File(((pathPrefix + java.lang.Integer.toString(counter)) + .png)): null

2019-01-03 14:00:11 - [TEST_STEP][PASSED] - Statement - counter = counter + 1: null

2019-01-03 14:00:11 - [TEST_STEP][PASSED] - Statement - PreSaveFile = new java.io.File(((pathPrefix + java.lang.Integer.toString(counter)) + .png)): null

2019-01-03 14:00:11 - [TEST_STEP][PASSED] - Statement - counter = counter + 1: null

2019-01-03 14:00:11 - [TEST_STEP][PASSED] - Statement - PreSaveFile = new java.io.File(((pathPrefix + java.lang.Integer.toString(counter)) + .png)): null

2019-01-03 14:00:11 - [TEST_STEP][PASSED] - Statement - counter = counter + 1: null

2019-01-03 14:00:11 - [TEST_STEP][PASSED] - Statement - PreSaveFile = new java.io.File(((pathPrefix + java.lang.Integer.toString(counter)) + .png)): null

2019-01-03 14:00:11 - [TEST_STEP][PASSED] - Statement - counter = counter + 1: null

2019-01-03 14:00:11 - [TEST_STEP][PASSED] - Statement - PreSaveFile = new java.io.File(((pathPrefix + java.lang.Integer.toString(counter)) + .png)): null

2019-01-03 14:00:11 - [TEST_STEP][PASSED] - Statement - counter = counter + 1: null

2019-01-03 14:00:11 - [TEST_STEP][PASSED] - Statement - PreSaveFile = new java.io.File(((pathPrefix + java.lang.Integer.toString(counter)) + .png)): null

2019-01-03 14:00:11 - [TEST_STEP][PASSED] - Statement - counter = counter + 1: null

2019-01-03 14:00:11 - [TEST_STEP][PASSED] - Statement - PreSaveFile = new java.io.File(((pathPrefix + java.lang.Integer.toString(counter)) + .png)): null

2019-01-03 14:00:11 - [TEST_STEP][PASSED] - Statement - counter = counter + 1: null

2019-01-03 14:00:11 - [TEST_STEP][PASSED] - Statement - PreSaveFile = new java.io.File(((pathPrefix + java.lang.Integer.toString(counter)) + .png)): null

2019-01-03 14:00:11 - [TEST_STEP][PASSED] - Statement - counter = counter + 1: null

2019-01-03 14:00:11 - [TEST_STEP][PASSED] - Statement - PreSaveFile = new java.io.File(((pathPrefix + java.lang.Integer.toString(counter)) + .png)): null

2019-01-03 14:00:11 - [TEST_STEP][PASSED] - Statement - counter = counter + 1: null

2019-01-03 14:00:11 - [TEST_STEP][PASSED] - Statement - PreSaveFile = new java.io.File(((pathPrefix + java.lang.Integer.toString(counter)) + .png)): null

2019-01-03 14:00:11 - [TEST_STEP][PASSED] - Statement - counter = counter + 1: null

2019-01-03 14:00:11 - [TEST_STEP][PASSED] - Statement - PreSaveFile = new java.io.File(((pathPrefix + java.lang.Integer.toString(counter)) + .png)): null

2019-01-03 14:00:11 - [TEST_STEP][PASSED] - Statement - counter = counter + 1: null

2019-01-03 14:00:11 - [TEST_STEP][PASSED] - Statement - PreSaveFile = new java.io.File(((pathPrefix + java.lang.Integer.toString(counter)) + .png)): null

2019-01-03 14:00:11 - [TEST_STEP][PASSED] - Statement - counter = counter + 1: null

2019-01-03 14:00:11 - [TEST_STEP][PASSED] - Statement - PreSaveFile = new java.io.File(((pathPrefix + java.lang.Integer.toString(counter)) + .png)): null

2019-01-03 14:00:11 - [TEST_STEP][PASSED] - Statement - counter = counter + 1: null

2019-01-03 14:00:11 - [TEST_STEP][PASSED] - Statement - PreSaveFile = new java.io.File(((pathPrefix + java.lang.Integer.toString(counter)) + .png)): null

2019-01-03 14:00:11 - [TEST_STEP][PASSED] - Statement - counter = counter + 1: null

2019-01-03 14:00:11 - [TEST_STEP][PASSED] - Statement - PreSaveFile = new java.io.File(((pathPrefix + java.lang.Integer.toString(counter)) + .png)): null

2019-01-03 14:00:11 - [TEST_STEP][PASSED] - Statement - counter = counter + 1: null

2019-01-03 14:00:11 - [TEST_STEP][PASSED] - Statement - PreSaveFile = new java.io.File(((pathPrefix + java.lang.Integer.toString(counter)) + .png)): null

2019-01-03 14:00:11 - [TEST_STEP][PASSED] - Statement - counter = counter + 1: null

2019-01-03 14:00:11 - [TEST_STEP][PASSED] - Statement - PreSaveFile = new java.io.File(((pathPrefix + java.lang.Integer.toString(counter)) + .png)): null

2019-01-03 14:00:11 - [TEST_STEP][PASSED] - Statement - counter = counter + 1: null

2019-01-03 14:00:11 - [TEST_STEP][PASSED] - Statement - PreSaveFile = new java.io.File(((pathPrefix + java.lang.Integer.toString(counter)) + .png)): null

2019-01-03 14:00:11 - [TEST_STEP][PASSED] - Statement - counter = counter + 1: null

2019-01-03 14:00:11 - [TEST_STEP][PASSED] - Statement - PreSaveFile = new java.io.File(((pathPrefix + java.lang.Integer.toString(counter)) + .png)): null

2019-01-03 14:00:11 - [TEST_STEP][PASSED] - Statement - counter = counter + 1: null

2019-01-03 14:00:11 - [TEST_STEP][PASSED] - Statement - PreSaveFile = new java.io.File(((pathPrefix + java.lang.Integer.toString(counter)) + .png)): null

2019-01-03 14:00:11 - [TEST_STEP][PASSED] - Statement - counter = counter + 1: null

2019-01-03 14:00:11 - [TEST_STEP][PASSED] - Statement - PreSaveFile = new java.io.File(((pathPrefix + java.lang.Integer.toString(counter)) + .png)): null

2019-01-03 14:00:11 - [TEST_STEP][PASSED] - Statement - counter = counter + 1: null

2019-01-03 14:00:11 - [TEST_STEP][PASSED] - Statement - PreSaveFile = new java.io.File(((pathPrefix + java.lang.Integer.toString(counter)) + .png)): null

2019-01-03 14:00:11 - [TEST_STEP][PASSED] - Statement - counter = counter + 1: null

2019-01-03 14:00:11 - [TEST_STEP][PASSED] - Statement - PreSaveFile = new java.io.File(((pathPrefix + java.lang.Integer.toString(counter)) + .png)): null

2019-01-03 14:00:11 - [TEST_STEP][PASSED] - Statement - counter = counter + 1: null

2019-01-03 14:00:11 - [TEST_STEP][PASSED] - Statement - PreSaveFile = new java.io.File(((pathPrefix + java.lang.Integer.toString(counter)) + .png)): null

2019-01-03 14:00:11 - [TEST_STEP][PASSED] - Statement - counter = counter + 1: null

2019-01-03 14:00:11 - [TEST_STEP][PASSED] - Statement - PreSaveFile = new java.io.File(((pathPrefix + java.lang.Integer.toString(counter)) + .png)): null

2019-01-03 14:00:11 - [TEST_STEP][PASSED] - Statement - counter = counter + 1: null

2019-01-03 14:00:11 - [TEST_STEP][PASSED] - Statement - PreSaveFile = new java.io.File(((pathPrefix + java.lang.Integer.toString(counter)) + .png)): null

2019-01-03 14:00:11 - [TEST_STEP][PASSED] - Statement - counter = counter + 1: null

2019-01-03 14:00:11 - [TEST_STEP][PASSED] - Statement - PreSaveFile = new java.io.File(((pathPrefix + java.lang.Integer.toString(counter)) + .png)): null

2019-01-03 14:00:11 - [TEST_STEP][PASSED] - Statement - counter = counter + 1: null

2019-01-03 14:00:11 - [TEST_STEP][PASSED] - Statement - PreSaveFile = new java.io.File(((pathPrefix + java.lang.Integer.toString(counter)) + .png)): null

2019-01-03 14:00:11 - [TEST_STEP][PASSED] - Statement - counter = counter + 1: null

2019-01-03 14:00:11 - [TEST_STEP][PASSED] - Statement - PreSaveFile = new java.io.File(((pathPrefix + java.lang.Integer.toString(counter)) + .png)): null

2019-01-03 14:00:11 - [TEST_STEP][PASSED] - Statement - counter = counter + 1: null

2019-01-03 14:00:11 - [TEST_STEP][PASSED] - Statement - PreSaveFile = new java.io.File(((pathPrefix + java.lang.Integer.toString(counter)) + .png)): null

2019-01-03 14:00:11 - [TEST_STEP][PASSED] - Statement - counter = counter + 1: null

2019-01-03 14:00:11 - [TEST_STEP][PASSED] - Statement - PreSaveFile = new java.io.File(((pathPrefix + java.lang.Integer.toString(counter)) + .png)): null

2019-01-03 14:00:11 - [TEST_STEP][PASSED] - Statement - counter = counter + 1: null

2019-01-03 14:00:11 - [TEST_STEP][PASSED] - Statement - PreSaveFile = new java.io.File(((pathPrefix + java.lang.Integer.toString(counter)) + .png)): null

2019-01-03 14:00:11 - [TEST_STEP][PASSED] - Statement - counter = counter + 1: null

2019-01-03 14:00:11 - [TEST_STEP][PASSED] - Statement - PreSaveFile = new java.io.File(((pathPrefix + java.lang.Integer.toString(counter)) + .png)): null

2019-01-03 14:00:11 - [TEST_STEP][PASSED] - Statement - counter = counter + 1: null

2019-01-03 14:00:11 - [TEST_STEP][PASSED] - Statement - PreSaveFile = new java.io.File(((pathPrefix + java.lang.Integer.toString(counter)) + .png)): null

2019-01-03 14:00:11 - [TEST_STEP][PASSED] - Statement - counter = counter + 1: null

2019-01-03 14:00:11 - [TEST_STEP][PASSED] - Statement - PreSaveFile = new java.io.File(((pathPrefix + java.lang.Integer.toString(counter)) + .png)): null

2019-01-03 14:00:11 - [TEST_STEP][PASSED] - Statement - counter = counter + 1: null

2019-01-03 14:00:11 - [TEST_STEP][PASSED] - Statement - PreSaveFile = new java.io.File(((pathPrefix + java.lang.Integer.toString(counter)) + .png)): null

2019-01-03 14:00:11 - [TEST_STEP][PASSED] - Statement - counter = counter + 1: null

2019-01-03 14:00:11 - [TEST_STEP][PASSED] - Statement - PreSaveFile = new java.io.File(((pathPrefix + java.lang.Integer.toString(counter)) + .png)): null

2019-01-03 14:00:11 - [TEST_STEP][PASSED] - Statement - counter = counter + 1: null

2019-01-03 14:00:11 - [TEST_STEP][PASSED] - Statement - PreSaveFile = new java.io.File(((pathPrefix + java.lang.Integer.toString(counter)) + .png)): null

2019-01-03 14:00:11 - [TEST_STEP][PASSED] - Statement - counter = counter + 1: null

2019-01-03 14:00:11 - [TEST_STEP][PASSED] - Statement - PreSaveFile = new java.io.File(((pathPrefix + java.lang.Integer.toString(counter)) + .png)): null

2019-01-03 14:00:11 - [TEST_STEP][PASSED] - Statement - counter = counter + 1: null

2019-01-03 14:00:11 - [TEST_STEP][PASSED] - Statement - PreSaveFile = new java.io.File(((pathPrefix + java.lang.Integer.toString(counter)) + .png)): null

2019-01-03 14:00:11 - [TEST_STEP][PASSED] - Statement - counter = counter + 1: null

2019-01-03 14:00:11 - [TEST_STEP][PASSED] - Statement - PreSaveFile = new java.io.File(((pathPrefix + java.lang.Integer.toString(counter)) + .png)): null

2019-01-03 14:00:11 - [TEST_STEP][PASSED] - Statement - counter = counter + 1: null

2019-01-03 14:00:11 - [TEST_STEP][PASSED] - Statement - PreSaveFile = new java.io.File(((pathPrefix + java.lang.Integer.toString(counter)) + .png)): null

2019-01-03 14:00:11 - [TEST_STEP][PASSED] - Statement - counter = counter + 1: null

2019-01-03 14:00:11 - [TEST_STEP][PASSED] - Statement - PreSaveFile = new java.io.File(((pathPrefix + java.lang.Integer.toString(counter)) + .png)): null

2019-01-03 14:00:11 - [TEST_STEP][PASSED] - Statement - counter = counter + 1: null

2019-01-03 14:00:11 - [TEST_STEP][PASSED] - Statement - PreSaveFile = new java.io.File(((pathPrefix + java.lang.Integer.toString(counter)) + .png)): null

2019-01-03 14:00:11 - [TEST_STEP][PASSED] - Statement - counter = counter + 1: null

2019-01-03 14:00:11 - [TEST_STEP][PASSED] - Statement - PreSaveFile = new java.io.File(((pathPrefix + java.lang.Integer.toString(counter)) + .png)): null

2019-01-03 14:00:11 - [TEST_STEP][PASSED] - Statement - counter = counter + 1: null

2019-01-03 14:00:11 - [TEST_STEP][PASSED] - Statement - PreSaveFile = new java.io.File(((pathPrefix + java.lang.Integer.toString(counter)) + .png)): null

2019-01-03 14:00:11 - [TEST_STEP][PASSED] - Statement - counter = counter + 1: null

2019-01-03 14:00:11 - [TEST_STEP][PASSED] - Statement - PreSaveFile = new java.io.File(((pathPrefix + java.lang.Integer.toString(counter)) + .png)): null

2019-01-03 14:00:11 - [TEST_STEP][PASSED] - Statement - counter = counter + 1: null

2019-01-03 14:00:11 - [TEST_STEP][PASSED] - Statement - PreSaveFile = new java.io.File(((pathPrefix + java.lang.Integer.toString(counter)) + .png)): null

2019-01-03 14:00:11 - [TEST_STEP][PASSED] - Statement - counter = counter + 1: null

2019-01-03 14:00:11 - [TEST_STEP][PASSED] - Statement - PreSaveFile = new java.io.File(((pathPrefix + java.lang.Integer.toString(counter)) + .png)): null

2019-01-03 14:00:11 - [TEST_STEP][PASSED] - Statement - counter = counter + 1: null

2019-01-03 14:00:11 - [TEST_STEP][PASSED] - Statement - PreSaveFile = new java.io.File(((pathPrefix + java.lang.Integer.toString(counter)) + .png)): null

2019-01-03 14:00:11 - [TEST_STEP][PASSED] - Statement - counter = counter + 1: null

2019-01-03 14:00:11 - [TEST_STEP][PASSED] - Statement - PreSaveFile = new java.io.File(((pathPrefix + java.lang.Integer.toString(counter)) + .png)): null

2019-01-03 14:00:11 - [TEST_STEP][PASSED] - Statement - counter = counter + 1: null

2019-01-03 14:00:11 - [TEST_STEP][PASSED] - Statement - PreSaveFile = new java.io.File(((pathPrefix + java.lang.Integer.toString(counter)) + .png)): null

2019-01-03 14:00:11 - [TEST_STEP][PASSED] - Statement - counter = counter + 1: null

2019-01-03 14:00:11 - [TEST_STEP][PASSED] - Statement - PreSaveFile = new java.io.File(((pathPrefix + java.lang.Integer.toString(counter)) + .png)): null

2019-01-03 14:00:11 - [TEST_STEP][PASSED] - Statement - counter = counter + 1: null

2019-01-03 14:00:11 - [TEST_STEP][PASSED] - Statement - PreSaveFile = new java.io.File(((pathPrefix + java.lang.Integer.toString(counter)) + .png)): null

2019-01-03 14:00:11 - [TEST_STEP][PASSED] - Statement - counter = counter + 1: null

2019-01-03 14:00:11 - [TEST_STEP][PASSED] - Statement - PreSaveFile = new java.io.File(((pathPrefix + java.lang.Integer.toString(counter)) + .png)): null

2019-01-03 14:00:11 - [TEST_STEP][PASSED] - Statement - counter = counter + 1: null

2019-01-03 14:00:11 - [TEST_STEP][PASSED] - Statement - PreSaveFile = new java.io.File(((pathPrefix + java.lang.Integer.toString(counter)) + .png)): null

2019-01-03 14:00:11 - [TEST_STEP][PASSED] - Statement - counter = counter + 1: null

2019-01-03 14:00:11 - [TEST_STEP][PASSED] - Statement - PreSaveFile = new java.io.File(((pathPrefix + java.lang.Integer.toString(counter)) + .png)): null

2019-01-03 14:00:11 - [TEST_STEP][PASSED] - Statement - counter = counter + 1: null

2019-01-03 14:00:11 - [TEST_STEP][PASSED] - Statement - PreSaveFile = new java.io.File(((pathPrefix + java.lang.Integer.toString(counter)) + .png)): null

2019-01-03 14:00:11 - [TEST_STEP][PASSED] - Statement - counter = counter + 1: null

2019-01-03 14:00:11 - [TEST_STEP][PASSED] - Statement - PreSaveFile = new java.io.File(((pathPrefix + java.lang.Integer.toString(counter)) + .png)): null

2019-01-03 14:00:11 - [TEST_STEP][PASSED] - Statement - counter = counter + 1: null

2019-01-03 14:00:11 - [TEST_STEP][PASSED] - Statement - PreSaveFile = new java.io.File(((pathPrefix + java.lang.Integer.toString(counter)) + .png)): null

2019-01-03 14:00:11 - [TEST_STEP][PASSED] - Statement - counter = counter + 1: null

2019-01-03 14:00:11 - [TEST_STEP][PASSED] - Statement - PreSaveFile = new java.io.File(((pathPrefix + java.lang.Integer.toString(counter)) + .png)): null

2019-01-03 14:00:11 - [TEST_STEP][PASSED] - Statement - counter = counter + 1: null

2019-01-03 14:00:11 - [TEST_STEP][PASSED] - Statement - PreSaveFile = new java.io.File(((pathPrefix + java.lang.Integer.toString(counter)) + .png)): null

2019-01-03 14:00:11 - [TEST_STEP][PASSED] - Statement - counter = counter + 1: null

2019-01-03 14:00:11 - [TEST_STEP][PASSED] - Statement - PreSaveFile = new java.io.File(((pathPrefix + java.lang.Integer.toString(counter)) + .png)): null

2019-01-03 14:00:11 - [TEST_STEP][PASSED] - Statement - counter = counter + 1: null

2019-01-03 14:00:11 - [TEST_STEP][PASSED] - Statement - PreSaveFile = new java.io.File(((pathPrefix + java.lang.Integer.toString(counter)) + .png)): null

2019-01-03 14:00:11 - [TEST_STEP][PASSED] - Statement - counter = counter + 1: null

2019-01-03 14:00:11 - [TEST_STEP][PASSED] - Statement - PreSaveFile = new java.io.File(((pathPrefix + java.lang.Integer.toString(counter)) + .png)): null

2019-01-03 14:00:11 - [TEST_STEP][PASSED] - Statement - counter = counter + 1: null

2019-01-03 14:00:11 - [TEST_STEP][PASSED] - Statement - PreSaveFile = new java.io.File(((pathPrefix + java.lang.Integer.toString(counter)) + .png)): null

2019-01-03 14:00:11 - [TEST_STEP][PASSED] - Statement - counter = counter + 1: null

2019-01-03 14:00:11 - [TEST_STEP][PASSED] - Statement - PreSaveFile = new java.io.File(((pathPrefix + java.lang.Integer.toString(counter)) + .png)): null

2019-01-03 14:00:11 - [TEST_STEP][PASSED] - Statement - counter = counter + 1: null

2019-01-03 14:00:11 - [TEST_STEP][PASSED] - Statement - PreSaveFile = new java.io.File(((pathPrefix + java.lang.Integer.toString(counter)) + .png)): null

2019-01-03 14:00:11 - [TEST_STEP][PASSED] - Statement - counter = counter + 1: null

2019-01-03 14:00:11 - [TEST_STEP][PASSED] - Statement - PreSaveFile = new java.io.File(((pathPrefix + java.lang.Integer.toString(counter)) + .png)): null

2019-01-03 14:00:11 - [TEST_STEP][PASSED] - Statement - counter = counter + 1: null

2019-01-03 14:00:11 - [TEST_STEP][PASSED] - Statement - PreSaveFile = new java.io.File(((pathPrefix + java.lang.Integer.toString(counter)) + .png)): null

2019-01-03 14:00:11 - [TEST_STEP][PASSED] - Statement - counter = counter + 1: null

2019-01-03 14:00:11 - [TEST_STEP][PASSED] - Statement - PreSaveFile = new java.io.File(((pathPrefix + java.lang.Integer.toString(counter)) + .png)): null

2019-01-03 14:00:11 - [TEST_STEP][PASSED] - Statement - counter = counter + 1: null

2019-01-03 14:00:11 - [TEST_STEP][PASSED] - Statement - PreSaveFile = new java.io.File(((pathPrefix + java.lang.Integer.toString(counter)) + .png)): null

2019-01-03 14:00:11 - [TEST_STEP][PASSED] - Statement - counter = counter + 1: null

2019-01-03 14:00:11 - [TEST_STEP][PASSED] - Statement - PreSaveFile = new java.io.File(((pathPrefix + java.lang.Integer.toString(counter)) + .png)): null

2019-01-03 14:00:11 - [TEST_STEP][PASSED] - Statement - counter = counter + 1: null

2019-01-03 14:00:11 - [TEST_STEP][PASSED] - Statement - PreSaveFile = new java.io.File(((pathPrefix + java.lang.Integer.toString(counter)) + .png)): null

2019-01-03 14:00:11 - [TEST_STEP][PASSED] - Statement - counter = counter + 1: null

2019-01-03 14:00:11 - [TEST_STEP][PASSED] - Statement - PreSaveFile = new java.io.File(((pathPrefix + java.lang.Integer.toString(counter)) + .png)): null

2019-01-03 14:00:11 - [TEST_STEP][PASSED] - Statement - counter = counter + 1: null

2019-01-03 14:00:11 - [TEST_STEP][PASSED] - Statement - PreSaveFile = new java.io.File(((pathPrefix + java.lang.Integer.toString(counter)) + .png)): null

2019-01-03 14:00:11 - [TEST_STEP][PASSED] - Statement - counter = counter + 1: null

2019-01-03 14:00:11 - [TEST_STEP][PASSED] - Statement - PreSaveFile = new java.io.File(((pathPrefix + java.lang.Integer.toString(counter)) + .png)): null

2019-01-03 14:00:11 - [TEST_STEP][PASSED] - Statement - counter = counter + 1: null

2019-01-03 14:00:11 - [TEST_STEP][PASSED] - Statement - PreSaveFile = new java.io.File(((pathPrefix + java.lang.Integer.toString(counter)) + .png)): null

2019-01-03 14:00:11 - [TEST_STEP][PASSED] - Statement - counter = counter + 1: null

2019-01-03 14:00:11 - [TEST_STEP][PASSED] - Statement - PreSaveFile = new java.io.File(((pathPrefix + java.lang.Integer.toString(counter)) + .png)): null

2019-01-03 14:00:11 - [TEST_STEP][PASSED] - Statement - counter = counter + 1: null

2019-01-03 14:00:11 - [TEST_STEP][PASSED] - Statement - PreSaveFile = new java.io.File(((pathPrefix + java.lang.Integer.toString(counter)) + .png)): null

2019-01-03 14:00:11 - [TEST_STEP][PASSED] - Statement - counter = counter + 1: null

2019-01-03 14:00:11 - [TEST_STEP][PASSED] - Statement - PreSaveFile = new java.io.File(((pathPrefix + java.lang.Integer.toString(counter)) + .png)): null

2019-01-03 14:00:11 - [TEST_STEP][PASSED] - Statement - counter = counter + 1: null

2019-01-03 14:00:11 - [TEST_STEP][PASSED] - Statement - PreSaveFile = new java.io.File(((pathPrefix + java.lang.Integer.toString(counter)) + .png)): null

2019-01-03 14:00:11 - [TEST_STEP][PASSED] - Statement - counter = counter + 1: null

2019-01-03 14:00:11 - [TEST_STEP][PASSED] - Statement - PreSaveFile = new java.io.File(((pathPrefix + java.lang.Integer.toString(counter)) + .png)): null

2019-01-03 14:00:11 - [TEST_STEP][PASSED] - Statement - counter = counter + 1: null

2019-01-03 14:00:11 - [TEST_STEP][PASSED] - Statement - PreSaveFile = new java.io.File(((pathPrefix + java.lang.Integer.toString(counter)) + .png)): null

2019-01-03 14:00:11 - [TEST_STEP][PASSED] - Statement - counter = counter + 1: null

2019-01-03 14:00:11 - [TEST_STEP][PASSED] - Statement - PreSaveFile = new java.io.File(((pathPrefix + java.lang.Integer.toString(counter)) + .png)): null

2019-01-03 14:00:11 - [TEST_STEP][PASSED] - Statement - counter = counter + 1: null

2019-01-03 14:00:11 - [TEST_STEP][PASSED] - Statement - PreSaveFile = new java.io.File(((pathPrefix + java.lang.Integer.toString(counter)) + .png)): null

2019-01-03 14:00:11 - [TEST_STEP][PASSED] - Statement - counter = counter + 1: null

2019-01-03 14:00:11 - [TEST_STEP][PASSED] - Statement - PreSaveFile = new java.io.File(((pathPrefix + java.lang.Integer.toString(counter)) + .png)): null

2019-01-03 14:00:11 - [TEST_STEP][PASSED] - Statement - counter = counter + 1: null

2019-01-03 14:00:12 - [TEST_STEP][PASSED] - Statement - PreSaveFile = new java.io.File(((pathPrefix + java.lang.Integer.toString(counter)) + .png)): null

2019-01-03 14:00:12 - [TEST_STEP][PASSED] - Statement - counter = counter + 1: null

2019-01-03 14:00:12 - [TEST_STEP][PASSED] - Statement - PreSaveFile = new java.io.File(((pathPrefix + java.lang.Integer.toString(counter)) + .png)): null

2019-01-03 14:00:12 - [TEST_STEP][PASSED] - Statement - counter = counter + 1: null

2019-01-03 14:00:12 - [TEST_STEP][PASSED] - Statement - PreSaveFile = new java.io.File(((pathPrefix + java.lang.Integer.toString(counter)) + .png)): null

2019-01-03 14:00:12 - [TEST_STEP][PASSED] - Statement - counter = counter + 1: null

2019-01-03 14:00:12 - [TEST_STEP][PASSED] - Statement - PreSaveFile = new java.io.File(((pathPrefix + java.lang.Integer.toString(counter)) + .png)): null

2019-01-03 14:00:12 - [TEST_STEP][PASSED] - Statement - counter = counter + 1: null

2019-01-03 14:00:12 - [TEST_STEP][PASSED] - Statement - PreSaveFile = new java.io.File(((pathPrefix + java.lang.Integer.toString(counter)) + .png)): null

2019-01-03 14:00:12 - [TEST_STEP][PASSED] - Statement - counter = counter + 1: null

2019-01-03 14:00:12 - [TEST_STEP][PASSED] - Statement - PreSaveFile = new java.io.File(((pathPrefix + java.lang.Integer.toString(counter)) + .png)): null

2019-01-03 14:00:12 - [TEST_STEP][PASSED] - Statement - counter = counter + 1: null

2019-01-03 14:00:12 - [TEST_STEP][PASSED] - Statement - PreSaveFile = new java.io.File(((pathPrefix + java.lang.Integer.toString(counter)) + .png)): null

2019-01-03 14:00:12 - [TEST_STEP][PASSED] - Statement - counter = counter + 1: null

2019-01-03 14:00:12 - [TEST_STEP][PASSED] - Statement - PreSaveFile = new java.io.File(((pathPrefix + java.lang.Integer.toString(counter)) + .png)): null

2019-01-03 14:00:12 - [TEST_STEP][PASSED] - Statement - counter = counter + 1: null

2019-01-03 14:00:12 - [TEST_STEP][PASSED] - Statement - PreSaveFile = new java.io.File(((pathPrefix + java.lang.Integer.toString(counter)) + .png)): null

2019-01-03 14:00:12 - [TEST_STEP][PASSED] - Statement - counter = counter + 1: null

2019-01-03 14:00:12 - [TEST_STEP][PASSED] - Statement - PreSaveFile = new java.io.File(((pathPrefix + java.lang.Integer.toString(counter)) + .png)): null

2019-01-03 14:00:12 - [TEST_STEP][PASSED] - Statement - counter = counter + 1: null

2019-01-03 14:00:12 - [TEST_STEP][PASSED] - Statement - PreSaveFile = new java.io.File(((pathPrefix + java.lang.Integer.toString(counter)) + .png)): null

2019-01-03 14:00:12 - [TEST_STEP][PASSED] - Statement - counter = counter + 1: null

2019-01-03 14:00:12 - [TEST_STEP][PASSED] - Statement - PreSaveFile = new java.io.File(((pathPrefix + java.lang.Integer.toString(counter)) + .png)): null

2019-01-03 14:00:12 - [TEST_STEP][PASSED] - Statement - counter = counter + 1: null

2019-01-03 14:00:12 - [TEST_STEP][PASSED] - Statement - PreSaveFile = new java.io.File(((pathPrefix + java.lang.Integer.toString(counter)) + .png)): null

2019-01-03 14:00:12 - [TEST_STEP][PASSED] - Statement - counter = counter + 1: null

2019-01-03 14:00:12 - [TEST_STEP][PASSED] - Statement - PreSaveFile = new java.io.File(((pathPrefix + java.lang.Integer.toString(counter)) + .png)): null

2019-01-03 14:00:12 - [TEST_STEP][PASSED] - Statement - counter = counter + 1: null

2019-01-03 14:00:12 - [TEST_STEP][PASSED] - Statement - PreSaveFile = new java.io.File(((pathPrefix + java.lang.Integer.toString(counter)) + .png)): null

2019-01-03 14:00:12 - [TEST_STEP][PASSED] - Statement - counter = counter + 1: null

2019-01-03 14:00:12 - [TEST_STEP][PASSED] - Statement - PreSaveFile = new java.io.File(((pathPrefix + java.lang.Integer.toString(counter)) + .png)): null

2019-01-03 14:00:12 - [TEST_STEP][PASSED] - Statement - counter = counter + 1: null

2019-01-03 14:00:12 - [TEST_STEP][PASSED] - Statement - PreSaveFile = new java.io.File(((pathPrefix + java.lang.Integer.toString(counter)) + .png)): null

2019-01-03 14:00:12 - [TEST_STEP][PASSED] - Statement - counter = counter + 1: null

2019-01-03 14:00:12 - [TEST_STEP][PASSED] - Statement - PreSaveFile = new java.io.File(((pathPrefix + java.lang.Integer.toString(counter)) + .png)): null

2019-01-03 14:00:12 - [TEST_STEP][PASSED] - Statement - counter = counter + 1: null

2019-01-03 14:00:12 - [TEST_STEP][PASSED] - Statement - PreSaveFile = new java.io.File(((pathPrefix + java.lang.Integer.toString(counter)) + .png)): null

2019-01-03 14:00:12 - [TEST_STEP][PASSED] - Statement - counter = counter + 1: null

2019-01-03 14:00:12 - [TEST_STEP][PASSED] - Statement - PreSaveFile = new java.io.File(((pathPrefix + java.lang.Integer.toString(counter)) + .png)): null

2019-01-03 14:00:12 - [TEST_STEP][PASSED] - Statement - counter = counter + 1: null

2019-01-03 14:00:12 - [TEST_STEP][PASSED] - Statement - PreSaveFile = new java.io.File(((pathPrefix + java.lang.Integer.toString(counter)) + .png)): null

2019-01-03 14:00:12 - [TEST_STEP][PASSED] - Statement - counter = counter + 1: null

2019-01-03 14:00:12 - [TEST_STEP][PASSED] - Statement - PreSaveFile = new java.io.File(((pathPrefix + java.lang.Integer.toString(counter)) + .png)): null

2019-01-03 14:00:12 - [TEST_STEP][PASSED] - Statement - counter = counter + 1: null

2019-01-03 14:00:12 - [TEST_STEP][PASSED] - Statement - PreSaveFile = new java.io.File(((pathPrefix + java.lang.Integer.toString(counter)) + .png)): null

2019-01-03 14:00:12 - [TEST_STEP][PASSED] - Statement - counter = counter + 1: null

2019-01-03 14:00:12 - [TEST_STEP][PASSED] - Statement - PreSaveFile = new java.io.File(((pathPrefix + java.lang.Integer.toString(counter)) + .png)): null

2019-01-03 14:00:12 - [TEST_STEP][PASSED] - Statement - counter = counter + 1: null

2019-01-03 14:00:12 - [TEST_STEP][PASSED] - Statement - PreSaveFile = new java.io.File(((pathPrefix + java.lang.Integer.toString(counter)) + .png)): null

2019-01-03 14:00:12 - [TEST_STEP][PASSED] - Statement - counter = counter + 1: null

2019-01-03 14:00:12 - [TEST_STEP][PASSED] - Statement - PreSaveFile = new java.io.File(((pathPrefix + java.lang.Integer.toString(counter)) + .png)): null

2019-01-03 14:00:12 - [TEST_STEP][PASSED] - Statement - counter = counter + 1: null

2019-01-03 14:00:12 - [TEST_STEP][PASSED] - Statement - PreSaveFile = new java.io.File(((pathPrefix + java.lang.Integer.toString(counter)) + .png)): null

2019-01-03 14:00:12 - [TEST_STEP][PASSED] - Statement - counter = counter + 1: null

2019-01-03 14:00:12 - [TEST_STEP][PASSED] - Statement - PreSaveFile = new java.io.File(((pathPrefix + java.lang.Integer.toString(counter)) + .png)): null

2019-01-03 14:00:12 - [TEST_STEP][PASSED] - Statement - counter = counter + 1: null

2019-01-03 14:00:12 - [TEST_STEP][PASSED] - Statement - PreSaveFile = new java.io.File(((pathPrefix + java.lang.Integer.toString(counter)) + .png)): null

2019-01-03 14:00:12 - [TEST_STEP][PASSED] - Statement - counter = counter + 1: null

2019-01-03 14:00:12 - [TEST_STEP][PASSED] - Statement - PreSaveFile = new java.io.File(((pathPrefix + java.lang.Integer.toString(counter)) + .png)): null

2019-01-03 14:00:12 - [TEST_STEP][PASSED] - Statement - counter = counter + 1: null

2019-01-03 14:00:12 - [TEST_STEP][PASSED] - Statement - PreSaveFile = new java.io.File(((pathPrefix + java.lang.Integer.toString(counter)) + .png)): null

2019-01-03 14:00:12 - [TEST_STEP][PASSED] - Statement - counter = counter + 1: null

2019-01-03 14:00:12 - [TEST_STEP][PASSED] - Statement - PreSaveFile = new java.io.File(((pathPrefix + java.lang.Integer.toString(counter)) + .png)): null

2019-01-03 14:00:12 - [TEST_STEP][PASSED] - Statement - counter = counter + 1: null

2019-01-03 14:00:12 - [TEST_STEP][PASSED] - Statement - PreSaveFile = new java.io.File(((pathPrefix + java.lang.Integer.toString(counter)) + .png)): null

2019-01-03 14:00:12 - [TEST_STEP][PASSED] - Statement - counter = counter + 1: null

2019-01-03 14:00:12 - [TEST_STEP][PASSED] - Statement - PreSaveFile = new java.io.File(((pathPrefix + java.lang.Integer.toString(counter)) + .png)): null

2019-01-03 14:00:12 - [TEST_STEP][PASSED] - Statement - counter = counter + 1: null

2019-01-03 14:00:12 - [TEST_STEP][PASSED] - Statement - PreSaveFile = new java.io.File(((pathPrefix + java.lang.Integer.toString(counter)) + .png)): null

2019-01-03 14:00:12 - [TEST_STEP][PASSED] - Statement - counter = counter + 1: null

2019-01-03 14:00:12 - [TEST_STEP][PASSED] - Statement - PreSaveFile = new java.io.File(((pathPrefix + java.lang.Integer.toString(counter)) + .png)): null

2019-01-03 14:00:12 - [TEST_STEP][PASSED] - Statement - counter = counter + 1: null

2019-01-03 14:00:12 - [TEST_STEP][PASSED] - Statement - PreSaveFile = new java.io.File(((pathPrefix + java.lang.Integer.toString(counter)) + .png)): null

2019-01-03 14:00:12 - [TEST_STEP][PASSED] - Statement - counter = counter + 1: null

2019-01-03 14:00:12 - [TEST_STEP][PASSED] - Statement - PreSaveFile = new java.io.File(((pathPrefix + java.lang.Integer.toString(counter)) + .png)): null

2019-01-03 14:00:12 - [TEST_STEP][PASSED] - Statement - counter = counter + 1: null

2019-01-03 14:00:12 - [TEST_STEP][PASSED] - Statement - PreSaveFile = new java.io.File(((pathPrefix + java.lang.Integer.toString(counter)) + .png)): null

2019-01-03 14:00:12 - [TEST_STEP][PASSED] - Statement - counter = counter + 1: null

2019-01-03 14:00:12 - [TEST_STEP][PASSED] - Statement - PreSaveFile = new java.io.File(((pathPrefix + java.lang.Integer.toString(counter)) + .png)): null

2019-01-03 14:00:12 - [TEST_STEP][PASSED] - Statement - counter = counter + 1: null

2019-01-03 14:00:12 - [TEST_STEP][PASSED] - Statement - PreSaveFile = new java.io.File(((pathPrefix + java.lang.Integer.toString(counter)) + .png)): null

2019-01-03 14:00:12 - [TEST_STEP][PASSED] - Statement - counter = counter + 1: null

2019-01-03 14:00:12 - [TEST_STEP][PASSED] - Statement - PreSaveFile = new java.io.File(((pathPrefix + java.lang.Integer.toString(counter)) + .png)): null

2019-01-03 14:00:12 - [TEST_STEP][PASSED] - Statement - counter = counter + 1: null

2019-01-03 14:00:12 - [TEST_STEP][PASSED] - Statement - PreSaveFile = new java.io.File(((pathPrefix + java.lang.Integer.toString(counter)) + .png)): null

2019-01-03 14:00:12 - [TEST_STEP][PASSED] - Statement - counter = counter + 1: null

2019-01-03 14:00:12 - [TEST_STEP][PASSED] - Statement - PreSaveFile = new java.io.File(((pathPrefix + java.lang.Integer.toString(counter)) + .png)): null

2019-01-03 14:00:12 - [TEST_STEP][PASSED] - Statement - counter = counter + 1: null

2019-01-03 14:00:12 - [TEST_STEP][PASSED] - Statement - PreSaveFile = new java.io.File(((pathPrefix + java.lang.Integer.toString(counter)) + .png)): null

2019-01-03 14:00:12 - [TEST_STEP][PASSED] - Statement - counter = counter + 1: null

2019-01-03 14:00:12 - [TEST_STEP][PASSED] - Statement - PreSaveFile = new java.io.File(((pathPrefix + java.lang.Integer.toString(counter)) + .png)): null

2019-01-03 14:00:12 - [TEST_STEP][PASSED] - Statement - counter = counter + 1: null

2019-01-03 14:00:12 - [TEST_STEP][PASSED] - Statement - PreSaveFile = new java.io.File(((pathPrefix + java.lang.Integer.toString(counter)) + .png)): null

2019-01-03 14:00:12 - [TEST_STEP][PASSED] - Statement - counter = counter + 1: null

2019-01-03 14:00:12 - [TEST_STEP][PASSED] - Statement - PreSaveFile = new java.io.File(((pathPrefix + java.lang.Integer.toString(counter)) + .png)): null

2019-01-03 14:00:12 - [TEST_STEP][PASSED] - Statement - counter = counter + 1: null

2019-01-03 14:00:12 - [TEST_STEP][PASSED] - Statement - PreSaveFile = new java.io.File(((pathPrefix + java.lang.Integer.toString(counter)) + .png)): null

2019-01-03 14:00:12 - [TEST_STEP][PASSED] - Statement - counter = counter + 1: null

2019-01-03 14:00:12 - [TEST_STEP][PASSED] - Statement - PreSaveFile = new java.io.File(((pathPrefix + java.lang.Integer.toString(counter)) + .png)): null

2019-01-03 14:00:12 - [TEST_STEP][PASSED] - Statement - counter = counter + 1: null

2019-01-03 14:00:12 - [TEST_STEP][PASSED] - Statement - PreSaveFile = new java.io.File(((pathPrefix + java.lang.Integer.toString(counter)) + .png)): null

2019-01-03 14:00:12 - [TEST_STEP][PASSED] - Statement - counter = counter + 1: null

2019-01-03 14:00:12 - [TEST_STEP][PASSED] - Statement - PreSaveFile = new java.io.File(((pathPrefix + java.lang.Integer.toString(counter)) + .png)): null

2019-01-03 14:00:12 - [TEST_STEP][PASSED] - Statement - counter = counter + 1: null

2019-01-03 14:00:12 - [TEST_STEP][PASSED] - Statement - PreSaveFile = new java.io.File(((pathPrefix + java.lang.Integer.toString(counter)) + .png)): null

2019-01-03 14:00:12 - [TEST_STEP][PASSED] - Statement - counter = counter + 1: null

2019-01-03 14:00:12 - [TEST_STEP][PASSED] - Statement - PreSaveFile = new java.io.File(((pathPrefix + java.lang.Integer.toString(counter)) + .png)): null

2019-01-03 14:00:12 - [TEST_STEP][PASSED] - Statement - counter = counter + 1: null

2019-01-03 14:00:12 - [TEST_STEP][PASSED] - Statement - PreSaveFile = new java.io.File(((pathPrefix + java.lang.Integer.toString(counter)) + .png)): null

2019-01-03 14:00:12 - [TEST_STEP][PASSED] - Statement - counter = counter + 1: null

2019-01-03 14:00:12 - [TEST_STEP][PASSED] - Statement - PreSaveFile = new java.io.File(((pathPrefix + java.lang.Integer.toString(counter)) + .png)): null

2019-01-03 14:00:12 - [TEST_STEP][PASSED] - Statement - counter = counter + 1: null

2019-01-03 14:00:12 - [TEST_STEP][PASSED] - Statement - PreSaveFile = new java.io.File(((pathPrefix + java.lang.Integer.toString(counter)) + .png)): null

2019-01-03 14:00:12 - [TEST_STEP][PASSED] - Statement - counter = counter + 1: null

2019-01-03 14:00:12 - [TEST_STEP][PASSED] - Statement - PreSaveFile = new java.io.File(((pathPrefix + java.lang.Integer.toString(counter)) + .png)): null

2019-01-03 14:00:12 - [TEST_STEP][PASSED] - Statement - counter = counter + 1: null

2019-01-03 14:00:12 - [TEST_STEP][PASSED] - Statement - PreSaveFile = new java.io.File(((pathPrefix + java.lang.Integer.toString(counter)) + .png)): null

2019-01-03 14:00:12 - [TEST_STEP][PASSED] - Statement - counter = counter + 1: null

2019-01-03 14:00:12 - [TEST_STEP][PASSED] - Statement - PreSaveFile = new java.io.File(((pathPrefix + java.lang.Integer.toString(counter)) + .png)): null

2019-01-03 14:00:12 - [TEST_STEP][PASSED] - Statement - counter = counter + 1: null

2019-01-03 14:00:12 - [TEST_STEP][PASSED] - Statement - PreSaveFile = new java.io.File(((pathPrefix + java.lang.Integer.toString(counter)) + .png)): null

2019-01-03 14:00:12 - [TEST_STEP][PASSED] - Statement - counter = counter + 1: null

2019-01-03 14:00:12 - [TEST_STEP][PASSED] - Statement - PreSaveFile = new java.io.File(((pathPrefix + java.lang.Integer.toString(counter)) + .png)): null

2019-01-03 14:00:12 - [TEST_STEP][PASSED] - Statement - counter = counter + 1: null

2019-01-03 14:00:12 - [TEST_STEP][PASSED] - Statement - PreSaveFile = new java.io.File(((pathPrefix + java.lang.Integer.toString(counter)) + .png)): null

2019-01-03 14:00:12 - [TEST_STEP][PASSED] - Statement - counter = counter + 1: null

2019-01-03 14:00:12 - [TEST_STEP][PASSED] - Statement - PreSaveFile = new java.io.File(((pathPrefix + java.lang.Integer.toString(counter)) + .png)): null

2019-01-03 14:00:12 - [TEST_STEP][PASSED] - Statement - counter = counter + 1: null

2019-01-03 14:00:12 - [TEST_STEP][PASSED] - Statement - PreSaveFile = new java.io.File(((pathPrefix + java.lang.Integer.toString(counter)) + .png)): null

2019-01-03 14:00:12 - [TEST_STEP][PASSED] - Statement - counter = counter + 1: null

2019-01-03 14:00:12 - [TEST_STEP][PASSED] - Statement - PreSaveFile = new java.io.File(((pathPrefix + java.lang.Integer.toString(counter)) + .png)): null

2019-01-03 14:00:12 - [TEST_STEP][PASSED] - Statement - counter = counter + 1: null

2019-01-03 14:00:12 - [TEST_STEP][PASSED] - Statement - PreSaveFile = new java.io.File(((pathPrefix + java.lang.Integer.toString(counter)) + .png)): null

2019-01-03 14:00:12 - [TEST_STEP][PASSED] - Statement - counter = counter + 1: null

2019-01-03 14:00:12 - [TEST_STEP][PASSED] - Statement - PreSaveFile = new java.io.File(((pathPrefix + java.lang.Integer.toString(counter)) + .png)): null

2019-01-03 14:00:12 - [TEST_STEP][PASSED] - Statement - counter = counter + 1: null

2019-01-03 14:00:12 - [TEST_STEP][PASSED] - Statement - PreSaveFile = new java.io.File(((pathPrefix + java.lang.Integer.toString(counter)) + .png)): null

2019-01-03 14:00:12 - [TEST_STEP][PASSED] - Statement - counter = counter + 1: null

2019-01-03 14:00:12 - [TEST_STEP][PASSED] - Statement - PreSaveFile = new java.io.File(((pathPrefix + java.lang.Integer.toString(counter)) + .png)): null

2019-01-03 14:00:12 - [TEST_STEP][PASSED] - Statement - counter = counter + 1: null

2019-01-03 14:00:12 - [TEST_STEP][PASSED] - Statement - PreSaveFile = new java.io.File(((pathPrefix + java.lang.Integer.toString(counter)) + .png)): null

2019-01-03 14:00:12 - [TEST_STEP][PASSED] - Statement - counter = counter + 1: null

2019-01-03 14:00:12 - [TEST_STEP][PASSED] - Statement - PreSaveFile = new java.io.File(((pathPrefix + java.lang.Integer.toString(counter)) + .png)): null

2019-01-03 14:00:12 - [TEST_STEP][PASSED] - Statement - counter = counter + 1: null

2019-01-03 14:00:12 - [TEST_STEP][PASSED] - Statement - PreSaveFile = new java.io.File(((pathPrefix + java.lang.Integer.toString(counter)) + .png)): null

2019-01-03 14:00:12 - [TEST_STEP][PASSED] - Statement - counter = counter + 1: null

2019-01-03 14:00:12 - [TEST_STEP][PASSED] - Statement - PreSaveFile = new java.io.File(((pathPrefix + java.lang.Integer.toString(counter)) + .png)): null

2019-01-03 14:00:12 - [TEST_STEP][PASSED] - Statement - counter = counter + 1: null

2019-01-03 14:00:12 - [TEST_STEP][PASSED] - Statement - PreSaveFile = new java.io.File(((pathPrefix + java.lang.Integer.toString(counter)) + .png)): null

2019-01-03 14:00:12 - [TEST_STEP][PASSED] - Statement - counter = counter + 1: null

2019-01-03 14:00:12 - [TEST_STEP][PASSED] - Statement - PreSaveFile = new java.io.File(((pathPrefix + java.lang.Integer.toString(counter)) + .png)): null

2019-01-03 14:00:12 - [TEST_STEP][PASSED] - Statement - counter = counter + 1: null

2019-01-03 14:00:12 - [TEST_STEP][PASSED] - Statement - PreSaveFile = new java.io.File(((pathPrefix + java.lang.Integer.toString(counter)) + .png)): null

2019-01-03 14:00:12 - [TEST_STEP][PASSED] - Statement - counter = counter + 1: null

2019-01-03 14:00:12 - [TEST_STEP][PASSED] - Statement - PreSaveFile = new java.io.File(((pathPrefix + java.lang.Integer.toString(counter)) + .png)): null

2019-01-03 14:00:12 - [TEST_STEP][PASSED] - Statement - counter = counter + 1: null

2019-01-03 14:00:12 - [TEST_STEP][PASSED] - Statement - PreSaveFile = new java.io.File(((pathPrefix + java.lang.Integer.toString(counter)) + .png)): null

2019-01-03 14:00:12 - [TEST_STEP][PASSED] - Statement - counter = counter + 1: null

2019-01-03 14:00:12 - [TEST_STEP][PASSED] - Statement - PreSaveFile = new java.io.File(((pathPrefix + java.lang.Integer.toString(counter)) + .png)): null

2019-01-03 14:00:12 - [TEST_STEP][PASSED] - Statement - counter = counter + 1: null

2019-01-03 14:00:12 - [TEST_STEP][PASSED] - Statement - PreSaveFile = new java.io.File(((pathPrefix + java.lang.Integer.toString(counter)) + .png)): null

2019-01-03 14:00:12 - [TEST_STEP][PASSED] - Statement - counter = counter + 1: null

2019-01-03 14:00:12 - [TEST_STEP][PASSED] - Statement - PreSaveFile = new java.io.File(((pathPrefix + java.lang.Integer.toString(counter)) + .png)): null

2019-01-03 14:00:12 - [TEST_STEP][PASSED] - Statement - counter = counter + 1: null

2019-01-03 14:00:12 - [TEST_STEP][PASSED] - Statement - PreSaveFile = new java.io.File(((pathPrefix + java.lang.Integer.toString(counter)) + .png)): null

2019-01-03 14:00:12 - [TEST_STEP][PASSED] - Statement - counter = counter + 1: null

2019-01-03 14:00:12 - [TEST_STEP][PASSED] - Statement - PreSaveFile = new java.io.File(((pathPrefix + java.lang.Integer.toString(counter)) + .png)): null

2019-01-03 14:00:12 - [TEST_STEP][PASSED] - Statement - counter = counter + 1: null

2019-01-03 14:00:12 - [TEST_STEP][PASSED] - Statement - PreSaveFile = new java.io.File(((pathPrefix + java.lang.Integer.toString(counter)) + .png)): null

2019-01-03 14:00:12 - [TEST_STEP][PASSED] - Statement - counter = counter + 1: null

2019-01-03 14:00:12 - [TEST_STEP][PASSED] - Statement - PreSaveFile = new java.io.File(((pathPrefix + java.lang.Integer.toString(counter)) + .png)): null

2019-01-03 14:00:12 - [TEST_STEP][PASSED] - Statement - counter = counter + 1: null

2019-01-03 14:00:12 - [TEST_STEP][PASSED] - Statement - PreSaveFile = new java.io.File(((pathPrefix + java.lang.Integer.toString(counter)) + .png)): null

2019-01-03 14:00:12 - [TEST_STEP][PASSED] - Statement - counter = counter + 1: null

2019-01-03 14:00:12 - [TEST_STEP][PASSED] - Statement - PreSaveFile = new java.io.File(((pathPrefix + java.lang.Integer.toString(counter)) + .png)): null

2019-01-03 14:00:12 - [TEST_STEP][PASSED] - Statement - counter = counter + 1: null

2019-01-03 14:00:12 - [TEST_STEP][PASSED] - Statement - PreSaveFile = new java.io.File(((pathPrefix + java.lang.Integer.toString(counter)) + .png)): null

2019-01-03 14:00:12 - [TEST_STEP][PASSED] - Statement - counter = counter + 1: null

2019-01-03 14:00:12 - [TEST_STEP][PASSED] - Statement - PreSaveFile = new java.io.File(((pathPrefix + java.lang.Integer.toString(counter)) + .png)): null

2019-01-03 14:00:12 - [TEST_STEP][PASSED] - Statement - counter = counter + 1: null

2019-01-03 14:00:12 - [TEST_STEP][PASSED] - Statement - PreSaveFile = new java.io.File(((pathPrefix + java.lang.Integer.toString(counter)) + .png)): null

2019-01-03 14:00:12 - [TEST_STEP][PASSED] - Statement - counter = counter + 1: null

2019-01-03 14:00:12 - [TEST_STEP][PASSED] - Statement - PreSaveFile = new java.io.File(((pathPrefix + java.lang.Integer.toString(counter)) + .png)): null

2019-01-03 14:00:12 - [TEST_STEP][PASSED] - Statement - counter = counter + 1: null

2019-01-03 14:00:12 - [TEST_STEP][PASSED] - Statement - PreSaveFile = new java.io.File(((pathPrefix + java.lang.Integer.toString(counter)) + .png)): null

2019-01-03 14:00:12 - [TEST_STEP][PASSED] - Statement - counter = counter + 1: null

2019-01-03 14:00:12 - [TEST_STEP][PASSED] - Statement - PreSaveFile = new java.io.File(((pathPrefix + java.lang.Integer.toString(counter)) + .png)): null

2019-01-03 14:00:12 - [TEST_STEP][PASSED] - Statement - counter = counter + 1: null

2019-01-03 14:00:12 - [TEST_STEP][PASSED] - Statement - PreSaveFile = new java.io.File(((pathPrefix + java.lang.Integer.toString(counter)) + .png)): null

2019-01-03 14:00:12 - [TEST_STEP][PASSED] - Statement - counter = counter + 1: null

2019-01-03 14:00:12 - [TEST_STEP][PASSED] - Statement - PreSaveFile = new java.io.File(((pathPrefix + java.lang.Integer.toString(counter)) + .png)): null

2019-01-03 14:00:12 - [TEST_STEP][PASSED] - Statement - counter = counter + 1: null

2019-01-03 14:00:12 - [TEST_STEP][PASSED] - Statement - PreSaveFile = new java.io.File(((pathPrefix + java.lang.Integer.toString(counter)) + .png)): null

2019-01-03 14:00:12 - [TEST_STEP][PASSED] - Statement - counter = counter + 1: null

2019-01-03 14:00:12 - [TEST_STEP][PASSED] - Statement - PreSaveFile = new java.io.File(((pathPrefix + java.lang.Integer.toString(counter)) + .png)): null

2019-01-03 14:00:12 - [TEST_STEP][PASSED] - Statement - counter = counter + 1: null

2019-01-03 14:00:12 - [TEST_STEP][PASSED] - Statement - PreSaveFile = new java.io.File(((pathPrefix + java.lang.Integer.toString(counter)) + .png)): null

2019-01-03 14:00:12 - [TEST_STEP][PASSED] - Statement - counter = counter + 1: null

2019-01-03 14:00:12 - [TEST_STEP][PASSED] - Statement - PreSaveFile = new java.io.File(((pathPrefix + java.lang.Integer.toString(counter)) + .png)): null

2019-01-03 14:00:12 - [TEST_STEP][PASSED] - Statement - counter = counter + 1: null

2019-01-03 14:00:12 - [TEST_STEP][PASSED] - Statement - PreSaveFile = new java.io.File(((pathPrefix + java.lang.Integer.toString(counter)) + .png)): null

2019-01-03 14:00:12 - [TEST_STEP][PASSED] - Statement - counter = counter + 1: null

2019-01-03 14:00:12 - [TEST_STEP][PASSED] - Statement - PreSaveFile = new java.io.File(((pathPrefix + java.lang.Integer.toString(counter)) + .png)): null

2019-01-03 14:00:12 - [TEST_STEP][PASSED] - Statement - counter = counter + 1: null

2019-01-03 14:00:12 - [TEST_STEP][PASSED] - Statement - PreSaveFile = new java.io.File(((pathPrefix + java.lang.Integer.toString(counter)) + .png)): null

2019-01-03 14:00:12 - [TEST_STEP][PASSED] - Statement - counter = counter + 1: null

2019-01-03 14:00:12 - [TEST_STEP][PASSED] - Statement - PreSaveFile = new java.io.File(((pathPrefix + java.lang.Integer.toString(counter)) + .png)): null

2019-01-03 14:00:12 - [TEST_STEP][PASSED] - Statement - counter = counter + 1: null

2019-01-03 14:00:12 - [TEST_STEP][PASSED] - Statement - PreSaveFile = new java.io.File(((pathPrefix + java.lang.Integer.toString(counter)) + .png)): null

2019-01-03 14:00:12 - [TEST_STEP][PASSED] - Statement - counter = counter + 1: null

2019-01-03 14:00:12 - [TEST_STEP][PASSED] - Statement - PreSaveFile = new java.io.File(((pathPrefix + java.lang.Integer.toString(counter)) + .png)): null

2019-01-03 14:00:12 - [TEST_STEP][PASSED] - Statement - counter = counter + 1: null

2019-01-03 14:00:12 - [TEST_STEP][PASSED] - Statement - PreSaveFile = new java.io.File(((pathPrefix + java.lang.Integer.toString(counter)) + .png)): null

2019-01-03 14:00:12 - [TEST_STEP][PASSED] - Statement - counter = counter + 1: null

2019-01-03 14:00:12 - [TEST_STEP][PASSED] - Statement - PreSaveFile = new java.io.File(((pathPrefix + java.lang.Integer.toString(counter)) + .png)): null

2019-01-03 14:00:12 - [TEST_STEP][PASSED] - Statement - counter = counter + 1: null

2019-01-03 14:00:12 - [TEST_STEP][PASSED] - Statement - PreSaveFile = new java.io.File(((pathPrefix + java.lang.Integer.toString(counter)) + .png)): null

2019-01-03 14:00:12 - [TEST_STEP][PASSED] - Statement - counter = counter + 1: null

2019-01-03 14:00:12 - [TEST_STEP][PASSED] - Statement - PreSaveFile = new java.io.File(((pathPrefix + java.lang.Integer.toString(counter)) + .png)): null

2019-01-03 14:00:12 - [TEST_STEP][PASSED] - Statement - counter = counter + 1: null

2019-01-03 14:00:12 - [TEST_STEP][PASSED] - Statement - PreSaveFile = new java.io.File(((pathPrefix + java.lang.Integer.toString(counter)) + .png)): null

2019-01-03 14:00:12 - [TEST_STEP][PASSED] - Statement - counter = counter + 1: null

2019-01-03 14:00:12 - [TEST_STEP][PASSED] - Statement - PreSaveFile = new java.io.File(((pathPrefix + java.lang.Integer.toString(counter)) + .png)): null

2019-01-03 14:00:12 - [TEST_STEP][PASSED] - Statement - counter = counter + 1: null

2019-01-03 14:00:12 - [TEST_STEP][PASSED] - Statement - PreSaveFile = new java.io.File(((pathPrefix + java.lang.Integer.toString(counter)) + .png)): null

2019-01-03 14:00:12 - [TEST_STEP][PASSED] - Statement - counter = counter + 1: null

2019-01-03 14:00:12 - [TEST_STEP][PASSED] - Statement - PreSaveFile = new java.io.File(((pathPrefix + java.lang.Integer.toString(counter)) + .png)): null

2019-01-03 14:00:12 - [TEST_STEP][PASSED] - Statement - counter = counter + 1: null

2019-01-03 14:00:12 - [TEST_STEP][PASSED] - Statement - PreSaveFile = new java.io.File(((pathPrefix + java.lang.Integer.toString(counter)) + .png)): null

2019-01-03 14:00:12 - [TEST_STEP][PASSED] - Statement - counter = counter + 1: null

2019-01-03 14:00:12 - [TEST_STEP][PASSED] - Statement - PreSaveFile = new java.io.File(((pathPrefix + java.lang.Integer.toString(counter)) + .png)): null

2019-01-03 14:00:12 - [TEST_STEP][PASSED] - Statement - counter = counter + 1: null

2019-01-03 14:00:12 - [TEST_STEP][PASSED] - Statement - PreSaveFile = new java.io.File(((pathPrefix + java.lang.Integer.toString(counter)) + .png)): null

2019-01-03 14:00:12 - [TEST_STEP][PASSED] - Statement - counter = counter + 1: null

2019-01-03 14:00:12 - [TEST_STEP][PASSED] - Statement - PreSaveFile = new java.io.File(((pathPrefix + java.lang.Integer.toString(counter)) + .png)): null

2019-01-03 14:00:12 - [TEST_STEP][PASSED] - Statement - counter = counter + 1: null

2019-01-03 14:00:12 - [TEST_STEP][PASSED] - Statement - PreSaveFile = new java.io.File(((pathPrefix + java.lang.Integer.toString(counter)) + .png)): null

2019-01-03 14:00:12 - [TEST_STEP][PASSED] - Statement - counter = counter + 1: null

2019-01-03 14:00:12 - [TEST_STEP][PASSED] - Statement - PreSaveFile = new java.io.File(((pathPrefix + java.lang.Integer.toString(counter)) + .png)): null

2019-01-03 14:00:12 - [TEST_STEP][PASSED] - Statement - counter = counter + 1: null

2019-01-03 14:00:12 - [TEST_STEP][PASSED] - Statement - PreSaveFile = new java.io.File(((pathPrefix + java.lang.Integer.toString(counter)) + .png)): null

2019-01-03 14:00:12 - [TEST_STEP][PASSED] - Statement - counter = counter + 1: null

2019-01-03 14:00:12 - [TEST_STEP][PASSED] - Statement - PreSaveFile = new java.io.File(((pathPrefix + java.lang.Integer.toString(counter)) + .png)): null

2019-01-03 14:00:12 - [TEST_STEP][PASSED] - Statement - counter = counter + 1: null

2019-01-03 14:00:12 - [TEST_STEP][PASSED] - Statement - PreSaveFile = new java.io.File(((pathPrefix + java.lang.Integer.toString(counter)) + .png)): null

2019-01-03 14:00:12 - [TEST_STEP][PASSED] - Statement - counter = counter + 1: null

2019-01-03 14:00:12 - [TEST_STEP][PASSED] - Statement - PreSaveFile = new java.io.File(((pathPrefix + java.lang.Integer.toString(counter)) + .png)): null

2019-01-03 14:00:12 - [TEST_STEP][PASSED] - Statement - counter = counter + 1: null

2019-01-03 14:00:12 - [TEST_STEP][PASSED] - Statement - PreSaveFile = new java.io.File(((pathPrefix + java.lang.Integer.toString(counter)) + .png)): null

2019-01-03 14:00:12 - [TEST_STEP][PASSED] - Statement - counter = counter + 1: null

2019-01-03 14:00:12 - [TEST_STEP][PASSED] - Statement - PreSaveFile = new java.io.File(((pathPrefix + java.lang.Integer.toString(counter)) + .png)): null

2019-01-03 14:00:12 - [TEST_STEP][PASSED] - Statement - counter = counter + 1: null

2019-01-03 14:00:12 - [TEST_STEP][PASSED] - Statement - PreSaveFile = new java.io.File(((pathPrefix + java.lang.Integer.toString(counter)) + .png)): null

2019-01-03 14:00:12 - [TEST_STEP][PASSED] - Statement - counter = counter + 1: null

2019-01-03 14:00:12 - [TEST_STEP][PASSED] - Statement - PreSaveFile = new java.io.File(((pathPrefix + java.lang.Integer.toString(counter)) + .png)): null

2019-01-03 14:00:12 - [TEST_STEP][PASSED] - Statement - counter = counter + 1: null

2019-01-03 14:00:12 - [TEST_STEP][PASSED] - Statement - PreSaveFile = new java.io.File(((pathPrefix + java.lang.Integer.toString(counter)) + .png)): null

2019-01-03 14:00:12 - [TEST_STEP][PASSED] - Statement - counter = counter + 1: null

2019-01-03 14:00:12 - [TEST_STEP][PASSED] - Statement - PreSaveFile = new java.io.File(((pathPrefix + java.lang.Integer.toString(counter)) + .png)): null

2019-01-03 14:00:12 - [TEST_STEP][PASSED] - Statement - counter = counter + 1: null

2019-01-03 14:00:12 - [TEST_STEP][PASSED] - Statement - PreSaveFile = new java.io.File(((pathPrefix + java.lang.Integer.toString(counter)) + .png)): null

2019-01-03 14:00:12 - [TEST_STEP][PASSED] - Statement - counter = counter + 1: null

2019-01-03 14:00:12 - [TEST_STEP][PASSED] - Statement - PreSaveFile = new java.io.File(((pathPrefix + java.lang.Integer.toString(counter)) + .png)): null

2019-01-03 14:00:12 - [TEST_STEP][PASSED] - Statement - counter = counter + 1: null

2019-01-03 14:00:12 - [TEST_STEP][PASSED] - Statement - PreSaveFile = new java.io.File(((pathPrefix + java.lang.Integer.toString(counter)) + .png)): null

2019-01-03 14:00:12 - [TEST_STEP][PASSED] - Statement - counter = counter + 1: null

2019-01-03 14:00:12 - [TEST_STEP][PASSED] - Statement - PreSaveFile = new java.io.File(((pathPrefix + java.lang.Integer.toString(counter)) + .png)): null

2019-01-03 14:00:12 - [TEST_STEP][PASSED] - Statement - counter = counter + 1: null

2019-01-03 14:00:12 - [TEST_STEP][PASSED] - Statement - PreSaveFile = new java.io.File(((pathPrefix + java.lang.Integer.toString(counter)) + .png)): null

2019-01-03 14:00:12 - [TEST_STEP][PASSED] - Statement - counter = counter + 1: null

2019-01-03 14:00:12 - [TEST_STEP][PASSED] - Statement - PreSaveFile = new java.io.File(((pathPrefix + java.lang.Integer.toString(counter)) + .png)): null

2019-01-03 14:00:12 - [TEST_STEP][PASSED] - Statement - counter = counter + 1: null

2019-01-03 14:00:12 - [TEST_STEP][PASSED] - Statement - PreSaveFile = new java.io.File(((pathPrefix + java.lang.Integer.toString(counter)) + .png)): null

2019-01-03 14:00:12 - [TEST_STEP][PASSED] - Statement - counter = counter + 1: null

2019-01-03 14:00:12 - [TEST_STEP][PASSED] - Statement - PreSaveFile = new java.io.File(((pathPrefix + java.lang.Integer.toString(counter)) + .png)): null

2019-01-03 14:00:12 - [TEST_STEP][PASSED] - Statement - counter = counter + 1: null

2019-01-03 14:00:12 - [TEST_STEP][PASSED] - Statement - PreSaveFile = new java.io.File(((pathPrefix + java.lang.Integer.toString(counter)) + .png)): null

2019-01-03 14:00:12 - [TEST_STEP][PASSED] - Statement - counter = counter + 1: null

2019-01-03 14:00:12 - [TEST_STEP][PASSED] - Statement - PreSaveFile = new java.io.File(((pathPrefix + java.lang.Integer.toString(counter)) + .png)): null

2019-01-03 14:00:12 - [TEST_STEP][PASSED] - Statement - counter = counter + 1: null

2019-01-03 14:00:12 - [TEST_STEP][PASSED] - Statement - PreSaveFile = new java.io.File(((pathPrefix + java.lang.Integer.toString(counter)) + .png)): null

2019-01-03 14:00:12 - [TEST_STEP][PASSED] - Statement - counter = counter + 1: null

2019-01-03 14:00:12 - [TEST_STEP][PASSED] - Statement - PreSaveFile = new java.io.File(((pathPrefix + java.lang.Integer.toString(counter)) + .png)): null

2019-01-03 14:00:12 - [TEST_STEP][PASSED] - Statement - counter = counter + 1: null

2019-01-03 14:00:12 - [TEST_STEP][PASSED] - Statement - PreSaveFile = new java.io.File(((pathPrefix + java.lang.Integer.toString(counter)) + .png)): null

2019-01-03 14:00:12 - [TEST_STEP][PASSED] - Statement - counter = counter + 1: null

2019-01-03 14:00:12 - [TEST_STEP][PASSED] - Statement - PreSaveFile = new java.io.File(((pathPrefix + java.lang.Integer.toString(counter)) + .png)): null

2019-01-03 14:00:12 - [TEST_STEP][PASSED] - Statement - counter = counter + 1: null

2019-01-03 14:00:12 - [TEST_STEP][PASSED] - Statement - PreSaveFile = new java.io.File(((pathPrefix + java.lang.Integer.toString(counter)) + .png)): null

2019-01-03 14:00:12 - [TEST_STEP][PASSED] - Statement - counter = counter + 1: null

2019-01-03 14:00:12 - [TEST_STEP][PASSED] - Statement - PreSaveFile = new java.io.File(((pathPrefix + java.lang.Integer.toString(counter)) + .png)): null

2019-01-03 14:00:12 - [TEST_STEP][PASSED] - Statement - counter = counter + 1: null

2019-01-03 14:00:12 - [TEST_STEP][PASSED] - Statement - PreSaveFile = new java.io.File(((pathPrefix + java.lang.Integer.toString(counter)) + .png)): null

2019-01-03 14:00:12 - [TEST_STEP][PASSED] - Statement - counter = counter + 1: null

2019-01-03 14:00:12 - [TEST_STEP][PASSED] - Statement - PreSaveFile = new java.io.File(((pathPrefix + java.lang.Integer.toString(counter)) + .png)): null

2019-01-03 14:00:12 - [TEST_STEP][PASSED] - Statement - counter = counter + 1: null

2019-01-03 14:00:12 - [TEST_STEP][PASSED] - Statement - PreSaveFile = new java.io.File(((pathPrefix + java.lang.Integer.toString(counter)) + .png)): null

2019-01-03 14:00:12 - [TEST_STEP][PASSED] - Statement - counter = counter + 1: null

2019-01-03 14:00:12 - [TEST_STEP][PASSED] - Statement - PreSaveFile = new java.io.File(((pathPrefix + java.lang.Integer.toString(counter)) + .png)): null

2019-01-03 14:00:12 - [TEST_STEP][PASSED] - Statement - counter = counter + 1: null

2019-01-03 14:00:12 - [TEST_STEP][PASSED] - Statement - PreSaveFile = new java.io.File(((pathPrefix + java.lang.Integer.toString(counter)) + .png)): null

2019-01-03 14:00:12 - [TEST_STEP][PASSED] - Statement - counter = counter + 1: null

2019-01-03 14:00:12 - [TEST_STEP][PASSED] - Statement - PreSaveFile = new java.io.File(((pathPrefix + java.lang.Integer.toString(counter)) + .png)): null

2019-01-03 14:00:12 - [TEST_STEP][PASSED] - Statement - counter = counter + 1: null

2019-01-03 14:00:12 - [TEST_STEP][PASSED] - Statement - PreSaveFile = new java.io.File(((pathPrefix + java.lang.Integer.toString(counter)) + .png)): null

2019-01-03 14:00:12 - [TEST_STEP][PASSED] - Statement - counter = counter + 1: null

2019-01-03 14:00:12 - [TEST_STEP][PASSED] - Statement - PreSaveFile = new java.io.File(((pathPrefix + java.lang.Integer.toString(counter)) + .png)): null

2019-01-03 14:00:12 - [TEST_STEP][PASSED] - Statement - counter = counter + 1: null

2019-01-03 14:00:12 - [TEST_STEP][PASSED] - Statement - PreSaveFile = new java.io.File(((pathPrefix + java.lang.Integer.toString(counter)) + .png)): null

2019-01-03 14:00:12 - [TEST_STEP][PASSED] - Statement - counter = counter + 1: null

2019-01-03 14:00:12 - [TEST_STEP][PASSED] - Statement - PreSaveFile = new java.io.File(((pathPrefix + java.lang.Integer.toString(counter)) + .png)): null

2019-01-03 14:00:12 - [TEST_STEP][PASSED] - Statement - counter = counter + 1: null

2019-01-03 14:00:12 - [TEST_STEP][PASSED] - Statement - PreSaveFile = new java.io.File(((pathPrefix + java.lang.Integer.toString(counter)) + .png)): null

2019-01-03 14:00:12 - [TEST_STEP][PASSED] - Statement - counter = counter + 1: null

2019-01-03 14:00:12 - [TEST_STEP][PASSED] - Statement - PreSaveFile = new java.io.File(((pathPrefix + java.lang.Integer.toString(counter)) + .png)): null

2019-01-03 14:00:12 - [TEST_STEP][PASSED] - Statement - counter = counter + 1: null

2019-01-03 14:00:12 - [TEST_STEP][PASSED] - Statement - PreSaveFile = new java.io.File(((pathPrefix + java.lang.Integer.toString(counter)) + .png)): null

2019-01-03 14:00:12 - [TEST_STEP][PASSED] - Statement - counter = counter + 1: null

2019-01-03 14:00:12 - [TEST_STEP][PASSED] - Statement - PreSaveFile = new java.io.File(((pathPrefix + java.lang.Integer.toString(counter)) + .png)): null

2019-01-03 14:00:12 - [TEST_STEP][PASSED] - Statement - counter = counter + 1: null

2019-01-03 14:00:12 - [TEST_STEP][PASSED] - Statement - PreSaveFile = new java.io.File(((pathPrefix + java.lang.Integer.toString(counter)) + .png)): null

2019-01-03 14:00:12 - [TEST_STEP][PASSED] - Statement - counter = counter + 1: null

2019-01-03 14:00:12 - [TEST_STEP][PASSED] - Statement - PreSaveFile = new java.io.File(((pathPrefix + java.lang.Integer.toString(counter)) + .png)): null

2019-01-03 14:00:12 - [TEST_STEP][PASSED] - Statement - counter = counter + 1: null

2019-01-03 14:00:12 - [TEST_STEP][PASSED] - Statement - PreSaveFile = new java.io.File(((pathPrefix + java.lang.Integer.toString(counter)) + .png)): null

2019-01-03 14:00:12 - [TEST_STEP][PASSED] - Statement - counter = counter + 1: null

2019-01-03 14:00:12 - [TEST_STEP][PASSED] - Statement - PreSaveFile = new java.io.File(((pathPrefix + java.lang.Integer.toString(counter)) + .png)): null

2019-01-03 14:00:12 - [TEST_STEP][PASSED] - Statement - counter = counter + 1: null

2019-01-03 14:00:12 - [TEST_STEP][PASSED] - Statement - PreSaveFile = new java.io.File(((pathPrefix + java.lang.Integer.toString(counter)) + .png)): null

2019-01-03 14:00:12 - [TEST_STEP][PASSED] - Statement - counter = counter + 1: null

2019-01-03 14:00:12 - [TEST_STEP][PASSED] - Statement - PreSaveFile = new java.io.File(((pathPrefix + java.lang.Integer.toString(counter)) + .png)): null

2019-01-03 14:00:12 - [TEST_STEP][PASSED] - Statement - counter = counter + 1: null

2019-01-03 14:00:12 - [TEST_STEP][PASSED] - Statement - PreSaveFile = new java.io.File(((pathPrefix + java.lang.Integer.toString(counter)) + .png)): null

2019-01-03 14:00:12 - [TEST_STEP][PASSED] - Statement - counter = counter + 1: null

2019-01-03 14:00:12 - [TEST_STEP][PASSED] - Statement - PreSaveFile = new java.io.File(((pathPrefix + java.lang.Integer.toString(counter)) + .png)): null

2019-01-03 14:00:12 - [TEST_STEP][PASSED] - Statement - counter = counter + 1: null

2019-01-03 14:00:12 - [TEST_STEP][PASSED] - Statement - PreSaveFile = new java.io.File(((pathPrefix + java.lang.Integer.toString(counter)) + .png)): null

2019-01-03 14:00:12 - [TEST_STEP][PASSED] - Statement - counter = counter + 1: null

2019-01-03 14:00:12 - [TEST_STEP][PASSED] - Statement - PreSaveFile = new java.io.File(((pathPrefix + java.lang.Integer.toString(counter)) + .png)): null

2019-01-03 14:00:12 - [TEST_STEP][PASSED] - Statement - counter = counter + 1: null

2019-01-03 14:00:12 - [TEST_STEP][PASSED] - Statement - PreSaveFile = new java.io.File(((pathPrefix + java.lang.Integer.toString(counter)) + .png)): null

2019-01-03 14:00:12 - [TEST_STEP][PASSED] - Statement - counter = counter + 1: null

2019-01-03 14:00:12 - [TEST_STEP][PASSED] - Statement - PreSaveFile = new java.io.File(((pathPrefix + java.lang.Integer.toString(counter)) + .png)): null

2019-01-03 14:00:12 - [TEST_STEP][PASSED] - Statement - counter = counter + 1: null

2019-01-03 14:00:12 - [TEST_STEP][PASSED] - Statement - PreSaveFile = new java.io.File(((pathPrefix + java.lang.Integer.toString(counter)) + .png)): null

2019-01-03 14:00:12 - [TEST_STEP][PASSED] - Statement - counter = counter + 1: null

2019-01-03 14:00:12 - [TEST_STEP][PASSED] - Statement - PreSaveFile = new java.io.File(((pathPrefix + java.lang.Integer.toString(counter)) + .png)): null

2019-01-03 14:00:12 - [TEST_STEP][PASSED] - Statement - counter = counter + 1: null

2019-01-03 14:00:12 - [TEST_STEP][PASSED] - Statement - PreSaveFile = new java.io.File(((pathPrefix + java.lang.Integer.toString(counter)) + .png)): null

2019-01-03 14:00:12 - [TEST_STEP][PASSED] - Statement - counter = counter + 1: null

2019-01-03 14:00:12 - [TEST_STEP][PASSED] - Statement - PreSaveFile = new java.io.File(((pathPrefix + java.lang.Integer.toString(counter)) + .png)): null

2019-01-03 14:00:12 - [TEST_STEP][PASSED] - Statement - counter = counter + 1: null

2019-01-03 14:00:12 - [TEST_STEP][PASSED] - Statement - PreSaveFile = new java.io.File(((pathPrefix + java.lang.Integer.toString(counter)) + .png)): null

2019-01-03 14:00:12 - [TEST_STEP][PASSED] - Statement - counter = counter + 1: null

2019-01-03 14:00:12 - [TEST_STEP][PASSED] - Statement - PreSaveFile = new java.io.File(((pathPrefix + java.lang.Integer.toString(counter)) + .png)): null

2019-01-03 14:00:12 - [TEST_STEP][PASSED] - Statement - counter = counter + 1: null

2019-01-03 14:00:12 - [TEST_STEP][PASSED] - Statement - PreSaveFile = new java.io.File(((pathPrefix + java.lang.Integer.toString(counter)) + .png)): null

2019-01-03 14:00:12 - [TEST_STEP][PASSED] - Statement - counter = counter + 1: null

2019-01-03 14:00:12 - [TEST_STEP][PASSED] - Statement - PreSaveFile = new java.io.File(((pathPrefix + java.lang.Integer.toString(counter)) + .png)): null

2019-01-03 14:00:12 - [TEST_STEP][PASSED] - Statement - counter = counter + 1: null

2019-01-03 14:00:12 - [TEST_STEP][PASSED] - Statement - PreSaveFile = new java.io.File(((pathPrefix + java.lang.Integer.toString(counter)) + .png)): null

2019-01-03 14:00:12 - [TEST_STEP][PASSED] - Statement - counter = counter + 1: null

2019-01-03 14:00:12 - [TEST_STEP][PASSED] - Statement - PreSaveFile = new java.io.File(((pathPrefix + java.lang.Integer.toString(counter)) + .png)): null

2019-01-03 14:00:12 - [TEST_STEP][PASSED] - Statement - counter = counter + 1: null

2019-01-03 14:00:12 - [TEST_STEP][PASSED] - Statement - PreSaveFile = new java.io.File(((pathPrefix + java.lang.Integer.toString(counter)) + .png)): null

2019-01-03 14:00:12 - [TEST_STEP][PASSED] - Statement - counter = counter + 1: null

2019-01-03 14:00:12 - [TEST_STEP][PASSED] - Statement - PreSaveFile = new java.io.File(((pathPrefix + java.lang.Integer.toString(counter)) + .png)): null

2019-01-03 14:00:12 - [TEST_STEP][PASSED] - Statement - counter = counter + 1: null

2019-01-03 14:00:12 - [TEST_STEP][PASSED] - Statement - PreSaveFile = new java.io.File(((pathPrefix + java.lang.Integer.toString(counter)) + .png)): null

2019-01-03 14:00:12 - [TEST_STEP][PASSED] - Statement - counter = counter + 1: null

2019-01-03 14:00:12 - [TEST_STEP][PASSED] - Statement - PreSaveFile = new java.io.File(((pathPrefix + java.lang.Integer.toString(counter)) + .png)): null

2019-01-03 14:00:12 - [TEST_STEP][PASSED] - Statement - counter = counter + 1: null

2019-01-03 14:00:12 - [TEST_STEP][PASSED] - Statement - PreSaveFile = new java.io.File(((pathPrefix + java.lang.Integer.toString(counter)) + .png)): null

2019-01-03 14:00:12 - [TEST_STEP][PASSED] - Statement - counter = counter + 1: null

2019-01-03 14:00:12 - [TEST_STEP][PASSED] - Statement - PreSaveFile = new java.io.File(((pathPrefix + java.lang.Integer.toString(counter)) + .png)): null

2019-01-03 14:00:12 - [TEST_STEP][PASSED] - Statement - counter = counter + 1: null

2019-01-03 14:00:12 - [TEST_STEP][PASSED] - Statement - PreSaveFile = new java.io.File(((pathPrefix + java.lang.Integer.toString(counter)) + .png)): null

2019-01-03 14:00:12 - [TEST_STEP][PASSED] - Statement - counter = counter + 1: null

2019-01-03 14:00:12 - [TEST_STEP][PASSED] - Statement - PreSaveFile = new java.io.File(((pathPrefix + java.lang.Integer.toString(counter)) + .png)): null

2019-01-03 14:00:12 - [TEST_STEP][PASSED] - Statement - counter = counter + 1: null

2019-01-03 14:00:12 - [TEST_STEP][PASSED] - Statement - PreSaveFile = new java.io.File(((pathPrefix + java.lang.Integer.toString(counter)) + .png)): null

2019-01-03 14:00:12 - [TEST_STEP][PASSED] - Statement - counter = counter + 1: null

2019-01-03 14:00:12 - [TEST_STEP][PASSED] - Statement - PreSaveFile = new java.io.File(((pathPrefix + java.lang.Integer.toString(counter)) + .png)): null

2019-01-03 14:00:12 - [TEST_STEP][PASSED] - Statement - counter = counter + 1: null

2019-01-03 14:00:12 - [TEST_STEP][PASSED] - Statement - PreSaveFile = new java.io.File(((pathPrefix + java.lang.Integer.toString(counter)) + .png)): null

2019-01-03 14:00:12 - [TEST_STEP][PASSED] - Statement - counter = counter + 1: null

2019-01-03 14:00:12 - [TEST_STEP][PASSED] - Statement - PreSaveFile = new java.io.File(((pathPrefix + java.lang.Integer.toString(counter)) + .png)): null

2019-01-03 14:00:12 - [TEST_STEP][PASSED] - Statement - counter = counter + 1: null

2019-01-03 14:00:12 - [TEST_STEP][PASSED] - Statement - PreSaveFile = new java.io.File(((pathPrefix + java.lang.Integer.toString(counter)) + .png)): null

2019-01-03 14:00:12 - [TEST_STEP][PASSED] - Statement - counter = counter + 1: null

2019-01-03 14:00:12 - [TEST_STEP][PASSED] - Statement - PreSaveFile = new java.io.File(((pathPrefix + java.lang.Integer.toString(counter)) + .png)): null

2019-01-03 14:00:12 - [TEST_STEP][PASSED] - Statement - counter = counter + 1: null

2019-01-03 14:00:12 - [TEST_STEP][PASSED] - Statement - PreSaveFile = new java.io.File(((pathPrefix + java.lang.Integer.toString(counter)) + .png)): null

2019-01-03 14:00:12 - [TEST_STEP][PASSED] - Statement - counter = counter + 1: null

2019-01-03 14:00:12 - [TEST_STEP][PASSED] - Statement - PreSaveFile = new java.io.File(((pathPrefix + java.lang.Integer.toString(counter)) + .png)): null

2019-01-03 14:00:12 - [TEST_STEP][PASSED] - Statement - counter = counter + 1: null

2019-01-03 14:00:12 - [TEST_STEP][PASSED] - Statement - PreSaveFile = new java.io.File(((pathPrefix + java.lang.Integer.toString(counter)) + .png)): null

2019-01-03 14:00:12 - [TEST_STEP][PASSED] - Statement - counter = counter + 1: null

2019-01-03 14:00:12 - [TEST_STEP][PASSED] - Statement - PreSaveFile = new java.io.File(((pathPrefix + java.lang.Integer.toString(counter)) + .png)): null

2019-01-03 14:00:12 - [TEST_STEP][PASSED] - Statement - counter = counter + 1: null

2019-01-03 14:00:12 - [TEST_STEP][PASSED] - Statement - PreSaveFile = new java.io.File(((pathPrefix + java.lang.Integer.toString(counter)) + .png)): null

2019-01-03 14:00:12 - [TEST_STEP][PASSED] - Statement - counter = counter + 1: null

2019-01-03 14:00:12 - [TEST_STEP][PASSED] - Statement - PreSaveFile = new java.io.File(((pathPrefix + java.lang.Integer.toString(counter)) + .png)): null

2019-01-03 14:00:12 - [TEST_STEP][PASSED] - Statement - counter = counter + 1: null

2019-01-03 14:00:12 - [TEST_STEP][PASSED] - Statement - PreSaveFile = new java.io.File(((pathPrefix + java.lang.Integer.toString(counter)) + .png)): null

2019-01-03 14:00:12 - [TEST_STEP][PASSED] - Statement - counter = counter + 1: null

2019-01-03 14:00:12 - [TEST_STEP][PASSED] - Statement - PreSaveFile = new java.io.File(((pathPrefix + java.lang.Integer.toString(counter)) + .png)): null

2019-01-03 14:00:12 - [TEST_STEP][PASSED] - Statement - counter = counter + 1: null

2019-01-03 14:00:12 - [TEST_STEP][PASSED] - Statement - PreSaveFile = new java.io.File(((pathPrefix + java.lang.Integer.toString(counter)) + .png)): null

2019-01-03 14:00:12 - [TEST_STEP][PASSED] - Statement - counter = counter + 1: null

2019-01-03 14:00:12 - [TEST_STEP][PASSED] - Statement - PreSaveFile = new java.io.File(((pathPrefix + java.lang.Integer.toString(counter)) + .png)): null

2019-01-03 14:00:12 - [TEST_STEP][PASSED] - Statement - counter = counter + 1: null

2019-01-03 14:00:12 - [TEST_STEP][PASSED] - Statement - PreSaveFile = new java.io.File(((pathPrefix + java.lang.Integer.toString(counter)) + .png)): null

2019-01-03 14:00:12 - [TEST_STEP][PASSED] - Statement - counter = counter + 1: null

2019-01-03 14:00:12 - [TEST_STEP][PASSED] - Statement - PreSaveFile = new java.io.File(((pathPrefix + java.lang.Integer.toString(counter)) + .png)): null

2019-01-03 14:00:12 - [TEST_STEP][PASSED] - Statement - counter = counter + 1: null

2019-01-03 14:00:12 - [TEST_STEP][PASSED] - Statement - PreSaveFile = new java.io.File(((pathPrefix + java.lang.Integer.toString(counter)) + .png)): null

2019-01-03 14:00:12 - [TEST_STEP][PASSED] - Statement - counter = counter + 1: null

2019-01-03 14:00:12 - [TEST_STEP][PASSED] - Statement - PreSaveFile = new java.io.File(((pathPrefix + java.lang.Integer.toString(counter)) + .png)): null

2019-01-03 14:00:12 - [TEST_STEP][PASSED] - Statement - counter = counter + 1: null

2019-01-03 14:00:12 - [TEST_STEP][PASSED] - Statement - PreSaveFile = new java.io.File(((pathPrefix + java.lang.Integer.toString(counter)) + .png)): null

2019-01-03 14:00:12 - [TEST_STEP][PASSED] - Statement - counter = counter + 1: null

2019-01-03 14:00:12 - [TEST_STEP][PASSED] - Statement - PreSaveFile = new java.io.File(((pathPrefix + java.lang.Integer.toString(counter)) + .png)): null

2019-01-03 14:00:12 - [TEST_STEP][PASSED] - Statement - counter = counter + 1: null

2019-01-03 14:00:12 - [TEST_STEP][PASSED] - Statement - PreSaveFile = new java.io.File(((pathPrefix + java.lang.Integer.toString(counter)) + .png)): null

2019-01-03 14:00:12 - [TEST_STEP][PASSED] - Statement - counter = counter + 1: null

2019-01-03 14:00:12 - [TEST_STEP][PASSED] - Statement - PreSaveFile = new java.io.File(((pathPrefix + java.lang.Integer.toString(counter)) + .png)): null

2019-01-03 14:00:12 - [TEST_STEP][PASSED] - Statement - counter = counter + 1: null

2019-01-03 14:00:12 - [TEST_STEP][PASSED] - Statement - PreSaveFile = new java.io.File(((pathPrefix + java.lang.Integer.toString(counter)) + .png)): null

2019-01-03 14:00:12 - [TEST_STEP][PASSED] - Statement - counter = counter + 1: null

2019-01-03 14:00:12 - [TEST_STEP][PASSED] - Statement - PreSaveFile = new java.io.File(((pathPrefix + java.lang.Integer.toString(counter)) + .png)): null

2019-01-03 14:00:12 - [TEST_STEP][PASSED] - Statement - counter = counter + 1: null

2019-01-03 14:00:12 - [TEST_STEP][PASSED] - Statement - PreSaveFile = new java.io.File(((pathPrefix + java.lang.Integer.toString(counter)) + .png)): null

2019-01-03 14:00:12 - [TEST_STEP][PASSED] - Statement - counter = counter + 1: null

2019-01-03 14:00:12 - [TEST_STEP][PASSED] - Statement - PreSaveFile = new java.io.File(((pathPrefix + java.lang.Integer.toString(counter)) + .png)): null

2019-01-03 14:00:12 - [TEST_STEP][PASSED] - Statement - counter = counter + 1: null

2019-01-03 14:00:12 - [TEST_STEP][PASSED] - Statement - PreSaveFile = new java.io.File(((pathPrefix + java.lang.Integer.toString(counter)) + .png)): null

2019-01-03 14:00:12 - [TEST_STEP][PASSED] - Statement - counter = counter + 1: null

2019-01-03 14:00:12 - [TEST_STEP][PASSED] - Statement - PreSaveFile = new java.io.File(((pathPrefix + java.lang.Integer.toString(counter)) + .png)): null

2019-01-03 14:00:12 - [TEST_STEP][PASSED] - Statement - counter = counter + 1: null

2019-01-03 14:00:12 - [TEST_STEP][PASSED] - Statement - PreSaveFile = new java.io.File(((pathPrefix + java.lang.Integer.toString(counter)) + .png)): null

2019-01-03 14:00:12 - [TEST_STEP][PASSED] - Statement - counter = counter + 1: null

2019-01-03 14:00:12 - [TEST_STEP][PASSED] - Statement - PreSaveFile = new java.io.File(((pathPrefix + java.lang.Integer.toString(counter)) + .png)): null

2019-01-03 14:00:12 - [TEST_STEP][PASSED] - Statement - counter = counter + 1: null

2019-01-03 14:00:12 - [TEST_STEP][PASSED] - Statement - PreSaveFile = new java.io.File(((pathPrefix + java.lang.Integer.toString(counter)) + .png)): null

2019-01-03 14:00:12 - [TEST_STEP][PASSED] - Statement - counter = counter + 1: null

2019-01-03 14:00:12 - [TEST_STEP][PASSED] - Statement - PreSaveFile = new java.io.File(((pathPrefix + java.lang.Integer.toString(counter)) + .png)): null

2019-01-03 14:00:12 - [TEST_STEP][PASSED] - Statement - counter = counter + 1: null

2019-01-03 14:00:12 - [TEST_STEP][PASSED] - Statement - PreSaveFile = new java.io.File(((pathPrefix + java.lang.Integer.toString(counter)) + .png)): null

2019-01-03 14:00:12 - [TEST_STEP][PASSED] - Statement - counter = counter + 1: null

2019-01-03 14:00:12 - [TEST_STEP][PASSED] - Statement - PreSaveFile = new java.io.File(((pathPrefix + java.lang.Integer.toString(counter)) + .png)): null

2019-01-03 14:00:12 - [TEST_STEP][PASSED] - Statement - counter = counter + 1: null

2019-01-03 14:00:12 - [TEST_STEP][PASSED] - Statement - PreSaveFile = new java.io.File(((pathPrefix + java.lang.Integer.toString(counter)) + .png)): null

2019-01-03 14:00:12 - [TEST_STEP][PASSED] - Statement - counter = counter + 1: null

2019-01-03 14:00:12 - [TEST_STEP][PASSED] - Statement - PreSaveFile = new java.io.File(((pathPrefix + java.lang.Integer.toString(counter)) + .png)): null

2019-01-03 14:00:12 - [TEST_STEP][PASSED] - Statement - counter = counter + 1: null

2019-01-03 14:00:12 - [TEST_STEP][PASSED] - Statement - PreSaveFile = new java.io.File(((pathPrefix + java.lang.Integer.toString(counter)) + .png)): null

2019-01-03 14:00:12 - [TEST_STEP][PASSED] - Statement - counter = counter + 1: null

2019-01-03 14:00:12 - [TEST_STEP][PASSED] - Statement - PreSaveFile = new java.io.File(((pathPrefix + java.lang.Integer.toString(counter)) + .png)): null

2019-01-03 14:00:12 - [TEST_STEP][PASSED] - Statement - counter = counter + 1: null

2019-01-03 14:00:12 - [TEST_STEP][PASSED] - Statement - PreSaveFile = new java.io.File(((pathPrefix + java.lang.Integer.toString(counter)) + .png)): null

2019-01-03 14:00:12 - [TEST_STEP][PASSED] - Statement - counter = counter + 1: null

2019-01-03 14:00:12 - [TEST_STEP][PASSED] - Statement - PreSaveFile = new java.io.File(((pathPrefix + java.lang.Integer.toString(counter)) + .png)): null

2019-01-03 14:00:12 - [TEST_STEP][PASSED] - Statement - counter = counter + 1: null

2019-01-03 14:00:12 - [TEST_STEP][PASSED] - Statement - PreSaveFile = new java.io.File(((pathPrefix + java.lang.Integer.toString(counter)) + .png)): null

2019-01-03 14:00:12 - [TEST_STEP][PASSED] - Statement - counter = counter + 1: null

2019-01-03 14:00:12 - [TEST_STEP][PASSED] - Statement - PreSaveFile = new java.io.File(((pathPrefix + java.lang.Integer.toString(counter)) + .png)): null

2019-01-03 14:00:12 - [TEST_STEP][PASSED] - Statement - counter = counter + 1: null

2019-01-03 14:00:12 - [TEST_STEP][PASSED] - Statement - PreSaveFile = new java.io.File(((pathPrefix + java.lang.Integer.toString(counter)) + .png)): null

2019-01-03 14:00:12 - [TEST_STEP][PASSED] - Statement - counter = counter + 1: null

2019-01-03 14:00:12 - [TEST_STEP][PASSED] - Statement - PreSaveFile = new java.io.File(((pathPrefix + java.lang.Integer.toString(counter)) + .png)): null

2019-01-03 14:00:12 - [TEST_STEP][PASSED] - Statement - counter = counter + 1: null

2019-01-03 14:00:12 - [TEST_STEP][PASSED] - Statement - PreSaveFile = new java.io.File(((pathPrefix + java.lang.Integer.toString(counter)) + .png)): null

2019-01-03 14:00:12 - [TEST_STEP][PASSED] - Statement - counter = counter + 1: null

2019-01-03 14:00:12 - [TEST_STEP][PASSED] - Statement - PreSaveFile = new java.io.File(((pathPrefix + java.lang.Integer.toString(counter)) + .png)): null

2019-01-03 14:00:12 - [TEST_STEP][PASSED] - Statement - counter = counter + 1: null

2019-01-03 14:00:12 - [TEST_STEP][PASSED] - Statement - PreSaveFile = new java.io.File(((pathPrefix + java.lang.Integer.toString(counter)) + .png)): null

2019-01-03 14:00:12 - [TEST_STEP][PASSED] - Statement - counter = counter + 1: null

2019-01-03 14:00:12 - [TEST_STEP][PASSED] - Statement - PreSaveFile = new java.io.File(((pathPrefix + java.lang.Integer.toString(counter)) + .png)): null

2019-01-03 14:00:12 - [TEST_STEP][PASSED] - Statement - counter = counter + 1: null

2019-01-03 14:00:12 - [TEST_STEP][PASSED] - Statement - PreSaveFile = new java.io.File(((pathPrefix + java.lang.Integer.toString(counter)) + .png)): null

2019-01-03 14:00:12 - [TEST_STEP][PASSED] - Statement - counter = counter + 1: null

2019-01-03 14:00:12 - [TEST_STEP][PASSED] - Statement - PreSaveFile = new java.io.File(((pathPrefix + java.lang.Integer.toString(counter)) + .png)): null

2019-01-03 14:00:12 - [TEST_STEP][PASSED] - Statement - counter = counter + 1: null

2019-01-03 14:00:12 - [TEST_STEP][PASSED] - Statement - PreSaveFile = new java.io.File(((pathPrefix + java.lang.Integer.toString(counter)) + .png)): null

2019-01-03 14:00:12 - [TEST_STEP][PASSED] - Statement - counter = counter + 1: null

2019-01-03 14:00:12 - [TEST_STEP][PASSED] - Statement - PreSaveFile = new java.io.File(((pathPrefix + java.lang.Integer.toString(counter)) + .png)): null

2019-01-03 14:00:12 - [TEST_STEP][PASSED] - Statement - counter = counter + 1: null

2019-01-03 14:00:12 - [TEST_STEP][PASSED] - Statement - PreSaveFile = new java.io.File(((pathPrefix + java.lang.Integer.toString(counter)) + .png)): null

2019-01-03 14:00:12 - [TEST_STEP][PASSED] - Statement - counter = counter + 1: null

2019-01-03 14:00:12 - [TEST_STEP][PASSED] - Statement - PreSaveFile = new java.io.File(((pathPrefix + java.lang.Integer.toString(counter)) + .png)): null

2019-01-03 14:00:12 - [TEST_STEP][PASSED] - Statement - counter = counter + 1: null

2019-01-03 14:00:12 - [TEST_STEP][PASSED] - Statement - PreSaveFile = new java.io.File(((pathPrefix + java.lang.Integer.toString(counter)) + .png)): null

2019-01-03 14:00:12 - [TEST_STEP][PASSED] - Statement - counter = counter + 1: null

2019-01-03 14:00:13 - [TEST_STEP][PASSED] - Statement - PreSaveFile = new java.io.File(((pathPrefix + java.lang.Integer.toString(counter)) + .png)): null

2019-01-03 14:00:13 - [TEST_STEP][PASSED] - Statement - counter = counter + 1: null

2019-01-03 14:00:13 - [TEST_STEP][PASSED] - Statement - PreSaveFile = new java.io.File(((pathPrefix + java.lang.Integer.toString(counter)) + .png)): null

2019-01-03 14:00:13 - [TEST_STEP][PASSED] - Statement - counter = counter + 1: null

2019-01-03 14:00:13 - [TEST_STEP][PASSED] - Statement - PreSaveFile = new java.io.File(((pathPrefix + java.lang.Integer.toString(counter)) + .png)): null

2019-01-03 14:00:13 - [TEST_STEP][PASSED] - Statement - counter = counter + 1: null

2019-01-03 14:00:13 - [TEST_STEP][PASSED] - Statement - PreSaveFile = new java.io.File(((pathPrefix + java.lang.Integer.toString(counter)) + .png)): null

2019-01-03 14:00:13 - [TEST_STEP][PASSED] - Statement - counter = counter + 1: null

2019-01-03 14:00:13 - [TEST_STEP][PASSED] - Statement - PreSaveFile = new java.io.File(((pathPrefix + java.lang.Integer.toString(counter)) + .png)): null

2019-01-03 14:00:13 - [TEST_STEP][PASSED] - Statement - counter = counter + 1: null

2019-01-03 14:00:13 - [TEST_STEP][PASSED] - Statement - PreSaveFile = new java.io.File(((pathPrefix + java.lang.Integer.toString(counter)) + .png)): null

2019-01-03 14:00:13 - [TEST_STEP][PASSED] - Statement - counter = counter + 1: null

2019-01-03 14:00:13 - [TEST_STEP][PASSED] - Statement - PreSaveFile = new java.io.File(((pathPrefix + java.lang.Integer.toString(counter)) + .png)): null

2019-01-03 14:00:13 - [TEST_STEP][PASSED] - Statement - counter = counter + 1: null

2019-01-03 14:00:13 - [TEST_STEP][PASSED] - Statement - PreSaveFile = new java.io.File(((pathPrefix + java.lang.Integer.toString(counter)) + .png)): null

2019-01-03 14:00:13 - [TEST_STEP][PASSED] - Statement - counter = counter + 1: null

2019-01-03 14:00:13 - [TEST_STEP][PASSED] - Statement - PreSaveFile = new java.io.File(((pathPrefix + java.lang.Integer.toString(counter)) + .png)): null

2019-01-03 14:00:13 - [TEST_STEP][PASSED] - Statement - counter = counter + 1: null

2019-01-03 14:00:13 - [TEST_STEP][PASSED] - Statement - PreSaveFile = new java.io.File(((pathPrefix + java.lang.Integer.toString(counter)) + .png)): null

2019-01-03 14:00:13 - [TEST_STEP][PASSED] - Statement - counter = counter + 1: null

2019-01-03 14:00:13 - [TEST_STEP][PASSED] - Statement - PreSaveFile = new java.io.File(((pathPrefix + java.lang.Integer.toString(counter)) + .png)): null

2019-01-03 14:00:13 - [TEST_STEP][PASSED] - Statement - counter = counter + 1: null

2019-01-03 14:00:13 - [TEST_STEP][PASSED] - Statement - PreSaveFile = new java.io.File(((pathPrefix + java.lang.Integer.toString(counter)) + .png)): null

2019-01-03 14:00:13 - [TEST_STEP][PASSED] - Statement - counter = counter + 1: null

2019-01-03 14:00:13 - [TEST_STEP][PASSED] - Statement - PreSaveFile = new java.io.File(((pathPrefix + java.lang.Integer.toString(counter)) + .png)): null

2019-01-03 14:00:13 - [TEST_STEP][PASSED] - Statement - counter = counter + 1: null

2019-01-03 14:00:13 - [TEST_STEP][PASSED] - Statement - PreSaveFile = new java.io.File(((pathPrefix + java.lang.Integer.toString(counter)) + .png)): null

2019-01-03 14:00:13 - [TEST_STEP][PASSED] - Statement - counter = counter + 1: null

2019-01-03 14:00:13 - [TEST_STEP][PASSED] - Statement - PreSaveFile = new java.io.File(((pathPrefix + java.lang.Integer.toString(counter)) + .png)): null

2019-01-03 14:00:13 - [TEST_STEP][PASSED] - Statement - counter = counter + 1: null

2019-01-03 14:00:13 - [TEST_STEP][PASSED] - Statement - PreSaveFile = new java.io.File(((pathPrefix + java.lang.Integer.toString(counter)) + .png)): null

2019-01-03 14:00:13 - [TEST_STEP][PASSED] - Statement - counter = counter + 1: null

2019-01-03 14:00:13 - [TEST_STEP][PASSED] - Statement - PreSaveFile = new java.io.File(((pathPrefix + java.lang.Integer.toString(counter)) + .png)): null

2019-01-03 14:00:13 - [TEST_STEP][PASSED] - Statement - counter = counter + 1: null

2019-01-03 14:00:13 - [TEST_STEP][PASSED] - Statement - PreSaveFile = new java.io.File(((pathPrefix + java.lang.Integer.toString(counter)) + .png)): null

2019-01-03 14:00:13 - [TEST_STEP][PASSED] - Statement - counter = counter + 1: null

2019-01-03 14:00:13 - [TEST_STEP][PASSED] - Statement - PreSaveFile = new java.io.File(((pathPrefix + java.lang.Integer.toString(counter)) + .png)): null

2019-01-03 14:00:13 - [TEST_STEP][PASSED] - Statement - counter = counter + 1: null

2019-01-03 14:00:13 - [TEST_STEP][PASSED] - Statement - PreSaveFile = new java.io.File(((pathPrefix + java.lang.Integer.toString(counter)) + .png)): null

2019-01-03 14:00:13 - [TEST_STEP][PASSED] - Statement - counter = counter + 1: null

2019-01-03 14:00:13 - [TEST_STEP][PASSED] - Statement - PreSaveFile = new java.io.File(((pathPrefix + java.lang.Integer.toString(counter)) + .png)): null

2019-01-03 14:00:13 - [TEST_STEP][PASSED] - Statement - counter = counter + 1: null

2019-01-03 14:00:13 - [TEST_STEP][PASSED] - Statement - PreSaveFile = new java.io.File(((pathPrefix + java.lang.Integer.toString(counter)) + .png)): null

2019-01-03 14:00:13 - [TEST_STEP][PASSED] - Statement - counter = counter + 1: null

2019-01-03 14:00:13 - [TEST_STEP][PASSED] - Statement - PreSaveFile = new java.io.File(((pathPrefix + java.lang.Integer.toString(counter)) + .png)): null

2019-01-03 14:00:13 - [TEST_STEP][PASSED] - Statement - counter = counter + 1: null

2019-01-03 14:00:13 - [TEST_STEP][PASSED] - Statement - PreSaveFile = new java.io.File(((pathPrefix + java.lang.Integer.toString(counter)) + .png)): null

2019-01-03 14:00:13 - [TEST_STEP][PASSED] - Statement - counter = counter + 1: null

2019-01-03 14:00:13 - [TEST_STEP][PASSED] - Statement - PreSaveFile = new java.io.File(((pathPrefix + java.lang.Integer.toString(counter)) + .png)): null

2019-01-03 14:00:13 - [TEST_STEP][PASSED] - Statement - counter = counter + 1: null

2019-01-03 14:00:13 - [TEST_STEP][PASSED] - Statement - PreSaveFile = new java.io.File(((pathPrefix + java.lang.Integer.toString(counter)) + .png)): null

2019-01-03 14:00:13 - [TEST_STEP][PASSED] - Statement - counter = counter + 1: null

2019-01-03 14:00:13 - [TEST_STEP][PASSED] - Statement - PreSaveFile = new java.io.File(((pathPrefix + java.lang.Integer.toString(counter)) + .png)): null

2019-01-03 14:00:13 - [TEST_STEP][PASSED] - Statement - counter = counter + 1: null

2019-01-03 14:00:13 - [TEST_STEP][PASSED] - Statement - PreSaveFile = new java.io.File(((pathPrefix + java.lang.Integer.toString(counter)) + .png)): null

2019-01-03 14:00:13 - [TEST_STEP][PASSED] - Statement - counter = counter + 1: null

2019-01-03 14:00:13 - [TEST_STEP][PASSED] - Statement - PreSaveFile = new java.io.File(((pathPrefix + java.lang.Integer.toString(counter)) + .png)): null

2019-01-03 14:00:13 - [TEST_STEP][PASSED] - Statement - counter = counter + 1: null

2019-01-03 14:00:13 - [TEST_STEP][PASSED] - Statement - PreSaveFile = new java.io.File(((pathPrefix + java.lang.Integer.toString(counter)) + .png)): null

2019-01-03 14:00:13 - [TEST_STEP][PASSED] - Statement - counter = counter + 1: null

2019-01-03 14:00:13 - [TEST_STEP][PASSED] - Statement - PreSaveFile = new java.io.File(((pathPrefix + java.lang.Integer.toString(counter)) + .png)): null

2019-01-03 14:00:13 - [TEST_STEP][PASSED] - Statement - counter = counter + 1: null

2019-01-03 14:00:13 - [TEST_STEP][PASSED] - Statement - PreSaveFile = new java.io.File(((pathPrefix + java.lang.Integer.toString(counter)) + .png)): null

2019-01-03 14:00:13 - [TEST_STEP][PASSED] - Statement - counter = counter + 1: null

2019-01-03 14:00:13 - [TEST_STEP][PASSED] - Statement - PreSaveFile = new java.io.File(((pathPrefix + java.lang.Integer.toString(counter)) + .png)): null

2019-01-03 14:00:13 - [TEST_STEP][PASSED] - Statement - counter = counter + 1: null

2019-01-03 14:00:13 - [TEST_STEP][PASSED] - Statement - PreSaveFile = new java.io.File(((pathPrefix + java.lang.Integer.toString(counter)) + .png)): null

2019-01-03 14:00:13 - [TEST_STEP][PASSED] - Statement - counter = counter + 1: null

2019-01-03 14:00:13 - [TEST_STEP][PASSED] - Statement - PreSaveFile = new java.io.File(((pathPrefix + java.lang.Integer.toString(counter)) + .png)): null

2019-01-03 14:00:13 - [TEST_STEP][PASSED] - Statement - counter = counter + 1: null

2019-01-03 14:00:13 - [TEST_STEP][PASSED] - Statement - PreSaveFile = new java.io.File(((pathPrefix + java.lang.Integer.toString(counter)) + .png)): null

2019-01-03 14:00:13 - [TEST_STEP][PASSED] - Statement - counter = counter + 1: null

2019-01-03 14:00:13 - [TEST_STEP][PASSED] - Statement - PreSaveFile = new java.io.File(((pathPrefix + java.lang.Integer.toString(counter)) + .png)): null

2019-01-03 14:00:13 - [TEST_STEP][PASSED] - Statement - counter = counter + 1: null

2019-01-03 14:00:13 - [TEST_STEP][PASSED] - Statement - PreSaveFile = new java.io.File(((pathPrefix + java.lang.Integer.toString(counter)) + .png)): null

2019-01-03 14:00:13 - [TEST_STEP][PASSED] - Statement - counter = counter + 1: null

2019-01-03 14:00:13 - [TEST_STEP][PASSED] - Statement - PreSaveFile = new java.io.File(((pathPrefix + java.lang.Integer.toString(counter)) + .png)): null

2019-01-03 14:00:13 - [TEST_STEP][PASSED] - Statement - counter = counter + 1: null

2019-01-03 14:00:13 - [TEST_STEP][PASSED] - Statement - PreSaveFile = new java.io.File(((pathPrefix + java.lang.Integer.toString(counter)) + .png)): null

2019-01-03 14:00:13 - [TEST_STEP][PASSED] - Statement - counter = counter + 1: null

2019-01-03 14:00:13 - [TEST_STEP][PASSED] - Statement - PreSaveFile = new java.io.File(((pathPrefix + java.lang.Integer.toString(counter)) + .png)): null

2019-01-03 14:00:13 - [TEST_STEP][PASSED] - Statement - counter = counter + 1: null

2019-01-03 14:00:13 - [TEST_STEP][PASSED] - Statement - PreSaveFile = new java.io.File(((pathPrefix + java.lang.Integer.toString(counter)) + .png)): null

2019-01-03 14:00:13 - [TEST_STEP][PASSED] - Statement - counter = counter + 1: null

2019-01-03 14:00:13 - [TEST_STEP][PASSED] - Statement - PreSaveFile = new java.io.File(((pathPrefix + java.lang.Integer.toString(counter)) + .png)): null

2019-01-03 14:00:13 - [TEST_STEP][PASSED] - Statement - counter = counter + 1: null

2019-01-03 14:00:13 - [TEST_STEP][PASSED] - Statement - PreSaveFile = new java.io.File(((pathPrefix + java.lang.Integer.toString(counter)) + .png)): null

2019-01-03 14:00:13 - [TEST_STEP][PASSED] - Statement - counter = counter + 1: null

2019-01-03 14:00:13 - [TEST_STEP][PASSED] - Statement - PreSaveFile = new java.io.File(((pathPrefix + java.lang.Integer.toString(counter)) + .png)): null

2019-01-03 14:00:13 - [TEST_STEP][PASSED] - Statement - counter = counter + 1: null

2019-01-03 14:00:13 - [TEST_STEP][PASSED] - Statement - PreSaveFile = new java.io.File(((pathPrefix + java.lang.Integer.toString(counter)) + .png)): null

2019-01-03 14:00:13 - [TEST_STEP][PASSED] - Statement - counter = counter + 1: null

2019-01-03 14:00:13 - [TEST_STEP][PASSED] - Statement - PreSaveFile = new java.io.File(((pathPrefix + java.lang.Integer.toString(counter)) + .png)): null

2019-01-03 14:00:13 - [TEST_STEP][PASSED] - Statement - counter = counter + 1: null

2019-01-03 14:00:13 - [TEST_STEP][PASSED] - Statement - PreSaveFile = new java.io.File(((pathPrefix + java.lang.Integer.toString(counter)) + .png)): null

2019-01-03 14:00:13 - [TEST_STEP][PASSED] - Statement - counter = counter + 1: null

2019-01-03 14:00:13 - [TEST_STEP][PASSED] - Statement - PreSaveFile = new java.io.File(((pathPrefix + java.lang.Integer.toString(counter)) + .png)): null

2019-01-03 14:00:13 - [TEST_STEP][PASSED] - Statement - counter = counter + 1: null

2019-01-03 14:00:13 - [TEST_STEP][PASSED] - Statement - PreSaveFile = new java.io.File(((pathPrefix + java.lang.Integer.toString(counter)) + .png)): null

2019-01-03 14:00:13 - [TEST_STEP][PASSED] - Statement - counter = counter + 1: null

2019-01-03 14:00:13 - [TEST_STEP][PASSED] - Statement - PreSaveFile = new java.io.File(((pathPrefix + java.lang.Integer.toString(counter)) + .png)): null

2019-01-03 14:00:13 - [TEST_STEP][PASSED] - Statement - counter = counter + 1: null

2019-01-03 14:00:13 - [TEST_STEP][PASSED] - Statement - PreSaveFile = new java.io.File(((pathPrefix + java.lang.Integer.toString(counter)) + .png)): null

2019-01-03 14:00:13 - [TEST_STEP][PASSED] - Statement - counter = counter + 1: null

2019-01-03 14:00:13 - [TEST_STEP][PASSED] - Statement - PreSaveFile = new java.io.File(((pathPrefix + java.lang.Integer.toString(counter)) + .png)): null

2019-01-03 14:00:13 - [TEST_STEP][PASSED] - Statement - counter = counter + 1: null

2019-01-03 14:00:13 - [TEST_STEP][PASSED] - Statement - PreSaveFile = new java.io.File(((pathPrefix + java.lang.Integer.toString(counter)) + .png)): null

2019-01-03 14:00:13 - [TEST_STEP][PASSED] - Statement - counter = counter + 1: null

2019-01-03 14:00:13 - [TEST_STEP][PASSED] - Statement - PreSaveFile = new java.io.File(((pathPrefix + java.lang.Integer.toString(counter)) + .png)): null

2019-01-03 14:00:13 - [TEST_STEP][PASSED] - Statement - counter = counter + 1: null

2019-01-03 14:00:13 - [TEST_STEP][PASSED] - Statement - PreSaveFile = new java.io.File(((pathPrefix + java.lang.Integer.toString(counter)) + .png)): null

2019-01-03 14:00:13 - [TEST_STEP][PASSED] - Statement - counter = counter + 1: null

2019-01-03 14:00:13 - [TEST_STEP][PASSED] - Statement - PreSaveFile = new java.io.File(((pathPrefix + java.lang.Integer.toString(counter)) + .png)): null

2019-01-03 14:00:13 - [TEST_STEP][PASSED] - Statement - counter = counter + 1: null

2019-01-03 14:00:13 - [TEST_STEP][PASSED] - Statement - PreSaveFile = new java.io.File(((pathPrefix + java.lang.Integer.toString(counter)) + .png)): null

2019-01-03 14:00:13 - [TEST_STEP][PASSED] - Statement - counter = counter + 1: null

2019-01-03 14:00:13 - [TEST_STEP][PASSED] - Statement - PreSaveFile = new java.io.File(((pathPrefix + java.lang.Integer.toString(counter)) + .png)): null

2019-01-03 14:00:13 - [TEST_STEP][PASSED] - Statement - counter = counter + 1: null

2019-01-03 14:00:13 - [TEST_STEP][PASSED] - Statement - PreSaveFile = new java.io.File(((pathPrefix + java.lang.Integer.toString(counter)) + .png)): null

2019-01-03 14:00:13 - [TEST_STEP][PASSED] - Statement - counter = counter + 1: null

2019-01-03 14:00:13 - [TEST_STEP][PASSED] - Statement - PreSaveFile = new java.io.File(((pathPrefix + java.lang.Integer.toString(counter)) + .png)): null

2019-01-03 14:00:13 - [TEST_STEP][PASSED] - Statement - counter = counter + 1: null

2019-01-03 14:00:13 - [TEST_STEP][PASSED] - Statement - PreSaveFile = new java.io.File(((pathPrefix + java.lang.Integer.toString(counter)) + .png)): null

2019-01-03 14:00:13 - [TEST_STEP][PASSED] - Statement - counter = counter + 1: null

2019-01-03 14:00:13 - [TEST_STEP][PASSED] - Statement - PreSaveFile = new java.io.File(((pathPrefix + java.lang.Integer.toString(counter)) + .png)): null

2019-01-03 14:00:13 - [TEST_STEP][PASSED] - Statement - counter = counter + 1: null

2019-01-03 14:00:13 - [TEST_STEP][PASSED] - Statement - PreSaveFile = new java.io.File(((pathPrefix + java.lang.Integer.toString(counter)) + .png)): null

2019-01-03 14:00:13 - [TEST_STEP][PASSED] - Statement - counter = counter + 1: null

2019-01-03 14:00:13 - [TEST_STEP][PASSED] - Statement - PreSaveFile = new java.io.File(((pathPrefix + java.lang.Integer.toString(counter)) + .png)): null

2019-01-03 14:00:13 - [TEST_STEP][PASSED] - Statement - counter = counter + 1: null

2019-01-03 14:00:13 - [TEST_STEP][PASSED] - Statement - PreSaveFile = new java.io.File(((pathPrefix + java.lang.Integer.toString(counter)) + .png)): null

2019-01-03 14:00:13 - [TEST_STEP][PASSED] - Statement - counter = counter + 1: null

2019-01-03 14:00:13 - [TEST_STEP][PASSED] - Statement - PreSaveFile = new java.io.File(((pathPrefix + java.lang.Integer.toString(counter)) + .png)): null

2019-01-03 14:00:13 - [TEST_STEP][PASSED] - Statement - counter = counter + 1: null

2019-01-03 14:00:13 - [TEST_STEP][PASSED] - Statement - PreSaveFile = new java.io.File(((pathPrefix + java.lang.Integer.toString(counter)) + .png)): null

2019-01-03 14:00:13 - [TEST_STEP][PASSED] - Statement - counter = counter + 1: null

2019-01-03 14:00:13 - [TEST_STEP][PASSED] - Statement - PreSaveFile = new java.io.File(((pathPrefix + java.lang.Integer.toString(counter)) + .png)): null

2019-01-03 14:00:13 - [TEST_STEP][PASSED] - Statement - counter = counter + 1: null

2019-01-03 14:00:13 - [TEST_STEP][PASSED] - Statement - PreSaveFile = new java.io.File(((pathPrefix + java.lang.Integer.toString(counter)) + .png)): null

2019-01-03 14:00:13 - [TEST_STEP][PASSED] - Statement - counter = counter + 1: null

2019-01-03 14:00:13 - [TEST_STEP][PASSED] - Statement - PreSaveFile = new java.io.File(((pathPrefix + java.lang.Integer.toString(counter)) + .png)): null

2019-01-03 14:00:13 - [TEST_STEP][PASSED] - Statement - counter = counter + 1: null

2019-01-03 14:00:13 - [TEST_STEP][PASSED] - Statement - PreSaveFile = new java.io.File(((pathPrefix + java.lang.Integer.toString(counter)) + .png)): null

2019-01-03 14:00:13 - [TEST_STEP][PASSED] - Statement - counter = counter + 1: null

2019-01-03 14:00:13 - [TEST_STEP][PASSED] - Statement - PreSaveFile = new java.io.File(((pathPrefix + java.lang.Integer.toString(counter)) + .png)): null

2019-01-03 14:00:13 - [TEST_STEP][PASSED] - Statement - counter = counter + 1: null

2019-01-03 14:00:13 - [TEST_STEP][PASSED] - Statement - PreSaveFile = new java.io.File(((pathPrefix + java.lang.Integer.toString(counter)) + .png)): null

2019-01-03 14:00:13 - [TEST_STEP][PASSED] - Statement - counter = counter + 1: null

2019-01-03 14:00:13 - [TEST_STEP][PASSED] - Statement - PreSaveFile = new java.io.File(((pathPrefix + java.lang.Integer.toString(counter)) + .png)): null

2019-01-03 14:00:13 - [TEST_STEP][PASSED] - Statement - counter = counter + 1: null

2019-01-03 14:00:13 - [TEST_STEP][PASSED] - Statement - PreSaveFile = new java.io.File(((pathPrefix + java.lang.Integer.toString(counter)) + .png)): null

2019-01-03 14:00:13 - [TEST_STEP][PASSED] - Statement - counter = counter + 1: null

2019-01-03 14:00:13 - [TEST_STEP][PASSED] - Statement - PreSaveFile = new java.io.File(((pathPrefix + java.lang.Integer.toString(counter)) + .png)): null

2019-01-03 14:00:13 - [TEST_STEP][PASSED] - Statement - counter = counter + 1: null

2019-01-03 14:00:13 - [TEST_STEP][PASSED] - Statement - PreSaveFile = new java.io.File(((pathPrefix + java.lang.Integer.toString(counter)) + .png)): null

2019-01-03 14:00:13 - [TEST_STEP][PASSED] - Statement - counter = counter + 1: null

2019-01-03 14:00:13 - [TEST_STEP][PASSED] - Statement - PreSaveFile = new java.io.File(((pathPrefix + java.lang.Integer.toString(counter)) + .png)): null

2019-01-03 14:00:13 - [TEST_STEP][PASSED] - Statement - counter = counter + 1: null

2019-01-03 14:00:13 - [TEST_STEP][PASSED] - Statement - PreSaveFile = new java.io.File(((pathPrefix + java.lang.Integer.toString(counter)) + .png)): null

2019-01-03 14:00:13 - [TEST_STEP][PASSED] - Statement - counter = counter + 1: null

2019-01-03 14:00:13 - [TEST_STEP][PASSED] - Statement - PreSaveFile = new java.io.File(((pathPrefix + java.lang.Integer.toString(counter)) + .png)): null

2019-01-03 14:00:13 - [TEST_STEP][PASSED] - Statement - counter = counter + 1: null

2019-01-03 14:00:13 - [TEST_STEP][PASSED] - Statement - PreSaveFile = new java.io.File(((pathPrefix + java.lang.Integer.toString(counter)) + .png)): null

2019-01-03 14:00:13 - [TEST_STEP][PASSED] - Statement - counter = counter + 1: null

2019-01-03 14:00:13 - [TEST_STEP][PASSED] - Statement - PreSaveFile = new java.io.File(((pathPrefix + java.lang.Integer.toString(counter)) + .png)): null

2019-01-03 14:00:13 - [TEST_STEP][PASSED] - Statement - counter = counter + 1: null

2019-01-03 14:00:13 - [TEST_STEP][PASSED] - Statement - PreSaveFile = new java.io.File(((pathPrefix + java.lang.Integer.toString(counter)) + .png)): null

2019-01-03 14:00:13 - [TEST_STEP][PASSED] - Statement - counter = counter + 1: null

2019-01-03 14:00:13 - [TEST_STEP][PASSED] - Statement - PreSaveFile = new java.io.File(((pathPrefix + java.lang.Integer.toString(counter)) + .png)): null

2019-01-03 14:00:13 - [TEST_STEP][PASSED] - Statement - counter = counter + 1: null

2019-01-03 14:00:13 - [TEST_STEP][PASSED] - Statement - PreSaveFile = new java.io.File(((pathPrefix + java.lang.Integer.toString(counter)) + .png)): null

2019-01-03 14:00:13 - [TEST_STEP][PASSED] - Statement - counter = counter + 1: null

2019-01-03 14:00:13 - [TEST_STEP][PASSED] - Statement - PreSaveFile = new java.io.File(((pathPrefix + java.lang.Integer.toString(counter)) + .png)): null

2019-01-03 14:00:13 - [TEST_STEP][PASSED] - Statement - counter = counter + 1: null

2019-01-03 14:00:13 - [TEST_STEP][PASSED] - Statement - PreSaveFile = new java.io.File(((pathPrefix + java.lang.Integer.toString(counter)) + .png)): null

2019-01-03 14:00:13 - [TEST_STEP][PASSED] - Statement - counter = counter + 1: null

2019-01-03 14:00:13 - [TEST_STEP][PASSED] - Statement - PreSaveFile = new java.io.File(((pathPrefix + java.lang.Integer.toString(counter)) + .png)): null

2019-01-03 14:00:13 - [TEST_STEP][PASSED] - Statement - counter = counter + 1: null

2019-01-03 14:00:13 - [TEST_STEP][PASSED] - Statement - PreSaveFile = new java.io.File(((pathPrefix + java.lang.Integer.toString(counter)) + .png)): null

2019-01-03 14:00:13 - [TEST_STEP][PASSED] - Statement - counter = counter + 1: null

2019-01-03 14:00:13 - [TEST_STEP][PASSED] - Statement - PreSaveFile = new java.io.File(((pathPrefix + java.lang.Integer.toString(counter)) + .png)): null

2019-01-03 14:00:13 - [TEST_STEP][PASSED] - Statement - counter = counter + 1: null

2019-01-03 14:00:13 - [TEST_STEP][PASSED] - Statement - PreSaveFile = new java.io.File(((pathPrefix + java.lang.Integer.toString(counter)) + .png)): null

2019-01-03 14:00:13 - [TEST_STEP][PASSED] - Statement - counter = counter + 1: null

2019-01-03 14:00:13 - [TEST_STEP][PASSED] - Statement - PreSaveFile = new java.io.File(((pathPrefix + java.lang.Integer.toString(counter)) + .png)): null

2019-01-03 14:00:13 - [TEST_STEP][PASSED] - Statement - counter = counter + 1: null

2019-01-03 14:00:13 - [TEST_STEP][PASSED] - Statement - PreSaveFile = new java.io.File(((pathPrefix + java.lang.Integer.toString(counter)) + .png)): null

2019-01-03 14:00:13 - [TEST_STEP][PASSED] - Statement - counter = counter + 1: null

2019-01-03 14:00:13 - [TEST_STEP][PASSED] - Statement - PreSaveFile = new java.io.File(((pathPrefix + java.lang.Integer.toString(counter)) + .png)): null

2019-01-03 14:00:13 - [TEST_STEP][PASSED] - Statement - counter = counter + 1: null

2019-01-03 14:00:13 - [TEST_STEP][PASSED] - Statement - PreSaveFile = new java.io.File(((pathPrefix + java.lang.Integer.toString(counter)) + .png)): null

2019-01-03 14:00:13 - [TEST_STEP][PASSED] - Statement - counter = counter + 1: null

2019-01-03 14:00:13 - [TEST_STEP][PASSED] - Statement - PreSaveFile = new java.io.File(((pathPrefix + java.lang.Integer.toString(counter)) + .png)): null

2019-01-03 14:00:13 - [TEST_STEP][PASSED] - Statement - counter = counter + 1: null

2019-01-03 14:00:13 - [TEST_STEP][PASSED] - Statement - PreSaveFile = new java.io.File(((pathPrefix + java.lang.Integer.toString(counter)) + .png)): null

2019-01-03 14:00:13 - [TEST_STEP][PASSED] - Statement - counter = counter + 1: null

2019-01-03 14:00:13 - [TEST_STEP][PASSED] - Statement - PreSaveFile = new java.io.File(((pathPrefix + java.lang.Integer.toString(counter)) + .png)): null

2019-01-03 14:00:13 - [TEST_STEP][PASSED] - Statement - counter = counter + 1: null

2019-01-03 14:00:13 - [TEST_STEP][PASSED] - Statement - PreSaveFile = new java.io.File(((pathPrefix + java.lang.Integer.toString(counter)) + .png)): null

2019-01-03 14:00:13 - [TEST_STEP][PASSED] - Statement - counter = counter + 1: null

2019-01-03 14:00:13 - [TEST_STEP][PASSED] - Statement - PreSaveFile = new java.io.File(((pathPrefix + java.lang.Integer.toString(counter)) + .png)): null

2019-01-03 14:00:13 - [TEST_STEP][PASSED] - Statement - counter = counter + 1: null

2019-01-03 14:00:13 - [TEST_STEP][PASSED] - Statement - PreSaveFile = new java.io.File(((pathPrefix + java.lang.Integer.toString(counter)) + .png)): null

2019-01-03 14:00:13 - [TEST_STEP][PASSED] - Statement - counter = counter + 1: null

2019-01-03 14:00:13 - [TEST_STEP][PASSED] - Statement - PreSaveFile = new java.io.File(((pathPrefix + java.lang.Integer.toString(counter)) + .png)): null

2019-01-03 14:00:13 - [TEST_STEP][PASSED] - Statement - counter = counter + 1: null

2019-01-03 14:00:13 - [TEST_STEP][PASSED] - Statement - PreSaveFile = new java.io.File(((pathPrefix + java.lang.Integer.toString(counter)) + .png)): null

2019-01-03 14:00:13 - [TEST_STEP][PASSED] - Statement - counter = counter + 1: null

2019-01-03 14:00:13 - [TEST_STEP][PASSED] - Statement - PreSaveFile = new java.io.File(((pathPrefix + java.lang.Integer.toString(counter)) + .png)): null

2019-01-03 14:00:13 - [TEST_STEP][PASSED] - Statement - counter = counter + 1: null

2019-01-03 14:00:13 - [TEST_STEP][PASSED] - Statement - PreSaveFile = new java.io.File(((pathPrefix + java.lang.Integer.toString(counter)) + .png)): null

2019-01-03 14:00:13 - [TEST_STEP][PASSED] - Statement - counter = counter + 1: null

2019-01-03 14:00:13 - [TEST_STEP][PASSED] - Statement - PreSaveFile = new java.io.File(((pathPrefix + java.lang.Integer.toString(counter)) + .png)): null

2019-01-03 14:00:13 - [TEST_STEP][PASSED] - Statement - counter = counter + 1: null

2019-01-03 14:00:13 - [TEST_STEP][PASSED] - Statement - PreSaveFile = new java.io.File(((pathPrefix + java.lang.Integer.toString(counter)) + .png)): null

2019-01-03 14:00:13 - [TEST_STEP][PASSED] - Statement - counter = counter + 1: null

2019-01-03 14:00:13 - [TEST_STEP][PASSED] - Statement - PreSaveFile = new java.io.File(((pathPrefix + java.lang.Integer.toString(counter)) + .png)): null

2019-01-03 14:00:13 - [TEST_STEP][PASSED] - Statement - counter = counter + 1: null

2019-01-03 14:00:13 - [TEST_STEP][PASSED] - Statement - PreSaveFile = new java.io.File(((pathPrefix + java.lang.Integer.toString(counter)) + .png)): null

2019-01-03 14:00:13 - [TEST_STEP][PASSED] - Statement - counter = counter + 1: null

2019-01-03 14:00:13 - [TEST_STEP][PASSED] - Statement - PreSaveFile = new java.io.File(((pathPrefix + java.lang.Integer.toString(counter)) + .png)): null

2019-01-03 14:00:13 - [TEST_STEP][PASSED] - Statement - counter = counter + 1: null

2019-01-03 14:00:13 - [TEST_STEP][PASSED] - Statement - PreSaveFile = new java.io.File(((pathPrefix + java.lang.Integer.toString(counter)) + .png)): null

2019-01-03 14:00:13 - [TEST_STEP][PASSED] - Statement - counter = counter + 1: null

2019-01-03 14:00:13 - [TEST_STEP][PASSED] - Statement - PreSaveFile = new java.io.File(((pathPrefix + java.lang.Integer.toString(counter)) + .png)): null

2019-01-03 14:00:13 - [TEST_STEP][PASSED] - Statement - counter = counter + 1: null

2019-01-03 14:00:13 - [TEST_STEP][PASSED] - Statement - PreSaveFile = new java.io.File(((pathPrefix + java.lang.Integer.toString(counter)) + .png)): null

2019-01-03 14:00:13 - [TEST_STEP][PASSED] - Statement - counter = counter + 1: null

2019-01-03 14:00:13 - [TEST_STEP][PASSED] - Statement - PreSaveFile = new java.io.File(((pathPrefix + java.lang.Integer.toString(counter)) + .png)): null

2019-01-03 14:00:13 - [TEST_STEP][PASSED] - Statement - counter = counter + 1: null

2019-01-03 14:00:13 - [TEST_STEP][PASSED] - Statement - PreSaveFile = new java.io.File(((pathPrefix + java.lang.Integer.toString(counter)) + .png)): null

2019-01-03 14:00:13 - [TEST_STEP][PASSED] - Statement - counter = counter + 1: null

2019-01-03 14:00:13 - [TEST_STEP][PASSED] - Statement - PreSaveFile = new java.io.File(((pathPrefix + java.lang.Integer.toString(counter)) + .png)): null

2019-01-03 14:00:13 - [TEST_STEP][PASSED] - Statement - counter = counter + 1: null

2019-01-03 14:00:13 - [TEST_STEP][PASSED] - Statement - PreSaveFile = new java.io.File(((pathPrefix + java.lang.Integer.toString(counter)) + .png)): null

2019-01-03 14:00:13 - [TEST_STEP][PASSED] - Statement - counter = counter + 1: null

2019-01-03 14:00:13 - [TEST_STEP][PASSED] - Statement - PreSaveFile = new java.io.File(((pathPrefix + java.lang.Integer.toString(counter)) + .png)): null

2019-01-03 14:00:13 - [TEST_STEP][PASSED] - Statement - counter = counter + 1: null

2019-01-03 14:00:13 - [TEST_STEP][PASSED] - Statement - PreSaveFile = new java.io.File(((pathPrefix + java.lang.Integer.toString(counter)) + .png)): null

2019-01-03 14:00:13 - [TEST_STEP][PASSED] - Statement - counter = counter + 1: null

2019-01-03 14:00:13 - [TEST_STEP][PASSED] - Statement - PreSaveFile = new java.io.File(((pathPrefix + java.lang.Integer.toString(counter)) + .png)): null

2019-01-03 14:00:13 - [TEST_STEP][PASSED] - Statement - counter = counter + 1: null

2019-01-03 14:00:13 - [TEST_STEP][PASSED] - Statement - PreSaveFile = new java.io.File(((pathPrefix + java.lang.Integer.toString(counter)) + .png)): null

2019-01-03 14:00:13 - [TEST_STEP][PASSED] - Statement - counter = counter + 1: null

2019-01-03 14:00:13 - [TEST_STEP][PASSED] - Statement - PreSaveFile = new java.io.File(((pathPrefix + java.lang.Integer.toString(counter)) + .png)): null

2019-01-03 14:00:13 - [TEST_STEP][PASSED] - Statement - counter = counter + 1: null

2019-01-03 14:00:13 - [TEST_STEP][PASSED] - Statement - PreSaveFile = new java.io.File(((pathPrefix + java.lang.Integer.toString(counter)) + .png)): null

2019-01-03 14:00:13 - [TEST_STEP][PASSED] - Statement - counter = counter + 1: null

2019-01-03 14:00:13 - [TEST_STEP][PASSED] - Statement - PreSaveFile = new java.io.File(((pathPrefix + java.lang.Integer.toString(counter)) + .png)): null

2019-01-03 14:00:13 - [TEST_STEP][PASSED] - Statement - counter = counter + 1: null

2019-01-03 14:00:13 - [TEST_STEP][PASSED] - Statement - PreSaveFile = new java.io.File(((pathPrefix + java.lang.Integer.toString(counter)) + .png)): null

2019-01-03 14:00:13 - [TEST_STEP][PASSED] - Statement - counter = counter + 1: null

2019-01-03 14:00:13 - [TEST_STEP][PASSED] - Statement - PreSaveFile = new java.io.File(((pathPrefix + java.lang.Integer.toString(counter)) + .png)): null

2019-01-03 14:00:13 - [TEST_STEP][PASSED] - Statement - counter = counter + 1: null

2019-01-03 14:00:13 - [TEST_STEP][PASSED] - Statement - PreSaveFile = new java.io.File(((pathPrefix + java.lang.Integer.toString(counter)) + .png)): null

2019-01-03 14:00:13 - [TEST_STEP][PASSED] - Statement - counter = counter + 1: null

2019-01-03 14:00:13 - [TEST_STEP][PASSED] - Statement - PreSaveFile = new java.io.File(((pathPrefix + java.lang.Integer.toString(counter)) + .png)): null

2019-01-03 14:00:13 - [TEST_STEP][PASSED] - Statement - counter = counter + 1: null

2019-01-03 14:00:13 - [TEST_STEP][PASSED] - Statement - PreSaveFile = new java.io.File(((pathPrefix + java.lang.Integer.toString(counter)) + .png)): null

2019-01-03 14:00:13 - [TEST_STEP][PASSED] - Statement - counter = counter + 1: null

2019-01-03 14:00:13 - [TEST_STEP][PASSED] - Statement - PreSaveFile = new java.io.File(((pathPrefix + java.lang.Integer.toString(counter)) + .png)): null

2019-01-03 14:00:13 - [TEST_STEP][PASSED] - Statement - counter = counter + 1: null

2019-01-03 14:00:13 - [TEST_STEP][PASSED] - Statement - PreSaveFile = new java.io.File(((pathPrefix + java.lang.Integer.toString(counter)) + .png)): null

2019-01-03 14:00:13 - [TEST_STEP][PASSED] - Statement - counter = counter + 1: null

2019-01-03 14:00:13 - [TEST_STEP][PASSED] - Statement - PreSaveFile = new java.io.File(((pathPrefix + java.lang.Integer.toString(counter)) + .png)): null

2019-01-03 14:00:13 - [TEST_STEP][PASSED] - Statement - counter = counter + 1: null

2019-01-03 14:00:13 - [TEST_STEP][PASSED] - Statement - PreSaveFile = new java.io.File(((pathPrefix + java.lang.Integer.toString(counter)) + .png)): null

2019-01-03 14:00:13 - [TEST_STEP][PASSED] - Statement - counter = counter + 1: null

2019-01-03 14:00:13 - [TEST_STEP][PASSED] - Statement - PreSaveFile = new java.io.File(((pathPrefix + java.lang.Integer.toString(counter)) + .png)): null

2019-01-03 14:00:13 - [TEST_STEP][PASSED] - Statement - counter = counter + 1: null

2019-01-03 14:00:13 - [TEST_STEP][PASSED] - Statement - PreSaveFile = new java.io.File(((pathPrefix + java.lang.Integer.toString(counter)) + .png)): null

2019-01-03 14:00:13 - [TEST_STEP][PASSED] - Statement - counter = counter + 1: null

2019-01-03 14:00:13 - [TEST_STEP][PASSED] - Statement - PreSaveFile = new java.io.File(((pathPrefix + java.lang.Integer.toString(counter)) + .png)): null

2019-01-03 14:00:13 - [TEST_STEP][PASSED] - Statement - counter = counter + 1: null

2019-01-03 14:00:13 - [TEST_STEP][PASSED] - Statement - PreSaveFile = new java.io.File(((pathPrefix + java.lang.Integer.toString(counter)) + .png)): null

2019-01-03 14:00:13 - [TEST_STEP][PASSED] - Statement - counter = counter + 1: null

2019-01-03 14:00:13 - [TEST_STEP][PASSED] - Statement - PreSaveFile = new java.io.File(((pathPrefix + java.lang.Integer.toString(counter)) + .png)): null

2019-01-03 14:00:13 - [TEST_STEP][PASSED] - Statement - finalPath = pathPrefix + java.lang.Integer.toString(counter) + ".png": null

2019-01-03 14:00:13 - [TEST_STEP][PASSED] - Statement - SaveFile = new java.io.File(finalPath): null

2019-01-03 14:00:13 - [TEST_STEP][PASSED] - Statement - Try: null

2019-01-03 14:00:13 - [TEST_STEP][PASSED] - Statement - org.apache.commons.io.FileUtils.copyFile(scrFile, SaveFile): null

2019-01-03 14:00:13 - [TEST_STEP][PASSED] - Statement - out.println("file kept"): null

2019-01-03 14:00:13 - [TEST_STEP][PASSED] - delay: Delayed 10 second(s)

2019-01-03 14:00:23 - [MESSAGE][PASSED] - Delayed 10 second(s)

2019-01-03 14:00:23 - [MESSAGE][PASSED] - Call Test Case 'Test Cases/Final Aug 2018 - PKS Automation/Registration Module/New Registration/Submit and Screenshot/Submit Registration and Screenshot - Copy' successfully

2019-01-03 14:00:23 - [TEST_STEP][PASSED] - Statement - UpdateAddNewECode = com.kms.katalon.core.webui.keyword.WebUiBuiltInKeywords.getText(com.kms.katalon.core.testobject.ObjectRepository.findTestObject(Object Repository/Final Object Repo/Page_Update Add New Employee - ASSIST/getEmpCode)): Text of object 'Object Repository/Final Object Repo/Page_Update Add New Employee - ASSIST/getEmpCode' is: 'E1102071075Y'

2019-01-03 14:00:23 - [MESSAGE][PASSED] - Text of object 'Object Repository/Final Object Repo/Page_Update Add New Employee - ASSIST/getEmpCode' is: 'E1102071075Y'

2019-01-03 14:00:23 - [TEST_STEP][PASSED] - callTestCase: Call Test Case 'Test Cases/Final Aug 2018 - PKS Automation/Common/Emp Code Setter' successfully

2019-01-03 14:00:23 - [TEST_CASE][PASSED] - Test Cases/Final Aug 2018 - PKS Automation/Common/Emp Code Setter: Test Cases/Final Aug 2018 - PKS Automation/Common/Emp Code Setter

2019-01-03 14:00:24 - [TEST_STEP][PASSED] - Statement - EmpCodeOld = new java.io.File(C://Users//Admin//Desktop//PKS//Automation Reference Point//EmpCode.txt): null

2019-01-03 14:00:24 - [TEST_STEP][PASSED] - Statement - EmpCodeOld.delete(): null

2019-01-03 14:00:24 - [TEST_STEP][PASSED] - Statement - EmpCode = new java.io.File(C://Users//Admin//Desktop//PKS//Automation Reference Point//EmpCode.txt): null

2019-01-03 14:00:24 - [TEST_STEP][PASSED] - Statement - f2 = new java.io.FileWriter(EmpCode, false): null

2019-01-03 14:00:24 - [TEST_STEP][PASSED] - Statement - f2.write(UpdateAddNewECode): null

2019-01-03 14:00:24 - [TEST_STEP][PASSED] - Statement - f2.close(): null

2019-01-03 14:00:24 - [TEST_STEP][PASSED] - Statement - out.println("


" + UpdateAddNewECode + "


"): null

2019-01-03 14:00:24 - [MESSAGE][PASSED] - Call Test Case 'Test Cases/Final Aug 2018 - PKS Automation/Common/Emp Code Setter' successfully

2019-01-03 14:00:24 - [MESSAGE][PASSED] - Call Test Case 'Test Cases/Final Aug 2018 - PKS Automation/Registration Module/Workflow/Update Add New Employee/Template/New Company for Update Add New - Employer' successfully

2019-01-03 14:00:24 - [TEST_STEP][PASSED] - callTestCase: Call Test Case 'Test Cases/Final Aug 2018 - PKS Automation/Create Employer Acc/Login to Employer Account (Second time)' successfully

2019-01-03 14:00:24 - [TEST_CASE][PASSED] - Test Cases/Final Aug 2018 - PKS Automation/Create Employer Acc/Login to Employer Account (Second time): Test Cases/Final Aug 2018 - PKS Automation/Create Employer Acc/Login to Employer Account (Second time)

2019-01-03 14:00:24 - [TEST_STEP][PASSED] - openBrowser: Browser is opened with url: ''

2019-01-03 14:00:24 - [MESSAGE][WARNING] - A browser is already opened. Closing browser and opening a new one

2019-01-03 14:00:28 - [MESSAGE][PASSED] - Browser is opened with url: ''

2019-01-03 14:00:28 - [TEST_STEP][PASSED] - navigateToUrl: Navigate to 'https://assist2-uat.perkeso.gov.my/employer/login' successfully

2019-01-03 14:00:29 - [MESSAGE][PASSED] - Navigate to 'https://assist2-uat.perkeso.gov.my/employer/login' successfully

2019-01-03 14:00:29 - [TEST_STEP][PASSED] - delay: Delayed 3 second(s)

2019-01-03 14:00:32 - [MESSAGE][PASSED] - Delayed 3 second(s)

2019-01-03 14:00:32 - [TEST_STEP][PASSED] - callTestCase: Call Test Case 'Test Cases/Final Aug 2018 - PKS Automation/Create Employer Acc/Template/Employer Email Getter' successfully

2019-01-03 14:00:32 - [TEST_CASE][PASSED] - Test Cases/Final Aug 2018 - PKS Automation/Create Employer Acc/Template/Employer Email Getter: Test Cases/Final Aug 2018 - PKS Automation/Create Employer Acc/Template/Employer Email Getter

2019-01-03 14:00:32 - [TEST_STEP][PASSED] - Statement - Try: null

2019-01-03 14:00:32 - [TEST_STEP][PASSED] - Statement - EmpEmail = new java.io.File(C://Users//Admin//Desktop//PKS//Automation Reference Point//EmpEmail.txt): null

2019-01-03 14:00:32 - [TEST_STEP][PASSED] - Statement - bufferread = new java.io.BufferedReader(new java.io.FileReader(EmpEmail)): null

2019-01-03 14:00:32 - [TEST_STEP][PASSED] - Statement - readedVal = bufferread.readLine(): null

2019-01-03 14:00:32 - [TEST_STEP][PASSED] - Statement - out.println(readedVal): null

2019-01-03 14:00:32 - [TEST_STEP][PASSED] - Statement - Email = readedVal: null

2019-01-03 14:00:32 - [MESSAGE][PASSED] - Call Test Case 'Test Cases/Final Aug 2018 - PKS Automation/Create Employer Acc/Template/Employer Email Getter' successfully

2019-01-03 14:00:32 - [TEST_STEP][PASSED] - setText: Text 'perkeso944806662923@gmail.com' is set on object 'Object Repository/Final Object Repo/Login Page/External Login Page/Email'

2019-01-03 14:00:32 - [MESSAGE][PASSED] - Text 'perkeso944806662923@gmail.com' is set on object 'Object Repository/Final Object Repo/Login Page/External Login Page/Email'

2019-01-03 14:00:32 - [TEST_STEP][PASSED] - click: Object: 'Object Repository/Final Object Repo/Login Page/External Login Page/Next' is clicked on

2019-01-03 14:00:32 - [MESSAGE][PASSED] - Object: 'Object Repository/Final Object Repo/Login Page/External Login Page/Next' is clicked on

2019-01-03 14:00:32 - [TEST_STEP][PASSED] - delay: Delayed 3 second(s)

2019-01-03 14:00:35 - [MESSAGE][PASSED] - Delayed 3 second(s)

2019-01-03 14:00:35 - [TEST_STEP][PASSED] - setEncryptedText: Text ****** has been set on object 'Object Repository/Final Object Repo/Login Page/External Login Page/Password'

2019-01-03 14:00:35 - [MESSAGE][PASSED] - Text ****** has been set on object 'Object Repository/Final Object Repo/Login Page/External Login Page/Password'

2019-01-03 14:00:35 - [TEST_STEP][PASSED] - click: Object: 'Object Repository/Final Object Repo/Login Page/External Login Page/Login' is clicked on

2019-01-03 14:00:36 - [MESSAGE][PASSED] - Object: 'Object Repository/Final Object Repo/Login Page/External Login Page/Login' is clicked on

2019-01-03 14:00:36 - [TEST_STEP][PASSED] - delay: Delayed 5 second(s)

2019-01-03 14:00:41 - [MESSAGE][PASSED] - Delayed 5 second(s)

2019-01-03 14:00:41 - [MESSAGE][PASSED] - Call Test Case 'Test Cases/Final Aug 2018 - PKS Automation/Create Employer Acc/Login to Employer Account (Second time)' successfully

2019-01-03 14:00:41 - [TEST_STEP][PASSED] - navigateToUrl: Navigate to 'https://assist2-uat.perkeso.gov.my/web/registration/eis-update/form-3-eis-cessation-as-employer' successfully

2019-01-03 14:00:43 - [MESSAGE][PASSED] - Navigate to 'https://assist2-uat.perkeso.gov.my/web/registration/eis-update/form-3-eis-cessation-as-employer' successfully

2019-01-03 14:00:43 - [TEST_STEP][PASSED] - delay: Delayed 1 second(s)

2019-01-03 14:00:44 - [MESSAGE][PASSED] - Delayed 1 second(s)

2019-01-03 14:00:44 - [TEST_STEP][PASSED] - click: Object: 'Object Repository/Final Object Repo/Page_Form 3 EIS - Cessation as Employer/Edit' is clicked on

2019-01-03 14:00:45 - [MESSAGE][PASSED] - Object: 'Object Repository/Final Object Repo/Page_Form 3 EIS - Cessation as Employer/Edit' is clicked on

2019-01-03 14:00:45 - [TEST_STEP][PASSED] - delay: Delayed 1 second(s)

2019-01-03 14:00:46 - [MESSAGE][PASSED] - Delayed 1 second(s)

2019-01-03 14:00:46 - [TEST_STEP][PASSED] - Statement - abc = com.kms.katalon.core.webui.keyword.WebUiBuiltInKeywords.getAttribute(com.kms.katalon.core.testobject.ObjectRepository.findTestObject(Final Object Repo/Page_Form 3 EIS - Cessation as Employer/Employer Status), "value"): Attribute 'value' of object 'Object Repository/Final Object Repo/Page_Form 3 EIS - Cessation as Employer/Employer Status' is: 'Active'

2019-01-03 14:00:46 - [MESSAGE][PASSED] - Attribute 'value' of object 'Object Repository/Final Object Repo/Page_Form 3 EIS - Cessation as Employer/Employer Status' is: 'Active'

2019-01-03 14:00:46 - [TEST_STEP][PASSED] - Statement - out.println(abc): null

2019-01-03 14:00:46 - [TEST_STEP][PASSED] - Statement - If (abc == "Active"): Object: 'Object Repository/Final Object Repo/Page_Form 3 EIS - Cessation as Employer/Dormant EIS' is clicked on

2019-01-03 14:00:46 - [TEST_STEP][PASSED] - click: Object: 'Object Repository/Final Object Repo/Page_Form 3 EIS - Cessation as Employer/Change Employer Status to' is clicked on

2019-01-03 14:00:46 - [MESSAGE][PASSED] - Object: 'Object Repository/Final Object Repo/Page_Form 3 EIS - Cessation as Employer/Change Employer Status to' is clicked on

2019-01-03 14:00:46 - [TEST_STEP][PASSED] - click: Object: 'Object Repository/Final Object Repo/Page_Form 3 EIS - Cessation as Employer/Dormant EIS' is clicked on

2019-01-03 14:00:46 - [MESSAGE][PASSED] - Object: 'Object Repository/Final Object Repo/Page_Form 3 EIS - Cessation as Employer/Dormant EIS' is clicked on

2019-01-03 14:00:46 - [TEST_STEP][PASSED] - click: Object: 'Object Repository/Final Object Repo/Page_Form 3 EIS - Cessation as Employer/Calender' is clicked on

2019-01-03 14:00:46 - [MESSAGE][PASSED] - Object: 'Object Repository/Final Object Repo/Page_Form 3 EIS - Cessation as Employer/Calender' is clicked on

2019-01-03 14:00:46 - [TEST_STEP][PASSED] - delay: Delayed 1 second(s)

2019-01-03 14:00:47 - [MESSAGE][PASSED] - Delayed 1 second(s)

2019-01-03 14:00:47 - [TEST_STEP][PASSED] - click: Object: 'Object Repository/Final Object Repo/Page_Form 3 EIS - Cessation as Employer/Calender - Date' is clicked on

2019-01-03 14:00:48 - [MESSAGE][PASSED] - Object: 'Object Repository/Final Object Repo/Page_Form 3 EIS - Cessation as Employer/Calender - Date' is clicked on

2019-01-03 14:00:48 - [TEST_STEP][PASSED] - click: Object: 'Object Repository/Final Object Repo/Page_Form 3 EIS - Cessation as Employer/Save  Continue in Form 3 EIS Page' is clicked on

2019-01-03 14:00:48 - [MESSAGE][PASSED] - Object: 'Object Repository/Final Object Repo/Page_Form 3 EIS - Cessation as Employer/Save  Continue in Form 3 EIS Page' is clicked on

2019-01-03 14:00:48 - [TEST_STEP][PASSED] - delay: Delayed 1 second(s)

2019-01-03 14:00:49 - [MESSAGE][PASSED] - Delayed 1 second(s)

2019-01-03 14:00:49 - [TEST_STEP][PASSED] - click: Object: 'Object Repository/Final Object Repo/Page_Form 3 EIS - Cessation as Employer/Employment Resign Date' is clicked on

2019-01-03 14:00:50 - [MESSAGE][PASSED] - Object: 'Object Repository/Final Object Repo/Page_Form 3 EIS - Cessation as Employer/Employment Resign Date' is clicked on

2019-01-03 14:00:50 - [TEST_STEP][PASSED] - selectOptionByValue: All options with value '2019' are selected in object 'Object Repository/Final Object Repo/Page_Form 3 EIS - Cessation as Employer/Employment Resign Date - Year' 

2019-01-03 14:00:50 - [MESSAGE][PASSED] - All options with value '2019' are selected in object 'Object Repository/Final Object Repo/Page_Form 3 EIS - Cessation as Employer/Employment Resign Date - Year' 

2019-01-03 14:00:50 - [TEST_STEP][PASSED] - delay: Delayed 2 second(s)

2019-01-03 14:00:52 - [MESSAGE][PASSED] - Delayed 2 second(s)

2019-01-03 14:00:52 - [TEST_STEP][PASSED] - click: Object: 'Object Repository/Final Object Repo/Page_Form 3 EIS - Cessation as Employer/Employment Resign Date - Year - Date' is clicked on

2019-01-03 14:00:52 - [MESSAGE][PASSED] - Object: 'Object Repository/Final Object Repo/Page_Form 3 EIS - Cessation as Employer/Employment Resign Date - Year - Date' is clicked on

2019-01-03 14:00:52 - [TEST_STEP][PASSED] - delay: Delayed 2 second(s)

2019-01-03 14:00:54 - [MESSAGE][PASSED] - Delayed 2 second(s)

2019-01-03 14:00:54 - [TEST_STEP][PASSED] - click: Object: 'Object Repository/Final Object Repo/Page_Form 3 EIS - Cessation as Employer/Save  Continue in Employment Resign Page' is clicked on

2019-01-03 14:00:54 - [MESSAGE][PASSED] - Object: 'Object Repository/Final Object Repo/Page_Form 3 EIS - Cessation as Employer/Save  Continue in Employment Resign Page' is clicked on

2019-01-03 14:00:54 - [TEST_STEP][PASSED] - delay: Delayed 2 second(s)

2019-01-03 14:00:56 - [MESSAGE][PASSED] - Delayed 2 second(s)

2019-01-03 14:00:56 - [TEST_STEP][FAILED] - click: Unable to click on object 'Object Repository/Final Object Repo/Page_Form 3 EIS - Cessation as Employer/Set Latest - Yes' (Root cause: com.kms.katalon.core.webui.exception.WebElementNotFoundException: Web element with id: 'Object Repository/Final Object Repo/Page_Form 3 EIS - Cessation as Employer/Set Latest - Yes' located by 'By.xpath: //span[@id = 'confirmword' and (text() = 'Yes' or . = 'Yes')]' not found)

2019-01-03 14:01:29 - [MESSAGE][FAILED] - Unable to click on object 'Object Repository/Final Object Repo/Page_Form 3 EIS - Cessation as Employer/Set Latest - Yes' (Root cause: com.kms.katalon.core.webui.exception.WebElementNotFoundException: Web element with id: 'Object Repository/Final Object Repo/Page_Form 3 EIS - Cessation as Employer/Set Latest - Yes' located by 'By.xpath: //span[@id = 'confirmword' and (text() = 'Yes' or . = 'Yes')]' not found)
[[ATTACHMENT|C:\\Users\\Admin\\Desktop\\PKS\\Perkeso Phase A\\Reports\\Workflow\\Form 3 EIS - Cessation as Employer\\20190103_102114\\1546495288947.png]]

2019-01-03 14:01:29 - [TEST_STEP][PASSED] - delay: Delayed 2 second(s)

2019-01-03 14:01:31 - [MESSAGE][PASSED] - Delayed 2 second(s)

2019-01-03 14:01:31 - [TEST_STEP][FAILED] - click: Unable to click on object 'Object Repository/Final Object Repo/Page_Form 3 EIS - Cessation as Employer/Add Document' (Root cause: com.kms.katalon.core.webui.exception.WebElementNotFoundException: Web element with id: 'Object Repository/Final Object Repo/Page_Form 3 EIS - Cessation as Employer/Add Document' located by 'By.xpath: //a[(text() = '
					ADD DOCUMENT
	             ' or . = '
					ADD DOCUMENT
	             ')]' not found)

2019-01-03 14:02:07 - [MESSAGE][FAILED] - Unable to click on object 'Object Repository/Final Object Repo/Page_Form 3 EIS - Cessation as Employer/Add Document' (Root cause: com.kms.katalon.core.webui.exception.WebElementNotFoundException: Web element with id: 'Object Repository/Final Object Repo/Page_Form 3 EIS - Cessation as Employer/Add Document' located by 'By.xpath: //a[(text() = '
					ADD DOCUMENT
	             ' or . = '
					ADD DOCUMENT
	             ')]' not found)
[[ATTACHMENT|C:\\Users\\Admin\\Desktop\\PKS\\Perkeso Phase A\\Reports\\Workflow\\Form 3 EIS - Cessation as Employer\\20190103_102114\\1546495327067.png]]

2019-01-03 14:02:07 - [TEST_STEP][PASSED] - delay: Delayed 3 second(s)

2019-01-03 14:02:10 - [MESSAGE][PASSED] - Delayed 3 second(s)

2019-01-03 14:02:10 - [TEST_STEP][FAILED] - click: Unable to click on object 'Object Repository/Final Object Repo/Page_Form 3 EIS - Cessation as Employer/Document Type' (Root cause: com.kms.katalon.core.webui.exception.WebElementNotFoundException: Web element with id: 'Object Repository/Final Object Repo/Page_Form 3 EIS - Cessation as Employer/Document Type' located by 'By.xpath: //span[@role = 'combobox' and (text() = '

Please Select' or . = '

Please Select')]' not found)

2019-01-03 14:02:47 - [MESSAGE][FAILED] - Unable to click on object 'Object Repository/Final Object Repo/Page_Form 3 EIS - Cessation as Employer/Document Type' (Root cause: com.kms.katalon.core.webui.exception.WebElementNotFoundException: Web element with id: 'Object Repository/Final Object Repo/Page_Form 3 EIS - Cessation as Employer/Document Type' located by 'By.xpath: //span[@role = 'combobox' and (text() = '

Please Select' or . = '

Please Select')]' not found)
[[ATTACHMENT|C:\\Users\\Admin\\Desktop\\PKS\\Perkeso Phase A\\Reports\\Workflow\\Form 3 EIS - Cessation as Employer\\20190103_102114\\1546495367121.png]]

2019-01-03 14:02:47 - [TEST_STEP][FAILED] - click: Unable to click on object 'Object Repository/Final Object Repo/Page_Form 3 EIS - Cessation as Employer/Document Type - Form 3' (Root cause: com.kms.katalon.core.webui.exception.WebElementNotFoundException: Web element with id: 'Object Repository/Final Object Repo/Page_Form 3 EIS - Cessation as Employer/Document Type - Form 3' located by 'By.xpath: //span[(text() = '


	Form 3 - Cessation Of Employer
' or . = '


	Form 3 - Cessation Of Employer
')]' not found)

2019-01-03 14:03:19 - [MESSAGE][FAILED] - Unable to click on object 'Object Repository/Final Object Repo/Page_Form 3 EIS - Cessation as Employer/Document Type - Form 3' (Root cause: com.kms.katalon.core.webui.exception.WebElementNotFoundException: Web element with id: 'Object Repository/Final Object Repo/Page_Form 3 EIS - Cessation as Employer/Document Type - Form 3' located by 'By.xpath: //span[(text() = '


	Form 3 - Cessation Of Employer
' or . = '


	Form 3 - Cessation Of Employer
')]' not found)
[[ATTACHMENT|C:\\Users\\Admin\\Desktop\\PKS\\Perkeso Phase A\\Reports\\Workflow\\Form 3 EIS - Cessation as Employer\\20190103_102114\\1546495398972.png]]

2019-01-03 14:03:19 - [TEST_STEP][PASSED] - delay: Delayed 2 second(s)

2019-01-03 14:03:21 - [MESSAGE][PASSED] - Delayed 2 second(s)

2019-01-03 14:03:21 - [TEST_STEP][FAILED] - sendKeys: Unable to send keys 'C:\Users\Public\Pictures\Sample Pictures\Koala.jpg' to object 'Object Repository/Final Object Repo/Page_Form 3 EIS - Cessation as Employer/ploading File' (Root cause: com.kms.katalon.core.webui.exception.WebElementNotFoundException: Web element with id: 'Object Repository/Final Object Repo/Page_Form 3 EIS - Cessation as Employer/ploading File' located by 'By.xpath: //input[@type = 'file' and @id = '_searchforemployersip_WAR_registrationportlet_uploadFile']' not found)

2019-01-03 14:03:53 - [MESSAGE][FAILED] - Unable to send keys 'C:\Users\Public\Pictures\Sample Pictures\Koala.jpg' to object 'Object Repository/Final Object Repo/Page_Form 3 EIS - Cessation as Employer/ploading File' (Root cause: com.kms.katalon.core.webui.exception.WebElementNotFoundException: Web element with id: 'Object Repository/Final Object Repo/Page_Form 3 EIS - Cessation as Employer/ploading File' located by 'By.xpath: //input[@type = 'file' and @id = '_searchforemployersip_WAR_registrationportlet_uploadFile']' not found)
[[ATTACHMENT|C:\\Users\\Admin\\Desktop\\PKS\\Perkeso Phase A\\Reports\\Workflow\\Form 3 EIS - Cessation as Employer\\20190103_102114\\1546495432878.png]]

2019-01-03 14:03:53 - [TEST_STEP][PASSED] - delay: Delayed 1 second(s)

2019-01-03 14:03:54 - [MESSAGE][PASSED] - Delayed 1 second(s)

2019-01-03 14:03:54 - [TEST_STEP][FAILED] - click: Unable to click on object 'Object Repository/Final Object Repo/Page_Form 3 EIS - Cessation as Employer/Add Document in Uploading Page' (Root cause: com.kms.katalon.core.webui.exception.WebElementNotFoundException: Web element with id: 'Object Repository/Final Object Repo/Page_Form 3 EIS - Cessation as Employer/Add Document in Uploading Page' located by 'By.xpath: //a[(text() = '
										ADD DOCUMENT
								     ' or . = '
										ADD DOCUMENT
								     ')]' not found)

2019-01-03 14:04:31 - [MESSAGE][FAILED] - Unable to click on object 'Object Repository/Final Object Repo/Page_Form 3 EIS - Cessation as Employer/Add Document in Uploading Page' (Root cause: com.kms.katalon.core.webui.exception.WebElementNotFoundException: Web element with id: 'Object Repository/Final Object Repo/Page_Form 3 EIS - Cessation as Employer/Add Document in Uploading Page' located by 'By.xpath: //a[(text() = '
										ADD DOCUMENT
								     ' or . = '
										ADD DOCUMENT
								     ')]' not found)
[[ATTACHMENT|C:\\Users\\Admin\\Desktop\\PKS\\Perkeso Phase A\\Reports\\Workflow\\Form 3 EIS - Cessation as Employer\\20190103_102114\\1546495470721.png]]

2019-01-03 14:04:31 - [TEST_STEP][PASSED] - delay: Delayed 2 second(s)

2019-01-03 14:04:33 - [MESSAGE][PASSED] - Delayed 2 second(s)

2019-01-03 14:04:33 - [TEST_STEP][PASSED] - Statement - CaseReferenceNo = com.kms.katalon.core.webui.keyword.WebUiBuiltInKeywords.getText(com.kms.katalon.core.testobject.ObjectRepository.findTestObject(Final Object Repo/Page_Update Employer Information/Reference Number in Update Employee Information Page)): Text of object 'Object Repository/Final Object Repo/Page_Update Employer Information/Reference Number in Update Employee Information Page' is: 'ERN012019C200002575'

2019-01-03 14:04:33 - [MESSAGE][PASSED] - Text of object 'Object Repository/Final Object Repo/Page_Update Employer Information/Reference Number in Update Employee Information Page' is: 'ERN012019C200002575'

2019-01-03 14:04:33 - [TEST_STEP][PASSED] - callTestCase: Call Test Case 'Test Cases/Final Aug 2018 - PKS Automation/Common/Reference Number Setter' successfully

2019-01-03 14:04:33 - [TEST_CASE][PASSED] - Test Cases/Final Aug 2018 - PKS Automation/Common/Reference Number Setter: Test Cases/Final Aug 2018 - PKS Automation/Common/Reference Number Setter

2019-01-03 14:04:33 - [TEST_STEP][PASSED] - Statement - RefNoOldFile = new java.io.File(C://Users//Admin//Desktop//PKS//Automation Reference Point//KatalonReference.txt): null

2019-01-03 14:04:33 - [TEST_STEP][PASSED] - Statement - RefNoOldFile.delete(): null

2019-01-03 14:04:33 - [TEST_STEP][PASSED] - delay: Delayed 5 second(s)

2019-01-03 14:04:38 - [MESSAGE][PASSED] - Delayed 5 second(s)

2019-01-03 14:04:38 - [TEST_STEP][PASSED] - Statement - RefNo = new java.io.File(C://Users//Admin//Desktop//PKS//Automation Reference Point//KatalonReference.txt): null

2019-01-03 14:04:38 - [TEST_STEP][PASSED] - Statement - f2 = new java.io.FileWriter(RefNo, false): null

2019-01-03 14:04:38 - [TEST_STEP][PASSED] - Statement - f2.write(CaseReferenceNo): null

2019-01-03 14:04:38 - [TEST_STEP][PASSED] - Statement - f2.close(): null

2019-01-03 14:04:38 - [TEST_STEP][PASSED] - Statement - out.println("


" + CaseReferenceNo + "


"): null

2019-01-03 14:04:38 - [MESSAGE][PASSED] - Call Test Case 'Test Cases/Final Aug 2018 - PKS Automation/Common/Reference Number Setter' successfully

2019-01-03 14:04:38 - [TEST_STEP][PASSED] - delay: Delayed 2 second(s)

2019-01-03 14:04:40 - [MESSAGE][PASSED] - Delayed 2 second(s)

2019-01-03 14:04:40 - [TEST_STEP][FAILED] - click: Unable to click on object 'Object Repository/Final Object Repo/Page_Form 3 EIS - Cessation as Employer/Save  Continue in Uploading Page' (Root cause: com.kms.katalon.core.webui.exception.WebElementNotFoundException: Web element with id: 'Object Repository/Final Object Repo/Page_Form 3 EIS - Cessation as Employer/Save  Continue in Uploading Page' located by 'By.xpath: //a[(text() = '
									SAVE & CONTINUE	
				                ' or . = '
									SAVE & CONTINUE	
				                ')]' not found)

2019-01-03 14:05:15 - [MESSAGE][FAILED] - Unable to click on object 'Object Repository/Final Object Repo/Page_Form 3 EIS - Cessation as Employer/Save  Continue in Uploading Page' (Root cause: com.kms.katalon.core.webui.exception.WebElementNotFoundException: Web element with id: 'Object Repository/Final Object Repo/Page_Form 3 EIS - Cessation as Employer/Save  Continue in Uploading Page' located by 'By.xpath: //a[(text() = '
									SAVE & CONTINUE	
				                ' or . = '
									SAVE & CONTINUE	
				                ')]' not found)
[[ATTACHMENT|C:\\Users\\Admin\\Desktop\\PKS\\Perkeso Phase A\\Reports\\Workflow\\Form 3 EIS - Cessation as Employer\\20190103_102114\\1546495515250.png]]

2019-01-03 14:05:15 - [TEST_STEP][PASSED] - delay: Delayed 2 second(s)

2019-01-03 14:05:17 - [MESSAGE][PASSED] - Delayed 2 second(s)

2019-01-03 14:05:17 - [TEST_STEP][FAILED] - click: Unable to click on object 'Object Repository/Final Object Repo/Page_Form 3 EIS - Cessation as Employer/Submit' (Root cause: com.kms.katalon.core.webui.exception.WebElementNotFoundException: Web element with id: 'Object Repository/Final Object Repo/Page_Form 3 EIS - Cessation as Employer/Submit' located by 'By.xpath: //a[(text() = '
							SUBMIT
		            	' or . = '
							SUBMIT
		            	')]' not found)

2019-01-03 14:05:56 - [MESSAGE][FAILED] - Unable to click on object 'Object Repository/Final Object Repo/Page_Form 3 EIS - Cessation as Employer/Submit' (Root cause: com.kms.katalon.core.webui.exception.WebElementNotFoundException: Web element with id: 'Object Repository/Final Object Repo/Page_Form 3 EIS - Cessation as Employer/Submit' located by 'By.xpath: //a[(text() = '
							SUBMIT
		            	' or . = '
							SUBMIT
		            	')]' not found)
[[ATTACHMENT|C:\\Users\\Admin\\Desktop\\PKS\\Perkeso Phase A\\Reports\\Workflow\\Form 3 EIS - Cessation as Employer\\20190103_102114\\1546495556424.png]]

2019-01-03 14:05:56 - [TEST_STEP][PASSED] - delay: Delayed 2 second(s)

2019-01-03 14:05:58 - [MESSAGE][PASSED] - Delayed 2 second(s)

2019-01-03 14:05:58 - [TEST_STEP][FAILED] - click: Unable to click on object 'Object Repository/Final Object Repo/Page_Form 3 EIS - Cessation as Employer/Confirm' (Root cause: com.kms.katalon.core.webui.exception.WebElementNotFoundException: Web element with id: 'Object Repository/Final Object Repo/Page_Form 3 EIS - Cessation as Employer/Confirm' located by 'By.xpath: //span[(text() = 'CONFIRM' or . = 'CONFIRM')]' not found)

2019-01-03 14:06:31 - [MESSAGE][FAILED] - Unable to click on object 'Object Repository/Final Object Repo/Page_Form 3 EIS - Cessation as Employer/Confirm' (Root cause: com.kms.katalon.core.webui.exception.WebElementNotFoundException: Web element with id: 'Object Repository/Final Object Repo/Page_Form 3 EIS - Cessation as Employer/Confirm' located by 'By.xpath: //span[(text() = 'CONFIRM' or . = 'CONFIRM')]' not found)
[[ATTACHMENT|C:\\Users\\Admin\\Desktop\\PKS\\Perkeso Phase A\\Reports\\Workflow\\Form 3 EIS - Cessation as Employer\\20190103_102114\\1546495590770.png]]

2019-01-03 14:06:31 - [TEST_STEP][PASSED] - delay: Delayed 2 second(s)

2019-01-03 14:06:33 - [MESSAGE][PASSED] - Delayed 2 second(s)

2019-01-03 14:06:33 - [TEST_STEP][FAILED] - click: Unable to click on object 'Object Repository/Final Object Repo/Page_Form 3 EIS - Cessation as Employer/Message Your Request will be routed to UO' (Root cause: com.kms.katalon.core.webui.exception.WebElementNotFoundException: Web element with id: 'Object Repository/Final Object Repo/Page_Form 3 EIS - Cessation as Employer/Message Your Request will be routed to UO' located by 'By.xpath: //div[(text() = '
			    			
			    			
			    			
			    			
			    				Your Request will be routed to 
			    				UO
			    			
			    			
			    			









































































' or . = '
			    			
			    			
			    			
			    			
			    				Your Request will be routed to 
			    				UO
			    			
			    			
			    			









































































')]' not found)

2019-01-03 14:07:07 - [MESSAGE][FAILED] - Unable to click on object 'Object Repository/Final Object Repo/Page_Form 3 EIS - Cessation as Employer/Message Your Request will be routed to UO' (Root cause: com.kms.katalon.core.webui.exception.WebElementNotFoundException: Web element with id: 'Object Repository/Final Object Repo/Page_Form 3 EIS - Cessation as Employer/Message Your Request will be routed to UO' located by 'By.xpath: //div[(text() = '
			    			
			    			
			    			
			    			
			    				Your Request will be routed to 
			    				UO
			    			
			    			
			    			









































































' or . = '
			    			
			    			
			    			
			    			
			    				Your Request will be routed to 
			    				UO
			    			
			    			
			    			









































































')]' not found)
[[ATTACHMENT|C:\\Users\\Admin\\Desktop\\PKS\\Perkeso Phase A\\Reports\\Workflow\\Form 3 EIS - Cessation as Employer\\20190103_102114\\1546495626708.png]]

2019-01-03 14:07:07 - [TEST_STEP][FAILED] - click: Unable to click on object 'Object Repository/Final Object Repo/Page_Form 3 EIS - Cessation as Employer/Letter of acknowledgement' (Root cause: com.kms.katalon.core.webui.exception.WebElementNotFoundException: Web element with id: 'Object Repository/Final Object Repo/Page_Form 3 EIS - Cessation as Employer/Letter of acknowledgement' located by 'By.xpath: //a[(text() = '
							 
							Letter of acknowledgement.pdf
						' or . = '
							 
							Letter of acknowledgement.pdf
						')]' not found)

2019-01-03 14:07:42 - [MESSAGE][FAILED] - Unable to click on object 'Object Repository/Final Object Repo/Page_Form 3 EIS - Cessation as Employer/Letter of acknowledgement' (Root cause: com.kms.katalon.core.webui.exception.WebElementNotFoundException: Web element with id: 'Object Repository/Final Object Repo/Page_Form 3 EIS - Cessation as Employer/Letter of acknowledgement' located by 'By.xpath: //a[(text() = '
							 
							Letter of acknowledgement.pdf
						' or . = '
							 
							Letter of acknowledgement.pdf
						')]' not found)
[[ATTACHMENT|C:\\Users\\Admin\\Desktop\\PKS\\Perkeso Phase A\\Reports\\Workflow\\Form 3 EIS - Cessation as Employer\\20190103_102114\\1546495661852.png]]

2019-01-03 14:07:42 - [MESSAGE][FAILED] - Unable to call Test Case with id 'Test Cases/Final Aug 2018 - PKS Automation/Registration Module/Workflow/Form 3 EIS - Cessation As Employer/Template/Form 3 A - Cessation As Employer (Employer)' (Root cause: Call Test Case 'Test Cases/Final Aug 2018 - PKS Automation/Registration Module/Workflow/Form 3 EIS - Cessation As Employer/Template/Form 3 A - Cessation As Employer (Employer)' failed)]]></system-out>
         <system-err><![CDATA[2019-01-03 13:52:23 - [TEST_CASE][FAILED] - Test Cases/Final Aug 2018 - PKS Automation/Registration Module/Workflow/Form 3 EIS - Cessation As Employer/Employer to UO (Approve): Test Cases/Final Aug 2018 - PKS Automation/Registration Module/Workflow/Form 3 EIS - Cessation As Employer/Employer to UO (Approve) FAILED because (of) (Stack trace: com.kms.katalon.core.exception.StepFailedException: Unable to click on object 'Object Repository/Final Object Repo/Page_Form 3 EIS - Cessation as Employer/Set Latest - Yes' (Root cause: com.kms.katalon.core.webui.exception.WebElementNotFoundException: Web element with id: 'Object Repository/Final Object Repo/Page_Form 3 EIS - Cessation as Employer/Set Latest - Yes' located by 'By.xpath: //span[@id = 'confirmword' and (text() = 'Yes' or . = 'Yes')]' not found)
	at com.kms.katalon.core.keyword.internal.KeywordMain.stepFailed(KeywordMain.groovy:32)
	at com.kms.katalon.core.webui.keyword.internal.WebUIKeywordMain.stepFailed(WebUIKeywordMain.groovy:65)
	at com.kms.katalon.core.webui.keyword.internal.WebUIKeywordMain.runKeyword(WebUIKeywordMain.groovy:27)
	at com.kms.katalon.core.webui.keyword.builtin.ClickKeyword.click(ClickKeyword.groovy:86)
	at com.kms.katalon.core.webui.keyword.builtin.ClickKeyword.execute(ClickKeyword.groovy:67)
	at com.kms.katalon.core.keyword.internal.KeywordExecutor.executeKeywordForPlatform(KeywordExecutor.groovy:53)
	at com.kms.katalon.core.webui.keyword.WebUiBuiltInKeywords.click(WebUiBuiltInKeywords.groovy:616)
	at com.kms.katalon.core.webui.keyword.WebUiBuiltInKeywords$click$2.call(Unknown Source)
	at org.codehaus.groovy.runtime.callsite.CallSiteArray.defaultCall(CallSiteArray.java:48)
	at org.codehaus.groovy.runtime.callsite.AbstractCallSite.call(AbstractCallSite.java:113)
	at org.codehaus.groovy.runtime.callsite.AbstractCallSite.call(AbstractCallSite.java:125)
	at Script1536732166908.run(Script1536732166908.groovy:82)
	at com.kms.katalon.core.main.ScriptEngine.run(ScriptEngine.java:183)
	at com.kms.katalon.core.main.ScriptEngine.runScriptAsRawText(ScriptEngine.java:108)
	at com.kms.katalon.core.main.TestCaseExecutor.runScript(TestCaseExecutor.java:294)
	at com.kms.katalon.core.main.TestCaseExecutor.doExecute(TestCaseExecutor.java:285)
	at com.kms.katalon.core.main.TestCaseExecutor.processExecutionPhase(TestCaseExecutor.java:264)
	at com.kms.katalon.core.main.TestCaseExecutor.accessMainPhase(TestCaseExecutor.java:256)
	at com.kms.katalon.core.main.TestCaseExecutor.execute(TestCaseExecutor.java:200)
	at com.kms.katalon.core.main.TestCaseMain.runTestCase(TestCaseMain.java:99)
	at com.kms.katalon.core.keyword.builtin.CallTestCaseKeyword$_callTestCase_closure1.doCall(CallTestCaseKeyword.groovy:60)
	at com.kms.katalon.core.keyword.builtin.CallTestCaseKeyword$_callTestCase_closure1.call(CallTestCaseKeyword.groovy)
	at com.kms.katalon.core.keyword.internal.KeywordMain.runKeyword(KeywordMain.groovy:54)
	at com.kms.katalon.core.keyword.builtin.CallTestCaseKeyword.callTestCase(CallTestCaseKeyword.groovy:81)
	at com.kms.katalon.core.keyword.builtin.CallTestCaseKeyword.execute(CallTestCaseKeyword.groovy:45)
	at com.kms.katalon.core.keyword.internal.KeywordExecutor.executeKeywordForPlatform(KeywordExecutor.groovy:53)
	at com.kms.katalon.core.keyword.BuiltinKeywords.callTestCase(BuiltinKeywords.groovy:334)
	at sun.reflect.NativeMethodAccessorImpl.invoke0(Native Method)
	at sun.reflect.NativeMethodAccessorImpl.invoke(NativeMethodAccessorImpl.java:62)
	at sun.reflect.DelegatingMethodAccessorImpl.invoke(DelegatingMethodAccessorImpl.java:43)
	at java.lang.reflect.Method.invoke(Method.java:498)
	at org.codehaus.groovy.reflection.CachedMethod.invoke(CachedMethod.java:93)
	at groovy.lang.MetaMethod.doMethodInvoke(MetaMethod.java:325)
	at groovy.lang.MetaClassImpl.invokeStaticMethod(MetaClassImpl.java:1469)
	at org.codehaus.groovy.runtime.callsite.StaticMetaClassSite.call(StaticMetaClassSite.java:53)
	at org.codehaus.groovy.runtime.callsite.CallSiteArray.defaultCall(CallSiteArray.java:48)
	at org.codehaus.groovy.runtime.callsite.AbstractCallSite.call(AbstractCallSite.java:113)
	at org.codehaus.groovy.runtime.callsite.AbstractCallSite.call(AbstractCallSite.java:141)
	at Script1536733676931.run(Script1536733676931.groovy:22)
	at com.kms.katalon.core.main.ScriptEngine.run(ScriptEngine.java:183)
	at com.kms.katalon.core.main.ScriptEngine.runScriptAsRawText(ScriptEngine.java:108)
	at com.kms.katalon.core.main.TestCaseExecutor.runScript(TestCaseExecutor.java:294)
	at com.kms.katalon.core.main.TestCaseExecutor.doExecute(TestCaseExecutor.java:285)
	at com.kms.katalon.core.main.TestCaseExecutor.processExecutionPhase(TestCaseExecutor.java:264)
	at com.kms.katalon.core.main.TestCaseExecutor.accessMainPhase(TestCaseExecutor.java:256)
	at com.kms.katalon.core.main.TestCaseExecutor.execute(TestCaseExecutor.java:200)
	at com.kms.katalon.core.main.TestSuiteExecutor.accessTestCaseMainPhase(TestSuiteExecutor.java:129)
	at com.kms.katalon.core.main.TestSuiteExecutor.accessTestSuiteMainPhase(TestSuiteExecutor.java:112)
	at com.kms.katalon.core.main.TestSuiteExecutor.execute(TestSuiteExecutor.java:81)
	at com.kms.katalon.core.main.TestCaseMain.startTestSuite(TestCaseMain.java:142)
	at com.kms.katalon.core.main.TestCaseMain$startTestSuite$0.call(Unknown Source)
	at org.codehaus.groovy.runtime.callsite.CallSiteArray.defaultCall(CallSiteArray.java:48)
	at org.codehaus.groovy.runtime.callsite.AbstractCallSite.call(AbstractCallSite.java:113)
	at org.codehaus.groovy.runtime.callsite.AbstractCallSite.call(AbstractCallSite.java:141)
	at TempTestSuite1546482074058.run(TempTestSuite1546482074058.groovy:36)
	at groovy.lang.GroovyShell.runScriptOrMainOrTestOrRunnable(GroovyShell.java:263)
	at groovy.lang.GroovyShell.run(GroovyShell.java:518)
	at groovy.lang.GroovyShell.run(GroovyShell.java:507)
	at groovy.ui.GroovyMain.processOnce(GroovyMain.java:653)
	at groovy.ui.GroovyMain.run(GroovyMain.java:384)
	at groovy.ui.GroovyMain.process(GroovyMain.java:370)
	at groovy.ui.GroovyMain.processArgs(GroovyMain.java:129)
	at groovy.ui.GroovyMain.main(GroovyMain.java:109)
	at sun.reflect.NativeMethodAccessorImpl.invoke0(Native Method)
	at sun.reflect.NativeMethodAccessorImpl.invoke(NativeMethodAccessorImpl.java:62)
	at sun.reflect.DelegatingMethodAccessorImpl.invoke(DelegatingMethodAccessorImpl.java:43)
	at java.lang.reflect.Method.invoke(Method.java:498)
	at org.codehaus.groovy.tools.GroovyStarter.rootLoader(GroovyStarter.java:109)
	at org.codehaus.groovy.tools.GroovyStarter.main(GroovyStarter.java:131)
)]]></system-err>
      </testcase>
      <testcase name="Test Cases/Final Aug 2018 - PKS Automation/Registration Module/Workflow/Form 3 EIS - Cessation As Employer/Employer to UO (Query)" classname="Test Cases/Final Aug 2018 - PKS Automation/Registration Module/Workflow/Form 3 EIS - Cessation As Employer/Employer to UO (Query)" status="PASSED">
         <system-out><![CDATA[2019-01-03 14:07:42 - [TEST_CASE][PASSED] - Test Cases/Final Aug 2018 - PKS Automation/Registration Module/Workflow/Form 3 EIS - Cessation As Employer/Employer to UO (Query): Test Cases/Final Aug 2018 - PKS Automation/Registration Module/Workflow/Form 3 EIS - Cessation As Employer/Employer to UO (Query)

2019-01-03 14:07:42 - [TEST_STEP][PASSED] - callTestCase: Call Test Case 'Test Cases/Final Aug 2018 - PKS Automation/Registration Module/Workflow/Form 3 EIS - Cessation As Employer/Template/Form 3 A - Cessation As Employer (OTC)' successfully

2019-01-03 14:07:42 - [TEST_CASE][PASSED] - Test Cases/Final Aug 2018 - PKS Automation/Registration Module/Workflow/Form 3 EIS - Cessation As Employer/Template/Form 3 A - Cessation As Employer (OTC): Test Cases/Final Aug 2018 - PKS Automation/Registration Module/Workflow/Form 3 EIS - Cessation As Employer/Template/Form 3 A - Cessation As Employer (OTC)

2019-01-03 14:07:42 - [TEST_STEP][PASSED] - openBrowser: Browser is opened with url: ''

2019-01-03 14:07:42 - [MESSAGE][WARNING] - A browser is already opened. Closing browser and opening a new one

2019-01-03 14:07:46 - [MESSAGE][PASSED] - Browser is opened with url: ''

2019-01-03 14:07:46 - [TEST_STEP][PASSED] - navigateToUrl: Navigate to 'https://assist2-uat.perkeso.gov.my/login' successfully

2019-01-03 14:07:47 - [MESSAGE][PASSED] - Navigate to 'https://assist2-uat.perkeso.gov.my/login' successfully

2019-01-03 14:07:47 - [TEST_STEP][PASSED] - setText: Text 'johorotc1@gmail.com' is set on object 'Object Repository/Final Object Repo/Login Page/Internal User/Email Address'

2019-01-03 14:07:48 - [MESSAGE][PASSED] - Text 'johorotc1@gmail.com' is set on object 'Object Repository/Final Object Repo/Login Page/Internal User/Email Address'

2019-01-03 14:07:48 - [TEST_STEP][PASSED] - click: Object: 'Object Repository/Final Object Repo/Login Page/Internal User/Next Button' is clicked on

2019-01-03 14:07:48 - [MESSAGE][PASSED] - Object: 'Object Repository/Final Object Repo/Login Page/Internal User/Next Button' is clicked on

2019-01-03 14:07:48 - [TEST_STEP][PASSED] - delay: Delayed 1 second(s)

2019-01-03 14:07:49 - [MESSAGE][PASSED] - Delayed 1 second(s)

2019-01-03 14:07:49 - [TEST_STEP][PASSED] - setEncryptedText: Text ****** has been set on object 'Object Repository/Final Object Repo/Login Page/Internal User/Password'

2019-01-03 14:07:49 - [MESSAGE][PASSED] - Text ****** has been set on object 'Object Repository/Final Object Repo/Login Page/Internal User/Password'

2019-01-03 14:07:49 - [TEST_STEP][PASSED] - click: Object: 'Object Repository/Final Object Repo/Login Page/Internal User/Login Button' is clicked on

2019-01-03 14:07:49 - [MESSAGE][PASSED] - Object: 'Object Repository/Final Object Repo/Login Page/Internal User/Login Button' is clicked on

2019-01-03 14:07:49 - [TEST_STEP][PASSED] - delay: Delayed 1 second(s)

2019-01-03 14:07:50 - [MESSAGE][PASSED] - Delayed 1 second(s)

2019-01-03 14:07:50 - [TEST_STEP][PASSED] - Statement - Try: Delayed 2 second(s)

2019-01-03 14:07:50 - [TEST_STEP][PASSED] - Statement - Checker = false: null

2019-01-03 14:07:50 - [TEST_STEP][PASSED] - Statement - Checker = com.kms.katalon.core.webui.keyword.WebUiBuiltInKeywords.verifyElementHasAttribute(com.kms.katalon.core.testobject.ObjectRepository.findTestObject(Final Object Repo/Landing Page/BM Detecting), "href", 20, OPTIONAL): Object 'Object Repository/Final Object Repo/Landing Page/BM Detecting' has attribute 'href'

2019-01-03 14:07:52 - [MESSAGE][PASSED] - Object 'Object Repository/Final Object Repo/Landing Page/BM Detecting' has attribute 'href'

2019-01-03 14:07:52 - [TEST_STEP][PASSED] - Statement - out.println(Checker): null

2019-01-03 14:07:52 - [TEST_STEP][PASSED] - Statement - If (Checker == false): null

2019-01-03 14:07:52 - [TEST_STEP][PASSED] - Statement - Else: null

2019-01-03 14:07:52 - [TEST_STEP][PASSED] - delay: Delayed 2 second(s)

2019-01-03 14:07:54 - [MESSAGE][PASSED] - Delayed 2 second(s)

2019-01-03 14:07:54 - [TEST_STEP][PASSED] - navigateToUrl: Navigate to 'https://assist2-uat.perkeso.gov.my/web/registration/eis-update/form-3-eis-cessation-as-employer' successfully

2019-01-03 14:07:55 - [MESSAGE][PASSED] - Navigate to 'https://assist2-uat.perkeso.gov.my/web/registration/eis-update/form-3-eis-cessation-as-employer' successfully

2019-01-03 14:07:55 - [TEST_STEP][PASSED] - delay: Delayed 1 second(s)

2019-01-03 14:07:56 - [MESSAGE][PASSED] - Delayed 1 second(s)

2019-01-03 14:07:56 - [TEST_STEP][PASSED] - setText: Text 'E1102069769W' is set on object 'Object Repository/Final Object Repo/Page_Form 3 EIS - Cessation as Employer/Employer Code'

2019-01-03 14:07:56 - [MESSAGE][PASSED] - Text 'E1102069769W' is set on object 'Object Repository/Final Object Repo/Page_Form 3 EIS - Cessation as Employer/Employer Code'

2019-01-03 14:07:56 - [TEST_STEP][PASSED] - click: Object: 'Object Repository/Final Object Repo/Page_Form 3 EIS - Cessation as Employer/Search' is clicked on

2019-01-03 14:07:56 - [MESSAGE][PASSED] - Object: 'Object Repository/Final Object Repo/Page_Form 3 EIS - Cessation as Employer/Search' is clicked on

2019-01-03 14:07:56 - [TEST_STEP][PASSED] - click: Object: 'Object Repository/Final Object Repo/Page_Form 3 EIS - Cessation as Employer/Edit' is clicked on

2019-01-03 14:07:58 - [MESSAGE][PASSED] - Object: 'Object Repository/Final Object Repo/Page_Form 3 EIS - Cessation as Employer/Edit' is clicked on

2019-01-03 14:07:58 - [TEST_STEP][PASSED] - delay: Delayed 1 second(s)

2019-01-03 14:07:59 - [MESSAGE][PASSED] - Delayed 1 second(s)

2019-01-03 14:07:59 - [TEST_STEP][PASSED] - Statement - abc = com.kms.katalon.core.webui.keyword.WebUiBuiltInKeywords.getAttribute(com.kms.katalon.core.testobject.ObjectRepository.findTestObject(Final Object Repo/Page_Form 3 EIS - Cessation as Employer/Employer Status), "value"): Attribute 'value' of object 'Object Repository/Final Object Repo/Page_Form 3 EIS - Cessation as Employer/Employer Status' is: 'Active'

2019-01-03 14:07:59 - [MESSAGE][PASSED] - Attribute 'value' of object 'Object Repository/Final Object Repo/Page_Form 3 EIS - Cessation as Employer/Employer Status' is: 'Active'

2019-01-03 14:07:59 - [TEST_STEP][PASSED] - Statement - out.println(abc): null

2019-01-03 14:07:59 - [TEST_STEP][PASSED] - Statement - If (abc == "Active"): Object: 'Object Repository/Final Object Repo/Page_Form 3 EIS - Cessation as Employer/Dormant EIS' is clicked on

2019-01-03 14:07:59 - [TEST_STEP][PASSED] - click: Object: 'Object Repository/Final Object Repo/Page_Form 3 EIS - Cessation as Employer/Change Employer Status to' is clicked on

2019-01-03 14:08:00 - [MESSAGE][PASSED] - Object: 'Object Repository/Final Object Repo/Page_Form 3 EIS - Cessation as Employer/Change Employer Status to' is clicked on

2019-01-03 14:08:00 - [TEST_STEP][PASSED] - click: Object: 'Object Repository/Final Object Repo/Page_Form 3 EIS - Cessation as Employer/Dormant EIS' is clicked on

2019-01-03 14:08:00 - [MESSAGE][PASSED] - Object: 'Object Repository/Final Object Repo/Page_Form 3 EIS - Cessation as Employer/Dormant EIS' is clicked on

2019-01-03 14:08:00 - [TEST_STEP][PASSED] - click: Object: 'Object Repository/Final Object Repo/Page_Form 3 EIS - Cessation as Employer/Calender' is clicked on

2019-01-03 14:08:00 - [MESSAGE][PASSED] - Object: 'Object Repository/Final Object Repo/Page_Form 3 EIS - Cessation as Employer/Calender' is clicked on

2019-01-03 14:08:00 - [TEST_STEP][PASSED] - delay: Delayed 1 second(s)

2019-01-03 14:08:01 - [MESSAGE][PASSED] - Delayed 1 second(s)

2019-01-03 14:08:01 - [TEST_STEP][PASSED] - click: Object: 'Object Repository/Final Object Repo/Page_Form 3 EIS - Cessation as Employer/Calender - Date' is clicked on

2019-01-03 14:08:01 - [MESSAGE][PASSED] - Object: 'Object Repository/Final Object Repo/Page_Form 3 EIS - Cessation as Employer/Calender - Date' is clicked on

2019-01-03 14:08:01 - [TEST_STEP][PASSED] - click: Object: 'Object Repository/Final Object Repo/Page_Form 3 EIS - Cessation as Employer/Save  Continue in Form 3 EIS Page' is clicked on

2019-01-03 14:08:02 - [MESSAGE][PASSED] - Object: 'Object Repository/Final Object Repo/Page_Form 3 EIS - Cessation as Employer/Save  Continue in Form 3 EIS Page' is clicked on

2019-01-03 14:08:02 - [TEST_STEP][PASSED] - delay: Delayed 1 second(s)

2019-01-03 14:08:03 - [MESSAGE][PASSED] - Delayed 1 second(s)

2019-01-03 14:08:03 - [TEST_STEP][PASSED] - click: Object: 'Object Repository/Final Object Repo/Page_Form 3 EIS - Cessation as Employer/Employment Resign Date' is clicked on

2019-01-03 14:08:03 - [MESSAGE][PASSED] - Object: 'Object Repository/Final Object Repo/Page_Form 3 EIS - Cessation as Employer/Employment Resign Date' is clicked on

2019-01-03 14:08:03 - [TEST_STEP][PASSED] - selectOptionByValue: All options with value '2030' are selected in object 'Object Repository/Final Object Repo/Page_Form 3 EIS - Cessation as Employer/Employment Resign Date - Year' 

2019-01-03 14:08:04 - [MESSAGE][PASSED] - All options with value '2030' are selected in object 'Object Repository/Final Object Repo/Page_Form 3 EIS - Cessation as Employer/Employment Resign Date - Year' 

2019-01-03 14:08:04 - [TEST_STEP][PASSED] - delay: Delayed 2 second(s)

2019-01-03 14:08:06 - [MESSAGE][PASSED] - Delayed 2 second(s)

2019-01-03 14:08:06 - [TEST_STEP][PASSED] - click: Object: 'Object Repository/Final Object Repo/Page_Form 3 EIS - Cessation as Employer/Employment Resign Date - Year - Date' is clicked on

2019-01-03 14:08:06 - [MESSAGE][PASSED] - Object: 'Object Repository/Final Object Repo/Page_Form 3 EIS - Cessation as Employer/Employment Resign Date - Year - Date' is clicked on

2019-01-03 14:08:06 - [TEST_STEP][PASSED] - delay: Delayed 2 second(s)

2019-01-03 14:08:08 - [MESSAGE][PASSED] - Delayed 2 second(s)

2019-01-03 14:08:08 - [TEST_STEP][PASSED] - click: Object: 'Object Repository/Final Object Repo/Page_Form 3 EIS - Cessation as Employer/Save  Continue in Employment Resign Page' is clicked on

2019-01-03 14:08:08 - [MESSAGE][PASSED] - Object: 'Object Repository/Final Object Repo/Page_Form 3 EIS - Cessation as Employer/Save  Continue in Employment Resign Page' is clicked on

2019-01-03 14:08:08 - [TEST_STEP][PASSED] - delay: Delayed 2 second(s)

2019-01-03 14:08:10 - [MESSAGE][PASSED] - Delayed 2 second(s)

2019-01-03 14:08:10 - [TEST_STEP][PASSED] - click: Object: 'Object Repository/Final Object Repo/Page_Form 3 EIS - Cessation as Employer/Set Latest - Yes' is clicked on

2019-01-03 14:08:10 - [MESSAGE][PASSED] - Object: 'Object Repository/Final Object Repo/Page_Form 3 EIS - Cessation as Employer/Set Latest - Yes' is clicked on

2019-01-03 14:08:10 - [TEST_STEP][PASSED] - delay: Delayed 2 second(s)

2019-01-03 14:08:12 - [MESSAGE][PASSED] - Delayed 2 second(s)

2019-01-03 14:08:12 - [TEST_STEP][PASSED] - click: Object: 'Object Repository/Final Object Repo/Page_Form 3 EIS - Cessation as Employer/Add Document' is clicked on

2019-01-03 14:08:14 - [MESSAGE][PASSED] - Object: 'Object Repository/Final Object Repo/Page_Form 3 EIS - Cessation as Employer/Add Document' is clicked on

2019-01-03 14:08:14 - [TEST_STEP][PASSED] - delay: Delayed 3 second(s)

2019-01-03 14:08:17 - [MESSAGE][PASSED] - Delayed 3 second(s)

2019-01-03 14:08:17 - [TEST_STEP][PASSED] - click: Object: 'Object Repository/Final Object Repo/Page_Form 3 EIS - Cessation as Employer/Document Type' is clicked on

2019-01-03 14:08:17 - [MESSAGE][PASSED] - Object: 'Object Repository/Final Object Repo/Page_Form 3 EIS - Cessation as Employer/Document Type' is clicked on

2019-01-03 14:08:17 - [TEST_STEP][PASSED] - click: Object: 'Object Repository/Final Object Repo/Page_Form 3 EIS - Cessation as Employer/Document Type - Form 3' is clicked on

2019-01-03 14:08:17 - [MESSAGE][PASSED] - Object: 'Object Repository/Final Object Repo/Page_Form 3 EIS - Cessation as Employer/Document Type - Form 3' is clicked on

2019-01-03 14:08:17 - [TEST_STEP][PASSED] - delay: Delayed 2 second(s)

2019-01-03 14:08:19 - [MESSAGE][PASSED] - Delayed 2 second(s)

2019-01-03 14:08:19 - [TEST_STEP][PASSED] - sendKeys: Keys 'C:\Users\Public\Pictures\Sample Pictures\Koala.jpg' sent to object: 'Object Repository/Final Object Repo/Page_Form 3 EIS - Cessation as Employer/ploading File'

2019-01-03 14:08:19 - [MESSAGE][PASSED] - Keys 'C:\Users\Public\Pictures\Sample Pictures\Koala.jpg' sent to object: 'Object Repository/Final Object Repo/Page_Form 3 EIS - Cessation as Employer/ploading File'

2019-01-03 14:08:19 - [TEST_STEP][PASSED] - delay: Delayed 1 second(s)

2019-01-03 14:08:20 - [MESSAGE][PASSED] - Delayed 1 second(s)

2019-01-03 14:08:20 - [TEST_STEP][PASSED] - click: Object: 'Object Repository/Final Object Repo/Page_Form 3 EIS - Cessation as Employer/Add Document in Uploading Page' is clicked on

2019-01-03 14:08:20 - [MESSAGE][PASSED] - Object: 'Object Repository/Final Object Repo/Page_Form 3 EIS - Cessation as Employer/Add Document in Uploading Page' is clicked on

2019-01-03 14:08:20 - [TEST_STEP][PASSED] - delay: Delayed 2 second(s)

2019-01-03 14:08:22 - [MESSAGE][PASSED] - Delayed 2 second(s)

2019-01-03 14:08:22 - [TEST_STEP][PASSED] - Statement - CaseReferenceNo = com.kms.katalon.core.webui.keyword.WebUiBuiltInKeywords.getText(com.kms.katalon.core.testobject.ObjectRepository.findTestObject(Final Object Repo/Page_Update Employer Information/Reference Number in Update Employee Information Page)): Text of object 'Object Repository/Final Object Repo/Page_Update Employer Information/Reference Number in Update Employee Information Page' is: 'ERN012019C200002576'

2019-01-03 14:08:24 - [MESSAGE][PASSED] - Text of object 'Object Repository/Final Object Repo/Page_Update Employer Information/Reference Number in Update Employee Information Page' is: 'ERN012019C200002576'

2019-01-03 14:08:24 - [TEST_STEP][PASSED] - callTestCase: Call Test Case 'Test Cases/Final Aug 2018 - PKS Automation/Common/Reference Number Setter' successfully

2019-01-03 14:08:24 - [TEST_CASE][PASSED] - Test Cases/Final Aug 2018 - PKS Automation/Common/Reference Number Setter: Test Cases/Final Aug 2018 - PKS Automation/Common/Reference Number Setter

2019-01-03 14:08:24 - [TEST_STEP][PASSED] - Statement - RefNoOldFile = new java.io.File(C://Users//Admin//Desktop//PKS//Automation Reference Point//KatalonReference.txt): null

2019-01-03 14:08:24 - [TEST_STEP][PASSED] - Statement - RefNoOldFile.delete(): null

2019-01-03 14:08:24 - [TEST_STEP][PASSED] - delay: Delayed 5 second(s)

2019-01-03 14:08:29 - [MESSAGE][PASSED] - Delayed 5 second(s)

2019-01-03 14:08:29 - [TEST_STEP][PASSED] - Statement - RefNo = new java.io.File(C://Users//Admin//Desktop//PKS//Automation Reference Point//KatalonReference.txt): null

2019-01-03 14:08:29 - [TEST_STEP][PASSED] - Statement - f2 = new java.io.FileWriter(RefNo, false): null

2019-01-03 14:08:29 - [TEST_STEP][PASSED] - Statement - f2.write(CaseReferenceNo): null

2019-01-03 14:08:29 - [TEST_STEP][PASSED] - Statement - f2.close(): null

2019-01-03 14:08:29 - [TEST_STEP][PASSED] - Statement - out.println("


" + CaseReferenceNo + "


"): null

2019-01-03 14:08:29 - [MESSAGE][PASSED] - Call Test Case 'Test Cases/Final Aug 2018 - PKS Automation/Common/Reference Number Setter' successfully

2019-01-03 14:08:29 - [TEST_STEP][PASSED] - delay: Delayed 2 second(s)

2019-01-03 14:08:31 - [MESSAGE][PASSED] - Delayed 2 second(s)

2019-01-03 14:08:31 - [TEST_STEP][PASSED] - click: Object: 'Object Repository/Final Object Repo/Page_Form 3 EIS - Cessation as Employer/Save  Continue in Uploading Page' is clicked on

2019-01-03 14:08:32 - [MESSAGE][PASSED] - Object: 'Object Repository/Final Object Repo/Page_Form 3 EIS - Cessation as Employer/Save  Continue in Uploading Page' is clicked on

2019-01-03 14:08:32 - [TEST_STEP][PASSED] - delay: Delayed 2 second(s)

2019-01-03 14:08:34 - [MESSAGE][PASSED] - Delayed 2 second(s)

2019-01-03 14:08:34 - [TEST_STEP][PASSED] - click: Object: 'Object Repository/Final Object Repo/Page_Form 3 EIS - Cessation as Employer/Submit' is clicked on

2019-01-03 14:08:37 - [MESSAGE][PASSED] - Object: 'Object Repository/Final Object Repo/Page_Form 3 EIS - Cessation as Employer/Submit' is clicked on

2019-01-03 14:08:37 - [TEST_STEP][PASSED] - delay: Delayed 2 second(s)

2019-01-03 14:08:39 - [MESSAGE][PASSED] - Delayed 2 second(s)

2019-01-03 14:08:39 - [TEST_STEP][PASSED] - click: Object: 'Object Repository/Final Object Repo/Page_Form 3 EIS - Cessation as Employer/Confirm' is clicked on

2019-01-03 14:08:39 - [MESSAGE][PASSED] - Object: 'Object Repository/Final Object Repo/Page_Form 3 EIS - Cessation as Employer/Confirm' is clicked on

2019-01-03 14:08:39 - [TEST_STEP][PASSED] - delay: Delayed 2 second(s)

2019-01-03 14:08:41 - [MESSAGE][PASSED] - Delayed 2 second(s)

2019-01-03 14:08:41 - [TEST_STEP][PASSED] - click: Object: 'Object Repository/Final Object Repo/Page_Form 3 EIS - Cessation as Employer/Message Your Request will be routed to UO' is clicked on

2019-01-03 14:08:47 - [MESSAGE][PASSED] - Object: 'Object Repository/Final Object Repo/Page_Form 3 EIS - Cessation as Employer/Message Your Request will be routed to UO' is clicked on

2019-01-03 14:08:47 - [TEST_STEP][PASSED] - click: Object: 'Object Repository/Final Object Repo/Page_Form 3 EIS - Cessation as Employer/Letter of acknowledgement' is clicked on

2019-01-03 14:08:50 - [MESSAGE][PASSED] - Object: 'Object Repository/Final Object Repo/Page_Form 3 EIS - Cessation as Employer/Letter of acknowledgement' is clicked on

2019-01-03 14:08:50 - [MESSAGE][PASSED] - Call Test Case 'Test Cases/Final Aug 2018 - PKS Automation/Registration Module/Workflow/Form 3 EIS - Cessation As Employer/Template/Form 3 A - Cessation As Employer (OTC)' successfully

2019-01-03 14:08:50 - [TEST_STEP][PASSED] - callTestCase: Call Test Case 'Test Cases/Final Aug 2018 - PKS Automation/Registration Module/Workflow/Form 3 EIS - Cessation As Employer/Template/Form 3 A - Cessation As Employer (Query)' successfully

2019-01-03 14:08:50 - [TEST_CASE][PASSED] - Test Cases/Final Aug 2018 - PKS Automation/Registration Module/Workflow/Form 3 EIS - Cessation As Employer/Template/Form 3 A - Cessation As Employer (Query): Test Cases/Final Aug 2018 - PKS Automation/Registration Module/Workflow/Form 3 EIS - Cessation As Employer/Template/Form 3 A - Cessation As Employer (Query)

2019-01-03 14:08:50 - [TEST_STEP][NOT_RUN] - callTestCase: NOT_RUN: callTestCase

2019-01-03 14:08:50 - [MESSAGE][NOT_RUN] - NOT_RUN: callTestCase

2019-01-03 14:08:50 - [TEST_STEP][PASSED] - delay: Delayed 1 second(s)

2019-01-03 14:08:51 - [MESSAGE][PASSED] - Delayed 1 second(s)

2019-01-03 14:08:51 - [TEST_STEP][PASSED] - navigateToUrl: Navigate to 'https://assist2-uat.perkeso.gov.my/c/portal/logout' successfully

2019-01-03 14:08:52 - [MESSAGE][PASSED] - Navigate to 'https://assist2-uat.perkeso.gov.my/c/portal/logout' successfully

2019-01-03 14:08:52 - [TEST_STEP][PASSED] - delay: Delayed 1 second(s)

2019-01-03 14:08:53 - [MESSAGE][PASSED] - Delayed 1 second(s)

2019-01-03 14:08:53 - [TEST_STEP][PASSED] - callTestCase: Call Test Case 'Test Cases/Final Aug 2018 - PKS Automation/Common/Reference Number Getter' successfully

2019-01-03 14:08:53 - [TEST_CASE][PASSED] - Test Cases/Final Aug 2018 - PKS Automation/Common/Reference Number Getter: Test Cases/Final Aug 2018 - PKS Automation/Common/Reference Number Getter

2019-01-03 14:08:53 - [TEST_STEP][PASSED] - Statement - Try: null

2019-01-03 14:08:53 - [TEST_STEP][PASSED] - Statement - RefNo = new java.io.File(C://Users//Admin//Desktop//PKS//Automation Reference Point//KatalonReference.txt): null

2019-01-03 14:08:53 - [TEST_STEP][PASSED] - Statement - bufferread = new java.io.BufferedReader(new java.io.FileReader(RefNo)): null

2019-01-03 14:08:53 - [TEST_STEP][PASSED] - Statement - readedVal = bufferread.readLine(): null

2019-01-03 14:08:53 - [TEST_STEP][PASSED] - Statement - out.println(CaseReferenceNo): null

2019-01-03 14:08:53 - [TEST_STEP][PASSED] - Statement - out.println(readedVal): null

2019-01-03 14:08:53 - [TEST_STEP][PASSED] - Statement - CaseReferenceNo = "": null

2019-01-03 14:08:53 - [TEST_STEP][PASSED] - Statement - CaseReferenceNo = readedVal: null

2019-01-03 14:08:53 - [MESSAGE][PASSED] - Call Test Case 'Test Cases/Final Aug 2018 - PKS Automation/Common/Reference Number Getter' successfully

2019-01-03 14:08:53 - [TEST_STEP][PASSED] - callTestCase: Call Test Case 'Test Cases/Final Aug 2018 - PKS Automation/Common/Workflow Owner Finder' successfully

2019-01-03 14:08:53 - [TEST_CASE][PASSED] - Test Cases/Final Aug 2018 - PKS Automation/Common/Workflow Owner Finder: Test Cases/Final Aug 2018 - PKS Automation/Common/Workflow Owner Finder

2019-01-03 14:08:54 - [TEST_STEP][PASSED] - openBrowser: Browser is opened with url: ''

2019-01-03 14:08:54 - [MESSAGE][WARNING] - A browser is already opened. Closing browser and opening a new one

2019-01-03 14:08:58 - [MESSAGE][PASSED] - Browser is opened with url: ''

2019-01-03 14:08:58 - [TEST_STEP][PASSED] - navigateToUrl: Navigate to 'https://assist2-uat.perkeso.gov.my/login' successfully

2019-01-03 14:08:58 - [MESSAGE][PASSED] - Navigate to 'https://assist2-uat.perkeso.gov.my/login' successfully

2019-01-03 14:08:58 - [TEST_STEP][PASSED] - delay: Delayed 5 second(s)

2019-01-03 14:09:03 - [MESSAGE][PASSED] - Delayed 5 second(s)

2019-01-03 14:09:03 - [TEST_STEP][PASSED] - setText: Text 'test@liferay.com' is set on object 'Object Repository/Final Object Repo/Login Page/Internal User/Email Address'

2019-01-03 14:09:04 - [MESSAGE][PASSED] - Text 'test@liferay.com' is set on object 'Object Repository/Final Object Repo/Login Page/Internal User/Email Address'

2019-01-03 14:09:04 - [TEST_STEP][PASSED] - click: Object: 'Object Repository/Final Object Repo/Login Page/Internal User/Next Button' is clicked on

2019-01-03 14:09:04 - [MESSAGE][PASSED] - Object: 'Object Repository/Final Object Repo/Login Page/Internal User/Next Button' is clicked on

2019-01-03 14:09:04 - [TEST_STEP][PASSED] - delay: Delayed 2 second(s)

2019-01-03 14:09:06 - [MESSAGE][PASSED] - Delayed 2 second(s)

2019-01-03 14:09:06 - [TEST_STEP][PASSED] - setText: Text 'test' is set on object 'Object Repository/Final Object Repo/Login Page/Internal User/Password'

2019-01-03 14:09:06 - [MESSAGE][PASSED] - Text 'test' is set on object 'Object Repository/Final Object Repo/Login Page/Internal User/Password'

2019-01-03 14:09:06 - [TEST_STEP][PASSED] - delay: Delayed 2 second(s)

2019-01-03 14:09:08 - [MESSAGE][PASSED] - Delayed 2 second(s)

2019-01-03 14:09:08 - [TEST_STEP][PASSED] - click: Object: 'Object Repository/Final Object Repo/Login Page/Internal User/Login Button' is clicked on

2019-01-03 14:09:08 - [MESSAGE][PASSED] - Object: 'Object Repository/Final Object Repo/Login Page/Internal User/Login Button' is clicked on

2019-01-03 14:09:08 - [TEST_STEP][PASSED] - Statement - tester = com.kms.katalon.core.testobject.ObjectRepository.findTestObject(Final Object Repo/Landing Page/Select to English): Finding Test Object with id 'Object Repository/Final Object Repo/Landing Page/Select to English'

2019-01-03 14:09:08 - [TEST_STEP][PASSED] - Statement - Try: Delayed 2 second(s)

2019-01-03 14:09:08 - [TEST_STEP][PASSED] - Statement - Checker = com.kms.katalon.core.webui.keyword.WebUiBuiltInKeywords.verifyElementNotPresent(tester, 3): Web element with id: 'Object Repository/Final Object Repo/Landing Page/Select to English' located by 'By.xpath: //a[@class = 'taglib-language-list-text' and @lang = 'en-US' and (contains(text(), 'EN') or contains(., 'EN'))]' is not present after '3' second(s)

2019-01-03 14:09:10 - [MESSAGE][PASSED] - Web element with id: 'Object Repository/Final Object Repo/Landing Page/Select to English' located by 'By.xpath: //a[@class = 'taglib-language-list-text' and @lang = 'en-US' and (contains(text(), 'EN') or contains(., 'EN'))]' is not present after '3' second(s)

2019-01-03 14:09:10 - [TEST_STEP][PASSED] - Statement - If (Checker == false): null

2019-01-03 14:09:10 - [TEST_STEP][PASSED] - delay: Delayed 2 second(s)

2019-01-03 14:09:12 - [MESSAGE][PASSED] - Delayed 2 second(s)

2019-01-03 14:09:12 - [TEST_STEP][PASSED] - delay: Delayed 5 second(s)

2019-01-03 14:09:17 - [MESSAGE][PASSED] - Delayed 5 second(s)

2019-01-03 14:09:17 - [TEST_STEP][PASSED] - mouseOver: Object: 'Object Repository/Final Object Repo/Landing Page/WorkFlow Menu' is hovered

2019-01-03 14:09:17 - [MESSAGE][PASSED] - Object: 'Object Repository/Final Object Repo/Landing Page/WorkFlow Menu' is hovered

2019-01-03 14:09:17 - [TEST_STEP][PASSED] - delay: Delayed 2 second(s)

2019-01-03 14:09:19 - [MESSAGE][PASSED] - Delayed 2 second(s)

2019-01-03 14:09:19 - [TEST_STEP][PASSED] - click: Object: 'Object Repository/Final Object Repo/Landing Page/Select to Workflow Listing' is clicked on

2019-01-03 14:09:21 - [MESSAGE][PASSED] - Object: 'Object Repository/Final Object Repo/Landing Page/Select to Workflow Listing' is clicked on

2019-01-03 14:09:21 - [TEST_STEP][PASSED] - delay: Delayed 2 second(s)

2019-01-03 14:09:23 - [MESSAGE][PASSED] - Delayed 2 second(s)

2019-01-03 14:09:23 - [TEST_STEP][PASSED] - click: Object: 'Object Repository/Final Object Repo/WorkFlow Listing Page/Search Information - To Put Ref No' is clicked on

2019-01-03 14:09:23 - [MESSAGE][PASSED] - Object: 'Object Repository/Final Object Repo/WorkFlow Listing Page/Search Information - To Put Ref No' is clicked on

2019-01-03 14:09:23 - [TEST_STEP][PASSED] - delay: Delayed 2 second(s)

2019-01-03 14:09:25 - [MESSAGE][PASSED] - Delayed 2 second(s)

2019-01-03 14:09:25 - [TEST_STEP][PASSED] - callTestCase: Call Test Case 'Test Cases/Final Aug 2018 - PKS Automation/Common/Reference Number Getter' successfully

2019-01-03 14:09:25 - [TEST_CASE][PASSED] - Test Cases/Final Aug 2018 - PKS Automation/Common/Reference Number Getter: Test Cases/Final Aug 2018 - PKS Automation/Common/Reference Number Getter

2019-01-03 14:09:25 - [TEST_STEP][PASSED] - Statement - Try: null

2019-01-03 14:09:25 - [TEST_STEP][PASSED] - Statement - RefNo = new java.io.File(C://Users//Admin//Desktop//PKS//Automation Reference Point//KatalonReference.txt): null

2019-01-03 14:09:25 - [TEST_STEP][PASSED] - Statement - bufferread = new java.io.BufferedReader(new java.io.FileReader(RefNo)): null

2019-01-03 14:09:25 - [TEST_STEP][PASSED] - Statement - readedVal = bufferread.readLine(): null

2019-01-03 14:09:25 - [TEST_STEP][PASSED] - Statement - out.println(CaseReferenceNo): null

2019-01-03 14:09:25 - [TEST_STEP][PASSED] - Statement - out.println(readedVal): null

2019-01-03 14:09:25 - [TEST_STEP][PASSED] - Statement - CaseReferenceNo = "": null

2019-01-03 14:09:25 - [TEST_STEP][PASSED] - Statement - CaseReferenceNo = readedVal: null

2019-01-03 14:09:25 - [MESSAGE][PASSED] - Call Test Case 'Test Cases/Final Aug 2018 - PKS Automation/Common/Reference Number Getter' successfully

2019-01-03 14:09:25 - [TEST_STEP][PASSED] - setText: Text 'ERN012019C200002576' is set on object 'Object Repository/Final Object Repo/WorkFlow Listing Page/Ref No Set Text'

2019-01-03 14:09:25 - [MESSAGE][PASSED] - Text 'ERN012019C200002576' is set on object 'Object Repository/Final Object Repo/WorkFlow Listing Page/Ref No Set Text'

2019-01-03 14:09:25 - [TEST_STEP][PASSED] - delay: Delayed 2 second(s)

2019-01-03 14:09:27 - [MESSAGE][PASSED] - Delayed 2 second(s)

2019-01-03 14:09:27 - [TEST_STEP][PASSED] - click: Object: 'Object Repository/Final Object Repo/WorkFlow Listing Page/Search Ref No Search Button' is clicked on

2019-01-03 14:09:28 - [MESSAGE][PASSED] - Object: 'Object Repository/Final Object Repo/WorkFlow Listing Page/Search Ref No Search Button' is clicked on

2019-01-03 14:09:28 - [TEST_STEP][PASSED] - delay: Delayed 6 second(s)

2019-01-03 14:09:34 - [MESSAGE][PASSED] - Delayed 6 second(s)

2019-01-03 14:09:34 - [TEST_STEP][PASSED] - click: Object: 'Object Repository/Final Object Repo/WorkFlow Listing Page/Click Continue Tooltip' is clicked on

2019-01-03 14:09:35 - [MESSAGE][PASSED] - Object: 'Object Repository/Final Object Repo/WorkFlow Listing Page/Click Continue Tooltip' is clicked on

2019-01-03 14:09:35 - [TEST_STEP][PASSED] - delay: Delayed 5 second(s)

2019-01-03 14:09:40 - [MESSAGE][PASSED] - Delayed 5 second(s)

2019-01-03 14:09:40 - [TEST_STEP][PASSED] - doubleClick: Object: 'Object Repository/Final Object Repo/WorkFlow Listing Page/Workflow Found - Listing 1' is double clicked on

2019-01-03 14:09:40 - [MESSAGE][PASSED] - Object: 'Object Repository/Final Object Repo/WorkFlow Listing Page/Workflow Found - Listing 1' is double clicked on

2019-01-03 14:09:40 - [TEST_STEP][PASSED] - Statement - println(OwnerID): null

2019-01-03 14:09:40 - [TEST_STEP][PASSED] - Statement - OwnerID = com.kms.katalon.core.webui.keyword.WebUiBuiltInKeywords.getText(com.kms.katalon.core.testobject.ObjectRepository.findTestObject(Final Object Repo/WorkFlow Listing Page/Workflow Found - Listing 1), STOP_ON_FAILURE): Text of object 'Object Repository/Final Object Repo/WorkFlow Listing Page/Workflow Found - Listing 1' is: 'JOHORuo1'

2019-01-03 14:09:40 - [MESSAGE][PASSED] - Text of object 'Object Repository/Final Object Repo/WorkFlow Listing Page/Workflow Found - Listing 1' is: 'JOHORuo1'

2019-01-03 14:09:40 - [TEST_STEP][PASSED] - Statement - OwnerID = OwnerID.toLowerCase() + "@gmail.com": null

2019-01-03 14:09:40 - [TEST_STEP][PASSED] - Statement - println(OwnerID): null

2019-01-03 14:09:40 - [TEST_STEP][PASSED] - delay: Delayed 2 second(s)

2019-01-03 14:09:42 - [MESSAGE][PASSED] - Delayed 2 second(s)

2019-01-03 14:09:42 - [MESSAGE][PASSED] - Call Test Case 'Test Cases/Final Aug 2018 - PKS Automation/Common/Workflow Owner Finder' successfully

2019-01-03 14:09:42 - [TEST_STEP][PASSED] - delay: Delayed 1 second(s)

2019-01-03 14:09:43 - [MESSAGE][PASSED] - Delayed 1 second(s)

2019-01-03 14:09:43 - [TEST_STEP][PASSED] - navigateToUrl: Navigate to 'https://assist2-uat.perkeso.gov.my/c/portal/logout' successfully

2019-01-03 14:09:44 - [MESSAGE][PASSED] - Navigate to 'https://assist2-uat.perkeso.gov.my/c/portal/logout' successfully

2019-01-03 14:09:44 - [TEST_STEP][PASSED] - delay: Delayed 1 second(s)

2019-01-03 14:09:45 - [MESSAGE][PASSED] - Delayed 1 second(s)

2019-01-03 14:09:45 - [TEST_STEP][PASSED] - callTestCase: Call Test Case 'Test Cases/Final Aug 2018 - PKS Automation/Registration Module/Workflow/Login and Search Case For Workflow' successfully

2019-01-03 14:09:45 - [TEST_CASE][PASSED] - Test Cases/Final Aug 2018 - PKS Automation/Registration Module/Workflow/Login and Search Case For Workflow: Test Cases/Final Aug 2018 - PKS Automation/Registration Module/Workflow/Login and Search Case For Workflow

2019-01-03 14:09:45 - [TEST_STEP][PASSED] - navigateToUrl: Navigate to 'https://assist2-uat.perkeso.gov.my/login' successfully

2019-01-03 14:09:46 - [MESSAGE][PASSED] - Navigate to 'https://assist2-uat.perkeso.gov.my/login' successfully

2019-01-03 14:09:46 - [TEST_STEP][PASSED] - setText: Text 'johoruo1@gmail.com' is set on object 'Object Repository/Final Object Repo/Login Page/Internal User/Email Address'

2019-01-03 14:09:46 - [MESSAGE][PASSED] - Text 'johoruo1@gmail.com' is set on object 'Object Repository/Final Object Repo/Login Page/Internal User/Email Address'

2019-01-03 14:09:46 - [TEST_STEP][PASSED] - click: Object: 'Object Repository/Final Object Repo/Login Page/Internal User/Next Button' is clicked on

2019-01-03 14:09:46 - [MESSAGE][PASSED] - Object: 'Object Repository/Final Object Repo/Login Page/Internal User/Next Button' is clicked on

2019-01-03 14:09:46 - [TEST_STEP][PASSED] - delay: Delayed 1 second(s)

2019-01-03 14:09:47 - [MESSAGE][PASSED] - Delayed 1 second(s)

2019-01-03 14:09:47 - [TEST_STEP][PASSED] - setEncryptedText: Text ****** has been set on object 'Object Repository/Final Object Repo/Login Page/Internal User/Password'

2019-01-03 14:09:47 - [MESSAGE][PASSED] - Text ****** has been set on object 'Object Repository/Final Object Repo/Login Page/Internal User/Password'

2019-01-03 14:09:47 - [TEST_STEP][PASSED] - click: Object: 'Object Repository/Final Object Repo/Login Page/Internal User/Login Button' is clicked on

2019-01-03 14:09:47 - [MESSAGE][PASSED] - Object: 'Object Repository/Final Object Repo/Login Page/Internal User/Login Button' is clicked on

2019-01-03 14:09:47 - [TEST_STEP][PASSED] - delay: Delayed 2 second(s)

2019-01-03 14:09:49 - [MESSAGE][PASSED] - Delayed 2 second(s)

2019-01-03 14:09:49 - [TEST_STEP][PASSED] - Statement - Try: Delayed 2 second(s)

2019-01-03 14:09:49 - [TEST_STEP][PASSED] - Statement - Checker = false: null

2019-01-03 14:09:49 - [TEST_STEP][PASSED] - Statement - Checker = com.kms.katalon.core.webui.keyword.WebUiBuiltInKeywords.verifyElementHasAttribute(com.kms.katalon.core.testobject.ObjectRepository.findTestObject(Final Object Repo/Landing Page/BM Detecting), "href", 20, OPTIONAL): Object 'Object Repository/Final Object Repo/Landing Page/BM Detecting' has attribute 'href'

2019-01-03 14:09:49 - [MESSAGE][PASSED] - Object 'Object Repository/Final Object Repo/Landing Page/BM Detecting' has attribute 'href'

2019-01-03 14:09:49 - [TEST_STEP][PASSED] - Statement - out.println(Checker): null

2019-01-03 14:09:49 - [TEST_STEP][PASSED] - Statement - If (Checker == false): null

2019-01-03 14:09:49 - [TEST_STEP][PASSED] - Statement - Else: null

2019-01-03 14:09:49 - [TEST_STEP][PASSED] - delay: Delayed 2 second(s)

2019-01-03 14:09:51 - [MESSAGE][PASSED] - Delayed 2 second(s)

2019-01-03 14:09:51 - [TEST_STEP][PASSED] - click: Object: 'Object Repository/Final Object Repo/Page_MyASSIST - ASSIST - Search Pending Case For Add Supporting Document/Search Information' is clicked on

2019-01-03 14:09:52 - [MESSAGE][PASSED] - Object: 'Object Repository/Final Object Repo/Page_MyASSIST - ASSIST - Search Pending Case For Add Supporting Document/Search Information' is clicked on

2019-01-03 14:09:52 - [TEST_STEP][PASSED] - delay: Delayed 3 second(s)

2019-01-03 14:09:55 - [MESSAGE][PASSED] - Delayed 3 second(s)

2019-01-03 14:09:55 - [TEST_STEP][PASSED] - sendKeys: Keys 'ERN012019C200002576' sent to object: 'Object Repository/Final Object Repo/Page_MyASSIST - ASSIST - Search Pending Case For Add Supporting Document/Reference No'

2019-01-03 14:09:55 - [MESSAGE][PASSED] - Keys 'ERN012019C200002576' sent to object: 'Object Repository/Final Object Repo/Page_MyASSIST - ASSIST - Search Pending Case For Add Supporting Document/Reference No'

2019-01-03 14:09:55 - [TEST_STEP][PASSED] - click: Object: 'Object Repository/Final Object Repo/Page_MyASSIST - ASSIST - Search Pending Case For Add Supporting Document/Search Reference No' is clicked on

2019-01-03 14:09:55 - [MESSAGE][PASSED] - Object: 'Object Repository/Final Object Repo/Page_MyASSIST - ASSIST - Search Pending Case For Add Supporting Document/Search Reference No' is clicked on

2019-01-03 14:09:55 - [TEST_STEP][PASSED] - delay: Delayed 2 second(s)

2019-01-03 14:09:57 - [MESSAGE][PASSED] - Delayed 2 second(s)

2019-01-03 14:09:57 - [TEST_STEP][PASSED] - click: Object: 'Object Repository/Final Object Repo/Page_MyASSIST - ASSIST - Search Pending Case For Add Supporting Document/Continue' is clicked on

2019-01-03 14:10:01 - [MESSAGE][PASSED] - Object: 'Object Repository/Final Object Repo/Page_MyASSIST - ASSIST - Search Pending Case For Add Supporting Document/Continue' is clicked on

2019-01-03 14:10:01 - [TEST_STEP][PASSED] - delay: Delayed 20 second(s)

2019-01-03 14:10:21 - [MESSAGE][PASSED] - Delayed 20 second(s)

2019-01-03 14:10:21 - [MESSAGE][PASSED] - Call Test Case 'Test Cases/Final Aug 2018 - PKS Automation/Registration Module/Workflow/Login and Search Case For Workflow' successfully

2019-01-03 14:10:21 - [TEST_STEP][PASSED] - click: Object: 'Object Repository/Final Object Repo/Page_Form 3 EIS - Cessation as Employer/Page_Form 3 EIS - Cessation as Employer (Approve)/Save  Continue in Form 3 Page' is clicked on

2019-01-03 14:10:21 - [MESSAGE][PASSED] - Object: 'Object Repository/Final Object Repo/Page_Form 3 EIS - Cessation as Employer/Page_Form 3 EIS - Cessation as Employer (Approve)/Save  Continue in Form 3 Page' is clicked on

2019-01-03 14:10:21 - [TEST_STEP][PASSED] - delay: Delayed 4 second(s)

2019-01-03 14:10:25 - [MESSAGE][PASSED] - Delayed 4 second(s)

2019-01-03 14:10:25 - [TEST_STEP][PASSED] - click: Object: 'Object Repository/Final Object Repo/Page_Form 3 EIS - Cessation as Employer/Page_Form 3 EIS - Cessation as Employer (Approve)/Save  Continue in Resigned Page' is clicked on

2019-01-03 14:10:25 - [MESSAGE][PASSED] - Object: 'Object Repository/Final Object Repo/Page_Form 3 EIS - Cessation as Employer/Page_Form 3 EIS - Cessation as Employer (Approve)/Save  Continue in Resigned Page' is clicked on

2019-01-03 14:10:25 - [TEST_STEP][PASSED] - delay: Delayed 2 second(s)

2019-01-03 14:10:27 - [MESSAGE][PASSED] - Delayed 2 second(s)

2019-01-03 14:10:27 - [TEST_STEP][PASSED] - setText: Text 'Remark' is set on object 'Object Repository/Final Object Repo/Page_Form 3 EIS - Cessation as Employer/Page_Form 3 EIS - Cessation as Employer (Query)/Query - Remark'

2019-01-03 14:10:29 - [MESSAGE][PASSED] - Text 'Remark' is set on object 'Object Repository/Final Object Repo/Page_Form 3 EIS - Cessation as Employer/Page_Form 3 EIS - Cessation as Employer (Query)/Query - Remark'

2019-01-03 14:10:29 - [TEST_STEP][PASSED] - delay: Delayed 2 second(s)

2019-01-03 14:10:31 - [MESSAGE][PASSED] - Delayed 2 second(s)

2019-01-03 14:10:31 - [TEST_STEP][PASSED] - click: Object: 'Object Repository/Final Object Repo/Page_Form 3 EIS - Cessation as Employer/Page_Form 3 EIS - Cessation as Employer (Query)/Save  Continue' is clicked on

2019-01-03 14:10:31 - [MESSAGE][PASSED] - Object: 'Object Repository/Final Object Repo/Page_Form 3 EIS - Cessation as Employer/Page_Form 3 EIS - Cessation as Employer (Query)/Save  Continue' is clicked on

2019-01-03 14:10:31 - [TEST_STEP][PASSED] - delay: Delayed 2 second(s)

2019-01-03 14:10:33 - [MESSAGE][PASSED] - Delayed 2 second(s)

2019-01-03 14:10:33 - [TEST_STEP][PASSED] - click: Object: 'Object Repository/Final Object Repo/Page_Form 3 EIS - Cessation as Employer/Page_Form 3 EIS - Cessation as Employer (Query)/Query' is clicked on

2019-01-03 14:10:36 - [MESSAGE][PASSED] - Object: 'Object Repository/Final Object Repo/Page_Form 3 EIS - Cessation as Employer/Page_Form 3 EIS - Cessation as Employer (Query)/Query' is clicked on

2019-01-03 14:10:36 - [TEST_STEP][PASSED] - delay: Delayed 2 second(s)

2019-01-03 14:10:38 - [MESSAGE][PASSED] - Delayed 2 second(s)

2019-01-03 14:10:38 - [TEST_STEP][PASSED] - click: Object: 'Object Repository/Final Object Repo/Page_Form 3 EIS - Cessation as Employer/Page_Form 3 EIS - Cessation as Employer (Query)/Confirm' is clicked on

2019-01-03 14:10:45 - [MESSAGE][PASSED] - Object: 'Object Repository/Final Object Repo/Page_Form 3 EIS - Cessation as Employer/Page_Form 3 EIS - Cessation as Employer (Query)/Confirm' is clicked on

2019-01-03 14:10:45 - [TEST_STEP][PASSED] - delay: Delayed 2 second(s)

2019-01-03 14:10:47 - [MESSAGE][PASSED] - Delayed 2 second(s)

2019-01-03 14:10:47 - [TEST_STEP][PASSED] - click: Object: 'Object Repository/Final Object Repo/Page_Form 3 EIS - Cessation as Employer/Page_Form 3 EIS - Cessation as Employer (Query)/Message The Case Is Under Query' is clicked on

2019-01-03 14:10:47 - [MESSAGE][PASSED] - Object: 'Object Repository/Final Object Repo/Page_Form 3 EIS - Cessation as Employer/Page_Form 3 EIS - Cessation as Employer (Query)/Message The Case Is Under Query' is clicked on

2019-01-03 14:10:47 - [TEST_STEP][PASSED] - click: Object: 'Object Repository/Final Object Repo/Page_Form 3 EIS - Cessation as Employer/Page_Form 3 EIS - Cessation as Employer (Query)/Letter of inquiry' is clicked on

2019-01-03 14:10:48 - [MESSAGE][PASSED] - Object: 'Object Repository/Final Object Repo/Page_Form 3 EIS - Cessation as Employer/Page_Form 3 EIS - Cessation as Employer (Query)/Letter of inquiry' is clicked on

2019-01-03 14:10:48 - [TEST_STEP][PASSED] - delay: Delayed 1 second(s)

2019-01-03 14:10:49 - [MESSAGE][PASSED] - Delayed 1 second(s)

2019-01-03 14:10:49 - [TEST_STEP][PASSED] - navigateToUrl: Navigate to 'https://assist2-uat.perkeso.gov.my/c/portal/logout' successfully

2019-01-03 14:10:50 - [MESSAGE][PASSED] - Navigate to 'https://assist2-uat.perkeso.gov.my/c/portal/logout' successfully

2019-01-03 14:10:50 - [TEST_STEP][PASSED] - delay: Delayed 1 second(s)

2019-01-03 14:10:51 - [MESSAGE][PASSED] - Delayed 1 second(s)

2019-01-03 14:10:51 - [TEST_STEP][PASSED] - callTestCase: Call Test Case 'Test Cases/Final Aug 2018 - PKS Automation/Registration Module/Workflow/Search Pending Case For Add Supporting Document (OTC)' successfully

2019-01-03 14:10:51 - [TEST_CASE][PASSED] - Test Cases/Final Aug 2018 - PKS Automation/Registration Module/Workflow/Search Pending Case For Add Supporting Document (OTC): Test Cases/Final Aug 2018 - PKS Automation/Registration Module/Workflow/Search Pending Case For Add Supporting Document (OTC)

2019-01-03 14:10:51 - [TEST_STEP][PASSED] - openBrowser: Browser is opened with url: ''

2019-01-03 14:10:51 - [MESSAGE][WARNING] - A browser is already opened. Closing browser and opening a new one

2019-01-03 14:10:55 - [MESSAGE][PASSED] - Browser is opened with url: ''

2019-01-03 14:10:55 - [TEST_STEP][PASSED] - navigateToUrl: Navigate to 'https://assist2-uat.perkeso.gov.my/login' successfully

2019-01-03 14:10:56 - [MESSAGE][PASSED] - Navigate to 'https://assist2-uat.perkeso.gov.my/login' successfully

2019-01-03 14:10:56 - [TEST_STEP][PASSED] - setText: Text 'johorotc1@gmail.com' is set on object 'Object Repository/Final Object Repo/Login Page/Internal User/Email Address'

2019-01-03 14:10:56 - [MESSAGE][PASSED] - Text 'johorotc1@gmail.com' is set on object 'Object Repository/Final Object Repo/Login Page/Internal User/Email Address'

2019-01-03 14:10:56 - [TEST_STEP][PASSED] - click: Object: 'Object Repository/Final Object Repo/Login Page/Internal User/Next Button' is clicked on

2019-01-03 14:10:56 - [MESSAGE][PASSED] - Object: 'Object Repository/Final Object Repo/Login Page/Internal User/Next Button' is clicked on

2019-01-03 14:10:56 - [TEST_STEP][PASSED] - delay: Delayed 1 second(s)

2019-01-03 14:10:57 - [MESSAGE][PASSED] - Delayed 1 second(s)

2019-01-03 14:10:57 - [TEST_STEP][PASSED] - setEncryptedText: Text ****** has been set on object 'Object Repository/Final Object Repo/Login Page/Internal User/Password'

2019-01-03 14:10:58 - [MESSAGE][PASSED] - Text ****** has been set on object 'Object Repository/Final Object Repo/Login Page/Internal User/Password'

2019-01-03 14:10:58 - [TEST_STEP][PASSED] - click: Object: 'Object Repository/Final Object Repo/Login Page/Internal User/Login Button' is clicked on

2019-01-03 14:10:58 - [MESSAGE][PASSED] - Object: 'Object Repository/Final Object Repo/Login Page/Internal User/Login Button' is clicked on

2019-01-03 14:10:58 - [TEST_STEP][PASSED] - delay: Delayed 1 second(s)

2019-01-03 14:10:59 - [MESSAGE][PASSED] - Delayed 1 second(s)

2019-01-03 14:10:59 - [TEST_STEP][PASSED] - Statement - Try: Delayed 2 second(s)

2019-01-03 14:10:59 - [TEST_STEP][PASSED] - Statement - Checker = false: null

2019-01-03 14:10:59 - [TEST_STEP][PASSED] - Statement - Checker = com.kms.katalon.core.webui.keyword.WebUiBuiltInKeywords.verifyElementHasAttribute(com.kms.katalon.core.testobject.ObjectRepository.findTestObject(Final Object Repo/Landing Page/BM Detecting), "href", 20, OPTIONAL): Object 'Object Repository/Final Object Repo/Landing Page/BM Detecting' has attribute 'href'

2019-01-03 14:11:00 - [MESSAGE][PASSED] - Object 'Object Repository/Final Object Repo/Landing Page/BM Detecting' has attribute 'href'

2019-01-03 14:11:00 - [TEST_STEP][PASSED] - Statement - out.println(Checker): null

2019-01-03 14:11:00 - [TEST_STEP][PASSED] - Statement - If (Checker == false): null

2019-01-03 14:11:00 - [TEST_STEP][PASSED] - Statement - Else: null

2019-01-03 14:11:00 - [TEST_STEP][PASSED] - delay: Delayed 2 second(s)

2019-01-03 14:11:02 - [MESSAGE][PASSED] - Delayed 2 second(s)

2019-01-03 14:11:02 - [TEST_STEP][PASSED] - navigateToUrl: Navigate to 'https://assist2-uat.perkeso.gov.my/web/registration/search/search-pending-case-for-add-supporting-document' successfully

2019-01-03 14:11:03 - [MESSAGE][PASSED] - Navigate to 'https://assist2-uat.perkeso.gov.my/web/registration/search/search-pending-case-for-add-supporting-document' successfully

2019-01-03 14:11:03 - [TEST_STEP][PASSED] - click: Object: 'Object Repository/Final Object Repo/Page_Search Pending Case For Add Suporting Document/Search By' is clicked on

2019-01-03 14:11:03 - [MESSAGE][PASSED] - Object: 'Object Repository/Final Object Repo/Page_Search Pending Case For Add Suporting Document/Search By' is clicked on

2019-01-03 14:11:03 - [TEST_STEP][PASSED] - click: Object: 'Object Repository/Final Object Repo/Page_Search Pending Case For Add Suporting Document/Search By - Reference ID' is clicked on

2019-01-03 14:11:03 - [MESSAGE][PASSED] - Object: 'Object Repository/Final Object Repo/Page_Search Pending Case For Add Suporting Document/Search By - Reference ID' is clicked on

2019-01-03 14:11:03 - [TEST_STEP][PASSED] - delay: Delayed 2 second(s)

2019-01-03 14:11:05 - [MESSAGE][PASSED] - Delayed 2 second(s)

2019-01-03 14:11:05 - [TEST_STEP][PASSED] - setText: Text 'ERN012019C200002576' is set on object 'Object Repository/Final Object Repo/Page_Search Pending Case For Add Suporting Document/Reference ID'

2019-01-03 14:11:05 - [MESSAGE][PASSED] - Text 'ERN012019C200002576' is set on object 'Object Repository/Final Object Repo/Page_Search Pending Case For Add Suporting Document/Reference ID'

2019-01-03 14:11:05 - [TEST_STEP][PASSED] - click: Object: 'Object Repository/Final Object Repo/Page_Search Pending Case For Add Suporting Document/Search' is clicked on

2019-01-03 14:11:05 - [MESSAGE][PASSED] - Object: 'Object Repository/Final Object Repo/Page_Search Pending Case For Add Suporting Document/Search' is clicked on

2019-01-03 14:11:05 - [TEST_STEP][PASSED] - delay: Delayed 2 second(s)

2019-01-03 14:11:07 - [MESSAGE][PASSED] - Delayed 2 second(s)

2019-01-03 14:11:07 - [TEST_STEP][PASSED] - click: Object: 'Object Repository/Final Object Repo/Page_Search Pending Case For Add Suporting Document/Edit' is clicked on

2019-01-03 14:11:10 - [MESSAGE][PASSED] - Object: 'Object Repository/Final Object Repo/Page_Search Pending Case For Add Suporting Document/Edit' is clicked on

2019-01-03 14:11:10 - [MESSAGE][PASSED] - Call Test Case 'Test Cases/Final Aug 2018 - PKS Automation/Registration Module/Workflow/Search Pending Case For Add Supporting Document (OTC)' successfully

2019-01-03 14:11:10 - [TEST_STEP][PASSED] - delay: Delayed 2 second(s)

2019-01-03 14:11:12 - [MESSAGE][PASSED] - Delayed 2 second(s)

2019-01-03 14:11:12 - [TEST_STEP][PASSED] - click: Object: 'Object Repository/Final Object Repo/Page_Form 3 EIS - Cessation as Employer/Page_Form 3 EIS - Cessation as Employer (Query - OTC - UO)/Next' is clicked on

2019-01-03 14:11:14 - [MESSAGE][PASSED] - Object: 'Object Repository/Final Object Repo/Page_Form 3 EIS - Cessation as Employer/Page_Form 3 EIS - Cessation as Employer (Query - OTC - UO)/Next' is clicked on

2019-01-03 14:11:14 - [TEST_STEP][PASSED] - delay: Delayed 2 second(s)

2019-01-03 14:11:16 - [MESSAGE][PASSED] - Delayed 2 second(s)

2019-01-03 14:11:16 - [TEST_STEP][PASSED] - click: Object: 'Object Repository/Final Object Repo/Page_Form 3 EIS - Cessation as Employer/Page_Form 3 EIS - Cessation as Employer (Query - OTC - UO)/Next in Resigned Page' is clicked on

2019-01-03 14:11:19 - [MESSAGE][PASSED] - Object: 'Object Repository/Final Object Repo/Page_Form 3 EIS - Cessation as Employer/Page_Form 3 EIS - Cessation as Employer (Query - OTC - UO)/Next in Resigned Page' is clicked on

2019-01-03 14:11:19 - [TEST_STEP][PASSED] - delay: Delayed 2 second(s)

2019-01-03 14:11:21 - [MESSAGE][PASSED] - Delayed 2 second(s)

2019-01-03 14:11:21 - [TEST_STEP][PASSED] - click: Object: 'Object Repository/Final Object Repo/Page_Form 3 EIS - Cessation as Employer/Page_Form 3 EIS - Cessation as Employer (Query - OTC - UO)/Add Document' is clicked on

2019-01-03 14:11:21 - [MESSAGE][PASSED] - Object: 'Object Repository/Final Object Repo/Page_Form 3 EIS - Cessation as Employer/Page_Form 3 EIS - Cessation as Employer (Query - OTC - UO)/Add Document' is clicked on

2019-01-03 14:11:21 - [TEST_STEP][PASSED] - delay: Delayed 2 second(s)

2019-01-03 14:11:23 - [MESSAGE][PASSED] - Delayed 2 second(s)

2019-01-03 14:11:23 - [TEST_STEP][PASSED] - click: Object: 'Object Repository/Final Object Repo/Page_Form 3 EIS - Cessation as Employer/Page_Form 3 EIS - Cessation as Employer (Query - OTC - UO)/Document Type' is clicked on

2019-01-03 14:11:25 - [MESSAGE][PASSED] - Object: 'Object Repository/Final Object Repo/Page_Form 3 EIS - Cessation as Employer/Page_Form 3 EIS - Cessation as Employer (Query - OTC - UO)/Document Type' is clicked on

2019-01-03 14:11:25 - [TEST_STEP][PASSED] - delay: Delayed 2 second(s)

2019-01-03 14:11:27 - [MESSAGE][PASSED] - Delayed 2 second(s)

2019-01-03 14:11:27 - [TEST_STEP][PASSED] - click: Object: 'Object Repository/Final Object Repo/Page_Form 3 EIS - Cessation as Employer/Page_Form 3 EIS - Cessation as Employer (Query - OTC - UO)/Document Type - Others' is clicked on

2019-01-03 14:11:27 - [MESSAGE][PASSED] - Object: 'Object Repository/Final Object Repo/Page_Form 3 EIS - Cessation as Employer/Page_Form 3 EIS - Cessation as Employer (Query - OTC - UO)/Document Type - Others' is clicked on

2019-01-03 14:11:27 - [TEST_STEP][PASSED] - delay: Delayed 2 second(s)

2019-01-03 14:11:29 - [MESSAGE][PASSED] - Delayed 2 second(s)

2019-01-03 14:11:29 - [TEST_STEP][PASSED] - sendKeys: Keys 'C:\Users\Public\Pictures\Sample Pictures\Koala.jpg' sent to object: 'Object Repository/Final Object Repo/Page_Form 3 EIS - Cessation as Employer/Page_Form 3 EIS - Cessation as Employer (Query - OTC - UO)/ploading File'

2019-01-03 14:11:29 - [MESSAGE][PASSED] - Keys 'C:\Users\Public\Pictures\Sample Pictures\Koala.jpg' sent to object: 'Object Repository/Final Object Repo/Page_Form 3 EIS - Cessation as Employer/Page_Form 3 EIS - Cessation as Employer (Query - OTC - UO)/ploading File'

2019-01-03 14:11:29 - [TEST_STEP][PASSED] - delay: Delayed 2 second(s)

2019-01-03 14:11:31 - [MESSAGE][PASSED] - Delayed 2 second(s)

2019-01-03 14:11:31 - [TEST_STEP][PASSED] - click: Object: 'Object Repository/Final Object Repo/Page_Form 3 EIS - Cessation as Employer/Page_Form 3 EIS - Cessation as Employer (Query - OTC - UO)/Add Document in Uploading Page' is clicked on

2019-01-03 14:11:31 - [MESSAGE][PASSED] - Object: 'Object Repository/Final Object Repo/Page_Form 3 EIS - Cessation as Employer/Page_Form 3 EIS - Cessation as Employer (Query - OTC - UO)/Add Document in Uploading Page' is clicked on

2019-01-03 14:11:31 - [TEST_STEP][PASSED] - delay: Delayed 2 second(s)

2019-01-03 14:11:33 - [MESSAGE][PASSED] - Delayed 2 second(s)

2019-01-03 14:11:33 - [TEST_STEP][PASSED] - click: Object: 'Object Repository/Final Object Repo/Page_Form 3 EIS - Cessation as Employer/Page_Form 3 EIS - Cessation as Employer (Query - OTC - UO)/Exit' is clicked on

2019-01-03 14:11:36 - [MESSAGE][PASSED] - Object: 'Object Repository/Final Object Repo/Page_Form 3 EIS - Cessation as Employer/Page_Form 3 EIS - Cessation as Employer (Query - OTC - UO)/Exit' is clicked on

2019-01-03 14:11:36 - [TEST_STEP][PASSED] - delay: Delayed 1 second(s)

2019-01-03 14:11:37 - [MESSAGE][PASSED] - Delayed 1 second(s)

2019-01-03 14:11:37 - [TEST_STEP][PASSED] - navigateToUrl: Navigate to 'https://assist2-uat.perkeso.gov.my/c/portal/logout' successfully

2019-01-03 14:11:38 - [MESSAGE][PASSED] - Navigate to 'https://assist2-uat.perkeso.gov.my/c/portal/logout' successfully

2019-01-03 14:11:38 - [TEST_STEP][PASSED] - delay: Delayed 1 second(s)

2019-01-03 14:11:39 - [MESSAGE][PASSED] - Delayed 1 second(s)

2019-01-03 14:11:39 - [TEST_STEP][PASSED] - callTestCase: Call Test Case 'Test Cases/Final Aug 2018 - PKS Automation/Registration Module/Workflow/Login and Search Case For Workflow' successfully

2019-01-03 14:11:39 - [TEST_CASE][PASSED] - Test Cases/Final Aug 2018 - PKS Automation/Registration Module/Workflow/Login and Search Case For Workflow: Test Cases/Final Aug 2018 - PKS Automation/Registration Module/Workflow/Login and Search Case For Workflow

2019-01-03 14:11:39 - [TEST_STEP][PASSED] - navigateToUrl: Navigate to 'https://assist2-uat.perkeso.gov.my/login' successfully

2019-01-03 14:11:40 - [MESSAGE][PASSED] - Navigate to 'https://assist2-uat.perkeso.gov.my/login' successfully

2019-01-03 14:11:40 - [TEST_STEP][PASSED] - setText: Text 'johoruo1@gmail.com' is set on object 'Object Repository/Final Object Repo/Login Page/Internal User/Email Address'

2019-01-03 14:11:40 - [MESSAGE][PASSED] - Text 'johoruo1@gmail.com' is set on object 'Object Repository/Final Object Repo/Login Page/Internal User/Email Address'

2019-01-03 14:11:40 - [TEST_STEP][PASSED] - click: Object: 'Object Repository/Final Object Repo/Login Page/Internal User/Next Button' is clicked on

2019-01-03 14:11:40 - [MESSAGE][PASSED] - Object: 'Object Repository/Final Object Repo/Login Page/Internal User/Next Button' is clicked on

2019-01-03 14:11:40 - [TEST_STEP][PASSED] - delay: Delayed 1 second(s)

2019-01-03 14:11:41 - [MESSAGE][PASSED] - Delayed 1 second(s)

2019-01-03 14:11:41 - [TEST_STEP][PASSED] - setEncryptedText: Text ****** has been set on object 'Object Repository/Final Object Repo/Login Page/Internal User/Password'

2019-01-03 14:11:41 - [MESSAGE][PASSED] - Text ****** has been set on object 'Object Repository/Final Object Repo/Login Page/Internal User/Password'

2019-01-03 14:11:41 - [TEST_STEP][PASSED] - click: Object: 'Object Repository/Final Object Repo/Login Page/Internal User/Login Button' is clicked on

2019-01-03 14:11:41 - [MESSAGE][PASSED] - Object: 'Object Repository/Final Object Repo/Login Page/Internal User/Login Button' is clicked on

2019-01-03 14:11:41 - [TEST_STEP][PASSED] - delay: Delayed 2 second(s)

2019-01-03 14:11:43 - [MESSAGE][PASSED] - Delayed 2 second(s)

2019-01-03 14:11:43 - [TEST_STEP][PASSED] - Statement - Try: Delayed 2 second(s)

2019-01-03 14:11:43 - [TEST_STEP][PASSED] - Statement - Checker = false: null

2019-01-03 14:11:43 - [TEST_STEP][PASSED] - Statement - Checker = com.kms.katalon.core.webui.keyword.WebUiBuiltInKeywords.verifyElementHasAttribute(com.kms.katalon.core.testobject.ObjectRepository.findTestObject(Final Object Repo/Landing Page/BM Detecting), "href", 20, OPTIONAL): Object 'Object Repository/Final Object Repo/Landing Page/BM Detecting' has attribute 'href'

2019-01-03 14:11:44 - [MESSAGE][PASSED] - Object 'Object Repository/Final Object Repo/Landing Page/BM Detecting' has attribute 'href'

2019-01-03 14:11:44 - [TEST_STEP][PASSED] - Statement - out.println(Checker): null

2019-01-03 14:11:44 - [TEST_STEP][PASSED] - Statement - If (Checker == false): null

2019-01-03 14:11:44 - [TEST_STEP][PASSED] - Statement - Else: null

2019-01-03 14:11:44 - [TEST_STEP][PASSED] - delay: Delayed 2 second(s)

2019-01-03 14:11:46 - [MESSAGE][PASSED] - Delayed 2 second(s)

2019-01-03 14:11:46 - [TEST_STEP][PASSED] - click: Object: 'Object Repository/Final Object Repo/Page_MyASSIST - ASSIST - Search Pending Case For Add Supporting Document/Search Information' is clicked on

2019-01-03 14:11:46 - [MESSAGE][PASSED] - Object: 'Object Repository/Final Object Repo/Page_MyASSIST - ASSIST - Search Pending Case For Add Supporting Document/Search Information' is clicked on

2019-01-03 14:11:46 - [TEST_STEP][PASSED] - delay: Delayed 3 second(s)

2019-01-03 14:11:49 - [MESSAGE][PASSED] - Delayed 3 second(s)

2019-01-03 14:11:49 - [TEST_STEP][PASSED] - sendKeys: Keys 'ERN012019C200002576' sent to object: 'Object Repository/Final Object Repo/Page_MyASSIST - ASSIST - Search Pending Case For Add Supporting Document/Reference No'

2019-01-03 14:11:49 - [MESSAGE][PASSED] - Keys 'ERN012019C200002576' sent to object: 'Object Repository/Final Object Repo/Page_MyASSIST - ASSIST - Search Pending Case For Add Supporting Document/Reference No'

2019-01-03 14:11:49 - [TEST_STEP][PASSED] - click: Object: 'Object Repository/Final Object Repo/Page_MyASSIST - ASSIST - Search Pending Case For Add Supporting Document/Search Reference No' is clicked on

2019-01-03 14:11:49 - [MESSAGE][PASSED] - Object: 'Object Repository/Final Object Repo/Page_MyASSIST - ASSIST - Search Pending Case For Add Supporting Document/Search Reference No' is clicked on

2019-01-03 14:11:49 - [TEST_STEP][PASSED] - delay: Delayed 2 second(s)

2019-01-03 14:11:51 - [MESSAGE][PASSED] - Delayed 2 second(s)

2019-01-03 14:11:51 - [TEST_STEP][PASSED] - click: Object: 'Object Repository/Final Object Repo/Page_MyASSIST - ASSIST - Search Pending Case For Add Supporting Document/Continue' is clicked on

2019-01-03 14:11:55 - [MESSAGE][PASSED] - Object: 'Object Repository/Final Object Repo/Page_MyASSIST - ASSIST - Search Pending Case For Add Supporting Document/Continue' is clicked on

2019-01-03 14:11:55 - [TEST_STEP][PASSED] - delay: Delayed 20 second(s)

2019-01-03 14:12:15 - [MESSAGE][PASSED] - Delayed 20 second(s)

2019-01-03 14:12:15 - [MESSAGE][PASSED] - Call Test Case 'Test Cases/Final Aug 2018 - PKS Automation/Registration Module/Workflow/Login and Search Case For Workflow' successfully

2019-01-03 14:12:15 - [TEST_STEP][PASSED] - click: Object: 'Object Repository/Final Object Repo/Page_Form 3 EIS - Cessation as Employer/Page_Form 3 EIS - Cessation as Employer (Approve)/Save  Continue in Form 3 Page' is clicked on

2019-01-03 14:12:15 - [MESSAGE][PASSED] - Object: 'Object Repository/Final Object Repo/Page_Form 3 EIS - Cessation as Employer/Page_Form 3 EIS - Cessation as Employer (Approve)/Save  Continue in Form 3 Page' is clicked on

2019-01-03 14:12:15 - [TEST_STEP][PASSED] - delay: Delayed 2 second(s)

2019-01-03 14:12:17 - [MESSAGE][PASSED] - Delayed 2 second(s)

2019-01-03 14:12:17 - [TEST_STEP][PASSED] - click: Object: 'Object Repository/Final Object Repo/Page_Form 3 EIS - Cessation as Employer/Page_Form 3 EIS - Cessation as Employer (Approve)/Save  Continue in Resigned Page' is clicked on

2019-01-03 14:12:17 - [MESSAGE][PASSED] - Object: 'Object Repository/Final Object Repo/Page_Form 3 EIS - Cessation as Employer/Page_Form 3 EIS - Cessation as Employer (Approve)/Save  Continue in Resigned Page' is clicked on

2019-01-03 14:12:17 - [TEST_STEP][PASSED] - delay: Delayed 2 second(s)

2019-01-03 14:12:19 - [MESSAGE][PASSED] - Delayed 2 second(s)

2019-01-03 14:12:19 - [TEST_STEP][PASSED] - click: Object: 'Object Repository/Final Object Repo/Page_Form 3 EIS - Cessation as Employer/Page_Form 3 EIS - Cessation as Employer (Approve)/Save  Continue in Uploading Page' is clicked on

2019-01-03 14:12:20 - [MESSAGE][PASSED] - Object: 'Object Repository/Final Object Repo/Page_Form 3 EIS - Cessation as Employer/Page_Form 3 EIS - Cessation as Employer (Approve)/Save  Continue in Uploading Page' is clicked on

2019-01-03 14:12:20 - [TEST_STEP][PASSED] - delay: Delayed 2 second(s)

2019-01-03 14:12:22 - [MESSAGE][PASSED] - Delayed 2 second(s)

2019-01-03 14:12:22 - [TEST_STEP][PASSED] - click: Object: 'Object Repository/Final Object Repo/Page_Form 3 EIS - Cessation as Employer/Page_Form 3 EIS - Cessation as Employer (Reject)/Reject' is clicked on

2019-01-03 14:12:25 - [MESSAGE][PASSED] - Object: 'Object Repository/Final Object Repo/Page_Form 3 EIS - Cessation as Employer/Page_Form 3 EIS - Cessation as Employer (Reject)/Reject' is clicked on

2019-01-03 14:12:25 - [TEST_STEP][PASSED] - delay: Delayed 2 second(s)

2019-01-03 14:12:27 - [MESSAGE][PASSED] - Delayed 2 second(s)

2019-01-03 14:12:27 - [TEST_STEP][PASSED] - click: Object: 'Object Repository/Final Object Repo/Page_Form 3 EIS - Cessation as Employer/Page_Form 3 EIS - Cessation as Employer (Reject)/Confirm' is clicked on

2019-01-03 14:12:27 - [MESSAGE][PASSED] - Object: 'Object Repository/Final Object Repo/Page_Form 3 EIS - Cessation as Employer/Page_Form 3 EIS - Cessation as Employer (Reject)/Confirm' is clicked on

2019-01-03 14:12:27 - [TEST_STEP][PASSED] - delay: Delayed 2 second(s)

2019-01-03 14:12:29 - [MESSAGE][PASSED] - Delayed 2 second(s)

2019-01-03 14:12:29 - [TEST_STEP][PASSED] - click: Object: 'Object Repository/Final Object Repo/Page_Form 3 EIS - Cessation as Employer/Page_Form 3 EIS - Cessation as Employer (Reject)/Message This Case has been Rejected' is clicked on

2019-01-03 14:12:35 - [MESSAGE][PASSED] - Object: 'Object Repository/Final Object Repo/Page_Form 3 EIS - Cessation as Employer/Page_Form 3 EIS - Cessation as Employer (Reject)/Message This Case has been Rejected' is clicked on

2019-01-03 14:12:35 - [TEST_STEP][PASSED] - click: Object: 'Object Repository/Final Object Repo/Page_Form 3 EIS - Cessation as Employer/Page_Form 3 EIS - Cessation as Employer (Reject)/Letter of update rejection' is clicked on

2019-01-03 14:12:35 - [MESSAGE][PASSED] - Object: 'Object Repository/Final Object Repo/Page_Form 3 EIS - Cessation as Employer/Page_Form 3 EIS - Cessation as Employer (Reject)/Letter of update rejection' is clicked on

2019-01-03 14:12:35 - [MESSAGE][PASSED] - Call Test Case 'Test Cases/Final Aug 2018 - PKS Automation/Registration Module/Workflow/Form 3 EIS - Cessation As Employer/Template/Form 3 A - Cessation As Employer (Query)' successfully]]></system-out>
         <system-err><![CDATA[]]></system-err>
      </testcase>
      <testcase name="Test Cases/Final Aug 2018 - PKS Automation/Registration Module/Workflow/Form 3 EIS - Cessation As Employer/Employer to UO (Reject)" classname="Test Cases/Final Aug 2018 - PKS Automation/Registration Module/Workflow/Form 3 EIS - Cessation As Employer/Employer to UO (Reject)" status="FAILED">
         <failure type="FAILED" message="(Stack trace: com.kms.katalon.core.exception.StepFailedException: Unable to click on object 'Object Repository/Final Object Repo/Page_Form 3 EIS - Cessation as Employer/Set Latest - Yes' (Root cause: com.kms.katalon.core.webui.exception.WebElementNotFoundException: Web element with id: 'Object Repository/Final Object Repo/Page_Form 3 EIS - Cessation as Employer/Set Latest - Yes' located by 'By.xpath: //span[@id = 'confirmword' and (text() = 'Yes' or . = 'Yes')]' not found)
	at com.kms.katalon.core.keyword.internal.KeywordMain.stepFailed(KeywordMain.groovy:32)
	at com.kms.katalon.core.webui.keyword.internal.WebUIKeywordMain.stepFailed(WebUIKeywordMain.groovy:65)
	at com.kms.katalon.core.webui.keyword.internal.WebUIKeywordMain.runKeyword(WebUIKeywordMain.groovy:27)
	at com.kms.katalon.core.webui.keyword.builtin.ClickKeyword.click(ClickKeyword.groovy:86)
	at com.kms.katalon.core.webui.keyword.builtin.ClickKeyword.execute(ClickKeyword.groovy:67)
	at com.kms.katalon.core.keyword.internal.KeywordExecutor.executeKeywordForPlatform(KeywordExecutor.groovy:53)
	at com.kms.katalon.core.webui.keyword.WebUiBuiltInKeywords.click(WebUiBuiltInKeywords.groovy:616)
	at com.kms.katalon.core.webui.keyword.WebUiBuiltInKeywords$click$2.call(Unknown Source)
	at Script1536732166908.run(Script1536732166908.groovy:82)
	at com.kms.katalon.core.main.ScriptEngine.run(ScriptEngine.java:183)
	at com.kms.katalon.core.main.ScriptEngine.runScriptAsRawText(ScriptEngine.java:108)
	at com.kms.katalon.core.main.TestCaseExecutor.runScript(TestCaseExecutor.java:294)
	at com.kms.katalon.core.main.TestCaseExecutor.doExecute(TestCaseExecutor.java:285)
	at com.kms.katalon.core.main.TestCaseExecutor.processExecutionPhase(TestCaseExecutor.java:264)
	at com.kms.katalon.core.main.TestCaseExecutor.accessMainPhase(TestCaseExecutor.java:256)
	at com.kms.katalon.core.main.TestCaseExecutor.execute(TestCaseExecutor.java:200)
	at com.kms.katalon.core.main.TestCaseMain.runTestCase(TestCaseMain.java:99)
	at com.kms.katalon.core.keyword.builtin.CallTestCaseKeyword$_callTestCase_closure1.doCall(CallTestCaseKeyword.groovy:60)
	at com.kms.katalon.core.keyword.builtin.CallTestCaseKeyword$_callTestCase_closure1.call(CallTestCaseKeyword.groovy)
	at com.kms.katalon.core.keyword.internal.KeywordMain.runKeyword(KeywordMain.groovy:54)
	at com.kms.katalon.core.keyword.builtin.CallTestCaseKeyword.callTestCase(CallTestCaseKeyword.groovy:81)
	at com.kms.katalon.core.keyword.builtin.CallTestCaseKeyword.execute(CallTestCaseKeyword.groovy:45)
	at com.kms.katalon.core.keyword.internal.KeywordExecutor.executeKeywordForPlatform(KeywordExecutor.groovy:53)
	at com.kms.katalon.core.keyword.BuiltinKeywords.callTestCase(BuiltinKeywords.groovy:334)
	at sun.reflect.GeneratedMethodAccessor13.invoke(Unknown Source)
	at sun.reflect.DelegatingMethodAccessorImpl.invoke(DelegatingMethodAccessorImpl.java:43)
	at java.lang.reflect.Method.invoke(Method.java:498)
	at org.codehaus.groovy.reflection.CachedMethod.invoke(CachedMethod.java:93)
	at groovy.lang.MetaMethod.doMethodInvoke(MetaMethod.java:325)
	at groovy.lang.MetaClassImpl.invokeStaticMethod(MetaClassImpl.java:1469)
	at org.codehaus.groovy.runtime.callsite.StaticMetaClassSite.call(StaticMetaClassSite.java:53)
	at org.codehaus.groovy.runtime.callsite.CallSiteArray.defaultCall(CallSiteArray.java:48)
	at org.codehaus.groovy.runtime.callsite.AbstractCallSite.call(AbstractCallSite.java:113)
	at org.codehaus.groovy.runtime.callsite.AbstractCallSite.call(AbstractCallSite.java:141)
	at Script1543394410094.run(Script1543394410094.groovy:16)
	at com.kms.katalon.core.main.ScriptEngine.run(ScriptEngine.java:183)
	at com.kms.katalon.core.main.ScriptEngine.runScriptAsRawText(ScriptEngine.java:108)
	at com.kms.katalon.core.main.TestCaseExecutor.runScript(TestCaseExecutor.java:294)
	at com.kms.katalon.core.main.TestCaseExecutor.doExecute(TestCaseExecutor.java:285)
	at com.kms.katalon.core.main.TestCaseExecutor.processExecutionPhase(TestCaseExecutor.java:264)
	at com.kms.katalon.core.main.TestCaseExecutor.accessMainPhase(TestCaseExecutor.java:256)
	at com.kms.katalon.core.main.TestCaseExecutor.execute(TestCaseExecutor.java:200)
	at com.kms.katalon.core.main.TestSuiteExecutor.accessTestCaseMainPhase(TestSuiteExecutor.java:129)
	at com.kms.katalon.core.main.TestSuiteExecutor.accessTestSuiteMainPhase(TestSuiteExecutor.java:112)
	at com.kms.katalon.core.main.TestSuiteExecutor.execute(TestSuiteExecutor.java:81)
	at com.kms.katalon.core.main.TestCaseMain.startTestSuite(TestCaseMain.java:142)
	at com.kms.katalon.core.main.TestCaseMain$startTestSuite$0.call(Unknown Source)
	at org.codehaus.groovy.runtime.callsite.CallSiteArray.defaultCall(CallSiteArray.java:48)
	at org.codehaus.groovy.runtime.callsite.AbstractCallSite.call(AbstractCallSite.java:113)
	at org.codehaus.groovy.runtime.callsite.AbstractCallSite.call(AbstractCallSite.java:141)
	at TempTestSuite1546482074058.run(TempTestSuite1546482074058.groovy:36)
	at groovy.lang.GroovyShell.runScriptOrMainOrTestOrRunnable(GroovyShell.java:263)
	at groovy.lang.GroovyShell.run(GroovyShell.java:518)
	at groovy.lang.GroovyShell.run(GroovyShell.java:507)
	at groovy.ui.GroovyMain.processOnce(GroovyMain.java:653)
	at groovy.ui.GroovyMain.run(GroovyMain.java:384)
	at groovy.ui.GroovyMain.process(GroovyMain.java:370)
	at groovy.ui.GroovyMain.processArgs(GroovyMain.java:129)
	at groovy.ui.GroovyMain.main(GroovyMain.java:109)
	at sun.reflect.NativeMethodAccessorImpl.invoke0(Native Method)
	at sun.reflect.NativeMethodAccessorImpl.invoke(NativeMethodAccessorImpl.java:62)
	at sun.reflect.DelegatingMethodAccessorImpl.invoke(DelegatingMethodAccessorImpl.java:43)
	at java.lang.reflect.Method.invoke(Method.java:498)
	at org.codehaus.groovy.tools.GroovyStarter.rootLoader(GroovyStarter.java:109)
	at org.codehaus.groovy.tools.GroovyStarter.main(GroovyStarter.java:131)
)"/>
         <system-out><![CDATA[2019-01-03 14:12:35 - [TEST_CASE][FAILED] - Test Cases/Final Aug 2018 - PKS Automation/Registration Module/Workflow/Form 3 EIS - Cessation As Employer/Employer to UO (Reject): Test Cases/Final Aug 2018 - PKS Automation/Registration Module/Workflow/Form 3 EIS - Cessation As Employer/Employer to UO (Reject) FAILED because (of) (Stack trace: com.kms.katalon.core.exception.StepFailedException: Unable to click on object 'Object Repository/Final Object Repo/Page_Form 3 EIS - Cessation as Employer/Set Latest - Yes' (Root cause: com.kms.katalon.core.webui.exception.WebElementNotFoundException: Web element with id: 'Object Repository/Final Object Repo/Page_Form 3 EIS - Cessation as Employer/Set Latest - Yes' located by 'By.xpath: //span[@id = 'confirmword' and (text() = 'Yes' or . = 'Yes')]' not found)
	at com.kms.katalon.core.keyword.internal.KeywordMain.stepFailed(KeywordMain.groovy:32)
	at com.kms.katalon.core.webui.keyword.internal.WebUIKeywordMain.stepFailed(WebUIKeywordMain.groovy:65)
	at com.kms.katalon.core.webui.keyword.internal.WebUIKeywordMain.runKeyword(WebUIKeywordMain.groovy:27)
	at com.kms.katalon.core.webui.keyword.builtin.ClickKeyword.click(ClickKeyword.groovy:86)
	at com.kms.katalon.core.webui.keyword.builtin.ClickKeyword.execute(ClickKeyword.groovy:67)
	at com.kms.katalon.core.keyword.internal.KeywordExecutor.executeKeywordForPlatform(KeywordExecutor.groovy:53)
	at com.kms.katalon.core.webui.keyword.WebUiBuiltInKeywords.click(WebUiBuiltInKeywords.groovy:616)
	at com.kms.katalon.core.webui.keyword.WebUiBuiltInKeywords$click$2.call(Unknown Source)
	at Script1536732166908.run(Script1536732166908.groovy:82)
	at com.kms.katalon.core.main.ScriptEngine.run(ScriptEngine.java:183)
	at com.kms.katalon.core.main.ScriptEngine.runScriptAsRawText(ScriptEngine.java:108)
	at com.kms.katalon.core.main.TestCaseExecutor.runScript(TestCaseExecutor.java:294)
	at com.kms.katalon.core.main.TestCaseExecutor.doExecute(TestCaseExecutor.java:285)
	at com.kms.katalon.core.main.TestCaseExecutor.processExecutionPhase(TestCaseExecutor.java:264)
	at com.kms.katalon.core.main.TestCaseExecutor.accessMainPhase(TestCaseExecutor.java:256)
	at com.kms.katalon.core.main.TestCaseExecutor.execute(TestCaseExecutor.java:200)
	at com.kms.katalon.core.main.TestCaseMain.runTestCase(TestCaseMain.java:99)
	at com.kms.katalon.core.keyword.builtin.CallTestCaseKeyword$_callTestCase_closure1.doCall(CallTestCaseKeyword.groovy:60)
	at com.kms.katalon.core.keyword.builtin.CallTestCaseKeyword$_callTestCase_closure1.call(CallTestCaseKeyword.groovy)
	at com.kms.katalon.core.keyword.internal.KeywordMain.runKeyword(KeywordMain.groovy:54)
	at com.kms.katalon.core.keyword.builtin.CallTestCaseKeyword.callTestCase(CallTestCaseKeyword.groovy:81)
	at com.kms.katalon.core.keyword.builtin.CallTestCaseKeyword.execute(CallTestCaseKeyword.groovy:45)
	at com.kms.katalon.core.keyword.internal.KeywordExecutor.executeKeywordForPlatform(KeywordExecutor.groovy:53)
	at com.kms.katalon.core.keyword.BuiltinKeywords.callTestCase(BuiltinKeywords.groovy:334)
	at sun.reflect.GeneratedMethodAccessor13.invoke(Unknown Source)
	at sun.reflect.DelegatingMethodAccessorImpl.invoke(DelegatingMethodAccessorImpl.java:43)
	at java.lang.reflect.Method.invoke(Method.java:498)
	at org.codehaus.groovy.reflection.CachedMethod.invoke(CachedMethod.java:93)
	at groovy.lang.MetaMethod.doMethodInvoke(MetaMethod.java:325)
	at groovy.lang.MetaClassImpl.invokeStaticMethod(MetaClassImpl.java:1469)
	at org.codehaus.groovy.runtime.callsite.StaticMetaClassSite.call(StaticMetaClassSite.java:53)
	at org.codehaus.groovy.runtime.callsite.CallSiteArray.defaultCall(CallSiteArray.java:48)
	at org.codehaus.groovy.runtime.callsite.AbstractCallSite.call(AbstractCallSite.java:113)
	at org.codehaus.groovy.runtime.callsite.AbstractCallSite.call(AbstractCallSite.java:141)
	at Script1543394410094.run(Script1543394410094.groovy:16)
	at com.kms.katalon.core.main.ScriptEngine.run(ScriptEngine.java:183)
	at com.kms.katalon.core.main.ScriptEngine.runScriptAsRawText(ScriptEngine.java:108)
	at com.kms.katalon.core.main.TestCaseExecutor.runScript(TestCaseExecutor.java:294)
	at com.kms.katalon.core.main.TestCaseExecutor.doExecute(TestCaseExecutor.java:285)
	at com.kms.katalon.core.main.TestCaseExecutor.processExecutionPhase(TestCaseExecutor.java:264)
	at com.kms.katalon.core.main.TestCaseExecutor.accessMainPhase(TestCaseExecutor.java:256)
	at com.kms.katalon.core.main.TestCaseExecutor.execute(TestCaseExecutor.java:200)
	at com.kms.katalon.core.main.TestSuiteExecutor.accessTestCaseMainPhase(TestSuiteExecutor.java:129)
	at com.kms.katalon.core.main.TestSuiteExecutor.accessTestSuiteMainPhase(TestSuiteExecutor.java:112)
	at com.kms.katalon.core.main.TestSuiteExecutor.execute(TestSuiteExecutor.java:81)
	at com.kms.katalon.core.main.TestCaseMain.startTestSuite(TestCaseMain.java:142)
	at com.kms.katalon.core.main.TestCaseMain$startTestSuite$0.call(Unknown Source)
	at org.codehaus.groovy.runtime.callsite.CallSiteArray.defaultCall(CallSiteArray.java:48)
	at org.codehaus.groovy.runtime.callsite.AbstractCallSite.call(AbstractCallSite.java:113)
	at org.codehaus.groovy.runtime.callsite.AbstractCallSite.call(AbstractCallSite.java:141)
	at TempTestSuite1546482074058.run(TempTestSuite1546482074058.groovy:36)
	at groovy.lang.GroovyShell.runScriptOrMainOrTestOrRunnable(GroovyShell.java:263)
	at groovy.lang.GroovyShell.run(GroovyShell.java:518)
	at groovy.lang.GroovyShell.run(GroovyShell.java:507)
	at groovy.ui.GroovyMain.processOnce(GroovyMain.java:653)
	at groovy.ui.GroovyMain.run(GroovyMain.java:384)
	at groovy.ui.GroovyMain.process(GroovyMain.java:370)
	at groovy.ui.GroovyMain.processArgs(GroovyMain.java:129)
	at groovy.ui.GroovyMain.main(GroovyMain.java:109)
	at sun.reflect.NativeMethodAccessorImpl.invoke0(Native Method)
	at sun.reflect.NativeMethodAccessorImpl.invoke(NativeMethodAccessorImpl.java:62)
	at sun.reflect.DelegatingMethodAccessorImpl.invoke(DelegatingMethodAccessorImpl.java:43)
	at java.lang.reflect.Method.invoke(Method.java:498)
	at org.codehaus.groovy.tools.GroovyStarter.rootLoader(GroovyStarter.java:109)
	at org.codehaus.groovy.tools.GroovyStarter.main(GroovyStarter.java:131)
)

2019-01-03 14:12:35 - [TEST_STEP][FAILED] - callTestCase: Unable to call Test Case with id 'Test Cases/Final Aug 2018 - PKS Automation/Registration Module/Workflow/Form 3 EIS - Cessation As Employer/Template/Form 3 A - Cessation As Employer (Employer)' (Root cause: Call Test Case 'Test Cases/Final Aug 2018 - PKS Automation/Registration Module/Workflow/Form 3 EIS - Cessation As Employer/Template/Form 3 A - Cessation As Employer (Employer)' failed)

2019-01-03 14:12:36 - [TEST_CASE][FAILED] - Test Cases/Final Aug 2018 - PKS Automation/Registration Module/Workflow/Form 3 EIS - Cessation As Employer/Template/Form 3 A - Cessation As Employer (Employer): Test Cases/Final Aug 2018 - PKS Automation/Registration Module/Workflow/Form 3 EIS - Cessation As Employer/Template/Form 3 A - Cessation As Employer (Employer) FAILED because (of) (Stack trace: com.kms.katalon.core.exception.StepFailedException: Unable to click on object 'Object Repository/Final Object Repo/Page_Form 3 EIS - Cessation as Employer/Set Latest - Yes' (Root cause: com.kms.katalon.core.webui.exception.WebElementNotFoundException: Web element with id: 'Object Repository/Final Object Repo/Page_Form 3 EIS - Cessation as Employer/Set Latest - Yes' located by 'By.xpath: //span[@id = 'confirmword' and (text() = 'Yes' or . = 'Yes')]' not found)
	at com.kms.katalon.core.keyword.internal.KeywordMain.stepFailed(KeywordMain.groovy:32)
	at com.kms.katalon.core.webui.keyword.internal.WebUIKeywordMain.stepFailed(WebUIKeywordMain.groovy:65)
	at com.kms.katalon.core.webui.keyword.internal.WebUIKeywordMain.runKeyword(WebUIKeywordMain.groovy:27)
	at com.kms.katalon.core.webui.keyword.builtin.ClickKeyword.click(ClickKeyword.groovy:86)
	at com.kms.katalon.core.webui.keyword.builtin.ClickKeyword.execute(ClickKeyword.groovy:67)
	at com.kms.katalon.core.keyword.internal.KeywordExecutor.executeKeywordForPlatform(KeywordExecutor.groovy:53)
	at com.kms.katalon.core.webui.keyword.WebUiBuiltInKeywords.click(WebUiBuiltInKeywords.groovy:616)
	at com.kms.katalon.core.webui.keyword.WebUiBuiltInKeywords$click$2.call(Unknown Source)
	at Script1536732166908.run(Script1536732166908.groovy:82)
	at com.kms.katalon.core.main.ScriptEngine.run(ScriptEngine.java:183)
	at com.kms.katalon.core.main.ScriptEngine.runScriptAsRawText(ScriptEngine.java:108)
	at com.kms.katalon.core.main.TestCaseExecutor.runScript(TestCaseExecutor.java:294)
	at com.kms.katalon.core.main.TestCaseExecutor.doExecute(TestCaseExecutor.java:285)
	at com.kms.katalon.core.main.TestCaseExecutor.processExecutionPhase(TestCaseExecutor.java:264)
	at com.kms.katalon.core.main.TestCaseExecutor.accessMainPhase(TestCaseExecutor.java:256)
	at com.kms.katalon.core.main.TestCaseExecutor.execute(TestCaseExecutor.java:200)
	at com.kms.katalon.core.main.TestCaseMain.runTestCase(TestCaseMain.java:99)
	at com.kms.katalon.core.keyword.builtin.CallTestCaseKeyword$_callTestCase_closure1.doCall(CallTestCaseKeyword.groovy:60)
	at com.kms.katalon.core.keyword.builtin.CallTestCaseKeyword$_callTestCase_closure1.call(CallTestCaseKeyword.groovy)
	at com.kms.katalon.core.keyword.internal.KeywordMain.runKeyword(KeywordMain.groovy:54)
	at com.kms.katalon.core.keyword.builtin.CallTestCaseKeyword.callTestCase(CallTestCaseKeyword.groovy:81)
	at com.kms.katalon.core.keyword.builtin.CallTestCaseKeyword.execute(CallTestCaseKeyword.groovy:45)
	at com.kms.katalon.core.keyword.internal.KeywordExecutor.executeKeywordForPlatform(KeywordExecutor.groovy:53)
	at com.kms.katalon.core.keyword.BuiltinKeywords.callTestCase(BuiltinKeywords.groovy:334)
	at sun.reflect.GeneratedMethodAccessor13.invoke(Unknown Source)
	at sun.reflect.DelegatingMethodAccessorImpl.invoke(DelegatingMethodAccessorImpl.java:43)
	at java.lang.reflect.Method.invoke(Method.java:498)
	at org.codehaus.groovy.reflection.CachedMethod.invoke(CachedMethod.java:93)
	at groovy.lang.MetaMethod.doMethodInvoke(MetaMethod.java:325)
	at groovy.lang.MetaClassImpl.invokeStaticMethod(MetaClassImpl.java:1469)
	at org.codehaus.groovy.runtime.callsite.StaticMetaClassSite.call(StaticMetaClassSite.java:53)
	at org.codehaus.groovy.runtime.callsite.CallSiteArray.defaultCall(CallSiteArray.java:48)
	at org.codehaus.groovy.runtime.callsite.AbstractCallSite.call(AbstractCallSite.java:113)
	at org.codehaus.groovy.runtime.callsite.AbstractCallSite.call(AbstractCallSite.java:141)
	at Script1543394410094.run(Script1543394410094.groovy:16)
	at com.kms.katalon.core.main.ScriptEngine.run(ScriptEngine.java:183)
	at com.kms.katalon.core.main.ScriptEngine.runScriptAsRawText(ScriptEngine.java:108)
	at com.kms.katalon.core.main.TestCaseExecutor.runScript(TestCaseExecutor.java:294)
	at com.kms.katalon.core.main.TestCaseExecutor.doExecute(TestCaseExecutor.java:285)
	at com.kms.katalon.core.main.TestCaseExecutor.processExecutionPhase(TestCaseExecutor.java:264)
	at com.kms.katalon.core.main.TestCaseExecutor.accessMainPhase(TestCaseExecutor.java:256)
	at com.kms.katalon.core.main.TestCaseExecutor.execute(TestCaseExecutor.java:200)
	at com.kms.katalon.core.main.TestSuiteExecutor.accessTestCaseMainPhase(TestSuiteExecutor.java:129)
	at com.kms.katalon.core.main.TestSuiteExecutor.accessTestSuiteMainPhase(TestSuiteExecutor.java:112)
	at com.kms.katalon.core.main.TestSuiteExecutor.execute(TestSuiteExecutor.java:81)
	at com.kms.katalon.core.main.TestCaseMain.startTestSuite(TestCaseMain.java:142)
	at com.kms.katalon.core.main.TestCaseMain$startTestSuite$0.call(Unknown Source)
	at org.codehaus.groovy.runtime.callsite.CallSiteArray.defaultCall(CallSiteArray.java:48)
	at org.codehaus.groovy.runtime.callsite.AbstractCallSite.call(AbstractCallSite.java:113)
	at org.codehaus.groovy.runtime.callsite.AbstractCallSite.call(AbstractCallSite.java:141)
	at TempTestSuite1546482074058.run(TempTestSuite1546482074058.groovy:36)
	at groovy.lang.GroovyShell.runScriptOrMainOrTestOrRunnable(GroovyShell.java:263)
	at groovy.lang.GroovyShell.run(GroovyShell.java:518)
	at groovy.lang.GroovyShell.run(GroovyShell.java:507)
	at groovy.ui.GroovyMain.processOnce(GroovyMain.java:653)
	at groovy.ui.GroovyMain.run(GroovyMain.java:384)
	at groovy.ui.GroovyMain.process(GroovyMain.java:370)
	at groovy.ui.GroovyMain.processArgs(GroovyMain.java:129)
	at groovy.ui.GroovyMain.main(GroovyMain.java:109)
	at sun.reflect.NativeMethodAccessorImpl.invoke0(Native Method)
	at sun.reflect.NativeMethodAccessorImpl.invoke(NativeMethodAccessorImpl.java:62)
	at sun.reflect.DelegatingMethodAccessorImpl.invoke(DelegatingMethodAccessorImpl.java:43)
	at java.lang.reflect.Method.invoke(Method.java:498)
	at org.codehaus.groovy.tools.GroovyStarter.rootLoader(GroovyStarter.java:109)
	at org.codehaus.groovy.tools.GroovyStarter.main(GroovyStarter.java:131)
)

2019-01-03 14:12:36 - [TEST_STEP][PASSED] - callTestCase: Call Test Case 'Test Cases/Final Aug 2018 - PKS Automation/Registration Module/Workflow/Update Add New Employee/Template/New Company for Update Add New - Employer' successfully

2019-01-03 14:12:36 - [TEST_CASE][PASSED] - Test Cases/Final Aug 2018 - PKS Automation/Registration Module/Workflow/Update Add New Employee/Template/New Company for Update Add New - Employer: Test Cases/Final Aug 2018 - PKS Automation/Registration Module/Workflow/Update Add New Employee/Template/New Company for Update Add New - Employer

2019-01-03 14:12:36 - [TEST_STEP][PASSED] - callTestCase: Call Test Case 'Test Cases/Final Aug 2018 - PKS Automation/Create Employer Acc/Create Employer Account' successfully

2019-01-03 14:12:36 - [TEST_CASE][PASSED] - Test Cases/Final Aug 2018 - PKS Automation/Create Employer Acc/Create Employer Account: Test Cases/Final Aug 2018 - PKS Automation/Create Employer Acc/Create Employer Account

2019-01-03 14:12:36 - [TEST_STEP][PASSED] - callTestCase: Call Test Case 'Test Cases/Final Aug 2018 - PKS Automation/Create Employer Acc/Template/Register Employer' successfully

2019-01-03 14:12:36 - [TEST_CASE][PASSED] - Test Cases/Final Aug 2018 - PKS Automation/Create Employer Acc/Template/Register Employer: Test Cases/Final Aug 2018 - PKS Automation/Create Employer Acc/Template/Register Employer

2019-01-03 14:12:36 - [TEST_STEP][PASSED] - openBrowser: Browser is opened with url: ''

2019-01-03 14:12:36 - [MESSAGE][WARNING] - A browser is already opened. Closing browser and opening a new one

2019-01-03 14:12:40 - [MESSAGE][PASSED] - Browser is opened with url: ''

2019-01-03 14:12:40 - [TEST_STEP][PASSED] - navigateToUrl: Navigate to 'https://assist2-uat.perkeso.gov.my/login' successfully

2019-01-03 14:12:41 - [MESSAGE][PASSED] - Navigate to 'https://assist2-uat.perkeso.gov.my/login' successfully

2019-01-03 14:12:41 - [TEST_STEP][PASSED] - setText: Text 'johorotc1@gmail.com' is set on object 'Object Repository/Final Object Repo/Login Page/Internal User/Email Address'

2019-01-03 14:12:41 - [MESSAGE][PASSED] - Text 'johorotc1@gmail.com' is set on object 'Object Repository/Final Object Repo/Login Page/Internal User/Email Address'

2019-01-03 14:12:41 - [TEST_STEP][PASSED] - click: Object: 'Object Repository/Final Object Repo/Login Page/Internal User/Next Button' is clicked on

2019-01-03 14:12:41 - [MESSAGE][PASSED] - Object: 'Object Repository/Final Object Repo/Login Page/Internal User/Next Button' is clicked on

2019-01-03 14:12:41 - [TEST_STEP][PASSED] - delay: Delayed 1 second(s)

2019-01-03 14:12:42 - [MESSAGE][PASSED] - Delayed 1 second(s)

2019-01-03 14:12:42 - [TEST_STEP][PASSED] - setEncryptedText: Text ****** has been set on object 'Object Repository/Final Object Repo/Login Page/Internal User/Password'

2019-01-03 14:12:42 - [MESSAGE][PASSED] - Text ****** has been set on object 'Object Repository/Final Object Repo/Login Page/Internal User/Password'

2019-01-03 14:12:42 - [TEST_STEP][PASSED] - click: Object: 'Object Repository/Final Object Repo/Login Page/Internal User/Login Button' is clicked on

2019-01-03 14:12:43 - [MESSAGE][PASSED] - Object: 'Object Repository/Final Object Repo/Login Page/Internal User/Login Button' is clicked on

2019-01-03 14:12:43 - [TEST_STEP][PASSED] - delay: Delayed 1 second(s)

2019-01-03 14:12:44 - [MESSAGE][PASSED] - Delayed 1 second(s)

2019-01-03 14:12:44 - [TEST_STEP][PASSED] - navigateToUrl: Navigate to 'https://assist2-uat.perkeso.gov.my/web/base/portal-id/registration' successfully

2019-01-03 14:12:45 - [MESSAGE][PASSED] - Navigate to 'https://assist2-uat.perkeso.gov.my/web/base/portal-id/registration' successfully

2019-01-03 14:12:45 - [TEST_STEP][PASSED] - setText: Text 'AUTOMATION EMPLOYER' is set on object 'Object Repository/Final Object Repo/Creating Employer Account/Page_Registration - ASSIST (Base)/Employer Name'

2019-01-03 14:12:46 - [MESSAGE][PASSED] - Text 'AUTOMATION EMPLOYER' is set on object 'Object Repository/Final Object Repo/Creating Employer Account/Page_Registration - ASSIST (Base)/Employer Name'

2019-01-03 14:12:46 - [TEST_STEP][PASSED] - delay: Delayed 2 second(s)

2019-01-03 14:12:48 - [MESSAGE][PASSED] - Delayed 2 second(s)

2019-01-03 14:12:48 - [TEST_STEP][PASSED] - click: Object: 'Object Repository/Final Object Repo/Creating Employer Account/Page_Registration - ASSIST (Base)/Registration Type' is clicked on

2019-01-03 14:12:48 - [MESSAGE][PASSED] - Object: 'Object Repository/Final Object Repo/Creating Employer Account/Page_Registration - ASSIST (Base)/Registration Type' is clicked on

2019-01-03 14:12:48 - [TEST_STEP][PASSED] - delay: Delayed 2 second(s)

2019-01-03 14:12:50 - [MESSAGE][PASSED] - Delayed 2 second(s)

2019-01-03 14:12:50 - [TEST_STEP][PASSED] - click: Object: 'Object Repository/Final Object Repo/Creating Employer Account/Page_Registration - ASSIST (Base)/Registration Type - Registration No' is clicked on

2019-01-03 14:12:50 - [MESSAGE][PASSED] - Object: 'Object Repository/Final Object Repo/Creating Employer Account/Page_Registration - ASSIST (Base)/Registration Type - Registration No' is clicked on

2019-01-03 14:12:50 - [TEST_STEP][PASSED] - delay: Delayed 2 second(s)

2019-01-03 14:12:52 - [MESSAGE][PASSED] - Delayed 2 second(s)

2019-01-03 14:12:52 - [TEST_STEP][PASSED] - setText: Text 'AUTOMATE001' is set on object 'Object Repository/Final Object Repo/Creating Employer Account/Page_Registration - ASSIST (Base)/Registration Number'

2019-01-03 14:12:52 - [MESSAGE][PASSED] - Text 'AUTOMATE001' is set on object 'Object Repository/Final Object Repo/Creating Employer Account/Page_Registration - ASSIST (Base)/Registration Number'

2019-01-03 14:12:52 - [TEST_STEP][PASSED] - delay: Delayed 2 second(s)

2019-01-03 14:12:54 - [MESSAGE][PASSED] - Delayed 2 second(s)

2019-01-03 14:12:54 - [TEST_STEP][PASSED] - setText: Text 'ADDRESS 1' is set on object 'Object Repository/Final Object Repo/Creating Employer Account/Page_Registration - ASSIST (Base)/Postal Address 1'

2019-01-03 14:12:55 - [MESSAGE][PASSED] - Text 'ADDRESS 1' is set on object 'Object Repository/Final Object Repo/Creating Employer Account/Page_Registration - ASSIST (Base)/Postal Address 1'

2019-01-03 14:12:55 - [TEST_STEP][PASSED] - setText: Text 'ADDRESS 2' is set on object 'Object Repository/Final Object Repo/Creating Employer Account/Page_Registration - ASSIST (Base)/Postal Address 2'

2019-01-03 14:12:55 - [MESSAGE][PASSED] - Text 'ADDRESS 2' is set on object 'Object Repository/Final Object Repo/Creating Employer Account/Page_Registration - ASSIST (Base)/Postal Address 2'

2019-01-03 14:12:55 - [TEST_STEP][PASSED] - click: Object: 'Object Repository/Final Object Repo/Creating Employer Account/Page_Registration - ASSIST (Base)/State' is clicked on

2019-01-03 14:12:55 - [MESSAGE][PASSED] - Object: 'Object Repository/Final Object Repo/Creating Employer Account/Page_Registration - ASSIST (Base)/State' is clicked on

2019-01-03 14:12:55 - [TEST_STEP][PASSED] - delay: Delayed 2 second(s)

2019-01-03 14:12:57 - [MESSAGE][PASSED] - Delayed 2 second(s)

2019-01-03 14:12:57 - [TEST_STEP][PASSED] - click: Object: 'Object Repository/Final Object Repo/Creating Employer Account/Page_Registration - ASSIST (Base)/State - Johor' is clicked on

2019-01-03 14:12:57 - [MESSAGE][PASSED] - Object: 'Object Repository/Final Object Repo/Creating Employer Account/Page_Registration - ASSIST (Base)/State - Johor' is clicked on

2019-01-03 14:12:57 - [TEST_STEP][PASSED] - delay: Delayed 2 second(s)

2019-01-03 14:12:59 - [MESSAGE][PASSED] - Delayed 2 second(s)

2019-01-03 14:12:59 - [TEST_STEP][PASSED] - click: Object: 'Object Repository/Final Object Repo/Creating Employer Account/Page_Registration - ASSIST (Base)/City' is clicked on

2019-01-03 14:13:00 - [MESSAGE][PASSED] - Object: 'Object Repository/Final Object Repo/Creating Employer Account/Page_Registration - ASSIST (Base)/City' is clicked on

2019-01-03 14:13:00 - [TEST_STEP][PASSED] - delay: Delayed 2 second(s)

2019-01-03 14:13:02 - [MESSAGE][PASSED] - Delayed 2 second(s)

2019-01-03 14:13:02 - [TEST_STEP][PASSED] - setText: Text 'joh' is set on object 'Object Repository/Final Object Repo/Creating Employer Account/Page_Registration - ASSIST (Base)/City - joh'

2019-01-03 14:13:02 - [MESSAGE][PASSED] - Text 'joh' is set on object 'Object Repository/Final Object Repo/Creating Employer Account/Page_Registration - ASSIST (Base)/City - joh'

2019-01-03 14:13:02 - [TEST_STEP][PASSED] - delay: Delayed 2 second(s)

2019-01-03 14:13:04 - [MESSAGE][PASSED] - Delayed 2 second(s)

2019-01-03 14:13:04 - [TEST_STEP][PASSED] - click: Object: 'Object Repository/Final Object Repo/Creating Employer Account/Page_Registration - ASSIST (Base)/City - Johor Bharu' is clicked on

2019-01-03 14:13:04 - [MESSAGE][PASSED] - Object: 'Object Repository/Final Object Repo/Creating Employer Account/Page_Registration - ASSIST (Base)/City - Johor Bharu' is clicked on

2019-01-03 14:13:04 - [TEST_STEP][PASSED] - delay: Delayed 2 second(s)

2019-01-03 14:13:06 - [MESSAGE][PASSED] - Delayed 2 second(s)

2019-01-03 14:13:06 - [TEST_STEP][PASSED] - click: Object: 'Object Repository/Final Object Repo/Creating Employer Account/Page_Registration - ASSIST (Base)/Post Code' is clicked on

2019-01-03 14:13:06 - [MESSAGE][PASSED] - Object: 'Object Repository/Final Object Repo/Creating Employer Account/Page_Registration - ASSIST (Base)/Post Code' is clicked on

2019-01-03 14:13:06 - [TEST_STEP][PASSED] - delay: Delayed 2 second(s)

2019-01-03 14:13:08 - [MESSAGE][PASSED] - Delayed 2 second(s)

2019-01-03 14:13:08 - [TEST_STEP][PASSED] - setText: Text '810' is set on object 'Object Repository/Final Object Repo/Creating Employer Account/Page_Registration - ASSIST (Base)/Post Code - 810'

2019-01-03 14:13:08 - [MESSAGE][PASSED] - Text '810' is set on object 'Object Repository/Final Object Repo/Creating Employer Account/Page_Registration - ASSIST (Base)/Post Code - 810'

2019-01-03 14:13:08 - [TEST_STEP][PASSED] - delay: Delayed 2 second(s)

2019-01-03 14:13:10 - [MESSAGE][PASSED] - Delayed 2 second(s)

2019-01-03 14:13:10 - [TEST_STEP][PASSED] - click: Object: 'Object Repository/Final Object Repo/Creating Employer Account/Page_Registration - ASSIST (Base)/Post Code - 81000' is clicked on

2019-01-03 14:13:11 - [MESSAGE][PASSED] - Object: 'Object Repository/Final Object Repo/Creating Employer Account/Page_Registration - ASSIST (Base)/Post Code - 81000' is clicked on

2019-01-03 14:13:11 - [TEST_STEP][PASSED] - delay: Delayed 2 second(s)

2019-01-03 14:13:13 - [MESSAGE][PASSED] - Delayed 2 second(s)

2019-01-03 14:13:13 - [TEST_STEP][PASSED] - setText: Text 'PERKESO' is set on object 'Object Repository/Final Object Repo/Creating Employer Account/Page_Registration - ASSIST (Base)/Full Name'

2019-01-03 14:13:13 - [MESSAGE][PASSED] - Text 'PERKESO' is set on object 'Object Repository/Final Object Repo/Creating Employer Account/Page_Registration - ASSIST (Base)/Full Name'

2019-01-03 14:13:13 - [TEST_STEP][PASSED] - Statement - rnd = new java.util.Random(): null

2019-01-03 14:13:13 - [TEST_STEP][PASSED] - Statement - snum = rnd.nextInt(899999 + 1) + 100000: null

2019-01-03 14:13:13 - [TEST_STEP][PASSED] - Statement - tnum = rnd.nextInt(899999 + 1) + 100000: null

2019-01-03 14:13:13 - [TEST_STEP][PASSED] - Statement - IC = java.lang.Integer.toString(snum) + java.lang.Integer.toString(tnum): null

2019-01-03 14:13:13 - [TEST_STEP][PASSED] - Statement - out.println(IC): null

2019-01-03 14:13:13 - [TEST_STEP][PASSED] - setText: Text '330554433149' is set on object 'Object Repository/Final Object Repo/Creating Employer Account/Page_Registration - ASSIST (Base)/Identification Number'

2019-01-03 14:13:13 - [MESSAGE][PASSED] - Text '330554433149' is set on object 'Object Repository/Final Object Repo/Creating Employer Account/Page_Registration - ASSIST (Base)/Identification Number'

2019-01-03 14:13:13 - [TEST_STEP][PASSED] - delay: Delayed 2 second(s)

2019-01-03 14:13:15 - [MESSAGE][PASSED] - Delayed 2 second(s)

2019-01-03 14:13:15 - [TEST_STEP][PASSED] - setText: Text '123456789012' is set on object 'Object Repository/Final Object Repo/Creating Employer Account/Page_Registration - ASSIST (Base)/Contact Number'

2019-01-03 14:13:15 - [MESSAGE][PASSED] - Text '123456789012' is set on object 'Object Repository/Final Object Repo/Creating Employer Account/Page_Registration - ASSIST (Base)/Contact Number'

2019-01-03 14:13:15 - [TEST_STEP][PASSED] - Statement - Email = "perkeso" + IC + "@gmail.com": null

2019-01-03 14:13:15 - [TEST_STEP][PASSED] - delay: Delayed 2 second(s)

2019-01-03 14:13:17 - [MESSAGE][PASSED] - Delayed 2 second(s)

2019-01-03 14:13:17 - [TEST_STEP][PASSED] - callTestCase: Call Test Case 'Test Cases/Final Aug 2018 - PKS Automation/Create Employer Acc/Template/Employer Email Settler' successfully

2019-01-03 14:13:18 - [TEST_CASE][PASSED] - Test Cases/Final Aug 2018 - PKS Automation/Create Employer Acc/Template/Employer Email Settler: Test Cases/Final Aug 2018 - PKS Automation/Create Employer Acc/Template/Employer Email Settler

2019-01-03 14:13:18 - [TEST_STEP][PASSED] - Statement - EmpEmailOld = new java.io.File(C://Users//Admin//Desktop//PKS//Automation Reference Point//EmpEmail.txt): null

2019-01-03 14:13:18 - [TEST_STEP][PASSED] - Statement - EmpEmailOld.delete(): null

2019-01-03 14:13:18 - [TEST_STEP][PASSED] - delay: Delayed 5 second(s)

2019-01-03 14:13:23 - [MESSAGE][PASSED] - Delayed 5 second(s)

2019-01-03 14:13:23 - [TEST_STEP][PASSED] - Statement - EmpEmail = new java.io.File(C://Users//Admin//Desktop//PKS//Automation Reference Point//EmpEmail.txt): null

2019-01-03 14:13:23 - [TEST_STEP][PASSED] - Statement - f2 = new java.io.FileWriter(EmpEmail, false): null

2019-01-03 14:13:23 - [TEST_STEP][PASSED] - Statement - f2.write(Email): null

2019-01-03 14:13:23 - [TEST_STEP][PASSED] - Statement - f2.close(): null

2019-01-03 14:13:23 - [TEST_STEP][PASSED] - Statement - out.println(Email): null

2019-01-03 14:13:23 - [MESSAGE][PASSED] - Call Test Case 'Test Cases/Final Aug 2018 - PKS Automation/Create Employer Acc/Template/Employer Email Settler' successfully

2019-01-03 14:13:23 - [TEST_STEP][PASSED] - delay: Delayed 2 second(s)

2019-01-03 14:13:25 - [MESSAGE][PASSED] - Delayed 2 second(s)

2019-01-03 14:13:25 - [TEST_STEP][PASSED] - setText: Text 'perkeso330554433149@gmail.com' is set on object 'Object Repository/Final Object Repo/Creating Employer Account/Page_Registration - ASSIST (Base)/Email'

2019-01-03 14:13:25 - [MESSAGE][PASSED] - Text 'perkeso330554433149@gmail.com' is set on object 'Object Repository/Final Object Repo/Creating Employer Account/Page_Registration - ASSIST (Base)/Email'

2019-01-03 14:13:25 - [TEST_STEP][PASSED] - setText: Text '123' is set on object 'Object Repository/Final Object Repo/Creating Employer Account/Page_Registration - ASSIST (Base)/Security Phase'

2019-01-03 14:13:25 - [MESSAGE][PASSED] - Text '123' is set on object 'Object Repository/Final Object Repo/Creating Employer Account/Page_Registration - ASSIST (Base)/Security Phase'

2019-01-03 14:13:25 - [TEST_STEP][PASSED] - click: Object: 'Object Repository/Final Object Repo/Creating Employer Account/Page_Registration - ASSIST (Base)/Save  Continue' is clicked on

2019-01-03 14:13:25 - [MESSAGE][PASSED] - Object: 'Object Repository/Final Object Repo/Creating Employer Account/Page_Registration - ASSIST (Base)/Save  Continue' is clicked on

2019-01-03 14:13:25 - [TEST_STEP][PASSED] - delay: Delayed 2 second(s)

2019-01-03 14:13:27 - [MESSAGE][PASSED] - Delayed 2 second(s)

2019-01-03 14:13:27 - [TEST_STEP][PASSED] - click: Object: 'Object Repository/Final Object Repo/Creating Employer Account/Page_Registration - ASSIST (Base)/Add Document' is clicked on

2019-01-03 14:13:28 - [MESSAGE][PASSED] - Object: 'Object Repository/Final Object Repo/Creating Employer Account/Page_Registration - ASSIST (Base)/Add Document' is clicked on

2019-01-03 14:13:28 - [TEST_STEP][PASSED] - delay: Delayed 2 second(s)

2019-01-03 14:13:30 - [MESSAGE][PASSED] - Delayed 2 second(s)

2019-01-03 14:13:30 - [TEST_STEP][PASSED] - click: Object: 'Object Repository/Final Object Repo/Creating Employer Account/Page_Registration - ASSIST (Base)/Document Type' is clicked on

2019-01-03 14:13:30 - [MESSAGE][PASSED] - Object: 'Object Repository/Final Object Repo/Creating Employer Account/Page_Registration - ASSIST (Base)/Document Type' is clicked on

2019-01-03 14:13:30 - [TEST_STEP][PASSED] - delay: Delayed 2 second(s)

2019-01-03 14:13:32 - [MESSAGE][PASSED] - Delayed 2 second(s)

2019-01-03 14:13:32 - [TEST_STEP][PASSED] - click: Object: 'Object Repository/Final Object Repo/Creating Employer Account/Page_Registration - ASSIST (Base)/Document Type - Letter of Authorization' is clicked on

2019-01-03 14:13:32 - [MESSAGE][PASSED] - Object: 'Object Repository/Final Object Repo/Creating Employer Account/Page_Registration - ASSIST (Base)/Document Type - Letter of Authorization' is clicked on

2019-01-03 14:13:32 - [TEST_STEP][PASSED] - delay: Delayed 2 second(s)

2019-01-03 14:13:34 - [MESSAGE][PASSED] - Delayed 2 second(s)

2019-01-03 14:13:34 - [TEST_STEP][PASSED] - sendKeys: Keys 'C:\Users\Public\Pictures\Sample Pictures\Koala.jpg' sent to object: 'Object Repository/Final Object Repo/Creating Employer Account/Page_Registration - ASSIST (Base)/Uploading File'

2019-01-03 14:13:34 - [MESSAGE][PASSED] - Keys 'C:\Users\Public\Pictures\Sample Pictures\Koala.jpg' sent to object: 'Object Repository/Final Object Repo/Creating Employer Account/Page_Registration - ASSIST (Base)/Uploading File'

2019-01-03 14:13:34 - [TEST_STEP][PASSED] - delay: Delayed 2 second(s)

2019-01-03 14:13:36 - [MESSAGE][PASSED] - Delayed 2 second(s)

2019-01-03 14:13:36 - [TEST_STEP][PASSED] - click: Object: 'Object Repository/Final Object Repo/Creating Employer Account/Page_Registration - ASSIST (Base)/Add Document in Uploading File' is clicked on

2019-01-03 14:13:36 - [MESSAGE][PASSED] - Object: 'Object Repository/Final Object Repo/Creating Employer Account/Page_Registration - ASSIST (Base)/Add Document in Uploading File' is clicked on

2019-01-03 14:13:36 - [TEST_STEP][PASSED] - delay: Delayed 2 second(s)

2019-01-03 14:13:38 - [MESSAGE][PASSED] - Delayed 2 second(s)

2019-01-03 14:13:38 - [TEST_STEP][PASSED] - click: Object: 'Object Repository/Final Object Repo/Creating Employer Account/Page_Registration - ASSIST (Base)/Save' is clicked on

2019-01-03 14:13:38 - [MESSAGE][PASSED] - Object: 'Object Repository/Final Object Repo/Creating Employer Account/Page_Registration - ASSIST (Base)/Save' is clicked on

2019-01-03 14:13:38 - [TEST_STEP][PASSED] - delay: Delayed 2 second(s)

2019-01-03 14:13:40 - [MESSAGE][PASSED] - Delayed 2 second(s)

2019-01-03 14:13:40 - [TEST_STEP][PASSED] - click: Object: 'Object Repository/Final Object Repo/Creating Employer Account/Page_Registration - ASSIST (Base)/Submit' is clicked on

2019-01-03 14:13:41 - [MESSAGE][PASSED] - Object: 'Object Repository/Final Object Repo/Creating Employer Account/Page_Registration - ASSIST (Base)/Submit' is clicked on

2019-01-03 14:13:41 - [TEST_STEP][PASSED] - delay: Delayed 2 second(s)

2019-01-03 14:13:43 - [MESSAGE][PASSED] - Delayed 2 second(s)

2019-01-03 14:13:43 - [TEST_STEP][PASSED] - click: Object: 'Object Repository/Final Object Repo/Creating Employer Account/Page_Registration - ASSIST (Base)/Confirm' is clicked on

2019-01-03 14:13:43 - [MESSAGE][PASSED] - Object: 'Object Repository/Final Object Repo/Creating Employer Account/Page_Registration - ASSIST (Base)/Confirm' is clicked on

2019-01-03 14:13:43 - [MESSAGE][PASSED] - Call Test Case 'Test Cases/Final Aug 2018 - PKS Automation/Create Employer Acc/Template/Register Employer' successfully

2019-01-03 14:13:43 - [TEST_STEP][PASSED] - delay: Delayed 1 second(s)

2019-01-03 14:13:44 - [MESSAGE][PASSED] - Delayed 1 second(s)

2019-01-03 14:13:44 - [TEST_STEP][PASSED] - navigateToUrl: Navigate to 'https://assist2-uat.perkeso.gov.my/c/portal/logout' successfully

2019-01-03 14:13:45 - [MESSAGE][PASSED] - Navigate to 'https://assist2-uat.perkeso.gov.my/c/portal/logout' successfully

2019-01-03 14:13:45 - [TEST_STEP][PASSED] - delay: Delayed 1 second(s)

2019-01-03 14:13:46 - [MESSAGE][PASSED] - Delayed 1 second(s)

2019-01-03 14:13:46 - [TEST_STEP][PASSED] - callTestCase: Call Test Case 'Test Cases/Final Aug 2018 - PKS Automation/Create Employer Acc/Template/Change Password of Employer' successfully

2019-01-03 14:13:46 - [TEST_CASE][PASSED] - Test Cases/Final Aug 2018 - PKS Automation/Create Employer Acc/Template/Change Password of Employer: Test Cases/Final Aug 2018 - PKS Automation/Create Employer Acc/Template/Change Password of Employer

2019-01-03 14:13:46 - [TEST_STEP][PASSED] - openBrowser: Browser is opened with url: ''

2019-01-03 14:13:46 - [MESSAGE][WARNING] - A browser is already opened. Closing browser and opening a new one

2019-01-03 14:13:50 - [MESSAGE][PASSED] - Browser is opened with url: ''

2019-01-03 14:13:50 - [TEST_STEP][PASSED] - navigateToUrl: Navigate to 'https://assist2-uat.perkeso.gov.my/login' successfully

2019-01-03 14:13:51 - [MESSAGE][PASSED] - Navigate to 'https://assist2-uat.perkeso.gov.my/login' successfully

2019-01-03 14:13:51 - [TEST_STEP][PASSED] - delay: Delayed 5 second(s)

2019-01-03 14:13:56 - [MESSAGE][PASSED] - Delayed 5 second(s)

2019-01-03 14:13:56 - [TEST_STEP][PASSED] - setText: Text 'test@liferay.com' is set on object 'Object Repository/Final Object Repo/Login Page/Internal User/Email Address'

2019-01-03 14:13:57 - [MESSAGE][PASSED] - Text 'test@liferay.com' is set on object 'Object Repository/Final Object Repo/Login Page/Internal User/Email Address'

2019-01-03 14:13:57 - [TEST_STEP][PASSED] - click: Object: 'Object Repository/Final Object Repo/Login Page/Internal User/Next Button' is clicked on

2019-01-03 14:13:57 - [MESSAGE][PASSED] - Object: 'Object Repository/Final Object Repo/Login Page/Internal User/Next Button' is clicked on

2019-01-03 14:13:57 - [TEST_STEP][PASSED] - delay: Delayed 2 second(s)

2019-01-03 14:13:59 - [MESSAGE][PASSED] - Delayed 2 second(s)

2019-01-03 14:13:59 - [TEST_STEP][PASSED] - setText: Text 'test' is set on object 'Object Repository/Final Object Repo/Login Page/Internal User/Password'

2019-01-03 14:13:59 - [MESSAGE][PASSED] - Text 'test' is set on object 'Object Repository/Final Object Repo/Login Page/Internal User/Password'

2019-01-03 14:13:59 - [TEST_STEP][PASSED] - delay: Delayed 2 second(s)

2019-01-03 14:14:01 - [MESSAGE][PASSED] - Delayed 2 second(s)

2019-01-03 14:14:01 - [TEST_STEP][PASSED] - click: Object: 'Object Repository/Final Object Repo/Login Page/Internal User/Login Button' is clicked on

2019-01-03 14:14:01 - [MESSAGE][PASSED] - Object: 'Object Repository/Final Object Repo/Login Page/Internal User/Login Button' is clicked on

2019-01-03 14:14:01 - [TEST_STEP][PASSED] - delay: Delayed 3 second(s)

2019-01-03 14:14:04 - [MESSAGE][PASSED] - Delayed 3 second(s)

2019-01-03 14:14:04 - [TEST_STEP][PASSED] - navigateToUrl: Navigate to 'https://assist2-uat.perkeso.gov.my/group/control_panel/manage?p_p_id=125&p_p_lifecycle=0&p_p_state=maximized&p_p_mode=view&refererPlid=20455&_125_usersListView=flat-users&_125_toolbarItem=view-all-users&_125_saveUsersListView=true&_125_struts_action=%2Fusers_admin%2Fview' successfully

2019-01-03 14:14:06 - [MESSAGE][PASSED] - Navigate to 'https://assist2-uat.perkeso.gov.my/group/control_panel/manage?p_p_id=125&p_p_lifecycle=0&p_p_state=maximized&p_p_mode=view&refererPlid=20455&_125_usersListView=flat-users&_125_toolbarItem=view-all-users&_125_saveUsersListView=true&_125_struts_action=%2Fusers_admin%2Fview' successfully

2019-01-03 14:14:06 - [TEST_STEP][PASSED] - delay: Delayed 3 second(s)

2019-01-03 14:14:09 - [MESSAGE][PASSED] - Delayed 3 second(s)

2019-01-03 14:14:09 - [TEST_STEP][PASSED] - setText: Text 'perkeso330554433149@gmail.com' is set on object 'Object Repository/Final Object Repo/Creating Employer Account/Page_Users and Organizations - ASSIST/Employer name'

2019-01-03 14:14:10 - [MESSAGE][PASSED] - Text 'perkeso330554433149@gmail.com' is set on object 'Object Repository/Final Object Repo/Creating Employer Account/Page_Users and Organizations - ASSIST/Employer name'

2019-01-03 14:14:10 - [TEST_STEP][PASSED] - delay: Delayed 3 second(s)

2019-01-03 14:14:13 - [MESSAGE][PASSED] - Delayed 3 second(s)

2019-01-03 14:14:13 - [TEST_STEP][PASSED] - click: Object: 'Object Repository/Final Object Repo/Creating Employer Account/Page_Users and Organizations - ASSIST/Search' is clicked on

2019-01-03 14:14:14 - [MESSAGE][PASSED] - Object: 'Object Repository/Final Object Repo/Creating Employer Account/Page_Users and Organizations - ASSIST/Search' is clicked on

2019-01-03 14:14:14 - [TEST_STEP][PASSED] - delay: Delayed 3 second(s)

2019-01-03 14:14:17 - [MESSAGE][PASSED] - Delayed 3 second(s)

2019-01-03 14:14:17 - [TEST_STEP][PASSED] - click: Object: 'Object Repository/Final Object Repo/Creating Employer Account/Page_Users and Organizations - ASSIST/Action' is clicked on

2019-01-03 14:14:17 - [MESSAGE][PASSED] - Object: 'Object Repository/Final Object Repo/Creating Employer Account/Page_Users and Organizations - ASSIST/Action' is clicked on

2019-01-03 14:14:17 - [TEST_STEP][PASSED] - delay: Delayed 3 second(s)

2019-01-03 14:14:20 - [MESSAGE][PASSED] - Delayed 3 second(s)

2019-01-03 14:14:20 - [TEST_STEP][PASSED] - click: Object: 'Object Repository/Final Object Repo/Creating Employer Account/Page_Users and Organizations - ASSIST/Edit' is clicked on

2019-01-03 14:14:21 - [MESSAGE][PASSED] - Object: 'Object Repository/Final Object Repo/Creating Employer Account/Page_Users and Organizations - ASSIST/Edit' is clicked on

2019-01-03 14:14:21 - [TEST_STEP][PASSED] - delay: Delayed 3 second(s)

2019-01-03 14:14:24 - [MESSAGE][PASSED] - Delayed 3 second(s)

2019-01-03 14:14:24 - [TEST_STEP][PASSED] - click: Object: 'Object Repository/Final Object Repo/Creating Employer Account/Page_PERKESO - Users and Organizati/a_Password (Modified)' is clicked on

2019-01-03 14:14:24 - [MESSAGE][PASSED] - Object: 'Object Repository/Final Object Repo/Creating Employer Account/Page_PERKESO - Users and Organizati/a_Password (Modified)' is clicked on

2019-01-03 14:14:24 - [TEST_STEP][PASSED] - delay: Delayed 3 second(s)

2019-01-03 14:14:27 - [MESSAGE][PASSED] - Delayed 3 second(s)

2019-01-03 14:14:27 - [TEST_STEP][PASSED] - setEncryptedText: Text ****** has been set on object 'Object Repository/Final Object Repo/Creating Employer Account/Page_PERKESO - Users and Organizati/input__125_password1'

2019-01-03 14:14:27 - [MESSAGE][PASSED] - Text ****** has been set on object 'Object Repository/Final Object Repo/Creating Employer Account/Page_PERKESO - Users and Organizati/input__125_password1'

2019-01-03 14:14:27 - [TEST_STEP][PASSED] - delay: Delayed 3 second(s)

2019-01-03 14:14:30 - [MESSAGE][PASSED] - Delayed 3 second(s)

2019-01-03 14:14:30 - [TEST_STEP][PASSED] - setEncryptedText: Text ****** has been set on object 'Object Repository/Final Object Repo/Creating Employer Account/Page_PERKESO - Users and Organizati/input__125_password2'

2019-01-03 14:14:31 - [MESSAGE][PASSED] - Text ****** has been set on object 'Object Repository/Final Object Repo/Creating Employer Account/Page_PERKESO - Users and Organizati/input__125_password2'

2019-01-03 14:14:31 - [TEST_STEP][PASSED] - delay: Delayed 3 second(s)

2019-01-03 14:14:34 - [MESSAGE][PASSED] - Delayed 3 second(s)

2019-01-03 14:14:34 - [TEST_STEP][PASSED] - click: Object: 'Object Repository/Final Object Repo/Creating Employer Account/Page_PERKESO - Users and Organizati/Save' is clicked on

2019-01-03 14:14:35 - [MESSAGE][PASSED] - Object: 'Object Repository/Final Object Repo/Creating Employer Account/Page_PERKESO - Users and Organizati/Save' is clicked on

2019-01-03 14:14:35 - [MESSAGE][PASSED] - Call Test Case 'Test Cases/Final Aug 2018 - PKS Automation/Create Employer Acc/Template/Change Password of Employer' successfully

2019-01-03 14:14:35 - [TEST_STEP][PASSED] - delay: Delayed 1 second(s)

2019-01-03 14:14:36 - [MESSAGE][PASSED] - Delayed 1 second(s)

2019-01-03 14:14:36 - [TEST_STEP][PASSED] - navigateToUrl: Navigate to 'https://assist2-uat.perkeso.gov.my/c/portal/logout' successfully

2019-01-03 14:14:37 - [MESSAGE][PASSED] - Navigate to 'https://assist2-uat.perkeso.gov.my/c/portal/logout' successfully

2019-01-03 14:14:37 - [TEST_STEP][PASSED] - delay: Delayed 1 second(s)

2019-01-03 14:14:38 - [MESSAGE][PASSED] - Delayed 1 second(s)

2019-01-03 14:14:38 - [TEST_STEP][PASSED] - callTestCase: Call Test Case 'Test Cases/Final Aug 2018 - PKS Automation/Create Employer Acc/Template/Login to Employer Account (First Time)' successfully

2019-01-03 14:14:38 - [TEST_CASE][PASSED] - Test Cases/Final Aug 2018 - PKS Automation/Create Employer Acc/Template/Login to Employer Account (First Time): Test Cases/Final Aug 2018 - PKS Automation/Create Employer Acc/Template/Login to Employer Account (First Time)

2019-01-03 14:14:38 - [TEST_STEP][PASSED] - openBrowser: Browser is opened with url: ''

2019-01-03 14:14:38 - [MESSAGE][WARNING] - A browser is already opened. Closing browser and opening a new one

2019-01-03 14:14:42 - [MESSAGE][PASSED] - Browser is opened with url: ''

2019-01-03 14:14:42 - [TEST_STEP][PASSED] - navigateToUrl: Navigate to 'https://assist2-uat.perkeso.gov.my/employer/login' successfully

2019-01-03 14:14:43 - [MESSAGE][PASSED] - Navigate to 'https://assist2-uat.perkeso.gov.my/employer/login' successfully

2019-01-03 14:14:43 - [TEST_STEP][PASSED] - delay: Delayed 3 second(s)

2019-01-03 14:14:46 - [MESSAGE][PASSED] - Delayed 3 second(s)

2019-01-03 14:14:46 - [TEST_STEP][PASSED] - callTestCase: Call Test Case 'Test Cases/Final Aug 2018 - PKS Automation/Create Employer Acc/Template/Employer Email Getter' successfully

2019-01-03 14:14:46 - [TEST_CASE][PASSED] - Test Cases/Final Aug 2018 - PKS Automation/Create Employer Acc/Template/Employer Email Getter: Test Cases/Final Aug 2018 - PKS Automation/Create Employer Acc/Template/Employer Email Getter

2019-01-03 14:14:46 - [TEST_STEP][PASSED] - Statement - Try: null

2019-01-03 14:14:46 - [TEST_STEP][PASSED] - Statement - EmpEmail = new java.io.File(C://Users//Admin//Desktop//PKS//Automation Reference Point//EmpEmail.txt): null

2019-01-03 14:14:46 - [TEST_STEP][PASSED] - Statement - bufferread = new java.io.BufferedReader(new java.io.FileReader(EmpEmail)): null

2019-01-03 14:14:46 - [TEST_STEP][PASSED] - Statement - readedVal = bufferread.readLine(): null

2019-01-03 14:14:46 - [TEST_STEP][PASSED] - Statement - out.println(readedVal): null

2019-01-03 14:14:46 - [TEST_STEP][PASSED] - Statement - Email = readedVal: null

2019-01-03 14:14:46 - [MESSAGE][PASSED] - Call Test Case 'Test Cases/Final Aug 2018 - PKS Automation/Create Employer Acc/Template/Employer Email Getter' successfully

2019-01-03 14:14:46 - [TEST_STEP][PASSED] - setText: Text 'perkeso330554433149@gmail.com' is set on object 'Object Repository/Final Object Repo/Login Page/External Login Page/Email'

2019-01-03 14:14:47 - [MESSAGE][PASSED] - Text 'perkeso330554433149@gmail.com' is set on object 'Object Repository/Final Object Repo/Login Page/External Login Page/Email'

2019-01-03 14:14:47 - [TEST_STEP][PASSED] - click: Object: 'Object Repository/Final Object Repo/Login Page/External Login Page/Next' is clicked on

2019-01-03 14:14:47 - [MESSAGE][PASSED] - Object: 'Object Repository/Final Object Repo/Login Page/External Login Page/Next' is clicked on

2019-01-03 14:14:47 - [TEST_STEP][PASSED] - delay: Delayed 3 second(s)

2019-01-03 14:14:50 - [MESSAGE][PASSED] - Delayed 3 second(s)

2019-01-03 14:14:50 - [TEST_STEP][PASSED] - setEncryptedText: Text ****** has been set on object 'Object Repository/Final Object Repo/Login Page/External Login Page/Password'

2019-01-03 14:14:50 - [MESSAGE][PASSED] - Text ****** has been set on object 'Object Repository/Final Object Repo/Login Page/External Login Page/Password'

2019-01-03 14:14:50 - [TEST_STEP][PASSED] - click: Object: 'Object Repository/Final Object Repo/Login Page/External Login Page/Login' is clicked on

2019-01-03 14:14:50 - [MESSAGE][PASSED] - Object: 'Object Repository/Final Object Repo/Login Page/External Login Page/Login' is clicked on

2019-01-03 14:14:50 - [TEST_STEP][PASSED] - delay: Delayed 3 second(s)

2019-01-03 14:14:53 - [MESSAGE][PASSED] - Delayed 3 second(s)

2019-01-03 14:14:53 - [TEST_STEP][PASSED] - click: Object: 'Object Repository/Final Object Repo/Creating Employer Account/Page_Terms of Use - ASSIST/button_I Agree' is clicked on

2019-01-03 14:14:54 - [MESSAGE][PASSED] - Object: 'Object Repository/Final Object Repo/Creating Employer Account/Page_Terms of Use - ASSIST/button_I Agree' is clicked on

2019-01-03 14:14:54 - [TEST_STEP][PASSED] - delay: Delayed 2 second(s)

2019-01-03 14:14:56 - [MESSAGE][PASSED] - Delayed 2 second(s)

2019-01-03 14:14:56 - [TEST_STEP][PASSED] - setEncryptedText: Text ****** has been set on object 'Object Repository/Final Object Repo/Creating Employer Account/Page_New Password - ASSIST/input_password1'

2019-01-03 14:14:57 - [MESSAGE][PASSED] - Text ****** has been set on object 'Object Repository/Final Object Repo/Creating Employer Account/Page_New Password - ASSIST/input_password1'

2019-01-03 14:14:57 - [TEST_STEP][PASSED] - setEncryptedText: Text ****** has been set on object 'Object Repository/Final Object Repo/Creating Employer Account/Page_New Password - ASSIST/input_password2'

2019-01-03 14:14:57 - [MESSAGE][PASSED] - Text ****** has been set on object 'Object Repository/Final Object Repo/Creating Employer Account/Page_New Password - ASSIST/input_password2'

2019-01-03 14:14:57 - [TEST_STEP][PASSED] - delay: Delayed 2 second(s)

2019-01-03 14:14:59 - [MESSAGE][PASSED] - Delayed 2 second(s)

2019-01-03 14:14:59 - [TEST_STEP][PASSED] - click: Object: 'Object Repository/Final Object Repo/Creating Employer Account/Page_New Password - ASSIST/Save' is clicked on

2019-01-03 14:14:59 - [MESSAGE][PASSED] - Object: 'Object Repository/Final Object Repo/Creating Employer Account/Page_New Password - ASSIST/Save' is clicked on

2019-01-03 14:14:59 - [TEST_STEP][PASSED] - delay: Delayed 2 second(s)

2019-01-03 14:15:01 - [MESSAGE][PASSED] - Delayed 2 second(s)

2019-01-03 14:15:01 - [TEST_STEP][PASSED] - setText: Text 'test' is set on object 'Object Repository/Final Object Repo/Creating Employer Account/Page_Password Reminder - ASSIST/Reminder Query Answer'

2019-01-03 14:15:01 - [MESSAGE][PASSED] - Text 'test' is set on object 'Object Repository/Final Object Repo/Creating Employer Account/Page_Password Reminder - ASSIST/Reminder Query Answer'

2019-01-03 14:15:01 - [TEST_STEP][PASSED] - delay: Delayed 2 second(s)

2019-01-03 14:15:03 - [MESSAGE][PASSED] - Delayed 2 second(s)

2019-01-03 14:15:03 - [TEST_STEP][PASSED] - doubleClick: Object: 'Object Repository/Final Object Repo/Creating Employer Account/Page_Password Reminder - ASSIST/Save' is double clicked on

2019-01-03 14:15:03 - [MESSAGE][PASSED] - Object: 'Object Repository/Final Object Repo/Creating Employer Account/Page_Password Reminder - ASSIST/Save' is double clicked on

2019-01-03 14:15:03 - [MESSAGE][PASSED] - Call Test Case 'Test Cases/Final Aug 2018 - PKS Automation/Create Employer Acc/Template/Login to Employer Account (First Time)' successfully

2019-01-03 14:15:03 - [MESSAGE][PASSED] - Call Test Case 'Test Cases/Final Aug 2018 - PKS Automation/Create Employer Acc/Create Employer Account' successfully

2019-01-03 14:15:03 - [TEST_STEP][PASSED] - callTestCase: Call Test Case 'Test Cases/Final Aug 2018 - PKS Automation/Registration Module/Log Out/log out avoiding katalon tagging' successfully

2019-01-03 14:15:03 - [TEST_CASE][PASSED] - Test Cases/Final Aug 2018 - PKS Automation/Registration Module/Log Out/log out avoiding katalon tagging: Test Cases/Final Aug 2018 - PKS Automation/Registration Module/Log Out/log out avoiding katalon tagging

2019-01-03 14:15:03 - [TEST_STEP][PASSED] - navigateToUrl: Navigate to 'https://assist2-uat.perkeso.gov.my/c/portal/logout' successfully

2019-01-03 14:15:07 - [MESSAGE][PASSED] - Navigate to 'https://assist2-uat.perkeso.gov.my/c/portal/logout' successfully

2019-01-03 14:15:07 - [MESSAGE][PASSED] - Call Test Case 'Test Cases/Final Aug 2018 - PKS Automation/Registration Module/Log Out/log out avoiding katalon tagging' successfully

2019-01-03 14:15:07 - [TEST_STEP][PASSED] - callTestCase: Call Test Case 'Test Cases/Final Aug 2018 - PKS Automation/Create Employer Acc/Login to Employer Account (Second time)' successfully

2019-01-03 14:15:07 - [TEST_CASE][PASSED] - Test Cases/Final Aug 2018 - PKS Automation/Create Employer Acc/Login to Employer Account (Second time): Test Cases/Final Aug 2018 - PKS Automation/Create Employer Acc/Login to Employer Account (Second time)

2019-01-03 14:15:07 - [TEST_STEP][PASSED] - openBrowser: Browser is opened with url: ''

2019-01-03 14:15:07 - [MESSAGE][WARNING] - A browser is already opened. Closing browser and opening a new one

2019-01-03 14:15:10 - [MESSAGE][PASSED] - Browser is opened with url: ''

2019-01-03 14:15:10 - [TEST_STEP][PASSED] - navigateToUrl: Navigate to 'https://assist2-uat.perkeso.gov.my/employer/login' successfully

2019-01-03 14:15:11 - [MESSAGE][PASSED] - Navigate to 'https://assist2-uat.perkeso.gov.my/employer/login' successfully

2019-01-03 14:15:11 - [TEST_STEP][PASSED] - delay: Delayed 3 second(s)

2019-01-03 14:15:14 - [MESSAGE][PASSED] - Delayed 3 second(s)

2019-01-03 14:15:14 - [TEST_STEP][PASSED] - callTestCase: Call Test Case 'Test Cases/Final Aug 2018 - PKS Automation/Create Employer Acc/Template/Employer Email Getter' successfully

2019-01-03 14:15:15 - [TEST_CASE][PASSED] - Test Cases/Final Aug 2018 - PKS Automation/Create Employer Acc/Template/Employer Email Getter: Test Cases/Final Aug 2018 - PKS Automation/Create Employer Acc/Template/Employer Email Getter

2019-01-03 14:15:15 - [TEST_STEP][PASSED] - Statement - Try: null

2019-01-03 14:15:15 - [TEST_STEP][PASSED] - Statement - EmpEmail = new java.io.File(C://Users//Admin//Desktop//PKS//Automation Reference Point//EmpEmail.txt): null

2019-01-03 14:15:15 - [TEST_STEP][PASSED] - Statement - bufferread = new java.io.BufferedReader(new java.io.FileReader(EmpEmail)): null

2019-01-03 14:15:15 - [TEST_STEP][PASSED] - Statement - readedVal = bufferread.readLine(): null

2019-01-03 14:15:15 - [TEST_STEP][PASSED] - Statement - out.println(readedVal): null

2019-01-03 14:15:15 - [TEST_STEP][PASSED] - Statement - Email = readedVal: null

2019-01-03 14:15:15 - [MESSAGE][PASSED] - Call Test Case 'Test Cases/Final Aug 2018 - PKS Automation/Create Employer Acc/Template/Employer Email Getter' successfully

2019-01-03 14:15:15 - [TEST_STEP][PASSED] - setText: Text 'perkeso330554433149@gmail.com' is set on object 'Object Repository/Final Object Repo/Login Page/External Login Page/Email'

2019-01-03 14:15:15 - [MESSAGE][PASSED] - Text 'perkeso330554433149@gmail.com' is set on object 'Object Repository/Final Object Repo/Login Page/External Login Page/Email'

2019-01-03 14:15:15 - [TEST_STEP][PASSED] - click: Object: 'Object Repository/Final Object Repo/Login Page/External Login Page/Next' is clicked on

2019-01-03 14:15:15 - [MESSAGE][PASSED] - Object: 'Object Repository/Final Object Repo/Login Page/External Login Page/Next' is clicked on

2019-01-03 14:15:15 - [TEST_STEP][PASSED] - delay: Delayed 3 second(s)

2019-01-03 14:15:18 - [MESSAGE][PASSED] - Delayed 3 second(s)

2019-01-03 14:15:18 - [TEST_STEP][PASSED] - setEncryptedText: Text ****** has been set on object 'Object Repository/Final Object Repo/Login Page/External Login Page/Password'

2019-01-03 14:15:18 - [MESSAGE][PASSED] - Text ****** has been set on object 'Object Repository/Final Object Repo/Login Page/External Login Page/Password'

2019-01-03 14:15:18 - [TEST_STEP][PASSED] - click: Object: 'Object Repository/Final Object Repo/Login Page/External Login Page/Login' is clicked on

2019-01-03 14:15:19 - [MESSAGE][PASSED] - Object: 'Object Repository/Final Object Repo/Login Page/External Login Page/Login' is clicked on

2019-01-03 14:15:19 - [TEST_STEP][PASSED] - delay: Delayed 5 second(s)

2019-01-03 14:15:24 - [MESSAGE][PASSED] - Delayed 5 second(s)

2019-01-03 14:15:24 - [MESSAGE][PASSED] - Call Test Case 'Test Cases/Final Aug 2018 - PKS Automation/Create Employer Acc/Login to Employer Account (Second time)' successfully

2019-01-03 14:15:24 - [TEST_STEP][PASSED] - delay: Delayed 4 second(s)

2019-01-03 14:15:28 - [MESSAGE][PASSED] - Delayed 4 second(s)

2019-01-03 14:15:28 - [TEST_STEP][PASSED] - Statement - Try: Delayed 2 second(s)

2019-01-03 14:15:28 - [TEST_STEP][PASSED] - Statement - Checker = false: null

2019-01-03 14:15:28 - [TEST_STEP][PASSED] - Statement - Checker = com.kms.katalon.core.webui.keyword.WebUiBuiltInKeywords.verifyElementHasAttribute(com.kms.katalon.core.testobject.ObjectRepository.findTestObject(Final Object Repo/Landing Page/BM Detecting), "href", 20, OPTIONAL): Object 'Object Repository/Final Object Repo/Landing Page/BM Detecting' has attribute 'href'

2019-01-03 14:15:28 - [MESSAGE][PASSED] - Object 'Object Repository/Final Object Repo/Landing Page/BM Detecting' has attribute 'href'

2019-01-03 14:15:28 - [TEST_STEP][PASSED] - Statement - out.println(Checker): null

2019-01-03 14:15:28 - [TEST_STEP][PASSED] - Statement - If (Checker == false): null

2019-01-03 14:15:28 - [TEST_STEP][PASSED] - Statement - Else: null

2019-01-03 14:15:28 - [TEST_STEP][PASSED] - delay: Delayed 2 second(s)

2019-01-03 14:15:30 - [MESSAGE][PASSED] - Delayed 2 second(s)

2019-01-03 14:15:30 - [TEST_STEP][PASSED] - delay: Delayed 4 second(s)

2019-01-03 14:15:34 - [MESSAGE][PASSED] - Delayed 4 second(s)

2019-01-03 14:15:34 - [TEST_STEP][PASSED] - click: Object: 'Object Repository/Final Object Repo/Landing Page/My Sites Drop Down' is clicked on

2019-01-03 14:15:34 - [MESSAGE][PASSED] - Object: 'Object Repository/Final Object Repo/Landing Page/My Sites Drop Down' is clicked on

2019-01-03 14:15:34 - [TEST_STEP][PASSED] - click: Object: 'Object Repository/Final Object Repo/Landing Page/Select to Registration Module' is clicked on

2019-01-03 14:15:36 - [MESSAGE][PASSED] - Object: 'Object Repository/Final Object Repo/Landing Page/Select to Registration Module' is clicked on

2019-01-03 14:15:36 - [TEST_STEP][PASSED] - click: Object: 'Object Repository/Final Object Repo/Landing Page/Registration Button' is clicked on

2019-01-03 14:15:39 - [MESSAGE][PASSED] - Object: 'Object Repository/Final Object Repo/Landing Page/Registration Button' is clicked on

2019-01-03 14:15:39 - [TEST_STEP][PASSED] - delay: Delayed 2 second(s)

2019-01-03 14:15:41 - [MESSAGE][PASSED] - Delayed 2 second(s)

2019-01-03 14:15:41 - [TEST_STEP][PASSED] - click: Object: 'Object Repository/Final Object Repo/New Registration - Registration Module Pages/New Reg - OTC to RO/Special Case - OTC - Form 1/AEC NO' is clicked on

2019-01-03 14:15:41 - [MESSAGE][PASSED] - Object: 'Object Repository/Final Object Repo/New Registration - Registration Module Pages/New Reg - OTC to RO/Special Case - OTC - Form 1/AEC NO' is clicked on

2019-01-03 14:15:41 - [TEST_STEP][PASSED] - click: Object: 'Object Repository/Final Object Repo/New Registration - Registration Module Pages/New Reg - OTC to RO/Special Case - OTC - Form 1/Business Entity - Please Select' is clicked on

2019-01-03 14:15:41 - [MESSAGE][PASSED] - Object: 'Object Repository/Final Object Repo/New Registration - Registration Module Pages/New Reg - OTC to RO/Special Case - OTC - Form 1/Business Entity - Please Select' is clicked on

2019-01-03 14:15:41 - [TEST_STEP][PASSED] - click: Object: 'Object Repository/Final Object Repo/New Registration - Registration Module Pages/New Reg - OTC to RO/Special Case - OTC - Form 1/Selected - Corporation' is clicked on

2019-01-03 14:15:41 - [MESSAGE][PASSED] - Object: 'Object Repository/Final Object Repo/New Registration - Registration Module Pages/New Reg - OTC to RO/Special Case - OTC - Form 1/Selected - Corporation' is clicked on

2019-01-03 14:15:41 - [TEST_STEP][PASSED] - delay: Delayed 2 second(s)

2019-01-03 14:15:43 - [MESSAGE][PASSED] - Delayed 2 second(s)

2019-01-03 14:15:43 - [TEST_STEP][PASSED] - click: Object: 'Object Repository/Final Object Repo/New Registration - Registration Module Pages/New Reg - OTC to RO/Special Case - OTC - Form 1/Sub Business Entity - Please Select' is clicked on

2019-01-03 14:15:43 - [MESSAGE][PASSED] - Object: 'Object Repository/Final Object Repo/New Registration - Registration Module Pages/New Reg - OTC to RO/Special Case - OTC - Form 1/Sub Business Entity - Please Select' is clicked on

2019-01-03 14:15:43 - [TEST_STEP][PASSED] - delay: Delayed 2 second(s)

2019-01-03 14:15:45 - [MESSAGE][PASSED] - Delayed 2 second(s)

2019-01-03 14:15:45 - [TEST_STEP][PASSED] - click: Object: 'Object Repository/Final Object Repo/New Registration - Registration Module Pages/New Reg - OTC to RO/Special Case - OTC - Form 1/Selected - Sendirian Berhad' is clicked on

2019-01-03 14:15:46 - [MESSAGE][PASSED] - Object: 'Object Repository/Final Object Repo/New Registration - Registration Module Pages/New Reg - OTC to RO/Special Case - OTC - Form 1/Selected - Sendirian Berhad' is clicked on

2019-01-03 14:15:46 - [TEST_STEP][PASSED] - setText: Text 'AUTOMATE001' is set on object 'Object Repository/Final Object Repo/New Registration - Registration Module Pages/New Reg - OTC to RO/Special Case - OTC - Form 1/Input BRN Number'

2019-01-03 14:15:46 - [MESSAGE][PASSED] - Text 'AUTOMATE001' is set on object 'Object Repository/Final Object Repo/New Registration - Registration Module Pages/New Reg - OTC to RO/Special Case - OTC - Form 1/Input BRN Number'

2019-01-03 14:15:46 - [TEST_STEP][PASSED] - delay: Delayed 2 second(s)

2019-01-03 14:15:48 - [MESSAGE][PASSED] - Delayed 2 second(s)

2019-01-03 14:15:48 - [TEST_STEP][PASSED] - click: Object: 'Object Repository/Final Object Repo/New Registration - Registration Module Pages/New Reg - OTC to RO/Special Case - OTC - Form 1/BRN Search' is clicked on

2019-01-03 14:15:48 - [MESSAGE][PASSED] - Object: 'Object Repository/Final Object Repo/New Registration - Registration Module Pages/New Reg - OTC to RO/Special Case - OTC - Form 1/BRN Search' is clicked on

2019-01-03 14:15:48 - [TEST_STEP][PASSED] - delay: Delayed 4 second(s)

2019-01-03 14:15:52 - [MESSAGE][PASSED] - Delayed 4 second(s)

2019-01-03 14:15:52 - [TEST_STEP][PASSED] - click: Object: 'Object Repository/Final Object Repo/New Registration - Registration Module Pages/New Reg - OTC to RO/Special Case - OTC - Form 1/Registered with SSM - After Feb 2017' is clicked on

2019-01-03 14:15:52 - [MESSAGE][PASSED] - Object: 'Object Repository/Final Object Repo/New Registration - Registration Module Pages/New Reg - OTC to RO/Special Case - OTC - Form 1/Registered with SSM - After Feb 2017' is clicked on

2019-01-03 14:15:52 - [TEST_STEP][PASSED] - delay: Delayed 2 second(s)

2019-01-03 14:15:54 - [MESSAGE][PASSED] - Delayed 2 second(s)

2019-01-03 14:15:54 - [TEST_STEP][PASSED] - click: Object: 'Object Repository/Final Object Repo/New Registration - Registration Module Pages/Form 1/Registered As a Branch - Yes' is clicked on

2019-01-03 14:15:55 - [MESSAGE][PASSED] - Object: 'Object Repository/Final Object Repo/New Registration - Registration Module Pages/Form 1/Registered As a Branch - Yes' is clicked on

2019-01-03 14:15:55 - [TEST_STEP][PASSED] - click: Object: 'Object Repository/Final Object Repo/New Registration - Registration Module Pages/New Reg - OTC to RO/Special Case - OTC - Form 1/Acknowledgement Ticked' is clicked on

2019-01-03 14:15:55 - [MESSAGE][PASSED] - Object: 'Object Repository/Final Object Repo/New Registration - Registration Module Pages/New Reg - OTC to RO/Special Case - OTC - Form 1/Acknowledgement Ticked' is clicked on

2019-01-03 14:15:55 - [TEST_STEP][PASSED] - setText: Text 'perkeso330554433149@gmail.com' is set on object 'Object Repository/Final Object Repo/New Registration - Registration Module Pages/Form 1/Email'

2019-01-03 14:15:56 - [MESSAGE][PASSED] - Text 'perkeso330554433149@gmail.com' is set on object 'Object Repository/Final Object Repo/New Registration - Registration Module Pages/Form 1/Email'

2019-01-03 14:15:56 - [TEST_STEP][PASSED] - click: Object: 'Object Repository/Final Object Repo/New Registration - Registration Module Pages/New Reg - OTC to RO/Special Case - OTC - Form 1/Submit Button' is clicked on

2019-01-03 14:15:56 - [MESSAGE][PASSED] - Object: 'Object Repository/Final Object Repo/New Registration - Registration Module Pages/New Reg - OTC to RO/Special Case - OTC - Form 1/Submit Button' is clicked on

2019-01-03 14:15:56 - [TEST_STEP][PASSED] - callTestCase: Call Test Case 'Test Cases/Final Aug 2018 - PKS Automation/Registration Module/New Registration/Form 2/Add 1 Eligible - Employer Account Use' successfully

2019-01-03 14:15:56 - [TEST_CASE][PASSED] - Test Cases/Final Aug 2018 - PKS Automation/Registration Module/New Registration/Form 2/Add 1 Eligible - Employer Account Use: Test Cases/Final Aug 2018 - PKS Automation/Registration Module/New Registration/Form 2/Add 1 Eligible - Employer Account Use

2019-01-03 14:15:56 - [TEST_STEP][PASSED] - delay: Delayed 2 second(s)

2019-01-03 14:15:58 - [MESSAGE][PASSED] - Delayed 2 second(s)

2019-01-03 14:15:58 - [TEST_STEP][PASSED] - callTestCase: Call Test Case 'Test Cases/Final Aug 2018 - PKS Automation/Registration Module/New Registration/Form 2/Date Updater' successfully

2019-01-03 14:15:58 - [TEST_CASE][PASSED] - Test Cases/Final Aug 2018 - PKS Automation/Registration Module/New Registration/Form 2/Date Updater: Test Cases/Final Aug 2018 - PKS Automation/Registration Module/New Registration/Form 2/Date Updater

2019-01-03 14:15:58 - [TEST_STEP][PASSED] - Statement - TodayDate = new java.util.Date(): null

2019-01-03 14:15:58 - [TEST_STEP][PASSED] - Statement - CurrentDateNoFilter = new java.text.SimpleDateFormat(): null

2019-01-03 14:15:58 - [TEST_STEP][PASSED] - Statement - CurrentDateNoFilter.applyPattern("MM"): null

2019-01-03 14:15:58 - [TEST_STEP][PASSED] - Statement - monthContainerMatcher = java.lang.Integer.parseInt(CurrentDateNoFilter.format(TodayDate)): null

2019-01-03 14:15:58 - [TEST_STEP][PASSED] - Statement - monthContainerMatcher = monthContainerMatcher - 1: null

2019-01-03 14:15:58 - [TEST_STEP][PASSED] - Statement - CurrentMonth = monthContainerMatcher.toString(): null

2019-01-03 14:15:58 - [TEST_STEP][PASSED] - Statement - CurrentMonth = CurrentMonth: null

2019-01-03 14:15:58 - [TEST_STEP][PASSED] - Statement - CurrentDateNoFilter.applyPattern("yyyy"): null

2019-01-03 14:15:58 - [TEST_STEP][PASSED] - Statement - CurrentYear = CurrentDateNoFilter.format(TodayDate): null

2019-01-03 14:15:58 - [TEST_STEP][PASSED] - Statement - CurrentYear = CurrentYear: null

2019-01-03 14:15:58 - [TEST_STEP][PASSED] - Statement - intCurrentYear = java.lang.Integer.parseInt(CurrentDateNoFilter.format(TodayDate)): null

2019-01-03 14:15:58 - [TEST_STEP][PASSED] - Statement - eighteenYrsAgo = intCurrentYear - 18: null

2019-01-03 14:15:58 - [TEST_STEP][PASSED] - Statement - eighteenYrsBeforeThisYr = eighteenYrsAgo.toString(): null

2019-01-03 14:15:58 - [TEST_STEP][PASSED] - Statement - EighteenYrsBefore = eighteenYrsBeforeThisYr: null

2019-01-03 14:15:58 - [TEST_STEP][PASSED] - Statement - fiftysevenYrsAgo = intCurrentYear - 57: null

2019-01-03 14:15:58 - [TEST_STEP][PASSED] - Statement - fiftysevenYrsBeforeThisYr = fiftysevenYrsAgo.toString(): null

2019-01-03 14:15:58 - [TEST_STEP][PASSED] - Statement - FiftysevenYrsBefore = fiftysevenYrsBeforeThisYr: null

2019-01-03 14:15:58 - [TEST_STEP][PASSED] - Statement - leapYear = false: null

2019-01-03 14:15:58 - [TEST_STEP][PASSED] - Statement - leapYear = intCurrentYear % 4 == 0: null

2019-01-03 14:15:58 - [TEST_STEP][PASSED] - Statement - CurrentDateNoFilter.applyPattern("dd"): null

2019-01-03 14:15:58 - [TEST_STEP][PASSED] - Statement - CurrentDate = CurrentDateNoFilter.format(TodayDate): null

2019-01-03 14:15:58 - [TEST_STEP][PASSED] - Statement - CurrentDate = java.lang.Integer.parseInt(CurrentDate): null

2019-01-03 14:15:58 - [TEST_STEP][PASSED] - Statement - CurrentDate = CurrentDate: null

2019-01-03 14:15:58 - [TEST_STEP][PASSED] - Statement - CurrentDay = java.lang.Integer.parseInt(CurrentDate): null

2019-01-03 14:15:58 - [TEST_STEP][PASSED] - Statement - ConfAdder = <not implemented yet for class: org.codehaus.groovy.ast.expr.EmptyExpression>: null

2019-01-03 14:15:58 - [TEST_STEP][PASSED] - Statement - out.println(CurrentMonth): null

2019-01-03 14:15:58 - [TEST_STEP][PASSED] - Statement - out.println(CurrentDate): null

2019-01-03 14:15:58 - [TEST_STEP][PASSED] - Statement - switch (CurrentDate): null

2019-01-03 14:15:58 - [TEST_STEP][PASSED] - Statement - Default: null

2019-01-03 14:15:58 - [TEST_STEP][PASSED] - Statement - ConfAdder = true: null

2019-01-03 14:15:58 - [TEST_STEP][PASSED] - Statement - Break: null

2019-01-03 14:15:58 - [TEST_STEP][PASSED] - Statement - aDayBefore = <not implemented yet for class: org.codehaus.groovy.ast.expr.EmptyExpression>: null

2019-01-03 14:15:58 - [TEST_STEP][PASSED] - Statement - out.println(ConfAdder): null

2019-01-03 14:15:58 - [TEST_STEP][PASSED] - Statement - If (ConfAdder == true): null

2019-01-03 14:15:58 - [TEST_STEP][PASSED] - Statement - aDayBefore = CurrentDay + 1: null

2019-01-03 14:15:58 - [TEST_STEP][PASSED] - Statement - out.println(aDayBefore): null

2019-01-03 14:15:58 - [TEST_STEP][PASSED] - Statement - If (aDayBefore == 1 && CurrentMonth == 11): null

2019-01-03 14:15:58 - [TEST_STEP][PASSED] - Statement - DayBefore = aDayBefore.toString(): null

2019-01-03 14:15:58 - [TEST_STEP][PASSED] - Statement - OneDayBefore = DayBefore: null

2019-01-03 14:15:58 - [MESSAGE][PASSED] - Call Test Case 'Test Cases/Final Aug 2018 - PKS Automation/Registration Module/New Registration/Form 2/Date Updater' successfully

2019-01-03 14:15:58 - [TEST_STEP][PASSED] - delay: Delayed 1 second(s)

2019-01-03 14:15:59 - [MESSAGE][PASSED] - Delayed 1 second(s)

2019-01-03 14:15:59 - [TEST_STEP][PASSED] - Statement - CaseReferenceNo = com.kms.katalon.core.webui.keyword.WebUiBuiltInKeywords.getText(com.kms.katalon.core.testobject.ObjectRepository.findTestObject(Final Object Repo/New Registration - Registration Module Pages/Form 2/RefNo Acquiring)): Text of object 'Object Repository/Final Object Repo/New Registration - Registration Module Pages/Form 2/RefNo Acquiring' is: 'CRN01201900123569'

2019-01-03 14:15:59 - [MESSAGE][PASSED] - Text of object 'Object Repository/Final Object Repo/New Registration - Registration Module Pages/Form 2/RefNo Acquiring' is: 'CRN01201900123569'

2019-01-03 14:15:59 - [TEST_STEP][PASSED] - delay: Delayed 1 second(s)

2019-01-03 14:16:00 - [MESSAGE][PASSED] - Delayed 1 second(s)

2019-01-03 14:16:00 - [TEST_STEP][PASSED] - click: Object: 'Object Repository/Final Object Repo/New Registration - Registration Module Pages/Form 2/Add Employee Button' is clicked on

2019-01-03 14:16:00 - [MESSAGE][PASSED] - Object: 'Object Repository/Final Object Repo/New Registration - Registration Module Pages/Form 2/Add Employee Button' is clicked on

2019-01-03 14:16:00 - [TEST_STEP][PASSED] - delay: Delayed 1 second(s)

2019-01-03 14:16:01 - [MESSAGE][PASSED] - Delayed 1 second(s)

2019-01-03 14:16:01 - [TEST_STEP][PASSED] - setText: Text '010903091948' is set on object 'Object Repository/Final Object Repo/New Registration - Registration Module Pages/Form 2/NRIC Input'

2019-01-03 14:16:01 - [MESSAGE][PASSED] - Text '010903091948' is set on object 'Object Repository/Final Object Repo/New Registration - Registration Module Pages/Form 2/NRIC Input'

2019-01-03 14:16:01 - [TEST_STEP][PASSED] - delay: Delayed 2 second(s)

2019-01-03 14:16:03 - [MESSAGE][PASSED] - Delayed 2 second(s)

2019-01-03 14:16:03 - [TEST_STEP][PASSED] - setText: Text 'Automate001 eligible 1' is set on object 'Object Repository/Final Object Repo/New Registration - Registration Module Pages/Form 2/Employee Name Input'

2019-01-03 14:16:04 - [MESSAGE][PASSED] - Text 'Automate001 eligible 1' is set on object 'Object Repository/Final Object Repo/New Registration - Registration Module Pages/Form 2/Employee Name Input'

2019-01-03 14:16:04 - [TEST_STEP][PASSED] - delay: Delayed 2 second(s)

2019-01-03 14:16:06 - [MESSAGE][PASSED] - Delayed 2 second(s)

2019-01-03 14:16:06 - [TEST_STEP][PASSED] - click: Object: 'Object Repository/Final Object Repo/New Registration - Registration Module Pages/Form 2/DatePicker Pop Up' is clicked on

2019-01-03 14:16:06 - [MESSAGE][PASSED] - Object: 'Object Repository/Final Object Repo/New Registration - Registration Module Pages/Form 2/DatePicker Pop Up' is clicked on

2019-01-03 14:16:06 - [TEST_STEP][PASSED] - click: Object: 'Object Repository/Final Object Repo/New Registration - Registration Module Pages/Form 2/DOB Month' is clicked on

2019-01-03 14:16:06 - [MESSAGE][PASSED] - Object: 'Object Repository/Final Object Repo/New Registration - Registration Module Pages/Form 2/DOB Month' is clicked on

2019-01-03 14:16:06 - [TEST_STEP][PASSED] - Statement - CurrentMonth = CurrentMonth: null

2019-01-03 14:16:06 - [TEST_STEP][PASSED] - Statement - selectMonth = new com.kms.katalon.core.testobject.TestObject(): null

2019-01-03 14:16:06 - [TEST_STEP][PASSED] - Statement - selectMonth.addProperty("xpath", EQUALS, "//body/div/div/div/select/option[@value='" + CurrentMonth + "']", true): null

2019-01-03 14:16:06 - [TEST_STEP][PASSED] - click: Object: '' is clicked on

2019-01-03 14:16:06 - [MESSAGE][PASSED] - Object: '' is clicked on

2019-01-03 14:16:06 - [TEST_STEP][PASSED] - click: Object: 'Object Repository/Final Object Repo/New Registration - Registration Module Pages/Form 2/DOB Year' is clicked on

2019-01-03 14:16:07 - [MESSAGE][PASSED] - Object: 'Object Repository/Final Object Repo/New Registration - Registration Module Pages/Form 2/DOB Year' is clicked on

2019-01-03 14:16:07 - [TEST_STEP][PASSED] - Statement - Eyearsbf = EighteenYrsBefore: null

2019-01-03 14:16:07 - [TEST_STEP][PASSED] - Statement - selectYear = new com.kms.katalon.core.testobject.TestObject(): null

2019-01-03 14:16:07 - [TEST_STEP][PASSED] - Statement - selectYear.addProperty("xpath", EQUALS, "//div/div/div/select/option[@value='" + Eyearsbf + "']", true): null

2019-01-03 14:16:07 - [TEST_STEP][PASSED] - click: Object: '' is clicked on

2019-01-03 14:16:07 - [MESSAGE][PASSED] - Object: '' is clicked on

2019-01-03 14:16:07 - [TEST_STEP][PASSED] - Statement - UpdatedSelectDate = com.kms.katalon.core.webui.keyword.WebUiBuiltInKeywords.modifyObjectProperty(com.kms.katalon.core.testobject.ObjectRepository.findTestObject(Final Object Repo/New Registration - Registration Module Pages/Form 2/DOB Date), "xpath", "equals", "//body/div/table/tbody/tr/td/a[text()="" + CurrentDate + ""]", true): Modify property of object successfully

2019-01-03 14:16:07 - [MESSAGE][PASSED] - Modify property of object successfully

2019-01-03 14:16:07 - [TEST_STEP][PASSED] - delay: Delayed 3 second(s)

2019-01-03 14:16:10 - [MESSAGE][PASSED] - Delayed 3 second(s)

2019-01-03 14:16:10 - [TEST_STEP][PASSED] - click: Object: 'Object Repository/Final Object Repo/New Registration - Registration Module Pages/Form 2/DOB Date' is clicked on

2019-01-03 14:16:10 - [MESSAGE][PASSED] - Object: 'Object Repository/Final Object Repo/New Registration - Registration Module Pages/Form 2/DOB Date' is clicked on

2019-01-03 14:16:10 - [TEST_STEP][PASSED] - delay: Delayed 2 second(s)

2019-01-03 14:16:12 - [MESSAGE][PASSED] - Delayed 2 second(s)

2019-01-03 14:16:12 - [TEST_STEP][PASSED] - click: Object: 'Object Repository/Final Object Repo/New Registration - Registration Module Pages/Form 2/EmploymentStartDate Pop Up' is clicked on

2019-01-03 14:16:12 - [MESSAGE][PASSED] - Object: 'Object Repository/Final Object Repo/New Registration - Registration Module Pages/Form 2/EmploymentStartDate Pop Up' is clicked on

2019-01-03 14:16:12 - [TEST_STEP][PASSED] - delay: Delayed 2 second(s)

2019-01-03 14:16:14 - [MESSAGE][PASSED] - Delayed 2 second(s)

2019-01-03 14:16:14 - [TEST_STEP][PASSED] - click: Object: 'Object Repository/Final Object Repo/New Registration - Registration Module Pages/Form 2/Socso Employment StartDate Month' is clicked on

2019-01-03 14:16:14 - [MESSAGE][PASSED] - Object: 'Object Repository/Final Object Repo/New Registration - Registration Module Pages/Form 2/Socso Employment StartDate Month' is clicked on

2019-01-03 14:16:14 - [TEST_STEP][PASSED] - delay: Delayed 1 second(s)

2019-01-03 14:16:15 - [MESSAGE][PASSED] - Delayed 1 second(s)

2019-01-03 14:16:15 - [TEST_STEP][PASSED] - click: Object: 'Object Repository/Final Object Repo/New Registration - Registration Module Pages/Form 2/Select Socso Employement Startdate Month' is clicked on

2019-01-03 14:16:15 - [MESSAGE][PASSED] - Object: 'Object Repository/Final Object Repo/New Registration - Registration Module Pages/Form 2/Select Socso Employement Startdate Month' is clicked on

2019-01-03 14:16:15 - [TEST_STEP][PASSED] - delay: Delayed 2 second(s)

2019-01-03 14:16:17 - [MESSAGE][PASSED] - Delayed 2 second(s)

2019-01-03 14:16:17 - [TEST_STEP][PASSED] - click: Object: 'Object Repository/Final Object Repo/New Registration - Registration Module Pages/Form 2/Socso Employment StartDate Year' is clicked on

2019-01-03 14:16:18 - [MESSAGE][PASSED] - Object: 'Object Repository/Final Object Repo/New Registration - Registration Module Pages/Form 2/Socso Employment StartDate Year' is clicked on

2019-01-03 14:16:18 - [TEST_STEP][PASSED] - delay: Delayed 1 second(s)

2019-01-03 14:16:19 - [MESSAGE][PASSED] - Delayed 1 second(s)

2019-01-03 14:16:19 - [TEST_STEP][PASSED] - click: Object: 'Object Repository/Final Object Repo/New Registration - Registration Module Pages/Form 2/Select Socso Employment Startdate Year' is clicked on

2019-01-03 14:16:19 - [MESSAGE][PASSED] - Object: 'Object Repository/Final Object Repo/New Registration - Registration Module Pages/Form 2/Select Socso Employment Startdate Year' is clicked on

2019-01-03 14:16:19 - [TEST_STEP][PASSED] - delay: Delayed 2 second(s)

2019-01-03 14:16:21 - [MESSAGE][PASSED] - Delayed 2 second(s)

2019-01-03 14:16:21 - [TEST_STEP][PASSED] - click: Object: 'Object Repository/Final Object Repo/New Registration - Registration Module Pages/Form 2/Socso Employment Start Date Day' is clicked on

2019-01-03 14:16:21 - [MESSAGE][PASSED] - Object: 'Object Repository/Final Object Repo/New Registration - Registration Module Pages/Form 2/Socso Employment Start Date Day' is clicked on

2019-01-03 14:16:21 - [TEST_STEP][PASSED] - delay: Delayed 2 second(s)

2019-01-03 14:16:23 - [MESSAGE][PASSED] - Delayed 2 second(s)

2019-01-03 14:16:23 - [TEST_STEP][PASSED] - click: Object: 'Object Repository/Final Object Repo/New Registration - Registration Module Pages/Form 2/Save Button for Add Employee' is clicked on

2019-01-03 14:16:23 - [MESSAGE][PASSED] - Object: 'Object Repository/Final Object Repo/New Registration - Registration Module Pages/Form 2/Save Button for Add Employee' is clicked on

2019-01-03 14:16:23 - [TEST_STEP][PASSED] - delay: Delayed 6 second(s)

2019-01-03 14:16:29 - [MESSAGE][PASSED] - Delayed 6 second(s)

2019-01-03 14:16:29 - [TEST_STEP][PASSED] - click: Object: 'Object Repository/Final Object Repo/New Registration - Registration Module Pages/Form 2/Save and Continue Form 2' is clicked on

2019-01-03 14:16:29 - [MESSAGE][PASSED] - Object: 'Object Repository/Final Object Repo/New Registration - Registration Module Pages/Form 2/Save and Continue Form 2' is clicked on

2019-01-03 14:16:29 - [MESSAGE][PASSED] - Call Test Case 'Test Cases/Final Aug 2018 - PKS Automation/Registration Module/New Registration/Form 2/Add 1 Eligible - Employer Account Use' successfully

2019-01-03 14:16:29 - [TEST_STEP][PASSED] - callTestCase: Call Test Case 'Test Cases/Final Aug 2018 - PKS Automation/Registration Module/New Registration/Flow of New Registration/Third Screen - Upload Supporting Doc - Preview' successfully

2019-01-03 14:16:29 - [TEST_CASE][PASSED] - Test Cases/Final Aug 2018 - PKS Automation/Registration Module/New Registration/Flow of New Registration/Third Screen - Upload Supporting Doc - Preview: Test Cases/Final Aug 2018 - PKS Automation/Registration Module/New Registration/Flow of New Registration/Third Screen - Upload Supporting Doc - Preview

2019-01-03 14:16:29 - [TEST_STEP][PASSED] - waitForPageLoad: Wait for page load successfully

2019-01-03 14:16:30 - [MESSAGE][PASSED] - Wait for page load successfully

2019-01-03 14:16:30 - [TEST_STEP][PASSED] - Statement - CaseReferenceNo = com.kms.katalon.core.webui.keyword.WebUiBuiltInKeywords.getText(com.kms.katalon.core.testobject.ObjectRepository.findTestObject(Final Object Repo/New Registration - Registration Module Pages/Third Screen - Upload Supporting Doc- Preview/RefNo Acquiring)): Text of object 'Object Repository/Final Object Repo/New Registration - Registration Module Pages/Third Screen - Upload Supporting Doc- Preview/RefNo Acquiring' is: 'CRN01201900123569'

2019-01-03 14:16:30 - [MESSAGE][PASSED] - Text of object 'Object Repository/Final Object Repo/New Registration - Registration Module Pages/Third Screen - Upload Supporting Doc- Preview/RefNo Acquiring' is: 'CRN01201900123569'

2019-01-03 14:16:30 - [TEST_STEP][PASSED] - delay: Delayed 2 second(s)

2019-01-03 14:16:32 - [MESSAGE][PASSED] - Delayed 2 second(s)

2019-01-03 14:16:32 - [TEST_STEP][PASSED] - callTestCase: Call Test Case 'Test Cases/Final Aug 2018 - PKS Automation/Common/Reference Number Setter' successfully

2019-01-03 14:16:32 - [TEST_CASE][PASSED] - Test Cases/Final Aug 2018 - PKS Automation/Common/Reference Number Setter: Test Cases/Final Aug 2018 - PKS Automation/Common/Reference Number Setter

2019-01-03 14:16:32 - [TEST_STEP][PASSED] - Statement - RefNoOldFile = new java.io.File(C://Users//Admin//Desktop//PKS//Automation Reference Point//KatalonReference.txt): null

2019-01-03 14:16:32 - [TEST_STEP][PASSED] - Statement - RefNoOldFile.delete(): null

2019-01-03 14:16:32 - [TEST_STEP][PASSED] - delay: Delayed 5 second(s)

2019-01-03 14:16:37 - [MESSAGE][PASSED] - Delayed 5 second(s)

2019-01-03 14:16:37 - [TEST_STEP][PASSED] - Statement - RefNo = new java.io.File(C://Users//Admin//Desktop//PKS//Automation Reference Point//KatalonReference.txt): null

2019-01-03 14:16:37 - [TEST_STEP][PASSED] - Statement - f2 = new java.io.FileWriter(RefNo, false): null

2019-01-03 14:16:37 - [TEST_STEP][PASSED] - Statement - f2.write(CaseReferenceNo): null

2019-01-03 14:16:37 - [TEST_STEP][PASSED] - Statement - f2.close(): null

2019-01-03 14:16:37 - [TEST_STEP][PASSED] - Statement - out.println("


" + CaseReferenceNo + "


"): null

2019-01-03 14:16:37 - [MESSAGE][PASSED] - Call Test Case 'Test Cases/Final Aug 2018 - PKS Automation/Common/Reference Number Setter' successfully

2019-01-03 14:16:37 - [TEST_STEP][PASSED] - waitForElementClickable: Object 'Object Repository/Final Object Repo/New Registration - Registration Module Pages/Third Screen - Upload Supporting Doc- Preview/Save n Continue in SIP Employee Listing Page' is clickable

2019-01-03 14:16:37 - [MESSAGE][PASSED] - Object 'Object Repository/Final Object Repo/New Registration - Registration Module Pages/Third Screen - Upload Supporting Doc- Preview/Save n Continue in SIP Employee Listing Page' is clickable

2019-01-03 14:16:37 - [TEST_STEP][PASSED] - click: Object: 'Object Repository/Final Object Repo/New Registration - Registration Module Pages/Third Screen - Upload Supporting Doc- Preview/Save n Continue in SIP Employee Listing Page' is clicked on

2019-01-03 14:16:43 - [MESSAGE][PASSED] - Object: 'Object Repository/Final Object Repo/New Registration - Registration Module Pages/Third Screen - Upload Supporting Doc- Preview/Save n Continue in SIP Employee Listing Page' is clicked on

2019-01-03 14:16:43 - [TEST_STEP][PASSED] - delay: Delayed 7 second(s)

2019-01-03 14:16:50 - [MESSAGE][PASSED] - Delayed 7 second(s)

2019-01-03 14:16:50 - [TEST_STEP][PASSED] - click: Object: 'Object Repository/Final Object Repo/New Registration - Registration Module Pages/Third Screen - Upload Supporting Doc- Preview/Add Document Button' is clicked on

2019-01-03 14:16:50 - [MESSAGE][PASSED] - Object: 'Object Repository/Final Object Repo/New Registration - Registration Module Pages/Third Screen - Upload Supporting Doc- Preview/Add Document Button' is clicked on

2019-01-03 14:16:50 - [TEST_STEP][PASSED] - delay: Delayed 30 second(s)

2019-01-03 14:17:20 - [MESSAGE][PASSED] - Delayed 30 second(s)

2019-01-03 14:17:20 - [TEST_STEP][PASSED] - click: Object: 'Object Repository/Final Object Repo/New Registration - Registration Module Pages/Third Screen - Upload Supporting Doc- Preview/Supporting Doc Please Select Drop Down' is clicked on

2019-01-03 14:17:21 - [MESSAGE][PASSED] - Object: 'Object Repository/Final Object Repo/New Registration - Registration Module Pages/Third Screen - Upload Supporting Doc- Preview/Supporting Doc Please Select Drop Down' is clicked on

2019-01-03 14:17:21 - [TEST_STEP][PASSED] - delay: Delayed 2 second(s)

2019-01-03 14:17:23 - [MESSAGE][PASSED] - Delayed 2 second(s)

2019-01-03 14:17:23 - [TEST_STEP][PASSED] - click: Object: 'Object Repository/Final Object Repo/New Registration - Registration Module Pages/Third Screen - Upload Supporting Doc- Preview/Select to Upload Form 1' is clicked on

2019-01-03 14:17:23 - [MESSAGE][PASSED] - Object: 'Object Repository/Final Object Repo/New Registration - Registration Module Pages/Third Screen - Upload Supporting Doc- Preview/Select to Upload Form 1' is clicked on

2019-01-03 14:17:23 - [TEST_STEP][PASSED] - delay: Delayed 2 second(s)

2019-01-03 14:17:25 - [MESSAGE][PASSED] - Delayed 2 second(s)

2019-01-03 14:17:25 - [TEST_STEP][PASSED] - uploadFile: File 'C:\Users\Public\Pictures\Sample Pictures\Koala.jpg' sent to object: 'Object Repository/Final Object Repo/New Registration - Registration Module Pages/Third Screen - Upload Supporting Doc- Preview/Upload File Adding'

2019-01-03 14:17:25 - [MESSAGE][PASSED] - File 'C:\Users\Public\Pictures\Sample Pictures\Koala.jpg' sent to object: 'Object Repository/Final Object Repo/New Registration - Registration Module Pages/Third Screen - Upload Supporting Doc- Preview/Upload File Adding'

2019-01-03 14:17:25 - [TEST_STEP][PASSED] - delay: Delayed 5 second(s)

2019-01-03 14:17:30 - [MESSAGE][PASSED] - Delayed 5 second(s)

2019-01-03 14:17:30 - [TEST_STEP][PASSED] - click: Object: 'Object Repository/Final Object Repo/New Registration - Registration Module Pages/Third Screen - Upload Supporting Doc- Preview/Inner Form Add Document Button' is clicked on

2019-01-03 14:17:30 - [MESSAGE][PASSED] - Object: 'Object Repository/Final Object Repo/New Registration - Registration Module Pages/Third Screen - Upload Supporting Doc- Preview/Inner Form Add Document Button' is clicked on

2019-01-03 14:17:30 - [TEST_STEP][PASSED] - delay: Delayed 3 second(s)

2019-01-03 14:17:33 - [MESSAGE][PASSED] - Delayed 3 second(s)

2019-01-03 14:17:33 - [TEST_STEP][PASSED] - click: Object: 'Object Repository/Final Object Repo/New Registration - Registration Module Pages/Third Screen - Upload Supporting Doc- Preview/Add Document Button' is clicked on

2019-01-03 14:17:35 - [MESSAGE][PASSED] - Object: 'Object Repository/Final Object Repo/New Registration - Registration Module Pages/Third Screen - Upload Supporting Doc- Preview/Add Document Button' is clicked on

2019-01-03 14:17:35 - [TEST_STEP][PASSED] - delay: Delayed 30 second(s)

2019-01-03 14:18:05 - [MESSAGE][PASSED] - Delayed 30 second(s)

2019-01-03 14:18:05 - [TEST_STEP][PASSED] - click: Object: 'Object Repository/Final Object Repo/New Registration - Registration Module Pages/Third Screen - Upload Supporting Doc- Preview/Supporting Doc Please Select Drop Down' is clicked on

2019-01-03 14:18:05 - [MESSAGE][PASSED] - Object: 'Object Repository/Final Object Repo/New Registration - Registration Module Pages/Third Screen - Upload Supporting Doc- Preview/Supporting Doc Please Select Drop Down' is clicked on

2019-01-03 14:18:05 - [TEST_STEP][PASSED] - delay: Delayed 4 second(s)

2019-01-03 14:18:09 - [MESSAGE][PASSED] - Delayed 4 second(s)

2019-01-03 14:18:09 - [TEST_STEP][PASSED] - click: Object: 'Object Repository/Final Object Repo/New Registration - Registration Module Pages/Third Screen - Upload Supporting Doc- Preview/Select to Upload Form 2' is clicked on

2019-01-03 14:18:09 - [MESSAGE][PASSED] - Object: 'Object Repository/Final Object Repo/New Registration - Registration Module Pages/Third Screen - Upload Supporting Doc- Preview/Select to Upload Form 2' is clicked on

2019-01-03 14:18:09 - [TEST_STEP][PASSED] - delay: Delayed 2 second(s)

2019-01-03 14:18:11 - [MESSAGE][PASSED] - Delayed 2 second(s)

2019-01-03 14:18:11 - [TEST_STEP][PASSED] - uploadFile: File 'C:\Users\Public\Pictures\Sample Pictures\Koala.jpg' sent to object: 'Object Repository/Final Object Repo/New Registration - Registration Module Pages/Third Screen - Upload Supporting Doc- Preview/Upload File Adding'

2019-01-03 14:18:11 - [MESSAGE][PASSED] - File 'C:\Users\Public\Pictures\Sample Pictures\Koala.jpg' sent to object: 'Object Repository/Final Object Repo/New Registration - Registration Module Pages/Third Screen - Upload Supporting Doc- Preview/Upload File Adding'

2019-01-03 14:18:11 - [TEST_STEP][PASSED] - click: Object: 'Object Repository/Final Object Repo/New Registration - Registration Module Pages/Third Screen - Upload Supporting Doc- Preview/Inner Form Add Document Button' is clicked on

2019-01-03 14:18:11 - [MESSAGE][PASSED] - Object: 'Object Repository/Final Object Repo/New Registration - Registration Module Pages/Third Screen - Upload Supporting Doc- Preview/Inner Form Add Document Button' is clicked on

2019-01-03 14:18:11 - [TEST_STEP][PASSED] - delay: Delayed 5 second(s)

2019-01-03 14:18:16 - [MESSAGE][PASSED] - Delayed 5 second(s)

2019-01-03 14:18:16 - [TEST_STEP][PASSED] - click: Object: 'Object Repository/Final Object Repo/New Registration - Registration Module Pages/Third Screen - Upload Supporting Doc- Preview/Add Document Button' is clicked on

2019-01-03 14:18:16 - [MESSAGE][PASSED] - Object: 'Object Repository/Final Object Repo/New Registration - Registration Module Pages/Third Screen - Upload Supporting Doc- Preview/Add Document Button' is clicked on

2019-01-03 14:18:16 - [TEST_STEP][PASSED] - delay: Delayed 30 second(s)

2019-01-03 14:18:46 - [MESSAGE][PASSED] - Delayed 30 second(s)

2019-01-03 14:18:46 - [TEST_STEP][PASSED] - click: Object: 'Object Repository/Final Object Repo/New Registration - Registration Module Pages/Third Screen - Upload Supporting Doc- Preview/Supporting Doc Please Select Drop Down' is clicked on

2019-01-03 14:18:47 - [MESSAGE][PASSED] - Object: 'Object Repository/Final Object Repo/New Registration - Registration Module Pages/Third Screen - Upload Supporting Doc- Preview/Supporting Doc Please Select Drop Down' is clicked on

2019-01-03 14:18:47 - [TEST_STEP][PASSED] - click: Object: 'Object Repository/Final Object Repo/New Registration - Registration Module Pages/Third Screen - Upload Supporting Doc- Preview/Select to Upload Borang SIP 1' is clicked on

2019-01-03 14:18:47 - [MESSAGE][PASSED] - Object: 'Object Repository/Final Object Repo/New Registration - Registration Module Pages/Third Screen - Upload Supporting Doc- Preview/Select to Upload Borang SIP 1' is clicked on

2019-01-03 14:18:47 - [TEST_STEP][PASSED] - delay: Delayed 2 second(s)

2019-01-03 14:18:49 - [MESSAGE][PASSED] - Delayed 2 second(s)

2019-01-03 14:18:49 - [TEST_STEP][PASSED] - uploadFile: File 'C:\Users\Public\Pictures\Sample Pictures\Koala.jpg' sent to object: 'Object Repository/Final Object Repo/New Registration - Registration Module Pages/Third Screen - Upload Supporting Doc- Preview/Upload File Adding'

2019-01-03 14:18:49 - [MESSAGE][PASSED] - File 'C:\Users\Public\Pictures\Sample Pictures\Koala.jpg' sent to object: 'Object Repository/Final Object Repo/New Registration - Registration Module Pages/Third Screen - Upload Supporting Doc- Preview/Upload File Adding'

2019-01-03 14:18:49 - [TEST_STEP][PASSED] - click: Object: 'Object Repository/Final Object Repo/New Registration - Registration Module Pages/Third Screen - Upload Supporting Doc- Preview/Inner Form Add Document Button' is clicked on

2019-01-03 14:18:49 - [MESSAGE][PASSED] - Object: 'Object Repository/Final Object Repo/New Registration - Registration Module Pages/Third Screen - Upload Supporting Doc- Preview/Inner Form Add Document Button' is clicked on

2019-01-03 14:18:49 - [TEST_STEP][PASSED] - delay: Delayed 5 second(s)

2019-01-03 14:18:54 - [MESSAGE][PASSED] - Delayed 5 second(s)

2019-01-03 14:18:54 - [TEST_STEP][PASSED] - click: Object: 'Object Repository/Final Object Repo/New Registration - Registration Module Pages/Third Screen - Upload Supporting Doc- Preview/Add Document Button' is clicked on

2019-01-03 14:18:54 - [MESSAGE][PASSED] - Object: 'Object Repository/Final Object Repo/New Registration - Registration Module Pages/Third Screen - Upload Supporting Doc- Preview/Add Document Button' is clicked on

2019-01-03 14:18:54 - [TEST_STEP][PASSED] - delay: Delayed 30 second(s)

2019-01-03 14:19:24 - [MESSAGE][PASSED] - Delayed 30 second(s)

2019-01-03 14:19:24 - [TEST_STEP][PASSED] - click: Object: 'Object Repository/Final Object Repo/New Registration - Registration Module Pages/Third Screen - Upload Supporting Doc- Preview/Supporting Doc Please Select Drop Down' is clicked on

2019-01-03 14:19:24 - [MESSAGE][PASSED] - Object: 'Object Repository/Final Object Repo/New Registration - Registration Module Pages/Third Screen - Upload Supporting Doc- Preview/Supporting Doc Please Select Drop Down' is clicked on

2019-01-03 14:19:24 - [TEST_STEP][PASSED] - delay: Delayed 3 second(s)

2019-01-03 14:19:27 - [MESSAGE][PASSED] - Delayed 3 second(s)

2019-01-03 14:19:27 - [TEST_STEP][PASSED] - click: Object: 'Object Repository/Final Object Repo/New Registration - Registration Module Pages/Third Screen - Upload Supporting Doc- Preview/Select to Upload Borang SIP 2' is clicked on

2019-01-03 14:19:28 - [MESSAGE][PASSED] - Object: 'Object Repository/Final Object Repo/New Registration - Registration Module Pages/Third Screen - Upload Supporting Doc- Preview/Select to Upload Borang SIP 2' is clicked on

2019-01-03 14:19:28 - [TEST_STEP][PASSED] - delay: Delayed 2 second(s)

2019-01-03 14:19:30 - [MESSAGE][PASSED] - Delayed 2 second(s)

2019-01-03 14:19:30 - [TEST_STEP][PASSED] - uploadFile: File 'C:\Users\Public\Pictures\Sample Pictures\Koala.jpg' sent to object: 'Object Repository/Final Object Repo/New Registration - Registration Module Pages/Third Screen - Upload Supporting Doc- Preview/Upload File Adding'

2019-01-03 14:19:30 - [MESSAGE][PASSED] - File 'C:\Users\Public\Pictures\Sample Pictures\Koala.jpg' sent to object: 'Object Repository/Final Object Repo/New Registration - Registration Module Pages/Third Screen - Upload Supporting Doc- Preview/Upload File Adding'

2019-01-03 14:19:30 - [TEST_STEP][PASSED] - delay: Delayed 5 second(s)

2019-01-03 14:19:35 - [MESSAGE][PASSED] - Delayed 5 second(s)

2019-01-03 14:19:35 - [TEST_STEP][PASSED] - click: Object: 'Object Repository/Final Object Repo/New Registration - Registration Module Pages/Third Screen - Upload Supporting Doc- Preview/Inner Form Add Document Button' is clicked on

2019-01-03 14:19:35 - [MESSAGE][PASSED] - Object: 'Object Repository/Final Object Repo/New Registration - Registration Module Pages/Third Screen - Upload Supporting Doc- Preview/Inner Form Add Document Button' is clicked on

2019-01-03 14:19:35 - [TEST_STEP][PASSED] - delay: Delayed 3 second(s)

2019-01-03 14:19:38 - [MESSAGE][PASSED] - Delayed 3 second(s)

2019-01-03 14:19:38 - [TEST_STEP][PASSED] - waitForElementClickable: Object 'Object Repository/Final Object Repo/New Registration - Registration Module Pages/Third Screen - Upload Supporting Doc- Preview/Save n Continue in Uploading Supporting Doc Page' is clickable

2019-01-03 14:19:40 - [MESSAGE][PASSED] - Object 'Object Repository/Final Object Repo/New Registration - Registration Module Pages/Third Screen - Upload Supporting Doc- Preview/Save n Continue in Uploading Supporting Doc Page' is clickable

2019-01-03 14:19:40 - [TEST_STEP][PASSED] - click: Object: 'Object Repository/Final Object Repo/New Registration - Registration Module Pages/Third Screen - Upload Supporting Doc- Preview/Save n Continue in Uploading Supporting Doc Page' is clicked on

2019-01-03 14:19:40 - [MESSAGE][PASSED] - Object: 'Object Repository/Final Object Repo/New Registration - Registration Module Pages/Third Screen - Upload Supporting Doc- Preview/Save n Continue in Uploading Supporting Doc Page' is clicked on

2019-01-03 14:19:40 - [MESSAGE][PASSED] - Call Test Case 'Test Cases/Final Aug 2018 - PKS Automation/Registration Module/New Registration/Flow of New Registration/Third Screen - Upload Supporting Doc - Preview' successfully

2019-01-03 14:19:40 - [TEST_STEP][PASSED] - setText: Text 'Tester' is set on object 'Object Repository/Final Object Repo/New Registration - Registration Module Pages/New Reg - OTC to RO/Special Case - All Related Objects/Employer Preview Name'

2019-01-03 14:19:44 - [MESSAGE][PASSED] - Text 'Tester' is set on object 'Object Repository/Final Object Repo/New Registration - Registration Module Pages/New Reg - OTC to RO/Special Case - All Related Objects/Employer Preview Name'

2019-01-03 14:19:44 - [TEST_STEP][PASSED] - click: Object: 'Object Repository/Final Object Repo/New Registration - Registration Module Pages/New Reg - OTC to RO/Special Case - All Related Objects/IC Type Drop Down' is clicked on

2019-01-03 14:19:45 - [MESSAGE][PASSED] - Object: 'Object Repository/Final Object Repo/New Registration - Registration Module Pages/New Reg - OTC to RO/Special Case - All Related Objects/IC Type Drop Down' is clicked on

2019-01-03 14:19:45 - [TEST_STEP][PASSED] - click: Object: 'Object Repository/Final Object Repo/New Registration - Registration Module Pages/New Reg - OTC to RO/Special Case - All Related Objects/Select to NRIC' is clicked on

2019-01-03 14:19:45 - [MESSAGE][PASSED] - Object: 'Object Repository/Final Object Repo/New Registration - Registration Module Pages/New Reg - OTC to RO/Special Case - All Related Objects/Select to NRIC' is clicked on

2019-01-03 14:19:45 - [TEST_STEP][PASSED] - setText: Text '133245561223' is set on object 'Object Repository/Final Object Repo/New Registration - Registration Module Pages/New Reg - OTC to RO/Special Case - All Related Objects/IC Value'

2019-01-03 14:19:45 - [MESSAGE][PASSED] - Text '133245561223' is set on object 'Object Repository/Final Object Repo/New Registration - Registration Module Pages/New Reg - OTC to RO/Special Case - All Related Objects/IC Value'

2019-01-03 14:19:45 - [TEST_STEP][PASSED] - setText: Text 'Auto' is set on object 'Object Repository/Final Object Repo/New Registration - Registration Module Pages/New Reg - OTC to RO/Special Case - All Related Objects/Designation'

2019-01-03 14:19:45 - [MESSAGE][PASSED] - Text 'Auto' is set on object 'Object Repository/Final Object Repo/New Registration - Registration Module Pages/New Reg - OTC to RO/Special Case - All Related Objects/Designation'

2019-01-03 14:19:45 - [TEST_STEP][PASSED] - callTestCase: Call Test Case 'Test Cases/Final Aug 2018 - PKS Automation/Registration Module/New Registration/Submit and Screenshot/Submit Registration and Screenshot - Copy' successfully

2019-01-03 14:19:46 - [TEST_CASE][PASSED] - Test Cases/Final Aug 2018 - PKS Automation/Registration Module/New Registration/Submit and Screenshot/Submit Registration and Screenshot - Copy: Test Cases/Final Aug 2018 - PKS Automation/Registration Module/New Registration/Submit and Screenshot/Submit Registration and Screenshot - Copy

2019-01-03 14:19:46 - [TEST_STEP][PASSED] - delay: Delayed 6 second(s)

2019-01-03 14:19:52 - [MESSAGE][PASSED] - Delayed 6 second(s)

2019-01-03 14:19:52 - [TEST_STEP][PASSED] - click: Object: 'Object Repository/Final Object Repo/New Registration - Registration Module Pages/Third Screen - Upload Supporting Doc- Preview/Preview Submit Button' is clicked on

2019-01-03 14:19:52 - [MESSAGE][PASSED] - Object: 'Object Repository/Final Object Repo/New Registration - Registration Module Pages/Third Screen - Upload Supporting Doc- Preview/Preview Submit Button' is clicked on

2019-01-03 14:19:52 - [TEST_STEP][PASSED] - delay: Delayed 2 second(s)

2019-01-03 14:19:54 - [MESSAGE][PASSED] - Delayed 2 second(s)

2019-01-03 14:19:54 - [TEST_STEP][PASSED] - click: Object: 'Object Repository/Final Object Repo/New Registration - Registration Module Pages/Third Screen - Upload Supporting Doc- Preview/Preview Submit - Confirm' is clicked on

2019-01-03 14:19:54 - [MESSAGE][PASSED] - Object: 'Object Repository/Final Object Repo/New Registration - Registration Module Pages/Third Screen - Upload Supporting Doc- Preview/Preview Submit - Confirm' is clicked on

2019-01-03 14:19:54 - [TEST_STEP][PASSED] - delay: Delayed 15 second(s)

2019-01-03 14:20:09 - [MESSAGE][PASSED] - Delayed 15 second(s)

2019-01-03 14:20:09 - [TEST_STEP][PASSED] - Statement - driver = com.kms.katalon.core.webui.driver.DriverFactory.getWebDriver(): null

2019-01-03 14:20:09 - [TEST_STEP][PASSED] - Statement - driver.manage().timeouts().implicitlyWait(10, SECONDS): null

2019-01-03 14:20:09 - [TEST_STEP][PASSED] - Statement - PresavePath = KatalonScreenshots: null

2019-01-03 14:20:09 - [TEST_STEP][PASSED] - Statement - pathPrefix = "C:\Users\Public\Pictures\Sample Pictures\Katalon Screenshots\Automate Ending Screen": null

2019-01-03 14:20:09 - [TEST_STEP][PASSED] - Statement - finalPath = <not implemented yet for class: org.codehaus.groovy.ast.expr.EmptyExpression>: null

2019-01-03 14:20:09 - [TEST_STEP][PASSED] - Statement - scrFile = driver.getScreenshotAs(FILE): null

2019-01-03 14:20:09 - [TEST_STEP][PASSED] - Statement - PreSaveFile = new java.io.File(PresavePath): null

2019-01-03 14:20:09 - [TEST_STEP][PASSED] - Statement - counter = 0: null

2019-01-03 14:20:09 - [TEST_STEP][PASSED] - Statement - If (PreSaveFile.exists()): null

2019-01-03 14:20:09 - [TEST_STEP][PASSED] - Statement - While (PreSaveFile.exists()): null

2019-01-03 14:20:09 - [TEST_STEP][PASSED] - Statement - counter = counter + 1: null

2019-01-03 14:20:09 - [TEST_STEP][PASSED] - Statement - PreSaveFile = new java.io.File(((pathPrefix + java.lang.Integer.toString(counter)) + .png)): null

2019-01-03 14:20:09 - [TEST_STEP][PASSED] - Statement - counter = counter + 1: null

2019-01-03 14:20:09 - [TEST_STEP][PASSED] - Statement - PreSaveFile = new java.io.File(((pathPrefix + java.lang.Integer.toString(counter)) + .png)): null

2019-01-03 14:20:09 - [TEST_STEP][PASSED] - Statement - counter = counter + 1: null

2019-01-03 14:20:09 - [TEST_STEP][PASSED] - Statement - PreSaveFile = new java.io.File(((pathPrefix + java.lang.Integer.toString(counter)) + .png)): null

2019-01-03 14:20:09 - [TEST_STEP][PASSED] - Statement - counter = counter + 1: null

2019-01-03 14:20:09 - [TEST_STEP][PASSED] - Statement - PreSaveFile = new java.io.File(((pathPrefix + java.lang.Integer.toString(counter)) + .png)): null

2019-01-03 14:20:09 - [TEST_STEP][PASSED] - Statement - counter = counter + 1: null

2019-01-03 14:20:09 - [TEST_STEP][PASSED] - Statement - PreSaveFile = new java.io.File(((pathPrefix + java.lang.Integer.toString(counter)) + .png)): null

2019-01-03 14:20:09 - [TEST_STEP][PASSED] - Statement - counter = counter + 1: null

2019-01-03 14:20:09 - [TEST_STEP][PASSED] - Statement - PreSaveFile = new java.io.File(((pathPrefix + java.lang.Integer.toString(counter)) + .png)): null

2019-01-03 14:20:09 - [TEST_STEP][PASSED] - Statement - counter = counter + 1: null

2019-01-03 14:20:09 - [TEST_STEP][PASSED] - Statement - PreSaveFile = new java.io.File(((pathPrefix + java.lang.Integer.toString(counter)) + .png)): null

2019-01-03 14:20:09 - [TEST_STEP][PASSED] - Statement - counter = counter + 1: null

2019-01-03 14:20:09 - [TEST_STEP][PASSED] - Statement - PreSaveFile = new java.io.File(((pathPrefix + java.lang.Integer.toString(counter)) + .png)): null

2019-01-03 14:20:09 - [TEST_STEP][PASSED] - Statement - counter = counter + 1: null

2019-01-03 14:20:09 - [TEST_STEP][PASSED] - Statement - PreSaveFile = new java.io.File(((pathPrefix + java.lang.Integer.toString(counter)) + .png)): null

2019-01-03 14:20:10 - [TEST_STEP][PASSED] - Statement - counter = counter + 1: null

2019-01-03 14:20:10 - [TEST_STEP][PASSED] - Statement - PreSaveFile = new java.io.File(((pathPrefix + java.lang.Integer.toString(counter)) + .png)): null

2019-01-03 14:20:10 - [TEST_STEP][PASSED] - Statement - counter = counter + 1: null

2019-01-03 14:20:10 - [TEST_STEP][PASSED] - Statement - PreSaveFile = new java.io.File(((pathPrefix + java.lang.Integer.toString(counter)) + .png)): null

2019-01-03 14:20:10 - [TEST_STEP][PASSED] - Statement - counter = counter + 1: null

2019-01-03 14:20:10 - [TEST_STEP][PASSED] - Statement - PreSaveFile = new java.io.File(((pathPrefix + java.lang.Integer.toString(counter)) + .png)): null

2019-01-03 14:20:10 - [TEST_STEP][PASSED] - Statement - counter = counter + 1: null

2019-01-03 14:20:10 - [TEST_STEP][PASSED] - Statement - PreSaveFile = new java.io.File(((pathPrefix + java.lang.Integer.toString(counter)) + .png)): null

2019-01-03 14:20:10 - [TEST_STEP][PASSED] - Statement - counter = counter + 1: null

2019-01-03 14:20:10 - [TEST_STEP][PASSED] - Statement - PreSaveFile = new java.io.File(((pathPrefix + java.lang.Integer.toString(counter)) + .png)): null

2019-01-03 14:20:10 - [TEST_STEP][PASSED] - Statement - counter = counter + 1: null

2019-01-03 14:20:10 - [TEST_STEP][PASSED] - Statement - PreSaveFile = new java.io.File(((pathPrefix + java.lang.Integer.toString(counter)) + .png)): null

2019-01-03 14:20:10 - [TEST_STEP][PASSED] - Statement - counter = counter + 1: null

2019-01-03 14:20:10 - [TEST_STEP][PASSED] - Statement - PreSaveFile = new java.io.File(((pathPrefix + java.lang.Integer.toString(counter)) + .png)): null

2019-01-03 14:20:10 - [TEST_STEP][PASSED] - Statement - counter = counter + 1: null

2019-01-03 14:20:10 - [TEST_STEP][PASSED] - Statement - PreSaveFile = new java.io.File(((pathPrefix + java.lang.Integer.toString(counter)) + .png)): null

2019-01-03 14:20:10 - [TEST_STEP][PASSED] - Statement - counter = counter + 1: null

2019-01-03 14:20:10 - [TEST_STEP][PASSED] - Statement - PreSaveFile = new java.io.File(((pathPrefix + java.lang.Integer.toString(counter)) + .png)): null

2019-01-03 14:20:10 - [TEST_STEP][PASSED] - Statement - counter = counter + 1: null

2019-01-03 14:20:10 - [TEST_STEP][PASSED] - Statement - PreSaveFile = new java.io.File(((pathPrefix + java.lang.Integer.toString(counter)) + .png)): null

2019-01-03 14:20:10 - [TEST_STEP][PASSED] - Statement - counter = counter + 1: null

2019-01-03 14:20:10 - [TEST_STEP][PASSED] - Statement - PreSaveFile = new java.io.File(((pathPrefix + java.lang.Integer.toString(counter)) + .png)): null

2019-01-03 14:20:10 - [TEST_STEP][PASSED] - Statement - counter = counter + 1: null

2019-01-03 14:20:10 - [TEST_STEP][PASSED] - Statement - PreSaveFile = new java.io.File(((pathPrefix + java.lang.Integer.toString(counter)) + .png)): null

2019-01-03 14:20:10 - [TEST_STEP][PASSED] - Statement - counter = counter + 1: null

2019-01-03 14:20:10 - [TEST_STEP][PASSED] - Statement - PreSaveFile = new java.io.File(((pathPrefix + java.lang.Integer.toString(counter)) + .png)): null

2019-01-03 14:20:10 - [TEST_STEP][PASSED] - Statement - counter = counter + 1: null

2019-01-03 14:20:10 - [TEST_STEP][PASSED] - Statement - PreSaveFile = new java.io.File(((pathPrefix + java.lang.Integer.toString(counter)) + .png)): null

2019-01-03 14:20:10 - [TEST_STEP][PASSED] - Statement - counter = counter + 1: null

2019-01-03 14:20:10 - [TEST_STEP][PASSED] - Statement - PreSaveFile = new java.io.File(((pathPrefix + java.lang.Integer.toString(counter)) + .png)): null

2019-01-03 14:20:10 - [TEST_STEP][PASSED] - Statement - counter = counter + 1: null

2019-01-03 14:20:10 - [TEST_STEP][PASSED] - Statement - PreSaveFile = new java.io.File(((pathPrefix + java.lang.Integer.toString(counter)) + .png)): null

2019-01-03 14:20:10 - [TEST_STEP][PASSED] - Statement - counter = counter + 1: null

2019-01-03 14:20:10 - [TEST_STEP][PASSED] - Statement - PreSaveFile = new java.io.File(((pathPrefix + java.lang.Integer.toString(counter)) + .png)): null

2019-01-03 14:20:10 - [TEST_STEP][PASSED] - Statement - counter = counter + 1: null

2019-01-03 14:20:10 - [TEST_STEP][PASSED] - Statement - PreSaveFile = new java.io.File(((pathPrefix + java.lang.Integer.toString(counter)) + .png)): null

2019-01-03 14:20:10 - [TEST_STEP][PASSED] - Statement - counter = counter + 1: null

2019-01-03 14:20:10 - [TEST_STEP][PASSED] - Statement - PreSaveFile = new java.io.File(((pathPrefix + java.lang.Integer.toString(counter)) + .png)): null

2019-01-03 14:20:10 - [TEST_STEP][PASSED] - Statement - counter = counter + 1: null

2019-01-03 14:20:10 - [TEST_STEP][PASSED] - Statement - PreSaveFile = new java.io.File(((pathPrefix + java.lang.Integer.toString(counter)) + .png)): null

2019-01-03 14:20:10 - [TEST_STEP][PASSED] - Statement - counter = counter + 1: null

2019-01-03 14:20:10 - [TEST_STEP][PASSED] - Statement - PreSaveFile = new java.io.File(((pathPrefix + java.lang.Integer.toString(counter)) + .png)): null

2019-01-03 14:20:10 - [TEST_STEP][PASSED] - Statement - counter = counter + 1: null

2019-01-03 14:20:10 - [TEST_STEP][PASSED] - Statement - PreSaveFile = new java.io.File(((pathPrefix + java.lang.Integer.toString(counter)) + .png)): null

2019-01-03 14:20:10 - [TEST_STEP][PASSED] - Statement - counter = counter + 1: null

2019-01-03 14:20:10 - [TEST_STEP][PASSED] - Statement - PreSaveFile = new java.io.File(((pathPrefix + java.lang.Integer.toString(counter)) + .png)): null

2019-01-03 14:20:10 - [TEST_STEP][PASSED] - Statement - counter = counter + 1: null

2019-01-03 14:20:10 - [TEST_STEP][PASSED] - Statement - PreSaveFile = new java.io.File(((pathPrefix + java.lang.Integer.toString(counter)) + .png)): null

2019-01-03 14:20:10 - [TEST_STEP][PASSED] - Statement - counter = counter + 1: null

2019-01-03 14:20:10 - [TEST_STEP][PASSED] - Statement - PreSaveFile = new java.io.File(((pathPrefix + java.lang.Integer.toString(counter)) + .png)): null

2019-01-03 14:20:10 - [TEST_STEP][PASSED] - Statement - counter = counter + 1: null

2019-01-03 14:20:10 - [TEST_STEP][PASSED] - Statement - PreSaveFile = new java.io.File(((pathPrefix + java.lang.Integer.toString(counter)) + .png)): null

2019-01-03 14:20:10 - [TEST_STEP][PASSED] - Statement - counter = counter + 1: null

2019-01-03 14:20:10 - [TEST_STEP][PASSED] - Statement - PreSaveFile = new java.io.File(((pathPrefix + java.lang.Integer.toString(counter)) + .png)): null

2019-01-03 14:20:10 - [TEST_STEP][PASSED] - Statement - counter = counter + 1: null

2019-01-03 14:20:10 - [TEST_STEP][PASSED] - Statement - PreSaveFile = new java.io.File(((pathPrefix + java.lang.Integer.toString(counter)) + .png)): null

2019-01-03 14:20:10 - [TEST_STEP][PASSED] - Statement - counter = counter + 1: null

2019-01-03 14:20:10 - [TEST_STEP][PASSED] - Statement - PreSaveFile = new java.io.File(((pathPrefix + java.lang.Integer.toString(counter)) + .png)): null

2019-01-03 14:20:10 - [TEST_STEP][PASSED] - Statement - counter = counter + 1: null

2019-01-03 14:20:10 - [TEST_STEP][PASSED] - Statement - PreSaveFile = new java.io.File(((pathPrefix + java.lang.Integer.toString(counter)) + .png)): null

2019-01-03 14:20:10 - [TEST_STEP][PASSED] - Statement - counter = counter + 1: null

2019-01-03 14:20:10 - [TEST_STEP][PASSED] - Statement - PreSaveFile = new java.io.File(((pathPrefix + java.lang.Integer.toString(counter)) + .png)): null

2019-01-03 14:20:10 - [TEST_STEP][PASSED] - Statement - counter = counter + 1: null

2019-01-03 14:20:10 - [TEST_STEP][PASSED] - Statement - PreSaveFile = new java.io.File(((pathPrefix + java.lang.Integer.toString(counter)) + .png)): null

2019-01-03 14:20:10 - [TEST_STEP][PASSED] - Statement - counter = counter + 1: null

2019-01-03 14:20:10 - [TEST_STEP][PASSED] - Statement - PreSaveFile = new java.io.File(((pathPrefix + java.lang.Integer.toString(counter)) + .png)): null

2019-01-03 14:20:10 - [TEST_STEP][PASSED] - Statement - counter = counter + 1: null

2019-01-03 14:20:10 - [TEST_STEP][PASSED] - Statement - PreSaveFile = new java.io.File(((pathPrefix + java.lang.Integer.toString(counter)) + .png)): null

2019-01-03 14:20:10 - [TEST_STEP][PASSED] - Statement - counter = counter + 1: null

2019-01-03 14:20:10 - [TEST_STEP][PASSED] - Statement - PreSaveFile = new java.io.File(((pathPrefix + java.lang.Integer.toString(counter)) + .png)): null

2019-01-03 14:20:10 - [TEST_STEP][PASSED] - Statement - counter = counter + 1: null

2019-01-03 14:20:10 - [TEST_STEP][PASSED] - Statement - PreSaveFile = new java.io.File(((pathPrefix + java.lang.Integer.toString(counter)) + .png)): null

2019-01-03 14:20:10 - [TEST_STEP][PASSED] - Statement - counter = counter + 1: null

2019-01-03 14:20:10 - [TEST_STEP][PASSED] - Statement - PreSaveFile = new java.io.File(((pathPrefix + java.lang.Integer.toString(counter)) + .png)): null

2019-01-03 14:20:10 - [TEST_STEP][PASSED] - Statement - counter = counter + 1: null

2019-01-03 14:20:10 - [TEST_STEP][PASSED] - Statement - PreSaveFile = new java.io.File(((pathPrefix + java.lang.Integer.toString(counter)) + .png)): null

2019-01-03 14:20:10 - [TEST_STEP][PASSED] - Statement - counter = counter + 1: null

2019-01-03 14:20:10 - [TEST_STEP][PASSED] - Statement - PreSaveFile = new java.io.File(((pathPrefix + java.lang.Integer.toString(counter)) + .png)): null

2019-01-03 14:20:10 - [TEST_STEP][PASSED] - Statement - counter = counter + 1: null

2019-01-03 14:20:10 - [TEST_STEP][PASSED] - Statement - PreSaveFile = new java.io.File(((pathPrefix + java.lang.Integer.toString(counter)) + .png)): null

2019-01-03 14:20:10 - [TEST_STEP][PASSED] - Statement - counter = counter + 1: null

2019-01-03 14:20:10 - [TEST_STEP][PASSED] - Statement - PreSaveFile = new java.io.File(((pathPrefix + java.lang.Integer.toString(counter)) + .png)): null

2019-01-03 14:20:10 - [TEST_STEP][PASSED] - Statement - counter = counter + 1: null

2019-01-03 14:20:10 - [TEST_STEP][PASSED] - Statement - PreSaveFile = new java.io.File(((pathPrefix + java.lang.Integer.toString(counter)) + .png)): null

2019-01-03 14:20:10 - [TEST_STEP][PASSED] - Statement - counter = counter + 1: null

2019-01-03 14:20:10 - [TEST_STEP][PASSED] - Statement - PreSaveFile = new java.io.File(((pathPrefix + java.lang.Integer.toString(counter)) + .png)): null

2019-01-03 14:20:10 - [TEST_STEP][PASSED] - Statement - counter = counter + 1: null

2019-01-03 14:20:10 - [TEST_STEP][PASSED] - Statement - PreSaveFile = new java.io.File(((pathPrefix + java.lang.Integer.toString(counter)) + .png)): null

2019-01-03 14:20:10 - [TEST_STEP][PASSED] - Statement - counter = counter + 1: null

2019-01-03 14:20:10 - [TEST_STEP][PASSED] - Statement - PreSaveFile = new java.io.File(((pathPrefix + java.lang.Integer.toString(counter)) + .png)): null

2019-01-03 14:20:10 - [TEST_STEP][PASSED] - Statement - counter = counter + 1: null

2019-01-03 14:20:10 - [TEST_STEP][PASSED] - Statement - PreSaveFile = new java.io.File(((pathPrefix + java.lang.Integer.toString(counter)) + .png)): null

2019-01-03 14:20:10 - [TEST_STEP][PASSED] - Statement - counter = counter + 1: null

2019-01-03 14:20:10 - [TEST_STEP][PASSED] - Statement - PreSaveFile = new java.io.File(((pathPrefix + java.lang.Integer.toString(counter)) + .png)): null

2019-01-03 14:20:10 - [TEST_STEP][PASSED] - Statement - counter = counter + 1: null

2019-01-03 14:20:10 - [TEST_STEP][PASSED] - Statement - PreSaveFile = new java.io.File(((pathPrefix + java.lang.Integer.toString(counter)) + .png)): null

2019-01-03 14:20:10 - [TEST_STEP][PASSED] - Statement - counter = counter + 1: null

2019-01-03 14:20:10 - [TEST_STEP][PASSED] - Statement - PreSaveFile = new java.io.File(((pathPrefix + java.lang.Integer.toString(counter)) + .png)): null

2019-01-03 14:20:10 - [TEST_STEP][PASSED] - Statement - counter = counter + 1: null

2019-01-03 14:20:10 - [TEST_STEP][PASSED] - Statement - PreSaveFile = new java.io.File(((pathPrefix + java.lang.Integer.toString(counter)) + .png)): null

2019-01-03 14:20:10 - [TEST_STEP][PASSED] - Statement - counter = counter + 1: null

2019-01-03 14:20:10 - [TEST_STEP][PASSED] - Statement - PreSaveFile = new java.io.File(((pathPrefix + java.lang.Integer.toString(counter)) + .png)): null

2019-01-03 14:20:10 - [TEST_STEP][PASSED] - Statement - counter = counter + 1: null

2019-01-03 14:20:10 - [TEST_STEP][PASSED] - Statement - PreSaveFile = new java.io.File(((pathPrefix + java.lang.Integer.toString(counter)) + .png)): null

2019-01-03 14:20:10 - [TEST_STEP][PASSED] - Statement - counter = counter + 1: null

2019-01-03 14:20:10 - [TEST_STEP][PASSED] - Statement - PreSaveFile = new java.io.File(((pathPrefix + java.lang.Integer.toString(counter)) + .png)): null

2019-01-03 14:20:10 - [TEST_STEP][PASSED] - Statement - counter = counter + 1: null

2019-01-03 14:20:10 - [TEST_STEP][PASSED] - Statement - PreSaveFile = new java.io.File(((pathPrefix + java.lang.Integer.toString(counter)) + .png)): null

2019-01-03 14:20:10 - [TEST_STEP][PASSED] - Statement - counter = counter + 1: null

2019-01-03 14:20:10 - [TEST_STEP][PASSED] - Statement - PreSaveFile = new java.io.File(((pathPrefix + java.lang.Integer.toString(counter)) + .png)): null

2019-01-03 14:20:10 - [TEST_STEP][PASSED] - Statement - counter = counter + 1: null

2019-01-03 14:20:10 - [TEST_STEP][PASSED] - Statement - PreSaveFile = new java.io.File(((pathPrefix + java.lang.Integer.toString(counter)) + .png)): null

2019-01-03 14:20:10 - [TEST_STEP][PASSED] - Statement - counter = counter + 1: null

2019-01-03 14:20:10 - [TEST_STEP][PASSED] - Statement - PreSaveFile = new java.io.File(((pathPrefix + java.lang.Integer.toString(counter)) + .png)): null

2019-01-03 14:20:10 - [TEST_STEP][PASSED] - Statement - counter = counter + 1: null

2019-01-03 14:20:10 - [TEST_STEP][PASSED] - Statement - PreSaveFile = new java.io.File(((pathPrefix + java.lang.Integer.toString(counter)) + .png)): null

2019-01-03 14:20:10 - [TEST_STEP][PASSED] - Statement - counter = counter + 1: null

2019-01-03 14:20:10 - [TEST_STEP][PASSED] - Statement - PreSaveFile = new java.io.File(((pathPrefix + java.lang.Integer.toString(counter)) + .png)): null

2019-01-03 14:20:10 - [TEST_STEP][PASSED] - Statement - counter = counter + 1: null

2019-01-03 14:20:10 - [TEST_STEP][PASSED] - Statement - PreSaveFile = new java.io.File(((pathPrefix + java.lang.Integer.toString(counter)) + .png)): null

2019-01-03 14:20:10 - [TEST_STEP][PASSED] - Statement - counter = counter + 1: null

2019-01-03 14:20:10 - [TEST_STEP][PASSED] - Statement - PreSaveFile = new java.io.File(((pathPrefix + java.lang.Integer.toString(counter)) + .png)): null

2019-01-03 14:20:10 - [TEST_STEP][PASSED] - Statement - counter = counter + 1: null

2019-01-03 14:20:10 - [TEST_STEP][PASSED] - Statement - PreSaveFile = new java.io.File(((pathPrefix + java.lang.Integer.toString(counter)) + .png)): null

2019-01-03 14:20:10 - [TEST_STEP][PASSED] - Statement - counter = counter + 1: null

2019-01-03 14:20:10 - [TEST_STEP][PASSED] - Statement - PreSaveFile = new java.io.File(((pathPrefix + java.lang.Integer.toString(counter)) + .png)): null

2019-01-03 14:20:10 - [TEST_STEP][PASSED] - Statement - counter = counter + 1: null

2019-01-03 14:20:10 - [TEST_STEP][PASSED] - Statement - PreSaveFile = new java.io.File(((pathPrefix + java.lang.Integer.toString(counter)) + .png)): null

2019-01-03 14:20:10 - [TEST_STEP][PASSED] - Statement - counter = counter + 1: null

2019-01-03 14:20:10 - [TEST_STEP][PASSED] - Statement - PreSaveFile = new java.io.File(((pathPrefix + java.lang.Integer.toString(counter)) + .png)): null

2019-01-03 14:20:10 - [TEST_STEP][PASSED] - Statement - counter = counter + 1: null

2019-01-03 14:20:10 - [TEST_STEP][PASSED] - Statement - PreSaveFile = new java.io.File(((pathPrefix + java.lang.Integer.toString(counter)) + .png)): null

2019-01-03 14:20:10 - [TEST_STEP][PASSED] - Statement - counter = counter + 1: null

2019-01-03 14:20:10 - [TEST_STEP][PASSED] - Statement - PreSaveFile = new java.io.File(((pathPrefix + java.lang.Integer.toString(counter)) + .png)): null

2019-01-03 14:20:10 - [TEST_STEP][PASSED] - Statement - counter = counter + 1: null

2019-01-03 14:20:10 - [TEST_STEP][PASSED] - Statement - PreSaveFile = new java.io.File(((pathPrefix + java.lang.Integer.toString(counter)) + .png)): null

2019-01-03 14:20:10 - [TEST_STEP][PASSED] - Statement - counter = counter + 1: null

2019-01-03 14:20:10 - [TEST_STEP][PASSED] - Statement - PreSaveFile = new java.io.File(((pathPrefix + java.lang.Integer.toString(counter)) + .png)): null

2019-01-03 14:20:10 - [TEST_STEP][PASSED] - Statement - counter = counter + 1: null

2019-01-03 14:20:10 - [TEST_STEP][PASSED] - Statement - PreSaveFile = new java.io.File(((pathPrefix + java.lang.Integer.toString(counter)) + .png)): null

2019-01-03 14:20:10 - [TEST_STEP][PASSED] - Statement - counter = counter + 1: null

2019-01-03 14:20:10 - [TEST_STEP][PASSED] - Statement - PreSaveFile = new java.io.File(((pathPrefix + java.lang.Integer.toString(counter)) + .png)): null

2019-01-03 14:20:10 - [TEST_STEP][PASSED] - Statement - counter = counter + 1: null

2019-01-03 14:20:10 - [TEST_STEP][PASSED] - Statement - PreSaveFile = new java.io.File(((pathPrefix + java.lang.Integer.toString(counter)) + .png)): null

2019-01-03 14:20:10 - [TEST_STEP][PASSED] - Statement - counter = counter + 1: null

2019-01-03 14:20:10 - [TEST_STEP][PASSED] - Statement - PreSaveFile = new java.io.File(((pathPrefix + java.lang.Integer.toString(counter)) + .png)): null

2019-01-03 14:20:10 - [TEST_STEP][PASSED] - Statement - counter = counter + 1: null

2019-01-03 14:20:10 - [TEST_STEP][PASSED] - Statement - PreSaveFile = new java.io.File(((pathPrefix + java.lang.Integer.toString(counter)) + .png)): null

2019-01-03 14:20:10 - [TEST_STEP][PASSED] - Statement - counter = counter + 1: null

2019-01-03 14:20:10 - [TEST_STEP][PASSED] - Statement - PreSaveFile = new java.io.File(((pathPrefix + java.lang.Integer.toString(counter)) + .png)): null

2019-01-03 14:20:10 - [TEST_STEP][PASSED] - Statement - counter = counter + 1: null

2019-01-03 14:20:10 - [TEST_STEP][PASSED] - Statement - PreSaveFile = new java.io.File(((pathPrefix + java.lang.Integer.toString(counter)) + .png)): null

2019-01-03 14:20:10 - [TEST_STEP][PASSED] - Statement - counter = counter + 1: null

2019-01-03 14:20:10 - [TEST_STEP][PASSED] - Statement - PreSaveFile = new java.io.File(((pathPrefix + java.lang.Integer.toString(counter)) + .png)): null

2019-01-03 14:20:10 - [TEST_STEP][PASSED] - Statement - counter = counter + 1: null

2019-01-03 14:20:10 - [TEST_STEP][PASSED] - Statement - PreSaveFile = new java.io.File(((pathPrefix + java.lang.Integer.toString(counter)) + .png)): null

2019-01-03 14:20:10 - [TEST_STEP][PASSED] - Statement - counter = counter + 1: null

2019-01-03 14:20:10 - [TEST_STEP][PASSED] - Statement - PreSaveFile = new java.io.File(((pathPrefix + java.lang.Integer.toString(counter)) + .png)): null

2019-01-03 14:20:10 - [TEST_STEP][PASSED] - Statement - counter = counter + 1: null

2019-01-03 14:20:10 - [TEST_STEP][PASSED] - Statement - PreSaveFile = new java.io.File(((pathPrefix + java.lang.Integer.toString(counter)) + .png)): null

2019-01-03 14:20:10 - [TEST_STEP][PASSED] - Statement - counter = counter + 1: null

2019-01-03 14:20:10 - [TEST_STEP][PASSED] - Statement - PreSaveFile = new java.io.File(((pathPrefix + java.lang.Integer.toString(counter)) + .png)): null

2019-01-03 14:20:10 - [TEST_STEP][PASSED] - Statement - counter = counter + 1: null

2019-01-03 14:20:10 - [TEST_STEP][PASSED] - Statement - PreSaveFile = new java.io.File(((pathPrefix + java.lang.Integer.toString(counter)) + .png)): null

2019-01-03 14:20:10 - [TEST_STEP][PASSED] - Statement - counter = counter + 1: null

2019-01-03 14:20:10 - [TEST_STEP][PASSED] - Statement - PreSaveFile = new java.io.File(((pathPrefix + java.lang.Integer.toString(counter)) + .png)): null

2019-01-03 14:20:10 - [TEST_STEP][PASSED] - Statement - counter = counter + 1: null

2019-01-03 14:20:10 - [TEST_STEP][PASSED] - Statement - PreSaveFile = new java.io.File(((pathPrefix + java.lang.Integer.toString(counter)) + .png)): null

2019-01-03 14:20:10 - [TEST_STEP][PASSED] - Statement - counter = counter + 1: null

2019-01-03 14:20:10 - [TEST_STEP][PASSED] - Statement - PreSaveFile = new java.io.File(((pathPrefix + java.lang.Integer.toString(counter)) + .png)): null

2019-01-03 14:20:10 - [TEST_STEP][PASSED] - Statement - counter = counter + 1: null

2019-01-03 14:20:10 - [TEST_STEP][PASSED] - Statement - PreSaveFile = new java.io.File(((pathPrefix + java.lang.Integer.toString(counter)) + .png)): null

2019-01-03 14:20:10 - [TEST_STEP][PASSED] - Statement - counter = counter + 1: null

2019-01-03 14:20:10 - [TEST_STEP][PASSED] - Statement - PreSaveFile = new java.io.File(((pathPrefix + java.lang.Integer.toString(counter)) + .png)): null

2019-01-03 14:20:10 - [TEST_STEP][PASSED] - Statement - counter = counter + 1: null

2019-01-03 14:20:10 - [TEST_STEP][PASSED] - Statement - PreSaveFile = new java.io.File(((pathPrefix + java.lang.Integer.toString(counter)) + .png)): null

2019-01-03 14:20:10 - [TEST_STEP][PASSED] - Statement - counter = counter + 1: null

2019-01-03 14:20:10 - [TEST_STEP][PASSED] - Statement - PreSaveFile = new java.io.File(((pathPrefix + java.lang.Integer.toString(counter)) + .png)): null

2019-01-03 14:20:10 - [TEST_STEP][PASSED] - Statement - counter = counter + 1: null

2019-01-03 14:20:10 - [TEST_STEP][PASSED] - Statement - PreSaveFile = new java.io.File(((pathPrefix + java.lang.Integer.toString(counter)) + .png)): null

2019-01-03 14:20:10 - [TEST_STEP][PASSED] - Statement - counter = counter + 1: null

2019-01-03 14:20:10 - [TEST_STEP][PASSED] - Statement - PreSaveFile = new java.io.File(((pathPrefix + java.lang.Integer.toString(counter)) + .png)): null

2019-01-03 14:20:10 - [TEST_STEP][PASSED] - Statement - counter = counter + 1: null

2019-01-03 14:20:10 - [TEST_STEP][PASSED] - Statement - PreSaveFile = new java.io.File(((pathPrefix + java.lang.Integer.toString(counter)) + .png)): null

2019-01-03 14:20:10 - [TEST_STEP][PASSED] - Statement - counter = counter + 1: null

2019-01-03 14:20:10 - [TEST_STEP][PASSED] - Statement - PreSaveFile = new java.io.File(((pathPrefix + java.lang.Integer.toString(counter)) + .png)): null

2019-01-03 14:20:10 - [TEST_STEP][PASSED] - Statement - counter = counter + 1: null

2019-01-03 14:20:10 - [TEST_STEP][PASSED] - Statement - PreSaveFile = new java.io.File(((pathPrefix + java.lang.Integer.toString(counter)) + .png)): null

2019-01-03 14:20:10 - [TEST_STEP][PASSED] - Statement - counter = counter + 1: null

2019-01-03 14:20:10 - [TEST_STEP][PASSED] - Statement - PreSaveFile = new java.io.File(((pathPrefix + java.lang.Integer.toString(counter)) + .png)): null

2019-01-03 14:20:10 - [TEST_STEP][PASSED] - Statement - counter = counter + 1: null

2019-01-03 14:20:10 - [TEST_STEP][PASSED] - Statement - PreSaveFile = new java.io.File(((pathPrefix + java.lang.Integer.toString(counter)) + .png)): null

2019-01-03 14:20:10 - [TEST_STEP][PASSED] - Statement - counter = counter + 1: null

2019-01-03 14:20:10 - [TEST_STEP][PASSED] - Statement - PreSaveFile = new java.io.File(((pathPrefix + java.lang.Integer.toString(counter)) + .png)): null

2019-01-03 14:20:10 - [TEST_STEP][PASSED] - Statement - counter = counter + 1: null

2019-01-03 14:20:10 - [TEST_STEP][PASSED] - Statement - PreSaveFile = new java.io.File(((pathPrefix + java.lang.Integer.toString(counter)) + .png)): null

2019-01-03 14:20:10 - [TEST_STEP][PASSED] - Statement - counter = counter + 1: null

2019-01-03 14:20:10 - [TEST_STEP][PASSED] - Statement - PreSaveFile = new java.io.File(((pathPrefix + java.lang.Integer.toString(counter)) + .png)): null

2019-01-03 14:20:10 - [TEST_STEP][PASSED] - Statement - counter = counter + 1: null

2019-01-03 14:20:10 - [TEST_STEP][PASSED] - Statement - PreSaveFile = new java.io.File(((pathPrefix + java.lang.Integer.toString(counter)) + .png)): null

2019-01-03 14:20:10 - [TEST_STEP][PASSED] - Statement - counter = counter + 1: null

2019-01-03 14:20:10 - [TEST_STEP][PASSED] - Statement - PreSaveFile = new java.io.File(((pathPrefix + java.lang.Integer.toString(counter)) + .png)): null

2019-01-03 14:20:10 - [TEST_STEP][PASSED] - Statement - counter = counter + 1: null

2019-01-03 14:20:10 - [TEST_STEP][PASSED] - Statement - PreSaveFile = new java.io.File(((pathPrefix + java.lang.Integer.toString(counter)) + .png)): null

2019-01-03 14:20:10 - [TEST_STEP][PASSED] - Statement - counter = counter + 1: null

2019-01-03 14:20:10 - [TEST_STEP][PASSED] - Statement - PreSaveFile = new java.io.File(((pathPrefix + java.lang.Integer.toString(counter)) + .png)): null

2019-01-03 14:20:10 - [TEST_STEP][PASSED] - Statement - counter = counter + 1: null

2019-01-03 14:20:10 - [TEST_STEP][PASSED] - Statement - PreSaveFile = new java.io.File(((pathPrefix + java.lang.Integer.toString(counter)) + .png)): null

2019-01-03 14:20:10 - [TEST_STEP][PASSED] - Statement - counter = counter + 1: null

2019-01-03 14:20:10 - [TEST_STEP][PASSED] - Statement - PreSaveFile = new java.io.File(((pathPrefix + java.lang.Integer.toString(counter)) + .png)): null

2019-01-03 14:20:10 - [TEST_STEP][PASSED] - Statement - counter = counter + 1: null

2019-01-03 14:20:10 - [TEST_STEP][PASSED] - Statement - PreSaveFile = new java.io.File(((pathPrefix + java.lang.Integer.toString(counter)) + .png)): null

2019-01-03 14:20:10 - [TEST_STEP][PASSED] - Statement - counter = counter + 1: null

2019-01-03 14:20:10 - [TEST_STEP][PASSED] - Statement - PreSaveFile = new java.io.File(((pathPrefix + java.lang.Integer.toString(counter)) + .png)): null

2019-01-03 14:20:10 - [TEST_STEP][PASSED] - Statement - counter = counter + 1: null

2019-01-03 14:20:10 - [TEST_STEP][PASSED] - Statement - PreSaveFile = new java.io.File(((pathPrefix + java.lang.Integer.toString(counter)) + .png)): null

2019-01-03 14:20:10 - [TEST_STEP][PASSED] - Statement - counter = counter + 1: null

2019-01-03 14:20:10 - [TEST_STEP][PASSED] - Statement - PreSaveFile = new java.io.File(((pathPrefix + java.lang.Integer.toString(counter)) + .png)): null

2019-01-03 14:20:10 - [TEST_STEP][PASSED] - Statement - counter = counter + 1: null

2019-01-03 14:20:10 - [TEST_STEP][PASSED] - Statement - PreSaveFile = new java.io.File(((pathPrefix + java.lang.Integer.toString(counter)) + .png)): null

2019-01-03 14:20:10 - [TEST_STEP][PASSED] - Statement - counter = counter + 1: null

2019-01-03 14:20:10 - [TEST_STEP][PASSED] - Statement - PreSaveFile = new java.io.File(((pathPrefix + java.lang.Integer.toString(counter)) + .png)): null

2019-01-03 14:20:10 - [TEST_STEP][PASSED] - Statement - counter = counter + 1: null

2019-01-03 14:20:10 - [TEST_STEP][PASSED] - Statement - PreSaveFile = new java.io.File(((pathPrefix + java.lang.Integer.toString(counter)) + .png)): null

2019-01-03 14:20:10 - [TEST_STEP][PASSED] - Statement - counter = counter + 1: null

2019-01-03 14:20:10 - [TEST_STEP][PASSED] - Statement - PreSaveFile = new java.io.File(((pathPrefix + java.lang.Integer.toString(counter)) + .png)): null

2019-01-03 14:20:10 - [TEST_STEP][PASSED] - Statement - counter = counter + 1: null

2019-01-03 14:20:10 - [TEST_STEP][PASSED] - Statement - PreSaveFile = new java.io.File(((pathPrefix + java.lang.Integer.toString(counter)) + .png)): null

2019-01-03 14:20:10 - [TEST_STEP][PASSED] - Statement - counter = counter + 1: null

2019-01-03 14:20:10 - [TEST_STEP][PASSED] - Statement - PreSaveFile = new java.io.File(((pathPrefix + java.lang.Integer.toString(counter)) + .png)): null

2019-01-03 14:20:10 - [TEST_STEP][PASSED] - Statement - counter = counter + 1: null

2019-01-03 14:20:10 - [TEST_STEP][PASSED] - Statement - PreSaveFile = new java.io.File(((pathPrefix + java.lang.Integer.toString(counter)) + .png)): null

2019-01-03 14:20:10 - [TEST_STEP][PASSED] - Statement - counter = counter + 1: null

2019-01-03 14:20:10 - [TEST_STEP][PASSED] - Statement - PreSaveFile = new java.io.File(((pathPrefix + java.lang.Integer.toString(counter)) + .png)): null

2019-01-03 14:20:10 - [TEST_STEP][PASSED] - Statement - counter = counter + 1: null

2019-01-03 14:20:10 - [TEST_STEP][PASSED] - Statement - PreSaveFile = new java.io.File(((pathPrefix + java.lang.Integer.toString(counter)) + .png)): null

2019-01-03 14:20:10 - [TEST_STEP][PASSED] - Statement - counter = counter + 1: null

2019-01-03 14:20:10 - [TEST_STEP][PASSED] - Statement - PreSaveFile = new java.io.File(((pathPrefix + java.lang.Integer.toString(counter)) + .png)): null

2019-01-03 14:20:10 - [TEST_STEP][PASSED] - Statement - counter = counter + 1: null

2019-01-03 14:20:10 - [TEST_STEP][PASSED] - Statement - PreSaveFile = new java.io.File(((pathPrefix + java.lang.Integer.toString(counter)) + .png)): null

2019-01-03 14:20:10 - [TEST_STEP][PASSED] - Statement - counter = counter + 1: null

2019-01-03 14:20:10 - [TEST_STEP][PASSED] - Statement - PreSaveFile = new java.io.File(((pathPrefix + java.lang.Integer.toString(counter)) + .png)): null

2019-01-03 14:20:10 - [TEST_STEP][PASSED] - Statement - counter = counter + 1: null

2019-01-03 14:20:10 - [TEST_STEP][PASSED] - Statement - PreSaveFile = new java.io.File(((pathPrefix + java.lang.Integer.toString(counter)) + .png)): null

2019-01-03 14:20:10 - [TEST_STEP][PASSED] - Statement - counter = counter + 1: null

2019-01-03 14:20:10 - [TEST_STEP][PASSED] - Statement - PreSaveFile = new java.io.File(((pathPrefix + java.lang.Integer.toString(counter)) + .png)): null

2019-01-03 14:20:10 - [TEST_STEP][PASSED] - Statement - counter = counter + 1: null

2019-01-03 14:20:10 - [TEST_STEP][PASSED] - Statement - PreSaveFile = new java.io.File(((pathPrefix + java.lang.Integer.toString(counter)) + .png)): null

2019-01-03 14:20:10 - [TEST_STEP][PASSED] - Statement - counter = counter + 1: null

2019-01-03 14:20:10 - [TEST_STEP][PASSED] - Statement - PreSaveFile = new java.io.File(((pathPrefix + java.lang.Integer.toString(counter)) + .png)): null

2019-01-03 14:20:10 - [TEST_STEP][PASSED] - Statement - counter = counter + 1: null

2019-01-03 14:20:10 - [TEST_STEP][PASSED] - Statement - PreSaveFile = new java.io.File(((pathPrefix + java.lang.Integer.toString(counter)) + .png)): null

2019-01-03 14:20:10 - [TEST_STEP][PASSED] - Statement - counter = counter + 1: null

2019-01-03 14:20:10 - [TEST_STEP][PASSED] - Statement - PreSaveFile = new java.io.File(((pathPrefix + java.lang.Integer.toString(counter)) + .png)): null

2019-01-03 14:20:10 - [TEST_STEP][PASSED] - Statement - counter = counter + 1: null

2019-01-03 14:20:10 - [TEST_STEP][PASSED] - Statement - PreSaveFile = new java.io.File(((pathPrefix + java.lang.Integer.toString(counter)) + .png)): null

2019-01-03 14:20:10 - [TEST_STEP][PASSED] - Statement - counter = counter + 1: null

2019-01-03 14:20:10 - [TEST_STEP][PASSED] - Statement - PreSaveFile = new java.io.File(((pathPrefix + java.lang.Integer.toString(counter)) + .png)): null

2019-01-03 14:20:10 - [TEST_STEP][PASSED] - Statement - counter = counter + 1: null

2019-01-03 14:20:10 - [TEST_STEP][PASSED] - Statement - PreSaveFile = new java.io.File(((pathPrefix + java.lang.Integer.toString(counter)) + .png)): null

2019-01-03 14:20:10 - [TEST_STEP][PASSED] - Statement - counter = counter + 1: null

2019-01-03 14:20:10 - [TEST_STEP][PASSED] - Statement - PreSaveFile = new java.io.File(((pathPrefix + java.lang.Integer.toString(counter)) + .png)): null

2019-01-03 14:20:10 - [TEST_STEP][PASSED] - Statement - counter = counter + 1: null

2019-01-03 14:20:10 - [TEST_STEP][PASSED] - Statement - PreSaveFile = new java.io.File(((pathPrefix + java.lang.Integer.toString(counter)) + .png)): null

2019-01-03 14:20:10 - [TEST_STEP][PASSED] - Statement - counter = counter + 1: null

2019-01-03 14:20:10 - [TEST_STEP][PASSED] - Statement - PreSaveFile = new java.io.File(((pathPrefix + java.lang.Integer.toString(counter)) + .png)): null

2019-01-03 14:20:10 - [TEST_STEP][PASSED] - Statement - counter = counter + 1: null

2019-01-03 14:20:10 - [TEST_STEP][PASSED] - Statement - PreSaveFile = new java.io.File(((pathPrefix + java.lang.Integer.toString(counter)) + .png)): null

2019-01-03 14:20:10 - [TEST_STEP][PASSED] - Statement - counter = counter + 1: null

2019-01-03 14:20:10 - [TEST_STEP][PASSED] - Statement - PreSaveFile = new java.io.File(((pathPrefix + java.lang.Integer.toString(counter)) + .png)): null

2019-01-03 14:20:10 - [TEST_STEP][PASSED] - Statement - counter = counter + 1: null

2019-01-03 14:20:10 - [TEST_STEP][PASSED] - Statement - PreSaveFile = new java.io.File(((pathPrefix + java.lang.Integer.toString(counter)) + .png)): null

2019-01-03 14:20:10 - [TEST_STEP][PASSED] - Statement - counter = counter + 1: null

2019-01-03 14:20:10 - [TEST_STEP][PASSED] - Statement - PreSaveFile = new java.io.File(((pathPrefix + java.lang.Integer.toString(counter)) + .png)): null

2019-01-03 14:20:10 - [TEST_STEP][PASSED] - Statement - counter = counter + 1: null

2019-01-03 14:20:10 - [TEST_STEP][PASSED] - Statement - PreSaveFile = new java.io.File(((pathPrefix + java.lang.Integer.toString(counter)) + .png)): null

2019-01-03 14:20:10 - [TEST_STEP][PASSED] - Statement - counter = counter + 1: null

2019-01-03 14:20:10 - [TEST_STEP][PASSED] - Statement - PreSaveFile = new java.io.File(((pathPrefix + java.lang.Integer.toString(counter)) + .png)): null

2019-01-03 14:20:10 - [TEST_STEP][PASSED] - Statement - counter = counter + 1: null

2019-01-03 14:20:10 - [TEST_STEP][PASSED] - Statement - PreSaveFile = new java.io.File(((pathPrefix + java.lang.Integer.toString(counter)) + .png)): null

2019-01-03 14:20:10 - [TEST_STEP][PASSED] - Statement - counter = counter + 1: null

2019-01-03 14:20:10 - [TEST_STEP][PASSED] - Statement - PreSaveFile = new java.io.File(((pathPrefix + java.lang.Integer.toString(counter)) + .png)): null

2019-01-03 14:20:10 - [TEST_STEP][PASSED] - Statement - counter = counter + 1: null

2019-01-03 14:20:10 - [TEST_STEP][PASSED] - Statement - PreSaveFile = new java.io.File(((pathPrefix + java.lang.Integer.toString(counter)) + .png)): null

2019-01-03 14:20:10 - [TEST_STEP][PASSED] - Statement - counter = counter + 1: null

2019-01-03 14:20:10 - [TEST_STEP][PASSED] - Statement - PreSaveFile = new java.io.File(((pathPrefix + java.lang.Integer.toString(counter)) + .png)): null

2019-01-03 14:20:10 - [TEST_STEP][PASSED] - Statement - counter = counter + 1: null

2019-01-03 14:20:10 - [TEST_STEP][PASSED] - Statement - PreSaveFile = new java.io.File(((pathPrefix + java.lang.Integer.toString(counter)) + .png)): null

2019-01-03 14:20:10 - [TEST_STEP][PASSED] - Statement - counter = counter + 1: null

2019-01-03 14:20:10 - [TEST_STEP][PASSED] - Statement - PreSaveFile = new java.io.File(((pathPrefix + java.lang.Integer.toString(counter)) + .png)): null

2019-01-03 14:20:10 - [TEST_STEP][PASSED] - Statement - counter = counter + 1: null

2019-01-03 14:20:10 - [TEST_STEP][PASSED] - Statement - PreSaveFile = new java.io.File(((pathPrefix + java.lang.Integer.toString(counter)) + .png)): null

2019-01-03 14:20:10 - [TEST_STEP][PASSED] - Statement - counter = counter + 1: null

2019-01-03 14:20:10 - [TEST_STEP][PASSED] - Statement - PreSaveFile = new java.io.File(((pathPrefix + java.lang.Integer.toString(counter)) + .png)): null

2019-01-03 14:20:10 - [TEST_STEP][PASSED] - Statement - counter = counter + 1: null

2019-01-03 14:20:10 - [TEST_STEP][PASSED] - Statement - PreSaveFile = new java.io.File(((pathPrefix + java.lang.Integer.toString(counter)) + .png)): null

2019-01-03 14:20:10 - [TEST_STEP][PASSED] - Statement - counter = counter + 1: null

2019-01-03 14:20:10 - [TEST_STEP][PASSED] - Statement - PreSaveFile = new java.io.File(((pathPrefix + java.lang.Integer.toString(counter)) + .png)): null

2019-01-03 14:20:10 - [TEST_STEP][PASSED] - Statement - counter = counter + 1: null

2019-01-03 14:20:10 - [TEST_STEP][PASSED] - Statement - PreSaveFile = new java.io.File(((pathPrefix + java.lang.Integer.toString(counter)) + .png)): null

2019-01-03 14:20:10 - [TEST_STEP][PASSED] - Statement - counter = counter + 1: null

2019-01-03 14:20:10 - [TEST_STEP][PASSED] - Statement - PreSaveFile = new java.io.File(((pathPrefix + java.lang.Integer.toString(counter)) + .png)): null

2019-01-03 14:20:10 - [TEST_STEP][PASSED] - Statement - counter = counter + 1: null

2019-01-03 14:20:10 - [TEST_STEP][PASSED] - Statement - PreSaveFile = new java.io.File(((pathPrefix + java.lang.Integer.toString(counter)) + .png)): null

2019-01-03 14:20:10 - [TEST_STEP][PASSED] - Statement - counter = counter + 1: null

2019-01-03 14:20:10 - [TEST_STEP][PASSED] - Statement - PreSaveFile = new java.io.File(((pathPrefix + java.lang.Integer.toString(counter)) + .png)): null

2019-01-03 14:20:10 - [TEST_STEP][PASSED] - Statement - counter = counter + 1: null

2019-01-03 14:20:10 - [TEST_STEP][PASSED] - Statement - PreSaveFile = new java.io.File(((pathPrefix + java.lang.Integer.toString(counter)) + .png)): null

2019-01-03 14:20:10 - [TEST_STEP][PASSED] - Statement - counter = counter + 1: null

2019-01-03 14:20:10 - [TEST_STEP][PASSED] - Statement - PreSaveFile = new java.io.File(((pathPrefix + java.lang.Integer.toString(counter)) + .png)): null

2019-01-03 14:20:10 - [TEST_STEP][PASSED] - Statement - counter = counter + 1: null

2019-01-03 14:20:10 - [TEST_STEP][PASSED] - Statement - PreSaveFile = new java.io.File(((pathPrefix + java.lang.Integer.toString(counter)) + .png)): null

2019-01-03 14:20:10 - [TEST_STEP][PASSED] - Statement - counter = counter + 1: null

2019-01-03 14:20:10 - [TEST_STEP][PASSED] - Statement - PreSaveFile = new java.io.File(((pathPrefix + java.lang.Integer.toString(counter)) + .png)): null

2019-01-03 14:20:10 - [TEST_STEP][PASSED] - Statement - counter = counter + 1: null

2019-01-03 14:20:10 - [TEST_STEP][PASSED] - Statement - PreSaveFile = new java.io.File(((pathPrefix + java.lang.Integer.toString(counter)) + .png)): null

2019-01-03 14:20:10 - [TEST_STEP][PASSED] - Statement - counter = counter + 1: null

2019-01-03 14:20:10 - [TEST_STEP][PASSED] - Statement - PreSaveFile = new java.io.File(((pathPrefix + java.lang.Integer.toString(counter)) + .png)): null

2019-01-03 14:20:10 - [TEST_STEP][PASSED] - Statement - counter = counter + 1: null

2019-01-03 14:20:10 - [TEST_STEP][PASSED] - Statement - PreSaveFile = new java.io.File(((pathPrefix + java.lang.Integer.toString(counter)) + .png)): null

2019-01-03 14:20:10 - [TEST_STEP][PASSED] - Statement - counter = counter + 1: null

2019-01-03 14:20:10 - [TEST_STEP][PASSED] - Statement - PreSaveFile = new java.io.File(((pathPrefix + java.lang.Integer.toString(counter)) + .png)): null

2019-01-03 14:20:10 - [TEST_STEP][PASSED] - Statement - counter = counter + 1: null

2019-01-03 14:20:10 - [TEST_STEP][PASSED] - Statement - PreSaveFile = new java.io.File(((pathPrefix + java.lang.Integer.toString(counter)) + .png)): null

2019-01-03 14:20:10 - [TEST_STEP][PASSED] - Statement - counter = counter + 1: null

2019-01-03 14:20:10 - [TEST_STEP][PASSED] - Statement - PreSaveFile = new java.io.File(((pathPrefix + java.lang.Integer.toString(counter)) + .png)): null

2019-01-03 14:20:10 - [TEST_STEP][PASSED] - Statement - counter = counter + 1: null

2019-01-03 14:20:10 - [TEST_STEP][PASSED] - Statement - PreSaveFile = new java.io.File(((pathPrefix + java.lang.Integer.toString(counter)) + .png)): null

2019-01-03 14:20:10 - [TEST_STEP][PASSED] - Statement - counter = counter + 1: null

2019-01-03 14:20:10 - [TEST_STEP][PASSED] - Statement - PreSaveFile = new java.io.File(((pathPrefix + java.lang.Integer.toString(counter)) + .png)): null

2019-01-03 14:20:10 - [TEST_STEP][PASSED] - Statement - counter = counter + 1: null

2019-01-03 14:20:10 - [TEST_STEP][PASSED] - Statement - PreSaveFile = new java.io.File(((pathPrefix + java.lang.Integer.toString(counter)) + .png)): null

2019-01-03 14:20:10 - [TEST_STEP][PASSED] - Statement - counter = counter + 1: null

2019-01-03 14:20:10 - [TEST_STEP][PASSED] - Statement - PreSaveFile = new java.io.File(((pathPrefix + java.lang.Integer.toString(counter)) + .png)): null

2019-01-03 14:20:10 - [TEST_STEP][PASSED] - Statement - counter = counter + 1: null

2019-01-03 14:20:10 - [TEST_STEP][PASSED] - Statement - PreSaveFile = new java.io.File(((pathPrefix + java.lang.Integer.toString(counter)) + .png)): null

2019-01-03 14:20:10 - [TEST_STEP][PASSED] - Statement - counter = counter + 1: null

2019-01-03 14:20:10 - [TEST_STEP][PASSED] - Statement - PreSaveFile = new java.io.File(((pathPrefix + java.lang.Integer.toString(counter)) + .png)): null

2019-01-03 14:20:10 - [TEST_STEP][PASSED] - Statement - counter = counter + 1: null

2019-01-03 14:20:10 - [TEST_STEP][PASSED] - Statement - PreSaveFile = new java.io.File(((pathPrefix + java.lang.Integer.toString(counter)) + .png)): null

2019-01-03 14:20:10 - [TEST_STEP][PASSED] - Statement - counter = counter + 1: null

2019-01-03 14:20:10 - [TEST_STEP][PASSED] - Statement - PreSaveFile = new java.io.File(((pathPrefix + java.lang.Integer.toString(counter)) + .png)): null

2019-01-03 14:20:10 - [TEST_STEP][PASSED] - Statement - counter = counter + 1: null

2019-01-03 14:20:10 - [TEST_STEP][PASSED] - Statement - PreSaveFile = new java.io.File(((pathPrefix + java.lang.Integer.toString(counter)) + .png)): null

2019-01-03 14:20:10 - [TEST_STEP][PASSED] - Statement - counter = counter + 1: null

2019-01-03 14:20:10 - [TEST_STEP][PASSED] - Statement - PreSaveFile = new java.io.File(((pathPrefix + java.lang.Integer.toString(counter)) + .png)): null

2019-01-03 14:20:10 - [TEST_STEP][PASSED] - Statement - counter = counter + 1: null

2019-01-03 14:20:10 - [TEST_STEP][PASSED] - Statement - PreSaveFile = new java.io.File(((pathPrefix + java.lang.Integer.toString(counter)) + .png)): null

2019-01-03 14:20:10 - [TEST_STEP][PASSED] - Statement - counter = counter + 1: null

2019-01-03 14:20:10 - [TEST_STEP][PASSED] - Statement - PreSaveFile = new java.io.File(((pathPrefix + java.lang.Integer.toString(counter)) + .png)): null

2019-01-03 14:20:10 - [TEST_STEP][PASSED] - Statement - counter = counter + 1: null

2019-01-03 14:20:10 - [TEST_STEP][PASSED] - Statement - PreSaveFile = new java.io.File(((pathPrefix + java.lang.Integer.toString(counter)) + .png)): null

2019-01-03 14:20:10 - [TEST_STEP][PASSED] - Statement - counter = counter + 1: null

2019-01-03 14:20:10 - [TEST_STEP][PASSED] - Statement - PreSaveFile = new java.io.File(((pathPrefix + java.lang.Integer.toString(counter)) + .png)): null

2019-01-03 14:20:10 - [TEST_STEP][PASSED] - Statement - counter = counter + 1: null

2019-01-03 14:20:10 - [TEST_STEP][PASSED] - Statement - PreSaveFile = new java.io.File(((pathPrefix + java.lang.Integer.toString(counter)) + .png)): null

2019-01-03 14:20:10 - [TEST_STEP][PASSED] - Statement - counter = counter + 1: null

2019-01-03 14:20:10 - [TEST_STEP][PASSED] - Statement - PreSaveFile = new java.io.File(((pathPrefix + java.lang.Integer.toString(counter)) + .png)): null

2019-01-03 14:20:10 - [TEST_STEP][PASSED] - Statement - counter = counter + 1: null

2019-01-03 14:20:10 - [TEST_STEP][PASSED] - Statement - PreSaveFile = new java.io.File(((pathPrefix + java.lang.Integer.toString(counter)) + .png)): null

2019-01-03 14:20:10 - [TEST_STEP][PASSED] - Statement - counter = counter + 1: null

2019-01-03 14:20:10 - [TEST_STEP][PASSED] - Statement - PreSaveFile = new java.io.File(((pathPrefix + java.lang.Integer.toString(counter)) + .png)): null

2019-01-03 14:20:10 - [TEST_STEP][PASSED] - Statement - counter = counter + 1: null

2019-01-03 14:20:10 - [TEST_STEP][PASSED] - Statement - PreSaveFile = new java.io.File(((pathPrefix + java.lang.Integer.toString(counter)) + .png)): null

2019-01-03 14:20:10 - [TEST_STEP][PASSED] - Statement - counter = counter + 1: null

2019-01-03 14:20:10 - [TEST_STEP][PASSED] - Statement - PreSaveFile = new java.io.File(((pathPrefix + java.lang.Integer.toString(counter)) + .png)): null

2019-01-03 14:20:10 - [TEST_STEP][PASSED] - Statement - counter = counter + 1: null

2019-01-03 14:20:10 - [TEST_STEP][PASSED] - Statement - PreSaveFile = new java.io.File(((pathPrefix + java.lang.Integer.toString(counter)) + .png)): null

2019-01-03 14:20:10 - [TEST_STEP][PASSED] - Statement - counter = counter + 1: null

2019-01-03 14:20:10 - [TEST_STEP][PASSED] - Statement - PreSaveFile = new java.io.File(((pathPrefix + java.lang.Integer.toString(counter)) + .png)): null

2019-01-03 14:20:10 - [TEST_STEP][PASSED] - Statement - counter = counter + 1: null

2019-01-03 14:20:10 - [TEST_STEP][PASSED] - Statement - PreSaveFile = new java.io.File(((pathPrefix + java.lang.Integer.toString(counter)) + .png)): null

2019-01-03 14:20:10 - [TEST_STEP][PASSED] - Statement - counter = counter + 1: null

2019-01-03 14:20:10 - [TEST_STEP][PASSED] - Statement - PreSaveFile = new java.io.File(((pathPrefix + java.lang.Integer.toString(counter)) + .png)): null

2019-01-03 14:20:10 - [TEST_STEP][PASSED] - Statement - counter = counter + 1: null

2019-01-03 14:20:10 - [TEST_STEP][PASSED] - Statement - PreSaveFile = new java.io.File(((pathPrefix + java.lang.Integer.toString(counter)) + .png)): null

2019-01-03 14:20:10 - [TEST_STEP][PASSED] - Statement - counter = counter + 1: null

2019-01-03 14:20:10 - [TEST_STEP][PASSED] - Statement - PreSaveFile = new java.io.File(((pathPrefix + java.lang.Integer.toString(counter)) + .png)): null

2019-01-03 14:20:10 - [TEST_STEP][PASSED] - Statement - counter = counter + 1: null

2019-01-03 14:20:10 - [TEST_STEP][PASSED] - Statement - PreSaveFile = new java.io.File(((pathPrefix + java.lang.Integer.toString(counter)) + .png)): null

2019-01-03 14:20:10 - [TEST_STEP][PASSED] - Statement - counter = counter + 1: null

2019-01-03 14:20:10 - [TEST_STEP][PASSED] - Statement - PreSaveFile = new java.io.File(((pathPrefix + java.lang.Integer.toString(counter)) + .png)): null

2019-01-03 14:20:10 - [TEST_STEP][PASSED] - Statement - counter = counter + 1: null

2019-01-03 14:20:10 - [TEST_STEP][PASSED] - Statement - PreSaveFile = new java.io.File(((pathPrefix + java.lang.Integer.toString(counter)) + .png)): null

2019-01-03 14:20:10 - [TEST_STEP][PASSED] - Statement - counter = counter + 1: null

2019-01-03 14:20:10 - [TEST_STEP][PASSED] - Statement - PreSaveFile = new java.io.File(((pathPrefix + java.lang.Integer.toString(counter)) + .png)): null

2019-01-03 14:20:10 - [TEST_STEP][PASSED] - Statement - counter = counter + 1: null

2019-01-03 14:20:10 - [TEST_STEP][PASSED] - Statement - PreSaveFile = new java.io.File(((pathPrefix + java.lang.Integer.toString(counter)) + .png)): null

2019-01-03 14:20:10 - [TEST_STEP][PASSED] - Statement - counter = counter + 1: null

2019-01-03 14:20:10 - [TEST_STEP][PASSED] - Statement - PreSaveFile = new java.io.File(((pathPrefix + java.lang.Integer.toString(counter)) + .png)): null

2019-01-03 14:20:10 - [TEST_STEP][PASSED] - Statement - counter = counter + 1: null

2019-01-03 14:20:10 - [TEST_STEP][PASSED] - Statement - PreSaveFile = new java.io.File(((pathPrefix + java.lang.Integer.toString(counter)) + .png)): null

2019-01-03 14:20:10 - [TEST_STEP][PASSED] - Statement - counter = counter + 1: null

2019-01-03 14:20:10 - [TEST_STEP][PASSED] - Statement - PreSaveFile = new java.io.File(((pathPrefix + java.lang.Integer.toString(counter)) + .png)): null

2019-01-03 14:20:10 - [TEST_STEP][PASSED] - Statement - counter = counter + 1: null

2019-01-03 14:20:10 - [TEST_STEP][PASSED] - Statement - PreSaveFile = new java.io.File(((pathPrefix + java.lang.Integer.toString(counter)) + .png)): null

2019-01-03 14:20:10 - [TEST_STEP][PASSED] - Statement - counter = counter + 1: null

2019-01-03 14:20:10 - [TEST_STEP][PASSED] - Statement - PreSaveFile = new java.io.File(((pathPrefix + java.lang.Integer.toString(counter)) + .png)): null

2019-01-03 14:20:10 - [TEST_STEP][PASSED] - Statement - counter = counter + 1: null

2019-01-03 14:20:10 - [TEST_STEP][PASSED] - Statement - PreSaveFile = new java.io.File(((pathPrefix + java.lang.Integer.toString(counter)) + .png)): null

2019-01-03 14:20:10 - [TEST_STEP][PASSED] - Statement - counter = counter + 1: null

2019-01-03 14:20:10 - [TEST_STEP][PASSED] - Statement - PreSaveFile = new java.io.File(((pathPrefix + java.lang.Integer.toString(counter)) + .png)): null

2019-01-03 14:20:10 - [TEST_STEP][PASSED] - Statement - counter = counter + 1: null

2019-01-03 14:20:10 - [TEST_STEP][PASSED] - Statement - PreSaveFile = new java.io.File(((pathPrefix + java.lang.Integer.toString(counter)) + .png)): null

2019-01-03 14:20:10 - [TEST_STEP][PASSED] - Statement - counter = counter + 1: null

2019-01-03 14:20:10 - [TEST_STEP][PASSED] - Statement - PreSaveFile = new java.io.File(((pathPrefix + java.lang.Integer.toString(counter)) + .png)): null

2019-01-03 14:20:10 - [TEST_STEP][PASSED] - Statement - counter = counter + 1: null

2019-01-03 14:20:10 - [TEST_STEP][PASSED] - Statement - PreSaveFile = new java.io.File(((pathPrefix + java.lang.Integer.toString(counter)) + .png)): null

2019-01-03 14:20:10 - [TEST_STEP][PASSED] - Statement - counter = counter + 1: null

2019-01-03 14:20:10 - [TEST_STEP][PASSED] - Statement - PreSaveFile = new java.io.File(((pathPrefix + java.lang.Integer.toString(counter)) + .png)): null

2019-01-03 14:20:10 - [TEST_STEP][PASSED] - Statement - counter = counter + 1: null

2019-01-03 14:20:10 - [TEST_STEP][PASSED] - Statement - PreSaveFile = new java.io.File(((pathPrefix + java.lang.Integer.toString(counter)) + .png)): null

2019-01-03 14:20:10 - [TEST_STEP][PASSED] - Statement - counter = counter + 1: null

2019-01-03 14:20:10 - [TEST_STEP][PASSED] - Statement - PreSaveFile = new java.io.File(((pathPrefix + java.lang.Integer.toString(counter)) + .png)): null

2019-01-03 14:20:10 - [TEST_STEP][PASSED] - Statement - counter = counter + 1: null

2019-01-03 14:20:10 - [TEST_STEP][PASSED] - Statement - PreSaveFile = new java.io.File(((pathPrefix + java.lang.Integer.toString(counter)) + .png)): null

2019-01-03 14:20:10 - [TEST_STEP][PASSED] - Statement - counter = counter + 1: null

2019-01-03 14:20:10 - [TEST_STEP][PASSED] - Statement - PreSaveFile = new java.io.File(((pathPrefix + java.lang.Integer.toString(counter)) + .png)): null

2019-01-03 14:20:10 - [TEST_STEP][PASSED] - Statement - counter = counter + 1: null

2019-01-03 14:20:10 - [TEST_STEP][PASSED] - Statement - PreSaveFile = new java.io.File(((pathPrefix + java.lang.Integer.toString(counter)) + .png)): null

2019-01-03 14:20:10 - [TEST_STEP][PASSED] - Statement - counter = counter + 1: null

2019-01-03 14:20:10 - [TEST_STEP][PASSED] - Statement - PreSaveFile = new java.io.File(((pathPrefix + java.lang.Integer.toString(counter)) + .png)): null

2019-01-03 14:20:10 - [TEST_STEP][PASSED] - Statement - counter = counter + 1: null

2019-01-03 14:20:10 - [TEST_STEP][PASSED] - Statement - PreSaveFile = new java.io.File(((pathPrefix + java.lang.Integer.toString(counter)) + .png)): null

2019-01-03 14:20:10 - [TEST_STEP][PASSED] - Statement - counter = counter + 1: null

2019-01-03 14:20:10 - [TEST_STEP][PASSED] - Statement - PreSaveFile = new java.io.File(((pathPrefix + java.lang.Integer.toString(counter)) + .png)): null

2019-01-03 14:20:10 - [TEST_STEP][PASSED] - Statement - counter = counter + 1: null

2019-01-03 14:20:10 - [TEST_STEP][PASSED] - Statement - PreSaveFile = new java.io.File(((pathPrefix + java.lang.Integer.toString(counter)) + .png)): null

2019-01-03 14:20:10 - [TEST_STEP][PASSED] - Statement - counter = counter + 1: null

2019-01-03 14:20:10 - [TEST_STEP][PASSED] - Statement - PreSaveFile = new java.io.File(((pathPrefix + java.lang.Integer.toString(counter)) + .png)): null

2019-01-03 14:20:10 - [TEST_STEP][PASSED] - Statement - counter = counter + 1: null

2019-01-03 14:20:10 - [TEST_STEP][PASSED] - Statement - PreSaveFile = new java.io.File(((pathPrefix + java.lang.Integer.toString(counter)) + .png)): null

2019-01-03 14:20:10 - [TEST_STEP][PASSED] - Statement - counter = counter + 1: null

2019-01-03 14:20:10 - [TEST_STEP][PASSED] - Statement - PreSaveFile = new java.io.File(((pathPrefix + java.lang.Integer.toString(counter)) + .png)): null

2019-01-03 14:20:10 - [TEST_STEP][PASSED] - Statement - counter = counter + 1: null

2019-01-03 14:20:10 - [TEST_STEP][PASSED] - Statement - PreSaveFile = new java.io.File(((pathPrefix + java.lang.Integer.toString(counter)) + .png)): null

2019-01-03 14:20:10 - [TEST_STEP][PASSED] - Statement - counter = counter + 1: null

2019-01-03 14:20:10 - [TEST_STEP][PASSED] - Statement - PreSaveFile = new java.io.File(((pathPrefix + java.lang.Integer.toString(counter)) + .png)): null

2019-01-03 14:20:10 - [TEST_STEP][PASSED] - Statement - counter = counter + 1: null

2019-01-03 14:20:10 - [TEST_STEP][PASSED] - Statement - PreSaveFile = new java.io.File(((pathPrefix + java.lang.Integer.toString(counter)) + .png)): null

2019-01-03 14:20:10 - [TEST_STEP][PASSED] - Statement - counter = counter + 1: null

2019-01-03 14:20:10 - [TEST_STEP][PASSED] - Statement - PreSaveFile = new java.io.File(((pathPrefix + java.lang.Integer.toString(counter)) + .png)): null

2019-01-03 14:20:10 - [TEST_STEP][PASSED] - Statement - counter = counter + 1: null

2019-01-03 14:20:10 - [TEST_STEP][PASSED] - Statement - PreSaveFile = new java.io.File(((pathPrefix + java.lang.Integer.toString(counter)) + .png)): null

2019-01-03 14:20:10 - [TEST_STEP][PASSED] - Statement - counter = counter + 1: null

2019-01-03 14:20:10 - [TEST_STEP][PASSED] - Statement - PreSaveFile = new java.io.File(((pathPrefix + java.lang.Integer.toString(counter)) + .png)): null

2019-01-03 14:20:10 - [TEST_STEP][PASSED] - Statement - counter = counter + 1: null

2019-01-03 14:20:10 - [TEST_STEP][PASSED] - Statement - PreSaveFile = new java.io.File(((pathPrefix + java.lang.Integer.toString(counter)) + .png)): null

2019-01-03 14:20:10 - [TEST_STEP][PASSED] - Statement - counter = counter + 1: null

2019-01-03 14:20:10 - [TEST_STEP][PASSED] - Statement - PreSaveFile = new java.io.File(((pathPrefix + java.lang.Integer.toString(counter)) + .png)): null

2019-01-03 14:20:10 - [TEST_STEP][PASSED] - Statement - counter = counter + 1: null

2019-01-03 14:20:10 - [TEST_STEP][PASSED] - Statement - PreSaveFile = new java.io.File(((pathPrefix + java.lang.Integer.toString(counter)) + .png)): null

2019-01-03 14:20:10 - [TEST_STEP][PASSED] - Statement - counter = counter + 1: null

2019-01-03 14:20:10 - [TEST_STEP][PASSED] - Statement - PreSaveFile = new java.io.File(((pathPrefix + java.lang.Integer.toString(counter)) + .png)): null

2019-01-03 14:20:10 - [TEST_STEP][PASSED] - Statement - counter = counter + 1: null

2019-01-03 14:20:10 - [TEST_STEP][PASSED] - Statement - PreSaveFile = new java.io.File(((pathPrefix + java.lang.Integer.toString(counter)) + .png)): null

2019-01-03 14:20:10 - [TEST_STEP][PASSED] - Statement - counter = counter + 1: null

2019-01-03 14:20:10 - [TEST_STEP][PASSED] - Statement - PreSaveFile = new java.io.File(((pathPrefix + java.lang.Integer.toString(counter)) + .png)): null

2019-01-03 14:20:10 - [TEST_STEP][PASSED] - Statement - counter = counter + 1: null

2019-01-03 14:20:10 - [TEST_STEP][PASSED] - Statement - PreSaveFile = new java.io.File(((pathPrefix + java.lang.Integer.toString(counter)) + .png)): null

2019-01-03 14:20:10 - [TEST_STEP][PASSED] - Statement - counter = counter + 1: null

2019-01-03 14:20:10 - [TEST_STEP][PASSED] - Statement - PreSaveFile = new java.io.File(((pathPrefix + java.lang.Integer.toString(counter)) + .png)): null

2019-01-03 14:20:10 - [TEST_STEP][PASSED] - Statement - counter = counter + 1: null

2019-01-03 14:20:10 - [TEST_STEP][PASSED] - Statement - PreSaveFile = new java.io.File(((pathPrefix + java.lang.Integer.toString(counter)) + .png)): null

2019-01-03 14:20:10 - [TEST_STEP][PASSED] - Statement - counter = counter + 1: null

2019-01-03 14:20:10 - [TEST_STEP][PASSED] - Statement - PreSaveFile = new java.io.File(((pathPrefix + java.lang.Integer.toString(counter)) + .png)): null

2019-01-03 14:20:10 - [TEST_STEP][PASSED] - Statement - counter = counter + 1: null

2019-01-03 14:20:10 - [TEST_STEP][PASSED] - Statement - PreSaveFile = new java.io.File(((pathPrefix + java.lang.Integer.toString(counter)) + .png)): null

2019-01-03 14:20:10 - [TEST_STEP][PASSED] - Statement - counter = counter + 1: null

2019-01-03 14:20:10 - [TEST_STEP][PASSED] - Statement - PreSaveFile = new java.io.File(((pathPrefix + java.lang.Integer.toString(counter)) + .png)): null

2019-01-03 14:20:10 - [TEST_STEP][PASSED] - Statement - counter = counter + 1: null

2019-01-03 14:20:10 - [TEST_STEP][PASSED] - Statement - PreSaveFile = new java.io.File(((pathPrefix + java.lang.Integer.toString(counter)) + .png)): null

2019-01-03 14:20:10 - [TEST_STEP][PASSED] - Statement - counter = counter + 1: null

2019-01-03 14:20:10 - [TEST_STEP][PASSED] - Statement - PreSaveFile = new java.io.File(((pathPrefix + java.lang.Integer.toString(counter)) + .png)): null

2019-01-03 14:20:10 - [TEST_STEP][PASSED] - Statement - counter = counter + 1: null

2019-01-03 14:20:10 - [TEST_STEP][PASSED] - Statement - PreSaveFile = new java.io.File(((pathPrefix + java.lang.Integer.toString(counter)) + .png)): null

2019-01-03 14:20:10 - [TEST_STEP][PASSED] - Statement - counter = counter + 1: null

2019-01-03 14:20:10 - [TEST_STEP][PASSED] - Statement - PreSaveFile = new java.io.File(((pathPrefix + java.lang.Integer.toString(counter)) + .png)): null

2019-01-03 14:20:10 - [TEST_STEP][PASSED] - Statement - counter = counter + 1: null

2019-01-03 14:20:10 - [TEST_STEP][PASSED] - Statement - PreSaveFile = new java.io.File(((pathPrefix + java.lang.Integer.toString(counter)) + .png)): null

2019-01-03 14:20:10 - [TEST_STEP][PASSED] - Statement - counter = counter + 1: null

2019-01-03 14:20:10 - [TEST_STEP][PASSED] - Statement - PreSaveFile = new java.io.File(((pathPrefix + java.lang.Integer.toString(counter)) + .png)): null

2019-01-03 14:20:10 - [TEST_STEP][PASSED] - Statement - counter = counter + 1: null

2019-01-03 14:20:10 - [TEST_STEP][PASSED] - Statement - PreSaveFile = new java.io.File(((pathPrefix + java.lang.Integer.toString(counter)) + .png)): null

2019-01-03 14:20:10 - [TEST_STEP][PASSED] - Statement - counter = counter + 1: null

2019-01-03 14:20:10 - [TEST_STEP][PASSED] - Statement - PreSaveFile = new java.io.File(((pathPrefix + java.lang.Integer.toString(counter)) + .png)): null

2019-01-03 14:20:10 - [TEST_STEP][PASSED] - Statement - counter = counter + 1: null

2019-01-03 14:20:10 - [TEST_STEP][PASSED] - Statement - PreSaveFile = new java.io.File(((pathPrefix + java.lang.Integer.toString(counter)) + .png)): null

2019-01-03 14:20:10 - [TEST_STEP][PASSED] - Statement - counter = counter + 1: null

2019-01-03 14:20:10 - [TEST_STEP][PASSED] - Statement - PreSaveFile = new java.io.File(((pathPrefix + java.lang.Integer.toString(counter)) + .png)): null

2019-01-03 14:20:10 - [TEST_STEP][PASSED] - Statement - counter = counter + 1: null

2019-01-03 14:20:10 - [TEST_STEP][PASSED] - Statement - PreSaveFile = new java.io.File(((pathPrefix + java.lang.Integer.toString(counter)) + .png)): null

2019-01-03 14:20:10 - [TEST_STEP][PASSED] - Statement - counter = counter + 1: null

2019-01-03 14:20:10 - [TEST_STEP][PASSED] - Statement - PreSaveFile = new java.io.File(((pathPrefix + java.lang.Integer.toString(counter)) + .png)): null

2019-01-03 14:20:10 - [TEST_STEP][PASSED] - Statement - counter = counter + 1: null

2019-01-03 14:20:10 - [TEST_STEP][PASSED] - Statement - PreSaveFile = new java.io.File(((pathPrefix + java.lang.Integer.toString(counter)) + .png)): null

2019-01-03 14:20:10 - [TEST_STEP][PASSED] - Statement - counter = counter + 1: null

2019-01-03 14:20:10 - [TEST_STEP][PASSED] - Statement - PreSaveFile = new java.io.File(((pathPrefix + java.lang.Integer.toString(counter)) + .png)): null

2019-01-03 14:20:10 - [TEST_STEP][PASSED] - Statement - counter = counter + 1: null

2019-01-03 14:20:11 - [TEST_STEP][PASSED] - Statement - PreSaveFile = new java.io.File(((pathPrefix + java.lang.Integer.toString(counter)) + .png)): null

2019-01-03 14:20:11 - [TEST_STEP][PASSED] - Statement - counter = counter + 1: null

2019-01-03 14:20:11 - [TEST_STEP][PASSED] - Statement - PreSaveFile = new java.io.File(((pathPrefix + java.lang.Integer.toString(counter)) + .png)): null

2019-01-03 14:20:11 - [TEST_STEP][PASSED] - Statement - counter = counter + 1: null

2019-01-03 14:20:11 - [TEST_STEP][PASSED] - Statement - PreSaveFile = new java.io.File(((pathPrefix + java.lang.Integer.toString(counter)) + .png)): null

2019-01-03 14:20:11 - [TEST_STEP][PASSED] - Statement - counter = counter + 1: null

2019-01-03 14:20:11 - [TEST_STEP][PASSED] - Statement - PreSaveFile = new java.io.File(((pathPrefix + java.lang.Integer.toString(counter)) + .png)): null

2019-01-03 14:20:11 - [TEST_STEP][PASSED] - Statement - counter = counter + 1: null

2019-01-03 14:20:11 - [TEST_STEP][PASSED] - Statement - PreSaveFile = new java.io.File(((pathPrefix + java.lang.Integer.toString(counter)) + .png)): null

2019-01-03 14:20:11 - [TEST_STEP][PASSED] - Statement - counter = counter + 1: null

2019-01-03 14:20:11 - [TEST_STEP][PASSED] - Statement - PreSaveFile = new java.io.File(((pathPrefix + java.lang.Integer.toString(counter)) + .png)): null

2019-01-03 14:20:11 - [TEST_STEP][PASSED] - Statement - counter = counter + 1: null

2019-01-03 14:20:11 - [TEST_STEP][PASSED] - Statement - PreSaveFile = new java.io.File(((pathPrefix + java.lang.Integer.toString(counter)) + .png)): null

2019-01-03 14:20:11 - [TEST_STEP][PASSED] - Statement - counter = counter + 1: null

2019-01-03 14:20:11 - [TEST_STEP][PASSED] - Statement - PreSaveFile = new java.io.File(((pathPrefix + java.lang.Integer.toString(counter)) + .png)): null

2019-01-03 14:20:11 - [TEST_STEP][PASSED] - Statement - counter = counter + 1: null

2019-01-03 14:20:11 - [TEST_STEP][PASSED] - Statement - PreSaveFile = new java.io.File(((pathPrefix + java.lang.Integer.toString(counter)) + .png)): null

2019-01-03 14:20:11 - [TEST_STEP][PASSED] - Statement - counter = counter + 1: null

2019-01-03 14:20:11 - [TEST_STEP][PASSED] - Statement - PreSaveFile = new java.io.File(((pathPrefix + java.lang.Integer.toString(counter)) + .png)): null

2019-01-03 14:20:11 - [TEST_STEP][PASSED] - Statement - counter = counter + 1: null

2019-01-03 14:20:11 - [TEST_STEP][PASSED] - Statement - PreSaveFile = new java.io.File(((pathPrefix + java.lang.Integer.toString(counter)) + .png)): null

2019-01-03 14:20:11 - [TEST_STEP][PASSED] - Statement - counter = counter + 1: null

2019-01-03 14:20:11 - [TEST_STEP][PASSED] - Statement - PreSaveFile = new java.io.File(((pathPrefix + java.lang.Integer.toString(counter)) + .png)): null

2019-01-03 14:20:11 - [TEST_STEP][PASSED] - Statement - counter = counter + 1: null

2019-01-03 14:20:11 - [TEST_STEP][PASSED] - Statement - PreSaveFile = new java.io.File(((pathPrefix + java.lang.Integer.toString(counter)) + .png)): null

2019-01-03 14:20:11 - [TEST_STEP][PASSED] - Statement - counter = counter + 1: null

2019-01-03 14:20:11 - [TEST_STEP][PASSED] - Statement - PreSaveFile = new java.io.File(((pathPrefix + java.lang.Integer.toString(counter)) + .png)): null

2019-01-03 14:20:11 - [TEST_STEP][PASSED] - Statement - counter = counter + 1: null

2019-01-03 14:20:11 - [TEST_STEP][PASSED] - Statement - PreSaveFile = new java.io.File(((pathPrefix + java.lang.Integer.toString(counter)) + .png)): null

2019-01-03 14:20:11 - [TEST_STEP][PASSED] - Statement - counter = counter + 1: null

2019-01-03 14:20:11 - [TEST_STEP][PASSED] - Statement - PreSaveFile = new java.io.File(((pathPrefix + java.lang.Integer.toString(counter)) + .png)): null

2019-01-03 14:20:11 - [TEST_STEP][PASSED] - Statement - counter = counter + 1: null

2019-01-03 14:20:11 - [TEST_STEP][PASSED] - Statement - PreSaveFile = new java.io.File(((pathPrefix + java.lang.Integer.toString(counter)) + .png)): null

2019-01-03 14:20:11 - [TEST_STEP][PASSED] - Statement - counter = counter + 1: null

2019-01-03 14:20:11 - [TEST_STEP][PASSED] - Statement - PreSaveFile = new java.io.File(((pathPrefix + java.lang.Integer.toString(counter)) + .png)): null

2019-01-03 14:20:11 - [TEST_STEP][PASSED] - Statement - counter = counter + 1: null

2019-01-03 14:20:11 - [TEST_STEP][PASSED] - Statement - PreSaveFile = new java.io.File(((pathPrefix + java.lang.Integer.toString(counter)) + .png)): null

2019-01-03 14:20:11 - [TEST_STEP][PASSED] - Statement - counter = counter + 1: null

2019-01-03 14:20:11 - [TEST_STEP][PASSED] - Statement - PreSaveFile = new java.io.File(((pathPrefix + java.lang.Integer.toString(counter)) + .png)): null

2019-01-03 14:20:11 - [TEST_STEP][PASSED] - Statement - counter = counter + 1: null

2019-01-03 14:20:11 - [TEST_STEP][PASSED] - Statement - PreSaveFile = new java.io.File(((pathPrefix + java.lang.Integer.toString(counter)) + .png)): null

2019-01-03 14:20:11 - [TEST_STEP][PASSED] - Statement - counter = counter + 1: null

2019-01-03 14:20:11 - [TEST_STEP][PASSED] - Statement - PreSaveFile = new java.io.File(((pathPrefix + java.lang.Integer.toString(counter)) + .png)): null

2019-01-03 14:20:11 - [TEST_STEP][PASSED] - Statement - counter = counter + 1: null

2019-01-03 14:20:11 - [TEST_STEP][PASSED] - Statement - PreSaveFile = new java.io.File(((pathPrefix + java.lang.Integer.toString(counter)) + .png)): null

2019-01-03 14:20:11 - [TEST_STEP][PASSED] - Statement - counter = counter + 1: null

2019-01-03 14:20:11 - [TEST_STEP][PASSED] - Statement - PreSaveFile = new java.io.File(((pathPrefix + java.lang.Integer.toString(counter)) + .png)): null

2019-01-03 14:20:11 - [TEST_STEP][PASSED] - Statement - counter = counter + 1: null

2019-01-03 14:20:11 - [TEST_STEP][PASSED] - Statement - PreSaveFile = new java.io.File(((pathPrefix + java.lang.Integer.toString(counter)) + .png)): null

2019-01-03 14:20:11 - [TEST_STEP][PASSED] - Statement - counter = counter + 1: null

2019-01-03 14:20:11 - [TEST_STEP][PASSED] - Statement - PreSaveFile = new java.io.File(((pathPrefix + java.lang.Integer.toString(counter)) + .png)): null

2019-01-03 14:20:11 - [TEST_STEP][PASSED] - Statement - counter = counter + 1: null

2019-01-03 14:20:11 - [TEST_STEP][PASSED] - Statement - PreSaveFile = new java.io.File(((pathPrefix + java.lang.Integer.toString(counter)) + .png)): null

2019-01-03 14:20:11 - [TEST_STEP][PASSED] - Statement - counter = counter + 1: null

2019-01-03 14:20:11 - [TEST_STEP][PASSED] - Statement - PreSaveFile = new java.io.File(((pathPrefix + java.lang.Integer.toString(counter)) + .png)): null

2019-01-03 14:20:11 - [TEST_STEP][PASSED] - Statement - counter = counter + 1: null

2019-01-03 14:20:11 - [TEST_STEP][PASSED] - Statement - PreSaveFile = new java.io.File(((pathPrefix + java.lang.Integer.toString(counter)) + .png)): null

2019-01-03 14:20:11 - [TEST_STEP][PASSED] - Statement - counter = counter + 1: null

2019-01-03 14:20:11 - [TEST_STEP][PASSED] - Statement - PreSaveFile = new java.io.File(((pathPrefix + java.lang.Integer.toString(counter)) + .png)): null

2019-01-03 14:20:11 - [TEST_STEP][PASSED] - Statement - counter = counter + 1: null

2019-01-03 14:20:11 - [TEST_STEP][PASSED] - Statement - PreSaveFile = new java.io.File(((pathPrefix + java.lang.Integer.toString(counter)) + .png)): null

2019-01-03 14:20:11 - [TEST_STEP][PASSED] - Statement - counter = counter + 1: null

2019-01-03 14:20:11 - [TEST_STEP][PASSED] - Statement - PreSaveFile = new java.io.File(((pathPrefix + java.lang.Integer.toString(counter)) + .png)): null

2019-01-03 14:20:11 - [TEST_STEP][PASSED] - Statement - counter = counter + 1: null

2019-01-03 14:20:11 - [TEST_STEP][PASSED] - Statement - PreSaveFile = new java.io.File(((pathPrefix + java.lang.Integer.toString(counter)) + .png)): null

2019-01-03 14:20:11 - [TEST_STEP][PASSED] - Statement - counter = counter + 1: null

2019-01-03 14:20:11 - [TEST_STEP][PASSED] - Statement - PreSaveFile = new java.io.File(((pathPrefix + java.lang.Integer.toString(counter)) + .png)): null

2019-01-03 14:20:11 - [TEST_STEP][PASSED] - Statement - counter = counter + 1: null

2019-01-03 14:20:11 - [TEST_STEP][PASSED] - Statement - PreSaveFile = new java.io.File(((pathPrefix + java.lang.Integer.toString(counter)) + .png)): null

2019-01-03 14:20:11 - [TEST_STEP][PASSED] - Statement - counter = counter + 1: null

2019-01-03 14:20:11 - [TEST_STEP][PASSED] - Statement - PreSaveFile = new java.io.File(((pathPrefix + java.lang.Integer.toString(counter)) + .png)): null

2019-01-03 14:20:11 - [TEST_STEP][PASSED] - Statement - counter = counter + 1: null

2019-01-03 14:20:11 - [TEST_STEP][PASSED] - Statement - PreSaveFile = new java.io.File(((pathPrefix + java.lang.Integer.toString(counter)) + .png)): null

2019-01-03 14:20:11 - [TEST_STEP][PASSED] - Statement - counter = counter + 1: null

2019-01-03 14:20:11 - [TEST_STEP][PASSED] - Statement - PreSaveFile = new java.io.File(((pathPrefix + java.lang.Integer.toString(counter)) + .png)): null

2019-01-03 14:20:11 - [TEST_STEP][PASSED] - Statement - counter = counter + 1: null

2019-01-03 14:20:11 - [TEST_STEP][PASSED] - Statement - PreSaveFile = new java.io.File(((pathPrefix + java.lang.Integer.toString(counter)) + .png)): null

2019-01-03 14:20:11 - [TEST_STEP][PASSED] - Statement - counter = counter + 1: null

2019-01-03 14:20:11 - [TEST_STEP][PASSED] - Statement - PreSaveFile = new java.io.File(((pathPrefix + java.lang.Integer.toString(counter)) + .png)): null

2019-01-03 14:20:11 - [TEST_STEP][PASSED] - Statement - counter = counter + 1: null

2019-01-03 14:20:11 - [TEST_STEP][PASSED] - Statement - PreSaveFile = new java.io.File(((pathPrefix + java.lang.Integer.toString(counter)) + .png)): null

2019-01-03 14:20:11 - [TEST_STEP][PASSED] - Statement - counter = counter + 1: null

2019-01-03 14:20:11 - [TEST_STEP][PASSED] - Statement - PreSaveFile = new java.io.File(((pathPrefix + java.lang.Integer.toString(counter)) + .png)): null

2019-01-03 14:20:11 - [TEST_STEP][PASSED] - Statement - counter = counter + 1: null

2019-01-03 14:20:11 - [TEST_STEP][PASSED] - Statement - PreSaveFile = new java.io.File(((pathPrefix + java.lang.Integer.toString(counter)) + .png)): null

2019-01-03 14:20:11 - [TEST_STEP][PASSED] - Statement - counter = counter + 1: null

2019-01-03 14:20:11 - [TEST_STEP][PASSED] - Statement - PreSaveFile = new java.io.File(((pathPrefix + java.lang.Integer.toString(counter)) + .png)): null

2019-01-03 14:20:11 - [TEST_STEP][PASSED] - Statement - counter = counter + 1: null

2019-01-03 14:20:11 - [TEST_STEP][PASSED] - Statement - PreSaveFile = new java.io.File(((pathPrefix + java.lang.Integer.toString(counter)) + .png)): null

2019-01-03 14:20:11 - [TEST_STEP][PASSED] - Statement - counter = counter + 1: null

2019-01-03 14:20:11 - [TEST_STEP][PASSED] - Statement - PreSaveFile = new java.io.File(((pathPrefix + java.lang.Integer.toString(counter)) + .png)): null

2019-01-03 14:20:11 - [TEST_STEP][PASSED] - Statement - counter = counter + 1: null

2019-01-03 14:20:11 - [TEST_STEP][PASSED] - Statement - PreSaveFile = new java.io.File(((pathPrefix + java.lang.Integer.toString(counter)) + .png)): null

2019-01-03 14:20:11 - [TEST_STEP][PASSED] - Statement - counter = counter + 1: null

2019-01-03 14:20:11 - [TEST_STEP][PASSED] - Statement - PreSaveFile = new java.io.File(((pathPrefix + java.lang.Integer.toString(counter)) + .png)): null

2019-01-03 14:20:11 - [TEST_STEP][PASSED] - Statement - counter = counter + 1: null

2019-01-03 14:20:11 - [TEST_STEP][PASSED] - Statement - PreSaveFile = new java.io.File(((pathPrefix + java.lang.Integer.toString(counter)) + .png)): null

2019-01-03 14:20:11 - [TEST_STEP][PASSED] - Statement - counter = counter + 1: null

2019-01-03 14:20:11 - [TEST_STEP][PASSED] - Statement - PreSaveFile = new java.io.File(((pathPrefix + java.lang.Integer.toString(counter)) + .png)): null

2019-01-03 14:20:11 - [TEST_STEP][PASSED] - Statement - counter = counter + 1: null

2019-01-03 14:20:11 - [TEST_STEP][PASSED] - Statement - PreSaveFile = new java.io.File(((pathPrefix + java.lang.Integer.toString(counter)) + .png)): null

2019-01-03 14:20:11 - [TEST_STEP][PASSED] - Statement - counter = counter + 1: null

2019-01-03 14:20:11 - [TEST_STEP][PASSED] - Statement - PreSaveFile = new java.io.File(((pathPrefix + java.lang.Integer.toString(counter)) + .png)): null

2019-01-03 14:20:11 - [TEST_STEP][PASSED] - Statement - counter = counter + 1: null

2019-01-03 14:20:11 - [TEST_STEP][PASSED] - Statement - PreSaveFile = new java.io.File(((pathPrefix + java.lang.Integer.toString(counter)) + .png)): null

2019-01-03 14:20:11 - [TEST_STEP][PASSED] - Statement - counter = counter + 1: null

2019-01-03 14:20:11 - [TEST_STEP][PASSED] - Statement - PreSaveFile = new java.io.File(((pathPrefix + java.lang.Integer.toString(counter)) + .png)): null

2019-01-03 14:20:11 - [TEST_STEP][PASSED] - Statement - counter = counter + 1: null

2019-01-03 14:20:11 - [TEST_STEP][PASSED] - Statement - PreSaveFile = new java.io.File(((pathPrefix + java.lang.Integer.toString(counter)) + .png)): null

2019-01-03 14:20:11 - [TEST_STEP][PASSED] - Statement - counter = counter + 1: null

2019-01-03 14:20:11 - [TEST_STEP][PASSED] - Statement - PreSaveFile = new java.io.File(((pathPrefix + java.lang.Integer.toString(counter)) + .png)): null

2019-01-03 14:20:11 - [TEST_STEP][PASSED] - Statement - counter = counter + 1: null

2019-01-03 14:20:11 - [TEST_STEP][PASSED] - Statement - PreSaveFile = new java.io.File(((pathPrefix + java.lang.Integer.toString(counter)) + .png)): null

2019-01-03 14:20:11 - [TEST_STEP][PASSED] - Statement - counter = counter + 1: null

2019-01-03 14:20:11 - [TEST_STEP][PASSED] - Statement - PreSaveFile = new java.io.File(((pathPrefix + java.lang.Integer.toString(counter)) + .png)): null

2019-01-03 14:20:11 - [TEST_STEP][PASSED] - Statement - counter = counter + 1: null

2019-01-03 14:20:11 - [TEST_STEP][PASSED] - Statement - PreSaveFile = new java.io.File(((pathPrefix + java.lang.Integer.toString(counter)) + .png)): null

2019-01-03 14:20:11 - [TEST_STEP][PASSED] - Statement - counter = counter + 1: null

2019-01-03 14:20:11 - [TEST_STEP][PASSED] - Statement - PreSaveFile = new java.io.File(((pathPrefix + java.lang.Integer.toString(counter)) + .png)): null

2019-01-03 14:20:11 - [TEST_STEP][PASSED] - Statement - counter = counter + 1: null

2019-01-03 14:20:11 - [TEST_STEP][PASSED] - Statement - PreSaveFile = new java.io.File(((pathPrefix + java.lang.Integer.toString(counter)) + .png)): null

2019-01-03 14:20:11 - [TEST_STEP][PASSED] - Statement - counter = counter + 1: null

2019-01-03 14:20:11 - [TEST_STEP][PASSED] - Statement - PreSaveFile = new java.io.File(((pathPrefix + java.lang.Integer.toString(counter)) + .png)): null

2019-01-03 14:20:11 - [TEST_STEP][PASSED] - Statement - counter = counter + 1: null

2019-01-03 14:20:11 - [TEST_STEP][PASSED] - Statement - PreSaveFile = new java.io.File(((pathPrefix + java.lang.Integer.toString(counter)) + .png)): null

2019-01-03 14:20:11 - [TEST_STEP][PASSED] - Statement - counter = counter + 1: null

2019-01-03 14:20:11 - [TEST_STEP][PASSED] - Statement - PreSaveFile = new java.io.File(((pathPrefix + java.lang.Integer.toString(counter)) + .png)): null

2019-01-03 14:20:11 - [TEST_STEP][PASSED] - Statement - counter = counter + 1: null

2019-01-03 14:20:11 - [TEST_STEP][PASSED] - Statement - PreSaveFile = new java.io.File(((pathPrefix + java.lang.Integer.toString(counter)) + .png)): null

2019-01-03 14:20:11 - [TEST_STEP][PASSED] - Statement - counter = counter + 1: null

2019-01-03 14:20:11 - [TEST_STEP][PASSED] - Statement - PreSaveFile = new java.io.File(((pathPrefix + java.lang.Integer.toString(counter)) + .png)): null

2019-01-03 14:20:11 - [TEST_STEP][PASSED] - Statement - counter = counter + 1: null

2019-01-03 14:20:11 - [TEST_STEP][PASSED] - Statement - PreSaveFile = new java.io.File(((pathPrefix + java.lang.Integer.toString(counter)) + .png)): null

2019-01-03 14:20:11 - [TEST_STEP][PASSED] - Statement - counter = counter + 1: null

2019-01-03 14:20:11 - [TEST_STEP][PASSED] - Statement - PreSaveFile = new java.io.File(((pathPrefix + java.lang.Integer.toString(counter)) + .png)): null

2019-01-03 14:20:11 - [TEST_STEP][PASSED] - Statement - counter = counter + 1: null

2019-01-03 14:20:11 - [TEST_STEP][PASSED] - Statement - PreSaveFile = new java.io.File(((pathPrefix + java.lang.Integer.toString(counter)) + .png)): null

2019-01-03 14:20:11 - [TEST_STEP][PASSED] - Statement - counter = counter + 1: null

2019-01-03 14:20:11 - [TEST_STEP][PASSED] - Statement - PreSaveFile = new java.io.File(((pathPrefix + java.lang.Integer.toString(counter)) + .png)): null

2019-01-03 14:20:11 - [TEST_STEP][PASSED] - Statement - counter = counter + 1: null

2019-01-03 14:20:11 - [TEST_STEP][PASSED] - Statement - PreSaveFile = new java.io.File(((pathPrefix + java.lang.Integer.toString(counter)) + .png)): null

2019-01-03 14:20:11 - [TEST_STEP][PASSED] - Statement - counter = counter + 1: null

2019-01-03 14:20:11 - [TEST_STEP][PASSED] - Statement - PreSaveFile = new java.io.File(((pathPrefix + java.lang.Integer.toString(counter)) + .png)): null

2019-01-03 14:20:11 - [TEST_STEP][PASSED] - Statement - counter = counter + 1: null

2019-01-03 14:20:11 - [TEST_STEP][PASSED] - Statement - PreSaveFile = new java.io.File(((pathPrefix + java.lang.Integer.toString(counter)) + .png)): null

2019-01-03 14:20:11 - [TEST_STEP][PASSED] - Statement - counter = counter + 1: null

2019-01-03 14:20:11 - [TEST_STEP][PASSED] - Statement - PreSaveFile = new java.io.File(((pathPrefix + java.lang.Integer.toString(counter)) + .png)): null

2019-01-03 14:20:11 - [TEST_STEP][PASSED] - Statement - counter = counter + 1: null

2019-01-03 14:20:11 - [TEST_STEP][PASSED] - Statement - PreSaveFile = new java.io.File(((pathPrefix + java.lang.Integer.toString(counter)) + .png)): null

2019-01-03 14:20:11 - [TEST_STEP][PASSED] - Statement - counter = counter + 1: null

2019-01-03 14:20:11 - [TEST_STEP][PASSED] - Statement - PreSaveFile = new java.io.File(((pathPrefix + java.lang.Integer.toString(counter)) + .png)): null

2019-01-03 14:20:11 - [TEST_STEP][PASSED] - Statement - counter = counter + 1: null

2019-01-03 14:20:11 - [TEST_STEP][PASSED] - Statement - PreSaveFile = new java.io.File(((pathPrefix + java.lang.Integer.toString(counter)) + .png)): null

2019-01-03 14:20:11 - [TEST_STEP][PASSED] - Statement - counter = counter + 1: null

2019-01-03 14:20:11 - [TEST_STEP][PASSED] - Statement - PreSaveFile = new java.io.File(((pathPrefix + java.lang.Integer.toString(counter)) + .png)): null

2019-01-03 14:20:11 - [TEST_STEP][PASSED] - Statement - counter = counter + 1: null

2019-01-03 14:20:11 - [TEST_STEP][PASSED] - Statement - PreSaveFile = new java.io.File(((pathPrefix + java.lang.Integer.toString(counter)) + .png)): null

2019-01-03 14:20:11 - [TEST_STEP][PASSED] - Statement - counter = counter + 1: null

2019-01-03 14:20:11 - [TEST_STEP][PASSED] - Statement - PreSaveFile = new java.io.File(((pathPrefix + java.lang.Integer.toString(counter)) + .png)): null

2019-01-03 14:20:11 - [TEST_STEP][PASSED] - Statement - counter = counter + 1: null

2019-01-03 14:20:11 - [TEST_STEP][PASSED] - Statement - PreSaveFile = new java.io.File(((pathPrefix + java.lang.Integer.toString(counter)) + .png)): null

2019-01-03 14:20:11 - [TEST_STEP][PASSED] - Statement - counter = counter + 1: null

2019-01-03 14:20:11 - [TEST_STEP][PASSED] - Statement - PreSaveFile = new java.io.File(((pathPrefix + java.lang.Integer.toString(counter)) + .png)): null

2019-01-03 14:20:11 - [TEST_STEP][PASSED] - Statement - counter = counter + 1: null

2019-01-03 14:20:11 - [TEST_STEP][PASSED] - Statement - PreSaveFile = new java.io.File(((pathPrefix + java.lang.Integer.toString(counter)) + .png)): null

2019-01-03 14:20:11 - [TEST_STEP][PASSED] - Statement - counter = counter + 1: null

2019-01-03 14:20:11 - [TEST_STEP][PASSED] - Statement - PreSaveFile = new java.io.File(((pathPrefix + java.lang.Integer.toString(counter)) + .png)): null

2019-01-03 14:20:11 - [TEST_STEP][PASSED] - Statement - counter = counter + 1: null

2019-01-03 14:20:11 - [TEST_STEP][PASSED] - Statement - PreSaveFile = new java.io.File(((pathPrefix + java.lang.Integer.toString(counter)) + .png)): null

2019-01-03 14:20:11 - [TEST_STEP][PASSED] - Statement - counter = counter + 1: null

2019-01-03 14:20:11 - [TEST_STEP][PASSED] - Statement - PreSaveFile = new java.io.File(((pathPrefix + java.lang.Integer.toString(counter)) + .png)): null

2019-01-03 14:20:11 - [TEST_STEP][PASSED] - Statement - counter = counter + 1: null

2019-01-03 14:20:11 - [TEST_STEP][PASSED] - Statement - PreSaveFile = new java.io.File(((pathPrefix + java.lang.Integer.toString(counter)) + .png)): null

2019-01-03 14:20:11 - [TEST_STEP][PASSED] - Statement - counter = counter + 1: null

2019-01-03 14:20:11 - [TEST_STEP][PASSED] - Statement - PreSaveFile = new java.io.File(((pathPrefix + java.lang.Integer.toString(counter)) + .png)): null

2019-01-03 14:20:11 - [TEST_STEP][PASSED] - Statement - counter = counter + 1: null

2019-01-03 14:20:11 - [TEST_STEP][PASSED] - Statement - PreSaveFile = new java.io.File(((pathPrefix + java.lang.Integer.toString(counter)) + .png)): null

2019-01-03 14:20:11 - [TEST_STEP][PASSED] - Statement - counter = counter + 1: null

2019-01-03 14:20:11 - [TEST_STEP][PASSED] - Statement - PreSaveFile = new java.io.File(((pathPrefix + java.lang.Integer.toString(counter)) + .png)): null

2019-01-03 14:20:11 - [TEST_STEP][PASSED] - Statement - counter = counter + 1: null

2019-01-03 14:20:11 - [TEST_STEP][PASSED] - Statement - PreSaveFile = new java.io.File(((pathPrefix + java.lang.Integer.toString(counter)) + .png)): null

2019-01-03 14:20:11 - [TEST_STEP][PASSED] - Statement - counter = counter + 1: null

2019-01-03 14:20:11 - [TEST_STEP][PASSED] - Statement - PreSaveFile = new java.io.File(((pathPrefix + java.lang.Integer.toString(counter)) + .png)): null

2019-01-03 14:20:11 - [TEST_STEP][PASSED] - Statement - counter = counter + 1: null

2019-01-03 14:20:11 - [TEST_STEP][PASSED] - Statement - PreSaveFile = new java.io.File(((pathPrefix + java.lang.Integer.toString(counter)) + .png)): null

2019-01-03 14:20:11 - [TEST_STEP][PASSED] - Statement - counter = counter + 1: null

2019-01-03 14:20:11 - [TEST_STEP][PASSED] - Statement - PreSaveFile = new java.io.File(((pathPrefix + java.lang.Integer.toString(counter)) + .png)): null

2019-01-03 14:20:11 - [TEST_STEP][PASSED] - Statement - counter = counter + 1: null

2019-01-03 14:20:11 - [TEST_STEP][PASSED] - Statement - PreSaveFile = new java.io.File(((pathPrefix + java.lang.Integer.toString(counter)) + .png)): null

2019-01-03 14:20:11 - [TEST_STEP][PASSED] - Statement - counter = counter + 1: null

2019-01-03 14:20:11 - [TEST_STEP][PASSED] - Statement - PreSaveFile = new java.io.File(((pathPrefix + java.lang.Integer.toString(counter)) + .png)): null

2019-01-03 14:20:11 - [TEST_STEP][PASSED] - Statement - counter = counter + 1: null

2019-01-03 14:20:11 - [TEST_STEP][PASSED] - Statement - PreSaveFile = new java.io.File(((pathPrefix + java.lang.Integer.toString(counter)) + .png)): null

2019-01-03 14:20:11 - [TEST_STEP][PASSED] - Statement - counter = counter + 1: null

2019-01-03 14:20:11 - [TEST_STEP][PASSED] - Statement - PreSaveFile = new java.io.File(((pathPrefix + java.lang.Integer.toString(counter)) + .png)): null

2019-01-03 14:20:11 - [TEST_STEP][PASSED] - Statement - counter = counter + 1: null

2019-01-03 14:20:11 - [TEST_STEP][PASSED] - Statement - PreSaveFile = new java.io.File(((pathPrefix + java.lang.Integer.toString(counter)) + .png)): null

2019-01-03 14:20:11 - [TEST_STEP][PASSED] - Statement - counter = counter + 1: null

2019-01-03 14:20:11 - [TEST_STEP][PASSED] - Statement - PreSaveFile = new java.io.File(((pathPrefix + java.lang.Integer.toString(counter)) + .png)): null

2019-01-03 14:20:11 - [TEST_STEP][PASSED] - Statement - counter = counter + 1: null

2019-01-03 14:20:11 - [TEST_STEP][PASSED] - Statement - PreSaveFile = new java.io.File(((pathPrefix + java.lang.Integer.toString(counter)) + .png)): null

2019-01-03 14:20:11 - [TEST_STEP][PASSED] - Statement - counter = counter + 1: null

2019-01-03 14:20:11 - [TEST_STEP][PASSED] - Statement - PreSaveFile = new java.io.File(((pathPrefix + java.lang.Integer.toString(counter)) + .png)): null

2019-01-03 14:20:11 - [TEST_STEP][PASSED] - Statement - counter = counter + 1: null

2019-01-03 14:20:11 - [TEST_STEP][PASSED] - Statement - PreSaveFile = new java.io.File(((pathPrefix + java.lang.Integer.toString(counter)) + .png)): null

2019-01-03 14:20:11 - [TEST_STEP][PASSED] - Statement - counter = counter + 1: null

2019-01-03 14:20:11 - [TEST_STEP][PASSED] - Statement - PreSaveFile = new java.io.File(((pathPrefix + java.lang.Integer.toString(counter)) + .png)): null

2019-01-03 14:20:11 - [TEST_STEP][PASSED] - Statement - counter = counter + 1: null

2019-01-03 14:20:11 - [TEST_STEP][PASSED] - Statement - PreSaveFile = new java.io.File(((pathPrefix + java.lang.Integer.toString(counter)) + .png)): null

2019-01-03 14:20:11 - [TEST_STEP][PASSED] - Statement - counter = counter + 1: null

2019-01-03 14:20:11 - [TEST_STEP][PASSED] - Statement - PreSaveFile = new java.io.File(((pathPrefix + java.lang.Integer.toString(counter)) + .png)): null

2019-01-03 14:20:11 - [TEST_STEP][PASSED] - Statement - counter = counter + 1: null

2019-01-03 14:20:11 - [TEST_STEP][PASSED] - Statement - PreSaveFile = new java.io.File(((pathPrefix + java.lang.Integer.toString(counter)) + .png)): null

2019-01-03 14:20:11 - [TEST_STEP][PASSED] - Statement - counter = counter + 1: null

2019-01-03 14:20:11 - [TEST_STEP][PASSED] - Statement - PreSaveFile = new java.io.File(((pathPrefix + java.lang.Integer.toString(counter)) + .png)): null

2019-01-03 14:20:11 - [TEST_STEP][PASSED] - Statement - counter = counter + 1: null

2019-01-03 14:20:11 - [TEST_STEP][PASSED] - Statement - PreSaveFile = new java.io.File(((pathPrefix + java.lang.Integer.toString(counter)) + .png)): null

2019-01-03 14:20:11 - [TEST_STEP][PASSED] - Statement - counter = counter + 1: null

2019-01-03 14:20:11 - [TEST_STEP][PASSED] - Statement - PreSaveFile = new java.io.File(((pathPrefix + java.lang.Integer.toString(counter)) + .png)): null

2019-01-03 14:20:11 - [TEST_STEP][PASSED] - Statement - counter = counter + 1: null

2019-01-03 14:20:11 - [TEST_STEP][PASSED] - Statement - PreSaveFile = new java.io.File(((pathPrefix + java.lang.Integer.toString(counter)) + .png)): null

2019-01-03 14:20:11 - [TEST_STEP][PASSED] - Statement - counter = counter + 1: null

2019-01-03 14:20:11 - [TEST_STEP][PASSED] - Statement - PreSaveFile = new java.io.File(((pathPrefix + java.lang.Integer.toString(counter)) + .png)): null

2019-01-03 14:20:11 - [TEST_STEP][PASSED] - Statement - counter = counter + 1: null

2019-01-03 14:20:11 - [TEST_STEP][PASSED] - Statement - PreSaveFile = new java.io.File(((pathPrefix + java.lang.Integer.toString(counter)) + .png)): null

2019-01-03 14:20:11 - [TEST_STEP][PASSED] - Statement - counter = counter + 1: null

2019-01-03 14:20:11 - [TEST_STEP][PASSED] - Statement - PreSaveFile = new java.io.File(((pathPrefix + java.lang.Integer.toString(counter)) + .png)): null

2019-01-03 14:20:11 - [TEST_STEP][PASSED] - Statement - counter = counter + 1: null

2019-01-03 14:20:11 - [TEST_STEP][PASSED] - Statement - PreSaveFile = new java.io.File(((pathPrefix + java.lang.Integer.toString(counter)) + .png)): null

2019-01-03 14:20:11 - [TEST_STEP][PASSED] - Statement - counter = counter + 1: null

2019-01-03 14:20:11 - [TEST_STEP][PASSED] - Statement - PreSaveFile = new java.io.File(((pathPrefix + java.lang.Integer.toString(counter)) + .png)): null

2019-01-03 14:20:11 - [TEST_STEP][PASSED] - Statement - counter = counter + 1: null

2019-01-03 14:20:11 - [TEST_STEP][PASSED] - Statement - PreSaveFile = new java.io.File(((pathPrefix + java.lang.Integer.toString(counter)) + .png)): null

2019-01-03 14:20:11 - [TEST_STEP][PASSED] - Statement - counter = counter + 1: null

2019-01-03 14:20:11 - [TEST_STEP][PASSED] - Statement - PreSaveFile = new java.io.File(((pathPrefix + java.lang.Integer.toString(counter)) + .png)): null

2019-01-03 14:20:11 - [TEST_STEP][PASSED] - Statement - counter = counter + 1: null

2019-01-03 14:20:11 - [TEST_STEP][PASSED] - Statement - PreSaveFile = new java.io.File(((pathPrefix + java.lang.Integer.toString(counter)) + .png)): null

2019-01-03 14:20:11 - [TEST_STEP][PASSED] - Statement - counter = counter + 1: null

2019-01-03 14:20:11 - [TEST_STEP][PASSED] - Statement - PreSaveFile = new java.io.File(((pathPrefix + java.lang.Integer.toString(counter)) + .png)): null

2019-01-03 14:20:11 - [TEST_STEP][PASSED] - Statement - counter = counter + 1: null

2019-01-03 14:20:11 - [TEST_STEP][PASSED] - Statement - PreSaveFile = new java.io.File(((pathPrefix + java.lang.Integer.toString(counter)) + .png)): null

2019-01-03 14:20:11 - [TEST_STEP][PASSED] - Statement - counter = counter + 1: null

2019-01-03 14:20:11 - [TEST_STEP][PASSED] - Statement - PreSaveFile = new java.io.File(((pathPrefix + java.lang.Integer.toString(counter)) + .png)): null

2019-01-03 14:20:11 - [TEST_STEP][PASSED] - Statement - counter = counter + 1: null

2019-01-03 14:20:11 - [TEST_STEP][PASSED] - Statement - PreSaveFile = new java.io.File(((pathPrefix + java.lang.Integer.toString(counter)) + .png)): null

2019-01-03 14:20:11 - [TEST_STEP][PASSED] - Statement - counter = counter + 1: null

2019-01-03 14:20:11 - [TEST_STEP][PASSED] - Statement - PreSaveFile = new java.io.File(((pathPrefix + java.lang.Integer.toString(counter)) + .png)): null

2019-01-03 14:20:11 - [TEST_STEP][PASSED] - Statement - counter = counter + 1: null

2019-01-03 14:20:11 - [TEST_STEP][PASSED] - Statement - PreSaveFile = new java.io.File(((pathPrefix + java.lang.Integer.toString(counter)) + .png)): null

2019-01-03 14:20:11 - [TEST_STEP][PASSED] - Statement - counter = counter + 1: null

2019-01-03 14:20:11 - [TEST_STEP][PASSED] - Statement - PreSaveFile = new java.io.File(((pathPrefix + java.lang.Integer.toString(counter)) + .png)): null

2019-01-03 14:20:11 - [TEST_STEP][PASSED] - Statement - counter = counter + 1: null

2019-01-03 14:20:11 - [TEST_STEP][PASSED] - Statement - PreSaveFile = new java.io.File(((pathPrefix + java.lang.Integer.toString(counter)) + .png)): null

2019-01-03 14:20:11 - [TEST_STEP][PASSED] - Statement - counter = counter + 1: null

2019-01-03 14:20:11 - [TEST_STEP][PASSED] - Statement - PreSaveFile = new java.io.File(((pathPrefix + java.lang.Integer.toString(counter)) + .png)): null

2019-01-03 14:20:11 - [TEST_STEP][PASSED] - Statement - counter = counter + 1: null

2019-01-03 14:20:11 - [TEST_STEP][PASSED] - Statement - PreSaveFile = new java.io.File(((pathPrefix + java.lang.Integer.toString(counter)) + .png)): null

2019-01-03 14:20:11 - [TEST_STEP][PASSED] - Statement - counter = counter + 1: null

2019-01-03 14:20:11 - [TEST_STEP][PASSED] - Statement - PreSaveFile = new java.io.File(((pathPrefix + java.lang.Integer.toString(counter)) + .png)): null

2019-01-03 14:20:11 - [TEST_STEP][PASSED] - Statement - counter = counter + 1: null

2019-01-03 14:20:11 - [TEST_STEP][PASSED] - Statement - PreSaveFile = new java.io.File(((pathPrefix + java.lang.Integer.toString(counter)) + .png)): null

2019-01-03 14:20:11 - [TEST_STEP][PASSED] - Statement - counter = counter + 1: null

2019-01-03 14:20:11 - [TEST_STEP][PASSED] - Statement - PreSaveFile = new java.io.File(((pathPrefix + java.lang.Integer.toString(counter)) + .png)): null

2019-01-03 14:20:11 - [TEST_STEP][PASSED] - Statement - counter = counter + 1: null

2019-01-03 14:20:11 - [TEST_STEP][PASSED] - Statement - PreSaveFile = new java.io.File(((pathPrefix + java.lang.Integer.toString(counter)) + .png)): null

2019-01-03 14:20:11 - [TEST_STEP][PASSED] - Statement - counter = counter + 1: null

2019-01-03 14:20:11 - [TEST_STEP][PASSED] - Statement - PreSaveFile = new java.io.File(((pathPrefix + java.lang.Integer.toString(counter)) + .png)): null

2019-01-03 14:20:11 - [TEST_STEP][PASSED] - Statement - counter = counter + 1: null

2019-01-03 14:20:11 - [TEST_STEP][PASSED] - Statement - PreSaveFile = new java.io.File(((pathPrefix + java.lang.Integer.toString(counter)) + .png)): null

2019-01-03 14:20:11 - [TEST_STEP][PASSED] - Statement - counter = counter + 1: null

2019-01-03 14:20:11 - [TEST_STEP][PASSED] - Statement - PreSaveFile = new java.io.File(((pathPrefix + java.lang.Integer.toString(counter)) + .png)): null

2019-01-03 14:20:11 - [TEST_STEP][PASSED] - Statement - counter = counter + 1: null

2019-01-03 14:20:11 - [TEST_STEP][PASSED] - Statement - PreSaveFile = new java.io.File(((pathPrefix + java.lang.Integer.toString(counter)) + .png)): null

2019-01-03 14:20:11 - [TEST_STEP][PASSED] - Statement - counter = counter + 1: null

2019-01-03 14:20:11 - [TEST_STEP][PASSED] - Statement - PreSaveFile = new java.io.File(((pathPrefix + java.lang.Integer.toString(counter)) + .png)): null

2019-01-03 14:20:11 - [TEST_STEP][PASSED] - Statement - counter = counter + 1: null

2019-01-03 14:20:11 - [TEST_STEP][PASSED] - Statement - PreSaveFile = new java.io.File(((pathPrefix + java.lang.Integer.toString(counter)) + .png)): null

2019-01-03 14:20:11 - [TEST_STEP][PASSED] - Statement - counter = counter + 1: null

2019-01-03 14:20:11 - [TEST_STEP][PASSED] - Statement - PreSaveFile = new java.io.File(((pathPrefix + java.lang.Integer.toString(counter)) + .png)): null

2019-01-03 14:20:11 - [TEST_STEP][PASSED] - Statement - counter = counter + 1: null

2019-01-03 14:20:11 - [TEST_STEP][PASSED] - Statement - PreSaveFile = new java.io.File(((pathPrefix + java.lang.Integer.toString(counter)) + .png)): null

2019-01-03 14:20:11 - [TEST_STEP][PASSED] - Statement - counter = counter + 1: null

2019-01-03 14:20:11 - [TEST_STEP][PASSED] - Statement - PreSaveFile = new java.io.File(((pathPrefix + java.lang.Integer.toString(counter)) + .png)): null

2019-01-03 14:20:11 - [TEST_STEP][PASSED] - Statement - counter = counter + 1: null

2019-01-03 14:20:11 - [TEST_STEP][PASSED] - Statement - PreSaveFile = new java.io.File(((pathPrefix + java.lang.Integer.toString(counter)) + .png)): null

2019-01-03 14:20:11 - [TEST_STEP][PASSED] - Statement - counter = counter + 1: null

2019-01-03 14:20:11 - [TEST_STEP][PASSED] - Statement - PreSaveFile = new java.io.File(((pathPrefix + java.lang.Integer.toString(counter)) + .png)): null

2019-01-03 14:20:11 - [TEST_STEP][PASSED] - Statement - counter = counter + 1: null

2019-01-03 14:20:11 - [TEST_STEP][PASSED] - Statement - PreSaveFile = new java.io.File(((pathPrefix + java.lang.Integer.toString(counter)) + .png)): null

2019-01-03 14:20:11 - [TEST_STEP][PASSED] - Statement - counter = counter + 1: null

2019-01-03 14:20:11 - [TEST_STEP][PASSED] - Statement - PreSaveFile = new java.io.File(((pathPrefix + java.lang.Integer.toString(counter)) + .png)): null

2019-01-03 14:20:11 - [TEST_STEP][PASSED] - Statement - counter = counter + 1: null

2019-01-03 14:20:11 - [TEST_STEP][PASSED] - Statement - PreSaveFile = new java.io.File(((pathPrefix + java.lang.Integer.toString(counter)) + .png)): null

2019-01-03 14:20:11 - [TEST_STEP][PASSED] - Statement - counter = counter + 1: null

2019-01-03 14:20:11 - [TEST_STEP][PASSED] - Statement - PreSaveFile = new java.io.File(((pathPrefix + java.lang.Integer.toString(counter)) + .png)): null

2019-01-03 14:20:11 - [TEST_STEP][PASSED] - Statement - counter = counter + 1: null

2019-01-03 14:20:11 - [TEST_STEP][PASSED] - Statement - PreSaveFile = new java.io.File(((pathPrefix + java.lang.Integer.toString(counter)) + .png)): null

2019-01-03 14:20:11 - [TEST_STEP][PASSED] - Statement - counter = counter + 1: null

2019-01-03 14:20:11 - [TEST_STEP][PASSED] - Statement - PreSaveFile = new java.io.File(((pathPrefix + java.lang.Integer.toString(counter)) + .png)): null

2019-01-03 14:20:11 - [TEST_STEP][PASSED] - Statement - counter = counter + 1: null

2019-01-03 14:20:11 - [TEST_STEP][PASSED] - Statement - PreSaveFile = new java.io.File(((pathPrefix + java.lang.Integer.toString(counter)) + .png)): null

2019-01-03 14:20:11 - [TEST_STEP][PASSED] - Statement - counter = counter + 1: null

2019-01-03 14:20:11 - [TEST_STEP][PASSED] - Statement - PreSaveFile = new java.io.File(((pathPrefix + java.lang.Integer.toString(counter)) + .png)): null

2019-01-03 14:20:11 - [TEST_STEP][PASSED] - Statement - counter = counter + 1: null

2019-01-03 14:20:11 - [TEST_STEP][PASSED] - Statement - PreSaveFile = new java.io.File(((pathPrefix + java.lang.Integer.toString(counter)) + .png)): null

2019-01-03 14:20:11 - [TEST_STEP][PASSED] - Statement - counter = counter + 1: null

2019-01-03 14:20:11 - [TEST_STEP][PASSED] - Statement - PreSaveFile = new java.io.File(((pathPrefix + java.lang.Integer.toString(counter)) + .png)): null

2019-01-03 14:20:11 - [TEST_STEP][PASSED] - Statement - counter = counter + 1: null

2019-01-03 14:20:11 - [TEST_STEP][PASSED] - Statement - PreSaveFile = new java.io.File(((pathPrefix + java.lang.Integer.toString(counter)) + .png)): null

2019-01-03 14:20:11 - [TEST_STEP][PASSED] - Statement - counter = counter + 1: null

2019-01-03 14:20:11 - [TEST_STEP][PASSED] - Statement - PreSaveFile = new java.io.File(((pathPrefix + java.lang.Integer.toString(counter)) + .png)): null

2019-01-03 14:20:11 - [TEST_STEP][PASSED] - Statement - counter = counter + 1: null

2019-01-03 14:20:11 - [TEST_STEP][PASSED] - Statement - PreSaveFile = new java.io.File(((pathPrefix + java.lang.Integer.toString(counter)) + .png)): null

2019-01-03 14:20:11 - [TEST_STEP][PASSED] - Statement - counter = counter + 1: null

2019-01-03 14:20:11 - [TEST_STEP][PASSED] - Statement - PreSaveFile = new java.io.File(((pathPrefix + java.lang.Integer.toString(counter)) + .png)): null

2019-01-03 14:20:11 - [TEST_STEP][PASSED] - Statement - counter = counter + 1: null

2019-01-03 14:20:11 - [TEST_STEP][PASSED] - Statement - PreSaveFile = new java.io.File(((pathPrefix + java.lang.Integer.toString(counter)) + .png)): null

2019-01-03 14:20:11 - [TEST_STEP][PASSED] - Statement - counter = counter + 1: null

2019-01-03 14:20:11 - [TEST_STEP][PASSED] - Statement - PreSaveFile = new java.io.File(((pathPrefix + java.lang.Integer.toString(counter)) + .png)): null

2019-01-03 14:20:11 - [TEST_STEP][PASSED] - Statement - counter = counter + 1: null

2019-01-03 14:20:11 - [TEST_STEP][PASSED] - Statement - PreSaveFile = new java.io.File(((pathPrefix + java.lang.Integer.toString(counter)) + .png)): null

2019-01-03 14:20:11 - [TEST_STEP][PASSED] - Statement - counter = counter + 1: null

2019-01-03 14:20:11 - [TEST_STEP][PASSED] - Statement - PreSaveFile = new java.io.File(((pathPrefix + java.lang.Integer.toString(counter)) + .png)): null

2019-01-03 14:20:11 - [TEST_STEP][PASSED] - Statement - counter = counter + 1: null

2019-01-03 14:20:11 - [TEST_STEP][PASSED] - Statement - PreSaveFile = new java.io.File(((pathPrefix + java.lang.Integer.toString(counter)) + .png)): null

2019-01-03 14:20:11 - [TEST_STEP][PASSED] - Statement - counter = counter + 1: null

2019-01-03 14:20:11 - [TEST_STEP][PASSED] - Statement - PreSaveFile = new java.io.File(((pathPrefix + java.lang.Integer.toString(counter)) + .png)): null

2019-01-03 14:20:11 - [TEST_STEP][PASSED] - Statement - counter = counter + 1: null

2019-01-03 14:20:11 - [TEST_STEP][PASSED] - Statement - PreSaveFile = new java.io.File(((pathPrefix + java.lang.Integer.toString(counter)) + .png)): null

2019-01-03 14:20:11 - [TEST_STEP][PASSED] - Statement - counter = counter + 1: null

2019-01-03 14:20:11 - [TEST_STEP][PASSED] - Statement - PreSaveFile = new java.io.File(((pathPrefix + java.lang.Integer.toString(counter)) + .png)): null

2019-01-03 14:20:11 - [TEST_STEP][PASSED] - Statement - counter = counter + 1: null

2019-01-03 14:20:11 - [TEST_STEP][PASSED] - Statement - PreSaveFile = new java.io.File(((pathPrefix + java.lang.Integer.toString(counter)) + .png)): null

2019-01-03 14:20:11 - [TEST_STEP][PASSED] - Statement - counter = counter + 1: null

2019-01-03 14:20:11 - [TEST_STEP][PASSED] - Statement - PreSaveFile = new java.io.File(((pathPrefix + java.lang.Integer.toString(counter)) + .png)): null

2019-01-03 14:20:11 - [TEST_STEP][PASSED] - Statement - counter = counter + 1: null

2019-01-03 14:20:11 - [TEST_STEP][PASSED] - Statement - PreSaveFile = new java.io.File(((pathPrefix + java.lang.Integer.toString(counter)) + .png)): null

2019-01-03 14:20:11 - [TEST_STEP][PASSED] - Statement - counter = counter + 1: null

2019-01-03 14:20:11 - [TEST_STEP][PASSED] - Statement - PreSaveFile = new java.io.File(((pathPrefix + java.lang.Integer.toString(counter)) + .png)): null

2019-01-03 14:20:11 - [TEST_STEP][PASSED] - Statement - counter = counter + 1: null

2019-01-03 14:20:11 - [TEST_STEP][PASSED] - Statement - PreSaveFile = new java.io.File(((pathPrefix + java.lang.Integer.toString(counter)) + .png)): null

2019-01-03 14:20:11 - [TEST_STEP][PASSED] - Statement - counter = counter + 1: null

2019-01-03 14:20:11 - [TEST_STEP][PASSED] - Statement - PreSaveFile = new java.io.File(((pathPrefix + java.lang.Integer.toString(counter)) + .png)): null

2019-01-03 14:20:11 - [TEST_STEP][PASSED] - Statement - counter = counter + 1: null

2019-01-03 14:20:11 - [TEST_STEP][PASSED] - Statement - PreSaveFile = new java.io.File(((pathPrefix + java.lang.Integer.toString(counter)) + .png)): null

2019-01-03 14:20:11 - [TEST_STEP][PASSED] - Statement - counter = counter + 1: null

2019-01-03 14:20:11 - [TEST_STEP][PASSED] - Statement - PreSaveFile = new java.io.File(((pathPrefix + java.lang.Integer.toString(counter)) + .png)): null

2019-01-03 14:20:11 - [TEST_STEP][PASSED] - Statement - counter = counter + 1: null

2019-01-03 14:20:11 - [TEST_STEP][PASSED] - Statement - PreSaveFile = new java.io.File(((pathPrefix + java.lang.Integer.toString(counter)) + .png)): null

2019-01-03 14:20:11 - [TEST_STEP][PASSED] - Statement - counter = counter + 1: null

2019-01-03 14:20:11 - [TEST_STEP][PASSED] - Statement - PreSaveFile = new java.io.File(((pathPrefix + java.lang.Integer.toString(counter)) + .png)): null

2019-01-03 14:20:11 - [TEST_STEP][PASSED] - Statement - counter = counter + 1: null

2019-01-03 14:20:11 - [TEST_STEP][PASSED] - Statement - PreSaveFile = new java.io.File(((pathPrefix + java.lang.Integer.toString(counter)) + .png)): null

2019-01-03 14:20:11 - [TEST_STEP][PASSED] - Statement - counter = counter + 1: null

2019-01-03 14:20:11 - [TEST_STEP][PASSED] - Statement - PreSaveFile = new java.io.File(((pathPrefix + java.lang.Integer.toString(counter)) + .png)): null

2019-01-03 14:20:11 - [TEST_STEP][PASSED] - Statement - counter = counter + 1: null

2019-01-03 14:20:11 - [TEST_STEP][PASSED] - Statement - PreSaveFile = new java.io.File(((pathPrefix + java.lang.Integer.toString(counter)) + .png)): null

2019-01-03 14:20:11 - [TEST_STEP][PASSED] - Statement - counter = counter + 1: null

2019-01-03 14:20:11 - [TEST_STEP][PASSED] - Statement - PreSaveFile = new java.io.File(((pathPrefix + java.lang.Integer.toString(counter)) + .png)): null

2019-01-03 14:20:11 - [TEST_STEP][PASSED] - Statement - counter = counter + 1: null

2019-01-03 14:20:11 - [TEST_STEP][PASSED] - Statement - PreSaveFile = new java.io.File(((pathPrefix + java.lang.Integer.toString(counter)) + .png)): null

2019-01-03 14:20:11 - [TEST_STEP][PASSED] - Statement - counter = counter + 1: null

2019-01-03 14:20:11 - [TEST_STEP][PASSED] - Statement - PreSaveFile = new java.io.File(((pathPrefix + java.lang.Integer.toString(counter)) + .png)): null

2019-01-03 14:20:11 - [TEST_STEP][PASSED] - Statement - counter = counter + 1: null

2019-01-03 14:20:11 - [TEST_STEP][PASSED] - Statement - PreSaveFile = new java.io.File(((pathPrefix + java.lang.Integer.toString(counter)) + .png)): null

2019-01-03 14:20:11 - [TEST_STEP][PASSED] - Statement - counter = counter + 1: null

2019-01-03 14:20:11 - [TEST_STEP][PASSED] - Statement - PreSaveFile = new java.io.File(((pathPrefix + java.lang.Integer.toString(counter)) + .png)): null

2019-01-03 14:20:11 - [TEST_STEP][PASSED] - Statement - counter = counter + 1: null

2019-01-03 14:20:11 - [TEST_STEP][PASSED] - Statement - PreSaveFile = new java.io.File(((pathPrefix + java.lang.Integer.toString(counter)) + .png)): null

2019-01-03 14:20:11 - [TEST_STEP][PASSED] - Statement - counter = counter + 1: null

2019-01-03 14:20:11 - [TEST_STEP][PASSED] - Statement - PreSaveFile = new java.io.File(((pathPrefix + java.lang.Integer.toString(counter)) + .png)): null

2019-01-03 14:20:11 - [TEST_STEP][PASSED] - Statement - counter = counter + 1: null

2019-01-03 14:20:11 - [TEST_STEP][PASSED] - Statement - PreSaveFile = new java.io.File(((pathPrefix + java.lang.Integer.toString(counter)) + .png)): null

2019-01-03 14:20:11 - [TEST_STEP][PASSED] - Statement - counter = counter + 1: null

2019-01-03 14:20:11 - [TEST_STEP][PASSED] - Statement - PreSaveFile = new java.io.File(((pathPrefix + java.lang.Integer.toString(counter)) + .png)): null

2019-01-03 14:20:11 - [TEST_STEP][PASSED] - Statement - counter = counter + 1: null

2019-01-03 14:20:11 - [TEST_STEP][PASSED] - Statement - PreSaveFile = new java.io.File(((pathPrefix + java.lang.Integer.toString(counter)) + .png)): null

2019-01-03 14:20:11 - [TEST_STEP][PASSED] - Statement - counter = counter + 1: null

2019-01-03 14:20:11 - [TEST_STEP][PASSED] - Statement - PreSaveFile = new java.io.File(((pathPrefix + java.lang.Integer.toString(counter)) + .png)): null

2019-01-03 14:20:11 - [TEST_STEP][PASSED] - Statement - counter = counter + 1: null

2019-01-03 14:20:11 - [TEST_STEP][PASSED] - Statement - PreSaveFile = new java.io.File(((pathPrefix + java.lang.Integer.toString(counter)) + .png)): null

2019-01-03 14:20:11 - [TEST_STEP][PASSED] - Statement - counter = counter + 1: null

2019-01-03 14:20:11 - [TEST_STEP][PASSED] - Statement - PreSaveFile = new java.io.File(((pathPrefix + java.lang.Integer.toString(counter)) + .png)): null

2019-01-03 14:20:11 - [TEST_STEP][PASSED] - Statement - counter = counter + 1: null

2019-01-03 14:20:11 - [TEST_STEP][PASSED] - Statement - PreSaveFile = new java.io.File(((pathPrefix + java.lang.Integer.toString(counter)) + .png)): null

2019-01-03 14:20:11 - [TEST_STEP][PASSED] - Statement - counter = counter + 1: null

2019-01-03 14:20:11 - [TEST_STEP][PASSED] - Statement - PreSaveFile = new java.io.File(((pathPrefix + java.lang.Integer.toString(counter)) + .png)): null

2019-01-03 14:20:11 - [TEST_STEP][PASSED] - Statement - counter = counter + 1: null

2019-01-03 14:20:11 - [TEST_STEP][PASSED] - Statement - PreSaveFile = new java.io.File(((pathPrefix + java.lang.Integer.toString(counter)) + .png)): null

2019-01-03 14:20:11 - [TEST_STEP][PASSED] - Statement - counter = counter + 1: null

2019-01-03 14:20:11 - [TEST_STEP][PASSED] - Statement - PreSaveFile = new java.io.File(((pathPrefix + java.lang.Integer.toString(counter)) + .png)): null

2019-01-03 14:20:11 - [TEST_STEP][PASSED] - Statement - counter = counter + 1: null

2019-01-03 14:20:11 - [TEST_STEP][PASSED] - Statement - PreSaveFile = new java.io.File(((pathPrefix + java.lang.Integer.toString(counter)) + .png)): null

2019-01-03 14:20:11 - [TEST_STEP][PASSED] - Statement - counter = counter + 1: null

2019-01-03 14:20:11 - [TEST_STEP][PASSED] - Statement - PreSaveFile = new java.io.File(((pathPrefix + java.lang.Integer.toString(counter)) + .png)): null

2019-01-03 14:20:11 - [TEST_STEP][PASSED] - Statement - counter = counter + 1: null

2019-01-03 14:20:11 - [TEST_STEP][PASSED] - Statement - PreSaveFile = new java.io.File(((pathPrefix + java.lang.Integer.toString(counter)) + .png)): null

2019-01-03 14:20:11 - [TEST_STEP][PASSED] - Statement - counter = counter + 1: null

2019-01-03 14:20:11 - [TEST_STEP][PASSED] - Statement - PreSaveFile = new java.io.File(((pathPrefix + java.lang.Integer.toString(counter)) + .png)): null

2019-01-03 14:20:11 - [TEST_STEP][PASSED] - Statement - counter = counter + 1: null

2019-01-03 14:20:11 - [TEST_STEP][PASSED] - Statement - PreSaveFile = new java.io.File(((pathPrefix + java.lang.Integer.toString(counter)) + .png)): null

2019-01-03 14:20:11 - [TEST_STEP][PASSED] - Statement - counter = counter + 1: null

2019-01-03 14:20:11 - [TEST_STEP][PASSED] - Statement - PreSaveFile = new java.io.File(((pathPrefix + java.lang.Integer.toString(counter)) + .png)): null

2019-01-03 14:20:11 - [TEST_STEP][PASSED] - Statement - counter = counter + 1: null

2019-01-03 14:20:11 - [TEST_STEP][PASSED] - Statement - PreSaveFile = new java.io.File(((pathPrefix + java.lang.Integer.toString(counter)) + .png)): null

2019-01-03 14:20:11 - [TEST_STEP][PASSED] - Statement - counter = counter + 1: null

2019-01-03 14:20:11 - [TEST_STEP][PASSED] - Statement - PreSaveFile = new java.io.File(((pathPrefix + java.lang.Integer.toString(counter)) + .png)): null

2019-01-03 14:20:11 - [TEST_STEP][PASSED] - Statement - counter = counter + 1: null

2019-01-03 14:20:11 - [TEST_STEP][PASSED] - Statement - PreSaveFile = new java.io.File(((pathPrefix + java.lang.Integer.toString(counter)) + .png)): null

2019-01-03 14:20:11 - [TEST_STEP][PASSED] - Statement - counter = counter + 1: null

2019-01-03 14:20:11 - [TEST_STEP][PASSED] - Statement - PreSaveFile = new java.io.File(((pathPrefix + java.lang.Integer.toString(counter)) + .png)): null

2019-01-03 14:20:11 - [TEST_STEP][PASSED] - Statement - counter = counter + 1: null

2019-01-03 14:20:11 - [TEST_STEP][PASSED] - Statement - PreSaveFile = new java.io.File(((pathPrefix + java.lang.Integer.toString(counter)) + .png)): null

2019-01-03 14:20:11 - [TEST_STEP][PASSED] - Statement - counter = counter + 1: null

2019-01-03 14:20:11 - [TEST_STEP][PASSED] - Statement - PreSaveFile = new java.io.File(((pathPrefix + java.lang.Integer.toString(counter)) + .png)): null

2019-01-03 14:20:11 - [TEST_STEP][PASSED] - Statement - counter = counter + 1: null

2019-01-03 14:20:11 - [TEST_STEP][PASSED] - Statement - PreSaveFile = new java.io.File(((pathPrefix + java.lang.Integer.toString(counter)) + .png)): null

2019-01-03 14:20:11 - [TEST_STEP][PASSED] - Statement - counter = counter + 1: null

2019-01-03 14:20:11 - [TEST_STEP][PASSED] - Statement - PreSaveFile = new java.io.File(((pathPrefix + java.lang.Integer.toString(counter)) + .png)): null

2019-01-03 14:20:11 - [TEST_STEP][PASSED] - Statement - counter = counter + 1: null

2019-01-03 14:20:11 - [TEST_STEP][PASSED] - Statement - PreSaveFile = new java.io.File(((pathPrefix + java.lang.Integer.toString(counter)) + .png)): null

2019-01-03 14:20:11 - [TEST_STEP][PASSED] - Statement - counter = counter + 1: null

2019-01-03 14:20:11 - [TEST_STEP][PASSED] - Statement - PreSaveFile = new java.io.File(((pathPrefix + java.lang.Integer.toString(counter)) + .png)): null

2019-01-03 14:20:11 - [TEST_STEP][PASSED] - Statement - counter = counter + 1: null

2019-01-03 14:20:11 - [TEST_STEP][PASSED] - Statement - PreSaveFile = new java.io.File(((pathPrefix + java.lang.Integer.toString(counter)) + .png)): null

2019-01-03 14:20:11 - [TEST_STEP][PASSED] - Statement - counter = counter + 1: null

2019-01-03 14:20:11 - [TEST_STEP][PASSED] - Statement - PreSaveFile = new java.io.File(((pathPrefix + java.lang.Integer.toString(counter)) + .png)): null

2019-01-03 14:20:11 - [TEST_STEP][PASSED] - Statement - counter = counter + 1: null

2019-01-03 14:20:11 - [TEST_STEP][PASSED] - Statement - PreSaveFile = new java.io.File(((pathPrefix + java.lang.Integer.toString(counter)) + .png)): null

2019-01-03 14:20:11 - [TEST_STEP][PASSED] - Statement - counter = counter + 1: null

2019-01-03 14:20:11 - [TEST_STEP][PASSED] - Statement - PreSaveFile = new java.io.File(((pathPrefix + java.lang.Integer.toString(counter)) + .png)): null

2019-01-03 14:20:11 - [TEST_STEP][PASSED] - Statement - counter = counter + 1: null

2019-01-03 14:20:11 - [TEST_STEP][PASSED] - Statement - PreSaveFile = new java.io.File(((pathPrefix + java.lang.Integer.toString(counter)) + .png)): null

2019-01-03 14:20:11 - [TEST_STEP][PASSED] - Statement - counter = counter + 1: null

2019-01-03 14:20:11 - [TEST_STEP][PASSED] - Statement - PreSaveFile = new java.io.File(((pathPrefix + java.lang.Integer.toString(counter)) + .png)): null

2019-01-03 14:20:11 - [TEST_STEP][PASSED] - Statement - counter = counter + 1: null

2019-01-03 14:20:11 - [TEST_STEP][PASSED] - Statement - PreSaveFile = new java.io.File(((pathPrefix + java.lang.Integer.toString(counter)) + .png)): null

2019-01-03 14:20:11 - [TEST_STEP][PASSED] - Statement - counter = counter + 1: null

2019-01-03 14:20:11 - [TEST_STEP][PASSED] - Statement - PreSaveFile = new java.io.File(((pathPrefix + java.lang.Integer.toString(counter)) + .png)): null

2019-01-03 14:20:11 - [TEST_STEP][PASSED] - Statement - counter = counter + 1: null

2019-01-03 14:20:11 - [TEST_STEP][PASSED] - Statement - PreSaveFile = new java.io.File(((pathPrefix + java.lang.Integer.toString(counter)) + .png)): null

2019-01-03 14:20:11 - [TEST_STEP][PASSED] - Statement - counter = counter + 1: null

2019-01-03 14:20:11 - [TEST_STEP][PASSED] - Statement - PreSaveFile = new java.io.File(((pathPrefix + java.lang.Integer.toString(counter)) + .png)): null

2019-01-03 14:20:11 - [TEST_STEP][PASSED] - Statement - counter = counter + 1: null

2019-01-03 14:20:11 - [TEST_STEP][PASSED] - Statement - PreSaveFile = new java.io.File(((pathPrefix + java.lang.Integer.toString(counter)) + .png)): null

2019-01-03 14:20:11 - [TEST_STEP][PASSED] - Statement - counter = counter + 1: null

2019-01-03 14:20:11 - [TEST_STEP][PASSED] - Statement - PreSaveFile = new java.io.File(((pathPrefix + java.lang.Integer.toString(counter)) + .png)): null

2019-01-03 14:20:11 - [TEST_STEP][PASSED] - Statement - counter = counter + 1: null

2019-01-03 14:20:11 - [TEST_STEP][PASSED] - Statement - PreSaveFile = new java.io.File(((pathPrefix + java.lang.Integer.toString(counter)) + .png)): null

2019-01-03 14:20:11 - [TEST_STEP][PASSED] - Statement - counter = counter + 1: null

2019-01-03 14:20:11 - [TEST_STEP][PASSED] - Statement - PreSaveFile = new java.io.File(((pathPrefix + java.lang.Integer.toString(counter)) + .png)): null

2019-01-03 14:20:11 - [TEST_STEP][PASSED] - Statement - counter = counter + 1: null

2019-01-03 14:20:11 - [TEST_STEP][PASSED] - Statement - PreSaveFile = new java.io.File(((pathPrefix + java.lang.Integer.toString(counter)) + .png)): null

2019-01-03 14:20:11 - [TEST_STEP][PASSED] - Statement - counter = counter + 1: null

2019-01-03 14:20:11 - [TEST_STEP][PASSED] - Statement - PreSaveFile = new java.io.File(((pathPrefix + java.lang.Integer.toString(counter)) + .png)): null

2019-01-03 14:20:11 - [TEST_STEP][PASSED] - Statement - counter = counter + 1: null

2019-01-03 14:20:11 - [TEST_STEP][PASSED] - Statement - PreSaveFile = new java.io.File(((pathPrefix + java.lang.Integer.toString(counter)) + .png)): null

2019-01-03 14:20:11 - [TEST_STEP][PASSED] - Statement - counter = counter + 1: null

2019-01-03 14:20:11 - [TEST_STEP][PASSED] - Statement - PreSaveFile = new java.io.File(((pathPrefix + java.lang.Integer.toString(counter)) + .png)): null

2019-01-03 14:20:11 - [TEST_STEP][PASSED] - Statement - counter = counter + 1: null

2019-01-03 14:20:11 - [TEST_STEP][PASSED] - Statement - PreSaveFile = new java.io.File(((pathPrefix + java.lang.Integer.toString(counter)) + .png)): null

2019-01-03 14:20:11 - [TEST_STEP][PASSED] - Statement - counter = counter + 1: null

2019-01-03 14:20:11 - [TEST_STEP][PASSED] - Statement - PreSaveFile = new java.io.File(((pathPrefix + java.lang.Integer.toString(counter)) + .png)): null

2019-01-03 14:20:11 - [TEST_STEP][PASSED] - Statement - counter = counter + 1: null

2019-01-03 14:20:11 - [TEST_STEP][PASSED] - Statement - PreSaveFile = new java.io.File(((pathPrefix + java.lang.Integer.toString(counter)) + .png)): null

2019-01-03 14:20:11 - [TEST_STEP][PASSED] - Statement - counter = counter + 1: null

2019-01-03 14:20:11 - [TEST_STEP][PASSED] - Statement - PreSaveFile = new java.io.File(((pathPrefix + java.lang.Integer.toString(counter)) + .png)): null

2019-01-03 14:20:11 - [TEST_STEP][PASSED] - Statement - counter = counter + 1: null

2019-01-03 14:20:11 - [TEST_STEP][PASSED] - Statement - PreSaveFile = new java.io.File(((pathPrefix + java.lang.Integer.toString(counter)) + .png)): null

2019-01-03 14:20:11 - [TEST_STEP][PASSED] - Statement - counter = counter + 1: null

2019-01-03 14:20:11 - [TEST_STEP][PASSED] - Statement - PreSaveFile = new java.io.File(((pathPrefix + java.lang.Integer.toString(counter)) + .png)): null

2019-01-03 14:20:11 - [TEST_STEP][PASSED] - Statement - counter = counter + 1: null

2019-01-03 14:20:11 - [TEST_STEP][PASSED] - Statement - PreSaveFile = new java.io.File(((pathPrefix + java.lang.Integer.toString(counter)) + .png)): null

2019-01-03 14:20:11 - [TEST_STEP][PASSED] - Statement - counter = counter + 1: null

2019-01-03 14:20:11 - [TEST_STEP][PASSED] - Statement - PreSaveFile = new java.io.File(((pathPrefix + java.lang.Integer.toString(counter)) + .png)): null

2019-01-03 14:20:11 - [TEST_STEP][PASSED] - Statement - counter = counter + 1: null

2019-01-03 14:20:11 - [TEST_STEP][PASSED] - Statement - PreSaveFile = new java.io.File(((pathPrefix + java.lang.Integer.toString(counter)) + .png)): null

2019-01-03 14:20:11 - [TEST_STEP][PASSED] - Statement - counter = counter + 1: null

2019-01-03 14:20:11 - [TEST_STEP][PASSED] - Statement - PreSaveFile = new java.io.File(((pathPrefix + java.lang.Integer.toString(counter)) + .png)): null

2019-01-03 14:20:11 - [TEST_STEP][PASSED] - Statement - counter = counter + 1: null

2019-01-03 14:20:11 - [TEST_STEP][PASSED] - Statement - PreSaveFile = new java.io.File(((pathPrefix + java.lang.Integer.toString(counter)) + .png)): null

2019-01-03 14:20:11 - [TEST_STEP][PASSED] - Statement - counter = counter + 1: null

2019-01-03 14:20:11 - [TEST_STEP][PASSED] - Statement - PreSaveFile = new java.io.File(((pathPrefix + java.lang.Integer.toString(counter)) + .png)): null

2019-01-03 14:20:11 - [TEST_STEP][PASSED] - Statement - counter = counter + 1: null

2019-01-03 14:20:11 - [TEST_STEP][PASSED] - Statement - PreSaveFile = new java.io.File(((pathPrefix + java.lang.Integer.toString(counter)) + .png)): null

2019-01-03 14:20:11 - [TEST_STEP][PASSED] - Statement - counter = counter + 1: null

2019-01-03 14:20:11 - [TEST_STEP][PASSED] - Statement - PreSaveFile = new java.io.File(((pathPrefix + java.lang.Integer.toString(counter)) + .png)): null

2019-01-03 14:20:11 - [TEST_STEP][PASSED] - Statement - counter = counter + 1: null

2019-01-03 14:20:11 - [TEST_STEP][PASSED] - Statement - PreSaveFile = new java.io.File(((pathPrefix + java.lang.Integer.toString(counter)) + .png)): null

2019-01-03 14:20:11 - [TEST_STEP][PASSED] - Statement - counter = counter + 1: null

2019-01-03 14:20:11 - [TEST_STEP][PASSED] - Statement - PreSaveFile = new java.io.File(((pathPrefix + java.lang.Integer.toString(counter)) + .png)): null

2019-01-03 14:20:11 - [TEST_STEP][PASSED] - Statement - counter = counter + 1: null

2019-01-03 14:20:11 - [TEST_STEP][PASSED] - Statement - PreSaveFile = new java.io.File(((pathPrefix + java.lang.Integer.toString(counter)) + .png)): null

2019-01-03 14:20:11 - [TEST_STEP][PASSED] - Statement - counter = counter + 1: null

2019-01-03 14:20:11 - [TEST_STEP][PASSED] - Statement - PreSaveFile = new java.io.File(((pathPrefix + java.lang.Integer.toString(counter)) + .png)): null

2019-01-03 14:20:11 - [TEST_STEP][PASSED] - Statement - counter = counter + 1: null

2019-01-03 14:20:11 - [TEST_STEP][PASSED] - Statement - PreSaveFile = new java.io.File(((pathPrefix + java.lang.Integer.toString(counter)) + .png)): null

2019-01-03 14:20:11 - [TEST_STEP][PASSED] - Statement - counter = counter + 1: null

2019-01-03 14:20:12 - [TEST_STEP][PASSED] - Statement - PreSaveFile = new java.io.File(((pathPrefix + java.lang.Integer.toString(counter)) + .png)): null

2019-01-03 14:20:12 - [TEST_STEP][PASSED] - Statement - counter = counter + 1: null

2019-01-03 14:20:12 - [TEST_STEP][PASSED] - Statement - PreSaveFile = new java.io.File(((pathPrefix + java.lang.Integer.toString(counter)) + .png)): null

2019-01-03 14:20:12 - [TEST_STEP][PASSED] - Statement - counter = counter + 1: null

2019-01-03 14:20:12 - [TEST_STEP][PASSED] - Statement - PreSaveFile = new java.io.File(((pathPrefix + java.lang.Integer.toString(counter)) + .png)): null

2019-01-03 14:20:12 - [TEST_STEP][PASSED] - Statement - counter = counter + 1: null

2019-01-03 14:20:12 - [TEST_STEP][PASSED] - Statement - PreSaveFile = new java.io.File(((pathPrefix + java.lang.Integer.toString(counter)) + .png)): null

2019-01-03 14:20:12 - [TEST_STEP][PASSED] - Statement - counter = counter + 1: null

2019-01-03 14:20:12 - [TEST_STEP][PASSED] - Statement - PreSaveFile = new java.io.File(((pathPrefix + java.lang.Integer.toString(counter)) + .png)): null

2019-01-03 14:20:12 - [TEST_STEP][PASSED] - Statement - counter = counter + 1: null

2019-01-03 14:20:12 - [TEST_STEP][PASSED] - Statement - PreSaveFile = new java.io.File(((pathPrefix + java.lang.Integer.toString(counter)) + .png)): null

2019-01-03 14:20:12 - [TEST_STEP][PASSED] - Statement - counter = counter + 1: null

2019-01-03 14:20:12 - [TEST_STEP][PASSED] - Statement - PreSaveFile = new java.io.File(((pathPrefix + java.lang.Integer.toString(counter)) + .png)): null

2019-01-03 14:20:12 - [TEST_STEP][PASSED] - Statement - counter = counter + 1: null

2019-01-03 14:20:12 - [TEST_STEP][PASSED] - Statement - PreSaveFile = new java.io.File(((pathPrefix + java.lang.Integer.toString(counter)) + .png)): null

2019-01-03 14:20:12 - [TEST_STEP][PASSED] - Statement - counter = counter + 1: null

2019-01-03 14:20:12 - [TEST_STEP][PASSED] - Statement - PreSaveFile = new java.io.File(((pathPrefix + java.lang.Integer.toString(counter)) + .png)): null

2019-01-03 14:20:12 - [TEST_STEP][PASSED] - Statement - counter = counter + 1: null

2019-01-03 14:20:12 - [TEST_STEP][PASSED] - Statement - PreSaveFile = new java.io.File(((pathPrefix + java.lang.Integer.toString(counter)) + .png)): null

2019-01-03 14:20:12 - [TEST_STEP][PASSED] - Statement - counter = counter + 1: null

2019-01-03 14:20:12 - [TEST_STEP][PASSED] - Statement - PreSaveFile = new java.io.File(((pathPrefix + java.lang.Integer.toString(counter)) + .png)): null

2019-01-03 14:20:12 - [TEST_STEP][PASSED] - Statement - counter = counter + 1: null

2019-01-03 14:20:12 - [TEST_STEP][PASSED] - Statement - PreSaveFile = new java.io.File(((pathPrefix + java.lang.Integer.toString(counter)) + .png)): null

2019-01-03 14:20:12 - [TEST_STEP][PASSED] - Statement - counter = counter + 1: null

2019-01-03 14:20:12 - [TEST_STEP][PASSED] - Statement - PreSaveFile = new java.io.File(((pathPrefix + java.lang.Integer.toString(counter)) + .png)): null

2019-01-03 14:20:12 - [TEST_STEP][PASSED] - Statement - counter = counter + 1: null

2019-01-03 14:20:12 - [TEST_STEP][PASSED] - Statement - PreSaveFile = new java.io.File(((pathPrefix + java.lang.Integer.toString(counter)) + .png)): null

2019-01-03 14:20:12 - [TEST_STEP][PASSED] - Statement - counter = counter + 1: null

2019-01-03 14:20:12 - [TEST_STEP][PASSED] - Statement - PreSaveFile = new java.io.File(((pathPrefix + java.lang.Integer.toString(counter)) + .png)): null

2019-01-03 14:20:12 - [TEST_STEP][PASSED] - Statement - counter = counter + 1: null

2019-01-03 14:20:12 - [TEST_STEP][PASSED] - Statement - PreSaveFile = new java.io.File(((pathPrefix + java.lang.Integer.toString(counter)) + .png)): null

2019-01-03 14:20:12 - [TEST_STEP][PASSED] - Statement - counter = counter + 1: null

2019-01-03 14:20:12 - [TEST_STEP][PASSED] - Statement - PreSaveFile = new java.io.File(((pathPrefix + java.lang.Integer.toString(counter)) + .png)): null

2019-01-03 14:20:12 - [TEST_STEP][PASSED] - Statement - counter = counter + 1: null

2019-01-03 14:20:12 - [TEST_STEP][PASSED] - Statement - PreSaveFile = new java.io.File(((pathPrefix + java.lang.Integer.toString(counter)) + .png)): null

2019-01-03 14:20:12 - [TEST_STEP][PASSED] - Statement - counter = counter + 1: null

2019-01-03 14:20:12 - [TEST_STEP][PASSED] - Statement - PreSaveFile = new java.io.File(((pathPrefix + java.lang.Integer.toString(counter)) + .png)): null

2019-01-03 14:20:12 - [TEST_STEP][PASSED] - Statement - counter = counter + 1: null

2019-01-03 14:20:12 - [TEST_STEP][PASSED] - Statement - PreSaveFile = new java.io.File(((pathPrefix + java.lang.Integer.toString(counter)) + .png)): null

2019-01-03 14:20:12 - [TEST_STEP][PASSED] - Statement - counter = counter + 1: null

2019-01-03 14:20:12 - [TEST_STEP][PASSED] - Statement - PreSaveFile = new java.io.File(((pathPrefix + java.lang.Integer.toString(counter)) + .png)): null

2019-01-03 14:20:12 - [TEST_STEP][PASSED] - Statement - counter = counter + 1: null

2019-01-03 14:20:12 - [TEST_STEP][PASSED] - Statement - PreSaveFile = new java.io.File(((pathPrefix + java.lang.Integer.toString(counter)) + .png)): null

2019-01-03 14:20:12 - [TEST_STEP][PASSED] - Statement - counter = counter + 1: null

2019-01-03 14:20:12 - [TEST_STEP][PASSED] - Statement - PreSaveFile = new java.io.File(((pathPrefix + java.lang.Integer.toString(counter)) + .png)): null

2019-01-03 14:20:12 - [TEST_STEP][PASSED] - Statement - counter = counter + 1: null

2019-01-03 14:20:12 - [TEST_STEP][PASSED] - Statement - PreSaveFile = new java.io.File(((pathPrefix + java.lang.Integer.toString(counter)) + .png)): null

2019-01-03 14:20:12 - [TEST_STEP][PASSED] - Statement - counter = counter + 1: null

2019-01-03 14:20:12 - [TEST_STEP][PASSED] - Statement - PreSaveFile = new java.io.File(((pathPrefix + java.lang.Integer.toString(counter)) + .png)): null

2019-01-03 14:20:12 - [TEST_STEP][PASSED] - Statement - counter = counter + 1: null

2019-01-03 14:20:12 - [TEST_STEP][PASSED] - Statement - PreSaveFile = new java.io.File(((pathPrefix + java.lang.Integer.toString(counter)) + .png)): null

2019-01-03 14:20:12 - [TEST_STEP][PASSED] - Statement - counter = counter + 1: null

2019-01-03 14:20:12 - [TEST_STEP][PASSED] - Statement - PreSaveFile = new java.io.File(((pathPrefix + java.lang.Integer.toString(counter)) + .png)): null

2019-01-03 14:20:12 - [TEST_STEP][PASSED] - Statement - counter = counter + 1: null

2019-01-03 14:20:12 - [TEST_STEP][PASSED] - Statement - PreSaveFile = new java.io.File(((pathPrefix + java.lang.Integer.toString(counter)) + .png)): null

2019-01-03 14:20:12 - [TEST_STEP][PASSED] - Statement - counter = counter + 1: null

2019-01-03 14:20:12 - [TEST_STEP][PASSED] - Statement - PreSaveFile = new java.io.File(((pathPrefix + java.lang.Integer.toString(counter)) + .png)): null

2019-01-03 14:20:12 - [TEST_STEP][PASSED] - Statement - counter = counter + 1: null

2019-01-03 14:20:12 - [TEST_STEP][PASSED] - Statement - PreSaveFile = new java.io.File(((pathPrefix + java.lang.Integer.toString(counter)) + .png)): null

2019-01-03 14:20:12 - [TEST_STEP][PASSED] - Statement - counter = counter + 1: null

2019-01-03 14:20:12 - [TEST_STEP][PASSED] - Statement - PreSaveFile = new java.io.File(((pathPrefix + java.lang.Integer.toString(counter)) + .png)): null

2019-01-03 14:20:12 - [TEST_STEP][PASSED] - Statement - counter = counter + 1: null

2019-01-03 14:20:12 - [TEST_STEP][PASSED] - Statement - PreSaveFile = new java.io.File(((pathPrefix + java.lang.Integer.toString(counter)) + .png)): null

2019-01-03 14:20:12 - [TEST_STEP][PASSED] - Statement - counter = counter + 1: null

2019-01-03 14:20:12 - [TEST_STEP][PASSED] - Statement - PreSaveFile = new java.io.File(((pathPrefix + java.lang.Integer.toString(counter)) + .png)): null

2019-01-03 14:20:12 - [TEST_STEP][PASSED] - Statement - counter = counter + 1: null

2019-01-03 14:20:12 - [TEST_STEP][PASSED] - Statement - PreSaveFile = new java.io.File(((pathPrefix + java.lang.Integer.toString(counter)) + .png)): null

2019-01-03 14:20:12 - [TEST_STEP][PASSED] - Statement - counter = counter + 1: null

2019-01-03 14:20:12 - [TEST_STEP][PASSED] - Statement - PreSaveFile = new java.io.File(((pathPrefix + java.lang.Integer.toString(counter)) + .png)): null

2019-01-03 14:20:12 - [TEST_STEP][PASSED] - Statement - counter = counter + 1: null

2019-01-03 14:20:12 - [TEST_STEP][PASSED] - Statement - PreSaveFile = new java.io.File(((pathPrefix + java.lang.Integer.toString(counter)) + .png)): null

2019-01-03 14:20:12 - [TEST_STEP][PASSED] - Statement - counter = counter + 1: null

2019-01-03 14:20:12 - [TEST_STEP][PASSED] - Statement - PreSaveFile = new java.io.File(((pathPrefix + java.lang.Integer.toString(counter)) + .png)): null

2019-01-03 14:20:12 - [TEST_STEP][PASSED] - Statement - counter = counter + 1: null

2019-01-03 14:20:12 - [TEST_STEP][PASSED] - Statement - PreSaveFile = new java.io.File(((pathPrefix + java.lang.Integer.toString(counter)) + .png)): null

2019-01-03 14:20:12 - [TEST_STEP][PASSED] - Statement - counter = counter + 1: null

2019-01-03 14:20:12 - [TEST_STEP][PASSED] - Statement - PreSaveFile = new java.io.File(((pathPrefix + java.lang.Integer.toString(counter)) + .png)): null

2019-01-03 14:20:12 - [TEST_STEP][PASSED] - Statement - counter = counter + 1: null

2019-01-03 14:20:12 - [TEST_STEP][PASSED] - Statement - PreSaveFile = new java.io.File(((pathPrefix + java.lang.Integer.toString(counter)) + .png)): null

2019-01-03 14:20:12 - [TEST_STEP][PASSED] - Statement - counter = counter + 1: null

2019-01-03 14:20:12 - [TEST_STEP][PASSED] - Statement - PreSaveFile = new java.io.File(((pathPrefix + java.lang.Integer.toString(counter)) + .png)): null

2019-01-03 14:20:12 - [TEST_STEP][PASSED] - Statement - counter = counter + 1: null

2019-01-03 14:20:12 - [TEST_STEP][PASSED] - Statement - PreSaveFile = new java.io.File(((pathPrefix + java.lang.Integer.toString(counter)) + .png)): null

2019-01-03 14:20:12 - [TEST_STEP][PASSED] - Statement - counter = counter + 1: null

2019-01-03 14:20:12 - [TEST_STEP][PASSED] - Statement - PreSaveFile = new java.io.File(((pathPrefix + java.lang.Integer.toString(counter)) + .png)): null

2019-01-03 14:20:12 - [TEST_STEP][PASSED] - Statement - counter = counter + 1: null

2019-01-03 14:20:12 - [TEST_STEP][PASSED] - Statement - PreSaveFile = new java.io.File(((pathPrefix + java.lang.Integer.toString(counter)) + .png)): null

2019-01-03 14:20:12 - [TEST_STEP][PASSED] - Statement - counter = counter + 1: null

2019-01-03 14:20:12 - [TEST_STEP][PASSED] - Statement - PreSaveFile = new java.io.File(((pathPrefix + java.lang.Integer.toString(counter)) + .png)): null

2019-01-03 14:20:12 - [TEST_STEP][PASSED] - Statement - counter = counter + 1: null

2019-01-03 14:20:12 - [TEST_STEP][PASSED] - Statement - PreSaveFile = new java.io.File(((pathPrefix + java.lang.Integer.toString(counter)) + .png)): null

2019-01-03 14:20:12 - [TEST_STEP][PASSED] - Statement - counter = counter + 1: null

2019-01-03 14:20:12 - [TEST_STEP][PASSED] - Statement - PreSaveFile = new java.io.File(((pathPrefix + java.lang.Integer.toString(counter)) + .png)): null

2019-01-03 14:20:12 - [TEST_STEP][PASSED] - Statement - counter = counter + 1: null

2019-01-03 14:20:12 - [TEST_STEP][PASSED] - Statement - PreSaveFile = new java.io.File(((pathPrefix + java.lang.Integer.toString(counter)) + .png)): null

2019-01-03 14:20:12 - [TEST_STEP][PASSED] - Statement - counter = counter + 1: null

2019-01-03 14:20:12 - [TEST_STEP][PASSED] - Statement - PreSaveFile = new java.io.File(((pathPrefix + java.lang.Integer.toString(counter)) + .png)): null

2019-01-03 14:20:12 - [TEST_STEP][PASSED] - Statement - counter = counter + 1: null

2019-01-03 14:20:12 - [TEST_STEP][PASSED] - Statement - PreSaveFile = new java.io.File(((pathPrefix + java.lang.Integer.toString(counter)) + .png)): null

2019-01-03 14:20:12 - [TEST_STEP][PASSED] - Statement - counter = counter + 1: null

2019-01-03 14:20:12 - [TEST_STEP][PASSED] - Statement - PreSaveFile = new java.io.File(((pathPrefix + java.lang.Integer.toString(counter)) + .png)): null

2019-01-03 14:20:12 - [TEST_STEP][PASSED] - Statement - counter = counter + 1: null

2019-01-03 14:20:12 - [TEST_STEP][PASSED] - Statement - PreSaveFile = new java.io.File(((pathPrefix + java.lang.Integer.toString(counter)) + .png)): null

2019-01-03 14:20:12 - [TEST_STEP][PASSED] - Statement - counter = counter + 1: null

2019-01-03 14:20:12 - [TEST_STEP][PASSED] - Statement - PreSaveFile = new java.io.File(((pathPrefix + java.lang.Integer.toString(counter)) + .png)): null

2019-01-03 14:20:12 - [TEST_STEP][PASSED] - Statement - counter = counter + 1: null

2019-01-03 14:20:12 - [TEST_STEP][PASSED] - Statement - PreSaveFile = new java.io.File(((pathPrefix + java.lang.Integer.toString(counter)) + .png)): null

2019-01-03 14:20:12 - [TEST_STEP][PASSED] - Statement - counter = counter + 1: null

2019-01-03 14:20:12 - [TEST_STEP][PASSED] - Statement - PreSaveFile = new java.io.File(((pathPrefix + java.lang.Integer.toString(counter)) + .png)): null

2019-01-03 14:20:12 - [TEST_STEP][PASSED] - Statement - counter = counter + 1: null

2019-01-03 14:20:12 - [TEST_STEP][PASSED] - Statement - PreSaveFile = new java.io.File(((pathPrefix + java.lang.Integer.toString(counter)) + .png)): null

2019-01-03 14:20:12 - [TEST_STEP][PASSED] - Statement - counter = counter + 1: null

2019-01-03 14:20:12 - [TEST_STEP][PASSED] - Statement - PreSaveFile = new java.io.File(((pathPrefix + java.lang.Integer.toString(counter)) + .png)): null

2019-01-03 14:20:12 - [TEST_STEP][PASSED] - Statement - counter = counter + 1: null

2019-01-03 14:20:12 - [TEST_STEP][PASSED] - Statement - PreSaveFile = new java.io.File(((pathPrefix + java.lang.Integer.toString(counter)) + .png)): null

2019-01-03 14:20:12 - [TEST_STEP][PASSED] - Statement - counter = counter + 1: null

2019-01-03 14:20:12 - [TEST_STEP][PASSED] - Statement - PreSaveFile = new java.io.File(((pathPrefix + java.lang.Integer.toString(counter)) + .png)): null

2019-01-03 14:20:12 - [TEST_STEP][PASSED] - Statement - counter = counter + 1: null

2019-01-03 14:20:12 - [TEST_STEP][PASSED] - Statement - PreSaveFile = new java.io.File(((pathPrefix + java.lang.Integer.toString(counter)) + .png)): null

2019-01-03 14:20:12 - [TEST_STEP][PASSED] - Statement - counter = counter + 1: null

2019-01-03 14:20:12 - [TEST_STEP][PASSED] - Statement - PreSaveFile = new java.io.File(((pathPrefix + java.lang.Integer.toString(counter)) + .png)): null

2019-01-03 14:20:12 - [TEST_STEP][PASSED] - Statement - counter = counter + 1: null

2019-01-03 14:20:12 - [TEST_STEP][PASSED] - Statement - PreSaveFile = new java.io.File(((pathPrefix + java.lang.Integer.toString(counter)) + .png)): null

2019-01-03 14:20:12 - [TEST_STEP][PASSED] - Statement - counter = counter + 1: null

2019-01-03 14:20:12 - [TEST_STEP][PASSED] - Statement - PreSaveFile = new java.io.File(((pathPrefix + java.lang.Integer.toString(counter)) + .png)): null

2019-01-03 14:20:12 - [TEST_STEP][PASSED] - Statement - counter = counter + 1: null

2019-01-03 14:20:12 - [TEST_STEP][PASSED] - Statement - PreSaveFile = new java.io.File(((pathPrefix + java.lang.Integer.toString(counter)) + .png)): null

2019-01-03 14:20:12 - [TEST_STEP][PASSED] - Statement - counter = counter + 1: null

2019-01-03 14:20:12 - [TEST_STEP][PASSED] - Statement - PreSaveFile = new java.io.File(((pathPrefix + java.lang.Integer.toString(counter)) + .png)): null

2019-01-03 14:20:12 - [TEST_STEP][PASSED] - Statement - counter = counter + 1: null

2019-01-03 14:20:12 - [TEST_STEP][PASSED] - Statement - PreSaveFile = new java.io.File(((pathPrefix + java.lang.Integer.toString(counter)) + .png)): null

2019-01-03 14:20:12 - [TEST_STEP][PASSED] - Statement - counter = counter + 1: null

2019-01-03 14:20:12 - [TEST_STEP][PASSED] - Statement - PreSaveFile = new java.io.File(((pathPrefix + java.lang.Integer.toString(counter)) + .png)): null

2019-01-03 14:20:12 - [TEST_STEP][PASSED] - Statement - counter = counter + 1: null

2019-01-03 14:20:12 - [TEST_STEP][PASSED] - Statement - PreSaveFile = new java.io.File(((pathPrefix + java.lang.Integer.toString(counter)) + .png)): null

2019-01-03 14:20:12 - [TEST_STEP][PASSED] - Statement - counter = counter + 1: null

2019-01-03 14:20:12 - [TEST_STEP][PASSED] - Statement - PreSaveFile = new java.io.File(((pathPrefix + java.lang.Integer.toString(counter)) + .png)): null

2019-01-03 14:20:12 - [TEST_STEP][PASSED] - Statement - counter = counter + 1: null

2019-01-03 14:20:12 - [TEST_STEP][PASSED] - Statement - PreSaveFile = new java.io.File(((pathPrefix + java.lang.Integer.toString(counter)) + .png)): null

2019-01-03 14:20:12 - [TEST_STEP][PASSED] - Statement - counter = counter + 1: null

2019-01-03 14:20:12 - [TEST_STEP][PASSED] - Statement - PreSaveFile = new java.io.File(((pathPrefix + java.lang.Integer.toString(counter)) + .png)): null

2019-01-03 14:20:12 - [TEST_STEP][PASSED] - Statement - counter = counter + 1: null

2019-01-03 14:20:12 - [TEST_STEP][PASSED] - Statement - PreSaveFile = new java.io.File(((pathPrefix + java.lang.Integer.toString(counter)) + .png)): null

2019-01-03 14:20:12 - [TEST_STEP][PASSED] - Statement - counter = counter + 1: null

2019-01-03 14:20:12 - [TEST_STEP][PASSED] - Statement - PreSaveFile = new java.io.File(((pathPrefix + java.lang.Integer.toString(counter)) + .png)): null

2019-01-03 14:20:12 - [TEST_STEP][PASSED] - Statement - counter = counter + 1: null

2019-01-03 14:20:12 - [TEST_STEP][PASSED] - Statement - PreSaveFile = new java.io.File(((pathPrefix + java.lang.Integer.toString(counter)) + .png)): null

2019-01-03 14:20:12 - [TEST_STEP][PASSED] - Statement - counter = counter + 1: null

2019-01-03 14:20:12 - [TEST_STEP][PASSED] - Statement - PreSaveFile = new java.io.File(((pathPrefix + java.lang.Integer.toString(counter)) + .png)): null

2019-01-03 14:20:12 - [TEST_STEP][PASSED] - Statement - counter = counter + 1: null

2019-01-03 14:20:12 - [TEST_STEP][PASSED] - Statement - PreSaveFile = new java.io.File(((pathPrefix + java.lang.Integer.toString(counter)) + .png)): null

2019-01-03 14:20:12 - [TEST_STEP][PASSED] - Statement - counter = counter + 1: null

2019-01-03 14:20:12 - [TEST_STEP][PASSED] - Statement - PreSaveFile = new java.io.File(((pathPrefix + java.lang.Integer.toString(counter)) + .png)): null

2019-01-03 14:20:12 - [TEST_STEP][PASSED] - Statement - counter = counter + 1: null

2019-01-03 14:20:12 - [TEST_STEP][PASSED] - Statement - PreSaveFile = new java.io.File(((pathPrefix + java.lang.Integer.toString(counter)) + .png)): null

2019-01-03 14:20:12 - [TEST_STEP][PASSED] - Statement - counter = counter + 1: null

2019-01-03 14:20:12 - [TEST_STEP][PASSED] - Statement - PreSaveFile = new java.io.File(((pathPrefix + java.lang.Integer.toString(counter)) + .png)): null

2019-01-03 14:20:12 - [TEST_STEP][PASSED] - Statement - counter = counter + 1: null

2019-01-03 14:20:12 - [TEST_STEP][PASSED] - Statement - PreSaveFile = new java.io.File(((pathPrefix + java.lang.Integer.toString(counter)) + .png)): null

2019-01-03 14:20:12 - [TEST_STEP][PASSED] - Statement - counter = counter + 1: null

2019-01-03 14:20:12 - [TEST_STEP][PASSED] - Statement - PreSaveFile = new java.io.File(((pathPrefix + java.lang.Integer.toString(counter)) + .png)): null

2019-01-03 14:20:12 - [TEST_STEP][PASSED] - Statement - counter = counter + 1: null

2019-01-03 14:20:12 - [TEST_STEP][PASSED] - Statement - PreSaveFile = new java.io.File(((pathPrefix + java.lang.Integer.toString(counter)) + .png)): null

2019-01-03 14:20:12 - [TEST_STEP][PASSED] - Statement - counter = counter + 1: null

2019-01-03 14:20:12 - [TEST_STEP][PASSED] - Statement - PreSaveFile = new java.io.File(((pathPrefix + java.lang.Integer.toString(counter)) + .png)): null

2019-01-03 14:20:12 - [TEST_STEP][PASSED] - Statement - counter = counter + 1: null

2019-01-03 14:20:12 - [TEST_STEP][PASSED] - Statement - PreSaveFile = new java.io.File(((pathPrefix + java.lang.Integer.toString(counter)) + .png)): null

2019-01-03 14:20:12 - [TEST_STEP][PASSED] - Statement - counter = counter + 1: null

2019-01-03 14:20:12 - [TEST_STEP][PASSED] - Statement - PreSaveFile = new java.io.File(((pathPrefix + java.lang.Integer.toString(counter)) + .png)): null

2019-01-03 14:20:12 - [TEST_STEP][PASSED] - Statement - counter = counter + 1: null

2019-01-03 14:20:12 - [TEST_STEP][PASSED] - Statement - PreSaveFile = new java.io.File(((pathPrefix + java.lang.Integer.toString(counter)) + .png)): null

2019-01-03 14:20:12 - [TEST_STEP][PASSED] - Statement - counter = counter + 1: null

2019-01-03 14:20:12 - [TEST_STEP][PASSED] - Statement - PreSaveFile = new java.io.File(((pathPrefix + java.lang.Integer.toString(counter)) + .png)): null

2019-01-03 14:20:12 - [TEST_STEP][PASSED] - Statement - counter = counter + 1: null

2019-01-03 14:20:12 - [TEST_STEP][PASSED] - Statement - PreSaveFile = new java.io.File(((pathPrefix + java.lang.Integer.toString(counter)) + .png)): null

2019-01-03 14:20:12 - [TEST_STEP][PASSED] - Statement - counter = counter + 1: null

2019-01-03 14:20:12 - [TEST_STEP][PASSED] - Statement - PreSaveFile = new java.io.File(((pathPrefix + java.lang.Integer.toString(counter)) + .png)): null

2019-01-03 14:20:12 - [TEST_STEP][PASSED] - Statement - counter = counter + 1: null

2019-01-03 14:20:12 - [TEST_STEP][PASSED] - Statement - PreSaveFile = new java.io.File(((pathPrefix + java.lang.Integer.toString(counter)) + .png)): null

2019-01-03 14:20:12 - [TEST_STEP][PASSED] - Statement - counter = counter + 1: null

2019-01-03 14:20:12 - [TEST_STEP][PASSED] - Statement - PreSaveFile = new java.io.File(((pathPrefix + java.lang.Integer.toString(counter)) + .png)): null

2019-01-03 14:20:12 - [TEST_STEP][PASSED] - Statement - counter = counter + 1: null

2019-01-03 14:20:12 - [TEST_STEP][PASSED] - Statement - PreSaveFile = new java.io.File(((pathPrefix + java.lang.Integer.toString(counter)) + .png)): null

2019-01-03 14:20:12 - [TEST_STEP][PASSED] - Statement - counter = counter + 1: null

2019-01-03 14:20:12 - [TEST_STEP][PASSED] - Statement - PreSaveFile = new java.io.File(((pathPrefix + java.lang.Integer.toString(counter)) + .png)): null

2019-01-03 14:20:12 - [TEST_STEP][PASSED] - Statement - counter = counter + 1: null

2019-01-03 14:20:12 - [TEST_STEP][PASSED] - Statement - PreSaveFile = new java.io.File(((pathPrefix + java.lang.Integer.toString(counter)) + .png)): null

2019-01-03 14:20:12 - [TEST_STEP][PASSED] - Statement - counter = counter + 1: null

2019-01-03 14:20:12 - [TEST_STEP][PASSED] - Statement - PreSaveFile = new java.io.File(((pathPrefix + java.lang.Integer.toString(counter)) + .png)): null

2019-01-03 14:20:12 - [TEST_STEP][PASSED] - Statement - counter = counter + 1: null

2019-01-03 14:20:12 - [TEST_STEP][PASSED] - Statement - PreSaveFile = new java.io.File(((pathPrefix + java.lang.Integer.toString(counter)) + .png)): null

2019-01-03 14:20:12 - [TEST_STEP][PASSED] - Statement - counter = counter + 1: null

2019-01-03 14:20:12 - [TEST_STEP][PASSED] - Statement - PreSaveFile = new java.io.File(((pathPrefix + java.lang.Integer.toString(counter)) + .png)): null

2019-01-03 14:20:12 - [TEST_STEP][PASSED] - Statement - counter = counter + 1: null

2019-01-03 14:20:12 - [TEST_STEP][PASSED] - Statement - PreSaveFile = new java.io.File(((pathPrefix + java.lang.Integer.toString(counter)) + .png)): null

2019-01-03 14:20:12 - [TEST_STEP][PASSED] - Statement - counter = counter + 1: null

2019-01-03 14:20:12 - [TEST_STEP][PASSED] - Statement - PreSaveFile = new java.io.File(((pathPrefix + java.lang.Integer.toString(counter)) + .png)): null

2019-01-03 14:20:12 - [TEST_STEP][PASSED] - Statement - counter = counter + 1: null

2019-01-03 14:20:12 - [TEST_STEP][PASSED] - Statement - PreSaveFile = new java.io.File(((pathPrefix + java.lang.Integer.toString(counter)) + .png)): null

2019-01-03 14:20:12 - [TEST_STEP][PASSED] - Statement - counter = counter + 1: null

2019-01-03 14:20:12 - [TEST_STEP][PASSED] - Statement - PreSaveFile = new java.io.File(((pathPrefix + java.lang.Integer.toString(counter)) + .png)): null

2019-01-03 14:20:12 - [TEST_STEP][PASSED] - Statement - counter = counter + 1: null

2019-01-03 14:20:12 - [TEST_STEP][PASSED] - Statement - PreSaveFile = new java.io.File(((pathPrefix + java.lang.Integer.toString(counter)) + .png)): null

2019-01-03 14:20:12 - [TEST_STEP][PASSED] - Statement - counter = counter + 1: null

2019-01-03 14:20:12 - [TEST_STEP][PASSED] - Statement - PreSaveFile = new java.io.File(((pathPrefix + java.lang.Integer.toString(counter)) + .png)): null

2019-01-03 14:20:12 - [TEST_STEP][PASSED] - Statement - counter = counter + 1: null

2019-01-03 14:20:12 - [TEST_STEP][PASSED] - Statement - PreSaveFile = new java.io.File(((pathPrefix + java.lang.Integer.toString(counter)) + .png)): null

2019-01-03 14:20:12 - [TEST_STEP][PASSED] - Statement - counter = counter + 1: null

2019-01-03 14:20:12 - [TEST_STEP][PASSED] - Statement - PreSaveFile = new java.io.File(((pathPrefix + java.lang.Integer.toString(counter)) + .png)): null

2019-01-03 14:20:12 - [TEST_STEP][PASSED] - Statement - counter = counter + 1: null

2019-01-03 14:20:12 - [TEST_STEP][PASSED] - Statement - PreSaveFile = new java.io.File(((pathPrefix + java.lang.Integer.toString(counter)) + .png)): null

2019-01-03 14:20:12 - [TEST_STEP][PASSED] - Statement - counter = counter + 1: null

2019-01-03 14:20:12 - [TEST_STEP][PASSED] - Statement - PreSaveFile = new java.io.File(((pathPrefix + java.lang.Integer.toString(counter)) + .png)): null

2019-01-03 14:20:12 - [TEST_STEP][PASSED] - Statement - counter = counter + 1: null

2019-01-03 14:20:12 - [TEST_STEP][PASSED] - Statement - PreSaveFile = new java.io.File(((pathPrefix + java.lang.Integer.toString(counter)) + .png)): null

2019-01-03 14:20:12 - [TEST_STEP][PASSED] - Statement - counter = counter + 1: null

2019-01-03 14:20:12 - [TEST_STEP][PASSED] - Statement - PreSaveFile = new java.io.File(((pathPrefix + java.lang.Integer.toString(counter)) + .png)): null

2019-01-03 14:20:12 - [TEST_STEP][PASSED] - Statement - counter = counter + 1: null

2019-01-03 14:20:12 - [TEST_STEP][PASSED] - Statement - PreSaveFile = new java.io.File(((pathPrefix + java.lang.Integer.toString(counter)) + .png)): null

2019-01-03 14:20:12 - [TEST_STEP][PASSED] - Statement - counter = counter + 1: null

2019-01-03 14:20:12 - [TEST_STEP][PASSED] - Statement - PreSaveFile = new java.io.File(((pathPrefix + java.lang.Integer.toString(counter)) + .png)): null

2019-01-03 14:20:12 - [TEST_STEP][PASSED] - Statement - counter = counter + 1: null

2019-01-03 14:20:12 - [TEST_STEP][PASSED] - Statement - PreSaveFile = new java.io.File(((pathPrefix + java.lang.Integer.toString(counter)) + .png)): null

2019-01-03 14:20:12 - [TEST_STEP][PASSED] - Statement - counter = counter + 1: null

2019-01-03 14:20:12 - [TEST_STEP][PASSED] - Statement - PreSaveFile = new java.io.File(((pathPrefix + java.lang.Integer.toString(counter)) + .png)): null

2019-01-03 14:20:12 - [TEST_STEP][PASSED] - Statement - counter = counter + 1: null

2019-01-03 14:20:12 - [TEST_STEP][PASSED] - Statement - PreSaveFile = new java.io.File(((pathPrefix + java.lang.Integer.toString(counter)) + .png)): null

2019-01-03 14:20:12 - [TEST_STEP][PASSED] - Statement - counter = counter + 1: null

2019-01-03 14:20:12 - [TEST_STEP][PASSED] - Statement - PreSaveFile = new java.io.File(((pathPrefix + java.lang.Integer.toString(counter)) + .png)): null

2019-01-03 14:20:12 - [TEST_STEP][PASSED] - Statement - counter = counter + 1: null

2019-01-03 14:20:12 - [TEST_STEP][PASSED] - Statement - PreSaveFile = new java.io.File(((pathPrefix + java.lang.Integer.toString(counter)) + .png)): null

2019-01-03 14:20:12 - [TEST_STEP][PASSED] - Statement - counter = counter + 1: null

2019-01-03 14:20:12 - [TEST_STEP][PASSED] - Statement - PreSaveFile = new java.io.File(((pathPrefix + java.lang.Integer.toString(counter)) + .png)): null

2019-01-03 14:20:12 - [TEST_STEP][PASSED] - Statement - counter = counter + 1: null

2019-01-03 14:20:12 - [TEST_STEP][PASSED] - Statement - PreSaveFile = new java.io.File(((pathPrefix + java.lang.Integer.toString(counter)) + .png)): null

2019-01-03 14:20:12 - [TEST_STEP][PASSED] - Statement - counter = counter + 1: null

2019-01-03 14:20:12 - [TEST_STEP][PASSED] - Statement - PreSaveFile = new java.io.File(((pathPrefix + java.lang.Integer.toString(counter)) + .png)): null

2019-01-03 14:20:12 - [TEST_STEP][PASSED] - Statement - counter = counter + 1: null

2019-01-03 14:20:12 - [TEST_STEP][PASSED] - Statement - PreSaveFile = new java.io.File(((pathPrefix + java.lang.Integer.toString(counter)) + .png)): null

2019-01-03 14:20:12 - [TEST_STEP][PASSED] - Statement - counter = counter + 1: null

2019-01-03 14:20:12 - [TEST_STEP][PASSED] - Statement - PreSaveFile = new java.io.File(((pathPrefix + java.lang.Integer.toString(counter)) + .png)): null

2019-01-03 14:20:12 - [TEST_STEP][PASSED] - Statement - counter = counter + 1: null

2019-01-03 14:20:12 - [TEST_STEP][PASSED] - Statement - PreSaveFile = new java.io.File(((pathPrefix + java.lang.Integer.toString(counter)) + .png)): null

2019-01-03 14:20:12 - [TEST_STEP][PASSED] - Statement - counter = counter + 1: null

2019-01-03 14:20:12 - [TEST_STEP][PASSED] - Statement - PreSaveFile = new java.io.File(((pathPrefix + java.lang.Integer.toString(counter)) + .png)): null

2019-01-03 14:20:12 - [TEST_STEP][PASSED] - Statement - counter = counter + 1: null

2019-01-03 14:20:12 - [TEST_STEP][PASSED] - Statement - PreSaveFile = new java.io.File(((pathPrefix + java.lang.Integer.toString(counter)) + .png)): null

2019-01-03 14:20:12 - [TEST_STEP][PASSED] - Statement - counter = counter + 1: null

2019-01-03 14:20:12 - [TEST_STEP][PASSED] - Statement - PreSaveFile = new java.io.File(((pathPrefix + java.lang.Integer.toString(counter)) + .png)): null

2019-01-03 14:20:12 - [TEST_STEP][PASSED] - Statement - counter = counter + 1: null

2019-01-03 14:20:12 - [TEST_STEP][PASSED] - Statement - PreSaveFile = new java.io.File(((pathPrefix + java.lang.Integer.toString(counter)) + .png)): null

2019-01-03 14:20:12 - [TEST_STEP][PASSED] - Statement - counter = counter + 1: null

2019-01-03 14:20:12 - [TEST_STEP][PASSED] - Statement - PreSaveFile = new java.io.File(((pathPrefix + java.lang.Integer.toString(counter)) + .png)): null

2019-01-03 14:20:12 - [TEST_STEP][PASSED] - Statement - counter = counter + 1: null

2019-01-03 14:20:12 - [TEST_STEP][PASSED] - Statement - PreSaveFile = new java.io.File(((pathPrefix + java.lang.Integer.toString(counter)) + .png)): null

2019-01-03 14:20:12 - [TEST_STEP][PASSED] - Statement - counter = counter + 1: null

2019-01-03 14:20:12 - [TEST_STEP][PASSED] - Statement - PreSaveFile = new java.io.File(((pathPrefix + java.lang.Integer.toString(counter)) + .png)): null

2019-01-03 14:20:12 - [TEST_STEP][PASSED] - Statement - counter = counter + 1: null

2019-01-03 14:20:12 - [TEST_STEP][PASSED] - Statement - PreSaveFile = new java.io.File(((pathPrefix + java.lang.Integer.toString(counter)) + .png)): null

2019-01-03 14:20:12 - [TEST_STEP][PASSED] - Statement - counter = counter + 1: null

2019-01-03 14:20:12 - [TEST_STEP][PASSED] - Statement - PreSaveFile = new java.io.File(((pathPrefix + java.lang.Integer.toString(counter)) + .png)): null

2019-01-03 14:20:12 - [TEST_STEP][PASSED] - Statement - counter = counter + 1: null

2019-01-03 14:20:12 - [TEST_STEP][PASSED] - Statement - PreSaveFile = new java.io.File(((pathPrefix + java.lang.Integer.toString(counter)) + .png)): null

2019-01-03 14:20:12 - [TEST_STEP][PASSED] - Statement - counter = counter + 1: null

2019-01-03 14:20:12 - [TEST_STEP][PASSED] - Statement - PreSaveFile = new java.io.File(((pathPrefix + java.lang.Integer.toString(counter)) + .png)): null

2019-01-03 14:20:12 - [TEST_STEP][PASSED] - Statement - counter = counter + 1: null

2019-01-03 14:20:12 - [TEST_STEP][PASSED] - Statement - PreSaveFile = new java.io.File(((pathPrefix + java.lang.Integer.toString(counter)) + .png)): null

2019-01-03 14:20:12 - [TEST_STEP][PASSED] - Statement - counter = counter + 1: null

2019-01-03 14:20:12 - [TEST_STEP][PASSED] - Statement - PreSaveFile = new java.io.File(((pathPrefix + java.lang.Integer.toString(counter)) + .png)): null

2019-01-03 14:20:12 - [TEST_STEP][PASSED] - Statement - counter = counter + 1: null

2019-01-03 14:20:12 - [TEST_STEP][PASSED] - Statement - PreSaveFile = new java.io.File(((pathPrefix + java.lang.Integer.toString(counter)) + .png)): null

2019-01-03 14:20:12 - [TEST_STEP][PASSED] - Statement - counter = counter + 1: null

2019-01-03 14:20:12 - [TEST_STEP][PASSED] - Statement - PreSaveFile = new java.io.File(((pathPrefix + java.lang.Integer.toString(counter)) + .png)): null

2019-01-03 14:20:12 - [TEST_STEP][PASSED] - Statement - counter = counter + 1: null

2019-01-03 14:20:12 - [TEST_STEP][PASSED] - Statement - PreSaveFile = new java.io.File(((pathPrefix + java.lang.Integer.toString(counter)) + .png)): null

2019-01-03 14:20:12 - [TEST_STEP][PASSED] - Statement - counter = counter + 1: null

2019-01-03 14:20:12 - [TEST_STEP][PASSED] - Statement - PreSaveFile = new java.io.File(((pathPrefix + java.lang.Integer.toString(counter)) + .png)): null

2019-01-03 14:20:12 - [TEST_STEP][PASSED] - Statement - counter = counter + 1: null

2019-01-03 14:20:12 - [TEST_STEP][PASSED] - Statement - PreSaveFile = new java.io.File(((pathPrefix + java.lang.Integer.toString(counter)) + .png)): null

2019-01-03 14:20:12 - [TEST_STEP][PASSED] - Statement - counter = counter + 1: null

2019-01-03 14:20:12 - [TEST_STEP][PASSED] - Statement - PreSaveFile = new java.io.File(((pathPrefix + java.lang.Integer.toString(counter)) + .png)): null

2019-01-03 14:20:12 - [TEST_STEP][PASSED] - Statement - counter = counter + 1: null

2019-01-03 14:20:12 - [TEST_STEP][PASSED] - Statement - PreSaveFile = new java.io.File(((pathPrefix + java.lang.Integer.toString(counter)) + .png)): null

2019-01-03 14:20:12 - [TEST_STEP][PASSED] - Statement - counter = counter + 1: null

2019-01-03 14:20:12 - [TEST_STEP][PASSED] - Statement - PreSaveFile = new java.io.File(((pathPrefix + java.lang.Integer.toString(counter)) + .png)): null

2019-01-03 14:20:12 - [TEST_STEP][PASSED] - Statement - counter = counter + 1: null

2019-01-03 14:20:12 - [TEST_STEP][PASSED] - Statement - PreSaveFile = new java.io.File(((pathPrefix + java.lang.Integer.toString(counter)) + .png)): null

2019-01-03 14:20:12 - [TEST_STEP][PASSED] - Statement - counter = counter + 1: null

2019-01-03 14:20:12 - [TEST_STEP][PASSED] - Statement - PreSaveFile = new java.io.File(((pathPrefix + java.lang.Integer.toString(counter)) + .png)): null

2019-01-03 14:20:12 - [TEST_STEP][PASSED] - Statement - counter = counter + 1: null

2019-01-03 14:20:12 - [TEST_STEP][PASSED] - Statement - PreSaveFile = new java.io.File(((pathPrefix + java.lang.Integer.toString(counter)) + .png)): null

2019-01-03 14:20:12 - [TEST_STEP][PASSED] - Statement - counter = counter + 1: null

2019-01-03 14:20:12 - [TEST_STEP][PASSED] - Statement - PreSaveFile = new java.io.File(((pathPrefix + java.lang.Integer.toString(counter)) + .png)): null

2019-01-03 14:20:12 - [TEST_STEP][PASSED] - Statement - counter = counter + 1: null

2019-01-03 14:20:12 - [TEST_STEP][PASSED] - Statement - PreSaveFile = new java.io.File(((pathPrefix + java.lang.Integer.toString(counter)) + .png)): null

2019-01-03 14:20:12 - [TEST_STEP][PASSED] - Statement - counter = counter + 1: null

2019-01-03 14:20:12 - [TEST_STEP][PASSED] - Statement - PreSaveFile = new java.io.File(((pathPrefix + java.lang.Integer.toString(counter)) + .png)): null

2019-01-03 14:20:12 - [TEST_STEP][PASSED] - Statement - counter = counter + 1: null

2019-01-03 14:20:12 - [TEST_STEP][PASSED] - Statement - PreSaveFile = new java.io.File(((pathPrefix + java.lang.Integer.toString(counter)) + .png)): null

2019-01-03 14:20:12 - [TEST_STEP][PASSED] - Statement - counter = counter + 1: null

2019-01-03 14:20:12 - [TEST_STEP][PASSED] - Statement - PreSaveFile = new java.io.File(((pathPrefix + java.lang.Integer.toString(counter)) + .png)): null

2019-01-03 14:20:12 - [TEST_STEP][PASSED] - Statement - counter = counter + 1: null

2019-01-03 14:20:12 - [TEST_STEP][PASSED] - Statement - PreSaveFile = new java.io.File(((pathPrefix + java.lang.Integer.toString(counter)) + .png)): null

2019-01-03 14:20:12 - [TEST_STEP][PASSED] - Statement - counter = counter + 1: null

2019-01-03 14:20:12 - [TEST_STEP][PASSED] - Statement - PreSaveFile = new java.io.File(((pathPrefix + java.lang.Integer.toString(counter)) + .png)): null

2019-01-03 14:20:12 - [TEST_STEP][PASSED] - Statement - counter = counter + 1: null

2019-01-03 14:20:12 - [TEST_STEP][PASSED] - Statement - PreSaveFile = new java.io.File(((pathPrefix + java.lang.Integer.toString(counter)) + .png)): null

2019-01-03 14:20:12 - [TEST_STEP][PASSED] - Statement - counter = counter + 1: null

2019-01-03 14:20:12 - [TEST_STEP][PASSED] - Statement - PreSaveFile = new java.io.File(((pathPrefix + java.lang.Integer.toString(counter)) + .png)): null

2019-01-03 14:20:12 - [TEST_STEP][PASSED] - Statement - counter = counter + 1: null

2019-01-03 14:20:12 - [TEST_STEP][PASSED] - Statement - PreSaveFile = new java.io.File(((pathPrefix + java.lang.Integer.toString(counter)) + .png)): null

2019-01-03 14:20:12 - [TEST_STEP][PASSED] - Statement - counter = counter + 1: null

2019-01-03 14:20:12 - [TEST_STEP][PASSED] - Statement - PreSaveFile = new java.io.File(((pathPrefix + java.lang.Integer.toString(counter)) + .png)): null

2019-01-03 14:20:12 - [TEST_STEP][PASSED] - Statement - counter = counter + 1: null

2019-01-03 14:20:12 - [TEST_STEP][PASSED] - Statement - PreSaveFile = new java.io.File(((pathPrefix + java.lang.Integer.toString(counter)) + .png)): null

2019-01-03 14:20:12 - [TEST_STEP][PASSED] - Statement - counter = counter + 1: null

2019-01-03 14:20:12 - [TEST_STEP][PASSED] - Statement - PreSaveFile = new java.io.File(((pathPrefix + java.lang.Integer.toString(counter)) + .png)): null

2019-01-03 14:20:12 - [TEST_STEP][PASSED] - Statement - counter = counter + 1: null

2019-01-03 14:20:12 - [TEST_STEP][PASSED] - Statement - PreSaveFile = new java.io.File(((pathPrefix + java.lang.Integer.toString(counter)) + .png)): null

2019-01-03 14:20:12 - [TEST_STEP][PASSED] - Statement - counter = counter + 1: null

2019-01-03 14:20:12 - [TEST_STEP][PASSED] - Statement - PreSaveFile = new java.io.File(((pathPrefix + java.lang.Integer.toString(counter)) + .png)): null

2019-01-03 14:20:12 - [TEST_STEP][PASSED] - Statement - counter = counter + 1: null

2019-01-03 14:20:12 - [TEST_STEP][PASSED] - Statement - PreSaveFile = new java.io.File(((pathPrefix + java.lang.Integer.toString(counter)) + .png)): null

2019-01-03 14:20:12 - [TEST_STEP][PASSED] - Statement - counter = counter + 1: null

2019-01-03 14:20:12 - [TEST_STEP][PASSED] - Statement - PreSaveFile = new java.io.File(((pathPrefix + java.lang.Integer.toString(counter)) + .png)): null

2019-01-03 14:20:12 - [TEST_STEP][PASSED] - Statement - counter = counter + 1: null

2019-01-03 14:20:12 - [TEST_STEP][PASSED] - Statement - PreSaveFile = new java.io.File(((pathPrefix + java.lang.Integer.toString(counter)) + .png)): null

2019-01-03 14:20:12 - [TEST_STEP][PASSED] - Statement - counter = counter + 1: null

2019-01-03 14:20:12 - [TEST_STEP][PASSED] - Statement - PreSaveFile = new java.io.File(((pathPrefix + java.lang.Integer.toString(counter)) + .png)): null

2019-01-03 14:20:12 - [TEST_STEP][PASSED] - Statement - counter = counter + 1: null

2019-01-03 14:20:12 - [TEST_STEP][PASSED] - Statement - PreSaveFile = new java.io.File(((pathPrefix + java.lang.Integer.toString(counter)) + .png)): null

2019-01-03 14:20:12 - [TEST_STEP][PASSED] - Statement - counter = counter + 1: null

2019-01-03 14:20:12 - [TEST_STEP][PASSED] - Statement - PreSaveFile = new java.io.File(((pathPrefix + java.lang.Integer.toString(counter)) + .png)): null

2019-01-03 14:20:12 - [TEST_STEP][PASSED] - Statement - counter = counter + 1: null

2019-01-03 14:20:12 - [TEST_STEP][PASSED] - Statement - PreSaveFile = new java.io.File(((pathPrefix + java.lang.Integer.toString(counter)) + .png)): null

2019-01-03 14:20:12 - [TEST_STEP][PASSED] - Statement - counter = counter + 1: null

2019-01-03 14:20:12 - [TEST_STEP][PASSED] - Statement - PreSaveFile = new java.io.File(((pathPrefix + java.lang.Integer.toString(counter)) + .png)): null

2019-01-03 14:20:12 - [TEST_STEP][PASSED] - Statement - counter = counter + 1: null

2019-01-03 14:20:12 - [TEST_STEP][PASSED] - Statement - PreSaveFile = new java.io.File(((pathPrefix + java.lang.Integer.toString(counter)) + .png)): null

2019-01-03 14:20:12 - [TEST_STEP][PASSED] - Statement - counter = counter + 1: null

2019-01-03 14:20:12 - [TEST_STEP][PASSED] - Statement - PreSaveFile = new java.io.File(((pathPrefix + java.lang.Integer.toString(counter)) + .png)): null

2019-01-03 14:20:12 - [TEST_STEP][PASSED] - Statement - counter = counter + 1: null

2019-01-03 14:20:12 - [TEST_STEP][PASSED] - Statement - PreSaveFile = new java.io.File(((pathPrefix + java.lang.Integer.toString(counter)) + .png)): null

2019-01-03 14:20:12 - [TEST_STEP][PASSED] - Statement - counter = counter + 1: null

2019-01-03 14:20:12 - [TEST_STEP][PASSED] - Statement - PreSaveFile = new java.io.File(((pathPrefix + java.lang.Integer.toString(counter)) + .png)): null

2019-01-03 14:20:12 - [TEST_STEP][PASSED] - Statement - counter = counter + 1: null

2019-01-03 14:20:12 - [TEST_STEP][PASSED] - Statement - PreSaveFile = new java.io.File(((pathPrefix + java.lang.Integer.toString(counter)) + .png)): null

2019-01-03 14:20:12 - [TEST_STEP][PASSED] - Statement - counter = counter + 1: null

2019-01-03 14:20:12 - [TEST_STEP][PASSED] - Statement - PreSaveFile = new java.io.File(((pathPrefix + java.lang.Integer.toString(counter)) + .png)): null

2019-01-03 14:20:12 - [TEST_STEP][PASSED] - Statement - counter = counter + 1: null

2019-01-03 14:20:12 - [TEST_STEP][PASSED] - Statement - PreSaveFile = new java.io.File(((pathPrefix + java.lang.Integer.toString(counter)) + .png)): null

2019-01-03 14:20:12 - [TEST_STEP][PASSED] - Statement - counter = counter + 1: null

2019-01-03 14:20:12 - [TEST_STEP][PASSED] - Statement - PreSaveFile = new java.io.File(((pathPrefix + java.lang.Integer.toString(counter)) + .png)): null

2019-01-03 14:20:12 - [TEST_STEP][PASSED] - Statement - counter = counter + 1: null

2019-01-03 14:20:12 - [TEST_STEP][PASSED] - Statement - PreSaveFile = new java.io.File(((pathPrefix + java.lang.Integer.toString(counter)) + .png)): null

2019-01-03 14:20:12 - [TEST_STEP][PASSED] - Statement - counter = counter + 1: null

2019-01-03 14:20:12 - [TEST_STEP][PASSED] - Statement - PreSaveFile = new java.io.File(((pathPrefix + java.lang.Integer.toString(counter)) + .png)): null

2019-01-03 14:20:12 - [TEST_STEP][PASSED] - Statement - counter = counter + 1: null

2019-01-03 14:20:12 - [TEST_STEP][PASSED] - Statement - PreSaveFile = new java.io.File(((pathPrefix + java.lang.Integer.toString(counter)) + .png)): null

2019-01-03 14:20:12 - [TEST_STEP][PASSED] - Statement - counter = counter + 1: null

2019-01-03 14:20:12 - [TEST_STEP][PASSED] - Statement - PreSaveFile = new java.io.File(((pathPrefix + java.lang.Integer.toString(counter)) + .png)): null

2019-01-03 14:20:12 - [TEST_STEP][PASSED] - Statement - finalPath = pathPrefix + java.lang.Integer.toString(counter) + ".png": null

2019-01-03 14:20:12 - [TEST_STEP][PASSED] - Statement - SaveFile = new java.io.File(finalPath): null

2019-01-03 14:20:12 - [TEST_STEP][PASSED] - Statement - Try: null

2019-01-03 14:20:12 - [TEST_STEP][PASSED] - Statement - org.apache.commons.io.FileUtils.copyFile(scrFile, SaveFile): null

2019-01-03 14:20:12 - [TEST_STEP][PASSED] - Statement - out.println("file kept"): null

2019-01-03 14:20:12 - [TEST_STEP][PASSED] - delay: Delayed 10 second(s)

2019-01-03 14:20:22 - [MESSAGE][PASSED] - Delayed 10 second(s)

2019-01-03 14:20:22 - [MESSAGE][PASSED] - Call Test Case 'Test Cases/Final Aug 2018 - PKS Automation/Registration Module/New Registration/Submit and Screenshot/Submit Registration and Screenshot - Copy' successfully

2019-01-03 14:20:22 - [TEST_STEP][PASSED] - Statement - UpdateAddNewECode = com.kms.katalon.core.webui.keyword.WebUiBuiltInKeywords.getText(com.kms.katalon.core.testobject.ObjectRepository.findTestObject(Object Repository/Final Object Repo/Page_Update Add New Employee - ASSIST/getEmpCode)): Text of object 'Object Repository/Final Object Repo/Page_Update Add New Employee - ASSIST/getEmpCode' is: 'E1102071076W'

2019-01-03 14:20:22 - [MESSAGE][PASSED] - Text of object 'Object Repository/Final Object Repo/Page_Update Add New Employee - ASSIST/getEmpCode' is: 'E1102071076W'

2019-01-03 14:20:22 - [TEST_STEP][PASSED] - callTestCase: Call Test Case 'Test Cases/Final Aug 2018 - PKS Automation/Common/Emp Code Setter' successfully

2019-01-03 14:20:22 - [TEST_CASE][PASSED] - Test Cases/Final Aug 2018 - PKS Automation/Common/Emp Code Setter: Test Cases/Final Aug 2018 - PKS Automation/Common/Emp Code Setter

2019-01-03 14:20:22 - [TEST_STEP][PASSED] - Statement - EmpCodeOld = new java.io.File(C://Users//Admin//Desktop//PKS//Automation Reference Point//EmpCode.txt): null

2019-01-03 14:20:22 - [TEST_STEP][PASSED] - Statement - EmpCodeOld.delete(): null

2019-01-03 14:20:22 - [TEST_STEP][PASSED] - Statement - EmpCode = new java.io.File(C://Users//Admin//Desktop//PKS//Automation Reference Point//EmpCode.txt): null

2019-01-03 14:20:22 - [TEST_STEP][PASSED] - Statement - f2 = new java.io.FileWriter(EmpCode, false): null

2019-01-03 14:20:22 - [TEST_STEP][PASSED] - Statement - f2.write(UpdateAddNewECode): null

2019-01-03 14:20:22 - [TEST_STEP][PASSED] - Statement - f2.close(): null

2019-01-03 14:20:22 - [TEST_STEP][PASSED] - Statement - out.println("


" + UpdateAddNewECode + "


"): null

2019-01-03 14:20:22 - [MESSAGE][PASSED] - Call Test Case 'Test Cases/Final Aug 2018 - PKS Automation/Common/Emp Code Setter' successfully

2019-01-03 14:20:22 - [MESSAGE][PASSED] - Call Test Case 'Test Cases/Final Aug 2018 - PKS Automation/Registration Module/Workflow/Update Add New Employee/Template/New Company for Update Add New - Employer' successfully

2019-01-03 14:20:22 - [TEST_STEP][PASSED] - callTestCase: Call Test Case 'Test Cases/Final Aug 2018 - PKS Automation/Create Employer Acc/Login to Employer Account (Second time)' successfully

2019-01-03 14:20:22 - [TEST_CASE][PASSED] - Test Cases/Final Aug 2018 - PKS Automation/Create Employer Acc/Login to Employer Account (Second time): Test Cases/Final Aug 2018 - PKS Automation/Create Employer Acc/Login to Employer Account (Second time)

2019-01-03 14:20:22 - [TEST_STEP][PASSED] - openBrowser: Browser is opened with url: ''

2019-01-03 14:20:22 - [MESSAGE][WARNING] - A browser is already opened. Closing browser and opening a new one

2019-01-03 14:20:26 - [MESSAGE][PASSED] - Browser is opened with url: ''

2019-01-03 14:20:26 - [TEST_STEP][PASSED] - navigateToUrl: Navigate to 'https://assist2-uat.perkeso.gov.my/employer/login' successfully

2019-01-03 14:20:27 - [MESSAGE][PASSED] - Navigate to 'https://assist2-uat.perkeso.gov.my/employer/login' successfully

2019-01-03 14:20:27 - [TEST_STEP][PASSED] - delay: Delayed 3 second(s)

2019-01-03 14:20:30 - [MESSAGE][PASSED] - Delayed 3 second(s)

2019-01-03 14:20:30 - [TEST_STEP][PASSED] - callTestCase: Call Test Case 'Test Cases/Final Aug 2018 - PKS Automation/Create Employer Acc/Template/Employer Email Getter' successfully

2019-01-03 14:20:30 - [TEST_CASE][PASSED] - Test Cases/Final Aug 2018 - PKS Automation/Create Employer Acc/Template/Employer Email Getter: Test Cases/Final Aug 2018 - PKS Automation/Create Employer Acc/Template/Employer Email Getter

2019-01-03 14:20:30 - [TEST_STEP][PASSED] - Statement - Try: null

2019-01-03 14:20:30 - [TEST_STEP][PASSED] - Statement - EmpEmail = new java.io.File(C://Users//Admin//Desktop//PKS//Automation Reference Point//EmpEmail.txt): null

2019-01-03 14:20:30 - [TEST_STEP][PASSED] - Statement - bufferread = new java.io.BufferedReader(new java.io.FileReader(EmpEmail)): null

2019-01-03 14:20:30 - [TEST_STEP][PASSED] - Statement - readedVal = bufferread.readLine(): null

2019-01-03 14:20:30 - [TEST_STEP][PASSED] - Statement - out.println(readedVal): null

2019-01-03 14:20:30 - [TEST_STEP][PASSED] - Statement - Email = readedVal: null

2019-01-03 14:20:30 - [MESSAGE][PASSED] - Call Test Case 'Test Cases/Final Aug 2018 - PKS Automation/Create Employer Acc/Template/Employer Email Getter' successfully

2019-01-03 14:20:30 - [TEST_STEP][PASSED] - setText: Text 'perkeso330554433149@gmail.com' is set on object 'Object Repository/Final Object Repo/Login Page/External Login Page/Email'

2019-01-03 14:20:31 - [MESSAGE][PASSED] - Text 'perkeso330554433149@gmail.com' is set on object 'Object Repository/Final Object Repo/Login Page/External Login Page/Email'

2019-01-03 14:20:31 - [TEST_STEP][PASSED] - click: Object: 'Object Repository/Final Object Repo/Login Page/External Login Page/Next' is clicked on

2019-01-03 14:20:31 - [MESSAGE][PASSED] - Object: 'Object Repository/Final Object Repo/Login Page/External Login Page/Next' is clicked on

2019-01-03 14:20:31 - [TEST_STEP][PASSED] - delay: Delayed 3 second(s)

2019-01-03 14:20:34 - [MESSAGE][PASSED] - Delayed 3 second(s)

2019-01-03 14:20:34 - [TEST_STEP][PASSED] - setEncryptedText: Text ****** has been set on object 'Object Repository/Final Object Repo/Login Page/External Login Page/Password'

2019-01-03 14:20:34 - [MESSAGE][PASSED] - Text ****** has been set on object 'Object Repository/Final Object Repo/Login Page/External Login Page/Password'

2019-01-03 14:20:34 - [TEST_STEP][PASSED] - click: Object: 'Object Repository/Final Object Repo/Login Page/External Login Page/Login' is clicked on

2019-01-03 14:20:34 - [MESSAGE][PASSED] - Object: 'Object Repository/Final Object Repo/Login Page/External Login Page/Login' is clicked on

2019-01-03 14:20:34 - [TEST_STEP][PASSED] - delay: Delayed 5 second(s)

2019-01-03 14:20:39 - [MESSAGE][PASSED] - Delayed 5 second(s)

2019-01-03 14:20:39 - [MESSAGE][PASSED] - Call Test Case 'Test Cases/Final Aug 2018 - PKS Automation/Create Employer Acc/Login to Employer Account (Second time)' successfully

2019-01-03 14:20:39 - [TEST_STEP][PASSED] - navigateToUrl: Navigate to 'https://assist2-uat.perkeso.gov.my/web/registration/eis-update/form-3-eis-cessation-as-employer' successfully

2019-01-03 14:20:40 - [MESSAGE][PASSED] - Navigate to 'https://assist2-uat.perkeso.gov.my/web/registration/eis-update/form-3-eis-cessation-as-employer' successfully

2019-01-03 14:20:40 - [TEST_STEP][PASSED] - delay: Delayed 1 second(s)

2019-01-03 14:20:41 - [MESSAGE][PASSED] - Delayed 1 second(s)

2019-01-03 14:20:41 - [TEST_STEP][PASSED] - click: Object: 'Object Repository/Final Object Repo/Page_Form 3 EIS - Cessation as Employer/Edit' is clicked on

2019-01-03 14:20:42 - [MESSAGE][PASSED] - Object: 'Object Repository/Final Object Repo/Page_Form 3 EIS - Cessation as Employer/Edit' is clicked on

2019-01-03 14:20:42 - [TEST_STEP][PASSED] - delay: Delayed 1 second(s)

2019-01-03 14:20:43 - [MESSAGE][PASSED] - Delayed 1 second(s)

2019-01-03 14:20:43 - [TEST_STEP][PASSED] - Statement - abc = com.kms.katalon.core.webui.keyword.WebUiBuiltInKeywords.getAttribute(com.kms.katalon.core.testobject.ObjectRepository.findTestObject(Final Object Repo/Page_Form 3 EIS - Cessation as Employer/Employer Status), "value"): Attribute 'value' of object 'Object Repository/Final Object Repo/Page_Form 3 EIS - Cessation as Employer/Employer Status' is: 'Active'

2019-01-03 14:20:43 - [MESSAGE][PASSED] - Attribute 'value' of object 'Object Repository/Final Object Repo/Page_Form 3 EIS - Cessation as Employer/Employer Status' is: 'Active'

2019-01-03 14:20:43 - [TEST_STEP][PASSED] - Statement - out.println(abc): null

2019-01-03 14:20:43 - [TEST_STEP][PASSED] - Statement - If (abc == "Active"): Object: 'Object Repository/Final Object Repo/Page_Form 3 EIS - Cessation as Employer/Dormant EIS' is clicked on

2019-01-03 14:20:43 - [TEST_STEP][PASSED] - click: Object: 'Object Repository/Final Object Repo/Page_Form 3 EIS - Cessation as Employer/Change Employer Status to' is clicked on

2019-01-03 14:20:43 - [MESSAGE][PASSED] - Object: 'Object Repository/Final Object Repo/Page_Form 3 EIS - Cessation as Employer/Change Employer Status to' is clicked on

2019-01-03 14:20:43 - [TEST_STEP][PASSED] - click: Object: 'Object Repository/Final Object Repo/Page_Form 3 EIS - Cessation as Employer/Dormant EIS' is clicked on

2019-01-03 14:20:44 - [MESSAGE][PASSED] - Object: 'Object Repository/Final Object Repo/Page_Form 3 EIS - Cessation as Employer/Dormant EIS' is clicked on

2019-01-03 14:20:44 - [TEST_STEP][PASSED] - click: Object: 'Object Repository/Final Object Repo/Page_Form 3 EIS - Cessation as Employer/Calender' is clicked on

2019-01-03 14:20:44 - [MESSAGE][PASSED] - Object: 'Object Repository/Final Object Repo/Page_Form 3 EIS - Cessation as Employer/Calender' is clicked on

2019-01-03 14:20:44 - [TEST_STEP][PASSED] - delay: Delayed 1 second(s)

2019-01-03 14:20:45 - [MESSAGE][PASSED] - Delayed 1 second(s)

2019-01-03 14:20:45 - [TEST_STEP][PASSED] - click: Object: 'Object Repository/Final Object Repo/Page_Form 3 EIS - Cessation as Employer/Calender - Date' is clicked on

2019-01-03 14:20:45 - [MESSAGE][PASSED] - Object: 'Object Repository/Final Object Repo/Page_Form 3 EIS - Cessation as Employer/Calender - Date' is clicked on

2019-01-03 14:20:45 - [TEST_STEP][PASSED] - click: Object: 'Object Repository/Final Object Repo/Page_Form 3 EIS - Cessation as Employer/Save  Continue in Form 3 EIS Page' is clicked on

2019-01-03 14:20:45 - [MESSAGE][PASSED] - Object: 'Object Repository/Final Object Repo/Page_Form 3 EIS - Cessation as Employer/Save  Continue in Form 3 EIS Page' is clicked on

2019-01-03 14:20:45 - [TEST_STEP][PASSED] - delay: Delayed 1 second(s)

2019-01-03 14:20:46 - [MESSAGE][PASSED] - Delayed 1 second(s)

2019-01-03 14:20:46 - [TEST_STEP][PASSED] - click: Object: 'Object Repository/Final Object Repo/Page_Form 3 EIS - Cessation as Employer/Employment Resign Date' is clicked on

2019-01-03 14:20:47 - [MESSAGE][PASSED] - Object: 'Object Repository/Final Object Repo/Page_Form 3 EIS - Cessation as Employer/Employment Resign Date' is clicked on

2019-01-03 14:20:47 - [TEST_STEP][PASSED] - selectOptionByValue: All options with value '2019' are selected in object 'Object Repository/Final Object Repo/Page_Form 3 EIS - Cessation as Employer/Employment Resign Date - Year' 

2019-01-03 14:20:47 - [MESSAGE][PASSED] - All options with value '2019' are selected in object 'Object Repository/Final Object Repo/Page_Form 3 EIS - Cessation as Employer/Employment Resign Date - Year' 

2019-01-03 14:20:47 - [TEST_STEP][PASSED] - delay: Delayed 2 second(s)

2019-01-03 14:20:49 - [MESSAGE][PASSED] - Delayed 2 second(s)

2019-01-03 14:20:49 - [TEST_STEP][PASSED] - click: Object: 'Object Repository/Final Object Repo/Page_Form 3 EIS - Cessation as Employer/Employment Resign Date - Year - Date' is clicked on

2019-01-03 14:20:49 - [MESSAGE][PASSED] - Object: 'Object Repository/Final Object Repo/Page_Form 3 EIS - Cessation as Employer/Employment Resign Date - Year - Date' is clicked on

2019-01-03 14:20:49 - [TEST_STEP][PASSED] - delay: Delayed 2 second(s)

2019-01-03 14:20:51 - [MESSAGE][PASSED] - Delayed 2 second(s)

2019-01-03 14:20:51 - [TEST_STEP][PASSED] - click: Object: 'Object Repository/Final Object Repo/Page_Form 3 EIS - Cessation as Employer/Save  Continue in Employment Resign Page' is clicked on

2019-01-03 14:20:51 - [MESSAGE][PASSED] - Object: 'Object Repository/Final Object Repo/Page_Form 3 EIS - Cessation as Employer/Save  Continue in Employment Resign Page' is clicked on

2019-01-03 14:20:51 - [TEST_STEP][PASSED] - delay: Delayed 2 second(s)

2019-01-03 14:20:53 - [MESSAGE][PASSED] - Delayed 2 second(s)

2019-01-03 14:20:53 - [TEST_STEP][FAILED] - click: Unable to click on object 'Object Repository/Final Object Repo/Page_Form 3 EIS - Cessation as Employer/Set Latest - Yes' (Root cause: com.kms.katalon.core.webui.exception.WebElementNotFoundException: Web element with id: 'Object Repository/Final Object Repo/Page_Form 3 EIS - Cessation as Employer/Set Latest - Yes' located by 'By.xpath: //span[@id = 'confirmword' and (text() = 'Yes' or . = 'Yes')]' not found)

2019-01-03 14:21:26 - [MESSAGE][FAILED] - Unable to click on object 'Object Repository/Final Object Repo/Page_Form 3 EIS - Cessation as Employer/Set Latest - Yes' (Root cause: com.kms.katalon.core.webui.exception.WebElementNotFoundException: Web element with id: 'Object Repository/Final Object Repo/Page_Form 3 EIS - Cessation as Employer/Set Latest - Yes' located by 'By.xpath: //span[@id = 'confirmword' and (text() = 'Yes' or . = 'Yes')]' not found)
[[ATTACHMENT|C:\\Users\\Admin\\Desktop\\PKS\\Perkeso Phase A\\Reports\\Workflow\\Form 3 EIS - Cessation as Employer\\20190103_102114\\1546496485781.png]]

2019-01-03 14:21:26 - [TEST_STEP][PASSED] - delay: Delayed 2 second(s)

2019-01-03 14:21:28 - [MESSAGE][PASSED] - Delayed 2 second(s)

2019-01-03 14:21:28 - [TEST_STEP][FAILED] - click: Unable to click on object 'Object Repository/Final Object Repo/Page_Form 3 EIS - Cessation as Employer/Add Document' (Root cause: com.kms.katalon.core.webui.exception.WebElementNotFoundException: Web element with id: 'Object Repository/Final Object Repo/Page_Form 3 EIS - Cessation as Employer/Add Document' located by 'By.xpath: //a[(text() = '
					ADD DOCUMENT
	             ' or . = '
					ADD DOCUMENT
	             ')]' not found)

2019-01-03 14:22:03 - [MESSAGE][FAILED] - Unable to click on object 'Object Repository/Final Object Repo/Page_Form 3 EIS - Cessation as Employer/Add Document' (Root cause: com.kms.katalon.core.webui.exception.WebElementNotFoundException: Web element with id: 'Object Repository/Final Object Repo/Page_Form 3 EIS - Cessation as Employer/Add Document' located by 'By.xpath: //a[(text() = '
					ADD DOCUMENT
	             ' or . = '
					ADD DOCUMENT
	             ')]' not found)
[[ATTACHMENT|C:\\Users\\Admin\\Desktop\\PKS\\Perkeso Phase A\\Reports\\Workflow\\Form 3 EIS - Cessation as Employer\\20190103_102114\\1546496523552.png]]

2019-01-03 14:22:03 - [TEST_STEP][PASSED] - delay: Delayed 3 second(s)

2019-01-03 14:22:06 - [MESSAGE][PASSED] - Delayed 3 second(s)

2019-01-03 14:22:06 - [TEST_STEP][FAILED] - click: Unable to click on object 'Object Repository/Final Object Repo/Page_Form 3 EIS - Cessation as Employer/Document Type' (Root cause: com.kms.katalon.core.webui.exception.WebElementNotFoundException: Web element with id: 'Object Repository/Final Object Repo/Page_Form 3 EIS - Cessation as Employer/Document Type' located by 'By.xpath: //span[@role = 'combobox' and (text() = '

Please Select' or . = '

Please Select')]' not found)

2019-01-03 14:22:43 - [MESSAGE][FAILED] - Unable to click on object 'Object Repository/Final Object Repo/Page_Form 3 EIS - Cessation as Employer/Document Type' (Root cause: com.kms.katalon.core.webui.exception.WebElementNotFoundException: Web element with id: 'Object Repository/Final Object Repo/Page_Form 3 EIS - Cessation as Employer/Document Type' located by 'By.xpath: //span[@role = 'combobox' and (text() = '

Please Select' or . = '

Please Select')]' not found)
[[ATTACHMENT|C:\\Users\\Admin\\Desktop\\PKS\\Perkeso Phase A\\Reports\\Workflow\\Form 3 EIS - Cessation as Employer\\20190103_102114\\1546496563324.png]]

2019-01-03 14:22:43 - [TEST_STEP][FAILED] - click: Unable to click on object 'Object Repository/Final Object Repo/Page_Form 3 EIS - Cessation as Employer/Document Type - Form 3' (Root cause: com.kms.katalon.core.webui.exception.WebElementNotFoundException: Web element with id: 'Object Repository/Final Object Repo/Page_Form 3 EIS - Cessation as Employer/Document Type - Form 3' located by 'By.xpath: //span[(text() = '


	Form 3 - Cessation Of Employer
' or . = '


	Form 3 - Cessation Of Employer
')]' not found)

2019-01-03 14:23:15 - [MESSAGE][FAILED] - Unable to click on object 'Object Repository/Final Object Repo/Page_Form 3 EIS - Cessation as Employer/Document Type - Form 3' (Root cause: com.kms.katalon.core.webui.exception.WebElementNotFoundException: Web element with id: 'Object Repository/Final Object Repo/Page_Form 3 EIS - Cessation as Employer/Document Type - Form 3' located by 'By.xpath: //span[(text() = '


	Form 3 - Cessation Of Employer
' or . = '


	Form 3 - Cessation Of Employer
')]' not found)
[[ATTACHMENT|C:\\Users\\Admin\\Desktop\\PKS\\Perkeso Phase A\\Reports\\Workflow\\Form 3 EIS - Cessation as Employer\\20190103_102114\\1546496595155.png]]

2019-01-03 14:23:15 - [TEST_STEP][PASSED] - delay: Delayed 2 second(s)

2019-01-03 14:23:17 - [MESSAGE][PASSED] - Delayed 2 second(s)

2019-01-03 14:23:17 - [TEST_STEP][FAILED] - sendKeys: Unable to send keys 'C:\Users\Public\Pictures\Sample Pictures\Koala.jpg' to object 'Object Repository/Final Object Repo/Page_Form 3 EIS - Cessation as Employer/ploading File' (Root cause: com.kms.katalon.core.webui.exception.WebElementNotFoundException: Web element with id: 'Object Repository/Final Object Repo/Page_Form 3 EIS - Cessation as Employer/ploading File' located by 'By.xpath: //input[@type = 'file' and @id = '_searchforemployersip_WAR_registrationportlet_uploadFile']' not found)

2019-01-03 14:23:49 - [MESSAGE][FAILED] - Unable to send keys 'C:\Users\Public\Pictures\Sample Pictures\Koala.jpg' to object 'Object Repository/Final Object Repo/Page_Form 3 EIS - Cessation as Employer/ploading File' (Root cause: com.kms.katalon.core.webui.exception.WebElementNotFoundException: Web element with id: 'Object Repository/Final Object Repo/Page_Form 3 EIS - Cessation as Employer/ploading File' located by 'By.xpath: //input[@type = 'file' and @id = '_searchforemployersip_WAR_registrationportlet_uploadFile']' not found)
[[ATTACHMENT|C:\\Users\\Admin\\Desktop\\PKS\\Perkeso Phase A\\Reports\\Workflow\\Form 3 EIS - Cessation as Employer\\20190103_102114\\1546496628990.png]]

2019-01-03 14:23:49 - [TEST_STEP][PASSED] - delay: Delayed 1 second(s)

2019-01-03 14:23:50 - [MESSAGE][PASSED] - Delayed 1 second(s)

2019-01-03 14:23:50 - [TEST_STEP][FAILED] - click: Unable to click on object 'Object Repository/Final Object Repo/Page_Form 3 EIS - Cessation as Employer/Add Document in Uploading Page' (Root cause: com.kms.katalon.core.webui.exception.WebElementNotFoundException: Web element with id: 'Object Repository/Final Object Repo/Page_Form 3 EIS - Cessation as Employer/Add Document in Uploading Page' located by 'By.xpath: //a[(text() = '
										ADD DOCUMENT
								     ' or . = '
										ADD DOCUMENT
								     ')]' not found)

2019-01-03 14:24:26 - [MESSAGE][FAILED] - Unable to click on object 'Object Repository/Final Object Repo/Page_Form 3 EIS - Cessation as Employer/Add Document in Uploading Page' (Root cause: com.kms.katalon.core.webui.exception.WebElementNotFoundException: Web element with id: 'Object Repository/Final Object Repo/Page_Form 3 EIS - Cessation as Employer/Add Document in Uploading Page' located by 'By.xpath: //a[(text() = '
										ADD DOCUMENT
								     ' or . = '
										ADD DOCUMENT
								     ')]' not found)
[[ATTACHMENT|C:\\Users\\Admin\\Desktop\\PKS\\Perkeso Phase A\\Reports\\Workflow\\Form 3 EIS - Cessation as Employer\\20190103_102114\\1546496666642.png]]

2019-01-03 14:24:26 - [TEST_STEP][PASSED] - delay: Delayed 2 second(s)

2019-01-03 14:24:29 - [MESSAGE][PASSED] - Delayed 2 second(s)

2019-01-03 14:24:29 - [TEST_STEP][PASSED] - Statement - CaseReferenceNo = com.kms.katalon.core.webui.keyword.WebUiBuiltInKeywords.getText(com.kms.katalon.core.testobject.ObjectRepository.findTestObject(Final Object Repo/Page_Update Employer Information/Reference Number in Update Employee Information Page)): Text of object 'Object Repository/Final Object Repo/Page_Update Employer Information/Reference Number in Update Employee Information Page' is: 'ERN012019C200002577'

2019-01-03 14:24:29 - [MESSAGE][PASSED] - Text of object 'Object Repository/Final Object Repo/Page_Update Employer Information/Reference Number in Update Employee Information Page' is: 'ERN012019C200002577'

2019-01-03 14:24:29 - [TEST_STEP][PASSED] - callTestCase: Call Test Case 'Test Cases/Final Aug 2018 - PKS Automation/Common/Reference Number Setter' successfully

2019-01-03 14:24:29 - [TEST_CASE][PASSED] - Test Cases/Final Aug 2018 - PKS Automation/Common/Reference Number Setter: Test Cases/Final Aug 2018 - PKS Automation/Common/Reference Number Setter

2019-01-03 14:24:29 - [TEST_STEP][PASSED] - Statement - RefNoOldFile = new java.io.File(C://Users//Admin//Desktop//PKS//Automation Reference Point//KatalonReference.txt): null

2019-01-03 14:24:29 - [TEST_STEP][PASSED] - Statement - RefNoOldFile.delete(): null

2019-01-03 14:24:29 - [TEST_STEP][PASSED] - delay: Delayed 5 second(s)

2019-01-03 14:24:34 - [MESSAGE][PASSED] - Delayed 5 second(s)

2019-01-03 14:24:34 - [TEST_STEP][PASSED] - Statement - RefNo = new java.io.File(C://Users//Admin//Desktop//PKS//Automation Reference Point//KatalonReference.txt): null

2019-01-03 14:24:34 - [TEST_STEP][PASSED] - Statement - f2 = new java.io.FileWriter(RefNo, false): null

2019-01-03 14:24:34 - [TEST_STEP][PASSED] - Statement - f2.write(CaseReferenceNo): null

2019-01-03 14:24:34 - [TEST_STEP][PASSED] - Statement - f2.close(): null

2019-01-03 14:24:34 - [TEST_STEP][PASSED] - Statement - out.println("


" + CaseReferenceNo + "


"): null

2019-01-03 14:24:34 - [MESSAGE][PASSED] - Call Test Case 'Test Cases/Final Aug 2018 - PKS Automation/Common/Reference Number Setter' successfully

2019-01-03 14:24:34 - [TEST_STEP][PASSED] - delay: Delayed 2 second(s)

2019-01-03 14:24:36 - [MESSAGE][PASSED] - Delayed 2 second(s)

2019-01-03 14:24:36 - [TEST_STEP][FAILED] - click: Unable to click on object 'Object Repository/Final Object Repo/Page_Form 3 EIS - Cessation as Employer/Save  Continue in Uploading Page' (Root cause: com.kms.katalon.core.webui.exception.WebElementNotFoundException: Web element with id: 'Object Repository/Final Object Repo/Page_Form 3 EIS - Cessation as Employer/Save  Continue in Uploading Page' located by 'By.xpath: //a[(text() = '
									SAVE & CONTINUE	
				                ' or . = '
									SAVE & CONTINUE	
				                ')]' not found)

2019-01-03 14:25:11 - [MESSAGE][FAILED] - Unable to click on object 'Object Repository/Final Object Repo/Page_Form 3 EIS - Cessation as Employer/Save  Continue in Uploading Page' (Root cause: com.kms.katalon.core.webui.exception.WebElementNotFoundException: Web element with id: 'Object Repository/Final Object Repo/Page_Form 3 EIS - Cessation as Employer/Save  Continue in Uploading Page' located by 'By.xpath: //a[(text() = '
									SAVE & CONTINUE	
				                ' or . = '
									SAVE & CONTINUE	
				                ')]' not found)
[[ATTACHMENT|C:\\Users\\Admin\\Desktop\\PKS\\Perkeso Phase A\\Reports\\Workflow\\Form 3 EIS - Cessation as Employer\\20190103_102114\\1546496711085.png]]

2019-01-03 14:25:11 - [TEST_STEP][PASSED] - delay: Delayed 2 second(s)

2019-01-03 14:25:13 - [MESSAGE][PASSED] - Delayed 2 second(s)

2019-01-03 14:25:13 - [TEST_STEP][FAILED] - click: Unable to click on object 'Object Repository/Final Object Repo/Page_Form 3 EIS - Cessation as Employer/Submit' (Root cause: com.kms.katalon.core.webui.exception.WebElementNotFoundException: Web element with id: 'Object Repository/Final Object Repo/Page_Form 3 EIS - Cessation as Employer/Submit' located by 'By.xpath: //a[(text() = '
							SUBMIT
		            	' or . = '
							SUBMIT
		            	')]' not found)

2019-01-03 14:25:52 - [MESSAGE][FAILED] - Unable to click on object 'Object Repository/Final Object Repo/Page_Form 3 EIS - Cessation as Employer/Submit' (Root cause: com.kms.katalon.core.webui.exception.WebElementNotFoundException: Web element with id: 'Object Repository/Final Object Repo/Page_Form 3 EIS - Cessation as Employer/Submit' located by 'By.xpath: //a[(text() = '
							SUBMIT
		            	' or . = '
							SUBMIT
		            	')]' not found)
[[ATTACHMENT|C:\\Users\\Admin\\Desktop\\PKS\\Perkeso Phase A\\Reports\\Workflow\\Form 3 EIS - Cessation as Employer\\20190103_102114\\1546496752277.png]]

2019-01-03 14:25:52 - [TEST_STEP][PASSED] - delay: Delayed 2 second(s)

2019-01-03 14:25:54 - [MESSAGE][PASSED] - Delayed 2 second(s)

2019-01-03 14:25:54 - [TEST_STEP][FAILED] - click: Unable to click on object 'Object Repository/Final Object Repo/Page_Form 3 EIS - Cessation as Employer/Confirm' (Root cause: com.kms.katalon.core.webui.exception.WebElementNotFoundException: Web element with id: 'Object Repository/Final Object Repo/Page_Form 3 EIS - Cessation as Employer/Confirm' located by 'By.xpath: //span[(text() = 'CONFIRM' or . = 'CONFIRM')]' not found)

2019-01-03 14:26:26 - [MESSAGE][FAILED] - Unable to click on object 'Object Repository/Final Object Repo/Page_Form 3 EIS - Cessation as Employer/Confirm' (Root cause: com.kms.katalon.core.webui.exception.WebElementNotFoundException: Web element with id: 'Object Repository/Final Object Repo/Page_Form 3 EIS - Cessation as Employer/Confirm' located by 'By.xpath: //span[(text() = 'CONFIRM' or . = 'CONFIRM')]' not found)
[[ATTACHMENT|C:\\Users\\Admin\\Desktop\\PKS\\Perkeso Phase A\\Reports\\Workflow\\Form 3 EIS - Cessation as Employer\\20190103_102114\\1546496786584.png]]

2019-01-03 14:26:26 - [TEST_STEP][PASSED] - delay: Delayed 2 second(s)

2019-01-03 14:26:28 - [MESSAGE][PASSED] - Delayed 2 second(s)

2019-01-03 14:26:28 - [TEST_STEP][FAILED] - click: Unable to click on object 'Object Repository/Final Object Repo/Page_Form 3 EIS - Cessation as Employer/Message Your Request will be routed to UO' (Root cause: com.kms.katalon.core.webui.exception.WebElementNotFoundException: Web element with id: 'Object Repository/Final Object Repo/Page_Form 3 EIS - Cessation as Employer/Message Your Request will be routed to UO' located by 'By.xpath: //div[(text() = '
			    			
			    			
			    			
			    			
			    				Your Request will be routed to 
			    				UO
			    			
			    			
			    			









































































' or . = '
			    			
			    			
			    			
			    			
			    				Your Request will be routed to 
			    				UO
			    			
			    			
			    			









































































')]' not found)

2019-01-03 14:27:02 - [MESSAGE][FAILED] - Unable to click on object 'Object Repository/Final Object Repo/Page_Form 3 EIS - Cessation as Employer/Message Your Request will be routed to UO' (Root cause: com.kms.katalon.core.webui.exception.WebElementNotFoundException: Web element with id: 'Object Repository/Final Object Repo/Page_Form 3 EIS - Cessation as Employer/Message Your Request will be routed to UO' located by 'By.xpath: //div[(text() = '
			    			
			    			
			    			
			    			
			    				Your Request will be routed to 
			    				UO
			    			
			    			
			    			









































































' or . = '
			    			
			    			
			    			
			    			
			    				Your Request will be routed to 
			    				UO
			    			
			    			
			    			









































































')]' not found)
[[ATTACHMENT|C:\\Users\\Admin\\Desktop\\PKS\\Perkeso Phase A\\Reports\\Workflow\\Form 3 EIS - Cessation as Employer\\20190103_102114\\1546496822424.png]]

2019-01-03 14:27:02 - [TEST_STEP][FAILED] - click: Unable to click on object 'Object Repository/Final Object Repo/Page_Form 3 EIS - Cessation as Employer/Letter of acknowledgement' (Root cause: com.kms.katalon.core.webui.exception.WebElementNotFoundException: Web element with id: 'Object Repository/Final Object Repo/Page_Form 3 EIS - Cessation as Employer/Letter of acknowledgement' located by 'By.xpath: //a[(text() = '
							 
							Letter of acknowledgement.pdf
						' or . = '
							 
							Letter of acknowledgement.pdf
						')]' not found)

2019-01-03 14:27:37 - [MESSAGE][FAILED] - Unable to click on object 'Object Repository/Final Object Repo/Page_Form 3 EIS - Cessation as Employer/Letter of acknowledgement' (Root cause: com.kms.katalon.core.webui.exception.WebElementNotFoundException: Web element with id: 'Object Repository/Final Object Repo/Page_Form 3 EIS - Cessation as Employer/Letter of acknowledgement' located by 'By.xpath: //a[(text() = '
							 
							Letter of acknowledgement.pdf
						' or . = '
							 
							Letter of acknowledgement.pdf
						')]' not found)
[[ATTACHMENT|C:\\Users\\Admin\\Desktop\\PKS\\Perkeso Phase A\\Reports\\Workflow\\Form 3 EIS - Cessation as Employer\\20190103_102114\\1546496857425.png]]

2019-01-03 14:27:37 - [MESSAGE][FAILED] - Unable to call Test Case with id 'Test Cases/Final Aug 2018 - PKS Automation/Registration Module/Workflow/Form 3 EIS - Cessation As Employer/Template/Form 3 A - Cessation As Employer (Employer)' (Root cause: Call Test Case 'Test Cases/Final Aug 2018 - PKS Automation/Registration Module/Workflow/Form 3 EIS - Cessation As Employer/Template/Form 3 A - Cessation As Employer (Employer)' failed)

2019-01-03 14:27:37 - [TEST_STEP][FAILED] - callTestCase: Unable to call Test Case with id 'Test Cases/Final Aug 2018 - PKS Automation/Registration Module/Workflow/Form 3 EIS - Cessation As Employer/Template/Form 3 A - Cessation As Employer (Reject)' (Root cause: Call Test Case 'Test Cases/Final Aug 2018 - PKS Automation/Registration Module/Workflow/Form 3 EIS - Cessation As Employer/Template/Form 3 A - Cessation As Employer (Reject)' failed)

2019-01-03 14:27:37 - [TEST_CASE][FAILED] - Test Cases/Final Aug 2018 - PKS Automation/Registration Module/Workflow/Form 3 EIS - Cessation As Employer/Template/Form 3 A - Cessation As Employer (Reject): Test Cases/Final Aug 2018 - PKS Automation/Registration Module/Workflow/Form 3 EIS - Cessation As Employer/Template/Form 3 A - Cessation As Employer (Reject) FAILED because (of) (Stack trace: com.kms.katalon.core.exception.StepFailedException: Unable to click on object 'Object Repository/Final Object Repo/WorkFlow Listing Page/Click Continue Tooltip' (Root cause: com.kms.katalon.core.webui.exception.WebElementNotFoundException: Web element with id: 'Object Repository/Final Object Repo/WorkFlow Listing Page/Click Continue Tooltip' located by 'By.xpath: //i[@aria-hidden = 'true' and @data-toggle = 'tooltip' and @data-original-title = 'Continue']' not found)
	at com.kms.katalon.core.keyword.internal.KeywordMain.stepFailed(KeywordMain.groovy:32)
	at com.kms.katalon.core.webui.keyword.internal.WebUIKeywordMain.stepFailed(WebUIKeywordMain.groovy:65)
	at com.kms.katalon.core.webui.keyword.internal.WebUIKeywordMain.runKeyword(WebUIKeywordMain.groovy:27)
	at com.kms.katalon.core.webui.keyword.builtin.ClickKeyword.click(ClickKeyword.groovy:86)
	at com.kms.katalon.core.webui.keyword.builtin.ClickKeyword.execute(ClickKeyword.groovy:67)
	at com.kms.katalon.core.keyword.internal.KeywordExecutor.executeKeywordForPlatform(KeywordExecutor.groovy:53)
	at com.kms.katalon.core.webui.keyword.WebUiBuiltInKeywords.click(WebUiBuiltInKeywords.groovy:616)
	at com.kms.katalon.core.webui.keyword.WebUiBuiltInKeywords$click$2.call(Unknown Source)
	at Script1534407542420.run(Script1534407542420.groovy:87)
	at com.kms.katalon.core.main.ScriptEngine.run(ScriptEngine.java:183)
	at com.kms.katalon.core.main.ScriptEngine.runScriptAsRawText(ScriptEngine.java:108)
	at com.kms.katalon.core.main.TestCaseExecutor.runScript(TestCaseExecutor.java:294)
	at com.kms.katalon.core.main.TestCaseExecutor.doExecute(TestCaseExecutor.java:285)
	at com.kms.katalon.core.main.TestCaseExecutor.processExecutionPhase(TestCaseExecutor.java:264)
	at com.kms.katalon.core.main.TestCaseExecutor.accessMainPhase(TestCaseExecutor.java:256)
	at com.kms.katalon.core.main.TestCaseExecutor.execute(TestCaseExecutor.java:200)
	at com.kms.katalon.core.main.TestCaseMain.runTestCase(TestCaseMain.java:99)
	at com.kms.katalon.core.keyword.builtin.CallTestCaseKeyword$_callTestCase_closure1.doCall(CallTestCaseKeyword.groovy:60)
	at com.kms.katalon.core.keyword.builtin.CallTestCaseKeyword$_callTestCase_closure1.call(CallTestCaseKeyword.groovy)
	at com.kms.katalon.core.keyword.internal.KeywordMain.runKeyword(KeywordMain.groovy:54)
	at com.kms.katalon.core.keyword.builtin.CallTestCaseKeyword.callTestCase(CallTestCaseKeyword.groovy:81)
	at com.kms.katalon.core.keyword.builtin.CallTestCaseKeyword.execute(CallTestCaseKeyword.groovy:45)
	at com.kms.katalon.core.keyword.internal.KeywordExecutor.executeKeywordForPlatform(KeywordExecutor.groovy:53)
	at com.kms.katalon.core.keyword.BuiltinKeywords.callTestCase(BuiltinKeywords.groovy:334)
	at sun.reflect.GeneratedMethodAccessor13.invoke(Unknown Source)
	at sun.reflect.DelegatingMethodAccessorImpl.invoke(DelegatingMethodAccessorImpl.java:43)
	at java.lang.reflect.Method.invoke(Method.java:498)
	at org.codehaus.groovy.reflection.CachedMethod.invoke(CachedMethod.java:93)
	at groovy.lang.MetaMethod.doMethodInvoke(MetaMethod.java:325)
	at groovy.lang.MetaClassImpl.invokeStaticMethod(MetaClassImpl.java:1469)
	at org.codehaus.groovy.runtime.callsite.StaticMetaClassSite.call(StaticMetaClassSite.java:53)
	at org.codehaus.groovy.runtime.callsite.CallSiteArray.defaultCall(CallSiteArray.java:48)
	at org.codehaus.groovy.runtime.callsite.AbstractCallSite.call(AbstractCallSite.java:113)
	at org.codehaus.groovy.runtime.callsite.AbstractCallSite.call(AbstractCallSite.java:141)
	at Script1536044453581.run(Script1536044453581.groovy:34)
	at com.kms.katalon.core.main.ScriptEngine.run(ScriptEngine.java:183)
	at com.kms.katalon.core.main.ScriptEngine.runScriptAsRawText(ScriptEngine.java:108)
	at com.kms.katalon.core.main.TestCaseExecutor.runScript(TestCaseExecutor.java:294)
	at com.kms.katalon.core.main.TestCaseExecutor.doExecute(TestCaseExecutor.java:285)
	at com.kms.katalon.core.main.TestCaseExecutor.processExecutionPhase(TestCaseExecutor.java:264)
	at com.kms.katalon.core.main.TestCaseExecutor.accessMainPhase(TestCaseExecutor.java:256)
	at com.kms.katalon.core.main.TestCaseExecutor.execute(TestCaseExecutor.java:200)
	at com.kms.katalon.core.main.TestCaseMain.runTestCase(TestCaseMain.java:99)
	at com.kms.katalon.core.keyword.builtin.CallTestCaseKeyword$_callTestCase_closure1.doCall(CallTestCaseKeyword.groovy:60)
	at com.kms.katalon.core.keyword.builtin.CallTestCaseKeyword$_callTestCase_closure1.call(CallTestCaseKeyword.groovy)
	at com.kms.katalon.core.keyword.internal.KeywordMain.runKeyword(KeywordMain.groovy:54)
	at com.kms.katalon.core.keyword.builtin.CallTestCaseKeyword.callTestCase(CallTestCaseKeyword.groovy:81)
	at com.kms.katalon.core.keyword.builtin.CallTestCaseKeyword.execute(CallTestCaseKeyword.groovy:45)
	at com.kms.katalon.core.keyword.internal.KeywordExecutor.executeKeywordForPlatform(KeywordExecutor.groovy:53)
	at com.kms.katalon.core.keyword.BuiltinKeywords.callTestCase(BuiltinKeywords.groovy:334)
	at sun.reflect.GeneratedMethodAccessor13.invoke(Unknown Source)
	at sun.reflect.DelegatingMethodAccessorImpl.invoke(DelegatingMethodAccessorImpl.java:43)
	at java.lang.reflect.Method.invoke(Method.java:498)
	at org.codehaus.groovy.reflection.CachedMethod.invoke(CachedMethod.java:93)
	at groovy.lang.MetaMethod.doMethodInvoke(MetaMethod.java:325)
	at groovy.lang.MetaClassImpl.invokeStaticMethod(MetaClassImpl.java:1469)
	at org.codehaus.groovy.runtime.callsite.StaticMetaClassSite.call(StaticMetaClassSite.java:53)
	at org.codehaus.groovy.runtime.callsite.CallSiteArray.defaultCall(CallSiteArray.java:48)
	at org.codehaus.groovy.runtime.callsite.AbstractCallSite.call(AbstractCallSite.java:113)
	at org.codehaus.groovy.runtime.callsite.AbstractCallSite.call(AbstractCallSite.java:141)
	at Script1543394410094.run(Script1543394410094.groovy:19)
	at com.kms.katalon.core.main.ScriptEngine.run(ScriptEngine.java:183)
	at com.kms.katalon.core.main.ScriptEngine.runScriptAsRawText(ScriptEngine.java:108)
	at com.kms.katalon.core.main.TestCaseExecutor.runScript(TestCaseExecutor.java:294)
	at com.kms.katalon.core.main.TestCaseExecutor.doExecute(TestCaseExecutor.java:285)
	at com.kms.katalon.core.main.TestCaseExecutor.processExecutionPhase(TestCaseExecutor.java:264)
	at com.kms.katalon.core.main.TestCaseExecutor.accessMainPhase(TestCaseExecutor.java:256)
	at com.kms.katalon.core.main.TestCaseExecutor.execute(TestCaseExecutor.java:200)
	at com.kms.katalon.core.main.TestSuiteExecutor.accessTestCaseMainPhase(TestSuiteExecutor.java:129)
	at com.kms.katalon.core.main.TestSuiteExecutor.accessTestSuiteMainPhase(TestSuiteExecutor.java:112)
	at com.kms.katalon.core.main.TestSuiteExecutor.execute(TestSuiteExecutor.java:81)
	at com.kms.katalon.core.main.TestCaseMain.startTestSuite(TestCaseMain.java:142)
	at com.kms.katalon.core.main.TestCaseMain$startTestSuite$0.call(Unknown Source)
	at org.codehaus.groovy.runtime.callsite.CallSiteArray.defaultCall(CallSiteArray.java:48)
	at org.codehaus.groovy.runtime.callsite.AbstractCallSite.call(AbstractCallSite.java:113)
	at org.codehaus.groovy.runtime.callsite.AbstractCallSite.call(AbstractCallSite.java:141)
	at TempTestSuite1546482074058.run(TempTestSuite1546482074058.groovy:36)
	at groovy.lang.GroovyShell.runScriptOrMainOrTestOrRunnable(GroovyShell.java:263)
	at groovy.lang.GroovyShell.run(GroovyShell.java:518)
	at groovy.lang.GroovyShell.run(GroovyShell.java:507)
	at groovy.ui.GroovyMain.processOnce(GroovyMain.java:653)
	at groovy.ui.GroovyMain.run(GroovyMain.java:384)
	at groovy.ui.GroovyMain.process(GroovyMain.java:370)
	at groovy.ui.GroovyMain.processArgs(GroovyMain.java:129)
	at groovy.ui.GroovyMain.main(GroovyMain.java:109)
	at sun.reflect.NativeMethodAccessorImpl.invoke0(Native Method)
	at sun.reflect.NativeMethodAccessorImpl.invoke(NativeMethodAccessorImpl.java:62)
	at sun.reflect.DelegatingMethodAccessorImpl.invoke(DelegatingMethodAccessorImpl.java:43)
	at java.lang.reflect.Method.invoke(Method.java:498)
	at org.codehaus.groovy.tools.GroovyStarter.rootLoader(GroovyStarter.java:109)
	at org.codehaus.groovy.tools.GroovyStarter.main(GroovyStarter.java:131)
)

2019-01-03 14:27:38 - [TEST_STEP][NOT_RUN] - callTestCase: NOT_RUN: callTestCase

2019-01-03 14:27:38 - [MESSAGE][NOT_RUN] - NOT_RUN: callTestCase

2019-01-03 14:27:38 - [TEST_STEP][PASSED] - delay: Delayed 1 second(s)

2019-01-03 14:27:39 - [MESSAGE][PASSED] - Delayed 1 second(s)

2019-01-03 14:27:39 - [TEST_STEP][PASSED] - navigateToUrl: Navigate to 'https://assist2-uat.perkeso.gov.my/c/portal/logout' successfully

2019-01-03 14:27:39 - [MESSAGE][PASSED] - Navigate to 'https://assist2-uat.perkeso.gov.my/c/portal/logout' successfully

2019-01-03 14:27:39 - [TEST_STEP][PASSED] - delay: Delayed 1 second(s)

2019-01-03 14:27:40 - [MESSAGE][PASSED] - Delayed 1 second(s)

2019-01-03 14:27:40 - [TEST_STEP][PASSED] - callTestCase: Call Test Case 'Test Cases/Final Aug 2018 - PKS Automation/Common/Reference Number Getter' successfully

2019-01-03 14:27:41 - [TEST_CASE][PASSED] - Test Cases/Final Aug 2018 - PKS Automation/Common/Reference Number Getter: Test Cases/Final Aug 2018 - PKS Automation/Common/Reference Number Getter

2019-01-03 14:27:41 - [TEST_STEP][PASSED] - Statement - Try: null

2019-01-03 14:27:41 - [TEST_STEP][PASSED] - Statement - RefNo = new java.io.File(C://Users//Admin//Desktop//PKS//Automation Reference Point//KatalonReference.txt): null

2019-01-03 14:27:41 - [TEST_STEP][PASSED] - Statement - bufferread = new java.io.BufferedReader(new java.io.FileReader(RefNo)): null

2019-01-03 14:27:41 - [TEST_STEP][PASSED] - Statement - readedVal = bufferread.readLine(): null

2019-01-03 14:27:41 - [TEST_STEP][PASSED] - Statement - out.println(CaseReferenceNo): null

2019-01-03 14:27:41 - [TEST_STEP][PASSED] - Statement - out.println(readedVal): null

2019-01-03 14:27:41 - [TEST_STEP][PASSED] - Statement - CaseReferenceNo = "": null

2019-01-03 14:27:41 - [TEST_STEP][PASSED] - Statement - CaseReferenceNo = readedVal: null

2019-01-03 14:27:41 - [MESSAGE][PASSED] - Call Test Case 'Test Cases/Final Aug 2018 - PKS Automation/Common/Reference Number Getter' successfully

2019-01-03 14:27:41 - [TEST_STEP][FAILED] - callTestCase: Unable to call Test Case with id 'Test Cases/Final Aug 2018 - PKS Automation/Common/Workflow Owner Finder' (Root cause: Call Test Case 'Test Cases/Final Aug 2018 - PKS Automation/Common/Workflow Owner Finder' failed)

2019-01-03 14:27:41 - [TEST_CASE][FAILED] - Test Cases/Final Aug 2018 - PKS Automation/Common/Workflow Owner Finder: Test Cases/Final Aug 2018 - PKS Automation/Common/Workflow Owner Finder FAILED because (of) (Stack trace: com.kms.katalon.core.exception.StepFailedException: Unable to click on object 'Object Repository/Final Object Repo/WorkFlow Listing Page/Click Continue Tooltip' (Root cause: com.kms.katalon.core.webui.exception.WebElementNotFoundException: Web element with id: 'Object Repository/Final Object Repo/WorkFlow Listing Page/Click Continue Tooltip' located by 'By.xpath: //i[@aria-hidden = 'true' and @data-toggle = 'tooltip' and @data-original-title = 'Continue']' not found)
	at com.kms.katalon.core.keyword.internal.KeywordMain.stepFailed(KeywordMain.groovy:32)
	at com.kms.katalon.core.webui.keyword.internal.WebUIKeywordMain.stepFailed(WebUIKeywordMain.groovy:65)
	at com.kms.katalon.core.webui.keyword.internal.WebUIKeywordMain.runKeyword(WebUIKeywordMain.groovy:27)
	at com.kms.katalon.core.webui.keyword.builtin.ClickKeyword.click(ClickKeyword.groovy:86)
	at com.kms.katalon.core.webui.keyword.builtin.ClickKeyword.execute(ClickKeyword.groovy:67)
	at com.kms.katalon.core.keyword.internal.KeywordExecutor.executeKeywordForPlatform(KeywordExecutor.groovy:53)
	at com.kms.katalon.core.webui.keyword.WebUiBuiltInKeywords.click(WebUiBuiltInKeywords.groovy:616)
	at com.kms.katalon.core.webui.keyword.WebUiBuiltInKeywords$click$2.call(Unknown Source)
	at Script1534407542420.run(Script1534407542420.groovy:87)
	at com.kms.katalon.core.main.ScriptEngine.run(ScriptEngine.java:183)
	at com.kms.katalon.core.main.ScriptEngine.runScriptAsRawText(ScriptEngine.java:108)
	at com.kms.katalon.core.main.TestCaseExecutor.runScript(TestCaseExecutor.java:294)
	at com.kms.katalon.core.main.TestCaseExecutor.doExecute(TestCaseExecutor.java:285)
	at com.kms.katalon.core.main.TestCaseExecutor.processExecutionPhase(TestCaseExecutor.java:264)
	at com.kms.katalon.core.main.TestCaseExecutor.accessMainPhase(TestCaseExecutor.java:256)
	at com.kms.katalon.core.main.TestCaseExecutor.execute(TestCaseExecutor.java:200)
	at com.kms.katalon.core.main.TestCaseMain.runTestCase(TestCaseMain.java:99)
	at com.kms.katalon.core.keyword.builtin.CallTestCaseKeyword$_callTestCase_closure1.doCall(CallTestCaseKeyword.groovy:60)
	at com.kms.katalon.core.keyword.builtin.CallTestCaseKeyword$_callTestCase_closure1.call(CallTestCaseKeyword.groovy)
	at com.kms.katalon.core.keyword.internal.KeywordMain.runKeyword(KeywordMain.groovy:54)
	at com.kms.katalon.core.keyword.builtin.CallTestCaseKeyword.callTestCase(CallTestCaseKeyword.groovy:81)
	at com.kms.katalon.core.keyword.builtin.CallTestCaseKeyword.execute(CallTestCaseKeyword.groovy:45)
	at com.kms.katalon.core.keyword.internal.KeywordExecutor.executeKeywordForPlatform(KeywordExecutor.groovy:53)
	at com.kms.katalon.core.keyword.BuiltinKeywords.callTestCase(BuiltinKeywords.groovy:334)
	at sun.reflect.GeneratedMethodAccessor13.invoke(Unknown Source)
	at sun.reflect.DelegatingMethodAccessorImpl.invoke(DelegatingMethodAccessorImpl.java:43)
	at java.lang.reflect.Method.invoke(Method.java:498)
	at org.codehaus.groovy.reflection.CachedMethod.invoke(CachedMethod.java:93)
	at groovy.lang.MetaMethod.doMethodInvoke(MetaMethod.java:325)
	at groovy.lang.MetaClassImpl.invokeStaticMethod(MetaClassImpl.java:1469)
	at org.codehaus.groovy.runtime.callsite.StaticMetaClassSite.call(StaticMetaClassSite.java:53)
	at org.codehaus.groovy.runtime.callsite.CallSiteArray.defaultCall(CallSiteArray.java:48)
	at org.codehaus.groovy.runtime.callsite.AbstractCallSite.call(AbstractCallSite.java:113)
	at org.codehaus.groovy.runtime.callsite.AbstractCallSite.call(AbstractCallSite.java:141)
	at Script1536044453581.run(Script1536044453581.groovy:34)
	at com.kms.katalon.core.main.ScriptEngine.run(ScriptEngine.java:183)
	at com.kms.katalon.core.main.ScriptEngine.runScriptAsRawText(ScriptEngine.java:108)
	at com.kms.katalon.core.main.TestCaseExecutor.runScript(TestCaseExecutor.java:294)
	at com.kms.katalon.core.main.TestCaseExecutor.doExecute(TestCaseExecutor.java:285)
	at com.kms.katalon.core.main.TestCaseExecutor.processExecutionPhase(TestCaseExecutor.java:264)
	at com.kms.katalon.core.main.TestCaseExecutor.accessMainPhase(TestCaseExecutor.java:256)
	at com.kms.katalon.core.main.TestCaseExecutor.execute(TestCaseExecutor.java:200)
	at com.kms.katalon.core.main.TestCaseMain.runTestCase(TestCaseMain.java:99)
	at com.kms.katalon.core.keyword.builtin.CallTestCaseKeyword$_callTestCase_closure1.doCall(CallTestCaseKeyword.groovy:60)
	at com.kms.katalon.core.keyword.builtin.CallTestCaseKeyword$_callTestCase_closure1.call(CallTestCaseKeyword.groovy)
	at com.kms.katalon.core.keyword.internal.KeywordMain.runKeyword(KeywordMain.groovy:54)
	at com.kms.katalon.core.keyword.builtin.CallTestCaseKeyword.callTestCase(CallTestCaseKeyword.groovy:81)
	at com.kms.katalon.core.keyword.builtin.CallTestCaseKeyword.execute(CallTestCaseKeyword.groovy:45)
	at com.kms.katalon.core.keyword.internal.KeywordExecutor.executeKeywordForPlatform(KeywordExecutor.groovy:53)
	at com.kms.katalon.core.keyword.BuiltinKeywords.callTestCase(BuiltinKeywords.groovy:334)
	at sun.reflect.GeneratedMethodAccessor13.invoke(Unknown Source)
	at sun.reflect.DelegatingMethodAccessorImpl.invoke(DelegatingMethodAccessorImpl.java:43)
	at java.lang.reflect.Method.invoke(Method.java:498)
	at org.codehaus.groovy.reflection.CachedMethod.invoke(CachedMethod.java:93)
	at groovy.lang.MetaMethod.doMethodInvoke(MetaMethod.java:325)
	at groovy.lang.MetaClassImpl.invokeStaticMethod(MetaClassImpl.java:1469)
	at org.codehaus.groovy.runtime.callsite.StaticMetaClassSite.call(StaticMetaClassSite.java:53)
	at org.codehaus.groovy.runtime.callsite.CallSiteArray.defaultCall(CallSiteArray.java:48)
	at org.codehaus.groovy.runtime.callsite.AbstractCallSite.call(AbstractCallSite.java:113)
	at org.codehaus.groovy.runtime.callsite.AbstractCallSite.call(AbstractCallSite.java:141)
	at Script1543394410094.run(Script1543394410094.groovy:19)
	at com.kms.katalon.core.main.ScriptEngine.run(ScriptEngine.java:183)
	at com.kms.katalon.core.main.ScriptEngine.runScriptAsRawText(ScriptEngine.java:108)
	at com.kms.katalon.core.main.TestCaseExecutor.runScript(TestCaseExecutor.java:294)
	at com.kms.katalon.core.main.TestCaseExecutor.doExecute(TestCaseExecutor.java:285)
	at com.kms.katalon.core.main.TestCaseExecutor.processExecutionPhase(TestCaseExecutor.java:264)
	at com.kms.katalon.core.main.TestCaseExecutor.accessMainPhase(TestCaseExecutor.java:256)
	at com.kms.katalon.core.main.TestCaseExecutor.execute(TestCaseExecutor.java:200)
	at com.kms.katalon.core.main.TestSuiteExecutor.accessTestCaseMainPhase(TestSuiteExecutor.java:129)
	at com.kms.katalon.core.main.TestSuiteExecutor.accessTestSuiteMainPhase(TestSuiteExecutor.java:112)
	at com.kms.katalon.core.main.TestSuiteExecutor.execute(TestSuiteExecutor.java:81)
	at com.kms.katalon.core.main.TestCaseMain.startTestSuite(TestCaseMain.java:142)
	at com.kms.katalon.core.main.TestCaseMain$startTestSuite$0.call(Unknown Source)
	at org.codehaus.groovy.runtime.callsite.CallSiteArray.defaultCall(CallSiteArray.java:48)
	at org.codehaus.groovy.runtime.callsite.AbstractCallSite.call(AbstractCallSite.java:113)
	at org.codehaus.groovy.runtime.callsite.AbstractCallSite.call(AbstractCallSite.java:141)
	at TempTestSuite1546482074058.run(TempTestSuite1546482074058.groovy:36)
	at groovy.lang.GroovyShell.runScriptOrMainOrTestOrRunnable(GroovyShell.java:263)
	at groovy.lang.GroovyShell.run(GroovyShell.java:518)
	at groovy.lang.GroovyShell.run(GroovyShell.java:507)
	at groovy.ui.GroovyMain.processOnce(GroovyMain.java:653)
	at groovy.ui.GroovyMain.run(GroovyMain.java:384)
	at groovy.ui.GroovyMain.process(GroovyMain.java:370)
	at groovy.ui.GroovyMain.processArgs(GroovyMain.java:129)
	at groovy.ui.GroovyMain.main(GroovyMain.java:109)
	at sun.reflect.NativeMethodAccessorImpl.invoke0(Native Method)
	at sun.reflect.NativeMethodAccessorImpl.invoke(NativeMethodAccessorImpl.java:62)
	at sun.reflect.DelegatingMethodAccessorImpl.invoke(DelegatingMethodAccessorImpl.java:43)
	at java.lang.reflect.Method.invoke(Method.java:498)
	at org.codehaus.groovy.tools.GroovyStarter.rootLoader(GroovyStarter.java:109)
	at org.codehaus.groovy.tools.GroovyStarter.main(GroovyStarter.java:131)
)

2019-01-03 14:27:41 - [TEST_STEP][PASSED] - openBrowser: Browser is opened with url: ''

2019-01-03 14:27:41 - [MESSAGE][WARNING] - A browser is already opened. Closing browser and opening a new one

2019-01-03 14:27:45 - [MESSAGE][PASSED] - Browser is opened with url: ''

2019-01-03 14:27:45 - [TEST_STEP][PASSED] - navigateToUrl: Navigate to 'https://assist2-uat.perkeso.gov.my/login' successfully

2019-01-03 14:27:46 - [MESSAGE][PASSED] - Navigate to 'https://assist2-uat.perkeso.gov.my/login' successfully

2019-01-03 14:27:46 - [TEST_STEP][PASSED] - delay: Delayed 5 second(s)

2019-01-03 14:27:51 - [MESSAGE][PASSED] - Delayed 5 second(s)

2019-01-03 14:27:51 - [TEST_STEP][PASSED] - setText: Text 'test@liferay.com' is set on object 'Object Repository/Final Object Repo/Login Page/Internal User/Email Address'

2019-01-03 14:27:51 - [MESSAGE][PASSED] - Text 'test@liferay.com' is set on object 'Object Repository/Final Object Repo/Login Page/Internal User/Email Address'

2019-01-03 14:27:51 - [TEST_STEP][PASSED] - click: Object: 'Object Repository/Final Object Repo/Login Page/Internal User/Next Button' is clicked on

2019-01-03 14:27:51 - [MESSAGE][PASSED] - Object: 'Object Repository/Final Object Repo/Login Page/Internal User/Next Button' is clicked on

2019-01-03 14:27:51 - [TEST_STEP][PASSED] - delay: Delayed 2 second(s)

2019-01-03 14:27:53 - [MESSAGE][PASSED] - Delayed 2 second(s)

2019-01-03 14:27:53 - [TEST_STEP][PASSED] - setText: Text 'test' is set on object 'Object Repository/Final Object Repo/Login Page/Internal User/Password'

2019-01-03 14:27:53 - [MESSAGE][PASSED] - Text 'test' is set on object 'Object Repository/Final Object Repo/Login Page/Internal User/Password'

2019-01-03 14:27:53 - [TEST_STEP][PASSED] - delay: Delayed 2 second(s)

2019-01-03 14:27:55 - [MESSAGE][PASSED] - Delayed 2 second(s)

2019-01-03 14:27:55 - [TEST_STEP][PASSED] - click: Object: 'Object Repository/Final Object Repo/Login Page/Internal User/Login Button' is clicked on

2019-01-03 14:27:55 - [MESSAGE][PASSED] - Object: 'Object Repository/Final Object Repo/Login Page/Internal User/Login Button' is clicked on

2019-01-03 14:27:55 - [TEST_STEP][PASSED] - Statement - tester = com.kms.katalon.core.testobject.ObjectRepository.findTestObject(Final Object Repo/Landing Page/Select to English): Finding Test Object with id 'Object Repository/Final Object Repo/Landing Page/Select to English'

2019-01-03 14:27:55 - [TEST_STEP][PASSED] - Statement - Try: Delayed 2 second(s)

2019-01-03 14:27:55 - [TEST_STEP][PASSED] - Statement - Checker = com.kms.katalon.core.webui.keyword.WebUiBuiltInKeywords.verifyElementNotPresent(tester, 3): Web element with id: 'Object Repository/Final Object Repo/Landing Page/Select to English' located by 'By.xpath: //a[@class = 'taglib-language-list-text' and @lang = 'en-US' and (contains(text(), 'EN') or contains(., 'EN'))]' is not present after '3' second(s)

2019-01-03 14:27:57 - [MESSAGE][PASSED] - Web element with id: 'Object Repository/Final Object Repo/Landing Page/Select to English' located by 'By.xpath: //a[@class = 'taglib-language-list-text' and @lang = 'en-US' and (contains(text(), 'EN') or contains(., 'EN'))]' is not present after '3' second(s)

2019-01-03 14:27:57 - [TEST_STEP][PASSED] - Statement - If (Checker == false): null

2019-01-03 14:27:57 - [TEST_STEP][PASSED] - delay: Delayed 2 second(s)

2019-01-03 14:27:59 - [MESSAGE][PASSED] - Delayed 2 second(s)

2019-01-03 14:27:59 - [TEST_STEP][PASSED] - delay: Delayed 5 second(s)

2019-01-03 14:28:04 - [MESSAGE][PASSED] - Delayed 5 second(s)

2019-01-03 14:28:04 - [TEST_STEP][PASSED] - mouseOver: Object: 'Object Repository/Final Object Repo/Landing Page/WorkFlow Menu' is hovered

2019-01-03 14:28:04 - [MESSAGE][PASSED] - Object: 'Object Repository/Final Object Repo/Landing Page/WorkFlow Menu' is hovered

2019-01-03 14:28:04 - [TEST_STEP][PASSED] - delay: Delayed 2 second(s)

2019-01-03 14:28:06 - [MESSAGE][PASSED] - Delayed 2 second(s)

2019-01-03 14:28:06 - [TEST_STEP][PASSED] - click: Object: 'Object Repository/Final Object Repo/Landing Page/Select to Workflow Listing' is clicked on

2019-01-03 14:28:08 - [MESSAGE][PASSED] - Object: 'Object Repository/Final Object Repo/Landing Page/Select to Workflow Listing' is clicked on

2019-01-03 14:28:08 - [TEST_STEP][PASSED] - delay: Delayed 2 second(s)

2019-01-03 14:28:10 - [MESSAGE][PASSED] - Delayed 2 second(s)

2019-01-03 14:28:10 - [TEST_STEP][PASSED] - click: Object: 'Object Repository/Final Object Repo/WorkFlow Listing Page/Search Information - To Put Ref No' is clicked on

2019-01-03 14:28:10 - [MESSAGE][PASSED] - Object: 'Object Repository/Final Object Repo/WorkFlow Listing Page/Search Information - To Put Ref No' is clicked on

2019-01-03 14:28:10 - [TEST_STEP][PASSED] - delay: Delayed 2 second(s)

2019-01-03 14:28:12 - [MESSAGE][PASSED] - Delayed 2 second(s)

2019-01-03 14:28:12 - [TEST_STEP][PASSED] - callTestCase: Call Test Case 'Test Cases/Final Aug 2018 - PKS Automation/Common/Reference Number Getter' successfully

2019-01-03 14:28:12 - [TEST_CASE][PASSED] - Test Cases/Final Aug 2018 - PKS Automation/Common/Reference Number Getter: Test Cases/Final Aug 2018 - PKS Automation/Common/Reference Number Getter

2019-01-03 14:28:12 - [TEST_STEP][PASSED] - Statement - Try: null

2019-01-03 14:28:12 - [TEST_STEP][PASSED] - Statement - RefNo = new java.io.File(C://Users//Admin//Desktop//PKS//Automation Reference Point//KatalonReference.txt): null

2019-01-03 14:28:12 - [TEST_STEP][PASSED] - Statement - bufferread = new java.io.BufferedReader(new java.io.FileReader(RefNo)): null

2019-01-03 14:28:12 - [TEST_STEP][PASSED] - Statement - readedVal = bufferread.readLine(): null

2019-01-03 14:28:12 - [TEST_STEP][PASSED] - Statement - out.println(CaseReferenceNo): null

2019-01-03 14:28:12 - [TEST_STEP][PASSED] - Statement - out.println(readedVal): null

2019-01-03 14:28:12 - [TEST_STEP][PASSED] - Statement - CaseReferenceNo = "": null

2019-01-03 14:28:12 - [TEST_STEP][PASSED] - Statement - CaseReferenceNo = readedVal: null

2019-01-03 14:28:12 - [MESSAGE][PASSED] - Call Test Case 'Test Cases/Final Aug 2018 - PKS Automation/Common/Reference Number Getter' successfully

2019-01-03 14:28:12 - [TEST_STEP][PASSED] - setText: Text 'ERN012019C200002577' is set on object 'Object Repository/Final Object Repo/WorkFlow Listing Page/Ref No Set Text'

2019-01-03 14:28:12 - [MESSAGE][PASSED] - Text 'ERN012019C200002577' is set on object 'Object Repository/Final Object Repo/WorkFlow Listing Page/Ref No Set Text'

2019-01-03 14:28:12 - [TEST_STEP][PASSED] - delay: Delayed 2 second(s)

2019-01-03 14:28:14 - [MESSAGE][PASSED] - Delayed 2 second(s)

2019-01-03 14:28:14 - [TEST_STEP][PASSED] - click: Object: 'Object Repository/Final Object Repo/WorkFlow Listing Page/Search Ref No Search Button' is clicked on

2019-01-03 14:28:15 - [MESSAGE][PASSED] - Object: 'Object Repository/Final Object Repo/WorkFlow Listing Page/Search Ref No Search Button' is clicked on

2019-01-03 14:28:15 - [TEST_STEP][PASSED] - delay: Delayed 6 second(s)

2019-01-03 14:28:21 - [MESSAGE][PASSED] - Delayed 6 second(s)

2019-01-03 14:28:21 - [TEST_STEP][FAILED] - click: Unable to click on object 'Object Repository/Final Object Repo/WorkFlow Listing Page/Click Continue Tooltip' (Root cause: com.kms.katalon.core.webui.exception.WebElementNotFoundException: Web element with id: 'Object Repository/Final Object Repo/WorkFlow Listing Page/Click Continue Tooltip' located by 'By.xpath: //i[@aria-hidden = 'true' and @data-toggle = 'tooltip' and @data-original-title = 'Continue']' not found)

2019-01-03 14:28:55 - [MESSAGE][FAILED] - Unable to click on object 'Object Repository/Final Object Repo/WorkFlow Listing Page/Click Continue Tooltip' (Root cause: com.kms.katalon.core.webui.exception.WebElementNotFoundException: Web element with id: 'Object Repository/Final Object Repo/WorkFlow Listing Page/Click Continue Tooltip' located by 'By.xpath: //i[@aria-hidden = 'true' and @data-toggle = 'tooltip' and @data-original-title = 'Continue']' not found)
[[ATTACHMENT|C:\\Users\\Admin\\Desktop\\PKS\\Perkeso Phase A\\Reports\\Workflow\\Form 3 EIS - Cessation as Employer\\20190103_102114\\1546496934924.png]]

2019-01-03 14:28:55 - [TEST_STEP][PASSED] - delay: Delayed 5 second(s)

2019-01-03 14:29:00 - [MESSAGE][PASSED] - Delayed 5 second(s)

2019-01-03 14:29:00 - [TEST_STEP][FAILED] - doubleClick: Unable to double click on object 'Object Repository/Final Object Repo/WorkFlow Listing Page/Workflow Found - Listing 1' (Root cause: com.kms.katalon.core.webui.exception.WebElementNotFoundException: Web element with id: 'Object Repository/Final Object Repo/WorkFlow Listing Page/Workflow Found - Listing 1' located by 'By.xpath: //body/div/div/div/div/div/div/div/div/div/div/div/div/div/div/div/div/table/tbody/tr/td[@class='table-cell  first']/following-sibling::td[1]' not found)

2019-01-03 14:29:31 - [MESSAGE][FAILED] - Unable to double click on object 'Object Repository/Final Object Repo/WorkFlow Listing Page/Workflow Found - Listing 1' (Root cause: com.kms.katalon.core.webui.exception.WebElementNotFoundException: Web element with id: 'Object Repository/Final Object Repo/WorkFlow Listing Page/Workflow Found - Listing 1' located by 'By.xpath: //body/div/div/div/div/div/div/div/div/div/div/div/div/div/div/div/div/table/tbody/tr/td[@class='table-cell  first']/following-sibling::td[1]' not found)
[[ATTACHMENT|C:\\Users\\Admin\\Desktop\\PKS\\Perkeso Phase A\\Reports\\Workflow\\Form 3 EIS - Cessation as Employer\\20190103_102114\\1546496971228.png]]

2019-01-03 14:29:31 - [MESSAGE][FAILED] - Unable to call Test Case with id 'Test Cases/Final Aug 2018 - PKS Automation/Common/Workflow Owner Finder' (Root cause: Call Test Case 'Test Cases/Final Aug 2018 - PKS Automation/Common/Workflow Owner Finder' failed)

2019-01-03 14:29:31 - [MESSAGE][FAILED] - Unable to call Test Case with id 'Test Cases/Final Aug 2018 - PKS Automation/Registration Module/Workflow/Form 3 EIS - Cessation As Employer/Template/Form 3 A - Cessation As Employer (Reject)' (Root cause: Call Test Case 'Test Cases/Final Aug 2018 - PKS Automation/Registration Module/Workflow/Form 3 EIS - Cessation As Employer/Template/Form 3 A - Cessation As Employer (Reject)' failed)]]></system-out>
         <system-err><![CDATA[2019-01-03 14:12:35 - [TEST_CASE][FAILED] - Test Cases/Final Aug 2018 - PKS Automation/Registration Module/Workflow/Form 3 EIS - Cessation As Employer/Employer to UO (Reject): Test Cases/Final Aug 2018 - PKS Automation/Registration Module/Workflow/Form 3 EIS - Cessation As Employer/Employer to UO (Reject) FAILED because (of) (Stack trace: com.kms.katalon.core.exception.StepFailedException: Unable to click on object 'Object Repository/Final Object Repo/Page_Form 3 EIS - Cessation as Employer/Set Latest - Yes' (Root cause: com.kms.katalon.core.webui.exception.WebElementNotFoundException: Web element with id: 'Object Repository/Final Object Repo/Page_Form 3 EIS - Cessation as Employer/Set Latest - Yes' located by 'By.xpath: //span[@id = 'confirmword' and (text() = 'Yes' or . = 'Yes')]' not found)
	at com.kms.katalon.core.keyword.internal.KeywordMain.stepFailed(KeywordMain.groovy:32)
	at com.kms.katalon.core.webui.keyword.internal.WebUIKeywordMain.stepFailed(WebUIKeywordMain.groovy:65)
	at com.kms.katalon.core.webui.keyword.internal.WebUIKeywordMain.runKeyword(WebUIKeywordMain.groovy:27)
	at com.kms.katalon.core.webui.keyword.builtin.ClickKeyword.click(ClickKeyword.groovy:86)
	at com.kms.katalon.core.webui.keyword.builtin.ClickKeyword.execute(ClickKeyword.groovy:67)
	at com.kms.katalon.core.keyword.internal.KeywordExecutor.executeKeywordForPlatform(KeywordExecutor.groovy:53)
	at com.kms.katalon.core.webui.keyword.WebUiBuiltInKeywords.click(WebUiBuiltInKeywords.groovy:616)
	at com.kms.katalon.core.webui.keyword.WebUiBuiltInKeywords$click$2.call(Unknown Source)
	at Script1536732166908.run(Script1536732166908.groovy:82)
	at com.kms.katalon.core.main.ScriptEngine.run(ScriptEngine.java:183)
	at com.kms.katalon.core.main.ScriptEngine.runScriptAsRawText(ScriptEngine.java:108)
	at com.kms.katalon.core.main.TestCaseExecutor.runScript(TestCaseExecutor.java:294)
	at com.kms.katalon.core.main.TestCaseExecutor.doExecute(TestCaseExecutor.java:285)
	at com.kms.katalon.core.main.TestCaseExecutor.processExecutionPhase(TestCaseExecutor.java:264)
	at com.kms.katalon.core.main.TestCaseExecutor.accessMainPhase(TestCaseExecutor.java:256)
	at com.kms.katalon.core.main.TestCaseExecutor.execute(TestCaseExecutor.java:200)
	at com.kms.katalon.core.main.TestCaseMain.runTestCase(TestCaseMain.java:99)
	at com.kms.katalon.core.keyword.builtin.CallTestCaseKeyword$_callTestCase_closure1.doCall(CallTestCaseKeyword.groovy:60)
	at com.kms.katalon.core.keyword.builtin.CallTestCaseKeyword$_callTestCase_closure1.call(CallTestCaseKeyword.groovy)
	at com.kms.katalon.core.keyword.internal.KeywordMain.runKeyword(KeywordMain.groovy:54)
	at com.kms.katalon.core.keyword.builtin.CallTestCaseKeyword.callTestCase(CallTestCaseKeyword.groovy:81)
	at com.kms.katalon.core.keyword.builtin.CallTestCaseKeyword.execute(CallTestCaseKeyword.groovy:45)
	at com.kms.katalon.core.keyword.internal.KeywordExecutor.executeKeywordForPlatform(KeywordExecutor.groovy:53)
	at com.kms.katalon.core.keyword.BuiltinKeywords.callTestCase(BuiltinKeywords.groovy:334)
	at sun.reflect.GeneratedMethodAccessor13.invoke(Unknown Source)
	at sun.reflect.DelegatingMethodAccessorImpl.invoke(DelegatingMethodAccessorImpl.java:43)
	at java.lang.reflect.Method.invoke(Method.java:498)
	at org.codehaus.groovy.reflection.CachedMethod.invoke(CachedMethod.java:93)
	at groovy.lang.MetaMethod.doMethodInvoke(MetaMethod.java:325)
	at groovy.lang.MetaClassImpl.invokeStaticMethod(MetaClassImpl.java:1469)
	at org.codehaus.groovy.runtime.callsite.StaticMetaClassSite.call(StaticMetaClassSite.java:53)
	at org.codehaus.groovy.runtime.callsite.CallSiteArray.defaultCall(CallSiteArray.java:48)
	at org.codehaus.groovy.runtime.callsite.AbstractCallSite.call(AbstractCallSite.java:113)
	at org.codehaus.groovy.runtime.callsite.AbstractCallSite.call(AbstractCallSite.java:141)
	at Script1543394410094.run(Script1543394410094.groovy:16)
	at com.kms.katalon.core.main.ScriptEngine.run(ScriptEngine.java:183)
	at com.kms.katalon.core.main.ScriptEngine.runScriptAsRawText(ScriptEngine.java:108)
	at com.kms.katalon.core.main.TestCaseExecutor.runScript(TestCaseExecutor.java:294)
	at com.kms.katalon.core.main.TestCaseExecutor.doExecute(TestCaseExecutor.java:285)
	at com.kms.katalon.core.main.TestCaseExecutor.processExecutionPhase(TestCaseExecutor.java:264)
	at com.kms.katalon.core.main.TestCaseExecutor.accessMainPhase(TestCaseExecutor.java:256)
	at com.kms.katalon.core.main.TestCaseExecutor.execute(TestCaseExecutor.java:200)
	at com.kms.katalon.core.main.TestSuiteExecutor.accessTestCaseMainPhase(TestSuiteExecutor.java:129)
	at com.kms.katalon.core.main.TestSuiteExecutor.accessTestSuiteMainPhase(TestSuiteExecutor.java:112)
	at com.kms.katalon.core.main.TestSuiteExecutor.execute(TestSuiteExecutor.java:81)
	at com.kms.katalon.core.main.TestCaseMain.startTestSuite(TestCaseMain.java:142)
	at com.kms.katalon.core.main.TestCaseMain$startTestSuite$0.call(Unknown Source)
	at org.codehaus.groovy.runtime.callsite.CallSiteArray.defaultCall(CallSiteArray.java:48)
	at org.codehaus.groovy.runtime.callsite.AbstractCallSite.call(AbstractCallSite.java:113)
	at org.codehaus.groovy.runtime.callsite.AbstractCallSite.call(AbstractCallSite.java:141)
	at TempTestSuite1546482074058.run(TempTestSuite1546482074058.groovy:36)
	at groovy.lang.GroovyShell.runScriptOrMainOrTestOrRunnable(GroovyShell.java:263)
	at groovy.lang.GroovyShell.run(GroovyShell.java:518)
	at groovy.lang.GroovyShell.run(GroovyShell.java:507)
	at groovy.ui.GroovyMain.processOnce(GroovyMain.java:653)
	at groovy.ui.GroovyMain.run(GroovyMain.java:384)
	at groovy.ui.GroovyMain.process(GroovyMain.java:370)
	at groovy.ui.GroovyMain.processArgs(GroovyMain.java:129)
	at groovy.ui.GroovyMain.main(GroovyMain.java:109)
	at sun.reflect.NativeMethodAccessorImpl.invoke0(Native Method)
	at sun.reflect.NativeMethodAccessorImpl.invoke(NativeMethodAccessorImpl.java:62)
	at sun.reflect.DelegatingMethodAccessorImpl.invoke(DelegatingMethodAccessorImpl.java:43)
	at java.lang.reflect.Method.invoke(Method.java:498)
	at org.codehaus.groovy.tools.GroovyStarter.rootLoader(GroovyStarter.java:109)
	at org.codehaus.groovy.tools.GroovyStarter.main(GroovyStarter.java:131)
)]]></system-err>
      </testcase>
      <testcase name="Test Cases/Final Aug 2018 - PKS Automation/Registration Module/Workflow/Form 3 EIS - Cessation As Employer/Employer to UO (Under enforcement)" classname="Test Cases/Final Aug 2018 - PKS Automation/Registration Module/Workflow/Form 3 EIS - Cessation As Employer/Employer to UO (Under enforcement)" status="PASSED">
         <system-out><![CDATA[2019-01-03 14:29:31 - [TEST_CASE][PASSED] - Test Cases/Final Aug 2018 - PKS Automation/Registration Module/Workflow/Form 3 EIS - Cessation As Employer/Employer to UO (Under enforcement): Test Cases/Final Aug 2018 - PKS Automation/Registration Module/Workflow/Form 3 EIS - Cessation As Employer/Employer to UO (Under enforcement)

2019-01-03 14:29:31 - [TEST_STEP][PASSED] - callTestCase: Call Test Case 'Test Cases/Final Aug 2018 - PKS Automation/Registration Module/Workflow/Form 3 EIS - Cessation As Employer/Template/Form 3 A - Cessation As Employer (OTC)' successfully

2019-01-03 14:29:31 - [TEST_CASE][PASSED] - Test Cases/Final Aug 2018 - PKS Automation/Registration Module/Workflow/Form 3 EIS - Cessation As Employer/Template/Form 3 A - Cessation As Employer (OTC): Test Cases/Final Aug 2018 - PKS Automation/Registration Module/Workflow/Form 3 EIS - Cessation As Employer/Template/Form 3 A - Cessation As Employer (OTC)

2019-01-03 14:29:31 - [TEST_STEP][PASSED] - openBrowser: Browser is opened with url: ''

2019-01-03 14:29:31 - [MESSAGE][WARNING] - A browser is already opened. Closing browser and opening a new one

2019-01-03 14:29:36 - [MESSAGE][PASSED] - Browser is opened with url: ''

2019-01-03 14:29:36 - [TEST_STEP][PASSED] - navigateToUrl: Navigate to 'https://assist2-uat.perkeso.gov.my/login' successfully

2019-01-03 14:29:37 - [MESSAGE][PASSED] - Navigate to 'https://assist2-uat.perkeso.gov.my/login' successfully

2019-01-03 14:29:37 - [TEST_STEP][PASSED] - setText: Text 'johorotc1@gmail.com' is set on object 'Object Repository/Final Object Repo/Login Page/Internal User/Email Address'

2019-01-03 14:29:37 - [MESSAGE][PASSED] - Text 'johorotc1@gmail.com' is set on object 'Object Repository/Final Object Repo/Login Page/Internal User/Email Address'

2019-01-03 14:29:37 - [TEST_STEP][PASSED] - click: Object: 'Object Repository/Final Object Repo/Login Page/Internal User/Next Button' is clicked on

2019-01-03 14:29:37 - [MESSAGE][PASSED] - Object: 'Object Repository/Final Object Repo/Login Page/Internal User/Next Button' is clicked on

2019-01-03 14:29:37 - [TEST_STEP][PASSED] - delay: Delayed 1 second(s)

2019-01-03 14:29:38 - [MESSAGE][PASSED] - Delayed 1 second(s)

2019-01-03 14:29:38 - [TEST_STEP][PASSED] - setEncryptedText: Text ****** has been set on object 'Object Repository/Final Object Repo/Login Page/Internal User/Password'

2019-01-03 14:29:38 - [MESSAGE][PASSED] - Text ****** has been set on object 'Object Repository/Final Object Repo/Login Page/Internal User/Password'

2019-01-03 14:29:38 - [TEST_STEP][PASSED] - click: Object: 'Object Repository/Final Object Repo/Login Page/Internal User/Login Button' is clicked on

2019-01-03 14:29:39 - [MESSAGE][PASSED] - Object: 'Object Repository/Final Object Repo/Login Page/Internal User/Login Button' is clicked on

2019-01-03 14:29:39 - [TEST_STEP][PASSED] - delay: Delayed 1 second(s)

2019-01-03 14:29:40 - [MESSAGE][PASSED] - Delayed 1 second(s)

2019-01-03 14:29:40 - [TEST_STEP][PASSED] - Statement - Try: Delayed 2 second(s)

2019-01-03 14:29:40 - [TEST_STEP][PASSED] - Statement - Checker = false: null

2019-01-03 14:29:40 - [TEST_STEP][PASSED] - Statement - Checker = com.kms.katalon.core.webui.keyword.WebUiBuiltInKeywords.verifyElementHasAttribute(com.kms.katalon.core.testobject.ObjectRepository.findTestObject(Final Object Repo/Landing Page/BM Detecting), "href", 20, OPTIONAL): Object 'Object Repository/Final Object Repo/Landing Page/BM Detecting' has attribute 'href'

2019-01-03 14:29:41 - [MESSAGE][PASSED] - Object 'Object Repository/Final Object Repo/Landing Page/BM Detecting' has attribute 'href'

2019-01-03 14:29:41 - [TEST_STEP][PASSED] - Statement - out.println(Checker): null

2019-01-03 14:29:41 - [TEST_STEP][PASSED] - Statement - If (Checker == false): null

2019-01-03 14:29:41 - [TEST_STEP][PASSED] - Statement - Else: null

2019-01-03 14:29:41 - [TEST_STEP][PASSED] - delay: Delayed 2 second(s)

2019-01-03 14:29:43 - [MESSAGE][PASSED] - Delayed 2 second(s)

2019-01-03 14:29:43 - [TEST_STEP][PASSED] - navigateToUrl: Navigate to 'https://assist2-uat.perkeso.gov.my/web/registration/eis-update/form-3-eis-cessation-as-employer' successfully

2019-01-03 14:29:43 - [MESSAGE][PASSED] - Navigate to 'https://assist2-uat.perkeso.gov.my/web/registration/eis-update/form-3-eis-cessation-as-employer' successfully

2019-01-03 14:29:43 - [TEST_STEP][PASSED] - delay: Delayed 1 second(s)

2019-01-03 14:29:44 - [MESSAGE][PASSED] - Delayed 1 second(s)

2019-01-03 14:29:44 - [TEST_STEP][PASSED] - setText: Text 'E1102069769W' is set on object 'Object Repository/Final Object Repo/Page_Form 3 EIS - Cessation as Employer/Employer Code'

2019-01-03 14:29:45 - [MESSAGE][PASSED] - Text 'E1102069769W' is set on object 'Object Repository/Final Object Repo/Page_Form 3 EIS - Cessation as Employer/Employer Code'

2019-01-03 14:29:45 - [TEST_STEP][PASSED] - click: Object: 'Object Repository/Final Object Repo/Page_Form 3 EIS - Cessation as Employer/Search' is clicked on

2019-01-03 14:29:45 - [MESSAGE][PASSED] - Object: 'Object Repository/Final Object Repo/Page_Form 3 EIS - Cessation as Employer/Search' is clicked on

2019-01-03 14:29:45 - [TEST_STEP][PASSED] - click: Object: 'Object Repository/Final Object Repo/Page_Form 3 EIS - Cessation as Employer/Edit' is clicked on

2019-01-03 14:29:48 - [MESSAGE][PASSED] - Object: 'Object Repository/Final Object Repo/Page_Form 3 EIS - Cessation as Employer/Edit' is clicked on

2019-01-03 14:29:48 - [TEST_STEP][PASSED] - delay: Delayed 1 second(s)

2019-01-03 14:29:49 - [MESSAGE][PASSED] - Delayed 1 second(s)

2019-01-03 14:29:49 - [TEST_STEP][PASSED] - Statement - abc = com.kms.katalon.core.webui.keyword.WebUiBuiltInKeywords.getAttribute(com.kms.katalon.core.testobject.ObjectRepository.findTestObject(Final Object Repo/Page_Form 3 EIS - Cessation as Employer/Employer Status), "value"): Attribute 'value' of object 'Object Repository/Final Object Repo/Page_Form 3 EIS - Cessation as Employer/Employer Status' is: 'Active'

2019-01-03 14:29:49 - [MESSAGE][PASSED] - Attribute 'value' of object 'Object Repository/Final Object Repo/Page_Form 3 EIS - Cessation as Employer/Employer Status' is: 'Active'

2019-01-03 14:29:49 - [TEST_STEP][PASSED] - Statement - out.println(abc): null

2019-01-03 14:29:49 - [TEST_STEP][PASSED] - Statement - If (abc == "Active"): Object: 'Object Repository/Final Object Repo/Page_Form 3 EIS - Cessation as Employer/Dormant EIS' is clicked on

2019-01-03 14:29:49 - [TEST_STEP][PASSED] - click: Object: 'Object Repository/Final Object Repo/Page_Form 3 EIS - Cessation as Employer/Change Employer Status to' is clicked on

2019-01-03 14:29:49 - [MESSAGE][PASSED] - Object: 'Object Repository/Final Object Repo/Page_Form 3 EIS - Cessation as Employer/Change Employer Status to' is clicked on

2019-01-03 14:29:49 - [TEST_STEP][PASSED] - click: Object: 'Object Repository/Final Object Repo/Page_Form 3 EIS - Cessation as Employer/Dormant EIS' is clicked on

2019-01-03 14:29:49 - [MESSAGE][PASSED] - Object: 'Object Repository/Final Object Repo/Page_Form 3 EIS - Cessation as Employer/Dormant EIS' is clicked on

2019-01-03 14:29:49 - [TEST_STEP][PASSED] - click: Object: 'Object Repository/Final Object Repo/Page_Form 3 EIS - Cessation as Employer/Calender' is clicked on

2019-01-03 14:29:49 - [MESSAGE][PASSED] - Object: 'Object Repository/Final Object Repo/Page_Form 3 EIS - Cessation as Employer/Calender' is clicked on

2019-01-03 14:29:49 - [TEST_STEP][PASSED] - delay: Delayed 1 second(s)

2019-01-03 14:29:50 - [MESSAGE][PASSED] - Delayed 1 second(s)

2019-01-03 14:29:50 - [TEST_STEP][PASSED] - click: Object: 'Object Repository/Final Object Repo/Page_Form 3 EIS - Cessation as Employer/Calender - Date' is clicked on

2019-01-03 14:29:50 - [MESSAGE][PASSED] - Object: 'Object Repository/Final Object Repo/Page_Form 3 EIS - Cessation as Employer/Calender - Date' is clicked on

2019-01-03 14:29:50 - [TEST_STEP][PASSED] - click: Object: 'Object Repository/Final Object Repo/Page_Form 3 EIS - Cessation as Employer/Save  Continue in Form 3 EIS Page' is clicked on

2019-01-03 14:29:51 - [MESSAGE][PASSED] - Object: 'Object Repository/Final Object Repo/Page_Form 3 EIS - Cessation as Employer/Save  Continue in Form 3 EIS Page' is clicked on

2019-01-03 14:29:51 - [TEST_STEP][PASSED] - delay: Delayed 1 second(s)

2019-01-03 14:29:52 - [MESSAGE][PASSED] - Delayed 1 second(s)

2019-01-03 14:29:52 - [TEST_STEP][PASSED] - click: Object: 'Object Repository/Final Object Repo/Page_Form 3 EIS - Cessation as Employer/Employment Resign Date' is clicked on

2019-01-03 14:29:52 - [MESSAGE][PASSED] - Object: 'Object Repository/Final Object Repo/Page_Form 3 EIS - Cessation as Employer/Employment Resign Date' is clicked on

2019-01-03 14:29:52 - [TEST_STEP][PASSED] - selectOptionByValue: All options with value '2030' are selected in object 'Object Repository/Final Object Repo/Page_Form 3 EIS - Cessation as Employer/Employment Resign Date - Year' 

2019-01-03 14:29:52 - [MESSAGE][PASSED] - All options with value '2030' are selected in object 'Object Repository/Final Object Repo/Page_Form 3 EIS - Cessation as Employer/Employment Resign Date - Year' 

2019-01-03 14:29:52 - [TEST_STEP][PASSED] - delay: Delayed 2 second(s)

2019-01-03 14:29:54 - [MESSAGE][PASSED] - Delayed 2 second(s)

2019-01-03 14:29:54 - [TEST_STEP][PASSED] - click: Object: 'Object Repository/Final Object Repo/Page_Form 3 EIS - Cessation as Employer/Employment Resign Date - Year - Date' is clicked on

2019-01-03 14:29:54 - [MESSAGE][PASSED] - Object: 'Object Repository/Final Object Repo/Page_Form 3 EIS - Cessation as Employer/Employment Resign Date - Year - Date' is clicked on

2019-01-03 14:29:54 - [TEST_STEP][PASSED] - delay: Delayed 2 second(s)

2019-01-03 14:29:56 - [MESSAGE][PASSED] - Delayed 2 second(s)

2019-01-03 14:29:56 - [TEST_STEP][PASSED] - click: Object: 'Object Repository/Final Object Repo/Page_Form 3 EIS - Cessation as Employer/Save  Continue in Employment Resign Page' is clicked on

2019-01-03 14:29:57 - [MESSAGE][PASSED] - Object: 'Object Repository/Final Object Repo/Page_Form 3 EIS - Cessation as Employer/Save  Continue in Employment Resign Page' is clicked on

2019-01-03 14:29:57 - [TEST_STEP][PASSED] - delay: Delayed 2 second(s)

2019-01-03 14:29:59 - [MESSAGE][PASSED] - Delayed 2 second(s)

2019-01-03 14:29:59 - [TEST_STEP][PASSED] - click: Object: 'Object Repository/Final Object Repo/Page_Form 3 EIS - Cessation as Employer/Set Latest - Yes' is clicked on

2019-01-03 14:29:59 - [MESSAGE][PASSED] - Object: 'Object Repository/Final Object Repo/Page_Form 3 EIS - Cessation as Employer/Set Latest - Yes' is clicked on

2019-01-03 14:29:59 - [TEST_STEP][PASSED] - delay: Delayed 2 second(s)

2019-01-03 14:30:01 - [MESSAGE][PASSED] - Delayed 2 second(s)

2019-01-03 14:30:01 - [TEST_STEP][PASSED] - click: Object: 'Object Repository/Final Object Repo/Page_Form 3 EIS - Cessation as Employer/Add Document' is clicked on

2019-01-03 14:30:02 - [MESSAGE][PASSED] - Object: 'Object Repository/Final Object Repo/Page_Form 3 EIS - Cessation as Employer/Add Document' is clicked on

2019-01-03 14:30:02 - [TEST_STEP][PASSED] - delay: Delayed 3 second(s)

2019-01-03 14:30:05 - [MESSAGE][PASSED] - Delayed 3 second(s)

2019-01-03 14:30:05 - [TEST_STEP][PASSED] - click: Object: 'Object Repository/Final Object Repo/Page_Form 3 EIS - Cessation as Employer/Document Type' is clicked on

2019-01-03 14:30:05 - [MESSAGE][PASSED] - Object: 'Object Repository/Final Object Repo/Page_Form 3 EIS - Cessation as Employer/Document Type' is clicked on

2019-01-03 14:30:05 - [TEST_STEP][PASSED] - click: Object: 'Object Repository/Final Object Repo/Page_Form 3 EIS - Cessation as Employer/Document Type - Form 3' is clicked on

2019-01-03 14:30:06 - [MESSAGE][PASSED] - Object: 'Object Repository/Final Object Repo/Page_Form 3 EIS - Cessation as Employer/Document Type - Form 3' is clicked on

2019-01-03 14:30:06 - [TEST_STEP][PASSED] - delay: Delayed 2 second(s)

2019-01-03 14:30:08 - [MESSAGE][PASSED] - Delayed 2 second(s)

2019-01-03 14:30:08 - [TEST_STEP][PASSED] - sendKeys: Keys 'C:\Users\Public\Pictures\Sample Pictures\Koala.jpg' sent to object: 'Object Repository/Final Object Repo/Page_Form 3 EIS - Cessation as Employer/ploading File'

2019-01-03 14:30:08 - [MESSAGE][PASSED] - Keys 'C:\Users\Public\Pictures\Sample Pictures\Koala.jpg' sent to object: 'Object Repository/Final Object Repo/Page_Form 3 EIS - Cessation as Employer/ploading File'

2019-01-03 14:30:08 - [TEST_STEP][PASSED] - delay: Delayed 1 second(s)

2019-01-03 14:30:09 - [MESSAGE][PASSED] - Delayed 1 second(s)

2019-01-03 14:30:09 - [TEST_STEP][PASSED] - click: Object: 'Object Repository/Final Object Repo/Page_Form 3 EIS - Cessation as Employer/Add Document in Uploading Page' is clicked on

2019-01-03 14:30:09 - [MESSAGE][PASSED] - Object: 'Object Repository/Final Object Repo/Page_Form 3 EIS - Cessation as Employer/Add Document in Uploading Page' is clicked on

2019-01-03 14:30:09 - [TEST_STEP][PASSED] - delay: Delayed 2 second(s)

2019-01-03 14:30:11 - [MESSAGE][PASSED] - Delayed 2 second(s)

2019-01-03 14:30:11 - [TEST_STEP][PASSED] - Statement - CaseReferenceNo = com.kms.katalon.core.webui.keyword.WebUiBuiltInKeywords.getText(com.kms.katalon.core.testobject.ObjectRepository.findTestObject(Final Object Repo/Page_Update Employer Information/Reference Number in Update Employee Information Page)): Text of object 'Object Repository/Final Object Repo/Page_Update Employer Information/Reference Number in Update Employee Information Page' is: 'ERN012019C200002578'

2019-01-03 14:30:13 - [MESSAGE][PASSED] - Text of object 'Object Repository/Final Object Repo/Page_Update Employer Information/Reference Number in Update Employee Information Page' is: 'ERN012019C200002578'

2019-01-03 14:30:13 - [TEST_STEP][PASSED] - callTestCase: Call Test Case 'Test Cases/Final Aug 2018 - PKS Automation/Common/Reference Number Setter' successfully

2019-01-03 14:30:13 - [TEST_CASE][PASSED] - Test Cases/Final Aug 2018 - PKS Automation/Common/Reference Number Setter: Test Cases/Final Aug 2018 - PKS Automation/Common/Reference Number Setter

2019-01-03 14:30:13 - [TEST_STEP][PASSED] - Statement - RefNoOldFile = new java.io.File(C://Users//Admin//Desktop//PKS//Automation Reference Point//KatalonReference.txt): null

2019-01-03 14:30:13 - [TEST_STEP][PASSED] - Statement - RefNoOldFile.delete(): null

2019-01-03 14:30:13 - [TEST_STEP][PASSED] - delay: Delayed 5 second(s)

2019-01-03 14:30:18 - [MESSAGE][PASSED] - Delayed 5 second(s)

2019-01-03 14:30:18 - [TEST_STEP][PASSED] - Statement - RefNo = new java.io.File(C://Users//Admin//Desktop//PKS//Automation Reference Point//KatalonReference.txt): null

2019-01-03 14:30:18 - [TEST_STEP][PASSED] - Statement - f2 = new java.io.FileWriter(RefNo, false): null

2019-01-03 14:30:18 - [TEST_STEP][PASSED] - Statement - f2.write(CaseReferenceNo): null

2019-01-03 14:30:18 - [TEST_STEP][PASSED] - Statement - f2.close(): null

2019-01-03 14:30:18 - [TEST_STEP][PASSED] - Statement - out.println("


" + CaseReferenceNo + "


"): null

2019-01-03 14:30:18 - [MESSAGE][PASSED] - Call Test Case 'Test Cases/Final Aug 2018 - PKS Automation/Common/Reference Number Setter' successfully

2019-01-03 14:30:18 - [TEST_STEP][PASSED] - delay: Delayed 2 second(s)

2019-01-03 14:30:20 - [MESSAGE][PASSED] - Delayed 2 second(s)

2019-01-03 14:30:20 - [TEST_STEP][PASSED] - click: Object: 'Object Repository/Final Object Repo/Page_Form 3 EIS - Cessation as Employer/Save  Continue in Uploading Page' is clicked on

2019-01-03 14:30:20 - [MESSAGE][PASSED] - Object: 'Object Repository/Final Object Repo/Page_Form 3 EIS - Cessation as Employer/Save  Continue in Uploading Page' is clicked on

2019-01-03 14:30:20 - [TEST_STEP][PASSED] - delay: Delayed 2 second(s)

2019-01-03 14:30:22 - [MESSAGE][PASSED] - Delayed 2 second(s)

2019-01-03 14:30:22 - [TEST_STEP][PASSED] - click: Object: 'Object Repository/Final Object Repo/Page_Form 3 EIS - Cessation as Employer/Submit' is clicked on

2019-01-03 14:30:26 - [MESSAGE][PASSED] - Object: 'Object Repository/Final Object Repo/Page_Form 3 EIS - Cessation as Employer/Submit' is clicked on

2019-01-03 14:30:26 - [TEST_STEP][PASSED] - delay: Delayed 2 second(s)

2019-01-03 14:30:28 - [MESSAGE][PASSED] - Delayed 2 second(s)

2019-01-03 14:30:28 - [TEST_STEP][PASSED] - click: Object: 'Object Repository/Final Object Repo/Page_Form 3 EIS - Cessation as Employer/Confirm' is clicked on

2019-01-03 14:30:28 - [MESSAGE][PASSED] - Object: 'Object Repository/Final Object Repo/Page_Form 3 EIS - Cessation as Employer/Confirm' is clicked on

2019-01-03 14:30:28 - [TEST_STEP][PASSED] - delay: Delayed 2 second(s)

2019-01-03 14:30:30 - [MESSAGE][PASSED] - Delayed 2 second(s)

2019-01-03 14:30:30 - [TEST_STEP][PASSED] - click: Object: 'Object Repository/Final Object Repo/Page_Form 3 EIS - Cessation as Employer/Message Your Request will be routed to UO' is clicked on

2019-01-03 14:30:33 - [MESSAGE][PASSED] - Object: 'Object Repository/Final Object Repo/Page_Form 3 EIS - Cessation as Employer/Message Your Request will be routed to UO' is clicked on

2019-01-03 14:30:33 - [TEST_STEP][PASSED] - click: Object: 'Object Repository/Final Object Repo/Page_Form 3 EIS - Cessation as Employer/Letter of acknowledgement' is clicked on

2019-01-03 14:30:34 - [MESSAGE][PASSED] - Object: 'Object Repository/Final Object Repo/Page_Form 3 EIS - Cessation as Employer/Letter of acknowledgement' is clicked on

2019-01-03 14:30:34 - [MESSAGE][PASSED] - Call Test Case 'Test Cases/Final Aug 2018 - PKS Automation/Registration Module/Workflow/Form 3 EIS - Cessation As Employer/Template/Form 3 A - Cessation As Employer (OTC)' successfully

2019-01-03 14:30:34 - [TEST_STEP][PASSED] - callTestCase: Call Test Case 'Test Cases/Final Aug 2018 - PKS Automation/Registration Module/Workflow/Form 3 EIS - Cessation As Employer/Template/Form 3 A - Cessation As Employer (Under enforcement)' successfully

2019-01-03 14:30:34 - [TEST_CASE][PASSED] - Test Cases/Final Aug 2018 - PKS Automation/Registration Module/Workflow/Form 3 EIS - Cessation As Employer/Template/Form 3 A - Cessation As Employer (Under enforcement): Test Cases/Final Aug 2018 - PKS Automation/Registration Module/Workflow/Form 3 EIS - Cessation As Employer/Template/Form 3 A - Cessation As Employer (Under enforcement)

2019-01-03 14:30:34 - [TEST_STEP][NOT_RUN] - callTestCase: NOT_RUN: callTestCase

2019-01-03 14:30:34 - [MESSAGE][NOT_RUN] - NOT_RUN: callTestCase

2019-01-03 14:30:34 - [TEST_STEP][PASSED] - delay: Delayed 1 second(s)

2019-01-03 14:30:35 - [MESSAGE][PASSED] - Delayed 1 second(s)

2019-01-03 14:30:35 - [TEST_STEP][PASSED] - navigateToUrl: Navigate to 'https://assist2-uat.perkeso.gov.my/c/portal/logout' successfully

2019-01-03 14:30:36 - [MESSAGE][PASSED] - Navigate to 'https://assist2-uat.perkeso.gov.my/c/portal/logout' successfully

2019-01-03 14:30:36 - [TEST_STEP][PASSED] - delay: Delayed 1 second(s)

2019-01-03 14:30:37 - [MESSAGE][PASSED] - Delayed 1 second(s)

2019-01-03 14:30:37 - [TEST_STEP][PASSED] - callTestCase: Call Test Case 'Test Cases/Final Aug 2018 - PKS Automation/Common/Reference Number Getter' successfully

2019-01-03 14:30:37 - [TEST_CASE][PASSED] - Test Cases/Final Aug 2018 - PKS Automation/Common/Reference Number Getter: Test Cases/Final Aug 2018 - PKS Automation/Common/Reference Number Getter

2019-01-03 14:30:37 - [TEST_STEP][PASSED] - Statement - Try: null

2019-01-03 14:30:37 - [TEST_STEP][PASSED] - Statement - RefNo = new java.io.File(C://Users//Admin//Desktop//PKS//Automation Reference Point//KatalonReference.txt): null

2019-01-03 14:30:37 - [TEST_STEP][PASSED] - Statement - bufferread = new java.io.BufferedReader(new java.io.FileReader(RefNo)): null

2019-01-03 14:30:37 - [TEST_STEP][PASSED] - Statement - readedVal = bufferread.readLine(): null

2019-01-03 14:30:37 - [TEST_STEP][PASSED] - Statement - out.println(CaseReferenceNo): null

2019-01-03 14:30:37 - [TEST_STEP][PASSED] - Statement - out.println(readedVal): null

2019-01-03 14:30:37 - [TEST_STEP][PASSED] - Statement - CaseReferenceNo = "": null

2019-01-03 14:30:37 - [TEST_STEP][PASSED] - Statement - CaseReferenceNo = readedVal: null

2019-01-03 14:30:37 - [MESSAGE][PASSED] - Call Test Case 'Test Cases/Final Aug 2018 - PKS Automation/Common/Reference Number Getter' successfully

2019-01-03 14:30:37 - [TEST_STEP][PASSED] - callTestCase: Call Test Case 'Test Cases/Final Aug 2018 - PKS Automation/Common/Workflow Owner Finder' successfully

2019-01-03 14:30:37 - [TEST_CASE][PASSED] - Test Cases/Final Aug 2018 - PKS Automation/Common/Workflow Owner Finder: Test Cases/Final Aug 2018 - PKS Automation/Common/Workflow Owner Finder

2019-01-03 14:30:37 - [TEST_STEP][PASSED] - openBrowser: Browser is opened with url: ''

2019-01-03 14:30:37 - [MESSAGE][WARNING] - A browser is already opened. Closing browser and opening a new one

2019-01-03 14:30:42 - [MESSAGE][PASSED] - Browser is opened with url: ''

2019-01-03 14:30:42 - [TEST_STEP][PASSED] - navigateToUrl: Navigate to 'https://assist2-uat.perkeso.gov.my/login' successfully

2019-01-03 14:30:43 - [MESSAGE][PASSED] - Navigate to 'https://assist2-uat.perkeso.gov.my/login' successfully

2019-01-03 14:30:43 - [TEST_STEP][PASSED] - delay: Delayed 5 second(s)

2019-01-03 14:30:48 - [MESSAGE][PASSED] - Delayed 5 second(s)

2019-01-03 14:30:48 - [TEST_STEP][PASSED] - setText: Text 'test@liferay.com' is set on object 'Object Repository/Final Object Repo/Login Page/Internal User/Email Address'

2019-01-03 14:30:48 - [MESSAGE][PASSED] - Text 'test@liferay.com' is set on object 'Object Repository/Final Object Repo/Login Page/Internal User/Email Address'

2019-01-03 14:30:48 - [TEST_STEP][PASSED] - click: Object: 'Object Repository/Final Object Repo/Login Page/Internal User/Next Button' is clicked on

2019-01-03 14:30:48 - [MESSAGE][PASSED] - Object: 'Object Repository/Final Object Repo/Login Page/Internal User/Next Button' is clicked on

2019-01-03 14:30:48 - [TEST_STEP][PASSED] - delay: Delayed 2 second(s)

2019-01-03 14:30:50 - [MESSAGE][PASSED] - Delayed 2 second(s)

2019-01-03 14:30:50 - [TEST_STEP][PASSED] - setText: Text 'test' is set on object 'Object Repository/Final Object Repo/Login Page/Internal User/Password'

2019-01-03 14:30:50 - [MESSAGE][PASSED] - Text 'test' is set on object 'Object Repository/Final Object Repo/Login Page/Internal User/Password'

2019-01-03 14:30:50 - [TEST_STEP][PASSED] - delay: Delayed 2 second(s)

2019-01-03 14:30:52 - [MESSAGE][PASSED] - Delayed 2 second(s)

2019-01-03 14:30:52 - [TEST_STEP][PASSED] - click: Object: 'Object Repository/Final Object Repo/Login Page/Internal User/Login Button' is clicked on

2019-01-03 14:30:52 - [MESSAGE][PASSED] - Object: 'Object Repository/Final Object Repo/Login Page/Internal User/Login Button' is clicked on

2019-01-03 14:30:52 - [TEST_STEP][PASSED] - Statement - tester = com.kms.katalon.core.testobject.ObjectRepository.findTestObject(Final Object Repo/Landing Page/Select to English): Finding Test Object with id 'Object Repository/Final Object Repo/Landing Page/Select to English'

2019-01-03 14:30:52 - [TEST_STEP][PASSED] - Statement - Try: Delayed 2 second(s)

2019-01-03 14:30:52 - [TEST_STEP][PASSED] - Statement - Checker = com.kms.katalon.core.webui.keyword.WebUiBuiltInKeywords.verifyElementNotPresent(tester, 3): Web element with id: 'Object Repository/Final Object Repo/Landing Page/Select to English' located by 'By.xpath: //a[@class = 'taglib-language-list-text' and @lang = 'en-US' and (contains(text(), 'EN') or contains(., 'EN'))]' is not present after '3' second(s)

2019-01-03 14:30:54 - [MESSAGE][PASSED] - Web element with id: 'Object Repository/Final Object Repo/Landing Page/Select to English' located by 'By.xpath: //a[@class = 'taglib-language-list-text' and @lang = 'en-US' and (contains(text(), 'EN') or contains(., 'EN'))]' is not present after '3' second(s)

2019-01-03 14:30:54 - [TEST_STEP][PASSED] - Statement - If (Checker == false): null

2019-01-03 14:30:54 - [TEST_STEP][PASSED] - delay: Delayed 2 second(s)

2019-01-03 14:30:56 - [MESSAGE][PASSED] - Delayed 2 second(s)

2019-01-03 14:30:56 - [TEST_STEP][PASSED] - delay: Delayed 5 second(s)

2019-01-03 14:31:01 - [MESSAGE][PASSED] - Delayed 5 second(s)

2019-01-03 14:31:01 - [TEST_STEP][PASSED] - mouseOver: Object: 'Object Repository/Final Object Repo/Landing Page/WorkFlow Menu' is hovered

2019-01-03 14:31:01 - [MESSAGE][PASSED] - Object: 'Object Repository/Final Object Repo/Landing Page/WorkFlow Menu' is hovered

2019-01-03 14:31:01 - [TEST_STEP][PASSED] - delay: Delayed 2 second(s)

2019-01-03 14:31:03 - [MESSAGE][PASSED] - Delayed 2 second(s)

2019-01-03 14:31:03 - [TEST_STEP][PASSED] - click: Object: 'Object Repository/Final Object Repo/Landing Page/Select to Workflow Listing' is clicked on

2019-01-03 14:31:05 - [MESSAGE][PASSED] - Object: 'Object Repository/Final Object Repo/Landing Page/Select to Workflow Listing' is clicked on

2019-01-03 14:31:05 - [TEST_STEP][PASSED] - delay: Delayed 2 second(s)

2019-01-03 14:31:07 - [MESSAGE][PASSED] - Delayed 2 second(s)

2019-01-03 14:31:07 - [TEST_STEP][PASSED] - click: Object: 'Object Repository/Final Object Repo/WorkFlow Listing Page/Search Information - To Put Ref No' is clicked on

2019-01-03 14:31:07 - [MESSAGE][PASSED] - Object: 'Object Repository/Final Object Repo/WorkFlow Listing Page/Search Information - To Put Ref No' is clicked on

2019-01-03 14:31:07 - [TEST_STEP][PASSED] - delay: Delayed 2 second(s)

2019-01-03 14:31:09 - [MESSAGE][PASSED] - Delayed 2 second(s)

2019-01-03 14:31:09 - [TEST_STEP][PASSED] - callTestCase: Call Test Case 'Test Cases/Final Aug 2018 - PKS Automation/Common/Reference Number Getter' successfully

2019-01-03 14:31:09 - [TEST_CASE][PASSED] - Test Cases/Final Aug 2018 - PKS Automation/Common/Reference Number Getter: Test Cases/Final Aug 2018 - PKS Automation/Common/Reference Number Getter

2019-01-03 14:31:09 - [TEST_STEP][PASSED] - Statement - Try: null

2019-01-03 14:31:09 - [TEST_STEP][PASSED] - Statement - RefNo = new java.io.File(C://Users//Admin//Desktop//PKS//Automation Reference Point//KatalonReference.txt): null

2019-01-03 14:31:09 - [TEST_STEP][PASSED] - Statement - bufferread = new java.io.BufferedReader(new java.io.FileReader(RefNo)): null

2019-01-03 14:31:09 - [TEST_STEP][PASSED] - Statement - readedVal = bufferread.readLine(): null

2019-01-03 14:31:09 - [TEST_STEP][PASSED] - Statement - out.println(CaseReferenceNo): null

2019-01-03 14:31:09 - [TEST_STEP][PASSED] - Statement - out.println(readedVal): null

2019-01-03 14:31:09 - [TEST_STEP][PASSED] - Statement - CaseReferenceNo = "": null

2019-01-03 14:31:09 - [TEST_STEP][PASSED] - Statement - CaseReferenceNo = readedVal: null

2019-01-03 14:31:09 - [MESSAGE][PASSED] - Call Test Case 'Test Cases/Final Aug 2018 - PKS Automation/Common/Reference Number Getter' successfully

2019-01-03 14:31:09 - [TEST_STEP][PASSED] - setText: Text 'ERN012019C200002578' is set on object 'Object Repository/Final Object Repo/WorkFlow Listing Page/Ref No Set Text'

2019-01-03 14:31:09 - [MESSAGE][PASSED] - Text 'ERN012019C200002578' is set on object 'Object Repository/Final Object Repo/WorkFlow Listing Page/Ref No Set Text'

2019-01-03 14:31:09 - [TEST_STEP][PASSED] - delay: Delayed 2 second(s)

2019-01-03 14:31:11 - [MESSAGE][PASSED] - Delayed 2 second(s)

2019-01-03 14:31:11 - [TEST_STEP][PASSED] - click: Object: 'Object Repository/Final Object Repo/WorkFlow Listing Page/Search Ref No Search Button' is clicked on

2019-01-03 14:31:11 - [MESSAGE][PASSED] - Object: 'Object Repository/Final Object Repo/WorkFlow Listing Page/Search Ref No Search Button' is clicked on

2019-01-03 14:31:11 - [TEST_STEP][PASSED] - delay: Delayed 6 second(s)

2019-01-03 14:31:17 - [MESSAGE][PASSED] - Delayed 6 second(s)

2019-01-03 14:31:17 - [TEST_STEP][PASSED] - click: Object: 'Object Repository/Final Object Repo/WorkFlow Listing Page/Click Continue Tooltip' is clicked on

2019-01-03 14:31:18 - [MESSAGE][PASSED] - Object: 'Object Repository/Final Object Repo/WorkFlow Listing Page/Click Continue Tooltip' is clicked on

2019-01-03 14:31:18 - [TEST_STEP][PASSED] - delay: Delayed 5 second(s)

2019-01-03 14:31:23 - [MESSAGE][PASSED] - Delayed 5 second(s)

2019-01-03 14:31:23 - [TEST_STEP][PASSED] - doubleClick: Object: 'Object Repository/Final Object Repo/WorkFlow Listing Page/Workflow Found - Listing 1' is double clicked on

2019-01-03 14:31:24 - [MESSAGE][PASSED] - Object: 'Object Repository/Final Object Repo/WorkFlow Listing Page/Workflow Found - Listing 1' is double clicked on

2019-01-03 14:31:24 - [TEST_STEP][PASSED] - Statement - println(OwnerID): null

2019-01-03 14:31:24 - [TEST_STEP][PASSED] - Statement - OwnerID = com.kms.katalon.core.webui.keyword.WebUiBuiltInKeywords.getText(com.kms.katalon.core.testobject.ObjectRepository.findTestObject(Final Object Repo/WorkFlow Listing Page/Workflow Found - Listing 1), STOP_ON_FAILURE): Text of object 'Object Repository/Final Object Repo/WorkFlow Listing Page/Workflow Found - Listing 1' is: 'JOHORuo2'

2019-01-03 14:31:24 - [MESSAGE][PASSED] - Text of object 'Object Repository/Final Object Repo/WorkFlow Listing Page/Workflow Found - Listing 1' is: 'JOHORuo2'

2019-01-03 14:31:24 - [TEST_STEP][PASSED] - Statement - OwnerID = OwnerID.toLowerCase() + "@gmail.com": null

2019-01-03 14:31:24 - [TEST_STEP][PASSED] - Statement - println(OwnerID): null

2019-01-03 14:31:24 - [TEST_STEP][PASSED] - delay: Delayed 2 second(s)

2019-01-03 14:31:26 - [MESSAGE][PASSED] - Delayed 2 second(s)

2019-01-03 14:31:26 - [MESSAGE][PASSED] - Call Test Case 'Test Cases/Final Aug 2018 - PKS Automation/Common/Workflow Owner Finder' successfully

2019-01-03 14:31:26 - [TEST_STEP][PASSED] - delay: Delayed 1 second(s)

2019-01-03 14:31:27 - [MESSAGE][PASSED] - Delayed 1 second(s)

2019-01-03 14:31:27 - [TEST_STEP][PASSED] - navigateToUrl: Navigate to 'https://assist2-uat.perkeso.gov.my/c/portal/logout' successfully

2019-01-03 14:31:27 - [MESSAGE][PASSED] - Navigate to 'https://assist2-uat.perkeso.gov.my/c/portal/logout' successfully

2019-01-03 14:31:27 - [TEST_STEP][PASSED] - delay: Delayed 1 second(s)

2019-01-03 14:31:28 - [MESSAGE][PASSED] - Delayed 1 second(s)

2019-01-03 14:31:28 - [TEST_STEP][PASSED] - callTestCase: Call Test Case 'Test Cases/Final Aug 2018 - PKS Automation/Registration Module/Workflow/Login and Search Case For Workflow' successfully

2019-01-03 14:31:28 - [TEST_CASE][PASSED] - Test Cases/Final Aug 2018 - PKS Automation/Registration Module/Workflow/Login and Search Case For Workflow: Test Cases/Final Aug 2018 - PKS Automation/Registration Module/Workflow/Login and Search Case For Workflow

2019-01-03 14:31:28 - [TEST_STEP][PASSED] - navigateToUrl: Navigate to 'https://assist2-uat.perkeso.gov.my/login' successfully

2019-01-03 14:31:29 - [MESSAGE][PASSED] - Navigate to 'https://assist2-uat.perkeso.gov.my/login' successfully

2019-01-03 14:31:29 - [TEST_STEP][PASSED] - setText: Text 'johoruo2@gmail.com' is set on object 'Object Repository/Final Object Repo/Login Page/Internal User/Email Address'

2019-01-03 14:31:29 - [MESSAGE][PASSED] - Text 'johoruo2@gmail.com' is set on object 'Object Repository/Final Object Repo/Login Page/Internal User/Email Address'

2019-01-03 14:31:29 - [TEST_STEP][PASSED] - click: Object: 'Object Repository/Final Object Repo/Login Page/Internal User/Next Button' is clicked on

2019-01-03 14:31:29 - [MESSAGE][PASSED] - Object: 'Object Repository/Final Object Repo/Login Page/Internal User/Next Button' is clicked on

2019-01-03 14:31:29 - [TEST_STEP][PASSED] - delay: Delayed 1 second(s)

2019-01-03 14:31:30 - [MESSAGE][PASSED] - Delayed 1 second(s)

2019-01-03 14:31:30 - [TEST_STEP][PASSED] - setEncryptedText: Text ****** has been set on object 'Object Repository/Final Object Repo/Login Page/Internal User/Password'

2019-01-03 14:31:31 - [MESSAGE][PASSED] - Text ****** has been set on object 'Object Repository/Final Object Repo/Login Page/Internal User/Password'

2019-01-03 14:31:31 - [TEST_STEP][PASSED] - click: Object: 'Object Repository/Final Object Repo/Login Page/Internal User/Login Button' is clicked on

2019-01-03 14:31:31 - [MESSAGE][PASSED] - Object: 'Object Repository/Final Object Repo/Login Page/Internal User/Login Button' is clicked on

2019-01-03 14:31:31 - [TEST_STEP][PASSED] - delay: Delayed 2 second(s)

2019-01-03 14:31:33 - [MESSAGE][PASSED] - Delayed 2 second(s)

2019-01-03 14:31:33 - [TEST_STEP][PASSED] - Statement - Try: Delayed 2 second(s)

2019-01-03 14:31:33 - [TEST_STEP][PASSED] - Statement - Checker = false: null

2019-01-03 14:31:33 - [TEST_STEP][PASSED] - Statement - Checker = com.kms.katalon.core.webui.keyword.WebUiBuiltInKeywords.verifyElementHasAttribute(com.kms.katalon.core.testobject.ObjectRepository.findTestObject(Final Object Repo/Landing Page/BM Detecting), "href", 20, OPTIONAL): Object 'Object Repository/Final Object Repo/Landing Page/BM Detecting' has attribute 'href'

2019-01-03 14:31:33 - [MESSAGE][PASSED] - Object 'Object Repository/Final Object Repo/Landing Page/BM Detecting' has attribute 'href'

2019-01-03 14:31:33 - [TEST_STEP][PASSED] - Statement - out.println(Checker): null

2019-01-03 14:31:33 - [TEST_STEP][PASSED] - Statement - If (Checker == false): null

2019-01-03 14:31:33 - [TEST_STEP][PASSED] - Statement - Else: null

2019-01-03 14:31:33 - [TEST_STEP][PASSED] - delay: Delayed 2 second(s)

2019-01-03 14:31:35 - [MESSAGE][PASSED] - Delayed 2 second(s)

2019-01-03 14:31:35 - [TEST_STEP][PASSED] - click: Object: 'Object Repository/Final Object Repo/Page_MyASSIST - ASSIST - Search Pending Case For Add Supporting Document/Search Information' is clicked on

2019-01-03 14:31:35 - [MESSAGE][PASSED] - Object: 'Object Repository/Final Object Repo/Page_MyASSIST - ASSIST - Search Pending Case For Add Supporting Document/Search Information' is clicked on

2019-01-03 14:31:35 - [TEST_STEP][PASSED] - delay: Delayed 3 second(s)

2019-01-03 14:31:38 - [MESSAGE][PASSED] - Delayed 3 second(s)

2019-01-03 14:31:38 - [TEST_STEP][PASSED] - sendKeys: Keys 'ERN012019C200002578' sent to object: 'Object Repository/Final Object Repo/Page_MyASSIST - ASSIST - Search Pending Case For Add Supporting Document/Reference No'

2019-01-03 14:31:38 - [MESSAGE][PASSED] - Keys 'ERN012019C200002578' sent to object: 'Object Repository/Final Object Repo/Page_MyASSIST - ASSIST - Search Pending Case For Add Supporting Document/Reference No'

2019-01-03 14:31:38 - [TEST_STEP][PASSED] - click: Object: 'Object Repository/Final Object Repo/Page_MyASSIST - ASSIST - Search Pending Case For Add Supporting Document/Search Reference No' is clicked on

2019-01-03 14:31:38 - [MESSAGE][PASSED] - Object: 'Object Repository/Final Object Repo/Page_MyASSIST - ASSIST - Search Pending Case For Add Supporting Document/Search Reference No' is clicked on

2019-01-03 14:31:38 - [TEST_STEP][PASSED] - delay: Delayed 2 second(s)

2019-01-03 14:31:40 - [MESSAGE][PASSED] - Delayed 2 second(s)

2019-01-03 14:31:40 - [TEST_STEP][PASSED] - click: Object: 'Object Repository/Final Object Repo/Page_MyASSIST - ASSIST - Search Pending Case For Add Supporting Document/Continue' is clicked on

2019-01-03 14:31:44 - [MESSAGE][PASSED] - Object: 'Object Repository/Final Object Repo/Page_MyASSIST - ASSIST - Search Pending Case For Add Supporting Document/Continue' is clicked on

2019-01-03 14:31:44 - [TEST_STEP][PASSED] - delay: Delayed 20 second(s)

2019-01-03 14:32:04 - [MESSAGE][PASSED] - Delayed 20 second(s)

2019-01-03 14:32:04 - [MESSAGE][PASSED] - Call Test Case 'Test Cases/Final Aug 2018 - PKS Automation/Registration Module/Workflow/Login and Search Case For Workflow' successfully

2019-01-03 14:32:04 - [TEST_STEP][PASSED] - click: Object: 'Object Repository/Final Object Repo/Page_Form 3 EIS - Cessation as Employer/Page_Form 3 EIS - Cessation as Employer (Approve)/Save  Continue in Form 3 Page' is clicked on

2019-01-03 14:32:04 - [MESSAGE][PASSED] - Object: 'Object Repository/Final Object Repo/Page_Form 3 EIS - Cessation as Employer/Page_Form 3 EIS - Cessation as Employer (Approve)/Save  Continue in Form 3 Page' is clicked on

2019-01-03 14:32:04 - [TEST_STEP][PASSED] - delay: Delayed 2 second(s)

2019-01-03 14:32:06 - [MESSAGE][PASSED] - Delayed 2 second(s)

2019-01-03 14:32:06 - [TEST_STEP][PASSED] - click: Object: 'Object Repository/Final Object Repo/Page_Form 3 EIS - Cessation as Employer/Page_Form 3 EIS - Cessation as Employer (Approve)/Save  Continue in Resigned Page' is clicked on

2019-01-03 14:32:06 - [MESSAGE][PASSED] - Object: 'Object Repository/Final Object Repo/Page_Form 3 EIS - Cessation as Employer/Page_Form 3 EIS - Cessation as Employer (Approve)/Save  Continue in Resigned Page' is clicked on

2019-01-03 14:32:06 - [TEST_STEP][PASSED] - delay: Delayed 2 second(s)

2019-01-03 14:32:08 - [MESSAGE][PASSED] - Delayed 2 second(s)

2019-01-03 14:32:08 - [TEST_STEP][PASSED] - click: Object: 'Object Repository/Final Object Repo/Page_Form 3 EIS - Cessation as Employer/Page_Form 3 EIS - Cessation as Employer (Approve)/Save  Continue in Uploading Page' is clicked on

2019-01-03 14:32:10 - [MESSAGE][PASSED] - Object: 'Object Repository/Final Object Repo/Page_Form 3 EIS - Cessation as Employer/Page_Form 3 EIS - Cessation as Employer (Approve)/Save  Continue in Uploading Page' is clicked on

2019-01-03 14:32:10 - [TEST_STEP][PASSED] - delay: Delayed 2 second(s)

2019-01-03 14:32:12 - [MESSAGE][PASSED] - Delayed 2 second(s)

2019-01-03 14:32:12 - [TEST_STEP][PASSED] - click: Object: 'Object Repository/Final Object Repo/Page_Form 3 EIS - Cessation as Employer/Page_Form 3 EIS - Cessation as Employer (Under enforcement)/Underenforcement' is clicked on

2019-01-03 14:32:15 - [MESSAGE][PASSED] - Object: 'Object Repository/Final Object Repo/Page_Form 3 EIS - Cessation as Employer/Page_Form 3 EIS - Cessation as Employer (Under enforcement)/Underenforcement' is clicked on

2019-01-03 14:32:15 - [TEST_STEP][PASSED] - delay: Delayed 2 second(s)

2019-01-03 14:32:17 - [MESSAGE][PASSED] - Delayed 2 second(s)

2019-01-03 14:32:17 - [TEST_STEP][PASSED] - setText: Text 'Remark' is set on object 'Object Repository/Final Object Repo/Page_Form 3 EIS - Cessation as Employer/Page_Form 3 EIS - Cessation as Employer (Under enforcement)/Under enforcement - Remark'

2019-01-03 14:32:17 - [MESSAGE][PASSED] - Text 'Remark' is set on object 'Object Repository/Final Object Repo/Page_Form 3 EIS - Cessation as Employer/Page_Form 3 EIS - Cessation as Employer (Under enforcement)/Under enforcement - Remark'

2019-01-03 14:32:17 - [TEST_STEP][PASSED] - delay: Delayed 2 second(s)

2019-01-03 14:32:19 - [MESSAGE][PASSED] - Delayed 2 second(s)

2019-01-03 14:32:19 - [TEST_STEP][PASSED] - click: Object: 'Object Repository/Final Object Repo/Page_Form 3 EIS - Cessation as Employer/Page_Form 3 EIS - Cessation as Employer (Under enforcement)/Save  Continue in Under enforcement' is clicked on

2019-01-03 14:32:19 - [MESSAGE][PASSED] - Object: 'Object Repository/Final Object Repo/Page_Form 3 EIS - Cessation as Employer/Page_Form 3 EIS - Cessation as Employer (Under enforcement)/Save  Continue in Under enforcement' is clicked on

2019-01-03 14:32:19 - [TEST_STEP][PASSED] - doubleClick: Object: 'Object Repository/Final Object Repo/Page_Form 3 EIS - Cessation as Employer/Page_Form 3 EIS - Cessation as Employer (Under enforcement)/Message The case is under enforcement' is double clicked on

2019-01-03 14:32:23 - [MESSAGE][PASSED] - Object: 'Object Repository/Final Object Repo/Page_Form 3 EIS - Cessation as Employer/Page_Form 3 EIS - Cessation as Employer (Under enforcement)/Message The case is under enforcement' is double clicked on

2019-01-03 14:32:23 - [MESSAGE][PASSED] - Call Test Case 'Test Cases/Final Aug 2018 - PKS Automation/Registration Module/Workflow/Form 3 EIS - Cessation As Employer/Template/Form 3 A - Cessation As Employer (Under enforcement)' successfully]]></system-out>
         <system-err><![CDATA[]]></system-err>
      </testcase>
      <testcase name="Test Cases/Final Aug 2018 - PKS Automation/Registration Module/Workflow/Form 3 EIS - Cessation As Employer/OTC to UO (Approve)" classname="Test Cases/Final Aug 2018 - PKS Automation/Registration Module/Workflow/Form 3 EIS - Cessation As Employer/OTC to UO (Approve)" status="PASSED">
         <system-out><![CDATA[2019-01-03 14:32:23 - [TEST_CASE][PASSED] - Test Cases/Final Aug 2018 - PKS Automation/Registration Module/Workflow/Form 3 EIS - Cessation As Employer/OTC to UO (Approve): Test Cases/Final Aug 2018 - PKS Automation/Registration Module/Workflow/Form 3 EIS - Cessation As Employer/OTC to UO (Approve)

2019-01-03 14:32:24 - [TEST_STEP][PASSED] - callTestCase: Call Test Case 'Test Cases/Final Aug 2018 - PKS Automation/Registration Module/Workflow/Form 3 EIS - Cessation As Employer/Template/Form 3 A - Cessation As Employer (OTC)' successfully

2019-01-03 14:32:24 - [TEST_CASE][PASSED] - Test Cases/Final Aug 2018 - PKS Automation/Registration Module/Workflow/Form 3 EIS - Cessation As Employer/Template/Form 3 A - Cessation As Employer (OTC): Test Cases/Final Aug 2018 - PKS Automation/Registration Module/Workflow/Form 3 EIS - Cessation As Employer/Template/Form 3 A - Cessation As Employer (OTC)

2019-01-03 14:32:24 - [TEST_STEP][PASSED] - openBrowser: Browser is opened with url: ''

2019-01-03 14:32:24 - [MESSAGE][WARNING] - A browser is already opened. Closing browser and opening a new one

2019-01-03 14:32:27 - [MESSAGE][PASSED] - Browser is opened with url: ''

2019-01-03 14:32:27 - [TEST_STEP][PASSED] - navigateToUrl: Navigate to 'https://assist2-uat.perkeso.gov.my/login' successfully

2019-01-03 14:32:28 - [MESSAGE][PASSED] - Navigate to 'https://assist2-uat.perkeso.gov.my/login' successfully

2019-01-03 14:32:28 - [TEST_STEP][PASSED] - setText: Text 'johorotc1@gmail.com' is set on object 'Object Repository/Final Object Repo/Login Page/Internal User/Email Address'

2019-01-03 14:32:29 - [MESSAGE][PASSED] - Text 'johorotc1@gmail.com' is set on object 'Object Repository/Final Object Repo/Login Page/Internal User/Email Address'

2019-01-03 14:32:29 - [TEST_STEP][PASSED] - click: Object: 'Object Repository/Final Object Repo/Login Page/Internal User/Next Button' is clicked on

2019-01-03 14:32:29 - [MESSAGE][PASSED] - Object: 'Object Repository/Final Object Repo/Login Page/Internal User/Next Button' is clicked on

2019-01-03 14:32:29 - [TEST_STEP][PASSED] - delay: Delayed 1 second(s)

2019-01-03 14:32:30 - [MESSAGE][PASSED] - Delayed 1 second(s)

2019-01-03 14:32:30 - [TEST_STEP][PASSED] - setEncryptedText: Text ****** has been set on object 'Object Repository/Final Object Repo/Login Page/Internal User/Password'

2019-01-03 14:32:30 - [MESSAGE][PASSED] - Text ****** has been set on object 'Object Repository/Final Object Repo/Login Page/Internal User/Password'

2019-01-03 14:32:30 - [TEST_STEP][PASSED] - click: Object: 'Object Repository/Final Object Repo/Login Page/Internal User/Login Button' is clicked on

2019-01-03 14:32:30 - [MESSAGE][PASSED] - Object: 'Object Repository/Final Object Repo/Login Page/Internal User/Login Button' is clicked on

2019-01-03 14:32:30 - [TEST_STEP][PASSED] - delay: Delayed 1 second(s)

2019-01-03 14:32:31 - [MESSAGE][PASSED] - Delayed 1 second(s)

2019-01-03 14:32:31 - [TEST_STEP][PASSED] - Statement - Try: Delayed 2 second(s)

2019-01-03 14:32:31 - [TEST_STEP][PASSED] - Statement - Checker = false: null

2019-01-03 14:32:31 - [TEST_STEP][PASSED] - Statement - Checker = com.kms.katalon.core.webui.keyword.WebUiBuiltInKeywords.verifyElementHasAttribute(com.kms.katalon.core.testobject.ObjectRepository.findTestObject(Final Object Repo/Landing Page/BM Detecting), "href", 20, OPTIONAL): Object 'Object Repository/Final Object Repo/Landing Page/BM Detecting' has attribute 'href'

2019-01-03 14:32:32 - [MESSAGE][PASSED] - Object 'Object Repository/Final Object Repo/Landing Page/BM Detecting' has attribute 'href'

2019-01-03 14:32:32 - [TEST_STEP][PASSED] - Statement - out.println(Checker): null

2019-01-03 14:32:32 - [TEST_STEP][PASSED] - Statement - If (Checker == false): null

2019-01-03 14:32:32 - [TEST_STEP][PASSED] - Statement - Else: null

2019-01-03 14:32:32 - [TEST_STEP][PASSED] - delay: Delayed 2 second(s)

2019-01-03 14:32:34 - [MESSAGE][PASSED] - Delayed 2 second(s)

2019-01-03 14:32:34 - [TEST_STEP][PASSED] - navigateToUrl: Navigate to 'https://assist2-uat.perkeso.gov.my/web/registration/eis-update/form-3-eis-cessation-as-employer' successfully

2019-01-03 14:32:35 - [MESSAGE][PASSED] - Navigate to 'https://assist2-uat.perkeso.gov.my/web/registration/eis-update/form-3-eis-cessation-as-employer' successfully

2019-01-03 14:32:35 - [TEST_STEP][PASSED] - delay: Delayed 1 second(s)

2019-01-03 14:32:36 - [MESSAGE][PASSED] - Delayed 1 second(s)

2019-01-03 14:32:36 - [TEST_STEP][PASSED] - setText: Text 'E1102069769W' is set on object 'Object Repository/Final Object Repo/Page_Form 3 EIS - Cessation as Employer/Employer Code'

2019-01-03 14:32:36 - [MESSAGE][PASSED] - Text 'E1102069769W' is set on object 'Object Repository/Final Object Repo/Page_Form 3 EIS - Cessation as Employer/Employer Code'

2019-01-03 14:32:36 - [TEST_STEP][PASSED] - click: Object: 'Object Repository/Final Object Repo/Page_Form 3 EIS - Cessation as Employer/Search' is clicked on

2019-01-03 14:32:37 - [MESSAGE][PASSED] - Object: 'Object Repository/Final Object Repo/Page_Form 3 EIS - Cessation as Employer/Search' is clicked on

2019-01-03 14:32:37 - [TEST_STEP][PASSED] - click: Object: 'Object Repository/Final Object Repo/Page_Form 3 EIS - Cessation as Employer/Edit' is clicked on

2019-01-03 14:32:39 - [MESSAGE][PASSED] - Object: 'Object Repository/Final Object Repo/Page_Form 3 EIS - Cessation as Employer/Edit' is clicked on

2019-01-03 14:32:39 - [TEST_STEP][PASSED] - delay: Delayed 1 second(s)

2019-01-03 14:32:40 - [MESSAGE][PASSED] - Delayed 1 second(s)

2019-01-03 14:32:40 - [TEST_STEP][PASSED] - Statement - abc = com.kms.katalon.core.webui.keyword.WebUiBuiltInKeywords.getAttribute(com.kms.katalon.core.testobject.ObjectRepository.findTestObject(Final Object Repo/Page_Form 3 EIS - Cessation as Employer/Employer Status), "value"): Attribute 'value' of object 'Object Repository/Final Object Repo/Page_Form 3 EIS - Cessation as Employer/Employer Status' is: 'Active'

2019-01-03 14:32:40 - [MESSAGE][PASSED] - Attribute 'value' of object 'Object Repository/Final Object Repo/Page_Form 3 EIS - Cessation as Employer/Employer Status' is: 'Active'

2019-01-03 14:32:40 - [TEST_STEP][PASSED] - Statement - out.println(abc): null

2019-01-03 14:32:40 - [TEST_STEP][PASSED] - Statement - If (abc == "Active"): Object: 'Object Repository/Final Object Repo/Page_Form 3 EIS - Cessation as Employer/Dormant EIS' is clicked on

2019-01-03 14:32:40 - [TEST_STEP][PASSED] - click: Object: 'Object Repository/Final Object Repo/Page_Form 3 EIS - Cessation as Employer/Change Employer Status to' is clicked on

2019-01-03 14:32:40 - [MESSAGE][PASSED] - Object: 'Object Repository/Final Object Repo/Page_Form 3 EIS - Cessation as Employer/Change Employer Status to' is clicked on

2019-01-03 14:32:40 - [TEST_STEP][PASSED] - click: Object: 'Object Repository/Final Object Repo/Page_Form 3 EIS - Cessation as Employer/Dormant EIS' is clicked on

2019-01-03 14:32:41 - [MESSAGE][PASSED] - Object: 'Object Repository/Final Object Repo/Page_Form 3 EIS - Cessation as Employer/Dormant EIS' is clicked on

2019-01-03 14:32:41 - [TEST_STEP][PASSED] - click: Object: 'Object Repository/Final Object Repo/Page_Form 3 EIS - Cessation as Employer/Calender' is clicked on

2019-01-03 14:32:41 - [MESSAGE][PASSED] - Object: 'Object Repository/Final Object Repo/Page_Form 3 EIS - Cessation as Employer/Calender' is clicked on

2019-01-03 14:32:41 - [TEST_STEP][PASSED] - delay: Delayed 1 second(s)

2019-01-03 14:32:42 - [MESSAGE][PASSED] - Delayed 1 second(s)

2019-01-03 14:32:42 - [TEST_STEP][PASSED] - click: Object: 'Object Repository/Final Object Repo/Page_Form 3 EIS - Cessation as Employer/Calender - Date' is clicked on

2019-01-03 14:32:42 - [MESSAGE][PASSED] - Object: 'Object Repository/Final Object Repo/Page_Form 3 EIS - Cessation as Employer/Calender - Date' is clicked on

2019-01-03 14:32:42 - [TEST_STEP][PASSED] - click: Object: 'Object Repository/Final Object Repo/Page_Form 3 EIS - Cessation as Employer/Save  Continue in Form 3 EIS Page' is clicked on

2019-01-03 14:32:42 - [MESSAGE][PASSED] - Object: 'Object Repository/Final Object Repo/Page_Form 3 EIS - Cessation as Employer/Save  Continue in Form 3 EIS Page' is clicked on

2019-01-03 14:32:42 - [TEST_STEP][PASSED] - delay: Delayed 1 second(s)

2019-01-03 14:32:43 - [MESSAGE][PASSED] - Delayed 1 second(s)

2019-01-03 14:32:43 - [TEST_STEP][PASSED] - click: Object: 'Object Repository/Final Object Repo/Page_Form 3 EIS - Cessation as Employer/Employment Resign Date' is clicked on

2019-01-03 14:32:44 - [MESSAGE][PASSED] - Object: 'Object Repository/Final Object Repo/Page_Form 3 EIS - Cessation as Employer/Employment Resign Date' is clicked on

2019-01-03 14:32:44 - [TEST_STEP][PASSED] - selectOptionByValue: All options with value '2030' are selected in object 'Object Repository/Final Object Repo/Page_Form 3 EIS - Cessation as Employer/Employment Resign Date - Year' 

2019-01-03 14:32:44 - [MESSAGE][PASSED] - All options with value '2030' are selected in object 'Object Repository/Final Object Repo/Page_Form 3 EIS - Cessation as Employer/Employment Resign Date - Year' 

2019-01-03 14:32:44 - [TEST_STEP][PASSED] - delay: Delayed 2 second(s)

2019-01-03 14:32:46 - [MESSAGE][PASSED] - Delayed 2 second(s)

2019-01-03 14:32:46 - [TEST_STEP][PASSED] - click: Object: 'Object Repository/Final Object Repo/Page_Form 3 EIS - Cessation as Employer/Employment Resign Date - Year - Date' is clicked on

2019-01-03 14:32:46 - [MESSAGE][PASSED] - Object: 'Object Repository/Final Object Repo/Page_Form 3 EIS - Cessation as Employer/Employment Resign Date - Year - Date' is clicked on

2019-01-03 14:32:46 - [TEST_STEP][PASSED] - delay: Delayed 2 second(s)

2019-01-03 14:32:48 - [MESSAGE][PASSED] - Delayed 2 second(s)

2019-01-03 14:32:48 - [TEST_STEP][PASSED] - click: Object: 'Object Repository/Final Object Repo/Page_Form 3 EIS - Cessation as Employer/Save  Continue in Employment Resign Page' is clicked on

2019-01-03 14:32:48 - [MESSAGE][PASSED] - Object: 'Object Repository/Final Object Repo/Page_Form 3 EIS - Cessation as Employer/Save  Continue in Employment Resign Page' is clicked on

2019-01-03 14:32:48 - [TEST_STEP][PASSED] - delay: Delayed 2 second(s)

2019-01-03 14:32:50 - [MESSAGE][PASSED] - Delayed 2 second(s)

2019-01-03 14:32:50 - [TEST_STEP][PASSED] - click: Object: 'Object Repository/Final Object Repo/Page_Form 3 EIS - Cessation as Employer/Set Latest - Yes' is clicked on

2019-01-03 14:32:51 - [MESSAGE][PASSED] - Object: 'Object Repository/Final Object Repo/Page_Form 3 EIS - Cessation as Employer/Set Latest - Yes' is clicked on

2019-01-03 14:32:51 - [TEST_STEP][PASSED] - delay: Delayed 2 second(s)

2019-01-03 14:32:53 - [MESSAGE][PASSED] - Delayed 2 second(s)

2019-01-03 14:32:53 - [TEST_STEP][PASSED] - click: Object: 'Object Repository/Final Object Repo/Page_Form 3 EIS - Cessation as Employer/Add Document' is clicked on

2019-01-03 14:32:54 - [MESSAGE][PASSED] - Object: 'Object Repository/Final Object Repo/Page_Form 3 EIS - Cessation as Employer/Add Document' is clicked on

2019-01-03 14:32:54 - [TEST_STEP][PASSED] - delay: Delayed 3 second(s)

2019-01-03 14:32:57 - [MESSAGE][PASSED] - Delayed 3 second(s)

2019-01-03 14:32:57 - [TEST_STEP][PASSED] - click: Object: 'Object Repository/Final Object Repo/Page_Form 3 EIS - Cessation as Employer/Document Type' is clicked on

2019-01-03 14:32:57 - [MESSAGE][PASSED] - Object: 'Object Repository/Final Object Repo/Page_Form 3 EIS - Cessation as Employer/Document Type' is clicked on

2019-01-03 14:32:57 - [TEST_STEP][PASSED] - click: Object: 'Object Repository/Final Object Repo/Page_Form 3 EIS - Cessation as Employer/Document Type - Form 3' is clicked on

2019-01-03 14:32:57 - [MESSAGE][PASSED] - Object: 'Object Repository/Final Object Repo/Page_Form 3 EIS - Cessation as Employer/Document Type - Form 3' is clicked on

2019-01-03 14:32:57 - [TEST_STEP][PASSED] - delay: Delayed 2 second(s)

2019-01-03 14:32:59 - [MESSAGE][PASSED] - Delayed 2 second(s)

2019-01-03 14:32:59 - [TEST_STEP][PASSED] - sendKeys: Keys 'C:\Users\Public\Pictures\Sample Pictures\Koala.jpg' sent to object: 'Object Repository/Final Object Repo/Page_Form 3 EIS - Cessation as Employer/ploading File'

2019-01-03 14:32:59 - [MESSAGE][PASSED] - Keys 'C:\Users\Public\Pictures\Sample Pictures\Koala.jpg' sent to object: 'Object Repository/Final Object Repo/Page_Form 3 EIS - Cessation as Employer/ploading File'

2019-01-03 14:32:59 - [TEST_STEP][PASSED] - delay: Delayed 1 second(s)

2019-01-03 14:33:00 - [MESSAGE][PASSED] - Delayed 1 second(s)

2019-01-03 14:33:00 - [TEST_STEP][PASSED] - click: Object: 'Object Repository/Final Object Repo/Page_Form 3 EIS - Cessation as Employer/Add Document in Uploading Page' is clicked on

2019-01-03 14:33:01 - [MESSAGE][PASSED] - Object: 'Object Repository/Final Object Repo/Page_Form 3 EIS - Cessation as Employer/Add Document in Uploading Page' is clicked on

2019-01-03 14:33:01 - [TEST_STEP][PASSED] - delay: Delayed 2 second(s)

2019-01-03 14:33:03 - [MESSAGE][PASSED] - Delayed 2 second(s)

2019-01-03 14:33:03 - [TEST_STEP][PASSED] - Statement - CaseReferenceNo = com.kms.katalon.core.webui.keyword.WebUiBuiltInKeywords.getText(com.kms.katalon.core.testobject.ObjectRepository.findTestObject(Final Object Repo/Page_Update Employer Information/Reference Number in Update Employee Information Page)): Text of object 'Object Repository/Final Object Repo/Page_Update Employer Information/Reference Number in Update Employee Information Page' is: 'ERN012019C200002579'

2019-01-03 14:33:05 - [MESSAGE][PASSED] - Text of object 'Object Repository/Final Object Repo/Page_Update Employer Information/Reference Number in Update Employee Information Page' is: 'ERN012019C200002579'

2019-01-03 14:33:05 - [TEST_STEP][PASSED] - callTestCase: Call Test Case 'Test Cases/Final Aug 2018 - PKS Automation/Common/Reference Number Setter' successfully

2019-01-03 14:33:05 - [TEST_CASE][PASSED] - Test Cases/Final Aug 2018 - PKS Automation/Common/Reference Number Setter: Test Cases/Final Aug 2018 - PKS Automation/Common/Reference Number Setter

2019-01-03 14:33:05 - [TEST_STEP][PASSED] - Statement - RefNoOldFile = new java.io.File(C://Users//Admin//Desktop//PKS//Automation Reference Point//KatalonReference.txt): null

2019-01-03 14:33:05 - [TEST_STEP][PASSED] - Statement - RefNoOldFile.delete(): null

2019-01-03 14:33:05 - [TEST_STEP][PASSED] - delay: Delayed 5 second(s)

2019-01-03 14:33:10 - [MESSAGE][PASSED] - Delayed 5 second(s)

2019-01-03 14:33:10 - [TEST_STEP][PASSED] - Statement - RefNo = new java.io.File(C://Users//Admin//Desktop//PKS//Automation Reference Point//KatalonReference.txt): null

2019-01-03 14:33:10 - [TEST_STEP][PASSED] - Statement - f2 = new java.io.FileWriter(RefNo, false): null

2019-01-03 14:33:10 - [TEST_STEP][PASSED] - Statement - f2.write(CaseReferenceNo): null

2019-01-03 14:33:10 - [TEST_STEP][PASSED] - Statement - f2.close(): null

2019-01-03 14:33:10 - [TEST_STEP][PASSED] - Statement - out.println("


" + CaseReferenceNo + "


"): null

2019-01-03 14:33:10 - [MESSAGE][PASSED] - Call Test Case 'Test Cases/Final Aug 2018 - PKS Automation/Common/Reference Number Setter' successfully

2019-01-03 14:33:10 - [TEST_STEP][PASSED] - delay: Delayed 2 second(s)

2019-01-03 14:33:12 - [MESSAGE][PASSED] - Delayed 2 second(s)

2019-01-03 14:33:12 - [TEST_STEP][PASSED] - click: Object: 'Object Repository/Final Object Repo/Page_Form 3 EIS - Cessation as Employer/Save  Continue in Uploading Page' is clicked on

2019-01-03 14:33:12 - [MESSAGE][PASSED] - Object: 'Object Repository/Final Object Repo/Page_Form 3 EIS - Cessation as Employer/Save  Continue in Uploading Page' is clicked on

2019-01-03 14:33:12 - [TEST_STEP][PASSED] - delay: Delayed 2 second(s)

2019-01-03 14:33:14 - [MESSAGE][PASSED] - Delayed 2 second(s)

2019-01-03 14:33:14 - [TEST_STEP][PASSED] - click: Object: 'Object Repository/Final Object Repo/Page_Form 3 EIS - Cessation as Employer/Submit' is clicked on

2019-01-03 14:33:18 - [MESSAGE][PASSED] - Object: 'Object Repository/Final Object Repo/Page_Form 3 EIS - Cessation as Employer/Submit' is clicked on

2019-01-03 14:33:18 - [TEST_STEP][PASSED] - delay: Delayed 2 second(s)

2019-01-03 14:33:20 - [MESSAGE][PASSED] - Delayed 2 second(s)

2019-01-03 14:33:20 - [TEST_STEP][PASSED] - click: Object: 'Object Repository/Final Object Repo/Page_Form 3 EIS - Cessation as Employer/Confirm' is clicked on

2019-01-03 14:33:20 - [MESSAGE][PASSED] - Object: 'Object Repository/Final Object Repo/Page_Form 3 EIS - Cessation as Employer/Confirm' is clicked on

2019-01-03 14:33:20 - [TEST_STEP][PASSED] - delay: Delayed 2 second(s)

2019-01-03 14:33:22 - [MESSAGE][PASSED] - Delayed 2 second(s)

2019-01-03 14:33:22 - [TEST_STEP][PASSED] - click: Object: 'Object Repository/Final Object Repo/Page_Form 3 EIS - Cessation as Employer/Message Your Request will be routed to UO' is clicked on

2019-01-03 14:33:25 - [MESSAGE][PASSED] - Object: 'Object Repository/Final Object Repo/Page_Form 3 EIS - Cessation as Employer/Message Your Request will be routed to UO' is clicked on

2019-01-03 14:33:25 - [TEST_STEP][PASSED] - click: Object: 'Object Repository/Final Object Repo/Page_Form 3 EIS - Cessation as Employer/Letter of acknowledgement' is clicked on

2019-01-03 14:33:26 - [MESSAGE][PASSED] - Object: 'Object Repository/Final Object Repo/Page_Form 3 EIS - Cessation as Employer/Letter of acknowledgement' is clicked on

2019-01-03 14:33:26 - [MESSAGE][PASSED] - Call Test Case 'Test Cases/Final Aug 2018 - PKS Automation/Registration Module/Workflow/Form 3 EIS - Cessation As Employer/Template/Form 3 A - Cessation As Employer (OTC)' successfully

2019-01-03 14:33:26 - [TEST_STEP][PASSED] - callTestCase: Call Test Case 'Test Cases/Final Aug 2018 - PKS Automation/Registration Module/Workflow/Form 3 EIS - Cessation As Employer/Template/Form 3 A - Cessation As Employer (Approve)' successfully

2019-01-03 14:33:26 - [TEST_CASE][PASSED] - Test Cases/Final Aug 2018 - PKS Automation/Registration Module/Workflow/Form 3 EIS - Cessation As Employer/Template/Form 3 A - Cessation As Employer (Approve): Test Cases/Final Aug 2018 - PKS Automation/Registration Module/Workflow/Form 3 EIS - Cessation As Employer/Template/Form 3 A - Cessation As Employer (Approve)

2019-01-03 14:33:26 - [TEST_STEP][NOT_RUN] - callTestCase: NOT_RUN: callTestCase

2019-01-03 14:33:26 - [MESSAGE][NOT_RUN] - NOT_RUN: callTestCase

2019-01-03 14:33:26 - [TEST_STEP][PASSED] - delay: Delayed 1 second(s)

2019-01-03 14:33:27 - [MESSAGE][PASSED] - Delayed 1 second(s)

2019-01-03 14:33:27 - [TEST_STEP][PASSED] - navigateToUrl: Navigate to 'https://assist2-uat.perkeso.gov.my/c/portal/logout' successfully

2019-01-03 14:33:28 - [MESSAGE][PASSED] - Navigate to 'https://assist2-uat.perkeso.gov.my/c/portal/logout' successfully

2019-01-03 14:33:28 - [TEST_STEP][PASSED] - delay: Delayed 1 second(s)

2019-01-03 14:33:29 - [MESSAGE][PASSED] - Delayed 1 second(s)

2019-01-03 14:33:29 - [TEST_STEP][PASSED] - callTestCase: Call Test Case 'Test Cases/Final Aug 2018 - PKS Automation/Common/Reference Number Getter' successfully

2019-01-03 14:33:29 - [TEST_CASE][PASSED] - Test Cases/Final Aug 2018 - PKS Automation/Common/Reference Number Getter: Test Cases/Final Aug 2018 - PKS Automation/Common/Reference Number Getter

2019-01-03 14:33:29 - [TEST_STEP][PASSED] - Statement - Try: null

2019-01-03 14:33:29 - [TEST_STEP][PASSED] - Statement - RefNo = new java.io.File(C://Users//Admin//Desktop//PKS//Automation Reference Point//KatalonReference.txt): null

2019-01-03 14:33:29 - [TEST_STEP][PASSED] - Statement - bufferread = new java.io.BufferedReader(new java.io.FileReader(RefNo)): null

2019-01-03 14:33:29 - [TEST_STEP][PASSED] - Statement - readedVal = bufferread.readLine(): null

2019-01-03 14:33:29 - [TEST_STEP][PASSED] - Statement - out.println(CaseReferenceNo): null

2019-01-03 14:33:29 - [TEST_STEP][PASSED] - Statement - out.println(readedVal): null

2019-01-03 14:33:29 - [TEST_STEP][PASSED] - Statement - CaseReferenceNo = "": null

2019-01-03 14:33:29 - [TEST_STEP][PASSED] - Statement - CaseReferenceNo = readedVal: null

2019-01-03 14:33:29 - [MESSAGE][PASSED] - Call Test Case 'Test Cases/Final Aug 2018 - PKS Automation/Common/Reference Number Getter' successfully

2019-01-03 14:33:29 - [TEST_STEP][PASSED] - callTestCase: Call Test Case 'Test Cases/Final Aug 2018 - PKS Automation/Common/Workflow Owner Finder' successfully

2019-01-03 14:33:29 - [TEST_CASE][PASSED] - Test Cases/Final Aug 2018 - PKS Automation/Common/Workflow Owner Finder: Test Cases/Final Aug 2018 - PKS Automation/Common/Workflow Owner Finder

2019-01-03 14:33:29 - [TEST_STEP][PASSED] - openBrowser: Browser is opened with url: ''

2019-01-03 14:33:29 - [MESSAGE][WARNING] - A browser is already opened. Closing browser and opening a new one

2019-01-03 14:33:33 - [MESSAGE][PASSED] - Browser is opened with url: ''

2019-01-03 14:33:33 - [TEST_STEP][PASSED] - navigateToUrl: Navigate to 'https://assist2-uat.perkeso.gov.my/login' successfully

2019-01-03 14:33:34 - [MESSAGE][PASSED] - Navigate to 'https://assist2-uat.perkeso.gov.my/login' successfully

2019-01-03 14:33:34 - [TEST_STEP][PASSED] - delay: Delayed 5 second(s)

2019-01-03 14:33:39 - [MESSAGE][PASSED] - Delayed 5 second(s)

2019-01-03 14:33:39 - [TEST_STEP][PASSED] - setText: Text 'test@liferay.com' is set on object 'Object Repository/Final Object Repo/Login Page/Internal User/Email Address'

2019-01-03 14:33:40 - [MESSAGE][PASSED] - Text 'test@liferay.com' is set on object 'Object Repository/Final Object Repo/Login Page/Internal User/Email Address'

2019-01-03 14:33:40 - [TEST_STEP][PASSED] - click: Object: 'Object Repository/Final Object Repo/Login Page/Internal User/Next Button' is clicked on

2019-01-03 14:33:40 - [MESSAGE][PASSED] - Object: 'Object Repository/Final Object Repo/Login Page/Internal User/Next Button' is clicked on

2019-01-03 14:33:40 - [TEST_STEP][PASSED] - delay: Delayed 2 second(s)

2019-01-03 14:33:42 - [MESSAGE][PASSED] - Delayed 2 second(s)

2019-01-03 14:33:42 - [TEST_STEP][PASSED] - setText: Text 'test' is set on object 'Object Repository/Final Object Repo/Login Page/Internal User/Password'

2019-01-03 14:33:42 - [MESSAGE][PASSED] - Text 'test' is set on object 'Object Repository/Final Object Repo/Login Page/Internal User/Password'

2019-01-03 14:33:42 - [TEST_STEP][PASSED] - delay: Delayed 2 second(s)

2019-01-03 14:33:44 - [MESSAGE][PASSED] - Delayed 2 second(s)

2019-01-03 14:33:44 - [TEST_STEP][PASSED] - click: Object: 'Object Repository/Final Object Repo/Login Page/Internal User/Login Button' is clicked on

2019-01-03 14:33:44 - [MESSAGE][PASSED] - Object: 'Object Repository/Final Object Repo/Login Page/Internal User/Login Button' is clicked on

2019-01-03 14:33:44 - [TEST_STEP][PASSED] - Statement - tester = com.kms.katalon.core.testobject.ObjectRepository.findTestObject(Final Object Repo/Landing Page/Select to English): Finding Test Object with id 'Object Repository/Final Object Repo/Landing Page/Select to English'

2019-01-03 14:33:44 - [TEST_STEP][PASSED] - Statement - Try: Delayed 2 second(s)

2019-01-03 14:33:44 - [TEST_STEP][PASSED] - Statement - Checker = com.kms.katalon.core.webui.keyword.WebUiBuiltInKeywords.verifyElementNotPresent(tester, 3): Web element with id: 'Object Repository/Final Object Repo/Landing Page/Select to English' located by 'By.xpath: //a[@class = 'taglib-language-list-text' and @lang = 'en-US' and (contains(text(), 'EN') or contains(., 'EN'))]' is not present after '3' second(s)

2019-01-03 14:33:46 - [MESSAGE][PASSED] - Web element with id: 'Object Repository/Final Object Repo/Landing Page/Select to English' located by 'By.xpath: //a[@class = 'taglib-language-list-text' and @lang = 'en-US' and (contains(text(), 'EN') or contains(., 'EN'))]' is not present after '3' second(s)

2019-01-03 14:33:46 - [TEST_STEP][PASSED] - Statement - If (Checker == false): null

2019-01-03 14:33:46 - [TEST_STEP][PASSED] - delay: Delayed 2 second(s)

2019-01-03 14:33:48 - [MESSAGE][PASSED] - Delayed 2 second(s)

2019-01-03 14:33:48 - [TEST_STEP][PASSED] - delay: Delayed 5 second(s)

2019-01-03 14:33:53 - [MESSAGE][PASSED] - Delayed 5 second(s)

2019-01-03 14:33:53 - [TEST_STEP][PASSED] - mouseOver: Object: 'Object Repository/Final Object Repo/Landing Page/WorkFlow Menu' is hovered

2019-01-03 14:33:53 - [MESSAGE][PASSED] - Object: 'Object Repository/Final Object Repo/Landing Page/WorkFlow Menu' is hovered

2019-01-03 14:33:53 - [TEST_STEP][PASSED] - delay: Delayed 2 second(s)

2019-01-03 14:33:55 - [MESSAGE][PASSED] - Delayed 2 second(s)

2019-01-03 14:33:55 - [TEST_STEP][PASSED] - click: Object: 'Object Repository/Final Object Repo/Landing Page/Select to Workflow Listing' is clicked on

2019-01-03 14:33:56 - [MESSAGE][PASSED] - Object: 'Object Repository/Final Object Repo/Landing Page/Select to Workflow Listing' is clicked on

2019-01-03 14:33:56 - [TEST_STEP][PASSED] - delay: Delayed 2 second(s)

2019-01-03 14:33:58 - [MESSAGE][PASSED] - Delayed 2 second(s)

2019-01-03 14:33:58 - [TEST_STEP][PASSED] - click: Object: 'Object Repository/Final Object Repo/WorkFlow Listing Page/Search Information - To Put Ref No' is clicked on

2019-01-03 14:33:58 - [MESSAGE][PASSED] - Object: 'Object Repository/Final Object Repo/WorkFlow Listing Page/Search Information - To Put Ref No' is clicked on

2019-01-03 14:33:58 - [TEST_STEP][PASSED] - delay: Delayed 2 second(s)

2019-01-03 14:34:00 - [MESSAGE][PASSED] - Delayed 2 second(s)

2019-01-03 14:34:00 - [TEST_STEP][PASSED] - callTestCase: Call Test Case 'Test Cases/Final Aug 2018 - PKS Automation/Common/Reference Number Getter' successfully

2019-01-03 14:34:01 - [TEST_CASE][PASSED] - Test Cases/Final Aug 2018 - PKS Automation/Common/Reference Number Getter: Test Cases/Final Aug 2018 - PKS Automation/Common/Reference Number Getter

2019-01-03 14:34:01 - [TEST_STEP][PASSED] - Statement - Try: null

2019-01-03 14:34:01 - [TEST_STEP][PASSED] - Statement - RefNo = new java.io.File(C://Users//Admin//Desktop//PKS//Automation Reference Point//KatalonReference.txt): null

2019-01-03 14:34:01 - [TEST_STEP][PASSED] - Statement - bufferread = new java.io.BufferedReader(new java.io.FileReader(RefNo)): null

2019-01-03 14:34:01 - [TEST_STEP][PASSED] - Statement - readedVal = bufferread.readLine(): null

2019-01-03 14:34:01 - [TEST_STEP][PASSED] - Statement - out.println(CaseReferenceNo): null

2019-01-03 14:34:01 - [TEST_STEP][PASSED] - Statement - out.println(readedVal): null

2019-01-03 14:34:01 - [TEST_STEP][PASSED] - Statement - CaseReferenceNo = "": null

2019-01-03 14:34:01 - [TEST_STEP][PASSED] - Statement - CaseReferenceNo = readedVal: null

2019-01-03 14:34:01 - [MESSAGE][PASSED] - Call Test Case 'Test Cases/Final Aug 2018 - PKS Automation/Common/Reference Number Getter' successfully

2019-01-03 14:34:01 - [TEST_STEP][PASSED] - setText: Text 'ERN012019C200002579' is set on object 'Object Repository/Final Object Repo/WorkFlow Listing Page/Ref No Set Text'

2019-01-03 14:34:01 - [MESSAGE][PASSED] - Text 'ERN012019C200002579' is set on object 'Object Repository/Final Object Repo/WorkFlow Listing Page/Ref No Set Text'

2019-01-03 14:34:01 - [TEST_STEP][PASSED] - delay: Delayed 2 second(s)

2019-01-03 14:34:03 - [MESSAGE][PASSED] - Delayed 2 second(s)

2019-01-03 14:34:03 - [TEST_STEP][PASSED] - click: Object: 'Object Repository/Final Object Repo/WorkFlow Listing Page/Search Ref No Search Button' is clicked on

2019-01-03 14:34:03 - [MESSAGE][PASSED] - Object: 'Object Repository/Final Object Repo/WorkFlow Listing Page/Search Ref No Search Button' is clicked on

2019-01-03 14:34:03 - [TEST_STEP][PASSED] - delay: Delayed 6 second(s)

2019-01-03 14:34:09 - [MESSAGE][PASSED] - Delayed 6 second(s)

2019-01-03 14:34:09 - [TEST_STEP][PASSED] - click: Object: 'Object Repository/Final Object Repo/WorkFlow Listing Page/Click Continue Tooltip' is clicked on

2019-01-03 14:34:10 - [MESSAGE][PASSED] - Object: 'Object Repository/Final Object Repo/WorkFlow Listing Page/Click Continue Tooltip' is clicked on

2019-01-03 14:34:10 - [TEST_STEP][PASSED] - delay: Delayed 5 second(s)

2019-01-03 14:34:15 - [MESSAGE][PASSED] - Delayed 5 second(s)

2019-01-03 14:34:15 - [TEST_STEP][PASSED] - doubleClick: Object: 'Object Repository/Final Object Repo/WorkFlow Listing Page/Workflow Found - Listing 1' is double clicked on

2019-01-03 14:34:15 - [MESSAGE][PASSED] - Object: 'Object Repository/Final Object Repo/WorkFlow Listing Page/Workflow Found - Listing 1' is double clicked on

2019-01-03 14:34:15 - [TEST_STEP][PASSED] - Statement - println(OwnerID): null

2019-01-03 14:34:15 - [TEST_STEP][PASSED] - Statement - OwnerID = com.kms.katalon.core.webui.keyword.WebUiBuiltInKeywords.getText(com.kms.katalon.core.testobject.ObjectRepository.findTestObject(Final Object Repo/WorkFlow Listing Page/Workflow Found - Listing 1), STOP_ON_FAILURE): Text of object 'Object Repository/Final Object Repo/WorkFlow Listing Page/Workflow Found - Listing 1' is: 'JOHORuo3'

2019-01-03 14:34:15 - [MESSAGE][PASSED] - Text of object 'Object Repository/Final Object Repo/WorkFlow Listing Page/Workflow Found - Listing 1' is: 'JOHORuo3'

2019-01-03 14:34:15 - [TEST_STEP][PASSED] - Statement - OwnerID = OwnerID.toLowerCase() + "@gmail.com": null

2019-01-03 14:34:15 - [TEST_STEP][PASSED] - Statement - println(OwnerID): null

2019-01-03 14:34:15 - [TEST_STEP][PASSED] - delay: Delayed 2 second(s)

2019-01-03 14:34:17 - [MESSAGE][PASSED] - Delayed 2 second(s)

2019-01-03 14:34:17 - [MESSAGE][PASSED] - Call Test Case 'Test Cases/Final Aug 2018 - PKS Automation/Common/Workflow Owner Finder' successfully

2019-01-03 14:34:17 - [TEST_STEP][PASSED] - delay: Delayed 1 second(s)

2019-01-03 14:34:18 - [MESSAGE][PASSED] - Delayed 1 second(s)

2019-01-03 14:34:18 - [TEST_STEP][PASSED] - navigateToUrl: Navigate to 'https://assist2-uat.perkeso.gov.my/c/portal/logout' successfully

2019-01-03 14:34:19 - [MESSAGE][PASSED] - Navigate to 'https://assist2-uat.perkeso.gov.my/c/portal/logout' successfully

2019-01-03 14:34:19 - [TEST_STEP][PASSED] - delay: Delayed 1 second(s)

2019-01-03 14:34:20 - [MESSAGE][PASSED] - Delayed 1 second(s)

2019-01-03 14:34:20 - [TEST_STEP][PASSED] - callTestCase: Call Test Case 'Test Cases/Final Aug 2018 - PKS Automation/Registration Module/Workflow/Login and Search Case For Workflow' successfully

2019-01-03 14:34:20 - [TEST_CASE][PASSED] - Test Cases/Final Aug 2018 - PKS Automation/Registration Module/Workflow/Login and Search Case For Workflow: Test Cases/Final Aug 2018 - PKS Automation/Registration Module/Workflow/Login and Search Case For Workflow

2019-01-03 14:34:20 - [TEST_STEP][PASSED] - navigateToUrl: Navigate to 'https://assist2-uat.perkeso.gov.my/login' successfully

2019-01-03 14:34:21 - [MESSAGE][PASSED] - Navigate to 'https://assist2-uat.perkeso.gov.my/login' successfully

2019-01-03 14:34:21 - [TEST_STEP][PASSED] - setText: Text 'johoruo3@gmail.com' is set on object 'Object Repository/Final Object Repo/Login Page/Internal User/Email Address'

2019-01-03 14:34:21 - [MESSAGE][PASSED] - Text 'johoruo3@gmail.com' is set on object 'Object Repository/Final Object Repo/Login Page/Internal User/Email Address'

2019-01-03 14:34:21 - [TEST_STEP][PASSED] - click: Object: 'Object Repository/Final Object Repo/Login Page/Internal User/Next Button' is clicked on

2019-01-03 14:34:21 - [MESSAGE][PASSED] - Object: 'Object Repository/Final Object Repo/Login Page/Internal User/Next Button' is clicked on

2019-01-03 14:34:21 - [TEST_STEP][PASSED] - delay: Delayed 1 second(s)

2019-01-03 14:34:22 - [MESSAGE][PASSED] - Delayed 1 second(s)

2019-01-03 14:34:22 - [TEST_STEP][PASSED] - setEncryptedText: Text ****** has been set on object 'Object Repository/Final Object Repo/Login Page/Internal User/Password'

2019-01-03 14:34:22 - [MESSAGE][PASSED] - Text ****** has been set on object 'Object Repository/Final Object Repo/Login Page/Internal User/Password'

2019-01-03 14:34:22 - [TEST_STEP][PASSED] - click: Object: 'Object Repository/Final Object Repo/Login Page/Internal User/Login Button' is clicked on

2019-01-03 14:34:23 - [MESSAGE][PASSED] - Object: 'Object Repository/Final Object Repo/Login Page/Internal User/Login Button' is clicked on

2019-01-03 14:34:23 - [TEST_STEP][PASSED] - delay: Delayed 2 second(s)

2019-01-03 14:34:25 - [MESSAGE][PASSED] - Delayed 2 second(s)

2019-01-03 14:34:25 - [TEST_STEP][PASSED] - Statement - Try: Delayed 2 second(s)

2019-01-03 14:34:25 - [TEST_STEP][PASSED] - Statement - Checker = false: null

2019-01-03 14:34:25 - [TEST_STEP][PASSED] - Statement - Checker = com.kms.katalon.core.webui.keyword.WebUiBuiltInKeywords.verifyElementHasAttribute(com.kms.katalon.core.testobject.ObjectRepository.findTestObject(Final Object Repo/Landing Page/BM Detecting), "href", 20, OPTIONAL): Object 'Object Repository/Final Object Repo/Landing Page/BM Detecting' has attribute 'href'

2019-01-03 14:34:25 - [MESSAGE][PASSED] - Object 'Object Repository/Final Object Repo/Landing Page/BM Detecting' has attribute 'href'

2019-01-03 14:34:25 - [TEST_STEP][PASSED] - Statement - out.println(Checker): null

2019-01-03 14:34:25 - [TEST_STEP][PASSED] - Statement - If (Checker == false): null

2019-01-03 14:34:25 - [TEST_STEP][PASSED] - Statement - Else: null

2019-01-03 14:34:25 - [TEST_STEP][PASSED] - delay: Delayed 2 second(s)

2019-01-03 14:34:27 - [MESSAGE][PASSED] - Delayed 2 second(s)

2019-01-03 14:34:27 - [TEST_STEP][PASSED] - click: Object: 'Object Repository/Final Object Repo/Page_MyASSIST - ASSIST - Search Pending Case For Add Supporting Document/Search Information' is clicked on

2019-01-03 14:34:27 - [MESSAGE][PASSED] - Object: 'Object Repository/Final Object Repo/Page_MyASSIST - ASSIST - Search Pending Case For Add Supporting Document/Search Information' is clicked on

2019-01-03 14:34:27 - [TEST_STEP][PASSED] - delay: Delayed 3 second(s)

2019-01-03 14:34:30 - [MESSAGE][PASSED] - Delayed 3 second(s)

2019-01-03 14:34:30 - [TEST_STEP][PASSED] - sendKeys: Keys 'ERN012019C200002579' sent to object: 'Object Repository/Final Object Repo/Page_MyASSIST - ASSIST - Search Pending Case For Add Supporting Document/Reference No'

2019-01-03 14:34:30 - [MESSAGE][PASSED] - Keys 'ERN012019C200002579' sent to object: 'Object Repository/Final Object Repo/Page_MyASSIST - ASSIST - Search Pending Case For Add Supporting Document/Reference No'

2019-01-03 14:34:30 - [TEST_STEP][PASSED] - click: Object: 'Object Repository/Final Object Repo/Page_MyASSIST - ASSIST - Search Pending Case For Add Supporting Document/Search Reference No' is clicked on

2019-01-03 14:34:30 - [MESSAGE][PASSED] - Object: 'Object Repository/Final Object Repo/Page_MyASSIST - ASSIST - Search Pending Case For Add Supporting Document/Search Reference No' is clicked on

2019-01-03 14:34:30 - [TEST_STEP][PASSED] - delay: Delayed 2 second(s)

2019-01-03 14:34:32 - [MESSAGE][PASSED] - Delayed 2 second(s)

2019-01-03 14:34:32 - [TEST_STEP][PASSED] - click: Object: 'Object Repository/Final Object Repo/Page_MyASSIST - ASSIST - Search Pending Case For Add Supporting Document/Continue' is clicked on

2019-01-03 14:34:36 - [MESSAGE][PASSED] - Object: 'Object Repository/Final Object Repo/Page_MyASSIST - ASSIST - Search Pending Case For Add Supporting Document/Continue' is clicked on

2019-01-03 14:34:36 - [TEST_STEP][PASSED] - delay: Delayed 20 second(s)

2019-01-03 14:34:56 - [MESSAGE][PASSED] - Delayed 20 second(s)

2019-01-03 14:34:56 - [MESSAGE][PASSED] - Call Test Case 'Test Cases/Final Aug 2018 - PKS Automation/Registration Module/Workflow/Login and Search Case For Workflow' successfully

2019-01-03 14:34:56 - [TEST_STEP][PASSED] - click: Object: 'Object Repository/Final Object Repo/Page_Form 3 EIS - Cessation as Employer/Page_Form 3 EIS - Cessation as Employer (Approve)/Save  Continue in Form 3 Page' is clicked on

2019-01-03 14:34:56 - [MESSAGE][PASSED] - Object: 'Object Repository/Final Object Repo/Page_Form 3 EIS - Cessation as Employer/Page_Form 3 EIS - Cessation as Employer (Approve)/Save  Continue in Form 3 Page' is clicked on

2019-01-03 14:34:56 - [TEST_STEP][PASSED] - delay: Delayed 2 second(s)

2019-01-03 14:34:58 - [MESSAGE][PASSED] - Delayed 2 second(s)

2019-01-03 14:34:58 - [TEST_STEP][PASSED] - click: Object: 'Object Repository/Final Object Repo/Page_Form 3 EIS - Cessation as Employer/Page_Form 3 EIS - Cessation as Employer (Approve)/Save  Continue in Resigned Page' is clicked on

2019-01-03 14:34:58 - [MESSAGE][PASSED] - Object: 'Object Repository/Final Object Repo/Page_Form 3 EIS - Cessation as Employer/Page_Form 3 EIS - Cessation as Employer (Approve)/Save  Continue in Resigned Page' is clicked on

2019-01-03 14:34:58 - [TEST_STEP][PASSED] - delay: Delayed 2 second(s)

2019-01-03 14:35:00 - [MESSAGE][PASSED] - Delayed 2 second(s)

2019-01-03 14:35:00 - [TEST_STEP][PASSED] - click: Object: 'Object Repository/Final Object Repo/Page_Form 3 EIS - Cessation as Employer/Page_Form 3 EIS - Cessation as Employer (Approve)/Save  Continue in Uploading Page' is clicked on

2019-01-03 14:35:02 - [MESSAGE][PASSED] - Object: 'Object Repository/Final Object Repo/Page_Form 3 EIS - Cessation as Employer/Page_Form 3 EIS - Cessation as Employer (Approve)/Save  Continue in Uploading Page' is clicked on

2019-01-03 14:35:02 - [TEST_STEP][PASSED] - delay: Delayed 2 second(s)

2019-01-03 14:35:04 - [MESSAGE][PASSED] - Delayed 2 second(s)

2019-01-03 14:35:04 - [TEST_STEP][PASSED] - click: Object: 'Object Repository/Final Object Repo/Page_Form 3 EIS - Cessation as Employer/Page_Form 3 EIS - Cessation as Employer (Approve)/Approve' is clicked on

2019-01-03 14:35:07 - [MESSAGE][PASSED] - Object: 'Object Repository/Final Object Repo/Page_Form 3 EIS - Cessation as Employer/Page_Form 3 EIS - Cessation as Employer (Approve)/Approve' is clicked on

2019-01-03 14:35:07 - [TEST_STEP][PASSED] - delay: Delayed 2 second(s)

2019-01-03 14:35:09 - [MESSAGE][PASSED] - Delayed 2 second(s)

2019-01-03 14:35:09 - [TEST_STEP][PASSED] - click: Object: 'Object Repository/Final Object Repo/Page_Form 3 EIS - Cessation as Employer/Page_Form 3 EIS - Cessation as Employer (Approve)/Confirm' is clicked on

2019-01-03 14:35:09 - [MESSAGE][PASSED] - Object: 'Object Repository/Final Object Repo/Page_Form 3 EIS - Cessation as Employer/Page_Form 3 EIS - Cessation as Employer (Approve)/Confirm' is clicked on

2019-01-03 14:35:09 - [TEST_STEP][PASSED] - delay: Delayed 2 second(s)

2019-01-03 14:35:11 - [MESSAGE][PASSED] - Delayed 2 second(s)

2019-01-03 14:35:11 - [TEST_STEP][PASSED] - click: Object: 'Object Repository/Final Object Repo/Page_Form 3 EIS - Cessation as Employer/Page_Form 3 EIS - Cessation as Employer (Approve)/Message Your Request    Form 3 EIS' is clicked on

2019-01-03 14:35:18 - [MESSAGE][PASSED] - Object: 'Object Repository/Final Object Repo/Page_Form 3 EIS - Cessation as Employer/Page_Form 3 EIS - Cessation as Employer (Approve)/Message Your Request    Form 3 EIS' is clicked on

2019-01-03 14:35:18 - [TEST_STEP][PASSED] - click: Object: 'Object Repository/Final Object Repo/Page_Form 3 EIS - Cessation as Employer/Page_Form 3 EIS - Cessation as Employer (Approve)/Letter of successful update' is clicked on

2019-01-03 14:35:18 - [MESSAGE][PASSED] - Object: 'Object Repository/Final Object Repo/Page_Form 3 EIS - Cessation as Employer/Page_Form 3 EIS - Cessation as Employer (Approve)/Letter of successful update' is clicked on

2019-01-03 14:35:18 - [MESSAGE][PASSED] - Call Test Case 'Test Cases/Final Aug 2018 - PKS Automation/Registration Module/Workflow/Form 3 EIS - Cessation As Employer/Template/Form 3 A - Cessation As Employer (Approve)' successfully]]></system-out>
         <system-err><![CDATA[]]></system-err>
      </testcase>
      <testcase name="Test Cases/Final Aug 2018 - PKS Automation/Registration Module/Workflow/Form 3 EIS - Cessation As Employer/OTC to UO (Query)" classname="Test Cases/Final Aug 2018 - PKS Automation/Registration Module/Workflow/Form 3 EIS - Cessation As Employer/OTC to UO (Query)" status="PASSED">
         <system-out><![CDATA[2019-01-03 14:35:18 - [TEST_CASE][PASSED] - Test Cases/Final Aug 2018 - PKS Automation/Registration Module/Workflow/Form 3 EIS - Cessation As Employer/OTC to UO (Query): Test Cases/Final Aug 2018 - PKS Automation/Registration Module/Workflow/Form 3 EIS - Cessation As Employer/OTC to UO (Query)

2019-01-03 14:35:19 - [TEST_STEP][PASSED] - callTestCase: Call Test Case 'Test Cases/Final Aug 2018 - PKS Automation/Registration Module/Workflow/Form 3 EIS - Cessation As Employer/Template/Form 3 A - Cessation As Employer (OTC)' successfully

2019-01-03 14:35:19 - [TEST_CASE][PASSED] - Test Cases/Final Aug 2018 - PKS Automation/Registration Module/Workflow/Form 3 EIS - Cessation As Employer/Template/Form 3 A - Cessation As Employer (OTC): Test Cases/Final Aug 2018 - PKS Automation/Registration Module/Workflow/Form 3 EIS - Cessation As Employer/Template/Form 3 A - Cessation As Employer (OTC)

2019-01-03 14:35:19 - [TEST_STEP][PASSED] - openBrowser: Browser is opened with url: ''

2019-01-03 14:35:19 - [MESSAGE][WARNING] - A browser is already opened. Closing browser and opening a new one

2019-01-03 14:35:23 - [MESSAGE][PASSED] - Browser is opened with url: ''

2019-01-03 14:35:23 - [TEST_STEP][PASSED] - navigateToUrl: Navigate to 'https://assist2-uat.perkeso.gov.my/login' successfully

2019-01-03 14:35:24 - [MESSAGE][PASSED] - Navigate to 'https://assist2-uat.perkeso.gov.my/login' successfully

2019-01-03 14:35:24 - [TEST_STEP][PASSED] - setText: Text 'johorotc1@gmail.com' is set on object 'Object Repository/Final Object Repo/Login Page/Internal User/Email Address'

2019-01-03 14:35:24 - [MESSAGE][PASSED] - Text 'johorotc1@gmail.com' is set on object 'Object Repository/Final Object Repo/Login Page/Internal User/Email Address'

2019-01-03 14:35:24 - [TEST_STEP][PASSED] - click: Object: 'Object Repository/Final Object Repo/Login Page/Internal User/Next Button' is clicked on

2019-01-03 14:35:24 - [MESSAGE][PASSED] - Object: 'Object Repository/Final Object Repo/Login Page/Internal User/Next Button' is clicked on

2019-01-03 14:35:24 - [TEST_STEP][PASSED] - delay: Delayed 1 second(s)

2019-01-03 14:35:25 - [MESSAGE][PASSED] - Delayed 1 second(s)

2019-01-03 14:35:25 - [TEST_STEP][PASSED] - setEncryptedText: Text ****** has been set on object 'Object Repository/Final Object Repo/Login Page/Internal User/Password'

2019-01-03 14:35:25 - [MESSAGE][PASSED] - Text ****** has been set on object 'Object Repository/Final Object Repo/Login Page/Internal User/Password'

2019-01-03 14:35:25 - [TEST_STEP][PASSED] - click: Object: 'Object Repository/Final Object Repo/Login Page/Internal User/Login Button' is clicked on

2019-01-03 14:35:25 - [MESSAGE][PASSED] - Object: 'Object Repository/Final Object Repo/Login Page/Internal User/Login Button' is clicked on

2019-01-03 14:35:25 - [TEST_STEP][PASSED] - delay: Delayed 1 second(s)

2019-01-03 14:35:26 - [MESSAGE][PASSED] - Delayed 1 second(s)

2019-01-03 14:35:26 - [TEST_STEP][PASSED] - Statement - Try: Delayed 2 second(s)

2019-01-03 14:35:26 - [TEST_STEP][PASSED] - Statement - Checker = false: null

2019-01-03 14:35:26 - [TEST_STEP][PASSED] - Statement - Checker = com.kms.katalon.core.webui.keyword.WebUiBuiltInKeywords.verifyElementHasAttribute(com.kms.katalon.core.testobject.ObjectRepository.findTestObject(Final Object Repo/Landing Page/BM Detecting), "href", 20, OPTIONAL): Object 'Object Repository/Final Object Repo/Landing Page/BM Detecting' has attribute 'href'

2019-01-03 14:35:27 - [MESSAGE][PASSED] - Object 'Object Repository/Final Object Repo/Landing Page/BM Detecting' has attribute 'href'

2019-01-03 14:35:27 - [TEST_STEP][PASSED] - Statement - out.println(Checker): null

2019-01-03 14:35:27 - [TEST_STEP][PASSED] - Statement - If (Checker == false): null

2019-01-03 14:35:27 - [TEST_STEP][PASSED] - Statement - Else: null

2019-01-03 14:35:27 - [TEST_STEP][PASSED] - delay: Delayed 2 second(s)

2019-01-03 14:35:29 - [MESSAGE][PASSED] - Delayed 2 second(s)

2019-01-03 14:35:29 - [TEST_STEP][PASSED] - navigateToUrl: Navigate to 'https://assist2-uat.perkeso.gov.my/web/registration/eis-update/form-3-eis-cessation-as-employer' successfully

2019-01-03 14:35:30 - [MESSAGE][PASSED] - Navigate to 'https://assist2-uat.perkeso.gov.my/web/registration/eis-update/form-3-eis-cessation-as-employer' successfully

2019-01-03 14:35:30 - [TEST_STEP][PASSED] - delay: Delayed 1 second(s)

2019-01-03 14:35:31 - [MESSAGE][PASSED] - Delayed 1 second(s)

2019-01-03 14:35:31 - [TEST_STEP][PASSED] - setText: Text 'E1102069769W' is set on object 'Object Repository/Final Object Repo/Page_Form 3 EIS - Cessation as Employer/Employer Code'

2019-01-03 14:35:31 - [MESSAGE][PASSED] - Text 'E1102069769W' is set on object 'Object Repository/Final Object Repo/Page_Form 3 EIS - Cessation as Employer/Employer Code'

2019-01-03 14:35:31 - [TEST_STEP][PASSED] - click: Object: 'Object Repository/Final Object Repo/Page_Form 3 EIS - Cessation as Employer/Search' is clicked on

2019-01-03 14:35:32 - [MESSAGE][PASSED] - Object: 'Object Repository/Final Object Repo/Page_Form 3 EIS - Cessation as Employer/Search' is clicked on

2019-01-03 14:35:32 - [TEST_STEP][PASSED] - click: Object: 'Object Repository/Final Object Repo/Page_Form 3 EIS - Cessation as Employer/Edit' is clicked on

2019-01-03 14:35:34 - [MESSAGE][PASSED] - Object: 'Object Repository/Final Object Repo/Page_Form 3 EIS - Cessation as Employer/Edit' is clicked on

2019-01-03 14:35:34 - [TEST_STEP][PASSED] - delay: Delayed 1 second(s)

2019-01-03 14:35:35 - [MESSAGE][PASSED] - Delayed 1 second(s)

2019-01-03 14:35:35 - [TEST_STEP][PASSED] - Statement - abc = com.kms.katalon.core.webui.keyword.WebUiBuiltInKeywords.getAttribute(com.kms.katalon.core.testobject.ObjectRepository.findTestObject(Final Object Repo/Page_Form 3 EIS - Cessation as Employer/Employer Status), "value"): Attribute 'value' of object 'Object Repository/Final Object Repo/Page_Form 3 EIS - Cessation as Employer/Employer Status' is: 'Active'

2019-01-03 14:35:35 - [MESSAGE][PASSED] - Attribute 'value' of object 'Object Repository/Final Object Repo/Page_Form 3 EIS - Cessation as Employer/Employer Status' is: 'Active'

2019-01-03 14:35:35 - [TEST_STEP][PASSED] - Statement - out.println(abc): null

2019-01-03 14:35:35 - [TEST_STEP][PASSED] - Statement - If (abc == "Active"): Object: 'Object Repository/Final Object Repo/Page_Form 3 EIS - Cessation as Employer/Dormant EIS' is clicked on

2019-01-03 14:35:35 - [TEST_STEP][PASSED] - click: Object: 'Object Repository/Final Object Repo/Page_Form 3 EIS - Cessation as Employer/Change Employer Status to' is clicked on

2019-01-03 14:35:36 - [MESSAGE][PASSED] - Object: 'Object Repository/Final Object Repo/Page_Form 3 EIS - Cessation as Employer/Change Employer Status to' is clicked on

2019-01-03 14:35:36 - [TEST_STEP][PASSED] - click: Object: 'Object Repository/Final Object Repo/Page_Form 3 EIS - Cessation as Employer/Dormant EIS' is clicked on

2019-01-03 14:35:36 - [MESSAGE][PASSED] - Object: 'Object Repository/Final Object Repo/Page_Form 3 EIS - Cessation as Employer/Dormant EIS' is clicked on

2019-01-03 14:35:36 - [TEST_STEP][PASSED] - click: Object: 'Object Repository/Final Object Repo/Page_Form 3 EIS - Cessation as Employer/Calender' is clicked on

2019-01-03 14:35:36 - [MESSAGE][PASSED] - Object: 'Object Repository/Final Object Repo/Page_Form 3 EIS - Cessation as Employer/Calender' is clicked on

2019-01-03 14:35:36 - [TEST_STEP][PASSED] - delay: Delayed 1 second(s)

2019-01-03 14:35:37 - [MESSAGE][PASSED] - Delayed 1 second(s)

2019-01-03 14:35:37 - [TEST_STEP][PASSED] - click: Object: 'Object Repository/Final Object Repo/Page_Form 3 EIS - Cessation as Employer/Calender - Date' is clicked on

2019-01-03 14:35:37 - [MESSAGE][PASSED] - Object: 'Object Repository/Final Object Repo/Page_Form 3 EIS - Cessation as Employer/Calender - Date' is clicked on

2019-01-03 14:35:37 - [TEST_STEP][PASSED] - click: Object: 'Object Repository/Final Object Repo/Page_Form 3 EIS - Cessation as Employer/Save  Continue in Form 3 EIS Page' is clicked on

2019-01-03 14:35:37 - [MESSAGE][PASSED] - Object: 'Object Repository/Final Object Repo/Page_Form 3 EIS - Cessation as Employer/Save  Continue in Form 3 EIS Page' is clicked on

2019-01-03 14:35:37 - [TEST_STEP][PASSED] - delay: Delayed 1 second(s)

2019-01-03 14:35:38 - [MESSAGE][PASSED] - Delayed 1 second(s)

2019-01-03 14:35:38 - [TEST_STEP][PASSED] - click: Object: 'Object Repository/Final Object Repo/Page_Form 3 EIS - Cessation as Employer/Employment Resign Date' is clicked on

2019-01-03 14:35:39 - [MESSAGE][PASSED] - Object: 'Object Repository/Final Object Repo/Page_Form 3 EIS - Cessation as Employer/Employment Resign Date' is clicked on

2019-01-03 14:35:39 - [TEST_STEP][PASSED] - selectOptionByValue: All options with value '2030' are selected in object 'Object Repository/Final Object Repo/Page_Form 3 EIS - Cessation as Employer/Employment Resign Date - Year' 

2019-01-03 14:35:39 - [MESSAGE][PASSED] - All options with value '2030' are selected in object 'Object Repository/Final Object Repo/Page_Form 3 EIS - Cessation as Employer/Employment Resign Date - Year' 

2019-01-03 14:35:39 - [TEST_STEP][PASSED] - delay: Delayed 2 second(s)

2019-01-03 14:35:41 - [MESSAGE][PASSED] - Delayed 2 second(s)

2019-01-03 14:35:41 - [TEST_STEP][PASSED] - click: Object: 'Object Repository/Final Object Repo/Page_Form 3 EIS - Cessation as Employer/Employment Resign Date - Year - Date' is clicked on

2019-01-03 14:35:41 - [MESSAGE][PASSED] - Object: 'Object Repository/Final Object Repo/Page_Form 3 EIS - Cessation as Employer/Employment Resign Date - Year - Date' is clicked on

2019-01-03 14:35:41 - [TEST_STEP][PASSED] - delay: Delayed 2 second(s)

2019-01-03 14:35:43 - [MESSAGE][PASSED] - Delayed 2 second(s)

2019-01-03 14:35:43 - [TEST_STEP][PASSED] - click: Object: 'Object Repository/Final Object Repo/Page_Form 3 EIS - Cessation as Employer/Save  Continue in Employment Resign Page' is clicked on

2019-01-03 14:35:44 - [MESSAGE][PASSED] - Object: 'Object Repository/Final Object Repo/Page_Form 3 EIS - Cessation as Employer/Save  Continue in Employment Resign Page' is clicked on

2019-01-03 14:35:44 - [TEST_STEP][PASSED] - delay: Delayed 2 second(s)

2019-01-03 14:35:46 - [MESSAGE][PASSED] - Delayed 2 second(s)

2019-01-03 14:35:46 - [TEST_STEP][PASSED] - click: Object: 'Object Repository/Final Object Repo/Page_Form 3 EIS - Cessation as Employer/Set Latest - Yes' is clicked on

2019-01-03 14:35:46 - [MESSAGE][PASSED] - Object: 'Object Repository/Final Object Repo/Page_Form 3 EIS - Cessation as Employer/Set Latest - Yes' is clicked on

2019-01-03 14:35:46 - [TEST_STEP][PASSED] - delay: Delayed 2 second(s)

2019-01-03 14:35:48 - [MESSAGE][PASSED] - Delayed 2 second(s)

2019-01-03 14:35:48 - [TEST_STEP][PASSED] - click: Object: 'Object Repository/Final Object Repo/Page_Form 3 EIS - Cessation as Employer/Add Document' is clicked on

2019-01-03 14:35:49 - [MESSAGE][PASSED] - Object: 'Object Repository/Final Object Repo/Page_Form 3 EIS - Cessation as Employer/Add Document' is clicked on

2019-01-03 14:35:49 - [TEST_STEP][PASSED] - delay: Delayed 3 second(s)

2019-01-03 14:35:52 - [MESSAGE][PASSED] - Delayed 3 second(s)

2019-01-03 14:35:52 - [TEST_STEP][PASSED] - click: Object: 'Object Repository/Final Object Repo/Page_Form 3 EIS - Cessation as Employer/Document Type' is clicked on

2019-01-03 14:35:52 - [MESSAGE][PASSED] - Object: 'Object Repository/Final Object Repo/Page_Form 3 EIS - Cessation as Employer/Document Type' is clicked on

2019-01-03 14:35:52 - [TEST_STEP][PASSED] - click: Object: 'Object Repository/Final Object Repo/Page_Form 3 EIS - Cessation as Employer/Document Type - Form 3' is clicked on

2019-01-03 14:35:53 - [MESSAGE][PASSED] - Object: 'Object Repository/Final Object Repo/Page_Form 3 EIS - Cessation as Employer/Document Type - Form 3' is clicked on

2019-01-03 14:35:53 - [TEST_STEP][PASSED] - delay: Delayed 2 second(s)

2019-01-03 14:35:55 - [MESSAGE][PASSED] - Delayed 2 second(s)

2019-01-03 14:35:55 - [TEST_STEP][PASSED] - sendKeys: Keys 'C:\Users\Public\Pictures\Sample Pictures\Koala.jpg' sent to object: 'Object Repository/Final Object Repo/Page_Form 3 EIS - Cessation as Employer/ploading File'

2019-01-03 14:35:55 - [MESSAGE][PASSED] - Keys 'C:\Users\Public\Pictures\Sample Pictures\Koala.jpg' sent to object: 'Object Repository/Final Object Repo/Page_Form 3 EIS - Cessation as Employer/ploading File'

2019-01-03 14:35:55 - [TEST_STEP][PASSED] - delay: Delayed 1 second(s)

2019-01-03 14:35:56 - [MESSAGE][PASSED] - Delayed 1 second(s)

2019-01-03 14:35:56 - [TEST_STEP][PASSED] - click: Object: 'Object Repository/Final Object Repo/Page_Form 3 EIS - Cessation as Employer/Add Document in Uploading Page' is clicked on

2019-01-03 14:35:56 - [MESSAGE][PASSED] - Object: 'Object Repository/Final Object Repo/Page_Form 3 EIS - Cessation as Employer/Add Document in Uploading Page' is clicked on

2019-01-03 14:35:56 - [TEST_STEP][PASSED] - delay: Delayed 2 second(s)

2019-01-03 14:35:58 - [MESSAGE][PASSED] - Delayed 2 second(s)

2019-01-03 14:35:58 - [TEST_STEP][PASSED] - Statement - CaseReferenceNo = com.kms.katalon.core.webui.keyword.WebUiBuiltInKeywords.getText(com.kms.katalon.core.testobject.ObjectRepository.findTestObject(Final Object Repo/Page_Update Employer Information/Reference Number in Update Employee Information Page)): Text of object 'Object Repository/Final Object Repo/Page_Update Employer Information/Reference Number in Update Employee Information Page' is: 'ERN012019C200002580'

2019-01-03 14:36:00 - [MESSAGE][PASSED] - Text of object 'Object Repository/Final Object Repo/Page_Update Employer Information/Reference Number in Update Employee Information Page' is: 'ERN012019C200002580'

2019-01-03 14:36:00 - [TEST_STEP][PASSED] - callTestCase: Call Test Case 'Test Cases/Final Aug 2018 - PKS Automation/Common/Reference Number Setter' successfully

2019-01-03 14:36:00 - [TEST_CASE][PASSED] - Test Cases/Final Aug 2018 - PKS Automation/Common/Reference Number Setter: Test Cases/Final Aug 2018 - PKS Automation/Common/Reference Number Setter

2019-01-03 14:36:00 - [TEST_STEP][PASSED] - Statement - RefNoOldFile = new java.io.File(C://Users//Admin//Desktop//PKS//Automation Reference Point//KatalonReference.txt): null

2019-01-03 14:36:00 - [TEST_STEP][PASSED] - Statement - RefNoOldFile.delete(): null

2019-01-03 14:36:00 - [TEST_STEP][PASSED] - delay: Delayed 5 second(s)

2019-01-03 14:36:05 - [MESSAGE][PASSED] - Delayed 5 second(s)

2019-01-03 14:36:05 - [TEST_STEP][PASSED] - Statement - RefNo = new java.io.File(C://Users//Admin//Desktop//PKS//Automation Reference Point//KatalonReference.txt): null

2019-01-03 14:36:05 - [TEST_STEP][PASSED] - Statement - f2 = new java.io.FileWriter(RefNo, false): null

2019-01-03 14:36:05 - [TEST_STEP][PASSED] - Statement - f2.write(CaseReferenceNo): null

2019-01-03 14:36:05 - [TEST_STEP][PASSED] - Statement - f2.close(): null

2019-01-03 14:36:05 - [TEST_STEP][PASSED] - Statement - out.println("


" + CaseReferenceNo + "


"): null

2019-01-03 14:36:05 - [MESSAGE][PASSED] - Call Test Case 'Test Cases/Final Aug 2018 - PKS Automation/Common/Reference Number Setter' successfully

2019-01-03 14:36:05 - [TEST_STEP][PASSED] - delay: Delayed 2 second(s)

2019-01-03 14:36:07 - [MESSAGE][PASSED] - Delayed 2 second(s)

2019-01-03 14:36:07 - [TEST_STEP][PASSED] - click: Object: 'Object Repository/Final Object Repo/Page_Form 3 EIS - Cessation as Employer/Save  Continue in Uploading Page' is clicked on

2019-01-03 14:36:08 - [MESSAGE][PASSED] - Object: 'Object Repository/Final Object Repo/Page_Form 3 EIS - Cessation as Employer/Save  Continue in Uploading Page' is clicked on

2019-01-03 14:36:08 - [TEST_STEP][PASSED] - delay: Delayed 2 second(s)

2019-01-03 14:36:10 - [MESSAGE][PASSED] - Delayed 2 second(s)

2019-01-03 14:36:10 - [TEST_STEP][PASSED] - click: Object: 'Object Repository/Final Object Repo/Page_Form 3 EIS - Cessation as Employer/Submit' is clicked on

2019-01-03 14:36:13 - [MESSAGE][PASSED] - Object: 'Object Repository/Final Object Repo/Page_Form 3 EIS - Cessation as Employer/Submit' is clicked on

2019-01-03 14:36:13 - [TEST_STEP][PASSED] - delay: Delayed 2 second(s)

2019-01-03 14:36:15 - [MESSAGE][PASSED] - Delayed 2 second(s)

2019-01-03 14:36:15 - [TEST_STEP][PASSED] - click: Object: 'Object Repository/Final Object Repo/Page_Form 3 EIS - Cessation as Employer/Confirm' is clicked on

2019-01-03 14:36:15 - [MESSAGE][PASSED] - Object: 'Object Repository/Final Object Repo/Page_Form 3 EIS - Cessation as Employer/Confirm' is clicked on

2019-01-03 14:36:15 - [TEST_STEP][PASSED] - delay: Delayed 2 second(s)

2019-01-03 14:36:17 - [MESSAGE][PASSED] - Delayed 2 second(s)

2019-01-03 14:36:17 - [TEST_STEP][PASSED] - click: Object: 'Object Repository/Final Object Repo/Page_Form 3 EIS - Cessation as Employer/Message Your Request will be routed to UO' is clicked on

2019-01-03 14:36:21 - [MESSAGE][PASSED] - Object: 'Object Repository/Final Object Repo/Page_Form 3 EIS - Cessation as Employer/Message Your Request will be routed to UO' is clicked on

2019-01-03 14:36:21 - [TEST_STEP][PASSED] - click: Object: 'Object Repository/Final Object Repo/Page_Form 3 EIS - Cessation as Employer/Letter of acknowledgement' is clicked on

2019-01-03 14:36:21 - [MESSAGE][PASSED] - Object: 'Object Repository/Final Object Repo/Page_Form 3 EIS - Cessation as Employer/Letter of acknowledgement' is clicked on

2019-01-03 14:36:21 - [MESSAGE][PASSED] - Call Test Case 'Test Cases/Final Aug 2018 - PKS Automation/Registration Module/Workflow/Form 3 EIS - Cessation As Employer/Template/Form 3 A - Cessation As Employer (OTC)' successfully

2019-01-03 14:36:21 - [TEST_STEP][PASSED] - callTestCase: Call Test Case 'Test Cases/Final Aug 2018 - PKS Automation/Registration Module/Workflow/Form 3 EIS - Cessation As Employer/Template/Form 3 A - Cessation As Employer (Query)' successfully

2019-01-03 14:36:22 - [TEST_CASE][PASSED] - Test Cases/Final Aug 2018 - PKS Automation/Registration Module/Workflow/Form 3 EIS - Cessation As Employer/Template/Form 3 A - Cessation As Employer (Query): Test Cases/Final Aug 2018 - PKS Automation/Registration Module/Workflow/Form 3 EIS - Cessation As Employer/Template/Form 3 A - Cessation As Employer (Query)

2019-01-03 14:36:22 - [TEST_STEP][NOT_RUN] - callTestCase: NOT_RUN: callTestCase

2019-01-03 14:36:22 - [MESSAGE][NOT_RUN] - NOT_RUN: callTestCase

2019-01-03 14:36:22 - [TEST_STEP][PASSED] - delay: Delayed 1 second(s)

2019-01-03 14:36:23 - [MESSAGE][PASSED] - Delayed 1 second(s)

2019-01-03 14:36:23 - [TEST_STEP][PASSED] - navigateToUrl: Navigate to 'https://assist2-uat.perkeso.gov.my/c/portal/logout' successfully

2019-01-03 14:36:23 - [MESSAGE][PASSED] - Navigate to 'https://assist2-uat.perkeso.gov.my/c/portal/logout' successfully

2019-01-03 14:36:23 - [TEST_STEP][PASSED] - delay: Delayed 1 second(s)

2019-01-03 14:36:24 - [MESSAGE][PASSED] - Delayed 1 second(s)

2019-01-03 14:36:24 - [TEST_STEP][PASSED] - callTestCase: Call Test Case 'Test Cases/Final Aug 2018 - PKS Automation/Common/Reference Number Getter' successfully

2019-01-03 14:36:24 - [TEST_CASE][PASSED] - Test Cases/Final Aug 2018 - PKS Automation/Common/Reference Number Getter: Test Cases/Final Aug 2018 - PKS Automation/Common/Reference Number Getter

2019-01-03 14:36:24 - [TEST_STEP][PASSED] - Statement - Try: null

2019-01-03 14:36:24 - [TEST_STEP][PASSED] - Statement - RefNo = new java.io.File(C://Users//Admin//Desktop//PKS//Automation Reference Point//KatalonReference.txt): null

2019-01-03 14:36:24 - [TEST_STEP][PASSED] - Statement - bufferread = new java.io.BufferedReader(new java.io.FileReader(RefNo)): null

2019-01-03 14:36:24 - [TEST_STEP][PASSED] - Statement - readedVal = bufferread.readLine(): null

2019-01-03 14:36:24 - [TEST_STEP][PASSED] - Statement - out.println(CaseReferenceNo): null

2019-01-03 14:36:24 - [TEST_STEP][PASSED] - Statement - out.println(readedVal): null

2019-01-03 14:36:24 - [TEST_STEP][PASSED] - Statement - CaseReferenceNo = "": null

2019-01-03 14:36:24 - [TEST_STEP][PASSED] - Statement - CaseReferenceNo = readedVal: null

2019-01-03 14:36:24 - [MESSAGE][PASSED] - Call Test Case 'Test Cases/Final Aug 2018 - PKS Automation/Common/Reference Number Getter' successfully

2019-01-03 14:36:24 - [TEST_STEP][PASSED] - callTestCase: Call Test Case 'Test Cases/Final Aug 2018 - PKS Automation/Common/Workflow Owner Finder' successfully

2019-01-03 14:36:24 - [TEST_CASE][PASSED] - Test Cases/Final Aug 2018 - PKS Automation/Common/Workflow Owner Finder: Test Cases/Final Aug 2018 - PKS Automation/Common/Workflow Owner Finder

2019-01-03 14:36:24 - [TEST_STEP][PASSED] - openBrowser: Browser is opened with url: ''

2019-01-03 14:36:24 - [MESSAGE][WARNING] - A browser is already opened. Closing browser and opening a new one

2019-01-03 14:36:28 - [MESSAGE][PASSED] - Browser is opened with url: ''

2019-01-03 14:36:28 - [TEST_STEP][PASSED] - navigateToUrl: Navigate to 'https://assist2-uat.perkeso.gov.my/login' successfully

2019-01-03 14:36:29 - [MESSAGE][PASSED] - Navigate to 'https://assist2-uat.perkeso.gov.my/login' successfully

2019-01-03 14:36:29 - [TEST_STEP][PASSED] - delay: Delayed 5 second(s)

2019-01-03 14:36:34 - [MESSAGE][PASSED] - Delayed 5 second(s)

2019-01-03 14:36:34 - [TEST_STEP][PASSED] - setText: Text 'test@liferay.com' is set on object 'Object Repository/Final Object Repo/Login Page/Internal User/Email Address'

2019-01-03 14:36:35 - [MESSAGE][PASSED] - Text 'test@liferay.com' is set on object 'Object Repository/Final Object Repo/Login Page/Internal User/Email Address'

2019-01-03 14:36:35 - [TEST_STEP][PASSED] - click: Object: 'Object Repository/Final Object Repo/Login Page/Internal User/Next Button' is clicked on

2019-01-03 14:36:35 - [MESSAGE][PASSED] - Object: 'Object Repository/Final Object Repo/Login Page/Internal User/Next Button' is clicked on

2019-01-03 14:36:35 - [TEST_STEP][PASSED] - delay: Delayed 2 second(s)

2019-01-03 14:36:37 - [MESSAGE][PASSED] - Delayed 2 second(s)

2019-01-03 14:36:37 - [TEST_STEP][PASSED] - setText: Text 'test' is set on object 'Object Repository/Final Object Repo/Login Page/Internal User/Password'

2019-01-03 14:36:37 - [MESSAGE][PASSED] - Text 'test' is set on object 'Object Repository/Final Object Repo/Login Page/Internal User/Password'

2019-01-03 14:36:37 - [TEST_STEP][PASSED] - delay: Delayed 2 second(s)

2019-01-03 14:36:39 - [MESSAGE][PASSED] - Delayed 2 second(s)

2019-01-03 14:36:39 - [TEST_STEP][PASSED] - click: Object: 'Object Repository/Final Object Repo/Login Page/Internal User/Login Button' is clicked on

2019-01-03 14:36:39 - [MESSAGE][PASSED] - Object: 'Object Repository/Final Object Repo/Login Page/Internal User/Login Button' is clicked on

2019-01-03 14:36:39 - [TEST_STEP][PASSED] - Statement - tester = com.kms.katalon.core.testobject.ObjectRepository.findTestObject(Final Object Repo/Landing Page/Select to English): Finding Test Object with id 'Object Repository/Final Object Repo/Landing Page/Select to English'

2019-01-03 14:36:39 - [TEST_STEP][PASSED] - Statement - Try: Delayed 2 second(s)

2019-01-03 14:36:39 - [TEST_STEP][PASSED] - Statement - Checker = com.kms.katalon.core.webui.keyword.WebUiBuiltInKeywords.verifyElementNotPresent(tester, 3): Web element with id: 'Object Repository/Final Object Repo/Landing Page/Select to English' located by 'By.xpath: //a[@class = 'taglib-language-list-text' and @lang = 'en-US' and (contains(text(), 'EN') or contains(., 'EN'))]' is not present after '3' second(s)

2019-01-03 14:36:41 - [MESSAGE][PASSED] - Web element with id: 'Object Repository/Final Object Repo/Landing Page/Select to English' located by 'By.xpath: //a[@class = 'taglib-language-list-text' and @lang = 'en-US' and (contains(text(), 'EN') or contains(., 'EN'))]' is not present after '3' second(s)

2019-01-03 14:36:41 - [TEST_STEP][PASSED] - Statement - If (Checker == false): null

2019-01-03 14:36:41 - [TEST_STEP][PASSED] - delay: Delayed 2 second(s)

2019-01-03 14:36:43 - [MESSAGE][PASSED] - Delayed 2 second(s)

2019-01-03 14:36:43 - [TEST_STEP][PASSED] - delay: Delayed 5 second(s)

2019-01-03 14:36:48 - [MESSAGE][PASSED] - Delayed 5 second(s)

2019-01-03 14:36:48 - [TEST_STEP][PASSED] - mouseOver: Object: 'Object Repository/Final Object Repo/Landing Page/WorkFlow Menu' is hovered

2019-01-03 14:36:48 - [MESSAGE][PASSED] - Object: 'Object Repository/Final Object Repo/Landing Page/WorkFlow Menu' is hovered

2019-01-03 14:36:48 - [TEST_STEP][PASSED] - delay: Delayed 2 second(s)

2019-01-03 14:36:50 - [MESSAGE][PASSED] - Delayed 2 second(s)

2019-01-03 14:36:50 - [TEST_STEP][PASSED] - click: Object: 'Object Repository/Final Object Repo/Landing Page/Select to Workflow Listing' is clicked on

2019-01-03 14:36:51 - [MESSAGE][PASSED] - Object: 'Object Repository/Final Object Repo/Landing Page/Select to Workflow Listing' is clicked on

2019-01-03 14:36:51 - [TEST_STEP][PASSED] - delay: Delayed 2 second(s)

2019-01-03 14:36:53 - [MESSAGE][PASSED] - Delayed 2 second(s)

2019-01-03 14:36:53 - [TEST_STEP][PASSED] - click: Object: 'Object Repository/Final Object Repo/WorkFlow Listing Page/Search Information - To Put Ref No' is clicked on

2019-01-03 14:36:54 - [MESSAGE][PASSED] - Object: 'Object Repository/Final Object Repo/WorkFlow Listing Page/Search Information - To Put Ref No' is clicked on

2019-01-03 14:36:54 - [TEST_STEP][PASSED] - delay: Delayed 2 second(s)

2019-01-03 14:36:56 - [MESSAGE][PASSED] - Delayed 2 second(s)

2019-01-03 14:36:56 - [TEST_STEP][PASSED] - callTestCase: Call Test Case 'Test Cases/Final Aug 2018 - PKS Automation/Common/Reference Number Getter' successfully

2019-01-03 14:36:56 - [TEST_CASE][PASSED] - Test Cases/Final Aug 2018 - PKS Automation/Common/Reference Number Getter: Test Cases/Final Aug 2018 - PKS Automation/Common/Reference Number Getter

2019-01-03 14:36:56 - [TEST_STEP][PASSED] - Statement - Try: null

2019-01-03 14:36:56 - [TEST_STEP][PASSED] - Statement - RefNo = new java.io.File(C://Users//Admin//Desktop//PKS//Automation Reference Point//KatalonReference.txt): null

2019-01-03 14:36:56 - [TEST_STEP][PASSED] - Statement - bufferread = new java.io.BufferedReader(new java.io.FileReader(RefNo)): null

2019-01-03 14:36:56 - [TEST_STEP][PASSED] - Statement - readedVal = bufferread.readLine(): null

2019-01-03 14:36:56 - [TEST_STEP][PASSED] - Statement - out.println(CaseReferenceNo): null

2019-01-03 14:36:56 - [TEST_STEP][PASSED] - Statement - out.println(readedVal): null

2019-01-03 14:36:56 - [TEST_STEP][PASSED] - Statement - CaseReferenceNo = "": null

2019-01-03 14:36:56 - [TEST_STEP][PASSED] - Statement - CaseReferenceNo = readedVal: null

2019-01-03 14:36:56 - [MESSAGE][PASSED] - Call Test Case 'Test Cases/Final Aug 2018 - PKS Automation/Common/Reference Number Getter' successfully

2019-01-03 14:36:56 - [TEST_STEP][PASSED] - setText: Text 'ERN012019C200002580' is set on object 'Object Repository/Final Object Repo/WorkFlow Listing Page/Ref No Set Text'

2019-01-03 14:36:56 - [MESSAGE][PASSED] - Text 'ERN012019C200002580' is set on object 'Object Repository/Final Object Repo/WorkFlow Listing Page/Ref No Set Text'

2019-01-03 14:36:56 - [TEST_STEP][PASSED] - delay: Delayed 2 second(s)

2019-01-03 14:36:58 - [MESSAGE][PASSED] - Delayed 2 second(s)

2019-01-03 14:36:58 - [TEST_STEP][PASSED] - click: Object: 'Object Repository/Final Object Repo/WorkFlow Listing Page/Search Ref No Search Button' is clicked on

2019-01-03 14:36:58 - [MESSAGE][PASSED] - Object: 'Object Repository/Final Object Repo/WorkFlow Listing Page/Search Ref No Search Button' is clicked on

2019-01-03 14:36:58 - [TEST_STEP][PASSED] - delay: Delayed 6 second(s)

2019-01-03 14:37:04 - [MESSAGE][PASSED] - Delayed 6 second(s)

2019-01-03 14:37:04 - [TEST_STEP][PASSED] - click: Object: 'Object Repository/Final Object Repo/WorkFlow Listing Page/Click Continue Tooltip' is clicked on

2019-01-03 14:37:05 - [MESSAGE][PASSED] - Object: 'Object Repository/Final Object Repo/WorkFlow Listing Page/Click Continue Tooltip' is clicked on

2019-01-03 14:37:05 - [TEST_STEP][PASSED] - delay: Delayed 5 second(s)

2019-01-03 14:37:10 - [MESSAGE][PASSED] - Delayed 5 second(s)

2019-01-03 14:37:10 - [TEST_STEP][PASSED] - doubleClick: Object: 'Object Repository/Final Object Repo/WorkFlow Listing Page/Workflow Found - Listing 1' is double clicked on

2019-01-03 14:37:10 - [MESSAGE][PASSED] - Object: 'Object Repository/Final Object Repo/WorkFlow Listing Page/Workflow Found - Listing 1' is double clicked on

2019-01-03 14:37:10 - [TEST_STEP][PASSED] - Statement - println(OwnerID): null

2019-01-03 14:37:10 - [TEST_STEP][PASSED] - Statement - OwnerID = com.kms.katalon.core.webui.keyword.WebUiBuiltInKeywords.getText(com.kms.katalon.core.testobject.ObjectRepository.findTestObject(Final Object Repo/WorkFlow Listing Page/Workflow Found - Listing 1), STOP_ON_FAILURE): Text of object 'Object Repository/Final Object Repo/WorkFlow Listing Page/Workflow Found - Listing 1' is: 'JOHORuo1'

2019-01-03 14:37:10 - [MESSAGE][PASSED] - Text of object 'Object Repository/Final Object Repo/WorkFlow Listing Page/Workflow Found - Listing 1' is: 'JOHORuo1'

2019-01-03 14:37:10 - [TEST_STEP][PASSED] - Statement - OwnerID = OwnerID.toLowerCase() + "@gmail.com": null

2019-01-03 14:37:10 - [TEST_STEP][PASSED] - Statement - println(OwnerID): null

2019-01-03 14:37:10 - [TEST_STEP][PASSED] - delay: Delayed 2 second(s)

2019-01-03 14:37:12 - [MESSAGE][PASSED] - Delayed 2 second(s)

2019-01-03 14:37:12 - [MESSAGE][PASSED] - Call Test Case 'Test Cases/Final Aug 2018 - PKS Automation/Common/Workflow Owner Finder' successfully

2019-01-03 14:37:12 - [TEST_STEP][PASSED] - delay: Delayed 1 second(s)

2019-01-03 14:37:13 - [MESSAGE][PASSED] - Delayed 1 second(s)

2019-01-03 14:37:13 - [TEST_STEP][PASSED] - navigateToUrl: Navigate to 'https://assist2-uat.perkeso.gov.my/c/portal/logout' successfully

2019-01-03 14:37:14 - [MESSAGE][PASSED] - Navigate to 'https://assist2-uat.perkeso.gov.my/c/portal/logout' successfully

2019-01-03 14:37:14 - [TEST_STEP][PASSED] - delay: Delayed 1 second(s)

2019-01-03 14:37:15 - [MESSAGE][PASSED] - Delayed 1 second(s)

2019-01-03 14:37:15 - [TEST_STEP][PASSED] - callTestCase: Call Test Case 'Test Cases/Final Aug 2018 - PKS Automation/Registration Module/Workflow/Login and Search Case For Workflow' successfully

2019-01-03 14:37:15 - [TEST_CASE][PASSED] - Test Cases/Final Aug 2018 - PKS Automation/Registration Module/Workflow/Login and Search Case For Workflow: Test Cases/Final Aug 2018 - PKS Automation/Registration Module/Workflow/Login and Search Case For Workflow

2019-01-03 14:37:15 - [TEST_STEP][PASSED] - navigateToUrl: Navigate to 'https://assist2-uat.perkeso.gov.my/login' successfully

2019-01-03 14:37:16 - [MESSAGE][PASSED] - Navigate to 'https://assist2-uat.perkeso.gov.my/login' successfully

2019-01-03 14:37:16 - [TEST_STEP][PASSED] - setText: Text 'johoruo1@gmail.com' is set on object 'Object Repository/Final Object Repo/Login Page/Internal User/Email Address'

2019-01-03 14:37:16 - [MESSAGE][PASSED] - Text 'johoruo1@gmail.com' is set on object 'Object Repository/Final Object Repo/Login Page/Internal User/Email Address'

2019-01-03 14:37:16 - [TEST_STEP][PASSED] - click: Object: 'Object Repository/Final Object Repo/Login Page/Internal User/Next Button' is clicked on

2019-01-03 14:37:16 - [MESSAGE][PASSED] - Object: 'Object Repository/Final Object Repo/Login Page/Internal User/Next Button' is clicked on

2019-01-03 14:37:16 - [TEST_STEP][PASSED] - delay: Delayed 1 second(s)

2019-01-03 14:37:17 - [MESSAGE][PASSED] - Delayed 1 second(s)

2019-01-03 14:37:17 - [TEST_STEP][PASSED] - setEncryptedText: Text ****** has been set on object 'Object Repository/Final Object Repo/Login Page/Internal User/Password'

2019-01-03 14:37:17 - [MESSAGE][PASSED] - Text ****** has been set on object 'Object Repository/Final Object Repo/Login Page/Internal User/Password'

2019-01-03 14:37:17 - [TEST_STEP][PASSED] - click: Object: 'Object Repository/Final Object Repo/Login Page/Internal User/Login Button' is clicked on

2019-01-03 14:37:18 - [MESSAGE][PASSED] - Object: 'Object Repository/Final Object Repo/Login Page/Internal User/Login Button' is clicked on

2019-01-03 14:37:18 - [TEST_STEP][PASSED] - delay: Delayed 2 second(s)

2019-01-03 14:37:20 - [MESSAGE][PASSED] - Delayed 2 second(s)

2019-01-03 14:37:20 - [TEST_STEP][PASSED] - Statement - Try: Delayed 2 second(s)

2019-01-03 14:37:20 - [TEST_STEP][PASSED] - Statement - Checker = false: null

2019-01-03 14:37:20 - [TEST_STEP][PASSED] - Statement - Checker = com.kms.katalon.core.webui.keyword.WebUiBuiltInKeywords.verifyElementHasAttribute(com.kms.katalon.core.testobject.ObjectRepository.findTestObject(Final Object Repo/Landing Page/BM Detecting), "href", 20, OPTIONAL): Object 'Object Repository/Final Object Repo/Landing Page/BM Detecting' has attribute 'href'

2019-01-03 14:37:20 - [MESSAGE][PASSED] - Object 'Object Repository/Final Object Repo/Landing Page/BM Detecting' has attribute 'href'

2019-01-03 14:37:20 - [TEST_STEP][PASSED] - Statement - out.println(Checker): null

2019-01-03 14:37:20 - [TEST_STEP][PASSED] - Statement - If (Checker == false): null

2019-01-03 14:37:20 - [TEST_STEP][PASSED] - Statement - Else: null

2019-01-03 14:37:20 - [TEST_STEP][PASSED] - delay: Delayed 2 second(s)

2019-01-03 14:37:22 - [MESSAGE][PASSED] - Delayed 2 second(s)

2019-01-03 14:37:22 - [TEST_STEP][PASSED] - click: Object: 'Object Repository/Final Object Repo/Page_MyASSIST - ASSIST - Search Pending Case For Add Supporting Document/Search Information' is clicked on

2019-01-03 14:37:22 - [MESSAGE][PASSED] - Object: 'Object Repository/Final Object Repo/Page_MyASSIST - ASSIST - Search Pending Case For Add Supporting Document/Search Information' is clicked on

2019-01-03 14:37:22 - [TEST_STEP][PASSED] - delay: Delayed 3 second(s)

2019-01-03 14:37:25 - [MESSAGE][PASSED] - Delayed 3 second(s)

2019-01-03 14:37:25 - [TEST_STEP][PASSED] - sendKeys: Keys 'ERN012019C200002580' sent to object: 'Object Repository/Final Object Repo/Page_MyASSIST - ASSIST - Search Pending Case For Add Supporting Document/Reference No'

2019-01-03 14:37:25 - [MESSAGE][PASSED] - Keys 'ERN012019C200002580' sent to object: 'Object Repository/Final Object Repo/Page_MyASSIST - ASSIST - Search Pending Case For Add Supporting Document/Reference No'

2019-01-03 14:37:25 - [TEST_STEP][PASSED] - click: Object: 'Object Repository/Final Object Repo/Page_MyASSIST - ASSIST - Search Pending Case For Add Supporting Document/Search Reference No' is clicked on

2019-01-03 14:37:25 - [MESSAGE][PASSED] - Object: 'Object Repository/Final Object Repo/Page_MyASSIST - ASSIST - Search Pending Case For Add Supporting Document/Search Reference No' is clicked on

2019-01-03 14:37:25 - [TEST_STEP][PASSED] - delay: Delayed 2 second(s)

2019-01-03 14:37:27 - [MESSAGE][PASSED] - Delayed 2 second(s)

2019-01-03 14:37:27 - [TEST_STEP][PASSED] - click: Object: 'Object Repository/Final Object Repo/Page_MyASSIST - ASSIST - Search Pending Case For Add Supporting Document/Continue' is clicked on

2019-01-03 14:37:31 - [MESSAGE][PASSED] - Object: 'Object Repository/Final Object Repo/Page_MyASSIST - ASSIST - Search Pending Case For Add Supporting Document/Continue' is clicked on

2019-01-03 14:37:31 - [TEST_STEP][PASSED] - delay: Delayed 20 second(s)

2019-01-03 14:37:51 - [MESSAGE][PASSED] - Delayed 20 second(s)

2019-01-03 14:37:51 - [MESSAGE][PASSED] - Call Test Case 'Test Cases/Final Aug 2018 - PKS Automation/Registration Module/Workflow/Login and Search Case For Workflow' successfully

2019-01-03 14:37:51 - [TEST_STEP][PASSED] - click: Object: 'Object Repository/Final Object Repo/Page_Form 3 EIS - Cessation as Employer/Page_Form 3 EIS - Cessation as Employer (Approve)/Save  Continue in Form 3 Page' is clicked on

2019-01-03 14:37:51 - [MESSAGE][PASSED] - Object: 'Object Repository/Final Object Repo/Page_Form 3 EIS - Cessation as Employer/Page_Form 3 EIS - Cessation as Employer (Approve)/Save  Continue in Form 3 Page' is clicked on

2019-01-03 14:37:51 - [TEST_STEP][PASSED] - delay: Delayed 4 second(s)

2019-01-03 14:37:55 - [MESSAGE][PASSED] - Delayed 4 second(s)

2019-01-03 14:37:55 - [TEST_STEP][PASSED] - click: Object: 'Object Repository/Final Object Repo/Page_Form 3 EIS - Cessation as Employer/Page_Form 3 EIS - Cessation as Employer (Approve)/Save  Continue in Resigned Page' is clicked on

2019-01-03 14:37:55 - [MESSAGE][PASSED] - Object: 'Object Repository/Final Object Repo/Page_Form 3 EIS - Cessation as Employer/Page_Form 3 EIS - Cessation as Employer (Approve)/Save  Continue in Resigned Page' is clicked on

2019-01-03 14:37:55 - [TEST_STEP][PASSED] - delay: Delayed 2 second(s)

2019-01-03 14:37:57 - [MESSAGE][PASSED] - Delayed 2 second(s)

2019-01-03 14:37:57 - [TEST_STEP][PASSED] - setText: Text 'Remark' is set on object 'Object Repository/Final Object Repo/Page_Form 3 EIS - Cessation as Employer/Page_Form 3 EIS - Cessation as Employer (Query)/Query - Remark'

2019-01-03 14:37:59 - [MESSAGE][PASSED] - Text 'Remark' is set on object 'Object Repository/Final Object Repo/Page_Form 3 EIS - Cessation as Employer/Page_Form 3 EIS - Cessation as Employer (Query)/Query - Remark'

2019-01-03 14:37:59 - [TEST_STEP][PASSED] - delay: Delayed 2 second(s)

2019-01-03 14:38:01 - [MESSAGE][PASSED] - Delayed 2 second(s)

2019-01-03 14:38:01 - [TEST_STEP][PASSED] - click: Object: 'Object Repository/Final Object Repo/Page_Form 3 EIS - Cessation as Employer/Page_Form 3 EIS - Cessation as Employer (Query)/Save  Continue' is clicked on

2019-01-03 14:38:01 - [MESSAGE][PASSED] - Object: 'Object Repository/Final Object Repo/Page_Form 3 EIS - Cessation as Employer/Page_Form 3 EIS - Cessation as Employer (Query)/Save  Continue' is clicked on

2019-01-03 14:38:01 - [TEST_STEP][PASSED] - delay: Delayed 2 second(s)

2019-01-03 14:38:03 - [MESSAGE][PASSED] - Delayed 2 second(s)

2019-01-03 14:38:03 - [TEST_STEP][PASSED] - click: Object: 'Object Repository/Final Object Repo/Page_Form 3 EIS - Cessation as Employer/Page_Form 3 EIS - Cessation as Employer (Query)/Query' is clicked on

2019-01-03 14:38:06 - [MESSAGE][PASSED] - Object: 'Object Repository/Final Object Repo/Page_Form 3 EIS - Cessation as Employer/Page_Form 3 EIS - Cessation as Employer (Query)/Query' is clicked on

2019-01-03 14:38:06 - [TEST_STEP][PASSED] - delay: Delayed 2 second(s)

2019-01-03 14:38:08 - [MESSAGE][PASSED] - Delayed 2 second(s)

2019-01-03 14:38:08 - [TEST_STEP][PASSED] - click: Object: 'Object Repository/Final Object Repo/Page_Form 3 EIS - Cessation as Employer/Page_Form 3 EIS - Cessation as Employer (Query)/Confirm' is clicked on

2019-01-03 14:38:16 - [MESSAGE][PASSED] - Object: 'Object Repository/Final Object Repo/Page_Form 3 EIS - Cessation as Employer/Page_Form 3 EIS - Cessation as Employer (Query)/Confirm' is clicked on

2019-01-03 14:38:16 - [TEST_STEP][PASSED] - delay: Delayed 2 second(s)

2019-01-03 14:38:18 - [MESSAGE][PASSED] - Delayed 2 second(s)

2019-01-03 14:38:18 - [TEST_STEP][PASSED] - click: Object: 'Object Repository/Final Object Repo/Page_Form 3 EIS - Cessation as Employer/Page_Form 3 EIS - Cessation as Employer (Query)/Message The Case Is Under Query' is clicked on

2019-01-03 14:38:18 - [MESSAGE][PASSED] - Object: 'Object Repository/Final Object Repo/Page_Form 3 EIS - Cessation as Employer/Page_Form 3 EIS - Cessation as Employer (Query)/Message The Case Is Under Query' is clicked on

2019-01-03 14:38:18 - [TEST_STEP][PASSED] - click: Object: 'Object Repository/Final Object Repo/Page_Form 3 EIS - Cessation as Employer/Page_Form 3 EIS - Cessation as Employer (Query)/Letter of inquiry' is clicked on

2019-01-03 14:38:19 - [MESSAGE][PASSED] - Object: 'Object Repository/Final Object Repo/Page_Form 3 EIS - Cessation as Employer/Page_Form 3 EIS - Cessation as Employer (Query)/Letter of inquiry' is clicked on

2019-01-03 14:38:19 - [TEST_STEP][PASSED] - delay: Delayed 1 second(s)

2019-01-03 14:38:20 - [MESSAGE][PASSED] - Delayed 1 second(s)

2019-01-03 14:38:20 - [TEST_STEP][PASSED] - navigateToUrl: Navigate to 'https://assist2-uat.perkeso.gov.my/c/portal/logout' successfully

2019-01-03 14:38:21 - [MESSAGE][PASSED] - Navigate to 'https://assist2-uat.perkeso.gov.my/c/portal/logout' successfully

2019-01-03 14:38:21 - [TEST_STEP][PASSED] - delay: Delayed 1 second(s)

2019-01-03 14:38:22 - [MESSAGE][PASSED] - Delayed 1 second(s)

2019-01-03 14:38:22 - [TEST_STEP][PASSED] - callTestCase: Call Test Case 'Test Cases/Final Aug 2018 - PKS Automation/Registration Module/Workflow/Search Pending Case For Add Supporting Document (OTC)' successfully

2019-01-03 14:38:22 - [TEST_CASE][PASSED] - Test Cases/Final Aug 2018 - PKS Automation/Registration Module/Workflow/Search Pending Case For Add Supporting Document (OTC): Test Cases/Final Aug 2018 - PKS Automation/Registration Module/Workflow/Search Pending Case For Add Supporting Document (OTC)

2019-01-03 14:38:22 - [TEST_STEP][PASSED] - openBrowser: Browser is opened with url: ''

2019-01-03 14:38:22 - [MESSAGE][WARNING] - A browser is already opened. Closing browser and opening a new one

2019-01-03 14:38:26 - [MESSAGE][PASSED] - Browser is opened with url: ''

2019-01-03 14:38:26 - [TEST_STEP][PASSED] - navigateToUrl: Navigate to 'https://assist2-uat.perkeso.gov.my/login' successfully

2019-01-03 14:38:27 - [MESSAGE][PASSED] - Navigate to 'https://assist2-uat.perkeso.gov.my/login' successfully

2019-01-03 14:38:27 - [TEST_STEP][PASSED] - setText: Text 'johorotc1@gmail.com' is set on object 'Object Repository/Final Object Repo/Login Page/Internal User/Email Address'

2019-01-03 14:38:27 - [MESSAGE][PASSED] - Text 'johorotc1@gmail.com' is set on object 'Object Repository/Final Object Repo/Login Page/Internal User/Email Address'

2019-01-03 14:38:27 - [TEST_STEP][PASSED] - click: Object: 'Object Repository/Final Object Repo/Login Page/Internal User/Next Button' is clicked on

2019-01-03 14:38:27 - [MESSAGE][PASSED] - Object: 'Object Repository/Final Object Repo/Login Page/Internal User/Next Button' is clicked on

2019-01-03 14:38:27 - [TEST_STEP][PASSED] - delay: Delayed 1 second(s)

2019-01-03 14:38:28 - [MESSAGE][PASSED] - Delayed 1 second(s)

2019-01-03 14:38:28 - [TEST_STEP][PASSED] - setEncryptedText: Text ****** has been set on object 'Object Repository/Final Object Repo/Login Page/Internal User/Password'

2019-01-03 14:38:29 - [MESSAGE][PASSED] - Text ****** has been set on object 'Object Repository/Final Object Repo/Login Page/Internal User/Password'

2019-01-03 14:38:29 - [TEST_STEP][PASSED] - click: Object: 'Object Repository/Final Object Repo/Login Page/Internal User/Login Button' is clicked on

2019-01-03 14:38:29 - [MESSAGE][PASSED] - Object: 'Object Repository/Final Object Repo/Login Page/Internal User/Login Button' is clicked on

2019-01-03 14:38:29 - [TEST_STEP][PASSED] - delay: Delayed 1 second(s)

2019-01-03 14:38:30 - [MESSAGE][PASSED] - Delayed 1 second(s)

2019-01-03 14:38:30 - [TEST_STEP][PASSED] - Statement - Try: Delayed 2 second(s)

2019-01-03 14:38:30 - [TEST_STEP][PASSED] - Statement - Checker = false: null

2019-01-03 14:38:30 - [TEST_STEP][PASSED] - Statement - Checker = com.kms.katalon.core.webui.keyword.WebUiBuiltInKeywords.verifyElementHasAttribute(com.kms.katalon.core.testobject.ObjectRepository.findTestObject(Final Object Repo/Landing Page/BM Detecting), "href", 20, OPTIONAL): Object 'Object Repository/Final Object Repo/Landing Page/BM Detecting' has attribute 'href'

2019-01-03 14:38:31 - [MESSAGE][PASSED] - Object 'Object Repository/Final Object Repo/Landing Page/BM Detecting' has attribute 'href'

2019-01-03 14:38:31 - [TEST_STEP][PASSED] - Statement - out.println(Checker): null

2019-01-03 14:38:31 - [TEST_STEP][PASSED] - Statement - If (Checker == false): null

2019-01-03 14:38:31 - [TEST_STEP][PASSED] - Statement - Else: null

2019-01-03 14:38:31 - [TEST_STEP][PASSED] - delay: Delayed 2 second(s)

2019-01-03 14:38:33 - [MESSAGE][PASSED] - Delayed 2 second(s)

2019-01-03 14:38:33 - [TEST_STEP][PASSED] - navigateToUrl: Navigate to 'https://assist2-uat.perkeso.gov.my/web/registration/search/search-pending-case-for-add-supporting-document' successfully

2019-01-03 14:38:34 - [MESSAGE][PASSED] - Navigate to 'https://assist2-uat.perkeso.gov.my/web/registration/search/search-pending-case-for-add-supporting-document' successfully

2019-01-03 14:38:34 - [TEST_STEP][PASSED] - click: Object: 'Object Repository/Final Object Repo/Page_Search Pending Case For Add Suporting Document/Search By' is clicked on

2019-01-03 14:38:34 - [MESSAGE][PASSED] - Object: 'Object Repository/Final Object Repo/Page_Search Pending Case For Add Suporting Document/Search By' is clicked on

2019-01-03 14:38:34 - [TEST_STEP][PASSED] - click: Object: 'Object Repository/Final Object Repo/Page_Search Pending Case For Add Suporting Document/Search By - Reference ID' is clicked on

2019-01-03 14:38:34 - [MESSAGE][PASSED] - Object: 'Object Repository/Final Object Repo/Page_Search Pending Case For Add Suporting Document/Search By - Reference ID' is clicked on

2019-01-03 14:38:34 - [TEST_STEP][PASSED] - delay: Delayed 2 second(s)

2019-01-03 14:38:36 - [MESSAGE][PASSED] - Delayed 2 second(s)

2019-01-03 14:38:36 - [TEST_STEP][PASSED] - setText: Text 'ERN012019C200002580' is set on object 'Object Repository/Final Object Repo/Page_Search Pending Case For Add Suporting Document/Reference ID'

2019-01-03 14:38:36 - [MESSAGE][PASSED] - Text 'ERN012019C200002580' is set on object 'Object Repository/Final Object Repo/Page_Search Pending Case For Add Suporting Document/Reference ID'

2019-01-03 14:38:36 - [TEST_STEP][PASSED] - click: Object: 'Object Repository/Final Object Repo/Page_Search Pending Case For Add Suporting Document/Search' is clicked on

2019-01-03 14:38:36 - [MESSAGE][PASSED] - Object: 'Object Repository/Final Object Repo/Page_Search Pending Case For Add Suporting Document/Search' is clicked on

2019-01-03 14:38:36 - [TEST_STEP][PASSED] - delay: Delayed 2 second(s)

2019-01-03 14:38:38 - [MESSAGE][PASSED] - Delayed 2 second(s)

2019-01-03 14:38:38 - [TEST_STEP][PASSED] - click: Object: 'Object Repository/Final Object Repo/Page_Search Pending Case For Add Suporting Document/Edit' is clicked on

2019-01-03 14:38:41 - [MESSAGE][PASSED] - Object: 'Object Repository/Final Object Repo/Page_Search Pending Case For Add Suporting Document/Edit' is clicked on

2019-01-03 14:38:41 - [MESSAGE][PASSED] - Call Test Case 'Test Cases/Final Aug 2018 - PKS Automation/Registration Module/Workflow/Search Pending Case For Add Supporting Document (OTC)' successfully

2019-01-03 14:38:41 - [TEST_STEP][PASSED] - delay: Delayed 2 second(s)

2019-01-03 14:38:43 - [MESSAGE][PASSED] - Delayed 2 second(s)

2019-01-03 14:38:43 - [TEST_STEP][PASSED] - click: Object: 'Object Repository/Final Object Repo/Page_Form 3 EIS - Cessation as Employer/Page_Form 3 EIS - Cessation as Employer (Query - OTC - UO)/Next' is clicked on

2019-01-03 14:38:45 - [MESSAGE][PASSED] - Object: 'Object Repository/Final Object Repo/Page_Form 3 EIS - Cessation as Employer/Page_Form 3 EIS - Cessation as Employer (Query - OTC - UO)/Next' is clicked on

2019-01-03 14:38:45 - [TEST_STEP][PASSED] - delay: Delayed 2 second(s)

2019-01-03 14:38:47 - [MESSAGE][PASSED] - Delayed 2 second(s)

2019-01-03 14:38:47 - [TEST_STEP][PASSED] - click: Object: 'Object Repository/Final Object Repo/Page_Form 3 EIS - Cessation as Employer/Page_Form 3 EIS - Cessation as Employer (Query - OTC - UO)/Next in Resigned Page' is clicked on

2019-01-03 14:38:50 - [MESSAGE][PASSED] - Object: 'Object Repository/Final Object Repo/Page_Form 3 EIS - Cessation as Employer/Page_Form 3 EIS - Cessation as Employer (Query - OTC - UO)/Next in Resigned Page' is clicked on

2019-01-03 14:38:50 - [TEST_STEP][PASSED] - delay: Delayed 2 second(s)

2019-01-03 14:38:52 - [MESSAGE][PASSED] - Delayed 2 second(s)

2019-01-03 14:38:52 - [TEST_STEP][PASSED] - click: Object: 'Object Repository/Final Object Repo/Page_Form 3 EIS - Cessation as Employer/Page_Form 3 EIS - Cessation as Employer (Query - OTC - UO)/Add Document' is clicked on

2019-01-03 14:38:52 - [MESSAGE][PASSED] - Object: 'Object Repository/Final Object Repo/Page_Form 3 EIS - Cessation as Employer/Page_Form 3 EIS - Cessation as Employer (Query - OTC - UO)/Add Document' is clicked on

2019-01-03 14:38:52 - [TEST_STEP][PASSED] - delay: Delayed 2 second(s)

2019-01-03 14:38:54 - [MESSAGE][PASSED] - Delayed 2 second(s)

2019-01-03 14:38:54 - [TEST_STEP][PASSED] - click: Object: 'Object Repository/Final Object Repo/Page_Form 3 EIS - Cessation as Employer/Page_Form 3 EIS - Cessation as Employer (Query - OTC - UO)/Document Type' is clicked on

2019-01-03 14:38:55 - [MESSAGE][PASSED] - Object: 'Object Repository/Final Object Repo/Page_Form 3 EIS - Cessation as Employer/Page_Form 3 EIS - Cessation as Employer (Query - OTC - UO)/Document Type' is clicked on

2019-01-03 14:38:55 - [TEST_STEP][PASSED] - delay: Delayed 2 second(s)

2019-01-03 14:38:57 - [MESSAGE][PASSED] - Delayed 2 second(s)

2019-01-03 14:38:57 - [TEST_STEP][PASSED] - click: Object: 'Object Repository/Final Object Repo/Page_Form 3 EIS - Cessation as Employer/Page_Form 3 EIS - Cessation as Employer (Query - OTC - UO)/Document Type - Others' is clicked on

2019-01-03 14:38:58 - [MESSAGE][PASSED] - Object: 'Object Repository/Final Object Repo/Page_Form 3 EIS - Cessation as Employer/Page_Form 3 EIS - Cessation as Employer (Query - OTC - UO)/Document Type - Others' is clicked on

2019-01-03 14:38:58 - [TEST_STEP][PASSED] - delay: Delayed 2 second(s)

2019-01-03 14:39:00 - [MESSAGE][PASSED] - Delayed 2 second(s)

2019-01-03 14:39:00 - [TEST_STEP][PASSED] - sendKeys: Keys 'C:\Users\Public\Pictures\Sample Pictures\Koala.jpg' sent to object: 'Object Repository/Final Object Repo/Page_Form 3 EIS - Cessation as Employer/Page_Form 3 EIS - Cessation as Employer (Query - OTC - UO)/ploading File'

2019-01-03 14:39:00 - [MESSAGE][PASSED] - Keys 'C:\Users\Public\Pictures\Sample Pictures\Koala.jpg' sent to object: 'Object Repository/Final Object Repo/Page_Form 3 EIS - Cessation as Employer/Page_Form 3 EIS - Cessation as Employer (Query - OTC - UO)/ploading File'

2019-01-03 14:39:00 - [TEST_STEP][PASSED] - delay: Delayed 2 second(s)

2019-01-03 14:39:02 - [MESSAGE][PASSED] - Delayed 2 second(s)

2019-01-03 14:39:02 - [TEST_STEP][PASSED] - click: Object: 'Object Repository/Final Object Repo/Page_Form 3 EIS - Cessation as Employer/Page_Form 3 EIS - Cessation as Employer (Query - OTC - UO)/Add Document in Uploading Page' is clicked on

2019-01-03 14:39:02 - [MESSAGE][PASSED] - Object: 'Object Repository/Final Object Repo/Page_Form 3 EIS - Cessation as Employer/Page_Form 3 EIS - Cessation as Employer (Query - OTC - UO)/Add Document in Uploading Page' is clicked on

2019-01-03 14:39:02 - [TEST_STEP][PASSED] - delay: Delayed 2 second(s)

2019-01-03 14:39:04 - [MESSAGE][PASSED] - Delayed 2 second(s)

2019-01-03 14:39:04 - [TEST_STEP][PASSED] - click: Object: 'Object Repository/Final Object Repo/Page_Form 3 EIS - Cessation as Employer/Page_Form 3 EIS - Cessation as Employer (Query - OTC - UO)/Exit' is clicked on

2019-01-03 14:39:07 - [MESSAGE][PASSED] - Object: 'Object Repository/Final Object Repo/Page_Form 3 EIS - Cessation as Employer/Page_Form 3 EIS - Cessation as Employer (Query - OTC - UO)/Exit' is clicked on

2019-01-03 14:39:07 - [TEST_STEP][PASSED] - delay: Delayed 1 second(s)

2019-01-03 14:39:08 - [MESSAGE][PASSED] - Delayed 1 second(s)

2019-01-03 14:39:08 - [TEST_STEP][PASSED] - navigateToUrl: Navigate to 'https://assist2-uat.perkeso.gov.my/c/portal/logout' successfully

2019-01-03 14:39:09 - [MESSAGE][PASSED] - Navigate to 'https://assist2-uat.perkeso.gov.my/c/portal/logout' successfully

2019-01-03 14:39:09 - [TEST_STEP][PASSED] - delay: Delayed 1 second(s)

2019-01-03 14:39:10 - [MESSAGE][PASSED] - Delayed 1 second(s)

2019-01-03 14:39:10 - [TEST_STEP][PASSED] - callTestCase: Call Test Case 'Test Cases/Final Aug 2018 - PKS Automation/Registration Module/Workflow/Login and Search Case For Workflow' successfully

2019-01-03 14:39:10 - [TEST_CASE][PASSED] - Test Cases/Final Aug 2018 - PKS Automation/Registration Module/Workflow/Login and Search Case For Workflow: Test Cases/Final Aug 2018 - PKS Automation/Registration Module/Workflow/Login and Search Case For Workflow

2019-01-03 14:39:10 - [TEST_STEP][PASSED] - navigateToUrl: Navigate to 'https://assist2-uat.perkeso.gov.my/login' successfully

2019-01-03 14:39:10 - [MESSAGE][PASSED] - Navigate to 'https://assist2-uat.perkeso.gov.my/login' successfully

2019-01-03 14:39:10 - [TEST_STEP][PASSED] - setText: Text 'johoruo1@gmail.com' is set on object 'Object Repository/Final Object Repo/Login Page/Internal User/Email Address'

2019-01-03 14:39:10 - [MESSAGE][PASSED] - Text 'johoruo1@gmail.com' is set on object 'Object Repository/Final Object Repo/Login Page/Internal User/Email Address'

2019-01-03 14:39:10 - [TEST_STEP][PASSED] - click: Object: 'Object Repository/Final Object Repo/Login Page/Internal User/Next Button' is clicked on

2019-01-03 14:39:11 - [MESSAGE][PASSED] - Object: 'Object Repository/Final Object Repo/Login Page/Internal User/Next Button' is clicked on

2019-01-03 14:39:11 - [TEST_STEP][PASSED] - delay: Delayed 1 second(s)

2019-01-03 14:39:12 - [MESSAGE][PASSED] - Delayed 1 second(s)

2019-01-03 14:39:12 - [TEST_STEP][PASSED] - setEncryptedText: Text ****** has been set on object 'Object Repository/Final Object Repo/Login Page/Internal User/Password'

2019-01-03 14:39:12 - [MESSAGE][PASSED] - Text ****** has been set on object 'Object Repository/Final Object Repo/Login Page/Internal User/Password'

2019-01-03 14:39:12 - [TEST_STEP][PASSED] - click: Object: 'Object Repository/Final Object Repo/Login Page/Internal User/Login Button' is clicked on

2019-01-03 14:39:12 - [MESSAGE][PASSED] - Object: 'Object Repository/Final Object Repo/Login Page/Internal User/Login Button' is clicked on

2019-01-03 14:39:12 - [TEST_STEP][PASSED] - delay: Delayed 2 second(s)

2019-01-03 14:39:14 - [MESSAGE][PASSED] - Delayed 2 second(s)

2019-01-03 14:39:14 - [TEST_STEP][PASSED] - Statement - Try: Delayed 2 second(s)

2019-01-03 14:39:14 - [TEST_STEP][PASSED] - Statement - Checker = false: null

2019-01-03 14:39:14 - [TEST_STEP][PASSED] - Statement - Checker = com.kms.katalon.core.webui.keyword.WebUiBuiltInKeywords.verifyElementHasAttribute(com.kms.katalon.core.testobject.ObjectRepository.findTestObject(Final Object Repo/Landing Page/BM Detecting), "href", 20, OPTIONAL): Object 'Object Repository/Final Object Repo/Landing Page/BM Detecting' has attribute 'href'

2019-01-03 14:39:14 - [MESSAGE][PASSED] - Object 'Object Repository/Final Object Repo/Landing Page/BM Detecting' has attribute 'href'

2019-01-03 14:39:14 - [TEST_STEP][PASSED] - Statement - out.println(Checker): null

2019-01-03 14:39:14 - [TEST_STEP][PASSED] - Statement - If (Checker == false): null

2019-01-03 14:39:14 - [TEST_STEP][PASSED] - Statement - Else: null

2019-01-03 14:39:14 - [TEST_STEP][PASSED] - delay: Delayed 2 second(s)

2019-01-03 14:39:16 - [MESSAGE][PASSED] - Delayed 2 second(s)

2019-01-03 14:39:16 - [TEST_STEP][PASSED] - click: Object: 'Object Repository/Final Object Repo/Page_MyASSIST - ASSIST - Search Pending Case For Add Supporting Document/Search Information' is clicked on

2019-01-03 14:39:16 - [MESSAGE][PASSED] - Object: 'Object Repository/Final Object Repo/Page_MyASSIST - ASSIST - Search Pending Case For Add Supporting Document/Search Information' is clicked on

2019-01-03 14:39:16 - [TEST_STEP][PASSED] - delay: Delayed 3 second(s)

2019-01-03 14:39:19 - [MESSAGE][PASSED] - Delayed 3 second(s)

2019-01-03 14:39:19 - [TEST_STEP][PASSED] - sendKeys: Keys 'ERN012019C200002580' sent to object: 'Object Repository/Final Object Repo/Page_MyASSIST - ASSIST - Search Pending Case For Add Supporting Document/Reference No'

2019-01-03 14:39:19 - [MESSAGE][PASSED] - Keys 'ERN012019C200002580' sent to object: 'Object Repository/Final Object Repo/Page_MyASSIST - ASSIST - Search Pending Case For Add Supporting Document/Reference No'

2019-01-03 14:39:19 - [TEST_STEP][PASSED] - click: Object: 'Object Repository/Final Object Repo/Page_MyASSIST - ASSIST - Search Pending Case For Add Supporting Document/Search Reference No' is clicked on

2019-01-03 14:39:20 - [MESSAGE][PASSED] - Object: 'Object Repository/Final Object Repo/Page_MyASSIST - ASSIST - Search Pending Case For Add Supporting Document/Search Reference No' is clicked on

2019-01-03 14:39:20 - [TEST_STEP][PASSED] - delay: Delayed 2 second(s)

2019-01-03 14:39:22 - [MESSAGE][PASSED] - Delayed 2 second(s)

2019-01-03 14:39:22 - [TEST_STEP][PASSED] - click: Object: 'Object Repository/Final Object Repo/Page_MyASSIST - ASSIST - Search Pending Case For Add Supporting Document/Continue' is clicked on

2019-01-03 14:39:25 - [MESSAGE][PASSED] - Object: 'Object Repository/Final Object Repo/Page_MyASSIST - ASSIST - Search Pending Case For Add Supporting Document/Continue' is clicked on

2019-01-03 14:39:25 - [TEST_STEP][PASSED] - delay: Delayed 20 second(s)

2019-01-03 14:39:45 - [MESSAGE][PASSED] - Delayed 20 second(s)

2019-01-03 14:39:45 - [MESSAGE][PASSED] - Call Test Case 'Test Cases/Final Aug 2018 - PKS Automation/Registration Module/Workflow/Login and Search Case For Workflow' successfully

2019-01-03 14:39:45 - [TEST_STEP][PASSED] - click: Object: 'Object Repository/Final Object Repo/Page_Form 3 EIS - Cessation as Employer/Page_Form 3 EIS - Cessation as Employer (Approve)/Save  Continue in Form 3 Page' is clicked on

2019-01-03 14:39:45 - [MESSAGE][PASSED] - Object: 'Object Repository/Final Object Repo/Page_Form 3 EIS - Cessation as Employer/Page_Form 3 EIS - Cessation as Employer (Approve)/Save  Continue in Form 3 Page' is clicked on

2019-01-03 14:39:45 - [TEST_STEP][PASSED] - delay: Delayed 2 second(s)

2019-01-03 14:39:47 - [MESSAGE][PASSED] - Delayed 2 second(s)

2019-01-03 14:39:47 - [TEST_STEP][PASSED] - click: Object: 'Object Repository/Final Object Repo/Page_Form 3 EIS - Cessation as Employer/Page_Form 3 EIS - Cessation as Employer (Approve)/Save  Continue in Resigned Page' is clicked on

2019-01-03 14:39:47 - [MESSAGE][PASSED] - Object: 'Object Repository/Final Object Repo/Page_Form 3 EIS - Cessation as Employer/Page_Form 3 EIS - Cessation as Employer (Approve)/Save  Continue in Resigned Page' is clicked on

2019-01-03 14:39:47 - [TEST_STEP][PASSED] - delay: Delayed 2 second(s)

2019-01-03 14:39:49 - [MESSAGE][PASSED] - Delayed 2 second(s)

2019-01-03 14:39:49 - [TEST_STEP][PASSED] - click: Object: 'Object Repository/Final Object Repo/Page_Form 3 EIS - Cessation as Employer/Page_Form 3 EIS - Cessation as Employer (Approve)/Save  Continue in Uploading Page' is clicked on

2019-01-03 14:39:52 - [MESSAGE][PASSED] - Object: 'Object Repository/Final Object Repo/Page_Form 3 EIS - Cessation as Employer/Page_Form 3 EIS - Cessation as Employer (Approve)/Save  Continue in Uploading Page' is clicked on

2019-01-03 14:39:52 - [TEST_STEP][PASSED] - delay: Delayed 2 second(s)

2019-01-03 14:39:54 - [MESSAGE][PASSED] - Delayed 2 second(s)

2019-01-03 14:39:54 - [TEST_STEP][PASSED] - click: Object: 'Object Repository/Final Object Repo/Page_Form 3 EIS - Cessation as Employer/Page_Form 3 EIS - Cessation as Employer (Reject)/Reject' is clicked on

2019-01-03 14:39:57 - [MESSAGE][PASSED] - Object: 'Object Repository/Final Object Repo/Page_Form 3 EIS - Cessation as Employer/Page_Form 3 EIS - Cessation as Employer (Reject)/Reject' is clicked on

2019-01-03 14:39:57 - [TEST_STEP][PASSED] - delay: Delayed 2 second(s)

2019-01-03 14:39:59 - [MESSAGE][PASSED] - Delayed 2 second(s)

2019-01-03 14:39:59 - [TEST_STEP][PASSED] - click: Object: 'Object Repository/Final Object Repo/Page_Form 3 EIS - Cessation as Employer/Page_Form 3 EIS - Cessation as Employer (Reject)/Confirm' is clicked on

2019-01-03 14:40:00 - [MESSAGE][PASSED] - Object: 'Object Repository/Final Object Repo/Page_Form 3 EIS - Cessation as Employer/Page_Form 3 EIS - Cessation as Employer (Reject)/Confirm' is clicked on

2019-01-03 14:40:00 - [TEST_STEP][PASSED] - delay: Delayed 2 second(s)

2019-01-03 14:40:02 - [MESSAGE][PASSED] - Delayed 2 second(s)

2019-01-03 14:40:02 - [TEST_STEP][PASSED] - click: Object: 'Object Repository/Final Object Repo/Page_Form 3 EIS - Cessation as Employer/Page_Form 3 EIS - Cessation as Employer (Reject)/Message This Case has been Rejected' is clicked on

2019-01-03 14:40:09 - [MESSAGE][PASSED] - Object: 'Object Repository/Final Object Repo/Page_Form 3 EIS - Cessation as Employer/Page_Form 3 EIS - Cessation as Employer (Reject)/Message This Case has been Rejected' is clicked on

2019-01-03 14:40:09 - [TEST_STEP][PASSED] - click: Object: 'Object Repository/Final Object Repo/Page_Form 3 EIS - Cessation as Employer/Page_Form 3 EIS - Cessation as Employer (Reject)/Letter of update rejection' is clicked on

2019-01-03 14:40:10 - [MESSAGE][PASSED] - Object: 'Object Repository/Final Object Repo/Page_Form 3 EIS - Cessation as Employer/Page_Form 3 EIS - Cessation as Employer (Reject)/Letter of update rejection' is clicked on

2019-01-03 14:40:10 - [MESSAGE][PASSED] - Call Test Case 'Test Cases/Final Aug 2018 - PKS Automation/Registration Module/Workflow/Form 3 EIS - Cessation As Employer/Template/Form 3 A - Cessation As Employer (Query)' successfully]]></system-out>
         <system-err><![CDATA[]]></system-err>
      </testcase>
      <testcase name="Test Cases/Final Aug 2018 - PKS Automation/Registration Module/Workflow/Form 3 EIS - Cessation As Employer/OTC to UO (Reject)" classname="Test Cases/Final Aug 2018 - PKS Automation/Registration Module/Workflow/Form 3 EIS - Cessation As Employer/OTC to UO (Reject)" status="PASSED">
         <system-out><![CDATA[2019-01-03 14:40:10 - [TEST_CASE][PASSED] - Test Cases/Final Aug 2018 - PKS Automation/Registration Module/Workflow/Form 3 EIS - Cessation As Employer/OTC to UO (Reject): Test Cases/Final Aug 2018 - PKS Automation/Registration Module/Workflow/Form 3 EIS - Cessation As Employer/OTC to UO (Reject)

2019-01-03 14:40:10 - [TEST_STEP][PASSED] - callTestCase: Call Test Case 'Test Cases/Final Aug 2018 - PKS Automation/Registration Module/Workflow/Form 3 EIS - Cessation As Employer/Template/Form 3 A - Cessation As Employer (OTC)' successfully

2019-01-03 14:40:10 - [TEST_CASE][PASSED] - Test Cases/Final Aug 2018 - PKS Automation/Registration Module/Workflow/Form 3 EIS - Cessation As Employer/Template/Form 3 A - Cessation As Employer (OTC): Test Cases/Final Aug 2018 - PKS Automation/Registration Module/Workflow/Form 3 EIS - Cessation As Employer/Template/Form 3 A - Cessation As Employer (OTC)

2019-01-03 14:40:10 - [TEST_STEP][PASSED] - openBrowser: Browser is opened with url: ''

2019-01-03 14:40:10 - [MESSAGE][WARNING] - A browser is already opened. Closing browser and opening a new one

2019-01-03 14:40:14 - [MESSAGE][PASSED] - Browser is opened with url: ''

2019-01-03 14:40:14 - [TEST_STEP][PASSED] - navigateToUrl: Navigate to 'https://assist2-uat.perkeso.gov.my/login' successfully

2019-01-03 14:40:16 - [MESSAGE][PASSED] - Navigate to 'https://assist2-uat.perkeso.gov.my/login' successfully

2019-01-03 14:40:16 - [TEST_STEP][PASSED] - setText: Text 'johorotc1@gmail.com' is set on object 'Object Repository/Final Object Repo/Login Page/Internal User/Email Address'

2019-01-03 14:40:17 - [MESSAGE][PASSED] - Text 'johorotc1@gmail.com' is set on object 'Object Repository/Final Object Repo/Login Page/Internal User/Email Address'

2019-01-03 14:40:17 - [TEST_STEP][PASSED] - click: Object: 'Object Repository/Final Object Repo/Login Page/Internal User/Next Button' is clicked on

2019-01-03 14:40:17 - [MESSAGE][PASSED] - Object: 'Object Repository/Final Object Repo/Login Page/Internal User/Next Button' is clicked on

2019-01-03 14:40:17 - [TEST_STEP][PASSED] - delay: Delayed 1 second(s)

2019-01-03 14:40:18 - [MESSAGE][PASSED] - Delayed 1 second(s)

2019-01-03 14:40:18 - [TEST_STEP][PASSED] - setEncryptedText: Text ****** has been set on object 'Object Repository/Final Object Repo/Login Page/Internal User/Password'

2019-01-03 14:40:18 - [MESSAGE][PASSED] - Text ****** has been set on object 'Object Repository/Final Object Repo/Login Page/Internal User/Password'

2019-01-03 14:40:18 - [TEST_STEP][PASSED] - click: Object: 'Object Repository/Final Object Repo/Login Page/Internal User/Login Button' is clicked on

2019-01-03 14:40:18 - [MESSAGE][PASSED] - Object: 'Object Repository/Final Object Repo/Login Page/Internal User/Login Button' is clicked on

2019-01-03 14:40:18 - [TEST_STEP][PASSED] - delay: Delayed 1 second(s)

2019-01-03 14:40:19 - [MESSAGE][PASSED] - Delayed 1 second(s)

2019-01-03 14:40:19 - [TEST_STEP][PASSED] - Statement - Try: Delayed 2 second(s)

2019-01-03 14:40:19 - [TEST_STEP][PASSED] - Statement - Checker = false: null

2019-01-03 14:40:19 - [TEST_STEP][PASSED] - Statement - Checker = com.kms.katalon.core.webui.keyword.WebUiBuiltInKeywords.verifyElementHasAttribute(com.kms.katalon.core.testobject.ObjectRepository.findTestObject(Final Object Repo/Landing Page/BM Detecting), "href", 20, OPTIONAL): Object 'Object Repository/Final Object Repo/Landing Page/BM Detecting' has attribute 'href'

2019-01-03 14:40:20 - [MESSAGE][PASSED] - Object 'Object Repository/Final Object Repo/Landing Page/BM Detecting' has attribute 'href'

2019-01-03 14:40:20 - [TEST_STEP][PASSED] - Statement - out.println(Checker): null

2019-01-03 14:40:20 - [TEST_STEP][PASSED] - Statement - If (Checker == false): null

2019-01-03 14:40:20 - [TEST_STEP][PASSED] - Statement - Else: null

2019-01-03 14:40:20 - [TEST_STEP][PASSED] - delay: Delayed 2 second(s)

2019-01-03 14:40:22 - [MESSAGE][PASSED] - Delayed 2 second(s)

2019-01-03 14:40:22 - [TEST_STEP][PASSED] - navigateToUrl: Navigate to 'https://assist2-uat.perkeso.gov.my/web/registration/eis-update/form-3-eis-cessation-as-employer' successfully

2019-01-03 14:40:23 - [MESSAGE][PASSED] - Navigate to 'https://assist2-uat.perkeso.gov.my/web/registration/eis-update/form-3-eis-cessation-as-employer' successfully

2019-01-03 14:40:23 - [TEST_STEP][PASSED] - delay: Delayed 1 second(s)

2019-01-03 14:40:24 - [MESSAGE][PASSED] - Delayed 1 second(s)

2019-01-03 14:40:24 - [TEST_STEP][PASSED] - setText: Text 'E1102069769W' is set on object 'Object Repository/Final Object Repo/Page_Form 3 EIS - Cessation as Employer/Employer Code'

2019-01-03 14:40:24 - [MESSAGE][PASSED] - Text 'E1102069769W' is set on object 'Object Repository/Final Object Repo/Page_Form 3 EIS - Cessation as Employer/Employer Code'

2019-01-03 14:40:24 - [TEST_STEP][PASSED] - click: Object: 'Object Repository/Final Object Repo/Page_Form 3 EIS - Cessation as Employer/Search' is clicked on

2019-01-03 14:40:24 - [MESSAGE][PASSED] - Object: 'Object Repository/Final Object Repo/Page_Form 3 EIS - Cessation as Employer/Search' is clicked on

2019-01-03 14:40:24 - [TEST_STEP][PASSED] - click: Object: 'Object Repository/Final Object Repo/Page_Form 3 EIS - Cessation as Employer/Edit' is clicked on

2019-01-03 14:40:27 - [MESSAGE][PASSED] - Object: 'Object Repository/Final Object Repo/Page_Form 3 EIS - Cessation as Employer/Edit' is clicked on

2019-01-03 14:40:27 - [TEST_STEP][PASSED] - delay: Delayed 1 second(s)

2019-01-03 14:40:28 - [MESSAGE][PASSED] - Delayed 1 second(s)

2019-01-03 14:40:28 - [TEST_STEP][PASSED] - Statement - abc = com.kms.katalon.core.webui.keyword.WebUiBuiltInKeywords.getAttribute(com.kms.katalon.core.testobject.ObjectRepository.findTestObject(Final Object Repo/Page_Form 3 EIS - Cessation as Employer/Employer Status), "value"): Attribute 'value' of object 'Object Repository/Final Object Repo/Page_Form 3 EIS - Cessation as Employer/Employer Status' is: 'Active'

2019-01-03 14:40:28 - [MESSAGE][PASSED] - Attribute 'value' of object 'Object Repository/Final Object Repo/Page_Form 3 EIS - Cessation as Employer/Employer Status' is: 'Active'

2019-01-03 14:40:28 - [TEST_STEP][PASSED] - Statement - out.println(abc): null

2019-01-03 14:40:28 - [TEST_STEP][PASSED] - Statement - If (abc == "Active"): Object: 'Object Repository/Final Object Repo/Page_Form 3 EIS - Cessation as Employer/Dormant EIS' is clicked on

2019-01-03 14:40:28 - [TEST_STEP][PASSED] - click: Object: 'Object Repository/Final Object Repo/Page_Form 3 EIS - Cessation as Employer/Change Employer Status to' is clicked on

2019-01-03 14:40:28 - [MESSAGE][PASSED] - Object: 'Object Repository/Final Object Repo/Page_Form 3 EIS - Cessation as Employer/Change Employer Status to' is clicked on

2019-01-03 14:40:28 - [TEST_STEP][PASSED] - click: Object: 'Object Repository/Final Object Repo/Page_Form 3 EIS - Cessation as Employer/Dormant EIS' is clicked on

2019-01-03 14:40:28 - [MESSAGE][PASSED] - Object: 'Object Repository/Final Object Repo/Page_Form 3 EIS - Cessation as Employer/Dormant EIS' is clicked on

2019-01-03 14:40:28 - [TEST_STEP][PASSED] - click: Object: 'Object Repository/Final Object Repo/Page_Form 3 EIS - Cessation as Employer/Calender' is clicked on

2019-01-03 14:40:28 - [MESSAGE][PASSED] - Object: 'Object Repository/Final Object Repo/Page_Form 3 EIS - Cessation as Employer/Calender' is clicked on

2019-01-03 14:40:28 - [TEST_STEP][PASSED] - delay: Delayed 1 second(s)

2019-01-03 14:40:29 - [MESSAGE][PASSED] - Delayed 1 second(s)

2019-01-03 14:40:29 - [TEST_STEP][PASSED] - click: Object: 'Object Repository/Final Object Repo/Page_Form 3 EIS - Cessation as Employer/Calender - Date' is clicked on

2019-01-03 14:40:30 - [MESSAGE][PASSED] - Object: 'Object Repository/Final Object Repo/Page_Form 3 EIS - Cessation as Employer/Calender - Date' is clicked on

2019-01-03 14:40:30 - [TEST_STEP][PASSED] - click: Object: 'Object Repository/Final Object Repo/Page_Form 3 EIS - Cessation as Employer/Save  Continue in Form 3 EIS Page' is clicked on

2019-01-03 14:40:30 - [MESSAGE][PASSED] - Object: 'Object Repository/Final Object Repo/Page_Form 3 EIS - Cessation as Employer/Save  Continue in Form 3 EIS Page' is clicked on

2019-01-03 14:40:30 - [TEST_STEP][PASSED] - delay: Delayed 1 second(s)

2019-01-03 14:40:31 - [MESSAGE][PASSED] - Delayed 1 second(s)

2019-01-03 14:40:31 - [TEST_STEP][PASSED] - click: Object: 'Object Repository/Final Object Repo/Page_Form 3 EIS - Cessation as Employer/Employment Resign Date' is clicked on

2019-01-03 14:40:32 - [MESSAGE][PASSED] - Object: 'Object Repository/Final Object Repo/Page_Form 3 EIS - Cessation as Employer/Employment Resign Date' is clicked on

2019-01-03 14:40:32 - [TEST_STEP][PASSED] - selectOptionByValue: All options with value '2030' are selected in object 'Object Repository/Final Object Repo/Page_Form 3 EIS - Cessation as Employer/Employment Resign Date - Year' 

2019-01-03 14:40:32 - [MESSAGE][PASSED] - All options with value '2030' are selected in object 'Object Repository/Final Object Repo/Page_Form 3 EIS - Cessation as Employer/Employment Resign Date - Year' 

2019-01-03 14:40:32 - [TEST_STEP][PASSED] - delay: Delayed 2 second(s)

2019-01-03 14:40:34 - [MESSAGE][PASSED] - Delayed 2 second(s)

2019-01-03 14:40:34 - [TEST_STEP][PASSED] - click: Object: 'Object Repository/Final Object Repo/Page_Form 3 EIS - Cessation as Employer/Employment Resign Date - Year - Date' is clicked on

2019-01-03 14:40:34 - [MESSAGE][PASSED] - Object: 'Object Repository/Final Object Repo/Page_Form 3 EIS - Cessation as Employer/Employment Resign Date - Year - Date' is clicked on

2019-01-03 14:40:34 - [TEST_STEP][PASSED] - delay: Delayed 2 second(s)

2019-01-03 14:40:36 - [MESSAGE][PASSED] - Delayed 2 second(s)

2019-01-03 14:40:36 - [TEST_STEP][PASSED] - click: Object: 'Object Repository/Final Object Repo/Page_Form 3 EIS - Cessation as Employer/Save  Continue in Employment Resign Page' is clicked on

2019-01-03 14:40:36 - [MESSAGE][PASSED] - Object: 'Object Repository/Final Object Repo/Page_Form 3 EIS - Cessation as Employer/Save  Continue in Employment Resign Page' is clicked on

2019-01-03 14:40:36 - [TEST_STEP][PASSED] - delay: Delayed 2 second(s)

2019-01-03 14:40:38 - [MESSAGE][PASSED] - Delayed 2 second(s)

2019-01-03 14:40:38 - [TEST_STEP][PASSED] - click: Object: 'Object Repository/Final Object Repo/Page_Form 3 EIS - Cessation as Employer/Set Latest - Yes' is clicked on

2019-01-03 14:40:38 - [MESSAGE][PASSED] - Object: 'Object Repository/Final Object Repo/Page_Form 3 EIS - Cessation as Employer/Set Latest - Yes' is clicked on

2019-01-03 14:40:38 - [TEST_STEP][PASSED] - delay: Delayed 2 second(s)

2019-01-03 14:40:40 - [MESSAGE][PASSED] - Delayed 2 second(s)

2019-01-03 14:40:40 - [TEST_STEP][PASSED] - click: Object: 'Object Repository/Final Object Repo/Page_Form 3 EIS - Cessation as Employer/Add Document' is clicked on

2019-01-03 14:40:41 - [MESSAGE][PASSED] - Object: 'Object Repository/Final Object Repo/Page_Form 3 EIS - Cessation as Employer/Add Document' is clicked on

2019-01-03 14:40:41 - [TEST_STEP][PASSED] - delay: Delayed 3 second(s)

2019-01-03 14:40:44 - [MESSAGE][PASSED] - Delayed 3 second(s)

2019-01-03 14:40:44 - [TEST_STEP][PASSED] - click: Object: 'Object Repository/Final Object Repo/Page_Form 3 EIS - Cessation as Employer/Document Type' is clicked on

2019-01-03 14:40:45 - [MESSAGE][PASSED] - Object: 'Object Repository/Final Object Repo/Page_Form 3 EIS - Cessation as Employer/Document Type' is clicked on

2019-01-03 14:40:45 - [TEST_STEP][PASSED] - click: Object: 'Object Repository/Final Object Repo/Page_Form 3 EIS - Cessation as Employer/Document Type - Form 3' is clicked on

2019-01-03 14:40:45 - [MESSAGE][PASSED] - Object: 'Object Repository/Final Object Repo/Page_Form 3 EIS - Cessation as Employer/Document Type - Form 3' is clicked on

2019-01-03 14:40:45 - [TEST_STEP][PASSED] - delay: Delayed 2 second(s)

2019-01-03 14:40:47 - [MESSAGE][PASSED] - Delayed 2 second(s)

2019-01-03 14:40:47 - [TEST_STEP][PASSED] - sendKeys: Keys 'C:\Users\Public\Pictures\Sample Pictures\Koala.jpg' sent to object: 'Object Repository/Final Object Repo/Page_Form 3 EIS - Cessation as Employer/ploading File'

2019-01-03 14:40:47 - [MESSAGE][PASSED] - Keys 'C:\Users\Public\Pictures\Sample Pictures\Koala.jpg' sent to object: 'Object Repository/Final Object Repo/Page_Form 3 EIS - Cessation as Employer/ploading File'

2019-01-03 14:40:47 - [TEST_STEP][PASSED] - delay: Delayed 1 second(s)

2019-01-03 14:40:48 - [MESSAGE][PASSED] - Delayed 1 second(s)

2019-01-03 14:40:48 - [TEST_STEP][PASSED] - click: Object: 'Object Repository/Final Object Repo/Page_Form 3 EIS - Cessation as Employer/Add Document in Uploading Page' is clicked on

2019-01-03 14:40:49 - [MESSAGE][PASSED] - Object: 'Object Repository/Final Object Repo/Page_Form 3 EIS - Cessation as Employer/Add Document in Uploading Page' is clicked on

2019-01-03 14:40:49 - [TEST_STEP][PASSED] - delay: Delayed 2 second(s)

2019-01-03 14:40:51 - [MESSAGE][PASSED] - Delayed 2 second(s)

2019-01-03 14:40:51 - [TEST_STEP][PASSED] - Statement - CaseReferenceNo = com.kms.katalon.core.webui.keyword.WebUiBuiltInKeywords.getText(com.kms.katalon.core.testobject.ObjectRepository.findTestObject(Final Object Repo/Page_Update Employer Information/Reference Number in Update Employee Information Page)): Text of object 'Object Repository/Final Object Repo/Page_Update Employer Information/Reference Number in Update Employee Information Page' is: 'ERN012019C200002581'

2019-01-03 14:40:53 - [MESSAGE][PASSED] - Text of object 'Object Repository/Final Object Repo/Page_Update Employer Information/Reference Number in Update Employee Information Page' is: 'ERN012019C200002581'

2019-01-03 14:40:53 - [TEST_STEP][PASSED] - callTestCase: Call Test Case 'Test Cases/Final Aug 2018 - PKS Automation/Common/Reference Number Setter' successfully

2019-01-03 14:40:53 - [TEST_CASE][PASSED] - Test Cases/Final Aug 2018 - PKS Automation/Common/Reference Number Setter: Test Cases/Final Aug 2018 - PKS Automation/Common/Reference Number Setter

2019-01-03 14:40:53 - [TEST_STEP][PASSED] - Statement - RefNoOldFile = new java.io.File(C://Users//Admin//Desktop//PKS//Automation Reference Point//KatalonReference.txt): null

2019-01-03 14:40:53 - [TEST_STEP][PASSED] - Statement - RefNoOldFile.delete(): null

2019-01-03 14:40:53 - [TEST_STEP][PASSED] - delay: Delayed 5 second(s)

2019-01-03 14:40:58 - [MESSAGE][PASSED] - Delayed 5 second(s)

2019-01-03 14:40:58 - [TEST_STEP][PASSED] - Statement - RefNo = new java.io.File(C://Users//Admin//Desktop//PKS//Automation Reference Point//KatalonReference.txt): null

2019-01-03 14:40:58 - [TEST_STEP][PASSED] - Statement - f2 = new java.io.FileWriter(RefNo, false): null

2019-01-03 14:40:58 - [TEST_STEP][PASSED] - Statement - f2.write(CaseReferenceNo): null

2019-01-03 14:40:58 - [TEST_STEP][PASSED] - Statement - f2.close(): null

2019-01-03 14:40:58 - [TEST_STEP][PASSED] - Statement - out.println("


" + CaseReferenceNo + "


"): null

2019-01-03 14:40:58 - [MESSAGE][PASSED] - Call Test Case 'Test Cases/Final Aug 2018 - PKS Automation/Common/Reference Number Setter' successfully

2019-01-03 14:40:58 - [TEST_STEP][PASSED] - delay: Delayed 2 second(s)

2019-01-03 14:41:00 - [MESSAGE][PASSED] - Delayed 2 second(s)

2019-01-03 14:41:00 - [TEST_STEP][PASSED] - click: Object: 'Object Repository/Final Object Repo/Page_Form 3 EIS - Cessation as Employer/Save  Continue in Uploading Page' is clicked on

2019-01-03 14:41:00 - [MESSAGE][PASSED] - Object: 'Object Repository/Final Object Repo/Page_Form 3 EIS - Cessation as Employer/Save  Continue in Uploading Page' is clicked on

2019-01-03 14:41:00 - [TEST_STEP][PASSED] - delay: Delayed 2 second(s)

2019-01-03 14:41:02 - [MESSAGE][PASSED] - Delayed 2 second(s)

2019-01-03 14:41:02 - [TEST_STEP][PASSED] - click: Object: 'Object Repository/Final Object Repo/Page_Form 3 EIS - Cessation as Employer/Submit' is clicked on

2019-01-03 14:41:06 - [MESSAGE][PASSED] - Object: 'Object Repository/Final Object Repo/Page_Form 3 EIS - Cessation as Employer/Submit' is clicked on

2019-01-03 14:41:06 - [TEST_STEP][PASSED] - delay: Delayed 2 second(s)

2019-01-03 14:41:08 - [MESSAGE][PASSED] - Delayed 2 second(s)

2019-01-03 14:41:08 - [TEST_STEP][PASSED] - click: Object: 'Object Repository/Final Object Repo/Page_Form 3 EIS - Cessation as Employer/Confirm' is clicked on

2019-01-03 14:41:08 - [MESSAGE][PASSED] - Object: 'Object Repository/Final Object Repo/Page_Form 3 EIS - Cessation as Employer/Confirm' is clicked on

2019-01-03 14:41:08 - [TEST_STEP][PASSED] - delay: Delayed 2 second(s)

2019-01-03 14:41:10 - [MESSAGE][PASSED] - Delayed 2 second(s)

2019-01-03 14:41:10 - [TEST_STEP][PASSED] - click: Object: 'Object Repository/Final Object Repo/Page_Form 3 EIS - Cessation as Employer/Message Your Request will be routed to UO' is clicked on

2019-01-03 14:41:14 - [MESSAGE][PASSED] - Object: 'Object Repository/Final Object Repo/Page_Form 3 EIS - Cessation as Employer/Message Your Request will be routed to UO' is clicked on

2019-01-03 14:41:14 - [TEST_STEP][PASSED] - click: Object: 'Object Repository/Final Object Repo/Page_Form 3 EIS - Cessation as Employer/Letter of acknowledgement' is clicked on

2019-01-03 14:41:16 - [MESSAGE][PASSED] - Object: 'Object Repository/Final Object Repo/Page_Form 3 EIS - Cessation as Employer/Letter of acknowledgement' is clicked on

2019-01-03 14:41:16 - [MESSAGE][PASSED] - Call Test Case 'Test Cases/Final Aug 2018 - PKS Automation/Registration Module/Workflow/Form 3 EIS - Cessation As Employer/Template/Form 3 A - Cessation As Employer (OTC)' successfully

2019-01-03 14:41:16 - [TEST_STEP][PASSED] - callTestCase: Call Test Case 'Test Cases/Final Aug 2018 - PKS Automation/Registration Module/Workflow/Form 3 EIS - Cessation As Employer/Template/Form 3 A - Cessation As Employer (Reject)' successfully

2019-01-03 14:41:16 - [TEST_CASE][PASSED] - Test Cases/Final Aug 2018 - PKS Automation/Registration Module/Workflow/Form 3 EIS - Cessation As Employer/Template/Form 3 A - Cessation As Employer (Reject): Test Cases/Final Aug 2018 - PKS Automation/Registration Module/Workflow/Form 3 EIS - Cessation As Employer/Template/Form 3 A - Cessation As Employer (Reject)

2019-01-03 14:41:16 - [TEST_STEP][NOT_RUN] - callTestCase: NOT_RUN: callTestCase

2019-01-03 14:41:16 - [MESSAGE][NOT_RUN] - NOT_RUN: callTestCase

2019-01-03 14:41:16 - [TEST_STEP][PASSED] - delay: Delayed 1 second(s)

2019-01-03 14:41:17 - [MESSAGE][PASSED] - Delayed 1 second(s)

2019-01-03 14:41:17 - [TEST_STEP][PASSED] - navigateToUrl: Navigate to 'https://assist2-uat.perkeso.gov.my/c/portal/logout' successfully

2019-01-03 14:41:18 - [MESSAGE][PASSED] - Navigate to 'https://assist2-uat.perkeso.gov.my/c/portal/logout' successfully

2019-01-03 14:41:18 - [TEST_STEP][PASSED] - delay: Delayed 1 second(s)

2019-01-03 14:41:19 - [MESSAGE][PASSED] - Delayed 1 second(s)

2019-01-03 14:41:19 - [TEST_STEP][PASSED] - callTestCase: Call Test Case 'Test Cases/Final Aug 2018 - PKS Automation/Common/Reference Number Getter' successfully

2019-01-03 14:41:19 - [TEST_CASE][PASSED] - Test Cases/Final Aug 2018 - PKS Automation/Common/Reference Number Getter: Test Cases/Final Aug 2018 - PKS Automation/Common/Reference Number Getter

2019-01-03 14:41:19 - [TEST_STEP][PASSED] - Statement - Try: null

2019-01-03 14:41:19 - [TEST_STEP][PASSED] - Statement - RefNo = new java.io.File(C://Users//Admin//Desktop//PKS//Automation Reference Point//KatalonReference.txt): null

2019-01-03 14:41:19 - [TEST_STEP][PASSED] - Statement - bufferread = new java.io.BufferedReader(new java.io.FileReader(RefNo)): null

2019-01-03 14:41:19 - [TEST_STEP][PASSED] - Statement - readedVal = bufferread.readLine(): null

2019-01-03 14:41:19 - [TEST_STEP][PASSED] - Statement - out.println(CaseReferenceNo): null

2019-01-03 14:41:19 - [TEST_STEP][PASSED] - Statement - out.println(readedVal): null

2019-01-03 14:41:19 - [TEST_STEP][PASSED] - Statement - CaseReferenceNo = "": null

2019-01-03 14:41:19 - [TEST_STEP][PASSED] - Statement - CaseReferenceNo = readedVal: null

2019-01-03 14:41:19 - [MESSAGE][PASSED] - Call Test Case 'Test Cases/Final Aug 2018 - PKS Automation/Common/Reference Number Getter' successfully

2019-01-03 14:41:19 - [TEST_STEP][PASSED] - callTestCase: Call Test Case 'Test Cases/Final Aug 2018 - PKS Automation/Common/Workflow Owner Finder' successfully

2019-01-03 14:41:19 - [TEST_CASE][PASSED] - Test Cases/Final Aug 2018 - PKS Automation/Common/Workflow Owner Finder: Test Cases/Final Aug 2018 - PKS Automation/Common/Workflow Owner Finder

2019-01-03 14:41:19 - [TEST_STEP][PASSED] - openBrowser: Browser is opened with url: ''

2019-01-03 14:41:19 - [MESSAGE][WARNING] - A browser is already opened. Closing browser and opening a new one

2019-01-03 14:41:23 - [MESSAGE][PASSED] - Browser is opened with url: ''

2019-01-03 14:41:23 - [TEST_STEP][PASSED] - navigateToUrl: Navigate to 'https://assist2-uat.perkeso.gov.my/login' successfully

2019-01-03 14:41:24 - [MESSAGE][PASSED] - Navigate to 'https://assist2-uat.perkeso.gov.my/login' successfully

2019-01-03 14:41:24 - [TEST_STEP][PASSED] - delay: Delayed 5 second(s)

2019-01-03 14:41:29 - [MESSAGE][PASSED] - Delayed 5 second(s)

2019-01-03 14:41:29 - [TEST_STEP][PASSED] - setText: Text 'test@liferay.com' is set on object 'Object Repository/Final Object Repo/Login Page/Internal User/Email Address'

2019-01-03 14:41:29 - [MESSAGE][PASSED] - Text 'test@liferay.com' is set on object 'Object Repository/Final Object Repo/Login Page/Internal User/Email Address'

2019-01-03 14:41:29 - [TEST_STEP][PASSED] - click: Object: 'Object Repository/Final Object Repo/Login Page/Internal User/Next Button' is clicked on

2019-01-03 14:41:29 - [MESSAGE][PASSED] - Object: 'Object Repository/Final Object Repo/Login Page/Internal User/Next Button' is clicked on

2019-01-03 14:41:29 - [TEST_STEP][PASSED] - delay: Delayed 2 second(s)

2019-01-03 14:41:31 - [MESSAGE][PASSED] - Delayed 2 second(s)

2019-01-03 14:41:31 - [TEST_STEP][PASSED] - setText: Text 'test' is set on object 'Object Repository/Final Object Repo/Login Page/Internal User/Password'

2019-01-03 14:41:31 - [MESSAGE][PASSED] - Text 'test' is set on object 'Object Repository/Final Object Repo/Login Page/Internal User/Password'

2019-01-03 14:41:31 - [TEST_STEP][PASSED] - delay: Delayed 2 second(s)

2019-01-03 14:41:33 - [MESSAGE][PASSED] - Delayed 2 second(s)

2019-01-03 14:41:33 - [TEST_STEP][PASSED] - click: Object: 'Object Repository/Final Object Repo/Login Page/Internal User/Login Button' is clicked on

2019-01-03 14:41:34 - [MESSAGE][PASSED] - Object: 'Object Repository/Final Object Repo/Login Page/Internal User/Login Button' is clicked on

2019-01-03 14:41:34 - [TEST_STEP][PASSED] - Statement - tester = com.kms.katalon.core.testobject.ObjectRepository.findTestObject(Final Object Repo/Landing Page/Select to English): Finding Test Object with id 'Object Repository/Final Object Repo/Landing Page/Select to English'

2019-01-03 14:41:34 - [TEST_STEP][PASSED] - Statement - Try: Delayed 2 second(s)

2019-01-03 14:41:34 - [TEST_STEP][PASSED] - Statement - Checker = com.kms.katalon.core.webui.keyword.WebUiBuiltInKeywords.verifyElementNotPresent(tester, 3): Web element with id: 'Object Repository/Final Object Repo/Landing Page/Select to English' located by 'By.xpath: //a[@class = 'taglib-language-list-text' and @lang = 'en-US' and (contains(text(), 'EN') or contains(., 'EN'))]' is not present after '3' second(s)

2019-01-03 14:41:36 - [MESSAGE][PASSED] - Web element with id: 'Object Repository/Final Object Repo/Landing Page/Select to English' located by 'By.xpath: //a[@class = 'taglib-language-list-text' and @lang = 'en-US' and (contains(text(), 'EN') or contains(., 'EN'))]' is not present after '3' second(s)

2019-01-03 14:41:36 - [TEST_STEP][PASSED] - Statement - If (Checker == false): null

2019-01-03 14:41:36 - [TEST_STEP][PASSED] - delay: Delayed 2 second(s)

2019-01-03 14:41:38 - [MESSAGE][PASSED] - Delayed 2 second(s)

2019-01-03 14:41:38 - [TEST_STEP][PASSED] - delay: Delayed 5 second(s)

2019-01-03 14:41:43 - [MESSAGE][PASSED] - Delayed 5 second(s)

2019-01-03 14:41:43 - [TEST_STEP][PASSED] - mouseOver: Object: 'Object Repository/Final Object Repo/Landing Page/WorkFlow Menu' is hovered

2019-01-03 14:41:43 - [MESSAGE][PASSED] - Object: 'Object Repository/Final Object Repo/Landing Page/WorkFlow Menu' is hovered

2019-01-03 14:41:43 - [TEST_STEP][PASSED] - delay: Delayed 2 second(s)

2019-01-03 14:41:45 - [MESSAGE][PASSED] - Delayed 2 second(s)

2019-01-03 14:41:45 - [TEST_STEP][PASSED] - click: Object: 'Object Repository/Final Object Repo/Landing Page/Select to Workflow Listing' is clicked on

2019-01-03 14:41:46 - [MESSAGE][PASSED] - Object: 'Object Repository/Final Object Repo/Landing Page/Select to Workflow Listing' is clicked on

2019-01-03 14:41:46 - [TEST_STEP][PASSED] - delay: Delayed 2 second(s)

2019-01-03 14:41:48 - [MESSAGE][PASSED] - Delayed 2 second(s)

2019-01-03 14:41:48 - [TEST_STEP][PASSED] - click: Object: 'Object Repository/Final Object Repo/WorkFlow Listing Page/Search Information - To Put Ref No' is clicked on

2019-01-03 14:41:48 - [MESSAGE][PASSED] - Object: 'Object Repository/Final Object Repo/WorkFlow Listing Page/Search Information - To Put Ref No' is clicked on

2019-01-03 14:41:48 - [TEST_STEP][PASSED] - delay: Delayed 2 second(s)

2019-01-03 14:41:50 - [MESSAGE][PASSED] - Delayed 2 second(s)

2019-01-03 14:41:50 - [TEST_STEP][PASSED] - callTestCase: Call Test Case 'Test Cases/Final Aug 2018 - PKS Automation/Common/Reference Number Getter' successfully

2019-01-03 14:41:50 - [TEST_CASE][PASSED] - Test Cases/Final Aug 2018 - PKS Automation/Common/Reference Number Getter: Test Cases/Final Aug 2018 - PKS Automation/Common/Reference Number Getter

2019-01-03 14:41:50 - [TEST_STEP][PASSED] - Statement - Try: null

2019-01-03 14:41:50 - [TEST_STEP][PASSED] - Statement - RefNo = new java.io.File(C://Users//Admin//Desktop//PKS//Automation Reference Point//KatalonReference.txt): null

2019-01-03 14:41:50 - [TEST_STEP][PASSED] - Statement - bufferread = new java.io.BufferedReader(new java.io.FileReader(RefNo)): null

2019-01-03 14:41:50 - [TEST_STEP][PASSED] - Statement - readedVal = bufferread.readLine(): null

2019-01-03 14:41:50 - [TEST_STEP][PASSED] - Statement - out.println(CaseReferenceNo): null

2019-01-03 14:41:50 - [TEST_STEP][PASSED] - Statement - out.println(readedVal): null

2019-01-03 14:41:50 - [TEST_STEP][PASSED] - Statement - CaseReferenceNo = "": null

2019-01-03 14:41:50 - [TEST_STEP][PASSED] - Statement - CaseReferenceNo = readedVal: null

2019-01-03 14:41:50 - [MESSAGE][PASSED] - Call Test Case 'Test Cases/Final Aug 2018 - PKS Automation/Common/Reference Number Getter' successfully

2019-01-03 14:41:50 - [TEST_STEP][PASSED] - setText: Text 'ERN012019C200002581' is set on object 'Object Repository/Final Object Repo/WorkFlow Listing Page/Ref No Set Text'

2019-01-03 14:41:51 - [MESSAGE][PASSED] - Text 'ERN012019C200002581' is set on object 'Object Repository/Final Object Repo/WorkFlow Listing Page/Ref No Set Text'

2019-01-03 14:41:51 - [TEST_STEP][PASSED] - delay: Delayed 2 second(s)

2019-01-03 14:41:53 - [MESSAGE][PASSED] - Delayed 2 second(s)

2019-01-03 14:41:53 - [TEST_STEP][PASSED] - click: Object: 'Object Repository/Final Object Repo/WorkFlow Listing Page/Search Ref No Search Button' is clicked on

2019-01-03 14:41:53 - [MESSAGE][PASSED] - Object: 'Object Repository/Final Object Repo/WorkFlow Listing Page/Search Ref No Search Button' is clicked on

2019-01-03 14:41:53 - [TEST_STEP][PASSED] - delay: Delayed 6 second(s)

2019-01-03 14:41:59 - [MESSAGE][PASSED] - Delayed 6 second(s)

2019-01-03 14:41:59 - [TEST_STEP][PASSED] - click: Object: 'Object Repository/Final Object Repo/WorkFlow Listing Page/Click Continue Tooltip' is clicked on

2019-01-03 14:42:00 - [MESSAGE][PASSED] - Object: 'Object Repository/Final Object Repo/WorkFlow Listing Page/Click Continue Tooltip' is clicked on

2019-01-03 14:42:00 - [TEST_STEP][PASSED] - delay: Delayed 5 second(s)

2019-01-03 14:42:05 - [MESSAGE][PASSED] - Delayed 5 second(s)

2019-01-03 14:42:05 - [TEST_STEP][PASSED] - doubleClick: Object: 'Object Repository/Final Object Repo/WorkFlow Listing Page/Workflow Found - Listing 1' is double clicked on

2019-01-03 14:42:05 - [MESSAGE][PASSED] - Object: 'Object Repository/Final Object Repo/WorkFlow Listing Page/Workflow Found - Listing 1' is double clicked on

2019-01-03 14:42:05 - [TEST_STEP][PASSED] - Statement - println(OwnerID): null

2019-01-03 14:42:05 - [TEST_STEP][PASSED] - Statement - OwnerID = com.kms.katalon.core.webui.keyword.WebUiBuiltInKeywords.getText(com.kms.katalon.core.testobject.ObjectRepository.findTestObject(Final Object Repo/WorkFlow Listing Page/Workflow Found - Listing 1), STOP_ON_FAILURE): Text of object 'Object Repository/Final Object Repo/WorkFlow Listing Page/Workflow Found - Listing 1' is: 'JOHORuo2'

2019-01-03 14:42:05 - [MESSAGE][PASSED] - Text of object 'Object Repository/Final Object Repo/WorkFlow Listing Page/Workflow Found - Listing 1' is: 'JOHORuo2'

2019-01-03 14:42:05 - [TEST_STEP][PASSED] - Statement - OwnerID = OwnerID.toLowerCase() + "@gmail.com": null

2019-01-03 14:42:05 - [TEST_STEP][PASSED] - Statement - println(OwnerID): null

2019-01-03 14:42:05 - [TEST_STEP][PASSED] - delay: Delayed 2 second(s)

2019-01-03 14:42:07 - [MESSAGE][PASSED] - Delayed 2 second(s)

2019-01-03 14:42:07 - [MESSAGE][PASSED] - Call Test Case 'Test Cases/Final Aug 2018 - PKS Automation/Common/Workflow Owner Finder' successfully

2019-01-03 14:42:07 - [TEST_STEP][PASSED] - delay: Delayed 1 second(s)

2019-01-03 14:42:08 - [MESSAGE][PASSED] - Delayed 1 second(s)

2019-01-03 14:42:08 - [TEST_STEP][PASSED] - navigateToUrl: Navigate to 'https://assist2-uat.perkeso.gov.my/c/portal/logout' successfully

2019-01-03 14:42:09 - [MESSAGE][PASSED] - Navigate to 'https://assist2-uat.perkeso.gov.my/c/portal/logout' successfully

2019-01-03 14:42:09 - [TEST_STEP][PASSED] - delay: Delayed 1 second(s)

2019-01-03 14:42:10 - [MESSAGE][PASSED] - Delayed 1 second(s)

2019-01-03 14:42:10 - [TEST_STEP][PASSED] - callTestCase: Call Test Case 'Test Cases/Final Aug 2018 - PKS Automation/Registration Module/Workflow/Login and Search Case For Workflow' successfully

2019-01-03 14:42:10 - [TEST_CASE][PASSED] - Test Cases/Final Aug 2018 - PKS Automation/Registration Module/Workflow/Login and Search Case For Workflow: Test Cases/Final Aug 2018 - PKS Automation/Registration Module/Workflow/Login and Search Case For Workflow

2019-01-03 14:42:10 - [TEST_STEP][PASSED] - navigateToUrl: Navigate to 'https://assist2-uat.perkeso.gov.my/login' successfully

2019-01-03 14:42:11 - [MESSAGE][PASSED] - Navigate to 'https://assist2-uat.perkeso.gov.my/login' successfully

2019-01-03 14:42:11 - [TEST_STEP][PASSED] - setText: Text 'johoruo2@gmail.com' is set on object 'Object Repository/Final Object Repo/Login Page/Internal User/Email Address'

2019-01-03 14:42:11 - [MESSAGE][PASSED] - Text 'johoruo2@gmail.com' is set on object 'Object Repository/Final Object Repo/Login Page/Internal User/Email Address'

2019-01-03 14:42:11 - [TEST_STEP][PASSED] - click: Object: 'Object Repository/Final Object Repo/Login Page/Internal User/Next Button' is clicked on

2019-01-03 14:42:11 - [MESSAGE][PASSED] - Object: 'Object Repository/Final Object Repo/Login Page/Internal User/Next Button' is clicked on

2019-01-03 14:42:11 - [TEST_STEP][PASSED] - delay: Delayed 1 second(s)

2019-01-03 14:42:12 - [MESSAGE][PASSED] - Delayed 1 second(s)

2019-01-03 14:42:12 - [TEST_STEP][PASSED] - setEncryptedText: Text ****** has been set on object 'Object Repository/Final Object Repo/Login Page/Internal User/Password'

2019-01-03 14:42:12 - [MESSAGE][PASSED] - Text ****** has been set on object 'Object Repository/Final Object Repo/Login Page/Internal User/Password'

2019-01-03 14:42:12 - [TEST_STEP][PASSED] - click: Object: 'Object Repository/Final Object Repo/Login Page/Internal User/Login Button' is clicked on

2019-01-03 14:42:13 - [MESSAGE][PASSED] - Object: 'Object Repository/Final Object Repo/Login Page/Internal User/Login Button' is clicked on

2019-01-03 14:42:13 - [TEST_STEP][PASSED] - delay: Delayed 2 second(s)

2019-01-03 14:42:15 - [MESSAGE][PASSED] - Delayed 2 second(s)

2019-01-03 14:42:15 - [TEST_STEP][PASSED] - Statement - Try: Delayed 2 second(s)

2019-01-03 14:42:15 - [TEST_STEP][PASSED] - Statement - Checker = false: null

2019-01-03 14:42:15 - [TEST_STEP][PASSED] - Statement - Checker = com.kms.katalon.core.webui.keyword.WebUiBuiltInKeywords.verifyElementHasAttribute(com.kms.katalon.core.testobject.ObjectRepository.findTestObject(Final Object Repo/Landing Page/BM Detecting), "href", 20, OPTIONAL): Object 'Object Repository/Final Object Repo/Landing Page/BM Detecting' has attribute 'href'

2019-01-03 14:42:15 - [MESSAGE][PASSED] - Object 'Object Repository/Final Object Repo/Landing Page/BM Detecting' has attribute 'href'

2019-01-03 14:42:15 - [TEST_STEP][PASSED] - Statement - out.println(Checker): null

2019-01-03 14:42:15 - [TEST_STEP][PASSED] - Statement - If (Checker == false): null

2019-01-03 14:42:15 - [TEST_STEP][PASSED] - Statement - Else: null

2019-01-03 14:42:15 - [TEST_STEP][PASSED] - delay: Delayed 2 second(s)

2019-01-03 14:42:17 - [MESSAGE][PASSED] - Delayed 2 second(s)

2019-01-03 14:42:17 - [TEST_STEP][PASSED] - click: Object: 'Object Repository/Final Object Repo/Page_MyASSIST - ASSIST - Search Pending Case For Add Supporting Document/Search Information' is clicked on

2019-01-03 14:42:17 - [MESSAGE][PASSED] - Object: 'Object Repository/Final Object Repo/Page_MyASSIST - ASSIST - Search Pending Case For Add Supporting Document/Search Information' is clicked on

2019-01-03 14:42:17 - [TEST_STEP][PASSED] - delay: Delayed 3 second(s)

2019-01-03 14:42:20 - [MESSAGE][PASSED] - Delayed 3 second(s)

2019-01-03 14:42:20 - [TEST_STEP][PASSED] - sendKeys: Keys 'ERN012019C200002581' sent to object: 'Object Repository/Final Object Repo/Page_MyASSIST - ASSIST - Search Pending Case For Add Supporting Document/Reference No'

2019-01-03 14:42:20 - [MESSAGE][PASSED] - Keys 'ERN012019C200002581' sent to object: 'Object Repository/Final Object Repo/Page_MyASSIST - ASSIST - Search Pending Case For Add Supporting Document/Reference No'

2019-01-03 14:42:20 - [TEST_STEP][PASSED] - click: Object: 'Object Repository/Final Object Repo/Page_MyASSIST - ASSIST - Search Pending Case For Add Supporting Document/Search Reference No' is clicked on

2019-01-03 14:42:20 - [MESSAGE][PASSED] - Object: 'Object Repository/Final Object Repo/Page_MyASSIST - ASSIST - Search Pending Case For Add Supporting Document/Search Reference No' is clicked on

2019-01-03 14:42:20 - [TEST_STEP][PASSED] - delay: Delayed 2 second(s)

2019-01-03 14:42:22 - [MESSAGE][PASSED] - Delayed 2 second(s)

2019-01-03 14:42:22 - [TEST_STEP][PASSED] - click: Object: 'Object Repository/Final Object Repo/Page_MyASSIST - ASSIST - Search Pending Case For Add Supporting Document/Continue' is clicked on

2019-01-03 14:42:26 - [MESSAGE][PASSED] - Object: 'Object Repository/Final Object Repo/Page_MyASSIST - ASSIST - Search Pending Case For Add Supporting Document/Continue' is clicked on

2019-01-03 14:42:26 - [TEST_STEP][PASSED] - delay: Delayed 20 second(s)

2019-01-03 14:42:46 - [MESSAGE][PASSED] - Delayed 20 second(s)

2019-01-03 14:42:46 - [MESSAGE][PASSED] - Call Test Case 'Test Cases/Final Aug 2018 - PKS Automation/Registration Module/Workflow/Login and Search Case For Workflow' successfully

2019-01-03 14:42:46 - [TEST_STEP][PASSED] - click: Object: 'Object Repository/Final Object Repo/Page_Form 3 EIS - Cessation as Employer/Page_Form 3 EIS - Cessation as Employer (Approve)/Save  Continue in Form 3 Page' is clicked on

2019-01-03 14:42:46 - [MESSAGE][PASSED] - Object: 'Object Repository/Final Object Repo/Page_Form 3 EIS - Cessation as Employer/Page_Form 3 EIS - Cessation as Employer (Approve)/Save  Continue in Form 3 Page' is clicked on

2019-01-03 14:42:46 - [TEST_STEP][PASSED] - delay: Delayed 2 second(s)

2019-01-03 14:42:48 - [MESSAGE][PASSED] - Delayed 2 second(s)

2019-01-03 14:42:48 - [TEST_STEP][PASSED] - click: Object: 'Object Repository/Final Object Repo/Page_Form 3 EIS - Cessation as Employer/Page_Form 3 EIS - Cessation as Employer (Approve)/Save  Continue in Resigned Page' is clicked on

2019-01-03 14:42:48 - [MESSAGE][PASSED] - Object: 'Object Repository/Final Object Repo/Page_Form 3 EIS - Cessation as Employer/Page_Form 3 EIS - Cessation as Employer (Approve)/Save  Continue in Resigned Page' is clicked on

2019-01-03 14:42:48 - [TEST_STEP][PASSED] - delay: Delayed 2 second(s)

2019-01-03 14:42:50 - [MESSAGE][PASSED] - Delayed 2 second(s)

2019-01-03 14:42:50 - [TEST_STEP][PASSED] - click: Object: 'Object Repository/Final Object Repo/Page_Form 3 EIS - Cessation as Employer/Page_Form 3 EIS - Cessation as Employer (Approve)/Save  Continue in Uploading Page' is clicked on

2019-01-03 14:42:51 - [MESSAGE][PASSED] - Object: 'Object Repository/Final Object Repo/Page_Form 3 EIS - Cessation as Employer/Page_Form 3 EIS - Cessation as Employer (Approve)/Save  Continue in Uploading Page' is clicked on

2019-01-03 14:42:51 - [TEST_STEP][PASSED] - delay: Delayed 2 second(s)

2019-01-03 14:42:53 - [MESSAGE][PASSED] - Delayed 2 second(s)

2019-01-03 14:42:53 - [TEST_STEP][PASSED] - click: Object: 'Object Repository/Final Object Repo/Page_Form 3 EIS - Cessation as Employer/Page_Form 3 EIS - Cessation as Employer (Reject)/Reject' is clicked on

2019-01-03 14:42:56 - [MESSAGE][PASSED] - Object: 'Object Repository/Final Object Repo/Page_Form 3 EIS - Cessation as Employer/Page_Form 3 EIS - Cessation as Employer (Reject)/Reject' is clicked on

2019-01-03 14:42:56 - [TEST_STEP][PASSED] - delay: Delayed 2 second(s)

2019-01-03 14:42:58 - [MESSAGE][PASSED] - Delayed 2 second(s)

2019-01-03 14:42:58 - [TEST_STEP][PASSED] - click: Object: 'Object Repository/Final Object Repo/Page_Form 3 EIS - Cessation as Employer/Page_Form 3 EIS - Cessation as Employer (Reject)/Confirm' is clicked on

2019-01-03 14:42:59 - [MESSAGE][PASSED] - Object: 'Object Repository/Final Object Repo/Page_Form 3 EIS - Cessation as Employer/Page_Form 3 EIS - Cessation as Employer (Reject)/Confirm' is clicked on

2019-01-03 14:42:59 - [TEST_STEP][PASSED] - delay: Delayed 2 second(s)

2019-01-03 14:43:01 - [MESSAGE][PASSED] - Delayed 2 second(s)

2019-01-03 14:43:01 - [TEST_STEP][PASSED] - click: Object: 'Object Repository/Final Object Repo/Page_Form 3 EIS - Cessation as Employer/Page_Form 3 EIS - Cessation as Employer (Reject)/Message This Case has been Rejected' is clicked on

2019-01-03 14:43:05 - [MESSAGE][PASSED] - Object: 'Object Repository/Final Object Repo/Page_Form 3 EIS - Cessation as Employer/Page_Form 3 EIS - Cessation as Employer (Reject)/Message This Case has been Rejected' is clicked on

2019-01-03 14:43:05 - [TEST_STEP][PASSED] - click: Object: 'Object Repository/Final Object Repo/Page_Form 3 EIS - Cessation as Employer/Page_Form 3 EIS - Cessation as Employer (Reject)/Letter of update rejection' is clicked on

2019-01-03 14:43:06 - [MESSAGE][PASSED] - Object: 'Object Repository/Final Object Repo/Page_Form 3 EIS - Cessation as Employer/Page_Form 3 EIS - Cessation as Employer (Reject)/Letter of update rejection' is clicked on

2019-01-03 14:43:06 - [MESSAGE][PASSED] - Call Test Case 'Test Cases/Final Aug 2018 - PKS Automation/Registration Module/Workflow/Form 3 EIS - Cessation As Employer/Template/Form 3 A - Cessation As Employer (Reject)' successfully]]></system-out>
         <system-err><![CDATA[]]></system-err>
      </testcase>
      <testcase name="Test Cases/Final Aug 2018 - PKS Automation/Registration Module/Workflow/Form 3 EIS - Cessation As Employer/OTC to UO (Under enforcement)" classname="Test Cases/Final Aug 2018 - PKS Automation/Registration Module/Workflow/Form 3 EIS - Cessation As Employer/OTC to UO (Under enforcement)" status="PASSED">
         <system-out><![CDATA[2019-01-03 14:43:06 - [TEST_CASE][PASSED] - Test Cases/Final Aug 2018 - PKS Automation/Registration Module/Workflow/Form 3 EIS - Cessation As Employer/OTC to UO (Under enforcement): Test Cases/Final Aug 2018 - PKS Automation/Registration Module/Workflow/Form 3 EIS - Cessation As Employer/OTC to UO (Under enforcement)

2019-01-03 14:43:06 - [TEST_STEP][PASSED] - callTestCase: Call Test Case 'Test Cases/Final Aug 2018 - PKS Automation/Registration Module/Workflow/Form 3 EIS - Cessation As Employer/Template/Form 3 A - Cessation As Employer (OTC)' successfully

2019-01-03 14:43:06 - [TEST_CASE][PASSED] - Test Cases/Final Aug 2018 - PKS Automation/Registration Module/Workflow/Form 3 EIS - Cessation As Employer/Template/Form 3 A - Cessation As Employer (OTC): Test Cases/Final Aug 2018 - PKS Automation/Registration Module/Workflow/Form 3 EIS - Cessation As Employer/Template/Form 3 A - Cessation As Employer (OTC)

2019-01-03 14:43:06 - [TEST_STEP][PASSED] - openBrowser: Browser is opened with url: ''

2019-01-03 14:43:06 - [MESSAGE][WARNING] - A browser is already opened. Closing browser and opening a new one

2019-01-03 14:43:10 - [MESSAGE][PASSED] - Browser is opened with url: ''

2019-01-03 14:43:10 - [TEST_STEP][PASSED] - navigateToUrl: Navigate to 'https://assist2-uat.perkeso.gov.my/login' successfully

2019-01-03 14:43:11 - [MESSAGE][PASSED] - Navigate to 'https://assist2-uat.perkeso.gov.my/login' successfully

2019-01-03 14:43:11 - [TEST_STEP][PASSED] - setText: Text 'johorotc1@gmail.com' is set on object 'Object Repository/Final Object Repo/Login Page/Internal User/Email Address'

2019-01-03 14:43:12 - [MESSAGE][PASSED] - Text 'johorotc1@gmail.com' is set on object 'Object Repository/Final Object Repo/Login Page/Internal User/Email Address'

2019-01-03 14:43:12 - [TEST_STEP][PASSED] - click: Object: 'Object Repository/Final Object Repo/Login Page/Internal User/Next Button' is clicked on

2019-01-03 14:43:12 - [MESSAGE][PASSED] - Object: 'Object Repository/Final Object Repo/Login Page/Internal User/Next Button' is clicked on

2019-01-03 14:43:12 - [TEST_STEP][PASSED] - delay: Delayed 1 second(s)

2019-01-03 14:43:13 - [MESSAGE][PASSED] - Delayed 1 second(s)

2019-01-03 14:43:13 - [TEST_STEP][PASSED] - setEncryptedText: Text ****** has been set on object 'Object Repository/Final Object Repo/Login Page/Internal User/Password'

2019-01-03 14:43:13 - [MESSAGE][PASSED] - Text ****** has been set on object 'Object Repository/Final Object Repo/Login Page/Internal User/Password'

2019-01-03 14:43:13 - [TEST_STEP][PASSED] - click: Object: 'Object Repository/Final Object Repo/Login Page/Internal User/Login Button' is clicked on

2019-01-03 14:43:13 - [MESSAGE][PASSED] - Object: 'Object Repository/Final Object Repo/Login Page/Internal User/Login Button' is clicked on

2019-01-03 14:43:13 - [TEST_STEP][PASSED] - delay: Delayed 1 second(s)

2019-01-03 14:43:14 - [MESSAGE][PASSED] - Delayed 1 second(s)

2019-01-03 14:43:14 - [TEST_STEP][PASSED] - Statement - Try: Delayed 2 second(s)

2019-01-03 14:43:14 - [TEST_STEP][PASSED] - Statement - Checker = false: null

2019-01-03 14:43:14 - [TEST_STEP][PASSED] - Statement - Checker = com.kms.katalon.core.webui.keyword.WebUiBuiltInKeywords.verifyElementHasAttribute(com.kms.katalon.core.testobject.ObjectRepository.findTestObject(Final Object Repo/Landing Page/BM Detecting), "href", 20, OPTIONAL): Object 'Object Repository/Final Object Repo/Landing Page/BM Detecting' has attribute 'href'

2019-01-03 14:43:15 - [MESSAGE][PASSED] - Object 'Object Repository/Final Object Repo/Landing Page/BM Detecting' has attribute 'href'

2019-01-03 14:43:15 - [TEST_STEP][PASSED] - Statement - out.println(Checker): null

2019-01-03 14:43:15 - [TEST_STEP][PASSED] - Statement - If (Checker == false): null

2019-01-03 14:43:15 - [TEST_STEP][PASSED] - Statement - Else: null

2019-01-03 14:43:15 - [TEST_STEP][PASSED] - delay: Delayed 2 second(s)

2019-01-03 14:43:17 - [MESSAGE][PASSED] - Delayed 2 second(s)

2019-01-03 14:43:17 - [TEST_STEP][PASSED] - navigateToUrl: Navigate to 'https://assist2-uat.perkeso.gov.my/web/registration/eis-update/form-3-eis-cessation-as-employer' successfully

2019-01-03 14:43:18 - [MESSAGE][PASSED] - Navigate to 'https://assist2-uat.perkeso.gov.my/web/registration/eis-update/form-3-eis-cessation-as-employer' successfully

2019-01-03 14:43:18 - [TEST_STEP][PASSED] - delay: Delayed 1 second(s)

2019-01-03 14:43:19 - [MESSAGE][PASSED] - Delayed 1 second(s)

2019-01-03 14:43:19 - [TEST_STEP][PASSED] - setText: Text 'E1102069769W' is set on object 'Object Repository/Final Object Repo/Page_Form 3 EIS - Cessation as Employer/Employer Code'

2019-01-03 14:43:19 - [MESSAGE][PASSED] - Text 'E1102069769W' is set on object 'Object Repository/Final Object Repo/Page_Form 3 EIS - Cessation as Employer/Employer Code'

2019-01-03 14:43:19 - [TEST_STEP][PASSED] - click: Object: 'Object Repository/Final Object Repo/Page_Form 3 EIS - Cessation as Employer/Search' is clicked on

2019-01-03 14:43:19 - [MESSAGE][PASSED] - Object: 'Object Repository/Final Object Repo/Page_Form 3 EIS - Cessation as Employer/Search' is clicked on

2019-01-03 14:43:19 - [TEST_STEP][PASSED] - click: Object: 'Object Repository/Final Object Repo/Page_Form 3 EIS - Cessation as Employer/Edit' is clicked on

2019-01-03 14:43:22 - [MESSAGE][PASSED] - Object: 'Object Repository/Final Object Repo/Page_Form 3 EIS - Cessation as Employer/Edit' is clicked on

2019-01-03 14:43:22 - [TEST_STEP][PASSED] - delay: Delayed 1 second(s)

2019-01-03 14:43:23 - [MESSAGE][PASSED] - Delayed 1 second(s)

2019-01-03 14:43:23 - [TEST_STEP][PASSED] - Statement - abc = com.kms.katalon.core.webui.keyword.WebUiBuiltInKeywords.getAttribute(com.kms.katalon.core.testobject.ObjectRepository.findTestObject(Final Object Repo/Page_Form 3 EIS - Cessation as Employer/Employer Status), "value"): Attribute 'value' of object 'Object Repository/Final Object Repo/Page_Form 3 EIS - Cessation as Employer/Employer Status' is: 'Active'

2019-01-03 14:43:23 - [MESSAGE][PASSED] - Attribute 'value' of object 'Object Repository/Final Object Repo/Page_Form 3 EIS - Cessation as Employer/Employer Status' is: 'Active'

2019-01-03 14:43:23 - [TEST_STEP][PASSED] - Statement - out.println(abc): null

2019-01-03 14:43:23 - [TEST_STEP][PASSED] - Statement - If (abc == "Active"): Object: 'Object Repository/Final Object Repo/Page_Form 3 EIS - Cessation as Employer/Dormant EIS' is clicked on

2019-01-03 14:43:23 - [TEST_STEP][PASSED] - click: Object: 'Object Repository/Final Object Repo/Page_Form 3 EIS - Cessation as Employer/Change Employer Status to' is clicked on

2019-01-03 14:43:23 - [MESSAGE][PASSED] - Object: 'Object Repository/Final Object Repo/Page_Form 3 EIS - Cessation as Employer/Change Employer Status to' is clicked on

2019-01-03 14:43:23 - [TEST_STEP][PASSED] - click: Object: 'Object Repository/Final Object Repo/Page_Form 3 EIS - Cessation as Employer/Dormant EIS' is clicked on

2019-01-03 14:43:23 - [MESSAGE][PASSED] - Object: 'Object Repository/Final Object Repo/Page_Form 3 EIS - Cessation as Employer/Dormant EIS' is clicked on

2019-01-03 14:43:23 - [TEST_STEP][PASSED] - click: Object: 'Object Repository/Final Object Repo/Page_Form 3 EIS - Cessation as Employer/Calender' is clicked on

2019-01-03 14:43:24 - [MESSAGE][PASSED] - Object: 'Object Repository/Final Object Repo/Page_Form 3 EIS - Cessation as Employer/Calender' is clicked on

2019-01-03 14:43:24 - [TEST_STEP][PASSED] - delay: Delayed 1 second(s)

2019-01-03 14:43:25 - [MESSAGE][PASSED] - Delayed 1 second(s)

2019-01-03 14:43:25 - [TEST_STEP][PASSED] - click: Object: 'Object Repository/Final Object Repo/Page_Form 3 EIS - Cessation as Employer/Calender - Date' is clicked on

2019-01-03 14:43:25 - [MESSAGE][PASSED] - Object: 'Object Repository/Final Object Repo/Page_Form 3 EIS - Cessation as Employer/Calender - Date' is clicked on

2019-01-03 14:43:25 - [TEST_STEP][PASSED] - click: Object: 'Object Repository/Final Object Repo/Page_Form 3 EIS - Cessation as Employer/Save  Continue in Form 3 EIS Page' is clicked on

2019-01-03 14:43:25 - [MESSAGE][PASSED] - Object: 'Object Repository/Final Object Repo/Page_Form 3 EIS - Cessation as Employer/Save  Continue in Form 3 EIS Page' is clicked on

2019-01-03 14:43:25 - [TEST_STEP][PASSED] - delay: Delayed 1 second(s)

2019-01-03 14:43:26 - [MESSAGE][PASSED] - Delayed 1 second(s)

2019-01-03 14:43:26 - [TEST_STEP][PASSED] - click: Object: 'Object Repository/Final Object Repo/Page_Form 3 EIS - Cessation as Employer/Employment Resign Date' is clicked on

2019-01-03 14:43:27 - [MESSAGE][PASSED] - Object: 'Object Repository/Final Object Repo/Page_Form 3 EIS - Cessation as Employer/Employment Resign Date' is clicked on

2019-01-03 14:43:27 - [TEST_STEP][PASSED] - selectOptionByValue: All options with value '2030' are selected in object 'Object Repository/Final Object Repo/Page_Form 3 EIS - Cessation as Employer/Employment Resign Date - Year' 

2019-01-03 14:43:27 - [MESSAGE][PASSED] - All options with value '2030' are selected in object 'Object Repository/Final Object Repo/Page_Form 3 EIS - Cessation as Employer/Employment Resign Date - Year' 

2019-01-03 14:43:27 - [TEST_STEP][PASSED] - delay: Delayed 2 second(s)

2019-01-03 14:43:29 - [MESSAGE][PASSED] - Delayed 2 second(s)

2019-01-03 14:43:29 - [TEST_STEP][PASSED] - click: Object: 'Object Repository/Final Object Repo/Page_Form 3 EIS - Cessation as Employer/Employment Resign Date - Year - Date' is clicked on

2019-01-03 14:43:29 - [MESSAGE][PASSED] - Object: 'Object Repository/Final Object Repo/Page_Form 3 EIS - Cessation as Employer/Employment Resign Date - Year - Date' is clicked on

2019-01-03 14:43:29 - [TEST_STEP][PASSED] - delay: Delayed 2 second(s)

2019-01-03 14:43:31 - [MESSAGE][PASSED] - Delayed 2 second(s)

2019-01-03 14:43:31 - [TEST_STEP][PASSED] - click: Object: 'Object Repository/Final Object Repo/Page_Form 3 EIS - Cessation as Employer/Save  Continue in Employment Resign Page' is clicked on

2019-01-03 14:43:31 - [MESSAGE][PASSED] - Object: 'Object Repository/Final Object Repo/Page_Form 3 EIS - Cessation as Employer/Save  Continue in Employment Resign Page' is clicked on

2019-01-03 14:43:31 - [TEST_STEP][PASSED] - delay: Delayed 2 second(s)

2019-01-03 14:43:33 - [MESSAGE][PASSED] - Delayed 2 second(s)

2019-01-03 14:43:33 - [TEST_STEP][PASSED] - click: Object: 'Object Repository/Final Object Repo/Page_Form 3 EIS - Cessation as Employer/Set Latest - Yes' is clicked on

2019-01-03 14:43:33 - [MESSAGE][PASSED] - Object: 'Object Repository/Final Object Repo/Page_Form 3 EIS - Cessation as Employer/Set Latest - Yes' is clicked on

2019-01-03 14:43:33 - [TEST_STEP][PASSED] - delay: Delayed 2 second(s)

2019-01-03 14:43:35 - [MESSAGE][PASSED] - Delayed 2 second(s)

2019-01-03 14:43:35 - [TEST_STEP][PASSED] - click: Object: 'Object Repository/Final Object Repo/Page_Form 3 EIS - Cessation as Employer/Add Document' is clicked on

2019-01-03 14:43:37 - [MESSAGE][PASSED] - Object: 'Object Repository/Final Object Repo/Page_Form 3 EIS - Cessation as Employer/Add Document' is clicked on

2019-01-03 14:43:37 - [TEST_STEP][PASSED] - delay: Delayed 3 second(s)

2019-01-03 14:43:40 - [MESSAGE][PASSED] - Delayed 3 second(s)

2019-01-03 14:43:40 - [TEST_STEP][PASSED] - click: Object: 'Object Repository/Final Object Repo/Page_Form 3 EIS - Cessation as Employer/Document Type' is clicked on

2019-01-03 14:43:40 - [MESSAGE][PASSED] - Object: 'Object Repository/Final Object Repo/Page_Form 3 EIS - Cessation as Employer/Document Type' is clicked on

2019-01-03 14:43:40 - [TEST_STEP][PASSED] - click: Object: 'Object Repository/Final Object Repo/Page_Form 3 EIS - Cessation as Employer/Document Type - Form 3' is clicked on

2019-01-03 14:43:40 - [MESSAGE][PASSED] - Object: 'Object Repository/Final Object Repo/Page_Form 3 EIS - Cessation as Employer/Document Type - Form 3' is clicked on

2019-01-03 14:43:40 - [TEST_STEP][PASSED] - delay: Delayed 2 second(s)

2019-01-03 14:43:42 - [MESSAGE][PASSED] - Delayed 2 second(s)

2019-01-03 14:43:42 - [TEST_STEP][PASSED] - sendKeys: Keys 'C:\Users\Public\Pictures\Sample Pictures\Koala.jpg' sent to object: 'Object Repository/Final Object Repo/Page_Form 3 EIS - Cessation as Employer/ploading File'

2019-01-03 14:43:42 - [MESSAGE][PASSED] - Keys 'C:\Users\Public\Pictures\Sample Pictures\Koala.jpg' sent to object: 'Object Repository/Final Object Repo/Page_Form 3 EIS - Cessation as Employer/ploading File'

2019-01-03 14:43:42 - [TEST_STEP][PASSED] - delay: Delayed 1 second(s)

2019-01-03 14:43:43 - [MESSAGE][PASSED] - Delayed 1 second(s)

2019-01-03 14:43:43 - [TEST_STEP][PASSED] - click: Object: 'Object Repository/Final Object Repo/Page_Form 3 EIS - Cessation as Employer/Add Document in Uploading Page' is clicked on

2019-01-03 14:43:43 - [MESSAGE][PASSED] - Object: 'Object Repository/Final Object Repo/Page_Form 3 EIS - Cessation as Employer/Add Document in Uploading Page' is clicked on

2019-01-03 14:43:43 - [TEST_STEP][PASSED] - delay: Delayed 2 second(s)

2019-01-03 14:43:45 - [MESSAGE][PASSED] - Delayed 2 second(s)

2019-01-03 14:43:45 - [TEST_STEP][PASSED] - Statement - CaseReferenceNo = com.kms.katalon.core.webui.keyword.WebUiBuiltInKeywords.getText(com.kms.katalon.core.testobject.ObjectRepository.findTestObject(Final Object Repo/Page_Update Employer Information/Reference Number in Update Employee Information Page)): Text of object 'Object Repository/Final Object Repo/Page_Update Employer Information/Reference Number in Update Employee Information Page' is: 'ERN012019C200002582'

2019-01-03 14:43:47 - [MESSAGE][PASSED] - Text of object 'Object Repository/Final Object Repo/Page_Update Employer Information/Reference Number in Update Employee Information Page' is: 'ERN012019C200002582'

2019-01-03 14:43:47 - [TEST_STEP][PASSED] - callTestCase: Call Test Case 'Test Cases/Final Aug 2018 - PKS Automation/Common/Reference Number Setter' successfully

2019-01-03 14:43:48 - [TEST_CASE][PASSED] - Test Cases/Final Aug 2018 - PKS Automation/Common/Reference Number Setter: Test Cases/Final Aug 2018 - PKS Automation/Common/Reference Number Setter

2019-01-03 14:43:48 - [TEST_STEP][PASSED] - Statement - RefNoOldFile = new java.io.File(C://Users//Admin//Desktop//PKS//Automation Reference Point//KatalonReference.txt): null

2019-01-03 14:43:48 - [TEST_STEP][PASSED] - Statement - RefNoOldFile.delete(): null

2019-01-03 14:43:48 - [TEST_STEP][PASSED] - delay: Delayed 5 second(s)

2019-01-03 14:43:53 - [MESSAGE][PASSED] - Delayed 5 second(s)

2019-01-03 14:43:53 - [TEST_STEP][PASSED] - Statement - RefNo = new java.io.File(C://Users//Admin//Desktop//PKS//Automation Reference Point//KatalonReference.txt): null

2019-01-03 14:43:53 - [TEST_STEP][PASSED] - Statement - f2 = new java.io.FileWriter(RefNo, false): null

2019-01-03 14:43:53 - [TEST_STEP][PASSED] - Statement - f2.write(CaseReferenceNo): null

2019-01-03 14:43:53 - [TEST_STEP][PASSED] - Statement - f2.close(): null

2019-01-03 14:43:53 - [TEST_STEP][PASSED] - Statement - out.println("


" + CaseReferenceNo + "


"): null

2019-01-03 14:43:53 - [MESSAGE][PASSED] - Call Test Case 'Test Cases/Final Aug 2018 - PKS Automation/Common/Reference Number Setter' successfully

2019-01-03 14:43:53 - [TEST_STEP][PASSED] - delay: Delayed 2 second(s)

2019-01-03 14:43:55 - [MESSAGE][PASSED] - Delayed 2 second(s)

2019-01-03 14:43:55 - [TEST_STEP][PASSED] - click: Object: 'Object Repository/Final Object Repo/Page_Form 3 EIS - Cessation as Employer/Save  Continue in Uploading Page' is clicked on

2019-01-03 14:43:55 - [MESSAGE][PASSED] - Object: 'Object Repository/Final Object Repo/Page_Form 3 EIS - Cessation as Employer/Save  Continue in Uploading Page' is clicked on

2019-01-03 14:43:55 - [TEST_STEP][PASSED] - delay: Delayed 2 second(s)

2019-01-03 14:43:57 - [MESSAGE][PASSED] - Delayed 2 second(s)

2019-01-03 14:43:57 - [TEST_STEP][PASSED] - click: Object: 'Object Repository/Final Object Repo/Page_Form 3 EIS - Cessation as Employer/Submit' is clicked on

2019-01-03 14:44:00 - [MESSAGE][PASSED] - Object: 'Object Repository/Final Object Repo/Page_Form 3 EIS - Cessation as Employer/Submit' is clicked on

2019-01-03 14:44:00 - [TEST_STEP][PASSED] - delay: Delayed 2 second(s)

2019-01-03 14:44:02 - [MESSAGE][PASSED] - Delayed 2 second(s)

2019-01-03 14:44:02 - [TEST_STEP][PASSED] - click: Object: 'Object Repository/Final Object Repo/Page_Form 3 EIS - Cessation as Employer/Confirm' is clicked on

2019-01-03 14:44:02 - [MESSAGE][PASSED] - Object: 'Object Repository/Final Object Repo/Page_Form 3 EIS - Cessation as Employer/Confirm' is clicked on

2019-01-03 14:44:02 - [TEST_STEP][PASSED] - delay: Delayed 2 second(s)

2019-01-03 14:44:04 - [MESSAGE][PASSED] - Delayed 2 second(s)

2019-01-03 14:44:04 - [TEST_STEP][PASSED] - click: Object: 'Object Repository/Final Object Repo/Page_Form 3 EIS - Cessation as Employer/Message Your Request will be routed to UO' is clicked on

2019-01-03 14:44:08 - [MESSAGE][PASSED] - Object: 'Object Repository/Final Object Repo/Page_Form 3 EIS - Cessation as Employer/Message Your Request will be routed to UO' is clicked on

2019-01-03 14:44:08 - [TEST_STEP][PASSED] - click: Object: 'Object Repository/Final Object Repo/Page_Form 3 EIS - Cessation as Employer/Letter of acknowledgement' is clicked on

2019-01-03 14:44:09 - [MESSAGE][PASSED] - Object: 'Object Repository/Final Object Repo/Page_Form 3 EIS - Cessation as Employer/Letter of acknowledgement' is clicked on

2019-01-03 14:44:09 - [MESSAGE][PASSED] - Call Test Case 'Test Cases/Final Aug 2018 - PKS Automation/Registration Module/Workflow/Form 3 EIS - Cessation As Employer/Template/Form 3 A - Cessation As Employer (OTC)' successfully

2019-01-03 14:44:09 - [TEST_STEP][PASSED] - callTestCase: Call Test Case 'Test Cases/Final Aug 2018 - PKS Automation/Registration Module/Workflow/Form 3 EIS - Cessation As Employer/Template/Form 3 A - Cessation As Employer (Under enforcement)' successfully

2019-01-03 14:44:09 - [TEST_CASE][PASSED] - Test Cases/Final Aug 2018 - PKS Automation/Registration Module/Workflow/Form 3 EIS - Cessation As Employer/Template/Form 3 A - Cessation As Employer (Under enforcement): Test Cases/Final Aug 2018 - PKS Automation/Registration Module/Workflow/Form 3 EIS - Cessation As Employer/Template/Form 3 A - Cessation As Employer (Under enforcement)

2019-01-03 14:44:09 - [TEST_STEP][NOT_RUN] - callTestCase: NOT_RUN: callTestCase

2019-01-03 14:44:09 - [MESSAGE][NOT_RUN] - NOT_RUN: callTestCase

2019-01-03 14:44:09 - [TEST_STEP][PASSED] - delay: Delayed 1 second(s)

2019-01-03 14:44:10 - [MESSAGE][PASSED] - Delayed 1 second(s)

2019-01-03 14:44:10 - [TEST_STEP][PASSED] - navigateToUrl: Navigate to 'https://assist2-uat.perkeso.gov.my/c/portal/logout' successfully

2019-01-03 14:44:10 - [MESSAGE][PASSED] - Navigate to 'https://assist2-uat.perkeso.gov.my/c/portal/logout' successfully

2019-01-03 14:44:10 - [TEST_STEP][PASSED] - delay: Delayed 1 second(s)

2019-01-03 14:44:11 - [MESSAGE][PASSED] - Delayed 1 second(s)

2019-01-03 14:44:11 - [TEST_STEP][PASSED] - callTestCase: Call Test Case 'Test Cases/Final Aug 2018 - PKS Automation/Common/Reference Number Getter' successfully

2019-01-03 14:44:11 - [TEST_CASE][PASSED] - Test Cases/Final Aug 2018 - PKS Automation/Common/Reference Number Getter: Test Cases/Final Aug 2018 - PKS Automation/Common/Reference Number Getter

2019-01-03 14:44:11 - [TEST_STEP][PASSED] - Statement - Try: null

2019-01-03 14:44:11 - [TEST_STEP][PASSED] - Statement - RefNo = new java.io.File(C://Users//Admin//Desktop//PKS//Automation Reference Point//KatalonReference.txt): null

2019-01-03 14:44:11 - [TEST_STEP][PASSED] - Statement - bufferread = new java.io.BufferedReader(new java.io.FileReader(RefNo)): null

2019-01-03 14:44:11 - [TEST_STEP][PASSED] - Statement - readedVal = bufferread.readLine(): null

2019-01-03 14:44:11 - [TEST_STEP][PASSED] - Statement - out.println(CaseReferenceNo): null

2019-01-03 14:44:11 - [TEST_STEP][PASSED] - Statement - out.println(readedVal): null

2019-01-03 14:44:11 - [TEST_STEP][PASSED] - Statement - CaseReferenceNo = "": null

2019-01-03 14:44:11 - [TEST_STEP][PASSED] - Statement - CaseReferenceNo = readedVal: null

2019-01-03 14:44:11 - [MESSAGE][PASSED] - Call Test Case 'Test Cases/Final Aug 2018 - PKS Automation/Common/Reference Number Getter' successfully

2019-01-03 14:44:11 - [TEST_STEP][PASSED] - callTestCase: Call Test Case 'Test Cases/Final Aug 2018 - PKS Automation/Common/Workflow Owner Finder' successfully

2019-01-03 14:44:11 - [TEST_CASE][PASSED] - Test Cases/Final Aug 2018 - PKS Automation/Common/Workflow Owner Finder: Test Cases/Final Aug 2018 - PKS Automation/Common/Workflow Owner Finder

2019-01-03 14:44:11 - [TEST_STEP][PASSED] - openBrowser: Browser is opened with url: ''

2019-01-03 14:44:11 - [MESSAGE][WARNING] - A browser is already opened. Closing browser and opening a new one

2019-01-03 14:44:15 - [MESSAGE][PASSED] - Browser is opened with url: ''

2019-01-03 14:44:15 - [TEST_STEP][PASSED] - navigateToUrl: Navigate to 'https://assist2-uat.perkeso.gov.my/login' successfully

2019-01-03 14:44:16 - [MESSAGE][PASSED] - Navigate to 'https://assist2-uat.perkeso.gov.my/login' successfully

2019-01-03 14:44:16 - [TEST_STEP][PASSED] - delay: Delayed 5 second(s)

2019-01-03 14:44:21 - [MESSAGE][PASSED] - Delayed 5 second(s)

2019-01-03 14:44:21 - [TEST_STEP][PASSED] - setText: Text 'test@liferay.com' is set on object 'Object Repository/Final Object Repo/Login Page/Internal User/Email Address'

2019-01-03 14:44:22 - [MESSAGE][PASSED] - Text 'test@liferay.com' is set on object 'Object Repository/Final Object Repo/Login Page/Internal User/Email Address'

2019-01-03 14:44:22 - [TEST_STEP][PASSED] - click: Object: 'Object Repository/Final Object Repo/Login Page/Internal User/Next Button' is clicked on

2019-01-03 14:44:22 - [MESSAGE][PASSED] - Object: 'Object Repository/Final Object Repo/Login Page/Internal User/Next Button' is clicked on

2019-01-03 14:44:22 - [TEST_STEP][PASSED] - delay: Delayed 2 second(s)

2019-01-03 14:44:24 - [MESSAGE][PASSED] - Delayed 2 second(s)

2019-01-03 14:44:24 - [TEST_STEP][PASSED] - setText: Text 'test' is set on object 'Object Repository/Final Object Repo/Login Page/Internal User/Password'

2019-01-03 14:44:24 - [MESSAGE][PASSED] - Text 'test' is set on object 'Object Repository/Final Object Repo/Login Page/Internal User/Password'

2019-01-03 14:44:24 - [TEST_STEP][PASSED] - delay: Delayed 2 second(s)

2019-01-03 14:44:26 - [MESSAGE][PASSED] - Delayed 2 second(s)

2019-01-03 14:44:26 - [TEST_STEP][PASSED] - click: Object: 'Object Repository/Final Object Repo/Login Page/Internal User/Login Button' is clicked on

2019-01-03 14:44:26 - [MESSAGE][PASSED] - Object: 'Object Repository/Final Object Repo/Login Page/Internal User/Login Button' is clicked on

2019-01-03 14:44:26 - [TEST_STEP][PASSED] - Statement - tester = com.kms.katalon.core.testobject.ObjectRepository.findTestObject(Final Object Repo/Landing Page/Select to English): Finding Test Object with id 'Object Repository/Final Object Repo/Landing Page/Select to English'

2019-01-03 14:44:26 - [TEST_STEP][PASSED] - Statement - Try: Delayed 2 second(s)

2019-01-03 14:44:26 - [TEST_STEP][PASSED] - Statement - Checker = com.kms.katalon.core.webui.keyword.WebUiBuiltInKeywords.verifyElementNotPresent(tester, 3): Web element with id: 'Object Repository/Final Object Repo/Landing Page/Select to English' located by 'By.xpath: //a[@class = 'taglib-language-list-text' and @lang = 'en-US' and (contains(text(), 'EN') or contains(., 'EN'))]' is not present after '3' second(s)

2019-01-03 14:44:29 - [MESSAGE][PASSED] - Web element with id: 'Object Repository/Final Object Repo/Landing Page/Select to English' located by 'By.xpath: //a[@class = 'taglib-language-list-text' and @lang = 'en-US' and (contains(text(), 'EN') or contains(., 'EN'))]' is not present after '3' second(s)

2019-01-03 14:44:29 - [TEST_STEP][PASSED] - Statement - If (Checker == false): null

2019-01-03 14:44:29 - [TEST_STEP][PASSED] - delay: Delayed 2 second(s)

2019-01-03 14:44:31 - [MESSAGE][PASSED] - Delayed 2 second(s)

2019-01-03 14:44:31 - [TEST_STEP][PASSED] - delay: Delayed 5 second(s)

2019-01-03 14:44:36 - [MESSAGE][PASSED] - Delayed 5 second(s)

2019-01-03 14:44:36 - [TEST_STEP][PASSED] - mouseOver: Object: 'Object Repository/Final Object Repo/Landing Page/WorkFlow Menu' is hovered

2019-01-03 14:44:36 - [MESSAGE][PASSED] - Object: 'Object Repository/Final Object Repo/Landing Page/WorkFlow Menu' is hovered

2019-01-03 14:44:36 - [TEST_STEP][PASSED] - delay: Delayed 2 second(s)

2019-01-03 14:44:38 - [MESSAGE][PASSED] - Delayed 2 second(s)

2019-01-03 14:44:38 - [TEST_STEP][PASSED] - click: Object: 'Object Repository/Final Object Repo/Landing Page/Select to Workflow Listing' is clicked on

2019-01-03 14:44:39 - [MESSAGE][PASSED] - Object: 'Object Repository/Final Object Repo/Landing Page/Select to Workflow Listing' is clicked on

2019-01-03 14:44:39 - [TEST_STEP][PASSED] - delay: Delayed 2 second(s)

2019-01-03 14:44:41 - [MESSAGE][PASSED] - Delayed 2 second(s)

2019-01-03 14:44:41 - [TEST_STEP][PASSED] - click: Object: 'Object Repository/Final Object Repo/WorkFlow Listing Page/Search Information - To Put Ref No' is clicked on

2019-01-03 14:44:41 - [MESSAGE][PASSED] - Object: 'Object Repository/Final Object Repo/WorkFlow Listing Page/Search Information - To Put Ref No' is clicked on

2019-01-03 14:44:41 - [TEST_STEP][PASSED] - delay: Delayed 2 second(s)

2019-01-03 14:44:43 - [MESSAGE][PASSED] - Delayed 2 second(s)

2019-01-03 14:44:43 - [TEST_STEP][PASSED] - callTestCase: Call Test Case 'Test Cases/Final Aug 2018 - PKS Automation/Common/Reference Number Getter' successfully

2019-01-03 14:44:43 - [TEST_CASE][PASSED] - Test Cases/Final Aug 2018 - PKS Automation/Common/Reference Number Getter: Test Cases/Final Aug 2018 - PKS Automation/Common/Reference Number Getter

2019-01-03 14:44:43 - [TEST_STEP][PASSED] - Statement - Try: null

2019-01-03 14:44:43 - [TEST_STEP][PASSED] - Statement - RefNo = new java.io.File(C://Users//Admin//Desktop//PKS//Automation Reference Point//KatalonReference.txt): null

2019-01-03 14:44:43 - [TEST_STEP][PASSED] - Statement - bufferread = new java.io.BufferedReader(new java.io.FileReader(RefNo)): null

2019-01-03 14:44:43 - [TEST_STEP][PASSED] - Statement - readedVal = bufferread.readLine(): null

2019-01-03 14:44:43 - [TEST_STEP][PASSED] - Statement - out.println(CaseReferenceNo): null

2019-01-03 14:44:43 - [TEST_STEP][PASSED] - Statement - out.println(readedVal): null

2019-01-03 14:44:43 - [TEST_STEP][PASSED] - Statement - CaseReferenceNo = "": null

2019-01-03 14:44:43 - [TEST_STEP][PASSED] - Statement - CaseReferenceNo = readedVal: null

2019-01-03 14:44:43 - [MESSAGE][PASSED] - Call Test Case 'Test Cases/Final Aug 2018 - PKS Automation/Common/Reference Number Getter' successfully

2019-01-03 14:44:43 - [TEST_STEP][PASSED] - setText: Text 'ERN012019C200002582' is set on object 'Object Repository/Final Object Repo/WorkFlow Listing Page/Ref No Set Text'

2019-01-03 14:44:43 - [MESSAGE][PASSED] - Text 'ERN012019C200002582' is set on object 'Object Repository/Final Object Repo/WorkFlow Listing Page/Ref No Set Text'

2019-01-03 14:44:43 - [TEST_STEP][PASSED] - delay: Delayed 2 second(s)

2019-01-03 14:44:45 - [MESSAGE][PASSED] - Delayed 2 second(s)

2019-01-03 14:44:45 - [TEST_STEP][PASSED] - click: Object: 'Object Repository/Final Object Repo/WorkFlow Listing Page/Search Ref No Search Button' is clicked on

2019-01-03 14:44:45 - [MESSAGE][PASSED] - Object: 'Object Repository/Final Object Repo/WorkFlow Listing Page/Search Ref No Search Button' is clicked on

2019-01-03 14:44:45 - [TEST_STEP][PASSED] - delay: Delayed 6 second(s)

2019-01-03 14:44:51 - [MESSAGE][PASSED] - Delayed 6 second(s)

2019-01-03 14:44:51 - [TEST_STEP][PASSED] - click: Object: 'Object Repository/Final Object Repo/WorkFlow Listing Page/Click Continue Tooltip' is clicked on

2019-01-03 14:44:52 - [MESSAGE][PASSED] - Object: 'Object Repository/Final Object Repo/WorkFlow Listing Page/Click Continue Tooltip' is clicked on

2019-01-03 14:44:52 - [TEST_STEP][PASSED] - delay: Delayed 5 second(s)

2019-01-03 14:44:57 - [MESSAGE][PASSED] - Delayed 5 second(s)

2019-01-03 14:44:57 - [TEST_STEP][PASSED] - doubleClick: Object: 'Object Repository/Final Object Repo/WorkFlow Listing Page/Workflow Found - Listing 1' is double clicked on

2019-01-03 14:44:58 - [MESSAGE][PASSED] - Object: 'Object Repository/Final Object Repo/WorkFlow Listing Page/Workflow Found - Listing 1' is double clicked on

2019-01-03 14:44:58 - [TEST_STEP][PASSED] - Statement - println(OwnerID): null

2019-01-03 14:44:58 - [TEST_STEP][PASSED] - Statement - OwnerID = com.kms.katalon.core.webui.keyword.WebUiBuiltInKeywords.getText(com.kms.katalon.core.testobject.ObjectRepository.findTestObject(Final Object Repo/WorkFlow Listing Page/Workflow Found - Listing 1), STOP_ON_FAILURE): Text of object 'Object Repository/Final Object Repo/WorkFlow Listing Page/Workflow Found - Listing 1' is: 'JOHORuo3'

2019-01-03 14:44:58 - [MESSAGE][PASSED] - Text of object 'Object Repository/Final Object Repo/WorkFlow Listing Page/Workflow Found - Listing 1' is: 'JOHORuo3'

2019-01-03 14:44:58 - [TEST_STEP][PASSED] - Statement - OwnerID = OwnerID.toLowerCase() + "@gmail.com": null

2019-01-03 14:44:58 - [TEST_STEP][PASSED] - Statement - println(OwnerID): null

2019-01-03 14:44:58 - [TEST_STEP][PASSED] - delay: Delayed 2 second(s)

2019-01-03 14:45:00 - [MESSAGE][PASSED] - Delayed 2 second(s)

2019-01-03 14:45:00 - [MESSAGE][PASSED] - Call Test Case 'Test Cases/Final Aug 2018 - PKS Automation/Common/Workflow Owner Finder' successfully

2019-01-03 14:45:00 - [TEST_STEP][PASSED] - delay: Delayed 1 second(s)

2019-01-03 14:45:01 - [MESSAGE][PASSED] - Delayed 1 second(s)

2019-01-03 14:45:01 - [TEST_STEP][PASSED] - navigateToUrl: Navigate to 'https://assist2-uat.perkeso.gov.my/c/portal/logout' successfully

2019-01-03 14:45:01 - [MESSAGE][PASSED] - Navigate to 'https://assist2-uat.perkeso.gov.my/c/portal/logout' successfully

2019-01-03 14:45:01 - [TEST_STEP][PASSED] - delay: Delayed 1 second(s)

2019-01-03 14:45:02 - [MESSAGE][PASSED] - Delayed 1 second(s)

2019-01-03 14:45:02 - [TEST_STEP][PASSED] - callTestCase: Call Test Case 'Test Cases/Final Aug 2018 - PKS Automation/Registration Module/Workflow/Login and Search Case For Workflow' successfully

2019-01-03 14:45:02 - [TEST_CASE][PASSED] - Test Cases/Final Aug 2018 - PKS Automation/Registration Module/Workflow/Login and Search Case For Workflow: Test Cases/Final Aug 2018 - PKS Automation/Registration Module/Workflow/Login and Search Case For Workflow

2019-01-03 14:45:02 - [TEST_STEP][PASSED] - navigateToUrl: Navigate to 'https://assist2-uat.perkeso.gov.my/login' successfully

2019-01-03 14:45:03 - [MESSAGE][PASSED] - Navigate to 'https://assist2-uat.perkeso.gov.my/login' successfully

2019-01-03 14:45:03 - [TEST_STEP][PASSED] - setText: Text 'johoruo3@gmail.com' is set on object 'Object Repository/Final Object Repo/Login Page/Internal User/Email Address'

2019-01-03 14:45:03 - [MESSAGE][PASSED] - Text 'johoruo3@gmail.com' is set on object 'Object Repository/Final Object Repo/Login Page/Internal User/Email Address'

2019-01-03 14:45:03 - [TEST_STEP][PASSED] - click: Object: 'Object Repository/Final Object Repo/Login Page/Internal User/Next Button' is clicked on

2019-01-03 14:45:03 - [MESSAGE][PASSED] - Object: 'Object Repository/Final Object Repo/Login Page/Internal User/Next Button' is clicked on

2019-01-03 14:45:03 - [TEST_STEP][PASSED] - delay: Delayed 1 second(s)

2019-01-03 14:45:04 - [MESSAGE][PASSED] - Delayed 1 second(s)

2019-01-03 14:45:04 - [TEST_STEP][PASSED] - setEncryptedText: Text ****** has been set on object 'Object Repository/Final Object Repo/Login Page/Internal User/Password'

2019-01-03 14:45:05 - [MESSAGE][PASSED] - Text ****** has been set on object 'Object Repository/Final Object Repo/Login Page/Internal User/Password'

2019-01-03 14:45:05 - [TEST_STEP][PASSED] - click: Object: 'Object Repository/Final Object Repo/Login Page/Internal User/Login Button' is clicked on

2019-01-03 14:45:05 - [MESSAGE][PASSED] - Object: 'Object Repository/Final Object Repo/Login Page/Internal User/Login Button' is clicked on

2019-01-03 14:45:05 - [TEST_STEP][PASSED] - delay: Delayed 2 second(s)

2019-01-03 14:45:07 - [MESSAGE][PASSED] - Delayed 2 second(s)

2019-01-03 14:45:07 - [TEST_STEP][PASSED] - Statement - Try: Delayed 2 second(s)

2019-01-03 14:45:07 - [TEST_STEP][PASSED] - Statement - Checker = false: null

2019-01-03 14:45:07 - [TEST_STEP][PASSED] - Statement - Checker = com.kms.katalon.core.webui.keyword.WebUiBuiltInKeywords.verifyElementHasAttribute(com.kms.katalon.core.testobject.ObjectRepository.findTestObject(Final Object Repo/Landing Page/BM Detecting), "href", 20, OPTIONAL): Object 'Object Repository/Final Object Repo/Landing Page/BM Detecting' has attribute 'href'

2019-01-03 14:45:07 - [MESSAGE][PASSED] - Object 'Object Repository/Final Object Repo/Landing Page/BM Detecting' has attribute 'href'

2019-01-03 14:45:07 - [TEST_STEP][PASSED] - Statement - out.println(Checker): null

2019-01-03 14:45:07 - [TEST_STEP][PASSED] - Statement - If (Checker == false): null

2019-01-03 14:45:07 - [TEST_STEP][PASSED] - Statement - Else: null

2019-01-03 14:45:07 - [TEST_STEP][PASSED] - delay: Delayed 2 second(s)

2019-01-03 14:45:09 - [MESSAGE][PASSED] - Delayed 2 second(s)

2019-01-03 14:45:09 - [TEST_STEP][PASSED] - click: Object: 'Object Repository/Final Object Repo/Page_MyASSIST - ASSIST - Search Pending Case For Add Supporting Document/Search Information' is clicked on

2019-01-03 14:45:09 - [MESSAGE][PASSED] - Object: 'Object Repository/Final Object Repo/Page_MyASSIST - ASSIST - Search Pending Case For Add Supporting Document/Search Information' is clicked on

2019-01-03 14:45:09 - [TEST_STEP][PASSED] - delay: Delayed 3 second(s)

2019-01-03 14:45:12 - [MESSAGE][PASSED] - Delayed 3 second(s)

2019-01-03 14:45:12 - [TEST_STEP][PASSED] - sendKeys: Keys 'ERN012019C200002582' sent to object: 'Object Repository/Final Object Repo/Page_MyASSIST - ASSIST - Search Pending Case For Add Supporting Document/Reference No'

2019-01-03 14:45:12 - [MESSAGE][PASSED] - Keys 'ERN012019C200002582' sent to object: 'Object Repository/Final Object Repo/Page_MyASSIST - ASSIST - Search Pending Case For Add Supporting Document/Reference No'

2019-01-03 14:45:12 - [TEST_STEP][PASSED] - click: Object: 'Object Repository/Final Object Repo/Page_MyASSIST - ASSIST - Search Pending Case For Add Supporting Document/Search Reference No' is clicked on

2019-01-03 14:45:12 - [MESSAGE][PASSED] - Object: 'Object Repository/Final Object Repo/Page_MyASSIST - ASSIST - Search Pending Case For Add Supporting Document/Search Reference No' is clicked on

2019-01-03 14:45:12 - [TEST_STEP][PASSED] - delay: Delayed 2 second(s)

2019-01-03 14:45:14 - [MESSAGE][PASSED] - Delayed 2 second(s)

2019-01-03 14:45:14 - [TEST_STEP][PASSED] - click: Object: 'Object Repository/Final Object Repo/Page_MyASSIST - ASSIST - Search Pending Case For Add Supporting Document/Continue' is clicked on

2019-01-03 14:45:18 - [MESSAGE][PASSED] - Object: 'Object Repository/Final Object Repo/Page_MyASSIST - ASSIST - Search Pending Case For Add Supporting Document/Continue' is clicked on

2019-01-03 14:45:18 - [TEST_STEP][PASSED] - delay: Delayed 20 second(s)

2019-01-03 14:45:38 - [MESSAGE][PASSED] - Delayed 20 second(s)

2019-01-03 14:45:38 - [MESSAGE][PASSED] - Call Test Case 'Test Cases/Final Aug 2018 - PKS Automation/Registration Module/Workflow/Login and Search Case For Workflow' successfully

2019-01-03 14:45:38 - [TEST_STEP][PASSED] - click: Object: 'Object Repository/Final Object Repo/Page_Form 3 EIS - Cessation as Employer/Page_Form 3 EIS - Cessation as Employer (Approve)/Save  Continue in Form 3 Page' is clicked on

2019-01-03 14:45:39 - [MESSAGE][PASSED] - Object: 'Object Repository/Final Object Repo/Page_Form 3 EIS - Cessation as Employer/Page_Form 3 EIS - Cessation as Employer (Approve)/Save  Continue in Form 3 Page' is clicked on

2019-01-03 14:45:39 - [TEST_STEP][PASSED] - delay: Delayed 2 second(s)

2019-01-03 14:45:41 - [MESSAGE][PASSED] - Delayed 2 second(s)

2019-01-03 14:45:41 - [TEST_STEP][PASSED] - click: Object: 'Object Repository/Final Object Repo/Page_Form 3 EIS - Cessation as Employer/Page_Form 3 EIS - Cessation as Employer (Approve)/Save  Continue in Resigned Page' is clicked on

2019-01-03 14:45:41 - [MESSAGE][PASSED] - Object: 'Object Repository/Final Object Repo/Page_Form 3 EIS - Cessation as Employer/Page_Form 3 EIS - Cessation as Employer (Approve)/Save  Continue in Resigned Page' is clicked on

2019-01-03 14:45:41 - [TEST_STEP][PASSED] - delay: Delayed 2 second(s)

2019-01-03 14:45:43 - [MESSAGE][PASSED] - Delayed 2 second(s)

2019-01-03 14:45:43 - [TEST_STEP][PASSED] - click: Object: 'Object Repository/Final Object Repo/Page_Form 3 EIS - Cessation as Employer/Page_Form 3 EIS - Cessation as Employer (Approve)/Save  Continue in Uploading Page' is clicked on

2019-01-03 14:45:44 - [MESSAGE][PASSED] - Object: 'Object Repository/Final Object Repo/Page_Form 3 EIS - Cessation as Employer/Page_Form 3 EIS - Cessation as Employer (Approve)/Save  Continue in Uploading Page' is clicked on

2019-01-03 14:45:44 - [TEST_STEP][PASSED] - delay: Delayed 2 second(s)

2019-01-03 14:45:46 - [MESSAGE][PASSED] - Delayed 2 second(s)

2019-01-03 14:45:46 - [TEST_STEP][PASSED] - click: Object: 'Object Repository/Final Object Repo/Page_Form 3 EIS - Cessation as Employer/Page_Form 3 EIS - Cessation as Employer (Under enforcement)/Underenforcement' is clicked on

2019-01-03 14:45:49 - [MESSAGE][PASSED] - Object: 'Object Repository/Final Object Repo/Page_Form 3 EIS - Cessation as Employer/Page_Form 3 EIS - Cessation as Employer (Under enforcement)/Underenforcement' is clicked on

2019-01-03 14:45:49 - [TEST_STEP][PASSED] - delay: Delayed 2 second(s)

2019-01-03 14:45:51 - [MESSAGE][PASSED] - Delayed 2 second(s)

2019-01-03 14:45:51 - [TEST_STEP][PASSED] - setText: Text 'Remark' is set on object 'Object Repository/Final Object Repo/Page_Form 3 EIS - Cessation as Employer/Page_Form 3 EIS - Cessation as Employer (Under enforcement)/Under enforcement - Remark'

2019-01-03 14:45:51 - [MESSAGE][PASSED] - Text 'Remark' is set on object 'Object Repository/Final Object Repo/Page_Form 3 EIS - Cessation as Employer/Page_Form 3 EIS - Cessation as Employer (Under enforcement)/Under enforcement - Remark'

2019-01-03 14:45:51 - [TEST_STEP][PASSED] - delay: Delayed 2 second(s)

2019-01-03 14:45:53 - [MESSAGE][PASSED] - Delayed 2 second(s)

2019-01-03 14:45:53 - [TEST_STEP][PASSED] - click: Object: 'Object Repository/Final Object Repo/Page_Form 3 EIS - Cessation as Employer/Page_Form 3 EIS - Cessation as Employer (Under enforcement)/Save  Continue in Under enforcement' is clicked on

2019-01-03 14:45:53 - [MESSAGE][PASSED] - Object: 'Object Repository/Final Object Repo/Page_Form 3 EIS - Cessation as Employer/Page_Form 3 EIS - Cessation as Employer (Under enforcement)/Save  Continue in Under enforcement' is clicked on

2019-01-03 14:45:53 - [TEST_STEP][PASSED] - doubleClick: Object: 'Object Repository/Final Object Repo/Page_Form 3 EIS - Cessation as Employer/Page_Form 3 EIS - Cessation as Employer (Under enforcement)/Message The case is under enforcement' is double clicked on

2019-01-03 14:45:58 - [MESSAGE][PASSED] - Object: 'Object Repository/Final Object Repo/Page_Form 3 EIS - Cessation as Employer/Page_Form 3 EIS - Cessation as Employer (Under enforcement)/Message The case is under enforcement' is double clicked on

2019-01-03 14:45:58 - [MESSAGE][PASSED] - Call Test Case 'Test Cases/Final Aug 2018 - PKS Automation/Registration Module/Workflow/Form 3 EIS - Cessation As Employer/Template/Form 3 A - Cessation As Employer (Under enforcement)' successfully]]></system-out>
         <system-err><![CDATA[]]></system-err>
      </testcase>
      <testcase name="Test Cases/Final Aug 2018 - PKS Automation/Registration Module/Workflow/Form 3 EIS - Cessation As Employer/PKRBO to UO (Approve)" classname="Test Cases/Final Aug 2018 - PKS Automation/Registration Module/Workflow/Form 3 EIS - Cessation As Employer/PKRBO to UO (Approve)" status="PASSED">
         <system-out><![CDATA[2019-01-03 14:45:58 - [TEST_CASE][PASSED] - Test Cases/Final Aug 2018 - PKS Automation/Registration Module/Workflow/Form 3 EIS - Cessation As Employer/PKRBO to UO (Approve): Test Cases/Final Aug 2018 - PKS Automation/Registration Module/Workflow/Form 3 EIS - Cessation As Employer/PKRBO to UO (Approve)

2019-01-03 14:45:58 - [TEST_STEP][PASSED] - callTestCase: Call Test Case 'Test Cases/Final Aug 2018 - PKS Automation/Registration Module/Workflow/Form 3 EIS - Cessation As Employer/Template/Form 3 A - Cessation As Employer (PKRBO)' successfully

2019-01-03 14:45:58 - [TEST_CASE][PASSED] - Test Cases/Final Aug 2018 - PKS Automation/Registration Module/Workflow/Form 3 EIS - Cessation As Employer/Template/Form 3 A - Cessation As Employer (PKRBO): Test Cases/Final Aug 2018 - PKS Automation/Registration Module/Workflow/Form 3 EIS - Cessation As Employer/Template/Form 3 A - Cessation As Employer (PKRBO)

2019-01-03 14:45:59 - [TEST_STEP][PASSED] - openBrowser: Browser is opened with url: ''

2019-01-03 14:45:59 - [MESSAGE][WARNING] - A browser is already opened. Closing browser and opening a new one

2019-01-03 14:46:03 - [MESSAGE][PASSED] - Browser is opened with url: ''

2019-01-03 14:46:03 - [TEST_STEP][PASSED] - navigateToUrl: Navigate to 'https://assist2-uat.perkeso.gov.my/login' successfully

2019-01-03 14:46:03 - [MESSAGE][PASSED] - Navigate to 'https://assist2-uat.perkeso.gov.my/login' successfully

2019-01-03 14:46:03 - [TEST_STEP][PASSED] - setText: Text 'johorpkrbo1@gmail.com' is set on object 'Object Repository/Final Object Repo/Login Page/Internal User/Email Address'

2019-01-03 14:46:04 - [MESSAGE][PASSED] - Text 'johorpkrbo1@gmail.com' is set on object 'Object Repository/Final Object Repo/Login Page/Internal User/Email Address'

2019-01-03 14:46:04 - [TEST_STEP][PASSED] - click: Object: 'Object Repository/Final Object Repo/Login Page/Internal User/Next Button' is clicked on

2019-01-03 14:46:04 - [MESSAGE][PASSED] - Object: 'Object Repository/Final Object Repo/Login Page/Internal User/Next Button' is clicked on

2019-01-03 14:46:04 - [TEST_STEP][PASSED] - delay: Delayed 1 second(s)

2019-01-03 14:46:05 - [MESSAGE][PASSED] - Delayed 1 second(s)

2019-01-03 14:46:05 - [TEST_STEP][PASSED] - setEncryptedText: Text ****** has been set on object 'Object Repository/Final Object Repo/Login Page/Internal User/Password'

2019-01-03 14:46:05 - [MESSAGE][PASSED] - Text ****** has been set on object 'Object Repository/Final Object Repo/Login Page/Internal User/Password'

2019-01-03 14:46:05 - [TEST_STEP][PASSED] - click: Object: 'Object Repository/Final Object Repo/Login Page/Internal User/Login Button' is clicked on

2019-01-03 14:46:05 - [MESSAGE][PASSED] - Object: 'Object Repository/Final Object Repo/Login Page/Internal User/Login Button' is clicked on

2019-01-03 14:46:05 - [TEST_STEP][PASSED] - delay: Delayed 1 second(s)

2019-01-03 14:46:06 - [MESSAGE][PASSED] - Delayed 1 second(s)

2019-01-03 14:46:06 - [TEST_STEP][PASSED] - Statement - Try: Delayed 2 second(s)

2019-01-03 14:46:06 - [TEST_STEP][PASSED] - Statement - Checker = false: null

2019-01-03 14:46:06 - [TEST_STEP][PASSED] - Statement - Checker = com.kms.katalon.core.webui.keyword.WebUiBuiltInKeywords.verifyElementHasAttribute(com.kms.katalon.core.testobject.ObjectRepository.findTestObject(Final Object Repo/Landing Page/BM Detecting), "href", 20, OPTIONAL): Object 'Object Repository/Final Object Repo/Landing Page/BM Detecting' has attribute 'href'

2019-01-03 14:46:08 - [MESSAGE][PASSED] - Object 'Object Repository/Final Object Repo/Landing Page/BM Detecting' has attribute 'href'

2019-01-03 14:46:08 - [TEST_STEP][PASSED] - Statement - out.println(Checker): null

2019-01-03 14:46:08 - [TEST_STEP][PASSED] - Statement - If (Checker == false): null

2019-01-03 14:46:08 - [TEST_STEP][PASSED] - Statement - Else: null

2019-01-03 14:46:08 - [TEST_STEP][PASSED] - delay: Delayed 2 second(s)

2019-01-03 14:46:10 - [MESSAGE][PASSED] - Delayed 2 second(s)

2019-01-03 14:46:10 - [TEST_STEP][PASSED] - navigateToUrl: Navigate to 'https://assist2-uat.perkeso.gov.my/web/registration/eis-update/form-3-eis-cessation-as-employer' successfully

2019-01-03 14:46:11 - [MESSAGE][PASSED] - Navigate to 'https://assist2-uat.perkeso.gov.my/web/registration/eis-update/form-3-eis-cessation-as-employer' successfully

2019-01-03 14:46:11 - [TEST_STEP][PASSED] - delay: Delayed 1 second(s)

2019-01-03 14:46:12 - [MESSAGE][PASSED] - Delayed 1 second(s)

2019-01-03 14:46:12 - [TEST_STEP][PASSED] - setText: Text 'E1102069769W' is set on object 'Object Repository/Final Object Repo/Page_Form 3 EIS - Cessation as Employer/Employer Code'

2019-01-03 14:46:12 - [MESSAGE][PASSED] - Text 'E1102069769W' is set on object 'Object Repository/Final Object Repo/Page_Form 3 EIS - Cessation as Employer/Employer Code'

2019-01-03 14:46:12 - [TEST_STEP][PASSED] - click: Object: 'Object Repository/Final Object Repo/Page_Form 3 EIS - Cessation as Employer/Search' is clicked on

2019-01-03 14:46:12 - [MESSAGE][PASSED] - Object: 'Object Repository/Final Object Repo/Page_Form 3 EIS - Cessation as Employer/Search' is clicked on

2019-01-03 14:46:12 - [TEST_STEP][PASSED] - click: Object: 'Object Repository/Final Object Repo/Page_Form 3 EIS - Cessation as Employer/Edit' is clicked on

2019-01-03 14:46:15 - [MESSAGE][PASSED] - Object: 'Object Repository/Final Object Repo/Page_Form 3 EIS - Cessation as Employer/Edit' is clicked on

2019-01-03 14:46:15 - [TEST_STEP][PASSED] - delay: Delayed 1 second(s)

2019-01-03 14:46:16 - [MESSAGE][PASSED] - Delayed 1 second(s)

2019-01-03 14:46:16 - [TEST_STEP][PASSED] - Statement - abc = com.kms.katalon.core.webui.keyword.WebUiBuiltInKeywords.getAttribute(com.kms.katalon.core.testobject.ObjectRepository.findTestObject(Final Object Repo/Page_Form 3 EIS - Cessation as Employer/Employer Status), "value"): Attribute 'value' of object 'Object Repository/Final Object Repo/Page_Form 3 EIS - Cessation as Employer/Employer Status' is: 'Active'

2019-01-03 14:46:16 - [MESSAGE][PASSED] - Attribute 'value' of object 'Object Repository/Final Object Repo/Page_Form 3 EIS - Cessation as Employer/Employer Status' is: 'Active'

2019-01-03 14:46:16 - [TEST_STEP][PASSED] - Statement - out.println(abc): null

2019-01-03 14:46:16 - [TEST_STEP][PASSED] - Statement - If (abc == "Active"): Object: 'Object Repository/Final Object Repo/Page_Form 3 EIS - Cessation as Employer/Dormant EIS' is clicked on

2019-01-03 14:46:16 - [TEST_STEP][PASSED] - click: Object: 'Object Repository/Final Object Repo/Page_Form 3 EIS - Cessation as Employer/Change Employer Status to' is clicked on

2019-01-03 14:46:16 - [MESSAGE][PASSED] - Object: 'Object Repository/Final Object Repo/Page_Form 3 EIS - Cessation as Employer/Change Employer Status to' is clicked on

2019-01-03 14:46:16 - [TEST_STEP][PASSED] - click: Object: 'Object Repository/Final Object Repo/Page_Form 3 EIS - Cessation as Employer/Dormant EIS' is clicked on

2019-01-03 14:46:16 - [MESSAGE][PASSED] - Object: 'Object Repository/Final Object Repo/Page_Form 3 EIS - Cessation as Employer/Dormant EIS' is clicked on

2019-01-03 14:46:16 - [TEST_STEP][PASSED] - click: Object: 'Object Repository/Final Object Repo/Page_Form 3 EIS - Cessation as Employer/Calender' is clicked on

2019-01-03 14:46:16 - [MESSAGE][PASSED] - Object: 'Object Repository/Final Object Repo/Page_Form 3 EIS - Cessation as Employer/Calender' is clicked on

2019-01-03 14:46:16 - [TEST_STEP][PASSED] - delay: Delayed 1 second(s)

2019-01-03 14:46:17 - [MESSAGE][PASSED] - Delayed 1 second(s)

2019-01-03 14:46:17 - [TEST_STEP][PASSED] - click: Object: 'Object Repository/Final Object Repo/Page_Form 3 EIS - Cessation as Employer/Calender - Date' is clicked on

2019-01-03 14:46:17 - [MESSAGE][PASSED] - Object: 'Object Repository/Final Object Repo/Page_Form 3 EIS - Cessation as Employer/Calender - Date' is clicked on

2019-01-03 14:46:17 - [TEST_STEP][PASSED] - click: Object: 'Object Repository/Final Object Repo/Page_Form 3 EIS - Cessation as Employer/Save  Continue in Form 3 EIS Page' is clicked on

2019-01-03 14:46:18 - [MESSAGE][PASSED] - Object: 'Object Repository/Final Object Repo/Page_Form 3 EIS - Cessation as Employer/Save  Continue in Form 3 EIS Page' is clicked on

2019-01-03 14:46:18 - [TEST_STEP][PASSED] - delay: Delayed 1 second(s)

2019-01-03 14:46:19 - [MESSAGE][PASSED] - Delayed 1 second(s)

2019-01-03 14:46:19 - [TEST_STEP][PASSED] - click: Object: 'Object Repository/Final Object Repo/Page_Form 3 EIS - Cessation as Employer/Employment Resign Date' is clicked on

2019-01-03 14:46:19 - [MESSAGE][PASSED] - Object: 'Object Repository/Final Object Repo/Page_Form 3 EIS - Cessation as Employer/Employment Resign Date' is clicked on

2019-01-03 14:46:19 - [TEST_STEP][PASSED] - selectOptionByValue: All options with value '2030' are selected in object 'Object Repository/Final Object Repo/Page_Form 3 EIS - Cessation as Employer/Employment Resign Date - Year' 

2019-01-03 14:46:20 - [MESSAGE][PASSED] - All options with value '2030' are selected in object 'Object Repository/Final Object Repo/Page_Form 3 EIS - Cessation as Employer/Employment Resign Date - Year' 

2019-01-03 14:46:20 - [TEST_STEP][PASSED] - delay: Delayed 2 second(s)

2019-01-03 14:46:22 - [MESSAGE][PASSED] - Delayed 2 second(s)

2019-01-03 14:46:22 - [TEST_STEP][PASSED] - click: Object: 'Object Repository/Final Object Repo/Page_Form 3 EIS - Cessation as Employer/Employment Resign Date - Year - Date' is clicked on

2019-01-03 14:46:22 - [MESSAGE][PASSED] - Object: 'Object Repository/Final Object Repo/Page_Form 3 EIS - Cessation as Employer/Employment Resign Date - Year - Date' is clicked on

2019-01-03 14:46:22 - [TEST_STEP][PASSED] - delay: Delayed 2 second(s)

2019-01-03 14:46:24 - [MESSAGE][PASSED] - Delayed 2 second(s)

2019-01-03 14:46:24 - [TEST_STEP][PASSED] - click: Object: 'Object Repository/Final Object Repo/Page_Form 3 EIS - Cessation as Employer/Save  Continue in Employment Resign Page' is clicked on

2019-01-03 14:46:24 - [MESSAGE][PASSED] - Object: 'Object Repository/Final Object Repo/Page_Form 3 EIS - Cessation as Employer/Save  Continue in Employment Resign Page' is clicked on

2019-01-03 14:46:24 - [TEST_STEP][PASSED] - delay: Delayed 2 second(s)

2019-01-03 14:46:26 - [MESSAGE][PASSED] - Delayed 2 second(s)

2019-01-03 14:46:26 - [TEST_STEP][PASSED] - click: Object: 'Object Repository/Final Object Repo/Page_Form 3 EIS - Cessation as Employer/Set Latest - Yes' is clicked on

2019-01-03 14:46:26 - [MESSAGE][PASSED] - Object: 'Object Repository/Final Object Repo/Page_Form 3 EIS - Cessation as Employer/Set Latest - Yes' is clicked on

2019-01-03 14:46:26 - [TEST_STEP][PASSED] - delay: Delayed 2 second(s)

2019-01-03 14:46:28 - [MESSAGE][PASSED] - Delayed 2 second(s)

2019-01-03 14:46:28 - [TEST_STEP][PASSED] - click: Object: 'Object Repository/Final Object Repo/Page_Form 3 EIS - Cessation as Employer/Add Document' is clicked on

2019-01-03 14:46:29 - [MESSAGE][PASSED] - Object: 'Object Repository/Final Object Repo/Page_Form 3 EIS - Cessation as Employer/Add Document' is clicked on

2019-01-03 14:46:29 - [TEST_STEP][PASSED] - delay: Delayed 3 second(s)

2019-01-03 14:46:32 - [MESSAGE][PASSED] - Delayed 3 second(s)

2019-01-03 14:46:32 - [TEST_STEP][PASSED] - click: Object: 'Object Repository/Final Object Repo/Page_Form 3 EIS - Cessation as Employer/Document Type' is clicked on

2019-01-03 14:46:32 - [MESSAGE][PASSED] - Object: 'Object Repository/Final Object Repo/Page_Form 3 EIS - Cessation as Employer/Document Type' is clicked on

2019-01-03 14:46:32 - [TEST_STEP][PASSED] - click: Object: 'Object Repository/Final Object Repo/Page_Form 3 EIS - Cessation as Employer/Document Type - Form 3' is clicked on

2019-01-03 14:46:33 - [MESSAGE][PASSED] - Object: 'Object Repository/Final Object Repo/Page_Form 3 EIS - Cessation as Employer/Document Type - Form 3' is clicked on

2019-01-03 14:46:33 - [TEST_STEP][PASSED] - delay: Delayed 2 second(s)

2019-01-03 14:46:35 - [MESSAGE][PASSED] - Delayed 2 second(s)

2019-01-03 14:46:35 - [TEST_STEP][PASSED] - sendKeys: Keys 'C:\Users\Public\Pictures\Sample Pictures\Koala.jpg' sent to object: 'Object Repository/Final Object Repo/Page_Form 3 EIS - Cessation as Employer/ploading File'

2019-01-03 14:46:35 - [MESSAGE][PASSED] - Keys 'C:\Users\Public\Pictures\Sample Pictures\Koala.jpg' sent to object: 'Object Repository/Final Object Repo/Page_Form 3 EIS - Cessation as Employer/ploading File'

2019-01-03 14:46:35 - [TEST_STEP][PASSED] - delay: Delayed 1 second(s)

2019-01-03 14:46:36 - [MESSAGE][PASSED] - Delayed 1 second(s)

2019-01-03 14:46:36 - [TEST_STEP][PASSED] - click: Object: 'Object Repository/Final Object Repo/Page_Form 3 EIS - Cessation as Employer/Add Document in Uploading Page' is clicked on

2019-01-03 14:46:36 - [MESSAGE][PASSED] - Object: 'Object Repository/Final Object Repo/Page_Form 3 EIS - Cessation as Employer/Add Document in Uploading Page' is clicked on

2019-01-03 14:46:36 - [TEST_STEP][PASSED] - delay: Delayed 2 second(s)

2019-01-03 14:46:38 - [MESSAGE][PASSED] - Delayed 2 second(s)

2019-01-03 14:46:38 - [TEST_STEP][PASSED] - Statement - CaseReferenceNo = com.kms.katalon.core.webui.keyword.WebUiBuiltInKeywords.getText(com.kms.katalon.core.testobject.ObjectRepository.findTestObject(Final Object Repo/Page_Update Employer Information/Reference Number in Update Employee Information Page)): Text of object 'Object Repository/Final Object Repo/Page_Update Employer Information/Reference Number in Update Employee Information Page' is: 'ERN012019C200002583'

2019-01-03 14:46:40 - [MESSAGE][PASSED] - Text of object 'Object Repository/Final Object Repo/Page_Update Employer Information/Reference Number in Update Employee Information Page' is: 'ERN012019C200002583'

2019-01-03 14:46:40 - [TEST_STEP][PASSED] - callTestCase: Call Test Case 'Test Cases/Final Aug 2018 - PKS Automation/Common/Reference Number Setter' successfully

2019-01-03 14:46:40 - [TEST_CASE][PASSED] - Test Cases/Final Aug 2018 - PKS Automation/Common/Reference Number Setter: Test Cases/Final Aug 2018 - PKS Automation/Common/Reference Number Setter

2019-01-03 14:46:40 - [TEST_STEP][PASSED] - Statement - RefNoOldFile = new java.io.File(C://Users//Admin//Desktop//PKS//Automation Reference Point//KatalonReference.txt): null

2019-01-03 14:46:40 - [TEST_STEP][PASSED] - Statement - RefNoOldFile.delete(): null

2019-01-03 14:46:40 - [TEST_STEP][PASSED] - delay: Delayed 5 second(s)

2019-01-03 14:46:45 - [MESSAGE][PASSED] - Delayed 5 second(s)

2019-01-03 14:46:45 - [TEST_STEP][PASSED] - Statement - RefNo = new java.io.File(C://Users//Admin//Desktop//PKS//Automation Reference Point//KatalonReference.txt): null

2019-01-03 14:46:45 - [TEST_STEP][PASSED] - Statement - f2 = new java.io.FileWriter(RefNo, false): null

2019-01-03 14:46:45 - [TEST_STEP][PASSED] - Statement - f2.write(CaseReferenceNo): null

2019-01-03 14:46:45 - [TEST_STEP][PASSED] - Statement - f2.close(): null

2019-01-03 14:46:45 - [TEST_STEP][PASSED] - Statement - out.println("


" + CaseReferenceNo + "


"): null

2019-01-03 14:46:45 - [MESSAGE][PASSED] - Call Test Case 'Test Cases/Final Aug 2018 - PKS Automation/Common/Reference Number Setter' successfully

2019-01-03 14:46:45 - [TEST_STEP][PASSED] - delay: Delayed 2 second(s)

2019-01-03 14:46:47 - [MESSAGE][PASSED] - Delayed 2 second(s)

2019-01-03 14:46:47 - [TEST_STEP][PASSED] - click: Object: 'Object Repository/Final Object Repo/Page_Form 3 EIS - Cessation as Employer/Save  Continue in Uploading Page' is clicked on

2019-01-03 14:46:47 - [MESSAGE][PASSED] - Object: 'Object Repository/Final Object Repo/Page_Form 3 EIS - Cessation as Employer/Save  Continue in Uploading Page' is clicked on

2019-01-03 14:46:47 - [TEST_STEP][PASSED] - delay: Delayed 2 second(s)

2019-01-03 14:46:49 - [MESSAGE][PASSED] - Delayed 2 second(s)

2019-01-03 14:46:49 - [TEST_STEP][PASSED] - click: Object: 'Object Repository/Final Object Repo/Page_Form 3 EIS - Cessation as Employer/Submit' is clicked on

2019-01-03 14:46:53 - [MESSAGE][PASSED] - Object: 'Object Repository/Final Object Repo/Page_Form 3 EIS - Cessation as Employer/Submit' is clicked on

2019-01-03 14:46:53 - [TEST_STEP][PASSED] - delay: Delayed 2 second(s)

2019-01-03 14:46:55 - [MESSAGE][PASSED] - Delayed 2 second(s)

2019-01-03 14:46:55 - [TEST_STEP][PASSED] - click: Object: 'Object Repository/Final Object Repo/Page_Form 3 EIS - Cessation as Employer/Confirm' is clicked on

2019-01-03 14:46:55 - [MESSAGE][PASSED] - Object: 'Object Repository/Final Object Repo/Page_Form 3 EIS - Cessation as Employer/Confirm' is clicked on

2019-01-03 14:46:55 - [TEST_STEP][PASSED] - delay: Delayed 2 second(s)

2019-01-03 14:46:57 - [MESSAGE][PASSED] - Delayed 2 second(s)

2019-01-03 14:46:57 - [TEST_STEP][PASSED] - click: Object: 'Object Repository/Final Object Repo/Page_Form 3 EIS - Cessation as Employer/Message Your Request will be routed to UO' is clicked on

2019-01-03 14:47:01 - [MESSAGE][PASSED] - Object: 'Object Repository/Final Object Repo/Page_Form 3 EIS - Cessation as Employer/Message Your Request will be routed to UO' is clicked on

2019-01-03 14:47:01 - [TEST_STEP][PASSED] - click: Object: 'Object Repository/Final Object Repo/Page_Form 3 EIS - Cessation as Employer/Letter of acknowledgement' is clicked on

2019-01-03 14:47:01 - [MESSAGE][PASSED] - Object: 'Object Repository/Final Object Repo/Page_Form 3 EIS - Cessation as Employer/Letter of acknowledgement' is clicked on

2019-01-03 14:47:01 - [MESSAGE][PASSED] - Call Test Case 'Test Cases/Final Aug 2018 - PKS Automation/Registration Module/Workflow/Form 3 EIS - Cessation As Employer/Template/Form 3 A - Cessation As Employer (PKRBO)' successfully

2019-01-03 14:47:01 - [TEST_STEP][PASSED] - callTestCase: Call Test Case 'Test Cases/Final Aug 2018 - PKS Automation/Registration Module/Workflow/Form 3 EIS - Cessation As Employer/Template/Form 3 A - Cessation As Employer (Approve)' successfully

2019-01-03 14:47:01 - [TEST_CASE][PASSED] - Test Cases/Final Aug 2018 - PKS Automation/Registration Module/Workflow/Form 3 EIS - Cessation As Employer/Template/Form 3 A - Cessation As Employer (Approve): Test Cases/Final Aug 2018 - PKS Automation/Registration Module/Workflow/Form 3 EIS - Cessation As Employer/Template/Form 3 A - Cessation As Employer (Approve)

2019-01-03 14:47:01 - [TEST_STEP][NOT_RUN] - callTestCase: NOT_RUN: callTestCase

2019-01-03 14:47:01 - [MESSAGE][NOT_RUN] - NOT_RUN: callTestCase

2019-01-03 14:47:01 - [TEST_STEP][PASSED] - delay: Delayed 1 second(s)

2019-01-03 14:47:02 - [MESSAGE][PASSED] - Delayed 1 second(s)

2019-01-03 14:47:02 - [TEST_STEP][PASSED] - navigateToUrl: Navigate to 'https://assist2-uat.perkeso.gov.my/c/portal/logout' successfully

2019-01-03 14:47:03 - [MESSAGE][PASSED] - Navigate to 'https://assist2-uat.perkeso.gov.my/c/portal/logout' successfully

2019-01-03 14:47:03 - [TEST_STEP][PASSED] - delay: Delayed 1 second(s)

2019-01-03 14:47:04 - [MESSAGE][PASSED] - Delayed 1 second(s)

2019-01-03 14:47:04 - [TEST_STEP][PASSED] - callTestCase: Call Test Case 'Test Cases/Final Aug 2018 - PKS Automation/Common/Reference Number Getter' successfully

2019-01-03 14:47:04 - [TEST_CASE][PASSED] - Test Cases/Final Aug 2018 - PKS Automation/Common/Reference Number Getter: Test Cases/Final Aug 2018 - PKS Automation/Common/Reference Number Getter

2019-01-03 14:47:04 - [TEST_STEP][PASSED] - Statement - Try: null

2019-01-03 14:47:04 - [TEST_STEP][PASSED] - Statement - RefNo = new java.io.File(C://Users//Admin//Desktop//PKS//Automation Reference Point//KatalonReference.txt): null

2019-01-03 14:47:04 - [TEST_STEP][PASSED] - Statement - bufferread = new java.io.BufferedReader(new java.io.FileReader(RefNo)): null

2019-01-03 14:47:04 - [TEST_STEP][PASSED] - Statement - readedVal = bufferread.readLine(): null

2019-01-03 14:47:04 - [TEST_STEP][PASSED] - Statement - out.println(CaseReferenceNo): null

2019-01-03 14:47:04 - [TEST_STEP][PASSED] - Statement - out.println(readedVal): null

2019-01-03 14:47:04 - [TEST_STEP][PASSED] - Statement - CaseReferenceNo = "": null

2019-01-03 14:47:04 - [TEST_STEP][PASSED] - Statement - CaseReferenceNo = readedVal: null

2019-01-03 14:47:04 - [MESSAGE][PASSED] - Call Test Case 'Test Cases/Final Aug 2018 - PKS Automation/Common/Reference Number Getter' successfully

2019-01-03 14:47:04 - [TEST_STEP][PASSED] - callTestCase: Call Test Case 'Test Cases/Final Aug 2018 - PKS Automation/Common/Workflow Owner Finder' successfully

2019-01-03 14:47:04 - [TEST_CASE][PASSED] - Test Cases/Final Aug 2018 - PKS Automation/Common/Workflow Owner Finder: Test Cases/Final Aug 2018 - PKS Automation/Common/Workflow Owner Finder

2019-01-03 14:47:04 - [TEST_STEP][PASSED] - openBrowser: Browser is opened with url: ''

2019-01-03 14:47:04 - [MESSAGE][WARNING] - A browser is already opened. Closing browser and opening a new one

2019-01-03 14:47:08 - [MESSAGE][PASSED] - Browser is opened with url: ''

2019-01-03 14:47:08 - [TEST_STEP][PASSED] - navigateToUrl: Navigate to 'https://assist2-uat.perkeso.gov.my/login' successfully

2019-01-03 14:47:09 - [MESSAGE][PASSED] - Navigate to 'https://assist2-uat.perkeso.gov.my/login' successfully

2019-01-03 14:47:09 - [TEST_STEP][PASSED] - delay: Delayed 5 second(s)

2019-01-03 14:47:14 - [MESSAGE][PASSED] - Delayed 5 second(s)

2019-01-03 14:47:14 - [TEST_STEP][PASSED] - setText: Text 'test@liferay.com' is set on object 'Object Repository/Final Object Repo/Login Page/Internal User/Email Address'

2019-01-03 14:47:15 - [MESSAGE][PASSED] - Text 'test@liferay.com' is set on object 'Object Repository/Final Object Repo/Login Page/Internal User/Email Address'

2019-01-03 14:47:15 - [TEST_STEP][PASSED] - click: Object: 'Object Repository/Final Object Repo/Login Page/Internal User/Next Button' is clicked on

2019-01-03 14:47:15 - [MESSAGE][PASSED] - Object: 'Object Repository/Final Object Repo/Login Page/Internal User/Next Button' is clicked on

2019-01-03 14:47:15 - [TEST_STEP][PASSED] - delay: Delayed 2 second(s)

2019-01-03 14:47:17 - [MESSAGE][PASSED] - Delayed 2 second(s)

2019-01-03 14:47:17 - [TEST_STEP][PASSED] - setText: Text 'test' is set on object 'Object Repository/Final Object Repo/Login Page/Internal User/Password'

2019-01-03 14:47:17 - [MESSAGE][PASSED] - Text 'test' is set on object 'Object Repository/Final Object Repo/Login Page/Internal User/Password'

2019-01-03 14:47:17 - [TEST_STEP][PASSED] - delay: Delayed 2 second(s)

2019-01-03 14:47:19 - [MESSAGE][PASSED] - Delayed 2 second(s)

2019-01-03 14:47:19 - [TEST_STEP][PASSED] - click: Object: 'Object Repository/Final Object Repo/Login Page/Internal User/Login Button' is clicked on

2019-01-03 14:47:19 - [MESSAGE][PASSED] - Object: 'Object Repository/Final Object Repo/Login Page/Internal User/Login Button' is clicked on

2019-01-03 14:47:19 - [TEST_STEP][PASSED] - Statement - tester = com.kms.katalon.core.testobject.ObjectRepository.findTestObject(Final Object Repo/Landing Page/Select to English): Finding Test Object with id 'Object Repository/Final Object Repo/Landing Page/Select to English'

2019-01-03 14:47:19 - [TEST_STEP][PASSED] - Statement - Try: Delayed 2 second(s)

2019-01-03 14:47:19 - [TEST_STEP][PASSED] - Statement - Checker = com.kms.katalon.core.webui.keyword.WebUiBuiltInKeywords.verifyElementNotPresent(tester, 3): Web element with id: 'Object Repository/Final Object Repo/Landing Page/Select to English' located by 'By.xpath: //a[@class = 'taglib-language-list-text' and @lang = 'en-US' and (contains(text(), 'EN') or contains(., 'EN'))]' is not present after '3' second(s)

2019-01-03 14:47:21 - [MESSAGE][PASSED] - Web element with id: 'Object Repository/Final Object Repo/Landing Page/Select to English' located by 'By.xpath: //a[@class = 'taglib-language-list-text' and @lang = 'en-US' and (contains(text(), 'EN') or contains(., 'EN'))]' is not present after '3' second(s)

2019-01-03 14:47:21 - [TEST_STEP][PASSED] - Statement - If (Checker == false): null

2019-01-03 14:47:21 - [TEST_STEP][PASSED] - delay: Delayed 2 second(s)

2019-01-03 14:47:23 - [MESSAGE][PASSED] - Delayed 2 second(s)

2019-01-03 14:47:23 - [TEST_STEP][PASSED] - delay: Delayed 5 second(s)

2019-01-03 14:47:28 - [MESSAGE][PASSED] - Delayed 5 second(s)

2019-01-03 14:47:28 - [TEST_STEP][PASSED] - mouseOver: Object: 'Object Repository/Final Object Repo/Landing Page/WorkFlow Menu' is hovered

2019-01-03 14:47:28 - [MESSAGE][PASSED] - Object: 'Object Repository/Final Object Repo/Landing Page/WorkFlow Menu' is hovered

2019-01-03 14:47:28 - [TEST_STEP][PASSED] - delay: Delayed 2 second(s)

2019-01-03 14:47:30 - [MESSAGE][PASSED] - Delayed 2 second(s)

2019-01-03 14:47:30 - [TEST_STEP][PASSED] - click: Object: 'Object Repository/Final Object Repo/Landing Page/Select to Workflow Listing' is clicked on

2019-01-03 14:47:31 - [MESSAGE][PASSED] - Object: 'Object Repository/Final Object Repo/Landing Page/Select to Workflow Listing' is clicked on

2019-01-03 14:47:31 - [TEST_STEP][PASSED] - delay: Delayed 2 second(s)

2019-01-03 14:47:33 - [MESSAGE][PASSED] - Delayed 2 second(s)

2019-01-03 14:47:33 - [TEST_STEP][PASSED] - click: Object: 'Object Repository/Final Object Repo/WorkFlow Listing Page/Search Information - To Put Ref No' is clicked on

2019-01-03 14:47:34 - [MESSAGE][PASSED] - Object: 'Object Repository/Final Object Repo/WorkFlow Listing Page/Search Information - To Put Ref No' is clicked on

2019-01-03 14:47:34 - [TEST_STEP][PASSED] - delay: Delayed 2 second(s)

2019-01-03 14:47:36 - [MESSAGE][PASSED] - Delayed 2 second(s)

2019-01-03 14:47:36 - [TEST_STEP][PASSED] - callTestCase: Call Test Case 'Test Cases/Final Aug 2018 - PKS Automation/Common/Reference Number Getter' successfully

2019-01-03 14:47:36 - [TEST_CASE][PASSED] - Test Cases/Final Aug 2018 - PKS Automation/Common/Reference Number Getter: Test Cases/Final Aug 2018 - PKS Automation/Common/Reference Number Getter

2019-01-03 14:47:36 - [TEST_STEP][PASSED] - Statement - Try: null

2019-01-03 14:47:36 - [TEST_STEP][PASSED] - Statement - RefNo = new java.io.File(C://Users//Admin//Desktop//PKS//Automation Reference Point//KatalonReference.txt): null

2019-01-03 14:47:36 - [TEST_STEP][PASSED] - Statement - bufferread = new java.io.BufferedReader(new java.io.FileReader(RefNo)): null

2019-01-03 14:47:36 - [TEST_STEP][PASSED] - Statement - readedVal = bufferread.readLine(): null

2019-01-03 14:47:36 - [TEST_STEP][PASSED] - Statement - out.println(CaseReferenceNo): null

2019-01-03 14:47:36 - [TEST_STEP][PASSED] - Statement - out.println(readedVal): null

2019-01-03 14:47:36 - [TEST_STEP][PASSED] - Statement - CaseReferenceNo = "": null

2019-01-03 14:47:36 - [TEST_STEP][PASSED] - Statement - CaseReferenceNo = readedVal: null

2019-01-03 14:47:36 - [MESSAGE][PASSED] - Call Test Case 'Test Cases/Final Aug 2018 - PKS Automation/Common/Reference Number Getter' successfully

2019-01-03 14:47:36 - [TEST_STEP][PASSED] - setText: Text 'ERN012019C200002583' is set on object 'Object Repository/Final Object Repo/WorkFlow Listing Page/Ref No Set Text'

2019-01-03 14:47:36 - [MESSAGE][PASSED] - Text 'ERN012019C200002583' is set on object 'Object Repository/Final Object Repo/WorkFlow Listing Page/Ref No Set Text'

2019-01-03 14:47:36 - [TEST_STEP][PASSED] - delay: Delayed 2 second(s)

2019-01-03 14:47:38 - [MESSAGE][PASSED] - Delayed 2 second(s)

2019-01-03 14:47:38 - [TEST_STEP][PASSED] - click: Object: 'Object Repository/Final Object Repo/WorkFlow Listing Page/Search Ref No Search Button' is clicked on

2019-01-03 14:47:38 - [MESSAGE][PASSED] - Object: 'Object Repository/Final Object Repo/WorkFlow Listing Page/Search Ref No Search Button' is clicked on

2019-01-03 14:47:38 - [TEST_STEP][PASSED] - delay: Delayed 6 second(s)

2019-01-03 14:47:44 - [MESSAGE][PASSED] - Delayed 6 second(s)

2019-01-03 14:47:44 - [TEST_STEP][PASSED] - click: Object: 'Object Repository/Final Object Repo/WorkFlow Listing Page/Click Continue Tooltip' is clicked on

2019-01-03 14:47:45 - [MESSAGE][PASSED] - Object: 'Object Repository/Final Object Repo/WorkFlow Listing Page/Click Continue Tooltip' is clicked on

2019-01-03 14:47:45 - [TEST_STEP][PASSED] - delay: Delayed 5 second(s)

2019-01-03 14:47:50 - [MESSAGE][PASSED] - Delayed 5 second(s)

2019-01-03 14:47:50 - [TEST_STEP][PASSED] - doubleClick: Object: 'Object Repository/Final Object Repo/WorkFlow Listing Page/Workflow Found - Listing 1' is double clicked on

2019-01-03 14:47:50 - [MESSAGE][PASSED] - Object: 'Object Repository/Final Object Repo/WorkFlow Listing Page/Workflow Found - Listing 1' is double clicked on

2019-01-03 14:47:50 - [TEST_STEP][PASSED] - Statement - println(OwnerID): null

2019-01-03 14:47:50 - [TEST_STEP][PASSED] - Statement - OwnerID = com.kms.katalon.core.webui.keyword.WebUiBuiltInKeywords.getText(com.kms.katalon.core.testobject.ObjectRepository.findTestObject(Final Object Repo/WorkFlow Listing Page/Workflow Found - Listing 1), STOP_ON_FAILURE): Text of object 'Object Repository/Final Object Repo/WorkFlow Listing Page/Workflow Found - Listing 1' is: 'JOHORuo1'

2019-01-03 14:47:50 - [MESSAGE][PASSED] - Text of object 'Object Repository/Final Object Repo/WorkFlow Listing Page/Workflow Found - Listing 1' is: 'JOHORuo1'

2019-01-03 14:47:50 - [TEST_STEP][PASSED] - Statement - OwnerID = OwnerID.toLowerCase() + "@gmail.com": null

2019-01-03 14:47:50 - [TEST_STEP][PASSED] - Statement - println(OwnerID): null

2019-01-03 14:47:50 - [TEST_STEP][PASSED] - delay: Delayed 2 second(s)

2019-01-03 14:47:52 - [MESSAGE][PASSED] - Delayed 2 second(s)

2019-01-03 14:47:52 - [MESSAGE][PASSED] - Call Test Case 'Test Cases/Final Aug 2018 - PKS Automation/Common/Workflow Owner Finder' successfully

2019-01-03 14:47:52 - [TEST_STEP][PASSED] - delay: Delayed 1 second(s)

2019-01-03 14:47:53 - [MESSAGE][PASSED] - Delayed 1 second(s)

2019-01-03 14:47:53 - [TEST_STEP][PASSED] - navigateToUrl: Navigate to 'https://assist2-uat.perkeso.gov.my/c/portal/logout' successfully

2019-01-03 14:47:54 - [MESSAGE][PASSED] - Navigate to 'https://assist2-uat.perkeso.gov.my/c/portal/logout' successfully

2019-01-03 14:47:54 - [TEST_STEP][PASSED] - delay: Delayed 1 second(s)

2019-01-03 14:47:55 - [MESSAGE][PASSED] - Delayed 1 second(s)

2019-01-03 14:47:55 - [TEST_STEP][PASSED] - callTestCase: Call Test Case 'Test Cases/Final Aug 2018 - PKS Automation/Registration Module/Workflow/Login and Search Case For Workflow' successfully

2019-01-03 14:47:55 - [TEST_CASE][PASSED] - Test Cases/Final Aug 2018 - PKS Automation/Registration Module/Workflow/Login and Search Case For Workflow: Test Cases/Final Aug 2018 - PKS Automation/Registration Module/Workflow/Login and Search Case For Workflow

2019-01-03 14:47:55 - [TEST_STEP][PASSED] - navigateToUrl: Navigate to 'https://assist2-uat.perkeso.gov.my/login' successfully

2019-01-03 14:47:56 - [MESSAGE][PASSED] - Navigate to 'https://assist2-uat.perkeso.gov.my/login' successfully

2019-01-03 14:47:56 - [TEST_STEP][PASSED] - setText: Text 'johoruo1@gmail.com' is set on object 'Object Repository/Final Object Repo/Login Page/Internal User/Email Address'

2019-01-03 14:47:56 - [MESSAGE][PASSED] - Text 'johoruo1@gmail.com' is set on object 'Object Repository/Final Object Repo/Login Page/Internal User/Email Address'

2019-01-03 14:47:56 - [TEST_STEP][PASSED] - click: Object: 'Object Repository/Final Object Repo/Login Page/Internal User/Next Button' is clicked on

2019-01-03 14:47:56 - [MESSAGE][PASSED] - Object: 'Object Repository/Final Object Repo/Login Page/Internal User/Next Button' is clicked on

2019-01-03 14:47:56 - [TEST_STEP][PASSED] - delay: Delayed 1 second(s)

2019-01-03 14:47:57 - [MESSAGE][PASSED] - Delayed 1 second(s)

2019-01-03 14:47:57 - [TEST_STEP][PASSED] - setEncryptedText: Text ****** has been set on object 'Object Repository/Final Object Repo/Login Page/Internal User/Password'

2019-01-03 14:47:58 - [MESSAGE][PASSED] - Text ****** has been set on object 'Object Repository/Final Object Repo/Login Page/Internal User/Password'

2019-01-03 14:47:58 - [TEST_STEP][PASSED] - click: Object: 'Object Repository/Final Object Repo/Login Page/Internal User/Login Button' is clicked on

2019-01-03 14:47:58 - [MESSAGE][PASSED] - Object: 'Object Repository/Final Object Repo/Login Page/Internal User/Login Button' is clicked on

2019-01-03 14:47:58 - [TEST_STEP][PASSED] - delay: Delayed 2 second(s)

2019-01-03 14:48:00 - [MESSAGE][PASSED] - Delayed 2 second(s)

2019-01-03 14:48:00 - [TEST_STEP][PASSED] - Statement - Try: Delayed 2 second(s)

2019-01-03 14:48:00 - [TEST_STEP][PASSED] - Statement - Checker = false: null

2019-01-03 14:48:00 - [TEST_STEP][PASSED] - Statement - Checker = com.kms.katalon.core.webui.keyword.WebUiBuiltInKeywords.verifyElementHasAttribute(com.kms.katalon.core.testobject.ObjectRepository.findTestObject(Final Object Repo/Landing Page/BM Detecting), "href", 20, OPTIONAL): Object 'Object Repository/Final Object Repo/Landing Page/BM Detecting' has attribute 'href'

2019-01-03 14:48:01 - [MESSAGE][PASSED] - Object 'Object Repository/Final Object Repo/Landing Page/BM Detecting' has attribute 'href'

2019-01-03 14:48:01 - [TEST_STEP][PASSED] - Statement - out.println(Checker): null

2019-01-03 14:48:01 - [TEST_STEP][PASSED] - Statement - If (Checker == false): null

2019-01-03 14:48:01 - [TEST_STEP][PASSED] - Statement - Else: null

2019-01-03 14:48:01 - [TEST_STEP][PASSED] - delay: Delayed 2 second(s)

2019-01-03 14:48:03 - [MESSAGE][PASSED] - Delayed 2 second(s)

2019-01-03 14:48:03 - [TEST_STEP][PASSED] - click: Object: 'Object Repository/Final Object Repo/Page_MyASSIST - ASSIST - Search Pending Case For Add Supporting Document/Search Information' is clicked on

2019-01-03 14:48:03 - [MESSAGE][PASSED] - Object: 'Object Repository/Final Object Repo/Page_MyASSIST - ASSIST - Search Pending Case For Add Supporting Document/Search Information' is clicked on

2019-01-03 14:48:03 - [TEST_STEP][PASSED] - delay: Delayed 3 second(s)

2019-01-03 14:48:06 - [MESSAGE][PASSED] - Delayed 3 second(s)

2019-01-03 14:48:06 - [TEST_STEP][PASSED] - sendKeys: Keys 'ERN012019C200002583' sent to object: 'Object Repository/Final Object Repo/Page_MyASSIST - ASSIST - Search Pending Case For Add Supporting Document/Reference No'

2019-01-03 14:48:07 - [MESSAGE][PASSED] - Keys 'ERN012019C200002583' sent to object: 'Object Repository/Final Object Repo/Page_MyASSIST - ASSIST - Search Pending Case For Add Supporting Document/Reference No'

2019-01-03 14:48:07 - [TEST_STEP][PASSED] - click: Object: 'Object Repository/Final Object Repo/Page_MyASSIST - ASSIST - Search Pending Case For Add Supporting Document/Search Reference No' is clicked on

2019-01-03 14:48:07 - [MESSAGE][PASSED] - Object: 'Object Repository/Final Object Repo/Page_MyASSIST - ASSIST - Search Pending Case For Add Supporting Document/Search Reference No' is clicked on

2019-01-03 14:48:07 - [TEST_STEP][PASSED] - delay: Delayed 2 second(s)

2019-01-03 14:48:09 - [MESSAGE][PASSED] - Delayed 2 second(s)

2019-01-03 14:48:09 - [TEST_STEP][PASSED] - click: Object: 'Object Repository/Final Object Repo/Page_MyASSIST - ASSIST - Search Pending Case For Add Supporting Document/Continue' is clicked on

2019-01-03 14:48:12 - [MESSAGE][PASSED] - Object: 'Object Repository/Final Object Repo/Page_MyASSIST - ASSIST - Search Pending Case For Add Supporting Document/Continue' is clicked on

2019-01-03 14:48:12 - [TEST_STEP][PASSED] - delay: Delayed 20 second(s)

2019-01-03 14:48:32 - [MESSAGE][PASSED] - Delayed 20 second(s)

2019-01-03 14:48:32 - [MESSAGE][PASSED] - Call Test Case 'Test Cases/Final Aug 2018 - PKS Automation/Registration Module/Workflow/Login and Search Case For Workflow' successfully

2019-01-03 14:48:32 - [TEST_STEP][PASSED] - click: Object: 'Object Repository/Final Object Repo/Page_Form 3 EIS - Cessation as Employer/Page_Form 3 EIS - Cessation as Employer (Approve)/Save  Continue in Form 3 Page' is clicked on

2019-01-03 14:48:33 - [MESSAGE][PASSED] - Object: 'Object Repository/Final Object Repo/Page_Form 3 EIS - Cessation as Employer/Page_Form 3 EIS - Cessation as Employer (Approve)/Save  Continue in Form 3 Page' is clicked on

2019-01-03 14:48:33 - [TEST_STEP][PASSED] - delay: Delayed 2 second(s)

2019-01-03 14:48:35 - [MESSAGE][PASSED] - Delayed 2 second(s)

2019-01-03 14:48:35 - [TEST_STEP][PASSED] - click: Object: 'Object Repository/Final Object Repo/Page_Form 3 EIS - Cessation as Employer/Page_Form 3 EIS - Cessation as Employer (Approve)/Save  Continue in Resigned Page' is clicked on

2019-01-03 14:48:35 - [MESSAGE][PASSED] - Object: 'Object Repository/Final Object Repo/Page_Form 3 EIS - Cessation as Employer/Page_Form 3 EIS - Cessation as Employer (Approve)/Save  Continue in Resigned Page' is clicked on

2019-01-03 14:48:35 - [TEST_STEP][PASSED] - delay: Delayed 2 second(s)

2019-01-03 14:48:37 - [MESSAGE][PASSED] - Delayed 2 second(s)

2019-01-03 14:48:37 - [TEST_STEP][PASSED] - click: Object: 'Object Repository/Final Object Repo/Page_Form 3 EIS - Cessation as Employer/Page_Form 3 EIS - Cessation as Employer (Approve)/Save  Continue in Uploading Page' is clicked on

2019-01-03 14:48:38 - [MESSAGE][PASSED] - Object: 'Object Repository/Final Object Repo/Page_Form 3 EIS - Cessation as Employer/Page_Form 3 EIS - Cessation as Employer (Approve)/Save  Continue in Uploading Page' is clicked on

2019-01-03 14:48:38 - [TEST_STEP][PASSED] - delay: Delayed 2 second(s)

2019-01-03 14:48:40 - [MESSAGE][PASSED] - Delayed 2 second(s)

2019-01-03 14:48:40 - [TEST_STEP][PASSED] - click: Object: 'Object Repository/Final Object Repo/Page_Form 3 EIS - Cessation as Employer/Page_Form 3 EIS - Cessation as Employer (Approve)/Approve' is clicked on

2019-01-03 14:48:43 - [MESSAGE][PASSED] - Object: 'Object Repository/Final Object Repo/Page_Form 3 EIS - Cessation as Employer/Page_Form 3 EIS - Cessation as Employer (Approve)/Approve' is clicked on

2019-01-03 14:48:43 - [TEST_STEP][PASSED] - delay: Delayed 2 second(s)

2019-01-03 14:48:45 - [MESSAGE][PASSED] - Delayed 2 second(s)

2019-01-03 14:48:45 - [TEST_STEP][PASSED] - click: Object: 'Object Repository/Final Object Repo/Page_Form 3 EIS - Cessation as Employer/Page_Form 3 EIS - Cessation as Employer (Approve)/Confirm' is clicked on

2019-01-03 14:48:46 - [MESSAGE][PASSED] - Object: 'Object Repository/Final Object Repo/Page_Form 3 EIS - Cessation as Employer/Page_Form 3 EIS - Cessation as Employer (Approve)/Confirm' is clicked on

2019-01-03 14:48:46 - [TEST_STEP][PASSED] - delay: Delayed 2 second(s)

2019-01-03 14:48:48 - [MESSAGE][PASSED] - Delayed 2 second(s)

2019-01-03 14:48:48 - [TEST_STEP][PASSED] - click: Object: 'Object Repository/Final Object Repo/Page_Form 3 EIS - Cessation as Employer/Page_Form 3 EIS - Cessation as Employer (Approve)/Message Your Request    Form 3 EIS' is clicked on

2019-01-03 14:48:54 - [MESSAGE][PASSED] - Object: 'Object Repository/Final Object Repo/Page_Form 3 EIS - Cessation as Employer/Page_Form 3 EIS - Cessation as Employer (Approve)/Message Your Request    Form 3 EIS' is clicked on

2019-01-03 14:48:54 - [TEST_STEP][PASSED] - click: Object: 'Object Repository/Final Object Repo/Page_Form 3 EIS - Cessation as Employer/Page_Form 3 EIS - Cessation as Employer (Approve)/Letter of successful update' is clicked on

2019-01-03 14:48:55 - [MESSAGE][PASSED] - Object: 'Object Repository/Final Object Repo/Page_Form 3 EIS - Cessation as Employer/Page_Form 3 EIS - Cessation as Employer (Approve)/Letter of successful update' is clicked on

2019-01-03 14:48:55 - [MESSAGE][PASSED] - Call Test Case 'Test Cases/Final Aug 2018 - PKS Automation/Registration Module/Workflow/Form 3 EIS - Cessation As Employer/Template/Form 3 A - Cessation As Employer (Approve)' successfully]]></system-out>
         <system-err><![CDATA[]]></system-err>
      </testcase>
      <testcase name="Test Cases/Final Aug 2018 - PKS Automation/Registration Module/Workflow/Form 3 EIS - Cessation As Employer/PKRBO to UO (Query)" classname="Test Cases/Final Aug 2018 - PKS Automation/Registration Module/Workflow/Form 3 EIS - Cessation As Employer/PKRBO to UO (Query)" status="PASSED">
         <system-out><![CDATA[2019-01-03 14:48:55 - [TEST_CASE][PASSED] - Test Cases/Final Aug 2018 - PKS Automation/Registration Module/Workflow/Form 3 EIS - Cessation As Employer/PKRBO to UO (Query): Test Cases/Final Aug 2018 - PKS Automation/Registration Module/Workflow/Form 3 EIS - Cessation As Employer/PKRBO to UO (Query)

2019-01-03 14:48:55 - [TEST_STEP][PASSED] - callTestCase: Call Test Case 'Test Cases/Final Aug 2018 - PKS Automation/Registration Module/Workflow/Form 3 EIS - Cessation As Employer/Template/Form 3 A - Cessation As Employer (PKRBO)' successfully

2019-01-03 14:48:55 - [TEST_CASE][PASSED] - Test Cases/Final Aug 2018 - PKS Automation/Registration Module/Workflow/Form 3 EIS - Cessation As Employer/Template/Form 3 A - Cessation As Employer (PKRBO): Test Cases/Final Aug 2018 - PKS Automation/Registration Module/Workflow/Form 3 EIS - Cessation As Employer/Template/Form 3 A - Cessation As Employer (PKRBO)

2019-01-03 14:48:55 - [TEST_STEP][PASSED] - openBrowser: Browser is opened with url: ''

2019-01-03 14:48:55 - [MESSAGE][WARNING] - A browser is already opened. Closing browser and opening a new one

2019-01-03 14:48:59 - [MESSAGE][PASSED] - Browser is opened with url: ''

2019-01-03 14:48:59 - [TEST_STEP][PASSED] - navigateToUrl: Navigate to 'https://assist2-uat.perkeso.gov.my/login' successfully

2019-01-03 14:49:00 - [MESSAGE][PASSED] - Navigate to 'https://assist2-uat.perkeso.gov.my/login' successfully

2019-01-03 14:49:00 - [TEST_STEP][PASSED] - setText: Text 'johorpkrbo1@gmail.com' is set on object 'Object Repository/Final Object Repo/Login Page/Internal User/Email Address'

2019-01-03 14:49:00 - [MESSAGE][PASSED] - Text 'johorpkrbo1@gmail.com' is set on object 'Object Repository/Final Object Repo/Login Page/Internal User/Email Address'

2019-01-03 14:49:00 - [TEST_STEP][PASSED] - click: Object: 'Object Repository/Final Object Repo/Login Page/Internal User/Next Button' is clicked on

2019-01-03 14:49:00 - [MESSAGE][PASSED] - Object: 'Object Repository/Final Object Repo/Login Page/Internal User/Next Button' is clicked on

2019-01-03 14:49:00 - [TEST_STEP][PASSED] - delay: Delayed 1 second(s)

2019-01-03 14:49:01 - [MESSAGE][PASSED] - Delayed 1 second(s)

2019-01-03 14:49:01 - [TEST_STEP][PASSED] - setEncryptedText: Text ****** has been set on object 'Object Repository/Final Object Repo/Login Page/Internal User/Password'

2019-01-03 14:49:02 - [MESSAGE][PASSED] - Text ****** has been set on object 'Object Repository/Final Object Repo/Login Page/Internal User/Password'

2019-01-03 14:49:02 - [TEST_STEP][PASSED] - click: Object: 'Object Repository/Final Object Repo/Login Page/Internal User/Login Button' is clicked on

2019-01-03 14:49:02 - [MESSAGE][PASSED] - Object: 'Object Repository/Final Object Repo/Login Page/Internal User/Login Button' is clicked on

2019-01-03 14:49:02 - [TEST_STEP][PASSED] - delay: Delayed 1 second(s)

2019-01-03 14:49:03 - [MESSAGE][PASSED] - Delayed 1 second(s)

2019-01-03 14:49:03 - [TEST_STEP][PASSED] - Statement - Try: Delayed 2 second(s)

2019-01-03 14:49:03 - [TEST_STEP][PASSED] - Statement - Checker = false: null

2019-01-03 14:49:03 - [TEST_STEP][PASSED] - Statement - Checker = com.kms.katalon.core.webui.keyword.WebUiBuiltInKeywords.verifyElementHasAttribute(com.kms.katalon.core.testobject.ObjectRepository.findTestObject(Final Object Repo/Landing Page/BM Detecting), "href", 20, OPTIONAL): Object 'Object Repository/Final Object Repo/Landing Page/BM Detecting' has attribute 'href'

2019-01-03 14:49:04 - [MESSAGE][PASSED] - Object 'Object Repository/Final Object Repo/Landing Page/BM Detecting' has attribute 'href'

2019-01-03 14:49:04 - [TEST_STEP][PASSED] - Statement - out.println(Checker): null

2019-01-03 14:49:04 - [TEST_STEP][PASSED] - Statement - If (Checker == false): null

2019-01-03 14:49:04 - [TEST_STEP][PASSED] - Statement - Else: null

2019-01-03 14:49:04 - [TEST_STEP][PASSED] - delay: Delayed 2 second(s)

2019-01-03 14:49:06 - [MESSAGE][PASSED] - Delayed 2 second(s)

2019-01-03 14:49:06 - [TEST_STEP][PASSED] - navigateToUrl: Navigate to 'https://assist2-uat.perkeso.gov.my/web/registration/eis-update/form-3-eis-cessation-as-employer' successfully

2019-01-03 14:49:07 - [MESSAGE][PASSED] - Navigate to 'https://assist2-uat.perkeso.gov.my/web/registration/eis-update/form-3-eis-cessation-as-employer' successfully

2019-01-03 14:49:07 - [TEST_STEP][PASSED] - delay: Delayed 1 second(s)

2019-01-03 14:49:08 - [MESSAGE][PASSED] - Delayed 1 second(s)

2019-01-03 14:49:08 - [TEST_STEP][PASSED] - setText: Text 'E1102069769W' is set on object 'Object Repository/Final Object Repo/Page_Form 3 EIS - Cessation as Employer/Employer Code'

2019-01-03 14:49:08 - [MESSAGE][PASSED] - Text 'E1102069769W' is set on object 'Object Repository/Final Object Repo/Page_Form 3 EIS - Cessation as Employer/Employer Code'

2019-01-03 14:49:08 - [TEST_STEP][PASSED] - click: Object: 'Object Repository/Final Object Repo/Page_Form 3 EIS - Cessation as Employer/Search' is clicked on

2019-01-03 14:49:08 - [MESSAGE][PASSED] - Object: 'Object Repository/Final Object Repo/Page_Form 3 EIS - Cessation as Employer/Search' is clicked on

2019-01-03 14:49:08 - [TEST_STEP][PASSED] - click: Object: 'Object Repository/Final Object Repo/Page_Form 3 EIS - Cessation as Employer/Edit' is clicked on

2019-01-03 14:49:10 - [MESSAGE][PASSED] - Object: 'Object Repository/Final Object Repo/Page_Form 3 EIS - Cessation as Employer/Edit' is clicked on

2019-01-03 14:49:10 - [TEST_STEP][PASSED] - delay: Delayed 1 second(s)

2019-01-03 14:49:11 - [MESSAGE][PASSED] - Delayed 1 second(s)

2019-01-03 14:49:11 - [TEST_STEP][PASSED] - Statement - abc = com.kms.katalon.core.webui.keyword.WebUiBuiltInKeywords.getAttribute(com.kms.katalon.core.testobject.ObjectRepository.findTestObject(Final Object Repo/Page_Form 3 EIS - Cessation as Employer/Employer Status), "value"): Attribute 'value' of object 'Object Repository/Final Object Repo/Page_Form 3 EIS - Cessation as Employer/Employer Status' is: 'Active'

2019-01-03 14:49:11 - [MESSAGE][PASSED] - Attribute 'value' of object 'Object Repository/Final Object Repo/Page_Form 3 EIS - Cessation as Employer/Employer Status' is: 'Active'

2019-01-03 14:49:11 - [TEST_STEP][PASSED] - Statement - out.println(abc): null

2019-01-03 14:49:11 - [TEST_STEP][PASSED] - Statement - If (abc == "Active"): Object: 'Object Repository/Final Object Repo/Page_Form 3 EIS - Cessation as Employer/Dormant EIS' is clicked on

2019-01-03 14:49:11 - [TEST_STEP][PASSED] - click: Object: 'Object Repository/Final Object Repo/Page_Form 3 EIS - Cessation as Employer/Change Employer Status to' is clicked on

2019-01-03 14:49:11 - [MESSAGE][PASSED] - Object: 'Object Repository/Final Object Repo/Page_Form 3 EIS - Cessation as Employer/Change Employer Status to' is clicked on

2019-01-03 14:49:11 - [TEST_STEP][PASSED] - click: Object: 'Object Repository/Final Object Repo/Page_Form 3 EIS - Cessation as Employer/Dormant EIS' is clicked on

2019-01-03 14:49:12 - [MESSAGE][PASSED] - Object: 'Object Repository/Final Object Repo/Page_Form 3 EIS - Cessation as Employer/Dormant EIS' is clicked on

2019-01-03 14:49:12 - [TEST_STEP][PASSED] - click: Object: 'Object Repository/Final Object Repo/Page_Form 3 EIS - Cessation as Employer/Calender' is clicked on

2019-01-03 14:49:12 - [MESSAGE][PASSED] - Object: 'Object Repository/Final Object Repo/Page_Form 3 EIS - Cessation as Employer/Calender' is clicked on

2019-01-03 14:49:12 - [TEST_STEP][PASSED] - delay: Delayed 1 second(s)

2019-01-03 14:49:13 - [MESSAGE][PASSED] - Delayed 1 second(s)

2019-01-03 14:49:13 - [TEST_STEP][PASSED] - click: Object: 'Object Repository/Final Object Repo/Page_Form 3 EIS - Cessation as Employer/Calender - Date' is clicked on

2019-01-03 14:49:13 - [MESSAGE][PASSED] - Object: 'Object Repository/Final Object Repo/Page_Form 3 EIS - Cessation as Employer/Calender - Date' is clicked on

2019-01-03 14:49:13 - [TEST_STEP][PASSED] - click: Object: 'Object Repository/Final Object Repo/Page_Form 3 EIS - Cessation as Employer/Save  Continue in Form 3 EIS Page' is clicked on

2019-01-03 14:49:13 - [MESSAGE][PASSED] - Object: 'Object Repository/Final Object Repo/Page_Form 3 EIS - Cessation as Employer/Save  Continue in Form 3 EIS Page' is clicked on

2019-01-03 14:49:13 - [TEST_STEP][PASSED] - delay: Delayed 1 second(s)

2019-01-03 14:49:14 - [MESSAGE][PASSED] - Delayed 1 second(s)

2019-01-03 14:49:14 - [TEST_STEP][PASSED] - click: Object: 'Object Repository/Final Object Repo/Page_Form 3 EIS - Cessation as Employer/Employment Resign Date' is clicked on

2019-01-03 14:49:15 - [MESSAGE][PASSED] - Object: 'Object Repository/Final Object Repo/Page_Form 3 EIS - Cessation as Employer/Employment Resign Date' is clicked on

2019-01-03 14:49:15 - [TEST_STEP][PASSED] - selectOptionByValue: All options with value '2030' are selected in object 'Object Repository/Final Object Repo/Page_Form 3 EIS - Cessation as Employer/Employment Resign Date - Year' 

2019-01-03 14:49:15 - [MESSAGE][PASSED] - All options with value '2030' are selected in object 'Object Repository/Final Object Repo/Page_Form 3 EIS - Cessation as Employer/Employment Resign Date - Year' 

2019-01-03 14:49:15 - [TEST_STEP][PASSED] - delay: Delayed 2 second(s)

2019-01-03 14:49:17 - [MESSAGE][PASSED] - Delayed 2 second(s)

2019-01-03 14:49:17 - [TEST_STEP][PASSED] - click: Object: 'Object Repository/Final Object Repo/Page_Form 3 EIS - Cessation as Employer/Employment Resign Date - Year - Date' is clicked on

2019-01-03 14:49:18 - [MESSAGE][PASSED] - Object: 'Object Repository/Final Object Repo/Page_Form 3 EIS - Cessation as Employer/Employment Resign Date - Year - Date' is clicked on

2019-01-03 14:49:18 - [TEST_STEP][PASSED] - delay: Delayed 2 second(s)

2019-01-03 14:49:20 - [MESSAGE][PASSED] - Delayed 2 second(s)

2019-01-03 14:49:20 - [TEST_STEP][PASSED] - click: Object: 'Object Repository/Final Object Repo/Page_Form 3 EIS - Cessation as Employer/Save  Continue in Employment Resign Page' is clicked on

2019-01-03 14:49:20 - [MESSAGE][PASSED] - Object: 'Object Repository/Final Object Repo/Page_Form 3 EIS - Cessation as Employer/Save  Continue in Employment Resign Page' is clicked on

2019-01-03 14:49:20 - [TEST_STEP][PASSED] - delay: Delayed 2 second(s)

2019-01-03 14:49:22 - [MESSAGE][PASSED] - Delayed 2 second(s)

2019-01-03 14:49:22 - [TEST_STEP][PASSED] - click: Object: 'Object Repository/Final Object Repo/Page_Form 3 EIS - Cessation as Employer/Set Latest - Yes' is clicked on

2019-01-03 14:49:22 - [MESSAGE][PASSED] - Object: 'Object Repository/Final Object Repo/Page_Form 3 EIS - Cessation as Employer/Set Latest - Yes' is clicked on

2019-01-03 14:49:22 - [TEST_STEP][PASSED] - delay: Delayed 2 second(s)

2019-01-03 14:49:24 - [MESSAGE][PASSED] - Delayed 2 second(s)

2019-01-03 14:49:24 - [TEST_STEP][PASSED] - click: Object: 'Object Repository/Final Object Repo/Page_Form 3 EIS - Cessation as Employer/Add Document' is clicked on

2019-01-03 14:49:25 - [MESSAGE][PASSED] - Object: 'Object Repository/Final Object Repo/Page_Form 3 EIS - Cessation as Employer/Add Document' is clicked on

2019-01-03 14:49:25 - [TEST_STEP][PASSED] - delay: Delayed 3 second(s)

2019-01-03 14:49:28 - [MESSAGE][PASSED] - Delayed 3 second(s)

2019-01-03 14:49:28 - [TEST_STEP][PASSED] - click: Object: 'Object Repository/Final Object Repo/Page_Form 3 EIS - Cessation as Employer/Document Type' is clicked on

2019-01-03 14:49:28 - [MESSAGE][PASSED] - Object: 'Object Repository/Final Object Repo/Page_Form 3 EIS - Cessation as Employer/Document Type' is clicked on

2019-01-03 14:49:28 - [TEST_STEP][PASSED] - click: Object: 'Object Repository/Final Object Repo/Page_Form 3 EIS - Cessation as Employer/Document Type - Form 3' is clicked on

2019-01-03 14:49:29 - [MESSAGE][PASSED] - Object: 'Object Repository/Final Object Repo/Page_Form 3 EIS - Cessation as Employer/Document Type - Form 3' is clicked on

2019-01-03 14:49:29 - [TEST_STEP][PASSED] - delay: Delayed 2 second(s)

2019-01-03 14:49:31 - [MESSAGE][PASSED] - Delayed 2 second(s)

2019-01-03 14:49:31 - [TEST_STEP][PASSED] - sendKeys: Keys 'C:\Users\Public\Pictures\Sample Pictures\Koala.jpg' sent to object: 'Object Repository/Final Object Repo/Page_Form 3 EIS - Cessation as Employer/ploading File'

2019-01-03 14:49:31 - [MESSAGE][PASSED] - Keys 'C:\Users\Public\Pictures\Sample Pictures\Koala.jpg' sent to object: 'Object Repository/Final Object Repo/Page_Form 3 EIS - Cessation as Employer/ploading File'

2019-01-03 14:49:31 - [TEST_STEP][PASSED] - delay: Delayed 1 second(s)

2019-01-03 14:49:32 - [MESSAGE][PASSED] - Delayed 1 second(s)

2019-01-03 14:49:32 - [TEST_STEP][PASSED] - click: Object: 'Object Repository/Final Object Repo/Page_Form 3 EIS - Cessation as Employer/Add Document in Uploading Page' is clicked on

2019-01-03 14:49:32 - [MESSAGE][PASSED] - Object: 'Object Repository/Final Object Repo/Page_Form 3 EIS - Cessation as Employer/Add Document in Uploading Page' is clicked on

2019-01-03 14:49:32 - [TEST_STEP][PASSED] - delay: Delayed 2 second(s)

2019-01-03 14:49:34 - [MESSAGE][PASSED] - Delayed 2 second(s)

2019-01-03 14:49:34 - [TEST_STEP][PASSED] - Statement - CaseReferenceNo = com.kms.katalon.core.webui.keyword.WebUiBuiltInKeywords.getText(com.kms.katalon.core.testobject.ObjectRepository.findTestObject(Final Object Repo/Page_Update Employer Information/Reference Number in Update Employee Information Page)): Text of object 'Object Repository/Final Object Repo/Page_Update Employer Information/Reference Number in Update Employee Information Page' is: 'ERN012019C200002584'

2019-01-03 14:49:36 - [MESSAGE][PASSED] - Text of object 'Object Repository/Final Object Repo/Page_Update Employer Information/Reference Number in Update Employee Information Page' is: 'ERN012019C200002584'

2019-01-03 14:49:36 - [TEST_STEP][PASSED] - callTestCase: Call Test Case 'Test Cases/Final Aug 2018 - PKS Automation/Common/Reference Number Setter' successfully

2019-01-03 14:49:36 - [TEST_CASE][PASSED] - Test Cases/Final Aug 2018 - PKS Automation/Common/Reference Number Setter: Test Cases/Final Aug 2018 - PKS Automation/Common/Reference Number Setter

2019-01-03 14:49:36 - [TEST_STEP][PASSED] - Statement - RefNoOldFile = new java.io.File(C://Users//Admin//Desktop//PKS//Automation Reference Point//KatalonReference.txt): null

2019-01-03 14:49:36 - [TEST_STEP][PASSED] - Statement - RefNoOldFile.delete(): null

2019-01-03 14:49:36 - [TEST_STEP][PASSED] - delay: Delayed 5 second(s)

2019-01-03 14:49:41 - [MESSAGE][PASSED] - Delayed 5 second(s)

2019-01-03 14:49:41 - [TEST_STEP][PASSED] - Statement - RefNo = new java.io.File(C://Users//Admin//Desktop//PKS//Automation Reference Point//KatalonReference.txt): null

2019-01-03 14:49:41 - [TEST_STEP][PASSED] - Statement - f2 = new java.io.FileWriter(RefNo, false): null

2019-01-03 14:49:41 - [TEST_STEP][PASSED] - Statement - f2.write(CaseReferenceNo): null

2019-01-03 14:49:41 - [TEST_STEP][PASSED] - Statement - f2.close(): null

2019-01-03 14:49:41 - [TEST_STEP][PASSED] - Statement - out.println("


" + CaseReferenceNo + "


"): null

2019-01-03 14:49:41 - [MESSAGE][PASSED] - Call Test Case 'Test Cases/Final Aug 2018 - PKS Automation/Common/Reference Number Setter' successfully

2019-01-03 14:49:41 - [TEST_STEP][PASSED] - delay: Delayed 2 second(s)

2019-01-03 14:49:43 - [MESSAGE][PASSED] - Delayed 2 second(s)

2019-01-03 14:49:43 - [TEST_STEP][PASSED] - click: Object: 'Object Repository/Final Object Repo/Page_Form 3 EIS - Cessation as Employer/Save  Continue in Uploading Page' is clicked on

2019-01-03 14:49:43 - [MESSAGE][PASSED] - Object: 'Object Repository/Final Object Repo/Page_Form 3 EIS - Cessation as Employer/Save  Continue in Uploading Page' is clicked on

2019-01-03 14:49:43 - [TEST_STEP][PASSED] - delay: Delayed 2 second(s)

2019-01-03 14:49:45 - [MESSAGE][PASSED] - Delayed 2 second(s)

2019-01-03 14:49:45 - [TEST_STEP][PASSED] - click: Object: 'Object Repository/Final Object Repo/Page_Form 3 EIS - Cessation as Employer/Submit' is clicked on

2019-01-03 14:49:48 - [MESSAGE][PASSED] - Object: 'Object Repository/Final Object Repo/Page_Form 3 EIS - Cessation as Employer/Submit' is clicked on

2019-01-03 14:49:48 - [TEST_STEP][PASSED] - delay: Delayed 2 second(s)

2019-01-03 14:49:50 - [MESSAGE][PASSED] - Delayed 2 second(s)

2019-01-03 14:49:50 - [TEST_STEP][PASSED] - click: Object: 'Object Repository/Final Object Repo/Page_Form 3 EIS - Cessation as Employer/Confirm' is clicked on

2019-01-03 14:49:51 - [MESSAGE][PASSED] - Object: 'Object Repository/Final Object Repo/Page_Form 3 EIS - Cessation as Employer/Confirm' is clicked on

2019-01-03 14:49:51 - [TEST_STEP][PASSED] - delay: Delayed 2 second(s)

2019-01-03 14:49:53 - [MESSAGE][PASSED] - Delayed 2 second(s)

2019-01-03 14:49:53 - [TEST_STEP][PASSED] - click: Object: 'Object Repository/Final Object Repo/Page_Form 3 EIS - Cessation as Employer/Message Your Request will be routed to UO' is clicked on

2019-01-03 14:49:57 - [MESSAGE][PASSED] - Object: 'Object Repository/Final Object Repo/Page_Form 3 EIS - Cessation as Employer/Message Your Request will be routed to UO' is clicked on

2019-01-03 14:49:57 - [TEST_STEP][PASSED] - click: Object: 'Object Repository/Final Object Repo/Page_Form 3 EIS - Cessation as Employer/Letter of acknowledgement' is clicked on

2019-01-03 14:49:57 - [MESSAGE][PASSED] - Object: 'Object Repository/Final Object Repo/Page_Form 3 EIS - Cessation as Employer/Letter of acknowledgement' is clicked on

2019-01-03 14:49:57 - [MESSAGE][PASSED] - Call Test Case 'Test Cases/Final Aug 2018 - PKS Automation/Registration Module/Workflow/Form 3 EIS - Cessation As Employer/Template/Form 3 A - Cessation As Employer (PKRBO)' successfully

2019-01-03 14:49:57 - [TEST_STEP][PASSED] - callTestCase: Call Test Case 'Test Cases/Final Aug 2018 - PKS Automation/Registration Module/Workflow/Form 3 EIS - Cessation As Employer/Template/Form 3 A - Cessation As Employer (Query)' successfully

2019-01-03 14:49:57 - [TEST_CASE][PASSED] - Test Cases/Final Aug 2018 - PKS Automation/Registration Module/Workflow/Form 3 EIS - Cessation As Employer/Template/Form 3 A - Cessation As Employer (Query): Test Cases/Final Aug 2018 - PKS Automation/Registration Module/Workflow/Form 3 EIS - Cessation As Employer/Template/Form 3 A - Cessation As Employer (Query)

2019-01-03 14:49:57 - [TEST_STEP][NOT_RUN] - callTestCase: NOT_RUN: callTestCase

2019-01-03 14:49:57 - [MESSAGE][NOT_RUN] - NOT_RUN: callTestCase

2019-01-03 14:49:57 - [TEST_STEP][PASSED] - delay: Delayed 1 second(s)

2019-01-03 14:49:58 - [MESSAGE][PASSED] - Delayed 1 second(s)

2019-01-03 14:49:58 - [TEST_STEP][PASSED] - navigateToUrl: Navigate to 'https://assist2-uat.perkeso.gov.my/c/portal/logout' successfully

2019-01-03 14:49:59 - [MESSAGE][PASSED] - Navigate to 'https://assist2-uat.perkeso.gov.my/c/portal/logout' successfully

2019-01-03 14:49:59 - [TEST_STEP][PASSED] - delay: Delayed 1 second(s)

2019-01-03 14:50:00 - [MESSAGE][PASSED] - Delayed 1 second(s)

2019-01-03 14:50:00 - [TEST_STEP][PASSED] - callTestCase: Call Test Case 'Test Cases/Final Aug 2018 - PKS Automation/Common/Reference Number Getter' successfully

2019-01-03 14:50:00 - [TEST_CASE][PASSED] - Test Cases/Final Aug 2018 - PKS Automation/Common/Reference Number Getter: Test Cases/Final Aug 2018 - PKS Automation/Common/Reference Number Getter

2019-01-03 14:50:00 - [TEST_STEP][PASSED] - Statement - Try: null

2019-01-03 14:50:00 - [TEST_STEP][PASSED] - Statement - RefNo = new java.io.File(C://Users//Admin//Desktop//PKS//Automation Reference Point//KatalonReference.txt): null

2019-01-03 14:50:00 - [TEST_STEP][PASSED] - Statement - bufferread = new java.io.BufferedReader(new java.io.FileReader(RefNo)): null

2019-01-03 14:50:00 - [TEST_STEP][PASSED] - Statement - readedVal = bufferread.readLine(): null

2019-01-03 14:50:00 - [TEST_STEP][PASSED] - Statement - out.println(CaseReferenceNo): null

2019-01-03 14:50:00 - [TEST_STEP][PASSED] - Statement - out.println(readedVal): null

2019-01-03 14:50:00 - [TEST_STEP][PASSED] - Statement - CaseReferenceNo = "": null

2019-01-03 14:50:00 - [TEST_STEP][PASSED] - Statement - CaseReferenceNo = readedVal: null

2019-01-03 14:50:00 - [MESSAGE][PASSED] - Call Test Case 'Test Cases/Final Aug 2018 - PKS Automation/Common/Reference Number Getter' successfully

2019-01-03 14:50:00 - [TEST_STEP][PASSED] - callTestCase: Call Test Case 'Test Cases/Final Aug 2018 - PKS Automation/Common/Workflow Owner Finder' successfully

2019-01-03 14:50:00 - [TEST_CASE][PASSED] - Test Cases/Final Aug 2018 - PKS Automation/Common/Workflow Owner Finder: Test Cases/Final Aug 2018 - PKS Automation/Common/Workflow Owner Finder

2019-01-03 14:50:00 - [TEST_STEP][PASSED] - openBrowser: Browser is opened with url: ''

2019-01-03 14:50:00 - [MESSAGE][WARNING] - A browser is already opened. Closing browser and opening a new one

2019-01-03 14:50:04 - [MESSAGE][PASSED] - Browser is opened with url: ''

2019-01-03 14:50:04 - [TEST_STEP][PASSED] - navigateToUrl: Navigate to 'https://assist2-uat.perkeso.gov.my/login' successfully

2019-01-03 14:50:05 - [MESSAGE][PASSED] - Navigate to 'https://assist2-uat.perkeso.gov.my/login' successfully

2019-01-03 14:50:05 - [TEST_STEP][PASSED] - delay: Delayed 5 second(s)

2019-01-03 14:50:10 - [MESSAGE][PASSED] - Delayed 5 second(s)

2019-01-03 14:50:10 - [TEST_STEP][PASSED] - setText: Text 'test@liferay.com' is set on object 'Object Repository/Final Object Repo/Login Page/Internal User/Email Address'

2019-01-03 14:50:10 - [MESSAGE][PASSED] - Text 'test@liferay.com' is set on object 'Object Repository/Final Object Repo/Login Page/Internal User/Email Address'

2019-01-03 14:50:10 - [TEST_STEP][PASSED] - click: Object: 'Object Repository/Final Object Repo/Login Page/Internal User/Next Button' is clicked on

2019-01-03 14:50:11 - [MESSAGE][PASSED] - Object: 'Object Repository/Final Object Repo/Login Page/Internal User/Next Button' is clicked on

2019-01-03 14:50:11 - [TEST_STEP][PASSED] - delay: Delayed 2 second(s)

2019-01-03 14:50:13 - [MESSAGE][PASSED] - Delayed 2 second(s)

2019-01-03 14:50:13 - [TEST_STEP][PASSED] - setText: Text 'test' is set on object 'Object Repository/Final Object Repo/Login Page/Internal User/Password'

2019-01-03 14:50:13 - [MESSAGE][PASSED] - Text 'test' is set on object 'Object Repository/Final Object Repo/Login Page/Internal User/Password'

2019-01-03 14:50:13 - [TEST_STEP][PASSED] - delay: Delayed 2 second(s)

2019-01-03 14:50:15 - [MESSAGE][PASSED] - Delayed 2 second(s)

2019-01-03 14:50:15 - [TEST_STEP][PASSED] - click: Object: 'Object Repository/Final Object Repo/Login Page/Internal User/Login Button' is clicked on

2019-01-03 14:50:15 - [MESSAGE][PASSED] - Object: 'Object Repository/Final Object Repo/Login Page/Internal User/Login Button' is clicked on

2019-01-03 14:50:15 - [TEST_STEP][PASSED] - Statement - tester = com.kms.katalon.core.testobject.ObjectRepository.findTestObject(Final Object Repo/Landing Page/Select to English): Finding Test Object with id 'Object Repository/Final Object Repo/Landing Page/Select to English'

2019-01-03 14:50:15 - [TEST_STEP][PASSED] - Statement - Try: Delayed 2 second(s)

2019-01-03 14:50:15 - [TEST_STEP][PASSED] - Statement - Checker = com.kms.katalon.core.webui.keyword.WebUiBuiltInKeywords.verifyElementNotPresent(tester, 3): Web element with id: 'Object Repository/Final Object Repo/Landing Page/Select to English' located by 'By.xpath: //a[@class = 'taglib-language-list-text' and @lang = 'en-US' and (contains(text(), 'EN') or contains(., 'EN'))]' is not present after '3' second(s)

2019-01-03 14:50:17 - [MESSAGE][PASSED] - Web element with id: 'Object Repository/Final Object Repo/Landing Page/Select to English' located by 'By.xpath: //a[@class = 'taglib-language-list-text' and @lang = 'en-US' and (contains(text(), 'EN') or contains(., 'EN'))]' is not present after '3' second(s)

2019-01-03 14:50:17 - [TEST_STEP][PASSED] - Statement - If (Checker == false): null

2019-01-03 14:50:17 - [TEST_STEP][PASSED] - delay: Delayed 2 second(s)

2019-01-03 14:50:19 - [MESSAGE][PASSED] - Delayed 2 second(s)

2019-01-03 14:50:19 - [TEST_STEP][PASSED] - delay: Delayed 5 second(s)

2019-01-03 14:50:24 - [MESSAGE][PASSED] - Delayed 5 second(s)

2019-01-03 14:50:24 - [TEST_STEP][PASSED] - mouseOver: Object: 'Object Repository/Final Object Repo/Landing Page/WorkFlow Menu' is hovered

2019-01-03 14:50:24 - [MESSAGE][PASSED] - Object: 'Object Repository/Final Object Repo/Landing Page/WorkFlow Menu' is hovered

2019-01-03 14:50:24 - [TEST_STEP][PASSED] - delay: Delayed 2 second(s)

2019-01-03 14:50:26 - [MESSAGE][PASSED] - Delayed 2 second(s)

2019-01-03 14:50:26 - [TEST_STEP][PASSED] - click: Object: 'Object Repository/Final Object Repo/Landing Page/Select to Workflow Listing' is clicked on

2019-01-03 14:50:27 - [MESSAGE][PASSED] - Object: 'Object Repository/Final Object Repo/Landing Page/Select to Workflow Listing' is clicked on

2019-01-03 14:50:27 - [TEST_STEP][PASSED] - delay: Delayed 2 second(s)

2019-01-03 14:50:29 - [MESSAGE][PASSED] - Delayed 2 second(s)

2019-01-03 14:50:29 - [TEST_STEP][PASSED] - click: Object: 'Object Repository/Final Object Repo/WorkFlow Listing Page/Search Information - To Put Ref No' is clicked on

2019-01-03 14:50:29 - [MESSAGE][PASSED] - Object: 'Object Repository/Final Object Repo/WorkFlow Listing Page/Search Information - To Put Ref No' is clicked on

2019-01-03 14:50:29 - [TEST_STEP][PASSED] - delay: Delayed 2 second(s)

2019-01-03 14:50:31 - [MESSAGE][PASSED] - Delayed 2 second(s)

2019-01-03 14:50:31 - [TEST_STEP][PASSED] - callTestCase: Call Test Case 'Test Cases/Final Aug 2018 - PKS Automation/Common/Reference Number Getter' successfully

2019-01-03 14:50:31 - [TEST_CASE][PASSED] - Test Cases/Final Aug 2018 - PKS Automation/Common/Reference Number Getter: Test Cases/Final Aug 2018 - PKS Automation/Common/Reference Number Getter

2019-01-03 14:50:31 - [TEST_STEP][PASSED] - Statement - Try: null

2019-01-03 14:50:31 - [TEST_STEP][PASSED] - Statement - RefNo = new java.io.File(C://Users//Admin//Desktop//PKS//Automation Reference Point//KatalonReference.txt): null

2019-01-03 14:50:31 - [TEST_STEP][PASSED] - Statement - bufferread = new java.io.BufferedReader(new java.io.FileReader(RefNo)): null

2019-01-03 14:50:31 - [TEST_STEP][PASSED] - Statement - readedVal = bufferread.readLine(): null

2019-01-03 14:50:31 - [TEST_STEP][PASSED] - Statement - out.println(CaseReferenceNo): null

2019-01-03 14:50:31 - [TEST_STEP][PASSED] - Statement - out.println(readedVal): null

2019-01-03 14:50:31 - [TEST_STEP][PASSED] - Statement - CaseReferenceNo = "": null

2019-01-03 14:50:31 - [TEST_STEP][PASSED] - Statement - CaseReferenceNo = readedVal: null

2019-01-03 14:50:31 - [MESSAGE][PASSED] - Call Test Case 'Test Cases/Final Aug 2018 - PKS Automation/Common/Reference Number Getter' successfully

2019-01-03 14:50:31 - [TEST_STEP][PASSED] - setText: Text 'ERN012019C200002584' is set on object 'Object Repository/Final Object Repo/WorkFlow Listing Page/Ref No Set Text'

2019-01-03 14:50:32 - [MESSAGE][PASSED] - Text 'ERN012019C200002584' is set on object 'Object Repository/Final Object Repo/WorkFlow Listing Page/Ref No Set Text'

2019-01-03 14:50:32 - [TEST_STEP][PASSED] - delay: Delayed 2 second(s)

2019-01-03 14:50:34 - [MESSAGE][PASSED] - Delayed 2 second(s)

2019-01-03 14:50:34 - [TEST_STEP][PASSED] - click: Object: 'Object Repository/Final Object Repo/WorkFlow Listing Page/Search Ref No Search Button' is clicked on

2019-01-03 14:50:34 - [MESSAGE][PASSED] - Object: 'Object Repository/Final Object Repo/WorkFlow Listing Page/Search Ref No Search Button' is clicked on

2019-01-03 14:50:34 - [TEST_STEP][PASSED] - delay: Delayed 6 second(s)

2019-01-03 14:50:40 - [MESSAGE][PASSED] - Delayed 6 second(s)

2019-01-03 14:50:40 - [TEST_STEP][PASSED] - click: Object: 'Object Repository/Final Object Repo/WorkFlow Listing Page/Click Continue Tooltip' is clicked on

2019-01-03 14:50:41 - [MESSAGE][PASSED] - Object: 'Object Repository/Final Object Repo/WorkFlow Listing Page/Click Continue Tooltip' is clicked on

2019-01-03 14:50:41 - [TEST_STEP][PASSED] - delay: Delayed 5 second(s)

2019-01-03 14:50:46 - [MESSAGE][PASSED] - Delayed 5 second(s)

2019-01-03 14:50:46 - [TEST_STEP][PASSED] - doubleClick: Object: 'Object Repository/Final Object Repo/WorkFlow Listing Page/Workflow Found - Listing 1' is double clicked on

2019-01-03 14:50:46 - [MESSAGE][PASSED] - Object: 'Object Repository/Final Object Repo/WorkFlow Listing Page/Workflow Found - Listing 1' is double clicked on

2019-01-03 14:50:46 - [TEST_STEP][PASSED] - Statement - println(OwnerID): null

2019-01-03 14:50:46 - [TEST_STEP][PASSED] - Statement - OwnerID = com.kms.katalon.core.webui.keyword.WebUiBuiltInKeywords.getText(com.kms.katalon.core.testobject.ObjectRepository.findTestObject(Final Object Repo/WorkFlow Listing Page/Workflow Found - Listing 1), STOP_ON_FAILURE): Text of object 'Object Repository/Final Object Repo/WorkFlow Listing Page/Workflow Found - Listing 1' is: 'JOHORuo2'

2019-01-03 14:50:46 - [MESSAGE][PASSED] - Text of object 'Object Repository/Final Object Repo/WorkFlow Listing Page/Workflow Found - Listing 1' is: 'JOHORuo2'

2019-01-03 14:50:46 - [TEST_STEP][PASSED] - Statement - OwnerID = OwnerID.toLowerCase() + "@gmail.com": null

2019-01-03 14:50:46 - [TEST_STEP][PASSED] - Statement - println(OwnerID): null

2019-01-03 14:50:46 - [TEST_STEP][PASSED] - delay: Delayed 2 second(s)

2019-01-03 14:50:48 - [MESSAGE][PASSED] - Delayed 2 second(s)

2019-01-03 14:50:48 - [MESSAGE][PASSED] - Call Test Case 'Test Cases/Final Aug 2018 - PKS Automation/Common/Workflow Owner Finder' successfully

2019-01-03 14:50:48 - [TEST_STEP][PASSED] - delay: Delayed 1 second(s)

2019-01-03 14:50:49 - [MESSAGE][PASSED] - Delayed 1 second(s)

2019-01-03 14:50:49 - [TEST_STEP][PASSED] - navigateToUrl: Navigate to 'https://assist2-uat.perkeso.gov.my/c/portal/logout' successfully

2019-01-03 14:50:50 - [MESSAGE][PASSED] - Navigate to 'https://assist2-uat.perkeso.gov.my/c/portal/logout' successfully

2019-01-03 14:50:50 - [TEST_STEP][PASSED] - delay: Delayed 1 second(s)

2019-01-03 14:50:51 - [MESSAGE][PASSED] - Delayed 1 second(s)

2019-01-03 14:50:51 - [TEST_STEP][PASSED] - callTestCase: Call Test Case 'Test Cases/Final Aug 2018 - PKS Automation/Registration Module/Workflow/Login and Search Case For Workflow' successfully

2019-01-03 14:50:51 - [TEST_CASE][PASSED] - Test Cases/Final Aug 2018 - PKS Automation/Registration Module/Workflow/Login and Search Case For Workflow: Test Cases/Final Aug 2018 - PKS Automation/Registration Module/Workflow/Login and Search Case For Workflow

2019-01-03 14:50:51 - [TEST_STEP][PASSED] - navigateToUrl: Navigate to 'https://assist2-uat.perkeso.gov.my/login' successfully

2019-01-03 14:50:51 - [MESSAGE][PASSED] - Navigate to 'https://assist2-uat.perkeso.gov.my/login' successfully

2019-01-03 14:50:51 - [TEST_STEP][PASSED] - setText: Text 'johoruo2@gmail.com' is set on object 'Object Repository/Final Object Repo/Login Page/Internal User/Email Address'

2019-01-03 14:50:52 - [MESSAGE][PASSED] - Text 'johoruo2@gmail.com' is set on object 'Object Repository/Final Object Repo/Login Page/Internal User/Email Address'

2019-01-03 14:50:52 - [TEST_STEP][PASSED] - click: Object: 'Object Repository/Final Object Repo/Login Page/Internal User/Next Button' is clicked on

2019-01-03 14:50:52 - [MESSAGE][PASSED] - Object: 'Object Repository/Final Object Repo/Login Page/Internal User/Next Button' is clicked on

2019-01-03 14:50:52 - [TEST_STEP][PASSED] - delay: Delayed 1 second(s)

2019-01-03 14:50:53 - [MESSAGE][PASSED] - Delayed 1 second(s)

2019-01-03 14:50:53 - [TEST_STEP][PASSED] - setEncryptedText: Text ****** has been set on object 'Object Repository/Final Object Repo/Login Page/Internal User/Password'

2019-01-03 14:50:53 - [MESSAGE][PASSED] - Text ****** has been set on object 'Object Repository/Final Object Repo/Login Page/Internal User/Password'

2019-01-03 14:50:53 - [TEST_STEP][PASSED] - click: Object: 'Object Repository/Final Object Repo/Login Page/Internal User/Login Button' is clicked on

2019-01-03 14:50:53 - [MESSAGE][PASSED] - Object: 'Object Repository/Final Object Repo/Login Page/Internal User/Login Button' is clicked on

2019-01-03 14:50:53 - [TEST_STEP][PASSED] - delay: Delayed 2 second(s)

2019-01-03 14:50:55 - [MESSAGE][PASSED] - Delayed 2 second(s)

2019-01-03 14:50:55 - [TEST_STEP][PASSED] - Statement - Try: Delayed 2 second(s)

2019-01-03 14:50:55 - [TEST_STEP][PASSED] - Statement - Checker = false: null

2019-01-03 14:50:55 - [TEST_STEP][PASSED] - Statement - Checker = com.kms.katalon.core.webui.keyword.WebUiBuiltInKeywords.verifyElementHasAttribute(com.kms.katalon.core.testobject.ObjectRepository.findTestObject(Final Object Repo/Landing Page/BM Detecting), "href", 20, OPTIONAL): Object 'Object Repository/Final Object Repo/Landing Page/BM Detecting' has attribute 'href'

2019-01-03 14:50:55 - [MESSAGE][PASSED] - Object 'Object Repository/Final Object Repo/Landing Page/BM Detecting' has attribute 'href'

2019-01-03 14:50:55 - [TEST_STEP][PASSED] - Statement - out.println(Checker): null

2019-01-03 14:50:55 - [TEST_STEP][PASSED] - Statement - If (Checker == false): null

2019-01-03 14:50:55 - [TEST_STEP][PASSED] - Statement - Else: null

2019-01-03 14:50:55 - [TEST_STEP][PASSED] - delay: Delayed 2 second(s)

2019-01-03 14:50:57 - [MESSAGE][PASSED] - Delayed 2 second(s)

2019-01-03 14:50:57 - [TEST_STEP][PASSED] - click: Object: 'Object Repository/Final Object Repo/Page_MyASSIST - ASSIST - Search Pending Case For Add Supporting Document/Search Information' is clicked on

2019-01-03 14:50:58 - [MESSAGE][PASSED] - Object: 'Object Repository/Final Object Repo/Page_MyASSIST - ASSIST - Search Pending Case For Add Supporting Document/Search Information' is clicked on

2019-01-03 14:50:58 - [TEST_STEP][PASSED] - delay: Delayed 3 second(s)

2019-01-03 14:51:01 - [MESSAGE][PASSED] - Delayed 3 second(s)

2019-01-03 14:51:01 - [TEST_STEP][PASSED] - sendKeys: Keys 'ERN012019C200002584' sent to object: 'Object Repository/Final Object Repo/Page_MyASSIST - ASSIST - Search Pending Case For Add Supporting Document/Reference No'

2019-01-03 14:51:01 - [MESSAGE][PASSED] - Keys 'ERN012019C200002584' sent to object: 'Object Repository/Final Object Repo/Page_MyASSIST - ASSIST - Search Pending Case For Add Supporting Document/Reference No'

2019-01-03 14:51:01 - [TEST_STEP][PASSED] - click: Object: 'Object Repository/Final Object Repo/Page_MyASSIST - ASSIST - Search Pending Case For Add Supporting Document/Search Reference No' is clicked on

2019-01-03 14:51:01 - [MESSAGE][PASSED] - Object: 'Object Repository/Final Object Repo/Page_MyASSIST - ASSIST - Search Pending Case For Add Supporting Document/Search Reference No' is clicked on

2019-01-03 14:51:01 - [TEST_STEP][PASSED] - delay: Delayed 2 second(s)

2019-01-03 14:51:03 - [MESSAGE][PASSED] - Delayed 2 second(s)

2019-01-03 14:51:03 - [TEST_STEP][PASSED] - click: Object: 'Object Repository/Final Object Repo/Page_MyASSIST - ASSIST - Search Pending Case For Add Supporting Document/Continue' is clicked on

2019-01-03 14:51:06 - [MESSAGE][PASSED] - Object: 'Object Repository/Final Object Repo/Page_MyASSIST - ASSIST - Search Pending Case For Add Supporting Document/Continue' is clicked on

2019-01-03 14:51:06 - [TEST_STEP][PASSED] - delay: Delayed 20 second(s)

2019-01-03 14:51:26 - [MESSAGE][PASSED] - Delayed 20 second(s)

2019-01-03 14:51:26 - [MESSAGE][PASSED] - Call Test Case 'Test Cases/Final Aug 2018 - PKS Automation/Registration Module/Workflow/Login and Search Case For Workflow' successfully

2019-01-03 14:51:26 - [TEST_STEP][PASSED] - click: Object: 'Object Repository/Final Object Repo/Page_Form 3 EIS - Cessation as Employer/Page_Form 3 EIS - Cessation as Employer (Approve)/Save  Continue in Form 3 Page' is clicked on

2019-01-03 14:51:27 - [MESSAGE][PASSED] - Object: 'Object Repository/Final Object Repo/Page_Form 3 EIS - Cessation as Employer/Page_Form 3 EIS - Cessation as Employer (Approve)/Save  Continue in Form 3 Page' is clicked on

2019-01-03 14:51:27 - [TEST_STEP][PASSED] - delay: Delayed 4 second(s)

2019-01-03 14:51:31 - [MESSAGE][PASSED] - Delayed 4 second(s)

2019-01-03 14:51:31 - [TEST_STEP][PASSED] - click: Object: 'Object Repository/Final Object Repo/Page_Form 3 EIS - Cessation as Employer/Page_Form 3 EIS - Cessation as Employer (Approve)/Save  Continue in Resigned Page' is clicked on

2019-01-03 14:51:31 - [MESSAGE][PASSED] - Object: 'Object Repository/Final Object Repo/Page_Form 3 EIS - Cessation as Employer/Page_Form 3 EIS - Cessation as Employer (Approve)/Save  Continue in Resigned Page' is clicked on

2019-01-03 14:51:31 - [TEST_STEP][PASSED] - delay: Delayed 2 second(s)

2019-01-03 14:51:33 - [MESSAGE][PASSED] - Delayed 2 second(s)

2019-01-03 14:51:33 - [TEST_STEP][PASSED] - setText: Text 'Remark' is set on object 'Object Repository/Final Object Repo/Page_Form 3 EIS - Cessation as Employer/Page_Form 3 EIS - Cessation as Employer (Query)/Query - Remark'

2019-01-03 14:51:34 - [MESSAGE][PASSED] - Text 'Remark' is set on object 'Object Repository/Final Object Repo/Page_Form 3 EIS - Cessation as Employer/Page_Form 3 EIS - Cessation as Employer (Query)/Query - Remark'

2019-01-03 14:51:34 - [TEST_STEP][PASSED] - delay: Delayed 2 second(s)

2019-01-03 14:51:36 - [MESSAGE][PASSED] - Delayed 2 second(s)

2019-01-03 14:51:36 - [TEST_STEP][PASSED] - click: Object: 'Object Repository/Final Object Repo/Page_Form 3 EIS - Cessation as Employer/Page_Form 3 EIS - Cessation as Employer (Query)/Save  Continue' is clicked on

2019-01-03 14:51:36 - [MESSAGE][PASSED] - Object: 'Object Repository/Final Object Repo/Page_Form 3 EIS - Cessation as Employer/Page_Form 3 EIS - Cessation as Employer (Query)/Save  Continue' is clicked on

2019-01-03 14:51:36 - [TEST_STEP][PASSED] - delay: Delayed 2 second(s)

2019-01-03 14:51:38 - [MESSAGE][PASSED] - Delayed 2 second(s)

2019-01-03 14:51:38 - [TEST_STEP][PASSED] - click: Object: 'Object Repository/Final Object Repo/Page_Form 3 EIS - Cessation as Employer/Page_Form 3 EIS - Cessation as Employer (Query)/Query' is clicked on

2019-01-03 14:51:41 - [MESSAGE][PASSED] - Object: 'Object Repository/Final Object Repo/Page_Form 3 EIS - Cessation as Employer/Page_Form 3 EIS - Cessation as Employer (Query)/Query' is clicked on

2019-01-03 14:51:41 - [TEST_STEP][PASSED] - delay: Delayed 2 second(s)

2019-01-03 14:51:43 - [MESSAGE][PASSED] - Delayed 2 second(s)

2019-01-03 14:51:43 - [TEST_STEP][PASSED] - click: Object: 'Object Repository/Final Object Repo/Page_Form 3 EIS - Cessation as Employer/Page_Form 3 EIS - Cessation as Employer (Query)/Confirm' is clicked on

2019-01-03 14:51:50 - [MESSAGE][PASSED] - Object: 'Object Repository/Final Object Repo/Page_Form 3 EIS - Cessation as Employer/Page_Form 3 EIS - Cessation as Employer (Query)/Confirm' is clicked on

2019-01-03 14:51:50 - [TEST_STEP][PASSED] - delay: Delayed 2 second(s)

2019-01-03 14:51:52 - [MESSAGE][PASSED] - Delayed 2 second(s)

2019-01-03 14:51:52 - [TEST_STEP][PASSED] - click: Object: 'Object Repository/Final Object Repo/Page_Form 3 EIS - Cessation as Employer/Page_Form 3 EIS - Cessation as Employer (Query)/Message The Case Is Under Query' is clicked on

2019-01-03 14:51:53 - [MESSAGE][PASSED] - Object: 'Object Repository/Final Object Repo/Page_Form 3 EIS - Cessation as Employer/Page_Form 3 EIS - Cessation as Employer (Query)/Message The Case Is Under Query' is clicked on

2019-01-03 14:51:53 - [TEST_STEP][PASSED] - click: Object: 'Object Repository/Final Object Repo/Page_Form 3 EIS - Cessation as Employer/Page_Form 3 EIS - Cessation as Employer (Query)/Letter of inquiry' is clicked on

2019-01-03 14:51:53 - [MESSAGE][PASSED] - Object: 'Object Repository/Final Object Repo/Page_Form 3 EIS - Cessation as Employer/Page_Form 3 EIS - Cessation as Employer (Query)/Letter of inquiry' is clicked on

2019-01-03 14:51:53 - [TEST_STEP][PASSED] - delay: Delayed 1 second(s)

2019-01-03 14:51:54 - [MESSAGE][PASSED] - Delayed 1 second(s)

2019-01-03 14:51:54 - [TEST_STEP][PASSED] - navigateToUrl: Navigate to 'https://assist2-uat.perkeso.gov.my/c/portal/logout' successfully

2019-01-03 14:51:55 - [MESSAGE][PASSED] - Navigate to 'https://assist2-uat.perkeso.gov.my/c/portal/logout' successfully

2019-01-03 14:51:55 - [TEST_STEP][PASSED] - delay: Delayed 1 second(s)

2019-01-03 14:51:56 - [MESSAGE][PASSED] - Delayed 1 second(s)

2019-01-03 14:51:56 - [TEST_STEP][PASSED] - callTestCase: Call Test Case 'Test Cases/Final Aug 2018 - PKS Automation/Registration Module/Workflow/Search Pending Case For Add Supporting Document (OTC)' successfully

2019-01-03 14:51:56 - [TEST_CASE][PASSED] - Test Cases/Final Aug 2018 - PKS Automation/Registration Module/Workflow/Search Pending Case For Add Supporting Document (OTC): Test Cases/Final Aug 2018 - PKS Automation/Registration Module/Workflow/Search Pending Case For Add Supporting Document (OTC)

2019-01-03 14:51:56 - [TEST_STEP][PASSED] - openBrowser: Browser is opened with url: ''

2019-01-03 14:51:56 - [MESSAGE][WARNING] - A browser is already opened. Closing browser and opening a new one

2019-01-03 14:52:00 - [MESSAGE][PASSED] - Browser is opened with url: ''

2019-01-03 14:52:00 - [TEST_STEP][PASSED] - navigateToUrl: Navigate to 'https://assist2-uat.perkeso.gov.my/login' successfully

2019-01-03 14:52:01 - [MESSAGE][PASSED] - Navigate to 'https://assist2-uat.perkeso.gov.my/login' successfully

2019-01-03 14:52:01 - [TEST_STEP][PASSED] - setText: Text 'johorotc1@gmail.com' is set on object 'Object Repository/Final Object Repo/Login Page/Internal User/Email Address'

2019-01-03 14:52:01 - [MESSAGE][PASSED] - Text 'johorotc1@gmail.com' is set on object 'Object Repository/Final Object Repo/Login Page/Internal User/Email Address'

2019-01-03 14:52:01 - [TEST_STEP][PASSED] - click: Object: 'Object Repository/Final Object Repo/Login Page/Internal User/Next Button' is clicked on

2019-01-03 14:52:01 - [MESSAGE][PASSED] - Object: 'Object Repository/Final Object Repo/Login Page/Internal User/Next Button' is clicked on

2019-01-03 14:52:01 - [TEST_STEP][PASSED] - delay: Delayed 1 second(s)

2019-01-03 14:52:02 - [MESSAGE][PASSED] - Delayed 1 second(s)

2019-01-03 14:52:02 - [TEST_STEP][PASSED] - setEncryptedText: Text ****** has been set on object 'Object Repository/Final Object Repo/Login Page/Internal User/Password'

2019-01-03 14:52:02 - [MESSAGE][PASSED] - Text ****** has been set on object 'Object Repository/Final Object Repo/Login Page/Internal User/Password'

2019-01-03 14:52:02 - [TEST_STEP][PASSED] - click: Object: 'Object Repository/Final Object Repo/Login Page/Internal User/Login Button' is clicked on

2019-01-03 14:52:03 - [MESSAGE][PASSED] - Object: 'Object Repository/Final Object Repo/Login Page/Internal User/Login Button' is clicked on

2019-01-03 14:52:03 - [TEST_STEP][PASSED] - delay: Delayed 1 second(s)

2019-01-03 14:52:04 - [MESSAGE][PASSED] - Delayed 1 second(s)

2019-01-03 14:52:04 - [TEST_STEP][PASSED] - Statement - Try: Delayed 2 second(s)

2019-01-03 14:52:04 - [TEST_STEP][PASSED] - Statement - Checker = false: null

2019-01-03 14:52:04 - [TEST_STEP][PASSED] - Statement - Checker = com.kms.katalon.core.webui.keyword.WebUiBuiltInKeywords.verifyElementHasAttribute(com.kms.katalon.core.testobject.ObjectRepository.findTestObject(Final Object Repo/Landing Page/BM Detecting), "href", 20, OPTIONAL): Object 'Object Repository/Final Object Repo/Landing Page/BM Detecting' has attribute 'href'

2019-01-03 14:52:04 - [MESSAGE][PASSED] - Object 'Object Repository/Final Object Repo/Landing Page/BM Detecting' has attribute 'href'

2019-01-03 14:52:04 - [TEST_STEP][PASSED] - Statement - out.println(Checker): null

2019-01-03 14:52:04 - [TEST_STEP][PASSED] - Statement - If (Checker == false): null

2019-01-03 14:52:04 - [TEST_STEP][PASSED] - Statement - Else: null

2019-01-03 14:52:04 - [TEST_STEP][PASSED] - delay: Delayed 2 second(s)

2019-01-03 14:52:06 - [MESSAGE][PASSED] - Delayed 2 second(s)

2019-01-03 14:52:06 - [TEST_STEP][PASSED] - navigateToUrl: Navigate to 'https://assist2-uat.perkeso.gov.my/web/registration/search/search-pending-case-for-add-supporting-document' successfully

2019-01-03 14:52:07 - [MESSAGE][PASSED] - Navigate to 'https://assist2-uat.perkeso.gov.my/web/registration/search/search-pending-case-for-add-supporting-document' successfully

2019-01-03 14:52:07 - [TEST_STEP][PASSED] - click: Object: 'Object Repository/Final Object Repo/Page_Search Pending Case For Add Suporting Document/Search By' is clicked on

2019-01-03 14:52:08 - [MESSAGE][PASSED] - Object: 'Object Repository/Final Object Repo/Page_Search Pending Case For Add Suporting Document/Search By' is clicked on

2019-01-03 14:52:08 - [TEST_STEP][PASSED] - click: Object: 'Object Repository/Final Object Repo/Page_Search Pending Case For Add Suporting Document/Search By - Reference ID' is clicked on

2019-01-03 14:52:08 - [MESSAGE][PASSED] - Object: 'Object Repository/Final Object Repo/Page_Search Pending Case For Add Suporting Document/Search By - Reference ID' is clicked on

2019-01-03 14:52:08 - [TEST_STEP][PASSED] - delay: Delayed 2 second(s)

2019-01-03 14:52:10 - [MESSAGE][PASSED] - Delayed 2 second(s)

2019-01-03 14:52:10 - [TEST_STEP][PASSED] - setText: Text 'ERN012019C200002584' is set on object 'Object Repository/Final Object Repo/Page_Search Pending Case For Add Suporting Document/Reference ID'

2019-01-03 14:52:10 - [MESSAGE][PASSED] - Text 'ERN012019C200002584' is set on object 'Object Repository/Final Object Repo/Page_Search Pending Case For Add Suporting Document/Reference ID'

2019-01-03 14:52:10 - [TEST_STEP][PASSED] - click: Object: 'Object Repository/Final Object Repo/Page_Search Pending Case For Add Suporting Document/Search' is clicked on

2019-01-03 14:52:10 - [MESSAGE][PASSED] - Object: 'Object Repository/Final Object Repo/Page_Search Pending Case For Add Suporting Document/Search' is clicked on

2019-01-03 14:52:10 - [TEST_STEP][PASSED] - delay: Delayed 2 second(s)

2019-01-03 14:52:12 - [MESSAGE][PASSED] - Delayed 2 second(s)

2019-01-03 14:52:12 - [TEST_STEP][PASSED] - click: Object: 'Object Repository/Final Object Repo/Page_Search Pending Case For Add Suporting Document/Edit' is clicked on

2019-01-03 14:52:15 - [MESSAGE][PASSED] - Object: 'Object Repository/Final Object Repo/Page_Search Pending Case For Add Suporting Document/Edit' is clicked on

2019-01-03 14:52:15 - [MESSAGE][PASSED] - Call Test Case 'Test Cases/Final Aug 2018 - PKS Automation/Registration Module/Workflow/Search Pending Case For Add Supporting Document (OTC)' successfully

2019-01-03 14:52:15 - [TEST_STEP][PASSED] - delay: Delayed 2 second(s)

2019-01-03 14:52:17 - [MESSAGE][PASSED] - Delayed 2 second(s)

2019-01-03 14:52:17 - [TEST_STEP][PASSED] - click: Object: 'Object Repository/Final Object Repo/Page_Form 3 EIS - Cessation as Employer/Page_Form 3 EIS - Cessation as Employer (Query - OTC - UO)/Next' is clicked on

2019-01-03 14:52:19 - [MESSAGE][PASSED] - Object: 'Object Repository/Final Object Repo/Page_Form 3 EIS - Cessation as Employer/Page_Form 3 EIS - Cessation as Employer (Query - OTC - UO)/Next' is clicked on

2019-01-03 14:52:19 - [TEST_STEP][PASSED] - delay: Delayed 2 second(s)

2019-01-03 14:52:21 - [MESSAGE][PASSED] - Delayed 2 second(s)

2019-01-03 14:52:21 - [TEST_STEP][PASSED] - click: Object: 'Object Repository/Final Object Repo/Page_Form 3 EIS - Cessation as Employer/Page_Form 3 EIS - Cessation as Employer (Query - OTC - UO)/Next in Resigned Page' is clicked on

2019-01-03 14:52:24 - [MESSAGE][PASSED] - Object: 'Object Repository/Final Object Repo/Page_Form 3 EIS - Cessation as Employer/Page_Form 3 EIS - Cessation as Employer (Query - OTC - UO)/Next in Resigned Page' is clicked on

2019-01-03 14:52:24 - [TEST_STEP][PASSED] - delay: Delayed 2 second(s)

2019-01-03 14:52:26 - [MESSAGE][PASSED] - Delayed 2 second(s)

2019-01-03 14:52:26 - [TEST_STEP][PASSED] - click: Object: 'Object Repository/Final Object Repo/Page_Form 3 EIS - Cessation as Employer/Page_Form 3 EIS - Cessation as Employer (Query - OTC - UO)/Add Document' is clicked on

2019-01-03 14:52:26 - [MESSAGE][PASSED] - Object: 'Object Repository/Final Object Repo/Page_Form 3 EIS - Cessation as Employer/Page_Form 3 EIS - Cessation as Employer (Query - OTC - UO)/Add Document' is clicked on

2019-01-03 14:52:26 - [TEST_STEP][PASSED] - delay: Delayed 2 second(s)

2019-01-03 14:52:28 - [MESSAGE][PASSED] - Delayed 2 second(s)

2019-01-03 14:52:28 - [TEST_STEP][PASSED] - click: Object: 'Object Repository/Final Object Repo/Page_Form 3 EIS - Cessation as Employer/Page_Form 3 EIS - Cessation as Employer (Query - OTC - UO)/Document Type' is clicked on

2019-01-03 14:52:29 - [MESSAGE][PASSED] - Object: 'Object Repository/Final Object Repo/Page_Form 3 EIS - Cessation as Employer/Page_Form 3 EIS - Cessation as Employer (Query - OTC - UO)/Document Type' is clicked on

2019-01-03 14:52:29 - [TEST_STEP][PASSED] - delay: Delayed 2 second(s)

2019-01-03 14:52:31 - [MESSAGE][PASSED] - Delayed 2 second(s)

2019-01-03 14:52:31 - [TEST_STEP][PASSED] - click: Object: 'Object Repository/Final Object Repo/Page_Form 3 EIS - Cessation as Employer/Page_Form 3 EIS - Cessation as Employer (Query - OTC - UO)/Document Type - Others' is clicked on

2019-01-03 14:52:31 - [MESSAGE][PASSED] - Object: 'Object Repository/Final Object Repo/Page_Form 3 EIS - Cessation as Employer/Page_Form 3 EIS - Cessation as Employer (Query - OTC - UO)/Document Type - Others' is clicked on

2019-01-03 14:52:31 - [TEST_STEP][PASSED] - delay: Delayed 2 second(s)

2019-01-03 14:52:33 - [MESSAGE][PASSED] - Delayed 2 second(s)

2019-01-03 14:52:33 - [TEST_STEP][PASSED] - sendKeys: Keys 'C:\Users\Public\Pictures\Sample Pictures\Koala.jpg' sent to object: 'Object Repository/Final Object Repo/Page_Form 3 EIS - Cessation as Employer/Page_Form 3 EIS - Cessation as Employer (Query - OTC - UO)/ploading File'

2019-01-03 14:52:33 - [MESSAGE][PASSED] - Keys 'C:\Users\Public\Pictures\Sample Pictures\Koala.jpg' sent to object: 'Object Repository/Final Object Repo/Page_Form 3 EIS - Cessation as Employer/Page_Form 3 EIS - Cessation as Employer (Query - OTC - UO)/ploading File'

2019-01-03 14:52:33 - [TEST_STEP][PASSED] - delay: Delayed 2 second(s)

2019-01-03 14:52:35 - [MESSAGE][PASSED] - Delayed 2 second(s)

2019-01-03 14:52:35 - [TEST_STEP][PASSED] - click: Object: 'Object Repository/Final Object Repo/Page_Form 3 EIS - Cessation as Employer/Page_Form 3 EIS - Cessation as Employer (Query - OTC - UO)/Add Document in Uploading Page' is clicked on

2019-01-03 14:52:35 - [MESSAGE][PASSED] - Object: 'Object Repository/Final Object Repo/Page_Form 3 EIS - Cessation as Employer/Page_Form 3 EIS - Cessation as Employer (Query - OTC - UO)/Add Document in Uploading Page' is clicked on

2019-01-03 14:52:35 - [TEST_STEP][PASSED] - delay: Delayed 2 second(s)

2019-01-03 14:52:37 - [MESSAGE][PASSED] - Delayed 2 second(s)

2019-01-03 14:52:37 - [TEST_STEP][PASSED] - click: Object: 'Object Repository/Final Object Repo/Page_Form 3 EIS - Cessation as Employer/Page_Form 3 EIS - Cessation as Employer (Query - OTC - UO)/Exit' is clicked on

2019-01-03 14:52:40 - [MESSAGE][PASSED] - Object: 'Object Repository/Final Object Repo/Page_Form 3 EIS - Cessation as Employer/Page_Form 3 EIS - Cessation as Employer (Query - OTC - UO)/Exit' is clicked on

2019-01-03 14:52:40 - [TEST_STEP][PASSED] - delay: Delayed 1 second(s)

2019-01-03 14:52:41 - [MESSAGE][PASSED] - Delayed 1 second(s)

2019-01-03 14:52:41 - [TEST_STEP][PASSED] - navigateToUrl: Navigate to 'https://assist2-uat.perkeso.gov.my/c/portal/logout' successfully

2019-01-03 14:52:42 - [MESSAGE][PASSED] - Navigate to 'https://assist2-uat.perkeso.gov.my/c/portal/logout' successfully

2019-01-03 14:52:42 - [TEST_STEP][PASSED] - delay: Delayed 1 second(s)

2019-01-03 14:52:43 - [MESSAGE][PASSED] - Delayed 1 second(s)

2019-01-03 14:52:43 - [TEST_STEP][PASSED] - callTestCase: Call Test Case 'Test Cases/Final Aug 2018 - PKS Automation/Registration Module/Workflow/Login and Search Case For Workflow' successfully

2019-01-03 14:52:43 - [TEST_CASE][PASSED] - Test Cases/Final Aug 2018 - PKS Automation/Registration Module/Workflow/Login and Search Case For Workflow: Test Cases/Final Aug 2018 - PKS Automation/Registration Module/Workflow/Login and Search Case For Workflow

2019-01-03 14:52:43 - [TEST_STEP][PASSED] - navigateToUrl: Navigate to 'https://assist2-uat.perkeso.gov.my/login' successfully

2019-01-03 14:52:44 - [MESSAGE][PASSED] - Navigate to 'https://assist2-uat.perkeso.gov.my/login' successfully

2019-01-03 14:52:44 - [TEST_STEP][PASSED] - setText: Text 'johoruo2@gmail.com' is set on object 'Object Repository/Final Object Repo/Login Page/Internal User/Email Address'

2019-01-03 14:52:44 - [MESSAGE][PASSED] - Text 'johoruo2@gmail.com' is set on object 'Object Repository/Final Object Repo/Login Page/Internal User/Email Address'

2019-01-03 14:52:44 - [TEST_STEP][PASSED] - click: Object: 'Object Repository/Final Object Repo/Login Page/Internal User/Next Button' is clicked on

2019-01-03 14:52:44 - [MESSAGE][PASSED] - Object: 'Object Repository/Final Object Repo/Login Page/Internal User/Next Button' is clicked on

2019-01-03 14:52:44 - [TEST_STEP][PASSED] - delay: Delayed 1 second(s)

2019-01-03 14:52:45 - [MESSAGE][PASSED] - Delayed 1 second(s)

2019-01-03 14:52:45 - [TEST_STEP][PASSED] - setEncryptedText: Text ****** has been set on object 'Object Repository/Final Object Repo/Login Page/Internal User/Password'

2019-01-03 14:52:45 - [MESSAGE][PASSED] - Text ****** has been set on object 'Object Repository/Final Object Repo/Login Page/Internal User/Password'

2019-01-03 14:52:45 - [TEST_STEP][PASSED] - click: Object: 'Object Repository/Final Object Repo/Login Page/Internal User/Login Button' is clicked on

2019-01-03 14:52:45 - [MESSAGE][PASSED] - Object: 'Object Repository/Final Object Repo/Login Page/Internal User/Login Button' is clicked on

2019-01-03 14:52:45 - [TEST_STEP][PASSED] - delay: Delayed 2 second(s)

2019-01-03 14:52:47 - [MESSAGE][PASSED] - Delayed 2 second(s)

2019-01-03 14:52:47 - [TEST_STEP][PASSED] - Statement - Try: Delayed 2 second(s)

2019-01-03 14:52:47 - [TEST_STEP][PASSED] - Statement - Checker = false: null

2019-01-03 14:52:47 - [TEST_STEP][PASSED] - Statement - Checker = com.kms.katalon.core.webui.keyword.WebUiBuiltInKeywords.verifyElementHasAttribute(com.kms.katalon.core.testobject.ObjectRepository.findTestObject(Final Object Repo/Landing Page/BM Detecting), "href", 20, OPTIONAL): Object 'Object Repository/Final Object Repo/Landing Page/BM Detecting' has attribute 'href'

2019-01-03 14:52:47 - [MESSAGE][PASSED] - Object 'Object Repository/Final Object Repo/Landing Page/BM Detecting' has attribute 'href'

2019-01-03 14:52:47 - [TEST_STEP][PASSED] - Statement - out.println(Checker): null

2019-01-03 14:52:47 - [TEST_STEP][PASSED] - Statement - If (Checker == false): null

2019-01-03 14:52:47 - [TEST_STEP][PASSED] - Statement - Else: null

2019-01-03 14:52:47 - [TEST_STEP][PASSED] - delay: Delayed 2 second(s)

2019-01-03 14:52:49 - [MESSAGE][PASSED] - Delayed 2 second(s)

2019-01-03 14:52:49 - [TEST_STEP][PASSED] - click: Object: 'Object Repository/Final Object Repo/Page_MyASSIST - ASSIST - Search Pending Case For Add Supporting Document/Search Information' is clicked on

2019-01-03 14:52:50 - [MESSAGE][PASSED] - Object: 'Object Repository/Final Object Repo/Page_MyASSIST - ASSIST - Search Pending Case For Add Supporting Document/Search Information' is clicked on

2019-01-03 14:52:50 - [TEST_STEP][PASSED] - delay: Delayed 3 second(s)

2019-01-03 14:52:53 - [MESSAGE][PASSED] - Delayed 3 second(s)

2019-01-03 14:52:53 - [TEST_STEP][PASSED] - sendKeys: Keys 'ERN012019C200002584' sent to object: 'Object Repository/Final Object Repo/Page_MyASSIST - ASSIST - Search Pending Case For Add Supporting Document/Reference No'

2019-01-03 14:52:53 - [MESSAGE][PASSED] - Keys 'ERN012019C200002584' sent to object: 'Object Repository/Final Object Repo/Page_MyASSIST - ASSIST - Search Pending Case For Add Supporting Document/Reference No'

2019-01-03 14:52:53 - [TEST_STEP][PASSED] - click: Object: 'Object Repository/Final Object Repo/Page_MyASSIST - ASSIST - Search Pending Case For Add Supporting Document/Search Reference No' is clicked on

2019-01-03 14:52:53 - [MESSAGE][PASSED] - Object: 'Object Repository/Final Object Repo/Page_MyASSIST - ASSIST - Search Pending Case For Add Supporting Document/Search Reference No' is clicked on

2019-01-03 14:52:53 - [TEST_STEP][PASSED] - delay: Delayed 2 second(s)

2019-01-03 14:52:55 - [MESSAGE][PASSED] - Delayed 2 second(s)

2019-01-03 14:52:55 - [TEST_STEP][PASSED] - click: Object: 'Object Repository/Final Object Repo/Page_MyASSIST - ASSIST - Search Pending Case For Add Supporting Document/Continue' is clicked on

2019-01-03 14:52:58 - [MESSAGE][PASSED] - Object: 'Object Repository/Final Object Repo/Page_MyASSIST - ASSIST - Search Pending Case For Add Supporting Document/Continue' is clicked on

2019-01-03 14:52:58 - [TEST_STEP][PASSED] - delay: Delayed 20 second(s)

2019-01-03 14:53:18 - [MESSAGE][PASSED] - Delayed 20 second(s)

2019-01-03 14:53:18 - [MESSAGE][PASSED] - Call Test Case 'Test Cases/Final Aug 2018 - PKS Automation/Registration Module/Workflow/Login and Search Case For Workflow' successfully

2019-01-03 14:53:18 - [TEST_STEP][PASSED] - click: Object: 'Object Repository/Final Object Repo/Page_Form 3 EIS - Cessation as Employer/Page_Form 3 EIS - Cessation as Employer (Approve)/Save  Continue in Form 3 Page' is clicked on

2019-01-03 14:53:18 - [MESSAGE][PASSED] - Object: 'Object Repository/Final Object Repo/Page_Form 3 EIS - Cessation as Employer/Page_Form 3 EIS - Cessation as Employer (Approve)/Save  Continue in Form 3 Page' is clicked on

2019-01-03 14:53:18 - [TEST_STEP][PASSED] - delay: Delayed 2 second(s)

2019-01-03 14:53:20 - [MESSAGE][PASSED] - Delayed 2 second(s)

2019-01-03 14:53:20 - [TEST_STEP][PASSED] - click: Object: 'Object Repository/Final Object Repo/Page_Form 3 EIS - Cessation as Employer/Page_Form 3 EIS - Cessation as Employer (Approve)/Save  Continue in Resigned Page' is clicked on

2019-01-03 14:53:21 - [MESSAGE][PASSED] - Object: 'Object Repository/Final Object Repo/Page_Form 3 EIS - Cessation as Employer/Page_Form 3 EIS - Cessation as Employer (Approve)/Save  Continue in Resigned Page' is clicked on

2019-01-03 14:53:21 - [TEST_STEP][PASSED] - delay: Delayed 2 second(s)

2019-01-03 14:53:23 - [MESSAGE][PASSED] - Delayed 2 second(s)

2019-01-03 14:53:23 - [TEST_STEP][PASSED] - click: Object: 'Object Repository/Final Object Repo/Page_Form 3 EIS - Cessation as Employer/Page_Form 3 EIS - Cessation as Employer (Approve)/Save  Continue in Uploading Page' is clicked on

2019-01-03 14:53:24 - [MESSAGE][PASSED] - Object: 'Object Repository/Final Object Repo/Page_Form 3 EIS - Cessation as Employer/Page_Form 3 EIS - Cessation as Employer (Approve)/Save  Continue in Uploading Page' is clicked on

2019-01-03 14:53:24 - [TEST_STEP][PASSED] - delay: Delayed 2 second(s)

2019-01-03 14:53:26 - [MESSAGE][PASSED] - Delayed 2 second(s)

2019-01-03 14:53:26 - [TEST_STEP][PASSED] - click: Object: 'Object Repository/Final Object Repo/Page_Form 3 EIS - Cessation as Employer/Page_Form 3 EIS - Cessation as Employer (Reject)/Reject' is clicked on

2019-01-03 14:53:29 - [MESSAGE][PASSED] - Object: 'Object Repository/Final Object Repo/Page_Form 3 EIS - Cessation as Employer/Page_Form 3 EIS - Cessation as Employer (Reject)/Reject' is clicked on

2019-01-03 14:53:29 - [TEST_STEP][PASSED] - delay: Delayed 2 second(s)

2019-01-03 14:53:31 - [MESSAGE][PASSED] - Delayed 2 second(s)

2019-01-03 14:53:31 - [TEST_STEP][PASSED] - click: Object: 'Object Repository/Final Object Repo/Page_Form 3 EIS - Cessation as Employer/Page_Form 3 EIS - Cessation as Employer (Reject)/Confirm' is clicked on

2019-01-03 14:53:31 - [MESSAGE][PASSED] - Object: 'Object Repository/Final Object Repo/Page_Form 3 EIS - Cessation as Employer/Page_Form 3 EIS - Cessation as Employer (Reject)/Confirm' is clicked on

2019-01-03 14:53:31 - [TEST_STEP][PASSED] - delay: Delayed 2 second(s)

2019-01-03 14:53:33 - [MESSAGE][PASSED] - Delayed 2 second(s)

2019-01-03 14:53:33 - [TEST_STEP][PASSED] - click: Object: 'Object Repository/Final Object Repo/Page_Form 3 EIS - Cessation as Employer/Page_Form 3 EIS - Cessation as Employer (Reject)/Message This Case has been Rejected' is clicked on

2019-01-03 14:53:36 - [MESSAGE][PASSED] - Object: 'Object Repository/Final Object Repo/Page_Form 3 EIS - Cessation as Employer/Page_Form 3 EIS - Cessation as Employer (Reject)/Message This Case has been Rejected' is clicked on

2019-01-03 14:53:36 - [TEST_STEP][PASSED] - click: Object: 'Object Repository/Final Object Repo/Page_Form 3 EIS - Cessation as Employer/Page_Form 3 EIS - Cessation as Employer (Reject)/Letter of update rejection' is clicked on

2019-01-03 14:53:37 - [MESSAGE][PASSED] - Object: 'Object Repository/Final Object Repo/Page_Form 3 EIS - Cessation as Employer/Page_Form 3 EIS - Cessation as Employer (Reject)/Letter of update rejection' is clicked on

2019-01-03 14:53:37 - [MESSAGE][PASSED] - Call Test Case 'Test Cases/Final Aug 2018 - PKS Automation/Registration Module/Workflow/Form 3 EIS - Cessation As Employer/Template/Form 3 A - Cessation As Employer (Query)' successfully]]></system-out>
         <system-err><![CDATA[]]></system-err>
      </testcase>
      <testcase name="Test Cases/Final Aug 2018 - PKS Automation/Registration Module/Workflow/Form 3 EIS - Cessation As Employer/PKRBO to UO (Reject)" classname="Test Cases/Final Aug 2018 - PKS Automation/Registration Module/Workflow/Form 3 EIS - Cessation As Employer/PKRBO to UO (Reject)" status="PASSED">
         <system-out><![CDATA[2019-01-03 14:53:37 - [TEST_CASE][PASSED] - Test Cases/Final Aug 2018 - PKS Automation/Registration Module/Workflow/Form 3 EIS - Cessation As Employer/PKRBO to UO (Reject): Test Cases/Final Aug 2018 - PKS Automation/Registration Module/Workflow/Form 3 EIS - Cessation As Employer/PKRBO to UO (Reject)

2019-01-03 14:53:37 - [TEST_STEP][PASSED] - callTestCase: Call Test Case 'Test Cases/Final Aug 2018 - PKS Automation/Registration Module/Workflow/Form 3 EIS - Cessation As Employer/Template/Form 3 A - Cessation As Employer (PKRBO)' successfully

2019-01-03 14:53:37 - [TEST_CASE][PASSED] - Test Cases/Final Aug 2018 - PKS Automation/Registration Module/Workflow/Form 3 EIS - Cessation As Employer/Template/Form 3 A - Cessation As Employer (PKRBO): Test Cases/Final Aug 2018 - PKS Automation/Registration Module/Workflow/Form 3 EIS - Cessation As Employer/Template/Form 3 A - Cessation As Employer (PKRBO)

2019-01-03 14:53:37 - [TEST_STEP][PASSED] - openBrowser: Browser is opened with url: ''

2019-01-03 14:53:37 - [MESSAGE][WARNING] - A browser is already opened. Closing browser and opening a new one

2019-01-03 14:53:41 - [MESSAGE][PASSED] - Browser is opened with url: ''

2019-01-03 14:53:41 - [TEST_STEP][PASSED] - navigateToUrl: Navigate to 'https://assist2-uat.perkeso.gov.my/login' successfully

2019-01-03 14:53:42 - [MESSAGE][PASSED] - Navigate to 'https://assist2-uat.perkeso.gov.my/login' successfully

2019-01-03 14:53:42 - [TEST_STEP][PASSED] - setText: Text 'johorpkrbo1@gmail.com' is set on object 'Object Repository/Final Object Repo/Login Page/Internal User/Email Address'

2019-01-03 14:53:43 - [MESSAGE][PASSED] - Text 'johorpkrbo1@gmail.com' is set on object 'Object Repository/Final Object Repo/Login Page/Internal User/Email Address'

2019-01-03 14:53:43 - [TEST_STEP][PASSED] - click: Object: 'Object Repository/Final Object Repo/Login Page/Internal User/Next Button' is clicked on

2019-01-03 14:53:43 - [MESSAGE][PASSED] - Object: 'Object Repository/Final Object Repo/Login Page/Internal User/Next Button' is clicked on

2019-01-03 14:53:43 - [TEST_STEP][PASSED] - delay: Delayed 1 second(s)

2019-01-03 14:53:44 - [MESSAGE][PASSED] - Delayed 1 second(s)

2019-01-03 14:53:44 - [TEST_STEP][PASSED] - setEncryptedText: Text ****** has been set on object 'Object Repository/Final Object Repo/Login Page/Internal User/Password'

2019-01-03 14:53:44 - [MESSAGE][PASSED] - Text ****** has been set on object 'Object Repository/Final Object Repo/Login Page/Internal User/Password'

2019-01-03 14:53:44 - [TEST_STEP][PASSED] - click: Object: 'Object Repository/Final Object Repo/Login Page/Internal User/Login Button' is clicked on

2019-01-03 14:53:44 - [MESSAGE][PASSED] - Object: 'Object Repository/Final Object Repo/Login Page/Internal User/Login Button' is clicked on

2019-01-03 14:53:44 - [TEST_STEP][PASSED] - delay: Delayed 1 second(s)

2019-01-03 14:53:45 - [MESSAGE][PASSED] - Delayed 1 second(s)

2019-01-03 14:53:45 - [TEST_STEP][PASSED] - Statement - Try: Delayed 2 second(s)

2019-01-03 14:53:45 - [TEST_STEP][PASSED] - Statement - Checker = false: null

2019-01-03 14:53:45 - [TEST_STEP][PASSED] - Statement - Checker = com.kms.katalon.core.webui.keyword.WebUiBuiltInKeywords.verifyElementHasAttribute(com.kms.katalon.core.testobject.ObjectRepository.findTestObject(Final Object Repo/Landing Page/BM Detecting), "href", 20, OPTIONAL): Object 'Object Repository/Final Object Repo/Landing Page/BM Detecting' has attribute 'href'

2019-01-03 14:53:46 - [MESSAGE][PASSED] - Object 'Object Repository/Final Object Repo/Landing Page/BM Detecting' has attribute 'href'

2019-01-03 14:53:46 - [TEST_STEP][PASSED] - Statement - out.println(Checker): null

2019-01-03 14:53:46 - [TEST_STEP][PASSED] - Statement - If (Checker == false): null

2019-01-03 14:53:46 - [TEST_STEP][PASSED] - Statement - Else: null

2019-01-03 14:53:46 - [TEST_STEP][PASSED] - delay: Delayed 2 second(s)

2019-01-03 14:53:48 - [MESSAGE][PASSED] - Delayed 2 second(s)

2019-01-03 14:53:48 - [TEST_STEP][PASSED] - navigateToUrl: Navigate to 'https://assist2-uat.perkeso.gov.my/web/registration/eis-update/form-3-eis-cessation-as-employer' successfully

2019-01-03 14:53:49 - [MESSAGE][PASSED] - Navigate to 'https://assist2-uat.perkeso.gov.my/web/registration/eis-update/form-3-eis-cessation-as-employer' successfully

2019-01-03 14:53:49 - [TEST_STEP][PASSED] - delay: Delayed 1 second(s)

2019-01-03 14:53:50 - [MESSAGE][PASSED] - Delayed 1 second(s)

2019-01-03 14:53:50 - [TEST_STEP][PASSED] - setText: Text 'E1102069769W' is set on object 'Object Repository/Final Object Repo/Page_Form 3 EIS - Cessation as Employer/Employer Code'

2019-01-03 14:53:51 - [MESSAGE][PASSED] - Text 'E1102069769W' is set on object 'Object Repository/Final Object Repo/Page_Form 3 EIS - Cessation as Employer/Employer Code'

2019-01-03 14:53:51 - [TEST_STEP][PASSED] - click: Object: 'Object Repository/Final Object Repo/Page_Form 3 EIS - Cessation as Employer/Search' is clicked on

2019-01-03 14:53:51 - [MESSAGE][PASSED] - Object: 'Object Repository/Final Object Repo/Page_Form 3 EIS - Cessation as Employer/Search' is clicked on

2019-01-03 14:53:51 - [TEST_STEP][PASSED] - click: Object: 'Object Repository/Final Object Repo/Page_Form 3 EIS - Cessation as Employer/Edit' is clicked on

2019-01-03 14:53:53 - [MESSAGE][PASSED] - Object: 'Object Repository/Final Object Repo/Page_Form 3 EIS - Cessation as Employer/Edit' is clicked on

2019-01-03 14:53:53 - [TEST_STEP][PASSED] - delay: Delayed 1 second(s)

2019-01-03 14:53:54 - [MESSAGE][PASSED] - Delayed 1 second(s)

2019-01-03 14:53:54 - [TEST_STEP][PASSED] - Statement - abc = com.kms.katalon.core.webui.keyword.WebUiBuiltInKeywords.getAttribute(com.kms.katalon.core.testobject.ObjectRepository.findTestObject(Final Object Repo/Page_Form 3 EIS - Cessation as Employer/Employer Status), "value"): Attribute 'value' of object 'Object Repository/Final Object Repo/Page_Form 3 EIS - Cessation as Employer/Employer Status' is: 'Active'

2019-01-03 14:53:54 - [MESSAGE][PASSED] - Attribute 'value' of object 'Object Repository/Final Object Repo/Page_Form 3 EIS - Cessation as Employer/Employer Status' is: 'Active'

2019-01-03 14:53:54 - [TEST_STEP][PASSED] - Statement - out.println(abc): null

2019-01-03 14:53:54 - [TEST_STEP][PASSED] - Statement - If (abc == "Active"): Object: 'Object Repository/Final Object Repo/Page_Form 3 EIS - Cessation as Employer/Dormant EIS' is clicked on

2019-01-03 14:53:54 - [TEST_STEP][PASSED] - click: Object: 'Object Repository/Final Object Repo/Page_Form 3 EIS - Cessation as Employer/Change Employer Status to' is clicked on

2019-01-03 14:53:54 - [MESSAGE][PASSED] - Object: 'Object Repository/Final Object Repo/Page_Form 3 EIS - Cessation as Employer/Change Employer Status to' is clicked on

2019-01-03 14:53:54 - [TEST_STEP][PASSED] - click: Object: 'Object Repository/Final Object Repo/Page_Form 3 EIS - Cessation as Employer/Dormant EIS' is clicked on

2019-01-03 14:53:55 - [MESSAGE][PASSED] - Object: 'Object Repository/Final Object Repo/Page_Form 3 EIS - Cessation as Employer/Dormant EIS' is clicked on

2019-01-03 14:53:55 - [TEST_STEP][PASSED] - click: Object: 'Object Repository/Final Object Repo/Page_Form 3 EIS - Cessation as Employer/Calender' is clicked on

2019-01-03 14:53:55 - [MESSAGE][PASSED] - Object: 'Object Repository/Final Object Repo/Page_Form 3 EIS - Cessation as Employer/Calender' is clicked on

2019-01-03 14:53:55 - [TEST_STEP][PASSED] - delay: Delayed 1 second(s)

2019-01-03 14:53:56 - [MESSAGE][PASSED] - Delayed 1 second(s)

2019-01-03 14:53:56 - [TEST_STEP][PASSED] - click: Object: 'Object Repository/Final Object Repo/Page_Form 3 EIS - Cessation as Employer/Calender - Date' is clicked on

2019-01-03 14:53:56 - [MESSAGE][PASSED] - Object: 'Object Repository/Final Object Repo/Page_Form 3 EIS - Cessation as Employer/Calender - Date' is clicked on

2019-01-03 14:53:56 - [TEST_STEP][PASSED] - click: Object: 'Object Repository/Final Object Repo/Page_Form 3 EIS - Cessation as Employer/Save  Continue in Form 3 EIS Page' is clicked on

2019-01-03 14:53:56 - [MESSAGE][PASSED] - Object: 'Object Repository/Final Object Repo/Page_Form 3 EIS - Cessation as Employer/Save  Continue in Form 3 EIS Page' is clicked on

2019-01-03 14:53:56 - [TEST_STEP][PASSED] - delay: Delayed 1 second(s)

2019-01-03 14:53:57 - [MESSAGE][PASSED] - Delayed 1 second(s)

2019-01-03 14:53:57 - [TEST_STEP][PASSED] - click: Object: 'Object Repository/Final Object Repo/Page_Form 3 EIS - Cessation as Employer/Employment Resign Date' is clicked on

2019-01-03 14:53:58 - [MESSAGE][PASSED] - Object: 'Object Repository/Final Object Repo/Page_Form 3 EIS - Cessation as Employer/Employment Resign Date' is clicked on

2019-01-03 14:53:58 - [TEST_STEP][PASSED] - selectOptionByValue: All options with value '2030' are selected in object 'Object Repository/Final Object Repo/Page_Form 3 EIS - Cessation as Employer/Employment Resign Date - Year' 

2019-01-03 14:53:58 - [MESSAGE][PASSED] - All options with value '2030' are selected in object 'Object Repository/Final Object Repo/Page_Form 3 EIS - Cessation as Employer/Employment Resign Date - Year' 

2019-01-03 14:53:58 - [TEST_STEP][PASSED] - delay: Delayed 2 second(s)

2019-01-03 14:54:00 - [MESSAGE][PASSED] - Delayed 2 second(s)

2019-01-03 14:54:00 - [TEST_STEP][PASSED] - click: Object: 'Object Repository/Final Object Repo/Page_Form 3 EIS - Cessation as Employer/Employment Resign Date - Year - Date' is clicked on

2019-01-03 14:54:00 - [MESSAGE][PASSED] - Object: 'Object Repository/Final Object Repo/Page_Form 3 EIS - Cessation as Employer/Employment Resign Date - Year - Date' is clicked on

2019-01-03 14:54:00 - [TEST_STEP][PASSED] - delay: Delayed 2 second(s)

2019-01-03 14:54:02 - [MESSAGE][PASSED] - Delayed 2 second(s)

2019-01-03 14:54:02 - [TEST_STEP][PASSED] - click: Object: 'Object Repository/Final Object Repo/Page_Form 3 EIS - Cessation as Employer/Save  Continue in Employment Resign Page' is clicked on

2019-01-03 14:54:02 - [MESSAGE][PASSED] - Object: 'Object Repository/Final Object Repo/Page_Form 3 EIS - Cessation as Employer/Save  Continue in Employment Resign Page' is clicked on

2019-01-03 14:54:02 - [TEST_STEP][PASSED] - delay: Delayed 2 second(s)

2019-01-03 14:54:04 - [MESSAGE][PASSED] - Delayed 2 second(s)

2019-01-03 14:54:04 - [TEST_STEP][PASSED] - click: Object: 'Object Repository/Final Object Repo/Page_Form 3 EIS - Cessation as Employer/Set Latest - Yes' is clicked on

2019-01-03 14:54:04 - [MESSAGE][PASSED] - Object: 'Object Repository/Final Object Repo/Page_Form 3 EIS - Cessation as Employer/Set Latest - Yes' is clicked on

2019-01-03 14:54:04 - [TEST_STEP][PASSED] - delay: Delayed 2 second(s)

2019-01-03 14:54:06 - [MESSAGE][PASSED] - Delayed 2 second(s)

2019-01-03 14:54:06 - [TEST_STEP][PASSED] - click: Object: 'Object Repository/Final Object Repo/Page_Form 3 EIS - Cessation as Employer/Add Document' is clicked on

2019-01-03 14:54:08 - [MESSAGE][PASSED] - Object: 'Object Repository/Final Object Repo/Page_Form 3 EIS - Cessation as Employer/Add Document' is clicked on

2019-01-03 14:54:08 - [TEST_STEP][PASSED] - delay: Delayed 3 second(s)

2019-01-03 14:54:11 - [MESSAGE][PASSED] - Delayed 3 second(s)

2019-01-03 14:54:11 - [TEST_STEP][PASSED] - click: Object: 'Object Repository/Final Object Repo/Page_Form 3 EIS - Cessation as Employer/Document Type' is clicked on

2019-01-03 14:54:11 - [MESSAGE][PASSED] - Object: 'Object Repository/Final Object Repo/Page_Form 3 EIS - Cessation as Employer/Document Type' is clicked on

2019-01-03 14:54:11 - [TEST_STEP][PASSED] - click: Object: 'Object Repository/Final Object Repo/Page_Form 3 EIS - Cessation as Employer/Document Type - Form 3' is clicked on

2019-01-03 14:54:11 - [MESSAGE][PASSED] - Object: 'Object Repository/Final Object Repo/Page_Form 3 EIS - Cessation as Employer/Document Type - Form 3' is clicked on

2019-01-03 14:54:11 - [TEST_STEP][PASSED] - delay: Delayed 2 second(s)

2019-01-03 14:54:13 - [MESSAGE][PASSED] - Delayed 2 second(s)

2019-01-03 14:54:13 - [TEST_STEP][PASSED] - sendKeys: Keys 'C:\Users\Public\Pictures\Sample Pictures\Koala.jpg' sent to object: 'Object Repository/Final Object Repo/Page_Form 3 EIS - Cessation as Employer/ploading File'

2019-01-03 14:54:13 - [MESSAGE][PASSED] - Keys 'C:\Users\Public\Pictures\Sample Pictures\Koala.jpg' sent to object: 'Object Repository/Final Object Repo/Page_Form 3 EIS - Cessation as Employer/ploading File'

2019-01-03 14:54:13 - [TEST_STEP][PASSED] - delay: Delayed 1 second(s)

2019-01-03 14:54:14 - [MESSAGE][PASSED] - Delayed 1 second(s)

2019-01-03 14:54:14 - [TEST_STEP][PASSED] - click: Object: 'Object Repository/Final Object Repo/Page_Form 3 EIS - Cessation as Employer/Add Document in Uploading Page' is clicked on

2019-01-03 14:54:14 - [MESSAGE][PASSED] - Object: 'Object Repository/Final Object Repo/Page_Form 3 EIS - Cessation as Employer/Add Document in Uploading Page' is clicked on

2019-01-03 14:54:14 - [TEST_STEP][PASSED] - delay: Delayed 2 second(s)

2019-01-03 14:54:16 - [MESSAGE][PASSED] - Delayed 2 second(s)

2019-01-03 14:54:16 - [TEST_STEP][PASSED] - Statement - CaseReferenceNo = com.kms.katalon.core.webui.keyword.WebUiBuiltInKeywords.getText(com.kms.katalon.core.testobject.ObjectRepository.findTestObject(Final Object Repo/Page_Update Employer Information/Reference Number in Update Employee Information Page)): Text of object 'Object Repository/Final Object Repo/Page_Update Employer Information/Reference Number in Update Employee Information Page' is: 'ERN012019C200002585'

2019-01-03 14:54:18 - [MESSAGE][PASSED] - Text of object 'Object Repository/Final Object Repo/Page_Update Employer Information/Reference Number in Update Employee Information Page' is: 'ERN012019C200002585'

2019-01-03 14:54:18 - [TEST_STEP][PASSED] - callTestCase: Call Test Case 'Test Cases/Final Aug 2018 - PKS Automation/Common/Reference Number Setter' successfully

2019-01-03 14:54:18 - [TEST_CASE][PASSED] - Test Cases/Final Aug 2018 - PKS Automation/Common/Reference Number Setter: Test Cases/Final Aug 2018 - PKS Automation/Common/Reference Number Setter

2019-01-03 14:54:18 - [TEST_STEP][PASSED] - Statement - RefNoOldFile = new java.io.File(C://Users//Admin//Desktop//PKS//Automation Reference Point//KatalonReference.txt): null

2019-01-03 14:54:18 - [TEST_STEP][PASSED] - Statement - RefNoOldFile.delete(): null

2019-01-03 14:54:18 - [TEST_STEP][PASSED] - delay: Delayed 5 second(s)

2019-01-03 14:54:23 - [MESSAGE][PASSED] - Delayed 5 second(s)

2019-01-03 14:54:23 - [TEST_STEP][PASSED] - Statement - RefNo = new java.io.File(C://Users//Admin//Desktop//PKS//Automation Reference Point//KatalonReference.txt): null

2019-01-03 14:54:23 - [TEST_STEP][PASSED] - Statement - f2 = new java.io.FileWriter(RefNo, false): null

2019-01-03 14:54:23 - [TEST_STEP][PASSED] - Statement - f2.write(CaseReferenceNo): null

2019-01-03 14:54:23 - [TEST_STEP][PASSED] - Statement - f2.close(): null

2019-01-03 14:54:23 - [TEST_STEP][PASSED] - Statement - out.println("


" + CaseReferenceNo + "


"): null

2019-01-03 14:54:23 - [MESSAGE][PASSED] - Call Test Case 'Test Cases/Final Aug 2018 - PKS Automation/Common/Reference Number Setter' successfully

2019-01-03 14:54:23 - [TEST_STEP][PASSED] - delay: Delayed 2 second(s)

2019-01-03 14:54:25 - [MESSAGE][PASSED] - Delayed 2 second(s)

2019-01-03 14:54:25 - [TEST_STEP][PASSED] - click: Object: 'Object Repository/Final Object Repo/Page_Form 3 EIS - Cessation as Employer/Save  Continue in Uploading Page' is clicked on

2019-01-03 14:54:26 - [MESSAGE][PASSED] - Object: 'Object Repository/Final Object Repo/Page_Form 3 EIS - Cessation as Employer/Save  Continue in Uploading Page' is clicked on

2019-01-03 14:54:26 - [TEST_STEP][PASSED] - delay: Delayed 2 second(s)

2019-01-03 14:54:28 - [MESSAGE][PASSED] - Delayed 2 second(s)

2019-01-03 14:54:28 - [TEST_STEP][PASSED] - click: Object: 'Object Repository/Final Object Repo/Page_Form 3 EIS - Cessation as Employer/Submit' is clicked on

2019-01-03 14:54:31 - [MESSAGE][PASSED] - Object: 'Object Repository/Final Object Repo/Page_Form 3 EIS - Cessation as Employer/Submit' is clicked on

2019-01-03 14:54:31 - [TEST_STEP][PASSED] - delay: Delayed 2 second(s)

2019-01-03 14:54:33 - [MESSAGE][PASSED] - Delayed 2 second(s)

2019-01-03 14:54:33 - [TEST_STEP][PASSED] - click: Object: 'Object Repository/Final Object Repo/Page_Form 3 EIS - Cessation as Employer/Confirm' is clicked on

2019-01-03 14:54:33 - [MESSAGE][PASSED] - Object: 'Object Repository/Final Object Repo/Page_Form 3 EIS - Cessation as Employer/Confirm' is clicked on

2019-01-03 14:54:33 - [TEST_STEP][PASSED] - delay: Delayed 2 second(s)

2019-01-03 14:54:35 - [MESSAGE][PASSED] - Delayed 2 second(s)

2019-01-03 14:54:35 - [TEST_STEP][PASSED] - click: Object: 'Object Repository/Final Object Repo/Page_Form 3 EIS - Cessation as Employer/Message Your Request will be routed to UO' is clicked on

2019-01-03 14:54:39 - [MESSAGE][PASSED] - Object: 'Object Repository/Final Object Repo/Page_Form 3 EIS - Cessation as Employer/Message Your Request will be routed to UO' is clicked on

2019-01-03 14:54:39 - [TEST_STEP][PASSED] - click: Object: 'Object Repository/Final Object Repo/Page_Form 3 EIS - Cessation as Employer/Letter of acknowledgement' is clicked on

2019-01-03 14:54:39 - [MESSAGE][PASSED] - Object: 'Object Repository/Final Object Repo/Page_Form 3 EIS - Cessation as Employer/Letter of acknowledgement' is clicked on

2019-01-03 14:54:39 - [MESSAGE][PASSED] - Call Test Case 'Test Cases/Final Aug 2018 - PKS Automation/Registration Module/Workflow/Form 3 EIS - Cessation As Employer/Template/Form 3 A - Cessation As Employer (PKRBO)' successfully

2019-01-03 14:54:39 - [TEST_STEP][PASSED] - callTestCase: Call Test Case 'Test Cases/Final Aug 2018 - PKS Automation/Registration Module/Workflow/Form 3 EIS - Cessation As Employer/Template/Form 3 A - Cessation As Employer (Reject)' successfully

2019-01-03 14:54:39 - [TEST_CASE][PASSED] - Test Cases/Final Aug 2018 - PKS Automation/Registration Module/Workflow/Form 3 EIS - Cessation As Employer/Template/Form 3 A - Cessation As Employer (Reject): Test Cases/Final Aug 2018 - PKS Automation/Registration Module/Workflow/Form 3 EIS - Cessation As Employer/Template/Form 3 A - Cessation As Employer (Reject)

2019-01-03 14:54:39 - [TEST_STEP][NOT_RUN] - callTestCase: NOT_RUN: callTestCase

2019-01-03 14:54:39 - [MESSAGE][NOT_RUN] - NOT_RUN: callTestCase

2019-01-03 14:54:39 - [TEST_STEP][PASSED] - delay: Delayed 1 second(s)

2019-01-03 14:54:40 - [MESSAGE][PASSED] - Delayed 1 second(s)

2019-01-03 14:54:40 - [TEST_STEP][PASSED] - navigateToUrl: Navigate to 'https://assist2-uat.perkeso.gov.my/c/portal/logout' successfully

2019-01-03 14:54:41 - [MESSAGE][PASSED] - Navigate to 'https://assist2-uat.perkeso.gov.my/c/portal/logout' successfully

2019-01-03 14:54:41 - [TEST_STEP][PASSED] - delay: Delayed 1 second(s)

2019-01-03 14:54:42 - [MESSAGE][PASSED] - Delayed 1 second(s)

2019-01-03 14:54:42 - [TEST_STEP][PASSED] - callTestCase: Call Test Case 'Test Cases/Final Aug 2018 - PKS Automation/Common/Reference Number Getter' successfully

2019-01-03 14:54:42 - [TEST_CASE][PASSED] - Test Cases/Final Aug 2018 - PKS Automation/Common/Reference Number Getter: Test Cases/Final Aug 2018 - PKS Automation/Common/Reference Number Getter

2019-01-03 14:54:42 - [TEST_STEP][PASSED] - Statement - Try: null

2019-01-03 14:54:42 - [TEST_STEP][PASSED] - Statement - RefNo = new java.io.File(C://Users//Admin//Desktop//PKS//Automation Reference Point//KatalonReference.txt): null

2019-01-03 14:54:42 - [TEST_STEP][PASSED] - Statement - bufferread = new java.io.BufferedReader(new java.io.FileReader(RefNo)): null

2019-01-03 14:54:42 - [TEST_STEP][PASSED] - Statement - readedVal = bufferread.readLine(): null

2019-01-03 14:54:42 - [TEST_STEP][PASSED] - Statement - out.println(CaseReferenceNo): null

2019-01-03 14:54:42 - [TEST_STEP][PASSED] - Statement - out.println(readedVal): null

2019-01-03 14:54:42 - [TEST_STEP][PASSED] - Statement - CaseReferenceNo = "": null

2019-01-03 14:54:42 - [TEST_STEP][PASSED] - Statement - CaseReferenceNo = readedVal: null

2019-01-03 14:54:42 - [MESSAGE][PASSED] - Call Test Case 'Test Cases/Final Aug 2018 - PKS Automation/Common/Reference Number Getter' successfully

2019-01-03 14:54:42 - [TEST_STEP][PASSED] - callTestCase: Call Test Case 'Test Cases/Final Aug 2018 - PKS Automation/Common/Workflow Owner Finder' successfully

2019-01-03 14:54:42 - [TEST_CASE][PASSED] - Test Cases/Final Aug 2018 - PKS Automation/Common/Workflow Owner Finder: Test Cases/Final Aug 2018 - PKS Automation/Common/Workflow Owner Finder

2019-01-03 14:54:42 - [TEST_STEP][PASSED] - openBrowser: Browser is opened with url: ''

2019-01-03 14:54:42 - [MESSAGE][WARNING] - A browser is already opened. Closing browser and opening a new one

2019-01-03 14:54:46 - [MESSAGE][PASSED] - Browser is opened with url: ''

2019-01-03 14:54:46 - [TEST_STEP][PASSED] - navigateToUrl: Navigate to 'https://assist2-uat.perkeso.gov.my/login' successfully

2019-01-03 14:54:47 - [MESSAGE][PASSED] - Navigate to 'https://assist2-uat.perkeso.gov.my/login' successfully

2019-01-03 14:54:47 - [TEST_STEP][PASSED] - delay: Delayed 5 second(s)

2019-01-03 14:54:52 - [MESSAGE][PASSED] - Delayed 5 second(s)

2019-01-03 14:54:52 - [TEST_STEP][PASSED] - setText: Text 'test@liferay.com' is set on object 'Object Repository/Final Object Repo/Login Page/Internal User/Email Address'

2019-01-03 14:54:52 - [MESSAGE][PASSED] - Text 'test@liferay.com' is set on object 'Object Repository/Final Object Repo/Login Page/Internal User/Email Address'

2019-01-03 14:54:52 - [TEST_STEP][PASSED] - click: Object: 'Object Repository/Final Object Repo/Login Page/Internal User/Next Button' is clicked on

2019-01-03 14:54:53 - [MESSAGE][PASSED] - Object: 'Object Repository/Final Object Repo/Login Page/Internal User/Next Button' is clicked on

2019-01-03 14:54:53 - [TEST_STEP][PASSED] - delay: Delayed 2 second(s)

2019-01-03 14:54:55 - [MESSAGE][PASSED] - Delayed 2 second(s)

2019-01-03 14:54:55 - [TEST_STEP][PASSED] - setText: Text 'test' is set on object 'Object Repository/Final Object Repo/Login Page/Internal User/Password'

2019-01-03 14:54:55 - [MESSAGE][PASSED] - Text 'test' is set on object 'Object Repository/Final Object Repo/Login Page/Internal User/Password'

2019-01-03 14:54:55 - [TEST_STEP][PASSED] - delay: Delayed 2 second(s)

2019-01-03 14:54:57 - [MESSAGE][PASSED] - Delayed 2 second(s)

2019-01-03 14:54:57 - [TEST_STEP][PASSED] - click: Object: 'Object Repository/Final Object Repo/Login Page/Internal User/Login Button' is clicked on

2019-01-03 14:54:57 - [MESSAGE][PASSED] - Object: 'Object Repository/Final Object Repo/Login Page/Internal User/Login Button' is clicked on

2019-01-03 14:54:57 - [TEST_STEP][PASSED] - Statement - tester = com.kms.katalon.core.testobject.ObjectRepository.findTestObject(Final Object Repo/Landing Page/Select to English): Finding Test Object with id 'Object Repository/Final Object Repo/Landing Page/Select to English'

2019-01-03 14:54:57 - [TEST_STEP][PASSED] - Statement - Try: Delayed 2 second(s)

2019-01-03 14:54:57 - [TEST_STEP][PASSED] - Statement - Checker = com.kms.katalon.core.webui.keyword.WebUiBuiltInKeywords.verifyElementNotPresent(tester, 3): Web element with id: 'Object Repository/Final Object Repo/Landing Page/Select to English' located by 'By.xpath: //a[@class = 'taglib-language-list-text' and @lang = 'en-US' and (contains(text(), 'EN') or contains(., 'EN'))]' is not present after '3' second(s)

2019-01-03 14:54:59 - [MESSAGE][PASSED] - Web element with id: 'Object Repository/Final Object Repo/Landing Page/Select to English' located by 'By.xpath: //a[@class = 'taglib-language-list-text' and @lang = 'en-US' and (contains(text(), 'EN') or contains(., 'EN'))]' is not present after '3' second(s)

2019-01-03 14:54:59 - [TEST_STEP][PASSED] - Statement - If (Checker == false): null

2019-01-03 14:54:59 - [TEST_STEP][PASSED] - delay: Delayed 2 second(s)

2019-01-03 14:55:01 - [MESSAGE][PASSED] - Delayed 2 second(s)

2019-01-03 14:55:01 - [TEST_STEP][PASSED] - delay: Delayed 5 second(s)

2019-01-03 14:55:06 - [MESSAGE][PASSED] - Delayed 5 second(s)

2019-01-03 14:55:06 - [TEST_STEP][PASSED] - mouseOver: Object: 'Object Repository/Final Object Repo/Landing Page/WorkFlow Menu' is hovered

2019-01-03 14:55:06 - [MESSAGE][PASSED] - Object: 'Object Repository/Final Object Repo/Landing Page/WorkFlow Menu' is hovered

2019-01-03 14:55:06 - [TEST_STEP][PASSED] - delay: Delayed 2 second(s)

2019-01-03 14:55:08 - [MESSAGE][PASSED] - Delayed 2 second(s)

2019-01-03 14:55:08 - [TEST_STEP][PASSED] - click: Object: 'Object Repository/Final Object Repo/Landing Page/Select to Workflow Listing' is clicked on

2019-01-03 14:55:09 - [MESSAGE][PASSED] - Object: 'Object Repository/Final Object Repo/Landing Page/Select to Workflow Listing' is clicked on

2019-01-03 14:55:09 - [TEST_STEP][PASSED] - delay: Delayed 2 second(s)

2019-01-03 14:55:11 - [MESSAGE][PASSED] - Delayed 2 second(s)

2019-01-03 14:55:11 - [TEST_STEP][PASSED] - click: Object: 'Object Repository/Final Object Repo/WorkFlow Listing Page/Search Information - To Put Ref No' is clicked on

2019-01-03 14:55:11 - [MESSAGE][PASSED] - Object: 'Object Repository/Final Object Repo/WorkFlow Listing Page/Search Information - To Put Ref No' is clicked on

2019-01-03 14:55:11 - [TEST_STEP][PASSED] - delay: Delayed 2 second(s)

2019-01-03 14:55:13 - [MESSAGE][PASSED] - Delayed 2 second(s)

2019-01-03 14:55:13 - [TEST_STEP][PASSED] - callTestCase: Call Test Case 'Test Cases/Final Aug 2018 - PKS Automation/Common/Reference Number Getter' successfully

2019-01-03 14:55:13 - [TEST_CASE][PASSED] - Test Cases/Final Aug 2018 - PKS Automation/Common/Reference Number Getter: Test Cases/Final Aug 2018 - PKS Automation/Common/Reference Number Getter

2019-01-03 14:55:13 - [TEST_STEP][PASSED] - Statement - Try: null

2019-01-03 14:55:13 - [TEST_STEP][PASSED] - Statement - RefNo = new java.io.File(C://Users//Admin//Desktop//PKS//Automation Reference Point//KatalonReference.txt): null

2019-01-03 14:55:13 - [TEST_STEP][PASSED] - Statement - bufferread = new java.io.BufferedReader(new java.io.FileReader(RefNo)): null

2019-01-03 14:55:13 - [TEST_STEP][PASSED] - Statement - readedVal = bufferread.readLine(): null

2019-01-03 14:55:13 - [TEST_STEP][PASSED] - Statement - out.println(CaseReferenceNo): null

2019-01-03 14:55:13 - [TEST_STEP][PASSED] - Statement - out.println(readedVal): null

2019-01-03 14:55:13 - [TEST_STEP][PASSED] - Statement - CaseReferenceNo = "": null

2019-01-03 14:55:13 - [TEST_STEP][PASSED] - Statement - CaseReferenceNo = readedVal: null

2019-01-03 14:55:13 - [MESSAGE][PASSED] - Call Test Case 'Test Cases/Final Aug 2018 - PKS Automation/Common/Reference Number Getter' successfully

2019-01-03 14:55:13 - [TEST_STEP][PASSED] - setText: Text 'ERN012019C200002585' is set on object 'Object Repository/Final Object Repo/WorkFlow Listing Page/Ref No Set Text'

2019-01-03 14:55:14 - [MESSAGE][PASSED] - Text 'ERN012019C200002585' is set on object 'Object Repository/Final Object Repo/WorkFlow Listing Page/Ref No Set Text'

2019-01-03 14:55:14 - [TEST_STEP][PASSED] - delay: Delayed 2 second(s)

2019-01-03 14:55:16 - [MESSAGE][PASSED] - Delayed 2 second(s)

2019-01-03 14:55:16 - [TEST_STEP][PASSED] - click: Object: 'Object Repository/Final Object Repo/WorkFlow Listing Page/Search Ref No Search Button' is clicked on

2019-01-03 14:55:16 - [MESSAGE][PASSED] - Object: 'Object Repository/Final Object Repo/WorkFlow Listing Page/Search Ref No Search Button' is clicked on

2019-01-03 14:55:16 - [TEST_STEP][PASSED] - delay: Delayed 6 second(s)

2019-01-03 14:55:22 - [MESSAGE][PASSED] - Delayed 6 second(s)

2019-01-03 14:55:22 - [TEST_STEP][PASSED] - click: Object: 'Object Repository/Final Object Repo/WorkFlow Listing Page/Click Continue Tooltip' is clicked on

2019-01-03 14:55:23 - [MESSAGE][PASSED] - Object: 'Object Repository/Final Object Repo/WorkFlow Listing Page/Click Continue Tooltip' is clicked on

2019-01-03 14:55:23 - [TEST_STEP][PASSED] - delay: Delayed 5 second(s)

2019-01-03 14:55:28 - [MESSAGE][PASSED] - Delayed 5 second(s)

2019-01-03 14:55:28 - [TEST_STEP][PASSED] - doubleClick: Object: 'Object Repository/Final Object Repo/WorkFlow Listing Page/Workflow Found - Listing 1' is double clicked on

2019-01-03 14:55:28 - [MESSAGE][PASSED] - Object: 'Object Repository/Final Object Repo/WorkFlow Listing Page/Workflow Found - Listing 1' is double clicked on

2019-01-03 14:55:28 - [TEST_STEP][PASSED] - Statement - println(OwnerID): null

2019-01-03 14:55:28 - [TEST_STEP][PASSED] - Statement - OwnerID = com.kms.katalon.core.webui.keyword.WebUiBuiltInKeywords.getText(com.kms.katalon.core.testobject.ObjectRepository.findTestObject(Final Object Repo/WorkFlow Listing Page/Workflow Found - Listing 1), STOP_ON_FAILURE): Text of object 'Object Repository/Final Object Repo/WorkFlow Listing Page/Workflow Found - Listing 1' is: 'JOHORuo3'

2019-01-03 14:55:28 - [MESSAGE][PASSED] - Text of object 'Object Repository/Final Object Repo/WorkFlow Listing Page/Workflow Found - Listing 1' is: 'JOHORuo3'

2019-01-03 14:55:28 - [TEST_STEP][PASSED] - Statement - OwnerID = OwnerID.toLowerCase() + "@gmail.com": null

2019-01-03 14:55:28 - [TEST_STEP][PASSED] - Statement - println(OwnerID): null

2019-01-03 14:55:28 - [TEST_STEP][PASSED] - delay: Delayed 2 second(s)

2019-01-03 14:55:30 - [MESSAGE][PASSED] - Delayed 2 second(s)

2019-01-03 14:55:30 - [MESSAGE][PASSED] - Call Test Case 'Test Cases/Final Aug 2018 - PKS Automation/Common/Workflow Owner Finder' successfully

2019-01-03 14:55:30 - [TEST_STEP][PASSED] - delay: Delayed 1 second(s)

2019-01-03 14:55:31 - [MESSAGE][PASSED] - Delayed 1 second(s)

2019-01-03 14:55:31 - [TEST_STEP][PASSED] - navigateToUrl: Navigate to 'https://assist2-uat.perkeso.gov.my/c/portal/logout' successfully

2019-01-03 14:55:32 - [MESSAGE][PASSED] - Navigate to 'https://assist2-uat.perkeso.gov.my/c/portal/logout' successfully

2019-01-03 14:55:32 - [TEST_STEP][PASSED] - delay: Delayed 1 second(s)

2019-01-03 14:55:33 - [MESSAGE][PASSED] - Delayed 1 second(s)

2019-01-03 14:55:33 - [TEST_STEP][PASSED] - callTestCase: Call Test Case 'Test Cases/Final Aug 2018 - PKS Automation/Registration Module/Workflow/Login and Search Case For Workflow' successfully

2019-01-03 14:55:33 - [TEST_CASE][PASSED] - Test Cases/Final Aug 2018 - PKS Automation/Registration Module/Workflow/Login and Search Case For Workflow: Test Cases/Final Aug 2018 - PKS Automation/Registration Module/Workflow/Login and Search Case For Workflow

2019-01-03 14:55:33 - [TEST_STEP][PASSED] - navigateToUrl: Navigate to 'https://assist2-uat.perkeso.gov.my/login' successfully

2019-01-03 14:55:33 - [MESSAGE][PASSED] - Navigate to 'https://assist2-uat.perkeso.gov.my/login' successfully

2019-01-03 14:55:33 - [TEST_STEP][PASSED] - setText: Text 'johoruo3@gmail.com' is set on object 'Object Repository/Final Object Repo/Login Page/Internal User/Email Address'

2019-01-03 14:55:34 - [MESSAGE][PASSED] - Text 'johoruo3@gmail.com' is set on object 'Object Repository/Final Object Repo/Login Page/Internal User/Email Address'

2019-01-03 14:55:34 - [TEST_STEP][PASSED] - click: Object: 'Object Repository/Final Object Repo/Login Page/Internal User/Next Button' is clicked on

2019-01-03 14:55:34 - [MESSAGE][PASSED] - Object: 'Object Repository/Final Object Repo/Login Page/Internal User/Next Button' is clicked on

2019-01-03 14:55:34 - [TEST_STEP][PASSED] - delay: Delayed 1 second(s)

2019-01-03 14:55:35 - [MESSAGE][PASSED] - Delayed 1 second(s)

2019-01-03 14:55:35 - [TEST_STEP][PASSED] - setEncryptedText: Text ****** has been set on object 'Object Repository/Final Object Repo/Login Page/Internal User/Password'

2019-01-03 14:55:35 - [MESSAGE][PASSED] - Text ****** has been set on object 'Object Repository/Final Object Repo/Login Page/Internal User/Password'

2019-01-03 14:55:35 - [TEST_STEP][PASSED] - click: Object: 'Object Repository/Final Object Repo/Login Page/Internal User/Login Button' is clicked on

2019-01-03 14:55:35 - [MESSAGE][PASSED] - Object: 'Object Repository/Final Object Repo/Login Page/Internal User/Login Button' is clicked on

2019-01-03 14:55:35 - [TEST_STEP][PASSED] - delay: Delayed 2 second(s)

2019-01-03 14:55:37 - [MESSAGE][PASSED] - Delayed 2 second(s)

2019-01-03 14:55:37 - [TEST_STEP][PASSED] - Statement - Try: Delayed 2 second(s)

2019-01-03 14:55:37 - [TEST_STEP][PASSED] - Statement - Checker = false: null

2019-01-03 14:55:37 - [TEST_STEP][PASSED] - Statement - Checker = com.kms.katalon.core.webui.keyword.WebUiBuiltInKeywords.verifyElementHasAttribute(com.kms.katalon.core.testobject.ObjectRepository.findTestObject(Final Object Repo/Landing Page/BM Detecting), "href", 20, OPTIONAL): Object 'Object Repository/Final Object Repo/Landing Page/BM Detecting' has attribute 'href'

2019-01-03 14:55:37 - [MESSAGE][PASSED] - Object 'Object Repository/Final Object Repo/Landing Page/BM Detecting' has attribute 'href'

2019-01-03 14:55:37 - [TEST_STEP][PASSED] - Statement - out.println(Checker): null

2019-01-03 14:55:37 - [TEST_STEP][PASSED] - Statement - If (Checker == false): null

2019-01-03 14:55:37 - [TEST_STEP][PASSED] - Statement - Else: null

2019-01-03 14:55:37 - [TEST_STEP][PASSED] - delay: Delayed 2 second(s)

2019-01-03 14:55:39 - [MESSAGE][PASSED] - Delayed 2 second(s)

2019-01-03 14:55:39 - [TEST_STEP][PASSED] - click: Object: 'Object Repository/Final Object Repo/Page_MyASSIST - ASSIST - Search Pending Case For Add Supporting Document/Search Information' is clicked on

2019-01-03 14:55:40 - [MESSAGE][PASSED] - Object: 'Object Repository/Final Object Repo/Page_MyASSIST - ASSIST - Search Pending Case For Add Supporting Document/Search Information' is clicked on

2019-01-03 14:55:40 - [TEST_STEP][PASSED] - delay: Delayed 3 second(s)

2019-01-03 14:55:43 - [MESSAGE][PASSED] - Delayed 3 second(s)

2019-01-03 14:55:43 - [TEST_STEP][PASSED] - sendKeys: Keys 'ERN012019C200002585' sent to object: 'Object Repository/Final Object Repo/Page_MyASSIST - ASSIST - Search Pending Case For Add Supporting Document/Reference No'

2019-01-03 14:55:43 - [MESSAGE][PASSED] - Keys 'ERN012019C200002585' sent to object: 'Object Repository/Final Object Repo/Page_MyASSIST - ASSIST - Search Pending Case For Add Supporting Document/Reference No'

2019-01-03 14:55:43 - [TEST_STEP][PASSED] - click: Object: 'Object Repository/Final Object Repo/Page_MyASSIST - ASSIST - Search Pending Case For Add Supporting Document/Search Reference No' is clicked on

2019-01-03 14:55:43 - [MESSAGE][PASSED] - Object: 'Object Repository/Final Object Repo/Page_MyASSIST - ASSIST - Search Pending Case For Add Supporting Document/Search Reference No' is clicked on

2019-01-03 14:55:43 - [TEST_STEP][PASSED] - delay: Delayed 2 second(s)

2019-01-03 14:55:45 - [MESSAGE][PASSED] - Delayed 2 second(s)

2019-01-03 14:55:45 - [TEST_STEP][PASSED] - click: Object: 'Object Repository/Final Object Repo/Page_MyASSIST - ASSIST - Search Pending Case For Add Supporting Document/Continue' is clicked on

2019-01-03 14:55:48 - [MESSAGE][PASSED] - Object: 'Object Repository/Final Object Repo/Page_MyASSIST - ASSIST - Search Pending Case For Add Supporting Document/Continue' is clicked on

2019-01-03 14:55:48 - [TEST_STEP][PASSED] - delay: Delayed 20 second(s)

2019-01-03 14:56:08 - [MESSAGE][PASSED] - Delayed 20 second(s)

2019-01-03 14:56:08 - [MESSAGE][PASSED] - Call Test Case 'Test Cases/Final Aug 2018 - PKS Automation/Registration Module/Workflow/Login and Search Case For Workflow' successfully

2019-01-03 14:56:08 - [TEST_STEP][PASSED] - click: Object: 'Object Repository/Final Object Repo/Page_Form 3 EIS - Cessation as Employer/Page_Form 3 EIS - Cessation as Employer (Approve)/Save  Continue in Form 3 Page' is clicked on

2019-01-03 14:56:09 - [MESSAGE][PASSED] - Object: 'Object Repository/Final Object Repo/Page_Form 3 EIS - Cessation as Employer/Page_Form 3 EIS - Cessation as Employer (Approve)/Save  Continue in Form 3 Page' is clicked on

2019-01-03 14:56:09 - [TEST_STEP][PASSED] - delay: Delayed 2 second(s)

2019-01-03 14:56:11 - [MESSAGE][PASSED] - Delayed 2 second(s)

2019-01-03 14:56:11 - [TEST_STEP][PASSED] - click: Object: 'Object Repository/Final Object Repo/Page_Form 3 EIS - Cessation as Employer/Page_Form 3 EIS - Cessation as Employer (Approve)/Save  Continue in Resigned Page' is clicked on

2019-01-03 14:56:11 - [MESSAGE][PASSED] - Object: 'Object Repository/Final Object Repo/Page_Form 3 EIS - Cessation as Employer/Page_Form 3 EIS - Cessation as Employer (Approve)/Save  Continue in Resigned Page' is clicked on

2019-01-03 14:56:11 - [TEST_STEP][PASSED] - delay: Delayed 2 second(s)

2019-01-03 14:56:13 - [MESSAGE][PASSED] - Delayed 2 second(s)

2019-01-03 14:56:13 - [TEST_STEP][PASSED] - click: Object: 'Object Repository/Final Object Repo/Page_Form 3 EIS - Cessation as Employer/Page_Form 3 EIS - Cessation as Employer (Approve)/Save  Continue in Uploading Page' is clicked on

2019-01-03 14:56:14 - [MESSAGE][PASSED] - Object: 'Object Repository/Final Object Repo/Page_Form 3 EIS - Cessation as Employer/Page_Form 3 EIS - Cessation as Employer (Approve)/Save  Continue in Uploading Page' is clicked on

2019-01-03 14:56:14 - [TEST_STEP][PASSED] - delay: Delayed 2 second(s)

2019-01-03 14:56:16 - [MESSAGE][PASSED] - Delayed 2 second(s)

2019-01-03 14:56:16 - [TEST_STEP][PASSED] - click: Object: 'Object Repository/Final Object Repo/Page_Form 3 EIS - Cessation as Employer/Page_Form 3 EIS - Cessation as Employer (Reject)/Reject' is clicked on

2019-01-03 14:56:19 - [MESSAGE][PASSED] - Object: 'Object Repository/Final Object Repo/Page_Form 3 EIS - Cessation as Employer/Page_Form 3 EIS - Cessation as Employer (Reject)/Reject' is clicked on

2019-01-03 14:56:19 - [TEST_STEP][PASSED] - delay: Delayed 2 second(s)

2019-01-03 14:56:21 - [MESSAGE][PASSED] - Delayed 2 second(s)

2019-01-03 14:56:21 - [TEST_STEP][PASSED] - click: Object: 'Object Repository/Final Object Repo/Page_Form 3 EIS - Cessation as Employer/Page_Form 3 EIS - Cessation as Employer (Reject)/Confirm' is clicked on

2019-01-03 14:56:21 - [MESSAGE][PASSED] - Object: 'Object Repository/Final Object Repo/Page_Form 3 EIS - Cessation as Employer/Page_Form 3 EIS - Cessation as Employer (Reject)/Confirm' is clicked on

2019-01-03 14:56:21 - [TEST_STEP][PASSED] - delay: Delayed 2 second(s)

2019-01-03 14:56:23 - [MESSAGE][PASSED] - Delayed 2 second(s)

2019-01-03 14:56:23 - [TEST_STEP][PASSED] - click: Object: 'Object Repository/Final Object Repo/Page_Form 3 EIS - Cessation as Employer/Page_Form 3 EIS - Cessation as Employer (Reject)/Message This Case has been Rejected' is clicked on

2019-01-03 14:56:27 - [MESSAGE][PASSED] - Object: 'Object Repository/Final Object Repo/Page_Form 3 EIS - Cessation as Employer/Page_Form 3 EIS - Cessation as Employer (Reject)/Message This Case has been Rejected' is clicked on

2019-01-03 14:56:27 - [TEST_STEP][PASSED] - click: Object: 'Object Repository/Final Object Repo/Page_Form 3 EIS - Cessation as Employer/Page_Form 3 EIS - Cessation as Employer (Reject)/Letter of update rejection' is clicked on

2019-01-03 14:56:28 - [MESSAGE][PASSED] - Object: 'Object Repository/Final Object Repo/Page_Form 3 EIS - Cessation as Employer/Page_Form 3 EIS - Cessation as Employer (Reject)/Letter of update rejection' is clicked on

2019-01-03 14:56:28 - [MESSAGE][PASSED] - Call Test Case 'Test Cases/Final Aug 2018 - PKS Automation/Registration Module/Workflow/Form 3 EIS - Cessation As Employer/Template/Form 3 A - Cessation As Employer (Reject)' successfully]]></system-out>
         <system-err><![CDATA[]]></system-err>
      </testcase>
      <testcase name="Test Cases/Final Aug 2018 - PKS Automation/Registration Module/Workflow/Form 3 EIS - Cessation As Employer/PKRBO to UO (Under enforcement)" classname="Test Cases/Final Aug 2018 - PKS Automation/Registration Module/Workflow/Form 3 EIS - Cessation As Employer/PKRBO to UO (Under enforcement)" status="PASSED">
         <system-out><![CDATA[2019-01-03 14:56:28 - [TEST_CASE][PASSED] - Test Cases/Final Aug 2018 - PKS Automation/Registration Module/Workflow/Form 3 EIS - Cessation As Employer/PKRBO to UO (Under enforcement): Test Cases/Final Aug 2018 - PKS Automation/Registration Module/Workflow/Form 3 EIS - Cessation As Employer/PKRBO to UO (Under enforcement)

2019-01-03 14:56:28 - [TEST_STEP][PASSED] - callTestCase: Call Test Case 'Test Cases/Final Aug 2018 - PKS Automation/Registration Module/Workflow/Form 3 EIS - Cessation As Employer/Template/Form 3 A - Cessation As Employer (PKRBO)' successfully

2019-01-03 14:56:28 - [TEST_CASE][PASSED] - Test Cases/Final Aug 2018 - PKS Automation/Registration Module/Workflow/Form 3 EIS - Cessation As Employer/Template/Form 3 A - Cessation As Employer (PKRBO): Test Cases/Final Aug 2018 - PKS Automation/Registration Module/Workflow/Form 3 EIS - Cessation As Employer/Template/Form 3 A - Cessation As Employer (PKRBO)

2019-01-03 14:56:28 - [TEST_STEP][PASSED] - openBrowser: Browser is opened with url: ''

2019-01-03 14:56:28 - [MESSAGE][WARNING] - A browser is already opened. Closing browser and opening a new one

2019-01-03 14:56:32 - [MESSAGE][PASSED] - Browser is opened with url: ''

2019-01-03 14:56:32 - [TEST_STEP][PASSED] - navigateToUrl: Navigate to 'https://assist2-uat.perkeso.gov.my/login' successfully

2019-01-03 14:56:33 - [MESSAGE][PASSED] - Navigate to 'https://assist2-uat.perkeso.gov.my/login' successfully

2019-01-03 14:56:33 - [TEST_STEP][PASSED] - setText: Text 'johorpkrbo1@gmail.com' is set on object 'Object Repository/Final Object Repo/Login Page/Internal User/Email Address'

2019-01-03 14:56:33 - [MESSAGE][PASSED] - Text 'johorpkrbo1@gmail.com' is set on object 'Object Repository/Final Object Repo/Login Page/Internal User/Email Address'

2019-01-03 14:56:33 - [TEST_STEP][PASSED] - click: Object: 'Object Repository/Final Object Repo/Login Page/Internal User/Next Button' is clicked on

2019-01-03 14:56:33 - [MESSAGE][PASSED] - Object: 'Object Repository/Final Object Repo/Login Page/Internal User/Next Button' is clicked on

2019-01-03 14:56:33 - [TEST_STEP][PASSED] - delay: Delayed 1 second(s)

2019-01-03 14:56:34 - [MESSAGE][PASSED] - Delayed 1 second(s)

2019-01-03 14:56:34 - [TEST_STEP][PASSED] - setEncryptedText: Text ****** has been set on object 'Object Repository/Final Object Repo/Login Page/Internal User/Password'

2019-01-03 14:56:35 - [MESSAGE][PASSED] - Text ****** has been set on object 'Object Repository/Final Object Repo/Login Page/Internal User/Password'

2019-01-03 14:56:35 - [TEST_STEP][PASSED] - click: Object: 'Object Repository/Final Object Repo/Login Page/Internal User/Login Button' is clicked on

2019-01-03 14:56:35 - [MESSAGE][PASSED] - Object: 'Object Repository/Final Object Repo/Login Page/Internal User/Login Button' is clicked on

2019-01-03 14:56:35 - [TEST_STEP][PASSED] - delay: Delayed 1 second(s)

2019-01-03 14:56:36 - [MESSAGE][PASSED] - Delayed 1 second(s)

2019-01-03 14:56:36 - [TEST_STEP][PASSED] - Statement - Try: Delayed 2 second(s)

2019-01-03 14:56:36 - [TEST_STEP][PASSED] - Statement - Checker = false: null

2019-01-03 14:56:36 - [TEST_STEP][PASSED] - Statement - Checker = com.kms.katalon.core.webui.keyword.WebUiBuiltInKeywords.verifyElementHasAttribute(com.kms.katalon.core.testobject.ObjectRepository.findTestObject(Final Object Repo/Landing Page/BM Detecting), "href", 20, OPTIONAL): Object 'Object Repository/Final Object Repo/Landing Page/BM Detecting' has attribute 'href'

2019-01-03 14:56:37 - [MESSAGE][PASSED] - Object 'Object Repository/Final Object Repo/Landing Page/BM Detecting' has attribute 'href'

2019-01-03 14:56:37 - [TEST_STEP][PASSED] - Statement - out.println(Checker): null

2019-01-03 14:56:37 - [TEST_STEP][PASSED] - Statement - If (Checker == false): null

2019-01-03 14:56:37 - [TEST_STEP][PASSED] - Statement - Else: null

2019-01-03 14:56:37 - [TEST_STEP][PASSED] - delay: Delayed 2 second(s)

2019-01-03 14:56:39 - [MESSAGE][PASSED] - Delayed 2 second(s)

2019-01-03 14:56:39 - [TEST_STEP][PASSED] - navigateToUrl: Navigate to 'https://assist2-uat.perkeso.gov.my/web/registration/eis-update/form-3-eis-cessation-as-employer' successfully

2019-01-03 14:56:39 - [MESSAGE][PASSED] - Navigate to 'https://assist2-uat.perkeso.gov.my/web/registration/eis-update/form-3-eis-cessation-as-employer' successfully

2019-01-03 14:56:39 - [TEST_STEP][PASSED] - delay: Delayed 1 second(s)

2019-01-03 14:56:40 - [MESSAGE][PASSED] - Delayed 1 second(s)

2019-01-03 14:56:40 - [TEST_STEP][PASSED] - setText: Text 'E1102069769W' is set on object 'Object Repository/Final Object Repo/Page_Form 3 EIS - Cessation as Employer/Employer Code'

2019-01-03 14:56:41 - [MESSAGE][PASSED] - Text 'E1102069769W' is set on object 'Object Repository/Final Object Repo/Page_Form 3 EIS - Cessation as Employer/Employer Code'

2019-01-03 14:56:41 - [TEST_STEP][PASSED] - click: Object: 'Object Repository/Final Object Repo/Page_Form 3 EIS - Cessation as Employer/Search' is clicked on

2019-01-03 14:56:41 - [MESSAGE][PASSED] - Object: 'Object Repository/Final Object Repo/Page_Form 3 EIS - Cessation as Employer/Search' is clicked on

2019-01-03 14:56:41 - [TEST_STEP][PASSED] - click: Object: 'Object Repository/Final Object Repo/Page_Form 3 EIS - Cessation as Employer/Edit' is clicked on

2019-01-03 14:56:43 - [MESSAGE][PASSED] - Object: 'Object Repository/Final Object Repo/Page_Form 3 EIS - Cessation as Employer/Edit' is clicked on

2019-01-03 14:56:43 - [TEST_STEP][PASSED] - delay: Delayed 1 second(s)

2019-01-03 14:56:44 - [MESSAGE][PASSED] - Delayed 1 second(s)

2019-01-03 14:56:44 - [TEST_STEP][PASSED] - Statement - abc = com.kms.katalon.core.webui.keyword.WebUiBuiltInKeywords.getAttribute(com.kms.katalon.core.testobject.ObjectRepository.findTestObject(Final Object Repo/Page_Form 3 EIS - Cessation as Employer/Employer Status), "value"): Attribute 'value' of object 'Object Repository/Final Object Repo/Page_Form 3 EIS - Cessation as Employer/Employer Status' is: 'Active'

2019-01-03 14:56:44 - [MESSAGE][PASSED] - Attribute 'value' of object 'Object Repository/Final Object Repo/Page_Form 3 EIS - Cessation as Employer/Employer Status' is: 'Active'

2019-01-03 14:56:44 - [TEST_STEP][PASSED] - Statement - out.println(abc): null

2019-01-03 14:56:44 - [TEST_STEP][PASSED] - Statement - If (abc == "Active"): Object: 'Object Repository/Final Object Repo/Page_Form 3 EIS - Cessation as Employer/Dormant EIS' is clicked on

2019-01-03 14:56:44 - [TEST_STEP][PASSED] - click: Object: 'Object Repository/Final Object Repo/Page_Form 3 EIS - Cessation as Employer/Change Employer Status to' is clicked on

2019-01-03 14:56:45 - [MESSAGE][PASSED] - Object: 'Object Repository/Final Object Repo/Page_Form 3 EIS - Cessation as Employer/Change Employer Status to' is clicked on

2019-01-03 14:56:45 - [TEST_STEP][PASSED] - click: Object: 'Object Repository/Final Object Repo/Page_Form 3 EIS - Cessation as Employer/Dormant EIS' is clicked on

2019-01-03 14:56:45 - [MESSAGE][PASSED] - Object: 'Object Repository/Final Object Repo/Page_Form 3 EIS - Cessation as Employer/Dormant EIS' is clicked on

2019-01-03 14:56:45 - [TEST_STEP][PASSED] - click: Object: 'Object Repository/Final Object Repo/Page_Form 3 EIS - Cessation as Employer/Calender' is clicked on

2019-01-03 14:56:45 - [MESSAGE][PASSED] - Object: 'Object Repository/Final Object Repo/Page_Form 3 EIS - Cessation as Employer/Calender' is clicked on

2019-01-03 14:56:45 - [TEST_STEP][PASSED] - delay: Delayed 1 second(s)

2019-01-03 14:56:46 - [MESSAGE][PASSED] - Delayed 1 second(s)

2019-01-03 14:56:46 - [TEST_STEP][PASSED] - click: Object: 'Object Repository/Final Object Repo/Page_Form 3 EIS - Cessation as Employer/Calender - Date' is clicked on

2019-01-03 14:56:46 - [MESSAGE][PASSED] - Object: 'Object Repository/Final Object Repo/Page_Form 3 EIS - Cessation as Employer/Calender - Date' is clicked on

2019-01-03 14:56:46 - [TEST_STEP][PASSED] - click: Object: 'Object Repository/Final Object Repo/Page_Form 3 EIS - Cessation as Employer/Save  Continue in Form 3 EIS Page' is clicked on

2019-01-03 14:56:46 - [MESSAGE][PASSED] - Object: 'Object Repository/Final Object Repo/Page_Form 3 EIS - Cessation as Employer/Save  Continue in Form 3 EIS Page' is clicked on

2019-01-03 14:56:46 - [TEST_STEP][PASSED] - delay: Delayed 1 second(s)

2019-01-03 14:56:47 - [MESSAGE][PASSED] - Delayed 1 second(s)

2019-01-03 14:56:47 - [TEST_STEP][PASSED] - click: Object: 'Object Repository/Final Object Repo/Page_Form 3 EIS - Cessation as Employer/Employment Resign Date' is clicked on

2019-01-03 14:56:48 - [MESSAGE][PASSED] - Object: 'Object Repository/Final Object Repo/Page_Form 3 EIS - Cessation as Employer/Employment Resign Date' is clicked on

2019-01-03 14:56:48 - [TEST_STEP][PASSED] - selectOptionByValue: All options with value '2030' are selected in object 'Object Repository/Final Object Repo/Page_Form 3 EIS - Cessation as Employer/Employment Resign Date - Year' 

2019-01-03 14:56:48 - [MESSAGE][PASSED] - All options with value '2030' are selected in object 'Object Repository/Final Object Repo/Page_Form 3 EIS - Cessation as Employer/Employment Resign Date - Year' 

2019-01-03 14:56:48 - [TEST_STEP][PASSED] - delay: Delayed 2 second(s)

2019-01-03 14:56:50 - [MESSAGE][PASSED] - Delayed 2 second(s)

2019-01-03 14:56:50 - [TEST_STEP][PASSED] - click: Object: 'Object Repository/Final Object Repo/Page_Form 3 EIS - Cessation as Employer/Employment Resign Date - Year - Date' is clicked on

2019-01-03 14:56:50 - [MESSAGE][PASSED] - Object: 'Object Repository/Final Object Repo/Page_Form 3 EIS - Cessation as Employer/Employment Resign Date - Year - Date' is clicked on

2019-01-03 14:56:50 - [TEST_STEP][PASSED] - delay: Delayed 2 second(s)

2019-01-03 14:56:52 - [MESSAGE][PASSED] - Delayed 2 second(s)

2019-01-03 14:56:52 - [TEST_STEP][PASSED] - click: Object: 'Object Repository/Final Object Repo/Page_Form 3 EIS - Cessation as Employer/Save  Continue in Employment Resign Page' is clicked on

2019-01-03 14:56:52 - [MESSAGE][PASSED] - Object: 'Object Repository/Final Object Repo/Page_Form 3 EIS - Cessation as Employer/Save  Continue in Employment Resign Page' is clicked on

2019-01-03 14:56:52 - [TEST_STEP][PASSED] - delay: Delayed 2 second(s)

2019-01-03 14:56:54 - [MESSAGE][PASSED] - Delayed 2 second(s)

2019-01-03 14:56:54 - [TEST_STEP][PASSED] - click: Object: 'Object Repository/Final Object Repo/Page_Form 3 EIS - Cessation as Employer/Set Latest - Yes' is clicked on

2019-01-03 14:56:55 - [MESSAGE][PASSED] - Object: 'Object Repository/Final Object Repo/Page_Form 3 EIS - Cessation as Employer/Set Latest - Yes' is clicked on

2019-01-03 14:56:55 - [TEST_STEP][PASSED] - delay: Delayed 2 second(s)

2019-01-03 14:56:57 - [MESSAGE][PASSED] - Delayed 2 second(s)

2019-01-03 14:56:57 - [TEST_STEP][PASSED] - click: Object: 'Object Repository/Final Object Repo/Page_Form 3 EIS - Cessation as Employer/Add Document' is clicked on

2019-01-03 14:56:58 - [MESSAGE][PASSED] - Object: 'Object Repository/Final Object Repo/Page_Form 3 EIS - Cessation as Employer/Add Document' is clicked on

2019-01-03 14:56:58 - [TEST_STEP][PASSED] - delay: Delayed 3 second(s)

2019-01-03 14:57:01 - [MESSAGE][PASSED] - Delayed 3 second(s)

2019-01-03 14:57:01 - [TEST_STEP][PASSED] - click: Object: 'Object Repository/Final Object Repo/Page_Form 3 EIS - Cessation as Employer/Document Type' is clicked on

2019-01-03 14:57:01 - [MESSAGE][PASSED] - Object: 'Object Repository/Final Object Repo/Page_Form 3 EIS - Cessation as Employer/Document Type' is clicked on

2019-01-03 14:57:01 - [TEST_STEP][PASSED] - click: Object: 'Object Repository/Final Object Repo/Page_Form 3 EIS - Cessation as Employer/Document Type - Form 3' is clicked on

2019-01-03 14:57:01 - [MESSAGE][PASSED] - Object: 'Object Repository/Final Object Repo/Page_Form 3 EIS - Cessation as Employer/Document Type - Form 3' is clicked on

2019-01-03 14:57:01 - [TEST_STEP][PASSED] - delay: Delayed 2 second(s)

2019-01-03 14:57:03 - [MESSAGE][PASSED] - Delayed 2 second(s)

2019-01-03 14:57:03 - [TEST_STEP][PASSED] - sendKeys: Keys 'C:\Users\Public\Pictures\Sample Pictures\Koala.jpg' sent to object: 'Object Repository/Final Object Repo/Page_Form 3 EIS - Cessation as Employer/ploading File'

2019-01-03 14:57:04 - [MESSAGE][PASSED] - Keys 'C:\Users\Public\Pictures\Sample Pictures\Koala.jpg' sent to object: 'Object Repository/Final Object Repo/Page_Form 3 EIS - Cessation as Employer/ploading File'

2019-01-03 14:57:04 - [TEST_STEP][PASSED] - delay: Delayed 1 second(s)

2019-01-03 14:57:05 - [MESSAGE][PASSED] - Delayed 1 second(s)

2019-01-03 14:57:05 - [TEST_STEP][PASSED] - click: Object: 'Object Repository/Final Object Repo/Page_Form 3 EIS - Cessation as Employer/Add Document in Uploading Page' is clicked on

2019-01-03 14:57:05 - [MESSAGE][PASSED] - Object: 'Object Repository/Final Object Repo/Page_Form 3 EIS - Cessation as Employer/Add Document in Uploading Page' is clicked on

2019-01-03 14:57:05 - [TEST_STEP][PASSED] - delay: Delayed 2 second(s)

2019-01-03 14:57:07 - [MESSAGE][PASSED] - Delayed 2 second(s)

2019-01-03 14:57:07 - [TEST_STEP][PASSED] - Statement - CaseReferenceNo = com.kms.katalon.core.webui.keyword.WebUiBuiltInKeywords.getText(com.kms.katalon.core.testobject.ObjectRepository.findTestObject(Final Object Repo/Page_Update Employer Information/Reference Number in Update Employee Information Page)): Text of object 'Object Repository/Final Object Repo/Page_Update Employer Information/Reference Number in Update Employee Information Page' is: 'ERN012019C200002586'

2019-01-03 14:57:09 - [MESSAGE][PASSED] - Text of object 'Object Repository/Final Object Repo/Page_Update Employer Information/Reference Number in Update Employee Information Page' is: 'ERN012019C200002586'

2019-01-03 14:57:09 - [TEST_STEP][PASSED] - callTestCase: Call Test Case 'Test Cases/Final Aug 2018 - PKS Automation/Common/Reference Number Setter' successfully

2019-01-03 14:57:09 - [TEST_CASE][PASSED] - Test Cases/Final Aug 2018 - PKS Automation/Common/Reference Number Setter: Test Cases/Final Aug 2018 - PKS Automation/Common/Reference Number Setter

2019-01-03 14:57:09 - [TEST_STEP][PASSED] - Statement - RefNoOldFile = new java.io.File(C://Users//Admin//Desktop//PKS//Automation Reference Point//KatalonReference.txt): null

2019-01-03 14:57:09 - [TEST_STEP][PASSED] - Statement - RefNoOldFile.delete(): null

2019-01-03 14:57:09 - [TEST_STEP][PASSED] - delay: Delayed 5 second(s)

2019-01-03 14:57:14 - [MESSAGE][PASSED] - Delayed 5 second(s)

2019-01-03 14:57:14 - [TEST_STEP][PASSED] - Statement - RefNo = new java.io.File(C://Users//Admin//Desktop//PKS//Automation Reference Point//KatalonReference.txt): null

2019-01-03 14:57:14 - [TEST_STEP][PASSED] - Statement - f2 = new java.io.FileWriter(RefNo, false): null

2019-01-03 14:57:14 - [TEST_STEP][PASSED] - Statement - f2.write(CaseReferenceNo): null

2019-01-03 14:57:14 - [TEST_STEP][PASSED] - Statement - f2.close(): null

2019-01-03 14:57:14 - [TEST_STEP][PASSED] - Statement - out.println("


" + CaseReferenceNo + "


"): null

2019-01-03 14:57:14 - [MESSAGE][PASSED] - Call Test Case 'Test Cases/Final Aug 2018 - PKS Automation/Common/Reference Number Setter' successfully

2019-01-03 14:57:14 - [TEST_STEP][PASSED] - delay: Delayed 2 second(s)

2019-01-03 14:57:16 - [MESSAGE][PASSED] - Delayed 2 second(s)

2019-01-03 14:57:16 - [TEST_STEP][PASSED] - click: Object: 'Object Repository/Final Object Repo/Page_Form 3 EIS - Cessation as Employer/Save  Continue in Uploading Page' is clicked on

2019-01-03 14:57:16 - [MESSAGE][PASSED] - Object: 'Object Repository/Final Object Repo/Page_Form 3 EIS - Cessation as Employer/Save  Continue in Uploading Page' is clicked on

2019-01-03 14:57:16 - [TEST_STEP][PASSED] - delay: Delayed 2 second(s)

2019-01-03 14:57:18 - [MESSAGE][PASSED] - Delayed 2 second(s)

2019-01-03 14:57:18 - [TEST_STEP][PASSED] - click: Object: 'Object Repository/Final Object Repo/Page_Form 3 EIS - Cessation as Employer/Submit' is clicked on

2019-01-03 14:57:22 - [MESSAGE][PASSED] - Object: 'Object Repository/Final Object Repo/Page_Form 3 EIS - Cessation as Employer/Submit' is clicked on

2019-01-03 14:57:22 - [TEST_STEP][PASSED] - delay: Delayed 2 second(s)

2019-01-03 14:57:24 - [MESSAGE][PASSED] - Delayed 2 second(s)

2019-01-03 14:57:24 - [TEST_STEP][PASSED] - click: Object: 'Object Repository/Final Object Repo/Page_Form 3 EIS - Cessation as Employer/Confirm' is clicked on

2019-01-03 14:57:24 - [MESSAGE][PASSED] - Object: 'Object Repository/Final Object Repo/Page_Form 3 EIS - Cessation as Employer/Confirm' is clicked on

2019-01-03 14:57:24 - [TEST_STEP][PASSED] - delay: Delayed 2 second(s)

2019-01-03 14:57:26 - [MESSAGE][PASSED] - Delayed 2 second(s)

2019-01-03 14:57:26 - [TEST_STEP][PASSED] - click: Object: 'Object Repository/Final Object Repo/Page_Form 3 EIS - Cessation as Employer/Message Your Request will be routed to UO' is clicked on

2019-01-03 14:57:29 - [MESSAGE][PASSED] - Object: 'Object Repository/Final Object Repo/Page_Form 3 EIS - Cessation as Employer/Message Your Request will be routed to UO' is clicked on

2019-01-03 14:57:29 - [TEST_STEP][PASSED] - click: Object: 'Object Repository/Final Object Repo/Page_Form 3 EIS - Cessation as Employer/Letter of acknowledgement' is clicked on

2019-01-03 14:57:30 - [MESSAGE][PASSED] - Object: 'Object Repository/Final Object Repo/Page_Form 3 EIS - Cessation as Employer/Letter of acknowledgement' is clicked on

2019-01-03 14:57:30 - [MESSAGE][PASSED] - Call Test Case 'Test Cases/Final Aug 2018 - PKS Automation/Registration Module/Workflow/Form 3 EIS - Cessation As Employer/Template/Form 3 A - Cessation As Employer (PKRBO)' successfully

2019-01-03 14:57:30 - [TEST_STEP][PASSED] - callTestCase: Call Test Case 'Test Cases/Final Aug 2018 - PKS Automation/Registration Module/Workflow/Form 3 EIS - Cessation As Employer/Template/Form 3 A - Cessation As Employer (Under enforcement)' successfully

2019-01-03 14:57:30 - [TEST_CASE][PASSED] - Test Cases/Final Aug 2018 - PKS Automation/Registration Module/Workflow/Form 3 EIS - Cessation As Employer/Template/Form 3 A - Cessation As Employer (Under enforcement): Test Cases/Final Aug 2018 - PKS Automation/Registration Module/Workflow/Form 3 EIS - Cessation As Employer/Template/Form 3 A - Cessation As Employer (Under enforcement)

2019-01-03 14:57:30 - [TEST_STEP][NOT_RUN] - callTestCase: NOT_RUN: callTestCase

2019-01-03 14:57:30 - [MESSAGE][NOT_RUN] - NOT_RUN: callTestCase

2019-01-03 14:57:30 - [TEST_STEP][PASSED] - delay: Delayed 1 second(s)

2019-01-03 14:57:31 - [MESSAGE][PASSED] - Delayed 1 second(s)

2019-01-03 14:57:31 - [TEST_STEP][PASSED] - navigateToUrl: Navigate to 'https://assist2-uat.perkeso.gov.my/c/portal/logout' successfully

2019-01-03 14:57:31 - [MESSAGE][PASSED] - Navigate to 'https://assist2-uat.perkeso.gov.my/c/portal/logout' successfully

2019-01-03 14:57:31 - [TEST_STEP][PASSED] - delay: Delayed 1 second(s)

2019-01-03 14:57:32 - [MESSAGE][PASSED] - Delayed 1 second(s)

2019-01-03 14:57:32 - [TEST_STEP][PASSED] - callTestCase: Call Test Case 'Test Cases/Final Aug 2018 - PKS Automation/Common/Reference Number Getter' successfully

2019-01-03 14:57:32 - [TEST_CASE][PASSED] - Test Cases/Final Aug 2018 - PKS Automation/Common/Reference Number Getter: Test Cases/Final Aug 2018 - PKS Automation/Common/Reference Number Getter

2019-01-03 14:57:32 - [TEST_STEP][PASSED] - Statement - Try: null

2019-01-03 14:57:32 - [TEST_STEP][PASSED] - Statement - RefNo = new java.io.File(C://Users//Admin//Desktop//PKS//Automation Reference Point//KatalonReference.txt): null

2019-01-03 14:57:32 - [TEST_STEP][PASSED] - Statement - bufferread = new java.io.BufferedReader(new java.io.FileReader(RefNo)): null

2019-01-03 14:57:32 - [TEST_STEP][PASSED] - Statement - readedVal = bufferread.readLine(): null

2019-01-03 14:57:32 - [TEST_STEP][PASSED] - Statement - out.println(CaseReferenceNo): null

2019-01-03 14:57:32 - [TEST_STEP][PASSED] - Statement - out.println(readedVal): null

2019-01-03 14:57:32 - [TEST_STEP][PASSED] - Statement - CaseReferenceNo = "": null

2019-01-03 14:57:32 - [TEST_STEP][PASSED] - Statement - CaseReferenceNo = readedVal: null

2019-01-03 14:57:32 - [MESSAGE][PASSED] - Call Test Case 'Test Cases/Final Aug 2018 - PKS Automation/Common/Reference Number Getter' successfully

2019-01-03 14:57:32 - [TEST_STEP][PASSED] - callTestCase: Call Test Case 'Test Cases/Final Aug 2018 - PKS Automation/Common/Workflow Owner Finder' successfully

2019-01-03 14:57:32 - [TEST_CASE][PASSED] - Test Cases/Final Aug 2018 - PKS Automation/Common/Workflow Owner Finder: Test Cases/Final Aug 2018 - PKS Automation/Common/Workflow Owner Finder

2019-01-03 14:57:32 - [TEST_STEP][PASSED] - openBrowser: Browser is opened with url: ''

2019-01-03 14:57:32 - [MESSAGE][WARNING] - A browser is already opened. Closing browser and opening a new one

2019-01-03 14:57:36 - [MESSAGE][PASSED] - Browser is opened with url: ''

2019-01-03 14:57:36 - [TEST_STEP][PASSED] - navigateToUrl: Navigate to 'https://assist2-uat.perkeso.gov.my/login' successfully

2019-01-03 14:57:37 - [MESSAGE][PASSED] - Navigate to 'https://assist2-uat.perkeso.gov.my/login' successfully

2019-01-03 14:57:37 - [TEST_STEP][PASSED] - delay: Delayed 5 second(s)

2019-01-03 14:57:42 - [MESSAGE][PASSED] - Delayed 5 second(s)

2019-01-03 14:57:42 - [TEST_STEP][PASSED] - setText: Text 'test@liferay.com' is set on object 'Object Repository/Final Object Repo/Login Page/Internal User/Email Address'

2019-01-03 14:57:43 - [MESSAGE][PASSED] - Text 'test@liferay.com' is set on object 'Object Repository/Final Object Repo/Login Page/Internal User/Email Address'

2019-01-03 14:57:43 - [TEST_STEP][PASSED] - click: Object: 'Object Repository/Final Object Repo/Login Page/Internal User/Next Button' is clicked on

2019-01-03 14:57:43 - [MESSAGE][PASSED] - Object: 'Object Repository/Final Object Repo/Login Page/Internal User/Next Button' is clicked on

2019-01-03 14:57:43 - [TEST_STEP][PASSED] - delay: Delayed 2 second(s)

2019-01-03 14:57:45 - [MESSAGE][PASSED] - Delayed 2 second(s)

2019-01-03 14:57:45 - [TEST_STEP][PASSED] - setText: Text 'test' is set on object 'Object Repository/Final Object Repo/Login Page/Internal User/Password'

2019-01-03 14:57:45 - [MESSAGE][PASSED] - Text 'test' is set on object 'Object Repository/Final Object Repo/Login Page/Internal User/Password'

2019-01-03 14:57:45 - [TEST_STEP][PASSED] - delay: Delayed 2 second(s)

2019-01-03 14:57:47 - [MESSAGE][PASSED] - Delayed 2 second(s)

2019-01-03 14:57:47 - [TEST_STEP][PASSED] - click: Object: 'Object Repository/Final Object Repo/Login Page/Internal User/Login Button' is clicked on

2019-01-03 14:57:47 - [MESSAGE][PASSED] - Object: 'Object Repository/Final Object Repo/Login Page/Internal User/Login Button' is clicked on

2019-01-03 14:57:47 - [TEST_STEP][PASSED] - Statement - tester = com.kms.katalon.core.testobject.ObjectRepository.findTestObject(Final Object Repo/Landing Page/Select to English): Finding Test Object with id 'Object Repository/Final Object Repo/Landing Page/Select to English'

2019-01-03 14:57:47 - [TEST_STEP][PASSED] - Statement - Try: Delayed 2 second(s)

2019-01-03 14:57:47 - [TEST_STEP][PASSED] - Statement - Checker = com.kms.katalon.core.webui.keyword.WebUiBuiltInKeywords.verifyElementNotPresent(tester, 3): Web element with id: 'Object Repository/Final Object Repo/Landing Page/Select to English' located by 'By.xpath: //a[@class = 'taglib-language-list-text' and @lang = 'en-US' and (contains(text(), 'EN') or contains(., 'EN'))]' is not present after '3' second(s)

2019-01-03 14:57:49 - [MESSAGE][PASSED] - Web element with id: 'Object Repository/Final Object Repo/Landing Page/Select to English' located by 'By.xpath: //a[@class = 'taglib-language-list-text' and @lang = 'en-US' and (contains(text(), 'EN') or contains(., 'EN'))]' is not present after '3' second(s)

2019-01-03 14:57:49 - [TEST_STEP][PASSED] - Statement - If (Checker == false): null

2019-01-03 14:57:49 - [TEST_STEP][PASSED] - delay: Delayed 2 second(s)

2019-01-03 14:57:51 - [MESSAGE][PASSED] - Delayed 2 second(s)

2019-01-03 14:57:51 - [TEST_STEP][PASSED] - delay: Delayed 5 second(s)

2019-01-03 14:57:56 - [MESSAGE][PASSED] - Delayed 5 second(s)

2019-01-03 14:57:56 - [TEST_STEP][PASSED] - mouseOver: Object: 'Object Repository/Final Object Repo/Landing Page/WorkFlow Menu' is hovered

2019-01-03 14:57:56 - [MESSAGE][PASSED] - Object: 'Object Repository/Final Object Repo/Landing Page/WorkFlow Menu' is hovered

2019-01-03 14:57:56 - [TEST_STEP][PASSED] - delay: Delayed 2 second(s)

2019-01-03 14:57:58 - [MESSAGE][PASSED] - Delayed 2 second(s)

2019-01-03 14:57:58 - [TEST_STEP][PASSED] - click: Object: 'Object Repository/Final Object Repo/Landing Page/Select to Workflow Listing' is clicked on

2019-01-03 14:57:59 - [MESSAGE][PASSED] - Object: 'Object Repository/Final Object Repo/Landing Page/Select to Workflow Listing' is clicked on

2019-01-03 14:57:59 - [TEST_STEP][PASSED] - delay: Delayed 2 second(s)

2019-01-03 14:58:01 - [MESSAGE][PASSED] - Delayed 2 second(s)

2019-01-03 14:58:01 - [TEST_STEP][PASSED] - click: Object: 'Object Repository/Final Object Repo/WorkFlow Listing Page/Search Information - To Put Ref No' is clicked on

2019-01-03 14:58:01 - [MESSAGE][PASSED] - Object: 'Object Repository/Final Object Repo/WorkFlow Listing Page/Search Information - To Put Ref No' is clicked on

2019-01-03 14:58:01 - [TEST_STEP][PASSED] - delay: Delayed 2 second(s)

2019-01-03 14:58:03 - [MESSAGE][PASSED] - Delayed 2 second(s)

2019-01-03 14:58:03 - [TEST_STEP][PASSED] - callTestCase: Call Test Case 'Test Cases/Final Aug 2018 - PKS Automation/Common/Reference Number Getter' successfully

2019-01-03 14:58:03 - [TEST_CASE][PASSED] - Test Cases/Final Aug 2018 - PKS Automation/Common/Reference Number Getter: Test Cases/Final Aug 2018 - PKS Automation/Common/Reference Number Getter

2019-01-03 14:58:03 - [TEST_STEP][PASSED] - Statement - Try: null

2019-01-03 14:58:03 - [TEST_STEP][PASSED] - Statement - RefNo = new java.io.File(C://Users//Admin//Desktop//PKS//Automation Reference Point//KatalonReference.txt): null

2019-01-03 14:58:03 - [TEST_STEP][PASSED] - Statement - bufferread = new java.io.BufferedReader(new java.io.FileReader(RefNo)): null

2019-01-03 14:58:03 - [TEST_STEP][PASSED] - Statement - readedVal = bufferread.readLine(): null

2019-01-03 14:58:03 - [TEST_STEP][PASSED] - Statement - out.println(CaseReferenceNo): null

2019-01-03 14:58:03 - [TEST_STEP][PASSED] - Statement - out.println(readedVal): null

2019-01-03 14:58:03 - [TEST_STEP][PASSED] - Statement - CaseReferenceNo = "": null

2019-01-03 14:58:03 - [TEST_STEP][PASSED] - Statement - CaseReferenceNo = readedVal: null

2019-01-03 14:58:03 - [MESSAGE][PASSED] - Call Test Case 'Test Cases/Final Aug 2018 - PKS Automation/Common/Reference Number Getter' successfully

2019-01-03 14:58:03 - [TEST_STEP][PASSED] - setText: Text 'ERN012019C200002586' is set on object 'Object Repository/Final Object Repo/WorkFlow Listing Page/Ref No Set Text'

2019-01-03 14:58:04 - [MESSAGE][PASSED] - Text 'ERN012019C200002586' is set on object 'Object Repository/Final Object Repo/WorkFlow Listing Page/Ref No Set Text'

2019-01-03 14:58:04 - [TEST_STEP][PASSED] - delay: Delayed 2 second(s)

2019-01-03 14:58:06 - [MESSAGE][PASSED] - Delayed 2 second(s)

2019-01-03 14:58:06 - [TEST_STEP][PASSED] - click: Object: 'Object Repository/Final Object Repo/WorkFlow Listing Page/Search Ref No Search Button' is clicked on

2019-01-03 14:58:06 - [MESSAGE][PASSED] - Object: 'Object Repository/Final Object Repo/WorkFlow Listing Page/Search Ref No Search Button' is clicked on

2019-01-03 14:58:06 - [TEST_STEP][PASSED] - delay: Delayed 6 second(s)

2019-01-03 14:58:12 - [MESSAGE][PASSED] - Delayed 6 second(s)

2019-01-03 14:58:12 - [TEST_STEP][PASSED] - click: Object: 'Object Repository/Final Object Repo/WorkFlow Listing Page/Click Continue Tooltip' is clicked on

2019-01-03 14:58:13 - [MESSAGE][PASSED] - Object: 'Object Repository/Final Object Repo/WorkFlow Listing Page/Click Continue Tooltip' is clicked on

2019-01-03 14:58:13 - [TEST_STEP][PASSED] - delay: Delayed 5 second(s)

2019-01-03 14:58:18 - [MESSAGE][PASSED] - Delayed 5 second(s)

2019-01-03 14:58:18 - [TEST_STEP][PASSED] - doubleClick: Object: 'Object Repository/Final Object Repo/WorkFlow Listing Page/Workflow Found - Listing 1' is double clicked on

2019-01-03 14:58:18 - [MESSAGE][PASSED] - Object: 'Object Repository/Final Object Repo/WorkFlow Listing Page/Workflow Found - Listing 1' is double clicked on

2019-01-03 14:58:18 - [TEST_STEP][PASSED] - Statement - println(OwnerID): null

2019-01-03 14:58:18 - [TEST_STEP][PASSED] - Statement - OwnerID = com.kms.katalon.core.webui.keyword.WebUiBuiltInKeywords.getText(com.kms.katalon.core.testobject.ObjectRepository.findTestObject(Final Object Repo/WorkFlow Listing Page/Workflow Found - Listing 1), STOP_ON_FAILURE): Text of object 'Object Repository/Final Object Repo/WorkFlow Listing Page/Workflow Found - Listing 1' is: 'JOHORuo1'

2019-01-03 14:58:18 - [MESSAGE][PASSED] - Text of object 'Object Repository/Final Object Repo/WorkFlow Listing Page/Workflow Found - Listing 1' is: 'JOHORuo1'

2019-01-03 14:58:18 - [TEST_STEP][PASSED] - Statement - OwnerID = OwnerID.toLowerCase() + "@gmail.com": null

2019-01-03 14:58:18 - [TEST_STEP][PASSED] - Statement - println(OwnerID): null

2019-01-03 14:58:18 - [TEST_STEP][PASSED] - delay: Delayed 2 second(s)

2019-01-03 14:58:20 - [MESSAGE][PASSED] - Delayed 2 second(s)

2019-01-03 14:58:20 - [MESSAGE][PASSED] - Call Test Case 'Test Cases/Final Aug 2018 - PKS Automation/Common/Workflow Owner Finder' successfully

2019-01-03 14:58:20 - [TEST_STEP][PASSED] - delay: Delayed 1 second(s)

2019-01-03 14:58:21 - [MESSAGE][PASSED] - Delayed 1 second(s)

2019-01-03 14:58:21 - [TEST_STEP][PASSED] - navigateToUrl: Navigate to 'https://assist2-uat.perkeso.gov.my/c/portal/logout' successfully

2019-01-03 14:58:22 - [MESSAGE][PASSED] - Navigate to 'https://assist2-uat.perkeso.gov.my/c/portal/logout' successfully

2019-01-03 14:58:22 - [TEST_STEP][PASSED] - delay: Delayed 1 second(s)

2019-01-03 14:58:23 - [MESSAGE][PASSED] - Delayed 1 second(s)

2019-01-03 14:58:23 - [TEST_STEP][PASSED] - callTestCase: Call Test Case 'Test Cases/Final Aug 2018 - PKS Automation/Registration Module/Workflow/Login and Search Case For Workflow' successfully

2019-01-03 14:58:23 - [TEST_CASE][PASSED] - Test Cases/Final Aug 2018 - PKS Automation/Registration Module/Workflow/Login and Search Case For Workflow: Test Cases/Final Aug 2018 - PKS Automation/Registration Module/Workflow/Login and Search Case For Workflow

2019-01-03 14:58:23 - [TEST_STEP][PASSED] - navigateToUrl: Navigate to 'https://assist2-uat.perkeso.gov.my/login' successfully

2019-01-03 14:58:24 - [MESSAGE][PASSED] - Navigate to 'https://assist2-uat.perkeso.gov.my/login' successfully

2019-01-03 14:58:24 - [TEST_STEP][PASSED] - setText: Text 'johoruo1@gmail.com' is set on object 'Object Repository/Final Object Repo/Login Page/Internal User/Email Address'

2019-01-03 14:58:24 - [MESSAGE][PASSED] - Text 'johoruo1@gmail.com' is set on object 'Object Repository/Final Object Repo/Login Page/Internal User/Email Address'

2019-01-03 14:58:24 - [TEST_STEP][PASSED] - click: Object: 'Object Repository/Final Object Repo/Login Page/Internal User/Next Button' is clicked on

2019-01-03 14:58:24 - [MESSAGE][PASSED] - Object: 'Object Repository/Final Object Repo/Login Page/Internal User/Next Button' is clicked on

2019-01-03 14:58:24 - [TEST_STEP][PASSED] - delay: Delayed 1 second(s)

2019-01-03 14:58:25 - [MESSAGE][PASSED] - Delayed 1 second(s)

2019-01-03 14:58:25 - [TEST_STEP][PASSED] - setEncryptedText: Text ****** has been set on object 'Object Repository/Final Object Repo/Login Page/Internal User/Password'

2019-01-03 14:58:25 - [MESSAGE][PASSED] - Text ****** has been set on object 'Object Repository/Final Object Repo/Login Page/Internal User/Password'

2019-01-03 14:58:25 - [TEST_STEP][PASSED] - click: Object: 'Object Repository/Final Object Repo/Login Page/Internal User/Login Button' is clicked on

2019-01-03 14:58:26 - [MESSAGE][PASSED] - Object: 'Object Repository/Final Object Repo/Login Page/Internal User/Login Button' is clicked on

2019-01-03 14:58:26 - [TEST_STEP][PASSED] - delay: Delayed 2 second(s)

2019-01-03 14:58:28 - [MESSAGE][PASSED] - Delayed 2 second(s)

2019-01-03 14:58:28 - [TEST_STEP][PASSED] - Statement - Try: Delayed 2 second(s)

2019-01-03 14:58:28 - [TEST_STEP][PASSED] - Statement - Checker = false: null

2019-01-03 14:58:28 - [TEST_STEP][PASSED] - Statement - Checker = com.kms.katalon.core.webui.keyword.WebUiBuiltInKeywords.verifyElementHasAttribute(com.kms.katalon.core.testobject.ObjectRepository.findTestObject(Final Object Repo/Landing Page/BM Detecting), "href", 20, OPTIONAL): Object 'Object Repository/Final Object Repo/Landing Page/BM Detecting' has attribute 'href'

2019-01-03 14:58:28 - [MESSAGE][PASSED] - Object 'Object Repository/Final Object Repo/Landing Page/BM Detecting' has attribute 'href'

2019-01-03 14:58:28 - [TEST_STEP][PASSED] - Statement - out.println(Checker): null

2019-01-03 14:58:28 - [TEST_STEP][PASSED] - Statement - If (Checker == false): null

2019-01-03 14:58:28 - [TEST_STEP][PASSED] - Statement - Else: null

2019-01-03 14:58:28 - [TEST_STEP][PASSED] - delay: Delayed 2 second(s)

2019-01-03 14:58:30 - [MESSAGE][PASSED] - Delayed 2 second(s)

2019-01-03 14:58:30 - [TEST_STEP][PASSED] - click: Object: 'Object Repository/Final Object Repo/Page_MyASSIST - ASSIST - Search Pending Case For Add Supporting Document/Search Information' is clicked on

2019-01-03 14:58:30 - [MESSAGE][PASSED] - Object: 'Object Repository/Final Object Repo/Page_MyASSIST - ASSIST - Search Pending Case For Add Supporting Document/Search Information' is clicked on

2019-01-03 14:58:30 - [TEST_STEP][PASSED] - delay: Delayed 3 second(s)

2019-01-03 14:58:33 - [MESSAGE][PASSED] - Delayed 3 second(s)

2019-01-03 14:58:33 - [TEST_STEP][PASSED] - sendKeys: Keys 'ERN012019C200002586' sent to object: 'Object Repository/Final Object Repo/Page_MyASSIST - ASSIST - Search Pending Case For Add Supporting Document/Reference No'

2019-01-03 14:58:33 - [MESSAGE][PASSED] - Keys 'ERN012019C200002586' sent to object: 'Object Repository/Final Object Repo/Page_MyASSIST - ASSIST - Search Pending Case For Add Supporting Document/Reference No'

2019-01-03 14:58:33 - [TEST_STEP][PASSED] - click: Object: 'Object Repository/Final Object Repo/Page_MyASSIST - ASSIST - Search Pending Case For Add Supporting Document/Search Reference No' is clicked on

2019-01-03 14:58:33 - [MESSAGE][PASSED] - Object: 'Object Repository/Final Object Repo/Page_MyASSIST - ASSIST - Search Pending Case For Add Supporting Document/Search Reference No' is clicked on

2019-01-03 14:58:33 - [TEST_STEP][PASSED] - delay: Delayed 2 second(s)

2019-01-03 14:58:35 - [MESSAGE][PASSED] - Delayed 2 second(s)

2019-01-03 14:58:35 - [TEST_STEP][PASSED] - click: Object: 'Object Repository/Final Object Repo/Page_MyASSIST - ASSIST - Search Pending Case For Add Supporting Document/Continue' is clicked on

2019-01-03 14:58:39 - [MESSAGE][PASSED] - Object: 'Object Repository/Final Object Repo/Page_MyASSIST - ASSIST - Search Pending Case For Add Supporting Document/Continue' is clicked on

2019-01-03 14:58:39 - [TEST_STEP][PASSED] - delay: Delayed 20 second(s)

2019-01-03 14:58:59 - [MESSAGE][PASSED] - Delayed 20 second(s)

2019-01-03 14:58:59 - [MESSAGE][PASSED] - Call Test Case 'Test Cases/Final Aug 2018 - PKS Automation/Registration Module/Workflow/Login and Search Case For Workflow' successfully

2019-01-03 14:58:59 - [TEST_STEP][PASSED] - click: Object: 'Object Repository/Final Object Repo/Page_Form 3 EIS - Cessation as Employer/Page_Form 3 EIS - Cessation as Employer (Approve)/Save  Continue in Form 3 Page' is clicked on

2019-01-03 14:58:59 - [MESSAGE][PASSED] - Object: 'Object Repository/Final Object Repo/Page_Form 3 EIS - Cessation as Employer/Page_Form 3 EIS - Cessation as Employer (Approve)/Save  Continue in Form 3 Page' is clicked on

2019-01-03 14:58:59 - [TEST_STEP][PASSED] - delay: Delayed 2 second(s)

2019-01-03 14:59:01 - [MESSAGE][PASSED] - Delayed 2 second(s)

2019-01-03 14:59:01 - [TEST_STEP][PASSED] - click: Object: 'Object Repository/Final Object Repo/Page_Form 3 EIS - Cessation as Employer/Page_Form 3 EIS - Cessation as Employer (Approve)/Save  Continue in Resigned Page' is clicked on

2019-01-03 14:59:01 - [MESSAGE][PASSED] - Object: 'Object Repository/Final Object Repo/Page_Form 3 EIS - Cessation as Employer/Page_Form 3 EIS - Cessation as Employer (Approve)/Save  Continue in Resigned Page' is clicked on

2019-01-03 14:59:01 - [TEST_STEP][PASSED] - delay: Delayed 2 second(s)

2019-01-03 14:59:03 - [MESSAGE][PASSED] - Delayed 2 second(s)

2019-01-03 14:59:03 - [TEST_STEP][PASSED] - click: Object: 'Object Repository/Final Object Repo/Page_Form 3 EIS - Cessation as Employer/Page_Form 3 EIS - Cessation as Employer (Approve)/Save  Continue in Uploading Page' is clicked on

2019-01-03 14:59:04 - [MESSAGE][PASSED] - Object: 'Object Repository/Final Object Repo/Page_Form 3 EIS - Cessation as Employer/Page_Form 3 EIS - Cessation as Employer (Approve)/Save  Continue in Uploading Page' is clicked on

2019-01-03 14:59:04 - [TEST_STEP][PASSED] - delay: Delayed 2 second(s)

2019-01-03 14:59:06 - [MESSAGE][PASSED] - Delayed 2 second(s)

2019-01-03 14:59:06 - [TEST_STEP][PASSED] - click: Object: 'Object Repository/Final Object Repo/Page_Form 3 EIS - Cessation as Employer/Page_Form 3 EIS - Cessation as Employer (Under enforcement)/Underenforcement' is clicked on

2019-01-03 14:59:09 - [MESSAGE][PASSED] - Object: 'Object Repository/Final Object Repo/Page_Form 3 EIS - Cessation as Employer/Page_Form 3 EIS - Cessation as Employer (Under enforcement)/Underenforcement' is clicked on

2019-01-03 14:59:09 - [TEST_STEP][PASSED] - delay: Delayed 2 second(s)

2019-01-03 14:59:11 - [MESSAGE][PASSED] - Delayed 2 second(s)

2019-01-03 14:59:11 - [TEST_STEP][PASSED] - setText: Text 'Remark' is set on object 'Object Repository/Final Object Repo/Page_Form 3 EIS - Cessation as Employer/Page_Form 3 EIS - Cessation as Employer (Under enforcement)/Under enforcement - Remark'

2019-01-03 14:59:12 - [MESSAGE][PASSED] - Text 'Remark' is set on object 'Object Repository/Final Object Repo/Page_Form 3 EIS - Cessation as Employer/Page_Form 3 EIS - Cessation as Employer (Under enforcement)/Under enforcement - Remark'

2019-01-03 14:59:12 - [TEST_STEP][PASSED] - delay: Delayed 2 second(s)

2019-01-03 14:59:14 - [MESSAGE][PASSED] - Delayed 2 second(s)

2019-01-03 14:59:14 - [TEST_STEP][PASSED] - click: Object: 'Object Repository/Final Object Repo/Page_Form 3 EIS - Cessation as Employer/Page_Form 3 EIS - Cessation as Employer (Under enforcement)/Save  Continue in Under enforcement' is clicked on

2019-01-03 14:59:14 - [MESSAGE][PASSED] - Object: 'Object Repository/Final Object Repo/Page_Form 3 EIS - Cessation as Employer/Page_Form 3 EIS - Cessation as Employer (Under enforcement)/Save  Continue in Under enforcement' is clicked on

2019-01-03 14:59:14 - [TEST_STEP][PASSED] - doubleClick: Object: 'Object Repository/Final Object Repo/Page_Form 3 EIS - Cessation as Employer/Page_Form 3 EIS - Cessation as Employer (Under enforcement)/Message The case is under enforcement' is double clicked on

2019-01-03 14:59:19 - [MESSAGE][PASSED] - Object: 'Object Repository/Final Object Repo/Page_Form 3 EIS - Cessation as Employer/Page_Form 3 EIS - Cessation as Employer (Under enforcement)/Message The case is under enforcement' is double clicked on

2019-01-03 14:59:19 - [MESSAGE][PASSED] - Call Test Case 'Test Cases/Final Aug 2018 - PKS Automation/Registration Module/Workflow/Form 3 EIS - Cessation As Employer/Template/Form 3 A - Cessation As Employer (Under enforcement)' successfully]]></system-out>
         <system-err><![CDATA[]]></system-err>
      </testcase>
      <system-out><![CDATA[2019-01-03 13:52:22 - [TEST_SUITE][FAILED] - Form 3 EIS - Cessation as Employer: Test Cases/Final Aug 2018 - PKS Automation/Registration Module/Workflow/Form 3 EIS - Cessation As Employer/Employer to UO (Approve) FAILED because (of) (Stack trace: com.kms.katalon.core.exception.StepFailedException: Unable to click on object 'Object Repository/Final Object Repo/Page_Form 3 EIS - Cessation as Employer/Set Latest - Yes' (Root cause: com.kms.katalon.core.webui.exception.WebElementNotFoundException: Web element with id: 'Object Repository/Final Object Repo/Page_Form 3 EIS - Cessation as Employer/Set Latest - Yes' located by 'By.xpath: //span[@id = 'confirmword' and (text() = 'Yes' or . = 'Yes')]' not found)
	at com.kms.katalon.core.keyword.internal.KeywordMain.stepFailed(KeywordMain.groovy:32)
	at com.kms.katalon.core.webui.keyword.internal.WebUIKeywordMain.stepFailed(WebUIKeywordMain.groovy:65)
	at com.kms.katalon.core.webui.keyword.internal.WebUIKeywordMain.runKeyword(WebUIKeywordMain.groovy:27)
	at com.kms.katalon.core.webui.keyword.builtin.ClickKeyword.click(ClickKeyword.groovy:86)
	at com.kms.katalon.core.webui.keyword.builtin.ClickKeyword.execute(ClickKeyword.groovy:67)
	at com.kms.katalon.core.keyword.internal.KeywordExecutor.executeKeywordForPlatform(KeywordExecutor.groovy:53)
	at com.kms.katalon.core.webui.keyword.WebUiBuiltInKeywords.click(WebUiBuiltInKeywords.groovy:616)
	at com.kms.katalon.core.webui.keyword.WebUiBuiltInKeywords$click$2.call(Unknown Source)
	at org.codehaus.groovy.runtime.callsite.CallSiteArray.defaultCall(CallSiteArray.java:48)
	at org.codehaus.groovy.runtime.callsite.AbstractCallSite.call(AbstractCallSite.java:113)
	at org.codehaus.groovy.runtime.callsite.AbstractCallSite.call(AbstractCallSite.java:125)
	at Script1536732166908.run(Script1536732166908.groovy:82)
	at com.kms.katalon.core.main.ScriptEngine.run(ScriptEngine.java:183)
	at com.kms.katalon.core.main.ScriptEngine.runScriptAsRawText(ScriptEngine.java:108)
	at com.kms.katalon.core.main.TestCaseExecutor.runScript(TestCaseExecutor.java:294)
	at com.kms.katalon.core.main.TestCaseExecutor.doExecute(TestCaseExecutor.java:285)
	at com.kms.katalon.core.main.TestCaseExecutor.processExecutionPhase(TestCaseExecutor.java:264)
	at com.kms.katalon.core.main.TestCaseExecutor.accessMainPhase(TestCaseExecutor.java:256)
	at com.kms.katalon.core.main.TestCaseExecutor.execute(TestCaseExecutor.java:200)
	at com.kms.katalon.core.main.TestCaseMain.runTestCase(TestCaseMain.java:99)
	at com.kms.katalon.core.keyword.builtin.CallTestCaseKeyword$_callTestCase_closure1.doCall(CallTestCaseKeyword.groovy:60)
	at com.kms.katalon.core.keyword.builtin.CallTestCaseKeyword$_callTestCase_closure1.call(CallTestCaseKeyword.groovy)
	at com.kms.katalon.core.keyword.internal.KeywordMain.runKeyword(KeywordMain.groovy:54)
	at com.kms.katalon.core.keyword.builtin.CallTestCaseKeyword.callTestCase(CallTestCaseKeyword.groovy:81)
	at com.kms.katalon.core.keyword.builtin.CallTestCaseKeyword.execute(CallTestCaseKeyword.groovy:45)
	at com.kms.katalon.core.keyword.internal.KeywordExecutor.executeKeywordForPlatform(KeywordExecutor.groovy:53)
	at com.kms.katalon.core.keyword.BuiltinKeywords.callTestCase(BuiltinKeywords.groovy:334)
	at sun.reflect.NativeMethodAccessorImpl.invoke0(Native Method)
	at sun.reflect.NativeMethodAccessorImpl.invoke(NativeMethodAccessorImpl.java:62)
	at sun.reflect.DelegatingMethodAccessorImpl.invoke(DelegatingMethodAccessorImpl.java:43)
	at java.lang.reflect.Method.invoke(Method.java:498)
	at org.codehaus.groovy.reflection.CachedMethod.invoke(CachedMethod.java:93)
	at groovy.lang.MetaMethod.doMethodInvoke(MetaMethod.java:325)
	at groovy.lang.MetaClassImpl.invokeStaticMethod(MetaClassImpl.java:1469)
	at org.codehaus.groovy.runtime.callsite.StaticMetaClassSite.call(StaticMetaClassSite.java:53)
	at org.codehaus.groovy.runtime.callsite.CallSiteArray.defaultCall(CallSiteArray.java:48)
	at org.codehaus.groovy.runtime.callsite.AbstractCallSite.call(AbstractCallSite.java:113)
	at org.codehaus.groovy.runtime.callsite.AbstractCallSite.call(AbstractCallSite.java:141)
	at Script1536733676931.run(Script1536733676931.groovy:22)
	at com.kms.katalon.core.main.ScriptEngine.run(ScriptEngine.java:183)
	at com.kms.katalon.core.main.ScriptEngine.runScriptAsRawText(ScriptEngine.java:108)
	at com.kms.katalon.core.main.TestCaseExecutor.runScript(TestCaseExecutor.java:294)
	at com.kms.katalon.core.main.TestCaseExecutor.doExecute(TestCaseExecutor.java:285)
	at com.kms.katalon.core.main.TestCaseExecutor.processExecutionPhase(TestCaseExecutor.java:264)
	at com.kms.katalon.core.main.TestCaseExecutor.accessMainPhase(TestCaseExecutor.java:256)
	at com.kms.katalon.core.main.TestCaseExecutor.execute(TestCaseExecutor.java:200)
	at com.kms.katalon.core.main.TestSuiteExecutor.accessTestCaseMainPhase(TestSuiteExecutor.java:129)
	at com.kms.katalon.core.main.TestSuiteExecutor.accessTestSuiteMainPhase(TestSuiteExecutor.java:112)
	at com.kms.katalon.core.main.TestSuiteExecutor.execute(TestSuiteExecutor.java:81)
	at com.kms.katalon.core.main.TestCaseMain.startTestSuite(TestCaseMain.java:142)
	at com.kms.katalon.core.main.TestCaseMain$startTestSuite$0.call(Unknown Source)
	at org.codehaus.groovy.runtime.callsite.CallSiteArray.defaultCall(CallSiteArray.java:48)
	at org.codehaus.groovy.runtime.callsite.AbstractCallSite.call(AbstractCallSite.java:113)
	at org.codehaus.groovy.runtime.callsite.AbstractCallSite.call(AbstractCallSite.java:141)
	at TempTestSuite1546482074058.run(TempTestSuite1546482074058.groovy:36)
	at groovy.lang.GroovyShell.runScriptOrMainOrTestOrRunnable(GroovyShell.java:263)
	at groovy.lang.GroovyShell.run(GroovyShell.java:518)
	at groovy.lang.GroovyShell.run(GroovyShell.java:507)
	at groovy.ui.GroovyMain.processOnce(GroovyMain.java:653)
	at groovy.ui.GroovyMain.run(GroovyMain.java:384)
	at groovy.ui.GroovyMain.process(GroovyMain.java:370)
	at groovy.ui.GroovyMain.processArgs(GroovyMain.java:129)
	at groovy.ui.GroovyMain.main(GroovyMain.java:109)
	at sun.reflect.NativeMethodAccessorImpl.invoke0(Native Method)
	at sun.reflect.NativeMethodAccessorImpl.invoke(NativeMethodAccessorImpl.java:62)
	at sun.reflect.DelegatingMethodAccessorImpl.invoke(DelegatingMethodAccessorImpl.java:43)
	at java.lang.reflect.Method.invoke(Method.java:498)
	at org.codehaus.groovy.tools.GroovyStarter.rootLoader(GroovyStarter.java:109)
	at org.codehaus.groovy.tools.GroovyStarter.main(GroovyStarter.java:131)
)]]></system-out>
      <system-err><![CDATA[2019-01-03 13:52:22 - [TEST_SUITE][FAILED] - Form 3 EIS - Cessation as Employer: Test Cases/Final Aug 2018 - PKS Automation/Registration Module/Workflow/Form 3 EIS - Cessation As Employer/Employer to UO (Approve) FAILED because (of) (Stack trace: com.kms.katalon.core.exception.StepFailedException: Unable to click on object 'Object Repository/Final Object Repo/Page_Form 3 EIS - Cessation as Employer/Set Latest - Yes' (Root cause: com.kms.katalon.core.webui.exception.WebElementNotFoundException: Web element with id: 'Object Repository/Final Object Repo/Page_Form 3 EIS - Cessation as Employer/Set Latest - Yes' located by 'By.xpath: //span[@id = 'confirmword' and (text() = 'Yes' or . = 'Yes')]' not found)
	at com.kms.katalon.core.keyword.internal.KeywordMain.stepFailed(KeywordMain.groovy:32)
	at com.kms.katalon.core.webui.keyword.internal.WebUIKeywordMain.stepFailed(WebUIKeywordMain.groovy:65)
	at com.kms.katalon.core.webui.keyword.internal.WebUIKeywordMain.runKeyword(WebUIKeywordMain.groovy:27)
	at com.kms.katalon.core.webui.keyword.builtin.ClickKeyword.click(ClickKeyword.groovy:86)
	at com.kms.katalon.core.webui.keyword.builtin.ClickKeyword.execute(ClickKeyword.groovy:67)
	at com.kms.katalon.core.keyword.internal.KeywordExecutor.executeKeywordForPlatform(KeywordExecutor.groovy:53)
	at com.kms.katalon.core.webui.keyword.WebUiBuiltInKeywords.click(WebUiBuiltInKeywords.groovy:616)
	at com.kms.katalon.core.webui.keyword.WebUiBuiltInKeywords$click$2.call(Unknown Source)
	at org.codehaus.groovy.runtime.callsite.CallSiteArray.defaultCall(CallSiteArray.java:48)
	at org.codehaus.groovy.runtime.callsite.AbstractCallSite.call(AbstractCallSite.java:113)
	at org.codehaus.groovy.runtime.callsite.AbstractCallSite.call(AbstractCallSite.java:125)
	at Script1536732166908.run(Script1536732166908.groovy:82)
	at com.kms.katalon.core.main.ScriptEngine.run(ScriptEngine.java:183)
	at com.kms.katalon.core.main.ScriptEngine.runScriptAsRawText(ScriptEngine.java:108)
	at com.kms.katalon.core.main.TestCaseExecutor.runScript(TestCaseExecutor.java:294)
	at com.kms.katalon.core.main.TestCaseExecutor.doExecute(TestCaseExecutor.java:285)
	at com.kms.katalon.core.main.TestCaseExecutor.processExecutionPhase(TestCaseExecutor.java:264)
	at com.kms.katalon.core.main.TestCaseExecutor.accessMainPhase(TestCaseExecutor.java:256)
	at com.kms.katalon.core.main.TestCaseExecutor.execute(TestCaseExecutor.java:200)
	at com.kms.katalon.core.main.TestCaseMain.runTestCase(TestCaseMain.java:99)
	at com.kms.katalon.core.keyword.builtin.CallTestCaseKeyword$_callTestCase_closure1.doCall(CallTestCaseKeyword.groovy:60)
	at com.kms.katalon.core.keyword.builtin.CallTestCaseKeyword$_callTestCase_closure1.call(CallTestCaseKeyword.groovy)
	at com.kms.katalon.core.keyword.internal.KeywordMain.runKeyword(KeywordMain.groovy:54)
	at com.kms.katalon.core.keyword.builtin.CallTestCaseKeyword.callTestCase(CallTestCaseKeyword.groovy:81)
	at com.kms.katalon.core.keyword.builtin.CallTestCaseKeyword.execute(CallTestCaseKeyword.groovy:45)
	at com.kms.katalon.core.keyword.internal.KeywordExecutor.executeKeywordForPlatform(KeywordExecutor.groovy:53)
	at com.kms.katalon.core.keyword.BuiltinKeywords.callTestCase(BuiltinKeywords.groovy:334)
	at sun.reflect.NativeMethodAccessorImpl.invoke0(Native Method)
	at sun.reflect.NativeMethodAccessorImpl.invoke(NativeMethodAccessorImpl.java:62)
	at sun.reflect.DelegatingMethodAccessorImpl.invoke(DelegatingMethodAccessorImpl.java:43)
	at java.lang.reflect.Method.invoke(Method.java:498)
	at org.codehaus.groovy.reflection.CachedMethod.invoke(CachedMethod.java:93)
	at groovy.lang.MetaMethod.doMethodInvoke(MetaMethod.java:325)
	at groovy.lang.MetaClassImpl.invokeStaticMethod(MetaClassImpl.java:1469)
	at org.codehaus.groovy.runtime.callsite.StaticMetaClassSite.call(StaticMetaClassSite.java:53)
	at org.codehaus.groovy.runtime.callsite.CallSiteArray.defaultCall(CallSiteArray.java:48)
	at org.codehaus.groovy.runtime.callsite.AbstractCallSite.call(AbstractCallSite.java:113)
	at org.codehaus.groovy.runtime.callsite.AbstractCallSite.call(AbstractCallSite.java:141)
	at Script1536733676931.run(Script1536733676931.groovy:22)
	at com.kms.katalon.core.main.ScriptEngine.run(ScriptEngine.java:183)
	at com.kms.katalon.core.main.ScriptEngine.runScriptAsRawText(ScriptEngine.java:108)
	at com.kms.katalon.core.main.TestCaseExecutor.runScript(TestCaseExecutor.java:294)
	at com.kms.katalon.core.main.TestCaseExecutor.doExecute(TestCaseExecutor.java:285)
	at com.kms.katalon.core.main.TestCaseExecutor.processExecutionPhase(TestCaseExecutor.java:264)
	at com.kms.katalon.core.main.TestCaseExecutor.accessMainPhase(TestCaseExecutor.java:256)
	at com.kms.katalon.core.main.TestCaseExecutor.execute(TestCaseExecutor.java:200)
	at com.kms.katalon.core.main.TestSuiteExecutor.accessTestCaseMainPhase(TestSuiteExecutor.java:129)
	at com.kms.katalon.core.main.TestSuiteExecutor.accessTestSuiteMainPhase(TestSuiteExecutor.java:112)
	at com.kms.katalon.core.main.TestSuiteExecutor.execute(TestSuiteExecutor.java:81)
	at com.kms.katalon.core.main.TestCaseMain.startTestSuite(TestCaseMain.java:142)
	at com.kms.katalon.core.main.TestCaseMain$startTestSuite$0.call(Unknown Source)
	at org.codehaus.groovy.runtime.callsite.CallSiteArray.defaultCall(CallSiteArray.java:48)
	at org.codehaus.groovy.runtime.callsite.AbstractCallSite.call(AbstractCallSite.java:113)
	at org.codehaus.groovy.runtime.callsite.AbstractCallSite.call(AbstractCallSite.java:141)
	at TempTestSuite1546482074058.run(TempTestSuite1546482074058.groovy:36)
	at groovy.lang.GroovyShell.runScriptOrMainOrTestOrRunnable(GroovyShell.java:263)
	at groovy.lang.GroovyShell.run(GroovyShell.java:518)
	at groovy.lang.GroovyShell.run(GroovyShell.java:507)
	at groovy.ui.GroovyMain.processOnce(GroovyMain.java:653)
	at groovy.ui.GroovyMain.run(GroovyMain.java:384)
	at groovy.ui.GroovyMain.process(GroovyMain.java:370)
	at groovy.ui.GroovyMain.processArgs(GroovyMain.java:129)
	at groovy.ui.GroovyMain.main(GroovyMain.java:109)
	at sun.reflect.NativeMethodAccessorImpl.invoke0(Native Method)
	at sun.reflect.NativeMethodAccessorImpl.invoke(NativeMethodAccessorImpl.java:62)
	at sun.reflect.DelegatingMethodAccessorImpl.invoke(DelegatingMethodAccessorImpl.java:43)
	at java.lang.reflect.Method.invoke(Method.java:498)
	at org.codehaus.groovy.tools.GroovyStarter.rootLoader(GroovyStarter.java:109)
	at org.codehaus.groovy.tools.GroovyStarter.main(GroovyStarter.java:131)
)]]></system-err>
   </testsuite>
</testsuites>
