<?xml version="1.0" encoding="UTF-8"?>
<testsuites name="Form 3 EIS - Cessation as Employer" time="3627" tests="11" failures="1" errors="0">
   <testsuite name="Form 3 EIS - Cessation as Employer" tests="11" failures="1" errors="0" time="3627" timestamp="2018-12-12 17:19:47" hostname="Admin - Win7Test02" id="Test Suites/Workflow/Form 3 EIS - Cessation as Employer">
      <properties>
         <property name="deviceName" value=""/>
         <property name="devicePlatform" value=""/>
         <property name="logFolder" value="C:\\Users\\Admin\\Desktop\\PKS\\Perkeso Phase A\\Reports\\Workflow\\Form 3 EIS - Cessation as Employer\\20181212_150049"/>
         <property name="logFiles" value="C:\\Users\\Admin\\Desktop\\PKS\\Perkeso Phase A\\Reports\\Workflow\\Form 3 EIS - Cessation as Employer\\20181212_150049\\execution0.log"/>
         <property name="attachments" value="C:\\Users\\Admin\\Desktop\\PKS\\Perkeso Phase A\\Reports\\Workflow\\Form 3 EIS - Cessation as Employer\\20181212_150049\\1544608555006.png, C:\\Users\\Admin\\Desktop\\PKS\\Perkeso Phase A\\Reports\\Workflow\\Form 3 EIS - Cessation as Employer\\20181212_150049\\1544608589673.png, C:\\Users\\Admin\\Desktop\\PKS\\Perkeso Phase A\\Reports\\Workflow\\Form 3 EIS - Cessation as Employer\\20181212_150049\\1544608624684.png, C:\\Users\\Admin\\Desktop\\PKS\\Perkeso Phase A\\Reports\\Workflow\\Form 3 EIS - Cessation as Employer\\20181212_150049\\1544608663262.png, C:\\Users\\Admin\\Desktop\\PKS\\Perkeso Phase A\\Reports\\Workflow\\Form 3 EIS - Cessation as Employer\\20181212_150049\\1544608697090.png, C:\\Users\\Admin\\Desktop\\PKS\\Perkeso Phase A\\Reports\\Workflow\\Form 3 EIS - Cessation as Employer\\20181212_150049\\1544608731981.png, C:\\Users\\Admin\\Desktop\\PKS\\Perkeso Phase A\\Reports\\Workflow\\Form 3 EIS - Cessation as Employer\\20181212_150049\\1544608767996.png, C:\\Users\\Admin\\Desktop\\PKS\\Perkeso Phase A\\Reports\\Workflow\\Form 3 EIS - Cessation as Employer\\20181212_150049\\1544608803137.png"/>
         <property name="hostName" value="Admin - Win7Test02"/>
         <property name="os" value="Windows 7 64bit"/>
         <property name="katalonVersion" value="5.8.6.1"/>
         <property name="browser" value="Chrome 70.0.3538.110"/>
         <property name="hostAddress" value="10.20.3.72"/>
         <property name="sessionId" value="44d4ffafccc11694e853a66cf0f5439e"/>
         <property name="seleniumVersion" value="3.7.1"/>
         <property name="proxyInformation" value="ProxyInformation{proxyOption=NO_PROXY, proxyServerType=HTTP, password=, proxyServerAddress=, proxyServerPort=0}"/>
         <property name="platform" value="Windows 7"/>
      </properties>
      <testcase name="Test Cases/Final Aug 2018 - PKS Automation/Registration Module/Workflow/Form 3 EIS - Cessation As Employer/Employer to UO (Approve)" classname="Test Cases/Final Aug 2018 - PKS Automation/Registration Module/Workflow/Form 3 EIS - Cessation As Employer/Employer to UO (Approve)" status="PASSED">
         <system-out><![CDATA[2018-12-12 17:19:47 - [TEST_CASE][PASSED] - Test Cases/Final Aug 2018 - PKS Automation/Registration Module/Workflow/Form 3 EIS - Cessation As Employer/Employer to UO (Approve): Test Cases/Final Aug 2018 - PKS Automation/Registration Module/Workflow/Form 3 EIS - Cessation As Employer/Employer to UO (Approve)

2018-12-12 17:19:48 - [TEST_STEP][PASSED] - callTestCase: Call Test Case 'Test Cases/Final Aug 2018 - PKS Automation/Registration Module/Workflow/Form 3 EIS - Cessation As Employer/Template/Form 3 A - Cessation As Employer (Employer)' successfully

2018-12-12 17:19:48 - [TEST_CASE][PASSED] - Test Cases/Final Aug 2018 - PKS Automation/Registration Module/Workflow/Form 3 EIS - Cessation As Employer/Template/Form 3 A - Cessation As Employer (Employer): Test Cases/Final Aug 2018 - PKS Automation/Registration Module/Workflow/Form 3 EIS - Cessation As Employer/Template/Form 3 A - Cessation As Employer (Employer)

2018-12-12 17:19:48 - [TEST_STEP][PASSED] - callTestCase: Call Test Case 'Test Cases/Final Aug 2018 - PKS Automation/Registration Module/Workflow/Update Add New Employee/Template/New Company for Update Add New - Employer' successfully

2018-12-12 17:19:48 - [TEST_CASE][PASSED] - Test Cases/Final Aug 2018 - PKS Automation/Registration Module/Workflow/Update Add New Employee/Template/New Company for Update Add New - Employer: Test Cases/Final Aug 2018 - PKS Automation/Registration Module/Workflow/Update Add New Employee/Template/New Company for Update Add New - Employer

2018-12-12 17:19:48 - [TEST_STEP][PASSED] - callTestCase: Call Test Case 'Test Cases/Final Aug 2018 - PKS Automation/Create Employer Acc/Create Employer Account' successfully

2018-12-12 17:19:48 - [TEST_CASE][PASSED] - Test Cases/Final Aug 2018 - PKS Automation/Create Employer Acc/Create Employer Account: Test Cases/Final Aug 2018 - PKS Automation/Create Employer Acc/Create Employer Account

2018-12-12 17:19:49 - [TEST_STEP][PASSED] - callTestCase: Call Test Case 'Test Cases/Final Aug 2018 - PKS Automation/Create Employer Acc/Template/Register Employer' successfully

2018-12-12 17:19:49 - [TEST_CASE][PASSED] - Test Cases/Final Aug 2018 - PKS Automation/Create Employer Acc/Template/Register Employer: Test Cases/Final Aug 2018 - PKS Automation/Create Employer Acc/Template/Register Employer

2018-12-12 17:19:49 - [TEST_STEP][PASSED] - openBrowser: Browser is opened with url: ''

2018-12-12 17:19:53 - [MESSAGE][PASSED] - Browser is opened with url: ''

2018-12-12 17:19:53 - [TEST_STEP][PASSED] - navigateToUrl: Navigate to 'https://assist2-uat.perkeso.gov.my/login' successfully

2018-12-12 17:19:54 - [MESSAGE][PASSED] - Navigate to 'https://assist2-uat.perkeso.gov.my/login' successfully

2018-12-12 17:19:54 - [TEST_STEP][PASSED] - setText: Text 'johorotc1@gmail.com' is set on object 'Object Repository/Final Object Repo/Login Page/Internal User/Email Address'

2018-12-12 17:19:54 - [MESSAGE][PASSED] - Text 'johorotc1@gmail.com' is set on object 'Object Repository/Final Object Repo/Login Page/Internal User/Email Address'

2018-12-12 17:19:54 - [TEST_STEP][PASSED] - click: Object: 'Object Repository/Final Object Repo/Login Page/Internal User/Next Button' is clicked on

2018-12-12 17:19:54 - [MESSAGE][PASSED] - Object: 'Object Repository/Final Object Repo/Login Page/Internal User/Next Button' is clicked on

2018-12-12 17:19:54 - [TEST_STEP][PASSED] - delay: Delayed 1 second(s)

2018-12-12 17:19:55 - [MESSAGE][PASSED] - Delayed 1 second(s)

2018-12-12 17:19:55 - [TEST_STEP][PASSED] - setEncryptedText: Text ****** has been set on object 'Object Repository/Final Object Repo/Login Page/Internal User/Password'

2018-12-12 17:19:56 - [MESSAGE][PASSED] - Text ****** has been set on object 'Object Repository/Final Object Repo/Login Page/Internal User/Password'

2018-12-12 17:19:56 - [TEST_STEP][PASSED] - click: Object: 'Object Repository/Final Object Repo/Login Page/Internal User/Login Button' is clicked on

2018-12-12 17:19:56 - [MESSAGE][PASSED] - Object: 'Object Repository/Final Object Repo/Login Page/Internal User/Login Button' is clicked on

2018-12-12 17:19:56 - [TEST_STEP][PASSED] - delay: Delayed 1 second(s)

2018-12-12 17:19:57 - [MESSAGE][PASSED] - Delayed 1 second(s)

2018-12-12 17:19:57 - [TEST_STEP][PASSED] - navigateToUrl: Navigate to 'https://assist2-uat.perkeso.gov.my/web/base/portal-id/registration' successfully

2018-12-12 17:19:59 - [MESSAGE][PASSED] - Navigate to 'https://assist2-uat.perkeso.gov.my/web/base/portal-id/registration' successfully

2018-12-12 17:19:59 - [TEST_STEP][PASSED] - setText: Text 'AUTOMATION EMPLOYER' is set on object 'Object Repository/Final Object Repo/Creating Employer Account/Page_Registration - ASSIST (Base)/Employer Name'

2018-12-12 17:19:59 - [MESSAGE][PASSED] - Text 'AUTOMATION EMPLOYER' is set on object 'Object Repository/Final Object Repo/Creating Employer Account/Page_Registration - ASSIST (Base)/Employer Name'

2018-12-12 17:19:59 - [TEST_STEP][PASSED] - delay: Delayed 2 second(s)

2018-12-12 17:20:01 - [MESSAGE][PASSED] - Delayed 2 second(s)

2018-12-12 17:20:01 - [TEST_STEP][PASSED] - click: Object: 'Object Repository/Final Object Repo/Creating Employer Account/Page_Registration - ASSIST (Base)/Registration Type' is clicked on

2018-12-12 17:20:01 - [MESSAGE][PASSED] - Object: 'Object Repository/Final Object Repo/Creating Employer Account/Page_Registration - ASSIST (Base)/Registration Type' is clicked on

2018-12-12 17:20:01 - [TEST_STEP][PASSED] - delay: Delayed 2 second(s)

2018-12-12 17:20:03 - [MESSAGE][PASSED] - Delayed 2 second(s)

2018-12-12 17:20:03 - [TEST_STEP][PASSED] - click: Object: 'Object Repository/Final Object Repo/Creating Employer Account/Page_Registration - ASSIST (Base)/Registration Type - Registration No' is clicked on

2018-12-12 17:20:03 - [MESSAGE][PASSED] - Object: 'Object Repository/Final Object Repo/Creating Employer Account/Page_Registration - ASSIST (Base)/Registration Type - Registration No' is clicked on

2018-12-12 17:20:03 - [TEST_STEP][PASSED] - delay: Delayed 2 second(s)

2018-12-12 17:20:05 - [MESSAGE][PASSED] - Delayed 2 second(s)

2018-12-12 17:20:05 - [TEST_STEP][PASSED] - setText: Text 'AUTOMATE001' is set on object 'Object Repository/Final Object Repo/Creating Employer Account/Page_Registration - ASSIST (Base)/Registration Number'

2018-12-12 17:20:06 - [MESSAGE][PASSED] - Text 'AUTOMATE001' is set on object 'Object Repository/Final Object Repo/Creating Employer Account/Page_Registration - ASSIST (Base)/Registration Number'

2018-12-12 17:20:06 - [TEST_STEP][PASSED] - delay: Delayed 2 second(s)

2018-12-12 17:20:08 - [MESSAGE][PASSED] - Delayed 2 second(s)

2018-12-12 17:20:08 - [TEST_STEP][PASSED] - setText: Text 'ADDRESS 1' is set on object 'Object Repository/Final Object Repo/Creating Employer Account/Page_Registration - ASSIST (Base)/Postal Address 1'

2018-12-12 17:20:08 - [MESSAGE][PASSED] - Text 'ADDRESS 1' is set on object 'Object Repository/Final Object Repo/Creating Employer Account/Page_Registration - ASSIST (Base)/Postal Address 1'

2018-12-12 17:20:08 - [TEST_STEP][PASSED] - setText: Text 'ADDRESS 2' is set on object 'Object Repository/Final Object Repo/Creating Employer Account/Page_Registration - ASSIST (Base)/Postal Address 2'

2018-12-12 17:20:08 - [MESSAGE][PASSED] - Text 'ADDRESS 2' is set on object 'Object Repository/Final Object Repo/Creating Employer Account/Page_Registration - ASSIST (Base)/Postal Address 2'

2018-12-12 17:20:08 - [TEST_STEP][PASSED] - click: Object: 'Object Repository/Final Object Repo/Creating Employer Account/Page_Registration - ASSIST (Base)/State' is clicked on

2018-12-12 17:20:09 - [MESSAGE][PASSED] - Object: 'Object Repository/Final Object Repo/Creating Employer Account/Page_Registration - ASSIST (Base)/State' is clicked on

2018-12-12 17:20:09 - [TEST_STEP][PASSED] - delay: Delayed 2 second(s)

2018-12-12 17:20:11 - [MESSAGE][PASSED] - Delayed 2 second(s)

2018-12-12 17:20:11 - [TEST_STEP][PASSED] - click: Object: 'Object Repository/Final Object Repo/Creating Employer Account/Page_Registration - ASSIST (Base)/State - Johor' is clicked on

2018-12-12 17:20:11 - [MESSAGE][PASSED] - Object: 'Object Repository/Final Object Repo/Creating Employer Account/Page_Registration - ASSIST (Base)/State - Johor' is clicked on

2018-12-12 17:20:11 - [TEST_STEP][PASSED] - delay: Delayed 2 second(s)

2018-12-12 17:20:13 - [MESSAGE][PASSED] - Delayed 2 second(s)

2018-12-12 17:20:13 - [TEST_STEP][PASSED] - click: Object: 'Object Repository/Final Object Repo/Creating Employer Account/Page_Registration - ASSIST (Base)/City' is clicked on

2018-12-12 17:20:13 - [MESSAGE][PASSED] - Object: 'Object Repository/Final Object Repo/Creating Employer Account/Page_Registration - ASSIST (Base)/City' is clicked on

2018-12-12 17:20:13 - [TEST_STEP][PASSED] - delay: Delayed 2 second(s)

2018-12-12 17:20:15 - [MESSAGE][PASSED] - Delayed 2 second(s)

2018-12-12 17:20:15 - [TEST_STEP][PASSED] - setText: Text 'joh' is set on object 'Object Repository/Final Object Repo/Creating Employer Account/Page_Registration - ASSIST (Base)/City - joh'

2018-12-12 17:20:15 - [MESSAGE][PASSED] - Text 'joh' is set on object 'Object Repository/Final Object Repo/Creating Employer Account/Page_Registration - ASSIST (Base)/City - joh'

2018-12-12 17:20:15 - [TEST_STEP][PASSED] - delay: Delayed 2 second(s)

2018-12-12 17:20:17 - [MESSAGE][PASSED] - Delayed 2 second(s)

2018-12-12 17:20:17 - [TEST_STEP][PASSED] - click: Object: 'Object Repository/Final Object Repo/Creating Employer Account/Page_Registration - ASSIST (Base)/City - Johor Bharu' is clicked on

2018-12-12 17:20:18 - [MESSAGE][PASSED] - Object: 'Object Repository/Final Object Repo/Creating Employer Account/Page_Registration - ASSIST (Base)/City - Johor Bharu' is clicked on

2018-12-12 17:20:18 - [TEST_STEP][PASSED] - delay: Delayed 2 second(s)

2018-12-12 17:20:20 - [MESSAGE][PASSED] - Delayed 2 second(s)

2018-12-12 17:20:20 - [TEST_STEP][PASSED] - click: Object: 'Object Repository/Final Object Repo/Creating Employer Account/Page_Registration - ASSIST (Base)/Post Code' is clicked on

2018-12-12 17:20:20 - [MESSAGE][PASSED] - Object: 'Object Repository/Final Object Repo/Creating Employer Account/Page_Registration - ASSIST (Base)/Post Code' is clicked on

2018-12-12 17:20:20 - [TEST_STEP][PASSED] - delay: Delayed 2 second(s)

2018-12-12 17:20:22 - [MESSAGE][PASSED] - Delayed 2 second(s)

2018-12-12 17:20:22 - [TEST_STEP][PASSED] - setText: Text '810' is set on object 'Object Repository/Final Object Repo/Creating Employer Account/Page_Registration - ASSIST (Base)/Post Code - 810'

2018-12-12 17:20:22 - [MESSAGE][PASSED] - Text '810' is set on object 'Object Repository/Final Object Repo/Creating Employer Account/Page_Registration - ASSIST (Base)/Post Code - 810'

2018-12-12 17:20:22 - [TEST_STEP][PASSED] - delay: Delayed 2 second(s)

2018-12-12 17:20:24 - [MESSAGE][PASSED] - Delayed 2 second(s)

2018-12-12 17:20:24 - [TEST_STEP][PASSED] - click: Object: 'Object Repository/Final Object Repo/Creating Employer Account/Page_Registration - ASSIST (Base)/Post Code - 81000' is clicked on

2018-12-12 17:20:24 - [MESSAGE][PASSED] - Object: 'Object Repository/Final Object Repo/Creating Employer Account/Page_Registration - ASSIST (Base)/Post Code - 81000' is clicked on

2018-12-12 17:20:24 - [TEST_STEP][PASSED] - delay: Delayed 2 second(s)

2018-12-12 17:20:26 - [MESSAGE][PASSED] - Delayed 2 second(s)

2018-12-12 17:20:26 - [TEST_STEP][PASSED] - setText: Text 'PERKESO' is set on object 'Object Repository/Final Object Repo/Creating Employer Account/Page_Registration - ASSIST (Base)/Full Name'

2018-12-12 17:20:26 - [MESSAGE][PASSED] - Text 'PERKESO' is set on object 'Object Repository/Final Object Repo/Creating Employer Account/Page_Registration - ASSIST (Base)/Full Name'

2018-12-12 17:20:26 - [TEST_STEP][PASSED] - Statement - rnd = new java.util.Random(): null

2018-12-12 17:20:26 - [TEST_STEP][PASSED] - Statement - snum = rnd.nextInt(899999 + 1) + 100000: null

2018-12-12 17:20:27 - [TEST_STEP][PASSED] - Statement - tnum = rnd.nextInt(899999 + 1) + 100000: null

2018-12-12 17:20:27 - [TEST_STEP][PASSED] - Statement - IC = java.lang.Integer.toString(snum) + java.lang.Integer.toString(tnum): null

2018-12-12 17:20:27 - [TEST_STEP][PASSED] - Statement - out.println(IC): null

2018-12-12 17:20:27 - [TEST_STEP][PASSED] - setText: Text '627834147736' is set on object 'Object Repository/Final Object Repo/Creating Employer Account/Page_Registration - ASSIST (Base)/Identification Number'

2018-12-12 17:20:27 - [MESSAGE][PASSED] - Text '627834147736' is set on object 'Object Repository/Final Object Repo/Creating Employer Account/Page_Registration - ASSIST (Base)/Identification Number'

2018-12-12 17:20:27 - [TEST_STEP][PASSED] - delay: Delayed 2 second(s)

2018-12-12 17:20:29 - [MESSAGE][PASSED] - Delayed 2 second(s)

2018-12-12 17:20:29 - [TEST_STEP][PASSED] - setText: Text '123456789012' is set on object 'Object Repository/Final Object Repo/Creating Employer Account/Page_Registration - ASSIST (Base)/Contact Number'

2018-12-12 17:20:29 - [MESSAGE][PASSED] - Text '123456789012' is set on object 'Object Repository/Final Object Repo/Creating Employer Account/Page_Registration - ASSIST (Base)/Contact Number'

2018-12-12 17:20:29 - [TEST_STEP][PASSED] - Statement - Email = "perkeso" + IC + "@gmail.com": null

2018-12-12 17:20:29 - [TEST_STEP][PASSED] - delay: Delayed 2 second(s)

2018-12-12 17:20:31 - [MESSAGE][PASSED] - Delayed 2 second(s)

2018-12-12 17:20:31 - [TEST_STEP][PASSED] - callTestCase: Call Test Case 'Test Cases/Final Aug 2018 - PKS Automation/Create Employer Acc/Template/Employer Email Settler' successfully

2018-12-12 17:20:31 - [TEST_CASE][PASSED] - Test Cases/Final Aug 2018 - PKS Automation/Create Employer Acc/Template/Employer Email Settler: Test Cases/Final Aug 2018 - PKS Automation/Create Employer Acc/Template/Employer Email Settler

2018-12-12 17:20:32 - [TEST_STEP][PASSED] - Statement - EmpEmailOld = new java.io.File(C://Users//Admin//Desktop//PKS//Automation Reference Point//EmpEmail.txt): null

2018-12-12 17:20:32 - [TEST_STEP][PASSED] - Statement - EmpEmailOld.delete(): null

2018-12-12 17:20:32 - [TEST_STEP][PASSED] - delay: Delayed 5 second(s)

2018-12-12 17:20:37 - [MESSAGE][PASSED] - Delayed 5 second(s)

2018-12-12 17:20:37 - [TEST_STEP][PASSED] - Statement - EmpEmail = new java.io.File(C://Users//Admin//Desktop//PKS//Automation Reference Point//EmpEmail.txt): null

2018-12-12 17:20:37 - [TEST_STEP][PASSED] - Statement - f2 = new java.io.FileWriter(EmpEmail, false): null

2018-12-12 17:20:37 - [TEST_STEP][PASSED] - Statement - f2.write(Email): null

2018-12-12 17:20:37 - [TEST_STEP][PASSED] - Statement - f2.close(): null

2018-12-12 17:20:37 - [TEST_STEP][PASSED] - Statement - out.println(Email): null

2018-12-12 17:20:37 - [MESSAGE][PASSED] - Call Test Case 'Test Cases/Final Aug 2018 - PKS Automation/Create Employer Acc/Template/Employer Email Settler' successfully

2018-12-12 17:20:37 - [TEST_STEP][PASSED] - delay: Delayed 2 second(s)

2018-12-12 17:20:39 - [MESSAGE][PASSED] - Delayed 2 second(s)

2018-12-12 17:20:39 - [TEST_STEP][PASSED] - setText: Text 'perkeso627834147736@gmail.com' is set on object 'Object Repository/Final Object Repo/Creating Employer Account/Page_Registration - ASSIST (Base)/Email'

2018-12-12 17:20:39 - [MESSAGE][PASSED] - Text 'perkeso627834147736@gmail.com' is set on object 'Object Repository/Final Object Repo/Creating Employer Account/Page_Registration - ASSIST (Base)/Email'

2018-12-12 17:20:39 - [TEST_STEP][PASSED] - setText: Text '123' is set on object 'Object Repository/Final Object Repo/Creating Employer Account/Page_Registration - ASSIST (Base)/Security Phase'

2018-12-12 17:20:39 - [MESSAGE][PASSED] - Text '123' is set on object 'Object Repository/Final Object Repo/Creating Employer Account/Page_Registration - ASSIST (Base)/Security Phase'

2018-12-12 17:20:39 - [TEST_STEP][PASSED] - click: Object: 'Object Repository/Final Object Repo/Creating Employer Account/Page_Registration - ASSIST (Base)/Save  Continue' is clicked on

2018-12-12 17:20:40 - [MESSAGE][PASSED] - Object: 'Object Repository/Final Object Repo/Creating Employer Account/Page_Registration - ASSIST (Base)/Save  Continue' is clicked on

2018-12-12 17:20:40 - [TEST_STEP][PASSED] - delay: Delayed 2 second(s)

2018-12-12 17:20:42 - [MESSAGE][PASSED] - Delayed 2 second(s)

2018-12-12 17:20:42 - [TEST_STEP][PASSED] - click: Object: 'Object Repository/Final Object Repo/Creating Employer Account/Page_Registration - ASSIST (Base)/Add Document' is clicked on

2018-12-12 17:20:42 - [MESSAGE][PASSED] - Object: 'Object Repository/Final Object Repo/Creating Employer Account/Page_Registration - ASSIST (Base)/Add Document' is clicked on

2018-12-12 17:20:42 - [TEST_STEP][PASSED] - delay: Delayed 2 second(s)

2018-12-12 17:20:44 - [MESSAGE][PASSED] - Delayed 2 second(s)

2018-12-12 17:20:44 - [TEST_STEP][PASSED] - click: Object: 'Object Repository/Final Object Repo/Creating Employer Account/Page_Registration - ASSIST (Base)/Document Type' is clicked on

2018-12-12 17:20:44 - [MESSAGE][PASSED] - Object: 'Object Repository/Final Object Repo/Creating Employer Account/Page_Registration - ASSIST (Base)/Document Type' is clicked on

2018-12-12 17:20:44 - [TEST_STEP][PASSED] - delay: Delayed 2 second(s)

2018-12-12 17:20:46 - [MESSAGE][PASSED] - Delayed 2 second(s)

2018-12-12 17:20:46 - [TEST_STEP][PASSED] - click: Object: 'Object Repository/Final Object Repo/Creating Employer Account/Page_Registration - ASSIST (Base)/Document Type - Letter of Authorization' is clicked on

2018-12-12 17:20:46 - [MESSAGE][PASSED] - Object: 'Object Repository/Final Object Repo/Creating Employer Account/Page_Registration - ASSIST (Base)/Document Type - Letter of Authorization' is clicked on

2018-12-12 17:20:46 - [TEST_STEP][PASSED] - delay: Delayed 2 second(s)

2018-12-12 17:20:48 - [MESSAGE][PASSED] - Delayed 2 second(s)

2018-12-12 17:20:48 - [TEST_STEP][PASSED] - sendKeys: Keys 'C:\Users\Public\Pictures\Sample Pictures\Koala.jpg' sent to object: 'Object Repository/Final Object Repo/Creating Employer Account/Page_Registration - ASSIST (Base)/Uploading File'

2018-12-12 17:20:48 - [MESSAGE][PASSED] - Keys 'C:\Users\Public\Pictures\Sample Pictures\Koala.jpg' sent to object: 'Object Repository/Final Object Repo/Creating Employer Account/Page_Registration - ASSIST (Base)/Uploading File'

2018-12-12 17:20:48 - [TEST_STEP][PASSED] - delay: Delayed 2 second(s)

2018-12-12 17:20:50 - [MESSAGE][PASSED] - Delayed 2 second(s)

2018-12-12 17:20:50 - [TEST_STEP][PASSED] - click: Object: 'Object Repository/Final Object Repo/Creating Employer Account/Page_Registration - ASSIST (Base)/Add Document in Uploading File' is clicked on

2018-12-12 17:20:50 - [MESSAGE][PASSED] - Object: 'Object Repository/Final Object Repo/Creating Employer Account/Page_Registration - ASSIST (Base)/Add Document in Uploading File' is clicked on

2018-12-12 17:20:50 - [TEST_STEP][PASSED] - delay: Delayed 2 second(s)

2018-12-12 17:20:52 - [MESSAGE][PASSED] - Delayed 2 second(s)

2018-12-12 17:20:52 - [TEST_STEP][PASSED] - click: Object: 'Object Repository/Final Object Repo/Creating Employer Account/Page_Registration - ASSIST (Base)/Save' is clicked on

2018-12-12 17:20:53 - [MESSAGE][PASSED] - Object: 'Object Repository/Final Object Repo/Creating Employer Account/Page_Registration - ASSIST (Base)/Save' is clicked on

2018-12-12 17:20:53 - [TEST_STEP][PASSED] - delay: Delayed 2 second(s)

2018-12-12 17:20:55 - [MESSAGE][PASSED] - Delayed 2 second(s)

2018-12-12 17:20:55 - [TEST_STEP][PASSED] - click: Object: 'Object Repository/Final Object Repo/Creating Employer Account/Page_Registration - ASSIST (Base)/Submit' is clicked on

2018-12-12 17:20:55 - [MESSAGE][PASSED] - Object: 'Object Repository/Final Object Repo/Creating Employer Account/Page_Registration - ASSIST (Base)/Submit' is clicked on

2018-12-12 17:20:55 - [TEST_STEP][PASSED] - delay: Delayed 2 second(s)

2018-12-12 17:20:57 - [MESSAGE][PASSED] - Delayed 2 second(s)

2018-12-12 17:20:57 - [TEST_STEP][PASSED] - click: Object: 'Object Repository/Final Object Repo/Creating Employer Account/Page_Registration - ASSIST (Base)/Confirm' is clicked on

2018-12-12 17:20:57 - [MESSAGE][PASSED] - Object: 'Object Repository/Final Object Repo/Creating Employer Account/Page_Registration - ASSIST (Base)/Confirm' is clicked on

2018-12-12 17:20:57 - [MESSAGE][PASSED] - Call Test Case 'Test Cases/Final Aug 2018 - PKS Automation/Create Employer Acc/Template/Register Employer' successfully

2018-12-12 17:20:57 - [TEST_STEP][PASSED] - delay: Delayed 1 second(s)

2018-12-12 17:20:58 - [MESSAGE][PASSED] - Delayed 1 second(s)

2018-12-12 17:20:58 - [TEST_STEP][PASSED] - navigateToUrl: Navigate to 'https://assist2-uat.perkeso.gov.my/c/portal/logout' successfully

2018-12-12 17:21:00 - [MESSAGE][PASSED] - Navigate to 'https://assist2-uat.perkeso.gov.my/c/portal/logout' successfully

2018-12-12 17:21:00 - [TEST_STEP][PASSED] - delay: Delayed 1 second(s)

2018-12-12 17:21:01 - [MESSAGE][PASSED] - Delayed 1 second(s)

2018-12-12 17:21:01 - [TEST_STEP][PASSED] - callTestCase: Call Test Case 'Test Cases/Final Aug 2018 - PKS Automation/Create Employer Acc/Template/Change Password of Employer' successfully

2018-12-12 17:21:01 - [TEST_CASE][PASSED] - Test Cases/Final Aug 2018 - PKS Automation/Create Employer Acc/Template/Change Password of Employer: Test Cases/Final Aug 2018 - PKS Automation/Create Employer Acc/Template/Change Password of Employer

2018-12-12 17:21:01 - [TEST_STEP][PASSED] - openBrowser: Browser is opened with url: ''

2018-12-12 17:21:01 - [MESSAGE][WARNING] - A browser is already opened. Closing browser and opening a new one

2018-12-12 17:21:04 - [MESSAGE][PASSED] - Browser is opened with url: ''

2018-12-12 17:21:04 - [TEST_STEP][PASSED] - navigateToUrl: Navigate to 'https://assist2-uat.perkeso.gov.my/login' successfully

2018-12-12 17:21:05 - [MESSAGE][PASSED] - Navigate to 'https://assist2-uat.perkeso.gov.my/login' successfully

2018-12-12 17:21:05 - [TEST_STEP][PASSED] - delay: Delayed 5 second(s)

2018-12-12 17:21:10 - [MESSAGE][PASSED] - Delayed 5 second(s)

2018-12-12 17:21:10 - [TEST_STEP][PASSED] - setText: Text 'test@liferay.com' is set on object 'Object Repository/Final Object Repo/Login Page/Internal User/Email Address'

2018-12-12 17:21:10 - [MESSAGE][PASSED] - Text 'test@liferay.com' is set on object 'Object Repository/Final Object Repo/Login Page/Internal User/Email Address'

2018-12-12 17:21:10 - [TEST_STEP][PASSED] - click: Object: 'Object Repository/Final Object Repo/Login Page/Internal User/Next Button' is clicked on

2018-12-12 17:21:10 - [MESSAGE][PASSED] - Object: 'Object Repository/Final Object Repo/Login Page/Internal User/Next Button' is clicked on

2018-12-12 17:21:10 - [TEST_STEP][PASSED] - delay: Delayed 2 second(s)

2018-12-12 17:21:12 - [MESSAGE][PASSED] - Delayed 2 second(s)

2018-12-12 17:21:12 - [TEST_STEP][PASSED] - setText: Text 'test' is set on object 'Object Repository/Final Object Repo/Login Page/Internal User/Password'

2018-12-12 17:21:13 - [MESSAGE][PASSED] - Text 'test' is set on object 'Object Repository/Final Object Repo/Login Page/Internal User/Password'

2018-12-12 17:21:13 - [TEST_STEP][PASSED] - delay: Delayed 2 second(s)

2018-12-12 17:21:15 - [MESSAGE][PASSED] - Delayed 2 second(s)

2018-12-12 17:21:15 - [TEST_STEP][PASSED] - click: Object: 'Object Repository/Final Object Repo/Login Page/Internal User/Login Button' is clicked on

2018-12-12 17:21:15 - [MESSAGE][PASSED] - Object: 'Object Repository/Final Object Repo/Login Page/Internal User/Login Button' is clicked on

2018-12-12 17:21:15 - [TEST_STEP][PASSED] - delay: Delayed 3 second(s)

2018-12-12 17:21:18 - [MESSAGE][PASSED] - Delayed 3 second(s)

2018-12-12 17:21:18 - [TEST_STEP][PASSED] - navigateToUrl: Navigate to 'https://assist2-uat.perkeso.gov.my/group/control_panel/manage?p_p_id=125&p_p_lifecycle=0&p_p_state=maximized&p_p_mode=view&refererPlid=20455&_125_usersListView=flat-users&_125_toolbarItem=view-all-users&_125_saveUsersListView=true&_125_struts_action=%2Fusers_admin%2Fview' successfully

2018-12-12 17:21:19 - [MESSAGE][PASSED] - Navigate to 'https://assist2-uat.perkeso.gov.my/group/control_panel/manage?p_p_id=125&p_p_lifecycle=0&p_p_state=maximized&p_p_mode=view&refererPlid=20455&_125_usersListView=flat-users&_125_toolbarItem=view-all-users&_125_saveUsersListView=true&_125_struts_action=%2Fusers_admin%2Fview' successfully

2018-12-12 17:21:19 - [TEST_STEP][PASSED] - delay: Delayed 3 second(s)

2018-12-12 17:21:22 - [MESSAGE][PASSED] - Delayed 3 second(s)

2018-12-12 17:21:22 - [TEST_STEP][PASSED] - setText: Text 'perkeso627834147736@gmail.com' is set on object 'Object Repository/Final Object Repo/Creating Employer Account/Page_Users and Organizations - ASSIST/Employer name'

2018-12-12 17:21:23 - [MESSAGE][PASSED] - Text 'perkeso627834147736@gmail.com' is set on object 'Object Repository/Final Object Repo/Creating Employer Account/Page_Users and Organizations - ASSIST/Employer name'

2018-12-12 17:21:23 - [TEST_STEP][PASSED] - delay: Delayed 3 second(s)

2018-12-12 17:21:26 - [MESSAGE][PASSED] - Delayed 3 second(s)

2018-12-12 17:21:26 - [TEST_STEP][PASSED] - click: Object: 'Object Repository/Final Object Repo/Creating Employer Account/Page_Users and Organizations - ASSIST/Search' is clicked on

2018-12-12 17:21:26 - [MESSAGE][PASSED] - Object: 'Object Repository/Final Object Repo/Creating Employer Account/Page_Users and Organizations - ASSIST/Search' is clicked on

2018-12-12 17:21:26 - [TEST_STEP][PASSED] - delay: Delayed 3 second(s)

2018-12-12 17:21:29 - [MESSAGE][PASSED] - Delayed 3 second(s)

2018-12-12 17:21:29 - [TEST_STEP][PASSED] - click: Object: 'Object Repository/Final Object Repo/Creating Employer Account/Page_Users and Organizations - ASSIST/Action' is clicked on

2018-12-12 17:21:29 - [MESSAGE][PASSED] - Object: 'Object Repository/Final Object Repo/Creating Employer Account/Page_Users and Organizations - ASSIST/Action' is clicked on

2018-12-12 17:21:29 - [TEST_STEP][PASSED] - delay: Delayed 3 second(s)

2018-12-12 17:21:32 - [MESSAGE][PASSED] - Delayed 3 second(s)

2018-12-12 17:21:32 - [TEST_STEP][PASSED] - click: Object: 'Object Repository/Final Object Repo/Creating Employer Account/Page_Users and Organizations - ASSIST/Edit' is clicked on

2018-12-12 17:21:33 - [MESSAGE][PASSED] - Object: 'Object Repository/Final Object Repo/Creating Employer Account/Page_Users and Organizations - ASSIST/Edit' is clicked on

2018-12-12 17:21:33 - [TEST_STEP][PASSED] - delay: Delayed 3 second(s)

2018-12-12 17:21:36 - [MESSAGE][PASSED] - Delayed 3 second(s)

2018-12-12 17:21:36 - [TEST_STEP][PASSED] - click: Object: 'Object Repository/Final Object Repo/Creating Employer Account/Page_PERKESO - Users and Organizati/a_Password (Modified)' is clicked on

2018-12-12 17:21:37 - [MESSAGE][PASSED] - Object: 'Object Repository/Final Object Repo/Creating Employer Account/Page_PERKESO - Users and Organizati/a_Password (Modified)' is clicked on

2018-12-12 17:21:37 - [TEST_STEP][PASSED] - delay: Delayed 3 second(s)

2018-12-12 17:21:40 - [MESSAGE][PASSED] - Delayed 3 second(s)

2018-12-12 17:21:40 - [TEST_STEP][PASSED] - setEncryptedText: Text ****** has been set on object 'Object Repository/Final Object Repo/Creating Employer Account/Page_PERKESO - Users and Organizati/input__125_password1'

2018-12-12 17:21:40 - [MESSAGE][PASSED] - Text ****** has been set on object 'Object Repository/Final Object Repo/Creating Employer Account/Page_PERKESO - Users and Organizati/input__125_password1'

2018-12-12 17:21:40 - [TEST_STEP][PASSED] - delay: Delayed 3 second(s)

2018-12-12 17:21:43 - [MESSAGE][PASSED] - Delayed 3 second(s)

2018-12-12 17:21:43 - [TEST_STEP][PASSED] - setEncryptedText: Text ****** has been set on object 'Object Repository/Final Object Repo/Creating Employer Account/Page_PERKESO - Users and Organizati/input__125_password2'

2018-12-12 17:21:43 - [MESSAGE][PASSED] - Text ****** has been set on object 'Object Repository/Final Object Repo/Creating Employer Account/Page_PERKESO - Users and Organizati/input__125_password2'

2018-12-12 17:21:43 - [TEST_STEP][PASSED] - delay: Delayed 3 second(s)

2018-12-12 17:21:46 - [MESSAGE][PASSED] - Delayed 3 second(s)

2018-12-12 17:21:46 - [TEST_STEP][PASSED] - click: Object: 'Object Repository/Final Object Repo/Creating Employer Account/Page_PERKESO - Users and Organizati/Save' is clicked on

2018-12-12 17:21:48 - [MESSAGE][PASSED] - Object: 'Object Repository/Final Object Repo/Creating Employer Account/Page_PERKESO - Users and Organizati/Save' is clicked on

2018-12-12 17:21:48 - [MESSAGE][PASSED] - Call Test Case 'Test Cases/Final Aug 2018 - PKS Automation/Create Employer Acc/Template/Change Password of Employer' successfully

2018-12-12 17:21:48 - [TEST_STEP][PASSED] - delay: Delayed 1 second(s)

2018-12-12 17:21:49 - [MESSAGE][PASSED] - Delayed 1 second(s)

2018-12-12 17:21:49 - [TEST_STEP][PASSED] - navigateToUrl: Navigate to 'https://assist2-uat.perkeso.gov.my/c/portal/logout' successfully

2018-12-12 17:21:50 - [MESSAGE][PASSED] - Navigate to 'https://assist2-uat.perkeso.gov.my/c/portal/logout' successfully

2018-12-12 17:21:50 - [TEST_STEP][PASSED] - delay: Delayed 1 second(s)

2018-12-12 17:21:51 - [MESSAGE][PASSED] - Delayed 1 second(s)

2018-12-12 17:21:51 - [TEST_STEP][PASSED] - callTestCase: Call Test Case 'Test Cases/Final Aug 2018 - PKS Automation/Create Employer Acc/Template/Login to Employer Account (First Time)' successfully

2018-12-12 17:21:51 - [TEST_CASE][PASSED] - Test Cases/Final Aug 2018 - PKS Automation/Create Employer Acc/Template/Login to Employer Account (First Time): Test Cases/Final Aug 2018 - PKS Automation/Create Employer Acc/Template/Login to Employer Account (First Time)

2018-12-12 17:21:51 - [TEST_STEP][PASSED] - openBrowser: Browser is opened with url: ''

2018-12-12 17:21:51 - [MESSAGE][WARNING] - A browser is already opened. Closing browser and opening a new one

2018-12-12 17:21:54 - [MESSAGE][PASSED] - Browser is opened with url: ''

2018-12-12 17:21:54 - [TEST_STEP][PASSED] - navigateToUrl: Navigate to 'https://assist2-uat.perkeso.gov.my/employer/login' successfully

2018-12-12 17:21:55 - [MESSAGE][PASSED] - Navigate to 'https://assist2-uat.perkeso.gov.my/employer/login' successfully

2018-12-12 17:21:55 - [TEST_STEP][PASSED] - delay: Delayed 3 second(s)

2018-12-12 17:21:58 - [MESSAGE][PASSED] - Delayed 3 second(s)

2018-12-12 17:21:58 - [TEST_STEP][PASSED] - callTestCase: Call Test Case 'Test Cases/Final Aug 2018 - PKS Automation/Create Employer Acc/Template/Employer Email Getter' successfully

2018-12-12 17:21:58 - [TEST_CASE][PASSED] - Test Cases/Final Aug 2018 - PKS Automation/Create Employer Acc/Template/Employer Email Getter: Test Cases/Final Aug 2018 - PKS Automation/Create Employer Acc/Template/Employer Email Getter

2018-12-12 17:21:58 - [TEST_STEP][PASSED] - Statement - Try: null

2018-12-12 17:21:58 - [TEST_STEP][PASSED] - Statement - EmpEmail = new java.io.File(C://Users//Admin//Desktop//PKS//Automation Reference Point//EmpEmail.txt): null

2018-12-12 17:21:58 - [TEST_STEP][PASSED] - Statement - bufferread = new java.io.BufferedReader(new java.io.FileReader(EmpEmail)): null

2018-12-12 17:21:58 - [TEST_STEP][PASSED] - Statement - readedVal = bufferread.readLine(): null

2018-12-12 17:21:58 - [TEST_STEP][PASSED] - Statement - out.println(readedVal): null

2018-12-12 17:21:58 - [TEST_STEP][PASSED] - Statement - Email = readedVal: null

2018-12-12 17:21:58 - [MESSAGE][PASSED] - Call Test Case 'Test Cases/Final Aug 2018 - PKS Automation/Create Employer Acc/Template/Employer Email Getter' successfully

2018-12-12 17:21:58 - [TEST_STEP][PASSED] - setText: Text 'perkeso627834147736@gmail.com' is set on object 'Object Repository/Final Object Repo/Login Page/External Login Page/Email'

2018-12-12 17:21:59 - [MESSAGE][PASSED] - Text 'perkeso627834147736@gmail.com' is set on object 'Object Repository/Final Object Repo/Login Page/External Login Page/Email'

2018-12-12 17:21:59 - [TEST_STEP][PASSED] - click: Object: 'Object Repository/Final Object Repo/Login Page/External Login Page/Next' is clicked on

2018-12-12 17:21:59 - [MESSAGE][PASSED] - Object: 'Object Repository/Final Object Repo/Login Page/External Login Page/Next' is clicked on

2018-12-12 17:21:59 - [TEST_STEP][PASSED] - delay: Delayed 3 second(s)

2018-12-12 17:22:02 - [MESSAGE][PASSED] - Delayed 3 second(s)

2018-12-12 17:22:02 - [TEST_STEP][PASSED] - setEncryptedText: Text ****** has been set on object 'Object Repository/Final Object Repo/Login Page/External Login Page/Password'

2018-12-12 17:22:02 - [MESSAGE][PASSED] - Text ****** has been set on object 'Object Repository/Final Object Repo/Login Page/External Login Page/Password'

2018-12-12 17:22:02 - [TEST_STEP][PASSED] - click: Object: 'Object Repository/Final Object Repo/Login Page/External Login Page/Login' is clicked on

2018-12-12 17:22:02 - [MESSAGE][PASSED] - Object: 'Object Repository/Final Object Repo/Login Page/External Login Page/Login' is clicked on

2018-12-12 17:22:02 - [TEST_STEP][PASSED] - delay: Delayed 3 second(s)

2018-12-12 17:22:05 - [MESSAGE][PASSED] - Delayed 3 second(s)

2018-12-12 17:22:05 - [TEST_STEP][PASSED] - click: Object: 'Object Repository/Final Object Repo/Creating Employer Account/Page_Terms of Use - ASSIST/button_I Agree' is clicked on

2018-12-12 17:22:06 - [MESSAGE][PASSED] - Object: 'Object Repository/Final Object Repo/Creating Employer Account/Page_Terms of Use - ASSIST/button_I Agree' is clicked on

2018-12-12 17:22:06 - [TEST_STEP][PASSED] - delay: Delayed 2 second(s)

2018-12-12 17:22:08 - [MESSAGE][PASSED] - Delayed 2 second(s)

2018-12-12 17:22:08 - [TEST_STEP][PASSED] - setEncryptedText: Text ****** has been set on object 'Object Repository/Final Object Repo/Creating Employer Account/Page_New Password - ASSIST/input_password1'

2018-12-12 17:22:09 - [MESSAGE][PASSED] - Text ****** has been set on object 'Object Repository/Final Object Repo/Creating Employer Account/Page_New Password - ASSIST/input_password1'

2018-12-12 17:22:09 - [TEST_STEP][PASSED] - setEncryptedText: Text ****** has been set on object 'Object Repository/Final Object Repo/Creating Employer Account/Page_New Password - ASSIST/input_password2'

2018-12-12 17:22:09 - [MESSAGE][PASSED] - Text ****** has been set on object 'Object Repository/Final Object Repo/Creating Employer Account/Page_New Password - ASSIST/input_password2'

2018-12-12 17:22:09 - [TEST_STEP][PASSED] - delay: Delayed 2 second(s)

2018-12-12 17:22:11 - [MESSAGE][PASSED] - Delayed 2 second(s)

2018-12-12 17:22:11 - [TEST_STEP][PASSED] - click: Object: 'Object Repository/Final Object Repo/Creating Employer Account/Page_New Password - ASSIST/Save' is clicked on

2018-12-12 17:22:12 - [MESSAGE][PASSED] - Object: 'Object Repository/Final Object Repo/Creating Employer Account/Page_New Password - ASSIST/Save' is clicked on

2018-12-12 17:22:12 - [TEST_STEP][PASSED] - delay: Delayed 2 second(s)

2018-12-12 17:22:14 - [MESSAGE][PASSED] - Delayed 2 second(s)

2018-12-12 17:22:14 - [TEST_STEP][PASSED] - setText: Text 'test' is set on object 'Object Repository/Final Object Repo/Creating Employer Account/Page_Password Reminder - ASSIST/Reminder Query Answer'

2018-12-12 17:22:14 - [MESSAGE][PASSED] - Text 'test' is set on object 'Object Repository/Final Object Repo/Creating Employer Account/Page_Password Reminder - ASSIST/Reminder Query Answer'

2018-12-12 17:22:14 - [TEST_STEP][PASSED] - delay: Delayed 2 second(s)

2018-12-12 17:22:16 - [MESSAGE][PASSED] - Delayed 2 second(s)

2018-12-12 17:22:16 - [TEST_STEP][PASSED] - doubleClick: Object: 'Object Repository/Final Object Repo/Creating Employer Account/Page_Password Reminder - ASSIST/Save' is double clicked on

2018-12-12 17:22:16 - [MESSAGE][PASSED] - Object: 'Object Repository/Final Object Repo/Creating Employer Account/Page_Password Reminder - ASSIST/Save' is double clicked on

2018-12-12 17:22:16 - [MESSAGE][PASSED] - Call Test Case 'Test Cases/Final Aug 2018 - PKS Automation/Create Employer Acc/Template/Login to Employer Account (First Time)' successfully

2018-12-12 17:22:16 - [MESSAGE][PASSED] - Call Test Case 'Test Cases/Final Aug 2018 - PKS Automation/Create Employer Acc/Create Employer Account' successfully

2018-12-12 17:22:16 - [TEST_STEP][PASSED] - callTestCase: Call Test Case 'Test Cases/Final Aug 2018 - PKS Automation/Registration Module/Log Out/log out avoiding katalon tagging' successfully

2018-12-12 17:22:17 - [TEST_CASE][PASSED] - Test Cases/Final Aug 2018 - PKS Automation/Registration Module/Log Out/log out avoiding katalon tagging: Test Cases/Final Aug 2018 - PKS Automation/Registration Module/Log Out/log out avoiding katalon tagging

2018-12-12 17:22:17 - [TEST_STEP][PASSED] - navigateToUrl: Navigate to 'https://assist2-uat.perkeso.gov.my/c/portal/logout' successfully

2018-12-12 17:22:19 - [MESSAGE][PASSED] - Navigate to 'https://assist2-uat.perkeso.gov.my/c/portal/logout' successfully

2018-12-12 17:22:19 - [MESSAGE][PASSED] - Call Test Case 'Test Cases/Final Aug 2018 - PKS Automation/Registration Module/Log Out/log out avoiding katalon tagging' successfully

2018-12-12 17:22:19 - [TEST_STEP][PASSED] - callTestCase: Call Test Case 'Test Cases/Final Aug 2018 - PKS Automation/Create Employer Acc/Login to Employer Account (Second time)' successfully

2018-12-12 17:22:20 - [TEST_CASE][PASSED] - Test Cases/Final Aug 2018 - PKS Automation/Create Employer Acc/Login to Employer Account (Second time): Test Cases/Final Aug 2018 - PKS Automation/Create Employer Acc/Login to Employer Account (Second time)

2018-12-12 17:22:20 - [TEST_STEP][PASSED] - openBrowser: Browser is opened with url: ''

2018-12-12 17:22:20 - [MESSAGE][WARNING] - A browser is already opened. Closing browser and opening a new one

2018-12-12 17:22:23 - [MESSAGE][PASSED] - Browser is opened with url: ''

2018-12-12 17:22:23 - [TEST_STEP][PASSED] - navigateToUrl: Navigate to 'https://assist2-uat.perkeso.gov.my/employer/login' successfully

2018-12-12 17:22:24 - [MESSAGE][PASSED] - Navigate to 'https://assist2-uat.perkeso.gov.my/employer/login' successfully

2018-12-12 17:22:24 - [TEST_STEP][PASSED] - delay: Delayed 3 second(s)

2018-12-12 17:22:27 - [MESSAGE][PASSED] - Delayed 3 second(s)

2018-12-12 17:22:27 - [TEST_STEP][PASSED] - callTestCase: Call Test Case 'Test Cases/Final Aug 2018 - PKS Automation/Create Employer Acc/Template/Employer Email Getter' successfully

2018-12-12 17:22:27 - [TEST_CASE][PASSED] - Test Cases/Final Aug 2018 - PKS Automation/Create Employer Acc/Template/Employer Email Getter: Test Cases/Final Aug 2018 - PKS Automation/Create Employer Acc/Template/Employer Email Getter

2018-12-12 17:22:27 - [TEST_STEP][PASSED] - Statement - Try: null

2018-12-12 17:22:27 - [TEST_STEP][PASSED] - Statement - EmpEmail = new java.io.File(C://Users//Admin//Desktop//PKS//Automation Reference Point//EmpEmail.txt): null

2018-12-12 17:22:27 - [TEST_STEP][PASSED] - Statement - bufferread = new java.io.BufferedReader(new java.io.FileReader(EmpEmail)): null

2018-12-12 17:22:27 - [TEST_STEP][PASSED] - Statement - readedVal = bufferread.readLine(): null

2018-12-12 17:22:27 - [TEST_STEP][PASSED] - Statement - out.println(readedVal): null

2018-12-12 17:22:27 - [TEST_STEP][PASSED] - Statement - Email = readedVal: null

2018-12-12 17:22:27 - [MESSAGE][PASSED] - Call Test Case 'Test Cases/Final Aug 2018 - PKS Automation/Create Employer Acc/Template/Employer Email Getter' successfully

2018-12-12 17:22:27 - [TEST_STEP][PASSED] - setText: Text 'perkeso627834147736@gmail.com' is set on object 'Object Repository/Final Object Repo/Login Page/External Login Page/Email'

2018-12-12 17:22:27 - [MESSAGE][PASSED] - Text 'perkeso627834147736@gmail.com' is set on object 'Object Repository/Final Object Repo/Login Page/External Login Page/Email'

2018-12-12 17:22:27 - [TEST_STEP][PASSED] - click: Object: 'Object Repository/Final Object Repo/Login Page/External Login Page/Next' is clicked on

2018-12-12 17:22:27 - [MESSAGE][PASSED] - Object: 'Object Repository/Final Object Repo/Login Page/External Login Page/Next' is clicked on

2018-12-12 17:22:27 - [TEST_STEP][PASSED] - delay: Delayed 3 second(s)

2018-12-12 17:22:30 - [MESSAGE][PASSED] - Delayed 3 second(s)

2018-12-12 17:22:30 - [TEST_STEP][PASSED] - setEncryptedText: Text ****** has been set on object 'Object Repository/Final Object Repo/Login Page/External Login Page/Password'

2018-12-12 17:22:31 - [MESSAGE][PASSED] - Text ****** has been set on object 'Object Repository/Final Object Repo/Login Page/External Login Page/Password'

2018-12-12 17:22:31 - [TEST_STEP][PASSED] - click: Object: 'Object Repository/Final Object Repo/Login Page/External Login Page/Login' is clicked on

2018-12-12 17:22:31 - [MESSAGE][PASSED] - Object: 'Object Repository/Final Object Repo/Login Page/External Login Page/Login' is clicked on

2018-12-12 17:22:31 - [TEST_STEP][PASSED] - delay: Delayed 5 second(s)

2018-12-12 17:22:36 - [MESSAGE][PASSED] - Delayed 5 second(s)

2018-12-12 17:22:36 - [MESSAGE][PASSED] - Call Test Case 'Test Cases/Final Aug 2018 - PKS Automation/Create Employer Acc/Login to Employer Account (Second time)' successfully

2018-12-12 17:22:36 - [TEST_STEP][PASSED] - delay: Delayed 4 second(s)

2018-12-12 17:22:40 - [MESSAGE][PASSED] - Delayed 4 second(s)

2018-12-12 17:22:40 - [TEST_STEP][PASSED] - Statement - Try: Delayed 2 second(s)

2018-12-12 17:22:40 - [TEST_STEP][PASSED] - Statement - Checker = false: null

2018-12-12 17:22:40 - [TEST_STEP][PASSED] - Statement - Checker = com.kms.katalon.core.webui.keyword.WebUiBuiltInKeywords.verifyElementHasAttribute(com.kms.katalon.core.testobject.ObjectRepository.findTestObject(Final Object Repo/Landing Page/BM Detecting), "href", 20, OPTIONAL): Object 'Object Repository/Final Object Repo/Landing Page/BM Detecting' has attribute 'href'

2018-12-12 17:22:40 - [MESSAGE][PASSED] - Object 'Object Repository/Final Object Repo/Landing Page/BM Detecting' has attribute 'href'

2018-12-12 17:22:40 - [TEST_STEP][PASSED] - Statement - out.println(Checker): null

2018-12-12 17:22:40 - [TEST_STEP][PASSED] - Statement - If (Checker == false): null

2018-12-12 17:22:40 - [TEST_STEP][PASSED] - Statement - Else: null

2018-12-12 17:22:40 - [TEST_STEP][PASSED] - delay: Delayed 2 second(s)

2018-12-12 17:22:42 - [MESSAGE][PASSED] - Delayed 2 second(s)

2018-12-12 17:22:42 - [TEST_STEP][PASSED] - delay: Delayed 4 second(s)

2018-12-12 17:22:46 - [MESSAGE][PASSED] - Delayed 4 second(s)

2018-12-12 17:22:46 - [TEST_STEP][PASSED] - click: Object: 'Object Repository/Final Object Repo/Landing Page/My Sites Drop Down' is clicked on

2018-12-12 17:22:46 - [MESSAGE][PASSED] - Object: 'Object Repository/Final Object Repo/Landing Page/My Sites Drop Down' is clicked on

2018-12-12 17:22:46 - [TEST_STEP][PASSED] - click: Object: 'Object Repository/Final Object Repo/Landing Page/Select to Registration Module' is clicked on

2018-12-12 17:22:49 - [MESSAGE][PASSED] - Object: 'Object Repository/Final Object Repo/Landing Page/Select to Registration Module' is clicked on

2018-12-12 17:22:49 - [TEST_STEP][PASSED] - click: Object: 'Object Repository/Final Object Repo/Landing Page/Registration Button' is clicked on

2018-12-12 17:22:50 - [MESSAGE][PASSED] - Object: 'Object Repository/Final Object Repo/Landing Page/Registration Button' is clicked on

2018-12-12 17:22:50 - [TEST_STEP][PASSED] - delay: Delayed 2 second(s)

2018-12-12 17:22:52 - [MESSAGE][PASSED] - Delayed 2 second(s)

2018-12-12 17:22:52 - [TEST_STEP][PASSED] - click: Object: 'Object Repository/Final Object Repo/New Registration - Registration Module Pages/New Reg - OTC to RO/Special Case - OTC - Form 1/AEC NO' is clicked on

2018-12-12 17:22:52 - [MESSAGE][PASSED] - Object: 'Object Repository/Final Object Repo/New Registration - Registration Module Pages/New Reg - OTC to RO/Special Case - OTC - Form 1/AEC NO' is clicked on

2018-12-12 17:22:52 - [TEST_STEP][PASSED] - click: Object: 'Object Repository/Final Object Repo/New Registration - Registration Module Pages/New Reg - OTC to RO/Special Case - OTC - Form 1/Business Entity - Please Select' is clicked on

2018-12-12 17:22:53 - [MESSAGE][PASSED] - Object: 'Object Repository/Final Object Repo/New Registration - Registration Module Pages/New Reg - OTC to RO/Special Case - OTC - Form 1/Business Entity - Please Select' is clicked on

2018-12-12 17:22:53 - [TEST_STEP][PASSED] - click: Object: 'Object Repository/Final Object Repo/New Registration - Registration Module Pages/New Reg - OTC to RO/Special Case - OTC - Form 1/Selected - Corporation' is clicked on

2018-12-12 17:22:53 - [MESSAGE][PASSED] - Object: 'Object Repository/Final Object Repo/New Registration - Registration Module Pages/New Reg - OTC to RO/Special Case - OTC - Form 1/Selected - Corporation' is clicked on

2018-12-12 17:22:53 - [TEST_STEP][PASSED] - delay: Delayed 2 second(s)

2018-12-12 17:22:55 - [MESSAGE][PASSED] - Delayed 2 second(s)

2018-12-12 17:22:55 - [TEST_STEP][PASSED] - click: Object: 'Object Repository/Final Object Repo/New Registration - Registration Module Pages/New Reg - OTC to RO/Special Case - OTC - Form 1/Sub Business Entity - Please Select' is clicked on

2018-12-12 17:22:55 - [MESSAGE][PASSED] - Object: 'Object Repository/Final Object Repo/New Registration - Registration Module Pages/New Reg - OTC to RO/Special Case - OTC - Form 1/Sub Business Entity - Please Select' is clicked on

2018-12-12 17:22:55 - [TEST_STEP][PASSED] - delay: Delayed 2 second(s)

2018-12-12 17:22:57 - [MESSAGE][PASSED] - Delayed 2 second(s)

2018-12-12 17:22:57 - [TEST_STEP][PASSED] - click: Object: 'Object Repository/Final Object Repo/New Registration - Registration Module Pages/New Reg - OTC to RO/Special Case - OTC - Form 1/Selected - Sendirian Berhad' is clicked on

2018-12-12 17:22:57 - [MESSAGE][PASSED] - Object: 'Object Repository/Final Object Repo/New Registration - Registration Module Pages/New Reg - OTC to RO/Special Case - OTC - Form 1/Selected - Sendirian Berhad' is clicked on

2018-12-12 17:22:57 - [TEST_STEP][PASSED] - setText: Text 'AUTOMATE001' is set on object 'Object Repository/Final Object Repo/New Registration - Registration Module Pages/New Reg - OTC to RO/Special Case - OTC - Form 1/Input BRN Number'

2018-12-12 17:22:58 - [MESSAGE][PASSED] - Text 'AUTOMATE001' is set on object 'Object Repository/Final Object Repo/New Registration - Registration Module Pages/New Reg - OTC to RO/Special Case - OTC - Form 1/Input BRN Number'

2018-12-12 17:22:58 - [TEST_STEP][PASSED] - delay: Delayed 2 second(s)

2018-12-12 17:23:00 - [MESSAGE][PASSED] - Delayed 2 second(s)

2018-12-12 17:23:00 - [TEST_STEP][PASSED] - click: Object: 'Object Repository/Final Object Repo/New Registration - Registration Module Pages/New Reg - OTC to RO/Special Case - OTC - Form 1/BRN Search' is clicked on

2018-12-12 17:23:00 - [MESSAGE][PASSED] - Object: 'Object Repository/Final Object Repo/New Registration - Registration Module Pages/New Reg - OTC to RO/Special Case - OTC - Form 1/BRN Search' is clicked on

2018-12-12 17:23:00 - [TEST_STEP][PASSED] - delay: Delayed 4 second(s)

2018-12-12 17:23:04 - [MESSAGE][PASSED] - Delayed 4 second(s)

2018-12-12 17:23:04 - [TEST_STEP][PASSED] - click: Object: 'Object Repository/Final Object Repo/New Registration - Registration Module Pages/New Reg - OTC to RO/Special Case - OTC - Form 1/Registered with SSM - After Feb 2017' is clicked on

2018-12-12 17:23:04 - [MESSAGE][PASSED] - Object: 'Object Repository/Final Object Repo/New Registration - Registration Module Pages/New Reg - OTC to RO/Special Case - OTC - Form 1/Registered with SSM - After Feb 2017' is clicked on

2018-12-12 17:23:04 - [TEST_STEP][PASSED] - delay: Delayed 2 second(s)

2018-12-12 17:23:06 - [MESSAGE][PASSED] - Delayed 2 second(s)

2018-12-12 17:23:06 - [TEST_STEP][PASSED] - click: Object: 'Object Repository/Final Object Repo/New Registration - Registration Module Pages/Form 1/Registered As a Branch - Yes' is clicked on

2018-12-12 17:23:06 - [MESSAGE][PASSED] - Object: 'Object Repository/Final Object Repo/New Registration - Registration Module Pages/Form 1/Registered As a Branch - Yes' is clicked on

2018-12-12 17:23:06 - [TEST_STEP][PASSED] - click: Object: 'Object Repository/Final Object Repo/New Registration - Registration Module Pages/New Reg - OTC to RO/Special Case - OTC - Form 1/Acknowledgement Ticked' is clicked on

2018-12-12 17:23:06 - [MESSAGE][PASSED] - Object: 'Object Repository/Final Object Repo/New Registration - Registration Module Pages/New Reg - OTC to RO/Special Case - OTC - Form 1/Acknowledgement Ticked' is clicked on

2018-12-12 17:23:06 - [TEST_STEP][PASSED] - setText: Text 'perkeso627834147736@gmail.com' is set on object 'Object Repository/Final Object Repo/New Registration - Registration Module Pages/Form 1/Email'

2018-12-12 17:23:07 - [MESSAGE][PASSED] - Text 'perkeso627834147736@gmail.com' is set on object 'Object Repository/Final Object Repo/New Registration - Registration Module Pages/Form 1/Email'

2018-12-12 17:23:07 - [TEST_STEP][PASSED] - click: Object: 'Object Repository/Final Object Repo/New Registration - Registration Module Pages/New Reg - OTC to RO/Special Case - OTC - Form 1/Submit Button' is clicked on

2018-12-12 17:23:07 - [MESSAGE][PASSED] - Object: 'Object Repository/Final Object Repo/New Registration - Registration Module Pages/New Reg - OTC to RO/Special Case - OTC - Form 1/Submit Button' is clicked on

2018-12-12 17:23:07 - [TEST_STEP][PASSED] - callTestCase: Call Test Case 'Test Cases/Final Aug 2018 - PKS Automation/Registration Module/New Registration/Form 2/Add 1 Eligible - Employer Account Use' successfully

2018-12-12 17:23:07 - [TEST_CASE][PASSED] - Test Cases/Final Aug 2018 - PKS Automation/Registration Module/New Registration/Form 2/Add 1 Eligible - Employer Account Use: Test Cases/Final Aug 2018 - PKS Automation/Registration Module/New Registration/Form 2/Add 1 Eligible - Employer Account Use

2018-12-12 17:23:08 - [TEST_STEP][PASSED] - delay: Delayed 2 second(s)

2018-12-12 17:23:10 - [MESSAGE][PASSED] - Delayed 2 second(s)

2018-12-12 17:23:10 - [TEST_STEP][PASSED] - callTestCase: Call Test Case 'Test Cases/Final Aug 2018 - PKS Automation/Registration Module/New Registration/Form 2/Date Updater' successfully

2018-12-12 17:23:10 - [TEST_CASE][PASSED] - Test Cases/Final Aug 2018 - PKS Automation/Registration Module/New Registration/Form 2/Date Updater: Test Cases/Final Aug 2018 - PKS Automation/Registration Module/New Registration/Form 2/Date Updater

2018-12-12 17:23:10 - [TEST_STEP][PASSED] - Statement - TodayDate = new java.util.Date(): null

2018-12-12 17:23:10 - [TEST_STEP][PASSED] - Statement - CurrentDateNoFilter = new java.text.SimpleDateFormat(): null

2018-12-12 17:23:10 - [TEST_STEP][PASSED] - Statement - CurrentDateNoFilter.applyPattern("MM"): null

2018-12-12 17:23:10 - [TEST_STEP][PASSED] - Statement - monthContainerMatcher = java.lang.Integer.parseInt(CurrentDateNoFilter.format(TodayDate)): null

2018-12-12 17:23:10 - [TEST_STEP][PASSED] - Statement - monthContainerMatcher = monthContainerMatcher - 1: null

2018-12-12 17:23:10 - [TEST_STEP][PASSED] - Statement - CurrentMonth = monthContainerMatcher.toString(): null

2018-12-12 17:23:10 - [TEST_STEP][PASSED] - Statement - CurrentMonth = CurrentMonth: null

2018-12-12 17:23:10 - [TEST_STEP][PASSED] - Statement - CurrentDateNoFilter.applyPattern("yyyy"): null

2018-12-12 17:23:10 - [TEST_STEP][PASSED] - Statement - CurrentYear = CurrentDateNoFilter.format(TodayDate): null

2018-12-12 17:23:10 - [TEST_STEP][PASSED] - Statement - CurrentYear = CurrentYear: null

2018-12-12 17:23:10 - [TEST_STEP][PASSED] - Statement - intCurrentYear = java.lang.Integer.parseInt(CurrentDateNoFilter.format(TodayDate)): null

2018-12-12 17:23:10 - [TEST_STEP][PASSED] - Statement - eighteenYrsAgo = intCurrentYear - 18: null

2018-12-12 17:23:10 - [TEST_STEP][PASSED] - Statement - eighteenYrsBeforeThisYr = eighteenYrsAgo.toString(): null

2018-12-12 17:23:10 - [TEST_STEP][PASSED] - Statement - EighteenYrsBefore = eighteenYrsBeforeThisYr: null

2018-12-12 17:23:10 - [TEST_STEP][PASSED] - Statement - fiftysevenYrsAgo = intCurrentYear - 57: null

2018-12-12 17:23:10 - [TEST_STEP][PASSED] - Statement - fiftysevenYrsBeforeThisYr = fiftysevenYrsAgo.toString(): null

2018-12-12 17:23:10 - [TEST_STEP][PASSED] - Statement - FiftysevenYrsBefore = fiftysevenYrsBeforeThisYr: null

2018-12-12 17:23:10 - [TEST_STEP][PASSED] - Statement - leapYear = false: null

2018-12-12 17:23:10 - [TEST_STEP][PASSED] - Statement - leapYear = intCurrentYear % 4 == 0: null

2018-12-12 17:23:10 - [TEST_STEP][PASSED] - Statement - CurrentDateNoFilter.applyPattern("dd"): null

2018-12-12 17:23:10 - [TEST_STEP][PASSED] - Statement - CurrentDate = CurrentDateNoFilter.format(TodayDate): null

2018-12-12 17:23:10 - [TEST_STEP][PASSED] - Statement - CurrentDate = java.lang.Integer.parseInt(CurrentDate): null

2018-12-12 17:23:10 - [TEST_STEP][PASSED] - Statement - CurrentDate = CurrentDate: null

2018-12-12 17:23:10 - [TEST_STEP][PASSED] - Statement - CurrentDay = java.lang.Integer.parseInt(CurrentDate): null

2018-12-12 17:23:10 - [TEST_STEP][PASSED] - Statement - ConfAdder = <not implemented yet for class: org.codehaus.groovy.ast.expr.EmptyExpression>: null

2018-12-12 17:23:10 - [TEST_STEP][PASSED] - Statement - out.println(CurrentMonth): null

2018-12-12 17:23:10 - [TEST_STEP][PASSED] - Statement - out.println(CurrentDate): null

2018-12-12 17:23:10 - [TEST_STEP][PASSED] - Statement - switch (CurrentDate): null

2018-12-12 17:23:10 - [TEST_STEP][PASSED] - Statement - Default: null

2018-12-12 17:23:10 - [TEST_STEP][PASSED] - Statement - ConfAdder = true: null

2018-12-12 17:23:10 - [TEST_STEP][PASSED] - Statement - Break: null

2018-12-12 17:23:10 - [TEST_STEP][PASSED] - Statement - aDayBefore = <not implemented yet for class: org.codehaus.groovy.ast.expr.EmptyExpression>: null

2018-12-12 17:23:10 - [TEST_STEP][PASSED] - Statement - out.println(ConfAdder): null

2018-12-12 17:23:10 - [TEST_STEP][PASSED] - Statement - If (ConfAdder == true): null

2018-12-12 17:23:10 - [TEST_STEP][PASSED] - Statement - aDayBefore = CurrentDay + 1: null

2018-12-12 17:23:10 - [TEST_STEP][PASSED] - Statement - out.println(aDayBefore): null

2018-12-12 17:23:10 - [TEST_STEP][PASSED] - Statement - If (aDayBefore == 1 && CurrentMonth == 11): null

2018-12-12 17:23:10 - [TEST_STEP][PASSED] - Statement - DayBefore = aDayBefore.toString(): null

2018-12-12 17:23:10 - [TEST_STEP][PASSED] - Statement - OneDayBefore = DayBefore: null

2018-12-12 17:23:10 - [MESSAGE][PASSED] - Call Test Case 'Test Cases/Final Aug 2018 - PKS Automation/Registration Module/New Registration/Form 2/Date Updater' successfully

2018-12-12 17:23:10 - [TEST_STEP][PASSED] - delay: Delayed 1 second(s)

2018-12-12 17:23:11 - [MESSAGE][PASSED] - Delayed 1 second(s)

2018-12-12 17:23:11 - [TEST_STEP][PASSED] - Statement - CaseReferenceNo = com.kms.katalon.core.webui.keyword.WebUiBuiltInKeywords.getText(com.kms.katalon.core.testobject.ObjectRepository.findTestObject(Final Object Repo/New Registration - Registration Module Pages/Form 2/RefNo Acquiring)): Text of object 'Object Repository/Final Object Repo/New Registration - Registration Module Pages/Form 2/RefNo Acquiring' is: 'CRN12201800123222'

2018-12-12 17:23:11 - [MESSAGE][PASSED] - Text of object 'Object Repository/Final Object Repo/New Registration - Registration Module Pages/Form 2/RefNo Acquiring' is: 'CRN12201800123222'

2018-12-12 17:23:11 - [TEST_STEP][PASSED] - delay: Delayed 1 second(s)

2018-12-12 17:23:12 - [MESSAGE][PASSED] - Delayed 1 second(s)

2018-12-12 17:23:12 - [TEST_STEP][PASSED] - click: Object: 'Object Repository/Final Object Repo/New Registration - Registration Module Pages/Form 2/Add Employee Button' is clicked on

2018-12-12 17:23:12 - [MESSAGE][PASSED] - Object: 'Object Repository/Final Object Repo/New Registration - Registration Module Pages/Form 2/Add Employee Button' is clicked on

2018-12-12 17:23:12 - [TEST_STEP][PASSED] - delay: Delayed 1 second(s)

2018-12-12 17:23:13 - [MESSAGE][PASSED] - Delayed 1 second(s)

2018-12-12 17:23:13 - [TEST_STEP][PASSED] - setText: Text '010903091948' is set on object 'Object Repository/Final Object Repo/New Registration - Registration Module Pages/Form 2/NRIC Input'

2018-12-12 17:23:14 - [MESSAGE][PASSED] - Text '010903091948' is set on object 'Object Repository/Final Object Repo/New Registration - Registration Module Pages/Form 2/NRIC Input'

2018-12-12 17:23:14 - [TEST_STEP][PASSED] - delay: Delayed 2 second(s)

2018-12-12 17:23:16 - [MESSAGE][PASSED] - Delayed 2 second(s)

2018-12-12 17:23:16 - [TEST_STEP][PASSED] - setText: Text 'Automate001 eligible 1' is set on object 'Object Repository/Final Object Repo/New Registration - Registration Module Pages/Form 2/Employee Name Input'

2018-12-12 17:23:16 - [MESSAGE][PASSED] - Text 'Automate001 eligible 1' is set on object 'Object Repository/Final Object Repo/New Registration - Registration Module Pages/Form 2/Employee Name Input'

2018-12-12 17:23:16 - [TEST_STEP][PASSED] - delay: Delayed 2 second(s)

2018-12-12 17:23:18 - [MESSAGE][PASSED] - Delayed 2 second(s)

2018-12-12 17:23:18 - [TEST_STEP][PASSED] - click: Object: 'Object Repository/Final Object Repo/New Registration - Registration Module Pages/Form 2/DatePicker Pop Up' is clicked on

2018-12-12 17:23:18 - [MESSAGE][PASSED] - Object: 'Object Repository/Final Object Repo/New Registration - Registration Module Pages/Form 2/DatePicker Pop Up' is clicked on

2018-12-12 17:23:18 - [TEST_STEP][PASSED] - click: Object: 'Object Repository/Final Object Repo/New Registration - Registration Module Pages/Form 2/DOB Month' is clicked on

2018-12-12 17:23:19 - [MESSAGE][PASSED] - Object: 'Object Repository/Final Object Repo/New Registration - Registration Module Pages/Form 2/DOB Month' is clicked on

2018-12-12 17:23:19 - [TEST_STEP][PASSED] - Statement - CurrentMonth = CurrentMonth: null

2018-12-12 17:23:19 - [TEST_STEP][PASSED] - Statement - selectMonth = new com.kms.katalon.core.testobject.TestObject(): null

2018-12-12 17:23:19 - [TEST_STEP][PASSED] - Statement - selectMonth.addProperty("xpath", EQUALS, "//body/div/div/div/select/option[@value='" + CurrentMonth + "']", true): null

2018-12-12 17:23:19 - [TEST_STEP][PASSED] - click: Object: '' is clicked on

2018-12-12 17:23:19 - [MESSAGE][PASSED] - Object: '' is clicked on

2018-12-12 17:23:19 - [TEST_STEP][PASSED] - click: Object: 'Object Repository/Final Object Repo/New Registration - Registration Module Pages/Form 2/DOB Year' is clicked on

2018-12-12 17:23:19 - [MESSAGE][PASSED] - Object: 'Object Repository/Final Object Repo/New Registration - Registration Module Pages/Form 2/DOB Year' is clicked on

2018-12-12 17:23:19 - [TEST_STEP][PASSED] - Statement - Eyearsbf = EighteenYrsBefore: null

2018-12-12 17:23:19 - [TEST_STEP][PASSED] - Statement - selectYear = new com.kms.katalon.core.testobject.TestObject(): null

2018-12-12 17:23:19 - [TEST_STEP][PASSED] - Statement - selectYear.addProperty("xpath", EQUALS, "//div/div/div/select/option[@value='" + Eyearsbf + "']", true): null

2018-12-12 17:23:19 - [TEST_STEP][PASSED] - click: Object: '' is clicked on

2018-12-12 17:23:19 - [MESSAGE][PASSED] - Object: '' is clicked on

2018-12-12 17:23:19 - [TEST_STEP][PASSED] - Statement - UpdatedSelectDate = com.kms.katalon.core.webui.keyword.WebUiBuiltInKeywords.modifyObjectProperty(com.kms.katalon.core.testobject.ObjectRepository.findTestObject(Final Object Repo/New Registration - Registration Module Pages/Form 2/DOB Date), "xpath", "equals", "//body/div/table/tbody/tr/td/a[text()="" + CurrentDate + ""]", true): Modify property of object successfully

2018-12-12 17:23:19 - [MESSAGE][PASSED] - Modify property of object successfully

2018-12-12 17:23:19 - [TEST_STEP][PASSED] - delay: Delayed 3 second(s)

2018-12-12 17:23:22 - [MESSAGE][PASSED] - Delayed 3 second(s)

2018-12-12 17:23:22 - [TEST_STEP][PASSED] - click: Object: 'Object Repository/Final Object Repo/New Registration - Registration Module Pages/Form 2/DOB Date' is clicked on

2018-12-12 17:23:22 - [MESSAGE][PASSED] - Object: 'Object Repository/Final Object Repo/New Registration - Registration Module Pages/Form 2/DOB Date' is clicked on

2018-12-12 17:23:22 - [TEST_STEP][PASSED] - delay: Delayed 2 second(s)

2018-12-12 17:23:24 - [MESSAGE][PASSED] - Delayed 2 second(s)

2018-12-12 17:23:24 - [TEST_STEP][PASSED] - click: Object: 'Object Repository/Final Object Repo/New Registration - Registration Module Pages/Form 2/EmploymentStartDate Pop Up' is clicked on

2018-12-12 17:23:24 - [MESSAGE][PASSED] - Object: 'Object Repository/Final Object Repo/New Registration - Registration Module Pages/Form 2/EmploymentStartDate Pop Up' is clicked on

2018-12-12 17:23:24 - [TEST_STEP][PASSED] - delay: Delayed 2 second(s)

2018-12-12 17:23:26 - [MESSAGE][PASSED] - Delayed 2 second(s)

2018-12-12 17:23:26 - [TEST_STEP][PASSED] - click: Object: 'Object Repository/Final Object Repo/New Registration - Registration Module Pages/Form 2/Socso Employment StartDate Month' is clicked on

2018-12-12 17:23:27 - [MESSAGE][PASSED] - Object: 'Object Repository/Final Object Repo/New Registration - Registration Module Pages/Form 2/Socso Employment StartDate Month' is clicked on

2018-12-12 17:23:27 - [TEST_STEP][PASSED] - delay: Delayed 1 second(s)

2018-12-12 17:23:28 - [MESSAGE][PASSED] - Delayed 1 second(s)

2018-12-12 17:23:28 - [TEST_STEP][PASSED] - click: Object: 'Object Repository/Final Object Repo/New Registration - Registration Module Pages/Form 2/Select Socso Employement Startdate Month' is clicked on

2018-12-12 17:23:28 - [MESSAGE][PASSED] - Object: 'Object Repository/Final Object Repo/New Registration - Registration Module Pages/Form 2/Select Socso Employement Startdate Month' is clicked on

2018-12-12 17:23:28 - [TEST_STEP][PASSED] - delay: Delayed 2 second(s)

2018-12-12 17:23:30 - [MESSAGE][PASSED] - Delayed 2 second(s)

2018-12-12 17:23:30 - [TEST_STEP][PASSED] - click: Object: 'Object Repository/Final Object Repo/New Registration - Registration Module Pages/Form 2/Socso Employment StartDate Year' is clicked on

2018-12-12 17:23:30 - [MESSAGE][PASSED] - Object: 'Object Repository/Final Object Repo/New Registration - Registration Module Pages/Form 2/Socso Employment StartDate Year' is clicked on

2018-12-12 17:23:30 - [TEST_STEP][PASSED] - delay: Delayed 1 second(s)

2018-12-12 17:23:31 - [MESSAGE][PASSED] - Delayed 1 second(s)

2018-12-12 17:23:31 - [TEST_STEP][PASSED] - click: Object: 'Object Repository/Final Object Repo/New Registration - Registration Module Pages/Form 2/Select Socso Employment Startdate Year' is clicked on

2018-12-12 17:23:31 - [MESSAGE][PASSED] - Object: 'Object Repository/Final Object Repo/New Registration - Registration Module Pages/Form 2/Select Socso Employment Startdate Year' is clicked on

2018-12-12 17:23:31 - [TEST_STEP][PASSED] - delay: Delayed 2 second(s)

2018-12-12 17:23:33 - [MESSAGE][PASSED] - Delayed 2 second(s)

2018-12-12 17:23:33 - [TEST_STEP][PASSED] - click: Object: 'Object Repository/Final Object Repo/New Registration - Registration Module Pages/Form 2/Socso Employment Start Date Day' is clicked on

2018-12-12 17:23:33 - [MESSAGE][PASSED] - Object: 'Object Repository/Final Object Repo/New Registration - Registration Module Pages/Form 2/Socso Employment Start Date Day' is clicked on

2018-12-12 17:23:33 - [TEST_STEP][PASSED] - delay: Delayed 2 second(s)

2018-12-12 17:23:35 - [MESSAGE][PASSED] - Delayed 2 second(s)

2018-12-12 17:23:35 - [TEST_STEP][PASSED] - click: Object: 'Object Repository/Final Object Repo/New Registration - Registration Module Pages/Form 2/Save Button for Add Employee' is clicked on

2018-12-12 17:23:35 - [MESSAGE][PASSED] - Object: 'Object Repository/Final Object Repo/New Registration - Registration Module Pages/Form 2/Save Button for Add Employee' is clicked on

2018-12-12 17:23:35 - [TEST_STEP][PASSED] - delay: Delayed 6 second(s)

2018-12-12 17:23:41 - [MESSAGE][PASSED] - Delayed 6 second(s)

2018-12-12 17:23:41 - [TEST_STEP][PASSED] - click: Object: 'Object Repository/Final Object Repo/New Registration - Registration Module Pages/Form 2/Save and Continue Form 2' is clicked on

2018-12-12 17:23:42 - [MESSAGE][PASSED] - Object: 'Object Repository/Final Object Repo/New Registration - Registration Module Pages/Form 2/Save and Continue Form 2' is clicked on

2018-12-12 17:23:42 - [MESSAGE][PASSED] - Call Test Case 'Test Cases/Final Aug 2018 - PKS Automation/Registration Module/New Registration/Form 2/Add 1 Eligible - Employer Account Use' successfully

2018-12-12 17:23:42 - [TEST_STEP][PASSED] - callTestCase: Call Test Case 'Test Cases/Final Aug 2018 - PKS Automation/Registration Module/New Registration/Flow of New Registration/Third Screen - Upload Supporting Doc - Preview' successfully

2018-12-12 17:23:42 - [TEST_CASE][PASSED] - Test Cases/Final Aug 2018 - PKS Automation/Registration Module/New Registration/Flow of New Registration/Third Screen - Upload Supporting Doc - Preview: Test Cases/Final Aug 2018 - PKS Automation/Registration Module/New Registration/Flow of New Registration/Third Screen - Upload Supporting Doc - Preview

2018-12-12 17:23:42 - [TEST_STEP][PASSED] - waitForPageLoad: Wait for page load successfully

2018-12-12 17:23:43 - [MESSAGE][PASSED] - Wait for page load successfully

2018-12-12 17:23:43 - [TEST_STEP][PASSED] - Statement - CaseReferenceNo = com.kms.katalon.core.webui.keyword.WebUiBuiltInKeywords.getText(com.kms.katalon.core.testobject.ObjectRepository.findTestObject(Final Object Repo/New Registration - Registration Module Pages/Third Screen - Upload Supporting Doc- Preview/RefNo Acquiring)): Text of object 'Object Repository/Final Object Repo/New Registration - Registration Module Pages/Third Screen - Upload Supporting Doc- Preview/RefNo Acquiring' is: 'CRN12201800123222'

2018-12-12 17:23:43 - [MESSAGE][PASSED] - Text of object 'Object Repository/Final Object Repo/New Registration - Registration Module Pages/Third Screen - Upload Supporting Doc- Preview/RefNo Acquiring' is: 'CRN12201800123222'

2018-12-12 17:23:43 - [TEST_STEP][PASSED] - delay: Delayed 2 second(s)

2018-12-12 17:23:45 - [MESSAGE][PASSED] - Delayed 2 second(s)

2018-12-12 17:23:45 - [TEST_STEP][PASSED] - callTestCase: Call Test Case 'Test Cases/Final Aug 2018 - PKS Automation/Common/Reference Number Setter' successfully

2018-12-12 17:23:45 - [TEST_CASE][PASSED] - Test Cases/Final Aug 2018 - PKS Automation/Common/Reference Number Setter: Test Cases/Final Aug 2018 - PKS Automation/Common/Reference Number Setter

2018-12-12 17:23:45 - [TEST_STEP][PASSED] - Statement - RefNoOldFile = new java.io.File(C://Users//Admin//Desktop//PKS//Automation Reference Point//KatalonReference.txt): null

2018-12-12 17:23:45 - [TEST_STEP][PASSED] - Statement - RefNoOldFile.delete(): null

2018-12-12 17:23:45 - [TEST_STEP][PASSED] - delay: Delayed 5 second(s)

2018-12-12 17:23:50 - [MESSAGE][PASSED] - Delayed 5 second(s)

2018-12-12 17:23:50 - [TEST_STEP][PASSED] - Statement - RefNo = new java.io.File(C://Users//Admin//Desktop//PKS//Automation Reference Point//KatalonReference.txt): null

2018-12-12 17:23:50 - [TEST_STEP][PASSED] - Statement - f2 = new java.io.FileWriter(RefNo, false): null

2018-12-12 17:23:50 - [TEST_STEP][PASSED] - Statement - f2.write(CaseReferenceNo): null

2018-12-12 17:23:50 - [TEST_STEP][PASSED] - Statement - f2.close(): null

2018-12-12 17:23:50 - [TEST_STEP][PASSED] - Statement - out.println("


" + CaseReferenceNo + "


"): null

2018-12-12 17:23:50 - [MESSAGE][PASSED] - Call Test Case 'Test Cases/Final Aug 2018 - PKS Automation/Common/Reference Number Setter' successfully

2018-12-12 17:23:50 - [TEST_STEP][PASSED] - waitForElementClickable: Object 'Object Repository/Final Object Repo/New Registration - Registration Module Pages/Third Screen - Upload Supporting Doc- Preview/Save n Continue in SIP Employee Listing Page' is clickable

2018-12-12 17:23:50 - [MESSAGE][PASSED] - Object 'Object Repository/Final Object Repo/New Registration - Registration Module Pages/Third Screen - Upload Supporting Doc- Preview/Save n Continue in SIP Employee Listing Page' is clickable

2018-12-12 17:23:50 - [TEST_STEP][PASSED] - click: Object: 'Object Repository/Final Object Repo/New Registration - Registration Module Pages/Third Screen - Upload Supporting Doc- Preview/Save n Continue in SIP Employee Listing Page' is clicked on

2018-12-12 17:23:56 - [MESSAGE][PASSED] - Object: 'Object Repository/Final Object Repo/New Registration - Registration Module Pages/Third Screen - Upload Supporting Doc- Preview/Save n Continue in SIP Employee Listing Page' is clicked on

2018-12-12 17:23:56 - [TEST_STEP][PASSED] - delay: Delayed 7 second(s)

2018-12-12 17:24:03 - [MESSAGE][PASSED] - Delayed 7 second(s)

2018-12-12 17:24:03 - [TEST_STEP][PASSED] - click: Object: 'Object Repository/Final Object Repo/New Registration - Registration Module Pages/Third Screen - Upload Supporting Doc- Preview/Add Document Button' is clicked on

2018-12-12 17:24:03 - [MESSAGE][PASSED] - Object: 'Object Repository/Final Object Repo/New Registration - Registration Module Pages/Third Screen - Upload Supporting Doc- Preview/Add Document Button' is clicked on

2018-12-12 17:24:03 - [TEST_STEP][PASSED] - delay: Delayed 30 second(s)

2018-12-12 17:24:33 - [MESSAGE][PASSED] - Delayed 30 second(s)

2018-12-12 17:24:33 - [TEST_STEP][PASSED] - click: Object: 'Object Repository/Final Object Repo/New Registration - Registration Module Pages/Third Screen - Upload Supporting Doc- Preview/Supporting Doc Please Select Drop Down' is clicked on

2018-12-12 17:24:33 - [MESSAGE][PASSED] - Object: 'Object Repository/Final Object Repo/New Registration - Registration Module Pages/Third Screen - Upload Supporting Doc- Preview/Supporting Doc Please Select Drop Down' is clicked on

2018-12-12 17:24:33 - [TEST_STEP][PASSED] - delay: Delayed 2 second(s)

2018-12-12 17:24:35 - [MESSAGE][PASSED] - Delayed 2 second(s)

2018-12-12 17:24:35 - [TEST_STEP][PASSED] - click: Object: 'Object Repository/Final Object Repo/New Registration - Registration Module Pages/Third Screen - Upload Supporting Doc- Preview/Select to Upload Form 1' is clicked on

2018-12-12 17:24:35 - [MESSAGE][PASSED] - Object: 'Object Repository/Final Object Repo/New Registration - Registration Module Pages/Third Screen - Upload Supporting Doc- Preview/Select to Upload Form 1' is clicked on

2018-12-12 17:24:35 - [TEST_STEP][PASSED] - delay: Delayed 2 second(s)

2018-12-12 17:24:37 - [MESSAGE][PASSED] - Delayed 2 second(s)

2018-12-12 17:24:37 - [TEST_STEP][PASSED] - uploadFile: File 'C:\Users\Public\Pictures\Sample Pictures\Koala.jpg' sent to object: 'Object Repository/Final Object Repo/New Registration - Registration Module Pages/Third Screen - Upload Supporting Doc- Preview/Upload File Adding'

2018-12-12 17:24:37 - [MESSAGE][PASSED] - File 'C:\Users\Public\Pictures\Sample Pictures\Koala.jpg' sent to object: 'Object Repository/Final Object Repo/New Registration - Registration Module Pages/Third Screen - Upload Supporting Doc- Preview/Upload File Adding'

2018-12-12 17:24:37 - [TEST_STEP][PASSED] - delay: Delayed 5 second(s)

2018-12-12 17:24:42 - [MESSAGE][PASSED] - Delayed 5 second(s)

2018-12-12 17:24:42 - [TEST_STEP][PASSED] - click: Object: 'Object Repository/Final Object Repo/New Registration - Registration Module Pages/Third Screen - Upload Supporting Doc- Preview/Inner Form Add Document Button' is clicked on

2018-12-12 17:24:43 - [MESSAGE][PASSED] - Object: 'Object Repository/Final Object Repo/New Registration - Registration Module Pages/Third Screen - Upload Supporting Doc- Preview/Inner Form Add Document Button' is clicked on

2018-12-12 17:24:43 - [TEST_STEP][PASSED] - delay: Delayed 3 second(s)

2018-12-12 17:24:46 - [MESSAGE][PASSED] - Delayed 3 second(s)

2018-12-12 17:24:46 - [TEST_STEP][PASSED] - click: Object: 'Object Repository/Final Object Repo/New Registration - Registration Module Pages/Third Screen - Upload Supporting Doc- Preview/Add Document Button' is clicked on

2018-12-12 17:24:47 - [MESSAGE][PASSED] - Object: 'Object Repository/Final Object Repo/New Registration - Registration Module Pages/Third Screen - Upload Supporting Doc- Preview/Add Document Button' is clicked on

2018-12-12 17:24:47 - [TEST_STEP][PASSED] - delay: Delayed 30 second(s)

2018-12-12 17:25:17 - [MESSAGE][PASSED] - Delayed 30 second(s)

2018-12-12 17:25:17 - [TEST_STEP][PASSED] - click: Object: 'Object Repository/Final Object Repo/New Registration - Registration Module Pages/Third Screen - Upload Supporting Doc- Preview/Supporting Doc Please Select Drop Down' is clicked on

2018-12-12 17:25:17 - [MESSAGE][PASSED] - Object: 'Object Repository/Final Object Repo/New Registration - Registration Module Pages/Third Screen - Upload Supporting Doc- Preview/Supporting Doc Please Select Drop Down' is clicked on

2018-12-12 17:25:17 - [TEST_STEP][PASSED] - delay: Delayed 4 second(s)

2018-12-12 17:25:21 - [MESSAGE][PASSED] - Delayed 4 second(s)

2018-12-12 17:25:21 - [TEST_STEP][PASSED] - click: Object: 'Object Repository/Final Object Repo/New Registration - Registration Module Pages/Third Screen - Upload Supporting Doc- Preview/Select to Upload Form 2' is clicked on

2018-12-12 17:25:21 - [MESSAGE][PASSED] - Object: 'Object Repository/Final Object Repo/New Registration - Registration Module Pages/Third Screen - Upload Supporting Doc- Preview/Select to Upload Form 2' is clicked on

2018-12-12 17:25:21 - [TEST_STEP][PASSED] - delay: Delayed 2 second(s)

2018-12-12 17:25:23 - [MESSAGE][PASSED] - Delayed 2 second(s)

2018-12-12 17:25:23 - [TEST_STEP][PASSED] - uploadFile: File 'C:\Users\Public\Pictures\Sample Pictures\Koala.jpg' sent to object: 'Object Repository/Final Object Repo/New Registration - Registration Module Pages/Third Screen - Upload Supporting Doc- Preview/Upload File Adding'

2018-12-12 17:25:23 - [MESSAGE][PASSED] - File 'C:\Users\Public\Pictures\Sample Pictures\Koala.jpg' sent to object: 'Object Repository/Final Object Repo/New Registration - Registration Module Pages/Third Screen - Upload Supporting Doc- Preview/Upload File Adding'

2018-12-12 17:25:23 - [TEST_STEP][PASSED] - click: Object: 'Object Repository/Final Object Repo/New Registration - Registration Module Pages/Third Screen - Upload Supporting Doc- Preview/Inner Form Add Document Button' is clicked on

2018-12-12 17:25:24 - [MESSAGE][PASSED] - Object: 'Object Repository/Final Object Repo/New Registration - Registration Module Pages/Third Screen - Upload Supporting Doc- Preview/Inner Form Add Document Button' is clicked on

2018-12-12 17:25:24 - [TEST_STEP][PASSED] - delay: Delayed 5 second(s)

2018-12-12 17:25:29 - [MESSAGE][PASSED] - Delayed 5 second(s)

2018-12-12 17:25:29 - [TEST_STEP][PASSED] - click: Object: 'Object Repository/Final Object Repo/New Registration - Registration Module Pages/Third Screen - Upload Supporting Doc- Preview/Add Document Button' is clicked on

2018-12-12 17:25:29 - [MESSAGE][PASSED] - Object: 'Object Repository/Final Object Repo/New Registration - Registration Module Pages/Third Screen - Upload Supporting Doc- Preview/Add Document Button' is clicked on

2018-12-12 17:25:29 - [TEST_STEP][PASSED] - delay: Delayed 30 second(s)

2018-12-12 17:25:59 - [MESSAGE][PASSED] - Delayed 30 second(s)

2018-12-12 17:25:59 - [TEST_STEP][PASSED] - click: Object: 'Object Repository/Final Object Repo/New Registration - Registration Module Pages/Third Screen - Upload Supporting Doc- Preview/Supporting Doc Please Select Drop Down' is clicked on

2018-12-12 17:25:59 - [MESSAGE][PASSED] - Object: 'Object Repository/Final Object Repo/New Registration - Registration Module Pages/Third Screen - Upload Supporting Doc- Preview/Supporting Doc Please Select Drop Down' is clicked on

2018-12-12 17:25:59 - [TEST_STEP][PASSED] - click: Object: 'Object Repository/Final Object Repo/New Registration - Registration Module Pages/Third Screen - Upload Supporting Doc- Preview/Select to Upload Borang SIP 1' is clicked on

2018-12-12 17:25:59 - [MESSAGE][PASSED] - Object: 'Object Repository/Final Object Repo/New Registration - Registration Module Pages/Third Screen - Upload Supporting Doc- Preview/Select to Upload Borang SIP 1' is clicked on

2018-12-12 17:25:59 - [TEST_STEP][PASSED] - delay: Delayed 2 second(s)

2018-12-12 17:26:01 - [MESSAGE][PASSED] - Delayed 2 second(s)

2018-12-12 17:26:01 - [TEST_STEP][PASSED] - uploadFile: File 'C:\Users\Public\Pictures\Sample Pictures\Koala.jpg' sent to object: 'Object Repository/Final Object Repo/New Registration - Registration Module Pages/Third Screen - Upload Supporting Doc- Preview/Upload File Adding'

2018-12-12 17:26:01 - [MESSAGE][PASSED] - File 'C:\Users\Public\Pictures\Sample Pictures\Koala.jpg' sent to object: 'Object Repository/Final Object Repo/New Registration - Registration Module Pages/Third Screen - Upload Supporting Doc- Preview/Upload File Adding'

2018-12-12 17:26:01 - [TEST_STEP][PASSED] - click: Object: 'Object Repository/Final Object Repo/New Registration - Registration Module Pages/Third Screen - Upload Supporting Doc- Preview/Inner Form Add Document Button' is clicked on

2018-12-12 17:26:01 - [MESSAGE][PASSED] - Object: 'Object Repository/Final Object Repo/New Registration - Registration Module Pages/Third Screen - Upload Supporting Doc- Preview/Inner Form Add Document Button' is clicked on

2018-12-12 17:26:01 - [TEST_STEP][PASSED] - delay: Delayed 5 second(s)

2018-12-12 17:26:06 - [MESSAGE][PASSED] - Delayed 5 second(s)

2018-12-12 17:26:06 - [TEST_STEP][PASSED] - click: Object: 'Object Repository/Final Object Repo/New Registration - Registration Module Pages/Third Screen - Upload Supporting Doc- Preview/Add Document Button' is clicked on

2018-12-12 17:26:07 - [MESSAGE][PASSED] - Object: 'Object Repository/Final Object Repo/New Registration - Registration Module Pages/Third Screen - Upload Supporting Doc- Preview/Add Document Button' is clicked on

2018-12-12 17:26:07 - [TEST_STEP][PASSED] - delay: Delayed 30 second(s)

2018-12-12 17:26:37 - [MESSAGE][PASSED] - Delayed 30 second(s)

2018-12-12 17:26:37 - [TEST_STEP][PASSED] - click: Object: 'Object Repository/Final Object Repo/New Registration - Registration Module Pages/Third Screen - Upload Supporting Doc- Preview/Supporting Doc Please Select Drop Down' is clicked on

2018-12-12 17:26:37 - [MESSAGE][PASSED] - Object: 'Object Repository/Final Object Repo/New Registration - Registration Module Pages/Third Screen - Upload Supporting Doc- Preview/Supporting Doc Please Select Drop Down' is clicked on

2018-12-12 17:26:37 - [TEST_STEP][PASSED] - delay: Delayed 3 second(s)

2018-12-12 17:26:40 - [MESSAGE][PASSED] - Delayed 3 second(s)

2018-12-12 17:26:40 - [TEST_STEP][PASSED] - click: Object: 'Object Repository/Final Object Repo/New Registration - Registration Module Pages/Third Screen - Upload Supporting Doc- Preview/Select to Upload Borang SIP 2' is clicked on

2018-12-12 17:26:40 - [MESSAGE][PASSED] - Object: 'Object Repository/Final Object Repo/New Registration - Registration Module Pages/Third Screen - Upload Supporting Doc- Preview/Select to Upload Borang SIP 2' is clicked on

2018-12-12 17:26:40 - [TEST_STEP][PASSED] - delay: Delayed 2 second(s)

2018-12-12 17:26:42 - [MESSAGE][PASSED] - Delayed 2 second(s)

2018-12-12 17:26:42 - [TEST_STEP][PASSED] - uploadFile: File 'C:\Users\Public\Pictures\Sample Pictures\Koala.jpg' sent to object: 'Object Repository/Final Object Repo/New Registration - Registration Module Pages/Third Screen - Upload Supporting Doc- Preview/Upload File Adding'

2018-12-12 17:26:42 - [MESSAGE][PASSED] - File 'C:\Users\Public\Pictures\Sample Pictures\Koala.jpg' sent to object: 'Object Repository/Final Object Repo/New Registration - Registration Module Pages/Third Screen - Upload Supporting Doc- Preview/Upload File Adding'

2018-12-12 17:26:42 - [TEST_STEP][PASSED] - delay: Delayed 5 second(s)

2018-12-12 17:26:47 - [MESSAGE][PASSED] - Delayed 5 second(s)

2018-12-12 17:26:47 - [TEST_STEP][PASSED] - click: Object: 'Object Repository/Final Object Repo/New Registration - Registration Module Pages/Third Screen - Upload Supporting Doc- Preview/Inner Form Add Document Button' is clicked on

2018-12-12 17:26:47 - [MESSAGE][PASSED] - Object: 'Object Repository/Final Object Repo/New Registration - Registration Module Pages/Third Screen - Upload Supporting Doc- Preview/Inner Form Add Document Button' is clicked on

2018-12-12 17:26:47 - [TEST_STEP][PASSED] - delay: Delayed 3 second(s)

2018-12-12 17:26:50 - [MESSAGE][PASSED] - Delayed 3 second(s)

2018-12-12 17:26:50 - [TEST_STEP][PASSED] - waitForElementClickable: Object 'Object Repository/Final Object Repo/New Registration - Registration Module Pages/Third Screen - Upload Supporting Doc- Preview/Save n Continue in Uploading Supporting Doc Page' is clickable

2018-12-12 17:26:52 - [MESSAGE][PASSED] - Object 'Object Repository/Final Object Repo/New Registration - Registration Module Pages/Third Screen - Upload Supporting Doc- Preview/Save n Continue in Uploading Supporting Doc Page' is clickable

2018-12-12 17:26:52 - [TEST_STEP][PASSED] - click: Object: 'Object Repository/Final Object Repo/New Registration - Registration Module Pages/Third Screen - Upload Supporting Doc- Preview/Save n Continue in Uploading Supporting Doc Page' is clicked on

2018-12-12 17:26:52 - [MESSAGE][PASSED] - Object: 'Object Repository/Final Object Repo/New Registration - Registration Module Pages/Third Screen - Upload Supporting Doc- Preview/Save n Continue in Uploading Supporting Doc Page' is clicked on

2018-12-12 17:26:52 - [MESSAGE][PASSED] - Call Test Case 'Test Cases/Final Aug 2018 - PKS Automation/Registration Module/New Registration/Flow of New Registration/Third Screen - Upload Supporting Doc - Preview' successfully

2018-12-12 17:26:52 - [TEST_STEP][PASSED] - setText: Text 'Tester' is set on object 'Object Repository/Final Object Repo/New Registration - Registration Module Pages/New Reg - OTC to RO/Special Case - All Related Objects/Employer Preview Name'

2018-12-12 17:26:56 - [MESSAGE][PASSED] - Text 'Tester' is set on object 'Object Repository/Final Object Repo/New Registration - Registration Module Pages/New Reg - OTC to RO/Special Case - All Related Objects/Employer Preview Name'

2018-12-12 17:26:56 - [TEST_STEP][PASSED] - click: Object: 'Object Repository/Final Object Repo/New Registration - Registration Module Pages/New Reg - OTC to RO/Special Case - All Related Objects/IC Type Drop Down' is clicked on

2018-12-12 17:26:57 - [MESSAGE][PASSED] - Object: 'Object Repository/Final Object Repo/New Registration - Registration Module Pages/New Reg - OTC to RO/Special Case - All Related Objects/IC Type Drop Down' is clicked on

2018-12-12 17:26:57 - [TEST_STEP][PASSED] - click: Object: 'Object Repository/Final Object Repo/New Registration - Registration Module Pages/New Reg - OTC to RO/Special Case - All Related Objects/Select to NRIC' is clicked on

2018-12-12 17:26:57 - [MESSAGE][PASSED] - Object: 'Object Repository/Final Object Repo/New Registration - Registration Module Pages/New Reg - OTC to RO/Special Case - All Related Objects/Select to NRIC' is clicked on

2018-12-12 17:26:57 - [TEST_STEP][PASSED] - setText: Text '133245561223' is set on object 'Object Repository/Final Object Repo/New Registration - Registration Module Pages/New Reg - OTC to RO/Special Case - All Related Objects/IC Value'

2018-12-12 17:26:57 - [MESSAGE][PASSED] - Text '133245561223' is set on object 'Object Repository/Final Object Repo/New Registration - Registration Module Pages/New Reg - OTC to RO/Special Case - All Related Objects/IC Value'

2018-12-12 17:26:57 - [TEST_STEP][PASSED] - setText: Text 'Auto' is set on object 'Object Repository/Final Object Repo/New Registration - Registration Module Pages/New Reg - OTC to RO/Special Case - All Related Objects/Designation'

2018-12-12 17:26:57 - [MESSAGE][PASSED] - Text 'Auto' is set on object 'Object Repository/Final Object Repo/New Registration - Registration Module Pages/New Reg - OTC to RO/Special Case - All Related Objects/Designation'

2018-12-12 17:26:57 - [TEST_STEP][PASSED] - callTestCase: Call Test Case 'Test Cases/Final Aug 2018 - PKS Automation/Registration Module/New Registration/Submit and Screenshot/Submit Registration and Screenshot - Copy' successfully

2018-12-12 17:26:57 - [TEST_CASE][PASSED] - Test Cases/Final Aug 2018 - PKS Automation/Registration Module/New Registration/Submit and Screenshot/Submit Registration and Screenshot - Copy: Test Cases/Final Aug 2018 - PKS Automation/Registration Module/New Registration/Submit and Screenshot/Submit Registration and Screenshot - Copy

2018-12-12 17:26:58 - [TEST_STEP][PASSED] - delay: Delayed 6 second(s)

2018-12-12 17:27:04 - [MESSAGE][PASSED] - Delayed 6 second(s)

2018-12-12 17:27:04 - [TEST_STEP][PASSED] - click: Object: 'Object Repository/Final Object Repo/New Registration - Registration Module Pages/Third Screen - Upload Supporting Doc- Preview/Preview Submit Button' is clicked on

2018-12-12 17:27:04 - [MESSAGE][PASSED] - Object: 'Object Repository/Final Object Repo/New Registration - Registration Module Pages/Third Screen - Upload Supporting Doc- Preview/Preview Submit Button' is clicked on

2018-12-12 17:27:04 - [TEST_STEP][PASSED] - delay: Delayed 2 second(s)

2018-12-12 17:27:06 - [MESSAGE][PASSED] - Delayed 2 second(s)

2018-12-12 17:27:06 - [TEST_STEP][PASSED] - click: Object: 'Object Repository/Final Object Repo/New Registration - Registration Module Pages/Third Screen - Upload Supporting Doc- Preview/Preview Submit - Confirm' is clicked on

2018-12-12 17:27:06 - [MESSAGE][PASSED] - Object: 'Object Repository/Final Object Repo/New Registration - Registration Module Pages/Third Screen - Upload Supporting Doc- Preview/Preview Submit - Confirm' is clicked on

2018-12-12 17:27:06 - [TEST_STEP][PASSED] - delay: Delayed 15 second(s)

2018-12-12 17:27:21 - [MESSAGE][PASSED] - Delayed 15 second(s)

2018-12-12 17:27:21 - [TEST_STEP][PASSED] - Statement - driver = com.kms.katalon.core.webui.driver.DriverFactory.getWebDriver(): null

2018-12-12 17:27:21 - [TEST_STEP][PASSED] - Statement - driver.manage().timeouts().implicitlyWait(10, SECONDS): null

2018-12-12 17:27:21 - [TEST_STEP][PASSED] - Statement - PresavePath = KatalonScreenshots: null

2018-12-12 17:27:21 - [TEST_STEP][PASSED] - Statement - pathPrefix = "C:\Users\Public\Pictures\Sample Pictures\Katalon Screenshots\Automate Ending Screen": null

2018-12-12 17:27:21 - [TEST_STEP][PASSED] - Statement - finalPath = <not implemented yet for class: org.codehaus.groovy.ast.expr.EmptyExpression>: null

2018-12-12 17:27:21 - [TEST_STEP][PASSED] - Statement - scrFile = driver.getScreenshotAs(FILE): null

2018-12-12 17:27:22 - [TEST_STEP][PASSED] - Statement - PreSaveFile = new java.io.File(PresavePath): null

2018-12-12 17:27:22 - [TEST_STEP][PASSED] - Statement - counter = 0: null

2018-12-12 17:27:22 - [TEST_STEP][PASSED] - Statement - If (PreSaveFile.exists()): null

2018-12-12 17:27:22 - [TEST_STEP][PASSED] - Statement - While (PreSaveFile.exists()): null

2018-12-12 17:27:22 - [TEST_STEP][PASSED] - Statement - counter = counter + 1: null

2018-12-12 17:27:22 - [TEST_STEP][PASSED] - Statement - PreSaveFile = new java.io.File(((pathPrefix + java.lang.Integer.toString(counter)) + .png)): null

2018-12-12 17:27:22 - [TEST_STEP][PASSED] - Statement - counter = counter + 1: null

2018-12-12 17:27:22 - [TEST_STEP][PASSED] - Statement - PreSaveFile = new java.io.File(((pathPrefix + java.lang.Integer.toString(counter)) + .png)): null

2018-12-12 17:27:22 - [TEST_STEP][PASSED] - Statement - counter = counter + 1: null

2018-12-12 17:27:22 - [TEST_STEP][PASSED] - Statement - PreSaveFile = new java.io.File(((pathPrefix + java.lang.Integer.toString(counter)) + .png)): null

2018-12-12 17:27:22 - [TEST_STEP][PASSED] - Statement - counter = counter + 1: null

2018-12-12 17:27:22 - [TEST_STEP][PASSED] - Statement - PreSaveFile = new java.io.File(((pathPrefix + java.lang.Integer.toString(counter)) + .png)): null

2018-12-12 17:27:22 - [TEST_STEP][PASSED] - Statement - counter = counter + 1: null

2018-12-12 17:27:22 - [TEST_STEP][PASSED] - Statement - PreSaveFile = new java.io.File(((pathPrefix + java.lang.Integer.toString(counter)) + .png)): null

2018-12-12 17:27:22 - [TEST_STEP][PASSED] - Statement - counter = counter + 1: null

2018-12-12 17:27:22 - [TEST_STEP][PASSED] - Statement - PreSaveFile = new java.io.File(((pathPrefix + java.lang.Integer.toString(counter)) + .png)): null

2018-12-12 17:27:22 - [TEST_STEP][PASSED] - Statement - counter = counter + 1: null

2018-12-12 17:27:22 - [TEST_STEP][PASSED] - Statement - PreSaveFile = new java.io.File(((pathPrefix + java.lang.Integer.toString(counter)) + .png)): null

2018-12-12 17:27:22 - [TEST_STEP][PASSED] - Statement - counter = counter + 1: null

2018-12-12 17:27:22 - [TEST_STEP][PASSED] - Statement - PreSaveFile = new java.io.File(((pathPrefix + java.lang.Integer.toString(counter)) + .png)): null

2018-12-12 17:27:22 - [TEST_STEP][PASSED] - Statement - counter = counter + 1: null

2018-12-12 17:27:22 - [TEST_STEP][PASSED] - Statement - PreSaveFile = new java.io.File(((pathPrefix + java.lang.Integer.toString(counter)) + .png)): null

2018-12-12 17:27:22 - [TEST_STEP][PASSED] - Statement - counter = counter + 1: null

2018-12-12 17:27:22 - [TEST_STEP][PASSED] - Statement - PreSaveFile = new java.io.File(((pathPrefix + java.lang.Integer.toString(counter)) + .png)): null

2018-12-12 17:27:22 - [TEST_STEP][PASSED] - Statement - counter = counter + 1: null

2018-12-12 17:27:22 - [TEST_STEP][PASSED] - Statement - PreSaveFile = new java.io.File(((pathPrefix + java.lang.Integer.toString(counter)) + .png)): null

2018-12-12 17:27:22 - [TEST_STEP][PASSED] - Statement - counter = counter + 1: null

2018-12-12 17:27:22 - [TEST_STEP][PASSED] - Statement - PreSaveFile = new java.io.File(((pathPrefix + java.lang.Integer.toString(counter)) + .png)): null

2018-12-12 17:27:22 - [TEST_STEP][PASSED] - Statement - counter = counter + 1: null

2018-12-12 17:27:22 - [TEST_STEP][PASSED] - Statement - PreSaveFile = new java.io.File(((pathPrefix + java.lang.Integer.toString(counter)) + .png)): null

2018-12-12 17:27:22 - [TEST_STEP][PASSED] - Statement - counter = counter + 1: null

2018-12-12 17:27:22 - [TEST_STEP][PASSED] - Statement - PreSaveFile = new java.io.File(((pathPrefix + java.lang.Integer.toString(counter)) + .png)): null

2018-12-12 17:27:22 - [TEST_STEP][PASSED] - Statement - counter = counter + 1: null

2018-12-12 17:27:22 - [TEST_STEP][PASSED] - Statement - PreSaveFile = new java.io.File(((pathPrefix + java.lang.Integer.toString(counter)) + .png)): null

2018-12-12 17:27:22 - [TEST_STEP][PASSED] - Statement - counter = counter + 1: null

2018-12-12 17:27:22 - [TEST_STEP][PASSED] - Statement - PreSaveFile = new java.io.File(((pathPrefix + java.lang.Integer.toString(counter)) + .png)): null

2018-12-12 17:27:22 - [TEST_STEP][PASSED] - Statement - counter = counter + 1: null

2018-12-12 17:27:22 - [TEST_STEP][PASSED] - Statement - PreSaveFile = new java.io.File(((pathPrefix + java.lang.Integer.toString(counter)) + .png)): null

2018-12-12 17:27:22 - [TEST_STEP][PASSED] - Statement - counter = counter + 1: null

2018-12-12 17:27:22 - [TEST_STEP][PASSED] - Statement - PreSaveFile = new java.io.File(((pathPrefix + java.lang.Integer.toString(counter)) + .png)): null

2018-12-12 17:27:22 - [TEST_STEP][PASSED] - Statement - counter = counter + 1: null

2018-12-12 17:27:22 - [TEST_STEP][PASSED] - Statement - PreSaveFile = new java.io.File(((pathPrefix + java.lang.Integer.toString(counter)) + .png)): null

2018-12-12 17:27:22 - [TEST_STEP][PASSED] - Statement - counter = counter + 1: null

2018-12-12 17:27:22 - [TEST_STEP][PASSED] - Statement - PreSaveFile = new java.io.File(((pathPrefix + java.lang.Integer.toString(counter)) + .png)): null

2018-12-12 17:27:22 - [TEST_STEP][PASSED] - Statement - counter = counter + 1: null

2018-12-12 17:27:22 - [TEST_STEP][PASSED] - Statement - PreSaveFile = new java.io.File(((pathPrefix + java.lang.Integer.toString(counter)) + .png)): null

2018-12-12 17:27:22 - [TEST_STEP][PASSED] - Statement - counter = counter + 1: null

2018-12-12 17:27:22 - [TEST_STEP][PASSED] - Statement - PreSaveFile = new java.io.File(((pathPrefix + java.lang.Integer.toString(counter)) + .png)): null

2018-12-12 17:27:22 - [TEST_STEP][PASSED] - Statement - counter = counter + 1: null

2018-12-12 17:27:22 - [TEST_STEP][PASSED] - Statement - PreSaveFile = new java.io.File(((pathPrefix + java.lang.Integer.toString(counter)) + .png)): null

2018-12-12 17:27:22 - [TEST_STEP][PASSED] - Statement - counter = counter + 1: null

2018-12-12 17:27:22 - [TEST_STEP][PASSED] - Statement - PreSaveFile = new java.io.File(((pathPrefix + java.lang.Integer.toString(counter)) + .png)): null

2018-12-12 17:27:22 - [TEST_STEP][PASSED] - Statement - counter = counter + 1: null

2018-12-12 17:27:22 - [TEST_STEP][PASSED] - Statement - PreSaveFile = new java.io.File(((pathPrefix + java.lang.Integer.toString(counter)) + .png)): null

2018-12-12 17:27:22 - [TEST_STEP][PASSED] - Statement - counter = counter + 1: null

2018-12-12 17:27:22 - [TEST_STEP][PASSED] - Statement - PreSaveFile = new java.io.File(((pathPrefix + java.lang.Integer.toString(counter)) + .png)): null

2018-12-12 17:27:22 - [TEST_STEP][PASSED] - Statement - counter = counter + 1: null

2018-12-12 17:27:22 - [TEST_STEP][PASSED] - Statement - PreSaveFile = new java.io.File(((pathPrefix + java.lang.Integer.toString(counter)) + .png)): null

2018-12-12 17:27:22 - [TEST_STEP][PASSED] - Statement - counter = counter + 1: null

2018-12-12 17:27:22 - [TEST_STEP][PASSED] - Statement - PreSaveFile = new java.io.File(((pathPrefix + java.lang.Integer.toString(counter)) + .png)): null

2018-12-12 17:27:22 - [TEST_STEP][PASSED] - Statement - counter = counter + 1: null

2018-12-12 17:27:22 - [TEST_STEP][PASSED] - Statement - PreSaveFile = new java.io.File(((pathPrefix + java.lang.Integer.toString(counter)) + .png)): null

2018-12-12 17:27:22 - [TEST_STEP][PASSED] - Statement - counter = counter + 1: null

2018-12-12 17:27:22 - [TEST_STEP][PASSED] - Statement - PreSaveFile = new java.io.File(((pathPrefix + java.lang.Integer.toString(counter)) + .png)): null

2018-12-12 17:27:22 - [TEST_STEP][PASSED] - Statement - counter = counter + 1: null

2018-12-12 17:27:22 - [TEST_STEP][PASSED] - Statement - PreSaveFile = new java.io.File(((pathPrefix + java.lang.Integer.toString(counter)) + .png)): null

2018-12-12 17:27:22 - [TEST_STEP][PASSED] - Statement - counter = counter + 1: null

2018-12-12 17:27:22 - [TEST_STEP][PASSED] - Statement - PreSaveFile = new java.io.File(((pathPrefix + java.lang.Integer.toString(counter)) + .png)): null

2018-12-12 17:27:22 - [TEST_STEP][PASSED] - Statement - counter = counter + 1: null

2018-12-12 17:27:22 - [TEST_STEP][PASSED] - Statement - PreSaveFile = new java.io.File(((pathPrefix + java.lang.Integer.toString(counter)) + .png)): null

2018-12-12 17:27:22 - [TEST_STEP][PASSED] - Statement - counter = counter + 1: null

2018-12-12 17:27:22 - [TEST_STEP][PASSED] - Statement - PreSaveFile = new java.io.File(((pathPrefix + java.lang.Integer.toString(counter)) + .png)): null

2018-12-12 17:27:22 - [TEST_STEP][PASSED] - Statement - counter = counter + 1: null

2018-12-12 17:27:22 - [TEST_STEP][PASSED] - Statement - PreSaveFile = new java.io.File(((pathPrefix + java.lang.Integer.toString(counter)) + .png)): null

2018-12-12 17:27:22 - [TEST_STEP][PASSED] - Statement - counter = counter + 1: null

2018-12-12 17:27:22 - [TEST_STEP][PASSED] - Statement - PreSaveFile = new java.io.File(((pathPrefix + java.lang.Integer.toString(counter)) + .png)): null

2018-12-12 17:27:22 - [TEST_STEP][PASSED] - Statement - counter = counter + 1: null

2018-12-12 17:27:22 - [TEST_STEP][PASSED] - Statement - PreSaveFile = new java.io.File(((pathPrefix + java.lang.Integer.toString(counter)) + .png)): null

2018-12-12 17:27:22 - [TEST_STEP][PASSED] - Statement - counter = counter + 1: null

2018-12-12 17:27:22 - [TEST_STEP][PASSED] - Statement - PreSaveFile = new java.io.File(((pathPrefix + java.lang.Integer.toString(counter)) + .png)): null

2018-12-12 17:27:22 - [TEST_STEP][PASSED] - Statement - counter = counter + 1: null

2018-12-12 17:27:22 - [TEST_STEP][PASSED] - Statement - PreSaveFile = new java.io.File(((pathPrefix + java.lang.Integer.toString(counter)) + .png)): null

2018-12-12 17:27:22 - [TEST_STEP][PASSED] - Statement - counter = counter + 1: null

2018-12-12 17:27:22 - [TEST_STEP][PASSED] - Statement - PreSaveFile = new java.io.File(((pathPrefix + java.lang.Integer.toString(counter)) + .png)): null

2018-12-12 17:27:22 - [TEST_STEP][PASSED] - Statement - counter = counter + 1: null

2018-12-12 17:27:22 - [TEST_STEP][PASSED] - Statement - PreSaveFile = new java.io.File(((pathPrefix + java.lang.Integer.toString(counter)) + .png)): null

2018-12-12 17:27:22 - [TEST_STEP][PASSED] - Statement - counter = counter + 1: null

2018-12-12 17:27:22 - [TEST_STEP][PASSED] - Statement - PreSaveFile = new java.io.File(((pathPrefix + java.lang.Integer.toString(counter)) + .png)): null

2018-12-12 17:27:22 - [TEST_STEP][PASSED] - Statement - counter = counter + 1: null

2018-12-12 17:27:22 - [TEST_STEP][PASSED] - Statement - PreSaveFile = new java.io.File(((pathPrefix + java.lang.Integer.toString(counter)) + .png)): null

2018-12-12 17:27:22 - [TEST_STEP][PASSED] - Statement - counter = counter + 1: null

2018-12-12 17:27:22 - [TEST_STEP][PASSED] - Statement - PreSaveFile = new java.io.File(((pathPrefix + java.lang.Integer.toString(counter)) + .png)): null

2018-12-12 17:27:22 - [TEST_STEP][PASSED] - Statement - counter = counter + 1: null

2018-12-12 17:27:22 - [TEST_STEP][PASSED] - Statement - PreSaveFile = new java.io.File(((pathPrefix + java.lang.Integer.toString(counter)) + .png)): null

2018-12-12 17:27:22 - [TEST_STEP][PASSED] - Statement - counter = counter + 1: null

2018-12-12 17:27:22 - [TEST_STEP][PASSED] - Statement - PreSaveFile = new java.io.File(((pathPrefix + java.lang.Integer.toString(counter)) + .png)): null

2018-12-12 17:27:22 - [TEST_STEP][PASSED] - Statement - counter = counter + 1: null

2018-12-12 17:27:22 - [TEST_STEP][PASSED] - Statement - PreSaveFile = new java.io.File(((pathPrefix + java.lang.Integer.toString(counter)) + .png)): null

2018-12-12 17:27:22 - [TEST_STEP][PASSED] - Statement - counter = counter + 1: null

2018-12-12 17:27:22 - [TEST_STEP][PASSED] - Statement - PreSaveFile = new java.io.File(((pathPrefix + java.lang.Integer.toString(counter)) + .png)): null

2018-12-12 17:27:22 - [TEST_STEP][PASSED] - Statement - counter = counter + 1: null

2018-12-12 17:27:22 - [TEST_STEP][PASSED] - Statement - PreSaveFile = new java.io.File(((pathPrefix + java.lang.Integer.toString(counter)) + .png)): null

2018-12-12 17:27:22 - [TEST_STEP][PASSED] - Statement - counter = counter + 1: null

2018-12-12 17:27:22 - [TEST_STEP][PASSED] - Statement - PreSaveFile = new java.io.File(((pathPrefix + java.lang.Integer.toString(counter)) + .png)): null

2018-12-12 17:27:22 - [TEST_STEP][PASSED] - Statement - counter = counter + 1: null

2018-12-12 17:27:22 - [TEST_STEP][PASSED] - Statement - PreSaveFile = new java.io.File(((pathPrefix + java.lang.Integer.toString(counter)) + .png)): null

2018-12-12 17:27:22 - [TEST_STEP][PASSED] - Statement - counter = counter + 1: null

2018-12-12 17:27:22 - [TEST_STEP][PASSED] - Statement - PreSaveFile = new java.io.File(((pathPrefix + java.lang.Integer.toString(counter)) + .png)): null

2018-12-12 17:27:22 - [TEST_STEP][PASSED] - Statement - counter = counter + 1: null

2018-12-12 17:27:22 - [TEST_STEP][PASSED] - Statement - PreSaveFile = new java.io.File(((pathPrefix + java.lang.Integer.toString(counter)) + .png)): null

2018-12-12 17:27:22 - [TEST_STEP][PASSED] - Statement - counter = counter + 1: null

2018-12-12 17:27:22 - [TEST_STEP][PASSED] - Statement - PreSaveFile = new java.io.File(((pathPrefix + java.lang.Integer.toString(counter)) + .png)): null

2018-12-12 17:27:22 - [TEST_STEP][PASSED] - Statement - counter = counter + 1: null

2018-12-12 17:27:22 - [TEST_STEP][PASSED] - Statement - PreSaveFile = new java.io.File(((pathPrefix + java.lang.Integer.toString(counter)) + .png)): null

2018-12-12 17:27:22 - [TEST_STEP][PASSED] - Statement - counter = counter + 1: null

2018-12-12 17:27:22 - [TEST_STEP][PASSED] - Statement - PreSaveFile = new java.io.File(((pathPrefix + java.lang.Integer.toString(counter)) + .png)): null

2018-12-12 17:27:22 - [TEST_STEP][PASSED] - Statement - counter = counter + 1: null

2018-12-12 17:27:22 - [TEST_STEP][PASSED] - Statement - PreSaveFile = new java.io.File(((pathPrefix + java.lang.Integer.toString(counter)) + .png)): null

2018-12-12 17:27:22 - [TEST_STEP][PASSED] - Statement - counter = counter + 1: null

2018-12-12 17:27:22 - [TEST_STEP][PASSED] - Statement - PreSaveFile = new java.io.File(((pathPrefix + java.lang.Integer.toString(counter)) + .png)): null

2018-12-12 17:27:22 - [TEST_STEP][PASSED] - Statement - counter = counter + 1: null

2018-12-12 17:27:22 - [TEST_STEP][PASSED] - Statement - PreSaveFile = new java.io.File(((pathPrefix + java.lang.Integer.toString(counter)) + .png)): null

2018-12-12 17:27:22 - [TEST_STEP][PASSED] - Statement - counter = counter + 1: null

2018-12-12 17:27:22 - [TEST_STEP][PASSED] - Statement - PreSaveFile = new java.io.File(((pathPrefix + java.lang.Integer.toString(counter)) + .png)): null

2018-12-12 17:27:22 - [TEST_STEP][PASSED] - Statement - counter = counter + 1: null

2018-12-12 17:27:22 - [TEST_STEP][PASSED] - Statement - PreSaveFile = new java.io.File(((pathPrefix + java.lang.Integer.toString(counter)) + .png)): null

2018-12-12 17:27:22 - [TEST_STEP][PASSED] - Statement - counter = counter + 1: null

2018-12-12 17:27:22 - [TEST_STEP][PASSED] - Statement - PreSaveFile = new java.io.File(((pathPrefix + java.lang.Integer.toString(counter)) + .png)): null

2018-12-12 17:27:22 - [TEST_STEP][PASSED] - Statement - counter = counter + 1: null

2018-12-12 17:27:22 - [TEST_STEP][PASSED] - Statement - PreSaveFile = new java.io.File(((pathPrefix + java.lang.Integer.toString(counter)) + .png)): null

2018-12-12 17:27:22 - [TEST_STEP][PASSED] - Statement - counter = counter + 1: null

2018-12-12 17:27:22 - [TEST_STEP][PASSED] - Statement - PreSaveFile = new java.io.File(((pathPrefix + java.lang.Integer.toString(counter)) + .png)): null

2018-12-12 17:27:22 - [TEST_STEP][PASSED] - Statement - counter = counter + 1: null

2018-12-12 17:27:22 - [TEST_STEP][PASSED] - Statement - PreSaveFile = new java.io.File(((pathPrefix + java.lang.Integer.toString(counter)) + .png)): null

2018-12-12 17:27:22 - [TEST_STEP][PASSED] - Statement - counter = counter + 1: null

2018-12-12 17:27:22 - [TEST_STEP][PASSED] - Statement - PreSaveFile = new java.io.File(((pathPrefix + java.lang.Integer.toString(counter)) + .png)): null

2018-12-12 17:27:22 - [TEST_STEP][PASSED] - Statement - counter = counter + 1: null

2018-12-12 17:27:22 - [TEST_STEP][PASSED] - Statement - PreSaveFile = new java.io.File(((pathPrefix + java.lang.Integer.toString(counter)) + .png)): null

2018-12-12 17:27:22 - [TEST_STEP][PASSED] - Statement - counter = counter + 1: null

2018-12-12 17:27:22 - [TEST_STEP][PASSED] - Statement - PreSaveFile = new java.io.File(((pathPrefix + java.lang.Integer.toString(counter)) + .png)): null

2018-12-12 17:27:22 - [TEST_STEP][PASSED] - Statement - counter = counter + 1: null

2018-12-12 17:27:22 - [TEST_STEP][PASSED] - Statement - PreSaveFile = new java.io.File(((pathPrefix + java.lang.Integer.toString(counter)) + .png)): null

2018-12-12 17:27:22 - [TEST_STEP][PASSED] - Statement - counter = counter + 1: null

2018-12-12 17:27:22 - [TEST_STEP][PASSED] - Statement - PreSaveFile = new java.io.File(((pathPrefix + java.lang.Integer.toString(counter)) + .png)): null

2018-12-12 17:27:22 - [TEST_STEP][PASSED] - Statement - counter = counter + 1: null

2018-12-12 17:27:22 - [TEST_STEP][PASSED] - Statement - PreSaveFile = new java.io.File(((pathPrefix + java.lang.Integer.toString(counter)) + .png)): null

2018-12-12 17:27:22 - [TEST_STEP][PASSED] - Statement - counter = counter + 1: null

2018-12-12 17:27:22 - [TEST_STEP][PASSED] - Statement - PreSaveFile = new java.io.File(((pathPrefix + java.lang.Integer.toString(counter)) + .png)): null

2018-12-12 17:27:22 - [TEST_STEP][PASSED] - Statement - counter = counter + 1: null

2018-12-12 17:27:22 - [TEST_STEP][PASSED] - Statement - PreSaveFile = new java.io.File(((pathPrefix + java.lang.Integer.toString(counter)) + .png)): null

2018-12-12 17:27:22 - [TEST_STEP][PASSED] - Statement - counter = counter + 1: null

2018-12-12 17:27:22 - [TEST_STEP][PASSED] - Statement - PreSaveFile = new java.io.File(((pathPrefix + java.lang.Integer.toString(counter)) + .png)): null

2018-12-12 17:27:22 - [TEST_STEP][PASSED] - Statement - counter = counter + 1: null

2018-12-12 17:27:22 - [TEST_STEP][PASSED] - Statement - PreSaveFile = new java.io.File(((pathPrefix + java.lang.Integer.toString(counter)) + .png)): null

2018-12-12 17:27:22 - [TEST_STEP][PASSED] - Statement - counter = counter + 1: null

2018-12-12 17:27:22 - [TEST_STEP][PASSED] - Statement - PreSaveFile = new java.io.File(((pathPrefix + java.lang.Integer.toString(counter)) + .png)): null

2018-12-12 17:27:22 - [TEST_STEP][PASSED] - Statement - counter = counter + 1: null

2018-12-12 17:27:22 - [TEST_STEP][PASSED] - Statement - PreSaveFile = new java.io.File(((pathPrefix + java.lang.Integer.toString(counter)) + .png)): null

2018-12-12 17:27:22 - [TEST_STEP][PASSED] - Statement - counter = counter + 1: null

2018-12-12 17:27:22 - [TEST_STEP][PASSED] - Statement - PreSaveFile = new java.io.File(((pathPrefix + java.lang.Integer.toString(counter)) + .png)): null

2018-12-12 17:27:22 - [TEST_STEP][PASSED] - Statement - counter = counter + 1: null

2018-12-12 17:27:22 - [TEST_STEP][PASSED] - Statement - PreSaveFile = new java.io.File(((pathPrefix + java.lang.Integer.toString(counter)) + .png)): null

2018-12-12 17:27:22 - [TEST_STEP][PASSED] - Statement - counter = counter + 1: null

2018-12-12 17:27:22 - [TEST_STEP][PASSED] - Statement - PreSaveFile = new java.io.File(((pathPrefix + java.lang.Integer.toString(counter)) + .png)): null

2018-12-12 17:27:22 - [TEST_STEP][PASSED] - Statement - counter = counter + 1: null

2018-12-12 17:27:22 - [TEST_STEP][PASSED] - Statement - PreSaveFile = new java.io.File(((pathPrefix + java.lang.Integer.toString(counter)) + .png)): null

2018-12-12 17:27:22 - [TEST_STEP][PASSED] - Statement - counter = counter + 1: null

2018-12-12 17:27:22 - [TEST_STEP][PASSED] - Statement - PreSaveFile = new java.io.File(((pathPrefix + java.lang.Integer.toString(counter)) + .png)): null

2018-12-12 17:27:22 - [TEST_STEP][PASSED] - Statement - counter = counter + 1: null

2018-12-12 17:27:22 - [TEST_STEP][PASSED] - Statement - PreSaveFile = new java.io.File(((pathPrefix + java.lang.Integer.toString(counter)) + .png)): null

2018-12-12 17:27:22 - [TEST_STEP][PASSED] - Statement - counter = counter + 1: null

2018-12-12 17:27:22 - [TEST_STEP][PASSED] - Statement - PreSaveFile = new java.io.File(((pathPrefix + java.lang.Integer.toString(counter)) + .png)): null

2018-12-12 17:27:22 - [TEST_STEP][PASSED] - Statement - counter = counter + 1: null

2018-12-12 17:27:22 - [TEST_STEP][PASSED] - Statement - PreSaveFile = new java.io.File(((pathPrefix + java.lang.Integer.toString(counter)) + .png)): null

2018-12-12 17:27:22 - [TEST_STEP][PASSED] - Statement - counter = counter + 1: null

2018-12-12 17:27:22 - [TEST_STEP][PASSED] - Statement - PreSaveFile = new java.io.File(((pathPrefix + java.lang.Integer.toString(counter)) + .png)): null

2018-12-12 17:27:22 - [TEST_STEP][PASSED] - Statement - counter = counter + 1: null

2018-12-12 17:27:22 - [TEST_STEP][PASSED] - Statement - PreSaveFile = new java.io.File(((pathPrefix + java.lang.Integer.toString(counter)) + .png)): null

2018-12-12 17:27:22 - [TEST_STEP][PASSED] - Statement - counter = counter + 1: null

2018-12-12 17:27:22 - [TEST_STEP][PASSED] - Statement - PreSaveFile = new java.io.File(((pathPrefix + java.lang.Integer.toString(counter)) + .png)): null

2018-12-12 17:27:22 - [TEST_STEP][PASSED] - Statement - counter = counter + 1: null

2018-12-12 17:27:22 - [TEST_STEP][PASSED] - Statement - PreSaveFile = new java.io.File(((pathPrefix + java.lang.Integer.toString(counter)) + .png)): null

2018-12-12 17:27:22 - [TEST_STEP][PASSED] - Statement - counter = counter + 1: null

2018-12-12 17:27:22 - [TEST_STEP][PASSED] - Statement - PreSaveFile = new java.io.File(((pathPrefix + java.lang.Integer.toString(counter)) + .png)): null

2018-12-12 17:27:22 - [TEST_STEP][PASSED] - Statement - counter = counter + 1: null

2018-12-12 17:27:22 - [TEST_STEP][PASSED] - Statement - PreSaveFile = new java.io.File(((pathPrefix + java.lang.Integer.toString(counter)) + .png)): null

2018-12-12 17:27:22 - [TEST_STEP][PASSED] - Statement - counter = counter + 1: null

2018-12-12 17:27:22 - [TEST_STEP][PASSED] - Statement - PreSaveFile = new java.io.File(((pathPrefix + java.lang.Integer.toString(counter)) + .png)): null

2018-12-12 17:27:22 - [TEST_STEP][PASSED] - Statement - counter = counter + 1: null

2018-12-12 17:27:22 - [TEST_STEP][PASSED] - Statement - PreSaveFile = new java.io.File(((pathPrefix + java.lang.Integer.toString(counter)) + .png)): null

2018-12-12 17:27:22 - [TEST_STEP][PASSED] - Statement - counter = counter + 1: null

2018-12-12 17:27:22 - [TEST_STEP][PASSED] - Statement - PreSaveFile = new java.io.File(((pathPrefix + java.lang.Integer.toString(counter)) + .png)): null

2018-12-12 17:27:22 - [TEST_STEP][PASSED] - Statement - counter = counter + 1: null

2018-12-12 17:27:22 - [TEST_STEP][PASSED] - Statement - PreSaveFile = new java.io.File(((pathPrefix + java.lang.Integer.toString(counter)) + .png)): null

2018-12-12 17:27:22 - [TEST_STEP][PASSED] - Statement - counter = counter + 1: null

2018-12-12 17:27:22 - [TEST_STEP][PASSED] - Statement - PreSaveFile = new java.io.File(((pathPrefix + java.lang.Integer.toString(counter)) + .png)): null

2018-12-12 17:27:22 - [TEST_STEP][PASSED] - Statement - counter = counter + 1: null

2018-12-12 17:27:22 - [TEST_STEP][PASSED] - Statement - PreSaveFile = new java.io.File(((pathPrefix + java.lang.Integer.toString(counter)) + .png)): null

2018-12-12 17:27:22 - [TEST_STEP][PASSED] - Statement - counter = counter + 1: null

2018-12-12 17:27:22 - [TEST_STEP][PASSED] - Statement - PreSaveFile = new java.io.File(((pathPrefix + java.lang.Integer.toString(counter)) + .png)): null

2018-12-12 17:27:22 - [TEST_STEP][PASSED] - Statement - counter = counter + 1: null

2018-12-12 17:27:22 - [TEST_STEP][PASSED] - Statement - PreSaveFile = new java.io.File(((pathPrefix + java.lang.Integer.toString(counter)) + .png)): null

2018-12-12 17:27:22 - [TEST_STEP][PASSED] - Statement - counter = counter + 1: null

2018-12-12 17:27:22 - [TEST_STEP][PASSED] - Statement - PreSaveFile = new java.io.File(((pathPrefix + java.lang.Integer.toString(counter)) + .png)): null

2018-12-12 17:27:22 - [TEST_STEP][PASSED] - Statement - counter = counter + 1: null

2018-12-12 17:27:22 - [TEST_STEP][PASSED] - Statement - PreSaveFile = new java.io.File(((pathPrefix + java.lang.Integer.toString(counter)) + .png)): null

2018-12-12 17:27:22 - [TEST_STEP][PASSED] - Statement - counter = counter + 1: null

2018-12-12 17:27:22 - [TEST_STEP][PASSED] - Statement - PreSaveFile = new java.io.File(((pathPrefix + java.lang.Integer.toString(counter)) + .png)): null

2018-12-12 17:27:22 - [TEST_STEP][PASSED] - Statement - counter = counter + 1: null

2018-12-12 17:27:22 - [TEST_STEP][PASSED] - Statement - PreSaveFile = new java.io.File(((pathPrefix + java.lang.Integer.toString(counter)) + .png)): null

2018-12-12 17:27:22 - [TEST_STEP][PASSED] - Statement - counter = counter + 1: null

2018-12-12 17:27:22 - [TEST_STEP][PASSED] - Statement - PreSaveFile = new java.io.File(((pathPrefix + java.lang.Integer.toString(counter)) + .png)): null

2018-12-12 17:27:22 - [TEST_STEP][PASSED] - Statement - counter = counter + 1: null

2018-12-12 17:27:22 - [TEST_STEP][PASSED] - Statement - PreSaveFile = new java.io.File(((pathPrefix + java.lang.Integer.toString(counter)) + .png)): null

2018-12-12 17:27:22 - [TEST_STEP][PASSED] - Statement - counter = counter + 1: null

2018-12-12 17:27:22 - [TEST_STEP][PASSED] - Statement - PreSaveFile = new java.io.File(((pathPrefix + java.lang.Integer.toString(counter)) + .png)): null

2018-12-12 17:27:22 - [TEST_STEP][PASSED] - Statement - counter = counter + 1: null

2018-12-12 17:27:22 - [TEST_STEP][PASSED] - Statement - PreSaveFile = new java.io.File(((pathPrefix + java.lang.Integer.toString(counter)) + .png)): null

2018-12-12 17:27:22 - [TEST_STEP][PASSED] - Statement - counter = counter + 1: null

2018-12-12 17:27:22 - [TEST_STEP][PASSED] - Statement - PreSaveFile = new java.io.File(((pathPrefix + java.lang.Integer.toString(counter)) + .png)): null

2018-12-12 17:27:22 - [TEST_STEP][PASSED] - Statement - counter = counter + 1: null

2018-12-12 17:27:22 - [TEST_STEP][PASSED] - Statement - PreSaveFile = new java.io.File(((pathPrefix + java.lang.Integer.toString(counter)) + .png)): null

2018-12-12 17:27:22 - [TEST_STEP][PASSED] - Statement - counter = counter + 1: null

2018-12-12 17:27:22 - [TEST_STEP][PASSED] - Statement - PreSaveFile = new java.io.File(((pathPrefix + java.lang.Integer.toString(counter)) + .png)): null

2018-12-12 17:27:22 - [TEST_STEP][PASSED] - Statement - counter = counter + 1: null

2018-12-12 17:27:22 - [TEST_STEP][PASSED] - Statement - PreSaveFile = new java.io.File(((pathPrefix + java.lang.Integer.toString(counter)) + .png)): null

2018-12-12 17:27:22 - [TEST_STEP][PASSED] - Statement - counter = counter + 1: null

2018-12-12 17:27:22 - [TEST_STEP][PASSED] - Statement - PreSaveFile = new java.io.File(((pathPrefix + java.lang.Integer.toString(counter)) + .png)): null

2018-12-12 17:27:22 - [TEST_STEP][PASSED] - Statement - counter = counter + 1: null

2018-12-12 17:27:22 - [TEST_STEP][PASSED] - Statement - PreSaveFile = new java.io.File(((pathPrefix + java.lang.Integer.toString(counter)) + .png)): null

2018-12-12 17:27:22 - [TEST_STEP][PASSED] - Statement - counter = counter + 1: null

2018-12-12 17:27:22 - [TEST_STEP][PASSED] - Statement - PreSaveFile = new java.io.File(((pathPrefix + java.lang.Integer.toString(counter)) + .png)): null

2018-12-12 17:27:22 - [TEST_STEP][PASSED] - Statement - counter = counter + 1: null

2018-12-12 17:27:22 - [TEST_STEP][PASSED] - Statement - PreSaveFile = new java.io.File(((pathPrefix + java.lang.Integer.toString(counter)) + .png)): null

2018-12-12 17:27:22 - [TEST_STEP][PASSED] - Statement - counter = counter + 1: null

2018-12-12 17:27:22 - [TEST_STEP][PASSED] - Statement - PreSaveFile = new java.io.File(((pathPrefix + java.lang.Integer.toString(counter)) + .png)): null

2018-12-12 17:27:22 - [TEST_STEP][PASSED] - Statement - counter = counter + 1: null

2018-12-12 17:27:22 - [TEST_STEP][PASSED] - Statement - PreSaveFile = new java.io.File(((pathPrefix + java.lang.Integer.toString(counter)) + .png)): null

2018-12-12 17:27:22 - [TEST_STEP][PASSED] - Statement - counter = counter + 1: null

2018-12-12 17:27:22 - [TEST_STEP][PASSED] - Statement - PreSaveFile = new java.io.File(((pathPrefix + java.lang.Integer.toString(counter)) + .png)): null

2018-12-12 17:27:22 - [TEST_STEP][PASSED] - Statement - counter = counter + 1: null

2018-12-12 17:27:22 - [TEST_STEP][PASSED] - Statement - PreSaveFile = new java.io.File(((pathPrefix + java.lang.Integer.toString(counter)) + .png)): null

2018-12-12 17:27:22 - [TEST_STEP][PASSED] - Statement - counter = counter + 1: null

2018-12-12 17:27:22 - [TEST_STEP][PASSED] - Statement - PreSaveFile = new java.io.File(((pathPrefix + java.lang.Integer.toString(counter)) + .png)): null

2018-12-12 17:27:22 - [TEST_STEP][PASSED] - Statement - counter = counter + 1: null

2018-12-12 17:27:22 - [TEST_STEP][PASSED] - Statement - PreSaveFile = new java.io.File(((pathPrefix + java.lang.Integer.toString(counter)) + .png)): null

2018-12-12 17:27:22 - [TEST_STEP][PASSED] - Statement - counter = counter + 1: null

2018-12-12 17:27:22 - [TEST_STEP][PASSED] - Statement - PreSaveFile = new java.io.File(((pathPrefix + java.lang.Integer.toString(counter)) + .png)): null

2018-12-12 17:27:22 - [TEST_STEP][PASSED] - Statement - counter = counter + 1: null

2018-12-12 17:27:22 - [TEST_STEP][PASSED] - Statement - PreSaveFile = new java.io.File(((pathPrefix + java.lang.Integer.toString(counter)) + .png)): null

2018-12-12 17:27:22 - [TEST_STEP][PASSED] - Statement - counter = counter + 1: null

2018-12-12 17:27:22 - [TEST_STEP][PASSED] - Statement - PreSaveFile = new java.io.File(((pathPrefix + java.lang.Integer.toString(counter)) + .png)): null

2018-12-12 17:27:22 - [TEST_STEP][PASSED] - Statement - counter = counter + 1: null

2018-12-12 17:27:22 - [TEST_STEP][PASSED] - Statement - PreSaveFile = new java.io.File(((pathPrefix + java.lang.Integer.toString(counter)) + .png)): null

2018-12-12 17:27:22 - [TEST_STEP][PASSED] - Statement - counter = counter + 1: null

2018-12-12 17:27:22 - [TEST_STEP][PASSED] - Statement - PreSaveFile = new java.io.File(((pathPrefix + java.lang.Integer.toString(counter)) + .png)): null

2018-12-12 17:27:22 - [TEST_STEP][PASSED] - Statement - counter = counter + 1: null

2018-12-12 17:27:22 - [TEST_STEP][PASSED] - Statement - PreSaveFile = new java.io.File(((pathPrefix + java.lang.Integer.toString(counter)) + .png)): null

2018-12-12 17:27:22 - [TEST_STEP][PASSED] - Statement - counter = counter + 1: null

2018-12-12 17:27:22 - [TEST_STEP][PASSED] - Statement - PreSaveFile = new java.io.File(((pathPrefix + java.lang.Integer.toString(counter)) + .png)): null

2018-12-12 17:27:22 - [TEST_STEP][PASSED] - Statement - counter = counter + 1: null

2018-12-12 17:27:22 - [TEST_STEP][PASSED] - Statement - PreSaveFile = new java.io.File(((pathPrefix + java.lang.Integer.toString(counter)) + .png)): null

2018-12-12 17:27:22 - [TEST_STEP][PASSED] - Statement - counter = counter + 1: null

2018-12-12 17:27:22 - [TEST_STEP][PASSED] - Statement - PreSaveFile = new java.io.File(((pathPrefix + java.lang.Integer.toString(counter)) + .png)): null

2018-12-12 17:27:22 - [TEST_STEP][PASSED] - Statement - counter = counter + 1: null

2018-12-12 17:27:22 - [TEST_STEP][PASSED] - Statement - PreSaveFile = new java.io.File(((pathPrefix + java.lang.Integer.toString(counter)) + .png)): null

2018-12-12 17:27:22 - [TEST_STEP][PASSED] - Statement - counter = counter + 1: null

2018-12-12 17:27:22 - [TEST_STEP][PASSED] - Statement - PreSaveFile = new java.io.File(((pathPrefix + java.lang.Integer.toString(counter)) + .png)): null

2018-12-12 17:27:22 - [TEST_STEP][PASSED] - Statement - counter = counter + 1: null

2018-12-12 17:27:22 - [TEST_STEP][PASSED] - Statement - PreSaveFile = new java.io.File(((pathPrefix + java.lang.Integer.toString(counter)) + .png)): null

2018-12-12 17:27:22 - [TEST_STEP][PASSED] - Statement - counter = counter + 1: null

2018-12-12 17:27:22 - [TEST_STEP][PASSED] - Statement - PreSaveFile = new java.io.File(((pathPrefix + java.lang.Integer.toString(counter)) + .png)): null

2018-12-12 17:27:22 - [TEST_STEP][PASSED] - Statement - counter = counter + 1: null

2018-12-12 17:27:22 - [TEST_STEP][PASSED] - Statement - PreSaveFile = new java.io.File(((pathPrefix + java.lang.Integer.toString(counter)) + .png)): null

2018-12-12 17:27:22 - [TEST_STEP][PASSED] - Statement - counter = counter + 1: null

2018-12-12 17:27:22 - [TEST_STEP][PASSED] - Statement - PreSaveFile = new java.io.File(((pathPrefix + java.lang.Integer.toString(counter)) + .png)): null

2018-12-12 17:27:22 - [TEST_STEP][PASSED] - Statement - counter = counter + 1: null

2018-12-12 17:27:22 - [TEST_STEP][PASSED] - Statement - PreSaveFile = new java.io.File(((pathPrefix + java.lang.Integer.toString(counter)) + .png)): null

2018-12-12 17:27:22 - [TEST_STEP][PASSED] - Statement - counter = counter + 1: null

2018-12-12 17:27:22 - [TEST_STEP][PASSED] - Statement - PreSaveFile = new java.io.File(((pathPrefix + java.lang.Integer.toString(counter)) + .png)): null

2018-12-12 17:27:22 - [TEST_STEP][PASSED] - Statement - counter = counter + 1: null

2018-12-12 17:27:22 - [TEST_STEP][PASSED] - Statement - PreSaveFile = new java.io.File(((pathPrefix + java.lang.Integer.toString(counter)) + .png)): null

2018-12-12 17:27:22 - [TEST_STEP][PASSED] - Statement - counter = counter + 1: null

2018-12-12 17:27:22 - [TEST_STEP][PASSED] - Statement - PreSaveFile = new java.io.File(((pathPrefix + java.lang.Integer.toString(counter)) + .png)): null

2018-12-12 17:27:22 - [TEST_STEP][PASSED] - Statement - counter = counter + 1: null

2018-12-12 17:27:22 - [TEST_STEP][PASSED] - Statement - PreSaveFile = new java.io.File(((pathPrefix + java.lang.Integer.toString(counter)) + .png)): null

2018-12-12 17:27:22 - [TEST_STEP][PASSED] - Statement - counter = counter + 1: null

2018-12-12 17:27:22 - [TEST_STEP][PASSED] - Statement - PreSaveFile = new java.io.File(((pathPrefix + java.lang.Integer.toString(counter)) + .png)): null

2018-12-12 17:27:22 - [TEST_STEP][PASSED] - Statement - counter = counter + 1: null

2018-12-12 17:27:22 - [TEST_STEP][PASSED] - Statement - PreSaveFile = new java.io.File(((pathPrefix + java.lang.Integer.toString(counter)) + .png)): null

2018-12-12 17:27:22 - [TEST_STEP][PASSED] - Statement - counter = counter + 1: null

2018-12-12 17:27:22 - [TEST_STEP][PASSED] - Statement - PreSaveFile = new java.io.File(((pathPrefix + java.lang.Integer.toString(counter)) + .png)): null

2018-12-12 17:27:22 - [TEST_STEP][PASSED] - Statement - counter = counter + 1: null

2018-12-12 17:27:22 - [TEST_STEP][PASSED] - Statement - PreSaveFile = new java.io.File(((pathPrefix + java.lang.Integer.toString(counter)) + .png)): null

2018-12-12 17:27:22 - [TEST_STEP][PASSED] - Statement - counter = counter + 1: null

2018-12-12 17:27:22 - [TEST_STEP][PASSED] - Statement - PreSaveFile = new java.io.File(((pathPrefix + java.lang.Integer.toString(counter)) + .png)): null

2018-12-12 17:27:22 - [TEST_STEP][PASSED] - Statement - counter = counter + 1: null

2018-12-12 17:27:22 - [TEST_STEP][PASSED] - Statement - PreSaveFile = new java.io.File(((pathPrefix + java.lang.Integer.toString(counter)) + .png)): null

2018-12-12 17:27:22 - [TEST_STEP][PASSED] - Statement - counter = counter + 1: null

2018-12-12 17:27:22 - [TEST_STEP][PASSED] - Statement - PreSaveFile = new java.io.File(((pathPrefix + java.lang.Integer.toString(counter)) + .png)): null

2018-12-12 17:27:22 - [TEST_STEP][PASSED] - Statement - counter = counter + 1: null

2018-12-12 17:27:22 - [TEST_STEP][PASSED] - Statement - PreSaveFile = new java.io.File(((pathPrefix + java.lang.Integer.toString(counter)) + .png)): null

2018-12-12 17:27:22 - [TEST_STEP][PASSED] - Statement - counter = counter + 1: null

2018-12-12 17:27:22 - [TEST_STEP][PASSED] - Statement - PreSaveFile = new java.io.File(((pathPrefix + java.lang.Integer.toString(counter)) + .png)): null

2018-12-12 17:27:22 - [TEST_STEP][PASSED] - Statement - counter = counter + 1: null

2018-12-12 17:27:22 - [TEST_STEP][PASSED] - Statement - PreSaveFile = new java.io.File(((pathPrefix + java.lang.Integer.toString(counter)) + .png)): null

2018-12-12 17:27:22 - [TEST_STEP][PASSED] - Statement - counter = counter + 1: null

2018-12-12 17:27:22 - [TEST_STEP][PASSED] - Statement - PreSaveFile = new java.io.File(((pathPrefix + java.lang.Integer.toString(counter)) + .png)): null

2018-12-12 17:27:22 - [TEST_STEP][PASSED] - Statement - counter = counter + 1: null

2018-12-12 17:27:22 - [TEST_STEP][PASSED] - Statement - PreSaveFile = new java.io.File(((pathPrefix + java.lang.Integer.toString(counter)) + .png)): null

2018-12-12 17:27:22 - [TEST_STEP][PASSED] - Statement - counter = counter + 1: null

2018-12-12 17:27:22 - [TEST_STEP][PASSED] - Statement - PreSaveFile = new java.io.File(((pathPrefix + java.lang.Integer.toString(counter)) + .png)): null

2018-12-12 17:27:22 - [TEST_STEP][PASSED] - Statement - counter = counter + 1: null

2018-12-12 17:27:22 - [TEST_STEP][PASSED] - Statement - PreSaveFile = new java.io.File(((pathPrefix + java.lang.Integer.toString(counter)) + .png)): null

2018-12-12 17:27:22 - [TEST_STEP][PASSED] - Statement - counter = counter + 1: null

2018-12-12 17:27:22 - [TEST_STEP][PASSED] - Statement - PreSaveFile = new java.io.File(((pathPrefix + java.lang.Integer.toString(counter)) + .png)): null

2018-12-12 17:27:22 - [TEST_STEP][PASSED] - Statement - counter = counter + 1: null

2018-12-12 17:27:22 - [TEST_STEP][PASSED] - Statement - PreSaveFile = new java.io.File(((pathPrefix + java.lang.Integer.toString(counter)) + .png)): null

2018-12-12 17:27:22 - [TEST_STEP][PASSED] - Statement - counter = counter + 1: null

2018-12-12 17:27:22 - [TEST_STEP][PASSED] - Statement - PreSaveFile = new java.io.File(((pathPrefix + java.lang.Integer.toString(counter)) + .png)): null

2018-12-12 17:27:22 - [TEST_STEP][PASSED] - Statement - finalPath = pathPrefix + java.lang.Integer.toString(counter) + ".png": null

2018-12-12 17:27:22 - [TEST_STEP][PASSED] - Statement - SaveFile = new java.io.File(finalPath): null

2018-12-12 17:27:22 - [TEST_STEP][PASSED] - Statement - Try: null

2018-12-12 17:27:22 - [TEST_STEP][PASSED] - Statement - org.apache.commons.io.FileUtils.copyFile(scrFile, SaveFile): null

2018-12-12 17:27:22 - [TEST_STEP][PASSED] - Statement - out.println("file kept"): null

2018-12-12 17:27:22 - [TEST_STEP][PASSED] - delay: Delayed 10 second(s)

2018-12-12 17:27:32 - [MESSAGE][PASSED] - Delayed 10 second(s)

2018-12-12 17:27:32 - [MESSAGE][PASSED] - Call Test Case 'Test Cases/Final Aug 2018 - PKS Automation/Registration Module/New Registration/Submit and Screenshot/Submit Registration and Screenshot - Copy' successfully

2018-12-12 17:27:32 - [TEST_STEP][PASSED] - Statement - UpdateAddNewECode = com.kms.katalon.core.webui.keyword.WebUiBuiltInKeywords.getText(com.kms.katalon.core.testobject.ObjectRepository.findTestObject(Object Repository/Final Object Repo/Page_Update Add New Employee - ASSIST/getEmpCode)): Text of object 'Object Repository/Final Object Repo/Page_Update Add New Employee - ASSIST/getEmpCode' is: 'E1102070797B'

2018-12-12 17:27:32 - [MESSAGE][PASSED] - Text of object 'Object Repository/Final Object Repo/Page_Update Add New Employee - ASSIST/getEmpCode' is: 'E1102070797B'

2018-12-12 17:27:32 - [TEST_STEP][PASSED] - callTestCase: Call Test Case 'Test Cases/Final Aug 2018 - PKS Automation/Common/Emp Code Setter' successfully

2018-12-12 17:27:32 - [TEST_CASE][PASSED] - Test Cases/Final Aug 2018 - PKS Automation/Common/Emp Code Setter: Test Cases/Final Aug 2018 - PKS Automation/Common/Emp Code Setter

2018-12-12 17:27:33 - [TEST_STEP][PASSED] - Statement - EmpCodeOld = new java.io.File(C://Users//Admin//Desktop//PKS//Automation Reference Point//EmpCode.txt): null

2018-12-12 17:27:33 - [TEST_STEP][PASSED] - Statement - EmpCodeOld.delete(): null

2018-12-12 17:27:33 - [TEST_STEP][PASSED] - Statement - EmpCode = new java.io.File(C://Users//Admin//Desktop//PKS//Automation Reference Point//EmpCode.txt): null

2018-12-12 17:27:33 - [TEST_STEP][PASSED] - Statement - f2 = new java.io.FileWriter(EmpCode, false): null

2018-12-12 17:27:33 - [TEST_STEP][PASSED] - Statement - f2.write(UpdateAddNewECode): null

2018-12-12 17:27:33 - [TEST_STEP][PASSED] - Statement - f2.close(): null

2018-12-12 17:27:33 - [TEST_STEP][PASSED] - Statement - out.println("


" + UpdateAddNewECode + "


"): null

2018-12-12 17:27:33 - [MESSAGE][PASSED] - Call Test Case 'Test Cases/Final Aug 2018 - PKS Automation/Common/Emp Code Setter' successfully

2018-12-12 17:27:33 - [MESSAGE][PASSED] - Call Test Case 'Test Cases/Final Aug 2018 - PKS Automation/Registration Module/Workflow/Update Add New Employee/Template/New Company for Update Add New - Employer' successfully

2018-12-12 17:27:33 - [TEST_STEP][PASSED] - callTestCase: Call Test Case 'Test Cases/Final Aug 2018 - PKS Automation/Create Employer Acc/Login to Employer Account (Second time)' successfully

2018-12-12 17:27:33 - [TEST_CASE][PASSED] - Test Cases/Final Aug 2018 - PKS Automation/Create Employer Acc/Login to Employer Account (Second time): Test Cases/Final Aug 2018 - PKS Automation/Create Employer Acc/Login to Employer Account (Second time)

2018-12-12 17:27:33 - [TEST_STEP][PASSED] - openBrowser: Browser is opened with url: ''

2018-12-12 17:27:33 - [MESSAGE][WARNING] - A browser is already opened. Closing browser and opening a new one

2018-12-12 17:27:36 - [MESSAGE][PASSED] - Browser is opened with url: ''

2018-12-12 17:27:36 - [TEST_STEP][PASSED] - navigateToUrl: Navigate to 'https://assist2-uat.perkeso.gov.my/employer/login' successfully

2018-12-12 17:27:37 - [MESSAGE][PASSED] - Navigate to 'https://assist2-uat.perkeso.gov.my/employer/login' successfully

2018-12-12 17:27:37 - [TEST_STEP][PASSED] - delay: Delayed 3 second(s)

2018-12-12 17:27:40 - [MESSAGE][PASSED] - Delayed 3 second(s)

2018-12-12 17:27:40 - [TEST_STEP][PASSED] - callTestCase: Call Test Case 'Test Cases/Final Aug 2018 - PKS Automation/Create Employer Acc/Template/Employer Email Getter' successfully

2018-12-12 17:27:40 - [TEST_CASE][PASSED] - Test Cases/Final Aug 2018 - PKS Automation/Create Employer Acc/Template/Employer Email Getter: Test Cases/Final Aug 2018 - PKS Automation/Create Employer Acc/Template/Employer Email Getter

2018-12-12 17:27:40 - [TEST_STEP][PASSED] - Statement - Try: null

2018-12-12 17:27:40 - [TEST_STEP][PASSED] - Statement - EmpEmail = new java.io.File(C://Users//Admin//Desktop//PKS//Automation Reference Point//EmpEmail.txt): null

2018-12-12 17:27:40 - [TEST_STEP][PASSED] - Statement - bufferread = new java.io.BufferedReader(new java.io.FileReader(EmpEmail)): null

2018-12-12 17:27:40 - [TEST_STEP][PASSED] - Statement - readedVal = bufferread.readLine(): null

2018-12-12 17:27:40 - [TEST_STEP][PASSED] - Statement - out.println(readedVal): null

2018-12-12 17:27:40 - [TEST_STEP][PASSED] - Statement - Email = readedVal: null

2018-12-12 17:27:40 - [MESSAGE][PASSED] - Call Test Case 'Test Cases/Final Aug 2018 - PKS Automation/Create Employer Acc/Template/Employer Email Getter' successfully

2018-12-12 17:27:40 - [TEST_STEP][PASSED] - setText: Text 'perkeso627834147736@gmail.com' is set on object 'Object Repository/Final Object Repo/Login Page/External Login Page/Email'

2018-12-12 17:27:40 - [MESSAGE][PASSED] - Text 'perkeso627834147736@gmail.com' is set on object 'Object Repository/Final Object Repo/Login Page/External Login Page/Email'

2018-12-12 17:27:40 - [TEST_STEP][PASSED] - click: Object: 'Object Repository/Final Object Repo/Login Page/External Login Page/Next' is clicked on

2018-12-12 17:27:40 - [MESSAGE][PASSED] - Object: 'Object Repository/Final Object Repo/Login Page/External Login Page/Next' is clicked on

2018-12-12 17:27:40 - [TEST_STEP][PASSED] - delay: Delayed 3 second(s)

2018-12-12 17:27:43 - [MESSAGE][PASSED] - Delayed 3 second(s)

2018-12-12 17:27:43 - [TEST_STEP][PASSED] - setEncryptedText: Text ****** has been set on object 'Object Repository/Final Object Repo/Login Page/External Login Page/Password'

2018-12-12 17:27:44 - [MESSAGE][PASSED] - Text ****** has been set on object 'Object Repository/Final Object Repo/Login Page/External Login Page/Password'

2018-12-12 17:27:44 - [TEST_STEP][PASSED] - click: Object: 'Object Repository/Final Object Repo/Login Page/External Login Page/Login' is clicked on

2018-12-12 17:27:44 - [MESSAGE][PASSED] - Object: 'Object Repository/Final Object Repo/Login Page/External Login Page/Login' is clicked on

2018-12-12 17:27:44 - [TEST_STEP][PASSED] - delay: Delayed 5 second(s)

2018-12-12 17:27:49 - [MESSAGE][PASSED] - Delayed 5 second(s)

2018-12-12 17:27:49 - [MESSAGE][PASSED] - Call Test Case 'Test Cases/Final Aug 2018 - PKS Automation/Create Employer Acc/Login to Employer Account (Second time)' successfully

2018-12-12 17:27:49 - [TEST_STEP][PASSED] - navigateToUrl: Navigate to 'https://assist2-uat.perkeso.gov.my/web/registration/eis-update/form-3-eis-cessation-as-employer' successfully

2018-12-12 17:27:50 - [MESSAGE][PASSED] - Navigate to 'https://assist2-uat.perkeso.gov.my/web/registration/eis-update/form-3-eis-cessation-as-employer' successfully

2018-12-12 17:27:50 - [TEST_STEP][PASSED] - delay: Delayed 1 second(s)

2018-12-12 17:27:51 - [MESSAGE][PASSED] - Delayed 1 second(s)

2018-12-12 17:27:51 - [TEST_STEP][PASSED] - click: Object: 'Object Repository/Final Object Repo/Page_Form 3 EIS - Cessation as Employer/Edit' is clicked on

2018-12-12 17:27:52 - [MESSAGE][PASSED] - Object: 'Object Repository/Final Object Repo/Page_Form 3 EIS - Cessation as Employer/Edit' is clicked on

2018-12-12 17:27:52 - [TEST_STEP][PASSED] - delay: Delayed 1 second(s)

2018-12-12 17:27:53 - [MESSAGE][PASSED] - Delayed 1 second(s)

2018-12-12 17:27:53 - [TEST_STEP][PASSED] - Statement - abc = com.kms.katalon.core.webui.keyword.WebUiBuiltInKeywords.getAttribute(com.kms.katalon.core.testobject.ObjectRepository.findTestObject(Final Object Repo/Page_Form 3 EIS - Cessation as Employer/Employer Status), "value"): Attribute 'value' of object 'Object Repository/Final Object Repo/Page_Form 3 EIS - Cessation as Employer/Employer Status' is: 'Active'

2018-12-12 17:27:54 - [MESSAGE][PASSED] - Attribute 'value' of object 'Object Repository/Final Object Repo/Page_Form 3 EIS - Cessation as Employer/Employer Status' is: 'Active'

2018-12-12 17:27:54 - [TEST_STEP][PASSED] - Statement - out.println(abc): null

2018-12-12 17:27:54 - [TEST_STEP][PASSED] - Statement - If (abc == "Active"): Object: 'Object Repository/Final Object Repo/Page_Form 3 EIS - Cessation as Employer/Dormant EIS' is clicked on

2018-12-12 17:27:54 - [TEST_STEP][PASSED] - click: Object: 'Object Repository/Final Object Repo/Page_Form 3 EIS - Cessation as Employer/Change Employer Status to' is clicked on

2018-12-12 17:27:54 - [MESSAGE][PASSED] - Object: 'Object Repository/Final Object Repo/Page_Form 3 EIS - Cessation as Employer/Change Employer Status to' is clicked on

2018-12-12 17:27:54 - [TEST_STEP][PASSED] - click: Object: 'Object Repository/Final Object Repo/Page_Form 3 EIS - Cessation as Employer/Dormant EIS' is clicked on

2018-12-12 17:27:54 - [MESSAGE][PASSED] - Object: 'Object Repository/Final Object Repo/Page_Form 3 EIS - Cessation as Employer/Dormant EIS' is clicked on

2018-12-12 17:27:54 - [TEST_STEP][PASSED] - click: Object: 'Object Repository/Final Object Repo/Page_Form 3 EIS - Cessation as Employer/Calender' is clicked on

2018-12-12 17:27:54 - [MESSAGE][PASSED] - Object: 'Object Repository/Final Object Repo/Page_Form 3 EIS - Cessation as Employer/Calender' is clicked on

2018-12-12 17:27:54 - [TEST_STEP][PASSED] - delay: Delayed 1 second(s)

2018-12-12 17:27:55 - [MESSAGE][PASSED] - Delayed 1 second(s)

2018-12-12 17:27:55 - [TEST_STEP][PASSED] - click: Object: 'Object Repository/Final Object Repo/Page_Form 3 EIS - Cessation as Employer/Calender - Date' is clicked on

2018-12-12 17:27:55 - [MESSAGE][PASSED] - Object: 'Object Repository/Final Object Repo/Page_Form 3 EIS - Cessation as Employer/Calender - Date' is clicked on

2018-12-12 17:27:55 - [TEST_STEP][PASSED] - click: Object: 'Object Repository/Final Object Repo/Page_Form 3 EIS - Cessation as Employer/Save  Continue in Form 3 EIS Page' is clicked on

2018-12-12 17:27:56 - [MESSAGE][PASSED] - Object: 'Object Repository/Final Object Repo/Page_Form 3 EIS - Cessation as Employer/Save  Continue in Form 3 EIS Page' is clicked on

2018-12-12 17:27:56 - [TEST_STEP][PASSED] - delay: Delayed 1 second(s)

2018-12-12 17:27:57 - [MESSAGE][PASSED] - Delayed 1 second(s)

2018-12-12 17:27:57 - [TEST_STEP][PASSED] - click: Object: 'Object Repository/Final Object Repo/Page_Form 3 EIS - Cessation as Employer/Employment Resign Date' is clicked on

2018-12-12 17:27:57 - [MESSAGE][PASSED] - Object: 'Object Repository/Final Object Repo/Page_Form 3 EIS - Cessation as Employer/Employment Resign Date' is clicked on

2018-12-12 17:27:57 - [TEST_STEP][PASSED] - selectOptionByValue: All options with value '2019' are selected in object 'Object Repository/Final Object Repo/Page_Form 3 EIS - Cessation as Employer/Employment Resign Date - Year' 

2018-12-12 17:27:57 - [MESSAGE][PASSED] - All options with value '2019' are selected in object 'Object Repository/Final Object Repo/Page_Form 3 EIS - Cessation as Employer/Employment Resign Date - Year' 

2018-12-12 17:27:57 - [TEST_STEP][PASSED] - delay: Delayed 2 second(s)

2018-12-12 17:27:59 - [MESSAGE][PASSED] - Delayed 2 second(s)

2018-12-12 17:27:59 - [TEST_STEP][PASSED] - click: Object: 'Object Repository/Final Object Repo/Page_Form 3 EIS - Cessation as Employer/Employment Resign Date - Year - Date' is clicked on

2018-12-12 17:27:59 - [MESSAGE][PASSED] - Object: 'Object Repository/Final Object Repo/Page_Form 3 EIS - Cessation as Employer/Employment Resign Date - Year - Date' is clicked on

2018-12-12 17:27:59 - [TEST_STEP][PASSED] - delay: Delayed 2 second(s)

2018-12-12 17:28:01 - [MESSAGE][PASSED] - Delayed 2 second(s)

2018-12-12 17:28:01 - [TEST_STEP][PASSED] - click: Object: 'Object Repository/Final Object Repo/Page_Form 3 EIS - Cessation as Employer/Save  Continue in Employment Resign Page' is clicked on

2018-12-12 17:28:02 - [MESSAGE][PASSED] - Object: 'Object Repository/Final Object Repo/Page_Form 3 EIS - Cessation as Employer/Save  Continue in Employment Resign Page' is clicked on

2018-12-12 17:28:02 - [TEST_STEP][PASSED] - delay: Delayed 2 second(s)

2018-12-12 17:28:04 - [MESSAGE][PASSED] - Delayed 2 second(s)

2018-12-12 17:28:04 - [TEST_STEP][PASSED] - click: Object: 'Object Repository/Final Object Repo/Page_Form 3 EIS - Cessation as Employer/Set Latest - Yes' is clicked on

2018-12-12 17:28:04 - [MESSAGE][PASSED] - Object: 'Object Repository/Final Object Repo/Page_Form 3 EIS - Cessation as Employer/Set Latest - Yes' is clicked on

2018-12-12 17:28:04 - [TEST_STEP][PASSED] - delay: Delayed 2 second(s)

2018-12-12 17:28:06 - [MESSAGE][PASSED] - Delayed 2 second(s)

2018-12-12 17:28:06 - [TEST_STEP][PASSED] - click: Object: 'Object Repository/Final Object Repo/Page_Form 3 EIS - Cessation as Employer/Add Document' is clicked on

2018-12-12 17:28:07 - [MESSAGE][PASSED] - Object: 'Object Repository/Final Object Repo/Page_Form 3 EIS - Cessation as Employer/Add Document' is clicked on

2018-12-12 17:28:07 - [TEST_STEP][PASSED] - delay: Delayed 3 second(s)

2018-12-12 17:28:10 - [MESSAGE][PASSED] - Delayed 3 second(s)

2018-12-12 17:28:10 - [TEST_STEP][PASSED] - click: Object: 'Object Repository/Final Object Repo/Page_Form 3 EIS - Cessation as Employer/Document Type' is clicked on

2018-12-12 17:28:10 - [MESSAGE][PASSED] - Object: 'Object Repository/Final Object Repo/Page_Form 3 EIS - Cessation as Employer/Document Type' is clicked on

2018-12-12 17:28:10 - [TEST_STEP][PASSED] - click: Object: 'Object Repository/Final Object Repo/Page_Form 3 EIS - Cessation as Employer/Document Type - Form 3' is clicked on

2018-12-12 17:28:10 - [MESSAGE][PASSED] - Object: 'Object Repository/Final Object Repo/Page_Form 3 EIS - Cessation as Employer/Document Type - Form 3' is clicked on

2018-12-12 17:28:10 - [TEST_STEP][PASSED] - delay: Delayed 2 second(s)

2018-12-12 17:28:12 - [MESSAGE][PASSED] - Delayed 2 second(s)

2018-12-12 17:28:12 - [TEST_STEP][PASSED] - sendKeys: Keys 'C:\Users\Public\Pictures\Sample Pictures\Koala.jpg' sent to object: 'Object Repository/Final Object Repo/Page_Form 3 EIS - Cessation as Employer/ploading File'

2018-12-12 17:28:12 - [MESSAGE][PASSED] - Keys 'C:\Users\Public\Pictures\Sample Pictures\Koala.jpg' sent to object: 'Object Repository/Final Object Repo/Page_Form 3 EIS - Cessation as Employer/ploading File'

2018-12-12 17:28:12 - [TEST_STEP][PASSED] - delay: Delayed 1 second(s)

2018-12-12 17:28:13 - [MESSAGE][PASSED] - Delayed 1 second(s)

2018-12-12 17:28:13 - [TEST_STEP][PASSED] - click: Object: 'Object Repository/Final Object Repo/Page_Form 3 EIS - Cessation as Employer/Add Document in Uploading Page' is clicked on

2018-12-12 17:28:13 - [MESSAGE][PASSED] - Object: 'Object Repository/Final Object Repo/Page_Form 3 EIS - Cessation as Employer/Add Document in Uploading Page' is clicked on

2018-12-12 17:28:13 - [TEST_STEP][PASSED] - delay: Delayed 2 second(s)

2018-12-12 17:28:15 - [MESSAGE][PASSED] - Delayed 2 second(s)

2018-12-12 17:28:15 - [TEST_STEP][PASSED] - Statement - CaseReferenceNo = com.kms.katalon.core.webui.keyword.WebUiBuiltInKeywords.getText(com.kms.katalon.core.testobject.ObjectRepository.findTestObject(Final Object Repo/Page_Update Employer Information/Reference Number in Update Employee Information Page)): Text of object 'Object Repository/Final Object Repo/Page_Update Employer Information/Reference Number in Update Employee Information Page' is: 'ERN122018C200002401'

2018-12-12 17:28:17 - [MESSAGE][PASSED] - Text of object 'Object Repository/Final Object Repo/Page_Update Employer Information/Reference Number in Update Employee Information Page' is: 'ERN122018C200002401'

2018-12-12 17:28:17 - [TEST_STEP][PASSED] - callTestCase: Call Test Case 'Test Cases/Final Aug 2018 - PKS Automation/Common/Reference Number Setter' successfully

2018-12-12 17:28:17 - [TEST_CASE][PASSED] - Test Cases/Final Aug 2018 - PKS Automation/Common/Reference Number Setter: Test Cases/Final Aug 2018 - PKS Automation/Common/Reference Number Setter

2018-12-12 17:28:17 - [TEST_STEP][PASSED] - Statement - RefNoOldFile = new java.io.File(C://Users//Admin//Desktop//PKS//Automation Reference Point//KatalonReference.txt): null

2018-12-12 17:28:17 - [TEST_STEP][PASSED] - Statement - RefNoOldFile.delete(): null

2018-12-12 17:28:17 - [TEST_STEP][PASSED] - delay: Delayed 5 second(s)

2018-12-12 17:28:22 - [MESSAGE][PASSED] - Delayed 5 second(s)

2018-12-12 17:28:22 - [TEST_STEP][PASSED] - Statement - RefNo = new java.io.File(C://Users//Admin//Desktop//PKS//Automation Reference Point//KatalonReference.txt): null

2018-12-12 17:28:22 - [TEST_STEP][PASSED] - Statement - f2 = new java.io.FileWriter(RefNo, false): null

2018-12-12 17:28:22 - [TEST_STEP][PASSED] - Statement - f2.write(CaseReferenceNo): null

2018-12-12 17:28:22 - [TEST_STEP][PASSED] - Statement - f2.close(): null

2018-12-12 17:28:22 - [TEST_STEP][PASSED] - Statement - out.println("


" + CaseReferenceNo + "


"): null

2018-12-12 17:28:22 - [MESSAGE][PASSED] - Call Test Case 'Test Cases/Final Aug 2018 - PKS Automation/Common/Reference Number Setter' successfully

2018-12-12 17:28:22 - [TEST_STEP][PASSED] - delay: Delayed 2 second(s)

2018-12-12 17:28:24 - [MESSAGE][PASSED] - Delayed 2 second(s)

2018-12-12 17:28:24 - [TEST_STEP][PASSED] - click: Object: 'Object Repository/Final Object Repo/Page_Form 3 EIS - Cessation as Employer/Save  Continue in Uploading Page' is clicked on

2018-12-12 17:28:24 - [MESSAGE][PASSED] - Object: 'Object Repository/Final Object Repo/Page_Form 3 EIS - Cessation as Employer/Save  Continue in Uploading Page' is clicked on

2018-12-12 17:28:24 - [TEST_STEP][PASSED] - delay: Delayed 2 second(s)

2018-12-12 17:28:26 - [MESSAGE][PASSED] - Delayed 2 second(s)

2018-12-12 17:28:26 - [TEST_STEP][PASSED] - click: Object: 'Object Repository/Final Object Repo/Page_Form 3 EIS - Cessation as Employer/Submit' is clicked on

2018-12-12 17:28:29 - [MESSAGE][PASSED] - Object: 'Object Repository/Final Object Repo/Page_Form 3 EIS - Cessation as Employer/Submit' is clicked on

2018-12-12 17:28:29 - [TEST_STEP][PASSED] - delay: Delayed 2 second(s)

2018-12-12 17:28:31 - [MESSAGE][PASSED] - Delayed 2 second(s)

2018-12-12 17:28:31 - [TEST_STEP][PASSED] - click: Object: 'Object Repository/Final Object Repo/Page_Form 3 EIS - Cessation as Employer/Confirm' is clicked on

2018-12-12 17:28:31 - [MESSAGE][PASSED] - Object: 'Object Repository/Final Object Repo/Page_Form 3 EIS - Cessation as Employer/Confirm' is clicked on

2018-12-12 17:28:31 - [TEST_STEP][PASSED] - delay: Delayed 2 second(s)

2018-12-12 17:28:33 - [MESSAGE][PASSED] - Delayed 2 second(s)

2018-12-12 17:28:33 - [TEST_STEP][PASSED] - click: Object: 'Object Repository/Final Object Repo/Page_Form 3 EIS - Cessation as Employer/Message Your Request will be routed to UO' is clicked on

2018-12-12 17:28:38 - [MESSAGE][PASSED] - Object: 'Object Repository/Final Object Repo/Page_Form 3 EIS - Cessation as Employer/Message Your Request will be routed to UO' is clicked on

2018-12-12 17:28:38 - [TEST_STEP][PASSED] - click: Object: 'Object Repository/Final Object Repo/Page_Form 3 EIS - Cessation as Employer/Letter of acknowledgement' is clicked on

2018-12-12 17:28:40 - [MESSAGE][PASSED] - Object: 'Object Repository/Final Object Repo/Page_Form 3 EIS - Cessation as Employer/Letter of acknowledgement' is clicked on

2018-12-12 17:28:40 - [MESSAGE][PASSED] - Call Test Case 'Test Cases/Final Aug 2018 - PKS Automation/Registration Module/Workflow/Form 3 EIS - Cessation As Employer/Template/Form 3 A - Cessation As Employer (Employer)' successfully

2018-12-12 17:28:40 - [TEST_STEP][PASSED] - callTestCase: Call Test Case 'Test Cases/Final Aug 2018 - PKS Automation/Registration Module/Workflow/Form 3 EIS - Cessation As Employer/Template/Form 3 A - Cessation As Employer (Approve)' successfully

2018-12-12 17:28:40 - [TEST_CASE][PASSED] - Test Cases/Final Aug 2018 - PKS Automation/Registration Module/Workflow/Form 3 EIS - Cessation As Employer/Template/Form 3 A - Cessation As Employer (Approve): Test Cases/Final Aug 2018 - PKS Automation/Registration Module/Workflow/Form 3 EIS - Cessation As Employer/Template/Form 3 A - Cessation As Employer (Approve)

2018-12-12 17:28:41 - [TEST_STEP][NOT_RUN] - callTestCase: NOT_RUN: callTestCase

2018-12-12 17:28:41 - [MESSAGE][NOT_RUN] - NOT_RUN: callTestCase

2018-12-12 17:28:41 - [TEST_STEP][PASSED] - delay: Delayed 1 second(s)

2018-12-12 17:28:42 - [MESSAGE][PASSED] - Delayed 1 second(s)

2018-12-12 17:28:42 - [TEST_STEP][PASSED] - navigateToUrl: Navigate to 'https://assist2-uat.perkeso.gov.my/c/portal/logout' successfully

2018-12-12 17:28:42 - [MESSAGE][PASSED] - Navigate to 'https://assist2-uat.perkeso.gov.my/c/portal/logout' successfully

2018-12-12 17:28:42 - [TEST_STEP][PASSED] - delay: Delayed 1 second(s)

2018-12-12 17:28:43 - [MESSAGE][PASSED] - Delayed 1 second(s)

2018-12-12 17:28:43 - [TEST_STEP][PASSED] - callTestCase: Call Test Case 'Test Cases/Final Aug 2018 - PKS Automation/Common/Reference Number Getter' successfully

2018-12-12 17:28:43 - [TEST_CASE][PASSED] - Test Cases/Final Aug 2018 - PKS Automation/Common/Reference Number Getter: Test Cases/Final Aug 2018 - PKS Automation/Common/Reference Number Getter

2018-12-12 17:28:44 - [TEST_STEP][PASSED] - Statement - Try: null

2018-12-12 17:28:44 - [TEST_STEP][PASSED] - Statement - RefNo = new java.io.File(C://Users//Admin//Desktop//PKS//Automation Reference Point//KatalonReference.txt): null

2018-12-12 17:28:44 - [TEST_STEP][PASSED] - Statement - bufferread = new java.io.BufferedReader(new java.io.FileReader(RefNo)): null

2018-12-12 17:28:44 - [TEST_STEP][PASSED] - Statement - readedVal = bufferread.readLine(): null

2018-12-12 17:28:44 - [TEST_STEP][PASSED] - Statement - out.println(CaseReferenceNo): null

2018-12-12 17:28:44 - [TEST_STEP][PASSED] - Statement - out.println(readedVal): null

2018-12-12 17:28:44 - [TEST_STEP][PASSED] - Statement - CaseReferenceNo = "": null

2018-12-12 17:28:44 - [TEST_STEP][PASSED] - Statement - CaseReferenceNo = readedVal: null

2018-12-12 17:28:44 - [MESSAGE][PASSED] - Call Test Case 'Test Cases/Final Aug 2018 - PKS Automation/Common/Reference Number Getter' successfully

2018-12-12 17:28:44 - [TEST_STEP][PASSED] - callTestCase: Call Test Case 'Test Cases/Final Aug 2018 - PKS Automation/Common/Workflow Owner Finder' successfully

2018-12-12 17:28:44 - [TEST_CASE][PASSED] - Test Cases/Final Aug 2018 - PKS Automation/Common/Workflow Owner Finder: Test Cases/Final Aug 2018 - PKS Automation/Common/Workflow Owner Finder

2018-12-12 17:28:44 - [TEST_STEP][PASSED] - openBrowser: Browser is opened with url: ''

2018-12-12 17:28:44 - [MESSAGE][WARNING] - A browser is already opened. Closing browser and opening a new one

2018-12-12 17:28:47 - [MESSAGE][PASSED] - Browser is opened with url: ''

2018-12-12 17:28:47 - [TEST_STEP][PASSED] - navigateToUrl: Navigate to 'https://assist2-uat.perkeso.gov.my/login' successfully

2018-12-12 17:28:48 - [MESSAGE][PASSED] - Navigate to 'https://assist2-uat.perkeso.gov.my/login' successfully

2018-12-12 17:28:48 - [TEST_STEP][PASSED] - delay: Delayed 5 second(s)

2018-12-12 17:28:53 - [MESSAGE][PASSED] - Delayed 5 second(s)

2018-12-12 17:28:53 - [TEST_STEP][PASSED] - setText: Text 'test@liferay.com' is set on object 'Object Repository/Final Object Repo/Login Page/Internal User/Email Address'

2018-12-12 17:28:53 - [MESSAGE][PASSED] - Text 'test@liferay.com' is set on object 'Object Repository/Final Object Repo/Login Page/Internal User/Email Address'

2018-12-12 17:28:53 - [TEST_STEP][PASSED] - click: Object: 'Object Repository/Final Object Repo/Login Page/Internal User/Next Button' is clicked on

2018-12-12 17:28:54 - [MESSAGE][PASSED] - Object: 'Object Repository/Final Object Repo/Login Page/Internal User/Next Button' is clicked on

2018-12-12 17:28:54 - [TEST_STEP][PASSED] - delay: Delayed 2 second(s)

2018-12-12 17:28:56 - [MESSAGE][PASSED] - Delayed 2 second(s)

2018-12-12 17:28:56 - [TEST_STEP][PASSED] - setText: Text 'test' is set on object 'Object Repository/Final Object Repo/Login Page/Internal User/Password'

2018-12-12 17:28:56 - [MESSAGE][PASSED] - Text 'test' is set on object 'Object Repository/Final Object Repo/Login Page/Internal User/Password'

2018-12-12 17:28:56 - [TEST_STEP][PASSED] - delay: Delayed 2 second(s)

2018-12-12 17:28:58 - [MESSAGE][PASSED] - Delayed 2 second(s)

2018-12-12 17:28:58 - [TEST_STEP][PASSED] - click: Object: 'Object Repository/Final Object Repo/Login Page/Internal User/Login Button' is clicked on

2018-12-12 17:28:58 - [MESSAGE][PASSED] - Object: 'Object Repository/Final Object Repo/Login Page/Internal User/Login Button' is clicked on

2018-12-12 17:28:58 - [TEST_STEP][PASSED] - Statement - tester = com.kms.katalon.core.testobject.ObjectRepository.findTestObject(Final Object Repo/Landing Page/Select to English): Finding Test Object with id 'Object Repository/Final Object Repo/Landing Page/Select to English'

2018-12-12 17:28:58 - [TEST_STEP][PASSED] - Statement - Try: Delayed 2 second(s)

2018-12-12 17:28:58 - [TEST_STEP][PASSED] - Statement - Checker = com.kms.katalon.core.webui.keyword.WebUiBuiltInKeywords.verifyElementNotPresent(tester, 3): Web element with id: 'Object Repository/Final Object Repo/Landing Page/Select to English' located by 'By.xpath: //a[@class = 'taglib-language-list-text' and @lang = 'en-US' and (contains(text(), 'EN') or contains(., 'EN'))]' is not present after '3' second(s)

2018-12-12 17:29:00 - [MESSAGE][PASSED] - Web element with id: 'Object Repository/Final Object Repo/Landing Page/Select to English' located by 'By.xpath: //a[@class = 'taglib-language-list-text' and @lang = 'en-US' and (contains(text(), 'EN') or contains(., 'EN'))]' is not present after '3' second(s)

2018-12-12 17:29:00 - [TEST_STEP][PASSED] - Statement - If (Checker == false): null

2018-12-12 17:29:00 - [TEST_STEP][PASSED] - delay: Delayed 2 second(s)

2018-12-12 17:29:02 - [MESSAGE][PASSED] - Delayed 2 second(s)

2018-12-12 17:29:02 - [TEST_STEP][PASSED] - delay: Delayed 5 second(s)

2018-12-12 17:29:07 - [MESSAGE][PASSED] - Delayed 5 second(s)

2018-12-12 17:29:07 - [TEST_STEP][PASSED] - mouseOver: Object: 'Object Repository/Final Object Repo/Landing Page/WorkFlow Menu' is hovered

2018-12-12 17:29:07 - [MESSAGE][PASSED] - Object: 'Object Repository/Final Object Repo/Landing Page/WorkFlow Menu' is hovered

2018-12-12 17:29:07 - [TEST_STEP][PASSED] - delay: Delayed 2 second(s)

2018-12-12 17:29:09 - [MESSAGE][PASSED] - Delayed 2 second(s)

2018-12-12 17:29:09 - [TEST_STEP][PASSED] - click: Object: 'Object Repository/Final Object Repo/Landing Page/Select to Workflow Listing' is clicked on

2018-12-12 17:29:10 - [MESSAGE][PASSED] - Object: 'Object Repository/Final Object Repo/Landing Page/Select to Workflow Listing' is clicked on

2018-12-12 17:29:10 - [TEST_STEP][PASSED] - delay: Delayed 2 second(s)

2018-12-12 17:29:12 - [MESSAGE][PASSED] - Delayed 2 second(s)

2018-12-12 17:29:12 - [TEST_STEP][PASSED] - click: Object: 'Object Repository/Final Object Repo/WorkFlow Listing Page/Search Information - To Put Ref No' is clicked on

2018-12-12 17:29:12 - [MESSAGE][PASSED] - Object: 'Object Repository/Final Object Repo/WorkFlow Listing Page/Search Information - To Put Ref No' is clicked on

2018-12-12 17:29:12 - [TEST_STEP][PASSED] - delay: Delayed 2 second(s)

2018-12-12 17:29:14 - [MESSAGE][PASSED] - Delayed 2 second(s)

2018-12-12 17:29:14 - [TEST_STEP][PASSED] - callTestCase: Call Test Case 'Test Cases/Final Aug 2018 - PKS Automation/Common/Reference Number Getter' successfully

2018-12-12 17:29:14 - [TEST_CASE][PASSED] - Test Cases/Final Aug 2018 - PKS Automation/Common/Reference Number Getter: Test Cases/Final Aug 2018 - PKS Automation/Common/Reference Number Getter

2018-12-12 17:29:14 - [TEST_STEP][PASSED] - Statement - Try: null

2018-12-12 17:29:14 - [TEST_STEP][PASSED] - Statement - RefNo = new java.io.File(C://Users//Admin//Desktop//PKS//Automation Reference Point//KatalonReference.txt): null

2018-12-12 17:29:14 - [TEST_STEP][PASSED] - Statement - bufferread = new java.io.BufferedReader(new java.io.FileReader(RefNo)): null

2018-12-12 17:29:14 - [TEST_STEP][PASSED] - Statement - readedVal = bufferread.readLine(): null

2018-12-12 17:29:14 - [TEST_STEP][PASSED] - Statement - out.println(CaseReferenceNo): null

2018-12-12 17:29:14 - [TEST_STEP][PASSED] - Statement - out.println(readedVal): null

2018-12-12 17:29:14 - [TEST_STEP][PASSED] - Statement - CaseReferenceNo = "": null

2018-12-12 17:29:14 - [TEST_STEP][PASSED] - Statement - CaseReferenceNo = readedVal: null

2018-12-12 17:29:14 - [MESSAGE][PASSED] - Call Test Case 'Test Cases/Final Aug 2018 - PKS Automation/Common/Reference Number Getter' successfully

2018-12-12 17:29:14 - [TEST_STEP][PASSED] - setText: Text 'ERN122018C200002401' is set on object 'Object Repository/Final Object Repo/WorkFlow Listing Page/Ref No Set Text'

2018-12-12 17:29:15 - [MESSAGE][PASSED] - Text 'ERN122018C200002401' is set on object 'Object Repository/Final Object Repo/WorkFlow Listing Page/Ref No Set Text'

2018-12-12 17:29:15 - [TEST_STEP][PASSED] - delay: Delayed 2 second(s)

2018-12-12 17:29:17 - [MESSAGE][PASSED] - Delayed 2 second(s)

2018-12-12 17:29:17 - [TEST_STEP][PASSED] - click: Object: 'Object Repository/Final Object Repo/WorkFlow Listing Page/Search Ref No Search Button' is clicked on

2018-12-12 17:29:17 - [MESSAGE][PASSED] - Object: 'Object Repository/Final Object Repo/WorkFlow Listing Page/Search Ref No Search Button' is clicked on

2018-12-12 17:29:17 - [TEST_STEP][PASSED] - delay: Delayed 6 second(s)

2018-12-12 17:29:23 - [MESSAGE][PASSED] - Delayed 6 second(s)

2018-12-12 17:29:23 - [TEST_STEP][PASSED] - click: Object: 'Object Repository/Final Object Repo/WorkFlow Listing Page/Click Continue Tooltip' is clicked on

2018-12-12 17:29:24 - [MESSAGE][PASSED] - Object: 'Object Repository/Final Object Repo/WorkFlow Listing Page/Click Continue Tooltip' is clicked on

2018-12-12 17:29:24 - [TEST_STEP][PASSED] - delay: Delayed 5 second(s)

2018-12-12 17:29:29 - [MESSAGE][PASSED] - Delayed 5 second(s)

2018-12-12 17:29:29 - [TEST_STEP][PASSED] - doubleClick: Object: 'Object Repository/Final Object Repo/WorkFlow Listing Page/Workflow Found - Listing 1' is double clicked on

2018-12-12 17:29:29 - [MESSAGE][PASSED] - Object: 'Object Repository/Final Object Repo/WorkFlow Listing Page/Workflow Found - Listing 1' is double clicked on

2018-12-12 17:29:29 - [TEST_STEP][PASSED] - Statement - println(OwnerID): null

2018-12-12 17:29:29 - [TEST_STEP][PASSED] - Statement - OwnerID = com.kms.katalon.core.webui.keyword.WebUiBuiltInKeywords.getText(com.kms.katalon.core.testobject.ObjectRepository.findTestObject(Final Object Repo/WorkFlow Listing Page/Workflow Found - Listing 1), STOP_ON_FAILURE): Text of object 'Object Repository/Final Object Repo/WorkFlow Listing Page/Workflow Found - Listing 1' is: 'JOHORuo2'

2018-12-12 17:29:29 - [MESSAGE][PASSED] - Text of object 'Object Repository/Final Object Repo/WorkFlow Listing Page/Workflow Found - Listing 1' is: 'JOHORuo2'

2018-12-12 17:29:29 - [TEST_STEP][PASSED] - Statement - OwnerID = OwnerID.toLowerCase() + "@gmail.com": null

2018-12-12 17:29:29 - [TEST_STEP][PASSED] - Statement - println(OwnerID): null

2018-12-12 17:29:29 - [TEST_STEP][PASSED] - delay: Delayed 2 second(s)

2018-12-12 17:29:31 - [MESSAGE][PASSED] - Delayed 2 second(s)

2018-12-12 17:29:31 - [MESSAGE][PASSED] - Call Test Case 'Test Cases/Final Aug 2018 - PKS Automation/Common/Workflow Owner Finder' successfully

2018-12-12 17:29:31 - [TEST_STEP][PASSED] - delay: Delayed 1 second(s)

2018-12-12 17:29:32 - [MESSAGE][PASSED] - Delayed 1 second(s)

2018-12-12 17:29:32 - [TEST_STEP][PASSED] - navigateToUrl: Navigate to 'https://assist2-uat.perkeso.gov.my/c/portal/logout' successfully

2018-12-12 17:29:33 - [MESSAGE][PASSED] - Navigate to 'https://assist2-uat.perkeso.gov.my/c/portal/logout' successfully

2018-12-12 17:29:33 - [TEST_STEP][PASSED] - delay: Delayed 1 second(s)

2018-12-12 17:29:34 - [MESSAGE][PASSED] - Delayed 1 second(s)

2018-12-12 17:29:34 - [TEST_STEP][PASSED] - callTestCase: Call Test Case 'Test Cases/Final Aug 2018 - PKS Automation/Registration Module/Workflow/Login and Search Case For Workflow' successfully

2018-12-12 17:29:34 - [TEST_CASE][PASSED] - Test Cases/Final Aug 2018 - PKS Automation/Registration Module/Workflow/Login and Search Case For Workflow: Test Cases/Final Aug 2018 - PKS Automation/Registration Module/Workflow/Login and Search Case For Workflow

2018-12-12 17:29:34 - [TEST_STEP][PASSED] - navigateToUrl: Navigate to 'https://assist2-uat.perkeso.gov.my/login' successfully

2018-12-12 17:29:35 - [MESSAGE][PASSED] - Navigate to 'https://assist2-uat.perkeso.gov.my/login' successfully

2018-12-12 17:29:35 - [TEST_STEP][PASSED] - setText: Text 'johoruo2@gmail.com' is set on object 'Object Repository/Final Object Repo/Login Page/Internal User/Email Address'

2018-12-12 17:29:35 - [MESSAGE][PASSED] - Text 'johoruo2@gmail.com' is set on object 'Object Repository/Final Object Repo/Login Page/Internal User/Email Address'

2018-12-12 17:29:35 - [TEST_STEP][PASSED] - click: Object: 'Object Repository/Final Object Repo/Login Page/Internal User/Next Button' is clicked on

2018-12-12 17:29:35 - [MESSAGE][PASSED] - Object: 'Object Repository/Final Object Repo/Login Page/Internal User/Next Button' is clicked on

2018-12-12 17:29:35 - [TEST_STEP][PASSED] - delay: Delayed 1 second(s)

2018-12-12 17:29:36 - [MESSAGE][PASSED] - Delayed 1 second(s)

2018-12-12 17:29:36 - [TEST_STEP][PASSED] - setEncryptedText: Text ****** has been set on object 'Object Repository/Final Object Repo/Login Page/Internal User/Password'

2018-12-12 17:29:37 - [MESSAGE][PASSED] - Text ****** has been set on object 'Object Repository/Final Object Repo/Login Page/Internal User/Password'

2018-12-12 17:29:37 - [TEST_STEP][PASSED] - click: Object: 'Object Repository/Final Object Repo/Login Page/Internal User/Login Button' is clicked on

2018-12-12 17:29:37 - [MESSAGE][PASSED] - Object: 'Object Repository/Final Object Repo/Login Page/Internal User/Login Button' is clicked on

2018-12-12 17:29:37 - [TEST_STEP][PASSED] - delay: Delayed 2 second(s)

2018-12-12 17:29:39 - [MESSAGE][PASSED] - Delayed 2 second(s)

2018-12-12 17:29:39 - [TEST_STEP][PASSED] - Statement - Try: Delayed 2 second(s)

2018-12-12 17:29:39 - [TEST_STEP][PASSED] - Statement - Checker = false: null

2018-12-12 17:29:39 - [TEST_STEP][PASSED] - Statement - Checker = com.kms.katalon.core.webui.keyword.WebUiBuiltInKeywords.verifyElementHasAttribute(com.kms.katalon.core.testobject.ObjectRepository.findTestObject(Final Object Repo/Landing Page/BM Detecting), "href", 20, OPTIONAL): Object 'Object Repository/Final Object Repo/Landing Page/BM Detecting' has attribute 'href'

2018-12-12 17:29:39 - [MESSAGE][PASSED] - Object 'Object Repository/Final Object Repo/Landing Page/BM Detecting' has attribute 'href'

2018-12-12 17:29:39 - [TEST_STEP][PASSED] - Statement - out.println(Checker): null

2018-12-12 17:29:39 - [TEST_STEP][PASSED] - Statement - If (Checker == false): null

2018-12-12 17:29:39 - [TEST_STEP][PASSED] - Statement - Else: null

2018-12-12 17:29:39 - [TEST_STEP][PASSED] - delay: Delayed 2 second(s)

2018-12-12 17:29:41 - [MESSAGE][PASSED] - Delayed 2 second(s)

2018-12-12 17:29:41 - [TEST_STEP][PASSED] - click: Object: 'Object Repository/Final Object Repo/Page_MyASSIST - ASSIST - Search Pending Case For Add Supporting Document/Search Information' is clicked on

2018-12-12 17:29:41 - [MESSAGE][PASSED] - Object: 'Object Repository/Final Object Repo/Page_MyASSIST - ASSIST - Search Pending Case For Add Supporting Document/Search Information' is clicked on

2018-12-12 17:29:41 - [TEST_STEP][PASSED] - delay: Delayed 3 second(s)

2018-12-12 17:29:44 - [MESSAGE][PASSED] - Delayed 3 second(s)

2018-12-12 17:29:44 - [TEST_STEP][PASSED] - sendKeys: Keys 'ERN122018C200002401' sent to object: 'Object Repository/Final Object Repo/Page_MyASSIST - ASSIST - Search Pending Case For Add Supporting Document/Reference No'

2018-12-12 17:29:44 - [MESSAGE][PASSED] - Keys 'ERN122018C200002401' sent to object: 'Object Repository/Final Object Repo/Page_MyASSIST - ASSIST - Search Pending Case For Add Supporting Document/Reference No'

2018-12-12 17:29:44 - [TEST_STEP][PASSED] - click: Object: 'Object Repository/Final Object Repo/Page_MyASSIST - ASSIST - Search Pending Case For Add Supporting Document/Search Reference No' is clicked on

2018-12-12 17:29:45 - [MESSAGE][PASSED] - Object: 'Object Repository/Final Object Repo/Page_MyASSIST - ASSIST - Search Pending Case For Add Supporting Document/Search Reference No' is clicked on

2018-12-12 17:29:45 - [TEST_STEP][PASSED] - delay: Delayed 2 second(s)

2018-12-12 17:29:47 - [MESSAGE][PASSED] - Delayed 2 second(s)

2018-12-12 17:29:47 - [TEST_STEP][PASSED] - click: Object: 'Object Repository/Final Object Repo/Page_MyASSIST - ASSIST - Search Pending Case For Add Supporting Document/Continue' is clicked on

2018-12-12 17:29:50 - [MESSAGE][PASSED] - Object: 'Object Repository/Final Object Repo/Page_MyASSIST - ASSIST - Search Pending Case For Add Supporting Document/Continue' is clicked on

2018-12-12 17:29:50 - [TEST_STEP][PASSED] - delay: Delayed 20 second(s)

2018-12-12 17:30:10 - [MESSAGE][PASSED] - Delayed 20 second(s)

2018-12-12 17:30:10 - [MESSAGE][PASSED] - Call Test Case 'Test Cases/Final Aug 2018 - PKS Automation/Registration Module/Workflow/Login and Search Case For Workflow' successfully

2018-12-12 17:30:10 - [TEST_STEP][PASSED] - click: Object: 'Object Repository/Final Object Repo/Page_Form 3 EIS - Cessation as Employer/Page_Form 3 EIS - Cessation as Employer (Approve)/Save  Continue in Form 3 Page' is clicked on

2018-12-12 17:30:10 - [MESSAGE][PASSED] - Object: 'Object Repository/Final Object Repo/Page_Form 3 EIS - Cessation as Employer/Page_Form 3 EIS - Cessation as Employer (Approve)/Save  Continue in Form 3 Page' is clicked on

2018-12-12 17:30:10 - [TEST_STEP][PASSED] - delay: Delayed 2 second(s)

2018-12-12 17:30:12 - [MESSAGE][PASSED] - Delayed 2 second(s)

2018-12-12 17:30:12 - [TEST_STEP][PASSED] - click: Object: 'Object Repository/Final Object Repo/Page_Form 3 EIS - Cessation as Employer/Page_Form 3 EIS - Cessation as Employer (Approve)/Save  Continue in Resigned Page' is clicked on

2018-12-12 17:30:13 - [MESSAGE][PASSED] - Object: 'Object Repository/Final Object Repo/Page_Form 3 EIS - Cessation as Employer/Page_Form 3 EIS - Cessation as Employer (Approve)/Save  Continue in Resigned Page' is clicked on

2018-12-12 17:30:13 - [TEST_STEP][PASSED] - delay: Delayed 2 second(s)

2018-12-12 17:30:15 - [MESSAGE][PASSED] - Delayed 2 second(s)

2018-12-12 17:30:15 - [TEST_STEP][PASSED] - click: Object: 'Object Repository/Final Object Repo/Page_Form 3 EIS - Cessation as Employer/Page_Form 3 EIS - Cessation as Employer (Approve)/Save  Continue in Uploading Page' is clicked on

2018-12-12 17:30:16 - [MESSAGE][PASSED] - Object: 'Object Repository/Final Object Repo/Page_Form 3 EIS - Cessation as Employer/Page_Form 3 EIS - Cessation as Employer (Approve)/Save  Continue in Uploading Page' is clicked on

2018-12-12 17:30:16 - [TEST_STEP][PASSED] - delay: Delayed 2 second(s)

2018-12-12 17:30:18 - [MESSAGE][PASSED] - Delayed 2 second(s)

2018-12-12 17:30:18 - [TEST_STEP][PASSED] - click: Object: 'Object Repository/Final Object Repo/Page_Form 3 EIS - Cessation as Employer/Page_Form 3 EIS - Cessation as Employer (Approve)/Approve' is clicked on

2018-12-12 17:30:20 - [MESSAGE][PASSED] - Object: 'Object Repository/Final Object Repo/Page_Form 3 EIS - Cessation as Employer/Page_Form 3 EIS - Cessation as Employer (Approve)/Approve' is clicked on

2018-12-12 17:30:20 - [TEST_STEP][PASSED] - delay: Delayed 2 second(s)

2018-12-12 17:30:22 - [MESSAGE][PASSED] - Delayed 2 second(s)

2018-12-12 17:30:22 - [TEST_STEP][PASSED] - click: Object: 'Object Repository/Final Object Repo/Page_Form 3 EIS - Cessation as Employer/Page_Form 3 EIS - Cessation as Employer (Approve)/Confirm' is clicked on

2018-12-12 17:30:23 - [MESSAGE][PASSED] - Object: 'Object Repository/Final Object Repo/Page_Form 3 EIS - Cessation as Employer/Page_Form 3 EIS - Cessation as Employer (Approve)/Confirm' is clicked on

2018-12-12 17:30:23 - [TEST_STEP][PASSED] - delay: Delayed 2 second(s)

2018-12-12 17:30:25 - [MESSAGE][PASSED] - Delayed 2 second(s)

2018-12-12 17:30:25 - [TEST_STEP][PASSED] - click: Object: 'Object Repository/Final Object Repo/Page_Form 3 EIS - Cessation as Employer/Page_Form 3 EIS - Cessation as Employer (Approve)/Message Your Request    Form 3 EIS' is clicked on

2018-12-12 17:30:31 - [MESSAGE][PASSED] - Object: 'Object Repository/Final Object Repo/Page_Form 3 EIS - Cessation as Employer/Page_Form 3 EIS - Cessation as Employer (Approve)/Message Your Request    Form 3 EIS' is clicked on

2018-12-12 17:30:31 - [TEST_STEP][PASSED] - click: Object: 'Object Repository/Final Object Repo/Page_Form 3 EIS - Cessation as Employer/Page_Form 3 EIS - Cessation as Employer (Approve)/Letter of successful update' is clicked on

2018-12-12 17:30:31 - [MESSAGE][PASSED] - Object: 'Object Repository/Final Object Repo/Page_Form 3 EIS - Cessation as Employer/Page_Form 3 EIS - Cessation as Employer (Approve)/Letter of successful update' is clicked on

2018-12-12 17:30:31 - [MESSAGE][PASSED] - Call Test Case 'Test Cases/Final Aug 2018 - PKS Automation/Registration Module/Workflow/Form 3 EIS - Cessation As Employer/Template/Form 3 A - Cessation As Employer (Approve)' successfully]]></system-out>
         <system-err><![CDATA[]]></system-err>
      </testcase>
      <testcase name="Test Cases/Final Aug 2018 - PKS Automation/Registration Module/Workflow/Form 3 EIS - Cessation As Employer/Employer to UO (Query)" classname="Test Cases/Final Aug 2018 - PKS Automation/Registration Module/Workflow/Form 3 EIS - Cessation As Employer/Employer to UO (Query)" status="PASSED">
         <system-out><![CDATA[2018-12-12 17:30:31 - [TEST_CASE][PASSED] - Test Cases/Final Aug 2018 - PKS Automation/Registration Module/Workflow/Form 3 EIS - Cessation As Employer/Employer to UO (Query): Test Cases/Final Aug 2018 - PKS Automation/Registration Module/Workflow/Form 3 EIS - Cessation As Employer/Employer to UO (Query)

2018-12-12 17:30:32 - [TEST_STEP][PASSED] - callTestCase: Call Test Case 'Test Cases/Final Aug 2018 - PKS Automation/Registration Module/Workflow/Form 3 EIS - Cessation As Employer/Template/Form 3 A - Cessation As Employer (OTC)' successfully

2018-12-12 17:30:32 - [TEST_CASE][PASSED] - Test Cases/Final Aug 2018 - PKS Automation/Registration Module/Workflow/Form 3 EIS - Cessation As Employer/Template/Form 3 A - Cessation As Employer (OTC): Test Cases/Final Aug 2018 - PKS Automation/Registration Module/Workflow/Form 3 EIS - Cessation As Employer/Template/Form 3 A - Cessation As Employer (OTC)

2018-12-12 17:30:32 - [TEST_STEP][PASSED] - openBrowser: Browser is opened with url: ''

2018-12-12 17:30:32 - [MESSAGE][WARNING] - A browser is already opened. Closing browser and opening a new one

2018-12-12 17:30:35 - [MESSAGE][PASSED] - Browser is opened with url: ''

2018-12-12 17:30:35 - [TEST_STEP][PASSED] - navigateToUrl: Navigate to 'https://assist2-uat.perkeso.gov.my/login' successfully

2018-12-12 17:30:36 - [MESSAGE][PASSED] - Navigate to 'https://assist2-uat.perkeso.gov.my/login' successfully

2018-12-12 17:30:36 - [TEST_STEP][PASSED] - setText: Text 'johorotc1@gmail.com' is set on object 'Object Repository/Final Object Repo/Login Page/Internal User/Email Address'

2018-12-12 17:30:36 - [MESSAGE][PASSED] - Text 'johorotc1@gmail.com' is set on object 'Object Repository/Final Object Repo/Login Page/Internal User/Email Address'

2018-12-12 17:30:36 - [TEST_STEP][PASSED] - click: Object: 'Object Repository/Final Object Repo/Login Page/Internal User/Next Button' is clicked on

2018-12-12 17:30:37 - [MESSAGE][PASSED] - Object: 'Object Repository/Final Object Repo/Login Page/Internal User/Next Button' is clicked on

2018-12-12 17:30:37 - [TEST_STEP][PASSED] - delay: Delayed 1 second(s)

2018-12-12 17:30:38 - [MESSAGE][PASSED] - Delayed 1 second(s)

2018-12-12 17:30:38 - [TEST_STEP][PASSED] - setEncryptedText: Text ****** has been set on object 'Object Repository/Final Object Repo/Login Page/Internal User/Password'

2018-12-12 17:30:38 - [MESSAGE][PASSED] - Text ****** has been set on object 'Object Repository/Final Object Repo/Login Page/Internal User/Password'

2018-12-12 17:30:38 - [TEST_STEP][PASSED] - click: Object: 'Object Repository/Final Object Repo/Login Page/Internal User/Login Button' is clicked on

2018-12-12 17:30:38 - [MESSAGE][PASSED] - Object: 'Object Repository/Final Object Repo/Login Page/Internal User/Login Button' is clicked on

2018-12-12 17:30:38 - [TEST_STEP][PASSED] - delay: Delayed 1 second(s)

2018-12-12 17:30:39 - [MESSAGE][PASSED] - Delayed 1 second(s)

2018-12-12 17:30:39 - [TEST_STEP][PASSED] - Statement - Try: Delayed 2 second(s)

2018-12-12 17:30:39 - [TEST_STEP][PASSED] - Statement - Checker = false: null

2018-12-12 17:30:39 - [TEST_STEP][PASSED] - Statement - Checker = com.kms.katalon.core.webui.keyword.WebUiBuiltInKeywords.verifyElementHasAttribute(com.kms.katalon.core.testobject.ObjectRepository.findTestObject(Final Object Repo/Landing Page/BM Detecting), "href", 20, OPTIONAL): Object 'Object Repository/Final Object Repo/Landing Page/BM Detecting' has attribute 'href'

2018-12-12 17:30:40 - [MESSAGE][PASSED] - Object 'Object Repository/Final Object Repo/Landing Page/BM Detecting' has attribute 'href'

2018-12-12 17:30:40 - [TEST_STEP][PASSED] - Statement - out.println(Checker): null

2018-12-12 17:30:40 - [TEST_STEP][PASSED] - Statement - If (Checker == false): null

2018-12-12 17:30:40 - [TEST_STEP][PASSED] - Statement - Else: null

2018-12-12 17:30:40 - [TEST_STEP][PASSED] - delay: Delayed 2 second(s)

2018-12-12 17:30:42 - [MESSAGE][PASSED] - Delayed 2 second(s)

2018-12-12 17:30:42 - [TEST_STEP][PASSED] - navigateToUrl: Navigate to 'https://assist2-uat.perkeso.gov.my/web/registration/eis-update/form-3-eis-cessation-as-employer' successfully

2018-12-12 17:30:43 - [MESSAGE][PASSED] - Navigate to 'https://assist2-uat.perkeso.gov.my/web/registration/eis-update/form-3-eis-cessation-as-employer' successfully

2018-12-12 17:30:43 - [TEST_STEP][PASSED] - delay: Delayed 1 second(s)

2018-12-12 17:30:44 - [MESSAGE][PASSED] - Delayed 1 second(s)

2018-12-12 17:30:44 - [TEST_STEP][PASSED] - setText: Text 'E1102069769W' is set on object 'Object Repository/Final Object Repo/Page_Form 3 EIS - Cessation as Employer/Employer Code'

2018-12-12 17:30:44 - [MESSAGE][PASSED] - Text 'E1102069769W' is set on object 'Object Repository/Final Object Repo/Page_Form 3 EIS - Cessation as Employer/Employer Code'

2018-12-12 17:30:44 - [TEST_STEP][PASSED] - click: Object: 'Object Repository/Final Object Repo/Page_Form 3 EIS - Cessation as Employer/Search' is clicked on

2018-12-12 17:30:44 - [MESSAGE][PASSED] - Object: 'Object Repository/Final Object Repo/Page_Form 3 EIS - Cessation as Employer/Search' is clicked on

2018-12-12 17:30:44 - [TEST_STEP][PASSED] - click: Object: 'Object Repository/Final Object Repo/Page_Form 3 EIS - Cessation as Employer/Edit' is clicked on

2018-12-12 17:30:47 - [MESSAGE][PASSED] - Object: 'Object Repository/Final Object Repo/Page_Form 3 EIS - Cessation as Employer/Edit' is clicked on

2018-12-12 17:30:47 - [TEST_STEP][PASSED] - delay: Delayed 1 second(s)

2018-12-12 17:30:48 - [MESSAGE][PASSED] - Delayed 1 second(s)

2018-12-12 17:30:48 - [TEST_STEP][PASSED] - Statement - abc = com.kms.katalon.core.webui.keyword.WebUiBuiltInKeywords.getAttribute(com.kms.katalon.core.testobject.ObjectRepository.findTestObject(Final Object Repo/Page_Form 3 EIS - Cessation as Employer/Employer Status), "value"): Attribute 'value' of object 'Object Repository/Final Object Repo/Page_Form 3 EIS - Cessation as Employer/Employer Status' is: 'Active'

2018-12-12 17:30:48 - [MESSAGE][PASSED] - Attribute 'value' of object 'Object Repository/Final Object Repo/Page_Form 3 EIS - Cessation as Employer/Employer Status' is: 'Active'

2018-12-12 17:30:48 - [TEST_STEP][PASSED] - Statement - out.println(abc): null

2018-12-12 17:30:48 - [TEST_STEP][PASSED] - Statement - If (abc == "Active"): Object: 'Object Repository/Final Object Repo/Page_Form 3 EIS - Cessation as Employer/Dormant EIS' is clicked on

2018-12-12 17:30:48 - [TEST_STEP][PASSED] - click: Object: 'Object Repository/Final Object Repo/Page_Form 3 EIS - Cessation as Employer/Change Employer Status to' is clicked on

2018-12-12 17:30:48 - [MESSAGE][PASSED] - Object: 'Object Repository/Final Object Repo/Page_Form 3 EIS - Cessation as Employer/Change Employer Status to' is clicked on

2018-12-12 17:30:48 - [TEST_STEP][PASSED] - click: Object: 'Object Repository/Final Object Repo/Page_Form 3 EIS - Cessation as Employer/Dormant EIS' is clicked on

2018-12-12 17:30:48 - [MESSAGE][PASSED] - Object: 'Object Repository/Final Object Repo/Page_Form 3 EIS - Cessation as Employer/Dormant EIS' is clicked on

2018-12-12 17:30:48 - [TEST_STEP][PASSED] - click: Object: 'Object Repository/Final Object Repo/Page_Form 3 EIS - Cessation as Employer/Calender' is clicked on

2018-12-12 17:30:48 - [MESSAGE][PASSED] - Object: 'Object Repository/Final Object Repo/Page_Form 3 EIS - Cessation as Employer/Calender' is clicked on

2018-12-12 17:30:48 - [TEST_STEP][PASSED] - delay: Delayed 1 second(s)

2018-12-12 17:30:49 - [MESSAGE][PASSED] - Delayed 1 second(s)

2018-12-12 17:30:49 - [TEST_STEP][PASSED] - click: Object: 'Object Repository/Final Object Repo/Page_Form 3 EIS - Cessation as Employer/Calender - Date' is clicked on

2018-12-12 17:30:50 - [MESSAGE][PASSED] - Object: 'Object Repository/Final Object Repo/Page_Form 3 EIS - Cessation as Employer/Calender - Date' is clicked on

2018-12-12 17:30:50 - [TEST_STEP][PASSED] - click: Object: 'Object Repository/Final Object Repo/Page_Form 3 EIS - Cessation as Employer/Save  Continue in Form 3 EIS Page' is clicked on

2018-12-12 17:30:50 - [MESSAGE][PASSED] - Object: 'Object Repository/Final Object Repo/Page_Form 3 EIS - Cessation as Employer/Save  Continue in Form 3 EIS Page' is clicked on

2018-12-12 17:30:50 - [TEST_STEP][PASSED] - delay: Delayed 1 second(s)

2018-12-12 17:30:51 - [MESSAGE][PASSED] - Delayed 1 second(s)

2018-12-12 17:30:51 - [TEST_STEP][PASSED] - click: Object: 'Object Repository/Final Object Repo/Page_Form 3 EIS - Cessation as Employer/Employment Resign Date' is clicked on

2018-12-12 17:30:51 - [MESSAGE][PASSED] - Object: 'Object Repository/Final Object Repo/Page_Form 3 EIS - Cessation as Employer/Employment Resign Date' is clicked on

2018-12-12 17:30:51 - [TEST_STEP][PASSED] - selectOptionByValue: All options with value '2030' are selected in object 'Object Repository/Final Object Repo/Page_Form 3 EIS - Cessation as Employer/Employment Resign Date - Year' 

2018-12-12 17:30:51 - [MESSAGE][PASSED] - All options with value '2030' are selected in object 'Object Repository/Final Object Repo/Page_Form 3 EIS - Cessation as Employer/Employment Resign Date - Year' 

2018-12-12 17:30:51 - [TEST_STEP][PASSED] - delay: Delayed 2 second(s)

2018-12-12 17:30:53 - [MESSAGE][PASSED] - Delayed 2 second(s)

2018-12-12 17:30:53 - [TEST_STEP][PASSED] - click: Object: 'Object Repository/Final Object Repo/Page_Form 3 EIS - Cessation as Employer/Employment Resign Date - Year - Date' is clicked on

2018-12-12 17:30:54 - [MESSAGE][PASSED] - Object: 'Object Repository/Final Object Repo/Page_Form 3 EIS - Cessation as Employer/Employment Resign Date - Year - Date' is clicked on

2018-12-12 17:30:54 - [TEST_STEP][PASSED] - delay: Delayed 2 second(s)

2018-12-12 17:30:56 - [MESSAGE][PASSED] - Delayed 2 second(s)

2018-12-12 17:30:56 - [TEST_STEP][PASSED] - click: Object: 'Object Repository/Final Object Repo/Page_Form 3 EIS - Cessation as Employer/Save  Continue in Employment Resign Page' is clicked on

2018-12-12 17:30:56 - [MESSAGE][PASSED] - Object: 'Object Repository/Final Object Repo/Page_Form 3 EIS - Cessation as Employer/Save  Continue in Employment Resign Page' is clicked on

2018-12-12 17:30:56 - [TEST_STEP][PASSED] - delay: Delayed 2 second(s)

2018-12-12 17:30:58 - [MESSAGE][PASSED] - Delayed 2 second(s)

2018-12-12 17:30:58 - [TEST_STEP][PASSED] - click: Object: 'Object Repository/Final Object Repo/Page_Form 3 EIS - Cessation as Employer/Set Latest - Yes' is clicked on

2018-12-12 17:30:58 - [MESSAGE][PASSED] - Object: 'Object Repository/Final Object Repo/Page_Form 3 EIS - Cessation as Employer/Set Latest - Yes' is clicked on

2018-12-12 17:30:58 - [TEST_STEP][PASSED] - delay: Delayed 2 second(s)

2018-12-12 17:31:00 - [MESSAGE][PASSED] - Delayed 2 second(s)

2018-12-12 17:31:00 - [TEST_STEP][PASSED] - click: Object: 'Object Repository/Final Object Repo/Page_Form 3 EIS - Cessation as Employer/Add Document' is clicked on

2018-12-12 17:31:01 - [MESSAGE][PASSED] - Object: 'Object Repository/Final Object Repo/Page_Form 3 EIS - Cessation as Employer/Add Document' is clicked on

2018-12-12 17:31:01 - [TEST_STEP][PASSED] - delay: Delayed 3 second(s)

2018-12-12 17:31:04 - [MESSAGE][PASSED] - Delayed 3 second(s)

2018-12-12 17:31:04 - [TEST_STEP][PASSED] - click: Object: 'Object Repository/Final Object Repo/Page_Form 3 EIS - Cessation as Employer/Document Type' is clicked on

2018-12-12 17:31:04 - [MESSAGE][PASSED] - Object: 'Object Repository/Final Object Repo/Page_Form 3 EIS - Cessation as Employer/Document Type' is clicked on

2018-12-12 17:31:04 - [TEST_STEP][PASSED] - click: Object: 'Object Repository/Final Object Repo/Page_Form 3 EIS - Cessation as Employer/Document Type - Form 3' is clicked on

2018-12-12 17:31:04 - [MESSAGE][PASSED] - Object: 'Object Repository/Final Object Repo/Page_Form 3 EIS - Cessation as Employer/Document Type - Form 3' is clicked on

2018-12-12 17:31:04 - [TEST_STEP][PASSED] - delay: Delayed 2 second(s)

2018-12-12 17:31:06 - [MESSAGE][PASSED] - Delayed 2 second(s)

2018-12-12 17:31:06 - [TEST_STEP][PASSED] - sendKeys: Keys 'C:\Users\Public\Pictures\Sample Pictures\Koala.jpg' sent to object: 'Object Repository/Final Object Repo/Page_Form 3 EIS - Cessation as Employer/ploading File'

2018-12-12 17:31:06 - [MESSAGE][PASSED] - Keys 'C:\Users\Public\Pictures\Sample Pictures\Koala.jpg' sent to object: 'Object Repository/Final Object Repo/Page_Form 3 EIS - Cessation as Employer/ploading File'

2018-12-12 17:31:06 - [TEST_STEP][PASSED] - delay: Delayed 1 second(s)

2018-12-12 17:31:07 - [MESSAGE][PASSED] - Delayed 1 second(s)

2018-12-12 17:31:07 - [TEST_STEP][PASSED] - click: Object: 'Object Repository/Final Object Repo/Page_Form 3 EIS - Cessation as Employer/Add Document in Uploading Page' is clicked on

2018-12-12 17:31:07 - [MESSAGE][PASSED] - Object: 'Object Repository/Final Object Repo/Page_Form 3 EIS - Cessation as Employer/Add Document in Uploading Page' is clicked on

2018-12-12 17:31:07 - [TEST_STEP][PASSED] - delay: Delayed 2 second(s)

2018-12-12 17:31:09 - [MESSAGE][PASSED] - Delayed 2 second(s)

2018-12-12 17:31:09 - [TEST_STEP][PASSED] - Statement - CaseReferenceNo = com.kms.katalon.core.webui.keyword.WebUiBuiltInKeywords.getText(com.kms.katalon.core.testobject.ObjectRepository.findTestObject(Final Object Repo/Page_Update Employer Information/Reference Number in Update Employee Information Page)): Text of object 'Object Repository/Final Object Repo/Page_Update Employer Information/Reference Number in Update Employee Information Page' is: 'ERN122018C200002402'

2018-12-12 17:31:11 - [MESSAGE][PASSED] - Text of object 'Object Repository/Final Object Repo/Page_Update Employer Information/Reference Number in Update Employee Information Page' is: 'ERN122018C200002402'

2018-12-12 17:31:11 - [TEST_STEP][PASSED] - callTestCase: Call Test Case 'Test Cases/Final Aug 2018 - PKS Automation/Common/Reference Number Setter' successfully

2018-12-12 17:31:11 - [TEST_CASE][PASSED] - Test Cases/Final Aug 2018 - PKS Automation/Common/Reference Number Setter: Test Cases/Final Aug 2018 - PKS Automation/Common/Reference Number Setter

2018-12-12 17:31:11 - [TEST_STEP][PASSED] - Statement - RefNoOldFile = new java.io.File(C://Users//Admin//Desktop//PKS//Automation Reference Point//KatalonReference.txt): null

2018-12-12 17:31:11 - [TEST_STEP][PASSED] - Statement - RefNoOldFile.delete(): null

2018-12-12 17:31:11 - [TEST_STEP][PASSED] - delay: Delayed 5 second(s)

2018-12-12 17:31:16 - [MESSAGE][PASSED] - Delayed 5 second(s)

2018-12-12 17:31:16 - [TEST_STEP][PASSED] - Statement - RefNo = new java.io.File(C://Users//Admin//Desktop//PKS//Automation Reference Point//KatalonReference.txt): null

2018-12-12 17:31:16 - [TEST_STEP][PASSED] - Statement - f2 = new java.io.FileWriter(RefNo, false): null

2018-12-12 17:31:16 - [TEST_STEP][PASSED] - Statement - f2.write(CaseReferenceNo): null

2018-12-12 17:31:16 - [TEST_STEP][PASSED] - Statement - f2.close(): null

2018-12-12 17:31:16 - [TEST_STEP][PASSED] - Statement - out.println("


" + CaseReferenceNo + "


"): null

2018-12-12 17:31:16 - [MESSAGE][PASSED] - Call Test Case 'Test Cases/Final Aug 2018 - PKS Automation/Common/Reference Number Setter' successfully

2018-12-12 17:31:16 - [TEST_STEP][PASSED] - delay: Delayed 2 second(s)

2018-12-12 17:31:18 - [MESSAGE][PASSED] - Delayed 2 second(s)

2018-12-12 17:31:18 - [TEST_STEP][PASSED] - click: Object: 'Object Repository/Final Object Repo/Page_Form 3 EIS - Cessation as Employer/Save  Continue in Uploading Page' is clicked on

2018-12-12 17:31:19 - [MESSAGE][PASSED] - Object: 'Object Repository/Final Object Repo/Page_Form 3 EIS - Cessation as Employer/Save  Continue in Uploading Page' is clicked on

2018-12-12 17:31:19 - [TEST_STEP][PASSED] - delay: Delayed 2 second(s)

2018-12-12 17:31:21 - [MESSAGE][PASSED] - Delayed 2 second(s)

2018-12-12 17:31:21 - [TEST_STEP][PASSED] - click: Object: 'Object Repository/Final Object Repo/Page_Form 3 EIS - Cessation as Employer/Submit' is clicked on

2018-12-12 17:31:23 - [MESSAGE][PASSED] - Object: 'Object Repository/Final Object Repo/Page_Form 3 EIS - Cessation as Employer/Submit' is clicked on

2018-12-12 17:31:23 - [TEST_STEP][PASSED] - delay: Delayed 2 second(s)

2018-12-12 17:31:25 - [MESSAGE][PASSED] - Delayed 2 second(s)

2018-12-12 17:31:25 - [TEST_STEP][PASSED] - click: Object: 'Object Repository/Final Object Repo/Page_Form 3 EIS - Cessation as Employer/Confirm' is clicked on

2018-12-12 17:31:26 - [MESSAGE][PASSED] - Object: 'Object Repository/Final Object Repo/Page_Form 3 EIS - Cessation as Employer/Confirm' is clicked on

2018-12-12 17:31:26 - [TEST_STEP][PASSED] - delay: Delayed 2 second(s)

2018-12-12 17:31:28 - [MESSAGE][PASSED] - Delayed 2 second(s)

2018-12-12 17:31:28 - [TEST_STEP][PASSED] - click: Object: 'Object Repository/Final Object Repo/Page_Form 3 EIS - Cessation as Employer/Message Your Request will be routed to UO' is clicked on

2018-12-12 17:31:31 - [MESSAGE][PASSED] - Object: 'Object Repository/Final Object Repo/Page_Form 3 EIS - Cessation as Employer/Message Your Request will be routed to UO' is clicked on

2018-12-12 17:31:31 - [TEST_STEP][PASSED] - click: Object: 'Object Repository/Final Object Repo/Page_Form 3 EIS - Cessation as Employer/Letter of acknowledgement' is clicked on

2018-12-12 17:31:32 - [MESSAGE][PASSED] - Object: 'Object Repository/Final Object Repo/Page_Form 3 EIS - Cessation as Employer/Letter of acknowledgement' is clicked on

2018-12-12 17:31:32 - [MESSAGE][PASSED] - Call Test Case 'Test Cases/Final Aug 2018 - PKS Automation/Registration Module/Workflow/Form 3 EIS - Cessation As Employer/Template/Form 3 A - Cessation As Employer (OTC)' successfully

2018-12-12 17:31:32 - [TEST_STEP][PASSED] - callTestCase: Call Test Case 'Test Cases/Final Aug 2018 - PKS Automation/Registration Module/Workflow/Form 3 EIS - Cessation As Employer/Template/Form 3 A - Cessation As Employer (Query)' successfully

2018-12-12 17:31:32 - [TEST_CASE][PASSED] - Test Cases/Final Aug 2018 - PKS Automation/Registration Module/Workflow/Form 3 EIS - Cessation As Employer/Template/Form 3 A - Cessation As Employer (Query): Test Cases/Final Aug 2018 - PKS Automation/Registration Module/Workflow/Form 3 EIS - Cessation As Employer/Template/Form 3 A - Cessation As Employer (Query)

2018-12-12 17:31:32 - [TEST_STEP][NOT_RUN] - callTestCase: NOT_RUN: callTestCase

2018-12-12 17:31:32 - [MESSAGE][NOT_RUN] - NOT_RUN: callTestCase

2018-12-12 17:31:32 - [TEST_STEP][PASSED] - delay: Delayed 1 second(s)

2018-12-12 17:31:33 - [MESSAGE][PASSED] - Delayed 1 second(s)

2018-12-12 17:31:33 - [TEST_STEP][PASSED] - navigateToUrl: Navigate to 'https://assist2-uat.perkeso.gov.my/c/portal/logout' successfully

2018-12-12 17:31:34 - [MESSAGE][PASSED] - Navigate to 'https://assist2-uat.perkeso.gov.my/c/portal/logout' successfully

2018-12-12 17:31:34 - [TEST_STEP][PASSED] - delay: Delayed 1 second(s)

2018-12-12 17:31:35 - [MESSAGE][PASSED] - Delayed 1 second(s)

2018-12-12 17:31:35 - [TEST_STEP][PASSED] - callTestCase: Call Test Case 'Test Cases/Final Aug 2018 - PKS Automation/Common/Reference Number Getter' successfully

2018-12-12 17:31:35 - [TEST_CASE][PASSED] - Test Cases/Final Aug 2018 - PKS Automation/Common/Reference Number Getter: Test Cases/Final Aug 2018 - PKS Automation/Common/Reference Number Getter

2018-12-12 17:31:35 - [TEST_STEP][PASSED] - Statement - Try: null

2018-12-12 17:31:35 - [TEST_STEP][PASSED] - Statement - RefNo = new java.io.File(C://Users//Admin//Desktop//PKS//Automation Reference Point//KatalonReference.txt): null

2018-12-12 17:31:35 - [TEST_STEP][PASSED] - Statement - bufferread = new java.io.BufferedReader(new java.io.FileReader(RefNo)): null

2018-12-12 17:31:35 - [TEST_STEP][PASSED] - Statement - readedVal = bufferread.readLine(): null

2018-12-12 17:31:35 - [TEST_STEP][PASSED] - Statement - out.println(CaseReferenceNo): null

2018-12-12 17:31:35 - [TEST_STEP][PASSED] - Statement - out.println(readedVal): null

2018-12-12 17:31:35 - [TEST_STEP][PASSED] - Statement - CaseReferenceNo = "": null

2018-12-12 17:31:35 - [TEST_STEP][PASSED] - Statement - CaseReferenceNo = readedVal: null

2018-12-12 17:31:35 - [MESSAGE][PASSED] - Call Test Case 'Test Cases/Final Aug 2018 - PKS Automation/Common/Reference Number Getter' successfully

2018-12-12 17:31:35 - [TEST_STEP][PASSED] - callTestCase: Call Test Case 'Test Cases/Final Aug 2018 - PKS Automation/Common/Workflow Owner Finder' successfully

2018-12-12 17:31:35 - [TEST_CASE][PASSED] - Test Cases/Final Aug 2018 - PKS Automation/Common/Workflow Owner Finder: Test Cases/Final Aug 2018 - PKS Automation/Common/Workflow Owner Finder

2018-12-12 17:31:35 - [TEST_STEP][PASSED] - openBrowser: Browser is opened with url: ''

2018-12-12 17:31:35 - [MESSAGE][WARNING] - A browser is already opened. Closing browser and opening a new one

2018-12-12 17:31:38 - [MESSAGE][PASSED] - Browser is opened with url: ''

2018-12-12 17:31:38 - [TEST_STEP][PASSED] - navigateToUrl: Navigate to 'https://assist2-uat.perkeso.gov.my/login' successfully

2018-12-12 17:31:39 - [MESSAGE][PASSED] - Navigate to 'https://assist2-uat.perkeso.gov.my/login' successfully

2018-12-12 17:31:39 - [TEST_STEP][PASSED] - delay: Delayed 5 second(s)

2018-12-12 17:31:44 - [MESSAGE][PASSED] - Delayed 5 second(s)

2018-12-12 17:31:44 - [TEST_STEP][PASSED] - setText: Text 'test@liferay.com' is set on object 'Object Repository/Final Object Repo/Login Page/Internal User/Email Address'

2018-12-12 17:31:44 - [MESSAGE][PASSED] - Text 'test@liferay.com' is set on object 'Object Repository/Final Object Repo/Login Page/Internal User/Email Address'

2018-12-12 17:31:44 - [TEST_STEP][PASSED] - click: Object: 'Object Repository/Final Object Repo/Login Page/Internal User/Next Button' is clicked on

2018-12-12 17:31:45 - [MESSAGE][PASSED] - Object: 'Object Repository/Final Object Repo/Login Page/Internal User/Next Button' is clicked on

2018-12-12 17:31:45 - [TEST_STEP][PASSED] - delay: Delayed 2 second(s)

2018-12-12 17:31:47 - [MESSAGE][PASSED] - Delayed 2 second(s)

2018-12-12 17:31:47 - [TEST_STEP][PASSED] - setText: Text 'test' is set on object 'Object Repository/Final Object Repo/Login Page/Internal User/Password'

2018-12-12 17:31:47 - [MESSAGE][PASSED] - Text 'test' is set on object 'Object Repository/Final Object Repo/Login Page/Internal User/Password'

2018-12-12 17:31:47 - [TEST_STEP][PASSED] - delay: Delayed 2 second(s)

2018-12-12 17:31:49 - [MESSAGE][PASSED] - Delayed 2 second(s)

2018-12-12 17:31:49 - [TEST_STEP][PASSED] - click: Object: 'Object Repository/Final Object Repo/Login Page/Internal User/Login Button' is clicked on

2018-12-12 17:31:49 - [MESSAGE][PASSED] - Object: 'Object Repository/Final Object Repo/Login Page/Internal User/Login Button' is clicked on

2018-12-12 17:31:49 - [TEST_STEP][PASSED] - Statement - tester = com.kms.katalon.core.testobject.ObjectRepository.findTestObject(Final Object Repo/Landing Page/Select to English): Finding Test Object with id 'Object Repository/Final Object Repo/Landing Page/Select to English'

2018-12-12 17:31:49 - [TEST_STEP][PASSED] - Statement - Try: Delayed 2 second(s)

2018-12-12 17:31:49 - [TEST_STEP][PASSED] - Statement - Checker = com.kms.katalon.core.webui.keyword.WebUiBuiltInKeywords.verifyElementNotPresent(tester, 3): Web element with id: 'Object Repository/Final Object Repo/Landing Page/Select to English' located by 'By.xpath: //a[@class = 'taglib-language-list-text' and @lang = 'en-US' and (contains(text(), 'EN') or contains(., 'EN'))]' is not present after '3' second(s)

2018-12-12 17:31:51 - [MESSAGE][PASSED] - Web element with id: 'Object Repository/Final Object Repo/Landing Page/Select to English' located by 'By.xpath: //a[@class = 'taglib-language-list-text' and @lang = 'en-US' and (contains(text(), 'EN') or contains(., 'EN'))]' is not present after '3' second(s)

2018-12-12 17:31:51 - [TEST_STEP][PASSED] - Statement - If (Checker == false): null

2018-12-12 17:31:51 - [TEST_STEP][PASSED] - delay: Delayed 2 second(s)

2018-12-12 17:31:53 - [MESSAGE][PASSED] - Delayed 2 second(s)

2018-12-12 17:31:53 - [TEST_STEP][PASSED] - delay: Delayed 5 second(s)

2018-12-12 17:31:58 - [MESSAGE][PASSED] - Delayed 5 second(s)

2018-12-12 17:31:58 - [TEST_STEP][PASSED] - mouseOver: Object: 'Object Repository/Final Object Repo/Landing Page/WorkFlow Menu' is hovered

2018-12-12 17:31:58 - [MESSAGE][PASSED] - Object: 'Object Repository/Final Object Repo/Landing Page/WorkFlow Menu' is hovered

2018-12-12 17:31:58 - [TEST_STEP][PASSED] - delay: Delayed 2 second(s)

2018-12-12 17:32:00 - [MESSAGE][PASSED] - Delayed 2 second(s)

2018-12-12 17:32:00 - [TEST_STEP][PASSED] - click: Object: 'Object Repository/Final Object Repo/Landing Page/Select to Workflow Listing' is clicked on

2018-12-12 17:32:01 - [MESSAGE][PASSED] - Object: 'Object Repository/Final Object Repo/Landing Page/Select to Workflow Listing' is clicked on

2018-12-12 17:32:01 - [TEST_STEP][PASSED] - delay: Delayed 2 second(s)

2018-12-12 17:32:03 - [MESSAGE][PASSED] - Delayed 2 second(s)

2018-12-12 17:32:03 - [TEST_STEP][PASSED] - click: Object: 'Object Repository/Final Object Repo/WorkFlow Listing Page/Search Information - To Put Ref No' is clicked on

2018-12-12 17:32:03 - [MESSAGE][PASSED] - Object: 'Object Repository/Final Object Repo/WorkFlow Listing Page/Search Information - To Put Ref No' is clicked on

2018-12-12 17:32:03 - [TEST_STEP][PASSED] - delay: Delayed 2 second(s)

2018-12-12 17:32:05 - [MESSAGE][PASSED] - Delayed 2 second(s)

2018-12-12 17:32:05 - [TEST_STEP][PASSED] - callTestCase: Call Test Case 'Test Cases/Final Aug 2018 - PKS Automation/Common/Reference Number Getter' successfully

2018-12-12 17:32:05 - [TEST_CASE][PASSED] - Test Cases/Final Aug 2018 - PKS Automation/Common/Reference Number Getter: Test Cases/Final Aug 2018 - PKS Automation/Common/Reference Number Getter

2018-12-12 17:32:05 - [TEST_STEP][PASSED] - Statement - Try: null

2018-12-12 17:32:05 - [TEST_STEP][PASSED] - Statement - RefNo = new java.io.File(C://Users//Admin//Desktop//PKS//Automation Reference Point//KatalonReference.txt): null

2018-12-12 17:32:05 - [TEST_STEP][PASSED] - Statement - bufferread = new java.io.BufferedReader(new java.io.FileReader(RefNo)): null

2018-12-12 17:32:05 - [TEST_STEP][PASSED] - Statement - readedVal = bufferread.readLine(): null

2018-12-12 17:32:05 - [TEST_STEP][PASSED] - Statement - out.println(CaseReferenceNo): null

2018-12-12 17:32:05 - [TEST_STEP][PASSED] - Statement - out.println(readedVal): null

2018-12-12 17:32:05 - [TEST_STEP][PASSED] - Statement - CaseReferenceNo = "": null

2018-12-12 17:32:05 - [TEST_STEP][PASSED] - Statement - CaseReferenceNo = readedVal: null

2018-12-12 17:32:05 - [MESSAGE][PASSED] - Call Test Case 'Test Cases/Final Aug 2018 - PKS Automation/Common/Reference Number Getter' successfully

2018-12-12 17:32:05 - [TEST_STEP][PASSED] - setText: Text 'ERN122018C200002402' is set on object 'Object Repository/Final Object Repo/WorkFlow Listing Page/Ref No Set Text'

2018-12-12 17:32:06 - [MESSAGE][PASSED] - Text 'ERN122018C200002402' is set on object 'Object Repository/Final Object Repo/WorkFlow Listing Page/Ref No Set Text'

2018-12-12 17:32:06 - [TEST_STEP][PASSED] - delay: Delayed 2 second(s)

2018-12-12 17:32:08 - [MESSAGE][PASSED] - Delayed 2 second(s)

2018-12-12 17:32:08 - [TEST_STEP][PASSED] - click: Object: 'Object Repository/Final Object Repo/WorkFlow Listing Page/Search Ref No Search Button' is clicked on

2018-12-12 17:32:08 - [MESSAGE][PASSED] - Object: 'Object Repository/Final Object Repo/WorkFlow Listing Page/Search Ref No Search Button' is clicked on

2018-12-12 17:32:08 - [TEST_STEP][PASSED] - delay: Delayed 6 second(s)

2018-12-12 17:32:14 - [MESSAGE][PASSED] - Delayed 6 second(s)

2018-12-12 17:32:14 - [TEST_STEP][PASSED] - click: Object: 'Object Repository/Final Object Repo/WorkFlow Listing Page/Click Continue Tooltip' is clicked on

2018-12-12 17:32:15 - [MESSAGE][PASSED] - Object: 'Object Repository/Final Object Repo/WorkFlow Listing Page/Click Continue Tooltip' is clicked on

2018-12-12 17:32:15 - [TEST_STEP][PASSED] - delay: Delayed 5 second(s)

2018-12-12 17:32:20 - [MESSAGE][PASSED] - Delayed 5 second(s)

2018-12-12 17:32:20 - [TEST_STEP][PASSED] - doubleClick: Object: 'Object Repository/Final Object Repo/WorkFlow Listing Page/Workflow Found - Listing 1' is double clicked on

2018-12-12 17:32:20 - [MESSAGE][PASSED] - Object: 'Object Repository/Final Object Repo/WorkFlow Listing Page/Workflow Found - Listing 1' is double clicked on

2018-12-12 17:32:20 - [TEST_STEP][PASSED] - Statement - println(OwnerID): null

2018-12-12 17:32:20 - [TEST_STEP][PASSED] - Statement - OwnerID = com.kms.katalon.core.webui.keyword.WebUiBuiltInKeywords.getText(com.kms.katalon.core.testobject.ObjectRepository.findTestObject(Final Object Repo/WorkFlow Listing Page/Workflow Found - Listing 1), STOP_ON_FAILURE): Text of object 'Object Repository/Final Object Repo/WorkFlow Listing Page/Workflow Found - Listing 1' is: 'JOHORuo3'

2018-12-12 17:32:20 - [MESSAGE][PASSED] - Text of object 'Object Repository/Final Object Repo/WorkFlow Listing Page/Workflow Found - Listing 1' is: 'JOHORuo3'

2018-12-12 17:32:20 - [TEST_STEP][PASSED] - Statement - OwnerID = OwnerID.toLowerCase() + "@gmail.com": null

2018-12-12 17:32:20 - [TEST_STEP][PASSED] - Statement - println(OwnerID): null

2018-12-12 17:32:20 - [TEST_STEP][PASSED] - delay: Delayed 2 second(s)

2018-12-12 17:32:22 - [MESSAGE][PASSED] - Delayed 2 second(s)

2018-12-12 17:32:22 - [MESSAGE][PASSED] - Call Test Case 'Test Cases/Final Aug 2018 - PKS Automation/Common/Workflow Owner Finder' successfully

2018-12-12 17:32:22 - [TEST_STEP][PASSED] - delay: Delayed 1 second(s)

2018-12-12 17:32:23 - [MESSAGE][PASSED] - Delayed 1 second(s)

2018-12-12 17:32:23 - [TEST_STEP][PASSED] - navigateToUrl: Navigate to 'https://assist2-uat.perkeso.gov.my/c/portal/logout' successfully

2018-12-12 17:32:24 - [MESSAGE][PASSED] - Navigate to 'https://assist2-uat.perkeso.gov.my/c/portal/logout' successfully

2018-12-12 17:32:24 - [TEST_STEP][PASSED] - delay: Delayed 1 second(s)

2018-12-12 17:32:25 - [MESSAGE][PASSED] - Delayed 1 second(s)

2018-12-12 17:32:25 - [TEST_STEP][PASSED] - callTestCase: Call Test Case 'Test Cases/Final Aug 2018 - PKS Automation/Registration Module/Workflow/Login and Search Case For Workflow' successfully

2018-12-12 17:32:25 - [TEST_CASE][PASSED] - Test Cases/Final Aug 2018 - PKS Automation/Registration Module/Workflow/Login and Search Case For Workflow: Test Cases/Final Aug 2018 - PKS Automation/Registration Module/Workflow/Login and Search Case For Workflow

2018-12-12 17:32:25 - [TEST_STEP][PASSED] - navigateToUrl: Navigate to 'https://assist2-uat.perkeso.gov.my/login' successfully

2018-12-12 17:32:26 - [MESSAGE][PASSED] - Navigate to 'https://assist2-uat.perkeso.gov.my/login' successfully

2018-12-12 17:32:26 - [TEST_STEP][PASSED] - setText: Text 'johoruo3@gmail.com' is set on object 'Object Repository/Final Object Repo/Login Page/Internal User/Email Address'

2018-12-12 17:32:26 - [MESSAGE][PASSED] - Text 'johoruo3@gmail.com' is set on object 'Object Repository/Final Object Repo/Login Page/Internal User/Email Address'

2018-12-12 17:32:26 - [TEST_STEP][PASSED] - click: Object: 'Object Repository/Final Object Repo/Login Page/Internal User/Next Button' is clicked on

2018-12-12 17:32:26 - [MESSAGE][PASSED] - Object: 'Object Repository/Final Object Repo/Login Page/Internal User/Next Button' is clicked on

2018-12-12 17:32:26 - [TEST_STEP][PASSED] - delay: Delayed 1 second(s)

2018-12-12 17:32:27 - [MESSAGE][PASSED] - Delayed 1 second(s)

2018-12-12 17:32:27 - [TEST_STEP][PASSED] - setEncryptedText: Text ****** has been set on object 'Object Repository/Final Object Repo/Login Page/Internal User/Password'

2018-12-12 17:32:27 - [MESSAGE][PASSED] - Text ****** has been set on object 'Object Repository/Final Object Repo/Login Page/Internal User/Password'

2018-12-12 17:32:27 - [TEST_STEP][PASSED] - click: Object: 'Object Repository/Final Object Repo/Login Page/Internal User/Login Button' is clicked on

2018-12-12 17:32:28 - [MESSAGE][PASSED] - Object: 'Object Repository/Final Object Repo/Login Page/Internal User/Login Button' is clicked on

2018-12-12 17:32:28 - [TEST_STEP][PASSED] - delay: Delayed 2 second(s)

2018-12-12 17:32:30 - [MESSAGE][PASSED] - Delayed 2 second(s)

2018-12-12 17:32:30 - [TEST_STEP][PASSED] - Statement - Try: Delayed 2 second(s)

2018-12-12 17:32:30 - [TEST_STEP][PASSED] - Statement - Checker = false: null

2018-12-12 17:32:30 - [TEST_STEP][PASSED] - Statement - Checker = com.kms.katalon.core.webui.keyword.WebUiBuiltInKeywords.verifyElementHasAttribute(com.kms.katalon.core.testobject.ObjectRepository.findTestObject(Final Object Repo/Landing Page/BM Detecting), "href", 20, OPTIONAL): Object 'Object Repository/Final Object Repo/Landing Page/BM Detecting' has attribute 'href'

2018-12-12 17:32:30 - [MESSAGE][PASSED] - Object 'Object Repository/Final Object Repo/Landing Page/BM Detecting' has attribute 'href'

2018-12-12 17:32:30 - [TEST_STEP][PASSED] - Statement - out.println(Checker): null

2018-12-12 17:32:30 - [TEST_STEP][PASSED] - Statement - If (Checker == false): null

2018-12-12 17:32:30 - [TEST_STEP][PASSED] - Statement - Else: null

2018-12-12 17:32:30 - [TEST_STEP][PASSED] - delay: Delayed 2 second(s)

2018-12-12 17:32:32 - [MESSAGE][PASSED] - Delayed 2 second(s)

2018-12-12 17:32:32 - [TEST_STEP][PASSED] - click: Object: 'Object Repository/Final Object Repo/Page_MyASSIST - ASSIST - Search Pending Case For Add Supporting Document/Search Information' is clicked on

2018-12-12 17:32:32 - [MESSAGE][PASSED] - Object: 'Object Repository/Final Object Repo/Page_MyASSIST - ASSIST - Search Pending Case For Add Supporting Document/Search Information' is clicked on

2018-12-12 17:32:32 - [TEST_STEP][PASSED] - delay: Delayed 3 second(s)

2018-12-12 17:32:35 - [MESSAGE][PASSED] - Delayed 3 second(s)

2018-12-12 17:32:35 - [TEST_STEP][PASSED] - sendKeys: Keys 'ERN122018C200002402' sent to object: 'Object Repository/Final Object Repo/Page_MyASSIST - ASSIST - Search Pending Case For Add Supporting Document/Reference No'

2018-12-12 17:32:35 - [MESSAGE][PASSED] - Keys 'ERN122018C200002402' sent to object: 'Object Repository/Final Object Repo/Page_MyASSIST - ASSIST - Search Pending Case For Add Supporting Document/Reference No'

2018-12-12 17:32:35 - [TEST_STEP][PASSED] - click: Object: 'Object Repository/Final Object Repo/Page_MyASSIST - ASSIST - Search Pending Case For Add Supporting Document/Search Reference No' is clicked on

2018-12-12 17:32:35 - [MESSAGE][PASSED] - Object: 'Object Repository/Final Object Repo/Page_MyASSIST - ASSIST - Search Pending Case For Add Supporting Document/Search Reference No' is clicked on

2018-12-12 17:32:35 - [TEST_STEP][PASSED] - delay: Delayed 2 second(s)

2018-12-12 17:32:37 - [MESSAGE][PASSED] - Delayed 2 second(s)

2018-12-12 17:32:37 - [TEST_STEP][PASSED] - click: Object: 'Object Repository/Final Object Repo/Page_MyASSIST - ASSIST - Search Pending Case For Add Supporting Document/Continue' is clicked on

2018-12-12 17:32:41 - [MESSAGE][PASSED] - Object: 'Object Repository/Final Object Repo/Page_MyASSIST - ASSIST - Search Pending Case For Add Supporting Document/Continue' is clicked on

2018-12-12 17:32:41 - [TEST_STEP][PASSED] - delay: Delayed 20 second(s)

2018-12-12 17:33:01 - [MESSAGE][PASSED] - Delayed 20 second(s)

2018-12-12 17:33:01 - [MESSAGE][PASSED] - Call Test Case 'Test Cases/Final Aug 2018 - PKS Automation/Registration Module/Workflow/Login and Search Case For Workflow' successfully

2018-12-12 17:33:01 - [TEST_STEP][PASSED] - click: Object: 'Object Repository/Final Object Repo/Page_Form 3 EIS - Cessation as Employer/Page_Form 3 EIS - Cessation as Employer (Approve)/Save  Continue in Form 3 Page' is clicked on

2018-12-12 17:33:01 - [MESSAGE][PASSED] - Object: 'Object Repository/Final Object Repo/Page_Form 3 EIS - Cessation as Employer/Page_Form 3 EIS - Cessation as Employer (Approve)/Save  Continue in Form 3 Page' is clicked on

2018-12-12 17:33:01 - [TEST_STEP][PASSED] - delay: Delayed 4 second(s)

2018-12-12 17:33:05 - [MESSAGE][PASSED] - Delayed 4 second(s)

2018-12-12 17:33:05 - [TEST_STEP][PASSED] - click: Object: 'Object Repository/Final Object Repo/Page_Form 3 EIS - Cessation as Employer/Page_Form 3 EIS - Cessation as Employer (Approve)/Save  Continue in Resigned Page' is clicked on

2018-12-12 17:33:05 - [MESSAGE][PASSED] - Object: 'Object Repository/Final Object Repo/Page_Form 3 EIS - Cessation as Employer/Page_Form 3 EIS - Cessation as Employer (Approve)/Save  Continue in Resigned Page' is clicked on

2018-12-12 17:33:05 - [TEST_STEP][PASSED] - delay: Delayed 2 second(s)

2018-12-12 17:33:07 - [MESSAGE][PASSED] - Delayed 2 second(s)

2018-12-12 17:33:07 - [TEST_STEP][PASSED] - setText: Text 'Remark' is set on object 'Object Repository/Final Object Repo/Page_Form 3 EIS - Cessation as Employer/Page_Form 3 EIS - Cessation as Employer (Query)/Query - Remark'

2018-12-12 17:33:08 - [MESSAGE][PASSED] - Text 'Remark' is set on object 'Object Repository/Final Object Repo/Page_Form 3 EIS - Cessation as Employer/Page_Form 3 EIS - Cessation as Employer (Query)/Query - Remark'

2018-12-12 17:33:08 - [TEST_STEP][PASSED] - delay: Delayed 2 second(s)

2018-12-12 17:33:10 - [MESSAGE][PASSED] - Delayed 2 second(s)

2018-12-12 17:33:10 - [TEST_STEP][PASSED] - click: Object: 'Object Repository/Final Object Repo/Page_Form 3 EIS - Cessation as Employer/Page_Form 3 EIS - Cessation as Employer (Query)/Save  Continue' is clicked on

2018-12-12 17:33:10 - [MESSAGE][PASSED] - Object: 'Object Repository/Final Object Repo/Page_Form 3 EIS - Cessation as Employer/Page_Form 3 EIS - Cessation as Employer (Query)/Save  Continue' is clicked on

2018-12-12 17:33:10 - [TEST_STEP][PASSED] - delay: Delayed 2 second(s)

2018-12-12 17:33:12 - [MESSAGE][PASSED] - Delayed 2 second(s)

2018-12-12 17:33:12 - [TEST_STEP][PASSED] - click: Object: 'Object Repository/Final Object Repo/Page_Form 3 EIS - Cessation as Employer/Page_Form 3 EIS - Cessation as Employer (Query)/Query' is clicked on

2018-12-12 17:33:15 - [MESSAGE][PASSED] - Object: 'Object Repository/Final Object Repo/Page_Form 3 EIS - Cessation as Employer/Page_Form 3 EIS - Cessation as Employer (Query)/Query' is clicked on

2018-12-12 17:33:15 - [TEST_STEP][PASSED] - delay: Delayed 2 second(s)

2018-12-12 17:33:17 - [MESSAGE][PASSED] - Delayed 2 second(s)

2018-12-12 17:33:17 - [TEST_STEP][PASSED] - click: Object: 'Object Repository/Final Object Repo/Page_Form 3 EIS - Cessation as Employer/Page_Form 3 EIS - Cessation as Employer (Query)/Confirm' is clicked on

2018-12-12 17:33:24 - [MESSAGE][PASSED] - Object: 'Object Repository/Final Object Repo/Page_Form 3 EIS - Cessation as Employer/Page_Form 3 EIS - Cessation as Employer (Query)/Confirm' is clicked on

2018-12-12 17:33:24 - [TEST_STEP][PASSED] - delay: Delayed 2 second(s)

2018-12-12 17:33:26 - [MESSAGE][PASSED] - Delayed 2 second(s)

2018-12-12 17:33:26 - [TEST_STEP][PASSED] - click: Object: 'Object Repository/Final Object Repo/Page_Form 3 EIS - Cessation as Employer/Page_Form 3 EIS - Cessation as Employer (Query)/Message The Case Is Under Query' is clicked on

2018-12-12 17:33:26 - [MESSAGE][PASSED] - Object: 'Object Repository/Final Object Repo/Page_Form 3 EIS - Cessation as Employer/Page_Form 3 EIS - Cessation as Employer (Query)/Message The Case Is Under Query' is clicked on

2018-12-12 17:33:26 - [TEST_STEP][PASSED] - click: Object: 'Object Repository/Final Object Repo/Page_Form 3 EIS - Cessation as Employer/Page_Form 3 EIS - Cessation as Employer (Query)/Letter of inquiry' is clicked on

2018-12-12 17:33:26 - [MESSAGE][PASSED] - Object: 'Object Repository/Final Object Repo/Page_Form 3 EIS - Cessation as Employer/Page_Form 3 EIS - Cessation as Employer (Query)/Letter of inquiry' is clicked on

2018-12-12 17:33:26 - [TEST_STEP][PASSED] - delay: Delayed 1 second(s)

2018-12-12 17:33:27 - [MESSAGE][PASSED] - Delayed 1 second(s)

2018-12-12 17:33:27 - [TEST_STEP][PASSED] - navigateToUrl: Navigate to 'https://assist2-uat.perkeso.gov.my/c/portal/logout' successfully

2018-12-12 17:33:28 - [MESSAGE][PASSED] - Navigate to 'https://assist2-uat.perkeso.gov.my/c/portal/logout' successfully

2018-12-12 17:33:28 - [TEST_STEP][PASSED] - delay: Delayed 1 second(s)

2018-12-12 17:33:29 - [MESSAGE][PASSED] - Delayed 1 second(s)

2018-12-12 17:33:29 - [TEST_STEP][PASSED] - callTestCase: Call Test Case 'Test Cases/Final Aug 2018 - PKS Automation/Registration Module/Workflow/Login and Search Case For Workflow' successfully

2018-12-12 17:33:29 - [TEST_CASE][PASSED] - Test Cases/Final Aug 2018 - PKS Automation/Registration Module/Workflow/Login and Search Case For Workflow: Test Cases/Final Aug 2018 - PKS Automation/Registration Module/Workflow/Login and Search Case For Workflow

2018-12-12 17:33:29 - [TEST_STEP][PASSED] - navigateToUrl: Navigate to 'https://assist2-uat.perkeso.gov.my/login' successfully

2018-12-12 17:33:30 - [MESSAGE][PASSED] - Navigate to 'https://assist2-uat.perkeso.gov.my/login' successfully

2018-12-12 17:33:30 - [TEST_STEP][PASSED] - setText: Text 'johoruo3@gmail.com' is set on object 'Object Repository/Final Object Repo/Login Page/Internal User/Email Address'

2018-12-12 17:33:30 - [MESSAGE][PASSED] - Text 'johoruo3@gmail.com' is set on object 'Object Repository/Final Object Repo/Login Page/Internal User/Email Address'

2018-12-12 17:33:30 - [TEST_STEP][PASSED] - click: Object: 'Object Repository/Final Object Repo/Login Page/Internal User/Next Button' is clicked on

2018-12-12 17:33:30 - [MESSAGE][PASSED] - Object: 'Object Repository/Final Object Repo/Login Page/Internal User/Next Button' is clicked on

2018-12-12 17:33:30 - [TEST_STEP][PASSED] - delay: Delayed 1 second(s)

2018-12-12 17:33:31 - [MESSAGE][PASSED] - Delayed 1 second(s)

2018-12-12 17:33:31 - [TEST_STEP][PASSED] - setEncryptedText: Text ****** has been set on object 'Object Repository/Final Object Repo/Login Page/Internal User/Password'

2018-12-12 17:33:32 - [MESSAGE][PASSED] - Text ****** has been set on object 'Object Repository/Final Object Repo/Login Page/Internal User/Password'

2018-12-12 17:33:32 - [TEST_STEP][PASSED] - click: Object: 'Object Repository/Final Object Repo/Login Page/Internal User/Login Button' is clicked on

2018-12-12 17:33:32 - [MESSAGE][PASSED] - Object: 'Object Repository/Final Object Repo/Login Page/Internal User/Login Button' is clicked on

2018-12-12 17:33:32 - [TEST_STEP][PASSED] - delay: Delayed 2 second(s)

2018-12-12 17:33:34 - [MESSAGE][PASSED] - Delayed 2 second(s)

2018-12-12 17:33:34 - [TEST_STEP][PASSED] - Statement - Try: Delayed 2 second(s)

2018-12-12 17:33:34 - [TEST_STEP][PASSED] - Statement - Checker = false: null

2018-12-12 17:33:34 - [TEST_STEP][PASSED] - Statement - Checker = com.kms.katalon.core.webui.keyword.WebUiBuiltInKeywords.verifyElementHasAttribute(com.kms.katalon.core.testobject.ObjectRepository.findTestObject(Final Object Repo/Landing Page/BM Detecting), "href", 20, OPTIONAL): Object 'Object Repository/Final Object Repo/Landing Page/BM Detecting' has attribute 'href'

2018-12-12 17:33:34 - [MESSAGE][PASSED] - Object 'Object Repository/Final Object Repo/Landing Page/BM Detecting' has attribute 'href'

2018-12-12 17:33:34 - [TEST_STEP][PASSED] - Statement - out.println(Checker): null

2018-12-12 17:33:34 - [TEST_STEP][PASSED] - Statement - If (Checker == false): null

2018-12-12 17:33:34 - [TEST_STEP][PASSED] - Statement - Else: null

2018-12-12 17:33:34 - [TEST_STEP][PASSED] - delay: Delayed 2 second(s)

2018-12-12 17:33:36 - [MESSAGE][PASSED] - Delayed 2 second(s)

2018-12-12 17:33:36 - [TEST_STEP][PASSED] - click: Object: 'Object Repository/Final Object Repo/Page_MyASSIST - ASSIST - Search Pending Case For Add Supporting Document/Search Information' is clicked on

2018-12-12 17:33:36 - [MESSAGE][PASSED] - Object: 'Object Repository/Final Object Repo/Page_MyASSIST - ASSIST - Search Pending Case For Add Supporting Document/Search Information' is clicked on

2018-12-12 17:33:36 - [TEST_STEP][PASSED] - delay: Delayed 3 second(s)

2018-12-12 17:33:39 - [MESSAGE][PASSED] - Delayed 3 second(s)

2018-12-12 17:33:39 - [TEST_STEP][PASSED] - sendKeys: Keys 'ERN122018C200002402' sent to object: 'Object Repository/Final Object Repo/Page_MyASSIST - ASSIST - Search Pending Case For Add Supporting Document/Reference No'

2018-12-12 17:33:39 - [MESSAGE][PASSED] - Keys 'ERN122018C200002402' sent to object: 'Object Repository/Final Object Repo/Page_MyASSIST - ASSIST - Search Pending Case For Add Supporting Document/Reference No'

2018-12-12 17:33:39 - [TEST_STEP][PASSED] - click: Object: 'Object Repository/Final Object Repo/Page_MyASSIST - ASSIST - Search Pending Case For Add Supporting Document/Search Reference No' is clicked on

2018-12-12 17:33:39 - [MESSAGE][PASSED] - Object: 'Object Repository/Final Object Repo/Page_MyASSIST - ASSIST - Search Pending Case For Add Supporting Document/Search Reference No' is clicked on

2018-12-12 17:33:39 - [TEST_STEP][PASSED] - delay: Delayed 2 second(s)

2018-12-12 17:33:41 - [MESSAGE][PASSED] - Delayed 2 second(s)

2018-12-12 17:33:41 - [TEST_STEP][PASSED] - click: Object: 'Object Repository/Final Object Repo/Page_MyASSIST - ASSIST - Search Pending Case For Add Supporting Document/Continue' is clicked on

2018-12-12 17:33:45 - [MESSAGE][PASSED] - Object: 'Object Repository/Final Object Repo/Page_MyASSIST - ASSIST - Search Pending Case For Add Supporting Document/Continue' is clicked on

2018-12-12 17:33:45 - [TEST_STEP][PASSED] - delay: Delayed 20 second(s)

2018-12-12 17:34:05 - [MESSAGE][PASSED] - Delayed 20 second(s)

2018-12-12 17:34:05 - [MESSAGE][PASSED] - Call Test Case 'Test Cases/Final Aug 2018 - PKS Automation/Registration Module/Workflow/Login and Search Case For Workflow' successfully

2018-12-12 17:34:05 - [TEST_STEP][PASSED] - navigateToUrl: Navigate to 'https://assist2-uat.perkeso.gov.my/web/registration/eis-update/form-3-eis-cessation-as-employer?p_p_id=searchforemployersip_WAR_registrationportlet&p_p_lifecycle=0&_searchforemployersip_WAR_registrationportlet_regViewKey=87&_searchforemployersip_WAR_registrationportlet_browserIdKey=1536115932192&_searchforemployersip_WAR_registrationportlet_tempEmployerIdKey=128990&_searchforemployersip_WAR_registrationportlet_employerIdKey=&_searchforemployersip_WAR_registrationportlet_refCaseNo=ERN092018C200002133&_searchforemployersip_WAR_registrationportlet_mvcPath=%2Fapps%2Freg%2Fdiscontinue_business_sip%2Fdiscontinue_business_sip_form.jsp&_searchforemployersip_WAR_registrationportlet_regSectionKey=215' successfully

2018-12-12 17:34:08 - [MESSAGE][PASSED] - Navigate to 'https://assist2-uat.perkeso.gov.my/web/registration/eis-update/form-3-eis-cessation-as-employer?p_p_id=searchforemployersip_WAR_registrationportlet&p_p_lifecycle=0&_searchforemployersip_WAR_registrationportlet_regViewKey=87&_searchforemployersip_WAR_registrationportlet_browserIdKey=1536115932192&_searchforemployersip_WAR_registrationportlet_tempEmployerIdKey=128990&_searchforemployersip_WAR_registrationportlet_employerIdKey=&_searchforemployersip_WAR_registrationportlet_refCaseNo=ERN092018C200002133&_searchforemployersip_WAR_registrationportlet_mvcPath=%2Fapps%2Freg%2Fdiscontinue_business_sip%2Fdiscontinue_business_sip_form.jsp&_searchforemployersip_WAR_registrationportlet_regSectionKey=215' successfully

2018-12-12 17:34:08 - [TEST_STEP][PASSED] - delay: Delayed 5 second(s)

2018-12-12 17:34:13 - [MESSAGE][PASSED] - Delayed 5 second(s)

2018-12-12 17:34:13 - [TEST_STEP][PASSED] - click: Object: 'Object Repository/Final Object Repo/Page_Form 3 EIS - Cessation as Employer/Page_Form 3 EIS - Cessation as Employer (Query - OTC - UO)/Next' is clicked on

2018-12-12 17:34:14 - [MESSAGE][PASSED] - Object: 'Object Repository/Final Object Repo/Page_Form 3 EIS - Cessation as Employer/Page_Form 3 EIS - Cessation as Employer (Query - OTC - UO)/Next' is clicked on

2018-12-12 17:34:14 - [TEST_STEP][PASSED] - delay: Delayed 2 second(s)

2018-12-12 17:34:16 - [MESSAGE][PASSED] - Delayed 2 second(s)

2018-12-12 17:34:16 - [TEST_STEP][PASSED] - click: Object: 'Object Repository/Final Object Repo/Page_Form 3 EIS - Cessation as Employer/Page_Form 3 EIS - Cessation as Employer (Query - OTC - UO)/Next in Resigned Page' is clicked on

2018-12-12 17:34:19 - [MESSAGE][PASSED] - Object: 'Object Repository/Final Object Repo/Page_Form 3 EIS - Cessation as Employer/Page_Form 3 EIS - Cessation as Employer (Query - OTC - UO)/Next in Resigned Page' is clicked on

2018-12-12 17:34:19 - [TEST_STEP][PASSED] - delay: Delayed 2 second(s)

2018-12-12 17:34:21 - [MESSAGE][PASSED] - Delayed 2 second(s)

2018-12-12 17:34:21 - [TEST_STEP][PASSED] - click: Object: 'Object Repository/Final Object Repo/Page_Form 3 EIS - Cessation as Employer/Page_Form 3 EIS - Cessation as Employer (Query - OTC - UO)/Add Document' is clicked on

2018-12-12 17:34:22 - [MESSAGE][PASSED] - Object: 'Object Repository/Final Object Repo/Page_Form 3 EIS - Cessation as Employer/Page_Form 3 EIS - Cessation as Employer (Query - OTC - UO)/Add Document' is clicked on

2018-12-12 17:34:22 - [TEST_STEP][PASSED] - delay: Delayed 2 second(s)

2018-12-12 17:34:24 - [MESSAGE][PASSED] - Delayed 2 second(s)

2018-12-12 17:34:24 - [TEST_STEP][PASSED] - click: Object: 'Object Repository/Final Object Repo/Page_Form 3 EIS - Cessation as Employer/Page_Form 3 EIS - Cessation as Employer (Query - OTC - UO)/Document Type' is clicked on

2018-12-12 17:34:24 - [MESSAGE][PASSED] - Object: 'Object Repository/Final Object Repo/Page_Form 3 EIS - Cessation as Employer/Page_Form 3 EIS - Cessation as Employer (Query - OTC - UO)/Document Type' is clicked on

2018-12-12 17:34:24 - [TEST_STEP][PASSED] - delay: Delayed 2 second(s)

2018-12-12 17:34:26 - [MESSAGE][PASSED] - Delayed 2 second(s)

2018-12-12 17:34:26 - [TEST_STEP][PASSED] - click: Object: 'Object Repository/Final Object Repo/Page_Form 3 EIS - Cessation as Employer/Page_Form 3 EIS - Cessation as Employer (Query - OTC - UO)/Document Type - Others' is clicked on

2018-12-12 17:34:27 - [MESSAGE][PASSED] - Object: 'Object Repository/Final Object Repo/Page_Form 3 EIS - Cessation as Employer/Page_Form 3 EIS - Cessation as Employer (Query - OTC - UO)/Document Type - Others' is clicked on

2018-12-12 17:34:27 - [TEST_STEP][PASSED] - delay: Delayed 2 second(s)

2018-12-12 17:34:29 - [MESSAGE][PASSED] - Delayed 2 second(s)

2018-12-12 17:34:29 - [TEST_STEP][PASSED] - sendKeys: Keys 'C:\Users\Public\Pictures\Sample Pictures\Koala.jpg' sent to object: 'Object Repository/Final Object Repo/Page_Form 3 EIS - Cessation as Employer/Page_Form 3 EIS - Cessation as Employer (Query - OTC - UO)/ploading File'

2018-12-12 17:34:29 - [MESSAGE][PASSED] - Keys 'C:\Users\Public\Pictures\Sample Pictures\Koala.jpg' sent to object: 'Object Repository/Final Object Repo/Page_Form 3 EIS - Cessation as Employer/Page_Form 3 EIS - Cessation as Employer (Query - OTC - UO)/ploading File'

2018-12-12 17:34:29 - [TEST_STEP][PASSED] - delay: Delayed 2 second(s)

2018-12-12 17:34:31 - [MESSAGE][PASSED] - Delayed 2 second(s)

2018-12-12 17:34:31 - [TEST_STEP][PASSED] - click: Object: 'Object Repository/Final Object Repo/Page_Form 3 EIS - Cessation as Employer/Page_Form 3 EIS - Cessation as Employer (Query - OTC - UO)/Add Document in Uploading Page' is clicked on

2018-12-12 17:34:31 - [MESSAGE][PASSED] - Object: 'Object Repository/Final Object Repo/Page_Form 3 EIS - Cessation as Employer/Page_Form 3 EIS - Cessation as Employer (Query - OTC - UO)/Add Document in Uploading Page' is clicked on

2018-12-12 17:34:31 - [TEST_STEP][PASSED] - delay: Delayed 2 second(s)

2018-12-12 17:34:33 - [MESSAGE][PASSED] - Delayed 2 second(s)

2018-12-12 17:34:33 - [TEST_STEP][PASSED] - click: Object: 'Object Repository/Final Object Repo/Page_Form 3 EIS - Cessation as Employer/Page_Form 3 EIS - Cessation as Employer (Query - OTC - UO)/Exit' is clicked on

2018-12-12 17:34:36 - [MESSAGE][PASSED] - Object: 'Object Repository/Final Object Repo/Page_Form 3 EIS - Cessation as Employer/Page_Form 3 EIS - Cessation as Employer (Query - OTC - UO)/Exit' is clicked on

2018-12-12 17:34:36 - [TEST_STEP][PASSED] - delay: Delayed 1 second(s)

2018-12-12 17:34:37 - [MESSAGE][PASSED] - Delayed 1 second(s)

2018-12-12 17:34:37 - [TEST_STEP][PASSED] - navigateToUrl: Navigate to 'https://assist2-uat.perkeso.gov.my/c/portal/logout' successfully

2018-12-12 17:34:37 - [MESSAGE][PASSED] - Navigate to 'https://assist2-uat.perkeso.gov.my/c/portal/logout' successfully

2018-12-12 17:34:37 - [TEST_STEP][PASSED] - delay: Delayed 1 second(s)

2018-12-12 17:34:38 - [MESSAGE][PASSED] - Delayed 1 second(s)

2018-12-12 17:34:38 - [TEST_STEP][PASSED] - callTestCase: Call Test Case 'Test Cases/Final Aug 2018 - PKS Automation/Registration Module/Workflow/Login and Search Case For Workflow' successfully

2018-12-12 17:34:38 - [TEST_CASE][PASSED] - Test Cases/Final Aug 2018 - PKS Automation/Registration Module/Workflow/Login and Search Case For Workflow: Test Cases/Final Aug 2018 - PKS Automation/Registration Module/Workflow/Login and Search Case For Workflow

2018-12-12 17:34:38 - [TEST_STEP][PASSED] - navigateToUrl: Navigate to 'https://assist2-uat.perkeso.gov.my/login' successfully

2018-12-12 17:34:39 - [MESSAGE][PASSED] - Navigate to 'https://assist2-uat.perkeso.gov.my/login' successfully

2018-12-12 17:34:39 - [TEST_STEP][PASSED] - setText: Text 'johoruo3@gmail.com' is set on object 'Object Repository/Final Object Repo/Login Page/Internal User/Email Address'

2018-12-12 17:34:39 - [MESSAGE][PASSED] - Text 'johoruo3@gmail.com' is set on object 'Object Repository/Final Object Repo/Login Page/Internal User/Email Address'

2018-12-12 17:34:39 - [TEST_STEP][PASSED] - click: Object: 'Object Repository/Final Object Repo/Login Page/Internal User/Next Button' is clicked on

2018-12-12 17:34:39 - [MESSAGE][PASSED] - Object: 'Object Repository/Final Object Repo/Login Page/Internal User/Next Button' is clicked on

2018-12-12 17:34:39 - [TEST_STEP][PASSED] - delay: Delayed 1 second(s)

2018-12-12 17:34:40 - [MESSAGE][PASSED] - Delayed 1 second(s)

2018-12-12 17:34:40 - [TEST_STEP][PASSED] - setEncryptedText: Text ****** has been set on object 'Object Repository/Final Object Repo/Login Page/Internal User/Password'

2018-12-12 17:34:41 - [MESSAGE][PASSED] - Text ****** has been set on object 'Object Repository/Final Object Repo/Login Page/Internal User/Password'

2018-12-12 17:34:41 - [TEST_STEP][PASSED] - click: Object: 'Object Repository/Final Object Repo/Login Page/Internal User/Login Button' is clicked on

2018-12-12 17:34:41 - [MESSAGE][PASSED] - Object: 'Object Repository/Final Object Repo/Login Page/Internal User/Login Button' is clicked on

2018-12-12 17:34:41 - [TEST_STEP][PASSED] - delay: Delayed 2 second(s)

2018-12-12 17:34:43 - [MESSAGE][PASSED] - Delayed 2 second(s)

2018-12-12 17:34:43 - [TEST_STEP][PASSED] - Statement - Try: Delayed 2 second(s)

2018-12-12 17:34:43 - [TEST_STEP][PASSED] - Statement - Checker = false: null

2018-12-12 17:34:43 - [TEST_STEP][PASSED] - Statement - Checker = com.kms.katalon.core.webui.keyword.WebUiBuiltInKeywords.verifyElementHasAttribute(com.kms.katalon.core.testobject.ObjectRepository.findTestObject(Final Object Repo/Landing Page/BM Detecting), "href", 20, OPTIONAL): Object 'Object Repository/Final Object Repo/Landing Page/BM Detecting' has attribute 'href'

2018-12-12 17:34:43 - [MESSAGE][PASSED] - Object 'Object Repository/Final Object Repo/Landing Page/BM Detecting' has attribute 'href'

2018-12-12 17:34:43 - [TEST_STEP][PASSED] - Statement - out.println(Checker): null

2018-12-12 17:34:43 - [TEST_STEP][PASSED] - Statement - If (Checker == false): null

2018-12-12 17:34:43 - [TEST_STEP][PASSED] - Statement - Else: null

2018-12-12 17:34:43 - [TEST_STEP][PASSED] - delay: Delayed 2 second(s)

2018-12-12 17:34:45 - [MESSAGE][PASSED] - Delayed 2 second(s)

2018-12-12 17:34:45 - [TEST_STEP][PASSED] - click: Object: 'Object Repository/Final Object Repo/Page_MyASSIST - ASSIST - Search Pending Case For Add Supporting Document/Search Information' is clicked on

2018-12-12 17:34:45 - [MESSAGE][PASSED] - Object: 'Object Repository/Final Object Repo/Page_MyASSIST - ASSIST - Search Pending Case For Add Supporting Document/Search Information' is clicked on

2018-12-12 17:34:45 - [TEST_STEP][PASSED] - delay: Delayed 3 second(s)

2018-12-12 17:34:48 - [MESSAGE][PASSED] - Delayed 3 second(s)

2018-12-12 17:34:48 - [TEST_STEP][PASSED] - sendKeys: Keys 'ERN122018C200002402' sent to object: 'Object Repository/Final Object Repo/Page_MyASSIST - ASSIST - Search Pending Case For Add Supporting Document/Reference No'

2018-12-12 17:34:48 - [MESSAGE][PASSED] - Keys 'ERN122018C200002402' sent to object: 'Object Repository/Final Object Repo/Page_MyASSIST - ASSIST - Search Pending Case For Add Supporting Document/Reference No'

2018-12-12 17:34:48 - [TEST_STEP][PASSED] - click: Object: 'Object Repository/Final Object Repo/Page_MyASSIST - ASSIST - Search Pending Case For Add Supporting Document/Search Reference No' is clicked on

2018-12-12 17:34:48 - [MESSAGE][PASSED] - Object: 'Object Repository/Final Object Repo/Page_MyASSIST - ASSIST - Search Pending Case For Add Supporting Document/Search Reference No' is clicked on

2018-12-12 17:34:48 - [TEST_STEP][PASSED] - delay: Delayed 2 second(s)

2018-12-12 17:34:50 - [MESSAGE][PASSED] - Delayed 2 second(s)

2018-12-12 17:34:50 - [TEST_STEP][PASSED] - click: Object: 'Object Repository/Final Object Repo/Page_MyASSIST - ASSIST - Search Pending Case For Add Supporting Document/Continue' is clicked on

2018-12-12 17:34:54 - [MESSAGE][PASSED] - Object: 'Object Repository/Final Object Repo/Page_MyASSIST - ASSIST - Search Pending Case For Add Supporting Document/Continue' is clicked on

2018-12-12 17:34:54 - [TEST_STEP][PASSED] - delay: Delayed 20 second(s)

2018-12-12 17:35:14 - [MESSAGE][PASSED] - Delayed 20 second(s)

2018-12-12 17:35:14 - [MESSAGE][PASSED] - Call Test Case 'Test Cases/Final Aug 2018 - PKS Automation/Registration Module/Workflow/Login and Search Case For Workflow' successfully

2018-12-12 17:35:14 - [TEST_STEP][PASSED] - click: Object: 'Object Repository/Final Object Repo/Page_Form 3 EIS - Cessation as Employer/Page_Form 3 EIS - Cessation as Employer (Approve)/Save  Continue in Form 3 Page' is clicked on

2018-12-12 17:35:14 - [MESSAGE][PASSED] - Object: 'Object Repository/Final Object Repo/Page_Form 3 EIS - Cessation as Employer/Page_Form 3 EIS - Cessation as Employer (Approve)/Save  Continue in Form 3 Page' is clicked on

2018-12-12 17:35:14 - [TEST_STEP][PASSED] - delay: Delayed 2 second(s)

2018-12-12 17:35:16 - [MESSAGE][PASSED] - Delayed 2 second(s)

2018-12-12 17:35:16 - [TEST_STEP][PASSED] - click: Object: 'Object Repository/Final Object Repo/Page_Form 3 EIS - Cessation as Employer/Page_Form 3 EIS - Cessation as Employer (Approve)/Save  Continue in Resigned Page' is clicked on

2018-12-12 17:35:16 - [MESSAGE][PASSED] - Object: 'Object Repository/Final Object Repo/Page_Form 3 EIS - Cessation as Employer/Page_Form 3 EIS - Cessation as Employer (Approve)/Save  Continue in Resigned Page' is clicked on

2018-12-12 17:35:16 - [TEST_STEP][PASSED] - delay: Delayed 2 second(s)

2018-12-12 17:35:18 - [MESSAGE][PASSED] - Delayed 2 second(s)

2018-12-12 17:35:18 - [TEST_STEP][PASSED] - click: Object: 'Object Repository/Final Object Repo/Page_Form 3 EIS - Cessation as Employer/Page_Form 3 EIS - Cessation as Employer (Approve)/Save  Continue in Uploading Page' is clicked on

2018-12-12 17:35:19 - [MESSAGE][PASSED] - Object: 'Object Repository/Final Object Repo/Page_Form 3 EIS - Cessation as Employer/Page_Form 3 EIS - Cessation as Employer (Approve)/Save  Continue in Uploading Page' is clicked on

2018-12-12 17:35:19 - [TEST_STEP][PASSED] - delay: Delayed 2 second(s)

2018-12-12 17:35:21 - [MESSAGE][PASSED] - Delayed 2 second(s)

2018-12-12 17:35:21 - [TEST_STEP][PASSED] - click: Object: 'Object Repository/Final Object Repo/Page_Form 3 EIS - Cessation as Employer/Page_Form 3 EIS - Cessation as Employer (Reject)/Reject' is clicked on

2018-12-12 17:35:24 - [MESSAGE][PASSED] - Object: 'Object Repository/Final Object Repo/Page_Form 3 EIS - Cessation as Employer/Page_Form 3 EIS - Cessation as Employer (Reject)/Reject' is clicked on

2018-12-12 17:35:24 - [TEST_STEP][PASSED] - delay: Delayed 2 second(s)

2018-12-12 17:35:26 - [MESSAGE][PASSED] - Delayed 2 second(s)

2018-12-12 17:35:26 - [TEST_STEP][PASSED] - click: Object: 'Object Repository/Final Object Repo/Page_Form 3 EIS - Cessation as Employer/Page_Form 3 EIS - Cessation as Employer (Reject)/Confirm' is clicked on

2018-12-12 17:35:26 - [MESSAGE][PASSED] - Object: 'Object Repository/Final Object Repo/Page_Form 3 EIS - Cessation as Employer/Page_Form 3 EIS - Cessation as Employer (Reject)/Confirm' is clicked on

2018-12-12 17:35:26 - [TEST_STEP][PASSED] - delay: Delayed 2 second(s)

2018-12-12 17:35:28 - [MESSAGE][PASSED] - Delayed 2 second(s)

2018-12-12 17:35:28 - [TEST_STEP][PASSED] - click: Object: 'Object Repository/Final Object Repo/Page_Form 3 EIS - Cessation as Employer/Page_Form 3 EIS - Cessation as Employer (Reject)/Message This Case has been Rejected' is clicked on

2018-12-12 17:35:32 - [MESSAGE][PASSED] - Object: 'Object Repository/Final Object Repo/Page_Form 3 EIS - Cessation as Employer/Page_Form 3 EIS - Cessation as Employer (Reject)/Message This Case has been Rejected' is clicked on

2018-12-12 17:35:32 - [TEST_STEP][PASSED] - click: Object: 'Object Repository/Final Object Repo/Page_Form 3 EIS - Cessation as Employer/Page_Form 3 EIS - Cessation as Employer (Reject)/Letter of update rejection' is clicked on

2018-12-12 17:35:32 - [MESSAGE][PASSED] - Object: 'Object Repository/Final Object Repo/Page_Form 3 EIS - Cessation as Employer/Page_Form 3 EIS - Cessation as Employer (Reject)/Letter of update rejection' is clicked on

2018-12-12 17:35:32 - [MESSAGE][PASSED] - Call Test Case 'Test Cases/Final Aug 2018 - PKS Automation/Registration Module/Workflow/Form 3 EIS - Cessation As Employer/Template/Form 3 A - Cessation As Employer (Query)' successfully]]></system-out>
         <system-err><![CDATA[]]></system-err>
      </testcase>
      <testcase name="Test Cases/Final Aug 2018 - PKS Automation/Registration Module/Workflow/Form 3 EIS - Cessation As Employer/Employer to UO (Reject)" classname="Test Cases/Final Aug 2018 - PKS Automation/Registration Module/Workflow/Form 3 EIS - Cessation As Employer/Employer to UO (Reject)" status="PASSED">
         <system-out><![CDATA[2018-12-12 17:35:32 - [TEST_CASE][PASSED] - Test Cases/Final Aug 2018 - PKS Automation/Registration Module/Workflow/Form 3 EIS - Cessation As Employer/Employer to UO (Reject): Test Cases/Final Aug 2018 - PKS Automation/Registration Module/Workflow/Form 3 EIS - Cessation As Employer/Employer to UO (Reject)

2018-12-12 17:35:33 - [TEST_STEP][PASSED] - callTestCase: Call Test Case 'Test Cases/Final Aug 2018 - PKS Automation/Registration Module/Workflow/Form 3 EIS - Cessation As Employer/Template/Form 3 A - Cessation As Employer (Employer)' successfully

2018-12-12 17:35:33 - [TEST_CASE][PASSED] - Test Cases/Final Aug 2018 - PKS Automation/Registration Module/Workflow/Form 3 EIS - Cessation As Employer/Template/Form 3 A - Cessation As Employer (Employer): Test Cases/Final Aug 2018 - PKS Automation/Registration Module/Workflow/Form 3 EIS - Cessation As Employer/Template/Form 3 A - Cessation As Employer (Employer)

2018-12-12 17:35:33 - [TEST_STEP][PASSED] - callTestCase: Call Test Case 'Test Cases/Final Aug 2018 - PKS Automation/Registration Module/Workflow/Update Add New Employee/Template/New Company for Update Add New - Employer' successfully

2018-12-12 17:35:33 - [TEST_CASE][PASSED] - Test Cases/Final Aug 2018 - PKS Automation/Registration Module/Workflow/Update Add New Employee/Template/New Company for Update Add New - Employer: Test Cases/Final Aug 2018 - PKS Automation/Registration Module/Workflow/Update Add New Employee/Template/New Company for Update Add New - Employer

2018-12-12 17:35:33 - [TEST_STEP][PASSED] - callTestCase: Call Test Case 'Test Cases/Final Aug 2018 - PKS Automation/Create Employer Acc/Create Employer Account' successfully

2018-12-12 17:35:33 - [TEST_CASE][PASSED] - Test Cases/Final Aug 2018 - PKS Automation/Create Employer Acc/Create Employer Account: Test Cases/Final Aug 2018 - PKS Automation/Create Employer Acc/Create Employer Account

2018-12-12 17:35:33 - [TEST_STEP][PASSED] - callTestCase: Call Test Case 'Test Cases/Final Aug 2018 - PKS Automation/Create Employer Acc/Template/Register Employer' successfully

2018-12-12 17:35:33 - [TEST_CASE][PASSED] - Test Cases/Final Aug 2018 - PKS Automation/Create Employer Acc/Template/Register Employer: Test Cases/Final Aug 2018 - PKS Automation/Create Employer Acc/Template/Register Employer

2018-12-12 17:35:33 - [TEST_STEP][PASSED] - openBrowser: Browser is opened with url: ''

2018-12-12 17:35:33 - [MESSAGE][WARNING] - A browser is already opened. Closing browser and opening a new one

2018-12-12 17:35:36 - [MESSAGE][PASSED] - Browser is opened with url: ''

2018-12-12 17:35:36 - [TEST_STEP][PASSED] - navigateToUrl: Navigate to 'https://assist2-uat.perkeso.gov.my/login' successfully

2018-12-12 17:35:37 - [MESSAGE][PASSED] - Navigate to 'https://assist2-uat.perkeso.gov.my/login' successfully

2018-12-12 17:35:37 - [TEST_STEP][PASSED] - setText: Text 'johorotc1@gmail.com' is set on object 'Object Repository/Final Object Repo/Login Page/Internal User/Email Address'

2018-12-12 17:35:37 - [MESSAGE][PASSED] - Text 'johorotc1@gmail.com' is set on object 'Object Repository/Final Object Repo/Login Page/Internal User/Email Address'

2018-12-12 17:35:37 - [TEST_STEP][PASSED] - click: Object: 'Object Repository/Final Object Repo/Login Page/Internal User/Next Button' is clicked on

2018-12-12 17:35:37 - [MESSAGE][PASSED] - Object: 'Object Repository/Final Object Repo/Login Page/Internal User/Next Button' is clicked on

2018-12-12 17:35:37 - [TEST_STEP][PASSED] - delay: Delayed 1 second(s)

2018-12-12 17:35:38 - [MESSAGE][PASSED] - Delayed 1 second(s)

2018-12-12 17:35:38 - [TEST_STEP][PASSED] - setEncryptedText: Text ****** has been set on object 'Object Repository/Final Object Repo/Login Page/Internal User/Password'

2018-12-12 17:35:39 - [MESSAGE][PASSED] - Text ****** has been set on object 'Object Repository/Final Object Repo/Login Page/Internal User/Password'

2018-12-12 17:35:39 - [TEST_STEP][PASSED] - click: Object: 'Object Repository/Final Object Repo/Login Page/Internal User/Login Button' is clicked on

2018-12-12 17:35:39 - [MESSAGE][PASSED] - Object: 'Object Repository/Final Object Repo/Login Page/Internal User/Login Button' is clicked on

2018-12-12 17:35:39 - [TEST_STEP][PASSED] - delay: Delayed 1 second(s)

2018-12-12 17:35:40 - [MESSAGE][PASSED] - Delayed 1 second(s)

2018-12-12 17:35:40 - [TEST_STEP][PASSED] - navigateToUrl: Navigate to 'https://assist2-uat.perkeso.gov.my/web/base/portal-id/registration' successfully

2018-12-12 17:35:42 - [MESSAGE][PASSED] - Navigate to 'https://assist2-uat.perkeso.gov.my/web/base/portal-id/registration' successfully

2018-12-12 17:35:42 - [TEST_STEP][PASSED] - setText: Text 'AUTOMATION EMPLOYER' is set on object 'Object Repository/Final Object Repo/Creating Employer Account/Page_Registration - ASSIST (Base)/Employer Name'

2018-12-12 17:35:42 - [MESSAGE][PASSED] - Text 'AUTOMATION EMPLOYER' is set on object 'Object Repository/Final Object Repo/Creating Employer Account/Page_Registration - ASSIST (Base)/Employer Name'

2018-12-12 17:35:42 - [TEST_STEP][PASSED] - delay: Delayed 2 second(s)

2018-12-12 17:35:44 - [MESSAGE][PASSED] - Delayed 2 second(s)

2018-12-12 17:35:44 - [TEST_STEP][PASSED] - click: Object: 'Object Repository/Final Object Repo/Creating Employer Account/Page_Registration - ASSIST (Base)/Registration Type' is clicked on

2018-12-12 17:35:44 - [MESSAGE][PASSED] - Object: 'Object Repository/Final Object Repo/Creating Employer Account/Page_Registration - ASSIST (Base)/Registration Type' is clicked on

2018-12-12 17:35:44 - [TEST_STEP][PASSED] - delay: Delayed 2 second(s)

2018-12-12 17:35:46 - [MESSAGE][PASSED] - Delayed 2 second(s)

2018-12-12 17:35:46 - [TEST_STEP][PASSED] - click: Object: 'Object Repository/Final Object Repo/Creating Employer Account/Page_Registration - ASSIST (Base)/Registration Type - Registration No' is clicked on

2018-12-12 17:35:47 - [MESSAGE][PASSED] - Object: 'Object Repository/Final Object Repo/Creating Employer Account/Page_Registration - ASSIST (Base)/Registration Type - Registration No' is clicked on

2018-12-12 17:35:47 - [TEST_STEP][PASSED] - delay: Delayed 2 second(s)

2018-12-12 17:35:49 - [MESSAGE][PASSED] - Delayed 2 second(s)

2018-12-12 17:35:49 - [TEST_STEP][PASSED] - setText: Text 'AUTOMATE001' is set on object 'Object Repository/Final Object Repo/Creating Employer Account/Page_Registration - ASSIST (Base)/Registration Number'

2018-12-12 17:35:49 - [MESSAGE][PASSED] - Text 'AUTOMATE001' is set on object 'Object Repository/Final Object Repo/Creating Employer Account/Page_Registration - ASSIST (Base)/Registration Number'

2018-12-12 17:35:49 - [TEST_STEP][PASSED] - delay: Delayed 2 second(s)

2018-12-12 17:35:51 - [MESSAGE][PASSED] - Delayed 2 second(s)

2018-12-12 17:35:51 - [TEST_STEP][PASSED] - setText: Text 'ADDRESS 1' is set on object 'Object Repository/Final Object Repo/Creating Employer Account/Page_Registration - ASSIST (Base)/Postal Address 1'

2018-12-12 17:35:51 - [MESSAGE][PASSED] - Text 'ADDRESS 1' is set on object 'Object Repository/Final Object Repo/Creating Employer Account/Page_Registration - ASSIST (Base)/Postal Address 1'

2018-12-12 17:35:51 - [TEST_STEP][PASSED] - setText: Text 'ADDRESS 2' is set on object 'Object Repository/Final Object Repo/Creating Employer Account/Page_Registration - ASSIST (Base)/Postal Address 2'

2018-12-12 17:35:52 - [MESSAGE][PASSED] - Text 'ADDRESS 2' is set on object 'Object Repository/Final Object Repo/Creating Employer Account/Page_Registration - ASSIST (Base)/Postal Address 2'

2018-12-12 17:35:52 - [TEST_STEP][PASSED] - click: Object: 'Object Repository/Final Object Repo/Creating Employer Account/Page_Registration - ASSIST (Base)/State' is clicked on

2018-12-12 17:35:52 - [MESSAGE][PASSED] - Object: 'Object Repository/Final Object Repo/Creating Employer Account/Page_Registration - ASSIST (Base)/State' is clicked on

2018-12-12 17:35:52 - [TEST_STEP][PASSED] - delay: Delayed 2 second(s)

2018-12-12 17:35:54 - [MESSAGE][PASSED] - Delayed 2 second(s)

2018-12-12 17:35:54 - [TEST_STEP][PASSED] - click: Object: 'Object Repository/Final Object Repo/Creating Employer Account/Page_Registration - ASSIST (Base)/State - Johor' is clicked on

2018-12-12 17:35:54 - [MESSAGE][PASSED] - Object: 'Object Repository/Final Object Repo/Creating Employer Account/Page_Registration - ASSIST (Base)/State - Johor' is clicked on

2018-12-12 17:35:54 - [TEST_STEP][PASSED] - delay: Delayed 2 second(s)

2018-12-12 17:35:56 - [MESSAGE][PASSED] - Delayed 2 second(s)

2018-12-12 17:35:56 - [TEST_STEP][PASSED] - click: Object: 'Object Repository/Final Object Repo/Creating Employer Account/Page_Registration - ASSIST (Base)/City' is clicked on

2018-12-12 17:35:56 - [MESSAGE][PASSED] - Object: 'Object Repository/Final Object Repo/Creating Employer Account/Page_Registration - ASSIST (Base)/City' is clicked on

2018-12-12 17:35:56 - [TEST_STEP][PASSED] - delay: Delayed 2 second(s)

2018-12-12 17:35:58 - [MESSAGE][PASSED] - Delayed 2 second(s)

2018-12-12 17:35:58 - [TEST_STEP][PASSED] - setText: Text 'joh' is set on object 'Object Repository/Final Object Repo/Creating Employer Account/Page_Registration - ASSIST (Base)/City - joh'

2018-12-12 17:35:58 - [MESSAGE][PASSED] - Text 'joh' is set on object 'Object Repository/Final Object Repo/Creating Employer Account/Page_Registration - ASSIST (Base)/City - joh'

2018-12-12 17:35:58 - [TEST_STEP][PASSED] - delay: Delayed 2 second(s)

2018-12-12 17:36:00 - [MESSAGE][PASSED] - Delayed 2 second(s)

2018-12-12 17:36:00 - [TEST_STEP][PASSED] - click: Object: 'Object Repository/Final Object Repo/Creating Employer Account/Page_Registration - ASSIST (Base)/City - Johor Bharu' is clicked on

2018-12-12 17:36:01 - [MESSAGE][PASSED] - Object: 'Object Repository/Final Object Repo/Creating Employer Account/Page_Registration - ASSIST (Base)/City - Johor Bharu' is clicked on

2018-12-12 17:36:01 - [TEST_STEP][PASSED] - delay: Delayed 2 second(s)

2018-12-12 17:36:03 - [MESSAGE][PASSED] - Delayed 2 second(s)

2018-12-12 17:36:03 - [TEST_STEP][PASSED] - click: Object: 'Object Repository/Final Object Repo/Creating Employer Account/Page_Registration - ASSIST (Base)/Post Code' is clicked on

2018-12-12 17:36:03 - [MESSAGE][PASSED] - Object: 'Object Repository/Final Object Repo/Creating Employer Account/Page_Registration - ASSIST (Base)/Post Code' is clicked on

2018-12-12 17:36:03 - [TEST_STEP][PASSED] - delay: Delayed 2 second(s)

2018-12-12 17:36:05 - [MESSAGE][PASSED] - Delayed 2 second(s)

2018-12-12 17:36:05 - [TEST_STEP][PASSED] - setText: Text '810' is set on object 'Object Repository/Final Object Repo/Creating Employer Account/Page_Registration - ASSIST (Base)/Post Code - 810'

2018-12-12 17:36:05 - [MESSAGE][PASSED] - Text '810' is set on object 'Object Repository/Final Object Repo/Creating Employer Account/Page_Registration - ASSIST (Base)/Post Code - 810'

2018-12-12 17:36:05 - [TEST_STEP][PASSED] - delay: Delayed 2 second(s)

2018-12-12 17:36:07 - [MESSAGE][PASSED] - Delayed 2 second(s)

2018-12-12 17:36:07 - [TEST_STEP][PASSED] - click: Object: 'Object Repository/Final Object Repo/Creating Employer Account/Page_Registration - ASSIST (Base)/Post Code - 81000' is clicked on

2018-12-12 17:36:07 - [MESSAGE][PASSED] - Object: 'Object Repository/Final Object Repo/Creating Employer Account/Page_Registration - ASSIST (Base)/Post Code - 81000' is clicked on

2018-12-12 17:36:07 - [TEST_STEP][PASSED] - delay: Delayed 2 second(s)

2018-12-12 17:36:09 - [MESSAGE][PASSED] - Delayed 2 second(s)

2018-12-12 17:36:09 - [TEST_STEP][PASSED] - setText: Text 'PERKESO' is set on object 'Object Repository/Final Object Repo/Creating Employer Account/Page_Registration - ASSIST (Base)/Full Name'

2018-12-12 17:36:09 - [MESSAGE][PASSED] - Text 'PERKESO' is set on object 'Object Repository/Final Object Repo/Creating Employer Account/Page_Registration - ASSIST (Base)/Full Name'

2018-12-12 17:36:09 - [TEST_STEP][PASSED] - Statement - rnd = new java.util.Random(): null

2018-12-12 17:36:09 - [TEST_STEP][PASSED] - Statement - snum = rnd.nextInt(899999 + 1) + 100000: null

2018-12-12 17:36:09 - [TEST_STEP][PASSED] - Statement - tnum = rnd.nextInt(899999 + 1) + 100000: null

2018-12-12 17:36:09 - [TEST_STEP][PASSED] - Statement - IC = java.lang.Integer.toString(snum) + java.lang.Integer.toString(tnum): null

2018-12-12 17:36:09 - [TEST_STEP][PASSED] - Statement - out.println(IC): null

2018-12-12 17:36:09 - [TEST_STEP][PASSED] - setText: Text '783501857462' is set on object 'Object Repository/Final Object Repo/Creating Employer Account/Page_Registration - ASSIST (Base)/Identification Number'

2018-12-12 17:36:10 - [MESSAGE][PASSED] - Text '783501857462' is set on object 'Object Repository/Final Object Repo/Creating Employer Account/Page_Registration - ASSIST (Base)/Identification Number'

2018-12-12 17:36:10 - [TEST_STEP][PASSED] - delay: Delayed 2 second(s)

2018-12-12 17:36:12 - [MESSAGE][PASSED] - Delayed 2 second(s)

2018-12-12 17:36:12 - [TEST_STEP][PASSED] - setText: Text '123456789012' is set on object 'Object Repository/Final Object Repo/Creating Employer Account/Page_Registration - ASSIST (Base)/Contact Number'

2018-12-12 17:36:12 - [MESSAGE][PASSED] - Text '123456789012' is set on object 'Object Repository/Final Object Repo/Creating Employer Account/Page_Registration - ASSIST (Base)/Contact Number'

2018-12-12 17:36:12 - [TEST_STEP][PASSED] - Statement - Email = "perkeso" + IC + "@gmail.com": null

2018-12-12 17:36:12 - [TEST_STEP][PASSED] - delay: Delayed 2 second(s)

2018-12-12 17:36:14 - [MESSAGE][PASSED] - Delayed 2 second(s)

2018-12-12 17:36:14 - [TEST_STEP][PASSED] - callTestCase: Call Test Case 'Test Cases/Final Aug 2018 - PKS Automation/Create Employer Acc/Template/Employer Email Settler' successfully

2018-12-12 17:36:14 - [TEST_CASE][PASSED] - Test Cases/Final Aug 2018 - PKS Automation/Create Employer Acc/Template/Employer Email Settler: Test Cases/Final Aug 2018 - PKS Automation/Create Employer Acc/Template/Employer Email Settler

2018-12-12 17:36:14 - [TEST_STEP][PASSED] - Statement - EmpEmailOld = new java.io.File(C://Users//Admin//Desktop//PKS//Automation Reference Point//EmpEmail.txt): null

2018-12-12 17:36:14 - [TEST_STEP][PASSED] - Statement - EmpEmailOld.delete(): null

2018-12-12 17:36:14 - [TEST_STEP][PASSED] - delay: Delayed 5 second(s)

2018-12-12 17:36:19 - [MESSAGE][PASSED] - Delayed 5 second(s)

2018-12-12 17:36:19 - [TEST_STEP][PASSED] - Statement - EmpEmail = new java.io.File(C://Users//Admin//Desktop//PKS//Automation Reference Point//EmpEmail.txt): null

2018-12-12 17:36:19 - [TEST_STEP][PASSED] - Statement - f2 = new java.io.FileWriter(EmpEmail, false): null

2018-12-12 17:36:19 - [TEST_STEP][PASSED] - Statement - f2.write(Email): null

2018-12-12 17:36:19 - [TEST_STEP][PASSED] - Statement - f2.close(): null

2018-12-12 17:36:19 - [TEST_STEP][PASSED] - Statement - out.println(Email): null

2018-12-12 17:36:19 - [MESSAGE][PASSED] - Call Test Case 'Test Cases/Final Aug 2018 - PKS Automation/Create Employer Acc/Template/Employer Email Settler' successfully

2018-12-12 17:36:19 - [TEST_STEP][PASSED] - delay: Delayed 2 second(s)

2018-12-12 17:36:21 - [MESSAGE][PASSED] - Delayed 2 second(s)

2018-12-12 17:36:21 - [TEST_STEP][PASSED] - setText: Text 'perkeso783501857462@gmail.com' is set on object 'Object Repository/Final Object Repo/Creating Employer Account/Page_Registration - ASSIST (Base)/Email'

2018-12-12 17:36:22 - [MESSAGE][PASSED] - Text 'perkeso783501857462@gmail.com' is set on object 'Object Repository/Final Object Repo/Creating Employer Account/Page_Registration - ASSIST (Base)/Email'

2018-12-12 17:36:22 - [TEST_STEP][PASSED] - setText: Text '123' is set on object 'Object Repository/Final Object Repo/Creating Employer Account/Page_Registration - ASSIST (Base)/Security Phase'

2018-12-12 17:36:22 - [MESSAGE][PASSED] - Text '123' is set on object 'Object Repository/Final Object Repo/Creating Employer Account/Page_Registration - ASSIST (Base)/Security Phase'

2018-12-12 17:36:22 - [TEST_STEP][PASSED] - click: Object: 'Object Repository/Final Object Repo/Creating Employer Account/Page_Registration - ASSIST (Base)/Save  Continue' is clicked on

2018-12-12 17:36:22 - [MESSAGE][PASSED] - Object: 'Object Repository/Final Object Repo/Creating Employer Account/Page_Registration - ASSIST (Base)/Save  Continue' is clicked on

2018-12-12 17:36:22 - [TEST_STEP][PASSED] - delay: Delayed 2 second(s)

2018-12-12 17:36:24 - [MESSAGE][PASSED] - Delayed 2 second(s)

2018-12-12 17:36:24 - [TEST_STEP][PASSED] - click: Object: 'Object Repository/Final Object Repo/Creating Employer Account/Page_Registration - ASSIST (Base)/Add Document' is clicked on

2018-12-12 17:36:24 - [MESSAGE][PASSED] - Object: 'Object Repository/Final Object Repo/Creating Employer Account/Page_Registration - ASSIST (Base)/Add Document' is clicked on

2018-12-12 17:36:24 - [TEST_STEP][PASSED] - delay: Delayed 2 second(s)

2018-12-12 17:36:26 - [MESSAGE][PASSED] - Delayed 2 second(s)

2018-12-12 17:36:26 - [TEST_STEP][PASSED] - click: Object: 'Object Repository/Final Object Repo/Creating Employer Account/Page_Registration - ASSIST (Base)/Document Type' is clicked on

2018-12-12 17:36:26 - [MESSAGE][PASSED] - Object: 'Object Repository/Final Object Repo/Creating Employer Account/Page_Registration - ASSIST (Base)/Document Type' is clicked on

2018-12-12 17:36:26 - [TEST_STEP][PASSED] - delay: Delayed 2 second(s)

2018-12-12 17:36:28 - [MESSAGE][PASSED] - Delayed 2 second(s)

2018-12-12 17:36:28 - [TEST_STEP][PASSED] - click: Object: 'Object Repository/Final Object Repo/Creating Employer Account/Page_Registration - ASSIST (Base)/Document Type - Letter of Authorization' is clicked on

2018-12-12 17:36:29 - [MESSAGE][PASSED] - Object: 'Object Repository/Final Object Repo/Creating Employer Account/Page_Registration - ASSIST (Base)/Document Type - Letter of Authorization' is clicked on

2018-12-12 17:36:29 - [TEST_STEP][PASSED] - delay: Delayed 2 second(s)

2018-12-12 17:36:31 - [MESSAGE][PASSED] - Delayed 2 second(s)

2018-12-12 17:36:31 - [TEST_STEP][PASSED] - sendKeys: Keys 'C:\Users\Public\Pictures\Sample Pictures\Koala.jpg' sent to object: 'Object Repository/Final Object Repo/Creating Employer Account/Page_Registration - ASSIST (Base)/Uploading File'

2018-12-12 17:36:31 - [MESSAGE][PASSED] - Keys 'C:\Users\Public\Pictures\Sample Pictures\Koala.jpg' sent to object: 'Object Repository/Final Object Repo/Creating Employer Account/Page_Registration - ASSIST (Base)/Uploading File'

2018-12-12 17:36:31 - [TEST_STEP][PASSED] - delay: Delayed 2 second(s)

2018-12-12 17:36:33 - [MESSAGE][PASSED] - Delayed 2 second(s)

2018-12-12 17:36:33 - [TEST_STEP][PASSED] - click: Object: 'Object Repository/Final Object Repo/Creating Employer Account/Page_Registration - ASSIST (Base)/Add Document in Uploading File' is clicked on

2018-12-12 17:36:33 - [MESSAGE][PASSED] - Object: 'Object Repository/Final Object Repo/Creating Employer Account/Page_Registration - ASSIST (Base)/Add Document in Uploading File' is clicked on

2018-12-12 17:36:33 - [TEST_STEP][PASSED] - delay: Delayed 2 second(s)

2018-12-12 17:36:35 - [MESSAGE][PASSED] - Delayed 2 second(s)

2018-12-12 17:36:35 - [TEST_STEP][PASSED] - click: Object: 'Object Repository/Final Object Repo/Creating Employer Account/Page_Registration - ASSIST (Base)/Save' is clicked on

2018-12-12 17:36:35 - [MESSAGE][PASSED] - Object: 'Object Repository/Final Object Repo/Creating Employer Account/Page_Registration - ASSIST (Base)/Save' is clicked on

2018-12-12 17:36:35 - [TEST_STEP][PASSED] - delay: Delayed 2 second(s)

2018-12-12 17:36:37 - [MESSAGE][PASSED] - Delayed 2 second(s)

2018-12-12 17:36:37 - [TEST_STEP][PASSED] - click: Object: 'Object Repository/Final Object Repo/Creating Employer Account/Page_Registration - ASSIST (Base)/Submit' is clicked on

2018-12-12 17:36:37 - [MESSAGE][PASSED] - Object: 'Object Repository/Final Object Repo/Creating Employer Account/Page_Registration - ASSIST (Base)/Submit' is clicked on

2018-12-12 17:36:37 - [TEST_STEP][PASSED] - delay: Delayed 2 second(s)

2018-12-12 17:36:39 - [MESSAGE][PASSED] - Delayed 2 second(s)

2018-12-12 17:36:39 - [TEST_STEP][PASSED] - click: Object: 'Object Repository/Final Object Repo/Creating Employer Account/Page_Registration - ASSIST (Base)/Confirm' is clicked on

2018-12-12 17:36:39 - [MESSAGE][PASSED] - Object: 'Object Repository/Final Object Repo/Creating Employer Account/Page_Registration - ASSIST (Base)/Confirm' is clicked on

2018-12-12 17:36:39 - [MESSAGE][PASSED] - Call Test Case 'Test Cases/Final Aug 2018 - PKS Automation/Create Employer Acc/Template/Register Employer' successfully

2018-12-12 17:36:39 - [TEST_STEP][PASSED] - delay: Delayed 1 second(s)

2018-12-12 17:36:40 - [MESSAGE][PASSED] - Delayed 1 second(s)

2018-12-12 17:36:40 - [TEST_STEP][PASSED] - navigateToUrl: Navigate to 'https://assist2-uat.perkeso.gov.my/c/portal/logout' successfully

2018-12-12 17:36:42 - [MESSAGE][PASSED] - Navigate to 'https://assist2-uat.perkeso.gov.my/c/portal/logout' successfully

2018-12-12 17:36:42 - [TEST_STEP][PASSED] - delay: Delayed 1 second(s)

2018-12-12 17:36:43 - [MESSAGE][PASSED] - Delayed 1 second(s)

2018-12-12 17:36:43 - [TEST_STEP][PASSED] - callTestCase: Call Test Case 'Test Cases/Final Aug 2018 - PKS Automation/Create Employer Acc/Template/Change Password of Employer' successfully

2018-12-12 17:36:43 - [TEST_CASE][PASSED] - Test Cases/Final Aug 2018 - PKS Automation/Create Employer Acc/Template/Change Password of Employer: Test Cases/Final Aug 2018 - PKS Automation/Create Employer Acc/Template/Change Password of Employer

2018-12-12 17:36:43 - [TEST_STEP][PASSED] - openBrowser: Browser is opened with url: ''

2018-12-12 17:36:43 - [MESSAGE][WARNING] - A browser is already opened. Closing browser and opening a new one

2018-12-12 17:36:46 - [MESSAGE][PASSED] - Browser is opened with url: ''

2018-12-12 17:36:46 - [TEST_STEP][PASSED] - navigateToUrl: Navigate to 'https://assist2-uat.perkeso.gov.my/login' successfully

2018-12-12 17:36:47 - [MESSAGE][PASSED] - Navigate to 'https://assist2-uat.perkeso.gov.my/login' successfully

2018-12-12 17:36:47 - [TEST_STEP][PASSED] - delay: Delayed 5 second(s)

2018-12-12 17:36:52 - [MESSAGE][PASSED] - Delayed 5 second(s)

2018-12-12 17:36:52 - [TEST_STEP][PASSED] - setText: Text 'test@liferay.com' is set on object 'Object Repository/Final Object Repo/Login Page/Internal User/Email Address'

2018-12-12 17:36:53 - [MESSAGE][PASSED] - Text 'test@liferay.com' is set on object 'Object Repository/Final Object Repo/Login Page/Internal User/Email Address'

2018-12-12 17:36:53 - [TEST_STEP][PASSED] - click: Object: 'Object Repository/Final Object Repo/Login Page/Internal User/Next Button' is clicked on

2018-12-12 17:36:53 - [MESSAGE][PASSED] - Object: 'Object Repository/Final Object Repo/Login Page/Internal User/Next Button' is clicked on

2018-12-12 17:36:53 - [TEST_STEP][PASSED] - delay: Delayed 2 second(s)

2018-12-12 17:36:55 - [MESSAGE][PASSED] - Delayed 2 second(s)

2018-12-12 17:36:55 - [TEST_STEP][PASSED] - setText: Text 'test' is set on object 'Object Repository/Final Object Repo/Login Page/Internal User/Password'

2018-12-12 17:36:55 - [MESSAGE][PASSED] - Text 'test' is set on object 'Object Repository/Final Object Repo/Login Page/Internal User/Password'

2018-12-12 17:36:55 - [TEST_STEP][PASSED] - delay: Delayed 2 second(s)

2018-12-12 17:36:57 - [MESSAGE][PASSED] - Delayed 2 second(s)

2018-12-12 17:36:57 - [TEST_STEP][PASSED] - click: Object: 'Object Repository/Final Object Repo/Login Page/Internal User/Login Button' is clicked on

2018-12-12 17:36:57 - [MESSAGE][PASSED] - Object: 'Object Repository/Final Object Repo/Login Page/Internal User/Login Button' is clicked on

2018-12-12 17:36:57 - [TEST_STEP][PASSED] - delay: Delayed 3 second(s)

2018-12-12 17:37:00 - [MESSAGE][PASSED] - Delayed 3 second(s)

2018-12-12 17:37:00 - [TEST_STEP][PASSED] - navigateToUrl: Navigate to 'https://assist2-uat.perkeso.gov.my/group/control_panel/manage?p_p_id=125&p_p_lifecycle=0&p_p_state=maximized&p_p_mode=view&refererPlid=20455&_125_usersListView=flat-users&_125_toolbarItem=view-all-users&_125_saveUsersListView=true&_125_struts_action=%2Fusers_admin%2Fview' successfully

2018-12-12 17:37:02 - [MESSAGE][PASSED] - Navigate to 'https://assist2-uat.perkeso.gov.my/group/control_panel/manage?p_p_id=125&p_p_lifecycle=0&p_p_state=maximized&p_p_mode=view&refererPlid=20455&_125_usersListView=flat-users&_125_toolbarItem=view-all-users&_125_saveUsersListView=true&_125_struts_action=%2Fusers_admin%2Fview' successfully

2018-12-12 17:37:02 - [TEST_STEP][PASSED] - delay: Delayed 3 second(s)

2018-12-12 17:37:05 - [MESSAGE][PASSED] - Delayed 3 second(s)

2018-12-12 17:37:05 - [TEST_STEP][PASSED] - setText: Text 'perkeso783501857462@gmail.com' is set on object 'Object Repository/Final Object Repo/Creating Employer Account/Page_Users and Organizations - ASSIST/Employer name'

2018-12-12 17:37:05 - [MESSAGE][PASSED] - Text 'perkeso783501857462@gmail.com' is set on object 'Object Repository/Final Object Repo/Creating Employer Account/Page_Users and Organizations - ASSIST/Employer name'

2018-12-12 17:37:05 - [TEST_STEP][PASSED] - delay: Delayed 3 second(s)

2018-12-12 17:37:08 - [MESSAGE][PASSED] - Delayed 3 second(s)

2018-12-12 17:37:08 - [TEST_STEP][PASSED] - click: Object: 'Object Repository/Final Object Repo/Creating Employer Account/Page_Users and Organizations - ASSIST/Search' is clicked on

2018-12-12 17:37:08 - [MESSAGE][PASSED] - Object: 'Object Repository/Final Object Repo/Creating Employer Account/Page_Users and Organizations - ASSIST/Search' is clicked on

2018-12-12 17:37:08 - [TEST_STEP][PASSED] - delay: Delayed 3 second(s)

2018-12-12 17:37:11 - [MESSAGE][PASSED] - Delayed 3 second(s)

2018-12-12 17:37:11 - [TEST_STEP][PASSED] - click: Object: 'Object Repository/Final Object Repo/Creating Employer Account/Page_Users and Organizations - ASSIST/Action' is clicked on

2018-12-12 17:37:12 - [MESSAGE][PASSED] - Object: 'Object Repository/Final Object Repo/Creating Employer Account/Page_Users and Organizations - ASSIST/Action' is clicked on

2018-12-12 17:37:12 - [TEST_STEP][PASSED] - delay: Delayed 3 second(s)

2018-12-12 17:37:15 - [MESSAGE][PASSED] - Delayed 3 second(s)

2018-12-12 17:37:15 - [TEST_STEP][PASSED] - click: Object: 'Object Repository/Final Object Repo/Creating Employer Account/Page_Users and Organizations - ASSIST/Edit' is clicked on

2018-12-12 17:37:16 - [MESSAGE][PASSED] - Object: 'Object Repository/Final Object Repo/Creating Employer Account/Page_Users and Organizations - ASSIST/Edit' is clicked on

2018-12-12 17:37:16 - [TEST_STEP][PASSED] - delay: Delayed 3 second(s)

2018-12-12 17:37:19 - [MESSAGE][PASSED] - Delayed 3 second(s)

2018-12-12 17:37:19 - [TEST_STEP][PASSED] - click: Object: 'Object Repository/Final Object Repo/Creating Employer Account/Page_PERKESO - Users and Organizati/a_Password (Modified)' is clicked on

2018-12-12 17:37:19 - [MESSAGE][PASSED] - Object: 'Object Repository/Final Object Repo/Creating Employer Account/Page_PERKESO - Users and Organizati/a_Password (Modified)' is clicked on

2018-12-12 17:37:19 - [TEST_STEP][PASSED] - delay: Delayed 3 second(s)

2018-12-12 17:37:22 - [MESSAGE][PASSED] - Delayed 3 second(s)

2018-12-12 17:37:22 - [TEST_STEP][PASSED] - setEncryptedText: Text ****** has been set on object 'Object Repository/Final Object Repo/Creating Employer Account/Page_PERKESO - Users and Organizati/input__125_password1'

2018-12-12 17:37:22 - [MESSAGE][PASSED] - Text ****** has been set on object 'Object Repository/Final Object Repo/Creating Employer Account/Page_PERKESO - Users and Organizati/input__125_password1'

2018-12-12 17:37:22 - [TEST_STEP][PASSED] - delay: Delayed 3 second(s)

2018-12-12 17:37:25 - [MESSAGE][PASSED] - Delayed 3 second(s)

2018-12-12 17:37:25 - [TEST_STEP][PASSED] - setEncryptedText: Text ****** has been set on object 'Object Repository/Final Object Repo/Creating Employer Account/Page_PERKESO - Users and Organizati/input__125_password2'

2018-12-12 17:37:26 - [MESSAGE][PASSED] - Text ****** has been set on object 'Object Repository/Final Object Repo/Creating Employer Account/Page_PERKESO - Users and Organizati/input__125_password2'

2018-12-12 17:37:26 - [TEST_STEP][PASSED] - delay: Delayed 3 second(s)

2018-12-12 17:37:29 - [MESSAGE][PASSED] - Delayed 3 second(s)

2018-12-12 17:37:29 - [TEST_STEP][PASSED] - click: Object: 'Object Repository/Final Object Repo/Creating Employer Account/Page_PERKESO - Users and Organizati/Save' is clicked on

2018-12-12 17:37:30 - [MESSAGE][PASSED] - Object: 'Object Repository/Final Object Repo/Creating Employer Account/Page_PERKESO - Users and Organizati/Save' is clicked on

2018-12-12 17:37:30 - [MESSAGE][PASSED] - Call Test Case 'Test Cases/Final Aug 2018 - PKS Automation/Create Employer Acc/Template/Change Password of Employer' successfully

2018-12-12 17:37:30 - [TEST_STEP][PASSED] - delay: Delayed 1 second(s)

2018-12-12 17:37:31 - [MESSAGE][PASSED] - Delayed 1 second(s)

2018-12-12 17:37:31 - [TEST_STEP][PASSED] - navigateToUrl: Navigate to 'https://assist2-uat.perkeso.gov.my/c/portal/logout' successfully

2018-12-12 17:37:32 - [MESSAGE][PASSED] - Navigate to 'https://assist2-uat.perkeso.gov.my/c/portal/logout' successfully

2018-12-12 17:37:32 - [TEST_STEP][PASSED] - delay: Delayed 1 second(s)

2018-12-12 17:37:33 - [MESSAGE][PASSED] - Delayed 1 second(s)

2018-12-12 17:37:33 - [TEST_STEP][PASSED] - callTestCase: Call Test Case 'Test Cases/Final Aug 2018 - PKS Automation/Create Employer Acc/Template/Login to Employer Account (First Time)' successfully

2018-12-12 17:37:33 - [TEST_CASE][PASSED] - Test Cases/Final Aug 2018 - PKS Automation/Create Employer Acc/Template/Login to Employer Account (First Time): Test Cases/Final Aug 2018 - PKS Automation/Create Employer Acc/Template/Login to Employer Account (First Time)

2018-12-12 17:37:33 - [TEST_STEP][PASSED] - openBrowser: Browser is opened with url: ''

2018-12-12 17:37:33 - [MESSAGE][WARNING] - A browser is already opened. Closing browser and opening a new one

2018-12-12 17:37:36 - [MESSAGE][PASSED] - Browser is opened with url: ''

2018-12-12 17:37:36 - [TEST_STEP][PASSED] - navigateToUrl: Navigate to 'https://assist2-uat.perkeso.gov.my/employer/login' successfully

2018-12-12 17:37:37 - [MESSAGE][PASSED] - Navigate to 'https://assist2-uat.perkeso.gov.my/employer/login' successfully

2018-12-12 17:37:37 - [TEST_STEP][PASSED] - delay: Delayed 3 second(s)

2018-12-12 17:37:40 - [MESSAGE][PASSED] - Delayed 3 second(s)

2018-12-12 17:37:40 - [TEST_STEP][PASSED] - callTestCase: Call Test Case 'Test Cases/Final Aug 2018 - PKS Automation/Create Employer Acc/Template/Employer Email Getter' successfully

2018-12-12 17:37:40 - [TEST_CASE][PASSED] - Test Cases/Final Aug 2018 - PKS Automation/Create Employer Acc/Template/Employer Email Getter: Test Cases/Final Aug 2018 - PKS Automation/Create Employer Acc/Template/Employer Email Getter

2018-12-12 17:37:40 - [TEST_STEP][PASSED] - Statement - Try: null

2018-12-12 17:37:40 - [TEST_STEP][PASSED] - Statement - EmpEmail = new java.io.File(C://Users//Admin//Desktop//PKS//Automation Reference Point//EmpEmail.txt): null

2018-12-12 17:37:40 - [TEST_STEP][PASSED] - Statement - bufferread = new java.io.BufferedReader(new java.io.FileReader(EmpEmail)): null

2018-12-12 17:37:40 - [TEST_STEP][PASSED] - Statement - readedVal = bufferread.readLine(): null

2018-12-12 17:37:40 - [TEST_STEP][PASSED] - Statement - out.println(readedVal): null

2018-12-12 17:37:40 - [TEST_STEP][PASSED] - Statement - Email = readedVal: null

2018-12-12 17:37:40 - [MESSAGE][PASSED] - Call Test Case 'Test Cases/Final Aug 2018 - PKS Automation/Create Employer Acc/Template/Employer Email Getter' successfully

2018-12-12 17:37:40 - [TEST_STEP][PASSED] - setText: Text 'perkeso783501857462@gmail.com' is set on object 'Object Repository/Final Object Repo/Login Page/External Login Page/Email'

2018-12-12 17:37:41 - [MESSAGE][PASSED] - Text 'perkeso783501857462@gmail.com' is set on object 'Object Repository/Final Object Repo/Login Page/External Login Page/Email'

2018-12-12 17:37:41 - [TEST_STEP][PASSED] - click: Object: 'Object Repository/Final Object Repo/Login Page/External Login Page/Next' is clicked on

2018-12-12 17:37:41 - [MESSAGE][PASSED] - Object: 'Object Repository/Final Object Repo/Login Page/External Login Page/Next' is clicked on

2018-12-12 17:37:41 - [TEST_STEP][PASSED] - delay: Delayed 3 second(s)

2018-12-12 17:37:44 - [MESSAGE][PASSED] - Delayed 3 second(s)

2018-12-12 17:37:44 - [TEST_STEP][PASSED] - setEncryptedText: Text ****** has been set on object 'Object Repository/Final Object Repo/Login Page/External Login Page/Password'

2018-12-12 17:37:44 - [MESSAGE][PASSED] - Text ****** has been set on object 'Object Repository/Final Object Repo/Login Page/External Login Page/Password'

2018-12-12 17:37:44 - [TEST_STEP][PASSED] - click: Object: 'Object Repository/Final Object Repo/Login Page/External Login Page/Login' is clicked on

2018-12-12 17:37:44 - [MESSAGE][PASSED] - Object: 'Object Repository/Final Object Repo/Login Page/External Login Page/Login' is clicked on

2018-12-12 17:37:44 - [TEST_STEP][PASSED] - delay: Delayed 3 second(s)

2018-12-12 17:37:47 - [MESSAGE][PASSED] - Delayed 3 second(s)

2018-12-12 17:37:47 - [TEST_STEP][PASSED] - click: Object: 'Object Repository/Final Object Repo/Creating Employer Account/Page_Terms of Use - ASSIST/button_I Agree' is clicked on

2018-12-12 17:37:48 - [MESSAGE][PASSED] - Object: 'Object Repository/Final Object Repo/Creating Employer Account/Page_Terms of Use - ASSIST/button_I Agree' is clicked on

2018-12-12 17:37:48 - [TEST_STEP][PASSED] - delay: Delayed 2 second(s)

2018-12-12 17:37:50 - [MESSAGE][PASSED] - Delayed 2 second(s)

2018-12-12 17:37:50 - [TEST_STEP][PASSED] - setEncryptedText: Text ****** has been set on object 'Object Repository/Final Object Repo/Creating Employer Account/Page_New Password - ASSIST/input_password1'

2018-12-12 17:37:50 - [MESSAGE][PASSED] - Text ****** has been set on object 'Object Repository/Final Object Repo/Creating Employer Account/Page_New Password - ASSIST/input_password1'

2018-12-12 17:37:50 - [TEST_STEP][PASSED] - setEncryptedText: Text ****** has been set on object 'Object Repository/Final Object Repo/Creating Employer Account/Page_New Password - ASSIST/input_password2'

2018-12-12 17:37:51 - [MESSAGE][PASSED] - Text ****** has been set on object 'Object Repository/Final Object Repo/Creating Employer Account/Page_New Password - ASSIST/input_password2'

2018-12-12 17:37:51 - [TEST_STEP][PASSED] - delay: Delayed 2 second(s)

2018-12-12 17:37:53 - [MESSAGE][PASSED] - Delayed 2 second(s)

2018-12-12 17:37:53 - [TEST_STEP][PASSED] - click: Object: 'Object Repository/Final Object Repo/Creating Employer Account/Page_New Password - ASSIST/Save' is clicked on

2018-12-12 17:37:53 - [MESSAGE][PASSED] - Object: 'Object Repository/Final Object Repo/Creating Employer Account/Page_New Password - ASSIST/Save' is clicked on

2018-12-12 17:37:53 - [TEST_STEP][PASSED] - delay: Delayed 2 second(s)

2018-12-12 17:37:55 - [MESSAGE][PASSED] - Delayed 2 second(s)

2018-12-12 17:37:55 - [TEST_STEP][PASSED] - setText: Text 'test' is set on object 'Object Repository/Final Object Repo/Creating Employer Account/Page_Password Reminder - ASSIST/Reminder Query Answer'

2018-12-12 17:37:55 - [MESSAGE][PASSED] - Text 'test' is set on object 'Object Repository/Final Object Repo/Creating Employer Account/Page_Password Reminder - ASSIST/Reminder Query Answer'

2018-12-12 17:37:55 - [TEST_STEP][PASSED] - delay: Delayed 2 second(s)

2018-12-12 17:37:57 - [MESSAGE][PASSED] - Delayed 2 second(s)

2018-12-12 17:37:57 - [TEST_STEP][PASSED] - doubleClick: Object: 'Object Repository/Final Object Repo/Creating Employer Account/Page_Password Reminder - ASSIST/Save' is double clicked on

2018-12-12 17:37:59 - [MESSAGE][PASSED] - Object: 'Object Repository/Final Object Repo/Creating Employer Account/Page_Password Reminder - ASSIST/Save' is double clicked on

2018-12-12 17:37:59 - [MESSAGE][PASSED] - Call Test Case 'Test Cases/Final Aug 2018 - PKS Automation/Create Employer Acc/Template/Login to Employer Account (First Time)' successfully

2018-12-12 17:38:00 - [MESSAGE][PASSED] - Call Test Case 'Test Cases/Final Aug 2018 - PKS Automation/Create Employer Acc/Create Employer Account' successfully

2018-12-12 17:38:00 - [TEST_STEP][PASSED] - callTestCase: Call Test Case 'Test Cases/Final Aug 2018 - PKS Automation/Registration Module/Log Out/log out avoiding katalon tagging' successfully

2018-12-12 17:38:00 - [TEST_CASE][PASSED] - Test Cases/Final Aug 2018 - PKS Automation/Registration Module/Log Out/log out avoiding katalon tagging: Test Cases/Final Aug 2018 - PKS Automation/Registration Module/Log Out/log out avoiding katalon tagging

2018-12-12 17:38:00 - [TEST_STEP][PASSED] - navigateToUrl: Navigate to 'https://assist2-uat.perkeso.gov.my/c/portal/logout' successfully

2018-12-12 17:38:00 - [MESSAGE][PASSED] - Navigate to 'https://assist2-uat.perkeso.gov.my/c/portal/logout' successfully

2018-12-12 17:38:00 - [MESSAGE][PASSED] - Call Test Case 'Test Cases/Final Aug 2018 - PKS Automation/Registration Module/Log Out/log out avoiding katalon tagging' successfully

2018-12-12 17:38:00 - [TEST_STEP][PASSED] - callTestCase: Call Test Case 'Test Cases/Final Aug 2018 - PKS Automation/Create Employer Acc/Login to Employer Account (Second time)' successfully

2018-12-12 17:38:00 - [TEST_CASE][PASSED] - Test Cases/Final Aug 2018 - PKS Automation/Create Employer Acc/Login to Employer Account (Second time): Test Cases/Final Aug 2018 - PKS Automation/Create Employer Acc/Login to Employer Account (Second time)

2018-12-12 17:38:00 - [TEST_STEP][PASSED] - openBrowser: Browser is opened with url: ''

2018-12-12 17:38:00 - [MESSAGE][WARNING] - A browser is already opened. Closing browser and opening a new one

2018-12-12 17:38:03 - [MESSAGE][PASSED] - Browser is opened with url: ''

2018-12-12 17:38:03 - [TEST_STEP][PASSED] - navigateToUrl: Navigate to 'https://assist2-uat.perkeso.gov.my/employer/login' successfully

2018-12-12 17:38:04 - [MESSAGE][PASSED] - Navigate to 'https://assist2-uat.perkeso.gov.my/employer/login' successfully

2018-12-12 17:38:04 - [TEST_STEP][PASSED] - delay: Delayed 3 second(s)

2018-12-12 17:38:07 - [MESSAGE][PASSED] - Delayed 3 second(s)

2018-12-12 17:38:07 - [TEST_STEP][PASSED] - callTestCase: Call Test Case 'Test Cases/Final Aug 2018 - PKS Automation/Create Employer Acc/Template/Employer Email Getter' successfully

2018-12-12 17:38:07 - [TEST_CASE][PASSED] - Test Cases/Final Aug 2018 - PKS Automation/Create Employer Acc/Template/Employer Email Getter: Test Cases/Final Aug 2018 - PKS Automation/Create Employer Acc/Template/Employer Email Getter

2018-12-12 17:38:07 - [TEST_STEP][PASSED] - Statement - Try: null

2018-12-12 17:38:07 - [TEST_STEP][PASSED] - Statement - EmpEmail = new java.io.File(C://Users//Admin//Desktop//PKS//Automation Reference Point//EmpEmail.txt): null

2018-12-12 17:38:07 - [TEST_STEP][PASSED] - Statement - bufferread = new java.io.BufferedReader(new java.io.FileReader(EmpEmail)): null

2018-12-12 17:38:07 - [TEST_STEP][PASSED] - Statement - readedVal = bufferread.readLine(): null

2018-12-12 17:38:07 - [TEST_STEP][PASSED] - Statement - out.println(readedVal): null

2018-12-12 17:38:07 - [TEST_STEP][PASSED] - Statement - Email = readedVal: null

2018-12-12 17:38:07 - [MESSAGE][PASSED] - Call Test Case 'Test Cases/Final Aug 2018 - PKS Automation/Create Employer Acc/Template/Employer Email Getter' successfully

2018-12-12 17:38:07 - [TEST_STEP][PASSED] - setText: Text 'perkeso783501857462@gmail.com' is set on object 'Object Repository/Final Object Repo/Login Page/External Login Page/Email'

2018-12-12 17:38:08 - [MESSAGE][PASSED] - Text 'perkeso783501857462@gmail.com' is set on object 'Object Repository/Final Object Repo/Login Page/External Login Page/Email'

2018-12-12 17:38:08 - [TEST_STEP][PASSED] - click: Object: 'Object Repository/Final Object Repo/Login Page/External Login Page/Next' is clicked on

2018-12-12 17:38:08 - [MESSAGE][PASSED] - Object: 'Object Repository/Final Object Repo/Login Page/External Login Page/Next' is clicked on

2018-12-12 17:38:08 - [TEST_STEP][PASSED] - delay: Delayed 3 second(s)

2018-12-12 17:38:11 - [MESSAGE][PASSED] - Delayed 3 second(s)

2018-12-12 17:38:11 - [TEST_STEP][PASSED] - setEncryptedText: Text ****** has been set on object 'Object Repository/Final Object Repo/Login Page/External Login Page/Password'

2018-12-12 17:38:11 - [MESSAGE][PASSED] - Text ****** has been set on object 'Object Repository/Final Object Repo/Login Page/External Login Page/Password'

2018-12-12 17:38:11 - [TEST_STEP][PASSED] - click: Object: 'Object Repository/Final Object Repo/Login Page/External Login Page/Login' is clicked on

2018-12-12 17:38:11 - [MESSAGE][PASSED] - Object: 'Object Repository/Final Object Repo/Login Page/External Login Page/Login' is clicked on

2018-12-12 17:38:11 - [TEST_STEP][PASSED] - delay: Delayed 5 second(s)

2018-12-12 17:38:16 - [MESSAGE][PASSED] - Delayed 5 second(s)

2018-12-12 17:38:16 - [MESSAGE][PASSED] - Call Test Case 'Test Cases/Final Aug 2018 - PKS Automation/Create Employer Acc/Login to Employer Account (Second time)' successfully

2018-12-12 17:38:16 - [TEST_STEP][PASSED] - delay: Delayed 4 second(s)

2018-12-12 17:38:20 - [MESSAGE][PASSED] - Delayed 4 second(s)

2018-12-12 17:38:20 - [TEST_STEP][PASSED] - Statement - Try: Delayed 2 second(s)

2018-12-12 17:38:20 - [TEST_STEP][PASSED] - Statement - Checker = false: null

2018-12-12 17:38:20 - [TEST_STEP][PASSED] - Statement - Checker = com.kms.katalon.core.webui.keyword.WebUiBuiltInKeywords.verifyElementHasAttribute(com.kms.katalon.core.testobject.ObjectRepository.findTestObject(Final Object Repo/Landing Page/BM Detecting), "href", 20, OPTIONAL): Object 'Object Repository/Final Object Repo/Landing Page/BM Detecting' has attribute 'href'

2018-12-12 17:38:20 - [MESSAGE][PASSED] - Object 'Object Repository/Final Object Repo/Landing Page/BM Detecting' has attribute 'href'

2018-12-12 17:38:20 - [TEST_STEP][PASSED] - Statement - out.println(Checker): null

2018-12-12 17:38:20 - [TEST_STEP][PASSED] - Statement - If (Checker == false): null

2018-12-12 17:38:20 - [TEST_STEP][PASSED] - Statement - Else: null

2018-12-12 17:38:20 - [TEST_STEP][PASSED] - delay: Delayed 2 second(s)

2018-12-12 17:38:22 - [MESSAGE][PASSED] - Delayed 2 second(s)

2018-12-12 17:38:22 - [TEST_STEP][PASSED] - delay: Delayed 4 second(s)

2018-12-12 17:38:26 - [MESSAGE][PASSED] - Delayed 4 second(s)

2018-12-12 17:38:26 - [TEST_STEP][PASSED] - click: Object: 'Object Repository/Final Object Repo/Landing Page/My Sites Drop Down' is clicked on

2018-12-12 17:38:27 - [MESSAGE][PASSED] - Object: 'Object Repository/Final Object Repo/Landing Page/My Sites Drop Down' is clicked on

2018-12-12 17:38:27 - [TEST_STEP][PASSED] - click: Object: 'Object Repository/Final Object Repo/Landing Page/Select to Registration Module' is clicked on

2018-12-12 17:38:29 - [MESSAGE][PASSED] - Object: 'Object Repository/Final Object Repo/Landing Page/Select to Registration Module' is clicked on

2018-12-12 17:38:29 - [TEST_STEP][PASSED] - click: Object: 'Object Repository/Final Object Repo/Landing Page/Registration Button' is clicked on

2018-12-12 17:38:31 - [MESSAGE][PASSED] - Object: 'Object Repository/Final Object Repo/Landing Page/Registration Button' is clicked on

2018-12-12 17:38:31 - [TEST_STEP][PASSED] - delay: Delayed 2 second(s)

2018-12-12 17:38:33 - [MESSAGE][PASSED] - Delayed 2 second(s)

2018-12-12 17:38:33 - [TEST_STEP][PASSED] - click: Object: 'Object Repository/Final Object Repo/New Registration - Registration Module Pages/New Reg - OTC to RO/Special Case - OTC - Form 1/AEC NO' is clicked on

2018-12-12 17:38:33 - [MESSAGE][PASSED] - Object: 'Object Repository/Final Object Repo/New Registration - Registration Module Pages/New Reg - OTC to RO/Special Case - OTC - Form 1/AEC NO' is clicked on

2018-12-12 17:38:33 - [TEST_STEP][PASSED] - click: Object: 'Object Repository/Final Object Repo/New Registration - Registration Module Pages/New Reg - OTC to RO/Special Case - OTC - Form 1/Business Entity - Please Select' is clicked on

2018-12-12 17:38:33 - [MESSAGE][PASSED] - Object: 'Object Repository/Final Object Repo/New Registration - Registration Module Pages/New Reg - OTC to RO/Special Case - OTC - Form 1/Business Entity - Please Select' is clicked on

2018-12-12 17:38:33 - [TEST_STEP][PASSED] - click: Object: 'Object Repository/Final Object Repo/New Registration - Registration Module Pages/New Reg - OTC to RO/Special Case - OTC - Form 1/Selected - Corporation' is clicked on

2018-12-12 17:38:33 - [MESSAGE][PASSED] - Object: 'Object Repository/Final Object Repo/New Registration - Registration Module Pages/New Reg - OTC to RO/Special Case - OTC - Form 1/Selected - Corporation' is clicked on

2018-12-12 17:38:33 - [TEST_STEP][PASSED] - delay: Delayed 2 second(s)

2018-12-12 17:38:35 - [MESSAGE][PASSED] - Delayed 2 second(s)

2018-12-12 17:38:35 - [TEST_STEP][PASSED] - click: Object: 'Object Repository/Final Object Repo/New Registration - Registration Module Pages/New Reg - OTC to RO/Special Case - OTC - Form 1/Sub Business Entity - Please Select' is clicked on

2018-12-12 17:38:35 - [MESSAGE][PASSED] - Object: 'Object Repository/Final Object Repo/New Registration - Registration Module Pages/New Reg - OTC to RO/Special Case - OTC - Form 1/Sub Business Entity - Please Select' is clicked on

2018-12-12 17:38:35 - [TEST_STEP][PASSED] - delay: Delayed 2 second(s)

2018-12-12 17:38:37 - [MESSAGE][PASSED] - Delayed 2 second(s)

2018-12-12 17:38:37 - [TEST_STEP][PASSED] - click: Object: 'Object Repository/Final Object Repo/New Registration - Registration Module Pages/New Reg - OTC to RO/Special Case - OTC - Form 1/Selected - Sendirian Berhad' is clicked on

2018-12-12 17:38:38 - [MESSAGE][PASSED] - Object: 'Object Repository/Final Object Repo/New Registration - Registration Module Pages/New Reg - OTC to RO/Special Case - OTC - Form 1/Selected - Sendirian Berhad' is clicked on

2018-12-12 17:38:38 - [TEST_STEP][PASSED] - setText: Text 'AUTOMATE001' is set on object 'Object Repository/Final Object Repo/New Registration - Registration Module Pages/New Reg - OTC to RO/Special Case - OTC - Form 1/Input BRN Number'

2018-12-12 17:38:38 - [MESSAGE][PASSED] - Text 'AUTOMATE001' is set on object 'Object Repository/Final Object Repo/New Registration - Registration Module Pages/New Reg - OTC to RO/Special Case - OTC - Form 1/Input BRN Number'

2018-12-12 17:38:38 - [TEST_STEP][PASSED] - delay: Delayed 2 second(s)

2018-12-12 17:38:40 - [MESSAGE][PASSED] - Delayed 2 second(s)

2018-12-12 17:38:40 - [TEST_STEP][PASSED] - click: Object: 'Object Repository/Final Object Repo/New Registration - Registration Module Pages/New Reg - OTC to RO/Special Case - OTC - Form 1/BRN Search' is clicked on

2018-12-12 17:38:40 - [MESSAGE][PASSED] - Object: 'Object Repository/Final Object Repo/New Registration - Registration Module Pages/New Reg - OTC to RO/Special Case - OTC - Form 1/BRN Search' is clicked on

2018-12-12 17:38:40 - [TEST_STEP][PASSED] - delay: Delayed 4 second(s)

2018-12-12 17:38:44 - [MESSAGE][PASSED] - Delayed 4 second(s)

2018-12-12 17:38:44 - [TEST_STEP][PASSED] - click: Object: 'Object Repository/Final Object Repo/New Registration - Registration Module Pages/New Reg - OTC to RO/Special Case - OTC - Form 1/Registered with SSM - After Feb 2017' is clicked on

2018-12-12 17:38:44 - [MESSAGE][PASSED] - Object: 'Object Repository/Final Object Repo/New Registration - Registration Module Pages/New Reg - OTC to RO/Special Case - OTC - Form 1/Registered with SSM - After Feb 2017' is clicked on

2018-12-12 17:38:44 - [TEST_STEP][PASSED] - delay: Delayed 2 second(s)

2018-12-12 17:38:46 - [MESSAGE][PASSED] - Delayed 2 second(s)

2018-12-12 17:38:46 - [TEST_STEP][PASSED] - click: Object: 'Object Repository/Final Object Repo/New Registration - Registration Module Pages/Form 1/Registered As a Branch - Yes' is clicked on

2018-12-12 17:38:47 - [MESSAGE][PASSED] - Object: 'Object Repository/Final Object Repo/New Registration - Registration Module Pages/Form 1/Registered As a Branch - Yes' is clicked on

2018-12-12 17:38:47 - [TEST_STEP][PASSED] - click: Object: 'Object Repository/Final Object Repo/New Registration - Registration Module Pages/New Reg - OTC to RO/Special Case - OTC - Form 1/Acknowledgement Ticked' is clicked on

2018-12-12 17:38:47 - [MESSAGE][PASSED] - Object: 'Object Repository/Final Object Repo/New Registration - Registration Module Pages/New Reg - OTC to RO/Special Case - OTC - Form 1/Acknowledgement Ticked' is clicked on

2018-12-12 17:38:47 - [TEST_STEP][PASSED] - setText: Text 'perkeso783501857462@gmail.com' is set on object 'Object Repository/Final Object Repo/New Registration - Registration Module Pages/Form 1/Email'

2018-12-12 17:38:48 - [MESSAGE][PASSED] - Text 'perkeso783501857462@gmail.com' is set on object 'Object Repository/Final Object Repo/New Registration - Registration Module Pages/Form 1/Email'

2018-12-12 17:38:48 - [TEST_STEP][PASSED] - click: Object: 'Object Repository/Final Object Repo/New Registration - Registration Module Pages/New Reg - OTC to RO/Special Case - OTC - Form 1/Submit Button' is clicked on

2018-12-12 17:38:48 - [MESSAGE][PASSED] - Object: 'Object Repository/Final Object Repo/New Registration - Registration Module Pages/New Reg - OTC to RO/Special Case - OTC - Form 1/Submit Button' is clicked on

2018-12-12 17:38:48 - [TEST_STEP][PASSED] - callTestCase: Call Test Case 'Test Cases/Final Aug 2018 - PKS Automation/Registration Module/New Registration/Form 2/Add 1 Eligible - Employer Account Use' successfully

2018-12-12 17:38:48 - [TEST_CASE][PASSED] - Test Cases/Final Aug 2018 - PKS Automation/Registration Module/New Registration/Form 2/Add 1 Eligible - Employer Account Use: Test Cases/Final Aug 2018 - PKS Automation/Registration Module/New Registration/Form 2/Add 1 Eligible - Employer Account Use

2018-12-12 17:38:48 - [TEST_STEP][PASSED] - delay: Delayed 2 second(s)

2018-12-12 17:38:50 - [MESSAGE][PASSED] - Delayed 2 second(s)

2018-12-12 17:38:50 - [TEST_STEP][PASSED] - callTestCase: Call Test Case 'Test Cases/Final Aug 2018 - PKS Automation/Registration Module/New Registration/Form 2/Date Updater' successfully

2018-12-12 17:38:50 - [TEST_CASE][PASSED] - Test Cases/Final Aug 2018 - PKS Automation/Registration Module/New Registration/Form 2/Date Updater: Test Cases/Final Aug 2018 - PKS Automation/Registration Module/New Registration/Form 2/Date Updater

2018-12-12 17:38:50 - [TEST_STEP][PASSED] - Statement - TodayDate = new java.util.Date(): null

2018-12-12 17:38:50 - [TEST_STEP][PASSED] - Statement - CurrentDateNoFilter = new java.text.SimpleDateFormat(): null

2018-12-12 17:38:50 - [TEST_STEP][PASSED] - Statement - CurrentDateNoFilter.applyPattern("MM"): null

2018-12-12 17:38:50 - [TEST_STEP][PASSED] - Statement - monthContainerMatcher = java.lang.Integer.parseInt(CurrentDateNoFilter.format(TodayDate)): null

2018-12-12 17:38:50 - [TEST_STEP][PASSED] - Statement - monthContainerMatcher = monthContainerMatcher - 1: null

2018-12-12 17:38:50 - [TEST_STEP][PASSED] - Statement - CurrentMonth = monthContainerMatcher.toString(): null

2018-12-12 17:38:50 - [TEST_STEP][PASSED] - Statement - CurrentMonth = CurrentMonth: null

2018-12-12 17:38:50 - [TEST_STEP][PASSED] - Statement - CurrentDateNoFilter.applyPattern("yyyy"): null

2018-12-12 17:38:50 - [TEST_STEP][PASSED] - Statement - CurrentYear = CurrentDateNoFilter.format(TodayDate): null

2018-12-12 17:38:50 - [TEST_STEP][PASSED] - Statement - CurrentYear = CurrentYear: null

2018-12-12 17:38:50 - [TEST_STEP][PASSED] - Statement - intCurrentYear = java.lang.Integer.parseInt(CurrentDateNoFilter.format(TodayDate)): null

2018-12-12 17:38:50 - [TEST_STEP][PASSED] - Statement - eighteenYrsAgo = intCurrentYear - 18: null

2018-12-12 17:38:50 - [TEST_STEP][PASSED] - Statement - eighteenYrsBeforeThisYr = eighteenYrsAgo.toString(): null

2018-12-12 17:38:50 - [TEST_STEP][PASSED] - Statement - EighteenYrsBefore = eighteenYrsBeforeThisYr: null

2018-12-12 17:38:50 - [TEST_STEP][PASSED] - Statement - fiftysevenYrsAgo = intCurrentYear - 57: null

2018-12-12 17:38:50 - [TEST_STEP][PASSED] - Statement - fiftysevenYrsBeforeThisYr = fiftysevenYrsAgo.toString(): null

2018-12-12 17:38:50 - [TEST_STEP][PASSED] - Statement - FiftysevenYrsBefore = fiftysevenYrsBeforeThisYr: null

2018-12-12 17:38:50 - [TEST_STEP][PASSED] - Statement - leapYear = false: null

2018-12-12 17:38:50 - [TEST_STEP][PASSED] - Statement - leapYear = intCurrentYear % 4 == 0: null

2018-12-12 17:38:50 - [TEST_STEP][PASSED] - Statement - CurrentDateNoFilter.applyPattern("dd"): null

2018-12-12 17:38:50 - [TEST_STEP][PASSED] - Statement - CurrentDate = CurrentDateNoFilter.format(TodayDate): null

2018-12-12 17:38:50 - [TEST_STEP][PASSED] - Statement - CurrentDate = java.lang.Integer.parseInt(CurrentDate): null

2018-12-12 17:38:50 - [TEST_STEP][PASSED] - Statement - CurrentDate = CurrentDate: null

2018-12-12 17:38:50 - [TEST_STEP][PASSED] - Statement - CurrentDay = java.lang.Integer.parseInt(CurrentDate): null

2018-12-12 17:38:50 - [TEST_STEP][PASSED] - Statement - ConfAdder = <not implemented yet for class: org.codehaus.groovy.ast.expr.EmptyExpression>: null

2018-12-12 17:38:50 - [TEST_STEP][PASSED] - Statement - out.println(CurrentMonth): null

2018-12-12 17:38:50 - [TEST_STEP][PASSED] - Statement - out.println(CurrentDate): null

2018-12-12 17:38:50 - [TEST_STEP][PASSED] - Statement - switch (CurrentDate): null

2018-12-12 17:38:50 - [TEST_STEP][PASSED] - Statement - Default: null

2018-12-12 17:38:50 - [TEST_STEP][PASSED] - Statement - ConfAdder = true: null

2018-12-12 17:38:50 - [TEST_STEP][PASSED] - Statement - Break: null

2018-12-12 17:38:50 - [TEST_STEP][PASSED] - Statement - aDayBefore = <not implemented yet for class: org.codehaus.groovy.ast.expr.EmptyExpression>: null

2018-12-12 17:38:50 - [TEST_STEP][PASSED] - Statement - out.println(ConfAdder): null

2018-12-12 17:38:50 - [TEST_STEP][PASSED] - Statement - If (ConfAdder == true): null

2018-12-12 17:38:50 - [TEST_STEP][PASSED] - Statement - aDayBefore = CurrentDay + 1: null

2018-12-12 17:38:50 - [TEST_STEP][PASSED] - Statement - out.println(aDayBefore): null

2018-12-12 17:38:50 - [TEST_STEP][PASSED] - Statement - If (aDayBefore == 1 && CurrentMonth == 11): null

2018-12-12 17:38:50 - [TEST_STEP][PASSED] - Statement - DayBefore = aDayBefore.toString(): null

2018-12-12 17:38:50 - [TEST_STEP][PASSED] - Statement - OneDayBefore = DayBefore: null

2018-12-12 17:38:50 - [MESSAGE][PASSED] - Call Test Case 'Test Cases/Final Aug 2018 - PKS Automation/Registration Module/New Registration/Form 2/Date Updater' successfully

2018-12-12 17:38:50 - [TEST_STEP][PASSED] - delay: Delayed 1 second(s)

2018-12-12 17:38:51 - [MESSAGE][PASSED] - Delayed 1 second(s)

2018-12-12 17:38:51 - [TEST_STEP][PASSED] - Statement - CaseReferenceNo = com.kms.katalon.core.webui.keyword.WebUiBuiltInKeywords.getText(com.kms.katalon.core.testobject.ObjectRepository.findTestObject(Final Object Repo/New Registration - Registration Module Pages/Form 2/RefNo Acquiring)): Text of object 'Object Repository/Final Object Repo/New Registration - Registration Module Pages/Form 2/RefNo Acquiring' is: 'CRN12201800123223'

2018-12-12 17:38:51 - [MESSAGE][PASSED] - Text of object 'Object Repository/Final Object Repo/New Registration - Registration Module Pages/Form 2/RefNo Acquiring' is: 'CRN12201800123223'

2018-12-12 17:38:51 - [TEST_STEP][PASSED] - delay: Delayed 1 second(s)

2018-12-12 17:38:52 - [MESSAGE][PASSED] - Delayed 1 second(s)

2018-12-12 17:38:52 - [TEST_STEP][PASSED] - click: Object: 'Object Repository/Final Object Repo/New Registration - Registration Module Pages/Form 2/Add Employee Button' is clicked on

2018-12-12 17:38:52 - [MESSAGE][PASSED] - Object: 'Object Repository/Final Object Repo/New Registration - Registration Module Pages/Form 2/Add Employee Button' is clicked on

2018-12-12 17:38:52 - [TEST_STEP][PASSED] - delay: Delayed 1 second(s)

2018-12-12 17:38:53 - [MESSAGE][PASSED] - Delayed 1 second(s)

2018-12-12 17:38:53 - [TEST_STEP][PASSED] - setText: Text '010903091948' is set on object 'Object Repository/Final Object Repo/New Registration - Registration Module Pages/Form 2/NRIC Input'

2018-12-12 17:38:54 - [MESSAGE][PASSED] - Text '010903091948' is set on object 'Object Repository/Final Object Repo/New Registration - Registration Module Pages/Form 2/NRIC Input'

2018-12-12 17:38:54 - [TEST_STEP][PASSED] - delay: Delayed 2 second(s)

2018-12-12 17:38:56 - [MESSAGE][PASSED] - Delayed 2 second(s)

2018-12-12 17:38:56 - [TEST_STEP][PASSED] - setText: Text 'Automate001 eligible 1' is set on object 'Object Repository/Final Object Repo/New Registration - Registration Module Pages/Form 2/Employee Name Input'

2018-12-12 17:38:56 - [MESSAGE][PASSED] - Text 'Automate001 eligible 1' is set on object 'Object Repository/Final Object Repo/New Registration - Registration Module Pages/Form 2/Employee Name Input'

2018-12-12 17:38:56 - [TEST_STEP][PASSED] - delay: Delayed 2 second(s)

2018-12-12 17:38:58 - [MESSAGE][PASSED] - Delayed 2 second(s)

2018-12-12 17:38:58 - [TEST_STEP][PASSED] - click: Object: 'Object Repository/Final Object Repo/New Registration - Registration Module Pages/Form 2/DatePicker Pop Up' is clicked on

2018-12-12 17:38:58 - [MESSAGE][PASSED] - Object: 'Object Repository/Final Object Repo/New Registration - Registration Module Pages/Form 2/DatePicker Pop Up' is clicked on

2018-12-12 17:38:58 - [TEST_STEP][PASSED] - click: Object: 'Object Repository/Final Object Repo/New Registration - Registration Module Pages/Form 2/DOB Month' is clicked on

2018-12-12 17:38:58 - [MESSAGE][PASSED] - Object: 'Object Repository/Final Object Repo/New Registration - Registration Module Pages/Form 2/DOB Month' is clicked on

2018-12-12 17:38:58 - [TEST_STEP][PASSED] - Statement - CurrentMonth = CurrentMonth: null

2018-12-12 17:38:58 - [TEST_STEP][PASSED] - Statement - selectMonth = new com.kms.katalon.core.testobject.TestObject(): null

2018-12-12 17:38:58 - [TEST_STEP][PASSED] - Statement - selectMonth.addProperty("xpath", EQUALS, "//body/div/div/div/select/option[@value='" + CurrentMonth + "']", true): null

2018-12-12 17:38:58 - [TEST_STEP][PASSED] - click: Object: '' is clicked on

2018-12-12 17:38:58 - [MESSAGE][PASSED] - Object: '' is clicked on

2018-12-12 17:38:58 - [TEST_STEP][PASSED] - click: Object: 'Object Repository/Final Object Repo/New Registration - Registration Module Pages/Form 2/DOB Year' is clicked on

2018-12-12 17:38:59 - [MESSAGE][PASSED] - Object: 'Object Repository/Final Object Repo/New Registration - Registration Module Pages/Form 2/DOB Year' is clicked on

2018-12-12 17:38:59 - [TEST_STEP][PASSED] - Statement - Eyearsbf = EighteenYrsBefore: null

2018-12-12 17:38:59 - [TEST_STEP][PASSED] - Statement - selectYear = new com.kms.katalon.core.testobject.TestObject(): null

2018-12-12 17:38:59 - [TEST_STEP][PASSED] - Statement - selectYear.addProperty("xpath", EQUALS, "//div/div/div/select/option[@value='" + Eyearsbf + "']", true): null

2018-12-12 17:38:59 - [TEST_STEP][PASSED] - click: Object: '' is clicked on

2018-12-12 17:38:59 - [MESSAGE][PASSED] - Object: '' is clicked on

2018-12-12 17:38:59 - [TEST_STEP][PASSED] - Statement - UpdatedSelectDate = com.kms.katalon.core.webui.keyword.WebUiBuiltInKeywords.modifyObjectProperty(com.kms.katalon.core.testobject.ObjectRepository.findTestObject(Final Object Repo/New Registration - Registration Module Pages/Form 2/DOB Date), "xpath", "equals", "//body/div/table/tbody/tr/td/a[text()="" + CurrentDate + ""]", true): Modify property of object successfully

2018-12-12 17:38:59 - [MESSAGE][PASSED] - Modify property of object successfully

2018-12-12 17:38:59 - [TEST_STEP][PASSED] - delay: Delayed 3 second(s)

2018-12-12 17:39:02 - [MESSAGE][PASSED] - Delayed 3 second(s)

2018-12-12 17:39:02 - [TEST_STEP][PASSED] - click: Object: 'Object Repository/Final Object Repo/New Registration - Registration Module Pages/Form 2/DOB Date' is clicked on

2018-12-12 17:39:02 - [MESSAGE][PASSED] - Object: 'Object Repository/Final Object Repo/New Registration - Registration Module Pages/Form 2/DOB Date' is clicked on

2018-12-12 17:39:02 - [TEST_STEP][PASSED] - delay: Delayed 2 second(s)

2018-12-12 17:39:04 - [MESSAGE][PASSED] - Delayed 2 second(s)

2018-12-12 17:39:04 - [TEST_STEP][PASSED] - click: Object: 'Object Repository/Final Object Repo/New Registration - Registration Module Pages/Form 2/EmploymentStartDate Pop Up' is clicked on

2018-12-12 17:39:04 - [MESSAGE][PASSED] - Object: 'Object Repository/Final Object Repo/New Registration - Registration Module Pages/Form 2/EmploymentStartDate Pop Up' is clicked on

2018-12-12 17:39:04 - [TEST_STEP][PASSED] - delay: Delayed 2 second(s)

2018-12-12 17:39:06 - [MESSAGE][PASSED] - Delayed 2 second(s)

2018-12-12 17:39:06 - [TEST_STEP][PASSED] - click: Object: 'Object Repository/Final Object Repo/New Registration - Registration Module Pages/Form 2/Socso Employment StartDate Month' is clicked on

2018-12-12 17:39:06 - [MESSAGE][PASSED] - Object: 'Object Repository/Final Object Repo/New Registration - Registration Module Pages/Form 2/Socso Employment StartDate Month' is clicked on

2018-12-12 17:39:06 - [TEST_STEP][PASSED] - delay: Delayed 1 second(s)

2018-12-12 17:39:07 - [MESSAGE][PASSED] - Delayed 1 second(s)

2018-12-12 17:39:07 - [TEST_STEP][PASSED] - click: Object: 'Object Repository/Final Object Repo/New Registration - Registration Module Pages/Form 2/Select Socso Employement Startdate Month' is clicked on

2018-12-12 17:39:07 - [MESSAGE][PASSED] - Object: 'Object Repository/Final Object Repo/New Registration - Registration Module Pages/Form 2/Select Socso Employement Startdate Month' is clicked on

2018-12-12 17:39:07 - [TEST_STEP][PASSED] - delay: Delayed 2 second(s)

2018-12-12 17:39:09 - [MESSAGE][PASSED] - Delayed 2 second(s)

2018-12-12 17:39:09 - [TEST_STEP][PASSED] - click: Object: 'Object Repository/Final Object Repo/New Registration - Registration Module Pages/Form 2/Socso Employment StartDate Year' is clicked on

2018-12-12 17:39:10 - [MESSAGE][PASSED] - Object: 'Object Repository/Final Object Repo/New Registration - Registration Module Pages/Form 2/Socso Employment StartDate Year' is clicked on

2018-12-12 17:39:10 - [TEST_STEP][PASSED] - delay: Delayed 1 second(s)

2018-12-12 17:39:11 - [MESSAGE][PASSED] - Delayed 1 second(s)

2018-12-12 17:39:11 - [TEST_STEP][PASSED] - click: Object: 'Object Repository/Final Object Repo/New Registration - Registration Module Pages/Form 2/Select Socso Employment Startdate Year' is clicked on

2018-12-12 17:39:11 - [MESSAGE][PASSED] - Object: 'Object Repository/Final Object Repo/New Registration - Registration Module Pages/Form 2/Select Socso Employment Startdate Year' is clicked on

2018-12-12 17:39:11 - [TEST_STEP][PASSED] - delay: Delayed 2 second(s)

2018-12-12 17:39:13 - [MESSAGE][PASSED] - Delayed 2 second(s)

2018-12-12 17:39:13 - [TEST_STEP][PASSED] - click: Object: 'Object Repository/Final Object Repo/New Registration - Registration Module Pages/Form 2/Socso Employment Start Date Day' is clicked on

2018-12-12 17:39:13 - [MESSAGE][PASSED] - Object: 'Object Repository/Final Object Repo/New Registration - Registration Module Pages/Form 2/Socso Employment Start Date Day' is clicked on

2018-12-12 17:39:13 - [TEST_STEP][PASSED] - delay: Delayed 2 second(s)

2018-12-12 17:39:15 - [MESSAGE][PASSED] - Delayed 2 second(s)

2018-12-12 17:39:15 - [TEST_STEP][PASSED] - click: Object: 'Object Repository/Final Object Repo/New Registration - Registration Module Pages/Form 2/Save Button for Add Employee' is clicked on

2018-12-12 17:39:15 - [MESSAGE][PASSED] - Object: 'Object Repository/Final Object Repo/New Registration - Registration Module Pages/Form 2/Save Button for Add Employee' is clicked on

2018-12-12 17:39:15 - [TEST_STEP][PASSED] - delay: Delayed 6 second(s)

2018-12-12 17:39:21 - [MESSAGE][PASSED] - Delayed 6 second(s)

2018-12-12 17:39:21 - [TEST_STEP][PASSED] - click: Object: 'Object Repository/Final Object Repo/New Registration - Registration Module Pages/Form 2/Save and Continue Form 2' is clicked on

2018-12-12 17:39:21 - [MESSAGE][PASSED] - Object: 'Object Repository/Final Object Repo/New Registration - Registration Module Pages/Form 2/Save and Continue Form 2' is clicked on

2018-12-12 17:39:21 - [MESSAGE][PASSED] - Call Test Case 'Test Cases/Final Aug 2018 - PKS Automation/Registration Module/New Registration/Form 2/Add 1 Eligible - Employer Account Use' successfully

2018-12-12 17:39:21 - [TEST_STEP][PASSED] - callTestCase: Call Test Case 'Test Cases/Final Aug 2018 - PKS Automation/Registration Module/New Registration/Flow of New Registration/Third Screen - Upload Supporting Doc - Preview' successfully

2018-12-12 17:39:21 - [TEST_CASE][PASSED] - Test Cases/Final Aug 2018 - PKS Automation/Registration Module/New Registration/Flow of New Registration/Third Screen - Upload Supporting Doc - Preview: Test Cases/Final Aug 2018 - PKS Automation/Registration Module/New Registration/Flow of New Registration/Third Screen - Upload Supporting Doc - Preview

2018-12-12 17:39:21 - [TEST_STEP][PASSED] - waitForPageLoad: Wait for page load successfully

2018-12-12 17:39:22 - [MESSAGE][PASSED] - Wait for page load successfully

2018-12-12 17:39:22 - [TEST_STEP][PASSED] - Statement - CaseReferenceNo = com.kms.katalon.core.webui.keyword.WebUiBuiltInKeywords.getText(com.kms.katalon.core.testobject.ObjectRepository.findTestObject(Final Object Repo/New Registration - Registration Module Pages/Third Screen - Upload Supporting Doc- Preview/RefNo Acquiring)): Text of object 'Object Repository/Final Object Repo/New Registration - Registration Module Pages/Third Screen - Upload Supporting Doc- Preview/RefNo Acquiring' is: 'CRN12201800123223'

2018-12-12 17:39:22 - [MESSAGE][PASSED] - Text of object 'Object Repository/Final Object Repo/New Registration - Registration Module Pages/Third Screen - Upload Supporting Doc- Preview/RefNo Acquiring' is: 'CRN12201800123223'

2018-12-12 17:39:22 - [TEST_STEP][PASSED] - delay: Delayed 2 second(s)

2018-12-12 17:39:24 - [MESSAGE][PASSED] - Delayed 2 second(s)

2018-12-12 17:39:24 - [TEST_STEP][PASSED] - callTestCase: Call Test Case 'Test Cases/Final Aug 2018 - PKS Automation/Common/Reference Number Setter' successfully

2018-12-12 17:39:24 - [TEST_CASE][PASSED] - Test Cases/Final Aug 2018 - PKS Automation/Common/Reference Number Setter: Test Cases/Final Aug 2018 - PKS Automation/Common/Reference Number Setter

2018-12-12 17:39:24 - [TEST_STEP][PASSED] - Statement - RefNoOldFile = new java.io.File(C://Users//Admin//Desktop//PKS//Automation Reference Point//KatalonReference.txt): null

2018-12-12 17:39:24 - [TEST_STEP][PASSED] - Statement - RefNoOldFile.delete(): null

2018-12-12 17:39:24 - [TEST_STEP][PASSED] - delay: Delayed 5 second(s)

2018-12-12 17:39:29 - [MESSAGE][PASSED] - Delayed 5 second(s)

2018-12-12 17:39:29 - [TEST_STEP][PASSED] - Statement - RefNo = new java.io.File(C://Users//Admin//Desktop//PKS//Automation Reference Point//KatalonReference.txt): null

2018-12-12 17:39:29 - [TEST_STEP][PASSED] - Statement - f2 = new java.io.FileWriter(RefNo, false): null

2018-12-12 17:39:29 - [TEST_STEP][PASSED] - Statement - f2.write(CaseReferenceNo): null

2018-12-12 17:39:29 - [TEST_STEP][PASSED] - Statement - f2.close(): null

2018-12-12 17:39:29 - [TEST_STEP][PASSED] - Statement - out.println("


" + CaseReferenceNo + "


"): null

2018-12-12 17:39:29 - [MESSAGE][PASSED] - Call Test Case 'Test Cases/Final Aug 2018 - PKS Automation/Common/Reference Number Setter' successfully

2018-12-12 17:39:29 - [TEST_STEP][PASSED] - waitForElementClickable: Object 'Object Repository/Final Object Repo/New Registration - Registration Module Pages/Third Screen - Upload Supporting Doc- Preview/Save n Continue in SIP Employee Listing Page' is clickable

2018-12-12 17:39:29 - [MESSAGE][PASSED] - Object 'Object Repository/Final Object Repo/New Registration - Registration Module Pages/Third Screen - Upload Supporting Doc- Preview/Save n Continue in SIP Employee Listing Page' is clickable

2018-12-12 17:39:29 - [TEST_STEP][PASSED] - click: Object: 'Object Repository/Final Object Repo/New Registration - Registration Module Pages/Third Screen - Upload Supporting Doc- Preview/Save n Continue in SIP Employee Listing Page' is clicked on

2018-12-12 17:39:35 - [MESSAGE][PASSED] - Object: 'Object Repository/Final Object Repo/New Registration - Registration Module Pages/Third Screen - Upload Supporting Doc- Preview/Save n Continue in SIP Employee Listing Page' is clicked on

2018-12-12 17:39:35 - [TEST_STEP][PASSED] - delay: Delayed 7 second(s)

2018-12-12 17:39:42 - [MESSAGE][PASSED] - Delayed 7 second(s)

2018-12-12 17:39:42 - [TEST_STEP][PASSED] - click: Object: 'Object Repository/Final Object Repo/New Registration - Registration Module Pages/Third Screen - Upload Supporting Doc- Preview/Add Document Button' is clicked on

2018-12-12 17:39:42 - [MESSAGE][PASSED] - Object: 'Object Repository/Final Object Repo/New Registration - Registration Module Pages/Third Screen - Upload Supporting Doc- Preview/Add Document Button' is clicked on

2018-12-12 17:39:42 - [TEST_STEP][PASSED] - delay: Delayed 30 second(s)

2018-12-12 17:40:12 - [MESSAGE][PASSED] - Delayed 30 second(s)

2018-12-12 17:40:12 - [TEST_STEP][PASSED] - click: Object: 'Object Repository/Final Object Repo/New Registration - Registration Module Pages/Third Screen - Upload Supporting Doc- Preview/Supporting Doc Please Select Drop Down' is clicked on

2018-12-12 17:40:12 - [MESSAGE][PASSED] - Object: 'Object Repository/Final Object Repo/New Registration - Registration Module Pages/Third Screen - Upload Supporting Doc- Preview/Supporting Doc Please Select Drop Down' is clicked on

2018-12-12 17:40:12 - [TEST_STEP][PASSED] - delay: Delayed 2 second(s)

2018-12-12 17:40:14 - [MESSAGE][PASSED] - Delayed 2 second(s)

2018-12-12 17:40:14 - [TEST_STEP][PASSED] - click: Object: 'Object Repository/Final Object Repo/New Registration - Registration Module Pages/Third Screen - Upload Supporting Doc- Preview/Select to Upload Form 1' is clicked on

2018-12-12 17:40:15 - [MESSAGE][PASSED] - Object: 'Object Repository/Final Object Repo/New Registration - Registration Module Pages/Third Screen - Upload Supporting Doc- Preview/Select to Upload Form 1' is clicked on

2018-12-12 17:40:15 - [TEST_STEP][PASSED] - delay: Delayed 2 second(s)

2018-12-12 17:40:17 - [MESSAGE][PASSED] - Delayed 2 second(s)

2018-12-12 17:40:17 - [TEST_STEP][PASSED] - uploadFile: File 'C:\Users\Public\Pictures\Sample Pictures\Koala.jpg' sent to object: 'Object Repository/Final Object Repo/New Registration - Registration Module Pages/Third Screen - Upload Supporting Doc- Preview/Upload File Adding'

2018-12-12 17:40:17 - [MESSAGE][PASSED] - File 'C:\Users\Public\Pictures\Sample Pictures\Koala.jpg' sent to object: 'Object Repository/Final Object Repo/New Registration - Registration Module Pages/Third Screen - Upload Supporting Doc- Preview/Upload File Adding'

2018-12-12 17:40:17 - [TEST_STEP][PASSED] - delay: Delayed 5 second(s)

2018-12-12 17:40:22 - [MESSAGE][PASSED] - Delayed 5 second(s)

2018-12-12 17:40:22 - [TEST_STEP][PASSED] - click: Object: 'Object Repository/Final Object Repo/New Registration - Registration Module Pages/Third Screen - Upload Supporting Doc- Preview/Inner Form Add Document Button' is clicked on

2018-12-12 17:40:22 - [MESSAGE][PASSED] - Object: 'Object Repository/Final Object Repo/New Registration - Registration Module Pages/Third Screen - Upload Supporting Doc- Preview/Inner Form Add Document Button' is clicked on

2018-12-12 17:40:22 - [TEST_STEP][PASSED] - delay: Delayed 3 second(s)

2018-12-12 17:40:25 - [MESSAGE][PASSED] - Delayed 3 second(s)

2018-12-12 17:40:25 - [TEST_STEP][PASSED] - click: Object: 'Object Repository/Final Object Repo/New Registration - Registration Module Pages/Third Screen - Upload Supporting Doc- Preview/Add Document Button' is clicked on

2018-12-12 17:40:26 - [MESSAGE][PASSED] - Object: 'Object Repository/Final Object Repo/New Registration - Registration Module Pages/Third Screen - Upload Supporting Doc- Preview/Add Document Button' is clicked on

2018-12-12 17:40:26 - [TEST_STEP][PASSED] - delay: Delayed 30 second(s)

2018-12-12 17:40:56 - [MESSAGE][PASSED] - Delayed 30 second(s)

2018-12-12 17:40:56 - [TEST_STEP][PASSED] - click: Object: 'Object Repository/Final Object Repo/New Registration - Registration Module Pages/Third Screen - Upload Supporting Doc- Preview/Supporting Doc Please Select Drop Down' is clicked on

2018-12-12 17:40:56 - [MESSAGE][PASSED] - Object: 'Object Repository/Final Object Repo/New Registration - Registration Module Pages/Third Screen - Upload Supporting Doc- Preview/Supporting Doc Please Select Drop Down' is clicked on

2018-12-12 17:40:56 - [TEST_STEP][PASSED] - delay: Delayed 4 second(s)

2018-12-12 17:41:00 - [MESSAGE][PASSED] - Delayed 4 second(s)

2018-12-12 17:41:00 - [TEST_STEP][PASSED] - click: Object: 'Object Repository/Final Object Repo/New Registration - Registration Module Pages/Third Screen - Upload Supporting Doc- Preview/Select to Upload Form 2' is clicked on

2018-12-12 17:41:01 - [MESSAGE][PASSED] - Object: 'Object Repository/Final Object Repo/New Registration - Registration Module Pages/Third Screen - Upload Supporting Doc- Preview/Select to Upload Form 2' is clicked on

2018-12-12 17:41:01 - [TEST_STEP][PASSED] - delay: Delayed 2 second(s)

2018-12-12 17:41:03 - [MESSAGE][PASSED] - Delayed 2 second(s)

2018-12-12 17:41:03 - [TEST_STEP][PASSED] - uploadFile: File 'C:\Users\Public\Pictures\Sample Pictures\Koala.jpg' sent to object: 'Object Repository/Final Object Repo/New Registration - Registration Module Pages/Third Screen - Upload Supporting Doc- Preview/Upload File Adding'

2018-12-12 17:41:03 - [MESSAGE][PASSED] - File 'C:\Users\Public\Pictures\Sample Pictures\Koala.jpg' sent to object: 'Object Repository/Final Object Repo/New Registration - Registration Module Pages/Third Screen - Upload Supporting Doc- Preview/Upload File Adding'

2018-12-12 17:41:03 - [TEST_STEP][PASSED] - click: Object: 'Object Repository/Final Object Repo/New Registration - Registration Module Pages/Third Screen - Upload Supporting Doc- Preview/Inner Form Add Document Button' is clicked on

2018-12-12 17:41:03 - [MESSAGE][PASSED] - Object: 'Object Repository/Final Object Repo/New Registration - Registration Module Pages/Third Screen - Upload Supporting Doc- Preview/Inner Form Add Document Button' is clicked on

2018-12-12 17:41:03 - [TEST_STEP][PASSED] - delay: Delayed 5 second(s)

2018-12-12 17:41:08 - [MESSAGE][PASSED] - Delayed 5 second(s)

2018-12-12 17:41:08 - [TEST_STEP][PASSED] - click: Object: 'Object Repository/Final Object Repo/New Registration - Registration Module Pages/Third Screen - Upload Supporting Doc- Preview/Add Document Button' is clicked on

2018-12-12 17:41:08 - [MESSAGE][PASSED] - Object: 'Object Repository/Final Object Repo/New Registration - Registration Module Pages/Third Screen - Upload Supporting Doc- Preview/Add Document Button' is clicked on

2018-12-12 17:41:08 - [TEST_STEP][PASSED] - delay: Delayed 30 second(s)

2018-12-12 17:41:38 - [MESSAGE][PASSED] - Delayed 30 second(s)

2018-12-12 17:41:38 - [TEST_STEP][PASSED] - click: Object: 'Object Repository/Final Object Repo/New Registration - Registration Module Pages/Third Screen - Upload Supporting Doc- Preview/Supporting Doc Please Select Drop Down' is clicked on

2018-12-12 17:41:38 - [MESSAGE][PASSED] - Object: 'Object Repository/Final Object Repo/New Registration - Registration Module Pages/Third Screen - Upload Supporting Doc- Preview/Supporting Doc Please Select Drop Down' is clicked on

2018-12-12 17:41:38 - [TEST_STEP][PASSED] - click: Object: 'Object Repository/Final Object Repo/New Registration - Registration Module Pages/Third Screen - Upload Supporting Doc- Preview/Select to Upload Borang SIP 1' is clicked on

2018-12-12 17:41:38 - [MESSAGE][PASSED] - Object: 'Object Repository/Final Object Repo/New Registration - Registration Module Pages/Third Screen - Upload Supporting Doc- Preview/Select to Upload Borang SIP 1' is clicked on

2018-12-12 17:41:38 - [TEST_STEP][PASSED] - delay: Delayed 2 second(s)

2018-12-12 17:41:40 - [MESSAGE][PASSED] - Delayed 2 second(s)

2018-12-12 17:41:40 - [TEST_STEP][PASSED] - uploadFile: File 'C:\Users\Public\Pictures\Sample Pictures\Koala.jpg' sent to object: 'Object Repository/Final Object Repo/New Registration - Registration Module Pages/Third Screen - Upload Supporting Doc- Preview/Upload File Adding'

2018-12-12 17:41:41 - [MESSAGE][PASSED] - File 'C:\Users\Public\Pictures\Sample Pictures\Koala.jpg' sent to object: 'Object Repository/Final Object Repo/New Registration - Registration Module Pages/Third Screen - Upload Supporting Doc- Preview/Upload File Adding'

2018-12-12 17:41:41 - [TEST_STEP][PASSED] - click: Object: 'Object Repository/Final Object Repo/New Registration - Registration Module Pages/Third Screen - Upload Supporting Doc- Preview/Inner Form Add Document Button' is clicked on

2018-12-12 17:41:41 - [MESSAGE][PASSED] - Object: 'Object Repository/Final Object Repo/New Registration - Registration Module Pages/Third Screen - Upload Supporting Doc- Preview/Inner Form Add Document Button' is clicked on

2018-12-12 17:41:41 - [TEST_STEP][PASSED] - delay: Delayed 5 second(s)

2018-12-12 17:41:46 - [MESSAGE][PASSED] - Delayed 5 second(s)

2018-12-12 17:41:46 - [TEST_STEP][PASSED] - click: Object: 'Object Repository/Final Object Repo/New Registration - Registration Module Pages/Third Screen - Upload Supporting Doc- Preview/Add Document Button' is clicked on

2018-12-12 17:41:46 - [MESSAGE][PASSED] - Object: 'Object Repository/Final Object Repo/New Registration - Registration Module Pages/Third Screen - Upload Supporting Doc- Preview/Add Document Button' is clicked on

2018-12-12 17:41:46 - [TEST_STEP][PASSED] - delay: Delayed 30 second(s)

2018-12-12 17:42:16 - [MESSAGE][PASSED] - Delayed 30 second(s)

2018-12-12 17:42:16 - [TEST_STEP][PASSED] - click: Object: 'Object Repository/Final Object Repo/New Registration - Registration Module Pages/Third Screen - Upload Supporting Doc- Preview/Supporting Doc Please Select Drop Down' is clicked on

2018-12-12 17:42:16 - [MESSAGE][PASSED] - Object: 'Object Repository/Final Object Repo/New Registration - Registration Module Pages/Third Screen - Upload Supporting Doc- Preview/Supporting Doc Please Select Drop Down' is clicked on

2018-12-12 17:42:16 - [TEST_STEP][PASSED] - delay: Delayed 3 second(s)

2018-12-12 17:42:19 - [MESSAGE][PASSED] - Delayed 3 second(s)

2018-12-12 17:42:19 - [TEST_STEP][PASSED] - click: Object: 'Object Repository/Final Object Repo/New Registration - Registration Module Pages/Third Screen - Upload Supporting Doc- Preview/Select to Upload Borang SIP 2' is clicked on

2018-12-12 17:42:19 - [MESSAGE][PASSED] - Object: 'Object Repository/Final Object Repo/New Registration - Registration Module Pages/Third Screen - Upload Supporting Doc- Preview/Select to Upload Borang SIP 2' is clicked on

2018-12-12 17:42:19 - [TEST_STEP][PASSED] - delay: Delayed 2 second(s)

2018-12-12 17:42:21 - [MESSAGE][PASSED] - Delayed 2 second(s)

2018-12-12 17:42:21 - [TEST_STEP][PASSED] - uploadFile: File 'C:\Users\Public\Pictures\Sample Pictures\Koala.jpg' sent to object: 'Object Repository/Final Object Repo/New Registration - Registration Module Pages/Third Screen - Upload Supporting Doc- Preview/Upload File Adding'

2018-12-12 17:42:21 - [MESSAGE][PASSED] - File 'C:\Users\Public\Pictures\Sample Pictures\Koala.jpg' sent to object: 'Object Repository/Final Object Repo/New Registration - Registration Module Pages/Third Screen - Upload Supporting Doc- Preview/Upload File Adding'

2018-12-12 17:42:21 - [TEST_STEP][PASSED] - delay: Delayed 5 second(s)

2018-12-12 17:42:26 - [MESSAGE][PASSED] - Delayed 5 second(s)

2018-12-12 17:42:26 - [TEST_STEP][PASSED] - click: Object: 'Object Repository/Final Object Repo/New Registration - Registration Module Pages/Third Screen - Upload Supporting Doc- Preview/Inner Form Add Document Button' is clicked on

2018-12-12 17:42:27 - [MESSAGE][PASSED] - Object: 'Object Repository/Final Object Repo/New Registration - Registration Module Pages/Third Screen - Upload Supporting Doc- Preview/Inner Form Add Document Button' is clicked on

2018-12-12 17:42:27 - [TEST_STEP][PASSED] - delay: Delayed 3 second(s)

2018-12-12 17:42:30 - [MESSAGE][PASSED] - Delayed 3 second(s)

2018-12-12 17:42:30 - [TEST_STEP][PASSED] - waitForElementClickable: Object 'Object Repository/Final Object Repo/New Registration - Registration Module Pages/Third Screen - Upload Supporting Doc- Preview/Save n Continue in Uploading Supporting Doc Page' is clickable

2018-12-12 17:42:31 - [MESSAGE][PASSED] - Object 'Object Repository/Final Object Repo/New Registration - Registration Module Pages/Third Screen - Upload Supporting Doc- Preview/Save n Continue in Uploading Supporting Doc Page' is clickable

2018-12-12 17:42:31 - [TEST_STEP][PASSED] - click: Object: 'Object Repository/Final Object Repo/New Registration - Registration Module Pages/Third Screen - Upload Supporting Doc- Preview/Save n Continue in Uploading Supporting Doc Page' is clicked on

2018-12-12 17:42:31 - [MESSAGE][PASSED] - Object: 'Object Repository/Final Object Repo/New Registration - Registration Module Pages/Third Screen - Upload Supporting Doc- Preview/Save n Continue in Uploading Supporting Doc Page' is clicked on

2018-12-12 17:42:31 - [MESSAGE][PASSED] - Call Test Case 'Test Cases/Final Aug 2018 - PKS Automation/Registration Module/New Registration/Flow of New Registration/Third Screen - Upload Supporting Doc - Preview' successfully

2018-12-12 17:42:31 - [TEST_STEP][PASSED] - setText: Text 'Tester' is set on object 'Object Repository/Final Object Repo/New Registration - Registration Module Pages/New Reg - OTC to RO/Special Case - All Related Objects/Employer Preview Name'

2018-12-12 17:42:35 - [MESSAGE][PASSED] - Text 'Tester' is set on object 'Object Repository/Final Object Repo/New Registration - Registration Module Pages/New Reg - OTC to RO/Special Case - All Related Objects/Employer Preview Name'

2018-12-12 17:42:35 - [TEST_STEP][PASSED] - click: Object: 'Object Repository/Final Object Repo/New Registration - Registration Module Pages/New Reg - OTC to RO/Special Case - All Related Objects/IC Type Drop Down' is clicked on

2018-12-12 17:42:36 - [MESSAGE][PASSED] - Object: 'Object Repository/Final Object Repo/New Registration - Registration Module Pages/New Reg - OTC to RO/Special Case - All Related Objects/IC Type Drop Down' is clicked on

2018-12-12 17:42:36 - [TEST_STEP][PASSED] - click: Object: 'Object Repository/Final Object Repo/New Registration - Registration Module Pages/New Reg - OTC to RO/Special Case - All Related Objects/Select to NRIC' is clicked on

2018-12-12 17:42:36 - [MESSAGE][PASSED] - Object: 'Object Repository/Final Object Repo/New Registration - Registration Module Pages/New Reg - OTC to RO/Special Case - All Related Objects/Select to NRIC' is clicked on

2018-12-12 17:42:36 - [TEST_STEP][PASSED] - setText: Text '133245561223' is set on object 'Object Repository/Final Object Repo/New Registration - Registration Module Pages/New Reg - OTC to RO/Special Case - All Related Objects/IC Value'

2018-12-12 17:42:36 - [MESSAGE][PASSED] - Text '133245561223' is set on object 'Object Repository/Final Object Repo/New Registration - Registration Module Pages/New Reg - OTC to RO/Special Case - All Related Objects/IC Value'

2018-12-12 17:42:36 - [TEST_STEP][PASSED] - setText: Text 'Auto' is set on object 'Object Repository/Final Object Repo/New Registration - Registration Module Pages/New Reg - OTC to RO/Special Case - All Related Objects/Designation'

2018-12-12 17:42:36 - [MESSAGE][PASSED] - Text 'Auto' is set on object 'Object Repository/Final Object Repo/New Registration - Registration Module Pages/New Reg - OTC to RO/Special Case - All Related Objects/Designation'

2018-12-12 17:42:36 - [TEST_STEP][PASSED] - callTestCase: Call Test Case 'Test Cases/Final Aug 2018 - PKS Automation/Registration Module/New Registration/Submit and Screenshot/Submit Registration and Screenshot - Copy' successfully

2018-12-12 17:42:36 - [TEST_CASE][PASSED] - Test Cases/Final Aug 2018 - PKS Automation/Registration Module/New Registration/Submit and Screenshot/Submit Registration and Screenshot - Copy: Test Cases/Final Aug 2018 - PKS Automation/Registration Module/New Registration/Submit and Screenshot/Submit Registration and Screenshot - Copy

2018-12-12 17:42:36 - [TEST_STEP][PASSED] - delay: Delayed 6 second(s)

2018-12-12 17:42:42 - [MESSAGE][PASSED] - Delayed 6 second(s)

2018-12-12 17:42:42 - [TEST_STEP][PASSED] - click: Object: 'Object Repository/Final Object Repo/New Registration - Registration Module Pages/Third Screen - Upload Supporting Doc- Preview/Preview Submit Button' is clicked on

2018-12-12 17:42:42 - [MESSAGE][PASSED] - Object: 'Object Repository/Final Object Repo/New Registration - Registration Module Pages/Third Screen - Upload Supporting Doc- Preview/Preview Submit Button' is clicked on

2018-12-12 17:42:42 - [TEST_STEP][PASSED] - delay: Delayed 2 second(s)

2018-12-12 17:42:44 - [MESSAGE][PASSED] - Delayed 2 second(s)

2018-12-12 17:42:44 - [TEST_STEP][PASSED] - click: Object: 'Object Repository/Final Object Repo/New Registration - Registration Module Pages/Third Screen - Upload Supporting Doc- Preview/Preview Submit - Confirm' is clicked on

2018-12-12 17:42:45 - [MESSAGE][PASSED] - Object: 'Object Repository/Final Object Repo/New Registration - Registration Module Pages/Third Screen - Upload Supporting Doc- Preview/Preview Submit - Confirm' is clicked on

2018-12-12 17:42:45 - [TEST_STEP][PASSED] - delay: Delayed 15 second(s)

2018-12-12 17:43:00 - [MESSAGE][PASSED] - Delayed 15 second(s)

2018-12-12 17:43:00 - [TEST_STEP][PASSED] - Statement - driver = com.kms.katalon.core.webui.driver.DriverFactory.getWebDriver(): null

2018-12-12 17:43:00 - [TEST_STEP][PASSED] - Statement - driver.manage().timeouts().implicitlyWait(10, SECONDS): null

2018-12-12 17:43:00 - [TEST_STEP][PASSED] - Statement - PresavePath = KatalonScreenshots: null

2018-12-12 17:43:00 - [TEST_STEP][PASSED] - Statement - pathPrefix = "C:\Users\Public\Pictures\Sample Pictures\Katalon Screenshots\Automate Ending Screen": null

2018-12-12 17:43:00 - [TEST_STEP][PASSED] - Statement - finalPath = <not implemented yet for class: org.codehaus.groovy.ast.expr.EmptyExpression>: null

2018-12-12 17:43:00 - [TEST_STEP][PASSED] - Statement - scrFile = driver.getScreenshotAs(FILE): null

2018-12-12 17:43:00 - [TEST_STEP][PASSED] - Statement - PreSaveFile = new java.io.File(PresavePath): null

2018-12-12 17:43:00 - [TEST_STEP][PASSED] - Statement - counter = 0: null

2018-12-12 17:43:00 - [TEST_STEP][PASSED] - Statement - If (PreSaveFile.exists()): null

2018-12-12 17:43:00 - [TEST_STEP][PASSED] - Statement - While (PreSaveFile.exists()): null

2018-12-12 17:43:00 - [TEST_STEP][PASSED] - Statement - counter = counter + 1: null

2018-12-12 17:43:00 - [TEST_STEP][PASSED] - Statement - PreSaveFile = new java.io.File(((pathPrefix + java.lang.Integer.toString(counter)) + .png)): null

2018-12-12 17:43:00 - [TEST_STEP][PASSED] - Statement - counter = counter + 1: null

2018-12-12 17:43:00 - [TEST_STEP][PASSED] - Statement - PreSaveFile = new java.io.File(((pathPrefix + java.lang.Integer.toString(counter)) + .png)): null

2018-12-12 17:43:00 - [TEST_STEP][PASSED] - Statement - counter = counter + 1: null

2018-12-12 17:43:00 - [TEST_STEP][PASSED] - Statement - PreSaveFile = new java.io.File(((pathPrefix + java.lang.Integer.toString(counter)) + .png)): null

2018-12-12 17:43:00 - [TEST_STEP][PASSED] - Statement - counter = counter + 1: null

2018-12-12 17:43:00 - [TEST_STEP][PASSED] - Statement - PreSaveFile = new java.io.File(((pathPrefix + java.lang.Integer.toString(counter)) + .png)): null

2018-12-12 17:43:00 - [TEST_STEP][PASSED] - Statement - counter = counter + 1: null

2018-12-12 17:43:00 - [TEST_STEP][PASSED] - Statement - PreSaveFile = new java.io.File(((pathPrefix + java.lang.Integer.toString(counter)) + .png)): null

2018-12-12 17:43:00 - [TEST_STEP][PASSED] - Statement - counter = counter + 1: null

2018-12-12 17:43:00 - [TEST_STEP][PASSED] - Statement - PreSaveFile = new java.io.File(((pathPrefix + java.lang.Integer.toString(counter)) + .png)): null

2018-12-12 17:43:00 - [TEST_STEP][PASSED] - Statement - counter = counter + 1: null

2018-12-12 17:43:00 - [TEST_STEP][PASSED] - Statement - PreSaveFile = new java.io.File(((pathPrefix + java.lang.Integer.toString(counter)) + .png)): null

2018-12-12 17:43:00 - [TEST_STEP][PASSED] - Statement - counter = counter + 1: null

2018-12-12 17:43:00 - [TEST_STEP][PASSED] - Statement - PreSaveFile = new java.io.File(((pathPrefix + java.lang.Integer.toString(counter)) + .png)): null

2018-12-12 17:43:00 - [TEST_STEP][PASSED] - Statement - counter = counter + 1: null

2018-12-12 17:43:00 - [TEST_STEP][PASSED] - Statement - PreSaveFile = new java.io.File(((pathPrefix + java.lang.Integer.toString(counter)) + .png)): null

2018-12-12 17:43:00 - [TEST_STEP][PASSED] - Statement - counter = counter + 1: null

2018-12-12 17:43:00 - [TEST_STEP][PASSED] - Statement - PreSaveFile = new java.io.File(((pathPrefix + java.lang.Integer.toString(counter)) + .png)): null

2018-12-12 17:43:00 - [TEST_STEP][PASSED] - Statement - counter = counter + 1: null

2018-12-12 17:43:00 - [TEST_STEP][PASSED] - Statement - PreSaveFile = new java.io.File(((pathPrefix + java.lang.Integer.toString(counter)) + .png)): null

2018-12-12 17:43:00 - [TEST_STEP][PASSED] - Statement - counter = counter + 1: null

2018-12-12 17:43:00 - [TEST_STEP][PASSED] - Statement - PreSaveFile = new java.io.File(((pathPrefix + java.lang.Integer.toString(counter)) + .png)): null

2018-12-12 17:43:00 - [TEST_STEP][PASSED] - Statement - counter = counter + 1: null

2018-12-12 17:43:00 - [TEST_STEP][PASSED] - Statement - PreSaveFile = new java.io.File(((pathPrefix + java.lang.Integer.toString(counter)) + .png)): null

2018-12-12 17:43:00 - [TEST_STEP][PASSED] - Statement - counter = counter + 1: null

2018-12-12 17:43:00 - [TEST_STEP][PASSED] - Statement - PreSaveFile = new java.io.File(((pathPrefix + java.lang.Integer.toString(counter)) + .png)): null

2018-12-12 17:43:00 - [TEST_STEP][PASSED] - Statement - counter = counter + 1: null

2018-12-12 17:43:00 - [TEST_STEP][PASSED] - Statement - PreSaveFile = new java.io.File(((pathPrefix + java.lang.Integer.toString(counter)) + .png)): null

2018-12-12 17:43:00 - [TEST_STEP][PASSED] - Statement - counter = counter + 1: null

2018-12-12 17:43:00 - [TEST_STEP][PASSED] - Statement - PreSaveFile = new java.io.File(((pathPrefix + java.lang.Integer.toString(counter)) + .png)): null

2018-12-12 17:43:00 - [TEST_STEP][PASSED] - Statement - counter = counter + 1: null

2018-12-12 17:43:00 - [TEST_STEP][PASSED] - Statement - PreSaveFile = new java.io.File(((pathPrefix + java.lang.Integer.toString(counter)) + .png)): null

2018-12-12 17:43:00 - [TEST_STEP][PASSED] - Statement - counter = counter + 1: null

2018-12-12 17:43:00 - [TEST_STEP][PASSED] - Statement - PreSaveFile = new java.io.File(((pathPrefix + java.lang.Integer.toString(counter)) + .png)): null

2018-12-12 17:43:00 - [TEST_STEP][PASSED] - Statement - counter = counter + 1: null

2018-12-12 17:43:00 - [TEST_STEP][PASSED] - Statement - PreSaveFile = new java.io.File(((pathPrefix + java.lang.Integer.toString(counter)) + .png)): null

2018-12-12 17:43:00 - [TEST_STEP][PASSED] - Statement - counter = counter + 1: null

2018-12-12 17:43:00 - [TEST_STEP][PASSED] - Statement - PreSaveFile = new java.io.File(((pathPrefix + java.lang.Integer.toString(counter)) + .png)): null

2018-12-12 17:43:00 - [TEST_STEP][PASSED] - Statement - counter = counter + 1: null

2018-12-12 17:43:00 - [TEST_STEP][PASSED] - Statement - PreSaveFile = new java.io.File(((pathPrefix + java.lang.Integer.toString(counter)) + .png)): null

2018-12-12 17:43:00 - [TEST_STEP][PASSED] - Statement - counter = counter + 1: null

2018-12-12 17:43:00 - [TEST_STEP][PASSED] - Statement - PreSaveFile = new java.io.File(((pathPrefix + java.lang.Integer.toString(counter)) + .png)): null

2018-12-12 17:43:00 - [TEST_STEP][PASSED] - Statement - counter = counter + 1: null

2018-12-12 17:43:00 - [TEST_STEP][PASSED] - Statement - PreSaveFile = new java.io.File(((pathPrefix + java.lang.Integer.toString(counter)) + .png)): null

2018-12-12 17:43:00 - [TEST_STEP][PASSED] - Statement - counter = counter + 1: null

2018-12-12 17:43:00 - [TEST_STEP][PASSED] - Statement - PreSaveFile = new java.io.File(((pathPrefix + java.lang.Integer.toString(counter)) + .png)): null

2018-12-12 17:43:00 - [TEST_STEP][PASSED] - Statement - counter = counter + 1: null

2018-12-12 17:43:00 - [TEST_STEP][PASSED] - Statement - PreSaveFile = new java.io.File(((pathPrefix + java.lang.Integer.toString(counter)) + .png)): null

2018-12-12 17:43:00 - [TEST_STEP][PASSED] - Statement - counter = counter + 1: null

2018-12-12 17:43:00 - [TEST_STEP][PASSED] - Statement - PreSaveFile = new java.io.File(((pathPrefix + java.lang.Integer.toString(counter)) + .png)): null

2018-12-12 17:43:00 - [TEST_STEP][PASSED] - Statement - counter = counter + 1: null

2018-12-12 17:43:00 - [TEST_STEP][PASSED] - Statement - PreSaveFile = new java.io.File(((pathPrefix + java.lang.Integer.toString(counter)) + .png)): null

2018-12-12 17:43:00 - [TEST_STEP][PASSED] - Statement - counter = counter + 1: null

2018-12-12 17:43:00 - [TEST_STEP][PASSED] - Statement - PreSaveFile = new java.io.File(((pathPrefix + java.lang.Integer.toString(counter)) + .png)): null

2018-12-12 17:43:00 - [TEST_STEP][PASSED] - Statement - counter = counter + 1: null

2018-12-12 17:43:00 - [TEST_STEP][PASSED] - Statement - PreSaveFile = new java.io.File(((pathPrefix + java.lang.Integer.toString(counter)) + .png)): null

2018-12-12 17:43:00 - [TEST_STEP][PASSED] - Statement - counter = counter + 1: null

2018-12-12 17:43:00 - [TEST_STEP][PASSED] - Statement - PreSaveFile = new java.io.File(((pathPrefix + java.lang.Integer.toString(counter)) + .png)): null

2018-12-12 17:43:00 - [TEST_STEP][PASSED] - Statement - counter = counter + 1: null

2018-12-12 17:43:00 - [TEST_STEP][PASSED] - Statement - PreSaveFile = new java.io.File(((pathPrefix + java.lang.Integer.toString(counter)) + .png)): null

2018-12-12 17:43:00 - [TEST_STEP][PASSED] - Statement - counter = counter + 1: null

2018-12-12 17:43:00 - [TEST_STEP][PASSED] - Statement - PreSaveFile = new java.io.File(((pathPrefix + java.lang.Integer.toString(counter)) + .png)): null

2018-12-12 17:43:00 - [TEST_STEP][PASSED] - Statement - counter = counter + 1: null

2018-12-12 17:43:00 - [TEST_STEP][PASSED] - Statement - PreSaveFile = new java.io.File(((pathPrefix + java.lang.Integer.toString(counter)) + .png)): null

2018-12-12 17:43:00 - [TEST_STEP][PASSED] - Statement - counter = counter + 1: null

2018-12-12 17:43:00 - [TEST_STEP][PASSED] - Statement - PreSaveFile = new java.io.File(((pathPrefix + java.lang.Integer.toString(counter)) + .png)): null

2018-12-12 17:43:00 - [TEST_STEP][PASSED] - Statement - counter = counter + 1: null

2018-12-12 17:43:00 - [TEST_STEP][PASSED] - Statement - PreSaveFile = new java.io.File(((pathPrefix + java.lang.Integer.toString(counter)) + .png)): null

2018-12-12 17:43:00 - [TEST_STEP][PASSED] - Statement - counter = counter + 1: null

2018-12-12 17:43:00 - [TEST_STEP][PASSED] - Statement - PreSaveFile = new java.io.File(((pathPrefix + java.lang.Integer.toString(counter)) + .png)): null

2018-12-12 17:43:00 - [TEST_STEP][PASSED] - Statement - counter = counter + 1: null

2018-12-12 17:43:00 - [TEST_STEP][PASSED] - Statement - PreSaveFile = new java.io.File(((pathPrefix + java.lang.Integer.toString(counter)) + .png)): null

2018-12-12 17:43:00 - [TEST_STEP][PASSED] - Statement - counter = counter + 1: null

2018-12-12 17:43:00 - [TEST_STEP][PASSED] - Statement - PreSaveFile = new java.io.File(((pathPrefix + java.lang.Integer.toString(counter)) + .png)): null

2018-12-12 17:43:00 - [TEST_STEP][PASSED] - Statement - counter = counter + 1: null

2018-12-12 17:43:00 - [TEST_STEP][PASSED] - Statement - PreSaveFile = new java.io.File(((pathPrefix + java.lang.Integer.toString(counter)) + .png)): null

2018-12-12 17:43:00 - [TEST_STEP][PASSED] - Statement - counter = counter + 1: null

2018-12-12 17:43:00 - [TEST_STEP][PASSED] - Statement - PreSaveFile = new java.io.File(((pathPrefix + java.lang.Integer.toString(counter)) + .png)): null

2018-12-12 17:43:00 - [TEST_STEP][PASSED] - Statement - counter = counter + 1: null

2018-12-12 17:43:00 - [TEST_STEP][PASSED] - Statement - PreSaveFile = new java.io.File(((pathPrefix + java.lang.Integer.toString(counter)) + .png)): null

2018-12-12 17:43:00 - [TEST_STEP][PASSED] - Statement - counter = counter + 1: null

2018-12-12 17:43:00 - [TEST_STEP][PASSED] - Statement - PreSaveFile = new java.io.File(((pathPrefix + java.lang.Integer.toString(counter)) + .png)): null

2018-12-12 17:43:00 - [TEST_STEP][PASSED] - Statement - counter = counter + 1: null

2018-12-12 17:43:00 - [TEST_STEP][PASSED] - Statement - PreSaveFile = new java.io.File(((pathPrefix + java.lang.Integer.toString(counter)) + .png)): null

2018-12-12 17:43:00 - [TEST_STEP][PASSED] - Statement - counter = counter + 1: null

2018-12-12 17:43:00 - [TEST_STEP][PASSED] - Statement - PreSaveFile = new java.io.File(((pathPrefix + java.lang.Integer.toString(counter)) + .png)): null

2018-12-12 17:43:00 - [TEST_STEP][PASSED] - Statement - counter = counter + 1: null

2018-12-12 17:43:00 - [TEST_STEP][PASSED] - Statement - PreSaveFile = new java.io.File(((pathPrefix + java.lang.Integer.toString(counter)) + .png)): null

2018-12-12 17:43:00 - [TEST_STEP][PASSED] - Statement - counter = counter + 1: null

2018-12-12 17:43:00 - [TEST_STEP][PASSED] - Statement - PreSaveFile = new java.io.File(((pathPrefix + java.lang.Integer.toString(counter)) + .png)): null

2018-12-12 17:43:00 - [TEST_STEP][PASSED] - Statement - counter = counter + 1: null

2018-12-12 17:43:00 - [TEST_STEP][PASSED] - Statement - PreSaveFile = new java.io.File(((pathPrefix + java.lang.Integer.toString(counter)) + .png)): null

2018-12-12 17:43:00 - [TEST_STEP][PASSED] - Statement - counter = counter + 1: null

2018-12-12 17:43:00 - [TEST_STEP][PASSED] - Statement - PreSaveFile = new java.io.File(((pathPrefix + java.lang.Integer.toString(counter)) + .png)): null

2018-12-12 17:43:00 - [TEST_STEP][PASSED] - Statement - counter = counter + 1: null

2018-12-12 17:43:00 - [TEST_STEP][PASSED] - Statement - PreSaveFile = new java.io.File(((pathPrefix + java.lang.Integer.toString(counter)) + .png)): null

2018-12-12 17:43:00 - [TEST_STEP][PASSED] - Statement - counter = counter + 1: null

2018-12-12 17:43:00 - [TEST_STEP][PASSED] - Statement - PreSaveFile = new java.io.File(((pathPrefix + java.lang.Integer.toString(counter)) + .png)): null

2018-12-12 17:43:00 - [TEST_STEP][PASSED] - Statement - counter = counter + 1: null

2018-12-12 17:43:00 - [TEST_STEP][PASSED] - Statement - PreSaveFile = new java.io.File(((pathPrefix + java.lang.Integer.toString(counter)) + .png)): null

2018-12-12 17:43:00 - [TEST_STEP][PASSED] - Statement - counter = counter + 1: null

2018-12-12 17:43:00 - [TEST_STEP][PASSED] - Statement - PreSaveFile = new java.io.File(((pathPrefix + java.lang.Integer.toString(counter)) + .png)): null

2018-12-12 17:43:00 - [TEST_STEP][PASSED] - Statement - counter = counter + 1: null

2018-12-12 17:43:00 - [TEST_STEP][PASSED] - Statement - PreSaveFile = new java.io.File(((pathPrefix + java.lang.Integer.toString(counter)) + .png)): null

2018-12-12 17:43:00 - [TEST_STEP][PASSED] - Statement - counter = counter + 1: null

2018-12-12 17:43:00 - [TEST_STEP][PASSED] - Statement - PreSaveFile = new java.io.File(((pathPrefix + java.lang.Integer.toString(counter)) + .png)): null

2018-12-12 17:43:00 - [TEST_STEP][PASSED] - Statement - counter = counter + 1: null

2018-12-12 17:43:00 - [TEST_STEP][PASSED] - Statement - PreSaveFile = new java.io.File(((pathPrefix + java.lang.Integer.toString(counter)) + .png)): null

2018-12-12 17:43:00 - [TEST_STEP][PASSED] - Statement - counter = counter + 1: null

2018-12-12 17:43:00 - [TEST_STEP][PASSED] - Statement - PreSaveFile = new java.io.File(((pathPrefix + java.lang.Integer.toString(counter)) + .png)): null

2018-12-12 17:43:00 - [TEST_STEP][PASSED] - Statement - counter = counter + 1: null

2018-12-12 17:43:00 - [TEST_STEP][PASSED] - Statement - PreSaveFile = new java.io.File(((pathPrefix + java.lang.Integer.toString(counter)) + .png)): null

2018-12-12 17:43:00 - [TEST_STEP][PASSED] - Statement - counter = counter + 1: null

2018-12-12 17:43:00 - [TEST_STEP][PASSED] - Statement - PreSaveFile = new java.io.File(((pathPrefix + java.lang.Integer.toString(counter)) + .png)): null

2018-12-12 17:43:00 - [TEST_STEP][PASSED] - Statement - counter = counter + 1: null

2018-12-12 17:43:00 - [TEST_STEP][PASSED] - Statement - PreSaveFile = new java.io.File(((pathPrefix + java.lang.Integer.toString(counter)) + .png)): null

2018-12-12 17:43:00 - [TEST_STEP][PASSED] - Statement - counter = counter + 1: null

2018-12-12 17:43:00 - [TEST_STEP][PASSED] - Statement - PreSaveFile = new java.io.File(((pathPrefix + java.lang.Integer.toString(counter)) + .png)): null

2018-12-12 17:43:00 - [TEST_STEP][PASSED] - Statement - counter = counter + 1: null

2018-12-12 17:43:00 - [TEST_STEP][PASSED] - Statement - PreSaveFile = new java.io.File(((pathPrefix + java.lang.Integer.toString(counter)) + .png)): null

2018-12-12 17:43:00 - [TEST_STEP][PASSED] - Statement - counter = counter + 1: null

2018-12-12 17:43:00 - [TEST_STEP][PASSED] - Statement - PreSaveFile = new java.io.File(((pathPrefix + java.lang.Integer.toString(counter)) + .png)): null

2018-12-12 17:43:00 - [TEST_STEP][PASSED] - Statement - counter = counter + 1: null

2018-12-12 17:43:00 - [TEST_STEP][PASSED] - Statement - PreSaveFile = new java.io.File(((pathPrefix + java.lang.Integer.toString(counter)) + .png)): null

2018-12-12 17:43:00 - [TEST_STEP][PASSED] - Statement - counter = counter + 1: null

2018-12-12 17:43:00 - [TEST_STEP][PASSED] - Statement - PreSaveFile = new java.io.File(((pathPrefix + java.lang.Integer.toString(counter)) + .png)): null

2018-12-12 17:43:00 - [TEST_STEP][PASSED] - Statement - counter = counter + 1: null

2018-12-12 17:43:00 - [TEST_STEP][PASSED] - Statement - PreSaveFile = new java.io.File(((pathPrefix + java.lang.Integer.toString(counter)) + .png)): null

2018-12-12 17:43:00 - [TEST_STEP][PASSED] - Statement - counter = counter + 1: null

2018-12-12 17:43:00 - [TEST_STEP][PASSED] - Statement - PreSaveFile = new java.io.File(((pathPrefix + java.lang.Integer.toString(counter)) + .png)): null

2018-12-12 17:43:00 - [TEST_STEP][PASSED] - Statement - counter = counter + 1: null

2018-12-12 17:43:00 - [TEST_STEP][PASSED] - Statement - PreSaveFile = new java.io.File(((pathPrefix + java.lang.Integer.toString(counter)) + .png)): null

2018-12-12 17:43:00 - [TEST_STEP][PASSED] - Statement - counter = counter + 1: null

2018-12-12 17:43:00 - [TEST_STEP][PASSED] - Statement - PreSaveFile = new java.io.File(((pathPrefix + java.lang.Integer.toString(counter)) + .png)): null

2018-12-12 17:43:00 - [TEST_STEP][PASSED] - Statement - counter = counter + 1: null

2018-12-12 17:43:00 - [TEST_STEP][PASSED] - Statement - PreSaveFile = new java.io.File(((pathPrefix + java.lang.Integer.toString(counter)) + .png)): null

2018-12-12 17:43:00 - [TEST_STEP][PASSED] - Statement - counter = counter + 1: null

2018-12-12 17:43:00 - [TEST_STEP][PASSED] - Statement - PreSaveFile = new java.io.File(((pathPrefix + java.lang.Integer.toString(counter)) + .png)): null

2018-12-12 17:43:00 - [TEST_STEP][PASSED] - Statement - counter = counter + 1: null

2018-12-12 17:43:00 - [TEST_STEP][PASSED] - Statement - PreSaveFile = new java.io.File(((pathPrefix + java.lang.Integer.toString(counter)) + .png)): null

2018-12-12 17:43:00 - [TEST_STEP][PASSED] - Statement - counter = counter + 1: null

2018-12-12 17:43:00 - [TEST_STEP][PASSED] - Statement - PreSaveFile = new java.io.File(((pathPrefix + java.lang.Integer.toString(counter)) + .png)): null

2018-12-12 17:43:00 - [TEST_STEP][PASSED] - Statement - counter = counter + 1: null

2018-12-12 17:43:00 - [TEST_STEP][PASSED] - Statement - PreSaveFile = new java.io.File(((pathPrefix + java.lang.Integer.toString(counter)) + .png)): null

2018-12-12 17:43:00 - [TEST_STEP][PASSED] - Statement - counter = counter + 1: null

2018-12-12 17:43:00 - [TEST_STEP][PASSED] - Statement - PreSaveFile = new java.io.File(((pathPrefix + java.lang.Integer.toString(counter)) + .png)): null

2018-12-12 17:43:00 - [TEST_STEP][PASSED] - Statement - counter = counter + 1: null

2018-12-12 17:43:00 - [TEST_STEP][PASSED] - Statement - PreSaveFile = new java.io.File(((pathPrefix + java.lang.Integer.toString(counter)) + .png)): null

2018-12-12 17:43:00 - [TEST_STEP][PASSED] - Statement - counter = counter + 1: null

2018-12-12 17:43:00 - [TEST_STEP][PASSED] - Statement - PreSaveFile = new java.io.File(((pathPrefix + java.lang.Integer.toString(counter)) + .png)): null

2018-12-12 17:43:00 - [TEST_STEP][PASSED] - Statement - counter = counter + 1: null

2018-12-12 17:43:00 - [TEST_STEP][PASSED] - Statement - PreSaveFile = new java.io.File(((pathPrefix + java.lang.Integer.toString(counter)) + .png)): null

2018-12-12 17:43:00 - [TEST_STEP][PASSED] - Statement - counter = counter + 1: null

2018-12-12 17:43:00 - [TEST_STEP][PASSED] - Statement - PreSaveFile = new java.io.File(((pathPrefix + java.lang.Integer.toString(counter)) + .png)): null

2018-12-12 17:43:00 - [TEST_STEP][PASSED] - Statement - counter = counter + 1: null

2018-12-12 17:43:00 - [TEST_STEP][PASSED] - Statement - PreSaveFile = new java.io.File(((pathPrefix + java.lang.Integer.toString(counter)) + .png)): null

2018-12-12 17:43:00 - [TEST_STEP][PASSED] - Statement - counter = counter + 1: null

2018-12-12 17:43:00 - [TEST_STEP][PASSED] - Statement - PreSaveFile = new java.io.File(((pathPrefix + java.lang.Integer.toString(counter)) + .png)): null

2018-12-12 17:43:00 - [TEST_STEP][PASSED] - Statement - counter = counter + 1: null

2018-12-12 17:43:00 - [TEST_STEP][PASSED] - Statement - PreSaveFile = new java.io.File(((pathPrefix + java.lang.Integer.toString(counter)) + .png)): null

2018-12-12 17:43:00 - [TEST_STEP][PASSED] - Statement - counter = counter + 1: null

2018-12-12 17:43:00 - [TEST_STEP][PASSED] - Statement - PreSaveFile = new java.io.File(((pathPrefix + java.lang.Integer.toString(counter)) + .png)): null

2018-12-12 17:43:00 - [TEST_STEP][PASSED] - Statement - counter = counter + 1: null

2018-12-12 17:43:00 - [TEST_STEP][PASSED] - Statement - PreSaveFile = new java.io.File(((pathPrefix + java.lang.Integer.toString(counter)) + .png)): null

2018-12-12 17:43:00 - [TEST_STEP][PASSED] - Statement - counter = counter + 1: null

2018-12-12 17:43:00 - [TEST_STEP][PASSED] - Statement - PreSaveFile = new java.io.File(((pathPrefix + java.lang.Integer.toString(counter)) + .png)): null

2018-12-12 17:43:00 - [TEST_STEP][PASSED] - Statement - counter = counter + 1: null

2018-12-12 17:43:00 - [TEST_STEP][PASSED] - Statement - PreSaveFile = new java.io.File(((pathPrefix + java.lang.Integer.toString(counter)) + .png)): null

2018-12-12 17:43:00 - [TEST_STEP][PASSED] - Statement - counter = counter + 1: null

2018-12-12 17:43:00 - [TEST_STEP][PASSED] - Statement - PreSaveFile = new java.io.File(((pathPrefix + java.lang.Integer.toString(counter)) + .png)): null

2018-12-12 17:43:00 - [TEST_STEP][PASSED] - Statement - counter = counter + 1: null

2018-12-12 17:43:00 - [TEST_STEP][PASSED] - Statement - PreSaveFile = new java.io.File(((pathPrefix + java.lang.Integer.toString(counter)) + .png)): null

2018-12-12 17:43:00 - [TEST_STEP][PASSED] - Statement - counter = counter + 1: null

2018-12-12 17:43:00 - [TEST_STEP][PASSED] - Statement - PreSaveFile = new java.io.File(((pathPrefix + java.lang.Integer.toString(counter)) + .png)): null

2018-12-12 17:43:00 - [TEST_STEP][PASSED] - Statement - counter = counter + 1: null

2018-12-12 17:43:00 - [TEST_STEP][PASSED] - Statement - PreSaveFile = new java.io.File(((pathPrefix + java.lang.Integer.toString(counter)) + .png)): null

2018-12-12 17:43:00 - [TEST_STEP][PASSED] - Statement - counter = counter + 1: null

2018-12-12 17:43:00 - [TEST_STEP][PASSED] - Statement - PreSaveFile = new java.io.File(((pathPrefix + java.lang.Integer.toString(counter)) + .png)): null

2018-12-12 17:43:00 - [TEST_STEP][PASSED] - Statement - counter = counter + 1: null

2018-12-12 17:43:00 - [TEST_STEP][PASSED] - Statement - PreSaveFile = new java.io.File(((pathPrefix + java.lang.Integer.toString(counter)) + .png)): null

2018-12-12 17:43:00 - [TEST_STEP][PASSED] - Statement - counter = counter + 1: null

2018-12-12 17:43:00 - [TEST_STEP][PASSED] - Statement - PreSaveFile = new java.io.File(((pathPrefix + java.lang.Integer.toString(counter)) + .png)): null

2018-12-12 17:43:00 - [TEST_STEP][PASSED] - Statement - counter = counter + 1: null

2018-12-12 17:43:00 - [TEST_STEP][PASSED] - Statement - PreSaveFile = new java.io.File(((pathPrefix + java.lang.Integer.toString(counter)) + .png)): null

2018-12-12 17:43:00 - [TEST_STEP][PASSED] - Statement - counter = counter + 1: null

2018-12-12 17:43:00 - [TEST_STEP][PASSED] - Statement - PreSaveFile = new java.io.File(((pathPrefix + java.lang.Integer.toString(counter)) + .png)): null

2018-12-12 17:43:00 - [TEST_STEP][PASSED] - Statement - counter = counter + 1: null

2018-12-12 17:43:00 - [TEST_STEP][PASSED] - Statement - PreSaveFile = new java.io.File(((pathPrefix + java.lang.Integer.toString(counter)) + .png)): null

2018-12-12 17:43:00 - [TEST_STEP][PASSED] - Statement - counter = counter + 1: null

2018-12-12 17:43:00 - [TEST_STEP][PASSED] - Statement - PreSaveFile = new java.io.File(((pathPrefix + java.lang.Integer.toString(counter)) + .png)): null

2018-12-12 17:43:00 - [TEST_STEP][PASSED] - Statement - counter = counter + 1: null

2018-12-12 17:43:00 - [TEST_STEP][PASSED] - Statement - PreSaveFile = new java.io.File(((pathPrefix + java.lang.Integer.toString(counter)) + .png)): null

2018-12-12 17:43:00 - [TEST_STEP][PASSED] - Statement - counter = counter + 1: null

2018-12-12 17:43:00 - [TEST_STEP][PASSED] - Statement - PreSaveFile = new java.io.File(((pathPrefix + java.lang.Integer.toString(counter)) + .png)): null

2018-12-12 17:43:00 - [TEST_STEP][PASSED] - Statement - counter = counter + 1: null

2018-12-12 17:43:00 - [TEST_STEP][PASSED] - Statement - PreSaveFile = new java.io.File(((pathPrefix + java.lang.Integer.toString(counter)) + .png)): null

2018-12-12 17:43:00 - [TEST_STEP][PASSED] - Statement - counter = counter + 1: null

2018-12-12 17:43:00 - [TEST_STEP][PASSED] - Statement - PreSaveFile = new java.io.File(((pathPrefix + java.lang.Integer.toString(counter)) + .png)): null

2018-12-12 17:43:00 - [TEST_STEP][PASSED] - Statement - counter = counter + 1: null

2018-12-12 17:43:00 - [TEST_STEP][PASSED] - Statement - PreSaveFile = new java.io.File(((pathPrefix + java.lang.Integer.toString(counter)) + .png)): null

2018-12-12 17:43:00 - [TEST_STEP][PASSED] - Statement - counter = counter + 1: null

2018-12-12 17:43:00 - [TEST_STEP][PASSED] - Statement - PreSaveFile = new java.io.File(((pathPrefix + java.lang.Integer.toString(counter)) + .png)): null

2018-12-12 17:43:00 - [TEST_STEP][PASSED] - Statement - counter = counter + 1: null

2018-12-12 17:43:00 - [TEST_STEP][PASSED] - Statement - PreSaveFile = new java.io.File(((pathPrefix + java.lang.Integer.toString(counter)) + .png)): null

2018-12-12 17:43:00 - [TEST_STEP][PASSED] - Statement - counter = counter + 1: null

2018-12-12 17:43:00 - [TEST_STEP][PASSED] - Statement - PreSaveFile = new java.io.File(((pathPrefix + java.lang.Integer.toString(counter)) + .png)): null

2018-12-12 17:43:00 - [TEST_STEP][PASSED] - Statement - counter = counter + 1: null

2018-12-12 17:43:00 - [TEST_STEP][PASSED] - Statement - PreSaveFile = new java.io.File(((pathPrefix + java.lang.Integer.toString(counter)) + .png)): null

2018-12-12 17:43:00 - [TEST_STEP][PASSED] - Statement - counter = counter + 1: null

2018-12-12 17:43:00 - [TEST_STEP][PASSED] - Statement - PreSaveFile = new java.io.File(((pathPrefix + java.lang.Integer.toString(counter)) + .png)): null

2018-12-12 17:43:00 - [TEST_STEP][PASSED] - Statement - counter = counter + 1: null

2018-12-12 17:43:00 - [TEST_STEP][PASSED] - Statement - PreSaveFile = new java.io.File(((pathPrefix + java.lang.Integer.toString(counter)) + .png)): null

2018-12-12 17:43:00 - [TEST_STEP][PASSED] - Statement - counter = counter + 1: null

2018-12-12 17:43:00 - [TEST_STEP][PASSED] - Statement - PreSaveFile = new java.io.File(((pathPrefix + java.lang.Integer.toString(counter)) + .png)): null

2018-12-12 17:43:00 - [TEST_STEP][PASSED] - Statement - counter = counter + 1: null

2018-12-12 17:43:00 - [TEST_STEP][PASSED] - Statement - PreSaveFile = new java.io.File(((pathPrefix + java.lang.Integer.toString(counter)) + .png)): null

2018-12-12 17:43:00 - [TEST_STEP][PASSED] - Statement - counter = counter + 1: null

2018-12-12 17:43:00 - [TEST_STEP][PASSED] - Statement - PreSaveFile = new java.io.File(((pathPrefix + java.lang.Integer.toString(counter)) + .png)): null

2018-12-12 17:43:00 - [TEST_STEP][PASSED] - Statement - counter = counter + 1: null

2018-12-12 17:43:00 - [TEST_STEP][PASSED] - Statement - PreSaveFile = new java.io.File(((pathPrefix + java.lang.Integer.toString(counter)) + .png)): null

2018-12-12 17:43:00 - [TEST_STEP][PASSED] - Statement - counter = counter + 1: null

2018-12-12 17:43:00 - [TEST_STEP][PASSED] - Statement - PreSaveFile = new java.io.File(((pathPrefix + java.lang.Integer.toString(counter)) + .png)): null

2018-12-12 17:43:00 - [TEST_STEP][PASSED] - Statement - counter = counter + 1: null

2018-12-12 17:43:00 - [TEST_STEP][PASSED] - Statement - PreSaveFile = new java.io.File(((pathPrefix + java.lang.Integer.toString(counter)) + .png)): null

2018-12-12 17:43:00 - [TEST_STEP][PASSED] - Statement - counter = counter + 1: null

2018-12-12 17:43:00 - [TEST_STEP][PASSED] - Statement - PreSaveFile = new java.io.File(((pathPrefix + java.lang.Integer.toString(counter)) + .png)): null

2018-12-12 17:43:00 - [TEST_STEP][PASSED] - Statement - counter = counter + 1: null

2018-12-12 17:43:00 - [TEST_STEP][PASSED] - Statement - PreSaveFile = new java.io.File(((pathPrefix + java.lang.Integer.toString(counter)) + .png)): null

2018-12-12 17:43:00 - [TEST_STEP][PASSED] - Statement - counter = counter + 1: null

2018-12-12 17:43:00 - [TEST_STEP][PASSED] - Statement - PreSaveFile = new java.io.File(((pathPrefix + java.lang.Integer.toString(counter)) + .png)): null

2018-12-12 17:43:00 - [TEST_STEP][PASSED] - Statement - counter = counter + 1: null

2018-12-12 17:43:00 - [TEST_STEP][PASSED] - Statement - PreSaveFile = new java.io.File(((pathPrefix + java.lang.Integer.toString(counter)) + .png)): null

2018-12-12 17:43:00 - [TEST_STEP][PASSED] - Statement - counter = counter + 1: null

2018-12-12 17:43:00 - [TEST_STEP][PASSED] - Statement - PreSaveFile = new java.io.File(((pathPrefix + java.lang.Integer.toString(counter)) + .png)): null

2018-12-12 17:43:00 - [TEST_STEP][PASSED] - Statement - counter = counter + 1: null

2018-12-12 17:43:00 - [TEST_STEP][PASSED] - Statement - PreSaveFile = new java.io.File(((pathPrefix + java.lang.Integer.toString(counter)) + .png)): null

2018-12-12 17:43:00 - [TEST_STEP][PASSED] - Statement - counter = counter + 1: null

2018-12-12 17:43:00 - [TEST_STEP][PASSED] - Statement - PreSaveFile = new java.io.File(((pathPrefix + java.lang.Integer.toString(counter)) + .png)): null

2018-12-12 17:43:00 - [TEST_STEP][PASSED] - Statement - counter = counter + 1: null

2018-12-12 17:43:00 - [TEST_STEP][PASSED] - Statement - PreSaveFile = new java.io.File(((pathPrefix + java.lang.Integer.toString(counter)) + .png)): null

2018-12-12 17:43:00 - [TEST_STEP][PASSED] - Statement - counter = counter + 1: null

2018-12-12 17:43:00 - [TEST_STEP][PASSED] - Statement - PreSaveFile = new java.io.File(((pathPrefix + java.lang.Integer.toString(counter)) + .png)): null

2018-12-12 17:43:00 - [TEST_STEP][PASSED] - Statement - counter = counter + 1: null

2018-12-12 17:43:00 - [TEST_STEP][PASSED] - Statement - PreSaveFile = new java.io.File(((pathPrefix + java.lang.Integer.toString(counter)) + .png)): null

2018-12-12 17:43:00 - [TEST_STEP][PASSED] - Statement - counter = counter + 1: null

2018-12-12 17:43:00 - [TEST_STEP][PASSED] - Statement - PreSaveFile = new java.io.File(((pathPrefix + java.lang.Integer.toString(counter)) + .png)): null

2018-12-12 17:43:00 - [TEST_STEP][PASSED] - Statement - counter = counter + 1: null

2018-12-12 17:43:00 - [TEST_STEP][PASSED] - Statement - PreSaveFile = new java.io.File(((pathPrefix + java.lang.Integer.toString(counter)) + .png)): null

2018-12-12 17:43:00 - [TEST_STEP][PASSED] - Statement - counter = counter + 1: null

2018-12-12 17:43:00 - [TEST_STEP][PASSED] - Statement - PreSaveFile = new java.io.File(((pathPrefix + java.lang.Integer.toString(counter)) + .png)): null

2018-12-12 17:43:00 - [TEST_STEP][PASSED] - Statement - counter = counter + 1: null

2018-12-12 17:43:00 - [TEST_STEP][PASSED] - Statement - PreSaveFile = new java.io.File(((pathPrefix + java.lang.Integer.toString(counter)) + .png)): null

2018-12-12 17:43:00 - [TEST_STEP][PASSED] - Statement - counter = counter + 1: null

2018-12-12 17:43:00 - [TEST_STEP][PASSED] - Statement - PreSaveFile = new java.io.File(((pathPrefix + java.lang.Integer.toString(counter)) + .png)): null

2018-12-12 17:43:00 - [TEST_STEP][PASSED] - Statement - counter = counter + 1: null

2018-12-12 17:43:00 - [TEST_STEP][PASSED] - Statement - PreSaveFile = new java.io.File(((pathPrefix + java.lang.Integer.toString(counter)) + .png)): null

2018-12-12 17:43:00 - [TEST_STEP][PASSED] - Statement - counter = counter + 1: null

2018-12-12 17:43:00 - [TEST_STEP][PASSED] - Statement - PreSaveFile = new java.io.File(((pathPrefix + java.lang.Integer.toString(counter)) + .png)): null

2018-12-12 17:43:00 - [TEST_STEP][PASSED] - Statement - counter = counter + 1: null

2018-12-12 17:43:00 - [TEST_STEP][PASSED] - Statement - PreSaveFile = new java.io.File(((pathPrefix + java.lang.Integer.toString(counter)) + .png)): null

2018-12-12 17:43:00 - [TEST_STEP][PASSED] - Statement - counter = counter + 1: null

2018-12-12 17:43:00 - [TEST_STEP][PASSED] - Statement - PreSaveFile = new java.io.File(((pathPrefix + java.lang.Integer.toString(counter)) + .png)): null

2018-12-12 17:43:00 - [TEST_STEP][PASSED] - Statement - counter = counter + 1: null

2018-12-12 17:43:00 - [TEST_STEP][PASSED] - Statement - PreSaveFile = new java.io.File(((pathPrefix + java.lang.Integer.toString(counter)) + .png)): null

2018-12-12 17:43:00 - [TEST_STEP][PASSED] - Statement - counter = counter + 1: null

2018-12-12 17:43:00 - [TEST_STEP][PASSED] - Statement - PreSaveFile = new java.io.File(((pathPrefix + java.lang.Integer.toString(counter)) + .png)): null

2018-12-12 17:43:00 - [TEST_STEP][PASSED] - Statement - counter = counter + 1: null

2018-12-12 17:43:00 - [TEST_STEP][PASSED] - Statement - PreSaveFile = new java.io.File(((pathPrefix + java.lang.Integer.toString(counter)) + .png)): null

2018-12-12 17:43:00 - [TEST_STEP][PASSED] - Statement - counter = counter + 1: null

2018-12-12 17:43:00 - [TEST_STEP][PASSED] - Statement - PreSaveFile = new java.io.File(((pathPrefix + java.lang.Integer.toString(counter)) + .png)): null

2018-12-12 17:43:00 - [TEST_STEP][PASSED] - Statement - counter = counter + 1: null

2018-12-12 17:43:00 - [TEST_STEP][PASSED] - Statement - PreSaveFile = new java.io.File(((pathPrefix + java.lang.Integer.toString(counter)) + .png)): null

2018-12-12 17:43:00 - [TEST_STEP][PASSED] - Statement - counter = counter + 1: null

2018-12-12 17:43:00 - [TEST_STEP][PASSED] - Statement - PreSaveFile = new java.io.File(((pathPrefix + java.lang.Integer.toString(counter)) + .png)): null

2018-12-12 17:43:00 - [TEST_STEP][PASSED] - Statement - counter = counter + 1: null

2018-12-12 17:43:00 - [TEST_STEP][PASSED] - Statement - PreSaveFile = new java.io.File(((pathPrefix + java.lang.Integer.toString(counter)) + .png)): null

2018-12-12 17:43:00 - [TEST_STEP][PASSED] - Statement - counter = counter + 1: null

2018-12-12 17:43:00 - [TEST_STEP][PASSED] - Statement - PreSaveFile = new java.io.File(((pathPrefix + java.lang.Integer.toString(counter)) + .png)): null

2018-12-12 17:43:00 - [TEST_STEP][PASSED] - Statement - counter = counter + 1: null

2018-12-12 17:43:00 - [TEST_STEP][PASSED] - Statement - PreSaveFile = new java.io.File(((pathPrefix + java.lang.Integer.toString(counter)) + .png)): null

2018-12-12 17:43:00 - [TEST_STEP][PASSED] - Statement - counter = counter + 1: null

2018-12-12 17:43:00 - [TEST_STEP][PASSED] - Statement - PreSaveFile = new java.io.File(((pathPrefix + java.lang.Integer.toString(counter)) + .png)): null

2018-12-12 17:43:00 - [TEST_STEP][PASSED] - Statement - counter = counter + 1: null

2018-12-12 17:43:00 - [TEST_STEP][PASSED] - Statement - PreSaveFile = new java.io.File(((pathPrefix + java.lang.Integer.toString(counter)) + .png)): null

2018-12-12 17:43:00 - [TEST_STEP][PASSED] - Statement - counter = counter + 1: null

2018-12-12 17:43:00 - [TEST_STEP][PASSED] - Statement - PreSaveFile = new java.io.File(((pathPrefix + java.lang.Integer.toString(counter)) + .png)): null

2018-12-12 17:43:00 - [TEST_STEP][PASSED] - Statement - counter = counter + 1: null

2018-12-12 17:43:00 - [TEST_STEP][PASSED] - Statement - PreSaveFile = new java.io.File(((pathPrefix + java.lang.Integer.toString(counter)) + .png)): null

2018-12-12 17:43:00 - [TEST_STEP][PASSED] - Statement - counter = counter + 1: null

2018-12-12 17:43:00 - [TEST_STEP][PASSED] - Statement - PreSaveFile = new java.io.File(((pathPrefix + java.lang.Integer.toString(counter)) + .png)): null

2018-12-12 17:43:00 - [TEST_STEP][PASSED] - Statement - counter = counter + 1: null

2018-12-12 17:43:00 - [TEST_STEP][PASSED] - Statement - PreSaveFile = new java.io.File(((pathPrefix + java.lang.Integer.toString(counter)) + .png)): null

2018-12-12 17:43:00 - [TEST_STEP][PASSED] - Statement - counter = counter + 1: null

2018-12-12 17:43:00 - [TEST_STEP][PASSED] - Statement - PreSaveFile = new java.io.File(((pathPrefix + java.lang.Integer.toString(counter)) + .png)): null

2018-12-12 17:43:00 - [TEST_STEP][PASSED] - Statement - counter = counter + 1: null

2018-12-12 17:43:00 - [TEST_STEP][PASSED] - Statement - PreSaveFile = new java.io.File(((pathPrefix + java.lang.Integer.toString(counter)) + .png)): null

2018-12-12 17:43:00 - [TEST_STEP][PASSED] - Statement - counter = counter + 1: null

2018-12-12 17:43:01 - [TEST_STEP][PASSED] - Statement - PreSaveFile = new java.io.File(((pathPrefix + java.lang.Integer.toString(counter)) + .png)): null

2018-12-12 17:43:01 - [TEST_STEP][PASSED] - Statement - counter = counter + 1: null

2018-12-12 17:43:01 - [TEST_STEP][PASSED] - Statement - PreSaveFile = new java.io.File(((pathPrefix + java.lang.Integer.toString(counter)) + .png)): null

2018-12-12 17:43:01 - [TEST_STEP][PASSED] - Statement - counter = counter + 1: null

2018-12-12 17:43:01 - [TEST_STEP][PASSED] - Statement - PreSaveFile = new java.io.File(((pathPrefix + java.lang.Integer.toString(counter)) + .png)): null

2018-12-12 17:43:01 - [TEST_STEP][PASSED] - Statement - counter = counter + 1: null

2018-12-12 17:43:01 - [TEST_STEP][PASSED] - Statement - PreSaveFile = new java.io.File(((pathPrefix + java.lang.Integer.toString(counter)) + .png)): null

2018-12-12 17:43:01 - [TEST_STEP][PASSED] - Statement - counter = counter + 1: null

2018-12-12 17:43:01 - [TEST_STEP][PASSED] - Statement - PreSaveFile = new java.io.File(((pathPrefix + java.lang.Integer.toString(counter)) + .png)): null

2018-12-12 17:43:01 - [TEST_STEP][PASSED] - Statement - counter = counter + 1: null

2018-12-12 17:43:01 - [TEST_STEP][PASSED] - Statement - PreSaveFile = new java.io.File(((pathPrefix + java.lang.Integer.toString(counter)) + .png)): null

2018-12-12 17:43:01 - [TEST_STEP][PASSED] - Statement - counter = counter + 1: null

2018-12-12 17:43:01 - [TEST_STEP][PASSED] - Statement - PreSaveFile = new java.io.File(((pathPrefix + java.lang.Integer.toString(counter)) + .png)): null

2018-12-12 17:43:01 - [TEST_STEP][PASSED] - Statement - counter = counter + 1: null

2018-12-12 17:43:01 - [TEST_STEP][PASSED] - Statement - PreSaveFile = new java.io.File(((pathPrefix + java.lang.Integer.toString(counter)) + .png)): null

2018-12-12 17:43:01 - [TEST_STEP][PASSED] - Statement - counter = counter + 1: null

2018-12-12 17:43:01 - [TEST_STEP][PASSED] - Statement - PreSaveFile = new java.io.File(((pathPrefix + java.lang.Integer.toString(counter)) + .png)): null

2018-12-12 17:43:01 - [TEST_STEP][PASSED] - Statement - counter = counter + 1: null

2018-12-12 17:43:01 - [TEST_STEP][PASSED] - Statement - PreSaveFile = new java.io.File(((pathPrefix + java.lang.Integer.toString(counter)) + .png)): null

2018-12-12 17:43:01 - [TEST_STEP][PASSED] - Statement - finalPath = pathPrefix + java.lang.Integer.toString(counter) + ".png": null

2018-12-12 17:43:01 - [TEST_STEP][PASSED] - Statement - SaveFile = new java.io.File(finalPath): null

2018-12-12 17:43:01 - [TEST_STEP][PASSED] - Statement - Try: null

2018-12-12 17:43:01 - [TEST_STEP][PASSED] - Statement - org.apache.commons.io.FileUtils.copyFile(scrFile, SaveFile): null

2018-12-12 17:43:01 - [TEST_STEP][PASSED] - Statement - out.println("file kept"): null

2018-12-12 17:43:01 - [TEST_STEP][PASSED] - delay: Delayed 10 second(s)

2018-12-12 17:43:11 - [MESSAGE][PASSED] - Delayed 10 second(s)

2018-12-12 17:43:11 - [MESSAGE][PASSED] - Call Test Case 'Test Cases/Final Aug 2018 - PKS Automation/Registration Module/New Registration/Submit and Screenshot/Submit Registration and Screenshot - Copy' successfully

2018-12-12 17:43:11 - [TEST_STEP][PASSED] - Statement - UpdateAddNewECode = com.kms.katalon.core.webui.keyword.WebUiBuiltInKeywords.getText(com.kms.katalon.core.testobject.ObjectRepository.findTestObject(Object Repository/Final Object Repo/Page_Update Add New Employee - ASSIST/getEmpCode)): Text of object 'Object Repository/Final Object Repo/Page_Update Add New Employee - ASSIST/getEmpCode' is: 'E1102070798Z'

2018-12-12 17:43:11 - [MESSAGE][PASSED] - Text of object 'Object Repository/Final Object Repo/Page_Update Add New Employee - ASSIST/getEmpCode' is: 'E1102070798Z'

2018-12-12 17:43:11 - [TEST_STEP][PASSED] - callTestCase: Call Test Case 'Test Cases/Final Aug 2018 - PKS Automation/Common/Emp Code Setter' successfully

2018-12-12 17:43:11 - [TEST_CASE][PASSED] - Test Cases/Final Aug 2018 - PKS Automation/Common/Emp Code Setter: Test Cases/Final Aug 2018 - PKS Automation/Common/Emp Code Setter

2018-12-12 17:43:11 - [TEST_STEP][PASSED] - Statement - EmpCodeOld = new java.io.File(C://Users//Admin//Desktop//PKS//Automation Reference Point//EmpCode.txt): null

2018-12-12 17:43:11 - [TEST_STEP][PASSED] - Statement - EmpCodeOld.delete(): null

2018-12-12 17:43:11 - [TEST_STEP][PASSED] - Statement - EmpCode = new java.io.File(C://Users//Admin//Desktop//PKS//Automation Reference Point//EmpCode.txt): null

2018-12-12 17:43:11 - [TEST_STEP][PASSED] - Statement - f2 = new java.io.FileWriter(EmpCode, false): null

2018-12-12 17:43:11 - [TEST_STEP][PASSED] - Statement - f2.write(UpdateAddNewECode): null

2018-12-12 17:43:11 - [TEST_STEP][PASSED] - Statement - f2.close(): null

2018-12-12 17:43:11 - [TEST_STEP][PASSED] - Statement - out.println("


" + UpdateAddNewECode + "


"): null

2018-12-12 17:43:11 - [MESSAGE][PASSED] - Call Test Case 'Test Cases/Final Aug 2018 - PKS Automation/Common/Emp Code Setter' successfully

2018-12-12 17:43:11 - [MESSAGE][PASSED] - Call Test Case 'Test Cases/Final Aug 2018 - PKS Automation/Registration Module/Workflow/Update Add New Employee/Template/New Company for Update Add New - Employer' successfully

2018-12-12 17:43:11 - [TEST_STEP][PASSED] - callTestCase: Call Test Case 'Test Cases/Final Aug 2018 - PKS Automation/Create Employer Acc/Login to Employer Account (Second time)' successfully

2018-12-12 17:43:11 - [TEST_CASE][PASSED] - Test Cases/Final Aug 2018 - PKS Automation/Create Employer Acc/Login to Employer Account (Second time): Test Cases/Final Aug 2018 - PKS Automation/Create Employer Acc/Login to Employer Account (Second time)

2018-12-12 17:43:11 - [TEST_STEP][PASSED] - openBrowser: Browser is opened with url: ''

2018-12-12 17:43:11 - [MESSAGE][WARNING] - A browser is already opened. Closing browser and opening a new one

2018-12-12 17:43:14 - [MESSAGE][PASSED] - Browser is opened with url: ''

2018-12-12 17:43:14 - [TEST_STEP][PASSED] - navigateToUrl: Navigate to 'https://assist2-uat.perkeso.gov.my/employer/login' successfully

2018-12-12 17:43:15 - [MESSAGE][PASSED] - Navigate to 'https://assist2-uat.perkeso.gov.my/employer/login' successfully

2018-12-12 17:43:15 - [TEST_STEP][PASSED] - delay: Delayed 3 second(s)

2018-12-12 17:43:18 - [MESSAGE][PASSED] - Delayed 3 second(s)

2018-12-12 17:43:18 - [TEST_STEP][PASSED] - callTestCase: Call Test Case 'Test Cases/Final Aug 2018 - PKS Automation/Create Employer Acc/Template/Employer Email Getter' successfully

2018-12-12 17:43:18 - [TEST_CASE][PASSED] - Test Cases/Final Aug 2018 - PKS Automation/Create Employer Acc/Template/Employer Email Getter: Test Cases/Final Aug 2018 - PKS Automation/Create Employer Acc/Template/Employer Email Getter

2018-12-12 17:43:18 - [TEST_STEP][PASSED] - Statement - Try: null

2018-12-12 17:43:18 - [TEST_STEP][PASSED] - Statement - EmpEmail = new java.io.File(C://Users//Admin//Desktop//PKS//Automation Reference Point//EmpEmail.txt): null

2018-12-12 17:43:18 - [TEST_STEP][PASSED] - Statement - bufferread = new java.io.BufferedReader(new java.io.FileReader(EmpEmail)): null

2018-12-12 17:43:18 - [TEST_STEP][PASSED] - Statement - readedVal = bufferread.readLine(): null

2018-12-12 17:43:18 - [TEST_STEP][PASSED] - Statement - out.println(readedVal): null

2018-12-12 17:43:18 - [TEST_STEP][PASSED] - Statement - Email = readedVal: null

2018-12-12 17:43:18 - [MESSAGE][PASSED] - Call Test Case 'Test Cases/Final Aug 2018 - PKS Automation/Create Employer Acc/Template/Employer Email Getter' successfully

2018-12-12 17:43:18 - [TEST_STEP][PASSED] - setText: Text 'perkeso783501857462@gmail.com' is set on object 'Object Repository/Final Object Repo/Login Page/External Login Page/Email'

2018-12-12 17:43:18 - [MESSAGE][PASSED] - Text 'perkeso783501857462@gmail.com' is set on object 'Object Repository/Final Object Repo/Login Page/External Login Page/Email'

2018-12-12 17:43:18 - [TEST_STEP][PASSED] - click: Object: 'Object Repository/Final Object Repo/Login Page/External Login Page/Next' is clicked on

2018-12-12 17:43:18 - [MESSAGE][PASSED] - Object: 'Object Repository/Final Object Repo/Login Page/External Login Page/Next' is clicked on

2018-12-12 17:43:18 - [TEST_STEP][PASSED] - delay: Delayed 3 second(s)

2018-12-12 17:43:21 - [MESSAGE][PASSED] - Delayed 3 second(s)

2018-12-12 17:43:21 - [TEST_STEP][PASSED] - setEncryptedText: Text ****** has been set on object 'Object Repository/Final Object Repo/Login Page/External Login Page/Password'

2018-12-12 17:43:22 - [MESSAGE][PASSED] - Text ****** has been set on object 'Object Repository/Final Object Repo/Login Page/External Login Page/Password'

2018-12-12 17:43:22 - [TEST_STEP][PASSED] - click: Object: 'Object Repository/Final Object Repo/Login Page/External Login Page/Login' is clicked on

2018-12-12 17:43:22 - [MESSAGE][PASSED] - Object: 'Object Repository/Final Object Repo/Login Page/External Login Page/Login' is clicked on

2018-12-12 17:43:22 - [TEST_STEP][PASSED] - delay: Delayed 5 second(s)

2018-12-12 17:43:27 - [MESSAGE][PASSED] - Delayed 5 second(s)

2018-12-12 17:43:27 - [MESSAGE][PASSED] - Call Test Case 'Test Cases/Final Aug 2018 - PKS Automation/Create Employer Acc/Login to Employer Account (Second time)' successfully

2018-12-12 17:43:27 - [TEST_STEP][PASSED] - navigateToUrl: Navigate to 'https://assist2-uat.perkeso.gov.my/web/registration/eis-update/form-3-eis-cessation-as-employer' successfully

2018-12-12 17:43:28 - [MESSAGE][PASSED] - Navigate to 'https://assist2-uat.perkeso.gov.my/web/registration/eis-update/form-3-eis-cessation-as-employer' successfully

2018-12-12 17:43:28 - [TEST_STEP][PASSED] - delay: Delayed 1 second(s)

2018-12-12 17:43:29 - [MESSAGE][PASSED] - Delayed 1 second(s)

2018-12-12 17:43:29 - [TEST_STEP][PASSED] - click: Object: 'Object Repository/Final Object Repo/Page_Form 3 EIS - Cessation as Employer/Edit' is clicked on

2018-12-12 17:43:30 - [MESSAGE][PASSED] - Object: 'Object Repository/Final Object Repo/Page_Form 3 EIS - Cessation as Employer/Edit' is clicked on

2018-12-12 17:43:30 - [TEST_STEP][PASSED] - delay: Delayed 1 second(s)

2018-12-12 17:43:31 - [MESSAGE][PASSED] - Delayed 1 second(s)

2018-12-12 17:43:31 - [TEST_STEP][PASSED] - Statement - abc = com.kms.katalon.core.webui.keyword.WebUiBuiltInKeywords.getAttribute(com.kms.katalon.core.testobject.ObjectRepository.findTestObject(Final Object Repo/Page_Form 3 EIS - Cessation as Employer/Employer Status), "value"): Attribute 'value' of object 'Object Repository/Final Object Repo/Page_Form 3 EIS - Cessation as Employer/Employer Status' is: 'Active'

2018-12-12 17:43:31 - [MESSAGE][PASSED] - Attribute 'value' of object 'Object Repository/Final Object Repo/Page_Form 3 EIS - Cessation as Employer/Employer Status' is: 'Active'

2018-12-12 17:43:31 - [TEST_STEP][PASSED] - Statement - out.println(abc): null

2018-12-12 17:43:31 - [TEST_STEP][PASSED] - Statement - If (abc == "Active"): Object: 'Object Repository/Final Object Repo/Page_Form 3 EIS - Cessation as Employer/Dormant EIS' is clicked on

2018-12-12 17:43:31 - [TEST_STEP][PASSED] - click: Object: 'Object Repository/Final Object Repo/Page_Form 3 EIS - Cessation as Employer/Change Employer Status to' is clicked on

2018-12-12 17:43:31 - [MESSAGE][PASSED] - Object: 'Object Repository/Final Object Repo/Page_Form 3 EIS - Cessation as Employer/Change Employer Status to' is clicked on

2018-12-12 17:43:31 - [TEST_STEP][PASSED] - click: Object: 'Object Repository/Final Object Repo/Page_Form 3 EIS - Cessation as Employer/Dormant EIS' is clicked on

2018-12-12 17:43:31 - [MESSAGE][PASSED] - Object: 'Object Repository/Final Object Repo/Page_Form 3 EIS - Cessation as Employer/Dormant EIS' is clicked on

2018-12-12 17:43:31 - [TEST_STEP][PASSED] - click: Object: 'Object Repository/Final Object Repo/Page_Form 3 EIS - Cessation as Employer/Calender' is clicked on

2018-12-12 17:43:32 - [MESSAGE][PASSED] - Object: 'Object Repository/Final Object Repo/Page_Form 3 EIS - Cessation as Employer/Calender' is clicked on

2018-12-12 17:43:32 - [TEST_STEP][PASSED] - delay: Delayed 1 second(s)

2018-12-12 17:43:33 - [MESSAGE][PASSED] - Delayed 1 second(s)

2018-12-12 17:43:33 - [TEST_STEP][PASSED] - click: Object: 'Object Repository/Final Object Repo/Page_Form 3 EIS - Cessation as Employer/Calender - Date' is clicked on

2018-12-12 17:43:33 - [MESSAGE][PASSED] - Object: 'Object Repository/Final Object Repo/Page_Form 3 EIS - Cessation as Employer/Calender - Date' is clicked on

2018-12-12 17:43:33 - [TEST_STEP][PASSED] - click: Object: 'Object Repository/Final Object Repo/Page_Form 3 EIS - Cessation as Employer/Save  Continue in Form 3 EIS Page' is clicked on

2018-12-12 17:43:33 - [MESSAGE][PASSED] - Object: 'Object Repository/Final Object Repo/Page_Form 3 EIS - Cessation as Employer/Save  Continue in Form 3 EIS Page' is clicked on

2018-12-12 17:43:33 - [TEST_STEP][PASSED] - delay: Delayed 1 second(s)

2018-12-12 17:43:34 - [MESSAGE][PASSED] - Delayed 1 second(s)

2018-12-12 17:43:34 - [TEST_STEP][PASSED] - click: Object: 'Object Repository/Final Object Repo/Page_Form 3 EIS - Cessation as Employer/Employment Resign Date' is clicked on

2018-12-12 17:43:34 - [MESSAGE][PASSED] - Object: 'Object Repository/Final Object Repo/Page_Form 3 EIS - Cessation as Employer/Employment Resign Date' is clicked on

2018-12-12 17:43:34 - [TEST_STEP][PASSED] - selectOptionByValue: All options with value '2019' are selected in object 'Object Repository/Final Object Repo/Page_Form 3 EIS - Cessation as Employer/Employment Resign Date - Year' 

2018-12-12 17:43:35 - [MESSAGE][PASSED] - All options with value '2019' are selected in object 'Object Repository/Final Object Repo/Page_Form 3 EIS - Cessation as Employer/Employment Resign Date - Year' 

2018-12-12 17:43:35 - [TEST_STEP][PASSED] - delay: Delayed 2 second(s)

2018-12-12 17:43:37 - [MESSAGE][PASSED] - Delayed 2 second(s)

2018-12-12 17:43:37 - [TEST_STEP][PASSED] - click: Object: 'Object Repository/Final Object Repo/Page_Form 3 EIS - Cessation as Employer/Employment Resign Date - Year - Date' is clicked on

2018-12-12 17:43:37 - [MESSAGE][PASSED] - Object: 'Object Repository/Final Object Repo/Page_Form 3 EIS - Cessation as Employer/Employment Resign Date - Year - Date' is clicked on

2018-12-12 17:43:37 - [TEST_STEP][PASSED] - delay: Delayed 2 second(s)

2018-12-12 17:43:39 - [MESSAGE][PASSED] - Delayed 2 second(s)

2018-12-12 17:43:39 - [TEST_STEP][PASSED] - click: Object: 'Object Repository/Final Object Repo/Page_Form 3 EIS - Cessation as Employer/Save  Continue in Employment Resign Page' is clicked on

2018-12-12 17:43:39 - [MESSAGE][PASSED] - Object: 'Object Repository/Final Object Repo/Page_Form 3 EIS - Cessation as Employer/Save  Continue in Employment Resign Page' is clicked on

2018-12-12 17:43:39 - [TEST_STEP][PASSED] - delay: Delayed 2 second(s)

2018-12-12 17:43:41 - [MESSAGE][PASSED] - Delayed 2 second(s)

2018-12-12 17:43:41 - [TEST_STEP][PASSED] - click: Object: 'Object Repository/Final Object Repo/Page_Form 3 EIS - Cessation as Employer/Set Latest - Yes' is clicked on

2018-12-12 17:43:41 - [MESSAGE][PASSED] - Object: 'Object Repository/Final Object Repo/Page_Form 3 EIS - Cessation as Employer/Set Latest - Yes' is clicked on

2018-12-12 17:43:41 - [TEST_STEP][PASSED] - delay: Delayed 2 second(s)

2018-12-12 17:43:43 - [MESSAGE][PASSED] - Delayed 2 second(s)

2018-12-12 17:43:43 - [TEST_STEP][PASSED] - click: Object: 'Object Repository/Final Object Repo/Page_Form 3 EIS - Cessation as Employer/Add Document' is clicked on

2018-12-12 17:43:44 - [MESSAGE][PASSED] - Object: 'Object Repository/Final Object Repo/Page_Form 3 EIS - Cessation as Employer/Add Document' is clicked on

2018-12-12 17:43:44 - [TEST_STEP][PASSED] - delay: Delayed 3 second(s)

2018-12-12 17:43:47 - [MESSAGE][PASSED] - Delayed 3 second(s)

2018-12-12 17:43:47 - [TEST_STEP][PASSED] - click: Object: 'Object Repository/Final Object Repo/Page_Form 3 EIS - Cessation as Employer/Document Type' is clicked on

2018-12-12 17:43:47 - [MESSAGE][PASSED] - Object: 'Object Repository/Final Object Repo/Page_Form 3 EIS - Cessation as Employer/Document Type' is clicked on

2018-12-12 17:43:47 - [TEST_STEP][PASSED] - click: Object: 'Object Repository/Final Object Repo/Page_Form 3 EIS - Cessation as Employer/Document Type - Form 3' is clicked on

2018-12-12 17:43:48 - [MESSAGE][PASSED] - Object: 'Object Repository/Final Object Repo/Page_Form 3 EIS - Cessation as Employer/Document Type - Form 3' is clicked on

2018-12-12 17:43:48 - [TEST_STEP][PASSED] - delay: Delayed 2 second(s)

2018-12-12 17:43:50 - [MESSAGE][PASSED] - Delayed 2 second(s)

2018-12-12 17:43:50 - [TEST_STEP][PASSED] - sendKeys: Keys 'C:\Users\Public\Pictures\Sample Pictures\Koala.jpg' sent to object: 'Object Repository/Final Object Repo/Page_Form 3 EIS - Cessation as Employer/ploading File'

2018-12-12 17:43:50 - [MESSAGE][PASSED] - Keys 'C:\Users\Public\Pictures\Sample Pictures\Koala.jpg' sent to object: 'Object Repository/Final Object Repo/Page_Form 3 EIS - Cessation as Employer/ploading File'

2018-12-12 17:43:50 - [TEST_STEP][PASSED] - delay: Delayed 1 second(s)

2018-12-12 17:43:51 - [MESSAGE][PASSED] - Delayed 1 second(s)

2018-12-12 17:43:51 - [TEST_STEP][PASSED] - click: Object: 'Object Repository/Final Object Repo/Page_Form 3 EIS - Cessation as Employer/Add Document in Uploading Page' is clicked on

2018-12-12 17:43:51 - [MESSAGE][PASSED] - Object: 'Object Repository/Final Object Repo/Page_Form 3 EIS - Cessation as Employer/Add Document in Uploading Page' is clicked on

2018-12-12 17:43:51 - [TEST_STEP][PASSED] - delay: Delayed 2 second(s)

2018-12-12 17:43:53 - [MESSAGE][PASSED] - Delayed 2 second(s)

2018-12-12 17:43:53 - [TEST_STEP][PASSED] - Statement - CaseReferenceNo = com.kms.katalon.core.webui.keyword.WebUiBuiltInKeywords.getText(com.kms.katalon.core.testobject.ObjectRepository.findTestObject(Final Object Repo/Page_Update Employer Information/Reference Number in Update Employee Information Page)): Text of object 'Object Repository/Final Object Repo/Page_Update Employer Information/Reference Number in Update Employee Information Page' is: 'ERN122018C200002403'

2018-12-12 17:43:55 - [MESSAGE][PASSED] - Text of object 'Object Repository/Final Object Repo/Page_Update Employer Information/Reference Number in Update Employee Information Page' is: 'ERN122018C200002403'

2018-12-12 17:43:55 - [TEST_STEP][PASSED] - callTestCase: Call Test Case 'Test Cases/Final Aug 2018 - PKS Automation/Common/Reference Number Setter' successfully

2018-12-12 17:43:55 - [TEST_CASE][PASSED] - Test Cases/Final Aug 2018 - PKS Automation/Common/Reference Number Setter: Test Cases/Final Aug 2018 - PKS Automation/Common/Reference Number Setter

2018-12-12 17:43:55 - [TEST_STEP][PASSED] - Statement - RefNoOldFile = new java.io.File(C://Users//Admin//Desktop//PKS//Automation Reference Point//KatalonReference.txt): null

2018-12-12 17:43:55 - [TEST_STEP][PASSED] - Statement - RefNoOldFile.delete(): null

2018-12-12 17:43:55 - [TEST_STEP][PASSED] - delay: Delayed 5 second(s)

2018-12-12 17:44:00 - [MESSAGE][PASSED] - Delayed 5 second(s)

2018-12-12 17:44:00 - [TEST_STEP][PASSED] - Statement - RefNo = new java.io.File(C://Users//Admin//Desktop//PKS//Automation Reference Point//KatalonReference.txt): null

2018-12-12 17:44:00 - [TEST_STEP][PASSED] - Statement - f2 = new java.io.FileWriter(RefNo, false): null

2018-12-12 17:44:00 - [TEST_STEP][PASSED] - Statement - f2.write(CaseReferenceNo): null

2018-12-12 17:44:00 - [TEST_STEP][PASSED] - Statement - f2.close(): null

2018-12-12 17:44:00 - [TEST_STEP][PASSED] - Statement - out.println("


" + CaseReferenceNo + "


"): null

2018-12-12 17:44:00 - [MESSAGE][PASSED] - Call Test Case 'Test Cases/Final Aug 2018 - PKS Automation/Common/Reference Number Setter' successfully

2018-12-12 17:44:00 - [TEST_STEP][PASSED] - delay: Delayed 2 second(s)

2018-12-12 17:44:02 - [MESSAGE][PASSED] - Delayed 2 second(s)

2018-12-12 17:44:02 - [TEST_STEP][PASSED] - click: Object: 'Object Repository/Final Object Repo/Page_Form 3 EIS - Cessation as Employer/Save  Continue in Uploading Page' is clicked on

2018-12-12 17:44:02 - [MESSAGE][PASSED] - Object: 'Object Repository/Final Object Repo/Page_Form 3 EIS - Cessation as Employer/Save  Continue in Uploading Page' is clicked on

2018-12-12 17:44:02 - [TEST_STEP][PASSED] - delay: Delayed 2 second(s)

2018-12-12 17:44:04 - [MESSAGE][PASSED] - Delayed 2 second(s)

2018-12-12 17:44:04 - [TEST_STEP][PASSED] - click: Object: 'Object Repository/Final Object Repo/Page_Form 3 EIS - Cessation as Employer/Submit' is clicked on

2018-12-12 17:44:07 - [MESSAGE][PASSED] - Object: 'Object Repository/Final Object Repo/Page_Form 3 EIS - Cessation as Employer/Submit' is clicked on

2018-12-12 17:44:07 - [TEST_STEP][PASSED] - delay: Delayed 2 second(s)

2018-12-12 17:44:09 - [MESSAGE][PASSED] - Delayed 2 second(s)

2018-12-12 17:44:09 - [TEST_STEP][PASSED] - click: Object: 'Object Repository/Final Object Repo/Page_Form 3 EIS - Cessation as Employer/Confirm' is clicked on

2018-12-12 17:44:09 - [MESSAGE][PASSED] - Object: 'Object Repository/Final Object Repo/Page_Form 3 EIS - Cessation as Employer/Confirm' is clicked on

2018-12-12 17:44:09 - [TEST_STEP][PASSED] - delay: Delayed 2 second(s)

2018-12-12 17:44:11 - [MESSAGE][PASSED] - Delayed 2 second(s)

2018-12-12 17:44:11 - [TEST_STEP][PASSED] - click: Object: 'Object Repository/Final Object Repo/Page_Form 3 EIS - Cessation as Employer/Message Your Request will be routed to UO' is clicked on

2018-12-12 17:44:15 - [MESSAGE][PASSED] - Object: 'Object Repository/Final Object Repo/Page_Form 3 EIS - Cessation as Employer/Message Your Request will be routed to UO' is clicked on

2018-12-12 17:44:15 - [TEST_STEP][PASSED] - click: Object: 'Object Repository/Final Object Repo/Page_Form 3 EIS - Cessation as Employer/Letter of acknowledgement' is clicked on

2018-12-12 17:44:16 - [MESSAGE][PASSED] - Object: 'Object Repository/Final Object Repo/Page_Form 3 EIS - Cessation as Employer/Letter of acknowledgement' is clicked on

2018-12-12 17:44:16 - [MESSAGE][PASSED] - Call Test Case 'Test Cases/Final Aug 2018 - PKS Automation/Registration Module/Workflow/Form 3 EIS - Cessation As Employer/Template/Form 3 A - Cessation As Employer (Employer)' successfully

2018-12-12 17:44:16 - [TEST_STEP][PASSED] - callTestCase: Call Test Case 'Test Cases/Final Aug 2018 - PKS Automation/Registration Module/Workflow/Form 3 EIS - Cessation As Employer/Template/Form 3 A - Cessation As Employer (Reject)' successfully

2018-12-12 17:44:16 - [TEST_CASE][PASSED] - Test Cases/Final Aug 2018 - PKS Automation/Registration Module/Workflow/Form 3 EIS - Cessation As Employer/Template/Form 3 A - Cessation As Employer (Reject): Test Cases/Final Aug 2018 - PKS Automation/Registration Module/Workflow/Form 3 EIS - Cessation As Employer/Template/Form 3 A - Cessation As Employer (Reject)

2018-12-12 17:44:16 - [TEST_STEP][NOT_RUN] - callTestCase: NOT_RUN: callTestCase

2018-12-12 17:44:16 - [MESSAGE][NOT_RUN] - NOT_RUN: callTestCase

2018-12-12 17:44:16 - [TEST_STEP][PASSED] - delay: Delayed 1 second(s)

2018-12-12 17:44:17 - [MESSAGE][PASSED] - Delayed 1 second(s)

2018-12-12 17:44:17 - [TEST_STEP][PASSED] - navigateToUrl: Navigate to 'https://assist2-uat.perkeso.gov.my/c/portal/logout' successfully

2018-12-12 17:44:18 - [MESSAGE][PASSED] - Navigate to 'https://assist2-uat.perkeso.gov.my/c/portal/logout' successfully

2018-12-12 17:44:18 - [TEST_STEP][PASSED] - delay: Delayed 1 second(s)

2018-12-12 17:44:19 - [MESSAGE][PASSED] - Delayed 1 second(s)

2018-12-12 17:44:19 - [TEST_STEP][PASSED] - callTestCase: Call Test Case 'Test Cases/Final Aug 2018 - PKS Automation/Common/Reference Number Getter' successfully

2018-12-12 17:44:19 - [TEST_CASE][PASSED] - Test Cases/Final Aug 2018 - PKS Automation/Common/Reference Number Getter: Test Cases/Final Aug 2018 - PKS Automation/Common/Reference Number Getter

2018-12-12 17:44:19 - [TEST_STEP][PASSED] - Statement - Try: null

2018-12-12 17:44:19 - [TEST_STEP][PASSED] - Statement - RefNo = new java.io.File(C://Users//Admin//Desktop//PKS//Automation Reference Point//KatalonReference.txt): null

2018-12-12 17:44:19 - [TEST_STEP][PASSED] - Statement - bufferread = new java.io.BufferedReader(new java.io.FileReader(RefNo)): null

2018-12-12 17:44:19 - [TEST_STEP][PASSED] - Statement - readedVal = bufferread.readLine(): null

2018-12-12 17:44:19 - [TEST_STEP][PASSED] - Statement - out.println(CaseReferenceNo): null

2018-12-12 17:44:19 - [TEST_STEP][PASSED] - Statement - out.println(readedVal): null

2018-12-12 17:44:19 - [TEST_STEP][PASSED] - Statement - CaseReferenceNo = "": null

2018-12-12 17:44:19 - [TEST_STEP][PASSED] - Statement - CaseReferenceNo = readedVal: null

2018-12-12 17:44:19 - [MESSAGE][PASSED] - Call Test Case 'Test Cases/Final Aug 2018 - PKS Automation/Common/Reference Number Getter' successfully

2018-12-12 17:44:19 - [TEST_STEP][PASSED] - callTestCase: Call Test Case 'Test Cases/Final Aug 2018 - PKS Automation/Common/Workflow Owner Finder' successfully

2018-12-12 17:44:19 - [TEST_CASE][PASSED] - Test Cases/Final Aug 2018 - PKS Automation/Common/Workflow Owner Finder: Test Cases/Final Aug 2018 - PKS Automation/Common/Workflow Owner Finder

2018-12-12 17:44:19 - [TEST_STEP][PASSED] - openBrowser: Browser is opened with url: ''

2018-12-12 17:44:19 - [MESSAGE][WARNING] - A browser is already opened. Closing browser and opening a new one

2018-12-12 17:44:22 - [MESSAGE][PASSED] - Browser is opened with url: ''

2018-12-12 17:44:22 - [TEST_STEP][PASSED] - navigateToUrl: Navigate to 'https://assist2-uat.perkeso.gov.my/login' successfully

2018-12-12 17:44:23 - [MESSAGE][PASSED] - Navigate to 'https://assist2-uat.perkeso.gov.my/login' successfully

2018-12-12 17:44:23 - [TEST_STEP][PASSED] - delay: Delayed 5 second(s)

2018-12-12 17:44:28 - [MESSAGE][PASSED] - Delayed 5 second(s)

2018-12-12 17:44:28 - [TEST_STEP][PASSED] - setText: Text 'test@liferay.com' is set on object 'Object Repository/Final Object Repo/Login Page/Internal User/Email Address'

2018-12-12 17:44:29 - [MESSAGE][PASSED] - Text 'test@liferay.com' is set on object 'Object Repository/Final Object Repo/Login Page/Internal User/Email Address'

2018-12-12 17:44:29 - [TEST_STEP][PASSED] - click: Object: 'Object Repository/Final Object Repo/Login Page/Internal User/Next Button' is clicked on

2018-12-12 17:44:29 - [MESSAGE][PASSED] - Object: 'Object Repository/Final Object Repo/Login Page/Internal User/Next Button' is clicked on

2018-12-12 17:44:29 - [TEST_STEP][PASSED] - delay: Delayed 2 second(s)

2018-12-12 17:44:31 - [MESSAGE][PASSED] - Delayed 2 second(s)

2018-12-12 17:44:31 - [TEST_STEP][PASSED] - setText: Text 'test' is set on object 'Object Repository/Final Object Repo/Login Page/Internal User/Password'

2018-12-12 17:44:31 - [MESSAGE][PASSED] - Text 'test' is set on object 'Object Repository/Final Object Repo/Login Page/Internal User/Password'

2018-12-12 17:44:31 - [TEST_STEP][PASSED] - delay: Delayed 2 second(s)

2018-12-12 17:44:33 - [MESSAGE][PASSED] - Delayed 2 second(s)

2018-12-12 17:44:33 - [TEST_STEP][PASSED] - click: Object: 'Object Repository/Final Object Repo/Login Page/Internal User/Login Button' is clicked on

2018-12-12 17:44:33 - [MESSAGE][PASSED] - Object: 'Object Repository/Final Object Repo/Login Page/Internal User/Login Button' is clicked on

2018-12-12 17:44:33 - [TEST_STEP][PASSED] - Statement - tester = com.kms.katalon.core.testobject.ObjectRepository.findTestObject(Final Object Repo/Landing Page/Select to English): Finding Test Object with id 'Object Repository/Final Object Repo/Landing Page/Select to English'

2018-12-12 17:44:33 - [TEST_STEP][PASSED] - Statement - Try: Delayed 2 second(s)

2018-12-12 17:44:33 - [TEST_STEP][PASSED] - Statement - Checker = com.kms.katalon.core.webui.keyword.WebUiBuiltInKeywords.verifyElementNotPresent(tester, 3): Web element with id: 'Object Repository/Final Object Repo/Landing Page/Select to English' located by 'By.xpath: //a[@class = 'taglib-language-list-text' and @lang = 'en-US' and (contains(text(), 'EN') or contains(., 'EN'))]' is not present after '3' second(s)

2018-12-12 17:44:35 - [MESSAGE][PASSED] - Web element with id: 'Object Repository/Final Object Repo/Landing Page/Select to English' located by 'By.xpath: //a[@class = 'taglib-language-list-text' and @lang = 'en-US' and (contains(text(), 'EN') or contains(., 'EN'))]' is not present after '3' second(s)

2018-12-12 17:44:35 - [TEST_STEP][PASSED] - Statement - If (Checker == false): null

2018-12-12 17:44:35 - [TEST_STEP][PASSED] - delay: Delayed 2 second(s)

2018-12-12 17:44:37 - [MESSAGE][PASSED] - Delayed 2 second(s)

2018-12-12 17:44:37 - [TEST_STEP][PASSED] - delay: Delayed 5 second(s)

2018-12-12 17:44:42 - [MESSAGE][PASSED] - Delayed 5 second(s)

2018-12-12 17:44:42 - [TEST_STEP][PASSED] - mouseOver: Object: 'Object Repository/Final Object Repo/Landing Page/WorkFlow Menu' is hovered

2018-12-12 17:44:42 - [MESSAGE][PASSED] - Object: 'Object Repository/Final Object Repo/Landing Page/WorkFlow Menu' is hovered

2018-12-12 17:44:42 - [TEST_STEP][PASSED] - delay: Delayed 2 second(s)

2018-12-12 17:44:44 - [MESSAGE][PASSED] - Delayed 2 second(s)

2018-12-12 17:44:44 - [TEST_STEP][PASSED] - click: Object: 'Object Repository/Final Object Repo/Landing Page/Select to Workflow Listing' is clicked on

2018-12-12 17:44:46 - [MESSAGE][PASSED] - Object: 'Object Repository/Final Object Repo/Landing Page/Select to Workflow Listing' is clicked on

2018-12-12 17:44:46 - [TEST_STEP][PASSED] - delay: Delayed 2 second(s)

2018-12-12 17:44:48 - [MESSAGE][PASSED] - Delayed 2 second(s)

2018-12-12 17:44:48 - [TEST_STEP][PASSED] - click: Object: 'Object Repository/Final Object Repo/WorkFlow Listing Page/Search Information - To Put Ref No' is clicked on

2018-12-12 17:44:48 - [MESSAGE][PASSED] - Object: 'Object Repository/Final Object Repo/WorkFlow Listing Page/Search Information - To Put Ref No' is clicked on

2018-12-12 17:44:48 - [TEST_STEP][PASSED] - delay: Delayed 2 second(s)

2018-12-12 17:44:50 - [MESSAGE][PASSED] - Delayed 2 second(s)

2018-12-12 17:44:50 - [TEST_STEP][PASSED] - callTestCase: Call Test Case 'Test Cases/Final Aug 2018 - PKS Automation/Common/Reference Number Getter' successfully

2018-12-12 17:44:50 - [TEST_CASE][PASSED] - Test Cases/Final Aug 2018 - PKS Automation/Common/Reference Number Getter: Test Cases/Final Aug 2018 - PKS Automation/Common/Reference Number Getter

2018-12-12 17:44:50 - [TEST_STEP][PASSED] - Statement - Try: null

2018-12-12 17:44:50 - [TEST_STEP][PASSED] - Statement - RefNo = new java.io.File(C://Users//Admin//Desktop//PKS//Automation Reference Point//KatalonReference.txt): null

2018-12-12 17:44:50 - [TEST_STEP][PASSED] - Statement - bufferread = new java.io.BufferedReader(new java.io.FileReader(RefNo)): null

2018-12-12 17:44:50 - [TEST_STEP][PASSED] - Statement - readedVal = bufferread.readLine(): null

2018-12-12 17:44:50 - [TEST_STEP][PASSED] - Statement - out.println(CaseReferenceNo): null

2018-12-12 17:44:50 - [TEST_STEP][PASSED] - Statement - out.println(readedVal): null

2018-12-12 17:44:50 - [TEST_STEP][PASSED] - Statement - CaseReferenceNo = "": null

2018-12-12 17:44:50 - [TEST_STEP][PASSED] - Statement - CaseReferenceNo = readedVal: null

2018-12-12 17:44:50 - [MESSAGE][PASSED] - Call Test Case 'Test Cases/Final Aug 2018 - PKS Automation/Common/Reference Number Getter' successfully

2018-12-12 17:44:50 - [TEST_STEP][PASSED] - setText: Text 'ERN122018C200002403' is set on object 'Object Repository/Final Object Repo/WorkFlow Listing Page/Ref No Set Text'

2018-12-12 17:44:50 - [MESSAGE][PASSED] - Text 'ERN122018C200002403' is set on object 'Object Repository/Final Object Repo/WorkFlow Listing Page/Ref No Set Text'

2018-12-12 17:44:50 - [TEST_STEP][PASSED] - delay: Delayed 2 second(s)

2018-12-12 17:44:52 - [MESSAGE][PASSED] - Delayed 2 second(s)

2018-12-12 17:44:52 - [TEST_STEP][PASSED] - click: Object: 'Object Repository/Final Object Repo/WorkFlow Listing Page/Search Ref No Search Button' is clicked on

2018-12-12 17:44:53 - [MESSAGE][PASSED] - Object: 'Object Repository/Final Object Repo/WorkFlow Listing Page/Search Ref No Search Button' is clicked on

2018-12-12 17:44:53 - [TEST_STEP][PASSED] - delay: Delayed 6 second(s)

2018-12-12 17:44:59 - [MESSAGE][PASSED] - Delayed 6 second(s)

2018-12-12 17:44:59 - [TEST_STEP][PASSED] - click: Object: 'Object Repository/Final Object Repo/WorkFlow Listing Page/Click Continue Tooltip' is clicked on

2018-12-12 17:44:59 - [MESSAGE][PASSED] - Object: 'Object Repository/Final Object Repo/WorkFlow Listing Page/Click Continue Tooltip' is clicked on

2018-12-12 17:44:59 - [TEST_STEP][PASSED] - delay: Delayed 5 second(s)

2018-12-12 17:45:04 - [MESSAGE][PASSED] - Delayed 5 second(s)

2018-12-12 17:45:04 - [TEST_STEP][PASSED] - doubleClick: Object: 'Object Repository/Final Object Repo/WorkFlow Listing Page/Workflow Found - Listing 1' is double clicked on

2018-12-12 17:45:05 - [MESSAGE][PASSED] - Object: 'Object Repository/Final Object Repo/WorkFlow Listing Page/Workflow Found - Listing 1' is double clicked on

2018-12-12 17:45:05 - [TEST_STEP][PASSED] - Statement - println(OwnerID): null

2018-12-12 17:45:05 - [TEST_STEP][PASSED] - Statement - OwnerID = com.kms.katalon.core.webui.keyword.WebUiBuiltInKeywords.getText(com.kms.katalon.core.testobject.ObjectRepository.findTestObject(Final Object Repo/WorkFlow Listing Page/Workflow Found - Listing 1), STOP_ON_FAILURE): Text of object 'Object Repository/Final Object Repo/WorkFlow Listing Page/Workflow Found - Listing 1' is: 'JOHORuo1'

2018-12-12 17:45:05 - [MESSAGE][PASSED] - Text of object 'Object Repository/Final Object Repo/WorkFlow Listing Page/Workflow Found - Listing 1' is: 'JOHORuo1'

2018-12-12 17:45:05 - [TEST_STEP][PASSED] - Statement - OwnerID = OwnerID.toLowerCase() + "@gmail.com": null

2018-12-12 17:45:05 - [TEST_STEP][PASSED] - Statement - println(OwnerID): null

2018-12-12 17:45:05 - [TEST_STEP][PASSED] - delay: Delayed 2 second(s)

2018-12-12 17:45:07 - [MESSAGE][PASSED] - Delayed 2 second(s)

2018-12-12 17:45:07 - [MESSAGE][PASSED] - Call Test Case 'Test Cases/Final Aug 2018 - PKS Automation/Common/Workflow Owner Finder' successfully

2018-12-12 17:45:07 - [TEST_STEP][PASSED] - delay: Delayed 1 second(s)

2018-12-12 17:45:08 - [MESSAGE][PASSED] - Delayed 1 second(s)

2018-12-12 17:45:08 - [TEST_STEP][PASSED] - navigateToUrl: Navigate to 'https://assist2-uat.perkeso.gov.my/c/portal/logout' successfully

2018-12-12 17:45:08 - [MESSAGE][PASSED] - Navigate to 'https://assist2-uat.perkeso.gov.my/c/portal/logout' successfully

2018-12-12 17:45:08 - [TEST_STEP][PASSED] - delay: Delayed 1 second(s)

2018-12-12 17:45:09 - [MESSAGE][PASSED] - Delayed 1 second(s)

2018-12-12 17:45:09 - [TEST_STEP][PASSED] - callTestCase: Call Test Case 'Test Cases/Final Aug 2018 - PKS Automation/Registration Module/Workflow/Login and Search Case For Workflow' successfully

2018-12-12 17:45:09 - [TEST_CASE][PASSED] - Test Cases/Final Aug 2018 - PKS Automation/Registration Module/Workflow/Login and Search Case For Workflow: Test Cases/Final Aug 2018 - PKS Automation/Registration Module/Workflow/Login and Search Case For Workflow

2018-12-12 17:45:09 - [TEST_STEP][PASSED] - navigateToUrl: Navigate to 'https://assist2-uat.perkeso.gov.my/login' successfully

2018-12-12 17:45:10 - [MESSAGE][PASSED] - Navigate to 'https://assist2-uat.perkeso.gov.my/login' successfully

2018-12-12 17:45:10 - [TEST_STEP][PASSED] - setText: Text 'johoruo1@gmail.com' is set on object 'Object Repository/Final Object Repo/Login Page/Internal User/Email Address'

2018-12-12 17:45:10 - [MESSAGE][PASSED] - Text 'johoruo1@gmail.com' is set on object 'Object Repository/Final Object Repo/Login Page/Internal User/Email Address'

2018-12-12 17:45:10 - [TEST_STEP][PASSED] - click: Object: 'Object Repository/Final Object Repo/Login Page/Internal User/Next Button' is clicked on

2018-12-12 17:45:11 - [MESSAGE][PASSED] - Object: 'Object Repository/Final Object Repo/Login Page/Internal User/Next Button' is clicked on

2018-12-12 17:45:11 - [TEST_STEP][PASSED] - delay: Delayed 1 second(s)

2018-12-12 17:45:12 - [MESSAGE][PASSED] - Delayed 1 second(s)

2018-12-12 17:45:12 - [TEST_STEP][PASSED] - setEncryptedText: Text ****** has been set on object 'Object Repository/Final Object Repo/Login Page/Internal User/Password'

2018-12-12 17:45:12 - [MESSAGE][PASSED] - Text ****** has been set on object 'Object Repository/Final Object Repo/Login Page/Internal User/Password'

2018-12-12 17:45:12 - [TEST_STEP][PASSED] - click: Object: 'Object Repository/Final Object Repo/Login Page/Internal User/Login Button' is clicked on

2018-12-12 17:45:12 - [MESSAGE][PASSED] - Object: 'Object Repository/Final Object Repo/Login Page/Internal User/Login Button' is clicked on

2018-12-12 17:45:12 - [TEST_STEP][PASSED] - delay: Delayed 2 second(s)

2018-12-12 17:45:14 - [MESSAGE][PASSED] - Delayed 2 second(s)

2018-12-12 17:45:14 - [TEST_STEP][PASSED] - Statement - Try: Delayed 2 second(s)

2018-12-12 17:45:14 - [TEST_STEP][PASSED] - Statement - Checker = false: null

2018-12-12 17:45:14 - [TEST_STEP][PASSED] - Statement - Checker = com.kms.katalon.core.webui.keyword.WebUiBuiltInKeywords.verifyElementHasAttribute(com.kms.katalon.core.testobject.ObjectRepository.findTestObject(Final Object Repo/Landing Page/BM Detecting), "href", 20, OPTIONAL): Object 'Object Repository/Final Object Repo/Landing Page/BM Detecting' has attribute 'href'

2018-12-12 17:45:14 - [MESSAGE][PASSED] - Object 'Object Repository/Final Object Repo/Landing Page/BM Detecting' has attribute 'href'

2018-12-12 17:45:14 - [TEST_STEP][PASSED] - Statement - out.println(Checker): null

2018-12-12 17:45:14 - [TEST_STEP][PASSED] - Statement - If (Checker == false): null

2018-12-12 17:45:14 - [TEST_STEP][PASSED] - Statement - Else: null

2018-12-12 17:45:14 - [TEST_STEP][PASSED] - delay: Delayed 2 second(s)

2018-12-12 17:45:16 - [MESSAGE][PASSED] - Delayed 2 second(s)

2018-12-12 17:45:16 - [TEST_STEP][PASSED] - click: Object: 'Object Repository/Final Object Repo/Page_MyASSIST - ASSIST - Search Pending Case For Add Supporting Document/Search Information' is clicked on

2018-12-12 17:45:16 - [MESSAGE][PASSED] - Object: 'Object Repository/Final Object Repo/Page_MyASSIST - ASSIST - Search Pending Case For Add Supporting Document/Search Information' is clicked on

2018-12-12 17:45:16 - [TEST_STEP][PASSED] - delay: Delayed 3 second(s)

2018-12-12 17:45:19 - [MESSAGE][PASSED] - Delayed 3 second(s)

2018-12-12 17:45:19 - [TEST_STEP][PASSED] - sendKeys: Keys 'ERN122018C200002403' sent to object: 'Object Repository/Final Object Repo/Page_MyASSIST - ASSIST - Search Pending Case For Add Supporting Document/Reference No'

2018-12-12 17:45:19 - [MESSAGE][PASSED] - Keys 'ERN122018C200002403' sent to object: 'Object Repository/Final Object Repo/Page_MyASSIST - ASSIST - Search Pending Case For Add Supporting Document/Reference No'

2018-12-12 17:45:19 - [TEST_STEP][PASSED] - click: Object: 'Object Repository/Final Object Repo/Page_MyASSIST - ASSIST - Search Pending Case For Add Supporting Document/Search Reference No' is clicked on

2018-12-12 17:45:20 - [MESSAGE][PASSED] - Object: 'Object Repository/Final Object Repo/Page_MyASSIST - ASSIST - Search Pending Case For Add Supporting Document/Search Reference No' is clicked on

2018-12-12 17:45:20 - [TEST_STEP][PASSED] - delay: Delayed 2 second(s)

2018-12-12 17:45:22 - [MESSAGE][PASSED] - Delayed 2 second(s)

2018-12-12 17:45:22 - [TEST_STEP][PASSED] - click: Object: 'Object Repository/Final Object Repo/Page_MyASSIST - ASSIST - Search Pending Case For Add Supporting Document/Continue' is clicked on

2018-12-12 17:45:25 - [MESSAGE][PASSED] - Object: 'Object Repository/Final Object Repo/Page_MyASSIST - ASSIST - Search Pending Case For Add Supporting Document/Continue' is clicked on

2018-12-12 17:45:25 - [TEST_STEP][PASSED] - delay: Delayed 20 second(s)

2018-12-12 17:45:45 - [MESSAGE][PASSED] - Delayed 20 second(s)

2018-12-12 17:45:45 - [MESSAGE][PASSED] - Call Test Case 'Test Cases/Final Aug 2018 - PKS Automation/Registration Module/Workflow/Login and Search Case For Workflow' successfully

2018-12-12 17:45:45 - [TEST_STEP][PASSED] - click: Object: 'Object Repository/Final Object Repo/Page_Form 3 EIS - Cessation as Employer/Page_Form 3 EIS - Cessation as Employer (Approve)/Save  Continue in Form 3 Page' is clicked on

2018-12-12 17:45:45 - [MESSAGE][PASSED] - Object: 'Object Repository/Final Object Repo/Page_Form 3 EIS - Cessation as Employer/Page_Form 3 EIS - Cessation as Employer (Approve)/Save  Continue in Form 3 Page' is clicked on

2018-12-12 17:45:45 - [TEST_STEP][PASSED] - delay: Delayed 2 second(s)

2018-12-12 17:45:47 - [MESSAGE][PASSED] - Delayed 2 second(s)

2018-12-12 17:45:47 - [TEST_STEP][PASSED] - click: Object: 'Object Repository/Final Object Repo/Page_Form 3 EIS - Cessation as Employer/Page_Form 3 EIS - Cessation as Employer (Approve)/Save  Continue in Resigned Page' is clicked on

2018-12-12 17:45:47 - [MESSAGE][PASSED] - Object: 'Object Repository/Final Object Repo/Page_Form 3 EIS - Cessation as Employer/Page_Form 3 EIS - Cessation as Employer (Approve)/Save  Continue in Resigned Page' is clicked on

2018-12-12 17:45:47 - [TEST_STEP][PASSED] - delay: Delayed 2 second(s)

2018-12-12 17:45:49 - [MESSAGE][PASSED] - Delayed 2 second(s)

2018-12-12 17:45:49 - [TEST_STEP][PASSED] - click: Object: 'Object Repository/Final Object Repo/Page_Form 3 EIS - Cessation as Employer/Page_Form 3 EIS - Cessation as Employer (Approve)/Save  Continue in Uploading Page' is clicked on

2018-12-12 17:45:51 - [MESSAGE][PASSED] - Object: 'Object Repository/Final Object Repo/Page_Form 3 EIS - Cessation as Employer/Page_Form 3 EIS - Cessation as Employer (Approve)/Save  Continue in Uploading Page' is clicked on

2018-12-12 17:45:51 - [TEST_STEP][PASSED] - delay: Delayed 2 second(s)

2018-12-12 17:45:53 - [MESSAGE][PASSED] - Delayed 2 second(s)

2018-12-12 17:45:53 - [TEST_STEP][PASSED] - click: Object: 'Object Repository/Final Object Repo/Page_Form 3 EIS - Cessation as Employer/Page_Form 3 EIS - Cessation as Employer (Reject)/Reject' is clicked on

2018-12-12 17:45:55 - [MESSAGE][PASSED] - Object: 'Object Repository/Final Object Repo/Page_Form 3 EIS - Cessation as Employer/Page_Form 3 EIS - Cessation as Employer (Reject)/Reject' is clicked on

2018-12-12 17:45:55 - [TEST_STEP][PASSED] - delay: Delayed 2 second(s)

2018-12-12 17:45:57 - [MESSAGE][PASSED] - Delayed 2 second(s)

2018-12-12 17:45:57 - [TEST_STEP][PASSED] - click: Object: 'Object Repository/Final Object Repo/Page_Form 3 EIS - Cessation as Employer/Page_Form 3 EIS - Cessation as Employer (Reject)/Confirm' is clicked on

2018-12-12 17:45:58 - [MESSAGE][PASSED] - Object: 'Object Repository/Final Object Repo/Page_Form 3 EIS - Cessation as Employer/Page_Form 3 EIS - Cessation as Employer (Reject)/Confirm' is clicked on

2018-12-12 17:45:58 - [TEST_STEP][PASSED] - delay: Delayed 2 second(s)

2018-12-12 17:46:00 - [MESSAGE][PASSED] - Delayed 2 second(s)

2018-12-12 17:46:00 - [TEST_STEP][PASSED] - click: Object: 'Object Repository/Final Object Repo/Page_Form 3 EIS - Cessation as Employer/Page_Form 3 EIS - Cessation as Employer (Reject)/Message This Case has been Rejected' is clicked on

2018-12-12 17:46:04 - [MESSAGE][PASSED] - Object: 'Object Repository/Final Object Repo/Page_Form 3 EIS - Cessation as Employer/Page_Form 3 EIS - Cessation as Employer (Reject)/Message This Case has been Rejected' is clicked on

2018-12-12 17:46:04 - [TEST_STEP][PASSED] - click: Object: 'Object Repository/Final Object Repo/Page_Form 3 EIS - Cessation as Employer/Page_Form 3 EIS - Cessation as Employer (Reject)/Letter of update rejection' is clicked on

2018-12-12 17:46:05 - [MESSAGE][PASSED] - Object: 'Object Repository/Final Object Repo/Page_Form 3 EIS - Cessation as Employer/Page_Form 3 EIS - Cessation as Employer (Reject)/Letter of update rejection' is clicked on

2018-12-12 17:46:05 - [MESSAGE][PASSED] - Call Test Case 'Test Cases/Final Aug 2018 - PKS Automation/Registration Module/Workflow/Form 3 EIS - Cessation As Employer/Template/Form 3 A - Cessation As Employer (Reject)' successfully]]></system-out>
         <system-err><![CDATA[]]></system-err>
      </testcase>
      <testcase name="Test Cases/Final Aug 2018 - PKS Automation/Registration Module/Workflow/Form 3 EIS - Cessation As Employer/Employer to UO (Under enforcement)" classname="Test Cases/Final Aug 2018 - PKS Automation/Registration Module/Workflow/Form 3 EIS - Cessation As Employer/Employer to UO (Under enforcement)" status="PASSED">
         <system-out><![CDATA[2018-12-12 17:46:05 - [TEST_CASE][PASSED] - Test Cases/Final Aug 2018 - PKS Automation/Registration Module/Workflow/Form 3 EIS - Cessation As Employer/Employer to UO (Under enforcement): Test Cases/Final Aug 2018 - PKS Automation/Registration Module/Workflow/Form 3 EIS - Cessation As Employer/Employer to UO (Under enforcement)

2018-12-12 17:46:06 - [TEST_STEP][PASSED] - callTestCase: Call Test Case 'Test Cases/Final Aug 2018 - PKS Automation/Registration Module/Workflow/Form 3 EIS - Cessation As Employer/Template/Form 3 A - Cessation As Employer (OTC)' successfully

2018-12-12 17:46:06 - [TEST_CASE][PASSED] - Test Cases/Final Aug 2018 - PKS Automation/Registration Module/Workflow/Form 3 EIS - Cessation As Employer/Template/Form 3 A - Cessation As Employer (OTC): Test Cases/Final Aug 2018 - PKS Automation/Registration Module/Workflow/Form 3 EIS - Cessation As Employer/Template/Form 3 A - Cessation As Employer (OTC)

2018-12-12 17:46:06 - [TEST_STEP][PASSED] - openBrowser: Browser is opened with url: ''

2018-12-12 17:46:06 - [MESSAGE][WARNING] - A browser is already opened. Closing browser and opening a new one

2018-12-12 17:46:09 - [MESSAGE][PASSED] - Browser is opened with url: ''

2018-12-12 17:46:09 - [TEST_STEP][PASSED] - navigateToUrl: Navigate to 'https://assist2-uat.perkeso.gov.my/login' successfully

2018-12-12 17:46:10 - [MESSAGE][PASSED] - Navigate to 'https://assist2-uat.perkeso.gov.my/login' successfully

2018-12-12 17:46:10 - [TEST_STEP][PASSED] - setText: Text 'johorotc1@gmail.com' is set on object 'Object Repository/Final Object Repo/Login Page/Internal User/Email Address'

2018-12-12 17:46:11 - [MESSAGE][PASSED] - Text 'johorotc1@gmail.com' is set on object 'Object Repository/Final Object Repo/Login Page/Internal User/Email Address'

2018-12-12 17:46:11 - [TEST_STEP][PASSED] - click: Object: 'Object Repository/Final Object Repo/Login Page/Internal User/Next Button' is clicked on

2018-12-12 17:46:11 - [MESSAGE][PASSED] - Object: 'Object Repository/Final Object Repo/Login Page/Internal User/Next Button' is clicked on

2018-12-12 17:46:11 - [TEST_STEP][PASSED] - delay: Delayed 1 second(s)

2018-12-12 17:46:12 - [MESSAGE][PASSED] - Delayed 1 second(s)

2018-12-12 17:46:12 - [TEST_STEP][PASSED] - setEncryptedText: Text ****** has been set on object 'Object Repository/Final Object Repo/Login Page/Internal User/Password'

2018-12-12 17:46:12 - [MESSAGE][PASSED] - Text ****** has been set on object 'Object Repository/Final Object Repo/Login Page/Internal User/Password'

2018-12-12 17:46:12 - [TEST_STEP][PASSED] - click: Object: 'Object Repository/Final Object Repo/Login Page/Internal User/Login Button' is clicked on

2018-12-12 17:46:12 - [MESSAGE][PASSED] - Object: 'Object Repository/Final Object Repo/Login Page/Internal User/Login Button' is clicked on

2018-12-12 17:46:12 - [TEST_STEP][PASSED] - delay: Delayed 1 second(s)

2018-12-12 17:46:13 - [MESSAGE][PASSED] - Delayed 1 second(s)

2018-12-12 17:46:13 - [TEST_STEP][PASSED] - Statement - Try: Delayed 2 second(s)

2018-12-12 17:46:13 - [TEST_STEP][PASSED] - Statement - Checker = false: null

2018-12-12 17:46:13 - [TEST_STEP][PASSED] - Statement - Checker = com.kms.katalon.core.webui.keyword.WebUiBuiltInKeywords.verifyElementHasAttribute(com.kms.katalon.core.testobject.ObjectRepository.findTestObject(Final Object Repo/Landing Page/BM Detecting), "href", 20, OPTIONAL): Object 'Object Repository/Final Object Repo/Landing Page/BM Detecting' has attribute 'href'

2018-12-12 17:46:14 - [MESSAGE][PASSED] - Object 'Object Repository/Final Object Repo/Landing Page/BM Detecting' has attribute 'href'

2018-12-12 17:46:14 - [TEST_STEP][PASSED] - Statement - out.println(Checker): null

2018-12-12 17:46:14 - [TEST_STEP][PASSED] - Statement - If (Checker == false): null

2018-12-12 17:46:14 - [TEST_STEP][PASSED] - Statement - Else: null

2018-12-12 17:46:14 - [TEST_STEP][PASSED] - delay: Delayed 2 second(s)

2018-12-12 17:46:16 - [MESSAGE][PASSED] - Delayed 2 second(s)

2018-12-12 17:46:16 - [TEST_STEP][PASSED] - navigateToUrl: Navigate to 'https://assist2-uat.perkeso.gov.my/web/registration/eis-update/form-3-eis-cessation-as-employer' successfully

2018-12-12 17:46:17 - [MESSAGE][PASSED] - Navigate to 'https://assist2-uat.perkeso.gov.my/web/registration/eis-update/form-3-eis-cessation-as-employer' successfully

2018-12-12 17:46:17 - [TEST_STEP][PASSED] - delay: Delayed 1 second(s)

2018-12-12 17:46:18 - [MESSAGE][PASSED] - Delayed 1 second(s)

2018-12-12 17:46:18 - [TEST_STEP][PASSED] - setText: Text 'E1102069769W' is set on object 'Object Repository/Final Object Repo/Page_Form 3 EIS - Cessation as Employer/Employer Code'

2018-12-12 17:46:18 - [MESSAGE][PASSED] - Text 'E1102069769W' is set on object 'Object Repository/Final Object Repo/Page_Form 3 EIS - Cessation as Employer/Employer Code'

2018-12-12 17:46:18 - [TEST_STEP][PASSED] - click: Object: 'Object Repository/Final Object Repo/Page_Form 3 EIS - Cessation as Employer/Search' is clicked on

2018-12-12 17:46:18 - [MESSAGE][PASSED] - Object: 'Object Repository/Final Object Repo/Page_Form 3 EIS - Cessation as Employer/Search' is clicked on

2018-12-12 17:46:18 - [TEST_STEP][PASSED] - click: Object: 'Object Repository/Final Object Repo/Page_Form 3 EIS - Cessation as Employer/Edit' is clicked on

2018-12-12 17:46:21 - [MESSAGE][PASSED] - Object: 'Object Repository/Final Object Repo/Page_Form 3 EIS - Cessation as Employer/Edit' is clicked on

2018-12-12 17:46:21 - [TEST_STEP][PASSED] - delay: Delayed 1 second(s)

2018-12-12 17:46:22 - [MESSAGE][PASSED] - Delayed 1 second(s)

2018-12-12 17:46:22 - [TEST_STEP][PASSED] - Statement - abc = com.kms.katalon.core.webui.keyword.WebUiBuiltInKeywords.getAttribute(com.kms.katalon.core.testobject.ObjectRepository.findTestObject(Final Object Repo/Page_Form 3 EIS - Cessation as Employer/Employer Status), "value"): Attribute 'value' of object 'Object Repository/Final Object Repo/Page_Form 3 EIS - Cessation as Employer/Employer Status' is: 'Active'

2018-12-12 17:46:22 - [MESSAGE][PASSED] - Attribute 'value' of object 'Object Repository/Final Object Repo/Page_Form 3 EIS - Cessation as Employer/Employer Status' is: 'Active'

2018-12-12 17:46:22 - [TEST_STEP][PASSED] - Statement - out.println(abc): null

2018-12-12 17:46:22 - [TEST_STEP][PASSED] - Statement - If (abc == "Active"): Object: 'Object Repository/Final Object Repo/Page_Form 3 EIS - Cessation as Employer/Dormant EIS' is clicked on

2018-12-12 17:46:22 - [TEST_STEP][PASSED] - click: Object: 'Object Repository/Final Object Repo/Page_Form 3 EIS - Cessation as Employer/Change Employer Status to' is clicked on

2018-12-12 17:46:22 - [MESSAGE][PASSED] - Object: 'Object Repository/Final Object Repo/Page_Form 3 EIS - Cessation as Employer/Change Employer Status to' is clicked on

2018-12-12 17:46:22 - [TEST_STEP][PASSED] - click: Object: 'Object Repository/Final Object Repo/Page_Form 3 EIS - Cessation as Employer/Dormant EIS' is clicked on

2018-12-12 17:46:22 - [MESSAGE][PASSED] - Object: 'Object Repository/Final Object Repo/Page_Form 3 EIS - Cessation as Employer/Dormant EIS' is clicked on

2018-12-12 17:46:22 - [TEST_STEP][PASSED] - click: Object: 'Object Repository/Final Object Repo/Page_Form 3 EIS - Cessation as Employer/Calender' is clicked on

2018-12-12 17:46:22 - [MESSAGE][PASSED] - Object: 'Object Repository/Final Object Repo/Page_Form 3 EIS - Cessation as Employer/Calender' is clicked on

2018-12-12 17:46:22 - [TEST_STEP][PASSED] - delay: Delayed 1 second(s)

2018-12-12 17:46:23 - [MESSAGE][PASSED] - Delayed 1 second(s)

2018-12-12 17:46:23 - [TEST_STEP][PASSED] - click: Object: 'Object Repository/Final Object Repo/Page_Form 3 EIS - Cessation as Employer/Calender - Date' is clicked on

2018-12-12 17:46:24 - [MESSAGE][PASSED] - Object: 'Object Repository/Final Object Repo/Page_Form 3 EIS - Cessation as Employer/Calender - Date' is clicked on

2018-12-12 17:46:24 - [TEST_STEP][PASSED] - click: Object: 'Object Repository/Final Object Repo/Page_Form 3 EIS - Cessation as Employer/Save  Continue in Form 3 EIS Page' is clicked on

2018-12-12 17:46:24 - [MESSAGE][PASSED] - Object: 'Object Repository/Final Object Repo/Page_Form 3 EIS - Cessation as Employer/Save  Continue in Form 3 EIS Page' is clicked on

2018-12-12 17:46:24 - [TEST_STEP][PASSED] - delay: Delayed 1 second(s)

2018-12-12 17:46:25 - [MESSAGE][PASSED] - Delayed 1 second(s)

2018-12-12 17:46:25 - [TEST_STEP][PASSED] - click: Object: 'Object Repository/Final Object Repo/Page_Form 3 EIS - Cessation as Employer/Employment Resign Date' is clicked on

2018-12-12 17:46:25 - [MESSAGE][PASSED] - Object: 'Object Repository/Final Object Repo/Page_Form 3 EIS - Cessation as Employer/Employment Resign Date' is clicked on

2018-12-12 17:46:25 - [TEST_STEP][PASSED] - selectOptionByValue: All options with value '2030' are selected in object 'Object Repository/Final Object Repo/Page_Form 3 EIS - Cessation as Employer/Employment Resign Date - Year' 

2018-12-12 17:46:25 - [MESSAGE][PASSED] - All options with value '2030' are selected in object 'Object Repository/Final Object Repo/Page_Form 3 EIS - Cessation as Employer/Employment Resign Date - Year' 

2018-12-12 17:46:25 - [TEST_STEP][PASSED] - delay: Delayed 2 second(s)

2018-12-12 17:46:27 - [MESSAGE][PASSED] - Delayed 2 second(s)

2018-12-12 17:46:27 - [TEST_STEP][PASSED] - click: Object: 'Object Repository/Final Object Repo/Page_Form 3 EIS - Cessation as Employer/Employment Resign Date - Year - Date' is clicked on

2018-12-12 17:46:28 - [MESSAGE][PASSED] - Object: 'Object Repository/Final Object Repo/Page_Form 3 EIS - Cessation as Employer/Employment Resign Date - Year - Date' is clicked on

2018-12-12 17:46:28 - [TEST_STEP][PASSED] - delay: Delayed 2 second(s)

2018-12-12 17:46:30 - [MESSAGE][PASSED] - Delayed 2 second(s)

2018-12-12 17:46:30 - [TEST_STEP][PASSED] - click: Object: 'Object Repository/Final Object Repo/Page_Form 3 EIS - Cessation as Employer/Save  Continue in Employment Resign Page' is clicked on

2018-12-12 17:46:30 - [MESSAGE][PASSED] - Object: 'Object Repository/Final Object Repo/Page_Form 3 EIS - Cessation as Employer/Save  Continue in Employment Resign Page' is clicked on

2018-12-12 17:46:30 - [TEST_STEP][PASSED] - delay: Delayed 2 second(s)

2018-12-12 17:46:32 - [MESSAGE][PASSED] - Delayed 2 second(s)

2018-12-12 17:46:32 - [TEST_STEP][PASSED] - click: Object: 'Object Repository/Final Object Repo/Page_Form 3 EIS - Cessation as Employer/Set Latest - Yes' is clicked on

2018-12-12 17:46:32 - [MESSAGE][PASSED] - Object: 'Object Repository/Final Object Repo/Page_Form 3 EIS - Cessation as Employer/Set Latest - Yes' is clicked on

2018-12-12 17:46:32 - [TEST_STEP][PASSED] - delay: Delayed 2 second(s)

2018-12-12 17:46:34 - [MESSAGE][PASSED] - Delayed 2 second(s)

2018-12-12 17:46:34 - [TEST_STEP][PASSED] - click: Object: 'Object Repository/Final Object Repo/Page_Form 3 EIS - Cessation as Employer/Add Document' is clicked on

2018-12-12 17:46:35 - [MESSAGE][PASSED] - Object: 'Object Repository/Final Object Repo/Page_Form 3 EIS - Cessation as Employer/Add Document' is clicked on

2018-12-12 17:46:35 - [TEST_STEP][PASSED] - delay: Delayed 3 second(s)

2018-12-12 17:46:38 - [MESSAGE][PASSED] - Delayed 3 second(s)

2018-12-12 17:46:38 - [TEST_STEP][PASSED] - click: Object: 'Object Repository/Final Object Repo/Page_Form 3 EIS - Cessation as Employer/Document Type' is clicked on

2018-12-12 17:46:38 - [MESSAGE][PASSED] - Object: 'Object Repository/Final Object Repo/Page_Form 3 EIS - Cessation as Employer/Document Type' is clicked on

2018-12-12 17:46:38 - [TEST_STEP][PASSED] - click: Object: 'Object Repository/Final Object Repo/Page_Form 3 EIS - Cessation as Employer/Document Type - Form 3' is clicked on

2018-12-12 17:46:38 - [MESSAGE][PASSED] - Object: 'Object Repository/Final Object Repo/Page_Form 3 EIS - Cessation as Employer/Document Type - Form 3' is clicked on

2018-12-12 17:46:38 - [TEST_STEP][PASSED] - delay: Delayed 2 second(s)

2018-12-12 17:46:40 - [MESSAGE][PASSED] - Delayed 2 second(s)

2018-12-12 17:46:40 - [TEST_STEP][PASSED] - sendKeys: Keys 'C:\Users\Public\Pictures\Sample Pictures\Koala.jpg' sent to object: 'Object Repository/Final Object Repo/Page_Form 3 EIS - Cessation as Employer/ploading File'

2018-12-12 17:46:40 - [MESSAGE][PASSED] - Keys 'C:\Users\Public\Pictures\Sample Pictures\Koala.jpg' sent to object: 'Object Repository/Final Object Repo/Page_Form 3 EIS - Cessation as Employer/ploading File'

2018-12-12 17:46:40 - [TEST_STEP][PASSED] - delay: Delayed 1 second(s)

2018-12-12 17:46:41 - [MESSAGE][PASSED] - Delayed 1 second(s)

2018-12-12 17:46:41 - [TEST_STEP][PASSED] - click: Object: 'Object Repository/Final Object Repo/Page_Form 3 EIS - Cessation as Employer/Add Document in Uploading Page' is clicked on

2018-12-12 17:46:41 - [MESSAGE][PASSED] - Object: 'Object Repository/Final Object Repo/Page_Form 3 EIS - Cessation as Employer/Add Document in Uploading Page' is clicked on

2018-12-12 17:46:41 - [TEST_STEP][PASSED] - delay: Delayed 2 second(s)

2018-12-12 17:46:43 - [MESSAGE][PASSED] - Delayed 2 second(s)

2018-12-12 17:46:43 - [TEST_STEP][PASSED] - Statement - CaseReferenceNo = com.kms.katalon.core.webui.keyword.WebUiBuiltInKeywords.getText(com.kms.katalon.core.testobject.ObjectRepository.findTestObject(Final Object Repo/Page_Update Employer Information/Reference Number in Update Employee Information Page)): Text of object 'Object Repository/Final Object Repo/Page_Update Employer Information/Reference Number in Update Employee Information Page' is: 'ERN122018C200002404'

2018-12-12 17:46:45 - [MESSAGE][PASSED] - Text of object 'Object Repository/Final Object Repo/Page_Update Employer Information/Reference Number in Update Employee Information Page' is: 'ERN122018C200002404'

2018-12-12 17:46:45 - [TEST_STEP][PASSED] - callTestCase: Call Test Case 'Test Cases/Final Aug 2018 - PKS Automation/Common/Reference Number Setter' successfully

2018-12-12 17:46:45 - [TEST_CASE][PASSED] - Test Cases/Final Aug 2018 - PKS Automation/Common/Reference Number Setter: Test Cases/Final Aug 2018 - PKS Automation/Common/Reference Number Setter

2018-12-12 17:46:45 - [TEST_STEP][PASSED] - Statement - RefNoOldFile = new java.io.File(C://Users//Admin//Desktop//PKS//Automation Reference Point//KatalonReference.txt): null

2018-12-12 17:46:45 - [TEST_STEP][PASSED] - Statement - RefNoOldFile.delete(): null

2018-12-12 17:46:45 - [TEST_STEP][PASSED] - delay: Delayed 5 second(s)

2018-12-12 17:46:50 - [MESSAGE][PASSED] - Delayed 5 second(s)

2018-12-12 17:46:50 - [TEST_STEP][PASSED] - Statement - RefNo = new java.io.File(C://Users//Admin//Desktop//PKS//Automation Reference Point//KatalonReference.txt): null

2018-12-12 17:46:50 - [TEST_STEP][PASSED] - Statement - f2 = new java.io.FileWriter(RefNo, false): null

2018-12-12 17:46:50 - [TEST_STEP][PASSED] - Statement - f2.write(CaseReferenceNo): null

2018-12-12 17:46:50 - [TEST_STEP][PASSED] - Statement - f2.close(): null

2018-12-12 17:46:50 - [TEST_STEP][PASSED] - Statement - out.println("


" + CaseReferenceNo + "


"): null

2018-12-12 17:46:50 - [MESSAGE][PASSED] - Call Test Case 'Test Cases/Final Aug 2018 - PKS Automation/Common/Reference Number Setter' successfully

2018-12-12 17:46:50 - [TEST_STEP][PASSED] - delay: Delayed 2 second(s)

2018-12-12 17:46:52 - [MESSAGE][PASSED] - Delayed 2 second(s)

2018-12-12 17:46:52 - [TEST_STEP][PASSED] - click: Object: 'Object Repository/Final Object Repo/Page_Form 3 EIS - Cessation as Employer/Save  Continue in Uploading Page' is clicked on

2018-12-12 17:46:53 - [MESSAGE][PASSED] - Object: 'Object Repository/Final Object Repo/Page_Form 3 EIS - Cessation as Employer/Save  Continue in Uploading Page' is clicked on

2018-12-12 17:46:53 - [TEST_STEP][PASSED] - delay: Delayed 2 second(s)

2018-12-12 17:46:55 - [MESSAGE][PASSED] - Delayed 2 second(s)

2018-12-12 17:46:55 - [TEST_STEP][PASSED] - click: Object: 'Object Repository/Final Object Repo/Page_Form 3 EIS - Cessation as Employer/Submit' is clicked on

2018-12-12 17:46:57 - [MESSAGE][PASSED] - Object: 'Object Repository/Final Object Repo/Page_Form 3 EIS - Cessation as Employer/Submit' is clicked on

2018-12-12 17:46:57 - [TEST_STEP][PASSED] - delay: Delayed 2 second(s)

2018-12-12 17:46:59 - [MESSAGE][PASSED] - Delayed 2 second(s)

2018-12-12 17:46:59 - [TEST_STEP][PASSED] - click: Object: 'Object Repository/Final Object Repo/Page_Form 3 EIS - Cessation as Employer/Confirm' is clicked on

2018-12-12 17:46:59 - [MESSAGE][PASSED] - Object: 'Object Repository/Final Object Repo/Page_Form 3 EIS - Cessation as Employer/Confirm' is clicked on

2018-12-12 17:46:59 - [TEST_STEP][PASSED] - delay: Delayed 2 second(s)

2018-12-12 17:47:01 - [MESSAGE][PASSED] - Delayed 2 second(s)

2018-12-12 17:47:01 - [TEST_STEP][PASSED] - click: Object: 'Object Repository/Final Object Repo/Page_Form 3 EIS - Cessation as Employer/Message Your Request will be routed to UO' is clicked on

2018-12-12 17:47:05 - [MESSAGE][PASSED] - Object: 'Object Repository/Final Object Repo/Page_Form 3 EIS - Cessation as Employer/Message Your Request will be routed to UO' is clicked on

2018-12-12 17:47:05 - [TEST_STEP][PASSED] - click: Object: 'Object Repository/Final Object Repo/Page_Form 3 EIS - Cessation as Employer/Letter of acknowledgement' is clicked on

2018-12-12 17:47:06 - [MESSAGE][PASSED] - Object: 'Object Repository/Final Object Repo/Page_Form 3 EIS - Cessation as Employer/Letter of acknowledgement' is clicked on

2018-12-12 17:47:06 - [MESSAGE][PASSED] - Call Test Case 'Test Cases/Final Aug 2018 - PKS Automation/Registration Module/Workflow/Form 3 EIS - Cessation As Employer/Template/Form 3 A - Cessation As Employer (OTC)' successfully

2018-12-12 17:47:06 - [TEST_STEP][PASSED] - callTestCase: Call Test Case 'Test Cases/Final Aug 2018 - PKS Automation/Registration Module/Workflow/Form 3 EIS - Cessation As Employer/Template/Form 3 A - Cessation As Employer (Under enforcement)' successfully

2018-12-12 17:47:06 - [TEST_CASE][PASSED] - Test Cases/Final Aug 2018 - PKS Automation/Registration Module/Workflow/Form 3 EIS - Cessation As Employer/Template/Form 3 A - Cessation As Employer (Under enforcement): Test Cases/Final Aug 2018 - PKS Automation/Registration Module/Workflow/Form 3 EIS - Cessation As Employer/Template/Form 3 A - Cessation As Employer (Under enforcement)

2018-12-12 17:47:06 - [TEST_STEP][NOT_RUN] - callTestCase: NOT_RUN: callTestCase

2018-12-12 17:47:06 - [MESSAGE][NOT_RUN] - NOT_RUN: callTestCase

2018-12-12 17:47:06 - [TEST_STEP][PASSED] - delay: Delayed 1 second(s)

2018-12-12 17:47:07 - [MESSAGE][PASSED] - Delayed 1 second(s)

2018-12-12 17:47:07 - [TEST_STEP][PASSED] - navigateToUrl: Navigate to 'https://assist2-uat.perkeso.gov.my/c/portal/logout' successfully

2018-12-12 17:47:08 - [MESSAGE][PASSED] - Navigate to 'https://assist2-uat.perkeso.gov.my/c/portal/logout' successfully

2018-12-12 17:47:08 - [TEST_STEP][PASSED] - delay: Delayed 1 second(s)

2018-12-12 17:47:09 - [MESSAGE][PASSED] - Delayed 1 second(s)

2018-12-12 17:47:09 - [TEST_STEP][PASSED] - callTestCase: Call Test Case 'Test Cases/Final Aug 2018 - PKS Automation/Common/Reference Number Getter' successfully

2018-12-12 17:47:09 - [TEST_CASE][PASSED] - Test Cases/Final Aug 2018 - PKS Automation/Common/Reference Number Getter: Test Cases/Final Aug 2018 - PKS Automation/Common/Reference Number Getter

2018-12-12 17:47:09 - [TEST_STEP][PASSED] - Statement - Try: null

2018-12-12 17:47:09 - [TEST_STEP][PASSED] - Statement - RefNo = new java.io.File(C://Users//Admin//Desktop//PKS//Automation Reference Point//KatalonReference.txt): null

2018-12-12 17:47:09 - [TEST_STEP][PASSED] - Statement - bufferread = new java.io.BufferedReader(new java.io.FileReader(RefNo)): null

2018-12-12 17:47:09 - [TEST_STEP][PASSED] - Statement - readedVal = bufferread.readLine(): null

2018-12-12 17:47:09 - [TEST_STEP][PASSED] - Statement - out.println(CaseReferenceNo): null

2018-12-12 17:47:09 - [TEST_STEP][PASSED] - Statement - out.println(readedVal): null

2018-12-12 17:47:09 - [TEST_STEP][PASSED] - Statement - CaseReferenceNo = "": null

2018-12-12 17:47:09 - [TEST_STEP][PASSED] - Statement - CaseReferenceNo = readedVal: null

2018-12-12 17:47:09 - [MESSAGE][PASSED] - Call Test Case 'Test Cases/Final Aug 2018 - PKS Automation/Common/Reference Number Getter' successfully

2018-12-12 17:47:09 - [TEST_STEP][PASSED] - callTestCase: Call Test Case 'Test Cases/Final Aug 2018 - PKS Automation/Common/Workflow Owner Finder' successfully

2018-12-12 17:47:09 - [TEST_CASE][PASSED] - Test Cases/Final Aug 2018 - PKS Automation/Common/Workflow Owner Finder: Test Cases/Final Aug 2018 - PKS Automation/Common/Workflow Owner Finder

2018-12-12 17:47:09 - [TEST_STEP][PASSED] - openBrowser: Browser is opened with url: ''

2018-12-12 17:47:09 - [MESSAGE][WARNING] - A browser is already opened. Closing browser and opening a new one

2018-12-12 17:47:12 - [MESSAGE][PASSED] - Browser is opened with url: ''

2018-12-12 17:47:12 - [TEST_STEP][PASSED] - navigateToUrl: Navigate to 'https://assist2-uat.perkeso.gov.my/login' successfully

2018-12-12 17:47:13 - [MESSAGE][PASSED] - Navigate to 'https://assist2-uat.perkeso.gov.my/login' successfully

2018-12-12 17:47:13 - [TEST_STEP][PASSED] - delay: Delayed 5 second(s)

2018-12-12 17:47:18 - [MESSAGE][PASSED] - Delayed 5 second(s)

2018-12-12 17:47:18 - [TEST_STEP][PASSED] - setText: Text 'test@liferay.com' is set on object 'Object Repository/Final Object Repo/Login Page/Internal User/Email Address'

2018-12-12 17:47:18 - [MESSAGE][PASSED] - Text 'test@liferay.com' is set on object 'Object Repository/Final Object Repo/Login Page/Internal User/Email Address'

2018-12-12 17:47:18 - [TEST_STEP][PASSED] - click: Object: 'Object Repository/Final Object Repo/Login Page/Internal User/Next Button' is clicked on

2018-12-12 17:47:18 - [MESSAGE][PASSED] - Object: 'Object Repository/Final Object Repo/Login Page/Internal User/Next Button' is clicked on

2018-12-12 17:47:18 - [TEST_STEP][PASSED] - delay: Delayed 2 second(s)

2018-12-12 17:47:20 - [MESSAGE][PASSED] - Delayed 2 second(s)

2018-12-12 17:47:20 - [TEST_STEP][PASSED] - setText: Text 'test' is set on object 'Object Repository/Final Object Repo/Login Page/Internal User/Password'

2018-12-12 17:47:21 - [MESSAGE][PASSED] - Text 'test' is set on object 'Object Repository/Final Object Repo/Login Page/Internal User/Password'

2018-12-12 17:47:21 - [TEST_STEP][PASSED] - delay: Delayed 2 second(s)

2018-12-12 17:47:23 - [MESSAGE][PASSED] - Delayed 2 second(s)

2018-12-12 17:47:23 - [TEST_STEP][PASSED] - click: Object: 'Object Repository/Final Object Repo/Login Page/Internal User/Login Button' is clicked on

2018-12-12 17:47:23 - [MESSAGE][PASSED] - Object: 'Object Repository/Final Object Repo/Login Page/Internal User/Login Button' is clicked on

2018-12-12 17:47:23 - [TEST_STEP][PASSED] - Statement - tester = com.kms.katalon.core.testobject.ObjectRepository.findTestObject(Final Object Repo/Landing Page/Select to English): Finding Test Object with id 'Object Repository/Final Object Repo/Landing Page/Select to English'

2018-12-12 17:47:23 - [TEST_STEP][PASSED] - Statement - Try: Delayed 2 second(s)

2018-12-12 17:47:23 - [TEST_STEP][PASSED] - Statement - Checker = com.kms.katalon.core.webui.keyword.WebUiBuiltInKeywords.verifyElementNotPresent(tester, 3): Web element with id: 'Object Repository/Final Object Repo/Landing Page/Select to English' located by 'By.xpath: //a[@class = 'taglib-language-list-text' and @lang = 'en-US' and (contains(text(), 'EN') or contains(., 'EN'))]' is not present after '3' second(s)

2018-12-12 17:47:24 - [MESSAGE][PASSED] - Web element with id: 'Object Repository/Final Object Repo/Landing Page/Select to English' located by 'By.xpath: //a[@class = 'taglib-language-list-text' and @lang = 'en-US' and (contains(text(), 'EN') or contains(., 'EN'))]' is not present after '3' second(s)

2018-12-12 17:47:24 - [TEST_STEP][PASSED] - Statement - If (Checker == false): null

2018-12-12 17:47:24 - [TEST_STEP][PASSED] - delay: Delayed 2 second(s)

2018-12-12 17:47:26 - [MESSAGE][PASSED] - Delayed 2 second(s)

2018-12-12 17:47:26 - [TEST_STEP][PASSED] - delay: Delayed 5 second(s)

2018-12-12 17:47:31 - [MESSAGE][PASSED] - Delayed 5 second(s)

2018-12-12 17:47:31 - [TEST_STEP][PASSED] - mouseOver: Object: 'Object Repository/Final Object Repo/Landing Page/WorkFlow Menu' is hovered

2018-12-12 17:47:32 - [MESSAGE][PASSED] - Object: 'Object Repository/Final Object Repo/Landing Page/WorkFlow Menu' is hovered

2018-12-12 17:47:32 - [TEST_STEP][PASSED] - delay: Delayed 2 second(s)

2018-12-12 17:47:34 - [MESSAGE][PASSED] - Delayed 2 second(s)

2018-12-12 17:47:34 - [TEST_STEP][PASSED] - click: Object: 'Object Repository/Final Object Repo/Landing Page/Select to Workflow Listing' is clicked on

2018-12-12 17:47:35 - [MESSAGE][PASSED] - Object: 'Object Repository/Final Object Repo/Landing Page/Select to Workflow Listing' is clicked on

2018-12-12 17:47:35 - [TEST_STEP][PASSED] - delay: Delayed 2 second(s)

2018-12-12 17:47:37 - [MESSAGE][PASSED] - Delayed 2 second(s)

2018-12-12 17:47:37 - [TEST_STEP][PASSED] - click: Object: 'Object Repository/Final Object Repo/WorkFlow Listing Page/Search Information - To Put Ref No' is clicked on

2018-12-12 17:47:37 - [MESSAGE][PASSED] - Object: 'Object Repository/Final Object Repo/WorkFlow Listing Page/Search Information - To Put Ref No' is clicked on

2018-12-12 17:47:37 - [TEST_STEP][PASSED] - delay: Delayed 2 second(s)

2018-12-12 17:47:39 - [MESSAGE][PASSED] - Delayed 2 second(s)

2018-12-12 17:47:39 - [TEST_STEP][PASSED] - callTestCase: Call Test Case 'Test Cases/Final Aug 2018 - PKS Automation/Common/Reference Number Getter' successfully

2018-12-12 17:47:39 - [TEST_CASE][PASSED] - Test Cases/Final Aug 2018 - PKS Automation/Common/Reference Number Getter: Test Cases/Final Aug 2018 - PKS Automation/Common/Reference Number Getter

2018-12-12 17:47:39 - [TEST_STEP][PASSED] - Statement - Try: null

2018-12-12 17:47:39 - [TEST_STEP][PASSED] - Statement - RefNo = new java.io.File(C://Users//Admin//Desktop//PKS//Automation Reference Point//KatalonReference.txt): null

2018-12-12 17:47:39 - [TEST_STEP][PASSED] - Statement - bufferread = new java.io.BufferedReader(new java.io.FileReader(RefNo)): null

2018-12-12 17:47:39 - [TEST_STEP][PASSED] - Statement - readedVal = bufferread.readLine(): null

2018-12-12 17:47:39 - [TEST_STEP][PASSED] - Statement - out.println(CaseReferenceNo): null

2018-12-12 17:47:39 - [TEST_STEP][PASSED] - Statement - out.println(readedVal): null

2018-12-12 17:47:39 - [TEST_STEP][PASSED] - Statement - CaseReferenceNo = "": null

2018-12-12 17:47:39 - [TEST_STEP][PASSED] - Statement - CaseReferenceNo = readedVal: null

2018-12-12 17:47:39 - [MESSAGE][PASSED] - Call Test Case 'Test Cases/Final Aug 2018 - PKS Automation/Common/Reference Number Getter' successfully

2018-12-12 17:47:39 - [TEST_STEP][PASSED] - setText: Text 'ERN122018C200002404' is set on object 'Object Repository/Final Object Repo/WorkFlow Listing Page/Ref No Set Text'

2018-12-12 17:47:39 - [MESSAGE][PASSED] - Text 'ERN122018C200002404' is set on object 'Object Repository/Final Object Repo/WorkFlow Listing Page/Ref No Set Text'

2018-12-12 17:47:39 - [TEST_STEP][PASSED] - delay: Delayed 2 second(s)

2018-12-12 17:47:41 - [MESSAGE][PASSED] - Delayed 2 second(s)

2018-12-12 17:47:41 - [TEST_STEP][PASSED] - click: Object: 'Object Repository/Final Object Repo/WorkFlow Listing Page/Search Ref No Search Button' is clicked on

2018-12-12 17:47:41 - [MESSAGE][PASSED] - Object: 'Object Repository/Final Object Repo/WorkFlow Listing Page/Search Ref No Search Button' is clicked on

2018-12-12 17:47:41 - [TEST_STEP][PASSED] - delay: Delayed 6 second(s)

2018-12-12 17:47:47 - [MESSAGE][PASSED] - Delayed 6 second(s)

2018-12-12 17:47:47 - [TEST_STEP][PASSED] - click: Object: 'Object Repository/Final Object Repo/WorkFlow Listing Page/Click Continue Tooltip' is clicked on

2018-12-12 17:47:48 - [MESSAGE][PASSED] - Object: 'Object Repository/Final Object Repo/WorkFlow Listing Page/Click Continue Tooltip' is clicked on

2018-12-12 17:47:48 - [TEST_STEP][PASSED] - delay: Delayed 5 second(s)

2018-12-12 17:47:53 - [MESSAGE][PASSED] - Delayed 5 second(s)

2018-12-12 17:47:53 - [TEST_STEP][PASSED] - doubleClick: Object: 'Object Repository/Final Object Repo/WorkFlow Listing Page/Workflow Found - Listing 1' is double clicked on

2018-12-12 17:47:53 - [MESSAGE][PASSED] - Object: 'Object Repository/Final Object Repo/WorkFlow Listing Page/Workflow Found - Listing 1' is double clicked on

2018-12-12 17:47:53 - [TEST_STEP][PASSED] - Statement - println(OwnerID): null

2018-12-12 17:47:53 - [TEST_STEP][PASSED] - Statement - OwnerID = com.kms.katalon.core.webui.keyword.WebUiBuiltInKeywords.getText(com.kms.katalon.core.testobject.ObjectRepository.findTestObject(Final Object Repo/WorkFlow Listing Page/Workflow Found - Listing 1), STOP_ON_FAILURE): Text of object 'Object Repository/Final Object Repo/WorkFlow Listing Page/Workflow Found - Listing 1' is: 'JOHORuo2'

2018-12-12 17:47:53 - [MESSAGE][PASSED] - Text of object 'Object Repository/Final Object Repo/WorkFlow Listing Page/Workflow Found - Listing 1' is: 'JOHORuo2'

2018-12-12 17:47:54 - [TEST_STEP][PASSED] - Statement - OwnerID = OwnerID.toLowerCase() + "@gmail.com": null

2018-12-12 17:47:54 - [TEST_STEP][PASSED] - Statement - println(OwnerID): null

2018-12-12 17:47:54 - [TEST_STEP][PASSED] - delay: Delayed 2 second(s)

2018-12-12 17:47:56 - [MESSAGE][PASSED] - Delayed 2 second(s)

2018-12-12 17:47:56 - [MESSAGE][PASSED] - Call Test Case 'Test Cases/Final Aug 2018 - PKS Automation/Common/Workflow Owner Finder' successfully

2018-12-12 17:47:56 - [TEST_STEP][PASSED] - delay: Delayed 1 second(s)

2018-12-12 17:47:57 - [MESSAGE][PASSED] - Delayed 1 second(s)

2018-12-12 17:47:57 - [TEST_STEP][PASSED] - navigateToUrl: Navigate to 'https://assist2-uat.perkeso.gov.my/c/portal/logout' successfully

2018-12-12 17:47:57 - [MESSAGE][PASSED] - Navigate to 'https://assist2-uat.perkeso.gov.my/c/portal/logout' successfully

2018-12-12 17:47:57 - [TEST_STEP][PASSED] - delay: Delayed 1 second(s)

2018-12-12 17:47:58 - [MESSAGE][PASSED] - Delayed 1 second(s)

2018-12-12 17:47:58 - [TEST_STEP][PASSED] - callTestCase: Call Test Case 'Test Cases/Final Aug 2018 - PKS Automation/Registration Module/Workflow/Login and Search Case For Workflow' successfully

2018-12-12 17:47:58 - [TEST_CASE][PASSED] - Test Cases/Final Aug 2018 - PKS Automation/Registration Module/Workflow/Login and Search Case For Workflow: Test Cases/Final Aug 2018 - PKS Automation/Registration Module/Workflow/Login and Search Case For Workflow

2018-12-12 17:47:58 - [TEST_STEP][PASSED] - navigateToUrl: Navigate to 'https://assist2-uat.perkeso.gov.my/login' successfully

2018-12-12 17:47:59 - [MESSAGE][PASSED] - Navigate to 'https://assist2-uat.perkeso.gov.my/login' successfully

2018-12-12 17:47:59 - [TEST_STEP][PASSED] - setText: Text 'johoruo2@gmail.com' is set on object 'Object Repository/Final Object Repo/Login Page/Internal User/Email Address'

2018-12-12 17:47:59 - [MESSAGE][PASSED] - Text 'johoruo2@gmail.com' is set on object 'Object Repository/Final Object Repo/Login Page/Internal User/Email Address'

2018-12-12 17:47:59 - [TEST_STEP][PASSED] - click: Object: 'Object Repository/Final Object Repo/Login Page/Internal User/Next Button' is clicked on

2018-12-12 17:47:59 - [MESSAGE][PASSED] - Object: 'Object Repository/Final Object Repo/Login Page/Internal User/Next Button' is clicked on

2018-12-12 17:47:59 - [TEST_STEP][PASSED] - delay: Delayed 1 second(s)

2018-12-12 17:48:00 - [MESSAGE][PASSED] - Delayed 1 second(s)

2018-12-12 17:48:00 - [TEST_STEP][PASSED] - setEncryptedText: Text ****** has been set on object 'Object Repository/Final Object Repo/Login Page/Internal User/Password'

2018-12-12 17:48:01 - [MESSAGE][PASSED] - Text ****** has been set on object 'Object Repository/Final Object Repo/Login Page/Internal User/Password'

2018-12-12 17:48:01 - [TEST_STEP][PASSED] - click: Object: 'Object Repository/Final Object Repo/Login Page/Internal User/Login Button' is clicked on

2018-12-12 17:48:01 - [MESSAGE][PASSED] - Object: 'Object Repository/Final Object Repo/Login Page/Internal User/Login Button' is clicked on

2018-12-12 17:48:01 - [TEST_STEP][PASSED] - delay: Delayed 2 second(s)

2018-12-12 17:48:03 - [MESSAGE][PASSED] - Delayed 2 second(s)

2018-12-12 17:48:03 - [TEST_STEP][PASSED] - Statement - Try: Delayed 2 second(s)

2018-12-12 17:48:03 - [TEST_STEP][PASSED] - Statement - Checker = false: null

2018-12-12 17:48:03 - [TEST_STEP][PASSED] - Statement - Checker = com.kms.katalon.core.webui.keyword.WebUiBuiltInKeywords.verifyElementHasAttribute(com.kms.katalon.core.testobject.ObjectRepository.findTestObject(Final Object Repo/Landing Page/BM Detecting), "href", 20, OPTIONAL): Object 'Object Repository/Final Object Repo/Landing Page/BM Detecting' has attribute 'href'

2018-12-12 17:48:03 - [MESSAGE][PASSED] - Object 'Object Repository/Final Object Repo/Landing Page/BM Detecting' has attribute 'href'

2018-12-12 17:48:03 - [TEST_STEP][PASSED] - Statement - out.println(Checker): null

2018-12-12 17:48:03 - [TEST_STEP][PASSED] - Statement - If (Checker == false): null

2018-12-12 17:48:03 - [TEST_STEP][PASSED] - Statement - Else: null

2018-12-12 17:48:03 - [TEST_STEP][PASSED] - delay: Delayed 2 second(s)

2018-12-12 17:48:05 - [MESSAGE][PASSED] - Delayed 2 second(s)

2018-12-12 17:48:05 - [TEST_STEP][PASSED] - click: Object: 'Object Repository/Final Object Repo/Page_MyASSIST - ASSIST - Search Pending Case For Add Supporting Document/Search Information' is clicked on

2018-12-12 17:48:05 - [MESSAGE][PASSED] - Object: 'Object Repository/Final Object Repo/Page_MyASSIST - ASSIST - Search Pending Case For Add Supporting Document/Search Information' is clicked on

2018-12-12 17:48:05 - [TEST_STEP][PASSED] - delay: Delayed 3 second(s)

2018-12-12 17:48:08 - [MESSAGE][PASSED] - Delayed 3 second(s)

2018-12-12 17:48:08 - [TEST_STEP][PASSED] - sendKeys: Keys 'ERN122018C200002404' sent to object: 'Object Repository/Final Object Repo/Page_MyASSIST - ASSIST - Search Pending Case For Add Supporting Document/Reference No'

2018-12-12 17:48:08 - [MESSAGE][PASSED] - Keys 'ERN122018C200002404' sent to object: 'Object Repository/Final Object Repo/Page_MyASSIST - ASSIST - Search Pending Case For Add Supporting Document/Reference No'

2018-12-12 17:48:08 - [TEST_STEP][PASSED] - click: Object: 'Object Repository/Final Object Repo/Page_MyASSIST - ASSIST - Search Pending Case For Add Supporting Document/Search Reference No' is clicked on

2018-12-12 17:48:08 - [MESSAGE][PASSED] - Object: 'Object Repository/Final Object Repo/Page_MyASSIST - ASSIST - Search Pending Case For Add Supporting Document/Search Reference No' is clicked on

2018-12-12 17:48:08 - [TEST_STEP][PASSED] - delay: Delayed 2 second(s)

2018-12-12 17:48:10 - [MESSAGE][PASSED] - Delayed 2 second(s)

2018-12-12 17:48:10 - [TEST_STEP][PASSED] - click: Object: 'Object Repository/Final Object Repo/Page_MyASSIST - ASSIST - Search Pending Case For Add Supporting Document/Continue' is clicked on

2018-12-12 17:48:14 - [MESSAGE][PASSED] - Object: 'Object Repository/Final Object Repo/Page_MyASSIST - ASSIST - Search Pending Case For Add Supporting Document/Continue' is clicked on

2018-12-12 17:48:14 - [TEST_STEP][PASSED] - delay: Delayed 20 second(s)

2018-12-12 17:48:34 - [MESSAGE][PASSED] - Delayed 20 second(s)

2018-12-12 17:48:34 - [MESSAGE][PASSED] - Call Test Case 'Test Cases/Final Aug 2018 - PKS Automation/Registration Module/Workflow/Login and Search Case For Workflow' successfully

2018-12-12 17:48:34 - [TEST_STEP][PASSED] - click: Object: 'Object Repository/Final Object Repo/Page_Form 3 EIS - Cessation as Employer/Page_Form 3 EIS - Cessation as Employer (Approve)/Save  Continue in Form 3 Page' is clicked on

2018-12-12 17:48:34 - [MESSAGE][PASSED] - Object: 'Object Repository/Final Object Repo/Page_Form 3 EIS - Cessation as Employer/Page_Form 3 EIS - Cessation as Employer (Approve)/Save  Continue in Form 3 Page' is clicked on

2018-12-12 17:48:34 - [TEST_STEP][PASSED] - delay: Delayed 2 second(s)

2018-12-12 17:48:36 - [MESSAGE][PASSED] - Delayed 2 second(s)

2018-12-12 17:48:36 - [TEST_STEP][PASSED] - click: Object: 'Object Repository/Final Object Repo/Page_Form 3 EIS - Cessation as Employer/Page_Form 3 EIS - Cessation as Employer (Approve)/Save  Continue in Resigned Page' is clicked on

2018-12-12 17:48:36 - [MESSAGE][PASSED] - Object: 'Object Repository/Final Object Repo/Page_Form 3 EIS - Cessation as Employer/Page_Form 3 EIS - Cessation as Employer (Approve)/Save  Continue in Resigned Page' is clicked on

2018-12-12 17:48:36 - [TEST_STEP][PASSED] - delay: Delayed 2 second(s)

2018-12-12 17:48:38 - [MESSAGE][PASSED] - Delayed 2 second(s)

2018-12-12 17:48:38 - [TEST_STEP][PASSED] - click: Object: 'Object Repository/Final Object Repo/Page_Form 3 EIS - Cessation as Employer/Page_Form 3 EIS - Cessation as Employer (Approve)/Save  Continue in Uploading Page' is clicked on

2018-12-12 17:48:39 - [MESSAGE][PASSED] - Object: 'Object Repository/Final Object Repo/Page_Form 3 EIS - Cessation as Employer/Page_Form 3 EIS - Cessation as Employer (Approve)/Save  Continue in Uploading Page' is clicked on

2018-12-12 17:48:39 - [TEST_STEP][PASSED] - delay: Delayed 2 second(s)

2018-12-12 17:48:41 - [MESSAGE][PASSED] - Delayed 2 second(s)

2018-12-12 17:48:41 - [TEST_STEP][PASSED] - click: Object: 'Object Repository/Final Object Repo/Page_Form 3 EIS - Cessation as Employer/Page_Form 3 EIS - Cessation as Employer (Under enforcement)/Underenforcement' is clicked on

2018-12-12 17:48:44 - [MESSAGE][PASSED] - Object: 'Object Repository/Final Object Repo/Page_Form 3 EIS - Cessation as Employer/Page_Form 3 EIS - Cessation as Employer (Under enforcement)/Underenforcement' is clicked on

2018-12-12 17:48:44 - [TEST_STEP][PASSED] - delay: Delayed 2 second(s)

2018-12-12 17:48:46 - [MESSAGE][PASSED] - Delayed 2 second(s)

2018-12-12 17:48:46 - [TEST_STEP][PASSED] - setText: Text 'Remark' is set on object 'Object Repository/Final Object Repo/Page_Form 3 EIS - Cessation as Employer/Page_Form 3 EIS - Cessation as Employer (Under enforcement)/Under enforcement - Remark'

2018-12-12 17:48:46 - [MESSAGE][PASSED] - Text 'Remark' is set on object 'Object Repository/Final Object Repo/Page_Form 3 EIS - Cessation as Employer/Page_Form 3 EIS - Cessation as Employer (Under enforcement)/Under enforcement - Remark'

2018-12-12 17:48:46 - [TEST_STEP][PASSED] - delay: Delayed 2 second(s)

2018-12-12 17:48:48 - [MESSAGE][PASSED] - Delayed 2 second(s)

2018-12-12 17:48:48 - [TEST_STEP][PASSED] - click: Object: 'Object Repository/Final Object Repo/Page_Form 3 EIS - Cessation as Employer/Page_Form 3 EIS - Cessation as Employer (Under enforcement)/Save  Continue in Under enforcement' is clicked on

2018-12-12 17:48:49 - [MESSAGE][PASSED] - Object: 'Object Repository/Final Object Repo/Page_Form 3 EIS - Cessation as Employer/Page_Form 3 EIS - Cessation as Employer (Under enforcement)/Save  Continue in Under enforcement' is clicked on

2018-12-12 17:48:49 - [TEST_STEP][PASSED] - doubleClick: Object: 'Object Repository/Final Object Repo/Page_Form 3 EIS - Cessation as Employer/Page_Form 3 EIS - Cessation as Employer (Under enforcement)/Message The case is under enforcement' is double clicked on

2018-12-12 17:48:53 - [MESSAGE][PASSED] - Object: 'Object Repository/Final Object Repo/Page_Form 3 EIS - Cessation as Employer/Page_Form 3 EIS - Cessation as Employer (Under enforcement)/Message The case is under enforcement' is double clicked on

2018-12-12 17:48:53 - [MESSAGE][PASSED] - Call Test Case 'Test Cases/Final Aug 2018 - PKS Automation/Registration Module/Workflow/Form 3 EIS - Cessation As Employer/Template/Form 3 A - Cessation As Employer (Under enforcement)' successfully]]></system-out>
         <system-err><![CDATA[]]></system-err>
      </testcase>
      <testcase name="Test Cases/Final Aug 2018 - PKS Automation/Registration Module/Workflow/Form 3 EIS - Cessation As Employer/OTC to UO (Approve)" classname="Test Cases/Final Aug 2018 - PKS Automation/Registration Module/Workflow/Form 3 EIS - Cessation As Employer/OTC to UO (Approve)" status="PASSED">
         <system-out><![CDATA[2018-12-12 17:48:53 - [TEST_CASE][PASSED] - Test Cases/Final Aug 2018 - PKS Automation/Registration Module/Workflow/Form 3 EIS - Cessation As Employer/OTC to UO (Approve): Test Cases/Final Aug 2018 - PKS Automation/Registration Module/Workflow/Form 3 EIS - Cessation As Employer/OTC to UO (Approve)

2018-12-12 17:48:53 - [TEST_STEP][PASSED] - callTestCase: Call Test Case 'Test Cases/Final Aug 2018 - PKS Automation/Registration Module/Workflow/Form 3 EIS - Cessation As Employer/Template/Form 3 A - Cessation As Employer (OTC)' successfully

2018-12-12 17:48:53 - [TEST_CASE][PASSED] - Test Cases/Final Aug 2018 - PKS Automation/Registration Module/Workflow/Form 3 EIS - Cessation As Employer/Template/Form 3 A - Cessation As Employer (OTC): Test Cases/Final Aug 2018 - PKS Automation/Registration Module/Workflow/Form 3 EIS - Cessation As Employer/Template/Form 3 A - Cessation As Employer (OTC)

2018-12-12 17:48:53 - [TEST_STEP][PASSED] - openBrowser: Browser is opened with url: ''

2018-12-12 17:48:53 - [MESSAGE][WARNING] - A browser is already opened. Closing browser and opening a new one

2018-12-12 17:48:56 - [MESSAGE][PASSED] - Browser is opened with url: ''

2018-12-12 17:48:56 - [TEST_STEP][PASSED] - navigateToUrl: Navigate to 'https://assist2-uat.perkeso.gov.my/login' successfully

2018-12-12 17:48:57 - [MESSAGE][PASSED] - Navigate to 'https://assist2-uat.perkeso.gov.my/login' successfully

2018-12-12 17:48:57 - [TEST_STEP][PASSED] - setText: Text 'johorotc1@gmail.com' is set on object 'Object Repository/Final Object Repo/Login Page/Internal User/Email Address'

2018-12-12 17:48:57 - [MESSAGE][PASSED] - Text 'johorotc1@gmail.com' is set on object 'Object Repository/Final Object Repo/Login Page/Internal User/Email Address'

2018-12-12 17:48:57 - [TEST_STEP][PASSED] - click: Object: 'Object Repository/Final Object Repo/Login Page/Internal User/Next Button' is clicked on

2018-12-12 17:48:57 - [MESSAGE][PASSED] - Object: 'Object Repository/Final Object Repo/Login Page/Internal User/Next Button' is clicked on

2018-12-12 17:48:57 - [TEST_STEP][PASSED] - delay: Delayed 1 second(s)

2018-12-12 17:48:58 - [MESSAGE][PASSED] - Delayed 1 second(s)

2018-12-12 17:48:58 - [TEST_STEP][PASSED] - setEncryptedText: Text ****** has been set on object 'Object Repository/Final Object Repo/Login Page/Internal User/Password'

2018-12-12 17:48:59 - [MESSAGE][PASSED] - Text ****** has been set on object 'Object Repository/Final Object Repo/Login Page/Internal User/Password'

2018-12-12 17:48:59 - [TEST_STEP][PASSED] - click: Object: 'Object Repository/Final Object Repo/Login Page/Internal User/Login Button' is clicked on

2018-12-12 17:48:59 - [MESSAGE][PASSED] - Object: 'Object Repository/Final Object Repo/Login Page/Internal User/Login Button' is clicked on

2018-12-12 17:48:59 - [TEST_STEP][PASSED] - delay: Delayed 1 second(s)

2018-12-12 17:49:00 - [MESSAGE][PASSED] - Delayed 1 second(s)

2018-12-12 17:49:00 - [TEST_STEP][PASSED] - Statement - Try: Delayed 2 second(s)

2018-12-12 17:49:00 - [TEST_STEP][PASSED] - Statement - Checker = false: null

2018-12-12 17:49:00 - [TEST_STEP][PASSED] - Statement - Checker = com.kms.katalon.core.webui.keyword.WebUiBuiltInKeywords.verifyElementHasAttribute(com.kms.katalon.core.testobject.ObjectRepository.findTestObject(Final Object Repo/Landing Page/BM Detecting), "href", 20, OPTIONAL): Object 'Object Repository/Final Object Repo/Landing Page/BM Detecting' has attribute 'href'

2018-12-12 17:49:01 - [MESSAGE][PASSED] - Object 'Object Repository/Final Object Repo/Landing Page/BM Detecting' has attribute 'href'

2018-12-12 17:49:01 - [TEST_STEP][PASSED] - Statement - out.println(Checker): null

2018-12-12 17:49:01 - [TEST_STEP][PASSED] - Statement - If (Checker == false): null

2018-12-12 17:49:01 - [TEST_STEP][PASSED] - Statement - Else: null

2018-12-12 17:49:01 - [TEST_STEP][PASSED] - delay: Delayed 2 second(s)

2018-12-12 17:49:03 - [MESSAGE][PASSED] - Delayed 2 second(s)

2018-12-12 17:49:03 - [TEST_STEP][PASSED] - navigateToUrl: Navigate to 'https://assist2-uat.perkeso.gov.my/web/registration/eis-update/form-3-eis-cessation-as-employer' successfully

2018-12-12 17:49:04 - [MESSAGE][PASSED] - Navigate to 'https://assist2-uat.perkeso.gov.my/web/registration/eis-update/form-3-eis-cessation-as-employer' successfully

2018-12-12 17:49:04 - [TEST_STEP][PASSED] - delay: Delayed 1 second(s)

2018-12-12 17:49:05 - [MESSAGE][PASSED] - Delayed 1 second(s)

2018-12-12 17:49:05 - [TEST_STEP][PASSED] - setText: Text 'E1102069769W' is set on object 'Object Repository/Final Object Repo/Page_Form 3 EIS - Cessation as Employer/Employer Code'

2018-12-12 17:49:05 - [MESSAGE][PASSED] - Text 'E1102069769W' is set on object 'Object Repository/Final Object Repo/Page_Form 3 EIS - Cessation as Employer/Employer Code'

2018-12-12 17:49:05 - [TEST_STEP][PASSED] - click: Object: 'Object Repository/Final Object Repo/Page_Form 3 EIS - Cessation as Employer/Search' is clicked on

2018-12-12 17:49:05 - [MESSAGE][PASSED] - Object: 'Object Repository/Final Object Repo/Page_Form 3 EIS - Cessation as Employer/Search' is clicked on

2018-12-12 17:49:05 - [TEST_STEP][PASSED] - click: Object: 'Object Repository/Final Object Repo/Page_Form 3 EIS - Cessation as Employer/Edit' is clicked on

2018-12-12 17:49:08 - [MESSAGE][PASSED] - Object: 'Object Repository/Final Object Repo/Page_Form 3 EIS - Cessation as Employer/Edit' is clicked on

2018-12-12 17:49:08 - [TEST_STEP][PASSED] - delay: Delayed 1 second(s)

2018-12-12 17:49:09 - [MESSAGE][PASSED] - Delayed 1 second(s)

2018-12-12 17:49:09 - [TEST_STEP][PASSED] - Statement - abc = com.kms.katalon.core.webui.keyword.WebUiBuiltInKeywords.getAttribute(com.kms.katalon.core.testobject.ObjectRepository.findTestObject(Final Object Repo/Page_Form 3 EIS - Cessation as Employer/Employer Status), "value"): Attribute 'value' of object 'Object Repository/Final Object Repo/Page_Form 3 EIS - Cessation as Employer/Employer Status' is: 'Active'

2018-12-12 17:49:09 - [MESSAGE][PASSED] - Attribute 'value' of object 'Object Repository/Final Object Repo/Page_Form 3 EIS - Cessation as Employer/Employer Status' is: 'Active'

2018-12-12 17:49:09 - [TEST_STEP][PASSED] - Statement - out.println(abc): null

2018-12-12 17:49:09 - [TEST_STEP][PASSED] - Statement - If (abc == "Active"): Object: 'Object Repository/Final Object Repo/Page_Form 3 EIS - Cessation as Employer/Dormant EIS' is clicked on

2018-12-12 17:49:09 - [TEST_STEP][PASSED] - click: Object: 'Object Repository/Final Object Repo/Page_Form 3 EIS - Cessation as Employer/Change Employer Status to' is clicked on

2018-12-12 17:49:09 - [MESSAGE][PASSED] - Object: 'Object Repository/Final Object Repo/Page_Form 3 EIS - Cessation as Employer/Change Employer Status to' is clicked on

2018-12-12 17:49:09 - [TEST_STEP][PASSED] - click: Object: 'Object Repository/Final Object Repo/Page_Form 3 EIS - Cessation as Employer/Dormant EIS' is clicked on

2018-12-12 17:49:09 - [MESSAGE][PASSED] - Object: 'Object Repository/Final Object Repo/Page_Form 3 EIS - Cessation as Employer/Dormant EIS' is clicked on

2018-12-12 17:49:09 - [TEST_STEP][PASSED] - click: Object: 'Object Repository/Final Object Repo/Page_Form 3 EIS - Cessation as Employer/Calender' is clicked on

2018-12-12 17:49:09 - [MESSAGE][PASSED] - Object: 'Object Repository/Final Object Repo/Page_Form 3 EIS - Cessation as Employer/Calender' is clicked on

2018-12-12 17:49:09 - [TEST_STEP][PASSED] - delay: Delayed 1 second(s)

2018-12-12 17:49:10 - [MESSAGE][PASSED] - Delayed 1 second(s)

2018-12-12 17:49:10 - [TEST_STEP][PASSED] - click: Object: 'Object Repository/Final Object Repo/Page_Form 3 EIS - Cessation as Employer/Calender - Date' is clicked on

2018-12-12 17:49:10 - [MESSAGE][PASSED] - Object: 'Object Repository/Final Object Repo/Page_Form 3 EIS - Cessation as Employer/Calender - Date' is clicked on

2018-12-12 17:49:10 - [TEST_STEP][PASSED] - click: Object: 'Object Repository/Final Object Repo/Page_Form 3 EIS - Cessation as Employer/Save  Continue in Form 3 EIS Page' is clicked on

2018-12-12 17:49:11 - [MESSAGE][PASSED] - Object: 'Object Repository/Final Object Repo/Page_Form 3 EIS - Cessation as Employer/Save  Continue in Form 3 EIS Page' is clicked on

2018-12-12 17:49:11 - [TEST_STEP][PASSED] - delay: Delayed 1 second(s)

2018-12-12 17:49:12 - [MESSAGE][PASSED] - Delayed 1 second(s)

2018-12-12 17:49:12 - [TEST_STEP][PASSED] - click: Object: 'Object Repository/Final Object Repo/Page_Form 3 EIS - Cessation as Employer/Employment Resign Date' is clicked on

2018-12-12 17:49:12 - [MESSAGE][PASSED] - Object: 'Object Repository/Final Object Repo/Page_Form 3 EIS - Cessation as Employer/Employment Resign Date' is clicked on

2018-12-12 17:49:12 - [TEST_STEP][PASSED] - selectOptionByValue: All options with value '2030' are selected in object 'Object Repository/Final Object Repo/Page_Form 3 EIS - Cessation as Employer/Employment Resign Date - Year' 

2018-12-12 17:49:12 - [MESSAGE][PASSED] - All options with value '2030' are selected in object 'Object Repository/Final Object Repo/Page_Form 3 EIS - Cessation as Employer/Employment Resign Date - Year' 

2018-12-12 17:49:12 - [TEST_STEP][PASSED] - delay: Delayed 2 second(s)

2018-12-12 17:49:14 - [MESSAGE][PASSED] - Delayed 2 second(s)

2018-12-12 17:49:14 - [TEST_STEP][PASSED] - click: Object: 'Object Repository/Final Object Repo/Page_Form 3 EIS - Cessation as Employer/Employment Resign Date - Year - Date' is clicked on

2018-12-12 17:49:15 - [MESSAGE][PASSED] - Object: 'Object Repository/Final Object Repo/Page_Form 3 EIS - Cessation as Employer/Employment Resign Date - Year - Date' is clicked on

2018-12-12 17:49:15 - [TEST_STEP][PASSED] - delay: Delayed 2 second(s)

2018-12-12 17:49:17 - [MESSAGE][PASSED] - Delayed 2 second(s)

2018-12-12 17:49:17 - [TEST_STEP][PASSED] - click: Object: 'Object Repository/Final Object Repo/Page_Form 3 EIS - Cessation as Employer/Save  Continue in Employment Resign Page' is clicked on

2018-12-12 17:49:17 - [MESSAGE][PASSED] - Object: 'Object Repository/Final Object Repo/Page_Form 3 EIS - Cessation as Employer/Save  Continue in Employment Resign Page' is clicked on

2018-12-12 17:49:17 - [TEST_STEP][PASSED] - delay: Delayed 2 second(s)

2018-12-12 17:49:19 - [MESSAGE][PASSED] - Delayed 2 second(s)

2018-12-12 17:49:19 - [TEST_STEP][PASSED] - click: Object: 'Object Repository/Final Object Repo/Page_Form 3 EIS - Cessation as Employer/Set Latest - Yes' is clicked on

2018-12-12 17:49:19 - [MESSAGE][PASSED] - Object: 'Object Repository/Final Object Repo/Page_Form 3 EIS - Cessation as Employer/Set Latest - Yes' is clicked on

2018-12-12 17:49:19 - [TEST_STEP][PASSED] - delay: Delayed 2 second(s)

2018-12-12 17:49:21 - [MESSAGE][PASSED] - Delayed 2 second(s)

2018-12-12 17:49:21 - [TEST_STEP][PASSED] - click: Object: 'Object Repository/Final Object Repo/Page_Form 3 EIS - Cessation as Employer/Add Document' is clicked on

2018-12-12 17:49:22 - [MESSAGE][PASSED] - Object: 'Object Repository/Final Object Repo/Page_Form 3 EIS - Cessation as Employer/Add Document' is clicked on

2018-12-12 17:49:22 - [TEST_STEP][PASSED] - delay: Delayed 3 second(s)

2018-12-12 17:49:25 - [MESSAGE][PASSED] - Delayed 3 second(s)

2018-12-12 17:49:25 - [TEST_STEP][PASSED] - click: Object: 'Object Repository/Final Object Repo/Page_Form 3 EIS - Cessation as Employer/Document Type' is clicked on

2018-12-12 17:49:25 - [MESSAGE][PASSED] - Object: 'Object Repository/Final Object Repo/Page_Form 3 EIS - Cessation as Employer/Document Type' is clicked on

2018-12-12 17:49:25 - [TEST_STEP][PASSED] - click: Object: 'Object Repository/Final Object Repo/Page_Form 3 EIS - Cessation as Employer/Document Type - Form 3' is clicked on

2018-12-12 17:49:25 - [MESSAGE][PASSED] - Object: 'Object Repository/Final Object Repo/Page_Form 3 EIS - Cessation as Employer/Document Type - Form 3' is clicked on

2018-12-12 17:49:25 - [TEST_STEP][PASSED] - delay: Delayed 2 second(s)

2018-12-12 17:49:27 - [MESSAGE][PASSED] - Delayed 2 second(s)

2018-12-12 17:49:27 - [TEST_STEP][PASSED] - sendKeys: Keys 'C:\Users\Public\Pictures\Sample Pictures\Koala.jpg' sent to object: 'Object Repository/Final Object Repo/Page_Form 3 EIS - Cessation as Employer/ploading File'

2018-12-12 17:49:27 - [MESSAGE][PASSED] - Keys 'C:\Users\Public\Pictures\Sample Pictures\Koala.jpg' sent to object: 'Object Repository/Final Object Repo/Page_Form 3 EIS - Cessation as Employer/ploading File'

2018-12-12 17:49:27 - [TEST_STEP][PASSED] - delay: Delayed 1 second(s)

2018-12-12 17:49:28 - [MESSAGE][PASSED] - Delayed 1 second(s)

2018-12-12 17:49:28 - [TEST_STEP][PASSED] - click: Object: 'Object Repository/Final Object Repo/Page_Form 3 EIS - Cessation as Employer/Add Document in Uploading Page' is clicked on

2018-12-12 17:49:29 - [MESSAGE][PASSED] - Object: 'Object Repository/Final Object Repo/Page_Form 3 EIS - Cessation as Employer/Add Document in Uploading Page' is clicked on

2018-12-12 17:49:29 - [TEST_STEP][PASSED] - delay: Delayed 2 second(s)

2018-12-12 17:49:31 - [MESSAGE][PASSED] - Delayed 2 second(s)

2018-12-12 17:49:31 - [TEST_STEP][PASSED] - Statement - CaseReferenceNo = com.kms.katalon.core.webui.keyword.WebUiBuiltInKeywords.getText(com.kms.katalon.core.testobject.ObjectRepository.findTestObject(Final Object Repo/Page_Update Employer Information/Reference Number in Update Employee Information Page)): Text of object 'Object Repository/Final Object Repo/Page_Update Employer Information/Reference Number in Update Employee Information Page' is: 'ERN122018C200002405'

2018-12-12 17:49:33 - [MESSAGE][PASSED] - Text of object 'Object Repository/Final Object Repo/Page_Update Employer Information/Reference Number in Update Employee Information Page' is: 'ERN122018C200002405'

2018-12-12 17:49:33 - [TEST_STEP][PASSED] - callTestCase: Call Test Case 'Test Cases/Final Aug 2018 - PKS Automation/Common/Reference Number Setter' successfully

2018-12-12 17:49:33 - [TEST_CASE][PASSED] - Test Cases/Final Aug 2018 - PKS Automation/Common/Reference Number Setter: Test Cases/Final Aug 2018 - PKS Automation/Common/Reference Number Setter

2018-12-12 17:49:33 - [TEST_STEP][PASSED] - Statement - RefNoOldFile = new java.io.File(C://Users//Admin//Desktop//PKS//Automation Reference Point//KatalonReference.txt): null

2018-12-12 17:49:33 - [TEST_STEP][PASSED] - Statement - RefNoOldFile.delete(): null

2018-12-12 17:49:33 - [TEST_STEP][PASSED] - delay: Delayed 5 second(s)

2018-12-12 17:49:38 - [MESSAGE][PASSED] - Delayed 5 second(s)

2018-12-12 17:49:38 - [TEST_STEP][PASSED] - Statement - RefNo = new java.io.File(C://Users//Admin//Desktop//PKS//Automation Reference Point//KatalonReference.txt): null

2018-12-12 17:49:38 - [TEST_STEP][PASSED] - Statement - f2 = new java.io.FileWriter(RefNo, false): null

2018-12-12 17:49:38 - [TEST_STEP][PASSED] - Statement - f2.write(CaseReferenceNo): null

2018-12-12 17:49:38 - [TEST_STEP][PASSED] - Statement - f2.close(): null

2018-12-12 17:49:38 - [TEST_STEP][PASSED] - Statement - out.println("


" + CaseReferenceNo + "


"): null

2018-12-12 17:49:38 - [MESSAGE][PASSED] - Call Test Case 'Test Cases/Final Aug 2018 - PKS Automation/Common/Reference Number Setter' successfully

2018-12-12 17:49:38 - [TEST_STEP][PASSED] - delay: Delayed 2 second(s)

2018-12-12 17:49:40 - [MESSAGE][PASSED] - Delayed 2 second(s)

2018-12-12 17:49:40 - [TEST_STEP][PASSED] - click: Object: 'Object Repository/Final Object Repo/Page_Form 3 EIS - Cessation as Employer/Save  Continue in Uploading Page' is clicked on

2018-12-12 17:49:40 - [MESSAGE][PASSED] - Object: 'Object Repository/Final Object Repo/Page_Form 3 EIS - Cessation as Employer/Save  Continue in Uploading Page' is clicked on

2018-12-12 17:49:40 - [TEST_STEP][PASSED] - delay: Delayed 2 second(s)

2018-12-12 17:49:42 - [MESSAGE][PASSED] - Delayed 2 second(s)

2018-12-12 17:49:42 - [TEST_STEP][PASSED] - click: Object: 'Object Repository/Final Object Repo/Page_Form 3 EIS - Cessation as Employer/Submit' is clicked on

2018-12-12 17:49:45 - [MESSAGE][PASSED] - Object: 'Object Repository/Final Object Repo/Page_Form 3 EIS - Cessation as Employer/Submit' is clicked on

2018-12-12 17:49:45 - [TEST_STEP][PASSED] - delay: Delayed 2 second(s)

2018-12-12 17:49:47 - [MESSAGE][PASSED] - Delayed 2 second(s)

2018-12-12 17:49:47 - [TEST_STEP][PASSED] - click: Object: 'Object Repository/Final Object Repo/Page_Form 3 EIS - Cessation as Employer/Confirm' is clicked on

2018-12-12 17:49:47 - [MESSAGE][PASSED] - Object: 'Object Repository/Final Object Repo/Page_Form 3 EIS - Cessation as Employer/Confirm' is clicked on

2018-12-12 17:49:47 - [TEST_STEP][PASSED] - delay: Delayed 2 second(s)

2018-12-12 17:49:49 - [MESSAGE][PASSED] - Delayed 2 second(s)

2018-12-12 17:49:49 - [TEST_STEP][PASSED] - click: Object: 'Object Repository/Final Object Repo/Page_Form 3 EIS - Cessation as Employer/Message Your Request will be routed to UO' is clicked on

2018-12-12 17:49:52 - [MESSAGE][PASSED] - Object: 'Object Repository/Final Object Repo/Page_Form 3 EIS - Cessation as Employer/Message Your Request will be routed to UO' is clicked on

2018-12-12 17:49:52 - [TEST_STEP][PASSED] - click: Object: 'Object Repository/Final Object Repo/Page_Form 3 EIS - Cessation as Employer/Letter of acknowledgement' is clicked on

2018-12-12 17:49:53 - [MESSAGE][PASSED] - Object: 'Object Repository/Final Object Repo/Page_Form 3 EIS - Cessation as Employer/Letter of acknowledgement' is clicked on

2018-12-12 17:49:53 - [MESSAGE][PASSED] - Call Test Case 'Test Cases/Final Aug 2018 - PKS Automation/Registration Module/Workflow/Form 3 EIS - Cessation As Employer/Template/Form 3 A - Cessation As Employer (OTC)' successfully

2018-12-12 17:49:53 - [TEST_STEP][PASSED] - callTestCase: Call Test Case 'Test Cases/Final Aug 2018 - PKS Automation/Registration Module/Workflow/Form 3 EIS - Cessation As Employer/Template/Form 3 A - Cessation As Employer (Approve)' successfully

2018-12-12 17:49:53 - [TEST_CASE][PASSED] - Test Cases/Final Aug 2018 - PKS Automation/Registration Module/Workflow/Form 3 EIS - Cessation As Employer/Template/Form 3 A - Cessation As Employer (Approve): Test Cases/Final Aug 2018 - PKS Automation/Registration Module/Workflow/Form 3 EIS - Cessation As Employer/Template/Form 3 A - Cessation As Employer (Approve)

2018-12-12 17:49:53 - [TEST_STEP][NOT_RUN] - callTestCase: NOT_RUN: callTestCase

2018-12-12 17:49:53 - [MESSAGE][NOT_RUN] - NOT_RUN: callTestCase

2018-12-12 17:49:53 - [TEST_STEP][PASSED] - delay: Delayed 1 second(s)

2018-12-12 17:49:54 - [MESSAGE][PASSED] - Delayed 1 second(s)

2018-12-12 17:49:54 - [TEST_STEP][PASSED] - navigateToUrl: Navigate to 'https://assist2-uat.perkeso.gov.my/c/portal/logout' successfully

2018-12-12 17:49:55 - [MESSAGE][PASSED] - Navigate to 'https://assist2-uat.perkeso.gov.my/c/portal/logout' successfully

2018-12-12 17:49:55 - [TEST_STEP][PASSED] - delay: Delayed 1 second(s)

2018-12-12 17:49:56 - [MESSAGE][PASSED] - Delayed 1 second(s)

2018-12-12 17:49:56 - [TEST_STEP][PASSED] - callTestCase: Call Test Case 'Test Cases/Final Aug 2018 - PKS Automation/Common/Reference Number Getter' successfully

2018-12-12 17:49:56 - [TEST_CASE][PASSED] - Test Cases/Final Aug 2018 - PKS Automation/Common/Reference Number Getter: Test Cases/Final Aug 2018 - PKS Automation/Common/Reference Number Getter

2018-12-12 17:49:56 - [TEST_STEP][PASSED] - Statement - Try: null

2018-12-12 17:49:56 - [TEST_STEP][PASSED] - Statement - RefNo = new java.io.File(C://Users//Admin//Desktop//PKS//Automation Reference Point//KatalonReference.txt): null

2018-12-12 17:49:56 - [TEST_STEP][PASSED] - Statement - bufferread = new java.io.BufferedReader(new java.io.FileReader(RefNo)): null

2018-12-12 17:49:56 - [TEST_STEP][PASSED] - Statement - readedVal = bufferread.readLine(): null

2018-12-12 17:49:56 - [TEST_STEP][PASSED] - Statement - out.println(CaseReferenceNo): null

2018-12-12 17:49:56 - [TEST_STEP][PASSED] - Statement - out.println(readedVal): null

2018-12-12 17:49:56 - [TEST_STEP][PASSED] - Statement - CaseReferenceNo = "": null

2018-12-12 17:49:56 - [TEST_STEP][PASSED] - Statement - CaseReferenceNo = readedVal: null

2018-12-12 17:49:56 - [MESSAGE][PASSED] - Call Test Case 'Test Cases/Final Aug 2018 - PKS Automation/Common/Reference Number Getter' successfully

2018-12-12 17:49:56 - [TEST_STEP][PASSED] - callTestCase: Call Test Case 'Test Cases/Final Aug 2018 - PKS Automation/Common/Workflow Owner Finder' successfully

2018-12-12 17:49:56 - [TEST_CASE][PASSED] - Test Cases/Final Aug 2018 - PKS Automation/Common/Workflow Owner Finder: Test Cases/Final Aug 2018 - PKS Automation/Common/Workflow Owner Finder

2018-12-12 17:49:56 - [TEST_STEP][PASSED] - openBrowser: Browser is opened with url: ''

2018-12-12 17:49:56 - [MESSAGE][WARNING] - A browser is already opened. Closing browser and opening a new one

2018-12-12 17:49:59 - [MESSAGE][PASSED] - Browser is opened with url: ''

2018-12-12 17:49:59 - [TEST_STEP][PASSED] - navigateToUrl: Navigate to 'https://assist2-uat.perkeso.gov.my/login' successfully

2018-12-12 17:50:00 - [MESSAGE][PASSED] - Navigate to 'https://assist2-uat.perkeso.gov.my/login' successfully

2018-12-12 17:50:00 - [TEST_STEP][PASSED] - delay: Delayed 5 second(s)

2018-12-12 17:50:05 - [MESSAGE][PASSED] - Delayed 5 second(s)

2018-12-12 17:50:05 - [TEST_STEP][PASSED] - setText: Text 'test@liferay.com' is set on object 'Object Repository/Final Object Repo/Login Page/Internal User/Email Address'

2018-12-12 17:50:05 - [MESSAGE][PASSED] - Text 'test@liferay.com' is set on object 'Object Repository/Final Object Repo/Login Page/Internal User/Email Address'

2018-12-12 17:50:05 - [TEST_STEP][PASSED] - click: Object: 'Object Repository/Final Object Repo/Login Page/Internal User/Next Button' is clicked on

2018-12-12 17:50:05 - [MESSAGE][PASSED] - Object: 'Object Repository/Final Object Repo/Login Page/Internal User/Next Button' is clicked on

2018-12-12 17:50:05 - [TEST_STEP][PASSED] - delay: Delayed 2 second(s)

2018-12-12 17:50:07 - [MESSAGE][PASSED] - Delayed 2 second(s)

2018-12-12 17:50:07 - [TEST_STEP][PASSED] - setText: Text 'test' is set on object 'Object Repository/Final Object Repo/Login Page/Internal User/Password'

2018-12-12 17:50:07 - [MESSAGE][PASSED] - Text 'test' is set on object 'Object Repository/Final Object Repo/Login Page/Internal User/Password'

2018-12-12 17:50:07 - [TEST_STEP][PASSED] - delay: Delayed 2 second(s)

2018-12-12 17:50:09 - [MESSAGE][PASSED] - Delayed 2 second(s)

2018-12-12 17:50:09 - [TEST_STEP][PASSED] - click: Object: 'Object Repository/Final Object Repo/Login Page/Internal User/Login Button' is clicked on

2018-12-12 17:50:10 - [MESSAGE][PASSED] - Object: 'Object Repository/Final Object Repo/Login Page/Internal User/Login Button' is clicked on

2018-12-12 17:50:10 - [TEST_STEP][PASSED] - Statement - tester = com.kms.katalon.core.testobject.ObjectRepository.findTestObject(Final Object Repo/Landing Page/Select to English): Finding Test Object with id 'Object Repository/Final Object Repo/Landing Page/Select to English'

2018-12-12 17:50:10 - [TEST_STEP][PASSED] - Statement - Try: Delayed 2 second(s)

2018-12-12 17:50:10 - [TEST_STEP][PASSED] - Statement - Checker = com.kms.katalon.core.webui.keyword.WebUiBuiltInKeywords.verifyElementNotPresent(tester, 3): Web element with id: 'Object Repository/Final Object Repo/Landing Page/Select to English' located by 'By.xpath: //a[@class = 'taglib-language-list-text' and @lang = 'en-US' and (contains(text(), 'EN') or contains(., 'EN'))]' is not present after '3' second(s)

2018-12-12 17:50:11 - [MESSAGE][PASSED] - Web element with id: 'Object Repository/Final Object Repo/Landing Page/Select to English' located by 'By.xpath: //a[@class = 'taglib-language-list-text' and @lang = 'en-US' and (contains(text(), 'EN') or contains(., 'EN'))]' is not present after '3' second(s)

2018-12-12 17:50:11 - [TEST_STEP][PASSED] - Statement - If (Checker == false): null

2018-12-12 17:50:11 - [TEST_STEP][PASSED] - delay: Delayed 2 second(s)

2018-12-12 17:50:13 - [MESSAGE][PASSED] - Delayed 2 second(s)

2018-12-12 17:50:13 - [TEST_STEP][PASSED] - delay: Delayed 5 second(s)

2018-12-12 17:50:18 - [MESSAGE][PASSED] - Delayed 5 second(s)

2018-12-12 17:50:18 - [TEST_STEP][PASSED] - mouseOver: Object: 'Object Repository/Final Object Repo/Landing Page/WorkFlow Menu' is hovered

2018-12-12 17:50:19 - [MESSAGE][PASSED] - Object: 'Object Repository/Final Object Repo/Landing Page/WorkFlow Menu' is hovered

2018-12-12 17:50:19 - [TEST_STEP][PASSED] - delay: Delayed 2 second(s)

2018-12-12 17:50:21 - [MESSAGE][PASSED] - Delayed 2 second(s)

2018-12-12 17:50:21 - [TEST_STEP][PASSED] - click: Object: 'Object Repository/Final Object Repo/Landing Page/Select to Workflow Listing' is clicked on

2018-12-12 17:50:21 - [MESSAGE][PASSED] - Object: 'Object Repository/Final Object Repo/Landing Page/Select to Workflow Listing' is clicked on

2018-12-12 17:50:21 - [TEST_STEP][PASSED] - delay: Delayed 2 second(s)

2018-12-12 17:50:23 - [MESSAGE][PASSED] - Delayed 2 second(s)

2018-12-12 17:50:23 - [TEST_STEP][PASSED] - click: Object: 'Object Repository/Final Object Repo/WorkFlow Listing Page/Search Information - To Put Ref No' is clicked on

2018-12-12 17:50:24 - [MESSAGE][PASSED] - Object: 'Object Repository/Final Object Repo/WorkFlow Listing Page/Search Information - To Put Ref No' is clicked on

2018-12-12 17:50:24 - [TEST_STEP][PASSED] - delay: Delayed 2 second(s)

2018-12-12 17:50:26 - [MESSAGE][PASSED] - Delayed 2 second(s)

2018-12-12 17:50:26 - [TEST_STEP][PASSED] - callTestCase: Call Test Case 'Test Cases/Final Aug 2018 - PKS Automation/Common/Reference Number Getter' successfully

2018-12-12 17:50:26 - [TEST_CASE][PASSED] - Test Cases/Final Aug 2018 - PKS Automation/Common/Reference Number Getter: Test Cases/Final Aug 2018 - PKS Automation/Common/Reference Number Getter

2018-12-12 17:50:26 - [TEST_STEP][PASSED] - Statement - Try: null

2018-12-12 17:50:26 - [TEST_STEP][PASSED] - Statement - RefNo = new java.io.File(C://Users//Admin//Desktop//PKS//Automation Reference Point//KatalonReference.txt): null

2018-12-12 17:50:26 - [TEST_STEP][PASSED] - Statement - bufferread = new java.io.BufferedReader(new java.io.FileReader(RefNo)): null

2018-12-12 17:50:26 - [TEST_STEP][PASSED] - Statement - readedVal = bufferread.readLine(): null

2018-12-12 17:50:26 - [TEST_STEP][PASSED] - Statement - out.println(CaseReferenceNo): null

2018-12-12 17:50:26 - [TEST_STEP][PASSED] - Statement - out.println(readedVal): null

2018-12-12 17:50:26 - [TEST_STEP][PASSED] - Statement - CaseReferenceNo = "": null

2018-12-12 17:50:26 - [TEST_STEP][PASSED] - Statement - CaseReferenceNo = readedVal: null

2018-12-12 17:50:26 - [MESSAGE][PASSED] - Call Test Case 'Test Cases/Final Aug 2018 - PKS Automation/Common/Reference Number Getter' successfully

2018-12-12 17:50:26 - [TEST_STEP][PASSED] - setText: Text 'ERN122018C200002405' is set on object 'Object Repository/Final Object Repo/WorkFlow Listing Page/Ref No Set Text'

2018-12-12 17:50:26 - [MESSAGE][PASSED] - Text 'ERN122018C200002405' is set on object 'Object Repository/Final Object Repo/WorkFlow Listing Page/Ref No Set Text'

2018-12-12 17:50:26 - [TEST_STEP][PASSED] - delay: Delayed 2 second(s)

2018-12-12 17:50:28 - [MESSAGE][PASSED] - Delayed 2 second(s)

2018-12-12 17:50:28 - [TEST_STEP][PASSED] - click: Object: 'Object Repository/Final Object Repo/WorkFlow Listing Page/Search Ref No Search Button' is clicked on

2018-12-12 17:50:28 - [MESSAGE][PASSED] - Object: 'Object Repository/Final Object Repo/WorkFlow Listing Page/Search Ref No Search Button' is clicked on

2018-12-12 17:50:28 - [TEST_STEP][PASSED] - delay: Delayed 6 second(s)

2018-12-12 17:50:34 - [MESSAGE][PASSED] - Delayed 6 second(s)

2018-12-12 17:50:34 - [TEST_STEP][PASSED] - click: Object: 'Object Repository/Final Object Repo/WorkFlow Listing Page/Click Continue Tooltip' is clicked on

2018-12-12 17:50:35 - [MESSAGE][PASSED] - Object: 'Object Repository/Final Object Repo/WorkFlow Listing Page/Click Continue Tooltip' is clicked on

2018-12-12 17:50:35 - [TEST_STEP][PASSED] - delay: Delayed 5 second(s)

2018-12-12 17:50:40 - [MESSAGE][PASSED] - Delayed 5 second(s)

2018-12-12 17:50:40 - [TEST_STEP][PASSED] - doubleClick: Object: 'Object Repository/Final Object Repo/WorkFlow Listing Page/Workflow Found - Listing 1' is double clicked on

2018-12-12 17:50:40 - [MESSAGE][PASSED] - Object: 'Object Repository/Final Object Repo/WorkFlow Listing Page/Workflow Found - Listing 1' is double clicked on

2018-12-12 17:50:40 - [TEST_STEP][PASSED] - Statement - println(OwnerID): null

2018-12-12 17:50:40 - [TEST_STEP][PASSED] - Statement - OwnerID = com.kms.katalon.core.webui.keyword.WebUiBuiltInKeywords.getText(com.kms.katalon.core.testobject.ObjectRepository.findTestObject(Final Object Repo/WorkFlow Listing Page/Workflow Found - Listing 1), STOP_ON_FAILURE): Text of object 'Object Repository/Final Object Repo/WorkFlow Listing Page/Workflow Found - Listing 1' is: 'JOHORuo3'

2018-12-12 17:50:40 - [MESSAGE][PASSED] - Text of object 'Object Repository/Final Object Repo/WorkFlow Listing Page/Workflow Found - Listing 1' is: 'JOHORuo3'

2018-12-12 17:50:40 - [TEST_STEP][PASSED] - Statement - OwnerID = OwnerID.toLowerCase() + "@gmail.com": null

2018-12-12 17:50:40 - [TEST_STEP][PASSED] - Statement - println(OwnerID): null

2018-12-12 17:50:40 - [TEST_STEP][PASSED] - delay: Delayed 2 second(s)

2018-12-12 17:50:42 - [MESSAGE][PASSED] - Delayed 2 second(s)

2018-12-12 17:50:42 - [MESSAGE][PASSED] - Call Test Case 'Test Cases/Final Aug 2018 - PKS Automation/Common/Workflow Owner Finder' successfully

2018-12-12 17:50:42 - [TEST_STEP][PASSED] - delay: Delayed 1 second(s)

2018-12-12 17:50:43 - [MESSAGE][PASSED] - Delayed 1 second(s)

2018-12-12 17:50:43 - [TEST_STEP][PASSED] - navigateToUrl: Navigate to 'https://assist2-uat.perkeso.gov.my/c/portal/logout' successfully

2018-12-12 17:50:44 - [MESSAGE][PASSED] - Navigate to 'https://assist2-uat.perkeso.gov.my/c/portal/logout' successfully

2018-12-12 17:50:44 - [TEST_STEP][PASSED] - delay: Delayed 1 second(s)

2018-12-12 17:50:45 - [MESSAGE][PASSED] - Delayed 1 second(s)

2018-12-12 17:50:45 - [TEST_STEP][PASSED] - callTestCase: Call Test Case 'Test Cases/Final Aug 2018 - PKS Automation/Registration Module/Workflow/Login and Search Case For Workflow' successfully

2018-12-12 17:50:45 - [TEST_CASE][PASSED] - Test Cases/Final Aug 2018 - PKS Automation/Registration Module/Workflow/Login and Search Case For Workflow: Test Cases/Final Aug 2018 - PKS Automation/Registration Module/Workflow/Login and Search Case For Workflow

2018-12-12 17:50:45 - [TEST_STEP][PASSED] - navigateToUrl: Navigate to 'https://assist2-uat.perkeso.gov.my/login' successfully

2018-12-12 17:50:46 - [MESSAGE][PASSED] - Navigate to 'https://assist2-uat.perkeso.gov.my/login' successfully

2018-12-12 17:50:46 - [TEST_STEP][PASSED] - setText: Text 'johoruo3@gmail.com' is set on object 'Object Repository/Final Object Repo/Login Page/Internal User/Email Address'

2018-12-12 17:50:46 - [MESSAGE][PASSED] - Text 'johoruo3@gmail.com' is set on object 'Object Repository/Final Object Repo/Login Page/Internal User/Email Address'

2018-12-12 17:50:46 - [TEST_STEP][PASSED] - click: Object: 'Object Repository/Final Object Repo/Login Page/Internal User/Next Button' is clicked on

2018-12-12 17:50:46 - [MESSAGE][PASSED] - Object: 'Object Repository/Final Object Repo/Login Page/Internal User/Next Button' is clicked on

2018-12-12 17:50:46 - [TEST_STEP][PASSED] - delay: Delayed 1 second(s)

2018-12-12 17:50:47 - [MESSAGE][PASSED] - Delayed 1 second(s)

2018-12-12 17:50:47 - [TEST_STEP][PASSED] - setEncryptedText: Text ****** has been set on object 'Object Repository/Final Object Repo/Login Page/Internal User/Password'

2018-12-12 17:50:47 - [MESSAGE][PASSED] - Text ****** has been set on object 'Object Repository/Final Object Repo/Login Page/Internal User/Password'

2018-12-12 17:50:47 - [TEST_STEP][PASSED] - click: Object: 'Object Repository/Final Object Repo/Login Page/Internal User/Login Button' is clicked on

2018-12-12 17:50:48 - [MESSAGE][PASSED] - Object: 'Object Repository/Final Object Repo/Login Page/Internal User/Login Button' is clicked on

2018-12-12 17:50:48 - [TEST_STEP][PASSED] - delay: Delayed 2 second(s)

2018-12-12 17:50:50 - [MESSAGE][PASSED] - Delayed 2 second(s)

2018-12-12 17:50:50 - [TEST_STEP][PASSED] - Statement - Try: Delayed 2 second(s)

2018-12-12 17:50:50 - [TEST_STEP][PASSED] - Statement - Checker = false: null

2018-12-12 17:50:50 - [TEST_STEP][PASSED] - Statement - Checker = com.kms.katalon.core.webui.keyword.WebUiBuiltInKeywords.verifyElementHasAttribute(com.kms.katalon.core.testobject.ObjectRepository.findTestObject(Final Object Repo/Landing Page/BM Detecting), "href", 20, OPTIONAL): Object 'Object Repository/Final Object Repo/Landing Page/BM Detecting' has attribute 'href'

2018-12-12 17:50:50 - [MESSAGE][PASSED] - Object 'Object Repository/Final Object Repo/Landing Page/BM Detecting' has attribute 'href'

2018-12-12 17:50:50 - [TEST_STEP][PASSED] - Statement - out.println(Checker): null

2018-12-12 17:50:50 - [TEST_STEP][PASSED] - Statement - If (Checker == false): null

2018-12-12 17:50:50 - [TEST_STEP][PASSED] - Statement - Else: null

2018-12-12 17:50:50 - [TEST_STEP][PASSED] - delay: Delayed 2 second(s)

2018-12-12 17:50:52 - [MESSAGE][PASSED] - Delayed 2 second(s)

2018-12-12 17:50:52 - [TEST_STEP][PASSED] - click: Object: 'Object Repository/Final Object Repo/Page_MyASSIST - ASSIST - Search Pending Case For Add Supporting Document/Search Information' is clicked on

2018-12-12 17:50:52 - [MESSAGE][PASSED] - Object: 'Object Repository/Final Object Repo/Page_MyASSIST - ASSIST - Search Pending Case For Add Supporting Document/Search Information' is clicked on

2018-12-12 17:50:52 - [TEST_STEP][PASSED] - delay: Delayed 3 second(s)

2018-12-12 17:50:55 - [MESSAGE][PASSED] - Delayed 3 second(s)

2018-12-12 17:50:55 - [TEST_STEP][PASSED] - sendKeys: Keys 'ERN122018C200002405' sent to object: 'Object Repository/Final Object Repo/Page_MyASSIST - ASSIST - Search Pending Case For Add Supporting Document/Reference No'

2018-12-12 17:50:55 - [MESSAGE][PASSED] - Keys 'ERN122018C200002405' sent to object: 'Object Repository/Final Object Repo/Page_MyASSIST - ASSIST - Search Pending Case For Add Supporting Document/Reference No'

2018-12-12 17:50:55 - [TEST_STEP][PASSED] - click: Object: 'Object Repository/Final Object Repo/Page_MyASSIST - ASSIST - Search Pending Case For Add Supporting Document/Search Reference No' is clicked on

2018-12-12 17:50:55 - [MESSAGE][PASSED] - Object: 'Object Repository/Final Object Repo/Page_MyASSIST - ASSIST - Search Pending Case For Add Supporting Document/Search Reference No' is clicked on

2018-12-12 17:50:55 - [TEST_STEP][PASSED] - delay: Delayed 2 second(s)

2018-12-12 17:50:57 - [MESSAGE][PASSED] - Delayed 2 second(s)

2018-12-12 17:50:57 - [TEST_STEP][PASSED] - click: Object: 'Object Repository/Final Object Repo/Page_MyASSIST - ASSIST - Search Pending Case For Add Supporting Document/Continue' is clicked on

2018-12-12 17:51:00 - [MESSAGE][PASSED] - Object: 'Object Repository/Final Object Repo/Page_MyASSIST - ASSIST - Search Pending Case For Add Supporting Document/Continue' is clicked on

2018-12-12 17:51:00 - [TEST_STEP][PASSED] - delay: Delayed 20 second(s)

2018-12-12 17:51:20 - [MESSAGE][PASSED] - Delayed 20 second(s)

2018-12-12 17:51:20 - [MESSAGE][PASSED] - Call Test Case 'Test Cases/Final Aug 2018 - PKS Automation/Registration Module/Workflow/Login and Search Case For Workflow' successfully

2018-12-12 17:51:20 - [TEST_STEP][PASSED] - click: Object: 'Object Repository/Final Object Repo/Page_Form 3 EIS - Cessation as Employer/Page_Form 3 EIS - Cessation as Employer (Approve)/Save  Continue in Form 3 Page' is clicked on

2018-12-12 17:51:21 - [MESSAGE][PASSED] - Object: 'Object Repository/Final Object Repo/Page_Form 3 EIS - Cessation as Employer/Page_Form 3 EIS - Cessation as Employer (Approve)/Save  Continue in Form 3 Page' is clicked on

2018-12-12 17:51:21 - [TEST_STEP][PASSED] - delay: Delayed 2 second(s)

2018-12-12 17:51:23 - [MESSAGE][PASSED] - Delayed 2 second(s)

2018-12-12 17:51:23 - [TEST_STEP][PASSED] - click: Object: 'Object Repository/Final Object Repo/Page_Form 3 EIS - Cessation as Employer/Page_Form 3 EIS - Cessation as Employer (Approve)/Save  Continue in Resigned Page' is clicked on

2018-12-12 17:51:23 - [MESSAGE][PASSED] - Object: 'Object Repository/Final Object Repo/Page_Form 3 EIS - Cessation as Employer/Page_Form 3 EIS - Cessation as Employer (Approve)/Save  Continue in Resigned Page' is clicked on

2018-12-12 17:51:23 - [TEST_STEP][PASSED] - delay: Delayed 2 second(s)

2018-12-12 17:51:25 - [MESSAGE][PASSED] - Delayed 2 second(s)

2018-12-12 17:51:25 - [TEST_STEP][PASSED] - click: Object: 'Object Repository/Final Object Repo/Page_Form 3 EIS - Cessation as Employer/Page_Form 3 EIS - Cessation as Employer (Approve)/Save  Continue in Uploading Page' is clicked on

2018-12-12 17:51:26 - [MESSAGE][PASSED] - Object: 'Object Repository/Final Object Repo/Page_Form 3 EIS - Cessation as Employer/Page_Form 3 EIS - Cessation as Employer (Approve)/Save  Continue in Uploading Page' is clicked on

2018-12-12 17:51:26 - [TEST_STEP][PASSED] - delay: Delayed 2 second(s)

2018-12-12 17:51:28 - [MESSAGE][PASSED] - Delayed 2 second(s)

2018-12-12 17:51:28 - [TEST_STEP][PASSED] - click: Object: 'Object Repository/Final Object Repo/Page_Form 3 EIS - Cessation as Employer/Page_Form 3 EIS - Cessation as Employer (Approve)/Approve' is clicked on

2018-12-12 17:51:31 - [MESSAGE][PASSED] - Object: 'Object Repository/Final Object Repo/Page_Form 3 EIS - Cessation as Employer/Page_Form 3 EIS - Cessation as Employer (Approve)/Approve' is clicked on

2018-12-12 17:51:31 - [TEST_STEP][PASSED] - delay: Delayed 2 second(s)

2018-12-12 17:51:33 - [MESSAGE][PASSED] - Delayed 2 second(s)

2018-12-12 17:51:33 - [TEST_STEP][PASSED] - click: Object: 'Object Repository/Final Object Repo/Page_Form 3 EIS - Cessation as Employer/Page_Form 3 EIS - Cessation as Employer (Approve)/Confirm' is clicked on

2018-12-12 17:51:33 - [MESSAGE][PASSED] - Object: 'Object Repository/Final Object Repo/Page_Form 3 EIS - Cessation as Employer/Page_Form 3 EIS - Cessation as Employer (Approve)/Confirm' is clicked on

2018-12-12 17:51:33 - [TEST_STEP][PASSED] - delay: Delayed 2 second(s)

2018-12-12 17:51:35 - [MESSAGE][PASSED] - Delayed 2 second(s)

2018-12-12 17:51:35 - [TEST_STEP][PASSED] - click: Object: 'Object Repository/Final Object Repo/Page_Form 3 EIS - Cessation as Employer/Page_Form 3 EIS - Cessation as Employer (Approve)/Message Your Request    Form 3 EIS' is clicked on

2018-12-12 17:51:40 - [MESSAGE][PASSED] - Object: 'Object Repository/Final Object Repo/Page_Form 3 EIS - Cessation as Employer/Page_Form 3 EIS - Cessation as Employer (Approve)/Message Your Request    Form 3 EIS' is clicked on

2018-12-12 17:51:40 - [TEST_STEP][PASSED] - click: Object: 'Object Repository/Final Object Repo/Page_Form 3 EIS - Cessation as Employer/Page_Form 3 EIS - Cessation as Employer (Approve)/Letter of successful update' is clicked on

2018-12-12 17:51:41 - [MESSAGE][PASSED] - Object: 'Object Repository/Final Object Repo/Page_Form 3 EIS - Cessation as Employer/Page_Form 3 EIS - Cessation as Employer (Approve)/Letter of successful update' is clicked on

2018-12-12 17:51:41 - [MESSAGE][PASSED] - Call Test Case 'Test Cases/Final Aug 2018 - PKS Automation/Registration Module/Workflow/Form 3 EIS - Cessation As Employer/Template/Form 3 A - Cessation As Employer (Approve)' successfully]]></system-out>
         <system-err><![CDATA[]]></system-err>
      </testcase>
      <testcase name="Test Cases/Final Aug 2018 - PKS Automation/Registration Module/Workflow/Form 3 EIS - Cessation As Employer/OTC to UO (Query)" classname="Test Cases/Final Aug 2018 - PKS Automation/Registration Module/Workflow/Form 3 EIS - Cessation As Employer/OTC to UO (Query)" status="FAILED">
         <failure type="FAILED" message="(Stack trace: com.kms.katalon.core.exception.StepFailedException: Unable to click on object 'Object Repository/Final Object Repo/Page_Form 3 EIS - Cessation as Employer/Page_Form 3 EIS - Cessation as Employer (Query - OTC - UO)/Next' (Root cause: com.kms.katalon.core.webui.exception.WebElementNotFoundException: Web element with id: 'Object Repository/Final Object Repo/Page_Form 3 EIS - Cessation as Employer/Page_Form 3 EIS - Cessation as Employer (Query - OTC - UO)/Next' located by 'By.xpath: //a[(text() = ' NEXT
						' or . = ' NEXT
						')]' not found)
	at com.kms.katalon.core.keyword.internal.KeywordMain.stepFailed(KeywordMain.groovy:32)
	at com.kms.katalon.core.webui.keyword.internal.WebUIKeywordMain.stepFailed(WebUIKeywordMain.groovy:65)
	at com.kms.katalon.core.webui.keyword.internal.WebUIKeywordMain.runKeyword(WebUIKeywordMain.groovy:27)
	at com.kms.katalon.core.webui.keyword.builtin.ClickKeyword.click(ClickKeyword.groovy:86)
	at com.kms.katalon.core.webui.keyword.builtin.ClickKeyword.execute(ClickKeyword.groovy:67)
	at com.kms.katalon.core.keyword.internal.KeywordExecutor.executeKeywordForPlatform(KeywordExecutor.groovy:53)
	at com.kms.katalon.core.webui.keyword.WebUiBuiltInKeywords.click(WebUiBuiltInKeywords.groovy:616)
	at com.kms.katalon.core.webui.keyword.WebUiBuiltInKeywords$click$2.call(Unknown Source)
	at Script1536114876563.run(Script1536114876563.groovy:87)
	at com.kms.katalon.core.main.ScriptEngine.run(ScriptEngine.java:183)
	at com.kms.katalon.core.main.ScriptEngine.runScriptAsRawText(ScriptEngine.java:108)
	at com.kms.katalon.core.main.TestCaseExecutor.runScript(TestCaseExecutor.java:294)
	at com.kms.katalon.core.main.TestCaseExecutor.doExecute(TestCaseExecutor.java:285)
	at com.kms.katalon.core.main.TestCaseExecutor.processExecutionPhase(TestCaseExecutor.java:264)
	at com.kms.katalon.core.main.TestCaseExecutor.accessMainPhase(TestCaseExecutor.java:256)
	at com.kms.katalon.core.main.TestCaseExecutor.execute(TestCaseExecutor.java:200)
	at com.kms.katalon.core.main.TestCaseMain.runTestCase(TestCaseMain.java:99)
	at com.kms.katalon.core.keyword.builtin.CallTestCaseKeyword$_callTestCase_closure1.doCall(CallTestCaseKeyword.groovy:60)
	at com.kms.katalon.core.keyword.builtin.CallTestCaseKeyword$_callTestCase_closure1.call(CallTestCaseKeyword.groovy)
	at com.kms.katalon.core.keyword.internal.KeywordMain.runKeyword(KeywordMain.groovy:54)
	at com.kms.katalon.core.keyword.builtin.CallTestCaseKeyword.callTestCase(CallTestCaseKeyword.groovy:81)
	at com.kms.katalon.core.keyword.builtin.CallTestCaseKeyword.execute(CallTestCaseKeyword.groovy:45)
	at com.kms.katalon.core.keyword.internal.KeywordExecutor.executeKeywordForPlatform(KeywordExecutor.groovy:53)
	at com.kms.katalon.core.keyword.BuiltinKeywords.callTestCase(BuiltinKeywords.groovy:334)
	at sun.reflect.GeneratedMethodAccessor13.invoke(Unknown Source)
	at sun.reflect.DelegatingMethodAccessorImpl.invoke(DelegatingMethodAccessorImpl.java:43)
	at java.lang.reflect.Method.invoke(Method.java:498)
	at org.codehaus.groovy.reflection.CachedMethod.invoke(CachedMethod.java:93)
	at groovy.lang.MetaMethod.doMethodInvoke(MetaMethod.java:325)
	at groovy.lang.MetaClassImpl.invokeStaticMethod(MetaClassImpl.java:1469)
	at org.codehaus.groovy.runtime.callsite.StaticMetaClassSite.call(StaticMetaClassSite.java:53)
	at org.codehaus.groovy.runtime.callsite.CallSiteArray.defaultCall(CallSiteArray.java:48)
	at org.codehaus.groovy.runtime.callsite.AbstractCallSite.call(AbstractCallSite.java:113)
	at org.codehaus.groovy.runtime.callsite.AbstractCallSite.call(AbstractCallSite.java:141)
	at Script1536204253481.run(Script1536204253481.groovy:25)
	at com.kms.katalon.core.main.ScriptEngine.run(ScriptEngine.java:183)
	at com.kms.katalon.core.main.ScriptEngine.runScriptAsRawText(ScriptEngine.java:108)
	at com.kms.katalon.core.main.TestCaseExecutor.runScript(TestCaseExecutor.java:294)
	at com.kms.katalon.core.main.TestCaseExecutor.doExecute(TestCaseExecutor.java:285)
	at com.kms.katalon.core.main.TestCaseExecutor.processExecutionPhase(TestCaseExecutor.java:264)
	at com.kms.katalon.core.main.TestCaseExecutor.accessMainPhase(TestCaseExecutor.java:256)
	at com.kms.katalon.core.main.TestCaseExecutor.execute(TestCaseExecutor.java:200)
	at com.kms.katalon.core.main.TestSuiteExecutor.accessTestCaseMainPhase(TestSuiteExecutor.java:129)
	at com.kms.katalon.core.main.TestSuiteExecutor.accessTestSuiteMainPhase(TestSuiteExecutor.java:112)
	at com.kms.katalon.core.main.TestSuiteExecutor.execute(TestSuiteExecutor.java:81)
	at com.kms.katalon.core.main.TestCaseMain.startTestSuite(TestCaseMain.java:142)
	at com.kms.katalon.core.main.TestCaseMain$startTestSuite$0.call(Unknown Source)
	at org.codehaus.groovy.runtime.callsite.CallSiteArray.defaultCall(CallSiteArray.java:48)
	at org.codehaus.groovy.runtime.callsite.AbstractCallSite.call(AbstractCallSite.java:113)
	at org.codehaus.groovy.runtime.callsite.AbstractCallSite.call(AbstractCallSite.java:141)
	at TempTestSuite1544598049240.run(TempTestSuite1544598049240.groovy:36)
	at groovy.lang.GroovyShell.runScriptOrMainOrTestOrRunnable(GroovyShell.java:263)
	at groovy.lang.GroovyShell.run(GroovyShell.java:518)
	at groovy.lang.GroovyShell.run(GroovyShell.java:507)
	at groovy.ui.GroovyMain.processOnce(GroovyMain.java:653)
	at groovy.ui.GroovyMain.run(GroovyMain.java:384)
	at groovy.ui.GroovyMain.process(GroovyMain.java:370)
	at groovy.ui.GroovyMain.processArgs(GroovyMain.java:129)
	at groovy.ui.GroovyMain.main(GroovyMain.java:109)
	at sun.reflect.NativeMethodAccessorImpl.invoke0(Native Method)
	at sun.reflect.NativeMethodAccessorImpl.invoke(NativeMethodAccessorImpl.java:62)
	at sun.reflect.DelegatingMethodAccessorImpl.invoke(DelegatingMethodAccessorImpl.java:43)
	at java.lang.reflect.Method.invoke(Method.java:498)
	at org.codehaus.groovy.tools.GroovyStarter.rootLoader(GroovyStarter.java:109)
	at org.codehaus.groovy.tools.GroovyStarter.main(GroovyStarter.java:131)
)"/>
         <system-out><![CDATA[2018-12-12 17:51:41 - [TEST_CASE][FAILED] - Test Cases/Final Aug 2018 - PKS Automation/Registration Module/Workflow/Form 3 EIS - Cessation As Employer/OTC to UO (Query): Test Cases/Final Aug 2018 - PKS Automation/Registration Module/Workflow/Form 3 EIS - Cessation As Employer/OTC to UO (Query) FAILED because (of) (Stack trace: com.kms.katalon.core.exception.StepFailedException: Unable to click on object 'Object Repository/Final Object Repo/Page_Form 3 EIS - Cessation as Employer/Page_Form 3 EIS - Cessation as Employer (Query - OTC - UO)/Next' (Root cause: com.kms.katalon.core.webui.exception.WebElementNotFoundException: Web element with id: 'Object Repository/Final Object Repo/Page_Form 3 EIS - Cessation as Employer/Page_Form 3 EIS - Cessation as Employer (Query - OTC - UO)/Next' located by 'By.xpath: //a[(text() = ' NEXT
						' or . = ' NEXT
						')]' not found)
	at com.kms.katalon.core.keyword.internal.KeywordMain.stepFailed(KeywordMain.groovy:32)
	at com.kms.katalon.core.webui.keyword.internal.WebUIKeywordMain.stepFailed(WebUIKeywordMain.groovy:65)
	at com.kms.katalon.core.webui.keyword.internal.WebUIKeywordMain.runKeyword(WebUIKeywordMain.groovy:27)
	at com.kms.katalon.core.webui.keyword.builtin.ClickKeyword.click(ClickKeyword.groovy:86)
	at com.kms.katalon.core.webui.keyword.builtin.ClickKeyword.execute(ClickKeyword.groovy:67)
	at com.kms.katalon.core.keyword.internal.KeywordExecutor.executeKeywordForPlatform(KeywordExecutor.groovy:53)
	at com.kms.katalon.core.webui.keyword.WebUiBuiltInKeywords.click(WebUiBuiltInKeywords.groovy:616)
	at com.kms.katalon.core.webui.keyword.WebUiBuiltInKeywords$click$2.call(Unknown Source)
	at Script1536114876563.run(Script1536114876563.groovy:87)
	at com.kms.katalon.core.main.ScriptEngine.run(ScriptEngine.java:183)
	at com.kms.katalon.core.main.ScriptEngine.runScriptAsRawText(ScriptEngine.java:108)
	at com.kms.katalon.core.main.TestCaseExecutor.runScript(TestCaseExecutor.java:294)
	at com.kms.katalon.core.main.TestCaseExecutor.doExecute(TestCaseExecutor.java:285)
	at com.kms.katalon.core.main.TestCaseExecutor.processExecutionPhase(TestCaseExecutor.java:264)
	at com.kms.katalon.core.main.TestCaseExecutor.accessMainPhase(TestCaseExecutor.java:256)
	at com.kms.katalon.core.main.TestCaseExecutor.execute(TestCaseExecutor.java:200)
	at com.kms.katalon.core.main.TestCaseMain.runTestCase(TestCaseMain.java:99)
	at com.kms.katalon.core.keyword.builtin.CallTestCaseKeyword$_callTestCase_closure1.doCall(CallTestCaseKeyword.groovy:60)
	at com.kms.katalon.core.keyword.builtin.CallTestCaseKeyword$_callTestCase_closure1.call(CallTestCaseKeyword.groovy)
	at com.kms.katalon.core.keyword.internal.KeywordMain.runKeyword(KeywordMain.groovy:54)
	at com.kms.katalon.core.keyword.builtin.CallTestCaseKeyword.callTestCase(CallTestCaseKeyword.groovy:81)
	at com.kms.katalon.core.keyword.builtin.CallTestCaseKeyword.execute(CallTestCaseKeyword.groovy:45)
	at com.kms.katalon.core.keyword.internal.KeywordExecutor.executeKeywordForPlatform(KeywordExecutor.groovy:53)
	at com.kms.katalon.core.keyword.BuiltinKeywords.callTestCase(BuiltinKeywords.groovy:334)
	at sun.reflect.GeneratedMethodAccessor13.invoke(Unknown Source)
	at sun.reflect.DelegatingMethodAccessorImpl.invoke(DelegatingMethodAccessorImpl.java:43)
	at java.lang.reflect.Method.invoke(Method.java:498)
	at org.codehaus.groovy.reflection.CachedMethod.invoke(CachedMethod.java:93)
	at groovy.lang.MetaMethod.doMethodInvoke(MetaMethod.java:325)
	at groovy.lang.MetaClassImpl.invokeStaticMethod(MetaClassImpl.java:1469)
	at org.codehaus.groovy.runtime.callsite.StaticMetaClassSite.call(StaticMetaClassSite.java:53)
	at org.codehaus.groovy.runtime.callsite.CallSiteArray.defaultCall(CallSiteArray.java:48)
	at org.codehaus.groovy.runtime.callsite.AbstractCallSite.call(AbstractCallSite.java:113)
	at org.codehaus.groovy.runtime.callsite.AbstractCallSite.call(AbstractCallSite.java:141)
	at Script1536204253481.run(Script1536204253481.groovy:25)
	at com.kms.katalon.core.main.ScriptEngine.run(ScriptEngine.java:183)
	at com.kms.katalon.core.main.ScriptEngine.runScriptAsRawText(ScriptEngine.java:108)
	at com.kms.katalon.core.main.TestCaseExecutor.runScript(TestCaseExecutor.java:294)
	at com.kms.katalon.core.main.TestCaseExecutor.doExecute(TestCaseExecutor.java:285)
	at com.kms.katalon.core.main.TestCaseExecutor.processExecutionPhase(TestCaseExecutor.java:264)
	at com.kms.katalon.core.main.TestCaseExecutor.accessMainPhase(TestCaseExecutor.java:256)
	at com.kms.katalon.core.main.TestCaseExecutor.execute(TestCaseExecutor.java:200)
	at com.kms.katalon.core.main.TestSuiteExecutor.accessTestCaseMainPhase(TestSuiteExecutor.java:129)
	at com.kms.katalon.core.main.TestSuiteExecutor.accessTestSuiteMainPhase(TestSuiteExecutor.java:112)
	at com.kms.katalon.core.main.TestSuiteExecutor.execute(TestSuiteExecutor.java:81)
	at com.kms.katalon.core.main.TestCaseMain.startTestSuite(TestCaseMain.java:142)
	at com.kms.katalon.core.main.TestCaseMain$startTestSuite$0.call(Unknown Source)
	at org.codehaus.groovy.runtime.callsite.CallSiteArray.defaultCall(CallSiteArray.java:48)
	at org.codehaus.groovy.runtime.callsite.AbstractCallSite.call(AbstractCallSite.java:113)
	at org.codehaus.groovy.runtime.callsite.AbstractCallSite.call(AbstractCallSite.java:141)
	at TempTestSuite1544598049240.run(TempTestSuite1544598049240.groovy:36)
	at groovy.lang.GroovyShell.runScriptOrMainOrTestOrRunnable(GroovyShell.java:263)
	at groovy.lang.GroovyShell.run(GroovyShell.java:518)
	at groovy.lang.GroovyShell.run(GroovyShell.java:507)
	at groovy.ui.GroovyMain.processOnce(GroovyMain.java:653)
	at groovy.ui.GroovyMain.run(GroovyMain.java:384)
	at groovy.ui.GroovyMain.process(GroovyMain.java:370)
	at groovy.ui.GroovyMain.processArgs(GroovyMain.java:129)
	at groovy.ui.GroovyMain.main(GroovyMain.java:109)
	at sun.reflect.NativeMethodAccessorImpl.invoke0(Native Method)
	at sun.reflect.NativeMethodAccessorImpl.invoke(NativeMethodAccessorImpl.java:62)
	at sun.reflect.DelegatingMethodAccessorImpl.invoke(DelegatingMethodAccessorImpl.java:43)
	at java.lang.reflect.Method.invoke(Method.java:498)
	at org.codehaus.groovy.tools.GroovyStarter.rootLoader(GroovyStarter.java:109)
	at org.codehaus.groovy.tools.GroovyStarter.main(GroovyStarter.java:131)
)

2018-12-12 17:51:41 - [TEST_STEP][PASSED] - callTestCase: Call Test Case 'Test Cases/Final Aug 2018 - PKS Automation/Registration Module/Workflow/Form 3 EIS - Cessation As Employer/Template/Form 3 A - Cessation As Employer (OTC)' successfully

2018-12-12 17:51:41 - [TEST_CASE][PASSED] - Test Cases/Final Aug 2018 - PKS Automation/Registration Module/Workflow/Form 3 EIS - Cessation As Employer/Template/Form 3 A - Cessation As Employer (OTC): Test Cases/Final Aug 2018 - PKS Automation/Registration Module/Workflow/Form 3 EIS - Cessation As Employer/Template/Form 3 A - Cessation As Employer (OTC)

2018-12-12 17:51:41 - [TEST_STEP][PASSED] - openBrowser: Browser is opened with url: ''

2018-12-12 17:51:41 - [MESSAGE][WARNING] - A browser is already opened. Closing browser and opening a new one

2018-12-12 17:51:44 - [MESSAGE][PASSED] - Browser is opened with url: ''

2018-12-12 17:51:44 - [TEST_STEP][PASSED] - navigateToUrl: Navigate to 'https://assist2-uat.perkeso.gov.my/login' successfully

2018-12-12 17:51:45 - [MESSAGE][PASSED] - Navigate to 'https://assist2-uat.perkeso.gov.my/login' successfully

2018-12-12 17:51:45 - [TEST_STEP][PASSED] - setText: Text 'johorotc1@gmail.com' is set on object 'Object Repository/Final Object Repo/Login Page/Internal User/Email Address'

2018-12-12 17:51:46 - [MESSAGE][PASSED] - Text 'johorotc1@gmail.com' is set on object 'Object Repository/Final Object Repo/Login Page/Internal User/Email Address'

2018-12-12 17:51:46 - [TEST_STEP][PASSED] - click: Object: 'Object Repository/Final Object Repo/Login Page/Internal User/Next Button' is clicked on

2018-12-12 17:51:46 - [MESSAGE][PASSED] - Object: 'Object Repository/Final Object Repo/Login Page/Internal User/Next Button' is clicked on

2018-12-12 17:51:46 - [TEST_STEP][PASSED] - delay: Delayed 1 second(s)

2018-12-12 17:51:47 - [MESSAGE][PASSED] - Delayed 1 second(s)

2018-12-12 17:51:47 - [TEST_STEP][PASSED] - setEncryptedText: Text ****** has been set on object 'Object Repository/Final Object Repo/Login Page/Internal User/Password'

2018-12-12 17:51:47 - [MESSAGE][PASSED] - Text ****** has been set on object 'Object Repository/Final Object Repo/Login Page/Internal User/Password'

2018-12-12 17:51:47 - [TEST_STEP][PASSED] - click: Object: 'Object Repository/Final Object Repo/Login Page/Internal User/Login Button' is clicked on

2018-12-12 17:51:47 - [MESSAGE][PASSED] - Object: 'Object Repository/Final Object Repo/Login Page/Internal User/Login Button' is clicked on

2018-12-12 17:51:47 - [TEST_STEP][PASSED] - delay: Delayed 1 second(s)

2018-12-12 17:51:48 - [MESSAGE][PASSED] - Delayed 1 second(s)

2018-12-12 17:51:48 - [TEST_STEP][PASSED] - Statement - Try: Delayed 2 second(s)

2018-12-12 17:51:48 - [TEST_STEP][PASSED] - Statement - Checker = false: null

2018-12-12 17:51:48 - [TEST_STEP][PASSED] - Statement - Checker = com.kms.katalon.core.webui.keyword.WebUiBuiltInKeywords.verifyElementHasAttribute(com.kms.katalon.core.testobject.ObjectRepository.findTestObject(Final Object Repo/Landing Page/BM Detecting), "href", 20, OPTIONAL): Object 'Object Repository/Final Object Repo/Landing Page/BM Detecting' has attribute 'href'

2018-12-12 17:51:49 - [MESSAGE][PASSED] - Object 'Object Repository/Final Object Repo/Landing Page/BM Detecting' has attribute 'href'

2018-12-12 17:51:49 - [TEST_STEP][PASSED] - Statement - out.println(Checker): null

2018-12-12 17:51:49 - [TEST_STEP][PASSED] - Statement - If (Checker == false): null

2018-12-12 17:51:49 - [TEST_STEP][PASSED] - Statement - Else: null

2018-12-12 17:51:49 - [TEST_STEP][PASSED] - delay: Delayed 2 second(s)

2018-12-12 17:51:51 - [MESSAGE][PASSED] - Delayed 2 second(s)

2018-12-12 17:51:51 - [TEST_STEP][PASSED] - navigateToUrl: Navigate to 'https://assist2-uat.perkeso.gov.my/web/registration/eis-update/form-3-eis-cessation-as-employer' successfully

2018-12-12 17:51:52 - [MESSAGE][PASSED] - Navigate to 'https://assist2-uat.perkeso.gov.my/web/registration/eis-update/form-3-eis-cessation-as-employer' successfully

2018-12-12 17:51:52 - [TEST_STEP][PASSED] - delay: Delayed 1 second(s)

2018-12-12 17:51:53 - [MESSAGE][PASSED] - Delayed 1 second(s)

2018-12-12 17:51:53 - [TEST_STEP][PASSED] - setText: Text 'E1102069769W' is set on object 'Object Repository/Final Object Repo/Page_Form 3 EIS - Cessation as Employer/Employer Code'

2018-12-12 17:51:53 - [MESSAGE][PASSED] - Text 'E1102069769W' is set on object 'Object Repository/Final Object Repo/Page_Form 3 EIS - Cessation as Employer/Employer Code'

2018-12-12 17:51:53 - [TEST_STEP][PASSED] - click: Object: 'Object Repository/Final Object Repo/Page_Form 3 EIS - Cessation as Employer/Search' is clicked on

2018-12-12 17:51:53 - [MESSAGE][PASSED] - Object: 'Object Repository/Final Object Repo/Page_Form 3 EIS - Cessation as Employer/Search' is clicked on

2018-12-12 17:51:53 - [TEST_STEP][PASSED] - click: Object: 'Object Repository/Final Object Repo/Page_Form 3 EIS - Cessation as Employer/Edit' is clicked on

2018-12-12 17:51:56 - [MESSAGE][PASSED] - Object: 'Object Repository/Final Object Repo/Page_Form 3 EIS - Cessation as Employer/Edit' is clicked on

2018-12-12 17:51:56 - [TEST_STEP][PASSED] - delay: Delayed 1 second(s)

2018-12-12 17:51:57 - [MESSAGE][PASSED] - Delayed 1 second(s)

2018-12-12 17:51:57 - [TEST_STEP][PASSED] - Statement - abc = com.kms.katalon.core.webui.keyword.WebUiBuiltInKeywords.getAttribute(com.kms.katalon.core.testobject.ObjectRepository.findTestObject(Final Object Repo/Page_Form 3 EIS - Cessation as Employer/Employer Status), "value"): Attribute 'value' of object 'Object Repository/Final Object Repo/Page_Form 3 EIS - Cessation as Employer/Employer Status' is: 'Active'

2018-12-12 17:51:57 - [MESSAGE][PASSED] - Attribute 'value' of object 'Object Repository/Final Object Repo/Page_Form 3 EIS - Cessation as Employer/Employer Status' is: 'Active'

2018-12-12 17:51:57 - [TEST_STEP][PASSED] - Statement - out.println(abc): null

2018-12-12 17:51:57 - [TEST_STEP][PASSED] - Statement - If (abc == "Active"): Object: 'Object Repository/Final Object Repo/Page_Form 3 EIS - Cessation as Employer/Dormant EIS' is clicked on

2018-12-12 17:51:57 - [TEST_STEP][PASSED] - click: Object: 'Object Repository/Final Object Repo/Page_Form 3 EIS - Cessation as Employer/Change Employer Status to' is clicked on

2018-12-12 17:51:57 - [MESSAGE][PASSED] - Object: 'Object Repository/Final Object Repo/Page_Form 3 EIS - Cessation as Employer/Change Employer Status to' is clicked on

2018-12-12 17:51:57 - [TEST_STEP][PASSED] - click: Object: 'Object Repository/Final Object Repo/Page_Form 3 EIS - Cessation as Employer/Dormant EIS' is clicked on

2018-12-12 17:51:57 - [MESSAGE][PASSED] - Object: 'Object Repository/Final Object Repo/Page_Form 3 EIS - Cessation as Employer/Dormant EIS' is clicked on

2018-12-12 17:51:57 - [TEST_STEP][PASSED] - click: Object: 'Object Repository/Final Object Repo/Page_Form 3 EIS - Cessation as Employer/Calender' is clicked on

2018-12-12 17:51:57 - [MESSAGE][PASSED] - Object: 'Object Repository/Final Object Repo/Page_Form 3 EIS - Cessation as Employer/Calender' is clicked on

2018-12-12 17:51:57 - [TEST_STEP][PASSED] - delay: Delayed 1 second(s)

2018-12-12 17:51:58 - [MESSAGE][PASSED] - Delayed 1 second(s)

2018-12-12 17:51:58 - [TEST_STEP][PASSED] - click: Object: 'Object Repository/Final Object Repo/Page_Form 3 EIS - Cessation as Employer/Calender - Date' is clicked on

2018-12-12 17:51:58 - [MESSAGE][PASSED] - Object: 'Object Repository/Final Object Repo/Page_Form 3 EIS - Cessation as Employer/Calender - Date' is clicked on

2018-12-12 17:51:58 - [TEST_STEP][PASSED] - click: Object: 'Object Repository/Final Object Repo/Page_Form 3 EIS - Cessation as Employer/Save  Continue in Form 3 EIS Page' is clicked on

2018-12-12 17:51:59 - [MESSAGE][PASSED] - Object: 'Object Repository/Final Object Repo/Page_Form 3 EIS - Cessation as Employer/Save  Continue in Form 3 EIS Page' is clicked on

2018-12-12 17:51:59 - [TEST_STEP][PASSED] - delay: Delayed 1 second(s)

2018-12-12 17:52:00 - [MESSAGE][PASSED] - Delayed 1 second(s)

2018-12-12 17:52:00 - [TEST_STEP][PASSED] - click: Object: 'Object Repository/Final Object Repo/Page_Form 3 EIS - Cessation as Employer/Employment Resign Date' is clicked on

2018-12-12 17:52:00 - [MESSAGE][PASSED] - Object: 'Object Repository/Final Object Repo/Page_Form 3 EIS - Cessation as Employer/Employment Resign Date' is clicked on

2018-12-12 17:52:00 - [TEST_STEP][PASSED] - selectOptionByValue: All options with value '2030' are selected in object 'Object Repository/Final Object Repo/Page_Form 3 EIS - Cessation as Employer/Employment Resign Date - Year' 

2018-12-12 17:52:00 - [MESSAGE][PASSED] - All options with value '2030' are selected in object 'Object Repository/Final Object Repo/Page_Form 3 EIS - Cessation as Employer/Employment Resign Date - Year' 

2018-12-12 17:52:00 - [TEST_STEP][PASSED] - delay: Delayed 2 second(s)

2018-12-12 17:52:02 - [MESSAGE][PASSED] - Delayed 2 second(s)

2018-12-12 17:52:02 - [TEST_STEP][PASSED] - click: Object: 'Object Repository/Final Object Repo/Page_Form 3 EIS - Cessation as Employer/Employment Resign Date - Year - Date' is clicked on

2018-12-12 17:52:02 - [MESSAGE][PASSED] - Object: 'Object Repository/Final Object Repo/Page_Form 3 EIS - Cessation as Employer/Employment Resign Date - Year - Date' is clicked on

2018-12-12 17:52:02 - [TEST_STEP][PASSED] - delay: Delayed 2 second(s)

2018-12-12 17:52:04 - [MESSAGE][PASSED] - Delayed 2 second(s)

2018-12-12 17:52:04 - [TEST_STEP][PASSED] - click: Object: 'Object Repository/Final Object Repo/Page_Form 3 EIS - Cessation as Employer/Save  Continue in Employment Resign Page' is clicked on

2018-12-12 17:52:05 - [MESSAGE][PASSED] - Object: 'Object Repository/Final Object Repo/Page_Form 3 EIS - Cessation as Employer/Save  Continue in Employment Resign Page' is clicked on

2018-12-12 17:52:05 - [TEST_STEP][PASSED] - delay: Delayed 2 second(s)

2018-12-12 17:52:07 - [MESSAGE][PASSED] - Delayed 2 second(s)

2018-12-12 17:52:07 - [TEST_STEP][PASSED] - click: Object: 'Object Repository/Final Object Repo/Page_Form 3 EIS - Cessation as Employer/Set Latest - Yes' is clicked on

2018-12-12 17:52:07 - [MESSAGE][PASSED] - Object: 'Object Repository/Final Object Repo/Page_Form 3 EIS - Cessation as Employer/Set Latest - Yes' is clicked on

2018-12-12 17:52:07 - [TEST_STEP][PASSED] - delay: Delayed 2 second(s)

2018-12-12 17:52:09 - [MESSAGE][PASSED] - Delayed 2 second(s)

2018-12-12 17:52:09 - [TEST_STEP][PASSED] - click: Object: 'Object Repository/Final Object Repo/Page_Form 3 EIS - Cessation as Employer/Add Document' is clicked on

2018-12-12 17:52:10 - [MESSAGE][PASSED] - Object: 'Object Repository/Final Object Repo/Page_Form 3 EIS - Cessation as Employer/Add Document' is clicked on

2018-12-12 17:52:10 - [TEST_STEP][PASSED] - delay: Delayed 3 second(s)

2018-12-12 17:52:13 - [MESSAGE][PASSED] - Delayed 3 second(s)

2018-12-12 17:52:13 - [TEST_STEP][PASSED] - click: Object: 'Object Repository/Final Object Repo/Page_Form 3 EIS - Cessation as Employer/Document Type' is clicked on

2018-12-12 17:52:13 - [MESSAGE][PASSED] - Object: 'Object Repository/Final Object Repo/Page_Form 3 EIS - Cessation as Employer/Document Type' is clicked on

2018-12-12 17:52:13 - [TEST_STEP][PASSED] - click: Object: 'Object Repository/Final Object Repo/Page_Form 3 EIS - Cessation as Employer/Document Type - Form 3' is clicked on

2018-12-12 17:52:13 - [MESSAGE][PASSED] - Object: 'Object Repository/Final Object Repo/Page_Form 3 EIS - Cessation as Employer/Document Type - Form 3' is clicked on

2018-12-12 17:52:13 - [TEST_STEP][PASSED] - delay: Delayed 2 second(s)

2018-12-12 17:52:15 - [MESSAGE][PASSED] - Delayed 2 second(s)

2018-12-12 17:52:15 - [TEST_STEP][PASSED] - sendKeys: Keys 'C:\Users\Public\Pictures\Sample Pictures\Koala.jpg' sent to object: 'Object Repository/Final Object Repo/Page_Form 3 EIS - Cessation as Employer/ploading File'

2018-12-12 17:52:15 - [MESSAGE][PASSED] - Keys 'C:\Users\Public\Pictures\Sample Pictures\Koala.jpg' sent to object: 'Object Repository/Final Object Repo/Page_Form 3 EIS - Cessation as Employer/ploading File'

2018-12-12 17:52:15 - [TEST_STEP][PASSED] - delay: Delayed 1 second(s)

2018-12-12 17:52:16 - [MESSAGE][PASSED] - Delayed 1 second(s)

2018-12-12 17:52:16 - [TEST_STEP][PASSED] - click: Object: 'Object Repository/Final Object Repo/Page_Form 3 EIS - Cessation as Employer/Add Document in Uploading Page' is clicked on

2018-12-12 17:52:17 - [MESSAGE][PASSED] - Object: 'Object Repository/Final Object Repo/Page_Form 3 EIS - Cessation as Employer/Add Document in Uploading Page' is clicked on

2018-12-12 17:52:17 - [TEST_STEP][PASSED] - delay: Delayed 2 second(s)

2018-12-12 17:52:19 - [MESSAGE][PASSED] - Delayed 2 second(s)

2018-12-12 17:52:19 - [TEST_STEP][PASSED] - Statement - CaseReferenceNo = com.kms.katalon.core.webui.keyword.WebUiBuiltInKeywords.getText(com.kms.katalon.core.testobject.ObjectRepository.findTestObject(Final Object Repo/Page_Update Employer Information/Reference Number in Update Employee Information Page)): Text of object 'Object Repository/Final Object Repo/Page_Update Employer Information/Reference Number in Update Employee Information Page' is: 'ERN122018C200002406'

2018-12-12 17:52:21 - [MESSAGE][PASSED] - Text of object 'Object Repository/Final Object Repo/Page_Update Employer Information/Reference Number in Update Employee Information Page' is: 'ERN122018C200002406'

2018-12-12 17:52:21 - [TEST_STEP][PASSED] - callTestCase: Call Test Case 'Test Cases/Final Aug 2018 - PKS Automation/Common/Reference Number Setter' successfully

2018-12-12 17:52:21 - [TEST_CASE][PASSED] - Test Cases/Final Aug 2018 - PKS Automation/Common/Reference Number Setter: Test Cases/Final Aug 2018 - PKS Automation/Common/Reference Number Setter

2018-12-12 17:52:21 - [TEST_STEP][PASSED] - Statement - RefNoOldFile = new java.io.File(C://Users//Admin//Desktop//PKS//Automation Reference Point//KatalonReference.txt): null

2018-12-12 17:52:21 - [TEST_STEP][PASSED] - Statement - RefNoOldFile.delete(): null

2018-12-12 17:52:21 - [TEST_STEP][PASSED] - delay: Delayed 5 second(s)

2018-12-12 17:52:26 - [MESSAGE][PASSED] - Delayed 5 second(s)

2018-12-12 17:52:26 - [TEST_STEP][PASSED] - Statement - RefNo = new java.io.File(C://Users//Admin//Desktop//PKS//Automation Reference Point//KatalonReference.txt): null

2018-12-12 17:52:26 - [TEST_STEP][PASSED] - Statement - f2 = new java.io.FileWriter(RefNo, false): null

2018-12-12 17:52:26 - [TEST_STEP][PASSED] - Statement - f2.write(CaseReferenceNo): null

2018-12-12 17:52:26 - [TEST_STEP][PASSED] - Statement - f2.close(): null

2018-12-12 17:52:26 - [TEST_STEP][PASSED] - Statement - out.println("


" + CaseReferenceNo + "


"): null

2018-12-12 17:52:26 - [MESSAGE][PASSED] - Call Test Case 'Test Cases/Final Aug 2018 - PKS Automation/Common/Reference Number Setter' successfully

2018-12-12 17:52:26 - [TEST_STEP][PASSED] - delay: Delayed 2 second(s)

2018-12-12 17:52:28 - [MESSAGE][PASSED] - Delayed 2 second(s)

2018-12-12 17:52:28 - [TEST_STEP][PASSED] - click: Object: 'Object Repository/Final Object Repo/Page_Form 3 EIS - Cessation as Employer/Save  Continue in Uploading Page' is clicked on

2018-12-12 17:52:28 - [MESSAGE][PASSED] - Object: 'Object Repository/Final Object Repo/Page_Form 3 EIS - Cessation as Employer/Save  Continue in Uploading Page' is clicked on

2018-12-12 17:52:28 - [TEST_STEP][PASSED] - delay: Delayed 2 second(s)

2018-12-12 17:52:30 - [MESSAGE][PASSED] - Delayed 2 second(s)

2018-12-12 17:52:30 - [TEST_STEP][PASSED] - click: Object: 'Object Repository/Final Object Repo/Page_Form 3 EIS - Cessation as Employer/Submit' is clicked on

2018-12-12 17:52:33 - [MESSAGE][PASSED] - Object: 'Object Repository/Final Object Repo/Page_Form 3 EIS - Cessation as Employer/Submit' is clicked on

2018-12-12 17:52:33 - [TEST_STEP][PASSED] - delay: Delayed 2 second(s)

2018-12-12 17:52:35 - [MESSAGE][PASSED] - Delayed 2 second(s)

2018-12-12 17:52:35 - [TEST_STEP][PASSED] - click: Object: 'Object Repository/Final Object Repo/Page_Form 3 EIS - Cessation as Employer/Confirm' is clicked on

2018-12-12 17:52:35 - [MESSAGE][PASSED] - Object: 'Object Repository/Final Object Repo/Page_Form 3 EIS - Cessation as Employer/Confirm' is clicked on

2018-12-12 17:52:35 - [TEST_STEP][PASSED] - delay: Delayed 2 second(s)

2018-12-12 17:52:37 - [MESSAGE][PASSED] - Delayed 2 second(s)

2018-12-12 17:52:37 - [TEST_STEP][PASSED] - click: Object: 'Object Repository/Final Object Repo/Page_Form 3 EIS - Cessation as Employer/Message Your Request will be routed to UO' is clicked on

2018-12-12 17:52:40 - [MESSAGE][PASSED] - Object: 'Object Repository/Final Object Repo/Page_Form 3 EIS - Cessation as Employer/Message Your Request will be routed to UO' is clicked on

2018-12-12 17:52:40 - [TEST_STEP][PASSED] - click: Object: 'Object Repository/Final Object Repo/Page_Form 3 EIS - Cessation as Employer/Letter of acknowledgement' is clicked on

2018-12-12 17:52:41 - [MESSAGE][PASSED] - Object: 'Object Repository/Final Object Repo/Page_Form 3 EIS - Cessation as Employer/Letter of acknowledgement' is clicked on

2018-12-12 17:52:41 - [MESSAGE][PASSED] - Call Test Case 'Test Cases/Final Aug 2018 - PKS Automation/Registration Module/Workflow/Form 3 EIS - Cessation As Employer/Template/Form 3 A - Cessation As Employer (OTC)' successfully

2018-12-12 17:52:41 - [TEST_STEP][FAILED] - callTestCase: Unable to call Test Case with id 'Test Cases/Final Aug 2018 - PKS Automation/Registration Module/Workflow/Form 3 EIS - Cessation As Employer/Template/Form 3 A - Cessation As Employer (Query)' (Root cause: Call Test Case 'Test Cases/Final Aug 2018 - PKS Automation/Registration Module/Workflow/Form 3 EIS - Cessation As Employer/Template/Form 3 A - Cessation As Employer (Query)' failed)

2018-12-12 17:52:41 - [TEST_CASE][FAILED] - Test Cases/Final Aug 2018 - PKS Automation/Registration Module/Workflow/Form 3 EIS - Cessation As Employer/Template/Form 3 A - Cessation As Employer (Query): Test Cases/Final Aug 2018 - PKS Automation/Registration Module/Workflow/Form 3 EIS - Cessation As Employer/Template/Form 3 A - Cessation As Employer (Query) FAILED because (of) (Stack trace: com.kms.katalon.core.exception.StepFailedException: Unable to click on object 'Object Repository/Final Object Repo/Page_Form 3 EIS - Cessation as Employer/Page_Form 3 EIS - Cessation as Employer (Query - OTC - UO)/Next' (Root cause: com.kms.katalon.core.webui.exception.WebElementNotFoundException: Web element with id: 'Object Repository/Final Object Repo/Page_Form 3 EIS - Cessation as Employer/Page_Form 3 EIS - Cessation as Employer (Query - OTC - UO)/Next' located by 'By.xpath: //a[(text() = ' NEXT
						' or . = ' NEXT
						')]' not found)
	at com.kms.katalon.core.keyword.internal.KeywordMain.stepFailed(KeywordMain.groovy:32)
	at com.kms.katalon.core.webui.keyword.internal.WebUIKeywordMain.stepFailed(WebUIKeywordMain.groovy:65)
	at com.kms.katalon.core.webui.keyword.internal.WebUIKeywordMain.runKeyword(WebUIKeywordMain.groovy:27)
	at com.kms.katalon.core.webui.keyword.builtin.ClickKeyword.click(ClickKeyword.groovy:86)
	at com.kms.katalon.core.webui.keyword.builtin.ClickKeyword.execute(ClickKeyword.groovy:67)
	at com.kms.katalon.core.keyword.internal.KeywordExecutor.executeKeywordForPlatform(KeywordExecutor.groovy:53)
	at com.kms.katalon.core.webui.keyword.WebUiBuiltInKeywords.click(WebUiBuiltInKeywords.groovy:616)
	at com.kms.katalon.core.webui.keyword.WebUiBuiltInKeywords$click$2.call(Unknown Source)
	at Script1536114876563.run(Script1536114876563.groovy:87)
	at com.kms.katalon.core.main.ScriptEngine.run(ScriptEngine.java:183)
	at com.kms.katalon.core.main.ScriptEngine.runScriptAsRawText(ScriptEngine.java:108)
	at com.kms.katalon.core.main.TestCaseExecutor.runScript(TestCaseExecutor.java:294)
	at com.kms.katalon.core.main.TestCaseExecutor.doExecute(TestCaseExecutor.java:285)
	at com.kms.katalon.core.main.TestCaseExecutor.processExecutionPhase(TestCaseExecutor.java:264)
	at com.kms.katalon.core.main.TestCaseExecutor.accessMainPhase(TestCaseExecutor.java:256)
	at com.kms.katalon.core.main.TestCaseExecutor.execute(TestCaseExecutor.java:200)
	at com.kms.katalon.core.main.TestCaseMain.runTestCase(TestCaseMain.java:99)
	at com.kms.katalon.core.keyword.builtin.CallTestCaseKeyword$_callTestCase_closure1.doCall(CallTestCaseKeyword.groovy:60)
	at com.kms.katalon.core.keyword.builtin.CallTestCaseKeyword$_callTestCase_closure1.call(CallTestCaseKeyword.groovy)
	at com.kms.katalon.core.keyword.internal.KeywordMain.runKeyword(KeywordMain.groovy:54)
	at com.kms.katalon.core.keyword.builtin.CallTestCaseKeyword.callTestCase(CallTestCaseKeyword.groovy:81)
	at com.kms.katalon.core.keyword.builtin.CallTestCaseKeyword.execute(CallTestCaseKeyword.groovy:45)
	at com.kms.katalon.core.keyword.internal.KeywordExecutor.executeKeywordForPlatform(KeywordExecutor.groovy:53)
	at com.kms.katalon.core.keyword.BuiltinKeywords.callTestCase(BuiltinKeywords.groovy:334)
	at sun.reflect.GeneratedMethodAccessor13.invoke(Unknown Source)
	at sun.reflect.DelegatingMethodAccessorImpl.invoke(DelegatingMethodAccessorImpl.java:43)
	at java.lang.reflect.Method.invoke(Method.java:498)
	at org.codehaus.groovy.reflection.CachedMethod.invoke(CachedMethod.java:93)
	at groovy.lang.MetaMethod.doMethodInvoke(MetaMethod.java:325)
	at groovy.lang.MetaClassImpl.invokeStaticMethod(MetaClassImpl.java:1469)
	at org.codehaus.groovy.runtime.callsite.StaticMetaClassSite.call(StaticMetaClassSite.java:53)
	at org.codehaus.groovy.runtime.callsite.CallSiteArray.defaultCall(CallSiteArray.java:48)
	at org.codehaus.groovy.runtime.callsite.AbstractCallSite.call(AbstractCallSite.java:113)
	at org.codehaus.groovy.runtime.callsite.AbstractCallSite.call(AbstractCallSite.java:141)
	at Script1536204253481.run(Script1536204253481.groovy:25)
	at com.kms.katalon.core.main.ScriptEngine.run(ScriptEngine.java:183)
	at com.kms.katalon.core.main.ScriptEngine.runScriptAsRawText(ScriptEngine.java:108)
	at com.kms.katalon.core.main.TestCaseExecutor.runScript(TestCaseExecutor.java:294)
	at com.kms.katalon.core.main.TestCaseExecutor.doExecute(TestCaseExecutor.java:285)
	at com.kms.katalon.core.main.TestCaseExecutor.processExecutionPhase(TestCaseExecutor.java:264)
	at com.kms.katalon.core.main.TestCaseExecutor.accessMainPhase(TestCaseExecutor.java:256)
	at com.kms.katalon.core.main.TestCaseExecutor.execute(TestCaseExecutor.java:200)
	at com.kms.katalon.core.main.TestSuiteExecutor.accessTestCaseMainPhase(TestSuiteExecutor.java:129)
	at com.kms.katalon.core.main.TestSuiteExecutor.accessTestSuiteMainPhase(TestSuiteExecutor.java:112)
	at com.kms.katalon.core.main.TestSuiteExecutor.execute(TestSuiteExecutor.java:81)
	at com.kms.katalon.core.main.TestCaseMain.startTestSuite(TestCaseMain.java:142)
	at com.kms.katalon.core.main.TestCaseMain$startTestSuite$0.call(Unknown Source)
	at org.codehaus.groovy.runtime.callsite.CallSiteArray.defaultCall(CallSiteArray.java:48)
	at org.codehaus.groovy.runtime.callsite.AbstractCallSite.call(AbstractCallSite.java:113)
	at org.codehaus.groovy.runtime.callsite.AbstractCallSite.call(AbstractCallSite.java:141)
	at TempTestSuite1544598049240.run(TempTestSuite1544598049240.groovy:36)
	at groovy.lang.GroovyShell.runScriptOrMainOrTestOrRunnable(GroovyShell.java:263)
	at groovy.lang.GroovyShell.run(GroovyShell.java:518)
	at groovy.lang.GroovyShell.run(GroovyShell.java:507)
	at groovy.ui.GroovyMain.processOnce(GroovyMain.java:653)
	at groovy.ui.GroovyMain.run(GroovyMain.java:384)
	at groovy.ui.GroovyMain.process(GroovyMain.java:370)
	at groovy.ui.GroovyMain.processArgs(GroovyMain.java:129)
	at groovy.ui.GroovyMain.main(GroovyMain.java:109)
	at sun.reflect.NativeMethodAccessorImpl.invoke0(Native Method)
	at sun.reflect.NativeMethodAccessorImpl.invoke(NativeMethodAccessorImpl.java:62)
	at sun.reflect.DelegatingMethodAccessorImpl.invoke(DelegatingMethodAccessorImpl.java:43)
	at java.lang.reflect.Method.invoke(Method.java:498)
	at org.codehaus.groovy.tools.GroovyStarter.rootLoader(GroovyStarter.java:109)
	at org.codehaus.groovy.tools.GroovyStarter.main(GroovyStarter.java:131)
)

2018-12-12 17:52:41 - [TEST_STEP][NOT_RUN] - callTestCase: NOT_RUN: callTestCase

2018-12-12 17:52:41 - [MESSAGE][NOT_RUN] - NOT_RUN: callTestCase

2018-12-12 17:52:41 - [TEST_STEP][PASSED] - delay: Delayed 1 second(s)

2018-12-12 17:52:42 - [MESSAGE][PASSED] - Delayed 1 second(s)

2018-12-12 17:52:42 - [TEST_STEP][PASSED] - navigateToUrl: Navigate to 'https://assist2-uat.perkeso.gov.my/c/portal/logout' successfully

2018-12-12 17:52:43 - [MESSAGE][PASSED] - Navigate to 'https://assist2-uat.perkeso.gov.my/c/portal/logout' successfully

2018-12-12 17:52:43 - [TEST_STEP][PASSED] - delay: Delayed 1 second(s)

2018-12-12 17:52:44 - [MESSAGE][PASSED] - Delayed 1 second(s)

2018-12-12 17:52:44 - [TEST_STEP][PASSED] - callTestCase: Call Test Case 'Test Cases/Final Aug 2018 - PKS Automation/Common/Reference Number Getter' successfully

2018-12-12 17:52:44 - [TEST_CASE][PASSED] - Test Cases/Final Aug 2018 - PKS Automation/Common/Reference Number Getter: Test Cases/Final Aug 2018 - PKS Automation/Common/Reference Number Getter

2018-12-12 17:52:44 - [TEST_STEP][PASSED] - Statement - Try: null

2018-12-12 17:52:44 - [TEST_STEP][PASSED] - Statement - RefNo = new java.io.File(C://Users//Admin//Desktop//PKS//Automation Reference Point//KatalonReference.txt): null

2018-12-12 17:52:44 - [TEST_STEP][PASSED] - Statement - bufferread = new java.io.BufferedReader(new java.io.FileReader(RefNo)): null

2018-12-12 17:52:44 - [TEST_STEP][PASSED] - Statement - readedVal = bufferread.readLine(): null

2018-12-12 17:52:44 - [TEST_STEP][PASSED] - Statement - out.println(CaseReferenceNo): null

2018-12-12 17:52:44 - [TEST_STEP][PASSED] - Statement - out.println(readedVal): null

2018-12-12 17:52:44 - [TEST_STEP][PASSED] - Statement - CaseReferenceNo = "": null

2018-12-12 17:52:44 - [TEST_STEP][PASSED] - Statement - CaseReferenceNo = readedVal: null

2018-12-12 17:52:44 - [MESSAGE][PASSED] - Call Test Case 'Test Cases/Final Aug 2018 - PKS Automation/Common/Reference Number Getter' successfully

2018-12-12 17:52:44 - [TEST_STEP][PASSED] - callTestCase: Call Test Case 'Test Cases/Final Aug 2018 - PKS Automation/Common/Workflow Owner Finder' successfully

2018-12-12 17:52:44 - [TEST_CASE][PASSED] - Test Cases/Final Aug 2018 - PKS Automation/Common/Workflow Owner Finder: Test Cases/Final Aug 2018 - PKS Automation/Common/Workflow Owner Finder

2018-12-12 17:52:44 - [TEST_STEP][PASSED] - openBrowser: Browser is opened with url: ''

2018-12-12 17:52:44 - [MESSAGE][WARNING] - A browser is already opened. Closing browser and opening a new one

2018-12-12 17:52:47 - [MESSAGE][PASSED] - Browser is opened with url: ''

2018-12-12 17:52:47 - [TEST_STEP][PASSED] - navigateToUrl: Navigate to 'https://assist2-uat.perkeso.gov.my/login' successfully

2018-12-12 17:52:48 - [MESSAGE][PASSED] - Navigate to 'https://assist2-uat.perkeso.gov.my/login' successfully

2018-12-12 17:52:48 - [TEST_STEP][PASSED] - delay: Delayed 5 second(s)

2018-12-12 17:52:53 - [MESSAGE][PASSED] - Delayed 5 second(s)

2018-12-12 17:52:53 - [TEST_STEP][PASSED] - setText: Text 'test@liferay.com' is set on object 'Object Repository/Final Object Repo/Login Page/Internal User/Email Address'

2018-12-12 17:52:53 - [MESSAGE][PASSED] - Text 'test@liferay.com' is set on object 'Object Repository/Final Object Repo/Login Page/Internal User/Email Address'

2018-12-12 17:52:53 - [TEST_STEP][PASSED] - click: Object: 'Object Repository/Final Object Repo/Login Page/Internal User/Next Button' is clicked on

2018-12-12 17:52:53 - [MESSAGE][PASSED] - Object: 'Object Repository/Final Object Repo/Login Page/Internal User/Next Button' is clicked on

2018-12-12 17:52:53 - [TEST_STEP][PASSED] - delay: Delayed 2 second(s)

2018-12-12 17:52:55 - [MESSAGE][PASSED] - Delayed 2 second(s)

2018-12-12 17:52:55 - [TEST_STEP][PASSED] - setText: Text 'test' is set on object 'Object Repository/Final Object Repo/Login Page/Internal User/Password'

2018-12-12 17:52:55 - [MESSAGE][PASSED] - Text 'test' is set on object 'Object Repository/Final Object Repo/Login Page/Internal User/Password'

2018-12-12 17:52:55 - [TEST_STEP][PASSED] - delay: Delayed 2 second(s)

2018-12-12 17:52:57 - [MESSAGE][PASSED] - Delayed 2 second(s)

2018-12-12 17:52:57 - [TEST_STEP][PASSED] - click: Object: 'Object Repository/Final Object Repo/Login Page/Internal User/Login Button' is clicked on

2018-12-12 17:52:57 - [MESSAGE][PASSED] - Object: 'Object Repository/Final Object Repo/Login Page/Internal User/Login Button' is clicked on

2018-12-12 17:52:57 - [TEST_STEP][PASSED] - Statement - tester = com.kms.katalon.core.testobject.ObjectRepository.findTestObject(Final Object Repo/Landing Page/Select to English): Finding Test Object with id 'Object Repository/Final Object Repo/Landing Page/Select to English'

2018-12-12 17:52:57 - [TEST_STEP][PASSED] - Statement - Try: Delayed 2 second(s)

2018-12-12 17:52:57 - [TEST_STEP][PASSED] - Statement - Checker = com.kms.katalon.core.webui.keyword.WebUiBuiltInKeywords.verifyElementNotPresent(tester, 3): Web element with id: 'Object Repository/Final Object Repo/Landing Page/Select to English' located by 'By.xpath: //a[@class = 'taglib-language-list-text' and @lang = 'en-US' and (contains(text(), 'EN') or contains(., 'EN'))]' is not present after '3' second(s)

2018-12-12 17:52:59 - [MESSAGE][PASSED] - Web element with id: 'Object Repository/Final Object Repo/Landing Page/Select to English' located by 'By.xpath: //a[@class = 'taglib-language-list-text' and @lang = 'en-US' and (contains(text(), 'EN') or contains(., 'EN'))]' is not present after '3' second(s)

2018-12-12 17:52:59 - [TEST_STEP][PASSED] - Statement - If (Checker == false): null

2018-12-12 17:52:59 - [TEST_STEP][PASSED] - delay: Delayed 2 second(s)

2018-12-12 17:53:01 - [MESSAGE][PASSED] - Delayed 2 second(s)

2018-12-12 17:53:01 - [TEST_STEP][PASSED] - delay: Delayed 5 second(s)

2018-12-12 17:53:06 - [MESSAGE][PASSED] - Delayed 5 second(s)

2018-12-12 17:53:06 - [TEST_STEP][PASSED] - mouseOver: Object: 'Object Repository/Final Object Repo/Landing Page/WorkFlow Menu' is hovered

2018-12-12 17:53:06 - [MESSAGE][PASSED] - Object: 'Object Repository/Final Object Repo/Landing Page/WorkFlow Menu' is hovered

2018-12-12 17:53:06 - [TEST_STEP][PASSED] - delay: Delayed 2 second(s)

2018-12-12 17:53:08 - [MESSAGE][PASSED] - Delayed 2 second(s)

2018-12-12 17:53:08 - [TEST_STEP][PASSED] - click: Object: 'Object Repository/Final Object Repo/Landing Page/Select to Workflow Listing' is clicked on

2018-12-12 17:53:10 - [MESSAGE][PASSED] - Object: 'Object Repository/Final Object Repo/Landing Page/Select to Workflow Listing' is clicked on

2018-12-12 17:53:10 - [TEST_STEP][PASSED] - delay: Delayed 2 second(s)

2018-12-12 17:53:12 - [MESSAGE][PASSED] - Delayed 2 second(s)

2018-12-12 17:53:12 - [TEST_STEP][PASSED] - click: Object: 'Object Repository/Final Object Repo/WorkFlow Listing Page/Search Information - To Put Ref No' is clicked on

2018-12-12 17:53:12 - [MESSAGE][PASSED] - Object: 'Object Repository/Final Object Repo/WorkFlow Listing Page/Search Information - To Put Ref No' is clicked on

2018-12-12 17:53:12 - [TEST_STEP][PASSED] - delay: Delayed 2 second(s)

2018-12-12 17:53:14 - [MESSAGE][PASSED] - Delayed 2 second(s)

2018-12-12 17:53:14 - [TEST_STEP][PASSED] - callTestCase: Call Test Case 'Test Cases/Final Aug 2018 - PKS Automation/Common/Reference Number Getter' successfully

2018-12-12 17:53:14 - [TEST_CASE][PASSED] - Test Cases/Final Aug 2018 - PKS Automation/Common/Reference Number Getter: Test Cases/Final Aug 2018 - PKS Automation/Common/Reference Number Getter

2018-12-12 17:53:14 - [TEST_STEP][PASSED] - Statement - Try: null

2018-12-12 17:53:14 - [TEST_STEP][PASSED] - Statement - RefNo = new java.io.File(C://Users//Admin//Desktop//PKS//Automation Reference Point//KatalonReference.txt): null

2018-12-12 17:53:14 - [TEST_STEP][PASSED] - Statement - bufferread = new java.io.BufferedReader(new java.io.FileReader(RefNo)): null

2018-12-12 17:53:14 - [TEST_STEP][PASSED] - Statement - readedVal = bufferread.readLine(): null

2018-12-12 17:53:14 - [TEST_STEP][PASSED] - Statement - out.println(CaseReferenceNo): null

2018-12-12 17:53:14 - [TEST_STEP][PASSED] - Statement - out.println(readedVal): null

2018-12-12 17:53:14 - [TEST_STEP][PASSED] - Statement - CaseReferenceNo = "": null

2018-12-12 17:53:14 - [TEST_STEP][PASSED] - Statement - CaseReferenceNo = readedVal: null

2018-12-12 17:53:14 - [MESSAGE][PASSED] - Call Test Case 'Test Cases/Final Aug 2018 - PKS Automation/Common/Reference Number Getter' successfully

2018-12-12 17:53:14 - [TEST_STEP][PASSED] - setText: Text 'ERN122018C200002406' is set on object 'Object Repository/Final Object Repo/WorkFlow Listing Page/Ref No Set Text'

2018-12-12 17:53:14 - [MESSAGE][PASSED] - Text 'ERN122018C200002406' is set on object 'Object Repository/Final Object Repo/WorkFlow Listing Page/Ref No Set Text'

2018-12-12 17:53:14 - [TEST_STEP][PASSED] - delay: Delayed 2 second(s)

2018-12-12 17:53:16 - [MESSAGE][PASSED] - Delayed 2 second(s)

2018-12-12 17:53:16 - [TEST_STEP][PASSED] - click: Object: 'Object Repository/Final Object Repo/WorkFlow Listing Page/Search Ref No Search Button' is clicked on

2018-12-12 17:53:16 - [MESSAGE][PASSED] - Object: 'Object Repository/Final Object Repo/WorkFlow Listing Page/Search Ref No Search Button' is clicked on

2018-12-12 17:53:16 - [TEST_STEP][PASSED] - delay: Delayed 6 second(s)

2018-12-12 17:53:22 - [MESSAGE][PASSED] - Delayed 6 second(s)

2018-12-12 17:53:22 - [TEST_STEP][PASSED] - click: Object: 'Object Repository/Final Object Repo/WorkFlow Listing Page/Click Continue Tooltip' is clicked on

2018-12-12 17:53:23 - [MESSAGE][PASSED] - Object: 'Object Repository/Final Object Repo/WorkFlow Listing Page/Click Continue Tooltip' is clicked on

2018-12-12 17:53:23 - [TEST_STEP][PASSED] - delay: Delayed 5 second(s)

2018-12-12 17:53:28 - [MESSAGE][PASSED] - Delayed 5 second(s)

2018-12-12 17:53:28 - [TEST_STEP][PASSED] - doubleClick: Object: 'Object Repository/Final Object Repo/WorkFlow Listing Page/Workflow Found - Listing 1' is double clicked on

2018-12-12 17:53:28 - [MESSAGE][PASSED] - Object: 'Object Repository/Final Object Repo/WorkFlow Listing Page/Workflow Found - Listing 1' is double clicked on

2018-12-12 17:53:28 - [TEST_STEP][PASSED] - Statement - println(OwnerID): null

2018-12-12 17:53:28 - [TEST_STEP][PASSED] - Statement - OwnerID = com.kms.katalon.core.webui.keyword.WebUiBuiltInKeywords.getText(com.kms.katalon.core.testobject.ObjectRepository.findTestObject(Final Object Repo/WorkFlow Listing Page/Workflow Found - Listing 1), STOP_ON_FAILURE): Text of object 'Object Repository/Final Object Repo/WorkFlow Listing Page/Workflow Found - Listing 1' is: 'JOHORuo1'

2018-12-12 17:53:29 - [MESSAGE][PASSED] - Text of object 'Object Repository/Final Object Repo/WorkFlow Listing Page/Workflow Found - Listing 1' is: 'JOHORuo1'

2018-12-12 17:53:29 - [TEST_STEP][PASSED] - Statement - OwnerID = OwnerID.toLowerCase() + "@gmail.com": null

2018-12-12 17:53:29 - [TEST_STEP][PASSED] - Statement - println(OwnerID): null

2018-12-12 17:53:29 - [TEST_STEP][PASSED] - delay: Delayed 2 second(s)

2018-12-12 17:53:31 - [MESSAGE][PASSED] - Delayed 2 second(s)

2018-12-12 17:53:31 - [MESSAGE][PASSED] - Call Test Case 'Test Cases/Final Aug 2018 - PKS Automation/Common/Workflow Owner Finder' successfully

2018-12-12 17:53:31 - [TEST_STEP][PASSED] - delay: Delayed 1 second(s)

2018-12-12 17:53:32 - [MESSAGE][PASSED] - Delayed 1 second(s)

2018-12-12 17:53:32 - [TEST_STEP][PASSED] - navigateToUrl: Navigate to 'https://assist2-uat.perkeso.gov.my/c/portal/logout' successfully

2018-12-12 17:53:32 - [MESSAGE][PASSED] - Navigate to 'https://assist2-uat.perkeso.gov.my/c/portal/logout' successfully

2018-12-12 17:53:32 - [TEST_STEP][PASSED] - delay: Delayed 1 second(s)

2018-12-12 17:53:33 - [MESSAGE][PASSED] - Delayed 1 second(s)

2018-12-12 17:53:33 - [TEST_STEP][PASSED] - callTestCase: Call Test Case 'Test Cases/Final Aug 2018 - PKS Automation/Registration Module/Workflow/Login and Search Case For Workflow' successfully

2018-12-12 17:53:33 - [TEST_CASE][PASSED] - Test Cases/Final Aug 2018 - PKS Automation/Registration Module/Workflow/Login and Search Case For Workflow: Test Cases/Final Aug 2018 - PKS Automation/Registration Module/Workflow/Login and Search Case For Workflow

2018-12-12 17:53:33 - [TEST_STEP][PASSED] - navigateToUrl: Navigate to 'https://assist2-uat.perkeso.gov.my/login' successfully

2018-12-12 17:53:34 - [MESSAGE][PASSED] - Navigate to 'https://assist2-uat.perkeso.gov.my/login' successfully

2018-12-12 17:53:34 - [TEST_STEP][PASSED] - setText: Text 'johoruo1@gmail.com' is set on object 'Object Repository/Final Object Repo/Login Page/Internal User/Email Address'

2018-12-12 17:53:34 - [MESSAGE][PASSED] - Text 'johoruo1@gmail.com' is set on object 'Object Repository/Final Object Repo/Login Page/Internal User/Email Address'

2018-12-12 17:53:34 - [TEST_STEP][PASSED] - click: Object: 'Object Repository/Final Object Repo/Login Page/Internal User/Next Button' is clicked on

2018-12-12 17:53:34 - [MESSAGE][PASSED] - Object: 'Object Repository/Final Object Repo/Login Page/Internal User/Next Button' is clicked on

2018-12-12 17:53:34 - [TEST_STEP][PASSED] - delay: Delayed 1 second(s)

2018-12-12 17:53:35 - [MESSAGE][PASSED] - Delayed 1 second(s)

2018-12-12 17:53:35 - [TEST_STEP][PASSED] - setEncryptedText: Text ****** has been set on object 'Object Repository/Final Object Repo/Login Page/Internal User/Password'

2018-12-12 17:53:36 - [MESSAGE][PASSED] - Text ****** has been set on object 'Object Repository/Final Object Repo/Login Page/Internal User/Password'

2018-12-12 17:53:36 - [TEST_STEP][PASSED] - click: Object: 'Object Repository/Final Object Repo/Login Page/Internal User/Login Button' is clicked on

2018-12-12 17:53:36 - [MESSAGE][PASSED] - Object: 'Object Repository/Final Object Repo/Login Page/Internal User/Login Button' is clicked on

2018-12-12 17:53:36 - [TEST_STEP][PASSED] - delay: Delayed 2 second(s)

2018-12-12 17:53:38 - [MESSAGE][PASSED] - Delayed 2 second(s)

2018-12-12 17:53:38 - [TEST_STEP][PASSED] - Statement - Try: Delayed 2 second(s)

2018-12-12 17:53:38 - [TEST_STEP][PASSED] - Statement - Checker = false: null

2018-12-12 17:53:38 - [TEST_STEP][PASSED] - Statement - Checker = com.kms.katalon.core.webui.keyword.WebUiBuiltInKeywords.verifyElementHasAttribute(com.kms.katalon.core.testobject.ObjectRepository.findTestObject(Final Object Repo/Landing Page/BM Detecting), "href", 20, OPTIONAL): Object 'Object Repository/Final Object Repo/Landing Page/BM Detecting' has attribute 'href'

2018-12-12 17:53:38 - [MESSAGE][PASSED] - Object 'Object Repository/Final Object Repo/Landing Page/BM Detecting' has attribute 'href'

2018-12-12 17:53:38 - [TEST_STEP][PASSED] - Statement - out.println(Checker): null

2018-12-12 17:53:38 - [TEST_STEP][PASSED] - Statement - If (Checker == false): null

2018-12-12 17:53:38 - [TEST_STEP][PASSED] - Statement - Else: null

2018-12-12 17:53:38 - [TEST_STEP][PASSED] - delay: Delayed 2 second(s)

2018-12-12 17:53:40 - [MESSAGE][PASSED] - Delayed 2 second(s)

2018-12-12 17:53:40 - [TEST_STEP][PASSED] - click: Object: 'Object Repository/Final Object Repo/Page_MyASSIST - ASSIST - Search Pending Case For Add Supporting Document/Search Information' is clicked on

2018-12-12 17:53:40 - [MESSAGE][PASSED] - Object: 'Object Repository/Final Object Repo/Page_MyASSIST - ASSIST - Search Pending Case For Add Supporting Document/Search Information' is clicked on

2018-12-12 17:53:40 - [TEST_STEP][PASSED] - delay: Delayed 3 second(s)

2018-12-12 17:53:43 - [MESSAGE][PASSED] - Delayed 3 second(s)

2018-12-12 17:53:43 - [TEST_STEP][PASSED] - sendKeys: Keys 'ERN122018C200002406' sent to object: 'Object Repository/Final Object Repo/Page_MyASSIST - ASSIST - Search Pending Case For Add Supporting Document/Reference No'

2018-12-12 17:53:43 - [MESSAGE][PASSED] - Keys 'ERN122018C200002406' sent to object: 'Object Repository/Final Object Repo/Page_MyASSIST - ASSIST - Search Pending Case For Add Supporting Document/Reference No'

2018-12-12 17:53:43 - [TEST_STEP][PASSED] - click: Object: 'Object Repository/Final Object Repo/Page_MyASSIST - ASSIST - Search Pending Case For Add Supporting Document/Search Reference No' is clicked on

2018-12-12 17:53:43 - [MESSAGE][PASSED] - Object: 'Object Repository/Final Object Repo/Page_MyASSIST - ASSIST - Search Pending Case For Add Supporting Document/Search Reference No' is clicked on

2018-12-12 17:53:43 - [TEST_STEP][PASSED] - delay: Delayed 2 second(s)

2018-12-12 17:53:45 - [MESSAGE][PASSED] - Delayed 2 second(s)

2018-12-12 17:53:45 - [TEST_STEP][PASSED] - click: Object: 'Object Repository/Final Object Repo/Page_MyASSIST - ASSIST - Search Pending Case For Add Supporting Document/Continue' is clicked on

2018-12-12 17:53:49 - [MESSAGE][PASSED] - Object: 'Object Repository/Final Object Repo/Page_MyASSIST - ASSIST - Search Pending Case For Add Supporting Document/Continue' is clicked on

2018-12-12 17:53:49 - [TEST_STEP][PASSED] - delay: Delayed 20 second(s)

2018-12-12 17:54:09 - [MESSAGE][PASSED] - Delayed 20 second(s)

2018-12-12 17:54:09 - [MESSAGE][PASSED] - Call Test Case 'Test Cases/Final Aug 2018 - PKS Automation/Registration Module/Workflow/Login and Search Case For Workflow' successfully

2018-12-12 17:54:09 - [TEST_STEP][PASSED] - click: Object: 'Object Repository/Final Object Repo/Page_Form 3 EIS - Cessation as Employer/Page_Form 3 EIS - Cessation as Employer (Approve)/Save  Continue in Form 3 Page' is clicked on

2018-12-12 17:54:09 - [MESSAGE][PASSED] - Object: 'Object Repository/Final Object Repo/Page_Form 3 EIS - Cessation as Employer/Page_Form 3 EIS - Cessation as Employer (Approve)/Save  Continue in Form 3 Page' is clicked on

2018-12-12 17:54:09 - [TEST_STEP][PASSED] - delay: Delayed 4 second(s)

2018-12-12 17:54:13 - [MESSAGE][PASSED] - Delayed 4 second(s)

2018-12-12 17:54:13 - [TEST_STEP][PASSED] - click: Object: 'Object Repository/Final Object Repo/Page_Form 3 EIS - Cessation as Employer/Page_Form 3 EIS - Cessation as Employer (Approve)/Save  Continue in Resigned Page' is clicked on

2018-12-12 17:54:13 - [MESSAGE][PASSED] - Object: 'Object Repository/Final Object Repo/Page_Form 3 EIS - Cessation as Employer/Page_Form 3 EIS - Cessation as Employer (Approve)/Save  Continue in Resigned Page' is clicked on

2018-12-12 17:54:13 - [TEST_STEP][PASSED] - delay: Delayed 2 second(s)

2018-12-12 17:54:15 - [MESSAGE][PASSED] - Delayed 2 second(s)

2018-12-12 17:54:15 - [TEST_STEP][PASSED] - setText: Text 'Remark' is set on object 'Object Repository/Final Object Repo/Page_Form 3 EIS - Cessation as Employer/Page_Form 3 EIS - Cessation as Employer (Query)/Query - Remark'

2018-12-12 17:54:16 - [MESSAGE][PASSED] - Text 'Remark' is set on object 'Object Repository/Final Object Repo/Page_Form 3 EIS - Cessation as Employer/Page_Form 3 EIS - Cessation as Employer (Query)/Query - Remark'

2018-12-12 17:54:16 - [TEST_STEP][PASSED] - delay: Delayed 2 second(s)

2018-12-12 17:54:18 - [MESSAGE][PASSED] - Delayed 2 second(s)

2018-12-12 17:54:18 - [TEST_STEP][PASSED] - click: Object: 'Object Repository/Final Object Repo/Page_Form 3 EIS - Cessation as Employer/Page_Form 3 EIS - Cessation as Employer (Query)/Save  Continue' is clicked on

2018-12-12 17:54:18 - [MESSAGE][PASSED] - Object: 'Object Repository/Final Object Repo/Page_Form 3 EIS - Cessation as Employer/Page_Form 3 EIS - Cessation as Employer (Query)/Save  Continue' is clicked on

2018-12-12 17:54:18 - [TEST_STEP][PASSED] - delay: Delayed 2 second(s)

2018-12-12 17:54:20 - [MESSAGE][PASSED] - Delayed 2 second(s)

2018-12-12 17:54:20 - [TEST_STEP][PASSED] - click: Object: 'Object Repository/Final Object Repo/Page_Form 3 EIS - Cessation as Employer/Page_Form 3 EIS - Cessation as Employer (Query)/Query' is clicked on

2018-12-12 17:54:23 - [MESSAGE][PASSED] - Object: 'Object Repository/Final Object Repo/Page_Form 3 EIS - Cessation as Employer/Page_Form 3 EIS - Cessation as Employer (Query)/Query' is clicked on

2018-12-12 17:54:23 - [TEST_STEP][PASSED] - delay: Delayed 2 second(s)

2018-12-12 17:54:25 - [MESSAGE][PASSED] - Delayed 2 second(s)

2018-12-12 17:54:25 - [TEST_STEP][PASSED] - click: Object: 'Object Repository/Final Object Repo/Page_Form 3 EIS - Cessation as Employer/Page_Form 3 EIS - Cessation as Employer (Query)/Confirm' is clicked on

2018-12-12 17:54:33 - [MESSAGE][PASSED] - Object: 'Object Repository/Final Object Repo/Page_Form 3 EIS - Cessation as Employer/Page_Form 3 EIS - Cessation as Employer (Query)/Confirm' is clicked on

2018-12-12 17:54:33 - [TEST_STEP][PASSED] - delay: Delayed 2 second(s)

2018-12-12 17:54:35 - [MESSAGE][PASSED] - Delayed 2 second(s)

2018-12-12 17:54:35 - [TEST_STEP][PASSED] - click: Object: 'Object Repository/Final Object Repo/Page_Form 3 EIS - Cessation as Employer/Page_Form 3 EIS - Cessation as Employer (Query)/Message The Case Is Under Query' is clicked on

2018-12-12 17:54:35 - [MESSAGE][PASSED] - Object: 'Object Repository/Final Object Repo/Page_Form 3 EIS - Cessation as Employer/Page_Form 3 EIS - Cessation as Employer (Query)/Message The Case Is Under Query' is clicked on

2018-12-12 17:54:35 - [TEST_STEP][PASSED] - click: Object: 'Object Repository/Final Object Repo/Page_Form 3 EIS - Cessation as Employer/Page_Form 3 EIS - Cessation as Employer (Query)/Letter of inquiry' is clicked on

2018-12-12 17:54:36 - [MESSAGE][PASSED] - Object: 'Object Repository/Final Object Repo/Page_Form 3 EIS - Cessation as Employer/Page_Form 3 EIS - Cessation as Employer (Query)/Letter of inquiry' is clicked on

2018-12-12 17:54:36 - [TEST_STEP][PASSED] - delay: Delayed 1 second(s)

2018-12-12 17:54:37 - [MESSAGE][PASSED] - Delayed 1 second(s)

2018-12-12 17:54:37 - [TEST_STEP][PASSED] - navigateToUrl: Navigate to 'https://assist2-uat.perkeso.gov.my/c/portal/logout' successfully

2018-12-12 17:54:37 - [MESSAGE][PASSED] - Navigate to 'https://assist2-uat.perkeso.gov.my/c/portal/logout' successfully

2018-12-12 17:54:37 - [TEST_STEP][PASSED] - delay: Delayed 1 second(s)

2018-12-12 17:54:38 - [MESSAGE][PASSED] - Delayed 1 second(s)

2018-12-12 17:54:38 - [TEST_STEP][PASSED] - callTestCase: Call Test Case 'Test Cases/Final Aug 2018 - PKS Automation/Registration Module/Workflow/Login and Search Case For Workflow' successfully

2018-12-12 17:54:39 - [TEST_CASE][PASSED] - Test Cases/Final Aug 2018 - PKS Automation/Registration Module/Workflow/Login and Search Case For Workflow: Test Cases/Final Aug 2018 - PKS Automation/Registration Module/Workflow/Login and Search Case For Workflow

2018-12-12 17:54:39 - [TEST_STEP][PASSED] - navigateToUrl: Navigate to 'https://assist2-uat.perkeso.gov.my/login' successfully

2018-12-12 17:54:39 - [MESSAGE][PASSED] - Navigate to 'https://assist2-uat.perkeso.gov.my/login' successfully

2018-12-12 17:54:39 - [TEST_STEP][PASSED] - setText: Text 'johoruo1@gmail.com' is set on object 'Object Repository/Final Object Repo/Login Page/Internal User/Email Address'

2018-12-12 17:54:39 - [MESSAGE][PASSED] - Text 'johoruo1@gmail.com' is set on object 'Object Repository/Final Object Repo/Login Page/Internal User/Email Address'

2018-12-12 17:54:39 - [TEST_STEP][PASSED] - click: Object: 'Object Repository/Final Object Repo/Login Page/Internal User/Next Button' is clicked on

2018-12-12 17:54:40 - [MESSAGE][PASSED] - Object: 'Object Repository/Final Object Repo/Login Page/Internal User/Next Button' is clicked on

2018-12-12 17:54:40 - [TEST_STEP][PASSED] - delay: Delayed 1 second(s)

2018-12-12 17:54:41 - [MESSAGE][PASSED] - Delayed 1 second(s)

2018-12-12 17:54:41 - [TEST_STEP][PASSED] - setEncryptedText: Text ****** has been set on object 'Object Repository/Final Object Repo/Login Page/Internal User/Password'

2018-12-12 17:54:41 - [MESSAGE][PASSED] - Text ****** has been set on object 'Object Repository/Final Object Repo/Login Page/Internal User/Password'

2018-12-12 17:54:41 - [TEST_STEP][PASSED] - click: Object: 'Object Repository/Final Object Repo/Login Page/Internal User/Login Button' is clicked on

2018-12-12 17:54:41 - [MESSAGE][PASSED] - Object: 'Object Repository/Final Object Repo/Login Page/Internal User/Login Button' is clicked on

2018-12-12 17:54:41 - [TEST_STEP][PASSED] - delay: Delayed 2 second(s)

2018-12-12 17:54:43 - [MESSAGE][PASSED] - Delayed 2 second(s)

2018-12-12 17:54:43 - [TEST_STEP][PASSED] - Statement - Try: Delayed 2 second(s)

2018-12-12 17:54:43 - [TEST_STEP][PASSED] - Statement - Checker = false: null

2018-12-12 17:54:43 - [TEST_STEP][PASSED] - Statement - Checker = com.kms.katalon.core.webui.keyword.WebUiBuiltInKeywords.verifyElementHasAttribute(com.kms.katalon.core.testobject.ObjectRepository.findTestObject(Final Object Repo/Landing Page/BM Detecting), "href", 20, OPTIONAL): Object 'Object Repository/Final Object Repo/Landing Page/BM Detecting' has attribute 'href'

2018-12-12 17:54:43 - [MESSAGE][PASSED] - Object 'Object Repository/Final Object Repo/Landing Page/BM Detecting' has attribute 'href'

2018-12-12 17:54:43 - [TEST_STEP][PASSED] - Statement - out.println(Checker): null

2018-12-12 17:54:43 - [TEST_STEP][PASSED] - Statement - If (Checker == false): null

2018-12-12 17:54:43 - [TEST_STEP][PASSED] - Statement - Else: null

2018-12-12 17:54:43 - [TEST_STEP][PASSED] - delay: Delayed 2 second(s)

2018-12-12 17:54:45 - [MESSAGE][PASSED] - Delayed 2 second(s)

2018-12-12 17:54:45 - [TEST_STEP][PASSED] - click: Object: 'Object Repository/Final Object Repo/Page_MyASSIST - ASSIST - Search Pending Case For Add Supporting Document/Search Information' is clicked on

2018-12-12 17:54:45 - [MESSAGE][PASSED] - Object: 'Object Repository/Final Object Repo/Page_MyASSIST - ASSIST - Search Pending Case For Add Supporting Document/Search Information' is clicked on

2018-12-12 17:54:45 - [TEST_STEP][PASSED] - delay: Delayed 3 second(s)

2018-12-12 17:54:48 - [MESSAGE][PASSED] - Delayed 3 second(s)

2018-12-12 17:54:48 - [TEST_STEP][PASSED] - sendKeys: Keys 'ERN122018C200002406' sent to object: 'Object Repository/Final Object Repo/Page_MyASSIST - ASSIST - Search Pending Case For Add Supporting Document/Reference No'

2018-12-12 17:54:48 - [MESSAGE][PASSED] - Keys 'ERN122018C200002406' sent to object: 'Object Repository/Final Object Repo/Page_MyASSIST - ASSIST - Search Pending Case For Add Supporting Document/Reference No'

2018-12-12 17:54:48 - [TEST_STEP][PASSED] - click: Object: 'Object Repository/Final Object Repo/Page_MyASSIST - ASSIST - Search Pending Case For Add Supporting Document/Search Reference No' is clicked on

2018-12-12 17:54:49 - [MESSAGE][PASSED] - Object: 'Object Repository/Final Object Repo/Page_MyASSIST - ASSIST - Search Pending Case For Add Supporting Document/Search Reference No' is clicked on

2018-12-12 17:54:49 - [TEST_STEP][PASSED] - delay: Delayed 2 second(s)

2018-12-12 17:54:51 - [MESSAGE][PASSED] - Delayed 2 second(s)

2018-12-12 17:54:51 - [TEST_STEP][PASSED] - click: Object: 'Object Repository/Final Object Repo/Page_MyASSIST - ASSIST - Search Pending Case For Add Supporting Document/Continue' is clicked on

2018-12-12 17:54:54 - [MESSAGE][PASSED] - Object: 'Object Repository/Final Object Repo/Page_MyASSIST - ASSIST - Search Pending Case For Add Supporting Document/Continue' is clicked on

2018-12-12 17:54:54 - [TEST_STEP][PASSED] - delay: Delayed 20 second(s)

2018-12-12 17:55:14 - [MESSAGE][PASSED] - Delayed 20 second(s)

2018-12-12 17:55:14 - [MESSAGE][PASSED] - Call Test Case 'Test Cases/Final Aug 2018 - PKS Automation/Registration Module/Workflow/Login and Search Case For Workflow' successfully

2018-12-12 17:55:14 - [TEST_STEP][PASSED] - navigateToUrl: Navigate to 'https://assist2-uat.perkeso.gov.my/web/registration/eis-update/form-3-eis-cessation-as-employer?p_p_id=searchforemployersip_WAR_registrationportlet&p_p_lifecycle=0&_searchforemployersip_WAR_registrationportlet_regViewKey=87&_searchforemployersip_WAR_registrationportlet_browserIdKey=1536115932192&_searchforemployersip_WAR_registrationportlet_tempEmployerIdKey=128990&_searchforemployersip_WAR_registrationportlet_employerIdKey=&_searchforemployersip_WAR_registrationportlet_refCaseNo=ERN092018C200002133&_searchforemployersip_WAR_registrationportlet_mvcPath=%2Fapps%2Freg%2Fdiscontinue_business_sip%2Fdiscontinue_business_sip_form.jsp&_searchforemployersip_WAR_registrationportlet_regSectionKey=215' successfully

2018-12-12 17:55:17 - [MESSAGE][PASSED] - Navigate to 'https://assist2-uat.perkeso.gov.my/web/registration/eis-update/form-3-eis-cessation-as-employer?p_p_id=searchforemployersip_WAR_registrationportlet&p_p_lifecycle=0&_searchforemployersip_WAR_registrationportlet_regViewKey=87&_searchforemployersip_WAR_registrationportlet_browserIdKey=1536115932192&_searchforemployersip_WAR_registrationportlet_tempEmployerIdKey=128990&_searchforemployersip_WAR_registrationportlet_employerIdKey=&_searchforemployersip_WAR_registrationportlet_refCaseNo=ERN092018C200002133&_searchforemployersip_WAR_registrationportlet_mvcPath=%2Fapps%2Freg%2Fdiscontinue_business_sip%2Fdiscontinue_business_sip_form.jsp&_searchforemployersip_WAR_registrationportlet_regSectionKey=215' successfully

2018-12-12 17:55:17 - [TEST_STEP][PASSED] - delay: Delayed 5 second(s)

2018-12-12 17:55:22 - [MESSAGE][PASSED] - Delayed 5 second(s)

2018-12-12 17:55:22 - [TEST_STEP][FAILED] - click: Unable to click on object 'Object Repository/Final Object Repo/Page_Form 3 EIS - Cessation as Employer/Page_Form 3 EIS - Cessation as Employer (Query - OTC - UO)/Next' (Root cause: com.kms.katalon.core.webui.exception.WebElementNotFoundException: Web element with id: 'Object Repository/Final Object Repo/Page_Form 3 EIS - Cessation as Employer/Page_Form 3 EIS - Cessation as Employer (Query - OTC - UO)/Next' located by 'By.xpath: //a[(text() = ' NEXT
						' or . = ' NEXT
						')]' not found)

2018-12-12 17:55:55 - [MESSAGE][FAILED] - Unable to click on object 'Object Repository/Final Object Repo/Page_Form 3 EIS - Cessation as Employer/Page_Form 3 EIS - Cessation as Employer (Query - OTC - UO)/Next' (Root cause: com.kms.katalon.core.webui.exception.WebElementNotFoundException: Web element with id: 'Object Repository/Final Object Repo/Page_Form 3 EIS - Cessation as Employer/Page_Form 3 EIS - Cessation as Employer (Query - OTC - UO)/Next' located by 'By.xpath: //a[(text() = ' NEXT
						' or . = ' NEXT
						')]' not found)
[[ATTACHMENT|C:\\Users\\Admin\\Desktop\\PKS\\Perkeso Phase A\\Reports\\Workflow\\Form 3 EIS - Cessation as Employer\\20181212_150049\\1544608555006.png]]

2018-12-12 17:55:55 - [TEST_STEP][PASSED] - delay: Delayed 2 second(s)

2018-12-12 17:55:57 - [MESSAGE][PASSED] - Delayed 2 second(s)

2018-12-12 17:55:57 - [TEST_STEP][FAILED] - click: Unable to click on object 'Object Repository/Final Object Repo/Page_Form 3 EIS - Cessation as Employer/Page_Form 3 EIS - Cessation as Employer (Query - OTC - UO)/Next in Resigned Page' (Root cause: com.kms.katalon.core.webui.exception.WebElementNotFoundException: Web element with id: 'Object Repository/Final Object Repo/Page_Form 3 EIS - Cessation as Employer/Page_Form 3 EIS - Cessation as Employer (Query - OTC - UO)/Next in Resigned Page' located by 'By.xpath: //a[(text() = ' NEXT
					' or . = ' NEXT
					')]' not found)

2018-12-12 17:56:30 - [MESSAGE][FAILED] - Unable to click on object 'Object Repository/Final Object Repo/Page_Form 3 EIS - Cessation as Employer/Page_Form 3 EIS - Cessation as Employer (Query - OTC - UO)/Next in Resigned Page' (Root cause: com.kms.katalon.core.webui.exception.WebElementNotFoundException: Web element with id: 'Object Repository/Final Object Repo/Page_Form 3 EIS - Cessation as Employer/Page_Form 3 EIS - Cessation as Employer (Query - OTC - UO)/Next in Resigned Page' located by 'By.xpath: //a[(text() = ' NEXT
					' or . = ' NEXT
					')]' not found)
[[ATTACHMENT|C:\\Users\\Admin\\Desktop\\PKS\\Perkeso Phase A\\Reports\\Workflow\\Form 3 EIS - Cessation as Employer\\20181212_150049\\1544608589673.png]]

2018-12-12 17:56:30 - [TEST_STEP][PASSED] - delay: Delayed 2 second(s)

2018-12-12 17:56:32 - [MESSAGE][PASSED] - Delayed 2 second(s)

2018-12-12 17:56:32 - [TEST_STEP][FAILED] - click: Unable to click on object 'Object Repository/Final Object Repo/Page_Form 3 EIS - Cessation as Employer/Page_Form 3 EIS - Cessation as Employer (Query - OTC - UO)/Add Document' (Root cause: com.kms.katalon.core.webui.exception.WebElementNotFoundException: Web element with id: 'Object Repository/Final Object Repo/Page_Form 3 EIS - Cessation as Employer/Page_Form 3 EIS - Cessation as Employer (Query - OTC - UO)/Add Document' located by 'By.xpath: //a[(text() = '
					ADD DOCUMENT
	             ' or . = '
					ADD DOCUMENT
	             ')]' not found)

2018-12-12 17:57:05 - [MESSAGE][FAILED] - Unable to click on object 'Object Repository/Final Object Repo/Page_Form 3 EIS - Cessation as Employer/Page_Form 3 EIS - Cessation as Employer (Query - OTC - UO)/Add Document' (Root cause: com.kms.katalon.core.webui.exception.WebElementNotFoundException: Web element with id: 'Object Repository/Final Object Repo/Page_Form 3 EIS - Cessation as Employer/Page_Form 3 EIS - Cessation as Employer (Query - OTC - UO)/Add Document' located by 'By.xpath: //a[(text() = '
					ADD DOCUMENT
	             ' or . = '
					ADD DOCUMENT
	             ')]' not found)
[[ATTACHMENT|C:\\Users\\Admin\\Desktop\\PKS\\Perkeso Phase A\\Reports\\Workflow\\Form 3 EIS - Cessation as Employer\\20181212_150049\\1544608624684.png]]

2018-12-12 17:57:05 - [TEST_STEP][PASSED] - delay: Delayed 2 second(s)

2018-12-12 17:57:07 - [MESSAGE][PASSED] - Delayed 2 second(s)

2018-12-12 17:57:07 - [TEST_STEP][FAILED] - click: Unable to click on object 'Object Repository/Final Object Repo/Page_Form 3 EIS - Cessation as Employer/Page_Form 3 EIS - Cessation as Employer (Query - OTC - UO)/Document Type' (Root cause: com.kms.katalon.core.webui.exception.WebElementNotFoundException: Web element with id: 'Object Repository/Final Object Repo/Page_Form 3 EIS - Cessation as Employer/Page_Form 3 EIS - Cessation as Employer (Query - OTC - UO)/Document Type' located by 'By.xpath: //span[@aria-labelledby = 'select2-_searchforemployersip_WAR_registrationportlet_objdocTypeId-container']' not found)

2018-12-12 17:57:43 - [MESSAGE][FAILED] - Unable to click on object 'Object Repository/Final Object Repo/Page_Form 3 EIS - Cessation as Employer/Page_Form 3 EIS - Cessation as Employer (Query - OTC - UO)/Document Type' (Root cause: com.kms.katalon.core.webui.exception.WebElementNotFoundException: Web element with id: 'Object Repository/Final Object Repo/Page_Form 3 EIS - Cessation as Employer/Page_Form 3 EIS - Cessation as Employer (Query - OTC - UO)/Document Type' located by 'By.xpath: //span[@aria-labelledby = 'select2-_searchforemployersip_WAR_registrationportlet_objdocTypeId-container']' not found)
[[ATTACHMENT|C:\\Users\\Admin\\Desktop\\PKS\\Perkeso Phase A\\Reports\\Workflow\\Form 3 EIS - Cessation as Employer\\20181212_150049\\1544608663262.png]]

2018-12-12 17:57:43 - [TEST_STEP][PASSED] - delay: Delayed 2 second(s)

2018-12-12 17:57:45 - [MESSAGE][PASSED] - Delayed 2 second(s)

2018-12-12 17:57:45 - [TEST_STEP][FAILED] - click: Unable to click on object 'Object Repository/Final Object Repo/Page_Form 3 EIS - Cessation as Employer/Page_Form 3 EIS - Cessation as Employer (Query - OTC - UO)/Document Type - Others' (Root cause: com.kms.katalon.core.webui.exception.WebElementNotFoundException: Web element with id: 'Object Repository/Final Object Repo/Page_Form 3 EIS - Cessation as Employer/Page_Form 3 EIS - Cessation as Employer (Query - OTC - UO)/Document Type - Others' located by 'By.xpath: //span[(text() = '


	Others
' or . = '


	Others
')]' not found)

2018-12-12 17:58:17 - [MESSAGE][FAILED] - Unable to click on object 'Object Repository/Final Object Repo/Page_Form 3 EIS - Cessation as Employer/Page_Form 3 EIS - Cessation as Employer (Query - OTC - UO)/Document Type - Others' (Root cause: com.kms.katalon.core.webui.exception.WebElementNotFoundException: Web element with id: 'Object Repository/Final Object Repo/Page_Form 3 EIS - Cessation as Employer/Page_Form 3 EIS - Cessation as Employer (Query - OTC - UO)/Document Type - Others' located by 'By.xpath: //span[(text() = '


	Others
' or . = '


	Others
')]' not found)
[[ATTACHMENT|C:\\Users\\Admin\\Desktop\\PKS\\Perkeso Phase A\\Reports\\Workflow\\Form 3 EIS - Cessation as Employer\\20181212_150049\\1544608697090.png]]

2018-12-12 17:58:17 - [TEST_STEP][PASSED] - delay: Delayed 2 second(s)

2018-12-12 17:58:19 - [MESSAGE][PASSED] - Delayed 2 second(s)

2018-12-12 17:58:19 - [TEST_STEP][FAILED] - sendKeys: Unable to send keys 'C:\Users\Public\Pictures\Sample Pictures\Koala.jpg' to object 'Object Repository/Final Object Repo/Page_Form 3 EIS - Cessation as Employer/Page_Form 3 EIS - Cessation as Employer (Query - OTC - UO)/ploading File' (Root cause: com.kms.katalon.core.webui.exception.WebElementNotFoundException: Web element with id: 'Object Repository/Final Object Repo/Page_Form 3 EIS - Cessation as Employer/Page_Form 3 EIS - Cessation as Employer (Query - OTC - UO)/ploading File' located by 'By.xpath: //input[@type = 'file' and @id = '_searchforemployersip_WAR_registrationportlet_uploadFile']' not found)

2018-12-12 17:58:52 - [MESSAGE][FAILED] - Unable to send keys 'C:\Users\Public\Pictures\Sample Pictures\Koala.jpg' to object 'Object Repository/Final Object Repo/Page_Form 3 EIS - Cessation as Employer/Page_Form 3 EIS - Cessation as Employer (Query - OTC - UO)/ploading File' (Root cause: com.kms.katalon.core.webui.exception.WebElementNotFoundException: Web element with id: 'Object Repository/Final Object Repo/Page_Form 3 EIS - Cessation as Employer/Page_Form 3 EIS - Cessation as Employer (Query - OTC - UO)/ploading File' located by 'By.xpath: //input[@type = 'file' and @id = '_searchforemployersip_WAR_registrationportlet_uploadFile']' not found)
[[ATTACHMENT|C:\\Users\\Admin\\Desktop\\PKS\\Perkeso Phase A\\Reports\\Workflow\\Form 3 EIS - Cessation as Employer\\20181212_150049\\1544608731981.png]]

2018-12-12 17:58:52 - [TEST_STEP][PASSED] - delay: Delayed 2 second(s)

2018-12-12 17:58:54 - [MESSAGE][PASSED] - Delayed 2 second(s)

2018-12-12 17:58:54 - [TEST_STEP][FAILED] - click: Unable to click on object 'Object Repository/Final Object Repo/Page_Form 3 EIS - Cessation as Employer/Page_Form 3 EIS - Cessation as Employer (Query - OTC - UO)/Add Document in Uploading Page' (Root cause: com.kms.katalon.core.webui.exception.WebElementNotFoundException: Web element with id: 'Object Repository/Final Object Repo/Page_Form 3 EIS - Cessation as Employer/Page_Form 3 EIS - Cessation as Employer (Query - OTC - UO)/Add Document in Uploading Page' located by 'By.xpath: //a[(text() = '
										ADD DOCUMENT
								     ' or . = '
										ADD DOCUMENT
								     ')]' not found)

2018-12-12 17:59:28 - [MESSAGE][FAILED] - Unable to click on object 'Object Repository/Final Object Repo/Page_Form 3 EIS - Cessation as Employer/Page_Form 3 EIS - Cessation as Employer (Query - OTC - UO)/Add Document in Uploading Page' (Root cause: com.kms.katalon.core.webui.exception.WebElementNotFoundException: Web element with id: 'Object Repository/Final Object Repo/Page_Form 3 EIS - Cessation as Employer/Page_Form 3 EIS - Cessation as Employer (Query - OTC - UO)/Add Document in Uploading Page' located by 'By.xpath: //a[(text() = '
										ADD DOCUMENT
								     ' or . = '
										ADD DOCUMENT
								     ')]' not found)
[[ATTACHMENT|C:\\Users\\Admin\\Desktop\\PKS\\Perkeso Phase A\\Reports\\Workflow\\Form 3 EIS - Cessation as Employer\\20181212_150049\\1544608767996.png]]

2018-12-12 17:59:28 - [TEST_STEP][PASSED] - delay: Delayed 2 second(s)

2018-12-12 17:59:30 - [MESSAGE][PASSED] - Delayed 2 second(s)

2018-12-12 17:59:30 - [TEST_STEP][FAILED] - click: Unable to click on object 'Object Repository/Final Object Repo/Page_Form 3 EIS - Cessation as Employer/Page_Form 3 EIS - Cessation as Employer (Query - OTC - UO)/Exit' (Root cause: com.kms.katalon.core.webui.exception.WebElementNotFoundException: Web element with id: 'Object Repository/Final Object Repo/Page_Form 3 EIS - Cessation as Employer/Page_Form 3 EIS - Cessation as Employer (Query - OTC - UO)/Exit' located by 'By.xpath: //a[(text() = '
									EXIT
				                ' or . = '
									EXIT
				                ')]' not found)

2018-12-12 18:00:03 - [MESSAGE][FAILED] - Unable to click on object 'Object Repository/Final Object Repo/Page_Form 3 EIS - Cessation as Employer/Page_Form 3 EIS - Cessation as Employer (Query - OTC - UO)/Exit' (Root cause: com.kms.katalon.core.webui.exception.WebElementNotFoundException: Web element with id: 'Object Repository/Final Object Repo/Page_Form 3 EIS - Cessation as Employer/Page_Form 3 EIS - Cessation as Employer (Query - OTC - UO)/Exit' located by 'By.xpath: //a[(text() = '
									EXIT
				                ' or . = '
									EXIT
				                ')]' not found)
[[ATTACHMENT|C:\\Users\\Admin\\Desktop\\PKS\\Perkeso Phase A\\Reports\\Workflow\\Form 3 EIS - Cessation as Employer\\20181212_150049\\1544608803137.png]]

2018-12-12 18:00:03 - [TEST_STEP][PASSED] - delay: Delayed 1 second(s)

2018-12-12 18:00:04 - [MESSAGE][PASSED] - Delayed 1 second(s)

2018-12-12 18:00:04 - [TEST_STEP][PASSED] - navigateToUrl: Navigate to 'https://assist2-uat.perkeso.gov.my/c/portal/logout' successfully

2018-12-12 18:00:05 - [MESSAGE][PASSED] - Navigate to 'https://assist2-uat.perkeso.gov.my/c/portal/logout' successfully

2018-12-12 18:00:05 - [TEST_STEP][PASSED] - delay: Delayed 1 second(s)

2018-12-12 18:00:06 - [MESSAGE][PASSED] - Delayed 1 second(s)

2018-12-12 18:00:06 - [TEST_STEP][PASSED] - callTestCase: Call Test Case 'Test Cases/Final Aug 2018 - PKS Automation/Registration Module/Workflow/Login and Search Case For Workflow' successfully

2018-12-12 18:00:06 - [TEST_CASE][PASSED] - Test Cases/Final Aug 2018 - PKS Automation/Registration Module/Workflow/Login and Search Case For Workflow: Test Cases/Final Aug 2018 - PKS Automation/Registration Module/Workflow/Login and Search Case For Workflow

2018-12-12 18:00:06 - [TEST_STEP][PASSED] - navigateToUrl: Navigate to 'https://assist2-uat.perkeso.gov.my/login' successfully

2018-12-12 18:00:06 - [MESSAGE][PASSED] - Navigate to 'https://assist2-uat.perkeso.gov.my/login' successfully

2018-12-12 18:00:06 - [TEST_STEP][PASSED] - setText: Text 'johoruo1@gmail.com' is set on object 'Object Repository/Final Object Repo/Login Page/Internal User/Email Address'

2018-12-12 18:00:07 - [MESSAGE][PASSED] - Text 'johoruo1@gmail.com' is set on object 'Object Repository/Final Object Repo/Login Page/Internal User/Email Address'

2018-12-12 18:00:07 - [TEST_STEP][PASSED] - click: Object: 'Object Repository/Final Object Repo/Login Page/Internal User/Next Button' is clicked on

2018-12-12 18:00:07 - [MESSAGE][PASSED] - Object: 'Object Repository/Final Object Repo/Login Page/Internal User/Next Button' is clicked on

2018-12-12 18:00:07 - [TEST_STEP][PASSED] - delay: Delayed 1 second(s)

2018-12-12 18:00:08 - [MESSAGE][PASSED] - Delayed 1 second(s)

2018-12-12 18:00:08 - [TEST_STEP][PASSED] - setEncryptedText: Text ****** has been set on object 'Object Repository/Final Object Repo/Login Page/Internal User/Password'

2018-12-12 18:00:08 - [MESSAGE][PASSED] - Text ****** has been set on object 'Object Repository/Final Object Repo/Login Page/Internal User/Password'

2018-12-12 18:00:08 - [TEST_STEP][PASSED] - click: Object: 'Object Repository/Final Object Repo/Login Page/Internal User/Login Button' is clicked on

2018-12-12 18:00:08 - [MESSAGE][PASSED] - Object: 'Object Repository/Final Object Repo/Login Page/Internal User/Login Button' is clicked on

2018-12-12 18:00:08 - [TEST_STEP][PASSED] - delay: Delayed 2 second(s)

2018-12-12 18:00:10 - [MESSAGE][PASSED] - Delayed 2 second(s)

2018-12-12 18:00:10 - [TEST_STEP][PASSED] - Statement - Try: Delayed 2 second(s)

2018-12-12 18:00:10 - [TEST_STEP][PASSED] - Statement - Checker = false: null

2018-12-12 18:00:10 - [TEST_STEP][PASSED] - Statement - Checker = com.kms.katalon.core.webui.keyword.WebUiBuiltInKeywords.verifyElementHasAttribute(com.kms.katalon.core.testobject.ObjectRepository.findTestObject(Final Object Repo/Landing Page/BM Detecting), "href", 20, OPTIONAL): Object 'Object Repository/Final Object Repo/Landing Page/BM Detecting' has attribute 'href'

2018-12-12 18:00:10 - [MESSAGE][PASSED] - Object 'Object Repository/Final Object Repo/Landing Page/BM Detecting' has attribute 'href'

2018-12-12 18:00:10 - [TEST_STEP][PASSED] - Statement - out.println(Checker): null

2018-12-12 18:00:10 - [TEST_STEP][PASSED] - Statement - If (Checker == false): null

2018-12-12 18:00:10 - [TEST_STEP][PASSED] - Statement - Else: null

2018-12-12 18:00:10 - [TEST_STEP][PASSED] - delay: Delayed 2 second(s)

2018-12-12 18:00:12 - [MESSAGE][PASSED] - Delayed 2 second(s)

2018-12-12 18:00:12 - [TEST_STEP][PASSED] - click: Object: 'Object Repository/Final Object Repo/Page_MyASSIST - ASSIST - Search Pending Case For Add Supporting Document/Search Information' is clicked on

2018-12-12 18:00:12 - [MESSAGE][PASSED] - Object: 'Object Repository/Final Object Repo/Page_MyASSIST - ASSIST - Search Pending Case For Add Supporting Document/Search Information' is clicked on

2018-12-12 18:00:12 - [TEST_STEP][PASSED] - delay: Delayed 3 second(s)

2018-12-12 18:00:15 - [MESSAGE][PASSED] - Delayed 3 second(s)

2018-12-12 18:00:15 - [TEST_STEP][PASSED] - sendKeys: Keys 'ERN122018C200002406' sent to object: 'Object Repository/Final Object Repo/Page_MyASSIST - ASSIST - Search Pending Case For Add Supporting Document/Reference No'

2018-12-12 18:00:16 - [MESSAGE][PASSED] - Keys 'ERN122018C200002406' sent to object: 'Object Repository/Final Object Repo/Page_MyASSIST - ASSIST - Search Pending Case For Add Supporting Document/Reference No'

2018-12-12 18:00:16 - [TEST_STEP][PASSED] - click: Object: 'Object Repository/Final Object Repo/Page_MyASSIST - ASSIST - Search Pending Case For Add Supporting Document/Search Reference No' is clicked on

2018-12-12 18:00:16 - [MESSAGE][PASSED] - Object: 'Object Repository/Final Object Repo/Page_MyASSIST - ASSIST - Search Pending Case For Add Supporting Document/Search Reference No' is clicked on

2018-12-12 18:00:16 - [TEST_STEP][PASSED] - delay: Delayed 2 second(s)

2018-12-12 18:00:18 - [MESSAGE][PASSED] - Delayed 2 second(s)

2018-12-12 18:00:18 - [TEST_STEP][PASSED] - click: Object: 'Object Repository/Final Object Repo/Page_MyASSIST - ASSIST - Search Pending Case For Add Supporting Document/Continue' is clicked on

2018-12-12 18:00:21 - [MESSAGE][PASSED] - Object: 'Object Repository/Final Object Repo/Page_MyASSIST - ASSIST - Search Pending Case For Add Supporting Document/Continue' is clicked on

2018-12-12 18:00:21 - [TEST_STEP][PASSED] - delay: Delayed 20 second(s)

2018-12-12 18:00:41 - [MESSAGE][PASSED] - Delayed 20 second(s)

2018-12-12 18:00:41 - [MESSAGE][PASSED] - Call Test Case 'Test Cases/Final Aug 2018 - PKS Automation/Registration Module/Workflow/Login and Search Case For Workflow' successfully

2018-12-12 18:00:41 - [TEST_STEP][PASSED] - click: Object: 'Object Repository/Final Object Repo/Page_Form 3 EIS - Cessation as Employer/Page_Form 3 EIS - Cessation as Employer (Approve)/Save  Continue in Form 3 Page' is clicked on

2018-12-12 18:00:41 - [MESSAGE][PASSED] - Object: 'Object Repository/Final Object Repo/Page_Form 3 EIS - Cessation as Employer/Page_Form 3 EIS - Cessation as Employer (Approve)/Save  Continue in Form 3 Page' is clicked on

2018-12-12 18:00:41 - [TEST_STEP][PASSED] - delay: Delayed 2 second(s)

2018-12-12 18:00:43 - [MESSAGE][PASSED] - Delayed 2 second(s)

2018-12-12 18:00:43 - [TEST_STEP][PASSED] - click: Object: 'Object Repository/Final Object Repo/Page_Form 3 EIS - Cessation as Employer/Page_Form 3 EIS - Cessation as Employer (Approve)/Save  Continue in Resigned Page' is clicked on

2018-12-12 18:00:43 - [MESSAGE][PASSED] - Object: 'Object Repository/Final Object Repo/Page_Form 3 EIS - Cessation as Employer/Page_Form 3 EIS - Cessation as Employer (Approve)/Save  Continue in Resigned Page' is clicked on

2018-12-12 18:00:43 - [TEST_STEP][PASSED] - delay: Delayed 2 second(s)

2018-12-12 18:00:45 - [MESSAGE][PASSED] - Delayed 2 second(s)

2018-12-12 18:00:45 - [TEST_STEP][PASSED] - click: Object: 'Object Repository/Final Object Repo/Page_Form 3 EIS - Cessation as Employer/Page_Form 3 EIS - Cessation as Employer (Approve)/Save  Continue in Uploading Page' is clicked on

2018-12-12 18:00:46 - [MESSAGE][PASSED] - Object: 'Object Repository/Final Object Repo/Page_Form 3 EIS - Cessation as Employer/Page_Form 3 EIS - Cessation as Employer (Approve)/Save  Continue in Uploading Page' is clicked on

2018-12-12 18:00:46 - [TEST_STEP][PASSED] - delay: Delayed 2 second(s)

2018-12-12 18:00:48 - [MESSAGE][PASSED] - Delayed 2 second(s)

2018-12-12 18:00:48 - [TEST_STEP][PASSED] - click: Object: 'Object Repository/Final Object Repo/Page_Form 3 EIS - Cessation as Employer/Page_Form 3 EIS - Cessation as Employer (Reject)/Reject' is clicked on

2018-12-12 18:00:51 - [MESSAGE][PASSED] - Object: 'Object Repository/Final Object Repo/Page_Form 3 EIS - Cessation as Employer/Page_Form 3 EIS - Cessation as Employer (Reject)/Reject' is clicked on

2018-12-12 18:00:51 - [TEST_STEP][PASSED] - delay: Delayed 2 second(s)

2018-12-12 18:00:53 - [MESSAGE][PASSED] - Delayed 2 second(s)

2018-12-12 18:00:53 - [TEST_STEP][PASSED] - click: Object: 'Object Repository/Final Object Repo/Page_Form 3 EIS - Cessation as Employer/Page_Form 3 EIS - Cessation as Employer (Reject)/Confirm' is clicked on

2018-12-12 18:00:54 - [MESSAGE][PASSED] - Object: 'Object Repository/Final Object Repo/Page_Form 3 EIS - Cessation as Employer/Page_Form 3 EIS - Cessation as Employer (Reject)/Confirm' is clicked on

2018-12-12 18:00:54 - [TEST_STEP][PASSED] - delay: Delayed 2 second(s)

2018-12-12 18:00:56 - [MESSAGE][PASSED] - Delayed 2 second(s)

2018-12-12 18:00:56 - [TEST_STEP][PASSED] - click: Object: 'Object Repository/Final Object Repo/Page_Form 3 EIS - Cessation as Employer/Page_Form 3 EIS - Cessation as Employer (Reject)/Message This Case has been Rejected' is clicked on

2018-12-12 18:01:00 - [MESSAGE][PASSED] - Object: 'Object Repository/Final Object Repo/Page_Form 3 EIS - Cessation as Employer/Page_Form 3 EIS - Cessation as Employer (Reject)/Message This Case has been Rejected' is clicked on

2018-12-12 18:01:00 - [TEST_STEP][PASSED] - click: Object: 'Object Repository/Final Object Repo/Page_Form 3 EIS - Cessation as Employer/Page_Form 3 EIS - Cessation as Employer (Reject)/Letter of update rejection' is clicked on

2018-12-12 18:01:01 - [MESSAGE][PASSED] - Object: 'Object Repository/Final Object Repo/Page_Form 3 EIS - Cessation as Employer/Page_Form 3 EIS - Cessation as Employer (Reject)/Letter of update rejection' is clicked on

2018-12-12 18:01:01 - [MESSAGE][FAILED] - Unable to call Test Case with id 'Test Cases/Final Aug 2018 - PKS Automation/Registration Module/Workflow/Form 3 EIS - Cessation As Employer/Template/Form 3 A - Cessation As Employer (Query)' (Root cause: Call Test Case 'Test Cases/Final Aug 2018 - PKS Automation/Registration Module/Workflow/Form 3 EIS - Cessation As Employer/Template/Form 3 A - Cessation As Employer (Query)' failed)]]></system-out>
         <system-err><![CDATA[2018-12-12 17:51:41 - [TEST_CASE][FAILED] - Test Cases/Final Aug 2018 - PKS Automation/Registration Module/Workflow/Form 3 EIS - Cessation As Employer/OTC to UO (Query): Test Cases/Final Aug 2018 - PKS Automation/Registration Module/Workflow/Form 3 EIS - Cessation As Employer/OTC to UO (Query) FAILED because (of) (Stack trace: com.kms.katalon.core.exception.StepFailedException: Unable to click on object 'Object Repository/Final Object Repo/Page_Form 3 EIS - Cessation as Employer/Page_Form 3 EIS - Cessation as Employer (Query - OTC - UO)/Next' (Root cause: com.kms.katalon.core.webui.exception.WebElementNotFoundException: Web element with id: 'Object Repository/Final Object Repo/Page_Form 3 EIS - Cessation as Employer/Page_Form 3 EIS - Cessation as Employer (Query - OTC - UO)/Next' located by 'By.xpath: //a[(text() = ' NEXT
						' or . = ' NEXT
						')]' not found)
	at com.kms.katalon.core.keyword.internal.KeywordMain.stepFailed(KeywordMain.groovy:32)
	at com.kms.katalon.core.webui.keyword.internal.WebUIKeywordMain.stepFailed(WebUIKeywordMain.groovy:65)
	at com.kms.katalon.core.webui.keyword.internal.WebUIKeywordMain.runKeyword(WebUIKeywordMain.groovy:27)
	at com.kms.katalon.core.webui.keyword.builtin.ClickKeyword.click(ClickKeyword.groovy:86)
	at com.kms.katalon.core.webui.keyword.builtin.ClickKeyword.execute(ClickKeyword.groovy:67)
	at com.kms.katalon.core.keyword.internal.KeywordExecutor.executeKeywordForPlatform(KeywordExecutor.groovy:53)
	at com.kms.katalon.core.webui.keyword.WebUiBuiltInKeywords.click(WebUiBuiltInKeywords.groovy:616)
	at com.kms.katalon.core.webui.keyword.WebUiBuiltInKeywords$click$2.call(Unknown Source)
	at Script1536114876563.run(Script1536114876563.groovy:87)
	at com.kms.katalon.core.main.ScriptEngine.run(ScriptEngine.java:183)
	at com.kms.katalon.core.main.ScriptEngine.runScriptAsRawText(ScriptEngine.java:108)
	at com.kms.katalon.core.main.TestCaseExecutor.runScript(TestCaseExecutor.java:294)
	at com.kms.katalon.core.main.TestCaseExecutor.doExecute(TestCaseExecutor.java:285)
	at com.kms.katalon.core.main.TestCaseExecutor.processExecutionPhase(TestCaseExecutor.java:264)
	at com.kms.katalon.core.main.TestCaseExecutor.accessMainPhase(TestCaseExecutor.java:256)
	at com.kms.katalon.core.main.TestCaseExecutor.execute(TestCaseExecutor.java:200)
	at com.kms.katalon.core.main.TestCaseMain.runTestCase(TestCaseMain.java:99)
	at com.kms.katalon.core.keyword.builtin.CallTestCaseKeyword$_callTestCase_closure1.doCall(CallTestCaseKeyword.groovy:60)
	at com.kms.katalon.core.keyword.builtin.CallTestCaseKeyword$_callTestCase_closure1.call(CallTestCaseKeyword.groovy)
	at com.kms.katalon.core.keyword.internal.KeywordMain.runKeyword(KeywordMain.groovy:54)
	at com.kms.katalon.core.keyword.builtin.CallTestCaseKeyword.callTestCase(CallTestCaseKeyword.groovy:81)
	at com.kms.katalon.core.keyword.builtin.CallTestCaseKeyword.execute(CallTestCaseKeyword.groovy:45)
	at com.kms.katalon.core.keyword.internal.KeywordExecutor.executeKeywordForPlatform(KeywordExecutor.groovy:53)
	at com.kms.katalon.core.keyword.BuiltinKeywords.callTestCase(BuiltinKeywords.groovy:334)
	at sun.reflect.GeneratedMethodAccessor13.invoke(Unknown Source)
	at sun.reflect.DelegatingMethodAccessorImpl.invoke(DelegatingMethodAccessorImpl.java:43)
	at java.lang.reflect.Method.invoke(Method.java:498)
	at org.codehaus.groovy.reflection.CachedMethod.invoke(CachedMethod.java:93)
	at groovy.lang.MetaMethod.doMethodInvoke(MetaMethod.java:325)
	at groovy.lang.MetaClassImpl.invokeStaticMethod(MetaClassImpl.java:1469)
	at org.codehaus.groovy.runtime.callsite.StaticMetaClassSite.call(StaticMetaClassSite.java:53)
	at org.codehaus.groovy.runtime.callsite.CallSiteArray.defaultCall(CallSiteArray.java:48)
	at org.codehaus.groovy.runtime.callsite.AbstractCallSite.call(AbstractCallSite.java:113)
	at org.codehaus.groovy.runtime.callsite.AbstractCallSite.call(AbstractCallSite.java:141)
	at Script1536204253481.run(Script1536204253481.groovy:25)
	at com.kms.katalon.core.main.ScriptEngine.run(ScriptEngine.java:183)
	at com.kms.katalon.core.main.ScriptEngine.runScriptAsRawText(ScriptEngine.java:108)
	at com.kms.katalon.core.main.TestCaseExecutor.runScript(TestCaseExecutor.java:294)
	at com.kms.katalon.core.main.TestCaseExecutor.doExecute(TestCaseExecutor.java:285)
	at com.kms.katalon.core.main.TestCaseExecutor.processExecutionPhase(TestCaseExecutor.java:264)
	at com.kms.katalon.core.main.TestCaseExecutor.accessMainPhase(TestCaseExecutor.java:256)
	at com.kms.katalon.core.main.TestCaseExecutor.execute(TestCaseExecutor.java:200)
	at com.kms.katalon.core.main.TestSuiteExecutor.accessTestCaseMainPhase(TestSuiteExecutor.java:129)
	at com.kms.katalon.core.main.TestSuiteExecutor.accessTestSuiteMainPhase(TestSuiteExecutor.java:112)
	at com.kms.katalon.core.main.TestSuiteExecutor.execute(TestSuiteExecutor.java:81)
	at com.kms.katalon.core.main.TestCaseMain.startTestSuite(TestCaseMain.java:142)
	at com.kms.katalon.core.main.TestCaseMain$startTestSuite$0.call(Unknown Source)
	at org.codehaus.groovy.runtime.callsite.CallSiteArray.defaultCall(CallSiteArray.java:48)
	at org.codehaus.groovy.runtime.callsite.AbstractCallSite.call(AbstractCallSite.java:113)
	at org.codehaus.groovy.runtime.callsite.AbstractCallSite.call(AbstractCallSite.java:141)
	at TempTestSuite1544598049240.run(TempTestSuite1544598049240.groovy:36)
	at groovy.lang.GroovyShell.runScriptOrMainOrTestOrRunnable(GroovyShell.java:263)
	at groovy.lang.GroovyShell.run(GroovyShell.java:518)
	at groovy.lang.GroovyShell.run(GroovyShell.java:507)
	at groovy.ui.GroovyMain.processOnce(GroovyMain.java:653)
	at groovy.ui.GroovyMain.run(GroovyMain.java:384)
	at groovy.ui.GroovyMain.process(GroovyMain.java:370)
	at groovy.ui.GroovyMain.processArgs(GroovyMain.java:129)
	at groovy.ui.GroovyMain.main(GroovyMain.java:109)
	at sun.reflect.NativeMethodAccessorImpl.invoke0(Native Method)
	at sun.reflect.NativeMethodAccessorImpl.invoke(NativeMethodAccessorImpl.java:62)
	at sun.reflect.DelegatingMethodAccessorImpl.invoke(DelegatingMethodAccessorImpl.java:43)
	at java.lang.reflect.Method.invoke(Method.java:498)
	at org.codehaus.groovy.tools.GroovyStarter.rootLoader(GroovyStarter.java:109)
	at org.codehaus.groovy.tools.GroovyStarter.main(GroovyStarter.java:131)
)]]></system-err>
      </testcase>
      <testcase name="Test Cases/Final Aug 2018 - PKS Automation/Registration Module/Workflow/Form 3 EIS - Cessation As Employer/OTC to UO (Reject)" classname="Test Cases/Final Aug 2018 - PKS Automation/Registration Module/Workflow/Form 3 EIS - Cessation As Employer/OTC to UO (Reject)" status="PASSED">
         <system-out><![CDATA[2018-12-12 18:01:01 - [TEST_CASE][PASSED] - Test Cases/Final Aug 2018 - PKS Automation/Registration Module/Workflow/Form 3 EIS - Cessation As Employer/OTC to UO (Reject): Test Cases/Final Aug 2018 - PKS Automation/Registration Module/Workflow/Form 3 EIS - Cessation As Employer/OTC to UO (Reject)

2018-12-12 18:01:01 - [TEST_STEP][PASSED] - callTestCase: Call Test Case 'Test Cases/Final Aug 2018 - PKS Automation/Registration Module/Workflow/Form 3 EIS - Cessation As Employer/Template/Form 3 A - Cessation As Employer (OTC)' successfully

2018-12-12 18:01:01 - [TEST_CASE][PASSED] - Test Cases/Final Aug 2018 - PKS Automation/Registration Module/Workflow/Form 3 EIS - Cessation As Employer/Template/Form 3 A - Cessation As Employer (OTC): Test Cases/Final Aug 2018 - PKS Automation/Registration Module/Workflow/Form 3 EIS - Cessation As Employer/Template/Form 3 A - Cessation As Employer (OTC)

2018-12-12 18:01:01 - [TEST_STEP][PASSED] - openBrowser: Browser is opened with url: ''

2018-12-12 18:01:01 - [MESSAGE][WARNING] - A browser is already opened. Closing browser and opening a new one

2018-12-12 18:01:04 - [MESSAGE][PASSED] - Browser is opened with url: ''

2018-12-12 18:01:04 - [TEST_STEP][PASSED] - navigateToUrl: Navigate to 'https://assist2-uat.perkeso.gov.my/login' successfully

2018-12-12 18:01:05 - [MESSAGE][PASSED] - Navigate to 'https://assist2-uat.perkeso.gov.my/login' successfully

2018-12-12 18:01:05 - [TEST_STEP][PASSED] - setText: Text 'johorotc1@gmail.com' is set on object 'Object Repository/Final Object Repo/Login Page/Internal User/Email Address'

2018-12-12 18:01:05 - [MESSAGE][PASSED] - Text 'johorotc1@gmail.com' is set on object 'Object Repository/Final Object Repo/Login Page/Internal User/Email Address'

2018-12-12 18:01:05 - [TEST_STEP][PASSED] - click: Object: 'Object Repository/Final Object Repo/Login Page/Internal User/Next Button' is clicked on

2018-12-12 18:01:05 - [MESSAGE][PASSED] - Object: 'Object Repository/Final Object Repo/Login Page/Internal User/Next Button' is clicked on

2018-12-12 18:01:05 - [TEST_STEP][PASSED] - delay: Delayed 1 second(s)

2018-12-12 18:01:06 - [MESSAGE][PASSED] - Delayed 1 second(s)

2018-12-12 18:01:06 - [TEST_STEP][PASSED] - setEncryptedText: Text ****** has been set on object 'Object Repository/Final Object Repo/Login Page/Internal User/Password'

2018-12-12 18:01:07 - [MESSAGE][PASSED] - Text ****** has been set on object 'Object Repository/Final Object Repo/Login Page/Internal User/Password'

2018-12-12 18:01:07 - [TEST_STEP][PASSED] - click: Object: 'Object Repository/Final Object Repo/Login Page/Internal User/Login Button' is clicked on

2018-12-12 18:01:07 - [MESSAGE][PASSED] - Object: 'Object Repository/Final Object Repo/Login Page/Internal User/Login Button' is clicked on

2018-12-12 18:01:07 - [TEST_STEP][PASSED] - delay: Delayed 1 second(s)

2018-12-12 18:01:08 - [MESSAGE][PASSED] - Delayed 1 second(s)

2018-12-12 18:01:08 - [TEST_STEP][PASSED] - Statement - Try: Delayed 2 second(s)

2018-12-12 18:01:08 - [TEST_STEP][PASSED] - Statement - Checker = false: null

2018-12-12 18:01:08 - [TEST_STEP][PASSED] - Statement - Checker = com.kms.katalon.core.webui.keyword.WebUiBuiltInKeywords.verifyElementHasAttribute(com.kms.katalon.core.testobject.ObjectRepository.findTestObject(Final Object Repo/Landing Page/BM Detecting), "href", 20, OPTIONAL): Object 'Object Repository/Final Object Repo/Landing Page/BM Detecting' has attribute 'href'

2018-12-12 18:01:09 - [MESSAGE][PASSED] - Object 'Object Repository/Final Object Repo/Landing Page/BM Detecting' has attribute 'href'

2018-12-12 18:01:09 - [TEST_STEP][PASSED] - Statement - out.println(Checker): null

2018-12-12 18:01:09 - [TEST_STEP][PASSED] - Statement - If (Checker == false): null

2018-12-12 18:01:09 - [TEST_STEP][PASSED] - Statement - Else: null

2018-12-12 18:01:09 - [TEST_STEP][PASSED] - delay: Delayed 2 second(s)

2018-12-12 18:01:11 - [MESSAGE][PASSED] - Delayed 2 second(s)

2018-12-12 18:01:11 - [TEST_STEP][PASSED] - navigateToUrl: Navigate to 'https://assist2-uat.perkeso.gov.my/web/registration/eis-update/form-3-eis-cessation-as-employer' successfully

2018-12-12 18:01:11 - [MESSAGE][PASSED] - Navigate to 'https://assist2-uat.perkeso.gov.my/web/registration/eis-update/form-3-eis-cessation-as-employer' successfully

2018-12-12 18:01:11 - [TEST_STEP][PASSED] - delay: Delayed 1 second(s)

2018-12-12 18:01:12 - [MESSAGE][PASSED] - Delayed 1 second(s)

2018-12-12 18:01:12 - [TEST_STEP][PASSED] - setText: Text 'E1102069769W' is set on object 'Object Repository/Final Object Repo/Page_Form 3 EIS - Cessation as Employer/Employer Code'

2018-12-12 18:01:13 - [MESSAGE][PASSED] - Text 'E1102069769W' is set on object 'Object Repository/Final Object Repo/Page_Form 3 EIS - Cessation as Employer/Employer Code'

2018-12-12 18:01:13 - [TEST_STEP][PASSED] - click: Object: 'Object Repository/Final Object Repo/Page_Form 3 EIS - Cessation as Employer/Search' is clicked on

2018-12-12 18:01:13 - [MESSAGE][PASSED] - Object: 'Object Repository/Final Object Repo/Page_Form 3 EIS - Cessation as Employer/Search' is clicked on

2018-12-12 18:01:13 - [TEST_STEP][PASSED] - click: Object: 'Object Repository/Final Object Repo/Page_Form 3 EIS - Cessation as Employer/Edit' is clicked on

2018-12-12 18:01:15 - [MESSAGE][PASSED] - Object: 'Object Repository/Final Object Repo/Page_Form 3 EIS - Cessation as Employer/Edit' is clicked on

2018-12-12 18:01:15 - [TEST_STEP][PASSED] - delay: Delayed 1 second(s)

2018-12-12 18:01:16 - [MESSAGE][PASSED] - Delayed 1 second(s)

2018-12-12 18:01:16 - [TEST_STEP][PASSED] - Statement - abc = com.kms.katalon.core.webui.keyword.WebUiBuiltInKeywords.getAttribute(com.kms.katalon.core.testobject.ObjectRepository.findTestObject(Final Object Repo/Page_Form 3 EIS - Cessation as Employer/Employer Status), "value"): Attribute 'value' of object 'Object Repository/Final Object Repo/Page_Form 3 EIS - Cessation as Employer/Employer Status' is: 'Active'

2018-12-12 18:01:16 - [MESSAGE][PASSED] - Attribute 'value' of object 'Object Repository/Final Object Repo/Page_Form 3 EIS - Cessation as Employer/Employer Status' is: 'Active'

2018-12-12 18:01:16 - [TEST_STEP][PASSED] - Statement - out.println(abc): null

2018-12-12 18:01:16 - [TEST_STEP][PASSED] - Statement - If (abc == "Active"): Object: 'Object Repository/Final Object Repo/Page_Form 3 EIS - Cessation as Employer/Dormant EIS' is clicked on

2018-12-12 18:01:16 - [TEST_STEP][PASSED] - click: Object: 'Object Repository/Final Object Repo/Page_Form 3 EIS - Cessation as Employer/Change Employer Status to' is clicked on

2018-12-12 18:01:16 - [MESSAGE][PASSED] - Object: 'Object Repository/Final Object Repo/Page_Form 3 EIS - Cessation as Employer/Change Employer Status to' is clicked on

2018-12-12 18:01:16 - [TEST_STEP][PASSED] - click: Object: 'Object Repository/Final Object Repo/Page_Form 3 EIS - Cessation as Employer/Dormant EIS' is clicked on

2018-12-12 18:01:17 - [MESSAGE][PASSED] - Object: 'Object Repository/Final Object Repo/Page_Form 3 EIS - Cessation as Employer/Dormant EIS' is clicked on

2018-12-12 18:01:17 - [TEST_STEP][PASSED] - click: Object: 'Object Repository/Final Object Repo/Page_Form 3 EIS - Cessation as Employer/Calender' is clicked on

2018-12-12 18:01:17 - [MESSAGE][PASSED] - Object: 'Object Repository/Final Object Repo/Page_Form 3 EIS - Cessation as Employer/Calender' is clicked on

2018-12-12 18:01:17 - [TEST_STEP][PASSED] - delay: Delayed 1 second(s)

2018-12-12 18:01:18 - [MESSAGE][PASSED] - Delayed 1 second(s)

2018-12-12 18:01:18 - [TEST_STEP][PASSED] - click: Object: 'Object Repository/Final Object Repo/Page_Form 3 EIS - Cessation as Employer/Calender - Date' is clicked on

2018-12-12 18:01:18 - [MESSAGE][PASSED] - Object: 'Object Repository/Final Object Repo/Page_Form 3 EIS - Cessation as Employer/Calender - Date' is clicked on

2018-12-12 18:01:18 - [TEST_STEP][PASSED] - click: Object: 'Object Repository/Final Object Repo/Page_Form 3 EIS - Cessation as Employer/Save  Continue in Form 3 EIS Page' is clicked on

2018-12-12 18:01:18 - [MESSAGE][PASSED] - Object: 'Object Repository/Final Object Repo/Page_Form 3 EIS - Cessation as Employer/Save  Continue in Form 3 EIS Page' is clicked on

2018-12-12 18:01:18 - [TEST_STEP][PASSED] - delay: Delayed 1 second(s)

2018-12-12 18:01:19 - [MESSAGE][PASSED] - Delayed 1 second(s)

2018-12-12 18:01:19 - [TEST_STEP][PASSED] - click: Object: 'Object Repository/Final Object Repo/Page_Form 3 EIS - Cessation as Employer/Employment Resign Date' is clicked on

2018-12-12 18:01:20 - [MESSAGE][PASSED] - Object: 'Object Repository/Final Object Repo/Page_Form 3 EIS - Cessation as Employer/Employment Resign Date' is clicked on

2018-12-12 18:01:20 - [TEST_STEP][PASSED] - selectOptionByValue: All options with value '2030' are selected in object 'Object Repository/Final Object Repo/Page_Form 3 EIS - Cessation as Employer/Employment Resign Date - Year' 

2018-12-12 18:01:20 - [MESSAGE][PASSED] - All options with value '2030' are selected in object 'Object Repository/Final Object Repo/Page_Form 3 EIS - Cessation as Employer/Employment Resign Date - Year' 

2018-12-12 18:01:20 - [TEST_STEP][PASSED] - delay: Delayed 2 second(s)

2018-12-12 18:01:22 - [MESSAGE][PASSED] - Delayed 2 second(s)

2018-12-12 18:01:22 - [TEST_STEP][PASSED] - click: Object: 'Object Repository/Final Object Repo/Page_Form 3 EIS - Cessation as Employer/Employment Resign Date - Year - Date' is clicked on

2018-12-12 18:01:22 - [MESSAGE][PASSED] - Object: 'Object Repository/Final Object Repo/Page_Form 3 EIS - Cessation as Employer/Employment Resign Date - Year - Date' is clicked on

2018-12-12 18:01:22 - [TEST_STEP][PASSED] - delay: Delayed 2 second(s)

2018-12-12 18:01:24 - [MESSAGE][PASSED] - Delayed 2 second(s)

2018-12-12 18:01:24 - [TEST_STEP][PASSED] - click: Object: 'Object Repository/Final Object Repo/Page_Form 3 EIS - Cessation as Employer/Save  Continue in Employment Resign Page' is clicked on

2018-12-12 18:01:24 - [MESSAGE][PASSED] - Object: 'Object Repository/Final Object Repo/Page_Form 3 EIS - Cessation as Employer/Save  Continue in Employment Resign Page' is clicked on

2018-12-12 18:01:24 - [TEST_STEP][PASSED] - delay: Delayed 2 second(s)

2018-12-12 18:01:26 - [MESSAGE][PASSED] - Delayed 2 second(s)

2018-12-12 18:01:26 - [TEST_STEP][PASSED] - click: Object: 'Object Repository/Final Object Repo/Page_Form 3 EIS - Cessation as Employer/Set Latest - Yes' is clicked on

2018-12-12 18:01:26 - [MESSAGE][PASSED] - Object: 'Object Repository/Final Object Repo/Page_Form 3 EIS - Cessation as Employer/Set Latest - Yes' is clicked on

2018-12-12 18:01:26 - [TEST_STEP][PASSED] - delay: Delayed 2 second(s)

2018-12-12 18:01:28 - [MESSAGE][PASSED] - Delayed 2 second(s)

2018-12-12 18:01:28 - [TEST_STEP][PASSED] - click: Object: 'Object Repository/Final Object Repo/Page_Form 3 EIS - Cessation as Employer/Add Document' is clicked on

2018-12-12 18:01:29 - [MESSAGE][PASSED] - Object: 'Object Repository/Final Object Repo/Page_Form 3 EIS - Cessation as Employer/Add Document' is clicked on

2018-12-12 18:01:29 - [TEST_STEP][PASSED] - delay: Delayed 3 second(s)

2018-12-12 18:01:32 - [MESSAGE][PASSED] - Delayed 3 second(s)

2018-12-12 18:01:32 - [TEST_STEP][PASSED] - click: Object: 'Object Repository/Final Object Repo/Page_Form 3 EIS - Cessation as Employer/Document Type' is clicked on

2018-12-12 18:01:33 - [MESSAGE][PASSED] - Object: 'Object Repository/Final Object Repo/Page_Form 3 EIS - Cessation as Employer/Document Type' is clicked on

2018-12-12 18:01:33 - [TEST_STEP][PASSED] - click: Object: 'Object Repository/Final Object Repo/Page_Form 3 EIS - Cessation as Employer/Document Type - Form 3' is clicked on

2018-12-12 18:01:33 - [MESSAGE][PASSED] - Object: 'Object Repository/Final Object Repo/Page_Form 3 EIS - Cessation as Employer/Document Type - Form 3' is clicked on

2018-12-12 18:01:33 - [TEST_STEP][PASSED] - delay: Delayed 2 second(s)

2018-12-12 18:01:35 - [MESSAGE][PASSED] - Delayed 2 second(s)

2018-12-12 18:01:35 - [TEST_STEP][PASSED] - sendKeys: Keys 'C:\Users\Public\Pictures\Sample Pictures\Koala.jpg' sent to object: 'Object Repository/Final Object Repo/Page_Form 3 EIS - Cessation as Employer/ploading File'

2018-12-12 18:01:35 - [MESSAGE][PASSED] - Keys 'C:\Users\Public\Pictures\Sample Pictures\Koala.jpg' sent to object: 'Object Repository/Final Object Repo/Page_Form 3 EIS - Cessation as Employer/ploading File'

2018-12-12 18:01:35 - [TEST_STEP][PASSED] - delay: Delayed 1 second(s)

2018-12-12 18:01:36 - [MESSAGE][PASSED] - Delayed 1 second(s)

2018-12-12 18:01:36 - [TEST_STEP][PASSED] - click: Object: 'Object Repository/Final Object Repo/Page_Form 3 EIS - Cessation as Employer/Add Document in Uploading Page' is clicked on

2018-12-12 18:01:36 - [MESSAGE][PASSED] - Object: 'Object Repository/Final Object Repo/Page_Form 3 EIS - Cessation as Employer/Add Document in Uploading Page' is clicked on

2018-12-12 18:01:36 - [TEST_STEP][PASSED] - delay: Delayed 2 second(s)

2018-12-12 18:01:38 - [MESSAGE][PASSED] - Delayed 2 second(s)

2018-12-12 18:01:38 - [TEST_STEP][PASSED] - Statement - CaseReferenceNo = com.kms.katalon.core.webui.keyword.WebUiBuiltInKeywords.getText(com.kms.katalon.core.testobject.ObjectRepository.findTestObject(Final Object Repo/Page_Update Employer Information/Reference Number in Update Employee Information Page)): Text of object 'Object Repository/Final Object Repo/Page_Update Employer Information/Reference Number in Update Employee Information Page' is: 'ERN122018C200002407'

2018-12-12 18:01:40 - [MESSAGE][PASSED] - Text of object 'Object Repository/Final Object Repo/Page_Update Employer Information/Reference Number in Update Employee Information Page' is: 'ERN122018C200002407'

2018-12-12 18:01:40 - [TEST_STEP][PASSED] - callTestCase: Call Test Case 'Test Cases/Final Aug 2018 - PKS Automation/Common/Reference Number Setter' successfully

2018-12-12 18:01:40 - [TEST_CASE][PASSED] - Test Cases/Final Aug 2018 - PKS Automation/Common/Reference Number Setter: Test Cases/Final Aug 2018 - PKS Automation/Common/Reference Number Setter

2018-12-12 18:01:40 - [TEST_STEP][PASSED] - Statement - RefNoOldFile = new java.io.File(C://Users//Admin//Desktop//PKS//Automation Reference Point//KatalonReference.txt): null

2018-12-12 18:01:40 - [TEST_STEP][PASSED] - Statement - RefNoOldFile.delete(): null

2018-12-12 18:01:40 - [TEST_STEP][PASSED] - delay: Delayed 5 second(s)

2018-12-12 18:01:45 - [MESSAGE][PASSED] - Delayed 5 second(s)

2018-12-12 18:01:45 - [TEST_STEP][PASSED] - Statement - RefNo = new java.io.File(C://Users//Admin//Desktop//PKS//Automation Reference Point//KatalonReference.txt): null

2018-12-12 18:01:45 - [TEST_STEP][PASSED] - Statement - f2 = new java.io.FileWriter(RefNo, false): null

2018-12-12 18:01:45 - [TEST_STEP][PASSED] - Statement - f2.write(CaseReferenceNo): null

2018-12-12 18:01:45 - [TEST_STEP][PASSED] - Statement - f2.close(): null

2018-12-12 18:01:45 - [TEST_STEP][PASSED] - Statement - out.println("


" + CaseReferenceNo + "


"): null

2018-12-12 18:01:45 - [MESSAGE][PASSED] - Call Test Case 'Test Cases/Final Aug 2018 - PKS Automation/Common/Reference Number Setter' successfully

2018-12-12 18:01:45 - [TEST_STEP][PASSED] - delay: Delayed 2 second(s)

2018-12-12 18:01:47 - [MESSAGE][PASSED] - Delayed 2 second(s)

2018-12-12 18:01:47 - [TEST_STEP][PASSED] - click: Object: 'Object Repository/Final Object Repo/Page_Form 3 EIS - Cessation as Employer/Save  Continue in Uploading Page' is clicked on

2018-12-12 18:01:47 - [MESSAGE][PASSED] - Object: 'Object Repository/Final Object Repo/Page_Form 3 EIS - Cessation as Employer/Save  Continue in Uploading Page' is clicked on

2018-12-12 18:01:47 - [TEST_STEP][PASSED] - delay: Delayed 2 second(s)

2018-12-12 18:01:49 - [MESSAGE][PASSED] - Delayed 2 second(s)

2018-12-12 18:01:49 - [TEST_STEP][PASSED] - click: Object: 'Object Repository/Final Object Repo/Page_Form 3 EIS - Cessation as Employer/Submit' is clicked on

2018-12-12 18:01:52 - [MESSAGE][PASSED] - Object: 'Object Repository/Final Object Repo/Page_Form 3 EIS - Cessation as Employer/Submit' is clicked on

2018-12-12 18:01:52 - [TEST_STEP][PASSED] - delay: Delayed 2 second(s)

2018-12-12 18:01:54 - [MESSAGE][PASSED] - Delayed 2 second(s)

2018-12-12 18:01:54 - [TEST_STEP][PASSED] - click: Object: 'Object Repository/Final Object Repo/Page_Form 3 EIS - Cessation as Employer/Confirm' is clicked on

2018-12-12 18:01:55 - [MESSAGE][PASSED] - Object: 'Object Repository/Final Object Repo/Page_Form 3 EIS - Cessation as Employer/Confirm' is clicked on

2018-12-12 18:01:55 - [TEST_STEP][PASSED] - delay: Delayed 2 second(s)

2018-12-12 18:01:57 - [MESSAGE][PASSED] - Delayed 2 second(s)

2018-12-12 18:01:57 - [TEST_STEP][PASSED] - click: Object: 'Object Repository/Final Object Repo/Page_Form 3 EIS - Cessation as Employer/Message Your Request will be routed to UO' is clicked on

2018-12-12 18:02:00 - [MESSAGE][PASSED] - Object: 'Object Repository/Final Object Repo/Page_Form 3 EIS - Cessation as Employer/Message Your Request will be routed to UO' is clicked on

2018-12-12 18:02:00 - [TEST_STEP][PASSED] - click: Object: 'Object Repository/Final Object Repo/Page_Form 3 EIS - Cessation as Employer/Letter of acknowledgement' is clicked on

2018-12-12 18:02:01 - [MESSAGE][PASSED] - Object: 'Object Repository/Final Object Repo/Page_Form 3 EIS - Cessation as Employer/Letter of acknowledgement' is clicked on

2018-12-12 18:02:01 - [MESSAGE][PASSED] - Call Test Case 'Test Cases/Final Aug 2018 - PKS Automation/Registration Module/Workflow/Form 3 EIS - Cessation As Employer/Template/Form 3 A - Cessation As Employer (OTC)' successfully

2018-12-12 18:02:01 - [TEST_STEP][PASSED] - callTestCase: Call Test Case 'Test Cases/Final Aug 2018 - PKS Automation/Registration Module/Workflow/Form 3 EIS - Cessation As Employer/Template/Form 3 A - Cessation As Employer (Reject)' successfully

2018-12-12 18:02:01 - [TEST_CASE][PASSED] - Test Cases/Final Aug 2018 - PKS Automation/Registration Module/Workflow/Form 3 EIS - Cessation As Employer/Template/Form 3 A - Cessation As Employer (Reject): Test Cases/Final Aug 2018 - PKS Automation/Registration Module/Workflow/Form 3 EIS - Cessation As Employer/Template/Form 3 A - Cessation As Employer (Reject)

2018-12-12 18:02:01 - [TEST_STEP][NOT_RUN] - callTestCase: NOT_RUN: callTestCase

2018-12-12 18:02:01 - [MESSAGE][NOT_RUN] - NOT_RUN: callTestCase

2018-12-12 18:02:01 - [TEST_STEP][PASSED] - delay: Delayed 1 second(s)

2018-12-12 18:02:02 - [MESSAGE][PASSED] - Delayed 1 second(s)

2018-12-12 18:02:02 - [TEST_STEP][PASSED] - navigateToUrl: Navigate to 'https://assist2-uat.perkeso.gov.my/c/portal/logout' successfully

2018-12-12 18:02:03 - [MESSAGE][PASSED] - Navigate to 'https://assist2-uat.perkeso.gov.my/c/portal/logout' successfully

2018-12-12 18:02:03 - [TEST_STEP][PASSED] - delay: Delayed 1 second(s)

2018-12-12 18:02:04 - [MESSAGE][PASSED] - Delayed 1 second(s)

2018-12-12 18:02:04 - [TEST_STEP][PASSED] - callTestCase: Call Test Case 'Test Cases/Final Aug 2018 - PKS Automation/Common/Reference Number Getter' successfully

2018-12-12 18:02:04 - [TEST_CASE][PASSED] - Test Cases/Final Aug 2018 - PKS Automation/Common/Reference Number Getter: Test Cases/Final Aug 2018 - PKS Automation/Common/Reference Number Getter

2018-12-12 18:02:04 - [TEST_STEP][PASSED] - Statement - Try: null

2018-12-12 18:02:04 - [TEST_STEP][PASSED] - Statement - RefNo = new java.io.File(C://Users//Admin//Desktop//PKS//Automation Reference Point//KatalonReference.txt): null

2018-12-12 18:02:04 - [TEST_STEP][PASSED] - Statement - bufferread = new java.io.BufferedReader(new java.io.FileReader(RefNo)): null

2018-12-12 18:02:04 - [TEST_STEP][PASSED] - Statement - readedVal = bufferread.readLine(): null

2018-12-12 18:02:04 - [TEST_STEP][PASSED] - Statement - out.println(CaseReferenceNo): null

2018-12-12 18:02:04 - [TEST_STEP][PASSED] - Statement - out.println(readedVal): null

2018-12-12 18:02:04 - [TEST_STEP][PASSED] - Statement - CaseReferenceNo = "": null

2018-12-12 18:02:04 - [TEST_STEP][PASSED] - Statement - CaseReferenceNo = readedVal: null

2018-12-12 18:02:04 - [MESSAGE][PASSED] - Call Test Case 'Test Cases/Final Aug 2018 - PKS Automation/Common/Reference Number Getter' successfully

2018-12-12 18:02:04 - [TEST_STEP][PASSED] - callTestCase: Call Test Case 'Test Cases/Final Aug 2018 - PKS Automation/Common/Workflow Owner Finder' successfully

2018-12-12 18:02:04 - [TEST_CASE][PASSED] - Test Cases/Final Aug 2018 - PKS Automation/Common/Workflow Owner Finder: Test Cases/Final Aug 2018 - PKS Automation/Common/Workflow Owner Finder

2018-12-12 18:02:04 - [TEST_STEP][PASSED] - openBrowser: Browser is opened with url: ''

2018-12-12 18:02:04 - [MESSAGE][WARNING] - A browser is already opened. Closing browser and opening a new one

2018-12-12 18:02:08 - [MESSAGE][PASSED] - Browser is opened with url: ''

2018-12-12 18:02:08 - [TEST_STEP][PASSED] - navigateToUrl: Navigate to 'https://assist2-uat.perkeso.gov.my/login' successfully

2018-12-12 18:02:09 - [MESSAGE][PASSED] - Navigate to 'https://assist2-uat.perkeso.gov.my/login' successfully

2018-12-12 18:02:09 - [TEST_STEP][PASSED] - delay: Delayed 5 second(s)

2018-12-12 18:02:14 - [MESSAGE][PASSED] - Delayed 5 second(s)

2018-12-12 18:02:14 - [TEST_STEP][PASSED] - setText: Text 'test@liferay.com' is set on object 'Object Repository/Final Object Repo/Login Page/Internal User/Email Address'

2018-12-12 18:02:14 - [MESSAGE][PASSED] - Text 'test@liferay.com' is set on object 'Object Repository/Final Object Repo/Login Page/Internal User/Email Address'

2018-12-12 18:02:14 - [TEST_STEP][PASSED] - click: Object: 'Object Repository/Final Object Repo/Login Page/Internal User/Next Button' is clicked on

2018-12-12 18:02:14 - [MESSAGE][PASSED] - Object: 'Object Repository/Final Object Repo/Login Page/Internal User/Next Button' is clicked on

2018-12-12 18:02:14 - [TEST_STEP][PASSED] - delay: Delayed 2 second(s)

2018-12-12 18:02:16 - [MESSAGE][PASSED] - Delayed 2 second(s)

2018-12-12 18:02:16 - [TEST_STEP][PASSED] - setText: Text 'test' is set on object 'Object Repository/Final Object Repo/Login Page/Internal User/Password'

2018-12-12 18:02:17 - [MESSAGE][PASSED] - Text 'test' is set on object 'Object Repository/Final Object Repo/Login Page/Internal User/Password'

2018-12-12 18:02:17 - [TEST_STEP][PASSED] - delay: Delayed 2 second(s)

2018-12-12 18:02:19 - [MESSAGE][PASSED] - Delayed 2 second(s)

2018-12-12 18:02:19 - [TEST_STEP][PASSED] - click: Object: 'Object Repository/Final Object Repo/Login Page/Internal User/Login Button' is clicked on

2018-12-12 18:02:19 - [MESSAGE][PASSED] - Object: 'Object Repository/Final Object Repo/Login Page/Internal User/Login Button' is clicked on

2018-12-12 18:02:19 - [TEST_STEP][PASSED] - Statement - tester = com.kms.katalon.core.testobject.ObjectRepository.findTestObject(Final Object Repo/Landing Page/Select to English): Finding Test Object with id 'Object Repository/Final Object Repo/Landing Page/Select to English'

2018-12-12 18:02:19 - [TEST_STEP][PASSED] - Statement - Try: Delayed 2 second(s)

2018-12-12 18:02:19 - [TEST_STEP][PASSED] - Statement - Checker = com.kms.katalon.core.webui.keyword.WebUiBuiltInKeywords.verifyElementNotPresent(tester, 3): Web element with id: 'Object Repository/Final Object Repo/Landing Page/Select to English' located by 'By.xpath: //a[@class = 'taglib-language-list-text' and @lang = 'en-US' and (contains(text(), 'EN') or contains(., 'EN'))]' is not present after '3' second(s)

2018-12-12 18:02:21 - [MESSAGE][PASSED] - Web element with id: 'Object Repository/Final Object Repo/Landing Page/Select to English' located by 'By.xpath: //a[@class = 'taglib-language-list-text' and @lang = 'en-US' and (contains(text(), 'EN') or contains(., 'EN'))]' is not present after '3' second(s)

2018-12-12 18:02:21 - [TEST_STEP][PASSED] - Statement - If (Checker == false): null

2018-12-12 18:02:21 - [TEST_STEP][PASSED] - delay: Delayed 2 second(s)

2018-12-12 18:02:23 - [MESSAGE][PASSED] - Delayed 2 second(s)

2018-12-12 18:02:23 - [TEST_STEP][PASSED] - delay: Delayed 5 second(s)

2018-12-12 18:02:28 - [MESSAGE][PASSED] - Delayed 5 second(s)

2018-12-12 18:02:28 - [TEST_STEP][PASSED] - mouseOver: Object: 'Object Repository/Final Object Repo/Landing Page/WorkFlow Menu' is hovered

2018-12-12 18:02:28 - [MESSAGE][PASSED] - Object: 'Object Repository/Final Object Repo/Landing Page/WorkFlow Menu' is hovered

2018-12-12 18:02:28 - [TEST_STEP][PASSED] - delay: Delayed 2 second(s)

2018-12-12 18:02:30 - [MESSAGE][PASSED] - Delayed 2 second(s)

2018-12-12 18:02:30 - [TEST_STEP][PASSED] - click: Object: 'Object Repository/Final Object Repo/Landing Page/Select to Workflow Listing' is clicked on

2018-12-12 18:02:31 - [MESSAGE][PASSED] - Object: 'Object Repository/Final Object Repo/Landing Page/Select to Workflow Listing' is clicked on

2018-12-12 18:02:31 - [TEST_STEP][PASSED] - delay: Delayed 2 second(s)

2018-12-12 18:02:33 - [MESSAGE][PASSED] - Delayed 2 second(s)

2018-12-12 18:02:33 - [TEST_STEP][PASSED] - click: Object: 'Object Repository/Final Object Repo/WorkFlow Listing Page/Search Information - To Put Ref No' is clicked on

2018-12-12 18:02:33 - [MESSAGE][PASSED] - Object: 'Object Repository/Final Object Repo/WorkFlow Listing Page/Search Information - To Put Ref No' is clicked on

2018-12-12 18:02:33 - [TEST_STEP][PASSED] - delay: Delayed 2 second(s)

2018-12-12 18:02:35 - [MESSAGE][PASSED] - Delayed 2 second(s)

2018-12-12 18:02:35 - [TEST_STEP][PASSED] - callTestCase: Call Test Case 'Test Cases/Final Aug 2018 - PKS Automation/Common/Reference Number Getter' successfully

2018-12-12 18:02:35 - [TEST_CASE][PASSED] - Test Cases/Final Aug 2018 - PKS Automation/Common/Reference Number Getter: Test Cases/Final Aug 2018 - PKS Automation/Common/Reference Number Getter

2018-12-12 18:02:35 - [TEST_STEP][PASSED] - Statement - Try: null

2018-12-12 18:02:35 - [TEST_STEP][PASSED] - Statement - RefNo = new java.io.File(C://Users//Admin//Desktop//PKS//Automation Reference Point//KatalonReference.txt): null

2018-12-12 18:02:35 - [TEST_STEP][PASSED] - Statement - bufferread = new java.io.BufferedReader(new java.io.FileReader(RefNo)): null

2018-12-12 18:02:35 - [TEST_STEP][PASSED] - Statement - readedVal = bufferread.readLine(): null

2018-12-12 18:02:35 - [TEST_STEP][PASSED] - Statement - out.println(CaseReferenceNo): null

2018-12-12 18:02:35 - [TEST_STEP][PASSED] - Statement - out.println(readedVal): null

2018-12-12 18:02:35 - [TEST_STEP][PASSED] - Statement - CaseReferenceNo = "": null

2018-12-12 18:02:35 - [TEST_STEP][PASSED] - Statement - CaseReferenceNo = readedVal: null

2018-12-12 18:02:35 - [MESSAGE][PASSED] - Call Test Case 'Test Cases/Final Aug 2018 - PKS Automation/Common/Reference Number Getter' successfully

2018-12-12 18:02:35 - [TEST_STEP][PASSED] - setText: Text 'ERN122018C200002407' is set on object 'Object Repository/Final Object Repo/WorkFlow Listing Page/Ref No Set Text'

2018-12-12 18:02:36 - [MESSAGE][PASSED] - Text 'ERN122018C200002407' is set on object 'Object Repository/Final Object Repo/WorkFlow Listing Page/Ref No Set Text'

2018-12-12 18:02:36 - [TEST_STEP][PASSED] - delay: Delayed 2 second(s)

2018-12-12 18:02:38 - [MESSAGE][PASSED] - Delayed 2 second(s)

2018-12-12 18:02:38 - [TEST_STEP][PASSED] - click: Object: 'Object Repository/Final Object Repo/WorkFlow Listing Page/Search Ref No Search Button' is clicked on

2018-12-12 18:02:38 - [MESSAGE][PASSED] - Object: 'Object Repository/Final Object Repo/WorkFlow Listing Page/Search Ref No Search Button' is clicked on

2018-12-12 18:02:38 - [TEST_STEP][PASSED] - delay: Delayed 6 second(s)

2018-12-12 18:02:44 - [MESSAGE][PASSED] - Delayed 6 second(s)

2018-12-12 18:02:44 - [TEST_STEP][PASSED] - click: Object: 'Object Repository/Final Object Repo/WorkFlow Listing Page/Click Continue Tooltip' is clicked on

2018-12-12 18:02:45 - [MESSAGE][PASSED] - Object: 'Object Repository/Final Object Repo/WorkFlow Listing Page/Click Continue Tooltip' is clicked on

2018-12-12 18:02:45 - [TEST_STEP][PASSED] - delay: Delayed 5 second(s)

2018-12-12 18:02:50 - [MESSAGE][PASSED] - Delayed 5 second(s)

2018-12-12 18:02:50 - [TEST_STEP][PASSED] - doubleClick: Object: 'Object Repository/Final Object Repo/WorkFlow Listing Page/Workflow Found - Listing 1' is double clicked on

2018-12-12 18:02:50 - [MESSAGE][PASSED] - Object: 'Object Repository/Final Object Repo/WorkFlow Listing Page/Workflow Found - Listing 1' is double clicked on

2018-12-12 18:02:50 - [TEST_STEP][PASSED] - Statement - println(OwnerID): null

2018-12-12 18:02:50 - [TEST_STEP][PASSED] - Statement - OwnerID = com.kms.katalon.core.webui.keyword.WebUiBuiltInKeywords.getText(com.kms.katalon.core.testobject.ObjectRepository.findTestObject(Final Object Repo/WorkFlow Listing Page/Workflow Found - Listing 1), STOP_ON_FAILURE): Text of object 'Object Repository/Final Object Repo/WorkFlow Listing Page/Workflow Found - Listing 1' is: 'JOHORuo2'

2018-12-12 18:02:50 - [MESSAGE][PASSED] - Text of object 'Object Repository/Final Object Repo/WorkFlow Listing Page/Workflow Found - Listing 1' is: 'JOHORuo2'

2018-12-12 18:02:50 - [TEST_STEP][PASSED] - Statement - OwnerID = OwnerID.toLowerCase() + "@gmail.com": null

2018-12-12 18:02:50 - [TEST_STEP][PASSED] - Statement - println(OwnerID): null

2018-12-12 18:02:50 - [TEST_STEP][PASSED] - delay: Delayed 2 second(s)

2018-12-12 18:02:52 - [MESSAGE][PASSED] - Delayed 2 second(s)

2018-12-12 18:02:52 - [MESSAGE][PASSED] - Call Test Case 'Test Cases/Final Aug 2018 - PKS Automation/Common/Workflow Owner Finder' successfully

2018-12-12 18:02:52 - [TEST_STEP][PASSED] - delay: Delayed 1 second(s)

2018-12-12 18:02:53 - [MESSAGE][PASSED] - Delayed 1 second(s)

2018-12-12 18:02:53 - [TEST_STEP][PASSED] - navigateToUrl: Navigate to 'https://assist2-uat.perkeso.gov.my/c/portal/logout' successfully

2018-12-12 18:02:54 - [MESSAGE][PASSED] - Navigate to 'https://assist2-uat.perkeso.gov.my/c/portal/logout' successfully

2018-12-12 18:02:54 - [TEST_STEP][PASSED] - delay: Delayed 1 second(s)

2018-12-12 18:02:55 - [MESSAGE][PASSED] - Delayed 1 second(s)

2018-12-12 18:02:55 - [TEST_STEP][PASSED] - callTestCase: Call Test Case 'Test Cases/Final Aug 2018 - PKS Automation/Registration Module/Workflow/Login and Search Case For Workflow' successfully

2018-12-12 18:02:55 - [TEST_CASE][PASSED] - Test Cases/Final Aug 2018 - PKS Automation/Registration Module/Workflow/Login and Search Case For Workflow: Test Cases/Final Aug 2018 - PKS Automation/Registration Module/Workflow/Login and Search Case For Workflow

2018-12-12 18:02:55 - [TEST_STEP][PASSED] - navigateToUrl: Navigate to 'https://assist2-uat.perkeso.gov.my/login' successfully

2018-12-12 18:02:55 - [MESSAGE][PASSED] - Navigate to 'https://assist2-uat.perkeso.gov.my/login' successfully

2018-12-12 18:02:55 - [TEST_STEP][PASSED] - setText: Text 'johoruo2@gmail.com' is set on object 'Object Repository/Final Object Repo/Login Page/Internal User/Email Address'

2018-12-12 18:02:56 - [MESSAGE][PASSED] - Text 'johoruo2@gmail.com' is set on object 'Object Repository/Final Object Repo/Login Page/Internal User/Email Address'

2018-12-12 18:02:56 - [TEST_STEP][PASSED] - click: Object: 'Object Repository/Final Object Repo/Login Page/Internal User/Next Button' is clicked on

2018-12-12 18:02:56 - [MESSAGE][PASSED] - Object: 'Object Repository/Final Object Repo/Login Page/Internal User/Next Button' is clicked on

2018-12-12 18:02:56 - [TEST_STEP][PASSED] - delay: Delayed 1 second(s)

2018-12-12 18:02:57 - [MESSAGE][PASSED] - Delayed 1 second(s)

2018-12-12 18:02:57 - [TEST_STEP][PASSED] - setEncryptedText: Text ****** has been set on object 'Object Repository/Final Object Repo/Login Page/Internal User/Password'

2018-12-12 18:02:57 - [MESSAGE][PASSED] - Text ****** has been set on object 'Object Repository/Final Object Repo/Login Page/Internal User/Password'

2018-12-12 18:02:57 - [TEST_STEP][PASSED] - click: Object: 'Object Repository/Final Object Repo/Login Page/Internal User/Login Button' is clicked on

2018-12-12 18:02:57 - [MESSAGE][PASSED] - Object: 'Object Repository/Final Object Repo/Login Page/Internal User/Login Button' is clicked on

2018-12-12 18:02:57 - [TEST_STEP][PASSED] - delay: Delayed 2 second(s)

2018-12-12 18:02:59 - [MESSAGE][PASSED] - Delayed 2 second(s)

2018-12-12 18:02:59 - [TEST_STEP][PASSED] - Statement - Try: Delayed 2 second(s)

2018-12-12 18:02:59 - [TEST_STEP][PASSED] - Statement - Checker = false: null

2018-12-12 18:02:59 - [TEST_STEP][PASSED] - Statement - Checker = com.kms.katalon.core.webui.keyword.WebUiBuiltInKeywords.verifyElementHasAttribute(com.kms.katalon.core.testobject.ObjectRepository.findTestObject(Final Object Repo/Landing Page/BM Detecting), "href", 20, OPTIONAL): Object 'Object Repository/Final Object Repo/Landing Page/BM Detecting' has attribute 'href'

2018-12-12 18:02:59 - [MESSAGE][PASSED] - Object 'Object Repository/Final Object Repo/Landing Page/BM Detecting' has attribute 'href'

2018-12-12 18:02:59 - [TEST_STEP][PASSED] - Statement - out.println(Checker): null

2018-12-12 18:02:59 - [TEST_STEP][PASSED] - Statement - If (Checker == false): null

2018-12-12 18:02:59 - [TEST_STEP][PASSED] - Statement - Else: null

2018-12-12 18:02:59 - [TEST_STEP][PASSED] - delay: Delayed 2 second(s)

2018-12-12 18:03:01 - [MESSAGE][PASSED] - Delayed 2 second(s)

2018-12-12 18:03:01 - [TEST_STEP][PASSED] - click: Object: 'Object Repository/Final Object Repo/Page_MyASSIST - ASSIST - Search Pending Case For Add Supporting Document/Search Information' is clicked on

2018-12-12 18:03:02 - [MESSAGE][PASSED] - Object: 'Object Repository/Final Object Repo/Page_MyASSIST - ASSIST - Search Pending Case For Add Supporting Document/Search Information' is clicked on

2018-12-12 18:03:02 - [TEST_STEP][PASSED] - delay: Delayed 3 second(s)

2018-12-12 18:03:05 - [MESSAGE][PASSED] - Delayed 3 second(s)

2018-12-12 18:03:05 - [TEST_STEP][PASSED] - sendKeys: Keys 'ERN122018C200002407' sent to object: 'Object Repository/Final Object Repo/Page_MyASSIST - ASSIST - Search Pending Case For Add Supporting Document/Reference No'

2018-12-12 18:03:05 - [MESSAGE][PASSED] - Keys 'ERN122018C200002407' sent to object: 'Object Repository/Final Object Repo/Page_MyASSIST - ASSIST - Search Pending Case For Add Supporting Document/Reference No'

2018-12-12 18:03:05 - [TEST_STEP][PASSED] - click: Object: 'Object Repository/Final Object Repo/Page_MyASSIST - ASSIST - Search Pending Case For Add Supporting Document/Search Reference No' is clicked on

2018-12-12 18:03:05 - [MESSAGE][PASSED] - Object: 'Object Repository/Final Object Repo/Page_MyASSIST - ASSIST - Search Pending Case For Add Supporting Document/Search Reference No' is clicked on

2018-12-12 18:03:05 - [TEST_STEP][PASSED] - delay: Delayed 2 second(s)

2018-12-12 18:03:07 - [MESSAGE][PASSED] - Delayed 2 second(s)

2018-12-12 18:03:07 - [TEST_STEP][PASSED] - click: Object: 'Object Repository/Final Object Repo/Page_MyASSIST - ASSIST - Search Pending Case For Add Supporting Document/Continue' is clicked on

2018-12-12 18:03:11 - [MESSAGE][PASSED] - Object: 'Object Repository/Final Object Repo/Page_MyASSIST - ASSIST - Search Pending Case For Add Supporting Document/Continue' is clicked on

2018-12-12 18:03:11 - [TEST_STEP][PASSED] - delay: Delayed 20 second(s)

2018-12-12 18:03:31 - [MESSAGE][PASSED] - Delayed 20 second(s)

2018-12-12 18:03:31 - [MESSAGE][PASSED] - Call Test Case 'Test Cases/Final Aug 2018 - PKS Automation/Registration Module/Workflow/Login and Search Case For Workflow' successfully

2018-12-12 18:03:31 - [TEST_STEP][PASSED] - click: Object: 'Object Repository/Final Object Repo/Page_Form 3 EIS - Cessation as Employer/Page_Form 3 EIS - Cessation as Employer (Approve)/Save  Continue in Form 3 Page' is clicked on

2018-12-12 18:03:31 - [MESSAGE][PASSED] - Object: 'Object Repository/Final Object Repo/Page_Form 3 EIS - Cessation as Employer/Page_Form 3 EIS - Cessation as Employer (Approve)/Save  Continue in Form 3 Page' is clicked on

2018-12-12 18:03:31 - [TEST_STEP][PASSED] - delay: Delayed 2 second(s)

2018-12-12 18:03:33 - [MESSAGE][PASSED] - Delayed 2 second(s)

2018-12-12 18:03:33 - [TEST_STEP][PASSED] - click: Object: 'Object Repository/Final Object Repo/Page_Form 3 EIS - Cessation as Employer/Page_Form 3 EIS - Cessation as Employer (Approve)/Save  Continue in Resigned Page' is clicked on

2018-12-12 18:03:33 - [MESSAGE][PASSED] - Object: 'Object Repository/Final Object Repo/Page_Form 3 EIS - Cessation as Employer/Page_Form 3 EIS - Cessation as Employer (Approve)/Save  Continue in Resigned Page' is clicked on

2018-12-12 18:03:33 - [TEST_STEP][PASSED] - delay: Delayed 2 second(s)

2018-12-12 18:03:35 - [MESSAGE][PASSED] - Delayed 2 second(s)

2018-12-12 18:03:35 - [TEST_STEP][PASSED] - click: Object: 'Object Repository/Final Object Repo/Page_Form 3 EIS - Cessation as Employer/Page_Form 3 EIS - Cessation as Employer (Approve)/Save  Continue in Uploading Page' is clicked on

2018-12-12 18:03:36 - [MESSAGE][PASSED] - Object: 'Object Repository/Final Object Repo/Page_Form 3 EIS - Cessation as Employer/Page_Form 3 EIS - Cessation as Employer (Approve)/Save  Continue in Uploading Page' is clicked on

2018-12-12 18:03:36 - [TEST_STEP][PASSED] - delay: Delayed 2 second(s)

2018-12-12 18:03:38 - [MESSAGE][PASSED] - Delayed 2 second(s)

2018-12-12 18:03:38 - [TEST_STEP][PASSED] - click: Object: 'Object Repository/Final Object Repo/Page_Form 3 EIS - Cessation as Employer/Page_Form 3 EIS - Cessation as Employer (Reject)/Reject' is clicked on

2018-12-12 18:03:41 - [MESSAGE][PASSED] - Object: 'Object Repository/Final Object Repo/Page_Form 3 EIS - Cessation as Employer/Page_Form 3 EIS - Cessation as Employer (Reject)/Reject' is clicked on

2018-12-12 18:03:41 - [TEST_STEP][PASSED] - delay: Delayed 2 second(s)

2018-12-12 18:03:43 - [MESSAGE][PASSED] - Delayed 2 second(s)

2018-12-12 18:03:43 - [TEST_STEP][PASSED] - click: Object: 'Object Repository/Final Object Repo/Page_Form 3 EIS - Cessation as Employer/Page_Form 3 EIS - Cessation as Employer (Reject)/Confirm' is clicked on

2018-12-12 18:03:43 - [MESSAGE][PASSED] - Object: 'Object Repository/Final Object Repo/Page_Form 3 EIS - Cessation as Employer/Page_Form 3 EIS - Cessation as Employer (Reject)/Confirm' is clicked on

2018-12-12 18:03:43 - [TEST_STEP][PASSED] - delay: Delayed 2 second(s)

2018-12-12 18:03:45 - [MESSAGE][PASSED] - Delayed 2 second(s)

2018-12-12 18:03:45 - [TEST_STEP][PASSED] - click: Object: 'Object Repository/Final Object Repo/Page_Form 3 EIS - Cessation as Employer/Page_Form 3 EIS - Cessation as Employer (Reject)/Message This Case has been Rejected' is clicked on

2018-12-12 18:03:49 - [MESSAGE][PASSED] - Object: 'Object Repository/Final Object Repo/Page_Form 3 EIS - Cessation as Employer/Page_Form 3 EIS - Cessation as Employer (Reject)/Message This Case has been Rejected' is clicked on

2018-12-12 18:03:49 - [TEST_STEP][PASSED] - click: Object: 'Object Repository/Final Object Repo/Page_Form 3 EIS - Cessation as Employer/Page_Form 3 EIS - Cessation as Employer (Reject)/Letter of update rejection' is clicked on

2018-12-12 18:03:49 - [MESSAGE][PASSED] - Object: 'Object Repository/Final Object Repo/Page_Form 3 EIS - Cessation as Employer/Page_Form 3 EIS - Cessation as Employer (Reject)/Letter of update rejection' is clicked on

2018-12-12 18:03:49 - [MESSAGE][PASSED] - Call Test Case 'Test Cases/Final Aug 2018 - PKS Automation/Registration Module/Workflow/Form 3 EIS - Cessation As Employer/Template/Form 3 A - Cessation As Employer (Reject)' successfully]]></system-out>
         <system-err><![CDATA[]]></system-err>
      </testcase>
      <testcase name="Test Cases/Final Aug 2018 - PKS Automation/Registration Module/Workflow/Form 3 EIS - Cessation As Employer/OTC to UO (Under enforcement)" classname="Test Cases/Final Aug 2018 - PKS Automation/Registration Module/Workflow/Form 3 EIS - Cessation As Employer/OTC to UO (Under enforcement)" status="PASSED">
         <system-out><![CDATA[2018-12-12 18:03:49 - [TEST_CASE][PASSED] - Test Cases/Final Aug 2018 - PKS Automation/Registration Module/Workflow/Form 3 EIS - Cessation As Employer/OTC to UO (Under enforcement): Test Cases/Final Aug 2018 - PKS Automation/Registration Module/Workflow/Form 3 EIS - Cessation As Employer/OTC to UO (Under enforcement)

2018-12-12 18:03:51 - [TEST_STEP][PASSED] - callTestCase: Call Test Case 'Test Cases/Final Aug 2018 - PKS Automation/Registration Module/Workflow/Form 3 EIS - Cessation As Employer/Template/Form 3 A - Cessation As Employer (OTC)' successfully

2018-12-12 18:03:51 - [TEST_CASE][PASSED] - Test Cases/Final Aug 2018 - PKS Automation/Registration Module/Workflow/Form 3 EIS - Cessation As Employer/Template/Form 3 A - Cessation As Employer (OTC): Test Cases/Final Aug 2018 - PKS Automation/Registration Module/Workflow/Form 3 EIS - Cessation As Employer/Template/Form 3 A - Cessation As Employer (OTC)

2018-12-12 18:03:51 - [TEST_STEP][PASSED] - openBrowser: Browser is opened with url: ''

2018-12-12 18:03:51 - [MESSAGE][WARNING] - A browser is already opened. Closing browser and opening a new one

2018-12-12 18:03:55 - [MESSAGE][PASSED] - Browser is opened with url: ''

2018-12-12 18:03:55 - [TEST_STEP][PASSED] - navigateToUrl: Navigate to 'https://assist2-uat.perkeso.gov.my/login' successfully

2018-12-12 18:03:56 - [MESSAGE][PASSED] - Navigate to 'https://assist2-uat.perkeso.gov.my/login' successfully

2018-12-12 18:03:56 - [TEST_STEP][PASSED] - setText: Text 'johorotc1@gmail.com' is set on object 'Object Repository/Final Object Repo/Login Page/Internal User/Email Address'

2018-12-12 18:03:56 - [MESSAGE][PASSED] - Text 'johorotc1@gmail.com' is set on object 'Object Repository/Final Object Repo/Login Page/Internal User/Email Address'

2018-12-12 18:03:56 - [TEST_STEP][PASSED] - click: Object: 'Object Repository/Final Object Repo/Login Page/Internal User/Next Button' is clicked on

2018-12-12 18:03:56 - [MESSAGE][PASSED] - Object: 'Object Repository/Final Object Repo/Login Page/Internal User/Next Button' is clicked on

2018-12-12 18:03:56 - [TEST_STEP][PASSED] - delay: Delayed 1 second(s)

2018-12-12 18:03:57 - [MESSAGE][PASSED] - Delayed 1 second(s)

2018-12-12 18:03:57 - [TEST_STEP][PASSED] - setEncryptedText: Text ****** has been set on object 'Object Repository/Final Object Repo/Login Page/Internal User/Password'

2018-12-12 18:03:58 - [MESSAGE][PASSED] - Text ****** has been set on object 'Object Repository/Final Object Repo/Login Page/Internal User/Password'

2018-12-12 18:03:58 - [TEST_STEP][PASSED] - click: Object: 'Object Repository/Final Object Repo/Login Page/Internal User/Login Button' is clicked on

2018-12-12 18:03:58 - [MESSAGE][PASSED] - Object: 'Object Repository/Final Object Repo/Login Page/Internal User/Login Button' is clicked on

2018-12-12 18:03:58 - [TEST_STEP][PASSED] - delay: Delayed 1 second(s)

2018-12-12 18:03:59 - [MESSAGE][PASSED] - Delayed 1 second(s)

2018-12-12 18:03:59 - [TEST_STEP][PASSED] - Statement - Try: Delayed 2 second(s)

2018-12-12 18:03:59 - [TEST_STEP][PASSED] - Statement - Checker = false: null

2018-12-12 18:03:59 - [TEST_STEP][PASSED] - Statement - Checker = com.kms.katalon.core.webui.keyword.WebUiBuiltInKeywords.verifyElementHasAttribute(com.kms.katalon.core.testobject.ObjectRepository.findTestObject(Final Object Repo/Landing Page/BM Detecting), "href", 20, OPTIONAL): Object 'Object Repository/Final Object Repo/Landing Page/BM Detecting' has attribute 'href'

2018-12-12 18:04:00 - [MESSAGE][PASSED] - Object 'Object Repository/Final Object Repo/Landing Page/BM Detecting' has attribute 'href'

2018-12-12 18:04:00 - [TEST_STEP][PASSED] - Statement - out.println(Checker): null

2018-12-12 18:04:00 - [TEST_STEP][PASSED] - Statement - If (Checker == false): null

2018-12-12 18:04:00 - [TEST_STEP][PASSED] - Statement - Else: null

2018-12-12 18:04:00 - [TEST_STEP][PASSED] - delay: Delayed 2 second(s)

2018-12-12 18:04:02 - [MESSAGE][PASSED] - Delayed 2 second(s)

2018-12-12 18:04:02 - [TEST_STEP][PASSED] - navigateToUrl: Navigate to 'https://assist2-uat.perkeso.gov.my/web/registration/eis-update/form-3-eis-cessation-as-employer' successfully

2018-12-12 18:04:02 - [MESSAGE][PASSED] - Navigate to 'https://assist2-uat.perkeso.gov.my/web/registration/eis-update/form-3-eis-cessation-as-employer' successfully

2018-12-12 18:04:02 - [TEST_STEP][PASSED] - delay: Delayed 1 second(s)

2018-12-12 18:04:03 - [MESSAGE][PASSED] - Delayed 1 second(s)

2018-12-12 18:04:03 - [TEST_STEP][PASSED] - setText: Text 'E1102069769W' is set on object 'Object Repository/Final Object Repo/Page_Form 3 EIS - Cessation as Employer/Employer Code'

2018-12-12 18:04:04 - [MESSAGE][PASSED] - Text 'E1102069769W' is set on object 'Object Repository/Final Object Repo/Page_Form 3 EIS - Cessation as Employer/Employer Code'

2018-12-12 18:04:04 - [TEST_STEP][PASSED] - click: Object: 'Object Repository/Final Object Repo/Page_Form 3 EIS - Cessation as Employer/Search' is clicked on

2018-12-12 18:04:04 - [MESSAGE][PASSED] - Object: 'Object Repository/Final Object Repo/Page_Form 3 EIS - Cessation as Employer/Search' is clicked on

2018-12-12 18:04:04 - [TEST_STEP][PASSED] - click: Object: 'Object Repository/Final Object Repo/Page_Form 3 EIS - Cessation as Employer/Edit' is clicked on

2018-12-12 18:04:06 - [MESSAGE][PASSED] - Object: 'Object Repository/Final Object Repo/Page_Form 3 EIS - Cessation as Employer/Edit' is clicked on

2018-12-12 18:04:06 - [TEST_STEP][PASSED] - delay: Delayed 1 second(s)

2018-12-12 18:04:07 - [MESSAGE][PASSED] - Delayed 1 second(s)

2018-12-12 18:04:07 - [TEST_STEP][PASSED] - Statement - abc = com.kms.katalon.core.webui.keyword.WebUiBuiltInKeywords.getAttribute(com.kms.katalon.core.testobject.ObjectRepository.findTestObject(Final Object Repo/Page_Form 3 EIS - Cessation as Employer/Employer Status), "value"): Attribute 'value' of object 'Object Repository/Final Object Repo/Page_Form 3 EIS - Cessation as Employer/Employer Status' is: 'Active'

2018-12-12 18:04:07 - [MESSAGE][PASSED] - Attribute 'value' of object 'Object Repository/Final Object Repo/Page_Form 3 EIS - Cessation as Employer/Employer Status' is: 'Active'

2018-12-12 18:04:07 - [TEST_STEP][PASSED] - Statement - out.println(abc): null

2018-12-12 18:04:07 - [TEST_STEP][PASSED] - Statement - If (abc == "Active"): Object: 'Object Repository/Final Object Repo/Page_Form 3 EIS - Cessation as Employer/Dormant EIS' is clicked on

2018-12-12 18:04:07 - [TEST_STEP][PASSED] - click: Object: 'Object Repository/Final Object Repo/Page_Form 3 EIS - Cessation as Employer/Change Employer Status to' is clicked on

2018-12-12 18:04:08 - [MESSAGE][PASSED] - Object: 'Object Repository/Final Object Repo/Page_Form 3 EIS - Cessation as Employer/Change Employer Status to' is clicked on

2018-12-12 18:04:08 - [TEST_STEP][PASSED] - click: Object: 'Object Repository/Final Object Repo/Page_Form 3 EIS - Cessation as Employer/Dormant EIS' is clicked on

2018-12-12 18:04:08 - [MESSAGE][PASSED] - Object: 'Object Repository/Final Object Repo/Page_Form 3 EIS - Cessation as Employer/Dormant EIS' is clicked on

2018-12-12 18:04:08 - [TEST_STEP][PASSED] - click: Object: 'Object Repository/Final Object Repo/Page_Form 3 EIS - Cessation as Employer/Calender' is clicked on

2018-12-12 18:04:08 - [MESSAGE][PASSED] - Object: 'Object Repository/Final Object Repo/Page_Form 3 EIS - Cessation as Employer/Calender' is clicked on

2018-12-12 18:04:08 - [TEST_STEP][PASSED] - delay: Delayed 1 second(s)

2018-12-12 18:04:09 - [MESSAGE][PASSED] - Delayed 1 second(s)

2018-12-12 18:04:09 - [TEST_STEP][PASSED] - click: Object: 'Object Repository/Final Object Repo/Page_Form 3 EIS - Cessation as Employer/Calender - Date' is clicked on

2018-12-12 18:04:09 - [MESSAGE][PASSED] - Object: 'Object Repository/Final Object Repo/Page_Form 3 EIS - Cessation as Employer/Calender - Date' is clicked on

2018-12-12 18:04:09 - [TEST_STEP][PASSED] - click: Object: 'Object Repository/Final Object Repo/Page_Form 3 EIS - Cessation as Employer/Save  Continue in Form 3 EIS Page' is clicked on

2018-12-12 18:04:09 - [MESSAGE][PASSED] - Object: 'Object Repository/Final Object Repo/Page_Form 3 EIS - Cessation as Employer/Save  Continue in Form 3 EIS Page' is clicked on

2018-12-12 18:04:09 - [TEST_STEP][PASSED] - delay: Delayed 1 second(s)

2018-12-12 18:04:10 - [MESSAGE][PASSED] - Delayed 1 second(s)

2018-12-12 18:04:10 - [TEST_STEP][PASSED] - click: Object: 'Object Repository/Final Object Repo/Page_Form 3 EIS - Cessation as Employer/Employment Resign Date' is clicked on

2018-12-12 18:04:11 - [MESSAGE][PASSED] - Object: 'Object Repository/Final Object Repo/Page_Form 3 EIS - Cessation as Employer/Employment Resign Date' is clicked on

2018-12-12 18:04:11 - [TEST_STEP][PASSED] - selectOptionByValue: All options with value '2030' are selected in object 'Object Repository/Final Object Repo/Page_Form 3 EIS - Cessation as Employer/Employment Resign Date - Year' 

2018-12-12 18:04:11 - [MESSAGE][PASSED] - All options with value '2030' are selected in object 'Object Repository/Final Object Repo/Page_Form 3 EIS - Cessation as Employer/Employment Resign Date - Year' 

2018-12-12 18:04:11 - [TEST_STEP][PASSED] - delay: Delayed 2 second(s)

2018-12-12 18:04:13 - [MESSAGE][PASSED] - Delayed 2 second(s)

2018-12-12 18:04:13 - [TEST_STEP][PASSED] - click: Object: 'Object Repository/Final Object Repo/Page_Form 3 EIS - Cessation as Employer/Employment Resign Date - Year - Date' is clicked on

2018-12-12 18:04:13 - [MESSAGE][PASSED] - Object: 'Object Repository/Final Object Repo/Page_Form 3 EIS - Cessation as Employer/Employment Resign Date - Year - Date' is clicked on

2018-12-12 18:04:13 - [TEST_STEP][PASSED] - delay: Delayed 2 second(s)

2018-12-12 18:04:15 - [MESSAGE][PASSED] - Delayed 2 second(s)

2018-12-12 18:04:15 - [TEST_STEP][PASSED] - click: Object: 'Object Repository/Final Object Repo/Page_Form 3 EIS - Cessation as Employer/Save  Continue in Employment Resign Page' is clicked on

2018-12-12 18:04:15 - [MESSAGE][PASSED] - Object: 'Object Repository/Final Object Repo/Page_Form 3 EIS - Cessation as Employer/Save  Continue in Employment Resign Page' is clicked on

2018-12-12 18:04:15 - [TEST_STEP][PASSED] - delay: Delayed 2 second(s)

2018-12-12 18:04:17 - [MESSAGE][PASSED] - Delayed 2 second(s)

2018-12-12 18:04:17 - [TEST_STEP][PASSED] - click: Object: 'Object Repository/Final Object Repo/Page_Form 3 EIS - Cessation as Employer/Set Latest - Yes' is clicked on

2018-12-12 18:04:18 - [MESSAGE][PASSED] - Object: 'Object Repository/Final Object Repo/Page_Form 3 EIS - Cessation as Employer/Set Latest - Yes' is clicked on

2018-12-12 18:04:18 - [TEST_STEP][PASSED] - delay: Delayed 2 second(s)

2018-12-12 18:04:20 - [MESSAGE][PASSED] - Delayed 2 second(s)

2018-12-12 18:04:20 - [TEST_STEP][PASSED] - click: Object: 'Object Repository/Final Object Repo/Page_Form 3 EIS - Cessation as Employer/Add Document' is clicked on

2018-12-12 18:04:20 - [MESSAGE][PASSED] - Object: 'Object Repository/Final Object Repo/Page_Form 3 EIS - Cessation as Employer/Add Document' is clicked on

2018-12-12 18:04:20 - [TEST_STEP][PASSED] - delay: Delayed 3 second(s)

2018-12-12 18:04:23 - [MESSAGE][PASSED] - Delayed 3 second(s)

2018-12-12 18:04:23 - [TEST_STEP][PASSED] - click: Object: 'Object Repository/Final Object Repo/Page_Form 3 EIS - Cessation as Employer/Document Type' is clicked on

2018-12-12 18:04:24 - [MESSAGE][PASSED] - Object: 'Object Repository/Final Object Repo/Page_Form 3 EIS - Cessation as Employer/Document Type' is clicked on

2018-12-12 18:04:24 - [TEST_STEP][PASSED] - click: Object: 'Object Repository/Final Object Repo/Page_Form 3 EIS - Cessation as Employer/Document Type - Form 3' is clicked on

2018-12-12 18:04:24 - [MESSAGE][PASSED] - Object: 'Object Repository/Final Object Repo/Page_Form 3 EIS - Cessation as Employer/Document Type - Form 3' is clicked on

2018-12-12 18:04:24 - [TEST_STEP][PASSED] - delay: Delayed 2 second(s)

2018-12-12 18:04:26 - [MESSAGE][PASSED] - Delayed 2 second(s)

2018-12-12 18:04:26 - [TEST_STEP][PASSED] - sendKeys: Keys 'C:\Users\Public\Pictures\Sample Pictures\Koala.jpg' sent to object: 'Object Repository/Final Object Repo/Page_Form 3 EIS - Cessation as Employer/ploading File'

2018-12-12 18:04:26 - [MESSAGE][PASSED] - Keys 'C:\Users\Public\Pictures\Sample Pictures\Koala.jpg' sent to object: 'Object Repository/Final Object Repo/Page_Form 3 EIS - Cessation as Employer/ploading File'

2018-12-12 18:04:26 - [TEST_STEP][PASSED] - delay: Delayed 1 second(s)

2018-12-12 18:04:27 - [MESSAGE][PASSED] - Delayed 1 second(s)

2018-12-12 18:04:27 - [TEST_STEP][PASSED] - click: Object: 'Object Repository/Final Object Repo/Page_Form 3 EIS - Cessation as Employer/Add Document in Uploading Page' is clicked on

2018-12-12 18:04:27 - [MESSAGE][PASSED] - Object: 'Object Repository/Final Object Repo/Page_Form 3 EIS - Cessation as Employer/Add Document in Uploading Page' is clicked on

2018-12-12 18:04:27 - [TEST_STEP][PASSED] - delay: Delayed 2 second(s)

2018-12-12 18:04:29 - [MESSAGE][PASSED] - Delayed 2 second(s)

2018-12-12 18:04:29 - [TEST_STEP][PASSED] - Statement - CaseReferenceNo = com.kms.katalon.core.webui.keyword.WebUiBuiltInKeywords.getText(com.kms.katalon.core.testobject.ObjectRepository.findTestObject(Final Object Repo/Page_Update Employer Information/Reference Number in Update Employee Information Page)): Text of object 'Object Repository/Final Object Repo/Page_Update Employer Information/Reference Number in Update Employee Information Page' is: 'ERN122018C200002408'

2018-12-12 18:04:31 - [MESSAGE][PASSED] - Text of object 'Object Repository/Final Object Repo/Page_Update Employer Information/Reference Number in Update Employee Information Page' is: 'ERN122018C200002408'

2018-12-12 18:04:31 - [TEST_STEP][PASSED] - callTestCase: Call Test Case 'Test Cases/Final Aug 2018 - PKS Automation/Common/Reference Number Setter' successfully

2018-12-12 18:04:31 - [TEST_CASE][PASSED] - Test Cases/Final Aug 2018 - PKS Automation/Common/Reference Number Setter: Test Cases/Final Aug 2018 - PKS Automation/Common/Reference Number Setter

2018-12-12 18:04:31 - [TEST_STEP][PASSED] - Statement - RefNoOldFile = new java.io.File(C://Users//Admin//Desktop//PKS//Automation Reference Point//KatalonReference.txt): null

2018-12-12 18:04:31 - [TEST_STEP][PASSED] - Statement - RefNoOldFile.delete(): null

2018-12-12 18:04:31 - [TEST_STEP][PASSED] - delay: Delayed 5 second(s)

2018-12-12 18:04:36 - [MESSAGE][PASSED] - Delayed 5 second(s)

2018-12-12 18:04:36 - [TEST_STEP][PASSED] - Statement - RefNo = new java.io.File(C://Users//Admin//Desktop//PKS//Automation Reference Point//KatalonReference.txt): null

2018-12-12 18:04:36 - [TEST_STEP][PASSED] - Statement - f2 = new java.io.FileWriter(RefNo, false): null

2018-12-12 18:04:36 - [TEST_STEP][PASSED] - Statement - f2.write(CaseReferenceNo): null

2018-12-12 18:04:36 - [TEST_STEP][PASSED] - Statement - f2.close(): null

2018-12-12 18:04:36 - [TEST_STEP][PASSED] - Statement - out.println("


" + CaseReferenceNo + "


"): null

2018-12-12 18:04:36 - [MESSAGE][PASSED] - Call Test Case 'Test Cases/Final Aug 2018 - PKS Automation/Common/Reference Number Setter' successfully

2018-12-12 18:04:36 - [TEST_STEP][PASSED] - delay: Delayed 2 second(s)

2018-12-12 18:04:38 - [MESSAGE][PASSED] - Delayed 2 second(s)

2018-12-12 18:04:38 - [TEST_STEP][PASSED] - click: Object: 'Object Repository/Final Object Repo/Page_Form 3 EIS - Cessation as Employer/Save  Continue in Uploading Page' is clicked on

2018-12-12 18:04:38 - [MESSAGE][PASSED] - Object: 'Object Repository/Final Object Repo/Page_Form 3 EIS - Cessation as Employer/Save  Continue in Uploading Page' is clicked on

2018-12-12 18:04:38 - [TEST_STEP][PASSED] - delay: Delayed 2 second(s)

2018-12-12 18:04:40 - [MESSAGE][PASSED] - Delayed 2 second(s)

2018-12-12 18:04:40 - [TEST_STEP][PASSED] - click: Object: 'Object Repository/Final Object Repo/Page_Form 3 EIS - Cessation as Employer/Submit' is clicked on

2018-12-12 18:04:43 - [MESSAGE][PASSED] - Object: 'Object Repository/Final Object Repo/Page_Form 3 EIS - Cessation as Employer/Submit' is clicked on

2018-12-12 18:04:43 - [TEST_STEP][PASSED] - delay: Delayed 2 second(s)

2018-12-12 18:04:45 - [MESSAGE][PASSED] - Delayed 2 second(s)

2018-12-12 18:04:45 - [TEST_STEP][PASSED] - click: Object: 'Object Repository/Final Object Repo/Page_Form 3 EIS - Cessation as Employer/Confirm' is clicked on

2018-12-12 18:04:46 - [MESSAGE][PASSED] - Object: 'Object Repository/Final Object Repo/Page_Form 3 EIS - Cessation as Employer/Confirm' is clicked on

2018-12-12 18:04:46 - [TEST_STEP][PASSED] - delay: Delayed 2 second(s)

2018-12-12 18:04:48 - [MESSAGE][PASSED] - Delayed 2 second(s)

2018-12-12 18:04:48 - [TEST_STEP][PASSED] - click: Object: 'Object Repository/Final Object Repo/Page_Form 3 EIS - Cessation as Employer/Message Your Request will be routed to UO' is clicked on

2018-12-12 18:04:51 - [MESSAGE][PASSED] - Object: 'Object Repository/Final Object Repo/Page_Form 3 EIS - Cessation as Employer/Message Your Request will be routed to UO' is clicked on

2018-12-12 18:04:51 - [TEST_STEP][PASSED] - click: Object: 'Object Repository/Final Object Repo/Page_Form 3 EIS - Cessation as Employer/Letter of acknowledgement' is clicked on

2018-12-12 18:04:52 - [MESSAGE][PASSED] - Object: 'Object Repository/Final Object Repo/Page_Form 3 EIS - Cessation as Employer/Letter of acknowledgement' is clicked on

2018-12-12 18:04:52 - [MESSAGE][PASSED] - Call Test Case 'Test Cases/Final Aug 2018 - PKS Automation/Registration Module/Workflow/Form 3 EIS - Cessation As Employer/Template/Form 3 A - Cessation As Employer (OTC)' successfully

2018-12-12 18:04:52 - [TEST_STEP][PASSED] - callTestCase: Call Test Case 'Test Cases/Final Aug 2018 - PKS Automation/Registration Module/Workflow/Form 3 EIS - Cessation As Employer/Template/Form 3 A - Cessation As Employer (Under enforcement)' successfully

2018-12-12 18:04:52 - [TEST_CASE][PASSED] - Test Cases/Final Aug 2018 - PKS Automation/Registration Module/Workflow/Form 3 EIS - Cessation As Employer/Template/Form 3 A - Cessation As Employer (Under enforcement): Test Cases/Final Aug 2018 - PKS Automation/Registration Module/Workflow/Form 3 EIS - Cessation As Employer/Template/Form 3 A - Cessation As Employer (Under enforcement)

2018-12-12 18:04:52 - [TEST_STEP][NOT_RUN] - callTestCase: NOT_RUN: callTestCase

2018-12-12 18:04:52 - [MESSAGE][NOT_RUN] - NOT_RUN: callTestCase

2018-12-12 18:04:52 - [TEST_STEP][PASSED] - delay: Delayed 1 second(s)

2018-12-12 18:04:53 - [MESSAGE][PASSED] - Delayed 1 second(s)

2018-12-12 18:04:53 - [TEST_STEP][PASSED] - navigateToUrl: Navigate to 'https://assist2-uat.perkeso.gov.my/c/portal/logout' successfully

2018-12-12 18:04:54 - [MESSAGE][PASSED] - Navigate to 'https://assist2-uat.perkeso.gov.my/c/portal/logout' successfully

2018-12-12 18:04:54 - [TEST_STEP][PASSED] - delay: Delayed 1 second(s)

2018-12-12 18:04:55 - [MESSAGE][PASSED] - Delayed 1 second(s)

2018-12-12 18:04:55 - [TEST_STEP][PASSED] - callTestCase: Call Test Case 'Test Cases/Final Aug 2018 - PKS Automation/Common/Reference Number Getter' successfully

2018-12-12 18:04:55 - [TEST_CASE][PASSED] - Test Cases/Final Aug 2018 - PKS Automation/Common/Reference Number Getter: Test Cases/Final Aug 2018 - PKS Automation/Common/Reference Number Getter

2018-12-12 18:04:55 - [TEST_STEP][PASSED] - Statement - Try: null

2018-12-12 18:04:55 - [TEST_STEP][PASSED] - Statement - RefNo = new java.io.File(C://Users//Admin//Desktop//PKS//Automation Reference Point//KatalonReference.txt): null

2018-12-12 18:04:55 - [TEST_STEP][PASSED] - Statement - bufferread = new java.io.BufferedReader(new java.io.FileReader(RefNo)): null

2018-12-12 18:04:55 - [TEST_STEP][PASSED] - Statement - readedVal = bufferread.readLine(): null

2018-12-12 18:04:55 - [TEST_STEP][PASSED] - Statement - out.println(CaseReferenceNo): null

2018-12-12 18:04:55 - [TEST_STEP][PASSED] - Statement - out.println(readedVal): null

2018-12-12 18:04:55 - [TEST_STEP][PASSED] - Statement - CaseReferenceNo = "": null

2018-12-12 18:04:55 - [TEST_STEP][PASSED] - Statement - CaseReferenceNo = readedVal: null

2018-12-12 18:04:55 - [MESSAGE][PASSED] - Call Test Case 'Test Cases/Final Aug 2018 - PKS Automation/Common/Reference Number Getter' successfully

2018-12-12 18:04:55 - [TEST_STEP][PASSED] - callTestCase: Call Test Case 'Test Cases/Final Aug 2018 - PKS Automation/Common/Workflow Owner Finder' successfully

2018-12-12 18:04:55 - [TEST_CASE][PASSED] - Test Cases/Final Aug 2018 - PKS Automation/Common/Workflow Owner Finder: Test Cases/Final Aug 2018 - PKS Automation/Common/Workflow Owner Finder

2018-12-12 18:04:55 - [TEST_STEP][PASSED] - openBrowser: Browser is opened with url: ''

2018-12-12 18:04:55 - [MESSAGE][WARNING] - A browser is already opened. Closing browser and opening a new one

2018-12-12 18:04:59 - [MESSAGE][PASSED] - Browser is opened with url: ''

2018-12-12 18:04:59 - [TEST_STEP][PASSED] - navigateToUrl: Navigate to 'https://assist2-uat.perkeso.gov.my/login' successfully

2018-12-12 18:05:00 - [MESSAGE][PASSED] - Navigate to 'https://assist2-uat.perkeso.gov.my/login' successfully

2018-12-12 18:05:00 - [TEST_STEP][PASSED] - delay: Delayed 5 second(s)

2018-12-12 18:05:05 - [MESSAGE][PASSED] - Delayed 5 second(s)

2018-12-12 18:05:05 - [TEST_STEP][PASSED] - setText: Text 'test@liferay.com' is set on object 'Object Repository/Final Object Repo/Login Page/Internal User/Email Address'

2018-12-12 18:05:05 - [MESSAGE][PASSED] - Text 'test@liferay.com' is set on object 'Object Repository/Final Object Repo/Login Page/Internal User/Email Address'

2018-12-12 18:05:05 - [TEST_STEP][PASSED] - click: Object: 'Object Repository/Final Object Repo/Login Page/Internal User/Next Button' is clicked on

2018-12-12 18:05:06 - [MESSAGE][PASSED] - Object: 'Object Repository/Final Object Repo/Login Page/Internal User/Next Button' is clicked on

2018-12-12 18:05:06 - [TEST_STEP][PASSED] - delay: Delayed 2 second(s)

2018-12-12 18:05:08 - [MESSAGE][PASSED] - Delayed 2 second(s)

2018-12-12 18:05:08 - [TEST_STEP][PASSED] - setText: Text 'test' is set on object 'Object Repository/Final Object Repo/Login Page/Internal User/Password'

2018-12-12 18:05:08 - [MESSAGE][PASSED] - Text 'test' is set on object 'Object Repository/Final Object Repo/Login Page/Internal User/Password'

2018-12-12 18:05:08 - [TEST_STEP][PASSED] - delay: Delayed 2 second(s)

2018-12-12 18:05:10 - [MESSAGE][PASSED] - Delayed 2 second(s)

2018-12-12 18:05:10 - [TEST_STEP][PASSED] - click: Object: 'Object Repository/Final Object Repo/Login Page/Internal User/Login Button' is clicked on

2018-12-12 18:05:10 - [MESSAGE][PASSED] - Object: 'Object Repository/Final Object Repo/Login Page/Internal User/Login Button' is clicked on

2018-12-12 18:05:10 - [TEST_STEP][PASSED] - Statement - tester = com.kms.katalon.core.testobject.ObjectRepository.findTestObject(Final Object Repo/Landing Page/Select to English): Finding Test Object with id 'Object Repository/Final Object Repo/Landing Page/Select to English'

2018-12-12 18:05:10 - [TEST_STEP][PASSED] - Statement - Try: Delayed 2 second(s)

2018-12-12 18:05:10 - [TEST_STEP][PASSED] - Statement - Checker = com.kms.katalon.core.webui.keyword.WebUiBuiltInKeywords.verifyElementNotPresent(tester, 3): Web element with id: 'Object Repository/Final Object Repo/Landing Page/Select to English' located by 'By.xpath: //a[@class = 'taglib-language-list-text' and @lang = 'en-US' and (contains(text(), 'EN') or contains(., 'EN'))]' is not present after '3' second(s)

2018-12-12 18:05:12 - [MESSAGE][PASSED] - Web element with id: 'Object Repository/Final Object Repo/Landing Page/Select to English' located by 'By.xpath: //a[@class = 'taglib-language-list-text' and @lang = 'en-US' and (contains(text(), 'EN') or contains(., 'EN'))]' is not present after '3' second(s)

2018-12-12 18:05:12 - [TEST_STEP][PASSED] - Statement - If (Checker == false): null

2018-12-12 18:05:12 - [TEST_STEP][PASSED] - delay: Delayed 2 second(s)

2018-12-12 18:05:14 - [MESSAGE][PASSED] - Delayed 2 second(s)

2018-12-12 18:05:14 - [TEST_STEP][PASSED] - delay: Delayed 5 second(s)

2018-12-12 18:05:19 - [MESSAGE][PASSED] - Delayed 5 second(s)

2018-12-12 18:05:19 - [TEST_STEP][PASSED] - mouseOver: Object: 'Object Repository/Final Object Repo/Landing Page/WorkFlow Menu' is hovered

2018-12-12 18:05:19 - [MESSAGE][PASSED] - Object: 'Object Repository/Final Object Repo/Landing Page/WorkFlow Menu' is hovered

2018-12-12 18:05:19 - [TEST_STEP][PASSED] - delay: Delayed 2 second(s)

2018-12-12 18:05:21 - [MESSAGE][PASSED] - Delayed 2 second(s)

2018-12-12 18:05:21 - [TEST_STEP][PASSED] - click: Object: 'Object Repository/Final Object Repo/Landing Page/Select to Workflow Listing' is clicked on

2018-12-12 18:05:22 - [MESSAGE][PASSED] - Object: 'Object Repository/Final Object Repo/Landing Page/Select to Workflow Listing' is clicked on

2018-12-12 18:05:22 - [TEST_STEP][PASSED] - delay: Delayed 2 second(s)

2018-12-12 18:05:24 - [MESSAGE][PASSED] - Delayed 2 second(s)

2018-12-12 18:05:24 - [TEST_STEP][PASSED] - click: Object: 'Object Repository/Final Object Repo/WorkFlow Listing Page/Search Information - To Put Ref No' is clicked on

2018-12-12 18:05:24 - [MESSAGE][PASSED] - Object: 'Object Repository/Final Object Repo/WorkFlow Listing Page/Search Information - To Put Ref No' is clicked on

2018-12-12 18:05:24 - [TEST_STEP][PASSED] - delay: Delayed 2 second(s)

2018-12-12 18:05:26 - [MESSAGE][PASSED] - Delayed 2 second(s)

2018-12-12 18:05:26 - [TEST_STEP][PASSED] - callTestCase: Call Test Case 'Test Cases/Final Aug 2018 - PKS Automation/Common/Reference Number Getter' successfully

2018-12-12 18:05:26 - [TEST_CASE][PASSED] - Test Cases/Final Aug 2018 - PKS Automation/Common/Reference Number Getter: Test Cases/Final Aug 2018 - PKS Automation/Common/Reference Number Getter

2018-12-12 18:05:26 - [TEST_STEP][PASSED] - Statement - Try: null

2018-12-12 18:05:26 - [TEST_STEP][PASSED] - Statement - RefNo = new java.io.File(C://Users//Admin//Desktop//PKS//Automation Reference Point//KatalonReference.txt): null

2018-12-12 18:05:26 - [TEST_STEP][PASSED] - Statement - bufferread = new java.io.BufferedReader(new java.io.FileReader(RefNo)): null

2018-12-12 18:05:26 - [TEST_STEP][PASSED] - Statement - readedVal = bufferread.readLine(): null

2018-12-12 18:05:26 - [TEST_STEP][PASSED] - Statement - out.println(CaseReferenceNo): null

2018-12-12 18:05:26 - [TEST_STEP][PASSED] - Statement - out.println(readedVal): null

2018-12-12 18:05:26 - [TEST_STEP][PASSED] - Statement - CaseReferenceNo = "": null

2018-12-12 18:05:26 - [TEST_STEP][PASSED] - Statement - CaseReferenceNo = readedVal: null

2018-12-12 18:05:26 - [MESSAGE][PASSED] - Call Test Case 'Test Cases/Final Aug 2018 - PKS Automation/Common/Reference Number Getter' successfully

2018-12-12 18:05:26 - [TEST_STEP][PASSED] - setText: Text 'ERN122018C200002408' is set on object 'Object Repository/Final Object Repo/WorkFlow Listing Page/Ref No Set Text'

2018-12-12 18:05:27 - [MESSAGE][PASSED] - Text 'ERN122018C200002408' is set on object 'Object Repository/Final Object Repo/WorkFlow Listing Page/Ref No Set Text'

2018-12-12 18:05:27 - [TEST_STEP][PASSED] - delay: Delayed 2 second(s)

2018-12-12 18:05:29 - [MESSAGE][PASSED] - Delayed 2 second(s)

2018-12-12 18:05:29 - [TEST_STEP][PASSED] - click: Object: 'Object Repository/Final Object Repo/WorkFlow Listing Page/Search Ref No Search Button' is clicked on

2018-12-12 18:05:29 - [MESSAGE][PASSED] - Object: 'Object Repository/Final Object Repo/WorkFlow Listing Page/Search Ref No Search Button' is clicked on

2018-12-12 18:05:29 - [TEST_STEP][PASSED] - delay: Delayed 6 second(s)

2018-12-12 18:05:35 - [MESSAGE][PASSED] - Delayed 6 second(s)

2018-12-12 18:05:35 - [TEST_STEP][PASSED] - click: Object: 'Object Repository/Final Object Repo/WorkFlow Listing Page/Click Continue Tooltip' is clicked on

2018-12-12 18:05:36 - [MESSAGE][PASSED] - Object: 'Object Repository/Final Object Repo/WorkFlow Listing Page/Click Continue Tooltip' is clicked on

2018-12-12 18:05:36 - [TEST_STEP][PASSED] - delay: Delayed 5 second(s)

2018-12-12 18:05:41 - [MESSAGE][PASSED] - Delayed 5 second(s)

2018-12-12 18:05:41 - [TEST_STEP][PASSED] - doubleClick: Object: 'Object Repository/Final Object Repo/WorkFlow Listing Page/Workflow Found - Listing 1' is double clicked on

2018-12-12 18:05:41 - [MESSAGE][PASSED] - Object: 'Object Repository/Final Object Repo/WorkFlow Listing Page/Workflow Found - Listing 1' is double clicked on

2018-12-12 18:05:41 - [TEST_STEP][PASSED] - Statement - println(OwnerID): null

2018-12-12 18:05:41 - [TEST_STEP][PASSED] - Statement - OwnerID = com.kms.katalon.core.webui.keyword.WebUiBuiltInKeywords.getText(com.kms.katalon.core.testobject.ObjectRepository.findTestObject(Final Object Repo/WorkFlow Listing Page/Workflow Found - Listing 1), STOP_ON_FAILURE): Text of object 'Object Repository/Final Object Repo/WorkFlow Listing Page/Workflow Found - Listing 1' is: 'JOHORuo3'

2018-12-12 18:05:41 - [MESSAGE][PASSED] - Text of object 'Object Repository/Final Object Repo/WorkFlow Listing Page/Workflow Found - Listing 1' is: 'JOHORuo3'

2018-12-12 18:05:41 - [TEST_STEP][PASSED] - Statement - OwnerID = OwnerID.toLowerCase() + "@gmail.com": null

2018-12-12 18:05:41 - [TEST_STEP][PASSED] - Statement - println(OwnerID): null

2018-12-12 18:05:41 - [TEST_STEP][PASSED] - delay: Delayed 2 second(s)

2018-12-12 18:05:43 - [MESSAGE][PASSED] - Delayed 2 second(s)

2018-12-12 18:05:43 - [MESSAGE][PASSED] - Call Test Case 'Test Cases/Final Aug 2018 - PKS Automation/Common/Workflow Owner Finder' successfully

2018-12-12 18:05:43 - [TEST_STEP][PASSED] - delay: Delayed 1 second(s)

2018-12-12 18:05:44 - [MESSAGE][PASSED] - Delayed 1 second(s)

2018-12-12 18:05:44 - [TEST_STEP][PASSED] - navigateToUrl: Navigate to 'https://assist2-uat.perkeso.gov.my/c/portal/logout' successfully

2018-12-12 18:05:45 - [MESSAGE][PASSED] - Navigate to 'https://assist2-uat.perkeso.gov.my/c/portal/logout' successfully

2018-12-12 18:05:45 - [TEST_STEP][PASSED] - delay: Delayed 1 second(s)

2018-12-12 18:05:46 - [MESSAGE][PASSED] - Delayed 1 second(s)

2018-12-12 18:05:46 - [TEST_STEP][PASSED] - callTestCase: Call Test Case 'Test Cases/Final Aug 2018 - PKS Automation/Registration Module/Workflow/Login and Search Case For Workflow' successfully

2018-12-12 18:05:46 - [TEST_CASE][PASSED] - Test Cases/Final Aug 2018 - PKS Automation/Registration Module/Workflow/Login and Search Case For Workflow: Test Cases/Final Aug 2018 - PKS Automation/Registration Module/Workflow/Login and Search Case For Workflow

2018-12-12 18:05:46 - [TEST_STEP][PASSED] - navigateToUrl: Navigate to 'https://assist2-uat.perkeso.gov.my/login' successfully

2018-12-12 18:05:47 - [MESSAGE][PASSED] - Navigate to 'https://assist2-uat.perkeso.gov.my/login' successfully

2018-12-12 18:05:47 - [TEST_STEP][PASSED] - setText: Text 'johoruo3@gmail.com' is set on object 'Object Repository/Final Object Repo/Login Page/Internal User/Email Address'

2018-12-12 18:05:47 - [MESSAGE][PASSED] - Text 'johoruo3@gmail.com' is set on object 'Object Repository/Final Object Repo/Login Page/Internal User/Email Address'

2018-12-12 18:05:47 - [TEST_STEP][PASSED] - click: Object: 'Object Repository/Final Object Repo/Login Page/Internal User/Next Button' is clicked on

2018-12-12 18:05:47 - [MESSAGE][PASSED] - Object: 'Object Repository/Final Object Repo/Login Page/Internal User/Next Button' is clicked on

2018-12-12 18:05:47 - [TEST_STEP][PASSED] - delay: Delayed 1 second(s)

2018-12-12 18:05:48 - [MESSAGE][PASSED] - Delayed 1 second(s)

2018-12-12 18:05:48 - [TEST_STEP][PASSED] - setEncryptedText: Text ****** has been set on object 'Object Repository/Final Object Repo/Login Page/Internal User/Password'

2018-12-12 18:05:48 - [MESSAGE][PASSED] - Text ****** has been set on object 'Object Repository/Final Object Repo/Login Page/Internal User/Password'

2018-12-12 18:05:48 - [TEST_STEP][PASSED] - click: Object: 'Object Repository/Final Object Repo/Login Page/Internal User/Login Button' is clicked on

2018-12-12 18:05:48 - [MESSAGE][PASSED] - Object: 'Object Repository/Final Object Repo/Login Page/Internal User/Login Button' is clicked on

2018-12-12 18:05:48 - [TEST_STEP][PASSED] - delay: Delayed 2 second(s)

2018-12-12 18:05:50 - [MESSAGE][PASSED] - Delayed 2 second(s)

2018-12-12 18:05:50 - [TEST_STEP][PASSED] - Statement - Try: Delayed 2 second(s)

2018-12-12 18:05:50 - [TEST_STEP][PASSED] - Statement - Checker = false: null

2018-12-12 18:05:50 - [TEST_STEP][PASSED] - Statement - Checker = com.kms.katalon.core.webui.keyword.WebUiBuiltInKeywords.verifyElementHasAttribute(com.kms.katalon.core.testobject.ObjectRepository.findTestObject(Final Object Repo/Landing Page/BM Detecting), "href", 20, OPTIONAL): Object 'Object Repository/Final Object Repo/Landing Page/BM Detecting' has attribute 'href'

2018-12-12 18:05:50 - [MESSAGE][PASSED] - Object 'Object Repository/Final Object Repo/Landing Page/BM Detecting' has attribute 'href'

2018-12-12 18:05:51 - [TEST_STEP][PASSED] - Statement - out.println(Checker): null

2018-12-12 18:05:51 - [TEST_STEP][PASSED] - Statement - If (Checker == false): null

2018-12-12 18:05:51 - [TEST_STEP][PASSED] - Statement - Else: null

2018-12-12 18:05:51 - [TEST_STEP][PASSED] - delay: Delayed 2 second(s)

2018-12-12 18:05:53 - [MESSAGE][PASSED] - Delayed 2 second(s)

2018-12-12 18:05:53 - [TEST_STEP][PASSED] - click: Object: 'Object Repository/Final Object Repo/Page_MyASSIST - ASSIST - Search Pending Case For Add Supporting Document/Search Information' is clicked on

2018-12-12 18:05:53 - [MESSAGE][PASSED] - Object: 'Object Repository/Final Object Repo/Page_MyASSIST - ASSIST - Search Pending Case For Add Supporting Document/Search Information' is clicked on

2018-12-12 18:05:53 - [TEST_STEP][PASSED] - delay: Delayed 3 second(s)

2018-12-12 18:05:56 - [MESSAGE][PASSED] - Delayed 3 second(s)

2018-12-12 18:05:56 - [TEST_STEP][PASSED] - sendKeys: Keys 'ERN122018C200002408' sent to object: 'Object Repository/Final Object Repo/Page_MyASSIST - ASSIST - Search Pending Case For Add Supporting Document/Reference No'

2018-12-12 18:05:56 - [MESSAGE][PASSED] - Keys 'ERN122018C200002408' sent to object: 'Object Repository/Final Object Repo/Page_MyASSIST - ASSIST - Search Pending Case For Add Supporting Document/Reference No'

2018-12-12 18:05:56 - [TEST_STEP][PASSED] - click: Object: 'Object Repository/Final Object Repo/Page_MyASSIST - ASSIST - Search Pending Case For Add Supporting Document/Search Reference No' is clicked on

2018-12-12 18:05:56 - [MESSAGE][PASSED] - Object: 'Object Repository/Final Object Repo/Page_MyASSIST - ASSIST - Search Pending Case For Add Supporting Document/Search Reference No' is clicked on

2018-12-12 18:05:56 - [TEST_STEP][PASSED] - delay: Delayed 2 second(s)

2018-12-12 18:05:58 - [MESSAGE][PASSED] - Delayed 2 second(s)

2018-12-12 18:05:58 - [TEST_STEP][PASSED] - click: Object: 'Object Repository/Final Object Repo/Page_MyASSIST - ASSIST - Search Pending Case For Add Supporting Document/Continue' is clicked on

2018-12-12 18:06:02 - [MESSAGE][PASSED] - Object: 'Object Repository/Final Object Repo/Page_MyASSIST - ASSIST - Search Pending Case For Add Supporting Document/Continue' is clicked on

2018-12-12 18:06:02 - [TEST_STEP][PASSED] - delay: Delayed 20 second(s)

2018-12-12 18:06:22 - [MESSAGE][PASSED] - Delayed 20 second(s)

2018-12-12 18:06:22 - [MESSAGE][PASSED] - Call Test Case 'Test Cases/Final Aug 2018 - PKS Automation/Registration Module/Workflow/Login and Search Case For Workflow' successfully

2018-12-12 18:06:22 - [TEST_STEP][PASSED] - click: Object: 'Object Repository/Final Object Repo/Page_Form 3 EIS - Cessation as Employer/Page_Form 3 EIS - Cessation as Employer (Approve)/Save  Continue in Form 3 Page' is clicked on

2018-12-12 18:06:22 - [MESSAGE][PASSED] - Object: 'Object Repository/Final Object Repo/Page_Form 3 EIS - Cessation as Employer/Page_Form 3 EIS - Cessation as Employer (Approve)/Save  Continue in Form 3 Page' is clicked on

2018-12-12 18:06:22 - [TEST_STEP][PASSED] - delay: Delayed 2 second(s)

2018-12-12 18:06:24 - [MESSAGE][PASSED] - Delayed 2 second(s)

2018-12-12 18:06:24 - [TEST_STEP][PASSED] - click: Object: 'Object Repository/Final Object Repo/Page_Form 3 EIS - Cessation as Employer/Page_Form 3 EIS - Cessation as Employer (Approve)/Save  Continue in Resigned Page' is clicked on

2018-12-12 18:06:24 - [MESSAGE][PASSED] - Object: 'Object Repository/Final Object Repo/Page_Form 3 EIS - Cessation as Employer/Page_Form 3 EIS - Cessation as Employer (Approve)/Save  Continue in Resigned Page' is clicked on

2018-12-12 18:06:24 - [TEST_STEP][PASSED] - delay: Delayed 2 second(s)

2018-12-12 18:06:26 - [MESSAGE][PASSED] - Delayed 2 second(s)

2018-12-12 18:06:26 - [TEST_STEP][PASSED] - click: Object: 'Object Repository/Final Object Repo/Page_Form 3 EIS - Cessation as Employer/Page_Form 3 EIS - Cessation as Employer (Approve)/Save  Continue in Uploading Page' is clicked on

2018-12-12 18:06:27 - [MESSAGE][PASSED] - Object: 'Object Repository/Final Object Repo/Page_Form 3 EIS - Cessation as Employer/Page_Form 3 EIS - Cessation as Employer (Approve)/Save  Continue in Uploading Page' is clicked on

2018-12-12 18:06:27 - [TEST_STEP][PASSED] - delay: Delayed 2 second(s)

2018-12-12 18:06:29 - [MESSAGE][PASSED] - Delayed 2 second(s)

2018-12-12 18:06:29 - [TEST_STEP][PASSED] - click: Object: 'Object Repository/Final Object Repo/Page_Form 3 EIS - Cessation as Employer/Page_Form 3 EIS - Cessation as Employer (Under enforcement)/Underenforcement' is clicked on

2018-12-12 18:06:32 - [MESSAGE][PASSED] - Object: 'Object Repository/Final Object Repo/Page_Form 3 EIS - Cessation as Employer/Page_Form 3 EIS - Cessation as Employer (Under enforcement)/Underenforcement' is clicked on

2018-12-12 18:06:32 - [TEST_STEP][PASSED] - delay: Delayed 2 second(s)

2018-12-12 18:06:34 - [MESSAGE][PASSED] - Delayed 2 second(s)

2018-12-12 18:06:34 - [TEST_STEP][PASSED] - setText: Text 'Remark' is set on object 'Object Repository/Final Object Repo/Page_Form 3 EIS - Cessation as Employer/Page_Form 3 EIS - Cessation as Employer (Under enforcement)/Under enforcement - Remark'

2018-12-12 18:06:34 - [MESSAGE][PASSED] - Text 'Remark' is set on object 'Object Repository/Final Object Repo/Page_Form 3 EIS - Cessation as Employer/Page_Form 3 EIS - Cessation as Employer (Under enforcement)/Under enforcement - Remark'

2018-12-12 18:06:34 - [TEST_STEP][PASSED] - delay: Delayed 2 second(s)

2018-12-12 18:06:36 - [MESSAGE][PASSED] - Delayed 2 second(s)

2018-12-12 18:06:36 - [TEST_STEP][PASSED] - click: Object: 'Object Repository/Final Object Repo/Page_Form 3 EIS - Cessation as Employer/Page_Form 3 EIS - Cessation as Employer (Under enforcement)/Save  Continue in Under enforcement' is clicked on

2018-12-12 18:06:37 - [MESSAGE][PASSED] - Object: 'Object Repository/Final Object Repo/Page_Form 3 EIS - Cessation as Employer/Page_Form 3 EIS - Cessation as Employer (Under enforcement)/Save  Continue in Under enforcement' is clicked on

2018-12-12 18:06:37 - [TEST_STEP][PASSED] - doubleClick: Object: 'Object Repository/Final Object Repo/Page_Form 3 EIS - Cessation as Employer/Page_Form 3 EIS - Cessation as Employer (Under enforcement)/Message The case is under enforcement' is double clicked on

2018-12-12 18:06:41 - [MESSAGE][PASSED] - Object: 'Object Repository/Final Object Repo/Page_Form 3 EIS - Cessation as Employer/Page_Form 3 EIS - Cessation as Employer (Under enforcement)/Message The case is under enforcement' is double clicked on

2018-12-12 18:06:41 - [MESSAGE][PASSED] - Call Test Case 'Test Cases/Final Aug 2018 - PKS Automation/Registration Module/Workflow/Form 3 EIS - Cessation As Employer/Template/Form 3 A - Cessation As Employer (Under enforcement)' successfully]]></system-out>
         <system-err><![CDATA[]]></system-err>
      </testcase>
      <testcase name="Test Cases/Final Aug 2018 - PKS Automation/Registration Module/Workflow/Form 3 EIS - Cessation As Employer/PKRBO to UO (Approve)" classname="Test Cases/Final Aug 2018 - PKS Automation/Registration Module/Workflow/Form 3 EIS - Cessation As Employer/PKRBO to UO (Approve)" status="PASSED">
         <system-out><![CDATA[2018-12-12 18:06:41 - [TEST_CASE][PASSED] - Test Cases/Final Aug 2018 - PKS Automation/Registration Module/Workflow/Form 3 EIS - Cessation As Employer/PKRBO to UO (Approve): Test Cases/Final Aug 2018 - PKS Automation/Registration Module/Workflow/Form 3 EIS - Cessation As Employer/PKRBO to UO (Approve)

2018-12-12 18:06:41 - [TEST_STEP][PASSED] - callTestCase: Call Test Case 'Test Cases/Final Aug 2018 - PKS Automation/Registration Module/Workflow/Form 3 EIS - Cessation As Employer/Template/Form 3 A - Cessation As Employer (PKRBO)' successfully

2018-12-12 18:06:41 - [TEST_CASE][PASSED] - Test Cases/Final Aug 2018 - PKS Automation/Registration Module/Workflow/Form 3 EIS - Cessation As Employer/Template/Form 3 A - Cessation As Employer (PKRBO): Test Cases/Final Aug 2018 - PKS Automation/Registration Module/Workflow/Form 3 EIS - Cessation As Employer/Template/Form 3 A - Cessation As Employer (PKRBO)

2018-12-12 18:06:41 - [TEST_STEP][PASSED] - openBrowser: Browser is opened with url: ''

2018-12-12 18:06:41 - [MESSAGE][WARNING] - A browser is already opened. Closing browser and opening a new one

2018-12-12 18:06:45 - [MESSAGE][PASSED] - Browser is opened with url: ''

2018-12-12 18:06:45 - [TEST_STEP][PASSED] - navigateToUrl: Navigate to 'https://assist2-uat.perkeso.gov.my/login' successfully

2018-12-12 18:06:46 - [MESSAGE][PASSED] - Navigate to 'https://assist2-uat.perkeso.gov.my/login' successfully

2018-12-12 18:06:46 - [TEST_STEP][PASSED] - setText: Text 'johorpkrbo1@gmail.com' is set on object 'Object Repository/Final Object Repo/Login Page/Internal User/Email Address'

2018-12-12 18:06:47 - [MESSAGE][PASSED] - Text 'johorpkrbo1@gmail.com' is set on object 'Object Repository/Final Object Repo/Login Page/Internal User/Email Address'

2018-12-12 18:06:47 - [TEST_STEP][PASSED] - click: Object: 'Object Repository/Final Object Repo/Login Page/Internal User/Next Button' is clicked on

2018-12-12 18:06:47 - [MESSAGE][PASSED] - Object: 'Object Repository/Final Object Repo/Login Page/Internal User/Next Button' is clicked on

2018-12-12 18:06:47 - [TEST_STEP][PASSED] - delay: Delayed 1 second(s)

2018-12-12 18:06:48 - [MESSAGE][PASSED] - Delayed 1 second(s)

2018-12-12 18:06:48 - [TEST_STEP][PASSED] - setEncryptedText: Text ****** has been set on object 'Object Repository/Final Object Repo/Login Page/Internal User/Password'

2018-12-12 18:06:48 - [MESSAGE][PASSED] - Text ****** has been set on object 'Object Repository/Final Object Repo/Login Page/Internal User/Password'

2018-12-12 18:06:48 - [TEST_STEP][PASSED] - click: Object: 'Object Repository/Final Object Repo/Login Page/Internal User/Login Button' is clicked on

2018-12-12 18:06:48 - [MESSAGE][PASSED] - Object: 'Object Repository/Final Object Repo/Login Page/Internal User/Login Button' is clicked on

2018-12-12 18:06:48 - [TEST_STEP][PASSED] - delay: Delayed 1 second(s)

2018-12-12 18:06:49 - [MESSAGE][PASSED] - Delayed 1 second(s)

2018-12-12 18:06:49 - [TEST_STEP][PASSED] - Statement - Try: Delayed 2 second(s)

2018-12-12 18:06:49 - [TEST_STEP][PASSED] - Statement - Checker = false: null

2018-12-12 18:06:49 - [TEST_STEP][PASSED] - Statement - Checker = com.kms.katalon.core.webui.keyword.WebUiBuiltInKeywords.verifyElementHasAttribute(com.kms.katalon.core.testobject.ObjectRepository.findTestObject(Final Object Repo/Landing Page/BM Detecting), "href", 20, OPTIONAL): Object 'Object Repository/Final Object Repo/Landing Page/BM Detecting' has attribute 'href'

2018-12-12 18:06:50 - [MESSAGE][PASSED] - Object 'Object Repository/Final Object Repo/Landing Page/BM Detecting' has attribute 'href'

2018-12-12 18:06:50 - [TEST_STEP][PASSED] - Statement - out.println(Checker): null

2018-12-12 18:06:50 - [TEST_STEP][PASSED] - Statement - If (Checker == false): null

2018-12-12 18:06:50 - [TEST_STEP][PASSED] - Statement - Else: null

2018-12-12 18:06:50 - [TEST_STEP][PASSED] - delay: Delayed 2 second(s)

2018-12-12 18:06:52 - [MESSAGE][PASSED] - Delayed 2 second(s)

2018-12-12 18:06:52 - [TEST_STEP][PASSED] - navigateToUrl: Navigate to 'https://assist2-uat.perkeso.gov.my/web/registration/eis-update/form-3-eis-cessation-as-employer' successfully

2018-12-12 18:06:53 - [MESSAGE][PASSED] - Navigate to 'https://assist2-uat.perkeso.gov.my/web/registration/eis-update/form-3-eis-cessation-as-employer' successfully

2018-12-12 18:06:53 - [TEST_STEP][PASSED] - delay: Delayed 1 second(s)

2018-12-12 18:06:54 - [MESSAGE][PASSED] - Delayed 1 second(s)

2018-12-12 18:06:54 - [TEST_STEP][PASSED] - setText: Text 'E1102069769W' is set on object 'Object Repository/Final Object Repo/Page_Form 3 EIS - Cessation as Employer/Employer Code'

2018-12-12 18:06:55 - [MESSAGE][PASSED] - Text 'E1102069769W' is set on object 'Object Repository/Final Object Repo/Page_Form 3 EIS - Cessation as Employer/Employer Code'

2018-12-12 18:06:55 - [TEST_STEP][PASSED] - click: Object: 'Object Repository/Final Object Repo/Page_Form 3 EIS - Cessation as Employer/Search' is clicked on

2018-12-12 18:06:55 - [MESSAGE][PASSED] - Object: 'Object Repository/Final Object Repo/Page_Form 3 EIS - Cessation as Employer/Search' is clicked on

2018-12-12 18:06:55 - [TEST_STEP][PASSED] - click: Object: 'Object Repository/Final Object Repo/Page_Form 3 EIS - Cessation as Employer/Edit' is clicked on

2018-12-12 18:06:57 - [MESSAGE][PASSED] - Object: 'Object Repository/Final Object Repo/Page_Form 3 EIS - Cessation as Employer/Edit' is clicked on

2018-12-12 18:06:57 - [TEST_STEP][PASSED] - delay: Delayed 1 second(s)

2018-12-12 18:06:58 - [MESSAGE][PASSED] - Delayed 1 second(s)

2018-12-12 18:06:58 - [TEST_STEP][PASSED] - Statement - abc = com.kms.katalon.core.webui.keyword.WebUiBuiltInKeywords.getAttribute(com.kms.katalon.core.testobject.ObjectRepository.findTestObject(Final Object Repo/Page_Form 3 EIS - Cessation as Employer/Employer Status), "value"): Attribute 'value' of object 'Object Repository/Final Object Repo/Page_Form 3 EIS - Cessation as Employer/Employer Status' is: 'Active'

2018-12-12 18:06:58 - [MESSAGE][PASSED] - Attribute 'value' of object 'Object Repository/Final Object Repo/Page_Form 3 EIS - Cessation as Employer/Employer Status' is: 'Active'

2018-12-12 18:06:58 - [TEST_STEP][PASSED] - Statement - out.println(abc): null

2018-12-12 18:06:58 - [TEST_STEP][PASSED] - Statement - If (abc == "Active"): Object: 'Object Repository/Final Object Repo/Page_Form 3 EIS - Cessation as Employer/Dormant EIS' is clicked on

2018-12-12 18:06:58 - [TEST_STEP][PASSED] - click: Object: 'Object Repository/Final Object Repo/Page_Form 3 EIS - Cessation as Employer/Change Employer Status to' is clicked on

2018-12-12 18:06:58 - [MESSAGE][PASSED] - Object: 'Object Repository/Final Object Repo/Page_Form 3 EIS - Cessation as Employer/Change Employer Status to' is clicked on

2018-12-12 18:06:58 - [TEST_STEP][PASSED] - click: Object: 'Object Repository/Final Object Repo/Page_Form 3 EIS - Cessation as Employer/Dormant EIS' is clicked on

2018-12-12 18:06:59 - [MESSAGE][PASSED] - Object: 'Object Repository/Final Object Repo/Page_Form 3 EIS - Cessation as Employer/Dormant EIS' is clicked on

2018-12-12 18:06:59 - [TEST_STEP][PASSED] - click: Object: 'Object Repository/Final Object Repo/Page_Form 3 EIS - Cessation as Employer/Calender' is clicked on

2018-12-12 18:06:59 - [MESSAGE][PASSED] - Object: 'Object Repository/Final Object Repo/Page_Form 3 EIS - Cessation as Employer/Calender' is clicked on

2018-12-12 18:06:59 - [TEST_STEP][PASSED] - delay: Delayed 1 second(s)

2018-12-12 18:07:00 - [MESSAGE][PASSED] - Delayed 1 second(s)

2018-12-12 18:07:00 - [TEST_STEP][PASSED] - click: Object: 'Object Repository/Final Object Repo/Page_Form 3 EIS - Cessation as Employer/Calender - Date' is clicked on

2018-12-12 18:07:00 - [MESSAGE][PASSED] - Object: 'Object Repository/Final Object Repo/Page_Form 3 EIS - Cessation as Employer/Calender - Date' is clicked on

2018-12-12 18:07:00 - [TEST_STEP][PASSED] - click: Object: 'Object Repository/Final Object Repo/Page_Form 3 EIS - Cessation as Employer/Save  Continue in Form 3 EIS Page' is clicked on

2018-12-12 18:07:00 - [MESSAGE][PASSED] - Object: 'Object Repository/Final Object Repo/Page_Form 3 EIS - Cessation as Employer/Save  Continue in Form 3 EIS Page' is clicked on

2018-12-12 18:07:00 - [TEST_STEP][PASSED] - delay: Delayed 1 second(s)

2018-12-12 18:07:01 - [MESSAGE][PASSED] - Delayed 1 second(s)

2018-12-12 18:07:01 - [TEST_STEP][PASSED] - click: Object: 'Object Repository/Final Object Repo/Page_Form 3 EIS - Cessation as Employer/Employment Resign Date' is clicked on

2018-12-12 18:07:02 - [MESSAGE][PASSED] - Object: 'Object Repository/Final Object Repo/Page_Form 3 EIS - Cessation as Employer/Employment Resign Date' is clicked on

2018-12-12 18:07:02 - [TEST_STEP][PASSED] - selectOptionByValue: All options with value '2030' are selected in object 'Object Repository/Final Object Repo/Page_Form 3 EIS - Cessation as Employer/Employment Resign Date - Year' 

2018-12-12 18:07:02 - [MESSAGE][PASSED] - All options with value '2030' are selected in object 'Object Repository/Final Object Repo/Page_Form 3 EIS - Cessation as Employer/Employment Resign Date - Year' 

2018-12-12 18:07:02 - [TEST_STEP][PASSED] - delay: Delayed 2 second(s)

2018-12-12 18:07:04 - [MESSAGE][PASSED] - Delayed 2 second(s)

2018-12-12 18:07:04 - [TEST_STEP][PASSED] - click: Object: 'Object Repository/Final Object Repo/Page_Form 3 EIS - Cessation as Employer/Employment Resign Date - Year - Date' is clicked on

2018-12-12 18:07:04 - [MESSAGE][PASSED] - Object: 'Object Repository/Final Object Repo/Page_Form 3 EIS - Cessation as Employer/Employment Resign Date - Year - Date' is clicked on

2018-12-12 18:07:04 - [TEST_STEP][PASSED] - delay: Delayed 2 second(s)

2018-12-12 18:07:06 - [MESSAGE][PASSED] - Delayed 2 second(s)

2018-12-12 18:07:06 - [TEST_STEP][PASSED] - click: Object: 'Object Repository/Final Object Repo/Page_Form 3 EIS - Cessation as Employer/Save  Continue in Employment Resign Page' is clicked on

2018-12-12 18:07:06 - [MESSAGE][PASSED] - Object: 'Object Repository/Final Object Repo/Page_Form 3 EIS - Cessation as Employer/Save  Continue in Employment Resign Page' is clicked on

2018-12-12 18:07:06 - [TEST_STEP][PASSED] - delay: Delayed 2 second(s)

2018-12-12 18:07:08 - [MESSAGE][PASSED] - Delayed 2 second(s)

2018-12-12 18:07:08 - [TEST_STEP][PASSED] - click: Object: 'Object Repository/Final Object Repo/Page_Form 3 EIS - Cessation as Employer/Set Latest - Yes' is clicked on

2018-12-12 18:07:08 - [MESSAGE][PASSED] - Object: 'Object Repository/Final Object Repo/Page_Form 3 EIS - Cessation as Employer/Set Latest - Yes' is clicked on

2018-12-12 18:07:08 - [TEST_STEP][PASSED] - delay: Delayed 2 second(s)

2018-12-12 18:07:10 - [MESSAGE][PASSED] - Delayed 2 second(s)

2018-12-12 18:07:10 - [TEST_STEP][PASSED] - click: Object: 'Object Repository/Final Object Repo/Page_Form 3 EIS - Cessation as Employer/Add Document' is clicked on

2018-12-12 18:07:11 - [MESSAGE][PASSED] - Object: 'Object Repository/Final Object Repo/Page_Form 3 EIS - Cessation as Employer/Add Document' is clicked on

2018-12-12 18:07:11 - [TEST_STEP][PASSED] - delay: Delayed 3 second(s)

2018-12-12 18:07:14 - [MESSAGE][PASSED] - Delayed 3 second(s)

2018-12-12 18:07:14 - [TEST_STEP][PASSED] - click: Object: 'Object Repository/Final Object Repo/Page_Form 3 EIS - Cessation as Employer/Document Type' is clicked on

2018-12-12 18:07:15 - [MESSAGE][PASSED] - Object: 'Object Repository/Final Object Repo/Page_Form 3 EIS - Cessation as Employer/Document Type' is clicked on

2018-12-12 18:07:15 - [TEST_STEP][PASSED] - click: Object: 'Object Repository/Final Object Repo/Page_Form 3 EIS - Cessation as Employer/Document Type - Form 3' is clicked on

2018-12-12 18:07:15 - [MESSAGE][PASSED] - Object: 'Object Repository/Final Object Repo/Page_Form 3 EIS - Cessation as Employer/Document Type - Form 3' is clicked on

2018-12-12 18:07:15 - [TEST_STEP][PASSED] - delay: Delayed 2 second(s)

2018-12-12 18:07:17 - [MESSAGE][PASSED] - Delayed 2 second(s)

2018-12-12 18:07:17 - [TEST_STEP][PASSED] - sendKeys: Keys 'C:\Users\Public\Pictures\Sample Pictures\Koala.jpg' sent to object: 'Object Repository/Final Object Repo/Page_Form 3 EIS - Cessation as Employer/ploading File'

2018-12-12 18:07:17 - [MESSAGE][PASSED] - Keys 'C:\Users\Public\Pictures\Sample Pictures\Koala.jpg' sent to object: 'Object Repository/Final Object Repo/Page_Form 3 EIS - Cessation as Employer/ploading File'

2018-12-12 18:07:17 - [TEST_STEP][PASSED] - delay: Delayed 1 second(s)

2018-12-12 18:07:18 - [MESSAGE][PASSED] - Delayed 1 second(s)

2018-12-12 18:07:18 - [TEST_STEP][PASSED] - click: Object: 'Object Repository/Final Object Repo/Page_Form 3 EIS - Cessation as Employer/Add Document in Uploading Page' is clicked on

2018-12-12 18:07:18 - [MESSAGE][PASSED] - Object: 'Object Repository/Final Object Repo/Page_Form 3 EIS - Cessation as Employer/Add Document in Uploading Page' is clicked on

2018-12-12 18:07:18 - [TEST_STEP][PASSED] - delay: Delayed 2 second(s)

2018-12-12 18:07:20 - [MESSAGE][PASSED] - Delayed 2 second(s)

2018-12-12 18:07:20 - [TEST_STEP][PASSED] - Statement - CaseReferenceNo = com.kms.katalon.core.webui.keyword.WebUiBuiltInKeywords.getText(com.kms.katalon.core.testobject.ObjectRepository.findTestObject(Final Object Repo/Page_Update Employer Information/Reference Number in Update Employee Information Page)): Text of object 'Object Repository/Final Object Repo/Page_Update Employer Information/Reference Number in Update Employee Information Page' is: 'ERN122018C200002409'

2018-12-12 18:07:22 - [MESSAGE][PASSED] - Text of object 'Object Repository/Final Object Repo/Page_Update Employer Information/Reference Number in Update Employee Information Page' is: 'ERN122018C200002409'

2018-12-12 18:07:22 - [TEST_STEP][PASSED] - callTestCase: Call Test Case 'Test Cases/Final Aug 2018 - PKS Automation/Common/Reference Number Setter' successfully

2018-12-12 18:07:22 - [TEST_CASE][PASSED] - Test Cases/Final Aug 2018 - PKS Automation/Common/Reference Number Setter: Test Cases/Final Aug 2018 - PKS Automation/Common/Reference Number Setter

2018-12-12 18:07:22 - [TEST_STEP][PASSED] - Statement - RefNoOldFile = new java.io.File(C://Users//Admin//Desktop//PKS//Automation Reference Point//KatalonReference.txt): null

2018-12-12 18:07:22 - [TEST_STEP][PASSED] - Statement - RefNoOldFile.delete(): null

2018-12-12 18:07:22 - [TEST_STEP][PASSED] - delay: Delayed 5 second(s)

2018-12-12 18:07:27 - [MESSAGE][PASSED] - Delayed 5 second(s)

2018-12-12 18:07:27 - [TEST_STEP][PASSED] - Statement - RefNo = new java.io.File(C://Users//Admin//Desktop//PKS//Automation Reference Point//KatalonReference.txt): null

2018-12-12 18:07:27 - [TEST_STEP][PASSED] - Statement - f2 = new java.io.FileWriter(RefNo, false): null

2018-12-12 18:07:27 - [TEST_STEP][PASSED] - Statement - f2.write(CaseReferenceNo): null

2018-12-12 18:07:27 - [TEST_STEP][PASSED] - Statement - f2.close(): null

2018-12-12 18:07:27 - [TEST_STEP][PASSED] - Statement - out.println("


" + CaseReferenceNo + "


"): null

2018-12-12 18:07:27 - [MESSAGE][PASSED] - Call Test Case 'Test Cases/Final Aug 2018 - PKS Automation/Common/Reference Number Setter' successfully

2018-12-12 18:07:27 - [TEST_STEP][PASSED] - delay: Delayed 2 second(s)

2018-12-12 18:07:29 - [MESSAGE][PASSED] - Delayed 2 second(s)

2018-12-12 18:07:29 - [TEST_STEP][PASSED] - click: Object: 'Object Repository/Final Object Repo/Page_Form 3 EIS - Cessation as Employer/Save  Continue in Uploading Page' is clicked on

2018-12-12 18:07:29 - [MESSAGE][PASSED] - Object: 'Object Repository/Final Object Repo/Page_Form 3 EIS - Cessation as Employer/Save  Continue in Uploading Page' is clicked on

2018-12-12 18:07:29 - [TEST_STEP][PASSED] - delay: Delayed 2 second(s)

2018-12-12 18:07:31 - [MESSAGE][PASSED] - Delayed 2 second(s)

2018-12-12 18:07:31 - [TEST_STEP][PASSED] - click: Object: 'Object Repository/Final Object Repo/Page_Form 3 EIS - Cessation as Employer/Submit' is clicked on

2018-12-12 18:07:34 - [MESSAGE][PASSED] - Object: 'Object Repository/Final Object Repo/Page_Form 3 EIS - Cessation as Employer/Submit' is clicked on

2018-12-12 18:07:34 - [TEST_STEP][PASSED] - delay: Delayed 2 second(s)

2018-12-12 18:07:36 - [MESSAGE][PASSED] - Delayed 2 second(s)

2018-12-12 18:07:36 - [TEST_STEP][PASSED] - click: Object: 'Object Repository/Final Object Repo/Page_Form 3 EIS - Cessation as Employer/Confirm' is clicked on

2018-12-12 18:07:36 - [MESSAGE][PASSED] - Object: 'Object Repository/Final Object Repo/Page_Form 3 EIS - Cessation as Employer/Confirm' is clicked on

2018-12-12 18:07:36 - [TEST_STEP][PASSED] - delay: Delayed 2 second(s)

2018-12-12 18:07:38 - [MESSAGE][PASSED] - Delayed 2 second(s)

2018-12-12 18:07:38 - [TEST_STEP][PASSED] - click: Object: 'Object Repository/Final Object Repo/Page_Form 3 EIS - Cessation as Employer/Message Your Request will be routed to UO' is clicked on

2018-12-12 18:07:42 - [MESSAGE][PASSED] - Object: 'Object Repository/Final Object Repo/Page_Form 3 EIS - Cessation as Employer/Message Your Request will be routed to UO' is clicked on

2018-12-12 18:07:42 - [TEST_STEP][PASSED] - click: Object: 'Object Repository/Final Object Repo/Page_Form 3 EIS - Cessation as Employer/Letter of acknowledgement' is clicked on

2018-12-12 18:07:43 - [MESSAGE][PASSED] - Object: 'Object Repository/Final Object Repo/Page_Form 3 EIS - Cessation as Employer/Letter of acknowledgement' is clicked on

2018-12-12 18:07:43 - [MESSAGE][PASSED] - Call Test Case 'Test Cases/Final Aug 2018 - PKS Automation/Registration Module/Workflow/Form 3 EIS - Cessation As Employer/Template/Form 3 A - Cessation As Employer (PKRBO)' successfully

2018-12-12 18:07:43 - [TEST_STEP][PASSED] - callTestCase: Call Test Case 'Test Cases/Final Aug 2018 - PKS Automation/Registration Module/Workflow/Form 3 EIS - Cessation As Employer/Template/Form 3 A - Cessation As Employer (Approve)' successfully

2018-12-12 18:07:43 - [TEST_CASE][PASSED] - Test Cases/Final Aug 2018 - PKS Automation/Registration Module/Workflow/Form 3 EIS - Cessation As Employer/Template/Form 3 A - Cessation As Employer (Approve): Test Cases/Final Aug 2018 - PKS Automation/Registration Module/Workflow/Form 3 EIS - Cessation As Employer/Template/Form 3 A - Cessation As Employer (Approve)

2018-12-12 18:07:43 - [TEST_STEP][NOT_RUN] - callTestCase: NOT_RUN: callTestCase

2018-12-12 18:07:43 - [MESSAGE][NOT_RUN] - NOT_RUN: callTestCase

2018-12-12 18:07:43 - [TEST_STEP][PASSED] - delay: Delayed 1 second(s)

2018-12-12 18:07:44 - [MESSAGE][PASSED] - Delayed 1 second(s)

2018-12-12 18:07:44 - [TEST_STEP][PASSED] - navigateToUrl: Navigate to 'https://assist2-uat.perkeso.gov.my/c/portal/logout' successfully

2018-12-12 18:07:45 - [MESSAGE][PASSED] - Navigate to 'https://assist2-uat.perkeso.gov.my/c/portal/logout' successfully

2018-12-12 18:07:45 - [TEST_STEP][PASSED] - delay: Delayed 1 second(s)

2018-12-12 18:07:46 - [MESSAGE][PASSED] - Delayed 1 second(s)

2018-12-12 18:07:46 - [TEST_STEP][PASSED] - callTestCase: Call Test Case 'Test Cases/Final Aug 2018 - PKS Automation/Common/Reference Number Getter' successfully

2018-12-12 18:07:46 - [TEST_CASE][PASSED] - Test Cases/Final Aug 2018 - PKS Automation/Common/Reference Number Getter: Test Cases/Final Aug 2018 - PKS Automation/Common/Reference Number Getter

2018-12-12 18:07:46 - [TEST_STEP][PASSED] - Statement - Try: null

2018-12-12 18:07:46 - [TEST_STEP][PASSED] - Statement - RefNo = new java.io.File(C://Users//Admin//Desktop//PKS//Automation Reference Point//KatalonReference.txt): null

2018-12-12 18:07:46 - [TEST_STEP][PASSED] - Statement - bufferread = new java.io.BufferedReader(new java.io.FileReader(RefNo)): null

2018-12-12 18:07:46 - [TEST_STEP][PASSED] - Statement - readedVal = bufferread.readLine(): null

2018-12-12 18:07:46 - [TEST_STEP][PASSED] - Statement - out.println(CaseReferenceNo): null

2018-12-12 18:07:46 - [TEST_STEP][PASSED] - Statement - out.println(readedVal): null

2018-12-12 18:07:46 - [TEST_STEP][PASSED] - Statement - CaseReferenceNo = "": null

2018-12-12 18:07:46 - [TEST_STEP][PASSED] - Statement - CaseReferenceNo = readedVal: null

2018-12-12 18:07:46 - [MESSAGE][PASSED] - Call Test Case 'Test Cases/Final Aug 2018 - PKS Automation/Common/Reference Number Getter' successfully

2018-12-12 18:07:46 - [TEST_STEP][PASSED] - callTestCase: Call Test Case 'Test Cases/Final Aug 2018 - PKS Automation/Common/Workflow Owner Finder' successfully

2018-12-12 18:07:46 - [TEST_CASE][PASSED] - Test Cases/Final Aug 2018 - PKS Automation/Common/Workflow Owner Finder: Test Cases/Final Aug 2018 - PKS Automation/Common/Workflow Owner Finder

2018-12-12 18:07:46 - [TEST_STEP][PASSED] - openBrowser: Browser is opened with url: ''

2018-12-12 18:07:46 - [MESSAGE][WARNING] - A browser is already opened. Closing browser and opening a new one

2018-12-12 18:07:50 - [MESSAGE][PASSED] - Browser is opened with url: ''

2018-12-12 18:07:50 - [TEST_STEP][PASSED] - navigateToUrl: Navigate to 'https://assist2-uat.perkeso.gov.my/login' successfully

2018-12-12 18:07:51 - [MESSAGE][PASSED] - Navigate to 'https://assist2-uat.perkeso.gov.my/login' successfully

2018-12-12 18:07:51 - [TEST_STEP][PASSED] - delay: Delayed 5 second(s)

2018-12-12 18:07:56 - [MESSAGE][PASSED] - Delayed 5 second(s)

2018-12-12 18:07:56 - [TEST_STEP][PASSED] - setText: Text 'test@liferay.com' is set on object 'Object Repository/Final Object Repo/Login Page/Internal User/Email Address'

2018-12-12 18:07:56 - [MESSAGE][PASSED] - Text 'test@liferay.com' is set on object 'Object Repository/Final Object Repo/Login Page/Internal User/Email Address'

2018-12-12 18:07:56 - [TEST_STEP][PASSED] - click: Object: 'Object Repository/Final Object Repo/Login Page/Internal User/Next Button' is clicked on

2018-12-12 18:07:56 - [MESSAGE][PASSED] - Object: 'Object Repository/Final Object Repo/Login Page/Internal User/Next Button' is clicked on

2018-12-12 18:07:56 - [TEST_STEP][PASSED] - delay: Delayed 2 second(s)

2018-12-12 18:07:58 - [MESSAGE][PASSED] - Delayed 2 second(s)

2018-12-12 18:07:58 - [TEST_STEP][PASSED] - setText: Text 'test' is set on object 'Object Repository/Final Object Repo/Login Page/Internal User/Password'

2018-12-12 18:07:59 - [MESSAGE][PASSED] - Text 'test' is set on object 'Object Repository/Final Object Repo/Login Page/Internal User/Password'

2018-12-12 18:07:59 - [TEST_STEP][PASSED] - delay: Delayed 2 second(s)

2018-12-12 18:08:01 - [MESSAGE][PASSED] - Delayed 2 second(s)

2018-12-12 18:08:01 - [TEST_STEP][PASSED] - click: Object: 'Object Repository/Final Object Repo/Login Page/Internal User/Login Button' is clicked on

2018-12-12 18:08:01 - [MESSAGE][PASSED] - Object: 'Object Repository/Final Object Repo/Login Page/Internal User/Login Button' is clicked on

2018-12-12 18:08:01 - [TEST_STEP][PASSED] - Statement - tester = com.kms.katalon.core.testobject.ObjectRepository.findTestObject(Final Object Repo/Landing Page/Select to English): Finding Test Object with id 'Object Repository/Final Object Repo/Landing Page/Select to English'

2018-12-12 18:08:01 - [TEST_STEP][PASSED] - Statement - Try: Delayed 2 second(s)

2018-12-12 18:08:01 - [TEST_STEP][PASSED] - Statement - Checker = com.kms.katalon.core.webui.keyword.WebUiBuiltInKeywords.verifyElementNotPresent(tester, 3): Web element with id: 'Object Repository/Final Object Repo/Landing Page/Select to English' located by 'By.xpath: //a[@class = 'taglib-language-list-text' and @lang = 'en-US' and (contains(text(), 'EN') or contains(., 'EN'))]' is not present after '3' second(s)

2018-12-12 18:08:03 - [MESSAGE][PASSED] - Web element with id: 'Object Repository/Final Object Repo/Landing Page/Select to English' located by 'By.xpath: //a[@class = 'taglib-language-list-text' and @lang = 'en-US' and (contains(text(), 'EN') or contains(., 'EN'))]' is not present after '3' second(s)

2018-12-12 18:08:03 - [TEST_STEP][PASSED] - Statement - If (Checker == false): null

2018-12-12 18:08:03 - [TEST_STEP][PASSED] - delay: Delayed 2 second(s)

2018-12-12 18:08:05 - [MESSAGE][PASSED] - Delayed 2 second(s)

2018-12-12 18:08:05 - [TEST_STEP][PASSED] - delay: Delayed 5 second(s)

2018-12-12 18:08:10 - [MESSAGE][PASSED] - Delayed 5 second(s)

2018-12-12 18:08:10 - [TEST_STEP][PASSED] - mouseOver: Object: 'Object Repository/Final Object Repo/Landing Page/WorkFlow Menu' is hovered

2018-12-12 18:08:10 - [MESSAGE][PASSED] - Object: 'Object Repository/Final Object Repo/Landing Page/WorkFlow Menu' is hovered

2018-12-12 18:08:10 - [TEST_STEP][PASSED] - delay: Delayed 2 second(s)

2018-12-12 18:08:12 - [MESSAGE][PASSED] - Delayed 2 second(s)

2018-12-12 18:08:12 - [TEST_STEP][PASSED] - click: Object: 'Object Repository/Final Object Repo/Landing Page/Select to Workflow Listing' is clicked on

2018-12-12 18:08:13 - [MESSAGE][PASSED] - Object: 'Object Repository/Final Object Repo/Landing Page/Select to Workflow Listing' is clicked on

2018-12-12 18:08:13 - [TEST_STEP][PASSED] - delay: Delayed 2 second(s)

2018-12-12 18:08:15 - [MESSAGE][PASSED] - Delayed 2 second(s)

2018-12-12 18:08:15 - [TEST_STEP][PASSED] - click: Object: 'Object Repository/Final Object Repo/WorkFlow Listing Page/Search Information - To Put Ref No' is clicked on

2018-12-12 18:08:15 - [MESSAGE][PASSED] - Object: 'Object Repository/Final Object Repo/WorkFlow Listing Page/Search Information - To Put Ref No' is clicked on

2018-12-12 18:08:15 - [TEST_STEP][PASSED] - delay: Delayed 2 second(s)

2018-12-12 18:08:17 - [MESSAGE][PASSED] - Delayed 2 second(s)

2018-12-12 18:08:17 - [TEST_STEP][PASSED] - callTestCase: Call Test Case 'Test Cases/Final Aug 2018 - PKS Automation/Common/Reference Number Getter' successfully

2018-12-12 18:08:17 - [TEST_CASE][PASSED] - Test Cases/Final Aug 2018 - PKS Automation/Common/Reference Number Getter: Test Cases/Final Aug 2018 - PKS Automation/Common/Reference Number Getter

2018-12-12 18:08:17 - [TEST_STEP][PASSED] - Statement - Try: null

2018-12-12 18:08:17 - [TEST_STEP][PASSED] - Statement - RefNo = new java.io.File(C://Users//Admin//Desktop//PKS//Automation Reference Point//KatalonReference.txt): null

2018-12-12 18:08:17 - [TEST_STEP][PASSED] - Statement - bufferread = new java.io.BufferedReader(new java.io.FileReader(RefNo)): null

2018-12-12 18:08:17 - [TEST_STEP][PASSED] - Statement - readedVal = bufferread.readLine(): null

2018-12-12 18:08:17 - [TEST_STEP][PASSED] - Statement - out.println(CaseReferenceNo): null

2018-12-12 18:08:17 - [TEST_STEP][PASSED] - Statement - out.println(readedVal): null

2018-12-12 18:08:17 - [TEST_STEP][PASSED] - Statement - CaseReferenceNo = "": null

2018-12-12 18:08:17 - [TEST_STEP][PASSED] - Statement - CaseReferenceNo = readedVal: null

2018-12-12 18:08:17 - [MESSAGE][PASSED] - Call Test Case 'Test Cases/Final Aug 2018 - PKS Automation/Common/Reference Number Getter' successfully

2018-12-12 18:08:17 - [TEST_STEP][PASSED] - setText: Text 'ERN122018C200002409' is set on object 'Object Repository/Final Object Repo/WorkFlow Listing Page/Ref No Set Text'

2018-12-12 18:08:17 - [MESSAGE][PASSED] - Text 'ERN122018C200002409' is set on object 'Object Repository/Final Object Repo/WorkFlow Listing Page/Ref No Set Text'

2018-12-12 18:08:17 - [TEST_STEP][PASSED] - delay: Delayed 2 second(s)

2018-12-12 18:08:19 - [MESSAGE][PASSED] - Delayed 2 second(s)

2018-12-12 18:08:19 - [TEST_STEP][PASSED] - click: Object: 'Object Repository/Final Object Repo/WorkFlow Listing Page/Search Ref No Search Button' is clicked on

2018-12-12 18:08:20 - [MESSAGE][PASSED] - Object: 'Object Repository/Final Object Repo/WorkFlow Listing Page/Search Ref No Search Button' is clicked on

2018-12-12 18:08:20 - [TEST_STEP][PASSED] - delay: Delayed 6 second(s)

2018-12-12 18:08:26 - [MESSAGE][PASSED] - Delayed 6 second(s)

2018-12-12 18:08:26 - [TEST_STEP][PASSED] - click: Object: 'Object Repository/Final Object Repo/WorkFlow Listing Page/Click Continue Tooltip' is clicked on

2018-12-12 18:08:26 - [MESSAGE][PASSED] - Object: 'Object Repository/Final Object Repo/WorkFlow Listing Page/Click Continue Tooltip' is clicked on

2018-12-12 18:08:26 - [TEST_STEP][PASSED] - delay: Delayed 5 second(s)

2018-12-12 18:08:31 - [MESSAGE][PASSED] - Delayed 5 second(s)

2018-12-12 18:08:31 - [TEST_STEP][PASSED] - doubleClick: Object: 'Object Repository/Final Object Repo/WorkFlow Listing Page/Workflow Found - Listing 1' is double clicked on

2018-12-12 18:08:32 - [MESSAGE][PASSED] - Object: 'Object Repository/Final Object Repo/WorkFlow Listing Page/Workflow Found - Listing 1' is double clicked on

2018-12-12 18:08:32 - [TEST_STEP][PASSED] - Statement - println(OwnerID): null

2018-12-12 18:08:32 - [TEST_STEP][PASSED] - Statement - OwnerID = com.kms.katalon.core.webui.keyword.WebUiBuiltInKeywords.getText(com.kms.katalon.core.testobject.ObjectRepository.findTestObject(Final Object Repo/WorkFlow Listing Page/Workflow Found - Listing 1), STOP_ON_FAILURE): Text of object 'Object Repository/Final Object Repo/WorkFlow Listing Page/Workflow Found - Listing 1' is: 'JOHORuo1'

2018-12-12 18:08:32 - [MESSAGE][PASSED] - Text of object 'Object Repository/Final Object Repo/WorkFlow Listing Page/Workflow Found - Listing 1' is: 'JOHORuo1'

2018-12-12 18:08:32 - [TEST_STEP][PASSED] - Statement - OwnerID = OwnerID.toLowerCase() + "@gmail.com": null

2018-12-12 18:08:32 - [TEST_STEP][PASSED] - Statement - println(OwnerID): null

2018-12-12 18:08:32 - [TEST_STEP][PASSED] - delay: Delayed 2 second(s)

2018-12-12 18:08:34 - [MESSAGE][PASSED] - Delayed 2 second(s)

2018-12-12 18:08:34 - [MESSAGE][PASSED] - Call Test Case 'Test Cases/Final Aug 2018 - PKS Automation/Common/Workflow Owner Finder' successfully

2018-12-12 18:08:34 - [TEST_STEP][PASSED] - delay: Delayed 1 second(s)

2018-12-12 18:08:35 - [MESSAGE][PASSED] - Delayed 1 second(s)

2018-12-12 18:08:35 - [TEST_STEP][PASSED] - navigateToUrl: Navigate to 'https://assist2-uat.perkeso.gov.my/c/portal/logout' successfully

2018-12-12 18:08:36 - [MESSAGE][PASSED] - Navigate to 'https://assist2-uat.perkeso.gov.my/c/portal/logout' successfully

2018-12-12 18:08:36 - [TEST_STEP][PASSED] - delay: Delayed 1 second(s)

2018-12-12 18:08:37 - [MESSAGE][PASSED] - Delayed 1 second(s)

2018-12-12 18:08:37 - [TEST_STEP][PASSED] - callTestCase: Call Test Case 'Test Cases/Final Aug 2018 - PKS Automation/Registration Module/Workflow/Login and Search Case For Workflow' successfully

2018-12-12 18:08:37 - [TEST_CASE][PASSED] - Test Cases/Final Aug 2018 - PKS Automation/Registration Module/Workflow/Login and Search Case For Workflow: Test Cases/Final Aug 2018 - PKS Automation/Registration Module/Workflow/Login and Search Case For Workflow

2018-12-12 18:08:37 - [TEST_STEP][PASSED] - navigateToUrl: Navigate to 'https://assist2-uat.perkeso.gov.my/login' successfully

2018-12-12 18:08:37 - [MESSAGE][PASSED] - Navigate to 'https://assist2-uat.perkeso.gov.my/login' successfully

2018-12-12 18:08:37 - [TEST_STEP][PASSED] - setText: Text 'johoruo1@gmail.com' is set on object 'Object Repository/Final Object Repo/Login Page/Internal User/Email Address'

2018-12-12 18:08:37 - [MESSAGE][PASSED] - Text 'johoruo1@gmail.com' is set on object 'Object Repository/Final Object Repo/Login Page/Internal User/Email Address'

2018-12-12 18:08:37 - [TEST_STEP][PASSED] - click: Object: 'Object Repository/Final Object Repo/Login Page/Internal User/Next Button' is clicked on

2018-12-12 18:08:38 - [MESSAGE][PASSED] - Object: 'Object Repository/Final Object Repo/Login Page/Internal User/Next Button' is clicked on

2018-12-12 18:08:38 - [TEST_STEP][PASSED] - delay: Delayed 1 second(s)

2018-12-12 18:08:39 - [MESSAGE][PASSED] - Delayed 1 second(s)

2018-12-12 18:08:39 - [TEST_STEP][PASSED] - setEncryptedText: Text ****** has been set on object 'Object Repository/Final Object Repo/Login Page/Internal User/Password'

2018-12-12 18:08:39 - [MESSAGE][PASSED] - Text ****** has been set on object 'Object Repository/Final Object Repo/Login Page/Internal User/Password'

2018-12-12 18:08:39 - [TEST_STEP][PASSED] - click: Object: 'Object Repository/Final Object Repo/Login Page/Internal User/Login Button' is clicked on

2018-12-12 18:08:39 - [MESSAGE][PASSED] - Object: 'Object Repository/Final Object Repo/Login Page/Internal User/Login Button' is clicked on

2018-12-12 18:08:39 - [TEST_STEP][PASSED] - delay: Delayed 2 second(s)

2018-12-12 18:08:41 - [MESSAGE][PASSED] - Delayed 2 second(s)

2018-12-12 18:08:41 - [TEST_STEP][PASSED] - Statement - Try: Delayed 2 second(s)

2018-12-12 18:08:41 - [TEST_STEP][PASSED] - Statement - Checker = false: null

2018-12-12 18:08:41 - [TEST_STEP][PASSED] - Statement - Checker = com.kms.katalon.core.webui.keyword.WebUiBuiltInKeywords.verifyElementHasAttribute(com.kms.katalon.core.testobject.ObjectRepository.findTestObject(Final Object Repo/Landing Page/BM Detecting), "href", 20, OPTIONAL): Object 'Object Repository/Final Object Repo/Landing Page/BM Detecting' has attribute 'href'

2018-12-12 18:08:41 - [MESSAGE][PASSED] - Object 'Object Repository/Final Object Repo/Landing Page/BM Detecting' has attribute 'href'

2018-12-12 18:08:41 - [TEST_STEP][PASSED] - Statement - out.println(Checker): null

2018-12-12 18:08:41 - [TEST_STEP][PASSED] - Statement - If (Checker == false): null

2018-12-12 18:08:41 - [TEST_STEP][PASSED] - Statement - Else: null

2018-12-12 18:08:41 - [TEST_STEP][PASSED] - delay: Delayed 2 second(s)

2018-12-12 18:08:43 - [MESSAGE][PASSED] - Delayed 2 second(s)

2018-12-12 18:08:43 - [TEST_STEP][PASSED] - click: Object: 'Object Repository/Final Object Repo/Page_MyASSIST - ASSIST - Search Pending Case For Add Supporting Document/Search Information' is clicked on

2018-12-12 18:08:43 - [MESSAGE][PASSED] - Object: 'Object Repository/Final Object Repo/Page_MyASSIST - ASSIST - Search Pending Case For Add Supporting Document/Search Information' is clicked on

2018-12-12 18:08:43 - [TEST_STEP][PASSED] - delay: Delayed 3 second(s)

2018-12-12 18:08:46 - [MESSAGE][PASSED] - Delayed 3 second(s)

2018-12-12 18:08:46 - [TEST_STEP][PASSED] - sendKeys: Keys 'ERN122018C200002409' sent to object: 'Object Repository/Final Object Repo/Page_MyASSIST - ASSIST - Search Pending Case For Add Supporting Document/Reference No'

2018-12-12 18:08:46 - [MESSAGE][PASSED] - Keys 'ERN122018C200002409' sent to object: 'Object Repository/Final Object Repo/Page_MyASSIST - ASSIST - Search Pending Case For Add Supporting Document/Reference No'

2018-12-12 18:08:46 - [TEST_STEP][PASSED] - click: Object: 'Object Repository/Final Object Repo/Page_MyASSIST - ASSIST - Search Pending Case For Add Supporting Document/Search Reference No' is clicked on

2018-12-12 18:08:47 - [MESSAGE][PASSED] - Object: 'Object Repository/Final Object Repo/Page_MyASSIST - ASSIST - Search Pending Case For Add Supporting Document/Search Reference No' is clicked on

2018-12-12 18:08:47 - [TEST_STEP][PASSED] - delay: Delayed 2 second(s)

2018-12-12 18:08:49 - [MESSAGE][PASSED] - Delayed 2 second(s)

2018-12-12 18:08:49 - [TEST_STEP][PASSED] - click: Object: 'Object Repository/Final Object Repo/Page_MyASSIST - ASSIST - Search Pending Case For Add Supporting Document/Continue' is clicked on

2018-12-12 18:08:52 - [MESSAGE][PASSED] - Object: 'Object Repository/Final Object Repo/Page_MyASSIST - ASSIST - Search Pending Case For Add Supporting Document/Continue' is clicked on

2018-12-12 18:08:52 - [TEST_STEP][PASSED] - delay: Delayed 20 second(s)

2018-12-12 18:09:12 - [MESSAGE][PASSED] - Delayed 20 second(s)

2018-12-12 18:09:12 - [MESSAGE][PASSED] - Call Test Case 'Test Cases/Final Aug 2018 - PKS Automation/Registration Module/Workflow/Login and Search Case For Workflow' successfully

2018-12-12 18:09:12 - [TEST_STEP][PASSED] - click: Object: 'Object Repository/Final Object Repo/Page_Form 3 EIS - Cessation as Employer/Page_Form 3 EIS - Cessation as Employer (Approve)/Save  Continue in Form 3 Page' is clicked on

2018-12-12 18:09:12 - [MESSAGE][PASSED] - Object: 'Object Repository/Final Object Repo/Page_Form 3 EIS - Cessation as Employer/Page_Form 3 EIS - Cessation as Employer (Approve)/Save  Continue in Form 3 Page' is clicked on

2018-12-12 18:09:12 - [TEST_STEP][PASSED] - delay: Delayed 2 second(s)

2018-12-12 18:09:14 - [MESSAGE][PASSED] - Delayed 2 second(s)

2018-12-12 18:09:14 - [TEST_STEP][PASSED] - click: Object: 'Object Repository/Final Object Repo/Page_Form 3 EIS - Cessation as Employer/Page_Form 3 EIS - Cessation as Employer (Approve)/Save  Continue in Resigned Page' is clicked on

2018-12-12 18:09:15 - [MESSAGE][PASSED] - Object: 'Object Repository/Final Object Repo/Page_Form 3 EIS - Cessation as Employer/Page_Form 3 EIS - Cessation as Employer (Approve)/Save  Continue in Resigned Page' is clicked on

2018-12-12 18:09:15 - [TEST_STEP][PASSED] - delay: Delayed 2 second(s)

2018-12-12 18:09:17 - [MESSAGE][PASSED] - Delayed 2 second(s)

2018-12-12 18:09:17 - [TEST_STEP][PASSED] - click: Object: 'Object Repository/Final Object Repo/Page_Form 3 EIS - Cessation as Employer/Page_Form 3 EIS - Cessation as Employer (Approve)/Save  Continue in Uploading Page' is clicked on

2018-12-12 18:09:18 - [MESSAGE][PASSED] - Object: 'Object Repository/Final Object Repo/Page_Form 3 EIS - Cessation as Employer/Page_Form 3 EIS - Cessation as Employer (Approve)/Save  Continue in Uploading Page' is clicked on

2018-12-12 18:09:18 - [TEST_STEP][PASSED] - delay: Delayed 2 second(s)

2018-12-12 18:09:20 - [MESSAGE][PASSED] - Delayed 2 second(s)

2018-12-12 18:09:20 - [TEST_STEP][PASSED] - click: Object: 'Object Repository/Final Object Repo/Page_Form 3 EIS - Cessation as Employer/Page_Form 3 EIS - Cessation as Employer (Approve)/Approve' is clicked on

2018-12-12 18:09:23 - [MESSAGE][PASSED] - Object: 'Object Repository/Final Object Repo/Page_Form 3 EIS - Cessation as Employer/Page_Form 3 EIS - Cessation as Employer (Approve)/Approve' is clicked on

2018-12-12 18:09:23 - [TEST_STEP][PASSED] - delay: Delayed 2 second(s)

2018-12-12 18:09:25 - [MESSAGE][PASSED] - Delayed 2 second(s)

2018-12-12 18:09:25 - [TEST_STEP][PASSED] - click: Object: 'Object Repository/Final Object Repo/Page_Form 3 EIS - Cessation as Employer/Page_Form 3 EIS - Cessation as Employer (Approve)/Confirm' is clicked on

2018-12-12 18:09:25 - [MESSAGE][PASSED] - Object: 'Object Repository/Final Object Repo/Page_Form 3 EIS - Cessation as Employer/Page_Form 3 EIS - Cessation as Employer (Approve)/Confirm' is clicked on

2018-12-12 18:09:25 - [TEST_STEP][PASSED] - delay: Delayed 2 second(s)

2018-12-12 18:09:27 - [MESSAGE][PASSED] - Delayed 2 second(s)

2018-12-12 18:09:27 - [TEST_STEP][PASSED] - click: Object: 'Object Repository/Final Object Repo/Page_Form 3 EIS - Cessation as Employer/Page_Form 3 EIS - Cessation as Employer (Approve)/Message Your Request    Form 3 EIS' is clicked on

2018-12-12 18:09:32 - [MESSAGE][PASSED] - Object: 'Object Repository/Final Object Repo/Page_Form 3 EIS - Cessation as Employer/Page_Form 3 EIS - Cessation as Employer (Approve)/Message Your Request    Form 3 EIS' is clicked on

2018-12-12 18:09:32 - [TEST_STEP][PASSED] - click: Object: 'Object Repository/Final Object Repo/Page_Form 3 EIS - Cessation as Employer/Page_Form 3 EIS - Cessation as Employer (Approve)/Letter of successful update' is clicked on

2018-12-12 18:09:33 - [MESSAGE][PASSED] - Object: 'Object Repository/Final Object Repo/Page_Form 3 EIS - Cessation as Employer/Page_Form 3 EIS - Cessation as Employer (Approve)/Letter of successful update' is clicked on

2018-12-12 18:09:33 - [MESSAGE][PASSED] - Call Test Case 'Test Cases/Final Aug 2018 - PKS Automation/Registration Module/Workflow/Form 3 EIS - Cessation As Employer/Template/Form 3 A - Cessation As Employer (Approve)' successfully]]></system-out>
         <system-err><![CDATA[]]></system-err>
      </testcase>
      <testcase name="Test Cases/Final Aug 2018 - PKS Automation/Registration Module/Workflow/Form 3 EIS - Cessation As Employer/PKRBO to UO (Query)" classname="Test Cases/Final Aug 2018 - PKS Automation/Registration Module/Workflow/Form 3 EIS - Cessation As Employer/PKRBO to UO (Query)" status="PASSED">
         <system-out><![CDATA[2018-12-12 18:09:33 - [TEST_CASE][PASSED] - Test Cases/Final Aug 2018 - PKS Automation/Registration Module/Workflow/Form 3 EIS - Cessation As Employer/PKRBO to UO (Query): Test Cases/Final Aug 2018 - PKS Automation/Registration Module/Workflow/Form 3 EIS - Cessation As Employer/PKRBO to UO (Query)

2018-12-12 18:09:35 - [TEST_STEP][PASSED] - callTestCase: Call Test Case 'Test Cases/Final Aug 2018 - PKS Automation/Registration Module/Workflow/Form 3 EIS - Cessation As Employer/Template/Form 3 A - Cessation As Employer (PKRBO)' successfully

2018-12-12 18:09:35 - [TEST_CASE][PASSED] - Test Cases/Final Aug 2018 - PKS Automation/Registration Module/Workflow/Form 3 EIS - Cessation As Employer/Template/Form 3 A - Cessation As Employer (PKRBO): Test Cases/Final Aug 2018 - PKS Automation/Registration Module/Workflow/Form 3 EIS - Cessation As Employer/Template/Form 3 A - Cessation As Employer (PKRBO)

2018-12-12 18:09:35 - [TEST_STEP][PASSED] - openBrowser: Browser is opened with url: ''

2018-12-12 18:09:35 - [MESSAGE][WARNING] - A browser is already opened. Closing browser and opening a new one

2018-12-12 18:09:38 - [MESSAGE][PASSED] - Browser is opened with url: ''

2018-12-12 18:09:38 - [TEST_STEP][PASSED] - navigateToUrl: Navigate to 'https://assist2-uat.perkeso.gov.my/login' successfully

2018-12-12 18:09:40 - [MESSAGE][PASSED] - Navigate to 'https://assist2-uat.perkeso.gov.my/login' successfully

2018-12-12 18:09:40 - [TEST_STEP][PASSED] - setText: Text 'johorpkrbo1@gmail.com' is set on object 'Object Repository/Final Object Repo/Login Page/Internal User/Email Address'

2018-12-12 18:09:40 - [MESSAGE][PASSED] - Text 'johorpkrbo1@gmail.com' is set on object 'Object Repository/Final Object Repo/Login Page/Internal User/Email Address'

2018-12-12 18:09:40 - [TEST_STEP][PASSED] - click: Object: 'Object Repository/Final Object Repo/Login Page/Internal User/Next Button' is clicked on

2018-12-12 18:09:40 - [MESSAGE][PASSED] - Object: 'Object Repository/Final Object Repo/Login Page/Internal User/Next Button' is clicked on

2018-12-12 18:09:40 - [TEST_STEP][PASSED] - delay: Delayed 1 second(s)

2018-12-12 18:09:41 - [MESSAGE][PASSED] - Delayed 1 second(s)

2018-12-12 18:09:41 - [TEST_STEP][PASSED] - setEncryptedText: Text ****** has been set on object 'Object Repository/Final Object Repo/Login Page/Internal User/Password'

2018-12-12 18:09:41 - [MESSAGE][PASSED] - Text ****** has been set on object 'Object Repository/Final Object Repo/Login Page/Internal User/Password'

2018-12-12 18:09:41 - [TEST_STEP][PASSED] - click: Object: 'Object Repository/Final Object Repo/Login Page/Internal User/Login Button' is clicked on

2018-12-12 18:09:41 - [MESSAGE][PASSED] - Object: 'Object Repository/Final Object Repo/Login Page/Internal User/Login Button' is clicked on

2018-12-12 18:09:41 - [TEST_STEP][PASSED] - delay: Delayed 1 second(s)

2018-12-12 18:09:42 - [MESSAGE][PASSED] - Delayed 1 second(s)

2018-12-12 18:09:42 - [TEST_STEP][PASSED] - Statement - Try: Delayed 2 second(s)

2018-12-12 18:09:42 - [TEST_STEP][PASSED] - Statement - Checker = false: null

2018-12-12 18:09:42 - [TEST_STEP][PASSED] - Statement - Checker = com.kms.katalon.core.webui.keyword.WebUiBuiltInKeywords.verifyElementHasAttribute(com.kms.katalon.core.testobject.ObjectRepository.findTestObject(Final Object Repo/Landing Page/BM Detecting), "href", 20, OPTIONAL): Object 'Object Repository/Final Object Repo/Landing Page/BM Detecting' has attribute 'href'

2018-12-12 18:09:44 - [MESSAGE][PASSED] - Object 'Object Repository/Final Object Repo/Landing Page/BM Detecting' has attribute 'href'

2018-12-12 18:09:44 - [TEST_STEP][PASSED] - Statement - out.println(Checker): null

2018-12-12 18:09:44 - [TEST_STEP][PASSED] - Statement - If (Checker == false): null

2018-12-12 18:09:44 - [TEST_STEP][PASSED] - Statement - Else: null

2018-12-12 18:09:44 - [TEST_STEP][PASSED] - delay: Delayed 2 second(s)

2018-12-12 18:09:46 - [MESSAGE][PASSED] - Delayed 2 second(s)

2018-12-12 18:09:46 - [TEST_STEP][PASSED] - navigateToUrl: Navigate to 'https://assist2-uat.perkeso.gov.my/web/registration/eis-update/form-3-eis-cessation-as-employer' successfully

2018-12-12 18:09:46 - [MESSAGE][PASSED] - Navigate to 'https://assist2-uat.perkeso.gov.my/web/registration/eis-update/form-3-eis-cessation-as-employer' successfully

2018-12-12 18:09:46 - [TEST_STEP][PASSED] - delay: Delayed 1 second(s)

2018-12-12 18:09:47 - [MESSAGE][PASSED] - Delayed 1 second(s)

2018-12-12 18:09:47 - [TEST_STEP][PASSED] - setText: Text 'E1102069769W' is set on object 'Object Repository/Final Object Repo/Page_Form 3 EIS - Cessation as Employer/Employer Code'

2018-12-12 18:09:48 - [MESSAGE][PASSED] - Text 'E1102069769W' is set on object 'Object Repository/Final Object Repo/Page_Form 3 EIS - Cessation as Employer/Employer Code'

2018-12-12 18:09:48 - [TEST_STEP][PASSED] - click: Object: 'Object Repository/Final Object Repo/Page_Form 3 EIS - Cessation as Employer/Search' is clicked on

2018-12-12 18:09:48 - [MESSAGE][PASSED] - Object: 'Object Repository/Final Object Repo/Page_Form 3 EIS - Cessation as Employer/Search' is clicked on

2018-12-12 18:09:48 - [TEST_STEP][PASSED] - click: Object: 'Object Repository/Final Object Repo/Page_Form 3 EIS - Cessation as Employer/Edit' is clicked on

2018-12-12 18:09:50 - [MESSAGE][PASSED] - Object: 'Object Repository/Final Object Repo/Page_Form 3 EIS - Cessation as Employer/Edit' is clicked on

2018-12-12 18:09:50 - [TEST_STEP][PASSED] - delay: Delayed 1 second(s)

2018-12-12 18:09:51 - [MESSAGE][PASSED] - Delayed 1 second(s)

2018-12-12 18:09:51 - [TEST_STEP][PASSED] - Statement - abc = com.kms.katalon.core.webui.keyword.WebUiBuiltInKeywords.getAttribute(com.kms.katalon.core.testobject.ObjectRepository.findTestObject(Final Object Repo/Page_Form 3 EIS - Cessation as Employer/Employer Status), "value"): Attribute 'value' of object 'Object Repository/Final Object Repo/Page_Form 3 EIS - Cessation as Employer/Employer Status' is: 'Active'

2018-12-12 18:09:51 - [MESSAGE][PASSED] - Attribute 'value' of object 'Object Repository/Final Object Repo/Page_Form 3 EIS - Cessation as Employer/Employer Status' is: 'Active'

2018-12-12 18:09:51 - [TEST_STEP][PASSED] - Statement - out.println(abc): null

2018-12-12 18:09:51 - [TEST_STEP][PASSED] - Statement - If (abc == "Active"): Object: 'Object Repository/Final Object Repo/Page_Form 3 EIS - Cessation as Employer/Dormant EIS' is clicked on

2018-12-12 18:09:51 - [TEST_STEP][PASSED] - click: Object: 'Object Repository/Final Object Repo/Page_Form 3 EIS - Cessation as Employer/Change Employer Status to' is clicked on

2018-12-12 18:09:51 - [MESSAGE][PASSED] - Object: 'Object Repository/Final Object Repo/Page_Form 3 EIS - Cessation as Employer/Change Employer Status to' is clicked on

2018-12-12 18:09:51 - [TEST_STEP][PASSED] - click: Object: 'Object Repository/Final Object Repo/Page_Form 3 EIS - Cessation as Employer/Dormant EIS' is clicked on

2018-12-12 18:09:52 - [MESSAGE][PASSED] - Object: 'Object Repository/Final Object Repo/Page_Form 3 EIS - Cessation as Employer/Dormant EIS' is clicked on

2018-12-12 18:09:52 - [TEST_STEP][PASSED] - click: Object: 'Object Repository/Final Object Repo/Page_Form 3 EIS - Cessation as Employer/Calender' is clicked on

2018-12-12 18:09:52 - [MESSAGE][PASSED] - Object: 'Object Repository/Final Object Repo/Page_Form 3 EIS - Cessation as Employer/Calender' is clicked on

2018-12-12 18:09:52 - [TEST_STEP][PASSED] - delay: Delayed 1 second(s)

2018-12-12 18:09:53 - [MESSAGE][PASSED] - Delayed 1 second(s)

2018-12-12 18:09:53 - [TEST_STEP][PASSED] - click: Object: 'Object Repository/Final Object Repo/Page_Form 3 EIS - Cessation as Employer/Calender - Date' is clicked on

2018-12-12 18:09:53 - [MESSAGE][PASSED] - Object: 'Object Repository/Final Object Repo/Page_Form 3 EIS - Cessation as Employer/Calender - Date' is clicked on

2018-12-12 18:09:53 - [TEST_STEP][PASSED] - click: Object: 'Object Repository/Final Object Repo/Page_Form 3 EIS - Cessation as Employer/Save  Continue in Form 3 EIS Page' is clicked on

2018-12-12 18:09:53 - [MESSAGE][PASSED] - Object: 'Object Repository/Final Object Repo/Page_Form 3 EIS - Cessation as Employer/Save  Continue in Form 3 EIS Page' is clicked on

2018-12-12 18:09:53 - [TEST_STEP][PASSED] - delay: Delayed 1 second(s)

2018-12-12 18:09:54 - [MESSAGE][PASSED] - Delayed 1 second(s)

2018-12-12 18:09:54 - [TEST_STEP][PASSED] - click: Object: 'Object Repository/Final Object Repo/Page_Form 3 EIS - Cessation as Employer/Employment Resign Date' is clicked on

2018-12-12 18:09:55 - [MESSAGE][PASSED] - Object: 'Object Repository/Final Object Repo/Page_Form 3 EIS - Cessation as Employer/Employment Resign Date' is clicked on

2018-12-12 18:09:55 - [TEST_STEP][PASSED] - selectOptionByValue: All options with value '2030' are selected in object 'Object Repository/Final Object Repo/Page_Form 3 EIS - Cessation as Employer/Employment Resign Date - Year' 

2018-12-12 18:09:55 - [MESSAGE][PASSED] - All options with value '2030' are selected in object 'Object Repository/Final Object Repo/Page_Form 3 EIS - Cessation as Employer/Employment Resign Date - Year' 

2018-12-12 18:09:55 - [TEST_STEP][PASSED] - delay: Delayed 2 second(s)

2018-12-12 18:09:57 - [MESSAGE][PASSED] - Delayed 2 second(s)

2018-12-12 18:09:57 - [TEST_STEP][PASSED] - click: Object: 'Object Repository/Final Object Repo/Page_Form 3 EIS - Cessation as Employer/Employment Resign Date - Year - Date' is clicked on

2018-12-12 18:09:57 - [MESSAGE][PASSED] - Object: 'Object Repository/Final Object Repo/Page_Form 3 EIS - Cessation as Employer/Employment Resign Date - Year - Date' is clicked on

2018-12-12 18:09:57 - [TEST_STEP][PASSED] - delay: Delayed 2 second(s)

2018-12-12 18:09:59 - [MESSAGE][PASSED] - Delayed 2 second(s)

2018-12-12 18:09:59 - [TEST_STEP][PASSED] - click: Object: 'Object Repository/Final Object Repo/Page_Form 3 EIS - Cessation as Employer/Save  Continue in Employment Resign Page' is clicked on

2018-12-12 18:09:59 - [MESSAGE][PASSED] - Object: 'Object Repository/Final Object Repo/Page_Form 3 EIS - Cessation as Employer/Save  Continue in Employment Resign Page' is clicked on

2018-12-12 18:09:59 - [TEST_STEP][PASSED] - delay: Delayed 2 second(s)

2018-12-12 18:10:01 - [MESSAGE][PASSED] - Delayed 2 second(s)

2018-12-12 18:10:01 - [TEST_STEP][PASSED] - click: Object: 'Object Repository/Final Object Repo/Page_Form 3 EIS - Cessation as Employer/Set Latest - Yes' is clicked on

2018-12-12 18:10:01 - [MESSAGE][PASSED] - Object: 'Object Repository/Final Object Repo/Page_Form 3 EIS - Cessation as Employer/Set Latest - Yes' is clicked on

2018-12-12 18:10:01 - [TEST_STEP][PASSED] - delay: Delayed 2 second(s)

2018-12-12 18:10:03 - [MESSAGE][PASSED] - Delayed 2 second(s)

2018-12-12 18:10:03 - [TEST_STEP][PASSED] - click: Object: 'Object Repository/Final Object Repo/Page_Form 3 EIS - Cessation as Employer/Add Document' is clicked on

2018-12-12 18:10:05 - [MESSAGE][PASSED] - Object: 'Object Repository/Final Object Repo/Page_Form 3 EIS - Cessation as Employer/Add Document' is clicked on

2018-12-12 18:10:05 - [TEST_STEP][PASSED] - delay: Delayed 3 second(s)

2018-12-12 18:10:08 - [MESSAGE][PASSED] - Delayed 3 second(s)

2018-12-12 18:10:08 - [TEST_STEP][PASSED] - click: Object: 'Object Repository/Final Object Repo/Page_Form 3 EIS - Cessation as Employer/Document Type' is clicked on

2018-12-12 18:10:08 - [MESSAGE][PASSED] - Object: 'Object Repository/Final Object Repo/Page_Form 3 EIS - Cessation as Employer/Document Type' is clicked on

2018-12-12 18:10:08 - [TEST_STEP][PASSED] - click: Object: 'Object Repository/Final Object Repo/Page_Form 3 EIS - Cessation as Employer/Document Type - Form 3' is clicked on

2018-12-12 18:10:08 - [MESSAGE][PASSED] - Object: 'Object Repository/Final Object Repo/Page_Form 3 EIS - Cessation as Employer/Document Type - Form 3' is clicked on

2018-12-12 18:10:08 - [TEST_STEP][PASSED] - delay: Delayed 2 second(s)

2018-12-12 18:10:10 - [MESSAGE][PASSED] - Delayed 2 second(s)

2018-12-12 18:10:10 - [TEST_STEP][PASSED] - sendKeys: Keys 'C:\Users\Public\Pictures\Sample Pictures\Koala.jpg' sent to object: 'Object Repository/Final Object Repo/Page_Form 3 EIS - Cessation as Employer/ploading File'

2018-12-12 18:10:10 - [MESSAGE][PASSED] - Keys 'C:\Users\Public\Pictures\Sample Pictures\Koala.jpg' sent to object: 'Object Repository/Final Object Repo/Page_Form 3 EIS - Cessation as Employer/ploading File'

2018-12-12 18:10:10 - [TEST_STEP][PASSED] - delay: Delayed 1 second(s)

2018-12-12 18:10:11 - [MESSAGE][PASSED] - Delayed 1 second(s)

2018-12-12 18:10:11 - [TEST_STEP][PASSED] - click: Object: 'Object Repository/Final Object Repo/Page_Form 3 EIS - Cessation as Employer/Add Document in Uploading Page' is clicked on

2018-12-12 18:10:11 - [MESSAGE][PASSED] - Object: 'Object Repository/Final Object Repo/Page_Form 3 EIS - Cessation as Employer/Add Document in Uploading Page' is clicked on

2018-12-12 18:10:11 - [TEST_STEP][PASSED] - delay: Delayed 2 second(s)

2018-12-12 18:10:13 - [MESSAGE][PASSED] - Delayed 2 second(s)

2018-12-12 18:10:13 - [TEST_STEP][PASSED] - Statement - CaseReferenceNo = com.kms.katalon.core.webui.keyword.WebUiBuiltInKeywords.getText(com.kms.katalon.core.testobject.ObjectRepository.findTestObject(Final Object Repo/Page_Update Employer Information/Reference Number in Update Employee Information Page)): Text of object 'Object Repository/Final Object Repo/Page_Update Employer Information/Reference Number in Update Employee Information Page' is: 'ERN122018C200002410'

2018-12-12 18:10:15 - [MESSAGE][PASSED] - Text of object 'Object Repository/Final Object Repo/Page_Update Employer Information/Reference Number in Update Employee Information Page' is: 'ERN122018C200002410'

2018-12-12 18:10:15 - [TEST_STEP][PASSED] - callTestCase: Call Test Case 'Test Cases/Final Aug 2018 - PKS Automation/Common/Reference Number Setter' successfully

2018-12-12 18:10:15 - [TEST_CASE][PASSED] - Test Cases/Final Aug 2018 - PKS Automation/Common/Reference Number Setter: Test Cases/Final Aug 2018 - PKS Automation/Common/Reference Number Setter

2018-12-12 18:10:15 - [TEST_STEP][PASSED] - Statement - RefNoOldFile = new java.io.File(C://Users//Admin//Desktop//PKS//Automation Reference Point//KatalonReference.txt): null

2018-12-12 18:10:15 - [TEST_STEP][PASSED] - Statement - RefNoOldFile.delete(): null

2018-12-12 18:10:15 - [TEST_STEP][PASSED] - delay: Delayed 5 second(s)

2018-12-12 18:10:20 - [MESSAGE][PASSED] - Delayed 5 second(s)

2018-12-12 18:10:20 - [TEST_STEP][PASSED] - Statement - RefNo = new java.io.File(C://Users//Admin//Desktop//PKS//Automation Reference Point//KatalonReference.txt): null

2018-12-12 18:10:20 - [TEST_STEP][PASSED] - Statement - f2 = new java.io.FileWriter(RefNo, false): null

2018-12-12 18:10:20 - [TEST_STEP][PASSED] - Statement - f2.write(CaseReferenceNo): null

2018-12-12 18:10:20 - [TEST_STEP][PASSED] - Statement - f2.close(): null

2018-12-12 18:10:20 - [TEST_STEP][PASSED] - Statement - out.println("


" + CaseReferenceNo + "


"): null

2018-12-12 18:10:20 - [MESSAGE][PASSED] - Call Test Case 'Test Cases/Final Aug 2018 - PKS Automation/Common/Reference Number Setter' successfully

2018-12-12 18:10:20 - [TEST_STEP][PASSED] - delay: Delayed 2 second(s)

2018-12-12 18:10:22 - [MESSAGE][PASSED] - Delayed 2 second(s)

2018-12-12 18:10:22 - [TEST_STEP][PASSED] - click: Object: 'Object Repository/Final Object Repo/Page_Form 3 EIS - Cessation as Employer/Save  Continue in Uploading Page' is clicked on

2018-12-12 18:10:23 - [MESSAGE][PASSED] - Object: 'Object Repository/Final Object Repo/Page_Form 3 EIS - Cessation as Employer/Save  Continue in Uploading Page' is clicked on

2018-12-12 18:10:23 - [TEST_STEP][PASSED] - delay: Delayed 2 second(s)

2018-12-12 18:10:25 - [MESSAGE][PASSED] - Delayed 2 second(s)

2018-12-12 18:10:25 - [TEST_STEP][PASSED] - click: Object: 'Object Repository/Final Object Repo/Page_Form 3 EIS - Cessation as Employer/Submit' is clicked on

2018-12-12 18:10:27 - [MESSAGE][PASSED] - Object: 'Object Repository/Final Object Repo/Page_Form 3 EIS - Cessation as Employer/Submit' is clicked on

2018-12-12 18:10:27 - [TEST_STEP][PASSED] - delay: Delayed 2 second(s)

2018-12-12 18:10:29 - [MESSAGE][PASSED] - Delayed 2 second(s)

2018-12-12 18:10:29 - [TEST_STEP][PASSED] - click: Object: 'Object Repository/Final Object Repo/Page_Form 3 EIS - Cessation as Employer/Confirm' is clicked on

2018-12-12 18:10:29 - [MESSAGE][PASSED] - Object: 'Object Repository/Final Object Repo/Page_Form 3 EIS - Cessation as Employer/Confirm' is clicked on

2018-12-12 18:10:29 - [TEST_STEP][PASSED] - delay: Delayed 2 second(s)

2018-12-12 18:10:31 - [MESSAGE][PASSED] - Delayed 2 second(s)

2018-12-12 18:10:31 - [TEST_STEP][PASSED] - click: Object: 'Object Repository/Final Object Repo/Page_Form 3 EIS - Cessation as Employer/Message Your Request will be routed to UO' is clicked on

2018-12-12 18:10:35 - [MESSAGE][PASSED] - Object: 'Object Repository/Final Object Repo/Page_Form 3 EIS - Cessation as Employer/Message Your Request will be routed to UO' is clicked on

2018-12-12 18:10:35 - [TEST_STEP][PASSED] - click: Object: 'Object Repository/Final Object Repo/Page_Form 3 EIS - Cessation as Employer/Letter of acknowledgement' is clicked on

2018-12-12 18:10:35 - [MESSAGE][PASSED] - Object: 'Object Repository/Final Object Repo/Page_Form 3 EIS - Cessation as Employer/Letter of acknowledgement' is clicked on

2018-12-12 18:10:35 - [MESSAGE][PASSED] - Call Test Case 'Test Cases/Final Aug 2018 - PKS Automation/Registration Module/Workflow/Form 3 EIS - Cessation As Employer/Template/Form 3 A - Cessation As Employer (PKRBO)' successfully

2018-12-12 18:10:35 - [TEST_STEP][PASSED] - callTestCase: Call Test Case 'Test Cases/Final Aug 2018 - PKS Automation/Registration Module/Workflow/Form 3 EIS - Cessation As Employer/Template/Form 3 A - Cessation As Employer (Query)' successfully

2018-12-12 18:10:35 - [TEST_CASE][PASSED] - Test Cases/Final Aug 2018 - PKS Automation/Registration Module/Workflow/Form 3 EIS - Cessation As Employer/Template/Form 3 A - Cessation As Employer (Query): Test Cases/Final Aug 2018 - PKS Automation/Registration Module/Workflow/Form 3 EIS - Cessation As Employer/Template/Form 3 A - Cessation As Employer (Query)

2018-12-12 18:10:36 - [TEST_STEP][NOT_RUN] - callTestCase: NOT_RUN: callTestCase

2018-12-12 18:10:36 - [MESSAGE][NOT_RUN] - NOT_RUN: callTestCase

2018-12-12 18:10:36 - [TEST_STEP][PASSED] - delay: Delayed 1 second(s)

2018-12-12 18:10:37 - [MESSAGE][PASSED] - Delayed 1 second(s)

2018-12-12 18:10:37 - [TEST_STEP][PASSED] - navigateToUrl: Navigate to 'https://assist2-uat.perkeso.gov.my/c/portal/logout' successfully

2018-12-12 18:10:37 - [MESSAGE][PASSED] - Navigate to 'https://assist2-uat.perkeso.gov.my/c/portal/logout' successfully

2018-12-12 18:10:37 - [TEST_STEP][PASSED] - delay: Delayed 1 second(s)

2018-12-12 18:10:38 - [MESSAGE][PASSED] - Delayed 1 second(s)

2018-12-12 18:10:38 - [TEST_STEP][PASSED] - callTestCase: Call Test Case 'Test Cases/Final Aug 2018 - PKS Automation/Common/Reference Number Getter' successfully

2018-12-12 18:10:38 - [TEST_CASE][PASSED] - Test Cases/Final Aug 2018 - PKS Automation/Common/Reference Number Getter: Test Cases/Final Aug 2018 - PKS Automation/Common/Reference Number Getter

2018-12-12 18:10:38 - [TEST_STEP][PASSED] - Statement - Try: null

2018-12-12 18:10:38 - [TEST_STEP][PASSED] - Statement - RefNo = new java.io.File(C://Users//Admin//Desktop//PKS//Automation Reference Point//KatalonReference.txt): null

2018-12-12 18:10:38 - [TEST_STEP][PASSED] - Statement - bufferread = new java.io.BufferedReader(new java.io.FileReader(RefNo)): null

2018-12-12 18:10:38 - [TEST_STEP][PASSED] - Statement - readedVal = bufferread.readLine(): null

2018-12-12 18:10:38 - [TEST_STEP][PASSED] - Statement - out.println(CaseReferenceNo): null

2018-12-12 18:10:38 - [TEST_STEP][PASSED] - Statement - out.println(readedVal): null

2018-12-12 18:10:38 - [TEST_STEP][PASSED] - Statement - CaseReferenceNo = "": null

2018-12-12 18:10:38 - [TEST_STEP][PASSED] - Statement - CaseReferenceNo = readedVal: null

2018-12-12 18:10:38 - [MESSAGE][PASSED] - Call Test Case 'Test Cases/Final Aug 2018 - PKS Automation/Common/Reference Number Getter' successfully

2018-12-12 18:10:38 - [TEST_STEP][PASSED] - callTestCase: Call Test Case 'Test Cases/Final Aug 2018 - PKS Automation/Common/Workflow Owner Finder' successfully

2018-12-12 18:10:38 - [TEST_CASE][PASSED] - Test Cases/Final Aug 2018 - PKS Automation/Common/Workflow Owner Finder: Test Cases/Final Aug 2018 - PKS Automation/Common/Workflow Owner Finder

2018-12-12 18:10:38 - [TEST_STEP][PASSED] - openBrowser: Browser is opened with url: ''

2018-12-12 18:10:38 - [MESSAGE][WARNING] - A browser is already opened. Closing browser and opening a new one

2018-12-12 18:10:42 - [MESSAGE][PASSED] - Browser is opened with url: ''

2018-12-12 18:10:42 - [TEST_STEP][PASSED] - navigateToUrl: Navigate to 'https://assist2-uat.perkeso.gov.my/login' successfully

2018-12-12 18:10:43 - [MESSAGE][PASSED] - Navigate to 'https://assist2-uat.perkeso.gov.my/login' successfully

2018-12-12 18:10:43 - [TEST_STEP][PASSED] - delay: Delayed 5 second(s)

2018-12-12 18:10:48 - [MESSAGE][PASSED] - Delayed 5 second(s)

2018-12-12 18:10:48 - [TEST_STEP][PASSED] - setText: Text 'test@liferay.com' is set on object 'Object Repository/Final Object Repo/Login Page/Internal User/Email Address'

2018-12-12 18:10:49 - [MESSAGE][PASSED] - Text 'test@liferay.com' is set on object 'Object Repository/Final Object Repo/Login Page/Internal User/Email Address'

2018-12-12 18:10:49 - [TEST_STEP][PASSED] - click: Object: 'Object Repository/Final Object Repo/Login Page/Internal User/Next Button' is clicked on

2018-12-12 18:10:49 - [MESSAGE][PASSED] - Object: 'Object Repository/Final Object Repo/Login Page/Internal User/Next Button' is clicked on

2018-12-12 18:10:49 - [TEST_STEP][PASSED] - delay: Delayed 2 second(s)

2018-12-12 18:10:51 - [MESSAGE][PASSED] - Delayed 2 second(s)

2018-12-12 18:10:51 - [TEST_STEP][PASSED] - setText: Text 'test' is set on object 'Object Repository/Final Object Repo/Login Page/Internal User/Password'

2018-12-12 18:10:51 - [MESSAGE][PASSED] - Text 'test' is set on object 'Object Repository/Final Object Repo/Login Page/Internal User/Password'

2018-12-12 18:10:51 - [TEST_STEP][PASSED] - delay: Delayed 2 second(s)

2018-12-12 18:10:53 - [MESSAGE][PASSED] - Delayed 2 second(s)

2018-12-12 18:10:53 - [TEST_STEP][PASSED] - click: Object: 'Object Repository/Final Object Repo/Login Page/Internal User/Login Button' is clicked on

2018-12-12 18:10:53 - [MESSAGE][PASSED] - Object: 'Object Repository/Final Object Repo/Login Page/Internal User/Login Button' is clicked on

2018-12-12 18:10:53 - [TEST_STEP][PASSED] - Statement - tester = com.kms.katalon.core.testobject.ObjectRepository.findTestObject(Final Object Repo/Landing Page/Select to English): Finding Test Object with id 'Object Repository/Final Object Repo/Landing Page/Select to English'

2018-12-12 18:10:53 - [TEST_STEP][PASSED] - Statement - Try: Delayed 2 second(s)

2018-12-12 18:10:53 - [TEST_STEP][PASSED] - Statement - Checker = com.kms.katalon.core.webui.keyword.WebUiBuiltInKeywords.verifyElementNotPresent(tester, 3): Web element with id: 'Object Repository/Final Object Repo/Landing Page/Select to English' located by 'By.xpath: //a[@class = 'taglib-language-list-text' and @lang = 'en-US' and (contains(text(), 'EN') or contains(., 'EN'))]' is not present after '3' second(s)

2018-12-12 18:10:55 - [MESSAGE][PASSED] - Web element with id: 'Object Repository/Final Object Repo/Landing Page/Select to English' located by 'By.xpath: //a[@class = 'taglib-language-list-text' and @lang = 'en-US' and (contains(text(), 'EN') or contains(., 'EN'))]' is not present after '3' second(s)

2018-12-12 18:10:55 - [TEST_STEP][PASSED] - Statement - If (Checker == false): null

2018-12-12 18:10:55 - [TEST_STEP][PASSED] - delay: Delayed 2 second(s)

2018-12-12 18:10:57 - [MESSAGE][PASSED] - Delayed 2 second(s)

2018-12-12 18:10:57 - [TEST_STEP][PASSED] - delay: Delayed 5 second(s)

2018-12-12 18:11:02 - [MESSAGE][PASSED] - Delayed 5 second(s)

2018-12-12 18:11:02 - [TEST_STEP][PASSED] - mouseOver: Object: 'Object Repository/Final Object Repo/Landing Page/WorkFlow Menu' is hovered

2018-12-12 18:11:02 - [MESSAGE][PASSED] - Object: 'Object Repository/Final Object Repo/Landing Page/WorkFlow Menu' is hovered

2018-12-12 18:11:02 - [TEST_STEP][PASSED] - delay: Delayed 2 second(s)

2018-12-12 18:11:04 - [MESSAGE][PASSED] - Delayed 2 second(s)

2018-12-12 18:11:04 - [TEST_STEP][PASSED] - click: Object: 'Object Repository/Final Object Repo/Landing Page/Select to Workflow Listing' is clicked on

2018-12-12 18:11:05 - [MESSAGE][PASSED] - Object: 'Object Repository/Final Object Repo/Landing Page/Select to Workflow Listing' is clicked on

2018-12-12 18:11:05 - [TEST_STEP][PASSED] - delay: Delayed 2 second(s)

2018-12-12 18:11:07 - [MESSAGE][PASSED] - Delayed 2 second(s)

2018-12-12 18:11:07 - [TEST_STEP][PASSED] - click: Object: 'Object Repository/Final Object Repo/WorkFlow Listing Page/Search Information - To Put Ref No' is clicked on

2018-12-12 18:11:08 - [MESSAGE][PASSED] - Object: 'Object Repository/Final Object Repo/WorkFlow Listing Page/Search Information - To Put Ref No' is clicked on

2018-12-12 18:11:08 - [TEST_STEP][PASSED] - delay: Delayed 2 second(s)

2018-12-12 18:11:10 - [MESSAGE][PASSED] - Delayed 2 second(s)

2018-12-12 18:11:10 - [TEST_STEP][PASSED] - callTestCase: Call Test Case 'Test Cases/Final Aug 2018 - PKS Automation/Common/Reference Number Getter' successfully

2018-12-12 18:11:10 - [TEST_CASE][PASSED] - Test Cases/Final Aug 2018 - PKS Automation/Common/Reference Number Getter: Test Cases/Final Aug 2018 - PKS Automation/Common/Reference Number Getter

2018-12-12 18:11:10 - [TEST_STEP][PASSED] - Statement - Try: null

2018-12-12 18:11:10 - [TEST_STEP][PASSED] - Statement - RefNo = new java.io.File(C://Users//Admin//Desktop//PKS//Automation Reference Point//KatalonReference.txt): null

2018-12-12 18:11:10 - [TEST_STEP][PASSED] - Statement - bufferread = new java.io.BufferedReader(new java.io.FileReader(RefNo)): null

2018-12-12 18:11:10 - [TEST_STEP][PASSED] - Statement - readedVal = bufferread.readLine(): null

2018-12-12 18:11:10 - [TEST_STEP][PASSED] - Statement - out.println(CaseReferenceNo): null

2018-12-12 18:11:10 - [TEST_STEP][PASSED] - Statement - out.println(readedVal): null

2018-12-12 18:11:10 - [TEST_STEP][PASSED] - Statement - CaseReferenceNo = "": null

2018-12-12 18:11:10 - [TEST_STEP][PASSED] - Statement - CaseReferenceNo = readedVal: null

2018-12-12 18:11:10 - [MESSAGE][PASSED] - Call Test Case 'Test Cases/Final Aug 2018 - PKS Automation/Common/Reference Number Getter' successfully

2018-12-12 18:11:10 - [TEST_STEP][PASSED] - setText: Text 'ERN122018C200002410' is set on object 'Object Repository/Final Object Repo/WorkFlow Listing Page/Ref No Set Text'

2018-12-12 18:11:10 - [MESSAGE][PASSED] - Text 'ERN122018C200002410' is set on object 'Object Repository/Final Object Repo/WorkFlow Listing Page/Ref No Set Text'

2018-12-12 18:11:10 - [TEST_STEP][PASSED] - delay: Delayed 2 second(s)

2018-12-12 18:11:12 - [MESSAGE][PASSED] - Delayed 2 second(s)

2018-12-12 18:11:12 - [TEST_STEP][PASSED] - click: Object: 'Object Repository/Final Object Repo/WorkFlow Listing Page/Search Ref No Search Button' is clicked on

2018-12-12 18:11:12 - [MESSAGE][PASSED] - Object: 'Object Repository/Final Object Repo/WorkFlow Listing Page/Search Ref No Search Button' is clicked on

2018-12-12 18:11:12 - [TEST_STEP][PASSED] - delay: Delayed 6 second(s)

2018-12-12 18:11:18 - [MESSAGE][PASSED] - Delayed 6 second(s)

2018-12-12 18:11:18 - [TEST_STEP][PASSED] - click: Object: 'Object Repository/Final Object Repo/WorkFlow Listing Page/Click Continue Tooltip' is clicked on

2018-12-12 18:11:19 - [MESSAGE][PASSED] - Object: 'Object Repository/Final Object Repo/WorkFlow Listing Page/Click Continue Tooltip' is clicked on

2018-12-12 18:11:19 - [TEST_STEP][PASSED] - delay: Delayed 5 second(s)

2018-12-12 18:11:24 - [MESSAGE][PASSED] - Delayed 5 second(s)

2018-12-12 18:11:24 - [TEST_STEP][PASSED] - doubleClick: Object: 'Object Repository/Final Object Repo/WorkFlow Listing Page/Workflow Found - Listing 1' is double clicked on

2018-12-12 18:11:24 - [MESSAGE][PASSED] - Object: 'Object Repository/Final Object Repo/WorkFlow Listing Page/Workflow Found - Listing 1' is double clicked on

2018-12-12 18:11:24 - [TEST_STEP][PASSED] - Statement - println(OwnerID): null

2018-12-12 18:11:24 - [TEST_STEP][PASSED] - Statement - OwnerID = com.kms.katalon.core.webui.keyword.WebUiBuiltInKeywords.getText(com.kms.katalon.core.testobject.ObjectRepository.findTestObject(Final Object Repo/WorkFlow Listing Page/Workflow Found - Listing 1), STOP_ON_FAILURE): Text of object 'Object Repository/Final Object Repo/WorkFlow Listing Page/Workflow Found - Listing 1' is: 'JOHORuo2'

2018-12-12 18:11:24 - [MESSAGE][PASSED] - Text of object 'Object Repository/Final Object Repo/WorkFlow Listing Page/Workflow Found - Listing 1' is: 'JOHORuo2'

2018-12-12 18:11:24 - [TEST_STEP][PASSED] - Statement - OwnerID = OwnerID.toLowerCase() + "@gmail.com": null

2018-12-12 18:11:24 - [TEST_STEP][PASSED] - Statement - println(OwnerID): null

2018-12-12 18:11:24 - [TEST_STEP][PASSED] - delay: Delayed 2 second(s)

2018-12-12 18:11:26 - [MESSAGE][PASSED] - Delayed 2 second(s)

2018-12-12 18:11:26 - [MESSAGE][PASSED] - Call Test Case 'Test Cases/Final Aug 2018 - PKS Automation/Common/Workflow Owner Finder' successfully

2018-12-12 18:11:26 - [TEST_STEP][PASSED] - delay: Delayed 1 second(s)

2018-12-12 18:11:27 - [MESSAGE][PASSED] - Delayed 1 second(s)

2018-12-12 18:11:27 - [TEST_STEP][PASSED] - navigateToUrl: Navigate to 'https://assist2-uat.perkeso.gov.my/c/portal/logout' successfully

2018-12-12 18:11:28 - [MESSAGE][PASSED] - Navigate to 'https://assist2-uat.perkeso.gov.my/c/portal/logout' successfully

2018-12-12 18:11:28 - [TEST_STEP][PASSED] - delay: Delayed 1 second(s)

2018-12-12 18:11:29 - [MESSAGE][PASSED] - Delayed 1 second(s)

2018-12-12 18:11:29 - [TEST_STEP][PASSED] - callTestCase: Call Test Case 'Test Cases/Final Aug 2018 - PKS Automation/Registration Module/Workflow/Login and Search Case For Workflow' successfully

2018-12-12 18:11:29 - [TEST_CASE][PASSED] - Test Cases/Final Aug 2018 - PKS Automation/Registration Module/Workflow/Login and Search Case For Workflow: Test Cases/Final Aug 2018 - PKS Automation/Registration Module/Workflow/Login and Search Case For Workflow

2018-12-12 18:11:29 - [TEST_STEP][PASSED] - navigateToUrl: Navigate to 'https://assist2-uat.perkeso.gov.my/login' successfully

2018-12-12 18:11:30 - [MESSAGE][PASSED] - Navigate to 'https://assist2-uat.perkeso.gov.my/login' successfully

2018-12-12 18:11:30 - [TEST_STEP][PASSED] - setText: Text 'johoruo2@gmail.com' is set on object 'Object Repository/Final Object Repo/Login Page/Internal User/Email Address'

2018-12-12 18:11:30 - [MESSAGE][PASSED] - Text 'johoruo2@gmail.com' is set on object 'Object Repository/Final Object Repo/Login Page/Internal User/Email Address'

2018-12-12 18:11:30 - [TEST_STEP][PASSED] - click: Object: 'Object Repository/Final Object Repo/Login Page/Internal User/Next Button' is clicked on

2018-12-12 18:11:30 - [MESSAGE][PASSED] - Object: 'Object Repository/Final Object Repo/Login Page/Internal User/Next Button' is clicked on

2018-12-12 18:11:30 - [TEST_STEP][PASSED] - delay: Delayed 1 second(s)

2018-12-12 18:11:31 - [MESSAGE][PASSED] - Delayed 1 second(s)

2018-12-12 18:11:31 - [TEST_STEP][PASSED] - setEncryptedText: Text ****** has been set on object 'Object Repository/Final Object Repo/Login Page/Internal User/Password'

2018-12-12 18:11:32 - [MESSAGE][PASSED] - Text ****** has been set on object 'Object Repository/Final Object Repo/Login Page/Internal User/Password'

2018-12-12 18:11:32 - [TEST_STEP][PASSED] - click: Object: 'Object Repository/Final Object Repo/Login Page/Internal User/Login Button' is clicked on

2018-12-12 18:11:32 - [MESSAGE][PASSED] - Object: 'Object Repository/Final Object Repo/Login Page/Internal User/Login Button' is clicked on

2018-12-12 18:11:32 - [TEST_STEP][PASSED] - delay: Delayed 2 second(s)

2018-12-12 18:11:34 - [MESSAGE][PASSED] - Delayed 2 second(s)

2018-12-12 18:11:34 - [TEST_STEP][PASSED] - Statement - Try: Delayed 2 second(s)

2018-12-12 18:11:34 - [TEST_STEP][PASSED] - Statement - Checker = false: null

2018-12-12 18:11:34 - [TEST_STEP][PASSED] - Statement - Checker = com.kms.katalon.core.webui.keyword.WebUiBuiltInKeywords.verifyElementHasAttribute(com.kms.katalon.core.testobject.ObjectRepository.findTestObject(Final Object Repo/Landing Page/BM Detecting), "href", 20, OPTIONAL): Object 'Object Repository/Final Object Repo/Landing Page/BM Detecting' has attribute 'href'

2018-12-12 18:11:34 - [MESSAGE][PASSED] - Object 'Object Repository/Final Object Repo/Landing Page/BM Detecting' has attribute 'href'

2018-12-12 18:11:34 - [TEST_STEP][PASSED] - Statement - out.println(Checker): null

2018-12-12 18:11:34 - [TEST_STEP][PASSED] - Statement - If (Checker == false): null

2018-12-12 18:11:34 - [TEST_STEP][PASSED] - Statement - Else: null

2018-12-12 18:11:34 - [TEST_STEP][PASSED] - delay: Delayed 2 second(s)

2018-12-12 18:11:36 - [MESSAGE][PASSED] - Delayed 2 second(s)

2018-12-12 18:11:36 - [TEST_STEP][PASSED] - click: Object: 'Object Repository/Final Object Repo/Page_MyASSIST - ASSIST - Search Pending Case For Add Supporting Document/Search Information' is clicked on

2018-12-12 18:11:36 - [MESSAGE][PASSED] - Object: 'Object Repository/Final Object Repo/Page_MyASSIST - ASSIST - Search Pending Case For Add Supporting Document/Search Information' is clicked on

2018-12-12 18:11:36 - [TEST_STEP][PASSED] - delay: Delayed 3 second(s)

2018-12-12 18:11:39 - [MESSAGE][PASSED] - Delayed 3 second(s)

2018-12-12 18:11:39 - [TEST_STEP][PASSED] - sendKeys: Keys 'ERN122018C200002410' sent to object: 'Object Repository/Final Object Repo/Page_MyASSIST - ASSIST - Search Pending Case For Add Supporting Document/Reference No'

2018-12-12 18:11:39 - [MESSAGE][PASSED] - Keys 'ERN122018C200002410' sent to object: 'Object Repository/Final Object Repo/Page_MyASSIST - ASSIST - Search Pending Case For Add Supporting Document/Reference No'

2018-12-12 18:11:39 - [TEST_STEP][PASSED] - click: Object: 'Object Repository/Final Object Repo/Page_MyASSIST - ASSIST - Search Pending Case For Add Supporting Document/Search Reference No' is clicked on

2018-12-12 18:11:39 - [MESSAGE][PASSED] - Object: 'Object Repository/Final Object Repo/Page_MyASSIST - ASSIST - Search Pending Case For Add Supporting Document/Search Reference No' is clicked on

2018-12-12 18:11:39 - [TEST_STEP][PASSED] - delay: Delayed 2 second(s)

2018-12-12 18:11:41 - [MESSAGE][PASSED] - Delayed 2 second(s)

2018-12-12 18:11:41 - [TEST_STEP][PASSED] - click: Object: 'Object Repository/Final Object Repo/Page_MyASSIST - ASSIST - Search Pending Case For Add Supporting Document/Continue' is clicked on

2018-12-12 18:11:44 - [MESSAGE][PASSED] - Object: 'Object Repository/Final Object Repo/Page_MyASSIST - ASSIST - Search Pending Case For Add Supporting Document/Continue' is clicked on

2018-12-12 18:11:44 - [TEST_STEP][PASSED] - delay: Delayed 20 second(s)

2018-12-12 18:12:04 - [MESSAGE][PASSED] - Delayed 20 second(s)

2018-12-12 18:12:04 - [MESSAGE][PASSED] - Call Test Case 'Test Cases/Final Aug 2018 - PKS Automation/Registration Module/Workflow/Login and Search Case For Workflow' successfully

2018-12-12 18:12:04 - [TEST_STEP][PASSED] - click: Object: 'Object Repository/Final Object Repo/Page_Form 3 EIS - Cessation as Employer/Page_Form 3 EIS - Cessation as Employer (Approve)/Save  Continue in Form 3 Page' is clicked on

2018-12-12 18:12:05 - [MESSAGE][PASSED] - Object: 'Object Repository/Final Object Repo/Page_Form 3 EIS - Cessation as Employer/Page_Form 3 EIS - Cessation as Employer (Approve)/Save  Continue in Form 3 Page' is clicked on

2018-12-12 18:12:05 - [TEST_STEP][PASSED] - delay: Delayed 4 second(s)

2018-12-12 18:12:09 - [MESSAGE][PASSED] - Delayed 4 second(s)

2018-12-12 18:12:09 - [TEST_STEP][PASSED] - click: Object: 'Object Repository/Final Object Repo/Page_Form 3 EIS - Cessation as Employer/Page_Form 3 EIS - Cessation as Employer (Approve)/Save  Continue in Resigned Page' is clicked on

2018-12-12 18:12:09 - [MESSAGE][PASSED] - Object: 'Object Repository/Final Object Repo/Page_Form 3 EIS - Cessation as Employer/Page_Form 3 EIS - Cessation as Employer (Approve)/Save  Continue in Resigned Page' is clicked on

2018-12-12 18:12:09 - [TEST_STEP][PASSED] - delay: Delayed 2 second(s)

2018-12-12 18:12:11 - [MESSAGE][PASSED] - Delayed 2 second(s)

2018-12-12 18:12:11 - [TEST_STEP][PASSED] - setText: Text 'Remark' is set on object 'Object Repository/Final Object Repo/Page_Form 3 EIS - Cessation as Employer/Page_Form 3 EIS - Cessation as Employer (Query)/Query - Remark'

2018-12-12 18:12:12 - [MESSAGE][PASSED] - Text 'Remark' is set on object 'Object Repository/Final Object Repo/Page_Form 3 EIS - Cessation as Employer/Page_Form 3 EIS - Cessation as Employer (Query)/Query - Remark'

2018-12-12 18:12:12 - [TEST_STEP][PASSED] - delay: Delayed 2 second(s)

2018-12-12 18:12:14 - [MESSAGE][PASSED] - Delayed 2 second(s)

2018-12-12 18:12:14 - [TEST_STEP][PASSED] - click: Object: 'Object Repository/Final Object Repo/Page_Form 3 EIS - Cessation as Employer/Page_Form 3 EIS - Cessation as Employer (Query)/Save  Continue' is clicked on

2018-12-12 18:12:14 - [MESSAGE][PASSED] - Object: 'Object Repository/Final Object Repo/Page_Form 3 EIS - Cessation as Employer/Page_Form 3 EIS - Cessation as Employer (Query)/Save  Continue' is clicked on

2018-12-12 18:12:14 - [TEST_STEP][PASSED] - delay: Delayed 2 second(s)

2018-12-12 18:12:16 - [MESSAGE][PASSED] - Delayed 2 second(s)

2018-12-12 18:12:16 - [TEST_STEP][PASSED] - click: Object: 'Object Repository/Final Object Repo/Page_Form 3 EIS - Cessation as Employer/Page_Form 3 EIS - Cessation as Employer (Query)/Query' is clicked on

2018-12-12 18:12:19 - [MESSAGE][PASSED] - Object: 'Object Repository/Final Object Repo/Page_Form 3 EIS - Cessation as Employer/Page_Form 3 EIS - Cessation as Employer (Query)/Query' is clicked on

2018-12-12 18:12:19 - [TEST_STEP][PASSED] - delay: Delayed 2 second(s)

2018-12-12 18:12:21 - [MESSAGE][PASSED] - Delayed 2 second(s)

2018-12-12 18:12:21 - [TEST_STEP][PASSED] - click: Object: 'Object Repository/Final Object Repo/Page_Form 3 EIS - Cessation as Employer/Page_Form 3 EIS - Cessation as Employer (Query)/Confirm' is clicked on

2018-12-12 18:12:27 - [MESSAGE][PASSED] - Object: 'Object Repository/Final Object Repo/Page_Form 3 EIS - Cessation as Employer/Page_Form 3 EIS - Cessation as Employer (Query)/Confirm' is clicked on

2018-12-12 18:12:27 - [TEST_STEP][PASSED] - delay: Delayed 2 second(s)

2018-12-12 18:12:29 - [MESSAGE][PASSED] - Delayed 2 second(s)

2018-12-12 18:12:29 - [TEST_STEP][PASSED] - click: Object: 'Object Repository/Final Object Repo/Page_Form 3 EIS - Cessation as Employer/Page_Form 3 EIS - Cessation as Employer (Query)/Message The Case Is Under Query' is clicked on

2018-12-12 18:12:29 - [MESSAGE][PASSED] - Object: 'Object Repository/Final Object Repo/Page_Form 3 EIS - Cessation as Employer/Page_Form 3 EIS - Cessation as Employer (Query)/Message The Case Is Under Query' is clicked on

2018-12-12 18:12:29 - [TEST_STEP][PASSED] - click: Object: 'Object Repository/Final Object Repo/Page_Form 3 EIS - Cessation as Employer/Page_Form 3 EIS - Cessation as Employer (Query)/Letter of inquiry' is clicked on

2018-12-12 18:12:30 - [MESSAGE][PASSED] - Object: 'Object Repository/Final Object Repo/Page_Form 3 EIS - Cessation as Employer/Page_Form 3 EIS - Cessation as Employer (Query)/Letter of inquiry' is clicked on

2018-12-12 18:12:30 - [TEST_STEP][PASSED] - delay: Delayed 1 second(s)

2018-12-12 18:12:31 - [MESSAGE][PASSED] - Delayed 1 second(s)

2018-12-12 18:12:31 - [TEST_STEP][PASSED] - navigateToUrl: Navigate to 'https://assist2-uat.perkeso.gov.my/c/portal/logout' successfully

2018-12-12 18:12:32 - [MESSAGE][PASSED] - Navigate to 'https://assist2-uat.perkeso.gov.my/c/portal/logout' successfully

2018-12-12 18:12:32 - [TEST_STEP][PASSED] - delay: Delayed 1 second(s)

2018-12-12 18:12:33 - [MESSAGE][PASSED] - Delayed 1 second(s)

2018-12-12 18:12:33 - [TEST_STEP][PASSED] - callTestCase: Call Test Case 'Test Cases/Final Aug 2018 - PKS Automation/Registration Module/Workflow/Login and Search Case For Workflow' successfully

2018-12-12 18:12:33 - [TEST_CASE][PASSED] - Test Cases/Final Aug 2018 - PKS Automation/Registration Module/Workflow/Login and Search Case For Workflow: Test Cases/Final Aug 2018 - PKS Automation/Registration Module/Workflow/Login and Search Case For Workflow

2018-12-12 18:12:33 - [TEST_STEP][PASSED] - navigateToUrl: Navigate to 'https://assist2-uat.perkeso.gov.my/login' successfully

2018-12-12 18:12:33 - [MESSAGE][PASSED] - Navigate to 'https://assist2-uat.perkeso.gov.my/login' successfully

2018-12-12 18:12:33 - [TEST_STEP][PASSED] - setText: Text 'johoruo2@gmail.com' is set on object 'Object Repository/Final Object Repo/Login Page/Internal User/Email Address'

2018-12-12 18:12:34 - [MESSAGE][PASSED] - Text 'johoruo2@gmail.com' is set on object 'Object Repository/Final Object Repo/Login Page/Internal User/Email Address'

2018-12-12 18:12:34 - [TEST_STEP][PASSED] - click: Object: 'Object Repository/Final Object Repo/Login Page/Internal User/Next Button' is clicked on

2018-12-12 18:12:34 - [MESSAGE][PASSED] - Object: 'Object Repository/Final Object Repo/Login Page/Internal User/Next Button' is clicked on

2018-12-12 18:12:34 - [TEST_STEP][PASSED] - delay: Delayed 1 second(s)

2018-12-12 18:12:35 - [MESSAGE][PASSED] - Delayed 1 second(s)

2018-12-12 18:12:35 - [TEST_STEP][PASSED] - setEncryptedText: Text ****** has been set on object 'Object Repository/Final Object Repo/Login Page/Internal User/Password'

2018-12-12 18:12:35 - [MESSAGE][PASSED] - Text ****** has been set on object 'Object Repository/Final Object Repo/Login Page/Internal User/Password'

2018-12-12 18:12:35 - [TEST_STEP][PASSED] - click: Object: 'Object Repository/Final Object Repo/Login Page/Internal User/Login Button' is clicked on

2018-12-12 18:12:35 - [MESSAGE][PASSED] - Object: 'Object Repository/Final Object Repo/Login Page/Internal User/Login Button' is clicked on

2018-12-12 18:12:35 - [TEST_STEP][PASSED] - delay: Delayed 2 second(s)

2018-12-12 18:12:37 - [MESSAGE][PASSED] - Delayed 2 second(s)

2018-12-12 18:12:37 - [TEST_STEP][PASSED] - Statement - Try: Delayed 2 second(s)

2018-12-12 18:12:37 - [TEST_STEP][PASSED] - Statement - Checker = false: null

2018-12-12 18:12:37 - [TEST_STEP][PASSED] - Statement - Checker = com.kms.katalon.core.webui.keyword.WebUiBuiltInKeywords.verifyElementHasAttribute(com.kms.katalon.core.testobject.ObjectRepository.findTestObject(Final Object Repo/Landing Page/BM Detecting), "href", 20, OPTIONAL): Object 'Object Repository/Final Object Repo/Landing Page/BM Detecting' has attribute 'href'

2018-12-12 18:12:37 - [MESSAGE][PASSED] - Object 'Object Repository/Final Object Repo/Landing Page/BM Detecting' has attribute 'href'

2018-12-12 18:12:37 - [TEST_STEP][PASSED] - Statement - out.println(Checker): null

2018-12-12 18:12:37 - [TEST_STEP][PASSED] - Statement - If (Checker == false): null

2018-12-12 18:12:37 - [TEST_STEP][PASSED] - Statement - Else: null

2018-12-12 18:12:37 - [TEST_STEP][PASSED] - delay: Delayed 2 second(s)

2018-12-12 18:12:39 - [MESSAGE][PASSED] - Delayed 2 second(s)

2018-12-12 18:12:39 - [TEST_STEP][PASSED] - click: Object: 'Object Repository/Final Object Repo/Page_MyASSIST - ASSIST - Search Pending Case For Add Supporting Document/Search Information' is clicked on

2018-12-12 18:12:39 - [MESSAGE][PASSED] - Object: 'Object Repository/Final Object Repo/Page_MyASSIST - ASSIST - Search Pending Case For Add Supporting Document/Search Information' is clicked on

2018-12-12 18:12:39 - [TEST_STEP][PASSED] - delay: Delayed 3 second(s)

2018-12-12 18:12:42 - [MESSAGE][PASSED] - Delayed 3 second(s)

2018-12-12 18:12:42 - [TEST_STEP][PASSED] - sendKeys: Keys 'ERN122018C200002410' sent to object: 'Object Repository/Final Object Repo/Page_MyASSIST - ASSIST - Search Pending Case For Add Supporting Document/Reference No'

2018-12-12 18:12:43 - [MESSAGE][PASSED] - Keys 'ERN122018C200002410' sent to object: 'Object Repository/Final Object Repo/Page_MyASSIST - ASSIST - Search Pending Case For Add Supporting Document/Reference No'

2018-12-12 18:12:43 - [TEST_STEP][PASSED] - click: Object: 'Object Repository/Final Object Repo/Page_MyASSIST - ASSIST - Search Pending Case For Add Supporting Document/Search Reference No' is clicked on

2018-12-12 18:12:43 - [MESSAGE][PASSED] - Object: 'Object Repository/Final Object Repo/Page_MyASSIST - ASSIST - Search Pending Case For Add Supporting Document/Search Reference No' is clicked on

2018-12-12 18:12:43 - [TEST_STEP][PASSED] - delay: Delayed 2 second(s)

2018-12-12 18:12:45 - [MESSAGE][PASSED] - Delayed 2 second(s)

2018-12-12 18:12:45 - [TEST_STEP][PASSED] - click: Object: 'Object Repository/Final Object Repo/Page_MyASSIST - ASSIST - Search Pending Case For Add Supporting Document/Continue' is clicked on

2018-12-12 18:12:48 - [MESSAGE][PASSED] - Object: 'Object Repository/Final Object Repo/Page_MyASSIST - ASSIST - Search Pending Case For Add Supporting Document/Continue' is clicked on

2018-12-12 18:12:48 - [TEST_STEP][PASSED] - delay: Delayed 20 second(s)

2018-12-12 18:13:08 - [MESSAGE][PASSED] - Delayed 20 second(s)

2018-12-12 18:13:08 - [MESSAGE][PASSED] - Call Test Case 'Test Cases/Final Aug 2018 - PKS Automation/Registration Module/Workflow/Login and Search Case For Workflow' successfully

2018-12-12 18:13:08 - [TEST_STEP][PASSED] - navigateToUrl: Navigate to 'https://assist2-uat.perkeso.gov.my/web/registration/eis-update/form-3-eis-cessation-as-employer?p_p_id=searchforemployersip_WAR_registrationportlet&p_p_lifecycle=0&_searchforemployersip_WAR_registrationportlet_regViewKey=87&_searchforemployersip_WAR_registrationportlet_browserIdKey=1536115932192&_searchforemployersip_WAR_registrationportlet_tempEmployerIdKey=128990&_searchforemployersip_WAR_registrationportlet_employerIdKey=&_searchforemployersip_WAR_registrationportlet_refCaseNo=ERN092018C200002133&_searchforemployersip_WAR_registrationportlet_mvcPath=%2Fapps%2Freg%2Fdiscontinue_business_sip%2Fdiscontinue_business_sip_form.jsp&_searchforemployersip_WAR_registrationportlet_regSectionKey=215' successfully

2018-12-12 18:13:11 - [MESSAGE][PASSED] - Navigate to 'https://assist2-uat.perkeso.gov.my/web/registration/eis-update/form-3-eis-cessation-as-employer?p_p_id=searchforemployersip_WAR_registrationportlet&p_p_lifecycle=0&_searchforemployersip_WAR_registrationportlet_regViewKey=87&_searchforemployersip_WAR_registrationportlet_browserIdKey=1536115932192&_searchforemployersip_WAR_registrationportlet_tempEmployerIdKey=128990&_searchforemployersip_WAR_registrationportlet_employerIdKey=&_searchforemployersip_WAR_registrationportlet_refCaseNo=ERN092018C200002133&_searchforemployersip_WAR_registrationportlet_mvcPath=%2Fapps%2Freg%2Fdiscontinue_business_sip%2Fdiscontinue_business_sip_form.jsp&_searchforemployersip_WAR_registrationportlet_regSectionKey=215' successfully

2018-12-12 18:13:11 - [TEST_STEP][PASSED] - delay: Delayed 5 second(s)

2018-12-12 18:13:16 - [MESSAGE][PASSED] - Delayed 5 second(s)

2018-12-12 18:13:16 - [TEST_STEP][PASSED] - click: Object: 'Object Repository/Final Object Repo/Page_Form 3 EIS - Cessation as Employer/Page_Form 3 EIS - Cessation as Employer (Query - OTC - UO)/Next' is clicked on

2018-12-12 18:13:18 - [MESSAGE][PASSED] - Object: 'Object Repository/Final Object Repo/Page_Form 3 EIS - Cessation as Employer/Page_Form 3 EIS - Cessation as Employer (Query - OTC - UO)/Next' is clicked on

2018-12-12 18:13:18 - [TEST_STEP][PASSED] - delay: Delayed 2 second(s)

2018-12-12 18:13:20 - [MESSAGE][PASSED] - Delayed 2 second(s)

2018-12-12 18:13:20 - [TEST_STEP][PASSED] - click: Object: 'Object Repository/Final Object Repo/Page_Form 3 EIS - Cessation as Employer/Page_Form 3 EIS - Cessation as Employer (Query - OTC - UO)/Next in Resigned Page' is clicked on

2018-12-12 18:13:23 - [MESSAGE][PASSED] - Object: 'Object Repository/Final Object Repo/Page_Form 3 EIS - Cessation as Employer/Page_Form 3 EIS - Cessation as Employer (Query - OTC - UO)/Next in Resigned Page' is clicked on

2018-12-12 18:13:23 - [TEST_STEP][PASSED] - delay: Delayed 2 second(s)

2018-12-12 18:13:25 - [MESSAGE][PASSED] - Delayed 2 second(s)

2018-12-12 18:13:25 - [TEST_STEP][PASSED] - click: Object: 'Object Repository/Final Object Repo/Page_Form 3 EIS - Cessation as Employer/Page_Form 3 EIS - Cessation as Employer (Query - OTC - UO)/Add Document' is clicked on

2018-12-12 18:13:25 - [MESSAGE][PASSED] - Object: 'Object Repository/Final Object Repo/Page_Form 3 EIS - Cessation as Employer/Page_Form 3 EIS - Cessation as Employer (Query - OTC - UO)/Add Document' is clicked on

2018-12-12 18:13:25 - [TEST_STEP][PASSED] - delay: Delayed 2 second(s)

2018-12-12 18:13:27 - [MESSAGE][PASSED] - Delayed 2 second(s)

2018-12-12 18:13:27 - [TEST_STEP][PASSED] - click: Object: 'Object Repository/Final Object Repo/Page_Form 3 EIS - Cessation as Employer/Page_Form 3 EIS - Cessation as Employer (Query - OTC - UO)/Document Type' is clicked on

2018-12-12 18:13:28 - [MESSAGE][PASSED] - Object: 'Object Repository/Final Object Repo/Page_Form 3 EIS - Cessation as Employer/Page_Form 3 EIS - Cessation as Employer (Query - OTC - UO)/Document Type' is clicked on

2018-12-12 18:13:28 - [TEST_STEP][PASSED] - delay: Delayed 2 second(s)

2018-12-12 18:13:30 - [MESSAGE][PASSED] - Delayed 2 second(s)

2018-12-12 18:13:30 - [TEST_STEP][PASSED] - click: Object: 'Object Repository/Final Object Repo/Page_Form 3 EIS - Cessation as Employer/Page_Form 3 EIS - Cessation as Employer (Query - OTC - UO)/Document Type - Others' is clicked on

2018-12-12 18:13:30 - [MESSAGE][PASSED] - Object: 'Object Repository/Final Object Repo/Page_Form 3 EIS - Cessation as Employer/Page_Form 3 EIS - Cessation as Employer (Query - OTC - UO)/Document Type - Others' is clicked on

2018-12-12 18:13:30 - [TEST_STEP][PASSED] - delay: Delayed 2 second(s)

2018-12-12 18:13:32 - [MESSAGE][PASSED] - Delayed 2 second(s)

2018-12-12 18:13:32 - [TEST_STEP][PASSED] - sendKeys: Keys 'C:\Users\Public\Pictures\Sample Pictures\Koala.jpg' sent to object: 'Object Repository/Final Object Repo/Page_Form 3 EIS - Cessation as Employer/Page_Form 3 EIS - Cessation as Employer (Query - OTC - UO)/ploading File'

2018-12-12 18:13:33 - [MESSAGE][PASSED] - Keys 'C:\Users\Public\Pictures\Sample Pictures\Koala.jpg' sent to object: 'Object Repository/Final Object Repo/Page_Form 3 EIS - Cessation as Employer/Page_Form 3 EIS - Cessation as Employer (Query - OTC - UO)/ploading File'

2018-12-12 18:13:33 - [TEST_STEP][PASSED] - delay: Delayed 2 second(s)

2018-12-12 18:13:35 - [MESSAGE][PASSED] - Delayed 2 second(s)

2018-12-12 18:13:35 - [TEST_STEP][PASSED] - click: Object: 'Object Repository/Final Object Repo/Page_Form 3 EIS - Cessation as Employer/Page_Form 3 EIS - Cessation as Employer (Query - OTC - UO)/Add Document in Uploading Page' is clicked on

2018-12-12 18:13:35 - [MESSAGE][PASSED] - Object: 'Object Repository/Final Object Repo/Page_Form 3 EIS - Cessation as Employer/Page_Form 3 EIS - Cessation as Employer (Query - OTC - UO)/Add Document in Uploading Page' is clicked on

2018-12-12 18:13:35 - [TEST_STEP][PASSED] - delay: Delayed 2 second(s)

2018-12-12 18:13:37 - [MESSAGE][PASSED] - Delayed 2 second(s)

2018-12-12 18:13:37 - [TEST_STEP][PASSED] - click: Object: 'Object Repository/Final Object Repo/Page_Form 3 EIS - Cessation as Employer/Page_Form 3 EIS - Cessation as Employer (Query - OTC - UO)/Exit' is clicked on

2018-12-12 18:13:39 - [MESSAGE][PASSED] - Object: 'Object Repository/Final Object Repo/Page_Form 3 EIS - Cessation as Employer/Page_Form 3 EIS - Cessation as Employer (Query - OTC - UO)/Exit' is clicked on

2018-12-12 18:13:39 - [TEST_STEP][PASSED] - delay: Delayed 1 second(s)

2018-12-12 18:13:40 - [MESSAGE][PASSED] - Delayed 1 second(s)

2018-12-12 18:13:40 - [TEST_STEP][PASSED] - navigateToUrl: Navigate to 'https://assist2-uat.perkeso.gov.my/c/portal/logout' successfully

2018-12-12 18:13:41 - [MESSAGE][PASSED] - Navigate to 'https://assist2-uat.perkeso.gov.my/c/portal/logout' successfully

2018-12-12 18:13:41 - [TEST_STEP][PASSED] - delay: Delayed 1 second(s)

2018-12-12 18:13:42 - [MESSAGE][PASSED] - Delayed 1 second(s)

2018-12-12 18:13:42 - [TEST_STEP][PASSED] - callTestCase: Call Test Case 'Test Cases/Final Aug 2018 - PKS Automation/Registration Module/Workflow/Login and Search Case For Workflow' successfully

2018-12-12 18:13:42 - [TEST_CASE][PASSED] - Test Cases/Final Aug 2018 - PKS Automation/Registration Module/Workflow/Login and Search Case For Workflow: Test Cases/Final Aug 2018 - PKS Automation/Registration Module/Workflow/Login and Search Case For Workflow

2018-12-12 18:13:42 - [TEST_STEP][PASSED] - navigateToUrl: Navigate to 'https://assist2-uat.perkeso.gov.my/login' successfully

2018-12-12 18:13:43 - [MESSAGE][PASSED] - Navigate to 'https://assist2-uat.perkeso.gov.my/login' successfully

2018-12-12 18:13:43 - [TEST_STEP][PASSED] - setText: Text 'johoruo2@gmail.com' is set on object 'Object Repository/Final Object Repo/Login Page/Internal User/Email Address'

2018-12-12 18:13:43 - [MESSAGE][PASSED] - Text 'johoruo2@gmail.com' is set on object 'Object Repository/Final Object Repo/Login Page/Internal User/Email Address'

2018-12-12 18:13:43 - [TEST_STEP][PASSED] - click: Object: 'Object Repository/Final Object Repo/Login Page/Internal User/Next Button' is clicked on

2018-12-12 18:13:43 - [MESSAGE][PASSED] - Object: 'Object Repository/Final Object Repo/Login Page/Internal User/Next Button' is clicked on

2018-12-12 18:13:43 - [TEST_STEP][PASSED] - delay: Delayed 1 second(s)

2018-12-12 18:13:44 - [MESSAGE][PASSED] - Delayed 1 second(s)

2018-12-12 18:13:44 - [TEST_STEP][PASSED] - setEncryptedText: Text ****** has been set on object 'Object Repository/Final Object Repo/Login Page/Internal User/Password'

2018-12-12 18:13:44 - [MESSAGE][PASSED] - Text ****** has been set on object 'Object Repository/Final Object Repo/Login Page/Internal User/Password'

2018-12-12 18:13:44 - [TEST_STEP][PASSED] - click: Object: 'Object Repository/Final Object Repo/Login Page/Internal User/Login Button' is clicked on

2018-12-12 18:13:45 - [MESSAGE][PASSED] - Object: 'Object Repository/Final Object Repo/Login Page/Internal User/Login Button' is clicked on

2018-12-12 18:13:45 - [TEST_STEP][PASSED] - delay: Delayed 2 second(s)

2018-12-12 18:13:47 - [MESSAGE][PASSED] - Delayed 2 second(s)

2018-12-12 18:13:47 - [TEST_STEP][PASSED] - Statement - Try: Delayed 2 second(s)

2018-12-12 18:13:47 - [TEST_STEP][PASSED] - Statement - Checker = false: null

2018-12-12 18:13:47 - [TEST_STEP][PASSED] - Statement - Checker = com.kms.katalon.core.webui.keyword.WebUiBuiltInKeywords.verifyElementHasAttribute(com.kms.katalon.core.testobject.ObjectRepository.findTestObject(Final Object Repo/Landing Page/BM Detecting), "href", 20, OPTIONAL): Object 'Object Repository/Final Object Repo/Landing Page/BM Detecting' has attribute 'href'

2018-12-12 18:13:47 - [MESSAGE][PASSED] - Object 'Object Repository/Final Object Repo/Landing Page/BM Detecting' has attribute 'href'

2018-12-12 18:13:47 - [TEST_STEP][PASSED] - Statement - out.println(Checker): null

2018-12-12 18:13:47 - [TEST_STEP][PASSED] - Statement - If (Checker == false): null

2018-12-12 18:13:47 - [TEST_STEP][PASSED] - Statement - Else: null

2018-12-12 18:13:47 - [TEST_STEP][PASSED] - delay: Delayed 2 second(s)

2018-12-12 18:13:49 - [MESSAGE][PASSED] - Delayed 2 second(s)

2018-12-12 18:13:49 - [TEST_STEP][PASSED] - click: Object: 'Object Repository/Final Object Repo/Page_MyASSIST - ASSIST - Search Pending Case For Add Supporting Document/Search Information' is clicked on

2018-12-12 18:13:49 - [MESSAGE][PASSED] - Object: 'Object Repository/Final Object Repo/Page_MyASSIST - ASSIST - Search Pending Case For Add Supporting Document/Search Information' is clicked on

2018-12-12 18:13:49 - [TEST_STEP][PASSED] - delay: Delayed 3 second(s)

2018-12-12 18:13:52 - [MESSAGE][PASSED] - Delayed 3 second(s)

2018-12-12 18:13:52 - [TEST_STEP][PASSED] - sendKeys: Keys 'ERN122018C200002410' sent to object: 'Object Repository/Final Object Repo/Page_MyASSIST - ASSIST - Search Pending Case For Add Supporting Document/Reference No'

2018-12-12 18:13:52 - [MESSAGE][PASSED] - Keys 'ERN122018C200002410' sent to object: 'Object Repository/Final Object Repo/Page_MyASSIST - ASSIST - Search Pending Case For Add Supporting Document/Reference No'

2018-12-12 18:13:52 - [TEST_STEP][PASSED] - click: Object: 'Object Repository/Final Object Repo/Page_MyASSIST - ASSIST - Search Pending Case For Add Supporting Document/Search Reference No' is clicked on

2018-12-12 18:13:52 - [MESSAGE][PASSED] - Object: 'Object Repository/Final Object Repo/Page_MyASSIST - ASSIST - Search Pending Case For Add Supporting Document/Search Reference No' is clicked on

2018-12-12 18:13:52 - [TEST_STEP][PASSED] - delay: Delayed 2 second(s)

2018-12-12 18:13:54 - [MESSAGE][PASSED] - Delayed 2 second(s)

2018-12-12 18:13:54 - [TEST_STEP][PASSED] - click: Object: 'Object Repository/Final Object Repo/Page_MyASSIST - ASSIST - Search Pending Case For Add Supporting Document/Continue' is clicked on

2018-12-12 18:13:57 - [MESSAGE][PASSED] - Object: 'Object Repository/Final Object Repo/Page_MyASSIST - ASSIST - Search Pending Case For Add Supporting Document/Continue' is clicked on

2018-12-12 18:13:57 - [TEST_STEP][PASSED] - delay: Delayed 20 second(s)

2018-12-12 18:14:17 - [MESSAGE][PASSED] - Delayed 20 second(s)

2018-12-12 18:14:17 - [MESSAGE][PASSED] - Call Test Case 'Test Cases/Final Aug 2018 - PKS Automation/Registration Module/Workflow/Login and Search Case For Workflow' successfully

2018-12-12 18:14:17 - [TEST_STEP][PASSED] - click: Object: 'Object Repository/Final Object Repo/Page_Form 3 EIS - Cessation as Employer/Page_Form 3 EIS - Cessation as Employer (Approve)/Save  Continue in Form 3 Page' is clicked on

2018-12-12 18:14:18 - [MESSAGE][PASSED] - Object: 'Object Repository/Final Object Repo/Page_Form 3 EIS - Cessation as Employer/Page_Form 3 EIS - Cessation as Employer (Approve)/Save  Continue in Form 3 Page' is clicked on

2018-12-12 18:14:18 - [TEST_STEP][PASSED] - delay: Delayed 2 second(s)

2018-12-12 18:14:20 - [MESSAGE][PASSED] - Delayed 2 second(s)

2018-12-12 18:14:20 - [TEST_STEP][PASSED] - click: Object: 'Object Repository/Final Object Repo/Page_Form 3 EIS - Cessation as Employer/Page_Form 3 EIS - Cessation as Employer (Approve)/Save  Continue in Resigned Page' is clicked on

2018-12-12 18:14:20 - [MESSAGE][PASSED] - Object: 'Object Repository/Final Object Repo/Page_Form 3 EIS - Cessation as Employer/Page_Form 3 EIS - Cessation as Employer (Approve)/Save  Continue in Resigned Page' is clicked on

2018-12-12 18:14:20 - [TEST_STEP][PASSED] - delay: Delayed 2 second(s)

2018-12-12 18:14:22 - [MESSAGE][PASSED] - Delayed 2 second(s)

2018-12-12 18:14:22 - [TEST_STEP][PASSED] - click: Object: 'Object Repository/Final Object Repo/Page_Form 3 EIS - Cessation as Employer/Page_Form 3 EIS - Cessation as Employer (Approve)/Save  Continue in Uploading Page' is clicked on

2018-12-12 18:14:23 - [MESSAGE][PASSED] - Object: 'Object Repository/Final Object Repo/Page_Form 3 EIS - Cessation as Employer/Page_Form 3 EIS - Cessation as Employer (Approve)/Save  Continue in Uploading Page' is clicked on

2018-12-12 18:14:23 - [TEST_STEP][PASSED] - delay: Delayed 2 second(s)

2018-12-12 18:14:25 - [MESSAGE][PASSED] - Delayed 2 second(s)

2018-12-12 18:14:25 - [TEST_STEP][PASSED] - click: Object: 'Object Repository/Final Object Repo/Page_Form 3 EIS - Cessation as Employer/Page_Form 3 EIS - Cessation as Employer (Reject)/Reject' is clicked on

2018-12-12 18:14:27 - [MESSAGE][PASSED] - Object: 'Object Repository/Final Object Repo/Page_Form 3 EIS - Cessation as Employer/Page_Form 3 EIS - Cessation as Employer (Reject)/Reject' is clicked on

2018-12-12 18:14:27 - [TEST_STEP][PASSED] - delay: Delayed 2 second(s)

2018-12-12 18:14:29 - [MESSAGE][PASSED] - Delayed 2 second(s)

2018-12-12 18:14:29 - [TEST_STEP][PASSED] - click: Object: 'Object Repository/Final Object Repo/Page_Form 3 EIS - Cessation as Employer/Page_Form 3 EIS - Cessation as Employer (Reject)/Confirm' is clicked on

2018-12-12 18:14:30 - [MESSAGE][PASSED] - Object: 'Object Repository/Final Object Repo/Page_Form 3 EIS - Cessation as Employer/Page_Form 3 EIS - Cessation as Employer (Reject)/Confirm' is clicked on

2018-12-12 18:14:30 - [TEST_STEP][PASSED] - delay: Delayed 2 second(s)

2018-12-12 18:14:32 - [MESSAGE][PASSED] - Delayed 2 second(s)

2018-12-12 18:14:32 - [TEST_STEP][PASSED] - click: Object: 'Object Repository/Final Object Repo/Page_Form 3 EIS - Cessation as Employer/Page_Form 3 EIS - Cessation as Employer (Reject)/Message This Case has been Rejected' is clicked on

2018-12-12 18:14:35 - [MESSAGE][PASSED] - Object: 'Object Repository/Final Object Repo/Page_Form 3 EIS - Cessation as Employer/Page_Form 3 EIS - Cessation as Employer (Reject)/Message This Case has been Rejected' is clicked on

2018-12-12 18:14:35 - [TEST_STEP][PASSED] - click: Object: 'Object Repository/Final Object Repo/Page_Form 3 EIS - Cessation as Employer/Page_Form 3 EIS - Cessation as Employer (Reject)/Letter of update rejection' is clicked on

2018-12-12 18:14:36 - [MESSAGE][PASSED] - Object: 'Object Repository/Final Object Repo/Page_Form 3 EIS - Cessation as Employer/Page_Form 3 EIS - Cessation as Employer (Reject)/Letter of update rejection' is clicked on

2018-12-12 18:14:36 - [MESSAGE][PASSED] - Call Test Case 'Test Cases/Final Aug 2018 - PKS Automation/Registration Module/Workflow/Form 3 EIS - Cessation As Employer/Template/Form 3 A - Cessation As Employer (Query)' successfully]]></system-out>
         <system-err><![CDATA[]]></system-err>
      </testcase>
      <testcase name="Test Cases/Final Aug 2018 - PKS Automation/Registration Module/Workflow/Form 3 EIS - Cessation As Employer/PKRBO to UO (Reject)" classname="Test Cases/Final Aug 2018 - PKS Automation/Registration Module/Workflow/Form 3 EIS - Cessation As Employer/PKRBO to UO (Reject)" status="PASSED">
         <system-out><![CDATA[2018-12-12 18:14:36 - [TEST_CASE][PASSED] - Test Cases/Final Aug 2018 - PKS Automation/Registration Module/Workflow/Form 3 EIS - Cessation As Employer/PKRBO to UO (Reject): Test Cases/Final Aug 2018 - PKS Automation/Registration Module/Workflow/Form 3 EIS - Cessation As Employer/PKRBO to UO (Reject)

2018-12-12 18:14:36 - [TEST_STEP][PASSED] - callTestCase: Call Test Case 'Test Cases/Final Aug 2018 - PKS Automation/Registration Module/Workflow/Form 3 EIS - Cessation As Employer/Template/Form 3 A - Cessation As Employer (PKRBO)' successfully

2018-12-12 18:14:36 - [TEST_CASE][PASSED] - Test Cases/Final Aug 2018 - PKS Automation/Registration Module/Workflow/Form 3 EIS - Cessation As Employer/Template/Form 3 A - Cessation As Employer (PKRBO): Test Cases/Final Aug 2018 - PKS Automation/Registration Module/Workflow/Form 3 EIS - Cessation As Employer/Template/Form 3 A - Cessation As Employer (PKRBO)

2018-12-12 18:14:36 - [TEST_STEP][PASSED] - openBrowser: Browser is opened with url: ''

2018-12-12 18:14:36 - [MESSAGE][WARNING] - A browser is already opened. Closing browser and opening a new one

2018-12-12 18:14:40 - [MESSAGE][PASSED] - Browser is opened with url: ''

2018-12-12 18:14:40 - [TEST_STEP][PASSED] - navigateToUrl: Navigate to 'https://assist2-uat.perkeso.gov.my/login' successfully

2018-12-12 18:14:41 - [MESSAGE][PASSED] - Navigate to 'https://assist2-uat.perkeso.gov.my/login' successfully

2018-12-12 18:14:41 - [TEST_STEP][PASSED] - setText: Text 'johorpkrbo1@gmail.com' is set on object 'Object Repository/Final Object Repo/Login Page/Internal User/Email Address'

2018-12-12 18:14:41 - [MESSAGE][PASSED] - Text 'johorpkrbo1@gmail.com' is set on object 'Object Repository/Final Object Repo/Login Page/Internal User/Email Address'

2018-12-12 18:14:41 - [TEST_STEP][PASSED] - click: Object: 'Object Repository/Final Object Repo/Login Page/Internal User/Next Button' is clicked on

2018-12-12 18:14:41 - [MESSAGE][PASSED] - Object: 'Object Repository/Final Object Repo/Login Page/Internal User/Next Button' is clicked on

2018-12-12 18:14:41 - [TEST_STEP][PASSED] - delay: Delayed 1 second(s)

2018-12-12 18:14:42 - [MESSAGE][PASSED] - Delayed 1 second(s)

2018-12-12 18:14:42 - [TEST_STEP][PASSED] - setEncryptedText: Text ****** has been set on object 'Object Repository/Final Object Repo/Login Page/Internal User/Password'

2018-12-12 18:14:43 - [MESSAGE][PASSED] - Text ****** has been set on object 'Object Repository/Final Object Repo/Login Page/Internal User/Password'

2018-12-12 18:14:43 - [TEST_STEP][PASSED] - click: Object: 'Object Repository/Final Object Repo/Login Page/Internal User/Login Button' is clicked on

2018-12-12 18:14:43 - [MESSAGE][PASSED] - Object: 'Object Repository/Final Object Repo/Login Page/Internal User/Login Button' is clicked on

2018-12-12 18:14:43 - [TEST_STEP][PASSED] - delay: Delayed 1 second(s)

2018-12-12 18:14:44 - [MESSAGE][PASSED] - Delayed 1 second(s)

2018-12-12 18:14:44 - [TEST_STEP][PASSED] - Statement - Try: Delayed 2 second(s)

2018-12-12 18:14:44 - [TEST_STEP][PASSED] - Statement - Checker = false: null

2018-12-12 18:14:44 - [TEST_STEP][PASSED] - Statement - Checker = com.kms.katalon.core.webui.keyword.WebUiBuiltInKeywords.verifyElementHasAttribute(com.kms.katalon.core.testobject.ObjectRepository.findTestObject(Final Object Repo/Landing Page/BM Detecting), "href", 20, OPTIONAL): Object 'Object Repository/Final Object Repo/Landing Page/BM Detecting' has attribute 'href'

2018-12-12 18:14:45 - [MESSAGE][PASSED] - Object 'Object Repository/Final Object Repo/Landing Page/BM Detecting' has attribute 'href'

2018-12-12 18:14:45 - [TEST_STEP][PASSED] - Statement - out.println(Checker): null

2018-12-12 18:14:45 - [TEST_STEP][PASSED] - Statement - If (Checker == false): null

2018-12-12 18:14:45 - [TEST_STEP][PASSED] - Statement - Else: null

2018-12-12 18:14:45 - [TEST_STEP][PASSED] - delay: Delayed 2 second(s)

2018-12-12 18:14:47 - [MESSAGE][PASSED] - Delayed 2 second(s)

2018-12-12 18:14:47 - [TEST_STEP][PASSED] - navigateToUrl: Navigate to 'https://assist2-uat.perkeso.gov.my/web/registration/eis-update/form-3-eis-cessation-as-employer' successfully

2018-12-12 18:14:48 - [MESSAGE][PASSED] - Navigate to 'https://assist2-uat.perkeso.gov.my/web/registration/eis-update/form-3-eis-cessation-as-employer' successfully

2018-12-12 18:14:48 - [TEST_STEP][PASSED] - delay: Delayed 1 second(s)

2018-12-12 18:14:49 - [MESSAGE][PASSED] - Delayed 1 second(s)

2018-12-12 18:14:49 - [TEST_STEP][PASSED] - setText: Text 'E1102069769W' is set on object 'Object Repository/Final Object Repo/Page_Form 3 EIS - Cessation as Employer/Employer Code'

2018-12-12 18:14:49 - [MESSAGE][PASSED] - Text 'E1102069769W' is set on object 'Object Repository/Final Object Repo/Page_Form 3 EIS - Cessation as Employer/Employer Code'

2018-12-12 18:14:49 - [TEST_STEP][PASSED] - click: Object: 'Object Repository/Final Object Repo/Page_Form 3 EIS - Cessation as Employer/Search' is clicked on

2018-12-12 18:14:49 - [MESSAGE][PASSED] - Object: 'Object Repository/Final Object Repo/Page_Form 3 EIS - Cessation as Employer/Search' is clicked on

2018-12-12 18:14:49 - [TEST_STEP][PASSED] - click: Object: 'Object Repository/Final Object Repo/Page_Form 3 EIS - Cessation as Employer/Edit' is clicked on

2018-12-12 18:14:51 - [MESSAGE][PASSED] - Object: 'Object Repository/Final Object Repo/Page_Form 3 EIS - Cessation as Employer/Edit' is clicked on

2018-12-12 18:14:51 - [TEST_STEP][PASSED] - delay: Delayed 1 second(s)

2018-12-12 18:14:52 - [MESSAGE][PASSED] - Delayed 1 second(s)

2018-12-12 18:14:52 - [TEST_STEP][PASSED] - Statement - abc = com.kms.katalon.core.webui.keyword.WebUiBuiltInKeywords.getAttribute(com.kms.katalon.core.testobject.ObjectRepository.findTestObject(Final Object Repo/Page_Form 3 EIS - Cessation as Employer/Employer Status), "value"): Attribute 'value' of object 'Object Repository/Final Object Repo/Page_Form 3 EIS - Cessation as Employer/Employer Status' is: 'Active'

2018-12-12 18:14:53 - [MESSAGE][PASSED] - Attribute 'value' of object 'Object Repository/Final Object Repo/Page_Form 3 EIS - Cessation as Employer/Employer Status' is: 'Active'

2018-12-12 18:14:53 - [TEST_STEP][PASSED] - Statement - out.println(abc): null

2018-12-12 18:14:53 - [TEST_STEP][PASSED] - Statement - If (abc == "Active"): Object: 'Object Repository/Final Object Repo/Page_Form 3 EIS - Cessation as Employer/Dormant EIS' is clicked on

2018-12-12 18:14:53 - [TEST_STEP][PASSED] - click: Object: 'Object Repository/Final Object Repo/Page_Form 3 EIS - Cessation as Employer/Change Employer Status to' is clicked on

2018-12-12 18:14:53 - [MESSAGE][PASSED] - Object: 'Object Repository/Final Object Repo/Page_Form 3 EIS - Cessation as Employer/Change Employer Status to' is clicked on

2018-12-12 18:14:53 - [TEST_STEP][PASSED] - click: Object: 'Object Repository/Final Object Repo/Page_Form 3 EIS - Cessation as Employer/Dormant EIS' is clicked on

2018-12-12 18:14:53 - [MESSAGE][PASSED] - Object: 'Object Repository/Final Object Repo/Page_Form 3 EIS - Cessation as Employer/Dormant EIS' is clicked on

2018-12-12 18:14:53 - [TEST_STEP][PASSED] - click: Object: 'Object Repository/Final Object Repo/Page_Form 3 EIS - Cessation as Employer/Calender' is clicked on

2018-12-12 18:14:53 - [MESSAGE][PASSED] - Object: 'Object Repository/Final Object Repo/Page_Form 3 EIS - Cessation as Employer/Calender' is clicked on

2018-12-12 18:14:53 - [TEST_STEP][PASSED] - delay: Delayed 1 second(s)

2018-12-12 18:14:54 - [MESSAGE][PASSED] - Delayed 1 second(s)

2018-12-12 18:14:54 - [TEST_STEP][PASSED] - click: Object: 'Object Repository/Final Object Repo/Page_Form 3 EIS - Cessation as Employer/Calender - Date' is clicked on

2018-12-12 18:14:54 - [MESSAGE][PASSED] - Object: 'Object Repository/Final Object Repo/Page_Form 3 EIS - Cessation as Employer/Calender - Date' is clicked on

2018-12-12 18:14:54 - [TEST_STEP][PASSED] - click: Object: 'Object Repository/Final Object Repo/Page_Form 3 EIS - Cessation as Employer/Save  Continue in Form 3 EIS Page' is clicked on

2018-12-12 18:14:54 - [MESSAGE][PASSED] - Object: 'Object Repository/Final Object Repo/Page_Form 3 EIS - Cessation as Employer/Save  Continue in Form 3 EIS Page' is clicked on

2018-12-12 18:14:54 - [TEST_STEP][PASSED] - delay: Delayed 1 second(s)

2018-12-12 18:14:55 - [MESSAGE][PASSED] - Delayed 1 second(s)

2018-12-12 18:14:55 - [TEST_STEP][PASSED] - click: Object: 'Object Repository/Final Object Repo/Page_Form 3 EIS - Cessation as Employer/Employment Resign Date' is clicked on

2018-12-12 18:14:56 - [MESSAGE][PASSED] - Object: 'Object Repository/Final Object Repo/Page_Form 3 EIS - Cessation as Employer/Employment Resign Date' is clicked on

2018-12-12 18:14:56 - [TEST_STEP][PASSED] - selectOptionByValue: All options with value '2030' are selected in object 'Object Repository/Final Object Repo/Page_Form 3 EIS - Cessation as Employer/Employment Resign Date - Year' 

2018-12-12 18:14:56 - [MESSAGE][PASSED] - All options with value '2030' are selected in object 'Object Repository/Final Object Repo/Page_Form 3 EIS - Cessation as Employer/Employment Resign Date - Year' 

2018-12-12 18:14:56 - [TEST_STEP][PASSED] - delay: Delayed 2 second(s)

2018-12-12 18:14:58 - [MESSAGE][PASSED] - Delayed 2 second(s)

2018-12-12 18:14:58 - [TEST_STEP][PASSED] - click: Object: 'Object Repository/Final Object Repo/Page_Form 3 EIS - Cessation as Employer/Employment Resign Date - Year - Date' is clicked on

2018-12-12 18:14:58 - [MESSAGE][PASSED] - Object: 'Object Repository/Final Object Repo/Page_Form 3 EIS - Cessation as Employer/Employment Resign Date - Year - Date' is clicked on

2018-12-12 18:14:58 - [TEST_STEP][PASSED] - delay: Delayed 2 second(s)

2018-12-12 18:15:00 - [MESSAGE][PASSED] - Delayed 2 second(s)

2018-12-12 18:15:00 - [TEST_STEP][PASSED] - click: Object: 'Object Repository/Final Object Repo/Page_Form 3 EIS - Cessation as Employer/Save  Continue in Employment Resign Page' is clicked on

2018-12-12 18:15:00 - [MESSAGE][PASSED] - Object: 'Object Repository/Final Object Repo/Page_Form 3 EIS - Cessation as Employer/Save  Continue in Employment Resign Page' is clicked on

2018-12-12 18:15:00 - [TEST_STEP][PASSED] - delay: Delayed 2 second(s)

2018-12-12 18:15:02 - [MESSAGE][PASSED] - Delayed 2 second(s)

2018-12-12 18:15:02 - [TEST_STEP][PASSED] - click: Object: 'Object Repository/Final Object Repo/Page_Form 3 EIS - Cessation as Employer/Set Latest - Yes' is clicked on

2018-12-12 18:15:03 - [MESSAGE][PASSED] - Object: 'Object Repository/Final Object Repo/Page_Form 3 EIS - Cessation as Employer/Set Latest - Yes' is clicked on

2018-12-12 18:15:03 - [TEST_STEP][PASSED] - delay: Delayed 2 second(s)

2018-12-12 18:15:05 - [MESSAGE][PASSED] - Delayed 2 second(s)

2018-12-12 18:15:05 - [TEST_STEP][PASSED] - click: Object: 'Object Repository/Final Object Repo/Page_Form 3 EIS - Cessation as Employer/Add Document' is clicked on

2018-12-12 18:15:06 - [MESSAGE][PASSED] - Object: 'Object Repository/Final Object Repo/Page_Form 3 EIS - Cessation as Employer/Add Document' is clicked on

2018-12-12 18:15:06 - [TEST_STEP][PASSED] - delay: Delayed 3 second(s)

2018-12-12 18:15:09 - [MESSAGE][PASSED] - Delayed 3 second(s)

2018-12-12 18:15:09 - [TEST_STEP][PASSED] - click: Object: 'Object Repository/Final Object Repo/Page_Form 3 EIS - Cessation as Employer/Document Type' is clicked on

2018-12-12 18:15:09 - [MESSAGE][PASSED] - Object: 'Object Repository/Final Object Repo/Page_Form 3 EIS - Cessation as Employer/Document Type' is clicked on

2018-12-12 18:15:09 - [TEST_STEP][PASSED] - click: Object: 'Object Repository/Final Object Repo/Page_Form 3 EIS - Cessation as Employer/Document Type - Form 3' is clicked on

2018-12-12 18:15:09 - [MESSAGE][PASSED] - Object: 'Object Repository/Final Object Repo/Page_Form 3 EIS - Cessation as Employer/Document Type - Form 3' is clicked on

2018-12-12 18:15:09 - [TEST_STEP][PASSED] - delay: Delayed 2 second(s)

2018-12-12 18:15:11 - [MESSAGE][PASSED] - Delayed 2 second(s)

2018-12-12 18:15:11 - [TEST_STEP][PASSED] - sendKeys: Keys 'C:\Users\Public\Pictures\Sample Pictures\Koala.jpg' sent to object: 'Object Repository/Final Object Repo/Page_Form 3 EIS - Cessation as Employer/ploading File'

2018-12-12 18:15:11 - [MESSAGE][PASSED] - Keys 'C:\Users\Public\Pictures\Sample Pictures\Koala.jpg' sent to object: 'Object Repository/Final Object Repo/Page_Form 3 EIS - Cessation as Employer/ploading File'

2018-12-12 18:15:11 - [TEST_STEP][PASSED] - delay: Delayed 1 second(s)

2018-12-12 18:15:12 - [MESSAGE][PASSED] - Delayed 1 second(s)

2018-12-12 18:15:12 - [TEST_STEP][PASSED] - click: Object: 'Object Repository/Final Object Repo/Page_Form 3 EIS - Cessation as Employer/Add Document in Uploading Page' is clicked on

2018-12-12 18:15:12 - [MESSAGE][PASSED] - Object: 'Object Repository/Final Object Repo/Page_Form 3 EIS - Cessation as Employer/Add Document in Uploading Page' is clicked on

2018-12-12 18:15:12 - [TEST_STEP][PASSED] - delay: Delayed 2 second(s)

2018-12-12 18:15:14 - [MESSAGE][PASSED] - Delayed 2 second(s)

2018-12-12 18:15:14 - [TEST_STEP][PASSED] - Statement - CaseReferenceNo = com.kms.katalon.core.webui.keyword.WebUiBuiltInKeywords.getText(com.kms.katalon.core.testobject.ObjectRepository.findTestObject(Final Object Repo/Page_Update Employer Information/Reference Number in Update Employee Information Page)): Text of object 'Object Repository/Final Object Repo/Page_Update Employer Information/Reference Number in Update Employee Information Page' is: 'ERN122018C200002411'

2018-12-12 18:15:16 - [MESSAGE][PASSED] - Text of object 'Object Repository/Final Object Repo/Page_Update Employer Information/Reference Number in Update Employee Information Page' is: 'ERN122018C200002411'

2018-12-12 18:15:16 - [TEST_STEP][PASSED] - callTestCase: Call Test Case 'Test Cases/Final Aug 2018 - PKS Automation/Common/Reference Number Setter' successfully

2018-12-12 18:15:16 - [TEST_CASE][PASSED] - Test Cases/Final Aug 2018 - PKS Automation/Common/Reference Number Setter: Test Cases/Final Aug 2018 - PKS Automation/Common/Reference Number Setter

2018-12-12 18:15:16 - [TEST_STEP][PASSED] - Statement - RefNoOldFile = new java.io.File(C://Users//Admin//Desktop//PKS//Automation Reference Point//KatalonReference.txt): null

2018-12-12 18:15:16 - [TEST_STEP][PASSED] - Statement - RefNoOldFile.delete(): null

2018-12-12 18:15:16 - [TEST_STEP][PASSED] - delay: Delayed 5 second(s)

2018-12-12 18:15:21 - [MESSAGE][PASSED] - Delayed 5 second(s)

2018-12-12 18:15:21 - [TEST_STEP][PASSED] - Statement - RefNo = new java.io.File(C://Users//Admin//Desktop//PKS//Automation Reference Point//KatalonReference.txt): null

2018-12-12 18:15:21 - [TEST_STEP][PASSED] - Statement - f2 = new java.io.FileWriter(RefNo, false): null

2018-12-12 18:15:21 - [TEST_STEP][PASSED] - Statement - f2.write(CaseReferenceNo): null

2018-12-12 18:15:21 - [TEST_STEP][PASSED] - Statement - f2.close(): null

2018-12-12 18:15:21 - [TEST_STEP][PASSED] - Statement - out.println("


" + CaseReferenceNo + "


"): null

2018-12-12 18:15:21 - [MESSAGE][PASSED] - Call Test Case 'Test Cases/Final Aug 2018 - PKS Automation/Common/Reference Number Setter' successfully

2018-12-12 18:15:21 - [TEST_STEP][PASSED] - delay: Delayed 2 second(s)

2018-12-12 18:15:23 - [MESSAGE][PASSED] - Delayed 2 second(s)

2018-12-12 18:15:23 - [TEST_STEP][PASSED] - click: Object: 'Object Repository/Final Object Repo/Page_Form 3 EIS - Cessation as Employer/Save  Continue in Uploading Page' is clicked on

2018-12-12 18:15:24 - [MESSAGE][PASSED] - Object: 'Object Repository/Final Object Repo/Page_Form 3 EIS - Cessation as Employer/Save  Continue in Uploading Page' is clicked on

2018-12-12 18:15:24 - [TEST_STEP][PASSED] - delay: Delayed 2 second(s)

2018-12-12 18:15:26 - [MESSAGE][PASSED] - Delayed 2 second(s)

2018-12-12 18:15:26 - [TEST_STEP][PASSED] - click: Object: 'Object Repository/Final Object Repo/Page_Form 3 EIS - Cessation as Employer/Submit' is clicked on

2018-12-12 18:15:28 - [MESSAGE][PASSED] - Object: 'Object Repository/Final Object Repo/Page_Form 3 EIS - Cessation as Employer/Submit' is clicked on

2018-12-12 18:15:28 - [TEST_STEP][PASSED] - delay: Delayed 2 second(s)

2018-12-12 18:15:30 - [MESSAGE][PASSED] - Delayed 2 second(s)

2018-12-12 18:15:30 - [TEST_STEP][PASSED] - click: Object: 'Object Repository/Final Object Repo/Page_Form 3 EIS - Cessation as Employer/Confirm' is clicked on

2018-12-12 18:15:31 - [MESSAGE][PASSED] - Object: 'Object Repository/Final Object Repo/Page_Form 3 EIS - Cessation as Employer/Confirm' is clicked on

2018-12-12 18:15:31 - [TEST_STEP][PASSED] - delay: Delayed 2 second(s)

2018-12-12 18:15:33 - [MESSAGE][PASSED] - Delayed 2 second(s)

2018-12-12 18:15:33 - [TEST_STEP][PASSED] - click: Object: 'Object Repository/Final Object Repo/Page_Form 3 EIS - Cessation as Employer/Message Your Request will be routed to UO' is clicked on

2018-12-12 18:15:36 - [MESSAGE][PASSED] - Object: 'Object Repository/Final Object Repo/Page_Form 3 EIS - Cessation as Employer/Message Your Request will be routed to UO' is clicked on

2018-12-12 18:15:36 - [TEST_STEP][PASSED] - click: Object: 'Object Repository/Final Object Repo/Page_Form 3 EIS - Cessation as Employer/Letter of acknowledgement' is clicked on

2018-12-12 18:15:37 - [MESSAGE][PASSED] - Object: 'Object Repository/Final Object Repo/Page_Form 3 EIS - Cessation as Employer/Letter of acknowledgement' is clicked on

2018-12-12 18:15:37 - [MESSAGE][PASSED] - Call Test Case 'Test Cases/Final Aug 2018 - PKS Automation/Registration Module/Workflow/Form 3 EIS - Cessation As Employer/Template/Form 3 A - Cessation As Employer (PKRBO)' successfully

2018-12-12 18:15:37 - [TEST_STEP][PASSED] - callTestCase: Call Test Case 'Test Cases/Final Aug 2018 - PKS Automation/Registration Module/Workflow/Form 3 EIS - Cessation As Employer/Template/Form 3 A - Cessation As Employer (Reject)' successfully

2018-12-12 18:15:37 - [TEST_CASE][PASSED] - Test Cases/Final Aug 2018 - PKS Automation/Registration Module/Workflow/Form 3 EIS - Cessation As Employer/Template/Form 3 A - Cessation As Employer (Reject): Test Cases/Final Aug 2018 - PKS Automation/Registration Module/Workflow/Form 3 EIS - Cessation As Employer/Template/Form 3 A - Cessation As Employer (Reject)

2018-12-12 18:15:37 - [TEST_STEP][NOT_RUN] - callTestCase: NOT_RUN: callTestCase

2018-12-12 18:15:37 - [MESSAGE][NOT_RUN] - NOT_RUN: callTestCase

2018-12-12 18:15:37 - [TEST_STEP][PASSED] - delay: Delayed 1 second(s)

2018-12-12 18:15:38 - [MESSAGE][PASSED] - Delayed 1 second(s)

2018-12-12 18:15:38 - [TEST_STEP][PASSED] - navigateToUrl: Navigate to 'https://assist2-uat.perkeso.gov.my/c/portal/logout' successfully

2018-12-12 18:15:39 - [MESSAGE][PASSED] - Navigate to 'https://assist2-uat.perkeso.gov.my/c/portal/logout' successfully

2018-12-12 18:15:39 - [TEST_STEP][PASSED] - delay: Delayed 1 second(s)

2018-12-12 18:15:40 - [MESSAGE][PASSED] - Delayed 1 second(s)

2018-12-12 18:15:40 - [TEST_STEP][PASSED] - callTestCase: Call Test Case 'Test Cases/Final Aug 2018 - PKS Automation/Common/Reference Number Getter' successfully

2018-12-12 18:15:40 - [TEST_CASE][PASSED] - Test Cases/Final Aug 2018 - PKS Automation/Common/Reference Number Getter: Test Cases/Final Aug 2018 - PKS Automation/Common/Reference Number Getter

2018-12-12 18:15:40 - [TEST_STEP][PASSED] - Statement - Try: null

2018-12-12 18:15:40 - [TEST_STEP][PASSED] - Statement - RefNo = new java.io.File(C://Users//Admin//Desktop//PKS//Automation Reference Point//KatalonReference.txt): null

2018-12-12 18:15:40 - [TEST_STEP][PASSED] - Statement - bufferread = new java.io.BufferedReader(new java.io.FileReader(RefNo)): null

2018-12-12 18:15:40 - [TEST_STEP][PASSED] - Statement - readedVal = bufferread.readLine(): null

2018-12-12 18:15:40 - [TEST_STEP][PASSED] - Statement - out.println(CaseReferenceNo): null

2018-12-12 18:15:40 - [TEST_STEP][PASSED] - Statement - out.println(readedVal): null

2018-12-12 18:15:40 - [TEST_STEP][PASSED] - Statement - CaseReferenceNo = "": null

2018-12-12 18:15:40 - [TEST_STEP][PASSED] - Statement - CaseReferenceNo = readedVal: null

2018-12-12 18:15:40 - [MESSAGE][PASSED] - Call Test Case 'Test Cases/Final Aug 2018 - PKS Automation/Common/Reference Number Getter' successfully

2018-12-12 18:15:40 - [TEST_STEP][PASSED] - callTestCase: Call Test Case 'Test Cases/Final Aug 2018 - PKS Automation/Common/Workflow Owner Finder' successfully

2018-12-12 18:15:40 - [TEST_CASE][PASSED] - Test Cases/Final Aug 2018 - PKS Automation/Common/Workflow Owner Finder: Test Cases/Final Aug 2018 - PKS Automation/Common/Workflow Owner Finder

2018-12-12 18:15:40 - [TEST_STEP][PASSED] - openBrowser: Browser is opened with url: ''

2018-12-12 18:15:40 - [MESSAGE][WARNING] - A browser is already opened. Closing browser and opening a new one

2018-12-12 18:15:44 - [MESSAGE][PASSED] - Browser is opened with url: ''

2018-12-12 18:15:44 - [TEST_STEP][PASSED] - navigateToUrl: Navigate to 'https://assist2-uat.perkeso.gov.my/login' successfully

2018-12-12 18:15:45 - [MESSAGE][PASSED] - Navigate to 'https://assist2-uat.perkeso.gov.my/login' successfully

2018-12-12 18:15:45 - [TEST_STEP][PASSED] - delay: Delayed 5 second(s)

2018-12-12 18:15:50 - [MESSAGE][PASSED] - Delayed 5 second(s)

2018-12-12 18:15:50 - [TEST_STEP][PASSED] - setText: Text 'test@liferay.com' is set on object 'Object Repository/Final Object Repo/Login Page/Internal User/Email Address'

2018-12-12 18:15:50 - [MESSAGE][PASSED] - Text 'test@liferay.com' is set on object 'Object Repository/Final Object Repo/Login Page/Internal User/Email Address'

2018-12-12 18:15:50 - [TEST_STEP][PASSED] - click: Object: 'Object Repository/Final Object Repo/Login Page/Internal User/Next Button' is clicked on

2018-12-12 18:15:50 - [MESSAGE][PASSED] - Object: 'Object Repository/Final Object Repo/Login Page/Internal User/Next Button' is clicked on

2018-12-12 18:15:50 - [TEST_STEP][PASSED] - delay: Delayed 2 second(s)

2018-12-12 18:15:52 - [MESSAGE][PASSED] - Delayed 2 second(s)

2018-12-12 18:15:52 - [TEST_STEP][PASSED] - setText: Text 'test' is set on object 'Object Repository/Final Object Repo/Login Page/Internal User/Password'

2018-12-12 18:15:52 - [MESSAGE][PASSED] - Text 'test' is set on object 'Object Repository/Final Object Repo/Login Page/Internal User/Password'

2018-12-12 18:15:52 - [TEST_STEP][PASSED] - delay: Delayed 2 second(s)

2018-12-12 18:15:54 - [MESSAGE][PASSED] - Delayed 2 second(s)

2018-12-12 18:15:54 - [TEST_STEP][PASSED] - click: Object: 'Object Repository/Final Object Repo/Login Page/Internal User/Login Button' is clicked on

2018-12-12 18:15:55 - [MESSAGE][PASSED] - Object: 'Object Repository/Final Object Repo/Login Page/Internal User/Login Button' is clicked on

2018-12-12 18:15:55 - [TEST_STEP][PASSED] - Statement - tester = com.kms.katalon.core.testobject.ObjectRepository.findTestObject(Final Object Repo/Landing Page/Select to English): Finding Test Object with id 'Object Repository/Final Object Repo/Landing Page/Select to English'

2018-12-12 18:15:55 - [TEST_STEP][PASSED] - Statement - Try: Delayed 2 second(s)

2018-12-12 18:15:55 - [TEST_STEP][PASSED] - Statement - Checker = com.kms.katalon.core.webui.keyword.WebUiBuiltInKeywords.verifyElementNotPresent(tester, 3): Web element with id: 'Object Repository/Final Object Repo/Landing Page/Select to English' located by 'By.xpath: //a[@class = 'taglib-language-list-text' and @lang = 'en-US' and (contains(text(), 'EN') or contains(., 'EN'))]' is not present after '3' second(s)

2018-12-12 18:15:56 - [MESSAGE][PASSED] - Web element with id: 'Object Repository/Final Object Repo/Landing Page/Select to English' located by 'By.xpath: //a[@class = 'taglib-language-list-text' and @lang = 'en-US' and (contains(text(), 'EN') or contains(., 'EN'))]' is not present after '3' second(s)

2018-12-12 18:15:56 - [TEST_STEP][PASSED] - Statement - If (Checker == false): null

2018-12-12 18:15:56 - [TEST_STEP][PASSED] - delay: Delayed 2 second(s)

2018-12-12 18:15:58 - [MESSAGE][PASSED] - Delayed 2 second(s)

2018-12-12 18:15:58 - [TEST_STEP][PASSED] - delay: Delayed 5 second(s)

2018-12-12 18:16:03 - [MESSAGE][PASSED] - Delayed 5 second(s)

2018-12-12 18:16:03 - [TEST_STEP][PASSED] - mouseOver: Object: 'Object Repository/Final Object Repo/Landing Page/WorkFlow Menu' is hovered

2018-12-12 18:16:03 - [MESSAGE][PASSED] - Object: 'Object Repository/Final Object Repo/Landing Page/WorkFlow Menu' is hovered

2018-12-12 18:16:03 - [TEST_STEP][PASSED] - delay: Delayed 2 second(s)

2018-12-12 18:16:05 - [MESSAGE][PASSED] - Delayed 2 second(s)

2018-12-12 18:16:05 - [TEST_STEP][PASSED] - click: Object: 'Object Repository/Final Object Repo/Landing Page/Select to Workflow Listing' is clicked on

2018-12-12 18:16:06 - [MESSAGE][PASSED] - Object: 'Object Repository/Final Object Repo/Landing Page/Select to Workflow Listing' is clicked on

2018-12-12 18:16:06 - [TEST_STEP][PASSED] - delay: Delayed 2 second(s)

2018-12-12 18:16:08 - [MESSAGE][PASSED] - Delayed 2 second(s)

2018-12-12 18:16:08 - [TEST_STEP][PASSED] - click: Object: 'Object Repository/Final Object Repo/WorkFlow Listing Page/Search Information - To Put Ref No' is clicked on

2018-12-12 18:16:09 - [MESSAGE][PASSED] - Object: 'Object Repository/Final Object Repo/WorkFlow Listing Page/Search Information - To Put Ref No' is clicked on

2018-12-12 18:16:09 - [TEST_STEP][PASSED] - delay: Delayed 2 second(s)

2018-12-12 18:16:11 - [MESSAGE][PASSED] - Delayed 2 second(s)

2018-12-12 18:16:11 - [TEST_STEP][PASSED] - callTestCase: Call Test Case 'Test Cases/Final Aug 2018 - PKS Automation/Common/Reference Number Getter' successfully

2018-12-12 18:16:11 - [TEST_CASE][PASSED] - Test Cases/Final Aug 2018 - PKS Automation/Common/Reference Number Getter: Test Cases/Final Aug 2018 - PKS Automation/Common/Reference Number Getter

2018-12-12 18:16:11 - [TEST_STEP][PASSED] - Statement - Try: null

2018-12-12 18:16:11 - [TEST_STEP][PASSED] - Statement - RefNo = new java.io.File(C://Users//Admin//Desktop//PKS//Automation Reference Point//KatalonReference.txt): null

2018-12-12 18:16:11 - [TEST_STEP][PASSED] - Statement - bufferread = new java.io.BufferedReader(new java.io.FileReader(RefNo)): null

2018-12-12 18:16:11 - [TEST_STEP][PASSED] - Statement - readedVal = bufferread.readLine(): null

2018-12-12 18:16:11 - [TEST_STEP][PASSED] - Statement - out.println(CaseReferenceNo): null

2018-12-12 18:16:11 - [TEST_STEP][PASSED] - Statement - out.println(readedVal): null

2018-12-12 18:16:11 - [TEST_STEP][PASSED] - Statement - CaseReferenceNo = "": null

2018-12-12 18:16:11 - [TEST_STEP][PASSED] - Statement - CaseReferenceNo = readedVal: null

2018-12-12 18:16:11 - [MESSAGE][PASSED] - Call Test Case 'Test Cases/Final Aug 2018 - PKS Automation/Common/Reference Number Getter' successfully

2018-12-12 18:16:11 - [TEST_STEP][PASSED] - setText: Text 'ERN122018C200002411' is set on object 'Object Repository/Final Object Repo/WorkFlow Listing Page/Ref No Set Text'

2018-12-12 18:16:11 - [MESSAGE][PASSED] - Text 'ERN122018C200002411' is set on object 'Object Repository/Final Object Repo/WorkFlow Listing Page/Ref No Set Text'

2018-12-12 18:16:11 - [TEST_STEP][PASSED] - delay: Delayed 2 second(s)

2018-12-12 18:16:13 - [MESSAGE][PASSED] - Delayed 2 second(s)

2018-12-12 18:16:13 - [TEST_STEP][PASSED] - click: Object: 'Object Repository/Final Object Repo/WorkFlow Listing Page/Search Ref No Search Button' is clicked on

2018-12-12 18:16:13 - [MESSAGE][PASSED] - Object: 'Object Repository/Final Object Repo/WorkFlow Listing Page/Search Ref No Search Button' is clicked on

2018-12-12 18:16:13 - [TEST_STEP][PASSED] - delay: Delayed 6 second(s)

2018-12-12 18:16:19 - [MESSAGE][PASSED] - Delayed 6 second(s)

2018-12-12 18:16:19 - [TEST_STEP][PASSED] - click: Object: 'Object Repository/Final Object Repo/WorkFlow Listing Page/Click Continue Tooltip' is clicked on

2018-12-12 18:16:20 - [MESSAGE][PASSED] - Object: 'Object Repository/Final Object Repo/WorkFlow Listing Page/Click Continue Tooltip' is clicked on

2018-12-12 18:16:20 - [TEST_STEP][PASSED] - delay: Delayed 5 second(s)

2018-12-12 18:16:25 - [MESSAGE][PASSED] - Delayed 5 second(s)

2018-12-12 18:16:25 - [TEST_STEP][PASSED] - doubleClick: Object: 'Object Repository/Final Object Repo/WorkFlow Listing Page/Workflow Found - Listing 1' is double clicked on

2018-12-12 18:16:25 - [MESSAGE][PASSED] - Object: 'Object Repository/Final Object Repo/WorkFlow Listing Page/Workflow Found - Listing 1' is double clicked on

2018-12-12 18:16:25 - [TEST_STEP][PASSED] - Statement - println(OwnerID): null

2018-12-12 18:16:25 - [TEST_STEP][PASSED] - Statement - OwnerID = com.kms.katalon.core.webui.keyword.WebUiBuiltInKeywords.getText(com.kms.katalon.core.testobject.ObjectRepository.findTestObject(Final Object Repo/WorkFlow Listing Page/Workflow Found - Listing 1), STOP_ON_FAILURE): Text of object 'Object Repository/Final Object Repo/WorkFlow Listing Page/Workflow Found - Listing 1' is: 'JOHORuo3'

2018-12-12 18:16:25 - [MESSAGE][PASSED] - Text of object 'Object Repository/Final Object Repo/WorkFlow Listing Page/Workflow Found - Listing 1' is: 'JOHORuo3'

2018-12-12 18:16:25 - [TEST_STEP][PASSED] - Statement - OwnerID = OwnerID.toLowerCase() + "@gmail.com": null

2018-12-12 18:16:25 - [TEST_STEP][PASSED] - Statement - println(OwnerID): null

2018-12-12 18:16:25 - [TEST_STEP][PASSED] - delay: Delayed 2 second(s)

2018-12-12 18:16:27 - [MESSAGE][PASSED] - Delayed 2 second(s)

2018-12-12 18:16:27 - [MESSAGE][PASSED] - Call Test Case 'Test Cases/Final Aug 2018 - PKS Automation/Common/Workflow Owner Finder' successfully

2018-12-12 18:16:27 - [TEST_STEP][PASSED] - delay: Delayed 1 second(s)

2018-12-12 18:16:28 - [MESSAGE][PASSED] - Delayed 1 second(s)

2018-12-12 18:16:28 - [TEST_STEP][PASSED] - navigateToUrl: Navigate to 'https://assist2-uat.perkeso.gov.my/c/portal/logout' successfully

2018-12-12 18:16:29 - [MESSAGE][PASSED] - Navigate to 'https://assist2-uat.perkeso.gov.my/c/portal/logout' successfully

2018-12-12 18:16:29 - [TEST_STEP][PASSED] - delay: Delayed 1 second(s)

2018-12-12 18:16:30 - [MESSAGE][PASSED] - Delayed 1 second(s)

2018-12-12 18:16:30 - [TEST_STEP][PASSED] - callTestCase: Call Test Case 'Test Cases/Final Aug 2018 - PKS Automation/Registration Module/Workflow/Login and Search Case For Workflow' successfully

2018-12-12 18:16:30 - [TEST_CASE][PASSED] - Test Cases/Final Aug 2018 - PKS Automation/Registration Module/Workflow/Login and Search Case For Workflow: Test Cases/Final Aug 2018 - PKS Automation/Registration Module/Workflow/Login and Search Case For Workflow

2018-12-12 18:16:30 - [TEST_STEP][PASSED] - navigateToUrl: Navigate to 'https://assist2-uat.perkeso.gov.my/login' successfully

2018-12-12 18:16:31 - [MESSAGE][PASSED] - Navigate to 'https://assist2-uat.perkeso.gov.my/login' successfully

2018-12-12 18:16:31 - [TEST_STEP][PASSED] - setText: Text 'johoruo3@gmail.com' is set on object 'Object Repository/Final Object Repo/Login Page/Internal User/Email Address'

2018-12-12 18:16:31 - [MESSAGE][PASSED] - Text 'johoruo3@gmail.com' is set on object 'Object Repository/Final Object Repo/Login Page/Internal User/Email Address'

2018-12-12 18:16:31 - [TEST_STEP][PASSED] - click: Object: 'Object Repository/Final Object Repo/Login Page/Internal User/Next Button' is clicked on

2018-12-12 18:16:31 - [MESSAGE][PASSED] - Object: 'Object Repository/Final Object Repo/Login Page/Internal User/Next Button' is clicked on

2018-12-12 18:16:31 - [TEST_STEP][PASSED] - delay: Delayed 1 second(s)

2018-12-12 18:16:32 - [MESSAGE][PASSED] - Delayed 1 second(s)

2018-12-12 18:16:32 - [TEST_STEP][PASSED] - setEncryptedText: Text ****** has been set on object 'Object Repository/Final Object Repo/Login Page/Internal User/Password'

2018-12-12 18:16:32 - [MESSAGE][PASSED] - Text ****** has been set on object 'Object Repository/Final Object Repo/Login Page/Internal User/Password'

2018-12-12 18:16:32 - [TEST_STEP][PASSED] - click: Object: 'Object Repository/Final Object Repo/Login Page/Internal User/Login Button' is clicked on

2018-12-12 18:16:33 - [MESSAGE][PASSED] - Object: 'Object Repository/Final Object Repo/Login Page/Internal User/Login Button' is clicked on

2018-12-12 18:16:33 - [TEST_STEP][PASSED] - delay: Delayed 2 second(s)

2018-12-12 18:16:35 - [MESSAGE][PASSED] - Delayed 2 second(s)

2018-12-12 18:16:35 - [TEST_STEP][PASSED] - Statement - Try: Delayed 2 second(s)

2018-12-12 18:16:35 - [TEST_STEP][PASSED] - Statement - Checker = false: null

2018-12-12 18:16:35 - [TEST_STEP][PASSED] - Statement - Checker = com.kms.katalon.core.webui.keyword.WebUiBuiltInKeywords.verifyElementHasAttribute(com.kms.katalon.core.testobject.ObjectRepository.findTestObject(Final Object Repo/Landing Page/BM Detecting), "href", 20, OPTIONAL): Object 'Object Repository/Final Object Repo/Landing Page/BM Detecting' has attribute 'href'

2018-12-12 18:16:35 - [MESSAGE][PASSED] - Object 'Object Repository/Final Object Repo/Landing Page/BM Detecting' has attribute 'href'

2018-12-12 18:16:35 - [TEST_STEP][PASSED] - Statement - out.println(Checker): null

2018-12-12 18:16:35 - [TEST_STEP][PASSED] - Statement - If (Checker == false): null

2018-12-12 18:16:35 - [TEST_STEP][PASSED] - Statement - Else: null

2018-12-12 18:16:35 - [TEST_STEP][PASSED] - delay: Delayed 2 second(s)

2018-12-12 18:16:37 - [MESSAGE][PASSED] - Delayed 2 second(s)

2018-12-12 18:16:37 - [TEST_STEP][PASSED] - click: Object: 'Object Repository/Final Object Repo/Page_MyASSIST - ASSIST - Search Pending Case For Add Supporting Document/Search Information' is clicked on

2018-12-12 18:16:37 - [MESSAGE][PASSED] - Object: 'Object Repository/Final Object Repo/Page_MyASSIST - ASSIST - Search Pending Case For Add Supporting Document/Search Information' is clicked on

2018-12-12 18:16:37 - [TEST_STEP][PASSED] - delay: Delayed 3 second(s)

2018-12-12 18:16:40 - [MESSAGE][PASSED] - Delayed 3 second(s)

2018-12-12 18:16:40 - [TEST_STEP][PASSED] - sendKeys: Keys 'ERN122018C200002411' sent to object: 'Object Repository/Final Object Repo/Page_MyASSIST - ASSIST - Search Pending Case For Add Supporting Document/Reference No'

2018-12-12 18:16:40 - [MESSAGE][PASSED] - Keys 'ERN122018C200002411' sent to object: 'Object Repository/Final Object Repo/Page_MyASSIST - ASSIST - Search Pending Case For Add Supporting Document/Reference No'

2018-12-12 18:16:40 - [TEST_STEP][PASSED] - click: Object: 'Object Repository/Final Object Repo/Page_MyASSIST - ASSIST - Search Pending Case For Add Supporting Document/Search Reference No' is clicked on

2018-12-12 18:16:40 - [MESSAGE][PASSED] - Object: 'Object Repository/Final Object Repo/Page_MyASSIST - ASSIST - Search Pending Case For Add Supporting Document/Search Reference No' is clicked on

2018-12-12 18:16:40 - [TEST_STEP][PASSED] - delay: Delayed 2 second(s)

2018-12-12 18:16:42 - [MESSAGE][PASSED] - Delayed 2 second(s)

2018-12-12 18:16:42 - [TEST_STEP][PASSED] - click: Object: 'Object Repository/Final Object Repo/Page_MyASSIST - ASSIST - Search Pending Case For Add Supporting Document/Continue' is clicked on

2018-12-12 18:16:46 - [MESSAGE][PASSED] - Object: 'Object Repository/Final Object Repo/Page_MyASSIST - ASSIST - Search Pending Case For Add Supporting Document/Continue' is clicked on

2018-12-12 18:16:46 - [TEST_STEP][PASSED] - delay: Delayed 20 second(s)

2018-12-12 18:17:06 - [MESSAGE][PASSED] - Delayed 20 second(s)

2018-12-12 18:17:06 - [MESSAGE][PASSED] - Call Test Case 'Test Cases/Final Aug 2018 - PKS Automation/Registration Module/Workflow/Login and Search Case For Workflow' successfully

2018-12-12 18:17:06 - [TEST_STEP][PASSED] - click: Object: 'Object Repository/Final Object Repo/Page_Form 3 EIS - Cessation as Employer/Page_Form 3 EIS - Cessation as Employer (Approve)/Save  Continue in Form 3 Page' is clicked on

2018-12-12 18:17:06 - [MESSAGE][PASSED] - Object: 'Object Repository/Final Object Repo/Page_Form 3 EIS - Cessation as Employer/Page_Form 3 EIS - Cessation as Employer (Approve)/Save  Continue in Form 3 Page' is clicked on

2018-12-12 18:17:06 - [TEST_STEP][PASSED] - delay: Delayed 2 second(s)

2018-12-12 18:17:08 - [MESSAGE][PASSED] - Delayed 2 second(s)

2018-12-12 18:17:08 - [TEST_STEP][PASSED] - click: Object: 'Object Repository/Final Object Repo/Page_Form 3 EIS - Cessation as Employer/Page_Form 3 EIS - Cessation as Employer (Approve)/Save  Continue in Resigned Page' is clicked on

2018-12-12 18:17:08 - [MESSAGE][PASSED] - Object: 'Object Repository/Final Object Repo/Page_Form 3 EIS - Cessation as Employer/Page_Form 3 EIS - Cessation as Employer (Approve)/Save  Continue in Resigned Page' is clicked on

2018-12-12 18:17:08 - [TEST_STEP][PASSED] - delay: Delayed 2 second(s)

2018-12-12 18:17:10 - [MESSAGE][PASSED] - Delayed 2 second(s)

2018-12-12 18:17:10 - [TEST_STEP][PASSED] - click: Object: 'Object Repository/Final Object Repo/Page_Form 3 EIS - Cessation as Employer/Page_Form 3 EIS - Cessation as Employer (Approve)/Save  Continue in Uploading Page' is clicked on

2018-12-12 18:17:11 - [MESSAGE][PASSED] - Object: 'Object Repository/Final Object Repo/Page_Form 3 EIS - Cessation as Employer/Page_Form 3 EIS - Cessation as Employer (Approve)/Save  Continue in Uploading Page' is clicked on

2018-12-12 18:17:11 - [TEST_STEP][PASSED] - delay: Delayed 2 second(s)

2018-12-12 18:17:13 - [MESSAGE][PASSED] - Delayed 2 second(s)

2018-12-12 18:17:13 - [TEST_STEP][PASSED] - click: Object: 'Object Repository/Final Object Repo/Page_Form 3 EIS - Cessation as Employer/Page_Form 3 EIS - Cessation as Employer (Reject)/Reject' is clicked on

2018-12-12 18:17:16 - [MESSAGE][PASSED] - Object: 'Object Repository/Final Object Repo/Page_Form 3 EIS - Cessation as Employer/Page_Form 3 EIS - Cessation as Employer (Reject)/Reject' is clicked on

2018-12-12 18:17:16 - [TEST_STEP][PASSED] - delay: Delayed 2 second(s)

2018-12-12 18:17:18 - [MESSAGE][PASSED] - Delayed 2 second(s)

2018-12-12 18:17:18 - [TEST_STEP][PASSED] - click: Object: 'Object Repository/Final Object Repo/Page_Form 3 EIS - Cessation as Employer/Page_Form 3 EIS - Cessation as Employer (Reject)/Confirm' is clicked on

2018-12-12 18:17:18 - [MESSAGE][PASSED] - Object: 'Object Repository/Final Object Repo/Page_Form 3 EIS - Cessation as Employer/Page_Form 3 EIS - Cessation as Employer (Reject)/Confirm' is clicked on

2018-12-12 18:17:18 - [TEST_STEP][PASSED] - delay: Delayed 2 second(s)

2018-12-12 18:17:20 - [MESSAGE][PASSED] - Delayed 2 second(s)

2018-12-12 18:17:20 - [TEST_STEP][PASSED] - click: Object: 'Object Repository/Final Object Repo/Page_Form 3 EIS - Cessation as Employer/Page_Form 3 EIS - Cessation as Employer (Reject)/Message This Case has been Rejected' is clicked on

2018-12-12 18:17:23 - [MESSAGE][PASSED] - Object: 'Object Repository/Final Object Repo/Page_Form 3 EIS - Cessation as Employer/Page_Form 3 EIS - Cessation as Employer (Reject)/Message This Case has been Rejected' is clicked on

2018-12-12 18:17:23 - [TEST_STEP][PASSED] - click: Object: 'Object Repository/Final Object Repo/Page_Form 3 EIS - Cessation as Employer/Page_Form 3 EIS - Cessation as Employer (Reject)/Letter of update rejection' is clicked on

2018-12-12 18:17:24 - [MESSAGE][PASSED] - Object: 'Object Repository/Final Object Repo/Page_Form 3 EIS - Cessation as Employer/Page_Form 3 EIS - Cessation as Employer (Reject)/Letter of update rejection' is clicked on

2018-12-12 18:17:24 - [MESSAGE][PASSED] - Call Test Case 'Test Cases/Final Aug 2018 - PKS Automation/Registration Module/Workflow/Form 3 EIS - Cessation As Employer/Template/Form 3 A - Cessation As Employer (Reject)' successfully]]></system-out>
         <system-err><![CDATA[]]></system-err>
      </testcase>
      <testcase name="Test Cases/Final Aug 2018 - PKS Automation/Registration Module/Workflow/Form 3 EIS - Cessation As Employer/PKRBO to UO (Under enforcement)" classname="Test Cases/Final Aug 2018 - PKS Automation/Registration Module/Workflow/Form 3 EIS - Cessation As Employer/PKRBO to UO (Under enforcement)" status="PASSED">
         <system-out><![CDATA[2018-12-12 18:17:24 - [TEST_CASE][PASSED] - Test Cases/Final Aug 2018 - PKS Automation/Registration Module/Workflow/Form 3 EIS - Cessation As Employer/PKRBO to UO (Under enforcement): Test Cases/Final Aug 2018 - PKS Automation/Registration Module/Workflow/Form 3 EIS - Cessation As Employer/PKRBO to UO (Under enforcement)

2018-12-12 18:17:24 - [TEST_STEP][PASSED] - callTestCase: Call Test Case 'Test Cases/Final Aug 2018 - PKS Automation/Registration Module/Workflow/Form 3 EIS - Cessation As Employer/Template/Form 3 A - Cessation As Employer (PKRBO)' successfully

2018-12-12 18:17:24 - [TEST_CASE][PASSED] - Test Cases/Final Aug 2018 - PKS Automation/Registration Module/Workflow/Form 3 EIS - Cessation As Employer/Template/Form 3 A - Cessation As Employer (PKRBO): Test Cases/Final Aug 2018 - PKS Automation/Registration Module/Workflow/Form 3 EIS - Cessation As Employer/Template/Form 3 A - Cessation As Employer (PKRBO)

2018-12-12 18:17:24 - [TEST_STEP][PASSED] - openBrowser: Browser is opened with url: ''

2018-12-12 18:17:24 - [MESSAGE][WARNING] - A browser is already opened. Closing browser and opening a new one

2018-12-12 18:17:28 - [MESSAGE][PASSED] - Browser is opened with url: ''

2018-12-12 18:17:28 - [TEST_STEP][PASSED] - navigateToUrl: Navigate to 'https://assist2-uat.perkeso.gov.my/login' successfully

2018-12-12 18:17:29 - [MESSAGE][PASSED] - Navigate to 'https://assist2-uat.perkeso.gov.my/login' successfully

2018-12-12 18:17:29 - [TEST_STEP][PASSED] - setText: Text 'johorpkrbo1@gmail.com' is set on object 'Object Repository/Final Object Repo/Login Page/Internal User/Email Address'

2018-12-12 18:17:29 - [MESSAGE][PASSED] - Text 'johorpkrbo1@gmail.com' is set on object 'Object Repository/Final Object Repo/Login Page/Internal User/Email Address'

2018-12-12 18:17:29 - [TEST_STEP][PASSED] - click: Object: 'Object Repository/Final Object Repo/Login Page/Internal User/Next Button' is clicked on

2018-12-12 18:17:30 - [MESSAGE][PASSED] - Object: 'Object Repository/Final Object Repo/Login Page/Internal User/Next Button' is clicked on

2018-12-12 18:17:30 - [TEST_STEP][PASSED] - delay: Delayed 1 second(s)

2018-12-12 18:17:31 - [MESSAGE][PASSED] - Delayed 1 second(s)

2018-12-12 18:17:31 - [TEST_STEP][PASSED] - setEncryptedText: Text ****** has been set on object 'Object Repository/Final Object Repo/Login Page/Internal User/Password'

2018-12-12 18:17:31 - [MESSAGE][PASSED] - Text ****** has been set on object 'Object Repository/Final Object Repo/Login Page/Internal User/Password'

2018-12-12 18:17:31 - [TEST_STEP][PASSED] - click: Object: 'Object Repository/Final Object Repo/Login Page/Internal User/Login Button' is clicked on

2018-12-12 18:17:31 - [MESSAGE][PASSED] - Object: 'Object Repository/Final Object Repo/Login Page/Internal User/Login Button' is clicked on

2018-12-12 18:17:31 - [TEST_STEP][PASSED] - delay: Delayed 1 second(s)

2018-12-12 18:17:32 - [MESSAGE][PASSED] - Delayed 1 second(s)

2018-12-12 18:17:32 - [TEST_STEP][PASSED] - Statement - Try: Delayed 2 second(s)

2018-12-12 18:17:32 - [TEST_STEP][PASSED] - Statement - Checker = false: null

2018-12-12 18:17:32 - [TEST_STEP][PASSED] - Statement - Checker = com.kms.katalon.core.webui.keyword.WebUiBuiltInKeywords.verifyElementHasAttribute(com.kms.katalon.core.testobject.ObjectRepository.findTestObject(Final Object Repo/Landing Page/BM Detecting), "href", 20, OPTIONAL): Object 'Object Repository/Final Object Repo/Landing Page/BM Detecting' has attribute 'href'

2018-12-12 18:17:33 - [MESSAGE][PASSED] - Object 'Object Repository/Final Object Repo/Landing Page/BM Detecting' has attribute 'href'

2018-12-12 18:17:33 - [TEST_STEP][PASSED] - Statement - out.println(Checker): null

2018-12-12 18:17:33 - [TEST_STEP][PASSED] - Statement - If (Checker == false): null

2018-12-12 18:17:33 - [TEST_STEP][PASSED] - Statement - Else: null

2018-12-12 18:17:33 - [TEST_STEP][PASSED] - delay: Delayed 2 second(s)

2018-12-12 18:17:35 - [MESSAGE][PASSED] - Delayed 2 second(s)

2018-12-12 18:17:35 - [TEST_STEP][PASSED] - navigateToUrl: Navigate to 'https://assist2-uat.perkeso.gov.my/web/registration/eis-update/form-3-eis-cessation-as-employer' successfully

2018-12-12 18:17:36 - [MESSAGE][PASSED] - Navigate to 'https://assist2-uat.perkeso.gov.my/web/registration/eis-update/form-3-eis-cessation-as-employer' successfully

2018-12-12 18:17:36 - [TEST_STEP][PASSED] - delay: Delayed 1 second(s)

2018-12-12 18:17:37 - [MESSAGE][PASSED] - Delayed 1 second(s)

2018-12-12 18:17:37 - [TEST_STEP][PASSED] - setText: Text 'E1102069769W' is set on object 'Object Repository/Final Object Repo/Page_Form 3 EIS - Cessation as Employer/Employer Code'

2018-12-12 18:17:37 - [MESSAGE][PASSED] - Text 'E1102069769W' is set on object 'Object Repository/Final Object Repo/Page_Form 3 EIS - Cessation as Employer/Employer Code'

2018-12-12 18:17:37 - [TEST_STEP][PASSED] - click: Object: 'Object Repository/Final Object Repo/Page_Form 3 EIS - Cessation as Employer/Search' is clicked on

2018-12-12 18:17:37 - [MESSAGE][PASSED] - Object: 'Object Repository/Final Object Repo/Page_Form 3 EIS - Cessation as Employer/Search' is clicked on

2018-12-12 18:17:37 - [TEST_STEP][PASSED] - click: Object: 'Object Repository/Final Object Repo/Page_Form 3 EIS - Cessation as Employer/Edit' is clicked on

2018-12-12 18:17:40 - [MESSAGE][PASSED] - Object: 'Object Repository/Final Object Repo/Page_Form 3 EIS - Cessation as Employer/Edit' is clicked on

2018-12-12 18:17:40 - [TEST_STEP][PASSED] - delay: Delayed 1 second(s)

2018-12-12 18:17:41 - [MESSAGE][PASSED] - Delayed 1 second(s)

2018-12-12 18:17:41 - [TEST_STEP][PASSED] - Statement - abc = com.kms.katalon.core.webui.keyword.WebUiBuiltInKeywords.getAttribute(com.kms.katalon.core.testobject.ObjectRepository.findTestObject(Final Object Repo/Page_Form 3 EIS - Cessation as Employer/Employer Status), "value"): Attribute 'value' of object 'Object Repository/Final Object Repo/Page_Form 3 EIS - Cessation as Employer/Employer Status' is: 'Active'

2018-12-12 18:17:41 - [MESSAGE][PASSED] - Attribute 'value' of object 'Object Repository/Final Object Repo/Page_Form 3 EIS - Cessation as Employer/Employer Status' is: 'Active'

2018-12-12 18:17:41 - [TEST_STEP][PASSED] - Statement - out.println(abc): null

2018-12-12 18:17:41 - [TEST_STEP][PASSED] - Statement - If (abc == "Active"): Object: 'Object Repository/Final Object Repo/Page_Form 3 EIS - Cessation as Employer/Dormant EIS' is clicked on

2018-12-12 18:17:41 - [TEST_STEP][PASSED] - click: Object: 'Object Repository/Final Object Repo/Page_Form 3 EIS - Cessation as Employer/Change Employer Status to' is clicked on

2018-12-12 18:17:41 - [MESSAGE][PASSED] - Object: 'Object Repository/Final Object Repo/Page_Form 3 EIS - Cessation as Employer/Change Employer Status to' is clicked on

2018-12-12 18:17:41 - [TEST_STEP][PASSED] - click: Object: 'Object Repository/Final Object Repo/Page_Form 3 EIS - Cessation as Employer/Dormant EIS' is clicked on

2018-12-12 18:17:41 - [MESSAGE][PASSED] - Object: 'Object Repository/Final Object Repo/Page_Form 3 EIS - Cessation as Employer/Dormant EIS' is clicked on

2018-12-12 18:17:41 - [TEST_STEP][PASSED] - click: Object: 'Object Repository/Final Object Repo/Page_Form 3 EIS - Cessation as Employer/Calender' is clicked on

2018-12-12 18:17:41 - [MESSAGE][PASSED] - Object: 'Object Repository/Final Object Repo/Page_Form 3 EIS - Cessation as Employer/Calender' is clicked on

2018-12-12 18:17:41 - [TEST_STEP][PASSED] - delay: Delayed 1 second(s)

2018-12-12 18:17:42 - [MESSAGE][PASSED] - Delayed 1 second(s)

2018-12-12 18:17:42 - [TEST_STEP][PASSED] - click: Object: 'Object Repository/Final Object Repo/Page_Form 3 EIS - Cessation as Employer/Calender - Date' is clicked on

2018-12-12 18:17:43 - [MESSAGE][PASSED] - Object: 'Object Repository/Final Object Repo/Page_Form 3 EIS - Cessation as Employer/Calender - Date' is clicked on

2018-12-12 18:17:43 - [TEST_STEP][PASSED] - click: Object: 'Object Repository/Final Object Repo/Page_Form 3 EIS - Cessation as Employer/Save  Continue in Form 3 EIS Page' is clicked on

2018-12-12 18:17:43 - [MESSAGE][PASSED] - Object: 'Object Repository/Final Object Repo/Page_Form 3 EIS - Cessation as Employer/Save  Continue in Form 3 EIS Page' is clicked on

2018-12-12 18:17:43 - [TEST_STEP][PASSED] - delay: Delayed 1 second(s)

2018-12-12 18:17:44 - [MESSAGE][PASSED] - Delayed 1 second(s)

2018-12-12 18:17:44 - [TEST_STEP][PASSED] - click: Object: 'Object Repository/Final Object Repo/Page_Form 3 EIS - Cessation as Employer/Employment Resign Date' is clicked on

2018-12-12 18:17:44 - [MESSAGE][PASSED] - Object: 'Object Repository/Final Object Repo/Page_Form 3 EIS - Cessation as Employer/Employment Resign Date' is clicked on

2018-12-12 18:17:44 - [TEST_STEP][PASSED] - selectOptionByValue: All options with value '2030' are selected in object 'Object Repository/Final Object Repo/Page_Form 3 EIS - Cessation as Employer/Employment Resign Date - Year' 

2018-12-12 18:17:44 - [MESSAGE][PASSED] - All options with value '2030' are selected in object 'Object Repository/Final Object Repo/Page_Form 3 EIS - Cessation as Employer/Employment Resign Date - Year' 

2018-12-12 18:17:44 - [TEST_STEP][PASSED] - delay: Delayed 2 second(s)

2018-12-12 18:17:46 - [MESSAGE][PASSED] - Delayed 2 second(s)

2018-12-12 18:17:46 - [TEST_STEP][PASSED] - click: Object: 'Object Repository/Final Object Repo/Page_Form 3 EIS - Cessation as Employer/Employment Resign Date - Year - Date' is clicked on

2018-12-12 18:17:47 - [MESSAGE][PASSED] - Object: 'Object Repository/Final Object Repo/Page_Form 3 EIS - Cessation as Employer/Employment Resign Date - Year - Date' is clicked on

2018-12-12 18:17:47 - [TEST_STEP][PASSED] - delay: Delayed 2 second(s)

2018-12-12 18:17:49 - [MESSAGE][PASSED] - Delayed 2 second(s)

2018-12-12 18:17:49 - [TEST_STEP][PASSED] - click: Object: 'Object Repository/Final Object Repo/Page_Form 3 EIS - Cessation as Employer/Save  Continue in Employment Resign Page' is clicked on

2018-12-12 18:17:49 - [MESSAGE][PASSED] - Object: 'Object Repository/Final Object Repo/Page_Form 3 EIS - Cessation as Employer/Save  Continue in Employment Resign Page' is clicked on

2018-12-12 18:17:49 - [TEST_STEP][PASSED] - delay: Delayed 2 second(s)

2018-12-12 18:17:51 - [MESSAGE][PASSED] - Delayed 2 second(s)

2018-12-12 18:17:51 - [TEST_STEP][PASSED] - click: Object: 'Object Repository/Final Object Repo/Page_Form 3 EIS - Cessation as Employer/Set Latest - Yes' is clicked on

2018-12-12 18:17:51 - [MESSAGE][PASSED] - Object: 'Object Repository/Final Object Repo/Page_Form 3 EIS - Cessation as Employer/Set Latest - Yes' is clicked on

2018-12-12 18:17:51 - [TEST_STEP][PASSED] - delay: Delayed 2 second(s)

2018-12-12 18:17:53 - [MESSAGE][PASSED] - Delayed 2 second(s)

2018-12-12 18:17:53 - [TEST_STEP][PASSED] - click: Object: 'Object Repository/Final Object Repo/Page_Form 3 EIS - Cessation as Employer/Add Document' is clicked on

2018-12-12 18:17:54 - [MESSAGE][PASSED] - Object: 'Object Repository/Final Object Repo/Page_Form 3 EIS - Cessation as Employer/Add Document' is clicked on

2018-12-12 18:17:54 - [TEST_STEP][PASSED] - delay: Delayed 3 second(s)

2018-12-12 18:17:57 - [MESSAGE][PASSED] - Delayed 3 second(s)

2018-12-12 18:17:57 - [TEST_STEP][PASSED] - click: Object: 'Object Repository/Final Object Repo/Page_Form 3 EIS - Cessation as Employer/Document Type' is clicked on

2018-12-12 18:17:57 - [MESSAGE][PASSED] - Object: 'Object Repository/Final Object Repo/Page_Form 3 EIS - Cessation as Employer/Document Type' is clicked on

2018-12-12 18:17:57 - [TEST_STEP][PASSED] - click: Object: 'Object Repository/Final Object Repo/Page_Form 3 EIS - Cessation as Employer/Document Type - Form 3' is clicked on

2018-12-12 18:17:57 - [MESSAGE][PASSED] - Object: 'Object Repository/Final Object Repo/Page_Form 3 EIS - Cessation as Employer/Document Type - Form 3' is clicked on

2018-12-12 18:17:57 - [TEST_STEP][PASSED] - delay: Delayed 2 second(s)

2018-12-12 18:17:59 - [MESSAGE][PASSED] - Delayed 2 second(s)

2018-12-12 18:17:59 - [TEST_STEP][PASSED] - sendKeys: Keys 'C:\Users\Public\Pictures\Sample Pictures\Koala.jpg' sent to object: 'Object Repository/Final Object Repo/Page_Form 3 EIS - Cessation as Employer/ploading File'

2018-12-12 18:17:59 - [MESSAGE][PASSED] - Keys 'C:\Users\Public\Pictures\Sample Pictures\Koala.jpg' sent to object: 'Object Repository/Final Object Repo/Page_Form 3 EIS - Cessation as Employer/ploading File'

2018-12-12 18:17:59 - [TEST_STEP][PASSED] - delay: Delayed 1 second(s)

2018-12-12 18:18:00 - [MESSAGE][PASSED] - Delayed 1 second(s)

2018-12-12 18:18:00 - [TEST_STEP][PASSED] - click: Object: 'Object Repository/Final Object Repo/Page_Form 3 EIS - Cessation as Employer/Add Document in Uploading Page' is clicked on

2018-12-12 18:18:01 - [MESSAGE][PASSED] - Object: 'Object Repository/Final Object Repo/Page_Form 3 EIS - Cessation as Employer/Add Document in Uploading Page' is clicked on

2018-12-12 18:18:01 - [TEST_STEP][PASSED] - delay: Delayed 2 second(s)

2018-12-12 18:18:03 - [MESSAGE][PASSED] - Delayed 2 second(s)

2018-12-12 18:18:03 - [TEST_STEP][PASSED] - Statement - CaseReferenceNo = com.kms.katalon.core.webui.keyword.WebUiBuiltInKeywords.getText(com.kms.katalon.core.testobject.ObjectRepository.findTestObject(Final Object Repo/Page_Update Employer Information/Reference Number in Update Employee Information Page)): Text of object 'Object Repository/Final Object Repo/Page_Update Employer Information/Reference Number in Update Employee Information Page' is: 'ERN122018C200002412'

2018-12-12 18:18:05 - [MESSAGE][PASSED] - Text of object 'Object Repository/Final Object Repo/Page_Update Employer Information/Reference Number in Update Employee Information Page' is: 'ERN122018C200002412'

2018-12-12 18:18:05 - [TEST_STEP][PASSED] - callTestCase: Call Test Case 'Test Cases/Final Aug 2018 - PKS Automation/Common/Reference Number Setter' successfully

2018-12-12 18:18:05 - [TEST_CASE][PASSED] - Test Cases/Final Aug 2018 - PKS Automation/Common/Reference Number Setter: Test Cases/Final Aug 2018 - PKS Automation/Common/Reference Number Setter

2018-12-12 18:18:05 - [TEST_STEP][PASSED] - Statement - RefNoOldFile = new java.io.File(C://Users//Admin//Desktop//PKS//Automation Reference Point//KatalonReference.txt): null

2018-12-12 18:18:05 - [TEST_STEP][PASSED] - Statement - RefNoOldFile.delete(): null

2018-12-12 18:18:05 - [TEST_STEP][PASSED] - delay: Delayed 5 second(s)

2018-12-12 18:18:10 - [MESSAGE][PASSED] - Delayed 5 second(s)

2018-12-12 18:18:10 - [TEST_STEP][PASSED] - Statement - RefNo = new java.io.File(C://Users//Admin//Desktop//PKS//Automation Reference Point//KatalonReference.txt): null

2018-12-12 18:18:10 - [TEST_STEP][PASSED] - Statement - f2 = new java.io.FileWriter(RefNo, false): null

2018-12-12 18:18:10 - [TEST_STEP][PASSED] - Statement - f2.write(CaseReferenceNo): null

2018-12-12 18:18:10 - [TEST_STEP][PASSED] - Statement - f2.close(): null

2018-12-12 18:18:10 - [TEST_STEP][PASSED] - Statement - out.println("


" + CaseReferenceNo + "


"): null

2018-12-12 18:18:10 - [MESSAGE][PASSED] - Call Test Case 'Test Cases/Final Aug 2018 - PKS Automation/Common/Reference Number Setter' successfully

2018-12-12 18:18:10 - [TEST_STEP][PASSED] - delay: Delayed 2 second(s)

2018-12-12 18:18:12 - [MESSAGE][PASSED] - Delayed 2 second(s)

2018-12-12 18:18:12 - [TEST_STEP][PASSED] - click: Object: 'Object Repository/Final Object Repo/Page_Form 3 EIS - Cessation as Employer/Save  Continue in Uploading Page' is clicked on

2018-12-12 18:18:12 - [MESSAGE][PASSED] - Object: 'Object Repository/Final Object Repo/Page_Form 3 EIS - Cessation as Employer/Save  Continue in Uploading Page' is clicked on

2018-12-12 18:18:12 - [TEST_STEP][PASSED] - delay: Delayed 2 second(s)

2018-12-12 18:18:14 - [MESSAGE][PASSED] - Delayed 2 second(s)

2018-12-12 18:18:14 - [TEST_STEP][PASSED] - click: Object: 'Object Repository/Final Object Repo/Page_Form 3 EIS - Cessation as Employer/Submit' is clicked on

2018-12-12 18:18:17 - [MESSAGE][PASSED] - Object: 'Object Repository/Final Object Repo/Page_Form 3 EIS - Cessation as Employer/Submit' is clicked on

2018-12-12 18:18:17 - [TEST_STEP][PASSED] - delay: Delayed 2 second(s)

2018-12-12 18:18:19 - [MESSAGE][PASSED] - Delayed 2 second(s)

2018-12-12 18:18:19 - [TEST_STEP][PASSED] - click: Object: 'Object Repository/Final Object Repo/Page_Form 3 EIS - Cessation as Employer/Confirm' is clicked on

2018-12-12 18:18:19 - [MESSAGE][PASSED] - Object: 'Object Repository/Final Object Repo/Page_Form 3 EIS - Cessation as Employer/Confirm' is clicked on

2018-12-12 18:18:19 - [TEST_STEP][PASSED] - delay: Delayed 2 second(s)

2018-12-12 18:18:21 - [MESSAGE][PASSED] - Delayed 2 second(s)

2018-12-12 18:18:21 - [TEST_STEP][PASSED] - click: Object: 'Object Repository/Final Object Repo/Page_Form 3 EIS - Cessation as Employer/Message Your Request will be routed to UO' is clicked on

2018-12-12 18:18:24 - [MESSAGE][PASSED] - Object: 'Object Repository/Final Object Repo/Page_Form 3 EIS - Cessation as Employer/Message Your Request will be routed to UO' is clicked on

2018-12-12 18:18:24 - [TEST_STEP][PASSED] - click: Object: 'Object Repository/Final Object Repo/Page_Form 3 EIS - Cessation as Employer/Letter of acknowledgement' is clicked on

2018-12-12 18:18:25 - [MESSAGE][PASSED] - Object: 'Object Repository/Final Object Repo/Page_Form 3 EIS - Cessation as Employer/Letter of acknowledgement' is clicked on

2018-12-12 18:18:25 - [MESSAGE][PASSED] - Call Test Case 'Test Cases/Final Aug 2018 - PKS Automation/Registration Module/Workflow/Form 3 EIS - Cessation As Employer/Template/Form 3 A - Cessation As Employer (PKRBO)' successfully

2018-12-12 18:18:25 - [TEST_STEP][PASSED] - callTestCase: Call Test Case 'Test Cases/Final Aug 2018 - PKS Automation/Registration Module/Workflow/Form 3 EIS - Cessation As Employer/Template/Form 3 A - Cessation As Employer (Under enforcement)' successfully

2018-12-12 18:18:25 - [TEST_CASE][PASSED] - Test Cases/Final Aug 2018 - PKS Automation/Registration Module/Workflow/Form 3 EIS - Cessation As Employer/Template/Form 3 A - Cessation As Employer (Under enforcement): Test Cases/Final Aug 2018 - PKS Automation/Registration Module/Workflow/Form 3 EIS - Cessation As Employer/Template/Form 3 A - Cessation As Employer (Under enforcement)

2018-12-12 18:18:25 - [TEST_STEP][NOT_RUN] - callTestCase: NOT_RUN: callTestCase

2018-12-12 18:18:25 - [MESSAGE][NOT_RUN] - NOT_RUN: callTestCase

2018-12-12 18:18:25 - [TEST_STEP][PASSED] - delay: Delayed 1 second(s)

2018-12-12 18:18:26 - [MESSAGE][PASSED] - Delayed 1 second(s)

2018-12-12 18:18:26 - [TEST_STEP][PASSED] - navigateToUrl: Navigate to 'https://assist2-uat.perkeso.gov.my/c/portal/logout' successfully

2018-12-12 18:18:27 - [MESSAGE][PASSED] - Navigate to 'https://assist2-uat.perkeso.gov.my/c/portal/logout' successfully

2018-12-12 18:18:27 - [TEST_STEP][PASSED] - delay: Delayed 1 second(s)

2018-12-12 18:18:28 - [MESSAGE][PASSED] - Delayed 1 second(s)

2018-12-12 18:18:28 - [TEST_STEP][PASSED] - callTestCase: Call Test Case 'Test Cases/Final Aug 2018 - PKS Automation/Common/Reference Number Getter' successfully

2018-12-12 18:18:28 - [TEST_CASE][PASSED] - Test Cases/Final Aug 2018 - PKS Automation/Common/Reference Number Getter: Test Cases/Final Aug 2018 - PKS Automation/Common/Reference Number Getter

2018-12-12 18:18:28 - [TEST_STEP][PASSED] - Statement - Try: null

2018-12-12 18:18:28 - [TEST_STEP][PASSED] - Statement - RefNo = new java.io.File(C://Users//Admin//Desktop//PKS//Automation Reference Point//KatalonReference.txt): null

2018-12-12 18:18:28 - [TEST_STEP][PASSED] - Statement - bufferread = new java.io.BufferedReader(new java.io.FileReader(RefNo)): null

2018-12-12 18:18:28 - [TEST_STEP][PASSED] - Statement - readedVal = bufferread.readLine(): null

2018-12-12 18:18:28 - [TEST_STEP][PASSED] - Statement - out.println(CaseReferenceNo): null

2018-12-12 18:18:28 - [TEST_STEP][PASSED] - Statement - out.println(readedVal): null

2018-12-12 18:18:28 - [TEST_STEP][PASSED] - Statement - CaseReferenceNo = "": null

2018-12-12 18:18:28 - [TEST_STEP][PASSED] - Statement - CaseReferenceNo = readedVal: null

2018-12-12 18:18:28 - [MESSAGE][PASSED] - Call Test Case 'Test Cases/Final Aug 2018 - PKS Automation/Common/Reference Number Getter' successfully

2018-12-12 18:18:28 - [TEST_STEP][PASSED] - callTestCase: Call Test Case 'Test Cases/Final Aug 2018 - PKS Automation/Common/Workflow Owner Finder' successfully

2018-12-12 18:18:28 - [TEST_CASE][PASSED] - Test Cases/Final Aug 2018 - PKS Automation/Common/Workflow Owner Finder: Test Cases/Final Aug 2018 - PKS Automation/Common/Workflow Owner Finder

2018-12-12 18:18:28 - [TEST_STEP][PASSED] - openBrowser: Browser is opened with url: ''

2018-12-12 18:18:28 - [MESSAGE][WARNING] - A browser is already opened. Closing browser and opening a new one

2018-12-12 18:18:32 - [MESSAGE][PASSED] - Browser is opened with url: ''

2018-12-12 18:18:32 - [TEST_STEP][PASSED] - navigateToUrl: Navigate to 'https://assist2-uat.perkeso.gov.my/login' successfully

2018-12-12 18:18:33 - [MESSAGE][PASSED] - Navigate to 'https://assist2-uat.perkeso.gov.my/login' successfully

2018-12-12 18:18:33 - [TEST_STEP][PASSED] - delay: Delayed 5 second(s)

2018-12-12 18:18:38 - [MESSAGE][PASSED] - Delayed 5 second(s)

2018-12-12 18:18:38 - [TEST_STEP][PASSED] - setText: Text 'test@liferay.com' is set on object 'Object Repository/Final Object Repo/Login Page/Internal User/Email Address'

2018-12-12 18:18:38 - [MESSAGE][PASSED] - Text 'test@liferay.com' is set on object 'Object Repository/Final Object Repo/Login Page/Internal User/Email Address'

2018-12-12 18:18:38 - [TEST_STEP][PASSED] - click: Object: 'Object Repository/Final Object Repo/Login Page/Internal User/Next Button' is clicked on

2018-12-12 18:18:38 - [MESSAGE][PASSED] - Object: 'Object Repository/Final Object Repo/Login Page/Internal User/Next Button' is clicked on

2018-12-12 18:18:38 - [TEST_STEP][PASSED] - delay: Delayed 2 second(s)

2018-12-12 18:18:40 - [MESSAGE][PASSED] - Delayed 2 second(s)

2018-12-12 18:18:40 - [TEST_STEP][PASSED] - setText: Text 'test' is set on object 'Object Repository/Final Object Repo/Login Page/Internal User/Password'

2018-12-12 18:18:41 - [MESSAGE][PASSED] - Text 'test' is set on object 'Object Repository/Final Object Repo/Login Page/Internal User/Password'

2018-12-12 18:18:41 - [TEST_STEP][PASSED] - delay: Delayed 2 second(s)

2018-12-12 18:18:43 - [MESSAGE][PASSED] - Delayed 2 second(s)

2018-12-12 18:18:43 - [TEST_STEP][PASSED] - click: Object: 'Object Repository/Final Object Repo/Login Page/Internal User/Login Button' is clicked on

2018-12-12 18:18:43 - [MESSAGE][PASSED] - Object: 'Object Repository/Final Object Repo/Login Page/Internal User/Login Button' is clicked on

2018-12-12 18:18:43 - [TEST_STEP][PASSED] - Statement - tester = com.kms.katalon.core.testobject.ObjectRepository.findTestObject(Final Object Repo/Landing Page/Select to English): Finding Test Object with id 'Object Repository/Final Object Repo/Landing Page/Select to English'

2018-12-12 18:18:43 - [TEST_STEP][PASSED] - Statement - Try: Delayed 2 second(s)

2018-12-12 18:18:43 - [TEST_STEP][PASSED] - Statement - Checker = com.kms.katalon.core.webui.keyword.WebUiBuiltInKeywords.verifyElementNotPresent(tester, 3): Web element with id: 'Object Repository/Final Object Repo/Landing Page/Select to English' located by 'By.xpath: //a[@class = 'taglib-language-list-text' and @lang = 'en-US' and (contains(text(), 'EN') or contains(., 'EN'))]' is not present after '3' second(s)

2018-12-12 18:18:45 - [MESSAGE][PASSED] - Web element with id: 'Object Repository/Final Object Repo/Landing Page/Select to English' located by 'By.xpath: //a[@class = 'taglib-language-list-text' and @lang = 'en-US' and (contains(text(), 'EN') or contains(., 'EN'))]' is not present after '3' second(s)

2018-12-12 18:18:45 - [TEST_STEP][PASSED] - Statement - If (Checker == false): null

2018-12-12 18:18:45 - [TEST_STEP][PASSED] - delay: Delayed 2 second(s)

2018-12-12 18:18:47 - [MESSAGE][PASSED] - Delayed 2 second(s)

2018-12-12 18:18:47 - [TEST_STEP][PASSED] - delay: Delayed 5 second(s)

2018-12-12 18:18:52 - [MESSAGE][PASSED] - Delayed 5 second(s)

2018-12-12 18:18:52 - [TEST_STEP][PASSED] - mouseOver: Object: 'Object Repository/Final Object Repo/Landing Page/WorkFlow Menu' is hovered

2018-12-12 18:18:52 - [MESSAGE][PASSED] - Object: 'Object Repository/Final Object Repo/Landing Page/WorkFlow Menu' is hovered

2018-12-12 18:18:52 - [TEST_STEP][PASSED] - delay: Delayed 2 second(s)

2018-12-12 18:18:54 - [MESSAGE][PASSED] - Delayed 2 second(s)

2018-12-12 18:18:54 - [TEST_STEP][PASSED] - click: Object: 'Object Repository/Final Object Repo/Landing Page/Select to Workflow Listing' is clicked on

2018-12-12 18:18:55 - [MESSAGE][PASSED] - Object: 'Object Repository/Final Object Repo/Landing Page/Select to Workflow Listing' is clicked on

2018-12-12 18:18:55 - [TEST_STEP][PASSED] - delay: Delayed 2 second(s)

2018-12-12 18:18:57 - [MESSAGE][PASSED] - Delayed 2 second(s)

2018-12-12 18:18:57 - [TEST_STEP][PASSED] - click: Object: 'Object Repository/Final Object Repo/WorkFlow Listing Page/Search Information - To Put Ref No' is clicked on

2018-12-12 18:18:57 - [MESSAGE][PASSED] - Object: 'Object Repository/Final Object Repo/WorkFlow Listing Page/Search Information - To Put Ref No' is clicked on

2018-12-12 18:18:57 - [TEST_STEP][PASSED] - delay: Delayed 2 second(s)

2018-12-12 18:18:59 - [MESSAGE][PASSED] - Delayed 2 second(s)

2018-12-12 18:18:59 - [TEST_STEP][PASSED] - callTestCase: Call Test Case 'Test Cases/Final Aug 2018 - PKS Automation/Common/Reference Number Getter' successfully

2018-12-12 18:18:59 - [TEST_CASE][PASSED] - Test Cases/Final Aug 2018 - PKS Automation/Common/Reference Number Getter: Test Cases/Final Aug 2018 - PKS Automation/Common/Reference Number Getter

2018-12-12 18:18:59 - [TEST_STEP][PASSED] - Statement - Try: null

2018-12-12 18:18:59 - [TEST_STEP][PASSED] - Statement - RefNo = new java.io.File(C://Users//Admin//Desktop//PKS//Automation Reference Point//KatalonReference.txt): null

2018-12-12 18:18:59 - [TEST_STEP][PASSED] - Statement - bufferread = new java.io.BufferedReader(new java.io.FileReader(RefNo)): null

2018-12-12 18:18:59 - [TEST_STEP][PASSED] - Statement - readedVal = bufferread.readLine(): null

2018-12-12 18:18:59 - [TEST_STEP][PASSED] - Statement - out.println(CaseReferenceNo): null

2018-12-12 18:18:59 - [TEST_STEP][PASSED] - Statement - out.println(readedVal): null

2018-12-12 18:18:59 - [TEST_STEP][PASSED] - Statement - CaseReferenceNo = "": null

2018-12-12 18:18:59 - [TEST_STEP][PASSED] - Statement - CaseReferenceNo = readedVal: null

2018-12-12 18:18:59 - [MESSAGE][PASSED] - Call Test Case 'Test Cases/Final Aug 2018 - PKS Automation/Common/Reference Number Getter' successfully

2018-12-12 18:18:59 - [TEST_STEP][PASSED] - setText: Text 'ERN122018C200002412' is set on object 'Object Repository/Final Object Repo/WorkFlow Listing Page/Ref No Set Text'

2018-12-12 18:18:59 - [MESSAGE][PASSED] - Text 'ERN122018C200002412' is set on object 'Object Repository/Final Object Repo/WorkFlow Listing Page/Ref No Set Text'

2018-12-12 18:18:59 - [TEST_STEP][PASSED] - delay: Delayed 2 second(s)

2018-12-12 18:19:01 - [MESSAGE][PASSED] - Delayed 2 second(s)

2018-12-12 18:19:01 - [TEST_STEP][PASSED] - click: Object: 'Object Repository/Final Object Repo/WorkFlow Listing Page/Search Ref No Search Button' is clicked on

2018-12-12 18:19:02 - [MESSAGE][PASSED] - Object: 'Object Repository/Final Object Repo/WorkFlow Listing Page/Search Ref No Search Button' is clicked on

2018-12-12 18:19:02 - [TEST_STEP][PASSED] - delay: Delayed 6 second(s)

2018-12-12 18:19:08 - [MESSAGE][PASSED] - Delayed 6 second(s)

2018-12-12 18:19:08 - [TEST_STEP][PASSED] - click: Object: 'Object Repository/Final Object Repo/WorkFlow Listing Page/Click Continue Tooltip' is clicked on

2018-12-12 18:19:08 - [MESSAGE][PASSED] - Object: 'Object Repository/Final Object Repo/WorkFlow Listing Page/Click Continue Tooltip' is clicked on

2018-12-12 18:19:08 - [TEST_STEP][PASSED] - delay: Delayed 5 second(s)

2018-12-12 18:19:13 - [MESSAGE][PASSED] - Delayed 5 second(s)

2018-12-12 18:19:13 - [TEST_STEP][PASSED] - doubleClick: Object: 'Object Repository/Final Object Repo/WorkFlow Listing Page/Workflow Found - Listing 1' is double clicked on

2018-12-12 18:19:14 - [MESSAGE][PASSED] - Object: 'Object Repository/Final Object Repo/WorkFlow Listing Page/Workflow Found - Listing 1' is double clicked on

2018-12-12 18:19:14 - [TEST_STEP][PASSED] - Statement - println(OwnerID): null

2018-12-12 18:19:14 - [TEST_STEP][PASSED] - Statement - OwnerID = com.kms.katalon.core.webui.keyword.WebUiBuiltInKeywords.getText(com.kms.katalon.core.testobject.ObjectRepository.findTestObject(Final Object Repo/WorkFlow Listing Page/Workflow Found - Listing 1), STOP_ON_FAILURE): Text of object 'Object Repository/Final Object Repo/WorkFlow Listing Page/Workflow Found - Listing 1' is: 'JOHORuo1'

2018-12-12 18:19:14 - [MESSAGE][PASSED] - Text of object 'Object Repository/Final Object Repo/WorkFlow Listing Page/Workflow Found - Listing 1' is: 'JOHORuo1'

2018-12-12 18:19:14 - [TEST_STEP][PASSED] - Statement - OwnerID = OwnerID.toLowerCase() + "@gmail.com": null

2018-12-12 18:19:14 - [TEST_STEP][PASSED] - Statement - println(OwnerID): null

2018-12-12 18:19:14 - [TEST_STEP][PASSED] - delay: Delayed 2 second(s)

2018-12-12 18:19:16 - [MESSAGE][PASSED] - Delayed 2 second(s)

2018-12-12 18:19:16 - [MESSAGE][PASSED] - Call Test Case 'Test Cases/Final Aug 2018 - PKS Automation/Common/Workflow Owner Finder' successfully

2018-12-12 18:19:16 - [TEST_STEP][PASSED] - delay: Delayed 1 second(s)

2018-12-12 18:19:17 - [MESSAGE][PASSED] - Delayed 1 second(s)

2018-12-12 18:19:17 - [TEST_STEP][PASSED] - navigateToUrl: Navigate to 'https://assist2-uat.perkeso.gov.my/c/portal/logout' successfully

2018-12-12 18:19:18 - [MESSAGE][PASSED] - Navigate to 'https://assist2-uat.perkeso.gov.my/c/portal/logout' successfully

2018-12-12 18:19:18 - [TEST_STEP][PASSED] - delay: Delayed 1 second(s)

2018-12-12 18:19:19 - [MESSAGE][PASSED] - Delayed 1 second(s)

2018-12-12 18:19:19 - [TEST_STEP][PASSED] - callTestCase: Call Test Case 'Test Cases/Final Aug 2018 - PKS Automation/Registration Module/Workflow/Login and Search Case For Workflow' successfully

2018-12-12 18:19:19 - [TEST_CASE][PASSED] - Test Cases/Final Aug 2018 - PKS Automation/Registration Module/Workflow/Login and Search Case For Workflow: Test Cases/Final Aug 2018 - PKS Automation/Registration Module/Workflow/Login and Search Case For Workflow

2018-12-12 18:19:19 - [TEST_STEP][PASSED] - navigateToUrl: Navigate to 'https://assist2-uat.perkeso.gov.my/login' successfully

2018-12-12 18:19:19 - [MESSAGE][PASSED] - Navigate to 'https://assist2-uat.perkeso.gov.my/login' successfully

2018-12-12 18:19:19 - [TEST_STEP][PASSED] - setText: Text 'johoruo1@gmail.com' is set on object 'Object Repository/Final Object Repo/Login Page/Internal User/Email Address'

2018-12-12 18:19:20 - [MESSAGE][PASSED] - Text 'johoruo1@gmail.com' is set on object 'Object Repository/Final Object Repo/Login Page/Internal User/Email Address'

2018-12-12 18:19:20 - [TEST_STEP][PASSED] - click: Object: 'Object Repository/Final Object Repo/Login Page/Internal User/Next Button' is clicked on

2018-12-12 18:19:20 - [MESSAGE][PASSED] - Object: 'Object Repository/Final Object Repo/Login Page/Internal User/Next Button' is clicked on

2018-12-12 18:19:20 - [TEST_STEP][PASSED] - delay: Delayed 1 second(s)

2018-12-12 18:19:21 - [MESSAGE][PASSED] - Delayed 1 second(s)

2018-12-12 18:19:21 - [TEST_STEP][PASSED] - setEncryptedText: Text ****** has been set on object 'Object Repository/Final Object Repo/Login Page/Internal User/Password'

2018-12-12 18:19:21 - [MESSAGE][PASSED] - Text ****** has been set on object 'Object Repository/Final Object Repo/Login Page/Internal User/Password'

2018-12-12 18:19:21 - [TEST_STEP][PASSED] - click: Object: 'Object Repository/Final Object Repo/Login Page/Internal User/Login Button' is clicked on

2018-12-12 18:19:21 - [MESSAGE][PASSED] - Object: 'Object Repository/Final Object Repo/Login Page/Internal User/Login Button' is clicked on

2018-12-12 18:19:21 - [TEST_STEP][PASSED] - delay: Delayed 2 second(s)

2018-12-12 18:19:23 - [MESSAGE][PASSED] - Delayed 2 second(s)

2018-12-12 18:19:23 - [TEST_STEP][PASSED] - Statement - Try: Delayed 2 second(s)

2018-12-12 18:19:23 - [TEST_STEP][PASSED] - Statement - Checker = false: null

2018-12-12 18:19:23 - [TEST_STEP][PASSED] - Statement - Checker = com.kms.katalon.core.webui.keyword.WebUiBuiltInKeywords.verifyElementHasAttribute(com.kms.katalon.core.testobject.ObjectRepository.findTestObject(Final Object Repo/Landing Page/BM Detecting), "href", 20, OPTIONAL): Object 'Object Repository/Final Object Repo/Landing Page/BM Detecting' has attribute 'href'

2018-12-12 18:19:23 - [MESSAGE][PASSED] - Object 'Object Repository/Final Object Repo/Landing Page/BM Detecting' has attribute 'href'

2018-12-12 18:19:23 - [TEST_STEP][PASSED] - Statement - out.println(Checker): null

2018-12-12 18:19:23 - [TEST_STEP][PASSED] - Statement - If (Checker == false): null

2018-12-12 18:19:23 - [TEST_STEP][PASSED] - Statement - Else: null

2018-12-12 18:19:23 - [TEST_STEP][PASSED] - delay: Delayed 2 second(s)

2018-12-12 18:19:25 - [MESSAGE][PASSED] - Delayed 2 second(s)

2018-12-12 18:19:25 - [TEST_STEP][PASSED] - click: Object: 'Object Repository/Final Object Repo/Page_MyASSIST - ASSIST - Search Pending Case For Add Supporting Document/Search Information' is clicked on

2018-12-12 18:19:25 - [MESSAGE][PASSED] - Object: 'Object Repository/Final Object Repo/Page_MyASSIST - ASSIST - Search Pending Case For Add Supporting Document/Search Information' is clicked on

2018-12-12 18:19:25 - [TEST_STEP][PASSED] - delay: Delayed 3 second(s)

2018-12-12 18:19:28 - [MESSAGE][PASSED] - Delayed 3 second(s)

2018-12-12 18:19:28 - [TEST_STEP][PASSED] - sendKeys: Keys 'ERN122018C200002412' sent to object: 'Object Repository/Final Object Repo/Page_MyASSIST - ASSIST - Search Pending Case For Add Supporting Document/Reference No'

2018-12-12 18:19:29 - [MESSAGE][PASSED] - Keys 'ERN122018C200002412' sent to object: 'Object Repository/Final Object Repo/Page_MyASSIST - ASSIST - Search Pending Case For Add Supporting Document/Reference No'

2018-12-12 18:19:29 - [TEST_STEP][PASSED] - click: Object: 'Object Repository/Final Object Repo/Page_MyASSIST - ASSIST - Search Pending Case For Add Supporting Document/Search Reference No' is clicked on

2018-12-12 18:19:29 - [MESSAGE][PASSED] - Object: 'Object Repository/Final Object Repo/Page_MyASSIST - ASSIST - Search Pending Case For Add Supporting Document/Search Reference No' is clicked on

2018-12-12 18:19:29 - [TEST_STEP][PASSED] - delay: Delayed 2 second(s)

2018-12-12 18:19:31 - [MESSAGE][PASSED] - Delayed 2 second(s)

2018-12-12 18:19:31 - [TEST_STEP][PASSED] - click: Object: 'Object Repository/Final Object Repo/Page_MyASSIST - ASSIST - Search Pending Case For Add Supporting Document/Continue' is clicked on

2018-12-12 18:19:34 - [MESSAGE][PASSED] - Object: 'Object Repository/Final Object Repo/Page_MyASSIST - ASSIST - Search Pending Case For Add Supporting Document/Continue' is clicked on

2018-12-12 18:19:34 - [TEST_STEP][PASSED] - delay: Delayed 20 second(s)

2018-12-12 18:19:54 - [MESSAGE][PASSED] - Delayed 20 second(s)

2018-12-12 18:19:54 - [MESSAGE][PASSED] - Call Test Case 'Test Cases/Final Aug 2018 - PKS Automation/Registration Module/Workflow/Login and Search Case For Workflow' successfully

2018-12-12 18:19:54 - [TEST_STEP][PASSED] - click: Object: 'Object Repository/Final Object Repo/Page_Form 3 EIS - Cessation as Employer/Page_Form 3 EIS - Cessation as Employer (Approve)/Save  Continue in Form 3 Page' is clicked on

2018-12-12 18:19:54 - [MESSAGE][PASSED] - Object: 'Object Repository/Final Object Repo/Page_Form 3 EIS - Cessation as Employer/Page_Form 3 EIS - Cessation as Employer (Approve)/Save  Continue in Form 3 Page' is clicked on

2018-12-12 18:19:54 - [TEST_STEP][PASSED] - delay: Delayed 2 second(s)

2018-12-12 18:19:56 - [MESSAGE][PASSED] - Delayed 2 second(s)

2018-12-12 18:19:56 - [TEST_STEP][PASSED] - click: Object: 'Object Repository/Final Object Repo/Page_Form 3 EIS - Cessation as Employer/Page_Form 3 EIS - Cessation as Employer (Approve)/Save  Continue in Resigned Page' is clicked on

2018-12-12 18:19:56 - [MESSAGE][PASSED] - Object: 'Object Repository/Final Object Repo/Page_Form 3 EIS - Cessation as Employer/Page_Form 3 EIS - Cessation as Employer (Approve)/Save  Continue in Resigned Page' is clicked on

2018-12-12 18:19:56 - [TEST_STEP][PASSED] - delay: Delayed 2 second(s)

2018-12-12 18:19:58 - [MESSAGE][PASSED] - Delayed 2 second(s)

2018-12-12 18:19:58 - [TEST_STEP][PASSED] - click: Object: 'Object Repository/Final Object Repo/Page_Form 3 EIS - Cessation as Employer/Page_Form 3 EIS - Cessation as Employer (Approve)/Save  Continue in Uploading Page' is clicked on

2018-12-12 18:20:00 - [MESSAGE][PASSED] - Object: 'Object Repository/Final Object Repo/Page_Form 3 EIS - Cessation as Employer/Page_Form 3 EIS - Cessation as Employer (Approve)/Save  Continue in Uploading Page' is clicked on

2018-12-12 18:20:00 - [TEST_STEP][PASSED] - delay: Delayed 2 second(s)

2018-12-12 18:20:02 - [MESSAGE][PASSED] - Delayed 2 second(s)

2018-12-12 18:20:02 - [TEST_STEP][PASSED] - click: Object: 'Object Repository/Final Object Repo/Page_Form 3 EIS - Cessation as Employer/Page_Form 3 EIS - Cessation as Employer (Under enforcement)/Underenforcement' is clicked on

2018-12-12 18:20:05 - [MESSAGE][PASSED] - Object: 'Object Repository/Final Object Repo/Page_Form 3 EIS - Cessation as Employer/Page_Form 3 EIS - Cessation as Employer (Under enforcement)/Underenforcement' is clicked on

2018-12-12 18:20:05 - [TEST_STEP][PASSED] - delay: Delayed 2 second(s)

2018-12-12 18:20:07 - [MESSAGE][PASSED] - Delayed 2 second(s)

2018-12-12 18:20:07 - [TEST_STEP][PASSED] - setText: Text 'Remark' is set on object 'Object Repository/Final Object Repo/Page_Form 3 EIS - Cessation as Employer/Page_Form 3 EIS - Cessation as Employer (Under enforcement)/Under enforcement - Remark'

2018-12-12 18:20:07 - [MESSAGE][PASSED] - Text 'Remark' is set on object 'Object Repository/Final Object Repo/Page_Form 3 EIS - Cessation as Employer/Page_Form 3 EIS - Cessation as Employer (Under enforcement)/Under enforcement - Remark'

2018-12-12 18:20:07 - [TEST_STEP][PASSED] - delay: Delayed 2 second(s)

2018-12-12 18:20:09 - [MESSAGE][PASSED] - Delayed 2 second(s)

2018-12-12 18:20:09 - [TEST_STEP][PASSED] - click: Object: 'Object Repository/Final Object Repo/Page_Form 3 EIS - Cessation as Employer/Page_Form 3 EIS - Cessation as Employer (Under enforcement)/Save  Continue in Under enforcement' is clicked on

2018-12-12 18:20:09 - [MESSAGE][PASSED] - Object: 'Object Repository/Final Object Repo/Page_Form 3 EIS - Cessation as Employer/Page_Form 3 EIS - Cessation as Employer (Under enforcement)/Save  Continue in Under enforcement' is clicked on

2018-12-12 18:20:09 - [TEST_STEP][PASSED] - doubleClick: Object: 'Object Repository/Final Object Repo/Page_Form 3 EIS - Cessation as Employer/Page_Form 3 EIS - Cessation as Employer (Under enforcement)/Message The case is under enforcement' is double clicked on

2018-12-12 18:20:14 - [MESSAGE][PASSED] - Object: 'Object Repository/Final Object Repo/Page_Form 3 EIS - Cessation as Employer/Page_Form 3 EIS - Cessation as Employer (Under enforcement)/Message The case is under enforcement' is double clicked on

2018-12-12 18:20:14 - [MESSAGE][PASSED] - Call Test Case 'Test Cases/Final Aug 2018 - PKS Automation/Registration Module/Workflow/Form 3 EIS - Cessation As Employer/Template/Form 3 A - Cessation As Employer (Under enforcement)' successfully]]></system-out>
         <system-err><![CDATA[]]></system-err>
      </testcase>
      <system-out><![CDATA[2018-12-12 17:19:47 - [TEST_SUITE][FAILED] - Form 3 EIS - Cessation as Employer: Test Cases/Final Aug 2018 - PKS Automation/Registration Module/Workflow/Form 3 EIS - Cessation As Employer/OTC to UO (Query) FAILED because (of) (Stack trace: com.kms.katalon.core.exception.StepFailedException: Unable to click on object 'Object Repository/Final Object Repo/Page_Form 3 EIS - Cessation as Employer/Page_Form 3 EIS - Cessation as Employer (Query - OTC - UO)/Next' (Root cause: com.kms.katalon.core.webui.exception.WebElementNotFoundException: Web element with id: 'Object Repository/Final Object Repo/Page_Form 3 EIS - Cessation as Employer/Page_Form 3 EIS - Cessation as Employer (Query - OTC - UO)/Next' located by 'By.xpath: //a[(text() = ' NEXT
						' or . = ' NEXT
						')]' not found)
	at com.kms.katalon.core.keyword.internal.KeywordMain.stepFailed(KeywordMain.groovy:32)
	at com.kms.katalon.core.webui.keyword.internal.WebUIKeywordMain.stepFailed(WebUIKeywordMain.groovy:65)
	at com.kms.katalon.core.webui.keyword.internal.WebUIKeywordMain.runKeyword(WebUIKeywordMain.groovy:27)
	at com.kms.katalon.core.webui.keyword.builtin.ClickKeyword.click(ClickKeyword.groovy:86)
	at com.kms.katalon.core.webui.keyword.builtin.ClickKeyword.execute(ClickKeyword.groovy:67)
	at com.kms.katalon.core.keyword.internal.KeywordExecutor.executeKeywordForPlatform(KeywordExecutor.groovy:53)
	at com.kms.katalon.core.webui.keyword.WebUiBuiltInKeywords.click(WebUiBuiltInKeywords.groovy:616)
	at com.kms.katalon.core.webui.keyword.WebUiBuiltInKeywords$click$2.call(Unknown Source)
	at Script1536114876563.run(Script1536114876563.groovy:87)
	at com.kms.katalon.core.main.ScriptEngine.run(ScriptEngine.java:183)
	at com.kms.katalon.core.main.ScriptEngine.runScriptAsRawText(ScriptEngine.java:108)
	at com.kms.katalon.core.main.TestCaseExecutor.runScript(TestCaseExecutor.java:294)
	at com.kms.katalon.core.main.TestCaseExecutor.doExecute(TestCaseExecutor.java:285)
	at com.kms.katalon.core.main.TestCaseExecutor.processExecutionPhase(TestCaseExecutor.java:264)
	at com.kms.katalon.core.main.TestCaseExecutor.accessMainPhase(TestCaseExecutor.java:256)
	at com.kms.katalon.core.main.TestCaseExecutor.execute(TestCaseExecutor.java:200)
	at com.kms.katalon.core.main.TestCaseMain.runTestCase(TestCaseMain.java:99)
	at com.kms.katalon.core.keyword.builtin.CallTestCaseKeyword$_callTestCase_closure1.doCall(CallTestCaseKeyword.groovy:60)
	at com.kms.katalon.core.keyword.builtin.CallTestCaseKeyword$_callTestCase_closure1.call(CallTestCaseKeyword.groovy)
	at com.kms.katalon.core.keyword.internal.KeywordMain.runKeyword(KeywordMain.groovy:54)
	at com.kms.katalon.core.keyword.builtin.CallTestCaseKeyword.callTestCase(CallTestCaseKeyword.groovy:81)
	at com.kms.katalon.core.keyword.builtin.CallTestCaseKeyword.execute(CallTestCaseKeyword.groovy:45)
	at com.kms.katalon.core.keyword.internal.KeywordExecutor.executeKeywordForPlatform(KeywordExecutor.groovy:53)
	at com.kms.katalon.core.keyword.BuiltinKeywords.callTestCase(BuiltinKeywords.groovy:334)
	at sun.reflect.GeneratedMethodAccessor13.invoke(Unknown Source)
	at sun.reflect.DelegatingMethodAccessorImpl.invoke(DelegatingMethodAccessorImpl.java:43)
	at java.lang.reflect.Method.invoke(Method.java:498)
	at org.codehaus.groovy.reflection.CachedMethod.invoke(CachedMethod.java:93)
	at groovy.lang.MetaMethod.doMethodInvoke(MetaMethod.java:325)
	at groovy.lang.MetaClassImpl.invokeStaticMethod(MetaClassImpl.java:1469)
	at org.codehaus.groovy.runtime.callsite.StaticMetaClassSite.call(StaticMetaClassSite.java:53)
	at org.codehaus.groovy.runtime.callsite.CallSiteArray.defaultCall(CallSiteArray.java:48)
	at org.codehaus.groovy.runtime.callsite.AbstractCallSite.call(AbstractCallSite.java:113)
	at org.codehaus.groovy.runtime.callsite.AbstractCallSite.call(AbstractCallSite.java:141)
	at Script1536204253481.run(Script1536204253481.groovy:25)
	at com.kms.katalon.core.main.ScriptEngine.run(ScriptEngine.java:183)
	at com.kms.katalon.core.main.ScriptEngine.runScriptAsRawText(ScriptEngine.java:108)
	at com.kms.katalon.core.main.TestCaseExecutor.runScript(TestCaseExecutor.java:294)
	at com.kms.katalon.core.main.TestCaseExecutor.doExecute(TestCaseExecutor.java:285)
	at com.kms.katalon.core.main.TestCaseExecutor.processExecutionPhase(TestCaseExecutor.java:264)
	at com.kms.katalon.core.main.TestCaseExecutor.accessMainPhase(TestCaseExecutor.java:256)
	at com.kms.katalon.core.main.TestCaseExecutor.execute(TestCaseExecutor.java:200)
	at com.kms.katalon.core.main.TestSuiteExecutor.accessTestCaseMainPhase(TestSuiteExecutor.java:129)
	at com.kms.katalon.core.main.TestSuiteExecutor.accessTestSuiteMainPhase(TestSuiteExecutor.java:112)
	at com.kms.katalon.core.main.TestSuiteExecutor.execute(TestSuiteExecutor.java:81)
	at com.kms.katalon.core.main.TestCaseMain.startTestSuite(TestCaseMain.java:142)
	at com.kms.katalon.core.main.TestCaseMain$startTestSuite$0.call(Unknown Source)
	at org.codehaus.groovy.runtime.callsite.CallSiteArray.defaultCall(CallSiteArray.java:48)
	at org.codehaus.groovy.runtime.callsite.AbstractCallSite.call(AbstractCallSite.java:113)
	at org.codehaus.groovy.runtime.callsite.AbstractCallSite.call(AbstractCallSite.java:141)
	at TempTestSuite1544598049240.run(TempTestSuite1544598049240.groovy:36)
	at groovy.lang.GroovyShell.runScriptOrMainOrTestOrRunnable(GroovyShell.java:263)
	at groovy.lang.GroovyShell.run(GroovyShell.java:518)
	at groovy.lang.GroovyShell.run(GroovyShell.java:507)
	at groovy.ui.GroovyMain.processOnce(GroovyMain.java:653)
	at groovy.ui.GroovyMain.run(GroovyMain.java:384)
	at groovy.ui.GroovyMain.process(GroovyMain.java:370)
	at groovy.ui.GroovyMain.processArgs(GroovyMain.java:129)
	at groovy.ui.GroovyMain.main(GroovyMain.java:109)
	at sun.reflect.NativeMethodAccessorImpl.invoke0(Native Method)
	at sun.reflect.NativeMethodAccessorImpl.invoke(NativeMethodAccessorImpl.java:62)
	at sun.reflect.DelegatingMethodAccessorImpl.invoke(DelegatingMethodAccessorImpl.java:43)
	at java.lang.reflect.Method.invoke(Method.java:498)
	at org.codehaus.groovy.tools.GroovyStarter.rootLoader(GroovyStarter.java:109)
	at org.codehaus.groovy.tools.GroovyStarter.main(GroovyStarter.java:131)
)]]></system-out>
      <system-err><![CDATA[2018-12-12 17:19:47 - [TEST_SUITE][FAILED] - Form 3 EIS - Cessation as Employer: Test Cases/Final Aug 2018 - PKS Automation/Registration Module/Workflow/Form 3 EIS - Cessation As Employer/OTC to UO (Query) FAILED because (of) (Stack trace: com.kms.katalon.core.exception.StepFailedException: Unable to click on object 'Object Repository/Final Object Repo/Page_Form 3 EIS - Cessation as Employer/Page_Form 3 EIS - Cessation as Employer (Query - OTC - UO)/Next' (Root cause: com.kms.katalon.core.webui.exception.WebElementNotFoundException: Web element with id: 'Object Repository/Final Object Repo/Page_Form 3 EIS - Cessation as Employer/Page_Form 3 EIS - Cessation as Employer (Query - OTC - UO)/Next' located by 'By.xpath: //a[(text() = ' NEXT
						' or . = ' NEXT
						')]' not found)
	at com.kms.katalon.core.keyword.internal.KeywordMain.stepFailed(KeywordMain.groovy:32)
	at com.kms.katalon.core.webui.keyword.internal.WebUIKeywordMain.stepFailed(WebUIKeywordMain.groovy:65)
	at com.kms.katalon.core.webui.keyword.internal.WebUIKeywordMain.runKeyword(WebUIKeywordMain.groovy:27)
	at com.kms.katalon.core.webui.keyword.builtin.ClickKeyword.click(ClickKeyword.groovy:86)
	at com.kms.katalon.core.webui.keyword.builtin.ClickKeyword.execute(ClickKeyword.groovy:67)
	at com.kms.katalon.core.keyword.internal.KeywordExecutor.executeKeywordForPlatform(KeywordExecutor.groovy:53)
	at com.kms.katalon.core.webui.keyword.WebUiBuiltInKeywords.click(WebUiBuiltInKeywords.groovy:616)
	at com.kms.katalon.core.webui.keyword.WebUiBuiltInKeywords$click$2.call(Unknown Source)
	at Script1536114876563.run(Script1536114876563.groovy:87)
	at com.kms.katalon.core.main.ScriptEngine.run(ScriptEngine.java:183)
	at com.kms.katalon.core.main.ScriptEngine.runScriptAsRawText(ScriptEngine.java:108)
	at com.kms.katalon.core.main.TestCaseExecutor.runScript(TestCaseExecutor.java:294)
	at com.kms.katalon.core.main.TestCaseExecutor.doExecute(TestCaseExecutor.java:285)
	at com.kms.katalon.core.main.TestCaseExecutor.processExecutionPhase(TestCaseExecutor.java:264)
	at com.kms.katalon.core.main.TestCaseExecutor.accessMainPhase(TestCaseExecutor.java:256)
	at com.kms.katalon.core.main.TestCaseExecutor.execute(TestCaseExecutor.java:200)
	at com.kms.katalon.core.main.TestCaseMain.runTestCase(TestCaseMain.java:99)
	at com.kms.katalon.core.keyword.builtin.CallTestCaseKeyword$_callTestCase_closure1.doCall(CallTestCaseKeyword.groovy:60)
	at com.kms.katalon.core.keyword.builtin.CallTestCaseKeyword$_callTestCase_closure1.call(CallTestCaseKeyword.groovy)
	at com.kms.katalon.core.keyword.internal.KeywordMain.runKeyword(KeywordMain.groovy:54)
	at com.kms.katalon.core.keyword.builtin.CallTestCaseKeyword.callTestCase(CallTestCaseKeyword.groovy:81)
	at com.kms.katalon.core.keyword.builtin.CallTestCaseKeyword.execute(CallTestCaseKeyword.groovy:45)
	at com.kms.katalon.core.keyword.internal.KeywordExecutor.executeKeywordForPlatform(KeywordExecutor.groovy:53)
	at com.kms.katalon.core.keyword.BuiltinKeywords.callTestCase(BuiltinKeywords.groovy:334)
	at sun.reflect.GeneratedMethodAccessor13.invoke(Unknown Source)
	at sun.reflect.DelegatingMethodAccessorImpl.invoke(DelegatingMethodAccessorImpl.java:43)
	at java.lang.reflect.Method.invoke(Method.java:498)
	at org.codehaus.groovy.reflection.CachedMethod.invoke(CachedMethod.java:93)
	at groovy.lang.MetaMethod.doMethodInvoke(MetaMethod.java:325)
	at groovy.lang.MetaClassImpl.invokeStaticMethod(MetaClassImpl.java:1469)
	at org.codehaus.groovy.runtime.callsite.StaticMetaClassSite.call(StaticMetaClassSite.java:53)
	at org.codehaus.groovy.runtime.callsite.CallSiteArray.defaultCall(CallSiteArray.java:48)
	at org.codehaus.groovy.runtime.callsite.AbstractCallSite.call(AbstractCallSite.java:113)
	at org.codehaus.groovy.runtime.callsite.AbstractCallSite.call(AbstractCallSite.java:141)
	at Script1536204253481.run(Script1536204253481.groovy:25)
	at com.kms.katalon.core.main.ScriptEngine.run(ScriptEngine.java:183)
	at com.kms.katalon.core.main.ScriptEngine.runScriptAsRawText(ScriptEngine.java:108)
	at com.kms.katalon.core.main.TestCaseExecutor.runScript(TestCaseExecutor.java:294)
	at com.kms.katalon.core.main.TestCaseExecutor.doExecute(TestCaseExecutor.java:285)
	at com.kms.katalon.core.main.TestCaseExecutor.processExecutionPhase(TestCaseExecutor.java:264)
	at com.kms.katalon.core.main.TestCaseExecutor.accessMainPhase(TestCaseExecutor.java:256)
	at com.kms.katalon.core.main.TestCaseExecutor.execute(TestCaseExecutor.java:200)
	at com.kms.katalon.core.main.TestSuiteExecutor.accessTestCaseMainPhase(TestSuiteExecutor.java:129)
	at com.kms.katalon.core.main.TestSuiteExecutor.accessTestSuiteMainPhase(TestSuiteExecutor.java:112)
	at com.kms.katalon.core.main.TestSuiteExecutor.execute(TestSuiteExecutor.java:81)
	at com.kms.katalon.core.main.TestCaseMain.startTestSuite(TestCaseMain.java:142)
	at com.kms.katalon.core.main.TestCaseMain$startTestSuite$0.call(Unknown Source)
	at org.codehaus.groovy.runtime.callsite.CallSiteArray.defaultCall(CallSiteArray.java:48)
	at org.codehaus.groovy.runtime.callsite.AbstractCallSite.call(AbstractCallSite.java:113)
	at org.codehaus.groovy.runtime.callsite.AbstractCallSite.call(AbstractCallSite.java:141)
	at TempTestSuite1544598049240.run(TempTestSuite1544598049240.groovy:36)
	at groovy.lang.GroovyShell.runScriptOrMainOrTestOrRunnable(GroovyShell.java:263)
	at groovy.lang.GroovyShell.run(GroovyShell.java:518)
	at groovy.lang.GroovyShell.run(GroovyShell.java:507)
	at groovy.ui.GroovyMain.processOnce(GroovyMain.java:653)
	at groovy.ui.GroovyMain.run(GroovyMain.java:384)
	at groovy.ui.GroovyMain.process(GroovyMain.java:370)
	at groovy.ui.GroovyMain.processArgs(GroovyMain.java:129)
	at groovy.ui.GroovyMain.main(GroovyMain.java:109)
	at sun.reflect.NativeMethodAccessorImpl.invoke0(Native Method)
	at sun.reflect.NativeMethodAccessorImpl.invoke(NativeMethodAccessorImpl.java:62)
	at sun.reflect.DelegatingMethodAccessorImpl.invoke(DelegatingMethodAccessorImpl.java:43)
	at java.lang.reflect.Method.invoke(Method.java:498)
	at org.codehaus.groovy.tools.GroovyStarter.rootLoader(GroovyStarter.java:109)
	at org.codehaus.groovy.tools.GroovyStarter.main(GroovyStarter.java:131)
)]]></system-err>
   </testsuite>
</testsuites>
