<?xml version="1.0" encoding="UTF-8"?>
<testsuites name="Request SSN" time="2165" tests="2" failures="3" errors="1">
   <testsuite name="Request SSN" tests="2" failures="3" errors="1" time="2165" timestamp="2018-11-10 00:30:49" hostname="Wei Zheng - WeiZheng" id="Test Suites/Workflow/Request SSN">
      <properties>
         <property name="deviceName" value=""/>
         <property name="devicePlatform" value=""/>
         <property name="logFolder" value="C:\\Users\\LENOVO\\Katalon Studio\\Perkeso Phase A\\Reports\\Workflow\\Request SSN\\20181110_003047"/>
         <property name="logFiles" value="C:\\Users\\LENOVO\\Katalon Studio\\Perkeso Phase A\\Reports\\Workflow\\Request SSN\\20181110_003047\\execution0.log"/>
         <property name="attachments" value="C:\\Users\\LENOVO\\Katalon Studio\\Perkeso Phase A\\Reports\\Workflow\\Request SSN\\20181110_003047\\1541781236764.png, C:\\Users\\LENOVO\\Katalon Studio\\Perkeso Phase A\\Reports\\Workflow\\Request SSN\\20181110_003047\\1541781273554.png, C:\\Users\\LENOVO\\Katalon Studio\\Perkeso Phase A\\Reports\\Workflow\\Request SSN\\20181110_003047\\1541781687295.png, C:\\Users\\LENOVO\\Katalon Studio\\Perkeso Phase A\\Reports\\Workflow\\Request SSN\\20181110_003047\\1541781719374.png, C:\\Users\\LENOVO\\Katalon Studio\\Perkeso Phase A\\Reports\\Workflow\\Request SSN\\20181110_003047\\1541781721930.png, C:\\Users\\LENOVO\\Katalon Studio\\Perkeso Phase A\\Reports\\Workflow\\Request SSN\\20181110_003047\\1541782794012.png, C:\\Users\\LENOVO\\Katalon Studio\\Perkeso Phase A\\Reports\\Workflow\\Request SSN\\20181110_003047\\1541782826172.png, C:\\Users\\LENOVO\\Katalon Studio\\Perkeso Phase A\\Reports\\Workflow\\Request SSN\\20181110_003047\\1541782828724.png"/>
         <property name="hostName" value="Wei Zheng - WeiZheng"/>
         <property name="os" value="Windows 7 64bit"/>
         <property name="katalonVersion" value="5.8.0.1"/>
         <property name="browser" value="Firefox 63.0"/>
         <property name="hostAddress" value="192.168.137.1"/>
         <property name="sessionId" value="988a33ef-910f-4d68-b05d-de4514c04c3c"/>
         <property name="seleniumVersion" value="3.9.1"/>
         <property name="proxyInformation" value="ProxyInformation{proxyOption=NO_PROXY, proxyServerType=HTTP, password=, proxyServerAddress=, proxyServerPort=0}"/>
         <property name="platform" value="Windows 7"/>
      </properties>
      <testcase name="Test Cases/Final Aug 2018 - PKS Automation/Registration Module/Workflow/Request SSN/OTC - RIO - RO (Approve)" classname="Test Cases/Final Aug 2018 - PKS Automation/Registration Module/Workflow/Request SSN/OTC - RIO - RO (Approve)" status="FAILED">
         <failure type="FAILED" message="(Stack trace: com.kms.katalon.core.exception.StepFailedException: Unable to click on object 'Object Repository/Final Object Repo/WorkFlow Listing Page/Click Continue Tooltip' (Root cause: com.kms.katalon.core.webui.exception.WebElementNotFoundException: Web element with id: 'Object Repository/Final Object Repo/WorkFlow Listing Page/Click Continue Tooltip' located by 'By.xpath: //i[@aria-hidden = 'true' and @data-toggle = 'tooltip' and @data-original-title = 'Continue']' not found)
	at com.kms.katalon.core.keyword.internal.KeywordMain.stepFailed(KeywordMain.groovy:32)
	at com.kms.katalon.core.webui.keyword.internal.WebUIKeywordMain.stepFailed(WebUIKeywordMain.groovy:65)
	at com.kms.katalon.core.webui.keyword.internal.WebUIKeywordMain.runKeyword(WebUIKeywordMain.groovy:27)
	at com.kms.katalon.core.webui.keyword.builtin.ClickKeyword.click(ClickKeyword.groovy:86)
	at com.kms.katalon.core.webui.keyword.builtin.ClickKeyword.execute(ClickKeyword.groovy:67)
	at com.kms.katalon.core.keyword.internal.KeywordExecutor.executeKeywordForPlatform(KeywordExecutor.groovy:53)
	at com.kms.katalon.core.webui.keyword.WebUiBuiltInKeywords.click(WebUiBuiltInKeywords.groovy:616)
	at com.kms.katalon.core.webui.keyword.WebUiBuiltInKeywords$click$2.call(Unknown Source)
	at org.codehaus.groovy.runtime.callsite.CallSiteArray.defaultCall(CallSiteArray.java:48)
	at org.codehaus.groovy.runtime.callsite.AbstractCallSite.call(AbstractCallSite.java:113)
	at org.codehaus.groovy.runtime.callsite.AbstractCallSite.call(AbstractCallSite.java:125)
	at Script1534407542420.run(Script1534407542420.groovy:91)
	at com.kms.katalon.core.main.ScriptEngine.run(ScriptEngine.java:183)
	at com.kms.katalon.core.main.ScriptEngine.runScriptAsRawText(ScriptEngine.java:108)
	at com.kms.katalon.core.main.TestCaseExecutor.runScript(TestCaseExecutor.java:294)
	at com.kms.katalon.core.main.TestCaseExecutor.doExecute(TestCaseExecutor.java:285)
	at com.kms.katalon.core.main.TestCaseExecutor.processExecutionPhase(TestCaseExecutor.java:264)
	at com.kms.katalon.core.main.TestCaseExecutor.accessMainPhase(TestCaseExecutor.java:256)
	at com.kms.katalon.core.main.TestCaseExecutor.execute(TestCaseExecutor.java:200)
	at com.kms.katalon.core.main.TestCaseMain.runTestCase(TestCaseMain.java:99)
	at com.kms.katalon.core.keyword.builtin.CallTestCaseKeyword$_callTestCase_closure1.doCall(CallTestCaseKeyword.groovy:60)
	at com.kms.katalon.core.keyword.builtin.CallTestCaseKeyword$_callTestCase_closure1.call(CallTestCaseKeyword.groovy)
	at com.kms.katalon.core.keyword.internal.KeywordMain.runKeyword(KeywordMain.groovy:54)
	at com.kms.katalon.core.keyword.builtin.CallTestCaseKeyword.callTestCase(CallTestCaseKeyword.groovy:81)
	at com.kms.katalon.core.keyword.builtin.CallTestCaseKeyword.execute(CallTestCaseKeyword.groovy:45)
	at com.kms.katalon.core.keyword.internal.KeywordExecutor.executeKeywordForPlatform(KeywordExecutor.groovy:53)
	at com.kms.katalon.core.keyword.BuiltinKeywords.callTestCase(BuiltinKeywords.groovy:334)
	at sun.reflect.NativeMethodAccessorImpl.invoke0(Native Method)
	at sun.reflect.NativeMethodAccessorImpl.invoke(NativeMethodAccessorImpl.java:62)
	at sun.reflect.DelegatingMethodAccessorImpl.invoke(DelegatingMethodAccessorImpl.java:43)
	at java.lang.reflect.Method.invoke(Method.java:498)
	at org.codehaus.groovy.reflection.CachedMethod.invoke(CachedMethod.java:93)
	at groovy.lang.MetaMethod.doMethodInvoke(MetaMethod.java:325)
	at groovy.lang.MetaClassImpl.invokeStaticMethod(MetaClassImpl.java:1469)
	at org.codehaus.groovy.runtime.callsite.StaticMetaClassSite.call(StaticMetaClassSite.java:53)
	at org.codehaus.groovy.runtime.callsite.CallSiteArray.defaultCall(CallSiteArray.java:48)
	at org.codehaus.groovy.runtime.callsite.AbstractCallSite.call(AbstractCallSite.java:113)
	at org.codehaus.groovy.runtime.callsite.AbstractCallSite.call(AbstractCallSite.java:141)
	at Script1537865992110.run(Script1537865992110.groovy:30)
	at com.kms.katalon.core.main.ScriptEngine.run(ScriptEngine.java:183)
	at com.kms.katalon.core.main.ScriptEngine.runScriptAsRawText(ScriptEngine.java:108)
	at com.kms.katalon.core.main.TestCaseExecutor.runScript(TestCaseExecutor.java:294)
	at com.kms.katalon.core.main.TestCaseExecutor.doExecute(TestCaseExecutor.java:285)
	at com.kms.katalon.core.main.TestCaseExecutor.processExecutionPhase(TestCaseExecutor.java:264)
	at com.kms.katalon.core.main.TestCaseExecutor.accessMainPhase(TestCaseExecutor.java:256)
	at com.kms.katalon.core.main.TestCaseExecutor.execute(TestCaseExecutor.java:200)
	at com.kms.katalon.core.main.TestCaseMain.runTestCase(TestCaseMain.java:99)
	at com.kms.katalon.core.keyword.builtin.CallTestCaseKeyword$_callTestCase_closure1.doCall(CallTestCaseKeyword.groovy:60)
	at com.kms.katalon.core.keyword.builtin.CallTestCaseKeyword$_callTestCase_closure1.call(CallTestCaseKeyword.groovy)
	at com.kms.katalon.core.keyword.internal.KeywordMain.runKeyword(KeywordMain.groovy:54)
	at com.kms.katalon.core.keyword.builtin.CallTestCaseKeyword.callTestCase(CallTestCaseKeyword.groovy:81)
	at com.kms.katalon.core.keyword.builtin.CallTestCaseKeyword.execute(CallTestCaseKeyword.groovy:45)
	at com.kms.katalon.core.keyword.internal.KeywordExecutor.executeKeywordForPlatform(KeywordExecutor.groovy:53)
	at com.kms.katalon.core.keyword.BuiltinKeywords.callTestCase(BuiltinKeywords.groovy:334)
	at sun.reflect.NativeMethodAccessorImpl.invoke0(Native Method)
	at sun.reflect.NativeMethodAccessorImpl.invoke(NativeMethodAccessorImpl.java:62)
	at sun.reflect.DelegatingMethodAccessorImpl.invoke(DelegatingMethodAccessorImpl.java:43)
	at java.lang.reflect.Method.invoke(Method.java:498)
	at org.codehaus.groovy.reflection.CachedMethod.invoke(CachedMethod.java:93)
	at groovy.lang.MetaMethod.doMethodInvoke(MetaMethod.java:325)
	at groovy.lang.MetaClassImpl.invokeStaticMethod(MetaClassImpl.java:1469)
	at org.codehaus.groovy.runtime.callsite.StaticMetaClassSite.call(StaticMetaClassSite.java:53)
	at org.codehaus.groovy.runtime.callsite.CallSiteArray.defaultCall(CallSiteArray.java:48)
	at org.codehaus.groovy.runtime.callsite.AbstractCallSite.call(AbstractCallSite.java:113)
	at org.codehaus.groovy.runtime.callsite.AbstractCallSite.call(AbstractCallSite.java:141)
	at Script1536300508581.run(Script1536300508581.groovy:26)
	at com.kms.katalon.core.main.ScriptEngine.run(ScriptEngine.java:183)
	at com.kms.katalon.core.main.ScriptEngine.runScriptAsRawText(ScriptEngine.java:108)
	at com.kms.katalon.core.main.TestCaseExecutor.runScript(TestCaseExecutor.java:294)
	at com.kms.katalon.core.main.TestCaseExecutor.doExecute(TestCaseExecutor.java:285)
	at com.kms.katalon.core.main.TestCaseExecutor.processExecutionPhase(TestCaseExecutor.java:264)
	at com.kms.katalon.core.main.TestCaseExecutor.accessMainPhase(TestCaseExecutor.java:256)
	at com.kms.katalon.core.main.TestCaseExecutor.execute(TestCaseExecutor.java:200)
	at com.kms.katalon.core.main.TestSuiteExecutor.accessTestCaseMainPhase(TestSuiteExecutor.java:129)
	at com.kms.katalon.core.main.TestSuiteExecutor.accessTestSuiteMainPhase(TestSuiteExecutor.java:112)
	at com.kms.katalon.core.main.TestSuiteExecutor.execute(TestSuiteExecutor.java:81)
	at com.kms.katalon.core.main.TestCaseMain.startTestSuite(TestCaseMain.java:142)
	at com.kms.katalon.core.main.TestCaseMain$startTestSuite$0.call(Unknown Source)
	at org.codehaus.groovy.runtime.callsite.CallSiteArray.defaultCall(CallSiteArray.java:48)
	at org.codehaus.groovy.runtime.callsite.AbstractCallSite.call(AbstractCallSite.java:113)
	at org.codehaus.groovy.runtime.callsite.AbstractCallSite.call(AbstractCallSite.java:141)
	at TempTestSuite1541781047348.run(TempTestSuite1541781047348.groovy:36)
	at groovy.lang.GroovyShell.runScriptOrMainOrTestOrRunnable(GroovyShell.java:263)
	at groovy.lang.GroovyShell.run(GroovyShell.java:518)
	at groovy.lang.GroovyShell.run(GroovyShell.java:507)
	at groovy.ui.GroovyMain.processOnce(GroovyMain.java:653)
	at groovy.ui.GroovyMain.run(GroovyMain.java:384)
	at groovy.ui.GroovyMain.process(GroovyMain.java:370)
	at groovy.ui.GroovyMain.processArgs(GroovyMain.java:129)
	at groovy.ui.GroovyMain.main(GroovyMain.java:109)
	at sun.reflect.NativeMethodAccessorImpl.invoke0(Native Method)
	at sun.reflect.NativeMethodAccessorImpl.invoke(NativeMethodAccessorImpl.java:62)
	at sun.reflect.DelegatingMethodAccessorImpl.invoke(DelegatingMethodAccessorImpl.java:43)
	at java.lang.reflect.Method.invoke(Method.java:498)
	at org.codehaus.groovy.tools.GroovyStarter.rootLoader(GroovyStarter.java:109)
	at org.codehaus.groovy.tools.GroovyStarter.main(GroovyStarter.java:131)
)"/>
         <system-out><![CDATA[2018-11-10 00:30:50 - [TEST_CASE][FAILED] - Test Cases/Final Aug 2018 - PKS Automation/Registration Module/Workflow/Request SSN/OTC - RIO - RO (Approve): Test Cases/Final Aug 2018 - PKS Automation/Registration Module/Workflow/Request SSN/OTC - RIO - RO (Approve) FAILED because (of) (Stack trace: com.kms.katalon.core.exception.StepFailedException: Unable to click on object 'Object Repository/Final Object Repo/WorkFlow Listing Page/Click Continue Tooltip' (Root cause: com.kms.katalon.core.webui.exception.WebElementNotFoundException: Web element with id: 'Object Repository/Final Object Repo/WorkFlow Listing Page/Click Continue Tooltip' located by 'By.xpath: //i[@aria-hidden = 'true' and @data-toggle = 'tooltip' and @data-original-title = 'Continue']' not found)
	at com.kms.katalon.core.keyword.internal.KeywordMain.stepFailed(KeywordMain.groovy:32)
	at com.kms.katalon.core.webui.keyword.internal.WebUIKeywordMain.stepFailed(WebUIKeywordMain.groovy:65)
	at com.kms.katalon.core.webui.keyword.internal.WebUIKeywordMain.runKeyword(WebUIKeywordMain.groovy:27)
	at com.kms.katalon.core.webui.keyword.builtin.ClickKeyword.click(ClickKeyword.groovy:86)
	at com.kms.katalon.core.webui.keyword.builtin.ClickKeyword.execute(ClickKeyword.groovy:67)
	at com.kms.katalon.core.keyword.internal.KeywordExecutor.executeKeywordForPlatform(KeywordExecutor.groovy:53)
	at com.kms.katalon.core.webui.keyword.WebUiBuiltInKeywords.click(WebUiBuiltInKeywords.groovy:616)
	at com.kms.katalon.core.webui.keyword.WebUiBuiltInKeywords$click$2.call(Unknown Source)
	at org.codehaus.groovy.runtime.callsite.CallSiteArray.defaultCall(CallSiteArray.java:48)
	at org.codehaus.groovy.runtime.callsite.AbstractCallSite.call(AbstractCallSite.java:113)
	at org.codehaus.groovy.runtime.callsite.AbstractCallSite.call(AbstractCallSite.java:125)
	at Script1534407542420.run(Script1534407542420.groovy:91)
	at com.kms.katalon.core.main.ScriptEngine.run(ScriptEngine.java:183)
	at com.kms.katalon.core.main.ScriptEngine.runScriptAsRawText(ScriptEngine.java:108)
	at com.kms.katalon.core.main.TestCaseExecutor.runScript(TestCaseExecutor.java:294)
	at com.kms.katalon.core.main.TestCaseExecutor.doExecute(TestCaseExecutor.java:285)
	at com.kms.katalon.core.main.TestCaseExecutor.processExecutionPhase(TestCaseExecutor.java:264)
	at com.kms.katalon.core.main.TestCaseExecutor.accessMainPhase(TestCaseExecutor.java:256)
	at com.kms.katalon.core.main.TestCaseExecutor.execute(TestCaseExecutor.java:200)
	at com.kms.katalon.core.main.TestCaseMain.runTestCase(TestCaseMain.java:99)
	at com.kms.katalon.core.keyword.builtin.CallTestCaseKeyword$_callTestCase_closure1.doCall(CallTestCaseKeyword.groovy:60)
	at com.kms.katalon.core.keyword.builtin.CallTestCaseKeyword$_callTestCase_closure1.call(CallTestCaseKeyword.groovy)
	at com.kms.katalon.core.keyword.internal.KeywordMain.runKeyword(KeywordMain.groovy:54)
	at com.kms.katalon.core.keyword.builtin.CallTestCaseKeyword.callTestCase(CallTestCaseKeyword.groovy:81)
	at com.kms.katalon.core.keyword.builtin.CallTestCaseKeyword.execute(CallTestCaseKeyword.groovy:45)
	at com.kms.katalon.core.keyword.internal.KeywordExecutor.executeKeywordForPlatform(KeywordExecutor.groovy:53)
	at com.kms.katalon.core.keyword.BuiltinKeywords.callTestCase(BuiltinKeywords.groovy:334)
	at sun.reflect.NativeMethodAccessorImpl.invoke0(Native Method)
	at sun.reflect.NativeMethodAccessorImpl.invoke(NativeMethodAccessorImpl.java:62)
	at sun.reflect.DelegatingMethodAccessorImpl.invoke(DelegatingMethodAccessorImpl.java:43)
	at java.lang.reflect.Method.invoke(Method.java:498)
	at org.codehaus.groovy.reflection.CachedMethod.invoke(CachedMethod.java:93)
	at groovy.lang.MetaMethod.doMethodInvoke(MetaMethod.java:325)
	at groovy.lang.MetaClassImpl.invokeStaticMethod(MetaClassImpl.java:1469)
	at org.codehaus.groovy.runtime.callsite.StaticMetaClassSite.call(StaticMetaClassSite.java:53)
	at org.codehaus.groovy.runtime.callsite.CallSiteArray.defaultCall(CallSiteArray.java:48)
	at org.codehaus.groovy.runtime.callsite.AbstractCallSite.call(AbstractCallSite.java:113)
	at org.codehaus.groovy.runtime.callsite.AbstractCallSite.call(AbstractCallSite.java:141)
	at Script1537865992110.run(Script1537865992110.groovy:30)
	at com.kms.katalon.core.main.ScriptEngine.run(ScriptEngine.java:183)
	at com.kms.katalon.core.main.ScriptEngine.runScriptAsRawText(ScriptEngine.java:108)
	at com.kms.katalon.core.main.TestCaseExecutor.runScript(TestCaseExecutor.java:294)
	at com.kms.katalon.core.main.TestCaseExecutor.doExecute(TestCaseExecutor.java:285)
	at com.kms.katalon.core.main.TestCaseExecutor.processExecutionPhase(TestCaseExecutor.java:264)
	at com.kms.katalon.core.main.TestCaseExecutor.accessMainPhase(TestCaseExecutor.java:256)
	at com.kms.katalon.core.main.TestCaseExecutor.execute(TestCaseExecutor.java:200)
	at com.kms.katalon.core.main.TestCaseMain.runTestCase(TestCaseMain.java:99)
	at com.kms.katalon.core.keyword.builtin.CallTestCaseKeyword$_callTestCase_closure1.doCall(CallTestCaseKeyword.groovy:60)
	at com.kms.katalon.core.keyword.builtin.CallTestCaseKeyword$_callTestCase_closure1.call(CallTestCaseKeyword.groovy)
	at com.kms.katalon.core.keyword.internal.KeywordMain.runKeyword(KeywordMain.groovy:54)
	at com.kms.katalon.core.keyword.builtin.CallTestCaseKeyword.callTestCase(CallTestCaseKeyword.groovy:81)
	at com.kms.katalon.core.keyword.builtin.CallTestCaseKeyword.execute(CallTestCaseKeyword.groovy:45)
	at com.kms.katalon.core.keyword.internal.KeywordExecutor.executeKeywordForPlatform(KeywordExecutor.groovy:53)
	at com.kms.katalon.core.keyword.BuiltinKeywords.callTestCase(BuiltinKeywords.groovy:334)
	at sun.reflect.NativeMethodAccessorImpl.invoke0(Native Method)
	at sun.reflect.NativeMethodAccessorImpl.invoke(NativeMethodAccessorImpl.java:62)
	at sun.reflect.DelegatingMethodAccessorImpl.invoke(DelegatingMethodAccessorImpl.java:43)
	at java.lang.reflect.Method.invoke(Method.java:498)
	at org.codehaus.groovy.reflection.CachedMethod.invoke(CachedMethod.java:93)
	at groovy.lang.MetaMethod.doMethodInvoke(MetaMethod.java:325)
	at groovy.lang.MetaClassImpl.invokeStaticMethod(MetaClassImpl.java:1469)
	at org.codehaus.groovy.runtime.callsite.StaticMetaClassSite.call(StaticMetaClassSite.java:53)
	at org.codehaus.groovy.runtime.callsite.CallSiteArray.defaultCall(CallSiteArray.java:48)
	at org.codehaus.groovy.runtime.callsite.AbstractCallSite.call(AbstractCallSite.java:113)
	at org.codehaus.groovy.runtime.callsite.AbstractCallSite.call(AbstractCallSite.java:141)
	at Script1536300508581.run(Script1536300508581.groovy:26)
	at com.kms.katalon.core.main.ScriptEngine.run(ScriptEngine.java:183)
	at com.kms.katalon.core.main.ScriptEngine.runScriptAsRawText(ScriptEngine.java:108)
	at com.kms.katalon.core.main.TestCaseExecutor.runScript(TestCaseExecutor.java:294)
	at com.kms.katalon.core.main.TestCaseExecutor.doExecute(TestCaseExecutor.java:285)
	at com.kms.katalon.core.main.TestCaseExecutor.processExecutionPhase(TestCaseExecutor.java:264)
	at com.kms.katalon.core.main.TestCaseExecutor.accessMainPhase(TestCaseExecutor.java:256)
	at com.kms.katalon.core.main.TestCaseExecutor.execute(TestCaseExecutor.java:200)
	at com.kms.katalon.core.main.TestSuiteExecutor.accessTestCaseMainPhase(TestSuiteExecutor.java:129)
	at com.kms.katalon.core.main.TestSuiteExecutor.accessTestSuiteMainPhase(TestSuiteExecutor.java:112)
	at com.kms.katalon.core.main.TestSuiteExecutor.execute(TestSuiteExecutor.java:81)
	at com.kms.katalon.core.main.TestCaseMain.startTestSuite(TestCaseMain.java:142)
	at com.kms.katalon.core.main.TestCaseMain$startTestSuite$0.call(Unknown Source)
	at org.codehaus.groovy.runtime.callsite.CallSiteArray.defaultCall(CallSiteArray.java:48)
	at org.codehaus.groovy.runtime.callsite.AbstractCallSite.call(AbstractCallSite.java:113)
	at org.codehaus.groovy.runtime.callsite.AbstractCallSite.call(AbstractCallSite.java:141)
	at TempTestSuite1541781047348.run(TempTestSuite1541781047348.groovy:36)
	at groovy.lang.GroovyShell.runScriptOrMainOrTestOrRunnable(GroovyShell.java:263)
	at groovy.lang.GroovyShell.run(GroovyShell.java:518)
	at groovy.lang.GroovyShell.run(GroovyShell.java:507)
	at groovy.ui.GroovyMain.processOnce(GroovyMain.java:653)
	at groovy.ui.GroovyMain.run(GroovyMain.java:384)
	at groovy.ui.GroovyMain.process(GroovyMain.java:370)
	at groovy.ui.GroovyMain.processArgs(GroovyMain.java:129)
	at groovy.ui.GroovyMain.main(GroovyMain.java:109)
	at sun.reflect.NativeMethodAccessorImpl.invoke0(Native Method)
	at sun.reflect.NativeMethodAccessorImpl.invoke(NativeMethodAccessorImpl.java:62)
	at sun.reflect.DelegatingMethodAccessorImpl.invoke(DelegatingMethodAccessorImpl.java:43)
	at java.lang.reflect.Method.invoke(Method.java:498)
	at org.codehaus.groovy.tools.GroovyStarter.rootLoader(GroovyStarter.java:109)
	at org.codehaus.groovy.tools.GroovyStarter.main(GroovyStarter.java:131)
)

2018-11-10 00:30:51 - [TEST_STEP][PASSED] - callTestCase: Call Test Case 'Test Cases/Final Aug 2018 - PKS Automation/Registration Module/Workflow/Request SSN/Template/Request SSN - OTC (Using Current Employer Code)' successfully

2018-11-10 00:30:51 - [TEST_CASE][PASSED] - Test Cases/Final Aug 2018 - PKS Automation/Registration Module/Workflow/Request SSN/Template/Request SSN - OTC (Using Current Employer Code): Test Cases/Final Aug 2018 - PKS Automation/Registration Module/Workflow/Request SSN/Template/Request SSN - OTC (Using Current Employer Code)

2018-11-10 00:30:51 - [TEST_STEP][PASSED] - openBrowser: Browser is opened with url: ''

2018-11-10 00:30:57 - [MESSAGE][PASSED] - Browser is opened with url: ''

2018-11-10 00:30:57 - [TEST_STEP][PASSED] - navigateToUrl: Navigate to 'https://assist2-uat.perkeso.gov.my/login' successfully

2018-11-10 00:31:00 - [MESSAGE][PASSED] - Navigate to 'https://assist2-uat.perkeso.gov.my/login' successfully

2018-11-10 00:31:00 - [TEST_STEP][PASSED] - setText: Text 'johorotc1@gmail.com' is set on object 'Object Repository/Final Object Repo/Login Page/Internal User/Email Address'

2018-11-10 00:31:00 - [MESSAGE][PASSED] - Text 'johorotc1@gmail.com' is set on object 'Object Repository/Final Object Repo/Login Page/Internal User/Email Address'

2018-11-10 00:31:00 - [TEST_STEP][PASSED] - click: Object: 'Object Repository/Final Object Repo/Login Page/Internal User/Next Button' is clicked on

2018-11-10 00:31:01 - [MESSAGE][PASSED] - Object: 'Object Repository/Final Object Repo/Login Page/Internal User/Next Button' is clicked on

2018-11-10 00:31:01 - [TEST_STEP][PASSED] - delay: Delayed 1 second(s)

2018-11-10 00:31:02 - [MESSAGE][PASSED] - Delayed 1 second(s)

2018-11-10 00:31:02 - [TEST_STEP][PASSED] - setEncryptedText: Text ****** has been set on object 'Object Repository/Final Object Repo/Login Page/Internal User/Password'

2018-11-10 00:31:02 - [MESSAGE][PASSED] - Text ****** has been set on object 'Object Repository/Final Object Repo/Login Page/Internal User/Password'

2018-11-10 00:31:02 - [TEST_STEP][PASSED] - click: Object: 'Object Repository/Final Object Repo/Login Page/Internal User/Login Button' is clicked on

2018-11-10 00:31:05 - [MESSAGE][PASSED] - Object: 'Object Repository/Final Object Repo/Login Page/Internal User/Login Button' is clicked on

2018-11-10 00:31:05 - [TEST_STEP][PASSED] - delay: Delayed 1 second(s)

2018-11-10 00:31:06 - [MESSAGE][PASSED] - Delayed 1 second(s)

2018-11-10 00:31:06 - [TEST_STEP][PASSED] - navigateToUrl: Navigate to 'https://assist2-uat.perkeso.gov.my/web/registration/request-ssn' successfully

2018-11-10 00:31:13 - [MESSAGE][PASSED] - Navigate to 'https://assist2-uat.perkeso.gov.my/web/registration/request-ssn' successfully

2018-11-10 00:31:13 - [TEST_STEP][PASSED] - setText: Text 'perkeso' is set on object 'Object Repository/Final Object Repo/Page_Request SSN - ASSIST/AI - Name'

2018-11-10 00:31:13 - [MESSAGE][PASSED] - Text 'perkeso' is set on object 'Object Repository/Final Object Repo/Page_Request SSN - ASSIST/AI - Name'

2018-11-10 00:31:13 - [TEST_STEP][PASSED] - click: Object: 'Object Repository/Final Object Repo/Page_Request SSN - ASSIST/AI - DOB' is clicked on

2018-11-10 00:31:14 - [MESSAGE][PASSED] - Object: 'Object Repository/Final Object Repo/Page_Request SSN - ASSIST/AI - DOB' is clicked on

2018-11-10 00:31:14 - [TEST_STEP][PASSED] - selectOptionByValue: All options with value '1995' are selected in object 'Object Repository/Final Object Repo/Page_Request SSN - ASSIST/AI - DOB - Year' 

2018-11-10 00:31:14 - [MESSAGE][PASSED] - All options with value '1995' are selected in object 'Object Repository/Final Object Repo/Page_Request SSN - ASSIST/AI - DOB - Year' 

2018-11-10 00:31:14 - [TEST_STEP][PASSED] - delay: Delayed 3 second(s)

2018-11-10 00:31:17 - [MESSAGE][PASSED] - Delayed 3 second(s)

2018-11-10 00:31:17 - [TEST_STEP][PASSED] - doubleClick: Object: 'Object Repository/Final Object Repo/Page_Request SSN - ASSIST/AI - DOB - Year - Date' is double clicked on

2018-11-10 00:31:18 - [MESSAGE][PASSED] - Object: 'Object Repository/Final Object Repo/Page_Request SSN - ASSIST/AI - DOB - Year - Date' is double clicked on

2018-11-10 00:31:18 - [TEST_STEP][PASSED] - click: Object: 'Object Repository/Final Object Repo/Page_Request SSN - ASSIST/AI - Male' is clicked on

2018-11-10 00:31:18 - [MESSAGE][PASSED] - Object: 'Object Repository/Final Object Repo/Page_Request SSN - ASSIST/AI - Male' is clicked on

2018-11-10 00:31:18 - [TEST_STEP][PASSED] - click: Object: 'Object Repository/Final Object Repo/Page_Request SSN - ASSIST/AI- Race' is clicked on

2018-11-10 00:31:19 - [MESSAGE][PASSED] - Object: 'Object Repository/Final Object Repo/Page_Request SSN - ASSIST/AI- Race' is clicked on

2018-11-10 00:31:19 - [TEST_STEP][PASSED] - click: Object: 'Object Repository/Final Object Repo/Page_Request SSN - ASSIST/AI - Race - Melayu' is clicked on

2018-11-10 00:31:20 - [MESSAGE][PASSED] - Object: 'Object Repository/Final Object Repo/Page_Request SSN - ASSIST/AI - Race - Melayu' is clicked on

2018-11-10 00:31:20 - [TEST_STEP][PASSED] - click: Object: 'Object Repository/Final Object Repo/Page_Request SSN - ASSIST/AI - Religion' is clicked on

2018-11-10 00:31:20 - [MESSAGE][PASSED] - Object: 'Object Repository/Final Object Repo/Page_Request SSN - ASSIST/AI - Religion' is clicked on

2018-11-10 00:31:20 - [TEST_STEP][PASSED] - click: Object: 'Object Repository/Final Object Repo/Page_Request SSN - ASSIST/AI - Religion - Islam' is clicked on

2018-11-10 00:31:21 - [MESSAGE][PASSED] - Object: 'Object Repository/Final Object Repo/Page_Request SSN - ASSIST/AI - Religion - Islam' is clicked on

2018-11-10 00:31:21 - [TEST_STEP][PASSED] - setText: Text '12345' is set on object 'Object Repository/Final Object Repo/Page_Request SSN - ASSIST/AI - Birth Certificate'

2018-11-10 00:31:21 - [MESSAGE][PASSED] - Text '12345' is set on object 'Object Repository/Final Object Repo/Page_Request SSN - ASSIST/AI - Birth Certificate'

2018-11-10 00:31:21 - [TEST_STEP][PASSED] - click: Object: 'Object Repository/Final Object Repo/Page_Request SSN - ASSIST/AI - Nationality' is clicked on

2018-11-10 00:31:22 - [MESSAGE][PASSED] - Object: 'Object Repository/Final Object Repo/Page_Request SSN - ASSIST/AI - Nationality' is clicked on

2018-11-10 00:31:22 - [TEST_STEP][PASSED] - click: Object: 'Object Repository/Final Object Repo/Page_Request SSN - ASSIST/AI - Nationality - Afghanistan' is clicked on

2018-11-10 00:31:23 - [MESSAGE][PASSED] - Object: 'Object Repository/Final Object Repo/Page_Request SSN - ASSIST/AI - Nationality - Afghanistan' is clicked on

2018-11-10 00:31:23 - [TEST_STEP][PASSED] - setText: Text 'PERKESO ADDRESS1' is set on object 'Object Repository/Final Object Repo/Page_Request SSN - ASSIST/AI - Address1'

2018-11-10 00:31:23 - [MESSAGE][PASSED] - Text 'PERKESO ADDRESS1' is set on object 'Object Repository/Final Object Repo/Page_Request SSN - ASSIST/AI - Address1'

2018-11-10 00:31:23 - [TEST_STEP][PASSED] - setText: Text 'PERKESO ADDRESS2' is set on object 'Object Repository/Final Object Repo/Page_Request SSN - ASSIST/AI - Address2'

2018-11-10 00:31:23 - [MESSAGE][PASSED] - Text 'PERKESO ADDRESS2' is set on object 'Object Repository/Final Object Repo/Page_Request SSN - ASSIST/AI - Address2'

2018-11-10 00:31:23 - [TEST_STEP][PASSED] - setText: Text 'PERKESO ADDRESS3' is set on object 'Object Repository/Final Object Repo/Page_Request SSN - ASSIST/AI - Address3'

2018-11-10 00:31:24 - [MESSAGE][PASSED] - Text 'PERKESO ADDRESS3' is set on object 'Object Repository/Final Object Repo/Page_Request SSN - ASSIST/AI - Address3'

2018-11-10 00:31:24 - [TEST_STEP][PASSED] - click: Object: 'Object Repository/Final Object Repo/Page_Request SSN - ASSIST/AI - State' is clicked on

2018-11-10 00:31:24 - [MESSAGE][PASSED] - Object: 'Object Repository/Final Object Repo/Page_Request SSN - ASSIST/AI - State' is clicked on

2018-11-10 00:31:24 - [TEST_STEP][PASSED] - click: Object: 'Object Repository/Final Object Repo/Page_Request SSN - ASSIST/AI - Current Employer State - Johor' is clicked on

2018-11-10 00:31:25 - [MESSAGE][PASSED] - Object: 'Object Repository/Final Object Repo/Page_Request SSN - ASSIST/AI - Current Employer State - Johor' is clicked on

2018-11-10 00:31:25 - [TEST_STEP][PASSED] - click: Object: 'Object Repository/Final Object Repo/Page_Request SSN - ASSIST/AI - City' is clicked on

2018-11-10 00:31:26 - [MESSAGE][PASSED] - Object: 'Object Repository/Final Object Repo/Page_Request SSN - ASSIST/AI - City' is clicked on

2018-11-10 00:31:26 - [TEST_STEP][PASSED] - setText: Text 'JOH' is set on object 'Object Repository/Final Object Repo/Page_Request SSN - ASSIST/AI - City - JOH'

2018-11-10 00:31:26 - [MESSAGE][PASSED] - Text 'JOH' is set on object 'Object Repository/Final Object Repo/Page_Request SSN - ASSIST/AI - City - JOH'

2018-11-10 00:31:26 - [TEST_STEP][PASSED] - delay: Delayed 3 second(s)

2018-11-10 00:31:29 - [MESSAGE][PASSED] - Delayed 3 second(s)

2018-11-10 00:31:29 - [TEST_STEP][PASSED] - click: Object: 'Object Repository/Final Object Repo/Page_Request SSN - ASSIST/AI - City - Johor Bharu' is clicked on

2018-11-10 00:31:29 - [MESSAGE][PASSED] - Object: 'Object Repository/Final Object Repo/Page_Request SSN - ASSIST/AI - City - Johor Bharu' is clicked on

2018-11-10 00:31:29 - [TEST_STEP][PASSED] - click: Object: 'Object Repository/Final Object Repo/Page_Request SSN - ASSIST/AI - Post Code' is clicked on

2018-11-10 00:31:30 - [MESSAGE][PASSED] - Object: 'Object Repository/Final Object Repo/Page_Request SSN - ASSIST/AI - Post Code' is clicked on

2018-11-10 00:31:30 - [TEST_STEP][PASSED] - setText: Text '810' is set on object 'Object Repository/Final Object Repo/Page_Request SSN - ASSIST/AI - City - JOH'

2018-11-10 00:31:30 - [MESSAGE][PASSED] - Text '810' is set on object 'Object Repository/Final Object Repo/Page_Request SSN - ASSIST/AI - City - JOH'

2018-11-10 00:31:30 - [TEST_STEP][PASSED] - delay: Delayed 3 second(s)

2018-11-10 00:31:33 - [MESSAGE][PASSED] - Delayed 3 second(s)

2018-11-10 00:31:33 - [TEST_STEP][PASSED] - click: Object: 'Object Repository/Final Object Repo/Page_Request SSN - ASSIST/AI - PostCode - 81000' is clicked on

2018-11-10 00:31:34 - [MESSAGE][PASSED] - Object: 'Object Repository/Final Object Repo/Page_Request SSN - ASSIST/AI - PostCode - 81000' is clicked on

2018-11-10 00:31:34 - [TEST_STEP][PASSED] - setText: Text '100' is set on object 'Object Repository/Final Object Repo/Page_Request SSN - ASSIST/P.O.BOX'

2018-11-10 00:31:34 - [MESSAGE][PASSED] - Text '100' is set on object 'Object Repository/Final Object Repo/Page_Request SSN - ASSIST/P.O.BOX'

2018-11-10 00:31:34 - [TEST_STEP][PASSED] - setText: Text '100' is set on object 'Object Repository/Final Object Repo/Page_Request SSN - ASSIST/Locked Bag No'

2018-11-10 00:31:35 - [MESSAGE][PASSED] - Text '100' is set on object 'Object Repository/Final Object Repo/Page_Request SSN - ASSIST/Locked Bag No'

2018-11-10 00:31:35 - [TEST_STEP][PASSED] - delay: Delayed 2 second(s)

2018-11-10 00:31:37 - [MESSAGE][PASSED] - Delayed 2 second(s)

2018-11-10 00:31:37 - [TEST_STEP][PASSED] - setText: Text '123456789' is set on object 'Object Repository/Final Object Repo/Page_Request SSN - ASSIST/AI - Telephone No'

2018-11-10 00:31:37 - [MESSAGE][PASSED] - Text '123456789' is set on object 'Object Repository/Final Object Repo/Page_Request SSN - ASSIST/AI - Telephone No'

2018-11-10 00:31:37 - [TEST_STEP][PASSED] - click: Object: 'Object Repository/Final Object Repo/Page_Request SSN - ASSIST/AI - Occupation' is clicked on

2018-11-10 00:31:38 - [MESSAGE][PASSED] - Object: 'Object Repository/Final Object Repo/Page_Request SSN - ASSIST/AI - Occupation' is clicked on

2018-11-10 00:31:38 - [TEST_STEP][PASSED] - click: Object: 'Object Repository/Final Object Repo/Page_Request SSN - ASSIST/AI - Occupation - NUMERICAL AND MATERIAL R' is clicked on

2018-11-10 00:31:38 - [MESSAGE][PASSED] - Object: 'Object Repository/Final Object Repo/Page_Request SSN - ASSIST/AI - Occupation - NUMERICAL AND MATERIAL R' is clicked on

2018-11-10 00:31:38 - [TEST_STEP][PASSED] - delay: Delayed 2 second(s)

2018-11-10 00:31:40 - [MESSAGE][PASSED] - Delayed 2 second(s)

2018-11-10 00:31:40 - [TEST_STEP][PASSED] - click: Object: 'Object Repository/Final Object Repo/Page_Request SSN - ASSIST/AI - Sub Occupation' is clicked on

2018-11-10 00:31:41 - [MESSAGE][PASSED] - Object: 'Object Repository/Final Object Repo/Page_Request SSN - ASSIST/AI - Sub Occupation' is clicked on

2018-11-10 00:31:41 - [TEST_STEP][PASSED] - click: Object: 'Object Repository/Final Object Repo/Page_Request SSN - ASSIST/AI - Sub Occupation - Stock Clerks' is clicked on

2018-11-10 00:31:42 - [MESSAGE][PASSED] - Object: 'Object Repository/Final Object Repo/Page_Request SSN - ASSIST/AI - Sub Occupation - Stock Clerks' is clicked on

2018-11-10 00:31:42 - [TEST_STEP][PASSED] - delay: Delayed 2 second(s)

2018-11-10 00:31:44 - [MESSAGE][PASSED] - Delayed 2 second(s)

2018-11-10 00:31:44 - [TEST_STEP][PASSED] - click: Object: 'Object Repository/Final Object Repo/Page_Request SSN - ASSIST/AI - Sub Occupation List' is clicked on

2018-11-10 00:31:44 - [MESSAGE][PASSED] - Object: 'Object Repository/Final Object Repo/Page_Request SSN - ASSIST/AI - Sub Occupation List' is clicked on

2018-11-10 00:31:44 - [TEST_STEP][PASSED] - click: Object: 'Object Repository/Final Object Repo/Page_Request SSN - ASSIST/AI - Sub Occupation List - Clerk raw material' is clicked on

2018-11-10 00:31:45 - [MESSAGE][PASSED] - Object: 'Object Repository/Final Object Repo/Page_Request SSN - ASSIST/AI - Sub Occupation List - Clerk raw material' is clicked on

2018-11-10 00:31:45 - [TEST_STEP][PASSED] - click: Object: 'Object Repository/Final Object Repo/Page_Request SSN - ASSIST/AI - Employment Start Date' is clicked on

2018-11-10 00:31:46 - [MESSAGE][PASSED] - Object: 'Object Repository/Final Object Repo/Page_Request SSN - ASSIST/AI - Employment Start Date' is clicked on

2018-11-10 00:31:46 - [TEST_STEP][PASSED] - click: Object: 'Object Repository/Final Object Repo/Page_Request SSN - ASSIST/AI - DOB - Year - Date' is clicked on

2018-11-10 00:31:46 - [MESSAGE][PASSED] - Object: 'Object Repository/Final Object Repo/Page_Request SSN - ASSIST/AI - DOB - Year - Date' is clicked on

2018-11-10 00:31:46 - [TEST_STEP][PASSED] - setText: Text 'E1102001065V' is set on object 'Object Repository/Final Object Repo/Page_Request SSN - ASSIST/AI - Current Employer Code'

2018-11-10 00:31:47 - [MESSAGE][PASSED] - Text 'E1102001065V' is set on object 'Object Repository/Final Object Repo/Page_Request SSN - ASSIST/AI - Current Employer Code'

2018-11-10 00:31:47 - [TEST_STEP][PASSED] - delay: Delayed 2 second(s)

2018-11-10 00:31:49 - [MESSAGE][PASSED] - Delayed 2 second(s)

2018-11-10 00:31:49 - [TEST_STEP][PASSED] - click: Object: 'Object Repository/Final Object Repo/Page_Request SSN - ASSIST/AI - Current Employer Code - Search' is clicked on

2018-11-10 00:31:49 - [MESSAGE][PASSED] - Object: 'Object Repository/Final Object Repo/Page_Request SSN - ASSIST/AI - Current Employer Code - Search' is clicked on

2018-11-10 00:31:49 - [TEST_STEP][PASSED] - delay: Delayed 2 second(s)

2018-11-10 00:31:51 - [MESSAGE][PASSED] - Delayed 2 second(s)

2018-11-10 00:31:51 - [TEST_STEP][NOT_RUN] - setText: NOT_RUN: setText

2018-11-10 00:31:51 - [MESSAGE][NOT_RUN] - NOT_RUN: setText

2018-11-10 00:31:51 - [TEST_STEP][NOT_RUN] - setText: NOT_RUN: setText

2018-11-10 00:31:51 - [MESSAGE][NOT_RUN] - NOT_RUN: setText

2018-11-10 00:31:51 - [TEST_STEP][NOT_RUN] - setText: NOT_RUN: setText

2018-11-10 00:31:51 - [MESSAGE][NOT_RUN] - NOT_RUN: setText

2018-11-10 00:31:51 - [TEST_STEP][NOT_RUN] - setText: NOT_RUN: setText

2018-11-10 00:31:51 - [MESSAGE][NOT_RUN] - NOT_RUN: setText

2018-11-10 00:31:51 - [TEST_STEP][NOT_RUN] - click: NOT_RUN: click

2018-11-10 00:31:51 - [MESSAGE][NOT_RUN] - NOT_RUN: click

2018-11-10 00:31:51 - [TEST_STEP][NOT_RUN] - click: NOT_RUN: click

2018-11-10 00:31:51 - [MESSAGE][NOT_RUN] - NOT_RUN: click

2018-11-10 00:31:51 - [TEST_STEP][NOT_RUN] - click: NOT_RUN: click

2018-11-10 00:31:51 - [MESSAGE][NOT_RUN] - NOT_RUN: click

2018-11-10 00:31:51 - [TEST_STEP][NOT_RUN] - setText: NOT_RUN: setText

2018-11-10 00:31:51 - [MESSAGE][NOT_RUN] - NOT_RUN: setText

2018-11-10 00:31:51 - [TEST_STEP][NOT_RUN] - delay: NOT_RUN: delay

2018-11-10 00:31:51 - [MESSAGE][NOT_RUN] - NOT_RUN: delay

2018-11-10 00:31:51 - [TEST_STEP][NOT_RUN] - click: NOT_RUN: click

2018-11-10 00:31:51 - [MESSAGE][NOT_RUN] - NOT_RUN: click

2018-11-10 00:31:51 - [TEST_STEP][NOT_RUN] - click: NOT_RUN: click

2018-11-10 00:31:51 - [MESSAGE][NOT_RUN] - NOT_RUN: click

2018-11-10 00:31:51 - [TEST_STEP][NOT_RUN] - setText: NOT_RUN: setText

2018-11-10 00:31:51 - [MESSAGE][NOT_RUN] - NOT_RUN: setText

2018-11-10 00:31:51 - [TEST_STEP][NOT_RUN] - delay: NOT_RUN: delay

2018-11-10 00:31:51 - [MESSAGE][NOT_RUN] - NOT_RUN: delay

2018-11-10 00:31:51 - [TEST_STEP][NOT_RUN] - click: NOT_RUN: click

2018-11-10 00:31:51 - [MESSAGE][NOT_RUN] - NOT_RUN: click

2018-11-10 00:31:51 - [TEST_STEP][NOT_RUN] - setText: NOT_RUN: setText

2018-11-10 00:31:51 - [MESSAGE][NOT_RUN] - NOT_RUN: setText

2018-11-10 00:31:51 - [TEST_STEP][NOT_RUN] - setText: NOT_RUN: setText

2018-11-10 00:31:51 - [MESSAGE][NOT_RUN] - NOT_RUN: setText

2018-11-10 00:31:51 - [TEST_STEP][NOT_RUN] - click: NOT_RUN: click

2018-11-10 00:31:51 - [MESSAGE][NOT_RUN] - NOT_RUN: click

2018-11-10 00:31:51 - [TEST_STEP][NOT_RUN] - click: NOT_RUN: click

2018-11-10 00:31:51 - [MESSAGE][NOT_RUN] - NOT_RUN: click

2018-11-10 00:31:51 - [TEST_STEP][NOT_RUN] - setText: NOT_RUN: setText

2018-11-10 00:31:51 - [MESSAGE][NOT_RUN] - NOT_RUN: setText

2018-11-10 00:31:51 - [TEST_STEP][NOT_RUN] - click: NOT_RUN: click

2018-11-10 00:31:51 - [MESSAGE][NOT_RUN] - NOT_RUN: click

2018-11-10 00:31:51 - [TEST_STEP][NOT_RUN] - click: NOT_RUN: click

2018-11-10 00:31:51 - [MESSAGE][NOT_RUN] - NOT_RUN: click

2018-11-10 00:31:51 - [TEST_STEP][NOT_RUN] - click: NOT_RUN: click

2018-11-10 00:31:51 - [MESSAGE][NOT_RUN] - NOT_RUN: click

2018-11-10 00:31:51 - [TEST_STEP][NOT_RUN] - click: NOT_RUN: click

2018-11-10 00:31:51 - [MESSAGE][NOT_RUN] - NOT_RUN: click

2018-11-10 00:31:51 - [TEST_STEP][NOT_RUN] - click: NOT_RUN: click

2018-11-10 00:31:51 - [MESSAGE][NOT_RUN] - NOT_RUN: click

2018-11-10 00:31:51 - [TEST_STEP][NOT_RUN] - click: NOT_RUN: click

2018-11-10 00:31:51 - [MESSAGE][NOT_RUN] - NOT_RUN: click

2018-11-10 00:31:51 - [TEST_STEP][NOT_RUN] - setText: NOT_RUN: setText

2018-11-10 00:31:51 - [MESSAGE][NOT_RUN] - NOT_RUN: setText

2018-11-10 00:31:51 - [TEST_STEP][NOT_RUN] - setText: NOT_RUN: setText

2018-11-10 00:31:51 - [MESSAGE][NOT_RUN] - NOT_RUN: setText

2018-11-10 00:31:51 - [TEST_STEP][NOT_RUN] - setText: NOT_RUN: setText

2018-11-10 00:31:51 - [MESSAGE][NOT_RUN] - NOT_RUN: setText

2018-11-10 00:31:51 - [TEST_STEP][NOT_RUN] - click: NOT_RUN: click

2018-11-10 00:31:51 - [MESSAGE][NOT_RUN] - NOT_RUN: click

2018-11-10 00:31:51 - [TEST_STEP][NOT_RUN] - click: NOT_RUN: click

2018-11-10 00:31:51 - [MESSAGE][NOT_RUN] - NOT_RUN: click

2018-11-10 00:31:51 - [TEST_STEP][NOT_RUN] - click: NOT_RUN: click

2018-11-10 00:31:51 - [MESSAGE][NOT_RUN] - NOT_RUN: click

2018-11-10 00:31:51 - [TEST_STEP][NOT_RUN] - setText: NOT_RUN: setText

2018-11-10 00:31:51 - [MESSAGE][NOT_RUN] - NOT_RUN: setText

2018-11-10 00:31:51 - [TEST_STEP][NOT_RUN] - delay: NOT_RUN: delay

2018-11-10 00:31:51 - [MESSAGE][NOT_RUN] - NOT_RUN: delay

2018-11-10 00:31:51 - [TEST_STEP][NOT_RUN] - click: NOT_RUN: click

2018-11-10 00:31:51 - [MESSAGE][NOT_RUN] - NOT_RUN: click

2018-11-10 00:31:51 - [TEST_STEP][NOT_RUN] - click: NOT_RUN: click

2018-11-10 00:31:51 - [MESSAGE][NOT_RUN] - NOT_RUN: click

2018-11-10 00:31:51 - [TEST_STEP][NOT_RUN] - click: NOT_RUN: click

2018-11-10 00:31:51 - [MESSAGE][NOT_RUN] - NOT_RUN: click

2018-11-10 00:31:51 - [TEST_STEP][NOT_RUN] - setText: NOT_RUN: setText

2018-11-10 00:31:51 - [MESSAGE][NOT_RUN] - NOT_RUN: setText

2018-11-10 00:31:51 - [TEST_STEP][NOT_RUN] - delay: NOT_RUN: delay

2018-11-10 00:31:51 - [MESSAGE][NOT_RUN] - NOT_RUN: delay

2018-11-10 00:31:51 - [TEST_STEP][NOT_RUN] - click: NOT_RUN: click

2018-11-10 00:31:51 - [MESSAGE][NOT_RUN] - NOT_RUN: click

2018-11-10 00:31:51 - [TEST_STEP][NOT_RUN] - delay: NOT_RUN: delay

2018-11-10 00:31:51 - [MESSAGE][NOT_RUN] - NOT_RUN: delay

2018-11-10 00:31:51 - [TEST_STEP][NOT_RUN] - setText: NOT_RUN: setText

2018-11-10 00:31:51 - [MESSAGE][NOT_RUN] - NOT_RUN: setText

2018-11-10 00:31:51 - [TEST_STEP][NOT_RUN] - setText: NOT_RUN: setText

2018-11-10 00:31:51 - [MESSAGE][NOT_RUN] - NOT_RUN: setText

2018-11-10 00:31:51 - [TEST_STEP][NOT_RUN] - setText: NOT_RUN: setText

2018-11-10 00:31:51 - [MESSAGE][NOT_RUN] - NOT_RUN: setText

2018-11-10 00:31:51 - [TEST_STEP][NOT_RUN] - click: NOT_RUN: click

2018-11-10 00:31:51 - [MESSAGE][NOT_RUN] - NOT_RUN: click

2018-11-10 00:31:51 - [TEST_STEP][NOT_RUN] - click: NOT_RUN: click

2018-11-10 00:31:51 - [MESSAGE][NOT_RUN] - NOT_RUN: click

2018-11-10 00:31:51 - [TEST_STEP][NOT_RUN] - setText: NOT_RUN: setText

2018-11-10 00:31:51 - [MESSAGE][NOT_RUN] - NOT_RUN: setText

2018-11-10 00:31:51 - [TEST_STEP][NOT_RUN] - click: NOT_RUN: click

2018-11-10 00:31:51 - [MESSAGE][NOT_RUN] - NOT_RUN: click

2018-11-10 00:31:51 - [TEST_STEP][NOT_RUN] - click: NOT_RUN: click

2018-11-10 00:31:51 - [MESSAGE][NOT_RUN] - NOT_RUN: click

2018-11-10 00:31:51 - [TEST_STEP][NOT_RUN] - click: NOT_RUN: click

2018-11-10 00:31:51 - [MESSAGE][NOT_RUN] - NOT_RUN: click

2018-11-10 00:31:51 - [TEST_STEP][NOT_RUN] - click: NOT_RUN: click

2018-11-10 00:31:51 - [MESSAGE][NOT_RUN] - NOT_RUN: click

2018-11-10 00:31:52 - [TEST_STEP][NOT_RUN] - click: NOT_RUN: click

2018-11-10 00:31:52 - [MESSAGE][NOT_RUN] - NOT_RUN: click

2018-11-10 00:31:52 - [TEST_STEP][NOT_RUN] - click: NOT_RUN: click

2018-11-10 00:31:52 - [MESSAGE][NOT_RUN] - NOT_RUN: click

2018-11-10 00:31:52 - [TEST_STEP][NOT_RUN] - setText: NOT_RUN: setText

2018-11-10 00:31:52 - [MESSAGE][NOT_RUN] - NOT_RUN: setText

2018-11-10 00:31:52 - [TEST_STEP][NOT_RUN] - setText: NOT_RUN: setText

2018-11-10 00:31:52 - [MESSAGE][NOT_RUN] - NOT_RUN: setText

2018-11-10 00:31:52 - [TEST_STEP][NOT_RUN] - setText: NOT_RUN: setText

2018-11-10 00:31:52 - [MESSAGE][NOT_RUN] - NOT_RUN: setText

2018-11-10 00:31:52 - [TEST_STEP][NOT_RUN] - click: NOT_RUN: click

2018-11-10 00:31:52 - [MESSAGE][NOT_RUN] - NOT_RUN: click

2018-11-10 00:31:52 - [TEST_STEP][NOT_RUN] - click: NOT_RUN: click

2018-11-10 00:31:52 - [MESSAGE][NOT_RUN] - NOT_RUN: click

2018-11-10 00:31:52 - [TEST_STEP][NOT_RUN] - click: NOT_RUN: click

2018-11-10 00:31:52 - [MESSAGE][NOT_RUN] - NOT_RUN: click

2018-11-10 00:31:52 - [TEST_STEP][NOT_RUN] - delay: NOT_RUN: delay

2018-11-10 00:31:52 - [MESSAGE][NOT_RUN] - NOT_RUN: delay

2018-11-10 00:31:52 - [TEST_STEP][NOT_RUN] - setText: NOT_RUN: setText

2018-11-10 00:31:52 - [MESSAGE][NOT_RUN] - NOT_RUN: setText

2018-11-10 00:31:52 - [TEST_STEP][NOT_RUN] - delay: NOT_RUN: delay

2018-11-10 00:31:52 - [MESSAGE][NOT_RUN] - NOT_RUN: delay

2018-11-10 00:31:52 - [TEST_STEP][NOT_RUN] - click: NOT_RUN: click

2018-11-10 00:31:52 - [MESSAGE][NOT_RUN] - NOT_RUN: click

2018-11-10 00:31:52 - [TEST_STEP][NOT_RUN] - doubleClick: NOT_RUN: doubleClick

2018-11-10 00:31:52 - [MESSAGE][NOT_RUN] - NOT_RUN: doubleClick

2018-11-10 00:31:52 - [TEST_STEP][NOT_RUN] - click: NOT_RUN: click

2018-11-10 00:31:52 - [MESSAGE][NOT_RUN] - NOT_RUN: click

2018-11-10 00:31:52 - [TEST_STEP][NOT_RUN] - setText: NOT_RUN: setText

2018-11-10 00:31:52 - [MESSAGE][NOT_RUN] - NOT_RUN: setText

2018-11-10 00:31:52 - [TEST_STEP][NOT_RUN] - delay: NOT_RUN: delay

2018-11-10 00:31:52 - [MESSAGE][NOT_RUN] - NOT_RUN: delay

2018-11-10 00:31:52 - [TEST_STEP][NOT_RUN] - click: NOT_RUN: click

2018-11-10 00:31:52 - [MESSAGE][NOT_RUN] - NOT_RUN: click

2018-11-10 00:31:52 - [TEST_STEP][NOT_RUN] - delay: NOT_RUN: delay

2018-11-10 00:31:52 - [MESSAGE][NOT_RUN] - NOT_RUN: delay

2018-11-10 00:31:52 - [TEST_STEP][NOT_RUN] - setText: NOT_RUN: setText

2018-11-10 00:31:52 - [MESSAGE][NOT_RUN] - NOT_RUN: setText

2018-11-10 00:31:52 - [TEST_STEP][PASSED] - click: Object: 'Object Repository/Final Object Repo/Page_Request SSN - ASSIST/Save  Continue' is clicked on

2018-11-10 00:31:56 - [MESSAGE][PASSED] - Object: 'Object Repository/Final Object Repo/Page_Request SSN - ASSIST/Save  Continue' is clicked on

2018-11-10 00:31:56 - [TEST_STEP][PASSED] - delay: Delayed 3 second(s)

2018-11-10 00:31:59 - [MESSAGE][PASSED] - Delayed 3 second(s)

2018-11-10 00:31:59 - [TEST_STEP][PASSED] - Statement - CaseReferenceNo = com.kms.katalon.core.webui.keyword.WebUiBuiltInKeywords.getText(com.kms.katalon.core.testobject.ObjectRepository.findTestObject(Final Object Repo/Page_Request SSN - ASSIST/Reference Number in Uploading Page)): Text of object 'Object Repository/Final Object Repo/Page_Request SSN - ASSIST/Reference Number in Uploading Page' is: 'YUKI'

2018-11-10 00:31:59 - [MESSAGE][PASSED] - Text of object 'Object Repository/Final Object Repo/Page_Request SSN - ASSIST/Reference Number in Uploading Page' is: 'YUKI'

2018-11-10 00:31:59 - [TEST_STEP][PASSED] - click: Object: 'Object Repository/Final Object Repo/Page_Request SSN - ASSIST/Add Document Button' is clicked on

2018-11-10 00:32:00 - [MESSAGE][PASSED] - Object: 'Object Repository/Final Object Repo/Page_Request SSN - ASSIST/Add Document Button' is clicked on

2018-11-10 00:32:00 - [TEST_STEP][PASSED] - delay: Delayed 2 second(s)

2018-11-10 00:32:02 - [MESSAGE][PASSED] - Delayed 2 second(s)

2018-11-10 00:32:02 - [TEST_STEP][PASSED] - click: Object: 'Object Repository/Final Object Repo/Page_Request SSN - ASSIST/Document Type' is clicked on

2018-11-10 00:32:03 - [MESSAGE][PASSED] - Object: 'Object Repository/Final Object Repo/Page_Request SSN - ASSIST/Document Type' is clicked on

2018-11-10 00:32:03 - [TEST_STEP][PASSED] - click: Object: 'Object Repository/Final Object Repo/Page_Request SSN - ASSIST/Document Type - Birth Certificate' is clicked on

2018-11-10 00:32:04 - [MESSAGE][PASSED] - Object: 'Object Repository/Final Object Repo/Page_Request SSN - ASSIST/Document Type - Birth Certificate' is clicked on

2018-11-10 00:32:04 - [TEST_STEP][PASSED] - sendKeys: Keys 'C:\Users\Public\Pictures\Sample Pictures\Act.jpg' sent to object: 'Object Repository/Final Object Repo/Page_Request SSN - ASSIST/Upload File'

2018-11-10 00:32:04 - [MESSAGE][PASSED] - Keys 'C:\Users\Public\Pictures\Sample Pictures\Act.jpg' sent to object: 'Object Repository/Final Object Repo/Page_Request SSN - ASSIST/Upload File'

2018-11-10 00:32:04 - [TEST_STEP][PASSED] - click: Object: 'Object Repository/Final Object Repo/Page_Request SSN - ASSIST/Add Document' is clicked on

2018-11-10 00:32:09 - [MESSAGE][PASSED] - Object: 'Object Repository/Final Object Repo/Page_Request SSN - ASSIST/Add Document' is clicked on

2018-11-10 00:32:09 - [TEST_STEP][PASSED] - delay: Delayed 2 second(s)

2018-11-10 00:32:11 - [MESSAGE][PASSED] - Delayed 2 second(s)

2018-11-10 00:32:11 - [TEST_STEP][PASSED] - click: Object: 'Object Repository/Final Object Repo/Page_Request SSN - ASSIST/Save  Continue in Uploading Document Page' is clicked on

2018-11-10 00:32:18 - [MESSAGE][PASSED] - Object: 'Object Repository/Final Object Repo/Page_Request SSN - ASSIST/Save  Continue in Uploading Document Page' is clicked on

2018-11-10 00:32:18 - [TEST_STEP][PASSED] - delay: Delayed 2 second(s)

2018-11-10 00:32:20 - [MESSAGE][PASSED] - Delayed 2 second(s)

2018-11-10 00:32:20 - [TEST_STEP][PASSED] - click: Object: 'Object Repository/Final Object Repo/Page_Request SSN - ASSIST/Submit' is clicked on

2018-11-10 00:32:20 - [MESSAGE][PASSED] - Object: 'Object Repository/Final Object Repo/Page_Request SSN - ASSIST/Submit' is clicked on

2018-11-10 00:32:20 - [TEST_STEP][PASSED] - delay: Delayed 2 second(s)

2018-11-10 00:32:22 - [MESSAGE][PASSED] - Delayed 2 second(s)

2018-11-10 00:32:22 - [TEST_STEP][PASSED] - click: Object: 'Object Repository/Final Object Repo/Page_Request SSN - ASSIST/Confirm' is clicked on

2018-11-10 00:32:27 - [MESSAGE][PASSED] - Object: 'Object Repository/Final Object Repo/Page_Request SSN - ASSIST/Confirm' is clicked on

2018-11-10 00:32:27 - [TEST_STEP][PASSED] - delay: Delayed 2 second(s)

2018-11-10 00:32:29 - [MESSAGE][PASSED] - Delayed 2 second(s)

2018-11-10 00:32:29 - [TEST_STEP][PASSED] - verifyElementVisible: Object 'Object Repository/Final Object Repo/Page_Request SSN - ASSIST/Message This Case will be routed to RIO' is visible

2018-11-10 00:32:31 - [MESSAGE][PASSED] - Object 'Object Repository/Final Object Repo/Page_Request SSN - ASSIST/Message This Case will be routed to RIO' is visible

2018-11-10 00:32:31 - [TEST_STEP][PASSED] - delay: Delayed 2 second(s)

2018-11-10 00:32:33 - [MESSAGE][PASSED] - Delayed 2 second(s)

2018-11-10 00:32:33 - [TEST_STEP][PASSED] - verifyElementVisible: Object 'Object Repository/Final Object Repo/Page_Request SSN - ASSIST/Letter of acknowledgement' is visible

2018-11-10 00:32:33 - [MESSAGE][PASSED] - Object 'Object Repository/Final Object Repo/Page_Request SSN - ASSIST/Letter of acknowledgement' is visible

2018-11-10 00:32:33 - [MESSAGE][PASSED] - Call Test Case 'Test Cases/Final Aug 2018 - PKS Automation/Registration Module/Workflow/Request SSN/Template/Request SSN - OTC (Using Current Employer Code)' successfully

2018-11-10 00:32:33 - [TEST_STEP][FAILED] - callTestCase: Unable to call Test Case with id 'Test Cases/Final Aug 2018 - PKS Automation/Registration Module/Workflow/Request SSN/Template/Request SSN RIO - RO (Approve)' (Root cause: Call Test Case 'Test Cases/Final Aug 2018 - PKS Automation/Registration Module/Workflow/Request SSN/Template/Request SSN RIO - RO (Approve)' failed)

2018-11-10 00:32:33 - [TEST_CASE][FAILED] - Test Cases/Final Aug 2018 - PKS Automation/Registration Module/Workflow/Request SSN/Template/Request SSN RIO - RO (Approve): Test Cases/Final Aug 2018 - PKS Automation/Registration Module/Workflow/Request SSN/Template/Request SSN RIO - RO (Approve) FAILED because (of) (Stack trace: com.kms.katalon.core.exception.StepFailedException: Unable to click on object 'Object Repository/Final Object Repo/WorkFlow Listing Page/Click Continue Tooltip' (Root cause: com.kms.katalon.core.webui.exception.WebElementNotFoundException: Web element with id: 'Object Repository/Final Object Repo/WorkFlow Listing Page/Click Continue Tooltip' located by 'By.xpath: //i[@aria-hidden = 'true' and @data-toggle = 'tooltip' and @data-original-title = 'Continue']' not found)
	at com.kms.katalon.core.keyword.internal.KeywordMain.stepFailed(KeywordMain.groovy:32)
	at com.kms.katalon.core.webui.keyword.internal.WebUIKeywordMain.stepFailed(WebUIKeywordMain.groovy:65)
	at com.kms.katalon.core.webui.keyword.internal.WebUIKeywordMain.runKeyword(WebUIKeywordMain.groovy:27)
	at com.kms.katalon.core.webui.keyword.builtin.ClickKeyword.click(ClickKeyword.groovy:86)
	at com.kms.katalon.core.webui.keyword.builtin.ClickKeyword.execute(ClickKeyword.groovy:67)
	at com.kms.katalon.core.keyword.internal.KeywordExecutor.executeKeywordForPlatform(KeywordExecutor.groovy:53)
	at com.kms.katalon.core.webui.keyword.WebUiBuiltInKeywords.click(WebUiBuiltInKeywords.groovy:616)
	at com.kms.katalon.core.webui.keyword.WebUiBuiltInKeywords$click$2.call(Unknown Source)
	at org.codehaus.groovy.runtime.callsite.CallSiteArray.defaultCall(CallSiteArray.java:48)
	at org.codehaus.groovy.runtime.callsite.AbstractCallSite.call(AbstractCallSite.java:113)
	at org.codehaus.groovy.runtime.callsite.AbstractCallSite.call(AbstractCallSite.java:125)
	at Script1534407542420.run(Script1534407542420.groovy:91)
	at com.kms.katalon.core.main.ScriptEngine.run(ScriptEngine.java:183)
	at com.kms.katalon.core.main.ScriptEngine.runScriptAsRawText(ScriptEngine.java:108)
	at com.kms.katalon.core.main.TestCaseExecutor.runScript(TestCaseExecutor.java:294)
	at com.kms.katalon.core.main.TestCaseExecutor.doExecute(TestCaseExecutor.java:285)
	at com.kms.katalon.core.main.TestCaseExecutor.processExecutionPhase(TestCaseExecutor.java:264)
	at com.kms.katalon.core.main.TestCaseExecutor.accessMainPhase(TestCaseExecutor.java:256)
	at com.kms.katalon.core.main.TestCaseExecutor.execute(TestCaseExecutor.java:200)
	at com.kms.katalon.core.main.TestCaseMain.runTestCase(TestCaseMain.java:99)
	at com.kms.katalon.core.keyword.builtin.CallTestCaseKeyword$_callTestCase_closure1.doCall(CallTestCaseKeyword.groovy:60)
	at com.kms.katalon.core.keyword.builtin.CallTestCaseKeyword$_callTestCase_closure1.call(CallTestCaseKeyword.groovy)
	at com.kms.katalon.core.keyword.internal.KeywordMain.runKeyword(KeywordMain.groovy:54)
	at com.kms.katalon.core.keyword.builtin.CallTestCaseKeyword.callTestCase(CallTestCaseKeyword.groovy:81)
	at com.kms.katalon.core.keyword.builtin.CallTestCaseKeyword.execute(CallTestCaseKeyword.groovy:45)
	at com.kms.katalon.core.keyword.internal.KeywordExecutor.executeKeywordForPlatform(KeywordExecutor.groovy:53)
	at com.kms.katalon.core.keyword.BuiltinKeywords.callTestCase(BuiltinKeywords.groovy:334)
	at sun.reflect.NativeMethodAccessorImpl.invoke0(Native Method)
	at sun.reflect.NativeMethodAccessorImpl.invoke(NativeMethodAccessorImpl.java:62)
	at sun.reflect.DelegatingMethodAccessorImpl.invoke(DelegatingMethodAccessorImpl.java:43)
	at java.lang.reflect.Method.invoke(Method.java:498)
	at org.codehaus.groovy.reflection.CachedMethod.invoke(CachedMethod.java:93)
	at groovy.lang.MetaMethod.doMethodInvoke(MetaMethod.java:325)
	at groovy.lang.MetaClassImpl.invokeStaticMethod(MetaClassImpl.java:1469)
	at org.codehaus.groovy.runtime.callsite.StaticMetaClassSite.call(StaticMetaClassSite.java:53)
	at org.codehaus.groovy.runtime.callsite.CallSiteArray.defaultCall(CallSiteArray.java:48)
	at org.codehaus.groovy.runtime.callsite.AbstractCallSite.call(AbstractCallSite.java:113)
	at org.codehaus.groovy.runtime.callsite.AbstractCallSite.call(AbstractCallSite.java:141)
	at Script1537865992110.run(Script1537865992110.groovy:30)
	at com.kms.katalon.core.main.ScriptEngine.run(ScriptEngine.java:183)
	at com.kms.katalon.core.main.ScriptEngine.runScriptAsRawText(ScriptEngine.java:108)
	at com.kms.katalon.core.main.TestCaseExecutor.runScript(TestCaseExecutor.java:294)
	at com.kms.katalon.core.main.TestCaseExecutor.doExecute(TestCaseExecutor.java:285)
	at com.kms.katalon.core.main.TestCaseExecutor.processExecutionPhase(TestCaseExecutor.java:264)
	at com.kms.katalon.core.main.TestCaseExecutor.accessMainPhase(TestCaseExecutor.java:256)
	at com.kms.katalon.core.main.TestCaseExecutor.execute(TestCaseExecutor.java:200)
	at com.kms.katalon.core.main.TestCaseMain.runTestCase(TestCaseMain.java:99)
	at com.kms.katalon.core.keyword.builtin.CallTestCaseKeyword$_callTestCase_closure1.doCall(CallTestCaseKeyword.groovy:60)
	at com.kms.katalon.core.keyword.builtin.CallTestCaseKeyword$_callTestCase_closure1.call(CallTestCaseKeyword.groovy)
	at com.kms.katalon.core.keyword.internal.KeywordMain.runKeyword(KeywordMain.groovy:54)
	at com.kms.katalon.core.keyword.builtin.CallTestCaseKeyword.callTestCase(CallTestCaseKeyword.groovy:81)
	at com.kms.katalon.core.keyword.builtin.CallTestCaseKeyword.execute(CallTestCaseKeyword.groovy:45)
	at com.kms.katalon.core.keyword.internal.KeywordExecutor.executeKeywordForPlatform(KeywordExecutor.groovy:53)
	at com.kms.katalon.core.keyword.BuiltinKeywords.callTestCase(BuiltinKeywords.groovy:334)
	at sun.reflect.NativeMethodAccessorImpl.invoke0(Native Method)
	at sun.reflect.NativeMethodAccessorImpl.invoke(NativeMethodAccessorImpl.java:62)
	at sun.reflect.DelegatingMethodAccessorImpl.invoke(DelegatingMethodAccessorImpl.java:43)
	at java.lang.reflect.Method.invoke(Method.java:498)
	at org.codehaus.groovy.reflection.CachedMethod.invoke(CachedMethod.java:93)
	at groovy.lang.MetaMethod.doMethodInvoke(MetaMethod.java:325)
	at groovy.lang.MetaClassImpl.invokeStaticMethod(MetaClassImpl.java:1469)
	at org.codehaus.groovy.runtime.callsite.StaticMetaClassSite.call(StaticMetaClassSite.java:53)
	at org.codehaus.groovy.runtime.callsite.CallSiteArray.defaultCall(CallSiteArray.java:48)
	at org.codehaus.groovy.runtime.callsite.AbstractCallSite.call(AbstractCallSite.java:113)
	at org.codehaus.groovy.runtime.callsite.AbstractCallSite.call(AbstractCallSite.java:141)
	at Script1536300508581.run(Script1536300508581.groovy:26)
	at com.kms.katalon.core.main.ScriptEngine.run(ScriptEngine.java:183)
	at com.kms.katalon.core.main.ScriptEngine.runScriptAsRawText(ScriptEngine.java:108)
	at com.kms.katalon.core.main.TestCaseExecutor.runScript(TestCaseExecutor.java:294)
	at com.kms.katalon.core.main.TestCaseExecutor.doExecute(TestCaseExecutor.java:285)
	at com.kms.katalon.core.main.TestCaseExecutor.processExecutionPhase(TestCaseExecutor.java:264)
	at com.kms.katalon.core.main.TestCaseExecutor.accessMainPhase(TestCaseExecutor.java:256)
	at com.kms.katalon.core.main.TestCaseExecutor.execute(TestCaseExecutor.java:200)
	at com.kms.katalon.core.main.TestSuiteExecutor.accessTestCaseMainPhase(TestSuiteExecutor.java:129)
	at com.kms.katalon.core.main.TestSuiteExecutor.accessTestSuiteMainPhase(TestSuiteExecutor.java:112)
	at com.kms.katalon.core.main.TestSuiteExecutor.execute(TestSuiteExecutor.java:81)
	at com.kms.katalon.core.main.TestCaseMain.startTestSuite(TestCaseMain.java:142)
	at com.kms.katalon.core.main.TestCaseMain$startTestSuite$0.call(Unknown Source)
	at org.codehaus.groovy.runtime.callsite.CallSiteArray.defaultCall(CallSiteArray.java:48)
	at org.codehaus.groovy.runtime.callsite.AbstractCallSite.call(AbstractCallSite.java:113)
	at org.codehaus.groovy.runtime.callsite.AbstractCallSite.call(AbstractCallSite.java:141)
	at TempTestSuite1541781047348.run(TempTestSuite1541781047348.groovy:36)
	at groovy.lang.GroovyShell.runScriptOrMainOrTestOrRunnable(GroovyShell.java:263)
	at groovy.lang.GroovyShell.run(GroovyShell.java:518)
	at groovy.lang.GroovyShell.run(GroovyShell.java:507)
	at groovy.ui.GroovyMain.processOnce(GroovyMain.java:653)
	at groovy.ui.GroovyMain.run(GroovyMain.java:384)
	at groovy.ui.GroovyMain.process(GroovyMain.java:370)
	at groovy.ui.GroovyMain.processArgs(GroovyMain.java:129)
	at groovy.ui.GroovyMain.main(GroovyMain.java:109)
	at sun.reflect.NativeMethodAccessorImpl.invoke0(Native Method)
	at sun.reflect.NativeMethodAccessorImpl.invoke(NativeMethodAccessorImpl.java:62)
	at sun.reflect.DelegatingMethodAccessorImpl.invoke(DelegatingMethodAccessorImpl.java:43)
	at java.lang.reflect.Method.invoke(Method.java:498)
	at org.codehaus.groovy.tools.GroovyStarter.rootLoader(GroovyStarter.java:109)
	at org.codehaus.groovy.tools.GroovyStarter.main(GroovyStarter.java:131)
)

2018-11-10 00:32:34 - [TEST_STEP][NOT_RUN] - callTestCase: NOT_RUN: callTestCase

2018-11-10 00:32:34 - [MESSAGE][NOT_RUN] - NOT_RUN: callTestCase

2018-11-10 00:32:34 - [TEST_STEP][PASSED] - delay: Delayed 2 second(s)

2018-11-10 00:32:36 - [MESSAGE][PASSED] - Delayed 2 second(s)

2018-11-10 00:32:36 - [TEST_STEP][PASSED] - navigateToUrl: Navigate to 'https://assist2-uat.perkeso.gov.my/c/portal/logout' successfully

2018-11-10 00:32:37 - [MESSAGE][PASSED] - Navigate to 'https://assist2-uat.perkeso.gov.my/c/portal/logout' successfully

2018-11-10 00:32:37 - [TEST_STEP][PASSED] - delay: Delayed 2 second(s)

2018-11-10 00:32:39 - [MESSAGE][PASSED] - Delayed 2 second(s)

2018-11-10 00:32:39 - [TEST_STEP][FAILED] - callTestCase: Unable to call Test Case with id 'Test Cases/Final Aug 2018 - PKS Automation/Common/Workflow Owner Finder' (Root cause: Call Test Case 'Test Cases/Final Aug 2018 - PKS Automation/Common/Workflow Owner Finder' failed)

2018-11-10 00:32:39 - [TEST_CASE][FAILED] - Test Cases/Final Aug 2018 - PKS Automation/Common/Workflow Owner Finder: Test Cases/Final Aug 2018 - PKS Automation/Common/Workflow Owner Finder FAILED because (of) (Stack trace: com.kms.katalon.core.exception.StepFailedException: Unable to click on object 'Object Repository/Final Object Repo/WorkFlow Listing Page/Click Continue Tooltip' (Root cause: com.kms.katalon.core.webui.exception.WebElementNotFoundException: Web element with id: 'Object Repository/Final Object Repo/WorkFlow Listing Page/Click Continue Tooltip' located by 'By.xpath: //i[@aria-hidden = 'true' and @data-toggle = 'tooltip' and @data-original-title = 'Continue']' not found)
	at com.kms.katalon.core.keyword.internal.KeywordMain.stepFailed(KeywordMain.groovy:32)
	at com.kms.katalon.core.webui.keyword.internal.WebUIKeywordMain.stepFailed(WebUIKeywordMain.groovy:65)
	at com.kms.katalon.core.webui.keyword.internal.WebUIKeywordMain.runKeyword(WebUIKeywordMain.groovy:27)
	at com.kms.katalon.core.webui.keyword.builtin.ClickKeyword.click(ClickKeyword.groovy:86)
	at com.kms.katalon.core.webui.keyword.builtin.ClickKeyword.execute(ClickKeyword.groovy:67)
	at com.kms.katalon.core.keyword.internal.KeywordExecutor.executeKeywordForPlatform(KeywordExecutor.groovy:53)
	at com.kms.katalon.core.webui.keyword.WebUiBuiltInKeywords.click(WebUiBuiltInKeywords.groovy:616)
	at com.kms.katalon.core.webui.keyword.WebUiBuiltInKeywords$click$2.call(Unknown Source)
	at org.codehaus.groovy.runtime.callsite.CallSiteArray.defaultCall(CallSiteArray.java:48)
	at org.codehaus.groovy.runtime.callsite.AbstractCallSite.call(AbstractCallSite.java:113)
	at org.codehaus.groovy.runtime.callsite.AbstractCallSite.call(AbstractCallSite.java:125)
	at Script1534407542420.run(Script1534407542420.groovy:91)
	at com.kms.katalon.core.main.ScriptEngine.run(ScriptEngine.java:183)
	at com.kms.katalon.core.main.ScriptEngine.runScriptAsRawText(ScriptEngine.java:108)
	at com.kms.katalon.core.main.TestCaseExecutor.runScript(TestCaseExecutor.java:294)
	at com.kms.katalon.core.main.TestCaseExecutor.doExecute(TestCaseExecutor.java:285)
	at com.kms.katalon.core.main.TestCaseExecutor.processExecutionPhase(TestCaseExecutor.java:264)
	at com.kms.katalon.core.main.TestCaseExecutor.accessMainPhase(TestCaseExecutor.java:256)
	at com.kms.katalon.core.main.TestCaseExecutor.execute(TestCaseExecutor.java:200)
	at com.kms.katalon.core.main.TestCaseMain.runTestCase(TestCaseMain.java:99)
	at com.kms.katalon.core.keyword.builtin.CallTestCaseKeyword$_callTestCase_closure1.doCall(CallTestCaseKeyword.groovy:60)
	at com.kms.katalon.core.keyword.builtin.CallTestCaseKeyword$_callTestCase_closure1.call(CallTestCaseKeyword.groovy)
	at com.kms.katalon.core.keyword.internal.KeywordMain.runKeyword(KeywordMain.groovy:54)
	at com.kms.katalon.core.keyword.builtin.CallTestCaseKeyword.callTestCase(CallTestCaseKeyword.groovy:81)
	at com.kms.katalon.core.keyword.builtin.CallTestCaseKeyword.execute(CallTestCaseKeyword.groovy:45)
	at com.kms.katalon.core.keyword.internal.KeywordExecutor.executeKeywordForPlatform(KeywordExecutor.groovy:53)
	at com.kms.katalon.core.keyword.BuiltinKeywords.callTestCase(BuiltinKeywords.groovy:334)
	at sun.reflect.NativeMethodAccessorImpl.invoke0(Native Method)
	at sun.reflect.NativeMethodAccessorImpl.invoke(NativeMethodAccessorImpl.java:62)
	at sun.reflect.DelegatingMethodAccessorImpl.invoke(DelegatingMethodAccessorImpl.java:43)
	at java.lang.reflect.Method.invoke(Method.java:498)
	at org.codehaus.groovy.reflection.CachedMethod.invoke(CachedMethod.java:93)
	at groovy.lang.MetaMethod.doMethodInvoke(MetaMethod.java:325)
	at groovy.lang.MetaClassImpl.invokeStaticMethod(MetaClassImpl.java:1469)
	at org.codehaus.groovy.runtime.callsite.StaticMetaClassSite.call(StaticMetaClassSite.java:53)
	at org.codehaus.groovy.runtime.callsite.CallSiteArray.defaultCall(CallSiteArray.java:48)
	at org.codehaus.groovy.runtime.callsite.AbstractCallSite.call(AbstractCallSite.java:113)
	at org.codehaus.groovy.runtime.callsite.AbstractCallSite.call(AbstractCallSite.java:141)
	at Script1537865992110.run(Script1537865992110.groovy:30)
	at com.kms.katalon.core.main.ScriptEngine.run(ScriptEngine.java:183)
	at com.kms.katalon.core.main.ScriptEngine.runScriptAsRawText(ScriptEngine.java:108)
	at com.kms.katalon.core.main.TestCaseExecutor.runScript(TestCaseExecutor.java:294)
	at com.kms.katalon.core.main.TestCaseExecutor.doExecute(TestCaseExecutor.java:285)
	at com.kms.katalon.core.main.TestCaseExecutor.processExecutionPhase(TestCaseExecutor.java:264)
	at com.kms.katalon.core.main.TestCaseExecutor.accessMainPhase(TestCaseExecutor.java:256)
	at com.kms.katalon.core.main.TestCaseExecutor.execute(TestCaseExecutor.java:200)
	at com.kms.katalon.core.main.TestCaseMain.runTestCase(TestCaseMain.java:99)
	at com.kms.katalon.core.keyword.builtin.CallTestCaseKeyword$_callTestCase_closure1.doCall(CallTestCaseKeyword.groovy:60)
	at com.kms.katalon.core.keyword.builtin.CallTestCaseKeyword$_callTestCase_closure1.call(CallTestCaseKeyword.groovy)
	at com.kms.katalon.core.keyword.internal.KeywordMain.runKeyword(KeywordMain.groovy:54)
	at com.kms.katalon.core.keyword.builtin.CallTestCaseKeyword.callTestCase(CallTestCaseKeyword.groovy:81)
	at com.kms.katalon.core.keyword.builtin.CallTestCaseKeyword.execute(CallTestCaseKeyword.groovy:45)
	at com.kms.katalon.core.keyword.internal.KeywordExecutor.executeKeywordForPlatform(KeywordExecutor.groovy:53)
	at com.kms.katalon.core.keyword.BuiltinKeywords.callTestCase(BuiltinKeywords.groovy:334)
	at sun.reflect.NativeMethodAccessorImpl.invoke0(Native Method)
	at sun.reflect.NativeMethodAccessorImpl.invoke(NativeMethodAccessorImpl.java:62)
	at sun.reflect.DelegatingMethodAccessorImpl.invoke(DelegatingMethodAccessorImpl.java:43)
	at java.lang.reflect.Method.invoke(Method.java:498)
	at org.codehaus.groovy.reflection.CachedMethod.invoke(CachedMethod.java:93)
	at groovy.lang.MetaMethod.doMethodInvoke(MetaMethod.java:325)
	at groovy.lang.MetaClassImpl.invokeStaticMethod(MetaClassImpl.java:1469)
	at org.codehaus.groovy.runtime.callsite.StaticMetaClassSite.call(StaticMetaClassSite.java:53)
	at org.codehaus.groovy.runtime.callsite.CallSiteArray.defaultCall(CallSiteArray.java:48)
	at org.codehaus.groovy.runtime.callsite.AbstractCallSite.call(AbstractCallSite.java:113)
	at org.codehaus.groovy.runtime.callsite.AbstractCallSite.call(AbstractCallSite.java:141)
	at Script1536300508581.run(Script1536300508581.groovy:26)
	at com.kms.katalon.core.main.ScriptEngine.run(ScriptEngine.java:183)
	at com.kms.katalon.core.main.ScriptEngine.runScriptAsRawText(ScriptEngine.java:108)
	at com.kms.katalon.core.main.TestCaseExecutor.runScript(TestCaseExecutor.java:294)
	at com.kms.katalon.core.main.TestCaseExecutor.doExecute(TestCaseExecutor.java:285)
	at com.kms.katalon.core.main.TestCaseExecutor.processExecutionPhase(TestCaseExecutor.java:264)
	at com.kms.katalon.core.main.TestCaseExecutor.accessMainPhase(TestCaseExecutor.java:256)
	at com.kms.katalon.core.main.TestCaseExecutor.execute(TestCaseExecutor.java:200)
	at com.kms.katalon.core.main.TestSuiteExecutor.accessTestCaseMainPhase(TestSuiteExecutor.java:129)
	at com.kms.katalon.core.main.TestSuiteExecutor.accessTestSuiteMainPhase(TestSuiteExecutor.java:112)
	at com.kms.katalon.core.main.TestSuiteExecutor.execute(TestSuiteExecutor.java:81)
	at com.kms.katalon.core.main.TestCaseMain.startTestSuite(TestCaseMain.java:142)
	at com.kms.katalon.core.main.TestCaseMain$startTestSuite$0.call(Unknown Source)
	at org.codehaus.groovy.runtime.callsite.CallSiteArray.defaultCall(CallSiteArray.java:48)
	at org.codehaus.groovy.runtime.callsite.AbstractCallSite.call(AbstractCallSite.java:113)
	at org.codehaus.groovy.runtime.callsite.AbstractCallSite.call(AbstractCallSite.java:141)
	at TempTestSuite1541781047348.run(TempTestSuite1541781047348.groovy:36)
	at groovy.lang.GroovyShell.runScriptOrMainOrTestOrRunnable(GroovyShell.java:263)
	at groovy.lang.GroovyShell.run(GroovyShell.java:518)
	at groovy.lang.GroovyShell.run(GroovyShell.java:507)
	at groovy.ui.GroovyMain.processOnce(GroovyMain.java:653)
	at groovy.ui.GroovyMain.run(GroovyMain.java:384)
	at groovy.ui.GroovyMain.process(GroovyMain.java:370)
	at groovy.ui.GroovyMain.processArgs(GroovyMain.java:129)
	at groovy.ui.GroovyMain.main(GroovyMain.java:109)
	at sun.reflect.NativeMethodAccessorImpl.invoke0(Native Method)
	at sun.reflect.NativeMethodAccessorImpl.invoke(NativeMethodAccessorImpl.java:62)
	at sun.reflect.DelegatingMethodAccessorImpl.invoke(DelegatingMethodAccessorImpl.java:43)
	at java.lang.reflect.Method.invoke(Method.java:498)
	at org.codehaus.groovy.tools.GroovyStarter.rootLoader(GroovyStarter.java:109)
	at org.codehaus.groovy.tools.GroovyStarter.main(GroovyStarter.java:131)
)

2018-11-10 00:32:39 - [TEST_STEP][PASSED] - openBrowser: Browser is opened with url: ''

2018-11-10 00:32:39 - [MESSAGE][WARNING] - A browser is already opened. Closing browser and opening a new one

2018-11-10 00:32:44 - [MESSAGE][PASSED] - Browser is opened with url: ''

2018-11-10 00:32:44 - [TEST_STEP][PASSED] - navigateToUrl: Navigate to 'https://assist2-uat.perkeso.gov.my/login' successfully

2018-11-10 00:32:46 - [MESSAGE][PASSED] - Navigate to 'https://assist2-uat.perkeso.gov.my/login' successfully

2018-11-10 00:32:46 - [TEST_STEP][PASSED] - delay: Delayed 5 second(s)

2018-11-10 00:32:51 - [MESSAGE][PASSED] - Delayed 5 second(s)

2018-11-10 00:32:51 - [TEST_STEP][PASSED] - setText: Text 'test@liferay.com' is set on object 'Object Repository/Final Object Repo/Login Page/Internal User/Email Address'

2018-11-10 00:32:51 - [MESSAGE][PASSED] - Text 'test@liferay.com' is set on object 'Object Repository/Final Object Repo/Login Page/Internal User/Email Address'

2018-11-10 00:32:51 - [TEST_STEP][PASSED] - click: Object: 'Object Repository/Final Object Repo/Login Page/Internal User/Next Button' is clicked on

2018-11-10 00:32:51 - [MESSAGE][PASSED] - Object: 'Object Repository/Final Object Repo/Login Page/Internal User/Next Button' is clicked on

2018-11-10 00:32:51 - [TEST_STEP][PASSED] - delay: Delayed 2 second(s)

2018-11-10 00:32:53 - [MESSAGE][PASSED] - Delayed 2 second(s)

2018-11-10 00:32:53 - [TEST_STEP][PASSED] - setText: Text 'test' is set on object 'Object Repository/Final Object Repo/Login Page/Internal User/Password'

2018-11-10 00:32:53 - [MESSAGE][PASSED] - Text 'test' is set on object 'Object Repository/Final Object Repo/Login Page/Internal User/Password'

2018-11-10 00:32:53 - [TEST_STEP][PASSED] - delay: Delayed 2 second(s)

2018-11-10 00:32:55 - [MESSAGE][PASSED] - Delayed 2 second(s)

2018-11-10 00:32:55 - [TEST_STEP][PASSED] - click: Object: 'Object Repository/Final Object Repo/Login Page/Internal User/Login Button' is clicked on

2018-11-10 00:32:59 - [MESSAGE][PASSED] - Object: 'Object Repository/Final Object Repo/Login Page/Internal User/Login Button' is clicked on

2018-11-10 00:32:59 - [TEST_STEP][PASSED] - Statement - Try: Delayed 2 second(s)

2018-11-10 00:32:59 - [TEST_STEP][PASSED] - Statement - Checker = false: null

2018-11-10 00:32:59 - [TEST_STEP][PASSED] - Statement - Checker = com.kms.katalon.core.webui.keyword.WebUiBuiltInKeywords.verifyElementHasAttribute(com.kms.katalon.core.testobject.ObjectRepository.findTestObject(Final Object Repo/Landing Page/BM Detecting), "href", 20, OPTIONAL): Object 'Object Repository/Final Object Repo/Landing Page/BM Detecting' has attribute 'href'

2018-11-10 00:32:59 - [MESSAGE][PASSED] - Object 'Object Repository/Final Object Repo/Landing Page/BM Detecting' has attribute 'href'

2018-11-10 00:32:59 - [TEST_STEP][PASSED] - Statement - out.println(Checker): null

2018-11-10 00:32:59 - [TEST_STEP][PASSED] - Statement - If (Checker == false): null

2018-11-10 00:32:59 - [TEST_STEP][PASSED] - Statement - Else: null

2018-11-10 00:32:59 - [TEST_STEP][PASSED] - delay: Delayed 2 second(s)

2018-11-10 00:33:01 - [MESSAGE][PASSED] - Delayed 2 second(s)

2018-11-10 00:33:01 - [TEST_STEP][PASSED] - delay: Delayed 3 second(s)

2018-11-10 00:33:04 - [MESSAGE][PASSED] - Delayed 3 second(s)

2018-11-10 00:33:04 - [TEST_STEP][PASSED] - mouseOver: Object: 'Object Repository/Final Object Repo/Landing Page/WorkFlow Menu' is hovered

2018-11-10 00:33:04 - [MESSAGE][PASSED] - Object: 'Object Repository/Final Object Repo/Landing Page/WorkFlow Menu' is hovered

2018-11-10 00:33:04 - [TEST_STEP][PASSED] - delay: Delayed 2 second(s)

2018-11-10 00:33:06 - [MESSAGE][PASSED] - Delayed 2 second(s)

2018-11-10 00:33:06 - [TEST_STEP][PASSED] - click: Object: 'Object Repository/Final Object Repo/Landing Page/Select to Workflow Listing' is clicked on

2018-11-10 00:33:08 - [MESSAGE][PASSED] - Object: 'Object Repository/Final Object Repo/Landing Page/Select to Workflow Listing' is clicked on

2018-11-10 00:33:08 - [TEST_STEP][PASSED] - delay: Delayed 2 second(s)

2018-11-10 00:33:10 - [MESSAGE][PASSED] - Delayed 2 second(s)

2018-11-10 00:33:10 - [TEST_STEP][PASSED] - click: Object: 'Object Repository/Final Object Repo/WorkFlow Listing Page/Search Information - To Put Ref No' is clicked on

2018-11-10 00:33:10 - [MESSAGE][PASSED] - Object: 'Object Repository/Final Object Repo/WorkFlow Listing Page/Search Information - To Put Ref No' is clicked on

2018-11-10 00:33:10 - [TEST_STEP][PASSED] - delay: Delayed 2 second(s)

2018-11-10 00:33:12 - [MESSAGE][PASSED] - Delayed 2 second(s)

2018-11-10 00:33:12 - [TEST_STEP][PASSED] - callTestCase: Call Test Case 'Test Cases/Final Aug 2018 - PKS Automation/Common/Reference Number Getter' successfully

2018-11-10 00:33:12 - [TEST_CASE][PASSED] - Test Cases/Final Aug 2018 - PKS Automation/Common/Reference Number Getter: Test Cases/Final Aug 2018 - PKS Automation/Common/Reference Number Getter

2018-11-10 00:33:12 - [TEST_STEP][PASSED] - Statement - Try: null

2018-11-10 00:33:12 - [TEST_STEP][PASSED] - Statement - RefNo = new java.io.File(C://KatalonReference.txt): null

2018-11-10 00:33:12 - [TEST_STEP][PASSED] - Statement - bufferread = new java.io.BufferedReader(new java.io.FileReader(RefNo)): null

2018-11-10 00:33:12 - [TEST_STEP][PASSED] - Statement - readedVal = bufferread.readLine(): null

2018-11-10 00:33:12 - [TEST_STEP][PASSED] - Statement - out.println(CaseReferenceNo): null

2018-11-10 00:33:12 - [TEST_STEP][PASSED] - Statement - out.println(readedVal): null

2018-11-10 00:33:12 - [TEST_STEP][PASSED] - Statement - CaseReferenceNo = readedVal: null

2018-11-10 00:33:12 - [MESSAGE][PASSED] - Call Test Case 'Test Cases/Final Aug 2018 - PKS Automation/Common/Reference Number Getter' successfully

2018-11-10 00:33:12 - [TEST_STEP][PASSED] - setText: Text 'CUN112018C100005363' is set on object 'Object Repository/Final Object Repo/WorkFlow Listing Page/Ref No Set Text'

2018-11-10 00:33:13 - [MESSAGE][PASSED] - Text 'CUN112018C100005363' is set on object 'Object Repository/Final Object Repo/WorkFlow Listing Page/Ref No Set Text'

2018-11-10 00:33:13 - [TEST_STEP][PASSED] - delay: Delayed 2 second(s)

2018-11-10 00:33:15 - [MESSAGE][PASSED] - Delayed 2 second(s)

2018-11-10 00:33:15 - [TEST_STEP][PASSED] - click: Object: 'Object Repository/Final Object Repo/WorkFlow Listing Page/Search Ref No Search Button' is clicked on

2018-11-10 00:33:16 - [MESSAGE][PASSED] - Object: 'Object Repository/Final Object Repo/WorkFlow Listing Page/Search Ref No Search Button' is clicked on

2018-11-10 00:33:16 - [TEST_STEP][PASSED] - delay: Delayed 4 second(s)

2018-11-10 00:33:20 - [MESSAGE][PASSED] - Delayed 4 second(s)

2018-11-10 00:33:20 - [TEST_STEP][FAILED] - click: Unable to click on object 'Object Repository/Final Object Repo/WorkFlow Listing Page/Click Continue Tooltip' (Root cause: com.kms.katalon.core.webui.exception.WebElementNotFoundException: Web element with id: 'Object Repository/Final Object Repo/WorkFlow Listing Page/Click Continue Tooltip' located by 'By.xpath: //i[@aria-hidden = 'true' and @data-toggle = 'tooltip' and @data-original-title = 'Continue']' not found)

2018-11-10 00:33:56 - [MESSAGE][FAILED] - Unable to click on object 'Object Repository/Final Object Repo/WorkFlow Listing Page/Click Continue Tooltip' (Root cause: com.kms.katalon.core.webui.exception.WebElementNotFoundException: Web element with id: 'Object Repository/Final Object Repo/WorkFlow Listing Page/Click Continue Tooltip' located by 'By.xpath: //i[@aria-hidden = 'true' and @data-toggle = 'tooltip' and @data-original-title = 'Continue']' not found)
[[ATTACHMENT|C:\\Users\\LENOVO\\Katalon Studio\\Perkeso Phase A\\Reports\\Workflow\\Request SSN\\20181110_003047\\1541781236764.png]]

2018-11-10 00:33:56 - [TEST_STEP][PASSED] - delay: Delayed 5 second(s)

2018-11-10 00:34:01 - [MESSAGE][PASSED] - Delayed 5 second(s)

2018-11-10 00:34:01 - [TEST_STEP][FAILED] - doubleClick: Unable to double click on object 'Object Repository/Final Object Repo/WorkFlow Listing Page/Workflow Found - Listing 1' (Root cause: com.kms.katalon.core.webui.exception.WebElementNotFoundException: Web element with id: 'Object Repository/Final Object Repo/WorkFlow Listing Page/Workflow Found - Listing 1' located by 'By.xpath: //body/div/div/div/div/div/div/div/div/div/div/div/div/div/div/div/div/table/tbody/tr/td[@class='table-cell  first']/following-sibling::td[1]' not found)

2018-11-10 00:34:33 - [MESSAGE][FAILED] - Unable to double click on object 'Object Repository/Final Object Repo/WorkFlow Listing Page/Workflow Found - Listing 1' (Root cause: com.kms.katalon.core.webui.exception.WebElementNotFoundException: Web element with id: 'Object Repository/Final Object Repo/WorkFlow Listing Page/Workflow Found - Listing 1' located by 'By.xpath: //body/div/div/div/div/div/div/div/div/div/div/div/div/div/div/div/div/table/tbody/tr/td[@class='table-cell  first']/following-sibling::td[1]' not found)
[[ATTACHMENT|C:\\Users\\LENOVO\\Katalon Studio\\Perkeso Phase A\\Reports\\Workflow\\Request SSN\\20181110_003047\\1541781273554.png]]

2018-11-10 00:34:33 - [MESSAGE][FAILED] - Unable to call Test Case with id 'Test Cases/Final Aug 2018 - PKS Automation/Common/Workflow Owner Finder' (Root cause: Call Test Case 'Test Cases/Final Aug 2018 - PKS Automation/Common/Workflow Owner Finder' failed)

2018-11-10 00:34:33 - [MESSAGE][FAILED] - Unable to call Test Case with id 'Test Cases/Final Aug 2018 - PKS Automation/Registration Module/Workflow/Request SSN/Template/Request SSN RIO - RO (Approve)' (Root cause: Call Test Case 'Test Cases/Final Aug 2018 - PKS Automation/Registration Module/Workflow/Request SSN/Template/Request SSN RIO - RO (Approve)' failed)]]></system-out>
         <system-err><![CDATA[2018-11-10 00:30:50 - [TEST_CASE][FAILED] - Test Cases/Final Aug 2018 - PKS Automation/Registration Module/Workflow/Request SSN/OTC - RIO - RO (Approve): Test Cases/Final Aug 2018 - PKS Automation/Registration Module/Workflow/Request SSN/OTC - RIO - RO (Approve) FAILED because (of) (Stack trace: com.kms.katalon.core.exception.StepFailedException: Unable to click on object 'Object Repository/Final Object Repo/WorkFlow Listing Page/Click Continue Tooltip' (Root cause: com.kms.katalon.core.webui.exception.WebElementNotFoundException: Web element with id: 'Object Repository/Final Object Repo/WorkFlow Listing Page/Click Continue Tooltip' located by 'By.xpath: //i[@aria-hidden = 'true' and @data-toggle = 'tooltip' and @data-original-title = 'Continue']' not found)
	at com.kms.katalon.core.keyword.internal.KeywordMain.stepFailed(KeywordMain.groovy:32)
	at com.kms.katalon.core.webui.keyword.internal.WebUIKeywordMain.stepFailed(WebUIKeywordMain.groovy:65)
	at com.kms.katalon.core.webui.keyword.internal.WebUIKeywordMain.runKeyword(WebUIKeywordMain.groovy:27)
	at com.kms.katalon.core.webui.keyword.builtin.ClickKeyword.click(ClickKeyword.groovy:86)
	at com.kms.katalon.core.webui.keyword.builtin.ClickKeyword.execute(ClickKeyword.groovy:67)
	at com.kms.katalon.core.keyword.internal.KeywordExecutor.executeKeywordForPlatform(KeywordExecutor.groovy:53)
	at com.kms.katalon.core.webui.keyword.WebUiBuiltInKeywords.click(WebUiBuiltInKeywords.groovy:616)
	at com.kms.katalon.core.webui.keyword.WebUiBuiltInKeywords$click$2.call(Unknown Source)
	at org.codehaus.groovy.runtime.callsite.CallSiteArray.defaultCall(CallSiteArray.java:48)
	at org.codehaus.groovy.runtime.callsite.AbstractCallSite.call(AbstractCallSite.java:113)
	at org.codehaus.groovy.runtime.callsite.AbstractCallSite.call(AbstractCallSite.java:125)
	at Script1534407542420.run(Script1534407542420.groovy:91)
	at com.kms.katalon.core.main.ScriptEngine.run(ScriptEngine.java:183)
	at com.kms.katalon.core.main.ScriptEngine.runScriptAsRawText(ScriptEngine.java:108)
	at com.kms.katalon.core.main.TestCaseExecutor.runScript(TestCaseExecutor.java:294)
	at com.kms.katalon.core.main.TestCaseExecutor.doExecute(TestCaseExecutor.java:285)
	at com.kms.katalon.core.main.TestCaseExecutor.processExecutionPhase(TestCaseExecutor.java:264)
	at com.kms.katalon.core.main.TestCaseExecutor.accessMainPhase(TestCaseExecutor.java:256)
	at com.kms.katalon.core.main.TestCaseExecutor.execute(TestCaseExecutor.java:200)
	at com.kms.katalon.core.main.TestCaseMain.runTestCase(TestCaseMain.java:99)
	at com.kms.katalon.core.keyword.builtin.CallTestCaseKeyword$_callTestCase_closure1.doCall(CallTestCaseKeyword.groovy:60)
	at com.kms.katalon.core.keyword.builtin.CallTestCaseKeyword$_callTestCase_closure1.call(CallTestCaseKeyword.groovy)
	at com.kms.katalon.core.keyword.internal.KeywordMain.runKeyword(KeywordMain.groovy:54)
	at com.kms.katalon.core.keyword.builtin.CallTestCaseKeyword.callTestCase(CallTestCaseKeyword.groovy:81)
	at com.kms.katalon.core.keyword.builtin.CallTestCaseKeyword.execute(CallTestCaseKeyword.groovy:45)
	at com.kms.katalon.core.keyword.internal.KeywordExecutor.executeKeywordForPlatform(KeywordExecutor.groovy:53)
	at com.kms.katalon.core.keyword.BuiltinKeywords.callTestCase(BuiltinKeywords.groovy:334)
	at sun.reflect.NativeMethodAccessorImpl.invoke0(Native Method)
	at sun.reflect.NativeMethodAccessorImpl.invoke(NativeMethodAccessorImpl.java:62)
	at sun.reflect.DelegatingMethodAccessorImpl.invoke(DelegatingMethodAccessorImpl.java:43)
	at java.lang.reflect.Method.invoke(Method.java:498)
	at org.codehaus.groovy.reflection.CachedMethod.invoke(CachedMethod.java:93)
	at groovy.lang.MetaMethod.doMethodInvoke(MetaMethod.java:325)
	at groovy.lang.MetaClassImpl.invokeStaticMethod(MetaClassImpl.java:1469)
	at org.codehaus.groovy.runtime.callsite.StaticMetaClassSite.call(StaticMetaClassSite.java:53)
	at org.codehaus.groovy.runtime.callsite.CallSiteArray.defaultCall(CallSiteArray.java:48)
	at org.codehaus.groovy.runtime.callsite.AbstractCallSite.call(AbstractCallSite.java:113)
	at org.codehaus.groovy.runtime.callsite.AbstractCallSite.call(AbstractCallSite.java:141)
	at Script1537865992110.run(Script1537865992110.groovy:30)
	at com.kms.katalon.core.main.ScriptEngine.run(ScriptEngine.java:183)
	at com.kms.katalon.core.main.ScriptEngine.runScriptAsRawText(ScriptEngine.java:108)
	at com.kms.katalon.core.main.TestCaseExecutor.runScript(TestCaseExecutor.java:294)
	at com.kms.katalon.core.main.TestCaseExecutor.doExecute(TestCaseExecutor.java:285)
	at com.kms.katalon.core.main.TestCaseExecutor.processExecutionPhase(TestCaseExecutor.java:264)
	at com.kms.katalon.core.main.TestCaseExecutor.accessMainPhase(TestCaseExecutor.java:256)
	at com.kms.katalon.core.main.TestCaseExecutor.execute(TestCaseExecutor.java:200)
	at com.kms.katalon.core.main.TestCaseMain.runTestCase(TestCaseMain.java:99)
	at com.kms.katalon.core.keyword.builtin.CallTestCaseKeyword$_callTestCase_closure1.doCall(CallTestCaseKeyword.groovy:60)
	at com.kms.katalon.core.keyword.builtin.CallTestCaseKeyword$_callTestCase_closure1.call(CallTestCaseKeyword.groovy)
	at com.kms.katalon.core.keyword.internal.KeywordMain.runKeyword(KeywordMain.groovy:54)
	at com.kms.katalon.core.keyword.builtin.CallTestCaseKeyword.callTestCase(CallTestCaseKeyword.groovy:81)
	at com.kms.katalon.core.keyword.builtin.CallTestCaseKeyword.execute(CallTestCaseKeyword.groovy:45)
	at com.kms.katalon.core.keyword.internal.KeywordExecutor.executeKeywordForPlatform(KeywordExecutor.groovy:53)
	at com.kms.katalon.core.keyword.BuiltinKeywords.callTestCase(BuiltinKeywords.groovy:334)
	at sun.reflect.NativeMethodAccessorImpl.invoke0(Native Method)
	at sun.reflect.NativeMethodAccessorImpl.invoke(NativeMethodAccessorImpl.java:62)
	at sun.reflect.DelegatingMethodAccessorImpl.invoke(DelegatingMethodAccessorImpl.java:43)
	at java.lang.reflect.Method.invoke(Method.java:498)
	at org.codehaus.groovy.reflection.CachedMethod.invoke(CachedMethod.java:93)
	at groovy.lang.MetaMethod.doMethodInvoke(MetaMethod.java:325)
	at groovy.lang.MetaClassImpl.invokeStaticMethod(MetaClassImpl.java:1469)
	at org.codehaus.groovy.runtime.callsite.StaticMetaClassSite.call(StaticMetaClassSite.java:53)
	at org.codehaus.groovy.runtime.callsite.CallSiteArray.defaultCall(CallSiteArray.java:48)
	at org.codehaus.groovy.runtime.callsite.AbstractCallSite.call(AbstractCallSite.java:113)
	at org.codehaus.groovy.runtime.callsite.AbstractCallSite.call(AbstractCallSite.java:141)
	at Script1536300508581.run(Script1536300508581.groovy:26)
	at com.kms.katalon.core.main.ScriptEngine.run(ScriptEngine.java:183)
	at com.kms.katalon.core.main.ScriptEngine.runScriptAsRawText(ScriptEngine.java:108)
	at com.kms.katalon.core.main.TestCaseExecutor.runScript(TestCaseExecutor.java:294)
	at com.kms.katalon.core.main.TestCaseExecutor.doExecute(TestCaseExecutor.java:285)
	at com.kms.katalon.core.main.TestCaseExecutor.processExecutionPhase(TestCaseExecutor.java:264)
	at com.kms.katalon.core.main.TestCaseExecutor.accessMainPhase(TestCaseExecutor.java:256)
	at com.kms.katalon.core.main.TestCaseExecutor.execute(TestCaseExecutor.java:200)
	at com.kms.katalon.core.main.TestSuiteExecutor.accessTestCaseMainPhase(TestSuiteExecutor.java:129)
	at com.kms.katalon.core.main.TestSuiteExecutor.accessTestSuiteMainPhase(TestSuiteExecutor.java:112)
	at com.kms.katalon.core.main.TestSuiteExecutor.execute(TestSuiteExecutor.java:81)
	at com.kms.katalon.core.main.TestCaseMain.startTestSuite(TestCaseMain.java:142)
	at com.kms.katalon.core.main.TestCaseMain$startTestSuite$0.call(Unknown Source)
	at org.codehaus.groovy.runtime.callsite.CallSiteArray.defaultCall(CallSiteArray.java:48)
	at org.codehaus.groovy.runtime.callsite.AbstractCallSite.call(AbstractCallSite.java:113)
	at org.codehaus.groovy.runtime.callsite.AbstractCallSite.call(AbstractCallSite.java:141)
	at TempTestSuite1541781047348.run(TempTestSuite1541781047348.groovy:36)
	at groovy.lang.GroovyShell.runScriptOrMainOrTestOrRunnable(GroovyShell.java:263)
	at groovy.lang.GroovyShell.run(GroovyShell.java:518)
	at groovy.lang.GroovyShell.run(GroovyShell.java:507)
	at groovy.ui.GroovyMain.processOnce(GroovyMain.java:653)
	at groovy.ui.GroovyMain.run(GroovyMain.java:384)
	at groovy.ui.GroovyMain.process(GroovyMain.java:370)
	at groovy.ui.GroovyMain.processArgs(GroovyMain.java:129)
	at groovy.ui.GroovyMain.main(GroovyMain.java:109)
	at sun.reflect.NativeMethodAccessorImpl.invoke0(Native Method)
	at sun.reflect.NativeMethodAccessorImpl.invoke(NativeMethodAccessorImpl.java:62)
	at sun.reflect.DelegatingMethodAccessorImpl.invoke(DelegatingMethodAccessorImpl.java:43)
	at java.lang.reflect.Method.invoke(Method.java:498)
	at org.codehaus.groovy.tools.GroovyStarter.rootLoader(GroovyStarter.java:109)
	at org.codehaus.groovy.tools.GroovyStarter.main(GroovyStarter.java:131)
)]]></system-err>
      </testcase>
      <testcase name="Test Cases/Final Aug 2018 - PKS Automation/Registration Module/Workflow/Request SSN/OTC - RIO - RO (Query)" classname="Test Cases/Final Aug 2018 - PKS Automation/Registration Module/Workflow/Request SSN/OTC - RIO - RO (Query)" status="FAILED">
         <failure type="FAILED" message="(Stack trace: com.kms.katalon.core.exception.StepFailedException: Unable to click on object 'Object Repository/Final Object Repo/Page_Request SSN - ASSIST/Document Type' (Root cause: org.openqa.selenium.ElementClickInterceptedException: Element &lt;span class=&quot;select2-selection select2-selection--single&quot;> is not clickable at point (482.4833221435547,188.86666870117188) because another element &lt;div class=&quot;blockUI blockOverlay&quot;> obscures it
Build info: version: '3.9.1', revision: '63f7b50', time: '2018-02-07T22:42:28.403Z'
System info: host: 'WEIZHENG', ip: '192.168.137.1', os.name: 'Windows 7', os.arch: 'amd64', os.version: '6.1', java.version: '1.8.0_181'
Driver info: com.kms.katalon.core.webui.driver.firefox.CGeckoDriver
Capabilities {acceptInsecureCerts: true, browserName: firefox, browserVersion: 63.0.1, javascriptEnabled: true, moz:accessibilityChecks: false, moz:geckodriverVersion: 0.23.0, moz:headless: false, moz:processID: 9144, moz:profile: C:\Users\Wei Zheng\AppData\..., moz:useNonSpecCompliantPointerOrigin: false, moz:webdriverClick: true, pageLoadStrategy: normal, platform: WINDOWS, platformName: WINDOWS, platformVersion: 6.1, proxy: Proxy(direct), rotatable: false, setWindowRect: true, timeouts: {implicit: 0, pageLoad: 300000, script: 30000}, unhandledPromptBehavior: dismiss and notify}
Session ID: 35d09e4d-4bf2-417f-ae50-0c46277b0222)
	at com.kms.katalon.core.keyword.internal.KeywordMain.stepFailed(KeywordMain.groovy:32)
	at com.kms.katalon.core.webui.keyword.internal.WebUIKeywordMain.stepFailed(WebUIKeywordMain.groovy:65)
	at com.kms.katalon.core.webui.keyword.internal.WebUIKeywordMain.runKeyword(WebUIKeywordMain.groovy:27)
	at com.kms.katalon.core.webui.keyword.builtin.ClickKeyword.click(ClickKeyword.groovy:86)
	at com.kms.katalon.core.webui.keyword.builtin.ClickKeyword.execute(ClickKeyword.groovy:67)
	at com.kms.katalon.core.keyword.internal.KeywordExecutor.executeKeywordForPlatform(KeywordExecutor.groovy:53)
	at com.kms.katalon.core.webui.keyword.WebUiBuiltInKeywords.click(WebUiBuiltInKeywords.groovy:616)
	at com.kms.katalon.core.webui.keyword.WebUiBuiltInKeywords$click$2.call(Unknown Source)
	at org.codehaus.groovy.runtime.callsite.CallSiteArray.defaultCall(CallSiteArray.java:48)
	at org.codehaus.groovy.runtime.callsite.AbstractCallSite.call(AbstractCallSite.java:113)
	at org.codehaus.groovy.runtime.callsite.AbstractCallSite.call(AbstractCallSite.java:125)
	at Script1537866257782.run(Script1537866257782.groovy:64)
	at com.kms.katalon.core.main.ScriptEngine.run(ScriptEngine.java:183)
	at com.kms.katalon.core.main.ScriptEngine.runScriptAsRawText(ScriptEngine.java:108)
	at com.kms.katalon.core.main.TestCaseExecutor.runScript(TestCaseExecutor.java:294)
	at com.kms.katalon.core.main.TestCaseExecutor.doExecute(TestCaseExecutor.java:285)
	at com.kms.katalon.core.main.TestCaseExecutor.processExecutionPhase(TestCaseExecutor.java:264)
	at com.kms.katalon.core.main.TestCaseExecutor.accessMainPhase(TestCaseExecutor.java:256)
	at com.kms.katalon.core.main.TestCaseExecutor.execute(TestCaseExecutor.java:200)
	at com.kms.katalon.core.main.TestCaseMain.runTestCase(TestCaseMain.java:99)
	at com.kms.katalon.core.keyword.builtin.CallTestCaseKeyword$_callTestCase_closure1.doCall(CallTestCaseKeyword.groovy:60)
	at com.kms.katalon.core.keyword.builtin.CallTestCaseKeyword$_callTestCase_closure1.call(CallTestCaseKeyword.groovy)
	at com.kms.katalon.core.keyword.internal.KeywordMain.runKeyword(KeywordMain.groovy:54)
	at com.kms.katalon.core.keyword.builtin.CallTestCaseKeyword.callTestCase(CallTestCaseKeyword.groovy:81)
	at com.kms.katalon.core.keyword.builtin.CallTestCaseKeyword.execute(CallTestCaseKeyword.groovy:45)
	at com.kms.katalon.core.keyword.internal.KeywordExecutor.executeKeywordForPlatform(KeywordExecutor.groovy:53)
	at com.kms.katalon.core.keyword.BuiltinKeywords.callTestCase(BuiltinKeywords.groovy:334)
	at sun.reflect.GeneratedMethodAccessor13.invoke(Unknown Source)
	at sun.reflect.DelegatingMethodAccessorImpl.invoke(DelegatingMethodAccessorImpl.java:43)
	at java.lang.reflect.Method.invoke(Method.java:498)
	at org.codehaus.groovy.reflection.CachedMethod.invoke(CachedMethod.java:93)
	at groovy.lang.MetaMethod.doMethodInvoke(MetaMethod.java:325)
	at groovy.lang.MetaClassImpl.invokeStaticMethod(MetaClassImpl.java:1469)
	at org.codehaus.groovy.runtime.callsite.StaticMetaClassSite.call(StaticMetaClassSite.java:53)
	at org.codehaus.groovy.runtime.callsite.CallSiteArray.defaultCall(CallSiteArray.java:48)
	at org.codehaus.groovy.runtime.callsite.AbstractCallSite.call(AbstractCallSite.java:113)
	at org.codehaus.groovy.runtime.callsite.AbstractCallSite.call(AbstractCallSite.java:141)
	at Script1537866031818.run(Script1537866031818.groovy:69)
	at com.kms.katalon.core.main.ScriptEngine.run(ScriptEngine.java:183)
	at com.kms.katalon.core.main.ScriptEngine.runScriptAsRawText(ScriptEngine.java:108)
	at com.kms.katalon.core.main.TestCaseExecutor.runScript(TestCaseExecutor.java:294)
	at com.kms.katalon.core.main.TestCaseExecutor.doExecute(TestCaseExecutor.java:285)
	at com.kms.katalon.core.main.TestCaseExecutor.processExecutionPhase(TestCaseExecutor.java:264)
	at com.kms.katalon.core.main.TestCaseExecutor.accessMainPhase(TestCaseExecutor.java:256)
	at com.kms.katalon.core.main.TestCaseExecutor.execute(TestCaseExecutor.java:200)
	at com.kms.katalon.core.main.TestCaseMain.runTestCase(TestCaseMain.java:99)
	at com.kms.katalon.core.keyword.builtin.CallTestCaseKeyword$_callTestCase_closure1.doCall(CallTestCaseKeyword.groovy:60)
	at com.kms.katalon.core.keyword.builtin.CallTestCaseKeyword$_callTestCase_closure1.call(CallTestCaseKeyword.groovy)
	at com.kms.katalon.core.keyword.internal.KeywordMain.runKeyword(KeywordMain.groovy:54)
	at com.kms.katalon.core.keyword.builtin.CallTestCaseKeyword.callTestCase(CallTestCaseKeyword.groovy:81)
	at com.kms.katalon.core.keyword.builtin.CallTestCaseKeyword.execute(CallTestCaseKeyword.groovy:45)
	at com.kms.katalon.core.keyword.internal.KeywordExecutor.executeKeywordForPlatform(KeywordExecutor.groovy:53)
	at com.kms.katalon.core.keyword.BuiltinKeywords.callTestCase(BuiltinKeywords.groovy:334)
	at sun.reflect.NativeMethodAccessorImpl.invoke0(Native Method)
	at sun.reflect.NativeMethodAccessorImpl.invoke(NativeMethodAccessorImpl.java:62)
	at sun.reflect.DelegatingMethodAccessorImpl.invoke(DelegatingMethodAccessorImpl.java:43)
	at java.lang.reflect.Method.invoke(Method.java:498)
	at org.codehaus.groovy.reflection.CachedMethod.invoke(CachedMethod.java:93)
	at groovy.lang.MetaMethod.doMethodInvoke(MetaMethod.java:325)
	at groovy.lang.MetaClassImpl.invokeStaticMethod(MetaClassImpl.java:1469)
	at org.codehaus.groovy.runtime.callsite.StaticMetaClassSite.call(StaticMetaClassSite.java:53)
	at org.codehaus.groovy.runtime.callsite.CallSiteArray.defaultCall(CallSiteArray.java:48)
	at org.codehaus.groovy.runtime.callsite.AbstractCallSite.call(AbstractCallSite.java:113)
	at org.codehaus.groovy.runtime.callsite.AbstractCallSite.call(AbstractCallSite.java:141)
	at Script1536300508592.run(Script1536300508592.groovy:24)
	at com.kms.katalon.core.main.ScriptEngine.run(ScriptEngine.java:183)
	at com.kms.katalon.core.main.ScriptEngine.runScriptAsRawText(ScriptEngine.java:108)
	at com.kms.katalon.core.main.TestCaseExecutor.runScript(TestCaseExecutor.java:294)
	at com.kms.katalon.core.main.TestCaseExecutor.doExecute(TestCaseExecutor.java:285)
	at com.kms.katalon.core.main.TestCaseExecutor.processExecutionPhase(TestCaseExecutor.java:264)
	at com.kms.katalon.core.main.TestCaseExecutor.accessMainPhase(TestCaseExecutor.java:256)
	at com.kms.katalon.core.main.TestCaseExecutor.execute(TestCaseExecutor.java:200)
	at com.kms.katalon.core.main.TestSuiteExecutor.accessTestCaseMainPhase(TestSuiteExecutor.java:129)
	at com.kms.katalon.core.main.TestSuiteExecutor.accessTestSuiteMainPhase(TestSuiteExecutor.java:112)
	at com.kms.katalon.core.main.TestSuiteExecutor.execute(TestSuiteExecutor.java:81)
	at com.kms.katalon.core.main.TestCaseMain.startTestSuite(TestCaseMain.java:142)
	at com.kms.katalon.core.main.TestCaseMain$startTestSuite$0.call(Unknown Source)
	at org.codehaus.groovy.runtime.callsite.CallSiteArray.defaultCall(CallSiteArray.java:48)
	at org.codehaus.groovy.runtime.callsite.AbstractCallSite.call(AbstractCallSite.java:113)
	at org.codehaus.groovy.runtime.callsite.AbstractCallSite.call(AbstractCallSite.java:141)
	at TempTestSuite1541781047348.run(TempTestSuite1541781047348.groovy:36)
	at groovy.lang.GroovyShell.runScriptOrMainOrTestOrRunnable(GroovyShell.java:263)
	at groovy.lang.GroovyShell.run(GroovyShell.java:518)
	at groovy.lang.GroovyShell.run(GroovyShell.java:507)
	at groovy.ui.GroovyMain.processOnce(GroovyMain.java:653)
	at groovy.ui.GroovyMain.run(GroovyMain.java:384)
	at groovy.ui.GroovyMain.process(GroovyMain.java:370)
	at groovy.ui.GroovyMain.processArgs(GroovyMain.java:129)
	at groovy.ui.GroovyMain.main(GroovyMain.java:109)
	at sun.reflect.NativeMethodAccessorImpl.invoke0(Native Method)
	at sun.reflect.NativeMethodAccessorImpl.invoke(NativeMethodAccessorImpl.java:62)
	at sun.reflect.DelegatingMethodAccessorImpl.invoke(DelegatingMethodAccessorImpl.java:43)
	at java.lang.reflect.Method.invoke(Method.java:498)
	at org.codehaus.groovy.tools.GroovyStarter.rootLoader(GroovyStarter.java:109)
	at org.codehaus.groovy.tools.GroovyStarter.main(GroovyStarter.java:131)
)"/>
         <system-out><![CDATA[2018-11-10 00:34:33 - [TEST_CASE][FAILED] - Test Cases/Final Aug 2018 - PKS Automation/Registration Module/Workflow/Request SSN/OTC - RIO - RO (Query): Test Cases/Final Aug 2018 - PKS Automation/Registration Module/Workflow/Request SSN/OTC - RIO - RO (Query) FAILED because (of) (Stack trace: com.kms.katalon.core.exception.StepFailedException: Unable to click on object 'Object Repository/Final Object Repo/Page_Request SSN - ASSIST/Document Type' (Root cause: org.openqa.selenium.ElementClickInterceptedException: Element <span class="select2-selection select2-selection--single"> is not clickable at point (482.4833221435547,188.86666870117188) because another element <div class="blockUI blockOverlay"> obscures it
Build info: version: '3.9.1', revision: '63f7b50', time: '2018-02-07T22:42:28.403Z'
System info: host: 'WEIZHENG', ip: '192.168.137.1', os.name: 'Windows 7', os.arch: 'amd64', os.version: '6.1', java.version: '1.8.0_181'
Driver info: com.kms.katalon.core.webui.driver.firefox.CGeckoDriver
Capabilities {acceptInsecureCerts: true, browserName: firefox, browserVersion: 63.0.1, javascriptEnabled: true, moz:accessibilityChecks: false, moz:geckodriverVersion: 0.23.0, moz:headless: false, moz:processID: 9144, moz:profile: C:\Users\Wei Zheng\AppData\..., moz:useNonSpecCompliantPointerOrigin: false, moz:webdriverClick: true, pageLoadStrategy: normal, platform: WINDOWS, platformName: WINDOWS, platformVersion: 6.1, proxy: Proxy(direct), rotatable: false, setWindowRect: true, timeouts: {implicit: 0, pageLoad: 300000, script: 30000}, unhandledPromptBehavior: dismiss and notify}
Session ID: 35d09e4d-4bf2-417f-ae50-0c46277b0222)
	at com.kms.katalon.core.keyword.internal.KeywordMain.stepFailed(KeywordMain.groovy:32)
	at com.kms.katalon.core.webui.keyword.internal.WebUIKeywordMain.stepFailed(WebUIKeywordMain.groovy:65)
	at com.kms.katalon.core.webui.keyword.internal.WebUIKeywordMain.runKeyword(WebUIKeywordMain.groovy:27)
	at com.kms.katalon.core.webui.keyword.builtin.ClickKeyword.click(ClickKeyword.groovy:86)
	at com.kms.katalon.core.webui.keyword.builtin.ClickKeyword.execute(ClickKeyword.groovy:67)
	at com.kms.katalon.core.keyword.internal.KeywordExecutor.executeKeywordForPlatform(KeywordExecutor.groovy:53)
	at com.kms.katalon.core.webui.keyword.WebUiBuiltInKeywords.click(WebUiBuiltInKeywords.groovy:616)
	at com.kms.katalon.core.webui.keyword.WebUiBuiltInKeywords$click$2.call(Unknown Source)
	at org.codehaus.groovy.runtime.callsite.CallSiteArray.defaultCall(CallSiteArray.java:48)
	at org.codehaus.groovy.runtime.callsite.AbstractCallSite.call(AbstractCallSite.java:113)
	at org.codehaus.groovy.runtime.callsite.AbstractCallSite.call(AbstractCallSite.java:125)
	at Script1537866257782.run(Script1537866257782.groovy:64)
	at com.kms.katalon.core.main.ScriptEngine.run(ScriptEngine.java:183)
	at com.kms.katalon.core.main.ScriptEngine.runScriptAsRawText(ScriptEngine.java:108)
	at com.kms.katalon.core.main.TestCaseExecutor.runScript(TestCaseExecutor.java:294)
	at com.kms.katalon.core.main.TestCaseExecutor.doExecute(TestCaseExecutor.java:285)
	at com.kms.katalon.core.main.TestCaseExecutor.processExecutionPhase(TestCaseExecutor.java:264)
	at com.kms.katalon.core.main.TestCaseExecutor.accessMainPhase(TestCaseExecutor.java:256)
	at com.kms.katalon.core.main.TestCaseExecutor.execute(TestCaseExecutor.java:200)
	at com.kms.katalon.core.main.TestCaseMain.runTestCase(TestCaseMain.java:99)
	at com.kms.katalon.core.keyword.builtin.CallTestCaseKeyword$_callTestCase_closure1.doCall(CallTestCaseKeyword.groovy:60)
	at com.kms.katalon.core.keyword.builtin.CallTestCaseKeyword$_callTestCase_closure1.call(CallTestCaseKeyword.groovy)
	at com.kms.katalon.core.keyword.internal.KeywordMain.runKeyword(KeywordMain.groovy:54)
	at com.kms.katalon.core.keyword.builtin.CallTestCaseKeyword.callTestCase(CallTestCaseKeyword.groovy:81)
	at com.kms.katalon.core.keyword.builtin.CallTestCaseKeyword.execute(CallTestCaseKeyword.groovy:45)
	at com.kms.katalon.core.keyword.internal.KeywordExecutor.executeKeywordForPlatform(KeywordExecutor.groovy:53)
	at com.kms.katalon.core.keyword.BuiltinKeywords.callTestCase(BuiltinKeywords.groovy:334)
	at sun.reflect.GeneratedMethodAccessor13.invoke(Unknown Source)
	at sun.reflect.DelegatingMethodAccessorImpl.invoke(DelegatingMethodAccessorImpl.java:43)
	at java.lang.reflect.Method.invoke(Method.java:498)
	at org.codehaus.groovy.reflection.CachedMethod.invoke(CachedMethod.java:93)
	at groovy.lang.MetaMethod.doMethodInvoke(MetaMethod.java:325)
	at groovy.lang.MetaClassImpl.invokeStaticMethod(MetaClassImpl.java:1469)
	at org.codehaus.groovy.runtime.callsite.StaticMetaClassSite.call(StaticMetaClassSite.java:53)
	at org.codehaus.groovy.runtime.callsite.CallSiteArray.defaultCall(CallSiteArray.java:48)
	at org.codehaus.groovy.runtime.callsite.AbstractCallSite.call(AbstractCallSite.java:113)
	at org.codehaus.groovy.runtime.callsite.AbstractCallSite.call(AbstractCallSite.java:141)
	at Script1537866031818.run(Script1537866031818.groovy:69)
	at com.kms.katalon.core.main.ScriptEngine.run(ScriptEngine.java:183)
	at com.kms.katalon.core.main.ScriptEngine.runScriptAsRawText(ScriptEngine.java:108)
	at com.kms.katalon.core.main.TestCaseExecutor.runScript(TestCaseExecutor.java:294)
	at com.kms.katalon.core.main.TestCaseExecutor.doExecute(TestCaseExecutor.java:285)
	at com.kms.katalon.core.main.TestCaseExecutor.processExecutionPhase(TestCaseExecutor.java:264)
	at com.kms.katalon.core.main.TestCaseExecutor.accessMainPhase(TestCaseExecutor.java:256)
	at com.kms.katalon.core.main.TestCaseExecutor.execute(TestCaseExecutor.java:200)
	at com.kms.katalon.core.main.TestCaseMain.runTestCase(TestCaseMain.java:99)
	at com.kms.katalon.core.keyword.builtin.CallTestCaseKeyword$_callTestCase_closure1.doCall(CallTestCaseKeyword.groovy:60)
	at com.kms.katalon.core.keyword.builtin.CallTestCaseKeyword$_callTestCase_closure1.call(CallTestCaseKeyword.groovy)
	at com.kms.katalon.core.keyword.internal.KeywordMain.runKeyword(KeywordMain.groovy:54)
	at com.kms.katalon.core.keyword.builtin.CallTestCaseKeyword.callTestCase(CallTestCaseKeyword.groovy:81)
	at com.kms.katalon.core.keyword.builtin.CallTestCaseKeyword.execute(CallTestCaseKeyword.groovy:45)
	at com.kms.katalon.core.keyword.internal.KeywordExecutor.executeKeywordForPlatform(KeywordExecutor.groovy:53)
	at com.kms.katalon.core.keyword.BuiltinKeywords.callTestCase(BuiltinKeywords.groovy:334)
	at sun.reflect.NativeMethodAccessorImpl.invoke0(Native Method)
	at sun.reflect.NativeMethodAccessorImpl.invoke(NativeMethodAccessorImpl.java:62)
	at sun.reflect.DelegatingMethodAccessorImpl.invoke(DelegatingMethodAccessorImpl.java:43)
	at java.lang.reflect.Method.invoke(Method.java:498)
	at org.codehaus.groovy.reflection.CachedMethod.invoke(CachedMethod.java:93)
	at groovy.lang.MetaMethod.doMethodInvoke(MetaMethod.java:325)
	at groovy.lang.MetaClassImpl.invokeStaticMethod(MetaClassImpl.java:1469)
	at org.codehaus.groovy.runtime.callsite.StaticMetaClassSite.call(StaticMetaClassSite.java:53)
	at org.codehaus.groovy.runtime.callsite.CallSiteArray.defaultCall(CallSiteArray.java:48)
	at org.codehaus.groovy.runtime.callsite.AbstractCallSite.call(AbstractCallSite.java:113)
	at org.codehaus.groovy.runtime.callsite.AbstractCallSite.call(AbstractCallSite.java:141)
	at Script1536300508592.run(Script1536300508592.groovy:24)
	at com.kms.katalon.core.main.ScriptEngine.run(ScriptEngine.java:183)
	at com.kms.katalon.core.main.ScriptEngine.runScriptAsRawText(ScriptEngine.java:108)
	at com.kms.katalon.core.main.TestCaseExecutor.runScript(TestCaseExecutor.java:294)
	at com.kms.katalon.core.main.TestCaseExecutor.doExecute(TestCaseExecutor.java:285)
	at com.kms.katalon.core.main.TestCaseExecutor.processExecutionPhase(TestCaseExecutor.java:264)
	at com.kms.katalon.core.main.TestCaseExecutor.accessMainPhase(TestCaseExecutor.java:256)
	at com.kms.katalon.core.main.TestCaseExecutor.execute(TestCaseExecutor.java:200)
	at com.kms.katalon.core.main.TestSuiteExecutor.accessTestCaseMainPhase(TestSuiteExecutor.java:129)
	at com.kms.katalon.core.main.TestSuiteExecutor.accessTestSuiteMainPhase(TestSuiteExecutor.java:112)
	at com.kms.katalon.core.main.TestSuiteExecutor.execute(TestSuiteExecutor.java:81)
	at com.kms.katalon.core.main.TestCaseMain.startTestSuite(TestCaseMain.java:142)
	at com.kms.katalon.core.main.TestCaseMain$startTestSuite$0.call(Unknown Source)
	at org.codehaus.groovy.runtime.callsite.CallSiteArray.defaultCall(CallSiteArray.java:48)
	at org.codehaus.groovy.runtime.callsite.AbstractCallSite.call(AbstractCallSite.java:113)
	at org.codehaus.groovy.runtime.callsite.AbstractCallSite.call(AbstractCallSite.java:141)
	at TempTestSuite1541781047348.run(TempTestSuite1541781047348.groovy:36)
	at groovy.lang.GroovyShell.runScriptOrMainOrTestOrRunnable(GroovyShell.java:263)
	at groovy.lang.GroovyShell.run(GroovyShell.java:518)
	at groovy.lang.GroovyShell.run(GroovyShell.java:507)
	at groovy.ui.GroovyMain.processOnce(GroovyMain.java:653)
	at groovy.ui.GroovyMain.run(GroovyMain.java:384)
	at groovy.ui.GroovyMain.process(GroovyMain.java:370)
	at groovy.ui.GroovyMain.processArgs(GroovyMain.java:129)
	at groovy.ui.GroovyMain.main(GroovyMain.java:109)
	at sun.reflect.NativeMethodAccessorImpl.invoke0(Native Method)
	at sun.reflect.NativeMethodAccessorImpl.invoke(NativeMethodAccessorImpl.java:62)
	at sun.reflect.DelegatingMethodAccessorImpl.invoke(DelegatingMethodAccessorImpl.java:43)
	at java.lang.reflect.Method.invoke(Method.java:498)
	at org.codehaus.groovy.tools.GroovyStarter.rootLoader(GroovyStarter.java:109)
	at org.codehaus.groovy.tools.GroovyStarter.main(GroovyStarter.java:131)
)

2018-11-10 00:34:33 - [TEST_STEP][PASSED] - callTestCase: Call Test Case 'Test Cases/Final Aug 2018 - PKS Automation/Registration Module/Workflow/Request SSN/Template/Request SSN - OTC' successfully

2018-11-10 00:34:33 - [TEST_CASE][PASSED] - Test Cases/Final Aug 2018 - PKS Automation/Registration Module/Workflow/Request SSN/Template/Request SSN - OTC: Test Cases/Final Aug 2018 - PKS Automation/Registration Module/Workflow/Request SSN/Template/Request SSN - OTC

2018-11-10 00:34:34 - [TEST_STEP][PASSED] - openBrowser: Browser is opened with url: ''

2018-11-10 00:34:34 - [MESSAGE][WARNING] - A browser is already opened. Closing browser and opening a new one

2018-11-10 00:34:38 - [MESSAGE][PASSED] - Browser is opened with url: ''

2018-11-10 00:34:38 - [TEST_STEP][PASSED] - navigateToUrl: Navigate to 'https://assist2-uat.perkeso.gov.my/login' successfully

2018-11-10 00:34:41 - [MESSAGE][PASSED] - Navigate to 'https://assist2-uat.perkeso.gov.my/login' successfully

2018-11-10 00:34:41 - [TEST_STEP][PASSED] - setText: Text 'johorotc1@gmail.com' is set on object 'Object Repository/Final Object Repo/Login Page/Internal User/Email Address'

2018-11-10 00:34:41 - [MESSAGE][PASSED] - Text 'johorotc1@gmail.com' is set on object 'Object Repository/Final Object Repo/Login Page/Internal User/Email Address'

2018-11-10 00:34:41 - [TEST_STEP][PASSED] - click: Object: 'Object Repository/Final Object Repo/Login Page/Internal User/Next Button' is clicked on

2018-11-10 00:34:42 - [MESSAGE][PASSED] - Object: 'Object Repository/Final Object Repo/Login Page/Internal User/Next Button' is clicked on

2018-11-10 00:34:42 - [TEST_STEP][PASSED] - delay: Delayed 1 second(s)

2018-11-10 00:34:43 - [MESSAGE][PASSED] - Delayed 1 second(s)

2018-11-10 00:34:43 - [TEST_STEP][PASSED] - setEncryptedText: Text ****** has been set on object 'Object Repository/Final Object Repo/Login Page/Internal User/Password'

2018-11-10 00:34:43 - [MESSAGE][PASSED] - Text ****** has been set on object 'Object Repository/Final Object Repo/Login Page/Internal User/Password'

2018-11-10 00:34:43 - [TEST_STEP][PASSED] - click: Object: 'Object Repository/Final Object Repo/Login Page/Internal User/Login Button' is clicked on

2018-11-10 00:34:46 - [MESSAGE][PASSED] - Object: 'Object Repository/Final Object Repo/Login Page/Internal User/Login Button' is clicked on

2018-11-10 00:34:46 - [TEST_STEP][PASSED] - delay: Delayed 1 second(s)

2018-11-10 00:34:47 - [MESSAGE][PASSED] - Delayed 1 second(s)

2018-11-10 00:34:47 - [TEST_STEP][PASSED] - navigateToUrl: Navigate to 'https://assist2-uat.perkeso.gov.my/web/registration/request-ssn' successfully

2018-11-10 00:34:52 - [MESSAGE][PASSED] - Navigate to 'https://assist2-uat.perkeso.gov.my/web/registration/request-ssn' successfully

2018-11-10 00:34:52 - [TEST_STEP][PASSED] - setText: Text 'perkeso' is set on object 'Object Repository/Final Object Repo/Page_Request SSN - ASSIST/AI - Name'

2018-11-10 00:34:52 - [MESSAGE][PASSED] - Text 'perkeso' is set on object 'Object Repository/Final Object Repo/Page_Request SSN - ASSIST/AI - Name'

2018-11-10 00:34:52 - [TEST_STEP][PASSED] - click: Object: 'Object Repository/Final Object Repo/Page_Request SSN - ASSIST/AI - DOB' is clicked on

2018-11-10 00:34:53 - [MESSAGE][PASSED] - Object: 'Object Repository/Final Object Repo/Page_Request SSN - ASSIST/AI - DOB' is clicked on

2018-11-10 00:34:53 - [TEST_STEP][PASSED] - selectOptionByValue: All options with value '1995' are selected in object 'Object Repository/Final Object Repo/Page_Request SSN - ASSIST/AI - DOB - Year' 

2018-11-10 00:34:53 - [MESSAGE][PASSED] - All options with value '1995' are selected in object 'Object Repository/Final Object Repo/Page_Request SSN - ASSIST/AI - DOB - Year' 

2018-11-10 00:34:53 - [TEST_STEP][PASSED] - delay: Delayed 3 second(s)

2018-11-10 00:34:56 - [MESSAGE][PASSED] - Delayed 3 second(s)

2018-11-10 00:34:56 - [TEST_STEP][PASSED] - doubleClick: Object: 'Object Repository/Final Object Repo/Page_Request SSN - ASSIST/AI - DOB - Year - Date' is double clicked on

2018-11-10 00:34:57 - [MESSAGE][PASSED] - Object: 'Object Repository/Final Object Repo/Page_Request SSN - ASSIST/AI - DOB - Year - Date' is double clicked on

2018-11-10 00:34:57 - [TEST_STEP][PASSED] - click: Object: 'Object Repository/Final Object Repo/Page_Request SSN - ASSIST/AI - Male' is clicked on

2018-11-10 00:34:57 - [MESSAGE][PASSED] - Object: 'Object Repository/Final Object Repo/Page_Request SSN - ASSIST/AI - Male' is clicked on

2018-11-10 00:34:57 - [TEST_STEP][PASSED] - click: Object: 'Object Repository/Final Object Repo/Page_Request SSN - ASSIST/AI- Race' is clicked on

2018-11-10 00:34:58 - [MESSAGE][PASSED] - Object: 'Object Repository/Final Object Repo/Page_Request SSN - ASSIST/AI- Race' is clicked on

2018-11-10 00:34:58 - [TEST_STEP][PASSED] - click: Object: 'Object Repository/Final Object Repo/Page_Request SSN - ASSIST/AI - Race - Melayu' is clicked on

2018-11-10 00:34:59 - [MESSAGE][PASSED] - Object: 'Object Repository/Final Object Repo/Page_Request SSN - ASSIST/AI - Race - Melayu' is clicked on

2018-11-10 00:34:59 - [TEST_STEP][PASSED] - click: Object: 'Object Repository/Final Object Repo/Page_Request SSN - ASSIST/AI - Religion' is clicked on

2018-11-10 00:34:59 - [MESSAGE][PASSED] - Object: 'Object Repository/Final Object Repo/Page_Request SSN - ASSIST/AI - Religion' is clicked on

2018-11-10 00:34:59 - [TEST_STEP][PASSED] - click: Object: 'Object Repository/Final Object Repo/Page_Request SSN - ASSIST/AI - Religion - Islam' is clicked on

2018-11-10 00:35:00 - [MESSAGE][PASSED] - Object: 'Object Repository/Final Object Repo/Page_Request SSN - ASSIST/AI - Religion - Islam' is clicked on

2018-11-10 00:35:00 - [TEST_STEP][PASSED] - setText: Text '12345' is set on object 'Object Repository/Final Object Repo/Page_Request SSN - ASSIST/AI - Birth Certificate'

2018-11-10 00:35:00 - [MESSAGE][PASSED] - Text '12345' is set on object 'Object Repository/Final Object Repo/Page_Request SSN - ASSIST/AI - Birth Certificate'

2018-11-10 00:35:00 - [TEST_STEP][PASSED] - click: Object: 'Object Repository/Final Object Repo/Page_Request SSN - ASSIST/AI - Nationality' is clicked on

2018-11-10 00:35:01 - [MESSAGE][PASSED] - Object: 'Object Repository/Final Object Repo/Page_Request SSN - ASSIST/AI - Nationality' is clicked on

2018-11-10 00:35:01 - [TEST_STEP][PASSED] - click: Object: 'Object Repository/Final Object Repo/Page_Request SSN - ASSIST/AI - Nationality - Afghanistan' is clicked on

2018-11-10 00:35:02 - [MESSAGE][PASSED] - Object: 'Object Repository/Final Object Repo/Page_Request SSN - ASSIST/AI - Nationality - Afghanistan' is clicked on

2018-11-10 00:35:02 - [TEST_STEP][PASSED] - setText: Text 'PERKESO ADDRESS1' is set on object 'Object Repository/Final Object Repo/Page_Request SSN - ASSIST/AI - Address1'

2018-11-10 00:35:02 - [MESSAGE][PASSED] - Text 'PERKESO ADDRESS1' is set on object 'Object Repository/Final Object Repo/Page_Request SSN - ASSIST/AI - Address1'

2018-11-10 00:35:02 - [TEST_STEP][PASSED] - setText: Text 'PERKESO ADDRESS2' is set on object 'Object Repository/Final Object Repo/Page_Request SSN - ASSIST/AI - Address2'

2018-11-10 00:35:02 - [MESSAGE][PASSED] - Text 'PERKESO ADDRESS2' is set on object 'Object Repository/Final Object Repo/Page_Request SSN - ASSIST/AI - Address2'

2018-11-10 00:35:02 - [TEST_STEP][PASSED] - setText: Text 'PERKESO ADDRESS3' is set on object 'Object Repository/Final Object Repo/Page_Request SSN - ASSIST/AI - Address3'

2018-11-10 00:35:03 - [MESSAGE][PASSED] - Text 'PERKESO ADDRESS3' is set on object 'Object Repository/Final Object Repo/Page_Request SSN - ASSIST/AI - Address3'

2018-11-10 00:35:03 - [TEST_STEP][PASSED] - click: Object: 'Object Repository/Final Object Repo/Page_Request SSN - ASSIST/AI - State' is clicked on

2018-11-10 00:35:03 - [MESSAGE][PASSED] - Object: 'Object Repository/Final Object Repo/Page_Request SSN - ASSIST/AI - State' is clicked on

2018-11-10 00:35:03 - [TEST_STEP][PASSED] - click: Object: 'Object Repository/Final Object Repo/Page_Request SSN - ASSIST/AI - Current Employer State - Johor' is clicked on

2018-11-10 00:35:04 - [MESSAGE][PASSED] - Object: 'Object Repository/Final Object Repo/Page_Request SSN - ASSIST/AI - Current Employer State - Johor' is clicked on

2018-11-10 00:35:04 - [TEST_STEP][PASSED] - click: Object: 'Object Repository/Final Object Repo/Page_Request SSN - ASSIST/AI - City' is clicked on

2018-11-10 00:35:05 - [MESSAGE][PASSED] - Object: 'Object Repository/Final Object Repo/Page_Request SSN - ASSIST/AI - City' is clicked on

2018-11-10 00:35:05 - [TEST_STEP][PASSED] - setText: Text 'JOH' is set on object 'Object Repository/Final Object Repo/Page_Request SSN - ASSIST/AI - City - JOH'

2018-11-10 00:35:05 - [MESSAGE][PASSED] - Text 'JOH' is set on object 'Object Repository/Final Object Repo/Page_Request SSN - ASSIST/AI - City - JOH'

2018-11-10 00:35:05 - [TEST_STEP][PASSED] - delay: Delayed 3 second(s)

2018-11-10 00:35:08 - [MESSAGE][PASSED] - Delayed 3 second(s)

2018-11-10 00:35:08 - [TEST_STEP][PASSED] - click: Object: 'Object Repository/Final Object Repo/Page_Request SSN - ASSIST/AI - City - Johor Bharu' is clicked on

2018-11-10 00:35:09 - [MESSAGE][PASSED] - Object: 'Object Repository/Final Object Repo/Page_Request SSN - ASSIST/AI - City - Johor Bharu' is clicked on

2018-11-10 00:35:09 - [TEST_STEP][PASSED] - click: Object: 'Object Repository/Final Object Repo/Page_Request SSN - ASSIST/AI - Post Code' is clicked on

2018-11-10 00:35:09 - [MESSAGE][PASSED] - Object: 'Object Repository/Final Object Repo/Page_Request SSN - ASSIST/AI - Post Code' is clicked on

2018-11-10 00:35:09 - [TEST_STEP][PASSED] - setText: Text '810' is set on object 'Object Repository/Final Object Repo/Page_Request SSN - ASSIST/AI - City - JOH'

2018-11-10 00:35:09 - [MESSAGE][PASSED] - Text '810' is set on object 'Object Repository/Final Object Repo/Page_Request SSN - ASSIST/AI - City - JOH'

2018-11-10 00:35:09 - [TEST_STEP][PASSED] - delay: Delayed 3 second(s)

2018-11-10 00:35:12 - [MESSAGE][PASSED] - Delayed 3 second(s)

2018-11-10 00:35:12 - [TEST_STEP][PASSED] - click: Object: 'Object Repository/Final Object Repo/Page_Request SSN - ASSIST/AI - PostCode - 81000' is clicked on

2018-11-10 00:35:13 - [MESSAGE][PASSED] - Object: 'Object Repository/Final Object Repo/Page_Request SSN - ASSIST/AI - PostCode - 81000' is clicked on

2018-11-10 00:35:13 - [TEST_STEP][PASSED] - setText: Text '100' is set on object 'Object Repository/Final Object Repo/Page_Request SSN - ASSIST/P.O.BOX'

2018-11-10 00:35:13 - [MESSAGE][PASSED] - Text '100' is set on object 'Object Repository/Final Object Repo/Page_Request SSN - ASSIST/P.O.BOX'

2018-11-10 00:35:13 - [TEST_STEP][PASSED] - setText: Text '100' is set on object 'Object Repository/Final Object Repo/Page_Request SSN - ASSIST/Locked Bag No'

2018-11-10 00:35:14 - [MESSAGE][PASSED] - Text '100' is set on object 'Object Repository/Final Object Repo/Page_Request SSN - ASSIST/Locked Bag No'

2018-11-10 00:35:14 - [TEST_STEP][PASSED] - delay: Delayed 2 second(s)

2018-11-10 00:35:16 - [MESSAGE][PASSED] - Delayed 2 second(s)

2018-11-10 00:35:16 - [TEST_STEP][PASSED] - setText: Text '123456789' is set on object 'Object Repository/Final Object Repo/Page_Request SSN - ASSIST/AI - Telephone No'

2018-11-10 00:35:16 - [MESSAGE][PASSED] - Text '123456789' is set on object 'Object Repository/Final Object Repo/Page_Request SSN - ASSIST/AI - Telephone No'

2018-11-10 00:35:16 - [TEST_STEP][PASSED] - click: Object: 'Object Repository/Final Object Repo/Page_Request SSN - ASSIST/AI - Occupation' is clicked on

2018-11-10 00:35:17 - [MESSAGE][PASSED] - Object: 'Object Repository/Final Object Repo/Page_Request SSN - ASSIST/AI - Occupation' is clicked on

2018-11-10 00:35:17 - [TEST_STEP][PASSED] - click: Object: 'Object Repository/Final Object Repo/Page_Request SSN - ASSIST/AI - Occupation - NUMERICAL AND MATERIAL R' is clicked on

2018-11-10 00:35:17 - [MESSAGE][PASSED] - Object: 'Object Repository/Final Object Repo/Page_Request SSN - ASSIST/AI - Occupation - NUMERICAL AND MATERIAL R' is clicked on

2018-11-10 00:35:17 - [TEST_STEP][PASSED] - delay: Delayed 2 second(s)

2018-11-10 00:35:19 - [MESSAGE][PASSED] - Delayed 2 second(s)

2018-11-10 00:35:19 - [TEST_STEP][PASSED] - click: Object: 'Object Repository/Final Object Repo/Page_Request SSN - ASSIST/AI - Sub Occupation' is clicked on

2018-11-10 00:35:20 - [MESSAGE][PASSED] - Object: 'Object Repository/Final Object Repo/Page_Request SSN - ASSIST/AI - Sub Occupation' is clicked on

2018-11-10 00:35:20 - [TEST_STEP][PASSED] - click: Object: 'Object Repository/Final Object Repo/Page_Request SSN - ASSIST/AI - Sub Occupation - Stock Clerks' is clicked on

2018-11-10 00:35:21 - [MESSAGE][PASSED] - Object: 'Object Repository/Final Object Repo/Page_Request SSN - ASSIST/AI - Sub Occupation - Stock Clerks' is clicked on

2018-11-10 00:35:21 - [TEST_STEP][PASSED] - delay: Delayed 2 second(s)

2018-11-10 00:35:23 - [MESSAGE][PASSED] - Delayed 2 second(s)

2018-11-10 00:35:23 - [TEST_STEP][PASSED] - click: Object: 'Object Repository/Final Object Repo/Page_Request SSN - ASSIST/AI - Sub Occupation List' is clicked on

2018-11-10 00:35:23 - [MESSAGE][PASSED] - Object: 'Object Repository/Final Object Repo/Page_Request SSN - ASSIST/AI - Sub Occupation List' is clicked on

2018-11-10 00:35:23 - [TEST_STEP][PASSED] - click: Object: 'Object Repository/Final Object Repo/Page_Request SSN - ASSIST/AI - Sub Occupation List - Clerk raw material' is clicked on

2018-11-10 00:35:24 - [MESSAGE][PASSED] - Object: 'Object Repository/Final Object Repo/Page_Request SSN - ASSIST/AI - Sub Occupation List - Clerk raw material' is clicked on

2018-11-10 00:35:24 - [TEST_STEP][PASSED] - click: Object: 'Object Repository/Final Object Repo/Page_Request SSN - ASSIST/AI - Employment Start Date' is clicked on

2018-11-10 00:35:25 - [MESSAGE][PASSED] - Object: 'Object Repository/Final Object Repo/Page_Request SSN - ASSIST/AI - Employment Start Date' is clicked on

2018-11-10 00:35:25 - [TEST_STEP][PASSED] - click: Object: 'Object Repository/Final Object Repo/Page_Request SSN - ASSIST/AI - DOB - Year - Date' is clicked on

2018-11-10 00:35:25 - [MESSAGE][PASSED] - Object: 'Object Repository/Final Object Repo/Page_Request SSN - ASSIST/AI - DOB - Year - Date' is clicked on

2018-11-10 00:35:25 - [TEST_STEP][PASSED] - setText: Text 'perkeso' is set on object 'Object Repository/Final Object Repo/Page_Request SSN - ASSIST/AI - Current Employer Name'

2018-11-10 00:35:25 - [MESSAGE][PASSED] - Text 'perkeso' is set on object 'Object Repository/Final Object Repo/Page_Request SSN - ASSIST/AI - Current Employer Name'

2018-11-10 00:35:25 - [TEST_STEP][PASSED] - setText: Text 'perkeso1' is set on object 'Object Repository/Final Object Repo/Page_Request SSN - ASSIST/AI - Current Employer Address1'

2018-11-10 00:35:26 - [MESSAGE][PASSED] - Text 'perkeso1' is set on object 'Object Repository/Final Object Repo/Page_Request SSN - ASSIST/AI - Current Employer Address1'

2018-11-10 00:35:26 - [TEST_STEP][PASSED] - setText: Text 'perkeso2' is set on object 'Object Repository/Final Object Repo/Page_Request SSN - ASSIST/AI - Current Employer Address2'

2018-11-10 00:35:26 - [MESSAGE][PASSED] - Text 'perkeso2' is set on object 'Object Repository/Final Object Repo/Page_Request SSN - ASSIST/AI - Current Employer Address2'

2018-11-10 00:35:26 - [TEST_STEP][PASSED] - setText: Text 'perkeso3' is set on object 'Object Repository/Final Object Repo/Page_Request SSN - ASSIST/AI - Current Employer Address3'

2018-11-10 00:35:26 - [MESSAGE][PASSED] - Text 'perkeso3' is set on object 'Object Repository/Final Object Repo/Page_Request SSN - ASSIST/AI - Current Employer Address3'

2018-11-10 00:35:26 - [TEST_STEP][PASSED] - click: Object: 'Object Repository/Final Object Repo/Page_Request SSN - ASSIST/AI - Current Employer State' is clicked on

2018-11-10 00:35:27 - [MESSAGE][PASSED] - Object: 'Object Repository/Final Object Repo/Page_Request SSN - ASSIST/AI - Current Employer State' is clicked on

2018-11-10 00:35:27 - [TEST_STEP][PASSED] - click: Object: 'Object Repository/Final Object Repo/Page_Request SSN - ASSIST/AI - Current Employer State - Johor 1' is clicked on

2018-11-10 00:35:28 - [MESSAGE][PASSED] - Object: 'Object Repository/Final Object Repo/Page_Request SSN - ASSIST/AI - Current Employer State - Johor 1' is clicked on

2018-11-10 00:35:28 - [TEST_STEP][PASSED] - click: Object: 'Object Repository/Final Object Repo/Page_Request SSN - ASSIST/AI - Current Employer City' is clicked on

2018-11-10 00:35:28 - [MESSAGE][PASSED] - Object: 'Object Repository/Final Object Repo/Page_Request SSN - ASSIST/AI - Current Employer City' is clicked on

2018-11-10 00:35:28 - [TEST_STEP][PASSED] - setText: Text 'joh' is set on object 'Object Repository/Final Object Repo/Page_Request SSN - ASSIST/AI - City - JOH'

2018-11-10 00:35:28 - [MESSAGE][PASSED] - Text 'joh' is set on object 'Object Repository/Final Object Repo/Page_Request SSN - ASSIST/AI - City - JOH'

2018-11-10 00:35:28 - [TEST_STEP][PASSED] - delay: Delayed 2 second(s)

2018-11-10 00:35:30 - [MESSAGE][PASSED] - Delayed 2 second(s)

2018-11-10 00:35:30 - [TEST_STEP][PASSED] - click: Object: 'Object Repository/Final Object Repo/Page_Request SSN - ASSIST/AI - City - Johor Bharu' is clicked on

2018-11-10 00:35:31 - [MESSAGE][PASSED] - Object: 'Object Repository/Final Object Repo/Page_Request SSN - ASSIST/AI - City - Johor Bharu' is clicked on

2018-11-10 00:35:31 - [TEST_STEP][PASSED] - click: Object: 'Object Repository/Final Object Repo/Page_Request SSN - ASSIST/AI - Current Employer Postcode' is clicked on

2018-11-10 00:35:32 - [MESSAGE][PASSED] - Object: 'Object Repository/Final Object Repo/Page_Request SSN - ASSIST/AI - Current Employer Postcode' is clicked on

2018-11-10 00:35:32 - [TEST_STEP][PASSED] - setText: Text '810' is set on object 'Object Repository/Final Object Repo/Page_Request SSN - ASSIST/AI - City - JOH'

2018-11-10 00:35:32 - [MESSAGE][PASSED] - Text '810' is set on object 'Object Repository/Final Object Repo/Page_Request SSN - ASSIST/AI - City - JOH'

2018-11-10 00:35:32 - [TEST_STEP][PASSED] - delay: Delayed 2 second(s)

2018-11-10 00:35:34 - [MESSAGE][PASSED] - Delayed 2 second(s)

2018-11-10 00:35:34 - [TEST_STEP][PASSED] - click: Object: 'Object Repository/Final Object Repo/Page_Request SSN - ASSIST/AI - PostCode - 81000' is clicked on

2018-11-10 00:35:35 - [MESSAGE][PASSED] - Object: 'Object Repository/Final Object Repo/Page_Request SSN - ASSIST/AI - PostCode - 81000' is clicked on

2018-11-10 00:35:35 - [TEST_STEP][NOT_RUN] - setText: NOT_RUN: setText

2018-11-10 00:35:35 - [MESSAGE][NOT_RUN] - NOT_RUN: setText

2018-11-10 00:35:35 - [TEST_STEP][NOT_RUN] - setText: NOT_RUN: setText

2018-11-10 00:35:35 - [MESSAGE][NOT_RUN] - NOT_RUN: setText

2018-11-10 00:35:35 - [TEST_STEP][NOT_RUN] - click: NOT_RUN: click

2018-11-10 00:35:35 - [MESSAGE][NOT_RUN] - NOT_RUN: click

2018-11-10 00:35:35 - [TEST_STEP][NOT_RUN] - click: NOT_RUN: click

2018-11-10 00:35:35 - [MESSAGE][NOT_RUN] - NOT_RUN: click

2018-11-10 00:35:35 - [TEST_STEP][NOT_RUN] - setText: NOT_RUN: setText

2018-11-10 00:35:35 - [MESSAGE][NOT_RUN] - NOT_RUN: setText

2018-11-10 00:35:35 - [TEST_STEP][NOT_RUN] - click: NOT_RUN: click

2018-11-10 00:35:35 - [MESSAGE][NOT_RUN] - NOT_RUN: click

2018-11-10 00:35:35 - [TEST_STEP][NOT_RUN] - click: NOT_RUN: click

2018-11-10 00:35:35 - [MESSAGE][NOT_RUN] - NOT_RUN: click

2018-11-10 00:35:35 - [TEST_STEP][NOT_RUN] - click: NOT_RUN: click

2018-11-10 00:35:35 - [MESSAGE][NOT_RUN] - NOT_RUN: click

2018-11-10 00:35:35 - [TEST_STEP][NOT_RUN] - click: NOT_RUN: click

2018-11-10 00:35:35 - [MESSAGE][NOT_RUN] - NOT_RUN: click

2018-11-10 00:35:35 - [TEST_STEP][NOT_RUN] - click: NOT_RUN: click

2018-11-10 00:35:35 - [MESSAGE][NOT_RUN] - NOT_RUN: click

2018-11-10 00:35:35 - [TEST_STEP][NOT_RUN] - click: NOT_RUN: click

2018-11-10 00:35:35 - [MESSAGE][NOT_RUN] - NOT_RUN: click

2018-11-10 00:35:35 - [TEST_STEP][NOT_RUN] - setText: NOT_RUN: setText

2018-11-10 00:35:35 - [MESSAGE][NOT_RUN] - NOT_RUN: setText

2018-11-10 00:35:35 - [TEST_STEP][NOT_RUN] - setText: NOT_RUN: setText

2018-11-10 00:35:35 - [MESSAGE][NOT_RUN] - NOT_RUN: setText

2018-11-10 00:35:35 - [TEST_STEP][NOT_RUN] - setText: NOT_RUN: setText

2018-11-10 00:35:35 - [MESSAGE][NOT_RUN] - NOT_RUN: setText

2018-11-10 00:35:35 - [TEST_STEP][NOT_RUN] - click: NOT_RUN: click

2018-11-10 00:35:35 - [MESSAGE][NOT_RUN] - NOT_RUN: click

2018-11-10 00:35:35 - [TEST_STEP][NOT_RUN] - click: NOT_RUN: click

2018-11-10 00:35:35 - [MESSAGE][NOT_RUN] - NOT_RUN: click

2018-11-10 00:35:35 - [TEST_STEP][NOT_RUN] - click: NOT_RUN: click

2018-11-10 00:35:35 - [MESSAGE][NOT_RUN] - NOT_RUN: click

2018-11-10 00:35:35 - [TEST_STEP][NOT_RUN] - setText: NOT_RUN: setText

2018-11-10 00:35:35 - [MESSAGE][NOT_RUN] - NOT_RUN: setText

2018-11-10 00:35:35 - [TEST_STEP][NOT_RUN] - delay: NOT_RUN: delay

2018-11-10 00:35:35 - [MESSAGE][NOT_RUN] - NOT_RUN: delay

2018-11-10 00:35:35 - [TEST_STEP][NOT_RUN] - click: NOT_RUN: click

2018-11-10 00:35:35 - [MESSAGE][NOT_RUN] - NOT_RUN: click

2018-11-10 00:35:35 - [TEST_STEP][NOT_RUN] - click: NOT_RUN: click

2018-11-10 00:35:35 - [MESSAGE][NOT_RUN] - NOT_RUN: click

2018-11-10 00:35:35 - [TEST_STEP][NOT_RUN] - click: NOT_RUN: click

2018-11-10 00:35:35 - [MESSAGE][NOT_RUN] - NOT_RUN: click

2018-11-10 00:35:35 - [TEST_STEP][NOT_RUN] - setText: NOT_RUN: setText

2018-11-10 00:35:35 - [MESSAGE][NOT_RUN] - NOT_RUN: setText

2018-11-10 00:35:35 - [TEST_STEP][NOT_RUN] - delay: NOT_RUN: delay

2018-11-10 00:35:35 - [MESSAGE][NOT_RUN] - NOT_RUN: delay

2018-11-10 00:35:35 - [TEST_STEP][NOT_RUN] - click: NOT_RUN: click

2018-11-10 00:35:35 - [MESSAGE][NOT_RUN] - NOT_RUN: click

2018-11-10 00:35:35 - [TEST_STEP][NOT_RUN] - delay: NOT_RUN: delay

2018-11-10 00:35:35 - [MESSAGE][NOT_RUN] - NOT_RUN: delay

2018-11-10 00:35:35 - [TEST_STEP][NOT_RUN] - setText: NOT_RUN: setText

2018-11-10 00:35:35 - [MESSAGE][NOT_RUN] - NOT_RUN: setText

2018-11-10 00:35:35 - [TEST_STEP][NOT_RUN] - setText: NOT_RUN: setText

2018-11-10 00:35:35 - [MESSAGE][NOT_RUN] - NOT_RUN: setText

2018-11-10 00:35:35 - [TEST_STEP][NOT_RUN] - setText: NOT_RUN: setText

2018-11-10 00:35:35 - [MESSAGE][NOT_RUN] - NOT_RUN: setText

2018-11-10 00:35:35 - [TEST_STEP][NOT_RUN] - click: NOT_RUN: click

2018-11-10 00:35:35 - [MESSAGE][NOT_RUN] - NOT_RUN: click

2018-11-10 00:35:35 - [TEST_STEP][NOT_RUN] - click: NOT_RUN: click

2018-11-10 00:35:35 - [MESSAGE][NOT_RUN] - NOT_RUN: click

2018-11-10 00:35:35 - [TEST_STEP][NOT_RUN] - setText: NOT_RUN: setText

2018-11-10 00:35:35 - [MESSAGE][NOT_RUN] - NOT_RUN: setText

2018-11-10 00:35:35 - [TEST_STEP][NOT_RUN] - click: NOT_RUN: click

2018-11-10 00:35:35 - [MESSAGE][NOT_RUN] - NOT_RUN: click

2018-11-10 00:35:35 - [TEST_STEP][NOT_RUN] - click: NOT_RUN: click

2018-11-10 00:35:35 - [MESSAGE][NOT_RUN] - NOT_RUN: click

2018-11-10 00:35:35 - [TEST_STEP][NOT_RUN] - click: NOT_RUN: click

2018-11-10 00:35:35 - [MESSAGE][NOT_RUN] - NOT_RUN: click

2018-11-10 00:35:35 - [TEST_STEP][NOT_RUN] - click: NOT_RUN: click

2018-11-10 00:35:35 - [MESSAGE][NOT_RUN] - NOT_RUN: click

2018-11-10 00:35:35 - [TEST_STEP][NOT_RUN] - click: NOT_RUN: click

2018-11-10 00:35:35 - [MESSAGE][NOT_RUN] - NOT_RUN: click

2018-11-10 00:35:35 - [TEST_STEP][NOT_RUN] - click: NOT_RUN: click

2018-11-10 00:35:35 - [MESSAGE][NOT_RUN] - NOT_RUN: click

2018-11-10 00:35:35 - [TEST_STEP][NOT_RUN] - setText: NOT_RUN: setText

2018-11-10 00:35:35 - [MESSAGE][NOT_RUN] - NOT_RUN: setText

2018-11-10 00:35:35 - [TEST_STEP][NOT_RUN] - setText: NOT_RUN: setText

2018-11-10 00:35:35 - [MESSAGE][NOT_RUN] - NOT_RUN: setText

2018-11-10 00:35:35 - [TEST_STEP][NOT_RUN] - setText: NOT_RUN: setText

2018-11-10 00:35:35 - [MESSAGE][NOT_RUN] - NOT_RUN: setText

2018-11-10 00:35:35 - [TEST_STEP][NOT_RUN] - click: NOT_RUN: click

2018-11-10 00:35:35 - [MESSAGE][NOT_RUN] - NOT_RUN: click

2018-11-10 00:35:35 - [TEST_STEP][NOT_RUN] - click: NOT_RUN: click

2018-11-10 00:35:35 - [MESSAGE][NOT_RUN] - NOT_RUN: click

2018-11-10 00:35:35 - [TEST_STEP][NOT_RUN] - click: NOT_RUN: click

2018-11-10 00:35:35 - [MESSAGE][NOT_RUN] - NOT_RUN: click

2018-11-10 00:35:35 - [TEST_STEP][NOT_RUN] - delay: NOT_RUN: delay

2018-11-10 00:35:35 - [MESSAGE][NOT_RUN] - NOT_RUN: delay

2018-11-10 00:35:35 - [TEST_STEP][NOT_RUN] - setText: NOT_RUN: setText

2018-11-10 00:35:35 - [MESSAGE][NOT_RUN] - NOT_RUN: setText

2018-11-10 00:35:35 - [TEST_STEP][NOT_RUN] - delay: NOT_RUN: delay

2018-11-10 00:35:35 - [MESSAGE][NOT_RUN] - NOT_RUN: delay

2018-11-10 00:35:35 - [TEST_STEP][NOT_RUN] - click: NOT_RUN: click

2018-11-10 00:35:35 - [MESSAGE][NOT_RUN] - NOT_RUN: click

2018-11-10 00:35:35 - [TEST_STEP][NOT_RUN] - doubleClick: NOT_RUN: doubleClick

2018-11-10 00:35:35 - [MESSAGE][NOT_RUN] - NOT_RUN: doubleClick

2018-11-10 00:35:35 - [TEST_STEP][NOT_RUN] - click: NOT_RUN: click

2018-11-10 00:35:35 - [MESSAGE][NOT_RUN] - NOT_RUN: click

2018-11-10 00:35:35 - [TEST_STEP][NOT_RUN] - setText: NOT_RUN: setText

2018-11-10 00:35:35 - [MESSAGE][NOT_RUN] - NOT_RUN: setText

2018-11-10 00:35:35 - [TEST_STEP][NOT_RUN] - delay: NOT_RUN: delay

2018-11-10 00:35:35 - [MESSAGE][NOT_RUN] - NOT_RUN: delay

2018-11-10 00:35:35 - [TEST_STEP][NOT_RUN] - click: NOT_RUN: click

2018-11-10 00:35:35 - [MESSAGE][NOT_RUN] - NOT_RUN: click

2018-11-10 00:35:35 - [TEST_STEP][NOT_RUN] - delay: NOT_RUN: delay

2018-11-10 00:35:35 - [MESSAGE][NOT_RUN] - NOT_RUN: delay

2018-11-10 00:35:35 - [TEST_STEP][NOT_RUN] - setText: NOT_RUN: setText

2018-11-10 00:35:35 - [MESSAGE][NOT_RUN] - NOT_RUN: setText

2018-11-10 00:35:35 - [TEST_STEP][PASSED] - click: Object: 'Object Repository/Final Object Repo/Page_Request SSN - ASSIST/Save  Continue' is clicked on

2018-11-10 00:35:39 - [MESSAGE][PASSED] - Object: 'Object Repository/Final Object Repo/Page_Request SSN - ASSIST/Save  Continue' is clicked on

2018-11-10 00:35:39 - [TEST_STEP][PASSED] - delay: Delayed 3 second(s)

2018-11-10 00:35:42 - [MESSAGE][PASSED] - Delayed 3 second(s)

2018-11-10 00:35:42 - [TEST_STEP][PASSED] - Statement - CaseReferenceNo = com.kms.katalon.core.webui.keyword.WebUiBuiltInKeywords.getText(com.kms.katalon.core.testobject.ObjectRepository.findTestObject(Final Object Repo/Page_Request SSN - ASSIST/Reference Number in Uploading Page)): Text of object 'Object Repository/Final Object Repo/Page_Request SSN - ASSIST/Reference Number in Uploading Page' is: 'SSN11201800001121'

2018-11-10 00:35:42 - [MESSAGE][PASSED] - Text of object 'Object Repository/Final Object Repo/Page_Request SSN - ASSIST/Reference Number in Uploading Page' is: 'SSN11201800001121'

2018-11-10 00:35:42 - [TEST_STEP][PASSED] - callTestCase: Call Test Case 'Test Cases/Final Aug 2018 - PKS Automation/Common/Reference Number Setter' successfully

2018-11-10 00:35:42 - [TEST_CASE][PASSED] - Test Cases/Final Aug 2018 - PKS Automation/Common/Reference Number Setter: Test Cases/Final Aug 2018 - PKS Automation/Common/Reference Number Setter

2018-11-10 00:35:43 - [TEST_STEP][PASSED] - Statement - RefNoOldFile = new java.io.File(C://KatalonReference.txt): null

2018-11-10 00:35:43 - [TEST_STEP][PASSED] - Statement - RefNoOldFile.delete(): null

2018-11-10 00:35:43 - [TEST_STEP][PASSED] - Statement - RefNo = new java.io.File(C://KatalonReference.txt): null

2018-11-10 00:35:43 - [TEST_STEP][PASSED] - Statement - RefNo.append(CaseReferenceNo): null

2018-11-10 00:35:43 - [TEST_STEP][PASSED] - Statement - out.println("


" + CaseReferenceNo + "


"): null

2018-11-10 00:35:43 - [MESSAGE][PASSED] - Call Test Case 'Test Cases/Final Aug 2018 - PKS Automation/Common/Reference Number Setter' successfully

2018-11-10 00:35:43 - [TEST_STEP][PASSED] - click: Object: 'Object Repository/Final Object Repo/Page_Request SSN - ASSIST/Add Document Button' is clicked on

2018-11-10 00:35:43 - [MESSAGE][PASSED] - Object: 'Object Repository/Final Object Repo/Page_Request SSN - ASSIST/Add Document Button' is clicked on

2018-11-10 00:35:43 - [TEST_STEP][PASSED] - delay: Delayed 2 second(s)

2018-11-10 00:35:45 - [MESSAGE][PASSED] - Delayed 2 second(s)

2018-11-10 00:35:45 - [TEST_STEP][PASSED] - click: Object: 'Object Repository/Final Object Repo/Page_Request SSN - ASSIST/Document Type' is clicked on

2018-11-10 00:35:46 - [MESSAGE][PASSED] - Object: 'Object Repository/Final Object Repo/Page_Request SSN - ASSIST/Document Type' is clicked on

2018-11-10 00:35:46 - [TEST_STEP][PASSED] - delay: Delayed 2 second(s)

2018-11-10 00:35:48 - [MESSAGE][PASSED] - Delayed 2 second(s)

2018-11-10 00:35:48 - [TEST_STEP][PASSED] - click: Object: 'Object Repository/Final Object Repo/Page_Request SSN - ASSIST/Document Type - Birth Certificate' is clicked on

2018-11-10 00:35:49 - [MESSAGE][PASSED] - Object: 'Object Repository/Final Object Repo/Page_Request SSN - ASSIST/Document Type - Birth Certificate' is clicked on

2018-11-10 00:35:49 - [TEST_STEP][PASSED] - delay: Delayed 2 second(s)

2018-11-10 00:35:51 - [MESSAGE][PASSED] - Delayed 2 second(s)

2018-11-10 00:35:51 - [TEST_STEP][PASSED] - sendKeys: Keys 'C:\Users\Public\Pictures\Sample Pictures\Act.jpg' sent to object: 'Object Repository/Final Object Repo/Page_Request SSN - ASSIST/Upload File'

2018-11-10 00:35:51 - [MESSAGE][PASSED] - Keys 'C:\Users\Public\Pictures\Sample Pictures\Act.jpg' sent to object: 'Object Repository/Final Object Repo/Page_Request SSN - ASSIST/Upload File'

2018-11-10 00:35:51 - [TEST_STEP][PASSED] - click: Object: 'Object Repository/Final Object Repo/Page_Request SSN - ASSIST/Add Document' is clicked on

2018-11-10 00:35:57 - [MESSAGE][PASSED] - Object: 'Object Repository/Final Object Repo/Page_Request SSN - ASSIST/Add Document' is clicked on

2018-11-10 00:35:57 - [TEST_STEP][PASSED] - delay: Delayed 10 second(s)

2018-11-10 00:36:07 - [MESSAGE][PASSED] - Delayed 10 second(s)

2018-11-10 00:36:07 - [TEST_STEP][PASSED] - click: Object: 'Object Repository/Final Object Repo/Page_Request SSN - ASSIST/Save  Continue in Uploading Document Page' is clicked on

2018-11-10 00:36:07 - [MESSAGE][PASSED] - Object: 'Object Repository/Final Object Repo/Page_Request SSN - ASSIST/Save  Continue in Uploading Document Page' is clicked on

2018-11-10 00:36:07 - [TEST_STEP][PASSED] - delay: Delayed 2 second(s)

2018-11-10 00:36:09 - [MESSAGE][PASSED] - Delayed 2 second(s)

2018-11-10 00:36:09 - [TEST_STEP][PASSED] - click: Object: 'Object Repository/Final Object Repo/Page_Request SSN - ASSIST/Submit' is clicked on

2018-11-10 00:36:12 - [MESSAGE][PASSED] - Object: 'Object Repository/Final Object Repo/Page_Request SSN - ASSIST/Submit' is clicked on

2018-11-10 00:36:12 - [TEST_STEP][PASSED] - delay: Delayed 2 second(s)

2018-11-10 00:36:14 - [MESSAGE][PASSED] - Delayed 2 second(s)

2018-11-10 00:36:14 - [TEST_STEP][PASSED] - click: Object: 'Object Repository/Final Object Repo/Page_Request SSN - ASSIST/Confirm' is clicked on

2018-11-10 00:36:20 - [MESSAGE][PASSED] - Object: 'Object Repository/Final Object Repo/Page_Request SSN - ASSIST/Confirm' is clicked on

2018-11-10 00:36:20 - [TEST_STEP][PASSED] - delay: Delayed 2 second(s)

2018-11-10 00:36:22 - [MESSAGE][PASSED] - Delayed 2 second(s)

2018-11-10 00:36:22 - [TEST_STEP][PASSED] - verifyElementVisible: Object 'Object Repository/Final Object Repo/Page_Request SSN - ASSIST/Message This Case will be routed to RIO' is visible

2018-11-10 00:36:22 - [MESSAGE][PASSED] - Object 'Object Repository/Final Object Repo/Page_Request SSN - ASSIST/Message This Case will be routed to RIO' is visible

2018-11-10 00:36:22 - [TEST_STEP][PASSED] - delay: Delayed 2 second(s)

2018-11-10 00:36:24 - [MESSAGE][PASSED] - Delayed 2 second(s)

2018-11-10 00:36:24 - [TEST_STEP][PASSED] - verifyElementVisible: Object 'Object Repository/Final Object Repo/Page_Request SSN - ASSIST/Letter of acknowledgement' is visible

2018-11-10 00:36:24 - [MESSAGE][PASSED] - Object 'Object Repository/Final Object Repo/Page_Request SSN - ASSIST/Letter of acknowledgement' is visible

2018-11-10 00:36:24 - [MESSAGE][PASSED] - Call Test Case 'Test Cases/Final Aug 2018 - PKS Automation/Registration Module/Workflow/Request SSN/Template/Request SSN - OTC' successfully

2018-11-10 00:36:24 - [TEST_STEP][FAILED] - callTestCase: Unable to call Test Case with id 'Test Cases/Final Aug 2018 - PKS Automation/Registration Module/Workflow/Request SSN/Template/Request SSN RIO - RO (Query)' (Root cause: Call Test Case 'Test Cases/Final Aug 2018 - PKS Automation/Registration Module/Workflow/Request SSN/Template/Request SSN RIO - RO (Query)' failed)

2018-11-10 00:36:24 - [TEST_CASE][FAILED] - Test Cases/Final Aug 2018 - PKS Automation/Registration Module/Workflow/Request SSN/Template/Request SSN RIO - RO (Query): Test Cases/Final Aug 2018 - PKS Automation/Registration Module/Workflow/Request SSN/Template/Request SSN RIO - RO (Query) FAILED because (of) (Stack trace: com.kms.katalon.core.exception.StepFailedException: Unable to click on object 'Object Repository/Final Object Repo/Page_Request SSN - ASSIST/Document Type' (Root cause: org.openqa.selenium.ElementClickInterceptedException: Element <span class="select2-selection select2-selection--single"> is not clickable at point (482.4833221435547,188.86666870117188) because another element <div class="blockUI blockOverlay"> obscures it
Build info: version: '3.9.1', revision: '63f7b50', time: '2018-02-07T22:42:28.403Z'
System info: host: 'WEIZHENG', ip: '192.168.137.1', os.name: 'Windows 7', os.arch: 'amd64', os.version: '6.1', java.version: '1.8.0_181'
Driver info: com.kms.katalon.core.webui.driver.firefox.CGeckoDriver
Capabilities {acceptInsecureCerts: true, browserName: firefox, browserVersion: 63.0.1, javascriptEnabled: true, moz:accessibilityChecks: false, moz:geckodriverVersion: 0.23.0, moz:headless: false, moz:processID: 9144, moz:profile: C:\Users\Wei Zheng\AppData\..., moz:useNonSpecCompliantPointerOrigin: false, moz:webdriverClick: true, pageLoadStrategy: normal, platform: WINDOWS, platformName: WINDOWS, platformVersion: 6.1, proxy: Proxy(direct), rotatable: false, setWindowRect: true, timeouts: {implicit: 0, pageLoad: 300000, script: 30000}, unhandledPromptBehavior: dismiss and notify}
Session ID: 35d09e4d-4bf2-417f-ae50-0c46277b0222)
	at com.kms.katalon.core.keyword.internal.KeywordMain.stepFailed(KeywordMain.groovy:32)
	at com.kms.katalon.core.webui.keyword.internal.WebUIKeywordMain.stepFailed(WebUIKeywordMain.groovy:65)
	at com.kms.katalon.core.webui.keyword.internal.WebUIKeywordMain.runKeyword(WebUIKeywordMain.groovy:27)
	at com.kms.katalon.core.webui.keyword.builtin.ClickKeyword.click(ClickKeyword.groovy:86)
	at com.kms.katalon.core.webui.keyword.builtin.ClickKeyword.execute(ClickKeyword.groovy:67)
	at com.kms.katalon.core.keyword.internal.KeywordExecutor.executeKeywordForPlatform(KeywordExecutor.groovy:53)
	at com.kms.katalon.core.webui.keyword.WebUiBuiltInKeywords.click(WebUiBuiltInKeywords.groovy:616)
	at com.kms.katalon.core.webui.keyword.WebUiBuiltInKeywords$click$2.call(Unknown Source)
	at org.codehaus.groovy.runtime.callsite.CallSiteArray.defaultCall(CallSiteArray.java:48)
	at org.codehaus.groovy.runtime.callsite.AbstractCallSite.call(AbstractCallSite.java:113)
	at org.codehaus.groovy.runtime.callsite.AbstractCallSite.call(AbstractCallSite.java:125)
	at Script1537866257782.run(Script1537866257782.groovy:64)
	at com.kms.katalon.core.main.ScriptEngine.run(ScriptEngine.java:183)
	at com.kms.katalon.core.main.ScriptEngine.runScriptAsRawText(ScriptEngine.java:108)
	at com.kms.katalon.core.main.TestCaseExecutor.runScript(TestCaseExecutor.java:294)
	at com.kms.katalon.core.main.TestCaseExecutor.doExecute(TestCaseExecutor.java:285)
	at com.kms.katalon.core.main.TestCaseExecutor.processExecutionPhase(TestCaseExecutor.java:264)
	at com.kms.katalon.core.main.TestCaseExecutor.accessMainPhase(TestCaseExecutor.java:256)
	at com.kms.katalon.core.main.TestCaseExecutor.execute(TestCaseExecutor.java:200)
	at com.kms.katalon.core.main.TestCaseMain.runTestCase(TestCaseMain.java:99)
	at com.kms.katalon.core.keyword.builtin.CallTestCaseKeyword$_callTestCase_closure1.doCall(CallTestCaseKeyword.groovy:60)
	at com.kms.katalon.core.keyword.builtin.CallTestCaseKeyword$_callTestCase_closure1.call(CallTestCaseKeyword.groovy)
	at com.kms.katalon.core.keyword.internal.KeywordMain.runKeyword(KeywordMain.groovy:54)
	at com.kms.katalon.core.keyword.builtin.CallTestCaseKeyword.callTestCase(CallTestCaseKeyword.groovy:81)
	at com.kms.katalon.core.keyword.builtin.CallTestCaseKeyword.execute(CallTestCaseKeyword.groovy:45)
	at com.kms.katalon.core.keyword.internal.KeywordExecutor.executeKeywordForPlatform(KeywordExecutor.groovy:53)
	at com.kms.katalon.core.keyword.BuiltinKeywords.callTestCase(BuiltinKeywords.groovy:334)
	at sun.reflect.GeneratedMethodAccessor13.invoke(Unknown Source)
	at sun.reflect.DelegatingMethodAccessorImpl.invoke(DelegatingMethodAccessorImpl.java:43)
	at java.lang.reflect.Method.invoke(Method.java:498)
	at org.codehaus.groovy.reflection.CachedMethod.invoke(CachedMethod.java:93)
	at groovy.lang.MetaMethod.doMethodInvoke(MetaMethod.java:325)
	at groovy.lang.MetaClassImpl.invokeStaticMethod(MetaClassImpl.java:1469)
	at org.codehaus.groovy.runtime.callsite.StaticMetaClassSite.call(StaticMetaClassSite.java:53)
	at org.codehaus.groovy.runtime.callsite.CallSiteArray.defaultCall(CallSiteArray.java:48)
	at org.codehaus.groovy.runtime.callsite.AbstractCallSite.call(AbstractCallSite.java:113)
	at org.codehaus.groovy.runtime.callsite.AbstractCallSite.call(AbstractCallSite.java:141)
	at Script1537866031818.run(Script1537866031818.groovy:69)
	at com.kms.katalon.core.main.ScriptEngine.run(ScriptEngine.java:183)
	at com.kms.katalon.core.main.ScriptEngine.runScriptAsRawText(ScriptEngine.java:108)
	at com.kms.katalon.core.main.TestCaseExecutor.runScript(TestCaseExecutor.java:294)
	at com.kms.katalon.core.main.TestCaseExecutor.doExecute(TestCaseExecutor.java:285)
	at com.kms.katalon.core.main.TestCaseExecutor.processExecutionPhase(TestCaseExecutor.java:264)
	at com.kms.katalon.core.main.TestCaseExecutor.accessMainPhase(TestCaseExecutor.java:256)
	at com.kms.katalon.core.main.TestCaseExecutor.execute(TestCaseExecutor.java:200)
	at com.kms.katalon.core.main.TestCaseMain.runTestCase(TestCaseMain.java:99)
	at com.kms.katalon.core.keyword.builtin.CallTestCaseKeyword$_callTestCase_closure1.doCall(CallTestCaseKeyword.groovy:60)
	at com.kms.katalon.core.keyword.builtin.CallTestCaseKeyword$_callTestCase_closure1.call(CallTestCaseKeyword.groovy)
	at com.kms.katalon.core.keyword.internal.KeywordMain.runKeyword(KeywordMain.groovy:54)
	at com.kms.katalon.core.keyword.builtin.CallTestCaseKeyword.callTestCase(CallTestCaseKeyword.groovy:81)
	at com.kms.katalon.core.keyword.builtin.CallTestCaseKeyword.execute(CallTestCaseKeyword.groovy:45)
	at com.kms.katalon.core.keyword.internal.KeywordExecutor.executeKeywordForPlatform(KeywordExecutor.groovy:53)
	at com.kms.katalon.core.keyword.BuiltinKeywords.callTestCase(BuiltinKeywords.groovy:334)
	at sun.reflect.NativeMethodAccessorImpl.invoke0(Native Method)
	at sun.reflect.NativeMethodAccessorImpl.invoke(NativeMethodAccessorImpl.java:62)
	at sun.reflect.DelegatingMethodAccessorImpl.invoke(DelegatingMethodAccessorImpl.java:43)
	at java.lang.reflect.Method.invoke(Method.java:498)
	at org.codehaus.groovy.reflection.CachedMethod.invoke(CachedMethod.java:93)
	at groovy.lang.MetaMethod.doMethodInvoke(MetaMethod.java:325)
	at groovy.lang.MetaClassImpl.invokeStaticMethod(MetaClassImpl.java:1469)
	at org.codehaus.groovy.runtime.callsite.StaticMetaClassSite.call(StaticMetaClassSite.java:53)
	at org.codehaus.groovy.runtime.callsite.CallSiteArray.defaultCall(CallSiteArray.java:48)
	at org.codehaus.groovy.runtime.callsite.AbstractCallSite.call(AbstractCallSite.java:113)
	at org.codehaus.groovy.runtime.callsite.AbstractCallSite.call(AbstractCallSite.java:141)
	at Script1536300508592.run(Script1536300508592.groovy:24)
	at com.kms.katalon.core.main.ScriptEngine.run(ScriptEngine.java:183)
	at com.kms.katalon.core.main.ScriptEngine.runScriptAsRawText(ScriptEngine.java:108)
	at com.kms.katalon.core.main.TestCaseExecutor.runScript(TestCaseExecutor.java:294)
	at com.kms.katalon.core.main.TestCaseExecutor.doExecute(TestCaseExecutor.java:285)
	at com.kms.katalon.core.main.TestCaseExecutor.processExecutionPhase(TestCaseExecutor.java:264)
	at com.kms.katalon.core.main.TestCaseExecutor.accessMainPhase(TestCaseExecutor.java:256)
	at com.kms.katalon.core.main.TestCaseExecutor.execute(TestCaseExecutor.java:200)
	at com.kms.katalon.core.main.TestSuiteExecutor.accessTestCaseMainPhase(TestSuiteExecutor.java:129)
	at com.kms.katalon.core.main.TestSuiteExecutor.accessTestSuiteMainPhase(TestSuiteExecutor.java:112)
	at com.kms.katalon.core.main.TestSuiteExecutor.execute(TestSuiteExecutor.java:81)
	at com.kms.katalon.core.main.TestCaseMain.startTestSuite(TestCaseMain.java:142)
	at com.kms.katalon.core.main.TestCaseMain$startTestSuite$0.call(Unknown Source)
	at org.codehaus.groovy.runtime.callsite.CallSiteArray.defaultCall(CallSiteArray.java:48)
	at org.codehaus.groovy.runtime.callsite.AbstractCallSite.call(AbstractCallSite.java:113)
	at org.codehaus.groovy.runtime.callsite.AbstractCallSite.call(AbstractCallSite.java:141)
	at TempTestSuite1541781047348.run(TempTestSuite1541781047348.groovy:36)
	at groovy.lang.GroovyShell.runScriptOrMainOrTestOrRunnable(GroovyShell.java:263)
	at groovy.lang.GroovyShell.run(GroovyShell.java:518)
	at groovy.lang.GroovyShell.run(GroovyShell.java:507)
	at groovy.ui.GroovyMain.processOnce(GroovyMain.java:653)
	at groovy.ui.GroovyMain.run(GroovyMain.java:384)
	at groovy.ui.GroovyMain.process(GroovyMain.java:370)
	at groovy.ui.GroovyMain.processArgs(GroovyMain.java:129)
	at groovy.ui.GroovyMain.main(GroovyMain.java:109)
	at sun.reflect.NativeMethodAccessorImpl.invoke0(Native Method)
	at sun.reflect.NativeMethodAccessorImpl.invoke(NativeMethodAccessorImpl.java:62)
	at sun.reflect.DelegatingMethodAccessorImpl.invoke(DelegatingMethodAccessorImpl.java:43)
	at java.lang.reflect.Method.invoke(Method.java:498)
	at org.codehaus.groovy.tools.GroovyStarter.rootLoader(GroovyStarter.java:109)
	at org.codehaus.groovy.tools.GroovyStarter.main(GroovyStarter.java:131)
)

2018-11-10 00:36:25 - [TEST_STEP][NOT_RUN] - callTestCase: NOT_RUN: callTestCase

2018-11-10 00:36:25 - [MESSAGE][NOT_RUN] - NOT_RUN: callTestCase

2018-11-10 00:36:25 - [TEST_STEP][PASSED] - delay: Delayed 2 second(s)

2018-11-10 00:36:27 - [MESSAGE][PASSED] - Delayed 2 second(s)

2018-11-10 00:36:27 - [TEST_STEP][PASSED] - navigateToUrl: Navigate to 'https://assist2-uat.perkeso.gov.my/c/portal/logout' successfully

2018-11-10 00:36:27 - [MESSAGE][PASSED] - Navigate to 'https://assist2-uat.perkeso.gov.my/c/portal/logout' successfully

2018-11-10 00:36:27 - [TEST_STEP][PASSED] - delay: Delayed 2 second(s)

2018-11-10 00:36:29 - [MESSAGE][PASSED] - Delayed 2 second(s)

2018-11-10 00:36:29 - [TEST_STEP][PASSED] - callTestCase: Call Test Case 'Test Cases/Final Aug 2018 - PKS Automation/Common/Reference Number Getter' successfully

2018-11-10 00:36:29 - [TEST_CASE][PASSED] - Test Cases/Final Aug 2018 - PKS Automation/Common/Reference Number Getter: Test Cases/Final Aug 2018 - PKS Automation/Common/Reference Number Getter

2018-11-10 00:36:29 - [TEST_STEP][PASSED] - Statement - Try: null

2018-11-10 00:36:29 - [TEST_STEP][PASSED] - Statement - RefNo = new java.io.File(C://KatalonReference.txt): null

2018-11-10 00:36:29 - [TEST_STEP][PASSED] - Statement - bufferread = new java.io.BufferedReader(new java.io.FileReader(RefNo)): null

2018-11-10 00:36:29 - [TEST_STEP][PASSED] - Statement - readedVal = bufferread.readLine(): null

2018-11-10 00:36:29 - [TEST_STEP][PASSED] - Statement - out.println(CaseReferenceNo): null

2018-11-10 00:36:29 - [TEST_STEP][PASSED] - Statement - out.println(readedVal): null

2018-11-10 00:36:29 - [TEST_STEP][PASSED] - Statement - CaseReferenceNo = readedVal: null

2018-11-10 00:36:29 - [MESSAGE][PASSED] - Call Test Case 'Test Cases/Final Aug 2018 - PKS Automation/Common/Reference Number Getter' successfully

2018-11-10 00:36:29 - [TEST_STEP][PASSED] - callTestCase: Call Test Case 'Test Cases/Final Aug 2018 - PKS Automation/Common/Workflow Owner Finder' successfully

2018-11-10 00:36:30 - [TEST_CASE][PASSED] - Test Cases/Final Aug 2018 - PKS Automation/Common/Workflow Owner Finder: Test Cases/Final Aug 2018 - PKS Automation/Common/Workflow Owner Finder

2018-11-10 00:36:30 - [TEST_STEP][PASSED] - openBrowser: Browser is opened with url: ''

2018-11-10 00:36:30 - [MESSAGE][WARNING] - A browser is already opened. Closing browser and opening a new one

2018-11-10 00:36:34 - [MESSAGE][PASSED] - Browser is opened with url: ''

2018-11-10 00:36:34 - [TEST_STEP][PASSED] - navigateToUrl: Navigate to 'https://assist2-uat.perkeso.gov.my/login' successfully

2018-11-10 00:36:36 - [MESSAGE][PASSED] - Navigate to 'https://assist2-uat.perkeso.gov.my/login' successfully

2018-11-10 00:36:36 - [TEST_STEP][PASSED] - delay: Delayed 5 second(s)

2018-11-10 00:36:41 - [MESSAGE][PASSED] - Delayed 5 second(s)

2018-11-10 00:36:41 - [TEST_STEP][PASSED] - setText: Text 'test@liferay.com' is set on object 'Object Repository/Final Object Repo/Login Page/Internal User/Email Address'

2018-11-10 00:36:41 - [MESSAGE][PASSED] - Text 'test@liferay.com' is set on object 'Object Repository/Final Object Repo/Login Page/Internal User/Email Address'

2018-11-10 00:36:41 - [TEST_STEP][PASSED] - click: Object: 'Object Repository/Final Object Repo/Login Page/Internal User/Next Button' is clicked on

2018-11-10 00:36:41 - [MESSAGE][PASSED] - Object: 'Object Repository/Final Object Repo/Login Page/Internal User/Next Button' is clicked on

2018-11-10 00:36:41 - [TEST_STEP][PASSED] - delay: Delayed 2 second(s)

2018-11-10 00:36:43 - [MESSAGE][PASSED] - Delayed 2 second(s)

2018-11-10 00:36:43 - [TEST_STEP][PASSED] - setText: Text 'test' is set on object 'Object Repository/Final Object Repo/Login Page/Internal User/Password'

2018-11-10 00:36:43 - [MESSAGE][PASSED] - Text 'test' is set on object 'Object Repository/Final Object Repo/Login Page/Internal User/Password'

2018-11-10 00:36:43 - [TEST_STEP][PASSED] - delay: Delayed 2 second(s)

2018-11-10 00:36:45 - [MESSAGE][PASSED] - Delayed 2 second(s)

2018-11-10 00:36:45 - [TEST_STEP][PASSED] - click: Object: 'Object Repository/Final Object Repo/Login Page/Internal User/Login Button' is clicked on

2018-11-10 00:36:49 - [MESSAGE][PASSED] - Object: 'Object Repository/Final Object Repo/Login Page/Internal User/Login Button' is clicked on

2018-11-10 00:36:49 - [TEST_STEP][PASSED] - Statement - Try: Delayed 2 second(s)

2018-11-10 00:36:49 - [TEST_STEP][PASSED] - Statement - Checker = false: null

2018-11-10 00:36:49 - [TEST_STEP][PASSED] - Statement - Checker = com.kms.katalon.core.webui.keyword.WebUiBuiltInKeywords.verifyElementHasAttribute(com.kms.katalon.core.testobject.ObjectRepository.findTestObject(Final Object Repo/Landing Page/BM Detecting), "href", 20, OPTIONAL): Object 'Object Repository/Final Object Repo/Landing Page/BM Detecting' has attribute 'href'

2018-11-10 00:36:49 - [MESSAGE][PASSED] - Object 'Object Repository/Final Object Repo/Landing Page/BM Detecting' has attribute 'href'

2018-11-10 00:36:49 - [TEST_STEP][PASSED] - Statement - out.println(Checker): null

2018-11-10 00:36:49 - [TEST_STEP][PASSED] - Statement - If (Checker == false): null

2018-11-10 00:36:49 - [TEST_STEP][PASSED] - Statement - Else: null

2018-11-10 00:36:49 - [TEST_STEP][PASSED] - delay: Delayed 2 second(s)

2018-11-10 00:36:51 - [MESSAGE][PASSED] - Delayed 2 second(s)

2018-11-10 00:36:51 - [TEST_STEP][PASSED] - delay: Delayed 3 second(s)

2018-11-10 00:36:54 - [MESSAGE][PASSED] - Delayed 3 second(s)

2018-11-10 00:36:54 - [TEST_STEP][PASSED] - mouseOver: Object: 'Object Repository/Final Object Repo/Landing Page/WorkFlow Menu' is hovered

2018-11-10 00:36:55 - [MESSAGE][PASSED] - Object: 'Object Repository/Final Object Repo/Landing Page/WorkFlow Menu' is hovered

2018-11-10 00:36:55 - [TEST_STEP][PASSED] - delay: Delayed 2 second(s)

2018-11-10 00:36:57 - [MESSAGE][PASSED] - Delayed 2 second(s)

2018-11-10 00:36:57 - [TEST_STEP][PASSED] - click: Object: 'Object Repository/Final Object Repo/Landing Page/Select to Workflow Listing' is clicked on

2018-11-10 00:36:58 - [MESSAGE][PASSED] - Object: 'Object Repository/Final Object Repo/Landing Page/Select to Workflow Listing' is clicked on

2018-11-10 00:36:58 - [TEST_STEP][PASSED] - delay: Delayed 2 second(s)

2018-11-10 00:37:00 - [MESSAGE][PASSED] - Delayed 2 second(s)

2018-11-10 00:37:00 - [TEST_STEP][PASSED] - click: Object: 'Object Repository/Final Object Repo/WorkFlow Listing Page/Search Information - To Put Ref No' is clicked on

2018-11-10 00:37:00 - [MESSAGE][PASSED] - Object: 'Object Repository/Final Object Repo/WorkFlow Listing Page/Search Information - To Put Ref No' is clicked on

2018-11-10 00:37:00 - [TEST_STEP][PASSED] - delay: Delayed 2 second(s)

2018-11-10 00:37:02 - [MESSAGE][PASSED] - Delayed 2 second(s)

2018-11-10 00:37:02 - [TEST_STEP][PASSED] - callTestCase: Call Test Case 'Test Cases/Final Aug 2018 - PKS Automation/Common/Reference Number Getter' successfully

2018-11-10 00:37:02 - [TEST_CASE][PASSED] - Test Cases/Final Aug 2018 - PKS Automation/Common/Reference Number Getter: Test Cases/Final Aug 2018 - PKS Automation/Common/Reference Number Getter

2018-11-10 00:37:02 - [TEST_STEP][PASSED] - Statement - Try: null

2018-11-10 00:37:02 - [TEST_STEP][PASSED] - Statement - RefNo = new java.io.File(C://KatalonReference.txt): null

2018-11-10 00:37:02 - [TEST_STEP][PASSED] - Statement - bufferread = new java.io.BufferedReader(new java.io.FileReader(RefNo)): null

2018-11-10 00:37:02 - [TEST_STEP][PASSED] - Statement - readedVal = bufferread.readLine(): null

2018-11-10 00:37:02 - [TEST_STEP][PASSED] - Statement - out.println(CaseReferenceNo): null

2018-11-10 00:37:02 - [TEST_STEP][PASSED] - Statement - out.println(readedVal): null

2018-11-10 00:37:02 - [TEST_STEP][PASSED] - Statement - CaseReferenceNo = readedVal: null

2018-11-10 00:37:02 - [MESSAGE][PASSED] - Call Test Case 'Test Cases/Final Aug 2018 - PKS Automation/Common/Reference Number Getter' successfully

2018-11-10 00:37:02 - [TEST_STEP][PASSED] - setText: Text 'SSN11201800001121' is set on object 'Object Repository/Final Object Repo/WorkFlow Listing Page/Ref No Set Text'

2018-11-10 00:37:02 - [MESSAGE][PASSED] - Text 'SSN11201800001121' is set on object 'Object Repository/Final Object Repo/WorkFlow Listing Page/Ref No Set Text'

2018-11-10 00:37:02 - [TEST_STEP][PASSED] - delay: Delayed 2 second(s)

2018-11-10 00:37:04 - [MESSAGE][PASSED] - Delayed 2 second(s)

2018-11-10 00:37:04 - [TEST_STEP][PASSED] - click: Object: 'Object Repository/Final Object Repo/WorkFlow Listing Page/Search Ref No Search Button' is clicked on

2018-11-10 00:37:06 - [MESSAGE][PASSED] - Object: 'Object Repository/Final Object Repo/WorkFlow Listing Page/Search Ref No Search Button' is clicked on

2018-11-10 00:37:06 - [TEST_STEP][PASSED] - delay: Delayed 4 second(s)

2018-11-10 00:37:10 - [MESSAGE][PASSED] - Delayed 4 second(s)

2018-11-10 00:37:10 - [TEST_STEP][PASSED] - click: Object: 'Object Repository/Final Object Repo/WorkFlow Listing Page/Click Continue Tooltip' is clicked on

2018-11-10 00:37:12 - [MESSAGE][PASSED] - Object: 'Object Repository/Final Object Repo/WorkFlow Listing Page/Click Continue Tooltip' is clicked on

2018-11-10 00:37:12 - [TEST_STEP][PASSED] - delay: Delayed 5 second(s)

2018-11-10 00:37:17 - [MESSAGE][PASSED] - Delayed 5 second(s)

2018-11-10 00:37:17 - [TEST_STEP][PASSED] - doubleClick: Object: 'Object Repository/Final Object Repo/WorkFlow Listing Page/Workflow Found - Listing 1' is double clicked on

2018-11-10 00:37:17 - [MESSAGE][PASSED] - Object: 'Object Repository/Final Object Repo/WorkFlow Listing Page/Workflow Found - Listing 1' is double clicked on

2018-11-10 00:37:17 - [TEST_STEP][PASSED] - Statement - println(OwnerID): null

2018-11-10 00:37:17 - [TEST_STEP][PASSED] - Statement - OwnerID = com.kms.katalon.core.webui.keyword.WebUiBuiltInKeywords.getText(com.kms.katalon.core.testobject.ObjectRepository.findTestObject(Final Object Repo/WorkFlow Listing Page/Workflow Found - Listing 1), STOP_ON_FAILURE): Text of object 'Object Repository/Final Object Repo/WorkFlow Listing Page/Workflow Found - Listing 1' is: 'JOHORrio2'

2018-11-10 00:37:17 - [MESSAGE][PASSED] - Text of object 'Object Repository/Final Object Repo/WorkFlow Listing Page/Workflow Found - Listing 1' is: 'JOHORrio2'

2018-11-10 00:37:17 - [TEST_STEP][PASSED] - Statement - OwnerID = OwnerID.toLowerCase() + "@gmail.com": null

2018-11-10 00:37:17 - [TEST_STEP][PASSED] - Statement - println(OwnerID): null

2018-11-10 00:37:17 - [TEST_STEP][PASSED] - delay: Delayed 2 second(s)

2018-11-10 00:37:19 - [MESSAGE][PASSED] - Delayed 2 second(s)

2018-11-10 00:37:19 - [MESSAGE][PASSED] - Call Test Case 'Test Cases/Final Aug 2018 - PKS Automation/Common/Workflow Owner Finder' successfully

2018-11-10 00:37:19 - [TEST_STEP][PASSED] - delay: Delayed 2 second(s)

2018-11-10 00:37:21 - [MESSAGE][PASSED] - Delayed 2 second(s)

2018-11-10 00:37:21 - [TEST_STEP][PASSED] - navigateToUrl: Navigate to 'https://assist2-uat.perkeso.gov.my/c/portal/logout' successfully

2018-11-10 00:37:22 - [MESSAGE][PASSED] - Navigate to 'https://assist2-uat.perkeso.gov.my/c/portal/logout' successfully

2018-11-10 00:37:22 - [TEST_STEP][PASSED] - delay: Delayed 2 second(s)

2018-11-10 00:37:24 - [MESSAGE][PASSED] - Delayed 2 second(s)

2018-11-10 00:37:24 - [TEST_STEP][PASSED] - callTestCase: Call Test Case 'Test Cases/Final Aug 2018 - PKS Automation/Registration Module/Workflow/Login and Search Case For Workflow' successfully

2018-11-10 00:37:24 - [TEST_CASE][PASSED] - Test Cases/Final Aug 2018 - PKS Automation/Registration Module/Workflow/Login and Search Case For Workflow: Test Cases/Final Aug 2018 - PKS Automation/Registration Module/Workflow/Login and Search Case For Workflow

2018-11-10 00:37:24 - [TEST_STEP][PASSED] - navigateToUrl: Navigate to 'https://assist2-uat.perkeso.gov.my/login' successfully

2018-11-10 00:37:25 - [MESSAGE][PASSED] - Navigate to 'https://assist2-uat.perkeso.gov.my/login' successfully

2018-11-10 00:37:25 - [TEST_STEP][PASSED] - setText: Text 'johorrio2@gmail.com' is set on object 'Object Repository/Final Object Repo/Login Page/Internal User/Email Address'

2018-11-10 00:37:25 - [MESSAGE][PASSED] - Text 'johorrio2@gmail.com' is set on object 'Object Repository/Final Object Repo/Login Page/Internal User/Email Address'

2018-11-10 00:37:25 - [TEST_STEP][PASSED] - click: Object: 'Object Repository/Final Object Repo/Login Page/Internal User/Next Button' is clicked on

2018-11-10 00:37:26 - [MESSAGE][PASSED] - Object: 'Object Repository/Final Object Repo/Login Page/Internal User/Next Button' is clicked on

2018-11-10 00:37:26 - [TEST_STEP][PASSED] - delay: Delayed 1 second(s)

2018-11-10 00:37:27 - [MESSAGE][PASSED] - Delayed 1 second(s)

2018-11-10 00:37:27 - [TEST_STEP][PASSED] - setEncryptedText: Text ****** has been set on object 'Object Repository/Final Object Repo/Login Page/Internal User/Password'

2018-11-10 00:37:27 - [MESSAGE][PASSED] - Text ****** has been set on object 'Object Repository/Final Object Repo/Login Page/Internal User/Password'

2018-11-10 00:37:27 - [TEST_STEP][PASSED] - click: Object: 'Object Repository/Final Object Repo/Login Page/Internal User/Login Button' is clicked on

2018-11-10 00:37:29 - [MESSAGE][PASSED] - Object: 'Object Repository/Final Object Repo/Login Page/Internal User/Login Button' is clicked on

2018-11-10 00:37:29 - [TEST_STEP][PASSED] - delay: Delayed 2 second(s)

2018-11-10 00:37:31 - [MESSAGE][PASSED] - Delayed 2 second(s)

2018-11-10 00:37:31 - [TEST_STEP][PASSED] - Statement - Try: Delayed 2 second(s)

2018-11-10 00:37:31 - [TEST_STEP][PASSED] - Statement - Checker = false: null

2018-11-10 00:37:31 - [TEST_STEP][PASSED] - Statement - Checker = com.kms.katalon.core.webui.keyword.WebUiBuiltInKeywords.verifyElementHasAttribute(com.kms.katalon.core.testobject.ObjectRepository.findTestObject(Final Object Repo/Landing Page/BM Detecting), "href", 20, OPTIONAL): Object 'Object Repository/Final Object Repo/Landing Page/BM Detecting' has attribute 'href'

2018-11-10 00:37:31 - [MESSAGE][PASSED] - Object 'Object Repository/Final Object Repo/Landing Page/BM Detecting' has attribute 'href'

2018-11-10 00:37:31 - [TEST_STEP][PASSED] - Statement - out.println(Checker): null

2018-11-10 00:37:31 - [TEST_STEP][PASSED] - Statement - If (Checker == false): null

2018-11-10 00:37:31 - [TEST_STEP][PASSED] - Statement - Else: null

2018-11-10 00:37:31 - [TEST_STEP][PASSED] - delay: Delayed 2 second(s)

2018-11-10 00:37:33 - [MESSAGE][PASSED] - Delayed 2 second(s)

2018-11-10 00:37:33 - [TEST_STEP][PASSED] - click: Object: 'Object Repository/Final Object Repo/Page_MyASSIST - ASSIST - Search Pending Case For Add Supporting Document/Search Information' is clicked on

2018-11-10 00:37:33 - [MESSAGE][PASSED] - Object: 'Object Repository/Final Object Repo/Page_MyASSIST - ASSIST - Search Pending Case For Add Supporting Document/Search Information' is clicked on

2018-11-10 00:37:33 - [TEST_STEP][PASSED] - delay: Delayed 3 second(s)

2018-11-10 00:37:36 - [MESSAGE][PASSED] - Delayed 3 second(s)

2018-11-10 00:37:36 - [TEST_STEP][PASSED] - sendKeys: Keys 'SSN11201800001121' sent to object: 'Object Repository/Final Object Repo/Page_MyASSIST - ASSIST - Search Pending Case For Add Supporting Document/Reference No'

2018-11-10 00:37:37 - [MESSAGE][PASSED] - Keys 'SSN11201800001121' sent to object: 'Object Repository/Final Object Repo/Page_MyASSIST - ASSIST - Search Pending Case For Add Supporting Document/Reference No'

2018-11-10 00:37:37 - [TEST_STEP][PASSED] - click: Object: 'Object Repository/Final Object Repo/Page_MyASSIST - ASSIST - Search Pending Case For Add Supporting Document/Search Reference No' is clicked on

2018-11-10 00:37:38 - [MESSAGE][PASSED] - Object: 'Object Repository/Final Object Repo/Page_MyASSIST - ASSIST - Search Pending Case For Add Supporting Document/Search Reference No' is clicked on

2018-11-10 00:37:38 - [TEST_STEP][PASSED] - delay: Delayed 2 second(s)

2018-11-10 00:37:40 - [MESSAGE][PASSED] - Delayed 2 second(s)

2018-11-10 00:37:40 - [TEST_STEP][PASSED] - click: Object: 'Object Repository/Final Object Repo/Page_MyASSIST - ASSIST - Search Pending Case For Add Supporting Document/Continue' is clicked on

2018-11-10 00:37:48 - [MESSAGE][PASSED] - Object: 'Object Repository/Final Object Repo/Page_MyASSIST - ASSIST - Search Pending Case For Add Supporting Document/Continue' is clicked on

2018-11-10 00:37:48 - [TEST_STEP][PASSED] - delay: Delayed 20 second(s)

2018-11-10 00:38:08 - [MESSAGE][PASSED] - Delayed 20 second(s)

2018-11-10 00:38:08 - [MESSAGE][PASSED] - Call Test Case 'Test Cases/Final Aug 2018 - PKS Automation/Registration Module/Workflow/Login and Search Case For Workflow' successfully

2018-11-10 00:38:08 - [TEST_STEP][PASSED] - callTestCase: Call Test Case 'Test Cases/Final Aug 2018 - PKS Automation/Registration Module/Workflow/Request SSN/Template/Request SSN - RIO' successfully

2018-11-10 00:38:08 - [TEST_CASE][PASSED] - Test Cases/Final Aug 2018 - PKS Automation/Registration Module/Workflow/Request SSN/Template/Request SSN - RIO: Test Cases/Final Aug 2018 - PKS Automation/Registration Module/Workflow/Request SSN/Template/Request SSN - RIO

2018-11-10 00:38:08 - [TEST_STEP][NOT_RUN] - openBrowser: NOT_RUN: openBrowser

2018-11-10 00:38:08 - [MESSAGE][NOT_RUN] - NOT_RUN: openBrowser

2018-11-10 00:38:08 - [TEST_STEP][NOT_RUN] - navigateToUrl: NOT_RUN: navigateToUrl

2018-11-10 00:38:08 - [MESSAGE][NOT_RUN] - NOT_RUN: navigateToUrl

2018-11-10 00:38:08 - [TEST_STEP][NOT_RUN] - setText: NOT_RUN: setText

2018-11-10 00:38:08 - [MESSAGE][NOT_RUN] - NOT_RUN: setText

2018-11-10 00:38:08 - [TEST_STEP][NOT_RUN] - click: NOT_RUN: click

2018-11-10 00:38:08 - [MESSAGE][NOT_RUN] - NOT_RUN: click

2018-11-10 00:38:08 - [TEST_STEP][NOT_RUN] - delay: NOT_RUN: delay

2018-11-10 00:38:08 - [MESSAGE][NOT_RUN] - NOT_RUN: delay

2018-11-10 00:38:08 - [TEST_STEP][NOT_RUN] - setEncryptedText: NOT_RUN: setEncryptedText

2018-11-10 00:38:08 - [MESSAGE][NOT_RUN] - NOT_RUN: setEncryptedText

2018-11-10 00:38:08 - [TEST_STEP][NOT_RUN] - click: NOT_RUN: click

2018-11-10 00:38:08 - [MESSAGE][NOT_RUN] - NOT_RUN: click

2018-11-10 00:38:08 - [TEST_STEP][NOT_RUN] - delay: NOT_RUN: delay

2018-11-10 00:38:08 - [MESSAGE][NOT_RUN] - NOT_RUN: delay

2018-11-10 00:38:08 - [TEST_STEP][NOT_RUN] - click: NOT_RUN: click

2018-11-10 00:38:08 - [MESSAGE][NOT_RUN] - NOT_RUN: click

2018-11-10 00:38:08 - [TEST_STEP][NOT_RUN] - sendKeys: NOT_RUN: sendKeys

2018-11-10 00:38:08 - [MESSAGE][NOT_RUN] - NOT_RUN: sendKeys

2018-11-10 00:38:08 - [TEST_STEP][NOT_RUN] - click: NOT_RUN: click

2018-11-10 00:38:08 - [MESSAGE][NOT_RUN] - NOT_RUN: click

2018-11-10 00:38:08 - [TEST_STEP][NOT_RUN] - delay: NOT_RUN: delay

2018-11-10 00:38:08 - [MESSAGE][NOT_RUN] - NOT_RUN: delay

2018-11-10 00:38:08 - [TEST_STEP][NOT_RUN] - click: NOT_RUN: click

2018-11-10 00:38:08 - [MESSAGE][NOT_RUN] - NOT_RUN: click

2018-11-10 00:38:08 - [TEST_STEP][PASSED] - click: Object: 'Object Repository/Final Object Repo/Page_Request SSN - ASSIST/Page_Request SSN - ASSIST - RIO/Recommend For SSN' is clicked on

2018-11-10 00:38:08 - [MESSAGE][PASSED] - Object: 'Object Repository/Final Object Repo/Page_Request SSN - ASSIST/Page_Request SSN - ASSIST - RIO/Recommend For SSN' is clicked on

2018-11-10 00:38:08 - [TEST_STEP][PASSED] - click: Object: 'Object Repository/Final Object Repo/Page_Request SSN - ASSIST/Page_Request SSN - ASSIST - RIO/Recommend For SSN  - Yes' is clicked on

2018-11-10 00:38:09 - [MESSAGE][PASSED] - Object: 'Object Repository/Final Object Repo/Page_Request SSN - ASSIST/Page_Request SSN - ASSIST - RIO/Recommend For SSN  - Yes' is clicked on

2018-11-10 00:38:09 - [TEST_STEP][PASSED] - delay: Delayed 2 second(s)

2018-11-10 00:38:11 - [MESSAGE][PASSED] - Delayed 2 second(s)

2018-11-10 00:38:11 - [TEST_STEP][PASSED] - click: Object: 'Object Repository/Final Object Repo/Page_Request SSN - ASSIST/Page_Request SSN - ASSIST - RIO/Save  Continue in SSN page' is clicked on

2018-11-10 00:38:17 - [MESSAGE][PASSED] - Object: 'Object Repository/Final Object Repo/Page_Request SSN - ASSIST/Page_Request SSN - ASSIST - RIO/Save  Continue in SSN page' is clicked on

2018-11-10 00:38:17 - [TEST_STEP][PASSED] - delay: Delayed 2 second(s)

2018-11-10 00:38:19 - [MESSAGE][PASSED] - Delayed 2 second(s)

2018-11-10 00:38:19 - [TEST_STEP][PASSED] - click: Object: 'Object Repository/Final Object Repo/Page_Request SSN - ASSIST/Page_Request SSN - ASSIST - RIO/Save  Continue in Upload Document Page' is clicked on

2018-11-10 00:38:23 - [MESSAGE][PASSED] - Object: 'Object Repository/Final Object Repo/Page_Request SSN - ASSIST/Page_Request SSN - ASSIST - RIO/Save  Continue in Upload Document Page' is clicked on

2018-11-10 00:38:23 - [TEST_STEP][PASSED] - delay: Delayed 2 second(s)

2018-11-10 00:38:26 - [MESSAGE][PASSED] - Delayed 2 second(s)

2018-11-10 00:38:26 - [TEST_STEP][PASSED] - click: Object: 'Object Repository/Final Object Repo/Page_Request SSN - ASSIST/Page_Request SSN - ASSIST - RIO/Submit' is clicked on

2018-11-10 00:38:26 - [MESSAGE][PASSED] - Object: 'Object Repository/Final Object Repo/Page_Request SSN - ASSIST/Page_Request SSN - ASSIST - RIO/Submit' is clicked on

2018-11-10 00:38:26 - [TEST_STEP][PASSED] - delay: Delayed 2 second(s)

2018-11-10 00:38:28 - [MESSAGE][PASSED] - Delayed 2 second(s)

2018-11-10 00:38:28 - [TEST_STEP][PASSED] - click: Object: 'Object Repository/Final Object Repo/Page_Request SSN - ASSIST/Page_Request SSN - ASSIST - RIO/Confirm' is clicked on

2018-11-10 00:38:28 - [MESSAGE][PASSED] - Object: 'Object Repository/Final Object Repo/Page_Request SSN - ASSIST/Page_Request SSN - ASSIST - RIO/Confirm' is clicked on

2018-11-10 00:38:28 - [MESSAGE][PASSED] - Call Test Case 'Test Cases/Final Aug 2018 - PKS Automation/Registration Module/Workflow/Request SSN/Template/Request SSN - RIO' successfully

2018-11-10 00:38:28 - [TEST_STEP][PASSED] - delay: Delayed 2 second(s)

2018-11-10 00:38:30 - [MESSAGE][PASSED] - Delayed 2 second(s)

2018-11-10 00:38:30 - [TEST_STEP][PASSED] - navigateToUrl: Navigate to 'https://assist2-uat.perkeso.gov.my/c/portal/logout' successfully

2018-11-10 00:38:31 - [MESSAGE][PASSED] - Navigate to 'https://assist2-uat.perkeso.gov.my/c/portal/logout' successfully

2018-11-10 00:38:31 - [TEST_STEP][PASSED] - delay: Delayed 2 second(s)

2018-11-10 00:38:33 - [MESSAGE][PASSED] - Delayed 2 second(s)

2018-11-10 00:38:33 - [TEST_STEP][PASSED] - callTestCase: Call Test Case 'Test Cases/Final Aug 2018 - PKS Automation/Common/Workflow Owner Finder' successfully

2018-11-10 00:38:33 - [TEST_CASE][PASSED] - Test Cases/Final Aug 2018 - PKS Automation/Common/Workflow Owner Finder: Test Cases/Final Aug 2018 - PKS Automation/Common/Workflow Owner Finder

2018-11-10 00:38:33 - [TEST_STEP][PASSED] - openBrowser: Browser is opened with url: ''

2018-11-10 00:38:33 - [MESSAGE][WARNING] - A browser is already opened. Closing browser and opening a new one

2018-11-10 00:38:37 - [MESSAGE][PASSED] - Browser is opened with url: ''

2018-11-10 00:38:37 - [TEST_STEP][PASSED] - navigateToUrl: Navigate to 'https://assist2-uat.perkeso.gov.my/login' successfully

2018-11-10 00:38:41 - [MESSAGE][PASSED] - Navigate to 'https://assist2-uat.perkeso.gov.my/login' successfully

2018-11-10 00:38:41 - [TEST_STEP][PASSED] - delay: Delayed 5 second(s)

2018-11-10 00:38:46 - [MESSAGE][PASSED] - Delayed 5 second(s)

2018-11-10 00:38:46 - [TEST_STEP][PASSED] - setText: Text 'test@liferay.com' is set on object 'Object Repository/Final Object Repo/Login Page/Internal User/Email Address'

2018-11-10 00:38:46 - [MESSAGE][PASSED] - Text 'test@liferay.com' is set on object 'Object Repository/Final Object Repo/Login Page/Internal User/Email Address'

2018-11-10 00:38:46 - [TEST_STEP][PASSED] - click: Object: 'Object Repository/Final Object Repo/Login Page/Internal User/Next Button' is clicked on

2018-11-10 00:38:47 - [MESSAGE][PASSED] - Object: 'Object Repository/Final Object Repo/Login Page/Internal User/Next Button' is clicked on

2018-11-10 00:38:47 - [TEST_STEP][PASSED] - delay: Delayed 2 second(s)

2018-11-10 00:38:49 - [MESSAGE][PASSED] - Delayed 2 second(s)

2018-11-10 00:38:49 - [TEST_STEP][PASSED] - setText: Text 'test' is set on object 'Object Repository/Final Object Repo/Login Page/Internal User/Password'

2018-11-10 00:38:49 - [MESSAGE][PASSED] - Text 'test' is set on object 'Object Repository/Final Object Repo/Login Page/Internal User/Password'

2018-11-10 00:38:49 - [TEST_STEP][PASSED] - delay: Delayed 2 second(s)

2018-11-10 00:38:51 - [MESSAGE][PASSED] - Delayed 2 second(s)

2018-11-10 00:38:51 - [TEST_STEP][PASSED] - click: Object: 'Object Repository/Final Object Repo/Login Page/Internal User/Login Button' is clicked on

2018-11-10 00:38:55 - [MESSAGE][PASSED] - Object: 'Object Repository/Final Object Repo/Login Page/Internal User/Login Button' is clicked on

2018-11-10 00:38:55 - [TEST_STEP][PASSED] - Statement - Try: Delayed 2 second(s)

2018-11-10 00:38:55 - [TEST_STEP][PASSED] - Statement - Checker = false: null

2018-11-10 00:38:55 - [TEST_STEP][PASSED] - Statement - Checker = com.kms.katalon.core.webui.keyword.WebUiBuiltInKeywords.verifyElementHasAttribute(com.kms.katalon.core.testobject.ObjectRepository.findTestObject(Final Object Repo/Landing Page/BM Detecting), "href", 20, OPTIONAL): Object 'Object Repository/Final Object Repo/Landing Page/BM Detecting' has attribute 'href'

2018-11-10 00:38:55 - [MESSAGE][PASSED] - Object 'Object Repository/Final Object Repo/Landing Page/BM Detecting' has attribute 'href'

2018-11-10 00:38:55 - [TEST_STEP][PASSED] - Statement - out.println(Checker): null

2018-11-10 00:38:55 - [TEST_STEP][PASSED] - Statement - If (Checker == false): null

2018-11-10 00:38:55 - [TEST_STEP][PASSED] - Statement - Else: null

2018-11-10 00:38:55 - [TEST_STEP][PASSED] - delay: Delayed 2 second(s)

2018-11-10 00:38:57 - [MESSAGE][PASSED] - Delayed 2 second(s)

2018-11-10 00:38:57 - [TEST_STEP][PASSED] - delay: Delayed 3 second(s)

2018-11-10 00:39:00 - [MESSAGE][PASSED] - Delayed 3 second(s)

2018-11-10 00:39:00 - [TEST_STEP][PASSED] - mouseOver: Object: 'Object Repository/Final Object Repo/Landing Page/WorkFlow Menu' is hovered

2018-11-10 00:39:00 - [MESSAGE][PASSED] - Object: 'Object Repository/Final Object Repo/Landing Page/WorkFlow Menu' is hovered

2018-11-10 00:39:00 - [TEST_STEP][PASSED] - delay: Delayed 2 second(s)

2018-11-10 00:39:02 - [MESSAGE][PASSED] - Delayed 2 second(s)

2018-11-10 00:39:02 - [TEST_STEP][PASSED] - click: Object: 'Object Repository/Final Object Repo/Landing Page/Select to Workflow Listing' is clicked on

2018-11-10 00:39:03 - [MESSAGE][PASSED] - Object: 'Object Repository/Final Object Repo/Landing Page/Select to Workflow Listing' is clicked on

2018-11-10 00:39:03 - [TEST_STEP][PASSED] - delay: Delayed 2 second(s)

2018-11-10 00:39:05 - [MESSAGE][PASSED] - Delayed 2 second(s)

2018-11-10 00:39:05 - [TEST_STEP][PASSED] - click: Object: 'Object Repository/Final Object Repo/WorkFlow Listing Page/Search Information - To Put Ref No' is clicked on

2018-11-10 00:39:05 - [MESSAGE][PASSED] - Object: 'Object Repository/Final Object Repo/WorkFlow Listing Page/Search Information - To Put Ref No' is clicked on

2018-11-10 00:39:05 - [TEST_STEP][PASSED] - delay: Delayed 2 second(s)

2018-11-10 00:39:07 - [MESSAGE][PASSED] - Delayed 2 second(s)

2018-11-10 00:39:07 - [TEST_STEP][PASSED] - callTestCase: Call Test Case 'Test Cases/Final Aug 2018 - PKS Automation/Common/Reference Number Getter' successfully

2018-11-10 00:39:07 - [TEST_CASE][PASSED] - Test Cases/Final Aug 2018 - PKS Automation/Common/Reference Number Getter: Test Cases/Final Aug 2018 - PKS Automation/Common/Reference Number Getter

2018-11-10 00:39:07 - [TEST_STEP][PASSED] - Statement - Try: null

2018-11-10 00:39:07 - [TEST_STEP][PASSED] - Statement - RefNo = new java.io.File(C://KatalonReference.txt): null

2018-11-10 00:39:07 - [TEST_STEP][PASSED] - Statement - bufferread = new java.io.BufferedReader(new java.io.FileReader(RefNo)): null

2018-11-10 00:39:07 - [TEST_STEP][PASSED] - Statement - readedVal = bufferread.readLine(): null

2018-11-10 00:39:07 - [TEST_STEP][PASSED] - Statement - out.println(CaseReferenceNo): null

2018-11-10 00:39:07 - [TEST_STEP][PASSED] - Statement - out.println(readedVal): null

2018-11-10 00:39:07 - [TEST_STEP][PASSED] - Statement - CaseReferenceNo = readedVal: null

2018-11-10 00:39:07 - [MESSAGE][PASSED] - Call Test Case 'Test Cases/Final Aug 2018 - PKS Automation/Common/Reference Number Getter' successfully

2018-11-10 00:39:07 - [TEST_STEP][PASSED] - setText: Text 'SSN11201800001121' is set on object 'Object Repository/Final Object Repo/WorkFlow Listing Page/Ref No Set Text'

2018-11-10 00:39:08 - [MESSAGE][PASSED] - Text 'SSN11201800001121' is set on object 'Object Repository/Final Object Repo/WorkFlow Listing Page/Ref No Set Text'

2018-11-10 00:39:08 - [TEST_STEP][PASSED] - delay: Delayed 2 second(s)

2018-11-10 00:39:10 - [MESSAGE][PASSED] - Delayed 2 second(s)

2018-11-10 00:39:10 - [TEST_STEP][PASSED] - click: Object: 'Object Repository/Final Object Repo/WorkFlow Listing Page/Search Ref No Search Button' is clicked on

2018-11-10 00:39:11 - [MESSAGE][PASSED] - Object: 'Object Repository/Final Object Repo/WorkFlow Listing Page/Search Ref No Search Button' is clicked on

2018-11-10 00:39:11 - [TEST_STEP][PASSED] - delay: Delayed 4 second(s)

2018-11-10 00:39:15 - [MESSAGE][PASSED] - Delayed 4 second(s)

2018-11-10 00:39:15 - [TEST_STEP][PASSED] - click: Object: 'Object Repository/Final Object Repo/WorkFlow Listing Page/Click Continue Tooltip' is clicked on

2018-11-10 00:39:17 - [MESSAGE][PASSED] - Object: 'Object Repository/Final Object Repo/WorkFlow Listing Page/Click Continue Tooltip' is clicked on

2018-11-10 00:39:17 - [TEST_STEP][PASSED] - delay: Delayed 5 second(s)

2018-11-10 00:39:22 - [MESSAGE][PASSED] - Delayed 5 second(s)

2018-11-10 00:39:22 - [TEST_STEP][PASSED] - doubleClick: Object: 'Object Repository/Final Object Repo/WorkFlow Listing Page/Workflow Found - Listing 1' is double clicked on

2018-11-10 00:39:22 - [MESSAGE][PASSED] - Object: 'Object Repository/Final Object Repo/WorkFlow Listing Page/Workflow Found - Listing 1' is double clicked on

2018-11-10 00:39:22 - [TEST_STEP][PASSED] - Statement - println(OwnerID): null

2018-11-10 00:39:22 - [TEST_STEP][PASSED] - Statement - OwnerID = com.kms.katalon.core.webui.keyword.WebUiBuiltInKeywords.getText(com.kms.katalon.core.testobject.ObjectRepository.findTestObject(Final Object Repo/WorkFlow Listing Page/Workflow Found - Listing 1), STOP_ON_FAILURE): Text of object 'Object Repository/Final Object Repo/WorkFlow Listing Page/Workflow Found - Listing 1' is: 'JOHORro1'

2018-11-10 00:39:22 - [MESSAGE][PASSED] - Text of object 'Object Repository/Final Object Repo/WorkFlow Listing Page/Workflow Found - Listing 1' is: 'JOHORro1'

2018-11-10 00:39:22 - [TEST_STEP][PASSED] - Statement - OwnerID = OwnerID.toLowerCase() + "@gmail.com": null

2018-11-10 00:39:22 - [TEST_STEP][PASSED] - Statement - println(OwnerID): null

2018-11-10 00:39:22 - [TEST_STEP][PASSED] - delay: Delayed 2 second(s)

2018-11-10 00:39:24 - [MESSAGE][PASSED] - Delayed 2 second(s)

2018-11-10 00:39:24 - [MESSAGE][PASSED] - Call Test Case 'Test Cases/Final Aug 2018 - PKS Automation/Common/Workflow Owner Finder' successfully

2018-11-10 00:39:24 - [TEST_STEP][PASSED] - delay: Delayed 2 second(s)

2018-11-10 00:39:26 - [MESSAGE][PASSED] - Delayed 2 second(s)

2018-11-10 00:39:26 - [TEST_STEP][PASSED] - navigateToUrl: Navigate to 'https://assist2-uat.perkeso.gov.my/c/portal/logout' successfully

2018-11-10 00:39:27 - [MESSAGE][PASSED] - Navigate to 'https://assist2-uat.perkeso.gov.my/c/portal/logout' successfully

2018-11-10 00:39:27 - [TEST_STEP][PASSED] - delay: Delayed 2 second(s)

2018-11-10 00:39:29 - [MESSAGE][PASSED] - Delayed 2 second(s)

2018-11-10 00:39:29 - [TEST_STEP][PASSED] - callTestCase: Call Test Case 'Test Cases/Final Aug 2018 - PKS Automation/Registration Module/Workflow/Login and Search Case For Workflow' successfully

2018-11-10 00:39:29 - [TEST_CASE][PASSED] - Test Cases/Final Aug 2018 - PKS Automation/Registration Module/Workflow/Login and Search Case For Workflow: Test Cases/Final Aug 2018 - PKS Automation/Registration Module/Workflow/Login and Search Case For Workflow

2018-11-10 00:39:29 - [TEST_STEP][PASSED] - navigateToUrl: Navigate to 'https://assist2-uat.perkeso.gov.my/login' successfully

2018-11-10 00:39:30 - [MESSAGE][PASSED] - Navigate to 'https://assist2-uat.perkeso.gov.my/login' successfully

2018-11-10 00:39:30 - [TEST_STEP][PASSED] - setText: Text 'johorro1@gmail.com' is set on object 'Object Repository/Final Object Repo/Login Page/Internal User/Email Address'

2018-11-10 00:39:30 - [MESSAGE][PASSED] - Text 'johorro1@gmail.com' is set on object 'Object Repository/Final Object Repo/Login Page/Internal User/Email Address'

2018-11-10 00:39:30 - [TEST_STEP][PASSED] - click: Object: 'Object Repository/Final Object Repo/Login Page/Internal User/Next Button' is clicked on

2018-11-10 00:39:30 - [MESSAGE][PASSED] - Object: 'Object Repository/Final Object Repo/Login Page/Internal User/Next Button' is clicked on

2018-11-10 00:39:30 - [TEST_STEP][PASSED] - delay: Delayed 1 second(s)

2018-11-10 00:39:31 - [MESSAGE][PASSED] - Delayed 1 second(s)

2018-11-10 00:39:31 - [TEST_STEP][PASSED] - setEncryptedText: Text ****** has been set on object 'Object Repository/Final Object Repo/Login Page/Internal User/Password'

2018-11-10 00:39:32 - [MESSAGE][PASSED] - Text ****** has been set on object 'Object Repository/Final Object Repo/Login Page/Internal User/Password'

2018-11-10 00:39:32 - [TEST_STEP][PASSED] - click: Object: 'Object Repository/Final Object Repo/Login Page/Internal User/Login Button' is clicked on

2018-11-10 00:39:34 - [MESSAGE][PASSED] - Object: 'Object Repository/Final Object Repo/Login Page/Internal User/Login Button' is clicked on

2018-11-10 00:39:34 - [TEST_STEP][PASSED] - delay: Delayed 2 second(s)

2018-11-10 00:39:36 - [MESSAGE][PASSED] - Delayed 2 second(s)

2018-11-10 00:39:36 - [TEST_STEP][PASSED] - Statement - Try: Delayed 2 second(s)

2018-11-10 00:39:36 - [TEST_STEP][PASSED] - Statement - Checker = false: null

2018-11-10 00:39:36 - [TEST_STEP][PASSED] - Statement - Checker = com.kms.katalon.core.webui.keyword.WebUiBuiltInKeywords.verifyElementHasAttribute(com.kms.katalon.core.testobject.ObjectRepository.findTestObject(Final Object Repo/Landing Page/BM Detecting), "href", 20, OPTIONAL): Object 'Object Repository/Final Object Repo/Landing Page/BM Detecting' has attribute 'href'

2018-11-10 00:39:36 - [MESSAGE][PASSED] - Object 'Object Repository/Final Object Repo/Landing Page/BM Detecting' has attribute 'href'

2018-11-10 00:39:36 - [TEST_STEP][PASSED] - Statement - out.println(Checker): null

2018-11-10 00:39:36 - [TEST_STEP][PASSED] - Statement - If (Checker == false): null

2018-11-10 00:39:36 - [TEST_STEP][PASSED] - Statement - Else: null

2018-11-10 00:39:36 - [TEST_STEP][PASSED] - delay: Delayed 2 second(s)

2018-11-10 00:39:38 - [MESSAGE][PASSED] - Delayed 2 second(s)

2018-11-10 00:39:38 - [TEST_STEP][PASSED] - click: Object: 'Object Repository/Final Object Repo/Page_MyASSIST - ASSIST - Search Pending Case For Add Supporting Document/Search Information' is clicked on

2018-11-10 00:39:38 - [MESSAGE][PASSED] - Object: 'Object Repository/Final Object Repo/Page_MyASSIST - ASSIST - Search Pending Case For Add Supporting Document/Search Information' is clicked on

2018-11-10 00:39:38 - [TEST_STEP][PASSED] - delay: Delayed 3 second(s)

2018-11-10 00:39:41 - [MESSAGE][PASSED] - Delayed 3 second(s)

2018-11-10 00:39:41 - [TEST_STEP][PASSED] - sendKeys: Keys 'SSN11201800001121' sent to object: 'Object Repository/Final Object Repo/Page_MyASSIST - ASSIST - Search Pending Case For Add Supporting Document/Reference No'

2018-11-10 00:39:41 - [MESSAGE][PASSED] - Keys 'SSN11201800001121' sent to object: 'Object Repository/Final Object Repo/Page_MyASSIST - ASSIST - Search Pending Case For Add Supporting Document/Reference No'

2018-11-10 00:39:41 - [TEST_STEP][PASSED] - click: Object: 'Object Repository/Final Object Repo/Page_MyASSIST - ASSIST - Search Pending Case For Add Supporting Document/Search Reference No' is clicked on

2018-11-10 00:39:43 - [MESSAGE][PASSED] - Object: 'Object Repository/Final Object Repo/Page_MyASSIST - ASSIST - Search Pending Case For Add Supporting Document/Search Reference No' is clicked on

2018-11-10 00:39:43 - [TEST_STEP][PASSED] - delay: Delayed 2 second(s)

2018-11-10 00:39:45 - [MESSAGE][PASSED] - Delayed 2 second(s)

2018-11-10 00:39:45 - [TEST_STEP][PASSED] - click: Object: 'Object Repository/Final Object Repo/Page_MyASSIST - ASSIST - Search Pending Case For Add Supporting Document/Continue' is clicked on

2018-11-10 00:39:52 - [MESSAGE][PASSED] - Object: 'Object Repository/Final Object Repo/Page_MyASSIST - ASSIST - Search Pending Case For Add Supporting Document/Continue' is clicked on

2018-11-10 00:39:52 - [TEST_STEP][PASSED] - delay: Delayed 20 second(s)

2018-11-10 00:40:12 - [MESSAGE][PASSED] - Delayed 20 second(s)

2018-11-10 00:40:12 - [MESSAGE][PASSED] - Call Test Case 'Test Cases/Final Aug 2018 - PKS Automation/Registration Module/Workflow/Login and Search Case For Workflow' successfully

2018-11-10 00:40:12 - [TEST_STEP][PASSED] - callTestCase: Call Test Case 'Test Cases/Final Aug 2018 - PKS Automation/Registration Module/Workflow/Request SSN/Template/Request SSN - RO (Query)' successfully

2018-11-10 00:40:12 - [TEST_CASE][PASSED] - Test Cases/Final Aug 2018 - PKS Automation/Registration Module/Workflow/Request SSN/Template/Request SSN - RO (Query): Test Cases/Final Aug 2018 - PKS Automation/Registration Module/Workflow/Request SSN/Template/Request SSN - RO (Query)

2018-11-10 00:40:12 - [TEST_STEP][NOT_RUN] - openBrowser: NOT_RUN: openBrowser

2018-11-10 00:40:12 - [MESSAGE][NOT_RUN] - NOT_RUN: openBrowser

2018-11-10 00:40:12 - [TEST_STEP][NOT_RUN] - navigateToUrl: NOT_RUN: navigateToUrl

2018-11-10 00:40:12 - [MESSAGE][NOT_RUN] - NOT_RUN: navigateToUrl

2018-11-10 00:40:12 - [TEST_STEP][NOT_RUN] - setText: NOT_RUN: setText

2018-11-10 00:40:12 - [MESSAGE][NOT_RUN] - NOT_RUN: setText

2018-11-10 00:40:12 - [TEST_STEP][NOT_RUN] - click: NOT_RUN: click

2018-11-10 00:40:12 - [MESSAGE][NOT_RUN] - NOT_RUN: click

2018-11-10 00:40:12 - [TEST_STEP][NOT_RUN] - delay: NOT_RUN: delay

2018-11-10 00:40:12 - [MESSAGE][NOT_RUN] - NOT_RUN: delay

2018-11-10 00:40:12 - [TEST_STEP][NOT_RUN] - setEncryptedText: NOT_RUN: setEncryptedText

2018-11-10 00:40:12 - [MESSAGE][NOT_RUN] - NOT_RUN: setEncryptedText

2018-11-10 00:40:12 - [TEST_STEP][NOT_RUN] - click: NOT_RUN: click

2018-11-10 00:40:12 - [MESSAGE][NOT_RUN] - NOT_RUN: click

2018-11-10 00:40:12 - [TEST_STEP][NOT_RUN] - delay: NOT_RUN: delay

2018-11-10 00:40:12 - [MESSAGE][NOT_RUN] - NOT_RUN: delay

2018-11-10 00:40:12 - [TEST_STEP][NOT_RUN] - click: NOT_RUN: click

2018-11-10 00:40:12 - [MESSAGE][NOT_RUN] - NOT_RUN: click

2018-11-10 00:40:12 - [TEST_STEP][NOT_RUN] - delay: NOT_RUN: delay

2018-11-10 00:40:12 - [MESSAGE][NOT_RUN] - NOT_RUN: delay

2018-11-10 00:40:12 - [TEST_STEP][NOT_RUN] - sendKeys: NOT_RUN: sendKeys

2018-11-10 00:40:12 - [MESSAGE][NOT_RUN] - NOT_RUN: sendKeys

2018-11-10 00:40:12 - [TEST_STEP][NOT_RUN] - click: NOT_RUN: click

2018-11-10 00:40:12 - [MESSAGE][NOT_RUN] - NOT_RUN: click

2018-11-10 00:40:12 - [TEST_STEP][NOT_RUN] - delay: NOT_RUN: delay

2018-11-10 00:40:12 - [MESSAGE][NOT_RUN] - NOT_RUN: delay

2018-11-10 00:40:12 - [TEST_STEP][NOT_RUN] - click: NOT_RUN: click

2018-11-10 00:40:12 - [MESSAGE][NOT_RUN] - NOT_RUN: click

2018-11-10 00:40:12 - [TEST_STEP][PASSED] - click: Object: 'Object Repository/Final Object Repo/Page_Request SSN - ASSIST/Page_Request SSN - ASSIST - RO/Approval For SSN' is clicked on

2018-11-10 00:40:13 - [MESSAGE][PASSED] - Object: 'Object Repository/Final Object Repo/Page_Request SSN - ASSIST/Page_Request SSN - ASSIST - RO/Approval For SSN' is clicked on

2018-11-10 00:40:13 - [TEST_STEP][PASSED] - click: Object: 'Object Repository/Final Object Repo/Page_Request SSN - ASSIST/Page_Request SSN - ASSIST - RO/Approval For SSN - Approve' is clicked on

2018-11-10 00:40:14 - [MESSAGE][PASSED] - Object: 'Object Repository/Final Object Repo/Page_Request SSN - ASSIST/Page_Request SSN - ASSIST - RO/Approval For SSN - Approve' is clicked on

2018-11-10 00:40:14 - [TEST_STEP][PASSED] - delay: Delayed 2 second(s)

2018-11-10 00:40:16 - [MESSAGE][PASSED] - Delayed 2 second(s)

2018-11-10 00:40:16 - [TEST_STEP][PASSED] - click: Object: 'Object Repository/Final Object Repo/Page_Request SSN - ASSIST/Page_Request SSN - ASSIST - RO/Save  Continue in SSN Page' is clicked on

2018-11-10 00:40:21 - [MESSAGE][PASSED] - Object: 'Object Repository/Final Object Repo/Page_Request SSN - ASSIST/Page_Request SSN - ASSIST - RO/Save  Continue in SSN Page' is clicked on

2018-11-10 00:40:21 - [TEST_STEP][PASSED] - delay: Delayed 2 second(s)

2018-11-10 00:40:23 - [MESSAGE][PASSED] - Delayed 2 second(s)

2018-11-10 00:40:23 - [TEST_STEP][PASSED] - setText: Text 'Query' is set on object 'Object Repository/Final Object Repo/Page_Request SSN - ASSIST/Page_Request SSN - ASSIST - RO/Page_Request SSN - ASSIST  (Query)/Remark'

2018-11-10 00:40:23 - [MESSAGE][PASSED] - Text 'Query' is set on object 'Object Repository/Final Object Repo/Page_Request SSN - ASSIST/Page_Request SSN - ASSIST - RO/Page_Request SSN - ASSIST  (Query)/Remark'

2018-11-10 00:40:23 - [TEST_STEP][PASSED] - delay: Delayed 2 second(s)

2018-11-10 00:40:25 - [MESSAGE][PASSED] - Delayed 2 second(s)

2018-11-10 00:40:25 - [TEST_STEP][PASSED] - click: Object: 'Object Repository/Final Object Repo/Page_Request SSN - ASSIST/Page_Request SSN - ASSIST - RO/Save  Continue in Uploading Document Page' is clicked on

2018-11-10 00:40:30 - [MESSAGE][PASSED] - Object: 'Object Repository/Final Object Repo/Page_Request SSN - ASSIST/Page_Request SSN - ASSIST - RO/Save  Continue in Uploading Document Page' is clicked on

2018-11-10 00:40:30 - [TEST_STEP][PASSED] - delay: Delayed 2 second(s)

2018-11-10 00:40:32 - [MESSAGE][PASSED] - Delayed 2 second(s)

2018-11-10 00:40:32 - [TEST_STEP][PASSED] - click: Object: 'Object Repository/Final Object Repo/Page_Request SSN - ASSIST/Page_Request SSN - ASSIST - RO/Page_Request SSN - ASSIST  (Query)/Query' is clicked on

2018-11-10 00:40:33 - [MESSAGE][PASSED] - Object: 'Object Repository/Final Object Repo/Page_Request SSN - ASSIST/Page_Request SSN - ASSIST - RO/Page_Request SSN - ASSIST  (Query)/Query' is clicked on

2018-11-10 00:40:33 - [TEST_STEP][PASSED] - delay: Delayed 2 second(s)

2018-11-10 00:40:35 - [MESSAGE][PASSED] - Delayed 2 second(s)

2018-11-10 00:40:35 - [TEST_STEP][PASSED] - click: Object: 'Object Repository/Final Object Repo/Page_Request SSN - ASSIST/Page_Request SSN - ASSIST - RO/Page_Request SSN - ASSIST  (Query)/Confirm' is clicked on

2018-11-10 00:40:40 - [MESSAGE][PASSED] - Object: 'Object Repository/Final Object Repo/Page_Request SSN - ASSIST/Page_Request SSN - ASSIST - RO/Page_Request SSN - ASSIST  (Query)/Confirm' is clicked on

2018-11-10 00:40:40 - [TEST_STEP][PASSED] - delay: Delayed 2 second(s)

2018-11-10 00:40:42 - [MESSAGE][PASSED] - Delayed 2 second(s)

2018-11-10 00:40:42 - [TEST_STEP][PASSED] - verifyElementVisible: Object 'Object Repository/Final Object Repo/Page_Request SSN - ASSIST/Page_Request SSN - ASSIST - RO/Page_Request SSN - ASSIST  (Query)/Message Case Is Under Query' is visible

2018-11-10 00:40:44 - [MESSAGE][PASSED] - Object 'Object Repository/Final Object Repo/Page_Request SSN - ASSIST/Page_Request SSN - ASSIST - RO/Page_Request SSN - ASSIST  (Query)/Message Case Is Under Query' is visible

2018-11-10 00:40:44 - [TEST_STEP][PASSED] - delay: Delayed 2 second(s)

2018-11-10 00:40:46 - [MESSAGE][PASSED] - Delayed 2 second(s)

2018-11-10 00:40:46 - [TEST_STEP][PASSED] - verifyElementVisible: Object 'Object Repository/Final Object Repo/Page_Request SSN - ASSIST/Page_Request SSN - ASSIST - RO/Page_Request SSN - ASSIST  (Query)/Letter of inquiry' is visible

2018-11-10 00:40:46 - [MESSAGE][PASSED] - Object 'Object Repository/Final Object Repo/Page_Request SSN - ASSIST/Page_Request SSN - ASSIST - RO/Page_Request SSN - ASSIST  (Query)/Letter of inquiry' is visible

2018-11-10 00:40:46 - [MESSAGE][PASSED] - Call Test Case 'Test Cases/Final Aug 2018 - PKS Automation/Registration Module/Workflow/Request SSN/Template/Request SSN - RO (Query)' successfully

2018-11-10 00:40:46 - [TEST_STEP][PASSED] - delay: Delayed 2 second(s)

2018-11-10 00:40:48 - [MESSAGE][PASSED] - Delayed 2 second(s)

2018-11-10 00:40:48 - [TEST_STEP][FAILED] - callTestCase: Unable to call Test Case with id 'Test Cases/Final Aug 2018 - PKS Automation/Registration Module/Workflow/Request SSN/Template/Request SSN  RO (Approve after Query)' (Root cause: Call Test Case 'Test Cases/Final Aug 2018 - PKS Automation/Registration Module/Workflow/Request SSN/Template/Request SSN  RO (Approve after Query)' failed)

2018-11-10 00:40:48 - [TEST_CASE][FAILED] - Test Cases/Final Aug 2018 - PKS Automation/Registration Module/Workflow/Request SSN/Template/Request SSN  RO (Approve after Query): Test Cases/Final Aug 2018 - PKS Automation/Registration Module/Workflow/Request SSN/Template/Request SSN  RO (Approve after Query) FAILED because (of) (Stack trace: com.kms.katalon.core.exception.StepFailedException: Unable to click on object 'Object Repository/Final Object Repo/Page_Request SSN - ASSIST/Document Type' (Root cause: org.openqa.selenium.ElementClickInterceptedException: Element <span class="select2-selection select2-selection--single"> is not clickable at point (482.4833221435547,188.86666870117188) because another element <div class="blockUI blockOverlay"> obscures it
Build info: version: '3.9.1', revision: '63f7b50', time: '2018-02-07T22:42:28.403Z'
System info: host: 'WEIZHENG', ip: '192.168.137.1', os.name: 'Windows 7', os.arch: 'amd64', os.version: '6.1', java.version: '1.8.0_181'
Driver info: com.kms.katalon.core.webui.driver.firefox.CGeckoDriver
Capabilities {acceptInsecureCerts: true, browserName: firefox, browserVersion: 63.0.1, javascriptEnabled: true, moz:accessibilityChecks: false, moz:geckodriverVersion: 0.23.0, moz:headless: false, moz:processID: 9144, moz:profile: C:\Users\Wei Zheng\AppData\..., moz:useNonSpecCompliantPointerOrigin: false, moz:webdriverClick: true, pageLoadStrategy: normal, platform: WINDOWS, platformName: WINDOWS, platformVersion: 6.1, proxy: Proxy(direct), rotatable: false, setWindowRect: true, timeouts: {implicit: 0, pageLoad: 300000, script: 30000}, unhandledPromptBehavior: dismiss and notify}
Session ID: 35d09e4d-4bf2-417f-ae50-0c46277b0222)
	at com.kms.katalon.core.keyword.internal.KeywordMain.stepFailed(KeywordMain.groovy:32)
	at com.kms.katalon.core.webui.keyword.internal.WebUIKeywordMain.stepFailed(WebUIKeywordMain.groovy:65)
	at com.kms.katalon.core.webui.keyword.internal.WebUIKeywordMain.runKeyword(WebUIKeywordMain.groovy:27)
	at com.kms.katalon.core.webui.keyword.builtin.ClickKeyword.click(ClickKeyword.groovy:86)
	at com.kms.katalon.core.webui.keyword.builtin.ClickKeyword.execute(ClickKeyword.groovy:67)
	at com.kms.katalon.core.keyword.internal.KeywordExecutor.executeKeywordForPlatform(KeywordExecutor.groovy:53)
	at com.kms.katalon.core.webui.keyword.WebUiBuiltInKeywords.click(WebUiBuiltInKeywords.groovy:616)
	at com.kms.katalon.core.webui.keyword.WebUiBuiltInKeywords$click$2.call(Unknown Source)
	at org.codehaus.groovy.runtime.callsite.CallSiteArray.defaultCall(CallSiteArray.java:48)
	at org.codehaus.groovy.runtime.callsite.AbstractCallSite.call(AbstractCallSite.java:113)
	at org.codehaus.groovy.runtime.callsite.AbstractCallSite.call(AbstractCallSite.java:125)
	at Script1537866257782.run(Script1537866257782.groovy:64)
	at com.kms.katalon.core.main.ScriptEngine.run(ScriptEngine.java:183)
	at com.kms.katalon.core.main.ScriptEngine.runScriptAsRawText(ScriptEngine.java:108)
	at com.kms.katalon.core.main.TestCaseExecutor.runScript(TestCaseExecutor.java:294)
	at com.kms.katalon.core.main.TestCaseExecutor.doExecute(TestCaseExecutor.java:285)
	at com.kms.katalon.core.main.TestCaseExecutor.processExecutionPhase(TestCaseExecutor.java:264)
	at com.kms.katalon.core.main.TestCaseExecutor.accessMainPhase(TestCaseExecutor.java:256)
	at com.kms.katalon.core.main.TestCaseExecutor.execute(TestCaseExecutor.java:200)
	at com.kms.katalon.core.main.TestCaseMain.runTestCase(TestCaseMain.java:99)
	at com.kms.katalon.core.keyword.builtin.CallTestCaseKeyword$_callTestCase_closure1.doCall(CallTestCaseKeyword.groovy:60)
	at com.kms.katalon.core.keyword.builtin.CallTestCaseKeyword$_callTestCase_closure1.call(CallTestCaseKeyword.groovy)
	at com.kms.katalon.core.keyword.internal.KeywordMain.runKeyword(KeywordMain.groovy:54)
	at com.kms.katalon.core.keyword.builtin.CallTestCaseKeyword.callTestCase(CallTestCaseKeyword.groovy:81)
	at com.kms.katalon.core.keyword.builtin.CallTestCaseKeyword.execute(CallTestCaseKeyword.groovy:45)
	at com.kms.katalon.core.keyword.internal.KeywordExecutor.executeKeywordForPlatform(KeywordExecutor.groovy:53)
	at com.kms.katalon.core.keyword.BuiltinKeywords.callTestCase(BuiltinKeywords.groovy:334)
	at sun.reflect.GeneratedMethodAccessor13.invoke(Unknown Source)
	at sun.reflect.DelegatingMethodAccessorImpl.invoke(DelegatingMethodAccessorImpl.java:43)
	at java.lang.reflect.Method.invoke(Method.java:498)
	at org.codehaus.groovy.reflection.CachedMethod.invoke(CachedMethod.java:93)
	at groovy.lang.MetaMethod.doMethodInvoke(MetaMethod.java:325)
	at groovy.lang.MetaClassImpl.invokeStaticMethod(MetaClassImpl.java:1469)
	at org.codehaus.groovy.runtime.callsite.StaticMetaClassSite.call(StaticMetaClassSite.java:53)
	at org.codehaus.groovy.runtime.callsite.CallSiteArray.defaultCall(CallSiteArray.java:48)
	at org.codehaus.groovy.runtime.callsite.AbstractCallSite.call(AbstractCallSite.java:113)
	at org.codehaus.groovy.runtime.callsite.AbstractCallSite.call(AbstractCallSite.java:141)
	at Script1537866031818.run(Script1537866031818.groovy:69)
	at com.kms.katalon.core.main.ScriptEngine.run(ScriptEngine.java:183)
	at com.kms.katalon.core.main.ScriptEngine.runScriptAsRawText(ScriptEngine.java:108)
	at com.kms.katalon.core.main.TestCaseExecutor.runScript(TestCaseExecutor.java:294)
	at com.kms.katalon.core.main.TestCaseExecutor.doExecute(TestCaseExecutor.java:285)
	at com.kms.katalon.core.main.TestCaseExecutor.processExecutionPhase(TestCaseExecutor.java:264)
	at com.kms.katalon.core.main.TestCaseExecutor.accessMainPhase(TestCaseExecutor.java:256)
	at com.kms.katalon.core.main.TestCaseExecutor.execute(TestCaseExecutor.java:200)
	at com.kms.katalon.core.main.TestCaseMain.runTestCase(TestCaseMain.java:99)
	at com.kms.katalon.core.keyword.builtin.CallTestCaseKeyword$_callTestCase_closure1.doCall(CallTestCaseKeyword.groovy:60)
	at com.kms.katalon.core.keyword.builtin.CallTestCaseKeyword$_callTestCase_closure1.call(CallTestCaseKeyword.groovy)
	at com.kms.katalon.core.keyword.internal.KeywordMain.runKeyword(KeywordMain.groovy:54)
	at com.kms.katalon.core.keyword.builtin.CallTestCaseKeyword.callTestCase(CallTestCaseKeyword.groovy:81)
	at com.kms.katalon.core.keyword.builtin.CallTestCaseKeyword.execute(CallTestCaseKeyword.groovy:45)
	at com.kms.katalon.core.keyword.internal.KeywordExecutor.executeKeywordForPlatform(KeywordExecutor.groovy:53)
	at com.kms.katalon.core.keyword.BuiltinKeywords.callTestCase(BuiltinKeywords.groovy:334)
	at sun.reflect.NativeMethodAccessorImpl.invoke0(Native Method)
	at sun.reflect.NativeMethodAccessorImpl.invoke(NativeMethodAccessorImpl.java:62)
	at sun.reflect.DelegatingMethodAccessorImpl.invoke(DelegatingMethodAccessorImpl.java:43)
	at java.lang.reflect.Method.invoke(Method.java:498)
	at org.codehaus.groovy.reflection.CachedMethod.invoke(CachedMethod.java:93)
	at groovy.lang.MetaMethod.doMethodInvoke(MetaMethod.java:325)
	at groovy.lang.MetaClassImpl.invokeStaticMethod(MetaClassImpl.java:1469)
	at org.codehaus.groovy.runtime.callsite.StaticMetaClassSite.call(StaticMetaClassSite.java:53)
	at org.codehaus.groovy.runtime.callsite.CallSiteArray.defaultCall(CallSiteArray.java:48)
	at org.codehaus.groovy.runtime.callsite.AbstractCallSite.call(AbstractCallSite.java:113)
	at org.codehaus.groovy.runtime.callsite.AbstractCallSite.call(AbstractCallSite.java:141)
	at Script1536300508592.run(Script1536300508592.groovy:24)
	at com.kms.katalon.core.main.ScriptEngine.run(ScriptEngine.java:183)
	at com.kms.katalon.core.main.ScriptEngine.runScriptAsRawText(ScriptEngine.java:108)
	at com.kms.katalon.core.main.TestCaseExecutor.runScript(TestCaseExecutor.java:294)
	at com.kms.katalon.core.main.TestCaseExecutor.doExecute(TestCaseExecutor.java:285)
	at com.kms.katalon.core.main.TestCaseExecutor.processExecutionPhase(TestCaseExecutor.java:264)
	at com.kms.katalon.core.main.TestCaseExecutor.accessMainPhase(TestCaseExecutor.java:256)
	at com.kms.katalon.core.main.TestCaseExecutor.execute(TestCaseExecutor.java:200)
	at com.kms.katalon.core.main.TestSuiteExecutor.accessTestCaseMainPhase(TestSuiteExecutor.java:129)
	at com.kms.katalon.core.main.TestSuiteExecutor.accessTestSuiteMainPhase(TestSuiteExecutor.java:112)
	at com.kms.katalon.core.main.TestSuiteExecutor.execute(TestSuiteExecutor.java:81)
	at com.kms.katalon.core.main.TestCaseMain.startTestSuite(TestCaseMain.java:142)
	at com.kms.katalon.core.main.TestCaseMain$startTestSuite$0.call(Unknown Source)
	at org.codehaus.groovy.runtime.callsite.CallSiteArray.defaultCall(CallSiteArray.java:48)
	at org.codehaus.groovy.runtime.callsite.AbstractCallSite.call(AbstractCallSite.java:113)
	at org.codehaus.groovy.runtime.callsite.AbstractCallSite.call(AbstractCallSite.java:141)
	at TempTestSuite1541781047348.run(TempTestSuite1541781047348.groovy:36)
	at groovy.lang.GroovyShell.runScriptOrMainOrTestOrRunnable(GroovyShell.java:263)
	at groovy.lang.GroovyShell.run(GroovyShell.java:518)
	at groovy.lang.GroovyShell.run(GroovyShell.java:507)
	at groovy.ui.GroovyMain.processOnce(GroovyMain.java:653)
	at groovy.ui.GroovyMain.run(GroovyMain.java:384)
	at groovy.ui.GroovyMain.process(GroovyMain.java:370)
	at groovy.ui.GroovyMain.processArgs(GroovyMain.java:129)
	at groovy.ui.GroovyMain.main(GroovyMain.java:109)
	at sun.reflect.NativeMethodAccessorImpl.invoke0(Native Method)
	at sun.reflect.NativeMethodAccessorImpl.invoke(NativeMethodAccessorImpl.java:62)
	at sun.reflect.DelegatingMethodAccessorImpl.invoke(DelegatingMethodAccessorImpl.java:43)
	at java.lang.reflect.Method.invoke(Method.java:498)
	at org.codehaus.groovy.tools.GroovyStarter.rootLoader(GroovyStarter.java:109)
	at org.codehaus.groovy.tools.GroovyStarter.main(GroovyStarter.java:131)
)

2018-11-10 00:40:48 - [TEST_STEP][PASSED] - openBrowser: Browser is opened with url: ''

2018-11-10 00:40:48 - [MESSAGE][WARNING] - A browser is already opened. Closing browser and opening a new one

2018-11-10 00:40:53 - [MESSAGE][PASSED] - Browser is opened with url: ''

2018-11-10 00:40:53 - [TEST_STEP][PASSED] - navigateToUrl: Navigate to 'https://assist2-uat.perkeso.gov.my/login' successfully

2018-11-10 00:40:55 - [MESSAGE][PASSED] - Navigate to 'https://assist2-uat.perkeso.gov.my/login' successfully

2018-11-10 00:40:55 - [TEST_STEP][PASSED] - setText: Text 'johorotc1@gmail.com' is set on object 'Object Repository/Final Object Repo/Login Page/Internal User/Email Address'

2018-11-10 00:40:55 - [MESSAGE][PASSED] - Text 'johorotc1@gmail.com' is set on object 'Object Repository/Final Object Repo/Login Page/Internal User/Email Address'

2018-11-10 00:40:55 - [TEST_STEP][PASSED] - click: Object: 'Object Repository/Final Object Repo/Login Page/Internal User/Next Button' is clicked on

2018-11-10 00:40:56 - [MESSAGE][PASSED] - Object: 'Object Repository/Final Object Repo/Login Page/Internal User/Next Button' is clicked on

2018-11-10 00:40:56 - [TEST_STEP][PASSED] - delay: Delayed 1 second(s)

2018-11-10 00:40:57 - [MESSAGE][PASSED] - Delayed 1 second(s)

2018-11-10 00:40:57 - [TEST_STEP][PASSED] - setEncryptedText: Text ****** has been set on object 'Object Repository/Final Object Repo/Login Page/Internal User/Password'

2018-11-10 00:40:57 - [MESSAGE][PASSED] - Text ****** has been set on object 'Object Repository/Final Object Repo/Login Page/Internal User/Password'

2018-11-10 00:40:57 - [TEST_STEP][PASSED] - click: Object: 'Object Repository/Final Object Repo/Login Page/Internal User/Login Button' is clicked on

2018-11-10 00:41:00 - [MESSAGE][PASSED] - Object: 'Object Repository/Final Object Repo/Login Page/Internal User/Login Button' is clicked on

2018-11-10 00:41:00 - [TEST_STEP][PASSED] - delay: Delayed 1 second(s)

2018-11-10 00:41:01 - [MESSAGE][PASSED] - Delayed 1 second(s)

2018-11-10 00:41:01 - [TEST_STEP][PASSED] - navigateToUrl: Navigate to 'https://assist2-uat.perkeso.gov.my/web/registration/search/search-pending-case-for-add-supporting-document' successfully

2018-11-10 00:41:02 - [MESSAGE][PASSED] - Navigate to 'https://assist2-uat.perkeso.gov.my/web/registration/search/search-pending-case-for-add-supporting-document' successfully

2018-11-10 00:41:02 - [TEST_STEP][PASSED] - click: Object: 'Object Repository/Final Object Repo/Page_Search Pending Case For Add Suporting Document/Search By' is clicked on

2018-11-10 00:41:02 - [MESSAGE][PASSED] - Object: 'Object Repository/Final Object Repo/Page_Search Pending Case For Add Suporting Document/Search By' is clicked on

2018-11-10 00:41:02 - [TEST_STEP][PASSED] - click: Object: 'Object Repository/Final Object Repo/Page_Search Pending Case For Add Suporting Document/Search By - Reference ID' is clicked on

2018-11-10 00:41:03 - [MESSAGE][PASSED] - Object: 'Object Repository/Final Object Repo/Page_Search Pending Case For Add Suporting Document/Search By - Reference ID' is clicked on

2018-11-10 00:41:03 - [TEST_STEP][PASSED] - delay: Delayed 2 second(s)

2018-11-10 00:41:05 - [MESSAGE][PASSED] - Delayed 2 second(s)

2018-11-10 00:41:05 - [TEST_STEP][PASSED] - setText: Text 'SSN11201800001121' is set on object 'Object Repository/Final Object Repo/Page_Search Pending Case For Add Suporting Document/Reference ID'

2018-11-10 00:41:05 - [MESSAGE][PASSED] - Text 'SSN11201800001121' is set on object 'Object Repository/Final Object Repo/Page_Search Pending Case For Add Suporting Document/Reference ID'

2018-11-10 00:41:05 - [TEST_STEP][PASSED] - click: Object: 'Object Repository/Final Object Repo/Page_Search Pending Case For Add Suporting Document/Search' is clicked on

2018-11-10 00:41:06 - [MESSAGE][PASSED] - Object: 'Object Repository/Final Object Repo/Page_Search Pending Case For Add Suporting Document/Search' is clicked on

2018-11-10 00:41:06 - [TEST_STEP][PASSED] - delay: Delayed 2 second(s)

2018-11-10 00:41:08 - [MESSAGE][PASSED] - Delayed 2 second(s)

2018-11-10 00:41:08 - [TEST_STEP][PASSED] - click: Object: 'Object Repository/Final Object Repo/Page_Search Pending Case For Add Suporting Document/Edit' is clicked on

2018-11-10 00:41:16 - [MESSAGE][PASSED] - Object: 'Object Repository/Final Object Repo/Page_Search Pending Case For Add Suporting Document/Edit' is clicked on

2018-11-10 00:41:16 - [TEST_STEP][PASSED] - delay: Delayed 2 second(s)

2018-11-10 00:41:18 - [MESSAGE][PASSED] - Delayed 2 second(s)

2018-11-10 00:41:18 - [TEST_STEP][PASSED] - click: Object: 'Object Repository/Final Object Repo/Page_Request SSN - ASSIST/Page_Request SSN - ASSIST - RO/Page_Request SSN - ASSIST (Query -OTC -RO)/Next' is clicked on

2018-11-10 00:41:22 - [MESSAGE][PASSED] - Object: 'Object Repository/Final Object Repo/Page_Request SSN - ASSIST/Page_Request SSN - ASSIST - RO/Page_Request SSN - ASSIST (Query -OTC -RO)/Next' is clicked on

2018-11-10 00:41:22 - [TEST_STEP][PASSED] - delay: Delayed 2 second(s)

2018-11-10 00:41:24 - [MESSAGE][PASSED] - Delayed 2 second(s)

2018-11-10 00:41:24 - [TEST_STEP][PASSED] - click: Object: 'Object Repository/Final Object Repo/Page_Request SSN - ASSIST/Add Document Button' is clicked on

2018-11-10 00:41:24 - [MESSAGE][PASSED] - Object: 'Object Repository/Final Object Repo/Page_Request SSN - ASSIST/Add Document Button' is clicked on

2018-11-10 00:41:24 - [TEST_STEP][PASSED] - delay: Delayed 2 second(s)

2018-11-10 00:41:26 - [MESSAGE][PASSED] - Delayed 2 second(s)

2018-11-10 00:41:26 - [TEST_STEP][FAILED] - click: Unable to click on object 'Object Repository/Final Object Repo/Page_Request SSN - ASSIST/Document Type' (Root cause: org.openqa.selenium.ElementClickInterceptedException: Element <span class="select2-selection select2-selection--single"> is not clickable at point (482.4833221435547,188.86666870117188) because another element <div class="blockUI blockOverlay"> obscures it
Build info: version: '3.9.1', revision: '63f7b50', time: '2018-02-07T22:42:28.403Z'
System info: host: 'WEIZHENG', ip: '192.168.137.1', os.name: 'Windows 7', os.arch: 'amd64', os.version: '6.1', java.version: '1.8.0_181'
Driver info: com.kms.katalon.core.webui.driver.firefox.CGeckoDriver
Capabilities {acceptInsecureCerts: true, browserName: firefox, browserVersion: 63.0.1, javascriptEnabled: true, moz:accessibilityChecks: false, moz:geckodriverVersion: 0.23.0, moz:headless: false, moz:processID: 9144, moz:profile: C:\Users\Wei Zheng\AppData\..., moz:useNonSpecCompliantPointerOrigin: false, moz:webdriverClick: true, pageLoadStrategy: normal, platform: WINDOWS, platformName: WINDOWS, platformVersion: 6.1, proxy: Proxy(direct), rotatable: false, setWindowRect: true, timeouts: {implicit: 0, pageLoad: 300000, script: 30000}, unhandledPromptBehavior: dismiss and notify}
Session ID: 35d09e4d-4bf2-417f-ae50-0c46277b0222)

2018-11-10 00:41:27 - [MESSAGE][FAILED] - Unable to click on object 'Object Repository/Final Object Repo/Page_Request SSN - ASSIST/Document Type' (Root cause: org.openqa.selenium.ElementClickInterceptedException: Element <span class="select2-selection select2-selection--single"> is not clickable at point (482.4833221435547,188.86666870117188) because another element <div class="blockUI blockOverlay"> obscures it
Build info: version: '3.9.1', revision: '63f7b50', time: '2018-02-07T22:42:28.403Z'
System info: host: 'WEIZHENG', ip: '192.168.137.1', os.name: 'Windows 7', os.arch: 'amd64', os.version: '6.1', java.version: '1.8.0_181'
Driver info: com.kms.katalon.core.webui.driver.firefox.CGeckoDriver
Capabilities {acceptInsecureCerts: true, browserName: firefox, browserVersion: 63.0.1, javascriptEnabled: true, moz:accessibilityChecks: false, moz:geckodriverVersion: 0.23.0, moz:headless: false, moz:processID: 9144, moz:profile: C:\Users\Wei Zheng\AppData\..., moz:useNonSpecCompliantPointerOrigin: false, moz:webdriverClick: true, pageLoadStrategy: normal, platform: WINDOWS, platformName: WINDOWS, platformVersion: 6.1, proxy: Proxy(direct), rotatable: false, setWindowRect: true, timeouts: {implicit: 0, pageLoad: 300000, script: 30000}, unhandledPromptBehavior: dismiss and notify}
Session ID: 35d09e4d-4bf2-417f-ae50-0c46277b0222)
[[ATTACHMENT|C:\\Users\\LENOVO\\Katalon Studio\\Perkeso Phase A\\Reports\\Workflow\\Request SSN\\20181110_003047\\1541781687295.png]]

2018-11-10 00:41:27 - [TEST_STEP][FAILED] - click: Unable to click on object 'Object Repository/Final Object Repo/Page_Request SSN - ASSIST/Document Type - Birth Certificate' (Root cause: com.kms.katalon.core.webui.exception.WebElementNotFoundException: Web element with id: 'Object Repository/Final Object Repo/Page_Request SSN - ASSIST/Document Type - Birth Certificate' located by 'By.xpath: //span[(text() = '


	Birth Certificate Applicant
' or . = '


	Birth Certificate Applicant
')]' not found)

2018-11-10 00:41:59 - [MESSAGE][FAILED] - Unable to click on object 'Object Repository/Final Object Repo/Page_Request SSN - ASSIST/Document Type - Birth Certificate' (Root cause: com.kms.katalon.core.webui.exception.WebElementNotFoundException: Web element with id: 'Object Repository/Final Object Repo/Page_Request SSN - ASSIST/Document Type - Birth Certificate' located by 'By.xpath: //span[(text() = '


	Birth Certificate Applicant
' or . = '


	Birth Certificate Applicant
')]' not found)
[[ATTACHMENT|C:\\Users\\LENOVO\\Katalon Studio\\Perkeso Phase A\\Reports\\Workflow\\Request SSN\\20181110_003047\\1541781719374.png]]

2018-11-10 00:41:59 - [TEST_STEP][PASSED] - sendKeys: Keys 'C:\Users\Public\Pictures\Sample Pictures\Act.jpg' sent to object: 'Object Repository/Final Object Repo/Page_Request SSN - ASSIST/Upload File'

2018-11-10 00:41:59 - [MESSAGE][PASSED] - Keys 'C:\Users\Public\Pictures\Sample Pictures\Act.jpg' sent to object: 'Object Repository/Final Object Repo/Page_Request SSN - ASSIST/Upload File'

2018-11-10 00:41:59 - [TEST_STEP][PASSED] - click: Object: 'Object Repository/Final Object Repo/Page_Request SSN - ASSIST/Add Document' is clicked on

2018-11-10 00:41:59 - [MESSAGE][PASSED] - Object: 'Object Repository/Final Object Repo/Page_Request SSN - ASSIST/Add Document' is clicked on

2018-11-10 00:41:59 - [TEST_STEP][PASSED] - delay: Delayed 2 second(s)

2018-11-10 00:42:01 - [MESSAGE][PASSED] - Delayed 2 second(s)

2018-11-10 00:42:01 - [TEST_STEP][FAILED] - click: Unable to click on object 'Object Repository/Final Object Repo/Page_Request SSN - ASSIST/Page_Request SSN - ASSIST - RO/Page_Request SSN - ASSIST (Query -OTC -RO)/Exit' (Root cause: org.openqa.selenium.ElementClickInterceptedException: Element <a id="_ssn_WAR_registrationportlet_exitBtnId" class="btn btn-lg blueBtn col-md-2 pull-right" href="https://assist2-uat.perkeso.gov.my/web/registration/search/search-pending-case-for-add-supporting-document?p_p_id=ssn&p_p_lifecycle=0&p_p_col_id=column-1&p_p_col_count=1"> is not clickable at point (1150.3749542236328,626.4500122070312) because another element <div id="yui_patched_v3_11_0_1_1541781681521_409" class="col-md-12"> obscures it
Build info: version: '3.9.1', revision: '63f7b50', time: '2018-02-07T22:42:28.403Z'
System info: host: 'WEIZHENG', ip: '192.168.137.1', os.name: 'Windows 7', os.arch: 'amd64', os.version: '6.1', java.version: '1.8.0_181'
Driver info: com.kms.katalon.core.webui.driver.firefox.CGeckoDriver
Capabilities {acceptInsecureCerts: true, browserName: firefox, browserVersion: 63.0.1, javascriptEnabled: true, moz:accessibilityChecks: false, moz:geckodriverVersion: 0.23.0, moz:headless: false, moz:processID: 9144, moz:profile: C:\Users\Wei Zheng\AppData\..., moz:useNonSpecCompliantPointerOrigin: false, moz:webdriverClick: true, pageLoadStrategy: normal, platform: WINDOWS, platformName: WINDOWS, platformVersion: 6.1, proxy: Proxy(direct), rotatable: false, setWindowRect: true, timeouts: {implicit: 0, pageLoad: 300000, script: 30000}, unhandledPromptBehavior: dismiss and notify}
Session ID: 35d09e4d-4bf2-417f-ae50-0c46277b0222)

2018-11-10 00:42:02 - [MESSAGE][FAILED] - Unable to click on object 'Object Repository/Final Object Repo/Page_Request SSN - ASSIST/Page_Request SSN - ASSIST - RO/Page_Request SSN - ASSIST (Query -OTC -RO)/Exit' (Root cause: org.openqa.selenium.ElementClickInterceptedException: Element <a id="_ssn_WAR_registrationportlet_exitBtnId" class="btn btn-lg blueBtn col-md-2 pull-right" href="https://assist2-uat.perkeso.gov.my/web/registration/search/search-pending-case-for-add-supporting-document?p_p_id=ssn&p_p_lifecycle=0&p_p_col_id=column-1&p_p_col_count=1"> is not clickable at point (1150.3749542236328,626.4500122070312) because another element <div id="yui_patched_v3_11_0_1_1541781681521_409" class="col-md-12"> obscures it
Build info: version: '3.9.1', revision: '63f7b50', time: '2018-02-07T22:42:28.403Z'
System info: host: 'WEIZHENG', ip: '192.168.137.1', os.name: 'Windows 7', os.arch: 'amd64', os.version: '6.1', java.version: '1.8.0_181'
Driver info: com.kms.katalon.core.webui.driver.firefox.CGeckoDriver
Capabilities {acceptInsecureCerts: true, browserName: firefox, browserVersion: 63.0.1, javascriptEnabled: true, moz:accessibilityChecks: false, moz:geckodriverVersion: 0.23.0, moz:headless: false, moz:processID: 9144, moz:profile: C:\Users\Wei Zheng\AppData\..., moz:useNonSpecCompliantPointerOrigin: false, moz:webdriverClick: true, pageLoadStrategy: normal, platform: WINDOWS, platformName: WINDOWS, platformVersion: 6.1, proxy: Proxy(direct), rotatable: false, setWindowRect: true, timeouts: {implicit: 0, pageLoad: 300000, script: 30000}, unhandledPromptBehavior: dismiss and notify}
Session ID: 35d09e4d-4bf2-417f-ae50-0c46277b0222)
[[ATTACHMENT|C:\\Users\\LENOVO\\Katalon Studio\\Perkeso Phase A\\Reports\\Workflow\\Request SSN\\20181110_003047\\1541781721930.png]]

2018-11-10 00:42:02 - [TEST_STEP][PASSED] - delay: Delayed 2 second(s)

2018-11-10 00:42:04 - [MESSAGE][PASSED] - Delayed 2 second(s)

2018-11-10 00:42:04 - [TEST_STEP][PASSED] - navigateToUrl: Navigate to 'https://assist2-uat.perkeso.gov.my/c/portal/logout' successfully

2018-11-10 00:42:05 - [MESSAGE][PASSED] - Navigate to 'https://assist2-uat.perkeso.gov.my/c/portal/logout' successfully

2018-11-10 00:42:05 - [TEST_STEP][PASSED] - delay: Delayed 2 second(s)

2018-11-10 00:42:07 - [MESSAGE][PASSED] - Delayed 2 second(s)

2018-11-10 00:42:07 - [TEST_STEP][PASSED] - callTestCase: null

2018-11-10 00:42:07 - [MESSAGE][FAILED] - Unable to call Test Case with id 'Test Cases/Final Aug 2018 - PKS Automation/Registration Module/Workflow/Request SSN/Template/Request SSN  RO (Approve after Query)' (Root cause: Call Test Case 'Test Cases/Final Aug 2018 - PKS Automation/Registration Module/Workflow/Request SSN/Template/Request SSN  RO (Approve after Query)' failed)

2018-11-10 00:42:07 - [MESSAGE][FAILED] - Unable to call Test Case with id 'Test Cases/Final Aug 2018 - PKS Automation/Registration Module/Workflow/Request SSN/Template/Request SSN RIO - RO (Query)' (Root cause: Call Test Case 'Test Cases/Final Aug 2018 - PKS Automation/Registration Module/Workflow/Request SSN/Template/Request SSN RIO - RO (Query)' failed)]]></system-out>
         <system-err><![CDATA[2018-11-10 00:34:33 - [TEST_CASE][FAILED] - Test Cases/Final Aug 2018 - PKS Automation/Registration Module/Workflow/Request SSN/OTC - RIO - RO (Query): Test Cases/Final Aug 2018 - PKS Automation/Registration Module/Workflow/Request SSN/OTC - RIO - RO (Query) FAILED because (of) (Stack trace: com.kms.katalon.core.exception.StepFailedException: Unable to click on object 'Object Repository/Final Object Repo/Page_Request SSN - ASSIST/Document Type' (Root cause: org.openqa.selenium.ElementClickInterceptedException: Element <span class="select2-selection select2-selection--single"> is not clickable at point (482.4833221435547,188.86666870117188) because another element <div class="blockUI blockOverlay"> obscures it
Build info: version: '3.9.1', revision: '63f7b50', time: '2018-02-07T22:42:28.403Z'
System info: host: 'WEIZHENG', ip: '192.168.137.1', os.name: 'Windows 7', os.arch: 'amd64', os.version: '6.1', java.version: '1.8.0_181'
Driver info: com.kms.katalon.core.webui.driver.firefox.CGeckoDriver
Capabilities {acceptInsecureCerts: true, browserName: firefox, browserVersion: 63.0.1, javascriptEnabled: true, moz:accessibilityChecks: false, moz:geckodriverVersion: 0.23.0, moz:headless: false, moz:processID: 9144, moz:profile: C:\Users\Wei Zheng\AppData\..., moz:useNonSpecCompliantPointerOrigin: false, moz:webdriverClick: true, pageLoadStrategy: normal, platform: WINDOWS, platformName: WINDOWS, platformVersion: 6.1, proxy: Proxy(direct), rotatable: false, setWindowRect: true, timeouts: {implicit: 0, pageLoad: 300000, script: 30000}, unhandledPromptBehavior: dismiss and notify}
Session ID: 35d09e4d-4bf2-417f-ae50-0c46277b0222)
	at com.kms.katalon.core.keyword.internal.KeywordMain.stepFailed(KeywordMain.groovy:32)
	at com.kms.katalon.core.webui.keyword.internal.WebUIKeywordMain.stepFailed(WebUIKeywordMain.groovy:65)
	at com.kms.katalon.core.webui.keyword.internal.WebUIKeywordMain.runKeyword(WebUIKeywordMain.groovy:27)
	at com.kms.katalon.core.webui.keyword.builtin.ClickKeyword.click(ClickKeyword.groovy:86)
	at com.kms.katalon.core.webui.keyword.builtin.ClickKeyword.execute(ClickKeyword.groovy:67)
	at com.kms.katalon.core.keyword.internal.KeywordExecutor.executeKeywordForPlatform(KeywordExecutor.groovy:53)
	at com.kms.katalon.core.webui.keyword.WebUiBuiltInKeywords.click(WebUiBuiltInKeywords.groovy:616)
	at com.kms.katalon.core.webui.keyword.WebUiBuiltInKeywords$click$2.call(Unknown Source)
	at org.codehaus.groovy.runtime.callsite.CallSiteArray.defaultCall(CallSiteArray.java:48)
	at org.codehaus.groovy.runtime.callsite.AbstractCallSite.call(AbstractCallSite.java:113)
	at org.codehaus.groovy.runtime.callsite.AbstractCallSite.call(AbstractCallSite.java:125)
	at Script1537866257782.run(Script1537866257782.groovy:64)
	at com.kms.katalon.core.main.ScriptEngine.run(ScriptEngine.java:183)
	at com.kms.katalon.core.main.ScriptEngine.runScriptAsRawText(ScriptEngine.java:108)
	at com.kms.katalon.core.main.TestCaseExecutor.runScript(TestCaseExecutor.java:294)
	at com.kms.katalon.core.main.TestCaseExecutor.doExecute(TestCaseExecutor.java:285)
	at com.kms.katalon.core.main.TestCaseExecutor.processExecutionPhase(TestCaseExecutor.java:264)
	at com.kms.katalon.core.main.TestCaseExecutor.accessMainPhase(TestCaseExecutor.java:256)
	at com.kms.katalon.core.main.TestCaseExecutor.execute(TestCaseExecutor.java:200)
	at com.kms.katalon.core.main.TestCaseMain.runTestCase(TestCaseMain.java:99)
	at com.kms.katalon.core.keyword.builtin.CallTestCaseKeyword$_callTestCase_closure1.doCall(CallTestCaseKeyword.groovy:60)
	at com.kms.katalon.core.keyword.builtin.CallTestCaseKeyword$_callTestCase_closure1.call(CallTestCaseKeyword.groovy)
	at com.kms.katalon.core.keyword.internal.KeywordMain.runKeyword(KeywordMain.groovy:54)
	at com.kms.katalon.core.keyword.builtin.CallTestCaseKeyword.callTestCase(CallTestCaseKeyword.groovy:81)
	at com.kms.katalon.core.keyword.builtin.CallTestCaseKeyword.execute(CallTestCaseKeyword.groovy:45)
	at com.kms.katalon.core.keyword.internal.KeywordExecutor.executeKeywordForPlatform(KeywordExecutor.groovy:53)
	at com.kms.katalon.core.keyword.BuiltinKeywords.callTestCase(BuiltinKeywords.groovy:334)
	at sun.reflect.GeneratedMethodAccessor13.invoke(Unknown Source)
	at sun.reflect.DelegatingMethodAccessorImpl.invoke(DelegatingMethodAccessorImpl.java:43)
	at java.lang.reflect.Method.invoke(Method.java:498)
	at org.codehaus.groovy.reflection.CachedMethod.invoke(CachedMethod.java:93)
	at groovy.lang.MetaMethod.doMethodInvoke(MetaMethod.java:325)
	at groovy.lang.MetaClassImpl.invokeStaticMethod(MetaClassImpl.java:1469)
	at org.codehaus.groovy.runtime.callsite.StaticMetaClassSite.call(StaticMetaClassSite.java:53)
	at org.codehaus.groovy.runtime.callsite.CallSiteArray.defaultCall(CallSiteArray.java:48)
	at org.codehaus.groovy.runtime.callsite.AbstractCallSite.call(AbstractCallSite.java:113)
	at org.codehaus.groovy.runtime.callsite.AbstractCallSite.call(AbstractCallSite.java:141)
	at Script1537866031818.run(Script1537866031818.groovy:69)
	at com.kms.katalon.core.main.ScriptEngine.run(ScriptEngine.java:183)
	at com.kms.katalon.core.main.ScriptEngine.runScriptAsRawText(ScriptEngine.java:108)
	at com.kms.katalon.core.main.TestCaseExecutor.runScript(TestCaseExecutor.java:294)
	at com.kms.katalon.core.main.TestCaseExecutor.doExecute(TestCaseExecutor.java:285)
	at com.kms.katalon.core.main.TestCaseExecutor.processExecutionPhase(TestCaseExecutor.java:264)
	at com.kms.katalon.core.main.TestCaseExecutor.accessMainPhase(TestCaseExecutor.java:256)
	at com.kms.katalon.core.main.TestCaseExecutor.execute(TestCaseExecutor.java:200)
	at com.kms.katalon.core.main.TestCaseMain.runTestCase(TestCaseMain.java:99)
	at com.kms.katalon.core.keyword.builtin.CallTestCaseKeyword$_callTestCase_closure1.doCall(CallTestCaseKeyword.groovy:60)
	at com.kms.katalon.core.keyword.builtin.CallTestCaseKeyword$_callTestCase_closure1.call(CallTestCaseKeyword.groovy)
	at com.kms.katalon.core.keyword.internal.KeywordMain.runKeyword(KeywordMain.groovy:54)
	at com.kms.katalon.core.keyword.builtin.CallTestCaseKeyword.callTestCase(CallTestCaseKeyword.groovy:81)
	at com.kms.katalon.core.keyword.builtin.CallTestCaseKeyword.execute(CallTestCaseKeyword.groovy:45)
	at com.kms.katalon.core.keyword.internal.KeywordExecutor.executeKeywordForPlatform(KeywordExecutor.groovy:53)
	at com.kms.katalon.core.keyword.BuiltinKeywords.callTestCase(BuiltinKeywords.groovy:334)
	at sun.reflect.NativeMethodAccessorImpl.invoke0(Native Method)
	at sun.reflect.NativeMethodAccessorImpl.invoke(NativeMethodAccessorImpl.java:62)
	at sun.reflect.DelegatingMethodAccessorImpl.invoke(DelegatingMethodAccessorImpl.java:43)
	at java.lang.reflect.Method.invoke(Method.java:498)
	at org.codehaus.groovy.reflection.CachedMethod.invoke(CachedMethod.java:93)
	at groovy.lang.MetaMethod.doMethodInvoke(MetaMethod.java:325)
	at groovy.lang.MetaClassImpl.invokeStaticMethod(MetaClassImpl.java:1469)
	at org.codehaus.groovy.runtime.callsite.StaticMetaClassSite.call(StaticMetaClassSite.java:53)
	at org.codehaus.groovy.runtime.callsite.CallSiteArray.defaultCall(CallSiteArray.java:48)
	at org.codehaus.groovy.runtime.callsite.AbstractCallSite.call(AbstractCallSite.java:113)
	at org.codehaus.groovy.runtime.callsite.AbstractCallSite.call(AbstractCallSite.java:141)
	at Script1536300508592.run(Script1536300508592.groovy:24)
	at com.kms.katalon.core.main.ScriptEngine.run(ScriptEngine.java:183)
	at com.kms.katalon.core.main.ScriptEngine.runScriptAsRawText(ScriptEngine.java:108)
	at com.kms.katalon.core.main.TestCaseExecutor.runScript(TestCaseExecutor.java:294)
	at com.kms.katalon.core.main.TestCaseExecutor.doExecute(TestCaseExecutor.java:285)
	at com.kms.katalon.core.main.TestCaseExecutor.processExecutionPhase(TestCaseExecutor.java:264)
	at com.kms.katalon.core.main.TestCaseExecutor.accessMainPhase(TestCaseExecutor.java:256)
	at com.kms.katalon.core.main.TestCaseExecutor.execute(TestCaseExecutor.java:200)
	at com.kms.katalon.core.main.TestSuiteExecutor.accessTestCaseMainPhase(TestSuiteExecutor.java:129)
	at com.kms.katalon.core.main.TestSuiteExecutor.accessTestSuiteMainPhase(TestSuiteExecutor.java:112)
	at com.kms.katalon.core.main.TestSuiteExecutor.execute(TestSuiteExecutor.java:81)
	at com.kms.katalon.core.main.TestCaseMain.startTestSuite(TestCaseMain.java:142)
	at com.kms.katalon.core.main.TestCaseMain$startTestSuite$0.call(Unknown Source)
	at org.codehaus.groovy.runtime.callsite.CallSiteArray.defaultCall(CallSiteArray.java:48)
	at org.codehaus.groovy.runtime.callsite.AbstractCallSite.call(AbstractCallSite.java:113)
	at org.codehaus.groovy.runtime.callsite.AbstractCallSite.call(AbstractCallSite.java:141)
	at TempTestSuite1541781047348.run(TempTestSuite1541781047348.groovy:36)
	at groovy.lang.GroovyShell.runScriptOrMainOrTestOrRunnable(GroovyShell.java:263)
	at groovy.lang.GroovyShell.run(GroovyShell.java:518)
	at groovy.lang.GroovyShell.run(GroovyShell.java:507)
	at groovy.ui.GroovyMain.processOnce(GroovyMain.java:653)
	at groovy.ui.GroovyMain.run(GroovyMain.java:384)
	at groovy.ui.GroovyMain.process(GroovyMain.java:370)
	at groovy.ui.GroovyMain.processArgs(GroovyMain.java:129)
	at groovy.ui.GroovyMain.main(GroovyMain.java:109)
	at sun.reflect.NativeMethodAccessorImpl.invoke0(Native Method)
	at sun.reflect.NativeMethodAccessorImpl.invoke(NativeMethodAccessorImpl.java:62)
	at sun.reflect.DelegatingMethodAccessorImpl.invoke(DelegatingMethodAccessorImpl.java:43)
	at java.lang.reflect.Method.invoke(Method.java:498)
	at org.codehaus.groovy.tools.GroovyStarter.rootLoader(GroovyStarter.java:109)
	at org.codehaus.groovy.tools.GroovyStarter.main(GroovyStarter.java:131)
)]]></system-err>
      </testcase>
      <testcase name="Test Cases/Final Aug 2018 - PKS Automation/Registration Module/Workflow/Request SSN/OTC - RIO - RO (Under enforcement)" classname="Test Cases/Final Aug 2018 - PKS Automation/Registration Module/Workflow/Request SSN/OTC - RIO - RO (Under enforcement)" status="PASSED">
         <system-out><![CDATA[2018-11-10 00:42:07 - [TEST_CASE][PASSED] - Test Cases/Final Aug 2018 - PKS Automation/Registration Module/Workflow/Request SSN/OTC - RIO - RO (Under enforcement): Test Cases/Final Aug 2018 - PKS Automation/Registration Module/Workflow/Request SSN/OTC - RIO - RO (Under enforcement)

2018-11-10 00:42:07 - [TEST_STEP][PASSED] - callTestCase: Call Test Case 'Test Cases/Final Aug 2018 - PKS Automation/Registration Module/Workflow/Request SSN/Template/Request SSN - OTC' successfully

2018-11-10 00:42:07 - [TEST_CASE][PASSED] - Test Cases/Final Aug 2018 - PKS Automation/Registration Module/Workflow/Request SSN/Template/Request SSN - OTC: Test Cases/Final Aug 2018 - PKS Automation/Registration Module/Workflow/Request SSN/Template/Request SSN - OTC

2018-11-10 00:42:07 - [TEST_STEP][PASSED] - openBrowser: Browser is opened with url: ''

2018-11-10 00:42:07 - [MESSAGE][WARNING] - A browser is already opened. Closing browser and opening a new one

2018-11-10 00:42:12 - [MESSAGE][PASSED] - Browser is opened with url: ''

2018-11-10 00:42:12 - [TEST_STEP][PASSED] - navigateToUrl: Navigate to 'https://assist2-uat.perkeso.gov.my/login' successfully

2018-11-10 00:42:14 - [MESSAGE][PASSED] - Navigate to 'https://assist2-uat.perkeso.gov.my/login' successfully

2018-11-10 00:42:14 - [TEST_STEP][PASSED] - setText: Text 'johorotc1@gmail.com' is set on object 'Object Repository/Final Object Repo/Login Page/Internal User/Email Address'

2018-11-10 00:42:14 - [MESSAGE][PASSED] - Text 'johorotc1@gmail.com' is set on object 'Object Repository/Final Object Repo/Login Page/Internal User/Email Address'

2018-11-10 00:42:14 - [TEST_STEP][PASSED] - click: Object: 'Object Repository/Final Object Repo/Login Page/Internal User/Next Button' is clicked on

2018-11-10 00:42:14 - [MESSAGE][PASSED] - Object: 'Object Repository/Final Object Repo/Login Page/Internal User/Next Button' is clicked on

2018-11-10 00:42:14 - [TEST_STEP][PASSED] - delay: Delayed 1 second(s)

2018-11-10 00:42:15 - [MESSAGE][PASSED] - Delayed 1 second(s)

2018-11-10 00:42:15 - [TEST_STEP][PASSED] - setEncryptedText: Text ****** has been set on object 'Object Repository/Final Object Repo/Login Page/Internal User/Password'

2018-11-10 00:42:15 - [MESSAGE][PASSED] - Text ****** has been set on object 'Object Repository/Final Object Repo/Login Page/Internal User/Password'

2018-11-10 00:42:15 - [TEST_STEP][PASSED] - click: Object: 'Object Repository/Final Object Repo/Login Page/Internal User/Login Button' is clicked on

2018-11-10 00:42:18 - [MESSAGE][PASSED] - Object: 'Object Repository/Final Object Repo/Login Page/Internal User/Login Button' is clicked on

2018-11-10 00:42:18 - [TEST_STEP][PASSED] - delay: Delayed 1 second(s)

2018-11-10 00:42:19 - [MESSAGE][PASSED] - Delayed 1 second(s)

2018-11-10 00:42:19 - [TEST_STEP][PASSED] - navigateToUrl: Navigate to 'https://assist2-uat.perkeso.gov.my/web/registration/request-ssn' successfully

2018-11-10 00:42:24 - [MESSAGE][PASSED] - Navigate to 'https://assist2-uat.perkeso.gov.my/web/registration/request-ssn' successfully

2018-11-10 00:42:24 - [TEST_STEP][PASSED] - setText: Text 'perkeso' is set on object 'Object Repository/Final Object Repo/Page_Request SSN - ASSIST/AI - Name'

2018-11-10 00:42:24 - [MESSAGE][PASSED] - Text 'perkeso' is set on object 'Object Repository/Final Object Repo/Page_Request SSN - ASSIST/AI - Name'

2018-11-10 00:42:24 - [TEST_STEP][PASSED] - click: Object: 'Object Repository/Final Object Repo/Page_Request SSN - ASSIST/AI - DOB' is clicked on

2018-11-10 00:42:25 - [MESSAGE][PASSED] - Object: 'Object Repository/Final Object Repo/Page_Request SSN - ASSIST/AI - DOB' is clicked on

2018-11-10 00:42:25 - [TEST_STEP][PASSED] - selectOptionByValue: All options with value '1995' are selected in object 'Object Repository/Final Object Repo/Page_Request SSN - ASSIST/AI - DOB - Year' 

2018-11-10 00:42:26 - [MESSAGE][PASSED] - All options with value '1995' are selected in object 'Object Repository/Final Object Repo/Page_Request SSN - ASSIST/AI - DOB - Year' 

2018-11-10 00:42:26 - [TEST_STEP][PASSED] - delay: Delayed 3 second(s)

2018-11-10 00:42:29 - [MESSAGE][PASSED] - Delayed 3 second(s)

2018-11-10 00:42:29 - [TEST_STEP][PASSED] - doubleClick: Object: 'Object Repository/Final Object Repo/Page_Request SSN - ASSIST/AI - DOB - Year - Date' is double clicked on

2018-11-10 00:42:29 - [MESSAGE][PASSED] - Object: 'Object Repository/Final Object Repo/Page_Request SSN - ASSIST/AI - DOB - Year - Date' is double clicked on

2018-11-10 00:42:29 - [TEST_STEP][PASSED] - click: Object: 'Object Repository/Final Object Repo/Page_Request SSN - ASSIST/AI - Male' is clicked on

2018-11-10 00:42:29 - [MESSAGE][PASSED] - Object: 'Object Repository/Final Object Repo/Page_Request SSN - ASSIST/AI - Male' is clicked on

2018-11-10 00:42:29 - [TEST_STEP][PASSED] - click: Object: 'Object Repository/Final Object Repo/Page_Request SSN - ASSIST/AI- Race' is clicked on

2018-11-10 00:42:30 - [MESSAGE][PASSED] - Object: 'Object Repository/Final Object Repo/Page_Request SSN - ASSIST/AI- Race' is clicked on

2018-11-10 00:42:30 - [TEST_STEP][PASSED] - click: Object: 'Object Repository/Final Object Repo/Page_Request SSN - ASSIST/AI - Race - Melayu' is clicked on

2018-11-10 00:42:31 - [MESSAGE][PASSED] - Object: 'Object Repository/Final Object Repo/Page_Request SSN - ASSIST/AI - Race - Melayu' is clicked on

2018-11-10 00:42:31 - [TEST_STEP][PASSED] - click: Object: 'Object Repository/Final Object Repo/Page_Request SSN - ASSIST/AI - Religion' is clicked on

2018-11-10 00:42:31 - [MESSAGE][PASSED] - Object: 'Object Repository/Final Object Repo/Page_Request SSN - ASSIST/AI - Religion' is clicked on

2018-11-10 00:42:31 - [TEST_STEP][PASSED] - click: Object: 'Object Repository/Final Object Repo/Page_Request SSN - ASSIST/AI - Religion - Islam' is clicked on

2018-11-10 00:42:32 - [MESSAGE][PASSED] - Object: 'Object Repository/Final Object Repo/Page_Request SSN - ASSIST/AI - Religion - Islam' is clicked on

2018-11-10 00:42:32 - [TEST_STEP][PASSED] - setText: Text '12345' is set on object 'Object Repository/Final Object Repo/Page_Request SSN - ASSIST/AI - Birth Certificate'

2018-11-10 00:42:32 - [MESSAGE][PASSED] - Text '12345' is set on object 'Object Repository/Final Object Repo/Page_Request SSN - ASSIST/AI - Birth Certificate'

2018-11-10 00:42:32 - [TEST_STEP][PASSED] - click: Object: 'Object Repository/Final Object Repo/Page_Request SSN - ASSIST/AI - Nationality' is clicked on

2018-11-10 00:42:33 - [MESSAGE][PASSED] - Object: 'Object Repository/Final Object Repo/Page_Request SSN - ASSIST/AI - Nationality' is clicked on

2018-11-10 00:42:33 - [TEST_STEP][PASSED] - click: Object: 'Object Repository/Final Object Repo/Page_Request SSN - ASSIST/AI - Nationality - Afghanistan' is clicked on

2018-11-10 00:42:34 - [MESSAGE][PASSED] - Object: 'Object Repository/Final Object Repo/Page_Request SSN - ASSIST/AI - Nationality - Afghanistan' is clicked on

2018-11-10 00:42:34 - [TEST_STEP][PASSED] - setText: Text 'PERKESO ADDRESS1' is set on object 'Object Repository/Final Object Repo/Page_Request SSN - ASSIST/AI - Address1'

2018-11-10 00:42:34 - [MESSAGE][PASSED] - Text 'PERKESO ADDRESS1' is set on object 'Object Repository/Final Object Repo/Page_Request SSN - ASSIST/AI - Address1'

2018-11-10 00:42:34 - [TEST_STEP][PASSED] - setText: Text 'PERKESO ADDRESS2' is set on object 'Object Repository/Final Object Repo/Page_Request SSN - ASSIST/AI - Address2'

2018-11-10 00:42:35 - [MESSAGE][PASSED] - Text 'PERKESO ADDRESS2' is set on object 'Object Repository/Final Object Repo/Page_Request SSN - ASSIST/AI - Address2'

2018-11-10 00:42:35 - [TEST_STEP][PASSED] - setText: Text 'PERKESO ADDRESS3' is set on object 'Object Repository/Final Object Repo/Page_Request SSN - ASSIST/AI - Address3'

2018-11-10 00:42:35 - [MESSAGE][PASSED] - Text 'PERKESO ADDRESS3' is set on object 'Object Repository/Final Object Repo/Page_Request SSN - ASSIST/AI - Address3'

2018-11-10 00:42:35 - [TEST_STEP][PASSED] - click: Object: 'Object Repository/Final Object Repo/Page_Request SSN - ASSIST/AI - State' is clicked on

2018-11-10 00:42:35 - [MESSAGE][PASSED] - Object: 'Object Repository/Final Object Repo/Page_Request SSN - ASSIST/AI - State' is clicked on

2018-11-10 00:42:35 - [TEST_STEP][PASSED] - click: Object: 'Object Repository/Final Object Repo/Page_Request SSN - ASSIST/AI - Current Employer State - Johor' is clicked on

2018-11-10 00:42:36 - [MESSAGE][PASSED] - Object: 'Object Repository/Final Object Repo/Page_Request SSN - ASSIST/AI - Current Employer State - Johor' is clicked on

2018-11-10 00:42:36 - [TEST_STEP][PASSED] - click: Object: 'Object Repository/Final Object Repo/Page_Request SSN - ASSIST/AI - City' is clicked on

2018-11-10 00:42:37 - [MESSAGE][PASSED] - Object: 'Object Repository/Final Object Repo/Page_Request SSN - ASSIST/AI - City' is clicked on

2018-11-10 00:42:37 - [TEST_STEP][PASSED] - setText: Text 'JOH' is set on object 'Object Repository/Final Object Repo/Page_Request SSN - ASSIST/AI - City - JOH'

2018-11-10 00:42:37 - [MESSAGE][PASSED] - Text 'JOH' is set on object 'Object Repository/Final Object Repo/Page_Request SSN - ASSIST/AI - City - JOH'

2018-11-10 00:42:37 - [TEST_STEP][PASSED] - delay: Delayed 3 second(s)

2018-11-10 00:42:40 - [MESSAGE][PASSED] - Delayed 3 second(s)

2018-11-10 00:42:40 - [TEST_STEP][PASSED] - click: Object: 'Object Repository/Final Object Repo/Page_Request SSN - ASSIST/AI - City - Johor Bharu' is clicked on

2018-11-10 00:42:41 - [MESSAGE][PASSED] - Object: 'Object Repository/Final Object Repo/Page_Request SSN - ASSIST/AI - City - Johor Bharu' is clicked on

2018-11-10 00:42:41 - [TEST_STEP][PASSED] - click: Object: 'Object Repository/Final Object Repo/Page_Request SSN - ASSIST/AI - Post Code' is clicked on

2018-11-10 00:42:41 - [MESSAGE][PASSED] - Object: 'Object Repository/Final Object Repo/Page_Request SSN - ASSIST/AI - Post Code' is clicked on

2018-11-10 00:42:41 - [TEST_STEP][PASSED] - setText: Text '810' is set on object 'Object Repository/Final Object Repo/Page_Request SSN - ASSIST/AI - City - JOH'

2018-11-10 00:42:41 - [MESSAGE][PASSED] - Text '810' is set on object 'Object Repository/Final Object Repo/Page_Request SSN - ASSIST/AI - City - JOH'

2018-11-10 00:42:41 - [TEST_STEP][PASSED] - delay: Delayed 3 second(s)

2018-11-10 00:42:44 - [MESSAGE][PASSED] - Delayed 3 second(s)

2018-11-10 00:42:44 - [TEST_STEP][PASSED] - click: Object: 'Object Repository/Final Object Repo/Page_Request SSN - ASSIST/AI - PostCode - 81000' is clicked on

2018-11-10 00:42:45 - [MESSAGE][PASSED] - Object: 'Object Repository/Final Object Repo/Page_Request SSN - ASSIST/AI - PostCode - 81000' is clicked on

2018-11-10 00:42:45 - [TEST_STEP][PASSED] - setText: Text '100' is set on object 'Object Repository/Final Object Repo/Page_Request SSN - ASSIST/P.O.BOX'

2018-11-10 00:42:45 - [MESSAGE][PASSED] - Text '100' is set on object 'Object Repository/Final Object Repo/Page_Request SSN - ASSIST/P.O.BOX'

2018-11-10 00:42:45 - [TEST_STEP][PASSED] - setText: Text '100' is set on object 'Object Repository/Final Object Repo/Page_Request SSN - ASSIST/Locked Bag No'

2018-11-10 00:42:46 - [MESSAGE][PASSED] - Text '100' is set on object 'Object Repository/Final Object Repo/Page_Request SSN - ASSIST/Locked Bag No'

2018-11-10 00:42:46 - [TEST_STEP][PASSED] - delay: Delayed 2 second(s)

2018-11-10 00:42:48 - [MESSAGE][PASSED] - Delayed 2 second(s)

2018-11-10 00:42:48 - [TEST_STEP][PASSED] - setText: Text '123456789' is set on object 'Object Repository/Final Object Repo/Page_Request SSN - ASSIST/AI - Telephone No'

2018-11-10 00:42:48 - [MESSAGE][PASSED] - Text '123456789' is set on object 'Object Repository/Final Object Repo/Page_Request SSN - ASSIST/AI - Telephone No'

2018-11-10 00:42:48 - [TEST_STEP][PASSED] - click: Object: 'Object Repository/Final Object Repo/Page_Request SSN - ASSIST/AI - Occupation' is clicked on

2018-11-10 00:42:49 - [MESSAGE][PASSED] - Object: 'Object Repository/Final Object Repo/Page_Request SSN - ASSIST/AI - Occupation' is clicked on

2018-11-10 00:42:49 - [TEST_STEP][PASSED] - click: Object: 'Object Repository/Final Object Repo/Page_Request SSN - ASSIST/AI - Occupation - NUMERICAL AND MATERIAL R' is clicked on

2018-11-10 00:42:49 - [MESSAGE][PASSED] - Object: 'Object Repository/Final Object Repo/Page_Request SSN - ASSIST/AI - Occupation - NUMERICAL AND MATERIAL R' is clicked on

2018-11-10 00:42:49 - [TEST_STEP][PASSED] - delay: Delayed 2 second(s)

2018-11-10 00:42:51 - [MESSAGE][PASSED] - Delayed 2 second(s)

2018-11-10 00:42:51 - [TEST_STEP][PASSED] - click: Object: 'Object Repository/Final Object Repo/Page_Request SSN - ASSIST/AI - Sub Occupation' is clicked on

2018-11-10 00:42:52 - [MESSAGE][PASSED] - Object: 'Object Repository/Final Object Repo/Page_Request SSN - ASSIST/AI - Sub Occupation' is clicked on

2018-11-10 00:42:52 - [TEST_STEP][PASSED] - click: Object: 'Object Repository/Final Object Repo/Page_Request SSN - ASSIST/AI - Sub Occupation - Stock Clerks' is clicked on

2018-11-10 00:42:53 - [MESSAGE][PASSED] - Object: 'Object Repository/Final Object Repo/Page_Request SSN - ASSIST/AI - Sub Occupation - Stock Clerks' is clicked on

2018-11-10 00:42:53 - [TEST_STEP][PASSED] - delay: Delayed 2 second(s)

2018-11-10 00:42:55 - [MESSAGE][PASSED] - Delayed 2 second(s)

2018-11-10 00:42:55 - [TEST_STEP][PASSED] - click: Object: 'Object Repository/Final Object Repo/Page_Request SSN - ASSIST/AI - Sub Occupation List' is clicked on

2018-11-10 00:42:55 - [MESSAGE][PASSED] - Object: 'Object Repository/Final Object Repo/Page_Request SSN - ASSIST/AI - Sub Occupation List' is clicked on

2018-11-10 00:42:55 - [TEST_STEP][PASSED] - click: Object: 'Object Repository/Final Object Repo/Page_Request SSN - ASSIST/AI - Sub Occupation List - Clerk raw material' is clicked on

2018-11-10 00:42:56 - [MESSAGE][PASSED] - Object: 'Object Repository/Final Object Repo/Page_Request SSN - ASSIST/AI - Sub Occupation List - Clerk raw material' is clicked on

2018-11-10 00:42:56 - [TEST_STEP][PASSED] - click: Object: 'Object Repository/Final Object Repo/Page_Request SSN - ASSIST/AI - Employment Start Date' is clicked on

2018-11-10 00:42:57 - [MESSAGE][PASSED] - Object: 'Object Repository/Final Object Repo/Page_Request SSN - ASSIST/AI - Employment Start Date' is clicked on

2018-11-10 00:42:57 - [TEST_STEP][PASSED] - click: Object: 'Object Repository/Final Object Repo/Page_Request SSN - ASSIST/AI - DOB - Year - Date' is clicked on

2018-11-10 00:42:57 - [MESSAGE][PASSED] - Object: 'Object Repository/Final Object Repo/Page_Request SSN - ASSIST/AI - DOB - Year - Date' is clicked on

2018-11-10 00:42:57 - [TEST_STEP][PASSED] - setText: Text 'perkeso' is set on object 'Object Repository/Final Object Repo/Page_Request SSN - ASSIST/AI - Current Employer Name'

2018-11-10 00:42:57 - [MESSAGE][PASSED] - Text 'perkeso' is set on object 'Object Repository/Final Object Repo/Page_Request SSN - ASSIST/AI - Current Employer Name'

2018-11-10 00:42:57 - [TEST_STEP][PASSED] - setText: Text 'perkeso1' is set on object 'Object Repository/Final Object Repo/Page_Request SSN - ASSIST/AI - Current Employer Address1'

2018-11-10 00:42:58 - [MESSAGE][PASSED] - Text 'perkeso1' is set on object 'Object Repository/Final Object Repo/Page_Request SSN - ASSIST/AI - Current Employer Address1'

2018-11-10 00:42:58 - [TEST_STEP][PASSED] - setText: Text 'perkeso2' is set on object 'Object Repository/Final Object Repo/Page_Request SSN - ASSIST/AI - Current Employer Address2'

2018-11-10 00:42:58 - [MESSAGE][PASSED] - Text 'perkeso2' is set on object 'Object Repository/Final Object Repo/Page_Request SSN - ASSIST/AI - Current Employer Address2'

2018-11-10 00:42:58 - [TEST_STEP][PASSED] - setText: Text 'perkeso3' is set on object 'Object Repository/Final Object Repo/Page_Request SSN - ASSIST/AI - Current Employer Address3'

2018-11-10 00:42:58 - [MESSAGE][PASSED] - Text 'perkeso3' is set on object 'Object Repository/Final Object Repo/Page_Request SSN - ASSIST/AI - Current Employer Address3'

2018-11-10 00:42:58 - [TEST_STEP][PASSED] - click: Object: 'Object Repository/Final Object Repo/Page_Request SSN - ASSIST/AI - Current Employer State' is clicked on

2018-11-10 00:42:59 - [MESSAGE][PASSED] - Object: 'Object Repository/Final Object Repo/Page_Request SSN - ASSIST/AI - Current Employer State' is clicked on

2018-11-10 00:42:59 - [TEST_STEP][PASSED] - click: Object: 'Object Repository/Final Object Repo/Page_Request SSN - ASSIST/AI - Current Employer State - Johor 1' is clicked on

2018-11-10 00:43:00 - [MESSAGE][PASSED] - Object: 'Object Repository/Final Object Repo/Page_Request SSN - ASSIST/AI - Current Employer State - Johor 1' is clicked on

2018-11-10 00:43:00 - [TEST_STEP][PASSED] - click: Object: 'Object Repository/Final Object Repo/Page_Request SSN - ASSIST/AI - Current Employer City' is clicked on

2018-11-10 00:43:00 - [MESSAGE][PASSED] - Object: 'Object Repository/Final Object Repo/Page_Request SSN - ASSIST/AI - Current Employer City' is clicked on

2018-11-10 00:43:00 - [TEST_STEP][PASSED] - setText: Text 'joh' is set on object 'Object Repository/Final Object Repo/Page_Request SSN - ASSIST/AI - City - JOH'

2018-11-10 00:43:00 - [MESSAGE][PASSED] - Text 'joh' is set on object 'Object Repository/Final Object Repo/Page_Request SSN - ASSIST/AI - City - JOH'

2018-11-10 00:43:00 - [TEST_STEP][PASSED] - delay: Delayed 2 second(s)

2018-11-10 00:43:02 - [MESSAGE][PASSED] - Delayed 2 second(s)

2018-11-10 00:43:02 - [TEST_STEP][PASSED] - click: Object: 'Object Repository/Final Object Repo/Page_Request SSN - ASSIST/AI - City - Johor Bharu' is clicked on

2018-11-10 00:43:03 - [MESSAGE][PASSED] - Object: 'Object Repository/Final Object Repo/Page_Request SSN - ASSIST/AI - City - Johor Bharu' is clicked on

2018-11-10 00:43:03 - [TEST_STEP][PASSED] - click: Object: 'Object Repository/Final Object Repo/Page_Request SSN - ASSIST/AI - Current Employer Postcode' is clicked on

2018-11-10 00:43:04 - [MESSAGE][PASSED] - Object: 'Object Repository/Final Object Repo/Page_Request SSN - ASSIST/AI - Current Employer Postcode' is clicked on

2018-11-10 00:43:04 - [TEST_STEP][PASSED] - setText: Text '810' is set on object 'Object Repository/Final Object Repo/Page_Request SSN - ASSIST/AI - City - JOH'

2018-11-10 00:43:04 - [MESSAGE][PASSED] - Text '810' is set on object 'Object Repository/Final Object Repo/Page_Request SSN - ASSIST/AI - City - JOH'

2018-11-10 00:43:04 - [TEST_STEP][PASSED] - delay: Delayed 2 second(s)

2018-11-10 00:43:06 - [MESSAGE][PASSED] - Delayed 2 second(s)

2018-11-10 00:43:06 - [TEST_STEP][PASSED] - click: Object: 'Object Repository/Final Object Repo/Page_Request SSN - ASSIST/AI - PostCode - 81000' is clicked on

2018-11-10 00:43:06 - [MESSAGE][PASSED] - Object: 'Object Repository/Final Object Repo/Page_Request SSN - ASSIST/AI - PostCode - 81000' is clicked on

2018-11-10 00:43:06 - [TEST_STEP][NOT_RUN] - setText: NOT_RUN: setText

2018-11-10 00:43:06 - [MESSAGE][NOT_RUN] - NOT_RUN: setText

2018-11-10 00:43:06 - [TEST_STEP][NOT_RUN] - setText: NOT_RUN: setText

2018-11-10 00:43:06 - [MESSAGE][NOT_RUN] - NOT_RUN: setText

2018-11-10 00:43:06 - [TEST_STEP][NOT_RUN] - click: NOT_RUN: click

2018-11-10 00:43:06 - [MESSAGE][NOT_RUN] - NOT_RUN: click

2018-11-10 00:43:06 - [TEST_STEP][NOT_RUN] - click: NOT_RUN: click

2018-11-10 00:43:06 - [MESSAGE][NOT_RUN] - NOT_RUN: click

2018-11-10 00:43:06 - [TEST_STEP][NOT_RUN] - setText: NOT_RUN: setText

2018-11-10 00:43:06 - [MESSAGE][NOT_RUN] - NOT_RUN: setText

2018-11-10 00:43:06 - [TEST_STEP][NOT_RUN] - click: NOT_RUN: click

2018-11-10 00:43:06 - [MESSAGE][NOT_RUN] - NOT_RUN: click

2018-11-10 00:43:06 - [TEST_STEP][NOT_RUN] - click: NOT_RUN: click

2018-11-10 00:43:06 - [MESSAGE][NOT_RUN] - NOT_RUN: click

2018-11-10 00:43:06 - [TEST_STEP][NOT_RUN] - click: NOT_RUN: click

2018-11-10 00:43:06 - [MESSAGE][NOT_RUN] - NOT_RUN: click

2018-11-10 00:43:06 - [TEST_STEP][NOT_RUN] - click: NOT_RUN: click

2018-11-10 00:43:06 - [MESSAGE][NOT_RUN] - NOT_RUN: click

2018-11-10 00:43:06 - [TEST_STEP][NOT_RUN] - click: NOT_RUN: click

2018-11-10 00:43:06 - [MESSAGE][NOT_RUN] - NOT_RUN: click

2018-11-10 00:43:06 - [TEST_STEP][NOT_RUN] - click: NOT_RUN: click

2018-11-10 00:43:06 - [MESSAGE][NOT_RUN] - NOT_RUN: click

2018-11-10 00:43:06 - [TEST_STEP][NOT_RUN] - setText: NOT_RUN: setText

2018-11-10 00:43:06 - [MESSAGE][NOT_RUN] - NOT_RUN: setText

2018-11-10 00:43:06 - [TEST_STEP][NOT_RUN] - setText: NOT_RUN: setText

2018-11-10 00:43:06 - [MESSAGE][NOT_RUN] - NOT_RUN: setText

2018-11-10 00:43:06 - [TEST_STEP][NOT_RUN] - setText: NOT_RUN: setText

2018-11-10 00:43:06 - [MESSAGE][NOT_RUN] - NOT_RUN: setText

2018-11-10 00:43:06 - [TEST_STEP][NOT_RUN] - click: NOT_RUN: click

2018-11-10 00:43:06 - [MESSAGE][NOT_RUN] - NOT_RUN: click

2018-11-10 00:43:06 - [TEST_STEP][NOT_RUN] - click: NOT_RUN: click

2018-11-10 00:43:06 - [MESSAGE][NOT_RUN] - NOT_RUN: click

2018-11-10 00:43:06 - [TEST_STEP][NOT_RUN] - click: NOT_RUN: click

2018-11-10 00:43:06 - [MESSAGE][NOT_RUN] - NOT_RUN: click

2018-11-10 00:43:06 - [TEST_STEP][NOT_RUN] - setText: NOT_RUN: setText

2018-11-10 00:43:06 - [MESSAGE][NOT_RUN] - NOT_RUN: setText

2018-11-10 00:43:06 - [TEST_STEP][NOT_RUN] - delay: NOT_RUN: delay

2018-11-10 00:43:06 - [MESSAGE][NOT_RUN] - NOT_RUN: delay

2018-11-10 00:43:06 - [TEST_STEP][NOT_RUN] - click: NOT_RUN: click

2018-11-10 00:43:06 - [MESSAGE][NOT_RUN] - NOT_RUN: click

2018-11-10 00:43:06 - [TEST_STEP][NOT_RUN] - click: NOT_RUN: click

2018-11-10 00:43:06 - [MESSAGE][NOT_RUN] - NOT_RUN: click

2018-11-10 00:43:06 - [TEST_STEP][NOT_RUN] - click: NOT_RUN: click

2018-11-10 00:43:06 - [MESSAGE][NOT_RUN] - NOT_RUN: click

2018-11-10 00:43:06 - [TEST_STEP][NOT_RUN] - setText: NOT_RUN: setText

2018-11-10 00:43:06 - [MESSAGE][NOT_RUN] - NOT_RUN: setText

2018-11-10 00:43:06 - [TEST_STEP][NOT_RUN] - delay: NOT_RUN: delay

2018-11-10 00:43:06 - [MESSAGE][NOT_RUN] - NOT_RUN: delay

2018-11-10 00:43:06 - [TEST_STEP][NOT_RUN] - click: NOT_RUN: click

2018-11-10 00:43:06 - [MESSAGE][NOT_RUN] - NOT_RUN: click

2018-11-10 00:43:06 - [TEST_STEP][NOT_RUN] - delay: NOT_RUN: delay

2018-11-10 00:43:06 - [MESSAGE][NOT_RUN] - NOT_RUN: delay

2018-11-10 00:43:06 - [TEST_STEP][NOT_RUN] - setText: NOT_RUN: setText

2018-11-10 00:43:06 - [MESSAGE][NOT_RUN] - NOT_RUN: setText

2018-11-10 00:43:06 - [TEST_STEP][NOT_RUN] - setText: NOT_RUN: setText

2018-11-10 00:43:06 - [MESSAGE][NOT_RUN] - NOT_RUN: setText

2018-11-10 00:43:06 - [TEST_STEP][NOT_RUN] - setText: NOT_RUN: setText

2018-11-10 00:43:06 - [MESSAGE][NOT_RUN] - NOT_RUN: setText

2018-11-10 00:43:06 - [TEST_STEP][NOT_RUN] - click: NOT_RUN: click

2018-11-10 00:43:06 - [MESSAGE][NOT_RUN] - NOT_RUN: click

2018-11-10 00:43:06 - [TEST_STEP][NOT_RUN] - click: NOT_RUN: click

2018-11-10 00:43:06 - [MESSAGE][NOT_RUN] - NOT_RUN: click

2018-11-10 00:43:06 - [TEST_STEP][NOT_RUN] - setText: NOT_RUN: setText

2018-11-10 00:43:06 - [MESSAGE][NOT_RUN] - NOT_RUN: setText

2018-11-10 00:43:06 - [TEST_STEP][NOT_RUN] - click: NOT_RUN: click

2018-11-10 00:43:06 - [MESSAGE][NOT_RUN] - NOT_RUN: click

2018-11-10 00:43:06 - [TEST_STEP][NOT_RUN] - click: NOT_RUN: click

2018-11-10 00:43:06 - [MESSAGE][NOT_RUN] - NOT_RUN: click

2018-11-10 00:43:06 - [TEST_STEP][NOT_RUN] - click: NOT_RUN: click

2018-11-10 00:43:06 - [MESSAGE][NOT_RUN] - NOT_RUN: click

2018-11-10 00:43:06 - [TEST_STEP][NOT_RUN] - click: NOT_RUN: click

2018-11-10 00:43:06 - [MESSAGE][NOT_RUN] - NOT_RUN: click

2018-11-10 00:43:06 - [TEST_STEP][NOT_RUN] - click: NOT_RUN: click

2018-11-10 00:43:06 - [MESSAGE][NOT_RUN] - NOT_RUN: click

2018-11-10 00:43:06 - [TEST_STEP][NOT_RUN] - click: NOT_RUN: click

2018-11-10 00:43:06 - [MESSAGE][NOT_RUN] - NOT_RUN: click

2018-11-10 00:43:06 - [TEST_STEP][NOT_RUN] - setText: NOT_RUN: setText

2018-11-10 00:43:06 - [MESSAGE][NOT_RUN] - NOT_RUN: setText

2018-11-10 00:43:06 - [TEST_STEP][NOT_RUN] - setText: NOT_RUN: setText

2018-11-10 00:43:06 - [MESSAGE][NOT_RUN] - NOT_RUN: setText

2018-11-10 00:43:06 - [TEST_STEP][NOT_RUN] - setText: NOT_RUN: setText

2018-11-10 00:43:06 - [MESSAGE][NOT_RUN] - NOT_RUN: setText

2018-11-10 00:43:06 - [TEST_STEP][NOT_RUN] - click: NOT_RUN: click

2018-11-10 00:43:06 - [MESSAGE][NOT_RUN] - NOT_RUN: click

2018-11-10 00:43:06 - [TEST_STEP][NOT_RUN] - click: NOT_RUN: click

2018-11-10 00:43:06 - [MESSAGE][NOT_RUN] - NOT_RUN: click

2018-11-10 00:43:06 - [TEST_STEP][NOT_RUN] - click: NOT_RUN: click

2018-11-10 00:43:06 - [MESSAGE][NOT_RUN] - NOT_RUN: click

2018-11-10 00:43:06 - [TEST_STEP][NOT_RUN] - delay: NOT_RUN: delay

2018-11-10 00:43:06 - [MESSAGE][NOT_RUN] - NOT_RUN: delay

2018-11-10 00:43:06 - [TEST_STEP][NOT_RUN] - setText: NOT_RUN: setText

2018-11-10 00:43:06 - [MESSAGE][NOT_RUN] - NOT_RUN: setText

2018-11-10 00:43:06 - [TEST_STEP][NOT_RUN] - delay: NOT_RUN: delay

2018-11-10 00:43:06 - [MESSAGE][NOT_RUN] - NOT_RUN: delay

2018-11-10 00:43:06 - [TEST_STEP][NOT_RUN] - click: NOT_RUN: click

2018-11-10 00:43:06 - [MESSAGE][NOT_RUN] - NOT_RUN: click

2018-11-10 00:43:06 - [TEST_STEP][NOT_RUN] - doubleClick: NOT_RUN: doubleClick

2018-11-10 00:43:06 - [MESSAGE][NOT_RUN] - NOT_RUN: doubleClick

2018-11-10 00:43:06 - [TEST_STEP][NOT_RUN] - click: NOT_RUN: click

2018-11-10 00:43:06 - [MESSAGE][NOT_RUN] - NOT_RUN: click

2018-11-10 00:43:06 - [TEST_STEP][NOT_RUN] - setText: NOT_RUN: setText

2018-11-10 00:43:06 - [MESSAGE][NOT_RUN] - NOT_RUN: setText

2018-11-10 00:43:06 - [TEST_STEP][NOT_RUN] - delay: NOT_RUN: delay

2018-11-10 00:43:06 - [MESSAGE][NOT_RUN] - NOT_RUN: delay

2018-11-10 00:43:06 - [TEST_STEP][NOT_RUN] - click: NOT_RUN: click

2018-11-10 00:43:06 - [MESSAGE][NOT_RUN] - NOT_RUN: click

2018-11-10 00:43:06 - [TEST_STEP][NOT_RUN] - delay: NOT_RUN: delay

2018-11-10 00:43:06 - [MESSAGE][NOT_RUN] - NOT_RUN: delay

2018-11-10 00:43:06 - [TEST_STEP][NOT_RUN] - setText: NOT_RUN: setText

2018-11-10 00:43:06 - [MESSAGE][NOT_RUN] - NOT_RUN: setText

2018-11-10 00:43:06 - [TEST_STEP][PASSED] - click: Object: 'Object Repository/Final Object Repo/Page_Request SSN - ASSIST/Save  Continue' is clicked on

2018-11-10 00:43:11 - [MESSAGE][PASSED] - Object: 'Object Repository/Final Object Repo/Page_Request SSN - ASSIST/Save  Continue' is clicked on

2018-11-10 00:43:11 - [TEST_STEP][PASSED] - delay: Delayed 3 second(s)

2018-11-10 00:43:14 - [MESSAGE][PASSED] - Delayed 3 second(s)

2018-11-10 00:43:14 - [TEST_STEP][PASSED] - Statement - CaseReferenceNo = com.kms.katalon.core.webui.keyword.WebUiBuiltInKeywords.getText(com.kms.katalon.core.testobject.ObjectRepository.findTestObject(Final Object Repo/Page_Request SSN - ASSIST/Reference Number in Uploading Page)): Text of object 'Object Repository/Final Object Repo/Page_Request SSN - ASSIST/Reference Number in Uploading Page' is: 'SSN11201800001122'

2018-11-10 00:43:14 - [MESSAGE][PASSED] - Text of object 'Object Repository/Final Object Repo/Page_Request SSN - ASSIST/Reference Number in Uploading Page' is: 'SSN11201800001122'

2018-11-10 00:43:14 - [TEST_STEP][PASSED] - callTestCase: Call Test Case 'Test Cases/Final Aug 2018 - PKS Automation/Common/Reference Number Setter' successfully

2018-11-10 00:43:14 - [TEST_CASE][PASSED] - Test Cases/Final Aug 2018 - PKS Automation/Common/Reference Number Setter: Test Cases/Final Aug 2018 - PKS Automation/Common/Reference Number Setter

2018-11-10 00:43:14 - [TEST_STEP][PASSED] - Statement - RefNoOldFile = new java.io.File(C://KatalonReference.txt): null

2018-11-10 00:43:14 - [TEST_STEP][PASSED] - Statement - RefNoOldFile.delete(): null

2018-11-10 00:43:14 - [TEST_STEP][PASSED] - Statement - RefNo = new java.io.File(C://KatalonReference.txt): null

2018-11-10 00:43:14 - [TEST_STEP][PASSED] - Statement - RefNo.append(CaseReferenceNo): null

2018-11-10 00:43:14 - [TEST_STEP][PASSED] - Statement - out.println("


" + CaseReferenceNo + "


"): null

2018-11-10 00:43:14 - [MESSAGE][PASSED] - Call Test Case 'Test Cases/Final Aug 2018 - PKS Automation/Common/Reference Number Setter' successfully

2018-11-10 00:43:14 - [TEST_STEP][PASSED] - click: Object: 'Object Repository/Final Object Repo/Page_Request SSN - ASSIST/Add Document Button' is clicked on

2018-11-10 00:43:14 - [MESSAGE][PASSED] - Object: 'Object Repository/Final Object Repo/Page_Request SSN - ASSIST/Add Document Button' is clicked on

2018-11-10 00:43:14 - [TEST_STEP][PASSED] - delay: Delayed 2 second(s)

2018-11-10 00:43:16 - [MESSAGE][PASSED] - Delayed 2 second(s)

2018-11-10 00:43:16 - [TEST_STEP][PASSED] - click: Object: 'Object Repository/Final Object Repo/Page_Request SSN - ASSIST/Document Type' is clicked on

2018-11-10 00:43:18 - [MESSAGE][PASSED] - Object: 'Object Repository/Final Object Repo/Page_Request SSN - ASSIST/Document Type' is clicked on

2018-11-10 00:43:18 - [TEST_STEP][PASSED] - delay: Delayed 2 second(s)

2018-11-10 00:43:20 - [MESSAGE][PASSED] - Delayed 2 second(s)

2018-11-10 00:43:20 - [TEST_STEP][PASSED] - click: Object: 'Object Repository/Final Object Repo/Page_Request SSN - ASSIST/Document Type - Birth Certificate' is clicked on

2018-11-10 00:43:20 - [MESSAGE][PASSED] - Object: 'Object Repository/Final Object Repo/Page_Request SSN - ASSIST/Document Type - Birth Certificate' is clicked on

2018-11-10 00:43:20 - [TEST_STEP][PASSED] - delay: Delayed 2 second(s)

2018-11-10 00:43:22 - [MESSAGE][PASSED] - Delayed 2 second(s)

2018-11-10 00:43:22 - [TEST_STEP][PASSED] - sendKeys: Keys 'C:\Users\Public\Pictures\Sample Pictures\Act.jpg' sent to object: 'Object Repository/Final Object Repo/Page_Request SSN - ASSIST/Upload File'

2018-11-10 00:43:22 - [MESSAGE][PASSED] - Keys 'C:\Users\Public\Pictures\Sample Pictures\Act.jpg' sent to object: 'Object Repository/Final Object Repo/Page_Request SSN - ASSIST/Upload File'

2018-11-10 00:43:22 - [TEST_STEP][PASSED] - click: Object: 'Object Repository/Final Object Repo/Page_Request SSN - ASSIST/Add Document' is clicked on

2018-11-10 00:43:28 - [MESSAGE][PASSED] - Object: 'Object Repository/Final Object Repo/Page_Request SSN - ASSIST/Add Document' is clicked on

2018-11-10 00:43:28 - [TEST_STEP][PASSED] - delay: Delayed 10 second(s)

2018-11-10 00:43:38 - [MESSAGE][PASSED] - Delayed 10 second(s)

2018-11-10 00:43:38 - [TEST_STEP][PASSED] - click: Object: 'Object Repository/Final Object Repo/Page_Request SSN - ASSIST/Save  Continue in Uploading Document Page' is clicked on

2018-11-10 00:43:38 - [MESSAGE][PASSED] - Object: 'Object Repository/Final Object Repo/Page_Request SSN - ASSIST/Save  Continue in Uploading Document Page' is clicked on

2018-11-10 00:43:38 - [TEST_STEP][PASSED] - delay: Delayed 2 second(s)

2018-11-10 00:43:40 - [MESSAGE][PASSED] - Delayed 2 second(s)

2018-11-10 00:43:40 - [TEST_STEP][PASSED] - click: Object: 'Object Repository/Final Object Repo/Page_Request SSN - ASSIST/Submit' is clicked on

2018-11-10 00:43:43 - [MESSAGE][PASSED] - Object: 'Object Repository/Final Object Repo/Page_Request SSN - ASSIST/Submit' is clicked on

2018-11-10 00:43:43 - [TEST_STEP][PASSED] - delay: Delayed 2 second(s)

2018-11-10 00:43:45 - [MESSAGE][PASSED] - Delayed 2 second(s)

2018-11-10 00:43:45 - [TEST_STEP][PASSED] - click: Object: 'Object Repository/Final Object Repo/Page_Request SSN - ASSIST/Confirm' is clicked on

2018-11-10 00:43:50 - [MESSAGE][PASSED] - Object: 'Object Repository/Final Object Repo/Page_Request SSN - ASSIST/Confirm' is clicked on

2018-11-10 00:43:50 - [TEST_STEP][PASSED] - delay: Delayed 2 second(s)

2018-11-10 00:43:52 - [MESSAGE][PASSED] - Delayed 2 second(s)

2018-11-10 00:43:52 - [TEST_STEP][PASSED] - verifyElementVisible: Object 'Object Repository/Final Object Repo/Page_Request SSN - ASSIST/Message This Case will be routed to RIO' is visible

2018-11-10 00:43:53 - [MESSAGE][PASSED] - Object 'Object Repository/Final Object Repo/Page_Request SSN - ASSIST/Message This Case will be routed to RIO' is visible

2018-11-10 00:43:53 - [TEST_STEP][PASSED] - delay: Delayed 2 second(s)

2018-11-10 00:43:55 - [MESSAGE][PASSED] - Delayed 2 second(s)

2018-11-10 00:43:55 - [TEST_STEP][PASSED] - verifyElementVisible: Object 'Object Repository/Final Object Repo/Page_Request SSN - ASSIST/Letter of acknowledgement' is visible

2018-11-10 00:43:55 - [MESSAGE][PASSED] - Object 'Object Repository/Final Object Repo/Page_Request SSN - ASSIST/Letter of acknowledgement' is visible

2018-11-10 00:43:55 - [MESSAGE][PASSED] - Call Test Case 'Test Cases/Final Aug 2018 - PKS Automation/Registration Module/Workflow/Request SSN/Template/Request SSN - OTC' successfully

2018-11-10 00:43:55 - [TEST_STEP][PASSED] - callTestCase: Call Test Case 'Test Cases/Final Aug 2018 - PKS Automation/Registration Module/Workflow/Request SSN/Template/Request SSN RIO - RO (Under Enforcement)' successfully

2018-11-10 00:43:55 - [TEST_CASE][PASSED] - Test Cases/Final Aug 2018 - PKS Automation/Registration Module/Workflow/Request SSN/Template/Request SSN RIO - RO (Under Enforcement): Test Cases/Final Aug 2018 - PKS Automation/Registration Module/Workflow/Request SSN/Template/Request SSN RIO - RO (Under Enforcement)

2018-11-10 00:43:55 - [TEST_STEP][NOT_RUN] - callTestCase: NOT_RUN: callTestCase

2018-11-10 00:43:55 - [MESSAGE][NOT_RUN] - NOT_RUN: callTestCase

2018-11-10 00:43:55 - [TEST_STEP][PASSED] - delay: Delayed 2 second(s)

2018-11-10 00:43:57 - [MESSAGE][PASSED] - Delayed 2 second(s)

2018-11-10 00:43:57 - [TEST_STEP][PASSED] - navigateToUrl: Navigate to 'https://assist2-uat.perkeso.gov.my/c/portal/logout' successfully

2018-11-10 00:43:58 - [MESSAGE][PASSED] - Navigate to 'https://assist2-uat.perkeso.gov.my/c/portal/logout' successfully

2018-11-10 00:43:58 - [TEST_STEP][PASSED] - delay: Delayed 2 second(s)

2018-11-10 00:44:00 - [MESSAGE][PASSED] - Delayed 2 second(s)

2018-11-10 00:44:00 - [TEST_STEP][PASSED] - callTestCase: Call Test Case 'Test Cases/Final Aug 2018 - PKS Automation/Common/Reference Number Getter' successfully

2018-11-10 00:44:00 - [TEST_CASE][PASSED] - Test Cases/Final Aug 2018 - PKS Automation/Common/Reference Number Getter: Test Cases/Final Aug 2018 - PKS Automation/Common/Reference Number Getter

2018-11-10 00:44:00 - [TEST_STEP][PASSED] - Statement - Try: null

2018-11-10 00:44:00 - [TEST_STEP][PASSED] - Statement - RefNo = new java.io.File(C://KatalonReference.txt): null

2018-11-10 00:44:00 - [TEST_STEP][PASSED] - Statement - bufferread = new java.io.BufferedReader(new java.io.FileReader(RefNo)): null

2018-11-10 00:44:00 - [TEST_STEP][PASSED] - Statement - readedVal = bufferread.readLine(): null

2018-11-10 00:44:00 - [TEST_STEP][PASSED] - Statement - out.println(CaseReferenceNo): null

2018-11-10 00:44:00 - [TEST_STEP][PASSED] - Statement - out.println(readedVal): null

2018-11-10 00:44:00 - [TEST_STEP][PASSED] - Statement - CaseReferenceNo = readedVal: null

2018-11-10 00:44:00 - [MESSAGE][PASSED] - Call Test Case 'Test Cases/Final Aug 2018 - PKS Automation/Common/Reference Number Getter' successfully

2018-11-10 00:44:00 - [TEST_STEP][PASSED] - callTestCase: Call Test Case 'Test Cases/Final Aug 2018 - PKS Automation/Common/Workflow Owner Finder' successfully

2018-11-10 00:44:00 - [TEST_CASE][PASSED] - Test Cases/Final Aug 2018 - PKS Automation/Common/Workflow Owner Finder: Test Cases/Final Aug 2018 - PKS Automation/Common/Workflow Owner Finder

2018-11-10 00:44:00 - [TEST_STEP][PASSED] - openBrowser: Browser is opened with url: ''

2018-11-10 00:44:00 - [MESSAGE][WARNING] - A browser is already opened. Closing browser and opening a new one

2018-11-10 00:44:05 - [MESSAGE][PASSED] - Browser is opened with url: ''

2018-11-10 00:44:05 - [TEST_STEP][PASSED] - navigateToUrl: Navigate to 'https://assist2-uat.perkeso.gov.my/login' successfully

2018-11-10 00:44:08 - [MESSAGE][PASSED] - Navigate to 'https://assist2-uat.perkeso.gov.my/login' successfully

2018-11-10 00:44:08 - [TEST_STEP][PASSED] - delay: Delayed 5 second(s)

2018-11-10 00:44:13 - [MESSAGE][PASSED] - Delayed 5 second(s)

2018-11-10 00:44:13 - [TEST_STEP][PASSED] - setText: Text 'test@liferay.com' is set on object 'Object Repository/Final Object Repo/Login Page/Internal User/Email Address'

2018-11-10 00:44:13 - [MESSAGE][PASSED] - Text 'test@liferay.com' is set on object 'Object Repository/Final Object Repo/Login Page/Internal User/Email Address'

2018-11-10 00:44:13 - [TEST_STEP][PASSED] - click: Object: 'Object Repository/Final Object Repo/Login Page/Internal User/Next Button' is clicked on

2018-11-10 00:44:13 - [MESSAGE][PASSED] - Object: 'Object Repository/Final Object Repo/Login Page/Internal User/Next Button' is clicked on

2018-11-10 00:44:13 - [TEST_STEP][PASSED] - delay: Delayed 2 second(s)

2018-11-10 00:44:15 - [MESSAGE][PASSED] - Delayed 2 second(s)

2018-11-10 00:44:15 - [TEST_STEP][PASSED] - setText: Text 'test' is set on object 'Object Repository/Final Object Repo/Login Page/Internal User/Password'

2018-11-10 00:44:15 - [MESSAGE][PASSED] - Text 'test' is set on object 'Object Repository/Final Object Repo/Login Page/Internal User/Password'

2018-11-10 00:44:15 - [TEST_STEP][PASSED] - delay: Delayed 2 second(s)

2018-11-10 00:44:17 - [MESSAGE][PASSED] - Delayed 2 second(s)

2018-11-10 00:44:17 - [TEST_STEP][PASSED] - click: Object: 'Object Repository/Final Object Repo/Login Page/Internal User/Login Button' is clicked on

2018-11-10 00:44:20 - [MESSAGE][PASSED] - Object: 'Object Repository/Final Object Repo/Login Page/Internal User/Login Button' is clicked on

2018-11-10 00:44:20 - [TEST_STEP][PASSED] - Statement - Try: Delayed 2 second(s)

2018-11-10 00:44:20 - [TEST_STEP][PASSED] - Statement - Checker = false: null

2018-11-10 00:44:20 - [TEST_STEP][PASSED] - Statement - Checker = com.kms.katalon.core.webui.keyword.WebUiBuiltInKeywords.verifyElementHasAttribute(com.kms.katalon.core.testobject.ObjectRepository.findTestObject(Final Object Repo/Landing Page/BM Detecting), "href", 20, OPTIONAL): Object 'Object Repository/Final Object Repo/Landing Page/BM Detecting' has attribute 'href'

2018-11-10 00:44:20 - [MESSAGE][PASSED] - Object 'Object Repository/Final Object Repo/Landing Page/BM Detecting' has attribute 'href'

2018-11-10 00:44:20 - [TEST_STEP][PASSED] - Statement - out.println(Checker): null

2018-11-10 00:44:20 - [TEST_STEP][PASSED] - Statement - If (Checker == false): null

2018-11-10 00:44:20 - [TEST_STEP][PASSED] - Statement - Else: null

2018-11-10 00:44:20 - [TEST_STEP][PASSED] - delay: Delayed 2 second(s)

2018-11-10 00:44:22 - [MESSAGE][PASSED] - Delayed 2 second(s)

2018-11-10 00:44:22 - [TEST_STEP][PASSED] - delay: Delayed 3 second(s)

2018-11-10 00:44:25 - [MESSAGE][PASSED] - Delayed 3 second(s)

2018-11-10 00:44:25 - [TEST_STEP][PASSED] - mouseOver: Object: 'Object Repository/Final Object Repo/Landing Page/WorkFlow Menu' is hovered

2018-11-10 00:44:25 - [MESSAGE][PASSED] - Object: 'Object Repository/Final Object Repo/Landing Page/WorkFlow Menu' is hovered

2018-11-10 00:44:25 - [TEST_STEP][PASSED] - delay: Delayed 2 second(s)

2018-11-10 00:44:27 - [MESSAGE][PASSED] - Delayed 2 second(s)

2018-11-10 00:44:27 - [TEST_STEP][PASSED] - click: Object: 'Object Repository/Final Object Repo/Landing Page/Select to Workflow Listing' is clicked on

2018-11-10 00:44:29 - [MESSAGE][PASSED] - Object: 'Object Repository/Final Object Repo/Landing Page/Select to Workflow Listing' is clicked on

2018-11-10 00:44:29 - [TEST_STEP][PASSED] - delay: Delayed 2 second(s)

2018-11-10 00:44:31 - [MESSAGE][PASSED] - Delayed 2 second(s)

2018-11-10 00:44:31 - [TEST_STEP][PASSED] - click: Object: 'Object Repository/Final Object Repo/WorkFlow Listing Page/Search Information - To Put Ref No' is clicked on

2018-11-10 00:44:31 - [MESSAGE][PASSED] - Object: 'Object Repository/Final Object Repo/WorkFlow Listing Page/Search Information - To Put Ref No' is clicked on

2018-11-10 00:44:31 - [TEST_STEP][PASSED] - delay: Delayed 2 second(s)

2018-11-10 00:44:33 - [MESSAGE][PASSED] - Delayed 2 second(s)

2018-11-10 00:44:33 - [TEST_STEP][PASSED] - callTestCase: Call Test Case 'Test Cases/Final Aug 2018 - PKS Automation/Common/Reference Number Getter' successfully

2018-11-10 00:44:33 - [TEST_CASE][PASSED] - Test Cases/Final Aug 2018 - PKS Automation/Common/Reference Number Getter: Test Cases/Final Aug 2018 - PKS Automation/Common/Reference Number Getter

2018-11-10 00:44:33 - [TEST_STEP][PASSED] - Statement - Try: null

2018-11-10 00:44:33 - [TEST_STEP][PASSED] - Statement - RefNo = new java.io.File(C://KatalonReference.txt): null

2018-11-10 00:44:33 - [TEST_STEP][PASSED] - Statement - bufferread = new java.io.BufferedReader(new java.io.FileReader(RefNo)): null

2018-11-10 00:44:33 - [TEST_STEP][PASSED] - Statement - readedVal = bufferread.readLine(): null

2018-11-10 00:44:33 - [TEST_STEP][PASSED] - Statement - out.println(CaseReferenceNo): null

2018-11-10 00:44:33 - [TEST_STEP][PASSED] - Statement - out.println(readedVal): null

2018-11-10 00:44:33 - [TEST_STEP][PASSED] - Statement - CaseReferenceNo = readedVal: null

2018-11-10 00:44:33 - [MESSAGE][PASSED] - Call Test Case 'Test Cases/Final Aug 2018 - PKS Automation/Common/Reference Number Getter' successfully

2018-11-10 00:44:33 - [TEST_STEP][PASSED] - setText: Text 'SSN11201800001122' is set on object 'Object Repository/Final Object Repo/WorkFlow Listing Page/Ref No Set Text'

2018-11-10 00:44:33 - [MESSAGE][PASSED] - Text 'SSN11201800001122' is set on object 'Object Repository/Final Object Repo/WorkFlow Listing Page/Ref No Set Text'

2018-11-10 00:44:33 - [TEST_STEP][PASSED] - delay: Delayed 2 second(s)

2018-11-10 00:44:35 - [MESSAGE][PASSED] - Delayed 2 second(s)

2018-11-10 00:44:35 - [TEST_STEP][PASSED] - click: Object: 'Object Repository/Final Object Repo/WorkFlow Listing Page/Search Ref No Search Button' is clicked on

2018-11-10 00:44:37 - [MESSAGE][PASSED] - Object: 'Object Repository/Final Object Repo/WorkFlow Listing Page/Search Ref No Search Button' is clicked on

2018-11-10 00:44:37 - [TEST_STEP][PASSED] - delay: Delayed 4 second(s)

2018-11-10 00:44:41 - [MESSAGE][PASSED] - Delayed 4 second(s)

2018-11-10 00:44:41 - [TEST_STEP][PASSED] - click: Object: 'Object Repository/Final Object Repo/WorkFlow Listing Page/Click Continue Tooltip' is clicked on

2018-11-10 00:44:42 - [MESSAGE][PASSED] - Object: 'Object Repository/Final Object Repo/WorkFlow Listing Page/Click Continue Tooltip' is clicked on

2018-11-10 00:44:42 - [TEST_STEP][PASSED] - delay: Delayed 5 second(s)

2018-11-10 00:44:47 - [MESSAGE][PASSED] - Delayed 5 second(s)

2018-11-10 00:44:47 - [TEST_STEP][PASSED] - doubleClick: Object: 'Object Repository/Final Object Repo/WorkFlow Listing Page/Workflow Found - Listing 1' is double clicked on

2018-11-10 00:44:47 - [MESSAGE][PASSED] - Object: 'Object Repository/Final Object Repo/WorkFlow Listing Page/Workflow Found - Listing 1' is double clicked on

2018-11-10 00:44:47 - [TEST_STEP][PASSED] - Statement - println(OwnerID): null

2018-11-10 00:44:47 - [TEST_STEP][PASSED] - Statement - OwnerID = com.kms.katalon.core.webui.keyword.WebUiBuiltInKeywords.getText(com.kms.katalon.core.testobject.ObjectRepository.findTestObject(Final Object Repo/WorkFlow Listing Page/Workflow Found - Listing 1), STOP_ON_FAILURE): Text of object 'Object Repository/Final Object Repo/WorkFlow Listing Page/Workflow Found - Listing 1' is: 'JOHORrio1'

2018-11-10 00:44:47 - [MESSAGE][PASSED] - Text of object 'Object Repository/Final Object Repo/WorkFlow Listing Page/Workflow Found - Listing 1' is: 'JOHORrio1'

2018-11-10 00:44:47 - [TEST_STEP][PASSED] - Statement - OwnerID = OwnerID.toLowerCase() + "@gmail.com": null

2018-11-10 00:44:47 - [TEST_STEP][PASSED] - Statement - println(OwnerID): null

2018-11-10 00:44:47 - [TEST_STEP][PASSED] - delay: Delayed 2 second(s)

2018-11-10 00:44:49 - [MESSAGE][PASSED] - Delayed 2 second(s)

2018-11-10 00:44:49 - [MESSAGE][PASSED] - Call Test Case 'Test Cases/Final Aug 2018 - PKS Automation/Common/Workflow Owner Finder' successfully

2018-11-10 00:44:49 - [TEST_STEP][PASSED] - delay: Delayed 2 second(s)

2018-11-10 00:44:51 - [MESSAGE][PASSED] - Delayed 2 second(s)

2018-11-10 00:44:51 - [TEST_STEP][PASSED] - navigateToUrl: Navigate to 'https://assist2-uat.perkeso.gov.my/c/portal/logout' successfully

2018-11-10 00:44:52 - [MESSAGE][PASSED] - Navigate to 'https://assist2-uat.perkeso.gov.my/c/portal/logout' successfully

2018-11-10 00:44:52 - [TEST_STEP][PASSED] - delay: Delayed 2 second(s)

2018-11-10 00:44:54 - [MESSAGE][PASSED] - Delayed 2 second(s)

2018-11-10 00:44:54 - [TEST_STEP][PASSED] - callTestCase: Call Test Case 'Test Cases/Final Aug 2018 - PKS Automation/Registration Module/Workflow/Login and Search Case For Workflow' successfully

2018-11-10 00:44:54 - [TEST_CASE][PASSED] - Test Cases/Final Aug 2018 - PKS Automation/Registration Module/Workflow/Login and Search Case For Workflow: Test Cases/Final Aug 2018 - PKS Automation/Registration Module/Workflow/Login and Search Case For Workflow

2018-11-10 00:44:54 - [TEST_STEP][PASSED] - navigateToUrl: Navigate to 'https://assist2-uat.perkeso.gov.my/login' successfully

2018-11-10 00:44:55 - [MESSAGE][PASSED] - Navigate to 'https://assist2-uat.perkeso.gov.my/login' successfully

2018-11-10 00:44:55 - [TEST_STEP][PASSED] - setText: Text 'johorrio1@gmail.com' is set on object 'Object Repository/Final Object Repo/Login Page/Internal User/Email Address'

2018-11-10 00:44:55 - [MESSAGE][PASSED] - Text 'johorrio1@gmail.com' is set on object 'Object Repository/Final Object Repo/Login Page/Internal User/Email Address'

2018-11-10 00:44:55 - [TEST_STEP][PASSED] - click: Object: 'Object Repository/Final Object Repo/Login Page/Internal User/Next Button' is clicked on

2018-11-10 00:44:56 - [MESSAGE][PASSED] - Object: 'Object Repository/Final Object Repo/Login Page/Internal User/Next Button' is clicked on

2018-11-10 00:44:56 - [TEST_STEP][PASSED] - delay: Delayed 1 second(s)

2018-11-10 00:44:57 - [MESSAGE][PASSED] - Delayed 1 second(s)

2018-11-10 00:44:57 - [TEST_STEP][PASSED] - setEncryptedText: Text ****** has been set on object 'Object Repository/Final Object Repo/Login Page/Internal User/Password'

2018-11-10 00:44:57 - [MESSAGE][PASSED] - Text ****** has been set on object 'Object Repository/Final Object Repo/Login Page/Internal User/Password'

2018-11-10 00:44:57 - [TEST_STEP][PASSED] - click: Object: 'Object Repository/Final Object Repo/Login Page/Internal User/Login Button' is clicked on

2018-11-10 00:44:59 - [MESSAGE][PASSED] - Object: 'Object Repository/Final Object Repo/Login Page/Internal User/Login Button' is clicked on

2018-11-10 00:44:59 - [TEST_STEP][PASSED] - delay: Delayed 2 second(s)

2018-11-10 00:45:01 - [MESSAGE][PASSED] - Delayed 2 second(s)

2018-11-10 00:45:01 - [TEST_STEP][PASSED] - Statement - Try: Delayed 2 second(s)

2018-11-10 00:45:01 - [TEST_STEP][PASSED] - Statement - Checker = false: null

2018-11-10 00:45:01 - [TEST_STEP][PASSED] - Statement - Checker = com.kms.katalon.core.webui.keyword.WebUiBuiltInKeywords.verifyElementHasAttribute(com.kms.katalon.core.testobject.ObjectRepository.findTestObject(Final Object Repo/Landing Page/BM Detecting), "href", 20, OPTIONAL): Object 'Object Repository/Final Object Repo/Landing Page/BM Detecting' has attribute 'href'

2018-11-10 00:45:01 - [MESSAGE][PASSED] - Object 'Object Repository/Final Object Repo/Landing Page/BM Detecting' has attribute 'href'

2018-11-10 00:45:01 - [TEST_STEP][PASSED] - Statement - out.println(Checker): null

2018-11-10 00:45:01 - [TEST_STEP][PASSED] - Statement - If (Checker == false): null

2018-11-10 00:45:01 - [TEST_STEP][PASSED] - Statement - Else: null

2018-11-10 00:45:01 - [TEST_STEP][PASSED] - delay: Delayed 2 second(s)

2018-11-10 00:45:03 - [MESSAGE][PASSED] - Delayed 2 second(s)

2018-11-10 00:45:03 - [TEST_STEP][PASSED] - click: Object: 'Object Repository/Final Object Repo/Page_MyASSIST - ASSIST - Search Pending Case For Add Supporting Document/Search Information' is clicked on

2018-11-10 00:45:03 - [MESSAGE][PASSED] - Object: 'Object Repository/Final Object Repo/Page_MyASSIST - ASSIST - Search Pending Case For Add Supporting Document/Search Information' is clicked on

2018-11-10 00:45:03 - [TEST_STEP][PASSED] - delay: Delayed 3 second(s)

2018-11-10 00:45:06 - [MESSAGE][PASSED] - Delayed 3 second(s)

2018-11-10 00:45:06 - [TEST_STEP][PASSED] - sendKeys: Keys 'SSN11201800001122' sent to object: 'Object Repository/Final Object Repo/Page_MyASSIST - ASSIST - Search Pending Case For Add Supporting Document/Reference No'

2018-11-10 00:45:07 - [MESSAGE][PASSED] - Keys 'SSN11201800001122' sent to object: 'Object Repository/Final Object Repo/Page_MyASSIST - ASSIST - Search Pending Case For Add Supporting Document/Reference No'

2018-11-10 00:45:07 - [TEST_STEP][PASSED] - click: Object: 'Object Repository/Final Object Repo/Page_MyASSIST - ASSIST - Search Pending Case For Add Supporting Document/Search Reference No' is clicked on

2018-11-10 00:45:07 - [MESSAGE][PASSED] - Object: 'Object Repository/Final Object Repo/Page_MyASSIST - ASSIST - Search Pending Case For Add Supporting Document/Search Reference No' is clicked on

2018-11-10 00:45:07 - [TEST_STEP][PASSED] - delay: Delayed 2 second(s)

2018-11-10 00:45:09 - [MESSAGE][PASSED] - Delayed 2 second(s)

2018-11-10 00:45:09 - [TEST_STEP][PASSED] - click: Object: 'Object Repository/Final Object Repo/Page_MyASSIST - ASSIST - Search Pending Case For Add Supporting Document/Continue' is clicked on

2018-11-10 00:45:18 - [MESSAGE][PASSED] - Object: 'Object Repository/Final Object Repo/Page_MyASSIST - ASSIST - Search Pending Case For Add Supporting Document/Continue' is clicked on

2018-11-10 00:45:18 - [TEST_STEP][PASSED] - delay: Delayed 20 second(s)

2018-11-10 00:45:38 - [MESSAGE][PASSED] - Delayed 20 second(s)

2018-11-10 00:45:38 - [MESSAGE][PASSED] - Call Test Case 'Test Cases/Final Aug 2018 - PKS Automation/Registration Module/Workflow/Login and Search Case For Workflow' successfully

2018-11-10 00:45:38 - [TEST_STEP][PASSED] - callTestCase: Call Test Case 'Test Cases/Final Aug 2018 - PKS Automation/Registration Module/Workflow/Request SSN/Template/Request SSN - RIO' successfully

2018-11-10 00:45:38 - [TEST_CASE][PASSED] - Test Cases/Final Aug 2018 - PKS Automation/Registration Module/Workflow/Request SSN/Template/Request SSN - RIO: Test Cases/Final Aug 2018 - PKS Automation/Registration Module/Workflow/Request SSN/Template/Request SSN - RIO

2018-11-10 00:45:38 - [TEST_STEP][NOT_RUN] - openBrowser: NOT_RUN: openBrowser

2018-11-10 00:45:38 - [MESSAGE][NOT_RUN] - NOT_RUN: openBrowser

2018-11-10 00:45:38 - [TEST_STEP][NOT_RUN] - navigateToUrl: NOT_RUN: navigateToUrl

2018-11-10 00:45:38 - [MESSAGE][NOT_RUN] - NOT_RUN: navigateToUrl

2018-11-10 00:45:38 - [TEST_STEP][NOT_RUN] - setText: NOT_RUN: setText

2018-11-10 00:45:38 - [MESSAGE][NOT_RUN] - NOT_RUN: setText

2018-11-10 00:45:38 - [TEST_STEP][NOT_RUN] - click: NOT_RUN: click

2018-11-10 00:45:38 - [MESSAGE][NOT_RUN] - NOT_RUN: click

2018-11-10 00:45:38 - [TEST_STEP][NOT_RUN] - delay: NOT_RUN: delay

2018-11-10 00:45:38 - [MESSAGE][NOT_RUN] - NOT_RUN: delay

2018-11-10 00:45:38 - [TEST_STEP][NOT_RUN] - setEncryptedText: NOT_RUN: setEncryptedText

2018-11-10 00:45:38 - [MESSAGE][NOT_RUN] - NOT_RUN: setEncryptedText

2018-11-10 00:45:38 - [TEST_STEP][NOT_RUN] - click: NOT_RUN: click

2018-11-10 00:45:38 - [MESSAGE][NOT_RUN] - NOT_RUN: click

2018-11-10 00:45:38 - [TEST_STEP][NOT_RUN] - delay: NOT_RUN: delay

2018-11-10 00:45:38 - [MESSAGE][NOT_RUN] - NOT_RUN: delay

2018-11-10 00:45:38 - [TEST_STEP][NOT_RUN] - click: NOT_RUN: click

2018-11-10 00:45:38 - [MESSAGE][NOT_RUN] - NOT_RUN: click

2018-11-10 00:45:38 - [TEST_STEP][NOT_RUN] - sendKeys: NOT_RUN: sendKeys

2018-11-10 00:45:38 - [MESSAGE][NOT_RUN] - NOT_RUN: sendKeys

2018-11-10 00:45:38 - [TEST_STEP][NOT_RUN] - click: NOT_RUN: click

2018-11-10 00:45:38 - [MESSAGE][NOT_RUN] - NOT_RUN: click

2018-11-10 00:45:38 - [TEST_STEP][NOT_RUN] - delay: NOT_RUN: delay

2018-11-10 00:45:38 - [MESSAGE][NOT_RUN] - NOT_RUN: delay

2018-11-10 00:45:38 - [TEST_STEP][NOT_RUN] - click: NOT_RUN: click

2018-11-10 00:45:38 - [MESSAGE][NOT_RUN] - NOT_RUN: click

2018-11-10 00:45:38 - [TEST_STEP][PASSED] - click: Object: 'Object Repository/Final Object Repo/Page_Request SSN - ASSIST/Page_Request SSN - ASSIST - RIO/Recommend For SSN' is clicked on

2018-11-10 00:45:38 - [MESSAGE][PASSED] - Object: 'Object Repository/Final Object Repo/Page_Request SSN - ASSIST/Page_Request SSN - ASSIST - RIO/Recommend For SSN' is clicked on

2018-11-10 00:45:38 - [TEST_STEP][PASSED] - click: Object: 'Object Repository/Final Object Repo/Page_Request SSN - ASSIST/Page_Request SSN - ASSIST - RIO/Recommend For SSN  - Yes' is clicked on

2018-11-10 00:45:39 - [MESSAGE][PASSED] - Object: 'Object Repository/Final Object Repo/Page_Request SSN - ASSIST/Page_Request SSN - ASSIST - RIO/Recommend For SSN  - Yes' is clicked on

2018-11-10 00:45:39 - [TEST_STEP][PASSED] - delay: Delayed 2 second(s)

2018-11-10 00:45:41 - [MESSAGE][PASSED] - Delayed 2 second(s)

2018-11-10 00:45:41 - [TEST_STEP][PASSED] - click: Object: 'Object Repository/Final Object Repo/Page_Request SSN - ASSIST/Page_Request SSN - ASSIST - RIO/Save  Continue in SSN page' is clicked on

2018-11-10 00:45:47 - [MESSAGE][PASSED] - Object: 'Object Repository/Final Object Repo/Page_Request SSN - ASSIST/Page_Request SSN - ASSIST - RIO/Save  Continue in SSN page' is clicked on

2018-11-10 00:45:47 - [TEST_STEP][PASSED] - delay: Delayed 2 second(s)

2018-11-10 00:45:49 - [MESSAGE][PASSED] - Delayed 2 second(s)

2018-11-10 00:45:49 - [TEST_STEP][PASSED] - click: Object: 'Object Repository/Final Object Repo/Page_Request SSN - ASSIST/Page_Request SSN - ASSIST - RIO/Save  Continue in Upload Document Page' is clicked on

2018-11-10 00:45:54 - [MESSAGE][PASSED] - Object: 'Object Repository/Final Object Repo/Page_Request SSN - ASSIST/Page_Request SSN - ASSIST - RIO/Save  Continue in Upload Document Page' is clicked on

2018-11-10 00:45:54 - [TEST_STEP][PASSED] - delay: Delayed 2 second(s)

2018-11-10 00:45:56 - [MESSAGE][PASSED] - Delayed 2 second(s)

2018-11-10 00:45:56 - [TEST_STEP][PASSED] - click: Object: 'Object Repository/Final Object Repo/Page_Request SSN - ASSIST/Page_Request SSN - ASSIST - RIO/Submit' is clicked on

2018-11-10 00:45:57 - [MESSAGE][PASSED] - Object: 'Object Repository/Final Object Repo/Page_Request SSN - ASSIST/Page_Request SSN - ASSIST - RIO/Submit' is clicked on

2018-11-10 00:45:57 - [TEST_STEP][PASSED] - delay: Delayed 2 second(s)

2018-11-10 00:45:59 - [MESSAGE][PASSED] - Delayed 2 second(s)

2018-11-10 00:45:59 - [TEST_STEP][PASSED] - click: Object: 'Object Repository/Final Object Repo/Page_Request SSN - ASSIST/Page_Request SSN - ASSIST - RIO/Confirm' is clicked on

2018-11-10 00:46:04 - [MESSAGE][PASSED] - Object: 'Object Repository/Final Object Repo/Page_Request SSN - ASSIST/Page_Request SSN - ASSIST - RIO/Confirm' is clicked on

2018-11-10 00:46:04 - [MESSAGE][PASSED] - Call Test Case 'Test Cases/Final Aug 2018 - PKS Automation/Registration Module/Workflow/Request SSN/Template/Request SSN - RIO' successfully

2018-11-10 00:46:04 - [TEST_STEP][PASSED] - delay: Delayed 2 second(s)

2018-11-10 00:46:06 - [MESSAGE][PASSED] - Delayed 2 second(s)

2018-11-10 00:46:06 - [TEST_STEP][PASSED] - navigateToUrl: Navigate to 'https://assist2-uat.perkeso.gov.my/c/portal/logout' successfully

2018-11-10 00:46:07 - [MESSAGE][PASSED] - Navigate to 'https://assist2-uat.perkeso.gov.my/c/portal/logout' successfully

2018-11-10 00:46:07 - [TEST_STEP][PASSED] - delay: Delayed 2 second(s)

2018-11-10 00:46:09 - [MESSAGE][PASSED] - Delayed 2 second(s)

2018-11-10 00:46:09 - [TEST_STEP][PASSED] - callTestCase: Call Test Case 'Test Cases/Final Aug 2018 - PKS Automation/Common/Workflow Owner Finder' successfully

2018-11-10 00:46:09 - [TEST_CASE][PASSED] - Test Cases/Final Aug 2018 - PKS Automation/Common/Workflow Owner Finder: Test Cases/Final Aug 2018 - PKS Automation/Common/Workflow Owner Finder

2018-11-10 00:46:09 - [TEST_STEP][PASSED] - openBrowser: Browser is opened with url: ''

2018-11-10 00:46:09 - [MESSAGE][WARNING] - A browser is already opened. Closing browser and opening a new one

2018-11-10 00:46:13 - [MESSAGE][PASSED] - Browser is opened with url: ''

2018-11-10 00:46:13 - [TEST_STEP][PASSED] - navigateToUrl: Navigate to 'https://assist2-uat.perkeso.gov.my/login' successfully

2018-11-10 00:46:15 - [MESSAGE][PASSED] - Navigate to 'https://assist2-uat.perkeso.gov.my/login' successfully

2018-11-10 00:46:15 - [TEST_STEP][PASSED] - delay: Delayed 5 second(s)

2018-11-10 00:46:20 - [MESSAGE][PASSED] - Delayed 5 second(s)

2018-11-10 00:46:20 - [TEST_STEP][PASSED] - setText: Text 'test@liferay.com' is set on object 'Object Repository/Final Object Repo/Login Page/Internal User/Email Address'

2018-11-10 00:46:21 - [MESSAGE][PASSED] - Text 'test@liferay.com' is set on object 'Object Repository/Final Object Repo/Login Page/Internal User/Email Address'

2018-11-10 00:46:21 - [TEST_STEP][PASSED] - click: Object: 'Object Repository/Final Object Repo/Login Page/Internal User/Next Button' is clicked on

2018-11-10 00:46:21 - [MESSAGE][PASSED] - Object: 'Object Repository/Final Object Repo/Login Page/Internal User/Next Button' is clicked on

2018-11-10 00:46:21 - [TEST_STEP][PASSED] - delay: Delayed 2 second(s)

2018-11-10 00:46:23 - [MESSAGE][PASSED] - Delayed 2 second(s)

2018-11-10 00:46:23 - [TEST_STEP][PASSED] - setText: Text 'test' is set on object 'Object Repository/Final Object Repo/Login Page/Internal User/Password'

2018-11-10 00:46:23 - [MESSAGE][PASSED] - Text 'test' is set on object 'Object Repository/Final Object Repo/Login Page/Internal User/Password'

2018-11-10 00:46:23 - [TEST_STEP][PASSED] - delay: Delayed 2 second(s)

2018-11-10 00:46:25 - [MESSAGE][PASSED] - Delayed 2 second(s)

2018-11-10 00:46:25 - [TEST_STEP][PASSED] - click: Object: 'Object Repository/Final Object Repo/Login Page/Internal User/Login Button' is clicked on

2018-11-10 00:46:28 - [MESSAGE][PASSED] - Object: 'Object Repository/Final Object Repo/Login Page/Internal User/Login Button' is clicked on

2018-11-10 00:46:28 - [TEST_STEP][PASSED] - Statement - Try: Delayed 2 second(s)

2018-11-10 00:46:28 - [TEST_STEP][PASSED] - Statement - Checker = false: null

2018-11-10 00:46:28 - [TEST_STEP][PASSED] - Statement - Checker = com.kms.katalon.core.webui.keyword.WebUiBuiltInKeywords.verifyElementHasAttribute(com.kms.katalon.core.testobject.ObjectRepository.findTestObject(Final Object Repo/Landing Page/BM Detecting), "href", 20, OPTIONAL): Object 'Object Repository/Final Object Repo/Landing Page/BM Detecting' has attribute 'href'

2018-11-10 00:46:28 - [MESSAGE][PASSED] - Object 'Object Repository/Final Object Repo/Landing Page/BM Detecting' has attribute 'href'

2018-11-10 00:46:28 - [TEST_STEP][PASSED] - Statement - out.println(Checker): null

2018-11-10 00:46:28 - [TEST_STEP][PASSED] - Statement - If (Checker == false): null

2018-11-10 00:46:28 - [TEST_STEP][PASSED] - Statement - Else: null

2018-11-10 00:46:28 - [TEST_STEP][PASSED] - delay: Delayed 2 second(s)

2018-11-10 00:46:30 - [MESSAGE][PASSED] - Delayed 2 second(s)

2018-11-10 00:46:30 - [TEST_STEP][PASSED] - delay: Delayed 3 second(s)

2018-11-10 00:46:33 - [MESSAGE][PASSED] - Delayed 3 second(s)

2018-11-10 00:46:33 - [TEST_STEP][PASSED] - mouseOver: Object: 'Object Repository/Final Object Repo/Landing Page/WorkFlow Menu' is hovered

2018-11-10 00:46:34 - [MESSAGE][PASSED] - Object: 'Object Repository/Final Object Repo/Landing Page/WorkFlow Menu' is hovered

2018-11-10 00:46:34 - [TEST_STEP][PASSED] - delay: Delayed 2 second(s)

2018-11-10 00:46:36 - [MESSAGE][PASSED] - Delayed 2 second(s)

2018-11-10 00:46:36 - [TEST_STEP][PASSED] - click: Object: 'Object Repository/Final Object Repo/Landing Page/Select to Workflow Listing' is clicked on

2018-11-10 00:46:37 - [MESSAGE][PASSED] - Object: 'Object Repository/Final Object Repo/Landing Page/Select to Workflow Listing' is clicked on

2018-11-10 00:46:37 - [TEST_STEP][PASSED] - delay: Delayed 2 second(s)

2018-11-10 00:46:39 - [MESSAGE][PASSED] - Delayed 2 second(s)

2018-11-10 00:46:39 - [TEST_STEP][PASSED] - click: Object: 'Object Repository/Final Object Repo/WorkFlow Listing Page/Search Information - To Put Ref No' is clicked on

2018-11-10 00:46:39 - [MESSAGE][PASSED] - Object: 'Object Repository/Final Object Repo/WorkFlow Listing Page/Search Information - To Put Ref No' is clicked on

2018-11-10 00:46:39 - [TEST_STEP][PASSED] - delay: Delayed 2 second(s)

2018-11-10 00:46:41 - [MESSAGE][PASSED] - Delayed 2 second(s)

2018-11-10 00:46:41 - [TEST_STEP][PASSED] - callTestCase: Call Test Case 'Test Cases/Final Aug 2018 - PKS Automation/Common/Reference Number Getter' successfully

2018-11-10 00:46:41 - [TEST_CASE][PASSED] - Test Cases/Final Aug 2018 - PKS Automation/Common/Reference Number Getter: Test Cases/Final Aug 2018 - PKS Automation/Common/Reference Number Getter

2018-11-10 00:46:41 - [TEST_STEP][PASSED] - Statement - Try: null

2018-11-10 00:46:41 - [TEST_STEP][PASSED] - Statement - RefNo = new java.io.File(C://KatalonReference.txt): null

2018-11-10 00:46:41 - [TEST_STEP][PASSED] - Statement - bufferread = new java.io.BufferedReader(new java.io.FileReader(RefNo)): null

2018-11-10 00:46:41 - [TEST_STEP][PASSED] - Statement - readedVal = bufferread.readLine(): null

2018-11-10 00:46:41 - [TEST_STEP][PASSED] - Statement - out.println(CaseReferenceNo): null

2018-11-10 00:46:41 - [TEST_STEP][PASSED] - Statement - out.println(readedVal): null

2018-11-10 00:46:41 - [TEST_STEP][PASSED] - Statement - CaseReferenceNo = readedVal: null

2018-11-10 00:46:41 - [MESSAGE][PASSED] - Call Test Case 'Test Cases/Final Aug 2018 - PKS Automation/Common/Reference Number Getter' successfully

2018-11-10 00:46:41 - [TEST_STEP][PASSED] - setText: Text 'SSN11201800001122' is set on object 'Object Repository/Final Object Repo/WorkFlow Listing Page/Ref No Set Text'

2018-11-10 00:46:41 - [MESSAGE][PASSED] - Text 'SSN11201800001122' is set on object 'Object Repository/Final Object Repo/WorkFlow Listing Page/Ref No Set Text'

2018-11-10 00:46:41 - [TEST_STEP][PASSED] - delay: Delayed 2 second(s)

2018-11-10 00:46:43 - [MESSAGE][PASSED] - Delayed 2 second(s)

2018-11-10 00:46:43 - [TEST_STEP][PASSED] - click: Object: 'Object Repository/Final Object Repo/WorkFlow Listing Page/Search Ref No Search Button' is clicked on

2018-11-10 00:46:45 - [MESSAGE][PASSED] - Object: 'Object Repository/Final Object Repo/WorkFlow Listing Page/Search Ref No Search Button' is clicked on

2018-11-10 00:46:45 - [TEST_STEP][PASSED] - delay: Delayed 4 second(s)

2018-11-10 00:46:49 - [MESSAGE][PASSED] - Delayed 4 second(s)

2018-11-10 00:46:49 - [TEST_STEP][PASSED] - click: Object: 'Object Repository/Final Object Repo/WorkFlow Listing Page/Click Continue Tooltip' is clicked on

2018-11-10 00:46:50 - [MESSAGE][PASSED] - Object: 'Object Repository/Final Object Repo/WorkFlow Listing Page/Click Continue Tooltip' is clicked on

2018-11-10 00:46:50 - [TEST_STEP][PASSED] - delay: Delayed 5 second(s)

2018-11-10 00:46:55 - [MESSAGE][PASSED] - Delayed 5 second(s)

2018-11-10 00:46:55 - [TEST_STEP][PASSED] - doubleClick: Object: 'Object Repository/Final Object Repo/WorkFlow Listing Page/Workflow Found - Listing 1' is double clicked on

2018-11-10 00:46:55 - [MESSAGE][PASSED] - Object: 'Object Repository/Final Object Repo/WorkFlow Listing Page/Workflow Found - Listing 1' is double clicked on

2018-11-10 00:46:55 - [TEST_STEP][PASSED] - Statement - println(OwnerID): null

2018-11-10 00:46:55 - [TEST_STEP][PASSED] - Statement - OwnerID = com.kms.katalon.core.webui.keyword.WebUiBuiltInKeywords.getText(com.kms.katalon.core.testobject.ObjectRepository.findTestObject(Final Object Repo/WorkFlow Listing Page/Workflow Found - Listing 1), STOP_ON_FAILURE): Text of object 'Object Repository/Final Object Repo/WorkFlow Listing Page/Workflow Found - Listing 1' is: 'JOHORro2'

2018-11-10 00:46:56 - [MESSAGE][PASSED] - Text of object 'Object Repository/Final Object Repo/WorkFlow Listing Page/Workflow Found - Listing 1' is: 'JOHORro2'

2018-11-10 00:46:56 - [TEST_STEP][PASSED] - Statement - OwnerID = OwnerID.toLowerCase() + "@gmail.com": null

2018-11-10 00:46:56 - [TEST_STEP][PASSED] - Statement - println(OwnerID): null

2018-11-10 00:46:56 - [TEST_STEP][PASSED] - delay: Delayed 2 second(s)

2018-11-10 00:46:58 - [MESSAGE][PASSED] - Delayed 2 second(s)

2018-11-10 00:46:58 - [MESSAGE][PASSED] - Call Test Case 'Test Cases/Final Aug 2018 - PKS Automation/Common/Workflow Owner Finder' successfully

2018-11-10 00:46:58 - [TEST_STEP][PASSED] - delay: Delayed 2 second(s)

2018-11-10 00:47:00 - [MESSAGE][PASSED] - Delayed 2 second(s)

2018-11-10 00:47:00 - [TEST_STEP][PASSED] - navigateToUrl: Navigate to 'https://assist2-uat.perkeso.gov.my/c/portal/logout' successfully

2018-11-10 00:47:00 - [MESSAGE][PASSED] - Navigate to 'https://assist2-uat.perkeso.gov.my/c/portal/logout' successfully

2018-11-10 00:47:00 - [TEST_STEP][PASSED] - delay: Delayed 2 second(s)

2018-11-10 00:47:02 - [MESSAGE][PASSED] - Delayed 2 second(s)

2018-11-10 00:47:02 - [TEST_STEP][PASSED] - callTestCase: Call Test Case 'Test Cases/Final Aug 2018 - PKS Automation/Registration Module/Workflow/Login and Search Case For Workflow' successfully

2018-11-10 00:47:03 - [TEST_CASE][PASSED] - Test Cases/Final Aug 2018 - PKS Automation/Registration Module/Workflow/Login and Search Case For Workflow: Test Cases/Final Aug 2018 - PKS Automation/Registration Module/Workflow/Login and Search Case For Workflow

2018-11-10 00:47:03 - [TEST_STEP][PASSED] - navigateToUrl: Navigate to 'https://assist2-uat.perkeso.gov.my/login' successfully

2018-11-10 00:47:03 - [MESSAGE][PASSED] - Navigate to 'https://assist2-uat.perkeso.gov.my/login' successfully

2018-11-10 00:47:03 - [TEST_STEP][PASSED] - setText: Text 'johorro2@gmail.com' is set on object 'Object Repository/Final Object Repo/Login Page/Internal User/Email Address'

2018-11-10 00:47:04 - [MESSAGE][PASSED] - Text 'johorro2@gmail.com' is set on object 'Object Repository/Final Object Repo/Login Page/Internal User/Email Address'

2018-11-10 00:47:04 - [TEST_STEP][PASSED] - click: Object: 'Object Repository/Final Object Repo/Login Page/Internal User/Next Button' is clicked on

2018-11-10 00:47:04 - [MESSAGE][PASSED] - Object: 'Object Repository/Final Object Repo/Login Page/Internal User/Next Button' is clicked on

2018-11-10 00:47:04 - [TEST_STEP][PASSED] - delay: Delayed 1 second(s)

2018-11-10 00:47:05 - [MESSAGE][PASSED] - Delayed 1 second(s)

2018-11-10 00:47:05 - [TEST_STEP][PASSED] - setEncryptedText: Text ****** has been set on object 'Object Repository/Final Object Repo/Login Page/Internal User/Password'

2018-11-10 00:47:05 - [MESSAGE][PASSED] - Text ****** has been set on object 'Object Repository/Final Object Repo/Login Page/Internal User/Password'

2018-11-10 00:47:05 - [TEST_STEP][PASSED] - click: Object: 'Object Repository/Final Object Repo/Login Page/Internal User/Login Button' is clicked on

2018-11-10 00:47:07 - [MESSAGE][PASSED] - Object: 'Object Repository/Final Object Repo/Login Page/Internal User/Login Button' is clicked on

2018-11-10 00:47:07 - [TEST_STEP][PASSED] - delay: Delayed 2 second(s)

2018-11-10 00:47:09 - [MESSAGE][PASSED] - Delayed 2 second(s)

2018-11-10 00:47:09 - [TEST_STEP][PASSED] - Statement - Try: Delayed 2 second(s)

2018-11-10 00:47:09 - [TEST_STEP][PASSED] - Statement - Checker = false: null

2018-11-10 00:47:09 - [TEST_STEP][PASSED] - Statement - Checker = com.kms.katalon.core.webui.keyword.WebUiBuiltInKeywords.verifyElementHasAttribute(com.kms.katalon.core.testobject.ObjectRepository.findTestObject(Final Object Repo/Landing Page/BM Detecting), "href", 20, OPTIONAL): Object 'Object Repository/Final Object Repo/Landing Page/BM Detecting' has attribute 'href'

2018-11-10 00:47:09 - [MESSAGE][PASSED] - Object 'Object Repository/Final Object Repo/Landing Page/BM Detecting' has attribute 'href'

2018-11-10 00:47:09 - [TEST_STEP][PASSED] - Statement - out.println(Checker): null

2018-11-10 00:47:09 - [TEST_STEP][PASSED] - Statement - If (Checker == false): null

2018-11-10 00:47:09 - [TEST_STEP][PASSED] - Statement - Else: null

2018-11-10 00:47:09 - [TEST_STEP][PASSED] - delay: Delayed 2 second(s)

2018-11-10 00:47:11 - [MESSAGE][PASSED] - Delayed 2 second(s)

2018-11-10 00:47:11 - [TEST_STEP][PASSED] - click: Object: 'Object Repository/Final Object Repo/Page_MyASSIST - ASSIST - Search Pending Case For Add Supporting Document/Search Information' is clicked on

2018-11-10 00:47:11 - [MESSAGE][PASSED] - Object: 'Object Repository/Final Object Repo/Page_MyASSIST - ASSIST - Search Pending Case For Add Supporting Document/Search Information' is clicked on

2018-11-10 00:47:11 - [TEST_STEP][PASSED] - delay: Delayed 3 second(s)

2018-11-10 00:47:14 - [MESSAGE][PASSED] - Delayed 3 second(s)

2018-11-10 00:47:14 - [TEST_STEP][PASSED] - sendKeys: Keys 'SSN11201800001122' sent to object: 'Object Repository/Final Object Repo/Page_MyASSIST - ASSIST - Search Pending Case For Add Supporting Document/Reference No'

2018-11-10 00:47:15 - [MESSAGE][PASSED] - Keys 'SSN11201800001122' sent to object: 'Object Repository/Final Object Repo/Page_MyASSIST - ASSIST - Search Pending Case For Add Supporting Document/Reference No'

2018-11-10 00:47:15 - [TEST_STEP][PASSED] - click: Object: 'Object Repository/Final Object Repo/Page_MyASSIST - ASSIST - Search Pending Case For Add Supporting Document/Search Reference No' is clicked on

2018-11-10 00:47:17 - [MESSAGE][PASSED] - Object: 'Object Repository/Final Object Repo/Page_MyASSIST - ASSIST - Search Pending Case For Add Supporting Document/Search Reference No' is clicked on

2018-11-10 00:47:17 - [TEST_STEP][PASSED] - delay: Delayed 2 second(s)

2018-11-10 00:47:19 - [MESSAGE][PASSED] - Delayed 2 second(s)

2018-11-10 00:47:19 - [TEST_STEP][PASSED] - click: Object: 'Object Repository/Final Object Repo/Page_MyASSIST - ASSIST - Search Pending Case For Add Supporting Document/Continue' is clicked on

2018-11-10 00:47:26 - [MESSAGE][PASSED] - Object: 'Object Repository/Final Object Repo/Page_MyASSIST - ASSIST - Search Pending Case For Add Supporting Document/Continue' is clicked on

2018-11-10 00:47:26 - [TEST_STEP][PASSED] - delay: Delayed 20 second(s)

2018-11-10 00:47:46 - [MESSAGE][PASSED] - Delayed 20 second(s)

2018-11-10 00:47:46 - [MESSAGE][PASSED] - Call Test Case 'Test Cases/Final Aug 2018 - PKS Automation/Registration Module/Workflow/Login and Search Case For Workflow' successfully

2018-11-10 00:47:46 - [TEST_STEP][PASSED] - callTestCase: Call Test Case 'Test Cases/Final Aug 2018 - PKS Automation/Registration Module/Workflow/Request SSN/Template/Request SSN - RO (Under enforcement)' successfully

2018-11-10 00:47:46 - [TEST_CASE][PASSED] - Test Cases/Final Aug 2018 - PKS Automation/Registration Module/Workflow/Request SSN/Template/Request SSN - RO (Under enforcement): Test Cases/Final Aug 2018 - PKS Automation/Registration Module/Workflow/Request SSN/Template/Request SSN - RO (Under enforcement)

2018-11-10 00:47:47 - [TEST_STEP][NOT_RUN] - openBrowser: NOT_RUN: openBrowser

2018-11-10 00:47:47 - [MESSAGE][NOT_RUN] - NOT_RUN: openBrowser

2018-11-10 00:47:47 - [TEST_STEP][NOT_RUN] - navigateToUrl: NOT_RUN: navigateToUrl

2018-11-10 00:47:47 - [MESSAGE][NOT_RUN] - NOT_RUN: navigateToUrl

2018-11-10 00:47:47 - [TEST_STEP][NOT_RUN] - setText: NOT_RUN: setText

2018-11-10 00:47:47 - [MESSAGE][NOT_RUN] - NOT_RUN: setText

2018-11-10 00:47:47 - [TEST_STEP][NOT_RUN] - click: NOT_RUN: click

2018-11-10 00:47:47 - [MESSAGE][NOT_RUN] - NOT_RUN: click

2018-11-10 00:47:47 - [TEST_STEP][NOT_RUN] - delay: NOT_RUN: delay

2018-11-10 00:47:47 - [MESSAGE][NOT_RUN] - NOT_RUN: delay

2018-11-10 00:47:47 - [TEST_STEP][NOT_RUN] - setEncryptedText: NOT_RUN: setEncryptedText

2018-11-10 00:47:47 - [MESSAGE][NOT_RUN] - NOT_RUN: setEncryptedText

2018-11-10 00:47:47 - [TEST_STEP][NOT_RUN] - click: NOT_RUN: click

2018-11-10 00:47:47 - [MESSAGE][NOT_RUN] - NOT_RUN: click

2018-11-10 00:47:47 - [TEST_STEP][NOT_RUN] - delay: NOT_RUN: delay

2018-11-10 00:47:47 - [MESSAGE][NOT_RUN] - NOT_RUN: delay

2018-11-10 00:47:47 - [TEST_STEP][NOT_RUN] - click: NOT_RUN: click

2018-11-10 00:47:47 - [MESSAGE][NOT_RUN] - NOT_RUN: click

2018-11-10 00:47:47 - [TEST_STEP][NOT_RUN] - delay: NOT_RUN: delay

2018-11-10 00:47:47 - [MESSAGE][NOT_RUN] - NOT_RUN: delay

2018-11-10 00:47:47 - [TEST_STEP][NOT_RUN] - sendKeys: NOT_RUN: sendKeys

2018-11-10 00:47:47 - [MESSAGE][NOT_RUN] - NOT_RUN: sendKeys

2018-11-10 00:47:47 - [TEST_STEP][NOT_RUN] - click: NOT_RUN: click

2018-11-10 00:47:47 - [MESSAGE][NOT_RUN] - NOT_RUN: click

2018-11-10 00:47:47 - [TEST_STEP][NOT_RUN] - delay: NOT_RUN: delay

2018-11-10 00:47:47 - [MESSAGE][NOT_RUN] - NOT_RUN: delay

2018-11-10 00:47:47 - [TEST_STEP][NOT_RUN] - click: NOT_RUN: click

2018-11-10 00:47:47 - [MESSAGE][NOT_RUN] - NOT_RUN: click

2018-11-10 00:47:47 - [TEST_STEP][PASSED] - click: Object: 'Object Repository/Final Object Repo/Page_Request SSN - ASSIST/Page_Request SSN - ASSIST - RO/Approval For SSN' is clicked on

2018-11-10 00:47:47 - [MESSAGE][PASSED] - Object: 'Object Repository/Final Object Repo/Page_Request SSN - ASSIST/Page_Request SSN - ASSIST - RO/Approval For SSN' is clicked on

2018-11-10 00:47:47 - [TEST_STEP][PASSED] - click: Object: 'Object Repository/Final Object Repo/Page_Request SSN - ASSIST/Page_Request SSN - ASSIST - RO/Approval For SSN - Approve' is clicked on

2018-11-10 00:47:48 - [MESSAGE][PASSED] - Object: 'Object Repository/Final Object Repo/Page_Request SSN - ASSIST/Page_Request SSN - ASSIST - RO/Approval For SSN - Approve' is clicked on

2018-11-10 00:47:48 - [TEST_STEP][PASSED] - delay: Delayed 2 second(s)

2018-11-10 00:47:50 - [MESSAGE][PASSED] - Delayed 2 second(s)

2018-11-10 00:47:50 - [TEST_STEP][PASSED] - click: Object: 'Object Repository/Final Object Repo/Page_Request SSN - ASSIST/Page_Request SSN - ASSIST - RO/Save  Continue in SSN Page' is clicked on

2018-11-10 00:47:56 - [MESSAGE][PASSED] - Object: 'Object Repository/Final Object Repo/Page_Request SSN - ASSIST/Page_Request SSN - ASSIST - RO/Save  Continue in SSN Page' is clicked on

2018-11-10 00:47:56 - [TEST_STEP][PASSED] - delay: Delayed 2 second(s)

2018-11-10 00:47:58 - [MESSAGE][PASSED] - Delayed 2 second(s)

2018-11-10 00:47:58 - [TEST_STEP][PASSED] - click: Object: 'Object Repository/Final Object Repo/Page_Request SSN - ASSIST/Page_Request SSN - ASSIST - RO/Save  Continue in Uploading Document Page' is clicked on

2018-11-10 00:48:03 - [MESSAGE][PASSED] - Object: 'Object Repository/Final Object Repo/Page_Request SSN - ASSIST/Page_Request SSN - ASSIST - RO/Save  Continue in Uploading Document Page' is clicked on

2018-11-10 00:48:03 - [TEST_STEP][PASSED] - delay: Delayed 2 second(s)

2018-11-10 00:48:05 - [MESSAGE][PASSED] - Delayed 2 second(s)

2018-11-10 00:48:05 - [TEST_STEP][PASSED] - click: Object: 'Object Repository/Final Object Repo/Page_Request SSN - ASSIST/Page_Request SSN - ASSIST - RO/Page_Request SSN - ASSIST (Under enforcement)/Under Enforcement' is clicked on

2018-11-10 00:48:05 - [MESSAGE][PASSED] - Object: 'Object Repository/Final Object Repo/Page_Request SSN - ASSIST/Page_Request SSN - ASSIST - RO/Page_Request SSN - ASSIST (Under enforcement)/Under Enforcement' is clicked on

2018-11-10 00:48:05 - [TEST_STEP][PASSED] - delay: Delayed 2 second(s)

2018-11-10 00:48:07 - [MESSAGE][PASSED] - Delayed 2 second(s)

2018-11-10 00:48:07 - [TEST_STEP][PASSED] - sendKeys: Keys 'Remark' sent to object: 'Object Repository/Final Object Repo/Page_Request SSN - ASSIST/Page_Request SSN - ASSIST - RO/Page_Request SSN - ASSIST (Under enforcement)/Under Endorcement - Remark'

2018-11-10 00:48:07 - [MESSAGE][PASSED] - Keys 'Remark' sent to object: 'Object Repository/Final Object Repo/Page_Request SSN - ASSIST/Page_Request SSN - ASSIST - RO/Page_Request SSN - ASSIST (Under enforcement)/Under Endorcement - Remark'

2018-11-10 00:48:07 - [TEST_STEP][PASSED] - delay: Delayed 2 second(s)

2018-11-10 00:48:09 - [MESSAGE][PASSED] - Delayed 2 second(s)

2018-11-10 00:48:09 - [TEST_STEP][PASSED] - click: Object: 'Object Repository/Final Object Repo/Page_Request SSN - ASSIST/Page_Request SSN - ASSIST - RO/Page_Request SSN - ASSIST (Under enforcement)/Save  Continue in Under Enforcement Page' is clicked on

2018-11-10 00:48:14 - [MESSAGE][PASSED] - Object: 'Object Repository/Final Object Repo/Page_Request SSN - ASSIST/Page_Request SSN - ASSIST - RO/Page_Request SSN - ASSIST (Under enforcement)/Save  Continue in Under Enforcement Page' is clicked on

2018-11-10 00:48:14 - [TEST_STEP][PASSED] - delay: Delayed 2 second(s)

2018-11-10 00:48:16 - [MESSAGE][PASSED] - Delayed 2 second(s)

2018-11-10 00:48:17 - [TEST_STEP][PASSED] - verifyElementVisible: Object 'Object Repository/Final Object Repo/Page_Request SSN - ASSIST/Page_Request SSN - ASSIST - RO/Page_Request SSN - ASSIST (Under enforcement)/Message The case is under enforceme' is visible

2018-11-10 00:48:17 - [MESSAGE][PASSED] - Object 'Object Repository/Final Object Repo/Page_Request SSN - ASSIST/Page_Request SSN - ASSIST - RO/Page_Request SSN - ASSIST (Under enforcement)/Message The case is under enforceme' is visible

2018-11-10 00:48:17 - [TEST_STEP][PASSED] - delay: Delayed 2 second(s)

2018-11-10 00:48:19 - [MESSAGE][PASSED] - Delayed 2 second(s)

2018-11-10 00:48:19 - [TEST_STEP][PASSED] - click: Object: 'Object Repository/Final Object Repo/Page_Request SSN - ASSIST/Page_Request SSN - ASSIST - RO/Page_Request SSN - ASSIST (Under enforcement)/OK' is clicked on

2018-11-10 00:48:20 - [MESSAGE][PASSED] - Object: 'Object Repository/Final Object Repo/Page_Request SSN - ASSIST/Page_Request SSN - ASSIST - RO/Page_Request SSN - ASSIST (Under enforcement)/OK' is clicked on

2018-11-10 00:48:20 - [MESSAGE][PASSED] - Call Test Case 'Test Cases/Final Aug 2018 - PKS Automation/Registration Module/Workflow/Request SSN/Template/Request SSN - RO (Under enforcement)' successfully

2018-11-10 00:48:20 - [MESSAGE][PASSED] - Call Test Case 'Test Cases/Final Aug 2018 - PKS Automation/Registration Module/Workflow/Request SSN/Template/Request SSN RIO - RO (Under Enforcement)' successfully]]></system-out>
         <system-err><![CDATA[]]></system-err>
      </testcase>
      <testcase name="Test Cases/Final Aug 2018 - PKS Automation/Registration Module/Workflow/Request SSN/PKRBO - RIO - RO (Approve)" classname="Test Cases/Final Aug 2018 - PKS Automation/Registration Module/Workflow/Request SSN/PKRBO - RIO - RO (Approve)" status="ERROR">
         <error type="ERROR" message="Test Cases/Final Aug 2018 - PKS Automation/Registration Module/Workflow/Request SSN/PKRBO - RIO - RO (Approve) FAILED because (of) (Stack trace: java.lang.IllegalArgumentException: Cannot find test case with id 'Test Cases/Final Aug 2018 - PKS Automation/Registration/Login and Search Case For Workflow'
	at com.kms.katalon.core.testcase.TestCaseFactory.findTestCase(TestCaseFactory.java:72)
	at com.kms.katalon.core.testcase.TestCaseFactory$findTestCase.callStatic(Unknown Source)
	at org.codehaus.groovy.runtime.callsite.CallSiteArray.defaultCallStatic(CallSiteArray.java:56)
	at org.codehaus.groovy.runtime.callsite.AbstractCallSite.callStatic(AbstractCallSite.java:194)
	at org.codehaus.groovy.runtime.callsite.AbstractCallSite.callStatic(AbstractCallSite.java:206)
	at Script1537866116409.run(Script1537866116409.groovy:38)
	at com.kms.katalon.core.main.ScriptEngine.run(ScriptEngine.java:183)
	at com.kms.katalon.core.main.ScriptEngine.runScriptAsRawText(ScriptEngine.java:108)
	at com.kms.katalon.core.main.TestCaseExecutor.runScript(TestCaseExecutor.java:294)
	at com.kms.katalon.core.main.TestCaseExecutor.doExecute(TestCaseExecutor.java:285)
	at com.kms.katalon.core.main.TestCaseExecutor.processExecutionPhase(TestCaseExecutor.java:264)
	at com.kms.katalon.core.main.TestCaseExecutor.accessMainPhase(TestCaseExecutor.java:256)
	at com.kms.katalon.core.main.TestCaseExecutor.execute(TestCaseExecutor.java:200)
	at com.kms.katalon.core.main.TestCaseMain.runTestCase(TestCaseMain.java:99)
	at com.kms.katalon.core.keyword.builtin.CallTestCaseKeyword$_callTestCase_closure1.doCall(CallTestCaseKeyword.groovy:60)
	at com.kms.katalon.core.keyword.builtin.CallTestCaseKeyword$_callTestCase_closure1.call(CallTestCaseKeyword.groovy)
	at com.kms.katalon.core.keyword.internal.KeywordMain.runKeyword(KeywordMain.groovy:54)
	at com.kms.katalon.core.keyword.builtin.CallTestCaseKeyword.callTestCase(CallTestCaseKeyword.groovy:81)
	at com.kms.katalon.core.keyword.builtin.CallTestCaseKeyword.execute(CallTestCaseKeyword.groovy:45)
	at com.kms.katalon.core.keyword.internal.KeywordExecutor.executeKeywordForPlatform(KeywordExecutor.groovy:53)
	at com.kms.katalon.core.keyword.BuiltinKeywords.callTestCase(BuiltinKeywords.groovy:334)
	at sun.reflect.GeneratedMethodAccessor13.invoke(Unknown Source)
	at sun.reflect.DelegatingMethodAccessorImpl.invoke(DelegatingMethodAccessorImpl.java:43)
	at java.lang.reflect.Method.invoke(Method.java:498)
	at org.codehaus.groovy.reflection.CachedMethod.invoke(CachedMethod.java:93)
	at groovy.lang.MetaMethod.doMethodInvoke(MetaMethod.java:325)
	at groovy.lang.MetaClassImpl.invokeStaticMethod(MetaClassImpl.java:1469)
	at org.codehaus.groovy.runtime.callsite.StaticMetaClassSite.call(StaticMetaClassSite.java:53)
	at org.codehaus.groovy.runtime.callsite.CallSiteArray.defaultCall(CallSiteArray.java:48)
	at org.codehaus.groovy.runtime.callsite.AbstractCallSite.call(AbstractCallSite.java:113)
	at org.codehaus.groovy.runtime.callsite.AbstractCallSite.call(AbstractCallSite.java:141)
	at Script1536300508619.run(Script1536300508619.groovy:24)
	at com.kms.katalon.core.main.ScriptEngine.run(ScriptEngine.java:183)
	at com.kms.katalon.core.main.ScriptEngine.runScriptAsRawText(ScriptEngine.java:108)
	at com.kms.katalon.core.main.TestCaseExecutor.runScript(TestCaseExecutor.java:294)
	at com.kms.katalon.core.main.TestCaseExecutor.doExecute(TestCaseExecutor.java:285)
	at com.kms.katalon.core.main.TestCaseExecutor.processExecutionPhase(TestCaseExecutor.java:264)
	at com.kms.katalon.core.main.TestCaseExecutor.accessMainPhase(TestCaseExecutor.java:256)
	at com.kms.katalon.core.main.TestCaseExecutor.execute(TestCaseExecutor.java:200)
	at com.kms.katalon.core.main.TestSuiteExecutor.accessTestCaseMainPhase(TestSuiteExecutor.java:129)
	at com.kms.katalon.core.main.TestSuiteExecutor.accessTestSuiteMainPhase(TestSuiteExecutor.java:112)
	at com.kms.katalon.core.main.TestSuiteExecutor.execute(TestSuiteExecutor.java:81)
	at com.kms.katalon.core.main.TestCaseMain.startTestSuite(TestCaseMain.java:142)
	at com.kms.katalon.core.main.TestCaseMain$startTestSuite$0.call(Unknown Source)
	at org.codehaus.groovy.runtime.callsite.CallSiteArray.defaultCall(CallSiteArray.java:48)
	at org.codehaus.groovy.runtime.callsite.AbstractCallSite.call(AbstractCallSite.java:113)
	at org.codehaus.groovy.runtime.callsite.AbstractCallSite.call(AbstractCallSite.java:141)
	at TempTestSuite1541781047348.run(TempTestSuite1541781047348.groovy:36)
	at groovy.lang.GroovyShell.runScriptOrMainOrTestOrRunnable(GroovyShell.java:263)
	at groovy.lang.GroovyShell.run(GroovyShell.java:518)
	at groovy.lang.GroovyShell.run(GroovyShell.java:507)
	at groovy.ui.GroovyMain.processOnce(GroovyMain.java:653)
	at groovy.ui.GroovyMain.run(GroovyMain.java:384)
	at groovy.ui.GroovyMain.process(GroovyMain.java:370)
	at groovy.ui.GroovyMain.processArgs(GroovyMain.java:129)
	at groovy.ui.GroovyMain.main(GroovyMain.java:109)
	at sun.reflect.NativeMethodAccessorImpl.invoke0(Native Method)
	at sun.reflect.NativeMethodAccessorImpl.invoke(NativeMethodAccessorImpl.java:62)
	at sun.reflect.DelegatingMethodAccessorImpl.invoke(DelegatingMethodAccessorImpl.java:43)
	at java.lang.reflect.Method.invoke(Method.java:498)
	at org.codehaus.groovy.tools.GroovyStarter.rootLoader(GroovyStarter.java:109)
	at org.codehaus.groovy.tools.GroovyStarter.main(GroovyStarter.java:131)
)"/>
         <system-out><![CDATA[2018-11-10 00:48:20 - [TEST_CASE][ERROR] - Test Cases/Final Aug 2018 - PKS Automation/Registration Module/Workflow/Request SSN/PKRBO - RIO - RO (Approve): Test Cases/Final Aug 2018 - PKS Automation/Registration Module/Workflow/Request SSN/PKRBO - RIO - RO (Approve) FAILED because (of) (Stack trace: java.lang.IllegalArgumentException: Cannot find test case with id 'Test Cases/Final Aug 2018 - PKS Automation/Registration/Login and Search Case For Workflow'
	at com.kms.katalon.core.testcase.TestCaseFactory.findTestCase(TestCaseFactory.java:72)
	at com.kms.katalon.core.testcase.TestCaseFactory$findTestCase.callStatic(Unknown Source)
	at org.codehaus.groovy.runtime.callsite.CallSiteArray.defaultCallStatic(CallSiteArray.java:56)
	at org.codehaus.groovy.runtime.callsite.AbstractCallSite.callStatic(AbstractCallSite.java:194)
	at org.codehaus.groovy.runtime.callsite.AbstractCallSite.callStatic(AbstractCallSite.java:206)
	at Script1537866116409.run(Script1537866116409.groovy:38)
	at com.kms.katalon.core.main.ScriptEngine.run(ScriptEngine.java:183)
	at com.kms.katalon.core.main.ScriptEngine.runScriptAsRawText(ScriptEngine.java:108)
	at com.kms.katalon.core.main.TestCaseExecutor.runScript(TestCaseExecutor.java:294)
	at com.kms.katalon.core.main.TestCaseExecutor.doExecute(TestCaseExecutor.java:285)
	at com.kms.katalon.core.main.TestCaseExecutor.processExecutionPhase(TestCaseExecutor.java:264)
	at com.kms.katalon.core.main.TestCaseExecutor.accessMainPhase(TestCaseExecutor.java:256)
	at com.kms.katalon.core.main.TestCaseExecutor.execute(TestCaseExecutor.java:200)
	at com.kms.katalon.core.main.TestCaseMain.runTestCase(TestCaseMain.java:99)
	at com.kms.katalon.core.keyword.builtin.CallTestCaseKeyword$_callTestCase_closure1.doCall(CallTestCaseKeyword.groovy:60)
	at com.kms.katalon.core.keyword.builtin.CallTestCaseKeyword$_callTestCase_closure1.call(CallTestCaseKeyword.groovy)
	at com.kms.katalon.core.keyword.internal.KeywordMain.runKeyword(KeywordMain.groovy:54)
	at com.kms.katalon.core.keyword.builtin.CallTestCaseKeyword.callTestCase(CallTestCaseKeyword.groovy:81)
	at com.kms.katalon.core.keyword.builtin.CallTestCaseKeyword.execute(CallTestCaseKeyword.groovy:45)
	at com.kms.katalon.core.keyword.internal.KeywordExecutor.executeKeywordForPlatform(KeywordExecutor.groovy:53)
	at com.kms.katalon.core.keyword.BuiltinKeywords.callTestCase(BuiltinKeywords.groovy:334)
	at sun.reflect.GeneratedMethodAccessor13.invoke(Unknown Source)
	at sun.reflect.DelegatingMethodAccessorImpl.invoke(DelegatingMethodAccessorImpl.java:43)
	at java.lang.reflect.Method.invoke(Method.java:498)
	at org.codehaus.groovy.reflection.CachedMethod.invoke(CachedMethod.java:93)
	at groovy.lang.MetaMethod.doMethodInvoke(MetaMethod.java:325)
	at groovy.lang.MetaClassImpl.invokeStaticMethod(MetaClassImpl.java:1469)
	at org.codehaus.groovy.runtime.callsite.StaticMetaClassSite.call(StaticMetaClassSite.java:53)
	at org.codehaus.groovy.runtime.callsite.CallSiteArray.defaultCall(CallSiteArray.java:48)
	at org.codehaus.groovy.runtime.callsite.AbstractCallSite.call(AbstractCallSite.java:113)
	at org.codehaus.groovy.runtime.callsite.AbstractCallSite.call(AbstractCallSite.java:141)
	at Script1536300508619.run(Script1536300508619.groovy:24)
	at com.kms.katalon.core.main.ScriptEngine.run(ScriptEngine.java:183)
	at com.kms.katalon.core.main.ScriptEngine.runScriptAsRawText(ScriptEngine.java:108)
	at com.kms.katalon.core.main.TestCaseExecutor.runScript(TestCaseExecutor.java:294)
	at com.kms.katalon.core.main.TestCaseExecutor.doExecute(TestCaseExecutor.java:285)
	at com.kms.katalon.core.main.TestCaseExecutor.processExecutionPhase(TestCaseExecutor.java:264)
	at com.kms.katalon.core.main.TestCaseExecutor.accessMainPhase(TestCaseExecutor.java:256)
	at com.kms.katalon.core.main.TestCaseExecutor.execute(TestCaseExecutor.java:200)
	at com.kms.katalon.core.main.TestSuiteExecutor.accessTestCaseMainPhase(TestSuiteExecutor.java:129)
	at com.kms.katalon.core.main.TestSuiteExecutor.accessTestSuiteMainPhase(TestSuiteExecutor.java:112)
	at com.kms.katalon.core.main.TestSuiteExecutor.execute(TestSuiteExecutor.java:81)
	at com.kms.katalon.core.main.TestCaseMain.startTestSuite(TestCaseMain.java:142)
	at com.kms.katalon.core.main.TestCaseMain$startTestSuite$0.call(Unknown Source)
	at org.codehaus.groovy.runtime.callsite.CallSiteArray.defaultCall(CallSiteArray.java:48)
	at org.codehaus.groovy.runtime.callsite.AbstractCallSite.call(AbstractCallSite.java:113)
	at org.codehaus.groovy.runtime.callsite.AbstractCallSite.call(AbstractCallSite.java:141)
	at TempTestSuite1541781047348.run(TempTestSuite1541781047348.groovy:36)
	at groovy.lang.GroovyShell.runScriptOrMainOrTestOrRunnable(GroovyShell.java:263)
	at groovy.lang.GroovyShell.run(GroovyShell.java:518)
	at groovy.lang.GroovyShell.run(GroovyShell.java:507)
	at groovy.ui.GroovyMain.processOnce(GroovyMain.java:653)
	at groovy.ui.GroovyMain.run(GroovyMain.java:384)
	at groovy.ui.GroovyMain.process(GroovyMain.java:370)
	at groovy.ui.GroovyMain.processArgs(GroovyMain.java:129)
	at groovy.ui.GroovyMain.main(GroovyMain.java:109)
	at sun.reflect.NativeMethodAccessorImpl.invoke0(Native Method)
	at sun.reflect.NativeMethodAccessorImpl.invoke(NativeMethodAccessorImpl.java:62)
	at sun.reflect.DelegatingMethodAccessorImpl.invoke(DelegatingMethodAccessorImpl.java:43)
	at java.lang.reflect.Method.invoke(Method.java:498)
	at org.codehaus.groovy.tools.GroovyStarter.rootLoader(GroovyStarter.java:109)
	at org.codehaus.groovy.tools.GroovyStarter.main(GroovyStarter.java:131)
)

2018-11-10 00:48:20 - [TEST_STEP][PASSED] - callTestCase: Call Test Case 'Test Cases/Final Aug 2018 - PKS Automation/Registration Module/Workflow/Request SSN/Template/Request SSN - PKRBO' successfully

2018-11-10 00:48:20 - [TEST_CASE][PASSED] - Test Cases/Final Aug 2018 - PKS Automation/Registration Module/Workflow/Request SSN/Template/Request SSN - PKRBO: Test Cases/Final Aug 2018 - PKS Automation/Registration Module/Workflow/Request SSN/Template/Request SSN - PKRBO

2018-11-10 00:48:20 - [TEST_STEP][PASSED] - openBrowser: Browser is opened with url: ''

2018-11-10 00:48:20 - [MESSAGE][WARNING] - A browser is already opened. Closing browser and opening a new one

2018-11-10 00:48:29 - [MESSAGE][PASSED] - Browser is opened with url: ''

2018-11-10 00:48:29 - [TEST_STEP][PASSED] - navigateToUrl: Navigate to 'https://assist2-uat.perkeso.gov.my/login' successfully

2018-11-10 00:48:32 - [MESSAGE][PASSED] - Navigate to 'https://assist2-uat.perkeso.gov.my/login' successfully

2018-11-10 00:48:32 - [TEST_STEP][PASSED] - setText: Text 'johorpkrbo1@gmail.com' is set on object 'Object Repository/Final Object Repo/Login Page/Internal User/Email Address'

2018-11-10 00:48:32 - [MESSAGE][PASSED] - Text 'johorpkrbo1@gmail.com' is set on object 'Object Repository/Final Object Repo/Login Page/Internal User/Email Address'

2018-11-10 00:48:32 - [TEST_STEP][PASSED] - click: Object: 'Object Repository/Final Object Repo/Login Page/Internal User/Next Button' is clicked on

2018-11-10 00:48:32 - [MESSAGE][PASSED] - Object: 'Object Repository/Final Object Repo/Login Page/Internal User/Next Button' is clicked on

2018-11-10 00:48:32 - [TEST_STEP][PASSED] - delay: Delayed 1 second(s)

2018-11-10 00:48:33 - [MESSAGE][PASSED] - Delayed 1 second(s)

2018-11-10 00:48:33 - [TEST_STEP][PASSED] - setEncryptedText: Text ****** has been set on object 'Object Repository/Final Object Repo/Login Page/Internal User/Password'

2018-11-10 00:48:33 - [MESSAGE][PASSED] - Text ****** has been set on object 'Object Repository/Final Object Repo/Login Page/Internal User/Password'

2018-11-10 00:48:33 - [TEST_STEP][PASSED] - click: Object: 'Object Repository/Final Object Repo/Login Page/Internal User/Login Button' is clicked on

2018-11-10 00:48:38 - [MESSAGE][PASSED] - Object: 'Object Repository/Final Object Repo/Login Page/Internal User/Login Button' is clicked on

2018-11-10 00:48:38 - [TEST_STEP][PASSED] - delay: Delayed 1 second(s)

2018-11-10 00:48:39 - [MESSAGE][PASSED] - Delayed 1 second(s)

2018-11-10 00:48:39 - [TEST_STEP][PASSED] - navigateToUrl: Navigate to 'https://assist2-uat.perkeso.gov.my/web/registration/request-ssn' successfully

2018-11-10 00:48:44 - [MESSAGE][PASSED] - Navigate to 'https://assist2-uat.perkeso.gov.my/web/registration/request-ssn' successfully

2018-11-10 00:48:44 - [TEST_STEP][PASSED] - setText: Text 'perkeso' is set on object 'Object Repository/Final Object Repo/Page_Request SSN - ASSIST/AI - Name'

2018-11-10 00:48:44 - [MESSAGE][PASSED] - Text 'perkeso' is set on object 'Object Repository/Final Object Repo/Page_Request SSN - ASSIST/AI - Name'

2018-11-10 00:48:44 - [TEST_STEP][PASSED] - click: Object: 'Object Repository/Final Object Repo/Page_Request SSN - ASSIST/AI - DOB' is clicked on

2018-11-10 00:48:45 - [MESSAGE][PASSED] - Object: 'Object Repository/Final Object Repo/Page_Request SSN - ASSIST/AI - DOB' is clicked on

2018-11-10 00:48:45 - [TEST_STEP][PASSED] - selectOptionByValue: All options with value '1995' are selected in object 'Object Repository/Final Object Repo/Page_Request SSN - ASSIST/AI - DOB - Year' 

2018-11-10 00:48:46 - [MESSAGE][PASSED] - All options with value '1995' are selected in object 'Object Repository/Final Object Repo/Page_Request SSN - ASSIST/AI - DOB - Year' 

2018-11-10 00:48:46 - [TEST_STEP][PASSED] - delay: Delayed 3 second(s)

2018-11-10 00:48:49 - [MESSAGE][PASSED] - Delayed 3 second(s)

2018-11-10 00:48:49 - [TEST_STEP][PASSED] - doubleClick: Object: 'Object Repository/Final Object Repo/Page_Request SSN - ASSIST/AI - DOB - Year - Date' is double clicked on

2018-11-10 00:48:49 - [MESSAGE][PASSED] - Object: 'Object Repository/Final Object Repo/Page_Request SSN - ASSIST/AI - DOB - Year - Date' is double clicked on

2018-11-10 00:48:49 - [TEST_STEP][PASSED] - click: Object: 'Object Repository/Final Object Repo/Page_Request SSN - ASSIST/AI - Male' is clicked on

2018-11-10 00:48:50 - [MESSAGE][PASSED] - Object: 'Object Repository/Final Object Repo/Page_Request SSN - ASSIST/AI - Male' is clicked on

2018-11-10 00:48:50 - [TEST_STEP][PASSED] - click: Object: 'Object Repository/Final Object Repo/Page_Request SSN - ASSIST/AI- Race' is clicked on

2018-11-10 00:48:50 - [MESSAGE][PASSED] - Object: 'Object Repository/Final Object Repo/Page_Request SSN - ASSIST/AI- Race' is clicked on

2018-11-10 00:48:50 - [TEST_STEP][PASSED] - click: Object: 'Object Repository/Final Object Repo/Page_Request SSN - ASSIST/AI - Race - Melayu' is clicked on

2018-11-10 00:48:51 - [MESSAGE][PASSED] - Object: 'Object Repository/Final Object Repo/Page_Request SSN - ASSIST/AI - Race - Melayu' is clicked on

2018-11-10 00:48:51 - [TEST_STEP][PASSED] - click: Object: 'Object Repository/Final Object Repo/Page_Request SSN - ASSIST/AI - Religion' is clicked on

2018-11-10 00:48:51 - [MESSAGE][PASSED] - Object: 'Object Repository/Final Object Repo/Page_Request SSN - ASSIST/AI - Religion' is clicked on

2018-11-10 00:48:51 - [TEST_STEP][PASSED] - click: Object: 'Object Repository/Final Object Repo/Page_Request SSN - ASSIST/AI - Religion - Islam' is clicked on

2018-11-10 00:48:52 - [MESSAGE][PASSED] - Object: 'Object Repository/Final Object Repo/Page_Request SSN - ASSIST/AI - Religion - Islam' is clicked on

2018-11-10 00:48:52 - [TEST_STEP][PASSED] - setText: Text '12345' is set on object 'Object Repository/Final Object Repo/Page_Request SSN - ASSIST/AI - Birth Certificate'

2018-11-10 00:48:52 - [MESSAGE][PASSED] - Text '12345' is set on object 'Object Repository/Final Object Repo/Page_Request SSN - ASSIST/AI - Birth Certificate'

2018-11-10 00:48:52 - [TEST_STEP][PASSED] - click: Object: 'Object Repository/Final Object Repo/Page_Request SSN - ASSIST/AI - Nationality' is clicked on

2018-11-10 00:48:53 - [MESSAGE][PASSED] - Object: 'Object Repository/Final Object Repo/Page_Request SSN - ASSIST/AI - Nationality' is clicked on

2018-11-10 00:48:53 - [TEST_STEP][PASSED] - click: Object: 'Object Repository/Final Object Repo/Page_Request SSN - ASSIST/AI - Nationality - Afghanistan' is clicked on

2018-11-10 00:48:54 - [MESSAGE][PASSED] - Object: 'Object Repository/Final Object Repo/Page_Request SSN - ASSIST/AI - Nationality - Afghanistan' is clicked on

2018-11-10 00:48:54 - [TEST_STEP][PASSED] - setText: Text 'PERKESO ADDRESS1' is set on object 'Object Repository/Final Object Repo/Page_Request SSN - ASSIST/AI - Address1'

2018-11-10 00:48:54 - [MESSAGE][PASSED] - Text 'PERKESO ADDRESS1' is set on object 'Object Repository/Final Object Repo/Page_Request SSN - ASSIST/AI - Address1'

2018-11-10 00:48:54 - [TEST_STEP][PASSED] - setText: Text 'PERKESO ADDRESS2' is set on object 'Object Repository/Final Object Repo/Page_Request SSN - ASSIST/AI - Address2'

2018-11-10 00:48:55 - [MESSAGE][PASSED] - Text 'PERKESO ADDRESS2' is set on object 'Object Repository/Final Object Repo/Page_Request SSN - ASSIST/AI - Address2'

2018-11-10 00:48:55 - [TEST_STEP][PASSED] - setText: Text 'PERKESO ADDRESS3' is set on object 'Object Repository/Final Object Repo/Page_Request SSN - ASSIST/AI - Address3'

2018-11-10 00:48:55 - [MESSAGE][PASSED] - Text 'PERKESO ADDRESS3' is set on object 'Object Repository/Final Object Repo/Page_Request SSN - ASSIST/AI - Address3'

2018-11-10 00:48:55 - [TEST_STEP][PASSED] - click: Object: 'Object Repository/Final Object Repo/Page_Request SSN - ASSIST/AI - State' is clicked on

2018-11-10 00:48:55 - [MESSAGE][PASSED] - Object: 'Object Repository/Final Object Repo/Page_Request SSN - ASSIST/AI - State' is clicked on

2018-11-10 00:48:55 - [TEST_STEP][PASSED] - click: Object: 'Object Repository/Final Object Repo/Page_Request SSN - ASSIST/AI - Current Employer State - Johor' is clicked on

2018-11-10 00:48:56 - [MESSAGE][PASSED] - Object: 'Object Repository/Final Object Repo/Page_Request SSN - ASSIST/AI - Current Employer State - Johor' is clicked on

2018-11-10 00:48:56 - [TEST_STEP][PASSED] - click: Object: 'Object Repository/Final Object Repo/Page_Request SSN - ASSIST/AI - City' is clicked on

2018-11-10 00:48:57 - [MESSAGE][PASSED] - Object: 'Object Repository/Final Object Repo/Page_Request SSN - ASSIST/AI - City' is clicked on

2018-11-10 00:48:57 - [TEST_STEP][PASSED] - setText: Text 'JOH' is set on object 'Object Repository/Final Object Repo/Page_Request SSN - ASSIST/AI - City - JOH'

2018-11-10 00:48:57 - [MESSAGE][PASSED] - Text 'JOH' is set on object 'Object Repository/Final Object Repo/Page_Request SSN - ASSIST/AI - City - JOH'

2018-11-10 00:48:57 - [TEST_STEP][PASSED] - delay: Delayed 3 second(s)

2018-11-10 00:49:00 - [MESSAGE][PASSED] - Delayed 3 second(s)

2018-11-10 00:49:00 - [TEST_STEP][PASSED] - click: Object: 'Object Repository/Final Object Repo/Page_Request SSN - ASSIST/AI - City - Johor Bharu' is clicked on

2018-11-10 00:49:01 - [MESSAGE][PASSED] - Object: 'Object Repository/Final Object Repo/Page_Request SSN - ASSIST/AI - City - Johor Bharu' is clicked on

2018-11-10 00:49:01 - [TEST_STEP][PASSED] - click: Object: 'Object Repository/Final Object Repo/Page_Request SSN - ASSIST/AI - Post Code' is clicked on

2018-11-10 00:49:01 - [MESSAGE][PASSED] - Object: 'Object Repository/Final Object Repo/Page_Request SSN - ASSIST/AI - Post Code' is clicked on

2018-11-10 00:49:01 - [TEST_STEP][PASSED] - setText: Text '810' is set on object 'Object Repository/Final Object Repo/Page_Request SSN - ASSIST/AI - City - JOH'

2018-11-10 00:49:01 - [MESSAGE][PASSED] - Text '810' is set on object 'Object Repository/Final Object Repo/Page_Request SSN - ASSIST/AI - City - JOH'

2018-11-10 00:49:01 - [TEST_STEP][PASSED] - delay: Delayed 3 second(s)

2018-11-10 00:49:04 - [MESSAGE][PASSED] - Delayed 3 second(s)

2018-11-10 00:49:04 - [TEST_STEP][PASSED] - click: Object: 'Object Repository/Final Object Repo/Page_Request SSN - ASSIST/AI - PostCode - 81000' is clicked on

2018-11-10 00:49:05 - [MESSAGE][PASSED] - Object: 'Object Repository/Final Object Repo/Page_Request SSN - ASSIST/AI - PostCode - 81000' is clicked on

2018-11-10 00:49:05 - [TEST_STEP][PASSED] - setText: Text '100' is set on object 'Object Repository/Final Object Repo/Page_Request SSN - ASSIST/P.O.BOX'

2018-11-10 00:49:05 - [MESSAGE][PASSED] - Text '100' is set on object 'Object Repository/Final Object Repo/Page_Request SSN - ASSIST/P.O.BOX'

2018-11-10 00:49:05 - [TEST_STEP][PASSED] - setText: Text '100' is set on object 'Object Repository/Final Object Repo/Page_Request SSN - ASSIST/Locked Bag No'

2018-11-10 00:49:06 - [MESSAGE][PASSED] - Text '100' is set on object 'Object Repository/Final Object Repo/Page_Request SSN - ASSIST/Locked Bag No'

2018-11-10 00:49:06 - [TEST_STEP][PASSED] - delay: Delayed 2 second(s)

2018-11-10 00:49:08 - [MESSAGE][PASSED] - Delayed 2 second(s)

2018-11-10 00:49:08 - [TEST_STEP][PASSED] - setText: Text '123456789' is set on object 'Object Repository/Final Object Repo/Page_Request SSN - ASSIST/AI - Telephone No'

2018-11-10 00:49:08 - [MESSAGE][PASSED] - Text '123456789' is set on object 'Object Repository/Final Object Repo/Page_Request SSN - ASSIST/AI - Telephone No'

2018-11-10 00:49:08 - [TEST_STEP][PASSED] - click: Object: 'Object Repository/Final Object Repo/Page_Request SSN - ASSIST/AI - Occupation' is clicked on

2018-11-10 00:49:08 - [MESSAGE][PASSED] - Object: 'Object Repository/Final Object Repo/Page_Request SSN - ASSIST/AI - Occupation' is clicked on

2018-11-10 00:49:08 - [TEST_STEP][PASSED] - click: Object: 'Object Repository/Final Object Repo/Page_Request SSN - ASSIST/AI - Occupation - NUMERICAL AND MATERIAL R' is clicked on

2018-11-10 00:49:09 - [MESSAGE][PASSED] - Object: 'Object Repository/Final Object Repo/Page_Request SSN - ASSIST/AI - Occupation - NUMERICAL AND MATERIAL R' is clicked on

2018-11-10 00:49:09 - [TEST_STEP][PASSED] - delay: Delayed 2 second(s)

2018-11-10 00:49:11 - [MESSAGE][PASSED] - Delayed 2 second(s)

2018-11-10 00:49:11 - [TEST_STEP][PASSED] - click: Object: 'Object Repository/Final Object Repo/Page_Request SSN - ASSIST/AI - Sub Occupation' is clicked on

2018-11-10 00:49:12 - [MESSAGE][PASSED] - Object: 'Object Repository/Final Object Repo/Page_Request SSN - ASSIST/AI - Sub Occupation' is clicked on

2018-11-10 00:49:12 - [TEST_STEP][PASSED] - click: Object: 'Object Repository/Final Object Repo/Page_Request SSN - ASSIST/AI - Sub Occupation - Stock Clerks' is clicked on

2018-11-10 00:49:13 - [MESSAGE][PASSED] - Object: 'Object Repository/Final Object Repo/Page_Request SSN - ASSIST/AI - Sub Occupation - Stock Clerks' is clicked on

2018-11-10 00:49:13 - [TEST_STEP][PASSED] - delay: Delayed 2 second(s)

2018-11-10 00:49:15 - [MESSAGE][PASSED] - Delayed 2 second(s)

2018-11-10 00:49:15 - [TEST_STEP][PASSED] - click: Object: 'Object Repository/Final Object Repo/Page_Request SSN - ASSIST/AI - Sub Occupation List' is clicked on

2018-11-10 00:49:15 - [MESSAGE][PASSED] - Object: 'Object Repository/Final Object Repo/Page_Request SSN - ASSIST/AI - Sub Occupation List' is clicked on

2018-11-10 00:49:15 - [TEST_STEP][PASSED] - click: Object: 'Object Repository/Final Object Repo/Page_Request SSN - ASSIST/AI - Sub Occupation List - Clerk raw material' is clicked on

2018-11-10 00:49:16 - [MESSAGE][PASSED] - Object: 'Object Repository/Final Object Repo/Page_Request SSN - ASSIST/AI - Sub Occupation List - Clerk raw material' is clicked on

2018-11-10 00:49:16 - [TEST_STEP][PASSED] - click: Object: 'Object Repository/Final Object Repo/Page_Request SSN - ASSIST/AI - Employment Start Date' is clicked on

2018-11-10 00:49:17 - [MESSAGE][PASSED] - Object: 'Object Repository/Final Object Repo/Page_Request SSN - ASSIST/AI - Employment Start Date' is clicked on

2018-11-10 00:49:17 - [TEST_STEP][PASSED] - click: Object: 'Object Repository/Final Object Repo/Page_Request SSN - ASSIST/AI - DOB - Year - Date' is clicked on

2018-11-10 00:49:17 - [MESSAGE][PASSED] - Object: 'Object Repository/Final Object Repo/Page_Request SSN - ASSIST/AI - DOB - Year - Date' is clicked on

2018-11-10 00:49:17 - [TEST_STEP][PASSED] - setText: Text 'perkeso' is set on object 'Object Repository/Final Object Repo/Page_Request SSN - ASSIST/AI - Current Employer Name'

2018-11-10 00:49:17 - [MESSAGE][PASSED] - Text 'perkeso' is set on object 'Object Repository/Final Object Repo/Page_Request SSN - ASSIST/AI - Current Employer Name'

2018-11-10 00:49:17 - [TEST_STEP][PASSED] - setText: Text 'perkeso1' is set on object 'Object Repository/Final Object Repo/Page_Request SSN - ASSIST/AI - Current Employer Address1'

2018-11-10 00:49:18 - [MESSAGE][PASSED] - Text 'perkeso1' is set on object 'Object Repository/Final Object Repo/Page_Request SSN - ASSIST/AI - Current Employer Address1'

2018-11-10 00:49:18 - [TEST_STEP][PASSED] - setText: Text 'perkeso2' is set on object 'Object Repository/Final Object Repo/Page_Request SSN - ASSIST/AI - Current Employer Address2'

2018-11-10 00:49:18 - [MESSAGE][PASSED] - Text 'perkeso2' is set on object 'Object Repository/Final Object Repo/Page_Request SSN - ASSIST/AI - Current Employer Address2'

2018-11-10 00:49:18 - [TEST_STEP][PASSED] - setText: Text 'perkeso3' is set on object 'Object Repository/Final Object Repo/Page_Request SSN - ASSIST/AI - Current Employer Address3'

2018-11-10 00:49:18 - [MESSAGE][PASSED] - Text 'perkeso3' is set on object 'Object Repository/Final Object Repo/Page_Request SSN - ASSIST/AI - Current Employer Address3'

2018-11-10 00:49:18 - [TEST_STEP][PASSED] - click: Object: 'Object Repository/Final Object Repo/Page_Request SSN - ASSIST/AI - Current Employer State' is clicked on

2018-11-10 00:49:19 - [MESSAGE][PASSED] - Object: 'Object Repository/Final Object Repo/Page_Request SSN - ASSIST/AI - Current Employer State' is clicked on

2018-11-10 00:49:19 - [TEST_STEP][PASSED] - click: Object: 'Object Repository/Final Object Repo/Page_Request SSN - ASSIST/AI - Current Employer State - Johor 1' is clicked on

2018-11-10 00:49:20 - [MESSAGE][PASSED] - Object: 'Object Repository/Final Object Repo/Page_Request SSN - ASSIST/AI - Current Employer State - Johor 1' is clicked on

2018-11-10 00:49:20 - [TEST_STEP][PASSED] - click: Object: 'Object Repository/Final Object Repo/Page_Request SSN - ASSIST/AI - Current Employer City' is clicked on

2018-11-10 00:49:20 - [MESSAGE][PASSED] - Object: 'Object Repository/Final Object Repo/Page_Request SSN - ASSIST/AI - Current Employer City' is clicked on

2018-11-10 00:49:20 - [TEST_STEP][PASSED] - setText: Text 'joh' is set on object 'Object Repository/Final Object Repo/Page_Request SSN - ASSIST/AI - City - JOH'

2018-11-10 00:49:20 - [MESSAGE][PASSED] - Text 'joh' is set on object 'Object Repository/Final Object Repo/Page_Request SSN - ASSIST/AI - City - JOH'

2018-11-10 00:49:20 - [TEST_STEP][PASSED] - delay: Delayed 2 second(s)

2018-11-10 00:49:22 - [MESSAGE][PASSED] - Delayed 2 second(s)

2018-11-10 00:49:22 - [TEST_STEP][PASSED] - click: Object: 'Object Repository/Final Object Repo/Page_Request SSN - ASSIST/AI - City - Johor Bharu' is clicked on

2018-11-10 00:49:23 - [MESSAGE][PASSED] - Object: 'Object Repository/Final Object Repo/Page_Request SSN - ASSIST/AI - City - Johor Bharu' is clicked on

2018-11-10 00:49:23 - [TEST_STEP][PASSED] - click: Object: 'Object Repository/Final Object Repo/Page_Request SSN - ASSIST/AI - Current Employer Postcode' is clicked on

2018-11-10 00:49:24 - [MESSAGE][PASSED] - Object: 'Object Repository/Final Object Repo/Page_Request SSN - ASSIST/AI - Current Employer Postcode' is clicked on

2018-11-10 00:49:24 - [TEST_STEP][PASSED] - setText: Text '810' is set on object 'Object Repository/Final Object Repo/Page_Request SSN - ASSIST/AI - City - JOH'

2018-11-10 00:49:24 - [MESSAGE][PASSED] - Text '810' is set on object 'Object Repository/Final Object Repo/Page_Request SSN - ASSIST/AI - City - JOH'

2018-11-10 00:49:24 - [TEST_STEP][PASSED] - delay: Delayed 2 second(s)

2018-11-10 00:49:26 - [MESSAGE][PASSED] - Delayed 2 second(s)

2018-11-10 00:49:26 - [TEST_STEP][PASSED] - click: Object: 'Object Repository/Final Object Repo/Page_Request SSN - ASSIST/AI - PostCode - 81000' is clicked on

2018-11-10 00:49:26 - [MESSAGE][PASSED] - Object: 'Object Repository/Final Object Repo/Page_Request SSN - ASSIST/AI - PostCode - 81000' is clicked on

2018-11-10 00:49:26 - [TEST_STEP][NOT_RUN] - setText: NOT_RUN: setText

2018-11-10 00:49:26 - [MESSAGE][NOT_RUN] - NOT_RUN: setText

2018-11-10 00:49:26 - [TEST_STEP][NOT_RUN] - setText: NOT_RUN: setText

2018-11-10 00:49:26 - [MESSAGE][NOT_RUN] - NOT_RUN: setText

2018-11-10 00:49:26 - [TEST_STEP][NOT_RUN] - click: NOT_RUN: click

2018-11-10 00:49:26 - [MESSAGE][NOT_RUN] - NOT_RUN: click

2018-11-10 00:49:26 - [TEST_STEP][NOT_RUN] - click: NOT_RUN: click

2018-11-10 00:49:26 - [MESSAGE][NOT_RUN] - NOT_RUN: click

2018-11-10 00:49:26 - [TEST_STEP][NOT_RUN] - setText: NOT_RUN: setText

2018-11-10 00:49:26 - [MESSAGE][NOT_RUN] - NOT_RUN: setText

2018-11-10 00:49:26 - [TEST_STEP][NOT_RUN] - click: NOT_RUN: click

2018-11-10 00:49:26 - [MESSAGE][NOT_RUN] - NOT_RUN: click

2018-11-10 00:49:26 - [TEST_STEP][NOT_RUN] - click: NOT_RUN: click

2018-11-10 00:49:26 - [MESSAGE][NOT_RUN] - NOT_RUN: click

2018-11-10 00:49:26 - [TEST_STEP][NOT_RUN] - click: NOT_RUN: click

2018-11-10 00:49:26 - [MESSAGE][NOT_RUN] - NOT_RUN: click

2018-11-10 00:49:26 - [TEST_STEP][NOT_RUN] - click: NOT_RUN: click

2018-11-10 00:49:26 - [MESSAGE][NOT_RUN] - NOT_RUN: click

2018-11-10 00:49:26 - [TEST_STEP][NOT_RUN] - click: NOT_RUN: click

2018-11-10 00:49:26 - [MESSAGE][NOT_RUN] - NOT_RUN: click

2018-11-10 00:49:26 - [TEST_STEP][NOT_RUN] - click: NOT_RUN: click

2018-11-10 00:49:26 - [MESSAGE][NOT_RUN] - NOT_RUN: click

2018-11-10 00:49:26 - [TEST_STEP][NOT_RUN] - setText: NOT_RUN: setText

2018-11-10 00:49:26 - [MESSAGE][NOT_RUN] - NOT_RUN: setText

2018-11-10 00:49:26 - [TEST_STEP][NOT_RUN] - setText: NOT_RUN: setText

2018-11-10 00:49:26 - [MESSAGE][NOT_RUN] - NOT_RUN: setText

2018-11-10 00:49:26 - [TEST_STEP][NOT_RUN] - setText: NOT_RUN: setText

2018-11-10 00:49:26 - [MESSAGE][NOT_RUN] - NOT_RUN: setText

2018-11-10 00:49:26 - [TEST_STEP][NOT_RUN] - click: NOT_RUN: click

2018-11-10 00:49:26 - [MESSAGE][NOT_RUN] - NOT_RUN: click

2018-11-10 00:49:26 - [TEST_STEP][NOT_RUN] - click: NOT_RUN: click

2018-11-10 00:49:26 - [MESSAGE][NOT_RUN] - NOT_RUN: click

2018-11-10 00:49:26 - [TEST_STEP][NOT_RUN] - click: NOT_RUN: click

2018-11-10 00:49:26 - [MESSAGE][NOT_RUN] - NOT_RUN: click

2018-11-10 00:49:26 - [TEST_STEP][NOT_RUN] - setText: NOT_RUN: setText

2018-11-10 00:49:26 - [MESSAGE][NOT_RUN] - NOT_RUN: setText

2018-11-10 00:49:26 - [TEST_STEP][NOT_RUN] - delay: NOT_RUN: delay

2018-11-10 00:49:26 - [MESSAGE][NOT_RUN] - NOT_RUN: delay

2018-11-10 00:49:26 - [TEST_STEP][NOT_RUN] - click: NOT_RUN: click

2018-11-10 00:49:26 - [MESSAGE][NOT_RUN] - NOT_RUN: click

2018-11-10 00:49:26 - [TEST_STEP][NOT_RUN] - click: NOT_RUN: click

2018-11-10 00:49:26 - [MESSAGE][NOT_RUN] - NOT_RUN: click

2018-11-10 00:49:26 - [TEST_STEP][NOT_RUN] - click: NOT_RUN: click

2018-11-10 00:49:26 - [MESSAGE][NOT_RUN] - NOT_RUN: click

2018-11-10 00:49:26 - [TEST_STEP][NOT_RUN] - setText: NOT_RUN: setText

2018-11-10 00:49:26 - [MESSAGE][NOT_RUN] - NOT_RUN: setText

2018-11-10 00:49:26 - [TEST_STEP][NOT_RUN] - delay: NOT_RUN: delay

2018-11-10 00:49:26 - [MESSAGE][NOT_RUN] - NOT_RUN: delay

2018-11-10 00:49:26 - [TEST_STEP][NOT_RUN] - click: NOT_RUN: click

2018-11-10 00:49:26 - [MESSAGE][NOT_RUN] - NOT_RUN: click

2018-11-10 00:49:26 - [TEST_STEP][NOT_RUN] - delay: NOT_RUN: delay

2018-11-10 00:49:26 - [MESSAGE][NOT_RUN] - NOT_RUN: delay

2018-11-10 00:49:26 - [TEST_STEP][NOT_RUN] - setText: NOT_RUN: setText

2018-11-10 00:49:26 - [MESSAGE][NOT_RUN] - NOT_RUN: setText

2018-11-10 00:49:26 - [TEST_STEP][NOT_RUN] - setText: NOT_RUN: setText

2018-11-10 00:49:26 - [MESSAGE][NOT_RUN] - NOT_RUN: setText

2018-11-10 00:49:26 - [TEST_STEP][NOT_RUN] - setText: NOT_RUN: setText

2018-11-10 00:49:26 - [MESSAGE][NOT_RUN] - NOT_RUN: setText

2018-11-10 00:49:26 - [TEST_STEP][NOT_RUN] - click: NOT_RUN: click

2018-11-10 00:49:26 - [MESSAGE][NOT_RUN] - NOT_RUN: click

2018-11-10 00:49:26 - [TEST_STEP][NOT_RUN] - click: NOT_RUN: click

2018-11-10 00:49:26 - [MESSAGE][NOT_RUN] - NOT_RUN: click

2018-11-10 00:49:26 - [TEST_STEP][NOT_RUN] - setText: NOT_RUN: setText

2018-11-10 00:49:26 - [MESSAGE][NOT_RUN] - NOT_RUN: setText

2018-11-10 00:49:26 - [TEST_STEP][NOT_RUN] - click: NOT_RUN: click

2018-11-10 00:49:26 - [MESSAGE][NOT_RUN] - NOT_RUN: click

2018-11-10 00:49:26 - [TEST_STEP][NOT_RUN] - click: NOT_RUN: click

2018-11-10 00:49:26 - [MESSAGE][NOT_RUN] - NOT_RUN: click

2018-11-10 00:49:26 - [TEST_STEP][NOT_RUN] - click: NOT_RUN: click

2018-11-10 00:49:26 - [MESSAGE][NOT_RUN] - NOT_RUN: click

2018-11-10 00:49:26 - [TEST_STEP][NOT_RUN] - click: NOT_RUN: click

2018-11-10 00:49:27 - [MESSAGE][NOT_RUN] - NOT_RUN: click

2018-11-10 00:49:27 - [TEST_STEP][NOT_RUN] - click: NOT_RUN: click

2018-11-10 00:49:27 - [MESSAGE][NOT_RUN] - NOT_RUN: click

2018-11-10 00:49:27 - [TEST_STEP][NOT_RUN] - click: NOT_RUN: click

2018-11-10 00:49:27 - [MESSAGE][NOT_RUN] - NOT_RUN: click

2018-11-10 00:49:27 - [TEST_STEP][NOT_RUN] - setText: NOT_RUN: setText

2018-11-10 00:49:27 - [MESSAGE][NOT_RUN] - NOT_RUN: setText

2018-11-10 00:49:27 - [TEST_STEP][NOT_RUN] - setText: NOT_RUN: setText

2018-11-10 00:49:27 - [MESSAGE][NOT_RUN] - NOT_RUN: setText

2018-11-10 00:49:27 - [TEST_STEP][NOT_RUN] - setText: NOT_RUN: setText

2018-11-10 00:49:27 - [MESSAGE][NOT_RUN] - NOT_RUN: setText

2018-11-10 00:49:27 - [TEST_STEP][NOT_RUN] - click: NOT_RUN: click

2018-11-10 00:49:27 - [MESSAGE][NOT_RUN] - NOT_RUN: click

2018-11-10 00:49:27 - [TEST_STEP][NOT_RUN] - click: NOT_RUN: click

2018-11-10 00:49:27 - [MESSAGE][NOT_RUN] - NOT_RUN: click

2018-11-10 00:49:27 - [TEST_STEP][NOT_RUN] - click: NOT_RUN: click

2018-11-10 00:49:27 - [MESSAGE][NOT_RUN] - NOT_RUN: click

2018-11-10 00:49:27 - [TEST_STEP][NOT_RUN] - delay: NOT_RUN: delay

2018-11-10 00:49:27 - [MESSAGE][NOT_RUN] - NOT_RUN: delay

2018-11-10 00:49:27 - [TEST_STEP][NOT_RUN] - setText: NOT_RUN: setText

2018-11-10 00:49:27 - [MESSAGE][NOT_RUN] - NOT_RUN: setText

2018-11-10 00:49:27 - [TEST_STEP][NOT_RUN] - delay: NOT_RUN: delay

2018-11-10 00:49:27 - [MESSAGE][NOT_RUN] - NOT_RUN: delay

2018-11-10 00:49:27 - [TEST_STEP][NOT_RUN] - click: NOT_RUN: click

2018-11-10 00:49:27 - [MESSAGE][NOT_RUN] - NOT_RUN: click

2018-11-10 00:49:27 - [TEST_STEP][NOT_RUN] - doubleClick: NOT_RUN: doubleClick

2018-11-10 00:49:27 - [MESSAGE][NOT_RUN] - NOT_RUN: doubleClick

2018-11-10 00:49:27 - [TEST_STEP][NOT_RUN] - click: NOT_RUN: click

2018-11-10 00:49:27 - [MESSAGE][NOT_RUN] - NOT_RUN: click

2018-11-10 00:49:27 - [TEST_STEP][NOT_RUN] - setText: NOT_RUN: setText

2018-11-10 00:49:27 - [MESSAGE][NOT_RUN] - NOT_RUN: setText

2018-11-10 00:49:27 - [TEST_STEP][NOT_RUN] - delay: NOT_RUN: delay

2018-11-10 00:49:27 - [MESSAGE][NOT_RUN] - NOT_RUN: delay

2018-11-10 00:49:27 - [TEST_STEP][NOT_RUN] - click: NOT_RUN: click

2018-11-10 00:49:27 - [MESSAGE][NOT_RUN] - NOT_RUN: click

2018-11-10 00:49:27 - [TEST_STEP][NOT_RUN] - delay: NOT_RUN: delay

2018-11-10 00:49:27 - [MESSAGE][NOT_RUN] - NOT_RUN: delay

2018-11-10 00:49:27 - [TEST_STEP][NOT_RUN] - setText: NOT_RUN: setText

2018-11-10 00:49:27 - [MESSAGE][NOT_RUN] - NOT_RUN: setText

2018-11-10 00:49:27 - [TEST_STEP][PASSED] - click: Object: 'Object Repository/Final Object Repo/Page_Request SSN - ASSIST/Save  Continue' is clicked on

2018-11-10 00:49:31 - [MESSAGE][PASSED] - Object: 'Object Repository/Final Object Repo/Page_Request SSN - ASSIST/Save  Continue' is clicked on

2018-11-10 00:49:31 - [TEST_STEP][PASSED] - delay: Delayed 3 second(s)

2018-11-10 00:49:34 - [MESSAGE][PASSED] - Delayed 3 second(s)

2018-11-10 00:49:34 - [TEST_STEP][PASSED] - Statement - CaseReferenceNo = com.kms.katalon.core.webui.keyword.WebUiBuiltInKeywords.getText(com.kms.katalon.core.testobject.ObjectRepository.findTestObject(Final Object Repo/Page_Request SSN - ASSIST/Reference Number in Uploading Page)): Text of object 'Object Repository/Final Object Repo/Page_Request SSN - ASSIST/Reference Number in Uploading Page' is: 'SSN11201800001123'

2018-11-10 00:49:34 - [MESSAGE][PASSED] - Text of object 'Object Repository/Final Object Repo/Page_Request SSN - ASSIST/Reference Number in Uploading Page' is: 'SSN11201800001123'

2018-11-10 00:49:34 - [TEST_STEP][PASSED] - callTestCase: Call Test Case 'Test Cases/Final Aug 2018 - PKS Automation/Common/Reference Number Setter' successfully

2018-11-10 00:49:34 - [TEST_CASE][PASSED] - Test Cases/Final Aug 2018 - PKS Automation/Common/Reference Number Setter: Test Cases/Final Aug 2018 - PKS Automation/Common/Reference Number Setter

2018-11-10 00:49:34 - [TEST_STEP][PASSED] - Statement - RefNoOldFile = new java.io.File(C://KatalonReference.txt): null

2018-11-10 00:49:34 - [TEST_STEP][PASSED] - Statement - RefNoOldFile.delete(): null

2018-11-10 00:49:34 - [TEST_STEP][PASSED] - Statement - RefNo = new java.io.File(C://KatalonReference.txt): null

2018-11-10 00:49:34 - [TEST_STEP][PASSED] - Statement - RefNo.append(CaseReferenceNo): null

2018-11-10 00:49:34 - [TEST_STEP][PASSED] - Statement - out.println("


" + CaseReferenceNo + "


"): null

2018-11-10 00:49:34 - [MESSAGE][PASSED] - Call Test Case 'Test Cases/Final Aug 2018 - PKS Automation/Common/Reference Number Setter' successfully

2018-11-10 00:49:34 - [TEST_STEP][PASSED] - click: Object: 'Object Repository/Final Object Repo/Page_Request SSN - ASSIST/Add Document Button' is clicked on

2018-11-10 00:49:35 - [MESSAGE][PASSED] - Object: 'Object Repository/Final Object Repo/Page_Request SSN - ASSIST/Add Document Button' is clicked on

2018-11-10 00:49:35 - [TEST_STEP][PASSED] - delay: Delayed 2 second(s)

2018-11-10 00:49:37 - [MESSAGE][PASSED] - Delayed 2 second(s)

2018-11-10 00:49:37 - [TEST_STEP][PASSED] - click: Object: 'Object Repository/Final Object Repo/Page_Request SSN - ASSIST/Document Type' is clicked on

2018-11-10 00:49:38 - [MESSAGE][PASSED] - Object: 'Object Repository/Final Object Repo/Page_Request SSN - ASSIST/Document Type' is clicked on

2018-11-10 00:49:38 - [TEST_STEP][PASSED] - click: Object: 'Object Repository/Final Object Repo/Page_Request SSN - ASSIST/Document Type - Birth Certificate' is clicked on

2018-11-10 00:49:39 - [MESSAGE][PASSED] - Object: 'Object Repository/Final Object Repo/Page_Request SSN - ASSIST/Document Type - Birth Certificate' is clicked on

2018-11-10 00:49:39 - [TEST_STEP][PASSED] - sendKeys: Keys 'C:\Users\Public\Pictures\Sample Pictures\Act.jpg' sent to object: 'Object Repository/Final Object Repo/Page_Request SSN - ASSIST/Upload File'

2018-11-10 00:49:39 - [MESSAGE][PASSED] - Keys 'C:\Users\Public\Pictures\Sample Pictures\Act.jpg' sent to object: 'Object Repository/Final Object Repo/Page_Request SSN - ASSIST/Upload File'

2018-11-10 00:49:39 - [TEST_STEP][PASSED] - click: Object: 'Object Repository/Final Object Repo/Page_Request SSN - ASSIST/Add Document' is clicked on

2018-11-10 00:49:45 - [MESSAGE][PASSED] - Object: 'Object Repository/Final Object Repo/Page_Request SSN - ASSIST/Add Document' is clicked on

2018-11-10 00:49:45 - [TEST_STEP][PASSED] - delay: Delayed 20 second(s)

2018-11-10 00:50:05 - [MESSAGE][PASSED] - Delayed 20 second(s)

2018-11-10 00:50:05 - [TEST_STEP][PASSED] - click: Object: 'Object Repository/Final Object Repo/Page_Request SSN - ASSIST/Save  Continue in Uploading Document Page' is clicked on

2018-11-10 00:50:05 - [MESSAGE][PASSED] - Object: 'Object Repository/Final Object Repo/Page_Request SSN - ASSIST/Save  Continue in Uploading Document Page' is clicked on

2018-11-10 00:50:05 - [TEST_STEP][PASSED] - delay: Delayed 2 second(s)

2018-11-10 00:50:07 - [MESSAGE][PASSED] - Delayed 2 second(s)

2018-11-10 00:50:07 - [TEST_STEP][PASSED] - click: Object: 'Object Repository/Final Object Repo/Page_Request SSN - ASSIST/Submit' is clicked on

2018-11-10 00:50:10 - [MESSAGE][PASSED] - Object: 'Object Repository/Final Object Repo/Page_Request SSN - ASSIST/Submit' is clicked on

2018-11-10 00:50:10 - [TEST_STEP][PASSED] - delay: Delayed 2 second(s)

2018-11-10 00:50:12 - [MESSAGE][PASSED] - Delayed 2 second(s)

2018-11-10 00:50:12 - [TEST_STEP][PASSED] - click: Object: 'Object Repository/Final Object Repo/Page_Request SSN - ASSIST/Confirm' is clicked on

2018-11-10 00:50:17 - [MESSAGE][PASSED] - Object: 'Object Repository/Final Object Repo/Page_Request SSN - ASSIST/Confirm' is clicked on

2018-11-10 00:50:17 - [TEST_STEP][PASSED] - delay: Delayed 2 second(s)

2018-11-10 00:50:19 - [MESSAGE][PASSED] - Delayed 2 second(s)

2018-11-10 00:50:19 - [TEST_STEP][PASSED] - verifyElementVisible: Object 'Object Repository/Final Object Repo/Page_Request SSN - ASSIST/Message This Case will be routed to RIO' is visible

2018-11-10 00:50:20 - [MESSAGE][PASSED] - Object 'Object Repository/Final Object Repo/Page_Request SSN - ASSIST/Message This Case will be routed to RIO' is visible

2018-11-10 00:50:20 - [TEST_STEP][PASSED] - delay: Delayed 2 second(s)

2018-11-10 00:50:22 - [MESSAGE][PASSED] - Delayed 2 second(s)

2018-11-10 00:50:22 - [TEST_STEP][PASSED] - verifyElementVisible: Object 'Object Repository/Final Object Repo/Page_Request SSN - ASSIST/Letter of acknowledgement' is visible

2018-11-10 00:50:22 - [MESSAGE][PASSED] - Object 'Object Repository/Final Object Repo/Page_Request SSN - ASSIST/Letter of acknowledgement' is visible

2018-11-10 00:50:22 - [MESSAGE][PASSED] - Call Test Case 'Test Cases/Final Aug 2018 - PKS Automation/Registration Module/Workflow/Request SSN/Template/Request SSN - PKRBO' successfully

2018-11-10 00:50:22 - [TEST_STEP][FAILED] - callTestCase: Unable to call Test Case with id 'Test Cases/Final Aug 2018 - PKS Automation/Registration Module/Workflow/Request SSN/Template/Request SSN RIO - RO (Approve and Using Current Employer Code)' (Root cause: Call Test Case 'Test Cases/Final Aug 2018 - PKS Automation/Registration Module/Workflow/Request SSN/Template/Request SSN RIO - RO (Approve and Using Current Employer Code)' failed because of error(s))

2018-11-10 00:50:22 - [TEST_CASE][ERROR] - Test Cases/Final Aug 2018 - PKS Automation/Registration Module/Workflow/Request SSN/Template/Request SSN RIO - RO (Approve and Using Current Employer Code): Test Cases/Final Aug 2018 - PKS Automation/Registration Module/Workflow/Request SSN/Template/Request SSN RIO - RO (Approve and Using Current Employer Code) FAILED because (of) (Stack trace: java.lang.IllegalArgumentException: Cannot find test case with id 'Test Cases/Final Aug 2018 - PKS Automation/Registration/Login and Search Case For Workflow'
	at com.kms.katalon.core.testcase.TestCaseFactory.findTestCase(TestCaseFactory.java:72)
	at com.kms.katalon.core.testcase.TestCaseFactory$findTestCase.callStatic(Unknown Source)
	at org.codehaus.groovy.runtime.callsite.CallSiteArray.defaultCallStatic(CallSiteArray.java:56)
	at org.codehaus.groovy.runtime.callsite.AbstractCallSite.callStatic(AbstractCallSite.java:194)
	at org.codehaus.groovy.runtime.callsite.AbstractCallSite.callStatic(AbstractCallSite.java:206)
	at Script1537866116409.run(Script1537866116409.groovy:38)
	at com.kms.katalon.core.main.ScriptEngine.run(ScriptEngine.java:183)
	at com.kms.katalon.core.main.ScriptEngine.runScriptAsRawText(ScriptEngine.java:108)
	at com.kms.katalon.core.main.TestCaseExecutor.runScript(TestCaseExecutor.java:294)
	at com.kms.katalon.core.main.TestCaseExecutor.doExecute(TestCaseExecutor.java:285)
	at com.kms.katalon.core.main.TestCaseExecutor.processExecutionPhase(TestCaseExecutor.java:264)
	at com.kms.katalon.core.main.TestCaseExecutor.accessMainPhase(TestCaseExecutor.java:256)
	at com.kms.katalon.core.main.TestCaseExecutor.execute(TestCaseExecutor.java:200)
	at com.kms.katalon.core.main.TestCaseMain.runTestCase(TestCaseMain.java:99)
	at com.kms.katalon.core.keyword.builtin.CallTestCaseKeyword$_callTestCase_closure1.doCall(CallTestCaseKeyword.groovy:60)
	at com.kms.katalon.core.keyword.builtin.CallTestCaseKeyword$_callTestCase_closure1.call(CallTestCaseKeyword.groovy)
	at com.kms.katalon.core.keyword.internal.KeywordMain.runKeyword(KeywordMain.groovy:54)
	at com.kms.katalon.core.keyword.builtin.CallTestCaseKeyword.callTestCase(CallTestCaseKeyword.groovy:81)
	at com.kms.katalon.core.keyword.builtin.CallTestCaseKeyword.execute(CallTestCaseKeyword.groovy:45)
	at com.kms.katalon.core.keyword.internal.KeywordExecutor.executeKeywordForPlatform(KeywordExecutor.groovy:53)
	at com.kms.katalon.core.keyword.BuiltinKeywords.callTestCase(BuiltinKeywords.groovy:334)
	at sun.reflect.GeneratedMethodAccessor13.invoke(Unknown Source)
	at sun.reflect.DelegatingMethodAccessorImpl.invoke(DelegatingMethodAccessorImpl.java:43)
	at java.lang.reflect.Method.invoke(Method.java:498)
	at org.codehaus.groovy.reflection.CachedMethod.invoke(CachedMethod.java:93)
	at groovy.lang.MetaMethod.doMethodInvoke(MetaMethod.java:325)
	at groovy.lang.MetaClassImpl.invokeStaticMethod(MetaClassImpl.java:1469)
	at org.codehaus.groovy.runtime.callsite.StaticMetaClassSite.call(StaticMetaClassSite.java:53)
	at org.codehaus.groovy.runtime.callsite.CallSiteArray.defaultCall(CallSiteArray.java:48)
	at org.codehaus.groovy.runtime.callsite.AbstractCallSite.call(AbstractCallSite.java:113)
	at org.codehaus.groovy.runtime.callsite.AbstractCallSite.call(AbstractCallSite.java:141)
	at Script1536300508619.run(Script1536300508619.groovy:24)
	at com.kms.katalon.core.main.ScriptEngine.run(ScriptEngine.java:183)
	at com.kms.katalon.core.main.ScriptEngine.runScriptAsRawText(ScriptEngine.java:108)
	at com.kms.katalon.core.main.TestCaseExecutor.runScript(TestCaseExecutor.java:294)
	at com.kms.katalon.core.main.TestCaseExecutor.doExecute(TestCaseExecutor.java:285)
	at com.kms.katalon.core.main.TestCaseExecutor.processExecutionPhase(TestCaseExecutor.java:264)
	at com.kms.katalon.core.main.TestCaseExecutor.accessMainPhase(TestCaseExecutor.java:256)
	at com.kms.katalon.core.main.TestCaseExecutor.execute(TestCaseExecutor.java:200)
	at com.kms.katalon.core.main.TestSuiteExecutor.accessTestCaseMainPhase(TestSuiteExecutor.java:129)
	at com.kms.katalon.core.main.TestSuiteExecutor.accessTestSuiteMainPhase(TestSuiteExecutor.java:112)
	at com.kms.katalon.core.main.TestSuiteExecutor.execute(TestSuiteExecutor.java:81)
	at com.kms.katalon.core.main.TestCaseMain.startTestSuite(TestCaseMain.java:142)
	at com.kms.katalon.core.main.TestCaseMain$startTestSuite$0.call(Unknown Source)
	at org.codehaus.groovy.runtime.callsite.CallSiteArray.defaultCall(CallSiteArray.java:48)
	at org.codehaus.groovy.runtime.callsite.AbstractCallSite.call(AbstractCallSite.java:113)
	at org.codehaus.groovy.runtime.callsite.AbstractCallSite.call(AbstractCallSite.java:141)
	at TempTestSuite1541781047348.run(TempTestSuite1541781047348.groovy:36)
	at groovy.lang.GroovyShell.runScriptOrMainOrTestOrRunnable(GroovyShell.java:263)
	at groovy.lang.GroovyShell.run(GroovyShell.java:518)
	at groovy.lang.GroovyShell.run(GroovyShell.java:507)
	at groovy.ui.GroovyMain.processOnce(GroovyMain.java:653)
	at groovy.ui.GroovyMain.run(GroovyMain.java:384)
	at groovy.ui.GroovyMain.process(GroovyMain.java:370)
	at groovy.ui.GroovyMain.processArgs(GroovyMain.java:129)
	at groovy.ui.GroovyMain.main(GroovyMain.java:109)
	at sun.reflect.NativeMethodAccessorImpl.invoke0(Native Method)
	at sun.reflect.NativeMethodAccessorImpl.invoke(NativeMethodAccessorImpl.java:62)
	at sun.reflect.DelegatingMethodAccessorImpl.invoke(DelegatingMethodAccessorImpl.java:43)
	at java.lang.reflect.Method.invoke(Method.java:498)
	at org.codehaus.groovy.tools.GroovyStarter.rootLoader(GroovyStarter.java:109)
	at org.codehaus.groovy.tools.GroovyStarter.main(GroovyStarter.java:131)
)

2018-11-10 00:50:22 - [TEST_STEP][PASSED] - callTestCase: Call Test Case 'Test Cases/Final Aug 2018 - PKS Automation/Registration Module/Workflow/Request SSN/Template/Request SSN - OTC (Using Current Employer Code)' successfully

2018-11-10 00:50:22 - [TEST_CASE][PASSED] - Test Cases/Final Aug 2018 - PKS Automation/Registration Module/Workflow/Request SSN/Template/Request SSN - OTC (Using Current Employer Code): Test Cases/Final Aug 2018 - PKS Automation/Registration Module/Workflow/Request SSN/Template/Request SSN - OTC (Using Current Employer Code)

2018-11-10 00:50:22 - [TEST_STEP][PASSED] - openBrowser: Browser is opened with url: ''

2018-11-10 00:50:22 - [MESSAGE][WARNING] - A browser is already opened. Closing browser and opening a new one

2018-11-10 00:50:27 - [MESSAGE][PASSED] - Browser is opened with url: ''

2018-11-10 00:50:27 - [TEST_STEP][PASSED] - navigateToUrl: Navigate to 'https://assist2-uat.perkeso.gov.my/login' successfully

2018-11-10 00:50:29 - [MESSAGE][PASSED] - Navigate to 'https://assist2-uat.perkeso.gov.my/login' successfully

2018-11-10 00:50:29 - [TEST_STEP][PASSED] - setText: Text 'johorotc1@gmail.com' is set on object 'Object Repository/Final Object Repo/Login Page/Internal User/Email Address'

2018-11-10 00:50:30 - [MESSAGE][PASSED] - Text 'johorotc1@gmail.com' is set on object 'Object Repository/Final Object Repo/Login Page/Internal User/Email Address'

2018-11-10 00:50:30 - [TEST_STEP][PASSED] - click: Object: 'Object Repository/Final Object Repo/Login Page/Internal User/Next Button' is clicked on

2018-11-10 00:50:30 - [MESSAGE][PASSED] - Object: 'Object Repository/Final Object Repo/Login Page/Internal User/Next Button' is clicked on

2018-11-10 00:50:30 - [TEST_STEP][PASSED] - delay: Delayed 1 second(s)

2018-11-10 00:50:31 - [MESSAGE][PASSED] - Delayed 1 second(s)

2018-11-10 00:50:31 - [TEST_STEP][PASSED] - setEncryptedText: Text ****** has been set on object 'Object Repository/Final Object Repo/Login Page/Internal User/Password'

2018-11-10 00:50:31 - [MESSAGE][PASSED] - Text ****** has been set on object 'Object Repository/Final Object Repo/Login Page/Internal User/Password'

2018-11-10 00:50:31 - [TEST_STEP][PASSED] - click: Object: 'Object Repository/Final Object Repo/Login Page/Internal User/Login Button' is clicked on

2018-11-10 00:50:34 - [MESSAGE][PASSED] - Object: 'Object Repository/Final Object Repo/Login Page/Internal User/Login Button' is clicked on

2018-11-10 00:50:34 - [TEST_STEP][PASSED] - delay: Delayed 1 second(s)

2018-11-10 00:50:35 - [MESSAGE][PASSED] - Delayed 1 second(s)

2018-11-10 00:50:35 - [TEST_STEP][PASSED] - navigateToUrl: Navigate to 'https://assist2-uat.perkeso.gov.my/web/registration/request-ssn' successfully

2018-11-10 00:50:40 - [MESSAGE][PASSED] - Navigate to 'https://assist2-uat.perkeso.gov.my/web/registration/request-ssn' successfully

2018-11-10 00:50:40 - [TEST_STEP][PASSED] - setText: Text 'perkeso' is set on object 'Object Repository/Final Object Repo/Page_Request SSN - ASSIST/AI - Name'

2018-11-10 00:50:40 - [MESSAGE][PASSED] - Text 'perkeso' is set on object 'Object Repository/Final Object Repo/Page_Request SSN - ASSIST/AI - Name'

2018-11-10 00:50:40 - [TEST_STEP][PASSED] - click: Object: 'Object Repository/Final Object Repo/Page_Request SSN - ASSIST/AI - DOB' is clicked on

2018-11-10 00:50:41 - [MESSAGE][PASSED] - Object: 'Object Repository/Final Object Repo/Page_Request SSN - ASSIST/AI - DOB' is clicked on

2018-11-10 00:50:41 - [TEST_STEP][PASSED] - selectOptionByValue: All options with value '1995' are selected in object 'Object Repository/Final Object Repo/Page_Request SSN - ASSIST/AI - DOB - Year' 

2018-11-10 00:50:42 - [MESSAGE][PASSED] - All options with value '1995' are selected in object 'Object Repository/Final Object Repo/Page_Request SSN - ASSIST/AI - DOB - Year' 

2018-11-10 00:50:42 - [TEST_STEP][PASSED] - delay: Delayed 3 second(s)

2018-11-10 00:50:45 - [MESSAGE][PASSED] - Delayed 3 second(s)

2018-11-10 00:50:45 - [TEST_STEP][PASSED] - doubleClick: Object: 'Object Repository/Final Object Repo/Page_Request SSN - ASSIST/AI - DOB - Year - Date' is double clicked on

2018-11-10 00:50:45 - [MESSAGE][PASSED] - Object: 'Object Repository/Final Object Repo/Page_Request SSN - ASSIST/AI - DOB - Year - Date' is double clicked on

2018-11-10 00:50:45 - [TEST_STEP][PASSED] - click: Object: 'Object Repository/Final Object Repo/Page_Request SSN - ASSIST/AI - Male' is clicked on

2018-11-10 00:50:45 - [MESSAGE][PASSED] - Object: 'Object Repository/Final Object Repo/Page_Request SSN - ASSIST/AI - Male' is clicked on

2018-11-10 00:50:45 - [TEST_STEP][PASSED] - click: Object: 'Object Repository/Final Object Repo/Page_Request SSN - ASSIST/AI- Race' is clicked on

2018-11-10 00:50:46 - [MESSAGE][PASSED] - Object: 'Object Repository/Final Object Repo/Page_Request SSN - ASSIST/AI- Race' is clicked on

2018-11-10 00:50:46 - [TEST_STEP][PASSED] - click: Object: 'Object Repository/Final Object Repo/Page_Request SSN - ASSIST/AI - Race - Melayu' is clicked on

2018-11-10 00:50:47 - [MESSAGE][PASSED] - Object: 'Object Repository/Final Object Repo/Page_Request SSN - ASSIST/AI - Race - Melayu' is clicked on

2018-11-10 00:50:47 - [TEST_STEP][PASSED] - click: Object: 'Object Repository/Final Object Repo/Page_Request SSN - ASSIST/AI - Religion' is clicked on

2018-11-10 00:50:47 - [MESSAGE][PASSED] - Object: 'Object Repository/Final Object Repo/Page_Request SSN - ASSIST/AI - Religion' is clicked on

2018-11-10 00:50:47 - [TEST_STEP][PASSED] - click: Object: 'Object Repository/Final Object Repo/Page_Request SSN - ASSIST/AI - Religion - Islam' is clicked on

2018-11-10 00:50:48 - [MESSAGE][PASSED] - Object: 'Object Repository/Final Object Repo/Page_Request SSN - ASSIST/AI - Religion - Islam' is clicked on

2018-11-10 00:50:48 - [TEST_STEP][PASSED] - setText: Text '12345' is set on object 'Object Repository/Final Object Repo/Page_Request SSN - ASSIST/AI - Birth Certificate'

2018-11-10 00:50:48 - [MESSAGE][PASSED] - Text '12345' is set on object 'Object Repository/Final Object Repo/Page_Request SSN - ASSIST/AI - Birth Certificate'

2018-11-10 00:50:48 - [TEST_STEP][PASSED] - click: Object: 'Object Repository/Final Object Repo/Page_Request SSN - ASSIST/AI - Nationality' is clicked on

2018-11-10 00:50:49 - [MESSAGE][PASSED] - Object: 'Object Repository/Final Object Repo/Page_Request SSN - ASSIST/AI - Nationality' is clicked on

2018-11-10 00:50:49 - [TEST_STEP][PASSED] - click: Object: 'Object Repository/Final Object Repo/Page_Request SSN - ASSIST/AI - Nationality - Afghanistan' is clicked on

2018-11-10 00:50:50 - [MESSAGE][PASSED] - Object: 'Object Repository/Final Object Repo/Page_Request SSN - ASSIST/AI - Nationality - Afghanistan' is clicked on

2018-11-10 00:50:50 - [TEST_STEP][PASSED] - setText: Text 'PERKESO ADDRESS1' is set on object 'Object Repository/Final Object Repo/Page_Request SSN - ASSIST/AI - Address1'

2018-11-10 00:50:50 - [MESSAGE][PASSED] - Text 'PERKESO ADDRESS1' is set on object 'Object Repository/Final Object Repo/Page_Request SSN - ASSIST/AI - Address1'

2018-11-10 00:50:50 - [TEST_STEP][PASSED] - setText: Text 'PERKESO ADDRESS2' is set on object 'Object Repository/Final Object Repo/Page_Request SSN - ASSIST/AI - Address2'

2018-11-10 00:50:50 - [MESSAGE][PASSED] - Text 'PERKESO ADDRESS2' is set on object 'Object Repository/Final Object Repo/Page_Request SSN - ASSIST/AI - Address2'

2018-11-10 00:50:50 - [TEST_STEP][PASSED] - setText: Text 'PERKESO ADDRESS3' is set on object 'Object Repository/Final Object Repo/Page_Request SSN - ASSIST/AI - Address3'

2018-11-10 00:50:51 - [MESSAGE][PASSED] - Text 'PERKESO ADDRESS3' is set on object 'Object Repository/Final Object Repo/Page_Request SSN - ASSIST/AI - Address3'

2018-11-10 00:50:51 - [TEST_STEP][PASSED] - click: Object: 'Object Repository/Final Object Repo/Page_Request SSN - ASSIST/AI - State' is clicked on

2018-11-10 00:50:51 - [MESSAGE][PASSED] - Object: 'Object Repository/Final Object Repo/Page_Request SSN - ASSIST/AI - State' is clicked on

2018-11-10 00:50:51 - [TEST_STEP][PASSED] - click: Object: 'Object Repository/Final Object Repo/Page_Request SSN - ASSIST/AI - Current Employer State - Johor' is clicked on

2018-11-10 00:50:52 - [MESSAGE][PASSED] - Object: 'Object Repository/Final Object Repo/Page_Request SSN - ASSIST/AI - Current Employer State - Johor' is clicked on

2018-11-10 00:50:52 - [TEST_STEP][PASSED] - click: Object: 'Object Repository/Final Object Repo/Page_Request SSN - ASSIST/AI - City' is clicked on

2018-11-10 00:50:53 - [MESSAGE][PASSED] - Object: 'Object Repository/Final Object Repo/Page_Request SSN - ASSIST/AI - City' is clicked on

2018-11-10 00:50:53 - [TEST_STEP][PASSED] - setText: Text 'JOH' is set on object 'Object Repository/Final Object Repo/Page_Request SSN - ASSIST/AI - City - JOH'

2018-11-10 00:50:53 - [MESSAGE][PASSED] - Text 'JOH' is set on object 'Object Repository/Final Object Repo/Page_Request SSN - ASSIST/AI - City - JOH'

2018-11-10 00:50:53 - [TEST_STEP][PASSED] - delay: Delayed 3 second(s)

2018-11-10 00:50:56 - [MESSAGE][PASSED] - Delayed 3 second(s)

2018-11-10 00:50:56 - [TEST_STEP][PASSED] - click: Object: 'Object Repository/Final Object Repo/Page_Request SSN - ASSIST/AI - City - Johor Bharu' is clicked on

2018-11-10 00:50:57 - [MESSAGE][PASSED] - Object: 'Object Repository/Final Object Repo/Page_Request SSN - ASSIST/AI - City - Johor Bharu' is clicked on

2018-11-10 00:50:57 - [TEST_STEP][PASSED] - click: Object: 'Object Repository/Final Object Repo/Page_Request SSN - ASSIST/AI - Post Code' is clicked on

2018-11-10 00:50:57 - [MESSAGE][PASSED] - Object: 'Object Repository/Final Object Repo/Page_Request SSN - ASSIST/AI - Post Code' is clicked on

2018-11-10 00:50:57 - [TEST_STEP][PASSED] - setText: Text '810' is set on object 'Object Repository/Final Object Repo/Page_Request SSN - ASSIST/AI - City - JOH'

2018-11-10 00:50:57 - [MESSAGE][PASSED] - Text '810' is set on object 'Object Repository/Final Object Repo/Page_Request SSN - ASSIST/AI - City - JOH'

2018-11-10 00:50:57 - [TEST_STEP][PASSED] - delay: Delayed 3 second(s)

2018-11-10 00:51:00 - [MESSAGE][PASSED] - Delayed 3 second(s)

2018-11-10 00:51:00 - [TEST_STEP][PASSED] - click: Object: 'Object Repository/Final Object Repo/Page_Request SSN - ASSIST/AI - PostCode - 81000' is clicked on

2018-11-10 00:51:01 - [MESSAGE][PASSED] - Object: 'Object Repository/Final Object Repo/Page_Request SSN - ASSIST/AI - PostCode - 81000' is clicked on

2018-11-10 00:51:01 - [TEST_STEP][PASSED] - setText: Text '100' is set on object 'Object Repository/Final Object Repo/Page_Request SSN - ASSIST/P.O.BOX'

2018-11-10 00:51:01 - [MESSAGE][PASSED] - Text '100' is set on object 'Object Repository/Final Object Repo/Page_Request SSN - ASSIST/P.O.BOX'

2018-11-10 00:51:01 - [TEST_STEP][PASSED] - setText: Text '100' is set on object 'Object Repository/Final Object Repo/Page_Request SSN - ASSIST/Locked Bag No'

2018-11-10 00:51:02 - [MESSAGE][PASSED] - Text '100' is set on object 'Object Repository/Final Object Repo/Page_Request SSN - ASSIST/Locked Bag No'

2018-11-10 00:51:02 - [TEST_STEP][PASSED] - delay: Delayed 2 second(s)

2018-11-10 00:51:04 - [MESSAGE][PASSED] - Delayed 2 second(s)

2018-11-10 00:51:04 - [TEST_STEP][PASSED] - setText: Text '123456789' is set on object 'Object Repository/Final Object Repo/Page_Request SSN - ASSIST/AI - Telephone No'

2018-11-10 00:51:04 - [MESSAGE][PASSED] - Text '123456789' is set on object 'Object Repository/Final Object Repo/Page_Request SSN - ASSIST/AI - Telephone No'

2018-11-10 00:51:04 - [TEST_STEP][PASSED] - click: Object: 'Object Repository/Final Object Repo/Page_Request SSN - ASSIST/AI - Occupation' is clicked on

2018-11-10 00:51:05 - [MESSAGE][PASSED] - Object: 'Object Repository/Final Object Repo/Page_Request SSN - ASSIST/AI - Occupation' is clicked on

2018-11-10 00:51:05 - [TEST_STEP][PASSED] - click: Object: 'Object Repository/Final Object Repo/Page_Request SSN - ASSIST/AI - Occupation - NUMERICAL AND MATERIAL R' is clicked on

2018-11-10 00:51:05 - [MESSAGE][PASSED] - Object: 'Object Repository/Final Object Repo/Page_Request SSN - ASSIST/AI - Occupation - NUMERICAL AND MATERIAL R' is clicked on

2018-11-10 00:51:05 - [TEST_STEP][PASSED] - delay: Delayed 2 second(s)

2018-11-10 00:51:07 - [MESSAGE][PASSED] - Delayed 2 second(s)

2018-11-10 00:51:07 - [TEST_STEP][PASSED] - click: Object: 'Object Repository/Final Object Repo/Page_Request SSN - ASSIST/AI - Sub Occupation' is clicked on

2018-11-10 00:51:08 - [MESSAGE][PASSED] - Object: 'Object Repository/Final Object Repo/Page_Request SSN - ASSIST/AI - Sub Occupation' is clicked on

2018-11-10 00:51:08 - [TEST_STEP][PASSED] - click: Object: 'Object Repository/Final Object Repo/Page_Request SSN - ASSIST/AI - Sub Occupation - Stock Clerks' is clicked on

2018-11-10 00:51:09 - [MESSAGE][PASSED] - Object: 'Object Repository/Final Object Repo/Page_Request SSN - ASSIST/AI - Sub Occupation - Stock Clerks' is clicked on

2018-11-10 00:51:09 - [TEST_STEP][PASSED] - delay: Delayed 2 second(s)

2018-11-10 00:51:11 - [MESSAGE][PASSED] - Delayed 2 second(s)

2018-11-10 00:51:11 - [TEST_STEP][PASSED] - click: Object: 'Object Repository/Final Object Repo/Page_Request SSN - ASSIST/AI - Sub Occupation List' is clicked on

2018-11-10 00:51:11 - [MESSAGE][PASSED] - Object: 'Object Repository/Final Object Repo/Page_Request SSN - ASSIST/AI - Sub Occupation List' is clicked on

2018-11-10 00:51:11 - [TEST_STEP][PASSED] - click: Object: 'Object Repository/Final Object Repo/Page_Request SSN - ASSIST/AI - Sub Occupation List - Clerk raw material' is clicked on

2018-11-10 00:51:12 - [MESSAGE][PASSED] - Object: 'Object Repository/Final Object Repo/Page_Request SSN - ASSIST/AI - Sub Occupation List - Clerk raw material' is clicked on

2018-11-10 00:51:12 - [TEST_STEP][PASSED] - click: Object: 'Object Repository/Final Object Repo/Page_Request SSN - ASSIST/AI - Employment Start Date' is clicked on

2018-11-10 00:51:13 - [MESSAGE][PASSED] - Object: 'Object Repository/Final Object Repo/Page_Request SSN - ASSIST/AI - Employment Start Date' is clicked on

2018-11-10 00:51:13 - [TEST_STEP][PASSED] - click: Object: 'Object Repository/Final Object Repo/Page_Request SSN - ASSIST/AI - DOB - Year - Date' is clicked on

2018-11-10 00:51:13 - [MESSAGE][PASSED] - Object: 'Object Repository/Final Object Repo/Page_Request SSN - ASSIST/AI - DOB - Year - Date' is clicked on

2018-11-10 00:51:13 - [TEST_STEP][PASSED] - setText: Text 'E1102001065V' is set on object 'Object Repository/Final Object Repo/Page_Request SSN - ASSIST/AI - Current Employer Code'

2018-11-10 00:51:14 - [MESSAGE][PASSED] - Text 'E1102001065V' is set on object 'Object Repository/Final Object Repo/Page_Request SSN - ASSIST/AI - Current Employer Code'

2018-11-10 00:51:14 - [TEST_STEP][PASSED] - delay: Delayed 2 second(s)

2018-11-10 00:51:16 - [MESSAGE][PASSED] - Delayed 2 second(s)

2018-11-10 00:51:16 - [TEST_STEP][PASSED] - click: Object: 'Object Repository/Final Object Repo/Page_Request SSN - ASSIST/AI - Current Employer Code - Search' is clicked on

2018-11-10 00:51:16 - [MESSAGE][PASSED] - Object: 'Object Repository/Final Object Repo/Page_Request SSN - ASSIST/AI - Current Employer Code - Search' is clicked on

2018-11-10 00:51:16 - [TEST_STEP][PASSED] - delay: Delayed 2 second(s)

2018-11-10 00:51:18 - [MESSAGE][PASSED] - Delayed 2 second(s)

2018-11-10 00:51:18 - [TEST_STEP][NOT_RUN] - setText: NOT_RUN: setText

2018-11-10 00:51:18 - [MESSAGE][NOT_RUN] - NOT_RUN: setText

2018-11-10 00:51:18 - [TEST_STEP][NOT_RUN] - setText: NOT_RUN: setText

2018-11-10 00:51:18 - [MESSAGE][NOT_RUN] - NOT_RUN: setText

2018-11-10 00:51:18 - [TEST_STEP][NOT_RUN] - setText: NOT_RUN: setText

2018-11-10 00:51:18 - [MESSAGE][NOT_RUN] - NOT_RUN: setText

2018-11-10 00:51:18 - [TEST_STEP][NOT_RUN] - setText: NOT_RUN: setText

2018-11-10 00:51:18 - [MESSAGE][NOT_RUN] - NOT_RUN: setText

2018-11-10 00:51:18 - [TEST_STEP][NOT_RUN] - click: NOT_RUN: click

2018-11-10 00:51:18 - [MESSAGE][NOT_RUN] - NOT_RUN: click

2018-11-10 00:51:18 - [TEST_STEP][NOT_RUN] - click: NOT_RUN: click

2018-11-10 00:51:18 - [MESSAGE][NOT_RUN] - NOT_RUN: click

2018-11-10 00:51:18 - [TEST_STEP][NOT_RUN] - click: NOT_RUN: click

2018-11-10 00:51:18 - [MESSAGE][NOT_RUN] - NOT_RUN: click

2018-11-10 00:51:18 - [TEST_STEP][NOT_RUN] - setText: NOT_RUN: setText

2018-11-10 00:51:18 - [MESSAGE][NOT_RUN] - NOT_RUN: setText

2018-11-10 00:51:18 - [TEST_STEP][NOT_RUN] - delay: NOT_RUN: delay

2018-11-10 00:51:18 - [MESSAGE][NOT_RUN] - NOT_RUN: delay

2018-11-10 00:51:18 - [TEST_STEP][NOT_RUN] - click: NOT_RUN: click

2018-11-10 00:51:18 - [MESSAGE][NOT_RUN] - NOT_RUN: click

2018-11-10 00:51:18 - [TEST_STEP][NOT_RUN] - click: NOT_RUN: click

2018-11-10 00:51:18 - [MESSAGE][NOT_RUN] - NOT_RUN: click

2018-11-10 00:51:18 - [TEST_STEP][NOT_RUN] - setText: NOT_RUN: setText

2018-11-10 00:51:18 - [MESSAGE][NOT_RUN] - NOT_RUN: setText

2018-11-10 00:51:18 - [TEST_STEP][NOT_RUN] - delay: NOT_RUN: delay

2018-11-10 00:51:18 - [MESSAGE][NOT_RUN] - NOT_RUN: delay

2018-11-10 00:51:18 - [TEST_STEP][NOT_RUN] - click: NOT_RUN: click

2018-11-10 00:51:18 - [MESSAGE][NOT_RUN] - NOT_RUN: click

2018-11-10 00:51:18 - [TEST_STEP][NOT_RUN] - setText: NOT_RUN: setText

2018-11-10 00:51:18 - [MESSAGE][NOT_RUN] - NOT_RUN: setText

2018-11-10 00:51:18 - [TEST_STEP][NOT_RUN] - setText: NOT_RUN: setText

2018-11-10 00:51:18 - [MESSAGE][NOT_RUN] - NOT_RUN: setText

2018-11-10 00:51:18 - [TEST_STEP][NOT_RUN] - click: NOT_RUN: click

2018-11-10 00:51:18 - [MESSAGE][NOT_RUN] - NOT_RUN: click

2018-11-10 00:51:18 - [TEST_STEP][NOT_RUN] - click: NOT_RUN: click

2018-11-10 00:51:18 - [MESSAGE][NOT_RUN] - NOT_RUN: click

2018-11-10 00:51:18 - [TEST_STEP][NOT_RUN] - setText: NOT_RUN: setText

2018-11-10 00:51:18 - [MESSAGE][NOT_RUN] - NOT_RUN: setText

2018-11-10 00:51:18 - [TEST_STEP][NOT_RUN] - click: NOT_RUN: click

2018-11-10 00:51:18 - [MESSAGE][NOT_RUN] - NOT_RUN: click

2018-11-10 00:51:18 - [TEST_STEP][NOT_RUN] - click: NOT_RUN: click

2018-11-10 00:51:18 - [MESSAGE][NOT_RUN] - NOT_RUN: click

2018-11-10 00:51:18 - [TEST_STEP][NOT_RUN] - click: NOT_RUN: click

2018-11-10 00:51:18 - [MESSAGE][NOT_RUN] - NOT_RUN: click

2018-11-10 00:51:18 - [TEST_STEP][NOT_RUN] - click: NOT_RUN: click

2018-11-10 00:51:18 - [MESSAGE][NOT_RUN] - NOT_RUN: click

2018-11-10 00:51:18 - [TEST_STEP][NOT_RUN] - click: NOT_RUN: click

2018-11-10 00:51:18 - [MESSAGE][NOT_RUN] - NOT_RUN: click

2018-11-10 00:51:18 - [TEST_STEP][NOT_RUN] - click: NOT_RUN: click

2018-11-10 00:51:18 - [MESSAGE][NOT_RUN] - NOT_RUN: click

2018-11-10 00:51:18 - [TEST_STEP][NOT_RUN] - setText: NOT_RUN: setText

2018-11-10 00:51:18 - [MESSAGE][NOT_RUN] - NOT_RUN: setText

2018-11-10 00:51:18 - [TEST_STEP][NOT_RUN] - setText: NOT_RUN: setText

2018-11-10 00:51:18 - [MESSAGE][NOT_RUN] - NOT_RUN: setText

2018-11-10 00:51:18 - [TEST_STEP][NOT_RUN] - setText: NOT_RUN: setText

2018-11-10 00:51:18 - [MESSAGE][NOT_RUN] - NOT_RUN: setText

2018-11-10 00:51:18 - [TEST_STEP][NOT_RUN] - click: NOT_RUN: click

2018-11-10 00:51:18 - [MESSAGE][NOT_RUN] - NOT_RUN: click

2018-11-10 00:51:18 - [TEST_STEP][NOT_RUN] - click: NOT_RUN: click

2018-11-10 00:51:18 - [MESSAGE][NOT_RUN] - NOT_RUN: click

2018-11-10 00:51:18 - [TEST_STEP][NOT_RUN] - click: NOT_RUN: click

2018-11-10 00:51:18 - [MESSAGE][NOT_RUN] - NOT_RUN: click

2018-11-10 00:51:18 - [TEST_STEP][NOT_RUN] - setText: NOT_RUN: setText

2018-11-10 00:51:18 - [MESSAGE][NOT_RUN] - NOT_RUN: setText

2018-11-10 00:51:18 - [TEST_STEP][NOT_RUN] - delay: NOT_RUN: delay

2018-11-10 00:51:18 - [MESSAGE][NOT_RUN] - NOT_RUN: delay

2018-11-10 00:51:18 - [TEST_STEP][NOT_RUN] - click: NOT_RUN: click

2018-11-10 00:51:18 - [MESSAGE][NOT_RUN] - NOT_RUN: click

2018-11-10 00:51:18 - [TEST_STEP][NOT_RUN] - click: NOT_RUN: click

2018-11-10 00:51:18 - [MESSAGE][NOT_RUN] - NOT_RUN: click

2018-11-10 00:51:18 - [TEST_STEP][NOT_RUN] - click: NOT_RUN: click

2018-11-10 00:51:18 - [MESSAGE][NOT_RUN] - NOT_RUN: click

2018-11-10 00:51:18 - [TEST_STEP][NOT_RUN] - setText: NOT_RUN: setText

2018-11-10 00:51:18 - [MESSAGE][NOT_RUN] - NOT_RUN: setText

2018-11-10 00:51:18 - [TEST_STEP][NOT_RUN] - delay: NOT_RUN: delay

2018-11-10 00:51:18 - [MESSAGE][NOT_RUN] - NOT_RUN: delay

2018-11-10 00:51:18 - [TEST_STEP][NOT_RUN] - click: NOT_RUN: click

2018-11-10 00:51:18 - [MESSAGE][NOT_RUN] - NOT_RUN: click

2018-11-10 00:51:18 - [TEST_STEP][NOT_RUN] - delay: NOT_RUN: delay

2018-11-10 00:51:18 - [MESSAGE][NOT_RUN] - NOT_RUN: delay

2018-11-10 00:51:18 - [TEST_STEP][NOT_RUN] - setText: NOT_RUN: setText

2018-11-10 00:51:18 - [MESSAGE][NOT_RUN] - NOT_RUN: setText

2018-11-10 00:51:18 - [TEST_STEP][NOT_RUN] - setText: NOT_RUN: setText

2018-11-10 00:51:18 - [MESSAGE][NOT_RUN] - NOT_RUN: setText

2018-11-10 00:51:18 - [TEST_STEP][NOT_RUN] - setText: NOT_RUN: setText

2018-11-10 00:51:18 - [MESSAGE][NOT_RUN] - NOT_RUN: setText

2018-11-10 00:51:18 - [TEST_STEP][NOT_RUN] - click: NOT_RUN: click

2018-11-10 00:51:18 - [MESSAGE][NOT_RUN] - NOT_RUN: click

2018-11-10 00:51:18 - [TEST_STEP][NOT_RUN] - click: NOT_RUN: click

2018-11-10 00:51:18 - [MESSAGE][NOT_RUN] - NOT_RUN: click

2018-11-10 00:51:18 - [TEST_STEP][NOT_RUN] - setText: NOT_RUN: setText

2018-11-10 00:51:18 - [MESSAGE][NOT_RUN] - NOT_RUN: setText

2018-11-10 00:51:18 - [TEST_STEP][NOT_RUN] - click: NOT_RUN: click

2018-11-10 00:51:18 - [MESSAGE][NOT_RUN] - NOT_RUN: click

2018-11-10 00:51:18 - [TEST_STEP][NOT_RUN] - click: NOT_RUN: click

2018-11-10 00:51:18 - [MESSAGE][NOT_RUN] - NOT_RUN: click

2018-11-10 00:51:18 - [TEST_STEP][NOT_RUN] - click: NOT_RUN: click

2018-11-10 00:51:18 - [MESSAGE][NOT_RUN] - NOT_RUN: click

2018-11-10 00:51:18 - [TEST_STEP][NOT_RUN] - click: NOT_RUN: click

2018-11-10 00:51:18 - [MESSAGE][NOT_RUN] - NOT_RUN: click

2018-11-10 00:51:18 - [TEST_STEP][NOT_RUN] - click: NOT_RUN: click

2018-11-10 00:51:18 - [MESSAGE][NOT_RUN] - NOT_RUN: click

2018-11-10 00:51:18 - [TEST_STEP][NOT_RUN] - click: NOT_RUN: click

2018-11-10 00:51:18 - [MESSAGE][NOT_RUN] - NOT_RUN: click

2018-11-10 00:51:18 - [TEST_STEP][NOT_RUN] - setText: NOT_RUN: setText

2018-11-10 00:51:18 - [MESSAGE][NOT_RUN] - NOT_RUN: setText

2018-11-10 00:51:18 - [TEST_STEP][NOT_RUN] - setText: NOT_RUN: setText

2018-11-10 00:51:18 - [MESSAGE][NOT_RUN] - NOT_RUN: setText

2018-11-10 00:51:18 - [TEST_STEP][NOT_RUN] - setText: NOT_RUN: setText

2018-11-10 00:51:18 - [MESSAGE][NOT_RUN] - NOT_RUN: setText

2018-11-10 00:51:18 - [TEST_STEP][NOT_RUN] - click: NOT_RUN: click

2018-11-10 00:51:18 - [MESSAGE][NOT_RUN] - NOT_RUN: click

2018-11-10 00:51:18 - [TEST_STEP][NOT_RUN] - click: NOT_RUN: click

2018-11-10 00:51:18 - [MESSAGE][NOT_RUN] - NOT_RUN: click

2018-11-10 00:51:18 - [TEST_STEP][NOT_RUN] - click: NOT_RUN: click

2018-11-10 00:51:18 - [MESSAGE][NOT_RUN] - NOT_RUN: click

2018-11-10 00:51:18 - [TEST_STEP][NOT_RUN] - delay: NOT_RUN: delay

2018-11-10 00:51:18 - [MESSAGE][NOT_RUN] - NOT_RUN: delay

2018-11-10 00:51:18 - [TEST_STEP][NOT_RUN] - setText: NOT_RUN: setText

2018-11-10 00:51:18 - [MESSAGE][NOT_RUN] - NOT_RUN: setText

2018-11-10 00:51:18 - [TEST_STEP][NOT_RUN] - delay: NOT_RUN: delay

2018-11-10 00:51:18 - [MESSAGE][NOT_RUN] - NOT_RUN: delay

2018-11-10 00:51:19 - [TEST_STEP][NOT_RUN] - click: NOT_RUN: click

2018-11-10 00:51:19 - [MESSAGE][NOT_RUN] - NOT_RUN: click

2018-11-10 00:51:19 - [TEST_STEP][NOT_RUN] - doubleClick: NOT_RUN: doubleClick

2018-11-10 00:51:19 - [MESSAGE][NOT_RUN] - NOT_RUN: doubleClick

2018-11-10 00:51:19 - [TEST_STEP][NOT_RUN] - click: NOT_RUN: click

2018-11-10 00:51:19 - [MESSAGE][NOT_RUN] - NOT_RUN: click

2018-11-10 00:51:19 - [TEST_STEP][NOT_RUN] - setText: NOT_RUN: setText

2018-11-10 00:51:19 - [MESSAGE][NOT_RUN] - NOT_RUN: setText

2018-11-10 00:51:19 - [TEST_STEP][NOT_RUN] - delay: NOT_RUN: delay

2018-11-10 00:51:19 - [MESSAGE][NOT_RUN] - NOT_RUN: delay

2018-11-10 00:51:19 - [TEST_STEP][NOT_RUN] - click: NOT_RUN: click

2018-11-10 00:51:19 - [MESSAGE][NOT_RUN] - NOT_RUN: click

2018-11-10 00:51:19 - [TEST_STEP][NOT_RUN] - delay: NOT_RUN: delay

2018-11-10 00:51:19 - [MESSAGE][NOT_RUN] - NOT_RUN: delay

2018-11-10 00:51:19 - [TEST_STEP][NOT_RUN] - setText: NOT_RUN: setText

2018-11-10 00:51:19 - [MESSAGE][NOT_RUN] - NOT_RUN: setText

2018-11-10 00:51:19 - [TEST_STEP][PASSED] - click: Object: 'Object Repository/Final Object Repo/Page_Request SSN - ASSIST/Save  Continue' is clicked on

2018-11-10 00:51:23 - [MESSAGE][PASSED] - Object: 'Object Repository/Final Object Repo/Page_Request SSN - ASSIST/Save  Continue' is clicked on

2018-11-10 00:51:23 - [TEST_STEP][PASSED] - delay: Delayed 3 second(s)

2018-11-10 00:51:26 - [MESSAGE][PASSED] - Delayed 3 second(s)

2018-11-10 00:51:26 - [TEST_STEP][PASSED] - Statement - CaseReferenceNo = com.kms.katalon.core.webui.keyword.WebUiBuiltInKeywords.getText(com.kms.katalon.core.testobject.ObjectRepository.findTestObject(Final Object Repo/Page_Request SSN - ASSIST/Reference Number in Uploading Page)): Text of object 'Object Repository/Final Object Repo/Page_Request SSN - ASSIST/Reference Number in Uploading Page' is: 'YUKI'

2018-11-10 00:51:26 - [MESSAGE][PASSED] - Text of object 'Object Repository/Final Object Repo/Page_Request SSN - ASSIST/Reference Number in Uploading Page' is: 'YUKI'

2018-11-10 00:51:26 - [TEST_STEP][PASSED] - click: Object: 'Object Repository/Final Object Repo/Page_Request SSN - ASSIST/Add Document Button' is clicked on

2018-11-10 00:51:27 - [MESSAGE][PASSED] - Object: 'Object Repository/Final Object Repo/Page_Request SSN - ASSIST/Add Document Button' is clicked on

2018-11-10 00:51:27 - [TEST_STEP][PASSED] - delay: Delayed 2 second(s)

2018-11-10 00:51:29 - [MESSAGE][PASSED] - Delayed 2 second(s)

2018-11-10 00:51:29 - [TEST_STEP][PASSED] - click: Object: 'Object Repository/Final Object Repo/Page_Request SSN - ASSIST/Document Type' is clicked on

2018-11-10 00:51:30 - [MESSAGE][PASSED] - Object: 'Object Repository/Final Object Repo/Page_Request SSN - ASSIST/Document Type' is clicked on

2018-11-10 00:51:30 - [TEST_STEP][PASSED] - click: Object: 'Object Repository/Final Object Repo/Page_Request SSN - ASSIST/Document Type - Birth Certificate' is clicked on

2018-11-10 00:51:31 - [MESSAGE][PASSED] - Object: 'Object Repository/Final Object Repo/Page_Request SSN - ASSIST/Document Type - Birth Certificate' is clicked on

2018-11-10 00:51:31 - [TEST_STEP][PASSED] - sendKeys: Keys 'C:\Users\Public\Pictures\Sample Pictures\Act.jpg' sent to object: 'Object Repository/Final Object Repo/Page_Request SSN - ASSIST/Upload File'

2018-11-10 00:51:31 - [MESSAGE][PASSED] - Keys 'C:\Users\Public\Pictures\Sample Pictures\Act.jpg' sent to object: 'Object Repository/Final Object Repo/Page_Request SSN - ASSIST/Upload File'

2018-11-10 00:51:31 - [TEST_STEP][PASSED] - click: Object: 'Object Repository/Final Object Repo/Page_Request SSN - ASSIST/Add Document' is clicked on

2018-11-10 00:51:37 - [MESSAGE][PASSED] - Object: 'Object Repository/Final Object Repo/Page_Request SSN - ASSIST/Add Document' is clicked on

2018-11-10 00:51:37 - [TEST_STEP][PASSED] - delay: Delayed 2 second(s)

2018-11-10 00:51:39 - [MESSAGE][PASSED] - Delayed 2 second(s)

2018-11-10 00:51:39 - [TEST_STEP][PASSED] - click: Object: 'Object Repository/Final Object Repo/Page_Request SSN - ASSIST/Save  Continue in Uploading Document Page' is clicked on

2018-11-10 00:51:44 - [MESSAGE][PASSED] - Object: 'Object Repository/Final Object Repo/Page_Request SSN - ASSIST/Save  Continue in Uploading Document Page' is clicked on

2018-11-10 00:51:44 - [TEST_STEP][PASSED] - delay: Delayed 2 second(s)

2018-11-10 00:51:46 - [MESSAGE][PASSED] - Delayed 2 second(s)

2018-11-10 00:51:46 - [TEST_STEP][PASSED] - click: Object: 'Object Repository/Final Object Repo/Page_Request SSN - ASSIST/Submit' is clicked on

2018-11-10 00:51:47 - [MESSAGE][PASSED] - Object: 'Object Repository/Final Object Repo/Page_Request SSN - ASSIST/Submit' is clicked on

2018-11-10 00:51:47 - [TEST_STEP][PASSED] - delay: Delayed 2 second(s)

2018-11-10 00:51:49 - [MESSAGE][PASSED] - Delayed 2 second(s)

2018-11-10 00:51:49 - [TEST_STEP][PASSED] - click: Object: 'Object Repository/Final Object Repo/Page_Request SSN - ASSIST/Confirm' is clicked on

2018-11-10 00:51:54 - [MESSAGE][PASSED] - Object: 'Object Repository/Final Object Repo/Page_Request SSN - ASSIST/Confirm' is clicked on

2018-11-10 00:51:54 - [TEST_STEP][PASSED] - delay: Delayed 2 second(s)

2018-11-10 00:51:56 - [MESSAGE][PASSED] - Delayed 2 second(s)

2018-11-10 00:51:56 - [TEST_STEP][PASSED] - verifyElementVisible: Object 'Object Repository/Final Object Repo/Page_Request SSN - ASSIST/Message This Case will be routed to RIO' is visible

2018-11-10 00:51:56 - [MESSAGE][PASSED] - Object 'Object Repository/Final Object Repo/Page_Request SSN - ASSIST/Message This Case will be routed to RIO' is visible

2018-11-10 00:51:56 - [TEST_STEP][PASSED] - delay: Delayed 2 second(s)

2018-11-10 00:51:58 - [MESSAGE][PASSED] - Delayed 2 second(s)

2018-11-10 00:51:58 - [TEST_STEP][PASSED] - verifyElementVisible: Object 'Object Repository/Final Object Repo/Page_Request SSN - ASSIST/Letter of acknowledgement' is visible

2018-11-10 00:51:58 - [MESSAGE][PASSED] - Object 'Object Repository/Final Object Repo/Page_Request SSN - ASSIST/Letter of acknowledgement' is visible

2018-11-10 00:51:58 - [MESSAGE][PASSED] - Call Test Case 'Test Cases/Final Aug 2018 - PKS Automation/Registration Module/Workflow/Request SSN/Template/Request SSN - OTC (Using Current Employer Code)' successfully

2018-11-10 00:51:58 - [TEST_STEP][PASSED] - delay: Delayed 2 second(s)

2018-11-10 00:52:00 - [MESSAGE][PASSED] - Delayed 2 second(s)

2018-11-10 00:52:00 - [TEST_STEP][PASSED] - navigateToUrl: Navigate to 'https://assist2-uat.perkeso.gov.my/c/portal/logout' successfully

2018-11-10 00:52:01 - [MESSAGE][PASSED] - Navigate to 'https://assist2-uat.perkeso.gov.my/c/portal/logout' successfully

2018-11-10 00:52:01 - [TEST_STEP][PASSED] - delay: Delayed 2 second(s)

2018-11-10 00:52:03 - [MESSAGE][PASSED] - Delayed 2 second(s)

2018-11-10 00:52:03 - [TEST_STEP][PASSED] - callTestCase: Call Test Case 'Test Cases/Final Aug 2018 - PKS Automation/Common/Workflow Owner Finder' successfully

2018-11-10 00:52:03 - [TEST_CASE][PASSED] - Test Cases/Final Aug 2018 - PKS Automation/Common/Workflow Owner Finder: Test Cases/Final Aug 2018 - PKS Automation/Common/Workflow Owner Finder

2018-11-10 00:52:03 - [TEST_STEP][PASSED] - openBrowser: Browser is opened with url: ''

2018-11-10 00:52:03 - [MESSAGE][WARNING] - A browser is already opened. Closing browser and opening a new one

2018-11-10 00:52:08 - [MESSAGE][PASSED] - Browser is opened with url: ''

2018-11-10 00:52:08 - [TEST_STEP][PASSED] - navigateToUrl: Navigate to 'https://assist2-uat.perkeso.gov.my/login' successfully

2018-11-10 00:52:10 - [MESSAGE][PASSED] - Navigate to 'https://assist2-uat.perkeso.gov.my/login' successfully

2018-11-10 00:52:10 - [TEST_STEP][PASSED] - delay: Delayed 5 second(s)

2018-11-10 00:52:15 - [MESSAGE][PASSED] - Delayed 5 second(s)

2018-11-10 00:52:15 - [TEST_STEP][PASSED] - setText: Text 'test@liferay.com' is set on object 'Object Repository/Final Object Repo/Login Page/Internal User/Email Address'

2018-11-10 00:52:15 - [MESSAGE][PASSED] - Text 'test@liferay.com' is set on object 'Object Repository/Final Object Repo/Login Page/Internal User/Email Address'

2018-11-10 00:52:15 - [TEST_STEP][PASSED] - click: Object: 'Object Repository/Final Object Repo/Login Page/Internal User/Next Button' is clicked on

2018-11-10 00:52:15 - [MESSAGE][PASSED] - Object: 'Object Repository/Final Object Repo/Login Page/Internal User/Next Button' is clicked on

2018-11-10 00:52:15 - [TEST_STEP][PASSED] - delay: Delayed 2 second(s)

2018-11-10 00:52:17 - [MESSAGE][PASSED] - Delayed 2 second(s)

2018-11-10 00:52:17 - [TEST_STEP][PASSED] - setText: Text 'test' is set on object 'Object Repository/Final Object Repo/Login Page/Internal User/Password'

2018-11-10 00:52:17 - [MESSAGE][PASSED] - Text 'test' is set on object 'Object Repository/Final Object Repo/Login Page/Internal User/Password'

2018-11-10 00:52:17 - [TEST_STEP][PASSED] - delay: Delayed 2 second(s)

2018-11-10 00:52:19 - [MESSAGE][PASSED] - Delayed 2 second(s)

2018-11-10 00:52:19 - [TEST_STEP][PASSED] - click: Object: 'Object Repository/Final Object Repo/Login Page/Internal User/Login Button' is clicked on

2018-11-10 00:52:22 - [MESSAGE][PASSED] - Object: 'Object Repository/Final Object Repo/Login Page/Internal User/Login Button' is clicked on

2018-11-10 00:52:22 - [TEST_STEP][PASSED] - Statement - Try: Delayed 2 second(s)

2018-11-10 00:52:22 - [TEST_STEP][PASSED] - Statement - Checker = false: null

2018-11-10 00:52:22 - [TEST_STEP][PASSED] - Statement - Checker = com.kms.katalon.core.webui.keyword.WebUiBuiltInKeywords.verifyElementHasAttribute(com.kms.katalon.core.testobject.ObjectRepository.findTestObject(Final Object Repo/Landing Page/BM Detecting), "href", 20, OPTIONAL): Object 'Object Repository/Final Object Repo/Landing Page/BM Detecting' has attribute 'href'

2018-11-10 00:52:22 - [MESSAGE][PASSED] - Object 'Object Repository/Final Object Repo/Landing Page/BM Detecting' has attribute 'href'

2018-11-10 00:52:22 - [TEST_STEP][PASSED] - Statement - out.println(Checker): null

2018-11-10 00:52:22 - [TEST_STEP][PASSED] - Statement - If (Checker == false): null

2018-11-10 00:52:22 - [TEST_STEP][PASSED] - Statement - Else: null

2018-11-10 00:52:22 - [TEST_STEP][PASSED] - delay: Delayed 2 second(s)

2018-11-10 00:52:24 - [MESSAGE][PASSED] - Delayed 2 second(s)

2018-11-10 00:52:24 - [TEST_STEP][PASSED] - delay: Delayed 3 second(s)

2018-11-10 00:52:27 - [MESSAGE][PASSED] - Delayed 3 second(s)

2018-11-10 00:52:27 - [TEST_STEP][PASSED] - mouseOver: Object: 'Object Repository/Final Object Repo/Landing Page/WorkFlow Menu' is hovered

2018-11-10 00:52:28 - [MESSAGE][PASSED] - Object: 'Object Repository/Final Object Repo/Landing Page/WorkFlow Menu' is hovered

2018-11-10 00:52:28 - [TEST_STEP][PASSED] - delay: Delayed 2 second(s)

2018-11-10 00:52:30 - [MESSAGE][PASSED] - Delayed 2 second(s)

2018-11-10 00:52:30 - [TEST_STEP][PASSED] - click: Object: 'Object Repository/Final Object Repo/Landing Page/Select to Workflow Listing' is clicked on

2018-11-10 00:52:31 - [MESSAGE][PASSED] - Object: 'Object Repository/Final Object Repo/Landing Page/Select to Workflow Listing' is clicked on

2018-11-10 00:52:31 - [TEST_STEP][PASSED] - delay: Delayed 2 second(s)

2018-11-10 00:52:33 - [MESSAGE][PASSED] - Delayed 2 second(s)

2018-11-10 00:52:33 - [TEST_STEP][PASSED] - click: Object: 'Object Repository/Final Object Repo/WorkFlow Listing Page/Search Information - To Put Ref No' is clicked on

2018-11-10 00:52:33 - [MESSAGE][PASSED] - Object: 'Object Repository/Final Object Repo/WorkFlow Listing Page/Search Information - To Put Ref No' is clicked on

2018-11-10 00:52:33 - [TEST_STEP][PASSED] - delay: Delayed 2 second(s)

2018-11-10 00:52:35 - [MESSAGE][PASSED] - Delayed 2 second(s)

2018-11-10 00:52:35 - [TEST_STEP][PASSED] - callTestCase: Call Test Case 'Test Cases/Final Aug 2018 - PKS Automation/Common/Reference Number Getter' successfully

2018-11-10 00:52:35 - [TEST_CASE][PASSED] - Test Cases/Final Aug 2018 - PKS Automation/Common/Reference Number Getter: Test Cases/Final Aug 2018 - PKS Automation/Common/Reference Number Getter

2018-11-10 00:52:35 - [TEST_STEP][PASSED] - Statement - Try: null

2018-11-10 00:52:35 - [TEST_STEP][PASSED] - Statement - RefNo = new java.io.File(C://KatalonReference.txt): null

2018-11-10 00:52:35 - [TEST_STEP][PASSED] - Statement - bufferread = new java.io.BufferedReader(new java.io.FileReader(RefNo)): null

2018-11-10 00:52:35 - [TEST_STEP][PASSED] - Statement - readedVal = bufferread.readLine(): null

2018-11-10 00:52:35 - [TEST_STEP][PASSED] - Statement - out.println(CaseReferenceNo): null

2018-11-10 00:52:35 - [TEST_STEP][PASSED] - Statement - out.println(readedVal): null

2018-11-10 00:52:35 - [TEST_STEP][PASSED] - Statement - CaseReferenceNo = readedVal: null

2018-11-10 00:52:35 - [MESSAGE][PASSED] - Call Test Case 'Test Cases/Final Aug 2018 - PKS Automation/Common/Reference Number Getter' successfully

2018-11-10 00:52:35 - [TEST_STEP][PASSED] - setText: Text 'SSN11201800001123' is set on object 'Object Repository/Final Object Repo/WorkFlow Listing Page/Ref No Set Text'

2018-11-10 00:52:35 - [MESSAGE][PASSED] - Text 'SSN11201800001123' is set on object 'Object Repository/Final Object Repo/WorkFlow Listing Page/Ref No Set Text'

2018-11-10 00:52:35 - [TEST_STEP][PASSED] - delay: Delayed 2 second(s)

2018-11-10 00:52:37 - [MESSAGE][PASSED] - Delayed 2 second(s)

2018-11-10 00:52:37 - [TEST_STEP][PASSED] - click: Object: 'Object Repository/Final Object Repo/WorkFlow Listing Page/Search Ref No Search Button' is clicked on

2018-11-10 00:52:39 - [MESSAGE][PASSED] - Object: 'Object Repository/Final Object Repo/WorkFlow Listing Page/Search Ref No Search Button' is clicked on

2018-11-10 00:52:39 - [TEST_STEP][PASSED] - delay: Delayed 4 second(s)

2018-11-10 00:52:43 - [MESSAGE][PASSED] - Delayed 4 second(s)

2018-11-10 00:52:43 - [TEST_STEP][PASSED] - click: Object: 'Object Repository/Final Object Repo/WorkFlow Listing Page/Click Continue Tooltip' is clicked on

2018-11-10 00:52:45 - [MESSAGE][PASSED] - Object: 'Object Repository/Final Object Repo/WorkFlow Listing Page/Click Continue Tooltip' is clicked on

2018-11-10 00:52:45 - [TEST_STEP][PASSED] - delay: Delayed 5 second(s)

2018-11-10 00:52:50 - [MESSAGE][PASSED] - Delayed 5 second(s)

2018-11-10 00:52:50 - [TEST_STEP][PASSED] - doubleClick: Object: 'Object Repository/Final Object Repo/WorkFlow Listing Page/Workflow Found - Listing 1' is double clicked on

2018-11-10 00:52:50 - [MESSAGE][PASSED] - Object: 'Object Repository/Final Object Repo/WorkFlow Listing Page/Workflow Found - Listing 1' is double clicked on

2018-11-10 00:52:50 - [TEST_STEP][PASSED] - Statement - println(OwnerID): null

2018-11-10 00:52:50 - [TEST_STEP][PASSED] - Statement - OwnerID = com.kms.katalon.core.webui.keyword.WebUiBuiltInKeywords.getText(com.kms.katalon.core.testobject.ObjectRepository.findTestObject(Final Object Repo/WorkFlow Listing Page/Workflow Found - Listing 1), STOP_ON_FAILURE): Text of object 'Object Repository/Final Object Repo/WorkFlow Listing Page/Workflow Found - Listing 1' is: 'JOHORrio3'

2018-11-10 00:52:50 - [MESSAGE][PASSED] - Text of object 'Object Repository/Final Object Repo/WorkFlow Listing Page/Workflow Found - Listing 1' is: 'JOHORrio3'

2018-11-10 00:52:50 - [TEST_STEP][PASSED] - Statement - OwnerID = OwnerID.toLowerCase() + "@gmail.com": null

2018-11-10 00:52:50 - [TEST_STEP][PASSED] - Statement - println(OwnerID): null

2018-11-10 00:52:50 - [TEST_STEP][PASSED] - delay: Delayed 2 second(s)

2018-11-10 00:52:52 - [MESSAGE][PASSED] - Delayed 2 second(s)

2018-11-10 00:52:52 - [MESSAGE][PASSED] - Call Test Case 'Test Cases/Final Aug 2018 - PKS Automation/Common/Workflow Owner Finder' successfully

2018-11-10 00:52:52 - [TEST_STEP][PASSED] - delay: Delayed 2 second(s)

2018-11-10 00:52:54 - [MESSAGE][PASSED] - Delayed 2 second(s)

2018-11-10 00:52:54 - [TEST_STEP][PASSED] - navigateToUrl: Navigate to 'https://assist2-uat.perkeso.gov.my/c/portal/logout' successfully

2018-11-10 00:52:55 - [MESSAGE][PASSED] - Navigate to 'https://assist2-uat.perkeso.gov.my/c/portal/logout' successfully

2018-11-10 00:52:55 - [TEST_STEP][PASSED] - delay: Delayed 2 second(s)

2018-11-10 00:52:57 - [MESSAGE][PASSED] - Delayed 2 second(s)

2018-11-10 00:52:57 - [TEST_STEP][PASSED] - callTestCase: null

2018-11-10 00:52:57 - [MESSAGE][FAILED] - Unable to call Test Case with id 'Test Cases/Final Aug 2018 - PKS Automation/Registration Module/Workflow/Request SSN/Template/Request SSN RIO - RO (Approve and Using Current Employer Code)' (Root cause: Call Test Case 'Test Cases/Final Aug 2018 - PKS Automation/Registration Module/Workflow/Request SSN/Template/Request SSN RIO - RO (Approve and Using Current Employer Code)' failed because of error(s))]]></system-out>
         <system-err><![CDATA[2018-11-10 00:48:20 - [TEST_CASE][ERROR] - Test Cases/Final Aug 2018 - PKS Automation/Registration Module/Workflow/Request SSN/PKRBO - RIO - RO (Approve): Test Cases/Final Aug 2018 - PKS Automation/Registration Module/Workflow/Request SSN/PKRBO - RIO - RO (Approve) FAILED because (of) (Stack trace: java.lang.IllegalArgumentException: Cannot find test case with id 'Test Cases/Final Aug 2018 - PKS Automation/Registration/Login and Search Case For Workflow'
	at com.kms.katalon.core.testcase.TestCaseFactory.findTestCase(TestCaseFactory.java:72)
	at com.kms.katalon.core.testcase.TestCaseFactory$findTestCase.callStatic(Unknown Source)
	at org.codehaus.groovy.runtime.callsite.CallSiteArray.defaultCallStatic(CallSiteArray.java:56)
	at org.codehaus.groovy.runtime.callsite.AbstractCallSite.callStatic(AbstractCallSite.java:194)
	at org.codehaus.groovy.runtime.callsite.AbstractCallSite.callStatic(AbstractCallSite.java:206)
	at Script1537866116409.run(Script1537866116409.groovy:38)
	at com.kms.katalon.core.main.ScriptEngine.run(ScriptEngine.java:183)
	at com.kms.katalon.core.main.ScriptEngine.runScriptAsRawText(ScriptEngine.java:108)
	at com.kms.katalon.core.main.TestCaseExecutor.runScript(TestCaseExecutor.java:294)
	at com.kms.katalon.core.main.TestCaseExecutor.doExecute(TestCaseExecutor.java:285)
	at com.kms.katalon.core.main.TestCaseExecutor.processExecutionPhase(TestCaseExecutor.java:264)
	at com.kms.katalon.core.main.TestCaseExecutor.accessMainPhase(TestCaseExecutor.java:256)
	at com.kms.katalon.core.main.TestCaseExecutor.execute(TestCaseExecutor.java:200)
	at com.kms.katalon.core.main.TestCaseMain.runTestCase(TestCaseMain.java:99)
	at com.kms.katalon.core.keyword.builtin.CallTestCaseKeyword$_callTestCase_closure1.doCall(CallTestCaseKeyword.groovy:60)
	at com.kms.katalon.core.keyword.builtin.CallTestCaseKeyword$_callTestCase_closure1.call(CallTestCaseKeyword.groovy)
	at com.kms.katalon.core.keyword.internal.KeywordMain.runKeyword(KeywordMain.groovy:54)
	at com.kms.katalon.core.keyword.builtin.CallTestCaseKeyword.callTestCase(CallTestCaseKeyword.groovy:81)
	at com.kms.katalon.core.keyword.builtin.CallTestCaseKeyword.execute(CallTestCaseKeyword.groovy:45)
	at com.kms.katalon.core.keyword.internal.KeywordExecutor.executeKeywordForPlatform(KeywordExecutor.groovy:53)
	at com.kms.katalon.core.keyword.BuiltinKeywords.callTestCase(BuiltinKeywords.groovy:334)
	at sun.reflect.GeneratedMethodAccessor13.invoke(Unknown Source)
	at sun.reflect.DelegatingMethodAccessorImpl.invoke(DelegatingMethodAccessorImpl.java:43)
	at java.lang.reflect.Method.invoke(Method.java:498)
	at org.codehaus.groovy.reflection.CachedMethod.invoke(CachedMethod.java:93)
	at groovy.lang.MetaMethod.doMethodInvoke(MetaMethod.java:325)
	at groovy.lang.MetaClassImpl.invokeStaticMethod(MetaClassImpl.java:1469)
	at org.codehaus.groovy.runtime.callsite.StaticMetaClassSite.call(StaticMetaClassSite.java:53)
	at org.codehaus.groovy.runtime.callsite.CallSiteArray.defaultCall(CallSiteArray.java:48)
	at org.codehaus.groovy.runtime.callsite.AbstractCallSite.call(AbstractCallSite.java:113)
	at org.codehaus.groovy.runtime.callsite.AbstractCallSite.call(AbstractCallSite.java:141)
	at Script1536300508619.run(Script1536300508619.groovy:24)
	at com.kms.katalon.core.main.ScriptEngine.run(ScriptEngine.java:183)
	at com.kms.katalon.core.main.ScriptEngine.runScriptAsRawText(ScriptEngine.java:108)
	at com.kms.katalon.core.main.TestCaseExecutor.runScript(TestCaseExecutor.java:294)
	at com.kms.katalon.core.main.TestCaseExecutor.doExecute(TestCaseExecutor.java:285)
	at com.kms.katalon.core.main.TestCaseExecutor.processExecutionPhase(TestCaseExecutor.java:264)
	at com.kms.katalon.core.main.TestCaseExecutor.accessMainPhase(TestCaseExecutor.java:256)
	at com.kms.katalon.core.main.TestCaseExecutor.execute(TestCaseExecutor.java:200)
	at com.kms.katalon.core.main.TestSuiteExecutor.accessTestCaseMainPhase(TestSuiteExecutor.java:129)
	at com.kms.katalon.core.main.TestSuiteExecutor.accessTestSuiteMainPhase(TestSuiteExecutor.java:112)
	at com.kms.katalon.core.main.TestSuiteExecutor.execute(TestSuiteExecutor.java:81)
	at com.kms.katalon.core.main.TestCaseMain.startTestSuite(TestCaseMain.java:142)
	at com.kms.katalon.core.main.TestCaseMain$startTestSuite$0.call(Unknown Source)
	at org.codehaus.groovy.runtime.callsite.CallSiteArray.defaultCall(CallSiteArray.java:48)
	at org.codehaus.groovy.runtime.callsite.AbstractCallSite.call(AbstractCallSite.java:113)
	at org.codehaus.groovy.runtime.callsite.AbstractCallSite.call(AbstractCallSite.java:141)
	at TempTestSuite1541781047348.run(TempTestSuite1541781047348.groovy:36)
	at groovy.lang.GroovyShell.runScriptOrMainOrTestOrRunnable(GroovyShell.java:263)
	at groovy.lang.GroovyShell.run(GroovyShell.java:518)
	at groovy.lang.GroovyShell.run(GroovyShell.java:507)
	at groovy.ui.GroovyMain.processOnce(GroovyMain.java:653)
	at groovy.ui.GroovyMain.run(GroovyMain.java:384)
	at groovy.ui.GroovyMain.process(GroovyMain.java:370)
	at groovy.ui.GroovyMain.processArgs(GroovyMain.java:129)
	at groovy.ui.GroovyMain.main(GroovyMain.java:109)
	at sun.reflect.NativeMethodAccessorImpl.invoke0(Native Method)
	at sun.reflect.NativeMethodAccessorImpl.invoke(NativeMethodAccessorImpl.java:62)
	at sun.reflect.DelegatingMethodAccessorImpl.invoke(DelegatingMethodAccessorImpl.java:43)
	at java.lang.reflect.Method.invoke(Method.java:498)
	at org.codehaus.groovy.tools.GroovyStarter.rootLoader(GroovyStarter.java:109)
	at org.codehaus.groovy.tools.GroovyStarter.main(GroovyStarter.java:131)
)]]></system-err>
      </testcase>
      <testcase name="Test Cases/Final Aug 2018 - PKS Automation/Registration Module/Workflow/Request SSN/PKRBO - RIO - RO (Query)" classname="Test Cases/Final Aug 2018 - PKS Automation/Registration Module/Workflow/Request SSN/PKRBO - RIO - RO (Query)" status="FAILED">
         <failure type="FAILED" message="(Stack trace: com.kms.katalon.core.exception.StepFailedException: Unable to click on object 'Object Repository/Final Object Repo/Page_Request SSN - ASSIST/Document Type' (Root cause: org.openqa.selenium.ElementClickInterceptedException: Element &lt;span class=&quot;select2-selection select2-selection--single&quot;> is not clickable at point (482.4833221435547,201.56666564941406) because another element &lt;div class=&quot;blockUI blockOverlay&quot;> obscures it
Build info: version: '3.9.1', revision: '63f7b50', time: '2018-02-07T22:42:28.403Z'
System info: host: 'WEIZHENG', ip: '192.168.137.1', os.name: 'Windows 7', os.arch: 'amd64', os.version: '6.1', java.version: '1.8.0_181'
Driver info: com.kms.katalon.core.webui.driver.firefox.CGeckoDriver
Capabilities {acceptInsecureCerts: true, browserName: firefox, browserVersion: 63.0.1, javascriptEnabled: true, moz:accessibilityChecks: false, moz:geckodriverVersion: 0.23.0, moz:headless: false, moz:processID: 1620, moz:profile: C:\Users\Wei Zheng\AppData\..., moz:useNonSpecCompliantPointerOrigin: false, moz:webdriverClick: true, pageLoadStrategy: normal, platform: WINDOWS, platformName: WINDOWS, platformVersion: 6.1, proxy: Proxy(direct), rotatable: false, setWindowRect: true, timeouts: {implicit: 0, pageLoad: 300000, script: 30000}, unhandledPromptBehavior: dismiss and notify}
Session ID: 7f458519-ab2e-499a-be19-ed4bacf088ec)
	at com.kms.katalon.core.keyword.internal.KeywordMain.stepFailed(KeywordMain.groovy:32)
	at com.kms.katalon.core.webui.keyword.internal.WebUIKeywordMain.stepFailed(WebUIKeywordMain.groovy:65)
	at com.kms.katalon.core.webui.keyword.internal.WebUIKeywordMain.runKeyword(WebUIKeywordMain.groovy:27)
	at com.kms.katalon.core.webui.keyword.builtin.ClickKeyword.click(ClickKeyword.groovy:86)
	at com.kms.katalon.core.webui.keyword.builtin.ClickKeyword.execute(ClickKeyword.groovy:67)
	at com.kms.katalon.core.keyword.internal.KeywordExecutor.executeKeywordForPlatform(KeywordExecutor.groovy:53)
	at com.kms.katalon.core.webui.keyword.WebUiBuiltInKeywords.click(WebUiBuiltInKeywords.groovy:616)
	at com.kms.katalon.core.webui.keyword.WebUiBuiltInKeywords$click$2.call(Unknown Source)
	at Script1537866257782.run(Script1537866257782.groovy:64)
	at com.kms.katalon.core.main.ScriptEngine.run(ScriptEngine.java:183)
	at com.kms.katalon.core.main.ScriptEngine.runScriptAsRawText(ScriptEngine.java:108)
	at com.kms.katalon.core.main.TestCaseExecutor.runScript(TestCaseExecutor.java:294)
	at com.kms.katalon.core.main.TestCaseExecutor.doExecute(TestCaseExecutor.java:285)
	at com.kms.katalon.core.main.TestCaseExecutor.processExecutionPhase(TestCaseExecutor.java:264)
	at com.kms.katalon.core.main.TestCaseExecutor.accessMainPhase(TestCaseExecutor.java:256)
	at com.kms.katalon.core.main.TestCaseExecutor.execute(TestCaseExecutor.java:200)
	at com.kms.katalon.core.main.TestCaseMain.runTestCase(TestCaseMain.java:99)
	at com.kms.katalon.core.keyword.builtin.CallTestCaseKeyword$_callTestCase_closure1.doCall(CallTestCaseKeyword.groovy:60)
	at com.kms.katalon.core.keyword.builtin.CallTestCaseKeyword$_callTestCase_closure1.call(CallTestCaseKeyword.groovy)
	at com.kms.katalon.core.keyword.internal.KeywordMain.runKeyword(KeywordMain.groovy:54)
	at com.kms.katalon.core.keyword.builtin.CallTestCaseKeyword.callTestCase(CallTestCaseKeyword.groovy:81)
	at com.kms.katalon.core.keyword.builtin.CallTestCaseKeyword.execute(CallTestCaseKeyword.groovy:45)
	at com.kms.katalon.core.keyword.internal.KeywordExecutor.executeKeywordForPlatform(KeywordExecutor.groovy:53)
	at com.kms.katalon.core.keyword.BuiltinKeywords.callTestCase(BuiltinKeywords.groovy:334)
	at sun.reflect.GeneratedMethodAccessor13.invoke(Unknown Source)
	at sun.reflect.DelegatingMethodAccessorImpl.invoke(DelegatingMethodAccessorImpl.java:43)
	at java.lang.reflect.Method.invoke(Method.java:498)
	at org.codehaus.groovy.reflection.CachedMethod.invoke(CachedMethod.java:93)
	at groovy.lang.MetaMethod.doMethodInvoke(MetaMethod.java:325)
	at groovy.lang.MetaClassImpl.invokeStaticMethod(MetaClassImpl.java:1469)
	at org.codehaus.groovy.runtime.callsite.StaticMetaClassSite.call(StaticMetaClassSite.java:53)
	at org.codehaus.groovy.runtime.callsite.AbstractCallSite.call(AbstractCallSite.java:141)
	at Script1537866031818.run(Script1537866031818.groovy:69)
	at com.kms.katalon.core.main.ScriptEngine.run(ScriptEngine.java:183)
	at com.kms.katalon.core.main.ScriptEngine.runScriptAsRawText(ScriptEngine.java:108)
	at com.kms.katalon.core.main.TestCaseExecutor.runScript(TestCaseExecutor.java:294)
	at com.kms.katalon.core.main.TestCaseExecutor.doExecute(TestCaseExecutor.java:285)
	at com.kms.katalon.core.main.TestCaseExecutor.processExecutionPhase(TestCaseExecutor.java:264)
	at com.kms.katalon.core.main.TestCaseExecutor.accessMainPhase(TestCaseExecutor.java:256)
	at com.kms.katalon.core.main.TestCaseExecutor.execute(TestCaseExecutor.java:200)
	at com.kms.katalon.core.main.TestCaseMain.runTestCase(TestCaseMain.java:99)
	at com.kms.katalon.core.keyword.builtin.CallTestCaseKeyword$_callTestCase_closure1.doCall(CallTestCaseKeyword.groovy:60)
	at com.kms.katalon.core.keyword.builtin.CallTestCaseKeyword$_callTestCase_closure1.call(CallTestCaseKeyword.groovy)
	at com.kms.katalon.core.keyword.internal.KeywordMain.runKeyword(KeywordMain.groovy:54)
	at com.kms.katalon.core.keyword.builtin.CallTestCaseKeyword.callTestCase(CallTestCaseKeyword.groovy:81)
	at com.kms.katalon.core.keyword.builtin.CallTestCaseKeyword.execute(CallTestCaseKeyword.groovy:45)
	at com.kms.katalon.core.keyword.internal.KeywordExecutor.executeKeywordForPlatform(KeywordExecutor.groovy:53)
	at com.kms.katalon.core.keyword.BuiltinKeywords.callTestCase(BuiltinKeywords.groovy:334)
	at sun.reflect.GeneratedMethodAccessor13.invoke(Unknown Source)
	at sun.reflect.DelegatingMethodAccessorImpl.invoke(DelegatingMethodAccessorImpl.java:43)
	at java.lang.reflect.Method.invoke(Method.java:498)
	at org.codehaus.groovy.reflection.CachedMethod.invoke(CachedMethod.java:93)
	at groovy.lang.MetaMethod.doMethodInvoke(MetaMethod.java:325)
	at groovy.lang.MetaClassImpl.invokeStaticMethod(MetaClassImpl.java:1469)
	at org.codehaus.groovy.runtime.callsite.StaticMetaClassSite.call(StaticMetaClassSite.java:53)
	at org.codehaus.groovy.runtime.callsite.CallSiteArray.defaultCall(CallSiteArray.java:48)
	at org.codehaus.groovy.runtime.callsite.AbstractCallSite.call(AbstractCallSite.java:113)
	at org.codehaus.groovy.runtime.callsite.AbstractCallSite.call(AbstractCallSite.java:141)
	at Script1536300508627.run(Script1536300508627.groovy:24)
	at com.kms.katalon.core.main.ScriptEngine.run(ScriptEngine.java:183)
	at com.kms.katalon.core.main.ScriptEngine.runScriptAsRawText(ScriptEngine.java:108)
	at com.kms.katalon.core.main.TestCaseExecutor.runScript(TestCaseExecutor.java:294)
	at com.kms.katalon.core.main.TestCaseExecutor.doExecute(TestCaseExecutor.java:285)
	at com.kms.katalon.core.main.TestCaseExecutor.processExecutionPhase(TestCaseExecutor.java:264)
	at com.kms.katalon.core.main.TestCaseExecutor.accessMainPhase(TestCaseExecutor.java:256)
	at com.kms.katalon.core.main.TestCaseExecutor.execute(TestCaseExecutor.java:200)
	at com.kms.katalon.core.main.TestSuiteExecutor.accessTestCaseMainPhase(TestSuiteExecutor.java:129)
	at com.kms.katalon.core.main.TestSuiteExecutor.accessTestSuiteMainPhase(TestSuiteExecutor.java:112)
	at com.kms.katalon.core.main.TestSuiteExecutor.execute(TestSuiteExecutor.java:81)
	at com.kms.katalon.core.main.TestCaseMain.startTestSuite(TestCaseMain.java:142)
	at com.kms.katalon.core.main.TestCaseMain$startTestSuite$0.call(Unknown Source)
	at org.codehaus.groovy.runtime.callsite.CallSiteArray.defaultCall(CallSiteArray.java:48)
	at org.codehaus.groovy.runtime.callsite.AbstractCallSite.call(AbstractCallSite.java:113)
	at org.codehaus.groovy.runtime.callsite.AbstractCallSite.call(AbstractCallSite.java:141)
	at TempTestSuite1541781047348.run(TempTestSuite1541781047348.groovy:36)
	at groovy.lang.GroovyShell.runScriptOrMainOrTestOrRunnable(GroovyShell.java:263)
	at groovy.lang.GroovyShell.run(GroovyShell.java:518)
	at groovy.lang.GroovyShell.run(GroovyShell.java:507)
	at groovy.ui.GroovyMain.processOnce(GroovyMain.java:653)
	at groovy.ui.GroovyMain.run(GroovyMain.java:384)
	at groovy.ui.GroovyMain.process(GroovyMain.java:370)
	at groovy.ui.GroovyMain.processArgs(GroovyMain.java:129)
	at groovy.ui.GroovyMain.main(GroovyMain.java:109)
	at sun.reflect.NativeMethodAccessorImpl.invoke0(Native Method)
	at sun.reflect.NativeMethodAccessorImpl.invoke(NativeMethodAccessorImpl.java:62)
	at sun.reflect.DelegatingMethodAccessorImpl.invoke(DelegatingMethodAccessorImpl.java:43)
	at java.lang.reflect.Method.invoke(Method.java:498)
	at org.codehaus.groovy.tools.GroovyStarter.rootLoader(GroovyStarter.java:109)
	at org.codehaus.groovy.tools.GroovyStarter.main(GroovyStarter.java:131)
)"/>
         <system-out><![CDATA[2018-11-10 00:52:57 - [TEST_CASE][FAILED] - Test Cases/Final Aug 2018 - PKS Automation/Registration Module/Workflow/Request SSN/PKRBO - RIO - RO (Query): Test Cases/Final Aug 2018 - PKS Automation/Registration Module/Workflow/Request SSN/PKRBO - RIO - RO (Query) FAILED because (of) (Stack trace: com.kms.katalon.core.exception.StepFailedException: Unable to click on object 'Object Repository/Final Object Repo/Page_Request SSN - ASSIST/Document Type' (Root cause: org.openqa.selenium.ElementClickInterceptedException: Element <span class="select2-selection select2-selection--single"> is not clickable at point (482.4833221435547,201.56666564941406) because another element <div class="blockUI blockOverlay"> obscures it
Build info: version: '3.9.1', revision: '63f7b50', time: '2018-02-07T22:42:28.403Z'
System info: host: 'WEIZHENG', ip: '192.168.137.1', os.name: 'Windows 7', os.arch: 'amd64', os.version: '6.1', java.version: '1.8.0_181'
Driver info: com.kms.katalon.core.webui.driver.firefox.CGeckoDriver
Capabilities {acceptInsecureCerts: true, browserName: firefox, browserVersion: 63.0.1, javascriptEnabled: true, moz:accessibilityChecks: false, moz:geckodriverVersion: 0.23.0, moz:headless: false, moz:processID: 1620, moz:profile: C:\Users\Wei Zheng\AppData\..., moz:useNonSpecCompliantPointerOrigin: false, moz:webdriverClick: true, pageLoadStrategy: normal, platform: WINDOWS, platformName: WINDOWS, platformVersion: 6.1, proxy: Proxy(direct), rotatable: false, setWindowRect: true, timeouts: {implicit: 0, pageLoad: 300000, script: 30000}, unhandledPromptBehavior: dismiss and notify}
Session ID: 7f458519-ab2e-499a-be19-ed4bacf088ec)
	at com.kms.katalon.core.keyword.internal.KeywordMain.stepFailed(KeywordMain.groovy:32)
	at com.kms.katalon.core.webui.keyword.internal.WebUIKeywordMain.stepFailed(WebUIKeywordMain.groovy:65)
	at com.kms.katalon.core.webui.keyword.internal.WebUIKeywordMain.runKeyword(WebUIKeywordMain.groovy:27)
	at com.kms.katalon.core.webui.keyword.builtin.ClickKeyword.click(ClickKeyword.groovy:86)
	at com.kms.katalon.core.webui.keyword.builtin.ClickKeyword.execute(ClickKeyword.groovy:67)
	at com.kms.katalon.core.keyword.internal.KeywordExecutor.executeKeywordForPlatform(KeywordExecutor.groovy:53)
	at com.kms.katalon.core.webui.keyword.WebUiBuiltInKeywords.click(WebUiBuiltInKeywords.groovy:616)
	at com.kms.katalon.core.webui.keyword.WebUiBuiltInKeywords$click$2.call(Unknown Source)
	at Script1537866257782.run(Script1537866257782.groovy:64)
	at com.kms.katalon.core.main.ScriptEngine.run(ScriptEngine.java:183)
	at com.kms.katalon.core.main.ScriptEngine.runScriptAsRawText(ScriptEngine.java:108)
	at com.kms.katalon.core.main.TestCaseExecutor.runScript(TestCaseExecutor.java:294)
	at com.kms.katalon.core.main.TestCaseExecutor.doExecute(TestCaseExecutor.java:285)
	at com.kms.katalon.core.main.TestCaseExecutor.processExecutionPhase(TestCaseExecutor.java:264)
	at com.kms.katalon.core.main.TestCaseExecutor.accessMainPhase(TestCaseExecutor.java:256)
	at com.kms.katalon.core.main.TestCaseExecutor.execute(TestCaseExecutor.java:200)
	at com.kms.katalon.core.main.TestCaseMain.runTestCase(TestCaseMain.java:99)
	at com.kms.katalon.core.keyword.builtin.CallTestCaseKeyword$_callTestCase_closure1.doCall(CallTestCaseKeyword.groovy:60)
	at com.kms.katalon.core.keyword.builtin.CallTestCaseKeyword$_callTestCase_closure1.call(CallTestCaseKeyword.groovy)
	at com.kms.katalon.core.keyword.internal.KeywordMain.runKeyword(KeywordMain.groovy:54)
	at com.kms.katalon.core.keyword.builtin.CallTestCaseKeyword.callTestCase(CallTestCaseKeyword.groovy:81)
	at com.kms.katalon.core.keyword.builtin.CallTestCaseKeyword.execute(CallTestCaseKeyword.groovy:45)
	at com.kms.katalon.core.keyword.internal.KeywordExecutor.executeKeywordForPlatform(KeywordExecutor.groovy:53)
	at com.kms.katalon.core.keyword.BuiltinKeywords.callTestCase(BuiltinKeywords.groovy:334)
	at sun.reflect.GeneratedMethodAccessor13.invoke(Unknown Source)
	at sun.reflect.DelegatingMethodAccessorImpl.invoke(DelegatingMethodAccessorImpl.java:43)
	at java.lang.reflect.Method.invoke(Method.java:498)
	at org.codehaus.groovy.reflection.CachedMethod.invoke(CachedMethod.java:93)
	at groovy.lang.MetaMethod.doMethodInvoke(MetaMethod.java:325)
	at groovy.lang.MetaClassImpl.invokeStaticMethod(MetaClassImpl.java:1469)
	at org.codehaus.groovy.runtime.callsite.StaticMetaClassSite.call(StaticMetaClassSite.java:53)
	at org.codehaus.groovy.runtime.callsite.AbstractCallSite.call(AbstractCallSite.java:141)
	at Script1537866031818.run(Script1537866031818.groovy:69)
	at com.kms.katalon.core.main.ScriptEngine.run(ScriptEngine.java:183)
	at com.kms.katalon.core.main.ScriptEngine.runScriptAsRawText(ScriptEngine.java:108)
	at com.kms.katalon.core.main.TestCaseExecutor.runScript(TestCaseExecutor.java:294)
	at com.kms.katalon.core.main.TestCaseExecutor.doExecute(TestCaseExecutor.java:285)
	at com.kms.katalon.core.main.TestCaseExecutor.processExecutionPhase(TestCaseExecutor.java:264)
	at com.kms.katalon.core.main.TestCaseExecutor.accessMainPhase(TestCaseExecutor.java:256)
	at com.kms.katalon.core.main.TestCaseExecutor.execute(TestCaseExecutor.java:200)
	at com.kms.katalon.core.main.TestCaseMain.runTestCase(TestCaseMain.java:99)
	at com.kms.katalon.core.keyword.builtin.CallTestCaseKeyword$_callTestCase_closure1.doCall(CallTestCaseKeyword.groovy:60)
	at com.kms.katalon.core.keyword.builtin.CallTestCaseKeyword$_callTestCase_closure1.call(CallTestCaseKeyword.groovy)
	at com.kms.katalon.core.keyword.internal.KeywordMain.runKeyword(KeywordMain.groovy:54)
	at com.kms.katalon.core.keyword.builtin.CallTestCaseKeyword.callTestCase(CallTestCaseKeyword.groovy:81)
	at com.kms.katalon.core.keyword.builtin.CallTestCaseKeyword.execute(CallTestCaseKeyword.groovy:45)
	at com.kms.katalon.core.keyword.internal.KeywordExecutor.executeKeywordForPlatform(KeywordExecutor.groovy:53)
	at com.kms.katalon.core.keyword.BuiltinKeywords.callTestCase(BuiltinKeywords.groovy:334)
	at sun.reflect.GeneratedMethodAccessor13.invoke(Unknown Source)
	at sun.reflect.DelegatingMethodAccessorImpl.invoke(DelegatingMethodAccessorImpl.java:43)
	at java.lang.reflect.Method.invoke(Method.java:498)
	at org.codehaus.groovy.reflection.CachedMethod.invoke(CachedMethod.java:93)
	at groovy.lang.MetaMethod.doMethodInvoke(MetaMethod.java:325)
	at groovy.lang.MetaClassImpl.invokeStaticMethod(MetaClassImpl.java:1469)
	at org.codehaus.groovy.runtime.callsite.StaticMetaClassSite.call(StaticMetaClassSite.java:53)
	at org.codehaus.groovy.runtime.callsite.CallSiteArray.defaultCall(CallSiteArray.java:48)
	at org.codehaus.groovy.runtime.callsite.AbstractCallSite.call(AbstractCallSite.java:113)
	at org.codehaus.groovy.runtime.callsite.AbstractCallSite.call(AbstractCallSite.java:141)
	at Script1536300508627.run(Script1536300508627.groovy:24)
	at com.kms.katalon.core.main.ScriptEngine.run(ScriptEngine.java:183)
	at com.kms.katalon.core.main.ScriptEngine.runScriptAsRawText(ScriptEngine.java:108)
	at com.kms.katalon.core.main.TestCaseExecutor.runScript(TestCaseExecutor.java:294)
	at com.kms.katalon.core.main.TestCaseExecutor.doExecute(TestCaseExecutor.java:285)
	at com.kms.katalon.core.main.TestCaseExecutor.processExecutionPhase(TestCaseExecutor.java:264)
	at com.kms.katalon.core.main.TestCaseExecutor.accessMainPhase(TestCaseExecutor.java:256)
	at com.kms.katalon.core.main.TestCaseExecutor.execute(TestCaseExecutor.java:200)
	at com.kms.katalon.core.main.TestSuiteExecutor.accessTestCaseMainPhase(TestSuiteExecutor.java:129)
	at com.kms.katalon.core.main.TestSuiteExecutor.accessTestSuiteMainPhase(TestSuiteExecutor.java:112)
	at com.kms.katalon.core.main.TestSuiteExecutor.execute(TestSuiteExecutor.java:81)
	at com.kms.katalon.core.main.TestCaseMain.startTestSuite(TestCaseMain.java:142)
	at com.kms.katalon.core.main.TestCaseMain$startTestSuite$0.call(Unknown Source)
	at org.codehaus.groovy.runtime.callsite.CallSiteArray.defaultCall(CallSiteArray.java:48)
	at org.codehaus.groovy.runtime.callsite.AbstractCallSite.call(AbstractCallSite.java:113)
	at org.codehaus.groovy.runtime.callsite.AbstractCallSite.call(AbstractCallSite.java:141)
	at TempTestSuite1541781047348.run(TempTestSuite1541781047348.groovy:36)
	at groovy.lang.GroovyShell.runScriptOrMainOrTestOrRunnable(GroovyShell.java:263)
	at groovy.lang.GroovyShell.run(GroovyShell.java:518)
	at groovy.lang.GroovyShell.run(GroovyShell.java:507)
	at groovy.ui.GroovyMain.processOnce(GroovyMain.java:653)
	at groovy.ui.GroovyMain.run(GroovyMain.java:384)
	at groovy.ui.GroovyMain.process(GroovyMain.java:370)
	at groovy.ui.GroovyMain.processArgs(GroovyMain.java:129)
	at groovy.ui.GroovyMain.main(GroovyMain.java:109)
	at sun.reflect.NativeMethodAccessorImpl.invoke0(Native Method)
	at sun.reflect.NativeMethodAccessorImpl.invoke(NativeMethodAccessorImpl.java:62)
	at sun.reflect.DelegatingMethodAccessorImpl.invoke(DelegatingMethodAccessorImpl.java:43)
	at java.lang.reflect.Method.invoke(Method.java:498)
	at org.codehaus.groovy.tools.GroovyStarter.rootLoader(GroovyStarter.java:109)
	at org.codehaus.groovy.tools.GroovyStarter.main(GroovyStarter.java:131)
)

2018-11-10 00:52:57 - [TEST_STEP][PASSED] - callTestCase: Call Test Case 'Test Cases/Final Aug 2018 - PKS Automation/Registration Module/Workflow/Request SSN/Template/Request SSN - PKRBO' successfully

2018-11-10 00:52:57 - [TEST_CASE][PASSED] - Test Cases/Final Aug 2018 - PKS Automation/Registration Module/Workflow/Request SSN/Template/Request SSN - PKRBO: Test Cases/Final Aug 2018 - PKS Automation/Registration Module/Workflow/Request SSN/Template/Request SSN - PKRBO

2018-11-10 00:52:57 - [TEST_STEP][PASSED] - openBrowser: Browser is opened with url: ''

2018-11-10 00:52:57 - [MESSAGE][WARNING] - A browser is already opened. Closing browser and opening a new one

2018-11-10 00:53:01 - [MESSAGE][PASSED] - Browser is opened with url: ''

2018-11-10 00:53:01 - [TEST_STEP][PASSED] - navigateToUrl: Navigate to 'https://assist2-uat.perkeso.gov.my/login' successfully

2018-11-10 00:53:04 - [MESSAGE][PASSED] - Navigate to 'https://assist2-uat.perkeso.gov.my/login' successfully

2018-11-10 00:53:04 - [TEST_STEP][PASSED] - setText: Text 'johorpkrbo1@gmail.com' is set on object 'Object Repository/Final Object Repo/Login Page/Internal User/Email Address'

2018-11-10 00:53:04 - [MESSAGE][PASSED] - Text 'johorpkrbo1@gmail.com' is set on object 'Object Repository/Final Object Repo/Login Page/Internal User/Email Address'

2018-11-10 00:53:04 - [TEST_STEP][PASSED] - click: Object: 'Object Repository/Final Object Repo/Login Page/Internal User/Next Button' is clicked on

2018-11-10 00:53:05 - [MESSAGE][PASSED] - Object: 'Object Repository/Final Object Repo/Login Page/Internal User/Next Button' is clicked on

2018-11-10 00:53:05 - [TEST_STEP][PASSED] - delay: Delayed 1 second(s)

2018-11-10 00:53:06 - [MESSAGE][PASSED] - Delayed 1 second(s)

2018-11-10 00:53:06 - [TEST_STEP][PASSED] - setEncryptedText: Text ****** has been set on object 'Object Repository/Final Object Repo/Login Page/Internal User/Password'

2018-11-10 00:53:06 - [MESSAGE][PASSED] - Text ****** has been set on object 'Object Repository/Final Object Repo/Login Page/Internal User/Password'

2018-11-10 00:53:06 - [TEST_STEP][PASSED] - click: Object: 'Object Repository/Final Object Repo/Login Page/Internal User/Login Button' is clicked on

2018-11-10 00:53:09 - [MESSAGE][PASSED] - Object: 'Object Repository/Final Object Repo/Login Page/Internal User/Login Button' is clicked on

2018-11-10 00:53:09 - [TEST_STEP][PASSED] - delay: Delayed 1 second(s)

2018-11-10 00:53:10 - [MESSAGE][PASSED] - Delayed 1 second(s)

2018-11-10 00:53:10 - [TEST_STEP][PASSED] - navigateToUrl: Navigate to 'https://assist2-uat.perkeso.gov.my/web/registration/request-ssn' successfully

2018-11-10 00:53:15 - [MESSAGE][PASSED] - Navigate to 'https://assist2-uat.perkeso.gov.my/web/registration/request-ssn' successfully

2018-11-10 00:53:15 - [TEST_STEP][PASSED] - setText: Text 'perkeso' is set on object 'Object Repository/Final Object Repo/Page_Request SSN - ASSIST/AI - Name'

2018-11-10 00:53:15 - [MESSAGE][PASSED] - Text 'perkeso' is set on object 'Object Repository/Final Object Repo/Page_Request SSN - ASSIST/AI - Name'

2018-11-10 00:53:15 - [TEST_STEP][PASSED] - click: Object: 'Object Repository/Final Object Repo/Page_Request SSN - ASSIST/AI - DOB' is clicked on

2018-11-10 00:53:16 - [MESSAGE][PASSED] - Object: 'Object Repository/Final Object Repo/Page_Request SSN - ASSIST/AI - DOB' is clicked on

2018-11-10 00:53:16 - [TEST_STEP][PASSED] - selectOptionByValue: All options with value '1995' are selected in object 'Object Repository/Final Object Repo/Page_Request SSN - ASSIST/AI - DOB - Year' 

2018-11-10 00:53:17 - [MESSAGE][PASSED] - All options with value '1995' are selected in object 'Object Repository/Final Object Repo/Page_Request SSN - ASSIST/AI - DOB - Year' 

2018-11-10 00:53:17 - [TEST_STEP][PASSED] - delay: Delayed 3 second(s)

2018-11-10 00:53:20 - [MESSAGE][PASSED] - Delayed 3 second(s)

2018-11-10 00:53:20 - [TEST_STEP][PASSED] - doubleClick: Object: 'Object Repository/Final Object Repo/Page_Request SSN - ASSIST/AI - DOB - Year - Date' is double clicked on

2018-11-10 00:53:20 - [MESSAGE][PASSED] - Object: 'Object Repository/Final Object Repo/Page_Request SSN - ASSIST/AI - DOB - Year - Date' is double clicked on

2018-11-10 00:53:20 - [TEST_STEP][PASSED] - click: Object: 'Object Repository/Final Object Repo/Page_Request SSN - ASSIST/AI - Male' is clicked on

2018-11-10 00:53:21 - [MESSAGE][PASSED] - Object: 'Object Repository/Final Object Repo/Page_Request SSN - ASSIST/AI - Male' is clicked on

2018-11-10 00:53:21 - [TEST_STEP][PASSED] - click: Object: 'Object Repository/Final Object Repo/Page_Request SSN - ASSIST/AI- Race' is clicked on

2018-11-10 00:53:21 - [MESSAGE][PASSED] - Object: 'Object Repository/Final Object Repo/Page_Request SSN - ASSIST/AI- Race' is clicked on

2018-11-10 00:53:21 - [TEST_STEP][PASSED] - click: Object: 'Object Repository/Final Object Repo/Page_Request SSN - ASSIST/AI - Race - Melayu' is clicked on

2018-11-10 00:53:22 - [MESSAGE][PASSED] - Object: 'Object Repository/Final Object Repo/Page_Request SSN - ASSIST/AI - Race - Melayu' is clicked on

2018-11-10 00:53:22 - [TEST_STEP][PASSED] - click: Object: 'Object Repository/Final Object Repo/Page_Request SSN - ASSIST/AI - Religion' is clicked on

2018-11-10 00:53:23 - [MESSAGE][PASSED] - Object: 'Object Repository/Final Object Repo/Page_Request SSN - ASSIST/AI - Religion' is clicked on

2018-11-10 00:53:23 - [TEST_STEP][PASSED] - click: Object: 'Object Repository/Final Object Repo/Page_Request SSN - ASSIST/AI - Religion - Islam' is clicked on

2018-11-10 00:53:23 - [MESSAGE][PASSED] - Object: 'Object Repository/Final Object Repo/Page_Request SSN - ASSIST/AI - Religion - Islam' is clicked on

2018-11-10 00:53:23 - [TEST_STEP][PASSED] - setText: Text '12345' is set on object 'Object Repository/Final Object Repo/Page_Request SSN - ASSIST/AI - Birth Certificate'

2018-11-10 00:53:24 - [MESSAGE][PASSED] - Text '12345' is set on object 'Object Repository/Final Object Repo/Page_Request SSN - ASSIST/AI - Birth Certificate'

2018-11-10 00:53:24 - [TEST_STEP][PASSED] - click: Object: 'Object Repository/Final Object Repo/Page_Request SSN - ASSIST/AI - Nationality' is clicked on

2018-11-10 00:53:24 - [MESSAGE][PASSED] - Object: 'Object Repository/Final Object Repo/Page_Request SSN - ASSIST/AI - Nationality' is clicked on

2018-11-10 00:53:24 - [TEST_STEP][PASSED] - click: Object: 'Object Repository/Final Object Repo/Page_Request SSN - ASSIST/AI - Nationality - Afghanistan' is clicked on

2018-11-10 00:53:25 - [MESSAGE][PASSED] - Object: 'Object Repository/Final Object Repo/Page_Request SSN - ASSIST/AI - Nationality - Afghanistan' is clicked on

2018-11-10 00:53:25 - [TEST_STEP][PASSED] - setText: Text 'PERKESO ADDRESS1' is set on object 'Object Repository/Final Object Repo/Page_Request SSN - ASSIST/AI - Address1'

2018-11-10 00:53:25 - [MESSAGE][PASSED] - Text 'PERKESO ADDRESS1' is set on object 'Object Repository/Final Object Repo/Page_Request SSN - ASSIST/AI - Address1'

2018-11-10 00:53:25 - [TEST_STEP][PASSED] - setText: Text 'PERKESO ADDRESS2' is set on object 'Object Repository/Final Object Repo/Page_Request SSN - ASSIST/AI - Address2'

2018-11-10 00:53:26 - [MESSAGE][PASSED] - Text 'PERKESO ADDRESS2' is set on object 'Object Repository/Final Object Repo/Page_Request SSN - ASSIST/AI - Address2'

2018-11-10 00:53:26 - [TEST_STEP][PASSED] - setText: Text 'PERKESO ADDRESS3' is set on object 'Object Repository/Final Object Repo/Page_Request SSN - ASSIST/AI - Address3'

2018-11-10 00:53:26 - [MESSAGE][PASSED] - Text 'PERKESO ADDRESS3' is set on object 'Object Repository/Final Object Repo/Page_Request SSN - ASSIST/AI - Address3'

2018-11-10 00:53:26 - [TEST_STEP][PASSED] - click: Object: 'Object Repository/Final Object Repo/Page_Request SSN - ASSIST/AI - State' is clicked on

2018-11-10 00:53:27 - [MESSAGE][PASSED] - Object: 'Object Repository/Final Object Repo/Page_Request SSN - ASSIST/AI - State' is clicked on

2018-11-10 00:53:27 - [TEST_STEP][PASSED] - click: Object: 'Object Repository/Final Object Repo/Page_Request SSN - ASSIST/AI - Current Employer State - Johor' is clicked on

2018-11-10 00:53:27 - [MESSAGE][PASSED] - Object: 'Object Repository/Final Object Repo/Page_Request SSN - ASSIST/AI - Current Employer State - Johor' is clicked on

2018-11-10 00:53:27 - [TEST_STEP][PASSED] - click: Object: 'Object Repository/Final Object Repo/Page_Request SSN - ASSIST/AI - City' is clicked on

2018-11-10 00:53:28 - [MESSAGE][PASSED] - Object: 'Object Repository/Final Object Repo/Page_Request SSN - ASSIST/AI - City' is clicked on

2018-11-10 00:53:28 - [TEST_STEP][PASSED] - setText: Text 'JOH' is set on object 'Object Repository/Final Object Repo/Page_Request SSN - ASSIST/AI - City - JOH'

2018-11-10 00:53:28 - [MESSAGE][PASSED] - Text 'JOH' is set on object 'Object Repository/Final Object Repo/Page_Request SSN - ASSIST/AI - City - JOH'

2018-11-10 00:53:28 - [TEST_STEP][PASSED] - delay: Delayed 3 second(s)

2018-11-10 00:53:31 - [MESSAGE][PASSED] - Delayed 3 second(s)

2018-11-10 00:53:31 - [TEST_STEP][PASSED] - click: Object: 'Object Repository/Final Object Repo/Page_Request SSN - ASSIST/AI - City - Johor Bharu' is clicked on

2018-11-10 00:53:32 - [MESSAGE][PASSED] - Object: 'Object Repository/Final Object Repo/Page_Request SSN - ASSIST/AI - City - Johor Bharu' is clicked on

2018-11-10 00:53:32 - [TEST_STEP][PASSED] - click: Object: 'Object Repository/Final Object Repo/Page_Request SSN - ASSIST/AI - Post Code' is clicked on

2018-11-10 00:53:32 - [MESSAGE][PASSED] - Object: 'Object Repository/Final Object Repo/Page_Request SSN - ASSIST/AI - Post Code' is clicked on

2018-11-10 00:53:32 - [TEST_STEP][PASSED] - setText: Text '810' is set on object 'Object Repository/Final Object Repo/Page_Request SSN - ASSIST/AI - City - JOH'

2018-11-10 00:53:32 - [MESSAGE][PASSED] - Text '810' is set on object 'Object Repository/Final Object Repo/Page_Request SSN - ASSIST/AI - City - JOH'

2018-11-10 00:53:32 - [TEST_STEP][PASSED] - delay: Delayed 3 second(s)

2018-11-10 00:53:35 - [MESSAGE][PASSED] - Delayed 3 second(s)

2018-11-10 00:53:35 - [TEST_STEP][PASSED] - click: Object: 'Object Repository/Final Object Repo/Page_Request SSN - ASSIST/AI - PostCode - 81000' is clicked on

2018-11-10 00:53:36 - [MESSAGE][PASSED] - Object: 'Object Repository/Final Object Repo/Page_Request SSN - ASSIST/AI - PostCode - 81000' is clicked on

2018-11-10 00:53:36 - [TEST_STEP][PASSED] - setText: Text '100' is set on object 'Object Repository/Final Object Repo/Page_Request SSN - ASSIST/P.O.BOX'

2018-11-10 00:53:36 - [MESSAGE][PASSED] - Text '100' is set on object 'Object Repository/Final Object Repo/Page_Request SSN - ASSIST/P.O.BOX'

2018-11-10 00:53:36 - [TEST_STEP][PASSED] - setText: Text '100' is set on object 'Object Repository/Final Object Repo/Page_Request SSN - ASSIST/Locked Bag No'

2018-11-10 00:53:37 - [MESSAGE][PASSED] - Text '100' is set on object 'Object Repository/Final Object Repo/Page_Request SSN - ASSIST/Locked Bag No'

2018-11-10 00:53:37 - [TEST_STEP][PASSED] - delay: Delayed 2 second(s)

2018-11-10 00:53:39 - [MESSAGE][PASSED] - Delayed 2 second(s)

2018-11-10 00:53:39 - [TEST_STEP][PASSED] - setText: Text '123456789' is set on object 'Object Repository/Final Object Repo/Page_Request SSN - ASSIST/AI - Telephone No'

2018-11-10 00:53:39 - [MESSAGE][PASSED] - Text '123456789' is set on object 'Object Repository/Final Object Repo/Page_Request SSN - ASSIST/AI - Telephone No'

2018-11-10 00:53:39 - [TEST_STEP][PASSED] - click: Object: 'Object Repository/Final Object Repo/Page_Request SSN - ASSIST/AI - Occupation' is clicked on

2018-11-10 00:53:40 - [MESSAGE][PASSED] - Object: 'Object Repository/Final Object Repo/Page_Request SSN - ASSIST/AI - Occupation' is clicked on

2018-11-10 00:53:40 - [TEST_STEP][PASSED] - click: Object: 'Object Repository/Final Object Repo/Page_Request SSN - ASSIST/AI - Occupation - NUMERICAL AND MATERIAL R' is clicked on

2018-11-10 00:53:40 - [MESSAGE][PASSED] - Object: 'Object Repository/Final Object Repo/Page_Request SSN - ASSIST/AI - Occupation - NUMERICAL AND MATERIAL R' is clicked on

2018-11-10 00:53:40 - [TEST_STEP][PASSED] - delay: Delayed 2 second(s)

2018-11-10 00:53:42 - [MESSAGE][PASSED] - Delayed 2 second(s)

2018-11-10 00:53:42 - [TEST_STEP][PASSED] - click: Object: 'Object Repository/Final Object Repo/Page_Request SSN - ASSIST/AI - Sub Occupation' is clicked on

2018-11-10 00:53:43 - [MESSAGE][PASSED] - Object: 'Object Repository/Final Object Repo/Page_Request SSN - ASSIST/AI - Sub Occupation' is clicked on

2018-11-10 00:53:43 - [TEST_STEP][PASSED] - click: Object: 'Object Repository/Final Object Repo/Page_Request SSN - ASSIST/AI - Sub Occupation - Stock Clerks' is clicked on

2018-11-10 00:53:44 - [MESSAGE][PASSED] - Object: 'Object Repository/Final Object Repo/Page_Request SSN - ASSIST/AI - Sub Occupation - Stock Clerks' is clicked on

2018-11-10 00:53:44 - [TEST_STEP][PASSED] - delay: Delayed 2 second(s)

2018-11-10 00:53:46 - [MESSAGE][PASSED] - Delayed 2 second(s)

2018-11-10 00:53:46 - [TEST_STEP][PASSED] - click: Object: 'Object Repository/Final Object Repo/Page_Request SSN - ASSIST/AI - Sub Occupation List' is clicked on

2018-11-10 00:53:46 - [MESSAGE][PASSED] - Object: 'Object Repository/Final Object Repo/Page_Request SSN - ASSIST/AI - Sub Occupation List' is clicked on

2018-11-10 00:53:46 - [TEST_STEP][PASSED] - click: Object: 'Object Repository/Final Object Repo/Page_Request SSN - ASSIST/AI - Sub Occupation List - Clerk raw material' is clicked on

2018-11-10 00:53:47 - [MESSAGE][PASSED] - Object: 'Object Repository/Final Object Repo/Page_Request SSN - ASSIST/AI - Sub Occupation List - Clerk raw material' is clicked on

2018-11-10 00:53:47 - [TEST_STEP][PASSED] - click: Object: 'Object Repository/Final Object Repo/Page_Request SSN - ASSIST/AI - Employment Start Date' is clicked on

2018-11-10 00:53:48 - [MESSAGE][PASSED] - Object: 'Object Repository/Final Object Repo/Page_Request SSN - ASSIST/AI - Employment Start Date' is clicked on

2018-11-10 00:53:48 - [TEST_STEP][PASSED] - click: Object: 'Object Repository/Final Object Repo/Page_Request SSN - ASSIST/AI - DOB - Year - Date' is clicked on

2018-11-10 00:53:48 - [MESSAGE][PASSED] - Object: 'Object Repository/Final Object Repo/Page_Request SSN - ASSIST/AI - DOB - Year - Date' is clicked on

2018-11-10 00:53:48 - [TEST_STEP][PASSED] - setText: Text 'perkeso' is set on object 'Object Repository/Final Object Repo/Page_Request SSN - ASSIST/AI - Current Employer Name'

2018-11-10 00:53:48 - [MESSAGE][PASSED] - Text 'perkeso' is set on object 'Object Repository/Final Object Repo/Page_Request SSN - ASSIST/AI - Current Employer Name'

2018-11-10 00:53:48 - [TEST_STEP][PASSED] - setText: Text 'perkeso1' is set on object 'Object Repository/Final Object Repo/Page_Request SSN - ASSIST/AI - Current Employer Address1'

2018-11-10 00:53:49 - [MESSAGE][PASSED] - Text 'perkeso1' is set on object 'Object Repository/Final Object Repo/Page_Request SSN - ASSIST/AI - Current Employer Address1'

2018-11-10 00:53:49 - [TEST_STEP][PASSED] - setText: Text 'perkeso2' is set on object 'Object Repository/Final Object Repo/Page_Request SSN - ASSIST/AI - Current Employer Address2'

2018-11-10 00:53:49 - [MESSAGE][PASSED] - Text 'perkeso2' is set on object 'Object Repository/Final Object Repo/Page_Request SSN - ASSIST/AI - Current Employer Address2'

2018-11-10 00:53:49 - [TEST_STEP][PASSED] - setText: Text 'perkeso3' is set on object 'Object Repository/Final Object Repo/Page_Request SSN - ASSIST/AI - Current Employer Address3'

2018-11-10 00:53:49 - [MESSAGE][PASSED] - Text 'perkeso3' is set on object 'Object Repository/Final Object Repo/Page_Request SSN - ASSIST/AI - Current Employer Address3'

2018-11-10 00:53:49 - [TEST_STEP][PASSED] - click: Object: 'Object Repository/Final Object Repo/Page_Request SSN - ASSIST/AI - Current Employer State' is clicked on

2018-11-10 00:53:50 - [MESSAGE][PASSED] - Object: 'Object Repository/Final Object Repo/Page_Request SSN - ASSIST/AI - Current Employer State' is clicked on

2018-11-10 00:53:50 - [TEST_STEP][PASSED] - click: Object: 'Object Repository/Final Object Repo/Page_Request SSN - ASSIST/AI - Current Employer State - Johor 1' is clicked on

2018-11-10 00:53:51 - [MESSAGE][PASSED] - Object: 'Object Repository/Final Object Repo/Page_Request SSN - ASSIST/AI - Current Employer State - Johor 1' is clicked on

2018-11-10 00:53:51 - [TEST_STEP][PASSED] - click: Object: 'Object Repository/Final Object Repo/Page_Request SSN - ASSIST/AI - Current Employer City' is clicked on

2018-11-10 00:53:51 - [MESSAGE][PASSED] - Object: 'Object Repository/Final Object Repo/Page_Request SSN - ASSIST/AI - Current Employer City' is clicked on

2018-11-10 00:53:51 - [TEST_STEP][PASSED] - setText: Text 'joh' is set on object 'Object Repository/Final Object Repo/Page_Request SSN - ASSIST/AI - City - JOH'

2018-11-10 00:53:51 - [MESSAGE][PASSED] - Text 'joh' is set on object 'Object Repository/Final Object Repo/Page_Request SSN - ASSIST/AI - City - JOH'

2018-11-10 00:53:51 - [TEST_STEP][PASSED] - delay: Delayed 2 second(s)

2018-11-10 00:53:53 - [MESSAGE][PASSED] - Delayed 2 second(s)

2018-11-10 00:53:53 - [TEST_STEP][PASSED] - click: Object: 'Object Repository/Final Object Repo/Page_Request SSN - ASSIST/AI - City - Johor Bharu' is clicked on

2018-11-10 00:53:54 - [MESSAGE][PASSED] - Object: 'Object Repository/Final Object Repo/Page_Request SSN - ASSIST/AI - City - Johor Bharu' is clicked on

2018-11-10 00:53:54 - [TEST_STEP][PASSED] - click: Object: 'Object Repository/Final Object Repo/Page_Request SSN - ASSIST/AI - Current Employer Postcode' is clicked on

2018-11-10 00:53:55 - [MESSAGE][PASSED] - Object: 'Object Repository/Final Object Repo/Page_Request SSN - ASSIST/AI - Current Employer Postcode' is clicked on

2018-11-10 00:53:55 - [TEST_STEP][PASSED] - setText: Text '810' is set on object 'Object Repository/Final Object Repo/Page_Request SSN - ASSIST/AI - City - JOH'

2018-11-10 00:53:55 - [MESSAGE][PASSED] - Text '810' is set on object 'Object Repository/Final Object Repo/Page_Request SSN - ASSIST/AI - City - JOH'

2018-11-10 00:53:55 - [TEST_STEP][PASSED] - delay: Delayed 2 second(s)

2018-11-10 00:53:57 - [MESSAGE][PASSED] - Delayed 2 second(s)

2018-11-10 00:53:57 - [TEST_STEP][PASSED] - click: Object: 'Object Repository/Final Object Repo/Page_Request SSN - ASSIST/AI - PostCode - 81000' is clicked on

2018-11-10 00:53:57 - [MESSAGE][PASSED] - Object: 'Object Repository/Final Object Repo/Page_Request SSN - ASSIST/AI - PostCode - 81000' is clicked on

2018-11-10 00:53:57 - [TEST_STEP][NOT_RUN] - setText: NOT_RUN: setText

2018-11-10 00:53:57 - [MESSAGE][NOT_RUN] - NOT_RUN: setText

2018-11-10 00:53:57 - [TEST_STEP][NOT_RUN] - setText: NOT_RUN: setText

2018-11-10 00:53:57 - [MESSAGE][NOT_RUN] - NOT_RUN: setText

2018-11-10 00:53:57 - [TEST_STEP][NOT_RUN] - click: NOT_RUN: click

2018-11-10 00:53:57 - [MESSAGE][NOT_RUN] - NOT_RUN: click

2018-11-10 00:53:57 - [TEST_STEP][NOT_RUN] - click: NOT_RUN: click

2018-11-10 00:53:57 - [MESSAGE][NOT_RUN] - NOT_RUN: click

2018-11-10 00:53:57 - [TEST_STEP][NOT_RUN] - setText: NOT_RUN: setText

2018-11-10 00:53:57 - [MESSAGE][NOT_RUN] - NOT_RUN: setText

2018-11-10 00:53:57 - [TEST_STEP][NOT_RUN] - click: NOT_RUN: click

2018-11-10 00:53:57 - [MESSAGE][NOT_RUN] - NOT_RUN: click

2018-11-10 00:53:57 - [TEST_STEP][NOT_RUN] - click: NOT_RUN: click

2018-11-10 00:53:57 - [MESSAGE][NOT_RUN] - NOT_RUN: click

2018-11-10 00:53:57 - [TEST_STEP][NOT_RUN] - click: NOT_RUN: click

2018-11-10 00:53:57 - [MESSAGE][NOT_RUN] - NOT_RUN: click

2018-11-10 00:53:57 - [TEST_STEP][NOT_RUN] - click: NOT_RUN: click

2018-11-10 00:53:57 - [MESSAGE][NOT_RUN] - NOT_RUN: click

2018-11-10 00:53:57 - [TEST_STEP][NOT_RUN] - click: NOT_RUN: click

2018-11-10 00:53:57 - [MESSAGE][NOT_RUN] - NOT_RUN: click

2018-11-10 00:53:57 - [TEST_STEP][NOT_RUN] - click: NOT_RUN: click

2018-11-10 00:53:57 - [MESSAGE][NOT_RUN] - NOT_RUN: click

2018-11-10 00:53:57 - [TEST_STEP][NOT_RUN] - setText: NOT_RUN: setText

2018-11-10 00:53:57 - [MESSAGE][NOT_RUN] - NOT_RUN: setText

2018-11-10 00:53:57 - [TEST_STEP][NOT_RUN] - setText: NOT_RUN: setText

2018-11-10 00:53:57 - [MESSAGE][NOT_RUN] - NOT_RUN: setText

2018-11-10 00:53:57 - [TEST_STEP][NOT_RUN] - setText: NOT_RUN: setText

2018-11-10 00:53:57 - [MESSAGE][NOT_RUN] - NOT_RUN: setText

2018-11-10 00:53:57 - [TEST_STEP][NOT_RUN] - click: NOT_RUN: click

2018-11-10 00:53:57 - [MESSAGE][NOT_RUN] - NOT_RUN: click

2018-11-10 00:53:57 - [TEST_STEP][NOT_RUN] - click: NOT_RUN: click

2018-11-10 00:53:57 - [MESSAGE][NOT_RUN] - NOT_RUN: click

2018-11-10 00:53:57 - [TEST_STEP][NOT_RUN] - click: NOT_RUN: click

2018-11-10 00:53:57 - [MESSAGE][NOT_RUN] - NOT_RUN: click

2018-11-10 00:53:57 - [TEST_STEP][NOT_RUN] - setText: NOT_RUN: setText

2018-11-10 00:53:57 - [MESSAGE][NOT_RUN] - NOT_RUN: setText

2018-11-10 00:53:57 - [TEST_STEP][NOT_RUN] - delay: NOT_RUN: delay

2018-11-10 00:53:57 - [MESSAGE][NOT_RUN] - NOT_RUN: delay

2018-11-10 00:53:57 - [TEST_STEP][NOT_RUN] - click: NOT_RUN: click

2018-11-10 00:53:57 - [MESSAGE][NOT_RUN] - NOT_RUN: click

2018-11-10 00:53:57 - [TEST_STEP][NOT_RUN] - click: NOT_RUN: click

2018-11-10 00:53:57 - [MESSAGE][NOT_RUN] - NOT_RUN: click

2018-11-10 00:53:57 - [TEST_STEP][NOT_RUN] - click: NOT_RUN: click

2018-11-10 00:53:57 - [MESSAGE][NOT_RUN] - NOT_RUN: click

2018-11-10 00:53:57 - [TEST_STEP][NOT_RUN] - setText: NOT_RUN: setText

2018-11-10 00:53:57 - [MESSAGE][NOT_RUN] - NOT_RUN: setText

2018-11-10 00:53:57 - [TEST_STEP][NOT_RUN] - delay: NOT_RUN: delay

2018-11-10 00:53:57 - [MESSAGE][NOT_RUN] - NOT_RUN: delay

2018-11-10 00:53:57 - [TEST_STEP][NOT_RUN] - click: NOT_RUN: click

2018-11-10 00:53:57 - [MESSAGE][NOT_RUN] - NOT_RUN: click

2018-11-10 00:53:57 - [TEST_STEP][NOT_RUN] - delay: NOT_RUN: delay

2018-11-10 00:53:57 - [MESSAGE][NOT_RUN] - NOT_RUN: delay

2018-11-10 00:53:57 - [TEST_STEP][NOT_RUN] - setText: NOT_RUN: setText

2018-11-10 00:53:57 - [MESSAGE][NOT_RUN] - NOT_RUN: setText

2018-11-10 00:53:57 - [TEST_STEP][NOT_RUN] - setText: NOT_RUN: setText

2018-11-10 00:53:57 - [MESSAGE][NOT_RUN] - NOT_RUN: setText

2018-11-10 00:53:57 - [TEST_STEP][NOT_RUN] - setText: NOT_RUN: setText

2018-11-10 00:53:57 - [MESSAGE][NOT_RUN] - NOT_RUN: setText

2018-11-10 00:53:57 - [TEST_STEP][NOT_RUN] - click: NOT_RUN: click

2018-11-10 00:53:57 - [MESSAGE][NOT_RUN] - NOT_RUN: click

2018-11-10 00:53:57 - [TEST_STEP][NOT_RUN] - click: NOT_RUN: click

2018-11-10 00:53:57 - [MESSAGE][NOT_RUN] - NOT_RUN: click

2018-11-10 00:53:57 - [TEST_STEP][NOT_RUN] - setText: NOT_RUN: setText

2018-11-10 00:53:57 - [MESSAGE][NOT_RUN] - NOT_RUN: setText

2018-11-10 00:53:57 - [TEST_STEP][NOT_RUN] - click: NOT_RUN: click

2018-11-10 00:53:57 - [MESSAGE][NOT_RUN] - NOT_RUN: click

2018-11-10 00:53:57 - [TEST_STEP][NOT_RUN] - click: NOT_RUN: click

2018-11-10 00:53:57 - [MESSAGE][NOT_RUN] - NOT_RUN: click

2018-11-10 00:53:57 - [TEST_STEP][NOT_RUN] - click: NOT_RUN: click

2018-11-10 00:53:57 - [MESSAGE][NOT_RUN] - NOT_RUN: click

2018-11-10 00:53:57 - [TEST_STEP][NOT_RUN] - click: NOT_RUN: click

2018-11-10 00:53:57 - [MESSAGE][NOT_RUN] - NOT_RUN: click

2018-11-10 00:53:57 - [TEST_STEP][NOT_RUN] - click: NOT_RUN: click

2018-11-10 00:53:57 - [MESSAGE][NOT_RUN] - NOT_RUN: click

2018-11-10 00:53:57 - [TEST_STEP][NOT_RUN] - click: NOT_RUN: click

2018-11-10 00:53:57 - [MESSAGE][NOT_RUN] - NOT_RUN: click

2018-11-10 00:53:57 - [TEST_STEP][NOT_RUN] - setText: NOT_RUN: setText

2018-11-10 00:53:57 - [MESSAGE][NOT_RUN] - NOT_RUN: setText

2018-11-10 00:53:57 - [TEST_STEP][NOT_RUN] - setText: NOT_RUN: setText

2018-11-10 00:53:57 - [MESSAGE][NOT_RUN] - NOT_RUN: setText

2018-11-10 00:53:57 - [TEST_STEP][NOT_RUN] - setText: NOT_RUN: setText

2018-11-10 00:53:57 - [MESSAGE][NOT_RUN] - NOT_RUN: setText

2018-11-10 00:53:57 - [TEST_STEP][NOT_RUN] - click: NOT_RUN: click

2018-11-10 00:53:57 - [MESSAGE][NOT_RUN] - NOT_RUN: click

2018-11-10 00:53:57 - [TEST_STEP][NOT_RUN] - click: NOT_RUN: click

2018-11-10 00:53:57 - [MESSAGE][NOT_RUN] - NOT_RUN: click

2018-11-10 00:53:57 - [TEST_STEP][NOT_RUN] - click: NOT_RUN: click

2018-11-10 00:53:58 - [MESSAGE][NOT_RUN] - NOT_RUN: click

2018-11-10 00:53:58 - [TEST_STEP][NOT_RUN] - delay: NOT_RUN: delay

2018-11-10 00:53:58 - [MESSAGE][NOT_RUN] - NOT_RUN: delay

2018-11-10 00:53:58 - [TEST_STEP][NOT_RUN] - setText: NOT_RUN: setText

2018-11-10 00:53:58 - [MESSAGE][NOT_RUN] - NOT_RUN: setText

2018-11-10 00:53:58 - [TEST_STEP][NOT_RUN] - delay: NOT_RUN: delay

2018-11-10 00:53:58 - [MESSAGE][NOT_RUN] - NOT_RUN: delay

2018-11-10 00:53:58 - [TEST_STEP][NOT_RUN] - click: NOT_RUN: click

2018-11-10 00:53:58 - [MESSAGE][NOT_RUN] - NOT_RUN: click

2018-11-10 00:53:58 - [TEST_STEP][NOT_RUN] - doubleClick: NOT_RUN: doubleClick

2018-11-10 00:53:58 - [MESSAGE][NOT_RUN] - NOT_RUN: doubleClick

2018-11-10 00:53:58 - [TEST_STEP][NOT_RUN] - click: NOT_RUN: click

2018-11-10 00:53:58 - [MESSAGE][NOT_RUN] - NOT_RUN: click

2018-11-10 00:53:58 - [TEST_STEP][NOT_RUN] - setText: NOT_RUN: setText

2018-11-10 00:53:58 - [MESSAGE][NOT_RUN] - NOT_RUN: setText

2018-11-10 00:53:58 - [TEST_STEP][NOT_RUN] - delay: NOT_RUN: delay

2018-11-10 00:53:58 - [MESSAGE][NOT_RUN] - NOT_RUN: delay

2018-11-10 00:53:59 - [TEST_STEP][NOT_RUN] - click: NOT_RUN: click

2018-11-10 00:53:59 - [MESSAGE][NOT_RUN] - NOT_RUN: click

2018-11-10 00:53:59 - [TEST_STEP][NOT_RUN] - delay: NOT_RUN: delay

2018-11-10 00:53:59 - [MESSAGE][NOT_RUN] - NOT_RUN: delay

2018-11-10 00:53:59 - [TEST_STEP][NOT_RUN] - setText: NOT_RUN: setText

2018-11-10 00:53:59 - [MESSAGE][NOT_RUN] - NOT_RUN: setText

2018-11-10 00:53:59 - [TEST_STEP][PASSED] - click: Object: 'Object Repository/Final Object Repo/Page_Request SSN - ASSIST/Save  Continue' is clicked on

2018-11-10 00:54:03 - [MESSAGE][PASSED] - Object: 'Object Repository/Final Object Repo/Page_Request SSN - ASSIST/Save  Continue' is clicked on

2018-11-10 00:54:03 - [TEST_STEP][PASSED] - delay: Delayed 3 second(s)

2018-11-10 00:54:06 - [MESSAGE][PASSED] - Delayed 3 second(s)

2018-11-10 00:54:06 - [TEST_STEP][PASSED] - Statement - CaseReferenceNo = com.kms.katalon.core.webui.keyword.WebUiBuiltInKeywords.getText(com.kms.katalon.core.testobject.ObjectRepository.findTestObject(Final Object Repo/Page_Request SSN - ASSIST/Reference Number in Uploading Page)): Text of object 'Object Repository/Final Object Repo/Page_Request SSN - ASSIST/Reference Number in Uploading Page' is: 'SSN11201800001125'

2018-11-10 00:54:06 - [MESSAGE][PASSED] - Text of object 'Object Repository/Final Object Repo/Page_Request SSN - ASSIST/Reference Number in Uploading Page' is: 'SSN11201800001125'

2018-11-10 00:54:06 - [TEST_STEP][PASSED] - callTestCase: Call Test Case 'Test Cases/Final Aug 2018 - PKS Automation/Common/Reference Number Setter' successfully

2018-11-10 00:54:06 - [TEST_CASE][PASSED] - Test Cases/Final Aug 2018 - PKS Automation/Common/Reference Number Setter: Test Cases/Final Aug 2018 - PKS Automation/Common/Reference Number Setter

2018-11-10 00:54:06 - [TEST_STEP][PASSED] - Statement - RefNoOldFile = new java.io.File(C://KatalonReference.txt): null

2018-11-10 00:54:06 - [TEST_STEP][PASSED] - Statement - RefNoOldFile.delete(): null

2018-11-10 00:54:06 - [TEST_STEP][PASSED] - Statement - RefNo = new java.io.File(C://KatalonReference.txt): null

2018-11-10 00:54:06 - [TEST_STEP][PASSED] - Statement - RefNo.append(CaseReferenceNo): null

2018-11-10 00:54:06 - [TEST_STEP][PASSED] - Statement - out.println("


" + CaseReferenceNo + "


"): null

2018-11-10 00:54:06 - [MESSAGE][PASSED] - Call Test Case 'Test Cases/Final Aug 2018 - PKS Automation/Common/Reference Number Setter' successfully

2018-11-10 00:54:06 - [TEST_STEP][PASSED] - click: Object: 'Object Repository/Final Object Repo/Page_Request SSN - ASSIST/Add Document Button' is clicked on

2018-11-10 00:54:06 - [MESSAGE][PASSED] - Object: 'Object Repository/Final Object Repo/Page_Request SSN - ASSIST/Add Document Button' is clicked on

2018-11-10 00:54:06 - [TEST_STEP][PASSED] - delay: Delayed 2 second(s)

2018-11-10 00:54:08 - [MESSAGE][PASSED] - Delayed 2 second(s)

2018-11-10 00:54:08 - [TEST_STEP][PASSED] - click: Object: 'Object Repository/Final Object Repo/Page_Request SSN - ASSIST/Document Type' is clicked on

2018-11-10 00:54:10 - [MESSAGE][PASSED] - Object: 'Object Repository/Final Object Repo/Page_Request SSN - ASSIST/Document Type' is clicked on

2018-11-10 00:54:10 - [TEST_STEP][PASSED] - click: Object: 'Object Repository/Final Object Repo/Page_Request SSN - ASSIST/Document Type - Birth Certificate' is clicked on

2018-11-10 00:54:11 - [MESSAGE][PASSED] - Object: 'Object Repository/Final Object Repo/Page_Request SSN - ASSIST/Document Type - Birth Certificate' is clicked on

2018-11-10 00:54:11 - [TEST_STEP][PASSED] - sendKeys: Keys 'C:\Users\Public\Pictures\Sample Pictures\Act.jpg' sent to object: 'Object Repository/Final Object Repo/Page_Request SSN - ASSIST/Upload File'

2018-11-10 00:54:11 - [MESSAGE][PASSED] - Keys 'C:\Users\Public\Pictures\Sample Pictures\Act.jpg' sent to object: 'Object Repository/Final Object Repo/Page_Request SSN - ASSIST/Upload File'

2018-11-10 00:54:11 - [TEST_STEP][PASSED] - click: Object: 'Object Repository/Final Object Repo/Page_Request SSN - ASSIST/Add Document' is clicked on

2018-11-10 00:54:16 - [MESSAGE][PASSED] - Object: 'Object Repository/Final Object Repo/Page_Request SSN - ASSIST/Add Document' is clicked on

2018-11-10 00:54:16 - [TEST_STEP][PASSED] - delay: Delayed 20 second(s)

2018-11-10 00:54:36 - [MESSAGE][PASSED] - Delayed 20 second(s)

2018-11-10 00:54:36 - [TEST_STEP][PASSED] - click: Object: 'Object Repository/Final Object Repo/Page_Request SSN - ASSIST/Save  Continue in Uploading Document Page' is clicked on

2018-11-10 00:54:36 - [MESSAGE][PASSED] - Object: 'Object Repository/Final Object Repo/Page_Request SSN - ASSIST/Save  Continue in Uploading Document Page' is clicked on

2018-11-10 00:54:36 - [TEST_STEP][PASSED] - delay: Delayed 2 second(s)

2018-11-10 00:54:38 - [MESSAGE][PASSED] - Delayed 2 second(s)

2018-11-10 00:54:38 - [TEST_STEP][PASSED] - click: Object: 'Object Repository/Final Object Repo/Page_Request SSN - ASSIST/Submit' is clicked on

2018-11-10 00:54:41 - [MESSAGE][PASSED] - Object: 'Object Repository/Final Object Repo/Page_Request SSN - ASSIST/Submit' is clicked on

2018-11-10 00:54:41 - [TEST_STEP][PASSED] - delay: Delayed 2 second(s)

2018-11-10 00:54:43 - [MESSAGE][PASSED] - Delayed 2 second(s)

2018-11-10 00:54:43 - [TEST_STEP][PASSED] - click: Object: 'Object Repository/Final Object Repo/Page_Request SSN - ASSIST/Confirm' is clicked on

2018-11-10 00:54:49 - [MESSAGE][PASSED] - Object: 'Object Repository/Final Object Repo/Page_Request SSN - ASSIST/Confirm' is clicked on

2018-11-10 00:54:49 - [TEST_STEP][PASSED] - delay: Delayed 2 second(s)

2018-11-10 00:54:51 - [MESSAGE][PASSED] - Delayed 2 second(s)

2018-11-10 00:54:51 - [TEST_STEP][PASSED] - verifyElementVisible: Object 'Object Repository/Final Object Repo/Page_Request SSN - ASSIST/Message This Case will be routed to RIO' is visible

2018-11-10 00:54:51 - [MESSAGE][PASSED] - Object 'Object Repository/Final Object Repo/Page_Request SSN - ASSIST/Message This Case will be routed to RIO' is visible

2018-11-10 00:54:51 - [TEST_STEP][PASSED] - delay: Delayed 2 second(s)

2018-11-10 00:54:53 - [MESSAGE][PASSED] - Delayed 2 second(s)

2018-11-10 00:54:53 - [TEST_STEP][PASSED] - verifyElementVisible: Object 'Object Repository/Final Object Repo/Page_Request SSN - ASSIST/Letter of acknowledgement' is visible

2018-11-10 00:54:53 - [MESSAGE][PASSED] - Object 'Object Repository/Final Object Repo/Page_Request SSN - ASSIST/Letter of acknowledgement' is visible

2018-11-10 00:54:53 - [MESSAGE][PASSED] - Call Test Case 'Test Cases/Final Aug 2018 - PKS Automation/Registration Module/Workflow/Request SSN/Template/Request SSN - PKRBO' successfully

2018-11-10 00:54:53 - [TEST_STEP][FAILED] - callTestCase: Unable to call Test Case with id 'Test Cases/Final Aug 2018 - PKS Automation/Registration Module/Workflow/Request SSN/Template/Request SSN RIO - RO (Query)' (Root cause: Call Test Case 'Test Cases/Final Aug 2018 - PKS Automation/Registration Module/Workflow/Request SSN/Template/Request SSN RIO - RO (Query)' failed)

2018-11-10 00:54:53 - [TEST_CASE][FAILED] - Test Cases/Final Aug 2018 - PKS Automation/Registration Module/Workflow/Request SSN/Template/Request SSN RIO - RO (Query): Test Cases/Final Aug 2018 - PKS Automation/Registration Module/Workflow/Request SSN/Template/Request SSN RIO - RO (Query) FAILED because (of) (Stack trace: com.kms.katalon.core.exception.StepFailedException: Unable to click on object 'Object Repository/Final Object Repo/Page_Request SSN - ASSIST/Document Type' (Root cause: org.openqa.selenium.ElementClickInterceptedException: Element <span class="select2-selection select2-selection--single"> is not clickable at point (482.4833221435547,201.56666564941406) because another element <div class="blockUI blockOverlay"> obscures it
Build info: version: '3.9.1', revision: '63f7b50', time: '2018-02-07T22:42:28.403Z'
System info: host: 'WEIZHENG', ip: '192.168.137.1', os.name: 'Windows 7', os.arch: 'amd64', os.version: '6.1', java.version: '1.8.0_181'
Driver info: com.kms.katalon.core.webui.driver.firefox.CGeckoDriver
Capabilities {acceptInsecureCerts: true, browserName: firefox, browserVersion: 63.0.1, javascriptEnabled: true, moz:accessibilityChecks: false, moz:geckodriverVersion: 0.23.0, moz:headless: false, moz:processID: 1620, moz:profile: C:\Users\Wei Zheng\AppData\..., moz:useNonSpecCompliantPointerOrigin: false, moz:webdriverClick: true, pageLoadStrategy: normal, platform: WINDOWS, platformName: WINDOWS, platformVersion: 6.1, proxy: Proxy(direct), rotatable: false, setWindowRect: true, timeouts: {implicit: 0, pageLoad: 300000, script: 30000}, unhandledPromptBehavior: dismiss and notify}
Session ID: 7f458519-ab2e-499a-be19-ed4bacf088ec)
	at com.kms.katalon.core.keyword.internal.KeywordMain.stepFailed(KeywordMain.groovy:32)
	at com.kms.katalon.core.webui.keyword.internal.WebUIKeywordMain.stepFailed(WebUIKeywordMain.groovy:65)
	at com.kms.katalon.core.webui.keyword.internal.WebUIKeywordMain.runKeyword(WebUIKeywordMain.groovy:27)
	at com.kms.katalon.core.webui.keyword.builtin.ClickKeyword.click(ClickKeyword.groovy:86)
	at com.kms.katalon.core.webui.keyword.builtin.ClickKeyword.execute(ClickKeyword.groovy:67)
	at com.kms.katalon.core.keyword.internal.KeywordExecutor.executeKeywordForPlatform(KeywordExecutor.groovy:53)
	at com.kms.katalon.core.webui.keyword.WebUiBuiltInKeywords.click(WebUiBuiltInKeywords.groovy:616)
	at com.kms.katalon.core.webui.keyword.WebUiBuiltInKeywords$click$2.call(Unknown Source)
	at Script1537866257782.run(Script1537866257782.groovy:64)
	at com.kms.katalon.core.main.ScriptEngine.run(ScriptEngine.java:183)
	at com.kms.katalon.core.main.ScriptEngine.runScriptAsRawText(ScriptEngine.java:108)
	at com.kms.katalon.core.main.TestCaseExecutor.runScript(TestCaseExecutor.java:294)
	at com.kms.katalon.core.main.TestCaseExecutor.doExecute(TestCaseExecutor.java:285)
	at com.kms.katalon.core.main.TestCaseExecutor.processExecutionPhase(TestCaseExecutor.java:264)
	at com.kms.katalon.core.main.TestCaseExecutor.accessMainPhase(TestCaseExecutor.java:256)
	at com.kms.katalon.core.main.TestCaseExecutor.execute(TestCaseExecutor.java:200)
	at com.kms.katalon.core.main.TestCaseMain.runTestCase(TestCaseMain.java:99)
	at com.kms.katalon.core.keyword.builtin.CallTestCaseKeyword$_callTestCase_closure1.doCall(CallTestCaseKeyword.groovy:60)
	at com.kms.katalon.core.keyword.builtin.CallTestCaseKeyword$_callTestCase_closure1.call(CallTestCaseKeyword.groovy)
	at com.kms.katalon.core.keyword.internal.KeywordMain.runKeyword(KeywordMain.groovy:54)
	at com.kms.katalon.core.keyword.builtin.CallTestCaseKeyword.callTestCase(CallTestCaseKeyword.groovy:81)
	at com.kms.katalon.core.keyword.builtin.CallTestCaseKeyword.execute(CallTestCaseKeyword.groovy:45)
	at com.kms.katalon.core.keyword.internal.KeywordExecutor.executeKeywordForPlatform(KeywordExecutor.groovy:53)
	at com.kms.katalon.core.keyword.BuiltinKeywords.callTestCase(BuiltinKeywords.groovy:334)
	at sun.reflect.GeneratedMethodAccessor13.invoke(Unknown Source)
	at sun.reflect.DelegatingMethodAccessorImpl.invoke(DelegatingMethodAccessorImpl.java:43)
	at java.lang.reflect.Method.invoke(Method.java:498)
	at org.codehaus.groovy.reflection.CachedMethod.invoke(CachedMethod.java:93)
	at groovy.lang.MetaMethod.doMethodInvoke(MetaMethod.java:325)
	at groovy.lang.MetaClassImpl.invokeStaticMethod(MetaClassImpl.java:1469)
	at org.codehaus.groovy.runtime.callsite.StaticMetaClassSite.call(StaticMetaClassSite.java:53)
	at org.codehaus.groovy.runtime.callsite.AbstractCallSite.call(AbstractCallSite.java:141)
	at Script1537866031818.run(Script1537866031818.groovy:69)
	at com.kms.katalon.core.main.ScriptEngine.run(ScriptEngine.java:183)
	at com.kms.katalon.core.main.ScriptEngine.runScriptAsRawText(ScriptEngine.java:108)
	at com.kms.katalon.core.main.TestCaseExecutor.runScript(TestCaseExecutor.java:294)
	at com.kms.katalon.core.main.TestCaseExecutor.doExecute(TestCaseExecutor.java:285)
	at com.kms.katalon.core.main.TestCaseExecutor.processExecutionPhase(TestCaseExecutor.java:264)
	at com.kms.katalon.core.main.TestCaseExecutor.accessMainPhase(TestCaseExecutor.java:256)
	at com.kms.katalon.core.main.TestCaseExecutor.execute(TestCaseExecutor.java:200)
	at com.kms.katalon.core.main.TestCaseMain.runTestCase(TestCaseMain.java:99)
	at com.kms.katalon.core.keyword.builtin.CallTestCaseKeyword$_callTestCase_closure1.doCall(CallTestCaseKeyword.groovy:60)
	at com.kms.katalon.core.keyword.builtin.CallTestCaseKeyword$_callTestCase_closure1.call(CallTestCaseKeyword.groovy)
	at com.kms.katalon.core.keyword.internal.KeywordMain.runKeyword(KeywordMain.groovy:54)
	at com.kms.katalon.core.keyword.builtin.CallTestCaseKeyword.callTestCase(CallTestCaseKeyword.groovy:81)
	at com.kms.katalon.core.keyword.builtin.CallTestCaseKeyword.execute(CallTestCaseKeyword.groovy:45)
	at com.kms.katalon.core.keyword.internal.KeywordExecutor.executeKeywordForPlatform(KeywordExecutor.groovy:53)
	at com.kms.katalon.core.keyword.BuiltinKeywords.callTestCase(BuiltinKeywords.groovy:334)
	at sun.reflect.GeneratedMethodAccessor13.invoke(Unknown Source)
	at sun.reflect.DelegatingMethodAccessorImpl.invoke(DelegatingMethodAccessorImpl.java:43)
	at java.lang.reflect.Method.invoke(Method.java:498)
	at org.codehaus.groovy.reflection.CachedMethod.invoke(CachedMethod.java:93)
	at groovy.lang.MetaMethod.doMethodInvoke(MetaMethod.java:325)
	at groovy.lang.MetaClassImpl.invokeStaticMethod(MetaClassImpl.java:1469)
	at org.codehaus.groovy.runtime.callsite.StaticMetaClassSite.call(StaticMetaClassSite.java:53)
	at org.codehaus.groovy.runtime.callsite.CallSiteArray.defaultCall(CallSiteArray.java:48)
	at org.codehaus.groovy.runtime.callsite.AbstractCallSite.call(AbstractCallSite.java:113)
	at org.codehaus.groovy.runtime.callsite.AbstractCallSite.call(AbstractCallSite.java:141)
	at Script1536300508627.run(Script1536300508627.groovy:24)
	at com.kms.katalon.core.main.ScriptEngine.run(ScriptEngine.java:183)
	at com.kms.katalon.core.main.ScriptEngine.runScriptAsRawText(ScriptEngine.java:108)
	at com.kms.katalon.core.main.TestCaseExecutor.runScript(TestCaseExecutor.java:294)
	at com.kms.katalon.core.main.TestCaseExecutor.doExecute(TestCaseExecutor.java:285)
	at com.kms.katalon.core.main.TestCaseExecutor.processExecutionPhase(TestCaseExecutor.java:264)
	at com.kms.katalon.core.main.TestCaseExecutor.accessMainPhase(TestCaseExecutor.java:256)
	at com.kms.katalon.core.main.TestCaseExecutor.execute(TestCaseExecutor.java:200)
	at com.kms.katalon.core.main.TestSuiteExecutor.accessTestCaseMainPhase(TestSuiteExecutor.java:129)
	at com.kms.katalon.core.main.TestSuiteExecutor.accessTestSuiteMainPhase(TestSuiteExecutor.java:112)
	at com.kms.katalon.core.main.TestSuiteExecutor.execute(TestSuiteExecutor.java:81)
	at com.kms.katalon.core.main.TestCaseMain.startTestSuite(TestCaseMain.java:142)
	at com.kms.katalon.core.main.TestCaseMain$startTestSuite$0.call(Unknown Source)
	at org.codehaus.groovy.runtime.callsite.CallSiteArray.defaultCall(CallSiteArray.java:48)
	at org.codehaus.groovy.runtime.callsite.AbstractCallSite.call(AbstractCallSite.java:113)
	at org.codehaus.groovy.runtime.callsite.AbstractCallSite.call(AbstractCallSite.java:141)
	at TempTestSuite1541781047348.run(TempTestSuite1541781047348.groovy:36)
	at groovy.lang.GroovyShell.runScriptOrMainOrTestOrRunnable(GroovyShell.java:263)
	at groovy.lang.GroovyShell.run(GroovyShell.java:518)
	at groovy.lang.GroovyShell.run(GroovyShell.java:507)
	at groovy.ui.GroovyMain.processOnce(GroovyMain.java:653)
	at groovy.ui.GroovyMain.run(GroovyMain.java:384)
	at groovy.ui.GroovyMain.process(GroovyMain.java:370)
	at groovy.ui.GroovyMain.processArgs(GroovyMain.java:129)
	at groovy.ui.GroovyMain.main(GroovyMain.java:109)
	at sun.reflect.NativeMethodAccessorImpl.invoke0(Native Method)
	at sun.reflect.NativeMethodAccessorImpl.invoke(NativeMethodAccessorImpl.java:62)
	at sun.reflect.DelegatingMethodAccessorImpl.invoke(DelegatingMethodAccessorImpl.java:43)
	at java.lang.reflect.Method.invoke(Method.java:498)
	at org.codehaus.groovy.tools.GroovyStarter.rootLoader(GroovyStarter.java:109)
	at org.codehaus.groovy.tools.GroovyStarter.main(GroovyStarter.java:131)
)

2018-11-10 00:54:53 - [TEST_STEP][NOT_RUN] - callTestCase: NOT_RUN: callTestCase

2018-11-10 00:54:53 - [MESSAGE][NOT_RUN] - NOT_RUN: callTestCase

2018-11-10 00:54:53 - [TEST_STEP][PASSED] - delay: Delayed 2 second(s)

2018-11-10 00:54:55 - [MESSAGE][PASSED] - Delayed 2 second(s)

2018-11-10 00:54:55 - [TEST_STEP][PASSED] - navigateToUrl: Navigate to 'https://assist2-uat.perkeso.gov.my/c/portal/logout' successfully

2018-11-10 00:54:56 - [MESSAGE][PASSED] - Navigate to 'https://assist2-uat.perkeso.gov.my/c/portal/logout' successfully

2018-11-10 00:54:56 - [TEST_STEP][PASSED] - delay: Delayed 2 second(s)

2018-11-10 00:54:58 - [MESSAGE][PASSED] - Delayed 2 second(s)

2018-11-10 00:54:58 - [TEST_STEP][PASSED] - callTestCase: Call Test Case 'Test Cases/Final Aug 2018 - PKS Automation/Common/Reference Number Getter' successfully

2018-11-10 00:54:58 - [TEST_CASE][PASSED] - Test Cases/Final Aug 2018 - PKS Automation/Common/Reference Number Getter: Test Cases/Final Aug 2018 - PKS Automation/Common/Reference Number Getter

2018-11-10 00:54:58 - [TEST_STEP][PASSED] - Statement - Try: null

2018-11-10 00:54:58 - [TEST_STEP][PASSED] - Statement - RefNo = new java.io.File(C://KatalonReference.txt): null

2018-11-10 00:54:58 - [TEST_STEP][PASSED] - Statement - bufferread = new java.io.BufferedReader(new java.io.FileReader(RefNo)): null

2018-11-10 00:54:58 - [TEST_STEP][PASSED] - Statement - readedVal = bufferread.readLine(): null

2018-11-10 00:54:58 - [TEST_STEP][PASSED] - Statement - out.println(CaseReferenceNo): null

2018-11-10 00:54:58 - [TEST_STEP][PASSED] - Statement - out.println(readedVal): null

2018-11-10 00:54:58 - [TEST_STEP][PASSED] - Statement - CaseReferenceNo = readedVal: null

2018-11-10 00:54:58 - [MESSAGE][PASSED] - Call Test Case 'Test Cases/Final Aug 2018 - PKS Automation/Common/Reference Number Getter' successfully

2018-11-10 00:54:58 - [TEST_STEP][PASSED] - callTestCase: Call Test Case 'Test Cases/Final Aug 2018 - PKS Automation/Common/Workflow Owner Finder' successfully

2018-11-10 00:54:58 - [TEST_CASE][PASSED] - Test Cases/Final Aug 2018 - PKS Automation/Common/Workflow Owner Finder: Test Cases/Final Aug 2018 - PKS Automation/Common/Workflow Owner Finder

2018-11-10 00:54:59 - [TEST_STEP][PASSED] - openBrowser: Browser is opened with url: ''

2018-11-10 00:54:59 - [MESSAGE][WARNING] - A browser is already opened. Closing browser and opening a new one

2018-11-10 00:55:03 - [MESSAGE][PASSED] - Browser is opened with url: ''

2018-11-10 00:55:03 - [TEST_STEP][PASSED] - navigateToUrl: Navigate to 'https://assist2-uat.perkeso.gov.my/login' successfully

2018-11-10 00:55:05 - [MESSAGE][PASSED] - Navigate to 'https://assist2-uat.perkeso.gov.my/login' successfully

2018-11-10 00:55:05 - [TEST_STEP][PASSED] - delay: Delayed 5 second(s)

2018-11-10 00:55:10 - [MESSAGE][PASSED] - Delayed 5 second(s)

2018-11-10 00:55:10 - [TEST_STEP][PASSED] - setText: Text 'test@liferay.com' is set on object 'Object Repository/Final Object Repo/Login Page/Internal User/Email Address'

2018-11-10 00:55:10 - [MESSAGE][PASSED] - Text 'test@liferay.com' is set on object 'Object Repository/Final Object Repo/Login Page/Internal User/Email Address'

2018-11-10 00:55:10 - [TEST_STEP][PASSED] - click: Object: 'Object Repository/Final Object Repo/Login Page/Internal User/Next Button' is clicked on

2018-11-10 00:55:10 - [MESSAGE][PASSED] - Object: 'Object Repository/Final Object Repo/Login Page/Internal User/Next Button' is clicked on

2018-11-10 00:55:10 - [TEST_STEP][PASSED] - delay: Delayed 2 second(s)

2018-11-10 00:55:12 - [MESSAGE][PASSED] - Delayed 2 second(s)

2018-11-10 00:55:12 - [TEST_STEP][PASSED] - setText: Text 'test' is set on object 'Object Repository/Final Object Repo/Login Page/Internal User/Password'

2018-11-10 00:55:13 - [MESSAGE][PASSED] - Text 'test' is set on object 'Object Repository/Final Object Repo/Login Page/Internal User/Password'

2018-11-10 00:55:13 - [TEST_STEP][PASSED] - delay: Delayed 2 second(s)

2018-11-10 00:55:15 - [MESSAGE][PASSED] - Delayed 2 second(s)

2018-11-10 00:55:15 - [TEST_STEP][PASSED] - click: Object: 'Object Repository/Final Object Repo/Login Page/Internal User/Login Button' is clicked on

2018-11-10 00:55:19 - [MESSAGE][PASSED] - Object: 'Object Repository/Final Object Repo/Login Page/Internal User/Login Button' is clicked on

2018-11-10 00:55:19 - [TEST_STEP][PASSED] - Statement - Try: Delayed 2 second(s)

2018-11-10 00:55:19 - [TEST_STEP][PASSED] - Statement - Checker = false: null

2018-11-10 00:55:19 - [TEST_STEP][PASSED] - Statement - Checker = com.kms.katalon.core.webui.keyword.WebUiBuiltInKeywords.verifyElementHasAttribute(com.kms.katalon.core.testobject.ObjectRepository.findTestObject(Final Object Repo/Landing Page/BM Detecting), "href", 20, OPTIONAL): Object 'Object Repository/Final Object Repo/Landing Page/BM Detecting' has attribute 'href'

2018-11-10 00:55:19 - [MESSAGE][PASSED] - Object 'Object Repository/Final Object Repo/Landing Page/BM Detecting' has attribute 'href'

2018-11-10 00:55:19 - [TEST_STEP][PASSED] - Statement - out.println(Checker): null

2018-11-10 00:55:19 - [TEST_STEP][PASSED] - Statement - If (Checker == false): null

2018-11-10 00:55:19 - [TEST_STEP][PASSED] - Statement - Else: null

2018-11-10 00:55:19 - [TEST_STEP][PASSED] - delay: Delayed 2 second(s)

2018-11-10 00:55:21 - [MESSAGE][PASSED] - Delayed 2 second(s)

2018-11-10 00:55:21 - [TEST_STEP][PASSED] - delay: Delayed 3 second(s)

2018-11-10 00:55:24 - [MESSAGE][PASSED] - Delayed 3 second(s)

2018-11-10 00:55:24 - [TEST_STEP][PASSED] - mouseOver: Object: 'Object Repository/Final Object Repo/Landing Page/WorkFlow Menu' is hovered

2018-11-10 00:55:24 - [MESSAGE][PASSED] - Object: 'Object Repository/Final Object Repo/Landing Page/WorkFlow Menu' is hovered

2018-11-10 00:55:24 - [TEST_STEP][PASSED] - delay: Delayed 2 second(s)

2018-11-10 00:55:26 - [MESSAGE][PASSED] - Delayed 2 second(s)

2018-11-10 00:55:26 - [TEST_STEP][PASSED] - click: Object: 'Object Repository/Final Object Repo/Landing Page/Select to Workflow Listing' is clicked on

2018-11-10 00:55:27 - [MESSAGE][PASSED] - Object: 'Object Repository/Final Object Repo/Landing Page/Select to Workflow Listing' is clicked on

2018-11-10 00:55:27 - [TEST_STEP][PASSED] - delay: Delayed 2 second(s)

2018-11-10 00:55:29 - [MESSAGE][PASSED] - Delayed 2 second(s)

2018-11-10 00:55:29 - [TEST_STEP][PASSED] - click: Object: 'Object Repository/Final Object Repo/WorkFlow Listing Page/Search Information - To Put Ref No' is clicked on

2018-11-10 00:55:30 - [MESSAGE][PASSED] - Object: 'Object Repository/Final Object Repo/WorkFlow Listing Page/Search Information - To Put Ref No' is clicked on

2018-11-10 00:55:30 - [TEST_STEP][PASSED] - delay: Delayed 2 second(s)

2018-11-10 00:55:32 - [MESSAGE][PASSED] - Delayed 2 second(s)

2018-11-10 00:55:32 - [TEST_STEP][PASSED] - callTestCase: Call Test Case 'Test Cases/Final Aug 2018 - PKS Automation/Common/Reference Number Getter' successfully

2018-11-10 00:55:32 - [TEST_CASE][PASSED] - Test Cases/Final Aug 2018 - PKS Automation/Common/Reference Number Getter: Test Cases/Final Aug 2018 - PKS Automation/Common/Reference Number Getter

2018-11-10 00:55:32 - [TEST_STEP][PASSED] - Statement - Try: null

2018-11-10 00:55:32 - [TEST_STEP][PASSED] - Statement - RefNo = new java.io.File(C://KatalonReference.txt): null

2018-11-10 00:55:32 - [TEST_STEP][PASSED] - Statement - bufferread = new java.io.BufferedReader(new java.io.FileReader(RefNo)): null

2018-11-10 00:55:32 - [TEST_STEP][PASSED] - Statement - readedVal = bufferread.readLine(): null

2018-11-10 00:55:32 - [TEST_STEP][PASSED] - Statement - out.println(CaseReferenceNo): null

2018-11-10 00:55:32 - [TEST_STEP][PASSED] - Statement - out.println(readedVal): null

2018-11-10 00:55:32 - [TEST_STEP][PASSED] - Statement - CaseReferenceNo = readedVal: null

2018-11-10 00:55:32 - [MESSAGE][PASSED] - Call Test Case 'Test Cases/Final Aug 2018 - PKS Automation/Common/Reference Number Getter' successfully

2018-11-10 00:55:32 - [TEST_STEP][PASSED] - setText: Text 'SSN11201800001125' is set on object 'Object Repository/Final Object Repo/WorkFlow Listing Page/Ref No Set Text'

2018-11-10 00:55:32 - [MESSAGE][PASSED] - Text 'SSN11201800001125' is set on object 'Object Repository/Final Object Repo/WorkFlow Listing Page/Ref No Set Text'

2018-11-10 00:55:32 - [TEST_STEP][PASSED] - delay: Delayed 2 second(s)

2018-11-10 00:55:34 - [MESSAGE][PASSED] - Delayed 2 second(s)

2018-11-10 00:55:34 - [TEST_STEP][PASSED] - click: Object: 'Object Repository/Final Object Repo/WorkFlow Listing Page/Search Ref No Search Button' is clicked on

2018-11-10 00:55:36 - [MESSAGE][PASSED] - Object: 'Object Repository/Final Object Repo/WorkFlow Listing Page/Search Ref No Search Button' is clicked on

2018-11-10 00:55:36 - [TEST_STEP][PASSED] - delay: Delayed 4 second(s)

2018-11-10 00:55:40 - [MESSAGE][PASSED] - Delayed 4 second(s)

2018-11-10 00:55:40 - [TEST_STEP][PASSED] - click: Object: 'Object Repository/Final Object Repo/WorkFlow Listing Page/Click Continue Tooltip' is clicked on

2018-11-10 00:55:41 - [MESSAGE][PASSED] - Object: 'Object Repository/Final Object Repo/WorkFlow Listing Page/Click Continue Tooltip' is clicked on

2018-11-10 00:55:41 - [TEST_STEP][PASSED] - delay: Delayed 5 second(s)

2018-11-10 00:55:46 - [MESSAGE][PASSED] - Delayed 5 second(s)

2018-11-10 00:55:46 - [TEST_STEP][PASSED] - doubleClick: Object: 'Object Repository/Final Object Repo/WorkFlow Listing Page/Workflow Found - Listing 1' is double clicked on

2018-11-10 00:55:46 - [MESSAGE][PASSED] - Object: 'Object Repository/Final Object Repo/WorkFlow Listing Page/Workflow Found - Listing 1' is double clicked on

2018-11-10 00:55:46 - [TEST_STEP][PASSED] - Statement - println(OwnerID): null

2018-11-10 00:55:46 - [TEST_STEP][PASSED] - Statement - OwnerID = com.kms.katalon.core.webui.keyword.WebUiBuiltInKeywords.getText(com.kms.katalon.core.testobject.ObjectRepository.findTestObject(Final Object Repo/WorkFlow Listing Page/Workflow Found - Listing 1), STOP_ON_FAILURE): Text of object 'Object Repository/Final Object Repo/WorkFlow Listing Page/Workflow Found - Listing 1' is: 'JOHORrio1'

2018-11-10 00:55:46 - [MESSAGE][PASSED] - Text of object 'Object Repository/Final Object Repo/WorkFlow Listing Page/Workflow Found - Listing 1' is: 'JOHORrio1'

2018-11-10 00:55:46 - [TEST_STEP][PASSED] - Statement - OwnerID = OwnerID.toLowerCase() + "@gmail.com": null

2018-11-10 00:55:46 - [TEST_STEP][PASSED] - Statement - println(OwnerID): null

2018-11-10 00:55:46 - [TEST_STEP][PASSED] - delay: Delayed 2 second(s)

2018-11-10 00:55:48 - [MESSAGE][PASSED] - Delayed 2 second(s)

2018-11-10 00:55:48 - [MESSAGE][PASSED] - Call Test Case 'Test Cases/Final Aug 2018 - PKS Automation/Common/Workflow Owner Finder' successfully

2018-11-10 00:55:48 - [TEST_STEP][PASSED] - delay: Delayed 2 second(s)

2018-11-10 00:55:50 - [MESSAGE][PASSED] - Delayed 2 second(s)

2018-11-10 00:55:50 - [TEST_STEP][PASSED] - navigateToUrl: Navigate to 'https://assist2-uat.perkeso.gov.my/c/portal/logout' successfully

2018-11-10 00:55:51 - [MESSAGE][PASSED] - Navigate to 'https://assist2-uat.perkeso.gov.my/c/portal/logout' successfully

2018-11-10 00:55:51 - [TEST_STEP][PASSED] - delay: Delayed 2 second(s)

2018-11-10 00:55:53 - [MESSAGE][PASSED] - Delayed 2 second(s)

2018-11-10 00:55:53 - [TEST_STEP][PASSED] - callTestCase: Call Test Case 'Test Cases/Final Aug 2018 - PKS Automation/Registration Module/Workflow/Login and Search Case For Workflow' successfully

2018-11-10 00:55:53 - [TEST_CASE][PASSED] - Test Cases/Final Aug 2018 - PKS Automation/Registration Module/Workflow/Login and Search Case For Workflow: Test Cases/Final Aug 2018 - PKS Automation/Registration Module/Workflow/Login and Search Case For Workflow

2018-11-10 00:55:53 - [TEST_STEP][PASSED] - navigateToUrl: Navigate to 'https://assist2-uat.perkeso.gov.my/login' successfully

2018-11-10 00:55:54 - [MESSAGE][PASSED] - Navigate to 'https://assist2-uat.perkeso.gov.my/login' successfully

2018-11-10 00:55:54 - [TEST_STEP][PASSED] - setText: Text 'johorrio1@gmail.com' is set on object 'Object Repository/Final Object Repo/Login Page/Internal User/Email Address'

2018-11-10 00:55:54 - [MESSAGE][PASSED] - Text 'johorrio1@gmail.com' is set on object 'Object Repository/Final Object Repo/Login Page/Internal User/Email Address'

2018-11-10 00:55:54 - [TEST_STEP][PASSED] - click: Object: 'Object Repository/Final Object Repo/Login Page/Internal User/Next Button' is clicked on

2018-11-10 00:55:55 - [MESSAGE][PASSED] - Object: 'Object Repository/Final Object Repo/Login Page/Internal User/Next Button' is clicked on

2018-11-10 00:55:55 - [TEST_STEP][PASSED] - delay: Delayed 1 second(s)

2018-11-10 00:55:56 - [MESSAGE][PASSED] - Delayed 1 second(s)

2018-11-10 00:55:56 - [TEST_STEP][PASSED] - setEncryptedText: Text ****** has been set on object 'Object Repository/Final Object Repo/Login Page/Internal User/Password'

2018-11-10 00:55:56 - [MESSAGE][PASSED] - Text ****** has been set on object 'Object Repository/Final Object Repo/Login Page/Internal User/Password'

2018-11-10 00:55:56 - [TEST_STEP][PASSED] - click: Object: 'Object Repository/Final Object Repo/Login Page/Internal User/Login Button' is clicked on

2018-11-10 00:55:58 - [MESSAGE][PASSED] - Object: 'Object Repository/Final Object Repo/Login Page/Internal User/Login Button' is clicked on

2018-11-10 00:55:58 - [TEST_STEP][PASSED] - delay: Delayed 2 second(s)

2018-11-10 00:56:00 - [MESSAGE][PASSED] - Delayed 2 second(s)

2018-11-10 00:56:00 - [TEST_STEP][PASSED] - Statement - Try: Delayed 2 second(s)

2018-11-10 00:56:00 - [TEST_STEP][PASSED] - Statement - Checker = false: null

2018-11-10 00:56:00 - [TEST_STEP][PASSED] - Statement - Checker = com.kms.katalon.core.webui.keyword.WebUiBuiltInKeywords.verifyElementHasAttribute(com.kms.katalon.core.testobject.ObjectRepository.findTestObject(Final Object Repo/Landing Page/BM Detecting), "href", 20, OPTIONAL): Object 'Object Repository/Final Object Repo/Landing Page/BM Detecting' has attribute 'href'

2018-11-10 00:56:00 - [MESSAGE][PASSED] - Object 'Object Repository/Final Object Repo/Landing Page/BM Detecting' has attribute 'href'

2018-11-10 00:56:00 - [TEST_STEP][PASSED] - Statement - out.println(Checker): null

2018-11-10 00:56:00 - [TEST_STEP][PASSED] - Statement - If (Checker == false): null

2018-11-10 00:56:00 - [TEST_STEP][PASSED] - Statement - Else: null

2018-11-10 00:56:00 - [TEST_STEP][PASSED] - delay: Delayed 2 second(s)

2018-11-10 00:56:02 - [MESSAGE][PASSED] - Delayed 2 second(s)

2018-11-10 00:56:02 - [TEST_STEP][PASSED] - click: Object: 'Object Repository/Final Object Repo/Page_MyASSIST - ASSIST - Search Pending Case For Add Supporting Document/Search Information' is clicked on

2018-11-10 00:56:02 - [MESSAGE][PASSED] - Object: 'Object Repository/Final Object Repo/Page_MyASSIST - ASSIST - Search Pending Case For Add Supporting Document/Search Information' is clicked on

2018-11-10 00:56:02 - [TEST_STEP][PASSED] - delay: Delayed 3 second(s)

2018-11-10 00:56:05 - [MESSAGE][PASSED] - Delayed 3 second(s)

2018-11-10 00:56:05 - [TEST_STEP][PASSED] - sendKeys: Keys 'SSN11201800001125' sent to object: 'Object Repository/Final Object Repo/Page_MyASSIST - ASSIST - Search Pending Case For Add Supporting Document/Reference No'

2018-11-10 00:56:06 - [MESSAGE][PASSED] - Keys 'SSN11201800001125' sent to object: 'Object Repository/Final Object Repo/Page_MyASSIST - ASSIST - Search Pending Case For Add Supporting Document/Reference No'

2018-11-10 00:56:06 - [TEST_STEP][PASSED] - click: Object: 'Object Repository/Final Object Repo/Page_MyASSIST - ASSIST - Search Pending Case For Add Supporting Document/Search Reference No' is clicked on

2018-11-10 00:56:07 - [MESSAGE][PASSED] - Object: 'Object Repository/Final Object Repo/Page_MyASSIST - ASSIST - Search Pending Case For Add Supporting Document/Search Reference No' is clicked on

2018-11-10 00:56:07 - [TEST_STEP][PASSED] - delay: Delayed 2 second(s)

2018-11-10 00:56:09 - [MESSAGE][PASSED] - Delayed 2 second(s)

2018-11-10 00:56:09 - [TEST_STEP][PASSED] - click: Object: 'Object Repository/Final Object Repo/Page_MyASSIST - ASSIST - Search Pending Case For Add Supporting Document/Continue' is clicked on

2018-11-10 00:56:16 - [MESSAGE][PASSED] - Object: 'Object Repository/Final Object Repo/Page_MyASSIST - ASSIST - Search Pending Case For Add Supporting Document/Continue' is clicked on

2018-11-10 00:56:16 - [TEST_STEP][PASSED] - delay: Delayed 20 second(s)

2018-11-10 00:56:36 - [MESSAGE][PASSED] - Delayed 20 second(s)

2018-11-10 00:56:36 - [MESSAGE][PASSED] - Call Test Case 'Test Cases/Final Aug 2018 - PKS Automation/Registration Module/Workflow/Login and Search Case For Workflow' successfully

2018-11-10 00:56:36 - [TEST_STEP][PASSED] - callTestCase: Call Test Case 'Test Cases/Final Aug 2018 - PKS Automation/Registration Module/Workflow/Request SSN/Template/Request SSN - RIO' successfully

2018-11-10 00:56:36 - [TEST_CASE][PASSED] - Test Cases/Final Aug 2018 - PKS Automation/Registration Module/Workflow/Request SSN/Template/Request SSN - RIO: Test Cases/Final Aug 2018 - PKS Automation/Registration Module/Workflow/Request SSN/Template/Request SSN - RIO

2018-11-10 00:56:36 - [TEST_STEP][NOT_RUN] - openBrowser: NOT_RUN: openBrowser

2018-11-10 00:56:36 - [MESSAGE][NOT_RUN] - NOT_RUN: openBrowser

2018-11-10 00:56:36 - [TEST_STEP][NOT_RUN] - navigateToUrl: NOT_RUN: navigateToUrl

2018-11-10 00:56:36 - [MESSAGE][NOT_RUN] - NOT_RUN: navigateToUrl

2018-11-10 00:56:36 - [TEST_STEP][NOT_RUN] - setText: NOT_RUN: setText

2018-11-10 00:56:36 - [MESSAGE][NOT_RUN] - NOT_RUN: setText

2018-11-10 00:56:36 - [TEST_STEP][NOT_RUN] - click: NOT_RUN: click

2018-11-10 00:56:36 - [MESSAGE][NOT_RUN] - NOT_RUN: click

2018-11-10 00:56:36 - [TEST_STEP][NOT_RUN] - delay: NOT_RUN: delay

2018-11-10 00:56:36 - [MESSAGE][NOT_RUN] - NOT_RUN: delay

2018-11-10 00:56:36 - [TEST_STEP][NOT_RUN] - setEncryptedText: NOT_RUN: setEncryptedText

2018-11-10 00:56:36 - [MESSAGE][NOT_RUN] - NOT_RUN: setEncryptedText

2018-11-10 00:56:36 - [TEST_STEP][NOT_RUN] - click: NOT_RUN: click

2018-11-10 00:56:36 - [MESSAGE][NOT_RUN] - NOT_RUN: click

2018-11-10 00:56:36 - [TEST_STEP][NOT_RUN] - delay: NOT_RUN: delay

2018-11-10 00:56:36 - [MESSAGE][NOT_RUN] - NOT_RUN: delay

2018-11-10 00:56:36 - [TEST_STEP][NOT_RUN] - click: NOT_RUN: click

2018-11-10 00:56:36 - [MESSAGE][NOT_RUN] - NOT_RUN: click

2018-11-10 00:56:36 - [TEST_STEP][NOT_RUN] - sendKeys: NOT_RUN: sendKeys

2018-11-10 00:56:36 - [MESSAGE][NOT_RUN] - NOT_RUN: sendKeys

2018-11-10 00:56:36 - [TEST_STEP][NOT_RUN] - click: NOT_RUN: click

2018-11-10 00:56:36 - [MESSAGE][NOT_RUN] - NOT_RUN: click

2018-11-10 00:56:36 - [TEST_STEP][NOT_RUN] - delay: NOT_RUN: delay

2018-11-10 00:56:36 - [MESSAGE][NOT_RUN] - NOT_RUN: delay

2018-11-10 00:56:36 - [TEST_STEP][NOT_RUN] - click: NOT_RUN: click

2018-11-10 00:56:36 - [MESSAGE][NOT_RUN] - NOT_RUN: click

2018-11-10 00:56:36 - [TEST_STEP][PASSED] - click: Object: 'Object Repository/Final Object Repo/Page_Request SSN - ASSIST/Page_Request SSN - ASSIST - RIO/Recommend For SSN' is clicked on

2018-11-10 00:56:37 - [MESSAGE][PASSED] - Object: 'Object Repository/Final Object Repo/Page_Request SSN - ASSIST/Page_Request SSN - ASSIST - RIO/Recommend For SSN' is clicked on

2018-11-10 00:56:37 - [TEST_STEP][PASSED] - click: Object: 'Object Repository/Final Object Repo/Page_Request SSN - ASSIST/Page_Request SSN - ASSIST - RIO/Recommend For SSN  - Yes' is clicked on

2018-11-10 00:56:38 - [MESSAGE][PASSED] - Object: 'Object Repository/Final Object Repo/Page_Request SSN - ASSIST/Page_Request SSN - ASSIST - RIO/Recommend For SSN  - Yes' is clicked on

2018-11-10 00:56:38 - [TEST_STEP][PASSED] - delay: Delayed 2 second(s)

2018-11-10 00:56:40 - [MESSAGE][PASSED] - Delayed 2 second(s)

2018-11-10 00:56:40 - [TEST_STEP][PASSED] - click: Object: 'Object Repository/Final Object Repo/Page_Request SSN - ASSIST/Page_Request SSN - ASSIST - RIO/Save  Continue in SSN page' is clicked on

2018-11-10 00:56:45 - [MESSAGE][PASSED] - Object: 'Object Repository/Final Object Repo/Page_Request SSN - ASSIST/Page_Request SSN - ASSIST - RIO/Save  Continue in SSN page' is clicked on

2018-11-10 00:56:45 - [TEST_STEP][PASSED] - delay: Delayed 2 second(s)

2018-11-10 00:56:47 - [MESSAGE][PASSED] - Delayed 2 second(s)

2018-11-10 00:56:47 - [TEST_STEP][PASSED] - click: Object: 'Object Repository/Final Object Repo/Page_Request SSN - ASSIST/Page_Request SSN - ASSIST - RIO/Save  Continue in Upload Document Page' is clicked on

2018-11-10 00:56:48 - [MESSAGE][PASSED] - Object: 'Object Repository/Final Object Repo/Page_Request SSN - ASSIST/Page_Request SSN - ASSIST - RIO/Save  Continue in Upload Document Page' is clicked on

2018-11-10 00:56:48 - [TEST_STEP][PASSED] - delay: Delayed 2 second(s)

2018-11-10 00:56:50 - [MESSAGE][PASSED] - Delayed 2 second(s)

2018-11-10 00:56:50 - [TEST_STEP][PASSED] - click: Object: 'Object Repository/Final Object Repo/Page_Request SSN - ASSIST/Page_Request SSN - ASSIST - RIO/Submit' is clicked on

2018-11-10 00:56:53 - [MESSAGE][PASSED] - Object: 'Object Repository/Final Object Repo/Page_Request SSN - ASSIST/Page_Request SSN - ASSIST - RIO/Submit' is clicked on

2018-11-10 00:56:53 - [TEST_STEP][PASSED] - delay: Delayed 2 second(s)

2018-11-10 00:56:55 - [MESSAGE][PASSED] - Delayed 2 second(s)

2018-11-10 00:56:55 - [TEST_STEP][PASSED] - click: Object: 'Object Repository/Final Object Repo/Page_Request SSN - ASSIST/Page_Request SSN - ASSIST - RIO/Confirm' is clicked on

2018-11-10 00:57:00 - [MESSAGE][PASSED] - Object: 'Object Repository/Final Object Repo/Page_Request SSN - ASSIST/Page_Request SSN - ASSIST - RIO/Confirm' is clicked on

2018-11-10 00:57:00 - [MESSAGE][PASSED] - Call Test Case 'Test Cases/Final Aug 2018 - PKS Automation/Registration Module/Workflow/Request SSN/Template/Request SSN - RIO' successfully

2018-11-10 00:57:00 - [TEST_STEP][PASSED] - delay: Delayed 2 second(s)

2018-11-10 00:57:02 - [MESSAGE][PASSED] - Delayed 2 second(s)

2018-11-10 00:57:02 - [TEST_STEP][PASSED] - navigateToUrl: Navigate to 'https://assist2-uat.perkeso.gov.my/c/portal/logout' successfully

2018-11-10 00:57:03 - [MESSAGE][PASSED] - Navigate to 'https://assist2-uat.perkeso.gov.my/c/portal/logout' successfully

2018-11-10 00:57:03 - [TEST_STEP][PASSED] - delay: Delayed 2 second(s)

2018-11-10 00:57:05 - [MESSAGE][PASSED] - Delayed 2 second(s)

2018-11-10 00:57:05 - [TEST_STEP][PASSED] - callTestCase: Call Test Case 'Test Cases/Final Aug 2018 - PKS Automation/Common/Workflow Owner Finder' successfully

2018-11-10 00:57:05 - [TEST_CASE][PASSED] - Test Cases/Final Aug 2018 - PKS Automation/Common/Workflow Owner Finder: Test Cases/Final Aug 2018 - PKS Automation/Common/Workflow Owner Finder

2018-11-10 00:57:05 - [TEST_STEP][PASSED] - openBrowser: Browser is opened with url: ''

2018-11-10 00:57:05 - [MESSAGE][WARNING] - A browser is already opened. Closing browser and opening a new one

2018-11-10 00:57:10 - [MESSAGE][PASSED] - Browser is opened with url: ''

2018-11-10 00:57:10 - [TEST_STEP][PASSED] - navigateToUrl: Navigate to 'https://assist2-uat.perkeso.gov.my/login' successfully

2018-11-10 00:57:12 - [MESSAGE][PASSED] - Navigate to 'https://assist2-uat.perkeso.gov.my/login' successfully

2018-11-10 00:57:12 - [TEST_STEP][PASSED] - delay: Delayed 5 second(s)

2018-11-10 00:57:17 - [MESSAGE][PASSED] - Delayed 5 second(s)

2018-11-10 00:57:17 - [TEST_STEP][PASSED] - setText: Text 'test@liferay.com' is set on object 'Object Repository/Final Object Repo/Login Page/Internal User/Email Address'

2018-11-10 00:57:17 - [MESSAGE][PASSED] - Text 'test@liferay.com' is set on object 'Object Repository/Final Object Repo/Login Page/Internal User/Email Address'

2018-11-10 00:57:17 - [TEST_STEP][PASSED] - click: Object: 'Object Repository/Final Object Repo/Login Page/Internal User/Next Button' is clicked on

2018-11-10 00:57:18 - [MESSAGE][PASSED] - Object: 'Object Repository/Final Object Repo/Login Page/Internal User/Next Button' is clicked on

2018-11-10 00:57:18 - [TEST_STEP][PASSED] - delay: Delayed 2 second(s)

2018-11-10 00:57:20 - [MESSAGE][PASSED] - Delayed 2 second(s)

2018-11-10 00:57:20 - [TEST_STEP][PASSED] - setText: Text 'test' is set on object 'Object Repository/Final Object Repo/Login Page/Internal User/Password'

2018-11-10 00:57:20 - [MESSAGE][PASSED] - Text 'test' is set on object 'Object Repository/Final Object Repo/Login Page/Internal User/Password'

2018-11-10 00:57:20 - [TEST_STEP][PASSED] - delay: Delayed 2 second(s)

2018-11-10 00:57:22 - [MESSAGE][PASSED] - Delayed 2 second(s)

2018-11-10 00:57:22 - [TEST_STEP][PASSED] - click: Object: 'Object Repository/Final Object Repo/Login Page/Internal User/Login Button' is clicked on

2018-11-10 00:57:25 - [MESSAGE][PASSED] - Object: 'Object Repository/Final Object Repo/Login Page/Internal User/Login Button' is clicked on

2018-11-10 00:57:25 - [TEST_STEP][PASSED] - Statement - Try: Delayed 2 second(s)

2018-11-10 00:57:25 - [TEST_STEP][PASSED] - Statement - Checker = false: null

2018-11-10 00:57:25 - [TEST_STEP][PASSED] - Statement - Checker = com.kms.katalon.core.webui.keyword.WebUiBuiltInKeywords.verifyElementHasAttribute(com.kms.katalon.core.testobject.ObjectRepository.findTestObject(Final Object Repo/Landing Page/BM Detecting), "href", 20, OPTIONAL): Object 'Object Repository/Final Object Repo/Landing Page/BM Detecting' has attribute 'href'

2018-11-10 00:57:25 - [MESSAGE][PASSED] - Object 'Object Repository/Final Object Repo/Landing Page/BM Detecting' has attribute 'href'

2018-11-10 00:57:25 - [TEST_STEP][PASSED] - Statement - out.println(Checker): null

2018-11-10 00:57:25 - [TEST_STEP][PASSED] - Statement - If (Checker == false): null

2018-11-10 00:57:25 - [TEST_STEP][PASSED] - Statement - Else: null

2018-11-10 00:57:25 - [TEST_STEP][PASSED] - delay: Delayed 2 second(s)

2018-11-10 00:57:27 - [MESSAGE][PASSED] - Delayed 2 second(s)

2018-11-10 00:57:27 - [TEST_STEP][PASSED] - delay: Delayed 3 second(s)

2018-11-10 00:57:30 - [MESSAGE][PASSED] - Delayed 3 second(s)

2018-11-10 00:57:30 - [TEST_STEP][PASSED] - mouseOver: Object: 'Object Repository/Final Object Repo/Landing Page/WorkFlow Menu' is hovered

2018-11-10 00:57:30 - [MESSAGE][PASSED] - Object: 'Object Repository/Final Object Repo/Landing Page/WorkFlow Menu' is hovered

2018-11-10 00:57:30 - [TEST_STEP][PASSED] - delay: Delayed 2 second(s)

2018-11-10 00:57:32 - [MESSAGE][PASSED] - Delayed 2 second(s)

2018-11-10 00:57:32 - [TEST_STEP][PASSED] - click: Object: 'Object Repository/Final Object Repo/Landing Page/Select to Workflow Listing' is clicked on

2018-11-10 00:57:33 - [MESSAGE][PASSED] - Object: 'Object Repository/Final Object Repo/Landing Page/Select to Workflow Listing' is clicked on

2018-11-10 00:57:33 - [TEST_STEP][PASSED] - delay: Delayed 2 second(s)

2018-11-10 00:57:35 - [MESSAGE][PASSED] - Delayed 2 second(s)

2018-11-10 00:57:35 - [TEST_STEP][PASSED] - click: Object: 'Object Repository/Final Object Repo/WorkFlow Listing Page/Search Information - To Put Ref No' is clicked on

2018-11-10 00:57:35 - [MESSAGE][PASSED] - Object: 'Object Repository/Final Object Repo/WorkFlow Listing Page/Search Information - To Put Ref No' is clicked on

2018-11-10 00:57:35 - [TEST_STEP][PASSED] - delay: Delayed 2 second(s)

2018-11-10 00:57:37 - [MESSAGE][PASSED] - Delayed 2 second(s)

2018-11-10 00:57:37 - [TEST_STEP][PASSED] - callTestCase: Call Test Case 'Test Cases/Final Aug 2018 - PKS Automation/Common/Reference Number Getter' successfully

2018-11-10 00:57:38 - [TEST_CASE][PASSED] - Test Cases/Final Aug 2018 - PKS Automation/Common/Reference Number Getter: Test Cases/Final Aug 2018 - PKS Automation/Common/Reference Number Getter

2018-11-10 00:57:38 - [TEST_STEP][PASSED] - Statement - Try: null

2018-11-10 00:57:38 - [TEST_STEP][PASSED] - Statement - RefNo = new java.io.File(C://KatalonReference.txt): null

2018-11-10 00:57:38 - [TEST_STEP][PASSED] - Statement - bufferread = new java.io.BufferedReader(new java.io.FileReader(RefNo)): null

2018-11-10 00:57:38 - [TEST_STEP][PASSED] - Statement - readedVal = bufferread.readLine(): null

2018-11-10 00:57:38 - [TEST_STEP][PASSED] - Statement - out.println(CaseReferenceNo): null

2018-11-10 00:57:38 - [TEST_STEP][PASSED] - Statement - out.println(readedVal): null

2018-11-10 00:57:38 - [TEST_STEP][PASSED] - Statement - CaseReferenceNo = readedVal: null

2018-11-10 00:57:38 - [MESSAGE][PASSED] - Call Test Case 'Test Cases/Final Aug 2018 - PKS Automation/Common/Reference Number Getter' successfully

2018-11-10 00:57:38 - [TEST_STEP][PASSED] - setText: Text 'SSN11201800001125' is set on object 'Object Repository/Final Object Repo/WorkFlow Listing Page/Ref No Set Text'

2018-11-10 00:57:38 - [MESSAGE][PASSED] - Text 'SSN11201800001125' is set on object 'Object Repository/Final Object Repo/WorkFlow Listing Page/Ref No Set Text'

2018-11-10 00:57:38 - [TEST_STEP][PASSED] - delay: Delayed 2 second(s)

2018-11-10 00:57:40 - [MESSAGE][PASSED] - Delayed 2 second(s)

2018-11-10 00:57:40 - [TEST_STEP][PASSED] - click: Object: 'Object Repository/Final Object Repo/WorkFlow Listing Page/Search Ref No Search Button' is clicked on

2018-11-10 00:57:41 - [MESSAGE][PASSED] - Object: 'Object Repository/Final Object Repo/WorkFlow Listing Page/Search Ref No Search Button' is clicked on

2018-11-10 00:57:41 - [TEST_STEP][PASSED] - delay: Delayed 4 second(s)

2018-11-10 00:57:45 - [MESSAGE][PASSED] - Delayed 4 second(s)

2018-11-10 00:57:45 - [TEST_STEP][PASSED] - click: Object: 'Object Repository/Final Object Repo/WorkFlow Listing Page/Click Continue Tooltip' is clicked on

2018-11-10 00:57:47 - [MESSAGE][PASSED] - Object: 'Object Repository/Final Object Repo/WorkFlow Listing Page/Click Continue Tooltip' is clicked on

2018-11-10 00:57:47 - [TEST_STEP][PASSED] - delay: Delayed 5 second(s)

2018-11-10 00:57:52 - [MESSAGE][PASSED] - Delayed 5 second(s)

2018-11-10 00:57:52 - [TEST_STEP][PASSED] - doubleClick: Object: 'Object Repository/Final Object Repo/WorkFlow Listing Page/Workflow Found - Listing 1' is double clicked on

2018-11-10 00:57:52 - [MESSAGE][PASSED] - Object: 'Object Repository/Final Object Repo/WorkFlow Listing Page/Workflow Found - Listing 1' is double clicked on

2018-11-10 00:57:52 - [TEST_STEP][PASSED] - Statement - println(OwnerID): null

2018-11-10 00:57:52 - [TEST_STEP][PASSED] - Statement - OwnerID = com.kms.katalon.core.webui.keyword.WebUiBuiltInKeywords.getText(com.kms.katalon.core.testobject.ObjectRepository.findTestObject(Final Object Repo/WorkFlow Listing Page/Workflow Found - Listing 1), STOP_ON_FAILURE): Text of object 'Object Repository/Final Object Repo/WorkFlow Listing Page/Workflow Found - Listing 1' is: 'JOHORro3'

2018-11-10 00:57:52 - [MESSAGE][PASSED] - Text of object 'Object Repository/Final Object Repo/WorkFlow Listing Page/Workflow Found - Listing 1' is: 'JOHORro3'

2018-11-10 00:57:52 - [TEST_STEP][PASSED] - Statement - OwnerID = OwnerID.toLowerCase() + "@gmail.com": null

2018-11-10 00:57:52 - [TEST_STEP][PASSED] - Statement - println(OwnerID): null

2018-11-10 00:57:52 - [TEST_STEP][PASSED] - delay: Delayed 2 second(s)

2018-11-10 00:57:54 - [MESSAGE][PASSED] - Delayed 2 second(s)

2018-11-10 00:57:54 - [MESSAGE][PASSED] - Call Test Case 'Test Cases/Final Aug 2018 - PKS Automation/Common/Workflow Owner Finder' successfully

2018-11-10 00:57:54 - [TEST_STEP][PASSED] - delay: Delayed 2 second(s)

2018-11-10 00:57:56 - [MESSAGE][PASSED] - Delayed 2 second(s)

2018-11-10 00:57:56 - [TEST_STEP][PASSED] - navigateToUrl: Navigate to 'https://assist2-uat.perkeso.gov.my/c/portal/logout' successfully

2018-11-10 00:57:57 - [MESSAGE][PASSED] - Navigate to 'https://assist2-uat.perkeso.gov.my/c/portal/logout' successfully

2018-11-10 00:57:57 - [TEST_STEP][PASSED] - delay: Delayed 2 second(s)

2018-11-10 00:57:59 - [MESSAGE][PASSED] - Delayed 2 second(s)

2018-11-10 00:57:59 - [TEST_STEP][PASSED] - callTestCase: Call Test Case 'Test Cases/Final Aug 2018 - PKS Automation/Registration Module/Workflow/Login and Search Case For Workflow' successfully

2018-11-10 00:57:59 - [TEST_CASE][PASSED] - Test Cases/Final Aug 2018 - PKS Automation/Registration Module/Workflow/Login and Search Case For Workflow: Test Cases/Final Aug 2018 - PKS Automation/Registration Module/Workflow/Login and Search Case For Workflow

2018-11-10 00:57:59 - [TEST_STEP][PASSED] - navigateToUrl: Navigate to 'https://assist2-uat.perkeso.gov.my/login' successfully

2018-11-10 00:58:00 - [MESSAGE][PASSED] - Navigate to 'https://assist2-uat.perkeso.gov.my/login' successfully

2018-11-10 00:58:00 - [TEST_STEP][PASSED] - setText: Text 'johorro3@gmail.com' is set on object 'Object Repository/Final Object Repo/Login Page/Internal User/Email Address'

2018-11-10 00:58:00 - [MESSAGE][PASSED] - Text 'johorro3@gmail.com' is set on object 'Object Repository/Final Object Repo/Login Page/Internal User/Email Address'

2018-11-10 00:58:00 - [TEST_STEP][PASSED] - click: Object: 'Object Repository/Final Object Repo/Login Page/Internal User/Next Button' is clicked on

2018-11-10 00:58:00 - [MESSAGE][PASSED] - Object: 'Object Repository/Final Object Repo/Login Page/Internal User/Next Button' is clicked on

2018-11-10 00:58:00 - [TEST_STEP][PASSED] - delay: Delayed 1 second(s)

2018-11-10 00:58:01 - [MESSAGE][PASSED] - Delayed 1 second(s)

2018-11-10 00:58:01 - [TEST_STEP][PASSED] - setEncryptedText: Text ****** has been set on object 'Object Repository/Final Object Repo/Login Page/Internal User/Password'

2018-11-10 00:58:01 - [MESSAGE][PASSED] - Text ****** has been set on object 'Object Repository/Final Object Repo/Login Page/Internal User/Password'

2018-11-10 00:58:01 - [TEST_STEP][PASSED] - click: Object: 'Object Repository/Final Object Repo/Login Page/Internal User/Login Button' is clicked on

2018-11-10 00:58:03 - [MESSAGE][PASSED] - Object: 'Object Repository/Final Object Repo/Login Page/Internal User/Login Button' is clicked on

2018-11-10 00:58:03 - [TEST_STEP][PASSED] - delay: Delayed 2 second(s)

2018-11-10 00:58:05 - [MESSAGE][PASSED] - Delayed 2 second(s)

2018-11-10 00:58:05 - [TEST_STEP][PASSED] - Statement - Try: Delayed 2 second(s)

2018-11-10 00:58:05 - [TEST_STEP][PASSED] - Statement - Checker = false: null

2018-11-10 00:58:05 - [TEST_STEP][PASSED] - Statement - Checker = com.kms.katalon.core.webui.keyword.WebUiBuiltInKeywords.verifyElementHasAttribute(com.kms.katalon.core.testobject.ObjectRepository.findTestObject(Final Object Repo/Landing Page/BM Detecting), "href", 20, OPTIONAL): Object 'Object Repository/Final Object Repo/Landing Page/BM Detecting' has attribute 'href'

2018-11-10 00:58:06 - [MESSAGE][PASSED] - Object 'Object Repository/Final Object Repo/Landing Page/BM Detecting' has attribute 'href'

2018-11-10 00:58:06 - [TEST_STEP][PASSED] - Statement - out.println(Checker): null

2018-11-10 00:58:06 - [TEST_STEP][PASSED] - Statement - If (Checker == false): null

2018-11-10 00:58:06 - [TEST_STEP][PASSED] - Statement - Else: null

2018-11-10 00:58:06 - [TEST_STEP][PASSED] - delay: Delayed 2 second(s)

2018-11-10 00:58:08 - [MESSAGE][PASSED] - Delayed 2 second(s)

2018-11-10 00:58:08 - [TEST_STEP][PASSED] - click: Object: 'Object Repository/Final Object Repo/Page_MyASSIST - ASSIST - Search Pending Case For Add Supporting Document/Search Information' is clicked on

2018-11-10 00:58:08 - [MESSAGE][PASSED] - Object: 'Object Repository/Final Object Repo/Page_MyASSIST - ASSIST - Search Pending Case For Add Supporting Document/Search Information' is clicked on

2018-11-10 00:58:08 - [TEST_STEP][PASSED] - delay: Delayed 3 second(s)

2018-11-10 00:58:11 - [MESSAGE][PASSED] - Delayed 3 second(s)

2018-11-10 00:58:11 - [TEST_STEP][PASSED] - sendKeys: Keys 'SSN11201800001125' sent to object: 'Object Repository/Final Object Repo/Page_MyASSIST - ASSIST - Search Pending Case For Add Supporting Document/Reference No'

2018-11-10 00:58:11 - [MESSAGE][PASSED] - Keys 'SSN11201800001125' sent to object: 'Object Repository/Final Object Repo/Page_MyASSIST - ASSIST - Search Pending Case For Add Supporting Document/Reference No'

2018-11-10 00:58:11 - [TEST_STEP][PASSED] - click: Object: 'Object Repository/Final Object Repo/Page_MyASSIST - ASSIST - Search Pending Case For Add Supporting Document/Search Reference No' is clicked on

2018-11-10 00:58:12 - [MESSAGE][PASSED] - Object: 'Object Repository/Final Object Repo/Page_MyASSIST - ASSIST - Search Pending Case For Add Supporting Document/Search Reference No' is clicked on

2018-11-10 00:58:12 - [TEST_STEP][PASSED] - delay: Delayed 2 second(s)

2018-11-10 00:58:14 - [MESSAGE][PASSED] - Delayed 2 second(s)

2018-11-10 00:58:14 - [TEST_STEP][PASSED] - click: Object: 'Object Repository/Final Object Repo/Page_MyASSIST - ASSIST - Search Pending Case For Add Supporting Document/Continue' is clicked on

2018-11-10 00:58:22 - [MESSAGE][PASSED] - Object: 'Object Repository/Final Object Repo/Page_MyASSIST - ASSIST - Search Pending Case For Add Supporting Document/Continue' is clicked on

2018-11-10 00:58:22 - [TEST_STEP][PASSED] - delay: Delayed 20 second(s)

2018-11-10 00:58:42 - [MESSAGE][PASSED] - Delayed 20 second(s)

2018-11-10 00:58:42 - [MESSAGE][PASSED] - Call Test Case 'Test Cases/Final Aug 2018 - PKS Automation/Registration Module/Workflow/Login and Search Case For Workflow' successfully

2018-11-10 00:58:42 - [TEST_STEP][PASSED] - callTestCase: Call Test Case 'Test Cases/Final Aug 2018 - PKS Automation/Registration Module/Workflow/Request SSN/Template/Request SSN - RO (Query)' successfully

2018-11-10 00:58:42 - [TEST_CASE][PASSED] - Test Cases/Final Aug 2018 - PKS Automation/Registration Module/Workflow/Request SSN/Template/Request SSN - RO (Query): Test Cases/Final Aug 2018 - PKS Automation/Registration Module/Workflow/Request SSN/Template/Request SSN - RO (Query)

2018-11-10 00:58:42 - [TEST_STEP][NOT_RUN] - openBrowser: NOT_RUN: openBrowser

2018-11-10 00:58:42 - [MESSAGE][NOT_RUN] - NOT_RUN: openBrowser

2018-11-10 00:58:42 - [TEST_STEP][NOT_RUN] - navigateToUrl: NOT_RUN: navigateToUrl

2018-11-10 00:58:42 - [MESSAGE][NOT_RUN] - NOT_RUN: navigateToUrl

2018-11-10 00:58:42 - [TEST_STEP][NOT_RUN] - setText: NOT_RUN: setText

2018-11-10 00:58:42 - [MESSAGE][NOT_RUN] - NOT_RUN: setText

2018-11-10 00:58:42 - [TEST_STEP][NOT_RUN] - click: NOT_RUN: click

2018-11-10 00:58:42 - [MESSAGE][NOT_RUN] - NOT_RUN: click

2018-11-10 00:58:42 - [TEST_STEP][NOT_RUN] - delay: NOT_RUN: delay

2018-11-10 00:58:42 - [MESSAGE][NOT_RUN] - NOT_RUN: delay

2018-11-10 00:58:42 - [TEST_STEP][NOT_RUN] - setEncryptedText: NOT_RUN: setEncryptedText

2018-11-10 00:58:42 - [MESSAGE][NOT_RUN] - NOT_RUN: setEncryptedText

2018-11-10 00:58:42 - [TEST_STEP][NOT_RUN] - click: NOT_RUN: click

2018-11-10 00:58:42 - [MESSAGE][NOT_RUN] - NOT_RUN: click

2018-11-10 00:58:42 - [TEST_STEP][NOT_RUN] - delay: NOT_RUN: delay

2018-11-10 00:58:42 - [MESSAGE][NOT_RUN] - NOT_RUN: delay

2018-11-10 00:58:42 - [TEST_STEP][NOT_RUN] - click: NOT_RUN: click

2018-11-10 00:58:42 - [MESSAGE][NOT_RUN] - NOT_RUN: click

2018-11-10 00:58:42 - [TEST_STEP][NOT_RUN] - delay: NOT_RUN: delay

2018-11-10 00:58:42 - [MESSAGE][NOT_RUN] - NOT_RUN: delay

2018-11-10 00:58:42 - [TEST_STEP][NOT_RUN] - sendKeys: NOT_RUN: sendKeys

2018-11-10 00:58:42 - [MESSAGE][NOT_RUN] - NOT_RUN: sendKeys

2018-11-10 00:58:42 - [TEST_STEP][NOT_RUN] - click: NOT_RUN: click

2018-11-10 00:58:42 - [MESSAGE][NOT_RUN] - NOT_RUN: click

2018-11-10 00:58:42 - [TEST_STEP][NOT_RUN] - delay: NOT_RUN: delay

2018-11-10 00:58:42 - [MESSAGE][NOT_RUN] - NOT_RUN: delay

2018-11-10 00:58:42 - [TEST_STEP][NOT_RUN] - click: NOT_RUN: click

2018-11-10 00:58:42 - [MESSAGE][NOT_RUN] - NOT_RUN: click

2018-11-10 00:58:42 - [TEST_STEP][PASSED] - click: Object: 'Object Repository/Final Object Repo/Page_Request SSN - ASSIST/Page_Request SSN - ASSIST - RO/Approval For SSN' is clicked on

2018-11-10 00:58:42 - [MESSAGE][PASSED] - Object: 'Object Repository/Final Object Repo/Page_Request SSN - ASSIST/Page_Request SSN - ASSIST - RO/Approval For SSN' is clicked on

2018-11-10 00:58:42 - [TEST_STEP][PASSED] - click: Object: 'Object Repository/Final Object Repo/Page_Request SSN - ASSIST/Page_Request SSN - ASSIST - RO/Approval For SSN - Approve' is clicked on

2018-11-10 00:58:43 - [MESSAGE][PASSED] - Object: 'Object Repository/Final Object Repo/Page_Request SSN - ASSIST/Page_Request SSN - ASSIST - RO/Approval For SSN - Approve' is clicked on

2018-11-10 00:58:43 - [TEST_STEP][PASSED] - delay: Delayed 2 second(s)

2018-11-10 00:58:45 - [MESSAGE][PASSED] - Delayed 2 second(s)

2018-11-10 00:58:45 - [TEST_STEP][PASSED] - click: Object: 'Object Repository/Final Object Repo/Page_Request SSN - ASSIST/Page_Request SSN - ASSIST - RO/Save  Continue in SSN Page' is clicked on

2018-11-10 00:58:50 - [MESSAGE][PASSED] - Object: 'Object Repository/Final Object Repo/Page_Request SSN - ASSIST/Page_Request SSN - ASSIST - RO/Save  Continue in SSN Page' is clicked on

2018-11-10 00:58:50 - [TEST_STEP][PASSED] - delay: Delayed 2 second(s)

2018-11-10 00:58:52 - [MESSAGE][PASSED] - Delayed 2 second(s)

2018-11-10 00:58:52 - [TEST_STEP][PASSED] - setText: Text 'Query' is set on object 'Object Repository/Final Object Repo/Page_Request SSN - ASSIST/Page_Request SSN - ASSIST - RO/Page_Request SSN - ASSIST  (Query)/Remark'

2018-11-10 00:58:52 - [MESSAGE][PASSED] - Text 'Query' is set on object 'Object Repository/Final Object Repo/Page_Request SSN - ASSIST/Page_Request SSN - ASSIST - RO/Page_Request SSN - ASSIST  (Query)/Remark'

2018-11-10 00:58:52 - [TEST_STEP][PASSED] - delay: Delayed 2 second(s)

2018-11-10 00:58:54 - [MESSAGE][PASSED] - Delayed 2 second(s)

2018-11-10 00:58:54 - [TEST_STEP][PASSED] - click: Object: 'Object Repository/Final Object Repo/Page_Request SSN - ASSIST/Page_Request SSN - ASSIST - RO/Save  Continue in Uploading Document Page' is clicked on

2018-11-10 00:58:55 - [MESSAGE][PASSED] - Object: 'Object Repository/Final Object Repo/Page_Request SSN - ASSIST/Page_Request SSN - ASSIST - RO/Save  Continue in Uploading Document Page' is clicked on

2018-11-10 00:58:55 - [TEST_STEP][PASSED] - delay: Delayed 2 second(s)

2018-11-10 00:58:57 - [MESSAGE][PASSED] - Delayed 2 second(s)

2018-11-10 00:58:57 - [TEST_STEP][PASSED] - click: Object: 'Object Repository/Final Object Repo/Page_Request SSN - ASSIST/Page_Request SSN - ASSIST - RO/Page_Request SSN - ASSIST  (Query)/Query' is clicked on

2018-11-10 00:59:00 - [MESSAGE][PASSED] - Object: 'Object Repository/Final Object Repo/Page_Request SSN - ASSIST/Page_Request SSN - ASSIST - RO/Page_Request SSN - ASSIST  (Query)/Query' is clicked on

2018-11-10 00:59:00 - [TEST_STEP][PASSED] - delay: Delayed 2 second(s)

2018-11-10 00:59:02 - [MESSAGE][PASSED] - Delayed 2 second(s)

2018-11-10 00:59:02 - [TEST_STEP][PASSED] - click: Object: 'Object Repository/Final Object Repo/Page_Request SSN - ASSIST/Page_Request SSN - ASSIST - RO/Page_Request SSN - ASSIST  (Query)/Confirm' is clicked on

2018-11-10 00:59:07 - [MESSAGE][PASSED] - Object: 'Object Repository/Final Object Repo/Page_Request SSN - ASSIST/Page_Request SSN - ASSIST - RO/Page_Request SSN - ASSIST  (Query)/Confirm' is clicked on

2018-11-10 00:59:07 - [TEST_STEP][PASSED] - delay: Delayed 2 second(s)

2018-11-10 00:59:09 - [MESSAGE][PASSED] - Delayed 2 second(s)

2018-11-10 00:59:09 - [TEST_STEP][PASSED] - verifyElementVisible: Object 'Object Repository/Final Object Repo/Page_Request SSN - ASSIST/Page_Request SSN - ASSIST - RO/Page_Request SSN - ASSIST  (Query)/Message Case Is Under Query' is visible

2018-11-10 00:59:11 - [MESSAGE][PASSED] - Object 'Object Repository/Final Object Repo/Page_Request SSN - ASSIST/Page_Request SSN - ASSIST - RO/Page_Request SSN - ASSIST  (Query)/Message Case Is Under Query' is visible

2018-11-10 00:59:11 - [TEST_STEP][PASSED] - delay: Delayed 2 second(s)

2018-11-10 00:59:13 - [MESSAGE][PASSED] - Delayed 2 second(s)

2018-11-10 00:59:13 - [TEST_STEP][PASSED] - verifyElementVisible: Object 'Object Repository/Final Object Repo/Page_Request SSN - ASSIST/Page_Request SSN - ASSIST - RO/Page_Request SSN - ASSIST  (Query)/Letter of inquiry' is visible

2018-11-10 00:59:13 - [MESSAGE][PASSED] - Object 'Object Repository/Final Object Repo/Page_Request SSN - ASSIST/Page_Request SSN - ASSIST - RO/Page_Request SSN - ASSIST  (Query)/Letter of inquiry' is visible

2018-11-10 00:59:13 - [MESSAGE][PASSED] - Call Test Case 'Test Cases/Final Aug 2018 - PKS Automation/Registration Module/Workflow/Request SSN/Template/Request SSN - RO (Query)' successfully

2018-11-10 00:59:13 - [TEST_STEP][PASSED] - delay: Delayed 2 second(s)

2018-11-10 00:59:15 - [MESSAGE][PASSED] - Delayed 2 second(s)

2018-11-10 00:59:15 - [TEST_STEP][FAILED] - callTestCase: Unable to call Test Case with id 'Test Cases/Final Aug 2018 - PKS Automation/Registration Module/Workflow/Request SSN/Template/Request SSN  RO (Approve after Query)' (Root cause: Call Test Case 'Test Cases/Final Aug 2018 - PKS Automation/Registration Module/Workflow/Request SSN/Template/Request SSN  RO (Approve after Query)' failed)

2018-11-10 00:59:15 - [TEST_CASE][FAILED] - Test Cases/Final Aug 2018 - PKS Automation/Registration Module/Workflow/Request SSN/Template/Request SSN  RO (Approve after Query): Test Cases/Final Aug 2018 - PKS Automation/Registration Module/Workflow/Request SSN/Template/Request SSN  RO (Approve after Query) FAILED because (of) (Stack trace: com.kms.katalon.core.exception.StepFailedException: Unable to click on object 'Object Repository/Final Object Repo/Page_Request SSN - ASSIST/Document Type' (Root cause: org.openqa.selenium.ElementClickInterceptedException: Element <span class="select2-selection select2-selection--single"> is not clickable at point (482.4833221435547,201.56666564941406) because another element <div class="blockUI blockOverlay"> obscures it
Build info: version: '3.9.1', revision: '63f7b50', time: '2018-02-07T22:42:28.403Z'
System info: host: 'WEIZHENG', ip: '192.168.137.1', os.name: 'Windows 7', os.arch: 'amd64', os.version: '6.1', java.version: '1.8.0_181'
Driver info: com.kms.katalon.core.webui.driver.firefox.CGeckoDriver
Capabilities {acceptInsecureCerts: true, browserName: firefox, browserVersion: 63.0.1, javascriptEnabled: true, moz:accessibilityChecks: false, moz:geckodriverVersion: 0.23.0, moz:headless: false, moz:processID: 1620, moz:profile: C:\Users\Wei Zheng\AppData\..., moz:useNonSpecCompliantPointerOrigin: false, moz:webdriverClick: true, pageLoadStrategy: normal, platform: WINDOWS, platformName: WINDOWS, platformVersion: 6.1, proxy: Proxy(direct), rotatable: false, setWindowRect: true, timeouts: {implicit: 0, pageLoad: 300000, script: 30000}, unhandledPromptBehavior: dismiss and notify}
Session ID: 7f458519-ab2e-499a-be19-ed4bacf088ec)
	at com.kms.katalon.core.keyword.internal.KeywordMain.stepFailed(KeywordMain.groovy:32)
	at com.kms.katalon.core.webui.keyword.internal.WebUIKeywordMain.stepFailed(WebUIKeywordMain.groovy:65)
	at com.kms.katalon.core.webui.keyword.internal.WebUIKeywordMain.runKeyword(WebUIKeywordMain.groovy:27)
	at com.kms.katalon.core.webui.keyword.builtin.ClickKeyword.click(ClickKeyword.groovy:86)
	at com.kms.katalon.core.webui.keyword.builtin.ClickKeyword.execute(ClickKeyword.groovy:67)
	at com.kms.katalon.core.keyword.internal.KeywordExecutor.executeKeywordForPlatform(KeywordExecutor.groovy:53)
	at com.kms.katalon.core.webui.keyword.WebUiBuiltInKeywords.click(WebUiBuiltInKeywords.groovy:616)
	at com.kms.katalon.core.webui.keyword.WebUiBuiltInKeywords$click$2.call(Unknown Source)
	at Script1537866257782.run(Script1537866257782.groovy:64)
	at com.kms.katalon.core.main.ScriptEngine.run(ScriptEngine.java:183)
	at com.kms.katalon.core.main.ScriptEngine.runScriptAsRawText(ScriptEngine.java:108)
	at com.kms.katalon.core.main.TestCaseExecutor.runScript(TestCaseExecutor.java:294)
	at com.kms.katalon.core.main.TestCaseExecutor.doExecute(TestCaseExecutor.java:285)
	at com.kms.katalon.core.main.TestCaseExecutor.processExecutionPhase(TestCaseExecutor.java:264)
	at com.kms.katalon.core.main.TestCaseExecutor.accessMainPhase(TestCaseExecutor.java:256)
	at com.kms.katalon.core.main.TestCaseExecutor.execute(TestCaseExecutor.java:200)
	at com.kms.katalon.core.main.TestCaseMain.runTestCase(TestCaseMain.java:99)
	at com.kms.katalon.core.keyword.builtin.CallTestCaseKeyword$_callTestCase_closure1.doCall(CallTestCaseKeyword.groovy:60)
	at com.kms.katalon.core.keyword.builtin.CallTestCaseKeyword$_callTestCase_closure1.call(CallTestCaseKeyword.groovy)
	at com.kms.katalon.core.keyword.internal.KeywordMain.runKeyword(KeywordMain.groovy:54)
	at com.kms.katalon.core.keyword.builtin.CallTestCaseKeyword.callTestCase(CallTestCaseKeyword.groovy:81)
	at com.kms.katalon.core.keyword.builtin.CallTestCaseKeyword.execute(CallTestCaseKeyword.groovy:45)
	at com.kms.katalon.core.keyword.internal.KeywordExecutor.executeKeywordForPlatform(KeywordExecutor.groovy:53)
	at com.kms.katalon.core.keyword.BuiltinKeywords.callTestCase(BuiltinKeywords.groovy:334)
	at sun.reflect.GeneratedMethodAccessor13.invoke(Unknown Source)
	at sun.reflect.DelegatingMethodAccessorImpl.invoke(DelegatingMethodAccessorImpl.java:43)
	at java.lang.reflect.Method.invoke(Method.java:498)
	at org.codehaus.groovy.reflection.CachedMethod.invoke(CachedMethod.java:93)
	at groovy.lang.MetaMethod.doMethodInvoke(MetaMethod.java:325)
	at groovy.lang.MetaClassImpl.invokeStaticMethod(MetaClassImpl.java:1469)
	at org.codehaus.groovy.runtime.callsite.StaticMetaClassSite.call(StaticMetaClassSite.java:53)
	at org.codehaus.groovy.runtime.callsite.AbstractCallSite.call(AbstractCallSite.java:141)
	at Script1537866031818.run(Script1537866031818.groovy:69)
	at com.kms.katalon.core.main.ScriptEngine.run(ScriptEngine.java:183)
	at com.kms.katalon.core.main.ScriptEngine.runScriptAsRawText(ScriptEngine.java:108)
	at com.kms.katalon.core.main.TestCaseExecutor.runScript(TestCaseExecutor.java:294)
	at com.kms.katalon.core.main.TestCaseExecutor.doExecute(TestCaseExecutor.java:285)
	at com.kms.katalon.core.main.TestCaseExecutor.processExecutionPhase(TestCaseExecutor.java:264)
	at com.kms.katalon.core.main.TestCaseExecutor.accessMainPhase(TestCaseExecutor.java:256)
	at com.kms.katalon.core.main.TestCaseExecutor.execute(TestCaseExecutor.java:200)
	at com.kms.katalon.core.main.TestCaseMain.runTestCase(TestCaseMain.java:99)
	at com.kms.katalon.core.keyword.builtin.CallTestCaseKeyword$_callTestCase_closure1.doCall(CallTestCaseKeyword.groovy:60)
	at com.kms.katalon.core.keyword.builtin.CallTestCaseKeyword$_callTestCase_closure1.call(CallTestCaseKeyword.groovy)
	at com.kms.katalon.core.keyword.internal.KeywordMain.runKeyword(KeywordMain.groovy:54)
	at com.kms.katalon.core.keyword.builtin.CallTestCaseKeyword.callTestCase(CallTestCaseKeyword.groovy:81)
	at com.kms.katalon.core.keyword.builtin.CallTestCaseKeyword.execute(CallTestCaseKeyword.groovy:45)
	at com.kms.katalon.core.keyword.internal.KeywordExecutor.executeKeywordForPlatform(KeywordExecutor.groovy:53)
	at com.kms.katalon.core.keyword.BuiltinKeywords.callTestCase(BuiltinKeywords.groovy:334)
	at sun.reflect.GeneratedMethodAccessor13.invoke(Unknown Source)
	at sun.reflect.DelegatingMethodAccessorImpl.invoke(DelegatingMethodAccessorImpl.java:43)
	at java.lang.reflect.Method.invoke(Method.java:498)
	at org.codehaus.groovy.reflection.CachedMethod.invoke(CachedMethod.java:93)
	at groovy.lang.MetaMethod.doMethodInvoke(MetaMethod.java:325)
	at groovy.lang.MetaClassImpl.invokeStaticMethod(MetaClassImpl.java:1469)
	at org.codehaus.groovy.runtime.callsite.StaticMetaClassSite.call(StaticMetaClassSite.java:53)
	at org.codehaus.groovy.runtime.callsite.CallSiteArray.defaultCall(CallSiteArray.java:48)
	at org.codehaus.groovy.runtime.callsite.AbstractCallSite.call(AbstractCallSite.java:113)
	at org.codehaus.groovy.runtime.callsite.AbstractCallSite.call(AbstractCallSite.java:141)
	at Script1536300508627.run(Script1536300508627.groovy:24)
	at com.kms.katalon.core.main.ScriptEngine.run(ScriptEngine.java:183)
	at com.kms.katalon.core.main.ScriptEngine.runScriptAsRawText(ScriptEngine.java:108)
	at com.kms.katalon.core.main.TestCaseExecutor.runScript(TestCaseExecutor.java:294)
	at com.kms.katalon.core.main.TestCaseExecutor.doExecute(TestCaseExecutor.java:285)
	at com.kms.katalon.core.main.TestCaseExecutor.processExecutionPhase(TestCaseExecutor.java:264)
	at com.kms.katalon.core.main.TestCaseExecutor.accessMainPhase(TestCaseExecutor.java:256)
	at com.kms.katalon.core.main.TestCaseExecutor.execute(TestCaseExecutor.java:200)
	at com.kms.katalon.core.main.TestSuiteExecutor.accessTestCaseMainPhase(TestSuiteExecutor.java:129)
	at com.kms.katalon.core.main.TestSuiteExecutor.accessTestSuiteMainPhase(TestSuiteExecutor.java:112)
	at com.kms.katalon.core.main.TestSuiteExecutor.execute(TestSuiteExecutor.java:81)
	at com.kms.katalon.core.main.TestCaseMain.startTestSuite(TestCaseMain.java:142)
	at com.kms.katalon.core.main.TestCaseMain$startTestSuite$0.call(Unknown Source)
	at org.codehaus.groovy.runtime.callsite.CallSiteArray.defaultCall(CallSiteArray.java:48)
	at org.codehaus.groovy.runtime.callsite.AbstractCallSite.call(AbstractCallSite.java:113)
	at org.codehaus.groovy.runtime.callsite.AbstractCallSite.call(AbstractCallSite.java:141)
	at TempTestSuite1541781047348.run(TempTestSuite1541781047348.groovy:36)
	at groovy.lang.GroovyShell.runScriptOrMainOrTestOrRunnable(GroovyShell.java:263)
	at groovy.lang.GroovyShell.run(GroovyShell.java:518)
	at groovy.lang.GroovyShell.run(GroovyShell.java:507)
	at groovy.ui.GroovyMain.processOnce(GroovyMain.java:653)
	at groovy.ui.GroovyMain.run(GroovyMain.java:384)
	at groovy.ui.GroovyMain.process(GroovyMain.java:370)
	at groovy.ui.GroovyMain.processArgs(GroovyMain.java:129)
	at groovy.ui.GroovyMain.main(GroovyMain.java:109)
	at sun.reflect.NativeMethodAccessorImpl.invoke0(Native Method)
	at sun.reflect.NativeMethodAccessorImpl.invoke(NativeMethodAccessorImpl.java:62)
	at sun.reflect.DelegatingMethodAccessorImpl.invoke(DelegatingMethodAccessorImpl.java:43)
	at java.lang.reflect.Method.invoke(Method.java:498)
	at org.codehaus.groovy.tools.GroovyStarter.rootLoader(GroovyStarter.java:109)
	at org.codehaus.groovy.tools.GroovyStarter.main(GroovyStarter.java:131)
)

2018-11-10 00:59:15 - [TEST_STEP][PASSED] - openBrowser: Browser is opened with url: ''

2018-11-10 00:59:15 - [MESSAGE][WARNING] - A browser is already opened. Closing browser and opening a new one

2018-11-10 00:59:19 - [MESSAGE][PASSED] - Browser is opened with url: ''

2018-11-10 00:59:19 - [TEST_STEP][PASSED] - navigateToUrl: Navigate to 'https://assist2-uat.perkeso.gov.my/login' successfully

2018-11-10 00:59:22 - [MESSAGE][PASSED] - Navigate to 'https://assist2-uat.perkeso.gov.my/login' successfully

2018-11-10 00:59:22 - [TEST_STEP][PASSED] - setText: Text 'johorotc1@gmail.com' is set on object 'Object Repository/Final Object Repo/Login Page/Internal User/Email Address'

2018-11-10 00:59:22 - [MESSAGE][PASSED] - Text 'johorotc1@gmail.com' is set on object 'Object Repository/Final Object Repo/Login Page/Internal User/Email Address'

2018-11-10 00:59:22 - [TEST_STEP][PASSED] - click: Object: 'Object Repository/Final Object Repo/Login Page/Internal User/Next Button' is clicked on

2018-11-10 00:59:22 - [MESSAGE][PASSED] - Object: 'Object Repository/Final Object Repo/Login Page/Internal User/Next Button' is clicked on

2018-11-10 00:59:22 - [TEST_STEP][PASSED] - delay: Delayed 1 second(s)

2018-11-10 00:59:23 - [MESSAGE][PASSED] - Delayed 1 second(s)

2018-11-10 00:59:23 - [TEST_STEP][PASSED] - setEncryptedText: Text ****** has been set on object 'Object Repository/Final Object Repo/Login Page/Internal User/Password'

2018-11-10 00:59:23 - [MESSAGE][PASSED] - Text ****** has been set on object 'Object Repository/Final Object Repo/Login Page/Internal User/Password'

2018-11-10 00:59:23 - [TEST_STEP][PASSED] - click: Object: 'Object Repository/Final Object Repo/Login Page/Internal User/Login Button' is clicked on

2018-11-10 00:59:26 - [MESSAGE][PASSED] - Object: 'Object Repository/Final Object Repo/Login Page/Internal User/Login Button' is clicked on

2018-11-10 00:59:26 - [TEST_STEP][PASSED] - delay: Delayed 1 second(s)

2018-11-10 00:59:27 - [MESSAGE][PASSED] - Delayed 1 second(s)

2018-11-10 00:59:27 - [TEST_STEP][PASSED] - navigateToUrl: Navigate to 'https://assist2-uat.perkeso.gov.my/web/registration/search/search-pending-case-for-add-supporting-document' successfully

2018-11-10 00:59:28 - [MESSAGE][PASSED] - Navigate to 'https://assist2-uat.perkeso.gov.my/web/registration/search/search-pending-case-for-add-supporting-document' successfully

2018-11-10 00:59:28 - [TEST_STEP][PASSED] - click: Object: 'Object Repository/Final Object Repo/Page_Search Pending Case For Add Suporting Document/Search By' is clicked on

2018-11-10 00:59:28 - [MESSAGE][PASSED] - Object: 'Object Repository/Final Object Repo/Page_Search Pending Case For Add Suporting Document/Search By' is clicked on

2018-11-10 00:59:28 - [TEST_STEP][PASSED] - click: Object: 'Object Repository/Final Object Repo/Page_Search Pending Case For Add Suporting Document/Search By - Reference ID' is clicked on

2018-11-10 00:59:29 - [MESSAGE][PASSED] - Object: 'Object Repository/Final Object Repo/Page_Search Pending Case For Add Suporting Document/Search By - Reference ID' is clicked on

2018-11-10 00:59:29 - [TEST_STEP][PASSED] - delay: Delayed 2 second(s)

2018-11-10 00:59:31 - [MESSAGE][PASSED] - Delayed 2 second(s)

2018-11-10 00:59:31 - [TEST_STEP][PASSED] - setText: Text 'SSN11201800001125' is set on object 'Object Repository/Final Object Repo/Page_Search Pending Case For Add Suporting Document/Reference ID'

2018-11-10 00:59:31 - [MESSAGE][PASSED] - Text 'SSN11201800001125' is set on object 'Object Repository/Final Object Repo/Page_Search Pending Case For Add Suporting Document/Reference ID'

2018-11-10 00:59:31 - [TEST_STEP][PASSED] - click: Object: 'Object Repository/Final Object Repo/Page_Search Pending Case For Add Suporting Document/Search' is clicked on

2018-11-10 00:59:33 - [MESSAGE][PASSED] - Object: 'Object Repository/Final Object Repo/Page_Search Pending Case For Add Suporting Document/Search' is clicked on

2018-11-10 00:59:33 - [TEST_STEP][PASSED] - delay: Delayed 2 second(s)

2018-11-10 00:59:35 - [MESSAGE][PASSED] - Delayed 2 second(s)

2018-11-10 00:59:35 - [TEST_STEP][PASSED] - click: Object: 'Object Repository/Final Object Repo/Page_Search Pending Case For Add Suporting Document/Edit' is clicked on

2018-11-10 00:59:42 - [MESSAGE][PASSED] - Object: 'Object Repository/Final Object Repo/Page_Search Pending Case For Add Suporting Document/Edit' is clicked on

2018-11-10 00:59:42 - [TEST_STEP][PASSED] - delay: Delayed 2 second(s)

2018-11-10 00:59:44 - [MESSAGE][PASSED] - Delayed 2 second(s)

2018-11-10 00:59:44 - [TEST_STEP][PASSED] - click: Object: 'Object Repository/Final Object Repo/Page_Request SSN - ASSIST/Page_Request SSN - ASSIST - RO/Page_Request SSN - ASSIST (Query -OTC -RO)/Next' is clicked on

2018-11-10 00:59:48 - [MESSAGE][PASSED] - Object: 'Object Repository/Final Object Repo/Page_Request SSN - ASSIST/Page_Request SSN - ASSIST - RO/Page_Request SSN - ASSIST (Query -OTC -RO)/Next' is clicked on

2018-11-10 00:59:48 - [TEST_STEP][PASSED] - delay: Delayed 2 second(s)

2018-11-10 00:59:50 - [MESSAGE][PASSED] - Delayed 2 second(s)

2018-11-10 00:59:50 - [TEST_STEP][PASSED] - click: Object: 'Object Repository/Final Object Repo/Page_Request SSN - ASSIST/Add Document Button' is clicked on

2018-11-10 00:59:50 - [MESSAGE][PASSED] - Object: 'Object Repository/Final Object Repo/Page_Request SSN - ASSIST/Add Document Button' is clicked on

2018-11-10 00:59:50 - [TEST_STEP][PASSED] - delay: Delayed 2 second(s)

2018-11-10 00:59:52 - [MESSAGE][PASSED] - Delayed 2 second(s)

2018-11-10 00:59:52 - [TEST_STEP][FAILED] - click: Unable to click on object 'Object Repository/Final Object Repo/Page_Request SSN - ASSIST/Document Type' (Root cause: org.openqa.selenium.ElementClickInterceptedException: Element <span class="select2-selection select2-selection--single"> is not clickable at point (482.4833221435547,201.56666564941406) because another element <div class="blockUI blockOverlay"> obscures it
Build info: version: '3.9.1', revision: '63f7b50', time: '2018-02-07T22:42:28.403Z'
System info: host: 'WEIZHENG', ip: '192.168.137.1', os.name: 'Windows 7', os.arch: 'amd64', os.version: '6.1', java.version: '1.8.0_181'
Driver info: com.kms.katalon.core.webui.driver.firefox.CGeckoDriver
Capabilities {acceptInsecureCerts: true, browserName: firefox, browserVersion: 63.0.1, javascriptEnabled: true, moz:accessibilityChecks: false, moz:geckodriverVersion: 0.23.0, moz:headless: false, moz:processID: 1620, moz:profile: C:\Users\Wei Zheng\AppData\..., moz:useNonSpecCompliantPointerOrigin: false, moz:webdriverClick: true, pageLoadStrategy: normal, platform: WINDOWS, platformName: WINDOWS, platformVersion: 6.1, proxy: Proxy(direct), rotatable: false, setWindowRect: true, timeouts: {implicit: 0, pageLoad: 300000, script: 30000}, unhandledPromptBehavior: dismiss and notify}
Session ID: 7f458519-ab2e-499a-be19-ed4bacf088ec)

2018-11-10 00:59:54 - [MESSAGE][FAILED] - Unable to click on object 'Object Repository/Final Object Repo/Page_Request SSN - ASSIST/Document Type' (Root cause: org.openqa.selenium.ElementClickInterceptedException: Element <span class="select2-selection select2-selection--single"> is not clickable at point (482.4833221435547,201.56666564941406) because another element <div class="blockUI blockOverlay"> obscures it
Build info: version: '3.9.1', revision: '63f7b50', time: '2018-02-07T22:42:28.403Z'
System info: host: 'WEIZHENG', ip: '192.168.137.1', os.name: 'Windows 7', os.arch: 'amd64', os.version: '6.1', java.version: '1.8.0_181'
Driver info: com.kms.katalon.core.webui.driver.firefox.CGeckoDriver
Capabilities {acceptInsecureCerts: true, browserName: firefox, browserVersion: 63.0.1, javascriptEnabled: true, moz:accessibilityChecks: false, moz:geckodriverVersion: 0.23.0, moz:headless: false, moz:processID: 1620, moz:profile: C:\Users\Wei Zheng\AppData\..., moz:useNonSpecCompliantPointerOrigin: false, moz:webdriverClick: true, pageLoadStrategy: normal, platform: WINDOWS, platformName: WINDOWS, platformVersion: 6.1, proxy: Proxy(direct), rotatable: false, setWindowRect: true, timeouts: {implicit: 0, pageLoad: 300000, script: 30000}, unhandledPromptBehavior: dismiss and notify}
Session ID: 7f458519-ab2e-499a-be19-ed4bacf088ec)
[[ATTACHMENT|C:\\Users\\LENOVO\\Katalon Studio\\Perkeso Phase A\\Reports\\Workflow\\Request SSN\\20181110_003047\\1541782794012.png]]

2018-11-10 00:59:54 - [TEST_STEP][FAILED] - click: Unable to click on object 'Object Repository/Final Object Repo/Page_Request SSN - ASSIST/Document Type - Birth Certificate' (Root cause: com.kms.katalon.core.webui.exception.WebElementNotFoundException: Web element with id: 'Object Repository/Final Object Repo/Page_Request SSN - ASSIST/Document Type - Birth Certificate' located by 'By.xpath: //span[(text() = '


	Birth Certificate Applicant
' or . = '


	Birth Certificate Applicant
')]' not found)

2018-11-10 01:00:26 - [MESSAGE][FAILED] - Unable to click on object 'Object Repository/Final Object Repo/Page_Request SSN - ASSIST/Document Type - Birth Certificate' (Root cause: com.kms.katalon.core.webui.exception.WebElementNotFoundException: Web element with id: 'Object Repository/Final Object Repo/Page_Request SSN - ASSIST/Document Type - Birth Certificate' located by 'By.xpath: //span[(text() = '


	Birth Certificate Applicant
' or . = '


	Birth Certificate Applicant
')]' not found)
[[ATTACHMENT|C:\\Users\\LENOVO\\Katalon Studio\\Perkeso Phase A\\Reports\\Workflow\\Request SSN\\20181110_003047\\1541782826172.png]]

2018-11-10 01:00:26 - [TEST_STEP][PASSED] - sendKeys: Keys 'C:\Users\Public\Pictures\Sample Pictures\Act.jpg' sent to object: 'Object Repository/Final Object Repo/Page_Request SSN - ASSIST/Upload File'

2018-11-10 01:00:26 - [MESSAGE][PASSED] - Keys 'C:\Users\Public\Pictures\Sample Pictures\Act.jpg' sent to object: 'Object Repository/Final Object Repo/Page_Request SSN - ASSIST/Upload File'

2018-11-10 01:00:26 - [TEST_STEP][PASSED] - click: Object: 'Object Repository/Final Object Repo/Page_Request SSN - ASSIST/Add Document' is clicked on

2018-11-10 01:00:26 - [MESSAGE][PASSED] - Object: 'Object Repository/Final Object Repo/Page_Request SSN - ASSIST/Add Document' is clicked on

2018-11-10 01:00:26 - [TEST_STEP][PASSED] - delay: Delayed 2 second(s)

2018-11-10 01:00:28 - [MESSAGE][PASSED] - Delayed 2 second(s)

2018-11-10 01:00:28 - [TEST_STEP][FAILED] - click: Unable to click on object 'Object Repository/Final Object Repo/Page_Request SSN - ASSIST/Page_Request SSN - ASSIST - RO/Page_Request SSN - ASSIST (Query -OTC -RO)/Exit' (Root cause: org.openqa.selenium.ElementClickInterceptedException: Element <a id="_ssn_WAR_registrationportlet_exitBtnId" class="btn btn-lg blueBtn col-md-2 pull-right" href="https://assist2-uat.perkeso.gov.my/web/registration/search/search-pending-case-for-add-supporting-document?p_p_id=ssn&p_p_lifecycle=0&p_p_col_id=column-1&p_p_col_count=1"> is not clickable at point (1150.3749542236328,626.4500122070312) because another element <div id="yui_patched_v3_11_0_1_1541782787839_409" class="col-md-12"> obscures it
Build info: version: '3.9.1', revision: '63f7b50', time: '2018-02-07T22:42:28.403Z'
System info: host: 'WEIZHENG', ip: '192.168.137.1', os.name: 'Windows 7', os.arch: 'amd64', os.version: '6.1', java.version: '1.8.0_181'
Driver info: com.kms.katalon.core.webui.driver.firefox.CGeckoDriver
Capabilities {acceptInsecureCerts: true, browserName: firefox, browserVersion: 63.0.1, javascriptEnabled: true, moz:accessibilityChecks: false, moz:geckodriverVersion: 0.23.0, moz:headless: false, moz:processID: 1620, moz:profile: C:\Users\Wei Zheng\AppData\..., moz:useNonSpecCompliantPointerOrigin: false, moz:webdriverClick: true, pageLoadStrategy: normal, platform: WINDOWS, platformName: WINDOWS, platformVersion: 6.1, proxy: Proxy(direct), rotatable: false, setWindowRect: true, timeouts: {implicit: 0, pageLoad: 300000, script: 30000}, unhandledPromptBehavior: dismiss and notify}
Session ID: 7f458519-ab2e-499a-be19-ed4bacf088ec)

2018-11-10 01:00:28 - [MESSAGE][FAILED] - Unable to click on object 'Object Repository/Final Object Repo/Page_Request SSN - ASSIST/Page_Request SSN - ASSIST - RO/Page_Request SSN - ASSIST (Query -OTC -RO)/Exit' (Root cause: org.openqa.selenium.ElementClickInterceptedException: Element <a id="_ssn_WAR_registrationportlet_exitBtnId" class="btn btn-lg blueBtn col-md-2 pull-right" href="https://assist2-uat.perkeso.gov.my/web/registration/search/search-pending-case-for-add-supporting-document?p_p_id=ssn&p_p_lifecycle=0&p_p_col_id=column-1&p_p_col_count=1"> is not clickable at point (1150.3749542236328,626.4500122070312) because another element <div id="yui_patched_v3_11_0_1_1541782787839_409" class="col-md-12"> obscures it
Build info: version: '3.9.1', revision: '63f7b50', time: '2018-02-07T22:42:28.403Z'
System info: host: 'WEIZHENG', ip: '192.168.137.1', os.name: 'Windows 7', os.arch: 'amd64', os.version: '6.1', java.version: '1.8.0_181'
Driver info: com.kms.katalon.core.webui.driver.firefox.CGeckoDriver
Capabilities {acceptInsecureCerts: true, browserName: firefox, browserVersion: 63.0.1, javascriptEnabled: true, moz:accessibilityChecks: false, moz:geckodriverVersion: 0.23.0, moz:headless: false, moz:processID: 1620, moz:profile: C:\Users\Wei Zheng\AppData\..., moz:useNonSpecCompliantPointerOrigin: false, moz:webdriverClick: true, pageLoadStrategy: normal, platform: WINDOWS, platformName: WINDOWS, platformVersion: 6.1, proxy: Proxy(direct), rotatable: false, setWindowRect: true, timeouts: {implicit: 0, pageLoad: 300000, script: 30000}, unhandledPromptBehavior: dismiss and notify}
Session ID: 7f458519-ab2e-499a-be19-ed4bacf088ec)
[[ATTACHMENT|C:\\Users\\LENOVO\\Katalon Studio\\Perkeso Phase A\\Reports\\Workflow\\Request SSN\\20181110_003047\\1541782828724.png]]

2018-11-10 01:00:28 - [TEST_STEP][PASSED] - delay: Delayed 2 second(s)

2018-11-10 01:00:30 - [MESSAGE][PASSED] - Delayed 2 second(s)

2018-11-10 01:00:30 - [TEST_STEP][PASSED] - navigateToUrl: Navigate to 'https://assist2-uat.perkeso.gov.my/c/portal/logout' successfully

2018-11-10 01:00:31 - [MESSAGE][PASSED] - Navigate to 'https://assist2-uat.perkeso.gov.my/c/portal/logout' successfully

2018-11-10 01:00:31 - [TEST_STEP][PASSED] - delay: Delayed 2 second(s)

2018-11-10 01:00:33 - [MESSAGE][PASSED] - Delayed 2 second(s)

2018-11-10 01:00:33 - [TEST_STEP][PASSED] - callTestCase: null

2018-11-10 01:00:33 - [MESSAGE][FAILED] - Unable to call Test Case with id 'Test Cases/Final Aug 2018 - PKS Automation/Registration Module/Workflow/Request SSN/Template/Request SSN  RO (Approve after Query)' (Root cause: Call Test Case 'Test Cases/Final Aug 2018 - PKS Automation/Registration Module/Workflow/Request SSN/Template/Request SSN  RO (Approve after Query)' failed)

2018-11-10 01:00:33 - [MESSAGE][FAILED] - Unable to call Test Case with id 'Test Cases/Final Aug 2018 - PKS Automation/Registration Module/Workflow/Request SSN/Template/Request SSN RIO - RO (Query)' (Root cause: Call Test Case 'Test Cases/Final Aug 2018 - PKS Automation/Registration Module/Workflow/Request SSN/Template/Request SSN RIO - RO (Query)' failed)]]></system-out>
         <system-err><![CDATA[2018-11-10 00:52:57 - [TEST_CASE][FAILED] - Test Cases/Final Aug 2018 - PKS Automation/Registration Module/Workflow/Request SSN/PKRBO - RIO - RO (Query): Test Cases/Final Aug 2018 - PKS Automation/Registration Module/Workflow/Request SSN/PKRBO - RIO - RO (Query) FAILED because (of) (Stack trace: com.kms.katalon.core.exception.StepFailedException: Unable to click on object 'Object Repository/Final Object Repo/Page_Request SSN - ASSIST/Document Type' (Root cause: org.openqa.selenium.ElementClickInterceptedException: Element <span class="select2-selection select2-selection--single"> is not clickable at point (482.4833221435547,201.56666564941406) because another element <div class="blockUI blockOverlay"> obscures it
Build info: version: '3.9.1', revision: '63f7b50', time: '2018-02-07T22:42:28.403Z'
System info: host: 'WEIZHENG', ip: '192.168.137.1', os.name: 'Windows 7', os.arch: 'amd64', os.version: '6.1', java.version: '1.8.0_181'
Driver info: com.kms.katalon.core.webui.driver.firefox.CGeckoDriver
Capabilities {acceptInsecureCerts: true, browserName: firefox, browserVersion: 63.0.1, javascriptEnabled: true, moz:accessibilityChecks: false, moz:geckodriverVersion: 0.23.0, moz:headless: false, moz:processID: 1620, moz:profile: C:\Users\Wei Zheng\AppData\..., moz:useNonSpecCompliantPointerOrigin: false, moz:webdriverClick: true, pageLoadStrategy: normal, platform: WINDOWS, platformName: WINDOWS, platformVersion: 6.1, proxy: Proxy(direct), rotatable: false, setWindowRect: true, timeouts: {implicit: 0, pageLoad: 300000, script: 30000}, unhandledPromptBehavior: dismiss and notify}
Session ID: 7f458519-ab2e-499a-be19-ed4bacf088ec)
	at com.kms.katalon.core.keyword.internal.KeywordMain.stepFailed(KeywordMain.groovy:32)
	at com.kms.katalon.core.webui.keyword.internal.WebUIKeywordMain.stepFailed(WebUIKeywordMain.groovy:65)
	at com.kms.katalon.core.webui.keyword.internal.WebUIKeywordMain.runKeyword(WebUIKeywordMain.groovy:27)
	at com.kms.katalon.core.webui.keyword.builtin.ClickKeyword.click(ClickKeyword.groovy:86)
	at com.kms.katalon.core.webui.keyword.builtin.ClickKeyword.execute(ClickKeyword.groovy:67)
	at com.kms.katalon.core.keyword.internal.KeywordExecutor.executeKeywordForPlatform(KeywordExecutor.groovy:53)
	at com.kms.katalon.core.webui.keyword.WebUiBuiltInKeywords.click(WebUiBuiltInKeywords.groovy:616)
	at com.kms.katalon.core.webui.keyword.WebUiBuiltInKeywords$click$2.call(Unknown Source)
	at Script1537866257782.run(Script1537866257782.groovy:64)
	at com.kms.katalon.core.main.ScriptEngine.run(ScriptEngine.java:183)
	at com.kms.katalon.core.main.ScriptEngine.runScriptAsRawText(ScriptEngine.java:108)
	at com.kms.katalon.core.main.TestCaseExecutor.runScript(TestCaseExecutor.java:294)
	at com.kms.katalon.core.main.TestCaseExecutor.doExecute(TestCaseExecutor.java:285)
	at com.kms.katalon.core.main.TestCaseExecutor.processExecutionPhase(TestCaseExecutor.java:264)
	at com.kms.katalon.core.main.TestCaseExecutor.accessMainPhase(TestCaseExecutor.java:256)
	at com.kms.katalon.core.main.TestCaseExecutor.execute(TestCaseExecutor.java:200)
	at com.kms.katalon.core.main.TestCaseMain.runTestCase(TestCaseMain.java:99)
	at com.kms.katalon.core.keyword.builtin.CallTestCaseKeyword$_callTestCase_closure1.doCall(CallTestCaseKeyword.groovy:60)
	at com.kms.katalon.core.keyword.builtin.CallTestCaseKeyword$_callTestCase_closure1.call(CallTestCaseKeyword.groovy)
	at com.kms.katalon.core.keyword.internal.KeywordMain.runKeyword(KeywordMain.groovy:54)
	at com.kms.katalon.core.keyword.builtin.CallTestCaseKeyword.callTestCase(CallTestCaseKeyword.groovy:81)
	at com.kms.katalon.core.keyword.builtin.CallTestCaseKeyword.execute(CallTestCaseKeyword.groovy:45)
	at com.kms.katalon.core.keyword.internal.KeywordExecutor.executeKeywordForPlatform(KeywordExecutor.groovy:53)
	at com.kms.katalon.core.keyword.BuiltinKeywords.callTestCase(BuiltinKeywords.groovy:334)
	at sun.reflect.GeneratedMethodAccessor13.invoke(Unknown Source)
	at sun.reflect.DelegatingMethodAccessorImpl.invoke(DelegatingMethodAccessorImpl.java:43)
	at java.lang.reflect.Method.invoke(Method.java:498)
	at org.codehaus.groovy.reflection.CachedMethod.invoke(CachedMethod.java:93)
	at groovy.lang.MetaMethod.doMethodInvoke(MetaMethod.java:325)
	at groovy.lang.MetaClassImpl.invokeStaticMethod(MetaClassImpl.java:1469)
	at org.codehaus.groovy.runtime.callsite.StaticMetaClassSite.call(StaticMetaClassSite.java:53)
	at org.codehaus.groovy.runtime.callsite.AbstractCallSite.call(AbstractCallSite.java:141)
	at Script1537866031818.run(Script1537866031818.groovy:69)
	at com.kms.katalon.core.main.ScriptEngine.run(ScriptEngine.java:183)
	at com.kms.katalon.core.main.ScriptEngine.runScriptAsRawText(ScriptEngine.java:108)
	at com.kms.katalon.core.main.TestCaseExecutor.runScript(TestCaseExecutor.java:294)
	at com.kms.katalon.core.main.TestCaseExecutor.doExecute(TestCaseExecutor.java:285)
	at com.kms.katalon.core.main.TestCaseExecutor.processExecutionPhase(TestCaseExecutor.java:264)
	at com.kms.katalon.core.main.TestCaseExecutor.accessMainPhase(TestCaseExecutor.java:256)
	at com.kms.katalon.core.main.TestCaseExecutor.execute(TestCaseExecutor.java:200)
	at com.kms.katalon.core.main.TestCaseMain.runTestCase(TestCaseMain.java:99)
	at com.kms.katalon.core.keyword.builtin.CallTestCaseKeyword$_callTestCase_closure1.doCall(CallTestCaseKeyword.groovy:60)
	at com.kms.katalon.core.keyword.builtin.CallTestCaseKeyword$_callTestCase_closure1.call(CallTestCaseKeyword.groovy)
	at com.kms.katalon.core.keyword.internal.KeywordMain.runKeyword(KeywordMain.groovy:54)
	at com.kms.katalon.core.keyword.builtin.CallTestCaseKeyword.callTestCase(CallTestCaseKeyword.groovy:81)
	at com.kms.katalon.core.keyword.builtin.CallTestCaseKeyword.execute(CallTestCaseKeyword.groovy:45)
	at com.kms.katalon.core.keyword.internal.KeywordExecutor.executeKeywordForPlatform(KeywordExecutor.groovy:53)
	at com.kms.katalon.core.keyword.BuiltinKeywords.callTestCase(BuiltinKeywords.groovy:334)
	at sun.reflect.GeneratedMethodAccessor13.invoke(Unknown Source)
	at sun.reflect.DelegatingMethodAccessorImpl.invoke(DelegatingMethodAccessorImpl.java:43)
	at java.lang.reflect.Method.invoke(Method.java:498)
	at org.codehaus.groovy.reflection.CachedMethod.invoke(CachedMethod.java:93)
	at groovy.lang.MetaMethod.doMethodInvoke(MetaMethod.java:325)
	at groovy.lang.MetaClassImpl.invokeStaticMethod(MetaClassImpl.java:1469)
	at org.codehaus.groovy.runtime.callsite.StaticMetaClassSite.call(StaticMetaClassSite.java:53)
	at org.codehaus.groovy.runtime.callsite.CallSiteArray.defaultCall(CallSiteArray.java:48)
	at org.codehaus.groovy.runtime.callsite.AbstractCallSite.call(AbstractCallSite.java:113)
	at org.codehaus.groovy.runtime.callsite.AbstractCallSite.call(AbstractCallSite.java:141)
	at Script1536300508627.run(Script1536300508627.groovy:24)
	at com.kms.katalon.core.main.ScriptEngine.run(ScriptEngine.java:183)
	at com.kms.katalon.core.main.ScriptEngine.runScriptAsRawText(ScriptEngine.java:108)
	at com.kms.katalon.core.main.TestCaseExecutor.runScript(TestCaseExecutor.java:294)
	at com.kms.katalon.core.main.TestCaseExecutor.doExecute(TestCaseExecutor.java:285)
	at com.kms.katalon.core.main.TestCaseExecutor.processExecutionPhase(TestCaseExecutor.java:264)
	at com.kms.katalon.core.main.TestCaseExecutor.accessMainPhase(TestCaseExecutor.java:256)
	at com.kms.katalon.core.main.TestCaseExecutor.execute(TestCaseExecutor.java:200)
	at com.kms.katalon.core.main.TestSuiteExecutor.accessTestCaseMainPhase(TestSuiteExecutor.java:129)
	at com.kms.katalon.core.main.TestSuiteExecutor.accessTestSuiteMainPhase(TestSuiteExecutor.java:112)
	at com.kms.katalon.core.main.TestSuiteExecutor.execute(TestSuiteExecutor.java:81)
	at com.kms.katalon.core.main.TestCaseMain.startTestSuite(TestCaseMain.java:142)
	at com.kms.katalon.core.main.TestCaseMain$startTestSuite$0.call(Unknown Source)
	at org.codehaus.groovy.runtime.callsite.CallSiteArray.defaultCall(CallSiteArray.java:48)
	at org.codehaus.groovy.runtime.callsite.AbstractCallSite.call(AbstractCallSite.java:113)
	at org.codehaus.groovy.runtime.callsite.AbstractCallSite.call(AbstractCallSite.java:141)
	at TempTestSuite1541781047348.run(TempTestSuite1541781047348.groovy:36)
	at groovy.lang.GroovyShell.runScriptOrMainOrTestOrRunnable(GroovyShell.java:263)
	at groovy.lang.GroovyShell.run(GroovyShell.java:518)
	at groovy.lang.GroovyShell.run(GroovyShell.java:507)
	at groovy.ui.GroovyMain.processOnce(GroovyMain.java:653)
	at groovy.ui.GroovyMain.run(GroovyMain.java:384)
	at groovy.ui.GroovyMain.process(GroovyMain.java:370)
	at groovy.ui.GroovyMain.processArgs(GroovyMain.java:129)
	at groovy.ui.GroovyMain.main(GroovyMain.java:109)
	at sun.reflect.NativeMethodAccessorImpl.invoke0(Native Method)
	at sun.reflect.NativeMethodAccessorImpl.invoke(NativeMethodAccessorImpl.java:62)
	at sun.reflect.DelegatingMethodAccessorImpl.invoke(DelegatingMethodAccessorImpl.java:43)
	at java.lang.reflect.Method.invoke(Method.java:498)
	at org.codehaus.groovy.tools.GroovyStarter.rootLoader(GroovyStarter.java:109)
	at org.codehaus.groovy.tools.GroovyStarter.main(GroovyStarter.java:131)
)]]></system-err>
      </testcase>
      <testcase name="Test Cases/Final Aug 2018 - PKS Automation/Registration Module/Workflow/Request SSN/PKRBO - RIO - RO (Under enforcement)" classname="Test Cases/Final Aug 2018 - PKS Automation/Registration Module/Workflow/Request SSN/PKRBO - RIO - RO (Under enforcement)" status="PASSED">
         <system-out><![CDATA[2018-11-10 01:00:33 - [TEST_CASE][PASSED] - Test Cases/Final Aug 2018 - PKS Automation/Registration Module/Workflow/Request SSN/PKRBO - RIO - RO (Under enforcement): Test Cases/Final Aug 2018 - PKS Automation/Registration Module/Workflow/Request SSN/PKRBO - RIO - RO (Under enforcement)

2018-11-10 01:00:34 - [TEST_STEP][PASSED] - callTestCase: Call Test Case 'Test Cases/Final Aug 2018 - PKS Automation/Registration Module/Workflow/Request SSN/Template/Request SSN - PKRBO' successfully

2018-11-10 01:00:34 - [TEST_CASE][PASSED] - Test Cases/Final Aug 2018 - PKS Automation/Registration Module/Workflow/Request SSN/Template/Request SSN - PKRBO: Test Cases/Final Aug 2018 - PKS Automation/Registration Module/Workflow/Request SSN/Template/Request SSN - PKRBO

2018-11-10 01:00:34 - [TEST_STEP][PASSED] - openBrowser: Browser is opened with url: ''

2018-11-10 01:00:34 - [MESSAGE][WARNING] - A browser is already opened. Closing browser and opening a new one

2018-11-10 01:00:38 - [MESSAGE][PASSED] - Browser is opened with url: ''

2018-11-10 01:00:38 - [TEST_STEP][PASSED] - navigateToUrl: Navigate to 'https://assist2-uat.perkeso.gov.my/login' successfully

2018-11-10 01:00:40 - [MESSAGE][PASSED] - Navigate to 'https://assist2-uat.perkeso.gov.my/login' successfully

2018-11-10 01:00:40 - [TEST_STEP][PASSED] - setText: Text 'johorpkrbo1@gmail.com' is set on object 'Object Repository/Final Object Repo/Login Page/Internal User/Email Address'

2018-11-10 01:00:41 - [MESSAGE][PASSED] - Text 'johorpkrbo1@gmail.com' is set on object 'Object Repository/Final Object Repo/Login Page/Internal User/Email Address'

2018-11-10 01:00:41 - [TEST_STEP][PASSED] - click: Object: 'Object Repository/Final Object Repo/Login Page/Internal User/Next Button' is clicked on

2018-11-10 01:00:41 - [MESSAGE][PASSED] - Object: 'Object Repository/Final Object Repo/Login Page/Internal User/Next Button' is clicked on

2018-11-10 01:00:41 - [TEST_STEP][PASSED] - delay: Delayed 1 second(s)

2018-11-10 01:00:42 - [MESSAGE][PASSED] - Delayed 1 second(s)

2018-11-10 01:00:42 - [TEST_STEP][PASSED] - setEncryptedText: Text ****** has been set on object 'Object Repository/Final Object Repo/Login Page/Internal User/Password'

2018-11-10 01:00:42 - [MESSAGE][PASSED] - Text ****** has been set on object 'Object Repository/Final Object Repo/Login Page/Internal User/Password'

2018-11-10 01:00:42 - [TEST_STEP][PASSED] - click: Object: 'Object Repository/Final Object Repo/Login Page/Internal User/Login Button' is clicked on

2018-11-10 01:00:45 - [MESSAGE][PASSED] - Object: 'Object Repository/Final Object Repo/Login Page/Internal User/Login Button' is clicked on

2018-11-10 01:00:45 - [TEST_STEP][PASSED] - delay: Delayed 1 second(s)

2018-11-10 01:00:46 - [MESSAGE][PASSED] - Delayed 1 second(s)

2018-11-10 01:00:46 - [TEST_STEP][PASSED] - navigateToUrl: Navigate to 'https://assist2-uat.perkeso.gov.my/web/registration/request-ssn' successfully

2018-11-10 01:00:52 - [MESSAGE][PASSED] - Navigate to 'https://assist2-uat.perkeso.gov.my/web/registration/request-ssn' successfully

2018-11-10 01:00:52 - [TEST_STEP][PASSED] - setText: Text 'perkeso' is set on object 'Object Repository/Final Object Repo/Page_Request SSN - ASSIST/AI - Name'

2018-11-10 01:00:52 - [MESSAGE][PASSED] - Text 'perkeso' is set on object 'Object Repository/Final Object Repo/Page_Request SSN - ASSIST/AI - Name'

2018-11-10 01:00:52 - [TEST_STEP][PASSED] - click: Object: 'Object Repository/Final Object Repo/Page_Request SSN - ASSIST/AI - DOB' is clicked on

2018-11-10 01:00:53 - [MESSAGE][PASSED] - Object: 'Object Repository/Final Object Repo/Page_Request SSN - ASSIST/AI - DOB' is clicked on

2018-11-10 01:00:53 - [TEST_STEP][PASSED] - selectOptionByValue: All options with value '1995' are selected in object 'Object Repository/Final Object Repo/Page_Request SSN - ASSIST/AI - DOB - Year' 

2018-11-10 01:00:53 - [MESSAGE][PASSED] - All options with value '1995' are selected in object 'Object Repository/Final Object Repo/Page_Request SSN - ASSIST/AI - DOB - Year' 

2018-11-10 01:00:53 - [TEST_STEP][PASSED] - delay: Delayed 3 second(s)

2018-11-10 01:00:56 - [MESSAGE][PASSED] - Delayed 3 second(s)

2018-11-10 01:00:56 - [TEST_STEP][PASSED] - doubleClick: Object: 'Object Repository/Final Object Repo/Page_Request SSN - ASSIST/AI - DOB - Year - Date' is double clicked on

2018-11-10 01:00:57 - [MESSAGE][PASSED] - Object: 'Object Repository/Final Object Repo/Page_Request SSN - ASSIST/AI - DOB - Year - Date' is double clicked on

2018-11-10 01:00:57 - [TEST_STEP][PASSED] - click: Object: 'Object Repository/Final Object Repo/Page_Request SSN - ASSIST/AI - Male' is clicked on

2018-11-10 01:00:57 - [MESSAGE][PASSED] - Object: 'Object Repository/Final Object Repo/Page_Request SSN - ASSIST/AI - Male' is clicked on

2018-11-10 01:00:57 - [TEST_STEP][PASSED] - click: Object: 'Object Repository/Final Object Repo/Page_Request SSN - ASSIST/AI- Race' is clicked on

2018-11-10 01:00:58 - [MESSAGE][PASSED] - Object: 'Object Repository/Final Object Repo/Page_Request SSN - ASSIST/AI- Race' is clicked on

2018-11-10 01:00:58 - [TEST_STEP][PASSED] - click: Object: 'Object Repository/Final Object Repo/Page_Request SSN - ASSIST/AI - Race - Melayu' is clicked on

2018-11-10 01:00:59 - [MESSAGE][PASSED] - Object: 'Object Repository/Final Object Repo/Page_Request SSN - ASSIST/AI - Race - Melayu' is clicked on

2018-11-10 01:00:59 - [TEST_STEP][PASSED] - click: Object: 'Object Repository/Final Object Repo/Page_Request SSN - ASSIST/AI - Religion' is clicked on

2018-11-10 01:00:59 - [MESSAGE][PASSED] - Object: 'Object Repository/Final Object Repo/Page_Request SSN - ASSIST/AI - Religion' is clicked on

2018-11-10 01:00:59 - [TEST_STEP][PASSED] - click: Object: 'Object Repository/Final Object Repo/Page_Request SSN - ASSIST/AI - Religion - Islam' is clicked on

2018-11-10 01:01:00 - [MESSAGE][PASSED] - Object: 'Object Repository/Final Object Repo/Page_Request SSN - ASSIST/AI - Religion - Islam' is clicked on

2018-11-10 01:01:00 - [TEST_STEP][PASSED] - setText: Text '12345' is set on object 'Object Repository/Final Object Repo/Page_Request SSN - ASSIST/AI - Birth Certificate'

2018-11-10 01:01:00 - [MESSAGE][PASSED] - Text '12345' is set on object 'Object Repository/Final Object Repo/Page_Request SSN - ASSIST/AI - Birth Certificate'

2018-11-10 01:01:00 - [TEST_STEP][PASSED] - click: Object: 'Object Repository/Final Object Repo/Page_Request SSN - ASSIST/AI - Nationality' is clicked on

2018-11-10 01:01:01 - [MESSAGE][PASSED] - Object: 'Object Repository/Final Object Repo/Page_Request SSN - ASSIST/AI - Nationality' is clicked on

2018-11-10 01:01:01 - [TEST_STEP][PASSED] - click: Object: 'Object Repository/Final Object Repo/Page_Request SSN - ASSIST/AI - Nationality - Afghanistan' is clicked on

2018-11-10 01:01:02 - [MESSAGE][PASSED] - Object: 'Object Repository/Final Object Repo/Page_Request SSN - ASSIST/AI - Nationality - Afghanistan' is clicked on

2018-11-10 01:01:02 - [TEST_STEP][PASSED] - setText: Text 'PERKESO ADDRESS1' is set on object 'Object Repository/Final Object Repo/Page_Request SSN - ASSIST/AI - Address1'

2018-11-10 01:01:02 - [MESSAGE][PASSED] - Text 'PERKESO ADDRESS1' is set on object 'Object Repository/Final Object Repo/Page_Request SSN - ASSIST/AI - Address1'

2018-11-10 01:01:02 - [TEST_STEP][PASSED] - setText: Text 'PERKESO ADDRESS2' is set on object 'Object Repository/Final Object Repo/Page_Request SSN - ASSIST/AI - Address2'

2018-11-10 01:01:02 - [MESSAGE][PASSED] - Text 'PERKESO ADDRESS2' is set on object 'Object Repository/Final Object Repo/Page_Request SSN - ASSIST/AI - Address2'

2018-11-10 01:01:02 - [TEST_STEP][PASSED] - setText: Text 'PERKESO ADDRESS3' is set on object 'Object Repository/Final Object Repo/Page_Request SSN - ASSIST/AI - Address3'

2018-11-10 01:01:02 - [MESSAGE][PASSED] - Text 'PERKESO ADDRESS3' is set on object 'Object Repository/Final Object Repo/Page_Request SSN - ASSIST/AI - Address3'

2018-11-10 01:01:02 - [TEST_STEP][PASSED] - click: Object: 'Object Repository/Final Object Repo/Page_Request SSN - ASSIST/AI - State' is clicked on

2018-11-10 01:01:03 - [MESSAGE][PASSED] - Object: 'Object Repository/Final Object Repo/Page_Request SSN - ASSIST/AI - State' is clicked on

2018-11-10 01:01:03 - [TEST_STEP][PASSED] - click: Object: 'Object Repository/Final Object Repo/Page_Request SSN - ASSIST/AI - Current Employer State - Johor' is clicked on

2018-11-10 01:01:04 - [MESSAGE][PASSED] - Object: 'Object Repository/Final Object Repo/Page_Request SSN - ASSIST/AI - Current Employer State - Johor' is clicked on

2018-11-10 01:01:04 - [TEST_STEP][PASSED] - click: Object: 'Object Repository/Final Object Repo/Page_Request SSN - ASSIST/AI - City' is clicked on

2018-11-10 01:01:04 - [MESSAGE][PASSED] - Object: 'Object Repository/Final Object Repo/Page_Request SSN - ASSIST/AI - City' is clicked on

2018-11-10 01:01:04 - [TEST_STEP][PASSED] - setText: Text 'JOH' is set on object 'Object Repository/Final Object Repo/Page_Request SSN - ASSIST/AI - City - JOH'

2018-11-10 01:01:04 - [MESSAGE][PASSED] - Text 'JOH' is set on object 'Object Repository/Final Object Repo/Page_Request SSN - ASSIST/AI - City - JOH'

2018-11-10 01:01:04 - [TEST_STEP][PASSED] - delay: Delayed 3 second(s)

2018-11-10 01:01:07 - [MESSAGE][PASSED] - Delayed 3 second(s)

2018-11-10 01:01:07 - [TEST_STEP][PASSED] - click: Object: 'Object Repository/Final Object Repo/Page_Request SSN - ASSIST/AI - City - Johor Bharu' is clicked on

2018-11-10 01:01:08 - [MESSAGE][PASSED] - Object: 'Object Repository/Final Object Repo/Page_Request SSN - ASSIST/AI - City - Johor Bharu' is clicked on

2018-11-10 01:01:08 - [TEST_STEP][PASSED] - click: Object: 'Object Repository/Final Object Repo/Page_Request SSN - ASSIST/AI - Post Code' is clicked on

2018-11-10 01:01:09 - [MESSAGE][PASSED] - Object: 'Object Repository/Final Object Repo/Page_Request SSN - ASSIST/AI - Post Code' is clicked on

2018-11-10 01:01:09 - [TEST_STEP][PASSED] - setText: Text '810' is set on object 'Object Repository/Final Object Repo/Page_Request SSN - ASSIST/AI - City - JOH'

2018-11-10 01:01:09 - [MESSAGE][PASSED] - Text '810' is set on object 'Object Repository/Final Object Repo/Page_Request SSN - ASSIST/AI - City - JOH'

2018-11-10 01:01:09 - [TEST_STEP][PASSED] - delay: Delayed 3 second(s)

2018-11-10 01:01:12 - [MESSAGE][PASSED] - Delayed 3 second(s)

2018-11-10 01:01:12 - [TEST_STEP][PASSED] - click: Object: 'Object Repository/Final Object Repo/Page_Request SSN - ASSIST/AI - PostCode - 81000' is clicked on

2018-11-10 01:01:13 - [MESSAGE][PASSED] - Object: 'Object Repository/Final Object Repo/Page_Request SSN - ASSIST/AI - PostCode - 81000' is clicked on

2018-11-10 01:01:13 - [TEST_STEP][PASSED] - setText: Text '100' is set on object 'Object Repository/Final Object Repo/Page_Request SSN - ASSIST/P.O.BOX'

2018-11-10 01:01:13 - [MESSAGE][PASSED] - Text '100' is set on object 'Object Repository/Final Object Repo/Page_Request SSN - ASSIST/P.O.BOX'

2018-11-10 01:01:13 - [TEST_STEP][PASSED] - setText: Text '100' is set on object 'Object Repository/Final Object Repo/Page_Request SSN - ASSIST/Locked Bag No'

2018-11-10 01:01:13 - [MESSAGE][PASSED] - Text '100' is set on object 'Object Repository/Final Object Repo/Page_Request SSN - ASSIST/Locked Bag No'

2018-11-10 01:01:13 - [TEST_STEP][PASSED] - delay: Delayed 2 second(s)

2018-11-10 01:01:15 - [MESSAGE][PASSED] - Delayed 2 second(s)

2018-11-10 01:01:15 - [TEST_STEP][PASSED] - setText: Text '123456789' is set on object 'Object Repository/Final Object Repo/Page_Request SSN - ASSIST/AI - Telephone No'

2018-11-10 01:01:16 - [MESSAGE][PASSED] - Text '123456789' is set on object 'Object Repository/Final Object Repo/Page_Request SSN - ASSIST/AI - Telephone No'

2018-11-10 01:01:16 - [TEST_STEP][PASSED] - click: Object: 'Object Repository/Final Object Repo/Page_Request SSN - ASSIST/AI - Occupation' is clicked on

2018-11-10 01:01:16 - [MESSAGE][PASSED] - Object: 'Object Repository/Final Object Repo/Page_Request SSN - ASSIST/AI - Occupation' is clicked on

2018-11-10 01:01:16 - [TEST_STEP][PASSED] - click: Object: 'Object Repository/Final Object Repo/Page_Request SSN - ASSIST/AI - Occupation - NUMERICAL AND MATERIAL R' is clicked on

2018-11-10 01:01:17 - [MESSAGE][PASSED] - Object: 'Object Repository/Final Object Repo/Page_Request SSN - ASSIST/AI - Occupation - NUMERICAL AND MATERIAL R' is clicked on

2018-11-10 01:01:17 - [TEST_STEP][PASSED] - delay: Delayed 2 second(s)

2018-11-10 01:01:19 - [MESSAGE][PASSED] - Delayed 2 second(s)

2018-11-10 01:01:19 - [TEST_STEP][PASSED] - click: Object: 'Object Repository/Final Object Repo/Page_Request SSN - ASSIST/AI - Sub Occupation' is clicked on

2018-11-10 01:01:19 - [MESSAGE][PASSED] - Object: 'Object Repository/Final Object Repo/Page_Request SSN - ASSIST/AI - Sub Occupation' is clicked on

2018-11-10 01:01:19 - [TEST_STEP][PASSED] - click: Object: 'Object Repository/Final Object Repo/Page_Request SSN - ASSIST/AI - Sub Occupation - Stock Clerks' is clicked on

2018-11-10 01:01:20 - [MESSAGE][PASSED] - Object: 'Object Repository/Final Object Repo/Page_Request SSN - ASSIST/AI - Sub Occupation - Stock Clerks' is clicked on

2018-11-10 01:01:20 - [TEST_STEP][PASSED] - delay: Delayed 2 second(s)

2018-11-10 01:01:22 - [MESSAGE][PASSED] - Delayed 2 second(s)

2018-11-10 01:01:22 - [TEST_STEP][PASSED] - click: Object: 'Object Repository/Final Object Repo/Page_Request SSN - ASSIST/AI - Sub Occupation List' is clicked on

2018-11-10 01:01:23 - [MESSAGE][PASSED] - Object: 'Object Repository/Final Object Repo/Page_Request SSN - ASSIST/AI - Sub Occupation List' is clicked on

2018-11-10 01:01:23 - [TEST_STEP][PASSED] - click: Object: 'Object Repository/Final Object Repo/Page_Request SSN - ASSIST/AI - Sub Occupation List - Clerk raw material' is clicked on

2018-11-10 01:01:24 - [MESSAGE][PASSED] - Object: 'Object Repository/Final Object Repo/Page_Request SSN - ASSIST/AI - Sub Occupation List - Clerk raw material' is clicked on

2018-11-10 01:01:24 - [TEST_STEP][PASSED] - click: Object: 'Object Repository/Final Object Repo/Page_Request SSN - ASSIST/AI - Employment Start Date' is clicked on

2018-11-10 01:01:25 - [MESSAGE][PASSED] - Object: 'Object Repository/Final Object Repo/Page_Request SSN - ASSIST/AI - Employment Start Date' is clicked on

2018-11-10 01:01:25 - [TEST_STEP][PASSED] - click: Object: 'Object Repository/Final Object Repo/Page_Request SSN - ASSIST/AI - DOB - Year - Date' is clicked on

2018-11-10 01:01:25 - [MESSAGE][PASSED] - Object: 'Object Repository/Final Object Repo/Page_Request SSN - ASSIST/AI - DOB - Year - Date' is clicked on

2018-11-10 01:01:25 - [TEST_STEP][PASSED] - setText: Text 'perkeso' is set on object 'Object Repository/Final Object Repo/Page_Request SSN - ASSIST/AI - Current Employer Name'

2018-11-10 01:01:25 - [MESSAGE][PASSED] - Text 'perkeso' is set on object 'Object Repository/Final Object Repo/Page_Request SSN - ASSIST/AI - Current Employer Name'

2018-11-10 01:01:25 - [TEST_STEP][PASSED] - setText: Text 'perkeso1' is set on object 'Object Repository/Final Object Repo/Page_Request SSN - ASSIST/AI - Current Employer Address1'

2018-11-10 01:01:25 - [MESSAGE][PASSED] - Text 'perkeso1' is set on object 'Object Repository/Final Object Repo/Page_Request SSN - ASSIST/AI - Current Employer Address1'

2018-11-10 01:01:25 - [TEST_STEP][PASSED] - setText: Text 'perkeso2' is set on object 'Object Repository/Final Object Repo/Page_Request SSN - ASSIST/AI - Current Employer Address2'

2018-11-10 01:01:26 - [MESSAGE][PASSED] - Text 'perkeso2' is set on object 'Object Repository/Final Object Repo/Page_Request SSN - ASSIST/AI - Current Employer Address2'

2018-11-10 01:01:26 - [TEST_STEP][PASSED] - setText: Text 'perkeso3' is set on object 'Object Repository/Final Object Repo/Page_Request SSN - ASSIST/AI - Current Employer Address3'

2018-11-10 01:01:26 - [MESSAGE][PASSED] - Text 'perkeso3' is set on object 'Object Repository/Final Object Repo/Page_Request SSN - ASSIST/AI - Current Employer Address3'

2018-11-10 01:01:26 - [TEST_STEP][PASSED] - click: Object: 'Object Repository/Final Object Repo/Page_Request SSN - ASSIST/AI - Current Employer State' is clicked on

2018-11-10 01:01:27 - [MESSAGE][PASSED] - Object: 'Object Repository/Final Object Repo/Page_Request SSN - ASSIST/AI - Current Employer State' is clicked on

2018-11-10 01:01:27 - [TEST_STEP][PASSED] - click: Object: 'Object Repository/Final Object Repo/Page_Request SSN - ASSIST/AI - Current Employer State - Johor 1' is clicked on

2018-11-10 01:01:27 - [MESSAGE][PASSED] - Object: 'Object Repository/Final Object Repo/Page_Request SSN - ASSIST/AI - Current Employer State - Johor 1' is clicked on

2018-11-10 01:01:27 - [TEST_STEP][PASSED] - click: Object: 'Object Repository/Final Object Repo/Page_Request SSN - ASSIST/AI - Current Employer City' is clicked on

2018-11-10 01:01:28 - [MESSAGE][PASSED] - Object: 'Object Repository/Final Object Repo/Page_Request SSN - ASSIST/AI - Current Employer City' is clicked on

2018-11-10 01:01:28 - [TEST_STEP][PASSED] - setText: Text 'joh' is set on object 'Object Repository/Final Object Repo/Page_Request SSN - ASSIST/AI - City - JOH'

2018-11-10 01:01:28 - [MESSAGE][PASSED] - Text 'joh' is set on object 'Object Repository/Final Object Repo/Page_Request SSN - ASSIST/AI - City - JOH'

2018-11-10 01:01:28 - [TEST_STEP][PASSED] - delay: Delayed 2 second(s)

2018-11-10 01:01:30 - [MESSAGE][PASSED] - Delayed 2 second(s)

2018-11-10 01:01:30 - [TEST_STEP][PASSED] - click: Object: 'Object Repository/Final Object Repo/Page_Request SSN - ASSIST/AI - City - Johor Bharu' is clicked on

2018-11-10 01:01:31 - [MESSAGE][PASSED] - Object: 'Object Repository/Final Object Repo/Page_Request SSN - ASSIST/AI - City - Johor Bharu' is clicked on

2018-11-10 01:01:31 - [TEST_STEP][PASSED] - click: Object: 'Object Repository/Final Object Repo/Page_Request SSN - ASSIST/AI - Current Employer Postcode' is clicked on

2018-11-10 01:01:31 - [MESSAGE][PASSED] - Object: 'Object Repository/Final Object Repo/Page_Request SSN - ASSIST/AI - Current Employer Postcode' is clicked on

2018-11-10 01:01:31 - [TEST_STEP][PASSED] - setText: Text '810' is set on object 'Object Repository/Final Object Repo/Page_Request SSN - ASSIST/AI - City - JOH'

2018-11-10 01:01:31 - [MESSAGE][PASSED] - Text '810' is set on object 'Object Repository/Final Object Repo/Page_Request SSN - ASSIST/AI - City - JOH'

2018-11-10 01:01:31 - [TEST_STEP][PASSED] - delay: Delayed 2 second(s)

2018-11-10 01:01:33 - [MESSAGE][PASSED] - Delayed 2 second(s)

2018-11-10 01:01:33 - [TEST_STEP][PASSED] - click: Object: 'Object Repository/Final Object Repo/Page_Request SSN - ASSIST/AI - PostCode - 81000' is clicked on

2018-11-10 01:01:34 - [MESSAGE][PASSED] - Object: 'Object Repository/Final Object Repo/Page_Request SSN - ASSIST/AI - PostCode - 81000' is clicked on

2018-11-10 01:01:34 - [TEST_STEP][NOT_RUN] - setText: NOT_RUN: setText

2018-11-10 01:01:34 - [MESSAGE][NOT_RUN] - NOT_RUN: setText

2018-11-10 01:01:34 - [TEST_STEP][NOT_RUN] - setText: NOT_RUN: setText

2018-11-10 01:01:34 - [MESSAGE][NOT_RUN] - NOT_RUN: setText

2018-11-10 01:01:34 - [TEST_STEP][NOT_RUN] - click: NOT_RUN: click

2018-11-10 01:01:34 - [MESSAGE][NOT_RUN] - NOT_RUN: click

2018-11-10 01:01:34 - [TEST_STEP][NOT_RUN] - click: NOT_RUN: click

2018-11-10 01:01:34 - [MESSAGE][NOT_RUN] - NOT_RUN: click

2018-11-10 01:01:34 - [TEST_STEP][NOT_RUN] - setText: NOT_RUN: setText

2018-11-10 01:01:34 - [MESSAGE][NOT_RUN] - NOT_RUN: setText

2018-11-10 01:01:34 - [TEST_STEP][NOT_RUN] - click: NOT_RUN: click

2018-11-10 01:01:34 - [MESSAGE][NOT_RUN] - NOT_RUN: click

2018-11-10 01:01:34 - [TEST_STEP][NOT_RUN] - click: NOT_RUN: click

2018-11-10 01:01:34 - [MESSAGE][NOT_RUN] - NOT_RUN: click

2018-11-10 01:01:34 - [TEST_STEP][NOT_RUN] - click: NOT_RUN: click

2018-11-10 01:01:34 - [MESSAGE][NOT_RUN] - NOT_RUN: click

2018-11-10 01:01:34 - [TEST_STEP][NOT_RUN] - click: NOT_RUN: click

2018-11-10 01:01:34 - [MESSAGE][NOT_RUN] - NOT_RUN: click

2018-11-10 01:01:34 - [TEST_STEP][NOT_RUN] - click: NOT_RUN: click

2018-11-10 01:01:34 - [MESSAGE][NOT_RUN] - NOT_RUN: click

2018-11-10 01:01:34 - [TEST_STEP][NOT_RUN] - click: NOT_RUN: click

2018-11-10 01:01:34 - [MESSAGE][NOT_RUN] - NOT_RUN: click

2018-11-10 01:01:34 - [TEST_STEP][NOT_RUN] - setText: NOT_RUN: setText

2018-11-10 01:01:34 - [MESSAGE][NOT_RUN] - NOT_RUN: setText

2018-11-10 01:01:34 - [TEST_STEP][NOT_RUN] - setText: NOT_RUN: setText

2018-11-10 01:01:34 - [MESSAGE][NOT_RUN] - NOT_RUN: setText

2018-11-10 01:01:34 - [TEST_STEP][NOT_RUN] - setText: NOT_RUN: setText

2018-11-10 01:01:34 - [MESSAGE][NOT_RUN] - NOT_RUN: setText

2018-11-10 01:01:34 - [TEST_STEP][NOT_RUN] - click: NOT_RUN: click

2018-11-10 01:01:34 - [MESSAGE][NOT_RUN] - NOT_RUN: click

2018-11-10 01:01:34 - [TEST_STEP][NOT_RUN] - click: NOT_RUN: click

2018-11-10 01:01:34 - [MESSAGE][NOT_RUN] - NOT_RUN: click

2018-11-10 01:01:34 - [TEST_STEP][NOT_RUN] - click: NOT_RUN: click

2018-11-10 01:01:34 - [MESSAGE][NOT_RUN] - NOT_RUN: click

2018-11-10 01:01:34 - [TEST_STEP][NOT_RUN] - setText: NOT_RUN: setText

2018-11-10 01:01:34 - [MESSAGE][NOT_RUN] - NOT_RUN: setText

2018-11-10 01:01:34 - [TEST_STEP][NOT_RUN] - delay: NOT_RUN: delay

2018-11-10 01:01:34 - [MESSAGE][NOT_RUN] - NOT_RUN: delay

2018-11-10 01:01:34 - [TEST_STEP][NOT_RUN] - click: NOT_RUN: click

2018-11-10 01:01:34 - [MESSAGE][NOT_RUN] - NOT_RUN: click

2018-11-10 01:01:34 - [TEST_STEP][NOT_RUN] - click: NOT_RUN: click

2018-11-10 01:01:34 - [MESSAGE][NOT_RUN] - NOT_RUN: click

2018-11-10 01:01:34 - [TEST_STEP][NOT_RUN] - click: NOT_RUN: click

2018-11-10 01:01:34 - [MESSAGE][NOT_RUN] - NOT_RUN: click

2018-11-10 01:01:34 - [TEST_STEP][NOT_RUN] - setText: NOT_RUN: setText

2018-11-10 01:01:34 - [MESSAGE][NOT_RUN] - NOT_RUN: setText

2018-11-10 01:01:34 - [TEST_STEP][NOT_RUN] - delay: NOT_RUN: delay

2018-11-10 01:01:34 - [MESSAGE][NOT_RUN] - NOT_RUN: delay

2018-11-10 01:01:34 - [TEST_STEP][NOT_RUN] - click: NOT_RUN: click

2018-11-10 01:01:34 - [MESSAGE][NOT_RUN] - NOT_RUN: click

2018-11-10 01:01:34 - [TEST_STEP][NOT_RUN] - delay: NOT_RUN: delay

2018-11-10 01:01:34 - [MESSAGE][NOT_RUN] - NOT_RUN: delay

2018-11-10 01:01:34 - [TEST_STEP][NOT_RUN] - setText: NOT_RUN: setText

2018-11-10 01:01:34 - [MESSAGE][NOT_RUN] - NOT_RUN: setText

2018-11-10 01:01:34 - [TEST_STEP][NOT_RUN] - setText: NOT_RUN: setText

2018-11-10 01:01:34 - [MESSAGE][NOT_RUN] - NOT_RUN: setText

2018-11-10 01:01:34 - [TEST_STEP][NOT_RUN] - setText: NOT_RUN: setText

2018-11-10 01:01:34 - [MESSAGE][NOT_RUN] - NOT_RUN: setText

2018-11-10 01:01:34 - [TEST_STEP][NOT_RUN] - click: NOT_RUN: click

2018-11-10 01:01:34 - [MESSAGE][NOT_RUN] - NOT_RUN: click

2018-11-10 01:01:34 - [TEST_STEP][NOT_RUN] - click: NOT_RUN: click

2018-11-10 01:01:34 - [MESSAGE][NOT_RUN] - NOT_RUN: click

2018-11-10 01:01:34 - [TEST_STEP][NOT_RUN] - setText: NOT_RUN: setText

2018-11-10 01:01:34 - [MESSAGE][NOT_RUN] - NOT_RUN: setText

2018-11-10 01:01:34 - [TEST_STEP][NOT_RUN] - click: NOT_RUN: click

2018-11-10 01:01:34 - [MESSAGE][NOT_RUN] - NOT_RUN: click

2018-11-10 01:01:34 - [TEST_STEP][NOT_RUN] - click: NOT_RUN: click

2018-11-10 01:01:34 - [MESSAGE][NOT_RUN] - NOT_RUN: click

2018-11-10 01:01:34 - [TEST_STEP][NOT_RUN] - click: NOT_RUN: click

2018-11-10 01:01:34 - [MESSAGE][NOT_RUN] - NOT_RUN: click

2018-11-10 01:01:34 - [TEST_STEP][NOT_RUN] - click: NOT_RUN: click

2018-11-10 01:01:34 - [MESSAGE][NOT_RUN] - NOT_RUN: click

2018-11-10 01:01:34 - [TEST_STEP][NOT_RUN] - click: NOT_RUN: click

2018-11-10 01:01:34 - [MESSAGE][NOT_RUN] - NOT_RUN: click

2018-11-10 01:01:34 - [TEST_STEP][NOT_RUN] - click: NOT_RUN: click

2018-11-10 01:01:34 - [MESSAGE][NOT_RUN] - NOT_RUN: click

2018-11-10 01:01:34 - [TEST_STEP][NOT_RUN] - setText: NOT_RUN: setText

2018-11-10 01:01:34 - [MESSAGE][NOT_RUN] - NOT_RUN: setText

2018-11-10 01:01:34 - [TEST_STEP][NOT_RUN] - setText: NOT_RUN: setText

2018-11-10 01:01:34 - [MESSAGE][NOT_RUN] - NOT_RUN: setText

2018-11-10 01:01:34 - [TEST_STEP][NOT_RUN] - setText: NOT_RUN: setText

2018-11-10 01:01:34 - [MESSAGE][NOT_RUN] - NOT_RUN: setText

2018-11-10 01:01:34 - [TEST_STEP][NOT_RUN] - click: NOT_RUN: click

2018-11-10 01:01:34 - [MESSAGE][NOT_RUN] - NOT_RUN: click

2018-11-10 01:01:34 - [TEST_STEP][NOT_RUN] - click: NOT_RUN: click

2018-11-10 01:01:34 - [MESSAGE][NOT_RUN] - NOT_RUN: click

2018-11-10 01:01:34 - [TEST_STEP][NOT_RUN] - click: NOT_RUN: click

2018-11-10 01:01:34 - [MESSAGE][NOT_RUN] - NOT_RUN: click

2018-11-10 01:01:34 - [TEST_STEP][NOT_RUN] - delay: NOT_RUN: delay

2018-11-10 01:01:34 - [MESSAGE][NOT_RUN] - NOT_RUN: delay

2018-11-10 01:01:34 - [TEST_STEP][NOT_RUN] - setText: NOT_RUN: setText

2018-11-10 01:01:34 - [MESSAGE][NOT_RUN] - NOT_RUN: setText

2018-11-10 01:01:34 - [TEST_STEP][NOT_RUN] - delay: NOT_RUN: delay

2018-11-10 01:01:34 - [MESSAGE][NOT_RUN] - NOT_RUN: delay

2018-11-10 01:01:34 - [TEST_STEP][NOT_RUN] - click: NOT_RUN: click

2018-11-10 01:01:34 - [MESSAGE][NOT_RUN] - NOT_RUN: click

2018-11-10 01:01:34 - [TEST_STEP][NOT_RUN] - doubleClick: NOT_RUN: doubleClick

2018-11-10 01:01:34 - [MESSAGE][NOT_RUN] - NOT_RUN: doubleClick

2018-11-10 01:01:34 - [TEST_STEP][NOT_RUN] - click: NOT_RUN: click

2018-11-10 01:01:34 - [MESSAGE][NOT_RUN] - NOT_RUN: click

2018-11-10 01:01:34 - [TEST_STEP][NOT_RUN] - setText: NOT_RUN: setText

2018-11-10 01:01:34 - [MESSAGE][NOT_RUN] - NOT_RUN: setText

2018-11-10 01:01:34 - [TEST_STEP][NOT_RUN] - delay: NOT_RUN: delay

2018-11-10 01:01:34 - [MESSAGE][NOT_RUN] - NOT_RUN: delay

2018-11-10 01:01:34 - [TEST_STEP][NOT_RUN] - click: NOT_RUN: click

2018-11-10 01:01:34 - [MESSAGE][NOT_RUN] - NOT_RUN: click

2018-11-10 01:01:34 - [TEST_STEP][NOT_RUN] - delay: NOT_RUN: delay

2018-11-10 01:01:34 - [MESSAGE][NOT_RUN] - NOT_RUN: delay

2018-11-10 01:01:34 - [TEST_STEP][NOT_RUN] - setText: NOT_RUN: setText

2018-11-10 01:01:34 - [MESSAGE][NOT_RUN] - NOT_RUN: setText

2018-11-10 01:01:34 - [TEST_STEP][PASSED] - click: Object: 'Object Repository/Final Object Repo/Page_Request SSN - ASSIST/Save  Continue' is clicked on

2018-11-10 01:01:38 - [MESSAGE][PASSED] - Object: 'Object Repository/Final Object Repo/Page_Request SSN - ASSIST/Save  Continue' is clicked on

2018-11-10 01:01:38 - [TEST_STEP][PASSED] - delay: Delayed 3 second(s)

2018-11-10 01:01:41 - [MESSAGE][PASSED] - Delayed 3 second(s)

2018-11-10 01:01:41 - [TEST_STEP][PASSED] - Statement - CaseReferenceNo = com.kms.katalon.core.webui.keyword.WebUiBuiltInKeywords.getText(com.kms.katalon.core.testobject.ObjectRepository.findTestObject(Final Object Repo/Page_Request SSN - ASSIST/Reference Number in Uploading Page)): Text of object 'Object Repository/Final Object Repo/Page_Request SSN - ASSIST/Reference Number in Uploading Page' is: 'SSN11201800001126'

2018-11-10 01:01:41 - [MESSAGE][PASSED] - Text of object 'Object Repository/Final Object Repo/Page_Request SSN - ASSIST/Reference Number in Uploading Page' is: 'SSN11201800001126'

2018-11-10 01:01:41 - [TEST_STEP][PASSED] - callTestCase: Call Test Case 'Test Cases/Final Aug 2018 - PKS Automation/Common/Reference Number Setter' successfully

2018-11-10 01:01:41 - [TEST_CASE][PASSED] - Test Cases/Final Aug 2018 - PKS Automation/Common/Reference Number Setter: Test Cases/Final Aug 2018 - PKS Automation/Common/Reference Number Setter

2018-11-10 01:01:41 - [TEST_STEP][PASSED] - Statement - RefNoOldFile = new java.io.File(C://KatalonReference.txt): null

2018-11-10 01:01:41 - [TEST_STEP][PASSED] - Statement - RefNoOldFile.delete(): null

2018-11-10 01:01:41 - [TEST_STEP][PASSED] - Statement - RefNo = new java.io.File(C://KatalonReference.txt): null

2018-11-10 01:01:41 - [TEST_STEP][PASSED] - Statement - RefNo.append(CaseReferenceNo): null

2018-11-10 01:01:41 - [TEST_STEP][PASSED] - Statement - out.println("


" + CaseReferenceNo + "


"): null

2018-11-10 01:01:41 - [MESSAGE][PASSED] - Call Test Case 'Test Cases/Final Aug 2018 - PKS Automation/Common/Reference Number Setter' successfully

2018-11-10 01:01:41 - [TEST_STEP][PASSED] - click: Object: 'Object Repository/Final Object Repo/Page_Request SSN - ASSIST/Add Document Button' is clicked on

2018-11-10 01:01:42 - [MESSAGE][PASSED] - Object: 'Object Repository/Final Object Repo/Page_Request SSN - ASSIST/Add Document Button' is clicked on

2018-11-10 01:01:42 - [TEST_STEP][PASSED] - delay: Delayed 2 second(s)

2018-11-10 01:01:44 - [MESSAGE][PASSED] - Delayed 2 second(s)

2018-11-10 01:01:44 - [TEST_STEP][PASSED] - click: Object: 'Object Repository/Final Object Repo/Page_Request SSN - ASSIST/Document Type' is clicked on

2018-11-10 01:01:45 - [MESSAGE][PASSED] - Object: 'Object Repository/Final Object Repo/Page_Request SSN - ASSIST/Document Type' is clicked on

2018-11-10 01:01:45 - [TEST_STEP][PASSED] - click: Object: 'Object Repository/Final Object Repo/Page_Request SSN - ASSIST/Document Type - Birth Certificate' is clicked on

2018-11-10 01:01:46 - [MESSAGE][PASSED] - Object: 'Object Repository/Final Object Repo/Page_Request SSN - ASSIST/Document Type - Birth Certificate' is clicked on

2018-11-10 01:01:46 - [TEST_STEP][PASSED] - sendKeys: Keys 'C:\Users\Public\Pictures\Sample Pictures\Act.jpg' sent to object: 'Object Repository/Final Object Repo/Page_Request SSN - ASSIST/Upload File'

2018-11-10 01:01:46 - [MESSAGE][PASSED] - Keys 'C:\Users\Public\Pictures\Sample Pictures\Act.jpg' sent to object: 'Object Repository/Final Object Repo/Page_Request SSN - ASSIST/Upload File'

2018-11-10 01:01:46 - [TEST_STEP][PASSED] - click: Object: 'Object Repository/Final Object Repo/Page_Request SSN - ASSIST/Add Document' is clicked on

2018-11-10 01:01:51 - [MESSAGE][PASSED] - Object: 'Object Repository/Final Object Repo/Page_Request SSN - ASSIST/Add Document' is clicked on

2018-11-10 01:01:51 - [TEST_STEP][PASSED] - delay: Delayed 20 second(s)

2018-11-10 01:02:11 - [MESSAGE][PASSED] - Delayed 20 second(s)

2018-11-10 01:02:11 - [TEST_STEP][PASSED] - click: Object: 'Object Repository/Final Object Repo/Page_Request SSN - ASSIST/Save  Continue in Uploading Document Page' is clicked on

2018-11-10 01:02:11 - [MESSAGE][PASSED] - Object: 'Object Repository/Final Object Repo/Page_Request SSN - ASSIST/Save  Continue in Uploading Document Page' is clicked on

2018-11-10 01:02:11 - [TEST_STEP][PASSED] - delay: Delayed 2 second(s)

2018-11-10 01:02:13 - [MESSAGE][PASSED] - Delayed 2 second(s)

2018-11-10 01:02:13 - [TEST_STEP][PASSED] - click: Object: 'Object Repository/Final Object Repo/Page_Request SSN - ASSIST/Submit' is clicked on

2018-11-10 01:02:16 - [MESSAGE][PASSED] - Object: 'Object Repository/Final Object Repo/Page_Request SSN - ASSIST/Submit' is clicked on

2018-11-10 01:02:16 - [TEST_STEP][PASSED] - delay: Delayed 2 second(s)

2018-11-10 01:02:18 - [MESSAGE][PASSED] - Delayed 2 second(s)

2018-11-10 01:02:18 - [TEST_STEP][PASSED] - click: Object: 'Object Repository/Final Object Repo/Page_Request SSN - ASSIST/Confirm' is clicked on

2018-11-10 01:02:24 - [MESSAGE][PASSED] - Object: 'Object Repository/Final Object Repo/Page_Request SSN - ASSIST/Confirm' is clicked on

2018-11-10 01:02:24 - [TEST_STEP][PASSED] - delay: Delayed 2 second(s)

2018-11-10 01:02:26 - [MESSAGE][PASSED] - Delayed 2 second(s)

2018-11-10 01:02:26 - [TEST_STEP][PASSED] - verifyElementVisible: Object 'Object Repository/Final Object Repo/Page_Request SSN - ASSIST/Message This Case will be routed to RIO' is visible

2018-11-10 01:02:27 - [MESSAGE][PASSED] - Object 'Object Repository/Final Object Repo/Page_Request SSN - ASSIST/Message This Case will be routed to RIO' is visible

2018-11-10 01:02:27 - [TEST_STEP][PASSED] - delay: Delayed 2 second(s)

2018-11-10 01:02:29 - [MESSAGE][PASSED] - Delayed 2 second(s)

2018-11-10 01:02:29 - [TEST_STEP][PASSED] - verifyElementVisible: Object 'Object Repository/Final Object Repo/Page_Request SSN - ASSIST/Letter of acknowledgement' is visible

2018-11-10 01:02:29 - [MESSAGE][PASSED] - Object 'Object Repository/Final Object Repo/Page_Request SSN - ASSIST/Letter of acknowledgement' is visible

2018-11-10 01:02:29 - [MESSAGE][PASSED] - Call Test Case 'Test Cases/Final Aug 2018 - PKS Automation/Registration Module/Workflow/Request SSN/Template/Request SSN - PKRBO' successfully

2018-11-10 01:02:29 - [TEST_STEP][PASSED] - callTestCase: Call Test Case 'Test Cases/Final Aug 2018 - PKS Automation/Registration Module/Workflow/Request SSN/Template/Request SSN RIO - RO (Under Enforcement)' successfully

2018-11-10 01:02:29 - [TEST_CASE][PASSED] - Test Cases/Final Aug 2018 - PKS Automation/Registration Module/Workflow/Request SSN/Template/Request SSN RIO - RO (Under Enforcement): Test Cases/Final Aug 2018 - PKS Automation/Registration Module/Workflow/Request SSN/Template/Request SSN RIO - RO (Under Enforcement)

2018-11-10 01:02:29 - [TEST_STEP][NOT_RUN] - callTestCase: NOT_RUN: callTestCase

2018-11-10 01:02:29 - [MESSAGE][NOT_RUN] - NOT_RUN: callTestCase

2018-11-10 01:02:29 - [TEST_STEP][PASSED] - delay: Delayed 2 second(s)

2018-11-10 01:02:31 - [MESSAGE][PASSED] - Delayed 2 second(s)

2018-11-10 01:02:31 - [TEST_STEP][PASSED] - navigateToUrl: Navigate to 'https://assist2-uat.perkeso.gov.my/c/portal/logout' successfully

2018-11-10 01:02:32 - [MESSAGE][PASSED] - Navigate to 'https://assist2-uat.perkeso.gov.my/c/portal/logout' successfully

2018-11-10 01:02:32 - [TEST_STEP][PASSED] - delay: Delayed 2 second(s)

2018-11-10 01:02:34 - [MESSAGE][PASSED] - Delayed 2 second(s)

2018-11-10 01:02:34 - [TEST_STEP][PASSED] - callTestCase: Call Test Case 'Test Cases/Final Aug 2018 - PKS Automation/Common/Reference Number Getter' successfully

2018-11-10 01:02:34 - [TEST_CASE][PASSED] - Test Cases/Final Aug 2018 - PKS Automation/Common/Reference Number Getter: Test Cases/Final Aug 2018 - PKS Automation/Common/Reference Number Getter

2018-11-10 01:02:34 - [TEST_STEP][PASSED] - Statement - Try: null

2018-11-10 01:02:34 - [TEST_STEP][PASSED] - Statement - RefNo = new java.io.File(C://KatalonReference.txt): null

2018-11-10 01:02:34 - [TEST_STEP][PASSED] - Statement - bufferread = new java.io.BufferedReader(new java.io.FileReader(RefNo)): null

2018-11-10 01:02:34 - [TEST_STEP][PASSED] - Statement - readedVal = bufferread.readLine(): null

2018-11-10 01:02:34 - [TEST_STEP][PASSED] - Statement - out.println(CaseReferenceNo): null

2018-11-10 01:02:34 - [TEST_STEP][PASSED] - Statement - out.println(readedVal): null

2018-11-10 01:02:34 - [TEST_STEP][PASSED] - Statement - CaseReferenceNo = readedVal: null

2018-11-10 01:02:34 - [MESSAGE][PASSED] - Call Test Case 'Test Cases/Final Aug 2018 - PKS Automation/Common/Reference Number Getter' successfully

2018-11-10 01:02:34 - [TEST_STEP][PASSED] - callTestCase: Call Test Case 'Test Cases/Final Aug 2018 - PKS Automation/Common/Workflow Owner Finder' successfully

2018-11-10 01:02:34 - [TEST_CASE][PASSED] - Test Cases/Final Aug 2018 - PKS Automation/Common/Workflow Owner Finder: Test Cases/Final Aug 2018 - PKS Automation/Common/Workflow Owner Finder

2018-11-10 01:02:34 - [TEST_STEP][PASSED] - openBrowser: Browser is opened with url: ''

2018-11-10 01:02:34 - [MESSAGE][WARNING] - A browser is already opened. Closing browser and opening a new one

2018-11-10 01:02:39 - [MESSAGE][PASSED] - Browser is opened with url: ''

2018-11-10 01:02:39 - [TEST_STEP][PASSED] - navigateToUrl: Navigate to 'https://assist2-uat.perkeso.gov.my/login' successfully

2018-11-10 01:02:41 - [MESSAGE][PASSED] - Navigate to 'https://assist2-uat.perkeso.gov.my/login' successfully

2018-11-10 01:02:41 - [TEST_STEP][PASSED] - delay: Delayed 5 second(s)

2018-11-10 01:02:46 - [MESSAGE][PASSED] - Delayed 5 second(s)

2018-11-10 01:02:46 - [TEST_STEP][PASSED] - setText: Text 'test@liferay.com' is set on object 'Object Repository/Final Object Repo/Login Page/Internal User/Email Address'

2018-11-10 01:02:46 - [MESSAGE][PASSED] - Text 'test@liferay.com' is set on object 'Object Repository/Final Object Repo/Login Page/Internal User/Email Address'

2018-11-10 01:02:46 - [TEST_STEP][PASSED] - click: Object: 'Object Repository/Final Object Repo/Login Page/Internal User/Next Button' is clicked on

2018-11-10 01:02:47 - [MESSAGE][PASSED] - Object: 'Object Repository/Final Object Repo/Login Page/Internal User/Next Button' is clicked on

2018-11-10 01:02:47 - [TEST_STEP][PASSED] - delay: Delayed 2 second(s)

2018-11-10 01:02:49 - [MESSAGE][PASSED] - Delayed 2 second(s)

2018-11-10 01:02:49 - [TEST_STEP][PASSED] - setText: Text 'test' is set on object 'Object Repository/Final Object Repo/Login Page/Internal User/Password'

2018-11-10 01:02:49 - [MESSAGE][PASSED] - Text 'test' is set on object 'Object Repository/Final Object Repo/Login Page/Internal User/Password'

2018-11-10 01:02:49 - [TEST_STEP][PASSED] - delay: Delayed 2 second(s)

2018-11-10 01:02:51 - [MESSAGE][PASSED] - Delayed 2 second(s)

2018-11-10 01:02:51 - [TEST_STEP][PASSED] - click: Object: 'Object Repository/Final Object Repo/Login Page/Internal User/Login Button' is clicked on

2018-11-10 01:02:54 - [MESSAGE][PASSED] - Object: 'Object Repository/Final Object Repo/Login Page/Internal User/Login Button' is clicked on

2018-11-10 01:02:54 - [TEST_STEP][PASSED] - Statement - Try: Delayed 2 second(s)

2018-11-10 01:02:54 - [TEST_STEP][PASSED] - Statement - Checker = false: null

2018-11-10 01:02:54 - [TEST_STEP][PASSED] - Statement - Checker = com.kms.katalon.core.webui.keyword.WebUiBuiltInKeywords.verifyElementHasAttribute(com.kms.katalon.core.testobject.ObjectRepository.findTestObject(Final Object Repo/Landing Page/BM Detecting), "href", 20, OPTIONAL): Object 'Object Repository/Final Object Repo/Landing Page/BM Detecting' has attribute 'href'

2018-11-10 01:02:54 - [MESSAGE][PASSED] - Object 'Object Repository/Final Object Repo/Landing Page/BM Detecting' has attribute 'href'

2018-11-10 01:02:54 - [TEST_STEP][PASSED] - Statement - out.println(Checker): null

2018-11-10 01:02:54 - [TEST_STEP][PASSED] - Statement - If (Checker == false): null

2018-11-10 01:02:54 - [TEST_STEP][PASSED] - Statement - Else: null

2018-11-10 01:02:54 - [TEST_STEP][PASSED] - delay: Delayed 2 second(s)

2018-11-10 01:02:56 - [MESSAGE][PASSED] - Delayed 2 second(s)

2018-11-10 01:02:56 - [TEST_STEP][PASSED] - delay: Delayed 3 second(s)

2018-11-10 01:02:59 - [MESSAGE][PASSED] - Delayed 3 second(s)

2018-11-10 01:02:59 - [TEST_STEP][PASSED] - mouseOver: Object: 'Object Repository/Final Object Repo/Landing Page/WorkFlow Menu' is hovered

2018-11-10 01:02:59 - [MESSAGE][PASSED] - Object: 'Object Repository/Final Object Repo/Landing Page/WorkFlow Menu' is hovered

2018-11-10 01:02:59 - [TEST_STEP][PASSED] - delay: Delayed 2 second(s)

2018-11-10 01:03:01 - [MESSAGE][PASSED] - Delayed 2 second(s)

2018-11-10 01:03:01 - [TEST_STEP][PASSED] - click: Object: 'Object Repository/Final Object Repo/Landing Page/Select to Workflow Listing' is clicked on

2018-11-10 01:03:02 - [MESSAGE][PASSED] - Object: 'Object Repository/Final Object Repo/Landing Page/Select to Workflow Listing' is clicked on

2018-11-10 01:03:02 - [TEST_STEP][PASSED] - delay: Delayed 2 second(s)

2018-11-10 01:03:04 - [MESSAGE][PASSED] - Delayed 2 second(s)

2018-11-10 01:03:04 - [TEST_STEP][PASSED] - click: Object: 'Object Repository/Final Object Repo/WorkFlow Listing Page/Search Information - To Put Ref No' is clicked on

2018-11-10 01:03:05 - [MESSAGE][PASSED] - Object: 'Object Repository/Final Object Repo/WorkFlow Listing Page/Search Information - To Put Ref No' is clicked on

2018-11-10 01:03:05 - [TEST_STEP][PASSED] - delay: Delayed 2 second(s)

2018-11-10 01:03:07 - [MESSAGE][PASSED] - Delayed 2 second(s)

2018-11-10 01:03:07 - [TEST_STEP][PASSED] - callTestCase: Call Test Case 'Test Cases/Final Aug 2018 - PKS Automation/Common/Reference Number Getter' successfully

2018-11-10 01:03:07 - [TEST_CASE][PASSED] - Test Cases/Final Aug 2018 - PKS Automation/Common/Reference Number Getter: Test Cases/Final Aug 2018 - PKS Automation/Common/Reference Number Getter

2018-11-10 01:03:07 - [TEST_STEP][PASSED] - Statement - Try: null

2018-11-10 01:03:07 - [TEST_STEP][PASSED] - Statement - RefNo = new java.io.File(C://KatalonReference.txt): null

2018-11-10 01:03:07 - [TEST_STEP][PASSED] - Statement - bufferread = new java.io.BufferedReader(new java.io.FileReader(RefNo)): null

2018-11-10 01:03:07 - [TEST_STEP][PASSED] - Statement - readedVal = bufferread.readLine(): null

2018-11-10 01:03:07 - [TEST_STEP][PASSED] - Statement - out.println(CaseReferenceNo): null

2018-11-10 01:03:07 - [TEST_STEP][PASSED] - Statement - out.println(readedVal): null

2018-11-10 01:03:07 - [TEST_STEP][PASSED] - Statement - CaseReferenceNo = readedVal: null

2018-11-10 01:03:07 - [MESSAGE][PASSED] - Call Test Case 'Test Cases/Final Aug 2018 - PKS Automation/Common/Reference Number Getter' successfully

2018-11-10 01:03:07 - [TEST_STEP][PASSED] - setText: Text 'SSN11201800001126' is set on object 'Object Repository/Final Object Repo/WorkFlow Listing Page/Ref No Set Text'

2018-11-10 01:03:07 - [MESSAGE][PASSED] - Text 'SSN11201800001126' is set on object 'Object Repository/Final Object Repo/WorkFlow Listing Page/Ref No Set Text'

2018-11-10 01:03:07 - [TEST_STEP][PASSED] - delay: Delayed 2 second(s)

2018-11-10 01:03:09 - [MESSAGE][PASSED] - Delayed 2 second(s)

2018-11-10 01:03:09 - [TEST_STEP][PASSED] - click: Object: 'Object Repository/Final Object Repo/WorkFlow Listing Page/Search Ref No Search Button' is clicked on

2018-11-10 01:03:10 - [MESSAGE][PASSED] - Object: 'Object Repository/Final Object Repo/WorkFlow Listing Page/Search Ref No Search Button' is clicked on

2018-11-10 01:03:10 - [TEST_STEP][PASSED] - delay: Delayed 4 second(s)

2018-11-10 01:03:14 - [MESSAGE][PASSED] - Delayed 4 second(s)

2018-11-10 01:03:14 - [TEST_STEP][PASSED] - click: Object: 'Object Repository/Final Object Repo/WorkFlow Listing Page/Click Continue Tooltip' is clicked on

2018-11-10 01:03:16 - [MESSAGE][PASSED] - Object: 'Object Repository/Final Object Repo/WorkFlow Listing Page/Click Continue Tooltip' is clicked on

2018-11-10 01:03:16 - [TEST_STEP][PASSED] - delay: Delayed 5 second(s)

2018-11-10 01:03:21 - [MESSAGE][PASSED] - Delayed 5 second(s)

2018-11-10 01:03:21 - [TEST_STEP][PASSED] - doubleClick: Object: 'Object Repository/Final Object Repo/WorkFlow Listing Page/Workflow Found - Listing 1' is double clicked on

2018-11-10 01:03:21 - [MESSAGE][PASSED] - Object: 'Object Repository/Final Object Repo/WorkFlow Listing Page/Workflow Found - Listing 1' is double clicked on

2018-11-10 01:03:21 - [TEST_STEP][PASSED] - Statement - println(OwnerID): null

2018-11-10 01:03:21 - [TEST_STEP][PASSED] - Statement - OwnerID = com.kms.katalon.core.webui.keyword.WebUiBuiltInKeywords.getText(com.kms.katalon.core.testobject.ObjectRepository.findTestObject(Final Object Repo/WorkFlow Listing Page/Workflow Found - Listing 1), STOP_ON_FAILURE): Text of object 'Object Repository/Final Object Repo/WorkFlow Listing Page/Workflow Found - Listing 1' is: 'JOHORrio3'

2018-11-10 01:03:21 - [MESSAGE][PASSED] - Text of object 'Object Repository/Final Object Repo/WorkFlow Listing Page/Workflow Found - Listing 1' is: 'JOHORrio3'

2018-11-10 01:03:21 - [TEST_STEP][PASSED] - Statement - OwnerID = OwnerID.toLowerCase() + "@gmail.com": null

2018-11-10 01:03:21 - [TEST_STEP][PASSED] - Statement - println(OwnerID): null

2018-11-10 01:03:21 - [TEST_STEP][PASSED] - delay: Delayed 2 second(s)

2018-11-10 01:03:23 - [MESSAGE][PASSED] - Delayed 2 second(s)

2018-11-10 01:03:23 - [MESSAGE][PASSED] - Call Test Case 'Test Cases/Final Aug 2018 - PKS Automation/Common/Workflow Owner Finder' successfully

2018-11-10 01:03:23 - [TEST_STEP][PASSED] - delay: Delayed 2 second(s)

2018-11-10 01:03:25 - [MESSAGE][PASSED] - Delayed 2 second(s)

2018-11-10 01:03:25 - [TEST_STEP][PASSED] - navigateToUrl: Navigate to 'https://assist2-uat.perkeso.gov.my/c/portal/logout' successfully

2018-11-10 01:03:26 - [MESSAGE][PASSED] - Navigate to 'https://assist2-uat.perkeso.gov.my/c/portal/logout' successfully

2018-11-10 01:03:26 - [TEST_STEP][PASSED] - delay: Delayed 2 second(s)

2018-11-10 01:03:28 - [MESSAGE][PASSED] - Delayed 2 second(s)

2018-11-10 01:03:28 - [TEST_STEP][PASSED] - callTestCase: Call Test Case 'Test Cases/Final Aug 2018 - PKS Automation/Registration Module/Workflow/Login and Search Case For Workflow' successfully

2018-11-10 01:03:28 - [TEST_CASE][PASSED] - Test Cases/Final Aug 2018 - PKS Automation/Registration Module/Workflow/Login and Search Case For Workflow: Test Cases/Final Aug 2018 - PKS Automation/Registration Module/Workflow/Login and Search Case For Workflow

2018-11-10 01:03:28 - [TEST_STEP][PASSED] - navigateToUrl: Navigate to 'https://assist2-uat.perkeso.gov.my/login' successfully

2018-11-10 01:03:29 - [MESSAGE][PASSED] - Navigate to 'https://assist2-uat.perkeso.gov.my/login' successfully

2018-11-10 01:03:29 - [TEST_STEP][PASSED] - setText: Text 'johorrio3@gmail.com' is set on object 'Object Repository/Final Object Repo/Login Page/Internal User/Email Address'

2018-11-10 01:03:29 - [MESSAGE][PASSED] - Text 'johorrio3@gmail.com' is set on object 'Object Repository/Final Object Repo/Login Page/Internal User/Email Address'

2018-11-10 01:03:29 - [TEST_STEP][PASSED] - click: Object: 'Object Repository/Final Object Repo/Login Page/Internal User/Next Button' is clicked on

2018-11-10 01:03:29 - [MESSAGE][PASSED] - Object: 'Object Repository/Final Object Repo/Login Page/Internal User/Next Button' is clicked on

2018-11-10 01:03:29 - [TEST_STEP][PASSED] - delay: Delayed 1 second(s)

2018-11-10 01:03:30 - [MESSAGE][PASSED] - Delayed 1 second(s)

2018-11-10 01:03:30 - [TEST_STEP][PASSED] - setEncryptedText: Text ****** has been set on object 'Object Repository/Final Object Repo/Login Page/Internal User/Password'

2018-11-10 01:03:31 - [MESSAGE][PASSED] - Text ****** has been set on object 'Object Repository/Final Object Repo/Login Page/Internal User/Password'

2018-11-10 01:03:31 - [TEST_STEP][PASSED] - click: Object: 'Object Repository/Final Object Repo/Login Page/Internal User/Login Button' is clicked on

2018-11-10 01:03:33 - [MESSAGE][PASSED] - Object: 'Object Repository/Final Object Repo/Login Page/Internal User/Login Button' is clicked on

2018-11-10 01:03:33 - [TEST_STEP][PASSED] - delay: Delayed 2 second(s)

2018-11-10 01:03:35 - [MESSAGE][PASSED] - Delayed 2 second(s)

2018-11-10 01:03:35 - [TEST_STEP][PASSED] - Statement - Try: Delayed 2 second(s)

2018-11-10 01:03:35 - [TEST_STEP][PASSED] - Statement - Checker = false: null

2018-11-10 01:03:35 - [TEST_STEP][PASSED] - Statement - Checker = com.kms.katalon.core.webui.keyword.WebUiBuiltInKeywords.verifyElementHasAttribute(com.kms.katalon.core.testobject.ObjectRepository.findTestObject(Final Object Repo/Landing Page/BM Detecting), "href", 20, OPTIONAL): Object 'Object Repository/Final Object Repo/Landing Page/BM Detecting' has attribute 'href'

2018-11-10 01:03:35 - [MESSAGE][PASSED] - Object 'Object Repository/Final Object Repo/Landing Page/BM Detecting' has attribute 'href'

2018-11-10 01:03:35 - [TEST_STEP][PASSED] - Statement - out.println(Checker): null

2018-11-10 01:03:35 - [TEST_STEP][PASSED] - Statement - If (Checker == false): null

2018-11-10 01:03:35 - [TEST_STEP][PASSED] - Statement - Else: null

2018-11-10 01:03:35 - [TEST_STEP][PASSED] - delay: Delayed 2 second(s)

2018-11-10 01:03:37 - [MESSAGE][PASSED] - Delayed 2 second(s)

2018-11-10 01:03:37 - [TEST_STEP][PASSED] - click: Object: 'Object Repository/Final Object Repo/Page_MyASSIST - ASSIST - Search Pending Case For Add Supporting Document/Search Information' is clicked on

2018-11-10 01:03:37 - [MESSAGE][PASSED] - Object: 'Object Repository/Final Object Repo/Page_MyASSIST - ASSIST - Search Pending Case For Add Supporting Document/Search Information' is clicked on

2018-11-10 01:03:37 - [TEST_STEP][PASSED] - delay: Delayed 3 second(s)

2018-11-10 01:03:40 - [MESSAGE][PASSED] - Delayed 3 second(s)

2018-11-10 01:03:40 - [TEST_STEP][PASSED] - sendKeys: Keys 'SSN11201800001126' sent to object: 'Object Repository/Final Object Repo/Page_MyASSIST - ASSIST - Search Pending Case For Add Supporting Document/Reference No'

2018-11-10 01:03:40 - [MESSAGE][PASSED] - Keys 'SSN11201800001126' sent to object: 'Object Repository/Final Object Repo/Page_MyASSIST - ASSIST - Search Pending Case For Add Supporting Document/Reference No'

2018-11-10 01:03:40 - [TEST_STEP][PASSED] - click: Object: 'Object Repository/Final Object Repo/Page_MyASSIST - ASSIST - Search Pending Case For Add Supporting Document/Search Reference No' is clicked on

2018-11-10 01:03:43 - [MESSAGE][PASSED] - Object: 'Object Repository/Final Object Repo/Page_MyASSIST - ASSIST - Search Pending Case For Add Supporting Document/Search Reference No' is clicked on

2018-11-10 01:03:43 - [TEST_STEP][PASSED] - delay: Delayed 2 second(s)

2018-11-10 01:03:45 - [MESSAGE][PASSED] - Delayed 2 second(s)

2018-11-10 01:03:45 - [TEST_STEP][PASSED] - click: Object: 'Object Repository/Final Object Repo/Page_MyASSIST - ASSIST - Search Pending Case For Add Supporting Document/Continue' is clicked on

2018-11-10 01:03:53 - [MESSAGE][PASSED] - Object: 'Object Repository/Final Object Repo/Page_MyASSIST - ASSIST - Search Pending Case For Add Supporting Document/Continue' is clicked on

2018-11-10 01:03:53 - [TEST_STEP][PASSED] - delay: Delayed 20 second(s)

2018-11-10 01:04:13 - [MESSAGE][PASSED] - Delayed 20 second(s)

2018-11-10 01:04:13 - [MESSAGE][PASSED] - Call Test Case 'Test Cases/Final Aug 2018 - PKS Automation/Registration Module/Workflow/Login and Search Case For Workflow' successfully

2018-11-10 01:04:13 - [TEST_STEP][PASSED] - callTestCase: Call Test Case 'Test Cases/Final Aug 2018 - PKS Automation/Registration Module/Workflow/Request SSN/Template/Request SSN - RIO' successfully

2018-11-10 01:04:13 - [TEST_CASE][PASSED] - Test Cases/Final Aug 2018 - PKS Automation/Registration Module/Workflow/Request SSN/Template/Request SSN - RIO: Test Cases/Final Aug 2018 - PKS Automation/Registration Module/Workflow/Request SSN/Template/Request SSN - RIO

2018-11-10 01:04:13 - [TEST_STEP][NOT_RUN] - openBrowser: NOT_RUN: openBrowser

2018-11-10 01:04:13 - [MESSAGE][NOT_RUN] - NOT_RUN: openBrowser

2018-11-10 01:04:13 - [TEST_STEP][NOT_RUN] - navigateToUrl: NOT_RUN: navigateToUrl

2018-11-10 01:04:13 - [MESSAGE][NOT_RUN] - NOT_RUN: navigateToUrl

2018-11-10 01:04:13 - [TEST_STEP][NOT_RUN] - setText: NOT_RUN: setText

2018-11-10 01:04:13 - [MESSAGE][NOT_RUN] - NOT_RUN: setText

2018-11-10 01:04:13 - [TEST_STEP][NOT_RUN] - click: NOT_RUN: click

2018-11-10 01:04:13 - [MESSAGE][NOT_RUN] - NOT_RUN: click

2018-11-10 01:04:13 - [TEST_STEP][NOT_RUN] - delay: NOT_RUN: delay

2018-11-10 01:04:13 - [MESSAGE][NOT_RUN] - NOT_RUN: delay

2018-11-10 01:04:13 - [TEST_STEP][NOT_RUN] - setEncryptedText: NOT_RUN: setEncryptedText

2018-11-10 01:04:13 - [MESSAGE][NOT_RUN] - NOT_RUN: setEncryptedText

2018-11-10 01:04:13 - [TEST_STEP][NOT_RUN] - click: NOT_RUN: click

2018-11-10 01:04:13 - [MESSAGE][NOT_RUN] - NOT_RUN: click

2018-11-10 01:04:13 - [TEST_STEP][NOT_RUN] - delay: NOT_RUN: delay

2018-11-10 01:04:13 - [MESSAGE][NOT_RUN] - NOT_RUN: delay

2018-11-10 01:04:13 - [TEST_STEP][NOT_RUN] - click: NOT_RUN: click

2018-11-10 01:04:13 - [MESSAGE][NOT_RUN] - NOT_RUN: click

2018-11-10 01:04:13 - [TEST_STEP][NOT_RUN] - sendKeys: NOT_RUN: sendKeys

2018-11-10 01:04:13 - [MESSAGE][NOT_RUN] - NOT_RUN: sendKeys

2018-11-10 01:04:13 - [TEST_STEP][NOT_RUN] - click: NOT_RUN: click

2018-11-10 01:04:13 - [MESSAGE][NOT_RUN] - NOT_RUN: click

2018-11-10 01:04:13 - [TEST_STEP][NOT_RUN] - delay: NOT_RUN: delay

2018-11-10 01:04:13 - [MESSAGE][NOT_RUN] - NOT_RUN: delay

2018-11-10 01:04:13 - [TEST_STEP][NOT_RUN] - click: NOT_RUN: click

2018-11-10 01:04:13 - [MESSAGE][NOT_RUN] - NOT_RUN: click

2018-11-10 01:04:13 - [TEST_STEP][PASSED] - click: Object: 'Object Repository/Final Object Repo/Page_Request SSN - ASSIST/Page_Request SSN - ASSIST - RIO/Recommend For SSN' is clicked on

2018-11-10 01:04:14 - [MESSAGE][PASSED] - Object: 'Object Repository/Final Object Repo/Page_Request SSN - ASSIST/Page_Request SSN - ASSIST - RIO/Recommend For SSN' is clicked on

2018-11-10 01:04:14 - [TEST_STEP][PASSED] - click: Object: 'Object Repository/Final Object Repo/Page_Request SSN - ASSIST/Page_Request SSN - ASSIST - RIO/Recommend For SSN  - Yes' is clicked on

2018-11-10 01:04:14 - [MESSAGE][PASSED] - Object: 'Object Repository/Final Object Repo/Page_Request SSN - ASSIST/Page_Request SSN - ASSIST - RIO/Recommend For SSN  - Yes' is clicked on

2018-11-10 01:04:14 - [TEST_STEP][PASSED] - delay: Delayed 2 second(s)

2018-11-10 01:04:16 - [MESSAGE][PASSED] - Delayed 2 second(s)

2018-11-10 01:04:16 - [TEST_STEP][PASSED] - click: Object: 'Object Repository/Final Object Repo/Page_Request SSN - ASSIST/Page_Request SSN - ASSIST - RIO/Save  Continue in SSN page' is clicked on

2018-11-10 01:04:22 - [MESSAGE][PASSED] - Object: 'Object Repository/Final Object Repo/Page_Request SSN - ASSIST/Page_Request SSN - ASSIST - RIO/Save  Continue in SSN page' is clicked on

2018-11-10 01:04:22 - [TEST_STEP][PASSED] - delay: Delayed 2 second(s)

2018-11-10 01:04:24 - [MESSAGE][PASSED] - Delayed 2 second(s)

2018-11-10 01:04:24 - [TEST_STEP][PASSED] - click: Object: 'Object Repository/Final Object Repo/Page_Request SSN - ASSIST/Page_Request SSN - ASSIST - RIO/Save  Continue in Upload Document Page' is clicked on

2018-11-10 01:04:29 - [MESSAGE][PASSED] - Object: 'Object Repository/Final Object Repo/Page_Request SSN - ASSIST/Page_Request SSN - ASSIST - RIO/Save  Continue in Upload Document Page' is clicked on

2018-11-10 01:04:29 - [TEST_STEP][PASSED] - delay: Delayed 2 second(s)

2018-11-10 01:04:31 - [MESSAGE][PASSED] - Delayed 2 second(s)

2018-11-10 01:04:31 - [TEST_STEP][PASSED] - click: Object: 'Object Repository/Final Object Repo/Page_Request SSN - ASSIST/Page_Request SSN - ASSIST - RIO/Submit' is clicked on

2018-11-10 01:04:31 - [MESSAGE][PASSED] - Object: 'Object Repository/Final Object Repo/Page_Request SSN - ASSIST/Page_Request SSN - ASSIST - RIO/Submit' is clicked on

2018-11-10 01:04:31 - [TEST_STEP][PASSED] - delay: Delayed 2 second(s)

2018-11-10 01:04:33 - [MESSAGE][PASSED] - Delayed 2 second(s)

2018-11-10 01:04:33 - [TEST_STEP][PASSED] - click: Object: 'Object Repository/Final Object Repo/Page_Request SSN - ASSIST/Page_Request SSN - ASSIST - RIO/Confirm' is clicked on

2018-11-10 01:04:38 - [MESSAGE][PASSED] - Object: 'Object Repository/Final Object Repo/Page_Request SSN - ASSIST/Page_Request SSN - ASSIST - RIO/Confirm' is clicked on

2018-11-10 01:04:38 - [MESSAGE][PASSED] - Call Test Case 'Test Cases/Final Aug 2018 - PKS Automation/Registration Module/Workflow/Request SSN/Template/Request SSN - RIO' successfully

2018-11-10 01:04:38 - [TEST_STEP][PASSED] - delay: Delayed 2 second(s)

2018-11-10 01:04:40 - [MESSAGE][PASSED] - Delayed 2 second(s)

2018-11-10 01:04:40 - [TEST_STEP][PASSED] - navigateToUrl: Navigate to 'https://assist2-uat.perkeso.gov.my/c/portal/logout' successfully

2018-11-10 01:04:41 - [MESSAGE][PASSED] - Navigate to 'https://assist2-uat.perkeso.gov.my/c/portal/logout' successfully

2018-11-10 01:04:41 - [TEST_STEP][PASSED] - delay: Delayed 2 second(s)

2018-11-10 01:04:43 - [MESSAGE][PASSED] - Delayed 2 second(s)

2018-11-10 01:04:43 - [TEST_STEP][PASSED] - callTestCase: Call Test Case 'Test Cases/Final Aug 2018 - PKS Automation/Common/Workflow Owner Finder' successfully

2018-11-10 01:04:43 - [TEST_CASE][PASSED] - Test Cases/Final Aug 2018 - PKS Automation/Common/Workflow Owner Finder: Test Cases/Final Aug 2018 - PKS Automation/Common/Workflow Owner Finder

2018-11-10 01:04:43 - [TEST_STEP][PASSED] - openBrowser: Browser is opened with url: ''

2018-11-10 01:04:43 - [MESSAGE][WARNING] - A browser is already opened. Closing browser and opening a new one

2018-11-10 01:04:48 - [MESSAGE][PASSED] - Browser is opened with url: ''

2018-11-10 01:04:48 - [TEST_STEP][PASSED] - navigateToUrl: Navigate to 'https://assist2-uat.perkeso.gov.my/login' successfully

2018-11-10 01:04:49 - [MESSAGE][PASSED] - Navigate to 'https://assist2-uat.perkeso.gov.my/login' successfully

2018-11-10 01:04:49 - [TEST_STEP][PASSED] - delay: Delayed 5 second(s)

2018-11-10 01:04:54 - [MESSAGE][PASSED] - Delayed 5 second(s)

2018-11-10 01:04:54 - [TEST_STEP][PASSED] - setText: Text 'test@liferay.com' is set on object 'Object Repository/Final Object Repo/Login Page/Internal User/Email Address'

2018-11-10 01:04:55 - [MESSAGE][PASSED] - Text 'test@liferay.com' is set on object 'Object Repository/Final Object Repo/Login Page/Internal User/Email Address'

2018-11-10 01:04:55 - [TEST_STEP][PASSED] - click: Object: 'Object Repository/Final Object Repo/Login Page/Internal User/Next Button' is clicked on

2018-11-10 01:04:55 - [MESSAGE][PASSED] - Object: 'Object Repository/Final Object Repo/Login Page/Internal User/Next Button' is clicked on

2018-11-10 01:04:55 - [TEST_STEP][PASSED] - delay: Delayed 2 second(s)

2018-11-10 01:04:57 - [MESSAGE][PASSED] - Delayed 2 second(s)

2018-11-10 01:04:57 - [TEST_STEP][PASSED] - setText: Text 'test' is set on object 'Object Repository/Final Object Repo/Login Page/Internal User/Password'

2018-11-10 01:04:57 - [MESSAGE][PASSED] - Text 'test' is set on object 'Object Repository/Final Object Repo/Login Page/Internal User/Password'

2018-11-10 01:04:57 - [TEST_STEP][PASSED] - delay: Delayed 2 second(s)

2018-11-10 01:04:59 - [MESSAGE][PASSED] - Delayed 2 second(s)

2018-11-10 01:04:59 - [TEST_STEP][PASSED] - click: Object: 'Object Repository/Final Object Repo/Login Page/Internal User/Login Button' is clicked on

2018-11-10 01:05:03 - [MESSAGE][PASSED] - Object: 'Object Repository/Final Object Repo/Login Page/Internal User/Login Button' is clicked on

2018-11-10 01:05:03 - [TEST_STEP][PASSED] - Statement - Try: Delayed 2 second(s)

2018-11-10 01:05:03 - [TEST_STEP][PASSED] - Statement - Checker = false: null

2018-11-10 01:05:03 - [TEST_STEP][PASSED] - Statement - Checker = com.kms.katalon.core.webui.keyword.WebUiBuiltInKeywords.verifyElementHasAttribute(com.kms.katalon.core.testobject.ObjectRepository.findTestObject(Final Object Repo/Landing Page/BM Detecting), "href", 20, OPTIONAL): Object 'Object Repository/Final Object Repo/Landing Page/BM Detecting' has attribute 'href'

2018-11-10 01:05:03 - [MESSAGE][PASSED] - Object 'Object Repository/Final Object Repo/Landing Page/BM Detecting' has attribute 'href'

2018-11-10 01:05:03 - [TEST_STEP][PASSED] - Statement - out.println(Checker): null

2018-11-10 01:05:03 - [TEST_STEP][PASSED] - Statement - If (Checker == false): null

2018-11-10 01:05:03 - [TEST_STEP][PASSED] - Statement - Else: null

2018-11-10 01:05:03 - [TEST_STEP][PASSED] - delay: Delayed 2 second(s)

2018-11-10 01:05:05 - [MESSAGE][PASSED] - Delayed 2 second(s)

2018-11-10 01:05:05 - [TEST_STEP][PASSED] - delay: Delayed 3 second(s)

2018-11-10 01:05:08 - [MESSAGE][PASSED] - Delayed 3 second(s)

2018-11-10 01:05:08 - [TEST_STEP][PASSED] - mouseOver: Object: 'Object Repository/Final Object Repo/Landing Page/WorkFlow Menu' is hovered

2018-11-10 01:05:08 - [MESSAGE][PASSED] - Object: 'Object Repository/Final Object Repo/Landing Page/WorkFlow Menu' is hovered

2018-11-10 01:05:08 - [TEST_STEP][PASSED] - delay: Delayed 2 second(s)

2018-11-10 01:05:10 - [MESSAGE][PASSED] - Delayed 2 second(s)

2018-11-10 01:05:10 - [TEST_STEP][PASSED] - click: Object: 'Object Repository/Final Object Repo/Landing Page/Select to Workflow Listing' is clicked on

2018-11-10 01:05:12 - [MESSAGE][PASSED] - Object: 'Object Repository/Final Object Repo/Landing Page/Select to Workflow Listing' is clicked on

2018-11-10 01:05:12 - [TEST_STEP][PASSED] - delay: Delayed 2 second(s)

2018-11-10 01:05:14 - [MESSAGE][PASSED] - Delayed 2 second(s)

2018-11-10 01:05:14 - [TEST_STEP][PASSED] - click: Object: 'Object Repository/Final Object Repo/WorkFlow Listing Page/Search Information - To Put Ref No' is clicked on

2018-11-10 01:05:14 - [MESSAGE][PASSED] - Object: 'Object Repository/Final Object Repo/WorkFlow Listing Page/Search Information - To Put Ref No' is clicked on

2018-11-10 01:05:14 - [TEST_STEP][PASSED] - delay: Delayed 2 second(s)

2018-11-10 01:05:16 - [MESSAGE][PASSED] - Delayed 2 second(s)

2018-11-10 01:05:16 - [TEST_STEP][PASSED] - callTestCase: Call Test Case 'Test Cases/Final Aug 2018 - PKS Automation/Common/Reference Number Getter' successfully

2018-11-10 01:05:16 - [TEST_CASE][PASSED] - Test Cases/Final Aug 2018 - PKS Automation/Common/Reference Number Getter: Test Cases/Final Aug 2018 - PKS Automation/Common/Reference Number Getter

2018-11-10 01:05:16 - [TEST_STEP][PASSED] - Statement - Try: null

2018-11-10 01:05:16 - [TEST_STEP][PASSED] - Statement - RefNo = new java.io.File(C://KatalonReference.txt): null

2018-11-10 01:05:16 - [TEST_STEP][PASSED] - Statement - bufferread = new java.io.BufferedReader(new java.io.FileReader(RefNo)): null

2018-11-10 01:05:16 - [TEST_STEP][PASSED] - Statement - readedVal = bufferread.readLine(): null

2018-11-10 01:05:16 - [TEST_STEP][PASSED] - Statement - out.println(CaseReferenceNo): null

2018-11-10 01:05:16 - [TEST_STEP][PASSED] - Statement - out.println(readedVal): null

2018-11-10 01:05:16 - [TEST_STEP][PASSED] - Statement - CaseReferenceNo = readedVal: null

2018-11-10 01:05:16 - [MESSAGE][PASSED] - Call Test Case 'Test Cases/Final Aug 2018 - PKS Automation/Common/Reference Number Getter' successfully

2018-11-10 01:05:16 - [TEST_STEP][PASSED] - setText: Text 'SSN11201800001126' is set on object 'Object Repository/Final Object Repo/WorkFlow Listing Page/Ref No Set Text'

2018-11-10 01:05:16 - [MESSAGE][PASSED] - Text 'SSN11201800001126' is set on object 'Object Repository/Final Object Repo/WorkFlow Listing Page/Ref No Set Text'

2018-11-10 01:05:16 - [TEST_STEP][PASSED] - delay: Delayed 2 second(s)

2018-11-10 01:05:18 - [MESSAGE][PASSED] - Delayed 2 second(s)

2018-11-10 01:05:18 - [TEST_STEP][PASSED] - click: Object: 'Object Repository/Final Object Repo/WorkFlow Listing Page/Search Ref No Search Button' is clicked on

2018-11-10 01:05:20 - [MESSAGE][PASSED] - Object: 'Object Repository/Final Object Repo/WorkFlow Listing Page/Search Ref No Search Button' is clicked on

2018-11-10 01:05:20 - [TEST_STEP][PASSED] - delay: Delayed 4 second(s)

2018-11-10 01:05:24 - [MESSAGE][PASSED] - Delayed 4 second(s)

2018-11-10 01:05:24 - [TEST_STEP][PASSED] - click: Object: 'Object Repository/Final Object Repo/WorkFlow Listing Page/Click Continue Tooltip' is clicked on

2018-11-10 01:05:25 - [MESSAGE][PASSED] - Object: 'Object Repository/Final Object Repo/WorkFlow Listing Page/Click Continue Tooltip' is clicked on

2018-11-10 01:05:25 - [TEST_STEP][PASSED] - delay: Delayed 5 second(s)

2018-11-10 01:05:30 - [MESSAGE][PASSED] - Delayed 5 second(s)

2018-11-10 01:05:30 - [TEST_STEP][PASSED] - doubleClick: Object: 'Object Repository/Final Object Repo/WorkFlow Listing Page/Workflow Found - Listing 1' is double clicked on

2018-11-10 01:05:30 - [MESSAGE][PASSED] - Object: 'Object Repository/Final Object Repo/WorkFlow Listing Page/Workflow Found - Listing 1' is double clicked on

2018-11-10 01:05:30 - [TEST_STEP][PASSED] - Statement - println(OwnerID): null

2018-11-10 01:05:30 - [TEST_STEP][PASSED] - Statement - OwnerID = com.kms.katalon.core.webui.keyword.WebUiBuiltInKeywords.getText(com.kms.katalon.core.testobject.ObjectRepository.findTestObject(Final Object Repo/WorkFlow Listing Page/Workflow Found - Listing 1), STOP_ON_FAILURE): Text of object 'Object Repository/Final Object Repo/WorkFlow Listing Page/Workflow Found - Listing 1' is: 'JOHORro1'

2018-11-10 01:05:30 - [MESSAGE][PASSED] - Text of object 'Object Repository/Final Object Repo/WorkFlow Listing Page/Workflow Found - Listing 1' is: 'JOHORro1'

2018-11-10 01:05:30 - [TEST_STEP][PASSED] - Statement - OwnerID = OwnerID.toLowerCase() + "@gmail.com": null

2018-11-10 01:05:30 - [TEST_STEP][PASSED] - Statement - println(OwnerID): null

2018-11-10 01:05:30 - [TEST_STEP][PASSED] - delay: Delayed 2 second(s)

2018-11-10 01:05:32 - [MESSAGE][PASSED] - Delayed 2 second(s)

2018-11-10 01:05:32 - [MESSAGE][PASSED] - Call Test Case 'Test Cases/Final Aug 2018 - PKS Automation/Common/Workflow Owner Finder' successfully

2018-11-10 01:05:32 - [TEST_STEP][PASSED] - delay: Delayed 2 second(s)

2018-11-10 01:05:34 - [MESSAGE][PASSED] - Delayed 2 second(s)

2018-11-10 01:05:34 - [TEST_STEP][PASSED] - navigateToUrl: Navigate to 'https://assist2-uat.perkeso.gov.my/c/portal/logout' successfully

2018-11-10 01:05:35 - [MESSAGE][PASSED] - Navigate to 'https://assist2-uat.perkeso.gov.my/c/portal/logout' successfully

2018-11-10 01:05:35 - [TEST_STEP][PASSED] - delay: Delayed 2 second(s)

2018-11-10 01:05:37 - [MESSAGE][PASSED] - Delayed 2 second(s)

2018-11-10 01:05:37 - [TEST_STEP][PASSED] - callTestCase: Call Test Case 'Test Cases/Final Aug 2018 - PKS Automation/Registration Module/Workflow/Login and Search Case For Workflow' successfully

2018-11-10 01:05:37 - [TEST_CASE][PASSED] - Test Cases/Final Aug 2018 - PKS Automation/Registration Module/Workflow/Login and Search Case For Workflow: Test Cases/Final Aug 2018 - PKS Automation/Registration Module/Workflow/Login and Search Case For Workflow

2018-11-10 01:05:37 - [TEST_STEP][PASSED] - navigateToUrl: Navigate to 'https://assist2-uat.perkeso.gov.my/login' successfully

2018-11-10 01:05:38 - [MESSAGE][PASSED] - Navigate to 'https://assist2-uat.perkeso.gov.my/login' successfully

2018-11-10 01:05:38 - [TEST_STEP][PASSED] - setText: Text 'johorro1@gmail.com' is set on object 'Object Repository/Final Object Repo/Login Page/Internal User/Email Address'

2018-11-10 01:05:38 - [MESSAGE][PASSED] - Text 'johorro1@gmail.com' is set on object 'Object Repository/Final Object Repo/Login Page/Internal User/Email Address'

2018-11-10 01:05:38 - [TEST_STEP][PASSED] - click: Object: 'Object Repository/Final Object Repo/Login Page/Internal User/Next Button' is clicked on

2018-11-10 01:05:39 - [MESSAGE][PASSED] - Object: 'Object Repository/Final Object Repo/Login Page/Internal User/Next Button' is clicked on

2018-11-10 01:05:39 - [TEST_STEP][PASSED] - delay: Delayed 1 second(s)

2018-11-10 01:05:40 - [MESSAGE][PASSED] - Delayed 1 second(s)

2018-11-10 01:05:40 - [TEST_STEP][PASSED] - setEncryptedText: Text ****** has been set on object 'Object Repository/Final Object Repo/Login Page/Internal User/Password'

2018-11-10 01:05:40 - [MESSAGE][PASSED] - Text ****** has been set on object 'Object Repository/Final Object Repo/Login Page/Internal User/Password'

2018-11-10 01:05:40 - [TEST_STEP][PASSED] - click: Object: 'Object Repository/Final Object Repo/Login Page/Internal User/Login Button' is clicked on

2018-11-10 01:05:42 - [MESSAGE][PASSED] - Object: 'Object Repository/Final Object Repo/Login Page/Internal User/Login Button' is clicked on

2018-11-10 01:05:42 - [TEST_STEP][PASSED] - delay: Delayed 2 second(s)

2018-11-10 01:05:44 - [MESSAGE][PASSED] - Delayed 2 second(s)

2018-11-10 01:05:44 - [TEST_STEP][PASSED] - Statement - Try: Delayed 2 second(s)

2018-11-10 01:05:44 - [TEST_STEP][PASSED] - Statement - Checker = false: null

2018-11-10 01:05:44 - [TEST_STEP][PASSED] - Statement - Checker = com.kms.katalon.core.webui.keyword.WebUiBuiltInKeywords.verifyElementHasAttribute(com.kms.katalon.core.testobject.ObjectRepository.findTestObject(Final Object Repo/Landing Page/BM Detecting), "href", 20, OPTIONAL): Object 'Object Repository/Final Object Repo/Landing Page/BM Detecting' has attribute 'href'

2018-11-10 01:05:44 - [MESSAGE][PASSED] - Object 'Object Repository/Final Object Repo/Landing Page/BM Detecting' has attribute 'href'

2018-11-10 01:05:44 - [TEST_STEP][PASSED] - Statement - out.println(Checker): null

2018-11-10 01:05:44 - [TEST_STEP][PASSED] - Statement - If (Checker == false): null

2018-11-10 01:05:44 - [TEST_STEP][PASSED] - Statement - Else: null

2018-11-10 01:05:44 - [TEST_STEP][PASSED] - delay: Delayed 2 second(s)

2018-11-10 01:05:46 - [MESSAGE][PASSED] - Delayed 2 second(s)

2018-11-10 01:05:46 - [TEST_STEP][PASSED] - click: Object: 'Object Repository/Final Object Repo/Page_MyASSIST - ASSIST - Search Pending Case For Add Supporting Document/Search Information' is clicked on

2018-11-10 01:05:46 - [MESSAGE][PASSED] - Object: 'Object Repository/Final Object Repo/Page_MyASSIST - ASSIST - Search Pending Case For Add Supporting Document/Search Information' is clicked on

2018-11-10 01:05:46 - [TEST_STEP][PASSED] - delay: Delayed 3 second(s)

2018-11-10 01:05:49 - [MESSAGE][PASSED] - Delayed 3 second(s)

2018-11-10 01:05:49 - [TEST_STEP][PASSED] - sendKeys: Keys 'SSN11201800001126' sent to object: 'Object Repository/Final Object Repo/Page_MyASSIST - ASSIST - Search Pending Case For Add Supporting Document/Reference No'

2018-11-10 01:05:50 - [MESSAGE][PASSED] - Keys 'SSN11201800001126' sent to object: 'Object Repository/Final Object Repo/Page_MyASSIST - ASSIST - Search Pending Case For Add Supporting Document/Reference No'

2018-11-10 01:05:50 - [TEST_STEP][PASSED] - click: Object: 'Object Repository/Final Object Repo/Page_MyASSIST - ASSIST - Search Pending Case For Add Supporting Document/Search Reference No' is clicked on

2018-11-10 01:05:51 - [MESSAGE][PASSED] - Object: 'Object Repository/Final Object Repo/Page_MyASSIST - ASSIST - Search Pending Case For Add Supporting Document/Search Reference No' is clicked on

2018-11-10 01:05:51 - [TEST_STEP][PASSED] - delay: Delayed 2 second(s)

2018-11-10 01:05:53 - [MESSAGE][PASSED] - Delayed 2 second(s)

2018-11-10 01:05:53 - [TEST_STEP][PASSED] - click: Object: 'Object Repository/Final Object Repo/Page_MyASSIST - ASSIST - Search Pending Case For Add Supporting Document/Continue' is clicked on

2018-11-10 01:06:01 - [MESSAGE][PASSED] - Object: 'Object Repository/Final Object Repo/Page_MyASSIST - ASSIST - Search Pending Case For Add Supporting Document/Continue' is clicked on

2018-11-10 01:06:01 - [TEST_STEP][PASSED] - delay: Delayed 20 second(s)

2018-11-10 01:06:21 - [MESSAGE][PASSED] - Delayed 20 second(s)

2018-11-10 01:06:21 - [MESSAGE][PASSED] - Call Test Case 'Test Cases/Final Aug 2018 - PKS Automation/Registration Module/Workflow/Login and Search Case For Workflow' successfully

2018-11-10 01:06:21 - [TEST_STEP][PASSED] - callTestCase: Call Test Case 'Test Cases/Final Aug 2018 - PKS Automation/Registration Module/Workflow/Request SSN/Template/Request SSN - RO (Under enforcement)' successfully

2018-11-10 01:06:21 - [TEST_CASE][PASSED] - Test Cases/Final Aug 2018 - PKS Automation/Registration Module/Workflow/Request SSN/Template/Request SSN - RO (Under enforcement): Test Cases/Final Aug 2018 - PKS Automation/Registration Module/Workflow/Request SSN/Template/Request SSN - RO (Under enforcement)

2018-11-10 01:06:21 - [TEST_STEP][NOT_RUN] - openBrowser: NOT_RUN: openBrowser

2018-11-10 01:06:21 - [MESSAGE][NOT_RUN] - NOT_RUN: openBrowser

2018-11-10 01:06:21 - [TEST_STEP][NOT_RUN] - navigateToUrl: NOT_RUN: navigateToUrl

2018-11-10 01:06:21 - [MESSAGE][NOT_RUN] - NOT_RUN: navigateToUrl

2018-11-10 01:06:21 - [TEST_STEP][NOT_RUN] - setText: NOT_RUN: setText

2018-11-10 01:06:21 - [MESSAGE][NOT_RUN] - NOT_RUN: setText

2018-11-10 01:06:21 - [TEST_STEP][NOT_RUN] - click: NOT_RUN: click

2018-11-10 01:06:21 - [MESSAGE][NOT_RUN] - NOT_RUN: click

2018-11-10 01:06:21 - [TEST_STEP][NOT_RUN] - delay: NOT_RUN: delay

2018-11-10 01:06:21 - [MESSAGE][NOT_RUN] - NOT_RUN: delay

2018-11-10 01:06:21 - [TEST_STEP][NOT_RUN] - setEncryptedText: NOT_RUN: setEncryptedText

2018-11-10 01:06:21 - [MESSAGE][NOT_RUN] - NOT_RUN: setEncryptedText

2018-11-10 01:06:21 - [TEST_STEP][NOT_RUN] - click: NOT_RUN: click

2018-11-10 01:06:21 - [MESSAGE][NOT_RUN] - NOT_RUN: click

2018-11-10 01:06:21 - [TEST_STEP][NOT_RUN] - delay: NOT_RUN: delay

2018-11-10 01:06:21 - [MESSAGE][NOT_RUN] - NOT_RUN: delay

2018-11-10 01:06:21 - [TEST_STEP][NOT_RUN] - click: NOT_RUN: click

2018-11-10 01:06:21 - [MESSAGE][NOT_RUN] - NOT_RUN: click

2018-11-10 01:06:21 - [TEST_STEP][NOT_RUN] - delay: NOT_RUN: delay

2018-11-10 01:06:21 - [MESSAGE][NOT_RUN] - NOT_RUN: delay

2018-11-10 01:06:21 - [TEST_STEP][NOT_RUN] - sendKeys: NOT_RUN: sendKeys

2018-11-10 01:06:21 - [MESSAGE][NOT_RUN] - NOT_RUN: sendKeys

2018-11-10 01:06:21 - [TEST_STEP][NOT_RUN] - click: NOT_RUN: click

2018-11-10 01:06:21 - [MESSAGE][NOT_RUN] - NOT_RUN: click

2018-11-10 01:06:21 - [TEST_STEP][NOT_RUN] - delay: NOT_RUN: delay

2018-11-10 01:06:21 - [MESSAGE][NOT_RUN] - NOT_RUN: delay

2018-11-10 01:06:21 - [TEST_STEP][NOT_RUN] - click: NOT_RUN: click

2018-11-10 01:06:21 - [MESSAGE][NOT_RUN] - NOT_RUN: click

2018-11-10 01:06:21 - [TEST_STEP][PASSED] - click: Object: 'Object Repository/Final Object Repo/Page_Request SSN - ASSIST/Page_Request SSN - ASSIST - RO/Approval For SSN' is clicked on

2018-11-10 01:06:22 - [MESSAGE][PASSED] - Object: 'Object Repository/Final Object Repo/Page_Request SSN - ASSIST/Page_Request SSN - ASSIST - RO/Approval For SSN' is clicked on

2018-11-10 01:06:22 - [TEST_STEP][PASSED] - click: Object: 'Object Repository/Final Object Repo/Page_Request SSN - ASSIST/Page_Request SSN - ASSIST - RO/Approval For SSN - Approve' is clicked on

2018-11-10 01:06:22 - [MESSAGE][PASSED] - Object: 'Object Repository/Final Object Repo/Page_Request SSN - ASSIST/Page_Request SSN - ASSIST - RO/Approval For SSN - Approve' is clicked on

2018-11-10 01:06:22 - [TEST_STEP][PASSED] - delay: Delayed 2 second(s)

2018-11-10 01:06:24 - [MESSAGE][PASSED] - Delayed 2 second(s)

2018-11-10 01:06:24 - [TEST_STEP][PASSED] - click: Object: 'Object Repository/Final Object Repo/Page_Request SSN - ASSIST/Page_Request SSN - ASSIST - RO/Save  Continue in SSN Page' is clicked on

2018-11-10 01:06:30 - [MESSAGE][PASSED] - Object: 'Object Repository/Final Object Repo/Page_Request SSN - ASSIST/Page_Request SSN - ASSIST - RO/Save  Continue in SSN Page' is clicked on

2018-11-10 01:06:30 - [TEST_STEP][PASSED] - delay: Delayed 2 second(s)

2018-11-10 01:06:32 - [MESSAGE][PASSED] - Delayed 2 second(s)

2018-11-10 01:06:32 - [TEST_STEP][PASSED] - click: Object: 'Object Repository/Final Object Repo/Page_Request SSN - ASSIST/Page_Request SSN - ASSIST - RO/Save  Continue in Uploading Document Page' is clicked on

2018-11-10 01:06:37 - [MESSAGE][PASSED] - Object: 'Object Repository/Final Object Repo/Page_Request SSN - ASSIST/Page_Request SSN - ASSIST - RO/Save  Continue in Uploading Document Page' is clicked on

2018-11-10 01:06:37 - [TEST_STEP][PASSED] - delay: Delayed 2 second(s)

2018-11-10 01:06:39 - [MESSAGE][PASSED] - Delayed 2 second(s)

2018-11-10 01:06:39 - [TEST_STEP][PASSED] - click: Object: 'Object Repository/Final Object Repo/Page_Request SSN - ASSIST/Page_Request SSN - ASSIST - RO/Page_Request SSN - ASSIST (Under enforcement)/Under Enforcement' is clicked on

2018-11-10 01:06:39 - [MESSAGE][PASSED] - Object: 'Object Repository/Final Object Repo/Page_Request SSN - ASSIST/Page_Request SSN - ASSIST - RO/Page_Request SSN - ASSIST (Under enforcement)/Under Enforcement' is clicked on

2018-11-10 01:06:39 - [TEST_STEP][PASSED] - delay: Delayed 2 second(s)

2018-11-10 01:06:41 - [MESSAGE][PASSED] - Delayed 2 second(s)

2018-11-10 01:06:41 - [TEST_STEP][PASSED] - sendKeys: Keys 'Remark' sent to object: 'Object Repository/Final Object Repo/Page_Request SSN - ASSIST/Page_Request SSN - ASSIST - RO/Page_Request SSN - ASSIST (Under enforcement)/Under Endorcement - Remark'

2018-11-10 01:06:41 - [MESSAGE][PASSED] - Keys 'Remark' sent to object: 'Object Repository/Final Object Repo/Page_Request SSN - ASSIST/Page_Request SSN - ASSIST - RO/Page_Request SSN - ASSIST (Under enforcement)/Under Endorcement - Remark'

2018-11-10 01:06:41 - [TEST_STEP][PASSED] - delay: Delayed 2 second(s)

2018-11-10 01:06:43 - [MESSAGE][PASSED] - Delayed 2 second(s)

2018-11-10 01:06:43 - [TEST_STEP][PASSED] - click: Object: 'Object Repository/Final Object Repo/Page_Request SSN - ASSIST/Page_Request SSN - ASSIST - RO/Page_Request SSN - ASSIST (Under enforcement)/Save  Continue in Under Enforcement Page' is clicked on

2018-11-10 01:06:49 - [MESSAGE][PASSED] - Object: 'Object Repository/Final Object Repo/Page_Request SSN - ASSIST/Page_Request SSN - ASSIST - RO/Page_Request SSN - ASSIST (Under enforcement)/Save  Continue in Under Enforcement Page' is clicked on

2018-11-10 01:06:49 - [TEST_STEP][PASSED] - delay: Delayed 2 second(s)

2018-11-10 01:06:51 - [MESSAGE][PASSED] - Delayed 2 second(s)

2018-11-10 01:06:51 - [TEST_STEP][PASSED] - verifyElementVisible: Object 'Object Repository/Final Object Repo/Page_Request SSN - ASSIST/Page_Request SSN - ASSIST - RO/Page_Request SSN - ASSIST (Under enforcement)/Message The case is under enforceme' is visible

2018-11-10 01:06:51 - [MESSAGE][PASSED] - Object 'Object Repository/Final Object Repo/Page_Request SSN - ASSIST/Page_Request SSN - ASSIST - RO/Page_Request SSN - ASSIST (Under enforcement)/Message The case is under enforceme' is visible

2018-11-10 01:06:51 - [TEST_STEP][PASSED] - delay: Delayed 2 second(s)

2018-11-10 01:06:53 - [MESSAGE][PASSED] - Delayed 2 second(s)

2018-11-10 01:06:53 - [TEST_STEP][PASSED] - click: Object: 'Object Repository/Final Object Repo/Page_Request SSN - ASSIST/Page_Request SSN - ASSIST - RO/Page_Request SSN - ASSIST (Under enforcement)/OK' is clicked on

2018-11-10 01:06:54 - [MESSAGE][PASSED] - Object: 'Object Repository/Final Object Repo/Page_Request SSN - ASSIST/Page_Request SSN - ASSIST - RO/Page_Request SSN - ASSIST (Under enforcement)/OK' is clicked on

2018-11-10 01:06:54 - [MESSAGE][PASSED] - Call Test Case 'Test Cases/Final Aug 2018 - PKS Automation/Registration Module/Workflow/Request SSN/Template/Request SSN - RO (Under enforcement)' successfully

2018-11-10 01:06:54 - [MESSAGE][PASSED] - Call Test Case 'Test Cases/Final Aug 2018 - PKS Automation/Registration Module/Workflow/Request SSN/Template/Request SSN RIO - RO (Under Enforcement)' successfully]]></system-out>
         <system-err><![CDATA[]]></system-err>
      </testcase>
      <system-out><![CDATA[2018-11-10 00:30:49 - [TEST_SUITE][FAILED] - Request SSN: Test Cases/Final Aug 2018 - PKS Automation/Registration Module/Workflow/Request SSN/OTC - RIO - RO (Approve) FAILED because (of) (Stack trace: com.kms.katalon.core.exception.StepFailedException: Unable to click on object 'Object Repository/Final Object Repo/WorkFlow Listing Page/Click Continue Tooltip' (Root cause: com.kms.katalon.core.webui.exception.WebElementNotFoundException: Web element with id: 'Object Repository/Final Object Repo/WorkFlow Listing Page/Click Continue Tooltip' located by 'By.xpath: //i[@aria-hidden = 'true' and @data-toggle = 'tooltip' and @data-original-title = 'Continue']' not found)
	at com.kms.katalon.core.keyword.internal.KeywordMain.stepFailed(KeywordMain.groovy:32)
	at com.kms.katalon.core.webui.keyword.internal.WebUIKeywordMain.stepFailed(WebUIKeywordMain.groovy:65)
	at com.kms.katalon.core.webui.keyword.internal.WebUIKeywordMain.runKeyword(WebUIKeywordMain.groovy:27)
	at com.kms.katalon.core.webui.keyword.builtin.ClickKeyword.click(ClickKeyword.groovy:86)
	at com.kms.katalon.core.webui.keyword.builtin.ClickKeyword.execute(ClickKeyword.groovy:67)
	at com.kms.katalon.core.keyword.internal.KeywordExecutor.executeKeywordForPlatform(KeywordExecutor.groovy:53)
	at com.kms.katalon.core.webui.keyword.WebUiBuiltInKeywords.click(WebUiBuiltInKeywords.groovy:616)
	at com.kms.katalon.core.webui.keyword.WebUiBuiltInKeywords$click$2.call(Unknown Source)
	at org.codehaus.groovy.runtime.callsite.CallSiteArray.defaultCall(CallSiteArray.java:48)
	at org.codehaus.groovy.runtime.callsite.AbstractCallSite.call(AbstractCallSite.java:113)
	at org.codehaus.groovy.runtime.callsite.AbstractCallSite.call(AbstractCallSite.java:125)
	at Script1534407542420.run(Script1534407542420.groovy:91)
	at com.kms.katalon.core.main.ScriptEngine.run(ScriptEngine.java:183)
	at com.kms.katalon.core.main.ScriptEngine.runScriptAsRawText(ScriptEngine.java:108)
	at com.kms.katalon.core.main.TestCaseExecutor.runScript(TestCaseExecutor.java:294)
	at com.kms.katalon.core.main.TestCaseExecutor.doExecute(TestCaseExecutor.java:285)
	at com.kms.katalon.core.main.TestCaseExecutor.processExecutionPhase(TestCaseExecutor.java:264)
	at com.kms.katalon.core.main.TestCaseExecutor.accessMainPhase(TestCaseExecutor.java:256)
	at com.kms.katalon.core.main.TestCaseExecutor.execute(TestCaseExecutor.java:200)
	at com.kms.katalon.core.main.TestCaseMain.runTestCase(TestCaseMain.java:99)
	at com.kms.katalon.core.keyword.builtin.CallTestCaseKeyword$_callTestCase_closure1.doCall(CallTestCaseKeyword.groovy:60)
	at com.kms.katalon.core.keyword.builtin.CallTestCaseKeyword$_callTestCase_closure1.call(CallTestCaseKeyword.groovy)
	at com.kms.katalon.core.keyword.internal.KeywordMain.runKeyword(KeywordMain.groovy:54)
	at com.kms.katalon.core.keyword.builtin.CallTestCaseKeyword.callTestCase(CallTestCaseKeyword.groovy:81)
	at com.kms.katalon.core.keyword.builtin.CallTestCaseKeyword.execute(CallTestCaseKeyword.groovy:45)
	at com.kms.katalon.core.keyword.internal.KeywordExecutor.executeKeywordForPlatform(KeywordExecutor.groovy:53)
	at com.kms.katalon.core.keyword.BuiltinKeywords.callTestCase(BuiltinKeywords.groovy:334)
	at sun.reflect.NativeMethodAccessorImpl.invoke0(Native Method)
	at sun.reflect.NativeMethodAccessorImpl.invoke(NativeMethodAccessorImpl.java:62)
	at sun.reflect.DelegatingMethodAccessorImpl.invoke(DelegatingMethodAccessorImpl.java:43)
	at java.lang.reflect.Method.invoke(Method.java:498)
	at org.codehaus.groovy.reflection.CachedMethod.invoke(CachedMethod.java:93)
	at groovy.lang.MetaMethod.doMethodInvoke(MetaMethod.java:325)
	at groovy.lang.MetaClassImpl.invokeStaticMethod(MetaClassImpl.java:1469)
	at org.codehaus.groovy.runtime.callsite.StaticMetaClassSite.call(StaticMetaClassSite.java:53)
	at org.codehaus.groovy.runtime.callsite.CallSiteArray.defaultCall(CallSiteArray.java:48)
	at org.codehaus.groovy.runtime.callsite.AbstractCallSite.call(AbstractCallSite.java:113)
	at org.codehaus.groovy.runtime.callsite.AbstractCallSite.call(AbstractCallSite.java:141)
	at Script1537865992110.run(Script1537865992110.groovy:30)
	at com.kms.katalon.core.main.ScriptEngine.run(ScriptEngine.java:183)
	at com.kms.katalon.core.main.ScriptEngine.runScriptAsRawText(ScriptEngine.java:108)
	at com.kms.katalon.core.main.TestCaseExecutor.runScript(TestCaseExecutor.java:294)
	at com.kms.katalon.core.main.TestCaseExecutor.doExecute(TestCaseExecutor.java:285)
	at com.kms.katalon.core.main.TestCaseExecutor.processExecutionPhase(TestCaseExecutor.java:264)
	at com.kms.katalon.core.main.TestCaseExecutor.accessMainPhase(TestCaseExecutor.java:256)
	at com.kms.katalon.core.main.TestCaseExecutor.execute(TestCaseExecutor.java:200)
	at com.kms.katalon.core.main.TestCaseMain.runTestCase(TestCaseMain.java:99)
	at com.kms.katalon.core.keyword.builtin.CallTestCaseKeyword$_callTestCase_closure1.doCall(CallTestCaseKeyword.groovy:60)
	at com.kms.katalon.core.keyword.builtin.CallTestCaseKeyword$_callTestCase_closure1.call(CallTestCaseKeyword.groovy)
	at com.kms.katalon.core.keyword.internal.KeywordMain.runKeyword(KeywordMain.groovy:54)
	at com.kms.katalon.core.keyword.builtin.CallTestCaseKeyword.callTestCase(CallTestCaseKeyword.groovy:81)
	at com.kms.katalon.core.keyword.builtin.CallTestCaseKeyword.execute(CallTestCaseKeyword.groovy:45)
	at com.kms.katalon.core.keyword.internal.KeywordExecutor.executeKeywordForPlatform(KeywordExecutor.groovy:53)
	at com.kms.katalon.core.keyword.BuiltinKeywords.callTestCase(BuiltinKeywords.groovy:334)
	at sun.reflect.NativeMethodAccessorImpl.invoke0(Native Method)
	at sun.reflect.NativeMethodAccessorImpl.invoke(NativeMethodAccessorImpl.java:62)
	at sun.reflect.DelegatingMethodAccessorImpl.invoke(DelegatingMethodAccessorImpl.java:43)
	at java.lang.reflect.Method.invoke(Method.java:498)
	at org.codehaus.groovy.reflection.CachedMethod.invoke(CachedMethod.java:93)
	at groovy.lang.MetaMethod.doMethodInvoke(MetaMethod.java:325)
	at groovy.lang.MetaClassImpl.invokeStaticMethod(MetaClassImpl.java:1469)
	at org.codehaus.groovy.runtime.callsite.StaticMetaClassSite.call(StaticMetaClassSite.java:53)
	at org.codehaus.groovy.runtime.callsite.CallSiteArray.defaultCall(CallSiteArray.java:48)
	at org.codehaus.groovy.runtime.callsite.AbstractCallSite.call(AbstractCallSite.java:113)
	at org.codehaus.groovy.runtime.callsite.AbstractCallSite.call(AbstractCallSite.java:141)
	at Script1536300508581.run(Script1536300508581.groovy:26)
	at com.kms.katalon.core.main.ScriptEngine.run(ScriptEngine.java:183)
	at com.kms.katalon.core.main.ScriptEngine.runScriptAsRawText(ScriptEngine.java:108)
	at com.kms.katalon.core.main.TestCaseExecutor.runScript(TestCaseExecutor.java:294)
	at com.kms.katalon.core.main.TestCaseExecutor.doExecute(TestCaseExecutor.java:285)
	at com.kms.katalon.core.main.TestCaseExecutor.processExecutionPhase(TestCaseExecutor.java:264)
	at com.kms.katalon.core.main.TestCaseExecutor.accessMainPhase(TestCaseExecutor.java:256)
	at com.kms.katalon.core.main.TestCaseExecutor.execute(TestCaseExecutor.java:200)
	at com.kms.katalon.core.main.TestSuiteExecutor.accessTestCaseMainPhase(TestSuiteExecutor.java:129)
	at com.kms.katalon.core.main.TestSuiteExecutor.accessTestSuiteMainPhase(TestSuiteExecutor.java:112)
	at com.kms.katalon.core.main.TestSuiteExecutor.execute(TestSuiteExecutor.java:81)
	at com.kms.katalon.core.main.TestCaseMain.startTestSuite(TestCaseMain.java:142)
	at com.kms.katalon.core.main.TestCaseMain$startTestSuite$0.call(Unknown Source)
	at org.codehaus.groovy.runtime.callsite.CallSiteArray.defaultCall(CallSiteArray.java:48)
	at org.codehaus.groovy.runtime.callsite.AbstractCallSite.call(AbstractCallSite.java:113)
	at org.codehaus.groovy.runtime.callsite.AbstractCallSite.call(AbstractCallSite.java:141)
	at TempTestSuite1541781047348.run(TempTestSuite1541781047348.groovy:36)
	at groovy.lang.GroovyShell.runScriptOrMainOrTestOrRunnable(GroovyShell.java:263)
	at groovy.lang.GroovyShell.run(GroovyShell.java:518)
	at groovy.lang.GroovyShell.run(GroovyShell.java:507)
	at groovy.ui.GroovyMain.processOnce(GroovyMain.java:653)
	at groovy.ui.GroovyMain.run(GroovyMain.java:384)
	at groovy.ui.GroovyMain.process(GroovyMain.java:370)
	at groovy.ui.GroovyMain.processArgs(GroovyMain.java:129)
	at groovy.ui.GroovyMain.main(GroovyMain.java:109)
	at sun.reflect.NativeMethodAccessorImpl.invoke0(Native Method)
	at sun.reflect.NativeMethodAccessorImpl.invoke(NativeMethodAccessorImpl.java:62)
	at sun.reflect.DelegatingMethodAccessorImpl.invoke(DelegatingMethodAccessorImpl.java:43)
	at java.lang.reflect.Method.invoke(Method.java:498)
	at org.codehaus.groovy.tools.GroovyStarter.rootLoader(GroovyStarter.java:109)
	at org.codehaus.groovy.tools.GroovyStarter.main(GroovyStarter.java:131)
)]]></system-out>
      <system-err><![CDATA[2018-11-10 00:30:49 - [TEST_SUITE][FAILED] - Request SSN: Test Cases/Final Aug 2018 - PKS Automation/Registration Module/Workflow/Request SSN/OTC - RIO - RO (Approve) FAILED because (of) (Stack trace: com.kms.katalon.core.exception.StepFailedException: Unable to click on object 'Object Repository/Final Object Repo/WorkFlow Listing Page/Click Continue Tooltip' (Root cause: com.kms.katalon.core.webui.exception.WebElementNotFoundException: Web element with id: 'Object Repository/Final Object Repo/WorkFlow Listing Page/Click Continue Tooltip' located by 'By.xpath: //i[@aria-hidden = 'true' and @data-toggle = 'tooltip' and @data-original-title = 'Continue']' not found)
	at com.kms.katalon.core.keyword.internal.KeywordMain.stepFailed(KeywordMain.groovy:32)
	at com.kms.katalon.core.webui.keyword.internal.WebUIKeywordMain.stepFailed(WebUIKeywordMain.groovy:65)
	at com.kms.katalon.core.webui.keyword.internal.WebUIKeywordMain.runKeyword(WebUIKeywordMain.groovy:27)
	at com.kms.katalon.core.webui.keyword.builtin.ClickKeyword.click(ClickKeyword.groovy:86)
	at com.kms.katalon.core.webui.keyword.builtin.ClickKeyword.execute(ClickKeyword.groovy:67)
	at com.kms.katalon.core.keyword.internal.KeywordExecutor.executeKeywordForPlatform(KeywordExecutor.groovy:53)
	at com.kms.katalon.core.webui.keyword.WebUiBuiltInKeywords.click(WebUiBuiltInKeywords.groovy:616)
	at com.kms.katalon.core.webui.keyword.WebUiBuiltInKeywords$click$2.call(Unknown Source)
	at org.codehaus.groovy.runtime.callsite.CallSiteArray.defaultCall(CallSiteArray.java:48)
	at org.codehaus.groovy.runtime.callsite.AbstractCallSite.call(AbstractCallSite.java:113)
	at org.codehaus.groovy.runtime.callsite.AbstractCallSite.call(AbstractCallSite.java:125)
	at Script1534407542420.run(Script1534407542420.groovy:91)
	at com.kms.katalon.core.main.ScriptEngine.run(ScriptEngine.java:183)
	at com.kms.katalon.core.main.ScriptEngine.runScriptAsRawText(ScriptEngine.java:108)
	at com.kms.katalon.core.main.TestCaseExecutor.runScript(TestCaseExecutor.java:294)
	at com.kms.katalon.core.main.TestCaseExecutor.doExecute(TestCaseExecutor.java:285)
	at com.kms.katalon.core.main.TestCaseExecutor.processExecutionPhase(TestCaseExecutor.java:264)
	at com.kms.katalon.core.main.TestCaseExecutor.accessMainPhase(TestCaseExecutor.java:256)
	at com.kms.katalon.core.main.TestCaseExecutor.execute(TestCaseExecutor.java:200)
	at com.kms.katalon.core.main.TestCaseMain.runTestCase(TestCaseMain.java:99)
	at com.kms.katalon.core.keyword.builtin.CallTestCaseKeyword$_callTestCase_closure1.doCall(CallTestCaseKeyword.groovy:60)
	at com.kms.katalon.core.keyword.builtin.CallTestCaseKeyword$_callTestCase_closure1.call(CallTestCaseKeyword.groovy)
	at com.kms.katalon.core.keyword.internal.KeywordMain.runKeyword(KeywordMain.groovy:54)
	at com.kms.katalon.core.keyword.builtin.CallTestCaseKeyword.callTestCase(CallTestCaseKeyword.groovy:81)
	at com.kms.katalon.core.keyword.builtin.CallTestCaseKeyword.execute(CallTestCaseKeyword.groovy:45)
	at com.kms.katalon.core.keyword.internal.KeywordExecutor.executeKeywordForPlatform(KeywordExecutor.groovy:53)
	at com.kms.katalon.core.keyword.BuiltinKeywords.callTestCase(BuiltinKeywords.groovy:334)
	at sun.reflect.NativeMethodAccessorImpl.invoke0(Native Method)
	at sun.reflect.NativeMethodAccessorImpl.invoke(NativeMethodAccessorImpl.java:62)
	at sun.reflect.DelegatingMethodAccessorImpl.invoke(DelegatingMethodAccessorImpl.java:43)
	at java.lang.reflect.Method.invoke(Method.java:498)
	at org.codehaus.groovy.reflection.CachedMethod.invoke(CachedMethod.java:93)
	at groovy.lang.MetaMethod.doMethodInvoke(MetaMethod.java:325)
	at groovy.lang.MetaClassImpl.invokeStaticMethod(MetaClassImpl.java:1469)
	at org.codehaus.groovy.runtime.callsite.StaticMetaClassSite.call(StaticMetaClassSite.java:53)
	at org.codehaus.groovy.runtime.callsite.CallSiteArray.defaultCall(CallSiteArray.java:48)
	at org.codehaus.groovy.runtime.callsite.AbstractCallSite.call(AbstractCallSite.java:113)
	at org.codehaus.groovy.runtime.callsite.AbstractCallSite.call(AbstractCallSite.java:141)
	at Script1537865992110.run(Script1537865992110.groovy:30)
	at com.kms.katalon.core.main.ScriptEngine.run(ScriptEngine.java:183)
	at com.kms.katalon.core.main.ScriptEngine.runScriptAsRawText(ScriptEngine.java:108)
	at com.kms.katalon.core.main.TestCaseExecutor.runScript(TestCaseExecutor.java:294)
	at com.kms.katalon.core.main.TestCaseExecutor.doExecute(TestCaseExecutor.java:285)
	at com.kms.katalon.core.main.TestCaseExecutor.processExecutionPhase(TestCaseExecutor.java:264)
	at com.kms.katalon.core.main.TestCaseExecutor.accessMainPhase(TestCaseExecutor.java:256)
	at com.kms.katalon.core.main.TestCaseExecutor.execute(TestCaseExecutor.java:200)
	at com.kms.katalon.core.main.TestCaseMain.runTestCase(TestCaseMain.java:99)
	at com.kms.katalon.core.keyword.builtin.CallTestCaseKeyword$_callTestCase_closure1.doCall(CallTestCaseKeyword.groovy:60)
	at com.kms.katalon.core.keyword.builtin.CallTestCaseKeyword$_callTestCase_closure1.call(CallTestCaseKeyword.groovy)
	at com.kms.katalon.core.keyword.internal.KeywordMain.runKeyword(KeywordMain.groovy:54)
	at com.kms.katalon.core.keyword.builtin.CallTestCaseKeyword.callTestCase(CallTestCaseKeyword.groovy:81)
	at com.kms.katalon.core.keyword.builtin.CallTestCaseKeyword.execute(CallTestCaseKeyword.groovy:45)
	at com.kms.katalon.core.keyword.internal.KeywordExecutor.executeKeywordForPlatform(KeywordExecutor.groovy:53)
	at com.kms.katalon.core.keyword.BuiltinKeywords.callTestCase(BuiltinKeywords.groovy:334)
	at sun.reflect.NativeMethodAccessorImpl.invoke0(Native Method)
	at sun.reflect.NativeMethodAccessorImpl.invoke(NativeMethodAccessorImpl.java:62)
	at sun.reflect.DelegatingMethodAccessorImpl.invoke(DelegatingMethodAccessorImpl.java:43)
	at java.lang.reflect.Method.invoke(Method.java:498)
	at org.codehaus.groovy.reflection.CachedMethod.invoke(CachedMethod.java:93)
	at groovy.lang.MetaMethod.doMethodInvoke(MetaMethod.java:325)
	at groovy.lang.MetaClassImpl.invokeStaticMethod(MetaClassImpl.java:1469)
	at org.codehaus.groovy.runtime.callsite.StaticMetaClassSite.call(StaticMetaClassSite.java:53)
	at org.codehaus.groovy.runtime.callsite.CallSiteArray.defaultCall(CallSiteArray.java:48)
	at org.codehaus.groovy.runtime.callsite.AbstractCallSite.call(AbstractCallSite.java:113)
	at org.codehaus.groovy.runtime.callsite.AbstractCallSite.call(AbstractCallSite.java:141)
	at Script1536300508581.run(Script1536300508581.groovy:26)
	at com.kms.katalon.core.main.ScriptEngine.run(ScriptEngine.java:183)
	at com.kms.katalon.core.main.ScriptEngine.runScriptAsRawText(ScriptEngine.java:108)
	at com.kms.katalon.core.main.TestCaseExecutor.runScript(TestCaseExecutor.java:294)
	at com.kms.katalon.core.main.TestCaseExecutor.doExecute(TestCaseExecutor.java:285)
	at com.kms.katalon.core.main.TestCaseExecutor.processExecutionPhase(TestCaseExecutor.java:264)
	at com.kms.katalon.core.main.TestCaseExecutor.accessMainPhase(TestCaseExecutor.java:256)
	at com.kms.katalon.core.main.TestCaseExecutor.execute(TestCaseExecutor.java:200)
	at com.kms.katalon.core.main.TestSuiteExecutor.accessTestCaseMainPhase(TestSuiteExecutor.java:129)
	at com.kms.katalon.core.main.TestSuiteExecutor.accessTestSuiteMainPhase(TestSuiteExecutor.java:112)
	at com.kms.katalon.core.main.TestSuiteExecutor.execute(TestSuiteExecutor.java:81)
	at com.kms.katalon.core.main.TestCaseMain.startTestSuite(TestCaseMain.java:142)
	at com.kms.katalon.core.main.TestCaseMain$startTestSuite$0.call(Unknown Source)
	at org.codehaus.groovy.runtime.callsite.CallSiteArray.defaultCall(CallSiteArray.java:48)
	at org.codehaus.groovy.runtime.callsite.AbstractCallSite.call(AbstractCallSite.java:113)
	at org.codehaus.groovy.runtime.callsite.AbstractCallSite.call(AbstractCallSite.java:141)
	at TempTestSuite1541781047348.run(TempTestSuite1541781047348.groovy:36)
	at groovy.lang.GroovyShell.runScriptOrMainOrTestOrRunnable(GroovyShell.java:263)
	at groovy.lang.GroovyShell.run(GroovyShell.java:518)
	at groovy.lang.GroovyShell.run(GroovyShell.java:507)
	at groovy.ui.GroovyMain.processOnce(GroovyMain.java:653)
	at groovy.ui.GroovyMain.run(GroovyMain.java:384)
	at groovy.ui.GroovyMain.process(GroovyMain.java:370)
	at groovy.ui.GroovyMain.processArgs(GroovyMain.java:129)
	at groovy.ui.GroovyMain.main(GroovyMain.java:109)
	at sun.reflect.NativeMethodAccessorImpl.invoke0(Native Method)
	at sun.reflect.NativeMethodAccessorImpl.invoke(NativeMethodAccessorImpl.java:62)
	at sun.reflect.DelegatingMethodAccessorImpl.invoke(DelegatingMethodAccessorImpl.java:43)
	at java.lang.reflect.Method.invoke(Method.java:498)
	at org.codehaus.groovy.tools.GroovyStarter.rootLoader(GroovyStarter.java:109)
	at org.codehaus.groovy.tools.GroovyStarter.main(GroovyStarter.java:131)
)]]></system-err>
   </testsuite>
</testsuites>
