<?xml version="1.0" encoding="UTF-8"?>
<testsuites name="Update Employee Information (Employee)" time="2435" tests="12" failures="0" errors="0">
   <testsuite name="Update Employee Information (Employee)" tests="12" failures="0" errors="0" time="2435" timestamp="2018-12-12 10:48:23" hostname="Admin - Win7Test02" id="Test Suites/Workflow/Update Employee Information (Employee)">
      <properties>
         <property name="deviceName" value=""/>
         <property name="devicePlatform" value=""/>
         <property name="logFolder" value="C:\\Users\\Admin\\Desktop\\PKS\\Perkeso Phase A\\Reports\\Workflow\\Update Employee Information (Employee)\\20181211_110147"/>
         <property name="logFiles" value="C:\\Users\\Admin\\Desktop\\PKS\\Perkeso Phase A\\Reports\\Workflow\\Update Employee Information (Employee)\\20181211_110147\\execution0.log"/>
         <property name="attachments" value=""/>
         <property name="hostName" value="Admin - Win7Test02"/>
         <property name="os" value="Windows 7 64bit"/>
         <property name="katalonVersion" value="5.8.6.1"/>
         <property name="browser" value="Chrome 70.0.3538.110"/>
         <property name="hostAddress" value="10.20.3.72"/>
         <property name="sessionId" value="9fd3dbc552c2d40cbd0f1fcffb78fa2f"/>
         <property name="seleniumVersion" value="3.7.1"/>
         <property name="proxyInformation" value="ProxyInformation{proxyOption=NO_PROXY, proxyServerType=HTTP, password=, proxyServerAddress=, proxyServerPort=0}"/>
         <property name="platform" value="Windows 7"/>
      </properties>
      <testcase name="Test Cases/Final Aug 2018 - PKS Automation/Registration Module/Workflow/Update Employee Information (Employee)/OTC to UO (Approve)" classname="Test Cases/Final Aug 2018 - PKS Automation/Registration Module/Workflow/Update Employee Information (Employee)/OTC to UO (Approve)" status="PASSED">
         <system-out><![CDATA[2018-12-12 10:48:24 - [TEST_CASE][PASSED] - Test Cases/Final Aug 2018 - PKS Automation/Registration Module/Workflow/Update Employee Information (Employee)/OTC to UO (Approve): Test Cases/Final Aug 2018 - PKS Automation/Registration Module/Workflow/Update Employee Information (Employee)/OTC to UO (Approve)

2018-12-12 10:48:24 - [TEST_STEP][PASSED] - callTestCase: Call Test Case 'Test Cases/Final Aug 2018 - PKS Automation/Registration Module/Workflow/Update Employee Information (Employee)/Template/Update Employee Information - Special Case (OTC)' successfully

2018-12-12 10:48:24 - [TEST_CASE][PASSED] - Test Cases/Final Aug 2018 - PKS Automation/Registration Module/Workflow/Update Employee Information (Employee)/Template/Update Employee Information - Special Case (OTC): Test Cases/Final Aug 2018 - PKS Automation/Registration Module/Workflow/Update Employee Information (Employee)/Template/Update Employee Information - Special Case (OTC)

2018-12-12 10:48:25 - [TEST_STEP][PASSED] - openBrowser: Browser is opened with url: ''

2018-12-12 10:48:30 - [MESSAGE][PASSED] - Browser is opened with url: ''

2018-12-12 10:48:30 - [TEST_STEP][PASSED] - navigateToUrl: Navigate to 'https://assist2-uat.perkeso.gov.my/login' successfully

2018-12-12 10:48:31 - [MESSAGE][PASSED] - Navigate to 'https://assist2-uat.perkeso.gov.my/login' successfully

2018-12-12 10:48:31 - [TEST_STEP][PASSED] - setText: Text 'johorotc1@gmail.com' is set on object 'Object Repository/Final Object Repo/Login Page/Internal User/Email Address'

2018-12-12 10:48:31 - [MESSAGE][PASSED] - Text 'johorotc1@gmail.com' is set on object 'Object Repository/Final Object Repo/Login Page/Internal User/Email Address'

2018-12-12 10:48:31 - [TEST_STEP][PASSED] - click: Object: 'Object Repository/Final Object Repo/Login Page/Internal User/Next Button' is clicked on

2018-12-12 10:48:31 - [MESSAGE][PASSED] - Object: 'Object Repository/Final Object Repo/Login Page/Internal User/Next Button' is clicked on

2018-12-12 10:48:31 - [TEST_STEP][PASSED] - delay: Delayed 1 second(s)

2018-12-12 10:48:32 - [MESSAGE][PASSED] - Delayed 1 second(s)

2018-12-12 10:48:32 - [TEST_STEP][PASSED] - setEncryptedText: Text ****** has been set on object 'Object Repository/Final Object Repo/Login Page/Internal User/Password'

2018-12-12 10:48:33 - [MESSAGE][PASSED] - Text ****** has been set on object 'Object Repository/Final Object Repo/Login Page/Internal User/Password'

2018-12-12 10:48:33 - [TEST_STEP][PASSED] - click: Object: 'Object Repository/Final Object Repo/Login Page/Internal User/Login Button' is clicked on

2018-12-12 10:48:33 - [MESSAGE][PASSED] - Object: 'Object Repository/Final Object Repo/Login Page/Internal User/Login Button' is clicked on

2018-12-12 10:48:33 - [TEST_STEP][PASSED] - Statement - tester = com.kms.katalon.core.testobject.ObjectRepository.findTestObject(Final Object Repo/Landing Page/Select to English): Finding Test Object with id 'Object Repository/Final Object Repo/Landing Page/Select to English'

2018-12-12 10:48:33 - [TEST_STEP][PASSED] - Statement - Try: Delayed 2 second(s)

2018-12-12 10:48:33 - [TEST_STEP][PASSED] - Statement - Checker = com.kms.katalon.core.webui.keyword.WebUiBuiltInKeywords.verifyElementNotPresent(tester, 3): Web element with id: 'Object Repository/Final Object Repo/Landing Page/Select to English' located by 'By.xpath: //a[@class = 'taglib-language-list-text' and @lang = 'en-US' and (contains(text(), 'EN') or contains(., 'EN'))]' is not present after '3' second(s)

2018-12-12 10:48:35 - [MESSAGE][PASSED] - Web element with id: 'Object Repository/Final Object Repo/Landing Page/Select to English' located by 'By.xpath: //a[@class = 'taglib-language-list-text' and @lang = 'en-US' and (contains(text(), 'EN') or contains(., 'EN'))]' is not present after '3' second(s)

2018-12-12 10:48:35 - [TEST_STEP][PASSED] - Statement - If (Checker == false): null

2018-12-12 10:48:35 - [TEST_STEP][PASSED] - delay: Delayed 2 second(s)

2018-12-12 10:48:37 - [MESSAGE][PASSED] - Delayed 2 second(s)

2018-12-12 10:48:37 - [TEST_STEP][PASSED] - delay: Delayed 5 second(s)

2018-12-12 10:48:42 - [MESSAGE][PASSED] - Delayed 5 second(s)

2018-12-12 10:48:42 - [TEST_STEP][PASSED] - navigateToUrl: Navigate to 'https://assist2-uat.perkeso.gov.my/web/registration/update/update-employee-information-employee-' successfully

2018-12-12 10:48:43 - [MESSAGE][PASSED] - Navigate to 'https://assist2-uat.perkeso.gov.my/web/registration/update/update-employee-information-employee-' successfully

2018-12-12 10:48:43 - [TEST_STEP][PASSED] - click: Object: 'Object Repository/Final Object Repo/Page_Update Employee Information By Employee/Type of Identification' is clicked on

2018-12-12 10:48:43 - [MESSAGE][PASSED] - Object: 'Object Repository/Final Object Repo/Page_Update Employee Information By Employee/Type of Identification' is clicked on

2018-12-12 10:48:43 - [TEST_STEP][PASSED] - click: Object: 'Object Repository/Final Object Repo/Page Update Employee Information By Employee/Type of Identification - Name' is clicked on

2018-12-12 10:48:43 - [MESSAGE][PASSED] - Object: 'Object Repository/Final Object Repo/Page Update Employee Information By Employee/Type of Identification - Name' is clicked on

2018-12-12 10:48:43 - [TEST_STEP][PASSED] - setText: Text 'YUKI JR B' is set on object 'Object Repository/Final Object Repo/Page_Update Employee Information By Employee/New Identification'

2018-12-12 10:48:44 - [MESSAGE][PASSED] - Text 'YUKI JR B' is set on object 'Object Repository/Final Object Repo/Page_Update Employee Information By Employee/New Identification'

2018-12-12 10:48:44 - [TEST_STEP][PASSED] - click: Object: 'Object Repository/Final Object Repo/Page_Update Employee Information By Employee/Search Button' is clicked on

2018-12-12 10:48:44 - [MESSAGE][PASSED] - Object: 'Object Repository/Final Object Repo/Page_Update Employee Information By Employee/Search Button' is clicked on

2018-12-12 10:48:44 - [TEST_STEP][PASSED] - click: Object: 'Object Repository/Final Object Repo/Page_Update Employee Information By Employee/Edit Button' is clicked on

2018-12-12 10:48:47 - [MESSAGE][PASSED] - Object: 'Object Repository/Final Object Repo/Page_Update Employee Information By Employee/Edit Button' is clicked on

2018-12-12 10:48:47 - [TEST_STEP][PASSED] - delay: Delayed 2 second(s)

2018-12-12 10:48:49 - [MESSAGE][PASSED] - Delayed 2 second(s)

2018-12-12 10:48:49 - [TEST_STEP][PASSED] - click: Object: 'Object Repository/Final Object Repo/Page_Update Employee Information By Employee/Employee Information Edit Button' is clicked on

2018-12-12 10:48:49 - [MESSAGE][PASSED] - Object: 'Object Repository/Final Object Repo/Page_Update Employee Information By Employee/Employee Information Edit Button' is clicked on

2018-12-12 10:48:49 - [TEST_STEP][PASSED] - delay: Delayed 2 second(s)

2018-12-12 10:48:51 - [MESSAGE][PASSED] - Delayed 2 second(s)

2018-12-12 10:48:51 - [TEST_STEP][PASSED] - click: Object: 'Object Repository/Final Object Repo/Page_Update Employee Information By Employee/New Identification Number' is clicked on

2018-12-12 10:48:52 - [MESSAGE][PASSED] - Object: 'Object Repository/Final Object Repo/Page_Update Employee Information By Employee/New Identification Number' is clicked on

2018-12-12 10:48:52 - [TEST_STEP][PASSED] - setText: Text '' is set on object 'Object Repository/Final Object Repo/Page_Update Employee Information By Employee/New Identification Number'

2018-12-12 10:48:52 - [MESSAGE][PASSED] - Text '' is set on object 'Object Repository/Final Object Repo/Page_Update Employee Information By Employee/New Identification Number'

2018-12-12 10:48:52 - [TEST_STEP][PASSED] - Statement - rnd = new java.util.Random(): null

2018-12-12 10:48:52 - [TEST_STEP][PASSED] - Statement - snum = rnd.nextInt(899999 + 1) + 100000: null

2018-12-12 10:48:52 - [TEST_STEP][PASSED] - Statement - tnum = rnd.nextInt(899999 + 1) + 100000: null

2018-12-12 10:48:52 - [TEST_STEP][PASSED] - Statement - IC = java.lang.Integer.toString(snum) + java.lang.Integer.toString(tnum): null

2018-12-12 10:48:52 - [TEST_STEP][PASSED] - Statement - out.println(IC): null

2018-12-12 10:48:52 - [TEST_STEP][PASSED] - setText: Text '106685505449' is set on object 'Object Repository/Final Object Repo/Page_Update Employee Information By Employee/New Identification Number'

2018-12-12 10:48:52 - [MESSAGE][PASSED] - Text '106685505449' is set on object 'Object Repository/Final Object Repo/Page_Update Employee Information By Employee/New Identification Number'

2018-12-12 10:48:52 - [TEST_STEP][PASSED] - delay: Delayed 2 second(s)

2018-12-12 10:48:54 - [MESSAGE][PASSED] - Delayed 2 second(s)

2018-12-12 10:48:54 - [TEST_STEP][PASSED] - click: Object: 'Object Repository/Final Object Repo/Page_Update Employee Information By Employee/Save' is clicked on

2018-12-12 10:48:54 - [MESSAGE][PASSED] - Object: 'Object Repository/Final Object Repo/Page_Update Employee Information By Employee/Save' is clicked on

2018-12-12 10:48:54 - [TEST_STEP][PASSED] - delay: Delayed 10 second(s)

2018-12-12 10:49:04 - [MESSAGE][PASSED] - Delayed 10 second(s)

2018-12-12 10:49:04 - [TEST_STEP][PASSED] - click: Object: 'Object Repository/Final Object Repo/Page_Update Employee Information By Employee/Save  Continue in Update Employee Information' is clicked on

2018-12-12 10:49:05 - [MESSAGE][PASSED] - Object: 'Object Repository/Final Object Repo/Page_Update Employee Information By Employee/Save  Continue in Update Employee Information' is clicked on

2018-12-12 10:49:05 - [TEST_STEP][PASSED] - delay: Delayed 2 second(s)

2018-12-12 10:49:07 - [MESSAGE][PASSED] - Delayed 2 second(s)

2018-12-12 10:49:07 - [TEST_STEP][PASSED] - click: Object: 'Object Repository/Final Object Repo/Page_Update Employee Information By Employee/Save  Continue in Uploading Page' is clicked on

2018-12-12 10:49:08 - [MESSAGE][PASSED] - Object: 'Object Repository/Final Object Repo/Page_Update Employee Information By Employee/Save  Continue in Uploading Page' is clicked on

2018-12-12 10:49:08 - [TEST_STEP][PASSED] - delay: Delayed 2 second(s)

2018-12-12 10:49:10 - [MESSAGE][PASSED] - Delayed 2 second(s)

2018-12-12 10:49:10 - [TEST_STEP][PASSED] - Statement - CaseReferenceNo = com.kms.katalon.core.webui.keyword.WebUiBuiltInKeywords.getText(com.kms.katalon.core.testobject.ObjectRepository.findTestObject(Final Object Repo/Page_Update Employer Information/Reference Number in Update Employee Information Page)): Text of object 'Object Repository/Final Object Repo/Page_Update Employer Information/Reference Number in Update Employee Information Page' is: 'CUN122018C100005983'

2018-12-12 10:49:12 - [MESSAGE][PASSED] - Text of object 'Object Repository/Final Object Repo/Page_Update Employer Information/Reference Number in Update Employee Information Page' is: 'CUN122018C100005983'

2018-12-12 10:49:12 - [TEST_STEP][PASSED] - callTestCase: Call Test Case 'Test Cases/Final Aug 2018 - PKS Automation/Common/Reference Number Setter' successfully

2018-12-12 10:49:12 - [TEST_CASE][PASSED] - Test Cases/Final Aug 2018 - PKS Automation/Common/Reference Number Setter: Test Cases/Final Aug 2018 - PKS Automation/Common/Reference Number Setter

2018-12-12 10:49:12 - [TEST_STEP][PASSED] - Statement - RefNoOldFile = new java.io.File(C://Users//Admin//Desktop//PKS//Automation Reference Point//KatalonReference.txt): null

2018-12-12 10:49:12 - [TEST_STEP][PASSED] - Statement - RefNoOldFile.delete(): null

2018-12-12 10:49:12 - [TEST_STEP][PASSED] - delay: Delayed 5 second(s)

2018-12-12 10:49:17 - [MESSAGE][PASSED] - Delayed 5 second(s)

2018-12-12 10:49:17 - [TEST_STEP][PASSED] - Statement - RefNo = new java.io.File(C://Users//Admin//Desktop//PKS//Automation Reference Point//KatalonReference.txt): null

2018-12-12 10:49:17 - [TEST_STEP][PASSED] - Statement - f2 = new java.io.FileWriter(RefNo, false): null

2018-12-12 10:49:17 - [TEST_STEP][PASSED] - Statement - f2.write(CaseReferenceNo): null

2018-12-12 10:49:17 - [TEST_STEP][PASSED] - Statement - f2.close(): null

2018-12-12 10:49:17 - [TEST_STEP][PASSED] - Statement - out.println("


" + CaseReferenceNo + "


"): null

2018-12-12 10:49:17 - [MESSAGE][PASSED] - Call Test Case 'Test Cases/Final Aug 2018 - PKS Automation/Common/Reference Number Setter' successfully

2018-12-12 10:49:17 - [TEST_STEP][PASSED] - delay: Delayed 2 second(s)

2018-12-12 10:49:19 - [MESSAGE][PASSED] - Delayed 2 second(s)

2018-12-12 10:49:19 - [TEST_STEP][PASSED] - click: Object: 'Object Repository/Final Object Repo/Page_Update Employee Information By Employee/Submit' is clicked on

2018-12-12 10:49:19 - [MESSAGE][PASSED] - Object: 'Object Repository/Final Object Repo/Page_Update Employee Information By Employee/Submit' is clicked on

2018-12-12 10:49:19 - [TEST_STEP][PASSED] - delay: Delayed 2 second(s)

2018-12-12 10:49:21 - [MESSAGE][PASSED] - Delayed 2 second(s)

2018-12-12 10:49:21 - [TEST_STEP][PASSED] - click: Object: 'Object Repository/Final Object Repo/Page_Update Employee Information By Employee/Confirm Button' is clicked on

2018-12-12 10:49:21 - [MESSAGE][PASSED] - Object: 'Object Repository/Final Object Repo/Page_Update Employee Information By Employee/Confirm Button' is clicked on

2018-12-12 10:49:21 - [TEST_STEP][PASSED] - delay: Delayed 2 second(s)

2018-12-12 10:49:23 - [MESSAGE][PASSED] - Delayed 2 second(s)

2018-12-12 10:49:23 - [TEST_STEP][PASSED] - click: Object: 'Object Repository/Final Object Repo/Page_Update Employee Information By Employee/Successful Message Routed to UO' is clicked on

2018-12-12 10:49:25 - [MESSAGE][PASSED] - Object: 'Object Repository/Final Object Repo/Page_Update Employee Information By Employee/Successful Message Routed to UO' is clicked on

2018-12-12 10:49:25 - [MESSAGE][PASSED] - Call Test Case 'Test Cases/Final Aug 2018 - PKS Automation/Registration Module/Workflow/Update Employee Information (Employee)/Template/Update Employee Information - Special Case (OTC)' successfully

2018-12-12 10:49:25 - [TEST_STEP][PASSED] - callTestCase: Call Test Case 'Test Cases/Final Aug 2018 - PKS Automation/Registration Module/Workflow/Update Employee Information (Employee)/Template/Update Employee Information - Special Case - UO (Approve)' successfully

2018-12-12 10:49:25 - [TEST_CASE][PASSED] - Test Cases/Final Aug 2018 - PKS Automation/Registration Module/Workflow/Update Employee Information (Employee)/Template/Update Employee Information - Special Case - UO (Approve): Test Cases/Final Aug 2018 - PKS Automation/Registration Module/Workflow/Update Employee Information (Employee)/Template/Update Employee Information - Special Case - UO (Approve)

2018-12-12 10:49:25 - [TEST_STEP][NOT_RUN] - callTestCase: NOT_RUN: callTestCase

2018-12-12 10:49:25 - [MESSAGE][NOT_RUN] - NOT_RUN: callTestCase

2018-12-12 10:49:25 - [TEST_STEP][PASSED] - delay: Delayed 2 second(s)

2018-12-12 10:49:27 - [MESSAGE][PASSED] - Delayed 2 second(s)

2018-12-12 10:49:27 - [TEST_STEP][PASSED] - navigateToUrl: Navigate to 'https://assist2-uat.perkeso.gov.my/c/portal/logout' successfully

2018-12-12 10:49:28 - [MESSAGE][PASSED] - Navigate to 'https://assist2-uat.perkeso.gov.my/c/portal/logout' successfully

2018-12-12 10:49:28 - [TEST_STEP][PASSED] - delay: Delayed 2 second(s)

2018-12-12 10:49:30 - [MESSAGE][PASSED] - Delayed 2 second(s)

2018-12-12 10:49:30 - [TEST_STEP][PASSED] - callTestCase: Call Test Case 'Test Cases/Final Aug 2018 - PKS Automation/Common/Reference Number Getter' successfully

2018-12-12 10:49:30 - [TEST_CASE][PASSED] - Test Cases/Final Aug 2018 - PKS Automation/Common/Reference Number Getter: Test Cases/Final Aug 2018 - PKS Automation/Common/Reference Number Getter

2018-12-12 10:49:31 - [TEST_STEP][PASSED] - Statement - Try: null

2018-12-12 10:49:31 - [TEST_STEP][PASSED] - Statement - RefNo = new java.io.File(C://Users//Admin//Desktop//PKS//Automation Reference Point//KatalonReference.txt): null

2018-12-12 10:49:31 - [TEST_STEP][PASSED] - Statement - bufferread = new java.io.BufferedReader(new java.io.FileReader(RefNo)): null

2018-12-12 10:49:31 - [TEST_STEP][PASSED] - Statement - readedVal = bufferread.readLine(): null

2018-12-12 10:49:31 - [TEST_STEP][PASSED] - Statement - out.println(CaseReferenceNo): null

2018-12-12 10:49:31 - [TEST_STEP][PASSED] - Statement - out.println(readedVal): null

2018-12-12 10:49:31 - [TEST_STEP][PASSED] - Statement - CaseReferenceNo = "": null

2018-12-12 10:49:31 - [TEST_STEP][PASSED] - Statement - CaseReferenceNo = readedVal: null

2018-12-12 10:49:31 - [MESSAGE][PASSED] - Call Test Case 'Test Cases/Final Aug 2018 - PKS Automation/Common/Reference Number Getter' successfully

2018-12-12 10:49:31 - [TEST_STEP][PASSED] - callTestCase: Call Test Case 'Test Cases/Final Aug 2018 - PKS Automation/Common/Workflow Owner Finder' successfully

2018-12-12 10:49:31 - [TEST_CASE][PASSED] - Test Cases/Final Aug 2018 - PKS Automation/Common/Workflow Owner Finder: Test Cases/Final Aug 2018 - PKS Automation/Common/Workflow Owner Finder

2018-12-12 10:49:31 - [TEST_STEP][PASSED] - openBrowser: Browser is opened with url: ''

2018-12-12 10:49:31 - [MESSAGE][WARNING] - A browser is already opened. Closing browser and opening a new one

2018-12-12 10:49:35 - [MESSAGE][PASSED] - Browser is opened with url: ''

2018-12-12 10:49:35 - [TEST_STEP][PASSED] - navigateToUrl: Navigate to 'https://assist2-uat.perkeso.gov.my/login' successfully

2018-12-12 10:49:36 - [MESSAGE][PASSED] - Navigate to 'https://assist2-uat.perkeso.gov.my/login' successfully

2018-12-12 10:49:36 - [TEST_STEP][PASSED] - delay: Delayed 5 second(s)

2018-12-12 10:49:41 - [MESSAGE][PASSED] - Delayed 5 second(s)

2018-12-12 10:49:41 - [TEST_STEP][PASSED] - setText: Text 'test@liferay.com' is set on object 'Object Repository/Final Object Repo/Login Page/Internal User/Email Address'

2018-12-12 10:49:42 - [MESSAGE][PASSED] - Text 'test@liferay.com' is set on object 'Object Repository/Final Object Repo/Login Page/Internal User/Email Address'

2018-12-12 10:49:42 - [TEST_STEP][PASSED] - click: Object: 'Object Repository/Final Object Repo/Login Page/Internal User/Next Button' is clicked on

2018-12-12 10:49:42 - [MESSAGE][PASSED] - Object: 'Object Repository/Final Object Repo/Login Page/Internal User/Next Button' is clicked on

2018-12-12 10:49:42 - [TEST_STEP][PASSED] - delay: Delayed 2 second(s)

2018-12-12 10:49:44 - [MESSAGE][PASSED] - Delayed 2 second(s)

2018-12-12 10:49:44 - [TEST_STEP][PASSED] - setText: Text 'test' is set on object 'Object Repository/Final Object Repo/Login Page/Internal User/Password'

2018-12-12 10:49:44 - [MESSAGE][PASSED] - Text 'test' is set on object 'Object Repository/Final Object Repo/Login Page/Internal User/Password'

2018-12-12 10:49:44 - [TEST_STEP][PASSED] - delay: Delayed 2 second(s)

2018-12-12 10:49:46 - [MESSAGE][PASSED] - Delayed 2 second(s)

2018-12-12 10:49:46 - [TEST_STEP][PASSED] - click: Object: 'Object Repository/Final Object Repo/Login Page/Internal User/Login Button' is clicked on

2018-12-12 10:49:46 - [MESSAGE][PASSED] - Object: 'Object Repository/Final Object Repo/Login Page/Internal User/Login Button' is clicked on

2018-12-12 10:49:46 - [TEST_STEP][PASSED] - Statement - tester = com.kms.katalon.core.testobject.ObjectRepository.findTestObject(Final Object Repo/Landing Page/Select to English): Finding Test Object with id 'Object Repository/Final Object Repo/Landing Page/Select to English'

2018-12-12 10:49:46 - [TEST_STEP][PASSED] - Statement - Try: Delayed 2 second(s)

2018-12-12 10:49:46 - [TEST_STEP][PASSED] - Statement - Checker = com.kms.katalon.core.webui.keyword.WebUiBuiltInKeywords.verifyElementNotPresent(tester, 3): Web element with id: 'Object Repository/Final Object Repo/Landing Page/Select to English' located by 'By.xpath: //a[@class = 'taglib-language-list-text' and @lang = 'en-US' and (contains(text(), 'EN') or contains(., 'EN'))]' is not present after '3' second(s)

2018-12-12 10:49:48 - [MESSAGE][PASSED] - Web element with id: 'Object Repository/Final Object Repo/Landing Page/Select to English' located by 'By.xpath: //a[@class = 'taglib-language-list-text' and @lang = 'en-US' and (contains(text(), 'EN') or contains(., 'EN'))]' is not present after '3' second(s)

2018-12-12 10:49:48 - [TEST_STEP][PASSED] - Statement - If (Checker == false): null

2018-12-12 10:49:48 - [TEST_STEP][PASSED] - delay: Delayed 2 second(s)

2018-12-12 10:49:50 - [MESSAGE][PASSED] - Delayed 2 second(s)

2018-12-12 10:49:50 - [TEST_STEP][PASSED] - delay: Delayed 5 second(s)

2018-12-12 10:49:55 - [MESSAGE][PASSED] - Delayed 5 second(s)

2018-12-12 10:49:55 - [TEST_STEP][PASSED] - mouseOver: Object: 'Object Repository/Final Object Repo/Landing Page/WorkFlow Menu' is hovered

2018-12-12 10:49:55 - [MESSAGE][PASSED] - Object: 'Object Repository/Final Object Repo/Landing Page/WorkFlow Menu' is hovered

2018-12-12 10:49:55 - [TEST_STEP][PASSED] - delay: Delayed 2 second(s)

2018-12-12 10:49:57 - [MESSAGE][PASSED] - Delayed 2 second(s)

2018-12-12 10:49:57 - [TEST_STEP][PASSED] - click: Object: 'Object Repository/Final Object Repo/Landing Page/Select to Workflow Listing' is clicked on

2018-12-12 10:49:59 - [MESSAGE][PASSED] - Object: 'Object Repository/Final Object Repo/Landing Page/Select to Workflow Listing' is clicked on

2018-12-12 10:49:59 - [TEST_STEP][PASSED] - delay: Delayed 2 second(s)

2018-12-12 10:50:01 - [MESSAGE][PASSED] - Delayed 2 second(s)

2018-12-12 10:50:01 - [TEST_STEP][PASSED] - click: Object: 'Object Repository/Final Object Repo/WorkFlow Listing Page/Search Information - To Put Ref No' is clicked on

2018-12-12 10:50:01 - [MESSAGE][PASSED] - Object: 'Object Repository/Final Object Repo/WorkFlow Listing Page/Search Information - To Put Ref No' is clicked on

2018-12-12 10:50:01 - [TEST_STEP][PASSED] - delay: Delayed 2 second(s)

2018-12-12 10:50:03 - [MESSAGE][PASSED] - Delayed 2 second(s)

2018-12-12 10:50:03 - [TEST_STEP][PASSED] - callTestCase: Call Test Case 'Test Cases/Final Aug 2018 - PKS Automation/Common/Reference Number Getter' successfully

2018-12-12 10:50:03 - [TEST_CASE][PASSED] - Test Cases/Final Aug 2018 - PKS Automation/Common/Reference Number Getter: Test Cases/Final Aug 2018 - PKS Automation/Common/Reference Number Getter

2018-12-12 10:50:03 - [TEST_STEP][PASSED] - Statement - Try: null

2018-12-12 10:50:03 - [TEST_STEP][PASSED] - Statement - RefNo = new java.io.File(C://Users//Admin//Desktop//PKS//Automation Reference Point//KatalonReference.txt): null

2018-12-12 10:50:03 - [TEST_STEP][PASSED] - Statement - bufferread = new java.io.BufferedReader(new java.io.FileReader(RefNo)): null

2018-12-12 10:50:03 - [TEST_STEP][PASSED] - Statement - readedVal = bufferread.readLine(): null

2018-12-12 10:50:03 - [TEST_STEP][PASSED] - Statement - out.println(CaseReferenceNo): null

2018-12-12 10:50:03 - [TEST_STEP][PASSED] - Statement - out.println(readedVal): null

2018-12-12 10:50:03 - [TEST_STEP][PASSED] - Statement - CaseReferenceNo = "": null

2018-12-12 10:50:03 - [TEST_STEP][PASSED] - Statement - CaseReferenceNo = readedVal: null

2018-12-12 10:50:03 - [MESSAGE][PASSED] - Call Test Case 'Test Cases/Final Aug 2018 - PKS Automation/Common/Reference Number Getter' successfully

2018-12-12 10:50:03 - [TEST_STEP][PASSED] - setText: Text 'CUN122018C100005983' is set on object 'Object Repository/Final Object Repo/WorkFlow Listing Page/Ref No Set Text'

2018-12-12 10:50:03 - [MESSAGE][PASSED] - Text 'CUN122018C100005983' is set on object 'Object Repository/Final Object Repo/WorkFlow Listing Page/Ref No Set Text'

2018-12-12 10:50:03 - [TEST_STEP][PASSED] - delay: Delayed 2 second(s)

2018-12-12 10:50:05 - [MESSAGE][PASSED] - Delayed 2 second(s)

2018-12-12 10:50:05 - [TEST_STEP][PASSED] - click: Object: 'Object Repository/Final Object Repo/WorkFlow Listing Page/Search Ref No Search Button' is clicked on

2018-12-12 10:50:05 - [MESSAGE][PASSED] - Object: 'Object Repository/Final Object Repo/WorkFlow Listing Page/Search Ref No Search Button' is clicked on

2018-12-12 10:50:05 - [TEST_STEP][PASSED] - delay: Delayed 6 second(s)

2018-12-12 10:50:11 - [MESSAGE][PASSED] - Delayed 6 second(s)

2018-12-12 10:50:11 - [TEST_STEP][PASSED] - click: Object: 'Object Repository/Final Object Repo/WorkFlow Listing Page/Click Continue Tooltip' is clicked on

2018-12-12 10:50:12 - [MESSAGE][PASSED] - Object: 'Object Repository/Final Object Repo/WorkFlow Listing Page/Click Continue Tooltip' is clicked on

2018-12-12 10:50:12 - [TEST_STEP][PASSED] - delay: Delayed 5 second(s)

2018-12-12 10:50:17 - [MESSAGE][PASSED] - Delayed 5 second(s)

2018-12-12 10:50:17 - [TEST_STEP][PASSED] - doubleClick: Object: 'Object Repository/Final Object Repo/WorkFlow Listing Page/Workflow Found - Listing 1' is double clicked on

2018-12-12 10:50:18 - [MESSAGE][PASSED] - Object: 'Object Repository/Final Object Repo/WorkFlow Listing Page/Workflow Found - Listing 1' is double clicked on

2018-12-12 10:50:18 - [TEST_STEP][PASSED] - Statement - println(OwnerID): null

2018-12-12 10:50:18 - [TEST_STEP][PASSED] - Statement - OwnerID = com.kms.katalon.core.webui.keyword.WebUiBuiltInKeywords.getText(com.kms.katalon.core.testobject.ObjectRepository.findTestObject(Final Object Repo/WorkFlow Listing Page/Workflow Found - Listing 1), STOP_ON_FAILURE): Text of object 'Object Repository/Final Object Repo/WorkFlow Listing Page/Workflow Found - Listing 1' is: 'JOHORuo3'

2018-12-12 10:50:18 - [MESSAGE][PASSED] - Text of object 'Object Repository/Final Object Repo/WorkFlow Listing Page/Workflow Found - Listing 1' is: 'JOHORuo3'

2018-12-12 10:50:18 - [TEST_STEP][PASSED] - Statement - OwnerID = OwnerID.toLowerCase() + "@gmail.com": null

2018-12-12 10:50:18 - [TEST_STEP][PASSED] - Statement - println(OwnerID): null

2018-12-12 10:50:18 - [TEST_STEP][PASSED] - delay: Delayed 2 second(s)

2018-12-12 10:50:20 - [MESSAGE][PASSED] - Delayed 2 second(s)

2018-12-12 10:50:20 - [MESSAGE][PASSED] - Call Test Case 'Test Cases/Final Aug 2018 - PKS Automation/Common/Workflow Owner Finder' successfully

2018-12-12 10:50:20 - [TEST_STEP][PASSED] - delay: Delayed 2 second(s)

2018-12-12 10:50:22 - [MESSAGE][PASSED] - Delayed 2 second(s)

2018-12-12 10:50:22 - [TEST_STEP][PASSED] - navigateToUrl: Navigate to 'https://assist2-uat.perkeso.gov.my/c/portal/logout' successfully

2018-12-12 10:50:22 - [MESSAGE][PASSED] - Navigate to 'https://assist2-uat.perkeso.gov.my/c/portal/logout' successfully

2018-12-12 10:50:22 - [TEST_STEP][PASSED] - delay: Delayed 2 second(s)

2018-12-12 10:50:24 - [MESSAGE][PASSED] - Delayed 2 second(s)

2018-12-12 10:50:24 - [TEST_STEP][PASSED] - callTestCase: Call Test Case 'Test Cases/Final Aug 2018 - PKS Automation/Registration Module/Workflow/Login and Search Case For Workflow' successfully

2018-12-12 10:50:24 - [TEST_CASE][PASSED] - Test Cases/Final Aug 2018 - PKS Automation/Registration Module/Workflow/Login and Search Case For Workflow: Test Cases/Final Aug 2018 - PKS Automation/Registration Module/Workflow/Login and Search Case For Workflow

2018-12-12 10:50:25 - [TEST_STEP][PASSED] - navigateToUrl: Navigate to 'https://assist2-uat.perkeso.gov.my/login' successfully

2018-12-12 10:50:25 - [MESSAGE][PASSED] - Navigate to 'https://assist2-uat.perkeso.gov.my/login' successfully

2018-12-12 10:50:25 - [TEST_STEP][PASSED] - setText: Text 'johoruo3@gmail.com' is set on object 'Object Repository/Final Object Repo/Login Page/Internal User/Email Address'

2018-12-12 10:50:26 - [MESSAGE][PASSED] - Text 'johoruo3@gmail.com' is set on object 'Object Repository/Final Object Repo/Login Page/Internal User/Email Address'

2018-12-12 10:50:26 - [TEST_STEP][PASSED] - click: Object: 'Object Repository/Final Object Repo/Login Page/Internal User/Next Button' is clicked on

2018-12-12 10:50:26 - [MESSAGE][PASSED] - Object: 'Object Repository/Final Object Repo/Login Page/Internal User/Next Button' is clicked on

2018-12-12 10:50:26 - [TEST_STEP][PASSED] - delay: Delayed 1 second(s)

2018-12-12 10:50:27 - [MESSAGE][PASSED] - Delayed 1 second(s)

2018-12-12 10:50:27 - [TEST_STEP][PASSED] - setEncryptedText: Text ****** has been set on object 'Object Repository/Final Object Repo/Login Page/Internal User/Password'

2018-12-12 10:50:27 - [MESSAGE][PASSED] - Text ****** has been set on object 'Object Repository/Final Object Repo/Login Page/Internal User/Password'

2018-12-12 10:50:27 - [TEST_STEP][PASSED] - click: Object: 'Object Repository/Final Object Repo/Login Page/Internal User/Login Button' is clicked on

2018-12-12 10:50:27 - [MESSAGE][PASSED] - Object: 'Object Repository/Final Object Repo/Login Page/Internal User/Login Button' is clicked on

2018-12-12 10:50:27 - [TEST_STEP][PASSED] - delay: Delayed 2 second(s)

2018-12-12 10:50:29 - [MESSAGE][PASSED] - Delayed 2 second(s)

2018-12-12 10:50:29 - [TEST_STEP][PASSED] - Statement - Try: Delayed 2 second(s)

2018-12-12 10:50:29 - [TEST_STEP][PASSED] - Statement - Checker = false: null

2018-12-12 10:50:29 - [TEST_STEP][PASSED] - Statement - Checker = com.kms.katalon.core.webui.keyword.WebUiBuiltInKeywords.verifyElementHasAttribute(com.kms.katalon.core.testobject.ObjectRepository.findTestObject(Final Object Repo/Landing Page/BM Detecting), "href", 20, OPTIONAL): Object 'Object Repository/Final Object Repo/Landing Page/BM Detecting' has attribute 'href'

2018-12-12 10:50:29 - [MESSAGE][PASSED] - Object 'Object Repository/Final Object Repo/Landing Page/BM Detecting' has attribute 'href'

2018-12-12 10:50:29 - [TEST_STEP][PASSED] - Statement - out.println(Checker): null

2018-12-12 10:50:29 - [TEST_STEP][PASSED] - Statement - If (Checker == false): null

2018-12-12 10:50:29 - [TEST_STEP][PASSED] - Statement - Else: null

2018-12-12 10:50:29 - [TEST_STEP][PASSED] - delay: Delayed 2 second(s)

2018-12-12 10:50:31 - [MESSAGE][PASSED] - Delayed 2 second(s)

2018-12-12 10:50:31 - [TEST_STEP][PASSED] - click: Object: 'Object Repository/Final Object Repo/Page_MyASSIST - ASSIST - Search Pending Case For Add Supporting Document/Search Information' is clicked on

2018-12-12 10:50:32 - [MESSAGE][PASSED] - Object: 'Object Repository/Final Object Repo/Page_MyASSIST - ASSIST - Search Pending Case For Add Supporting Document/Search Information' is clicked on

2018-12-12 10:50:32 - [TEST_STEP][PASSED] - delay: Delayed 3 second(s)

2018-12-12 10:50:35 - [MESSAGE][PASSED] - Delayed 3 second(s)

2018-12-12 10:50:35 - [TEST_STEP][PASSED] - sendKeys: Keys 'CUN122018C100005983' sent to object: 'Object Repository/Final Object Repo/Page_MyASSIST - ASSIST - Search Pending Case For Add Supporting Document/Reference No'

2018-12-12 10:50:35 - [MESSAGE][PASSED] - Keys 'CUN122018C100005983' sent to object: 'Object Repository/Final Object Repo/Page_MyASSIST - ASSIST - Search Pending Case For Add Supporting Document/Reference No'

2018-12-12 10:50:35 - [TEST_STEP][PASSED] - click: Object: 'Object Repository/Final Object Repo/Page_MyASSIST - ASSIST - Search Pending Case For Add Supporting Document/Search Reference No' is clicked on

2018-12-12 10:50:35 - [MESSAGE][PASSED] - Object: 'Object Repository/Final Object Repo/Page_MyASSIST - ASSIST - Search Pending Case For Add Supporting Document/Search Reference No' is clicked on

2018-12-12 10:50:35 - [TEST_STEP][PASSED] - delay: Delayed 2 second(s)

2018-12-12 10:50:37 - [MESSAGE][PASSED] - Delayed 2 second(s)

2018-12-12 10:50:37 - [TEST_STEP][PASSED] - click: Object: 'Object Repository/Final Object Repo/Page_MyASSIST - ASSIST - Search Pending Case For Add Supporting Document/Continue' is clicked on

2018-12-12 10:50:41 - [MESSAGE][PASSED] - Object: 'Object Repository/Final Object Repo/Page_MyASSIST - ASSIST - Search Pending Case For Add Supporting Document/Continue' is clicked on

2018-12-12 10:50:41 - [TEST_STEP][PASSED] - delay: Delayed 20 second(s)

2018-12-12 10:51:01 - [MESSAGE][PASSED] - Delayed 20 second(s)

2018-12-12 10:51:01 - [MESSAGE][PASSED] - Call Test Case 'Test Cases/Final Aug 2018 - PKS Automation/Registration Module/Workflow/Login and Search Case For Workflow' successfully

2018-12-12 10:51:01 - [TEST_STEP][PASSED] - click: Object: 'Object Repository/Final Object Repo/Page_Update Employee Information By Employee/Page_Update Employee Information By Employee (Approve)/Continue' is clicked on

2018-12-12 10:51:04 - [MESSAGE][PASSED] - Object: 'Object Repository/Final Object Repo/Page_Update Employee Information By Employee/Page_Update Employee Information By Employee (Approve)/Continue' is clicked on

2018-12-12 10:51:04 - [TEST_STEP][PASSED] - delay: Delayed 2 second(s)

2018-12-12 10:51:06 - [MESSAGE][PASSED] - Delayed 2 second(s)

2018-12-12 10:51:06 - [TEST_STEP][PASSED] - click: Object: 'Object Repository/Final Object Repo/Page_Update Employee Information By Employee/Page_Update Employee Information By Employee (Approve)/Save  Continue in Update Employee Information Page' is clicked on

2018-12-12 10:51:06 - [MESSAGE][PASSED] - Object: 'Object Repository/Final Object Repo/Page_Update Employee Information By Employee/Page_Update Employee Information By Employee (Approve)/Save  Continue in Update Employee Information Page' is clicked on

2018-12-12 10:51:06 - [TEST_STEP][PASSED] - delay: Delayed 2 second(s)

2018-12-12 10:51:08 - [MESSAGE][PASSED] - Delayed 2 second(s)

2018-12-12 10:51:08 - [TEST_STEP][PASSED] - click: Object: 'Object Repository/Final Object Repo/Page_Update Employee Information By Employee/Page_Update Employee Information By Employee (Approve)/Save  Continue in Upload Supporting Doucument Page' is clicked on

2018-12-12 10:51:09 - [MESSAGE][PASSED] - Object: 'Object Repository/Final Object Repo/Page_Update Employee Information By Employee/Page_Update Employee Information By Employee (Approve)/Save  Continue in Upload Supporting Doucument Page' is clicked on

2018-12-12 10:51:09 - [TEST_STEP][PASSED] - delay: Delayed 2 second(s)

2018-12-12 10:51:11 - [MESSAGE][PASSED] - Delayed 2 second(s)

2018-12-12 10:51:11 - [TEST_STEP][PASSED] - click: Object: 'Object Repository/Final Object Repo/Page_Update Employee Information By Employee/Page_Update Employee Information By Employee (Approve)/Approve' is clicked on

2018-12-12 10:51:13 - [MESSAGE][PASSED] - Object: 'Object Repository/Final Object Repo/Page_Update Employee Information By Employee/Page_Update Employee Information By Employee (Approve)/Approve' is clicked on

2018-12-12 10:51:13 - [TEST_STEP][PASSED] - delay: Delayed 2 second(s)

2018-12-12 10:51:15 - [MESSAGE][PASSED] - Delayed 2 second(s)

2018-12-12 10:51:15 - [TEST_STEP][PASSED] - click: Object: 'Object Repository/Final Object Repo/Page_Update Employee Information By Employee/Page_Update Employee Information By Employee (Approve)/Confirm' is clicked on

2018-12-12 10:51:15 - [MESSAGE][PASSED] - Object: 'Object Repository/Final Object Repo/Page_Update Employee Information By Employee/Page_Update Employee Information By Employee (Approve)/Confirm' is clicked on

2018-12-12 10:51:15 - [TEST_STEP][PASSED] - delay: Delayed 2 second(s)

2018-12-12 10:51:17 - [MESSAGE][PASSED] - Delayed 2 second(s)

2018-12-12 10:51:17 - [TEST_STEP][PASSED] - click: Object: 'Object Repository/Final Object Repo/Page_Update Employee Information By Employee/Page_Update Employee Information By Employee (Approve)/Message Your Request    Update Emp' is clicked on

2018-12-12 10:51:20 - [MESSAGE][PASSED] - Object: 'Object Repository/Final Object Repo/Page_Update Employee Information By Employee/Page_Update Employee Information By Employee (Approve)/Message Your Request    Update Emp' is clicked on

2018-12-12 10:51:20 - [TEST_STEP][PASSED] - click: Object: 'Object Repository/Final Object Repo/Page_Update Employee Information By Employee/Page_Update Employee Information By Employee (Approve)/Letter of successful update' is clicked on

2018-12-12 10:51:21 - [MESSAGE][PASSED] - Object: 'Object Repository/Final Object Repo/Page_Update Employee Information By Employee/Page_Update Employee Information By Employee (Approve)/Letter of successful update' is clicked on

2018-12-12 10:51:21 - [MESSAGE][PASSED] - Call Test Case 'Test Cases/Final Aug 2018 - PKS Automation/Registration Module/Workflow/Update Employee Information (Employee)/Template/Update Employee Information - Special Case - UO (Approve)' successfully]]></system-out>
         <system-err><![CDATA[]]></system-err>
      </testcase>
      <testcase name="Test Cases/Final Aug 2018 - PKS Automation/Registration Module/Workflow/Update Employee Information (Employee)/OTC to UO (Query)" classname="Test Cases/Final Aug 2018 - PKS Automation/Registration Module/Workflow/Update Employee Information (Employee)/OTC to UO (Query)" status="PASSED">
         <system-out><![CDATA[2018-12-12 10:51:21 - [TEST_CASE][PASSED] - Test Cases/Final Aug 2018 - PKS Automation/Registration Module/Workflow/Update Employee Information (Employee)/OTC to UO (Query): Test Cases/Final Aug 2018 - PKS Automation/Registration Module/Workflow/Update Employee Information (Employee)/OTC to UO (Query)

2018-12-12 10:51:21 - [TEST_STEP][PASSED] - callTestCase: Call Test Case 'Test Cases/Final Aug 2018 - PKS Automation/Registration Module/Workflow/Update Employee Information (Employee)/Template/Update Employee Information - Special Case (OTC)' successfully

2018-12-12 10:51:21 - [TEST_CASE][PASSED] - Test Cases/Final Aug 2018 - PKS Automation/Registration Module/Workflow/Update Employee Information (Employee)/Template/Update Employee Information - Special Case (OTC): Test Cases/Final Aug 2018 - PKS Automation/Registration Module/Workflow/Update Employee Information (Employee)/Template/Update Employee Information - Special Case (OTC)

2018-12-12 10:51:21 - [TEST_STEP][PASSED] - openBrowser: Browser is opened with url: ''

2018-12-12 10:51:21 - [MESSAGE][WARNING] - A browser is already opened. Closing browser and opening a new one

2018-12-12 10:51:26 - [MESSAGE][PASSED] - Browser is opened with url: ''

2018-12-12 10:51:26 - [TEST_STEP][PASSED] - navigateToUrl: Navigate to 'https://assist2-uat.perkeso.gov.my/login' successfully

2018-12-12 10:51:27 - [MESSAGE][PASSED] - Navigate to 'https://assist2-uat.perkeso.gov.my/login' successfully

2018-12-12 10:51:27 - [TEST_STEP][PASSED] - setText: Text 'johorotc1@gmail.com' is set on object 'Object Repository/Final Object Repo/Login Page/Internal User/Email Address'

2018-12-12 10:51:27 - [MESSAGE][PASSED] - Text 'johorotc1@gmail.com' is set on object 'Object Repository/Final Object Repo/Login Page/Internal User/Email Address'

2018-12-12 10:51:27 - [TEST_STEP][PASSED] - click: Object: 'Object Repository/Final Object Repo/Login Page/Internal User/Next Button' is clicked on

2018-12-12 10:51:27 - [MESSAGE][PASSED] - Object: 'Object Repository/Final Object Repo/Login Page/Internal User/Next Button' is clicked on

2018-12-12 10:51:27 - [TEST_STEP][PASSED] - delay: Delayed 1 second(s)

2018-12-12 10:51:28 - [MESSAGE][PASSED] - Delayed 1 second(s)

2018-12-12 10:51:28 - [TEST_STEP][PASSED] - setEncryptedText: Text ****** has been set on object 'Object Repository/Final Object Repo/Login Page/Internal User/Password'

2018-12-12 10:51:29 - [MESSAGE][PASSED] - Text ****** has been set on object 'Object Repository/Final Object Repo/Login Page/Internal User/Password'

2018-12-12 10:51:29 - [TEST_STEP][PASSED] - click: Object: 'Object Repository/Final Object Repo/Login Page/Internal User/Login Button' is clicked on

2018-12-12 10:51:29 - [MESSAGE][PASSED] - Object: 'Object Repository/Final Object Repo/Login Page/Internal User/Login Button' is clicked on

2018-12-12 10:51:29 - [TEST_STEP][PASSED] - Statement - tester = com.kms.katalon.core.testobject.ObjectRepository.findTestObject(Final Object Repo/Landing Page/Select to English): Finding Test Object with id 'Object Repository/Final Object Repo/Landing Page/Select to English'

2018-12-12 10:51:29 - [TEST_STEP][PASSED] - Statement - Try: Delayed 2 second(s)

2018-12-12 10:51:29 - [TEST_STEP][PASSED] - Statement - Checker = com.kms.katalon.core.webui.keyword.WebUiBuiltInKeywords.verifyElementNotPresent(tester, 3): Web element with id: 'Object Repository/Final Object Repo/Landing Page/Select to English' located by 'By.xpath: //a[@class = 'taglib-language-list-text' and @lang = 'en-US' and (contains(text(), 'EN') or contains(., 'EN'))]' is not present after '3' second(s)

2018-12-12 10:51:31 - [MESSAGE][PASSED] - Web element with id: 'Object Repository/Final Object Repo/Landing Page/Select to English' located by 'By.xpath: //a[@class = 'taglib-language-list-text' and @lang = 'en-US' and (contains(text(), 'EN') or contains(., 'EN'))]' is not present after '3' second(s)

2018-12-12 10:51:31 - [TEST_STEP][PASSED] - Statement - If (Checker == false): null

2018-12-12 10:51:31 - [TEST_STEP][PASSED] - delay: Delayed 2 second(s)

2018-12-12 10:51:33 - [MESSAGE][PASSED] - Delayed 2 second(s)

2018-12-12 10:51:33 - [TEST_STEP][PASSED] - delay: Delayed 5 second(s)

2018-12-12 10:51:38 - [MESSAGE][PASSED] - Delayed 5 second(s)

2018-12-12 10:51:38 - [TEST_STEP][PASSED] - navigateToUrl: Navigate to 'https://assist2-uat.perkeso.gov.my/web/registration/update/update-employee-information-employee-' successfully

2018-12-12 10:51:39 - [MESSAGE][PASSED] - Navigate to 'https://assist2-uat.perkeso.gov.my/web/registration/update/update-employee-information-employee-' successfully

2018-12-12 10:51:39 - [TEST_STEP][PASSED] - click: Object: 'Object Repository/Final Object Repo/Page_Update Employee Information By Employee/Type of Identification' is clicked on

2018-12-12 10:51:39 - [MESSAGE][PASSED] - Object: 'Object Repository/Final Object Repo/Page_Update Employee Information By Employee/Type of Identification' is clicked on

2018-12-12 10:51:39 - [TEST_STEP][PASSED] - click: Object: 'Object Repository/Final Object Repo/Page Update Employee Information By Employee/Type of Identification - Name' is clicked on

2018-12-12 10:51:39 - [MESSAGE][PASSED] - Object: 'Object Repository/Final Object Repo/Page Update Employee Information By Employee/Type of Identification - Name' is clicked on

2018-12-12 10:51:39 - [TEST_STEP][PASSED] - setText: Text 'YUKI JR B' is set on object 'Object Repository/Final Object Repo/Page_Update Employee Information By Employee/New Identification'

2018-12-12 10:51:39 - [MESSAGE][PASSED] - Text 'YUKI JR B' is set on object 'Object Repository/Final Object Repo/Page_Update Employee Information By Employee/New Identification'

2018-12-12 10:51:39 - [TEST_STEP][PASSED] - click: Object: 'Object Repository/Final Object Repo/Page_Update Employee Information By Employee/Search Button' is clicked on

2018-12-12 10:51:40 - [MESSAGE][PASSED] - Object: 'Object Repository/Final Object Repo/Page_Update Employee Information By Employee/Search Button' is clicked on

2018-12-12 10:51:40 - [TEST_STEP][PASSED] - click: Object: 'Object Repository/Final Object Repo/Page_Update Employee Information By Employee/Edit Button' is clicked on

2018-12-12 10:51:43 - [MESSAGE][PASSED] - Object: 'Object Repository/Final Object Repo/Page_Update Employee Information By Employee/Edit Button' is clicked on

2018-12-12 10:51:43 - [TEST_STEP][PASSED] - delay: Delayed 2 second(s)

2018-12-12 10:51:45 - [MESSAGE][PASSED] - Delayed 2 second(s)

2018-12-12 10:51:45 - [TEST_STEP][PASSED] - click: Object: 'Object Repository/Final Object Repo/Page_Update Employee Information By Employee/Employee Information Edit Button' is clicked on

2018-12-12 10:51:46 - [MESSAGE][PASSED] - Object: 'Object Repository/Final Object Repo/Page_Update Employee Information By Employee/Employee Information Edit Button' is clicked on

2018-12-12 10:51:46 - [TEST_STEP][PASSED] - delay: Delayed 2 second(s)

2018-12-12 10:51:48 - [MESSAGE][PASSED] - Delayed 2 second(s)

2018-12-12 10:51:48 - [TEST_STEP][PASSED] - click: Object: 'Object Repository/Final Object Repo/Page_Update Employee Information By Employee/New Identification Number' is clicked on

2018-12-12 10:51:48 - [MESSAGE][PASSED] - Object: 'Object Repository/Final Object Repo/Page_Update Employee Information By Employee/New Identification Number' is clicked on

2018-12-12 10:51:48 - [TEST_STEP][PASSED] - setText: Text '' is set on object 'Object Repository/Final Object Repo/Page_Update Employee Information By Employee/New Identification Number'

2018-12-12 10:51:48 - [MESSAGE][PASSED] - Text '' is set on object 'Object Repository/Final Object Repo/Page_Update Employee Information By Employee/New Identification Number'

2018-12-12 10:51:48 - [TEST_STEP][PASSED] - Statement - rnd = new java.util.Random(): null

2018-12-12 10:51:48 - [TEST_STEP][PASSED] - Statement - snum = rnd.nextInt(899999 + 1) + 100000: null

2018-12-12 10:51:48 - [TEST_STEP][PASSED] - Statement - tnum = rnd.nextInt(899999 + 1) + 100000: null

2018-12-12 10:51:48 - [TEST_STEP][PASSED] - Statement - IC = java.lang.Integer.toString(snum) + java.lang.Integer.toString(tnum): null

2018-12-12 10:51:48 - [TEST_STEP][PASSED] - Statement - out.println(IC): null

2018-12-12 10:51:48 - [TEST_STEP][PASSED] - setText: Text '465981226667' is set on object 'Object Repository/Final Object Repo/Page_Update Employee Information By Employee/New Identification Number'

2018-12-12 10:51:48 - [MESSAGE][PASSED] - Text '465981226667' is set on object 'Object Repository/Final Object Repo/Page_Update Employee Information By Employee/New Identification Number'

2018-12-12 10:51:48 - [TEST_STEP][PASSED] - delay: Delayed 2 second(s)

2018-12-12 10:51:50 - [MESSAGE][PASSED] - Delayed 2 second(s)

2018-12-12 10:51:50 - [TEST_STEP][PASSED] - click: Object: 'Object Repository/Final Object Repo/Page_Update Employee Information By Employee/Save' is clicked on

2018-12-12 10:51:51 - [MESSAGE][PASSED] - Object: 'Object Repository/Final Object Repo/Page_Update Employee Information By Employee/Save' is clicked on

2018-12-12 10:51:51 - [TEST_STEP][PASSED] - delay: Delayed 10 second(s)

2018-12-12 10:52:01 - [MESSAGE][PASSED] - Delayed 10 second(s)

2018-12-12 10:52:01 - [TEST_STEP][PASSED] - click: Object: 'Object Repository/Final Object Repo/Page_Update Employee Information By Employee/Save  Continue in Update Employee Information' is clicked on

2018-12-12 10:52:01 - [MESSAGE][PASSED] - Object: 'Object Repository/Final Object Repo/Page_Update Employee Information By Employee/Save  Continue in Update Employee Information' is clicked on

2018-12-12 10:52:01 - [TEST_STEP][PASSED] - delay: Delayed 2 second(s)

2018-12-12 10:52:03 - [MESSAGE][PASSED] - Delayed 2 second(s)

2018-12-12 10:52:03 - [TEST_STEP][PASSED] - click: Object: 'Object Repository/Final Object Repo/Page_Update Employee Information By Employee/Save  Continue in Uploading Page' is clicked on

2018-12-12 10:52:04 - [MESSAGE][PASSED] - Object: 'Object Repository/Final Object Repo/Page_Update Employee Information By Employee/Save  Continue in Uploading Page' is clicked on

2018-12-12 10:52:04 - [TEST_STEP][PASSED] - delay: Delayed 2 second(s)

2018-12-12 10:52:06 - [MESSAGE][PASSED] - Delayed 2 second(s)

2018-12-12 10:52:06 - [TEST_STEP][PASSED] - Statement - CaseReferenceNo = com.kms.katalon.core.webui.keyword.WebUiBuiltInKeywords.getText(com.kms.katalon.core.testobject.ObjectRepository.findTestObject(Final Object Repo/Page_Update Employer Information/Reference Number in Update Employee Information Page)): Text of object 'Object Repository/Final Object Repo/Page_Update Employer Information/Reference Number in Update Employee Information Page' is: 'CUN122018C100005984'

2018-12-12 10:52:08 - [MESSAGE][PASSED] - Text of object 'Object Repository/Final Object Repo/Page_Update Employer Information/Reference Number in Update Employee Information Page' is: 'CUN122018C100005984'

2018-12-12 10:52:08 - [TEST_STEP][PASSED] - callTestCase: Call Test Case 'Test Cases/Final Aug 2018 - PKS Automation/Common/Reference Number Setter' successfully

2018-12-12 10:52:08 - [TEST_CASE][PASSED] - Test Cases/Final Aug 2018 - PKS Automation/Common/Reference Number Setter: Test Cases/Final Aug 2018 - PKS Automation/Common/Reference Number Setter

2018-12-12 10:52:08 - [TEST_STEP][PASSED] - Statement - RefNoOldFile = new java.io.File(C://Users//Admin//Desktop//PKS//Automation Reference Point//KatalonReference.txt): null

2018-12-12 10:52:08 - [TEST_STEP][PASSED] - Statement - RefNoOldFile.delete(): null

2018-12-12 10:52:08 - [TEST_STEP][PASSED] - delay: Delayed 5 second(s)

2018-12-12 10:52:13 - [MESSAGE][PASSED] - Delayed 5 second(s)

2018-12-12 10:52:13 - [TEST_STEP][PASSED] - Statement - RefNo = new java.io.File(C://Users//Admin//Desktop//PKS//Automation Reference Point//KatalonReference.txt): null

2018-12-12 10:52:13 - [TEST_STEP][PASSED] - Statement - f2 = new java.io.FileWriter(RefNo, false): null

2018-12-12 10:52:13 - [TEST_STEP][PASSED] - Statement - f2.write(CaseReferenceNo): null

2018-12-12 10:52:13 - [TEST_STEP][PASSED] - Statement - f2.close(): null

2018-12-12 10:52:13 - [TEST_STEP][PASSED] - Statement - out.println("


" + CaseReferenceNo + "


"): null

2018-12-12 10:52:13 - [MESSAGE][PASSED] - Call Test Case 'Test Cases/Final Aug 2018 - PKS Automation/Common/Reference Number Setter' successfully

2018-12-12 10:52:13 - [TEST_STEP][PASSED] - delay: Delayed 2 second(s)

2018-12-12 10:52:15 - [MESSAGE][PASSED] - Delayed 2 second(s)

2018-12-12 10:52:15 - [TEST_STEP][PASSED] - click: Object: 'Object Repository/Final Object Repo/Page_Update Employee Information By Employee/Submit' is clicked on

2018-12-12 10:52:15 - [MESSAGE][PASSED] - Object: 'Object Repository/Final Object Repo/Page_Update Employee Information By Employee/Submit' is clicked on

2018-12-12 10:52:15 - [TEST_STEP][PASSED] - delay: Delayed 2 second(s)

2018-12-12 10:52:17 - [MESSAGE][PASSED] - Delayed 2 second(s)

2018-12-12 10:52:17 - [TEST_STEP][PASSED] - click: Object: 'Object Repository/Final Object Repo/Page_Update Employee Information By Employee/Confirm Button' is clicked on

2018-12-12 10:52:17 - [MESSAGE][PASSED] - Object: 'Object Repository/Final Object Repo/Page_Update Employee Information By Employee/Confirm Button' is clicked on

2018-12-12 10:52:17 - [TEST_STEP][PASSED] - delay: Delayed 2 second(s)

2018-12-12 10:52:19 - [MESSAGE][PASSED] - Delayed 2 second(s)

2018-12-12 10:52:19 - [TEST_STEP][PASSED] - click: Object: 'Object Repository/Final Object Repo/Page_Update Employee Information By Employee/Successful Message Routed to UO' is clicked on

2018-12-12 10:52:21 - [MESSAGE][PASSED] - Object: 'Object Repository/Final Object Repo/Page_Update Employee Information By Employee/Successful Message Routed to UO' is clicked on

2018-12-12 10:52:21 - [MESSAGE][PASSED] - Call Test Case 'Test Cases/Final Aug 2018 - PKS Automation/Registration Module/Workflow/Update Employee Information (Employee)/Template/Update Employee Information - Special Case (OTC)' successfully

2018-12-12 10:52:21 - [TEST_STEP][PASSED] - callTestCase: Call Test Case 'Test Cases/Final Aug 2018 - PKS Automation/Registration Module/Workflow/Update Employee Information (Employee)/Template/Update Employee Information - Special Case - UO (Query)' successfully

2018-12-12 10:52:21 - [TEST_CASE][PASSED] - Test Cases/Final Aug 2018 - PKS Automation/Registration Module/Workflow/Update Employee Information (Employee)/Template/Update Employee Information - Special Case - UO (Query): Test Cases/Final Aug 2018 - PKS Automation/Registration Module/Workflow/Update Employee Information (Employee)/Template/Update Employee Information - Special Case - UO (Query)

2018-12-12 10:52:21 - [TEST_STEP][NOT_RUN] - callTestCase: NOT_RUN: callTestCase

2018-12-12 10:52:21 - [MESSAGE][NOT_RUN] - NOT_RUN: callTestCase

2018-12-12 10:52:21 - [TEST_STEP][PASSED] - delay: Delayed 2 second(s)

2018-12-12 10:52:23 - [MESSAGE][PASSED] - Delayed 2 second(s)

2018-12-12 10:52:23 - [TEST_STEP][PASSED] - navigateToUrl: Navigate to 'https://assist2-uat.perkeso.gov.my/c/portal/logout' successfully

2018-12-12 10:52:24 - [MESSAGE][PASSED] - Navigate to 'https://assist2-uat.perkeso.gov.my/c/portal/logout' successfully

2018-12-12 10:52:24 - [TEST_STEP][PASSED] - delay: Delayed 2 second(s)

2018-12-12 10:52:26 - [MESSAGE][PASSED] - Delayed 2 second(s)

2018-12-12 10:52:26 - [TEST_STEP][PASSED] - callTestCase: Call Test Case 'Test Cases/Final Aug 2018 - PKS Automation/Common/Reference Number Getter' successfully

2018-12-12 10:52:26 - [TEST_CASE][PASSED] - Test Cases/Final Aug 2018 - PKS Automation/Common/Reference Number Getter: Test Cases/Final Aug 2018 - PKS Automation/Common/Reference Number Getter

2018-12-12 10:52:26 - [TEST_STEP][PASSED] - Statement - Try: null

2018-12-12 10:52:26 - [TEST_STEP][PASSED] - Statement - RefNo = new java.io.File(C://Users//Admin//Desktop//PKS//Automation Reference Point//KatalonReference.txt): null

2018-12-12 10:52:26 - [TEST_STEP][PASSED] - Statement - bufferread = new java.io.BufferedReader(new java.io.FileReader(RefNo)): null

2018-12-12 10:52:26 - [TEST_STEP][PASSED] - Statement - readedVal = bufferread.readLine(): null

2018-12-12 10:52:26 - [TEST_STEP][PASSED] - Statement - out.println(CaseReferenceNo): null

2018-12-12 10:52:26 - [TEST_STEP][PASSED] - Statement - out.println(readedVal): null

2018-12-12 10:52:26 - [TEST_STEP][PASSED] - Statement - CaseReferenceNo = "": null

2018-12-12 10:52:26 - [TEST_STEP][PASSED] - Statement - CaseReferenceNo = readedVal: null

2018-12-12 10:52:26 - [MESSAGE][PASSED] - Call Test Case 'Test Cases/Final Aug 2018 - PKS Automation/Common/Reference Number Getter' successfully

2018-12-12 10:52:26 - [TEST_STEP][PASSED] - callTestCase: Call Test Case 'Test Cases/Final Aug 2018 - PKS Automation/Common/Workflow Owner Finder' successfully

2018-12-12 10:52:26 - [TEST_CASE][PASSED] - Test Cases/Final Aug 2018 - PKS Automation/Common/Workflow Owner Finder: Test Cases/Final Aug 2018 - PKS Automation/Common/Workflow Owner Finder

2018-12-12 10:52:26 - [TEST_STEP][PASSED] - openBrowser: Browser is opened with url: ''

2018-12-12 10:52:26 - [MESSAGE][WARNING] - A browser is already opened. Closing browser and opening a new one

2018-12-12 10:52:31 - [MESSAGE][PASSED] - Browser is opened with url: ''

2018-12-12 10:52:31 - [TEST_STEP][PASSED] - navigateToUrl: Navigate to 'https://assist2-uat.perkeso.gov.my/login' successfully

2018-12-12 10:52:32 - [MESSAGE][PASSED] - Navigate to 'https://assist2-uat.perkeso.gov.my/login' successfully

2018-12-12 10:52:32 - [TEST_STEP][PASSED] - delay: Delayed 5 second(s)

2018-12-12 10:52:37 - [MESSAGE][PASSED] - Delayed 5 second(s)

2018-12-12 10:52:37 - [TEST_STEP][PASSED] - setText: Text 'test@liferay.com' is set on object 'Object Repository/Final Object Repo/Login Page/Internal User/Email Address'

2018-12-12 10:52:37 - [MESSAGE][PASSED] - Text 'test@liferay.com' is set on object 'Object Repository/Final Object Repo/Login Page/Internal User/Email Address'

2018-12-12 10:52:37 - [TEST_STEP][PASSED] - click: Object: 'Object Repository/Final Object Repo/Login Page/Internal User/Next Button' is clicked on

2018-12-12 10:52:37 - [MESSAGE][PASSED] - Object: 'Object Repository/Final Object Repo/Login Page/Internal User/Next Button' is clicked on

2018-12-12 10:52:37 - [TEST_STEP][PASSED] - delay: Delayed 2 second(s)

2018-12-12 10:52:39 - [MESSAGE][PASSED] - Delayed 2 second(s)

2018-12-12 10:52:39 - [TEST_STEP][PASSED] - setText: Text 'test' is set on object 'Object Repository/Final Object Repo/Login Page/Internal User/Password'

2018-12-12 10:52:39 - [MESSAGE][PASSED] - Text 'test' is set on object 'Object Repository/Final Object Repo/Login Page/Internal User/Password'

2018-12-12 10:52:40 - [TEST_STEP][PASSED] - delay: Delayed 2 second(s)

2018-12-12 10:52:42 - [MESSAGE][PASSED] - Delayed 2 second(s)

2018-12-12 10:52:42 - [TEST_STEP][PASSED] - click: Object: 'Object Repository/Final Object Repo/Login Page/Internal User/Login Button' is clicked on

2018-12-12 10:52:42 - [MESSAGE][PASSED] - Object: 'Object Repository/Final Object Repo/Login Page/Internal User/Login Button' is clicked on

2018-12-12 10:52:42 - [TEST_STEP][PASSED] - Statement - tester = com.kms.katalon.core.testobject.ObjectRepository.findTestObject(Final Object Repo/Landing Page/Select to English): Finding Test Object with id 'Object Repository/Final Object Repo/Landing Page/Select to English'

2018-12-12 10:52:42 - [TEST_STEP][PASSED] - Statement - Try: Delayed 2 second(s)

2018-12-12 10:52:42 - [TEST_STEP][PASSED] - Statement - Checker = com.kms.katalon.core.webui.keyword.WebUiBuiltInKeywords.verifyElementNotPresent(tester, 3): Web element with id: 'Object Repository/Final Object Repo/Landing Page/Select to English' located by 'By.xpath: //a[@class = 'taglib-language-list-text' and @lang = 'en-US' and (contains(text(), 'EN') or contains(., 'EN'))]' is not present after '3' second(s)

2018-12-12 10:52:44 - [MESSAGE][PASSED] - Web element with id: 'Object Repository/Final Object Repo/Landing Page/Select to English' located by 'By.xpath: //a[@class = 'taglib-language-list-text' and @lang = 'en-US' and (contains(text(), 'EN') or contains(., 'EN'))]' is not present after '3' second(s)

2018-12-12 10:52:44 - [TEST_STEP][PASSED] - Statement - If (Checker == false): null

2018-12-12 10:52:44 - [TEST_STEP][PASSED] - delay: Delayed 2 second(s)

2018-12-12 10:52:46 - [MESSAGE][PASSED] - Delayed 2 second(s)

2018-12-12 10:52:46 - [TEST_STEP][PASSED] - delay: Delayed 5 second(s)

2018-12-12 10:52:51 - [MESSAGE][PASSED] - Delayed 5 second(s)

2018-12-12 10:52:51 - [TEST_STEP][PASSED] - mouseOver: Object: 'Object Repository/Final Object Repo/Landing Page/WorkFlow Menu' is hovered

2018-12-12 10:52:51 - [MESSAGE][PASSED] - Object: 'Object Repository/Final Object Repo/Landing Page/WorkFlow Menu' is hovered

2018-12-12 10:52:51 - [TEST_STEP][PASSED] - delay: Delayed 2 second(s)

2018-12-12 10:52:53 - [MESSAGE][PASSED] - Delayed 2 second(s)

2018-12-12 10:52:53 - [TEST_STEP][PASSED] - click: Object: 'Object Repository/Final Object Repo/Landing Page/Select to Workflow Listing' is clicked on

2018-12-12 10:52:54 - [MESSAGE][PASSED] - Object: 'Object Repository/Final Object Repo/Landing Page/Select to Workflow Listing' is clicked on

2018-12-12 10:52:54 - [TEST_STEP][PASSED] - delay: Delayed 2 second(s)

2018-12-12 10:52:56 - [MESSAGE][PASSED] - Delayed 2 second(s)

2018-12-12 10:52:56 - [TEST_STEP][PASSED] - click: Object: 'Object Repository/Final Object Repo/WorkFlow Listing Page/Search Information - To Put Ref No' is clicked on

2018-12-12 10:52:56 - [MESSAGE][PASSED] - Object: 'Object Repository/Final Object Repo/WorkFlow Listing Page/Search Information - To Put Ref No' is clicked on

2018-12-12 10:52:56 - [TEST_STEP][PASSED] - delay: Delayed 2 second(s)

2018-12-12 10:52:58 - [MESSAGE][PASSED] - Delayed 2 second(s)

2018-12-12 10:52:58 - [TEST_STEP][PASSED] - callTestCase: Call Test Case 'Test Cases/Final Aug 2018 - PKS Automation/Common/Reference Number Getter' successfully

2018-12-12 10:52:58 - [TEST_CASE][PASSED] - Test Cases/Final Aug 2018 - PKS Automation/Common/Reference Number Getter: Test Cases/Final Aug 2018 - PKS Automation/Common/Reference Number Getter

2018-12-12 10:52:58 - [TEST_STEP][PASSED] - Statement - Try: null

2018-12-12 10:52:58 - [TEST_STEP][PASSED] - Statement - RefNo = new java.io.File(C://Users//Admin//Desktop//PKS//Automation Reference Point//KatalonReference.txt): null

2018-12-12 10:52:58 - [TEST_STEP][PASSED] - Statement - bufferread = new java.io.BufferedReader(new java.io.FileReader(RefNo)): null

2018-12-12 10:52:58 - [TEST_STEP][PASSED] - Statement - readedVal = bufferread.readLine(): null

2018-12-12 10:52:58 - [TEST_STEP][PASSED] - Statement - out.println(CaseReferenceNo): null

2018-12-12 10:52:58 - [TEST_STEP][PASSED] - Statement - out.println(readedVal): null

2018-12-12 10:52:58 - [TEST_STEP][PASSED] - Statement - CaseReferenceNo = "": null

2018-12-12 10:52:58 - [TEST_STEP][PASSED] - Statement - CaseReferenceNo = readedVal: null

2018-12-12 10:52:58 - [MESSAGE][PASSED] - Call Test Case 'Test Cases/Final Aug 2018 - PKS Automation/Common/Reference Number Getter' successfully

2018-12-12 10:52:58 - [TEST_STEP][PASSED] - setText: Text 'CUN122018C100005984' is set on object 'Object Repository/Final Object Repo/WorkFlow Listing Page/Ref No Set Text'

2018-12-12 10:52:59 - [MESSAGE][PASSED] - Text 'CUN122018C100005984' is set on object 'Object Repository/Final Object Repo/WorkFlow Listing Page/Ref No Set Text'

2018-12-12 10:52:59 - [TEST_STEP][PASSED] - delay: Delayed 2 second(s)

2018-12-12 10:53:01 - [MESSAGE][PASSED] - Delayed 2 second(s)

2018-12-12 10:53:01 - [TEST_STEP][PASSED] - click: Object: 'Object Repository/Final Object Repo/WorkFlow Listing Page/Search Ref No Search Button' is clicked on

2018-12-12 10:53:01 - [MESSAGE][PASSED] - Object: 'Object Repository/Final Object Repo/WorkFlow Listing Page/Search Ref No Search Button' is clicked on

2018-12-12 10:53:01 - [TEST_STEP][PASSED] - delay: Delayed 6 second(s)

2018-12-12 10:53:07 - [MESSAGE][PASSED] - Delayed 6 second(s)

2018-12-12 10:53:07 - [TEST_STEP][PASSED] - click: Object: 'Object Repository/Final Object Repo/WorkFlow Listing Page/Click Continue Tooltip' is clicked on

2018-12-12 10:53:08 - [MESSAGE][PASSED] - Object: 'Object Repository/Final Object Repo/WorkFlow Listing Page/Click Continue Tooltip' is clicked on

2018-12-12 10:53:08 - [TEST_STEP][PASSED] - delay: Delayed 5 second(s)

2018-12-12 10:53:13 - [MESSAGE][PASSED] - Delayed 5 second(s)

2018-12-12 10:53:13 - [TEST_STEP][PASSED] - doubleClick: Object: 'Object Repository/Final Object Repo/WorkFlow Listing Page/Workflow Found - Listing 1' is double clicked on

2018-12-12 10:53:13 - [MESSAGE][PASSED] - Object: 'Object Repository/Final Object Repo/WorkFlow Listing Page/Workflow Found - Listing 1' is double clicked on

2018-12-12 10:53:13 - [TEST_STEP][PASSED] - Statement - println(OwnerID): null

2018-12-12 10:53:13 - [TEST_STEP][PASSED] - Statement - OwnerID = com.kms.katalon.core.webui.keyword.WebUiBuiltInKeywords.getText(com.kms.katalon.core.testobject.ObjectRepository.findTestObject(Final Object Repo/WorkFlow Listing Page/Workflow Found - Listing 1), STOP_ON_FAILURE): Text of object 'Object Repository/Final Object Repo/WorkFlow Listing Page/Workflow Found - Listing 1' is: 'JOHORuo1'

2018-12-12 10:53:13 - [MESSAGE][PASSED] - Text of object 'Object Repository/Final Object Repo/WorkFlow Listing Page/Workflow Found - Listing 1' is: 'JOHORuo1'

2018-12-12 10:53:13 - [TEST_STEP][PASSED] - Statement - OwnerID = OwnerID.toLowerCase() + "@gmail.com": null

2018-12-12 10:53:13 - [TEST_STEP][PASSED] - Statement - println(OwnerID): null

2018-12-12 10:53:13 - [TEST_STEP][PASSED] - delay: Delayed 2 second(s)

2018-12-12 10:53:15 - [MESSAGE][PASSED] - Delayed 2 second(s)

2018-12-12 10:53:15 - [MESSAGE][PASSED] - Call Test Case 'Test Cases/Final Aug 2018 - PKS Automation/Common/Workflow Owner Finder' successfully

2018-12-12 10:53:15 - [TEST_STEP][PASSED] - delay: Delayed 2 second(s)

2018-12-12 10:53:17 - [MESSAGE][PASSED] - Delayed 2 second(s)

2018-12-12 10:53:17 - [TEST_STEP][PASSED] - navigateToUrl: Navigate to 'https://assist2-uat.perkeso.gov.my/c/portal/logout' successfully

2018-12-12 10:53:18 - [MESSAGE][PASSED] - Navigate to 'https://assist2-uat.perkeso.gov.my/c/portal/logout' successfully

2018-12-12 10:53:18 - [TEST_STEP][PASSED] - delay: Delayed 2 second(s)

2018-12-12 10:53:20 - [MESSAGE][PASSED] - Delayed 2 second(s)

2018-12-12 10:53:20 - [TEST_STEP][PASSED] - callTestCase: Call Test Case 'Test Cases/Final Aug 2018 - PKS Automation/Registration Module/Workflow/Login and Search Case For Workflow' successfully

2018-12-12 10:53:20 - [TEST_CASE][PASSED] - Test Cases/Final Aug 2018 - PKS Automation/Registration Module/Workflow/Login and Search Case For Workflow: Test Cases/Final Aug 2018 - PKS Automation/Registration Module/Workflow/Login and Search Case For Workflow

2018-12-12 10:53:20 - [TEST_STEP][PASSED] - navigateToUrl: Navigate to 'https://assist2-uat.perkeso.gov.my/login' successfully

2018-12-12 10:53:20 - [MESSAGE][PASSED] - Navigate to 'https://assist2-uat.perkeso.gov.my/login' successfully

2018-12-12 10:53:20 - [TEST_STEP][PASSED] - setText: Text 'johoruo1@gmail.com' is set on object 'Object Repository/Final Object Repo/Login Page/Internal User/Email Address'

2018-12-12 10:53:21 - [MESSAGE][PASSED] - Text 'johoruo1@gmail.com' is set on object 'Object Repository/Final Object Repo/Login Page/Internal User/Email Address'

2018-12-12 10:53:21 - [TEST_STEP][PASSED] - click: Object: 'Object Repository/Final Object Repo/Login Page/Internal User/Next Button' is clicked on

2018-12-12 10:53:21 - [MESSAGE][PASSED] - Object: 'Object Repository/Final Object Repo/Login Page/Internal User/Next Button' is clicked on

2018-12-12 10:53:21 - [TEST_STEP][PASSED] - delay: Delayed 1 second(s)

2018-12-12 10:53:22 - [MESSAGE][PASSED] - Delayed 1 second(s)

2018-12-12 10:53:22 - [TEST_STEP][PASSED] - setEncryptedText: Text ****** has been set on object 'Object Repository/Final Object Repo/Login Page/Internal User/Password'

2018-12-12 10:53:22 - [MESSAGE][PASSED] - Text ****** has been set on object 'Object Repository/Final Object Repo/Login Page/Internal User/Password'

2018-12-12 10:53:22 - [TEST_STEP][PASSED] - click: Object: 'Object Repository/Final Object Repo/Login Page/Internal User/Login Button' is clicked on

2018-12-12 10:53:22 - [MESSAGE][PASSED] - Object: 'Object Repository/Final Object Repo/Login Page/Internal User/Login Button' is clicked on

2018-12-12 10:53:22 - [TEST_STEP][PASSED] - delay: Delayed 2 second(s)

2018-12-12 10:53:24 - [MESSAGE][PASSED] - Delayed 2 second(s)

2018-12-12 10:53:24 - [TEST_STEP][PASSED] - Statement - Try: Delayed 2 second(s)

2018-12-12 10:53:24 - [TEST_STEP][PASSED] - Statement - Checker = false: null

2018-12-12 10:53:24 - [TEST_STEP][PASSED] - Statement - Checker = com.kms.katalon.core.webui.keyword.WebUiBuiltInKeywords.verifyElementHasAttribute(com.kms.katalon.core.testobject.ObjectRepository.findTestObject(Final Object Repo/Landing Page/BM Detecting), "href", 20, OPTIONAL): Object 'Object Repository/Final Object Repo/Landing Page/BM Detecting' has attribute 'href'

2018-12-12 10:53:24 - [MESSAGE][PASSED] - Object 'Object Repository/Final Object Repo/Landing Page/BM Detecting' has attribute 'href'

2018-12-12 10:53:24 - [TEST_STEP][PASSED] - Statement - out.println(Checker): null

2018-12-12 10:53:24 - [TEST_STEP][PASSED] - Statement - If (Checker == false): null

2018-12-12 10:53:24 - [TEST_STEP][PASSED] - Statement - Else: null

2018-12-12 10:53:24 - [TEST_STEP][PASSED] - delay: Delayed 2 second(s)

2018-12-12 10:53:26 - [MESSAGE][PASSED] - Delayed 2 second(s)

2018-12-12 10:53:26 - [TEST_STEP][PASSED] - click: Object: 'Object Repository/Final Object Repo/Page_MyASSIST - ASSIST - Search Pending Case For Add Supporting Document/Search Information' is clicked on

2018-12-12 10:53:27 - [MESSAGE][PASSED] - Object: 'Object Repository/Final Object Repo/Page_MyASSIST - ASSIST - Search Pending Case For Add Supporting Document/Search Information' is clicked on

2018-12-12 10:53:27 - [TEST_STEP][PASSED] - delay: Delayed 3 second(s)

2018-12-12 10:53:30 - [MESSAGE][PASSED] - Delayed 3 second(s)

2018-12-12 10:53:30 - [TEST_STEP][PASSED] - sendKeys: Keys 'CUN122018C100005984' sent to object: 'Object Repository/Final Object Repo/Page_MyASSIST - ASSIST - Search Pending Case For Add Supporting Document/Reference No'

2018-12-12 10:53:30 - [MESSAGE][PASSED] - Keys 'CUN122018C100005984' sent to object: 'Object Repository/Final Object Repo/Page_MyASSIST - ASSIST - Search Pending Case For Add Supporting Document/Reference No'

2018-12-12 10:53:30 - [TEST_STEP][PASSED] - click: Object: 'Object Repository/Final Object Repo/Page_MyASSIST - ASSIST - Search Pending Case For Add Supporting Document/Search Reference No' is clicked on

2018-12-12 10:53:30 - [MESSAGE][PASSED] - Object: 'Object Repository/Final Object Repo/Page_MyASSIST - ASSIST - Search Pending Case For Add Supporting Document/Search Reference No' is clicked on

2018-12-12 10:53:30 - [TEST_STEP][PASSED] - delay: Delayed 2 second(s)

2018-12-12 10:53:32 - [MESSAGE][PASSED] - Delayed 2 second(s)

2018-12-12 10:53:32 - [TEST_STEP][PASSED] - click: Object: 'Object Repository/Final Object Repo/Page_MyASSIST - ASSIST - Search Pending Case For Add Supporting Document/Continue' is clicked on

2018-12-12 10:53:36 - [MESSAGE][PASSED] - Object: 'Object Repository/Final Object Repo/Page_MyASSIST - ASSIST - Search Pending Case For Add Supporting Document/Continue' is clicked on

2018-12-12 10:53:36 - [TEST_STEP][PASSED] - delay: Delayed 20 second(s)

2018-12-12 10:53:56 - [MESSAGE][PASSED] - Delayed 20 second(s)

2018-12-12 10:53:56 - [MESSAGE][PASSED] - Call Test Case 'Test Cases/Final Aug 2018 - PKS Automation/Registration Module/Workflow/Login and Search Case For Workflow' successfully

2018-12-12 10:53:56 - [TEST_STEP][PASSED] - click: Object: 'Object Repository/Final Object Repo/Page_Update Employee Information By Employee/Page_Update Employee Information By Employee (Approve)/Continue' is clicked on

2018-12-12 10:53:59 - [MESSAGE][PASSED] - Object: 'Object Repository/Final Object Repo/Page_Update Employee Information By Employee/Page_Update Employee Information By Employee (Approve)/Continue' is clicked on

2018-12-12 10:53:59 - [TEST_STEP][PASSED] - delay: Delayed 2 second(s)

2018-12-12 10:54:01 - [MESSAGE][PASSED] - Delayed 2 second(s)

2018-12-12 10:54:01 - [TEST_STEP][PASSED] - click: Object: 'Object Repository/Final Object Repo/Page_Update Employee Information By Employer/Page_Update Employee Information by Employer (Approve)/Save  Continue in Update Employee Information Page' is clicked on

2018-12-12 10:54:01 - [MESSAGE][PASSED] - Object: 'Object Repository/Final Object Repo/Page_Update Employee Information By Employer/Page_Update Employee Information by Employer (Approve)/Save  Continue in Update Employee Information Page' is clicked on

2018-12-12 10:54:01 - [TEST_STEP][PASSED] - delay: Delayed 2 second(s)

2018-12-12 10:54:03 - [MESSAGE][PASSED] - Delayed 2 second(s)

2018-12-12 10:54:03 - [TEST_STEP][PASSED] - setText: Text 'remark' is set on object 'Object Repository/Final Object Repo/Page_Update Employee Information By Employee/Page_Update Employee Information By Employee (Query)/Query - remark'

2018-12-12 10:54:05 - [MESSAGE][PASSED] - Text 'remark' is set on object 'Object Repository/Final Object Repo/Page_Update Employee Information By Employee/Page_Update Employee Information By Employee (Query)/Query - remark'

2018-12-12 10:54:05 - [TEST_STEP][PASSED] - click: Object: 'Object Repository/Final Object Repo/Page_Update Employee Information By Employer/Page_Update Employee Information by Employer (Approve)/Save  Continue in Upload Supporting Doucument Page' is clicked on

2018-12-12 10:54:05 - [MESSAGE][PASSED] - Object: 'Object Repository/Final Object Repo/Page_Update Employee Information By Employer/Page_Update Employee Information by Employer (Approve)/Save  Continue in Upload Supporting Doucument Page' is clicked on

2018-12-12 10:54:05 - [TEST_STEP][PASSED] - delay: Delayed 2 second(s)

2018-12-12 10:54:07 - [MESSAGE][PASSED] - Delayed 2 second(s)

2018-12-12 10:54:07 - [TEST_STEP][PASSED] - click: Object: 'Object Repository/Final Object Repo/Page_Update Employee Information By Employee/Page_Update Employee Information By Employee (Query)/Query' is clicked on

2018-12-12 10:54:09 - [MESSAGE][PASSED] - Object: 'Object Repository/Final Object Repo/Page_Update Employee Information By Employee/Page_Update Employee Information By Employee (Query)/Query' is clicked on

2018-12-12 10:54:09 - [TEST_STEP][PASSED] - delay: Delayed 2 second(s)

2018-12-12 10:54:11 - [MESSAGE][PASSED] - Delayed 2 second(s)

2018-12-12 10:54:11 - [TEST_STEP][PASSED] - click: Object: 'Object Repository/Final Object Repo/Page_Update Employee Information By Employee/Page_Update Employee Information By Employee (Query)/Confirm' is clicked on

2018-12-12 10:54:11 - [MESSAGE][PASSED] - Object: 'Object Repository/Final Object Repo/Page_Update Employee Information By Employee/Page_Update Employee Information By Employee (Query)/Confirm' is clicked on

2018-12-12 10:54:11 - [TEST_STEP][PASSED] - delay: Delayed 2 second(s)

2018-12-12 10:54:13 - [MESSAGE][PASSED] - Delayed 2 second(s)

2018-12-12 10:54:13 - [TEST_STEP][PASSED] - click: Object: 'Object Repository/Final Object Repo/Page_Update Employee Information By Employee/Page_Update Employee Information By Employee (Query)/Message The Case Is Under Query' is clicked on

2018-12-12 10:54:17 - [MESSAGE][PASSED] - Object: 'Object Repository/Final Object Repo/Page_Update Employee Information By Employee/Page_Update Employee Information By Employee (Query)/Message The Case Is Under Query' is clicked on

2018-12-12 10:54:17 - [TEST_STEP][PASSED] - click: Object: 'Object Repository/Final Object Repo/Page_Update Employee Information By Employee/Page_Update Employee Information By Employee (Query)/Letter of inquiry' is clicked on

2018-12-12 10:54:18 - [MESSAGE][PASSED] - Object: 'Object Repository/Final Object Repo/Page_Update Employee Information By Employee/Page_Update Employee Information By Employee (Query)/Letter of inquiry' is clicked on

2018-12-12 10:54:18 - [TEST_STEP][PASSED] - delay: Delayed 1 second(s)

2018-12-12 10:54:19 - [MESSAGE][PASSED] - Delayed 1 second(s)

2018-12-12 10:54:19 - [TEST_STEP][PASSED] - navigateToUrl: Navigate to 'https://assist2-uat.perkeso.gov.my/c/portal/logout' successfully

2018-12-12 10:54:20 - [MESSAGE][PASSED] - Navigate to 'https://assist2-uat.perkeso.gov.my/c/portal/logout' successfully

2018-12-12 10:54:20 - [TEST_STEP][PASSED] - delay: Delayed 1 second(s)

2018-12-12 10:54:21 - [MESSAGE][PASSED] - Delayed 1 second(s)

2018-12-12 10:54:21 - [TEST_STEP][PASSED] - callTestCase: Call Test Case 'Test Cases/Final Aug 2018 - PKS Automation/Registration Module/Workflow/Search Pending Case For Add Supporting Document (OTC)' successfully

2018-12-12 10:54:21 - [TEST_CASE][PASSED] - Test Cases/Final Aug 2018 - PKS Automation/Registration Module/Workflow/Search Pending Case For Add Supporting Document (OTC): Test Cases/Final Aug 2018 - PKS Automation/Registration Module/Workflow/Search Pending Case For Add Supporting Document (OTC)

2018-12-12 10:54:21 - [TEST_STEP][PASSED] - openBrowser: Browser is opened with url: ''

2018-12-12 10:54:21 - [MESSAGE][WARNING] - A browser is already opened. Closing browser and opening a new one

2018-12-12 10:54:25 - [MESSAGE][PASSED] - Browser is opened with url: ''

2018-12-12 10:54:25 - [TEST_STEP][PASSED] - navigateToUrl: Navigate to 'https://assist2-uat.perkeso.gov.my/login' successfully

2018-12-12 10:54:26 - [MESSAGE][PASSED] - Navigate to 'https://assist2-uat.perkeso.gov.my/login' successfully

2018-12-12 10:54:26 - [TEST_STEP][PASSED] - setText: Text 'johorotc1@gmail.com' is set on object 'Object Repository/Final Object Repo/Login Page/Internal User/Email Address'

2018-12-12 10:54:27 - [MESSAGE][PASSED] - Text 'johorotc1@gmail.com' is set on object 'Object Repository/Final Object Repo/Login Page/Internal User/Email Address'

2018-12-12 10:54:27 - [TEST_STEP][PASSED] - click: Object: 'Object Repository/Final Object Repo/Login Page/Internal User/Next Button' is clicked on

2018-12-12 10:54:27 - [MESSAGE][PASSED] - Object: 'Object Repository/Final Object Repo/Login Page/Internal User/Next Button' is clicked on

2018-12-12 10:54:27 - [TEST_STEP][PASSED] - delay: Delayed 1 second(s)

2018-12-12 10:54:28 - [MESSAGE][PASSED] - Delayed 1 second(s)

2018-12-12 10:54:28 - [TEST_STEP][PASSED] - setEncryptedText: Text ****** has been set on object 'Object Repository/Final Object Repo/Login Page/Internal User/Password'

2018-12-12 10:54:28 - [MESSAGE][PASSED] - Text ****** has been set on object 'Object Repository/Final Object Repo/Login Page/Internal User/Password'

2018-12-12 10:54:28 - [TEST_STEP][PASSED] - click: Object: 'Object Repository/Final Object Repo/Login Page/Internal User/Login Button' is clicked on

2018-12-12 10:54:28 - [MESSAGE][PASSED] - Object: 'Object Repository/Final Object Repo/Login Page/Internal User/Login Button' is clicked on

2018-12-12 10:54:28 - [TEST_STEP][PASSED] - delay: Delayed 1 second(s)

2018-12-12 10:54:29 - [MESSAGE][PASSED] - Delayed 1 second(s)

2018-12-12 10:54:29 - [TEST_STEP][PASSED] - Statement - Try: Delayed 2 second(s)

2018-12-12 10:54:29 - [TEST_STEP][PASSED] - Statement - Checker = false: null

2018-12-12 10:54:29 - [TEST_STEP][PASSED] - Statement - Checker = com.kms.katalon.core.webui.keyword.WebUiBuiltInKeywords.verifyElementHasAttribute(com.kms.katalon.core.testobject.ObjectRepository.findTestObject(Final Object Repo/Landing Page/BM Detecting), "href", 20, OPTIONAL): Object 'Object Repository/Final Object Repo/Landing Page/BM Detecting' has attribute 'href'

2018-12-12 10:54:30 - [MESSAGE][PASSED] - Object 'Object Repository/Final Object Repo/Landing Page/BM Detecting' has attribute 'href'

2018-12-12 10:54:30 - [TEST_STEP][PASSED] - Statement - out.println(Checker): null

2018-12-12 10:54:30 - [TEST_STEP][PASSED] - Statement - If (Checker == false): null

2018-12-12 10:54:30 - [TEST_STEP][PASSED] - Statement - Else: null

2018-12-12 10:54:30 - [TEST_STEP][PASSED] - delay: Delayed 2 second(s)

2018-12-12 10:54:32 - [MESSAGE][PASSED] - Delayed 2 second(s)

2018-12-12 10:54:32 - [TEST_STEP][PASSED] - navigateToUrl: Navigate to 'https://assist2-uat.perkeso.gov.my/web/registration/search/search-pending-case-for-add-supporting-document' successfully

2018-12-12 10:54:33 - [MESSAGE][PASSED] - Navigate to 'https://assist2-uat.perkeso.gov.my/web/registration/search/search-pending-case-for-add-supporting-document' successfully

2018-12-12 10:54:33 - [TEST_STEP][PASSED] - click: Object: 'Object Repository/Final Object Repo/Page_Search Pending Case For Add Suporting Document/Search By' is clicked on

2018-12-12 10:54:33 - [MESSAGE][PASSED] - Object: 'Object Repository/Final Object Repo/Page_Search Pending Case For Add Suporting Document/Search By' is clicked on

2018-12-12 10:54:33 - [TEST_STEP][PASSED] - click: Object: 'Object Repository/Final Object Repo/Page_Search Pending Case For Add Suporting Document/Search By - Reference ID' is clicked on

2018-12-12 10:54:34 - [MESSAGE][PASSED] - Object: 'Object Repository/Final Object Repo/Page_Search Pending Case For Add Suporting Document/Search By - Reference ID' is clicked on

2018-12-12 10:54:34 - [TEST_STEP][PASSED] - delay: Delayed 2 second(s)

2018-12-12 10:54:36 - [MESSAGE][PASSED] - Delayed 2 second(s)

2018-12-12 10:54:36 - [TEST_STEP][PASSED] - setText: Text 'CUN122018C100005984' is set on object 'Object Repository/Final Object Repo/Page_Search Pending Case For Add Suporting Document/Reference ID'

2018-12-12 10:54:36 - [MESSAGE][PASSED] - Text 'CUN122018C100005984' is set on object 'Object Repository/Final Object Repo/Page_Search Pending Case For Add Suporting Document/Reference ID'

2018-12-12 10:54:36 - [TEST_STEP][PASSED] - click: Object: 'Object Repository/Final Object Repo/Page_Search Pending Case For Add Suporting Document/Search' is clicked on

2018-12-12 10:54:36 - [MESSAGE][PASSED] - Object: 'Object Repository/Final Object Repo/Page_Search Pending Case For Add Suporting Document/Search' is clicked on

2018-12-12 10:54:36 - [TEST_STEP][PASSED] - delay: Delayed 2 second(s)

2018-12-12 10:54:38 - [MESSAGE][PASSED] - Delayed 2 second(s)

2018-12-12 10:54:38 - [TEST_STEP][PASSED] - click: Object: 'Object Repository/Final Object Repo/Page_Search Pending Case For Add Suporting Document/Edit' is clicked on

2018-12-12 10:54:41 - [MESSAGE][PASSED] - Object: 'Object Repository/Final Object Repo/Page_Search Pending Case For Add Suporting Document/Edit' is clicked on

2018-12-12 10:54:41 - [MESSAGE][PASSED] - Call Test Case 'Test Cases/Final Aug 2018 - PKS Automation/Registration Module/Workflow/Search Pending Case For Add Supporting Document (OTC)' successfully

2018-12-12 10:54:41 - [TEST_STEP][PASSED] - click: Object: 'Object Repository/Final Object Repo/Page_Update Employee Information By Employee/Page_Update Employee Information by Employee (Query -OTC -UO)/Next' is clicked on

2018-12-12 10:54:44 - [MESSAGE][PASSED] - Object: 'Object Repository/Final Object Repo/Page_Update Employee Information By Employee/Page_Update Employee Information by Employee (Query -OTC -UO)/Next' is clicked on

2018-12-12 10:54:44 - [TEST_STEP][PASSED] - delay: Delayed 2 second(s)

2018-12-12 10:54:46 - [MESSAGE][PASSED] - Delayed 2 second(s)

2018-12-12 10:54:46 - [TEST_STEP][PASSED] - click: Object: 'Object Repository/Final Object Repo/Page_Update Employee Information By Employee/Page_Update Employee Information by Employee (Query -OTC -UO)/Add Document' is clicked on

2018-12-12 10:54:47 - [MESSAGE][PASSED] - Object: 'Object Repository/Final Object Repo/Page_Update Employee Information By Employee/Page_Update Employee Information by Employee (Query -OTC -UO)/Add Document' is clicked on

2018-12-12 10:54:47 - [TEST_STEP][PASSED] - delay: Delayed 2 second(s)

2018-12-12 10:54:49 - [MESSAGE][PASSED] - Delayed 2 second(s)

2018-12-12 10:54:49 - [TEST_STEP][PASSED] - click: Object: 'Object Repository/Final Object Repo/Page_Update Employee Information By Employee/Page_Update Employee Information by Employee (Query -OTC -UO)/Document Type' is clicked on

2018-12-12 10:54:49 - [MESSAGE][PASSED] - Object: 'Object Repository/Final Object Repo/Page_Update Employee Information By Employee/Page_Update Employee Information by Employee (Query -OTC -UO)/Document Type' is clicked on

2018-12-12 10:54:49 - [TEST_STEP][PASSED] - delay: Delayed 2 second(s)

2018-12-12 10:54:51 - [MESSAGE][PASSED] - Delayed 2 second(s)

2018-12-12 10:54:51 - [TEST_STEP][PASSED] - click: Object: 'Object Repository/Final Object Repo/Page_Update Employee Information By Employee/Page_Update Employee Information by Employee (Query -OTC -UO)/Document Type - Other' is clicked on

2018-12-12 10:54:52 - [MESSAGE][PASSED] - Object: 'Object Repository/Final Object Repo/Page_Update Employee Information By Employee/Page_Update Employee Information by Employee (Query -OTC -UO)/Document Type - Other' is clicked on

2018-12-12 10:54:52 - [TEST_STEP][PASSED] - delay: Delayed 2 second(s)

2018-12-12 10:54:54 - [MESSAGE][PASSED] - Delayed 2 second(s)

2018-12-12 10:54:54 - [TEST_STEP][PASSED] - sendKeys: Keys 'C:\Users\Public\Pictures\Sample Pictures\Koala.jpg' sent to object: 'Object Repository/Final Object Repo/Page_Update Employee Information By Employee/Page_Update Employee Information by Employee (Query -OTC -UO)/Uploading File'

2018-12-12 10:54:54 - [MESSAGE][PASSED] - Keys 'C:\Users\Public\Pictures\Sample Pictures\Koala.jpg' sent to object: 'Object Repository/Final Object Repo/Page_Update Employee Information By Employee/Page_Update Employee Information by Employee (Query -OTC -UO)/Uploading File'

2018-12-12 10:54:54 - [TEST_STEP][PASSED] - delay: Delayed 2 second(s)

2018-12-12 10:54:56 - [MESSAGE][PASSED] - Delayed 2 second(s)

2018-12-12 10:54:56 - [TEST_STEP][PASSED] - click: Object: 'Object Repository/Final Object Repo/Page_Update Employee Information By Employee/Page_Update Employee Information by Employee (Query -OTC -UO)/Add Document in Uploading Page' is clicked on

2018-12-12 10:54:56 - [MESSAGE][PASSED] - Object: 'Object Repository/Final Object Repo/Page_Update Employee Information By Employee/Page_Update Employee Information by Employee (Query -OTC -UO)/Add Document in Uploading Page' is clicked on

2018-12-12 10:54:56 - [TEST_STEP][PASSED] - delay: Delayed 2 second(s)

2018-12-12 10:54:58 - [MESSAGE][PASSED] - Delayed 2 second(s)

2018-12-12 10:54:58 - [TEST_STEP][PASSED] - click: Object: 'Object Repository/Final Object Repo/Page_Update Employee Information By Employee/Page_Update Employee Information by Employee (Query -OTC -UO)/Exit' is clicked on

2018-12-12 10:55:01 - [MESSAGE][PASSED] - Object: 'Object Repository/Final Object Repo/Page_Update Employee Information By Employee/Page_Update Employee Information by Employee (Query -OTC -UO)/Exit' is clicked on

2018-12-12 10:55:01 - [TEST_STEP][PASSED] - delay: Delayed 1 second(s)

2018-12-12 10:55:02 - [MESSAGE][PASSED] - Delayed 1 second(s)

2018-12-12 10:55:02 - [TEST_STEP][PASSED] - navigateToUrl: Navigate to 'https://assist2-uat.perkeso.gov.my/c/portal/logout' successfully

2018-12-12 10:55:03 - [MESSAGE][PASSED] - Navigate to 'https://assist2-uat.perkeso.gov.my/c/portal/logout' successfully

2018-12-12 10:55:03 - [TEST_STEP][PASSED] - delay: Delayed 1 second(s)

2018-12-12 10:55:04 - [MESSAGE][PASSED] - Delayed 1 second(s)

2018-12-12 10:55:04 - [TEST_STEP][PASSED] - callTestCase: Call Test Case 'Test Cases/Final Aug 2018 - PKS Automation/Registration Module/Workflow/Login and Search Case For Workflow' successfully

2018-12-12 10:55:04 - [TEST_CASE][PASSED] - Test Cases/Final Aug 2018 - PKS Automation/Registration Module/Workflow/Login and Search Case For Workflow: Test Cases/Final Aug 2018 - PKS Automation/Registration Module/Workflow/Login and Search Case For Workflow

2018-12-12 10:55:04 - [TEST_STEP][PASSED] - navigateToUrl: Navigate to 'https://assist2-uat.perkeso.gov.my/login' successfully

2018-12-12 10:55:04 - [MESSAGE][PASSED] - Navigate to 'https://assist2-uat.perkeso.gov.my/login' successfully

2018-12-12 10:55:04 - [TEST_STEP][PASSED] - setText: Text 'johoruo1@gmail.com' is set on object 'Object Repository/Final Object Repo/Login Page/Internal User/Email Address'

2018-12-12 10:55:05 - [MESSAGE][PASSED] - Text 'johoruo1@gmail.com' is set on object 'Object Repository/Final Object Repo/Login Page/Internal User/Email Address'

2018-12-12 10:55:05 - [TEST_STEP][PASSED] - click: Object: 'Object Repository/Final Object Repo/Login Page/Internal User/Next Button' is clicked on

2018-12-12 10:55:05 - [MESSAGE][PASSED] - Object: 'Object Repository/Final Object Repo/Login Page/Internal User/Next Button' is clicked on

2018-12-12 10:55:05 - [TEST_STEP][PASSED] - delay: Delayed 1 second(s)

2018-12-12 10:55:06 - [MESSAGE][PASSED] - Delayed 1 second(s)

2018-12-12 10:55:06 - [TEST_STEP][PASSED] - setEncryptedText: Text ****** has been set on object 'Object Repository/Final Object Repo/Login Page/Internal User/Password'

2018-12-12 10:55:06 - [MESSAGE][PASSED] - Text ****** has been set on object 'Object Repository/Final Object Repo/Login Page/Internal User/Password'

2018-12-12 10:55:06 - [TEST_STEP][PASSED] - click: Object: 'Object Repository/Final Object Repo/Login Page/Internal User/Login Button' is clicked on

2018-12-12 10:55:06 - [MESSAGE][PASSED] - Object: 'Object Repository/Final Object Repo/Login Page/Internal User/Login Button' is clicked on

2018-12-12 10:55:06 - [TEST_STEP][PASSED] - delay: Delayed 2 second(s)

2018-12-12 10:55:08 - [MESSAGE][PASSED] - Delayed 2 second(s)

2018-12-12 10:55:08 - [TEST_STEP][PASSED] - Statement - Try: Delayed 2 second(s)

2018-12-12 10:55:08 - [TEST_STEP][PASSED] - Statement - Checker = false: null

2018-12-12 10:55:08 - [TEST_STEP][PASSED] - Statement - Checker = com.kms.katalon.core.webui.keyword.WebUiBuiltInKeywords.verifyElementHasAttribute(com.kms.katalon.core.testobject.ObjectRepository.findTestObject(Final Object Repo/Landing Page/BM Detecting), "href", 20, OPTIONAL): Object 'Object Repository/Final Object Repo/Landing Page/BM Detecting' has attribute 'href'

2018-12-12 10:55:08 - [MESSAGE][PASSED] - Object 'Object Repository/Final Object Repo/Landing Page/BM Detecting' has attribute 'href'

2018-12-12 10:55:08 - [TEST_STEP][PASSED] - Statement - out.println(Checker): null

2018-12-12 10:55:08 - [TEST_STEP][PASSED] - Statement - If (Checker == false): null

2018-12-12 10:55:08 - [TEST_STEP][PASSED] - Statement - Else: null

2018-12-12 10:55:08 - [TEST_STEP][PASSED] - delay: Delayed 2 second(s)

2018-12-12 10:55:10 - [MESSAGE][PASSED] - Delayed 2 second(s)

2018-12-12 10:55:10 - [TEST_STEP][PASSED] - click: Object: 'Object Repository/Final Object Repo/Page_MyASSIST - ASSIST - Search Pending Case For Add Supporting Document/Search Information' is clicked on

2018-12-12 10:55:10 - [MESSAGE][PASSED] - Object: 'Object Repository/Final Object Repo/Page_MyASSIST - ASSIST - Search Pending Case For Add Supporting Document/Search Information' is clicked on

2018-12-12 10:55:10 - [TEST_STEP][PASSED] - delay: Delayed 3 second(s)

2018-12-12 10:55:13 - [MESSAGE][PASSED] - Delayed 3 second(s)

2018-12-12 10:55:13 - [TEST_STEP][PASSED] - sendKeys: Keys 'CUN122018C100005984' sent to object: 'Object Repository/Final Object Repo/Page_MyASSIST - ASSIST - Search Pending Case For Add Supporting Document/Reference No'

2018-12-12 10:55:14 - [MESSAGE][PASSED] - Keys 'CUN122018C100005984' sent to object: 'Object Repository/Final Object Repo/Page_MyASSIST - ASSIST - Search Pending Case For Add Supporting Document/Reference No'

2018-12-12 10:55:14 - [TEST_STEP][PASSED] - click: Object: 'Object Repository/Final Object Repo/Page_MyASSIST - ASSIST - Search Pending Case For Add Supporting Document/Search Reference No' is clicked on

2018-12-12 10:55:14 - [MESSAGE][PASSED] - Object: 'Object Repository/Final Object Repo/Page_MyASSIST - ASSIST - Search Pending Case For Add Supporting Document/Search Reference No' is clicked on

2018-12-12 10:55:14 - [TEST_STEP][PASSED] - delay: Delayed 2 second(s)

2018-12-12 10:55:16 - [MESSAGE][PASSED] - Delayed 2 second(s)

2018-12-12 10:55:16 - [TEST_STEP][PASSED] - click: Object: 'Object Repository/Final Object Repo/Page_MyASSIST - ASSIST - Search Pending Case For Add Supporting Document/Continue' is clicked on

2018-12-12 10:55:20 - [MESSAGE][PASSED] - Object: 'Object Repository/Final Object Repo/Page_MyASSIST - ASSIST - Search Pending Case For Add Supporting Document/Continue' is clicked on

2018-12-12 10:55:20 - [TEST_STEP][PASSED] - delay: Delayed 20 second(s)

2018-12-12 10:55:40 - [MESSAGE][PASSED] - Delayed 20 second(s)

2018-12-12 10:55:40 - [MESSAGE][PASSED] - Call Test Case 'Test Cases/Final Aug 2018 - PKS Automation/Registration Module/Workflow/Login and Search Case For Workflow' successfully

2018-12-12 10:55:40 - [TEST_STEP][PASSED] - click: Object: 'Object Repository/Final Object Repo/Page_Update Employee Information By Employer/Page_Update Employee Information by Employer (Approve)/Continue' is clicked on

2018-12-12 10:55:43 - [MESSAGE][PASSED] - Object: 'Object Repository/Final Object Repo/Page_Update Employee Information By Employer/Page_Update Employee Information by Employer (Approve)/Continue' is clicked on

2018-12-12 10:55:43 - [TEST_STEP][PASSED] - delay: Delayed 2 second(s)

2018-12-12 10:55:45 - [MESSAGE][PASSED] - Delayed 2 second(s)

2018-12-12 10:55:45 - [TEST_STEP][PASSED] - click: Object: 'Object Repository/Final Object Repo/Page_Update Employee Information By Employer/Page_Update Employee Information by Employer (Approve)/Save  Continue in Update Employee Information Page' is clicked on

2018-12-12 10:55:46 - [MESSAGE][PASSED] - Object: 'Object Repository/Final Object Repo/Page_Update Employee Information By Employer/Page_Update Employee Information by Employer (Approve)/Save  Continue in Update Employee Information Page' is clicked on

2018-12-12 10:55:46 - [TEST_STEP][PASSED] - delay: Delayed 2 second(s)

2018-12-12 10:55:48 - [MESSAGE][PASSED] - Delayed 2 second(s)

2018-12-12 10:55:48 - [TEST_STEP][PASSED] - click: Object: 'Object Repository/Final Object Repo/Page_Update Employee Information By Employer/Page_Update Employee Information by Employer (Approve)/Save  Continue in Upload Supporting Doucument Page' is clicked on

2018-12-12 10:55:49 - [MESSAGE][PASSED] - Object: 'Object Repository/Final Object Repo/Page_Update Employee Information By Employer/Page_Update Employee Information by Employer (Approve)/Save  Continue in Upload Supporting Doucument Page' is clicked on

2018-12-12 10:55:49 - [TEST_STEP][PASSED] - delay: Delayed 2 second(s)

2018-12-12 10:55:51 - [MESSAGE][PASSED] - Delayed 2 second(s)

2018-12-12 10:55:51 - [TEST_STEP][PASSED] - click: Object: 'Object Repository/Final Object Repo/Page_Update Employee Information By Employer/Page_Update Employee Information by Employer (Approve)/Approve' is clicked on

2018-12-12 10:55:52 - [MESSAGE][PASSED] - Object: 'Object Repository/Final Object Repo/Page_Update Employee Information By Employer/Page_Update Employee Information by Employer (Approve)/Approve' is clicked on

2018-12-12 10:55:52 - [TEST_STEP][PASSED] - delay: Delayed 2 second(s)

2018-12-12 10:55:54 - [MESSAGE][PASSED] - Delayed 2 second(s)

2018-12-12 10:55:54 - [TEST_STEP][PASSED] - click: Object: 'Object Repository/Final Object Repo/Page_Update Employee Information By Employer/Page_Update Employee Information by Employer (Approve)/Confirm' is clicked on

2018-12-12 10:55:54 - [MESSAGE][PASSED] - Object: 'Object Repository/Final Object Repo/Page_Update Employee Information By Employer/Page_Update Employee Information by Employer (Approve)/Confirm' is clicked on

2018-12-12 10:55:54 - [TEST_STEP][PASSED] - delay: Delayed 2 second(s)

2018-12-12 10:55:56 - [MESSAGE][PASSED] - Delayed 2 second(s)

2018-12-12 10:55:56 - [TEST_STEP][PASSED] - click: Object: 'Object Repository/Final Object Repo/Page_Update Employee Information By Employee/Page_Update Employee Information By Employee (Approve)/Message Your Request    Update Emp' is clicked on

2018-12-12 10:56:01 - [MESSAGE][PASSED] - Object: 'Object Repository/Final Object Repo/Page_Update Employee Information By Employee/Page_Update Employee Information By Employee (Approve)/Message Your Request    Update Emp' is clicked on

2018-12-12 10:56:01 - [TEST_STEP][PASSED] - click: Object: 'Object Repository/Final Object Repo/Page_Update Employee Information By Employee/Page_Update Employee Information By Employee (Approve)/Letter of successful update' is clicked on

2018-12-12 10:56:01 - [MESSAGE][PASSED] - Object: 'Object Repository/Final Object Repo/Page_Update Employee Information By Employee/Page_Update Employee Information By Employee (Approve)/Letter of successful update' is clicked on

2018-12-12 10:56:01 - [MESSAGE][PASSED] - Call Test Case 'Test Cases/Final Aug 2018 - PKS Automation/Registration Module/Workflow/Update Employee Information (Employee)/Template/Update Employee Information - Special Case - UO (Query)' successfully]]></system-out>
         <system-err><![CDATA[]]></system-err>
      </testcase>
      <testcase name="Test Cases/Final Aug 2018 - PKS Automation/Registration Module/Workflow/Update Employee Information (Employee)/OTC to UO (Reject)" classname="Test Cases/Final Aug 2018 - PKS Automation/Registration Module/Workflow/Update Employee Information (Employee)/OTC to UO (Reject)" status="PASSED">
         <system-out><![CDATA[2018-12-12 10:56:01 - [TEST_CASE][PASSED] - Test Cases/Final Aug 2018 - PKS Automation/Registration Module/Workflow/Update Employee Information (Employee)/OTC to UO (Reject): Test Cases/Final Aug 2018 - PKS Automation/Registration Module/Workflow/Update Employee Information (Employee)/OTC to UO (Reject)

2018-12-12 10:56:02 - [TEST_STEP][PASSED] - callTestCase: Call Test Case 'Test Cases/Final Aug 2018 - PKS Automation/Registration Module/Workflow/Update Employee Information (Employee)/Template/Update Employee Information - Special Case (OTC)' successfully

2018-12-12 10:56:02 - [TEST_CASE][PASSED] - Test Cases/Final Aug 2018 - PKS Automation/Registration Module/Workflow/Update Employee Information (Employee)/Template/Update Employee Information - Special Case (OTC): Test Cases/Final Aug 2018 - PKS Automation/Registration Module/Workflow/Update Employee Information (Employee)/Template/Update Employee Information - Special Case (OTC)

2018-12-12 10:56:02 - [TEST_STEP][PASSED] - openBrowser: Browser is opened with url: ''

2018-12-12 10:56:02 - [MESSAGE][WARNING] - A browser is already opened. Closing browser and opening a new one

2018-12-12 10:56:06 - [MESSAGE][PASSED] - Browser is opened with url: ''

2018-12-12 10:56:06 - [TEST_STEP][PASSED] - navigateToUrl: Navigate to 'https://assist2-uat.perkeso.gov.my/login' successfully

2018-12-12 10:56:07 - [MESSAGE][PASSED] - Navigate to 'https://assist2-uat.perkeso.gov.my/login' successfully

2018-12-12 10:56:07 - [TEST_STEP][PASSED] - setText: Text 'johorotc1@gmail.com' is set on object 'Object Repository/Final Object Repo/Login Page/Internal User/Email Address'

2018-12-12 10:56:07 - [MESSAGE][PASSED] - Text 'johorotc1@gmail.com' is set on object 'Object Repository/Final Object Repo/Login Page/Internal User/Email Address'

2018-12-12 10:56:07 - [TEST_STEP][PASSED] - click: Object: 'Object Repository/Final Object Repo/Login Page/Internal User/Next Button' is clicked on

2018-12-12 10:56:08 - [MESSAGE][PASSED] - Object: 'Object Repository/Final Object Repo/Login Page/Internal User/Next Button' is clicked on

2018-12-12 10:56:08 - [TEST_STEP][PASSED] - delay: Delayed 1 second(s)

2018-12-12 10:56:09 - [MESSAGE][PASSED] - Delayed 1 second(s)

2018-12-12 10:56:09 - [TEST_STEP][PASSED] - setEncryptedText: Text ****** has been set on object 'Object Repository/Final Object Repo/Login Page/Internal User/Password'

2018-12-12 10:56:09 - [MESSAGE][PASSED] - Text ****** has been set on object 'Object Repository/Final Object Repo/Login Page/Internal User/Password'

2018-12-12 10:56:09 - [TEST_STEP][PASSED] - click: Object: 'Object Repository/Final Object Repo/Login Page/Internal User/Login Button' is clicked on

2018-12-12 10:56:09 - [MESSAGE][PASSED] - Object: 'Object Repository/Final Object Repo/Login Page/Internal User/Login Button' is clicked on

2018-12-12 10:56:09 - [TEST_STEP][PASSED] - Statement - tester = com.kms.katalon.core.testobject.ObjectRepository.findTestObject(Final Object Repo/Landing Page/Select to English): Finding Test Object with id 'Object Repository/Final Object Repo/Landing Page/Select to English'

2018-12-12 10:56:09 - [TEST_STEP][PASSED] - Statement - Try: Delayed 2 second(s)

2018-12-12 10:56:09 - [TEST_STEP][PASSED] - Statement - Checker = com.kms.katalon.core.webui.keyword.WebUiBuiltInKeywords.verifyElementNotPresent(tester, 3): Web element with id: 'Object Repository/Final Object Repo/Landing Page/Select to English' located by 'By.xpath: //a[@class = 'taglib-language-list-text' and @lang = 'en-US' and (contains(text(), 'EN') or contains(., 'EN'))]' is not present after '3' second(s)

2018-12-12 10:56:11 - [MESSAGE][PASSED] - Web element with id: 'Object Repository/Final Object Repo/Landing Page/Select to English' located by 'By.xpath: //a[@class = 'taglib-language-list-text' and @lang = 'en-US' and (contains(text(), 'EN') or contains(., 'EN'))]' is not present after '3' second(s)

2018-12-12 10:56:11 - [TEST_STEP][PASSED] - Statement - If (Checker == false): null

2018-12-12 10:56:11 - [TEST_STEP][PASSED] - delay: Delayed 2 second(s)

2018-12-12 10:56:13 - [MESSAGE][PASSED] - Delayed 2 second(s)

2018-12-12 10:56:13 - [TEST_STEP][PASSED] - delay: Delayed 5 second(s)

2018-12-12 10:56:18 - [MESSAGE][PASSED] - Delayed 5 second(s)

2018-12-12 10:56:18 - [TEST_STEP][PASSED] - navigateToUrl: Navigate to 'https://assist2-uat.perkeso.gov.my/web/registration/update/update-employee-information-employee-' successfully

2018-12-12 10:56:19 - [MESSAGE][PASSED] - Navigate to 'https://assist2-uat.perkeso.gov.my/web/registration/update/update-employee-information-employee-' successfully

2018-12-12 10:56:19 - [TEST_STEP][PASSED] - click: Object: 'Object Repository/Final Object Repo/Page_Update Employee Information By Employee/Type of Identification' is clicked on

2018-12-12 10:56:19 - [MESSAGE][PASSED] - Object: 'Object Repository/Final Object Repo/Page_Update Employee Information By Employee/Type of Identification' is clicked on

2018-12-12 10:56:19 - [TEST_STEP][PASSED] - click: Object: 'Object Repository/Final Object Repo/Page Update Employee Information By Employee/Type of Identification - Name' is clicked on

2018-12-12 10:56:19 - [MESSAGE][PASSED] - Object: 'Object Repository/Final Object Repo/Page Update Employee Information By Employee/Type of Identification - Name' is clicked on

2018-12-12 10:56:19 - [TEST_STEP][PASSED] - setText: Text 'YUKI JR B' is set on object 'Object Repository/Final Object Repo/Page_Update Employee Information By Employee/New Identification'

2018-12-12 10:56:20 - [MESSAGE][PASSED] - Text 'YUKI JR B' is set on object 'Object Repository/Final Object Repo/Page_Update Employee Information By Employee/New Identification'

2018-12-12 10:56:20 - [TEST_STEP][PASSED] - click: Object: 'Object Repository/Final Object Repo/Page_Update Employee Information By Employee/Search Button' is clicked on

2018-12-12 10:56:20 - [MESSAGE][PASSED] - Object: 'Object Repository/Final Object Repo/Page_Update Employee Information By Employee/Search Button' is clicked on

2018-12-12 10:56:20 - [TEST_STEP][PASSED] - click: Object: 'Object Repository/Final Object Repo/Page_Update Employee Information By Employee/Edit Button' is clicked on

2018-12-12 10:56:24 - [MESSAGE][PASSED] - Object: 'Object Repository/Final Object Repo/Page_Update Employee Information By Employee/Edit Button' is clicked on

2018-12-12 10:56:24 - [TEST_STEP][PASSED] - delay: Delayed 2 second(s)

2018-12-12 10:56:26 - [MESSAGE][PASSED] - Delayed 2 second(s)

2018-12-12 10:56:26 - [TEST_STEP][PASSED] - click: Object: 'Object Repository/Final Object Repo/Page_Update Employee Information By Employee/Employee Information Edit Button' is clicked on

2018-12-12 10:56:26 - [MESSAGE][PASSED] - Object: 'Object Repository/Final Object Repo/Page_Update Employee Information By Employee/Employee Information Edit Button' is clicked on

2018-12-12 10:56:26 - [TEST_STEP][PASSED] - delay: Delayed 2 second(s)

2018-12-12 10:56:28 - [MESSAGE][PASSED] - Delayed 2 second(s)

2018-12-12 10:56:28 - [TEST_STEP][PASSED] - click: Object: 'Object Repository/Final Object Repo/Page_Update Employee Information By Employee/New Identification Number' is clicked on

2018-12-12 10:56:28 - [MESSAGE][PASSED] - Object: 'Object Repository/Final Object Repo/Page_Update Employee Information By Employee/New Identification Number' is clicked on

2018-12-12 10:56:28 - [TEST_STEP][PASSED] - setText: Text '' is set on object 'Object Repository/Final Object Repo/Page_Update Employee Information By Employee/New Identification Number'

2018-12-12 10:56:28 - [MESSAGE][PASSED] - Text '' is set on object 'Object Repository/Final Object Repo/Page_Update Employee Information By Employee/New Identification Number'

2018-12-12 10:56:28 - [TEST_STEP][PASSED] - Statement - rnd = new java.util.Random(): null

2018-12-12 10:56:28 - [TEST_STEP][PASSED] - Statement - snum = rnd.nextInt(899999 + 1) + 100000: null

2018-12-12 10:56:28 - [TEST_STEP][PASSED] - Statement - tnum = rnd.nextInt(899999 + 1) + 100000: null

2018-12-12 10:56:28 - [TEST_STEP][PASSED] - Statement - IC = java.lang.Integer.toString(snum) + java.lang.Integer.toString(tnum): null

2018-12-12 10:56:28 - [TEST_STEP][PASSED] - Statement - out.println(IC): null

2018-12-12 10:56:28 - [TEST_STEP][PASSED] - setText: Text '625595362469' is set on object 'Object Repository/Final Object Repo/Page_Update Employee Information By Employee/New Identification Number'

2018-12-12 10:56:28 - [MESSAGE][PASSED] - Text '625595362469' is set on object 'Object Repository/Final Object Repo/Page_Update Employee Information By Employee/New Identification Number'

2018-12-12 10:56:28 - [TEST_STEP][PASSED] - delay: Delayed 2 second(s)

2018-12-12 10:56:30 - [MESSAGE][PASSED] - Delayed 2 second(s)

2018-12-12 10:56:30 - [TEST_STEP][PASSED] - click: Object: 'Object Repository/Final Object Repo/Page_Update Employee Information By Employee/Save' is clicked on

2018-12-12 10:56:31 - [MESSAGE][PASSED] - Object: 'Object Repository/Final Object Repo/Page_Update Employee Information By Employee/Save' is clicked on

2018-12-12 10:56:31 - [TEST_STEP][PASSED] - delay: Delayed 10 second(s)

2018-12-12 10:56:41 - [MESSAGE][PASSED] - Delayed 10 second(s)

2018-12-12 10:56:41 - [TEST_STEP][PASSED] - click: Object: 'Object Repository/Final Object Repo/Page_Update Employee Information By Employee/Save  Continue in Update Employee Information' is clicked on

2018-12-12 10:56:41 - [MESSAGE][PASSED] - Object: 'Object Repository/Final Object Repo/Page_Update Employee Information By Employee/Save  Continue in Update Employee Information' is clicked on

2018-12-12 10:56:41 - [TEST_STEP][PASSED] - delay: Delayed 2 second(s)

2018-12-12 10:56:43 - [MESSAGE][PASSED] - Delayed 2 second(s)

2018-12-12 10:56:43 - [TEST_STEP][PASSED] - click: Object: 'Object Repository/Final Object Repo/Page_Update Employee Information By Employee/Save  Continue in Uploading Page' is clicked on

2018-12-12 10:56:44 - [MESSAGE][PASSED] - Object: 'Object Repository/Final Object Repo/Page_Update Employee Information By Employee/Save  Continue in Uploading Page' is clicked on

2018-12-12 10:56:44 - [TEST_STEP][PASSED] - delay: Delayed 2 second(s)

2018-12-12 10:56:46 - [MESSAGE][PASSED] - Delayed 2 second(s)

2018-12-12 10:56:46 - [TEST_STEP][PASSED] - Statement - CaseReferenceNo = com.kms.katalon.core.webui.keyword.WebUiBuiltInKeywords.getText(com.kms.katalon.core.testobject.ObjectRepository.findTestObject(Final Object Repo/Page_Update Employer Information/Reference Number in Update Employee Information Page)): Text of object 'Object Repository/Final Object Repo/Page_Update Employer Information/Reference Number in Update Employee Information Page' is: 'CUN122018C100005985'

2018-12-12 10:56:48 - [MESSAGE][PASSED] - Text of object 'Object Repository/Final Object Repo/Page_Update Employer Information/Reference Number in Update Employee Information Page' is: 'CUN122018C100005985'

2018-12-12 10:56:48 - [TEST_STEP][PASSED] - callTestCase: Call Test Case 'Test Cases/Final Aug 2018 - PKS Automation/Common/Reference Number Setter' successfully

2018-12-12 10:56:48 - [TEST_CASE][PASSED] - Test Cases/Final Aug 2018 - PKS Automation/Common/Reference Number Setter: Test Cases/Final Aug 2018 - PKS Automation/Common/Reference Number Setter

2018-12-12 10:56:48 - [TEST_STEP][PASSED] - Statement - RefNoOldFile = new java.io.File(C://Users//Admin//Desktop//PKS//Automation Reference Point//KatalonReference.txt): null

2018-12-12 10:56:48 - [TEST_STEP][PASSED] - Statement - RefNoOldFile.delete(): null

2018-12-12 10:56:48 - [TEST_STEP][PASSED] - delay: Delayed 5 second(s)

2018-12-12 10:56:53 - [MESSAGE][PASSED] - Delayed 5 second(s)

2018-12-12 10:56:53 - [TEST_STEP][PASSED] - Statement - RefNo = new java.io.File(C://Users//Admin//Desktop//PKS//Automation Reference Point//KatalonReference.txt): null

2018-12-12 10:56:53 - [TEST_STEP][PASSED] - Statement - f2 = new java.io.FileWriter(RefNo, false): null

2018-12-12 10:56:53 - [TEST_STEP][PASSED] - Statement - f2.write(CaseReferenceNo): null

2018-12-12 10:56:53 - [TEST_STEP][PASSED] - Statement - f2.close(): null

2018-12-12 10:56:53 - [TEST_STEP][PASSED] - Statement - out.println("


" + CaseReferenceNo + "


"): null

2018-12-12 10:56:53 - [MESSAGE][PASSED] - Call Test Case 'Test Cases/Final Aug 2018 - PKS Automation/Common/Reference Number Setter' successfully

2018-12-12 10:56:53 - [TEST_STEP][PASSED] - delay: Delayed 2 second(s)

2018-12-12 10:56:55 - [MESSAGE][PASSED] - Delayed 2 second(s)

2018-12-12 10:56:55 - [TEST_STEP][PASSED] - click: Object: 'Object Repository/Final Object Repo/Page_Update Employee Information By Employee/Submit' is clicked on

2018-12-12 10:56:55 - [MESSAGE][PASSED] - Object: 'Object Repository/Final Object Repo/Page_Update Employee Information By Employee/Submit' is clicked on

2018-12-12 10:56:55 - [TEST_STEP][PASSED] - delay: Delayed 2 second(s)

2018-12-12 10:56:57 - [MESSAGE][PASSED] - Delayed 2 second(s)

2018-12-12 10:56:57 - [TEST_STEP][PASSED] - click: Object: 'Object Repository/Final Object Repo/Page_Update Employee Information By Employee/Confirm Button' is clicked on

2018-12-12 10:56:57 - [MESSAGE][PASSED] - Object: 'Object Repository/Final Object Repo/Page_Update Employee Information By Employee/Confirm Button' is clicked on

2018-12-12 10:56:57 - [TEST_STEP][PASSED] - delay: Delayed 2 second(s)

2018-12-12 10:56:59 - [MESSAGE][PASSED] - Delayed 2 second(s)

2018-12-12 10:56:59 - [TEST_STEP][PASSED] - click: Object: 'Object Repository/Final Object Repo/Page_Update Employee Information By Employee/Successful Message Routed to UO' is clicked on

2018-12-12 10:57:01 - [MESSAGE][PASSED] - Object: 'Object Repository/Final Object Repo/Page_Update Employee Information By Employee/Successful Message Routed to UO' is clicked on

2018-12-12 10:57:01 - [MESSAGE][PASSED] - Call Test Case 'Test Cases/Final Aug 2018 - PKS Automation/Registration Module/Workflow/Update Employee Information (Employee)/Template/Update Employee Information - Special Case (OTC)' successfully

2018-12-12 10:57:01 - [TEST_STEP][PASSED] - callTestCase: Call Test Case 'Test Cases/Final Aug 2018 - PKS Automation/Registration Module/Workflow/Update Employee Information (Employee)/Template/Update Employee Information - Special Case - UO (Reject)' successfully

2018-12-12 10:57:01 - [TEST_CASE][PASSED] - Test Cases/Final Aug 2018 - PKS Automation/Registration Module/Workflow/Update Employee Information (Employee)/Template/Update Employee Information - Special Case - UO (Reject): Test Cases/Final Aug 2018 - PKS Automation/Registration Module/Workflow/Update Employee Information (Employee)/Template/Update Employee Information - Special Case - UO (Reject)

2018-12-12 10:57:01 - [TEST_STEP][NOT_RUN] - callTestCase: NOT_RUN: callTestCase

2018-12-12 10:57:01 - [MESSAGE][NOT_RUN] - NOT_RUN: callTestCase

2018-12-12 10:57:01 - [TEST_STEP][PASSED] - delay: Delayed 2 second(s)

2018-12-12 10:57:03 - [MESSAGE][PASSED] - Delayed 2 second(s)

2018-12-12 10:57:03 - [TEST_STEP][PASSED] - navigateToUrl: Navigate to 'https://assist2-uat.perkeso.gov.my/c/portal/logout' successfully

2018-12-12 10:57:04 - [MESSAGE][PASSED] - Navigate to 'https://assist2-uat.perkeso.gov.my/c/portal/logout' successfully

2018-12-12 10:57:04 - [TEST_STEP][PASSED] - delay: Delayed 2 second(s)

2018-12-12 10:57:06 - [MESSAGE][PASSED] - Delayed 2 second(s)

2018-12-12 10:57:06 - [TEST_STEP][PASSED] - callTestCase: Call Test Case 'Test Cases/Final Aug 2018 - PKS Automation/Common/Reference Number Getter' successfully

2018-12-12 10:57:06 - [TEST_CASE][PASSED] - Test Cases/Final Aug 2018 - PKS Automation/Common/Reference Number Getter: Test Cases/Final Aug 2018 - PKS Automation/Common/Reference Number Getter

2018-12-12 10:57:06 - [TEST_STEP][PASSED] - Statement - Try: null

2018-12-12 10:57:06 - [TEST_STEP][PASSED] - Statement - RefNo = new java.io.File(C://Users//Admin//Desktop//PKS//Automation Reference Point//KatalonReference.txt): null

2018-12-12 10:57:06 - [TEST_STEP][PASSED] - Statement - bufferread = new java.io.BufferedReader(new java.io.FileReader(RefNo)): null

2018-12-12 10:57:06 - [TEST_STEP][PASSED] - Statement - readedVal = bufferread.readLine(): null

2018-12-12 10:57:06 - [TEST_STEP][PASSED] - Statement - out.println(CaseReferenceNo): null

2018-12-12 10:57:06 - [TEST_STEP][PASSED] - Statement - out.println(readedVal): null

2018-12-12 10:57:06 - [TEST_STEP][PASSED] - Statement - CaseReferenceNo = "": null

2018-12-12 10:57:06 - [TEST_STEP][PASSED] - Statement - CaseReferenceNo = readedVal: null

2018-12-12 10:57:06 - [MESSAGE][PASSED] - Call Test Case 'Test Cases/Final Aug 2018 - PKS Automation/Common/Reference Number Getter' successfully

2018-12-12 10:57:06 - [TEST_STEP][PASSED] - callTestCase: Call Test Case 'Test Cases/Final Aug 2018 - PKS Automation/Common/Workflow Owner Finder' successfully

2018-12-12 10:57:06 - [TEST_CASE][PASSED] - Test Cases/Final Aug 2018 - PKS Automation/Common/Workflow Owner Finder: Test Cases/Final Aug 2018 - PKS Automation/Common/Workflow Owner Finder

2018-12-12 10:57:06 - [TEST_STEP][PASSED] - openBrowser: Browser is opened with url: ''

2018-12-12 10:57:06 - [MESSAGE][WARNING] - A browser is already opened. Closing browser and opening a new one

2018-12-12 10:57:10 - [MESSAGE][PASSED] - Browser is opened with url: ''

2018-12-12 10:57:10 - [TEST_STEP][PASSED] - navigateToUrl: Navigate to 'https://assist2-uat.perkeso.gov.my/login' successfully

2018-12-12 10:57:11 - [MESSAGE][PASSED] - Navigate to 'https://assist2-uat.perkeso.gov.my/login' successfully

2018-12-12 10:57:11 - [TEST_STEP][PASSED] - delay: Delayed 5 second(s)

2018-12-12 10:57:16 - [MESSAGE][PASSED] - Delayed 5 second(s)

2018-12-12 10:57:16 - [TEST_STEP][PASSED] - setText: Text 'test@liferay.com' is set on object 'Object Repository/Final Object Repo/Login Page/Internal User/Email Address'

2018-12-12 10:57:17 - [MESSAGE][PASSED] - Text 'test@liferay.com' is set on object 'Object Repository/Final Object Repo/Login Page/Internal User/Email Address'

2018-12-12 10:57:17 - [TEST_STEP][PASSED] - click: Object: 'Object Repository/Final Object Repo/Login Page/Internal User/Next Button' is clicked on

2018-12-12 10:57:17 - [MESSAGE][PASSED] - Object: 'Object Repository/Final Object Repo/Login Page/Internal User/Next Button' is clicked on

2018-12-12 10:57:17 - [TEST_STEP][PASSED] - delay: Delayed 2 second(s)

2018-12-12 10:57:19 - [MESSAGE][PASSED] - Delayed 2 second(s)

2018-12-12 10:57:19 - [TEST_STEP][PASSED] - setText: Text 'test' is set on object 'Object Repository/Final Object Repo/Login Page/Internal User/Password'

2018-12-12 10:57:19 - [MESSAGE][PASSED] - Text 'test' is set on object 'Object Repository/Final Object Repo/Login Page/Internal User/Password'

2018-12-12 10:57:19 - [TEST_STEP][PASSED] - delay: Delayed 2 second(s)

2018-12-12 10:57:21 - [MESSAGE][PASSED] - Delayed 2 second(s)

2018-12-12 10:57:21 - [TEST_STEP][PASSED] - click: Object: 'Object Repository/Final Object Repo/Login Page/Internal User/Login Button' is clicked on

2018-12-12 10:57:21 - [MESSAGE][PASSED] - Object: 'Object Repository/Final Object Repo/Login Page/Internal User/Login Button' is clicked on

2018-12-12 10:57:21 - [TEST_STEP][PASSED] - Statement - tester = com.kms.katalon.core.testobject.ObjectRepository.findTestObject(Final Object Repo/Landing Page/Select to English): Finding Test Object with id 'Object Repository/Final Object Repo/Landing Page/Select to English'

2018-12-12 10:57:21 - [TEST_STEP][PASSED] - Statement - Try: Delayed 2 second(s)

2018-12-12 10:57:21 - [TEST_STEP][PASSED] - Statement - Checker = com.kms.katalon.core.webui.keyword.WebUiBuiltInKeywords.verifyElementNotPresent(tester, 3): Web element with id: 'Object Repository/Final Object Repo/Landing Page/Select to English' located by 'By.xpath: //a[@class = 'taglib-language-list-text' and @lang = 'en-US' and (contains(text(), 'EN') or contains(., 'EN'))]' is not present after '3' second(s)

2018-12-12 10:57:23 - [MESSAGE][PASSED] - Web element with id: 'Object Repository/Final Object Repo/Landing Page/Select to English' located by 'By.xpath: //a[@class = 'taglib-language-list-text' and @lang = 'en-US' and (contains(text(), 'EN') or contains(., 'EN'))]' is not present after '3' second(s)

2018-12-12 10:57:23 - [TEST_STEP][PASSED] - Statement - If (Checker == false): null

2018-12-12 10:57:23 - [TEST_STEP][PASSED] - delay: Delayed 2 second(s)

2018-12-12 10:57:25 - [MESSAGE][PASSED] - Delayed 2 second(s)

2018-12-12 10:57:25 - [TEST_STEP][PASSED] - delay: Delayed 5 second(s)

2018-12-12 10:57:30 - [MESSAGE][PASSED] - Delayed 5 second(s)

2018-12-12 10:57:30 - [TEST_STEP][PASSED] - mouseOver: Object: 'Object Repository/Final Object Repo/Landing Page/WorkFlow Menu' is hovered

2018-12-12 10:57:30 - [MESSAGE][PASSED] - Object: 'Object Repository/Final Object Repo/Landing Page/WorkFlow Menu' is hovered

2018-12-12 10:57:30 - [TEST_STEP][PASSED] - delay: Delayed 2 second(s)

2018-12-12 10:57:32 - [MESSAGE][PASSED] - Delayed 2 second(s)

2018-12-12 10:57:32 - [TEST_STEP][PASSED] - click: Object: 'Object Repository/Final Object Repo/Landing Page/Select to Workflow Listing' is clicked on

2018-12-12 10:57:33 - [MESSAGE][PASSED] - Object: 'Object Repository/Final Object Repo/Landing Page/Select to Workflow Listing' is clicked on

2018-12-12 10:57:33 - [TEST_STEP][PASSED] - delay: Delayed 2 second(s)

2018-12-12 10:57:35 - [MESSAGE][PASSED] - Delayed 2 second(s)

2018-12-12 10:57:35 - [TEST_STEP][PASSED] - click: Object: 'Object Repository/Final Object Repo/WorkFlow Listing Page/Search Information - To Put Ref No' is clicked on

2018-12-12 10:57:36 - [MESSAGE][PASSED] - Object: 'Object Repository/Final Object Repo/WorkFlow Listing Page/Search Information - To Put Ref No' is clicked on

2018-12-12 10:57:36 - [TEST_STEP][PASSED] - delay: Delayed 2 second(s)

2018-12-12 10:57:38 - [MESSAGE][PASSED] - Delayed 2 second(s)

2018-12-12 10:57:38 - [TEST_STEP][PASSED] - callTestCase: Call Test Case 'Test Cases/Final Aug 2018 - PKS Automation/Common/Reference Number Getter' successfully

2018-12-12 10:57:38 - [TEST_CASE][PASSED] - Test Cases/Final Aug 2018 - PKS Automation/Common/Reference Number Getter: Test Cases/Final Aug 2018 - PKS Automation/Common/Reference Number Getter

2018-12-12 10:57:38 - [TEST_STEP][PASSED] - Statement - Try: null

2018-12-12 10:57:38 - [TEST_STEP][PASSED] - Statement - RefNo = new java.io.File(C://Users//Admin//Desktop//PKS//Automation Reference Point//KatalonReference.txt): null

2018-12-12 10:57:38 - [TEST_STEP][PASSED] - Statement - bufferread = new java.io.BufferedReader(new java.io.FileReader(RefNo)): null

2018-12-12 10:57:38 - [TEST_STEP][PASSED] - Statement - readedVal = bufferread.readLine(): null

2018-12-12 10:57:38 - [TEST_STEP][PASSED] - Statement - out.println(CaseReferenceNo): null

2018-12-12 10:57:38 - [TEST_STEP][PASSED] - Statement - out.println(readedVal): null

2018-12-12 10:57:38 - [TEST_STEP][PASSED] - Statement - CaseReferenceNo = "": null

2018-12-12 10:57:38 - [TEST_STEP][PASSED] - Statement - CaseReferenceNo = readedVal: null

2018-12-12 10:57:38 - [MESSAGE][PASSED] - Call Test Case 'Test Cases/Final Aug 2018 - PKS Automation/Common/Reference Number Getter' successfully

2018-12-12 10:57:38 - [TEST_STEP][PASSED] - setText: Text 'CUN122018C100005985' is set on object 'Object Repository/Final Object Repo/WorkFlow Listing Page/Ref No Set Text'

2018-12-12 10:57:38 - [MESSAGE][PASSED] - Text 'CUN122018C100005985' is set on object 'Object Repository/Final Object Repo/WorkFlow Listing Page/Ref No Set Text'

2018-12-12 10:57:38 - [TEST_STEP][PASSED] - delay: Delayed 2 second(s)

2018-12-12 10:57:40 - [MESSAGE][PASSED] - Delayed 2 second(s)

2018-12-12 10:57:40 - [TEST_STEP][PASSED] - click: Object: 'Object Repository/Final Object Repo/WorkFlow Listing Page/Search Ref No Search Button' is clicked on

2018-12-12 10:57:40 - [MESSAGE][PASSED] - Object: 'Object Repository/Final Object Repo/WorkFlow Listing Page/Search Ref No Search Button' is clicked on

2018-12-12 10:57:40 - [TEST_STEP][PASSED] - delay: Delayed 6 second(s)

2018-12-12 10:57:46 - [MESSAGE][PASSED] - Delayed 6 second(s)

2018-12-12 10:57:46 - [TEST_STEP][PASSED] - click: Object: 'Object Repository/Final Object Repo/WorkFlow Listing Page/Click Continue Tooltip' is clicked on

2018-12-12 10:57:47 - [MESSAGE][PASSED] - Object: 'Object Repository/Final Object Repo/WorkFlow Listing Page/Click Continue Tooltip' is clicked on

2018-12-12 10:57:47 - [TEST_STEP][PASSED] - delay: Delayed 5 second(s)

2018-12-12 10:57:52 - [MESSAGE][PASSED] - Delayed 5 second(s)

2018-12-12 10:57:52 - [TEST_STEP][PASSED] - doubleClick: Object: 'Object Repository/Final Object Repo/WorkFlow Listing Page/Workflow Found - Listing 1' is double clicked on

2018-12-12 10:57:52 - [MESSAGE][PASSED] - Object: 'Object Repository/Final Object Repo/WorkFlow Listing Page/Workflow Found - Listing 1' is double clicked on

2018-12-12 10:57:52 - [TEST_STEP][PASSED] - Statement - println(OwnerID): null

2018-12-12 10:57:52 - [TEST_STEP][PASSED] - Statement - OwnerID = com.kms.katalon.core.webui.keyword.WebUiBuiltInKeywords.getText(com.kms.katalon.core.testobject.ObjectRepository.findTestObject(Final Object Repo/WorkFlow Listing Page/Workflow Found - Listing 1), STOP_ON_FAILURE): Text of object 'Object Repository/Final Object Repo/WorkFlow Listing Page/Workflow Found - Listing 1' is: 'JOHORuo2'

2018-12-12 10:57:53 - [MESSAGE][PASSED] - Text of object 'Object Repository/Final Object Repo/WorkFlow Listing Page/Workflow Found - Listing 1' is: 'JOHORuo2'

2018-12-12 10:57:53 - [TEST_STEP][PASSED] - Statement - OwnerID = OwnerID.toLowerCase() + "@gmail.com": null

2018-12-12 10:57:53 - [TEST_STEP][PASSED] - Statement - println(OwnerID): null

2018-12-12 10:57:53 - [TEST_STEP][PASSED] - delay: Delayed 2 second(s)

2018-12-12 10:57:55 - [MESSAGE][PASSED] - Delayed 2 second(s)

2018-12-12 10:57:55 - [MESSAGE][PASSED] - Call Test Case 'Test Cases/Final Aug 2018 - PKS Automation/Common/Workflow Owner Finder' successfully

2018-12-12 10:57:55 - [TEST_STEP][PASSED] - delay: Delayed 2 second(s)

2018-12-12 10:57:57 - [MESSAGE][PASSED] - Delayed 2 second(s)

2018-12-12 10:57:57 - [TEST_STEP][PASSED] - navigateToUrl: Navigate to 'https://assist2-uat.perkeso.gov.my/c/portal/logout' successfully

2018-12-12 10:57:57 - [MESSAGE][PASSED] - Navigate to 'https://assist2-uat.perkeso.gov.my/c/portal/logout' successfully

2018-12-12 10:57:57 - [TEST_STEP][PASSED] - delay: Delayed 2 second(s)

2018-12-12 10:57:59 - [MESSAGE][PASSED] - Delayed 2 second(s)

2018-12-12 10:57:59 - [TEST_STEP][PASSED] - callTestCase: Call Test Case 'Test Cases/Final Aug 2018 - PKS Automation/Registration Module/Workflow/Login and Search Case For Workflow' successfully

2018-12-12 10:57:59 - [TEST_CASE][PASSED] - Test Cases/Final Aug 2018 - PKS Automation/Registration Module/Workflow/Login and Search Case For Workflow: Test Cases/Final Aug 2018 - PKS Automation/Registration Module/Workflow/Login and Search Case For Workflow

2018-12-12 10:57:59 - [TEST_STEP][PASSED] - navigateToUrl: Navigate to 'https://assist2-uat.perkeso.gov.my/login' successfully

2018-12-12 10:58:00 - [MESSAGE][PASSED] - Navigate to 'https://assist2-uat.perkeso.gov.my/login' successfully

2018-12-12 10:58:00 - [TEST_STEP][PASSED] - setText: Text 'johoruo2@gmail.com' is set on object 'Object Repository/Final Object Repo/Login Page/Internal User/Email Address'

2018-12-12 10:58:00 - [MESSAGE][PASSED] - Text 'johoruo2@gmail.com' is set on object 'Object Repository/Final Object Repo/Login Page/Internal User/Email Address'

2018-12-12 10:58:00 - [TEST_STEP][PASSED] - click: Object: 'Object Repository/Final Object Repo/Login Page/Internal User/Next Button' is clicked on

2018-12-12 10:58:00 - [MESSAGE][PASSED] - Object: 'Object Repository/Final Object Repo/Login Page/Internal User/Next Button' is clicked on

2018-12-12 10:58:00 - [TEST_STEP][PASSED] - delay: Delayed 1 second(s)

2018-12-12 10:58:01 - [MESSAGE][PASSED] - Delayed 1 second(s)

2018-12-12 10:58:01 - [TEST_STEP][PASSED] - setEncryptedText: Text ****** has been set on object 'Object Repository/Final Object Repo/Login Page/Internal User/Password'

2018-12-12 10:58:02 - [MESSAGE][PASSED] - Text ****** has been set on object 'Object Repository/Final Object Repo/Login Page/Internal User/Password'

2018-12-12 10:58:02 - [TEST_STEP][PASSED] - click: Object: 'Object Repository/Final Object Repo/Login Page/Internal User/Login Button' is clicked on

2018-12-12 10:58:02 - [MESSAGE][PASSED] - Object: 'Object Repository/Final Object Repo/Login Page/Internal User/Login Button' is clicked on

2018-12-12 10:58:02 - [TEST_STEP][PASSED] - delay: Delayed 2 second(s)

2018-12-12 10:58:04 - [MESSAGE][PASSED] - Delayed 2 second(s)

2018-12-12 10:58:04 - [TEST_STEP][PASSED] - Statement - Try: Delayed 2 second(s)

2018-12-12 10:58:04 - [TEST_STEP][PASSED] - Statement - Checker = false: null

2018-12-12 10:58:04 - [TEST_STEP][PASSED] - Statement - Checker = com.kms.katalon.core.webui.keyword.WebUiBuiltInKeywords.verifyElementHasAttribute(com.kms.katalon.core.testobject.ObjectRepository.findTestObject(Final Object Repo/Landing Page/BM Detecting), "href", 20, OPTIONAL): Object 'Object Repository/Final Object Repo/Landing Page/BM Detecting' has attribute 'href'

2018-12-12 10:58:04 - [MESSAGE][PASSED] - Object 'Object Repository/Final Object Repo/Landing Page/BM Detecting' has attribute 'href'

2018-12-12 10:58:04 - [TEST_STEP][PASSED] - Statement - out.println(Checker): null

2018-12-12 10:58:04 - [TEST_STEP][PASSED] - Statement - If (Checker == false): null

2018-12-12 10:58:04 - [TEST_STEP][PASSED] - Statement - Else: null

2018-12-12 10:58:04 - [TEST_STEP][PASSED] - delay: Delayed 2 second(s)

2018-12-12 10:58:06 - [MESSAGE][PASSED] - Delayed 2 second(s)

2018-12-12 10:58:06 - [TEST_STEP][PASSED] - click: Object: 'Object Repository/Final Object Repo/Page_MyASSIST - ASSIST - Search Pending Case For Add Supporting Document/Search Information' is clicked on

2018-12-12 10:58:06 - [MESSAGE][PASSED] - Object: 'Object Repository/Final Object Repo/Page_MyASSIST - ASSIST - Search Pending Case For Add Supporting Document/Search Information' is clicked on

2018-12-12 10:58:06 - [TEST_STEP][PASSED] - delay: Delayed 3 second(s)

2018-12-12 10:58:09 - [MESSAGE][PASSED] - Delayed 3 second(s)

2018-12-12 10:58:09 - [TEST_STEP][PASSED] - sendKeys: Keys 'CUN122018C100005985' sent to object: 'Object Repository/Final Object Repo/Page_MyASSIST - ASSIST - Search Pending Case For Add Supporting Document/Reference No'

2018-12-12 10:58:09 - [MESSAGE][PASSED] - Keys 'CUN122018C100005985' sent to object: 'Object Repository/Final Object Repo/Page_MyASSIST - ASSIST - Search Pending Case For Add Supporting Document/Reference No'

2018-12-12 10:58:09 - [TEST_STEP][PASSED] - click: Object: 'Object Repository/Final Object Repo/Page_MyASSIST - ASSIST - Search Pending Case For Add Supporting Document/Search Reference No' is clicked on

2018-12-12 10:58:09 - [MESSAGE][PASSED] - Object: 'Object Repository/Final Object Repo/Page_MyASSIST - ASSIST - Search Pending Case For Add Supporting Document/Search Reference No' is clicked on

2018-12-12 10:58:09 - [TEST_STEP][PASSED] - delay: Delayed 2 second(s)

2018-12-12 10:58:11 - [MESSAGE][PASSED] - Delayed 2 second(s)

2018-12-12 10:58:11 - [TEST_STEP][PASSED] - click: Object: 'Object Repository/Final Object Repo/Page_MyASSIST - ASSIST - Search Pending Case For Add Supporting Document/Continue' is clicked on

2018-12-12 10:58:16 - [MESSAGE][PASSED] - Object: 'Object Repository/Final Object Repo/Page_MyASSIST - ASSIST - Search Pending Case For Add Supporting Document/Continue' is clicked on

2018-12-12 10:58:16 - [TEST_STEP][PASSED] - delay: Delayed 20 second(s)

2018-12-12 10:58:36 - [MESSAGE][PASSED] - Delayed 20 second(s)

2018-12-12 10:58:36 - [MESSAGE][PASSED] - Call Test Case 'Test Cases/Final Aug 2018 - PKS Automation/Registration Module/Workflow/Login and Search Case For Workflow' successfully

2018-12-12 10:58:36 - [TEST_STEP][PASSED] - delay: Delayed 2 second(s)

2018-12-12 10:58:38 - [MESSAGE][PASSED] - Delayed 2 second(s)

2018-12-12 10:58:38 - [TEST_STEP][PASSED] - click: Object: 'Object Repository/Final Object Repo/Page_Update Employee Information By Employee/Page_Update Employee Information By Employee (Approve)/Continue' is clicked on

2018-12-12 10:58:41 - [MESSAGE][PASSED] - Object: 'Object Repository/Final Object Repo/Page_Update Employee Information By Employee/Page_Update Employee Information By Employee (Approve)/Continue' is clicked on

2018-12-12 10:58:41 - [TEST_STEP][PASSED] - delay: Delayed 10 second(s)

2018-12-12 10:58:51 - [MESSAGE][PASSED] - Delayed 10 second(s)

2018-12-12 10:58:51 - [TEST_STEP][PASSED] - click: Object: 'Object Repository/Final Object Repo/Page_Update Employee Information By Employer/Page_Update Employee Information by Employer (Approve)/Save  Continue in Update Employee Information Page' is clicked on

2018-12-12 10:58:51 - [MESSAGE][PASSED] - Object: 'Object Repository/Final Object Repo/Page_Update Employee Information By Employer/Page_Update Employee Information by Employer (Approve)/Save  Continue in Update Employee Information Page' is clicked on

2018-12-12 10:58:51 - [TEST_STEP][PASSED] - delay: Delayed 2 second(s)

2018-12-12 10:58:53 - [MESSAGE][PASSED] - Delayed 2 second(s)

2018-12-12 10:58:53 - [TEST_STEP][PASSED] - click: Object: 'Object Repository/Final Object Repo/Page_Update Employee Information By Employer/Page_Update Employee Information by Employer (Approve)/Save  Continue in Upload Supporting Doucument Page' is clicked on

2018-12-12 10:58:54 - [MESSAGE][PASSED] - Object: 'Object Repository/Final Object Repo/Page_Update Employee Information By Employer/Page_Update Employee Information by Employer (Approve)/Save  Continue in Upload Supporting Doucument Page' is clicked on

2018-12-12 10:58:54 - [TEST_STEP][PASSED] - delay: Delayed 2 second(s)

2018-12-12 10:58:56 - [MESSAGE][PASSED] - Delayed 2 second(s)

2018-12-12 10:58:56 - [TEST_STEP][PASSED] - click: Object: 'Object Repository/Final Object Repo/Page_Update Employee Information By Employee/Page_Update Employee Information by Employee (Reject)/Reject' is clicked on

2018-12-12 10:58:58 - [MESSAGE][PASSED] - Object: 'Object Repository/Final Object Repo/Page_Update Employee Information By Employee/Page_Update Employee Information by Employee (Reject)/Reject' is clicked on

2018-12-12 10:58:58 - [TEST_STEP][PASSED] - delay: Delayed 2 second(s)

2018-12-12 10:59:00 - [MESSAGE][PASSED] - Delayed 2 second(s)

2018-12-12 10:59:00 - [TEST_STEP][PASSED] - click: Object: 'Object Repository/Final Object Repo/Page_Update Employee Information By Employee/Page_Update Employee Information by Employee (Reject)/Confirm' is clicked on

2018-12-12 10:59:00 - [MESSAGE][PASSED] - Object: 'Object Repository/Final Object Repo/Page_Update Employee Information By Employee/Page_Update Employee Information by Employee (Reject)/Confirm' is clicked on

2018-12-12 10:59:00 - [TEST_STEP][PASSED] - delay: Delayed 2 second(s)

2018-12-12 10:59:02 - [MESSAGE][PASSED] - Delayed 2 second(s)

2018-12-12 10:59:02 - [TEST_STEP][PASSED] - verifyElementVisible: Object 'Object Repository/Final Object Repo/Page_Update Employee Information By Employee/Page_Update Employee Information by Employee (Reject)/Message This Case has been Rejected' is visible

2018-12-12 10:59:05 - [MESSAGE][PASSED] - Object 'Object Repository/Final Object Repo/Page_Update Employee Information By Employee/Page_Update Employee Information by Employee (Reject)/Message This Case has been Rejected' is visible

2018-12-12 10:59:05 - [TEST_STEP][PASSED] - verifyElementVisible: Object 'Object Repository/Final Object Repo/Page_Update Employee Information By Employee/Page_Update Employee Information by Employee (Reject)/Letter of update rejection' is visible

2018-12-12 10:59:05 - [MESSAGE][PASSED] - Object 'Object Repository/Final Object Repo/Page_Update Employee Information By Employee/Page_Update Employee Information by Employee (Reject)/Letter of update rejection' is visible

2018-12-12 10:59:05 - [MESSAGE][PASSED] - Call Test Case 'Test Cases/Final Aug 2018 - PKS Automation/Registration Module/Workflow/Update Employee Information (Employee)/Template/Update Employee Information - Special Case - UO (Reject)' successfully]]></system-out>
         <system-err><![CDATA[]]></system-err>
      </testcase>
      <testcase name="Test Cases/Final Aug 2018 - PKS Automation/Registration Module/Workflow/Update Employee Information (Employee)/OTC to UO (Under enforcement)" classname="Test Cases/Final Aug 2018 - PKS Automation/Registration Module/Workflow/Update Employee Information (Employee)/OTC to UO (Under enforcement)" status="PASSED">
         <system-out><![CDATA[2018-12-12 10:59:05 - [TEST_CASE][PASSED] - Test Cases/Final Aug 2018 - PKS Automation/Registration Module/Workflow/Update Employee Information (Employee)/OTC to UO (Under enforcement): Test Cases/Final Aug 2018 - PKS Automation/Registration Module/Workflow/Update Employee Information (Employee)/OTC to UO (Under enforcement)

2018-12-12 10:59:05 - [TEST_STEP][PASSED] - callTestCase: Call Test Case 'Test Cases/Final Aug 2018 - PKS Automation/Registration Module/Workflow/Update Employee Information (Employee)/Template/Update Employee Information - Special Case (OTC)' successfully

2018-12-12 10:59:05 - [TEST_CASE][PASSED] - Test Cases/Final Aug 2018 - PKS Automation/Registration Module/Workflow/Update Employee Information (Employee)/Template/Update Employee Information - Special Case (OTC): Test Cases/Final Aug 2018 - PKS Automation/Registration Module/Workflow/Update Employee Information (Employee)/Template/Update Employee Information - Special Case (OTC)

2018-12-12 10:59:05 - [TEST_STEP][PASSED] - openBrowser: Browser is opened with url: ''

2018-12-12 10:59:05 - [MESSAGE][WARNING] - A browser is already opened. Closing browser and opening a new one

2018-12-12 10:59:10 - [MESSAGE][PASSED] - Browser is opened with url: ''

2018-12-12 10:59:10 - [TEST_STEP][PASSED] - navigateToUrl: Navigate to 'https://assist2-uat.perkeso.gov.my/login' successfully

2018-12-12 10:59:11 - [MESSAGE][PASSED] - Navigate to 'https://assist2-uat.perkeso.gov.my/login' successfully

2018-12-12 10:59:11 - [TEST_STEP][PASSED] - setText: Text 'johorotc1@gmail.com' is set on object 'Object Repository/Final Object Repo/Login Page/Internal User/Email Address'

2018-12-12 10:59:11 - [MESSAGE][PASSED] - Text 'johorotc1@gmail.com' is set on object 'Object Repository/Final Object Repo/Login Page/Internal User/Email Address'

2018-12-12 10:59:11 - [TEST_STEP][PASSED] - click: Object: 'Object Repository/Final Object Repo/Login Page/Internal User/Next Button' is clicked on

2018-12-12 10:59:11 - [MESSAGE][PASSED] - Object: 'Object Repository/Final Object Repo/Login Page/Internal User/Next Button' is clicked on

2018-12-12 10:59:11 - [TEST_STEP][PASSED] - delay: Delayed 1 second(s)

2018-12-12 10:59:12 - [MESSAGE][PASSED] - Delayed 1 second(s)

2018-12-12 10:59:12 - [TEST_STEP][PASSED] - setEncryptedText: Text ****** has been set on object 'Object Repository/Final Object Repo/Login Page/Internal User/Password'

2018-12-12 10:59:12 - [MESSAGE][PASSED] - Text ****** has been set on object 'Object Repository/Final Object Repo/Login Page/Internal User/Password'

2018-12-12 10:59:12 - [TEST_STEP][PASSED] - click: Object: 'Object Repository/Final Object Repo/Login Page/Internal User/Login Button' is clicked on

2018-12-12 10:59:13 - [MESSAGE][PASSED] - Object: 'Object Repository/Final Object Repo/Login Page/Internal User/Login Button' is clicked on

2018-12-12 10:59:13 - [TEST_STEP][PASSED] - Statement - tester = com.kms.katalon.core.testobject.ObjectRepository.findTestObject(Final Object Repo/Landing Page/Select to English): Finding Test Object with id 'Object Repository/Final Object Repo/Landing Page/Select to English'

2018-12-12 10:59:13 - [TEST_STEP][PASSED] - Statement - Try: Delayed 2 second(s)

2018-12-12 10:59:13 - [TEST_STEP][PASSED] - Statement - Checker = com.kms.katalon.core.webui.keyword.WebUiBuiltInKeywords.verifyElementNotPresent(tester, 3): Web element with id: 'Object Repository/Final Object Repo/Landing Page/Select to English' located by 'By.xpath: //a[@class = 'taglib-language-list-text' and @lang = 'en-US' and (contains(text(), 'EN') or contains(., 'EN'))]' is not present after '3' second(s)

2018-12-12 10:59:14 - [MESSAGE][PASSED] - Web element with id: 'Object Repository/Final Object Repo/Landing Page/Select to English' located by 'By.xpath: //a[@class = 'taglib-language-list-text' and @lang = 'en-US' and (contains(text(), 'EN') or contains(., 'EN'))]' is not present after '3' second(s)

2018-12-12 10:59:14 - [TEST_STEP][PASSED] - Statement - If (Checker == false): null

2018-12-12 10:59:14 - [TEST_STEP][PASSED] - delay: Delayed 2 second(s)

2018-12-12 10:59:16 - [MESSAGE][PASSED] - Delayed 2 second(s)

2018-12-12 10:59:16 - [TEST_STEP][PASSED] - delay: Delayed 5 second(s)

2018-12-12 10:59:21 - [MESSAGE][PASSED] - Delayed 5 second(s)

2018-12-12 10:59:21 - [TEST_STEP][PASSED] - navigateToUrl: Navigate to 'https://assist2-uat.perkeso.gov.my/web/registration/update/update-employee-information-employee-' successfully

2018-12-12 10:59:22 - [MESSAGE][PASSED] - Navigate to 'https://assist2-uat.perkeso.gov.my/web/registration/update/update-employee-information-employee-' successfully

2018-12-12 10:59:22 - [TEST_STEP][PASSED] - click: Object: 'Object Repository/Final Object Repo/Page_Update Employee Information By Employee/Type of Identification' is clicked on

2018-12-12 10:59:23 - [MESSAGE][PASSED] - Object: 'Object Repository/Final Object Repo/Page_Update Employee Information By Employee/Type of Identification' is clicked on

2018-12-12 10:59:23 - [TEST_STEP][PASSED] - click: Object: 'Object Repository/Final Object Repo/Page Update Employee Information By Employee/Type of Identification - Name' is clicked on

2018-12-12 10:59:23 - [MESSAGE][PASSED] - Object: 'Object Repository/Final Object Repo/Page Update Employee Information By Employee/Type of Identification - Name' is clicked on

2018-12-12 10:59:23 - [TEST_STEP][PASSED] - setText: Text 'YUKI JR B' is set on object 'Object Repository/Final Object Repo/Page_Update Employee Information By Employee/New Identification'

2018-12-12 10:59:23 - [MESSAGE][PASSED] - Text 'YUKI JR B' is set on object 'Object Repository/Final Object Repo/Page_Update Employee Information By Employee/New Identification'

2018-12-12 10:59:23 - [TEST_STEP][PASSED] - click: Object: 'Object Repository/Final Object Repo/Page_Update Employee Information By Employee/Search Button' is clicked on

2018-12-12 10:59:23 - [MESSAGE][PASSED] - Object: 'Object Repository/Final Object Repo/Page_Update Employee Information By Employee/Search Button' is clicked on

2018-12-12 10:59:23 - [TEST_STEP][PASSED] - click: Object: 'Object Repository/Final Object Repo/Page_Update Employee Information By Employee/Edit Button' is clicked on

2018-12-12 10:59:27 - [MESSAGE][PASSED] - Object: 'Object Repository/Final Object Repo/Page_Update Employee Information By Employee/Edit Button' is clicked on

2018-12-12 10:59:27 - [TEST_STEP][PASSED] - delay: Delayed 2 second(s)

2018-12-12 10:59:29 - [MESSAGE][PASSED] - Delayed 2 second(s)

2018-12-12 10:59:29 - [TEST_STEP][PASSED] - click: Object: 'Object Repository/Final Object Repo/Page_Update Employee Information By Employee/Employee Information Edit Button' is clicked on

2018-12-12 10:59:29 - [MESSAGE][PASSED] - Object: 'Object Repository/Final Object Repo/Page_Update Employee Information By Employee/Employee Information Edit Button' is clicked on

2018-12-12 10:59:29 - [TEST_STEP][PASSED] - delay: Delayed 2 second(s)

2018-12-12 10:59:31 - [MESSAGE][PASSED] - Delayed 2 second(s)

2018-12-12 10:59:31 - [TEST_STEP][PASSED] - click: Object: 'Object Repository/Final Object Repo/Page_Update Employee Information By Employee/New Identification Number' is clicked on

2018-12-12 10:59:31 - [MESSAGE][PASSED] - Object: 'Object Repository/Final Object Repo/Page_Update Employee Information By Employee/New Identification Number' is clicked on

2018-12-12 10:59:31 - [TEST_STEP][PASSED] - setText: Text '' is set on object 'Object Repository/Final Object Repo/Page_Update Employee Information By Employee/New Identification Number'

2018-12-12 10:59:32 - [MESSAGE][PASSED] - Text '' is set on object 'Object Repository/Final Object Repo/Page_Update Employee Information By Employee/New Identification Number'

2018-12-12 10:59:32 - [TEST_STEP][PASSED] - Statement - rnd = new java.util.Random(): null

2018-12-12 10:59:32 - [TEST_STEP][PASSED] - Statement - snum = rnd.nextInt(899999 + 1) + 100000: null

2018-12-12 10:59:32 - [TEST_STEP][PASSED] - Statement - tnum = rnd.nextInt(899999 + 1) + 100000: null

2018-12-12 10:59:32 - [TEST_STEP][PASSED] - Statement - IC = java.lang.Integer.toString(snum) + java.lang.Integer.toString(tnum): null

2018-12-12 10:59:32 - [TEST_STEP][PASSED] - Statement - out.println(IC): null

2018-12-12 10:59:32 - [TEST_STEP][PASSED] - setText: Text '544546407215' is set on object 'Object Repository/Final Object Repo/Page_Update Employee Information By Employee/New Identification Number'

2018-12-12 10:59:32 - [MESSAGE][PASSED] - Text '544546407215' is set on object 'Object Repository/Final Object Repo/Page_Update Employee Information By Employee/New Identification Number'

2018-12-12 10:59:32 - [TEST_STEP][PASSED] - delay: Delayed 2 second(s)

2018-12-12 10:59:34 - [MESSAGE][PASSED] - Delayed 2 second(s)

2018-12-12 10:59:34 - [TEST_STEP][PASSED] - click: Object: 'Object Repository/Final Object Repo/Page_Update Employee Information By Employee/Save' is clicked on

2018-12-12 10:59:34 - [MESSAGE][PASSED] - Object: 'Object Repository/Final Object Repo/Page_Update Employee Information By Employee/Save' is clicked on

2018-12-12 10:59:34 - [TEST_STEP][PASSED] - delay: Delayed 10 second(s)

2018-12-12 10:59:44 - [MESSAGE][PASSED] - Delayed 10 second(s)

2018-12-12 10:59:44 - [TEST_STEP][PASSED] - click: Object: 'Object Repository/Final Object Repo/Page_Update Employee Information By Employee/Save  Continue in Update Employee Information' is clicked on

2018-12-12 10:59:44 - [MESSAGE][PASSED] - Object: 'Object Repository/Final Object Repo/Page_Update Employee Information By Employee/Save  Continue in Update Employee Information' is clicked on

2018-12-12 10:59:44 - [TEST_STEP][PASSED] - delay: Delayed 2 second(s)

2018-12-12 10:59:46 - [MESSAGE][PASSED] - Delayed 2 second(s)

2018-12-12 10:59:46 - [TEST_STEP][PASSED] - click: Object: 'Object Repository/Final Object Repo/Page_Update Employee Information By Employee/Save  Continue in Uploading Page' is clicked on

2018-12-12 10:59:47 - [MESSAGE][PASSED] - Object: 'Object Repository/Final Object Repo/Page_Update Employee Information By Employee/Save  Continue in Uploading Page' is clicked on

2018-12-12 10:59:47 - [TEST_STEP][PASSED] - delay: Delayed 2 second(s)

2018-12-12 10:59:49 - [MESSAGE][PASSED] - Delayed 2 second(s)

2018-12-12 10:59:49 - [TEST_STEP][PASSED] - Statement - CaseReferenceNo = com.kms.katalon.core.webui.keyword.WebUiBuiltInKeywords.getText(com.kms.katalon.core.testobject.ObjectRepository.findTestObject(Final Object Repo/Page_Update Employer Information/Reference Number in Update Employee Information Page)): Text of object 'Object Repository/Final Object Repo/Page_Update Employer Information/Reference Number in Update Employee Information Page' is: 'CUN122018C100005986'

2018-12-12 10:59:51 - [MESSAGE][PASSED] - Text of object 'Object Repository/Final Object Repo/Page_Update Employer Information/Reference Number in Update Employee Information Page' is: 'CUN122018C100005986'

2018-12-12 10:59:51 - [TEST_STEP][PASSED] - callTestCase: Call Test Case 'Test Cases/Final Aug 2018 - PKS Automation/Common/Reference Number Setter' successfully

2018-12-12 10:59:51 - [TEST_CASE][PASSED] - Test Cases/Final Aug 2018 - PKS Automation/Common/Reference Number Setter: Test Cases/Final Aug 2018 - PKS Automation/Common/Reference Number Setter

2018-12-12 10:59:51 - [TEST_STEP][PASSED] - Statement - RefNoOldFile = new java.io.File(C://Users//Admin//Desktop//PKS//Automation Reference Point//KatalonReference.txt): null

2018-12-12 10:59:51 - [TEST_STEP][PASSED] - Statement - RefNoOldFile.delete(): null

2018-12-12 10:59:51 - [TEST_STEP][PASSED] - delay: Delayed 5 second(s)

2018-12-12 10:59:56 - [MESSAGE][PASSED] - Delayed 5 second(s)

2018-12-12 10:59:56 - [TEST_STEP][PASSED] - Statement - RefNo = new java.io.File(C://Users//Admin//Desktop//PKS//Automation Reference Point//KatalonReference.txt): null

2018-12-12 10:59:56 - [TEST_STEP][PASSED] - Statement - f2 = new java.io.FileWriter(RefNo, false): null

2018-12-12 10:59:56 - [TEST_STEP][PASSED] - Statement - f2.write(CaseReferenceNo): null

2018-12-12 10:59:56 - [TEST_STEP][PASSED] - Statement - f2.close(): null

2018-12-12 10:59:56 - [TEST_STEP][PASSED] - Statement - out.println("


" + CaseReferenceNo + "


"): null

2018-12-12 10:59:56 - [MESSAGE][PASSED] - Call Test Case 'Test Cases/Final Aug 2018 - PKS Automation/Common/Reference Number Setter' successfully

2018-12-12 10:59:56 - [TEST_STEP][PASSED] - delay: Delayed 2 second(s)

2018-12-12 10:59:58 - [MESSAGE][PASSED] - Delayed 2 second(s)

2018-12-12 10:59:58 - [TEST_STEP][PASSED] - click: Object: 'Object Repository/Final Object Repo/Page_Update Employee Information By Employee/Submit' is clicked on

2018-12-12 10:59:58 - [MESSAGE][PASSED] - Object: 'Object Repository/Final Object Repo/Page_Update Employee Information By Employee/Submit' is clicked on

2018-12-12 10:59:58 - [TEST_STEP][PASSED] - delay: Delayed 2 second(s)

2018-12-12 11:00:00 - [MESSAGE][PASSED] - Delayed 2 second(s)

2018-12-12 11:00:00 - [TEST_STEP][PASSED] - click: Object: 'Object Repository/Final Object Repo/Page_Update Employee Information By Employee/Confirm Button' is clicked on

2018-12-12 11:00:01 - [MESSAGE][PASSED] - Object: 'Object Repository/Final Object Repo/Page_Update Employee Information By Employee/Confirm Button' is clicked on

2018-12-12 11:00:01 - [TEST_STEP][PASSED] - delay: Delayed 2 second(s)

2018-12-12 11:00:03 - [MESSAGE][PASSED] - Delayed 2 second(s)

2018-12-12 11:00:03 - [TEST_STEP][PASSED] - click: Object: 'Object Repository/Final Object Repo/Page_Update Employee Information By Employee/Successful Message Routed to UO' is clicked on

2018-12-12 11:00:04 - [MESSAGE][PASSED] - Object: 'Object Repository/Final Object Repo/Page_Update Employee Information By Employee/Successful Message Routed to UO' is clicked on

2018-12-12 11:00:04 - [MESSAGE][PASSED] - Call Test Case 'Test Cases/Final Aug 2018 - PKS Automation/Registration Module/Workflow/Update Employee Information (Employee)/Template/Update Employee Information - Special Case (OTC)' successfully

2018-12-12 11:00:04 - [TEST_STEP][PASSED] - callTestCase: Call Test Case 'Test Cases/Final Aug 2018 - PKS Automation/Registration Module/Workflow/Update Employee Information (Employee)/Template/Update Employee Information - Special Case - UO (Under enforcement)' successfully

2018-12-12 11:00:04 - [TEST_CASE][PASSED] - Test Cases/Final Aug 2018 - PKS Automation/Registration Module/Workflow/Update Employee Information (Employee)/Template/Update Employee Information - Special Case - UO (Under enforcement): Test Cases/Final Aug 2018 - PKS Automation/Registration Module/Workflow/Update Employee Information (Employee)/Template/Update Employee Information - Special Case - UO (Under enforcement)

2018-12-12 11:00:05 - [TEST_STEP][NOT_RUN] - callTestCase: NOT_RUN: callTestCase

2018-12-12 11:00:05 - [MESSAGE][NOT_RUN] - NOT_RUN: callTestCase

2018-12-12 11:00:05 - [TEST_STEP][PASSED] - delay: Delayed 2 second(s)

2018-12-12 11:00:07 - [MESSAGE][PASSED] - Delayed 2 second(s)

2018-12-12 11:00:07 - [TEST_STEP][PASSED] - navigateToUrl: Navigate to 'https://assist2-uat.perkeso.gov.my/c/portal/logout' successfully

2018-12-12 11:00:07 - [MESSAGE][PASSED] - Navigate to 'https://assist2-uat.perkeso.gov.my/c/portal/logout' successfully

2018-12-12 11:00:07 - [TEST_STEP][PASSED] - delay: Delayed 2 second(s)

2018-12-12 11:00:09 - [MESSAGE][PASSED] - Delayed 2 second(s)

2018-12-12 11:00:09 - [TEST_STEP][PASSED] - callTestCase: Call Test Case 'Test Cases/Final Aug 2018 - PKS Automation/Common/Reference Number Getter' successfully

2018-12-12 11:00:09 - [TEST_CASE][PASSED] - Test Cases/Final Aug 2018 - PKS Automation/Common/Reference Number Getter: Test Cases/Final Aug 2018 - PKS Automation/Common/Reference Number Getter

2018-12-12 11:00:09 - [TEST_STEP][PASSED] - Statement - Try: null

2018-12-12 11:00:09 - [TEST_STEP][PASSED] - Statement - RefNo = new java.io.File(C://Users//Admin//Desktop//PKS//Automation Reference Point//KatalonReference.txt): null

2018-12-12 11:00:09 - [TEST_STEP][PASSED] - Statement - bufferread = new java.io.BufferedReader(new java.io.FileReader(RefNo)): null

2018-12-12 11:00:09 - [TEST_STEP][PASSED] - Statement - readedVal = bufferread.readLine(): null

2018-12-12 11:00:09 - [TEST_STEP][PASSED] - Statement - out.println(CaseReferenceNo): null

2018-12-12 11:00:09 - [TEST_STEP][PASSED] - Statement - out.println(readedVal): null

2018-12-12 11:00:09 - [TEST_STEP][PASSED] - Statement - CaseReferenceNo = "": null

2018-12-12 11:00:09 - [TEST_STEP][PASSED] - Statement - CaseReferenceNo = readedVal: null

2018-12-12 11:00:09 - [MESSAGE][PASSED] - Call Test Case 'Test Cases/Final Aug 2018 - PKS Automation/Common/Reference Number Getter' successfully

2018-12-12 11:00:09 - [TEST_STEP][PASSED] - callTestCase: Call Test Case 'Test Cases/Final Aug 2018 - PKS Automation/Common/Workflow Owner Finder' successfully

2018-12-12 11:00:10 - [TEST_CASE][PASSED] - Test Cases/Final Aug 2018 - PKS Automation/Common/Workflow Owner Finder: Test Cases/Final Aug 2018 - PKS Automation/Common/Workflow Owner Finder

2018-12-12 11:00:10 - [TEST_STEP][PASSED] - openBrowser: Browser is opened with url: ''

2018-12-12 11:00:10 - [MESSAGE][WARNING] - A browser is already opened. Closing browser and opening a new one

2018-12-12 11:00:14 - [MESSAGE][PASSED] - Browser is opened with url: ''

2018-12-12 11:00:14 - [TEST_STEP][PASSED] - navigateToUrl: Navigate to 'https://assist2-uat.perkeso.gov.my/login' successfully

2018-12-12 11:00:15 - [MESSAGE][PASSED] - Navigate to 'https://assist2-uat.perkeso.gov.my/login' successfully

2018-12-12 11:00:15 - [TEST_STEP][PASSED] - delay: Delayed 5 second(s)

2018-12-12 11:00:20 - [MESSAGE][PASSED] - Delayed 5 second(s)

2018-12-12 11:00:20 - [TEST_STEP][PASSED] - setText: Text 'test@liferay.com' is set on object 'Object Repository/Final Object Repo/Login Page/Internal User/Email Address'

2018-12-12 11:00:20 - [MESSAGE][PASSED] - Text 'test@liferay.com' is set on object 'Object Repository/Final Object Repo/Login Page/Internal User/Email Address'

2018-12-12 11:00:20 - [TEST_STEP][PASSED] - click: Object: 'Object Repository/Final Object Repo/Login Page/Internal User/Next Button' is clicked on

2018-12-12 11:00:20 - [MESSAGE][PASSED] - Object: 'Object Repository/Final Object Repo/Login Page/Internal User/Next Button' is clicked on

2018-12-12 11:00:20 - [TEST_STEP][PASSED] - delay: Delayed 2 second(s)

2018-12-12 11:00:22 - [MESSAGE][PASSED] - Delayed 2 second(s)

2018-12-12 11:00:22 - [TEST_STEP][PASSED] - setText: Text 'test' is set on object 'Object Repository/Final Object Repo/Login Page/Internal User/Password'

2018-12-12 11:00:23 - [MESSAGE][PASSED] - Text 'test' is set on object 'Object Repository/Final Object Repo/Login Page/Internal User/Password'

2018-12-12 11:00:23 - [TEST_STEP][PASSED] - delay: Delayed 2 second(s)

2018-12-12 11:00:25 - [MESSAGE][PASSED] - Delayed 2 second(s)

2018-12-12 11:00:25 - [TEST_STEP][PASSED] - click: Object: 'Object Repository/Final Object Repo/Login Page/Internal User/Login Button' is clicked on

2018-12-12 11:00:25 - [MESSAGE][PASSED] - Object: 'Object Repository/Final Object Repo/Login Page/Internal User/Login Button' is clicked on

2018-12-12 11:00:25 - [TEST_STEP][PASSED] - Statement - tester = com.kms.katalon.core.testobject.ObjectRepository.findTestObject(Final Object Repo/Landing Page/Select to English): Finding Test Object with id 'Object Repository/Final Object Repo/Landing Page/Select to English'

2018-12-12 11:00:25 - [TEST_STEP][PASSED] - Statement - Try: Delayed 2 second(s)

2018-12-12 11:00:25 - [TEST_STEP][PASSED] - Statement - Checker = com.kms.katalon.core.webui.keyword.WebUiBuiltInKeywords.verifyElementNotPresent(tester, 3): Web element with id: 'Object Repository/Final Object Repo/Landing Page/Select to English' located by 'By.xpath: //a[@class = 'taglib-language-list-text' and @lang = 'en-US' and (contains(text(), 'EN') or contains(., 'EN'))]' is not present after '3' second(s)

2018-12-12 11:00:25 - [MESSAGE][PASSED] - Web element with id: 'Object Repository/Final Object Repo/Landing Page/Select to English' located by 'By.xpath: //a[@class = 'taglib-language-list-text' and @lang = 'en-US' and (contains(text(), 'EN') or contains(., 'EN'))]' is not present after '3' second(s)

2018-12-12 11:00:25 - [TEST_STEP][PASSED] - Statement - If (Checker == false): null

2018-12-12 11:00:25 - [TEST_STEP][PASSED] - delay: Delayed 2 second(s)

2018-12-12 11:00:27 - [MESSAGE][PASSED] - Delayed 2 second(s)

2018-12-12 11:00:27 - [TEST_STEP][PASSED] - delay: Delayed 5 second(s)

2018-12-12 11:00:32 - [MESSAGE][PASSED] - Delayed 5 second(s)

2018-12-12 11:00:32 - [TEST_STEP][PASSED] - mouseOver: Object: 'Object Repository/Final Object Repo/Landing Page/WorkFlow Menu' is hovered

2018-12-12 11:00:32 - [MESSAGE][PASSED] - Object: 'Object Repository/Final Object Repo/Landing Page/WorkFlow Menu' is hovered

2018-12-12 11:00:32 - [TEST_STEP][PASSED] - delay: Delayed 2 second(s)

2018-12-12 11:00:34 - [MESSAGE][PASSED] - Delayed 2 second(s)

2018-12-12 11:00:34 - [TEST_STEP][PASSED] - click: Object: 'Object Repository/Final Object Repo/Landing Page/Select to Workflow Listing' is clicked on

2018-12-12 11:00:35 - [MESSAGE][PASSED] - Object: 'Object Repository/Final Object Repo/Landing Page/Select to Workflow Listing' is clicked on

2018-12-12 11:00:35 - [TEST_STEP][PASSED] - delay: Delayed 2 second(s)

2018-12-12 11:00:37 - [MESSAGE][PASSED] - Delayed 2 second(s)

2018-12-12 11:00:37 - [TEST_STEP][PASSED] - click: Object: 'Object Repository/Final Object Repo/WorkFlow Listing Page/Search Information - To Put Ref No' is clicked on

2018-12-12 11:00:37 - [MESSAGE][PASSED] - Object: 'Object Repository/Final Object Repo/WorkFlow Listing Page/Search Information - To Put Ref No' is clicked on

2018-12-12 11:00:37 - [TEST_STEP][PASSED] - delay: Delayed 2 second(s)

2018-12-12 11:00:39 - [MESSAGE][PASSED] - Delayed 2 second(s)

2018-12-12 11:00:39 - [TEST_STEP][PASSED] - callTestCase: Call Test Case 'Test Cases/Final Aug 2018 - PKS Automation/Common/Reference Number Getter' successfully

2018-12-12 11:00:39 - [TEST_CASE][PASSED] - Test Cases/Final Aug 2018 - PKS Automation/Common/Reference Number Getter: Test Cases/Final Aug 2018 - PKS Automation/Common/Reference Number Getter

2018-12-12 11:00:39 - [TEST_STEP][PASSED] - Statement - Try: null

2018-12-12 11:00:39 - [TEST_STEP][PASSED] - Statement - RefNo = new java.io.File(C://Users//Admin//Desktop//PKS//Automation Reference Point//KatalonReference.txt): null

2018-12-12 11:00:39 - [TEST_STEP][PASSED] - Statement - bufferread = new java.io.BufferedReader(new java.io.FileReader(RefNo)): null

2018-12-12 11:00:39 - [TEST_STEP][PASSED] - Statement - readedVal = bufferread.readLine(): null

2018-12-12 11:00:39 - [TEST_STEP][PASSED] - Statement - out.println(CaseReferenceNo): null

2018-12-12 11:00:39 - [TEST_STEP][PASSED] - Statement - out.println(readedVal): null

2018-12-12 11:00:39 - [TEST_STEP][PASSED] - Statement - CaseReferenceNo = "": null

2018-12-12 11:00:39 - [TEST_STEP][PASSED] - Statement - CaseReferenceNo = readedVal: null

2018-12-12 11:00:39 - [MESSAGE][PASSED] - Call Test Case 'Test Cases/Final Aug 2018 - PKS Automation/Common/Reference Number Getter' successfully

2018-12-12 11:00:39 - [TEST_STEP][PASSED] - setText: Text 'CUN122018C100005986' is set on object 'Object Repository/Final Object Repo/WorkFlow Listing Page/Ref No Set Text'

2018-12-12 11:00:40 - [MESSAGE][PASSED] - Text 'CUN122018C100005986' is set on object 'Object Repository/Final Object Repo/WorkFlow Listing Page/Ref No Set Text'

2018-12-12 11:00:40 - [TEST_STEP][PASSED] - delay: Delayed 2 second(s)

2018-12-12 11:00:42 - [MESSAGE][PASSED] - Delayed 2 second(s)

2018-12-12 11:00:42 - [TEST_STEP][PASSED] - click: Object: 'Object Repository/Final Object Repo/WorkFlow Listing Page/Search Ref No Search Button' is clicked on

2018-12-12 11:00:42 - [MESSAGE][PASSED] - Object: 'Object Repository/Final Object Repo/WorkFlow Listing Page/Search Ref No Search Button' is clicked on

2018-12-12 11:00:42 - [TEST_STEP][PASSED] - delay: Delayed 6 second(s)

2018-12-12 11:00:48 - [MESSAGE][PASSED] - Delayed 6 second(s)

2018-12-12 11:00:48 - [TEST_STEP][PASSED] - click: Object: 'Object Repository/Final Object Repo/WorkFlow Listing Page/Click Continue Tooltip' is clicked on

2018-12-12 11:00:49 - [MESSAGE][PASSED] - Object: 'Object Repository/Final Object Repo/WorkFlow Listing Page/Click Continue Tooltip' is clicked on

2018-12-12 11:00:49 - [TEST_STEP][PASSED] - delay: Delayed 5 second(s)

2018-12-12 11:00:54 - [MESSAGE][PASSED] - Delayed 5 second(s)

2018-12-12 11:00:54 - [TEST_STEP][PASSED] - doubleClick: Object: 'Object Repository/Final Object Repo/WorkFlow Listing Page/Workflow Found - Listing 1' is double clicked on

2018-12-12 11:00:54 - [MESSAGE][PASSED] - Object: 'Object Repository/Final Object Repo/WorkFlow Listing Page/Workflow Found - Listing 1' is double clicked on

2018-12-12 11:00:54 - [TEST_STEP][PASSED] - Statement - println(OwnerID): null

2018-12-12 11:00:54 - [TEST_STEP][PASSED] - Statement - OwnerID = com.kms.katalon.core.webui.keyword.WebUiBuiltInKeywords.getText(com.kms.katalon.core.testobject.ObjectRepository.findTestObject(Final Object Repo/WorkFlow Listing Page/Workflow Found - Listing 1), STOP_ON_FAILURE): Text of object 'Object Repository/Final Object Repo/WorkFlow Listing Page/Workflow Found - Listing 1' is: 'JOHORuo3'

2018-12-12 11:00:54 - [MESSAGE][PASSED] - Text of object 'Object Repository/Final Object Repo/WorkFlow Listing Page/Workflow Found - Listing 1' is: 'JOHORuo3'

2018-12-12 11:00:54 - [TEST_STEP][PASSED] - Statement - OwnerID = OwnerID.toLowerCase() + "@gmail.com": null

2018-12-12 11:00:54 - [TEST_STEP][PASSED] - Statement - println(OwnerID): null

2018-12-12 11:00:54 - [TEST_STEP][PASSED] - delay: Delayed 2 second(s)

2018-12-12 11:00:56 - [MESSAGE][PASSED] - Delayed 2 second(s)

2018-12-12 11:00:56 - [MESSAGE][PASSED] - Call Test Case 'Test Cases/Final Aug 2018 - PKS Automation/Common/Workflow Owner Finder' successfully

2018-12-12 11:00:56 - [TEST_STEP][PASSED] - delay: Delayed 2 second(s)

2018-12-12 11:00:58 - [MESSAGE][PASSED] - Delayed 2 second(s)

2018-12-12 11:00:58 - [TEST_STEP][PASSED] - navigateToUrl: Navigate to 'https://assist2-uat.perkeso.gov.my/c/portal/logout' successfully

2018-12-12 11:00:59 - [MESSAGE][PASSED] - Navigate to 'https://assist2-uat.perkeso.gov.my/c/portal/logout' successfully

2018-12-12 11:00:59 - [TEST_STEP][PASSED] - delay: Delayed 2 second(s)

2018-12-12 11:01:01 - [MESSAGE][PASSED] - Delayed 2 second(s)

2018-12-12 11:01:01 - [TEST_STEP][PASSED] - callTestCase: Call Test Case 'Test Cases/Final Aug 2018 - PKS Automation/Registration Module/Workflow/Login and Search Case For Workflow' successfully

2018-12-12 11:01:01 - [TEST_CASE][PASSED] - Test Cases/Final Aug 2018 - PKS Automation/Registration Module/Workflow/Login and Search Case For Workflow: Test Cases/Final Aug 2018 - PKS Automation/Registration Module/Workflow/Login and Search Case For Workflow

2018-12-12 11:01:01 - [TEST_STEP][PASSED] - navigateToUrl: Navigate to 'https://assist2-uat.perkeso.gov.my/login' successfully

2018-12-12 11:01:02 - [MESSAGE][PASSED] - Navigate to 'https://assist2-uat.perkeso.gov.my/login' successfully

2018-12-12 11:01:02 - [TEST_STEP][PASSED] - setText: Text 'johoruo3@gmail.com' is set on object 'Object Repository/Final Object Repo/Login Page/Internal User/Email Address'

2018-12-12 11:01:02 - [MESSAGE][PASSED] - Text 'johoruo3@gmail.com' is set on object 'Object Repository/Final Object Repo/Login Page/Internal User/Email Address'

2018-12-12 11:01:02 - [TEST_STEP][PASSED] - click: Object: 'Object Repository/Final Object Repo/Login Page/Internal User/Next Button' is clicked on

2018-12-12 11:01:02 - [MESSAGE][PASSED] - Object: 'Object Repository/Final Object Repo/Login Page/Internal User/Next Button' is clicked on

2018-12-12 11:01:02 - [TEST_STEP][PASSED] - delay: Delayed 1 second(s)

2018-12-12 11:01:03 - [MESSAGE][PASSED] - Delayed 1 second(s)

2018-12-12 11:01:03 - [TEST_STEP][PASSED] - setEncryptedText: Text ****** has been set on object 'Object Repository/Final Object Repo/Login Page/Internal User/Password'

2018-12-12 11:01:03 - [MESSAGE][PASSED] - Text ****** has been set on object 'Object Repository/Final Object Repo/Login Page/Internal User/Password'

2018-12-12 11:01:03 - [TEST_STEP][PASSED] - click: Object: 'Object Repository/Final Object Repo/Login Page/Internal User/Login Button' is clicked on

2018-12-12 11:01:04 - [MESSAGE][PASSED] - Object: 'Object Repository/Final Object Repo/Login Page/Internal User/Login Button' is clicked on

2018-12-12 11:01:04 - [TEST_STEP][PASSED] - delay: Delayed 2 second(s)

2018-12-12 11:01:06 - [MESSAGE][PASSED] - Delayed 2 second(s)

2018-12-12 11:01:06 - [TEST_STEP][PASSED] - Statement - Try: Delayed 2 second(s)

2018-12-12 11:01:06 - [TEST_STEP][PASSED] - Statement - Checker = false: null

2018-12-12 11:01:06 - [TEST_STEP][PASSED] - Statement - Checker = com.kms.katalon.core.webui.keyword.WebUiBuiltInKeywords.verifyElementHasAttribute(com.kms.katalon.core.testobject.ObjectRepository.findTestObject(Final Object Repo/Landing Page/BM Detecting), "href", 20, OPTIONAL): Object 'Object Repository/Final Object Repo/Landing Page/BM Detecting' has attribute 'href'

2018-12-12 11:01:06 - [MESSAGE][PASSED] - Object 'Object Repository/Final Object Repo/Landing Page/BM Detecting' has attribute 'href'

2018-12-12 11:01:06 - [TEST_STEP][PASSED] - Statement - out.println(Checker): null

2018-12-12 11:01:06 - [TEST_STEP][PASSED] - Statement - If (Checker == false): null

2018-12-12 11:01:06 - [TEST_STEP][PASSED] - Statement - Else: null

2018-12-12 11:01:06 - [TEST_STEP][PASSED] - delay: Delayed 2 second(s)

2018-12-12 11:01:08 - [MESSAGE][PASSED] - Delayed 2 second(s)

2018-12-12 11:01:08 - [TEST_STEP][PASSED] - click: Object: 'Object Repository/Final Object Repo/Page_MyASSIST - ASSIST - Search Pending Case For Add Supporting Document/Search Information' is clicked on

2018-12-12 11:01:08 - [MESSAGE][PASSED] - Object: 'Object Repository/Final Object Repo/Page_MyASSIST - ASSIST - Search Pending Case For Add Supporting Document/Search Information' is clicked on

2018-12-12 11:01:08 - [TEST_STEP][PASSED] - delay: Delayed 3 second(s)

2018-12-12 11:01:11 - [MESSAGE][PASSED] - Delayed 3 second(s)

2018-12-12 11:01:11 - [TEST_STEP][PASSED] - sendKeys: Keys 'CUN122018C100005986' sent to object: 'Object Repository/Final Object Repo/Page_MyASSIST - ASSIST - Search Pending Case For Add Supporting Document/Reference No'

2018-12-12 11:01:11 - [MESSAGE][PASSED] - Keys 'CUN122018C100005986' sent to object: 'Object Repository/Final Object Repo/Page_MyASSIST - ASSIST - Search Pending Case For Add Supporting Document/Reference No'

2018-12-12 11:01:11 - [TEST_STEP][PASSED] - click: Object: 'Object Repository/Final Object Repo/Page_MyASSIST - ASSIST - Search Pending Case For Add Supporting Document/Search Reference No' is clicked on

2018-12-12 11:01:11 - [MESSAGE][PASSED] - Object: 'Object Repository/Final Object Repo/Page_MyASSIST - ASSIST - Search Pending Case For Add Supporting Document/Search Reference No' is clicked on

2018-12-12 11:01:11 - [TEST_STEP][PASSED] - delay: Delayed 2 second(s)

2018-12-12 11:01:13 - [MESSAGE][PASSED] - Delayed 2 second(s)

2018-12-12 11:01:13 - [TEST_STEP][PASSED] - click: Object: 'Object Repository/Final Object Repo/Page_MyASSIST - ASSIST - Search Pending Case For Add Supporting Document/Continue' is clicked on

2018-12-12 11:01:17 - [MESSAGE][PASSED] - Object: 'Object Repository/Final Object Repo/Page_MyASSIST - ASSIST - Search Pending Case For Add Supporting Document/Continue' is clicked on

2018-12-12 11:01:17 - [TEST_STEP][PASSED] - delay: Delayed 20 second(s)

2018-12-12 11:01:37 - [MESSAGE][PASSED] - Delayed 20 second(s)

2018-12-12 11:01:37 - [MESSAGE][PASSED] - Call Test Case 'Test Cases/Final Aug 2018 - PKS Automation/Registration Module/Workflow/Login and Search Case For Workflow' successfully

2018-12-12 11:01:37 - [TEST_STEP][PASSED] - click: Object: 'Object Repository/Final Object Repo/Page_Update Employee Information By Employee/Page_Update Employee Information By Employee (Approve)/Continue' is clicked on

2018-12-12 11:01:41 - [MESSAGE][PASSED] - Object: 'Object Repository/Final Object Repo/Page_Update Employee Information By Employee/Page_Update Employee Information By Employee (Approve)/Continue' is clicked on

2018-12-12 11:01:41 - [TEST_STEP][PASSED] - delay: Delayed 2 second(s)

2018-12-12 11:01:43 - [MESSAGE][PASSED] - Delayed 2 second(s)

2018-12-12 11:01:43 - [TEST_STEP][PASSED] - click: Object: 'Object Repository/Final Object Repo/Page_Update Employee Information By Employer/Page_Update Employee Information by Employer (Approve)/Save  Continue in Update Employee Information Page' is clicked on

2018-12-12 11:01:43 - [MESSAGE][PASSED] - Object: 'Object Repository/Final Object Repo/Page_Update Employee Information By Employer/Page_Update Employee Information by Employer (Approve)/Save  Continue in Update Employee Information Page' is clicked on

2018-12-12 11:01:43 - [TEST_STEP][PASSED] - delay: Delayed 2 second(s)

2018-12-12 11:01:45 - [MESSAGE][PASSED] - Delayed 2 second(s)

2018-12-12 11:01:45 - [TEST_STEP][PASSED] - click: Object: 'Object Repository/Final Object Repo/Page_Update Employee Information By Employer/Page_Update Employee Information by Employer (Approve)/Save  Continue in Upload Supporting Doucument Page' is clicked on

2018-12-12 11:01:46 - [MESSAGE][PASSED] - Object: 'Object Repository/Final Object Repo/Page_Update Employee Information By Employer/Page_Update Employee Information by Employer (Approve)/Save  Continue in Upload Supporting Doucument Page' is clicked on

2018-12-12 11:01:46 - [TEST_STEP][PASSED] - delay: Delayed 2 second(s)

2018-12-12 11:01:48 - [MESSAGE][PASSED] - Delayed 2 second(s)

2018-12-12 11:01:48 - [TEST_STEP][PASSED] - click: Object: 'Object Repository/Final Object Repo/Page_Update Employee Information By Employee/Page_Update Employee Information by Employee (Under enforcement)/Under enforcement' is clicked on

2018-12-12 11:01:50 - [MESSAGE][PASSED] - Object: 'Object Repository/Final Object Repo/Page_Update Employee Information By Employee/Page_Update Employee Information by Employee (Under enforcement)/Under enforcement' is clicked on

2018-12-12 11:01:50 - [TEST_STEP][PASSED] - delay: Delayed 2 second(s)

2018-12-12 11:01:52 - [MESSAGE][PASSED] - Delayed 2 second(s)

2018-12-12 11:01:52 - [TEST_STEP][PASSED] - setText: Text 'remark' is set on object 'Object Repository/Final Object Repo/Page_Update Employee Information By Employee/Page_Update Employee Information by Employee (Under enforcement)/Under enforcement - remark'

2018-12-12 11:01:52 - [MESSAGE][PASSED] - Text 'remark' is set on object 'Object Repository/Final Object Repo/Page_Update Employee Information By Employee/Page_Update Employee Information by Employee (Under enforcement)/Under enforcement - remark'

2018-12-12 11:01:52 - [TEST_STEP][PASSED] - delay: Delayed 2 second(s)

2018-12-12 11:01:54 - [MESSAGE][PASSED] - Delayed 2 second(s)

2018-12-12 11:01:54 - [TEST_STEP][PASSED] - click: Object: 'Object Repository/Final Object Repo/Page_Update Employee Information By Employee/Page_Update Employee Information by Employee (Under enforcement)/Save  Continue in Under enforcement Page' is clicked on

2018-12-12 11:01:54 - [MESSAGE][PASSED] - Object: 'Object Repository/Final Object Repo/Page_Update Employee Information By Employee/Page_Update Employee Information by Employee (Under enforcement)/Save  Continue in Under enforcement Page' is clicked on

2018-12-12 11:01:54 - [TEST_STEP][PASSED] - click: Object: 'Object Repository/Final Object Repo/Page_Update Employee Information By Employee/Page_Update Employee Information by Employee (Under enforcement)/Message The case is under enforcement' is clicked on

2018-12-12 11:01:57 - [MESSAGE][PASSED] - Object: 'Object Repository/Final Object Repo/Page_Update Employee Information By Employee/Page_Update Employee Information by Employee (Under enforcement)/Message The case is under enforcement' is clicked on

2018-12-12 11:01:57 - [MESSAGE][PASSED] - Call Test Case 'Test Cases/Final Aug 2018 - PKS Automation/Registration Module/Workflow/Update Employee Information (Employee)/Template/Update Employee Information - Special Case - UO (Under enforcement)' successfully]]></system-out>
         <system-err><![CDATA[]]></system-err>
      </testcase>
      <testcase name="Test Cases/Final Aug 2018 - PKS Automation/Registration Module/Workflow/Update Employee Information (Employee)/PAU to UO (Approve)" classname="Test Cases/Final Aug 2018 - PKS Automation/Registration Module/Workflow/Update Employee Information (Employee)/PAU to UO (Approve)" status="PASSED">
         <system-out><![CDATA[2018-12-12 11:01:57 - [TEST_CASE][PASSED] - Test Cases/Final Aug 2018 - PKS Automation/Registration Module/Workflow/Update Employee Information (Employee)/PAU to UO (Approve): Test Cases/Final Aug 2018 - PKS Automation/Registration Module/Workflow/Update Employee Information (Employee)/PAU to UO (Approve)

2018-12-12 11:01:58 - [TEST_STEP][PASSED] - callTestCase: Call Test Case 'Test Cases/Final Aug 2018 - PKS Automation/Registration Module/Workflow/Update Employee Information (Employee)/Template/Update Employee Information - Special Case (PAU)' successfully

2018-12-12 11:01:58 - [TEST_CASE][PASSED] - Test Cases/Final Aug 2018 - PKS Automation/Registration Module/Workflow/Update Employee Information (Employee)/Template/Update Employee Information - Special Case (PAU): Test Cases/Final Aug 2018 - PKS Automation/Registration Module/Workflow/Update Employee Information (Employee)/Template/Update Employee Information - Special Case (PAU)

2018-12-12 11:01:58 - [TEST_STEP][PASSED] - openBrowser: Browser is opened with url: ''

2018-12-12 11:01:58 - [MESSAGE][WARNING] - A browser is already opened. Closing browser and opening a new one

2018-12-12 11:02:02 - [MESSAGE][PASSED] - Browser is opened with url: ''

2018-12-12 11:02:02 - [TEST_STEP][PASSED] - navigateToUrl: Navigate to 'https://assist2-uat.perkeso.gov.my/login' successfully

2018-12-12 11:02:03 - [MESSAGE][PASSED] - Navigate to 'https://assist2-uat.perkeso.gov.my/login' successfully

2018-12-12 11:02:03 - [TEST_STEP][PASSED] - setText: Text 'johorpau1@gmail.com' is set on object 'Object Repository/Final Object Repo/Login Page/Internal User/Email Address'

2018-12-12 11:02:04 - [MESSAGE][PASSED] - Text 'johorpau1@gmail.com' is set on object 'Object Repository/Final Object Repo/Login Page/Internal User/Email Address'

2018-12-12 11:02:04 - [TEST_STEP][PASSED] - click: Object: 'Object Repository/Final Object Repo/Login Page/Internal User/Next Button' is clicked on

2018-12-12 11:02:04 - [MESSAGE][PASSED] - Object: 'Object Repository/Final Object Repo/Login Page/Internal User/Next Button' is clicked on

2018-12-12 11:02:04 - [TEST_STEP][PASSED] - delay: Delayed 1 second(s)

2018-12-12 11:02:05 - [MESSAGE][PASSED] - Delayed 1 second(s)

2018-12-12 11:02:05 - [TEST_STEP][PASSED] - setEncryptedText: Text ****** has been set on object 'Object Repository/Final Object Repo/Login Page/Internal User/Password'

2018-12-12 11:02:05 - [MESSAGE][PASSED] - Text ****** has been set on object 'Object Repository/Final Object Repo/Login Page/Internal User/Password'

2018-12-12 11:02:05 - [TEST_STEP][PASSED] - click: Object: 'Object Repository/Final Object Repo/Login Page/Internal User/Login Button' is clicked on

2018-12-12 11:02:05 - [MESSAGE][PASSED] - Object: 'Object Repository/Final Object Repo/Login Page/Internal User/Login Button' is clicked on

2018-12-12 11:02:05 - [TEST_STEP][PASSED] - Statement - tester = com.kms.katalon.core.testobject.ObjectRepository.findTestObject(Final Object Repo/Landing Page/Select to English): Finding Test Object with id 'Object Repository/Final Object Repo/Landing Page/Select to English'

2018-12-12 11:02:05 - [TEST_STEP][PASSED] - Statement - Try: Delayed 2 second(s)

2018-12-12 11:02:05 - [TEST_STEP][PASSED] - Statement - Checker = com.kms.katalon.core.webui.keyword.WebUiBuiltInKeywords.verifyElementNotPresent(tester, 3): Web element with id: 'Object Repository/Final Object Repo/Landing Page/Select to English' located by 'By.xpath: //a[@class = 'taglib-language-list-text' and @lang = 'en-US' and (contains(text(), 'EN') or contains(., 'EN'))]' is not present after '3' second(s)

2018-12-12 11:02:07 - [MESSAGE][PASSED] - Web element with id: 'Object Repository/Final Object Repo/Landing Page/Select to English' located by 'By.xpath: //a[@class = 'taglib-language-list-text' and @lang = 'en-US' and (contains(text(), 'EN') or contains(., 'EN'))]' is not present after '3' second(s)

2018-12-12 11:02:07 - [TEST_STEP][PASSED] - Statement - If (Checker == false): null

2018-12-12 11:02:07 - [TEST_STEP][PASSED] - delay: Delayed 2 second(s)

2018-12-12 11:02:09 - [MESSAGE][PASSED] - Delayed 2 second(s)

2018-12-12 11:02:09 - [TEST_STEP][PASSED] - delay: Delayed 5 second(s)

2018-12-12 11:02:14 - [MESSAGE][PASSED] - Delayed 5 second(s)

2018-12-12 11:02:14 - [TEST_STEP][PASSED] - navigateToUrl: Navigate to 'https://assist2-uat.perkeso.gov.my/web/registration/update/update-employee-information-employee-' successfully

2018-12-12 11:02:15 - [MESSAGE][PASSED] - Navigate to 'https://assist2-uat.perkeso.gov.my/web/registration/update/update-employee-information-employee-' successfully

2018-12-12 11:02:15 - [TEST_STEP][PASSED] - click: Object: 'Object Repository/Final Object Repo/Page_Update Employee Information By Employee/Type of Identification' is clicked on

2018-12-12 11:02:15 - [MESSAGE][PASSED] - Object: 'Object Repository/Final Object Repo/Page_Update Employee Information By Employee/Type of Identification' is clicked on

2018-12-12 11:02:15 - [TEST_STEP][PASSED] - click: Object: 'Object Repository/Final Object Repo/Page Update Employee Information By Employee/Type of Identification - Name' is clicked on

2018-12-12 11:02:16 - [MESSAGE][PASSED] - Object: 'Object Repository/Final Object Repo/Page Update Employee Information By Employee/Type of Identification - Name' is clicked on

2018-12-12 11:02:16 - [TEST_STEP][PASSED] - setText: Text 'YUKI JR B' is set on object 'Object Repository/Final Object Repo/Page_Update Employee Information By Employee/New Identification'

2018-12-12 11:02:16 - [MESSAGE][PASSED] - Text 'YUKI JR B' is set on object 'Object Repository/Final Object Repo/Page_Update Employee Information By Employee/New Identification'

2018-12-12 11:02:16 - [TEST_STEP][PASSED] - click: Object: 'Object Repository/Final Object Repo/Page_Update Employee Information By Employee/Search Button' is clicked on

2018-12-12 11:02:16 - [MESSAGE][PASSED] - Object: 'Object Repository/Final Object Repo/Page_Update Employee Information By Employee/Search Button' is clicked on

2018-12-12 11:02:16 - [TEST_STEP][PASSED] - click: Object: 'Object Repository/Final Object Repo/Page_Update Employee Information By Employee/Edit Button' is clicked on

2018-12-12 11:02:20 - [MESSAGE][PASSED] - Object: 'Object Repository/Final Object Repo/Page_Update Employee Information By Employee/Edit Button' is clicked on

2018-12-12 11:02:20 - [TEST_STEP][PASSED] - delay: Delayed 2 second(s)

2018-12-12 11:02:22 - [MESSAGE][PASSED] - Delayed 2 second(s)

2018-12-12 11:02:22 - [TEST_STEP][PASSED] - click: Object: 'Object Repository/Final Object Repo/Page_Update Employee Information By Employee/Employee Information Edit Button' is clicked on

2018-12-12 11:02:22 - [MESSAGE][PASSED] - Object: 'Object Repository/Final Object Repo/Page_Update Employee Information By Employee/Employee Information Edit Button' is clicked on

2018-12-12 11:02:22 - [TEST_STEP][PASSED] - delay: Delayed 2 second(s)

2018-12-12 11:02:24 - [MESSAGE][PASSED] - Delayed 2 second(s)

2018-12-12 11:02:24 - [TEST_STEP][PASSED] - click: Object: 'Object Repository/Final Object Repo/Page_Update Employee Information By Employee/New Identification Number' is clicked on

2018-12-12 11:02:25 - [MESSAGE][PASSED] - Object: 'Object Repository/Final Object Repo/Page_Update Employee Information By Employee/New Identification Number' is clicked on

2018-12-12 11:02:25 - [TEST_STEP][PASSED] - setText: Text '' is set on object 'Object Repository/Final Object Repo/Page_Update Employee Information By Employee/New Identification Number'

2018-12-12 11:02:25 - [MESSAGE][PASSED] - Text '' is set on object 'Object Repository/Final Object Repo/Page_Update Employee Information By Employee/New Identification Number'

2018-12-12 11:02:25 - [TEST_STEP][PASSED] - Statement - rnd = new java.util.Random(): null

2018-12-12 11:02:25 - [TEST_STEP][PASSED] - Statement - snum = rnd.nextInt(899999 + 1) + 100000: null

2018-12-12 11:02:25 - [TEST_STEP][PASSED] - Statement - tnum = rnd.nextInt(899999 + 1) + 100000: null

2018-12-12 11:02:25 - [TEST_STEP][PASSED] - Statement - IC = java.lang.Integer.toString(snum) + java.lang.Integer.toString(tnum): null

2018-12-12 11:02:25 - [TEST_STEP][PASSED] - Statement - out.println(IC): null

2018-12-12 11:02:25 - [TEST_STEP][PASSED] - setText: Text '222250670132' is set on object 'Object Repository/Final Object Repo/Page_Update Employee Information By Employee/New Identification Number'

2018-12-12 11:02:25 - [MESSAGE][PASSED] - Text '222250670132' is set on object 'Object Repository/Final Object Repo/Page_Update Employee Information By Employee/New Identification Number'

2018-12-12 11:02:25 - [TEST_STEP][PASSED] - delay: Delayed 2 second(s)

2018-12-12 11:02:27 - [MESSAGE][PASSED] - Delayed 2 second(s)

2018-12-12 11:02:27 - [TEST_STEP][PASSED] - click: Object: 'Object Repository/Final Object Repo/Page_Update Employee Information By Employee/Save' is clicked on

2018-12-12 11:02:27 - [MESSAGE][PASSED] - Object: 'Object Repository/Final Object Repo/Page_Update Employee Information By Employee/Save' is clicked on

2018-12-12 11:02:27 - [TEST_STEP][PASSED] - delay: Delayed 10 second(s)

2018-12-12 11:02:37 - [MESSAGE][PASSED] - Delayed 10 second(s)

2018-12-12 11:02:37 - [TEST_STEP][PASSED] - click: Object: 'Object Repository/Final Object Repo/Page_Update Employee Information By Employee/Save  Continue in Update Employee Information' is clicked on

2018-12-12 11:02:37 - [MESSAGE][PASSED] - Object: 'Object Repository/Final Object Repo/Page_Update Employee Information By Employee/Save  Continue in Update Employee Information' is clicked on

2018-12-12 11:02:37 - [TEST_STEP][PASSED] - delay: Delayed 2 second(s)

2018-12-12 11:02:39 - [MESSAGE][PASSED] - Delayed 2 second(s)

2018-12-12 11:02:39 - [TEST_STEP][PASSED] - click: Object: 'Object Repository/Final Object Repo/Page_Update Employee Information By Employee/Save  Continue in Uploading Page' is clicked on

2018-12-12 11:02:41 - [MESSAGE][PASSED] - Object: 'Object Repository/Final Object Repo/Page_Update Employee Information By Employee/Save  Continue in Uploading Page' is clicked on

2018-12-12 11:02:41 - [TEST_STEP][PASSED] - delay: Delayed 2 second(s)

2018-12-12 11:02:43 - [MESSAGE][PASSED] - Delayed 2 second(s)

2018-12-12 11:02:43 - [TEST_STEP][PASSED] - Statement - CaseReferenceNo = com.kms.katalon.core.webui.keyword.WebUiBuiltInKeywords.getText(com.kms.katalon.core.testobject.ObjectRepository.findTestObject(Final Object Repo/Page_Update Employer Information/Reference Number in Update Employee Information Page)): Text of object 'Object Repository/Final Object Repo/Page_Update Employer Information/Reference Number in Update Employee Information Page' is: 'CUN122018C100005987'

2018-12-12 11:02:44 - [MESSAGE][PASSED] - Text of object 'Object Repository/Final Object Repo/Page_Update Employer Information/Reference Number in Update Employee Information Page' is: 'CUN122018C100005987'

2018-12-12 11:02:44 - [TEST_STEP][PASSED] - callTestCase: Call Test Case 'Test Cases/Final Aug 2018 - PKS Automation/Common/Reference Number Setter' successfully

2018-12-12 11:02:44 - [TEST_CASE][PASSED] - Test Cases/Final Aug 2018 - PKS Automation/Common/Reference Number Setter: Test Cases/Final Aug 2018 - PKS Automation/Common/Reference Number Setter

2018-12-12 11:02:44 - [TEST_STEP][PASSED] - Statement - RefNoOldFile = new java.io.File(C://Users//Admin//Desktop//PKS//Automation Reference Point//KatalonReference.txt): null

2018-12-12 11:02:44 - [TEST_STEP][PASSED] - Statement - RefNoOldFile.delete(): null

2018-12-12 11:02:44 - [TEST_STEP][PASSED] - delay: Delayed 5 second(s)

2018-12-12 11:02:49 - [MESSAGE][PASSED] - Delayed 5 second(s)

2018-12-12 11:02:49 - [TEST_STEP][PASSED] - Statement - RefNo = new java.io.File(C://Users//Admin//Desktop//PKS//Automation Reference Point//KatalonReference.txt): null

2018-12-12 11:02:49 - [TEST_STEP][PASSED] - Statement - f2 = new java.io.FileWriter(RefNo, false): null

2018-12-12 11:02:49 - [TEST_STEP][PASSED] - Statement - f2.write(CaseReferenceNo): null

2018-12-12 11:02:49 - [TEST_STEP][PASSED] - Statement - f2.close(): null

2018-12-12 11:02:49 - [TEST_STEP][PASSED] - Statement - out.println("


" + CaseReferenceNo + "


"): null

2018-12-12 11:02:49 - [MESSAGE][PASSED] - Call Test Case 'Test Cases/Final Aug 2018 - PKS Automation/Common/Reference Number Setter' successfully

2018-12-12 11:02:49 - [TEST_STEP][PASSED] - delay: Delayed 2 second(s)

2018-12-12 11:02:51 - [MESSAGE][PASSED] - Delayed 2 second(s)

2018-12-12 11:02:51 - [TEST_STEP][PASSED] - click: Object: 'Object Repository/Final Object Repo/Page_Update Employee Information By Employee/Submit' is clicked on

2018-12-12 11:02:52 - [MESSAGE][PASSED] - Object: 'Object Repository/Final Object Repo/Page_Update Employee Information By Employee/Submit' is clicked on

2018-12-12 11:02:52 - [TEST_STEP][PASSED] - delay: Delayed 2 second(s)

2018-12-12 11:02:54 - [MESSAGE][PASSED] - Delayed 2 second(s)

2018-12-12 11:02:54 - [TEST_STEP][PASSED] - click: Object: 'Object Repository/Final Object Repo/Page_Update Employee Information By Employee/Confirm Button' is clicked on

2018-12-12 11:02:54 - [MESSAGE][PASSED] - Object: 'Object Repository/Final Object Repo/Page_Update Employee Information By Employee/Confirm Button' is clicked on

2018-12-12 11:02:54 - [TEST_STEP][PASSED] - delay: Delayed 2 second(s)

2018-12-12 11:02:56 - [MESSAGE][PASSED] - Delayed 2 second(s)

2018-12-12 11:02:56 - [TEST_STEP][PASSED] - click: Object: 'Object Repository/Final Object Repo/Page_Update Employee Information By Employee/Successful Message Routed to UO' is clicked on

2018-12-12 11:02:57 - [MESSAGE][PASSED] - Object: 'Object Repository/Final Object Repo/Page_Update Employee Information By Employee/Successful Message Routed to UO' is clicked on

2018-12-12 11:02:57 - [MESSAGE][PASSED] - Call Test Case 'Test Cases/Final Aug 2018 - PKS Automation/Registration Module/Workflow/Update Employee Information (Employee)/Template/Update Employee Information - Special Case (PAU)' successfully

2018-12-12 11:02:57 - [TEST_STEP][PASSED] - callTestCase: Call Test Case 'Test Cases/Final Aug 2018 - PKS Automation/Registration Module/Workflow/Update Employee Information (Employee)/Template/Update Employee Information - Special Case - UO (Approve)' successfully

2018-12-12 11:02:57 - [TEST_CASE][PASSED] - Test Cases/Final Aug 2018 - PKS Automation/Registration Module/Workflow/Update Employee Information (Employee)/Template/Update Employee Information - Special Case - UO (Approve): Test Cases/Final Aug 2018 - PKS Automation/Registration Module/Workflow/Update Employee Information (Employee)/Template/Update Employee Information - Special Case - UO (Approve)

2018-12-12 11:02:57 - [TEST_STEP][NOT_RUN] - callTestCase: NOT_RUN: callTestCase

2018-12-12 11:02:57 - [MESSAGE][NOT_RUN] - NOT_RUN: callTestCase

2018-12-12 11:02:57 - [TEST_STEP][PASSED] - delay: Delayed 2 second(s)

2018-12-12 11:02:59 - [MESSAGE][PASSED] - Delayed 2 second(s)

2018-12-12 11:02:59 - [TEST_STEP][PASSED] - navigateToUrl: Navigate to 'https://assist2-uat.perkeso.gov.my/c/portal/logout' successfully

2018-12-12 11:03:00 - [MESSAGE][PASSED] - Navigate to 'https://assist2-uat.perkeso.gov.my/c/portal/logout' successfully

2018-12-12 11:03:00 - [TEST_STEP][PASSED] - delay: Delayed 2 second(s)

2018-12-12 11:03:02 - [MESSAGE][PASSED] - Delayed 2 second(s)

2018-12-12 11:03:02 - [TEST_STEP][PASSED] - callTestCase: Call Test Case 'Test Cases/Final Aug 2018 - PKS Automation/Common/Reference Number Getter' successfully

2018-12-12 11:03:02 - [TEST_CASE][PASSED] - Test Cases/Final Aug 2018 - PKS Automation/Common/Reference Number Getter: Test Cases/Final Aug 2018 - PKS Automation/Common/Reference Number Getter

2018-12-12 11:03:02 - [TEST_STEP][PASSED] - Statement - Try: null

2018-12-12 11:03:02 - [TEST_STEP][PASSED] - Statement - RefNo = new java.io.File(C://Users//Admin//Desktop//PKS//Automation Reference Point//KatalonReference.txt): null

2018-12-12 11:03:02 - [TEST_STEP][PASSED] - Statement - bufferread = new java.io.BufferedReader(new java.io.FileReader(RefNo)): null

2018-12-12 11:03:02 - [TEST_STEP][PASSED] - Statement - readedVal = bufferread.readLine(): null

2018-12-12 11:03:02 - [TEST_STEP][PASSED] - Statement - out.println(CaseReferenceNo): null

2018-12-12 11:03:02 - [TEST_STEP][PASSED] - Statement - out.println(readedVal): null

2018-12-12 11:03:02 - [TEST_STEP][PASSED] - Statement - CaseReferenceNo = "": null

2018-12-12 11:03:02 - [TEST_STEP][PASSED] - Statement - CaseReferenceNo = readedVal: null

2018-12-12 11:03:02 - [MESSAGE][PASSED] - Call Test Case 'Test Cases/Final Aug 2018 - PKS Automation/Common/Reference Number Getter' successfully

2018-12-12 11:03:02 - [TEST_STEP][PASSED] - callTestCase: Call Test Case 'Test Cases/Final Aug 2018 - PKS Automation/Common/Workflow Owner Finder' successfully

2018-12-12 11:03:02 - [TEST_CASE][PASSED] - Test Cases/Final Aug 2018 - PKS Automation/Common/Workflow Owner Finder: Test Cases/Final Aug 2018 - PKS Automation/Common/Workflow Owner Finder

2018-12-12 11:03:02 - [TEST_STEP][PASSED] - openBrowser: Browser is opened with url: ''

2018-12-12 11:03:02 - [MESSAGE][WARNING] - A browser is already opened. Closing browser and opening a new one

2018-12-12 11:03:08 - [MESSAGE][PASSED] - Browser is opened with url: ''

2018-12-12 11:03:08 - [TEST_STEP][PASSED] - navigateToUrl: Navigate to 'https://assist2-uat.perkeso.gov.my/login' successfully

2018-12-12 11:03:09 - [MESSAGE][PASSED] - Navigate to 'https://assist2-uat.perkeso.gov.my/login' successfully

2018-12-12 11:03:09 - [TEST_STEP][PASSED] - delay: Delayed 5 second(s)

2018-12-12 11:03:14 - [MESSAGE][PASSED] - Delayed 5 second(s)

2018-12-12 11:03:14 - [TEST_STEP][PASSED] - setText: Text 'test@liferay.com' is set on object 'Object Repository/Final Object Repo/Login Page/Internal User/Email Address'

2018-12-12 11:03:14 - [MESSAGE][PASSED] - Text 'test@liferay.com' is set on object 'Object Repository/Final Object Repo/Login Page/Internal User/Email Address'

2018-12-12 11:03:14 - [TEST_STEP][PASSED] - click: Object: 'Object Repository/Final Object Repo/Login Page/Internal User/Next Button' is clicked on

2018-12-12 11:03:14 - [MESSAGE][PASSED] - Object: 'Object Repository/Final Object Repo/Login Page/Internal User/Next Button' is clicked on

2018-12-12 11:03:14 - [TEST_STEP][PASSED] - delay: Delayed 2 second(s)

2018-12-12 11:03:16 - [MESSAGE][PASSED] - Delayed 2 second(s)

2018-12-12 11:03:16 - [TEST_STEP][PASSED] - setText: Text 'test' is set on object 'Object Repository/Final Object Repo/Login Page/Internal User/Password'

2018-12-12 11:03:17 - [MESSAGE][PASSED] - Text 'test' is set on object 'Object Repository/Final Object Repo/Login Page/Internal User/Password'

2018-12-12 11:03:17 - [TEST_STEP][PASSED] - delay: Delayed 2 second(s)

2018-12-12 11:03:19 - [MESSAGE][PASSED] - Delayed 2 second(s)

2018-12-12 11:03:19 - [TEST_STEP][PASSED] - click: Object: 'Object Repository/Final Object Repo/Login Page/Internal User/Login Button' is clicked on

2018-12-12 11:03:19 - [MESSAGE][PASSED] - Object: 'Object Repository/Final Object Repo/Login Page/Internal User/Login Button' is clicked on

2018-12-12 11:03:19 - [TEST_STEP][PASSED] - Statement - tester = com.kms.katalon.core.testobject.ObjectRepository.findTestObject(Final Object Repo/Landing Page/Select to English): Finding Test Object with id 'Object Repository/Final Object Repo/Landing Page/Select to English'

2018-12-12 11:03:19 - [TEST_STEP][PASSED] - Statement - Try: Delayed 2 second(s)

2018-12-12 11:03:19 - [TEST_STEP][PASSED] - Statement - Checker = com.kms.katalon.core.webui.keyword.WebUiBuiltInKeywords.verifyElementNotPresent(tester, 3): Web element with id: 'Object Repository/Final Object Repo/Landing Page/Select to English' located by 'By.xpath: //a[@class = 'taglib-language-list-text' and @lang = 'en-US' and (contains(text(), 'EN') or contains(., 'EN'))]' is not present after '3' second(s)

2018-12-12 11:03:21 - [MESSAGE][PASSED] - Web element with id: 'Object Repository/Final Object Repo/Landing Page/Select to English' located by 'By.xpath: //a[@class = 'taglib-language-list-text' and @lang = 'en-US' and (contains(text(), 'EN') or contains(., 'EN'))]' is not present after '3' second(s)

2018-12-12 11:03:21 - [TEST_STEP][PASSED] - Statement - If (Checker == false): null

2018-12-12 11:03:21 - [TEST_STEP][PASSED] - delay: Delayed 2 second(s)

2018-12-12 11:03:23 - [MESSAGE][PASSED] - Delayed 2 second(s)

2018-12-12 11:03:23 - [TEST_STEP][PASSED] - delay: Delayed 5 second(s)

2018-12-12 11:03:28 - [MESSAGE][PASSED] - Delayed 5 second(s)

2018-12-12 11:03:28 - [TEST_STEP][PASSED] - mouseOver: Object: 'Object Repository/Final Object Repo/Landing Page/WorkFlow Menu' is hovered

2018-12-12 11:03:28 - [MESSAGE][PASSED] - Object: 'Object Repository/Final Object Repo/Landing Page/WorkFlow Menu' is hovered

2018-12-12 11:03:28 - [TEST_STEP][PASSED] - delay: Delayed 2 second(s)

2018-12-12 11:03:30 - [MESSAGE][PASSED] - Delayed 2 second(s)

2018-12-12 11:03:30 - [TEST_STEP][PASSED] - click: Object: 'Object Repository/Final Object Repo/Landing Page/Select to Workflow Listing' is clicked on

2018-12-12 11:03:31 - [MESSAGE][PASSED] - Object: 'Object Repository/Final Object Repo/Landing Page/Select to Workflow Listing' is clicked on

2018-12-12 11:03:31 - [TEST_STEP][PASSED] - delay: Delayed 2 second(s)

2018-12-12 11:03:33 - [MESSAGE][PASSED] - Delayed 2 second(s)

2018-12-12 11:03:33 - [TEST_STEP][PASSED] - click: Object: 'Object Repository/Final Object Repo/WorkFlow Listing Page/Search Information - To Put Ref No' is clicked on

2018-12-12 11:03:33 - [MESSAGE][PASSED] - Object: 'Object Repository/Final Object Repo/WorkFlow Listing Page/Search Information - To Put Ref No' is clicked on

2018-12-12 11:03:33 - [TEST_STEP][PASSED] - delay: Delayed 2 second(s)

2018-12-12 11:03:35 - [MESSAGE][PASSED] - Delayed 2 second(s)

2018-12-12 11:03:35 - [TEST_STEP][PASSED] - callTestCase: Call Test Case 'Test Cases/Final Aug 2018 - PKS Automation/Common/Reference Number Getter' successfully

2018-12-12 11:03:35 - [TEST_CASE][PASSED] - Test Cases/Final Aug 2018 - PKS Automation/Common/Reference Number Getter: Test Cases/Final Aug 2018 - PKS Automation/Common/Reference Number Getter

2018-12-12 11:03:35 - [TEST_STEP][PASSED] - Statement - Try: null

2018-12-12 11:03:35 - [TEST_STEP][PASSED] - Statement - RefNo = new java.io.File(C://Users//Admin//Desktop//PKS//Automation Reference Point//KatalonReference.txt): null

2018-12-12 11:03:35 - [TEST_STEP][PASSED] - Statement - bufferread = new java.io.BufferedReader(new java.io.FileReader(RefNo)): null

2018-12-12 11:03:35 - [TEST_STEP][PASSED] - Statement - readedVal = bufferread.readLine(): null

2018-12-12 11:03:35 - [TEST_STEP][PASSED] - Statement - out.println(CaseReferenceNo): null

2018-12-12 11:03:35 - [TEST_STEP][PASSED] - Statement - out.println(readedVal): null

2018-12-12 11:03:35 - [TEST_STEP][PASSED] - Statement - CaseReferenceNo = "": null

2018-12-12 11:03:35 - [TEST_STEP][PASSED] - Statement - CaseReferenceNo = readedVal: null

2018-12-12 11:03:35 - [MESSAGE][PASSED] - Call Test Case 'Test Cases/Final Aug 2018 - PKS Automation/Common/Reference Number Getter' successfully

2018-12-12 11:03:35 - [TEST_STEP][PASSED] - setText: Text 'CUN122018C100005987' is set on object 'Object Repository/Final Object Repo/WorkFlow Listing Page/Ref No Set Text'

2018-12-12 11:03:36 - [MESSAGE][PASSED] - Text 'CUN122018C100005987' is set on object 'Object Repository/Final Object Repo/WorkFlow Listing Page/Ref No Set Text'

2018-12-12 11:03:36 - [TEST_STEP][PASSED] - delay: Delayed 2 second(s)

2018-12-12 11:03:38 - [MESSAGE][PASSED] - Delayed 2 second(s)

2018-12-12 11:03:38 - [TEST_STEP][PASSED] - click: Object: 'Object Repository/Final Object Repo/WorkFlow Listing Page/Search Ref No Search Button' is clicked on

2018-12-12 11:03:38 - [MESSAGE][PASSED] - Object: 'Object Repository/Final Object Repo/WorkFlow Listing Page/Search Ref No Search Button' is clicked on

2018-12-12 11:03:38 - [TEST_STEP][PASSED] - delay: Delayed 6 second(s)

2018-12-12 11:03:44 - [MESSAGE][PASSED] - Delayed 6 second(s)

2018-12-12 11:03:44 - [TEST_STEP][PASSED] - click: Object: 'Object Repository/Final Object Repo/WorkFlow Listing Page/Click Continue Tooltip' is clicked on

2018-12-12 11:03:45 - [MESSAGE][PASSED] - Object: 'Object Repository/Final Object Repo/WorkFlow Listing Page/Click Continue Tooltip' is clicked on

2018-12-12 11:03:45 - [TEST_STEP][PASSED] - delay: Delayed 5 second(s)

2018-12-12 11:03:50 - [MESSAGE][PASSED] - Delayed 5 second(s)

2018-12-12 11:03:50 - [TEST_STEP][PASSED] - doubleClick: Object: 'Object Repository/Final Object Repo/WorkFlow Listing Page/Workflow Found - Listing 1' is double clicked on

2018-12-12 11:03:50 - [MESSAGE][PASSED] - Object: 'Object Repository/Final Object Repo/WorkFlow Listing Page/Workflow Found - Listing 1' is double clicked on

2018-12-12 11:03:50 - [TEST_STEP][PASSED] - Statement - println(OwnerID): null

2018-12-12 11:03:50 - [TEST_STEP][PASSED] - Statement - OwnerID = com.kms.katalon.core.webui.keyword.WebUiBuiltInKeywords.getText(com.kms.katalon.core.testobject.ObjectRepository.findTestObject(Final Object Repo/WorkFlow Listing Page/Workflow Found - Listing 1), STOP_ON_FAILURE): Text of object 'Object Repository/Final Object Repo/WorkFlow Listing Page/Workflow Found - Listing 1' is: 'JOHORuo1'

2018-12-12 11:03:50 - [MESSAGE][PASSED] - Text of object 'Object Repository/Final Object Repo/WorkFlow Listing Page/Workflow Found - Listing 1' is: 'JOHORuo1'

2018-12-12 11:03:50 - [TEST_STEP][PASSED] - Statement - OwnerID = OwnerID.toLowerCase() + "@gmail.com": null

2018-12-12 11:03:50 - [TEST_STEP][PASSED] - Statement - println(OwnerID): null

2018-12-12 11:03:50 - [TEST_STEP][PASSED] - delay: Delayed 2 second(s)

2018-12-12 11:03:52 - [MESSAGE][PASSED] - Delayed 2 second(s)

2018-12-12 11:03:52 - [MESSAGE][PASSED] - Call Test Case 'Test Cases/Final Aug 2018 - PKS Automation/Common/Workflow Owner Finder' successfully

2018-12-12 11:03:52 - [TEST_STEP][PASSED] - delay: Delayed 2 second(s)

2018-12-12 11:03:54 - [MESSAGE][PASSED] - Delayed 2 second(s)

2018-12-12 11:03:54 - [TEST_STEP][PASSED] - navigateToUrl: Navigate to 'https://assist2-uat.perkeso.gov.my/c/portal/logout' successfully

2018-12-12 11:03:55 - [MESSAGE][PASSED] - Navigate to 'https://assist2-uat.perkeso.gov.my/c/portal/logout' successfully

2018-12-12 11:03:55 - [TEST_STEP][PASSED] - delay: Delayed 2 second(s)

2018-12-12 11:03:57 - [MESSAGE][PASSED] - Delayed 2 second(s)

2018-12-12 11:03:57 - [TEST_STEP][PASSED] - callTestCase: Call Test Case 'Test Cases/Final Aug 2018 - PKS Automation/Registration Module/Workflow/Login and Search Case For Workflow' successfully

2018-12-12 11:03:57 - [TEST_CASE][PASSED] - Test Cases/Final Aug 2018 - PKS Automation/Registration Module/Workflow/Login and Search Case For Workflow: Test Cases/Final Aug 2018 - PKS Automation/Registration Module/Workflow/Login and Search Case For Workflow

2018-12-12 11:03:57 - [TEST_STEP][PASSED] - navigateToUrl: Navigate to 'https://assist2-uat.perkeso.gov.my/login' successfully

2018-12-12 11:03:57 - [MESSAGE][PASSED] - Navigate to 'https://assist2-uat.perkeso.gov.my/login' successfully

2018-12-12 11:03:57 - [TEST_STEP][PASSED] - setText: Text 'johoruo1@gmail.com' is set on object 'Object Repository/Final Object Repo/Login Page/Internal User/Email Address'

2018-12-12 11:03:58 - [MESSAGE][PASSED] - Text 'johoruo1@gmail.com' is set on object 'Object Repository/Final Object Repo/Login Page/Internal User/Email Address'

2018-12-12 11:03:58 - [TEST_STEP][PASSED] - click: Object: 'Object Repository/Final Object Repo/Login Page/Internal User/Next Button' is clicked on

2018-12-12 11:03:58 - [MESSAGE][PASSED] - Object: 'Object Repository/Final Object Repo/Login Page/Internal User/Next Button' is clicked on

2018-12-12 11:03:58 - [TEST_STEP][PASSED] - delay: Delayed 1 second(s)

2018-12-12 11:03:59 - [MESSAGE][PASSED] - Delayed 1 second(s)

2018-12-12 11:03:59 - [TEST_STEP][PASSED] - setEncryptedText: Text ****** has been set on object 'Object Repository/Final Object Repo/Login Page/Internal User/Password'

2018-12-12 11:03:59 - [MESSAGE][PASSED] - Text ****** has been set on object 'Object Repository/Final Object Repo/Login Page/Internal User/Password'

2018-12-12 11:03:59 - [TEST_STEP][PASSED] - click: Object: 'Object Repository/Final Object Repo/Login Page/Internal User/Login Button' is clicked on

2018-12-12 11:03:59 - [MESSAGE][PASSED] - Object: 'Object Repository/Final Object Repo/Login Page/Internal User/Login Button' is clicked on

2018-12-12 11:03:59 - [TEST_STEP][PASSED] - delay: Delayed 2 second(s)

2018-12-12 11:04:01 - [MESSAGE][PASSED] - Delayed 2 second(s)

2018-12-12 11:04:01 - [TEST_STEP][PASSED] - Statement - Try: Delayed 2 second(s)

2018-12-12 11:04:01 - [TEST_STEP][PASSED] - Statement - Checker = false: null

2018-12-12 11:04:01 - [TEST_STEP][PASSED] - Statement - Checker = com.kms.katalon.core.webui.keyword.WebUiBuiltInKeywords.verifyElementHasAttribute(com.kms.katalon.core.testobject.ObjectRepository.findTestObject(Final Object Repo/Landing Page/BM Detecting), "href", 20, OPTIONAL): Object 'Object Repository/Final Object Repo/Landing Page/BM Detecting' has attribute 'href'

2018-12-12 11:04:01 - [MESSAGE][PASSED] - Object 'Object Repository/Final Object Repo/Landing Page/BM Detecting' has attribute 'href'

2018-12-12 11:04:01 - [TEST_STEP][PASSED] - Statement - out.println(Checker): null

2018-12-12 11:04:01 - [TEST_STEP][PASSED] - Statement - If (Checker == false): null

2018-12-12 11:04:01 - [TEST_STEP][PASSED] - Statement - Else: null

2018-12-12 11:04:01 - [TEST_STEP][PASSED] - delay: Delayed 2 second(s)

2018-12-12 11:04:03 - [MESSAGE][PASSED] - Delayed 2 second(s)

2018-12-12 11:04:03 - [TEST_STEP][PASSED] - click: Object: 'Object Repository/Final Object Repo/Page_MyASSIST - ASSIST - Search Pending Case For Add Supporting Document/Search Information' is clicked on

2018-12-12 11:04:04 - [MESSAGE][PASSED] - Object: 'Object Repository/Final Object Repo/Page_MyASSIST - ASSIST - Search Pending Case For Add Supporting Document/Search Information' is clicked on

2018-12-12 11:04:04 - [TEST_STEP][PASSED] - delay: Delayed 3 second(s)

2018-12-12 11:04:07 - [MESSAGE][PASSED] - Delayed 3 second(s)

2018-12-12 11:04:07 - [TEST_STEP][PASSED] - sendKeys: Keys 'CUN122018C100005987' sent to object: 'Object Repository/Final Object Repo/Page_MyASSIST - ASSIST - Search Pending Case For Add Supporting Document/Reference No'

2018-12-12 11:04:07 - [MESSAGE][PASSED] - Keys 'CUN122018C100005987' sent to object: 'Object Repository/Final Object Repo/Page_MyASSIST - ASSIST - Search Pending Case For Add Supporting Document/Reference No'

2018-12-12 11:04:07 - [TEST_STEP][PASSED] - click: Object: 'Object Repository/Final Object Repo/Page_MyASSIST - ASSIST - Search Pending Case For Add Supporting Document/Search Reference No' is clicked on

2018-12-12 11:04:07 - [MESSAGE][PASSED] - Object: 'Object Repository/Final Object Repo/Page_MyASSIST - ASSIST - Search Pending Case For Add Supporting Document/Search Reference No' is clicked on

2018-12-12 11:04:07 - [TEST_STEP][PASSED] - delay: Delayed 2 second(s)

2018-12-12 11:04:09 - [MESSAGE][PASSED] - Delayed 2 second(s)

2018-12-12 11:04:09 - [TEST_STEP][PASSED] - click: Object: 'Object Repository/Final Object Repo/Page_MyASSIST - ASSIST - Search Pending Case For Add Supporting Document/Continue' is clicked on

2018-12-12 11:04:13 - [MESSAGE][PASSED] - Object: 'Object Repository/Final Object Repo/Page_MyASSIST - ASSIST - Search Pending Case For Add Supporting Document/Continue' is clicked on

2018-12-12 11:04:13 - [TEST_STEP][PASSED] - delay: Delayed 20 second(s)

2018-12-12 11:04:33 - [MESSAGE][PASSED] - Delayed 20 second(s)

2018-12-12 11:04:33 - [MESSAGE][PASSED] - Call Test Case 'Test Cases/Final Aug 2018 - PKS Automation/Registration Module/Workflow/Login and Search Case For Workflow' successfully

2018-12-12 11:04:33 - [TEST_STEP][PASSED] - click: Object: 'Object Repository/Final Object Repo/Page_Update Employee Information By Employee/Page_Update Employee Information By Employee (Approve)/Continue' is clicked on

2018-12-12 11:04:36 - [MESSAGE][PASSED] - Object: 'Object Repository/Final Object Repo/Page_Update Employee Information By Employee/Page_Update Employee Information By Employee (Approve)/Continue' is clicked on

2018-12-12 11:04:36 - [TEST_STEP][PASSED] - delay: Delayed 2 second(s)

2018-12-12 11:04:38 - [MESSAGE][PASSED] - Delayed 2 second(s)

2018-12-12 11:04:38 - [TEST_STEP][PASSED] - click: Object: 'Object Repository/Final Object Repo/Page_Update Employee Information By Employee/Page_Update Employee Information By Employee (Approve)/Save  Continue in Update Employee Information Page' is clicked on

2018-12-12 11:04:39 - [MESSAGE][PASSED] - Object: 'Object Repository/Final Object Repo/Page_Update Employee Information By Employee/Page_Update Employee Information By Employee (Approve)/Save  Continue in Update Employee Information Page' is clicked on

2018-12-12 11:04:39 - [TEST_STEP][PASSED] - delay: Delayed 2 second(s)

2018-12-12 11:04:41 - [MESSAGE][PASSED] - Delayed 2 second(s)

2018-12-12 11:04:41 - [TEST_STEP][PASSED] - click: Object: 'Object Repository/Final Object Repo/Page_Update Employee Information By Employee/Page_Update Employee Information By Employee (Approve)/Save  Continue in Upload Supporting Doucument Page' is clicked on

2018-12-12 11:04:42 - [MESSAGE][PASSED] - Object: 'Object Repository/Final Object Repo/Page_Update Employee Information By Employee/Page_Update Employee Information By Employee (Approve)/Save  Continue in Upload Supporting Doucument Page' is clicked on

2018-12-12 11:04:42 - [TEST_STEP][PASSED] - delay: Delayed 2 second(s)

2018-12-12 11:04:44 - [MESSAGE][PASSED] - Delayed 2 second(s)

2018-12-12 11:04:44 - [TEST_STEP][PASSED] - click: Object: 'Object Repository/Final Object Repo/Page_Update Employee Information By Employee/Page_Update Employee Information By Employee (Approve)/Approve' is clicked on

2018-12-12 11:04:45 - [MESSAGE][PASSED] - Object: 'Object Repository/Final Object Repo/Page_Update Employee Information By Employee/Page_Update Employee Information By Employee (Approve)/Approve' is clicked on

2018-12-12 11:04:45 - [TEST_STEP][PASSED] - delay: Delayed 2 second(s)

2018-12-12 11:04:47 - [MESSAGE][PASSED] - Delayed 2 second(s)

2018-12-12 11:04:47 - [TEST_STEP][PASSED] - click: Object: 'Object Repository/Final Object Repo/Page_Update Employee Information By Employee/Page_Update Employee Information By Employee (Approve)/Confirm' is clicked on

2018-12-12 11:04:47 - [MESSAGE][PASSED] - Object: 'Object Repository/Final Object Repo/Page_Update Employee Information By Employee/Page_Update Employee Information By Employee (Approve)/Confirm' is clicked on

2018-12-12 11:04:47 - [TEST_STEP][PASSED] - delay: Delayed 2 second(s)

2018-12-12 11:04:49 - [MESSAGE][PASSED] - Delayed 2 second(s)

2018-12-12 11:04:49 - [TEST_STEP][PASSED] - click: Object: 'Object Repository/Final Object Repo/Page_Update Employee Information By Employee/Page_Update Employee Information By Employee (Approve)/Message Your Request    Update Emp' is clicked on

2018-12-12 11:04:55 - [MESSAGE][PASSED] - Object: 'Object Repository/Final Object Repo/Page_Update Employee Information By Employee/Page_Update Employee Information By Employee (Approve)/Message Your Request    Update Emp' is clicked on

2018-12-12 11:04:55 - [TEST_STEP][PASSED] - click: Object: 'Object Repository/Final Object Repo/Page_Update Employee Information By Employee/Page_Update Employee Information By Employee (Approve)/Letter of successful update' is clicked on

2018-12-12 11:04:56 - [MESSAGE][PASSED] - Object: 'Object Repository/Final Object Repo/Page_Update Employee Information By Employee/Page_Update Employee Information By Employee (Approve)/Letter of successful update' is clicked on

2018-12-12 11:04:56 - [MESSAGE][PASSED] - Call Test Case 'Test Cases/Final Aug 2018 - PKS Automation/Registration Module/Workflow/Update Employee Information (Employee)/Template/Update Employee Information - Special Case - UO (Approve)' successfully]]></system-out>
         <system-err><![CDATA[]]></system-err>
      </testcase>
      <testcase name="Test Cases/Final Aug 2018 - PKS Automation/Registration Module/Workflow/Update Employee Information (Employee)/PAU to UO (Query)" classname="Test Cases/Final Aug 2018 - PKS Automation/Registration Module/Workflow/Update Employee Information (Employee)/PAU to UO (Query)" status="PASSED">
         <system-out><![CDATA[2018-12-12 11:04:56 - [TEST_CASE][PASSED] - Test Cases/Final Aug 2018 - PKS Automation/Registration Module/Workflow/Update Employee Information (Employee)/PAU to UO (Query): Test Cases/Final Aug 2018 - PKS Automation/Registration Module/Workflow/Update Employee Information (Employee)/PAU to UO (Query)

2018-12-12 11:04:56 - [TEST_STEP][PASSED] - callTestCase: Call Test Case 'Test Cases/Final Aug 2018 - PKS Automation/Registration Module/Workflow/Update Employee Information (Employee)/Template/Update Employee Information - Special Case (PAU)' successfully

2018-12-12 11:04:56 - [TEST_CASE][PASSED] - Test Cases/Final Aug 2018 - PKS Automation/Registration Module/Workflow/Update Employee Information (Employee)/Template/Update Employee Information - Special Case (PAU): Test Cases/Final Aug 2018 - PKS Automation/Registration Module/Workflow/Update Employee Information (Employee)/Template/Update Employee Information - Special Case (PAU)

2018-12-12 11:04:56 - [TEST_STEP][PASSED] - openBrowser: Browser is opened with url: ''

2018-12-12 11:04:56 - [MESSAGE][WARNING] - A browser is already opened. Closing browser and opening a new one

2018-12-12 11:05:05 - [MESSAGE][PASSED] - Browser is opened with url: ''

2018-12-12 11:05:05 - [TEST_STEP][PASSED] - navigateToUrl: Navigate to 'https://assist2-uat.perkeso.gov.my/login' successfully

2018-12-12 11:05:06 - [MESSAGE][PASSED] - Navigate to 'https://assist2-uat.perkeso.gov.my/login' successfully

2018-12-12 11:05:06 - [TEST_STEP][PASSED] - setText: Text 'johorpau1@gmail.com' is set on object 'Object Repository/Final Object Repo/Login Page/Internal User/Email Address'

2018-12-12 11:05:07 - [MESSAGE][PASSED] - Text 'johorpau1@gmail.com' is set on object 'Object Repository/Final Object Repo/Login Page/Internal User/Email Address'

2018-12-12 11:05:07 - [TEST_STEP][PASSED] - click: Object: 'Object Repository/Final Object Repo/Login Page/Internal User/Next Button' is clicked on

2018-12-12 11:05:07 - [MESSAGE][PASSED] - Object: 'Object Repository/Final Object Repo/Login Page/Internal User/Next Button' is clicked on

2018-12-12 11:05:07 - [TEST_STEP][PASSED] - delay: Delayed 1 second(s)

2018-12-12 11:05:08 - [MESSAGE][PASSED] - Delayed 1 second(s)

2018-12-12 11:05:08 - [TEST_STEP][PASSED] - setEncryptedText: Text ****** has been set on object 'Object Repository/Final Object Repo/Login Page/Internal User/Password'

2018-12-12 11:05:10 - [MESSAGE][PASSED] - Text ****** has been set on object 'Object Repository/Final Object Repo/Login Page/Internal User/Password'

2018-12-12 11:05:10 - [TEST_STEP][PASSED] - click: Object: 'Object Repository/Final Object Repo/Login Page/Internal User/Login Button' is clicked on

2018-12-12 11:05:10 - [MESSAGE][PASSED] - Object: 'Object Repository/Final Object Repo/Login Page/Internal User/Login Button' is clicked on

2018-12-12 11:05:10 - [TEST_STEP][PASSED] - Statement - tester = com.kms.katalon.core.testobject.ObjectRepository.findTestObject(Final Object Repo/Landing Page/Select to English): Finding Test Object with id 'Object Repository/Final Object Repo/Landing Page/Select to English'

2018-12-12 11:05:10 - [TEST_STEP][PASSED] - Statement - Try: Delayed 2 second(s)

2018-12-12 11:05:10 - [TEST_STEP][PASSED] - Statement - Checker = com.kms.katalon.core.webui.keyword.WebUiBuiltInKeywords.verifyElementNotPresent(tester, 3): Web element with id: 'Object Repository/Final Object Repo/Landing Page/Select to English' located by 'By.xpath: //a[@class = 'taglib-language-list-text' and @lang = 'en-US' and (contains(text(), 'EN') or contains(., 'EN'))]' is not present after '3' second(s)

2018-12-12 11:05:15 - [MESSAGE][PASSED] - Web element with id: 'Object Repository/Final Object Repo/Landing Page/Select to English' located by 'By.xpath: //a[@class = 'taglib-language-list-text' and @lang = 'en-US' and (contains(text(), 'EN') or contains(., 'EN'))]' is not present after '3' second(s)

2018-12-12 11:05:15 - [TEST_STEP][PASSED] - Statement - If (Checker == false): null

2018-12-12 11:05:15 - [TEST_STEP][PASSED] - delay: Delayed 2 second(s)

2018-12-12 11:05:17 - [MESSAGE][PASSED] - Delayed 2 second(s)

2018-12-12 11:05:17 - [TEST_STEP][PASSED] - delay: Delayed 5 second(s)

2018-12-12 11:05:22 - [MESSAGE][PASSED] - Delayed 5 second(s)

2018-12-12 11:05:22 - [TEST_STEP][PASSED] - navigateToUrl: Navigate to 'https://assist2-uat.perkeso.gov.my/web/registration/update/update-employee-information-employee-' successfully

2018-12-12 11:05:23 - [MESSAGE][PASSED] - Navigate to 'https://assist2-uat.perkeso.gov.my/web/registration/update/update-employee-information-employee-' successfully

2018-12-12 11:05:23 - [TEST_STEP][PASSED] - click: Object: 'Object Repository/Final Object Repo/Page_Update Employee Information By Employee/Type of Identification' is clicked on

2018-12-12 11:05:23 - [MESSAGE][PASSED] - Object: 'Object Repository/Final Object Repo/Page_Update Employee Information By Employee/Type of Identification' is clicked on

2018-12-12 11:05:23 - [TEST_STEP][PASSED] - click: Object: 'Object Repository/Final Object Repo/Page Update Employee Information By Employee/Type of Identification - Name' is clicked on

2018-12-12 11:05:23 - [MESSAGE][PASSED] - Object: 'Object Repository/Final Object Repo/Page Update Employee Information By Employee/Type of Identification - Name' is clicked on

2018-12-12 11:05:23 - [TEST_STEP][PASSED] - setText: Text 'YUKI JR B' is set on object 'Object Repository/Final Object Repo/Page_Update Employee Information By Employee/New Identification'

2018-12-12 11:05:23 - [MESSAGE][PASSED] - Text 'YUKI JR B' is set on object 'Object Repository/Final Object Repo/Page_Update Employee Information By Employee/New Identification'

2018-12-12 11:05:23 - [TEST_STEP][PASSED] - click: Object: 'Object Repository/Final Object Repo/Page_Update Employee Information By Employee/Search Button' is clicked on

2018-12-12 11:05:24 - [MESSAGE][PASSED] - Object: 'Object Repository/Final Object Repo/Page_Update Employee Information By Employee/Search Button' is clicked on

2018-12-12 11:05:24 - [TEST_STEP][PASSED] - click: Object: 'Object Repository/Final Object Repo/Page_Update Employee Information By Employee/Edit Button' is clicked on

2018-12-12 11:05:27 - [MESSAGE][PASSED] - Object: 'Object Repository/Final Object Repo/Page_Update Employee Information By Employee/Edit Button' is clicked on

2018-12-12 11:05:27 - [TEST_STEP][PASSED] - delay: Delayed 2 second(s)

2018-12-12 11:05:29 - [MESSAGE][PASSED] - Delayed 2 second(s)

2018-12-12 11:05:29 - [TEST_STEP][PASSED] - click: Object: 'Object Repository/Final Object Repo/Page_Update Employee Information By Employee/Employee Information Edit Button' is clicked on

2018-12-12 11:05:30 - [MESSAGE][PASSED] - Object: 'Object Repository/Final Object Repo/Page_Update Employee Information By Employee/Employee Information Edit Button' is clicked on

2018-12-12 11:05:30 - [TEST_STEP][PASSED] - delay: Delayed 2 second(s)

2018-12-12 11:05:32 - [MESSAGE][PASSED] - Delayed 2 second(s)

2018-12-12 11:05:32 - [TEST_STEP][PASSED] - click: Object: 'Object Repository/Final Object Repo/Page_Update Employee Information By Employee/New Identification Number' is clicked on

2018-12-12 11:05:32 - [MESSAGE][PASSED] - Object: 'Object Repository/Final Object Repo/Page_Update Employee Information By Employee/New Identification Number' is clicked on

2018-12-12 11:05:32 - [TEST_STEP][PASSED] - setText: Text '' is set on object 'Object Repository/Final Object Repo/Page_Update Employee Information By Employee/New Identification Number'

2018-12-12 11:05:32 - [MESSAGE][PASSED] - Text '' is set on object 'Object Repository/Final Object Repo/Page_Update Employee Information By Employee/New Identification Number'

2018-12-12 11:05:32 - [TEST_STEP][PASSED] - Statement - rnd = new java.util.Random(): null

2018-12-12 11:05:32 - [TEST_STEP][PASSED] - Statement - snum = rnd.nextInt(899999 + 1) + 100000: null

2018-12-12 11:05:32 - [TEST_STEP][PASSED] - Statement - tnum = rnd.nextInt(899999 + 1) + 100000: null

2018-12-12 11:05:32 - [TEST_STEP][PASSED] - Statement - IC = java.lang.Integer.toString(snum) + java.lang.Integer.toString(tnum): null

2018-12-12 11:05:32 - [TEST_STEP][PASSED] - Statement - out.println(IC): null

2018-12-12 11:05:32 - [TEST_STEP][PASSED] - setText: Text '949792170651' is set on object 'Object Repository/Final Object Repo/Page_Update Employee Information By Employee/New Identification Number'

2018-12-12 11:05:32 - [MESSAGE][PASSED] - Text '949792170651' is set on object 'Object Repository/Final Object Repo/Page_Update Employee Information By Employee/New Identification Number'

2018-12-12 11:05:32 - [TEST_STEP][PASSED] - delay: Delayed 2 second(s)

2018-12-12 11:05:34 - [MESSAGE][PASSED] - Delayed 2 second(s)

2018-12-12 11:05:34 - [TEST_STEP][PASSED] - click: Object: 'Object Repository/Final Object Repo/Page_Update Employee Information By Employee/Save' is clicked on

2018-12-12 11:05:35 - [MESSAGE][PASSED] - Object: 'Object Repository/Final Object Repo/Page_Update Employee Information By Employee/Save' is clicked on

2018-12-12 11:05:35 - [TEST_STEP][PASSED] - delay: Delayed 10 second(s)

2018-12-12 11:05:45 - [MESSAGE][PASSED] - Delayed 10 second(s)

2018-12-12 11:05:45 - [TEST_STEP][PASSED] - click: Object: 'Object Repository/Final Object Repo/Page_Update Employee Information By Employee/Save  Continue in Update Employee Information' is clicked on

2018-12-12 11:05:45 - [MESSAGE][PASSED] - Object: 'Object Repository/Final Object Repo/Page_Update Employee Information By Employee/Save  Continue in Update Employee Information' is clicked on

2018-12-12 11:05:45 - [TEST_STEP][PASSED] - delay: Delayed 2 second(s)

2018-12-12 11:05:47 - [MESSAGE][PASSED] - Delayed 2 second(s)

2018-12-12 11:05:47 - [TEST_STEP][PASSED] - click: Object: 'Object Repository/Final Object Repo/Page_Update Employee Information By Employee/Save  Continue in Uploading Page' is clicked on

2018-12-12 11:05:48 - [MESSAGE][PASSED] - Object: 'Object Repository/Final Object Repo/Page_Update Employee Information By Employee/Save  Continue in Uploading Page' is clicked on

2018-12-12 11:05:48 - [TEST_STEP][PASSED] - delay: Delayed 2 second(s)

2018-12-12 11:05:50 - [MESSAGE][PASSED] - Delayed 2 second(s)

2018-12-12 11:05:50 - [TEST_STEP][PASSED] - Statement - CaseReferenceNo = com.kms.katalon.core.webui.keyword.WebUiBuiltInKeywords.getText(com.kms.katalon.core.testobject.ObjectRepository.findTestObject(Final Object Repo/Page_Update Employer Information/Reference Number in Update Employee Information Page)): Text of object 'Object Repository/Final Object Repo/Page_Update Employer Information/Reference Number in Update Employee Information Page' is: 'CUN122018C100005988'

2018-12-12 11:05:51 - [MESSAGE][PASSED] - Text of object 'Object Repository/Final Object Repo/Page_Update Employer Information/Reference Number in Update Employee Information Page' is: 'CUN122018C100005988'

2018-12-12 11:05:51 - [TEST_STEP][PASSED] - callTestCase: Call Test Case 'Test Cases/Final Aug 2018 - PKS Automation/Common/Reference Number Setter' successfully

2018-12-12 11:05:51 - [TEST_CASE][PASSED] - Test Cases/Final Aug 2018 - PKS Automation/Common/Reference Number Setter: Test Cases/Final Aug 2018 - PKS Automation/Common/Reference Number Setter

2018-12-12 11:05:51 - [TEST_STEP][PASSED] - Statement - RefNoOldFile = new java.io.File(C://Users//Admin//Desktop//PKS//Automation Reference Point//KatalonReference.txt): null

2018-12-12 11:05:51 - [TEST_STEP][PASSED] - Statement - RefNoOldFile.delete(): null

2018-12-12 11:05:51 - [TEST_STEP][PASSED] - delay: Delayed 5 second(s)

2018-12-12 11:05:56 - [MESSAGE][PASSED] - Delayed 5 second(s)

2018-12-12 11:05:56 - [TEST_STEP][PASSED] - Statement - RefNo = new java.io.File(C://Users//Admin//Desktop//PKS//Automation Reference Point//KatalonReference.txt): null

2018-12-12 11:05:56 - [TEST_STEP][PASSED] - Statement - f2 = new java.io.FileWriter(RefNo, false): null

2018-12-12 11:05:56 - [TEST_STEP][PASSED] - Statement - f2.write(CaseReferenceNo): null

2018-12-12 11:05:56 - [TEST_STEP][PASSED] - Statement - f2.close(): null

2018-12-12 11:05:56 - [TEST_STEP][PASSED] - Statement - out.println("


" + CaseReferenceNo + "


"): null

2018-12-12 11:05:56 - [MESSAGE][PASSED] - Call Test Case 'Test Cases/Final Aug 2018 - PKS Automation/Common/Reference Number Setter' successfully

2018-12-12 11:05:56 - [TEST_STEP][PASSED] - delay: Delayed 2 second(s)

2018-12-12 11:05:58 - [MESSAGE][PASSED] - Delayed 2 second(s)

2018-12-12 11:05:58 - [TEST_STEP][PASSED] - click: Object: 'Object Repository/Final Object Repo/Page_Update Employee Information By Employee/Submit' is clicked on

2018-12-12 11:05:59 - [MESSAGE][PASSED] - Object: 'Object Repository/Final Object Repo/Page_Update Employee Information By Employee/Submit' is clicked on

2018-12-12 11:05:59 - [TEST_STEP][PASSED] - delay: Delayed 2 second(s)

2018-12-12 11:06:01 - [MESSAGE][PASSED] - Delayed 2 second(s)

2018-12-12 11:06:01 - [TEST_STEP][PASSED] - click: Object: 'Object Repository/Final Object Repo/Page_Update Employee Information By Employee/Confirm Button' is clicked on

2018-12-12 11:06:01 - [MESSAGE][PASSED] - Object: 'Object Repository/Final Object Repo/Page_Update Employee Information By Employee/Confirm Button' is clicked on

2018-12-12 11:06:01 - [TEST_STEP][PASSED] - delay: Delayed 2 second(s)

2018-12-12 11:06:03 - [MESSAGE][PASSED] - Delayed 2 second(s)

2018-12-12 11:06:03 - [TEST_STEP][PASSED] - click: Object: 'Object Repository/Final Object Repo/Page_Update Employee Information By Employee/Successful Message Routed to UO' is clicked on

2018-12-12 11:06:04 - [MESSAGE][PASSED] - Object: 'Object Repository/Final Object Repo/Page_Update Employee Information By Employee/Successful Message Routed to UO' is clicked on

2018-12-12 11:06:04 - [MESSAGE][PASSED] - Call Test Case 'Test Cases/Final Aug 2018 - PKS Automation/Registration Module/Workflow/Update Employee Information (Employee)/Template/Update Employee Information - Special Case (PAU)' successfully

2018-12-12 11:06:04 - [TEST_STEP][PASSED] - callTestCase: Call Test Case 'Test Cases/Final Aug 2018 - PKS Automation/Registration Module/Workflow/Update Employee Information (Employee)/Template/Update Employee Information - Special Case - UO (Query)' successfully

2018-12-12 11:06:04 - [TEST_CASE][PASSED] - Test Cases/Final Aug 2018 - PKS Automation/Registration Module/Workflow/Update Employee Information (Employee)/Template/Update Employee Information - Special Case - UO (Query): Test Cases/Final Aug 2018 - PKS Automation/Registration Module/Workflow/Update Employee Information (Employee)/Template/Update Employee Information - Special Case - UO (Query)

2018-12-12 11:06:04 - [TEST_STEP][NOT_RUN] - callTestCase: NOT_RUN: callTestCase

2018-12-12 11:06:04 - [MESSAGE][NOT_RUN] - NOT_RUN: callTestCase

2018-12-12 11:06:04 - [TEST_STEP][PASSED] - delay: Delayed 2 second(s)

2018-12-12 11:06:06 - [MESSAGE][PASSED] - Delayed 2 second(s)

2018-12-12 11:06:06 - [TEST_STEP][PASSED] - navigateToUrl: Navigate to 'https://assist2-uat.perkeso.gov.my/c/portal/logout' successfully

2018-12-12 11:06:07 - [MESSAGE][PASSED] - Navigate to 'https://assist2-uat.perkeso.gov.my/c/portal/logout' successfully

2018-12-12 11:06:07 - [TEST_STEP][PASSED] - delay: Delayed 2 second(s)

2018-12-12 11:06:09 - [MESSAGE][PASSED] - Delayed 2 second(s)

2018-12-12 11:06:09 - [TEST_STEP][PASSED] - callTestCase: Call Test Case 'Test Cases/Final Aug 2018 - PKS Automation/Common/Reference Number Getter' successfully

2018-12-12 11:06:09 - [TEST_CASE][PASSED] - Test Cases/Final Aug 2018 - PKS Automation/Common/Reference Number Getter: Test Cases/Final Aug 2018 - PKS Automation/Common/Reference Number Getter

2018-12-12 11:06:09 - [TEST_STEP][PASSED] - Statement - Try: null

2018-12-12 11:06:09 - [TEST_STEP][PASSED] - Statement - RefNo = new java.io.File(C://Users//Admin//Desktop//PKS//Automation Reference Point//KatalonReference.txt): null

2018-12-12 11:06:09 - [TEST_STEP][PASSED] - Statement - bufferread = new java.io.BufferedReader(new java.io.FileReader(RefNo)): null

2018-12-12 11:06:09 - [TEST_STEP][PASSED] - Statement - readedVal = bufferread.readLine(): null

2018-12-12 11:06:09 - [TEST_STEP][PASSED] - Statement - out.println(CaseReferenceNo): null

2018-12-12 11:06:09 - [TEST_STEP][PASSED] - Statement - out.println(readedVal): null

2018-12-12 11:06:09 - [TEST_STEP][PASSED] - Statement - CaseReferenceNo = "": null

2018-12-12 11:06:09 - [TEST_STEP][PASSED] - Statement - CaseReferenceNo = readedVal: null

2018-12-12 11:06:09 - [MESSAGE][PASSED] - Call Test Case 'Test Cases/Final Aug 2018 - PKS Automation/Common/Reference Number Getter' successfully

2018-12-12 11:06:09 - [TEST_STEP][PASSED] - callTestCase: Call Test Case 'Test Cases/Final Aug 2018 - PKS Automation/Common/Workflow Owner Finder' successfully

2018-12-12 11:06:09 - [TEST_CASE][PASSED] - Test Cases/Final Aug 2018 - PKS Automation/Common/Workflow Owner Finder: Test Cases/Final Aug 2018 - PKS Automation/Common/Workflow Owner Finder

2018-12-12 11:06:09 - [TEST_STEP][PASSED] - openBrowser: Browser is opened with url: ''

2018-12-12 11:06:09 - [MESSAGE][WARNING] - A browser is already opened. Closing browser and opening a new one

2018-12-12 11:06:14 - [MESSAGE][PASSED] - Browser is opened with url: ''

2018-12-12 11:06:14 - [TEST_STEP][PASSED] - navigateToUrl: Navigate to 'https://assist2-uat.perkeso.gov.my/login' successfully

2018-12-12 11:06:14 - [MESSAGE][PASSED] - Navigate to 'https://assist2-uat.perkeso.gov.my/login' successfully

2018-12-12 11:06:14 - [TEST_STEP][PASSED] - delay: Delayed 5 second(s)

2018-12-12 11:06:19 - [MESSAGE][PASSED] - Delayed 5 second(s)

2018-12-12 11:06:19 - [TEST_STEP][PASSED] - setText: Text 'test@liferay.com' is set on object 'Object Repository/Final Object Repo/Login Page/Internal User/Email Address'

2018-12-12 11:06:20 - [MESSAGE][PASSED] - Text 'test@liferay.com' is set on object 'Object Repository/Final Object Repo/Login Page/Internal User/Email Address'

2018-12-12 11:06:20 - [TEST_STEP][PASSED] - click: Object: 'Object Repository/Final Object Repo/Login Page/Internal User/Next Button' is clicked on

2018-12-12 11:06:20 - [MESSAGE][PASSED] - Object: 'Object Repository/Final Object Repo/Login Page/Internal User/Next Button' is clicked on

2018-12-12 11:06:20 - [TEST_STEP][PASSED] - delay: Delayed 2 second(s)

2018-12-12 11:06:22 - [MESSAGE][PASSED] - Delayed 2 second(s)

2018-12-12 11:06:22 - [TEST_STEP][PASSED] - setText: Text 'test' is set on object 'Object Repository/Final Object Repo/Login Page/Internal User/Password'

2018-12-12 11:06:22 - [MESSAGE][PASSED] - Text 'test' is set on object 'Object Repository/Final Object Repo/Login Page/Internal User/Password'

2018-12-12 11:06:22 - [TEST_STEP][PASSED] - delay: Delayed 2 second(s)

2018-12-12 11:06:24 - [MESSAGE][PASSED] - Delayed 2 second(s)

2018-12-12 11:06:24 - [TEST_STEP][PASSED] - click: Object: 'Object Repository/Final Object Repo/Login Page/Internal User/Login Button' is clicked on

2018-12-12 11:06:24 - [MESSAGE][PASSED] - Object: 'Object Repository/Final Object Repo/Login Page/Internal User/Login Button' is clicked on

2018-12-12 11:06:24 - [TEST_STEP][PASSED] - Statement - tester = com.kms.katalon.core.testobject.ObjectRepository.findTestObject(Final Object Repo/Landing Page/Select to English): Finding Test Object with id 'Object Repository/Final Object Repo/Landing Page/Select to English'

2018-12-12 11:06:24 - [TEST_STEP][PASSED] - Statement - Try: Delayed 2 second(s)

2018-12-12 11:06:24 - [TEST_STEP][PASSED] - Statement - Checker = com.kms.katalon.core.webui.keyword.WebUiBuiltInKeywords.verifyElementNotPresent(tester, 3): Web element with id: 'Object Repository/Final Object Repo/Landing Page/Select to English' located by 'By.xpath: //a[@class = 'taglib-language-list-text' and @lang = 'en-US' and (contains(text(), 'EN') or contains(., 'EN'))]' is not present after '3' second(s)

2018-12-12 11:06:26 - [MESSAGE][PASSED] - Web element with id: 'Object Repository/Final Object Repo/Landing Page/Select to English' located by 'By.xpath: //a[@class = 'taglib-language-list-text' and @lang = 'en-US' and (contains(text(), 'EN') or contains(., 'EN'))]' is not present after '3' second(s)

2018-12-12 11:06:26 - [TEST_STEP][PASSED] - Statement - If (Checker == false): null

2018-12-12 11:06:26 - [TEST_STEP][PASSED] - delay: Delayed 2 second(s)

2018-12-12 11:06:28 - [MESSAGE][PASSED] - Delayed 2 second(s)

2018-12-12 11:06:28 - [TEST_STEP][PASSED] - delay: Delayed 5 second(s)

2018-12-12 11:06:33 - [MESSAGE][PASSED] - Delayed 5 second(s)

2018-12-12 11:06:33 - [TEST_STEP][PASSED] - mouseOver: Object: 'Object Repository/Final Object Repo/Landing Page/WorkFlow Menu' is hovered

2018-12-12 11:06:33 - [MESSAGE][PASSED] - Object: 'Object Repository/Final Object Repo/Landing Page/WorkFlow Menu' is hovered

2018-12-12 11:06:33 - [TEST_STEP][PASSED] - delay: Delayed 2 second(s)

2018-12-12 11:06:35 - [MESSAGE][PASSED] - Delayed 2 second(s)

2018-12-12 11:06:35 - [TEST_STEP][PASSED] - click: Object: 'Object Repository/Final Object Repo/Landing Page/Select to Workflow Listing' is clicked on

2018-12-12 11:06:37 - [MESSAGE][PASSED] - Object: 'Object Repository/Final Object Repo/Landing Page/Select to Workflow Listing' is clicked on

2018-12-12 11:06:37 - [TEST_STEP][PASSED] - delay: Delayed 2 second(s)

2018-12-12 11:06:39 - [MESSAGE][PASSED] - Delayed 2 second(s)

2018-12-12 11:06:39 - [TEST_STEP][PASSED] - click: Object: 'Object Repository/Final Object Repo/WorkFlow Listing Page/Search Information - To Put Ref No' is clicked on

2018-12-12 11:06:39 - [MESSAGE][PASSED] - Object: 'Object Repository/Final Object Repo/WorkFlow Listing Page/Search Information - To Put Ref No' is clicked on

2018-12-12 11:06:39 - [TEST_STEP][PASSED] - delay: Delayed 2 second(s)

2018-12-12 11:06:41 - [MESSAGE][PASSED] - Delayed 2 second(s)

2018-12-12 11:06:41 - [TEST_STEP][PASSED] - callTestCase: Call Test Case 'Test Cases/Final Aug 2018 - PKS Automation/Common/Reference Number Getter' successfully

2018-12-12 11:06:41 - [TEST_CASE][PASSED] - Test Cases/Final Aug 2018 - PKS Automation/Common/Reference Number Getter: Test Cases/Final Aug 2018 - PKS Automation/Common/Reference Number Getter

2018-12-12 11:06:41 - [TEST_STEP][PASSED] - Statement - Try: null

2018-12-12 11:06:41 - [TEST_STEP][PASSED] - Statement - RefNo = new java.io.File(C://Users//Admin//Desktop//PKS//Automation Reference Point//KatalonReference.txt): null

2018-12-12 11:06:41 - [TEST_STEP][PASSED] - Statement - bufferread = new java.io.BufferedReader(new java.io.FileReader(RefNo)): null

2018-12-12 11:06:41 - [TEST_STEP][PASSED] - Statement - readedVal = bufferread.readLine(): null

2018-12-12 11:06:41 - [TEST_STEP][PASSED] - Statement - out.println(CaseReferenceNo): null

2018-12-12 11:06:41 - [TEST_STEP][PASSED] - Statement - out.println(readedVal): null

2018-12-12 11:06:41 - [TEST_STEP][PASSED] - Statement - CaseReferenceNo = "": null

2018-12-12 11:06:41 - [TEST_STEP][PASSED] - Statement - CaseReferenceNo = readedVal: null

2018-12-12 11:06:41 - [MESSAGE][PASSED] - Call Test Case 'Test Cases/Final Aug 2018 - PKS Automation/Common/Reference Number Getter' successfully

2018-12-12 11:06:41 - [TEST_STEP][PASSED] - setText: Text 'CUN122018C100005988' is set on object 'Object Repository/Final Object Repo/WorkFlow Listing Page/Ref No Set Text'

2018-12-12 11:06:41 - [MESSAGE][PASSED] - Text 'CUN122018C100005988' is set on object 'Object Repository/Final Object Repo/WorkFlow Listing Page/Ref No Set Text'

2018-12-12 11:06:41 - [TEST_STEP][PASSED] - delay: Delayed 2 second(s)

2018-12-12 11:06:43 - [MESSAGE][PASSED] - Delayed 2 second(s)

2018-12-12 11:06:43 - [TEST_STEP][PASSED] - click: Object: 'Object Repository/Final Object Repo/WorkFlow Listing Page/Search Ref No Search Button' is clicked on

2018-12-12 11:06:44 - [MESSAGE][PASSED] - Object: 'Object Repository/Final Object Repo/WorkFlow Listing Page/Search Ref No Search Button' is clicked on

2018-12-12 11:06:44 - [TEST_STEP][PASSED] - delay: Delayed 6 second(s)

2018-12-12 11:06:50 - [MESSAGE][PASSED] - Delayed 6 second(s)

2018-12-12 11:06:50 - [TEST_STEP][PASSED] - click: Object: 'Object Repository/Final Object Repo/WorkFlow Listing Page/Click Continue Tooltip' is clicked on

2018-12-12 11:06:51 - [MESSAGE][PASSED] - Object: 'Object Repository/Final Object Repo/WorkFlow Listing Page/Click Continue Tooltip' is clicked on

2018-12-12 11:06:51 - [TEST_STEP][PASSED] - delay: Delayed 5 second(s)

2018-12-12 11:06:56 - [MESSAGE][PASSED] - Delayed 5 second(s)

2018-12-12 11:06:56 - [TEST_STEP][PASSED] - doubleClick: Object: 'Object Repository/Final Object Repo/WorkFlow Listing Page/Workflow Found - Listing 1' is double clicked on

2018-12-12 11:06:56 - [MESSAGE][PASSED] - Object: 'Object Repository/Final Object Repo/WorkFlow Listing Page/Workflow Found - Listing 1' is double clicked on

2018-12-12 11:06:56 - [TEST_STEP][PASSED] - Statement - println(OwnerID): null

2018-12-12 11:06:56 - [TEST_STEP][PASSED] - Statement - OwnerID = com.kms.katalon.core.webui.keyword.WebUiBuiltInKeywords.getText(com.kms.katalon.core.testobject.ObjectRepository.findTestObject(Final Object Repo/WorkFlow Listing Page/Workflow Found - Listing 1), STOP_ON_FAILURE): Text of object 'Object Repository/Final Object Repo/WorkFlow Listing Page/Workflow Found - Listing 1' is: 'JOHORuo2'

2018-12-12 11:06:56 - [MESSAGE][PASSED] - Text of object 'Object Repository/Final Object Repo/WorkFlow Listing Page/Workflow Found - Listing 1' is: 'JOHORuo2'

2018-12-12 11:06:56 - [TEST_STEP][PASSED] - Statement - OwnerID = OwnerID.toLowerCase() + "@gmail.com": null

2018-12-12 11:06:56 - [TEST_STEP][PASSED] - Statement - println(OwnerID): null

2018-12-12 11:06:56 - [TEST_STEP][PASSED] - delay: Delayed 2 second(s)

2018-12-12 11:06:58 - [MESSAGE][PASSED] - Delayed 2 second(s)

2018-12-12 11:06:58 - [MESSAGE][PASSED] - Call Test Case 'Test Cases/Final Aug 2018 - PKS Automation/Common/Workflow Owner Finder' successfully

2018-12-12 11:06:58 - [TEST_STEP][PASSED] - delay: Delayed 2 second(s)

2018-12-12 11:07:00 - [MESSAGE][PASSED] - Delayed 2 second(s)

2018-12-12 11:07:00 - [TEST_STEP][PASSED] - navigateToUrl: Navigate to 'https://assist2-uat.perkeso.gov.my/c/portal/logout' successfully

2018-12-12 11:07:01 - [MESSAGE][PASSED] - Navigate to 'https://assist2-uat.perkeso.gov.my/c/portal/logout' successfully

2018-12-12 11:07:01 - [TEST_STEP][PASSED] - delay: Delayed 2 second(s)

2018-12-12 11:07:03 - [MESSAGE][PASSED] - Delayed 2 second(s)

2018-12-12 11:07:03 - [TEST_STEP][PASSED] - callTestCase: Call Test Case 'Test Cases/Final Aug 2018 - PKS Automation/Registration Module/Workflow/Login and Search Case For Workflow' successfully

2018-12-12 11:07:03 - [TEST_CASE][PASSED] - Test Cases/Final Aug 2018 - PKS Automation/Registration Module/Workflow/Login and Search Case For Workflow: Test Cases/Final Aug 2018 - PKS Automation/Registration Module/Workflow/Login and Search Case For Workflow

2018-12-12 11:07:03 - [TEST_STEP][PASSED] - navigateToUrl: Navigate to 'https://assist2-uat.perkeso.gov.my/login' successfully

2018-12-12 11:07:03 - [MESSAGE][PASSED] - Navigate to 'https://assist2-uat.perkeso.gov.my/login' successfully

2018-12-12 11:07:03 - [TEST_STEP][PASSED] - setText: Text 'johoruo2@gmail.com' is set on object 'Object Repository/Final Object Repo/Login Page/Internal User/Email Address'

2018-12-12 11:07:04 - [MESSAGE][PASSED] - Text 'johoruo2@gmail.com' is set on object 'Object Repository/Final Object Repo/Login Page/Internal User/Email Address'

2018-12-12 11:07:04 - [TEST_STEP][PASSED] - click: Object: 'Object Repository/Final Object Repo/Login Page/Internal User/Next Button' is clicked on

2018-12-12 11:07:04 - [MESSAGE][PASSED] - Object: 'Object Repository/Final Object Repo/Login Page/Internal User/Next Button' is clicked on

2018-12-12 11:07:04 - [TEST_STEP][PASSED] - delay: Delayed 1 second(s)

2018-12-12 11:07:05 - [MESSAGE][PASSED] - Delayed 1 second(s)

2018-12-12 11:07:05 - [TEST_STEP][PASSED] - setEncryptedText: Text ****** has been set on object 'Object Repository/Final Object Repo/Login Page/Internal User/Password'

2018-12-12 11:07:05 - [MESSAGE][PASSED] - Text ****** has been set on object 'Object Repository/Final Object Repo/Login Page/Internal User/Password'

2018-12-12 11:07:05 - [TEST_STEP][PASSED] - click: Object: 'Object Repository/Final Object Repo/Login Page/Internal User/Login Button' is clicked on

2018-12-12 11:07:05 - [MESSAGE][PASSED] - Object: 'Object Repository/Final Object Repo/Login Page/Internal User/Login Button' is clicked on

2018-12-12 11:07:05 - [TEST_STEP][PASSED] - delay: Delayed 2 second(s)

2018-12-12 11:07:07 - [MESSAGE][PASSED] - Delayed 2 second(s)

2018-12-12 11:07:07 - [TEST_STEP][PASSED] - Statement - Try: Delayed 2 second(s)

2018-12-12 11:07:07 - [TEST_STEP][PASSED] - Statement - Checker = false: null

2018-12-12 11:07:07 - [TEST_STEP][PASSED] - Statement - Checker = com.kms.katalon.core.webui.keyword.WebUiBuiltInKeywords.verifyElementHasAttribute(com.kms.katalon.core.testobject.ObjectRepository.findTestObject(Final Object Repo/Landing Page/BM Detecting), "href", 20, OPTIONAL): Object 'Object Repository/Final Object Repo/Landing Page/BM Detecting' has attribute 'href'

2018-12-12 11:07:07 - [MESSAGE][PASSED] - Object 'Object Repository/Final Object Repo/Landing Page/BM Detecting' has attribute 'href'

2018-12-12 11:07:07 - [TEST_STEP][PASSED] - Statement - out.println(Checker): null

2018-12-12 11:07:07 - [TEST_STEP][PASSED] - Statement - If (Checker == false): null

2018-12-12 11:07:07 - [TEST_STEP][PASSED] - Statement - Else: null

2018-12-12 11:07:07 - [TEST_STEP][PASSED] - delay: Delayed 2 second(s)

2018-12-12 11:07:09 - [MESSAGE][PASSED] - Delayed 2 second(s)

2018-12-12 11:07:09 - [TEST_STEP][PASSED] - click: Object: 'Object Repository/Final Object Repo/Page_MyASSIST - ASSIST - Search Pending Case For Add Supporting Document/Search Information' is clicked on

2018-12-12 11:07:09 - [MESSAGE][PASSED] - Object: 'Object Repository/Final Object Repo/Page_MyASSIST - ASSIST - Search Pending Case For Add Supporting Document/Search Information' is clicked on

2018-12-12 11:07:09 - [TEST_STEP][PASSED] - delay: Delayed 3 second(s)

2018-12-12 11:07:12 - [MESSAGE][PASSED] - Delayed 3 second(s)

2018-12-12 11:07:12 - [TEST_STEP][PASSED] - sendKeys: Keys 'CUN122018C100005988' sent to object: 'Object Repository/Final Object Repo/Page_MyASSIST - ASSIST - Search Pending Case For Add Supporting Document/Reference No'

2018-12-12 11:07:13 - [MESSAGE][PASSED] - Keys 'CUN122018C100005988' sent to object: 'Object Repository/Final Object Repo/Page_MyASSIST - ASSIST - Search Pending Case For Add Supporting Document/Reference No'

2018-12-12 11:07:13 - [TEST_STEP][PASSED] - click: Object: 'Object Repository/Final Object Repo/Page_MyASSIST - ASSIST - Search Pending Case For Add Supporting Document/Search Reference No' is clicked on

2018-12-12 11:07:13 - [MESSAGE][PASSED] - Object: 'Object Repository/Final Object Repo/Page_MyASSIST - ASSIST - Search Pending Case For Add Supporting Document/Search Reference No' is clicked on

2018-12-12 11:07:13 - [TEST_STEP][PASSED] - delay: Delayed 2 second(s)

2018-12-12 11:07:15 - [MESSAGE][PASSED] - Delayed 2 second(s)

2018-12-12 11:07:15 - [TEST_STEP][PASSED] - click: Object: 'Object Repository/Final Object Repo/Page_MyASSIST - ASSIST - Search Pending Case For Add Supporting Document/Continue' is clicked on

2018-12-12 11:07:19 - [MESSAGE][PASSED] - Object: 'Object Repository/Final Object Repo/Page_MyASSIST - ASSIST - Search Pending Case For Add Supporting Document/Continue' is clicked on

2018-12-12 11:07:19 - [TEST_STEP][PASSED] - delay: Delayed 20 second(s)

2018-12-12 11:07:39 - [MESSAGE][PASSED] - Delayed 20 second(s)

2018-12-12 11:07:39 - [MESSAGE][PASSED] - Call Test Case 'Test Cases/Final Aug 2018 - PKS Automation/Registration Module/Workflow/Login and Search Case For Workflow' successfully

2018-12-12 11:07:39 - [TEST_STEP][PASSED] - click: Object: 'Object Repository/Final Object Repo/Page_Update Employee Information By Employee/Page_Update Employee Information By Employee (Approve)/Continue' is clicked on

2018-12-12 11:07:42 - [MESSAGE][PASSED] - Object: 'Object Repository/Final Object Repo/Page_Update Employee Information By Employee/Page_Update Employee Information By Employee (Approve)/Continue' is clicked on

2018-12-12 11:07:42 - [TEST_STEP][PASSED] - delay: Delayed 2 second(s)

2018-12-12 11:07:44 - [MESSAGE][PASSED] - Delayed 2 second(s)

2018-12-12 11:07:44 - [TEST_STEP][PASSED] - click: Object: 'Object Repository/Final Object Repo/Page_Update Employee Information By Employer/Page_Update Employee Information by Employer (Approve)/Save  Continue in Update Employee Information Page' is clicked on

2018-12-12 11:07:44 - [MESSAGE][PASSED] - Object: 'Object Repository/Final Object Repo/Page_Update Employee Information By Employer/Page_Update Employee Information by Employer (Approve)/Save  Continue in Update Employee Information Page' is clicked on

2018-12-12 11:07:44 - [TEST_STEP][PASSED] - delay: Delayed 2 second(s)

2018-12-12 11:07:46 - [MESSAGE][PASSED] - Delayed 2 second(s)

2018-12-12 11:07:46 - [TEST_STEP][PASSED] - setText: Text 'remark' is set on object 'Object Repository/Final Object Repo/Page_Update Employee Information By Employee/Page_Update Employee Information By Employee (Query)/Query - remark'

2018-12-12 11:07:47 - [MESSAGE][PASSED] - Text 'remark' is set on object 'Object Repository/Final Object Repo/Page_Update Employee Information By Employee/Page_Update Employee Information By Employee (Query)/Query - remark'

2018-12-12 11:07:47 - [TEST_STEP][PASSED] - click: Object: 'Object Repository/Final Object Repo/Page_Update Employee Information By Employer/Page_Update Employee Information by Employer (Approve)/Save  Continue in Upload Supporting Doucument Page' is clicked on

2018-12-12 11:07:47 - [MESSAGE][PASSED] - Object: 'Object Repository/Final Object Repo/Page_Update Employee Information By Employer/Page_Update Employee Information by Employer (Approve)/Save  Continue in Upload Supporting Doucument Page' is clicked on

2018-12-12 11:07:47 - [TEST_STEP][PASSED] - delay: Delayed 2 second(s)

2018-12-12 11:07:49 - [MESSAGE][PASSED] - Delayed 2 second(s)

2018-12-12 11:07:49 - [TEST_STEP][PASSED] - click: Object: 'Object Repository/Final Object Repo/Page_Update Employee Information By Employee/Page_Update Employee Information By Employee (Query)/Query' is clicked on

2018-12-12 11:07:51 - [MESSAGE][PASSED] - Object: 'Object Repository/Final Object Repo/Page_Update Employee Information By Employee/Page_Update Employee Information By Employee (Query)/Query' is clicked on

2018-12-12 11:07:51 - [TEST_STEP][PASSED] - delay: Delayed 2 second(s)

2018-12-12 11:07:53 - [MESSAGE][PASSED] - Delayed 2 second(s)

2018-12-12 11:07:53 - [TEST_STEP][PASSED] - click: Object: 'Object Repository/Final Object Repo/Page_Update Employee Information By Employee/Page_Update Employee Information By Employee (Query)/Confirm' is clicked on

2018-12-12 11:07:53 - [MESSAGE][PASSED] - Object: 'Object Repository/Final Object Repo/Page_Update Employee Information By Employee/Page_Update Employee Information By Employee (Query)/Confirm' is clicked on

2018-12-12 11:07:53 - [TEST_STEP][PASSED] - delay: Delayed 2 second(s)

2018-12-12 11:07:55 - [MESSAGE][PASSED] - Delayed 2 second(s)

2018-12-12 11:07:55 - [TEST_STEP][PASSED] - click: Object: 'Object Repository/Final Object Repo/Page_Update Employee Information By Employee/Page_Update Employee Information By Employee (Query)/Message The Case Is Under Query' is clicked on

2018-12-12 11:07:59 - [MESSAGE][PASSED] - Object: 'Object Repository/Final Object Repo/Page_Update Employee Information By Employee/Page_Update Employee Information By Employee (Query)/Message The Case Is Under Query' is clicked on

2018-12-12 11:07:59 - [TEST_STEP][PASSED] - click: Object: 'Object Repository/Final Object Repo/Page_Update Employee Information By Employee/Page_Update Employee Information By Employee (Query)/Letter of inquiry' is clicked on

2018-12-12 11:08:00 - [MESSAGE][PASSED] - Object: 'Object Repository/Final Object Repo/Page_Update Employee Information By Employee/Page_Update Employee Information By Employee (Query)/Letter of inquiry' is clicked on

2018-12-12 11:08:00 - [TEST_STEP][PASSED] - delay: Delayed 1 second(s)

2018-12-12 11:08:01 - [MESSAGE][PASSED] - Delayed 1 second(s)

2018-12-12 11:08:01 - [TEST_STEP][PASSED] - navigateToUrl: Navigate to 'https://assist2-uat.perkeso.gov.my/c/portal/logout' successfully

2018-12-12 11:08:02 - [MESSAGE][PASSED] - Navigate to 'https://assist2-uat.perkeso.gov.my/c/portal/logout' successfully

2018-12-12 11:08:02 - [TEST_STEP][PASSED] - delay: Delayed 1 second(s)

2018-12-12 11:08:03 - [MESSAGE][PASSED] - Delayed 1 second(s)

2018-12-12 11:08:03 - [TEST_STEP][PASSED] - callTestCase: Call Test Case 'Test Cases/Final Aug 2018 - PKS Automation/Registration Module/Workflow/Search Pending Case For Add Supporting Document (OTC)' successfully

2018-12-12 11:08:03 - [TEST_CASE][PASSED] - Test Cases/Final Aug 2018 - PKS Automation/Registration Module/Workflow/Search Pending Case For Add Supporting Document (OTC): Test Cases/Final Aug 2018 - PKS Automation/Registration Module/Workflow/Search Pending Case For Add Supporting Document (OTC)

2018-12-12 11:08:03 - [TEST_STEP][PASSED] - openBrowser: Browser is opened with url: ''

2018-12-12 11:08:03 - [MESSAGE][WARNING] - A browser is already opened. Closing browser and opening a new one

2018-12-12 11:08:07 - [MESSAGE][PASSED] - Browser is opened with url: ''

2018-12-12 11:08:07 - [TEST_STEP][PASSED] - navigateToUrl: Navigate to 'https://assist2-uat.perkeso.gov.my/login' successfully

2018-12-12 11:08:08 - [MESSAGE][PASSED] - Navigate to 'https://assist2-uat.perkeso.gov.my/login' successfully

2018-12-12 11:08:08 - [TEST_STEP][PASSED] - setText: Text 'johorotc1@gmail.com' is set on object 'Object Repository/Final Object Repo/Login Page/Internal User/Email Address'

2018-12-12 11:08:08 - [MESSAGE][PASSED] - Text 'johorotc1@gmail.com' is set on object 'Object Repository/Final Object Repo/Login Page/Internal User/Email Address'

2018-12-12 11:08:08 - [TEST_STEP][PASSED] - click: Object: 'Object Repository/Final Object Repo/Login Page/Internal User/Next Button' is clicked on

2018-12-12 11:08:09 - [MESSAGE][PASSED] - Object: 'Object Repository/Final Object Repo/Login Page/Internal User/Next Button' is clicked on

2018-12-12 11:08:09 - [TEST_STEP][PASSED] - delay: Delayed 1 second(s)

2018-12-12 11:08:10 - [MESSAGE][PASSED] - Delayed 1 second(s)

2018-12-12 11:08:10 - [TEST_STEP][PASSED] - setEncryptedText: Text ****** has been set on object 'Object Repository/Final Object Repo/Login Page/Internal User/Password'

2018-12-12 11:08:10 - [MESSAGE][PASSED] - Text ****** has been set on object 'Object Repository/Final Object Repo/Login Page/Internal User/Password'

2018-12-12 11:08:10 - [TEST_STEP][PASSED] - click: Object: 'Object Repository/Final Object Repo/Login Page/Internal User/Login Button' is clicked on

2018-12-12 11:08:10 - [MESSAGE][PASSED] - Object: 'Object Repository/Final Object Repo/Login Page/Internal User/Login Button' is clicked on

2018-12-12 11:08:10 - [TEST_STEP][PASSED] - delay: Delayed 1 second(s)

2018-12-12 11:08:11 - [MESSAGE][PASSED] - Delayed 1 second(s)

2018-12-12 11:08:11 - [TEST_STEP][PASSED] - Statement - Try: Delayed 2 second(s)

2018-12-12 11:08:11 - [TEST_STEP][PASSED] - Statement - Checker = false: null

2018-12-12 11:08:11 - [TEST_STEP][PASSED] - Statement - Checker = com.kms.katalon.core.webui.keyword.WebUiBuiltInKeywords.verifyElementHasAttribute(com.kms.katalon.core.testobject.ObjectRepository.findTestObject(Final Object Repo/Landing Page/BM Detecting), "href", 20, OPTIONAL): Object 'Object Repository/Final Object Repo/Landing Page/BM Detecting' has attribute 'href'

2018-12-12 11:08:12 - [MESSAGE][PASSED] - Object 'Object Repository/Final Object Repo/Landing Page/BM Detecting' has attribute 'href'

2018-12-12 11:08:12 - [TEST_STEP][PASSED] - Statement - out.println(Checker): null

2018-12-12 11:08:12 - [TEST_STEP][PASSED] - Statement - If (Checker == false): null

2018-12-12 11:08:12 - [TEST_STEP][PASSED] - Statement - Else: null

2018-12-12 11:08:12 - [TEST_STEP][PASSED] - delay: Delayed 2 second(s)

2018-12-12 11:08:14 - [MESSAGE][PASSED] - Delayed 2 second(s)

2018-12-12 11:08:14 - [TEST_STEP][PASSED] - navigateToUrl: Navigate to 'https://assist2-uat.perkeso.gov.my/web/registration/search/search-pending-case-for-add-supporting-document' successfully

2018-12-12 11:08:15 - [MESSAGE][PASSED] - Navigate to 'https://assist2-uat.perkeso.gov.my/web/registration/search/search-pending-case-for-add-supporting-document' successfully

2018-12-12 11:08:15 - [TEST_STEP][PASSED] - click: Object: 'Object Repository/Final Object Repo/Page_Search Pending Case For Add Suporting Document/Search By' is clicked on

2018-12-12 11:08:15 - [MESSAGE][PASSED] - Object: 'Object Repository/Final Object Repo/Page_Search Pending Case For Add Suporting Document/Search By' is clicked on

2018-12-12 11:08:15 - [TEST_STEP][PASSED] - click: Object: 'Object Repository/Final Object Repo/Page_Search Pending Case For Add Suporting Document/Search By - Reference ID' is clicked on

2018-12-12 11:08:16 - [MESSAGE][PASSED] - Object: 'Object Repository/Final Object Repo/Page_Search Pending Case For Add Suporting Document/Search By - Reference ID' is clicked on

2018-12-12 11:08:16 - [TEST_STEP][PASSED] - delay: Delayed 2 second(s)

2018-12-12 11:08:18 - [MESSAGE][PASSED] - Delayed 2 second(s)

2018-12-12 11:08:18 - [TEST_STEP][PASSED] - setText: Text 'CUN122018C100005988' is set on object 'Object Repository/Final Object Repo/Page_Search Pending Case For Add Suporting Document/Reference ID'

2018-12-12 11:08:18 - [MESSAGE][PASSED] - Text 'CUN122018C100005988' is set on object 'Object Repository/Final Object Repo/Page_Search Pending Case For Add Suporting Document/Reference ID'

2018-12-12 11:08:18 - [TEST_STEP][PASSED] - click: Object: 'Object Repository/Final Object Repo/Page_Search Pending Case For Add Suporting Document/Search' is clicked on

2018-12-12 11:08:18 - [MESSAGE][PASSED] - Object: 'Object Repository/Final Object Repo/Page_Search Pending Case For Add Suporting Document/Search' is clicked on

2018-12-12 11:08:18 - [TEST_STEP][PASSED] - delay: Delayed 2 second(s)

2018-12-12 11:08:20 - [MESSAGE][PASSED] - Delayed 2 second(s)

2018-12-12 11:08:20 - [TEST_STEP][PASSED] - click: Object: 'Object Repository/Final Object Repo/Page_Search Pending Case For Add Suporting Document/Edit' is clicked on

2018-12-12 11:08:23 - [MESSAGE][PASSED] - Object: 'Object Repository/Final Object Repo/Page_Search Pending Case For Add Suporting Document/Edit' is clicked on

2018-12-12 11:08:23 - [MESSAGE][PASSED] - Call Test Case 'Test Cases/Final Aug 2018 - PKS Automation/Registration Module/Workflow/Search Pending Case For Add Supporting Document (OTC)' successfully

2018-12-12 11:08:23 - [TEST_STEP][PASSED] - click: Object: 'Object Repository/Final Object Repo/Page_Update Employee Information By Employee/Page_Update Employee Information by Employee (Query -OTC -UO)/Next' is clicked on

2018-12-12 11:08:26 - [MESSAGE][PASSED] - Object: 'Object Repository/Final Object Repo/Page_Update Employee Information By Employee/Page_Update Employee Information by Employee (Query -OTC -UO)/Next' is clicked on

2018-12-12 11:08:26 - [TEST_STEP][PASSED] - delay: Delayed 2 second(s)

2018-12-12 11:08:28 - [MESSAGE][PASSED] - Delayed 2 second(s)

2018-12-12 11:08:28 - [TEST_STEP][PASSED] - click: Object: 'Object Repository/Final Object Repo/Page_Update Employee Information By Employee/Page_Update Employee Information by Employee (Query -OTC -UO)/Add Document' is clicked on

2018-12-12 11:08:28 - [MESSAGE][PASSED] - Object: 'Object Repository/Final Object Repo/Page_Update Employee Information By Employee/Page_Update Employee Information by Employee (Query -OTC -UO)/Add Document' is clicked on

2018-12-12 11:08:28 - [TEST_STEP][PASSED] - delay: Delayed 2 second(s)

2018-12-12 11:08:30 - [MESSAGE][PASSED] - Delayed 2 second(s)

2018-12-12 11:08:30 - [TEST_STEP][PASSED] - click: Object: 'Object Repository/Final Object Repo/Page_Update Employee Information By Employee/Page_Update Employee Information by Employee (Query -OTC -UO)/Document Type' is clicked on

2018-12-12 11:08:31 - [MESSAGE][PASSED] - Object: 'Object Repository/Final Object Repo/Page_Update Employee Information By Employee/Page_Update Employee Information by Employee (Query -OTC -UO)/Document Type' is clicked on

2018-12-12 11:08:31 - [TEST_STEP][PASSED] - delay: Delayed 2 second(s)

2018-12-12 11:08:33 - [MESSAGE][PASSED] - Delayed 2 second(s)

2018-12-12 11:08:33 - [TEST_STEP][PASSED] - click: Object: 'Object Repository/Final Object Repo/Page_Update Employee Information By Employee/Page_Update Employee Information by Employee (Query -OTC -UO)/Document Type - Other' is clicked on

2018-12-12 11:08:33 - [MESSAGE][PASSED] - Object: 'Object Repository/Final Object Repo/Page_Update Employee Information By Employee/Page_Update Employee Information by Employee (Query -OTC -UO)/Document Type - Other' is clicked on

2018-12-12 11:08:33 - [TEST_STEP][PASSED] - delay: Delayed 2 second(s)

2018-12-12 11:08:35 - [MESSAGE][PASSED] - Delayed 2 second(s)

2018-12-12 11:08:35 - [TEST_STEP][PASSED] - sendKeys: Keys 'C:\Users\Public\Pictures\Sample Pictures\Koala.jpg' sent to object: 'Object Repository/Final Object Repo/Page_Update Employee Information By Employee/Page_Update Employee Information by Employee (Query -OTC -UO)/Uploading File'

2018-12-12 11:08:36 - [MESSAGE][PASSED] - Keys 'C:\Users\Public\Pictures\Sample Pictures\Koala.jpg' sent to object: 'Object Repository/Final Object Repo/Page_Update Employee Information By Employee/Page_Update Employee Information by Employee (Query -OTC -UO)/Uploading File'

2018-12-12 11:08:36 - [TEST_STEP][PASSED] - delay: Delayed 2 second(s)

2018-12-12 11:08:38 - [MESSAGE][PASSED] - Delayed 2 second(s)

2018-12-12 11:08:38 - [TEST_STEP][PASSED] - click: Object: 'Object Repository/Final Object Repo/Page_Update Employee Information By Employee/Page_Update Employee Information by Employee (Query -OTC -UO)/Add Document in Uploading Page' is clicked on

2018-12-12 11:08:38 - [MESSAGE][PASSED] - Object: 'Object Repository/Final Object Repo/Page_Update Employee Information By Employee/Page_Update Employee Information by Employee (Query -OTC -UO)/Add Document in Uploading Page' is clicked on

2018-12-12 11:08:38 - [TEST_STEP][PASSED] - delay: Delayed 2 second(s)

2018-12-12 11:08:40 - [MESSAGE][PASSED] - Delayed 2 second(s)

2018-12-12 11:08:40 - [TEST_STEP][PASSED] - click: Object: 'Object Repository/Final Object Repo/Page_Update Employee Information By Employee/Page_Update Employee Information by Employee (Query -OTC -UO)/Exit' is clicked on

2018-12-12 11:08:43 - [MESSAGE][PASSED] - Object: 'Object Repository/Final Object Repo/Page_Update Employee Information By Employee/Page_Update Employee Information by Employee (Query -OTC -UO)/Exit' is clicked on

2018-12-12 11:08:43 - [TEST_STEP][PASSED] - delay: Delayed 1 second(s)

2018-12-12 11:08:44 - [MESSAGE][PASSED] - Delayed 1 second(s)

2018-12-12 11:08:44 - [TEST_STEP][PASSED] - navigateToUrl: Navigate to 'https://assist2-uat.perkeso.gov.my/c/portal/logout' successfully

2018-12-12 11:08:44 - [MESSAGE][PASSED] - Navigate to 'https://assist2-uat.perkeso.gov.my/c/portal/logout' successfully

2018-12-12 11:08:44 - [TEST_STEP][PASSED] - delay: Delayed 1 second(s)

2018-12-12 11:08:45 - [MESSAGE][PASSED] - Delayed 1 second(s)

2018-12-12 11:08:45 - [TEST_STEP][PASSED] - callTestCase: Call Test Case 'Test Cases/Final Aug 2018 - PKS Automation/Registration Module/Workflow/Login and Search Case For Workflow' successfully

2018-12-12 11:08:46 - [TEST_CASE][PASSED] - Test Cases/Final Aug 2018 - PKS Automation/Registration Module/Workflow/Login and Search Case For Workflow: Test Cases/Final Aug 2018 - PKS Automation/Registration Module/Workflow/Login and Search Case For Workflow

2018-12-12 11:08:46 - [TEST_STEP][PASSED] - navigateToUrl: Navigate to 'https://assist2-uat.perkeso.gov.my/login' successfully

2018-12-12 11:08:46 - [MESSAGE][PASSED] - Navigate to 'https://assist2-uat.perkeso.gov.my/login' successfully

2018-12-12 11:08:46 - [TEST_STEP][PASSED] - setText: Text 'johoruo2@gmail.com' is set on object 'Object Repository/Final Object Repo/Login Page/Internal User/Email Address'

2018-12-12 11:08:46 - [MESSAGE][PASSED] - Text 'johoruo2@gmail.com' is set on object 'Object Repository/Final Object Repo/Login Page/Internal User/Email Address'

2018-12-12 11:08:46 - [TEST_STEP][PASSED] - click: Object: 'Object Repository/Final Object Repo/Login Page/Internal User/Next Button' is clicked on

2018-12-12 11:08:46 - [MESSAGE][PASSED] - Object: 'Object Repository/Final Object Repo/Login Page/Internal User/Next Button' is clicked on

2018-12-12 11:08:46 - [TEST_STEP][PASSED] - delay: Delayed 1 second(s)

2018-12-12 11:08:47 - [MESSAGE][PASSED] - Delayed 1 second(s)

2018-12-12 11:08:47 - [TEST_STEP][PASSED] - setEncryptedText: Text ****** has been set on object 'Object Repository/Final Object Repo/Login Page/Internal User/Password'

2018-12-12 11:08:48 - [MESSAGE][PASSED] - Text ****** has been set on object 'Object Repository/Final Object Repo/Login Page/Internal User/Password'

2018-12-12 11:08:48 - [TEST_STEP][PASSED] - click: Object: 'Object Repository/Final Object Repo/Login Page/Internal User/Login Button' is clicked on

2018-12-12 11:08:48 - [MESSAGE][PASSED] - Object: 'Object Repository/Final Object Repo/Login Page/Internal User/Login Button' is clicked on

2018-12-12 11:08:48 - [TEST_STEP][PASSED] - delay: Delayed 2 second(s)

2018-12-12 11:08:50 - [MESSAGE][PASSED] - Delayed 2 second(s)

2018-12-12 11:08:50 - [TEST_STEP][PASSED] - Statement - Try: Delayed 2 second(s)

2018-12-12 11:08:50 - [TEST_STEP][PASSED] - Statement - Checker = false: null

2018-12-12 11:08:50 - [TEST_STEP][PASSED] - Statement - Checker = com.kms.katalon.core.webui.keyword.WebUiBuiltInKeywords.verifyElementHasAttribute(com.kms.katalon.core.testobject.ObjectRepository.findTestObject(Final Object Repo/Landing Page/BM Detecting), "href", 20, OPTIONAL): Object 'Object Repository/Final Object Repo/Landing Page/BM Detecting' has attribute 'href'

2018-12-12 11:08:50 - [MESSAGE][PASSED] - Object 'Object Repository/Final Object Repo/Landing Page/BM Detecting' has attribute 'href'

2018-12-12 11:08:50 - [TEST_STEP][PASSED] - Statement - out.println(Checker): null

2018-12-12 11:08:50 - [TEST_STEP][PASSED] - Statement - If (Checker == false): null

2018-12-12 11:08:50 - [TEST_STEP][PASSED] - Statement - Else: null

2018-12-12 11:08:50 - [TEST_STEP][PASSED] - delay: Delayed 2 second(s)

2018-12-12 11:08:52 - [MESSAGE][PASSED] - Delayed 2 second(s)

2018-12-12 11:08:52 - [TEST_STEP][PASSED] - click: Object: 'Object Repository/Final Object Repo/Page_MyASSIST - ASSIST - Search Pending Case For Add Supporting Document/Search Information' is clicked on

2018-12-12 11:08:52 - [MESSAGE][PASSED] - Object: 'Object Repository/Final Object Repo/Page_MyASSIST - ASSIST - Search Pending Case For Add Supporting Document/Search Information' is clicked on

2018-12-12 11:08:52 - [TEST_STEP][PASSED] - delay: Delayed 3 second(s)

2018-12-12 11:08:55 - [MESSAGE][PASSED] - Delayed 3 second(s)

2018-12-12 11:08:55 - [TEST_STEP][PASSED] - sendKeys: Keys 'CUN122018C100005988' sent to object: 'Object Repository/Final Object Repo/Page_MyASSIST - ASSIST - Search Pending Case For Add Supporting Document/Reference No'

2018-12-12 11:08:55 - [MESSAGE][PASSED] - Keys 'CUN122018C100005988' sent to object: 'Object Repository/Final Object Repo/Page_MyASSIST - ASSIST - Search Pending Case For Add Supporting Document/Reference No'

2018-12-12 11:08:55 - [TEST_STEP][PASSED] - click: Object: 'Object Repository/Final Object Repo/Page_MyASSIST - ASSIST - Search Pending Case For Add Supporting Document/Search Reference No' is clicked on

2018-12-12 11:08:56 - [MESSAGE][PASSED] - Object: 'Object Repository/Final Object Repo/Page_MyASSIST - ASSIST - Search Pending Case For Add Supporting Document/Search Reference No' is clicked on

2018-12-12 11:08:56 - [TEST_STEP][PASSED] - delay: Delayed 2 second(s)

2018-12-12 11:08:58 - [MESSAGE][PASSED] - Delayed 2 second(s)

2018-12-12 11:08:58 - [TEST_STEP][PASSED] - click: Object: 'Object Repository/Final Object Repo/Page_MyASSIST - ASSIST - Search Pending Case For Add Supporting Document/Continue' is clicked on

2018-12-12 11:09:02 - [MESSAGE][PASSED] - Object: 'Object Repository/Final Object Repo/Page_MyASSIST - ASSIST - Search Pending Case For Add Supporting Document/Continue' is clicked on

2018-12-12 11:09:02 - [TEST_STEP][PASSED] - delay: Delayed 20 second(s)

2018-12-12 11:09:22 - [MESSAGE][PASSED] - Delayed 20 second(s)

2018-12-12 11:09:22 - [MESSAGE][PASSED] - Call Test Case 'Test Cases/Final Aug 2018 - PKS Automation/Registration Module/Workflow/Login and Search Case For Workflow' successfully

2018-12-12 11:09:22 - [TEST_STEP][PASSED] - click: Object: 'Object Repository/Final Object Repo/Page_Update Employee Information By Employer/Page_Update Employee Information by Employer (Approve)/Continue' is clicked on

2018-12-12 11:09:25 - [MESSAGE][PASSED] - Object: 'Object Repository/Final Object Repo/Page_Update Employee Information By Employer/Page_Update Employee Information by Employer (Approve)/Continue' is clicked on

2018-12-12 11:09:25 - [TEST_STEP][PASSED] - delay: Delayed 2 second(s)

2018-12-12 11:09:27 - [MESSAGE][PASSED] - Delayed 2 second(s)

2018-12-12 11:09:27 - [TEST_STEP][PASSED] - click: Object: 'Object Repository/Final Object Repo/Page_Update Employee Information By Employer/Page_Update Employee Information by Employer (Approve)/Save  Continue in Update Employee Information Page' is clicked on

2018-12-12 11:09:27 - [MESSAGE][PASSED] - Object: 'Object Repository/Final Object Repo/Page_Update Employee Information By Employer/Page_Update Employee Information by Employer (Approve)/Save  Continue in Update Employee Information Page' is clicked on

2018-12-12 11:09:27 - [TEST_STEP][PASSED] - delay: Delayed 2 second(s)

2018-12-12 11:09:29 - [MESSAGE][PASSED] - Delayed 2 second(s)

2018-12-12 11:09:29 - [TEST_STEP][PASSED] - click: Object: 'Object Repository/Final Object Repo/Page_Update Employee Information By Employer/Page_Update Employee Information by Employer (Approve)/Save  Continue in Upload Supporting Doucument Page' is clicked on

2018-12-12 11:09:30 - [MESSAGE][PASSED] - Object: 'Object Repository/Final Object Repo/Page_Update Employee Information By Employer/Page_Update Employee Information by Employer (Approve)/Save  Continue in Upload Supporting Doucument Page' is clicked on

2018-12-12 11:09:30 - [TEST_STEP][PASSED] - delay: Delayed 2 second(s)

2018-12-12 11:09:32 - [MESSAGE][PASSED] - Delayed 2 second(s)

2018-12-12 11:09:32 - [TEST_STEP][PASSED] - click: Object: 'Object Repository/Final Object Repo/Page_Update Employee Information By Employer/Page_Update Employee Information by Employer (Approve)/Approve' is clicked on

2018-12-12 11:09:34 - [MESSAGE][PASSED] - Object: 'Object Repository/Final Object Repo/Page_Update Employee Information By Employer/Page_Update Employee Information by Employer (Approve)/Approve' is clicked on

2018-12-12 11:09:34 - [TEST_STEP][PASSED] - delay: Delayed 2 second(s)

2018-12-12 11:09:36 - [MESSAGE][PASSED] - Delayed 2 second(s)

2018-12-12 11:09:36 - [TEST_STEP][PASSED] - click: Object: 'Object Repository/Final Object Repo/Page_Update Employee Information By Employer/Page_Update Employee Information by Employer (Approve)/Confirm' is clicked on

2018-12-12 11:09:36 - [MESSAGE][PASSED] - Object: 'Object Repository/Final Object Repo/Page_Update Employee Information By Employer/Page_Update Employee Information by Employer (Approve)/Confirm' is clicked on

2018-12-12 11:09:36 - [TEST_STEP][PASSED] - delay: Delayed 2 second(s)

2018-12-12 11:09:38 - [MESSAGE][PASSED] - Delayed 2 second(s)

2018-12-12 11:09:38 - [TEST_STEP][PASSED] - click: Object: 'Object Repository/Final Object Repo/Page_Update Employee Information By Employee/Page_Update Employee Information By Employee (Approve)/Message Your Request    Update Emp' is clicked on

2018-12-12 11:09:42 - [MESSAGE][PASSED] - Object: 'Object Repository/Final Object Repo/Page_Update Employee Information By Employee/Page_Update Employee Information By Employee (Approve)/Message Your Request    Update Emp' is clicked on

2018-12-12 11:09:42 - [TEST_STEP][PASSED] - click: Object: 'Object Repository/Final Object Repo/Page_Update Employee Information By Employee/Page_Update Employee Information By Employee (Approve)/Letter of successful update' is clicked on

2018-12-12 11:09:42 - [MESSAGE][PASSED] - Object: 'Object Repository/Final Object Repo/Page_Update Employee Information By Employee/Page_Update Employee Information By Employee (Approve)/Letter of successful update' is clicked on

2018-12-12 11:09:42 - [MESSAGE][PASSED] - Call Test Case 'Test Cases/Final Aug 2018 - PKS Automation/Registration Module/Workflow/Update Employee Information (Employee)/Template/Update Employee Information - Special Case - UO (Query)' successfully]]></system-out>
         <system-err><![CDATA[]]></system-err>
      </testcase>
      <testcase name="Test Cases/Final Aug 2018 - PKS Automation/Registration Module/Workflow/Update Employee Information (Employee)/PAU to UO (Reject)" classname="Test Cases/Final Aug 2018 - PKS Automation/Registration Module/Workflow/Update Employee Information (Employee)/PAU to UO (Reject)" status="PASSED">
         <system-out><![CDATA[2018-12-12 11:09:42 - [TEST_CASE][PASSED] - Test Cases/Final Aug 2018 - PKS Automation/Registration Module/Workflow/Update Employee Information (Employee)/PAU to UO (Reject): Test Cases/Final Aug 2018 - PKS Automation/Registration Module/Workflow/Update Employee Information (Employee)/PAU to UO (Reject)

2018-12-12 11:09:43 - [TEST_STEP][PASSED] - callTestCase: Call Test Case 'Test Cases/Final Aug 2018 - PKS Automation/Registration Module/Workflow/Update Employee Information (Employee)/Template/Update Employee Information - Special Case (PAU)' successfully

2018-12-12 11:09:43 - [TEST_CASE][PASSED] - Test Cases/Final Aug 2018 - PKS Automation/Registration Module/Workflow/Update Employee Information (Employee)/Template/Update Employee Information - Special Case (PAU): Test Cases/Final Aug 2018 - PKS Automation/Registration Module/Workflow/Update Employee Information (Employee)/Template/Update Employee Information - Special Case (PAU)

2018-12-12 11:09:43 - [TEST_STEP][PASSED] - openBrowser: Browser is opened with url: ''

2018-12-12 11:09:43 - [MESSAGE][WARNING] - A browser is already opened. Closing browser and opening a new one

2018-12-12 11:09:47 - [MESSAGE][PASSED] - Browser is opened with url: ''

2018-12-12 11:09:47 - [TEST_STEP][PASSED] - navigateToUrl: Navigate to 'https://assist2-uat.perkeso.gov.my/login' successfully

2018-12-12 11:09:48 - [MESSAGE][PASSED] - Navigate to 'https://assist2-uat.perkeso.gov.my/login' successfully

2018-12-12 11:09:48 - [TEST_STEP][PASSED] - setText: Text 'johorpau1@gmail.com' is set on object 'Object Repository/Final Object Repo/Login Page/Internal User/Email Address'

2018-12-12 11:09:49 - [MESSAGE][PASSED] - Text 'johorpau1@gmail.com' is set on object 'Object Repository/Final Object Repo/Login Page/Internal User/Email Address'

2018-12-12 11:09:49 - [TEST_STEP][PASSED] - click: Object: 'Object Repository/Final Object Repo/Login Page/Internal User/Next Button' is clicked on

2018-12-12 11:09:49 - [MESSAGE][PASSED] - Object: 'Object Repository/Final Object Repo/Login Page/Internal User/Next Button' is clicked on

2018-12-12 11:09:49 - [TEST_STEP][PASSED] - delay: Delayed 1 second(s)

2018-12-12 11:09:50 - [MESSAGE][PASSED] - Delayed 1 second(s)

2018-12-12 11:09:50 - [TEST_STEP][PASSED] - setEncryptedText: Text ****** has been set on object 'Object Repository/Final Object Repo/Login Page/Internal User/Password'

2018-12-12 11:09:50 - [MESSAGE][PASSED] - Text ****** has been set on object 'Object Repository/Final Object Repo/Login Page/Internal User/Password'

2018-12-12 11:09:50 - [TEST_STEP][PASSED] - click: Object: 'Object Repository/Final Object Repo/Login Page/Internal User/Login Button' is clicked on

2018-12-12 11:09:50 - [MESSAGE][PASSED] - Object: 'Object Repository/Final Object Repo/Login Page/Internal User/Login Button' is clicked on

2018-12-12 11:09:50 - [TEST_STEP][PASSED] - Statement - tester = com.kms.katalon.core.testobject.ObjectRepository.findTestObject(Final Object Repo/Landing Page/Select to English): Finding Test Object with id 'Object Repository/Final Object Repo/Landing Page/Select to English'

2018-12-12 11:09:50 - [TEST_STEP][PASSED] - Statement - Try: Delayed 2 second(s)

2018-12-12 11:09:50 - [TEST_STEP][PASSED] - Statement - Checker = com.kms.katalon.core.webui.keyword.WebUiBuiltInKeywords.verifyElementNotPresent(tester, 3): Web element with id: 'Object Repository/Final Object Repo/Landing Page/Select to English' located by 'By.xpath: //a[@class = 'taglib-language-list-text' and @lang = 'en-US' and (contains(text(), 'EN') or contains(., 'EN'))]' is not present after '3' second(s)

2018-12-12 11:09:52 - [MESSAGE][PASSED] - Web element with id: 'Object Repository/Final Object Repo/Landing Page/Select to English' located by 'By.xpath: //a[@class = 'taglib-language-list-text' and @lang = 'en-US' and (contains(text(), 'EN') or contains(., 'EN'))]' is not present after '3' second(s)

2018-12-12 11:09:52 - [TEST_STEP][PASSED] - Statement - If (Checker == false): null

2018-12-12 11:09:52 - [TEST_STEP][PASSED] - delay: Delayed 2 second(s)

2018-12-12 11:09:54 - [MESSAGE][PASSED] - Delayed 2 second(s)

2018-12-12 11:09:54 - [TEST_STEP][PASSED] - delay: Delayed 5 second(s)

2018-12-12 11:09:59 - [MESSAGE][PASSED] - Delayed 5 second(s)

2018-12-12 11:09:59 - [TEST_STEP][PASSED] - navigateToUrl: Navigate to 'https://assist2-uat.perkeso.gov.my/web/registration/update/update-employee-information-employee-' successfully

2018-12-12 11:10:00 - [MESSAGE][PASSED] - Navigate to 'https://assist2-uat.perkeso.gov.my/web/registration/update/update-employee-information-employee-' successfully

2018-12-12 11:10:00 - [TEST_STEP][PASSED] - click: Object: 'Object Repository/Final Object Repo/Page_Update Employee Information By Employee/Type of Identification' is clicked on

2018-12-12 11:10:00 - [MESSAGE][PASSED] - Object: 'Object Repository/Final Object Repo/Page_Update Employee Information By Employee/Type of Identification' is clicked on

2018-12-12 11:10:00 - [TEST_STEP][PASSED] - click: Object: 'Object Repository/Final Object Repo/Page Update Employee Information By Employee/Type of Identification - Name' is clicked on

2018-12-12 11:10:01 - [MESSAGE][PASSED] - Object: 'Object Repository/Final Object Repo/Page Update Employee Information By Employee/Type of Identification - Name' is clicked on

2018-12-12 11:10:01 - [TEST_STEP][PASSED] - setText: Text 'YUKI JR B' is set on object 'Object Repository/Final Object Repo/Page_Update Employee Information By Employee/New Identification'

2018-12-12 11:10:01 - [MESSAGE][PASSED] - Text 'YUKI JR B' is set on object 'Object Repository/Final Object Repo/Page_Update Employee Information By Employee/New Identification'

2018-12-12 11:10:01 - [TEST_STEP][PASSED] - click: Object: 'Object Repository/Final Object Repo/Page_Update Employee Information By Employee/Search Button' is clicked on

2018-12-12 11:10:01 - [MESSAGE][PASSED] - Object: 'Object Repository/Final Object Repo/Page_Update Employee Information By Employee/Search Button' is clicked on

2018-12-12 11:10:01 - [TEST_STEP][PASSED] - click: Object: 'Object Repository/Final Object Repo/Page_Update Employee Information By Employee/Edit Button' is clicked on

2018-12-12 11:10:05 - [MESSAGE][PASSED] - Object: 'Object Repository/Final Object Repo/Page_Update Employee Information By Employee/Edit Button' is clicked on

2018-12-12 11:10:05 - [TEST_STEP][PASSED] - delay: Delayed 2 second(s)

2018-12-12 11:10:07 - [MESSAGE][PASSED] - Delayed 2 second(s)

2018-12-12 11:10:07 - [TEST_STEP][PASSED] - click: Object: 'Object Repository/Final Object Repo/Page_Update Employee Information By Employee/Employee Information Edit Button' is clicked on

2018-12-12 11:10:07 - [MESSAGE][PASSED] - Object: 'Object Repository/Final Object Repo/Page_Update Employee Information By Employee/Employee Information Edit Button' is clicked on

2018-12-12 11:10:07 - [TEST_STEP][PASSED] - delay: Delayed 2 second(s)

2018-12-12 11:10:09 - [MESSAGE][PASSED] - Delayed 2 second(s)

2018-12-12 11:10:09 - [TEST_STEP][PASSED] - click: Object: 'Object Repository/Final Object Repo/Page_Update Employee Information By Employee/New Identification Number' is clicked on

2018-12-12 11:10:09 - [MESSAGE][PASSED] - Object: 'Object Repository/Final Object Repo/Page_Update Employee Information By Employee/New Identification Number' is clicked on

2018-12-12 11:10:09 - [TEST_STEP][PASSED] - setText: Text '' is set on object 'Object Repository/Final Object Repo/Page_Update Employee Information By Employee/New Identification Number'

2018-12-12 11:10:09 - [MESSAGE][PASSED] - Text '' is set on object 'Object Repository/Final Object Repo/Page_Update Employee Information By Employee/New Identification Number'

2018-12-12 11:10:09 - [TEST_STEP][PASSED] - Statement - rnd = new java.util.Random(): null

2018-12-12 11:10:09 - [TEST_STEP][PASSED] - Statement - snum = rnd.nextInt(899999 + 1) + 100000: null

2018-12-12 11:10:09 - [TEST_STEP][PASSED] - Statement - tnum = rnd.nextInt(899999 + 1) + 100000: null

2018-12-12 11:10:09 - [TEST_STEP][PASSED] - Statement - IC = java.lang.Integer.toString(snum) + java.lang.Integer.toString(tnum): null

2018-12-12 11:10:09 - [TEST_STEP][PASSED] - Statement - out.println(IC): null

2018-12-12 11:10:09 - [TEST_STEP][PASSED] - setText: Text '930544958482' is set on object 'Object Repository/Final Object Repo/Page_Update Employee Information By Employee/New Identification Number'

2018-12-12 11:10:10 - [MESSAGE][PASSED] - Text '930544958482' is set on object 'Object Repository/Final Object Repo/Page_Update Employee Information By Employee/New Identification Number'

2018-12-12 11:10:10 - [TEST_STEP][PASSED] - delay: Delayed 2 second(s)

2018-12-12 11:10:12 - [MESSAGE][PASSED] - Delayed 2 second(s)

2018-12-12 11:10:12 - [TEST_STEP][PASSED] - click: Object: 'Object Repository/Final Object Repo/Page_Update Employee Information By Employee/Save' is clicked on

2018-12-12 11:10:12 - [MESSAGE][PASSED] - Object: 'Object Repository/Final Object Repo/Page_Update Employee Information By Employee/Save' is clicked on

2018-12-12 11:10:12 - [TEST_STEP][PASSED] - delay: Delayed 10 second(s)

2018-12-12 11:10:22 - [MESSAGE][PASSED] - Delayed 10 second(s)

2018-12-12 11:10:22 - [TEST_STEP][PASSED] - click: Object: 'Object Repository/Final Object Repo/Page_Update Employee Information By Employee/Save  Continue in Update Employee Information' is clicked on

2018-12-12 11:10:22 - [MESSAGE][PASSED] - Object: 'Object Repository/Final Object Repo/Page_Update Employee Information By Employee/Save  Continue in Update Employee Information' is clicked on

2018-12-12 11:10:22 - [TEST_STEP][PASSED] - delay: Delayed 2 second(s)

2018-12-12 11:10:24 - [MESSAGE][PASSED] - Delayed 2 second(s)

2018-12-12 11:10:24 - [TEST_STEP][PASSED] - click: Object: 'Object Repository/Final Object Repo/Page_Update Employee Information By Employee/Save  Continue in Uploading Page' is clicked on

2018-12-12 11:10:25 - [MESSAGE][PASSED] - Object: 'Object Repository/Final Object Repo/Page_Update Employee Information By Employee/Save  Continue in Uploading Page' is clicked on

2018-12-12 11:10:25 - [TEST_STEP][PASSED] - delay: Delayed 2 second(s)

2018-12-12 11:10:27 - [MESSAGE][PASSED] - Delayed 2 second(s)

2018-12-12 11:10:27 - [TEST_STEP][PASSED] - Statement - CaseReferenceNo = com.kms.katalon.core.webui.keyword.WebUiBuiltInKeywords.getText(com.kms.katalon.core.testobject.ObjectRepository.findTestObject(Final Object Repo/Page_Update Employer Information/Reference Number in Update Employee Information Page)): Text of object 'Object Repository/Final Object Repo/Page_Update Employer Information/Reference Number in Update Employee Information Page' is: 'CUN122018C100005989'

2018-12-12 11:10:29 - [MESSAGE][PASSED] - Text of object 'Object Repository/Final Object Repo/Page_Update Employer Information/Reference Number in Update Employee Information Page' is: 'CUN122018C100005989'

2018-12-12 11:10:29 - [TEST_STEP][PASSED] - callTestCase: Call Test Case 'Test Cases/Final Aug 2018 - PKS Automation/Common/Reference Number Setter' successfully

2018-12-12 11:10:29 - [TEST_CASE][PASSED] - Test Cases/Final Aug 2018 - PKS Automation/Common/Reference Number Setter: Test Cases/Final Aug 2018 - PKS Automation/Common/Reference Number Setter

2018-12-12 11:10:29 - [TEST_STEP][PASSED] - Statement - RefNoOldFile = new java.io.File(C://Users//Admin//Desktop//PKS//Automation Reference Point//KatalonReference.txt): null

2018-12-12 11:10:29 - [TEST_STEP][PASSED] - Statement - RefNoOldFile.delete(): null

2018-12-12 11:10:29 - [TEST_STEP][PASSED] - delay: Delayed 5 second(s)

2018-12-12 11:10:34 - [MESSAGE][PASSED] - Delayed 5 second(s)

2018-12-12 11:10:34 - [TEST_STEP][PASSED] - Statement - RefNo = new java.io.File(C://Users//Admin//Desktop//PKS//Automation Reference Point//KatalonReference.txt): null

2018-12-12 11:10:34 - [TEST_STEP][PASSED] - Statement - f2 = new java.io.FileWriter(RefNo, false): null

2018-12-12 11:10:34 - [TEST_STEP][PASSED] - Statement - f2.write(CaseReferenceNo): null

2018-12-12 11:10:34 - [TEST_STEP][PASSED] - Statement - f2.close(): null

2018-12-12 11:10:34 - [TEST_STEP][PASSED] - Statement - out.println("


" + CaseReferenceNo + "


"): null

2018-12-12 11:10:34 - [MESSAGE][PASSED] - Call Test Case 'Test Cases/Final Aug 2018 - PKS Automation/Common/Reference Number Setter' successfully

2018-12-12 11:10:34 - [TEST_STEP][PASSED] - delay: Delayed 2 second(s)

2018-12-12 11:10:36 - [MESSAGE][PASSED] - Delayed 2 second(s)

2018-12-12 11:10:36 - [TEST_STEP][PASSED] - click: Object: 'Object Repository/Final Object Repo/Page_Update Employee Information By Employee/Submit' is clicked on

2018-12-12 11:10:36 - [MESSAGE][PASSED] - Object: 'Object Repository/Final Object Repo/Page_Update Employee Information By Employee/Submit' is clicked on

2018-12-12 11:10:36 - [TEST_STEP][PASSED] - delay: Delayed 2 second(s)

2018-12-12 11:10:38 - [MESSAGE][PASSED] - Delayed 2 second(s)

2018-12-12 11:10:38 - [TEST_STEP][PASSED] - click: Object: 'Object Repository/Final Object Repo/Page_Update Employee Information By Employee/Confirm Button' is clicked on

2018-12-12 11:10:39 - [MESSAGE][PASSED] - Object: 'Object Repository/Final Object Repo/Page_Update Employee Information By Employee/Confirm Button' is clicked on

2018-12-12 11:10:39 - [TEST_STEP][PASSED] - delay: Delayed 2 second(s)

2018-12-12 11:10:41 - [MESSAGE][PASSED] - Delayed 2 second(s)

2018-12-12 11:10:41 - [TEST_STEP][PASSED] - click: Object: 'Object Repository/Final Object Repo/Page_Update Employee Information By Employee/Successful Message Routed to UO' is clicked on

2018-12-12 11:10:42 - [MESSAGE][PASSED] - Object: 'Object Repository/Final Object Repo/Page_Update Employee Information By Employee/Successful Message Routed to UO' is clicked on

2018-12-12 11:10:42 - [MESSAGE][PASSED] - Call Test Case 'Test Cases/Final Aug 2018 - PKS Automation/Registration Module/Workflow/Update Employee Information (Employee)/Template/Update Employee Information - Special Case (PAU)' successfully

2018-12-12 11:10:42 - [TEST_STEP][PASSED] - callTestCase: Call Test Case 'Test Cases/Final Aug 2018 - PKS Automation/Registration Module/Workflow/Update Employee Information (Employee)/Template/Update Employee Information - Special Case - UO (Reject)' successfully

2018-12-12 11:10:42 - [TEST_CASE][PASSED] - Test Cases/Final Aug 2018 - PKS Automation/Registration Module/Workflow/Update Employee Information (Employee)/Template/Update Employee Information - Special Case - UO (Reject): Test Cases/Final Aug 2018 - PKS Automation/Registration Module/Workflow/Update Employee Information (Employee)/Template/Update Employee Information - Special Case - UO (Reject)

2018-12-12 11:10:42 - [TEST_STEP][NOT_RUN] - callTestCase: NOT_RUN: callTestCase

2018-12-12 11:10:42 - [MESSAGE][NOT_RUN] - NOT_RUN: callTestCase

2018-12-12 11:10:42 - [TEST_STEP][PASSED] - delay: Delayed 2 second(s)

2018-12-12 11:10:44 - [MESSAGE][PASSED] - Delayed 2 second(s)

2018-12-12 11:10:44 - [TEST_STEP][PASSED] - navigateToUrl: Navigate to 'https://assist2-uat.perkeso.gov.my/c/portal/logout' successfully

2018-12-12 11:10:45 - [MESSAGE][PASSED] - Navigate to 'https://assist2-uat.perkeso.gov.my/c/portal/logout' successfully

2018-12-12 11:10:45 - [TEST_STEP][PASSED] - delay: Delayed 2 second(s)

2018-12-12 11:10:47 - [MESSAGE][PASSED] - Delayed 2 second(s)

2018-12-12 11:10:47 - [TEST_STEP][PASSED] - callTestCase: Call Test Case 'Test Cases/Final Aug 2018 - PKS Automation/Common/Reference Number Getter' successfully

2018-12-12 11:10:47 - [TEST_CASE][PASSED] - Test Cases/Final Aug 2018 - PKS Automation/Common/Reference Number Getter: Test Cases/Final Aug 2018 - PKS Automation/Common/Reference Number Getter

2018-12-12 11:10:47 - [TEST_STEP][PASSED] - Statement - Try: null

2018-12-12 11:10:47 - [TEST_STEP][PASSED] - Statement - RefNo = new java.io.File(C://Users//Admin//Desktop//PKS//Automation Reference Point//KatalonReference.txt): null

2018-12-12 11:10:47 - [TEST_STEP][PASSED] - Statement - bufferread = new java.io.BufferedReader(new java.io.FileReader(RefNo)): null

2018-12-12 11:10:47 - [TEST_STEP][PASSED] - Statement - readedVal = bufferread.readLine(): null

2018-12-12 11:10:47 - [TEST_STEP][PASSED] - Statement - out.println(CaseReferenceNo): null

2018-12-12 11:10:47 - [TEST_STEP][PASSED] - Statement - out.println(readedVal): null

2018-12-12 11:10:47 - [TEST_STEP][PASSED] - Statement - CaseReferenceNo = "": null

2018-12-12 11:10:47 - [TEST_STEP][PASSED] - Statement - CaseReferenceNo = readedVal: null

2018-12-12 11:10:47 - [MESSAGE][PASSED] - Call Test Case 'Test Cases/Final Aug 2018 - PKS Automation/Common/Reference Number Getter' successfully

2018-12-12 11:10:47 - [TEST_STEP][PASSED] - callTestCase: Call Test Case 'Test Cases/Final Aug 2018 - PKS Automation/Common/Workflow Owner Finder' successfully

2018-12-12 11:10:47 - [TEST_CASE][PASSED] - Test Cases/Final Aug 2018 - PKS Automation/Common/Workflow Owner Finder: Test Cases/Final Aug 2018 - PKS Automation/Common/Workflow Owner Finder

2018-12-12 11:10:47 - [TEST_STEP][PASSED] - openBrowser: Browser is opened with url: ''

2018-12-12 11:10:47 - [MESSAGE][WARNING] - A browser is already opened. Closing browser and opening a new one

2018-12-12 11:10:51 - [MESSAGE][PASSED] - Browser is opened with url: ''

2018-12-12 11:10:51 - [TEST_STEP][PASSED] - navigateToUrl: Navigate to 'https://assist2-uat.perkeso.gov.my/login' successfully

2018-12-12 11:10:52 - [MESSAGE][PASSED] - Navigate to 'https://assist2-uat.perkeso.gov.my/login' successfully

2018-12-12 11:10:52 - [TEST_STEP][PASSED] - delay: Delayed 5 second(s)

2018-12-12 11:10:57 - [MESSAGE][PASSED] - Delayed 5 second(s)

2018-12-12 11:10:57 - [TEST_STEP][PASSED] - setText: Text 'test@liferay.com' is set on object 'Object Repository/Final Object Repo/Login Page/Internal User/Email Address'

2018-12-12 11:10:57 - [MESSAGE][PASSED] - Text 'test@liferay.com' is set on object 'Object Repository/Final Object Repo/Login Page/Internal User/Email Address'

2018-12-12 11:10:57 - [TEST_STEP][PASSED] - click: Object: 'Object Repository/Final Object Repo/Login Page/Internal User/Next Button' is clicked on

2018-12-12 11:10:57 - [MESSAGE][PASSED] - Object: 'Object Repository/Final Object Repo/Login Page/Internal User/Next Button' is clicked on

2018-12-12 11:10:57 - [TEST_STEP][PASSED] - delay: Delayed 2 second(s)

2018-12-12 11:10:59 - [MESSAGE][PASSED] - Delayed 2 second(s)

2018-12-12 11:10:59 - [TEST_STEP][PASSED] - setText: Text 'test' is set on object 'Object Repository/Final Object Repo/Login Page/Internal User/Password'

2018-12-12 11:11:00 - [MESSAGE][PASSED] - Text 'test' is set on object 'Object Repository/Final Object Repo/Login Page/Internal User/Password'

2018-12-12 11:11:00 - [TEST_STEP][PASSED] - delay: Delayed 2 second(s)

2018-12-12 11:11:02 - [MESSAGE][PASSED] - Delayed 2 second(s)

2018-12-12 11:11:02 - [TEST_STEP][PASSED] - click: Object: 'Object Repository/Final Object Repo/Login Page/Internal User/Login Button' is clicked on

2018-12-12 11:11:02 - [MESSAGE][PASSED] - Object: 'Object Repository/Final Object Repo/Login Page/Internal User/Login Button' is clicked on

2018-12-12 11:11:02 - [TEST_STEP][PASSED] - Statement - tester = com.kms.katalon.core.testobject.ObjectRepository.findTestObject(Final Object Repo/Landing Page/Select to English): Finding Test Object with id 'Object Repository/Final Object Repo/Landing Page/Select to English'

2018-12-12 11:11:02 - [TEST_STEP][PASSED] - Statement - Try: Delayed 2 second(s)

2018-12-12 11:11:02 - [TEST_STEP][PASSED] - Statement - Checker = com.kms.katalon.core.webui.keyword.WebUiBuiltInKeywords.verifyElementNotPresent(tester, 3): Web element with id: 'Object Repository/Final Object Repo/Landing Page/Select to English' located by 'By.xpath: //a[@class = 'taglib-language-list-text' and @lang = 'en-US' and (contains(text(), 'EN') or contains(., 'EN'))]' is not present after '3' second(s)

2018-12-12 11:11:04 - [MESSAGE][PASSED] - Web element with id: 'Object Repository/Final Object Repo/Landing Page/Select to English' located by 'By.xpath: //a[@class = 'taglib-language-list-text' and @lang = 'en-US' and (contains(text(), 'EN') or contains(., 'EN'))]' is not present after '3' second(s)

2018-12-12 11:11:04 - [TEST_STEP][PASSED] - Statement - If (Checker == false): null

2018-12-12 11:11:04 - [TEST_STEP][PASSED] - delay: Delayed 2 second(s)

2018-12-12 11:11:06 - [MESSAGE][PASSED] - Delayed 2 second(s)

2018-12-12 11:11:06 - [TEST_STEP][PASSED] - delay: Delayed 5 second(s)

2018-12-12 11:11:11 - [MESSAGE][PASSED] - Delayed 5 second(s)

2018-12-12 11:11:11 - [TEST_STEP][PASSED] - mouseOver: Object: 'Object Repository/Final Object Repo/Landing Page/WorkFlow Menu' is hovered

2018-12-12 11:11:11 - [MESSAGE][PASSED] - Object: 'Object Repository/Final Object Repo/Landing Page/WorkFlow Menu' is hovered

2018-12-12 11:11:11 - [TEST_STEP][PASSED] - delay: Delayed 2 second(s)

2018-12-12 11:11:13 - [MESSAGE][PASSED] - Delayed 2 second(s)

2018-12-12 11:11:13 - [TEST_STEP][PASSED] - click: Object: 'Object Repository/Final Object Repo/Landing Page/Select to Workflow Listing' is clicked on

2018-12-12 11:11:14 - [MESSAGE][PASSED] - Object: 'Object Repository/Final Object Repo/Landing Page/Select to Workflow Listing' is clicked on

2018-12-12 11:11:14 - [TEST_STEP][PASSED] - delay: Delayed 2 second(s)

2018-12-12 11:11:16 - [MESSAGE][PASSED] - Delayed 2 second(s)

2018-12-12 11:11:16 - [TEST_STEP][PASSED] - click: Object: 'Object Repository/Final Object Repo/WorkFlow Listing Page/Search Information - To Put Ref No' is clicked on

2018-12-12 11:11:16 - [MESSAGE][PASSED] - Object: 'Object Repository/Final Object Repo/WorkFlow Listing Page/Search Information - To Put Ref No' is clicked on

2018-12-12 11:11:16 - [TEST_STEP][PASSED] - delay: Delayed 2 second(s)

2018-12-12 11:11:18 - [MESSAGE][PASSED] - Delayed 2 second(s)

2018-12-12 11:11:18 - [TEST_STEP][PASSED] - callTestCase: Call Test Case 'Test Cases/Final Aug 2018 - PKS Automation/Common/Reference Number Getter' successfully

2018-12-12 11:11:18 - [TEST_CASE][PASSED] - Test Cases/Final Aug 2018 - PKS Automation/Common/Reference Number Getter: Test Cases/Final Aug 2018 - PKS Automation/Common/Reference Number Getter

2018-12-12 11:11:18 - [TEST_STEP][PASSED] - Statement - Try: null

2018-12-12 11:11:18 - [TEST_STEP][PASSED] - Statement - RefNo = new java.io.File(C://Users//Admin//Desktop//PKS//Automation Reference Point//KatalonReference.txt): null

2018-12-12 11:11:18 - [TEST_STEP][PASSED] - Statement - bufferread = new java.io.BufferedReader(new java.io.FileReader(RefNo)): null

2018-12-12 11:11:18 - [TEST_STEP][PASSED] - Statement - readedVal = bufferread.readLine(): null

2018-12-12 11:11:18 - [TEST_STEP][PASSED] - Statement - out.println(CaseReferenceNo): null

2018-12-12 11:11:18 - [TEST_STEP][PASSED] - Statement - out.println(readedVal): null

2018-12-12 11:11:18 - [TEST_STEP][PASSED] - Statement - CaseReferenceNo = "": null

2018-12-12 11:11:18 - [TEST_STEP][PASSED] - Statement - CaseReferenceNo = readedVal: null

2018-12-12 11:11:18 - [MESSAGE][PASSED] - Call Test Case 'Test Cases/Final Aug 2018 - PKS Automation/Common/Reference Number Getter' successfully

2018-12-12 11:11:18 - [TEST_STEP][PASSED] - setText: Text 'CUN122018C100005989' is set on object 'Object Repository/Final Object Repo/WorkFlow Listing Page/Ref No Set Text'

2018-12-12 11:11:18 - [MESSAGE][PASSED] - Text 'CUN122018C100005989' is set on object 'Object Repository/Final Object Repo/WorkFlow Listing Page/Ref No Set Text'

2018-12-12 11:11:18 - [TEST_STEP][PASSED] - delay: Delayed 2 second(s)

2018-12-12 11:11:20 - [MESSAGE][PASSED] - Delayed 2 second(s)

2018-12-12 11:11:20 - [TEST_STEP][PASSED] - click: Object: 'Object Repository/Final Object Repo/WorkFlow Listing Page/Search Ref No Search Button' is clicked on

2018-12-12 11:11:21 - [MESSAGE][PASSED] - Object: 'Object Repository/Final Object Repo/WorkFlow Listing Page/Search Ref No Search Button' is clicked on

2018-12-12 11:11:21 - [TEST_STEP][PASSED] - delay: Delayed 6 second(s)

2018-12-12 11:11:27 - [MESSAGE][PASSED] - Delayed 6 second(s)

2018-12-12 11:11:27 - [TEST_STEP][PASSED] - click: Object: 'Object Repository/Final Object Repo/WorkFlow Listing Page/Click Continue Tooltip' is clicked on

2018-12-12 11:11:27 - [MESSAGE][PASSED] - Object: 'Object Repository/Final Object Repo/WorkFlow Listing Page/Click Continue Tooltip' is clicked on

2018-12-12 11:11:27 - [TEST_STEP][PASSED] - delay: Delayed 5 second(s)

2018-12-12 11:11:32 - [MESSAGE][PASSED] - Delayed 5 second(s)

2018-12-12 11:11:32 - [TEST_STEP][PASSED] - doubleClick: Object: 'Object Repository/Final Object Repo/WorkFlow Listing Page/Workflow Found - Listing 1' is double clicked on

2018-12-12 11:11:33 - [MESSAGE][PASSED] - Object: 'Object Repository/Final Object Repo/WorkFlow Listing Page/Workflow Found - Listing 1' is double clicked on

2018-12-12 11:11:33 - [TEST_STEP][PASSED] - Statement - println(OwnerID): null

2018-12-12 11:11:33 - [TEST_STEP][PASSED] - Statement - OwnerID = com.kms.katalon.core.webui.keyword.WebUiBuiltInKeywords.getText(com.kms.katalon.core.testobject.ObjectRepository.findTestObject(Final Object Repo/WorkFlow Listing Page/Workflow Found - Listing 1), STOP_ON_FAILURE): Text of object 'Object Repository/Final Object Repo/WorkFlow Listing Page/Workflow Found - Listing 1' is: 'JOHORuo3'

2018-12-12 11:11:33 - [MESSAGE][PASSED] - Text of object 'Object Repository/Final Object Repo/WorkFlow Listing Page/Workflow Found - Listing 1' is: 'JOHORuo3'

2018-12-12 11:11:33 - [TEST_STEP][PASSED] - Statement - OwnerID = OwnerID.toLowerCase() + "@gmail.com": null

2018-12-12 11:11:33 - [TEST_STEP][PASSED] - Statement - println(OwnerID): null

2018-12-12 11:11:33 - [TEST_STEP][PASSED] - delay: Delayed 2 second(s)

2018-12-12 11:11:35 - [MESSAGE][PASSED] - Delayed 2 second(s)

2018-12-12 11:11:35 - [MESSAGE][PASSED] - Call Test Case 'Test Cases/Final Aug 2018 - PKS Automation/Common/Workflow Owner Finder' successfully

2018-12-12 11:11:35 - [TEST_STEP][PASSED] - delay: Delayed 2 second(s)

2018-12-12 11:11:37 - [MESSAGE][PASSED] - Delayed 2 second(s)

2018-12-12 11:11:37 - [TEST_STEP][PASSED] - navigateToUrl: Navigate to 'https://assist2-uat.perkeso.gov.my/c/portal/logout' successfully

2018-12-12 11:11:38 - [MESSAGE][PASSED] - Navigate to 'https://assist2-uat.perkeso.gov.my/c/portal/logout' successfully

2018-12-12 11:11:38 - [TEST_STEP][PASSED] - delay: Delayed 2 second(s)

2018-12-12 11:11:40 - [MESSAGE][PASSED] - Delayed 2 second(s)

2018-12-12 11:11:40 - [TEST_STEP][PASSED] - callTestCase: Call Test Case 'Test Cases/Final Aug 2018 - PKS Automation/Registration Module/Workflow/Login and Search Case For Workflow' successfully

2018-12-12 11:11:40 - [TEST_CASE][PASSED] - Test Cases/Final Aug 2018 - PKS Automation/Registration Module/Workflow/Login and Search Case For Workflow: Test Cases/Final Aug 2018 - PKS Automation/Registration Module/Workflow/Login and Search Case For Workflow

2018-12-12 11:11:40 - [TEST_STEP][PASSED] - navigateToUrl: Navigate to 'https://assist2-uat.perkeso.gov.my/login' successfully

2018-12-12 11:11:40 - [MESSAGE][PASSED] - Navigate to 'https://assist2-uat.perkeso.gov.my/login' successfully

2018-12-12 11:11:40 - [TEST_STEP][PASSED] - setText: Text 'johoruo3@gmail.com' is set on object 'Object Repository/Final Object Repo/Login Page/Internal User/Email Address'

2018-12-12 11:11:40 - [MESSAGE][PASSED] - Text 'johoruo3@gmail.com' is set on object 'Object Repository/Final Object Repo/Login Page/Internal User/Email Address'

2018-12-12 11:11:40 - [TEST_STEP][PASSED] - click: Object: 'Object Repository/Final Object Repo/Login Page/Internal User/Next Button' is clicked on

2018-12-12 11:11:41 - [MESSAGE][PASSED] - Object: 'Object Repository/Final Object Repo/Login Page/Internal User/Next Button' is clicked on

2018-12-12 11:11:41 - [TEST_STEP][PASSED] - delay: Delayed 1 second(s)

2018-12-12 11:11:42 - [MESSAGE][PASSED] - Delayed 1 second(s)

2018-12-12 11:11:42 - [TEST_STEP][PASSED] - setEncryptedText: Text ****** has been set on object 'Object Repository/Final Object Repo/Login Page/Internal User/Password'

2018-12-12 11:11:42 - [MESSAGE][PASSED] - Text ****** has been set on object 'Object Repository/Final Object Repo/Login Page/Internal User/Password'

2018-12-12 11:11:42 - [TEST_STEP][PASSED] - click: Object: 'Object Repository/Final Object Repo/Login Page/Internal User/Login Button' is clicked on

2018-12-12 11:11:42 - [MESSAGE][PASSED] - Object: 'Object Repository/Final Object Repo/Login Page/Internal User/Login Button' is clicked on

2018-12-12 11:11:42 - [TEST_STEP][PASSED] - delay: Delayed 2 second(s)

2018-12-12 11:11:44 - [MESSAGE][PASSED] - Delayed 2 second(s)

2018-12-12 11:11:44 - [TEST_STEP][PASSED] - Statement - Try: Delayed 2 second(s)

2018-12-12 11:11:44 - [TEST_STEP][PASSED] - Statement - Checker = false: null

2018-12-12 11:11:44 - [TEST_STEP][PASSED] - Statement - Checker = com.kms.katalon.core.webui.keyword.WebUiBuiltInKeywords.verifyElementHasAttribute(com.kms.katalon.core.testobject.ObjectRepository.findTestObject(Final Object Repo/Landing Page/BM Detecting), "href", 20, OPTIONAL): Object 'Object Repository/Final Object Repo/Landing Page/BM Detecting' has attribute 'href'

2018-12-12 11:11:44 - [MESSAGE][PASSED] - Object 'Object Repository/Final Object Repo/Landing Page/BM Detecting' has attribute 'href'

2018-12-12 11:11:44 - [TEST_STEP][PASSED] - Statement - out.println(Checker): null

2018-12-12 11:11:44 - [TEST_STEP][PASSED] - Statement - If (Checker == false): null

2018-12-12 11:11:44 - [TEST_STEP][PASSED] - Statement - Else: null

2018-12-12 11:11:44 - [TEST_STEP][PASSED] - delay: Delayed 2 second(s)

2018-12-12 11:11:46 - [MESSAGE][PASSED] - Delayed 2 second(s)

2018-12-12 11:11:46 - [TEST_STEP][PASSED] - click: Object: 'Object Repository/Final Object Repo/Page_MyASSIST - ASSIST - Search Pending Case For Add Supporting Document/Search Information' is clicked on

2018-12-12 11:11:46 - [MESSAGE][PASSED] - Object: 'Object Repository/Final Object Repo/Page_MyASSIST - ASSIST - Search Pending Case For Add Supporting Document/Search Information' is clicked on

2018-12-12 11:11:46 - [TEST_STEP][PASSED] - delay: Delayed 3 second(s)

2018-12-12 11:11:49 - [MESSAGE][PASSED] - Delayed 3 second(s)

2018-12-12 11:11:49 - [TEST_STEP][PASSED] - sendKeys: Keys 'CUN122018C100005989' sent to object: 'Object Repository/Final Object Repo/Page_MyASSIST - ASSIST - Search Pending Case For Add Supporting Document/Reference No'

2018-12-12 11:11:50 - [MESSAGE][PASSED] - Keys 'CUN122018C100005989' sent to object: 'Object Repository/Final Object Repo/Page_MyASSIST - ASSIST - Search Pending Case For Add Supporting Document/Reference No'

2018-12-12 11:11:50 - [TEST_STEP][PASSED] - click: Object: 'Object Repository/Final Object Repo/Page_MyASSIST - ASSIST - Search Pending Case For Add Supporting Document/Search Reference No' is clicked on

2018-12-12 11:11:50 - [MESSAGE][PASSED] - Object: 'Object Repository/Final Object Repo/Page_MyASSIST - ASSIST - Search Pending Case For Add Supporting Document/Search Reference No' is clicked on

2018-12-12 11:11:50 - [TEST_STEP][PASSED] - delay: Delayed 2 second(s)

2018-12-12 11:11:52 - [MESSAGE][PASSED] - Delayed 2 second(s)

2018-12-12 11:11:52 - [TEST_STEP][PASSED] - click: Object: 'Object Repository/Final Object Repo/Page_MyASSIST - ASSIST - Search Pending Case For Add Supporting Document/Continue' is clicked on

2018-12-12 11:11:56 - [MESSAGE][PASSED] - Object: 'Object Repository/Final Object Repo/Page_MyASSIST - ASSIST - Search Pending Case For Add Supporting Document/Continue' is clicked on

2018-12-12 11:11:56 - [TEST_STEP][PASSED] - delay: Delayed 20 second(s)

2018-12-12 11:12:16 - [MESSAGE][PASSED] - Delayed 20 second(s)

2018-12-12 11:12:16 - [MESSAGE][PASSED] - Call Test Case 'Test Cases/Final Aug 2018 - PKS Automation/Registration Module/Workflow/Login and Search Case For Workflow' successfully

2018-12-12 11:12:16 - [TEST_STEP][PASSED] - delay: Delayed 2 second(s)

2018-12-12 11:12:18 - [MESSAGE][PASSED] - Delayed 2 second(s)

2018-12-12 11:12:18 - [TEST_STEP][PASSED] - click: Object: 'Object Repository/Final Object Repo/Page_Update Employee Information By Employee/Page_Update Employee Information By Employee (Approve)/Continue' is clicked on

2018-12-12 11:12:21 - [MESSAGE][PASSED] - Object: 'Object Repository/Final Object Repo/Page_Update Employee Information By Employee/Page_Update Employee Information By Employee (Approve)/Continue' is clicked on

2018-12-12 11:12:21 - [TEST_STEP][PASSED] - delay: Delayed 10 second(s)

2018-12-12 11:12:31 - [MESSAGE][PASSED] - Delayed 10 second(s)

2018-12-12 11:12:31 - [TEST_STEP][PASSED] - click: Object: 'Object Repository/Final Object Repo/Page_Update Employee Information By Employer/Page_Update Employee Information by Employer (Approve)/Save  Continue in Update Employee Information Page' is clicked on

2018-12-12 11:12:32 - [MESSAGE][PASSED] - Object: 'Object Repository/Final Object Repo/Page_Update Employee Information By Employer/Page_Update Employee Information by Employer (Approve)/Save  Continue in Update Employee Information Page' is clicked on

2018-12-12 11:12:32 - [TEST_STEP][PASSED] - delay: Delayed 2 second(s)

2018-12-12 11:12:34 - [MESSAGE][PASSED] - Delayed 2 second(s)

2018-12-12 11:12:34 - [TEST_STEP][PASSED] - click: Object: 'Object Repository/Final Object Repo/Page_Update Employee Information By Employer/Page_Update Employee Information by Employer (Approve)/Save  Continue in Upload Supporting Doucument Page' is clicked on

2018-12-12 11:12:35 - [MESSAGE][PASSED] - Object: 'Object Repository/Final Object Repo/Page_Update Employee Information By Employer/Page_Update Employee Information by Employer (Approve)/Save  Continue in Upload Supporting Doucument Page' is clicked on

2018-12-12 11:12:35 - [TEST_STEP][PASSED] - delay: Delayed 2 second(s)

2018-12-12 11:12:37 - [MESSAGE][PASSED] - Delayed 2 second(s)

2018-12-12 11:12:37 - [TEST_STEP][PASSED] - click: Object: 'Object Repository/Final Object Repo/Page_Update Employee Information By Employee/Page_Update Employee Information by Employee (Reject)/Reject' is clicked on

2018-12-12 11:12:39 - [MESSAGE][PASSED] - Object: 'Object Repository/Final Object Repo/Page_Update Employee Information By Employee/Page_Update Employee Information by Employee (Reject)/Reject' is clicked on

2018-12-12 11:12:39 - [TEST_STEP][PASSED] - delay: Delayed 2 second(s)

2018-12-12 11:12:41 - [MESSAGE][PASSED] - Delayed 2 second(s)

2018-12-12 11:12:41 - [TEST_STEP][PASSED] - click: Object: 'Object Repository/Final Object Repo/Page_Update Employee Information By Employee/Page_Update Employee Information by Employee (Reject)/Confirm' is clicked on

2018-12-12 11:12:41 - [MESSAGE][PASSED] - Object: 'Object Repository/Final Object Repo/Page_Update Employee Information By Employee/Page_Update Employee Information by Employee (Reject)/Confirm' is clicked on

2018-12-12 11:12:41 - [TEST_STEP][PASSED] - delay: Delayed 2 second(s)

2018-12-12 11:12:43 - [MESSAGE][PASSED] - Delayed 2 second(s)

2018-12-12 11:12:43 - [TEST_STEP][PASSED] - verifyElementVisible: Object 'Object Repository/Final Object Repo/Page_Update Employee Information By Employee/Page_Update Employee Information by Employee (Reject)/Message This Case has been Rejected' is visible

2018-12-12 11:12:46 - [MESSAGE][PASSED] - Object 'Object Repository/Final Object Repo/Page_Update Employee Information By Employee/Page_Update Employee Information by Employee (Reject)/Message This Case has been Rejected' is visible

2018-12-12 11:12:46 - [TEST_STEP][PASSED] - verifyElementVisible: Object 'Object Repository/Final Object Repo/Page_Update Employee Information By Employee/Page_Update Employee Information by Employee (Reject)/Letter of update rejection' is visible

2018-12-12 11:12:46 - [MESSAGE][PASSED] - Object 'Object Repository/Final Object Repo/Page_Update Employee Information By Employee/Page_Update Employee Information by Employee (Reject)/Letter of update rejection' is visible

2018-12-12 11:12:46 - [MESSAGE][PASSED] - Call Test Case 'Test Cases/Final Aug 2018 - PKS Automation/Registration Module/Workflow/Update Employee Information (Employee)/Template/Update Employee Information - Special Case - UO (Reject)' successfully]]></system-out>
         <system-err><![CDATA[]]></system-err>
      </testcase>
      <testcase name="Test Cases/Final Aug 2018 - PKS Automation/Registration Module/Workflow/Update Employee Information (Employee)/PAU to UO (Under enforcement)" classname="Test Cases/Final Aug 2018 - PKS Automation/Registration Module/Workflow/Update Employee Information (Employee)/PAU to UO (Under enforcement)" status="PASSED">
         <system-out><![CDATA[2018-12-12 11:12:46 - [TEST_CASE][PASSED] - Test Cases/Final Aug 2018 - PKS Automation/Registration Module/Workflow/Update Employee Information (Employee)/PAU to UO (Under enforcement): Test Cases/Final Aug 2018 - PKS Automation/Registration Module/Workflow/Update Employee Information (Employee)/PAU to UO (Under enforcement)

2018-12-12 11:12:46 - [TEST_STEP][PASSED] - callTestCase: Call Test Case 'Test Cases/Final Aug 2018 - PKS Automation/Registration Module/Workflow/Update Employee Information (Employee)/Template/Update Employee Information - Special Case (PAU)' successfully

2018-12-12 11:12:46 - [TEST_CASE][PASSED] - Test Cases/Final Aug 2018 - PKS Automation/Registration Module/Workflow/Update Employee Information (Employee)/Template/Update Employee Information - Special Case (PAU): Test Cases/Final Aug 2018 - PKS Automation/Registration Module/Workflow/Update Employee Information (Employee)/Template/Update Employee Information - Special Case (PAU)

2018-12-12 11:12:46 - [TEST_STEP][PASSED] - openBrowser: Browser is opened with url: ''

2018-12-12 11:12:46 - [MESSAGE][WARNING] - A browser is already opened. Closing browser and opening a new one

2018-12-12 11:12:50 - [MESSAGE][PASSED] - Browser is opened with url: ''

2018-12-12 11:12:50 - [TEST_STEP][PASSED] - navigateToUrl: Navigate to 'https://assist2-uat.perkeso.gov.my/login' successfully

2018-12-12 11:12:51 - [MESSAGE][PASSED] - Navigate to 'https://assist2-uat.perkeso.gov.my/login' successfully

2018-12-12 11:12:51 - [TEST_STEP][PASSED] - setText: Text 'johorpau1@gmail.com' is set on object 'Object Repository/Final Object Repo/Login Page/Internal User/Email Address'

2018-12-12 11:12:52 - [MESSAGE][PASSED] - Text 'johorpau1@gmail.com' is set on object 'Object Repository/Final Object Repo/Login Page/Internal User/Email Address'

2018-12-12 11:12:52 - [TEST_STEP][PASSED] - click: Object: 'Object Repository/Final Object Repo/Login Page/Internal User/Next Button' is clicked on

2018-12-12 11:12:52 - [MESSAGE][PASSED] - Object: 'Object Repository/Final Object Repo/Login Page/Internal User/Next Button' is clicked on

2018-12-12 11:12:52 - [TEST_STEP][PASSED] - delay: Delayed 1 second(s)

2018-12-12 11:12:53 - [MESSAGE][PASSED] - Delayed 1 second(s)

2018-12-12 11:12:53 - [TEST_STEP][PASSED] - setEncryptedText: Text ****** has been set on object 'Object Repository/Final Object Repo/Login Page/Internal User/Password'

2018-12-12 11:12:53 - [MESSAGE][PASSED] - Text ****** has been set on object 'Object Repository/Final Object Repo/Login Page/Internal User/Password'

2018-12-12 11:12:53 - [TEST_STEP][PASSED] - click: Object: 'Object Repository/Final Object Repo/Login Page/Internal User/Login Button' is clicked on

2018-12-12 11:12:53 - [MESSAGE][PASSED] - Object: 'Object Repository/Final Object Repo/Login Page/Internal User/Login Button' is clicked on

2018-12-12 11:12:53 - [TEST_STEP][PASSED] - Statement - tester = com.kms.katalon.core.testobject.ObjectRepository.findTestObject(Final Object Repo/Landing Page/Select to English): Finding Test Object with id 'Object Repository/Final Object Repo/Landing Page/Select to English'

2018-12-12 11:12:53 - [TEST_STEP][PASSED] - Statement - Try: Delayed 2 second(s)

2018-12-12 11:12:53 - [TEST_STEP][PASSED] - Statement - Checker = com.kms.katalon.core.webui.keyword.WebUiBuiltInKeywords.verifyElementNotPresent(tester, 3): Web element with id: 'Object Repository/Final Object Repo/Landing Page/Select to English' located by 'By.xpath: //a[@class = 'taglib-language-list-text' and @lang = 'en-US' and (contains(text(), 'EN') or contains(., 'EN'))]' is not present after '3' second(s)

2018-12-12 11:12:55 - [MESSAGE][PASSED] - Web element with id: 'Object Repository/Final Object Repo/Landing Page/Select to English' located by 'By.xpath: //a[@class = 'taglib-language-list-text' and @lang = 'en-US' and (contains(text(), 'EN') or contains(., 'EN'))]' is not present after '3' second(s)

2018-12-12 11:12:55 - [TEST_STEP][PASSED] - Statement - If (Checker == false): null

2018-12-12 11:12:55 - [TEST_STEP][PASSED] - delay: Delayed 2 second(s)

2018-12-12 11:12:57 - [MESSAGE][PASSED] - Delayed 2 second(s)

2018-12-12 11:12:57 - [TEST_STEP][PASSED] - delay: Delayed 5 second(s)

2018-12-12 11:13:02 - [MESSAGE][PASSED] - Delayed 5 second(s)

2018-12-12 11:13:02 - [TEST_STEP][PASSED] - navigateToUrl: Navigate to 'https://assist2-uat.perkeso.gov.my/web/registration/update/update-employee-information-employee-' successfully

2018-12-12 11:13:03 - [MESSAGE][PASSED] - Navigate to 'https://assist2-uat.perkeso.gov.my/web/registration/update/update-employee-information-employee-' successfully

2018-12-12 11:13:03 - [TEST_STEP][PASSED] - click: Object: 'Object Repository/Final Object Repo/Page_Update Employee Information By Employee/Type of Identification' is clicked on

2018-12-12 11:13:03 - [MESSAGE][PASSED] - Object: 'Object Repository/Final Object Repo/Page_Update Employee Information By Employee/Type of Identification' is clicked on

2018-12-12 11:13:03 - [TEST_STEP][PASSED] - click: Object: 'Object Repository/Final Object Repo/Page Update Employee Information By Employee/Type of Identification - Name' is clicked on

2018-12-12 11:13:03 - [MESSAGE][PASSED] - Object: 'Object Repository/Final Object Repo/Page Update Employee Information By Employee/Type of Identification - Name' is clicked on

2018-12-12 11:13:03 - [TEST_STEP][PASSED] - setText: Text 'YUKI JR B' is set on object 'Object Repository/Final Object Repo/Page_Update Employee Information By Employee/New Identification'

2018-12-12 11:13:03 - [MESSAGE][PASSED] - Text 'YUKI JR B' is set on object 'Object Repository/Final Object Repo/Page_Update Employee Information By Employee/New Identification'

2018-12-12 11:13:03 - [TEST_STEP][PASSED] - click: Object: 'Object Repository/Final Object Repo/Page_Update Employee Information By Employee/Search Button' is clicked on

2018-12-12 11:13:04 - [MESSAGE][PASSED] - Object: 'Object Repository/Final Object Repo/Page_Update Employee Information By Employee/Search Button' is clicked on

2018-12-12 11:13:04 - [TEST_STEP][PASSED] - click: Object: 'Object Repository/Final Object Repo/Page_Update Employee Information By Employee/Edit Button' is clicked on

2018-12-12 11:13:08 - [MESSAGE][PASSED] - Object: 'Object Repository/Final Object Repo/Page_Update Employee Information By Employee/Edit Button' is clicked on

2018-12-12 11:13:08 - [TEST_STEP][PASSED] - delay: Delayed 2 second(s)

2018-12-12 11:13:10 - [MESSAGE][PASSED] - Delayed 2 second(s)

2018-12-12 11:13:10 - [TEST_STEP][PASSED] - click: Object: 'Object Repository/Final Object Repo/Page_Update Employee Information By Employee/Employee Information Edit Button' is clicked on

2018-12-12 11:13:10 - [MESSAGE][PASSED] - Object: 'Object Repository/Final Object Repo/Page_Update Employee Information By Employee/Employee Information Edit Button' is clicked on

2018-12-12 11:13:10 - [TEST_STEP][PASSED] - delay: Delayed 2 second(s)

2018-12-12 11:13:12 - [MESSAGE][PASSED] - Delayed 2 second(s)

2018-12-12 11:13:12 - [TEST_STEP][PASSED] - click: Object: 'Object Repository/Final Object Repo/Page_Update Employee Information By Employee/New Identification Number' is clicked on

2018-12-12 11:13:12 - [MESSAGE][PASSED] - Object: 'Object Repository/Final Object Repo/Page_Update Employee Information By Employee/New Identification Number' is clicked on

2018-12-12 11:13:12 - [TEST_STEP][PASSED] - setText: Text '' is set on object 'Object Repository/Final Object Repo/Page_Update Employee Information By Employee/New Identification Number'

2018-12-12 11:13:12 - [MESSAGE][PASSED] - Text '' is set on object 'Object Repository/Final Object Repo/Page_Update Employee Information By Employee/New Identification Number'

2018-12-12 11:13:12 - [TEST_STEP][PASSED] - Statement - rnd = new java.util.Random(): null

2018-12-12 11:13:12 - [TEST_STEP][PASSED] - Statement - snum = rnd.nextInt(899999 + 1) + 100000: null

2018-12-12 11:13:12 - [TEST_STEP][PASSED] - Statement - tnum = rnd.nextInt(899999 + 1) + 100000: null

2018-12-12 11:13:12 - [TEST_STEP][PASSED] - Statement - IC = java.lang.Integer.toString(snum) + java.lang.Integer.toString(tnum): null

2018-12-12 11:13:12 - [TEST_STEP][PASSED] - Statement - out.println(IC): null

2018-12-12 11:13:12 - [TEST_STEP][PASSED] - setText: Text '239629318478' is set on object 'Object Repository/Final Object Repo/Page_Update Employee Information By Employee/New Identification Number'

2018-12-12 11:13:12 - [MESSAGE][PASSED] - Text '239629318478' is set on object 'Object Repository/Final Object Repo/Page_Update Employee Information By Employee/New Identification Number'

2018-12-12 11:13:12 - [TEST_STEP][PASSED] - delay: Delayed 2 second(s)

2018-12-12 11:13:14 - [MESSAGE][PASSED] - Delayed 2 second(s)

2018-12-12 11:13:14 - [TEST_STEP][PASSED] - click: Object: 'Object Repository/Final Object Repo/Page_Update Employee Information By Employee/Save' is clicked on

2018-12-12 11:13:15 - [MESSAGE][PASSED] - Object: 'Object Repository/Final Object Repo/Page_Update Employee Information By Employee/Save' is clicked on

2018-12-12 11:13:15 - [TEST_STEP][PASSED] - delay: Delayed 10 second(s)

2018-12-12 11:13:25 - [MESSAGE][PASSED] - Delayed 10 second(s)

2018-12-12 11:13:25 - [TEST_STEP][PASSED] - click: Object: 'Object Repository/Final Object Repo/Page_Update Employee Information By Employee/Save  Continue in Update Employee Information' is clicked on

2018-12-12 11:13:25 - [MESSAGE][PASSED] - Object: 'Object Repository/Final Object Repo/Page_Update Employee Information By Employee/Save  Continue in Update Employee Information' is clicked on

2018-12-12 11:13:25 - [TEST_STEP][PASSED] - delay: Delayed 2 second(s)

2018-12-12 11:13:27 - [MESSAGE][PASSED] - Delayed 2 second(s)

2018-12-12 11:13:27 - [TEST_STEP][PASSED] - click: Object: 'Object Repository/Final Object Repo/Page_Update Employee Information By Employee/Save  Continue in Uploading Page' is clicked on

2018-12-12 11:13:28 - [MESSAGE][PASSED] - Object: 'Object Repository/Final Object Repo/Page_Update Employee Information By Employee/Save  Continue in Uploading Page' is clicked on

2018-12-12 11:13:28 - [TEST_STEP][PASSED] - delay: Delayed 2 second(s)

2018-12-12 11:13:30 - [MESSAGE][PASSED] - Delayed 2 second(s)

2018-12-12 11:13:30 - [TEST_STEP][PASSED] - Statement - CaseReferenceNo = com.kms.katalon.core.webui.keyword.WebUiBuiltInKeywords.getText(com.kms.katalon.core.testobject.ObjectRepository.findTestObject(Final Object Repo/Page_Update Employer Information/Reference Number in Update Employee Information Page)): Text of object 'Object Repository/Final Object Repo/Page_Update Employer Information/Reference Number in Update Employee Information Page' is: 'CUN122018C100005990'

2018-12-12 11:13:32 - [MESSAGE][PASSED] - Text of object 'Object Repository/Final Object Repo/Page_Update Employer Information/Reference Number in Update Employee Information Page' is: 'CUN122018C100005990'

2018-12-12 11:13:32 - [TEST_STEP][PASSED] - callTestCase: Call Test Case 'Test Cases/Final Aug 2018 - PKS Automation/Common/Reference Number Setter' successfully

2018-12-12 11:13:32 - [TEST_CASE][PASSED] - Test Cases/Final Aug 2018 - PKS Automation/Common/Reference Number Setter: Test Cases/Final Aug 2018 - PKS Automation/Common/Reference Number Setter

2018-12-12 11:13:32 - [TEST_STEP][PASSED] - Statement - RefNoOldFile = new java.io.File(C://Users//Admin//Desktop//PKS//Automation Reference Point//KatalonReference.txt): null

2018-12-12 11:13:32 - [TEST_STEP][PASSED] - Statement - RefNoOldFile.delete(): null

2018-12-12 11:13:32 - [TEST_STEP][PASSED] - delay: Delayed 5 second(s)

2018-12-12 11:13:37 - [MESSAGE][PASSED] - Delayed 5 second(s)

2018-12-12 11:13:37 - [TEST_STEP][PASSED] - Statement - RefNo = new java.io.File(C://Users//Admin//Desktop//PKS//Automation Reference Point//KatalonReference.txt): null

2018-12-12 11:13:37 - [TEST_STEP][PASSED] - Statement - f2 = new java.io.FileWriter(RefNo, false): null

2018-12-12 11:13:37 - [TEST_STEP][PASSED] - Statement - f2.write(CaseReferenceNo): null

2018-12-12 11:13:37 - [TEST_STEP][PASSED] - Statement - f2.close(): null

2018-12-12 11:13:37 - [TEST_STEP][PASSED] - Statement - out.println("


" + CaseReferenceNo + "


"): null

2018-12-12 11:13:37 - [MESSAGE][PASSED] - Call Test Case 'Test Cases/Final Aug 2018 - PKS Automation/Common/Reference Number Setter' successfully

2018-12-12 11:13:37 - [TEST_STEP][PASSED] - delay: Delayed 2 second(s)

2018-12-12 11:13:39 - [MESSAGE][PASSED] - Delayed 2 second(s)

2018-12-12 11:13:39 - [TEST_STEP][PASSED] - click: Object: 'Object Repository/Final Object Repo/Page_Update Employee Information By Employee/Submit' is clicked on

2018-12-12 11:13:39 - [MESSAGE][PASSED] - Object: 'Object Repository/Final Object Repo/Page_Update Employee Information By Employee/Submit' is clicked on

2018-12-12 11:13:39 - [TEST_STEP][PASSED] - delay: Delayed 2 second(s)

2018-12-12 11:13:41 - [MESSAGE][PASSED] - Delayed 2 second(s)

2018-12-12 11:13:41 - [TEST_STEP][PASSED] - click: Object: 'Object Repository/Final Object Repo/Page_Update Employee Information By Employee/Confirm Button' is clicked on

2018-12-12 11:13:41 - [MESSAGE][PASSED] - Object: 'Object Repository/Final Object Repo/Page_Update Employee Information By Employee/Confirm Button' is clicked on

2018-12-12 11:13:41 - [TEST_STEP][PASSED] - delay: Delayed 2 second(s)

2018-12-12 11:13:43 - [MESSAGE][PASSED] - Delayed 2 second(s)

2018-12-12 11:13:43 - [TEST_STEP][PASSED] - click: Object: 'Object Repository/Final Object Repo/Page_Update Employee Information By Employee/Successful Message Routed to UO' is clicked on

2018-12-12 11:13:44 - [MESSAGE][PASSED] - Object: 'Object Repository/Final Object Repo/Page_Update Employee Information By Employee/Successful Message Routed to UO' is clicked on

2018-12-12 11:13:44 - [MESSAGE][PASSED] - Call Test Case 'Test Cases/Final Aug 2018 - PKS Automation/Registration Module/Workflow/Update Employee Information (Employee)/Template/Update Employee Information - Special Case (PAU)' successfully

2018-12-12 11:13:44 - [TEST_STEP][PASSED] - callTestCase: Call Test Case 'Test Cases/Final Aug 2018 - PKS Automation/Registration Module/Workflow/Update Employee Information (Employee)/Template/Update Employee Information - Special Case - UO (Under enforcement)' successfully

2018-12-12 11:13:45 - [TEST_CASE][PASSED] - Test Cases/Final Aug 2018 - PKS Automation/Registration Module/Workflow/Update Employee Information (Employee)/Template/Update Employee Information - Special Case - UO (Under enforcement): Test Cases/Final Aug 2018 - PKS Automation/Registration Module/Workflow/Update Employee Information (Employee)/Template/Update Employee Information - Special Case - UO (Under enforcement)

2018-12-12 11:13:45 - [TEST_STEP][NOT_RUN] - callTestCase: NOT_RUN: callTestCase

2018-12-12 11:13:45 - [MESSAGE][NOT_RUN] - NOT_RUN: callTestCase

2018-12-12 11:13:45 - [TEST_STEP][PASSED] - delay: Delayed 2 second(s)

2018-12-12 11:13:47 - [MESSAGE][PASSED] - Delayed 2 second(s)

2018-12-12 11:13:47 - [TEST_STEP][PASSED] - navigateToUrl: Navigate to 'https://assist2-uat.perkeso.gov.my/c/portal/logout' successfully

2018-12-12 11:13:47 - [MESSAGE][PASSED] - Navigate to 'https://assist2-uat.perkeso.gov.my/c/portal/logout' successfully

2018-12-12 11:13:47 - [TEST_STEP][PASSED] - delay: Delayed 2 second(s)

2018-12-12 11:13:49 - [MESSAGE][PASSED] - Delayed 2 second(s)

2018-12-12 11:13:49 - [TEST_STEP][PASSED] - callTestCase: Call Test Case 'Test Cases/Final Aug 2018 - PKS Automation/Common/Reference Number Getter' successfully

2018-12-12 11:13:49 - [TEST_CASE][PASSED] - Test Cases/Final Aug 2018 - PKS Automation/Common/Reference Number Getter: Test Cases/Final Aug 2018 - PKS Automation/Common/Reference Number Getter

2018-12-12 11:13:49 - [TEST_STEP][PASSED] - Statement - Try: null

2018-12-12 11:13:49 - [TEST_STEP][PASSED] - Statement - RefNo = new java.io.File(C://Users//Admin//Desktop//PKS//Automation Reference Point//KatalonReference.txt): null

2018-12-12 11:13:49 - [TEST_STEP][PASSED] - Statement - bufferread = new java.io.BufferedReader(new java.io.FileReader(RefNo)): null

2018-12-12 11:13:49 - [TEST_STEP][PASSED] - Statement - readedVal = bufferread.readLine(): null

2018-12-12 11:13:49 - [TEST_STEP][PASSED] - Statement - out.println(CaseReferenceNo): null

2018-12-12 11:13:49 - [TEST_STEP][PASSED] - Statement - out.println(readedVal): null

2018-12-12 11:13:49 - [TEST_STEP][PASSED] - Statement - CaseReferenceNo = "": null

2018-12-12 11:13:49 - [TEST_STEP][PASSED] - Statement - CaseReferenceNo = readedVal: null

2018-12-12 11:13:49 - [MESSAGE][PASSED] - Call Test Case 'Test Cases/Final Aug 2018 - PKS Automation/Common/Reference Number Getter' successfully

2018-12-12 11:13:49 - [TEST_STEP][PASSED] - callTestCase: Call Test Case 'Test Cases/Final Aug 2018 - PKS Automation/Common/Workflow Owner Finder' successfully

2018-12-12 11:13:49 - [TEST_CASE][PASSED] - Test Cases/Final Aug 2018 - PKS Automation/Common/Workflow Owner Finder: Test Cases/Final Aug 2018 - PKS Automation/Common/Workflow Owner Finder

2018-12-12 11:13:50 - [TEST_STEP][PASSED] - openBrowser: Browser is opened with url: ''

2018-12-12 11:13:50 - [MESSAGE][WARNING] - A browser is already opened. Closing browser and opening a new one

2018-12-12 11:13:53 - [MESSAGE][PASSED] - Browser is opened with url: ''

2018-12-12 11:13:53 - [TEST_STEP][PASSED] - navigateToUrl: Navigate to 'https://assist2-uat.perkeso.gov.my/login' successfully

2018-12-12 11:13:54 - [MESSAGE][PASSED] - Navigate to 'https://assist2-uat.perkeso.gov.my/login' successfully

2018-12-12 11:13:54 - [TEST_STEP][PASSED] - delay: Delayed 5 second(s)

2018-12-12 11:13:59 - [MESSAGE][PASSED] - Delayed 5 second(s)

2018-12-12 11:13:59 - [TEST_STEP][PASSED] - setText: Text 'test@liferay.com' is set on object 'Object Repository/Final Object Repo/Login Page/Internal User/Email Address'

2018-12-12 11:14:00 - [MESSAGE][PASSED] - Text 'test@liferay.com' is set on object 'Object Repository/Final Object Repo/Login Page/Internal User/Email Address'

2018-12-12 11:14:00 - [TEST_STEP][PASSED] - click: Object: 'Object Repository/Final Object Repo/Login Page/Internal User/Next Button' is clicked on

2018-12-12 11:14:00 - [MESSAGE][PASSED] - Object: 'Object Repository/Final Object Repo/Login Page/Internal User/Next Button' is clicked on

2018-12-12 11:14:00 - [TEST_STEP][PASSED] - delay: Delayed 2 second(s)

2018-12-12 11:14:02 - [MESSAGE][PASSED] - Delayed 2 second(s)

2018-12-12 11:14:02 - [TEST_STEP][PASSED] - setText: Text 'test' is set on object 'Object Repository/Final Object Repo/Login Page/Internal User/Password'

2018-12-12 11:14:02 - [MESSAGE][PASSED] - Text 'test' is set on object 'Object Repository/Final Object Repo/Login Page/Internal User/Password'

2018-12-12 11:14:02 - [TEST_STEP][PASSED] - delay: Delayed 2 second(s)

2018-12-12 11:14:04 - [MESSAGE][PASSED] - Delayed 2 second(s)

2018-12-12 11:14:04 - [TEST_STEP][PASSED] - click: Object: 'Object Repository/Final Object Repo/Login Page/Internal User/Login Button' is clicked on

2018-12-12 11:14:04 - [MESSAGE][PASSED] - Object: 'Object Repository/Final Object Repo/Login Page/Internal User/Login Button' is clicked on

2018-12-12 11:14:04 - [TEST_STEP][PASSED] - Statement - tester = com.kms.katalon.core.testobject.ObjectRepository.findTestObject(Final Object Repo/Landing Page/Select to English): Finding Test Object with id 'Object Repository/Final Object Repo/Landing Page/Select to English'

2018-12-12 11:14:04 - [TEST_STEP][PASSED] - Statement - Try: Delayed 2 second(s)

2018-12-12 11:14:04 - [TEST_STEP][PASSED] - Statement - Checker = com.kms.katalon.core.webui.keyword.WebUiBuiltInKeywords.verifyElementNotPresent(tester, 3): Web element with id: 'Object Repository/Final Object Repo/Landing Page/Select to English' located by 'By.xpath: //a[@class = 'taglib-language-list-text' and @lang = 'en-US' and (contains(text(), 'EN') or contains(., 'EN'))]' is not present after '3' second(s)

2018-12-12 11:14:06 - [MESSAGE][PASSED] - Web element with id: 'Object Repository/Final Object Repo/Landing Page/Select to English' located by 'By.xpath: //a[@class = 'taglib-language-list-text' and @lang = 'en-US' and (contains(text(), 'EN') or contains(., 'EN'))]' is not present after '3' second(s)

2018-12-12 11:14:06 - [TEST_STEP][PASSED] - Statement - If (Checker == false): null

2018-12-12 11:14:06 - [TEST_STEP][PASSED] - delay: Delayed 2 second(s)

2018-12-12 11:14:08 - [MESSAGE][PASSED] - Delayed 2 second(s)

2018-12-12 11:14:08 - [TEST_STEP][PASSED] - delay: Delayed 5 second(s)

2018-12-12 11:14:13 - [MESSAGE][PASSED] - Delayed 5 second(s)

2018-12-12 11:14:13 - [TEST_STEP][PASSED] - mouseOver: Object: 'Object Repository/Final Object Repo/Landing Page/WorkFlow Menu' is hovered

2018-12-12 11:14:13 - [MESSAGE][PASSED] - Object: 'Object Repository/Final Object Repo/Landing Page/WorkFlow Menu' is hovered

2018-12-12 11:14:13 - [TEST_STEP][PASSED] - delay: Delayed 2 second(s)

2018-12-12 11:14:15 - [MESSAGE][PASSED] - Delayed 2 second(s)

2018-12-12 11:14:15 - [TEST_STEP][PASSED] - click: Object: 'Object Repository/Final Object Repo/Landing Page/Select to Workflow Listing' is clicked on

2018-12-12 11:14:16 - [MESSAGE][PASSED] - Object: 'Object Repository/Final Object Repo/Landing Page/Select to Workflow Listing' is clicked on

2018-12-12 11:14:16 - [TEST_STEP][PASSED] - delay: Delayed 2 second(s)

2018-12-12 11:14:18 - [MESSAGE][PASSED] - Delayed 2 second(s)

2018-12-12 11:14:18 - [TEST_STEP][PASSED] - click: Object: 'Object Repository/Final Object Repo/WorkFlow Listing Page/Search Information - To Put Ref No' is clicked on

2018-12-12 11:14:18 - [MESSAGE][PASSED] - Object: 'Object Repository/Final Object Repo/WorkFlow Listing Page/Search Information - To Put Ref No' is clicked on

2018-12-12 11:14:18 - [TEST_STEP][PASSED] - delay: Delayed 2 second(s)

2018-12-12 11:14:20 - [MESSAGE][PASSED] - Delayed 2 second(s)

2018-12-12 11:14:20 - [TEST_STEP][PASSED] - callTestCase: Call Test Case 'Test Cases/Final Aug 2018 - PKS Automation/Common/Reference Number Getter' successfully

2018-12-12 11:14:20 - [TEST_CASE][PASSED] - Test Cases/Final Aug 2018 - PKS Automation/Common/Reference Number Getter: Test Cases/Final Aug 2018 - PKS Automation/Common/Reference Number Getter

2018-12-12 11:14:20 - [TEST_STEP][PASSED] - Statement - Try: null

2018-12-12 11:14:20 - [TEST_STEP][PASSED] - Statement - RefNo = new java.io.File(C://Users//Admin//Desktop//PKS//Automation Reference Point//KatalonReference.txt): null

2018-12-12 11:14:20 - [TEST_STEP][PASSED] - Statement - bufferread = new java.io.BufferedReader(new java.io.FileReader(RefNo)): null

2018-12-12 11:14:20 - [TEST_STEP][PASSED] - Statement - readedVal = bufferread.readLine(): null

2018-12-12 11:14:20 - [TEST_STEP][PASSED] - Statement - out.println(CaseReferenceNo): null

2018-12-12 11:14:20 - [TEST_STEP][PASSED] - Statement - out.println(readedVal): null

2018-12-12 11:14:20 - [TEST_STEP][PASSED] - Statement - CaseReferenceNo = "": null

2018-12-12 11:14:20 - [TEST_STEP][PASSED] - Statement - CaseReferenceNo = readedVal: null

2018-12-12 11:14:20 - [MESSAGE][PASSED] - Call Test Case 'Test Cases/Final Aug 2018 - PKS Automation/Common/Reference Number Getter' successfully

2018-12-12 11:14:20 - [TEST_STEP][PASSED] - setText: Text 'CUN122018C100005990' is set on object 'Object Repository/Final Object Repo/WorkFlow Listing Page/Ref No Set Text'

2018-12-12 11:14:21 - [MESSAGE][PASSED] - Text 'CUN122018C100005990' is set on object 'Object Repository/Final Object Repo/WorkFlow Listing Page/Ref No Set Text'

2018-12-12 11:14:21 - [TEST_STEP][PASSED] - delay: Delayed 2 second(s)

2018-12-12 11:14:23 - [MESSAGE][PASSED] - Delayed 2 second(s)

2018-12-12 11:14:23 - [TEST_STEP][PASSED] - click: Object: 'Object Repository/Final Object Repo/WorkFlow Listing Page/Search Ref No Search Button' is clicked on

2018-12-12 11:14:23 - [MESSAGE][PASSED] - Object: 'Object Repository/Final Object Repo/WorkFlow Listing Page/Search Ref No Search Button' is clicked on

2018-12-12 11:14:23 - [TEST_STEP][PASSED] - delay: Delayed 6 second(s)

2018-12-12 11:14:29 - [MESSAGE][PASSED] - Delayed 6 second(s)

2018-12-12 11:14:29 - [TEST_STEP][PASSED] - click: Object: 'Object Repository/Final Object Repo/WorkFlow Listing Page/Click Continue Tooltip' is clicked on

2018-12-12 11:14:30 - [MESSAGE][PASSED] - Object: 'Object Repository/Final Object Repo/WorkFlow Listing Page/Click Continue Tooltip' is clicked on

2018-12-12 11:14:30 - [TEST_STEP][PASSED] - delay: Delayed 5 second(s)

2018-12-12 11:14:35 - [MESSAGE][PASSED] - Delayed 5 second(s)

2018-12-12 11:14:35 - [TEST_STEP][PASSED] - doubleClick: Object: 'Object Repository/Final Object Repo/WorkFlow Listing Page/Workflow Found - Listing 1' is double clicked on

2018-12-12 11:14:35 - [MESSAGE][PASSED] - Object: 'Object Repository/Final Object Repo/WorkFlow Listing Page/Workflow Found - Listing 1' is double clicked on

2018-12-12 11:14:35 - [TEST_STEP][PASSED] - Statement - println(OwnerID): null

2018-12-12 11:14:35 - [TEST_STEP][PASSED] - Statement - OwnerID = com.kms.katalon.core.webui.keyword.WebUiBuiltInKeywords.getText(com.kms.katalon.core.testobject.ObjectRepository.findTestObject(Final Object Repo/WorkFlow Listing Page/Workflow Found - Listing 1), STOP_ON_FAILURE): Text of object 'Object Repository/Final Object Repo/WorkFlow Listing Page/Workflow Found - Listing 1' is: 'JOHORuo1'

2018-12-12 11:14:35 - [MESSAGE][PASSED] - Text of object 'Object Repository/Final Object Repo/WorkFlow Listing Page/Workflow Found - Listing 1' is: 'JOHORuo1'

2018-12-12 11:14:35 - [TEST_STEP][PASSED] - Statement - OwnerID = OwnerID.toLowerCase() + "@gmail.com": null

2018-12-12 11:14:35 - [TEST_STEP][PASSED] - Statement - println(OwnerID): null

2018-12-12 11:14:35 - [TEST_STEP][PASSED] - delay: Delayed 2 second(s)

2018-12-12 11:14:37 - [MESSAGE][PASSED] - Delayed 2 second(s)

2018-12-12 11:14:37 - [MESSAGE][PASSED] - Call Test Case 'Test Cases/Final Aug 2018 - PKS Automation/Common/Workflow Owner Finder' successfully

2018-12-12 11:14:37 - [TEST_STEP][PASSED] - delay: Delayed 2 second(s)

2018-12-12 11:14:39 - [MESSAGE][PASSED] - Delayed 2 second(s)

2018-12-12 11:14:39 - [TEST_STEP][PASSED] - navigateToUrl: Navigate to 'https://assist2-uat.perkeso.gov.my/c/portal/logout' successfully

2018-12-12 11:14:40 - [MESSAGE][PASSED] - Navigate to 'https://assist2-uat.perkeso.gov.my/c/portal/logout' successfully

2018-12-12 11:14:40 - [TEST_STEP][PASSED] - delay: Delayed 2 second(s)

2018-12-12 11:14:42 - [MESSAGE][PASSED] - Delayed 2 second(s)

2018-12-12 11:14:42 - [TEST_STEP][PASSED] - callTestCase: Call Test Case 'Test Cases/Final Aug 2018 - PKS Automation/Registration Module/Workflow/Login and Search Case For Workflow' successfully

2018-12-12 11:14:42 - [TEST_CASE][PASSED] - Test Cases/Final Aug 2018 - PKS Automation/Registration Module/Workflow/Login and Search Case For Workflow: Test Cases/Final Aug 2018 - PKS Automation/Registration Module/Workflow/Login and Search Case For Workflow

2018-12-12 11:14:42 - [TEST_STEP][PASSED] - navigateToUrl: Navigate to 'https://assist2-uat.perkeso.gov.my/login' successfully

2018-12-12 11:14:42 - [MESSAGE][PASSED] - Navigate to 'https://assist2-uat.perkeso.gov.my/login' successfully

2018-12-12 11:14:42 - [TEST_STEP][PASSED] - setText: Text 'johoruo1@gmail.com' is set on object 'Object Repository/Final Object Repo/Login Page/Internal User/Email Address'

2018-12-12 11:14:43 - [MESSAGE][PASSED] - Text 'johoruo1@gmail.com' is set on object 'Object Repository/Final Object Repo/Login Page/Internal User/Email Address'

2018-12-12 11:14:43 - [TEST_STEP][PASSED] - click: Object: 'Object Repository/Final Object Repo/Login Page/Internal User/Next Button' is clicked on

2018-12-12 11:14:43 - [MESSAGE][PASSED] - Object: 'Object Repository/Final Object Repo/Login Page/Internal User/Next Button' is clicked on

2018-12-12 11:14:43 - [TEST_STEP][PASSED] - delay: Delayed 1 second(s)

2018-12-12 11:14:44 - [MESSAGE][PASSED] - Delayed 1 second(s)

2018-12-12 11:14:44 - [TEST_STEP][PASSED] - setEncryptedText: Text ****** has been set on object 'Object Repository/Final Object Repo/Login Page/Internal User/Password'

2018-12-12 11:14:44 - [MESSAGE][PASSED] - Text ****** has been set on object 'Object Repository/Final Object Repo/Login Page/Internal User/Password'

2018-12-12 11:14:44 - [TEST_STEP][PASSED] - click: Object: 'Object Repository/Final Object Repo/Login Page/Internal User/Login Button' is clicked on

2018-12-12 11:14:44 - [MESSAGE][PASSED] - Object: 'Object Repository/Final Object Repo/Login Page/Internal User/Login Button' is clicked on

2018-12-12 11:14:44 - [TEST_STEP][PASSED] - delay: Delayed 2 second(s)

2018-12-12 11:14:46 - [MESSAGE][PASSED] - Delayed 2 second(s)

2018-12-12 11:14:46 - [TEST_STEP][PASSED] - Statement - Try: Delayed 2 second(s)

2018-12-12 11:14:46 - [TEST_STEP][PASSED] - Statement - Checker = false: null

2018-12-12 11:14:46 - [TEST_STEP][PASSED] - Statement - Checker = com.kms.katalon.core.webui.keyword.WebUiBuiltInKeywords.verifyElementHasAttribute(com.kms.katalon.core.testobject.ObjectRepository.findTestObject(Final Object Repo/Landing Page/BM Detecting), "href", 20, OPTIONAL): Object 'Object Repository/Final Object Repo/Landing Page/BM Detecting' has attribute 'href'

2018-12-12 11:14:46 - [MESSAGE][PASSED] - Object 'Object Repository/Final Object Repo/Landing Page/BM Detecting' has attribute 'href'

2018-12-12 11:14:46 - [TEST_STEP][PASSED] - Statement - out.println(Checker): null

2018-12-12 11:14:46 - [TEST_STEP][PASSED] - Statement - If (Checker == false): null

2018-12-12 11:14:46 - [TEST_STEP][PASSED] - Statement - Else: null

2018-12-12 11:14:46 - [TEST_STEP][PASSED] - delay: Delayed 2 second(s)

2018-12-12 11:14:48 - [MESSAGE][PASSED] - Delayed 2 second(s)

2018-12-12 11:14:48 - [TEST_STEP][PASSED] - click: Object: 'Object Repository/Final Object Repo/Page_MyASSIST - ASSIST - Search Pending Case For Add Supporting Document/Search Information' is clicked on

2018-12-12 11:14:49 - [MESSAGE][PASSED] - Object: 'Object Repository/Final Object Repo/Page_MyASSIST - ASSIST - Search Pending Case For Add Supporting Document/Search Information' is clicked on

2018-12-12 11:14:49 - [TEST_STEP][PASSED] - delay: Delayed 3 second(s)

2018-12-12 11:14:52 - [MESSAGE][PASSED] - Delayed 3 second(s)

2018-12-12 11:14:52 - [TEST_STEP][PASSED] - sendKeys: Keys 'CUN122018C100005990' sent to object: 'Object Repository/Final Object Repo/Page_MyASSIST - ASSIST - Search Pending Case For Add Supporting Document/Reference No'

2018-12-12 11:14:52 - [MESSAGE][PASSED] - Keys 'CUN122018C100005990' sent to object: 'Object Repository/Final Object Repo/Page_MyASSIST - ASSIST - Search Pending Case For Add Supporting Document/Reference No'

2018-12-12 11:14:52 - [TEST_STEP][PASSED] - click: Object: 'Object Repository/Final Object Repo/Page_MyASSIST - ASSIST - Search Pending Case For Add Supporting Document/Search Reference No' is clicked on

2018-12-12 11:14:52 - [MESSAGE][PASSED] - Object: 'Object Repository/Final Object Repo/Page_MyASSIST - ASSIST - Search Pending Case For Add Supporting Document/Search Reference No' is clicked on

2018-12-12 11:14:52 - [TEST_STEP][PASSED] - delay: Delayed 2 second(s)

2018-12-12 11:14:54 - [MESSAGE][PASSED] - Delayed 2 second(s)

2018-12-12 11:14:54 - [TEST_STEP][PASSED] - click: Object: 'Object Repository/Final Object Repo/Page_MyASSIST - ASSIST - Search Pending Case For Add Supporting Document/Continue' is clicked on

2018-12-12 11:14:58 - [MESSAGE][PASSED] - Object: 'Object Repository/Final Object Repo/Page_MyASSIST - ASSIST - Search Pending Case For Add Supporting Document/Continue' is clicked on

2018-12-12 11:14:58 - [TEST_STEP][PASSED] - delay: Delayed 20 second(s)

2018-12-12 11:15:18 - [MESSAGE][PASSED] - Delayed 20 second(s)

2018-12-12 11:15:18 - [MESSAGE][PASSED] - Call Test Case 'Test Cases/Final Aug 2018 - PKS Automation/Registration Module/Workflow/Login and Search Case For Workflow' successfully

2018-12-12 11:15:18 - [TEST_STEP][PASSED] - click: Object: 'Object Repository/Final Object Repo/Page_Update Employee Information By Employee/Page_Update Employee Information By Employee (Approve)/Continue' is clicked on

2018-12-12 11:15:21 - [MESSAGE][PASSED] - Object: 'Object Repository/Final Object Repo/Page_Update Employee Information By Employee/Page_Update Employee Information By Employee (Approve)/Continue' is clicked on

2018-12-12 11:15:21 - [TEST_STEP][PASSED] - delay: Delayed 2 second(s)

2018-12-12 11:15:23 - [MESSAGE][PASSED] - Delayed 2 second(s)

2018-12-12 11:15:23 - [TEST_STEP][PASSED] - click: Object: 'Object Repository/Final Object Repo/Page_Update Employee Information By Employer/Page_Update Employee Information by Employer (Approve)/Save  Continue in Update Employee Information Page' is clicked on

2018-12-12 11:15:23 - [MESSAGE][PASSED] - Object: 'Object Repository/Final Object Repo/Page_Update Employee Information By Employer/Page_Update Employee Information by Employer (Approve)/Save  Continue in Update Employee Information Page' is clicked on

2018-12-12 11:15:23 - [TEST_STEP][PASSED] - delay: Delayed 2 second(s)

2018-12-12 11:15:25 - [MESSAGE][PASSED] - Delayed 2 second(s)

2018-12-12 11:15:25 - [TEST_STEP][PASSED] - click: Object: 'Object Repository/Final Object Repo/Page_Update Employee Information By Employer/Page_Update Employee Information by Employer (Approve)/Save  Continue in Upload Supporting Doucument Page' is clicked on

2018-12-12 11:15:26 - [MESSAGE][PASSED] - Object: 'Object Repository/Final Object Repo/Page_Update Employee Information By Employer/Page_Update Employee Information by Employer (Approve)/Save  Continue in Upload Supporting Doucument Page' is clicked on

2018-12-12 11:15:26 - [TEST_STEP][PASSED] - delay: Delayed 2 second(s)

2018-12-12 11:15:28 - [MESSAGE][PASSED] - Delayed 2 second(s)

2018-12-12 11:15:28 - [TEST_STEP][PASSED] - click: Object: 'Object Repository/Final Object Repo/Page_Update Employee Information By Employee/Page_Update Employee Information by Employee (Under enforcement)/Under enforcement' is clicked on

2018-12-12 11:15:29 - [MESSAGE][PASSED] - Object: 'Object Repository/Final Object Repo/Page_Update Employee Information By Employee/Page_Update Employee Information by Employee (Under enforcement)/Under enforcement' is clicked on

2018-12-12 11:15:29 - [TEST_STEP][PASSED] - delay: Delayed 2 second(s)

2018-12-12 11:15:31 - [MESSAGE][PASSED] - Delayed 2 second(s)

2018-12-12 11:15:31 - [TEST_STEP][PASSED] - setText: Text 'remark' is set on object 'Object Repository/Final Object Repo/Page_Update Employee Information By Employee/Page_Update Employee Information by Employee (Under enforcement)/Under enforcement - remark'

2018-12-12 11:15:32 - [MESSAGE][PASSED] - Text 'remark' is set on object 'Object Repository/Final Object Repo/Page_Update Employee Information By Employee/Page_Update Employee Information by Employee (Under enforcement)/Under enforcement - remark'

2018-12-12 11:15:32 - [TEST_STEP][PASSED] - delay: Delayed 2 second(s)

2018-12-12 11:15:34 - [MESSAGE][PASSED] - Delayed 2 second(s)

2018-12-12 11:15:34 - [TEST_STEP][PASSED] - click: Object: 'Object Repository/Final Object Repo/Page_Update Employee Information By Employee/Page_Update Employee Information by Employee (Under enforcement)/Save  Continue in Under enforcement Page' is clicked on

2018-12-12 11:15:34 - [MESSAGE][PASSED] - Object: 'Object Repository/Final Object Repo/Page_Update Employee Information By Employee/Page_Update Employee Information by Employee (Under enforcement)/Save  Continue in Under enforcement Page' is clicked on

2018-12-12 11:15:34 - [TEST_STEP][PASSED] - click: Object: 'Object Repository/Final Object Repo/Page_Update Employee Information By Employee/Page_Update Employee Information by Employee (Under enforcement)/Message The case is under enforcement' is clicked on

2018-12-12 11:15:38 - [MESSAGE][PASSED] - Object: 'Object Repository/Final Object Repo/Page_Update Employee Information By Employee/Page_Update Employee Information by Employee (Under enforcement)/Message The case is under enforcement' is clicked on

2018-12-12 11:15:38 - [MESSAGE][PASSED] - Call Test Case 'Test Cases/Final Aug 2018 - PKS Automation/Registration Module/Workflow/Update Employee Information (Employee)/Template/Update Employee Information - Special Case - UO (Under enforcement)' successfully]]></system-out>
         <system-err><![CDATA[]]></system-err>
      </testcase>
      <testcase name="Test Cases/Final Aug 2018 - PKS Automation/Registration Module/Workflow/Update Employee Information (Employee)/PKRBO to UO (Approve)" classname="Test Cases/Final Aug 2018 - PKS Automation/Registration Module/Workflow/Update Employee Information (Employee)/PKRBO to UO (Approve)" status="PASSED">
         <system-out><![CDATA[2018-12-12 11:15:38 - [TEST_CASE][PASSED] - Test Cases/Final Aug 2018 - PKS Automation/Registration Module/Workflow/Update Employee Information (Employee)/PKRBO to UO (Approve): Test Cases/Final Aug 2018 - PKS Automation/Registration Module/Workflow/Update Employee Information (Employee)/PKRBO to UO (Approve)

2018-12-12 11:15:38 - [TEST_STEP][PASSED] - callTestCase: Call Test Case 'Test Cases/Final Aug 2018 - PKS Automation/Registration Module/Workflow/Update Employee Information (Employee)/Template/Update Employee Information - Special Case (PKRBO)' successfully

2018-12-12 11:15:38 - [TEST_CASE][PASSED] - Test Cases/Final Aug 2018 - PKS Automation/Registration Module/Workflow/Update Employee Information (Employee)/Template/Update Employee Information - Special Case (PKRBO): Test Cases/Final Aug 2018 - PKS Automation/Registration Module/Workflow/Update Employee Information (Employee)/Template/Update Employee Information - Special Case (PKRBO)

2018-12-12 11:15:38 - [TEST_STEP][PASSED] - openBrowser: Browser is opened with url: ''

2018-12-12 11:15:38 - [MESSAGE][WARNING] - A browser is already opened. Closing browser and opening a new one

2018-12-12 11:15:42 - [MESSAGE][PASSED] - Browser is opened with url: ''

2018-12-12 11:15:42 - [TEST_STEP][PASSED] - navigateToUrl: Navigate to 'https://assist2-uat.perkeso.gov.my/login' successfully

2018-12-12 11:15:43 - [MESSAGE][PASSED] - Navigate to 'https://assist2-uat.perkeso.gov.my/login' successfully

2018-12-12 11:15:43 - [TEST_STEP][PASSED] - setText: Text 'johorotc1@gmail.com' is set on object 'Object Repository/Final Object Repo/Login Page/Internal User/Email Address'

2018-12-12 11:15:44 - [MESSAGE][PASSED] - Text 'johorotc1@gmail.com' is set on object 'Object Repository/Final Object Repo/Login Page/Internal User/Email Address'

2018-12-12 11:15:44 - [TEST_STEP][PASSED] - click: Object: 'Object Repository/Final Object Repo/Login Page/Internal User/Next Button' is clicked on

2018-12-12 11:15:44 - [MESSAGE][PASSED] - Object: 'Object Repository/Final Object Repo/Login Page/Internal User/Next Button' is clicked on

2018-12-12 11:15:44 - [TEST_STEP][PASSED] - delay: Delayed 1 second(s)

2018-12-12 11:15:45 - [MESSAGE][PASSED] - Delayed 1 second(s)

2018-12-12 11:15:45 - [TEST_STEP][PASSED] - setEncryptedText: Text ****** has been set on object 'Object Repository/Final Object Repo/Login Page/Internal User/Password'

2018-12-12 11:15:45 - [MESSAGE][PASSED] - Text ****** has been set on object 'Object Repository/Final Object Repo/Login Page/Internal User/Password'

2018-12-12 11:15:45 - [TEST_STEP][PASSED] - click: Object: 'Object Repository/Final Object Repo/Login Page/Internal User/Login Button' is clicked on

2018-12-12 11:15:45 - [MESSAGE][PASSED] - Object: 'Object Repository/Final Object Repo/Login Page/Internal User/Login Button' is clicked on

2018-12-12 11:15:45 - [TEST_STEP][PASSED] - Statement - tester = com.kms.katalon.core.testobject.ObjectRepository.findTestObject(Final Object Repo/Landing Page/Select to English): Finding Test Object with id 'Object Repository/Final Object Repo/Landing Page/Select to English'

2018-12-12 11:15:45 - [TEST_STEP][PASSED] - Statement - Try: Delayed 2 second(s)

2018-12-12 11:15:45 - [TEST_STEP][PASSED] - Statement - Checker = com.kms.katalon.core.webui.keyword.WebUiBuiltInKeywords.verifyElementNotPresent(tester, 3): Web element with id: 'Object Repository/Final Object Repo/Landing Page/Select to English' located by 'By.xpath: //a[@class = 'taglib-language-list-text' and @lang = 'en-US' and (contains(text(), 'EN') or contains(., 'EN'))]' is not present after '3' second(s)

2018-12-12 11:15:47 - [MESSAGE][PASSED] - Web element with id: 'Object Repository/Final Object Repo/Landing Page/Select to English' located by 'By.xpath: //a[@class = 'taglib-language-list-text' and @lang = 'en-US' and (contains(text(), 'EN') or contains(., 'EN'))]' is not present after '3' second(s)

2018-12-12 11:15:47 - [TEST_STEP][PASSED] - Statement - If (Checker == false): null

2018-12-12 11:15:47 - [TEST_STEP][PASSED] - delay: Delayed 2 second(s)

2018-12-12 11:15:49 - [MESSAGE][PASSED] - Delayed 2 second(s)

2018-12-12 11:15:49 - [TEST_STEP][PASSED] - delay: Delayed 5 second(s)

2018-12-12 11:15:54 - [MESSAGE][PASSED] - Delayed 5 second(s)

2018-12-12 11:15:54 - [TEST_STEP][PASSED] - navigateToUrl: Navigate to 'https://assist2-uat.perkeso.gov.my/web/registration/update/update-employee-information-employee-' successfully

2018-12-12 11:15:55 - [MESSAGE][PASSED] - Navigate to 'https://assist2-uat.perkeso.gov.my/web/registration/update/update-employee-information-employee-' successfully

2018-12-12 11:15:55 - [TEST_STEP][PASSED] - click: Object: 'Object Repository/Final Object Repo/Page_Update Employee Information By Employee/Type of Identification' is clicked on

2018-12-12 11:15:55 - [MESSAGE][PASSED] - Object: 'Object Repository/Final Object Repo/Page_Update Employee Information By Employee/Type of Identification' is clicked on

2018-12-12 11:15:55 - [TEST_STEP][PASSED] - click: Object: 'Object Repository/Final Object Repo/Page Update Employee Information By Employee/Type of Identification - Name' is clicked on

2018-12-12 11:15:55 - [MESSAGE][PASSED] - Object: 'Object Repository/Final Object Repo/Page Update Employee Information By Employee/Type of Identification - Name' is clicked on

2018-12-12 11:15:55 - [TEST_STEP][PASSED] - setText: Text 'YUKI JR B' is set on object 'Object Repository/Final Object Repo/Page_Update Employee Information By Employee/New Identification'

2018-12-12 11:15:56 - [MESSAGE][PASSED] - Text 'YUKI JR B' is set on object 'Object Repository/Final Object Repo/Page_Update Employee Information By Employee/New Identification'

2018-12-12 11:15:56 - [TEST_STEP][PASSED] - click: Object: 'Object Repository/Final Object Repo/Page_Update Employee Information By Employee/Search Button' is clicked on

2018-12-12 11:15:56 - [MESSAGE][PASSED] - Object: 'Object Repository/Final Object Repo/Page_Update Employee Information By Employee/Search Button' is clicked on

2018-12-12 11:15:56 - [TEST_STEP][PASSED] - click: Object: 'Object Repository/Final Object Repo/Page_Update Employee Information By Employee/Edit Button' is clicked on

2018-12-12 11:15:59 - [MESSAGE][PASSED] - Object: 'Object Repository/Final Object Repo/Page_Update Employee Information By Employee/Edit Button' is clicked on

2018-12-12 11:15:59 - [TEST_STEP][PASSED] - delay: Delayed 2 second(s)

2018-12-12 11:16:01 - [MESSAGE][PASSED] - Delayed 2 second(s)

2018-12-12 11:16:01 - [TEST_STEP][PASSED] - click: Object: 'Object Repository/Final Object Repo/Page_Update Employee Information By Employee/Employee Information Edit Button' is clicked on

2018-12-12 11:16:01 - [MESSAGE][PASSED] - Object: 'Object Repository/Final Object Repo/Page_Update Employee Information By Employee/Employee Information Edit Button' is clicked on

2018-12-12 11:16:01 - [TEST_STEP][PASSED] - delay: Delayed 2 second(s)

2018-12-12 11:16:03 - [MESSAGE][PASSED] - Delayed 2 second(s)

2018-12-12 11:16:03 - [TEST_STEP][PASSED] - click: Object: 'Object Repository/Final Object Repo/Page_Update Employee Information By Employee/New Identification Number' is clicked on

2018-12-12 11:16:04 - [MESSAGE][PASSED] - Object: 'Object Repository/Final Object Repo/Page_Update Employee Information By Employee/New Identification Number' is clicked on

2018-12-12 11:16:04 - [TEST_STEP][PASSED] - setText: Text '' is set on object 'Object Repository/Final Object Repo/Page_Update Employee Information By Employee/New Identification Number'

2018-12-12 11:16:04 - [MESSAGE][PASSED] - Text '' is set on object 'Object Repository/Final Object Repo/Page_Update Employee Information By Employee/New Identification Number'

2018-12-12 11:16:04 - [TEST_STEP][PASSED] - Statement - rnd = new java.util.Random(): null

2018-12-12 11:16:04 - [TEST_STEP][PASSED] - Statement - snum = rnd.nextInt(899999 + 1) + 100000: null

2018-12-12 11:16:04 - [TEST_STEP][PASSED] - Statement - tnum = rnd.nextInt(899999 + 1) + 100000: null

2018-12-12 11:16:04 - [TEST_STEP][PASSED] - Statement - IC = java.lang.Integer.toString(snum) + java.lang.Integer.toString(tnum): null

2018-12-12 11:16:04 - [TEST_STEP][PASSED] - Statement - out.println(IC): null

2018-12-12 11:16:04 - [TEST_STEP][PASSED] - setText: Text '719407823063' is set on object 'Object Repository/Final Object Repo/Page_Update Employee Information By Employee/New Identification Number'

2018-12-12 11:16:04 - [MESSAGE][PASSED] - Text '719407823063' is set on object 'Object Repository/Final Object Repo/Page_Update Employee Information By Employee/New Identification Number'

2018-12-12 11:16:04 - [TEST_STEP][PASSED] - delay: Delayed 5 second(s)

2018-12-12 11:16:09 - [MESSAGE][PASSED] - Delayed 5 second(s)

2018-12-12 11:16:09 - [TEST_STEP][PASSED] - click: Object: 'Object Repository/Final Object Repo/Page_Update Employee Information By Employee/Save' is clicked on

2018-12-12 11:16:09 - [MESSAGE][PASSED] - Object: 'Object Repository/Final Object Repo/Page_Update Employee Information By Employee/Save' is clicked on

2018-12-12 11:16:09 - [TEST_STEP][PASSED] - delay: Delayed 5 second(s)

2018-12-12 11:16:14 - [MESSAGE][PASSED] - Delayed 5 second(s)

2018-12-12 11:16:14 - [TEST_STEP][PASSED] - click: Object: 'Object Repository/Final Object Repo/Page_Update Employee Information By Employee/Save  Continue in Update Employee Information' is clicked on

2018-12-12 11:16:14 - [MESSAGE][PASSED] - Object: 'Object Repository/Final Object Repo/Page_Update Employee Information By Employee/Save  Continue in Update Employee Information' is clicked on

2018-12-12 11:16:14 - [TEST_STEP][PASSED] - delay: Delayed 5 second(s)

2018-12-12 11:16:19 - [MESSAGE][PASSED] - Delayed 5 second(s)

2018-12-12 11:16:19 - [TEST_STEP][PASSED] - click: Object: 'Object Repository/Final Object Repo/Page_Update Employee Information By Employee/Save  Continue in Uploading Page' is clicked on

2018-12-12 11:16:20 - [MESSAGE][PASSED] - Object: 'Object Repository/Final Object Repo/Page_Update Employee Information By Employee/Save  Continue in Uploading Page' is clicked on

2018-12-12 11:16:20 - [TEST_STEP][PASSED] - delay: Delayed 2 second(s)

2018-12-12 11:16:22 - [MESSAGE][PASSED] - Delayed 2 second(s)

2018-12-12 11:16:22 - [TEST_STEP][PASSED] - Statement - CaseReferenceNo = com.kms.katalon.core.webui.keyword.WebUiBuiltInKeywords.getText(com.kms.katalon.core.testobject.ObjectRepository.findTestObject(Final Object Repo/Page_Update Employer Information/Reference Number in Update Employee Information Page)): Text of object 'Object Repository/Final Object Repo/Page_Update Employer Information/Reference Number in Update Employee Information Page' is: 'CUN122018C100005991'

2018-12-12 11:16:23 - [MESSAGE][PASSED] - Text of object 'Object Repository/Final Object Repo/Page_Update Employer Information/Reference Number in Update Employee Information Page' is: 'CUN122018C100005991'

2018-12-12 11:16:23 - [TEST_STEP][PASSED] - callTestCase: Call Test Case 'Test Cases/Final Aug 2018 - PKS Automation/Common/Reference Number Setter' successfully

2018-12-12 11:16:23 - [TEST_CASE][PASSED] - Test Cases/Final Aug 2018 - PKS Automation/Common/Reference Number Setter: Test Cases/Final Aug 2018 - PKS Automation/Common/Reference Number Setter

2018-12-12 11:16:23 - [TEST_STEP][PASSED] - Statement - RefNoOldFile = new java.io.File(C://Users//Admin//Desktop//PKS//Automation Reference Point//KatalonReference.txt): null

2018-12-12 11:16:23 - [TEST_STEP][PASSED] - Statement - RefNoOldFile.delete(): null

2018-12-12 11:16:23 - [TEST_STEP][PASSED] - delay: Delayed 5 second(s)

2018-12-12 11:16:28 - [MESSAGE][PASSED] - Delayed 5 second(s)

2018-12-12 11:16:28 - [TEST_STEP][PASSED] - Statement - RefNo = new java.io.File(C://Users//Admin//Desktop//PKS//Automation Reference Point//KatalonReference.txt): null

2018-12-12 11:16:28 - [TEST_STEP][PASSED] - Statement - f2 = new java.io.FileWriter(RefNo, false): null

2018-12-12 11:16:28 - [TEST_STEP][PASSED] - Statement - f2.write(CaseReferenceNo): null

2018-12-12 11:16:28 - [TEST_STEP][PASSED] - Statement - f2.close(): null

2018-12-12 11:16:28 - [TEST_STEP][PASSED] - Statement - out.println("


" + CaseReferenceNo + "


"): null

2018-12-12 11:16:28 - [MESSAGE][PASSED] - Call Test Case 'Test Cases/Final Aug 2018 - PKS Automation/Common/Reference Number Setter' successfully

2018-12-12 11:16:28 - [TEST_STEP][PASSED] - delay: Delayed 2 second(s)

2018-12-12 11:16:30 - [MESSAGE][PASSED] - Delayed 2 second(s)

2018-12-12 11:16:30 - [TEST_STEP][PASSED] - click: Object: 'Object Repository/Final Object Repo/Page_Update Employee Information By Employee/Submit' is clicked on

2018-12-12 11:16:30 - [MESSAGE][PASSED] - Object: 'Object Repository/Final Object Repo/Page_Update Employee Information By Employee/Submit' is clicked on

2018-12-12 11:16:30 - [TEST_STEP][PASSED] - delay: Delayed 2 second(s)

2018-12-12 11:16:32 - [MESSAGE][PASSED] - Delayed 2 second(s)

2018-12-12 11:16:32 - [TEST_STEP][PASSED] - click: Object: 'Object Repository/Final Object Repo/Page_Update Employee Information By Employee/Confirm Button' is clicked on

2018-12-12 11:16:33 - [MESSAGE][PASSED] - Object: 'Object Repository/Final Object Repo/Page_Update Employee Information By Employee/Confirm Button' is clicked on

2018-12-12 11:16:33 - [TEST_STEP][PASSED] - delay: Delayed 2 second(s)

2018-12-12 11:16:35 - [MESSAGE][PASSED] - Delayed 2 second(s)

2018-12-12 11:16:35 - [TEST_STEP][PASSED] - click: Object: 'Object Repository/Final Object Repo/Page_Update Employee Information By Employee/Successful Message Routed to UO' is clicked on

2018-12-12 11:16:36 - [MESSAGE][PASSED] - Object: 'Object Repository/Final Object Repo/Page_Update Employee Information By Employee/Successful Message Routed to UO' is clicked on

2018-12-12 11:16:36 - [MESSAGE][PASSED] - Call Test Case 'Test Cases/Final Aug 2018 - PKS Automation/Registration Module/Workflow/Update Employee Information (Employee)/Template/Update Employee Information - Special Case (PKRBO)' successfully

2018-12-12 11:16:36 - [TEST_STEP][PASSED] - callTestCase: Call Test Case 'Test Cases/Final Aug 2018 - PKS Automation/Registration Module/Workflow/Update Employee Information (Employee)/Template/Update Employee Information - Special Case - UO (Approve)' successfully

2018-12-12 11:16:36 - [TEST_CASE][PASSED] - Test Cases/Final Aug 2018 - PKS Automation/Registration Module/Workflow/Update Employee Information (Employee)/Template/Update Employee Information - Special Case - UO (Approve): Test Cases/Final Aug 2018 - PKS Automation/Registration Module/Workflow/Update Employee Information (Employee)/Template/Update Employee Information - Special Case - UO (Approve)

2018-12-12 11:16:36 - [TEST_STEP][NOT_RUN] - callTestCase: NOT_RUN: callTestCase

2018-12-12 11:16:36 - [MESSAGE][NOT_RUN] - NOT_RUN: callTestCase

2018-12-12 11:16:36 - [TEST_STEP][PASSED] - delay: Delayed 2 second(s)

2018-12-12 11:16:38 - [MESSAGE][PASSED] - Delayed 2 second(s)

2018-12-12 11:16:38 - [TEST_STEP][PASSED] - navigateToUrl: Navigate to 'https://assist2-uat.perkeso.gov.my/c/portal/logout' successfully

2018-12-12 11:16:39 - [MESSAGE][PASSED] - Navigate to 'https://assist2-uat.perkeso.gov.my/c/portal/logout' successfully

2018-12-12 11:16:39 - [TEST_STEP][PASSED] - delay: Delayed 2 second(s)

2018-12-12 11:16:41 - [MESSAGE][PASSED] - Delayed 2 second(s)

2018-12-12 11:16:41 - [TEST_STEP][PASSED] - callTestCase: Call Test Case 'Test Cases/Final Aug 2018 - PKS Automation/Common/Reference Number Getter' successfully

2018-12-12 11:16:41 - [TEST_CASE][PASSED] - Test Cases/Final Aug 2018 - PKS Automation/Common/Reference Number Getter: Test Cases/Final Aug 2018 - PKS Automation/Common/Reference Number Getter

2018-12-12 11:16:41 - [TEST_STEP][PASSED] - Statement - Try: null

2018-12-12 11:16:41 - [TEST_STEP][PASSED] - Statement - RefNo = new java.io.File(C://Users//Admin//Desktop//PKS//Automation Reference Point//KatalonReference.txt): null

2018-12-12 11:16:41 - [TEST_STEP][PASSED] - Statement - bufferread = new java.io.BufferedReader(new java.io.FileReader(RefNo)): null

2018-12-12 11:16:41 - [TEST_STEP][PASSED] - Statement - readedVal = bufferread.readLine(): null

2018-12-12 11:16:41 - [TEST_STEP][PASSED] - Statement - out.println(CaseReferenceNo): null

2018-12-12 11:16:41 - [TEST_STEP][PASSED] - Statement - out.println(readedVal): null

2018-12-12 11:16:41 - [TEST_STEP][PASSED] - Statement - CaseReferenceNo = "": null

2018-12-12 11:16:41 - [TEST_STEP][PASSED] - Statement - CaseReferenceNo = readedVal: null

2018-12-12 11:16:41 - [MESSAGE][PASSED] - Call Test Case 'Test Cases/Final Aug 2018 - PKS Automation/Common/Reference Number Getter' successfully

2018-12-12 11:16:41 - [TEST_STEP][PASSED] - callTestCase: Call Test Case 'Test Cases/Final Aug 2018 - PKS Automation/Common/Workflow Owner Finder' successfully

2018-12-12 11:16:41 - [TEST_CASE][PASSED] - Test Cases/Final Aug 2018 - PKS Automation/Common/Workflow Owner Finder: Test Cases/Final Aug 2018 - PKS Automation/Common/Workflow Owner Finder

2018-12-12 11:16:41 - [TEST_STEP][PASSED] - openBrowser: Browser is opened with url: ''

2018-12-12 11:16:41 - [MESSAGE][WARNING] - A browser is already opened. Closing browser and opening a new one

2018-12-12 11:16:45 - [MESSAGE][PASSED] - Browser is opened with url: ''

2018-12-12 11:16:45 - [TEST_STEP][PASSED] - navigateToUrl: Navigate to 'https://assist2-uat.perkeso.gov.my/login' successfully

2018-12-12 11:16:46 - [MESSAGE][PASSED] - Navigate to 'https://assist2-uat.perkeso.gov.my/login' successfully

2018-12-12 11:16:46 - [TEST_STEP][PASSED] - delay: Delayed 5 second(s)

2018-12-12 11:16:51 - [MESSAGE][PASSED] - Delayed 5 second(s)

2018-12-12 11:16:51 - [TEST_STEP][PASSED] - setText: Text 'test@liferay.com' is set on object 'Object Repository/Final Object Repo/Login Page/Internal User/Email Address'

2018-12-12 11:16:51 - [MESSAGE][PASSED] - Text 'test@liferay.com' is set on object 'Object Repository/Final Object Repo/Login Page/Internal User/Email Address'

2018-12-12 11:16:51 - [TEST_STEP][PASSED] - click: Object: 'Object Repository/Final Object Repo/Login Page/Internal User/Next Button' is clicked on

2018-12-12 11:16:51 - [MESSAGE][PASSED] - Object: 'Object Repository/Final Object Repo/Login Page/Internal User/Next Button' is clicked on

2018-12-12 11:16:51 - [TEST_STEP][PASSED] - delay: Delayed 2 second(s)

2018-12-12 11:16:53 - [MESSAGE][PASSED] - Delayed 2 second(s)

2018-12-12 11:16:53 - [TEST_STEP][PASSED] - setText: Text 'test' is set on object 'Object Repository/Final Object Repo/Login Page/Internal User/Password'

2018-12-12 11:16:54 - [MESSAGE][PASSED] - Text 'test' is set on object 'Object Repository/Final Object Repo/Login Page/Internal User/Password'

2018-12-12 11:16:54 - [TEST_STEP][PASSED] - delay: Delayed 2 second(s)

2018-12-12 11:16:56 - [MESSAGE][PASSED] - Delayed 2 second(s)

2018-12-12 11:16:56 - [TEST_STEP][PASSED] - click: Object: 'Object Repository/Final Object Repo/Login Page/Internal User/Login Button' is clicked on

2018-12-12 11:16:56 - [MESSAGE][PASSED] - Object: 'Object Repository/Final Object Repo/Login Page/Internal User/Login Button' is clicked on

2018-12-12 11:16:56 - [TEST_STEP][PASSED] - Statement - tester = com.kms.katalon.core.testobject.ObjectRepository.findTestObject(Final Object Repo/Landing Page/Select to English): Finding Test Object with id 'Object Repository/Final Object Repo/Landing Page/Select to English'

2018-12-12 11:16:56 - [TEST_STEP][PASSED] - Statement - Try: Delayed 2 second(s)

2018-12-12 11:16:56 - [TEST_STEP][PASSED] - Statement - Checker = com.kms.katalon.core.webui.keyword.WebUiBuiltInKeywords.verifyElementNotPresent(tester, 3): Web element with id: 'Object Repository/Final Object Repo/Landing Page/Select to English' located by 'By.xpath: //a[@class = 'taglib-language-list-text' and @lang = 'en-US' and (contains(text(), 'EN') or contains(., 'EN'))]' is not present after '3' second(s)

2018-12-12 11:16:58 - [MESSAGE][PASSED] - Web element with id: 'Object Repository/Final Object Repo/Landing Page/Select to English' located by 'By.xpath: //a[@class = 'taglib-language-list-text' and @lang = 'en-US' and (contains(text(), 'EN') or contains(., 'EN'))]' is not present after '3' second(s)

2018-12-12 11:16:58 - [TEST_STEP][PASSED] - Statement - If (Checker == false): null

2018-12-12 11:16:58 - [TEST_STEP][PASSED] - delay: Delayed 2 second(s)

2018-12-12 11:17:00 - [MESSAGE][PASSED] - Delayed 2 second(s)

2018-12-12 11:17:00 - [TEST_STEP][PASSED] - delay: Delayed 5 second(s)

2018-12-12 11:17:05 - [MESSAGE][PASSED] - Delayed 5 second(s)

2018-12-12 11:17:05 - [TEST_STEP][PASSED] - mouseOver: Object: 'Object Repository/Final Object Repo/Landing Page/WorkFlow Menu' is hovered

2018-12-12 11:17:05 - [MESSAGE][PASSED] - Object: 'Object Repository/Final Object Repo/Landing Page/WorkFlow Menu' is hovered

2018-12-12 11:17:05 - [TEST_STEP][PASSED] - delay: Delayed 2 second(s)

2018-12-12 11:17:07 - [MESSAGE][PASSED] - Delayed 2 second(s)

2018-12-12 11:17:07 - [TEST_STEP][PASSED] - click: Object: 'Object Repository/Final Object Repo/Landing Page/Select to Workflow Listing' is clicked on

2018-12-12 11:17:08 - [MESSAGE][PASSED] - Object: 'Object Repository/Final Object Repo/Landing Page/Select to Workflow Listing' is clicked on

2018-12-12 11:17:08 - [TEST_STEP][PASSED] - delay: Delayed 2 second(s)

2018-12-12 11:17:10 - [MESSAGE][PASSED] - Delayed 2 second(s)

2018-12-12 11:17:10 - [TEST_STEP][PASSED] - click: Object: 'Object Repository/Final Object Repo/WorkFlow Listing Page/Search Information - To Put Ref No' is clicked on

2018-12-12 11:17:10 - [MESSAGE][PASSED] - Object: 'Object Repository/Final Object Repo/WorkFlow Listing Page/Search Information - To Put Ref No' is clicked on

2018-12-12 11:17:10 - [TEST_STEP][PASSED] - delay: Delayed 2 second(s)

2018-12-12 11:17:12 - [MESSAGE][PASSED] - Delayed 2 second(s)

2018-12-12 11:17:12 - [TEST_STEP][PASSED] - callTestCase: Call Test Case 'Test Cases/Final Aug 2018 - PKS Automation/Common/Reference Number Getter' successfully

2018-12-12 11:17:12 - [TEST_CASE][PASSED] - Test Cases/Final Aug 2018 - PKS Automation/Common/Reference Number Getter: Test Cases/Final Aug 2018 - PKS Automation/Common/Reference Number Getter

2018-12-12 11:17:12 - [TEST_STEP][PASSED] - Statement - Try: null

2018-12-12 11:17:12 - [TEST_STEP][PASSED] - Statement - RefNo = new java.io.File(C://Users//Admin//Desktop//PKS//Automation Reference Point//KatalonReference.txt): null

2018-12-12 11:17:12 - [TEST_STEP][PASSED] - Statement - bufferread = new java.io.BufferedReader(new java.io.FileReader(RefNo)): null

2018-12-12 11:17:12 - [TEST_STEP][PASSED] - Statement - readedVal = bufferread.readLine(): null

2018-12-12 11:17:12 - [TEST_STEP][PASSED] - Statement - out.println(CaseReferenceNo): null

2018-12-12 11:17:12 - [TEST_STEP][PASSED] - Statement - out.println(readedVal): null

2018-12-12 11:17:12 - [TEST_STEP][PASSED] - Statement - CaseReferenceNo = "": null

2018-12-12 11:17:12 - [TEST_STEP][PASSED] - Statement - CaseReferenceNo = readedVal: null

2018-12-12 11:17:12 - [MESSAGE][PASSED] - Call Test Case 'Test Cases/Final Aug 2018 - PKS Automation/Common/Reference Number Getter' successfully

2018-12-12 11:17:12 - [TEST_STEP][PASSED] - setText: Text 'CUN122018C100005991' is set on object 'Object Repository/Final Object Repo/WorkFlow Listing Page/Ref No Set Text'

2018-12-12 11:17:12 - [MESSAGE][PASSED] - Text 'CUN122018C100005991' is set on object 'Object Repository/Final Object Repo/WorkFlow Listing Page/Ref No Set Text'

2018-12-12 11:17:12 - [TEST_STEP][PASSED] - delay: Delayed 2 second(s)

2018-12-12 11:17:14 - [MESSAGE][PASSED] - Delayed 2 second(s)

2018-12-12 11:17:14 - [TEST_STEP][PASSED] - click: Object: 'Object Repository/Final Object Repo/WorkFlow Listing Page/Search Ref No Search Button' is clicked on

2018-12-12 11:17:15 - [MESSAGE][PASSED] - Object: 'Object Repository/Final Object Repo/WorkFlow Listing Page/Search Ref No Search Button' is clicked on

2018-12-12 11:17:15 - [TEST_STEP][PASSED] - delay: Delayed 6 second(s)

2018-12-12 11:17:21 - [MESSAGE][PASSED] - Delayed 6 second(s)

2018-12-12 11:17:21 - [TEST_STEP][PASSED] - click: Object: 'Object Repository/Final Object Repo/WorkFlow Listing Page/Click Continue Tooltip' is clicked on

2018-12-12 11:17:21 - [MESSAGE][PASSED] - Object: 'Object Repository/Final Object Repo/WorkFlow Listing Page/Click Continue Tooltip' is clicked on

2018-12-12 11:17:21 - [TEST_STEP][PASSED] - delay: Delayed 5 second(s)

2018-12-12 11:17:26 - [MESSAGE][PASSED] - Delayed 5 second(s)

2018-12-12 11:17:26 - [TEST_STEP][PASSED] - doubleClick: Object: 'Object Repository/Final Object Repo/WorkFlow Listing Page/Workflow Found - Listing 1' is double clicked on

2018-12-12 11:17:27 - [MESSAGE][PASSED] - Object: 'Object Repository/Final Object Repo/WorkFlow Listing Page/Workflow Found - Listing 1' is double clicked on

2018-12-12 11:17:27 - [TEST_STEP][PASSED] - Statement - println(OwnerID): null

2018-12-12 11:17:27 - [TEST_STEP][PASSED] - Statement - OwnerID = com.kms.katalon.core.webui.keyword.WebUiBuiltInKeywords.getText(com.kms.katalon.core.testobject.ObjectRepository.findTestObject(Final Object Repo/WorkFlow Listing Page/Workflow Found - Listing 1), STOP_ON_FAILURE): Text of object 'Object Repository/Final Object Repo/WorkFlow Listing Page/Workflow Found - Listing 1' is: 'JOHORuo2'

2018-12-12 11:17:27 - [MESSAGE][PASSED] - Text of object 'Object Repository/Final Object Repo/WorkFlow Listing Page/Workflow Found - Listing 1' is: 'JOHORuo2'

2018-12-12 11:17:27 - [TEST_STEP][PASSED] - Statement - OwnerID = OwnerID.toLowerCase() + "@gmail.com": null

2018-12-12 11:17:27 - [TEST_STEP][PASSED] - Statement - println(OwnerID): null

2018-12-12 11:17:27 - [TEST_STEP][PASSED] - delay: Delayed 2 second(s)

2018-12-12 11:17:29 - [MESSAGE][PASSED] - Delayed 2 second(s)

2018-12-12 11:17:29 - [MESSAGE][PASSED] - Call Test Case 'Test Cases/Final Aug 2018 - PKS Automation/Common/Workflow Owner Finder' successfully

2018-12-12 11:17:29 - [TEST_STEP][PASSED] - delay: Delayed 2 second(s)

2018-12-12 11:17:31 - [MESSAGE][PASSED] - Delayed 2 second(s)

2018-12-12 11:17:31 - [TEST_STEP][PASSED] - navigateToUrl: Navigate to 'https://assist2-uat.perkeso.gov.my/c/portal/logout' successfully

2018-12-12 11:17:31 - [MESSAGE][PASSED] - Navigate to 'https://assist2-uat.perkeso.gov.my/c/portal/logout' successfully

2018-12-12 11:17:31 - [TEST_STEP][PASSED] - delay: Delayed 2 second(s)

2018-12-12 11:17:33 - [MESSAGE][PASSED] - Delayed 2 second(s)

2018-12-12 11:17:33 - [TEST_STEP][PASSED] - callTestCase: Call Test Case 'Test Cases/Final Aug 2018 - PKS Automation/Registration Module/Workflow/Login and Search Case For Workflow' successfully

2018-12-12 11:17:33 - [TEST_CASE][PASSED] - Test Cases/Final Aug 2018 - PKS Automation/Registration Module/Workflow/Login and Search Case For Workflow: Test Cases/Final Aug 2018 - PKS Automation/Registration Module/Workflow/Login and Search Case For Workflow

2018-12-12 11:17:33 - [TEST_STEP][PASSED] - navigateToUrl: Navigate to 'https://assist2-uat.perkeso.gov.my/login' successfully

2018-12-12 11:17:34 - [MESSAGE][PASSED] - Navigate to 'https://assist2-uat.perkeso.gov.my/login' successfully

2018-12-12 11:17:34 - [TEST_STEP][PASSED] - setText: Text 'johoruo2@gmail.com' is set on object 'Object Repository/Final Object Repo/Login Page/Internal User/Email Address'

2018-12-12 11:17:34 - [MESSAGE][PASSED] - Text 'johoruo2@gmail.com' is set on object 'Object Repository/Final Object Repo/Login Page/Internal User/Email Address'

2018-12-12 11:17:34 - [TEST_STEP][PASSED] - click: Object: 'Object Repository/Final Object Repo/Login Page/Internal User/Next Button' is clicked on

2018-12-12 11:17:34 - [MESSAGE][PASSED] - Object: 'Object Repository/Final Object Repo/Login Page/Internal User/Next Button' is clicked on

2018-12-12 11:17:34 - [TEST_STEP][PASSED] - delay: Delayed 1 second(s)

2018-12-12 11:17:35 - [MESSAGE][PASSED] - Delayed 1 second(s)

2018-12-12 11:17:35 - [TEST_STEP][PASSED] - setEncryptedText: Text ****** has been set on object 'Object Repository/Final Object Repo/Login Page/Internal User/Password'

2018-12-12 11:17:36 - [MESSAGE][PASSED] - Text ****** has been set on object 'Object Repository/Final Object Repo/Login Page/Internal User/Password'

2018-12-12 11:17:36 - [TEST_STEP][PASSED] - click: Object: 'Object Repository/Final Object Repo/Login Page/Internal User/Login Button' is clicked on

2018-12-12 11:17:36 - [MESSAGE][PASSED] - Object: 'Object Repository/Final Object Repo/Login Page/Internal User/Login Button' is clicked on

2018-12-12 11:17:36 - [TEST_STEP][PASSED] - delay: Delayed 2 second(s)

2018-12-12 11:17:38 - [MESSAGE][PASSED] - Delayed 2 second(s)

2018-12-12 11:17:38 - [TEST_STEP][PASSED] - Statement - Try: Delayed 2 second(s)

2018-12-12 11:17:38 - [TEST_STEP][PASSED] - Statement - Checker = false: null

2018-12-12 11:17:38 - [TEST_STEP][PASSED] - Statement - Checker = com.kms.katalon.core.webui.keyword.WebUiBuiltInKeywords.verifyElementHasAttribute(com.kms.katalon.core.testobject.ObjectRepository.findTestObject(Final Object Repo/Landing Page/BM Detecting), "href", 20, OPTIONAL): Object 'Object Repository/Final Object Repo/Landing Page/BM Detecting' has attribute 'href'

2018-12-12 11:17:38 - [MESSAGE][PASSED] - Object 'Object Repository/Final Object Repo/Landing Page/BM Detecting' has attribute 'href'

2018-12-12 11:17:38 - [TEST_STEP][PASSED] - Statement - out.println(Checker): null

2018-12-12 11:17:38 - [TEST_STEP][PASSED] - Statement - If (Checker == false): null

2018-12-12 11:17:38 - [TEST_STEP][PASSED] - Statement - Else: null

2018-12-12 11:17:38 - [TEST_STEP][PASSED] - delay: Delayed 2 second(s)

2018-12-12 11:17:40 - [MESSAGE][PASSED] - Delayed 2 second(s)

2018-12-12 11:17:40 - [TEST_STEP][PASSED] - click: Object: 'Object Repository/Final Object Repo/Page_MyASSIST - ASSIST - Search Pending Case For Add Supporting Document/Search Information' is clicked on

2018-12-12 11:17:40 - [MESSAGE][PASSED] - Object: 'Object Repository/Final Object Repo/Page_MyASSIST - ASSIST - Search Pending Case For Add Supporting Document/Search Information' is clicked on

2018-12-12 11:17:40 - [TEST_STEP][PASSED] - delay: Delayed 3 second(s)

2018-12-12 11:17:43 - [MESSAGE][PASSED] - Delayed 3 second(s)

2018-12-12 11:17:43 - [TEST_STEP][PASSED] - sendKeys: Keys 'CUN122018C100005991' sent to object: 'Object Repository/Final Object Repo/Page_MyASSIST - ASSIST - Search Pending Case For Add Supporting Document/Reference No'

2018-12-12 11:17:43 - [MESSAGE][PASSED] - Keys 'CUN122018C100005991' sent to object: 'Object Repository/Final Object Repo/Page_MyASSIST - ASSIST - Search Pending Case For Add Supporting Document/Reference No'

2018-12-12 11:17:43 - [TEST_STEP][PASSED] - click: Object: 'Object Repository/Final Object Repo/Page_MyASSIST - ASSIST - Search Pending Case For Add Supporting Document/Search Reference No' is clicked on

2018-12-12 11:17:44 - [MESSAGE][PASSED] - Object: 'Object Repository/Final Object Repo/Page_MyASSIST - ASSIST - Search Pending Case For Add Supporting Document/Search Reference No' is clicked on

2018-12-12 11:17:44 - [TEST_STEP][PASSED] - delay: Delayed 2 second(s)

2018-12-12 11:17:46 - [MESSAGE][PASSED] - Delayed 2 second(s)

2018-12-12 11:17:46 - [TEST_STEP][PASSED] - click: Object: 'Object Repository/Final Object Repo/Page_MyASSIST - ASSIST - Search Pending Case For Add Supporting Document/Continue' is clicked on

2018-12-12 11:17:49 - [MESSAGE][PASSED] - Object: 'Object Repository/Final Object Repo/Page_MyASSIST - ASSIST - Search Pending Case For Add Supporting Document/Continue' is clicked on

2018-12-12 11:17:49 - [TEST_STEP][PASSED] - delay: Delayed 20 second(s)

2018-12-12 11:18:09 - [MESSAGE][PASSED] - Delayed 20 second(s)

2018-12-12 11:18:09 - [MESSAGE][PASSED] - Call Test Case 'Test Cases/Final Aug 2018 - PKS Automation/Registration Module/Workflow/Login and Search Case For Workflow' successfully

2018-12-12 11:18:09 - [TEST_STEP][PASSED] - click: Object: 'Object Repository/Final Object Repo/Page_Update Employee Information By Employee/Page_Update Employee Information By Employee (Approve)/Continue' is clicked on

2018-12-12 11:18:13 - [MESSAGE][PASSED] - Object: 'Object Repository/Final Object Repo/Page_Update Employee Information By Employee/Page_Update Employee Information By Employee (Approve)/Continue' is clicked on

2018-12-12 11:18:13 - [TEST_STEP][PASSED] - delay: Delayed 2 second(s)

2018-12-12 11:18:15 - [MESSAGE][PASSED] - Delayed 2 second(s)

2018-12-12 11:18:15 - [TEST_STEP][PASSED] - click: Object: 'Object Repository/Final Object Repo/Page_Update Employee Information By Employee/Page_Update Employee Information By Employee (Approve)/Save  Continue in Update Employee Information Page' is clicked on

2018-12-12 11:18:15 - [MESSAGE][PASSED] - Object: 'Object Repository/Final Object Repo/Page_Update Employee Information By Employee/Page_Update Employee Information By Employee (Approve)/Save  Continue in Update Employee Information Page' is clicked on

2018-12-12 11:18:15 - [TEST_STEP][PASSED] - delay: Delayed 2 second(s)

2018-12-12 11:18:17 - [MESSAGE][PASSED] - Delayed 2 second(s)

2018-12-12 11:18:17 - [TEST_STEP][PASSED] - click: Object: 'Object Repository/Final Object Repo/Page_Update Employee Information By Employee/Page_Update Employee Information By Employee (Approve)/Save  Continue in Upload Supporting Doucument Page' is clicked on

2018-12-12 11:18:18 - [MESSAGE][PASSED] - Object: 'Object Repository/Final Object Repo/Page_Update Employee Information By Employee/Page_Update Employee Information By Employee (Approve)/Save  Continue in Upload Supporting Doucument Page' is clicked on

2018-12-12 11:18:18 - [TEST_STEP][PASSED] - delay: Delayed 2 second(s)

2018-12-12 11:18:20 - [MESSAGE][PASSED] - Delayed 2 second(s)

2018-12-12 11:18:20 - [TEST_STEP][PASSED] - click: Object: 'Object Repository/Final Object Repo/Page_Update Employee Information By Employee/Page_Update Employee Information By Employee (Approve)/Approve' is clicked on

2018-12-12 11:18:22 - [MESSAGE][PASSED] - Object: 'Object Repository/Final Object Repo/Page_Update Employee Information By Employee/Page_Update Employee Information By Employee (Approve)/Approve' is clicked on

2018-12-12 11:18:22 - [TEST_STEP][PASSED] - delay: Delayed 2 second(s)

2018-12-12 11:18:24 - [MESSAGE][PASSED] - Delayed 2 second(s)

2018-12-12 11:18:24 - [TEST_STEP][PASSED] - click: Object: 'Object Repository/Final Object Repo/Page_Update Employee Information By Employee/Page_Update Employee Information By Employee (Approve)/Confirm' is clicked on

2018-12-12 11:18:24 - [MESSAGE][PASSED] - Object: 'Object Repository/Final Object Repo/Page_Update Employee Information By Employee/Page_Update Employee Information By Employee (Approve)/Confirm' is clicked on

2018-12-12 11:18:24 - [TEST_STEP][PASSED] - delay: Delayed 2 second(s)

2018-12-12 11:18:26 - [MESSAGE][PASSED] - Delayed 2 second(s)

2018-12-12 11:18:26 - [TEST_STEP][PASSED] - click: Object: 'Object Repository/Final Object Repo/Page_Update Employee Information By Employee/Page_Update Employee Information By Employee (Approve)/Message Your Request    Update Emp' is clicked on

2018-12-12 11:18:30 - [MESSAGE][PASSED] - Object: 'Object Repository/Final Object Repo/Page_Update Employee Information By Employee/Page_Update Employee Information By Employee (Approve)/Message Your Request    Update Emp' is clicked on

2018-12-12 11:18:30 - [TEST_STEP][PASSED] - click: Object: 'Object Repository/Final Object Repo/Page_Update Employee Information By Employee/Page_Update Employee Information By Employee (Approve)/Letter of successful update' is clicked on

2018-12-12 11:18:30 - [MESSAGE][PASSED] - Object: 'Object Repository/Final Object Repo/Page_Update Employee Information By Employee/Page_Update Employee Information By Employee (Approve)/Letter of successful update' is clicked on

2018-12-12 11:18:30 - [MESSAGE][PASSED] - Call Test Case 'Test Cases/Final Aug 2018 - PKS Automation/Registration Module/Workflow/Update Employee Information (Employee)/Template/Update Employee Information - Special Case - UO (Approve)' successfully]]></system-out>
         <system-err><![CDATA[]]></system-err>
      </testcase>
      <testcase name="Test Cases/Final Aug 2018 - PKS Automation/Registration Module/Workflow/Update Employee Information (Employee)/PKRBO to UO (Query)" classname="Test Cases/Final Aug 2018 - PKS Automation/Registration Module/Workflow/Update Employee Information (Employee)/PKRBO to UO (Query)" status="PASSED">
         <system-out><![CDATA[2018-12-12 11:18:30 - [TEST_CASE][PASSED] - Test Cases/Final Aug 2018 - PKS Automation/Registration Module/Workflow/Update Employee Information (Employee)/PKRBO to UO (Query): Test Cases/Final Aug 2018 - PKS Automation/Registration Module/Workflow/Update Employee Information (Employee)/PKRBO to UO (Query)

2018-12-12 11:18:31 - [TEST_STEP][PASSED] - callTestCase: Call Test Case 'Test Cases/Final Aug 2018 - PKS Automation/Registration Module/Workflow/Update Employee Information (Employee)/Template/Update Employee Information - Special Case (PKRBO)' successfully

2018-12-12 11:18:31 - [TEST_CASE][PASSED] - Test Cases/Final Aug 2018 - PKS Automation/Registration Module/Workflow/Update Employee Information (Employee)/Template/Update Employee Information - Special Case (PKRBO): Test Cases/Final Aug 2018 - PKS Automation/Registration Module/Workflow/Update Employee Information (Employee)/Template/Update Employee Information - Special Case (PKRBO)

2018-12-12 11:18:31 - [TEST_STEP][PASSED] - openBrowser: Browser is opened with url: ''

2018-12-12 11:18:31 - [MESSAGE][WARNING] - A browser is already opened. Closing browser and opening a new one

2018-12-12 11:18:35 - [MESSAGE][PASSED] - Browser is opened with url: ''

2018-12-12 11:18:35 - [TEST_STEP][PASSED] - navigateToUrl: Navigate to 'https://assist2-uat.perkeso.gov.my/login' successfully

2018-12-12 11:18:36 - [MESSAGE][PASSED] - Navigate to 'https://assist2-uat.perkeso.gov.my/login' successfully

2018-12-12 11:18:36 - [TEST_STEP][PASSED] - setText: Text 'johorotc1@gmail.com' is set on object 'Object Repository/Final Object Repo/Login Page/Internal User/Email Address'

2018-12-12 11:18:36 - [MESSAGE][PASSED] - Text 'johorotc1@gmail.com' is set on object 'Object Repository/Final Object Repo/Login Page/Internal User/Email Address'

2018-12-12 11:18:36 - [TEST_STEP][PASSED] - click: Object: 'Object Repository/Final Object Repo/Login Page/Internal User/Next Button' is clicked on

2018-12-12 11:18:36 - [MESSAGE][PASSED] - Object: 'Object Repository/Final Object Repo/Login Page/Internal User/Next Button' is clicked on

2018-12-12 11:18:36 - [TEST_STEP][PASSED] - delay: Delayed 1 second(s)

2018-12-12 11:18:37 - [MESSAGE][PASSED] - Delayed 1 second(s)

2018-12-12 11:18:37 - [TEST_STEP][PASSED] - setEncryptedText: Text ****** has been set on object 'Object Repository/Final Object Repo/Login Page/Internal User/Password'

2018-12-12 11:18:37 - [MESSAGE][PASSED] - Text ****** has been set on object 'Object Repository/Final Object Repo/Login Page/Internal User/Password'

2018-12-12 11:18:37 - [TEST_STEP][PASSED] - click: Object: 'Object Repository/Final Object Repo/Login Page/Internal User/Login Button' is clicked on

2018-12-12 11:18:38 - [MESSAGE][PASSED] - Object: 'Object Repository/Final Object Repo/Login Page/Internal User/Login Button' is clicked on

2018-12-12 11:18:38 - [TEST_STEP][PASSED] - Statement - tester = com.kms.katalon.core.testobject.ObjectRepository.findTestObject(Final Object Repo/Landing Page/Select to English): Finding Test Object with id 'Object Repository/Final Object Repo/Landing Page/Select to English'

2018-12-12 11:18:38 - [TEST_STEP][PASSED] - Statement - Try: Delayed 2 second(s)

2018-12-12 11:18:38 - [TEST_STEP][PASSED] - Statement - Checker = com.kms.katalon.core.webui.keyword.WebUiBuiltInKeywords.verifyElementNotPresent(tester, 3): Web element with id: 'Object Repository/Final Object Repo/Landing Page/Select to English' located by 'By.xpath: //a[@class = 'taglib-language-list-text' and @lang = 'en-US' and (contains(text(), 'EN') or contains(., 'EN'))]' is not present after '3' second(s)

2018-12-12 11:18:40 - [MESSAGE][PASSED] - Web element with id: 'Object Repository/Final Object Repo/Landing Page/Select to English' located by 'By.xpath: //a[@class = 'taglib-language-list-text' and @lang = 'en-US' and (contains(text(), 'EN') or contains(., 'EN'))]' is not present after '3' second(s)

2018-12-12 11:18:40 - [TEST_STEP][PASSED] - Statement - If (Checker == false): null

2018-12-12 11:18:40 - [TEST_STEP][PASSED] - delay: Delayed 2 second(s)

2018-12-12 11:18:42 - [MESSAGE][PASSED] - Delayed 2 second(s)

2018-12-12 11:18:42 - [TEST_STEP][PASSED] - delay: Delayed 5 second(s)

2018-12-12 11:18:47 - [MESSAGE][PASSED] - Delayed 5 second(s)

2018-12-12 11:18:47 - [TEST_STEP][PASSED] - navigateToUrl: Navigate to 'https://assist2-uat.perkeso.gov.my/web/registration/update/update-employee-information-employee-' successfully

2018-12-12 11:18:48 - [MESSAGE][PASSED] - Navigate to 'https://assist2-uat.perkeso.gov.my/web/registration/update/update-employee-information-employee-' successfully

2018-12-12 11:18:48 - [TEST_STEP][PASSED] - click: Object: 'Object Repository/Final Object Repo/Page_Update Employee Information By Employee/Type of Identification' is clicked on

2018-12-12 11:18:48 - [MESSAGE][PASSED] - Object: 'Object Repository/Final Object Repo/Page_Update Employee Information By Employee/Type of Identification' is clicked on

2018-12-12 11:18:48 - [TEST_STEP][PASSED] - click: Object: 'Object Repository/Final Object Repo/Page Update Employee Information By Employee/Type of Identification - Name' is clicked on

2018-12-12 11:18:48 - [MESSAGE][PASSED] - Object: 'Object Repository/Final Object Repo/Page Update Employee Information By Employee/Type of Identification - Name' is clicked on

2018-12-12 11:18:48 - [TEST_STEP][PASSED] - setText: Text 'YUKI JR B' is set on object 'Object Repository/Final Object Repo/Page_Update Employee Information By Employee/New Identification'

2018-12-12 11:18:48 - [MESSAGE][PASSED] - Text 'YUKI JR B' is set on object 'Object Repository/Final Object Repo/Page_Update Employee Information By Employee/New Identification'

2018-12-12 11:18:48 - [TEST_STEP][PASSED] - click: Object: 'Object Repository/Final Object Repo/Page_Update Employee Information By Employee/Search Button' is clicked on

2018-12-12 11:18:49 - [MESSAGE][PASSED] - Object: 'Object Repository/Final Object Repo/Page_Update Employee Information By Employee/Search Button' is clicked on

2018-12-12 11:18:49 - [TEST_STEP][PASSED] - click: Object: 'Object Repository/Final Object Repo/Page_Update Employee Information By Employee/Edit Button' is clicked on

2018-12-12 11:18:52 - [MESSAGE][PASSED] - Object: 'Object Repository/Final Object Repo/Page_Update Employee Information By Employee/Edit Button' is clicked on

2018-12-12 11:18:52 - [TEST_STEP][PASSED] - delay: Delayed 2 second(s)

2018-12-12 11:18:54 - [MESSAGE][PASSED] - Delayed 2 second(s)

2018-12-12 11:18:54 - [TEST_STEP][PASSED] - click: Object: 'Object Repository/Final Object Repo/Page_Update Employee Information By Employee/Employee Information Edit Button' is clicked on

2018-12-12 11:18:54 - [MESSAGE][PASSED] - Object: 'Object Repository/Final Object Repo/Page_Update Employee Information By Employee/Employee Information Edit Button' is clicked on

2018-12-12 11:18:54 - [TEST_STEP][PASSED] - delay: Delayed 2 second(s)

2018-12-12 11:18:56 - [MESSAGE][PASSED] - Delayed 2 second(s)

2018-12-12 11:18:56 - [TEST_STEP][PASSED] - click: Object: 'Object Repository/Final Object Repo/Page_Update Employee Information By Employee/New Identification Number' is clicked on

2018-12-12 11:18:57 - [MESSAGE][PASSED] - Object: 'Object Repository/Final Object Repo/Page_Update Employee Information By Employee/New Identification Number' is clicked on

2018-12-12 11:18:57 - [TEST_STEP][PASSED] - setText: Text '' is set on object 'Object Repository/Final Object Repo/Page_Update Employee Information By Employee/New Identification Number'

2018-12-12 11:18:57 - [MESSAGE][PASSED] - Text '' is set on object 'Object Repository/Final Object Repo/Page_Update Employee Information By Employee/New Identification Number'

2018-12-12 11:18:57 - [TEST_STEP][PASSED] - Statement - rnd = new java.util.Random(): null

2018-12-12 11:18:57 - [TEST_STEP][PASSED] - Statement - snum = rnd.nextInt(899999 + 1) + 100000: null

2018-12-12 11:18:57 - [TEST_STEP][PASSED] - Statement - tnum = rnd.nextInt(899999 + 1) + 100000: null

2018-12-12 11:18:57 - [TEST_STEP][PASSED] - Statement - IC = java.lang.Integer.toString(snum) + java.lang.Integer.toString(tnum): null

2018-12-12 11:18:57 - [TEST_STEP][PASSED] - Statement - out.println(IC): null

2018-12-12 11:18:57 - [TEST_STEP][PASSED] - setText: Text '221881298657' is set on object 'Object Repository/Final Object Repo/Page_Update Employee Information By Employee/New Identification Number'

2018-12-12 11:18:57 - [MESSAGE][PASSED] - Text '221881298657' is set on object 'Object Repository/Final Object Repo/Page_Update Employee Information By Employee/New Identification Number'

2018-12-12 11:18:57 - [TEST_STEP][PASSED] - delay: Delayed 5 second(s)

2018-12-12 11:19:02 - [MESSAGE][PASSED] - Delayed 5 second(s)

2018-12-12 11:19:02 - [TEST_STEP][PASSED] - click: Object: 'Object Repository/Final Object Repo/Page_Update Employee Information By Employee/Save' is clicked on

2018-12-12 11:19:02 - [MESSAGE][PASSED] - Object: 'Object Repository/Final Object Repo/Page_Update Employee Information By Employee/Save' is clicked on

2018-12-12 11:19:02 - [TEST_STEP][PASSED] - delay: Delayed 5 second(s)

2018-12-12 11:19:07 - [MESSAGE][PASSED] - Delayed 5 second(s)

2018-12-12 11:19:07 - [TEST_STEP][PASSED] - click: Object: 'Object Repository/Final Object Repo/Page_Update Employee Information By Employee/Save  Continue in Update Employee Information' is clicked on

2018-12-12 11:19:07 - [MESSAGE][PASSED] - Object: 'Object Repository/Final Object Repo/Page_Update Employee Information By Employee/Save  Continue in Update Employee Information' is clicked on

2018-12-12 11:19:07 - [TEST_STEP][PASSED] - delay: Delayed 5 second(s)

2018-12-12 11:19:12 - [MESSAGE][PASSED] - Delayed 5 second(s)

2018-12-12 11:19:12 - [TEST_STEP][PASSED] - click: Object: 'Object Repository/Final Object Repo/Page_Update Employee Information By Employee/Save  Continue in Uploading Page' is clicked on

2018-12-12 11:19:13 - [MESSAGE][PASSED] - Object: 'Object Repository/Final Object Repo/Page_Update Employee Information By Employee/Save  Continue in Uploading Page' is clicked on

2018-12-12 11:19:13 - [TEST_STEP][PASSED] - delay: Delayed 2 second(s)

2018-12-12 11:19:15 - [MESSAGE][PASSED] - Delayed 2 second(s)

2018-12-12 11:19:15 - [TEST_STEP][PASSED] - Statement - CaseReferenceNo = com.kms.katalon.core.webui.keyword.WebUiBuiltInKeywords.getText(com.kms.katalon.core.testobject.ObjectRepository.findTestObject(Final Object Repo/Page_Update Employer Information/Reference Number in Update Employee Information Page)): Text of object 'Object Repository/Final Object Repo/Page_Update Employer Information/Reference Number in Update Employee Information Page' is: 'CUN122018C100005992'

2018-12-12 11:19:16 - [MESSAGE][PASSED] - Text of object 'Object Repository/Final Object Repo/Page_Update Employer Information/Reference Number in Update Employee Information Page' is: 'CUN122018C100005992'

2018-12-12 11:19:16 - [TEST_STEP][PASSED] - callTestCase: Call Test Case 'Test Cases/Final Aug 2018 - PKS Automation/Common/Reference Number Setter' successfully

2018-12-12 11:19:16 - [TEST_CASE][PASSED] - Test Cases/Final Aug 2018 - PKS Automation/Common/Reference Number Setter: Test Cases/Final Aug 2018 - PKS Automation/Common/Reference Number Setter

2018-12-12 11:19:16 - [TEST_STEP][PASSED] - Statement - RefNoOldFile = new java.io.File(C://Users//Admin//Desktop//PKS//Automation Reference Point//KatalonReference.txt): null

2018-12-12 11:19:16 - [TEST_STEP][PASSED] - Statement - RefNoOldFile.delete(): null

2018-12-12 11:19:16 - [TEST_STEP][PASSED] - delay: Delayed 5 second(s)

2018-12-12 11:19:21 - [MESSAGE][PASSED] - Delayed 5 second(s)

2018-12-12 11:19:21 - [TEST_STEP][PASSED] - Statement - RefNo = new java.io.File(C://Users//Admin//Desktop//PKS//Automation Reference Point//KatalonReference.txt): null

2018-12-12 11:19:21 - [TEST_STEP][PASSED] - Statement - f2 = new java.io.FileWriter(RefNo, false): null

2018-12-12 11:19:21 - [TEST_STEP][PASSED] - Statement - f2.write(CaseReferenceNo): null

2018-12-12 11:19:21 - [TEST_STEP][PASSED] - Statement - f2.close(): null

2018-12-12 11:19:21 - [TEST_STEP][PASSED] - Statement - out.println("


" + CaseReferenceNo + "


"): null

2018-12-12 11:19:21 - [MESSAGE][PASSED] - Call Test Case 'Test Cases/Final Aug 2018 - PKS Automation/Common/Reference Number Setter' successfully

2018-12-12 11:19:21 - [TEST_STEP][PASSED] - delay: Delayed 2 second(s)

2018-12-12 11:19:23 - [MESSAGE][PASSED] - Delayed 2 second(s)

2018-12-12 11:19:23 - [TEST_STEP][PASSED] - click: Object: 'Object Repository/Final Object Repo/Page_Update Employee Information By Employee/Submit' is clicked on

2018-12-12 11:19:24 - [MESSAGE][PASSED] - Object: 'Object Repository/Final Object Repo/Page_Update Employee Information By Employee/Submit' is clicked on

2018-12-12 11:19:24 - [TEST_STEP][PASSED] - delay: Delayed 2 second(s)

2018-12-12 11:19:26 - [MESSAGE][PASSED] - Delayed 2 second(s)

2018-12-12 11:19:26 - [TEST_STEP][PASSED] - click: Object: 'Object Repository/Final Object Repo/Page_Update Employee Information By Employee/Confirm Button' is clicked on

2018-12-12 11:19:26 - [MESSAGE][PASSED] - Object: 'Object Repository/Final Object Repo/Page_Update Employee Information By Employee/Confirm Button' is clicked on

2018-12-12 11:19:26 - [TEST_STEP][PASSED] - delay: Delayed 2 second(s)

2018-12-12 11:19:28 - [MESSAGE][PASSED] - Delayed 2 second(s)

2018-12-12 11:19:28 - [TEST_STEP][PASSED] - click: Object: 'Object Repository/Final Object Repo/Page_Update Employee Information By Employee/Successful Message Routed to UO' is clicked on

2018-12-12 11:19:29 - [MESSAGE][PASSED] - Object: 'Object Repository/Final Object Repo/Page_Update Employee Information By Employee/Successful Message Routed to UO' is clicked on

2018-12-12 11:19:29 - [MESSAGE][PASSED] - Call Test Case 'Test Cases/Final Aug 2018 - PKS Automation/Registration Module/Workflow/Update Employee Information (Employee)/Template/Update Employee Information - Special Case (PKRBO)' successfully

2018-12-12 11:19:29 - [TEST_STEP][PASSED] - callTestCase: Call Test Case 'Test Cases/Final Aug 2018 - PKS Automation/Registration Module/Workflow/Update Employee Information (Employee)/Template/Update Employee Information - Special Case - UO (Query)' successfully

2018-12-12 11:19:29 - [TEST_CASE][PASSED] - Test Cases/Final Aug 2018 - PKS Automation/Registration Module/Workflow/Update Employee Information (Employee)/Template/Update Employee Information - Special Case - UO (Query): Test Cases/Final Aug 2018 - PKS Automation/Registration Module/Workflow/Update Employee Information (Employee)/Template/Update Employee Information - Special Case - UO (Query)

2018-12-12 11:19:29 - [TEST_STEP][NOT_RUN] - callTestCase: NOT_RUN: callTestCase

2018-12-12 11:19:29 - [MESSAGE][NOT_RUN] - NOT_RUN: callTestCase

2018-12-12 11:19:29 - [TEST_STEP][PASSED] - delay: Delayed 2 second(s)

2018-12-12 11:19:31 - [MESSAGE][PASSED] - Delayed 2 second(s)

2018-12-12 11:19:31 - [TEST_STEP][PASSED] - navigateToUrl: Navigate to 'https://assist2-uat.perkeso.gov.my/c/portal/logout' successfully

2018-12-12 11:19:32 - [MESSAGE][PASSED] - Navigate to 'https://assist2-uat.perkeso.gov.my/c/portal/logout' successfully

2018-12-12 11:19:32 - [TEST_STEP][PASSED] - delay: Delayed 2 second(s)

2018-12-12 11:19:34 - [MESSAGE][PASSED] - Delayed 2 second(s)

2018-12-12 11:19:34 - [TEST_STEP][PASSED] - callTestCase: Call Test Case 'Test Cases/Final Aug 2018 - PKS Automation/Common/Reference Number Getter' successfully

2018-12-12 11:19:34 - [TEST_CASE][PASSED] - Test Cases/Final Aug 2018 - PKS Automation/Common/Reference Number Getter: Test Cases/Final Aug 2018 - PKS Automation/Common/Reference Number Getter

2018-12-12 11:19:34 - [TEST_STEP][PASSED] - Statement - Try: null

2018-12-12 11:19:34 - [TEST_STEP][PASSED] - Statement - RefNo = new java.io.File(C://Users//Admin//Desktop//PKS//Automation Reference Point//KatalonReference.txt): null

2018-12-12 11:19:34 - [TEST_STEP][PASSED] - Statement - bufferread = new java.io.BufferedReader(new java.io.FileReader(RefNo)): null

2018-12-12 11:19:34 - [TEST_STEP][PASSED] - Statement - readedVal = bufferread.readLine(): null

2018-12-12 11:19:34 - [TEST_STEP][PASSED] - Statement - out.println(CaseReferenceNo): null

2018-12-12 11:19:34 - [TEST_STEP][PASSED] - Statement - out.println(readedVal): null

2018-12-12 11:19:34 - [TEST_STEP][PASSED] - Statement - CaseReferenceNo = "": null

2018-12-12 11:19:34 - [TEST_STEP][PASSED] - Statement - CaseReferenceNo = readedVal: null

2018-12-12 11:19:34 - [MESSAGE][PASSED] - Call Test Case 'Test Cases/Final Aug 2018 - PKS Automation/Common/Reference Number Getter' successfully

2018-12-12 11:19:34 - [TEST_STEP][PASSED] - callTestCase: Call Test Case 'Test Cases/Final Aug 2018 - PKS Automation/Common/Workflow Owner Finder' successfully

2018-12-12 11:19:34 - [TEST_CASE][PASSED] - Test Cases/Final Aug 2018 - PKS Automation/Common/Workflow Owner Finder: Test Cases/Final Aug 2018 - PKS Automation/Common/Workflow Owner Finder

2018-12-12 11:19:34 - [TEST_STEP][PASSED] - openBrowser: Browser is opened with url: ''

2018-12-12 11:19:34 - [MESSAGE][WARNING] - A browser is already opened. Closing browser and opening a new one

2018-12-12 11:19:38 - [MESSAGE][PASSED] - Browser is opened with url: ''

2018-12-12 11:19:38 - [TEST_STEP][PASSED] - navigateToUrl: Navigate to 'https://assist2-uat.perkeso.gov.my/login' successfully

2018-12-12 11:19:39 - [MESSAGE][PASSED] - Navigate to 'https://assist2-uat.perkeso.gov.my/login' successfully

2018-12-12 11:19:39 - [TEST_STEP][PASSED] - delay: Delayed 5 second(s)

2018-12-12 11:19:44 - [MESSAGE][PASSED] - Delayed 5 second(s)

2018-12-12 11:19:44 - [TEST_STEP][PASSED] - setText: Text 'test@liferay.com' is set on object 'Object Repository/Final Object Repo/Login Page/Internal User/Email Address'

2018-12-12 11:19:44 - [MESSAGE][PASSED] - Text 'test@liferay.com' is set on object 'Object Repository/Final Object Repo/Login Page/Internal User/Email Address'

2018-12-12 11:19:44 - [TEST_STEP][PASSED] - click: Object: 'Object Repository/Final Object Repo/Login Page/Internal User/Next Button' is clicked on

2018-12-12 11:19:45 - [MESSAGE][PASSED] - Object: 'Object Repository/Final Object Repo/Login Page/Internal User/Next Button' is clicked on

2018-12-12 11:19:45 - [TEST_STEP][PASSED] - delay: Delayed 2 second(s)

2018-12-12 11:19:47 - [MESSAGE][PASSED] - Delayed 2 second(s)

2018-12-12 11:19:47 - [TEST_STEP][PASSED] - setText: Text 'test' is set on object 'Object Repository/Final Object Repo/Login Page/Internal User/Password'

2018-12-12 11:19:47 - [MESSAGE][PASSED] - Text 'test' is set on object 'Object Repository/Final Object Repo/Login Page/Internal User/Password'

2018-12-12 11:19:47 - [TEST_STEP][PASSED] - delay: Delayed 2 second(s)

2018-12-12 11:19:49 - [MESSAGE][PASSED] - Delayed 2 second(s)

2018-12-12 11:19:49 - [TEST_STEP][PASSED] - click: Object: 'Object Repository/Final Object Repo/Login Page/Internal User/Login Button' is clicked on

2018-12-12 11:19:49 - [MESSAGE][PASSED] - Object: 'Object Repository/Final Object Repo/Login Page/Internal User/Login Button' is clicked on

2018-12-12 11:19:49 - [TEST_STEP][PASSED] - Statement - tester = com.kms.katalon.core.testobject.ObjectRepository.findTestObject(Final Object Repo/Landing Page/Select to English): Finding Test Object with id 'Object Repository/Final Object Repo/Landing Page/Select to English'

2018-12-12 11:19:49 - [TEST_STEP][PASSED] - Statement - Try: Delayed 2 second(s)

2018-12-12 11:19:49 - [TEST_STEP][PASSED] - Statement - Checker = com.kms.katalon.core.webui.keyword.WebUiBuiltInKeywords.verifyElementNotPresent(tester, 3): Web element with id: 'Object Repository/Final Object Repo/Landing Page/Select to English' located by 'By.xpath: //a[@class = 'taglib-language-list-text' and @lang = 'en-US' and (contains(text(), 'EN') or contains(., 'EN'))]' is not present after '3' second(s)

2018-12-12 11:19:51 - [MESSAGE][PASSED] - Web element with id: 'Object Repository/Final Object Repo/Landing Page/Select to English' located by 'By.xpath: //a[@class = 'taglib-language-list-text' and @lang = 'en-US' and (contains(text(), 'EN') or contains(., 'EN'))]' is not present after '3' second(s)

2018-12-12 11:19:51 - [TEST_STEP][PASSED] - Statement - If (Checker == false): null

2018-12-12 11:19:51 - [TEST_STEP][PASSED] - delay: Delayed 2 second(s)

2018-12-12 11:19:53 - [MESSAGE][PASSED] - Delayed 2 second(s)

2018-12-12 11:19:53 - [TEST_STEP][PASSED] - delay: Delayed 5 second(s)

2018-12-12 11:19:58 - [MESSAGE][PASSED] - Delayed 5 second(s)

2018-12-12 11:19:58 - [TEST_STEP][PASSED] - mouseOver: Object: 'Object Repository/Final Object Repo/Landing Page/WorkFlow Menu' is hovered

2018-12-12 11:19:58 - [MESSAGE][PASSED] - Object: 'Object Repository/Final Object Repo/Landing Page/WorkFlow Menu' is hovered

2018-12-12 11:19:58 - [TEST_STEP][PASSED] - delay: Delayed 2 second(s)

2018-12-12 11:20:00 - [MESSAGE][PASSED] - Delayed 2 second(s)

2018-12-12 11:20:00 - [TEST_STEP][PASSED] - click: Object: 'Object Repository/Final Object Repo/Landing Page/Select to Workflow Listing' is clicked on

2018-12-12 11:20:01 - [MESSAGE][PASSED] - Object: 'Object Repository/Final Object Repo/Landing Page/Select to Workflow Listing' is clicked on

2018-12-12 11:20:01 - [TEST_STEP][PASSED] - delay: Delayed 2 second(s)

2018-12-12 11:20:03 - [MESSAGE][PASSED] - Delayed 2 second(s)

2018-12-12 11:20:03 - [TEST_STEP][PASSED] - click: Object: 'Object Repository/Final Object Repo/WorkFlow Listing Page/Search Information - To Put Ref No' is clicked on

2018-12-12 11:20:04 - [MESSAGE][PASSED] - Object: 'Object Repository/Final Object Repo/WorkFlow Listing Page/Search Information - To Put Ref No' is clicked on

2018-12-12 11:20:04 - [TEST_STEP][PASSED] - delay: Delayed 2 second(s)

2018-12-12 11:20:06 - [MESSAGE][PASSED] - Delayed 2 second(s)

2018-12-12 11:20:06 - [TEST_STEP][PASSED] - callTestCase: Call Test Case 'Test Cases/Final Aug 2018 - PKS Automation/Common/Reference Number Getter' successfully

2018-12-12 11:20:06 - [TEST_CASE][PASSED] - Test Cases/Final Aug 2018 - PKS Automation/Common/Reference Number Getter: Test Cases/Final Aug 2018 - PKS Automation/Common/Reference Number Getter

2018-12-12 11:20:06 - [TEST_STEP][PASSED] - Statement - Try: null

2018-12-12 11:20:06 - [TEST_STEP][PASSED] - Statement - RefNo = new java.io.File(C://Users//Admin//Desktop//PKS//Automation Reference Point//KatalonReference.txt): null

2018-12-12 11:20:06 - [TEST_STEP][PASSED] - Statement - bufferread = new java.io.BufferedReader(new java.io.FileReader(RefNo)): null

2018-12-12 11:20:06 - [TEST_STEP][PASSED] - Statement - readedVal = bufferread.readLine(): null

2018-12-12 11:20:06 - [TEST_STEP][PASSED] - Statement - out.println(CaseReferenceNo): null

2018-12-12 11:20:06 - [TEST_STEP][PASSED] - Statement - out.println(readedVal): null

2018-12-12 11:20:06 - [TEST_STEP][PASSED] - Statement - CaseReferenceNo = "": null

2018-12-12 11:20:06 - [TEST_STEP][PASSED] - Statement - CaseReferenceNo = readedVal: null

2018-12-12 11:20:06 - [MESSAGE][PASSED] - Call Test Case 'Test Cases/Final Aug 2018 - PKS Automation/Common/Reference Number Getter' successfully

2018-12-12 11:20:06 - [TEST_STEP][PASSED] - setText: Text 'CUN122018C100005992' is set on object 'Object Repository/Final Object Repo/WorkFlow Listing Page/Ref No Set Text'

2018-12-12 11:20:06 - [MESSAGE][PASSED] - Text 'CUN122018C100005992' is set on object 'Object Repository/Final Object Repo/WorkFlow Listing Page/Ref No Set Text'

2018-12-12 11:20:06 - [TEST_STEP][PASSED] - delay: Delayed 2 second(s)

2018-12-12 11:20:08 - [MESSAGE][PASSED] - Delayed 2 second(s)

2018-12-12 11:20:08 - [TEST_STEP][PASSED] - click: Object: 'Object Repository/Final Object Repo/WorkFlow Listing Page/Search Ref No Search Button' is clicked on

2018-12-12 11:20:08 - [MESSAGE][PASSED] - Object: 'Object Repository/Final Object Repo/WorkFlow Listing Page/Search Ref No Search Button' is clicked on

2018-12-12 11:20:08 - [TEST_STEP][PASSED] - delay: Delayed 6 second(s)

2018-12-12 11:20:14 - [MESSAGE][PASSED] - Delayed 6 second(s)

2018-12-12 11:20:14 - [TEST_STEP][PASSED] - click: Object: 'Object Repository/Final Object Repo/WorkFlow Listing Page/Click Continue Tooltip' is clicked on

2018-12-12 11:20:15 - [MESSAGE][PASSED] - Object: 'Object Repository/Final Object Repo/WorkFlow Listing Page/Click Continue Tooltip' is clicked on

2018-12-12 11:20:15 - [TEST_STEP][PASSED] - delay: Delayed 5 second(s)

2018-12-12 11:20:20 - [MESSAGE][PASSED] - Delayed 5 second(s)

2018-12-12 11:20:20 - [TEST_STEP][PASSED] - doubleClick: Object: 'Object Repository/Final Object Repo/WorkFlow Listing Page/Workflow Found - Listing 1' is double clicked on

2018-12-12 11:20:20 - [MESSAGE][PASSED] - Object: 'Object Repository/Final Object Repo/WorkFlow Listing Page/Workflow Found - Listing 1' is double clicked on

2018-12-12 11:20:20 - [TEST_STEP][PASSED] - Statement - println(OwnerID): null

2018-12-12 11:20:20 - [TEST_STEP][PASSED] - Statement - OwnerID = com.kms.katalon.core.webui.keyword.WebUiBuiltInKeywords.getText(com.kms.katalon.core.testobject.ObjectRepository.findTestObject(Final Object Repo/WorkFlow Listing Page/Workflow Found - Listing 1), STOP_ON_FAILURE): Text of object 'Object Repository/Final Object Repo/WorkFlow Listing Page/Workflow Found - Listing 1' is: 'JOHORuo3'

2018-12-12 11:20:20 - [MESSAGE][PASSED] - Text of object 'Object Repository/Final Object Repo/WorkFlow Listing Page/Workflow Found - Listing 1' is: 'JOHORuo3'

2018-12-12 11:20:20 - [TEST_STEP][PASSED] - Statement - OwnerID = OwnerID.toLowerCase() + "@gmail.com": null

2018-12-12 11:20:20 - [TEST_STEP][PASSED] - Statement - println(OwnerID): null

2018-12-12 11:20:20 - [TEST_STEP][PASSED] - delay: Delayed 2 second(s)

2018-12-12 11:20:22 - [MESSAGE][PASSED] - Delayed 2 second(s)

2018-12-12 11:20:22 - [MESSAGE][PASSED] - Call Test Case 'Test Cases/Final Aug 2018 - PKS Automation/Common/Workflow Owner Finder' successfully

2018-12-12 11:20:22 - [TEST_STEP][PASSED] - delay: Delayed 2 second(s)

2018-12-12 11:20:24 - [MESSAGE][PASSED] - Delayed 2 second(s)

2018-12-12 11:20:24 - [TEST_STEP][PASSED] - navigateToUrl: Navigate to 'https://assist2-uat.perkeso.gov.my/c/portal/logout' successfully

2018-12-12 11:20:25 - [MESSAGE][PASSED] - Navigate to 'https://assist2-uat.perkeso.gov.my/c/portal/logout' successfully

2018-12-12 11:20:25 - [TEST_STEP][PASSED] - delay: Delayed 2 second(s)

2018-12-12 11:20:27 - [MESSAGE][PASSED] - Delayed 2 second(s)

2018-12-12 11:20:27 - [TEST_STEP][PASSED] - callTestCase: Call Test Case 'Test Cases/Final Aug 2018 - PKS Automation/Registration Module/Workflow/Login and Search Case For Workflow' successfully

2018-12-12 11:20:27 - [TEST_CASE][PASSED] - Test Cases/Final Aug 2018 - PKS Automation/Registration Module/Workflow/Login and Search Case For Workflow: Test Cases/Final Aug 2018 - PKS Automation/Registration Module/Workflow/Login and Search Case For Workflow

2018-12-12 11:20:27 - [TEST_STEP][PASSED] - navigateToUrl: Navigate to 'https://assist2-uat.perkeso.gov.my/login' successfully

2018-12-12 11:20:28 - [MESSAGE][PASSED] - Navigate to 'https://assist2-uat.perkeso.gov.my/login' successfully

2018-12-12 11:20:28 - [TEST_STEP][PASSED] - setText: Text 'johoruo3@gmail.com' is set on object 'Object Repository/Final Object Repo/Login Page/Internal User/Email Address'

2018-12-12 11:20:28 - [MESSAGE][PASSED] - Text 'johoruo3@gmail.com' is set on object 'Object Repository/Final Object Repo/Login Page/Internal User/Email Address'

2018-12-12 11:20:28 - [TEST_STEP][PASSED] - click: Object: 'Object Repository/Final Object Repo/Login Page/Internal User/Next Button' is clicked on

2018-12-12 11:20:28 - [MESSAGE][PASSED] - Object: 'Object Repository/Final Object Repo/Login Page/Internal User/Next Button' is clicked on

2018-12-12 11:20:28 - [TEST_STEP][PASSED] - delay: Delayed 1 second(s)

2018-12-12 11:20:29 - [MESSAGE][PASSED] - Delayed 1 second(s)

2018-12-12 11:20:29 - [TEST_STEP][PASSED] - setEncryptedText: Text ****** has been set on object 'Object Repository/Final Object Repo/Login Page/Internal User/Password'

2018-12-12 11:20:29 - [MESSAGE][PASSED] - Text ****** has been set on object 'Object Repository/Final Object Repo/Login Page/Internal User/Password'

2018-12-12 11:20:29 - [TEST_STEP][PASSED] - click: Object: 'Object Repository/Final Object Repo/Login Page/Internal User/Login Button' is clicked on

2018-12-12 11:20:30 - [MESSAGE][PASSED] - Object: 'Object Repository/Final Object Repo/Login Page/Internal User/Login Button' is clicked on

2018-12-12 11:20:30 - [TEST_STEP][PASSED] - delay: Delayed 2 second(s)

2018-12-12 11:20:32 - [MESSAGE][PASSED] - Delayed 2 second(s)

2018-12-12 11:20:32 - [TEST_STEP][PASSED] - Statement - Try: Delayed 2 second(s)

2018-12-12 11:20:32 - [TEST_STEP][PASSED] - Statement - Checker = false: null

2018-12-12 11:20:32 - [TEST_STEP][PASSED] - Statement - Checker = com.kms.katalon.core.webui.keyword.WebUiBuiltInKeywords.verifyElementHasAttribute(com.kms.katalon.core.testobject.ObjectRepository.findTestObject(Final Object Repo/Landing Page/BM Detecting), "href", 20, OPTIONAL): Object 'Object Repository/Final Object Repo/Landing Page/BM Detecting' has attribute 'href'

2018-12-12 11:20:32 - [MESSAGE][PASSED] - Object 'Object Repository/Final Object Repo/Landing Page/BM Detecting' has attribute 'href'

2018-12-12 11:20:32 - [TEST_STEP][PASSED] - Statement - out.println(Checker): null

2018-12-12 11:20:32 - [TEST_STEP][PASSED] - Statement - If (Checker == false): null

2018-12-12 11:20:32 - [TEST_STEP][PASSED] - Statement - Else: null

2018-12-12 11:20:32 - [TEST_STEP][PASSED] - delay: Delayed 2 second(s)

2018-12-12 11:20:34 - [MESSAGE][PASSED] - Delayed 2 second(s)

2018-12-12 11:20:34 - [TEST_STEP][PASSED] - click: Object: 'Object Repository/Final Object Repo/Page_MyASSIST - ASSIST - Search Pending Case For Add Supporting Document/Search Information' is clicked on

2018-12-12 11:20:34 - [MESSAGE][PASSED] - Object: 'Object Repository/Final Object Repo/Page_MyASSIST - ASSIST - Search Pending Case For Add Supporting Document/Search Information' is clicked on

2018-12-12 11:20:34 - [TEST_STEP][PASSED] - delay: Delayed 3 second(s)

2018-12-12 11:20:37 - [MESSAGE][PASSED] - Delayed 3 second(s)

2018-12-12 11:20:37 - [TEST_STEP][PASSED] - sendKeys: Keys 'CUN122018C100005992' sent to object: 'Object Repository/Final Object Repo/Page_MyASSIST - ASSIST - Search Pending Case For Add Supporting Document/Reference No'

2018-12-12 11:20:37 - [MESSAGE][PASSED] - Keys 'CUN122018C100005992' sent to object: 'Object Repository/Final Object Repo/Page_MyASSIST - ASSIST - Search Pending Case For Add Supporting Document/Reference No'

2018-12-12 11:20:37 - [TEST_STEP][PASSED] - click: Object: 'Object Repository/Final Object Repo/Page_MyASSIST - ASSIST - Search Pending Case For Add Supporting Document/Search Reference No' is clicked on

2018-12-12 11:20:37 - [MESSAGE][PASSED] - Object: 'Object Repository/Final Object Repo/Page_MyASSIST - ASSIST - Search Pending Case For Add Supporting Document/Search Reference No' is clicked on

2018-12-12 11:20:37 - [TEST_STEP][PASSED] - delay: Delayed 2 second(s)

2018-12-12 11:20:39 - [MESSAGE][PASSED] - Delayed 2 second(s)

2018-12-12 11:20:39 - [TEST_STEP][PASSED] - click: Object: 'Object Repository/Final Object Repo/Page_MyASSIST - ASSIST - Search Pending Case For Add Supporting Document/Continue' is clicked on

2018-12-12 11:20:43 - [MESSAGE][PASSED] - Object: 'Object Repository/Final Object Repo/Page_MyASSIST - ASSIST - Search Pending Case For Add Supporting Document/Continue' is clicked on

2018-12-12 11:20:43 - [TEST_STEP][PASSED] - delay: Delayed 20 second(s)

2018-12-12 11:21:03 - [MESSAGE][PASSED] - Delayed 20 second(s)

2018-12-12 11:21:03 - [MESSAGE][PASSED] - Call Test Case 'Test Cases/Final Aug 2018 - PKS Automation/Registration Module/Workflow/Login and Search Case For Workflow' successfully

2018-12-12 11:21:03 - [TEST_STEP][PASSED] - click: Object: 'Object Repository/Final Object Repo/Page_Update Employee Information By Employee/Page_Update Employee Information By Employee (Approve)/Continue' is clicked on

2018-12-12 11:21:06 - [MESSAGE][PASSED] - Object: 'Object Repository/Final Object Repo/Page_Update Employee Information By Employee/Page_Update Employee Information By Employee (Approve)/Continue' is clicked on

2018-12-12 11:21:06 - [TEST_STEP][PASSED] - delay: Delayed 2 second(s)

2018-12-12 11:21:08 - [MESSAGE][PASSED] - Delayed 2 second(s)

2018-12-12 11:21:08 - [TEST_STEP][PASSED] - click: Object: 'Object Repository/Final Object Repo/Page_Update Employee Information By Employer/Page_Update Employee Information by Employer (Approve)/Save  Continue in Update Employee Information Page' is clicked on

2018-12-12 11:21:08 - [MESSAGE][PASSED] - Object: 'Object Repository/Final Object Repo/Page_Update Employee Information By Employer/Page_Update Employee Information by Employer (Approve)/Save  Continue in Update Employee Information Page' is clicked on

2018-12-12 11:21:08 - [TEST_STEP][PASSED] - delay: Delayed 2 second(s)

2018-12-12 11:21:10 - [MESSAGE][PASSED] - Delayed 2 second(s)

2018-12-12 11:21:10 - [TEST_STEP][PASSED] - setText: Text 'remark' is set on object 'Object Repository/Final Object Repo/Page_Update Employee Information By Employee/Page_Update Employee Information By Employee (Query)/Query - remark'

2018-12-12 11:21:12 - [MESSAGE][PASSED] - Text 'remark' is set on object 'Object Repository/Final Object Repo/Page_Update Employee Information By Employee/Page_Update Employee Information By Employee (Query)/Query - remark'

2018-12-12 11:21:12 - [TEST_STEP][PASSED] - click: Object: 'Object Repository/Final Object Repo/Page_Update Employee Information By Employer/Page_Update Employee Information by Employer (Approve)/Save  Continue in Upload Supporting Doucument Page' is clicked on

2018-12-12 11:21:12 - [MESSAGE][PASSED] - Object: 'Object Repository/Final Object Repo/Page_Update Employee Information By Employer/Page_Update Employee Information by Employer (Approve)/Save  Continue in Upload Supporting Doucument Page' is clicked on

2018-12-12 11:21:12 - [TEST_STEP][PASSED] - delay: Delayed 2 second(s)

2018-12-12 11:21:14 - [MESSAGE][PASSED] - Delayed 2 second(s)

2018-12-12 11:21:14 - [TEST_STEP][PASSED] - click: Object: 'Object Repository/Final Object Repo/Page_Update Employee Information By Employee/Page_Update Employee Information By Employee (Query)/Query' is clicked on

2018-12-12 11:21:15 - [MESSAGE][PASSED] - Object: 'Object Repository/Final Object Repo/Page_Update Employee Information By Employee/Page_Update Employee Information By Employee (Query)/Query' is clicked on

2018-12-12 11:21:15 - [TEST_STEP][PASSED] - delay: Delayed 2 second(s)

2018-12-12 11:21:17 - [MESSAGE][PASSED] - Delayed 2 second(s)

2018-12-12 11:21:17 - [TEST_STEP][PASSED] - click: Object: 'Object Repository/Final Object Repo/Page_Update Employee Information By Employee/Page_Update Employee Information By Employee (Query)/Confirm' is clicked on

2018-12-12 11:21:18 - [MESSAGE][PASSED] - Object: 'Object Repository/Final Object Repo/Page_Update Employee Information By Employee/Page_Update Employee Information By Employee (Query)/Confirm' is clicked on

2018-12-12 11:21:18 - [TEST_STEP][PASSED] - delay: Delayed 2 second(s)

2018-12-12 11:21:20 - [MESSAGE][PASSED] - Delayed 2 second(s)

2018-12-12 11:21:20 - [TEST_STEP][PASSED] - click: Object: 'Object Repository/Final Object Repo/Page_Update Employee Information By Employee/Page_Update Employee Information By Employee (Query)/Message The Case Is Under Query' is clicked on

2018-12-12 11:21:24 - [MESSAGE][PASSED] - Object: 'Object Repository/Final Object Repo/Page_Update Employee Information By Employee/Page_Update Employee Information By Employee (Query)/Message The Case Is Under Query' is clicked on

2018-12-12 11:21:24 - [TEST_STEP][PASSED] - click: Object: 'Object Repository/Final Object Repo/Page_Update Employee Information By Employee/Page_Update Employee Information By Employee (Query)/Letter of inquiry' is clicked on

2018-12-12 11:21:24 - [MESSAGE][PASSED] - Object: 'Object Repository/Final Object Repo/Page_Update Employee Information By Employee/Page_Update Employee Information By Employee (Query)/Letter of inquiry' is clicked on

2018-12-12 11:21:24 - [TEST_STEP][PASSED] - delay: Delayed 1 second(s)

2018-12-12 11:21:25 - [MESSAGE][PASSED] - Delayed 1 second(s)

2018-12-12 11:21:25 - [TEST_STEP][PASSED] - navigateToUrl: Navigate to 'https://assist2-uat.perkeso.gov.my/c/portal/logout' successfully

2018-12-12 11:21:26 - [MESSAGE][PASSED] - Navigate to 'https://assist2-uat.perkeso.gov.my/c/portal/logout' successfully

2018-12-12 11:21:26 - [TEST_STEP][PASSED] - delay: Delayed 1 second(s)

2018-12-12 11:21:27 - [MESSAGE][PASSED] - Delayed 1 second(s)

2018-12-12 11:21:27 - [TEST_STEP][PASSED] - callTestCase: Call Test Case 'Test Cases/Final Aug 2018 - PKS Automation/Registration Module/Workflow/Search Pending Case For Add Supporting Document (OTC)' successfully

2018-12-12 11:21:27 - [TEST_CASE][PASSED] - Test Cases/Final Aug 2018 - PKS Automation/Registration Module/Workflow/Search Pending Case For Add Supporting Document (OTC): Test Cases/Final Aug 2018 - PKS Automation/Registration Module/Workflow/Search Pending Case For Add Supporting Document (OTC)

2018-12-12 11:21:27 - [TEST_STEP][PASSED] - openBrowser: Browser is opened with url: ''

2018-12-12 11:21:27 - [MESSAGE][WARNING] - A browser is already opened. Closing browser and opening a new one

2018-12-12 11:21:31 - [MESSAGE][PASSED] - Browser is opened with url: ''

2018-12-12 11:21:31 - [TEST_STEP][PASSED] - navigateToUrl: Navigate to 'https://assist2-uat.perkeso.gov.my/login' successfully

2018-12-12 11:21:32 - [MESSAGE][PASSED] - Navigate to 'https://assist2-uat.perkeso.gov.my/login' successfully

2018-12-12 11:21:32 - [TEST_STEP][PASSED] - setText: Text 'johorotc1@gmail.com' is set on object 'Object Repository/Final Object Repo/Login Page/Internal User/Email Address'

2018-12-12 11:21:32 - [MESSAGE][PASSED] - Text 'johorotc1@gmail.com' is set on object 'Object Repository/Final Object Repo/Login Page/Internal User/Email Address'

2018-12-12 11:21:32 - [TEST_STEP][PASSED] - click: Object: 'Object Repository/Final Object Repo/Login Page/Internal User/Next Button' is clicked on

2018-12-12 11:21:33 - [MESSAGE][PASSED] - Object: 'Object Repository/Final Object Repo/Login Page/Internal User/Next Button' is clicked on

2018-12-12 11:21:33 - [TEST_STEP][PASSED] - delay: Delayed 1 second(s)

2018-12-12 11:21:34 - [MESSAGE][PASSED] - Delayed 1 second(s)

2018-12-12 11:21:34 - [TEST_STEP][PASSED] - setEncryptedText: Text ****** has been set on object 'Object Repository/Final Object Repo/Login Page/Internal User/Password'

2018-12-12 11:21:34 - [MESSAGE][PASSED] - Text ****** has been set on object 'Object Repository/Final Object Repo/Login Page/Internal User/Password'

2018-12-12 11:21:34 - [TEST_STEP][PASSED] - click: Object: 'Object Repository/Final Object Repo/Login Page/Internal User/Login Button' is clicked on

2018-12-12 11:21:34 - [MESSAGE][PASSED] - Object: 'Object Repository/Final Object Repo/Login Page/Internal User/Login Button' is clicked on

2018-12-12 11:21:34 - [TEST_STEP][PASSED] - delay: Delayed 1 second(s)

2018-12-12 11:21:35 - [MESSAGE][PASSED] - Delayed 1 second(s)

2018-12-12 11:21:35 - [TEST_STEP][PASSED] - Statement - Try: Delayed 2 second(s)

2018-12-12 11:21:35 - [TEST_STEP][PASSED] - Statement - Checker = false: null

2018-12-12 11:21:35 - [TEST_STEP][PASSED] - Statement - Checker = com.kms.katalon.core.webui.keyword.WebUiBuiltInKeywords.verifyElementHasAttribute(com.kms.katalon.core.testobject.ObjectRepository.findTestObject(Final Object Repo/Landing Page/BM Detecting), "href", 20, OPTIONAL): Object 'Object Repository/Final Object Repo/Landing Page/BM Detecting' has attribute 'href'

2018-12-12 11:21:36 - [MESSAGE][PASSED] - Object 'Object Repository/Final Object Repo/Landing Page/BM Detecting' has attribute 'href'

2018-12-12 11:21:36 - [TEST_STEP][PASSED] - Statement - out.println(Checker): null

2018-12-12 11:21:36 - [TEST_STEP][PASSED] - Statement - If (Checker == false): null

2018-12-12 11:21:36 - [TEST_STEP][PASSED] - Statement - Else: null

2018-12-12 11:21:36 - [TEST_STEP][PASSED] - delay: Delayed 2 second(s)

2018-12-12 11:21:38 - [MESSAGE][PASSED] - Delayed 2 second(s)

2018-12-12 11:21:38 - [TEST_STEP][PASSED] - navigateToUrl: Navigate to 'https://assist2-uat.perkeso.gov.my/web/registration/search/search-pending-case-for-add-supporting-document' successfully

2018-12-12 11:21:39 - [MESSAGE][PASSED] - Navigate to 'https://assist2-uat.perkeso.gov.my/web/registration/search/search-pending-case-for-add-supporting-document' successfully

2018-12-12 11:21:39 - [TEST_STEP][PASSED] - click: Object: 'Object Repository/Final Object Repo/Page_Search Pending Case For Add Suporting Document/Search By' is clicked on

2018-12-12 11:21:39 - [MESSAGE][PASSED] - Object: 'Object Repository/Final Object Repo/Page_Search Pending Case For Add Suporting Document/Search By' is clicked on

2018-12-12 11:21:39 - [TEST_STEP][PASSED] - click: Object: 'Object Repository/Final Object Repo/Page_Search Pending Case For Add Suporting Document/Search By - Reference ID' is clicked on

2018-12-12 11:21:39 - [MESSAGE][PASSED] - Object: 'Object Repository/Final Object Repo/Page_Search Pending Case For Add Suporting Document/Search By - Reference ID' is clicked on

2018-12-12 11:21:39 - [TEST_STEP][PASSED] - delay: Delayed 2 second(s)

2018-12-12 11:21:41 - [MESSAGE][PASSED] - Delayed 2 second(s)

2018-12-12 11:21:41 - [TEST_STEP][PASSED] - setText: Text 'CUN122018C100005992' is set on object 'Object Repository/Final Object Repo/Page_Search Pending Case For Add Suporting Document/Reference ID'

2018-12-12 11:21:41 - [MESSAGE][PASSED] - Text 'CUN122018C100005992' is set on object 'Object Repository/Final Object Repo/Page_Search Pending Case For Add Suporting Document/Reference ID'

2018-12-12 11:21:41 - [TEST_STEP][PASSED] - click: Object: 'Object Repository/Final Object Repo/Page_Search Pending Case For Add Suporting Document/Search' is clicked on

2018-12-12 11:21:41 - [MESSAGE][PASSED] - Object: 'Object Repository/Final Object Repo/Page_Search Pending Case For Add Suporting Document/Search' is clicked on

2018-12-12 11:21:41 - [TEST_STEP][PASSED] - delay: Delayed 2 second(s)

2018-12-12 11:21:43 - [MESSAGE][PASSED] - Delayed 2 second(s)

2018-12-12 11:21:43 - [TEST_STEP][PASSED] - click: Object: 'Object Repository/Final Object Repo/Page_Search Pending Case For Add Suporting Document/Edit' is clicked on

2018-12-12 11:21:46 - [MESSAGE][PASSED] - Object: 'Object Repository/Final Object Repo/Page_Search Pending Case For Add Suporting Document/Edit' is clicked on

2018-12-12 11:21:46 - [MESSAGE][PASSED] - Call Test Case 'Test Cases/Final Aug 2018 - PKS Automation/Registration Module/Workflow/Search Pending Case For Add Supporting Document (OTC)' successfully

2018-12-12 11:21:46 - [TEST_STEP][PASSED] - click: Object: 'Object Repository/Final Object Repo/Page_Update Employee Information By Employee/Page_Update Employee Information by Employee (Query -OTC -UO)/Next' is clicked on

2018-12-12 11:21:49 - [MESSAGE][PASSED] - Object: 'Object Repository/Final Object Repo/Page_Update Employee Information By Employee/Page_Update Employee Information by Employee (Query -OTC -UO)/Next' is clicked on

2018-12-12 11:21:49 - [TEST_STEP][PASSED] - delay: Delayed 2 second(s)

2018-12-12 11:21:51 - [MESSAGE][PASSED] - Delayed 2 second(s)

2018-12-12 11:21:51 - [TEST_STEP][PASSED] - click: Object: 'Object Repository/Final Object Repo/Page_Update Employee Information By Employee/Page_Update Employee Information by Employee (Query -OTC -UO)/Add Document' is clicked on

2018-12-12 11:21:52 - [MESSAGE][PASSED] - Object: 'Object Repository/Final Object Repo/Page_Update Employee Information By Employee/Page_Update Employee Information by Employee (Query -OTC -UO)/Add Document' is clicked on

2018-12-12 11:21:52 - [TEST_STEP][PASSED] - delay: Delayed 2 second(s)

2018-12-12 11:21:54 - [MESSAGE][PASSED] - Delayed 2 second(s)

2018-12-12 11:21:54 - [TEST_STEP][PASSED] - click: Object: 'Object Repository/Final Object Repo/Page_Update Employee Information By Employee/Page_Update Employee Information by Employee (Query -OTC -UO)/Document Type' is clicked on

2018-12-12 11:21:55 - [MESSAGE][PASSED] - Object: 'Object Repository/Final Object Repo/Page_Update Employee Information By Employee/Page_Update Employee Information by Employee (Query -OTC -UO)/Document Type' is clicked on

2018-12-12 11:21:55 - [TEST_STEP][PASSED] - delay: Delayed 2 second(s)

2018-12-12 11:21:57 - [MESSAGE][PASSED] - Delayed 2 second(s)

2018-12-12 11:21:57 - [TEST_STEP][PASSED] - click: Object: 'Object Repository/Final Object Repo/Page_Update Employee Information By Employee/Page_Update Employee Information by Employee (Query -OTC -UO)/Document Type - Other' is clicked on

2018-12-12 11:21:57 - [MESSAGE][PASSED] - Object: 'Object Repository/Final Object Repo/Page_Update Employee Information By Employee/Page_Update Employee Information by Employee (Query -OTC -UO)/Document Type - Other' is clicked on

2018-12-12 11:21:57 - [TEST_STEP][PASSED] - delay: Delayed 2 second(s)

2018-12-12 11:21:59 - [MESSAGE][PASSED] - Delayed 2 second(s)

2018-12-12 11:21:59 - [TEST_STEP][PASSED] - sendKeys: Keys 'C:\Users\Public\Pictures\Sample Pictures\Koala.jpg' sent to object: 'Object Repository/Final Object Repo/Page_Update Employee Information By Employee/Page_Update Employee Information by Employee (Query -OTC -UO)/Uploading File'

2018-12-12 11:21:59 - [MESSAGE][PASSED] - Keys 'C:\Users\Public\Pictures\Sample Pictures\Koala.jpg' sent to object: 'Object Repository/Final Object Repo/Page_Update Employee Information By Employee/Page_Update Employee Information by Employee (Query -OTC -UO)/Uploading File'

2018-12-12 11:21:59 - [TEST_STEP][PASSED] - delay: Delayed 2 second(s)

2018-12-12 11:22:01 - [MESSAGE][PASSED] - Delayed 2 second(s)

2018-12-12 11:22:01 - [TEST_STEP][PASSED] - click: Object: 'Object Repository/Final Object Repo/Page_Update Employee Information By Employee/Page_Update Employee Information by Employee (Query -OTC -UO)/Add Document in Uploading Page' is clicked on

2018-12-12 11:22:01 - [MESSAGE][PASSED] - Object: 'Object Repository/Final Object Repo/Page_Update Employee Information By Employee/Page_Update Employee Information by Employee (Query -OTC -UO)/Add Document in Uploading Page' is clicked on

2018-12-12 11:22:01 - [TEST_STEP][PASSED] - delay: Delayed 2 second(s)

2018-12-12 11:22:03 - [MESSAGE][PASSED] - Delayed 2 second(s)

2018-12-12 11:22:03 - [TEST_STEP][PASSED] - click: Object: 'Object Repository/Final Object Repo/Page_Update Employee Information By Employee/Page_Update Employee Information by Employee (Query -OTC -UO)/Exit' is clicked on

2018-12-12 11:22:06 - [MESSAGE][PASSED] - Object: 'Object Repository/Final Object Repo/Page_Update Employee Information By Employee/Page_Update Employee Information by Employee (Query -OTC -UO)/Exit' is clicked on

2018-12-12 11:22:06 - [TEST_STEP][PASSED] - delay: Delayed 1 second(s)

2018-12-12 11:22:07 - [MESSAGE][PASSED] - Delayed 1 second(s)

2018-12-12 11:22:07 - [TEST_STEP][PASSED] - navigateToUrl: Navigate to 'https://assist2-uat.perkeso.gov.my/c/portal/logout' successfully

2018-12-12 11:22:08 - [MESSAGE][PASSED] - Navigate to 'https://assist2-uat.perkeso.gov.my/c/portal/logout' successfully

2018-12-12 11:22:08 - [TEST_STEP][PASSED] - delay: Delayed 1 second(s)

2018-12-12 11:22:09 - [MESSAGE][PASSED] - Delayed 1 second(s)

2018-12-12 11:22:09 - [TEST_STEP][PASSED] - callTestCase: Call Test Case 'Test Cases/Final Aug 2018 - PKS Automation/Registration Module/Workflow/Login and Search Case For Workflow' successfully

2018-12-12 11:22:09 - [TEST_CASE][PASSED] - Test Cases/Final Aug 2018 - PKS Automation/Registration Module/Workflow/Login and Search Case For Workflow: Test Cases/Final Aug 2018 - PKS Automation/Registration Module/Workflow/Login and Search Case For Workflow

2018-12-12 11:22:09 - [TEST_STEP][PASSED] - navigateToUrl: Navigate to 'https://assist2-uat.perkeso.gov.my/login' successfully

2018-12-12 11:22:09 - [MESSAGE][PASSED] - Navigate to 'https://assist2-uat.perkeso.gov.my/login' successfully

2018-12-12 11:22:09 - [TEST_STEP][PASSED] - setText: Text 'johoruo3@gmail.com' is set on object 'Object Repository/Final Object Repo/Login Page/Internal User/Email Address'

2018-12-12 11:22:10 - [MESSAGE][PASSED] - Text 'johoruo3@gmail.com' is set on object 'Object Repository/Final Object Repo/Login Page/Internal User/Email Address'

2018-12-12 11:22:10 - [TEST_STEP][PASSED] - click: Object: 'Object Repository/Final Object Repo/Login Page/Internal User/Next Button' is clicked on

2018-12-12 11:22:10 - [MESSAGE][PASSED] - Object: 'Object Repository/Final Object Repo/Login Page/Internal User/Next Button' is clicked on

2018-12-12 11:22:10 - [TEST_STEP][PASSED] - delay: Delayed 1 second(s)

2018-12-12 11:22:11 - [MESSAGE][PASSED] - Delayed 1 second(s)

2018-12-12 11:22:11 - [TEST_STEP][PASSED] - setEncryptedText: Text ****** has been set on object 'Object Repository/Final Object Repo/Login Page/Internal User/Password'

2018-12-12 11:22:11 - [MESSAGE][PASSED] - Text ****** has been set on object 'Object Repository/Final Object Repo/Login Page/Internal User/Password'

2018-12-12 11:22:11 - [TEST_STEP][PASSED] - click: Object: 'Object Repository/Final Object Repo/Login Page/Internal User/Login Button' is clicked on

2018-12-12 11:22:11 - [MESSAGE][PASSED] - Object: 'Object Repository/Final Object Repo/Login Page/Internal User/Login Button' is clicked on

2018-12-12 11:22:11 - [TEST_STEP][PASSED] - delay: Delayed 2 second(s)

2018-12-12 11:22:13 - [MESSAGE][PASSED] - Delayed 2 second(s)

2018-12-12 11:22:13 - [TEST_STEP][PASSED] - Statement - Try: Delayed 2 second(s)

2018-12-12 11:22:13 - [TEST_STEP][PASSED] - Statement - Checker = false: null

2018-12-12 11:22:13 - [TEST_STEP][PASSED] - Statement - Checker = com.kms.katalon.core.webui.keyword.WebUiBuiltInKeywords.verifyElementHasAttribute(com.kms.katalon.core.testobject.ObjectRepository.findTestObject(Final Object Repo/Landing Page/BM Detecting), "href", 20, OPTIONAL): Object 'Object Repository/Final Object Repo/Landing Page/BM Detecting' has attribute 'href'

2018-12-12 11:22:13 - [MESSAGE][PASSED] - Object 'Object Repository/Final Object Repo/Landing Page/BM Detecting' has attribute 'href'

2018-12-12 11:22:13 - [TEST_STEP][PASSED] - Statement - out.println(Checker): null

2018-12-12 11:22:13 - [TEST_STEP][PASSED] - Statement - If (Checker == false): null

2018-12-12 11:22:13 - [TEST_STEP][PASSED] - Statement - Else: null

2018-12-12 11:22:13 - [TEST_STEP][PASSED] - delay: Delayed 2 second(s)

2018-12-12 11:22:15 - [MESSAGE][PASSED] - Delayed 2 second(s)

2018-12-12 11:22:15 - [TEST_STEP][PASSED] - click: Object: 'Object Repository/Final Object Repo/Page_MyASSIST - ASSIST - Search Pending Case For Add Supporting Document/Search Information' is clicked on

2018-12-12 11:22:15 - [MESSAGE][PASSED] - Object: 'Object Repository/Final Object Repo/Page_MyASSIST - ASSIST - Search Pending Case For Add Supporting Document/Search Information' is clicked on

2018-12-12 11:22:15 - [TEST_STEP][PASSED] - delay: Delayed 3 second(s)

2018-12-12 11:22:18 - [MESSAGE][PASSED] - Delayed 3 second(s)

2018-12-12 11:22:18 - [TEST_STEP][PASSED] - sendKeys: Keys 'CUN122018C100005992' sent to object: 'Object Repository/Final Object Repo/Page_MyASSIST - ASSIST - Search Pending Case For Add Supporting Document/Reference No'

2018-12-12 11:22:19 - [MESSAGE][PASSED] - Keys 'CUN122018C100005992' sent to object: 'Object Repository/Final Object Repo/Page_MyASSIST - ASSIST - Search Pending Case For Add Supporting Document/Reference No'

2018-12-12 11:22:19 - [TEST_STEP][PASSED] - click: Object: 'Object Repository/Final Object Repo/Page_MyASSIST - ASSIST - Search Pending Case For Add Supporting Document/Search Reference No' is clicked on

2018-12-12 11:22:19 - [MESSAGE][PASSED] - Object: 'Object Repository/Final Object Repo/Page_MyASSIST - ASSIST - Search Pending Case For Add Supporting Document/Search Reference No' is clicked on

2018-12-12 11:22:19 - [TEST_STEP][PASSED] - delay: Delayed 2 second(s)

2018-12-12 11:22:21 - [MESSAGE][PASSED] - Delayed 2 second(s)

2018-12-12 11:22:21 - [TEST_STEP][PASSED] - click: Object: 'Object Repository/Final Object Repo/Page_MyASSIST - ASSIST - Search Pending Case For Add Supporting Document/Continue' is clicked on

2018-12-12 11:22:24 - [MESSAGE][PASSED] - Object: 'Object Repository/Final Object Repo/Page_MyASSIST - ASSIST - Search Pending Case For Add Supporting Document/Continue' is clicked on

2018-12-12 11:22:24 - [TEST_STEP][PASSED] - delay: Delayed 20 second(s)

2018-12-12 11:22:44 - [MESSAGE][PASSED] - Delayed 20 second(s)

2018-12-12 11:22:44 - [MESSAGE][PASSED] - Call Test Case 'Test Cases/Final Aug 2018 - PKS Automation/Registration Module/Workflow/Login and Search Case For Workflow' successfully

2018-12-12 11:22:44 - [TEST_STEP][PASSED] - click: Object: 'Object Repository/Final Object Repo/Page_Update Employee Information By Employer/Page_Update Employee Information by Employer (Approve)/Continue' is clicked on

2018-12-12 11:22:47 - [MESSAGE][PASSED] - Object: 'Object Repository/Final Object Repo/Page_Update Employee Information By Employer/Page_Update Employee Information by Employer (Approve)/Continue' is clicked on

2018-12-12 11:22:47 - [TEST_STEP][PASSED] - delay: Delayed 2 second(s)

2018-12-12 11:22:49 - [MESSAGE][PASSED] - Delayed 2 second(s)

2018-12-12 11:22:49 - [TEST_STEP][PASSED] - click: Object: 'Object Repository/Final Object Repo/Page_Update Employee Information By Employer/Page_Update Employee Information by Employer (Approve)/Save  Continue in Update Employee Information Page' is clicked on

2018-12-12 11:22:50 - [MESSAGE][PASSED] - Object: 'Object Repository/Final Object Repo/Page_Update Employee Information By Employer/Page_Update Employee Information by Employer (Approve)/Save  Continue in Update Employee Information Page' is clicked on

2018-12-12 11:22:50 - [TEST_STEP][PASSED] - delay: Delayed 2 second(s)

2018-12-12 11:22:52 - [MESSAGE][PASSED] - Delayed 2 second(s)

2018-12-12 11:22:52 - [TEST_STEP][PASSED] - click: Object: 'Object Repository/Final Object Repo/Page_Update Employee Information By Employer/Page_Update Employee Information by Employer (Approve)/Save  Continue in Upload Supporting Doucument Page' is clicked on

2018-12-12 11:22:53 - [MESSAGE][PASSED] - Object: 'Object Repository/Final Object Repo/Page_Update Employee Information By Employer/Page_Update Employee Information by Employer (Approve)/Save  Continue in Upload Supporting Doucument Page' is clicked on

2018-12-12 11:22:53 - [TEST_STEP][PASSED] - delay: Delayed 2 second(s)

2018-12-12 11:22:55 - [MESSAGE][PASSED] - Delayed 2 second(s)

2018-12-12 11:22:55 - [TEST_STEP][PASSED] - click: Object: 'Object Repository/Final Object Repo/Page_Update Employee Information By Employer/Page_Update Employee Information by Employer (Approve)/Approve' is clicked on

2018-12-12 11:22:56 - [MESSAGE][PASSED] - Object: 'Object Repository/Final Object Repo/Page_Update Employee Information By Employer/Page_Update Employee Information by Employer (Approve)/Approve' is clicked on

2018-12-12 11:22:56 - [TEST_STEP][PASSED] - delay: Delayed 2 second(s)

2018-12-12 11:22:58 - [MESSAGE][PASSED] - Delayed 2 second(s)

2018-12-12 11:22:58 - [TEST_STEP][PASSED] - click: Object: 'Object Repository/Final Object Repo/Page_Update Employee Information By Employer/Page_Update Employee Information by Employer (Approve)/Confirm' is clicked on

2018-12-12 11:22:58 - [MESSAGE][PASSED] - Object: 'Object Repository/Final Object Repo/Page_Update Employee Information By Employer/Page_Update Employee Information by Employer (Approve)/Confirm' is clicked on

2018-12-12 11:22:58 - [TEST_STEP][PASSED] - delay: Delayed 2 second(s)

2018-12-12 11:23:00 - [MESSAGE][PASSED] - Delayed 2 second(s)

2018-12-12 11:23:00 - [TEST_STEP][PASSED] - click: Object: 'Object Repository/Final Object Repo/Page_Update Employee Information By Employee/Page_Update Employee Information By Employee (Approve)/Message Your Request    Update Emp' is clicked on

2018-12-12 11:23:04 - [MESSAGE][PASSED] - Object: 'Object Repository/Final Object Repo/Page_Update Employee Information By Employee/Page_Update Employee Information By Employee (Approve)/Message Your Request    Update Emp' is clicked on

2018-12-12 11:23:04 - [TEST_STEP][PASSED] - click: Object: 'Object Repository/Final Object Repo/Page_Update Employee Information By Employee/Page_Update Employee Information By Employee (Approve)/Letter of successful update' is clicked on

2018-12-12 11:23:05 - [MESSAGE][PASSED] - Object: 'Object Repository/Final Object Repo/Page_Update Employee Information By Employee/Page_Update Employee Information By Employee (Approve)/Letter of successful update' is clicked on

2018-12-12 11:23:05 - [MESSAGE][PASSED] - Call Test Case 'Test Cases/Final Aug 2018 - PKS Automation/Registration Module/Workflow/Update Employee Information (Employee)/Template/Update Employee Information - Special Case - UO (Query)' successfully]]></system-out>
         <system-err><![CDATA[]]></system-err>
      </testcase>
      <testcase name="Test Cases/Final Aug 2018 - PKS Automation/Registration Module/Workflow/Update Employee Information (Employee)/PKRBO to UO (Reject)" classname="Test Cases/Final Aug 2018 - PKS Automation/Registration Module/Workflow/Update Employee Information (Employee)/PKRBO to UO (Reject)" status="PASSED">
         <system-out><![CDATA[2018-12-12 11:23:05 - [TEST_CASE][PASSED] - Test Cases/Final Aug 2018 - PKS Automation/Registration Module/Workflow/Update Employee Information (Employee)/PKRBO to UO (Reject): Test Cases/Final Aug 2018 - PKS Automation/Registration Module/Workflow/Update Employee Information (Employee)/PKRBO to UO (Reject)

2018-12-12 11:23:05 - [TEST_STEP][PASSED] - callTestCase: Call Test Case 'Test Cases/Final Aug 2018 - PKS Automation/Registration Module/Workflow/Update Employee Information (Employee)/Template/Update Employee Information - Special Case (PKRBO)' successfully

2018-12-12 11:23:05 - [TEST_CASE][PASSED] - Test Cases/Final Aug 2018 - PKS Automation/Registration Module/Workflow/Update Employee Information (Employee)/Template/Update Employee Information - Special Case (PKRBO): Test Cases/Final Aug 2018 - PKS Automation/Registration Module/Workflow/Update Employee Information (Employee)/Template/Update Employee Information - Special Case (PKRBO)

2018-12-12 11:23:05 - [TEST_STEP][PASSED] - openBrowser: Browser is opened with url: ''

2018-12-12 11:23:05 - [MESSAGE][WARNING] - A browser is already opened. Closing browser and opening a new one

2018-12-12 11:23:09 - [MESSAGE][PASSED] - Browser is opened with url: ''

2018-12-12 11:23:09 - [TEST_STEP][PASSED] - navigateToUrl: Navigate to 'https://assist2-uat.perkeso.gov.my/login' successfully

2018-12-12 11:23:10 - [MESSAGE][PASSED] - Navigate to 'https://assist2-uat.perkeso.gov.my/login' successfully

2018-12-12 11:23:10 - [TEST_STEP][PASSED] - setText: Text 'johorotc1@gmail.com' is set on object 'Object Repository/Final Object Repo/Login Page/Internal User/Email Address'

2018-12-12 11:23:10 - [MESSAGE][PASSED] - Text 'johorotc1@gmail.com' is set on object 'Object Repository/Final Object Repo/Login Page/Internal User/Email Address'

2018-12-12 11:23:10 - [TEST_STEP][PASSED] - click: Object: 'Object Repository/Final Object Repo/Login Page/Internal User/Next Button' is clicked on

2018-12-12 11:23:10 - [MESSAGE][PASSED] - Object: 'Object Repository/Final Object Repo/Login Page/Internal User/Next Button' is clicked on

2018-12-12 11:23:10 - [TEST_STEP][PASSED] - delay: Delayed 1 second(s)

2018-12-12 11:23:11 - [MESSAGE][PASSED] - Delayed 1 second(s)

2018-12-12 11:23:11 - [TEST_STEP][PASSED] - setEncryptedText: Text ****** has been set on object 'Object Repository/Final Object Repo/Login Page/Internal User/Password'

2018-12-12 11:23:12 - [MESSAGE][PASSED] - Text ****** has been set on object 'Object Repository/Final Object Repo/Login Page/Internal User/Password'

2018-12-12 11:23:12 - [TEST_STEP][PASSED] - click: Object: 'Object Repository/Final Object Repo/Login Page/Internal User/Login Button' is clicked on

2018-12-12 11:23:12 - [MESSAGE][PASSED] - Object: 'Object Repository/Final Object Repo/Login Page/Internal User/Login Button' is clicked on

2018-12-12 11:23:12 - [TEST_STEP][PASSED] - Statement - tester = com.kms.katalon.core.testobject.ObjectRepository.findTestObject(Final Object Repo/Landing Page/Select to English): Finding Test Object with id 'Object Repository/Final Object Repo/Landing Page/Select to English'

2018-12-12 11:23:12 - [TEST_STEP][PASSED] - Statement - Try: Delayed 2 second(s)

2018-12-12 11:23:12 - [TEST_STEP][PASSED] - Statement - Checker = com.kms.katalon.core.webui.keyword.WebUiBuiltInKeywords.verifyElementNotPresent(tester, 3): Web element with id: 'Object Repository/Final Object Repo/Landing Page/Select to English' located by 'By.xpath: //a[@class = 'taglib-language-list-text' and @lang = 'en-US' and (contains(text(), 'EN') or contains(., 'EN'))]' is not present after '3' second(s)

2018-12-12 11:23:14 - [MESSAGE][PASSED] - Web element with id: 'Object Repository/Final Object Repo/Landing Page/Select to English' located by 'By.xpath: //a[@class = 'taglib-language-list-text' and @lang = 'en-US' and (contains(text(), 'EN') or contains(., 'EN'))]' is not present after '3' second(s)

2018-12-12 11:23:14 - [TEST_STEP][PASSED] - Statement - If (Checker == false): null

2018-12-12 11:23:14 - [TEST_STEP][PASSED] - delay: Delayed 2 second(s)

2018-12-12 11:23:16 - [MESSAGE][PASSED] - Delayed 2 second(s)

2018-12-12 11:23:16 - [TEST_STEP][PASSED] - delay: Delayed 5 second(s)

2018-12-12 11:23:21 - [MESSAGE][PASSED] - Delayed 5 second(s)

2018-12-12 11:23:21 - [TEST_STEP][PASSED] - navigateToUrl: Navigate to 'https://assist2-uat.perkeso.gov.my/web/registration/update/update-employee-information-employee-' successfully

2018-12-12 11:23:21 - [MESSAGE][PASSED] - Navigate to 'https://assist2-uat.perkeso.gov.my/web/registration/update/update-employee-information-employee-' successfully

2018-12-12 11:23:21 - [TEST_STEP][PASSED] - click: Object: 'Object Repository/Final Object Repo/Page_Update Employee Information By Employee/Type of Identification' is clicked on

2018-12-12 11:23:22 - [MESSAGE][PASSED] - Object: 'Object Repository/Final Object Repo/Page_Update Employee Information By Employee/Type of Identification' is clicked on

2018-12-12 11:23:22 - [TEST_STEP][PASSED] - click: Object: 'Object Repository/Final Object Repo/Page Update Employee Information By Employee/Type of Identification - Name' is clicked on

2018-12-12 11:23:22 - [MESSAGE][PASSED] - Object: 'Object Repository/Final Object Repo/Page Update Employee Information By Employee/Type of Identification - Name' is clicked on

2018-12-12 11:23:22 - [TEST_STEP][PASSED] - setText: Text 'YUKI JR B' is set on object 'Object Repository/Final Object Repo/Page_Update Employee Information By Employee/New Identification'

2018-12-12 11:23:22 - [MESSAGE][PASSED] - Text 'YUKI JR B' is set on object 'Object Repository/Final Object Repo/Page_Update Employee Information By Employee/New Identification'

2018-12-12 11:23:22 - [TEST_STEP][PASSED] - click: Object: 'Object Repository/Final Object Repo/Page_Update Employee Information By Employee/Search Button' is clicked on

2018-12-12 11:23:22 - [MESSAGE][PASSED] - Object: 'Object Repository/Final Object Repo/Page_Update Employee Information By Employee/Search Button' is clicked on

2018-12-12 11:23:22 - [TEST_STEP][PASSED] - click: Object: 'Object Repository/Final Object Repo/Page_Update Employee Information By Employee/Edit Button' is clicked on

2018-12-12 11:23:26 - [MESSAGE][PASSED] - Object: 'Object Repository/Final Object Repo/Page_Update Employee Information By Employee/Edit Button' is clicked on

2018-12-12 11:23:26 - [TEST_STEP][PASSED] - delay: Delayed 2 second(s)

2018-12-12 11:23:28 - [MESSAGE][PASSED] - Delayed 2 second(s)

2018-12-12 11:23:28 - [TEST_STEP][PASSED] - click: Object: 'Object Repository/Final Object Repo/Page_Update Employee Information By Employee/Employee Information Edit Button' is clicked on

2018-12-12 11:23:28 - [MESSAGE][PASSED] - Object: 'Object Repository/Final Object Repo/Page_Update Employee Information By Employee/Employee Information Edit Button' is clicked on

2018-12-12 11:23:28 - [TEST_STEP][PASSED] - delay: Delayed 2 second(s)

2018-12-12 11:23:30 - [MESSAGE][PASSED] - Delayed 2 second(s)

2018-12-12 11:23:30 - [TEST_STEP][PASSED] - click: Object: 'Object Repository/Final Object Repo/Page_Update Employee Information By Employee/New Identification Number' is clicked on

2018-12-12 11:23:30 - [MESSAGE][PASSED] - Object: 'Object Repository/Final Object Repo/Page_Update Employee Information By Employee/New Identification Number' is clicked on

2018-12-12 11:23:30 - [TEST_STEP][PASSED] - setText: Text '' is set on object 'Object Repository/Final Object Repo/Page_Update Employee Information By Employee/New Identification Number'

2018-12-12 11:23:30 - [MESSAGE][PASSED] - Text '' is set on object 'Object Repository/Final Object Repo/Page_Update Employee Information By Employee/New Identification Number'

2018-12-12 11:23:30 - [TEST_STEP][PASSED] - Statement - rnd = new java.util.Random(): null

2018-12-12 11:23:30 - [TEST_STEP][PASSED] - Statement - snum = rnd.nextInt(899999 + 1) + 100000: null

2018-12-12 11:23:30 - [TEST_STEP][PASSED] - Statement - tnum = rnd.nextInt(899999 + 1) + 100000: null

2018-12-12 11:23:30 - [TEST_STEP][PASSED] - Statement - IC = java.lang.Integer.toString(snum) + java.lang.Integer.toString(tnum): null

2018-12-12 11:23:30 - [TEST_STEP][PASSED] - Statement - out.println(IC): null

2018-12-12 11:23:30 - [TEST_STEP][PASSED] - setText: Text '450261174757' is set on object 'Object Repository/Final Object Repo/Page_Update Employee Information By Employee/New Identification Number'

2018-12-12 11:23:31 - [MESSAGE][PASSED] - Text '450261174757' is set on object 'Object Repository/Final Object Repo/Page_Update Employee Information By Employee/New Identification Number'

2018-12-12 11:23:31 - [TEST_STEP][PASSED] - delay: Delayed 5 second(s)

2018-12-12 11:23:36 - [MESSAGE][PASSED] - Delayed 5 second(s)

2018-12-12 11:23:36 - [TEST_STEP][PASSED] - click: Object: 'Object Repository/Final Object Repo/Page_Update Employee Information By Employee/Save' is clicked on

2018-12-12 11:23:36 - [MESSAGE][PASSED] - Object: 'Object Repository/Final Object Repo/Page_Update Employee Information By Employee/Save' is clicked on

2018-12-12 11:23:36 - [TEST_STEP][PASSED] - delay: Delayed 5 second(s)

2018-12-12 11:23:41 - [MESSAGE][PASSED] - Delayed 5 second(s)

2018-12-12 11:23:41 - [TEST_STEP][PASSED] - click: Object: 'Object Repository/Final Object Repo/Page_Update Employee Information By Employee/Save  Continue in Update Employee Information' is clicked on

2018-12-12 11:23:41 - [MESSAGE][PASSED] - Object: 'Object Repository/Final Object Repo/Page_Update Employee Information By Employee/Save  Continue in Update Employee Information' is clicked on

2018-12-12 11:23:41 - [TEST_STEP][PASSED] - delay: Delayed 5 second(s)

2018-12-12 11:23:46 - [MESSAGE][PASSED] - Delayed 5 second(s)

2018-12-12 11:23:46 - [TEST_STEP][PASSED] - click: Object: 'Object Repository/Final Object Repo/Page_Update Employee Information By Employee/Save  Continue in Uploading Page' is clicked on

2018-12-12 11:23:46 - [MESSAGE][PASSED] - Object: 'Object Repository/Final Object Repo/Page_Update Employee Information By Employee/Save  Continue in Uploading Page' is clicked on

2018-12-12 11:23:46 - [TEST_STEP][PASSED] - delay: Delayed 2 second(s)

2018-12-12 11:23:48 - [MESSAGE][PASSED] - Delayed 2 second(s)

2018-12-12 11:23:48 - [TEST_STEP][PASSED] - Statement - CaseReferenceNo = com.kms.katalon.core.webui.keyword.WebUiBuiltInKeywords.getText(com.kms.katalon.core.testobject.ObjectRepository.findTestObject(Final Object Repo/Page_Update Employer Information/Reference Number in Update Employee Information Page)): Text of object 'Object Repository/Final Object Repo/Page_Update Employer Information/Reference Number in Update Employee Information Page' is: 'CUN122018C100005993'

2018-12-12 11:23:50 - [MESSAGE][PASSED] - Text of object 'Object Repository/Final Object Repo/Page_Update Employer Information/Reference Number in Update Employee Information Page' is: 'CUN122018C100005993'

2018-12-12 11:23:50 - [TEST_STEP][PASSED] - callTestCase: Call Test Case 'Test Cases/Final Aug 2018 - PKS Automation/Common/Reference Number Setter' successfully

2018-12-12 11:23:50 - [TEST_CASE][PASSED] - Test Cases/Final Aug 2018 - PKS Automation/Common/Reference Number Setter: Test Cases/Final Aug 2018 - PKS Automation/Common/Reference Number Setter

2018-12-12 11:23:50 - [TEST_STEP][PASSED] - Statement - RefNoOldFile = new java.io.File(C://Users//Admin//Desktop//PKS//Automation Reference Point//KatalonReference.txt): null

2018-12-12 11:23:50 - [TEST_STEP][PASSED] - Statement - RefNoOldFile.delete(): null

2018-12-12 11:23:50 - [TEST_STEP][PASSED] - delay: Delayed 5 second(s)

2018-12-12 11:23:55 - [MESSAGE][PASSED] - Delayed 5 second(s)

2018-12-12 11:23:55 - [TEST_STEP][PASSED] - Statement - RefNo = new java.io.File(C://Users//Admin//Desktop//PKS//Automation Reference Point//KatalonReference.txt): null

2018-12-12 11:23:55 - [TEST_STEP][PASSED] - Statement - f2 = new java.io.FileWriter(RefNo, false): null

2018-12-12 11:23:55 - [TEST_STEP][PASSED] - Statement - f2.write(CaseReferenceNo): null

2018-12-12 11:23:55 - [TEST_STEP][PASSED] - Statement - f2.close(): null

2018-12-12 11:23:55 - [TEST_STEP][PASSED] - Statement - out.println("


" + CaseReferenceNo + "


"): null

2018-12-12 11:23:55 - [MESSAGE][PASSED] - Call Test Case 'Test Cases/Final Aug 2018 - PKS Automation/Common/Reference Number Setter' successfully

2018-12-12 11:23:55 - [TEST_STEP][PASSED] - delay: Delayed 2 second(s)

2018-12-12 11:23:57 - [MESSAGE][PASSED] - Delayed 2 second(s)

2018-12-12 11:23:57 - [TEST_STEP][PASSED] - click: Object: 'Object Repository/Final Object Repo/Page_Update Employee Information By Employee/Submit' is clicked on

2018-12-12 11:23:57 - [MESSAGE][PASSED] - Object: 'Object Repository/Final Object Repo/Page_Update Employee Information By Employee/Submit' is clicked on

2018-12-12 11:23:57 - [TEST_STEP][PASSED] - delay: Delayed 2 second(s)

2018-12-12 11:23:59 - [MESSAGE][PASSED] - Delayed 2 second(s)

2018-12-12 11:23:59 - [TEST_STEP][PASSED] - click: Object: 'Object Repository/Final Object Repo/Page_Update Employee Information By Employee/Confirm Button' is clicked on

2018-12-12 11:23:59 - [MESSAGE][PASSED] - Object: 'Object Repository/Final Object Repo/Page_Update Employee Information By Employee/Confirm Button' is clicked on

2018-12-12 11:23:59 - [TEST_STEP][PASSED] - delay: Delayed 2 second(s)

2018-12-12 11:24:01 - [MESSAGE][PASSED] - Delayed 2 second(s)

2018-12-12 11:24:01 - [TEST_STEP][PASSED] - click: Object: 'Object Repository/Final Object Repo/Page_Update Employee Information By Employee/Successful Message Routed to UO' is clicked on

2018-12-12 11:24:03 - [MESSAGE][PASSED] - Object: 'Object Repository/Final Object Repo/Page_Update Employee Information By Employee/Successful Message Routed to UO' is clicked on

2018-12-12 11:24:03 - [MESSAGE][PASSED] - Call Test Case 'Test Cases/Final Aug 2018 - PKS Automation/Registration Module/Workflow/Update Employee Information (Employee)/Template/Update Employee Information - Special Case (PKRBO)' successfully

2018-12-12 11:24:03 - [TEST_STEP][PASSED] - callTestCase: Call Test Case 'Test Cases/Final Aug 2018 - PKS Automation/Registration Module/Workflow/Update Employee Information (Employee)/Template/Update Employee Information - Special Case - UO (Reject)' successfully

2018-12-12 11:24:03 - [TEST_CASE][PASSED] - Test Cases/Final Aug 2018 - PKS Automation/Registration Module/Workflow/Update Employee Information (Employee)/Template/Update Employee Information - Special Case - UO (Reject): Test Cases/Final Aug 2018 - PKS Automation/Registration Module/Workflow/Update Employee Information (Employee)/Template/Update Employee Information - Special Case - UO (Reject)

2018-12-12 11:24:03 - [TEST_STEP][NOT_RUN] - callTestCase: NOT_RUN: callTestCase

2018-12-12 11:24:03 - [MESSAGE][NOT_RUN] - NOT_RUN: callTestCase

2018-12-12 11:24:03 - [TEST_STEP][PASSED] - delay: Delayed 2 second(s)

2018-12-12 11:24:05 - [MESSAGE][PASSED] - Delayed 2 second(s)

2018-12-12 11:24:05 - [TEST_STEP][PASSED] - navigateToUrl: Navigate to 'https://assist2-uat.perkeso.gov.my/c/portal/logout' successfully

2018-12-12 11:24:06 - [MESSAGE][PASSED] - Navigate to 'https://assist2-uat.perkeso.gov.my/c/portal/logout' successfully

2018-12-12 11:24:06 - [TEST_STEP][PASSED] - delay: Delayed 2 second(s)

2018-12-12 11:24:08 - [MESSAGE][PASSED] - Delayed 2 second(s)

2018-12-12 11:24:08 - [TEST_STEP][PASSED] - callTestCase: Call Test Case 'Test Cases/Final Aug 2018 - PKS Automation/Common/Reference Number Getter' successfully

2018-12-12 11:24:08 - [TEST_CASE][PASSED] - Test Cases/Final Aug 2018 - PKS Automation/Common/Reference Number Getter: Test Cases/Final Aug 2018 - PKS Automation/Common/Reference Number Getter

2018-12-12 11:24:08 - [TEST_STEP][PASSED] - Statement - Try: null

2018-12-12 11:24:08 - [TEST_STEP][PASSED] - Statement - RefNo = new java.io.File(C://Users//Admin//Desktop//PKS//Automation Reference Point//KatalonReference.txt): null

2018-12-12 11:24:08 - [TEST_STEP][PASSED] - Statement - bufferread = new java.io.BufferedReader(new java.io.FileReader(RefNo)): null

2018-12-12 11:24:08 - [TEST_STEP][PASSED] - Statement - readedVal = bufferread.readLine(): null

2018-12-12 11:24:08 - [TEST_STEP][PASSED] - Statement - out.println(CaseReferenceNo): null

2018-12-12 11:24:08 - [TEST_STEP][PASSED] - Statement - out.println(readedVal): null

2018-12-12 11:24:08 - [TEST_STEP][PASSED] - Statement - CaseReferenceNo = "": null

2018-12-12 11:24:08 - [TEST_STEP][PASSED] - Statement - CaseReferenceNo = readedVal: null

2018-12-12 11:24:08 - [MESSAGE][PASSED] - Call Test Case 'Test Cases/Final Aug 2018 - PKS Automation/Common/Reference Number Getter' successfully

2018-12-12 11:24:08 - [TEST_STEP][PASSED] - callTestCase: Call Test Case 'Test Cases/Final Aug 2018 - PKS Automation/Common/Workflow Owner Finder' successfully

2018-12-12 11:24:08 - [TEST_CASE][PASSED] - Test Cases/Final Aug 2018 - PKS Automation/Common/Workflow Owner Finder: Test Cases/Final Aug 2018 - PKS Automation/Common/Workflow Owner Finder

2018-12-12 11:24:08 - [TEST_STEP][PASSED] - openBrowser: Browser is opened with url: ''

2018-12-12 11:24:08 - [MESSAGE][WARNING] - A browser is already opened. Closing browser and opening a new one

2018-12-12 11:24:12 - [MESSAGE][PASSED] - Browser is opened with url: ''

2018-12-12 11:24:12 - [TEST_STEP][PASSED] - navigateToUrl: Navigate to 'https://assist2-uat.perkeso.gov.my/login' successfully

2018-12-12 11:24:13 - [MESSAGE][PASSED] - Navigate to 'https://assist2-uat.perkeso.gov.my/login' successfully

2018-12-12 11:24:13 - [TEST_STEP][PASSED] - delay: Delayed 5 second(s)

2018-12-12 11:24:18 - [MESSAGE][PASSED] - Delayed 5 second(s)

2018-12-12 11:24:18 - [TEST_STEP][PASSED] - setText: Text 'test@liferay.com' is set on object 'Object Repository/Final Object Repo/Login Page/Internal User/Email Address'

2018-12-12 11:24:18 - [MESSAGE][PASSED] - Text 'test@liferay.com' is set on object 'Object Repository/Final Object Repo/Login Page/Internal User/Email Address'

2018-12-12 11:24:18 - [TEST_STEP][PASSED] - click: Object: 'Object Repository/Final Object Repo/Login Page/Internal User/Next Button' is clicked on

2018-12-12 11:24:18 - [MESSAGE][PASSED] - Object: 'Object Repository/Final Object Repo/Login Page/Internal User/Next Button' is clicked on

2018-12-12 11:24:18 - [TEST_STEP][PASSED] - delay: Delayed 2 second(s)

2018-12-12 11:24:20 - [MESSAGE][PASSED] - Delayed 2 second(s)

2018-12-12 11:24:20 - [TEST_STEP][PASSED] - setText: Text 'test' is set on object 'Object Repository/Final Object Repo/Login Page/Internal User/Password'

2018-12-12 11:24:20 - [MESSAGE][PASSED] - Text 'test' is set on object 'Object Repository/Final Object Repo/Login Page/Internal User/Password'

2018-12-12 11:24:20 - [TEST_STEP][PASSED] - delay: Delayed 2 second(s)

2018-12-12 11:24:22 - [MESSAGE][PASSED] - Delayed 2 second(s)

2018-12-12 11:24:22 - [TEST_STEP][PASSED] - click: Object: 'Object Repository/Final Object Repo/Login Page/Internal User/Login Button' is clicked on

2018-12-12 11:24:23 - [MESSAGE][PASSED] - Object: 'Object Repository/Final Object Repo/Login Page/Internal User/Login Button' is clicked on

2018-12-12 11:24:23 - [TEST_STEP][PASSED] - Statement - tester = com.kms.katalon.core.testobject.ObjectRepository.findTestObject(Final Object Repo/Landing Page/Select to English): Finding Test Object with id 'Object Repository/Final Object Repo/Landing Page/Select to English'

2018-12-12 11:24:23 - [TEST_STEP][PASSED] - Statement - Try: Delayed 2 second(s)

2018-12-12 11:24:23 - [TEST_STEP][PASSED] - Statement - Checker = com.kms.katalon.core.webui.keyword.WebUiBuiltInKeywords.verifyElementNotPresent(tester, 3): Web element with id: 'Object Repository/Final Object Repo/Landing Page/Select to English' located by 'By.xpath: //a[@class = 'taglib-language-list-text' and @lang = 'en-US' and (contains(text(), 'EN') or contains(., 'EN'))]' is not present after '3' second(s)

2018-12-12 11:24:24 - [MESSAGE][PASSED] - Web element with id: 'Object Repository/Final Object Repo/Landing Page/Select to English' located by 'By.xpath: //a[@class = 'taglib-language-list-text' and @lang = 'en-US' and (contains(text(), 'EN') or contains(., 'EN'))]' is not present after '3' second(s)

2018-12-12 11:24:24 - [TEST_STEP][PASSED] - Statement - If (Checker == false): null

2018-12-12 11:24:24 - [TEST_STEP][PASSED] - delay: Delayed 2 second(s)

2018-12-12 11:24:26 - [MESSAGE][PASSED] - Delayed 2 second(s)

2018-12-12 11:24:26 - [TEST_STEP][PASSED] - delay: Delayed 5 second(s)

2018-12-12 11:24:31 - [MESSAGE][PASSED] - Delayed 5 second(s)

2018-12-12 11:24:31 - [TEST_STEP][PASSED] - mouseOver: Object: 'Object Repository/Final Object Repo/Landing Page/WorkFlow Menu' is hovered

2018-12-12 11:24:31 - [MESSAGE][PASSED] - Object: 'Object Repository/Final Object Repo/Landing Page/WorkFlow Menu' is hovered

2018-12-12 11:24:31 - [TEST_STEP][PASSED] - delay: Delayed 2 second(s)

2018-12-12 11:24:33 - [MESSAGE][PASSED] - Delayed 2 second(s)

2018-12-12 11:24:33 - [TEST_STEP][PASSED] - click: Object: 'Object Repository/Final Object Repo/Landing Page/Select to Workflow Listing' is clicked on

2018-12-12 11:24:35 - [MESSAGE][PASSED] - Object: 'Object Repository/Final Object Repo/Landing Page/Select to Workflow Listing' is clicked on

2018-12-12 11:24:35 - [TEST_STEP][PASSED] - delay: Delayed 2 second(s)

2018-12-12 11:24:37 - [MESSAGE][PASSED] - Delayed 2 second(s)

2018-12-12 11:24:37 - [TEST_STEP][PASSED] - click: Object: 'Object Repository/Final Object Repo/WorkFlow Listing Page/Search Information - To Put Ref No' is clicked on

2018-12-12 11:24:37 - [MESSAGE][PASSED] - Object: 'Object Repository/Final Object Repo/WorkFlow Listing Page/Search Information - To Put Ref No' is clicked on

2018-12-12 11:24:37 - [TEST_STEP][PASSED] - delay: Delayed 2 second(s)

2018-12-12 11:24:39 - [MESSAGE][PASSED] - Delayed 2 second(s)

2018-12-12 11:24:39 - [TEST_STEP][PASSED] - callTestCase: Call Test Case 'Test Cases/Final Aug 2018 - PKS Automation/Common/Reference Number Getter' successfully

2018-12-12 11:24:39 - [TEST_CASE][PASSED] - Test Cases/Final Aug 2018 - PKS Automation/Common/Reference Number Getter: Test Cases/Final Aug 2018 - PKS Automation/Common/Reference Number Getter

2018-12-12 11:24:39 - [TEST_STEP][PASSED] - Statement - Try: null

2018-12-12 11:24:39 - [TEST_STEP][PASSED] - Statement - RefNo = new java.io.File(C://Users//Admin//Desktop//PKS//Automation Reference Point//KatalonReference.txt): null

2018-12-12 11:24:39 - [TEST_STEP][PASSED] - Statement - bufferread = new java.io.BufferedReader(new java.io.FileReader(RefNo)): null

2018-12-12 11:24:39 - [TEST_STEP][PASSED] - Statement - readedVal = bufferread.readLine(): null

2018-12-12 11:24:39 - [TEST_STEP][PASSED] - Statement - out.println(CaseReferenceNo): null

2018-12-12 11:24:39 - [TEST_STEP][PASSED] - Statement - out.println(readedVal): null

2018-12-12 11:24:39 - [TEST_STEP][PASSED] - Statement - CaseReferenceNo = "": null

2018-12-12 11:24:39 - [TEST_STEP][PASSED] - Statement - CaseReferenceNo = readedVal: null

2018-12-12 11:24:39 - [MESSAGE][PASSED] - Call Test Case 'Test Cases/Final Aug 2018 - PKS Automation/Common/Reference Number Getter' successfully

2018-12-12 11:24:39 - [TEST_STEP][PASSED] - setText: Text 'CUN122018C100005993' is set on object 'Object Repository/Final Object Repo/WorkFlow Listing Page/Ref No Set Text'

2018-12-12 11:24:39 - [MESSAGE][PASSED] - Text 'CUN122018C100005993' is set on object 'Object Repository/Final Object Repo/WorkFlow Listing Page/Ref No Set Text'

2018-12-12 11:24:39 - [TEST_STEP][PASSED] - delay: Delayed 2 second(s)

2018-12-12 11:24:41 - [MESSAGE][PASSED] - Delayed 2 second(s)

2018-12-12 11:24:41 - [TEST_STEP][PASSED] - click: Object: 'Object Repository/Final Object Repo/WorkFlow Listing Page/Search Ref No Search Button' is clicked on

2018-12-12 11:24:41 - [MESSAGE][PASSED] - Object: 'Object Repository/Final Object Repo/WorkFlow Listing Page/Search Ref No Search Button' is clicked on

2018-12-12 11:24:41 - [TEST_STEP][PASSED] - delay: Delayed 6 second(s)

2018-12-12 11:24:47 - [MESSAGE][PASSED] - Delayed 6 second(s)

2018-12-12 11:24:47 - [TEST_STEP][PASSED] - click: Object: 'Object Repository/Final Object Repo/WorkFlow Listing Page/Click Continue Tooltip' is clicked on

2018-12-12 11:24:48 - [MESSAGE][PASSED] - Object: 'Object Repository/Final Object Repo/WorkFlow Listing Page/Click Continue Tooltip' is clicked on

2018-12-12 11:24:48 - [TEST_STEP][PASSED] - delay: Delayed 5 second(s)

2018-12-12 11:24:53 - [MESSAGE][PASSED] - Delayed 5 second(s)

2018-12-12 11:24:53 - [TEST_STEP][PASSED] - doubleClick: Object: 'Object Repository/Final Object Repo/WorkFlow Listing Page/Workflow Found - Listing 1' is double clicked on

2018-12-12 11:24:54 - [MESSAGE][PASSED] - Object: 'Object Repository/Final Object Repo/WorkFlow Listing Page/Workflow Found - Listing 1' is double clicked on

2018-12-12 11:24:54 - [TEST_STEP][PASSED] - Statement - println(OwnerID): null

2018-12-12 11:24:54 - [TEST_STEP][PASSED] - Statement - OwnerID = com.kms.katalon.core.webui.keyword.WebUiBuiltInKeywords.getText(com.kms.katalon.core.testobject.ObjectRepository.findTestObject(Final Object Repo/WorkFlow Listing Page/Workflow Found - Listing 1), STOP_ON_FAILURE): Text of object 'Object Repository/Final Object Repo/WorkFlow Listing Page/Workflow Found - Listing 1' is: 'JOHORuo1'

2018-12-12 11:24:54 - [MESSAGE][PASSED] - Text of object 'Object Repository/Final Object Repo/WorkFlow Listing Page/Workflow Found - Listing 1' is: 'JOHORuo1'

2018-12-12 11:24:54 - [TEST_STEP][PASSED] - Statement - OwnerID = OwnerID.toLowerCase() + "@gmail.com": null

2018-12-12 11:24:54 - [TEST_STEP][PASSED] - Statement - println(OwnerID): null

2018-12-12 11:24:54 - [TEST_STEP][PASSED] - delay: Delayed 2 second(s)

2018-12-12 11:24:56 - [MESSAGE][PASSED] - Delayed 2 second(s)

2018-12-12 11:24:56 - [MESSAGE][PASSED] - Call Test Case 'Test Cases/Final Aug 2018 - PKS Automation/Common/Workflow Owner Finder' successfully

2018-12-12 11:24:56 - [TEST_STEP][PASSED] - delay: Delayed 2 second(s)

2018-12-12 11:24:58 - [MESSAGE][PASSED] - Delayed 2 second(s)

2018-12-12 11:24:58 - [TEST_STEP][PASSED] - navigateToUrl: Navigate to 'https://assist2-uat.perkeso.gov.my/c/portal/logout' successfully

2018-12-12 11:24:58 - [MESSAGE][PASSED] - Navigate to 'https://assist2-uat.perkeso.gov.my/c/portal/logout' successfully

2018-12-12 11:24:58 - [TEST_STEP][PASSED] - delay: Delayed 2 second(s)

2018-12-12 11:25:00 - [MESSAGE][PASSED] - Delayed 2 second(s)

2018-12-12 11:25:00 - [TEST_STEP][PASSED] - callTestCase: Call Test Case 'Test Cases/Final Aug 2018 - PKS Automation/Registration Module/Workflow/Login and Search Case For Workflow' successfully

2018-12-12 11:25:01 - [TEST_CASE][PASSED] - Test Cases/Final Aug 2018 - PKS Automation/Registration Module/Workflow/Login and Search Case For Workflow: Test Cases/Final Aug 2018 - PKS Automation/Registration Module/Workflow/Login and Search Case For Workflow

2018-12-12 11:25:01 - [TEST_STEP][PASSED] - navigateToUrl: Navigate to 'https://assist2-uat.perkeso.gov.my/login' successfully

2018-12-12 11:25:01 - [MESSAGE][PASSED] - Navigate to 'https://assist2-uat.perkeso.gov.my/login' successfully

2018-12-12 11:25:01 - [TEST_STEP][PASSED] - setText: Text 'johoruo1@gmail.com' is set on object 'Object Repository/Final Object Repo/Login Page/Internal User/Email Address'

2018-12-12 11:25:01 - [MESSAGE][PASSED] - Text 'johoruo1@gmail.com' is set on object 'Object Repository/Final Object Repo/Login Page/Internal User/Email Address'

2018-12-12 11:25:01 - [TEST_STEP][PASSED] - click: Object: 'Object Repository/Final Object Repo/Login Page/Internal User/Next Button' is clicked on

2018-12-12 11:25:02 - [MESSAGE][PASSED] - Object: 'Object Repository/Final Object Repo/Login Page/Internal User/Next Button' is clicked on

2018-12-12 11:25:02 - [TEST_STEP][PASSED] - delay: Delayed 1 second(s)

2018-12-12 11:25:03 - [MESSAGE][PASSED] - Delayed 1 second(s)

2018-12-12 11:25:03 - [TEST_STEP][PASSED] - setEncryptedText: Text ****** has been set on object 'Object Repository/Final Object Repo/Login Page/Internal User/Password'

2018-12-12 11:25:03 - [MESSAGE][PASSED] - Text ****** has been set on object 'Object Repository/Final Object Repo/Login Page/Internal User/Password'

2018-12-12 11:25:03 - [TEST_STEP][PASSED] - click: Object: 'Object Repository/Final Object Repo/Login Page/Internal User/Login Button' is clicked on

2018-12-12 11:25:03 - [MESSAGE][PASSED] - Object: 'Object Repository/Final Object Repo/Login Page/Internal User/Login Button' is clicked on

2018-12-12 11:25:03 - [TEST_STEP][PASSED] - delay: Delayed 2 second(s)

2018-12-12 11:25:05 - [MESSAGE][PASSED] - Delayed 2 second(s)

2018-12-12 11:25:05 - [TEST_STEP][PASSED] - Statement - Try: Delayed 2 second(s)

2018-12-12 11:25:05 - [TEST_STEP][PASSED] - Statement - Checker = false: null

2018-12-12 11:25:05 - [TEST_STEP][PASSED] - Statement - Checker = com.kms.katalon.core.webui.keyword.WebUiBuiltInKeywords.verifyElementHasAttribute(com.kms.katalon.core.testobject.ObjectRepository.findTestObject(Final Object Repo/Landing Page/BM Detecting), "href", 20, OPTIONAL): Object 'Object Repository/Final Object Repo/Landing Page/BM Detecting' has attribute 'href'

2018-12-12 11:25:05 - [MESSAGE][PASSED] - Object 'Object Repository/Final Object Repo/Landing Page/BM Detecting' has attribute 'href'

2018-12-12 11:25:05 - [TEST_STEP][PASSED] - Statement - out.println(Checker): null

2018-12-12 11:25:05 - [TEST_STEP][PASSED] - Statement - If (Checker == false): null

2018-12-12 11:25:05 - [TEST_STEP][PASSED] - Statement - Else: null

2018-12-12 11:25:05 - [TEST_STEP][PASSED] - delay: Delayed 2 second(s)

2018-12-12 11:25:07 - [MESSAGE][PASSED] - Delayed 2 second(s)

2018-12-12 11:25:07 - [TEST_STEP][PASSED] - click: Object: 'Object Repository/Final Object Repo/Page_MyASSIST - ASSIST - Search Pending Case For Add Supporting Document/Search Information' is clicked on

2018-12-12 11:25:07 - [MESSAGE][PASSED] - Object: 'Object Repository/Final Object Repo/Page_MyASSIST - ASSIST - Search Pending Case For Add Supporting Document/Search Information' is clicked on

2018-12-12 11:25:07 - [TEST_STEP][PASSED] - delay: Delayed 3 second(s)

2018-12-12 11:25:10 - [MESSAGE][PASSED] - Delayed 3 second(s)

2018-12-12 11:25:10 - [TEST_STEP][PASSED] - sendKeys: Keys 'CUN122018C100005993' sent to object: 'Object Repository/Final Object Repo/Page_MyASSIST - ASSIST - Search Pending Case For Add Supporting Document/Reference No'

2018-12-12 11:25:10 - [MESSAGE][PASSED] - Keys 'CUN122018C100005993' sent to object: 'Object Repository/Final Object Repo/Page_MyASSIST - ASSIST - Search Pending Case For Add Supporting Document/Reference No'

2018-12-12 11:25:10 - [TEST_STEP][PASSED] - click: Object: 'Object Repository/Final Object Repo/Page_MyASSIST - ASSIST - Search Pending Case For Add Supporting Document/Search Reference No' is clicked on

2018-12-12 11:25:11 - [MESSAGE][PASSED] - Object: 'Object Repository/Final Object Repo/Page_MyASSIST - ASSIST - Search Pending Case For Add Supporting Document/Search Reference No' is clicked on

2018-12-12 11:25:11 - [TEST_STEP][PASSED] - delay: Delayed 2 second(s)

2018-12-12 11:25:13 - [MESSAGE][PASSED] - Delayed 2 second(s)

2018-12-12 11:25:13 - [TEST_STEP][PASSED] - click: Object: 'Object Repository/Final Object Repo/Page_MyASSIST - ASSIST - Search Pending Case For Add Supporting Document/Continue' is clicked on

2018-12-12 11:25:17 - [MESSAGE][PASSED] - Object: 'Object Repository/Final Object Repo/Page_MyASSIST - ASSIST - Search Pending Case For Add Supporting Document/Continue' is clicked on

2018-12-12 11:25:17 - [TEST_STEP][PASSED] - delay: Delayed 20 second(s)

2018-12-12 11:25:37 - [MESSAGE][PASSED] - Delayed 20 second(s)

2018-12-12 11:25:37 - [MESSAGE][PASSED] - Call Test Case 'Test Cases/Final Aug 2018 - PKS Automation/Registration Module/Workflow/Login and Search Case For Workflow' successfully

2018-12-12 11:25:37 - [TEST_STEP][PASSED] - delay: Delayed 2 second(s)

2018-12-12 11:25:39 - [MESSAGE][PASSED] - Delayed 2 second(s)

2018-12-12 11:25:39 - [TEST_STEP][PASSED] - click: Object: 'Object Repository/Final Object Repo/Page_Update Employee Information By Employee/Page_Update Employee Information By Employee (Approve)/Continue' is clicked on

2018-12-12 11:25:42 - [MESSAGE][PASSED] - Object: 'Object Repository/Final Object Repo/Page_Update Employee Information By Employee/Page_Update Employee Information By Employee (Approve)/Continue' is clicked on

2018-12-12 11:25:42 - [TEST_STEP][PASSED] - delay: Delayed 10 second(s)

2018-12-12 11:25:52 - [MESSAGE][PASSED] - Delayed 10 second(s)

2018-12-12 11:25:52 - [TEST_STEP][PASSED] - click: Object: 'Object Repository/Final Object Repo/Page_Update Employee Information By Employer/Page_Update Employee Information by Employer (Approve)/Save  Continue in Update Employee Information Page' is clicked on

2018-12-12 11:25:52 - [MESSAGE][PASSED] - Object: 'Object Repository/Final Object Repo/Page_Update Employee Information By Employer/Page_Update Employee Information by Employer (Approve)/Save  Continue in Update Employee Information Page' is clicked on

2018-12-12 11:25:52 - [TEST_STEP][PASSED] - delay: Delayed 2 second(s)

2018-12-12 11:25:54 - [MESSAGE][PASSED] - Delayed 2 second(s)

2018-12-12 11:25:54 - [TEST_STEP][PASSED] - click: Object: 'Object Repository/Final Object Repo/Page_Update Employee Information By Employer/Page_Update Employee Information by Employer (Approve)/Save  Continue in Upload Supporting Doucument Page' is clicked on

2018-12-12 11:25:55 - [MESSAGE][PASSED] - Object: 'Object Repository/Final Object Repo/Page_Update Employee Information By Employer/Page_Update Employee Information by Employer (Approve)/Save  Continue in Upload Supporting Doucument Page' is clicked on

2018-12-12 11:25:55 - [TEST_STEP][PASSED] - delay: Delayed 2 second(s)

2018-12-12 11:25:57 - [MESSAGE][PASSED] - Delayed 2 second(s)

2018-12-12 11:25:57 - [TEST_STEP][PASSED] - click: Object: 'Object Repository/Final Object Repo/Page_Update Employee Information By Employee/Page_Update Employee Information by Employee (Reject)/Reject' is clicked on

2018-12-12 11:25:58 - [MESSAGE][PASSED] - Object: 'Object Repository/Final Object Repo/Page_Update Employee Information By Employee/Page_Update Employee Information by Employee (Reject)/Reject' is clicked on

2018-12-12 11:25:58 - [TEST_STEP][PASSED] - delay: Delayed 2 second(s)

2018-12-12 11:26:00 - [MESSAGE][PASSED] - Delayed 2 second(s)

2018-12-12 11:26:00 - [TEST_STEP][PASSED] - click: Object: 'Object Repository/Final Object Repo/Page_Update Employee Information By Employee/Page_Update Employee Information by Employee (Reject)/Confirm' is clicked on

2018-12-12 11:26:01 - [MESSAGE][PASSED] - Object: 'Object Repository/Final Object Repo/Page_Update Employee Information By Employee/Page_Update Employee Information by Employee (Reject)/Confirm' is clicked on

2018-12-12 11:26:01 - [TEST_STEP][PASSED] - delay: Delayed 2 second(s)

2018-12-12 11:26:03 - [MESSAGE][PASSED] - Delayed 2 second(s)

2018-12-12 11:26:03 - [TEST_STEP][PASSED] - verifyElementVisible: Object 'Object Repository/Final Object Repo/Page_Update Employee Information By Employee/Page_Update Employee Information by Employee (Reject)/Message This Case has been Rejected' is visible

2018-12-12 11:26:06 - [MESSAGE][PASSED] - Object 'Object Repository/Final Object Repo/Page_Update Employee Information By Employee/Page_Update Employee Information by Employee (Reject)/Message This Case has been Rejected' is visible

2018-12-12 11:26:06 - [TEST_STEP][PASSED] - verifyElementVisible: Object 'Object Repository/Final Object Repo/Page_Update Employee Information By Employee/Page_Update Employee Information by Employee (Reject)/Letter of update rejection' is visible

2018-12-12 11:26:06 - [MESSAGE][PASSED] - Object 'Object Repository/Final Object Repo/Page_Update Employee Information By Employee/Page_Update Employee Information by Employee (Reject)/Letter of update rejection' is visible

2018-12-12 11:26:06 - [MESSAGE][PASSED] - Call Test Case 'Test Cases/Final Aug 2018 - PKS Automation/Registration Module/Workflow/Update Employee Information (Employee)/Template/Update Employee Information - Special Case - UO (Reject)' successfully]]></system-out>
         <system-err><![CDATA[]]></system-err>
      </testcase>
      <testcase name="Test Cases/Final Aug 2018 - PKS Automation/Registration Module/Workflow/Update Employee Information (Employee)/PKRBO to UO (Under enforcement)" classname="Test Cases/Final Aug 2018 - PKS Automation/Registration Module/Workflow/Update Employee Information (Employee)/PKRBO to UO (Under enforcement)" status="PASSED">
         <system-out><![CDATA[2018-12-12 11:26:06 - [TEST_CASE][PASSED] - Test Cases/Final Aug 2018 - PKS Automation/Registration Module/Workflow/Update Employee Information (Employee)/PKRBO to UO (Under enforcement): Test Cases/Final Aug 2018 - PKS Automation/Registration Module/Workflow/Update Employee Information (Employee)/PKRBO to UO (Under enforcement)

2018-12-12 11:26:07 - [TEST_STEP][PASSED] - callTestCase: Call Test Case 'Test Cases/Final Aug 2018 - PKS Automation/Registration Module/Workflow/Update Employee Information (Employee)/Template/Update Employee Information - Special Case (PKRBO)' successfully

2018-12-12 11:26:07 - [TEST_CASE][PASSED] - Test Cases/Final Aug 2018 - PKS Automation/Registration Module/Workflow/Update Employee Information (Employee)/Template/Update Employee Information - Special Case (PKRBO): Test Cases/Final Aug 2018 - PKS Automation/Registration Module/Workflow/Update Employee Information (Employee)/Template/Update Employee Information - Special Case (PKRBO)

2018-12-12 11:26:07 - [TEST_STEP][PASSED] - openBrowser: Browser is opened with url: ''

2018-12-12 11:26:07 - [MESSAGE][WARNING] - A browser is already opened. Closing browser and opening a new one

2018-12-12 11:26:11 - [MESSAGE][PASSED] - Browser is opened with url: ''

2018-12-12 11:26:11 - [TEST_STEP][PASSED] - navigateToUrl: Navigate to 'https://assist2-uat.perkeso.gov.my/login' successfully

2018-12-12 11:26:12 - [MESSAGE][PASSED] - Navigate to 'https://assist2-uat.perkeso.gov.my/login' successfully

2018-12-12 11:26:12 - [TEST_STEP][PASSED] - setText: Text 'johorotc1@gmail.com' is set on object 'Object Repository/Final Object Repo/Login Page/Internal User/Email Address'

2018-12-12 11:26:12 - [MESSAGE][PASSED] - Text 'johorotc1@gmail.com' is set on object 'Object Repository/Final Object Repo/Login Page/Internal User/Email Address'

2018-12-12 11:26:12 - [TEST_STEP][PASSED] - click: Object: 'Object Repository/Final Object Repo/Login Page/Internal User/Next Button' is clicked on

2018-12-12 11:26:13 - [MESSAGE][PASSED] - Object: 'Object Repository/Final Object Repo/Login Page/Internal User/Next Button' is clicked on

2018-12-12 11:26:13 - [TEST_STEP][PASSED] - delay: Delayed 1 second(s)

2018-12-12 11:26:14 - [MESSAGE][PASSED] - Delayed 1 second(s)

2018-12-12 11:26:14 - [TEST_STEP][PASSED] - setEncryptedText: Text ****** has been set on object 'Object Repository/Final Object Repo/Login Page/Internal User/Password'

2018-12-12 11:26:14 - [MESSAGE][PASSED] - Text ****** has been set on object 'Object Repository/Final Object Repo/Login Page/Internal User/Password'

2018-12-12 11:26:14 - [TEST_STEP][PASSED] - click: Object: 'Object Repository/Final Object Repo/Login Page/Internal User/Login Button' is clicked on

2018-12-12 11:26:14 - [MESSAGE][PASSED] - Object: 'Object Repository/Final Object Repo/Login Page/Internal User/Login Button' is clicked on

2018-12-12 11:26:14 - [TEST_STEP][PASSED] - Statement - tester = com.kms.katalon.core.testobject.ObjectRepository.findTestObject(Final Object Repo/Landing Page/Select to English): Finding Test Object with id 'Object Repository/Final Object Repo/Landing Page/Select to English'

2018-12-12 11:26:14 - [TEST_STEP][PASSED] - Statement - Try: Delayed 2 second(s)

2018-12-12 11:26:14 - [TEST_STEP][PASSED] - Statement - Checker = com.kms.katalon.core.webui.keyword.WebUiBuiltInKeywords.verifyElementNotPresent(tester, 3): Web element with id: 'Object Repository/Final Object Repo/Landing Page/Select to English' located by 'By.xpath: //a[@class = 'taglib-language-list-text' and @lang = 'en-US' and (contains(text(), 'EN') or contains(., 'EN'))]' is not present after '3' second(s)

2018-12-12 11:26:16 - [MESSAGE][PASSED] - Web element with id: 'Object Repository/Final Object Repo/Landing Page/Select to English' located by 'By.xpath: //a[@class = 'taglib-language-list-text' and @lang = 'en-US' and (contains(text(), 'EN') or contains(., 'EN'))]' is not present after '3' second(s)

2018-12-12 11:26:16 - [TEST_STEP][PASSED] - Statement - If (Checker == false): null

2018-12-12 11:26:16 - [TEST_STEP][PASSED] - delay: Delayed 2 second(s)

2018-12-12 11:26:18 - [MESSAGE][PASSED] - Delayed 2 second(s)

2018-12-12 11:26:18 - [TEST_STEP][PASSED] - delay: Delayed 5 second(s)

2018-12-12 11:26:23 - [MESSAGE][PASSED] - Delayed 5 second(s)

2018-12-12 11:26:23 - [TEST_STEP][PASSED] - navigateToUrl: Navigate to 'https://assist2-uat.perkeso.gov.my/web/registration/update/update-employee-information-employee-' successfully

2018-12-12 11:26:24 - [MESSAGE][PASSED] - Navigate to 'https://assist2-uat.perkeso.gov.my/web/registration/update/update-employee-information-employee-' successfully

2018-12-12 11:26:24 - [TEST_STEP][PASSED] - click: Object: 'Object Repository/Final Object Repo/Page_Update Employee Information By Employee/Type of Identification' is clicked on

2018-12-12 11:26:24 - [MESSAGE][PASSED] - Object: 'Object Repository/Final Object Repo/Page_Update Employee Information By Employee/Type of Identification' is clicked on

2018-12-12 11:26:24 - [TEST_STEP][PASSED] - click: Object: 'Object Repository/Final Object Repo/Page Update Employee Information By Employee/Type of Identification - Name' is clicked on

2018-12-12 11:26:24 - [MESSAGE][PASSED] - Object: 'Object Repository/Final Object Repo/Page Update Employee Information By Employee/Type of Identification - Name' is clicked on

2018-12-12 11:26:24 - [TEST_STEP][PASSED] - setText: Text 'YUKI JR B' is set on object 'Object Repository/Final Object Repo/Page_Update Employee Information By Employee/New Identification'

2018-12-12 11:26:24 - [MESSAGE][PASSED] - Text 'YUKI JR B' is set on object 'Object Repository/Final Object Repo/Page_Update Employee Information By Employee/New Identification'

2018-12-12 11:26:24 - [TEST_STEP][PASSED] - click: Object: 'Object Repository/Final Object Repo/Page_Update Employee Information By Employee/Search Button' is clicked on

2018-12-12 11:26:25 - [MESSAGE][PASSED] - Object: 'Object Repository/Final Object Repo/Page_Update Employee Information By Employee/Search Button' is clicked on

2018-12-12 11:26:25 - [TEST_STEP][PASSED] - click: Object: 'Object Repository/Final Object Repo/Page_Update Employee Information By Employee/Edit Button' is clicked on

2018-12-12 11:26:28 - [MESSAGE][PASSED] - Object: 'Object Repository/Final Object Repo/Page_Update Employee Information By Employee/Edit Button' is clicked on

2018-12-12 11:26:28 - [TEST_STEP][PASSED] - delay: Delayed 2 second(s)

2018-12-12 11:26:30 - [MESSAGE][PASSED] - Delayed 2 second(s)

2018-12-12 11:26:30 - [TEST_STEP][PASSED] - click: Object: 'Object Repository/Final Object Repo/Page_Update Employee Information By Employee/Employee Information Edit Button' is clicked on

2018-12-12 11:26:30 - [MESSAGE][PASSED] - Object: 'Object Repository/Final Object Repo/Page_Update Employee Information By Employee/Employee Information Edit Button' is clicked on

2018-12-12 11:26:30 - [TEST_STEP][PASSED] - delay: Delayed 2 second(s)

2018-12-12 11:26:32 - [MESSAGE][PASSED] - Delayed 2 second(s)

2018-12-12 11:26:32 - [TEST_STEP][PASSED] - click: Object: 'Object Repository/Final Object Repo/Page_Update Employee Information By Employee/New Identification Number' is clicked on

2018-12-12 11:26:33 - [MESSAGE][PASSED] - Object: 'Object Repository/Final Object Repo/Page_Update Employee Information By Employee/New Identification Number' is clicked on

2018-12-12 11:26:33 - [TEST_STEP][PASSED] - setText: Text '' is set on object 'Object Repository/Final Object Repo/Page_Update Employee Information By Employee/New Identification Number'

2018-12-12 11:26:33 - [MESSAGE][PASSED] - Text '' is set on object 'Object Repository/Final Object Repo/Page_Update Employee Information By Employee/New Identification Number'

2018-12-12 11:26:33 - [TEST_STEP][PASSED] - Statement - rnd = new java.util.Random(): null

2018-12-12 11:26:33 - [TEST_STEP][PASSED] - Statement - snum = rnd.nextInt(899999 + 1) + 100000: null

2018-12-12 11:26:33 - [TEST_STEP][PASSED] - Statement - tnum = rnd.nextInt(899999 + 1) + 100000: null

2018-12-12 11:26:33 - [TEST_STEP][PASSED] - Statement - IC = java.lang.Integer.toString(snum) + java.lang.Integer.toString(tnum): null

2018-12-12 11:26:33 - [TEST_STEP][PASSED] - Statement - out.println(IC): null

2018-12-12 11:26:33 - [TEST_STEP][PASSED] - setText: Text '925186406604' is set on object 'Object Repository/Final Object Repo/Page_Update Employee Information By Employee/New Identification Number'

2018-12-12 11:26:33 - [MESSAGE][PASSED] - Text '925186406604' is set on object 'Object Repository/Final Object Repo/Page_Update Employee Information By Employee/New Identification Number'

2018-12-12 11:26:33 - [TEST_STEP][PASSED] - delay: Delayed 5 second(s)

2018-12-12 11:26:38 - [MESSAGE][PASSED] - Delayed 5 second(s)

2018-12-12 11:26:38 - [TEST_STEP][PASSED] - click: Object: 'Object Repository/Final Object Repo/Page_Update Employee Information By Employee/Save' is clicked on

2018-12-12 11:26:38 - [MESSAGE][PASSED] - Object: 'Object Repository/Final Object Repo/Page_Update Employee Information By Employee/Save' is clicked on

2018-12-12 11:26:38 - [TEST_STEP][PASSED] - delay: Delayed 5 second(s)

2018-12-12 11:26:43 - [MESSAGE][PASSED] - Delayed 5 second(s)

2018-12-12 11:26:43 - [TEST_STEP][PASSED] - click: Object: 'Object Repository/Final Object Repo/Page_Update Employee Information By Employee/Save  Continue in Update Employee Information' is clicked on

2018-12-12 11:26:44 - [MESSAGE][PASSED] - Object: 'Object Repository/Final Object Repo/Page_Update Employee Information By Employee/Save  Continue in Update Employee Information' is clicked on

2018-12-12 11:26:44 - [TEST_STEP][PASSED] - delay: Delayed 5 second(s)

2018-12-12 11:26:49 - [MESSAGE][PASSED] - Delayed 5 second(s)

2018-12-12 11:26:49 - [TEST_STEP][PASSED] - click: Object: 'Object Repository/Final Object Repo/Page_Update Employee Information By Employee/Save  Continue in Uploading Page' is clicked on

2018-12-12 11:26:49 - [MESSAGE][PASSED] - Object: 'Object Repository/Final Object Repo/Page_Update Employee Information By Employee/Save  Continue in Uploading Page' is clicked on

2018-12-12 11:26:49 - [TEST_STEP][PASSED] - delay: Delayed 2 second(s)

2018-12-12 11:26:51 - [MESSAGE][PASSED] - Delayed 2 second(s)

2018-12-12 11:26:51 - [TEST_STEP][PASSED] - Statement - CaseReferenceNo = com.kms.katalon.core.webui.keyword.WebUiBuiltInKeywords.getText(com.kms.katalon.core.testobject.ObjectRepository.findTestObject(Final Object Repo/Page_Update Employer Information/Reference Number in Update Employee Information Page)): Text of object 'Object Repository/Final Object Repo/Page_Update Employer Information/Reference Number in Update Employee Information Page' is: 'CUN122018C100005994'

2018-12-12 11:26:52 - [MESSAGE][PASSED] - Text of object 'Object Repository/Final Object Repo/Page_Update Employer Information/Reference Number in Update Employee Information Page' is: 'CUN122018C100005994'

2018-12-12 11:26:52 - [TEST_STEP][PASSED] - callTestCase: Call Test Case 'Test Cases/Final Aug 2018 - PKS Automation/Common/Reference Number Setter' successfully

2018-12-12 11:26:52 - [TEST_CASE][PASSED] - Test Cases/Final Aug 2018 - PKS Automation/Common/Reference Number Setter: Test Cases/Final Aug 2018 - PKS Automation/Common/Reference Number Setter

2018-12-12 11:26:52 - [TEST_STEP][PASSED] - Statement - RefNoOldFile = new java.io.File(C://Users//Admin//Desktop//PKS//Automation Reference Point//KatalonReference.txt): null

2018-12-12 11:26:52 - [TEST_STEP][PASSED] - Statement - RefNoOldFile.delete(): null

2018-12-12 11:26:52 - [TEST_STEP][PASSED] - delay: Delayed 5 second(s)

2018-12-12 11:26:57 - [MESSAGE][PASSED] - Delayed 5 second(s)

2018-12-12 11:26:57 - [TEST_STEP][PASSED] - Statement - RefNo = new java.io.File(C://Users//Admin//Desktop//PKS//Automation Reference Point//KatalonReference.txt): null

2018-12-12 11:26:57 - [TEST_STEP][PASSED] - Statement - f2 = new java.io.FileWriter(RefNo, false): null

2018-12-12 11:26:57 - [TEST_STEP][PASSED] - Statement - f2.write(CaseReferenceNo): null

2018-12-12 11:26:57 - [TEST_STEP][PASSED] - Statement - f2.close(): null

2018-12-12 11:26:57 - [TEST_STEP][PASSED] - Statement - out.println("


" + CaseReferenceNo + "


"): null

2018-12-12 11:26:57 - [MESSAGE][PASSED] - Call Test Case 'Test Cases/Final Aug 2018 - PKS Automation/Common/Reference Number Setter' successfully

2018-12-12 11:26:57 - [TEST_STEP][PASSED] - delay: Delayed 2 second(s)

2018-12-12 11:26:59 - [MESSAGE][PASSED] - Delayed 2 second(s)

2018-12-12 11:26:59 - [TEST_STEP][PASSED] - click: Object: 'Object Repository/Final Object Repo/Page_Update Employee Information By Employee/Submit' is clicked on

2018-12-12 11:26:59 - [MESSAGE][PASSED] - Object: 'Object Repository/Final Object Repo/Page_Update Employee Information By Employee/Submit' is clicked on

2018-12-12 11:26:59 - [TEST_STEP][PASSED] - delay: Delayed 2 second(s)

2018-12-12 11:27:01 - [MESSAGE][PASSED] - Delayed 2 second(s)

2018-12-12 11:27:01 - [TEST_STEP][PASSED] - click: Object: 'Object Repository/Final Object Repo/Page_Update Employee Information By Employee/Confirm Button' is clicked on

2018-12-12 11:27:02 - [MESSAGE][PASSED] - Object: 'Object Repository/Final Object Repo/Page_Update Employee Information By Employee/Confirm Button' is clicked on

2018-12-12 11:27:02 - [TEST_STEP][PASSED] - delay: Delayed 2 second(s)

2018-12-12 11:27:04 - [MESSAGE][PASSED] - Delayed 2 second(s)

2018-12-12 11:27:04 - [TEST_STEP][PASSED] - click: Object: 'Object Repository/Final Object Repo/Page_Update Employee Information By Employee/Successful Message Routed to UO' is clicked on

2018-12-12 11:27:05 - [MESSAGE][PASSED] - Object: 'Object Repository/Final Object Repo/Page_Update Employee Information By Employee/Successful Message Routed to UO' is clicked on

2018-12-12 11:27:05 - [MESSAGE][PASSED] - Call Test Case 'Test Cases/Final Aug 2018 - PKS Automation/Registration Module/Workflow/Update Employee Information (Employee)/Template/Update Employee Information - Special Case (PKRBO)' successfully

2018-12-12 11:27:05 - [TEST_STEP][PASSED] - callTestCase: Call Test Case 'Test Cases/Final Aug 2018 - PKS Automation/Registration Module/Workflow/Update Employee Information (Employee)/Template/Update Employee Information - Special Case - UO (Under enforcement)' successfully

2018-12-12 11:27:05 - [TEST_CASE][PASSED] - Test Cases/Final Aug 2018 - PKS Automation/Registration Module/Workflow/Update Employee Information (Employee)/Template/Update Employee Information - Special Case - UO (Under enforcement): Test Cases/Final Aug 2018 - PKS Automation/Registration Module/Workflow/Update Employee Information (Employee)/Template/Update Employee Information - Special Case - UO (Under enforcement)

2018-12-12 11:27:05 - [TEST_STEP][NOT_RUN] - callTestCase: NOT_RUN: callTestCase

2018-12-12 11:27:05 - [MESSAGE][NOT_RUN] - NOT_RUN: callTestCase

2018-12-12 11:27:05 - [TEST_STEP][PASSED] - delay: Delayed 2 second(s)

2018-12-12 11:27:07 - [MESSAGE][PASSED] - Delayed 2 second(s)

2018-12-12 11:27:07 - [TEST_STEP][PASSED] - navigateToUrl: Navigate to 'https://assist2-uat.perkeso.gov.my/c/portal/logout' successfully

2018-12-12 11:27:08 - [MESSAGE][PASSED] - Navigate to 'https://assist2-uat.perkeso.gov.my/c/portal/logout' successfully

2018-12-12 11:27:08 - [TEST_STEP][PASSED] - delay: Delayed 2 second(s)

2018-12-12 11:27:10 - [MESSAGE][PASSED] - Delayed 2 second(s)

2018-12-12 11:27:10 - [TEST_STEP][PASSED] - callTestCase: Call Test Case 'Test Cases/Final Aug 2018 - PKS Automation/Common/Reference Number Getter' successfully

2018-12-12 11:27:10 - [TEST_CASE][PASSED] - Test Cases/Final Aug 2018 - PKS Automation/Common/Reference Number Getter: Test Cases/Final Aug 2018 - PKS Automation/Common/Reference Number Getter

2018-12-12 11:27:10 - [TEST_STEP][PASSED] - Statement - Try: null

2018-12-12 11:27:10 - [TEST_STEP][PASSED] - Statement - RefNo = new java.io.File(C://Users//Admin//Desktop//PKS//Automation Reference Point//KatalonReference.txt): null

2018-12-12 11:27:10 - [TEST_STEP][PASSED] - Statement - bufferread = new java.io.BufferedReader(new java.io.FileReader(RefNo)): null

2018-12-12 11:27:10 - [TEST_STEP][PASSED] - Statement - readedVal = bufferread.readLine(): null

2018-12-12 11:27:10 - [TEST_STEP][PASSED] - Statement - out.println(CaseReferenceNo): null

2018-12-12 11:27:10 - [TEST_STEP][PASSED] - Statement - out.println(readedVal): null

2018-12-12 11:27:10 - [TEST_STEP][PASSED] - Statement - CaseReferenceNo = "": null

2018-12-12 11:27:10 - [TEST_STEP][PASSED] - Statement - CaseReferenceNo = readedVal: null

2018-12-12 11:27:10 - [MESSAGE][PASSED] - Call Test Case 'Test Cases/Final Aug 2018 - PKS Automation/Common/Reference Number Getter' successfully

2018-12-12 11:27:10 - [TEST_STEP][PASSED] - callTestCase: Call Test Case 'Test Cases/Final Aug 2018 - PKS Automation/Common/Workflow Owner Finder' successfully

2018-12-12 11:27:10 - [TEST_CASE][PASSED] - Test Cases/Final Aug 2018 - PKS Automation/Common/Workflow Owner Finder: Test Cases/Final Aug 2018 - PKS Automation/Common/Workflow Owner Finder

2018-12-12 11:27:10 - [TEST_STEP][PASSED] - openBrowser: Browser is opened with url: ''

2018-12-12 11:27:10 - [MESSAGE][WARNING] - A browser is already opened. Closing browser and opening a new one

2018-12-12 11:27:14 - [MESSAGE][PASSED] - Browser is opened with url: ''

2018-12-12 11:27:14 - [TEST_STEP][PASSED] - navigateToUrl: Navigate to 'https://assist2-uat.perkeso.gov.my/login' successfully

2018-12-12 11:27:15 - [MESSAGE][PASSED] - Navigate to 'https://assist2-uat.perkeso.gov.my/login' successfully

2018-12-12 11:27:15 - [TEST_STEP][PASSED] - delay: Delayed 5 second(s)

2018-12-12 11:27:20 - [MESSAGE][PASSED] - Delayed 5 second(s)

2018-12-12 11:27:20 - [TEST_STEP][PASSED] - setText: Text 'test@liferay.com' is set on object 'Object Repository/Final Object Repo/Login Page/Internal User/Email Address'

2018-12-12 11:27:20 - [MESSAGE][PASSED] - Text 'test@liferay.com' is set on object 'Object Repository/Final Object Repo/Login Page/Internal User/Email Address'

2018-12-12 11:27:20 - [TEST_STEP][PASSED] - click: Object: 'Object Repository/Final Object Repo/Login Page/Internal User/Next Button' is clicked on

2018-12-12 11:27:21 - [MESSAGE][PASSED] - Object: 'Object Repository/Final Object Repo/Login Page/Internal User/Next Button' is clicked on

2018-12-12 11:27:21 - [TEST_STEP][PASSED] - delay: Delayed 2 second(s)

2018-12-12 11:27:23 - [MESSAGE][PASSED] - Delayed 2 second(s)

2018-12-12 11:27:23 - [TEST_STEP][PASSED] - setText: Text 'test' is set on object 'Object Repository/Final Object Repo/Login Page/Internal User/Password'

2018-12-12 11:27:23 - [MESSAGE][PASSED] - Text 'test' is set on object 'Object Repository/Final Object Repo/Login Page/Internal User/Password'

2018-12-12 11:27:23 - [TEST_STEP][PASSED] - delay: Delayed 2 second(s)

2018-12-12 11:27:25 - [MESSAGE][PASSED] - Delayed 2 second(s)

2018-12-12 11:27:25 - [TEST_STEP][PASSED] - click: Object: 'Object Repository/Final Object Repo/Login Page/Internal User/Login Button' is clicked on

2018-12-12 11:27:25 - [MESSAGE][PASSED] - Object: 'Object Repository/Final Object Repo/Login Page/Internal User/Login Button' is clicked on

2018-12-12 11:27:25 - [TEST_STEP][PASSED] - Statement - tester = com.kms.katalon.core.testobject.ObjectRepository.findTestObject(Final Object Repo/Landing Page/Select to English): Finding Test Object with id 'Object Repository/Final Object Repo/Landing Page/Select to English'

2018-12-12 11:27:25 - [TEST_STEP][PASSED] - Statement - Try: Delayed 2 second(s)

2018-12-12 11:27:25 - [TEST_STEP][PASSED] - Statement - Checker = com.kms.katalon.core.webui.keyword.WebUiBuiltInKeywords.verifyElementNotPresent(tester, 3): Web element with id: 'Object Repository/Final Object Repo/Landing Page/Select to English' located by 'By.xpath: //a[@class = 'taglib-language-list-text' and @lang = 'en-US' and (contains(text(), 'EN') or contains(., 'EN'))]' is not present after '3' second(s)

2018-12-12 11:27:27 - [MESSAGE][PASSED] - Web element with id: 'Object Repository/Final Object Repo/Landing Page/Select to English' located by 'By.xpath: //a[@class = 'taglib-language-list-text' and @lang = 'en-US' and (contains(text(), 'EN') or contains(., 'EN'))]' is not present after '3' second(s)

2018-12-12 11:27:27 - [TEST_STEP][PASSED] - Statement - If (Checker == false): null

2018-12-12 11:27:27 - [TEST_STEP][PASSED] - delay: Delayed 2 second(s)

2018-12-12 11:27:29 - [MESSAGE][PASSED] - Delayed 2 second(s)

2018-12-12 11:27:29 - [TEST_STEP][PASSED] - delay: Delayed 5 second(s)

2018-12-12 11:27:34 - [MESSAGE][PASSED] - Delayed 5 second(s)

2018-12-12 11:27:34 - [TEST_STEP][PASSED] - mouseOver: Object: 'Object Repository/Final Object Repo/Landing Page/WorkFlow Menu' is hovered

2018-12-12 11:27:34 - [MESSAGE][PASSED] - Object: 'Object Repository/Final Object Repo/Landing Page/WorkFlow Menu' is hovered

2018-12-12 11:27:34 - [TEST_STEP][PASSED] - delay: Delayed 2 second(s)

2018-12-12 11:27:36 - [MESSAGE][PASSED] - Delayed 2 second(s)

2018-12-12 11:27:36 - [TEST_STEP][PASSED] - click: Object: 'Object Repository/Final Object Repo/Landing Page/Select to Workflow Listing' is clicked on

2018-12-12 11:27:37 - [MESSAGE][PASSED] - Object: 'Object Repository/Final Object Repo/Landing Page/Select to Workflow Listing' is clicked on

2018-12-12 11:27:37 - [TEST_STEP][PASSED] - delay: Delayed 2 second(s)

2018-12-12 11:27:39 - [MESSAGE][PASSED] - Delayed 2 second(s)

2018-12-12 11:27:39 - [TEST_STEP][PASSED] - click: Object: 'Object Repository/Final Object Repo/WorkFlow Listing Page/Search Information - To Put Ref No' is clicked on

2018-12-12 11:27:39 - [MESSAGE][PASSED] - Object: 'Object Repository/Final Object Repo/WorkFlow Listing Page/Search Information - To Put Ref No' is clicked on

2018-12-12 11:27:39 - [TEST_STEP][PASSED] - delay: Delayed 2 second(s)

2018-12-12 11:27:41 - [MESSAGE][PASSED] - Delayed 2 second(s)

2018-12-12 11:27:41 - [TEST_STEP][PASSED] - callTestCase: Call Test Case 'Test Cases/Final Aug 2018 - PKS Automation/Common/Reference Number Getter' successfully

2018-12-12 11:27:41 - [TEST_CASE][PASSED] - Test Cases/Final Aug 2018 - PKS Automation/Common/Reference Number Getter: Test Cases/Final Aug 2018 - PKS Automation/Common/Reference Number Getter

2018-12-12 11:27:41 - [TEST_STEP][PASSED] - Statement - Try: null

2018-12-12 11:27:41 - [TEST_STEP][PASSED] - Statement - RefNo = new java.io.File(C://Users//Admin//Desktop//PKS//Automation Reference Point//KatalonReference.txt): null

2018-12-12 11:27:41 - [TEST_STEP][PASSED] - Statement - bufferread = new java.io.BufferedReader(new java.io.FileReader(RefNo)): null

2018-12-12 11:27:41 - [TEST_STEP][PASSED] - Statement - readedVal = bufferread.readLine(): null

2018-12-12 11:27:41 - [TEST_STEP][PASSED] - Statement - out.println(CaseReferenceNo): null

2018-12-12 11:27:41 - [TEST_STEP][PASSED] - Statement - out.println(readedVal): null

2018-12-12 11:27:41 - [TEST_STEP][PASSED] - Statement - CaseReferenceNo = "": null

2018-12-12 11:27:41 - [TEST_STEP][PASSED] - Statement - CaseReferenceNo = readedVal: null

2018-12-12 11:27:41 - [MESSAGE][PASSED] - Call Test Case 'Test Cases/Final Aug 2018 - PKS Automation/Common/Reference Number Getter' successfully

2018-12-12 11:27:41 - [TEST_STEP][PASSED] - setText: Text 'CUN122018C100005994' is set on object 'Object Repository/Final Object Repo/WorkFlow Listing Page/Ref No Set Text'

2018-12-12 11:27:42 - [MESSAGE][PASSED] - Text 'CUN122018C100005994' is set on object 'Object Repository/Final Object Repo/WorkFlow Listing Page/Ref No Set Text'

2018-12-12 11:27:42 - [TEST_STEP][PASSED] - delay: Delayed 2 second(s)

2018-12-12 11:27:44 - [MESSAGE][PASSED] - Delayed 2 second(s)

2018-12-12 11:27:44 - [TEST_STEP][PASSED] - click: Object: 'Object Repository/Final Object Repo/WorkFlow Listing Page/Search Ref No Search Button' is clicked on

2018-12-12 11:27:44 - [MESSAGE][PASSED] - Object: 'Object Repository/Final Object Repo/WorkFlow Listing Page/Search Ref No Search Button' is clicked on

2018-12-12 11:27:44 - [TEST_STEP][PASSED] - delay: Delayed 6 second(s)

2018-12-12 11:27:50 - [MESSAGE][PASSED] - Delayed 6 second(s)

2018-12-12 11:27:50 - [TEST_STEP][PASSED] - click: Object: 'Object Repository/Final Object Repo/WorkFlow Listing Page/Click Continue Tooltip' is clicked on

2018-12-12 11:27:51 - [MESSAGE][PASSED] - Object: 'Object Repository/Final Object Repo/WorkFlow Listing Page/Click Continue Tooltip' is clicked on

2018-12-12 11:27:51 - [TEST_STEP][PASSED] - delay: Delayed 5 second(s)

2018-12-12 11:27:56 - [MESSAGE][PASSED] - Delayed 5 second(s)

2018-12-12 11:27:56 - [TEST_STEP][PASSED] - doubleClick: Object: 'Object Repository/Final Object Repo/WorkFlow Listing Page/Workflow Found - Listing 1' is double clicked on

2018-12-12 11:27:56 - [MESSAGE][PASSED] - Object: 'Object Repository/Final Object Repo/WorkFlow Listing Page/Workflow Found - Listing 1' is double clicked on

2018-12-12 11:27:56 - [TEST_STEP][PASSED] - Statement - println(OwnerID): null

2018-12-12 11:27:56 - [TEST_STEP][PASSED] - Statement - OwnerID = com.kms.katalon.core.webui.keyword.WebUiBuiltInKeywords.getText(com.kms.katalon.core.testobject.ObjectRepository.findTestObject(Final Object Repo/WorkFlow Listing Page/Workflow Found - Listing 1), STOP_ON_FAILURE): Text of object 'Object Repository/Final Object Repo/WorkFlow Listing Page/Workflow Found - Listing 1' is: 'JOHORuo2'

2018-12-12 11:27:56 - [MESSAGE][PASSED] - Text of object 'Object Repository/Final Object Repo/WorkFlow Listing Page/Workflow Found - Listing 1' is: 'JOHORuo2'

2018-12-12 11:27:56 - [TEST_STEP][PASSED] - Statement - OwnerID = OwnerID.toLowerCase() + "@gmail.com": null

2018-12-12 11:27:56 - [TEST_STEP][PASSED] - Statement - println(OwnerID): null

2018-12-12 11:27:56 - [TEST_STEP][PASSED] - delay: Delayed 2 second(s)

2018-12-12 11:27:58 - [MESSAGE][PASSED] - Delayed 2 second(s)

2018-12-12 11:27:58 - [MESSAGE][PASSED] - Call Test Case 'Test Cases/Final Aug 2018 - PKS Automation/Common/Workflow Owner Finder' successfully

2018-12-12 11:27:58 - [TEST_STEP][PASSED] - delay: Delayed 2 second(s)

2018-12-12 11:28:00 - [MESSAGE][PASSED] - Delayed 2 second(s)

2018-12-12 11:28:00 - [TEST_STEP][PASSED] - navigateToUrl: Navigate to 'https://assist2-uat.perkeso.gov.my/c/portal/logout' successfully

2018-12-12 11:28:01 - [MESSAGE][PASSED] - Navigate to 'https://assist2-uat.perkeso.gov.my/c/portal/logout' successfully

2018-12-12 11:28:01 - [TEST_STEP][PASSED] - delay: Delayed 2 second(s)

2018-12-12 11:28:03 - [MESSAGE][PASSED] - Delayed 2 second(s)

2018-12-12 11:28:03 - [TEST_STEP][PASSED] - callTestCase: Call Test Case 'Test Cases/Final Aug 2018 - PKS Automation/Registration Module/Workflow/Login and Search Case For Workflow' successfully

2018-12-12 11:28:03 - [TEST_CASE][PASSED] - Test Cases/Final Aug 2018 - PKS Automation/Registration Module/Workflow/Login and Search Case For Workflow: Test Cases/Final Aug 2018 - PKS Automation/Registration Module/Workflow/Login and Search Case For Workflow

2018-12-12 11:28:03 - [TEST_STEP][PASSED] - navigateToUrl: Navigate to 'https://assist2-uat.perkeso.gov.my/login' successfully

2018-12-12 11:28:03 - [MESSAGE][PASSED] - Navigate to 'https://assist2-uat.perkeso.gov.my/login' successfully

2018-12-12 11:28:03 - [TEST_STEP][PASSED] - setText: Text 'johoruo2@gmail.com' is set on object 'Object Repository/Final Object Repo/Login Page/Internal User/Email Address'

2018-12-12 11:28:04 - [MESSAGE][PASSED] - Text 'johoruo2@gmail.com' is set on object 'Object Repository/Final Object Repo/Login Page/Internal User/Email Address'

2018-12-12 11:28:04 - [TEST_STEP][PASSED] - click: Object: 'Object Repository/Final Object Repo/Login Page/Internal User/Next Button' is clicked on

2018-12-12 11:28:04 - [MESSAGE][PASSED] - Object: 'Object Repository/Final Object Repo/Login Page/Internal User/Next Button' is clicked on

2018-12-12 11:28:04 - [TEST_STEP][PASSED] - delay: Delayed 1 second(s)

2018-12-12 11:28:05 - [MESSAGE][PASSED] - Delayed 1 second(s)

2018-12-12 11:28:05 - [TEST_STEP][PASSED] - setEncryptedText: Text ****** has been set on object 'Object Repository/Final Object Repo/Login Page/Internal User/Password'

2018-12-12 11:28:05 - [MESSAGE][PASSED] - Text ****** has been set on object 'Object Repository/Final Object Repo/Login Page/Internal User/Password'

2018-12-12 11:28:05 - [TEST_STEP][PASSED] - click: Object: 'Object Repository/Final Object Repo/Login Page/Internal User/Login Button' is clicked on

2018-12-12 11:28:05 - [MESSAGE][PASSED] - Object: 'Object Repository/Final Object Repo/Login Page/Internal User/Login Button' is clicked on

2018-12-12 11:28:05 - [TEST_STEP][PASSED] - delay: Delayed 2 second(s)

2018-12-12 11:28:07 - [MESSAGE][PASSED] - Delayed 2 second(s)

2018-12-12 11:28:07 - [TEST_STEP][PASSED] - Statement - Try: Delayed 2 second(s)

2018-12-12 11:28:07 - [TEST_STEP][PASSED] - Statement - Checker = false: null

2018-12-12 11:28:07 - [TEST_STEP][PASSED] - Statement - Checker = com.kms.katalon.core.webui.keyword.WebUiBuiltInKeywords.verifyElementHasAttribute(com.kms.katalon.core.testobject.ObjectRepository.findTestObject(Final Object Repo/Landing Page/BM Detecting), "href", 20, OPTIONAL): Object 'Object Repository/Final Object Repo/Landing Page/BM Detecting' has attribute 'href'

2018-12-12 11:28:07 - [MESSAGE][PASSED] - Object 'Object Repository/Final Object Repo/Landing Page/BM Detecting' has attribute 'href'

2018-12-12 11:28:07 - [TEST_STEP][PASSED] - Statement - out.println(Checker): null

2018-12-12 11:28:07 - [TEST_STEP][PASSED] - Statement - If (Checker == false): null

2018-12-12 11:28:07 - [TEST_STEP][PASSED] - Statement - Else: null

2018-12-12 11:28:07 - [TEST_STEP][PASSED] - delay: Delayed 2 second(s)

2018-12-12 11:28:09 - [MESSAGE][PASSED] - Delayed 2 second(s)

2018-12-12 11:28:09 - [TEST_STEP][PASSED] - click: Object: 'Object Repository/Final Object Repo/Page_MyASSIST - ASSIST - Search Pending Case For Add Supporting Document/Search Information' is clicked on

2018-12-12 11:28:09 - [MESSAGE][PASSED] - Object: 'Object Repository/Final Object Repo/Page_MyASSIST - ASSIST - Search Pending Case For Add Supporting Document/Search Information' is clicked on

2018-12-12 11:28:09 - [TEST_STEP][PASSED] - delay: Delayed 3 second(s)

2018-12-12 11:28:12 - [MESSAGE][PASSED] - Delayed 3 second(s)

2018-12-12 11:28:12 - [TEST_STEP][PASSED] - sendKeys: Keys 'CUN122018C100005994' sent to object: 'Object Repository/Final Object Repo/Page_MyASSIST - ASSIST - Search Pending Case For Add Supporting Document/Reference No'

2018-12-12 11:28:13 - [MESSAGE][PASSED] - Keys 'CUN122018C100005994' sent to object: 'Object Repository/Final Object Repo/Page_MyASSIST - ASSIST - Search Pending Case For Add Supporting Document/Reference No'

2018-12-12 11:28:13 - [TEST_STEP][PASSED] - click: Object: 'Object Repository/Final Object Repo/Page_MyASSIST - ASSIST - Search Pending Case For Add Supporting Document/Search Reference No' is clicked on

2018-12-12 11:28:13 - [MESSAGE][PASSED] - Object: 'Object Repository/Final Object Repo/Page_MyASSIST - ASSIST - Search Pending Case For Add Supporting Document/Search Reference No' is clicked on

2018-12-12 11:28:13 - [TEST_STEP][PASSED] - delay: Delayed 2 second(s)

2018-12-12 11:28:15 - [MESSAGE][PASSED] - Delayed 2 second(s)

2018-12-12 11:28:15 - [TEST_STEP][PASSED] - click: Object: 'Object Repository/Final Object Repo/Page_MyASSIST - ASSIST - Search Pending Case For Add Supporting Document/Continue' is clicked on

2018-12-12 11:28:19 - [MESSAGE][PASSED] - Object: 'Object Repository/Final Object Repo/Page_MyASSIST - ASSIST - Search Pending Case For Add Supporting Document/Continue' is clicked on

2018-12-12 11:28:19 - [TEST_STEP][PASSED] - delay: Delayed 20 second(s)

2018-12-12 11:28:39 - [MESSAGE][PASSED] - Delayed 20 second(s)

2018-12-12 11:28:39 - [MESSAGE][PASSED] - Call Test Case 'Test Cases/Final Aug 2018 - PKS Automation/Registration Module/Workflow/Login and Search Case For Workflow' successfully

2018-12-12 11:28:39 - [TEST_STEP][PASSED] - click: Object: 'Object Repository/Final Object Repo/Page_Update Employee Information By Employee/Page_Update Employee Information By Employee (Approve)/Continue' is clicked on

2018-12-12 11:28:42 - [MESSAGE][PASSED] - Object: 'Object Repository/Final Object Repo/Page_Update Employee Information By Employee/Page_Update Employee Information By Employee (Approve)/Continue' is clicked on

2018-12-12 11:28:42 - [TEST_STEP][PASSED] - delay: Delayed 2 second(s)

2018-12-12 11:28:44 - [MESSAGE][PASSED] - Delayed 2 second(s)

2018-12-12 11:28:44 - [TEST_STEP][PASSED] - click: Object: 'Object Repository/Final Object Repo/Page_Update Employee Information By Employer/Page_Update Employee Information by Employer (Approve)/Save  Continue in Update Employee Information Page' is clicked on

2018-12-12 11:28:44 - [MESSAGE][PASSED] - Object: 'Object Repository/Final Object Repo/Page_Update Employee Information By Employer/Page_Update Employee Information by Employer (Approve)/Save  Continue in Update Employee Information Page' is clicked on

2018-12-12 11:28:44 - [TEST_STEP][PASSED] - delay: Delayed 2 second(s)

2018-12-12 11:28:46 - [MESSAGE][PASSED] - Delayed 2 second(s)

2018-12-12 11:28:46 - [TEST_STEP][PASSED] - click: Object: 'Object Repository/Final Object Repo/Page_Update Employee Information By Employer/Page_Update Employee Information by Employer (Approve)/Save  Continue in Upload Supporting Doucument Page' is clicked on

2018-12-12 11:28:47 - [MESSAGE][PASSED] - Object: 'Object Repository/Final Object Repo/Page_Update Employee Information By Employer/Page_Update Employee Information by Employer (Approve)/Save  Continue in Upload Supporting Doucument Page' is clicked on

2018-12-12 11:28:47 - [TEST_STEP][PASSED] - delay: Delayed 2 second(s)

2018-12-12 11:28:49 - [MESSAGE][PASSED] - Delayed 2 second(s)

2018-12-12 11:28:49 - [TEST_STEP][PASSED] - click: Object: 'Object Repository/Final Object Repo/Page_Update Employee Information By Employee/Page_Update Employee Information by Employee (Under enforcement)/Under enforcement' is clicked on

2018-12-12 11:28:51 - [MESSAGE][PASSED] - Object: 'Object Repository/Final Object Repo/Page_Update Employee Information By Employee/Page_Update Employee Information by Employee (Under enforcement)/Under enforcement' is clicked on

2018-12-12 11:28:51 - [TEST_STEP][PASSED] - delay: Delayed 2 second(s)

2018-12-12 11:28:53 - [MESSAGE][PASSED] - Delayed 2 second(s)

2018-12-12 11:28:53 - [TEST_STEP][PASSED] - setText: Text 'remark' is set on object 'Object Repository/Final Object Repo/Page_Update Employee Information By Employee/Page_Update Employee Information by Employee (Under enforcement)/Under enforcement - remark'

2018-12-12 11:28:53 - [MESSAGE][PASSED] - Text 'remark' is set on object 'Object Repository/Final Object Repo/Page_Update Employee Information By Employee/Page_Update Employee Information by Employee (Under enforcement)/Under enforcement - remark'

2018-12-12 11:28:53 - [TEST_STEP][PASSED] - delay: Delayed 2 second(s)

2018-12-12 11:28:55 - [MESSAGE][PASSED] - Delayed 2 second(s)

2018-12-12 11:28:55 - [TEST_STEP][PASSED] - click: Object: 'Object Repository/Final Object Repo/Page_Update Employee Information By Employee/Page_Update Employee Information by Employee (Under enforcement)/Save  Continue in Under enforcement Page' is clicked on

2018-12-12 11:28:55 - [MESSAGE][PASSED] - Object: 'Object Repository/Final Object Repo/Page_Update Employee Information By Employee/Page_Update Employee Information by Employee (Under enforcement)/Save  Continue in Under enforcement Page' is clicked on

2018-12-12 11:28:55 - [TEST_STEP][PASSED] - click: Object: 'Object Repository/Final Object Repo/Page_Update Employee Information By Employee/Page_Update Employee Information by Employee (Under enforcement)/Message The case is under enforcement' is clicked on

2018-12-12 11:28:59 - [MESSAGE][PASSED] - Object: 'Object Repository/Final Object Repo/Page_Update Employee Information By Employee/Page_Update Employee Information by Employee (Under enforcement)/Message The case is under enforcement' is clicked on

2018-12-12 11:28:59 - [MESSAGE][PASSED] - Call Test Case 'Test Cases/Final Aug 2018 - PKS Automation/Registration Module/Workflow/Update Employee Information (Employee)/Template/Update Employee Information - Special Case - UO (Under enforcement)' successfully]]></system-out>
         <system-err><![CDATA[]]></system-err>
      </testcase>
      <system-out><![CDATA[2018-12-12 10:48:23 - [TEST_SUITE][PASSED] - Update Employee Information (Employee): Test Cases/Final Aug 2018 - PKS Automation/Registration Module/Workflow/Update Employee Information (Employee)/PKRBO to UO (Under enforcement)]]></system-out>
      <system-err><![CDATA[]]></system-err>
   </testsuite>
</testsuites>
