<?xml version="1.0" encoding="UTF-8"?>
<testsuites name="Form 1A - Cessation as Employer" time="4589" tests="5" failures="7" errors="0">
   <testsuite name="Form 1A - Cessation as Employer" tests="5" failures="7" errors="0" time="4589" timestamp="2018-11-09 12:11:53" hostname="Wei Zheng - 10.212.128.118" id="Test Suites/Workflow/Form 1A - Cessation as Employer">
      <properties>
         <property name="deviceName" value=""/>
         <property name="devicePlatform" value=""/>
         <property name="logFolder" value="C:\\Users\\LENOVO\\Katalon Studio\\Perkeso Phase A\\Reports\\Workflow\\Form 1A - Cessation as Employer\\20181109_121149"/>
         <property name="logFiles" value="C:\\Users\\LENOVO\\Katalon Studio\\Perkeso Phase A\\Reports\\Workflow\\Form 1A - Cessation as Employer\\20181109_121149\\execution0.log"/>
         <property name="attachments" value="C:\\Users\\LENOVO\\Katalon Studio\\Perkeso Phase A\\Reports\\Workflow\\Form 1A - Cessation as Employer\\20181109_121149\\1541738079145.png, C:\\Users\\LENOVO\\Katalon Studio\\Perkeso Phase A\\Reports\\Workflow\\Form 1A - Cessation as Employer\\20181109_121149\\1541738118932.png, C:\\Users\\LENOVO\\Katalon Studio\\Perkeso Phase A\\Reports\\Workflow\\Form 1A - Cessation as Employer\\20181109_121149\\1541738153265.png, C:\\Users\\LENOVO\\Katalon Studio\\Perkeso Phase A\\Reports\\Workflow\\Form 1A - Cessation as Employer\\20181109_121149\\1541738188870.png, C:\\Users\\LENOVO\\Katalon Studio\\Perkeso Phase A\\Reports\\Workflow\\Form 1A - Cessation as Employer\\20181109_121149\\1541738223925.png, C:\\Users\\LENOVO\\Katalon Studio\\Perkeso Phase A\\Reports\\Workflow\\Form 1A - Cessation as Employer\\20181109_121149\\1541738893045.png, C:\\Users\\LENOVO\\Katalon Studio\\Perkeso Phase A\\Reports\\Workflow\\Form 1A - Cessation as Employer\\20181109_121149\\1541738927264.png, C:\\Users\\LENOVO\\Katalon Studio\\Perkeso Phase A\\Reports\\Workflow\\Form 1A - Cessation as Employer\\20181109_121149\\1541738951844.png, C:\\Users\\LENOVO\\Katalon Studio\\Perkeso Phase A\\Reports\\Workflow\\Form 1A - Cessation as Employer\\20181109_121149\\1541738991819.png, C:\\Users\\LENOVO\\Katalon Studio\\Perkeso Phase A\\Reports\\Workflow\\Form 1A - Cessation as Employer\\20181109_121149\\1541739026363.png, C:\\Users\\LENOVO\\Katalon Studio\\Perkeso Phase A\\Reports\\Workflow\\Form 1A - Cessation as Employer\\20181109_121149\\1541739062122.png, C:\\Users\\LENOVO\\Katalon Studio\\Perkeso Phase A\\Reports\\Workflow\\Form 1A - Cessation as Employer\\20181109_121149\\1541739097250.png, C:\\Users\\LENOVO\\Katalon Studio\\Perkeso Phase A\\Reports\\Workflow\\Form 1A - Cessation as Employer\\20181109_121149\\1541739499236.png, C:\\Users\\LENOVO\\Katalon Studio\\Perkeso Phase A\\Reports\\Workflow\\Form 1A - Cessation as Employer\\20181109_121149\\1541739535768.png, C:\\Users\\LENOVO\\Katalon Studio\\Perkeso Phase A\\Reports\\Workflow\\Form 1A - Cessation as Employer\\20181109_121149\\1541739957509.png, C:\\Users\\LENOVO\\Katalon Studio\\Perkeso Phase A\\Reports\\Workflow\\Form 1A - Cessation as Employer\\20181109_121149\\1541739991829.png, C:\\Users\\LENOVO\\Katalon Studio\\Perkeso Phase A\\Reports\\Workflow\\Form 1A - Cessation as Employer\\20181109_121149\\1541740016405.png, C:\\Users\\LENOVO\\Katalon Studio\\Perkeso Phase A\\Reports\\Workflow\\Form 1A - Cessation as Employer\\20181109_121149\\1541740056358.png, C:\\Users\\LENOVO\\Katalon Studio\\Perkeso Phase A\\Reports\\Workflow\\Form 1A - Cessation as Employer\\20181109_121149\\1541740090947.png, C:\\Users\\LENOVO\\Katalon Studio\\Perkeso Phase A\\Reports\\Workflow\\Form 1A - Cessation as Employer\\20181109_121149\\1541740126600.png, C:\\Users\\LENOVO\\Katalon Studio\\Perkeso Phase A\\Reports\\Workflow\\Form 1A - Cessation as Employer\\20181109_121149\\1541740161650.png, C:\\Users\\LENOVO\\Katalon Studio\\Perkeso Phase A\\Reports\\Workflow\\Form 1A - Cessation as Employer\\20181109_121149\\1541740206257.png, C:\\Users\\LENOVO\\Katalon Studio\\Perkeso Phase A\\Reports\\Workflow\\Form 1A - Cessation as Employer\\20181109_121149\\1541740240471.png, C:\\Users\\LENOVO\\Katalon Studio\\Perkeso Phase A\\Reports\\Workflow\\Form 1A - Cessation as Employer\\20181109_121149\\1541740265030.png, C:\\Users\\LENOVO\\Katalon Studio\\Perkeso Phase A\\Reports\\Workflow\\Form 1A - Cessation as Employer\\20181109_121149\\1541740305011.png, C:\\Users\\LENOVO\\Katalon Studio\\Perkeso Phase A\\Reports\\Workflow\\Form 1A - Cessation as Employer\\20181109_121149\\1541740339512.png, C:\\Users\\LENOVO\\Katalon Studio\\Perkeso Phase A\\Reports\\Workflow\\Form 1A - Cessation as Employer\\20181109_121149\\1541740375124.png, C:\\Users\\LENOVO\\Katalon Studio\\Perkeso Phase A\\Reports\\Workflow\\Form 1A - Cessation as Employer\\20181109_121149\\1541740410180.png, C:\\Users\\LENOVO\\Katalon Studio\\Perkeso Phase A\\Reports\\Workflow\\Form 1A - Cessation as Employer\\20181109_121149\\1541740818242.png, C:\\Users\\LENOVO\\Katalon Studio\\Perkeso Phase A\\Reports\\Workflow\\Form 1A - Cessation as Employer\\20181109_121149\\1541740854812.png, C:\\Users\\LENOVO\\Katalon Studio\\Perkeso Phase A\\Reports\\Workflow\\Form 1A - Cessation as Employer\\20181109_121149\\1541741265140.png, C:\\Users\\LENOVO\\Katalon Studio\\Perkeso Phase A\\Reports\\Workflow\\Form 1A - Cessation as Employer\\20181109_121149\\1541741301674.png"/>
         <property name="hostName" value="Wei Zheng - 10.212.128.118"/>
         <property name="os" value="Windows 7 64bit"/>
         <property name="katalonVersion" value="5.8.0.1"/>
         <property name="browser" value="Firefox 63.0"/>
         <property name="hostAddress" value="10.212.128.118"/>
         <property name="sessionId" value="2ee65393-786a-428e-b3f7-36f46e2d19c8"/>
         <property name="seleniumVersion" value="3.9.1"/>
         <property name="proxyInformation" value="ProxyInformation{proxyOption=NO_PROXY, proxyServerType=HTTP, password=, proxyServerAddress=, proxyServerPort=0}"/>
         <property name="platform" value="Windows 7"/>
      </properties>
      <testcase name="Test Cases/Final Aug 2018 - PKS Automation/Registration Module/Workflow/Form 1A - Cessation As Employer/Employer to UO (Approve)" classname="Test Cases/Final Aug 2018 - PKS Automation/Registration Module/Workflow/Form 1A - Cessation As Employer/Employer to UO (Approve)" status="PASSED">
         <system-out><![CDATA[2018-11-09 12:11:54 - [TEST_CASE][PASSED] - Test Cases/Final Aug 2018 - PKS Automation/Registration Module/Workflow/Form 1A - Cessation As Employer/Employer to UO (Approve): Test Cases/Final Aug 2018 - PKS Automation/Registration Module/Workflow/Form 1A - Cessation As Employer/Employer to UO (Approve)

2018-11-09 12:11:55 - [TEST_STEP][PASSED] - callTestCase: Call Test Case 'Test Cases/Final Aug 2018 - PKS Automation/Registration Module/Workflow/Form 1A - Cessation As Employer/Template/Form 1 A - Cessation As Employer (Employer)' successfully

2018-11-09 12:11:55 - [TEST_CASE][PASSED] - Test Cases/Final Aug 2018 - PKS Automation/Registration Module/Workflow/Form 1A - Cessation As Employer/Template/Form 1 A - Cessation As Employer (Employer): Test Cases/Final Aug 2018 - PKS Automation/Registration Module/Workflow/Form 1A - Cessation As Employer/Template/Form 1 A - Cessation As Employer (Employer)

2018-11-09 12:11:55 - [TEST_STEP][PASSED] - callTestCase: Call Test Case 'Test Cases/Final Aug 2018 - PKS Automation/Registration Module/Workflow/Update Add New Employee/Template/New Company for Update Add New - Employer' successfully

2018-11-09 12:11:55 - [TEST_CASE][PASSED] - Test Cases/Final Aug 2018 - PKS Automation/Registration Module/Workflow/Update Add New Employee/Template/New Company for Update Add New - Employer: Test Cases/Final Aug 2018 - PKS Automation/Registration Module/Workflow/Update Add New Employee/Template/New Company for Update Add New - Employer

2018-11-09 12:11:56 - [TEST_STEP][PASSED] - callTestCase: Call Test Case 'Test Cases/Final Aug 2018 - PKS Automation/Create Employer Acc/Create Employer Account' successfully

2018-11-09 12:11:56 - [TEST_CASE][PASSED] - Test Cases/Final Aug 2018 - PKS Automation/Create Employer Acc/Create Employer Account: Test Cases/Final Aug 2018 - PKS Automation/Create Employer Acc/Create Employer Account

2018-11-09 12:11:56 - [TEST_STEP][PASSED] - callTestCase: Call Test Case 'Test Cases/Final Aug 2018 - PKS Automation/Create Employer Acc/Template/Register Employer' successfully

2018-11-09 12:11:56 - [TEST_CASE][PASSED] - Test Cases/Final Aug 2018 - PKS Automation/Create Employer Acc/Template/Register Employer: Test Cases/Final Aug 2018 - PKS Automation/Create Employer Acc/Template/Register Employer

2018-11-09 12:11:56 - [TEST_STEP][PASSED] - openBrowser: Browser is opened with url: ''

2018-11-09 12:12:04 - [MESSAGE][PASSED] - Browser is opened with url: ''

2018-11-09 12:12:04 - [TEST_STEP][PASSED] - navigateToUrl: Navigate to 'https://assist2-uat.perkeso.gov.my/login' successfully

2018-11-09 12:12:06 - [MESSAGE][PASSED] - Navigate to 'https://assist2-uat.perkeso.gov.my/login' successfully

2018-11-09 12:12:06 - [TEST_STEP][PASSED] - setText: Text 'johorotc1@gmail.com' is set on object 'Object Repository/Final Object Repo/Login Page/Internal User/Email Address'

2018-11-09 12:12:06 - [MESSAGE][PASSED] - Text 'johorotc1@gmail.com' is set on object 'Object Repository/Final Object Repo/Login Page/Internal User/Email Address'

2018-11-09 12:12:06 - [TEST_STEP][PASSED] - click: Object: 'Object Repository/Final Object Repo/Login Page/Internal User/Next Button' is clicked on

2018-11-09 12:12:07 - [MESSAGE][PASSED] - Object: 'Object Repository/Final Object Repo/Login Page/Internal User/Next Button' is clicked on

2018-11-09 12:12:07 - [TEST_STEP][PASSED] - delay: Delayed 1 second(s)

2018-11-09 12:12:08 - [MESSAGE][PASSED] - Delayed 1 second(s)

2018-11-09 12:12:08 - [TEST_STEP][PASSED] - setEncryptedText: Text ****** has been set on object 'Object Repository/Final Object Repo/Login Page/Internal User/Password'

2018-11-09 12:12:08 - [MESSAGE][PASSED] - Text ****** has been set on object 'Object Repository/Final Object Repo/Login Page/Internal User/Password'

2018-11-09 12:12:08 - [TEST_STEP][PASSED] - click: Object: 'Object Repository/Final Object Repo/Login Page/Internal User/Login Button' is clicked on

2018-11-09 12:12:11 - [MESSAGE][PASSED] - Object: 'Object Repository/Final Object Repo/Login Page/Internal User/Login Button' is clicked on

2018-11-09 12:12:11 - [TEST_STEP][PASSED] - delay: Delayed 1 second(s)

2018-11-09 12:12:12 - [MESSAGE][PASSED] - Delayed 1 second(s)

2018-11-09 12:12:12 - [TEST_STEP][PASSED] - navigateToUrl: Navigate to 'https://assist2-uat.perkeso.gov.my/web/base/portal-id/registration' successfully

2018-11-09 12:12:14 - [MESSAGE][PASSED] - Navigate to 'https://assist2-uat.perkeso.gov.my/web/base/portal-id/registration' successfully

2018-11-09 12:12:14 - [TEST_STEP][PASSED] - setText: Text 'AUTOMATION EMPLOYER' is set on object 'Object Repository/Final Object Repo/Creating Employer Account/Page_Registration - ASSIST (Base)/Employer Name'

2018-11-09 12:12:14 - [MESSAGE][PASSED] - Text 'AUTOMATION EMPLOYER' is set on object 'Object Repository/Final Object Repo/Creating Employer Account/Page_Registration - ASSIST (Base)/Employer Name'

2018-11-09 12:12:14 - [TEST_STEP][PASSED] - delay: Delayed 2 second(s)

2018-11-09 12:12:16 - [MESSAGE][PASSED] - Delayed 2 second(s)

2018-11-09 12:12:16 - [TEST_STEP][PASSED] - click: Object: 'Object Repository/Final Object Repo/Creating Employer Account/Page_Registration - ASSIST (Base)/Registration Type' is clicked on

2018-11-09 12:12:16 - [MESSAGE][PASSED] - Object: 'Object Repository/Final Object Repo/Creating Employer Account/Page_Registration - ASSIST (Base)/Registration Type' is clicked on

2018-11-09 12:12:16 - [TEST_STEP][PASSED] - delay: Delayed 2 second(s)

2018-11-09 12:12:18 - [MESSAGE][PASSED] - Delayed 2 second(s)

2018-11-09 12:12:18 - [TEST_STEP][PASSED] - click: Object: 'Object Repository/Final Object Repo/Creating Employer Account/Page_Registration - ASSIST (Base)/Registration Type - Registration No' is clicked on

2018-11-09 12:12:19 - [MESSAGE][PASSED] - Object: 'Object Repository/Final Object Repo/Creating Employer Account/Page_Registration - ASSIST (Base)/Registration Type - Registration No' is clicked on

2018-11-09 12:12:19 - [TEST_STEP][PASSED] - delay: Delayed 2 second(s)

2018-11-09 12:12:21 - [MESSAGE][PASSED] - Delayed 2 second(s)

2018-11-09 12:12:21 - [TEST_STEP][PASSED] - setText: Text '1234567890' is set on object 'Object Repository/Final Object Repo/Creating Employer Account/Page_Registration - ASSIST (Base)/Registration Number'

2018-11-09 12:12:21 - [MESSAGE][PASSED] - Text '1234567890' is set on object 'Object Repository/Final Object Repo/Creating Employer Account/Page_Registration - ASSIST (Base)/Registration Number'

2018-11-09 12:12:21 - [TEST_STEP][PASSED] - delay: Delayed 2 second(s)

2018-11-09 12:12:23 - [MESSAGE][PASSED] - Delayed 2 second(s)

2018-11-09 12:12:23 - [TEST_STEP][PASSED] - setText: Text 'ADDRESS 1' is set on object 'Object Repository/Final Object Repo/Creating Employer Account/Page_Registration - ASSIST (Base)/Postal Address 1'

2018-11-09 12:12:24 - [MESSAGE][PASSED] - Text 'ADDRESS 1' is set on object 'Object Repository/Final Object Repo/Creating Employer Account/Page_Registration - ASSIST (Base)/Postal Address 1'

2018-11-09 12:12:24 - [TEST_STEP][PASSED] - setText: Text 'ADDRESS 2' is set on object 'Object Repository/Final Object Repo/Creating Employer Account/Page_Registration - ASSIST (Base)/Postal Address 2'

2018-11-09 12:12:24 - [MESSAGE][PASSED] - Text 'ADDRESS 2' is set on object 'Object Repository/Final Object Repo/Creating Employer Account/Page_Registration - ASSIST (Base)/Postal Address 2'

2018-11-09 12:12:24 - [TEST_STEP][PASSED] - click: Object: 'Object Repository/Final Object Repo/Creating Employer Account/Page_Registration - ASSIST (Base)/State' is clicked on

2018-11-09 12:12:24 - [MESSAGE][PASSED] - Object: 'Object Repository/Final Object Repo/Creating Employer Account/Page_Registration - ASSIST (Base)/State' is clicked on

2018-11-09 12:12:24 - [TEST_STEP][PASSED] - delay: Delayed 2 second(s)

2018-11-09 12:12:26 - [MESSAGE][PASSED] - Delayed 2 second(s)

2018-11-09 12:12:26 - [TEST_STEP][PASSED] - click: Object: 'Object Repository/Final Object Repo/Creating Employer Account/Page_Registration - ASSIST (Base)/State - Johor' is clicked on

2018-11-09 12:12:27 - [MESSAGE][PASSED] - Object: 'Object Repository/Final Object Repo/Creating Employer Account/Page_Registration - ASSIST (Base)/State - Johor' is clicked on

2018-11-09 12:12:27 - [TEST_STEP][PASSED] - delay: Delayed 2 second(s)

2018-11-09 12:12:29 - [MESSAGE][PASSED] - Delayed 2 second(s)

2018-11-09 12:12:29 - [TEST_STEP][PASSED] - click: Object: 'Object Repository/Final Object Repo/Creating Employer Account/Page_Registration - ASSIST (Base)/City' is clicked on

2018-11-09 12:12:29 - [MESSAGE][PASSED] - Object: 'Object Repository/Final Object Repo/Creating Employer Account/Page_Registration - ASSIST (Base)/City' is clicked on

2018-11-09 12:12:29 - [TEST_STEP][PASSED] - delay: Delayed 2 second(s)

2018-11-09 12:12:31 - [MESSAGE][PASSED] - Delayed 2 second(s)

2018-11-09 12:12:31 - [TEST_STEP][PASSED] - setText: Text 'joh' is set on object 'Object Repository/Final Object Repo/Creating Employer Account/Page_Registration - ASSIST (Base)/City - joh'

2018-11-09 12:12:31 - [MESSAGE][PASSED] - Text 'joh' is set on object 'Object Repository/Final Object Repo/Creating Employer Account/Page_Registration - ASSIST (Base)/City - joh'

2018-11-09 12:12:31 - [TEST_STEP][PASSED] - delay: Delayed 2 second(s)

2018-11-09 12:12:33 - [MESSAGE][PASSED] - Delayed 2 second(s)

2018-11-09 12:12:33 - [TEST_STEP][PASSED] - click: Object: 'Object Repository/Final Object Repo/Creating Employer Account/Page_Registration - ASSIST (Base)/City - Johor Bharu' is clicked on

2018-11-09 12:12:34 - [MESSAGE][PASSED] - Object: 'Object Repository/Final Object Repo/Creating Employer Account/Page_Registration - ASSIST (Base)/City - Johor Bharu' is clicked on

2018-11-09 12:12:34 - [TEST_STEP][PASSED] - delay: Delayed 2 second(s)

2018-11-09 12:12:36 - [MESSAGE][PASSED] - Delayed 2 second(s)

2018-11-09 12:12:36 - [TEST_STEP][PASSED] - click: Object: 'Object Repository/Final Object Repo/Creating Employer Account/Page_Registration - ASSIST (Base)/Post Code' is clicked on

2018-11-09 12:12:37 - [MESSAGE][PASSED] - Object: 'Object Repository/Final Object Repo/Creating Employer Account/Page_Registration - ASSIST (Base)/Post Code' is clicked on

2018-11-09 12:12:37 - [TEST_STEP][PASSED] - delay: Delayed 2 second(s)

2018-11-09 12:12:39 - [MESSAGE][PASSED] - Delayed 2 second(s)

2018-11-09 12:12:39 - [TEST_STEP][PASSED] - setText: Text '810' is set on object 'Object Repository/Final Object Repo/Creating Employer Account/Page_Registration - ASSIST (Base)/Post Code - 810'

2018-11-09 12:12:39 - [MESSAGE][PASSED] - Text '810' is set on object 'Object Repository/Final Object Repo/Creating Employer Account/Page_Registration - ASSIST (Base)/Post Code - 810'

2018-11-09 12:12:39 - [TEST_STEP][PASSED] - delay: Delayed 2 second(s)

2018-11-09 12:12:41 - [MESSAGE][PASSED] - Delayed 2 second(s)

2018-11-09 12:12:41 - [TEST_STEP][PASSED] - click: Object: 'Object Repository/Final Object Repo/Creating Employer Account/Page_Registration - ASSIST (Base)/Post Code - 81000' is clicked on

2018-11-09 12:12:42 - [MESSAGE][PASSED] - Object: 'Object Repository/Final Object Repo/Creating Employer Account/Page_Registration - ASSIST (Base)/Post Code - 81000' is clicked on

2018-11-09 12:12:42 - [TEST_STEP][PASSED] - delay: Delayed 2 second(s)

2018-11-09 12:12:44 - [MESSAGE][PASSED] - Delayed 2 second(s)

2018-11-09 12:12:44 - [TEST_STEP][PASSED] - setText: Text 'PERKESO' is set on object 'Object Repository/Final Object Repo/Creating Employer Account/Page_Registration - ASSIST (Base)/Full Name'

2018-11-09 12:12:44 - [MESSAGE][PASSED] - Text 'PERKESO' is set on object 'Object Repository/Final Object Repo/Creating Employer Account/Page_Registration - ASSIST (Base)/Full Name'

2018-11-09 12:12:44 - [TEST_STEP][PASSED] - Statement - rnd = new java.util.Random(): null

2018-11-09 12:12:44 - [TEST_STEP][PASSED] - Statement - snum = rnd.nextInt(899999 + 1) + 100000: null

2018-11-09 12:12:44 - [TEST_STEP][PASSED] - Statement - tnum = rnd.nextInt(899999 + 1) + 100000: null

2018-11-09 12:12:44 - [TEST_STEP][PASSED] - Statement - IC = java.lang.Integer.toString(snum) + java.lang.Integer.toString(tnum): null

2018-11-09 12:12:44 - [TEST_STEP][PASSED] - Statement - out.println(IC): null

2018-11-09 12:12:44 - [TEST_STEP][PASSED] - setText: Text '708201449197' is set on object 'Object Repository/Final Object Repo/Creating Employer Account/Page_Registration - ASSIST (Base)/Identification Number'

2018-11-09 12:12:44 - [MESSAGE][PASSED] - Text '708201449197' is set on object 'Object Repository/Final Object Repo/Creating Employer Account/Page_Registration - ASSIST (Base)/Identification Number'

2018-11-09 12:12:44 - [TEST_STEP][PASSED] - delay: Delayed 2 second(s)

2018-11-09 12:12:46 - [MESSAGE][PASSED] - Delayed 2 second(s)

2018-11-09 12:12:46 - [TEST_STEP][PASSED] - setText: Text '123456789012' is set on object 'Object Repository/Final Object Repo/Creating Employer Account/Page_Registration - ASSIST (Base)/Contact Number'

2018-11-09 12:12:46 - [MESSAGE][PASSED] - Text '123456789012' is set on object 'Object Repository/Final Object Repo/Creating Employer Account/Page_Registration - ASSIST (Base)/Contact Number'

2018-11-09 12:12:46 - [TEST_STEP][PASSED] - Statement - Email = "perkeso" + IC + "@gmail.com": null

2018-11-09 12:12:46 - [TEST_STEP][PASSED] - delay: Delayed 2 second(s)

2018-11-09 12:12:48 - [MESSAGE][PASSED] - Delayed 2 second(s)

2018-11-09 12:12:48 - [TEST_STEP][PASSED] - callTestCase: Call Test Case 'Test Cases/Final Aug 2018 - PKS Automation/Create Employer Acc/Template/Employer Email Settler' successfully

2018-11-09 12:12:48 - [TEST_CASE][PASSED] - Test Cases/Final Aug 2018 - PKS Automation/Create Employer Acc/Template/Employer Email Settler: Test Cases/Final Aug 2018 - PKS Automation/Create Employer Acc/Template/Employer Email Settler

2018-11-09 12:12:48 - [TEST_STEP][PASSED] - Statement - EmpEmailOld = new java.io.File(C://EmpEmail.txt): null

2018-11-09 12:12:48 - [TEST_STEP][PASSED] - Statement - EmpEmailOld.delete(): null

2018-11-09 12:12:48 - [TEST_STEP][PASSED] - Statement - EmpEmail = new java.io.File(C://EmpEmail.txt): null

2018-11-09 12:12:48 - [TEST_STEP][PASSED] - Statement - EmpEmail.append(Email): null

2018-11-09 12:12:48 - [TEST_STEP][PASSED] - Statement - out.println(Email): null

2018-11-09 12:12:48 - [MESSAGE][PASSED] - Call Test Case 'Test Cases/Final Aug 2018 - PKS Automation/Create Employer Acc/Template/Employer Email Settler' successfully

2018-11-09 12:12:48 - [TEST_STEP][PASSED] - delay: Delayed 2 second(s)

2018-11-09 12:12:51 - [MESSAGE][PASSED] - Delayed 2 second(s)

2018-11-09 12:12:51 - [TEST_STEP][PASSED] - setText: Text 'perkeso708201449197@gmail.com' is set on object 'Object Repository/Final Object Repo/Creating Employer Account/Page_Registration - ASSIST (Base)/Email'

2018-11-09 12:12:51 - [MESSAGE][PASSED] - Text 'perkeso708201449197@gmail.com' is set on object 'Object Repository/Final Object Repo/Creating Employer Account/Page_Registration - ASSIST (Base)/Email'

2018-11-09 12:12:51 - [TEST_STEP][PASSED] - setText: Text '123' is set on object 'Object Repository/Final Object Repo/Creating Employer Account/Page_Registration - ASSIST (Base)/Security Phase'

2018-11-09 12:12:51 - [MESSAGE][PASSED] - Text '123' is set on object 'Object Repository/Final Object Repo/Creating Employer Account/Page_Registration - ASSIST (Base)/Security Phase'

2018-11-09 12:12:51 - [TEST_STEP][PASSED] - click: Object: 'Object Repository/Final Object Repo/Creating Employer Account/Page_Registration - ASSIST (Base)/Save  Continue' is clicked on

2018-11-09 12:12:52 - [MESSAGE][PASSED] - Object: 'Object Repository/Final Object Repo/Creating Employer Account/Page_Registration - ASSIST (Base)/Save  Continue' is clicked on

2018-11-09 12:12:52 - [TEST_STEP][PASSED] - delay: Delayed 2 second(s)

2018-11-09 12:12:54 - [MESSAGE][PASSED] - Delayed 2 second(s)

2018-11-09 12:12:54 - [TEST_STEP][PASSED] - click: Object: 'Object Repository/Final Object Repo/Creating Employer Account/Page_Registration - ASSIST (Base)/Add Document' is clicked on

2018-11-09 12:12:55 - [MESSAGE][PASSED] - Object: 'Object Repository/Final Object Repo/Creating Employer Account/Page_Registration - ASSIST (Base)/Add Document' is clicked on

2018-11-09 12:12:55 - [TEST_STEP][PASSED] - delay: Delayed 2 second(s)

2018-11-09 12:12:57 - [MESSAGE][PASSED] - Delayed 2 second(s)

2018-11-09 12:12:57 - [TEST_STEP][PASSED] - click: Object: 'Object Repository/Final Object Repo/Creating Employer Account/Page_Registration - ASSIST (Base)/Document Type' is clicked on

2018-11-09 12:12:57 - [MESSAGE][PASSED] - Object: 'Object Repository/Final Object Repo/Creating Employer Account/Page_Registration - ASSIST (Base)/Document Type' is clicked on

2018-11-09 12:12:57 - [TEST_STEP][PASSED] - delay: Delayed 2 second(s)

2018-11-09 12:12:59 - [MESSAGE][PASSED] - Delayed 2 second(s)

2018-11-09 12:12:59 - [TEST_STEP][PASSED] - click: Object: 'Object Repository/Final Object Repo/Creating Employer Account/Page_Registration - ASSIST (Base)/Document Type - Letter of Authorization' is clicked on

2018-11-09 12:13:00 - [MESSAGE][PASSED] - Object: 'Object Repository/Final Object Repo/Creating Employer Account/Page_Registration - ASSIST (Base)/Document Type - Letter of Authorization' is clicked on

2018-11-09 12:13:00 - [TEST_STEP][PASSED] - delay: Delayed 2 second(s)

2018-11-09 12:13:02 - [MESSAGE][PASSED] - Delayed 2 second(s)

2018-11-09 12:13:02 - [TEST_STEP][PASSED] - sendKeys: Keys 'C:\Users\Public\Pictures\Sample Pictures\Act.jpg' sent to object: 'Object Repository/Final Object Repo/Creating Employer Account/Page_Registration - ASSIST (Base)/Uploading File'

2018-11-09 12:13:02 - [MESSAGE][PASSED] - Keys 'C:\Users\Public\Pictures\Sample Pictures\Act.jpg' sent to object: 'Object Repository/Final Object Repo/Creating Employer Account/Page_Registration - ASSIST (Base)/Uploading File'

2018-11-09 12:13:02 - [TEST_STEP][PASSED] - delay: Delayed 2 second(s)

2018-11-09 12:13:04 - [MESSAGE][PASSED] - Delayed 2 second(s)

2018-11-09 12:13:04 - [TEST_STEP][PASSED] - click: Object: 'Object Repository/Final Object Repo/Creating Employer Account/Page_Registration - ASSIST (Base)/Add Document in Uploading File' is clicked on

2018-11-09 12:13:07 - [MESSAGE][PASSED] - Object: 'Object Repository/Final Object Repo/Creating Employer Account/Page_Registration - ASSIST (Base)/Add Document in Uploading File' is clicked on

2018-11-09 12:13:07 - [TEST_STEP][PASSED] - delay: Delayed 2 second(s)

2018-11-09 12:13:09 - [MESSAGE][PASSED] - Delayed 2 second(s)

2018-11-09 12:13:09 - [TEST_STEP][PASSED] - click: Object: 'Object Repository/Final Object Repo/Creating Employer Account/Page_Registration - ASSIST (Base)/Save' is clicked on

2018-11-09 12:13:12 - [MESSAGE][PASSED] - Object: 'Object Repository/Final Object Repo/Creating Employer Account/Page_Registration - ASSIST (Base)/Save' is clicked on

2018-11-09 12:13:12 - [TEST_STEP][PASSED] - delay: Delayed 2 second(s)

2018-11-09 12:13:14 - [MESSAGE][PASSED] - Delayed 2 second(s)

2018-11-09 12:13:14 - [TEST_STEP][PASSED] - click: Object: 'Object Repository/Final Object Repo/Creating Employer Account/Page_Registration - ASSIST (Base)/Submit' is clicked on

2018-11-09 12:13:14 - [MESSAGE][PASSED] - Object: 'Object Repository/Final Object Repo/Creating Employer Account/Page_Registration - ASSIST (Base)/Submit' is clicked on

2018-11-09 12:13:14 - [TEST_STEP][PASSED] - delay: Delayed 2 second(s)

2018-11-09 12:13:16 - [MESSAGE][PASSED] - Delayed 2 second(s)

2018-11-09 12:13:16 - [TEST_STEP][PASSED] - click: Object: 'Object Repository/Final Object Repo/Creating Employer Account/Page_Registration - ASSIST (Base)/Confirm' is clicked on

2018-11-09 12:13:17 - [MESSAGE][PASSED] - Object: 'Object Repository/Final Object Repo/Creating Employer Account/Page_Registration - ASSIST (Base)/Confirm' is clicked on

2018-11-09 12:13:17 - [MESSAGE][PASSED] - Call Test Case 'Test Cases/Final Aug 2018 - PKS Automation/Create Employer Acc/Template/Register Employer' successfully

2018-11-09 12:13:17 - [TEST_STEP][PASSED] - delay: Delayed 1 second(s)

2018-11-09 12:13:18 - [MESSAGE][PASSED] - Delayed 1 second(s)

2018-11-09 12:13:18 - [TEST_STEP][PASSED] - navigateToUrl: Navigate to 'https://assist2-uat.perkeso.gov.my/c/portal/logout' successfully

2018-11-09 12:13:19 - [MESSAGE][PASSED] - Navigate to 'https://assist2-uat.perkeso.gov.my/c/portal/logout' successfully

2018-11-09 12:13:19 - [TEST_STEP][PASSED] - delay: Delayed 1 second(s)

2018-11-09 12:13:20 - [MESSAGE][PASSED] - Delayed 1 second(s)

2018-11-09 12:13:20 - [TEST_STEP][PASSED] - callTestCase: Call Test Case 'Test Cases/Final Aug 2018 - PKS Automation/Create Employer Acc/Template/Change Password of Employer' successfully

2018-11-09 12:13:20 - [TEST_CASE][PASSED] - Test Cases/Final Aug 2018 - PKS Automation/Create Employer Acc/Template/Change Password of Employer: Test Cases/Final Aug 2018 - PKS Automation/Create Employer Acc/Template/Change Password of Employer

2018-11-09 12:13:21 - [TEST_STEP][PASSED] - openBrowser: Browser is opened with url: ''

2018-11-09 12:13:21 - [MESSAGE][WARNING] - A browser is already opened. Closing browser and opening a new one

2018-11-09 12:13:26 - [MESSAGE][PASSED] - Browser is opened with url: ''

2018-11-09 12:13:26 - [TEST_STEP][PASSED] - navigateToUrl: Navigate to 'https://assist2-uat.perkeso.gov.my/login' successfully

2018-11-09 12:13:28 - [MESSAGE][PASSED] - Navigate to 'https://assist2-uat.perkeso.gov.my/login' successfully

2018-11-09 12:13:28 - [TEST_STEP][PASSED] - delay: Delayed 5 second(s)

2018-11-09 12:13:33 - [MESSAGE][PASSED] - Delayed 5 second(s)

2018-11-09 12:13:33 - [TEST_STEP][PASSED] - setText: Text 'test@liferay.com' is set on object 'Object Repository/Final Object Repo/Login Page/Internal User/Email Address'

2018-11-09 12:13:34 - [MESSAGE][PASSED] - Text 'test@liferay.com' is set on object 'Object Repository/Final Object Repo/Login Page/Internal User/Email Address'

2018-11-09 12:13:34 - [TEST_STEP][PASSED] - click: Object: 'Object Repository/Final Object Repo/Login Page/Internal User/Next Button' is clicked on

2018-11-09 12:13:34 - [MESSAGE][PASSED] - Object: 'Object Repository/Final Object Repo/Login Page/Internal User/Next Button' is clicked on

2018-11-09 12:13:34 - [TEST_STEP][PASSED] - delay: Delayed 2 second(s)

2018-11-09 12:13:36 - [MESSAGE][PASSED] - Delayed 2 second(s)

2018-11-09 12:13:36 - [TEST_STEP][PASSED] - setText: Text 'test' is set on object 'Object Repository/Final Object Repo/Login Page/Internal User/Password'

2018-11-09 12:13:36 - [MESSAGE][PASSED] - Text 'test' is set on object 'Object Repository/Final Object Repo/Login Page/Internal User/Password'

2018-11-09 12:13:36 - [TEST_STEP][PASSED] - delay: Delayed 2 second(s)

2018-11-09 12:13:38 - [MESSAGE][PASSED] - Delayed 2 second(s)

2018-11-09 12:13:38 - [TEST_STEP][PASSED] - click: Object: 'Object Repository/Final Object Repo/Login Page/Internal User/Login Button' is clicked on

2018-11-09 12:13:42 - [MESSAGE][PASSED] - Object: 'Object Repository/Final Object Repo/Login Page/Internal User/Login Button' is clicked on

2018-11-09 12:13:42 - [TEST_STEP][PASSED] - delay: Delayed 3 second(s)

2018-11-09 12:13:45 - [MESSAGE][PASSED] - Delayed 3 second(s)

2018-11-09 12:13:45 - [TEST_STEP][PASSED] - navigateToUrl: Navigate to 'https://assist2-uat.perkeso.gov.my/group/control_panel/manage?p_p_id=125&p_p_lifecycle=0&p_p_state=maximized&p_p_mode=view&refererPlid=20455&_125_usersListView=flat-users&_125_toolbarItem=view-all-users&_125_saveUsersListView=true&_125_struts_action=%2Fusers_admin%2Fview' successfully

2018-11-09 12:13:47 - [MESSAGE][PASSED] - Navigate to 'https://assist2-uat.perkeso.gov.my/group/control_panel/manage?p_p_id=125&p_p_lifecycle=0&p_p_state=maximized&p_p_mode=view&refererPlid=20455&_125_usersListView=flat-users&_125_toolbarItem=view-all-users&_125_saveUsersListView=true&_125_struts_action=%2Fusers_admin%2Fview' successfully

2018-11-09 12:13:47 - [TEST_STEP][PASSED] - delay: Delayed 3 second(s)

2018-11-09 12:13:50 - [MESSAGE][PASSED] - Delayed 3 second(s)

2018-11-09 12:13:50 - [TEST_STEP][PASSED] - setText: Text 'perkeso708201449197@gmail.com' is set on object 'Object Repository/Final Object Repo/Creating Employer Account/Page_Users and Organizations - ASSIST/Employer name'

2018-11-09 12:13:51 - [MESSAGE][PASSED] - Text 'perkeso708201449197@gmail.com' is set on object 'Object Repository/Final Object Repo/Creating Employer Account/Page_Users and Organizations - ASSIST/Employer name'

2018-11-09 12:13:51 - [TEST_STEP][PASSED] - delay: Delayed 3 second(s)

2018-11-09 12:13:54 - [MESSAGE][PASSED] - Delayed 3 second(s)

2018-11-09 12:13:54 - [TEST_STEP][PASSED] - click: Object: 'Object Repository/Final Object Repo/Creating Employer Account/Page_Users and Organizations - ASSIST/Search' is clicked on

2018-11-09 12:13:55 - [MESSAGE][PASSED] - Object: 'Object Repository/Final Object Repo/Creating Employer Account/Page_Users and Organizations - ASSIST/Search' is clicked on

2018-11-09 12:13:55 - [TEST_STEP][PASSED] - delay: Delayed 3 second(s)

2018-11-09 12:13:58 - [MESSAGE][PASSED] - Delayed 3 second(s)

2018-11-09 12:13:58 - [TEST_STEP][PASSED] - click: Object: 'Object Repository/Final Object Repo/Creating Employer Account/Page_Users and Organizations - ASSIST/Action' is clicked on

2018-11-09 12:13:59 - [MESSAGE][PASSED] - Object: 'Object Repository/Final Object Repo/Creating Employer Account/Page_Users and Organizations - ASSIST/Action' is clicked on

2018-11-09 12:13:59 - [TEST_STEP][PASSED] - delay: Delayed 3 second(s)

2018-11-09 12:14:02 - [MESSAGE][PASSED] - Delayed 3 second(s)

2018-11-09 12:14:02 - [TEST_STEP][PASSED] - click: Object: 'Object Repository/Final Object Repo/Creating Employer Account/Page_Users and Organizations - ASSIST/Edit' is clicked on

2018-11-09 12:14:04 - [MESSAGE][PASSED] - Object: 'Object Repository/Final Object Repo/Creating Employer Account/Page_Users and Organizations - ASSIST/Edit' is clicked on

2018-11-09 12:14:04 - [TEST_STEP][PASSED] - delay: Delayed 3 second(s)

2018-11-09 12:14:07 - [MESSAGE][PASSED] - Delayed 3 second(s)

2018-11-09 12:14:07 - [TEST_STEP][PASSED] - click: Object: 'Object Repository/Final Object Repo/Creating Employer Account/Page_PERKESO - Users and Organizati/a_Password (Modified)' is clicked on

2018-11-09 12:14:07 - [MESSAGE][PASSED] - Object: 'Object Repository/Final Object Repo/Creating Employer Account/Page_PERKESO - Users and Organizati/a_Password (Modified)' is clicked on

2018-11-09 12:14:07 - [TEST_STEP][PASSED] - delay: Delayed 3 second(s)

2018-11-09 12:14:10 - [MESSAGE][PASSED] - Delayed 3 second(s)

2018-11-09 12:14:10 - [TEST_STEP][PASSED] - setEncryptedText: Text ****** has been set on object 'Object Repository/Final Object Repo/Creating Employer Account/Page_PERKESO - Users and Organizati/input__125_password1'

2018-11-09 12:14:10 - [MESSAGE][PASSED] - Text ****** has been set on object 'Object Repository/Final Object Repo/Creating Employer Account/Page_PERKESO - Users and Organizati/input__125_password1'

2018-11-09 12:14:10 - [TEST_STEP][PASSED] - delay: Delayed 3 second(s)

2018-11-09 12:14:13 - [MESSAGE][PASSED] - Delayed 3 second(s)

2018-11-09 12:14:13 - [TEST_STEP][PASSED] - setEncryptedText: Text ****** has been set on object 'Object Repository/Final Object Repo/Creating Employer Account/Page_PERKESO - Users and Organizati/input__125_password2'

2018-11-09 12:14:13 - [MESSAGE][PASSED] - Text ****** has been set on object 'Object Repository/Final Object Repo/Creating Employer Account/Page_PERKESO - Users and Organizati/input__125_password2'

2018-11-09 12:14:13 - [TEST_STEP][PASSED] - delay: Delayed 3 second(s)

2018-11-09 12:14:16 - [MESSAGE][PASSED] - Delayed 3 second(s)

2018-11-09 12:14:16 - [TEST_STEP][PASSED] - click: Object: 'Object Repository/Final Object Repo/Creating Employer Account/Page_PERKESO - Users and Organizati/Save' is clicked on

2018-11-09 12:14:18 - [MESSAGE][PASSED] - Object: 'Object Repository/Final Object Repo/Creating Employer Account/Page_PERKESO - Users and Organizati/Save' is clicked on

2018-11-09 12:14:18 - [MESSAGE][PASSED] - Call Test Case 'Test Cases/Final Aug 2018 - PKS Automation/Create Employer Acc/Template/Change Password of Employer' successfully

2018-11-09 12:14:18 - [TEST_STEP][PASSED] - delay: Delayed 1 second(s)

2018-11-09 12:14:19 - [MESSAGE][PASSED] - Delayed 1 second(s)

2018-11-09 12:14:19 - [TEST_STEP][PASSED] - navigateToUrl: Navigate to 'https://assist2-uat.perkeso.gov.my/c/portal/logout' successfully

2018-11-09 12:14:21 - [MESSAGE][PASSED] - Navigate to 'https://assist2-uat.perkeso.gov.my/c/portal/logout' successfully

2018-11-09 12:14:21 - [TEST_STEP][PASSED] - delay: Delayed 1 second(s)

2018-11-09 12:14:22 - [MESSAGE][PASSED] - Delayed 1 second(s)

2018-11-09 12:14:22 - [TEST_STEP][PASSED] - callTestCase: Call Test Case 'Test Cases/Final Aug 2018 - PKS Automation/Create Employer Acc/Template/Login to Employer Account (First Time)' successfully

2018-11-09 12:14:22 - [TEST_CASE][PASSED] - Test Cases/Final Aug 2018 - PKS Automation/Create Employer Acc/Template/Login to Employer Account (First Time): Test Cases/Final Aug 2018 - PKS Automation/Create Employer Acc/Template/Login to Employer Account (First Time)

2018-11-09 12:14:22 - [TEST_STEP][PASSED] - openBrowser: Browser is opened with url: ''

2018-11-09 12:14:22 - [MESSAGE][WARNING] - A browser is already opened. Closing browser and opening a new one

2018-11-09 12:14:27 - [MESSAGE][PASSED] - Browser is opened with url: ''

2018-11-09 12:14:27 - [TEST_STEP][PASSED] - navigateToUrl: Navigate to 'https://assist2-uat.perkeso.gov.my/employer/login' successfully

2018-11-09 12:14:29 - [MESSAGE][PASSED] - Navigate to 'https://assist2-uat.perkeso.gov.my/employer/login' successfully

2018-11-09 12:14:29 - [TEST_STEP][PASSED] - delay: Delayed 3 second(s)

2018-11-09 12:14:32 - [MESSAGE][PASSED] - Delayed 3 second(s)

2018-11-09 12:14:33 - [TEST_STEP][PASSED] - callTestCase: Call Test Case 'Test Cases/Final Aug 2018 - PKS Automation/Create Employer Acc/Template/Employer Email Getter' successfully

2018-11-09 12:14:33 - [TEST_CASE][PASSED] - Test Cases/Final Aug 2018 - PKS Automation/Create Employer Acc/Template/Employer Email Getter: Test Cases/Final Aug 2018 - PKS Automation/Create Employer Acc/Template/Employer Email Getter

2018-11-09 12:14:33 - [TEST_STEP][PASSED] - Statement - Try: null

2018-11-09 12:14:33 - [TEST_STEP][PASSED] - Statement - EmpEmail = new java.io.File(C://EmpEmail.txt): null

2018-11-09 12:14:33 - [TEST_STEP][PASSED] - Statement - bufferread = new java.io.BufferedReader(new java.io.FileReader(EmpEmail)): null

2018-11-09 12:14:33 - [TEST_STEP][PASSED] - Statement - readedVal = bufferread.readLine(): null

2018-11-09 12:14:33 - [TEST_STEP][PASSED] - Statement - out.println(readedVal): null

2018-11-09 12:14:33 - [TEST_STEP][PASSED] - Statement - Email = readedVal: null

2018-11-09 12:14:33 - [MESSAGE][PASSED] - Call Test Case 'Test Cases/Final Aug 2018 - PKS Automation/Create Employer Acc/Template/Employer Email Getter' successfully

2018-11-09 12:14:33 - [TEST_STEP][PASSED] - setText: Text 'perkeso708201449197@gmail.com' is set on object 'Object Repository/Final Object Repo/Login Page/External Login Page/Email'

2018-11-09 12:14:33 - [MESSAGE][PASSED] - Text 'perkeso708201449197@gmail.com' is set on object 'Object Repository/Final Object Repo/Login Page/External Login Page/Email'

2018-11-09 12:14:33 - [TEST_STEP][PASSED] - click: Object: 'Object Repository/Final Object Repo/Login Page/External Login Page/Next' is clicked on

2018-11-09 12:14:34 - [MESSAGE][PASSED] - Object: 'Object Repository/Final Object Repo/Login Page/External Login Page/Next' is clicked on

2018-11-09 12:14:34 - [TEST_STEP][PASSED] - delay: Delayed 3 second(s)

2018-11-09 12:14:37 - [MESSAGE][PASSED] - Delayed 3 second(s)

2018-11-09 12:14:37 - [TEST_STEP][PASSED] - setEncryptedText: Text ****** has been set on object 'Object Repository/Final Object Repo/Login Page/External Login Page/Password'

2018-11-09 12:14:37 - [MESSAGE][PASSED] - Text ****** has been set on object 'Object Repository/Final Object Repo/Login Page/External Login Page/Password'

2018-11-09 12:14:37 - [TEST_STEP][PASSED] - click: Object: 'Object Repository/Final Object Repo/Login Page/External Login Page/Login' is clicked on

2018-11-09 12:14:40 - [MESSAGE][PASSED] - Object: 'Object Repository/Final Object Repo/Login Page/External Login Page/Login' is clicked on

2018-11-09 12:14:40 - [TEST_STEP][PASSED] - delay: Delayed 3 second(s)

2018-11-09 12:14:43 - [MESSAGE][PASSED] - Delayed 3 second(s)

2018-11-09 12:14:43 - [TEST_STEP][PASSED] - click: Object: 'Object Repository/Final Object Repo/Creating Employer Account/Page_Terms of Use - ASSIST/button_I Agree' is clicked on

2018-11-09 12:14:44 - [MESSAGE][PASSED] - Object: 'Object Repository/Final Object Repo/Creating Employer Account/Page_Terms of Use - ASSIST/button_I Agree' is clicked on

2018-11-09 12:14:44 - [TEST_STEP][PASSED] - delay: Delayed 2 second(s)

2018-11-09 12:14:46 - [MESSAGE][PASSED] - Delayed 2 second(s)

2018-11-09 12:14:46 - [TEST_STEP][PASSED] - setEncryptedText: Text ****** has been set on object 'Object Repository/Final Object Repo/Creating Employer Account/Page_New Password - ASSIST/input_password1'

2018-11-09 12:14:46 - [MESSAGE][PASSED] - Text ****** has been set on object 'Object Repository/Final Object Repo/Creating Employer Account/Page_New Password - ASSIST/input_password1'

2018-11-09 12:14:46 - [TEST_STEP][PASSED] - setEncryptedText: Text ****** has been set on object 'Object Repository/Final Object Repo/Creating Employer Account/Page_New Password - ASSIST/input_password2'

2018-11-09 12:14:47 - [MESSAGE][PASSED] - Text ****** has been set on object 'Object Repository/Final Object Repo/Creating Employer Account/Page_New Password - ASSIST/input_password2'

2018-11-09 12:14:47 - [TEST_STEP][PASSED] - delay: Delayed 2 second(s)

2018-11-09 12:14:49 - [MESSAGE][PASSED] - Delayed 2 second(s)

2018-11-09 12:14:49 - [TEST_STEP][PASSED] - click: Object: 'Object Repository/Final Object Repo/Creating Employer Account/Page_New Password - ASSIST/Save' is clicked on

2018-11-09 12:14:50 - [MESSAGE][PASSED] - Object: 'Object Repository/Final Object Repo/Creating Employer Account/Page_New Password - ASSIST/Save' is clicked on

2018-11-09 12:14:50 - [TEST_STEP][PASSED] - delay: Delayed 2 second(s)

2018-11-09 12:14:52 - [MESSAGE][PASSED] - Delayed 2 second(s)

2018-11-09 12:14:52 - [TEST_STEP][PASSED] - setText: Text 'test' is set on object 'Object Repository/Final Object Repo/Creating Employer Account/Page_Password Reminder - ASSIST/Reminder Query Answer'

2018-11-09 12:14:52 - [MESSAGE][PASSED] - Text 'test' is set on object 'Object Repository/Final Object Repo/Creating Employer Account/Page_Password Reminder - ASSIST/Reminder Query Answer'

2018-11-09 12:14:52 - [TEST_STEP][PASSED] - delay: Delayed 2 second(s)

2018-11-09 12:14:54 - [MESSAGE][PASSED] - Delayed 2 second(s)

2018-11-09 12:14:54 - [TEST_STEP][PASSED] - doubleClick: Object: 'Object Repository/Final Object Repo/Creating Employer Account/Page_Password Reminder - ASSIST/Save' is double clicked on

2018-11-09 12:14:55 - [MESSAGE][PASSED] - Object: 'Object Repository/Final Object Repo/Creating Employer Account/Page_Password Reminder - ASSIST/Save' is double clicked on

2018-11-09 12:14:55 - [MESSAGE][PASSED] - Call Test Case 'Test Cases/Final Aug 2018 - PKS Automation/Create Employer Acc/Template/Login to Employer Account (First Time)' successfully

2018-11-09 12:14:55 - [MESSAGE][PASSED] - Call Test Case 'Test Cases/Final Aug 2018 - PKS Automation/Create Employer Acc/Create Employer Account' successfully

2018-11-09 12:14:55 - [TEST_STEP][PASSED] - callTestCase: Call Test Case 'Test Cases/Final Aug 2018 - PKS Automation/Registration Module/Log Out/log out avoiding katalon tagging' successfully

2018-11-09 12:14:55 - [TEST_CASE][PASSED] - Test Cases/Final Aug 2018 - PKS Automation/Registration Module/Log Out/log out avoiding katalon tagging: Test Cases/Final Aug 2018 - PKS Automation/Registration Module/Log Out/log out avoiding katalon tagging

2018-11-09 12:14:55 - [TEST_STEP][PASSED] - navigateToUrl: Navigate to 'https://assist2-uat.perkeso.gov.my/c/portal/logout' successfully

2018-11-09 12:14:56 - [MESSAGE][PASSED] - Navigate to 'https://assist2-uat.perkeso.gov.my/c/portal/logout' successfully

2018-11-09 12:14:56 - [MESSAGE][PASSED] - Call Test Case 'Test Cases/Final Aug 2018 - PKS Automation/Registration Module/Log Out/log out avoiding katalon tagging' successfully

2018-11-09 12:14:56 - [TEST_STEP][PASSED] - callTestCase: Call Test Case 'Test Cases/Final Aug 2018 - PKS Automation/Create Employer Acc/Login to Employer Account (Second time)' successfully

2018-11-09 12:14:56 - [TEST_CASE][PASSED] - Test Cases/Final Aug 2018 - PKS Automation/Create Employer Acc/Login to Employer Account (Second time): Test Cases/Final Aug 2018 - PKS Automation/Create Employer Acc/Login to Employer Account (Second time)

2018-11-09 12:14:57 - [TEST_STEP][PASSED] - openBrowser: Browser is opened with url: ''

2018-11-09 12:14:57 - [MESSAGE][WARNING] - A browser is already opened. Closing browser and opening a new one

2018-11-09 12:15:02 - [MESSAGE][PASSED] - Browser is opened with url: ''

2018-11-09 12:15:02 - [TEST_STEP][PASSED] - navigateToUrl: Navigate to 'https://assist2-uat.perkeso.gov.my/employer/login' successfully

2018-11-09 12:15:04 - [MESSAGE][PASSED] - Navigate to 'https://assist2-uat.perkeso.gov.my/employer/login' successfully

2018-11-09 12:15:04 - [TEST_STEP][PASSED] - delay: Delayed 3 second(s)

2018-11-09 12:15:07 - [MESSAGE][PASSED] - Delayed 3 second(s)

2018-11-09 12:15:07 - [TEST_STEP][PASSED] - callTestCase: Call Test Case 'Test Cases/Final Aug 2018 - PKS Automation/Create Employer Acc/Template/Employer Email Getter' successfully

2018-11-09 12:15:07 - [TEST_CASE][PASSED] - Test Cases/Final Aug 2018 - PKS Automation/Create Employer Acc/Template/Employer Email Getter: Test Cases/Final Aug 2018 - PKS Automation/Create Employer Acc/Template/Employer Email Getter

2018-11-09 12:15:07 - [TEST_STEP][PASSED] - Statement - Try: null

2018-11-09 12:15:07 - [TEST_STEP][PASSED] - Statement - EmpEmail = new java.io.File(C://EmpEmail.txt): null

2018-11-09 12:15:07 - [TEST_STEP][PASSED] - Statement - bufferread = new java.io.BufferedReader(new java.io.FileReader(EmpEmail)): null

2018-11-09 12:15:07 - [TEST_STEP][PASSED] - Statement - readedVal = bufferread.readLine(): null

2018-11-09 12:15:07 - [TEST_STEP][PASSED] - Statement - out.println(readedVal): null

2018-11-09 12:15:07 - [TEST_STEP][PASSED] - Statement - Email = readedVal: null

2018-11-09 12:15:07 - [MESSAGE][PASSED] - Call Test Case 'Test Cases/Final Aug 2018 - PKS Automation/Create Employer Acc/Template/Employer Email Getter' successfully

2018-11-09 12:15:07 - [TEST_STEP][PASSED] - setText: Text 'perkeso708201449197@gmail.com' is set on object 'Object Repository/Final Object Repo/Login Page/External Login Page/Email'

2018-11-09 12:15:07 - [MESSAGE][PASSED] - Text 'perkeso708201449197@gmail.com' is set on object 'Object Repository/Final Object Repo/Login Page/External Login Page/Email'

2018-11-09 12:15:07 - [TEST_STEP][PASSED] - click: Object: 'Object Repository/Final Object Repo/Login Page/External Login Page/Next' is clicked on

2018-11-09 12:15:08 - [MESSAGE][PASSED] - Object: 'Object Repository/Final Object Repo/Login Page/External Login Page/Next' is clicked on

2018-11-09 12:15:08 - [TEST_STEP][PASSED] - delay: Delayed 3 second(s)

2018-11-09 12:15:11 - [MESSAGE][PASSED] - Delayed 3 second(s)

2018-11-09 12:15:11 - [TEST_STEP][PASSED] - setEncryptedText: Text ****** has been set on object 'Object Repository/Final Object Repo/Login Page/External Login Page/Password'

2018-11-09 12:15:11 - [MESSAGE][PASSED] - Text ****** has been set on object 'Object Repository/Final Object Repo/Login Page/External Login Page/Password'

2018-11-09 12:15:11 - [TEST_STEP][PASSED] - click: Object: 'Object Repository/Final Object Repo/Login Page/External Login Page/Login' is clicked on

2018-11-09 12:15:16 - [MESSAGE][PASSED] - Object: 'Object Repository/Final Object Repo/Login Page/External Login Page/Login' is clicked on

2018-11-09 12:15:16 - [TEST_STEP][PASSED] - delay: Delayed 5 second(s)

2018-11-09 12:15:21 - [MESSAGE][PASSED] - Delayed 5 second(s)

2018-11-09 12:15:21 - [MESSAGE][PASSED] - Call Test Case 'Test Cases/Final Aug 2018 - PKS Automation/Create Employer Acc/Login to Employer Account (Second time)' successfully

2018-11-09 12:15:21 - [TEST_STEP][PASSED] - Statement - Try: Delayed 2 second(s)

2018-11-09 12:15:21 - [TEST_STEP][PASSED] - Statement - Checker = false: null

2018-11-09 12:15:21 - [TEST_STEP][PASSED] - Statement - Checker = com.kms.katalon.core.webui.keyword.WebUiBuiltInKeywords.verifyElementHasAttribute(com.kms.katalon.core.testobject.ObjectRepository.findTestObject(Final Object Repo/Landing Page/BM Detecting), "href", 20, OPTIONAL): Object 'Object Repository/Final Object Repo/Landing Page/BM Detecting' has attribute 'href'

2018-11-09 12:15:21 - [MESSAGE][PASSED] - Object 'Object Repository/Final Object Repo/Landing Page/BM Detecting' has attribute 'href'

2018-11-09 12:15:21 - [TEST_STEP][PASSED] - Statement - out.println(Checker): null

2018-11-09 12:15:21 - [TEST_STEP][PASSED] - Statement - If (Checker == false): null

2018-11-09 12:15:21 - [TEST_STEP][PASSED] - Statement - Else: null

2018-11-09 12:15:21 - [TEST_STEP][PASSED] - delay: Delayed 2 second(s)

2018-11-09 12:15:23 - [MESSAGE][PASSED] - Delayed 2 second(s)

2018-11-09 12:15:23 - [TEST_STEP][PASSED] - delay: Delayed 4 second(s)

2018-11-09 12:15:27 - [MESSAGE][PASSED] - Delayed 4 second(s)

2018-11-09 12:15:27 - [TEST_STEP][PASSED] - click: Object: 'Object Repository/Final Object Repo/Landing Page/My Sites Drop Down' is clicked on

2018-11-09 12:15:27 - [MESSAGE][PASSED] - Object: 'Object Repository/Final Object Repo/Landing Page/My Sites Drop Down' is clicked on

2018-11-09 12:15:27 - [TEST_STEP][PASSED] - click: Object: 'Object Repository/Final Object Repo/Landing Page/Select to Registration Module' is clicked on

2018-11-09 12:15:30 - [MESSAGE][PASSED] - Object: 'Object Repository/Final Object Repo/Landing Page/Select to Registration Module' is clicked on

2018-11-09 12:15:30 - [TEST_STEP][PASSED] - click: Object: 'Object Repository/Final Object Repo/Landing Page/Registration Button' is clicked on

2018-11-09 12:15:33 - [MESSAGE][PASSED] - Object: 'Object Repository/Final Object Repo/Landing Page/Registration Button' is clicked on

2018-11-09 12:15:33 - [TEST_STEP][PASSED] - delay: Delayed 2 second(s)

2018-11-09 12:15:35 - [MESSAGE][PASSED] - Delayed 2 second(s)

2018-11-09 12:15:35 - [TEST_STEP][PASSED] - click: Object: 'Object Repository/Final Object Repo/New Registration - Registration Module Pages/New Reg - OTC to RO/Special Case - OTC - Form 1/AEC NO' is clicked on

2018-11-09 12:15:35 - [MESSAGE][PASSED] - Object: 'Object Repository/Final Object Repo/New Registration - Registration Module Pages/New Reg - OTC to RO/Special Case - OTC - Form 1/AEC NO' is clicked on

2018-11-09 12:15:35 - [TEST_STEP][PASSED] - click: Object: 'Object Repository/Final Object Repo/New Registration - Registration Module Pages/New Reg - OTC to RO/Special Case - OTC - Form 1/Business Entity - Please Select' is clicked on

2018-11-09 12:15:36 - [MESSAGE][PASSED] - Object: 'Object Repository/Final Object Repo/New Registration - Registration Module Pages/New Reg - OTC to RO/Special Case - OTC - Form 1/Business Entity - Please Select' is clicked on

2018-11-09 12:15:36 - [TEST_STEP][PASSED] - click: Object: 'Object Repository/Final Object Repo/New Registration - Registration Module Pages/New Reg - OTC to RO/Special Case - OTC - Form 1/Selected - Corporation' is clicked on

2018-11-09 12:15:36 - [MESSAGE][PASSED] - Object: 'Object Repository/Final Object Repo/New Registration - Registration Module Pages/New Reg - OTC to RO/Special Case - OTC - Form 1/Selected - Corporation' is clicked on

2018-11-09 12:15:36 - [TEST_STEP][PASSED] - delay: Delayed 2 second(s)

2018-11-09 12:15:38 - [MESSAGE][PASSED] - Delayed 2 second(s)

2018-11-09 12:15:38 - [TEST_STEP][PASSED] - click: Object: 'Object Repository/Final Object Repo/New Registration - Registration Module Pages/New Reg - OTC to RO/Special Case - OTC - Form 1/Sub Business Entity - Please Select' is clicked on

2018-11-09 12:15:39 - [MESSAGE][PASSED] - Object: 'Object Repository/Final Object Repo/New Registration - Registration Module Pages/New Reg - OTC to RO/Special Case - OTC - Form 1/Sub Business Entity - Please Select' is clicked on

2018-11-09 12:15:39 - [TEST_STEP][PASSED] - delay: Delayed 2 second(s)

2018-11-09 12:15:41 - [MESSAGE][PASSED] - Delayed 2 second(s)

2018-11-09 12:15:41 - [TEST_STEP][PASSED] - click: Object: 'Object Repository/Final Object Repo/New Registration - Registration Module Pages/New Reg - OTC to RO/Special Case - OTC - Form 1/Selected - Sendirian Berhad' is clicked on

2018-11-09 12:15:42 - [MESSAGE][PASSED] - Object: 'Object Repository/Final Object Repo/New Registration - Registration Module Pages/New Reg - OTC to RO/Special Case - OTC - Form 1/Selected - Sendirian Berhad' is clicked on

2018-11-09 12:15:42 - [TEST_STEP][PASSED] - setText: Text 'AUTOMATE001' is set on object 'Object Repository/Final Object Repo/New Registration - Registration Module Pages/New Reg - OTC to RO/Special Case - OTC - Form 1/Input BRN Number'

2018-11-09 12:15:42 - [MESSAGE][PASSED] - Text 'AUTOMATE001' is set on object 'Object Repository/Final Object Repo/New Registration - Registration Module Pages/New Reg - OTC to RO/Special Case - OTC - Form 1/Input BRN Number'

2018-11-09 12:15:42 - [TEST_STEP][PASSED] - delay: Delayed 2 second(s)

2018-11-09 12:15:44 - [MESSAGE][PASSED] - Delayed 2 second(s)

2018-11-09 12:15:44 - [TEST_STEP][PASSED] - click: Object: 'Object Repository/Final Object Repo/New Registration - Registration Module Pages/New Reg - OTC to RO/Special Case - OTC - Form 1/BRN Search' is clicked on

2018-11-09 12:15:44 - [MESSAGE][PASSED] - Object: 'Object Repository/Final Object Repo/New Registration - Registration Module Pages/New Reg - OTC to RO/Special Case - OTC - Form 1/BRN Search' is clicked on

2018-11-09 12:15:44 - [TEST_STEP][PASSED] - delay: Delayed 4 second(s)

2018-11-09 12:15:48 - [MESSAGE][PASSED] - Delayed 4 second(s)

2018-11-09 12:15:48 - [TEST_STEP][PASSED] - click: Object: 'Object Repository/Final Object Repo/New Registration - Registration Module Pages/New Reg - OTC to RO/Special Case - OTC - Form 1/Registered with SSM - After Feb 2017' is clicked on

2018-11-09 12:15:48 - [MESSAGE][PASSED] - Object: 'Object Repository/Final Object Repo/New Registration - Registration Module Pages/New Reg - OTC to RO/Special Case - OTC - Form 1/Registered with SSM - After Feb 2017' is clicked on

2018-11-09 12:15:48 - [TEST_STEP][PASSED] - delay: Delayed 2 second(s)

2018-11-09 12:15:50 - [MESSAGE][PASSED] - Delayed 2 second(s)

2018-11-09 12:15:50 - [TEST_STEP][PASSED] - click: Object: 'Object Repository/Final Object Repo/New Registration - Registration Module Pages/Form 1/Registered As a Branch - Yes' is clicked on

2018-11-09 12:15:51 - [MESSAGE][PASSED] - Object: 'Object Repository/Final Object Repo/New Registration - Registration Module Pages/Form 1/Registered As a Branch - Yes' is clicked on

2018-11-09 12:15:51 - [TEST_STEP][PASSED] - click: Object: 'Object Repository/Final Object Repo/New Registration - Registration Module Pages/New Reg - OTC to RO/Special Case - OTC - Form 1/Acknowledgement Ticked' is clicked on

2018-11-09 12:15:51 - [MESSAGE][PASSED] - Object: 'Object Repository/Final Object Repo/New Registration - Registration Module Pages/New Reg - OTC to RO/Special Case - OTC - Form 1/Acknowledgement Ticked' is clicked on

2018-11-09 12:15:51 - [TEST_STEP][PASSED] - setText: Text 'perkeso708201449197@gmail.com' is set on object 'Object Repository/Final Object Repo/New Registration - Registration Module Pages/Form 1/Email'

2018-11-09 12:15:51 - [MESSAGE][PASSED] - Text 'perkeso708201449197@gmail.com' is set on object 'Object Repository/Final Object Repo/New Registration - Registration Module Pages/Form 1/Email'

2018-11-09 12:15:51 - [TEST_STEP][PASSED] - click: Object: 'Object Repository/Final Object Repo/New Registration - Registration Module Pages/New Reg - OTC to RO/Special Case - OTC - Form 1/Submit Button' is clicked on

2018-11-09 12:15:52 - [MESSAGE][PASSED] - Object: 'Object Repository/Final Object Repo/New Registration - Registration Module Pages/New Reg - OTC to RO/Special Case - OTC - Form 1/Submit Button' is clicked on

2018-11-09 12:15:52 - [TEST_STEP][PASSED] - callTestCase: Call Test Case 'Test Cases/Final Aug 2018 - PKS Automation/Registration Module/New Registration/Form 2/Add 1 Eligible - Employer Account Use' successfully

2018-11-09 12:15:52 - [TEST_CASE][PASSED] - Test Cases/Final Aug 2018 - PKS Automation/Registration Module/New Registration/Form 2/Add 1 Eligible - Employer Account Use: Test Cases/Final Aug 2018 - PKS Automation/Registration Module/New Registration/Form 2/Add 1 Eligible - Employer Account Use

2018-11-09 12:15:52 - [TEST_STEP][PASSED] - delay: Delayed 2 second(s)

2018-11-09 12:15:54 - [MESSAGE][PASSED] - Delayed 2 second(s)

2018-11-09 12:15:54 - [TEST_STEP][PASSED] - callTestCase: Call Test Case 'Test Cases/Final Aug 2018 - PKS Automation/Registration Module/New Registration/Form 2/Date Updater' successfully

2018-11-09 12:15:54 - [TEST_CASE][PASSED] - Test Cases/Final Aug 2018 - PKS Automation/Registration Module/New Registration/Form 2/Date Updater: Test Cases/Final Aug 2018 - PKS Automation/Registration Module/New Registration/Form 2/Date Updater

2018-11-09 12:15:55 - [TEST_STEP][PASSED] - Statement - TodayDate = new java.util.Date(): null

2018-11-09 12:15:55 - [TEST_STEP][PASSED] - Statement - CurrentDateNoFilter = new java.text.SimpleDateFormat(): null

2018-11-09 12:15:55 - [TEST_STEP][PASSED] - Statement - CurrentDateNoFilter.applyPattern("dd"): null

2018-11-09 12:15:55 - [TEST_STEP][PASSED] - Statement - CurrentDate = CurrentDateNoFilter.format(TodayDate): null

2018-11-09 12:15:55 - [TEST_STEP][PASSED] - Statement - CurrentDate = java.lang.Integer.parseInt(CurrentDate): null

2018-11-09 12:15:55 - [TEST_STEP][PASSED] - Statement - CurrentDate = CurrentDate: null

2018-11-09 12:15:55 - [TEST_STEP][PASSED] - Statement - CurrentDay = java.lang.Integer.parseInt(CurrentDate): null

2018-11-09 12:15:55 - [TEST_STEP][PASSED] - Statement - aDayBefore = CurrentDay + 1: null

2018-11-09 12:15:55 - [TEST_STEP][PASSED] - Statement - DayBefore = aDayBefore.toString(): null

2018-11-09 12:15:55 - [TEST_STEP][PASSED] - Statement - OneDayBefore = DayBefore: null

2018-11-09 12:15:55 - [TEST_STEP][PASSED] - Statement - CurrentDateNoFilter.applyPattern("MM"): null

2018-11-09 12:15:55 - [TEST_STEP][PASSED] - Statement - monthContainerMatcher = java.lang.Integer.parseInt(CurrentDateNoFilter.format(TodayDate)): null

2018-11-09 12:15:55 - [TEST_STEP][PASSED] - Statement - monthContainerMatcher = monthContainerMatcher - 1: null

2018-11-09 12:15:55 - [TEST_STEP][PASSED] - Statement - CurrentMonth = monthContainerMatcher.toString(): null

2018-11-09 12:15:55 - [TEST_STEP][PASSED] - Statement - CurrentMonth = CurrentMonth: null

2018-11-09 12:15:55 - [TEST_STEP][PASSED] - Statement - CurrentDateNoFilter.applyPattern("yyyy"): null

2018-11-09 12:15:55 - [TEST_STEP][PASSED] - Statement - CurrentYear = CurrentDateNoFilter.format(TodayDate): null

2018-11-09 12:15:55 - [TEST_STEP][PASSED] - Statement - CurrentYear = CurrentYear: null

2018-11-09 12:15:55 - [TEST_STEP][PASSED] - Statement - intCurrentYear = java.lang.Integer.parseInt(CurrentDateNoFilter.format(TodayDate)): null

2018-11-09 12:15:55 - [TEST_STEP][PASSED] - Statement - eighteenYrsAgo = intCurrentYear - 18: null

2018-11-09 12:15:55 - [TEST_STEP][PASSED] - Statement - eighteenYrsBeforeThisYr = eighteenYrsAgo.toString(): null

2018-11-09 12:15:55 - [TEST_STEP][PASSED] - Statement - EighteenYrsBefore = eighteenYrsBeforeThisYr: null

2018-11-09 12:15:55 - [TEST_STEP][PASSED] - Statement - fiftysevenYrsAgo = intCurrentYear - 57: null

2018-11-09 12:15:55 - [TEST_STEP][PASSED] - Statement - fiftysevenYrsBeforeThisYr = fiftysevenYrsAgo.toString(): null

2018-11-09 12:15:55 - [TEST_STEP][PASSED] - Statement - FiftysevenYrsBefore = fiftysevenYrsBeforeThisYr: null

2018-11-09 12:15:55 - [MESSAGE][PASSED] - Call Test Case 'Test Cases/Final Aug 2018 - PKS Automation/Registration Module/New Registration/Form 2/Date Updater' successfully

2018-11-09 12:15:55 - [TEST_STEP][PASSED] - delay: Delayed 1 second(s)

2018-11-09 12:15:56 - [MESSAGE][PASSED] - Delayed 1 second(s)

2018-11-09 12:15:56 - [TEST_STEP][PASSED] - Statement - CaseReferenceNo = com.kms.katalon.core.webui.keyword.WebUiBuiltInKeywords.getText(com.kms.katalon.core.testobject.ObjectRepository.findTestObject(Final Object Repo/New Registration - Registration Module Pages/Form 2/RefNo Acquiring)): Text of object 'Object Repository/Final Object Repo/New Registration - Registration Module Pages/Form 2/RefNo Acquiring' is: 'CRN11201800122431'

2018-11-09 12:15:56 - [MESSAGE][PASSED] - Text of object 'Object Repository/Final Object Repo/New Registration - Registration Module Pages/Form 2/RefNo Acquiring' is: 'CRN11201800122431'

2018-11-09 12:15:56 - [TEST_STEP][PASSED] - delay: Delayed 1 second(s)

2018-11-09 12:15:57 - [MESSAGE][PASSED] - Delayed 1 second(s)

2018-11-09 12:15:57 - [TEST_STEP][PASSED] - click: Object: 'Object Repository/Final Object Repo/New Registration - Registration Module Pages/Form 2/Add Employee Button' is clicked on

2018-11-09 12:15:57 - [MESSAGE][PASSED] - Object: 'Object Repository/Final Object Repo/New Registration - Registration Module Pages/Form 2/Add Employee Button' is clicked on

2018-11-09 12:15:57 - [TEST_STEP][PASSED] - delay: Delayed 1 second(s)

2018-11-09 12:15:58 - [MESSAGE][PASSED] - Delayed 1 second(s)

2018-11-09 12:15:58 - [TEST_STEP][PASSED] - setText: Text '010903091948' is set on object 'Object Repository/Final Object Repo/New Registration - Registration Module Pages/Form 2/NRIC Input'

2018-11-09 12:15:58 - [MESSAGE][PASSED] - Text '010903091948' is set on object 'Object Repository/Final Object Repo/New Registration - Registration Module Pages/Form 2/NRIC Input'

2018-11-09 12:15:58 - [TEST_STEP][PASSED] - delay: Delayed 2 second(s)

2018-11-09 12:16:00 - [MESSAGE][PASSED] - Delayed 2 second(s)

2018-11-09 12:16:00 - [TEST_STEP][PASSED] - setText: Text 'Automate001 eligible 1' is set on object 'Object Repository/Final Object Repo/New Registration - Registration Module Pages/Form 2/Employee Name Input'

2018-11-09 12:16:00 - [MESSAGE][PASSED] - Text 'Automate001 eligible 1' is set on object 'Object Repository/Final Object Repo/New Registration - Registration Module Pages/Form 2/Employee Name Input'

2018-11-09 12:16:00 - [TEST_STEP][PASSED] - delay: Delayed 2 second(s)

2018-11-09 12:16:02 - [MESSAGE][PASSED] - Delayed 2 second(s)

2018-11-09 12:16:02 - [TEST_STEP][PASSED] - click: Object: 'Object Repository/Final Object Repo/New Registration - Registration Module Pages/Form 2/DatePicker Pop Up' is clicked on

2018-11-09 12:16:03 - [MESSAGE][PASSED] - Object: 'Object Repository/Final Object Repo/New Registration - Registration Module Pages/Form 2/DatePicker Pop Up' is clicked on

2018-11-09 12:16:03 - [TEST_STEP][PASSED] - click: Object: 'Object Repository/Final Object Repo/New Registration - Registration Module Pages/Form 2/DOB Month' is clicked on

2018-11-09 12:16:03 - [MESSAGE][PASSED] - Object: 'Object Repository/Final Object Repo/New Registration - Registration Module Pages/Form 2/DOB Month' is clicked on

2018-11-09 12:16:03 - [TEST_STEP][PASSED] - Statement - CurrentMonth = CurrentMonth: null

2018-11-09 12:16:03 - [TEST_STEP][PASSED] - Statement - selectMonth = new com.kms.katalon.core.testobject.TestObject(): null

2018-11-09 12:16:03 - [TEST_STEP][PASSED] - Statement - selectMonth.addProperty("xpath", EQUALS, "//body/div/div/div/select/option[@value='" + CurrentMonth + "']", true): null

2018-11-09 12:16:03 - [TEST_STEP][PASSED] - click: Object: '' is clicked on

2018-11-09 12:16:04 - [MESSAGE][PASSED] - Object: '' is clicked on

2018-11-09 12:16:04 - [TEST_STEP][PASSED] - click: Object: 'Object Repository/Final Object Repo/New Registration - Registration Module Pages/Form 2/DOB Year' is clicked on

2018-11-09 12:16:04 - [MESSAGE][PASSED] - Object: 'Object Repository/Final Object Repo/New Registration - Registration Module Pages/Form 2/DOB Year' is clicked on

2018-11-09 12:16:04 - [TEST_STEP][PASSED] - Statement - Eyearsbf = EighteenYrsBefore: null

2018-11-09 12:16:04 - [TEST_STEP][PASSED] - Statement - selectYear = new com.kms.katalon.core.testobject.TestObject(): null

2018-11-09 12:16:04 - [TEST_STEP][PASSED] - Statement - selectYear.addProperty("xpath", EQUALS, "//div/div/div/select/option[@value='" + Eyearsbf + "']", true): null

2018-11-09 12:16:04 - [TEST_STEP][PASSED] - click: Object: '' is clicked on

2018-11-09 12:16:04 - [MESSAGE][PASSED] - Object: '' is clicked on

2018-11-09 12:16:04 - [TEST_STEP][PASSED] - Statement - UpdatedSelectDate = com.kms.katalon.core.webui.keyword.WebUiBuiltInKeywords.modifyObjectProperty(com.kms.katalon.core.testobject.ObjectRepository.findTestObject(Final Object Repo/New Registration - Registration Module Pages/Form 2/DOB Date), "xpath", "equals", "//body/div/table/tbody/tr/td/a[text()="" + CurrentDate + ""]", true): Modify property of object successfully

2018-11-09 12:16:04 - [MESSAGE][PASSED] - Modify property of object successfully

2018-11-09 12:16:04 - [TEST_STEP][PASSED] - delay: Delayed 3 second(s)

2018-11-09 12:16:07 - [MESSAGE][PASSED] - Delayed 3 second(s)

2018-11-09 12:16:07 - [TEST_STEP][PASSED] - click: Object: 'Object Repository/Final Object Repo/New Registration - Registration Module Pages/Form 2/DOB Date' is clicked on

2018-11-09 12:16:08 - [MESSAGE][PASSED] - Object: 'Object Repository/Final Object Repo/New Registration - Registration Module Pages/Form 2/DOB Date' is clicked on

2018-11-09 12:16:08 - [TEST_STEP][PASSED] - delay: Delayed 2 second(s)

2018-11-09 12:16:10 - [MESSAGE][PASSED] - Delayed 2 second(s)

2018-11-09 12:16:10 - [TEST_STEP][PASSED] - click: Object: 'Object Repository/Final Object Repo/New Registration - Registration Module Pages/Form 2/EmploymentStartDate Pop Up' is clicked on

2018-11-09 12:16:11 - [MESSAGE][PASSED] - Object: 'Object Repository/Final Object Repo/New Registration - Registration Module Pages/Form 2/EmploymentStartDate Pop Up' is clicked on

2018-11-09 12:16:11 - [TEST_STEP][PASSED] - delay: Delayed 2 second(s)

2018-11-09 12:16:13 - [MESSAGE][PASSED] - Delayed 2 second(s)

2018-11-09 12:16:13 - [TEST_STEP][PASSED] - click: Object: 'Object Repository/Final Object Repo/New Registration - Registration Module Pages/Form 2/Socso Employment StartDate Month' is clicked on

2018-11-09 12:16:13 - [MESSAGE][PASSED] - Object: 'Object Repository/Final Object Repo/New Registration - Registration Module Pages/Form 2/Socso Employment StartDate Month' is clicked on

2018-11-09 12:16:13 - [TEST_STEP][PASSED] - delay: Delayed 1 second(s)

2018-11-09 12:16:14 - [MESSAGE][PASSED] - Delayed 1 second(s)

2018-11-09 12:16:14 - [TEST_STEP][PASSED] - click: Object: 'Object Repository/Final Object Repo/New Registration - Registration Module Pages/Form 2/Select Socso Employement Startdate Month' is clicked on

2018-11-09 12:16:14 - [MESSAGE][PASSED] - Object: 'Object Repository/Final Object Repo/New Registration - Registration Module Pages/Form 2/Select Socso Employement Startdate Month' is clicked on

2018-11-09 12:16:14 - [TEST_STEP][PASSED] - delay: Delayed 2 second(s)

2018-11-09 12:16:16 - [MESSAGE][PASSED] - Delayed 2 second(s)

2018-11-09 12:16:16 - [TEST_STEP][PASSED] - click: Object: 'Object Repository/Final Object Repo/New Registration - Registration Module Pages/Form 2/Socso Employment StartDate Year' is clicked on

2018-11-09 12:16:17 - [MESSAGE][PASSED] - Object: 'Object Repository/Final Object Repo/New Registration - Registration Module Pages/Form 2/Socso Employment StartDate Year' is clicked on

2018-11-09 12:16:17 - [TEST_STEP][PASSED] - delay: Delayed 1 second(s)

2018-11-09 12:16:18 - [MESSAGE][PASSED] - Delayed 1 second(s)

2018-11-09 12:16:18 - [TEST_STEP][PASSED] - click: Object: 'Object Repository/Final Object Repo/New Registration - Registration Module Pages/Form 2/Select Socso Employment Startdate Year' is clicked on

2018-11-09 12:16:18 - [MESSAGE][PASSED] - Object: 'Object Repository/Final Object Repo/New Registration - Registration Module Pages/Form 2/Select Socso Employment Startdate Year' is clicked on

2018-11-09 12:16:18 - [TEST_STEP][PASSED] - delay: Delayed 2 second(s)

2018-11-09 12:16:20 - [MESSAGE][PASSED] - Delayed 2 second(s)

2018-11-09 12:16:20 - [TEST_STEP][PASSED] - click: Object: 'Object Repository/Final Object Repo/New Registration - Registration Module Pages/Form 2/Socso Employment Start Date Day' is clicked on

2018-11-09 12:16:20 - [MESSAGE][PASSED] - Object: 'Object Repository/Final Object Repo/New Registration - Registration Module Pages/Form 2/Socso Employment Start Date Day' is clicked on

2018-11-09 12:16:20 - [TEST_STEP][PASSED] - delay: Delayed 2 second(s)

2018-11-09 12:16:22 - [MESSAGE][PASSED] - Delayed 2 second(s)

2018-11-09 12:16:22 - [TEST_STEP][PASSED] - click: Object: 'Object Repository/Final Object Repo/New Registration - Registration Module Pages/Form 2/Save Button for Add Employee' is clicked on

2018-11-09 12:16:23 - [MESSAGE][PASSED] - Object: 'Object Repository/Final Object Repo/New Registration - Registration Module Pages/Form 2/Save Button for Add Employee' is clicked on

2018-11-09 12:16:23 - [TEST_STEP][PASSED] - delay: Delayed 6 second(s)

2018-11-09 12:16:29 - [MESSAGE][PASSED] - Delayed 6 second(s)

2018-11-09 12:16:29 - [TEST_STEP][PASSED] - click: Object: 'Object Repository/Final Object Repo/New Registration - Registration Module Pages/Form 2/Save and Continue Form 2' is clicked on

2018-11-09 12:16:31 - [MESSAGE][PASSED] - Object: 'Object Repository/Final Object Repo/New Registration - Registration Module Pages/Form 2/Save and Continue Form 2' is clicked on

2018-11-09 12:16:31 - [MESSAGE][PASSED] - Call Test Case 'Test Cases/Final Aug 2018 - PKS Automation/Registration Module/New Registration/Form 2/Add 1 Eligible - Employer Account Use' successfully

2018-11-09 12:16:31 - [TEST_STEP][PASSED] - callTestCase: Call Test Case 'Test Cases/Final Aug 2018 - PKS Automation/Registration Module/New Registration/Flow of New Registration/Third Screen - Upload Supporting Doc - Preview' successfully

2018-11-09 12:16:31 - [TEST_CASE][PASSED] - Test Cases/Final Aug 2018 - PKS Automation/Registration Module/New Registration/Flow of New Registration/Third Screen - Upload Supporting Doc - Preview: Test Cases/Final Aug 2018 - PKS Automation/Registration Module/New Registration/Flow of New Registration/Third Screen - Upload Supporting Doc - Preview

2018-11-09 12:16:31 - [TEST_STEP][PASSED] - waitForPageLoad: Wait for page load successfully

2018-11-09 12:16:31 - [MESSAGE][PASSED] - Wait for page load successfully

2018-11-09 12:16:31 - [TEST_STEP][PASSED] - Statement - CaseReferenceNo = com.kms.katalon.core.webui.keyword.WebUiBuiltInKeywords.getText(com.kms.katalon.core.testobject.ObjectRepository.findTestObject(Final Object Repo/New Registration - Registration Module Pages/Third Screen - Upload Supporting Doc- Preview/RefNo Acquiring)): Text of object 'Object Repository/Final Object Repo/New Registration - Registration Module Pages/Third Screen - Upload Supporting Doc- Preview/RefNo Acquiring' is: 'CRN11201800122431'

2018-11-09 12:16:31 - [MESSAGE][PASSED] - Text of object 'Object Repository/Final Object Repo/New Registration - Registration Module Pages/Third Screen - Upload Supporting Doc- Preview/RefNo Acquiring' is: 'CRN11201800122431'

2018-11-09 12:16:31 - [TEST_STEP][PASSED] - delay: Delayed 2 second(s)

2018-11-09 12:16:33 - [MESSAGE][PASSED] - Delayed 2 second(s)

2018-11-09 12:16:33 - [TEST_STEP][PASSED] - callTestCase: Call Test Case 'Test Cases/Final Aug 2018 - PKS Automation/Common/Reference Number Setter' successfully

2018-11-09 12:16:33 - [TEST_CASE][PASSED] - Test Cases/Final Aug 2018 - PKS Automation/Common/Reference Number Setter: Test Cases/Final Aug 2018 - PKS Automation/Common/Reference Number Setter

2018-11-09 12:16:33 - [TEST_STEP][PASSED] - Statement - RefNoOldFile = new java.io.File(C://KatalonReference.txt): null

2018-11-09 12:16:33 - [TEST_STEP][PASSED] - Statement - RefNoOldFile.delete(): null

2018-11-09 12:16:33 - [TEST_STEP][PASSED] - Statement - RefNo = new java.io.File(C://KatalonReference.txt): null

2018-11-09 12:16:33 - [TEST_STEP][PASSED] - Statement - RefNo.append(CaseReferenceNo): null

2018-11-09 12:16:33 - [TEST_STEP][PASSED] - Statement - out.println("


" + CaseReferenceNo + "


"): null

2018-11-09 12:16:33 - [MESSAGE][PASSED] - Call Test Case 'Test Cases/Final Aug 2018 - PKS Automation/Common/Reference Number Setter' successfully

2018-11-09 12:16:33 - [TEST_STEP][PASSED] - waitForElementClickable: Object 'Object Repository/Final Object Repo/New Registration - Registration Module Pages/Third Screen - Upload Supporting Doc- Preview/Save n Continue in SIP Employee Listing Page' is clickable

2018-11-09 12:16:34 - [MESSAGE][PASSED] - Object 'Object Repository/Final Object Repo/New Registration - Registration Module Pages/Third Screen - Upload Supporting Doc- Preview/Save n Continue in SIP Employee Listing Page' is clickable

2018-11-09 12:16:34 - [TEST_STEP][PASSED] - click: Object: 'Object Repository/Final Object Repo/New Registration - Registration Module Pages/Third Screen - Upload Supporting Doc- Preview/Save n Continue in SIP Employee Listing Page' is clicked on

2018-11-09 12:16:40 - [MESSAGE][PASSED] - Object: 'Object Repository/Final Object Repo/New Registration - Registration Module Pages/Third Screen - Upload Supporting Doc- Preview/Save n Continue in SIP Employee Listing Page' is clicked on

2018-11-09 12:16:40 - [TEST_STEP][PASSED] - delay: Delayed 6 second(s)

2018-11-09 12:16:46 - [MESSAGE][PASSED] - Delayed 6 second(s)

2018-11-09 12:16:46 - [TEST_STEP][PASSED] - click: Object: 'Object Repository/Final Object Repo/New Registration - Registration Module Pages/Third Screen - Upload Supporting Doc- Preview/Add Document Button' is clicked on

2018-11-09 12:16:46 - [MESSAGE][PASSED] - Object: 'Object Repository/Final Object Repo/New Registration - Registration Module Pages/Third Screen - Upload Supporting Doc- Preview/Add Document Button' is clicked on

2018-11-09 12:16:46 - [TEST_STEP][PASSED] - delay: Delayed 30 second(s)

2018-11-09 12:17:16 - [MESSAGE][PASSED] - Delayed 30 second(s)

2018-11-09 12:17:16 - [TEST_STEP][PASSED] - click: Object: 'Object Repository/Final Object Repo/New Registration - Registration Module Pages/Third Screen - Upload Supporting Doc- Preview/Supporting Doc Please Select Drop Down' is clicked on

2018-11-09 12:17:16 - [MESSAGE][PASSED] - Object: 'Object Repository/Final Object Repo/New Registration - Registration Module Pages/Third Screen - Upload Supporting Doc- Preview/Supporting Doc Please Select Drop Down' is clicked on

2018-11-09 12:17:16 - [TEST_STEP][PASSED] - delay: Delayed 2 second(s)

2018-11-09 12:17:18 - [MESSAGE][PASSED] - Delayed 2 second(s)

2018-11-09 12:17:18 - [TEST_STEP][PASSED] - click: Object: 'Object Repository/Final Object Repo/New Registration - Registration Module Pages/Third Screen - Upload Supporting Doc- Preview/Select to Upload Form 1' is clicked on

2018-11-09 12:17:19 - [MESSAGE][PASSED] - Object: 'Object Repository/Final Object Repo/New Registration - Registration Module Pages/Third Screen - Upload Supporting Doc- Preview/Select to Upload Form 1' is clicked on

2018-11-09 12:17:19 - [TEST_STEP][PASSED] - delay: Delayed 2 second(s)

2018-11-09 12:17:21 - [MESSAGE][PASSED] - Delayed 2 second(s)

2018-11-09 12:17:21 - [TEST_STEP][PASSED] - uploadFile: File 'C:\Users\Public\Pictures\Sample Pictures\Act.jpg' sent to object: 'Object Repository/Final Object Repo/New Registration - Registration Module Pages/Third Screen - Upload Supporting Doc- Preview/Upload File Adding'

2018-11-09 12:17:21 - [MESSAGE][PASSED] - File 'C:\Users\Public\Pictures\Sample Pictures\Act.jpg' sent to object: 'Object Repository/Final Object Repo/New Registration - Registration Module Pages/Third Screen - Upload Supporting Doc- Preview/Upload File Adding'

2018-11-09 12:17:21 - [TEST_STEP][PASSED] - delay: Delayed 5 second(s)

2018-11-09 12:17:26 - [MESSAGE][PASSED] - Delayed 5 second(s)

2018-11-09 12:17:26 - [TEST_STEP][PASSED] - click: Object: 'Object Repository/Final Object Repo/New Registration - Registration Module Pages/Third Screen - Upload Supporting Doc- Preview/Inner Form Add Document Button' is clicked on

2018-11-09 12:17:32 - [MESSAGE][PASSED] - Object: 'Object Repository/Final Object Repo/New Registration - Registration Module Pages/Third Screen - Upload Supporting Doc- Preview/Inner Form Add Document Button' is clicked on

2018-11-09 12:17:32 - [TEST_STEP][PASSED] - delay: Delayed 3 second(s)

2018-11-09 12:17:35 - [MESSAGE][PASSED] - Delayed 3 second(s)

2018-11-09 12:17:35 - [TEST_STEP][PASSED] - click: Object: 'Object Repository/Final Object Repo/New Registration - Registration Module Pages/Third Screen - Upload Supporting Doc- Preview/Add Document Button' is clicked on

2018-11-09 12:17:35 - [MESSAGE][PASSED] - Object: 'Object Repository/Final Object Repo/New Registration - Registration Module Pages/Third Screen - Upload Supporting Doc- Preview/Add Document Button' is clicked on

2018-11-09 12:17:35 - [TEST_STEP][PASSED] - delay: Delayed 30 second(s)

2018-11-09 12:18:05 - [MESSAGE][PASSED] - Delayed 30 second(s)

2018-11-09 12:18:05 - [TEST_STEP][PASSED] - click: Object: 'Object Repository/Final Object Repo/New Registration - Registration Module Pages/Third Screen - Upload Supporting Doc- Preview/Supporting Doc Please Select Drop Down' is clicked on

2018-11-09 12:18:06 - [MESSAGE][PASSED] - Object: 'Object Repository/Final Object Repo/New Registration - Registration Module Pages/Third Screen - Upload Supporting Doc- Preview/Supporting Doc Please Select Drop Down' is clicked on

2018-11-09 12:18:06 - [TEST_STEP][PASSED] - delay: Delayed 2 second(s)

2018-11-09 12:18:08 - [MESSAGE][PASSED] - Delayed 2 second(s)

2018-11-09 12:18:08 - [TEST_STEP][PASSED] - click: Object: 'Object Repository/Final Object Repo/New Registration - Registration Module Pages/Third Screen - Upload Supporting Doc- Preview/Select to Upload Form 2' is clicked on

2018-11-09 12:18:08 - [MESSAGE][PASSED] - Object: 'Object Repository/Final Object Repo/New Registration - Registration Module Pages/Third Screen - Upload Supporting Doc- Preview/Select to Upload Form 2' is clicked on

2018-11-09 12:18:08 - [TEST_STEP][PASSED] - delay: Delayed 2 second(s)

2018-11-09 12:18:10 - [MESSAGE][PASSED] - Delayed 2 second(s)

2018-11-09 12:18:10 - [TEST_STEP][PASSED] - uploadFile: File 'C:\Users\Public\Pictures\Sample Pictures\Act.jpg' sent to object: 'Object Repository/Final Object Repo/New Registration - Registration Module Pages/Third Screen - Upload Supporting Doc- Preview/Upload File Adding'

2018-11-09 12:18:11 - [MESSAGE][PASSED] - File 'C:\Users\Public\Pictures\Sample Pictures\Act.jpg' sent to object: 'Object Repository/Final Object Repo/New Registration - Registration Module Pages/Third Screen - Upload Supporting Doc- Preview/Upload File Adding'

2018-11-09 12:18:11 - [TEST_STEP][PASSED] - click: Object: 'Object Repository/Final Object Repo/New Registration - Registration Module Pages/Third Screen - Upload Supporting Doc- Preview/Inner Form Add Document Button' is clicked on

2018-11-09 12:18:16 - [MESSAGE][PASSED] - Object: 'Object Repository/Final Object Repo/New Registration - Registration Module Pages/Third Screen - Upload Supporting Doc- Preview/Inner Form Add Document Button' is clicked on

2018-11-09 12:18:16 - [TEST_STEP][PASSED] - delay: Delayed 4 second(s)

2018-11-09 12:18:20 - [MESSAGE][PASSED] - Delayed 4 second(s)

2018-11-09 12:18:20 - [TEST_STEP][PASSED] - click: Object: 'Object Repository/Final Object Repo/New Registration - Registration Module Pages/Third Screen - Upload Supporting Doc- Preview/Add Document Button' is clicked on

2018-11-09 12:18:20 - [MESSAGE][PASSED] - Object: 'Object Repository/Final Object Repo/New Registration - Registration Module Pages/Third Screen - Upload Supporting Doc- Preview/Add Document Button' is clicked on

2018-11-09 12:18:20 - [TEST_STEP][PASSED] - delay: Delayed 30 second(s)

2018-11-09 12:18:50 - [MESSAGE][PASSED] - Delayed 30 second(s)

2018-11-09 12:18:50 - [TEST_STEP][PASSED] - click: Object: 'Object Repository/Final Object Repo/New Registration - Registration Module Pages/Third Screen - Upload Supporting Doc- Preview/Supporting Doc Please Select Drop Down' is clicked on

2018-11-09 12:18:50 - [MESSAGE][PASSED] - Object: 'Object Repository/Final Object Repo/New Registration - Registration Module Pages/Third Screen - Upload Supporting Doc- Preview/Supporting Doc Please Select Drop Down' is clicked on

2018-11-09 12:18:50 - [TEST_STEP][PASSED] - click: Object: 'Object Repository/Final Object Repo/New Registration - Registration Module Pages/Third Screen - Upload Supporting Doc- Preview/Select to Upload Borang SIP 1' is clicked on

2018-11-09 12:18:51 - [MESSAGE][PASSED] - Object: 'Object Repository/Final Object Repo/New Registration - Registration Module Pages/Third Screen - Upload Supporting Doc- Preview/Select to Upload Borang SIP 1' is clicked on

2018-11-09 12:18:51 - [TEST_STEP][PASSED] - delay: Delayed 2 second(s)

2018-11-09 12:18:53 - [MESSAGE][PASSED] - Delayed 2 second(s)

2018-11-09 12:18:53 - [TEST_STEP][PASSED] - uploadFile: File 'C:\Users\Public\Pictures\Sample Pictures\Act.jpg' sent to object: 'Object Repository/Final Object Repo/New Registration - Registration Module Pages/Third Screen - Upload Supporting Doc- Preview/Upload File Adding'

2018-11-09 12:18:53 - [MESSAGE][PASSED] - File 'C:\Users\Public\Pictures\Sample Pictures\Act.jpg' sent to object: 'Object Repository/Final Object Repo/New Registration - Registration Module Pages/Third Screen - Upload Supporting Doc- Preview/Upload File Adding'

2018-11-09 12:18:53 - [TEST_STEP][PASSED] - click: Object: 'Object Repository/Final Object Repo/New Registration - Registration Module Pages/Third Screen - Upload Supporting Doc- Preview/Inner Form Add Document Button' is clicked on

2018-11-09 12:18:59 - [MESSAGE][PASSED] - Object: 'Object Repository/Final Object Repo/New Registration - Registration Module Pages/Third Screen - Upload Supporting Doc- Preview/Inner Form Add Document Button' is clicked on

2018-11-09 12:18:59 - [TEST_STEP][PASSED] - delay: Delayed 5 second(s)

2018-11-09 12:19:04 - [MESSAGE][PASSED] - Delayed 5 second(s)

2018-11-09 12:19:04 - [TEST_STEP][PASSED] - click: Object: 'Object Repository/Final Object Repo/New Registration - Registration Module Pages/Third Screen - Upload Supporting Doc- Preview/Add Document Button' is clicked on

2018-11-09 12:19:04 - [MESSAGE][PASSED] - Object: 'Object Repository/Final Object Repo/New Registration - Registration Module Pages/Third Screen - Upload Supporting Doc- Preview/Add Document Button' is clicked on

2018-11-09 12:19:04 - [TEST_STEP][PASSED] - delay: Delayed 30 second(s)

2018-11-09 12:19:34 - [MESSAGE][PASSED] - Delayed 30 second(s)

2018-11-09 12:19:34 - [TEST_STEP][PASSED] - click: Object: 'Object Repository/Final Object Repo/New Registration - Registration Module Pages/Third Screen - Upload Supporting Doc- Preview/Supporting Doc Please Select Drop Down' is clicked on

2018-11-09 12:19:35 - [MESSAGE][PASSED] - Object: 'Object Repository/Final Object Repo/New Registration - Registration Module Pages/Third Screen - Upload Supporting Doc- Preview/Supporting Doc Please Select Drop Down' is clicked on

2018-11-09 12:19:35 - [TEST_STEP][PASSED] - delay: Delayed 3 second(s)

2018-11-09 12:19:38 - [MESSAGE][PASSED] - Delayed 3 second(s)

2018-11-09 12:19:38 - [TEST_STEP][PASSED] - click: Object: 'Object Repository/Final Object Repo/New Registration - Registration Module Pages/Third Screen - Upload Supporting Doc- Preview/Select to Upload Borang SIP 2' is clicked on

2018-11-09 12:19:38 - [MESSAGE][PASSED] - Object: 'Object Repository/Final Object Repo/New Registration - Registration Module Pages/Third Screen - Upload Supporting Doc- Preview/Select to Upload Borang SIP 2' is clicked on

2018-11-09 12:19:38 - [TEST_STEP][PASSED] - delay: Delayed 2 second(s)

2018-11-09 12:19:40 - [MESSAGE][PASSED] - Delayed 2 second(s)

2018-11-09 12:19:40 - [TEST_STEP][PASSED] - uploadFile: File 'C:\Users\Public\Pictures\Sample Pictures\Act.jpg' sent to object: 'Object Repository/Final Object Repo/New Registration - Registration Module Pages/Third Screen - Upload Supporting Doc- Preview/Upload File Adding'

2018-11-09 12:19:41 - [MESSAGE][PASSED] - File 'C:\Users\Public\Pictures\Sample Pictures\Act.jpg' sent to object: 'Object Repository/Final Object Repo/New Registration - Registration Module Pages/Third Screen - Upload Supporting Doc- Preview/Upload File Adding'

2018-11-09 12:19:41 - [TEST_STEP][PASSED] - delay: Delayed 5 second(s)

2018-11-09 12:19:46 - [MESSAGE][PASSED] - Delayed 5 second(s)

2018-11-09 12:19:46 - [TEST_STEP][PASSED] - click: Object: 'Object Repository/Final Object Repo/New Registration - Registration Module Pages/Third Screen - Upload Supporting Doc- Preview/Inner Form Add Document Button' is clicked on

2018-11-09 12:19:51 - [MESSAGE][PASSED] - Object: 'Object Repository/Final Object Repo/New Registration - Registration Module Pages/Third Screen - Upload Supporting Doc- Preview/Inner Form Add Document Button' is clicked on

2018-11-09 12:19:51 - [TEST_STEP][PASSED] - delay: Delayed 3 second(s)

2018-11-09 12:19:54 - [MESSAGE][PASSED] - Delayed 3 second(s)

2018-11-09 12:19:54 - [TEST_STEP][PASSED] - waitForElementClickable: Object 'Object Repository/Final Object Repo/New Registration - Registration Module Pages/Third Screen - Upload Supporting Doc- Preview/Save n Continue in Uploading Supporting Doc Page' is clickable

2018-11-09 12:19:54 - [MESSAGE][PASSED] - Object 'Object Repository/Final Object Repo/New Registration - Registration Module Pages/Third Screen - Upload Supporting Doc- Preview/Save n Continue in Uploading Supporting Doc Page' is clickable

2018-11-09 12:19:54 - [TEST_STEP][PASSED] - click: Object: 'Object Repository/Final Object Repo/New Registration - Registration Module Pages/Third Screen - Upload Supporting Doc- Preview/Save n Continue in Uploading Supporting Doc Page' is clicked on

2018-11-09 12:19:59 - [MESSAGE][PASSED] - Object: 'Object Repository/Final Object Repo/New Registration - Registration Module Pages/Third Screen - Upload Supporting Doc- Preview/Save n Continue in Uploading Supporting Doc Page' is clicked on

2018-11-09 12:19:59 - [MESSAGE][PASSED] - Call Test Case 'Test Cases/Final Aug 2018 - PKS Automation/Registration Module/New Registration/Flow of New Registration/Third Screen - Upload Supporting Doc - Preview' successfully

2018-11-09 12:19:59 - [TEST_STEP][PASSED] - setText: Text 'Tester' is set on object 'Object Repository/Final Object Repo/New Registration - Registration Module Pages/New Reg - OTC to RO/Special Case - All Related Objects/Employer Preview Name'

2018-11-09 12:19:59 - [MESSAGE][PASSED] - Text 'Tester' is set on object 'Object Repository/Final Object Repo/New Registration - Registration Module Pages/New Reg - OTC to RO/Special Case - All Related Objects/Employer Preview Name'

2018-11-09 12:19:59 - [TEST_STEP][PASSED] - click: Object: 'Object Repository/Final Object Repo/New Registration - Registration Module Pages/New Reg - OTC to RO/Special Case - All Related Objects/IC Type Drop Down' is clicked on

2018-11-09 12:20:00 - [MESSAGE][PASSED] - Object: 'Object Repository/Final Object Repo/New Registration - Registration Module Pages/New Reg - OTC to RO/Special Case - All Related Objects/IC Type Drop Down' is clicked on

2018-11-09 12:20:00 - [TEST_STEP][PASSED] - click: Object: 'Object Repository/Final Object Repo/New Registration - Registration Module Pages/New Reg - OTC to RO/Special Case - All Related Objects/Select to NRIC' is clicked on

2018-11-09 12:20:01 - [MESSAGE][PASSED] - Object: 'Object Repository/Final Object Repo/New Registration - Registration Module Pages/New Reg - OTC to RO/Special Case - All Related Objects/Select to NRIC' is clicked on

2018-11-09 12:20:01 - [TEST_STEP][PASSED] - setText: Text '133245561223' is set on object 'Object Repository/Final Object Repo/New Registration - Registration Module Pages/New Reg - OTC to RO/Special Case - All Related Objects/IC Value'

2018-11-09 12:20:01 - [MESSAGE][PASSED] - Text '133245561223' is set on object 'Object Repository/Final Object Repo/New Registration - Registration Module Pages/New Reg - OTC to RO/Special Case - All Related Objects/IC Value'

2018-11-09 12:20:01 - [TEST_STEP][PASSED] - setText: Text 'Auto' is set on object 'Object Repository/Final Object Repo/New Registration - Registration Module Pages/New Reg - OTC to RO/Special Case - All Related Objects/Designation'

2018-11-09 12:20:01 - [MESSAGE][PASSED] - Text 'Auto' is set on object 'Object Repository/Final Object Repo/New Registration - Registration Module Pages/New Reg - OTC to RO/Special Case - All Related Objects/Designation'

2018-11-09 12:20:01 - [TEST_STEP][PASSED] - callTestCase: Call Test Case 'Test Cases/Final Aug 2018 - PKS Automation/Registration Module/New Registration/Submit and Screenshot/Submit Registration and Screenshot - Copy' successfully

2018-11-09 12:20:01 - [TEST_CASE][PASSED] - Test Cases/Final Aug 2018 - PKS Automation/Registration Module/New Registration/Submit and Screenshot/Submit Registration and Screenshot - Copy: Test Cases/Final Aug 2018 - PKS Automation/Registration Module/New Registration/Submit and Screenshot/Submit Registration and Screenshot - Copy

2018-11-09 12:20:01 - [TEST_STEP][PASSED] - delay: Delayed 6 second(s)

2018-11-09 12:20:07 - [MESSAGE][PASSED] - Delayed 6 second(s)

2018-11-09 12:20:07 - [TEST_STEP][PASSED] - click: Object: 'Object Repository/Final Object Repo/New Registration - Registration Module Pages/Third Screen - Upload Supporting Doc- Preview/Preview Submit Button' is clicked on

2018-11-09 12:20:08 - [MESSAGE][PASSED] - Object: 'Object Repository/Final Object Repo/New Registration - Registration Module Pages/Third Screen - Upload Supporting Doc- Preview/Preview Submit Button' is clicked on

2018-11-09 12:20:08 - [TEST_STEP][PASSED] - delay: Delayed 2 second(s)

2018-11-09 12:20:10 - [MESSAGE][PASSED] - Delayed 2 second(s)

2018-11-09 12:20:10 - [TEST_STEP][PASSED] - click: Object: 'Object Repository/Final Object Repo/New Registration - Registration Module Pages/Third Screen - Upload Supporting Doc- Preview/Preview Submit - Confirm' is clicked on

2018-11-09 12:20:15 - [MESSAGE][PASSED] - Object: 'Object Repository/Final Object Repo/New Registration - Registration Module Pages/Third Screen - Upload Supporting Doc- Preview/Preview Submit - Confirm' is clicked on

2018-11-09 12:20:15 - [TEST_STEP][PASSED] - delay: Delayed 15 second(s)

2018-11-09 12:20:30 - [MESSAGE][PASSED] - Delayed 15 second(s)

2018-11-09 12:20:30 - [TEST_STEP][PASSED] - Statement - driver = com.kms.katalon.core.webui.driver.DriverFactory.getWebDriver(): null

2018-11-09 12:20:30 - [TEST_STEP][PASSED] - Statement - driver.manage().timeouts().implicitlyWait(10, SECONDS): null

2018-11-09 12:20:30 - [TEST_STEP][PASSED] - Statement - PresavePath = KatalonScreenshots: null

2018-11-09 12:20:30 - [TEST_STEP][PASSED] - Statement - pathPrefix = "C:\Users\Public\Pictures\Sample Pictures\Katalon Screenshots\Automate Ending Screen": null

2018-11-09 12:20:30 - [TEST_STEP][PASSED] - Statement - finalPath = <not implemented yet for class: org.codehaus.groovy.ast.expr.EmptyExpression>: null

2018-11-09 12:20:30 - [TEST_STEP][PASSED] - Statement - scrFile = driver.getScreenshotAs(FILE): null

2018-11-09 12:20:30 - [TEST_STEP][PASSED] - Statement - PreSaveFile = new java.io.File(PresavePath): null

2018-11-09 12:20:30 - [TEST_STEP][PASSED] - Statement - counter = 0: null

2018-11-09 12:20:30 - [TEST_STEP][PASSED] - Statement - If (PreSaveFile.exists()): null

2018-11-09 12:20:30 - [TEST_STEP][PASSED] - Statement - While (PreSaveFile.exists()): null

2018-11-09 12:20:30 - [TEST_STEP][PASSED] - Statement - counter = counter + 1: null

2018-11-09 12:20:30 - [TEST_STEP][PASSED] - Statement - PreSaveFile = new java.io.File(((pathPrefix + java.lang.Integer.toString(counter)) + .png)): null

2018-11-09 12:20:30 - [TEST_STEP][PASSED] - Statement - counter = counter + 1: null

2018-11-09 12:20:30 - [TEST_STEP][PASSED] - Statement - PreSaveFile = new java.io.File(((pathPrefix + java.lang.Integer.toString(counter)) + .png)): null

2018-11-09 12:20:30 - [TEST_STEP][PASSED] - Statement - counter = counter + 1: null

2018-11-09 12:20:30 - [TEST_STEP][PASSED] - Statement - PreSaveFile = new java.io.File(((pathPrefix + java.lang.Integer.toString(counter)) + .png)): null

2018-11-09 12:20:30 - [TEST_STEP][PASSED] - Statement - counter = counter + 1: null

2018-11-09 12:20:30 - [TEST_STEP][PASSED] - Statement - PreSaveFile = new java.io.File(((pathPrefix + java.lang.Integer.toString(counter)) + .png)): null

2018-11-09 12:20:30 - [TEST_STEP][PASSED] - Statement - counter = counter + 1: null

2018-11-09 12:20:30 - [TEST_STEP][PASSED] - Statement - PreSaveFile = new java.io.File(((pathPrefix + java.lang.Integer.toString(counter)) + .png)): null

2018-11-09 12:20:30 - [TEST_STEP][PASSED] - Statement - counter = counter + 1: null

2018-11-09 12:20:30 - [TEST_STEP][PASSED] - Statement - PreSaveFile = new java.io.File(((pathPrefix + java.lang.Integer.toString(counter)) + .png)): null

2018-11-09 12:20:30 - [TEST_STEP][PASSED] - Statement - counter = counter + 1: null

2018-11-09 12:20:30 - [TEST_STEP][PASSED] - Statement - PreSaveFile = new java.io.File(((pathPrefix + java.lang.Integer.toString(counter)) + .png)): null

2018-11-09 12:20:30 - [TEST_STEP][PASSED] - Statement - counter = counter + 1: null

2018-11-09 12:20:30 - [TEST_STEP][PASSED] - Statement - PreSaveFile = new java.io.File(((pathPrefix + java.lang.Integer.toString(counter)) + .png)): null

2018-11-09 12:20:30 - [TEST_STEP][PASSED] - Statement - counter = counter + 1: null

2018-11-09 12:20:30 - [TEST_STEP][PASSED] - Statement - PreSaveFile = new java.io.File(((pathPrefix + java.lang.Integer.toString(counter)) + .png)): null

2018-11-09 12:20:30 - [TEST_STEP][PASSED] - Statement - counter = counter + 1: null

2018-11-09 12:20:30 - [TEST_STEP][PASSED] - Statement - PreSaveFile = new java.io.File(((pathPrefix + java.lang.Integer.toString(counter)) + .png)): null

2018-11-09 12:20:30 - [TEST_STEP][PASSED] - Statement - counter = counter + 1: null

2018-11-09 12:20:30 - [TEST_STEP][PASSED] - Statement - PreSaveFile = new java.io.File(((pathPrefix + java.lang.Integer.toString(counter)) + .png)): null

2018-11-09 12:20:30 - [TEST_STEP][PASSED] - Statement - counter = counter + 1: null

2018-11-09 12:20:30 - [TEST_STEP][PASSED] - Statement - PreSaveFile = new java.io.File(((pathPrefix + java.lang.Integer.toString(counter)) + .png)): null

2018-11-09 12:20:30 - [TEST_STEP][PASSED] - Statement - counter = counter + 1: null

2018-11-09 12:20:30 - [TEST_STEP][PASSED] - Statement - PreSaveFile = new java.io.File(((pathPrefix + java.lang.Integer.toString(counter)) + .png)): null

2018-11-09 12:20:30 - [TEST_STEP][PASSED] - Statement - counter = counter + 1: null

2018-11-09 12:20:30 - [TEST_STEP][PASSED] - Statement - PreSaveFile = new java.io.File(((pathPrefix + java.lang.Integer.toString(counter)) + .png)): null

2018-11-09 12:20:30 - [TEST_STEP][PASSED] - Statement - counter = counter + 1: null

2018-11-09 12:20:30 - [TEST_STEP][PASSED] - Statement - PreSaveFile = new java.io.File(((pathPrefix + java.lang.Integer.toString(counter)) + .png)): null

2018-11-09 12:20:30 - [TEST_STEP][PASSED] - Statement - counter = counter + 1: null

2018-11-09 12:20:30 - [TEST_STEP][PASSED] - Statement - PreSaveFile = new java.io.File(((pathPrefix + java.lang.Integer.toString(counter)) + .png)): null

2018-11-09 12:20:30 - [TEST_STEP][PASSED] - Statement - counter = counter + 1: null

2018-11-09 12:20:30 - [TEST_STEP][PASSED] - Statement - PreSaveFile = new java.io.File(((pathPrefix + java.lang.Integer.toString(counter)) + .png)): null

2018-11-09 12:20:30 - [TEST_STEP][PASSED] - Statement - counter = counter + 1: null

2018-11-09 12:20:30 - [TEST_STEP][PASSED] - Statement - PreSaveFile = new java.io.File(((pathPrefix + java.lang.Integer.toString(counter)) + .png)): null

2018-11-09 12:20:30 - [TEST_STEP][PASSED] - Statement - counter = counter + 1: null

2018-11-09 12:20:30 - [TEST_STEP][PASSED] - Statement - PreSaveFile = new java.io.File(((pathPrefix + java.lang.Integer.toString(counter)) + .png)): null

2018-11-09 12:20:30 - [TEST_STEP][PASSED] - Statement - counter = counter + 1: null

2018-11-09 12:20:30 - [TEST_STEP][PASSED] - Statement - PreSaveFile = new java.io.File(((pathPrefix + java.lang.Integer.toString(counter)) + .png)): null

2018-11-09 12:20:30 - [TEST_STEP][PASSED] - Statement - counter = counter + 1: null

2018-11-09 12:20:30 - [TEST_STEP][PASSED] - Statement - PreSaveFile = new java.io.File(((pathPrefix + java.lang.Integer.toString(counter)) + .png)): null

2018-11-09 12:20:30 - [TEST_STEP][PASSED] - Statement - counter = counter + 1: null

2018-11-09 12:20:30 - [TEST_STEP][PASSED] - Statement - PreSaveFile = new java.io.File(((pathPrefix + java.lang.Integer.toString(counter)) + .png)): null

2018-11-09 12:20:30 - [TEST_STEP][PASSED] - Statement - counter = counter + 1: null

2018-11-09 12:20:30 - [TEST_STEP][PASSED] - Statement - PreSaveFile = new java.io.File(((pathPrefix + java.lang.Integer.toString(counter)) + .png)): null

2018-11-09 12:20:31 - [TEST_STEP][PASSED] - Statement - counter = counter + 1: null

2018-11-09 12:20:31 - [TEST_STEP][PASSED] - Statement - PreSaveFile = new java.io.File(((pathPrefix + java.lang.Integer.toString(counter)) + .png)): null

2018-11-09 12:20:31 - [TEST_STEP][PASSED] - Statement - counter = counter + 1: null

2018-11-09 12:20:31 - [TEST_STEP][PASSED] - Statement - PreSaveFile = new java.io.File(((pathPrefix + java.lang.Integer.toString(counter)) + .png)): null

2018-11-09 12:20:31 - [TEST_STEP][PASSED] - Statement - counter = counter + 1: null

2018-11-09 12:20:31 - [TEST_STEP][PASSED] - Statement - PreSaveFile = new java.io.File(((pathPrefix + java.lang.Integer.toString(counter)) + .png)): null

2018-11-09 12:20:31 - [TEST_STEP][PASSED] - Statement - counter = counter + 1: null

2018-11-09 12:20:31 - [TEST_STEP][PASSED] - Statement - PreSaveFile = new java.io.File(((pathPrefix + java.lang.Integer.toString(counter)) + .png)): null

2018-11-09 12:20:31 - [TEST_STEP][PASSED] - Statement - counter = counter + 1: null

2018-11-09 12:20:31 - [TEST_STEP][PASSED] - Statement - PreSaveFile = new java.io.File(((pathPrefix + java.lang.Integer.toString(counter)) + .png)): null

2018-11-09 12:20:31 - [TEST_STEP][PASSED] - Statement - counter = counter + 1: null

2018-11-09 12:20:31 - [TEST_STEP][PASSED] - Statement - PreSaveFile = new java.io.File(((pathPrefix + java.lang.Integer.toString(counter)) + .png)): null

2018-11-09 12:20:31 - [TEST_STEP][PASSED] - Statement - counter = counter + 1: null

2018-11-09 12:20:31 - [TEST_STEP][PASSED] - Statement - PreSaveFile = new java.io.File(((pathPrefix + java.lang.Integer.toString(counter)) + .png)): null

2018-11-09 12:20:31 - [TEST_STEP][PASSED] - Statement - counter = counter + 1: null

2018-11-09 12:20:31 - [TEST_STEP][PASSED] - Statement - PreSaveFile = new java.io.File(((pathPrefix + java.lang.Integer.toString(counter)) + .png)): null

2018-11-09 12:20:31 - [TEST_STEP][PASSED] - Statement - counter = counter + 1: null

2018-11-09 12:20:31 - [TEST_STEP][PASSED] - Statement - PreSaveFile = new java.io.File(((pathPrefix + java.lang.Integer.toString(counter)) + .png)): null

2018-11-09 12:20:31 - [TEST_STEP][PASSED] - Statement - counter = counter + 1: null

2018-11-09 12:20:31 - [TEST_STEP][PASSED] - Statement - PreSaveFile = new java.io.File(((pathPrefix + java.lang.Integer.toString(counter)) + .png)): null

2018-11-09 12:20:31 - [TEST_STEP][PASSED] - Statement - counter = counter + 1: null

2018-11-09 12:20:31 - [TEST_STEP][PASSED] - Statement - PreSaveFile = new java.io.File(((pathPrefix + java.lang.Integer.toString(counter)) + .png)): null

2018-11-09 12:20:31 - [TEST_STEP][PASSED] - Statement - counter = counter + 1: null

2018-11-09 12:20:31 - [TEST_STEP][PASSED] - Statement - PreSaveFile = new java.io.File(((pathPrefix + java.lang.Integer.toString(counter)) + .png)): null

2018-11-09 12:20:31 - [TEST_STEP][PASSED] - Statement - counter = counter + 1: null

2018-11-09 12:20:31 - [TEST_STEP][PASSED] - Statement - PreSaveFile = new java.io.File(((pathPrefix + java.lang.Integer.toString(counter)) + .png)): null

2018-11-09 12:20:31 - [TEST_STEP][PASSED] - Statement - counter = counter + 1: null

2018-11-09 12:20:31 - [TEST_STEP][PASSED] - Statement - PreSaveFile = new java.io.File(((pathPrefix + java.lang.Integer.toString(counter)) + .png)): null

2018-11-09 12:20:31 - [TEST_STEP][PASSED] - Statement - counter = counter + 1: null

2018-11-09 12:20:31 - [TEST_STEP][PASSED] - Statement - PreSaveFile = new java.io.File(((pathPrefix + java.lang.Integer.toString(counter)) + .png)): null

2018-11-09 12:20:31 - [TEST_STEP][PASSED] - Statement - counter = counter + 1: null

2018-11-09 12:20:31 - [TEST_STEP][PASSED] - Statement - PreSaveFile = new java.io.File(((pathPrefix + java.lang.Integer.toString(counter)) + .png)): null

2018-11-09 12:20:31 - [TEST_STEP][PASSED] - Statement - counter = counter + 1: null

2018-11-09 12:20:31 - [TEST_STEP][PASSED] - Statement - PreSaveFile = new java.io.File(((pathPrefix + java.lang.Integer.toString(counter)) + .png)): null

2018-11-09 12:20:31 - [TEST_STEP][PASSED] - Statement - counter = counter + 1: null

2018-11-09 12:20:31 - [TEST_STEP][PASSED] - Statement - PreSaveFile = new java.io.File(((pathPrefix + java.lang.Integer.toString(counter)) + .png)): null

2018-11-09 12:20:31 - [TEST_STEP][PASSED] - Statement - counter = counter + 1: null

2018-11-09 12:20:31 - [TEST_STEP][PASSED] - Statement - PreSaveFile = new java.io.File(((pathPrefix + java.lang.Integer.toString(counter)) + .png)): null

2018-11-09 12:20:31 - [TEST_STEP][PASSED] - Statement - counter = counter + 1: null

2018-11-09 12:20:32 - [TEST_STEP][PASSED] - Statement - PreSaveFile = new java.io.File(((pathPrefix + java.lang.Integer.toString(counter)) + .png)): null

2018-11-09 12:20:32 - [TEST_STEP][PASSED] - Statement - counter = counter + 1: null

2018-11-09 12:20:32 - [TEST_STEP][PASSED] - Statement - PreSaveFile = new java.io.File(((pathPrefix + java.lang.Integer.toString(counter)) + .png)): null

2018-11-09 12:20:32 - [TEST_STEP][PASSED] - Statement - counter = counter + 1: null

2018-11-09 12:20:32 - [TEST_STEP][PASSED] - Statement - PreSaveFile = new java.io.File(((pathPrefix + java.lang.Integer.toString(counter)) + .png)): null

2018-11-09 12:20:32 - [TEST_STEP][PASSED] - Statement - counter = counter + 1: null

2018-11-09 12:20:32 - [TEST_STEP][PASSED] - Statement - PreSaveFile = new java.io.File(((pathPrefix + java.lang.Integer.toString(counter)) + .png)): null

2018-11-09 12:20:32 - [TEST_STEP][PASSED] - Statement - counter = counter + 1: null

2018-11-09 12:20:32 - [TEST_STEP][PASSED] - Statement - PreSaveFile = new java.io.File(((pathPrefix + java.lang.Integer.toString(counter)) + .png)): null

2018-11-09 12:20:32 - [TEST_STEP][PASSED] - Statement - counter = counter + 1: null

2018-11-09 12:20:32 - [TEST_STEP][PASSED] - Statement - PreSaveFile = new java.io.File(((pathPrefix + java.lang.Integer.toString(counter)) + .png)): null

2018-11-09 12:20:32 - [TEST_STEP][PASSED] - Statement - counter = counter + 1: null

2018-11-09 12:20:32 - [TEST_STEP][PASSED] - Statement - PreSaveFile = new java.io.File(((pathPrefix + java.lang.Integer.toString(counter)) + .png)): null

2018-11-09 12:20:32 - [TEST_STEP][PASSED] - Statement - counter = counter + 1: null

2018-11-09 12:20:32 - [TEST_STEP][PASSED] - Statement - PreSaveFile = new java.io.File(((pathPrefix + java.lang.Integer.toString(counter)) + .png)): null

2018-11-09 12:20:32 - [TEST_STEP][PASSED] - Statement - counter = counter + 1: null

2018-11-09 12:20:32 - [TEST_STEP][PASSED] - Statement - PreSaveFile = new java.io.File(((pathPrefix + java.lang.Integer.toString(counter)) + .png)): null

2018-11-09 12:20:32 - [TEST_STEP][PASSED] - Statement - counter = counter + 1: null

2018-11-09 12:20:32 - [TEST_STEP][PASSED] - Statement - PreSaveFile = new java.io.File(((pathPrefix + java.lang.Integer.toString(counter)) + .png)): null

2018-11-09 12:20:32 - [TEST_STEP][PASSED] - Statement - counter = counter + 1: null

2018-11-09 12:20:32 - [TEST_STEP][PASSED] - Statement - PreSaveFile = new java.io.File(((pathPrefix + java.lang.Integer.toString(counter)) + .png)): null

2018-11-09 12:20:32 - [TEST_STEP][PASSED] - Statement - counter = counter + 1: null

2018-11-09 12:20:32 - [TEST_STEP][PASSED] - Statement - PreSaveFile = new java.io.File(((pathPrefix + java.lang.Integer.toString(counter)) + .png)): null

2018-11-09 12:20:32 - [TEST_STEP][PASSED] - Statement - counter = counter + 1: null

2018-11-09 12:20:33 - [TEST_STEP][PASSED] - Statement - PreSaveFile = new java.io.File(((pathPrefix + java.lang.Integer.toString(counter)) + .png)): null

2018-11-09 12:20:33 - [TEST_STEP][PASSED] - Statement - counter = counter + 1: null

2018-11-09 12:20:33 - [TEST_STEP][PASSED] - Statement - PreSaveFile = new java.io.File(((pathPrefix + java.lang.Integer.toString(counter)) + .png)): null

2018-11-09 12:20:33 - [TEST_STEP][PASSED] - Statement - counter = counter + 1: null

2018-11-09 12:20:33 - [TEST_STEP][PASSED] - Statement - PreSaveFile = new java.io.File(((pathPrefix + java.lang.Integer.toString(counter)) + .png)): null

2018-11-09 12:20:33 - [TEST_STEP][PASSED] - Statement - counter = counter + 1: null

2018-11-09 12:20:33 - [TEST_STEP][PASSED] - Statement - PreSaveFile = new java.io.File(((pathPrefix + java.lang.Integer.toString(counter)) + .png)): null

2018-11-09 12:20:33 - [TEST_STEP][PASSED] - Statement - counter = counter + 1: null

2018-11-09 12:20:33 - [TEST_STEP][PASSED] - Statement - PreSaveFile = new java.io.File(((pathPrefix + java.lang.Integer.toString(counter)) + .png)): null

2018-11-09 12:20:33 - [TEST_STEP][PASSED] - Statement - counter = counter + 1: null

2018-11-09 12:20:33 - [TEST_STEP][PASSED] - Statement - PreSaveFile = new java.io.File(((pathPrefix + java.lang.Integer.toString(counter)) + .png)): null

2018-11-09 12:20:33 - [TEST_STEP][PASSED] - Statement - counter = counter + 1: null

2018-11-09 12:20:33 - [TEST_STEP][PASSED] - Statement - PreSaveFile = new java.io.File(((pathPrefix + java.lang.Integer.toString(counter)) + .png)): null

2018-11-09 12:20:33 - [TEST_STEP][PASSED] - Statement - counter = counter + 1: null

2018-11-09 12:20:33 - [TEST_STEP][PASSED] - Statement - PreSaveFile = new java.io.File(((pathPrefix + java.lang.Integer.toString(counter)) + .png)): null

2018-11-09 12:20:33 - [TEST_STEP][PASSED] - Statement - counter = counter + 1: null

2018-11-09 12:20:33 - [TEST_STEP][PASSED] - Statement - PreSaveFile = new java.io.File(((pathPrefix + java.lang.Integer.toString(counter)) + .png)): null

2018-11-09 12:20:33 - [TEST_STEP][PASSED] - Statement - counter = counter + 1: null

2018-11-09 12:20:33 - [TEST_STEP][PASSED] - Statement - PreSaveFile = new java.io.File(((pathPrefix + java.lang.Integer.toString(counter)) + .png)): null

2018-11-09 12:20:34 - [TEST_STEP][PASSED] - Statement - counter = counter + 1: null

2018-11-09 12:20:34 - [TEST_STEP][PASSED] - Statement - PreSaveFile = new java.io.File(((pathPrefix + java.lang.Integer.toString(counter)) + .png)): null

2018-11-09 12:20:34 - [TEST_STEP][PASSED] - Statement - counter = counter + 1: null

2018-11-09 12:20:34 - [TEST_STEP][PASSED] - Statement - PreSaveFile = new java.io.File(((pathPrefix + java.lang.Integer.toString(counter)) + .png)): null

2018-11-09 12:20:34 - [TEST_STEP][PASSED] - Statement - counter = counter + 1: null

2018-11-09 12:20:34 - [TEST_STEP][PASSED] - Statement - PreSaveFile = new java.io.File(((pathPrefix + java.lang.Integer.toString(counter)) + .png)): null

2018-11-09 12:20:34 - [TEST_STEP][PASSED] - Statement - counter = counter + 1: null

2018-11-09 12:20:34 - [TEST_STEP][PASSED] - Statement - PreSaveFile = new java.io.File(((pathPrefix + java.lang.Integer.toString(counter)) + .png)): null

2018-11-09 12:20:34 - [TEST_STEP][PASSED] - Statement - counter = counter + 1: null

2018-11-09 12:20:34 - [TEST_STEP][PASSED] - Statement - PreSaveFile = new java.io.File(((pathPrefix + java.lang.Integer.toString(counter)) + .png)): null

2018-11-09 12:20:34 - [TEST_STEP][PASSED] - Statement - counter = counter + 1: null

2018-11-09 12:20:34 - [TEST_STEP][PASSED] - Statement - PreSaveFile = new java.io.File(((pathPrefix + java.lang.Integer.toString(counter)) + .png)): null

2018-11-09 12:20:34 - [TEST_STEP][PASSED] - Statement - counter = counter + 1: null

2018-11-09 12:20:34 - [TEST_STEP][PASSED] - Statement - PreSaveFile = new java.io.File(((pathPrefix + java.lang.Integer.toString(counter)) + .png)): null

2018-11-09 12:20:34 - [TEST_STEP][PASSED] - Statement - counter = counter + 1: null

2018-11-09 12:20:34 - [TEST_STEP][PASSED] - Statement - PreSaveFile = new java.io.File(((pathPrefix + java.lang.Integer.toString(counter)) + .png)): null

2018-11-09 12:20:34 - [TEST_STEP][PASSED] - Statement - counter = counter + 1: null

2018-11-09 12:20:34 - [TEST_STEP][PASSED] - Statement - PreSaveFile = new java.io.File(((pathPrefix + java.lang.Integer.toString(counter)) + .png)): null

2018-11-09 12:20:34 - [TEST_STEP][PASSED] - Statement - counter = counter + 1: null

2018-11-09 12:20:34 - [TEST_STEP][PASSED] - Statement - PreSaveFile = new java.io.File(((pathPrefix + java.lang.Integer.toString(counter)) + .png)): null

2018-11-09 12:20:34 - [TEST_STEP][PASSED] - Statement - counter = counter + 1: null

2018-11-09 12:20:34 - [TEST_STEP][PASSED] - Statement - PreSaveFile = new java.io.File(((pathPrefix + java.lang.Integer.toString(counter)) + .png)): null

2018-11-09 12:20:34 - [TEST_STEP][PASSED] - Statement - counter = counter + 1: null

2018-11-09 12:20:34 - [TEST_STEP][PASSED] - Statement - PreSaveFile = new java.io.File(((pathPrefix + java.lang.Integer.toString(counter)) + .png)): null

2018-11-09 12:20:35 - [TEST_STEP][PASSED] - Statement - counter = counter + 1: null

2018-11-09 12:20:35 - [TEST_STEP][PASSED] - Statement - PreSaveFile = new java.io.File(((pathPrefix + java.lang.Integer.toString(counter)) + .png)): null

2018-11-09 12:20:35 - [TEST_STEP][PASSED] - Statement - counter = counter + 1: null

2018-11-09 12:20:35 - [TEST_STEP][PASSED] - Statement - PreSaveFile = new java.io.File(((pathPrefix + java.lang.Integer.toString(counter)) + .png)): null

2018-11-09 12:20:35 - [TEST_STEP][PASSED] - Statement - counter = counter + 1: null

2018-11-09 12:20:35 - [TEST_STEP][PASSED] - Statement - PreSaveFile = new java.io.File(((pathPrefix + java.lang.Integer.toString(counter)) + .png)): null

2018-11-09 12:20:35 - [TEST_STEP][PASSED] - Statement - counter = counter + 1: null

2018-11-09 12:20:35 - [TEST_STEP][PASSED] - Statement - PreSaveFile = new java.io.File(((pathPrefix + java.lang.Integer.toString(counter)) + .png)): null

2018-11-09 12:20:35 - [TEST_STEP][PASSED] - Statement - counter = counter + 1: null

2018-11-09 12:20:35 - [TEST_STEP][PASSED] - Statement - PreSaveFile = new java.io.File(((pathPrefix + java.lang.Integer.toString(counter)) + .png)): null

2018-11-09 12:20:35 - [TEST_STEP][PASSED] - Statement - counter = counter + 1: null

2018-11-09 12:20:35 - [TEST_STEP][PASSED] - Statement - PreSaveFile = new java.io.File(((pathPrefix + java.lang.Integer.toString(counter)) + .png)): null

2018-11-09 12:20:35 - [TEST_STEP][PASSED] - Statement - counter = counter + 1: null

2018-11-09 12:20:35 - [TEST_STEP][PASSED] - Statement - PreSaveFile = new java.io.File(((pathPrefix + java.lang.Integer.toString(counter)) + .png)): null

2018-11-09 12:20:35 - [TEST_STEP][PASSED] - Statement - counter = counter + 1: null

2018-11-09 12:20:35 - [TEST_STEP][PASSED] - Statement - PreSaveFile = new java.io.File(((pathPrefix + java.lang.Integer.toString(counter)) + .png)): null

2018-11-09 12:20:35 - [TEST_STEP][PASSED] - Statement - counter = counter + 1: null

2018-11-09 12:20:35 - [TEST_STEP][PASSED] - Statement - PreSaveFile = new java.io.File(((pathPrefix + java.lang.Integer.toString(counter)) + .png)): null

2018-11-09 12:20:35 - [TEST_STEP][PASSED] - Statement - counter = counter + 1: null

2018-11-09 12:20:35 - [TEST_STEP][PASSED] - Statement - PreSaveFile = new java.io.File(((pathPrefix + java.lang.Integer.toString(counter)) + .png)): null

2018-11-09 12:20:35 - [TEST_STEP][PASSED] - Statement - counter = counter + 1: null

2018-11-09 12:20:35 - [TEST_STEP][PASSED] - Statement - PreSaveFile = new java.io.File(((pathPrefix + java.lang.Integer.toString(counter)) + .png)): null

2018-11-09 12:20:35 - [TEST_STEP][PASSED] - Statement - counter = counter + 1: null

2018-11-09 12:20:36 - [TEST_STEP][PASSED] - Statement - PreSaveFile = new java.io.File(((pathPrefix + java.lang.Integer.toString(counter)) + .png)): null

2018-11-09 12:20:36 - [TEST_STEP][PASSED] - Statement - counter = counter + 1: null

2018-11-09 12:20:36 - [TEST_STEP][PASSED] - Statement - PreSaveFile = new java.io.File(((pathPrefix + java.lang.Integer.toString(counter)) + .png)): null

2018-11-09 12:20:36 - [TEST_STEP][PASSED] - Statement - counter = counter + 1: null

2018-11-09 12:20:36 - [TEST_STEP][PASSED] - Statement - PreSaveFile = new java.io.File(((pathPrefix + java.lang.Integer.toString(counter)) + .png)): null

2018-11-09 12:20:36 - [TEST_STEP][PASSED] - Statement - counter = counter + 1: null

2018-11-09 12:20:36 - [TEST_STEP][PASSED] - Statement - PreSaveFile = new java.io.File(((pathPrefix + java.lang.Integer.toString(counter)) + .png)): null

2018-11-09 12:20:36 - [TEST_STEP][PASSED] - Statement - counter = counter + 1: null

2018-11-09 12:20:36 - [TEST_STEP][PASSED] - Statement - PreSaveFile = new java.io.File(((pathPrefix + java.lang.Integer.toString(counter)) + .png)): null

2018-11-09 12:20:36 - [TEST_STEP][PASSED] - Statement - counter = counter + 1: null

2018-11-09 12:20:36 - [TEST_STEP][PASSED] - Statement - PreSaveFile = new java.io.File(((pathPrefix + java.lang.Integer.toString(counter)) + .png)): null

2018-11-09 12:20:36 - [TEST_STEP][PASSED] - Statement - counter = counter + 1: null

2018-11-09 12:20:36 - [TEST_STEP][PASSED] - Statement - PreSaveFile = new java.io.File(((pathPrefix + java.lang.Integer.toString(counter)) + .png)): null

2018-11-09 12:20:36 - [TEST_STEP][PASSED] - Statement - counter = counter + 1: null

2018-11-09 12:20:36 - [TEST_STEP][PASSED] - Statement - PreSaveFile = new java.io.File(((pathPrefix + java.lang.Integer.toString(counter)) + .png)): null

2018-11-09 12:20:36 - [TEST_STEP][PASSED] - Statement - counter = counter + 1: null

2018-11-09 12:20:36 - [TEST_STEP][PASSED] - Statement - PreSaveFile = new java.io.File(((pathPrefix + java.lang.Integer.toString(counter)) + .png)): null

2018-11-09 12:20:36 - [TEST_STEP][PASSED] - Statement - counter = counter + 1: null

2018-11-09 12:20:36 - [TEST_STEP][PASSED] - Statement - PreSaveFile = new java.io.File(((pathPrefix + java.lang.Integer.toString(counter)) + .png)): null

2018-11-09 12:20:37 - [TEST_STEP][PASSED] - Statement - counter = counter + 1: null

2018-11-09 12:20:37 - [TEST_STEP][PASSED] - Statement - PreSaveFile = new java.io.File(((pathPrefix + java.lang.Integer.toString(counter)) + .png)): null

2018-11-09 12:20:37 - [TEST_STEP][PASSED] - Statement - counter = counter + 1: null

2018-11-09 12:20:37 - [TEST_STEP][PASSED] - Statement - PreSaveFile = new java.io.File(((pathPrefix + java.lang.Integer.toString(counter)) + .png)): null

2018-11-09 12:20:37 - [TEST_STEP][PASSED] - Statement - counter = counter + 1: null

2018-11-09 12:20:37 - [TEST_STEP][PASSED] - Statement - PreSaveFile = new java.io.File(((pathPrefix + java.lang.Integer.toString(counter)) + .png)): null

2018-11-09 12:20:37 - [TEST_STEP][PASSED] - Statement - counter = counter + 1: null

2018-11-09 12:20:37 - [TEST_STEP][PASSED] - Statement - PreSaveFile = new java.io.File(((pathPrefix + java.lang.Integer.toString(counter)) + .png)): null

2018-11-09 12:20:37 - [TEST_STEP][PASSED] - Statement - counter = counter + 1: null

2018-11-09 12:20:37 - [TEST_STEP][PASSED] - Statement - PreSaveFile = new java.io.File(((pathPrefix + java.lang.Integer.toString(counter)) + .png)): null

2018-11-09 12:20:37 - [TEST_STEP][PASSED] - Statement - counter = counter + 1: null

2018-11-09 12:20:37 - [TEST_STEP][PASSED] - Statement - PreSaveFile = new java.io.File(((pathPrefix + java.lang.Integer.toString(counter)) + .png)): null

2018-11-09 12:20:37 - [TEST_STEP][PASSED] - Statement - counter = counter + 1: null

2018-11-09 12:20:37 - [TEST_STEP][PASSED] - Statement - PreSaveFile = new java.io.File(((pathPrefix + java.lang.Integer.toString(counter)) + .png)): null

2018-11-09 12:20:37 - [TEST_STEP][PASSED] - Statement - counter = counter + 1: null

2018-11-09 12:20:37 - [TEST_STEP][PASSED] - Statement - PreSaveFile = new java.io.File(((pathPrefix + java.lang.Integer.toString(counter)) + .png)): null

2018-11-09 12:20:37 - [TEST_STEP][PASSED] - Statement - counter = counter + 1: null

2018-11-09 12:20:37 - [TEST_STEP][PASSED] - Statement - PreSaveFile = new java.io.File(((pathPrefix + java.lang.Integer.toString(counter)) + .png)): null

2018-11-09 12:20:37 - [TEST_STEP][PASSED] - Statement - counter = counter + 1: null

2018-11-09 12:20:37 - [TEST_STEP][PASSED] - Statement - PreSaveFile = new java.io.File(((pathPrefix + java.lang.Integer.toString(counter)) + .png)): null

2018-11-09 12:20:37 - [TEST_STEP][PASSED] - Statement - counter = counter + 1: null

2018-11-09 12:20:37 - [TEST_STEP][PASSED] - Statement - PreSaveFile = new java.io.File(((pathPrefix + java.lang.Integer.toString(counter)) + .png)): null

2018-11-09 12:20:37 - [TEST_STEP][PASSED] - Statement - counter = counter + 1: null

2018-11-09 12:20:37 - [TEST_STEP][PASSED] - Statement - PreSaveFile = new java.io.File(((pathPrefix + java.lang.Integer.toString(counter)) + .png)): null

2018-11-09 12:20:38 - [TEST_STEP][PASSED] - Statement - counter = counter + 1: null

2018-11-09 12:20:38 - [TEST_STEP][PASSED] - Statement - PreSaveFile = new java.io.File(((pathPrefix + java.lang.Integer.toString(counter)) + .png)): null

2018-11-09 12:20:38 - [TEST_STEP][PASSED] - Statement - counter = counter + 1: null

2018-11-09 12:20:38 - [TEST_STEP][PASSED] - Statement - PreSaveFile = new java.io.File(((pathPrefix + java.lang.Integer.toString(counter)) + .png)): null

2018-11-09 12:20:38 - [TEST_STEP][PASSED] - Statement - counter = counter + 1: null

2018-11-09 12:20:38 - [TEST_STEP][PASSED] - Statement - PreSaveFile = new java.io.File(((pathPrefix + java.lang.Integer.toString(counter)) + .png)): null

2018-11-09 12:20:38 - [TEST_STEP][PASSED] - Statement - counter = counter + 1: null

2018-11-09 12:20:38 - [TEST_STEP][PASSED] - Statement - PreSaveFile = new java.io.File(((pathPrefix + java.lang.Integer.toString(counter)) + .png)): null

2018-11-09 12:20:38 - [TEST_STEP][PASSED] - Statement - counter = counter + 1: null

2018-11-09 12:20:38 - [TEST_STEP][PASSED] - Statement - PreSaveFile = new java.io.File(((pathPrefix + java.lang.Integer.toString(counter)) + .png)): null

2018-11-09 12:20:38 - [TEST_STEP][PASSED] - Statement - counter = counter + 1: null

2018-11-09 12:20:38 - [TEST_STEP][PASSED] - Statement - PreSaveFile = new java.io.File(((pathPrefix + java.lang.Integer.toString(counter)) + .png)): null

2018-11-09 12:20:38 - [TEST_STEP][PASSED] - Statement - counter = counter + 1: null

2018-11-09 12:20:38 - [TEST_STEP][PASSED] - Statement - PreSaveFile = new java.io.File(((pathPrefix + java.lang.Integer.toString(counter)) + .png)): null

2018-11-09 12:20:38 - [TEST_STEP][PASSED] - Statement - counter = counter + 1: null

2018-11-09 12:20:38 - [TEST_STEP][PASSED] - Statement - PreSaveFile = new java.io.File(((pathPrefix + java.lang.Integer.toString(counter)) + .png)): null

2018-11-09 12:20:38 - [TEST_STEP][PASSED] - Statement - counter = counter + 1: null

2018-11-09 12:20:38 - [TEST_STEP][PASSED] - Statement - PreSaveFile = new java.io.File(((pathPrefix + java.lang.Integer.toString(counter)) + .png)): null

2018-11-09 12:20:38 - [TEST_STEP][PASSED] - Statement - counter = counter + 1: null

2018-11-09 12:20:39 - [TEST_STEP][PASSED] - Statement - PreSaveFile = new java.io.File(((pathPrefix + java.lang.Integer.toString(counter)) + .png)): null

2018-11-09 12:20:39 - [TEST_STEP][PASSED] - Statement - counter = counter + 1: null

2018-11-09 12:20:39 - [TEST_STEP][PASSED] - Statement - PreSaveFile = new java.io.File(((pathPrefix + java.lang.Integer.toString(counter)) + .png)): null

2018-11-09 12:20:39 - [TEST_STEP][PASSED] - Statement - counter = counter + 1: null

2018-11-09 12:20:39 - [TEST_STEP][PASSED] - Statement - PreSaveFile = new java.io.File(((pathPrefix + java.lang.Integer.toString(counter)) + .png)): null

2018-11-09 12:20:39 - [TEST_STEP][PASSED] - Statement - counter = counter + 1: null

2018-11-09 12:20:39 - [TEST_STEP][PASSED] - Statement - PreSaveFile = new java.io.File(((pathPrefix + java.lang.Integer.toString(counter)) + .png)): null

2018-11-09 12:20:39 - [TEST_STEP][PASSED] - Statement - counter = counter + 1: null

2018-11-09 12:20:39 - [TEST_STEP][PASSED] - Statement - PreSaveFile = new java.io.File(((pathPrefix + java.lang.Integer.toString(counter)) + .png)): null

2018-11-09 12:20:39 - [TEST_STEP][PASSED] - Statement - counter = counter + 1: null

2018-11-09 12:20:40 - [TEST_STEP][PASSED] - Statement - PreSaveFile = new java.io.File(((pathPrefix + java.lang.Integer.toString(counter)) + .png)): null

2018-11-09 12:20:40 - [TEST_STEP][PASSED] - Statement - counter = counter + 1: null

2018-11-09 12:20:40 - [TEST_STEP][PASSED] - Statement - PreSaveFile = new java.io.File(((pathPrefix + java.lang.Integer.toString(counter)) + .png)): null

2018-11-09 12:20:40 - [TEST_STEP][PASSED] - Statement - counter = counter + 1: null

2018-11-09 12:20:40 - [TEST_STEP][PASSED] - Statement - PreSaveFile = new java.io.File(((pathPrefix + java.lang.Integer.toString(counter)) + .png)): null

2018-11-09 12:20:40 - [TEST_STEP][PASSED] - Statement - counter = counter + 1: null

2018-11-09 12:20:40 - [TEST_STEP][PASSED] - Statement - PreSaveFile = new java.io.File(((pathPrefix + java.lang.Integer.toString(counter)) + .png)): null

2018-11-09 12:20:40 - [TEST_STEP][PASSED] - Statement - counter = counter + 1: null

2018-11-09 12:20:40 - [TEST_STEP][PASSED] - Statement - PreSaveFile = new java.io.File(((pathPrefix + java.lang.Integer.toString(counter)) + .png)): null

2018-11-09 12:20:40 - [TEST_STEP][PASSED] - Statement - counter = counter + 1: null

2018-11-09 12:20:40 - [TEST_STEP][PASSED] - Statement - PreSaveFile = new java.io.File(((pathPrefix + java.lang.Integer.toString(counter)) + .png)): null

2018-11-09 12:20:40 - [TEST_STEP][PASSED] - Statement - counter = counter + 1: null

2018-11-09 12:20:40 - [TEST_STEP][PASSED] - Statement - PreSaveFile = new java.io.File(((pathPrefix + java.lang.Integer.toString(counter)) + .png)): null

2018-11-09 12:20:40 - [TEST_STEP][PASSED] - Statement - counter = counter + 1: null

2018-11-09 12:20:40 - [TEST_STEP][PASSED] - Statement - PreSaveFile = new java.io.File(((pathPrefix + java.lang.Integer.toString(counter)) + .png)): null

2018-11-09 12:20:40 - [TEST_STEP][PASSED] - Statement - counter = counter + 1: null

2018-11-09 12:20:40 - [TEST_STEP][PASSED] - Statement - PreSaveFile = new java.io.File(((pathPrefix + java.lang.Integer.toString(counter)) + .png)): null

2018-11-09 12:20:40 - [TEST_STEP][PASSED] - Statement - counter = counter + 1: null

2018-11-09 12:20:40 - [TEST_STEP][PASSED] - Statement - PreSaveFile = new java.io.File(((pathPrefix + java.lang.Integer.toString(counter)) + .png)): null

2018-11-09 12:20:40 - [TEST_STEP][PASSED] - Statement - counter = counter + 1: null

2018-11-09 12:20:40 - [TEST_STEP][PASSED] - Statement - PreSaveFile = new java.io.File(((pathPrefix + java.lang.Integer.toString(counter)) + .png)): null

2018-11-09 12:20:40 - [TEST_STEP][PASSED] - Statement - counter = counter + 1: null

2018-11-09 12:20:40 - [TEST_STEP][PASSED] - Statement - PreSaveFile = new java.io.File(((pathPrefix + java.lang.Integer.toString(counter)) + .png)): null

2018-11-09 12:20:41 - [TEST_STEP][PASSED] - Statement - counter = counter + 1: null

2018-11-09 12:20:41 - [TEST_STEP][PASSED] - Statement - PreSaveFile = new java.io.File(((pathPrefix + java.lang.Integer.toString(counter)) + .png)): null

2018-11-09 12:20:41 - [TEST_STEP][PASSED] - Statement - counter = counter + 1: null

2018-11-09 12:20:41 - [TEST_STEP][PASSED] - Statement - PreSaveFile = new java.io.File(((pathPrefix + java.lang.Integer.toString(counter)) + .png)): null

2018-11-09 12:20:41 - [TEST_STEP][PASSED] - Statement - counter = counter + 1: null

2018-11-09 12:20:41 - [TEST_STEP][PASSED] - Statement - PreSaveFile = new java.io.File(((pathPrefix + java.lang.Integer.toString(counter)) + .png)): null

2018-11-09 12:20:41 - [TEST_STEP][PASSED] - Statement - counter = counter + 1: null

2018-11-09 12:20:41 - [TEST_STEP][PASSED] - Statement - PreSaveFile = new java.io.File(((pathPrefix + java.lang.Integer.toString(counter)) + .png)): null

2018-11-09 12:20:41 - [TEST_STEP][PASSED] - Statement - counter = counter + 1: null

2018-11-09 12:20:42 - [TEST_STEP][PASSED] - Statement - PreSaveFile = new java.io.File(((pathPrefix + java.lang.Integer.toString(counter)) + .png)): null

2018-11-09 12:20:42 - [TEST_STEP][PASSED] - Statement - counter = counter + 1: null

2018-11-09 12:20:42 - [TEST_STEP][PASSED] - Statement - PreSaveFile = new java.io.File(((pathPrefix + java.lang.Integer.toString(counter)) + .png)): null

2018-11-09 12:20:42 - [TEST_STEP][PASSED] - Statement - counter = counter + 1: null

2018-11-09 12:20:42 - [TEST_STEP][PASSED] - Statement - PreSaveFile = new java.io.File(((pathPrefix + java.lang.Integer.toString(counter)) + .png)): null

2018-11-09 12:20:42 - [TEST_STEP][PASSED] - Statement - counter = counter + 1: null

2018-11-09 12:20:42 - [TEST_STEP][PASSED] - Statement - PreSaveFile = new java.io.File(((pathPrefix + java.lang.Integer.toString(counter)) + .png)): null

2018-11-09 12:20:42 - [TEST_STEP][PASSED] - Statement - counter = counter + 1: null

2018-11-09 12:20:42 - [TEST_STEP][PASSED] - Statement - PreSaveFile = new java.io.File(((pathPrefix + java.lang.Integer.toString(counter)) + .png)): null

2018-11-09 12:20:42 - [TEST_STEP][PASSED] - Statement - counter = counter + 1: null

2018-11-09 12:20:42 - [TEST_STEP][PASSED] - Statement - PreSaveFile = new java.io.File(((pathPrefix + java.lang.Integer.toString(counter)) + .png)): null

2018-11-09 12:20:42 - [TEST_STEP][PASSED] - Statement - counter = counter + 1: null

2018-11-09 12:20:42 - [TEST_STEP][PASSED] - Statement - PreSaveFile = new java.io.File(((pathPrefix + java.lang.Integer.toString(counter)) + .png)): null

2018-11-09 12:20:42 - [TEST_STEP][PASSED] - Statement - counter = counter + 1: null

2018-11-09 12:20:42 - [TEST_STEP][PASSED] - Statement - PreSaveFile = new java.io.File(((pathPrefix + java.lang.Integer.toString(counter)) + .png)): null

2018-11-09 12:20:42 - [TEST_STEP][PASSED] - Statement - counter = counter + 1: null

2018-11-09 12:20:42 - [TEST_STEP][PASSED] - Statement - PreSaveFile = new java.io.File(((pathPrefix + java.lang.Integer.toString(counter)) + .png)): null

2018-11-09 12:20:42 - [TEST_STEP][PASSED] - Statement - counter = counter + 1: null

2018-11-09 12:20:42 - [TEST_STEP][PASSED] - Statement - PreSaveFile = new java.io.File(((pathPrefix + java.lang.Integer.toString(counter)) + .png)): null

2018-11-09 12:20:42 - [TEST_STEP][PASSED] - Statement - counter = counter + 1: null

2018-11-09 12:20:42 - [TEST_STEP][PASSED] - Statement - PreSaveFile = new java.io.File(((pathPrefix + java.lang.Integer.toString(counter)) + .png)): null

2018-11-09 12:20:43 - [TEST_STEP][PASSED] - Statement - counter = counter + 1: null

2018-11-09 12:20:43 - [TEST_STEP][PASSED] - Statement - PreSaveFile = new java.io.File(((pathPrefix + java.lang.Integer.toString(counter)) + .png)): null

2018-11-09 12:20:43 - [TEST_STEP][PASSED] - Statement - counter = counter + 1: null

2018-11-09 12:20:43 - [TEST_STEP][PASSED] - Statement - PreSaveFile = new java.io.File(((pathPrefix + java.lang.Integer.toString(counter)) + .png)): null

2018-11-09 12:20:43 - [TEST_STEP][PASSED] - Statement - counter = counter + 1: null

2018-11-09 12:20:43 - [TEST_STEP][PASSED] - Statement - PreSaveFile = new java.io.File(((pathPrefix + java.lang.Integer.toString(counter)) + .png)): null

2018-11-09 12:20:43 - [TEST_STEP][PASSED] - Statement - counter = counter + 1: null

2018-11-09 12:20:43 - [TEST_STEP][PASSED] - Statement - PreSaveFile = new java.io.File(((pathPrefix + java.lang.Integer.toString(counter)) + .png)): null

2018-11-09 12:20:43 - [TEST_STEP][PASSED] - Statement - counter = counter + 1: null

2018-11-09 12:20:43 - [TEST_STEP][PASSED] - Statement - PreSaveFile = new java.io.File(((pathPrefix + java.lang.Integer.toString(counter)) + .png)): null

2018-11-09 12:20:43 - [TEST_STEP][PASSED] - Statement - counter = counter + 1: null

2018-11-09 12:20:43 - [TEST_STEP][PASSED] - Statement - PreSaveFile = new java.io.File(((pathPrefix + java.lang.Integer.toString(counter)) + .png)): null

2018-11-09 12:20:44 - [TEST_STEP][PASSED] - Statement - counter = counter + 1: null

2018-11-09 12:20:44 - [TEST_STEP][PASSED] - Statement - PreSaveFile = new java.io.File(((pathPrefix + java.lang.Integer.toString(counter)) + .png)): null

2018-11-09 12:20:44 - [TEST_STEP][PASSED] - Statement - counter = counter + 1: null

2018-11-09 12:20:44 - [TEST_STEP][PASSED] - Statement - PreSaveFile = new java.io.File(((pathPrefix + java.lang.Integer.toString(counter)) + .png)): null

2018-11-09 12:20:44 - [TEST_STEP][PASSED] - Statement - counter = counter + 1: null

2018-11-09 12:20:44 - [TEST_STEP][PASSED] - Statement - PreSaveFile = new java.io.File(((pathPrefix + java.lang.Integer.toString(counter)) + .png)): null

2018-11-09 12:20:44 - [TEST_STEP][PASSED] - Statement - counter = counter + 1: null

2018-11-09 12:20:44 - [TEST_STEP][PASSED] - Statement - PreSaveFile = new java.io.File(((pathPrefix + java.lang.Integer.toString(counter)) + .png)): null

2018-11-09 12:20:44 - [TEST_STEP][PASSED] - Statement - counter = counter + 1: null

2018-11-09 12:20:44 - [TEST_STEP][PASSED] - Statement - PreSaveFile = new java.io.File(((pathPrefix + java.lang.Integer.toString(counter)) + .png)): null

2018-11-09 12:20:44 - [TEST_STEP][PASSED] - Statement - counter = counter + 1: null

2018-11-09 12:20:44 - [TEST_STEP][PASSED] - Statement - PreSaveFile = new java.io.File(((pathPrefix + java.lang.Integer.toString(counter)) + .png)): null

2018-11-09 12:20:44 - [TEST_STEP][PASSED] - Statement - counter = counter + 1: null

2018-11-09 12:20:44 - [TEST_STEP][PASSED] - Statement - PreSaveFile = new java.io.File(((pathPrefix + java.lang.Integer.toString(counter)) + .png)): null

2018-11-09 12:20:44 - [TEST_STEP][PASSED] - Statement - counter = counter + 1: null

2018-11-09 12:20:44 - [TEST_STEP][PASSED] - Statement - PreSaveFile = new java.io.File(((pathPrefix + java.lang.Integer.toString(counter)) + .png)): null

2018-11-09 12:20:44 - [TEST_STEP][PASSED] - Statement - counter = counter + 1: null

2018-11-09 12:20:44 - [TEST_STEP][PASSED] - Statement - PreSaveFile = new java.io.File(((pathPrefix + java.lang.Integer.toString(counter)) + .png)): null

2018-11-09 12:20:44 - [TEST_STEP][PASSED] - Statement - counter = counter + 1: null

2018-11-09 12:20:44 - [TEST_STEP][PASSED] - Statement - PreSaveFile = new java.io.File(((pathPrefix + java.lang.Integer.toString(counter)) + .png)): null

2018-11-09 12:20:45 - [TEST_STEP][PASSED] - Statement - counter = counter + 1: null

2018-11-09 12:20:45 - [TEST_STEP][PASSED] - Statement - PreSaveFile = new java.io.File(((pathPrefix + java.lang.Integer.toString(counter)) + .png)): null

2018-11-09 12:20:45 - [TEST_STEP][PASSED] - Statement - counter = counter + 1: null

2018-11-09 12:20:45 - [TEST_STEP][PASSED] - Statement - PreSaveFile = new java.io.File(((pathPrefix + java.lang.Integer.toString(counter)) + .png)): null

2018-11-09 12:20:45 - [TEST_STEP][PASSED] - Statement - counter = counter + 1: null

2018-11-09 12:20:45 - [TEST_STEP][PASSED] - Statement - PreSaveFile = new java.io.File(((pathPrefix + java.lang.Integer.toString(counter)) + .png)): null

2018-11-09 12:20:45 - [TEST_STEP][PASSED] - Statement - finalPath = pathPrefix + java.lang.Integer.toString(counter) + ".png": null

2018-11-09 12:20:45 - [TEST_STEP][PASSED] - Statement - SaveFile = new java.io.File(finalPath): null

2018-11-09 12:20:45 - [TEST_STEP][PASSED] - Statement - Try: null

2018-11-09 12:20:46 - [TEST_STEP][PASSED] - Statement - org.apache.commons.io.FileUtils.copyFile(scrFile, SaveFile): null

2018-11-09 12:20:46 - [TEST_STEP][PASSED] - Statement - out.println("file kept"): null

2018-11-09 12:20:46 - [TEST_STEP][PASSED] - delay: Delayed 10 second(s)

2018-11-09 12:20:56 - [MESSAGE][PASSED] - Delayed 10 second(s)

2018-11-09 12:20:56 - [MESSAGE][PASSED] - Call Test Case 'Test Cases/Final Aug 2018 - PKS Automation/Registration Module/New Registration/Submit and Screenshot/Submit Registration and Screenshot - Copy' successfully

2018-11-09 12:20:56 - [TEST_STEP][PASSED] - Statement - UpdateAddNewECode = com.kms.katalon.core.webui.keyword.WebUiBuiltInKeywords.getText(com.kms.katalon.core.testobject.ObjectRepository.findTestObject(Object Repository/Final Object Repo/Page_Update Add New Employee - ASSIST/getEmpCode)): Text of object 'Object Repository/Final Object Repo/Page_Update Add New Employee - ASSIST/getEmpCode' is: 'E1102070166X'

2018-11-09 12:20:56 - [MESSAGE][PASSED] - Text of object 'Object Repository/Final Object Repo/Page_Update Add New Employee - ASSIST/getEmpCode' is: 'E1102070166X'

2018-11-09 12:20:56 - [TEST_STEP][PASSED] - callTestCase: Call Test Case 'Test Cases/Final Aug 2018 - PKS Automation/Common/Emp Code Setter' successfully

2018-11-09 12:20:56 - [TEST_CASE][PASSED] - Test Cases/Final Aug 2018 - PKS Automation/Common/Emp Code Setter: Test Cases/Final Aug 2018 - PKS Automation/Common/Emp Code Setter

2018-11-09 12:20:56 - [TEST_STEP][PASSED] - Statement - EmpCodeOld = new java.io.File(C://EmpCode.txt): null

2018-11-09 12:20:56 - [TEST_STEP][PASSED] - Statement - EmpCodeOld.delete(): null

2018-11-09 12:20:56 - [TEST_STEP][PASSED] - Statement - EmpCode = new java.io.File(C://EmpCode.txt): null

2018-11-09 12:20:56 - [TEST_STEP][PASSED] - Statement - EmpCode.append(UpdateAddNewECode): null

2018-11-09 12:20:56 - [TEST_STEP][PASSED] - Statement - out.println("


" + UpdateAddNewECode + "


"): null

2018-11-09 12:20:56 - [MESSAGE][PASSED] - Call Test Case 'Test Cases/Final Aug 2018 - PKS Automation/Common/Emp Code Setter' successfully

2018-11-09 12:20:56 - [MESSAGE][PASSED] - Call Test Case 'Test Cases/Final Aug 2018 - PKS Automation/Registration Module/Workflow/Update Add New Employee/Template/New Company for Update Add New - Employer' successfully

2018-11-09 12:20:56 - [TEST_STEP][PASSED] - callTestCase: Call Test Case 'Test Cases/Final Aug 2018 - PKS Automation/Create Employer Acc/Login to Employer Account (Second time)' successfully

2018-11-09 12:20:56 - [TEST_CASE][PASSED] - Test Cases/Final Aug 2018 - PKS Automation/Create Employer Acc/Login to Employer Account (Second time): Test Cases/Final Aug 2018 - PKS Automation/Create Employer Acc/Login to Employer Account (Second time)

2018-11-09 12:20:56 - [TEST_STEP][PASSED] - openBrowser: Browser is opened with url: ''

2018-11-09 12:20:56 - [MESSAGE][WARNING] - A browser is already opened. Closing browser and opening a new one

2018-11-09 12:21:01 - [MESSAGE][PASSED] - Browser is opened with url: ''

2018-11-09 12:21:01 - [TEST_STEP][PASSED] - navigateToUrl: Navigate to 'https://assist2-uat.perkeso.gov.my/employer/login' successfully

2018-11-09 12:21:04 - [MESSAGE][PASSED] - Navigate to 'https://assist2-uat.perkeso.gov.my/employer/login' successfully

2018-11-09 12:21:04 - [TEST_STEP][PASSED] - delay: Delayed 3 second(s)

2018-11-09 12:21:07 - [MESSAGE][PASSED] - Delayed 3 second(s)

2018-11-09 12:21:07 - [TEST_STEP][PASSED] - callTestCase: Call Test Case 'Test Cases/Final Aug 2018 - PKS Automation/Create Employer Acc/Template/Employer Email Getter' successfully

2018-11-09 12:21:07 - [TEST_CASE][PASSED] - Test Cases/Final Aug 2018 - PKS Automation/Create Employer Acc/Template/Employer Email Getter: Test Cases/Final Aug 2018 - PKS Automation/Create Employer Acc/Template/Employer Email Getter

2018-11-09 12:21:07 - [TEST_STEP][PASSED] - Statement - Try: null

2018-11-09 12:21:07 - [TEST_STEP][PASSED] - Statement - EmpEmail = new java.io.File(C://EmpEmail.txt): null

2018-11-09 12:21:07 - [TEST_STEP][PASSED] - Statement - bufferread = new java.io.BufferedReader(new java.io.FileReader(EmpEmail)): null

2018-11-09 12:21:07 - [TEST_STEP][PASSED] - Statement - readedVal = bufferread.readLine(): null

2018-11-09 12:21:07 - [TEST_STEP][PASSED] - Statement - out.println(readedVal): null

2018-11-09 12:21:07 - [TEST_STEP][PASSED] - Statement - Email = readedVal: null

2018-11-09 12:21:07 - [MESSAGE][PASSED] - Call Test Case 'Test Cases/Final Aug 2018 - PKS Automation/Create Employer Acc/Template/Employer Email Getter' successfully

2018-11-09 12:21:07 - [TEST_STEP][PASSED] - setText: Text 'perkeso708201449197@gmail.com' is set on object 'Object Repository/Final Object Repo/Login Page/External Login Page/Email'

2018-11-09 12:21:07 - [MESSAGE][PASSED] - Text 'perkeso708201449197@gmail.com' is set on object 'Object Repository/Final Object Repo/Login Page/External Login Page/Email'

2018-11-09 12:21:07 - [TEST_STEP][PASSED] - click: Object: 'Object Repository/Final Object Repo/Login Page/External Login Page/Next' is clicked on

2018-11-09 12:21:07 - [MESSAGE][PASSED] - Object: 'Object Repository/Final Object Repo/Login Page/External Login Page/Next' is clicked on

2018-11-09 12:21:07 - [TEST_STEP][PASSED] - delay: Delayed 3 second(s)

2018-11-09 12:21:10 - [MESSAGE][PASSED] - Delayed 3 second(s)

2018-11-09 12:21:10 - [TEST_STEP][PASSED] - setEncryptedText: Text ****** has been set on object 'Object Repository/Final Object Repo/Login Page/External Login Page/Password'

2018-11-09 12:21:10 - [MESSAGE][PASSED] - Text ****** has been set on object 'Object Repository/Final Object Repo/Login Page/External Login Page/Password'

2018-11-09 12:21:10 - [TEST_STEP][PASSED] - click: Object: 'Object Repository/Final Object Repo/Login Page/External Login Page/Login' is clicked on

2018-11-09 12:21:18 - [MESSAGE][PASSED] - Object: 'Object Repository/Final Object Repo/Login Page/External Login Page/Login' is clicked on

2018-11-09 12:21:18 - [TEST_STEP][PASSED] - delay: Delayed 5 second(s)

2018-11-09 12:21:23 - [MESSAGE][PASSED] - Delayed 5 second(s)

2018-11-09 12:21:23 - [MESSAGE][PASSED] - Call Test Case 'Test Cases/Final Aug 2018 - PKS Automation/Create Employer Acc/Login to Employer Account (Second time)' successfully

2018-11-09 12:21:23 - [TEST_STEP][PASSED] - navigateToUrl: Navigate to 'https://assist2-uat.perkeso.gov.my/web/registration/update/form-1a-cessation-as-employer-discontinue-business-' successfully

2018-11-09 12:21:24 - [MESSAGE][PASSED] - Navigate to 'https://assist2-uat.perkeso.gov.my/web/registration/update/form-1a-cessation-as-employer-discontinue-business-' successfully

2018-11-09 12:21:24 - [TEST_STEP][PASSED] - callTestCase: Call Test Case 'Test Cases/Final Aug 2018 - PKS Automation/Common/Emp Code Getter' successfully

2018-11-09 12:21:24 - [TEST_CASE][PASSED] - Test Cases/Final Aug 2018 - PKS Automation/Common/Emp Code Getter: Test Cases/Final Aug 2018 - PKS Automation/Common/Emp Code Getter

2018-11-09 12:21:24 - [TEST_STEP][PASSED] - Statement - Try: null

2018-11-09 12:21:24 - [TEST_STEP][PASSED] - Statement - EmpCode = new java.io.File(C://EmpCode.txt): null

2018-11-09 12:21:24 - [TEST_STEP][PASSED] - Statement - bufferread = new java.io.BufferedReader(new java.io.FileReader(EmpCode)): null

2018-11-09 12:21:24 - [TEST_STEP][PASSED] - Statement - readedVal = bufferread.readLine(): null

2018-11-09 12:21:24 - [TEST_STEP][PASSED] - Statement - out.println(readedVal): null

2018-11-09 12:21:24 - [TEST_STEP][PASSED] - Statement - UpdateAddNewECode = readedVal: null

2018-11-09 12:21:24 - [MESSAGE][PASSED] - Call Test Case 'Test Cases/Final Aug 2018 - PKS Automation/Common/Emp Code Getter' successfully

2018-11-09 12:21:24 - [TEST_STEP][PASSED] - setText: Text 'E1102070166X' is set on object 'Object Repository/Final Object Repo/Page_Update Employer Information/Employer Code'

2018-11-09 12:21:25 - [MESSAGE][PASSED] - Text 'E1102070166X' is set on object 'Object Repository/Final Object Repo/Page_Update Employer Information/Employer Code'

2018-11-09 12:21:25 - [TEST_STEP][PASSED] - click: Object: 'Object Repository/Final Object Repo/Page_Update Employer Information/Search Button' is clicked on

2018-11-09 12:21:26 - [MESSAGE][PASSED] - Object: 'Object Repository/Final Object Repo/Page_Update Employer Information/Search Button' is clicked on

2018-11-09 12:21:26 - [TEST_STEP][PASSED] - click: Object: 'Object Repository/Final Object Repo/Page_Update Employer Information/Edit Button' is clicked on

2018-11-09 12:21:28 - [MESSAGE][PASSED] - Object: 'Object Repository/Final Object Repo/Page_Update Employer Information/Edit Button' is clicked on

2018-11-09 12:21:28 - [TEST_STEP][PASSED] - Statement - abc = com.kms.katalon.core.webui.keyword.WebUiBuiltInKeywords.getAttribute(com.kms.katalon.core.testobject.ObjectRepository.findTestObject(Final Object Repo/Page_Form 1A - Cessation As Employer/Employer Status), "value"): Attribute 'value' of object 'Object Repository/Final Object Repo/Page_Form 1A - Cessation As Employer/Employer Status' is: 'Active'

2018-11-09 12:21:28 - [MESSAGE][PASSED] - Attribute 'value' of object 'Object Repository/Final Object Repo/Page_Form 1A - Cessation As Employer/Employer Status' is: 'Active'

2018-11-09 12:21:28 - [TEST_STEP][PASSED] - Statement - out.println(abc): null

2018-11-09 12:21:28 - [TEST_STEP][PASSED] - Statement - If (abc == "Active"): Object: 'Object Repository/Final Object Repo/Page_Form 1A - Cessation As Employer/Change Employer Status to - Dormant' is clicked on

2018-11-09 12:21:28 - [TEST_STEP][PASSED] - click: Object: 'Object Repository/Final Object Repo/Page_Form 1A - Cessation As Employer/Change Employer Status to' is clicked on

2018-11-09 12:21:29 - [MESSAGE][PASSED] - Object: 'Object Repository/Final Object Repo/Page_Form 1A - Cessation As Employer/Change Employer Status to' is clicked on

2018-11-09 12:21:29 - [TEST_STEP][PASSED] - click: Object: 'Object Repository/Final Object Repo/Page_Form 1A - Cessation As Employer/Change Employer Status to - Dormant' is clicked on

2018-11-09 12:21:29 - [MESSAGE][PASSED] - Object: 'Object Repository/Final Object Repo/Page_Form 1A - Cessation As Employer/Change Employer Status to - Dormant' is clicked on

2018-11-09 12:21:29 - [TEST_STEP][PASSED] - click: Object: 'Object Repository/Final Object Repo/Page_Form 1A - Cessation As Employer/Calender' is clicked on

2018-11-09 12:21:30 - [MESSAGE][PASSED] - Object: 'Object Repository/Final Object Repo/Page_Form 1A - Cessation As Employer/Calender' is clicked on

2018-11-09 12:21:30 - [TEST_STEP][PASSED] - click: Object: 'Object Repository/Final Object Repo/Page_Form 1A - Cessation As Employer/Calender - Date' is clicked on

2018-11-09 12:21:31 - [MESSAGE][PASSED] - Object: 'Object Repository/Final Object Repo/Page_Form 1A - Cessation As Employer/Calender - Date' is clicked on

2018-11-09 12:21:31 - [TEST_STEP][PASSED] - delay: Delayed 2 second(s)

2018-11-09 12:21:33 - [MESSAGE][PASSED] - Delayed 2 second(s)

2018-11-09 12:21:33 - [TEST_STEP][PASSED] - click: Object: 'Object Repository/Final Object Repo/Page_Form 1A - Cessation As Employer/Save  Continue in Form 1A Page' is clicked on

2018-11-09 12:21:36 - [MESSAGE][PASSED] - Object: 'Object Repository/Final Object Repo/Page_Form 1A - Cessation As Employer/Save  Continue in Form 1A Page' is clicked on

2018-11-09 12:21:36 - [TEST_STEP][PASSED] - delay: Delayed 2 second(s)

2018-11-09 12:21:38 - [MESSAGE][PASSED] - Delayed 2 second(s)

2018-11-09 12:21:38 - [TEST_STEP][PASSED] - click: Object: 'Object Repository/Final Object Repo/Page_Form 1A - Cessation As Employer/Employment Resign Date' is clicked on

2018-11-09 12:21:39 - [MESSAGE][PASSED] - Object: 'Object Repository/Final Object Repo/Page_Form 1A - Cessation As Employer/Employment Resign Date' is clicked on

2018-11-09 12:21:39 - [TEST_STEP][PASSED] - delay: Delayed 1 second(s)

2018-11-09 12:21:40 - [MESSAGE][PASSED] - Delayed 1 second(s)

2018-11-09 12:21:40 - [TEST_STEP][PASSED] - Statement - CaseReferenceNo = com.kms.katalon.core.webui.keyword.WebUiBuiltInKeywords.getText(com.kms.katalon.core.testobject.ObjectRepository.findTestObject(Final Object Repo/Page_Update Employer Information/Reference Number in Update Employee Information Page)): Text of object 'Object Repository/Final Object Repo/Page_Update Employer Information/Reference Number in Update Employee Information Page' is: 'CUN112018C200001534'

2018-11-09 12:21:40 - [MESSAGE][PASSED] - Text of object 'Object Repository/Final Object Repo/Page_Update Employer Information/Reference Number in Update Employee Information Page' is: 'CUN112018C200001534'

2018-11-09 12:21:40 - [TEST_STEP][PASSED] - callTestCase: Call Test Case 'Test Cases/Final Aug 2018 - PKS Automation/Common/Reference Number Setter' successfully

2018-11-09 12:21:40 - [TEST_CASE][PASSED] - Test Cases/Final Aug 2018 - PKS Automation/Common/Reference Number Setter: Test Cases/Final Aug 2018 - PKS Automation/Common/Reference Number Setter

2018-11-09 12:21:40 - [TEST_STEP][PASSED] - Statement - RefNoOldFile = new java.io.File(C://KatalonReference.txt): null

2018-11-09 12:21:40 - [TEST_STEP][PASSED] - Statement - RefNoOldFile.delete(): null

2018-11-09 12:21:40 - [TEST_STEP][PASSED] - Statement - RefNo = new java.io.File(C://KatalonReference.txt): null

2018-11-09 12:21:40 - [TEST_STEP][PASSED] - Statement - RefNo.append(CaseReferenceNo): null

2018-11-09 12:21:40 - [TEST_STEP][PASSED] - Statement - out.println("


" + CaseReferenceNo + "


"): null

2018-11-09 12:21:40 - [MESSAGE][PASSED] - Call Test Case 'Test Cases/Final Aug 2018 - PKS Automation/Common/Reference Number Setter' successfully

2018-11-09 12:21:40 - [TEST_STEP][PASSED] - selectOptionByValue: All options with value '2030' are selected in object 'Object Repository/Final Object Repo/Page_Form 1A - Cessation As Employer/Employment Resign Date - Year' 

2018-11-09 12:21:40 - [MESSAGE][PASSED] - All options with value '2030' are selected in object 'Object Repository/Final Object Repo/Page_Form 1A - Cessation As Employer/Employment Resign Date - Year' 

2018-11-09 12:21:40 - [TEST_STEP][PASSED] - delay: Delayed 1 second(s)

2018-11-09 12:21:41 - [MESSAGE][PASSED] - Delayed 1 second(s)

2018-11-09 12:21:41 - [TEST_STEP][PASSED] - click: Object: 'Object Repository/Final Object Repo/Page_Form 1A - Cessation As Employer/Employment Resign Date - Year - Date' is clicked on

2018-11-09 12:21:42 - [MESSAGE][PASSED] - Object: 'Object Repository/Final Object Repo/Page_Form 1A - Cessation As Employer/Employment Resign Date - Year - Date' is clicked on

2018-11-09 12:21:42 - [TEST_STEP][PASSED] - delay: Delayed 2 second(s)

2018-11-09 12:21:44 - [MESSAGE][PASSED] - Delayed 2 second(s)

2018-11-09 12:21:44 - [TEST_STEP][PASSED] - click: Object: 'Object Repository/Final Object Repo/Page_Form 1A - Cessation As Employer/Save  Continue in Update Add Employee Resigned Date Page' is clicked on

2018-11-09 12:21:48 - [MESSAGE][PASSED] - Object: 'Object Repository/Final Object Repo/Page_Form 1A - Cessation As Employer/Save  Continue in Update Add Employee Resigned Date Page' is clicked on

2018-11-09 12:21:48 - [TEST_STEP][PASSED] - delay: Delayed 2 second(s)

2018-11-09 12:21:50 - [MESSAGE][PASSED] - Delayed 2 second(s)

2018-11-09 12:21:50 - [TEST_STEP][PASSED] - click: Object: 'Object Repository/Final Object Repo/Page_Form 1A - Cessation As Employer/Add Document' is clicked on

2018-11-09 12:21:50 - [MESSAGE][PASSED] - Object: 'Object Repository/Final Object Repo/Page_Form 1A - Cessation As Employer/Add Document' is clicked on

2018-11-09 12:21:50 - [TEST_STEP][PASSED] - delay: Delayed 2 second(s)

2018-11-09 12:21:52 - [MESSAGE][PASSED] - Delayed 2 second(s)

2018-11-09 12:21:52 - [TEST_STEP][PASSED] - click: Object: 'Object Repository/Final Object Repo/Page_Form 1A - Cessation As Employer/Document Type' is clicked on

2018-11-09 12:21:53 - [MESSAGE][PASSED] - Object: 'Object Repository/Final Object Repo/Page_Form 1A - Cessation As Employer/Document Type' is clicked on

2018-11-09 12:21:53 - [TEST_STEP][PASSED] - delay: Delayed 2 second(s)

2018-11-09 12:21:55 - [MESSAGE][PASSED] - Delayed 2 second(s)

2018-11-09 12:21:55 - [TEST_STEP][PASSED] - click: Object: 'Object Repository/Final Object Repo/Page_Form 1A - Cessation As Employer/Document Type - Supporting Document For Cessation' is clicked on

2018-11-09 12:21:56 - [MESSAGE][PASSED] - Object: 'Object Repository/Final Object Repo/Page_Form 1A - Cessation As Employer/Document Type - Supporting Document For Cessation' is clicked on

2018-11-09 12:21:56 - [TEST_STEP][PASSED] - delay: Delayed 2 second(s)

2018-11-09 12:21:58 - [MESSAGE][PASSED] - Delayed 2 second(s)

2018-11-09 12:21:58 - [TEST_STEP][PASSED] - sendKeys: Keys 'C:\Users\Public\Pictures\Sample Pictures\Act.jpg' sent to object: 'Object Repository/Final Object Repo/Page_Form 1A - Cessation As Employer/Uploading File'

2018-11-09 12:21:58 - [MESSAGE][PASSED] - Keys 'C:\Users\Public\Pictures\Sample Pictures\Act.jpg' sent to object: 'Object Repository/Final Object Repo/Page_Form 1A - Cessation As Employer/Uploading File'

2018-11-09 12:21:58 - [TEST_STEP][PASSED] - delay: Delayed 2 second(s)

2018-11-09 12:22:00 - [MESSAGE][PASSED] - Delayed 2 second(s)

2018-11-09 12:22:00 - [TEST_STEP][PASSED] - click: Object: 'Object Repository/Final Object Repo/Page_Form 1A - Cessation As Employer/Add Document in Uploading Page' is clicked on

2018-11-09 12:22:05 - [MESSAGE][PASSED] - Object: 'Object Repository/Final Object Repo/Page_Form 1A - Cessation As Employer/Add Document in Uploading Page' is clicked on

2018-11-09 12:22:05 - [TEST_STEP][PASSED] - delay: Delayed 2 second(s)

2018-11-09 12:22:07 - [MESSAGE][PASSED] - Delayed 2 second(s)

2018-11-09 12:22:07 - [TEST_STEP][PASSED] - click: Object: 'Object Repository/Final Object Repo/Page_Form 1A - Cessation As Employer/Save  Continue in Uploading Page' is clicked on

2018-11-09 12:22:13 - [MESSAGE][PASSED] - Object: 'Object Repository/Final Object Repo/Page_Form 1A - Cessation As Employer/Save  Continue in Uploading Page' is clicked on

2018-11-09 12:22:13 - [TEST_STEP][PASSED] - delay: Delayed 2 second(s)

2018-11-09 12:22:15 - [MESSAGE][PASSED] - Delayed 2 second(s)

2018-11-09 12:22:15 - [TEST_STEP][PASSED] - click: Object: 'Object Repository/Final Object Repo/Page_Form 1A - Cessation As Employer/Submit2' is clicked on

2018-11-09 12:22:16 - [MESSAGE][PASSED] - Object: 'Object Repository/Final Object Repo/Page_Form 1A - Cessation As Employer/Submit2' is clicked on

2018-11-09 12:22:16 - [TEST_STEP][PASSED] - delay: Delayed 2 second(s)

2018-11-09 12:22:18 - [MESSAGE][PASSED] - Delayed 2 second(s)

2018-11-09 12:22:18 - [TEST_STEP][PASSED] - click: Object: 'Object Repository/Final Object Repo/Page_Form 1A - Cessation As Employer/Confirm' is clicked on

2018-11-09 12:22:23 - [MESSAGE][PASSED] - Object: 'Object Repository/Final Object Repo/Page_Form 1A - Cessation As Employer/Confirm' is clicked on

2018-11-09 12:22:23 - [TEST_STEP][PASSED] - delay: Delayed 2 second(s)

2018-11-09 12:22:25 - [MESSAGE][PASSED] - Delayed 2 second(s)

2018-11-09 12:22:25 - [TEST_STEP][PASSED] - verifyElementVisible: Object 'Object Repository/Final Object Repo/Page_Form 1A - Cessation As Employer/Message Your Request will be routed to UO' is visible

2018-11-09 12:22:25 - [MESSAGE][PASSED] - Object 'Object Repository/Final Object Repo/Page_Form 1A - Cessation As Employer/Message Your Request will be routed to UO' is visible

2018-11-09 12:22:25 - [TEST_STEP][PASSED] - delay: Delayed 1 second(s)

2018-11-09 12:22:26 - [MESSAGE][PASSED] - Delayed 1 second(s)

2018-11-09 12:22:26 - [TEST_STEP][PASSED] - verifyElementVisible: Object 'Object Repository/Final Object Repo/Page_Form 1A - Cessation As Employer/Letter of acknowledgement' is visible

2018-11-09 12:22:26 - [MESSAGE][PASSED] - Object 'Object Repository/Final Object Repo/Page_Form 1A - Cessation As Employer/Letter of acknowledgement' is visible

2018-11-09 12:22:26 - [MESSAGE][PASSED] - Call Test Case 'Test Cases/Final Aug 2018 - PKS Automation/Registration Module/Workflow/Form 1A - Cessation As Employer/Template/Form 1 A - Cessation As Employer (Employer)' successfully

2018-11-09 12:22:26 - [TEST_STEP][PASSED] - callTestCase: Call Test Case 'Test Cases/Final Aug 2018 - PKS Automation/Registration Module/Workflow/Form 1A - Cessation As Employer/Template/Form 1 A - Cessation As Employer (Approve)' successfully

2018-11-09 12:22:26 - [TEST_CASE][PASSED] - Test Cases/Final Aug 2018 - PKS Automation/Registration Module/Workflow/Form 1A - Cessation As Employer/Template/Form 1 A - Cessation As Employer (Approve): Test Cases/Final Aug 2018 - PKS Automation/Registration Module/Workflow/Form 1A - Cessation As Employer/Template/Form 1 A - Cessation As Employer (Approve)

2018-11-09 12:22:27 - [TEST_STEP][NOT_RUN] - callTestCase: NOT_RUN: callTestCase

2018-11-09 12:22:27 - [MESSAGE][NOT_RUN] - NOT_RUN: callTestCase

2018-11-09 12:22:27 - [TEST_STEP][PASSED] - delay: Delayed 1 second(s)

2018-11-09 12:22:28 - [MESSAGE][PASSED] - Delayed 1 second(s)

2018-11-09 12:22:28 - [TEST_STEP][PASSED] - navigateToUrl: Navigate to 'https://assist2-uat.perkeso.gov.my/c/portal/logout' successfully

2018-11-09 12:22:29 - [MESSAGE][PASSED] - Navigate to 'https://assist2-uat.perkeso.gov.my/c/portal/logout' successfully

2018-11-09 12:22:29 - [TEST_STEP][PASSED] - delay: Delayed 1 second(s)

2018-11-09 12:22:30 - [MESSAGE][PASSED] - Delayed 1 second(s)

2018-11-09 12:22:30 - [TEST_STEP][PASSED] - callTestCase: Call Test Case 'Test Cases/Final Aug 2018 - PKS Automation/Common/Reference Number Getter' successfully

2018-11-09 12:22:30 - [TEST_CASE][PASSED] - Test Cases/Final Aug 2018 - PKS Automation/Common/Reference Number Getter: Test Cases/Final Aug 2018 - PKS Automation/Common/Reference Number Getter

2018-11-09 12:22:30 - [TEST_STEP][PASSED] - Statement - Try: null

2018-11-09 12:22:30 - [TEST_STEP][PASSED] - Statement - RefNo = new java.io.File(C://KatalonReference.txt): null

2018-11-09 12:22:30 - [TEST_STEP][PASSED] - Statement - bufferread = new java.io.BufferedReader(new java.io.FileReader(RefNo)): null

2018-11-09 12:22:30 - [TEST_STEP][PASSED] - Statement - readedVal = bufferread.readLine(): null

2018-11-09 12:22:30 - [TEST_STEP][PASSED] - Statement - out.println(CaseReferenceNo): null

2018-11-09 12:22:30 - [TEST_STEP][PASSED] - Statement - out.println(readedVal): null

2018-11-09 12:22:30 - [TEST_STEP][PASSED] - Statement - CaseReferenceNo = readedVal: null

2018-11-09 12:22:30 - [MESSAGE][PASSED] - Call Test Case 'Test Cases/Final Aug 2018 - PKS Automation/Common/Reference Number Getter' successfully

2018-11-09 12:22:30 - [TEST_STEP][PASSED] - callTestCase: Call Test Case 'Test Cases/Final Aug 2018 - PKS Automation/Common/Workflow Owner Finder' successfully

2018-11-09 12:22:30 - [TEST_CASE][PASSED] - Test Cases/Final Aug 2018 - PKS Automation/Common/Workflow Owner Finder: Test Cases/Final Aug 2018 - PKS Automation/Common/Workflow Owner Finder

2018-11-09 12:22:31 - [TEST_STEP][PASSED] - openBrowser: Browser is opened with url: ''

2018-11-09 12:22:31 - [MESSAGE][WARNING] - A browser is already opened. Closing browser and opening a new one

2018-11-09 12:22:35 - [MESSAGE][PASSED] - Browser is opened with url: ''

2018-11-09 12:22:35 - [TEST_STEP][PASSED] - navigateToUrl: Navigate to 'https://assist2-uat.perkeso.gov.my/login' successfully

2018-11-09 12:22:38 - [MESSAGE][PASSED] - Navigate to 'https://assist2-uat.perkeso.gov.my/login' successfully

2018-11-09 12:22:38 - [TEST_STEP][PASSED] - delay: Delayed 5 second(s)

2018-11-09 12:22:43 - [MESSAGE][PASSED] - Delayed 5 second(s)

2018-11-09 12:22:43 - [TEST_STEP][PASSED] - setText: Text 'test@liferay.com' is set on object 'Object Repository/Final Object Repo/Login Page/Internal User/Email Address'

2018-11-09 12:22:43 - [MESSAGE][PASSED] - Text 'test@liferay.com' is set on object 'Object Repository/Final Object Repo/Login Page/Internal User/Email Address'

2018-11-09 12:22:43 - [TEST_STEP][PASSED] - click: Object: 'Object Repository/Final Object Repo/Login Page/Internal User/Next Button' is clicked on

2018-11-09 12:22:43 - [MESSAGE][PASSED] - Object: 'Object Repository/Final Object Repo/Login Page/Internal User/Next Button' is clicked on

2018-11-09 12:22:43 - [TEST_STEP][PASSED] - delay: Delayed 2 second(s)

2018-11-09 12:22:45 - [MESSAGE][PASSED] - Delayed 2 second(s)

2018-11-09 12:22:45 - [TEST_STEP][PASSED] - setText: Text 'test' is set on object 'Object Repository/Final Object Repo/Login Page/Internal User/Password'

2018-11-09 12:22:46 - [MESSAGE][PASSED] - Text 'test' is set on object 'Object Repository/Final Object Repo/Login Page/Internal User/Password'

2018-11-09 12:22:46 - [TEST_STEP][PASSED] - delay: Delayed 2 second(s)

2018-11-09 12:22:48 - [MESSAGE][PASSED] - Delayed 2 second(s)

2018-11-09 12:22:48 - [TEST_STEP][PASSED] - click: Object: 'Object Repository/Final Object Repo/Login Page/Internal User/Login Button' is clicked on

2018-11-09 12:22:51 - [MESSAGE][PASSED] - Object: 'Object Repository/Final Object Repo/Login Page/Internal User/Login Button' is clicked on

2018-11-09 12:22:51 - [TEST_STEP][PASSED] - Statement - Try: Delayed 2 second(s)

2018-11-09 12:22:51 - [TEST_STEP][PASSED] - Statement - Checker = false: null

2018-11-09 12:22:51 - [TEST_STEP][PASSED] - Statement - Checker = com.kms.katalon.core.webui.keyword.WebUiBuiltInKeywords.verifyElementHasAttribute(com.kms.katalon.core.testobject.ObjectRepository.findTestObject(Final Object Repo/Landing Page/BM Detecting), "href", 20, OPTIONAL): Object 'Object Repository/Final Object Repo/Landing Page/BM Detecting' has attribute 'href'

2018-11-09 12:22:51 - [MESSAGE][PASSED] - Object 'Object Repository/Final Object Repo/Landing Page/BM Detecting' has attribute 'href'

2018-11-09 12:22:51 - [TEST_STEP][PASSED] - Statement - out.println(Checker): null

2018-11-09 12:22:51 - [TEST_STEP][PASSED] - Statement - If (Checker == false): null

2018-11-09 12:22:51 - [TEST_STEP][PASSED] - Statement - Else: null

2018-11-09 12:22:51 - [TEST_STEP][PASSED] - delay: Delayed 2 second(s)

2018-11-09 12:22:53 - [MESSAGE][PASSED] - Delayed 2 second(s)

2018-11-09 12:22:53 - [TEST_STEP][PASSED] - delay: Delayed 3 second(s)

2018-11-09 12:22:56 - [MESSAGE][PASSED] - Delayed 3 second(s)

2018-11-09 12:22:56 - [TEST_STEP][PASSED] - mouseOver: Object: 'Object Repository/Final Object Repo/Landing Page/WorkFlow Menu' is hovered

2018-11-09 12:22:56 - [MESSAGE][PASSED] - Object: 'Object Repository/Final Object Repo/Landing Page/WorkFlow Menu' is hovered

2018-11-09 12:22:56 - [TEST_STEP][PASSED] - delay: Delayed 2 second(s)

2018-11-09 12:22:58 - [MESSAGE][PASSED] - Delayed 2 second(s)

2018-11-09 12:22:58 - [TEST_STEP][PASSED] - click: Object: 'Object Repository/Final Object Repo/Landing Page/Select to Workflow Listing' is clicked on

2018-11-09 12:23:00 - [MESSAGE][PASSED] - Object: 'Object Repository/Final Object Repo/Landing Page/Select to Workflow Listing' is clicked on

2018-11-09 12:23:00 - [TEST_STEP][PASSED] - delay: Delayed 2 second(s)

2018-11-09 12:23:02 - [MESSAGE][PASSED] - Delayed 2 second(s)

2018-11-09 12:23:02 - [TEST_STEP][PASSED] - click: Object: 'Object Repository/Final Object Repo/WorkFlow Listing Page/Search Information - To Put Ref No' is clicked on

2018-11-09 12:23:02 - [MESSAGE][PASSED] - Object: 'Object Repository/Final Object Repo/WorkFlow Listing Page/Search Information - To Put Ref No' is clicked on

2018-11-09 12:23:02 - [TEST_STEP][PASSED] - delay: Delayed 2 second(s)

2018-11-09 12:23:04 - [MESSAGE][PASSED] - Delayed 2 second(s)

2018-11-09 12:23:04 - [TEST_STEP][PASSED] - callTestCase: Call Test Case 'Test Cases/Final Aug 2018 - PKS Automation/Common/Reference Number Getter' successfully

2018-11-09 12:23:04 - [TEST_CASE][PASSED] - Test Cases/Final Aug 2018 - PKS Automation/Common/Reference Number Getter: Test Cases/Final Aug 2018 - PKS Automation/Common/Reference Number Getter

2018-11-09 12:23:04 - [TEST_STEP][PASSED] - Statement - Try: null

2018-11-09 12:23:04 - [TEST_STEP][PASSED] - Statement - RefNo = new java.io.File(C://KatalonReference.txt): null

2018-11-09 12:23:04 - [TEST_STEP][PASSED] - Statement - bufferread = new java.io.BufferedReader(new java.io.FileReader(RefNo)): null

2018-11-09 12:23:04 - [TEST_STEP][PASSED] - Statement - readedVal = bufferread.readLine(): null

2018-11-09 12:23:04 - [TEST_STEP][PASSED] - Statement - out.println(CaseReferenceNo): null

2018-11-09 12:23:04 - [TEST_STEP][PASSED] - Statement - out.println(readedVal): null

2018-11-09 12:23:04 - [TEST_STEP][PASSED] - Statement - CaseReferenceNo = readedVal: null

2018-11-09 12:23:04 - [MESSAGE][PASSED] - Call Test Case 'Test Cases/Final Aug 2018 - PKS Automation/Common/Reference Number Getter' successfully

2018-11-09 12:23:04 - [TEST_STEP][PASSED] - setText: Text 'CUN112018C200001534' is set on object 'Object Repository/Final Object Repo/WorkFlow Listing Page/Ref No Set Text'

2018-11-09 12:23:04 - [MESSAGE][PASSED] - Text 'CUN112018C200001534' is set on object 'Object Repository/Final Object Repo/WorkFlow Listing Page/Ref No Set Text'

2018-11-09 12:23:04 - [TEST_STEP][PASSED] - delay: Delayed 2 second(s)

2018-11-09 12:23:06 - [MESSAGE][PASSED] - Delayed 2 second(s)

2018-11-09 12:23:06 - [TEST_STEP][PASSED] - click: Object: 'Object Repository/Final Object Repo/WorkFlow Listing Page/Search Ref No Search Button' is clicked on

2018-11-09 12:23:09 - [MESSAGE][PASSED] - Object: 'Object Repository/Final Object Repo/WorkFlow Listing Page/Search Ref No Search Button' is clicked on

2018-11-09 12:23:09 - [TEST_STEP][PASSED] - delay: Delayed 4 second(s)

2018-11-09 12:23:13 - [MESSAGE][PASSED] - Delayed 4 second(s)

2018-11-09 12:23:13 - [TEST_STEP][PASSED] - click: Object: 'Object Repository/Final Object Repo/WorkFlow Listing Page/Click Continue Tooltip' is clicked on

2018-11-09 12:23:14 - [MESSAGE][PASSED] - Object: 'Object Repository/Final Object Repo/WorkFlow Listing Page/Click Continue Tooltip' is clicked on

2018-11-09 12:23:14 - [TEST_STEP][PASSED] - delay: Delayed 5 second(s)

2018-11-09 12:23:19 - [MESSAGE][PASSED] - Delayed 5 second(s)

2018-11-09 12:23:19 - [TEST_STEP][PASSED] - doubleClick: Object: 'Object Repository/Final Object Repo/WorkFlow Listing Page/Workflow Found - Listing 1' is double clicked on

2018-11-09 12:23:20 - [MESSAGE][PASSED] - Object: 'Object Repository/Final Object Repo/WorkFlow Listing Page/Workflow Found - Listing 1' is double clicked on

2018-11-09 12:23:20 - [TEST_STEP][PASSED] - Statement - println(OwnerID): null

2018-11-09 12:23:20 - [TEST_STEP][PASSED] - Statement - OwnerID = com.kms.katalon.core.webui.keyword.WebUiBuiltInKeywords.getText(com.kms.katalon.core.testobject.ObjectRepository.findTestObject(Final Object Repo/WorkFlow Listing Page/Workflow Found - Listing 1), STOP_ON_FAILURE): Text of object 'Object Repository/Final Object Repo/WorkFlow Listing Page/Workflow Found - Listing 1' is: 'JOHORuo2'

2018-11-09 12:23:20 - [MESSAGE][PASSED] - Text of object 'Object Repository/Final Object Repo/WorkFlow Listing Page/Workflow Found - Listing 1' is: 'JOHORuo2'

2018-11-09 12:23:20 - [TEST_STEP][PASSED] - Statement - OwnerID = OwnerID.toLowerCase() + "@gmail.com": null

2018-11-09 12:23:20 - [TEST_STEP][PASSED] - Statement - println(OwnerID): null

2018-11-09 12:23:20 - [TEST_STEP][PASSED] - delay: Delayed 2 second(s)

2018-11-09 12:23:22 - [MESSAGE][PASSED] - Delayed 2 second(s)

2018-11-09 12:23:22 - [MESSAGE][PASSED] - Call Test Case 'Test Cases/Final Aug 2018 - PKS Automation/Common/Workflow Owner Finder' successfully

2018-11-09 12:23:22 - [TEST_STEP][PASSED] - delay: Delayed 1 second(s)

2018-11-09 12:23:23 - [MESSAGE][PASSED] - Delayed 1 second(s)

2018-11-09 12:23:23 - [TEST_STEP][PASSED] - navigateToUrl: Navigate to 'https://assist2-uat.perkeso.gov.my/c/portal/logout' successfully

2018-11-09 12:23:24 - [MESSAGE][PASSED] - Navigate to 'https://assist2-uat.perkeso.gov.my/c/portal/logout' successfully

2018-11-09 12:23:24 - [TEST_STEP][PASSED] - delay: Delayed 1 second(s)

2018-11-09 12:23:25 - [MESSAGE][PASSED] - Delayed 1 second(s)

2018-11-09 12:23:25 - [TEST_STEP][PASSED] - callTestCase: Call Test Case 'Test Cases/Final Aug 2018 - PKS Automation/Registration Module/Workflow/Login and Search Case For Workflow' successfully

2018-11-09 12:23:25 - [TEST_CASE][PASSED] - Test Cases/Final Aug 2018 - PKS Automation/Registration Module/Workflow/Login and Search Case For Workflow: Test Cases/Final Aug 2018 - PKS Automation/Registration Module/Workflow/Login and Search Case For Workflow

2018-11-09 12:23:25 - [TEST_STEP][PASSED] - navigateToUrl: Navigate to 'https://assist2-uat.perkeso.gov.my/login' successfully

2018-11-09 12:23:27 - [MESSAGE][PASSED] - Navigate to 'https://assist2-uat.perkeso.gov.my/login' successfully

2018-11-09 12:23:27 - [TEST_STEP][PASSED] - setText: Text 'johoruo2@gmail.com' is set on object 'Object Repository/Final Object Repo/Login Page/Internal User/Email Address'

2018-11-09 12:23:27 - [MESSAGE][PASSED] - Text 'johoruo2@gmail.com' is set on object 'Object Repository/Final Object Repo/Login Page/Internal User/Email Address'

2018-11-09 12:23:27 - [TEST_STEP][PASSED] - click: Object: 'Object Repository/Final Object Repo/Login Page/Internal User/Next Button' is clicked on

2018-11-09 12:23:27 - [MESSAGE][PASSED] - Object: 'Object Repository/Final Object Repo/Login Page/Internal User/Next Button' is clicked on

2018-11-09 12:23:27 - [TEST_STEP][PASSED] - delay: Delayed 1 second(s)

2018-11-09 12:23:28 - [MESSAGE][PASSED] - Delayed 1 second(s)

2018-11-09 12:23:28 - [TEST_STEP][PASSED] - setEncryptedText: Text ****** has been set on object 'Object Repository/Final Object Repo/Login Page/Internal User/Password'

2018-11-09 12:23:28 - [MESSAGE][PASSED] - Text ****** has been set on object 'Object Repository/Final Object Repo/Login Page/Internal User/Password'

2018-11-09 12:23:28 - [TEST_STEP][PASSED] - click: Object: 'Object Repository/Final Object Repo/Login Page/Internal User/Login Button' is clicked on

2018-11-09 12:23:31 - [MESSAGE][PASSED] - Object: 'Object Repository/Final Object Repo/Login Page/Internal User/Login Button' is clicked on

2018-11-09 12:23:31 - [TEST_STEP][PASSED] - delay: Delayed 2 second(s)

2018-11-09 12:23:33 - [MESSAGE][PASSED] - Delayed 2 second(s)

2018-11-09 12:23:33 - [TEST_STEP][PASSED] - Statement - Try: Delayed 2 second(s)

2018-11-09 12:23:33 - [TEST_STEP][PASSED] - Statement - Checker = false: null

2018-11-09 12:23:33 - [TEST_STEP][PASSED] - Statement - Checker = com.kms.katalon.core.webui.keyword.WebUiBuiltInKeywords.verifyElementHasAttribute(com.kms.katalon.core.testobject.ObjectRepository.findTestObject(Final Object Repo/Landing Page/BM Detecting), "href", 20, OPTIONAL): Object 'Object Repository/Final Object Repo/Landing Page/BM Detecting' has attribute 'href'

2018-11-09 12:23:33 - [MESSAGE][PASSED] - Object 'Object Repository/Final Object Repo/Landing Page/BM Detecting' has attribute 'href'

2018-11-09 12:23:33 - [TEST_STEP][PASSED] - Statement - out.println(Checker): null

2018-11-09 12:23:33 - [TEST_STEP][PASSED] - Statement - If (Checker == false): null

2018-11-09 12:23:33 - [TEST_STEP][PASSED] - Statement - Else: null

2018-11-09 12:23:33 - [TEST_STEP][PASSED] - delay: Delayed 2 second(s)

2018-11-09 12:23:35 - [MESSAGE][PASSED] - Delayed 2 second(s)

2018-11-09 12:23:35 - [TEST_STEP][PASSED] - click: Object: 'Object Repository/Final Object Repo/Page_MyASSIST - ASSIST - Search Pending Case For Add Supporting Document/Search Information' is clicked on

2018-11-09 12:23:35 - [MESSAGE][PASSED] - Object: 'Object Repository/Final Object Repo/Page_MyASSIST - ASSIST - Search Pending Case For Add Supporting Document/Search Information' is clicked on

2018-11-09 12:23:35 - [TEST_STEP][PASSED] - delay: Delayed 3 second(s)

2018-11-09 12:23:38 - [MESSAGE][PASSED] - Delayed 3 second(s)

2018-11-09 12:23:38 - [TEST_STEP][PASSED] - sendKeys: Keys 'CUN112018C200001534' sent to object: 'Object Repository/Final Object Repo/Page_MyASSIST - ASSIST - Search Pending Case For Add Supporting Document/Reference No'

2018-11-09 12:23:38 - [MESSAGE][PASSED] - Keys 'CUN112018C200001534' sent to object: 'Object Repository/Final Object Repo/Page_MyASSIST - ASSIST - Search Pending Case For Add Supporting Document/Reference No'

2018-11-09 12:23:38 - [TEST_STEP][PASSED] - click: Object: 'Object Repository/Final Object Repo/Page_MyASSIST - ASSIST - Search Pending Case For Add Supporting Document/Search Reference No' is clicked on

2018-11-09 12:23:39 - [MESSAGE][PASSED] - Object: 'Object Repository/Final Object Repo/Page_MyASSIST - ASSIST - Search Pending Case For Add Supporting Document/Search Reference No' is clicked on

2018-11-09 12:23:39 - [TEST_STEP][PASSED] - delay: Delayed 2 second(s)

2018-11-09 12:23:41 - [MESSAGE][PASSED] - Delayed 2 second(s)

2018-11-09 12:23:41 - [TEST_STEP][PASSED] - click: Object: 'Object Repository/Final Object Repo/Page_MyASSIST - ASSIST - Search Pending Case For Add Supporting Document/Continue' is clicked on

2018-11-09 12:23:45 - [MESSAGE][PASSED] - Object: 'Object Repository/Final Object Repo/Page_MyASSIST - ASSIST - Search Pending Case For Add Supporting Document/Continue' is clicked on

2018-11-09 12:23:45 - [TEST_STEP][PASSED] - delay: Delayed 20 second(s)

2018-11-09 12:24:05 - [MESSAGE][PASSED] - Delayed 20 second(s)

2018-11-09 12:24:05 - [MESSAGE][PASSED] - Call Test Case 'Test Cases/Final Aug 2018 - PKS Automation/Registration Module/Workflow/Login and Search Case For Workflow' successfully

2018-11-09 12:24:05 - [TEST_STEP][PASSED] - click: Object: 'Object Repository/Final Object Repo/Page_Form 1A - Cessation As Employer/Page_Form 1A - Cessation As Employer (Approve)/Save  Continue in Form 1A Page' is clicked on

2018-11-09 12:24:08 - [MESSAGE][PASSED] - Object: 'Object Repository/Final Object Repo/Page_Form 1A - Cessation As Employer/Page_Form 1A - Cessation As Employer (Approve)/Save  Continue in Form 1A Page' is clicked on

2018-11-09 12:24:08 - [TEST_STEP][PASSED] - delay: Delayed 2 second(s)

2018-11-09 12:24:10 - [MESSAGE][PASSED] - Delayed 2 second(s)

2018-11-09 12:24:10 - [TEST_STEP][PASSED] - click: Object: 'Object Repository/Final Object Repo/Page_Form 1A - Cessation As Employer/Employment Resign Date' is clicked on

2018-11-09 12:24:10 - [MESSAGE][PASSED] - Object: 'Object Repository/Final Object Repo/Page_Form 1A - Cessation As Employer/Employment Resign Date' is clicked on

2018-11-09 12:24:10 - [TEST_STEP][PASSED] - delay: Delayed 1 second(s)

2018-11-09 12:24:11 - [MESSAGE][PASSED] - Delayed 1 second(s)

2018-11-09 12:24:11 - [TEST_STEP][PASSED] - selectOptionByValue: All options with value '2030' are selected in object 'Object Repository/Final Object Repo/Page_Form 1A - Cessation As Employer/Employment Resign Date - Year' 

2018-11-09 12:24:12 - [MESSAGE][PASSED] - All options with value '2030' are selected in object 'Object Repository/Final Object Repo/Page_Form 1A - Cessation As Employer/Employment Resign Date - Year' 

2018-11-09 12:24:12 - [TEST_STEP][PASSED] - delay: Delayed 1 second(s)

2018-11-09 12:24:13 - [MESSAGE][PASSED] - Delayed 1 second(s)

2018-11-09 12:24:13 - [TEST_STEP][PASSED] - click: Object: 'Object Repository/Final Object Repo/Page_Form 1A - Cessation As Employer/Employment Resign Date - Year - Date' is clicked on

2018-11-09 12:24:13 - [MESSAGE][PASSED] - Object: 'Object Repository/Final Object Repo/Page_Form 1A - Cessation As Employer/Employment Resign Date - Year - Date' is clicked on

2018-11-09 12:24:13 - [TEST_STEP][PASSED] - delay: Delayed 2 second(s)

2018-11-09 12:24:15 - [MESSAGE][PASSED] - Delayed 2 second(s)

2018-11-09 12:24:15 - [TEST_STEP][PASSED] - click: Object: 'Object Repository/Final Object Repo/Page_Form 1A - Cessation As Employer/Page_Form 1A - Cessation As Employer (Approve)/Save  Continue in Update Add Employee Resigned Date Page' is clicked on

2018-11-09 12:24:19 - [MESSAGE][PASSED] - Object: 'Object Repository/Final Object Repo/Page_Form 1A - Cessation As Employer/Page_Form 1A - Cessation As Employer (Approve)/Save  Continue in Update Add Employee Resigned Date Page' is clicked on

2018-11-09 12:24:19 - [TEST_STEP][PASSED] - delay: Delayed 2 second(s)

2018-11-09 12:24:21 - [MESSAGE][PASSED] - Delayed 2 second(s)

2018-11-09 12:24:21 - [TEST_STEP][PASSED] - click: Object: 'Object Repository/Final Object Repo/Page_Form 1A - Cessation As Employer/Page_Form 1A - Cessation As Employer (Approve)/Save  Contine in Uploading Document Page' is clicked on

2018-11-09 12:24:22 - [MESSAGE][PASSED] - Object: 'Object Repository/Final Object Repo/Page_Form 1A - Cessation As Employer/Page_Form 1A - Cessation As Employer (Approve)/Save  Contine in Uploading Document Page' is clicked on

2018-11-09 12:24:22 - [TEST_STEP][PASSED] - delay: Delayed 2 second(s)

2018-11-09 12:24:24 - [MESSAGE][PASSED] - Delayed 2 second(s)

2018-11-09 12:24:24 - [TEST_STEP][PASSED] - click: Object: 'Object Repository/Final Object Repo/Page_Form 1A - Cessation As Employer/Page_Form 1A - Cessation As Employer (Approve)/Approve' is clicked on

2018-11-09 12:24:27 - [MESSAGE][PASSED] - Object: 'Object Repository/Final Object Repo/Page_Form 1A - Cessation As Employer/Page_Form 1A - Cessation As Employer (Approve)/Approve' is clicked on

2018-11-09 12:24:27 - [TEST_STEP][PASSED] - delay: Delayed 2 second(s)

2018-11-09 12:24:29 - [MESSAGE][PASSED] - Delayed 2 second(s)

2018-11-09 12:24:29 - [TEST_STEP][PASSED] - click: Object: 'Object Repository/Final Object Repo/Page_Form 1A - Cessation As Employer/Confirm' is clicked on

2018-11-09 12:24:29 - [MESSAGE][PASSED] - Object: 'Object Repository/Final Object Repo/Page_Form 1A - Cessation As Employer/Confirm' is clicked on

2018-11-09 12:24:29 - [TEST_STEP][PASSED] - delay: Delayed 2 second(s)

2018-11-09 12:24:31 - [MESSAGE][PASSED] - Delayed 2 second(s)

2018-11-09 12:24:31 - [TEST_STEP][PASSED] - click: Object: 'Object Repository/Final Object Repo/Page_Form 1A - Cessation As Employer/Page_Form 1A - Cessation As Employer (Approve)/Message Your Request    Form 1A ' is clicked on

2018-11-09 12:24:40 - [MESSAGE][PASSED] - Object: 'Object Repository/Final Object Repo/Page_Form 1A - Cessation As Employer/Page_Form 1A - Cessation As Employer (Approve)/Message Your Request    Form 1A ' is clicked on

2018-11-09 12:24:40 - [TEST_STEP][PASSED] - delay: Delayed 2 second(s)

2018-11-09 12:24:42 - [MESSAGE][PASSED] - Delayed 2 second(s)

2018-11-09 12:24:42 - [TEST_STEP][PASSED] - click: Object: 'Object Repository/Final Object Repo/Page_Form 1A - Cessation As Employer/Page_Form 1A - Cessation As Employer (Approve)/Letter of successful update' is clicked on

2018-11-09 12:24:47 - [MESSAGE][PASSED] - Object: 'Object Repository/Final Object Repo/Page_Form 1A - Cessation As Employer/Page_Form 1A - Cessation As Employer (Approve)/Letter of successful update' is clicked on

2018-11-09 12:24:47 - [MESSAGE][PASSED] - Call Test Case 'Test Cases/Final Aug 2018 - PKS Automation/Registration Module/Workflow/Form 1A - Cessation As Employer/Template/Form 1 A - Cessation As Employer (Approve)' successfully]]></system-out>
         <system-err><![CDATA[]]></system-err>
      </testcase>
      <testcase name="Test Cases/Final Aug 2018 - PKS Automation/Registration Module/Workflow/Form 1A - Cessation As Employer/Employer to UO (Query)" classname="Test Cases/Final Aug 2018 - PKS Automation/Registration Module/Workflow/Form 1A - Cessation As Employer/Employer to UO (Query)" status="FAILED">
         <failure type="FAILED" message="(Stack trace: com.kms.katalon.core.exception.StepFailedException: Unable to click on object 'Object Repository/Final Object Repo/Page_Form 1A - Cessation As Employer/Save  Continue in Uploading Page' (Root cause: org.openqa.selenium.ElementClickInterceptedException: Element &lt;a id=&quot;_searchforemployer_WAR_registrationportlet_saveNContinueFormBtnId&quot; class=&quot;btn btn-lg blueBtn col-md-2 pull-right disabled&quot; href=&quot;https://assist2-uat.perkeso.gov.my/web/registration/update/form-1a-cessation-as-employer-discontinue-business-?p_auth=nv5iznbh&amp;p_p_id=searchforemployer_WAR_registrationportlet&amp;p_p_lifecycle=1&amp;p_p_state=normal&amp;p_p_mode=view&amp;p_p_col_id=column-1&amp;p_p_col_count=1&amp;_searchforemployer_WAR_registrationportlet_javax.portlet.action=exeAction&amp;_searchforemployer_WAR_registrationportlet_mvcPath=%2Fapps%2Freg%2Fdiscontinue_business%2Fdiscontinue_business_preview.jsp&amp;_searchforemployer_WAR_registrationportlet_browserIdKey=1541738040495&quot;> is not clickable at point (1150.3749542236328,625.933349609375) because another element &lt;div class=&quot;blockUI blockOverlay&quot;> obscures it
Build info: version: '3.9.1', revision: '63f7b50', time: '2018-02-07T22:42:28.403Z'
System info: host: 'WEIZHENG', ip: '10.212.128.118', os.name: 'Windows 7', os.arch: 'amd64', os.version: '6.1', java.version: '1.8.0_181'
Driver info: com.kms.katalon.core.webui.driver.firefox.CGeckoDriver
Capabilities {acceptInsecureCerts: true, browserName: firefox, browserVersion: 63.0.1, javascriptEnabled: true, moz:accessibilityChecks: false, moz:geckodriverVersion: 0.23.0, moz:headless: false, moz:processID: 9424, moz:profile: C:\Users\Wei Zheng\AppData\..., moz:useNonSpecCompliantPointerOrigin: false, moz:webdriverClick: true, pageLoadStrategy: normal, platform: WINDOWS, platformName: WINDOWS, platformVersion: 6.1, proxy: Proxy(direct), rotatable: false, setWindowRect: true, timeouts: {implicit: 0, pageLoad: 300000, script: 30000}, unhandledPromptBehavior: dismiss and notify}
Session ID: 87d1d418-8e5c-4b1f-869a-9c2ecda0cdde)
	at com.kms.katalon.core.keyword.internal.KeywordMain.stepFailed(KeywordMain.groovy:32)
	at com.kms.katalon.core.webui.keyword.internal.WebUIKeywordMain.stepFailed(WebUIKeywordMain.groovy:65)
	at com.kms.katalon.core.webui.keyword.internal.WebUIKeywordMain.runKeyword(WebUIKeywordMain.groovy:27)
	at com.kms.katalon.core.webui.keyword.builtin.ClickKeyword.click(ClickKeyword.groovy:86)
	at com.kms.katalon.core.webui.keyword.builtin.ClickKeyword.execute(ClickKeyword.groovy:67)
	at com.kms.katalon.core.keyword.internal.KeywordExecutor.executeKeywordForPlatform(KeywordExecutor.groovy:53)
	at com.kms.katalon.core.webui.keyword.WebUiBuiltInKeywords.click(WebUiBuiltInKeywords.groovy:616)
	at com.kms.katalon.core.webui.keyword.WebUiBuiltInKeywords$click$2.call(Unknown Source)
	at Script1536729355807.run(Script1536729355807.groovy:133)
	at com.kms.katalon.core.main.ScriptEngine.run(ScriptEngine.java:183)
	at com.kms.katalon.core.main.ScriptEngine.runScriptAsRawText(ScriptEngine.java:108)
	at com.kms.katalon.core.main.TestCaseExecutor.runScript(TestCaseExecutor.java:294)
	at com.kms.katalon.core.main.TestCaseExecutor.doExecute(TestCaseExecutor.java:285)
	at com.kms.katalon.core.main.TestCaseExecutor.processExecutionPhase(TestCaseExecutor.java:264)
	at com.kms.katalon.core.main.TestCaseExecutor.accessMainPhase(TestCaseExecutor.java:256)
	at com.kms.katalon.core.main.TestCaseExecutor.execute(TestCaseExecutor.java:200)
	at com.kms.katalon.core.main.TestCaseMain.runTestCase(TestCaseMain.java:99)
	at com.kms.katalon.core.keyword.builtin.CallTestCaseKeyword$_callTestCase_closure1.doCall(CallTestCaseKeyword.groovy:60)
	at com.kms.katalon.core.keyword.builtin.CallTestCaseKeyword$_callTestCase_closure1.call(CallTestCaseKeyword.groovy)
	at com.kms.katalon.core.keyword.internal.KeywordMain.runKeyword(KeywordMain.groovy:54)
	at com.kms.katalon.core.keyword.builtin.CallTestCaseKeyword.callTestCase(CallTestCaseKeyword.groovy:81)
	at com.kms.katalon.core.keyword.builtin.CallTestCaseKeyword.execute(CallTestCaseKeyword.groovy:45)
	at com.kms.katalon.core.keyword.internal.KeywordExecutor.executeKeywordForPlatform(KeywordExecutor.groovy:53)
	at com.kms.katalon.core.keyword.BuiltinKeywords.callTestCase(BuiltinKeywords.groovy:334)
	at sun.reflect.GeneratedMethodAccessor13.invoke(Unknown Source)
	at sun.reflect.DelegatingMethodAccessorImpl.invoke(DelegatingMethodAccessorImpl.java:43)
	at java.lang.reflect.Method.invoke(Method.java:498)
	at org.codehaus.groovy.reflection.CachedMethod.invoke(CachedMethod.java:93)
	at groovy.lang.MetaMethod.doMethodInvoke(MetaMethod.java:325)
	at groovy.lang.MetaClassImpl.invokeStaticMethod(MetaClassImpl.java:1469)
	at org.codehaus.groovy.runtime.callsite.StaticMetaClassSite.call(StaticMetaClassSite.java:53)
	at org.codehaus.groovy.runtime.callsite.CallSiteArray.defaultCall(CallSiteArray.java:48)
	at org.codehaus.groovy.runtime.callsite.AbstractCallSite.call(AbstractCallSite.java:113)
	at org.codehaus.groovy.runtime.callsite.AbstractCallSite.call(AbstractCallSite.java:141)
	at Script1536729541693.run(Script1536729541693.groovy:22)
	at com.kms.katalon.core.main.ScriptEngine.run(ScriptEngine.java:183)
	at com.kms.katalon.core.main.ScriptEngine.runScriptAsRawText(ScriptEngine.java:108)
	at com.kms.katalon.core.main.TestCaseExecutor.runScript(TestCaseExecutor.java:294)
	at com.kms.katalon.core.main.TestCaseExecutor.doExecute(TestCaseExecutor.java:285)
	at com.kms.katalon.core.main.TestCaseExecutor.processExecutionPhase(TestCaseExecutor.java:264)
	at com.kms.katalon.core.main.TestCaseExecutor.accessMainPhase(TestCaseExecutor.java:256)
	at com.kms.katalon.core.main.TestCaseExecutor.execute(TestCaseExecutor.java:200)
	at com.kms.katalon.core.main.TestSuiteExecutor.accessTestCaseMainPhase(TestSuiteExecutor.java:129)
	at com.kms.katalon.core.main.TestSuiteExecutor.accessTestSuiteMainPhase(TestSuiteExecutor.java:112)
	at com.kms.katalon.core.main.TestSuiteExecutor.execute(TestSuiteExecutor.java:81)
	at com.kms.katalon.core.main.TestCaseMain.startTestSuite(TestCaseMain.java:142)
	at com.kms.katalon.core.main.TestCaseMain$startTestSuite$0.call(Unknown Source)
	at org.codehaus.groovy.runtime.callsite.CallSiteArray.defaultCall(CallSiteArray.java:48)
	at org.codehaus.groovy.runtime.callsite.AbstractCallSite.call(AbstractCallSite.java:113)
	at org.codehaus.groovy.runtime.callsite.AbstractCallSite.call(AbstractCallSite.java:141)
	at TempTestSuite1541736709639.run(TempTestSuite1541736709639.groovy:36)
	at groovy.lang.GroovyShell.runScriptOrMainOrTestOrRunnable(GroovyShell.java:263)
	at groovy.lang.GroovyShell.run(GroovyShell.java:518)
	at groovy.lang.GroovyShell.run(GroovyShell.java:507)
	at groovy.ui.GroovyMain.processOnce(GroovyMain.java:653)
	at groovy.ui.GroovyMain.run(GroovyMain.java:384)
	at groovy.ui.GroovyMain.process(GroovyMain.java:370)
	at groovy.ui.GroovyMain.processArgs(GroovyMain.java:129)
	at groovy.ui.GroovyMain.main(GroovyMain.java:109)
	at sun.reflect.NativeMethodAccessorImpl.invoke0(Native Method)
	at sun.reflect.NativeMethodAccessorImpl.invoke(NativeMethodAccessorImpl.java:62)
	at sun.reflect.DelegatingMethodAccessorImpl.invoke(DelegatingMethodAccessorImpl.java:43)
	at java.lang.reflect.Method.invoke(Method.java:498)
	at org.codehaus.groovy.tools.GroovyStarter.rootLoader(GroovyStarter.java:109)
	at org.codehaus.groovy.tools.GroovyStarter.main(GroovyStarter.java:131)
)"/>
         <system-out><![CDATA[2018-11-09 12:24:47 - [TEST_CASE][FAILED] - Test Cases/Final Aug 2018 - PKS Automation/Registration Module/Workflow/Form 1A - Cessation As Employer/Employer to UO (Query): Test Cases/Final Aug 2018 - PKS Automation/Registration Module/Workflow/Form 1A - Cessation As Employer/Employer to UO (Query) FAILED because (of) (Stack trace: com.kms.katalon.core.exception.StepFailedException: Unable to click on object 'Object Repository/Final Object Repo/Page_Form 1A - Cessation As Employer/Save  Continue in Uploading Page' (Root cause: org.openqa.selenium.ElementClickInterceptedException: Element <a id="_searchforemployer_WAR_registrationportlet_saveNContinueFormBtnId" class="btn btn-lg blueBtn col-md-2 pull-right disabled" href="https://assist2-uat.perkeso.gov.my/web/registration/update/form-1a-cessation-as-employer-discontinue-business-?p_auth=nv5iznbh&p_p_id=searchforemployer_WAR_registrationportlet&p_p_lifecycle=1&p_p_state=normal&p_p_mode=view&p_p_col_id=column-1&p_p_col_count=1&_searchforemployer_WAR_registrationportlet_javax.portlet.action=exeAction&_searchforemployer_WAR_registrationportlet_mvcPath=%2Fapps%2Freg%2Fdiscontinue_business%2Fdiscontinue_business_preview.jsp&_searchforemployer_WAR_registrationportlet_browserIdKey=1541738040495"> is not clickable at point (1150.3749542236328,625.933349609375) because another element <div class="blockUI blockOverlay"> obscures it
Build info: version: '3.9.1', revision: '63f7b50', time: '2018-02-07T22:42:28.403Z'
System info: host: 'WEIZHENG', ip: '10.212.128.118', os.name: 'Windows 7', os.arch: 'amd64', os.version: '6.1', java.version: '1.8.0_181'
Driver info: com.kms.katalon.core.webui.driver.firefox.CGeckoDriver
Capabilities {acceptInsecureCerts: true, browserName: firefox, browserVersion: 63.0.1, javascriptEnabled: true, moz:accessibilityChecks: false, moz:geckodriverVersion: 0.23.0, moz:headless: false, moz:processID: 9424, moz:profile: C:\Users\Wei Zheng\AppData\..., moz:useNonSpecCompliantPointerOrigin: false, moz:webdriverClick: true, pageLoadStrategy: normal, platform: WINDOWS, platformName: WINDOWS, platformVersion: 6.1, proxy: Proxy(direct), rotatable: false, setWindowRect: true, timeouts: {implicit: 0, pageLoad: 300000, script: 30000}, unhandledPromptBehavior: dismiss and notify}
Session ID: 87d1d418-8e5c-4b1f-869a-9c2ecda0cdde)
	at com.kms.katalon.core.keyword.internal.KeywordMain.stepFailed(KeywordMain.groovy:32)
	at com.kms.katalon.core.webui.keyword.internal.WebUIKeywordMain.stepFailed(WebUIKeywordMain.groovy:65)
	at com.kms.katalon.core.webui.keyword.internal.WebUIKeywordMain.runKeyword(WebUIKeywordMain.groovy:27)
	at com.kms.katalon.core.webui.keyword.builtin.ClickKeyword.click(ClickKeyword.groovy:86)
	at com.kms.katalon.core.webui.keyword.builtin.ClickKeyword.execute(ClickKeyword.groovy:67)
	at com.kms.katalon.core.keyword.internal.KeywordExecutor.executeKeywordForPlatform(KeywordExecutor.groovy:53)
	at com.kms.katalon.core.webui.keyword.WebUiBuiltInKeywords.click(WebUiBuiltInKeywords.groovy:616)
	at com.kms.katalon.core.webui.keyword.WebUiBuiltInKeywords$click$2.call(Unknown Source)
	at Script1536729355807.run(Script1536729355807.groovy:133)
	at com.kms.katalon.core.main.ScriptEngine.run(ScriptEngine.java:183)
	at com.kms.katalon.core.main.ScriptEngine.runScriptAsRawText(ScriptEngine.java:108)
	at com.kms.katalon.core.main.TestCaseExecutor.runScript(TestCaseExecutor.java:294)
	at com.kms.katalon.core.main.TestCaseExecutor.doExecute(TestCaseExecutor.java:285)
	at com.kms.katalon.core.main.TestCaseExecutor.processExecutionPhase(TestCaseExecutor.java:264)
	at com.kms.katalon.core.main.TestCaseExecutor.accessMainPhase(TestCaseExecutor.java:256)
	at com.kms.katalon.core.main.TestCaseExecutor.execute(TestCaseExecutor.java:200)
	at com.kms.katalon.core.main.TestCaseMain.runTestCase(TestCaseMain.java:99)
	at com.kms.katalon.core.keyword.builtin.CallTestCaseKeyword$_callTestCase_closure1.doCall(CallTestCaseKeyword.groovy:60)
	at com.kms.katalon.core.keyword.builtin.CallTestCaseKeyword$_callTestCase_closure1.call(CallTestCaseKeyword.groovy)
	at com.kms.katalon.core.keyword.internal.KeywordMain.runKeyword(KeywordMain.groovy:54)
	at com.kms.katalon.core.keyword.builtin.CallTestCaseKeyword.callTestCase(CallTestCaseKeyword.groovy:81)
	at com.kms.katalon.core.keyword.builtin.CallTestCaseKeyword.execute(CallTestCaseKeyword.groovy:45)
	at com.kms.katalon.core.keyword.internal.KeywordExecutor.executeKeywordForPlatform(KeywordExecutor.groovy:53)
	at com.kms.katalon.core.keyword.BuiltinKeywords.callTestCase(BuiltinKeywords.groovy:334)
	at sun.reflect.GeneratedMethodAccessor13.invoke(Unknown Source)
	at sun.reflect.DelegatingMethodAccessorImpl.invoke(DelegatingMethodAccessorImpl.java:43)
	at java.lang.reflect.Method.invoke(Method.java:498)
	at org.codehaus.groovy.reflection.CachedMethod.invoke(CachedMethod.java:93)
	at groovy.lang.MetaMethod.doMethodInvoke(MetaMethod.java:325)
	at groovy.lang.MetaClassImpl.invokeStaticMethod(MetaClassImpl.java:1469)
	at org.codehaus.groovy.runtime.callsite.StaticMetaClassSite.call(StaticMetaClassSite.java:53)
	at org.codehaus.groovy.runtime.callsite.CallSiteArray.defaultCall(CallSiteArray.java:48)
	at org.codehaus.groovy.runtime.callsite.AbstractCallSite.call(AbstractCallSite.java:113)
	at org.codehaus.groovy.runtime.callsite.AbstractCallSite.call(AbstractCallSite.java:141)
	at Script1536729541693.run(Script1536729541693.groovy:22)
	at com.kms.katalon.core.main.ScriptEngine.run(ScriptEngine.java:183)
	at com.kms.katalon.core.main.ScriptEngine.runScriptAsRawText(ScriptEngine.java:108)
	at com.kms.katalon.core.main.TestCaseExecutor.runScript(TestCaseExecutor.java:294)
	at com.kms.katalon.core.main.TestCaseExecutor.doExecute(TestCaseExecutor.java:285)
	at com.kms.katalon.core.main.TestCaseExecutor.processExecutionPhase(TestCaseExecutor.java:264)
	at com.kms.katalon.core.main.TestCaseExecutor.accessMainPhase(TestCaseExecutor.java:256)
	at com.kms.katalon.core.main.TestCaseExecutor.execute(TestCaseExecutor.java:200)
	at com.kms.katalon.core.main.TestSuiteExecutor.accessTestCaseMainPhase(TestSuiteExecutor.java:129)
	at com.kms.katalon.core.main.TestSuiteExecutor.accessTestSuiteMainPhase(TestSuiteExecutor.java:112)
	at com.kms.katalon.core.main.TestSuiteExecutor.execute(TestSuiteExecutor.java:81)
	at com.kms.katalon.core.main.TestCaseMain.startTestSuite(TestCaseMain.java:142)
	at com.kms.katalon.core.main.TestCaseMain$startTestSuite$0.call(Unknown Source)
	at org.codehaus.groovy.runtime.callsite.CallSiteArray.defaultCall(CallSiteArray.java:48)
	at org.codehaus.groovy.runtime.callsite.AbstractCallSite.call(AbstractCallSite.java:113)
	at org.codehaus.groovy.runtime.callsite.AbstractCallSite.call(AbstractCallSite.java:141)
	at TempTestSuite1541736709639.run(TempTestSuite1541736709639.groovy:36)
	at groovy.lang.GroovyShell.runScriptOrMainOrTestOrRunnable(GroovyShell.java:263)
	at groovy.lang.GroovyShell.run(GroovyShell.java:518)
	at groovy.lang.GroovyShell.run(GroovyShell.java:507)
	at groovy.ui.GroovyMain.processOnce(GroovyMain.java:653)
	at groovy.ui.GroovyMain.run(GroovyMain.java:384)
	at groovy.ui.GroovyMain.process(GroovyMain.java:370)
	at groovy.ui.GroovyMain.processArgs(GroovyMain.java:129)
	at groovy.ui.GroovyMain.main(GroovyMain.java:109)
	at sun.reflect.NativeMethodAccessorImpl.invoke0(Native Method)
	at sun.reflect.NativeMethodAccessorImpl.invoke(NativeMethodAccessorImpl.java:62)
	at sun.reflect.DelegatingMethodAccessorImpl.invoke(DelegatingMethodAccessorImpl.java:43)
	at java.lang.reflect.Method.invoke(Method.java:498)
	at org.codehaus.groovy.tools.GroovyStarter.rootLoader(GroovyStarter.java:109)
	at org.codehaus.groovy.tools.GroovyStarter.main(GroovyStarter.java:131)
)

2018-11-09 12:24:48 - [TEST_STEP][FAILED] - callTestCase: Unable to call Test Case with id 'Test Cases/Final Aug 2018 - PKS Automation/Registration Module/Workflow/Form 1A - Cessation As Employer/Template/Form 1 A - Cessation As Employer (Employer)' (Root cause: Call Test Case 'Test Cases/Final Aug 2018 - PKS Automation/Registration Module/Workflow/Form 1A - Cessation As Employer/Template/Form 1 A - Cessation As Employer (Employer)' failed)

2018-11-09 12:24:48 - [TEST_CASE][FAILED] - Test Cases/Final Aug 2018 - PKS Automation/Registration Module/Workflow/Form 1A - Cessation As Employer/Template/Form 1 A - Cessation As Employer (Employer): Test Cases/Final Aug 2018 - PKS Automation/Registration Module/Workflow/Form 1A - Cessation As Employer/Template/Form 1 A - Cessation As Employer (Employer) FAILED because (of) (Stack trace: com.kms.katalon.core.exception.StepFailedException: Unable to click on object 'Object Repository/Final Object Repo/Page_Form 1A - Cessation As Employer/Save  Continue in Uploading Page' (Root cause: org.openqa.selenium.ElementClickInterceptedException: Element <a id="_searchforemployer_WAR_registrationportlet_saveNContinueFormBtnId" class="btn btn-lg blueBtn col-md-2 pull-right disabled" href="https://assist2-uat.perkeso.gov.my/web/registration/update/form-1a-cessation-as-employer-discontinue-business-?p_auth=nv5iznbh&p_p_id=searchforemployer_WAR_registrationportlet&p_p_lifecycle=1&p_p_state=normal&p_p_mode=view&p_p_col_id=column-1&p_p_col_count=1&_searchforemployer_WAR_registrationportlet_javax.portlet.action=exeAction&_searchforemployer_WAR_registrationportlet_mvcPath=%2Fapps%2Freg%2Fdiscontinue_business%2Fdiscontinue_business_preview.jsp&_searchforemployer_WAR_registrationportlet_browserIdKey=1541738040495"> is not clickable at point (1150.3749542236328,625.933349609375) because another element <div class="blockUI blockOverlay"> obscures it
Build info: version: '3.9.1', revision: '63f7b50', time: '2018-02-07T22:42:28.403Z'
System info: host: 'WEIZHENG', ip: '10.212.128.118', os.name: 'Windows 7', os.arch: 'amd64', os.version: '6.1', java.version: '1.8.0_181'
Driver info: com.kms.katalon.core.webui.driver.firefox.CGeckoDriver
Capabilities {acceptInsecureCerts: true, browserName: firefox, browserVersion: 63.0.1, javascriptEnabled: true, moz:accessibilityChecks: false, moz:geckodriverVersion: 0.23.0, moz:headless: false, moz:processID: 9424, moz:profile: C:\Users\Wei Zheng\AppData\..., moz:useNonSpecCompliantPointerOrigin: false, moz:webdriverClick: true, pageLoadStrategy: normal, platform: WINDOWS, platformName: WINDOWS, platformVersion: 6.1, proxy: Proxy(direct), rotatable: false, setWindowRect: true, timeouts: {implicit: 0, pageLoad: 300000, script: 30000}, unhandledPromptBehavior: dismiss and notify}
Session ID: 87d1d418-8e5c-4b1f-869a-9c2ecda0cdde)
	at com.kms.katalon.core.keyword.internal.KeywordMain.stepFailed(KeywordMain.groovy:32)
	at com.kms.katalon.core.webui.keyword.internal.WebUIKeywordMain.stepFailed(WebUIKeywordMain.groovy:65)
	at com.kms.katalon.core.webui.keyword.internal.WebUIKeywordMain.runKeyword(WebUIKeywordMain.groovy:27)
	at com.kms.katalon.core.webui.keyword.builtin.ClickKeyword.click(ClickKeyword.groovy:86)
	at com.kms.katalon.core.webui.keyword.builtin.ClickKeyword.execute(ClickKeyword.groovy:67)
	at com.kms.katalon.core.keyword.internal.KeywordExecutor.executeKeywordForPlatform(KeywordExecutor.groovy:53)
	at com.kms.katalon.core.webui.keyword.WebUiBuiltInKeywords.click(WebUiBuiltInKeywords.groovy:616)
	at com.kms.katalon.core.webui.keyword.WebUiBuiltInKeywords$click$2.call(Unknown Source)
	at Script1536729355807.run(Script1536729355807.groovy:133)
	at com.kms.katalon.core.main.ScriptEngine.run(ScriptEngine.java:183)
	at com.kms.katalon.core.main.ScriptEngine.runScriptAsRawText(ScriptEngine.java:108)
	at com.kms.katalon.core.main.TestCaseExecutor.runScript(TestCaseExecutor.java:294)
	at com.kms.katalon.core.main.TestCaseExecutor.doExecute(TestCaseExecutor.java:285)
	at com.kms.katalon.core.main.TestCaseExecutor.processExecutionPhase(TestCaseExecutor.java:264)
	at com.kms.katalon.core.main.TestCaseExecutor.accessMainPhase(TestCaseExecutor.java:256)
	at com.kms.katalon.core.main.TestCaseExecutor.execute(TestCaseExecutor.java:200)
	at com.kms.katalon.core.main.TestCaseMain.runTestCase(TestCaseMain.java:99)
	at com.kms.katalon.core.keyword.builtin.CallTestCaseKeyword$_callTestCase_closure1.doCall(CallTestCaseKeyword.groovy:60)
	at com.kms.katalon.core.keyword.builtin.CallTestCaseKeyword$_callTestCase_closure1.call(CallTestCaseKeyword.groovy)
	at com.kms.katalon.core.keyword.internal.KeywordMain.runKeyword(KeywordMain.groovy:54)
	at com.kms.katalon.core.keyword.builtin.CallTestCaseKeyword.callTestCase(CallTestCaseKeyword.groovy:81)
	at com.kms.katalon.core.keyword.builtin.CallTestCaseKeyword.execute(CallTestCaseKeyword.groovy:45)
	at com.kms.katalon.core.keyword.internal.KeywordExecutor.executeKeywordForPlatform(KeywordExecutor.groovy:53)
	at com.kms.katalon.core.keyword.BuiltinKeywords.callTestCase(BuiltinKeywords.groovy:334)
	at sun.reflect.GeneratedMethodAccessor13.invoke(Unknown Source)
	at sun.reflect.DelegatingMethodAccessorImpl.invoke(DelegatingMethodAccessorImpl.java:43)
	at java.lang.reflect.Method.invoke(Method.java:498)
	at org.codehaus.groovy.reflection.CachedMethod.invoke(CachedMethod.java:93)
	at groovy.lang.MetaMethod.doMethodInvoke(MetaMethod.java:325)
	at groovy.lang.MetaClassImpl.invokeStaticMethod(MetaClassImpl.java:1469)
	at org.codehaus.groovy.runtime.callsite.StaticMetaClassSite.call(StaticMetaClassSite.java:53)
	at org.codehaus.groovy.runtime.callsite.CallSiteArray.defaultCall(CallSiteArray.java:48)
	at org.codehaus.groovy.runtime.callsite.AbstractCallSite.call(AbstractCallSite.java:113)
	at org.codehaus.groovy.runtime.callsite.AbstractCallSite.call(AbstractCallSite.java:141)
	at Script1536729541693.run(Script1536729541693.groovy:22)
	at com.kms.katalon.core.main.ScriptEngine.run(ScriptEngine.java:183)
	at com.kms.katalon.core.main.ScriptEngine.runScriptAsRawText(ScriptEngine.java:108)
	at com.kms.katalon.core.main.TestCaseExecutor.runScript(TestCaseExecutor.java:294)
	at com.kms.katalon.core.main.TestCaseExecutor.doExecute(TestCaseExecutor.java:285)
	at com.kms.katalon.core.main.TestCaseExecutor.processExecutionPhase(TestCaseExecutor.java:264)
	at com.kms.katalon.core.main.TestCaseExecutor.accessMainPhase(TestCaseExecutor.java:256)
	at com.kms.katalon.core.main.TestCaseExecutor.execute(TestCaseExecutor.java:200)
	at com.kms.katalon.core.main.TestSuiteExecutor.accessTestCaseMainPhase(TestSuiteExecutor.java:129)
	at com.kms.katalon.core.main.TestSuiteExecutor.accessTestSuiteMainPhase(TestSuiteExecutor.java:112)
	at com.kms.katalon.core.main.TestSuiteExecutor.execute(TestSuiteExecutor.java:81)
	at com.kms.katalon.core.main.TestCaseMain.startTestSuite(TestCaseMain.java:142)
	at com.kms.katalon.core.main.TestCaseMain$startTestSuite$0.call(Unknown Source)
	at org.codehaus.groovy.runtime.callsite.CallSiteArray.defaultCall(CallSiteArray.java:48)
	at org.codehaus.groovy.runtime.callsite.AbstractCallSite.call(AbstractCallSite.java:113)
	at org.codehaus.groovy.runtime.callsite.AbstractCallSite.call(AbstractCallSite.java:141)
	at TempTestSuite1541736709639.run(TempTestSuite1541736709639.groovy:36)
	at groovy.lang.GroovyShell.runScriptOrMainOrTestOrRunnable(GroovyShell.java:263)
	at groovy.lang.GroovyShell.run(GroovyShell.java:518)
	at groovy.lang.GroovyShell.run(GroovyShell.java:507)
	at groovy.ui.GroovyMain.processOnce(GroovyMain.java:653)
	at groovy.ui.GroovyMain.run(GroovyMain.java:384)
	at groovy.ui.GroovyMain.process(GroovyMain.java:370)
	at groovy.ui.GroovyMain.processArgs(GroovyMain.java:129)
	at groovy.ui.GroovyMain.main(GroovyMain.java:109)
	at sun.reflect.NativeMethodAccessorImpl.invoke0(Native Method)
	at sun.reflect.NativeMethodAccessorImpl.invoke(NativeMethodAccessorImpl.java:62)
	at sun.reflect.DelegatingMethodAccessorImpl.invoke(DelegatingMethodAccessorImpl.java:43)
	at java.lang.reflect.Method.invoke(Method.java:498)
	at org.codehaus.groovy.tools.GroovyStarter.rootLoader(GroovyStarter.java:109)
	at org.codehaus.groovy.tools.GroovyStarter.main(GroovyStarter.java:131)
)

2018-11-09 12:24:48 - [TEST_STEP][PASSED] - callTestCase: Call Test Case 'Test Cases/Final Aug 2018 - PKS Automation/Registration Module/Workflow/Update Add New Employee/Template/New Company for Update Add New - Employer' successfully

2018-11-09 12:24:48 - [TEST_CASE][PASSED] - Test Cases/Final Aug 2018 - PKS Automation/Registration Module/Workflow/Update Add New Employee/Template/New Company for Update Add New - Employer: Test Cases/Final Aug 2018 - PKS Automation/Registration Module/Workflow/Update Add New Employee/Template/New Company for Update Add New - Employer

2018-11-09 12:24:48 - [TEST_STEP][PASSED] - callTestCase: Call Test Case 'Test Cases/Final Aug 2018 - PKS Automation/Create Employer Acc/Create Employer Account' successfully

2018-11-09 12:24:48 - [TEST_CASE][PASSED] - Test Cases/Final Aug 2018 - PKS Automation/Create Employer Acc/Create Employer Account: Test Cases/Final Aug 2018 - PKS Automation/Create Employer Acc/Create Employer Account

2018-11-09 12:24:48 - [TEST_STEP][PASSED] - callTestCase: Call Test Case 'Test Cases/Final Aug 2018 - PKS Automation/Create Employer Acc/Template/Register Employer' successfully

2018-11-09 12:24:48 - [TEST_CASE][PASSED] - Test Cases/Final Aug 2018 - PKS Automation/Create Employer Acc/Template/Register Employer: Test Cases/Final Aug 2018 - PKS Automation/Create Employer Acc/Template/Register Employer

2018-11-09 12:24:48 - [TEST_STEP][PASSED] - openBrowser: Browser is opened with url: ''

2018-11-09 12:24:48 - [MESSAGE][WARNING] - A browser is already opened. Closing browser and opening a new one

2018-11-09 12:24:52 - [MESSAGE][PASSED] - Browser is opened with url: ''

2018-11-09 12:24:52 - [TEST_STEP][PASSED] - navigateToUrl: Navigate to 'https://assist2-uat.perkeso.gov.my/login' successfully

2018-11-09 12:24:55 - [MESSAGE][PASSED] - Navigate to 'https://assist2-uat.perkeso.gov.my/login' successfully

2018-11-09 12:24:55 - [TEST_STEP][PASSED] - setText: Text 'johorotc1@gmail.com' is set on object 'Object Repository/Final Object Repo/Login Page/Internal User/Email Address'

2018-11-09 12:24:55 - [MESSAGE][PASSED] - Text 'johorotc1@gmail.com' is set on object 'Object Repository/Final Object Repo/Login Page/Internal User/Email Address'

2018-11-09 12:24:55 - [TEST_STEP][PASSED] - click: Object: 'Object Repository/Final Object Repo/Login Page/Internal User/Next Button' is clicked on

2018-11-09 12:24:55 - [MESSAGE][PASSED] - Object: 'Object Repository/Final Object Repo/Login Page/Internal User/Next Button' is clicked on

2018-11-09 12:24:55 - [TEST_STEP][PASSED] - delay: Delayed 1 second(s)

2018-11-09 12:24:56 - [MESSAGE][PASSED] - Delayed 1 second(s)

2018-11-09 12:24:56 - [TEST_STEP][PASSED] - setEncryptedText: Text ****** has been set on object 'Object Repository/Final Object Repo/Login Page/Internal User/Password'

2018-11-09 12:24:56 - [MESSAGE][PASSED] - Text ****** has been set on object 'Object Repository/Final Object Repo/Login Page/Internal User/Password'

2018-11-09 12:24:56 - [TEST_STEP][PASSED] - click: Object: 'Object Repository/Final Object Repo/Login Page/Internal User/Login Button' is clicked on

2018-11-09 12:25:00 - [MESSAGE][PASSED] - Object: 'Object Repository/Final Object Repo/Login Page/Internal User/Login Button' is clicked on

2018-11-09 12:25:00 - [TEST_STEP][PASSED] - delay: Delayed 1 second(s)

2018-11-09 12:25:01 - [MESSAGE][PASSED] - Delayed 1 second(s)

2018-11-09 12:25:01 - [TEST_STEP][PASSED] - navigateToUrl: Navigate to 'https://assist2-uat.perkeso.gov.my/web/base/portal-id/registration' successfully

2018-11-09 12:25:02 - [MESSAGE][PASSED] - Navigate to 'https://assist2-uat.perkeso.gov.my/web/base/portal-id/registration' successfully

2018-11-09 12:25:02 - [TEST_STEP][PASSED] - setText: Text 'AUTOMATION EMPLOYER' is set on object 'Object Repository/Final Object Repo/Creating Employer Account/Page_Registration - ASSIST (Base)/Employer Name'

2018-11-09 12:25:03 - [MESSAGE][PASSED] - Text 'AUTOMATION EMPLOYER' is set on object 'Object Repository/Final Object Repo/Creating Employer Account/Page_Registration - ASSIST (Base)/Employer Name'

2018-11-09 12:25:03 - [TEST_STEP][PASSED] - delay: Delayed 2 second(s)

2018-11-09 12:25:05 - [MESSAGE][PASSED] - Delayed 2 second(s)

2018-11-09 12:25:05 - [TEST_STEP][PASSED] - click: Object: 'Object Repository/Final Object Repo/Creating Employer Account/Page_Registration - ASSIST (Base)/Registration Type' is clicked on

2018-11-09 12:25:05 - [MESSAGE][PASSED] - Object: 'Object Repository/Final Object Repo/Creating Employer Account/Page_Registration - ASSIST (Base)/Registration Type' is clicked on

2018-11-09 12:25:05 - [TEST_STEP][PASSED] - delay: Delayed 2 second(s)

2018-11-09 12:25:07 - [MESSAGE][PASSED] - Delayed 2 second(s)

2018-11-09 12:25:07 - [TEST_STEP][PASSED] - click: Object: 'Object Repository/Final Object Repo/Creating Employer Account/Page_Registration - ASSIST (Base)/Registration Type - Registration No' is clicked on

2018-11-09 12:25:08 - [MESSAGE][PASSED] - Object: 'Object Repository/Final Object Repo/Creating Employer Account/Page_Registration - ASSIST (Base)/Registration Type - Registration No' is clicked on

2018-11-09 12:25:08 - [TEST_STEP][PASSED] - delay: Delayed 2 second(s)

2018-11-09 12:25:10 - [MESSAGE][PASSED] - Delayed 2 second(s)

2018-11-09 12:25:10 - [TEST_STEP][PASSED] - setText: Text '1234567890' is set on object 'Object Repository/Final Object Repo/Creating Employer Account/Page_Registration - ASSIST (Base)/Registration Number'

2018-11-09 12:25:10 - [MESSAGE][PASSED] - Text '1234567890' is set on object 'Object Repository/Final Object Repo/Creating Employer Account/Page_Registration - ASSIST (Base)/Registration Number'

2018-11-09 12:25:10 - [TEST_STEP][PASSED] - delay: Delayed 2 second(s)

2018-11-09 12:25:12 - [MESSAGE][PASSED] - Delayed 2 second(s)

2018-11-09 12:25:12 - [TEST_STEP][PASSED] - setText: Text 'ADDRESS 1' is set on object 'Object Repository/Final Object Repo/Creating Employer Account/Page_Registration - ASSIST (Base)/Postal Address 1'

2018-11-09 12:25:12 - [MESSAGE][PASSED] - Text 'ADDRESS 1' is set on object 'Object Repository/Final Object Repo/Creating Employer Account/Page_Registration - ASSIST (Base)/Postal Address 1'

2018-11-09 12:25:12 - [TEST_STEP][PASSED] - setText: Text 'ADDRESS 2' is set on object 'Object Repository/Final Object Repo/Creating Employer Account/Page_Registration - ASSIST (Base)/Postal Address 2'

2018-11-09 12:25:12 - [MESSAGE][PASSED] - Text 'ADDRESS 2' is set on object 'Object Repository/Final Object Repo/Creating Employer Account/Page_Registration - ASSIST (Base)/Postal Address 2'

2018-11-09 12:25:12 - [TEST_STEP][PASSED] - click: Object: 'Object Repository/Final Object Repo/Creating Employer Account/Page_Registration - ASSIST (Base)/State' is clicked on

2018-11-09 12:25:13 - [MESSAGE][PASSED] - Object: 'Object Repository/Final Object Repo/Creating Employer Account/Page_Registration - ASSIST (Base)/State' is clicked on

2018-11-09 12:25:13 - [TEST_STEP][PASSED] - delay: Delayed 2 second(s)

2018-11-09 12:25:15 - [MESSAGE][PASSED] - Delayed 2 second(s)

2018-11-09 12:25:15 - [TEST_STEP][PASSED] - click: Object: 'Object Repository/Final Object Repo/Creating Employer Account/Page_Registration - ASSIST (Base)/State - Johor' is clicked on

2018-11-09 12:25:15 - [MESSAGE][PASSED] - Object: 'Object Repository/Final Object Repo/Creating Employer Account/Page_Registration - ASSIST (Base)/State - Johor' is clicked on

2018-11-09 12:25:15 - [TEST_STEP][PASSED] - delay: Delayed 2 second(s)

2018-11-09 12:25:17 - [MESSAGE][PASSED] - Delayed 2 second(s)

2018-11-09 12:25:17 - [TEST_STEP][PASSED] - click: Object: 'Object Repository/Final Object Repo/Creating Employer Account/Page_Registration - ASSIST (Base)/City' is clicked on

2018-11-09 12:25:18 - [MESSAGE][PASSED] - Object: 'Object Repository/Final Object Repo/Creating Employer Account/Page_Registration - ASSIST (Base)/City' is clicked on

2018-11-09 12:25:18 - [TEST_STEP][PASSED] - delay: Delayed 2 second(s)

2018-11-09 12:25:20 - [MESSAGE][PASSED] - Delayed 2 second(s)

2018-11-09 12:25:20 - [TEST_STEP][PASSED] - setText: Text 'joh' is set on object 'Object Repository/Final Object Repo/Creating Employer Account/Page_Registration - ASSIST (Base)/City - joh'

2018-11-09 12:25:20 - [MESSAGE][PASSED] - Text 'joh' is set on object 'Object Repository/Final Object Repo/Creating Employer Account/Page_Registration - ASSIST (Base)/City - joh'

2018-11-09 12:25:20 - [TEST_STEP][PASSED] - delay: Delayed 2 second(s)

2018-11-09 12:25:22 - [MESSAGE][PASSED] - Delayed 2 second(s)

2018-11-09 12:25:22 - [TEST_STEP][PASSED] - click: Object: 'Object Repository/Final Object Repo/Creating Employer Account/Page_Registration - ASSIST (Base)/City - Johor Bharu' is clicked on

2018-11-09 12:25:23 - [MESSAGE][PASSED] - Object: 'Object Repository/Final Object Repo/Creating Employer Account/Page_Registration - ASSIST (Base)/City - Johor Bharu' is clicked on

2018-11-09 12:25:23 - [TEST_STEP][PASSED] - delay: Delayed 2 second(s)

2018-11-09 12:25:25 - [MESSAGE][PASSED] - Delayed 2 second(s)

2018-11-09 12:25:25 - [TEST_STEP][PASSED] - click: Object: 'Object Repository/Final Object Repo/Creating Employer Account/Page_Registration - ASSIST (Base)/Post Code' is clicked on

2018-11-09 12:25:25 - [MESSAGE][PASSED] - Object: 'Object Repository/Final Object Repo/Creating Employer Account/Page_Registration - ASSIST (Base)/Post Code' is clicked on

2018-11-09 12:25:25 - [TEST_STEP][PASSED] - delay: Delayed 2 second(s)

2018-11-09 12:25:27 - [MESSAGE][PASSED] - Delayed 2 second(s)

2018-11-09 12:25:27 - [TEST_STEP][PASSED] - setText: Text '810' is set on object 'Object Repository/Final Object Repo/Creating Employer Account/Page_Registration - ASSIST (Base)/Post Code - 810'

2018-11-09 12:25:27 - [MESSAGE][PASSED] - Text '810' is set on object 'Object Repository/Final Object Repo/Creating Employer Account/Page_Registration - ASSIST (Base)/Post Code - 810'

2018-11-09 12:25:27 - [TEST_STEP][PASSED] - delay: Delayed 2 second(s)

2018-11-09 12:25:29 - [MESSAGE][PASSED] - Delayed 2 second(s)

2018-11-09 12:25:29 - [TEST_STEP][PASSED] - click: Object: 'Object Repository/Final Object Repo/Creating Employer Account/Page_Registration - ASSIST (Base)/Post Code - 81000' is clicked on

2018-11-09 12:25:30 - [MESSAGE][PASSED] - Object: 'Object Repository/Final Object Repo/Creating Employer Account/Page_Registration - ASSIST (Base)/Post Code - 81000' is clicked on

2018-11-09 12:25:30 - [TEST_STEP][PASSED] - delay: Delayed 2 second(s)

2018-11-09 12:25:32 - [MESSAGE][PASSED] - Delayed 2 second(s)

2018-11-09 12:25:32 - [TEST_STEP][PASSED] - setText: Text 'PERKESO' is set on object 'Object Repository/Final Object Repo/Creating Employer Account/Page_Registration - ASSIST (Base)/Full Name'

2018-11-09 12:25:32 - [MESSAGE][PASSED] - Text 'PERKESO' is set on object 'Object Repository/Final Object Repo/Creating Employer Account/Page_Registration - ASSIST (Base)/Full Name'

2018-11-09 12:25:32 - [TEST_STEP][PASSED] - Statement - rnd = new java.util.Random(): null

2018-11-09 12:25:32 - [TEST_STEP][PASSED] - Statement - snum = rnd.nextInt(899999 + 1) + 100000: null

2018-11-09 12:25:32 - [TEST_STEP][PASSED] - Statement - tnum = rnd.nextInt(899999 + 1) + 100000: null

2018-11-09 12:25:32 - [TEST_STEP][PASSED] - Statement - IC = java.lang.Integer.toString(snum) + java.lang.Integer.toString(tnum): null

2018-11-09 12:25:32 - [TEST_STEP][PASSED] - Statement - out.println(IC): null

2018-11-09 12:25:32 - [TEST_STEP][PASSED] - setText: Text '966245926697' is set on object 'Object Repository/Final Object Repo/Creating Employer Account/Page_Registration - ASSIST (Base)/Identification Number'

2018-11-09 12:25:32 - [MESSAGE][PASSED] - Text '966245926697' is set on object 'Object Repository/Final Object Repo/Creating Employer Account/Page_Registration - ASSIST (Base)/Identification Number'

2018-11-09 12:25:32 - [TEST_STEP][PASSED] - delay: Delayed 2 second(s)

2018-11-09 12:25:34 - [MESSAGE][PASSED] - Delayed 2 second(s)

2018-11-09 12:25:34 - [TEST_STEP][PASSED] - setText: Text '123456789012' is set on object 'Object Repository/Final Object Repo/Creating Employer Account/Page_Registration - ASSIST (Base)/Contact Number'

2018-11-09 12:25:34 - [MESSAGE][PASSED] - Text '123456789012' is set on object 'Object Repository/Final Object Repo/Creating Employer Account/Page_Registration - ASSIST (Base)/Contact Number'

2018-11-09 12:25:34 - [TEST_STEP][PASSED] - Statement - Email = "perkeso" + IC + "@gmail.com": null

2018-11-09 12:25:34 - [TEST_STEP][PASSED] - delay: Delayed 2 second(s)

2018-11-09 12:25:36 - [MESSAGE][PASSED] - Delayed 2 second(s)

2018-11-09 12:25:36 - [TEST_STEP][PASSED] - callTestCase: Call Test Case 'Test Cases/Final Aug 2018 - PKS Automation/Create Employer Acc/Template/Employer Email Settler' successfully

2018-11-09 12:25:36 - [TEST_CASE][PASSED] - Test Cases/Final Aug 2018 - PKS Automation/Create Employer Acc/Template/Employer Email Settler: Test Cases/Final Aug 2018 - PKS Automation/Create Employer Acc/Template/Employer Email Settler

2018-11-09 12:25:36 - [TEST_STEP][PASSED] - Statement - EmpEmailOld = new java.io.File(C://EmpEmail.txt): null

2018-11-09 12:25:36 - [TEST_STEP][PASSED] - Statement - EmpEmailOld.delete(): null

2018-11-09 12:25:36 - [TEST_STEP][PASSED] - Statement - EmpEmail = new java.io.File(C://EmpEmail.txt): null

2018-11-09 12:25:36 - [TEST_STEP][PASSED] - Statement - EmpEmail.append(Email): null

2018-11-09 12:25:36 - [TEST_STEP][PASSED] - Statement - out.println(Email): null

2018-11-09 12:25:36 - [MESSAGE][PASSED] - Call Test Case 'Test Cases/Final Aug 2018 - PKS Automation/Create Employer Acc/Template/Employer Email Settler' successfully

2018-11-09 12:25:36 - [TEST_STEP][PASSED] - delay: Delayed 2 second(s)

2018-11-09 12:25:38 - [MESSAGE][PASSED] - Delayed 2 second(s)

2018-11-09 12:25:38 - [TEST_STEP][PASSED] - setText: Text 'perkeso966245926697@gmail.com' is set on object 'Object Repository/Final Object Repo/Creating Employer Account/Page_Registration - ASSIST (Base)/Email'

2018-11-09 12:25:38 - [MESSAGE][PASSED] - Text 'perkeso966245926697@gmail.com' is set on object 'Object Repository/Final Object Repo/Creating Employer Account/Page_Registration - ASSIST (Base)/Email'

2018-11-09 12:25:38 - [TEST_STEP][PASSED] - setText: Text '123' is set on object 'Object Repository/Final Object Repo/Creating Employer Account/Page_Registration - ASSIST (Base)/Security Phase'

2018-11-09 12:25:39 - [MESSAGE][PASSED] - Text '123' is set on object 'Object Repository/Final Object Repo/Creating Employer Account/Page_Registration - ASSIST (Base)/Security Phase'

2018-11-09 12:25:39 - [TEST_STEP][PASSED] - click: Object: 'Object Repository/Final Object Repo/Creating Employer Account/Page_Registration - ASSIST (Base)/Save  Continue' is clicked on

2018-11-09 12:25:40 - [MESSAGE][PASSED] - Object: 'Object Repository/Final Object Repo/Creating Employer Account/Page_Registration - ASSIST (Base)/Save  Continue' is clicked on

2018-11-09 12:25:40 - [TEST_STEP][PASSED] - delay: Delayed 2 second(s)

2018-11-09 12:25:42 - [MESSAGE][PASSED] - Delayed 2 second(s)

2018-11-09 12:25:42 - [TEST_STEP][PASSED] - click: Object: 'Object Repository/Final Object Repo/Creating Employer Account/Page_Registration - ASSIST (Base)/Add Document' is clicked on

2018-11-09 12:25:43 - [MESSAGE][PASSED] - Object: 'Object Repository/Final Object Repo/Creating Employer Account/Page_Registration - ASSIST (Base)/Add Document' is clicked on

2018-11-09 12:25:43 - [TEST_STEP][PASSED] - delay: Delayed 2 second(s)

2018-11-09 12:25:45 - [MESSAGE][PASSED] - Delayed 2 second(s)

2018-11-09 12:25:45 - [TEST_STEP][PASSED] - click: Object: 'Object Repository/Final Object Repo/Creating Employer Account/Page_Registration - ASSIST (Base)/Document Type' is clicked on

2018-11-09 12:25:45 - [MESSAGE][PASSED] - Object: 'Object Repository/Final Object Repo/Creating Employer Account/Page_Registration - ASSIST (Base)/Document Type' is clicked on

2018-11-09 12:25:45 - [TEST_STEP][PASSED] - delay: Delayed 2 second(s)

2018-11-09 12:25:47 - [MESSAGE][PASSED] - Delayed 2 second(s)

2018-11-09 12:25:47 - [TEST_STEP][PASSED] - click: Object: 'Object Repository/Final Object Repo/Creating Employer Account/Page_Registration - ASSIST (Base)/Document Type - Letter of Authorization' is clicked on

2018-11-09 12:25:48 - [MESSAGE][PASSED] - Object: 'Object Repository/Final Object Repo/Creating Employer Account/Page_Registration - ASSIST (Base)/Document Type - Letter of Authorization' is clicked on

2018-11-09 12:25:48 - [TEST_STEP][PASSED] - delay: Delayed 2 second(s)

2018-11-09 12:25:50 - [MESSAGE][PASSED] - Delayed 2 second(s)

2018-11-09 12:25:50 - [TEST_STEP][PASSED] - sendKeys: Keys 'C:\Users\Public\Pictures\Sample Pictures\Act.jpg' sent to object: 'Object Repository/Final Object Repo/Creating Employer Account/Page_Registration - ASSIST (Base)/Uploading File'

2018-11-09 12:25:50 - [MESSAGE][PASSED] - Keys 'C:\Users\Public\Pictures\Sample Pictures\Act.jpg' sent to object: 'Object Repository/Final Object Repo/Creating Employer Account/Page_Registration - ASSIST (Base)/Uploading File'

2018-11-09 12:25:50 - [TEST_STEP][PASSED] - delay: Delayed 2 second(s)

2018-11-09 12:25:52 - [MESSAGE][PASSED] - Delayed 2 second(s)

2018-11-09 12:25:52 - [TEST_STEP][PASSED] - click: Object: 'Object Repository/Final Object Repo/Creating Employer Account/Page_Registration - ASSIST (Base)/Add Document in Uploading File' is clicked on

2018-11-09 12:25:54 - [MESSAGE][PASSED] - Object: 'Object Repository/Final Object Repo/Creating Employer Account/Page_Registration - ASSIST (Base)/Add Document in Uploading File' is clicked on

2018-11-09 12:25:54 - [TEST_STEP][PASSED] - delay: Delayed 2 second(s)

2018-11-09 12:25:56 - [MESSAGE][PASSED] - Delayed 2 second(s)

2018-11-09 12:25:56 - [TEST_STEP][PASSED] - click: Object: 'Object Repository/Final Object Repo/Creating Employer Account/Page_Registration - ASSIST (Base)/Save' is clicked on

2018-11-09 12:25:58 - [MESSAGE][PASSED] - Object: 'Object Repository/Final Object Repo/Creating Employer Account/Page_Registration - ASSIST (Base)/Save' is clicked on

2018-11-09 12:25:58 - [TEST_STEP][PASSED] - delay: Delayed 2 second(s)

2018-11-09 12:26:00 - [MESSAGE][PASSED] - Delayed 2 second(s)

2018-11-09 12:26:00 - [TEST_STEP][PASSED] - click: Object: 'Object Repository/Final Object Repo/Creating Employer Account/Page_Registration - ASSIST (Base)/Submit' is clicked on

2018-11-09 12:26:01 - [MESSAGE][PASSED] - Object: 'Object Repository/Final Object Repo/Creating Employer Account/Page_Registration - ASSIST (Base)/Submit' is clicked on

2018-11-09 12:26:01 - [TEST_STEP][PASSED] - delay: Delayed 2 second(s)

2018-11-09 12:26:03 - [MESSAGE][PASSED] - Delayed 2 second(s)

2018-11-09 12:26:03 - [TEST_STEP][PASSED] - click: Object: 'Object Repository/Final Object Repo/Creating Employer Account/Page_Registration - ASSIST (Base)/Confirm' is clicked on

2018-11-09 12:26:03 - [MESSAGE][PASSED] - Object: 'Object Repository/Final Object Repo/Creating Employer Account/Page_Registration - ASSIST (Base)/Confirm' is clicked on

2018-11-09 12:26:03 - [MESSAGE][PASSED] - Call Test Case 'Test Cases/Final Aug 2018 - PKS Automation/Create Employer Acc/Template/Register Employer' successfully

2018-11-09 12:26:03 - [TEST_STEP][PASSED] - delay: Delayed 1 second(s)

2018-11-09 12:26:04 - [MESSAGE][PASSED] - Delayed 1 second(s)

2018-11-09 12:26:04 - [TEST_STEP][PASSED] - navigateToUrl: Navigate to 'https://assist2-uat.perkeso.gov.my/c/portal/logout' successfully

2018-11-09 12:26:05 - [MESSAGE][PASSED] - Navigate to 'https://assist2-uat.perkeso.gov.my/c/portal/logout' successfully

2018-11-09 12:26:05 - [TEST_STEP][PASSED] - delay: Delayed 1 second(s)

2018-11-09 12:26:06 - [MESSAGE][PASSED] - Delayed 1 second(s)

2018-11-09 12:26:06 - [TEST_STEP][PASSED] - callTestCase: Call Test Case 'Test Cases/Final Aug 2018 - PKS Automation/Create Employer Acc/Template/Change Password of Employer' successfully

2018-11-09 12:26:06 - [TEST_CASE][PASSED] - Test Cases/Final Aug 2018 - PKS Automation/Create Employer Acc/Template/Change Password of Employer: Test Cases/Final Aug 2018 - PKS Automation/Create Employer Acc/Template/Change Password of Employer

2018-11-09 12:26:06 - [TEST_STEP][PASSED] - openBrowser: Browser is opened with url: ''

2018-11-09 12:26:06 - [MESSAGE][WARNING] - A browser is already opened. Closing browser and opening a new one

2018-11-09 12:26:11 - [MESSAGE][PASSED] - Browser is opened with url: ''

2018-11-09 12:26:11 - [TEST_STEP][PASSED] - navigateToUrl: Navigate to 'https://assist2-uat.perkeso.gov.my/login' successfully

2018-11-09 12:26:14 - [MESSAGE][PASSED] - Navigate to 'https://assist2-uat.perkeso.gov.my/login' successfully

2018-11-09 12:26:14 - [TEST_STEP][PASSED] - delay: Delayed 5 second(s)

2018-11-09 12:26:19 - [MESSAGE][PASSED] - Delayed 5 second(s)

2018-11-09 12:26:19 - [TEST_STEP][PASSED] - setText: Text 'test@liferay.com' is set on object 'Object Repository/Final Object Repo/Login Page/Internal User/Email Address'

2018-11-09 12:26:19 - [MESSAGE][PASSED] - Text 'test@liferay.com' is set on object 'Object Repository/Final Object Repo/Login Page/Internal User/Email Address'

2018-11-09 12:26:19 - [TEST_STEP][PASSED] - click: Object: 'Object Repository/Final Object Repo/Login Page/Internal User/Next Button' is clicked on

2018-11-09 12:26:19 - [MESSAGE][PASSED] - Object: 'Object Repository/Final Object Repo/Login Page/Internal User/Next Button' is clicked on

2018-11-09 12:26:19 - [TEST_STEP][PASSED] - delay: Delayed 2 second(s)

2018-11-09 12:26:21 - [MESSAGE][PASSED] - Delayed 2 second(s)

2018-11-09 12:26:21 - [TEST_STEP][PASSED] - setText: Text 'test' is set on object 'Object Repository/Final Object Repo/Login Page/Internal User/Password'

2018-11-09 12:26:22 - [MESSAGE][PASSED] - Text 'test' is set on object 'Object Repository/Final Object Repo/Login Page/Internal User/Password'

2018-11-09 12:26:22 - [TEST_STEP][PASSED] - delay: Delayed 2 second(s)

2018-11-09 12:26:24 - [MESSAGE][PASSED] - Delayed 2 second(s)

2018-11-09 12:26:24 - [TEST_STEP][PASSED] - click: Object: 'Object Repository/Final Object Repo/Login Page/Internal User/Login Button' is clicked on

2018-11-09 12:26:27 - [MESSAGE][PASSED] - Object: 'Object Repository/Final Object Repo/Login Page/Internal User/Login Button' is clicked on

2018-11-09 12:26:27 - [TEST_STEP][PASSED] - delay: Delayed 3 second(s)

2018-11-09 12:26:30 - [MESSAGE][PASSED] - Delayed 3 second(s)

2018-11-09 12:26:30 - [TEST_STEP][PASSED] - navigateToUrl: Navigate to 'https://assist2-uat.perkeso.gov.my/group/control_panel/manage?p_p_id=125&p_p_lifecycle=0&p_p_state=maximized&p_p_mode=view&refererPlid=20455&_125_usersListView=flat-users&_125_toolbarItem=view-all-users&_125_saveUsersListView=true&_125_struts_action=%2Fusers_admin%2Fview' successfully

2018-11-09 12:26:33 - [MESSAGE][PASSED] - Navigate to 'https://assist2-uat.perkeso.gov.my/group/control_panel/manage?p_p_id=125&p_p_lifecycle=0&p_p_state=maximized&p_p_mode=view&refererPlid=20455&_125_usersListView=flat-users&_125_toolbarItem=view-all-users&_125_saveUsersListView=true&_125_struts_action=%2Fusers_admin%2Fview' successfully

2018-11-09 12:26:33 - [TEST_STEP][PASSED] - delay: Delayed 3 second(s)

2018-11-09 12:26:36 - [MESSAGE][PASSED] - Delayed 3 second(s)

2018-11-09 12:26:36 - [TEST_STEP][PASSED] - setText: Text 'perkeso966245926697@gmail.com' is set on object 'Object Repository/Final Object Repo/Creating Employer Account/Page_Users and Organizations - ASSIST/Employer name'

2018-11-09 12:26:36 - [MESSAGE][PASSED] - Text 'perkeso966245926697@gmail.com' is set on object 'Object Repository/Final Object Repo/Creating Employer Account/Page_Users and Organizations - ASSIST/Employer name'

2018-11-09 12:26:36 - [TEST_STEP][PASSED] - delay: Delayed 3 second(s)

2018-11-09 12:26:39 - [MESSAGE][PASSED] - Delayed 3 second(s)

2018-11-09 12:26:39 - [TEST_STEP][PASSED] - click: Object: 'Object Repository/Final Object Repo/Creating Employer Account/Page_Users and Organizations - ASSIST/Search' is clicked on

2018-11-09 12:26:40 - [MESSAGE][PASSED] - Object: 'Object Repository/Final Object Repo/Creating Employer Account/Page_Users and Organizations - ASSIST/Search' is clicked on

2018-11-09 12:26:40 - [TEST_STEP][PASSED] - delay: Delayed 3 second(s)

2018-11-09 12:26:43 - [MESSAGE][PASSED] - Delayed 3 second(s)

2018-11-09 12:26:43 - [TEST_STEP][PASSED] - click: Object: 'Object Repository/Final Object Repo/Creating Employer Account/Page_Users and Organizations - ASSIST/Action' is clicked on

2018-11-09 12:26:43 - [MESSAGE][PASSED] - Object: 'Object Repository/Final Object Repo/Creating Employer Account/Page_Users and Organizations - ASSIST/Action' is clicked on

2018-11-09 12:26:43 - [TEST_STEP][PASSED] - delay: Delayed 3 second(s)

2018-11-09 12:26:46 - [MESSAGE][PASSED] - Delayed 3 second(s)

2018-11-09 12:26:46 - [TEST_STEP][PASSED] - click: Object: 'Object Repository/Final Object Repo/Creating Employer Account/Page_Users and Organizations - ASSIST/Edit' is clicked on

2018-11-09 12:26:48 - [MESSAGE][PASSED] - Object: 'Object Repository/Final Object Repo/Creating Employer Account/Page_Users and Organizations - ASSIST/Edit' is clicked on

2018-11-09 12:26:48 - [TEST_STEP][PASSED] - delay: Delayed 3 second(s)

2018-11-09 12:26:51 - [MESSAGE][PASSED] - Delayed 3 second(s)

2018-11-09 12:26:51 - [TEST_STEP][PASSED] - click: Object: 'Object Repository/Final Object Repo/Creating Employer Account/Page_PERKESO - Users and Organizati/a_Password (Modified)' is clicked on

2018-11-09 12:26:51 - [MESSAGE][PASSED] - Object: 'Object Repository/Final Object Repo/Creating Employer Account/Page_PERKESO - Users and Organizati/a_Password (Modified)' is clicked on

2018-11-09 12:26:51 - [TEST_STEP][PASSED] - delay: Delayed 3 second(s)

2018-11-09 12:26:54 - [MESSAGE][PASSED] - Delayed 3 second(s)

2018-11-09 12:26:54 - [TEST_STEP][PASSED] - setEncryptedText: Text ****** has been set on object 'Object Repository/Final Object Repo/Creating Employer Account/Page_PERKESO - Users and Organizati/input__125_password1'

2018-11-09 12:26:54 - [MESSAGE][PASSED] - Text ****** has been set on object 'Object Repository/Final Object Repo/Creating Employer Account/Page_PERKESO - Users and Organizati/input__125_password1'

2018-11-09 12:26:54 - [TEST_STEP][PASSED] - delay: Delayed 3 second(s)

2018-11-09 12:26:57 - [MESSAGE][PASSED] - Delayed 3 second(s)

2018-11-09 12:26:57 - [TEST_STEP][PASSED] - setEncryptedText: Text ****** has been set on object 'Object Repository/Final Object Repo/Creating Employer Account/Page_PERKESO - Users and Organizati/input__125_password2'

2018-11-09 12:26:58 - [MESSAGE][PASSED] - Text ****** has been set on object 'Object Repository/Final Object Repo/Creating Employer Account/Page_PERKESO - Users and Organizati/input__125_password2'

2018-11-09 12:26:58 - [TEST_STEP][PASSED] - delay: Delayed 3 second(s)

2018-11-09 12:27:01 - [MESSAGE][PASSED] - Delayed 3 second(s)

2018-11-09 12:27:01 - [TEST_STEP][PASSED] - click: Object: 'Object Repository/Final Object Repo/Creating Employer Account/Page_PERKESO - Users and Organizati/Save' is clicked on

2018-11-09 12:27:03 - [MESSAGE][PASSED] - Object: 'Object Repository/Final Object Repo/Creating Employer Account/Page_PERKESO - Users and Organizati/Save' is clicked on

2018-11-09 12:27:03 - [MESSAGE][PASSED] - Call Test Case 'Test Cases/Final Aug 2018 - PKS Automation/Create Employer Acc/Template/Change Password of Employer' successfully

2018-11-09 12:27:03 - [TEST_STEP][PASSED] - delay: Delayed 1 second(s)

2018-11-09 12:27:04 - [MESSAGE][PASSED] - Delayed 1 second(s)

2018-11-09 12:27:04 - [TEST_STEP][PASSED] - navigateToUrl: Navigate to 'https://assist2-uat.perkeso.gov.my/c/portal/logout' successfully

2018-11-09 12:27:05 - [MESSAGE][PASSED] - Navigate to 'https://assist2-uat.perkeso.gov.my/c/portal/logout' successfully

2018-11-09 12:27:05 - [TEST_STEP][PASSED] - delay: Delayed 1 second(s)

2018-11-09 12:27:06 - [MESSAGE][PASSED] - Delayed 1 second(s)

2018-11-09 12:27:06 - [TEST_STEP][PASSED] - callTestCase: Call Test Case 'Test Cases/Final Aug 2018 - PKS Automation/Create Employer Acc/Template/Login to Employer Account (First Time)' successfully

2018-11-09 12:27:06 - [TEST_CASE][PASSED] - Test Cases/Final Aug 2018 - PKS Automation/Create Employer Acc/Template/Login to Employer Account (First Time): Test Cases/Final Aug 2018 - PKS Automation/Create Employer Acc/Template/Login to Employer Account (First Time)

2018-11-09 12:27:06 - [TEST_STEP][PASSED] - openBrowser: Browser is opened with url: ''

2018-11-09 12:27:06 - [MESSAGE][WARNING] - A browser is already opened. Closing browser and opening a new one

2018-11-09 12:27:11 - [MESSAGE][PASSED] - Browser is opened with url: ''

2018-11-09 12:27:11 - [TEST_STEP][PASSED] - navigateToUrl: Navigate to 'https://assist2-uat.perkeso.gov.my/employer/login' successfully

2018-11-09 12:27:13 - [MESSAGE][PASSED] - Navigate to 'https://assist2-uat.perkeso.gov.my/employer/login' successfully

2018-11-09 12:27:13 - [TEST_STEP][PASSED] - delay: Delayed 3 second(s)

2018-11-09 12:27:16 - [MESSAGE][PASSED] - Delayed 3 second(s)

2018-11-09 12:27:16 - [TEST_STEP][PASSED] - callTestCase: Call Test Case 'Test Cases/Final Aug 2018 - PKS Automation/Create Employer Acc/Template/Employer Email Getter' successfully

2018-11-09 12:27:16 - [TEST_CASE][PASSED] - Test Cases/Final Aug 2018 - PKS Automation/Create Employer Acc/Template/Employer Email Getter: Test Cases/Final Aug 2018 - PKS Automation/Create Employer Acc/Template/Employer Email Getter

2018-11-09 12:27:16 - [TEST_STEP][PASSED] - Statement - Try: null

2018-11-09 12:27:16 - [TEST_STEP][PASSED] - Statement - EmpEmail = new java.io.File(C://EmpEmail.txt): null

2018-11-09 12:27:16 - [TEST_STEP][PASSED] - Statement - bufferread = new java.io.BufferedReader(new java.io.FileReader(EmpEmail)): null

2018-11-09 12:27:16 - [TEST_STEP][PASSED] - Statement - readedVal = bufferread.readLine(): null

2018-11-09 12:27:16 - [TEST_STEP][PASSED] - Statement - out.println(readedVal): null

2018-11-09 12:27:16 - [TEST_STEP][PASSED] - Statement - Email = readedVal: null

2018-11-09 12:27:16 - [MESSAGE][PASSED] - Call Test Case 'Test Cases/Final Aug 2018 - PKS Automation/Create Employer Acc/Template/Employer Email Getter' successfully

2018-11-09 12:27:16 - [TEST_STEP][PASSED] - setText: Text 'perkeso966245926697@gmail.com' is set on object 'Object Repository/Final Object Repo/Login Page/External Login Page/Email'

2018-11-09 12:27:17 - [MESSAGE][PASSED] - Text 'perkeso966245926697@gmail.com' is set on object 'Object Repository/Final Object Repo/Login Page/External Login Page/Email'

2018-11-09 12:27:17 - [TEST_STEP][PASSED] - click: Object: 'Object Repository/Final Object Repo/Login Page/External Login Page/Next' is clicked on

2018-11-09 12:27:17 - [MESSAGE][PASSED] - Object: 'Object Repository/Final Object Repo/Login Page/External Login Page/Next' is clicked on

2018-11-09 12:27:17 - [TEST_STEP][PASSED] - delay: Delayed 3 second(s)

2018-11-09 12:27:20 - [MESSAGE][PASSED] - Delayed 3 second(s)

2018-11-09 12:27:20 - [TEST_STEP][PASSED] - setEncryptedText: Text ****** has been set on object 'Object Repository/Final Object Repo/Login Page/External Login Page/Password'

2018-11-09 12:27:20 - [MESSAGE][PASSED] - Text ****** has been set on object 'Object Repository/Final Object Repo/Login Page/External Login Page/Password'

2018-11-09 12:27:20 - [TEST_STEP][PASSED] - click: Object: 'Object Repository/Final Object Repo/Login Page/External Login Page/Login' is clicked on

2018-11-09 12:27:23 - [MESSAGE][PASSED] - Object: 'Object Repository/Final Object Repo/Login Page/External Login Page/Login' is clicked on

2018-11-09 12:27:23 - [TEST_STEP][PASSED] - delay: Delayed 3 second(s)

2018-11-09 12:27:26 - [MESSAGE][PASSED] - Delayed 3 second(s)

2018-11-09 12:27:26 - [TEST_STEP][PASSED] - click: Object: 'Object Repository/Final Object Repo/Creating Employer Account/Page_Terms of Use - ASSIST/button_I Agree' is clicked on

2018-11-09 12:27:28 - [MESSAGE][PASSED] - Object: 'Object Repository/Final Object Repo/Creating Employer Account/Page_Terms of Use - ASSIST/button_I Agree' is clicked on

2018-11-09 12:27:28 - [TEST_STEP][PASSED] - delay: Delayed 2 second(s)

2018-11-09 12:27:30 - [MESSAGE][PASSED] - Delayed 2 second(s)

2018-11-09 12:27:30 - [TEST_STEP][PASSED] - setEncryptedText: Text ****** has been set on object 'Object Repository/Final Object Repo/Creating Employer Account/Page_New Password - ASSIST/input_password1'

2018-11-09 12:27:30 - [MESSAGE][PASSED] - Text ****** has been set on object 'Object Repository/Final Object Repo/Creating Employer Account/Page_New Password - ASSIST/input_password1'

2018-11-09 12:27:30 - [TEST_STEP][PASSED] - setEncryptedText: Text ****** has been set on object 'Object Repository/Final Object Repo/Creating Employer Account/Page_New Password - ASSIST/input_password2'

2018-11-09 12:27:30 - [MESSAGE][PASSED] - Text ****** has been set on object 'Object Repository/Final Object Repo/Creating Employer Account/Page_New Password - ASSIST/input_password2'

2018-11-09 12:27:30 - [TEST_STEP][PASSED] - delay: Delayed 2 second(s)

2018-11-09 12:27:32 - [MESSAGE][PASSED] - Delayed 2 second(s)

2018-11-09 12:27:32 - [TEST_STEP][PASSED] - click: Object: 'Object Repository/Final Object Repo/Creating Employer Account/Page_New Password - ASSIST/Save' is clicked on

2018-11-09 12:27:34 - [MESSAGE][PASSED] - Object: 'Object Repository/Final Object Repo/Creating Employer Account/Page_New Password - ASSIST/Save' is clicked on

2018-11-09 12:27:34 - [TEST_STEP][PASSED] - delay: Delayed 2 second(s)

2018-11-09 12:27:36 - [MESSAGE][PASSED] - Delayed 2 second(s)

2018-11-09 12:27:36 - [TEST_STEP][PASSED] - setText: Text 'test' is set on object 'Object Repository/Final Object Repo/Creating Employer Account/Page_Password Reminder - ASSIST/Reminder Query Answer'

2018-11-09 12:27:36 - [MESSAGE][PASSED] - Text 'test' is set on object 'Object Repository/Final Object Repo/Creating Employer Account/Page_Password Reminder - ASSIST/Reminder Query Answer'

2018-11-09 12:27:36 - [TEST_STEP][PASSED] - delay: Delayed 2 second(s)

2018-11-09 12:27:38 - [MESSAGE][PASSED] - Delayed 2 second(s)

2018-11-09 12:27:38 - [TEST_STEP][PASSED] - doubleClick: Object: 'Object Repository/Final Object Repo/Creating Employer Account/Page_Password Reminder - ASSIST/Save' is double clicked on

2018-11-09 12:27:38 - [MESSAGE][PASSED] - Object: 'Object Repository/Final Object Repo/Creating Employer Account/Page_Password Reminder - ASSIST/Save' is double clicked on

2018-11-09 12:27:38 - [MESSAGE][PASSED] - Call Test Case 'Test Cases/Final Aug 2018 - PKS Automation/Create Employer Acc/Template/Login to Employer Account (First Time)' successfully

2018-11-09 12:27:38 - [MESSAGE][PASSED] - Call Test Case 'Test Cases/Final Aug 2018 - PKS Automation/Create Employer Acc/Create Employer Account' successfully

2018-11-09 12:27:38 - [TEST_STEP][PASSED] - callTestCase: Call Test Case 'Test Cases/Final Aug 2018 - PKS Automation/Registration Module/Log Out/log out avoiding katalon tagging' successfully

2018-11-09 12:27:38 - [TEST_CASE][PASSED] - Test Cases/Final Aug 2018 - PKS Automation/Registration Module/Log Out/log out avoiding katalon tagging: Test Cases/Final Aug 2018 - PKS Automation/Registration Module/Log Out/log out avoiding katalon tagging

2018-11-09 12:27:38 - [TEST_STEP][PASSED] - navigateToUrl: Navigate to 'https://assist2-uat.perkeso.gov.my/c/portal/logout' successfully

2018-11-09 12:27:39 - [MESSAGE][PASSED] - Navigate to 'https://assist2-uat.perkeso.gov.my/c/portal/logout' successfully

2018-11-09 12:27:39 - [MESSAGE][PASSED] - Call Test Case 'Test Cases/Final Aug 2018 - PKS Automation/Registration Module/Log Out/log out avoiding katalon tagging' successfully

2018-11-09 12:27:39 - [TEST_STEP][PASSED] - callTestCase: Call Test Case 'Test Cases/Final Aug 2018 - PKS Automation/Create Employer Acc/Login to Employer Account (Second time)' successfully

2018-11-09 12:27:39 - [TEST_CASE][PASSED] - Test Cases/Final Aug 2018 - PKS Automation/Create Employer Acc/Login to Employer Account (Second time): Test Cases/Final Aug 2018 - PKS Automation/Create Employer Acc/Login to Employer Account (Second time)

2018-11-09 12:27:39 - [TEST_STEP][PASSED] - openBrowser: Browser is opened with url: ''

2018-11-09 12:27:39 - [MESSAGE][WARNING] - A browser is already opened. Closing browser and opening a new one

2018-11-09 12:27:44 - [MESSAGE][PASSED] - Browser is opened with url: ''

2018-11-09 12:27:44 - [TEST_STEP][PASSED] - navigateToUrl: Navigate to 'https://assist2-uat.perkeso.gov.my/employer/login' successfully

2018-11-09 12:27:47 - [MESSAGE][PASSED] - Navigate to 'https://assist2-uat.perkeso.gov.my/employer/login' successfully

2018-11-09 12:27:47 - [TEST_STEP][PASSED] - delay: Delayed 3 second(s)

2018-11-09 12:27:50 - [MESSAGE][PASSED] - Delayed 3 second(s)

2018-11-09 12:27:50 - [TEST_STEP][PASSED] - callTestCase: Call Test Case 'Test Cases/Final Aug 2018 - PKS Automation/Create Employer Acc/Template/Employer Email Getter' successfully

2018-11-09 12:27:50 - [TEST_CASE][PASSED] - Test Cases/Final Aug 2018 - PKS Automation/Create Employer Acc/Template/Employer Email Getter: Test Cases/Final Aug 2018 - PKS Automation/Create Employer Acc/Template/Employer Email Getter

2018-11-09 12:27:50 - [TEST_STEP][PASSED] - Statement - Try: null

2018-11-09 12:27:50 - [TEST_STEP][PASSED] - Statement - EmpEmail = new java.io.File(C://EmpEmail.txt): null

2018-11-09 12:27:50 - [TEST_STEP][PASSED] - Statement - bufferread = new java.io.BufferedReader(new java.io.FileReader(EmpEmail)): null

2018-11-09 12:27:50 - [TEST_STEP][PASSED] - Statement - readedVal = bufferread.readLine(): null

2018-11-09 12:27:50 - [TEST_STEP][PASSED] - Statement - out.println(readedVal): null

2018-11-09 12:27:50 - [TEST_STEP][PASSED] - Statement - Email = readedVal: null

2018-11-09 12:27:50 - [MESSAGE][PASSED] - Call Test Case 'Test Cases/Final Aug 2018 - PKS Automation/Create Employer Acc/Template/Employer Email Getter' successfully

2018-11-09 12:27:50 - [TEST_STEP][PASSED] - setText: Text 'perkeso966245926697@gmail.com' is set on object 'Object Repository/Final Object Repo/Login Page/External Login Page/Email'

2018-11-09 12:27:50 - [MESSAGE][PASSED] - Text 'perkeso966245926697@gmail.com' is set on object 'Object Repository/Final Object Repo/Login Page/External Login Page/Email'

2018-11-09 12:27:50 - [TEST_STEP][PASSED] - click: Object: 'Object Repository/Final Object Repo/Login Page/External Login Page/Next' is clicked on

2018-11-09 12:27:50 - [MESSAGE][PASSED] - Object: 'Object Repository/Final Object Repo/Login Page/External Login Page/Next' is clicked on

2018-11-09 12:27:50 - [TEST_STEP][PASSED] - delay: Delayed 3 second(s)

2018-11-09 12:27:53 - [MESSAGE][PASSED] - Delayed 3 second(s)

2018-11-09 12:27:53 - [TEST_STEP][PASSED] - setEncryptedText: Text ****** has been set on object 'Object Repository/Final Object Repo/Login Page/External Login Page/Password'

2018-11-09 12:27:53 - [MESSAGE][PASSED] - Text ****** has been set on object 'Object Repository/Final Object Repo/Login Page/External Login Page/Password'

2018-11-09 12:27:53 - [TEST_STEP][PASSED] - click: Object: 'Object Repository/Final Object Repo/Login Page/External Login Page/Login' is clicked on

2018-11-09 12:27:58 - [MESSAGE][PASSED] - Object: 'Object Repository/Final Object Repo/Login Page/External Login Page/Login' is clicked on

2018-11-09 12:27:58 - [TEST_STEP][PASSED] - delay: Delayed 5 second(s)

2018-11-09 12:28:03 - [MESSAGE][PASSED] - Delayed 5 second(s)

2018-11-09 12:28:03 - [MESSAGE][PASSED] - Call Test Case 'Test Cases/Final Aug 2018 - PKS Automation/Create Employer Acc/Login to Employer Account (Second time)' successfully

2018-11-09 12:28:03 - [TEST_STEP][PASSED] - Statement - Try: Delayed 2 second(s)

2018-11-09 12:28:03 - [TEST_STEP][PASSED] - Statement - Checker = false: null

2018-11-09 12:28:03 - [TEST_STEP][PASSED] - Statement - Checker = com.kms.katalon.core.webui.keyword.WebUiBuiltInKeywords.verifyElementHasAttribute(com.kms.katalon.core.testobject.ObjectRepository.findTestObject(Final Object Repo/Landing Page/BM Detecting), "href", 20, OPTIONAL): Object 'Object Repository/Final Object Repo/Landing Page/BM Detecting' has attribute 'href'

2018-11-09 12:28:03 - [MESSAGE][PASSED] - Object 'Object Repository/Final Object Repo/Landing Page/BM Detecting' has attribute 'href'

2018-11-09 12:28:03 - [TEST_STEP][PASSED] - Statement - out.println(Checker): null

2018-11-09 12:28:03 - [TEST_STEP][PASSED] - Statement - If (Checker == false): null

2018-11-09 12:28:03 - [TEST_STEP][PASSED] - Statement - Else: null

2018-11-09 12:28:03 - [TEST_STEP][PASSED] - delay: Delayed 2 second(s)

2018-11-09 12:28:05 - [MESSAGE][PASSED] - Delayed 2 second(s)

2018-11-09 12:28:05 - [TEST_STEP][PASSED] - delay: Delayed 4 second(s)

2018-11-09 12:28:10 - [MESSAGE][PASSED] - Delayed 4 second(s)

2018-11-09 12:28:10 - [TEST_STEP][PASSED] - click: Object: 'Object Repository/Final Object Repo/Landing Page/My Sites Drop Down' is clicked on

2018-11-09 12:28:10 - [MESSAGE][PASSED] - Object: 'Object Repository/Final Object Repo/Landing Page/My Sites Drop Down' is clicked on

2018-11-09 12:28:10 - [TEST_STEP][PASSED] - click: Object: 'Object Repository/Final Object Repo/Landing Page/Select to Registration Module' is clicked on

2018-11-09 12:28:13 - [MESSAGE][PASSED] - Object: 'Object Repository/Final Object Repo/Landing Page/Select to Registration Module' is clicked on

2018-11-09 12:28:13 - [TEST_STEP][PASSED] - click: Object: 'Object Repository/Final Object Repo/Landing Page/Registration Button' is clicked on

2018-11-09 12:28:16 - [MESSAGE][PASSED] - Object: 'Object Repository/Final Object Repo/Landing Page/Registration Button' is clicked on

2018-11-09 12:28:16 - [TEST_STEP][PASSED] - delay: Delayed 2 second(s)

2018-11-09 12:28:18 - [MESSAGE][PASSED] - Delayed 2 second(s)

2018-11-09 12:28:18 - [TEST_STEP][PASSED] - click: Object: 'Object Repository/Final Object Repo/New Registration - Registration Module Pages/New Reg - OTC to RO/Special Case - OTC - Form 1/AEC NO' is clicked on

2018-11-09 12:28:18 - [MESSAGE][PASSED] - Object: 'Object Repository/Final Object Repo/New Registration - Registration Module Pages/New Reg - OTC to RO/Special Case - OTC - Form 1/AEC NO' is clicked on

2018-11-09 12:28:18 - [TEST_STEP][PASSED] - click: Object: 'Object Repository/Final Object Repo/New Registration - Registration Module Pages/New Reg - OTC to RO/Special Case - OTC - Form 1/Business Entity - Please Select' is clicked on

2018-11-09 12:28:18 - [MESSAGE][PASSED] - Object: 'Object Repository/Final Object Repo/New Registration - Registration Module Pages/New Reg - OTC to RO/Special Case - OTC - Form 1/Business Entity - Please Select' is clicked on

2018-11-09 12:28:18 - [TEST_STEP][PASSED] - click: Object: 'Object Repository/Final Object Repo/New Registration - Registration Module Pages/New Reg - OTC to RO/Special Case - OTC - Form 1/Selected - Corporation' is clicked on

2018-11-09 12:28:19 - [MESSAGE][PASSED] - Object: 'Object Repository/Final Object Repo/New Registration - Registration Module Pages/New Reg - OTC to RO/Special Case - OTC - Form 1/Selected - Corporation' is clicked on

2018-11-09 12:28:19 - [TEST_STEP][PASSED] - delay: Delayed 2 second(s)

2018-11-09 12:28:21 - [MESSAGE][PASSED] - Delayed 2 second(s)

2018-11-09 12:28:21 - [TEST_STEP][PASSED] - click: Object: 'Object Repository/Final Object Repo/New Registration - Registration Module Pages/New Reg - OTC to RO/Special Case - OTC - Form 1/Sub Business Entity - Please Select' is clicked on

2018-11-09 12:28:21 - [MESSAGE][PASSED] - Object: 'Object Repository/Final Object Repo/New Registration - Registration Module Pages/New Reg - OTC to RO/Special Case - OTC - Form 1/Sub Business Entity - Please Select' is clicked on

2018-11-09 12:28:21 - [TEST_STEP][PASSED] - delay: Delayed 2 second(s)

2018-11-09 12:28:23 - [MESSAGE][PASSED] - Delayed 2 second(s)

2018-11-09 12:28:23 - [TEST_STEP][PASSED] - click: Object: 'Object Repository/Final Object Repo/New Registration - Registration Module Pages/New Reg - OTC to RO/Special Case - OTC - Form 1/Selected - Sendirian Berhad' is clicked on

2018-11-09 12:28:24 - [MESSAGE][PASSED] - Object: 'Object Repository/Final Object Repo/New Registration - Registration Module Pages/New Reg - OTC to RO/Special Case - OTC - Form 1/Selected - Sendirian Berhad' is clicked on

2018-11-09 12:28:24 - [TEST_STEP][PASSED] - setText: Text 'AUTOMATE001' is set on object 'Object Repository/Final Object Repo/New Registration - Registration Module Pages/New Reg - OTC to RO/Special Case - OTC - Form 1/Input BRN Number'

2018-11-09 12:28:24 - [MESSAGE][PASSED] - Text 'AUTOMATE001' is set on object 'Object Repository/Final Object Repo/New Registration - Registration Module Pages/New Reg - OTC to RO/Special Case - OTC - Form 1/Input BRN Number'

2018-11-09 12:28:24 - [TEST_STEP][PASSED] - delay: Delayed 2 second(s)

2018-11-09 12:28:26 - [MESSAGE][PASSED] - Delayed 2 second(s)

2018-11-09 12:28:26 - [TEST_STEP][PASSED] - click: Object: 'Object Repository/Final Object Repo/New Registration - Registration Module Pages/New Reg - OTC to RO/Special Case - OTC - Form 1/BRN Search' is clicked on

2018-11-09 12:28:27 - [MESSAGE][PASSED] - Object: 'Object Repository/Final Object Repo/New Registration - Registration Module Pages/New Reg - OTC to RO/Special Case - OTC - Form 1/BRN Search' is clicked on

2018-11-09 12:28:27 - [TEST_STEP][PASSED] - delay: Delayed 4 second(s)

2018-11-09 12:28:31 - [MESSAGE][PASSED] - Delayed 4 second(s)

2018-11-09 12:28:31 - [TEST_STEP][PASSED] - click: Object: 'Object Repository/Final Object Repo/New Registration - Registration Module Pages/New Reg - OTC to RO/Special Case - OTC - Form 1/Registered with SSM - After Feb 2017' is clicked on

2018-11-09 12:28:31 - [MESSAGE][PASSED] - Object: 'Object Repository/Final Object Repo/New Registration - Registration Module Pages/New Reg - OTC to RO/Special Case - OTC - Form 1/Registered with SSM - After Feb 2017' is clicked on

2018-11-09 12:28:31 - [TEST_STEP][PASSED] - delay: Delayed 2 second(s)

2018-11-09 12:28:33 - [MESSAGE][PASSED] - Delayed 2 second(s)

2018-11-09 12:28:33 - [TEST_STEP][PASSED] - click: Object: 'Object Repository/Final Object Repo/New Registration - Registration Module Pages/Form 1/Registered As a Branch - Yes' is clicked on

2018-11-09 12:28:33 - [MESSAGE][PASSED] - Object: 'Object Repository/Final Object Repo/New Registration - Registration Module Pages/Form 1/Registered As a Branch - Yes' is clicked on

2018-11-09 12:28:33 - [TEST_STEP][PASSED] - click: Object: 'Object Repository/Final Object Repo/New Registration - Registration Module Pages/New Reg - OTC to RO/Special Case - OTC - Form 1/Acknowledgement Ticked' is clicked on

2018-11-09 12:28:34 - [MESSAGE][PASSED] - Object: 'Object Repository/Final Object Repo/New Registration - Registration Module Pages/New Reg - OTC to RO/Special Case - OTC - Form 1/Acknowledgement Ticked' is clicked on

2018-11-09 12:28:34 - [TEST_STEP][PASSED] - setText: Text 'perkeso966245926697@gmail.com' is set on object 'Object Repository/Final Object Repo/New Registration - Registration Module Pages/Form 1/Email'

2018-11-09 12:28:34 - [MESSAGE][PASSED] - Text 'perkeso966245926697@gmail.com' is set on object 'Object Repository/Final Object Repo/New Registration - Registration Module Pages/Form 1/Email'

2018-11-09 12:28:34 - [TEST_STEP][PASSED] - click: Object: 'Object Repository/Final Object Repo/New Registration - Registration Module Pages/New Reg - OTC to RO/Special Case - OTC - Form 1/Submit Button' is clicked on

2018-11-09 12:28:34 - [MESSAGE][PASSED] - Object: 'Object Repository/Final Object Repo/New Registration - Registration Module Pages/New Reg - OTC to RO/Special Case - OTC - Form 1/Submit Button' is clicked on

2018-11-09 12:28:34 - [TEST_STEP][PASSED] - callTestCase: Call Test Case 'Test Cases/Final Aug 2018 - PKS Automation/Registration Module/New Registration/Form 2/Add 1 Eligible - Employer Account Use' successfully

2018-11-09 12:28:34 - [TEST_CASE][PASSED] - Test Cases/Final Aug 2018 - PKS Automation/Registration Module/New Registration/Form 2/Add 1 Eligible - Employer Account Use: Test Cases/Final Aug 2018 - PKS Automation/Registration Module/New Registration/Form 2/Add 1 Eligible - Employer Account Use

2018-11-09 12:28:34 - [TEST_STEP][PASSED] - delay: Delayed 2 second(s)

2018-11-09 12:28:36 - [MESSAGE][PASSED] - Delayed 2 second(s)

2018-11-09 12:28:36 - [TEST_STEP][PASSED] - callTestCase: Call Test Case 'Test Cases/Final Aug 2018 - PKS Automation/Registration Module/New Registration/Form 2/Date Updater' successfully

2018-11-09 12:28:36 - [TEST_CASE][PASSED] - Test Cases/Final Aug 2018 - PKS Automation/Registration Module/New Registration/Form 2/Date Updater: Test Cases/Final Aug 2018 - PKS Automation/Registration Module/New Registration/Form 2/Date Updater

2018-11-09 12:28:36 - [TEST_STEP][PASSED] - Statement - TodayDate = new java.util.Date(): null

2018-11-09 12:28:36 - [TEST_STEP][PASSED] - Statement - CurrentDateNoFilter = new java.text.SimpleDateFormat(): null

2018-11-09 12:28:36 - [TEST_STEP][PASSED] - Statement - CurrentDateNoFilter.applyPattern("dd"): null

2018-11-09 12:28:36 - [TEST_STEP][PASSED] - Statement - CurrentDate = CurrentDateNoFilter.format(TodayDate): null

2018-11-09 12:28:36 - [TEST_STEP][PASSED] - Statement - CurrentDate = java.lang.Integer.parseInt(CurrentDate): null

2018-11-09 12:28:36 - [TEST_STEP][PASSED] - Statement - CurrentDate = CurrentDate: null

2018-11-09 12:28:36 - [TEST_STEP][PASSED] - Statement - CurrentDay = java.lang.Integer.parseInt(CurrentDate): null

2018-11-09 12:28:36 - [TEST_STEP][PASSED] - Statement - aDayBefore = CurrentDay + 1: null

2018-11-09 12:28:36 - [TEST_STEP][PASSED] - Statement - DayBefore = aDayBefore.toString(): null

2018-11-09 12:28:36 - [TEST_STEP][PASSED] - Statement - OneDayBefore = DayBefore: null

2018-11-09 12:28:36 - [TEST_STEP][PASSED] - Statement - CurrentDateNoFilter.applyPattern("MM"): null

2018-11-09 12:28:36 - [TEST_STEP][PASSED] - Statement - monthContainerMatcher = java.lang.Integer.parseInt(CurrentDateNoFilter.format(TodayDate)): null

2018-11-09 12:28:36 - [TEST_STEP][PASSED] - Statement - monthContainerMatcher = monthContainerMatcher - 1: null

2018-11-09 12:28:36 - [TEST_STEP][PASSED] - Statement - CurrentMonth = monthContainerMatcher.toString(): null

2018-11-09 12:28:36 - [TEST_STEP][PASSED] - Statement - CurrentMonth = CurrentMonth: null

2018-11-09 12:28:36 - [TEST_STEP][PASSED] - Statement - CurrentDateNoFilter.applyPattern("yyyy"): null

2018-11-09 12:28:36 - [TEST_STEP][PASSED] - Statement - CurrentYear = CurrentDateNoFilter.format(TodayDate): null

2018-11-09 12:28:36 - [TEST_STEP][PASSED] - Statement - CurrentYear = CurrentYear: null

2018-11-09 12:28:36 - [TEST_STEP][PASSED] - Statement - intCurrentYear = java.lang.Integer.parseInt(CurrentDateNoFilter.format(TodayDate)): null

2018-11-09 12:28:36 - [TEST_STEP][PASSED] - Statement - eighteenYrsAgo = intCurrentYear - 18: null

2018-11-09 12:28:36 - [TEST_STEP][PASSED] - Statement - eighteenYrsBeforeThisYr = eighteenYrsAgo.toString(): null

2018-11-09 12:28:36 - [TEST_STEP][PASSED] - Statement - EighteenYrsBefore = eighteenYrsBeforeThisYr: null

2018-11-09 12:28:36 - [TEST_STEP][PASSED] - Statement - fiftysevenYrsAgo = intCurrentYear - 57: null

2018-11-09 12:28:36 - [TEST_STEP][PASSED] - Statement - fiftysevenYrsBeforeThisYr = fiftysevenYrsAgo.toString(): null

2018-11-09 12:28:36 - [TEST_STEP][PASSED] - Statement - FiftysevenYrsBefore = fiftysevenYrsBeforeThisYr: null

2018-11-09 12:28:36 - [MESSAGE][PASSED] - Call Test Case 'Test Cases/Final Aug 2018 - PKS Automation/Registration Module/New Registration/Form 2/Date Updater' successfully

2018-11-09 12:28:36 - [TEST_STEP][PASSED] - delay: Delayed 1 second(s)

2018-11-09 12:28:37 - [MESSAGE][PASSED] - Delayed 1 second(s)

2018-11-09 12:28:37 - [TEST_STEP][PASSED] - Statement - CaseReferenceNo = com.kms.katalon.core.webui.keyword.WebUiBuiltInKeywords.getText(com.kms.katalon.core.testobject.ObjectRepository.findTestObject(Final Object Repo/New Registration - Registration Module Pages/Form 2/RefNo Acquiring)): Text of object 'Object Repository/Final Object Repo/New Registration - Registration Module Pages/Form 2/RefNo Acquiring' is: 'CRN11201800122432'

2018-11-09 12:28:37 - [MESSAGE][PASSED] - Text of object 'Object Repository/Final Object Repo/New Registration - Registration Module Pages/Form 2/RefNo Acquiring' is: 'CRN11201800122432'

2018-11-09 12:28:37 - [TEST_STEP][PASSED] - delay: Delayed 1 second(s)

2018-11-09 12:28:38 - [MESSAGE][PASSED] - Delayed 1 second(s)

2018-11-09 12:28:38 - [TEST_STEP][PASSED] - click: Object: 'Object Repository/Final Object Repo/New Registration - Registration Module Pages/Form 2/Add Employee Button' is clicked on

2018-11-09 12:28:39 - [MESSAGE][PASSED] - Object: 'Object Repository/Final Object Repo/New Registration - Registration Module Pages/Form 2/Add Employee Button' is clicked on

2018-11-09 12:28:39 - [TEST_STEP][PASSED] - delay: Delayed 1 second(s)

2018-11-09 12:28:40 - [MESSAGE][PASSED] - Delayed 1 second(s)

2018-11-09 12:28:40 - [TEST_STEP][PASSED] - setText: Text '010903091948' is set on object 'Object Repository/Final Object Repo/New Registration - Registration Module Pages/Form 2/NRIC Input'

2018-11-09 12:28:40 - [MESSAGE][PASSED] - Text '010903091948' is set on object 'Object Repository/Final Object Repo/New Registration - Registration Module Pages/Form 2/NRIC Input'

2018-11-09 12:28:40 - [TEST_STEP][PASSED] - delay: Delayed 2 second(s)

2018-11-09 12:28:42 - [MESSAGE][PASSED] - Delayed 2 second(s)

2018-11-09 12:28:42 - [TEST_STEP][PASSED] - setText: Text 'Automate001 eligible 1' is set on object 'Object Repository/Final Object Repo/New Registration - Registration Module Pages/Form 2/Employee Name Input'

2018-11-09 12:28:42 - [MESSAGE][PASSED] - Text 'Automate001 eligible 1' is set on object 'Object Repository/Final Object Repo/New Registration - Registration Module Pages/Form 2/Employee Name Input'

2018-11-09 12:28:42 - [TEST_STEP][PASSED] - delay: Delayed 2 second(s)

2018-11-09 12:28:44 - [MESSAGE][PASSED] - Delayed 2 second(s)

2018-11-09 12:28:44 - [TEST_STEP][PASSED] - click: Object: 'Object Repository/Final Object Repo/New Registration - Registration Module Pages/Form 2/DatePicker Pop Up' is clicked on

2018-11-09 12:28:45 - [MESSAGE][PASSED] - Object: 'Object Repository/Final Object Repo/New Registration - Registration Module Pages/Form 2/DatePicker Pop Up' is clicked on

2018-11-09 12:28:45 - [TEST_STEP][PASSED] - click: Object: 'Object Repository/Final Object Repo/New Registration - Registration Module Pages/Form 2/DOB Month' is clicked on

2018-11-09 12:28:45 - [MESSAGE][PASSED] - Object: 'Object Repository/Final Object Repo/New Registration - Registration Module Pages/Form 2/DOB Month' is clicked on

2018-11-09 12:28:45 - [TEST_STEP][PASSED] - Statement - CurrentMonth = CurrentMonth: null

2018-11-09 12:28:45 - [TEST_STEP][PASSED] - Statement - selectMonth = new com.kms.katalon.core.testobject.TestObject(): null

2018-11-09 12:28:45 - [TEST_STEP][PASSED] - Statement - selectMonth.addProperty("xpath", EQUALS, "//body/div/div/div/select/option[@value='" + CurrentMonth + "']", true): null

2018-11-09 12:28:45 - [TEST_STEP][PASSED] - click: Object: '' is clicked on

2018-11-09 12:28:45 - [MESSAGE][PASSED] - Object: '' is clicked on

2018-11-09 12:28:45 - [TEST_STEP][PASSED] - click: Object: 'Object Repository/Final Object Repo/New Registration - Registration Module Pages/Form 2/DOB Year' is clicked on

2018-11-09 12:28:46 - [MESSAGE][PASSED] - Object: 'Object Repository/Final Object Repo/New Registration - Registration Module Pages/Form 2/DOB Year' is clicked on

2018-11-09 12:28:46 - [TEST_STEP][PASSED] - Statement - Eyearsbf = EighteenYrsBefore: null

2018-11-09 12:28:46 - [TEST_STEP][PASSED] - Statement - selectYear = new com.kms.katalon.core.testobject.TestObject(): null

2018-11-09 12:28:46 - [TEST_STEP][PASSED] - Statement - selectYear.addProperty("xpath", EQUALS, "//div/div/div/select/option[@value='" + Eyearsbf + "']", true): null

2018-11-09 12:28:46 - [TEST_STEP][PASSED] - click: Object: '' is clicked on

2018-11-09 12:28:46 - [MESSAGE][PASSED] - Object: '' is clicked on

2018-11-09 12:28:46 - [TEST_STEP][PASSED] - Statement - UpdatedSelectDate = com.kms.katalon.core.webui.keyword.WebUiBuiltInKeywords.modifyObjectProperty(com.kms.katalon.core.testobject.ObjectRepository.findTestObject(Final Object Repo/New Registration - Registration Module Pages/Form 2/DOB Date), "xpath", "equals", "//body/div/table/tbody/tr/td/a[text()="" + CurrentDate + ""]", true): Modify property of object successfully

2018-11-09 12:28:46 - [MESSAGE][PASSED] - Modify property of object successfully

2018-11-09 12:28:46 - [TEST_STEP][PASSED] - delay: Delayed 3 second(s)

2018-11-09 12:28:49 - [MESSAGE][PASSED] - Delayed 3 second(s)

2018-11-09 12:28:49 - [TEST_STEP][PASSED] - click: Object: 'Object Repository/Final Object Repo/New Registration - Registration Module Pages/Form 2/DOB Date' is clicked on

2018-11-09 12:28:49 - [MESSAGE][PASSED] - Object: 'Object Repository/Final Object Repo/New Registration - Registration Module Pages/Form 2/DOB Date' is clicked on

2018-11-09 12:28:49 - [TEST_STEP][PASSED] - delay: Delayed 2 second(s)

2018-11-09 12:28:51 - [MESSAGE][PASSED] - Delayed 2 second(s)

2018-11-09 12:28:51 - [TEST_STEP][PASSED] - click: Object: 'Object Repository/Final Object Repo/New Registration - Registration Module Pages/Form 2/EmploymentStartDate Pop Up' is clicked on

2018-11-09 12:28:52 - [MESSAGE][PASSED] - Object: 'Object Repository/Final Object Repo/New Registration - Registration Module Pages/Form 2/EmploymentStartDate Pop Up' is clicked on

2018-11-09 12:28:52 - [TEST_STEP][PASSED] - delay: Delayed 2 second(s)

2018-11-09 12:28:54 - [MESSAGE][PASSED] - Delayed 2 second(s)

2018-11-09 12:28:54 - [TEST_STEP][PASSED] - click: Object: 'Object Repository/Final Object Repo/New Registration - Registration Module Pages/Form 2/Socso Employment StartDate Month' is clicked on

2018-11-09 12:28:54 - [MESSAGE][PASSED] - Object: 'Object Repository/Final Object Repo/New Registration - Registration Module Pages/Form 2/Socso Employment StartDate Month' is clicked on

2018-11-09 12:28:54 - [TEST_STEP][PASSED] - delay: Delayed 1 second(s)

2018-11-09 12:28:55 - [MESSAGE][PASSED] - Delayed 1 second(s)

2018-11-09 12:28:55 - [TEST_STEP][PASSED] - click: Object: 'Object Repository/Final Object Repo/New Registration - Registration Module Pages/Form 2/Select Socso Employement Startdate Month' is clicked on

2018-11-09 12:28:56 - [MESSAGE][PASSED] - Object: 'Object Repository/Final Object Repo/New Registration - Registration Module Pages/Form 2/Select Socso Employement Startdate Month' is clicked on

2018-11-09 12:28:56 - [TEST_STEP][PASSED] - delay: Delayed 2 second(s)

2018-11-09 12:28:58 - [MESSAGE][PASSED] - Delayed 2 second(s)

2018-11-09 12:28:58 - [TEST_STEP][PASSED] - click: Object: 'Object Repository/Final Object Repo/New Registration - Registration Module Pages/Form 2/Socso Employment StartDate Year' is clicked on

2018-11-09 12:28:58 - [MESSAGE][PASSED] - Object: 'Object Repository/Final Object Repo/New Registration - Registration Module Pages/Form 2/Socso Employment StartDate Year' is clicked on

2018-11-09 12:28:58 - [TEST_STEP][PASSED] - delay: Delayed 1 second(s)

2018-11-09 12:28:59 - [MESSAGE][PASSED] - Delayed 1 second(s)

2018-11-09 12:28:59 - [TEST_STEP][PASSED] - click: Object: 'Object Repository/Final Object Repo/New Registration - Registration Module Pages/Form 2/Select Socso Employment Startdate Year' is clicked on

2018-11-09 12:28:59 - [MESSAGE][PASSED] - Object: 'Object Repository/Final Object Repo/New Registration - Registration Module Pages/Form 2/Select Socso Employment Startdate Year' is clicked on

2018-11-09 12:28:59 - [TEST_STEP][PASSED] - delay: Delayed 2 second(s)

2018-11-09 12:29:01 - [MESSAGE][PASSED] - Delayed 2 second(s)

2018-11-09 12:29:01 - [TEST_STEP][PASSED] - click: Object: 'Object Repository/Final Object Repo/New Registration - Registration Module Pages/Form 2/Socso Employment Start Date Day' is clicked on

2018-11-09 12:29:02 - [MESSAGE][PASSED] - Object: 'Object Repository/Final Object Repo/New Registration - Registration Module Pages/Form 2/Socso Employment Start Date Day' is clicked on

2018-11-09 12:29:02 - [TEST_STEP][PASSED] - delay: Delayed 2 second(s)

2018-11-09 12:29:04 - [MESSAGE][PASSED] - Delayed 2 second(s)

2018-11-09 12:29:04 - [TEST_STEP][PASSED] - click: Object: 'Object Repository/Final Object Repo/New Registration - Registration Module Pages/Form 2/Save Button for Add Employee' is clicked on

2018-11-09 12:29:05 - [MESSAGE][PASSED] - Object: 'Object Repository/Final Object Repo/New Registration - Registration Module Pages/Form 2/Save Button for Add Employee' is clicked on

2018-11-09 12:29:05 - [TEST_STEP][PASSED] - delay: Delayed 6 second(s)

2018-11-09 12:29:11 - [MESSAGE][PASSED] - Delayed 6 second(s)

2018-11-09 12:29:11 - [TEST_STEP][PASSED] - click: Object: 'Object Repository/Final Object Repo/New Registration - Registration Module Pages/Form 2/Save and Continue Form 2' is clicked on

2018-11-09 12:29:13 - [MESSAGE][PASSED] - Object: 'Object Repository/Final Object Repo/New Registration - Registration Module Pages/Form 2/Save and Continue Form 2' is clicked on

2018-11-09 12:29:13 - [MESSAGE][PASSED] - Call Test Case 'Test Cases/Final Aug 2018 - PKS Automation/Registration Module/New Registration/Form 2/Add 1 Eligible - Employer Account Use' successfully

2018-11-09 12:29:13 - [TEST_STEP][PASSED] - callTestCase: Call Test Case 'Test Cases/Final Aug 2018 - PKS Automation/Registration Module/New Registration/Flow of New Registration/Third Screen - Upload Supporting Doc - Preview' successfully

2018-11-09 12:29:13 - [TEST_CASE][PASSED] - Test Cases/Final Aug 2018 - PKS Automation/Registration Module/New Registration/Flow of New Registration/Third Screen - Upload Supporting Doc - Preview: Test Cases/Final Aug 2018 - PKS Automation/Registration Module/New Registration/Flow of New Registration/Third Screen - Upload Supporting Doc - Preview

2018-11-09 12:29:13 - [TEST_STEP][PASSED] - waitForPageLoad: Wait for page load successfully

2018-11-09 12:29:13 - [MESSAGE][PASSED] - Wait for page load successfully

2018-11-09 12:29:13 - [TEST_STEP][PASSED] - Statement - CaseReferenceNo = com.kms.katalon.core.webui.keyword.WebUiBuiltInKeywords.getText(com.kms.katalon.core.testobject.ObjectRepository.findTestObject(Final Object Repo/New Registration - Registration Module Pages/Third Screen - Upload Supporting Doc- Preview/RefNo Acquiring)): Text of object 'Object Repository/Final Object Repo/New Registration - Registration Module Pages/Third Screen - Upload Supporting Doc- Preview/RefNo Acquiring' is: 'CRN11201800122432'

2018-11-09 12:29:13 - [MESSAGE][PASSED] - Text of object 'Object Repository/Final Object Repo/New Registration - Registration Module Pages/Third Screen - Upload Supporting Doc- Preview/RefNo Acquiring' is: 'CRN11201800122432'

2018-11-09 12:29:13 - [TEST_STEP][PASSED] - delay: Delayed 2 second(s)

2018-11-09 12:29:15 - [MESSAGE][PASSED] - Delayed 2 second(s)

2018-11-09 12:29:15 - [TEST_STEP][PASSED] - callTestCase: Call Test Case 'Test Cases/Final Aug 2018 - PKS Automation/Common/Reference Number Setter' successfully

2018-11-09 12:29:15 - [TEST_CASE][PASSED] - Test Cases/Final Aug 2018 - PKS Automation/Common/Reference Number Setter: Test Cases/Final Aug 2018 - PKS Automation/Common/Reference Number Setter

2018-11-09 12:29:15 - [TEST_STEP][PASSED] - Statement - RefNoOldFile = new java.io.File(C://KatalonReference.txt): null

2018-11-09 12:29:15 - [TEST_STEP][PASSED] - Statement - RefNoOldFile.delete(): null

2018-11-09 12:29:15 - [TEST_STEP][PASSED] - Statement - RefNo = new java.io.File(C://KatalonReference.txt): null

2018-11-09 12:29:15 - [TEST_STEP][PASSED] - Statement - RefNo.append(CaseReferenceNo): null

2018-11-09 12:29:15 - [TEST_STEP][PASSED] - Statement - out.println("


" + CaseReferenceNo + "


"): null

2018-11-09 12:29:15 - [MESSAGE][PASSED] - Call Test Case 'Test Cases/Final Aug 2018 - PKS Automation/Common/Reference Number Setter' successfully

2018-11-09 12:29:15 - [TEST_STEP][PASSED] - waitForElementClickable: Object 'Object Repository/Final Object Repo/New Registration - Registration Module Pages/Third Screen - Upload Supporting Doc- Preview/Save n Continue in SIP Employee Listing Page' is clickable

2018-11-09 12:29:15 - [MESSAGE][PASSED] - Object 'Object Repository/Final Object Repo/New Registration - Registration Module Pages/Third Screen - Upload Supporting Doc- Preview/Save n Continue in SIP Employee Listing Page' is clickable

2018-11-09 12:29:15 - [TEST_STEP][PASSED] - click: Object: 'Object Repository/Final Object Repo/New Registration - Registration Module Pages/Third Screen - Upload Supporting Doc- Preview/Save n Continue in SIP Employee Listing Page' is clicked on

2018-11-09 12:29:22 - [MESSAGE][PASSED] - Object: 'Object Repository/Final Object Repo/New Registration - Registration Module Pages/Third Screen - Upload Supporting Doc- Preview/Save n Continue in SIP Employee Listing Page' is clicked on

2018-11-09 12:29:22 - [TEST_STEP][PASSED] - delay: Delayed 6 second(s)

2018-11-09 12:29:28 - [MESSAGE][PASSED] - Delayed 6 second(s)

2018-11-09 12:29:28 - [TEST_STEP][PASSED] - click: Object: 'Object Repository/Final Object Repo/New Registration - Registration Module Pages/Third Screen - Upload Supporting Doc- Preview/Add Document Button' is clicked on

2018-11-09 12:29:28 - [MESSAGE][PASSED] - Object: 'Object Repository/Final Object Repo/New Registration - Registration Module Pages/Third Screen - Upload Supporting Doc- Preview/Add Document Button' is clicked on

2018-11-09 12:29:28 - [TEST_STEP][PASSED] - delay: Delayed 30 second(s)

2018-11-09 12:29:58 - [MESSAGE][PASSED] - Delayed 30 second(s)

2018-11-09 12:29:58 - [TEST_STEP][PASSED] - click: Object: 'Object Repository/Final Object Repo/New Registration - Registration Module Pages/Third Screen - Upload Supporting Doc- Preview/Supporting Doc Please Select Drop Down' is clicked on

2018-11-09 12:29:59 - [MESSAGE][PASSED] - Object: 'Object Repository/Final Object Repo/New Registration - Registration Module Pages/Third Screen - Upload Supporting Doc- Preview/Supporting Doc Please Select Drop Down' is clicked on

2018-11-09 12:29:59 - [TEST_STEP][PASSED] - delay: Delayed 2 second(s)

2018-11-09 12:30:01 - [MESSAGE][PASSED] - Delayed 2 second(s)

2018-11-09 12:30:01 - [TEST_STEP][PASSED] - click: Object: 'Object Repository/Final Object Repo/New Registration - Registration Module Pages/Third Screen - Upload Supporting Doc- Preview/Select to Upload Form 1' is clicked on

2018-11-09 12:30:01 - [MESSAGE][PASSED] - Object: 'Object Repository/Final Object Repo/New Registration - Registration Module Pages/Third Screen - Upload Supporting Doc- Preview/Select to Upload Form 1' is clicked on

2018-11-09 12:30:01 - [TEST_STEP][PASSED] - delay: Delayed 2 second(s)

2018-11-09 12:30:03 - [MESSAGE][PASSED] - Delayed 2 second(s)

2018-11-09 12:30:03 - [TEST_STEP][PASSED] - uploadFile: File 'C:\Users\Public\Pictures\Sample Pictures\Act.jpg' sent to object: 'Object Repository/Final Object Repo/New Registration - Registration Module Pages/Third Screen - Upload Supporting Doc- Preview/Upload File Adding'

2018-11-09 12:30:04 - [MESSAGE][PASSED] - File 'C:\Users\Public\Pictures\Sample Pictures\Act.jpg' sent to object: 'Object Repository/Final Object Repo/New Registration - Registration Module Pages/Third Screen - Upload Supporting Doc- Preview/Upload File Adding'

2018-11-09 12:30:04 - [TEST_STEP][PASSED] - delay: Delayed 5 second(s)

2018-11-09 12:30:09 - [MESSAGE][PASSED] - Delayed 5 second(s)

2018-11-09 12:30:09 - [TEST_STEP][PASSED] - click: Object: 'Object Repository/Final Object Repo/New Registration - Registration Module Pages/Third Screen - Upload Supporting Doc- Preview/Inner Form Add Document Button' is clicked on

2018-11-09 12:30:14 - [MESSAGE][PASSED] - Object: 'Object Repository/Final Object Repo/New Registration - Registration Module Pages/Third Screen - Upload Supporting Doc- Preview/Inner Form Add Document Button' is clicked on

2018-11-09 12:30:14 - [TEST_STEP][PASSED] - delay: Delayed 3 second(s)

2018-11-09 12:30:17 - [MESSAGE][PASSED] - Delayed 3 second(s)

2018-11-09 12:30:17 - [TEST_STEP][PASSED] - click: Object: 'Object Repository/Final Object Repo/New Registration - Registration Module Pages/Third Screen - Upload Supporting Doc- Preview/Add Document Button' is clicked on

2018-11-09 12:30:17 - [MESSAGE][PASSED] - Object: 'Object Repository/Final Object Repo/New Registration - Registration Module Pages/Third Screen - Upload Supporting Doc- Preview/Add Document Button' is clicked on

2018-11-09 12:30:17 - [TEST_STEP][PASSED] - delay: Delayed 30 second(s)

2018-11-09 12:30:47 - [MESSAGE][PASSED] - Delayed 30 second(s)

2018-11-09 12:30:47 - [TEST_STEP][PASSED] - click: Object: 'Object Repository/Final Object Repo/New Registration - Registration Module Pages/Third Screen - Upload Supporting Doc- Preview/Supporting Doc Please Select Drop Down' is clicked on

2018-11-09 12:30:48 - [MESSAGE][PASSED] - Object: 'Object Repository/Final Object Repo/New Registration - Registration Module Pages/Third Screen - Upload Supporting Doc- Preview/Supporting Doc Please Select Drop Down' is clicked on

2018-11-09 12:30:48 - [TEST_STEP][PASSED] - delay: Delayed 2 second(s)

2018-11-09 12:30:50 - [MESSAGE][PASSED] - Delayed 2 second(s)

2018-11-09 12:30:50 - [TEST_STEP][PASSED] - click: Object: 'Object Repository/Final Object Repo/New Registration - Registration Module Pages/Third Screen - Upload Supporting Doc- Preview/Select to Upload Form 2' is clicked on

2018-11-09 12:30:51 - [MESSAGE][PASSED] - Object: 'Object Repository/Final Object Repo/New Registration - Registration Module Pages/Third Screen - Upload Supporting Doc- Preview/Select to Upload Form 2' is clicked on

2018-11-09 12:30:51 - [TEST_STEP][PASSED] - delay: Delayed 2 second(s)

2018-11-09 12:30:53 - [MESSAGE][PASSED] - Delayed 2 second(s)

2018-11-09 12:30:53 - [TEST_STEP][PASSED] - uploadFile: File 'C:\Users\Public\Pictures\Sample Pictures\Act.jpg' sent to object: 'Object Repository/Final Object Repo/New Registration - Registration Module Pages/Third Screen - Upload Supporting Doc- Preview/Upload File Adding'

2018-11-09 12:30:53 - [MESSAGE][PASSED] - File 'C:\Users\Public\Pictures\Sample Pictures\Act.jpg' sent to object: 'Object Repository/Final Object Repo/New Registration - Registration Module Pages/Third Screen - Upload Supporting Doc- Preview/Upload File Adding'

2018-11-09 12:30:53 - [TEST_STEP][PASSED] - click: Object: 'Object Repository/Final Object Repo/New Registration - Registration Module Pages/Third Screen - Upload Supporting Doc- Preview/Inner Form Add Document Button' is clicked on

2018-11-09 12:30:58 - [MESSAGE][PASSED] - Object: 'Object Repository/Final Object Repo/New Registration - Registration Module Pages/Third Screen - Upload Supporting Doc- Preview/Inner Form Add Document Button' is clicked on

2018-11-09 12:30:58 - [TEST_STEP][PASSED] - delay: Delayed 4 second(s)

2018-11-09 12:31:02 - [MESSAGE][PASSED] - Delayed 4 second(s)

2018-11-09 12:31:02 - [TEST_STEP][PASSED] - click: Object: 'Object Repository/Final Object Repo/New Registration - Registration Module Pages/Third Screen - Upload Supporting Doc- Preview/Add Document Button' is clicked on

2018-11-09 12:31:03 - [MESSAGE][PASSED] - Object: 'Object Repository/Final Object Repo/New Registration - Registration Module Pages/Third Screen - Upload Supporting Doc- Preview/Add Document Button' is clicked on

2018-11-09 12:31:03 - [TEST_STEP][PASSED] - delay: Delayed 30 second(s)

2018-11-09 12:31:33 - [MESSAGE][PASSED] - Delayed 30 second(s)

2018-11-09 12:31:33 - [TEST_STEP][PASSED] - click: Object: 'Object Repository/Final Object Repo/New Registration - Registration Module Pages/Third Screen - Upload Supporting Doc- Preview/Supporting Doc Please Select Drop Down' is clicked on

2018-11-09 12:31:33 - [MESSAGE][PASSED] - Object: 'Object Repository/Final Object Repo/New Registration - Registration Module Pages/Third Screen - Upload Supporting Doc- Preview/Supporting Doc Please Select Drop Down' is clicked on

2018-11-09 12:31:33 - [TEST_STEP][PASSED] - click: Object: 'Object Repository/Final Object Repo/New Registration - Registration Module Pages/Third Screen - Upload Supporting Doc- Preview/Select to Upload Borang SIP 1' is clicked on

2018-11-09 12:31:34 - [MESSAGE][PASSED] - Object: 'Object Repository/Final Object Repo/New Registration - Registration Module Pages/Third Screen - Upload Supporting Doc- Preview/Select to Upload Borang SIP 1' is clicked on

2018-11-09 12:31:34 - [TEST_STEP][PASSED] - delay: Delayed 2 second(s)

2018-11-09 12:31:36 - [MESSAGE][PASSED] - Delayed 2 second(s)

2018-11-09 12:31:36 - [TEST_STEP][PASSED] - uploadFile: File 'C:\Users\Public\Pictures\Sample Pictures\Act.jpg' sent to object: 'Object Repository/Final Object Repo/New Registration - Registration Module Pages/Third Screen - Upload Supporting Doc- Preview/Upload File Adding'

2018-11-09 12:31:36 - [MESSAGE][PASSED] - File 'C:\Users\Public\Pictures\Sample Pictures\Act.jpg' sent to object: 'Object Repository/Final Object Repo/New Registration - Registration Module Pages/Third Screen - Upload Supporting Doc- Preview/Upload File Adding'

2018-11-09 12:31:36 - [TEST_STEP][PASSED] - click: Object: 'Object Repository/Final Object Repo/New Registration - Registration Module Pages/Third Screen - Upload Supporting Doc- Preview/Inner Form Add Document Button' is clicked on

2018-11-09 12:31:36 - [MESSAGE][PASSED] - Object: 'Object Repository/Final Object Repo/New Registration - Registration Module Pages/Third Screen - Upload Supporting Doc- Preview/Inner Form Add Document Button' is clicked on

2018-11-09 12:31:36 - [TEST_STEP][PASSED] - delay: Delayed 5 second(s)

2018-11-09 12:31:41 - [MESSAGE][PASSED] - Delayed 5 second(s)

2018-11-09 12:31:41 - [TEST_STEP][PASSED] - click: Object: 'Object Repository/Final Object Repo/New Registration - Registration Module Pages/Third Screen - Upload Supporting Doc- Preview/Add Document Button' is clicked on

2018-11-09 12:31:41 - [MESSAGE][PASSED] - Object: 'Object Repository/Final Object Repo/New Registration - Registration Module Pages/Third Screen - Upload Supporting Doc- Preview/Add Document Button' is clicked on

2018-11-09 12:31:41 - [TEST_STEP][PASSED] - delay: Delayed 30 second(s)

2018-11-09 12:32:11 - [MESSAGE][PASSED] - Delayed 30 second(s)

2018-11-09 12:32:11 - [TEST_STEP][PASSED] - click: Object: 'Object Repository/Final Object Repo/New Registration - Registration Module Pages/Third Screen - Upload Supporting Doc- Preview/Supporting Doc Please Select Drop Down' is clicked on

2018-11-09 12:32:12 - [MESSAGE][PASSED] - Object: 'Object Repository/Final Object Repo/New Registration - Registration Module Pages/Third Screen - Upload Supporting Doc- Preview/Supporting Doc Please Select Drop Down' is clicked on

2018-11-09 12:32:12 - [TEST_STEP][PASSED] - delay: Delayed 3 second(s)

2018-11-09 12:32:15 - [MESSAGE][PASSED] - Delayed 3 second(s)

2018-11-09 12:32:15 - [TEST_STEP][PASSED] - click: Object: 'Object Repository/Final Object Repo/New Registration - Registration Module Pages/Third Screen - Upload Supporting Doc- Preview/Select to Upload Borang SIP 2' is clicked on

2018-11-09 12:32:15 - [MESSAGE][PASSED] - Object: 'Object Repository/Final Object Repo/New Registration - Registration Module Pages/Third Screen - Upload Supporting Doc- Preview/Select to Upload Borang SIP 2' is clicked on

2018-11-09 12:32:15 - [TEST_STEP][PASSED] - delay: Delayed 2 second(s)

2018-11-09 12:32:17 - [MESSAGE][PASSED] - Delayed 2 second(s)

2018-11-09 12:32:17 - [TEST_STEP][PASSED] - uploadFile: File 'C:\Users\Public\Pictures\Sample Pictures\Act.jpg' sent to object: 'Object Repository/Final Object Repo/New Registration - Registration Module Pages/Third Screen - Upload Supporting Doc- Preview/Upload File Adding'

2018-11-09 12:32:18 - [MESSAGE][PASSED] - File 'C:\Users\Public\Pictures\Sample Pictures\Act.jpg' sent to object: 'Object Repository/Final Object Repo/New Registration - Registration Module Pages/Third Screen - Upload Supporting Doc- Preview/Upload File Adding'

2018-11-09 12:32:18 - [TEST_STEP][PASSED] - delay: Delayed 5 second(s)

2018-11-09 12:32:23 - [MESSAGE][PASSED] - Delayed 5 second(s)

2018-11-09 12:32:23 - [TEST_STEP][PASSED] - click: Object: 'Object Repository/Final Object Repo/New Registration - Registration Module Pages/Third Screen - Upload Supporting Doc- Preview/Inner Form Add Document Button' is clicked on

2018-11-09 12:32:28 - [MESSAGE][PASSED] - Object: 'Object Repository/Final Object Repo/New Registration - Registration Module Pages/Third Screen - Upload Supporting Doc- Preview/Inner Form Add Document Button' is clicked on

2018-11-09 12:32:28 - [TEST_STEP][PASSED] - delay: Delayed 3 second(s)

2018-11-09 12:32:31 - [MESSAGE][PASSED] - Delayed 3 second(s)

2018-11-09 12:32:31 - [TEST_STEP][PASSED] - waitForElementClickable: Object 'Object Repository/Final Object Repo/New Registration - Registration Module Pages/Third Screen - Upload Supporting Doc- Preview/Save n Continue in Uploading Supporting Doc Page' is clickable

2018-11-09 12:32:31 - [MESSAGE][PASSED] - Object 'Object Repository/Final Object Repo/New Registration - Registration Module Pages/Third Screen - Upload Supporting Doc- Preview/Save n Continue in Uploading Supporting Doc Page' is clickable

2018-11-09 12:32:31 - [TEST_STEP][PASSED] - click: Object: 'Object Repository/Final Object Repo/New Registration - Registration Module Pages/Third Screen - Upload Supporting Doc- Preview/Save n Continue in Uploading Supporting Doc Page' is clicked on

2018-11-09 12:32:36 - [MESSAGE][PASSED] - Object: 'Object Repository/Final Object Repo/New Registration - Registration Module Pages/Third Screen - Upload Supporting Doc- Preview/Save n Continue in Uploading Supporting Doc Page' is clicked on

2018-11-09 12:32:36 - [MESSAGE][PASSED] - Call Test Case 'Test Cases/Final Aug 2018 - PKS Automation/Registration Module/New Registration/Flow of New Registration/Third Screen - Upload Supporting Doc - Preview' successfully

2018-11-09 12:32:36 - [TEST_STEP][PASSED] - setText: Text 'Tester' is set on object 'Object Repository/Final Object Repo/New Registration - Registration Module Pages/New Reg - OTC to RO/Special Case - All Related Objects/Employer Preview Name'

2018-11-09 12:32:37 - [MESSAGE][PASSED] - Text 'Tester' is set on object 'Object Repository/Final Object Repo/New Registration - Registration Module Pages/New Reg - OTC to RO/Special Case - All Related Objects/Employer Preview Name'

2018-11-09 12:32:37 - [TEST_STEP][PASSED] - click: Object: 'Object Repository/Final Object Repo/New Registration - Registration Module Pages/New Reg - OTC to RO/Special Case - All Related Objects/IC Type Drop Down' is clicked on

2018-11-09 12:32:37 - [MESSAGE][PASSED] - Object: 'Object Repository/Final Object Repo/New Registration - Registration Module Pages/New Reg - OTC to RO/Special Case - All Related Objects/IC Type Drop Down' is clicked on

2018-11-09 12:32:37 - [TEST_STEP][PASSED] - click: Object: 'Object Repository/Final Object Repo/New Registration - Registration Module Pages/New Reg - OTC to RO/Special Case - All Related Objects/Select to NRIC' is clicked on

2018-11-09 12:32:38 - [MESSAGE][PASSED] - Object: 'Object Repository/Final Object Repo/New Registration - Registration Module Pages/New Reg - OTC to RO/Special Case - All Related Objects/Select to NRIC' is clicked on

2018-11-09 12:32:38 - [TEST_STEP][PASSED] - setText: Text '133245561223' is set on object 'Object Repository/Final Object Repo/New Registration - Registration Module Pages/New Reg - OTC to RO/Special Case - All Related Objects/IC Value'

2018-11-09 12:32:38 - [MESSAGE][PASSED] - Text '133245561223' is set on object 'Object Repository/Final Object Repo/New Registration - Registration Module Pages/New Reg - OTC to RO/Special Case - All Related Objects/IC Value'

2018-11-09 12:32:38 - [TEST_STEP][PASSED] - setText: Text 'Auto' is set on object 'Object Repository/Final Object Repo/New Registration - Registration Module Pages/New Reg - OTC to RO/Special Case - All Related Objects/Designation'

2018-11-09 12:32:38 - [MESSAGE][PASSED] - Text 'Auto' is set on object 'Object Repository/Final Object Repo/New Registration - Registration Module Pages/New Reg - OTC to RO/Special Case - All Related Objects/Designation'

2018-11-09 12:32:38 - [TEST_STEP][PASSED] - callTestCase: Call Test Case 'Test Cases/Final Aug 2018 - PKS Automation/Registration Module/New Registration/Submit and Screenshot/Submit Registration and Screenshot - Copy' successfully

2018-11-09 12:32:38 - [TEST_CASE][PASSED] - Test Cases/Final Aug 2018 - PKS Automation/Registration Module/New Registration/Submit and Screenshot/Submit Registration and Screenshot - Copy: Test Cases/Final Aug 2018 - PKS Automation/Registration Module/New Registration/Submit and Screenshot/Submit Registration and Screenshot - Copy

2018-11-09 12:32:38 - [TEST_STEP][PASSED] - delay: Delayed 6 second(s)

2018-11-09 12:32:44 - [MESSAGE][PASSED] - Delayed 6 second(s)

2018-11-09 12:32:44 - [TEST_STEP][PASSED] - click: Object: 'Object Repository/Final Object Repo/New Registration - Registration Module Pages/Third Screen - Upload Supporting Doc- Preview/Preview Submit Button' is clicked on

2018-11-09 12:32:44 - [MESSAGE][PASSED] - Object: 'Object Repository/Final Object Repo/New Registration - Registration Module Pages/Third Screen - Upload Supporting Doc- Preview/Preview Submit Button' is clicked on

2018-11-09 12:32:44 - [TEST_STEP][PASSED] - delay: Delayed 2 second(s)

2018-11-09 12:32:46 - [MESSAGE][PASSED] - Delayed 2 second(s)

2018-11-09 12:32:46 - [TEST_STEP][PASSED] - click: Object: 'Object Repository/Final Object Repo/New Registration - Registration Module Pages/Third Screen - Upload Supporting Doc- Preview/Preview Submit - Confirm' is clicked on

2018-11-09 12:32:52 - [MESSAGE][PASSED] - Object: 'Object Repository/Final Object Repo/New Registration - Registration Module Pages/Third Screen - Upload Supporting Doc- Preview/Preview Submit - Confirm' is clicked on

2018-11-09 12:32:52 - [TEST_STEP][PASSED] - delay: Delayed 15 second(s)

2018-11-09 12:33:07 - [MESSAGE][PASSED] - Delayed 15 second(s)

2018-11-09 12:33:07 - [TEST_STEP][PASSED] - Statement - driver = com.kms.katalon.core.webui.driver.DriverFactory.getWebDriver(): null

2018-11-09 12:33:07 - [TEST_STEP][PASSED] - Statement - driver.manage().timeouts().implicitlyWait(10, SECONDS): null

2018-11-09 12:33:07 - [TEST_STEP][PASSED] - Statement - PresavePath = KatalonScreenshots: null

2018-11-09 12:33:07 - [TEST_STEP][PASSED] - Statement - pathPrefix = "C:\Users\Public\Pictures\Sample Pictures\Katalon Screenshots\Automate Ending Screen": null

2018-11-09 12:33:07 - [TEST_STEP][PASSED] - Statement - finalPath = <not implemented yet for class: org.codehaus.groovy.ast.expr.EmptyExpression>: null

2018-11-09 12:33:07 - [TEST_STEP][PASSED] - Statement - scrFile = driver.getScreenshotAs(FILE): null

2018-11-09 12:33:07 - [TEST_STEP][PASSED] - Statement - PreSaveFile = new java.io.File(PresavePath): null

2018-11-09 12:33:07 - [TEST_STEP][PASSED] - Statement - counter = 0: null

2018-11-09 12:33:07 - [TEST_STEP][PASSED] - Statement - If (PreSaveFile.exists()): null

2018-11-09 12:33:07 - [TEST_STEP][PASSED] - Statement - While (PreSaveFile.exists()): null

2018-11-09 12:33:07 - [TEST_STEP][PASSED] - Statement - counter = counter + 1: null

2018-11-09 12:33:07 - [TEST_STEP][PASSED] - Statement - PreSaveFile = new java.io.File(((pathPrefix + java.lang.Integer.toString(counter)) + .png)): null

2018-11-09 12:33:07 - [TEST_STEP][PASSED] - Statement - counter = counter + 1: null

2018-11-09 12:33:07 - [TEST_STEP][PASSED] - Statement - PreSaveFile = new java.io.File(((pathPrefix + java.lang.Integer.toString(counter)) + .png)): null

2018-11-09 12:33:07 - [TEST_STEP][PASSED] - Statement - counter = counter + 1: null

2018-11-09 12:33:07 - [TEST_STEP][PASSED] - Statement - PreSaveFile = new java.io.File(((pathPrefix + java.lang.Integer.toString(counter)) + .png)): null

2018-11-09 12:33:07 - [TEST_STEP][PASSED] - Statement - counter = counter + 1: null

2018-11-09 12:33:07 - [TEST_STEP][PASSED] - Statement - PreSaveFile = new java.io.File(((pathPrefix + java.lang.Integer.toString(counter)) + .png)): null

2018-11-09 12:33:07 - [TEST_STEP][PASSED] - Statement - counter = counter + 1: null

2018-11-09 12:33:07 - [TEST_STEP][PASSED] - Statement - PreSaveFile = new java.io.File(((pathPrefix + java.lang.Integer.toString(counter)) + .png)): null

2018-11-09 12:33:07 - [TEST_STEP][PASSED] - Statement - counter = counter + 1: null

2018-11-09 12:33:07 - [TEST_STEP][PASSED] - Statement - PreSaveFile = new java.io.File(((pathPrefix + java.lang.Integer.toString(counter)) + .png)): null

2018-11-09 12:33:07 - [TEST_STEP][PASSED] - Statement - counter = counter + 1: null

2018-11-09 12:33:07 - [TEST_STEP][PASSED] - Statement - PreSaveFile = new java.io.File(((pathPrefix + java.lang.Integer.toString(counter)) + .png)): null

2018-11-09 12:33:07 - [TEST_STEP][PASSED] - Statement - counter = counter + 1: null

2018-11-09 12:33:07 - [TEST_STEP][PASSED] - Statement - PreSaveFile = new java.io.File(((pathPrefix + java.lang.Integer.toString(counter)) + .png)): null

2018-11-09 12:33:07 - [TEST_STEP][PASSED] - Statement - counter = counter + 1: null

2018-11-09 12:33:07 - [TEST_STEP][PASSED] - Statement - PreSaveFile = new java.io.File(((pathPrefix + java.lang.Integer.toString(counter)) + .png)): null

2018-11-09 12:33:07 - [TEST_STEP][PASSED] - Statement - counter = counter + 1: null

2018-11-09 12:33:07 - [TEST_STEP][PASSED] - Statement - PreSaveFile = new java.io.File(((pathPrefix + java.lang.Integer.toString(counter)) + .png)): null

2018-11-09 12:33:07 - [TEST_STEP][PASSED] - Statement - counter = counter + 1: null

2018-11-09 12:33:07 - [TEST_STEP][PASSED] - Statement - PreSaveFile = new java.io.File(((pathPrefix + java.lang.Integer.toString(counter)) + .png)): null

2018-11-09 12:33:07 - [TEST_STEP][PASSED] - Statement - counter = counter + 1: null

2018-11-09 12:33:07 - [TEST_STEP][PASSED] - Statement - PreSaveFile = new java.io.File(((pathPrefix + java.lang.Integer.toString(counter)) + .png)): null

2018-11-09 12:33:07 - [TEST_STEP][PASSED] - Statement - counter = counter + 1: null

2018-11-09 12:33:07 - [TEST_STEP][PASSED] - Statement - PreSaveFile = new java.io.File(((pathPrefix + java.lang.Integer.toString(counter)) + .png)): null

2018-11-09 12:33:07 - [TEST_STEP][PASSED] - Statement - counter = counter + 1: null

2018-11-09 12:33:07 - [TEST_STEP][PASSED] - Statement - PreSaveFile = new java.io.File(((pathPrefix + java.lang.Integer.toString(counter)) + .png)): null

2018-11-09 12:33:07 - [TEST_STEP][PASSED] - Statement - counter = counter + 1: null

2018-11-09 12:33:07 - [TEST_STEP][PASSED] - Statement - PreSaveFile = new java.io.File(((pathPrefix + java.lang.Integer.toString(counter)) + .png)): null

2018-11-09 12:33:07 - [TEST_STEP][PASSED] - Statement - counter = counter + 1: null

2018-11-09 12:33:07 - [TEST_STEP][PASSED] - Statement - PreSaveFile = new java.io.File(((pathPrefix + java.lang.Integer.toString(counter)) + .png)): null

2018-11-09 12:33:07 - [TEST_STEP][PASSED] - Statement - counter = counter + 1: null

2018-11-09 12:33:07 - [TEST_STEP][PASSED] - Statement - PreSaveFile = new java.io.File(((pathPrefix + java.lang.Integer.toString(counter)) + .png)): null

2018-11-09 12:33:07 - [TEST_STEP][PASSED] - Statement - counter = counter + 1: null

2018-11-09 12:33:07 - [TEST_STEP][PASSED] - Statement - PreSaveFile = new java.io.File(((pathPrefix + java.lang.Integer.toString(counter)) + .png)): null

2018-11-09 12:33:07 - [TEST_STEP][PASSED] - Statement - counter = counter + 1: null

2018-11-09 12:33:07 - [TEST_STEP][PASSED] - Statement - PreSaveFile = new java.io.File(((pathPrefix + java.lang.Integer.toString(counter)) + .png)): null

2018-11-09 12:33:07 - [TEST_STEP][PASSED] - Statement - counter = counter + 1: null

2018-11-09 12:33:07 - [TEST_STEP][PASSED] - Statement - PreSaveFile = new java.io.File(((pathPrefix + java.lang.Integer.toString(counter)) + .png)): null

2018-11-09 12:33:07 - [TEST_STEP][PASSED] - Statement - counter = counter + 1: null

2018-11-09 12:33:07 - [TEST_STEP][PASSED] - Statement - PreSaveFile = new java.io.File(((pathPrefix + java.lang.Integer.toString(counter)) + .png)): null

2018-11-09 12:33:07 - [TEST_STEP][PASSED] - Statement - counter = counter + 1: null

2018-11-09 12:33:07 - [TEST_STEP][PASSED] - Statement - PreSaveFile = new java.io.File(((pathPrefix + java.lang.Integer.toString(counter)) + .png)): null

2018-11-09 12:33:07 - [TEST_STEP][PASSED] - Statement - counter = counter + 1: null

2018-11-09 12:33:07 - [TEST_STEP][PASSED] - Statement - PreSaveFile = new java.io.File(((pathPrefix + java.lang.Integer.toString(counter)) + .png)): null

2018-11-09 12:33:07 - [TEST_STEP][PASSED] - Statement - counter = counter + 1: null

2018-11-09 12:33:07 - [TEST_STEP][PASSED] - Statement - PreSaveFile = new java.io.File(((pathPrefix + java.lang.Integer.toString(counter)) + .png)): null

2018-11-09 12:33:07 - [TEST_STEP][PASSED] - Statement - counter = counter + 1: null

2018-11-09 12:33:07 - [TEST_STEP][PASSED] - Statement - PreSaveFile = new java.io.File(((pathPrefix + java.lang.Integer.toString(counter)) + .png)): null

2018-11-09 12:33:07 - [TEST_STEP][PASSED] - Statement - counter = counter + 1: null

2018-11-09 12:33:07 - [TEST_STEP][PASSED] - Statement - PreSaveFile = new java.io.File(((pathPrefix + java.lang.Integer.toString(counter)) + .png)): null

2018-11-09 12:33:07 - [TEST_STEP][PASSED] - Statement - counter = counter + 1: null

2018-11-09 12:33:07 - [TEST_STEP][PASSED] - Statement - PreSaveFile = new java.io.File(((pathPrefix + java.lang.Integer.toString(counter)) + .png)): null

2018-11-09 12:33:07 - [TEST_STEP][PASSED] - Statement - counter = counter + 1: null

2018-11-09 12:33:07 - [TEST_STEP][PASSED] - Statement - PreSaveFile = new java.io.File(((pathPrefix + java.lang.Integer.toString(counter)) + .png)): null

2018-11-09 12:33:07 - [TEST_STEP][PASSED] - Statement - counter = counter + 1: null

2018-11-09 12:33:07 - [TEST_STEP][PASSED] - Statement - PreSaveFile = new java.io.File(((pathPrefix + java.lang.Integer.toString(counter)) + .png)): null

2018-11-09 12:33:07 - [TEST_STEP][PASSED] - Statement - counter = counter + 1: null

2018-11-09 12:33:07 - [TEST_STEP][PASSED] - Statement - PreSaveFile = new java.io.File(((pathPrefix + java.lang.Integer.toString(counter)) + .png)): null

2018-11-09 12:33:07 - [TEST_STEP][PASSED] - Statement - counter = counter + 1: null

2018-11-09 12:33:08 - [TEST_STEP][PASSED] - Statement - PreSaveFile = new java.io.File(((pathPrefix + java.lang.Integer.toString(counter)) + .png)): null

2018-11-09 12:33:08 - [TEST_STEP][PASSED] - Statement - counter = counter + 1: null

2018-11-09 12:33:08 - [TEST_STEP][PASSED] - Statement - PreSaveFile = new java.io.File(((pathPrefix + java.lang.Integer.toString(counter)) + .png)): null

2018-11-09 12:33:08 - [TEST_STEP][PASSED] - Statement - counter = counter + 1: null

2018-11-09 12:33:08 - [TEST_STEP][PASSED] - Statement - PreSaveFile = new java.io.File(((pathPrefix + java.lang.Integer.toString(counter)) + .png)): null

2018-11-09 12:33:08 - [TEST_STEP][PASSED] - Statement - counter = counter + 1: null

2018-11-09 12:33:08 - [TEST_STEP][PASSED] - Statement - PreSaveFile = new java.io.File(((pathPrefix + java.lang.Integer.toString(counter)) + .png)): null

2018-11-09 12:33:08 - [TEST_STEP][PASSED] - Statement - counter = counter + 1: null

2018-11-09 12:33:08 - [TEST_STEP][PASSED] - Statement - PreSaveFile = new java.io.File(((pathPrefix + java.lang.Integer.toString(counter)) + .png)): null

2018-11-09 12:33:08 - [TEST_STEP][PASSED] - Statement - counter = counter + 1: null

2018-11-09 12:33:08 - [TEST_STEP][PASSED] - Statement - PreSaveFile = new java.io.File(((pathPrefix + java.lang.Integer.toString(counter)) + .png)): null

2018-11-09 12:33:08 - [TEST_STEP][PASSED] - Statement - counter = counter + 1: null

2018-11-09 12:33:08 - [TEST_STEP][PASSED] - Statement - PreSaveFile = new java.io.File(((pathPrefix + java.lang.Integer.toString(counter)) + .png)): null

2018-11-09 12:33:08 - [TEST_STEP][PASSED] - Statement - counter = counter + 1: null

2018-11-09 12:33:08 - [TEST_STEP][PASSED] - Statement - PreSaveFile = new java.io.File(((pathPrefix + java.lang.Integer.toString(counter)) + .png)): null

2018-11-09 12:33:08 - [TEST_STEP][PASSED] - Statement - counter = counter + 1: null

2018-11-09 12:33:08 - [TEST_STEP][PASSED] - Statement - PreSaveFile = new java.io.File(((pathPrefix + java.lang.Integer.toString(counter)) + .png)): null

2018-11-09 12:33:08 - [TEST_STEP][PASSED] - Statement - counter = counter + 1: null

2018-11-09 12:33:08 - [TEST_STEP][PASSED] - Statement - PreSaveFile = new java.io.File(((pathPrefix + java.lang.Integer.toString(counter)) + .png)): null

2018-11-09 12:33:08 - [TEST_STEP][PASSED] - Statement - counter = counter + 1: null

2018-11-09 12:33:08 - [TEST_STEP][PASSED] - Statement - PreSaveFile = new java.io.File(((pathPrefix + java.lang.Integer.toString(counter)) + .png)): null

2018-11-09 12:33:08 - [TEST_STEP][PASSED] - Statement - counter = counter + 1: null

2018-11-09 12:33:08 - [TEST_STEP][PASSED] - Statement - PreSaveFile = new java.io.File(((pathPrefix + java.lang.Integer.toString(counter)) + .png)): null

2018-11-09 12:33:08 - [TEST_STEP][PASSED] - Statement - counter = counter + 1: null

2018-11-09 12:33:09 - [TEST_STEP][PASSED] - Statement - PreSaveFile = new java.io.File(((pathPrefix + java.lang.Integer.toString(counter)) + .png)): null

2018-11-09 12:33:09 - [TEST_STEP][PASSED] - Statement - counter = counter + 1: null

2018-11-09 12:33:09 - [TEST_STEP][PASSED] - Statement - PreSaveFile = new java.io.File(((pathPrefix + java.lang.Integer.toString(counter)) + .png)): null

2018-11-09 12:33:09 - [TEST_STEP][PASSED] - Statement - counter = counter + 1: null

2018-11-09 12:33:09 - [TEST_STEP][PASSED] - Statement - PreSaveFile = new java.io.File(((pathPrefix + java.lang.Integer.toString(counter)) + .png)): null

2018-11-09 12:33:09 - [TEST_STEP][PASSED] - Statement - counter = counter + 1: null

2018-11-09 12:33:09 - [TEST_STEP][PASSED] - Statement - PreSaveFile = new java.io.File(((pathPrefix + java.lang.Integer.toString(counter)) + .png)): null

2018-11-09 12:33:09 - [TEST_STEP][PASSED] - Statement - counter = counter + 1: null

2018-11-09 12:33:09 - [TEST_STEP][PASSED] - Statement - PreSaveFile = new java.io.File(((pathPrefix + java.lang.Integer.toString(counter)) + .png)): null

2018-11-09 12:33:09 - [TEST_STEP][PASSED] - Statement - counter = counter + 1: null

2018-11-09 12:33:09 - [TEST_STEP][PASSED] - Statement - PreSaveFile = new java.io.File(((pathPrefix + java.lang.Integer.toString(counter)) + .png)): null

2018-11-09 12:33:09 - [TEST_STEP][PASSED] - Statement - counter = counter + 1: null

2018-11-09 12:33:09 - [TEST_STEP][PASSED] - Statement - PreSaveFile = new java.io.File(((pathPrefix + java.lang.Integer.toString(counter)) + .png)): null

2018-11-09 12:33:09 - [TEST_STEP][PASSED] - Statement - counter = counter + 1: null

2018-11-09 12:33:09 - [TEST_STEP][PASSED] - Statement - PreSaveFile = new java.io.File(((pathPrefix + java.lang.Integer.toString(counter)) + .png)): null

2018-11-09 12:33:09 - [TEST_STEP][PASSED] - Statement - counter = counter + 1: null

2018-11-09 12:33:09 - [TEST_STEP][PASSED] - Statement - PreSaveFile = new java.io.File(((pathPrefix + java.lang.Integer.toString(counter)) + .png)): null

2018-11-09 12:33:09 - [TEST_STEP][PASSED] - Statement - counter = counter + 1: null

2018-11-09 12:33:09 - [TEST_STEP][PASSED] - Statement - PreSaveFile = new java.io.File(((pathPrefix + java.lang.Integer.toString(counter)) + .png)): null

2018-11-09 12:33:09 - [TEST_STEP][PASSED] - Statement - counter = counter + 1: null

2018-11-09 12:33:09 - [TEST_STEP][PASSED] - Statement - PreSaveFile = new java.io.File(((pathPrefix + java.lang.Integer.toString(counter)) + .png)): null

2018-11-09 12:33:09 - [TEST_STEP][PASSED] - Statement - counter = counter + 1: null

2018-11-09 12:33:09 - [TEST_STEP][PASSED] - Statement - PreSaveFile = new java.io.File(((pathPrefix + java.lang.Integer.toString(counter)) + .png)): null

2018-11-09 12:33:09 - [TEST_STEP][PASSED] - Statement - counter = counter + 1: null

2018-11-09 12:33:09 - [TEST_STEP][PASSED] - Statement - PreSaveFile = new java.io.File(((pathPrefix + java.lang.Integer.toString(counter)) + .png)): null

2018-11-09 12:33:09 - [TEST_STEP][PASSED] - Statement - counter = counter + 1: null

2018-11-09 12:33:09 - [TEST_STEP][PASSED] - Statement - PreSaveFile = new java.io.File(((pathPrefix + java.lang.Integer.toString(counter)) + .png)): null

2018-11-09 12:33:09 - [TEST_STEP][PASSED] - Statement - counter = counter + 1: null

2018-11-09 12:33:09 - [TEST_STEP][PASSED] - Statement - PreSaveFile = new java.io.File(((pathPrefix + java.lang.Integer.toString(counter)) + .png)): null

2018-11-09 12:33:09 - [TEST_STEP][PASSED] - Statement - counter = counter + 1: null

2018-11-09 12:33:09 - [TEST_STEP][PASSED] - Statement - PreSaveFile = new java.io.File(((pathPrefix + java.lang.Integer.toString(counter)) + .png)): null

2018-11-09 12:33:09 - [TEST_STEP][PASSED] - Statement - counter = counter + 1: null

2018-11-09 12:33:09 - [TEST_STEP][PASSED] - Statement - PreSaveFile = new java.io.File(((pathPrefix + java.lang.Integer.toString(counter)) + .png)): null

2018-11-09 12:33:10 - [TEST_STEP][PASSED] - Statement - counter = counter + 1: null

2018-11-09 12:33:10 - [TEST_STEP][PASSED] - Statement - PreSaveFile = new java.io.File(((pathPrefix + java.lang.Integer.toString(counter)) + .png)): null

2018-11-09 12:33:10 - [TEST_STEP][PASSED] - Statement - counter = counter + 1: null

2018-11-09 12:33:10 - [TEST_STEP][PASSED] - Statement - PreSaveFile = new java.io.File(((pathPrefix + java.lang.Integer.toString(counter)) + .png)): null

2018-11-09 12:33:10 - [TEST_STEP][PASSED] - Statement - counter = counter + 1: null

2018-11-09 12:33:10 - [TEST_STEP][PASSED] - Statement - PreSaveFile = new java.io.File(((pathPrefix + java.lang.Integer.toString(counter)) + .png)): null

2018-11-09 12:33:10 - [TEST_STEP][PASSED] - Statement - counter = counter + 1: null

2018-11-09 12:33:10 - [TEST_STEP][PASSED] - Statement - PreSaveFile = new java.io.File(((pathPrefix + java.lang.Integer.toString(counter)) + .png)): null

2018-11-09 12:33:10 - [TEST_STEP][PASSED] - Statement - counter = counter + 1: null

2018-11-09 12:33:10 - [TEST_STEP][PASSED] - Statement - PreSaveFile = new java.io.File(((pathPrefix + java.lang.Integer.toString(counter)) + .png)): null

2018-11-09 12:33:10 - [TEST_STEP][PASSED] - Statement - counter = counter + 1: null

2018-11-09 12:33:10 - [TEST_STEP][PASSED] - Statement - PreSaveFile = new java.io.File(((pathPrefix + java.lang.Integer.toString(counter)) + .png)): null

2018-11-09 12:33:10 - [TEST_STEP][PASSED] - Statement - counter = counter + 1: null

2018-11-09 12:33:10 - [TEST_STEP][PASSED] - Statement - PreSaveFile = new java.io.File(((pathPrefix + java.lang.Integer.toString(counter)) + .png)): null

2018-11-09 12:33:10 - [TEST_STEP][PASSED] - Statement - counter = counter + 1: null

2018-11-09 12:33:10 - [TEST_STEP][PASSED] - Statement - PreSaveFile = new java.io.File(((pathPrefix + java.lang.Integer.toString(counter)) + .png)): null

2018-11-09 12:33:10 - [TEST_STEP][PASSED] - Statement - counter = counter + 1: null

2018-11-09 12:33:10 - [TEST_STEP][PASSED] - Statement - PreSaveFile = new java.io.File(((pathPrefix + java.lang.Integer.toString(counter)) + .png)): null

2018-11-09 12:33:10 - [TEST_STEP][PASSED] - Statement - counter = counter + 1: null

2018-11-09 12:33:10 - [TEST_STEP][PASSED] - Statement - PreSaveFile = new java.io.File(((pathPrefix + java.lang.Integer.toString(counter)) + .png)): null

2018-11-09 12:33:10 - [TEST_STEP][PASSED] - Statement - counter = counter + 1: null

2018-11-09 12:33:10 - [TEST_STEP][PASSED] - Statement - PreSaveFile = new java.io.File(((pathPrefix + java.lang.Integer.toString(counter)) + .png)): null

2018-11-09 12:33:10 - [TEST_STEP][PASSED] - Statement - counter = counter + 1: null

2018-11-09 12:33:10 - [TEST_STEP][PASSED] - Statement - PreSaveFile = new java.io.File(((pathPrefix + java.lang.Integer.toString(counter)) + .png)): null

2018-11-09 12:33:11 - [TEST_STEP][PASSED] - Statement - counter = counter + 1: null

2018-11-09 12:33:11 - [TEST_STEP][PASSED] - Statement - PreSaveFile = new java.io.File(((pathPrefix + java.lang.Integer.toString(counter)) + .png)): null

2018-11-09 12:33:11 - [TEST_STEP][PASSED] - Statement - counter = counter + 1: null

2018-11-09 12:33:11 - [TEST_STEP][PASSED] - Statement - PreSaveFile = new java.io.File(((pathPrefix + java.lang.Integer.toString(counter)) + .png)): null

2018-11-09 12:33:11 - [TEST_STEP][PASSED] - Statement - counter = counter + 1: null

2018-11-09 12:33:11 - [TEST_STEP][PASSED] - Statement - PreSaveFile = new java.io.File(((pathPrefix + java.lang.Integer.toString(counter)) + .png)): null

2018-11-09 12:33:11 - [TEST_STEP][PASSED] - Statement - counter = counter + 1: null

2018-11-09 12:33:11 - [TEST_STEP][PASSED] - Statement - PreSaveFile = new java.io.File(((pathPrefix + java.lang.Integer.toString(counter)) + .png)): null

2018-11-09 12:33:11 - [TEST_STEP][PASSED] - Statement - counter = counter + 1: null

2018-11-09 12:33:11 - [TEST_STEP][PASSED] - Statement - PreSaveFile = new java.io.File(((pathPrefix + java.lang.Integer.toString(counter)) + .png)): null

2018-11-09 12:33:11 - [TEST_STEP][PASSED] - Statement - counter = counter + 1: null

2018-11-09 12:33:11 - [TEST_STEP][PASSED] - Statement - PreSaveFile = new java.io.File(((pathPrefix + java.lang.Integer.toString(counter)) + .png)): null

2018-11-09 12:33:11 - [TEST_STEP][PASSED] - Statement - counter = counter + 1: null

2018-11-09 12:33:11 - [TEST_STEP][PASSED] - Statement - PreSaveFile = new java.io.File(((pathPrefix + java.lang.Integer.toString(counter)) + .png)): null

2018-11-09 12:33:11 - [TEST_STEP][PASSED] - Statement - counter = counter + 1: null

2018-11-09 12:33:11 - [TEST_STEP][PASSED] - Statement - PreSaveFile = new java.io.File(((pathPrefix + java.lang.Integer.toString(counter)) + .png)): null

2018-11-09 12:33:11 - [TEST_STEP][PASSED] - Statement - counter = counter + 1: null

2018-11-09 12:33:11 - [TEST_STEP][PASSED] - Statement - PreSaveFile = new java.io.File(((pathPrefix + java.lang.Integer.toString(counter)) + .png)): null

2018-11-09 12:33:11 - [TEST_STEP][PASSED] - Statement - counter = counter + 1: null

2018-11-09 12:33:12 - [TEST_STEP][PASSED] - Statement - PreSaveFile = new java.io.File(((pathPrefix + java.lang.Integer.toString(counter)) + .png)): null

2018-11-09 12:33:12 - [TEST_STEP][PASSED] - Statement - counter = counter + 1: null

2018-11-09 12:33:12 - [TEST_STEP][PASSED] - Statement - PreSaveFile = new java.io.File(((pathPrefix + java.lang.Integer.toString(counter)) + .png)): null

2018-11-09 12:33:12 - [TEST_STEP][PASSED] - Statement - counter = counter + 1: null

2018-11-09 12:33:12 - [TEST_STEP][PASSED] - Statement - PreSaveFile = new java.io.File(((pathPrefix + java.lang.Integer.toString(counter)) + .png)): null

2018-11-09 12:33:12 - [TEST_STEP][PASSED] - Statement - counter = counter + 1: null

2018-11-09 12:33:12 - [TEST_STEP][PASSED] - Statement - PreSaveFile = new java.io.File(((pathPrefix + java.lang.Integer.toString(counter)) + .png)): null

2018-11-09 12:33:12 - [TEST_STEP][PASSED] - Statement - counter = counter + 1: null

2018-11-09 12:33:12 - [TEST_STEP][PASSED] - Statement - PreSaveFile = new java.io.File(((pathPrefix + java.lang.Integer.toString(counter)) + .png)): null

2018-11-09 12:33:12 - [TEST_STEP][PASSED] - Statement - counter = counter + 1: null

2018-11-09 12:33:12 - [TEST_STEP][PASSED] - Statement - PreSaveFile = new java.io.File(((pathPrefix + java.lang.Integer.toString(counter)) + .png)): null

2018-11-09 12:33:12 - [TEST_STEP][PASSED] - Statement - counter = counter + 1: null

2018-11-09 12:33:12 - [TEST_STEP][PASSED] - Statement - PreSaveFile = new java.io.File(((pathPrefix + java.lang.Integer.toString(counter)) + .png)): null

2018-11-09 12:33:12 - [TEST_STEP][PASSED] - Statement - counter = counter + 1: null

2018-11-09 12:33:12 - [TEST_STEP][PASSED] - Statement - PreSaveFile = new java.io.File(((pathPrefix + java.lang.Integer.toString(counter)) + .png)): null

2018-11-09 12:33:12 - [TEST_STEP][PASSED] - Statement - counter = counter + 1: null

2018-11-09 12:33:12 - [TEST_STEP][PASSED] - Statement - PreSaveFile = new java.io.File(((pathPrefix + java.lang.Integer.toString(counter)) + .png)): null

2018-11-09 12:33:12 - [TEST_STEP][PASSED] - Statement - counter = counter + 1: null

2018-11-09 12:33:12 - [TEST_STEP][PASSED] - Statement - PreSaveFile = new java.io.File(((pathPrefix + java.lang.Integer.toString(counter)) + .png)): null

2018-11-09 12:33:12 - [TEST_STEP][PASSED] - Statement - counter = counter + 1: null

2018-11-09 12:33:12 - [TEST_STEP][PASSED] - Statement - PreSaveFile = new java.io.File(((pathPrefix + java.lang.Integer.toString(counter)) + .png)): null

2018-11-09 12:33:12 - [TEST_STEP][PASSED] - Statement - counter = counter + 1: null

2018-11-09 12:33:12 - [TEST_STEP][PASSED] - Statement - PreSaveFile = new java.io.File(((pathPrefix + java.lang.Integer.toString(counter)) + .png)): null

2018-11-09 12:33:13 - [TEST_STEP][PASSED] - Statement - counter = counter + 1: null

2018-11-09 12:33:13 - [TEST_STEP][PASSED] - Statement - PreSaveFile = new java.io.File(((pathPrefix + java.lang.Integer.toString(counter)) + .png)): null

2018-11-09 12:33:13 - [TEST_STEP][PASSED] - Statement - counter = counter + 1: null

2018-11-09 12:33:13 - [TEST_STEP][PASSED] - Statement - PreSaveFile = new java.io.File(((pathPrefix + java.lang.Integer.toString(counter)) + .png)): null

2018-11-09 12:33:13 - [TEST_STEP][PASSED] - Statement - counter = counter + 1: null

2018-11-09 12:33:13 - [TEST_STEP][PASSED] - Statement - PreSaveFile = new java.io.File(((pathPrefix + java.lang.Integer.toString(counter)) + .png)): null

2018-11-09 12:33:13 - [TEST_STEP][PASSED] - Statement - counter = counter + 1: null

2018-11-09 12:33:13 - [TEST_STEP][PASSED] - Statement - PreSaveFile = new java.io.File(((pathPrefix + java.lang.Integer.toString(counter)) + .png)): null

2018-11-09 12:33:13 - [TEST_STEP][PASSED] - Statement - counter = counter + 1: null

2018-11-09 12:33:13 - [TEST_STEP][PASSED] - Statement - PreSaveFile = new java.io.File(((pathPrefix + java.lang.Integer.toString(counter)) + .png)): null

2018-11-09 12:33:13 - [TEST_STEP][PASSED] - Statement - counter = counter + 1: null

2018-11-09 12:33:13 - [TEST_STEP][PASSED] - Statement - PreSaveFile = new java.io.File(((pathPrefix + java.lang.Integer.toString(counter)) + .png)): null

2018-11-09 12:33:13 - [TEST_STEP][PASSED] - Statement - counter = counter + 1: null

2018-11-09 12:33:13 - [TEST_STEP][PASSED] - Statement - PreSaveFile = new java.io.File(((pathPrefix + java.lang.Integer.toString(counter)) + .png)): null

2018-11-09 12:33:13 - [TEST_STEP][PASSED] - Statement - counter = counter + 1: null

2018-11-09 12:33:13 - [TEST_STEP][PASSED] - Statement - PreSaveFile = new java.io.File(((pathPrefix + java.lang.Integer.toString(counter)) + .png)): null

2018-11-09 12:33:13 - [TEST_STEP][PASSED] - Statement - counter = counter + 1: null

2018-11-09 12:33:13 - [TEST_STEP][PASSED] - Statement - PreSaveFile = new java.io.File(((pathPrefix + java.lang.Integer.toString(counter)) + .png)): null

2018-11-09 12:33:13 - [TEST_STEP][PASSED] - Statement - counter = counter + 1: null

2018-11-09 12:33:14 - [TEST_STEP][PASSED] - Statement - PreSaveFile = new java.io.File(((pathPrefix + java.lang.Integer.toString(counter)) + .png)): null

2018-11-09 12:33:14 - [TEST_STEP][PASSED] - Statement - counter = counter + 1: null

2018-11-09 12:33:14 - [TEST_STEP][PASSED] - Statement - PreSaveFile = new java.io.File(((pathPrefix + java.lang.Integer.toString(counter)) + .png)): null

2018-11-09 12:33:14 - [TEST_STEP][PASSED] - Statement - counter = counter + 1: null

2018-11-09 12:33:14 - [TEST_STEP][PASSED] - Statement - PreSaveFile = new java.io.File(((pathPrefix + java.lang.Integer.toString(counter)) + .png)): null

2018-11-09 12:33:14 - [TEST_STEP][PASSED] - Statement - counter = counter + 1: null

2018-11-09 12:33:14 - [TEST_STEP][PASSED] - Statement - PreSaveFile = new java.io.File(((pathPrefix + java.lang.Integer.toString(counter)) + .png)): null

2018-11-09 12:33:14 - [TEST_STEP][PASSED] - Statement - counter = counter + 1: null

2018-11-09 12:33:14 - [TEST_STEP][PASSED] - Statement - PreSaveFile = new java.io.File(((pathPrefix + java.lang.Integer.toString(counter)) + .png)): null

2018-11-09 12:33:14 - [TEST_STEP][PASSED] - Statement - counter = counter + 1: null

2018-11-09 12:33:14 - [TEST_STEP][PASSED] - Statement - PreSaveFile = new java.io.File(((pathPrefix + java.lang.Integer.toString(counter)) + .png)): null

2018-11-09 12:33:14 - [TEST_STEP][PASSED] - Statement - counter = counter + 1: null

2018-11-09 12:33:14 - [TEST_STEP][PASSED] - Statement - PreSaveFile = new java.io.File(((pathPrefix + java.lang.Integer.toString(counter)) + .png)): null

2018-11-09 12:33:14 - [TEST_STEP][PASSED] - Statement - counter = counter + 1: null

2018-11-09 12:33:15 - [TEST_STEP][PASSED] - Statement - PreSaveFile = new java.io.File(((pathPrefix + java.lang.Integer.toString(counter)) + .png)): null

2018-11-09 12:33:15 - [TEST_STEP][PASSED] - Statement - counter = counter + 1: null

2018-11-09 12:33:15 - [TEST_STEP][PASSED] - Statement - PreSaveFile = new java.io.File(((pathPrefix + java.lang.Integer.toString(counter)) + .png)): null

2018-11-09 12:33:15 - [TEST_STEP][PASSED] - Statement - counter = counter + 1: null

2018-11-09 12:33:15 - [TEST_STEP][PASSED] - Statement - PreSaveFile = new java.io.File(((pathPrefix + java.lang.Integer.toString(counter)) + .png)): null

2018-11-09 12:33:15 - [TEST_STEP][PASSED] - Statement - counter = counter + 1: null

2018-11-09 12:33:15 - [TEST_STEP][PASSED] - Statement - PreSaveFile = new java.io.File(((pathPrefix + java.lang.Integer.toString(counter)) + .png)): null

2018-11-09 12:33:15 - [TEST_STEP][PASSED] - Statement - counter = counter + 1: null

2018-11-09 12:33:15 - [TEST_STEP][PASSED] - Statement - PreSaveFile = new java.io.File(((pathPrefix + java.lang.Integer.toString(counter)) + .png)): null

2018-11-09 12:33:15 - [TEST_STEP][PASSED] - Statement - counter = counter + 1: null

2018-11-09 12:33:15 - [TEST_STEP][PASSED] - Statement - PreSaveFile = new java.io.File(((pathPrefix + java.lang.Integer.toString(counter)) + .png)): null

2018-11-09 12:33:15 - [TEST_STEP][PASSED] - Statement - counter = counter + 1: null

2018-11-09 12:33:15 - [TEST_STEP][PASSED] - Statement - PreSaveFile = new java.io.File(((pathPrefix + java.lang.Integer.toString(counter)) + .png)): null

2018-11-09 12:33:15 - [TEST_STEP][PASSED] - Statement - counter = counter + 1: null

2018-11-09 12:33:15 - [TEST_STEP][PASSED] - Statement - PreSaveFile = new java.io.File(((pathPrefix + java.lang.Integer.toString(counter)) + .png)): null

2018-11-09 12:33:15 - [TEST_STEP][PASSED] - Statement - counter = counter + 1: null

2018-11-09 12:33:15 - [TEST_STEP][PASSED] - Statement - PreSaveFile = new java.io.File(((pathPrefix + java.lang.Integer.toString(counter)) + .png)): null

2018-11-09 12:33:15 - [TEST_STEP][PASSED] - Statement - counter = counter + 1: null

2018-11-09 12:33:15 - [TEST_STEP][PASSED] - Statement - PreSaveFile = new java.io.File(((pathPrefix + java.lang.Integer.toString(counter)) + .png)): null

2018-11-09 12:33:16 - [TEST_STEP][PASSED] - Statement - counter = counter + 1: null

2018-11-09 12:33:16 - [TEST_STEP][PASSED] - Statement - PreSaveFile = new java.io.File(((pathPrefix + java.lang.Integer.toString(counter)) + .png)): null

2018-11-09 12:33:16 - [TEST_STEP][PASSED] - Statement - counter = counter + 1: null

2018-11-09 12:33:16 - [TEST_STEP][PASSED] - Statement - PreSaveFile = new java.io.File(((pathPrefix + java.lang.Integer.toString(counter)) + .png)): null

2018-11-09 12:33:16 - [TEST_STEP][PASSED] - Statement - counter = counter + 1: null

2018-11-09 12:33:16 - [TEST_STEP][PASSED] - Statement - PreSaveFile = new java.io.File(((pathPrefix + java.lang.Integer.toString(counter)) + .png)): null

2018-11-09 12:33:16 - [TEST_STEP][PASSED] - Statement - counter = counter + 1: null

2018-11-09 12:33:16 - [TEST_STEP][PASSED] - Statement - PreSaveFile = new java.io.File(((pathPrefix + java.lang.Integer.toString(counter)) + .png)): null

2018-11-09 12:33:16 - [TEST_STEP][PASSED] - Statement - counter = counter + 1: null

2018-11-09 12:33:16 - [TEST_STEP][PASSED] - Statement - PreSaveFile = new java.io.File(((pathPrefix + java.lang.Integer.toString(counter)) + .png)): null

2018-11-09 12:33:16 - [TEST_STEP][PASSED] - Statement - counter = counter + 1: null

2018-11-09 12:33:16 - [TEST_STEP][PASSED] - Statement - PreSaveFile = new java.io.File(((pathPrefix + java.lang.Integer.toString(counter)) + .png)): null

2018-11-09 12:33:16 - [TEST_STEP][PASSED] - Statement - counter = counter + 1: null

2018-11-09 12:33:16 - [TEST_STEP][PASSED] - Statement - PreSaveFile = new java.io.File(((pathPrefix + java.lang.Integer.toString(counter)) + .png)): null

2018-11-09 12:33:16 - [TEST_STEP][PASSED] - Statement - counter = counter + 1: null

2018-11-09 12:33:16 - [TEST_STEP][PASSED] - Statement - PreSaveFile = new java.io.File(((pathPrefix + java.lang.Integer.toString(counter)) + .png)): null

2018-11-09 12:33:16 - [TEST_STEP][PASSED] - Statement - counter = counter + 1: null

2018-11-09 12:33:16 - [TEST_STEP][PASSED] - Statement - PreSaveFile = new java.io.File(((pathPrefix + java.lang.Integer.toString(counter)) + .png)): null

2018-11-09 12:33:16 - [TEST_STEP][PASSED] - Statement - counter = counter + 1: null

2018-11-09 12:33:16 - [TEST_STEP][PASSED] - Statement - PreSaveFile = new java.io.File(((pathPrefix + java.lang.Integer.toString(counter)) + .png)): null

2018-11-09 12:33:16 - [TEST_STEP][PASSED] - Statement - counter = counter + 1: null

2018-11-09 12:33:16 - [TEST_STEP][PASSED] - Statement - PreSaveFile = new java.io.File(((pathPrefix + java.lang.Integer.toString(counter)) + .png)): null

2018-11-09 12:33:16 - [TEST_STEP][PASSED] - Statement - counter = counter + 1: null

2018-11-09 12:33:17 - [TEST_STEP][PASSED] - Statement - PreSaveFile = new java.io.File(((pathPrefix + java.lang.Integer.toString(counter)) + .png)): null

2018-11-09 12:33:17 - [TEST_STEP][PASSED] - Statement - counter = counter + 1: null

2018-11-09 12:33:17 - [TEST_STEP][PASSED] - Statement - PreSaveFile = new java.io.File(((pathPrefix + java.lang.Integer.toString(counter)) + .png)): null

2018-11-09 12:33:17 - [TEST_STEP][PASSED] - Statement - counter = counter + 1: null

2018-11-09 12:33:17 - [TEST_STEP][PASSED] - Statement - PreSaveFile = new java.io.File(((pathPrefix + java.lang.Integer.toString(counter)) + .png)): null

2018-11-09 12:33:17 - [TEST_STEP][PASSED] - Statement - counter = counter + 1: null

2018-11-09 12:33:17 - [TEST_STEP][PASSED] - Statement - PreSaveFile = new java.io.File(((pathPrefix + java.lang.Integer.toString(counter)) + .png)): null

2018-11-09 12:33:17 - [TEST_STEP][PASSED] - Statement - counter = counter + 1: null

2018-11-09 12:33:17 - [TEST_STEP][PASSED] - Statement - PreSaveFile = new java.io.File(((pathPrefix + java.lang.Integer.toString(counter)) + .png)): null

2018-11-09 12:33:17 - [TEST_STEP][PASSED] - Statement - counter = counter + 1: null

2018-11-09 12:33:18 - [TEST_STEP][PASSED] - Statement - PreSaveFile = new java.io.File(((pathPrefix + java.lang.Integer.toString(counter)) + .png)): null

2018-11-09 12:33:18 - [TEST_STEP][PASSED] - Statement - counter = counter + 1: null

2018-11-09 12:33:18 - [TEST_STEP][PASSED] - Statement - PreSaveFile = new java.io.File(((pathPrefix + java.lang.Integer.toString(counter)) + .png)): null

2018-11-09 12:33:18 - [TEST_STEP][PASSED] - Statement - counter = counter + 1: null

2018-11-09 12:33:18 - [TEST_STEP][PASSED] - Statement - PreSaveFile = new java.io.File(((pathPrefix + java.lang.Integer.toString(counter)) + .png)): null

2018-11-09 12:33:18 - [TEST_STEP][PASSED] - Statement - counter = counter + 1: null

2018-11-09 12:33:18 - [TEST_STEP][PASSED] - Statement - PreSaveFile = new java.io.File(((pathPrefix + java.lang.Integer.toString(counter)) + .png)): null

2018-11-09 12:33:18 - [TEST_STEP][PASSED] - Statement - counter = counter + 1: null

2018-11-09 12:33:18 - [TEST_STEP][PASSED] - Statement - PreSaveFile = new java.io.File(((pathPrefix + java.lang.Integer.toString(counter)) + .png)): null

2018-11-09 12:33:18 - [TEST_STEP][PASSED] - Statement - counter = counter + 1: null

2018-11-09 12:33:18 - [TEST_STEP][PASSED] - Statement - PreSaveFile = new java.io.File(((pathPrefix + java.lang.Integer.toString(counter)) + .png)): null

2018-11-09 12:33:18 - [TEST_STEP][PASSED] - Statement - counter = counter + 1: null

2018-11-09 12:33:18 - [TEST_STEP][PASSED] - Statement - PreSaveFile = new java.io.File(((pathPrefix + java.lang.Integer.toString(counter)) + .png)): null

2018-11-09 12:33:18 - [TEST_STEP][PASSED] - Statement - counter = counter + 1: null

2018-11-09 12:33:18 - [TEST_STEP][PASSED] - Statement - PreSaveFile = new java.io.File(((pathPrefix + java.lang.Integer.toString(counter)) + .png)): null

2018-11-09 12:33:18 - [TEST_STEP][PASSED] - Statement - counter = counter + 1: null

2018-11-09 12:33:18 - [TEST_STEP][PASSED] - Statement - PreSaveFile = new java.io.File(((pathPrefix + java.lang.Integer.toString(counter)) + .png)): null

2018-11-09 12:33:18 - [TEST_STEP][PASSED] - Statement - counter = counter + 1: null

2018-11-09 12:33:18 - [TEST_STEP][PASSED] - Statement - PreSaveFile = new java.io.File(((pathPrefix + java.lang.Integer.toString(counter)) + .png)): null

2018-11-09 12:33:19 - [TEST_STEP][PASSED] - Statement - counter = counter + 1: null

2018-11-09 12:33:19 - [TEST_STEP][PASSED] - Statement - PreSaveFile = new java.io.File(((pathPrefix + java.lang.Integer.toString(counter)) + .png)): null

2018-11-09 12:33:19 - [TEST_STEP][PASSED] - Statement - counter = counter + 1: null

2018-11-09 12:33:19 - [TEST_STEP][PASSED] - Statement - PreSaveFile = new java.io.File(((pathPrefix + java.lang.Integer.toString(counter)) + .png)): null

2018-11-09 12:33:19 - [TEST_STEP][PASSED] - Statement - counter = counter + 1: null

2018-11-09 12:33:19 - [TEST_STEP][PASSED] - Statement - PreSaveFile = new java.io.File(((pathPrefix + java.lang.Integer.toString(counter)) + .png)): null

2018-11-09 12:33:19 - [TEST_STEP][PASSED] - Statement - counter = counter + 1: null

2018-11-09 12:33:19 - [TEST_STEP][PASSED] - Statement - PreSaveFile = new java.io.File(((pathPrefix + java.lang.Integer.toString(counter)) + .png)): null

2018-11-09 12:33:19 - [TEST_STEP][PASSED] - Statement - counter = counter + 1: null

2018-11-09 12:33:19 - [TEST_STEP][PASSED] - Statement - PreSaveFile = new java.io.File(((pathPrefix + java.lang.Integer.toString(counter)) + .png)): null

2018-11-09 12:33:19 - [TEST_STEP][PASSED] - Statement - counter = counter + 1: null

2018-11-09 12:33:19 - [TEST_STEP][PASSED] - Statement - PreSaveFile = new java.io.File(((pathPrefix + java.lang.Integer.toString(counter)) + .png)): null

2018-11-09 12:33:19 - [TEST_STEP][PASSED] - Statement - counter = counter + 1: null

2018-11-09 12:33:20 - [TEST_STEP][PASSED] - Statement - PreSaveFile = new java.io.File(((pathPrefix + java.lang.Integer.toString(counter)) + .png)): null

2018-11-09 12:33:20 - [TEST_STEP][PASSED] - Statement - counter = counter + 1: null

2018-11-09 12:33:20 - [TEST_STEP][PASSED] - Statement - PreSaveFile = new java.io.File(((pathPrefix + java.lang.Integer.toString(counter)) + .png)): null

2018-11-09 12:33:20 - [TEST_STEP][PASSED] - Statement - counter = counter + 1: null

2018-11-09 12:33:20 - [TEST_STEP][PASSED] - Statement - PreSaveFile = new java.io.File(((pathPrefix + java.lang.Integer.toString(counter)) + .png)): null

2018-11-09 12:33:20 - [TEST_STEP][PASSED] - Statement - counter = counter + 1: null

2018-11-09 12:33:20 - [TEST_STEP][PASSED] - Statement - PreSaveFile = new java.io.File(((pathPrefix + java.lang.Integer.toString(counter)) + .png)): null

2018-11-09 12:33:20 - [TEST_STEP][PASSED] - Statement - counter = counter + 1: null

2018-11-09 12:33:20 - [TEST_STEP][PASSED] - Statement - PreSaveFile = new java.io.File(((pathPrefix + java.lang.Integer.toString(counter)) + .png)): null

2018-11-09 12:33:20 - [TEST_STEP][PASSED] - Statement - counter = counter + 1: null

2018-11-09 12:33:20 - [TEST_STEP][PASSED] - Statement - PreSaveFile = new java.io.File(((pathPrefix + java.lang.Integer.toString(counter)) + .png)): null

2018-11-09 12:33:20 - [TEST_STEP][PASSED] - Statement - counter = counter + 1: null

2018-11-09 12:33:20 - [TEST_STEP][PASSED] - Statement - PreSaveFile = new java.io.File(((pathPrefix + java.lang.Integer.toString(counter)) + .png)): null

2018-11-09 12:33:20 - [TEST_STEP][PASSED] - Statement - counter = counter + 1: null

2018-11-09 12:33:20 - [TEST_STEP][PASSED] - Statement - PreSaveFile = new java.io.File(((pathPrefix + java.lang.Integer.toString(counter)) + .png)): null

2018-11-09 12:33:20 - [TEST_STEP][PASSED] - Statement - counter = counter + 1: null

2018-11-09 12:33:20 - [TEST_STEP][PASSED] - Statement - PreSaveFile = new java.io.File(((pathPrefix + java.lang.Integer.toString(counter)) + .png)): null

2018-11-09 12:33:20 - [TEST_STEP][PASSED] - Statement - counter = counter + 1: null

2018-11-09 12:33:20 - [TEST_STEP][PASSED] - Statement - PreSaveFile = new java.io.File(((pathPrefix + java.lang.Integer.toString(counter)) + .png)): null

2018-11-09 12:33:21 - [TEST_STEP][PASSED] - Statement - counter = counter + 1: null

2018-11-09 12:33:21 - [TEST_STEP][PASSED] - Statement - PreSaveFile = new java.io.File(((pathPrefix + java.lang.Integer.toString(counter)) + .png)): null

2018-11-09 12:33:21 - [TEST_STEP][PASSED] - Statement - counter = counter + 1: null

2018-11-09 12:33:21 - [TEST_STEP][PASSED] - Statement - PreSaveFile = new java.io.File(((pathPrefix + java.lang.Integer.toString(counter)) + .png)): null

2018-11-09 12:33:21 - [TEST_STEP][PASSED] - Statement - counter = counter + 1: null

2018-11-09 12:33:21 - [TEST_STEP][PASSED] - Statement - PreSaveFile = new java.io.File(((pathPrefix + java.lang.Integer.toString(counter)) + .png)): null

2018-11-09 12:33:21 - [TEST_STEP][PASSED] - Statement - counter = counter + 1: null

2018-11-09 12:33:21 - [TEST_STEP][PASSED] - Statement - PreSaveFile = new java.io.File(((pathPrefix + java.lang.Integer.toString(counter)) + .png)): null

2018-11-09 12:33:21 - [TEST_STEP][PASSED] - Statement - counter = counter + 1: null

2018-11-09 12:33:21 - [TEST_STEP][PASSED] - Statement - PreSaveFile = new java.io.File(((pathPrefix + java.lang.Integer.toString(counter)) + .png)): null

2018-11-09 12:33:22 - [TEST_STEP][PASSED] - Statement - counter = counter + 1: null

2018-11-09 12:33:22 - [TEST_STEP][PASSED] - Statement - PreSaveFile = new java.io.File(((pathPrefix + java.lang.Integer.toString(counter)) + .png)): null

2018-11-09 12:33:22 - [TEST_STEP][PASSED] - Statement - counter = counter + 1: null

2018-11-09 12:33:22 - [TEST_STEP][PASSED] - Statement - PreSaveFile = new java.io.File(((pathPrefix + java.lang.Integer.toString(counter)) + .png)): null

2018-11-09 12:33:22 - [TEST_STEP][PASSED] - Statement - counter = counter + 1: null

2018-11-09 12:33:22 - [TEST_STEP][PASSED] - Statement - PreSaveFile = new java.io.File(((pathPrefix + java.lang.Integer.toString(counter)) + .png)): null

2018-11-09 12:33:22 - [TEST_STEP][PASSED] - Statement - counter = counter + 1: null

2018-11-09 12:33:22 - [TEST_STEP][PASSED] - Statement - PreSaveFile = new java.io.File(((pathPrefix + java.lang.Integer.toString(counter)) + .png)): null

2018-11-09 12:33:22 - [TEST_STEP][PASSED] - Statement - counter = counter + 1: null

2018-11-09 12:33:22 - [TEST_STEP][PASSED] - Statement - PreSaveFile = new java.io.File(((pathPrefix + java.lang.Integer.toString(counter)) + .png)): null

2018-11-09 12:33:23 - [TEST_STEP][PASSED] - Statement - finalPath = pathPrefix + java.lang.Integer.toString(counter) + ".png": null

2018-11-09 12:33:23 - [TEST_STEP][PASSED] - Statement - SaveFile = new java.io.File(finalPath): null

2018-11-09 12:33:23 - [TEST_STEP][PASSED] - Statement - Try: null

2018-11-09 12:33:23 - [TEST_STEP][PASSED] - Statement - org.apache.commons.io.FileUtils.copyFile(scrFile, SaveFile): null

2018-11-09 12:33:23 - [TEST_STEP][PASSED] - Statement - out.println("file kept"): null

2018-11-09 12:33:23 - [TEST_STEP][PASSED] - delay: Delayed 10 second(s)

2018-11-09 12:33:33 - [MESSAGE][PASSED] - Delayed 10 second(s)

2018-11-09 12:33:33 - [MESSAGE][PASSED] - Call Test Case 'Test Cases/Final Aug 2018 - PKS Automation/Registration Module/New Registration/Submit and Screenshot/Submit Registration and Screenshot - Copy' successfully

2018-11-09 12:33:33 - [TEST_STEP][PASSED] - Statement - UpdateAddNewECode = com.kms.katalon.core.webui.keyword.WebUiBuiltInKeywords.getText(com.kms.katalon.core.testobject.ObjectRepository.findTestObject(Object Repository/Final Object Repo/Page_Update Add New Employee - ASSIST/getEmpCode)): Text of object 'Object Repository/Final Object Repo/Page_Update Add New Employee - ASSIST/getEmpCode' is: 'E1102070167V'

2018-11-09 12:33:33 - [MESSAGE][PASSED] - Text of object 'Object Repository/Final Object Repo/Page_Update Add New Employee - ASSIST/getEmpCode' is: 'E1102070167V'

2018-11-09 12:33:33 - [TEST_STEP][PASSED] - callTestCase: Call Test Case 'Test Cases/Final Aug 2018 - PKS Automation/Common/Emp Code Setter' successfully

2018-11-09 12:33:33 - [TEST_CASE][PASSED] - Test Cases/Final Aug 2018 - PKS Automation/Common/Emp Code Setter: Test Cases/Final Aug 2018 - PKS Automation/Common/Emp Code Setter

2018-11-09 12:33:33 - [TEST_STEP][PASSED] - Statement - EmpCodeOld = new java.io.File(C://EmpCode.txt): null

2018-11-09 12:33:33 - [TEST_STEP][PASSED] - Statement - EmpCodeOld.delete(): null

2018-11-09 12:33:33 - [TEST_STEP][PASSED] - Statement - EmpCode = new java.io.File(C://EmpCode.txt): null

2018-11-09 12:33:33 - [TEST_STEP][PASSED] - Statement - EmpCode.append(UpdateAddNewECode): null

2018-11-09 12:33:33 - [TEST_STEP][PASSED] - Statement - out.println("


" + UpdateAddNewECode + "


"): null

2018-11-09 12:33:33 - [MESSAGE][PASSED] - Call Test Case 'Test Cases/Final Aug 2018 - PKS Automation/Common/Emp Code Setter' successfully

2018-11-09 12:33:33 - [MESSAGE][PASSED] - Call Test Case 'Test Cases/Final Aug 2018 - PKS Automation/Registration Module/Workflow/Update Add New Employee/Template/New Company for Update Add New - Employer' successfully

2018-11-09 12:33:33 - [TEST_STEP][PASSED] - callTestCase: Call Test Case 'Test Cases/Final Aug 2018 - PKS Automation/Create Employer Acc/Login to Employer Account (Second time)' successfully

2018-11-09 12:33:33 - [TEST_CASE][PASSED] - Test Cases/Final Aug 2018 - PKS Automation/Create Employer Acc/Login to Employer Account (Second time): Test Cases/Final Aug 2018 - PKS Automation/Create Employer Acc/Login to Employer Account (Second time)

2018-11-09 12:33:33 - [TEST_STEP][PASSED] - openBrowser: Browser is opened with url: ''

2018-11-09 12:33:33 - [MESSAGE][WARNING] - A browser is already opened. Closing browser and opening a new one

2018-11-09 12:33:38 - [MESSAGE][PASSED] - Browser is opened with url: ''

2018-11-09 12:33:38 - [TEST_STEP][PASSED] - navigateToUrl: Navigate to 'https://assist2-uat.perkeso.gov.my/employer/login' successfully

2018-11-09 12:33:40 - [MESSAGE][PASSED] - Navigate to 'https://assist2-uat.perkeso.gov.my/employer/login' successfully

2018-11-09 12:33:40 - [TEST_STEP][PASSED] - delay: Delayed 3 second(s)

2018-11-09 12:33:43 - [MESSAGE][PASSED] - Delayed 3 second(s)

2018-11-09 12:33:43 - [TEST_STEP][PASSED] - callTestCase: Call Test Case 'Test Cases/Final Aug 2018 - PKS Automation/Create Employer Acc/Template/Employer Email Getter' successfully

2018-11-09 12:33:43 - [TEST_CASE][PASSED] - Test Cases/Final Aug 2018 - PKS Automation/Create Employer Acc/Template/Employer Email Getter: Test Cases/Final Aug 2018 - PKS Automation/Create Employer Acc/Template/Employer Email Getter

2018-11-09 12:33:43 - [TEST_STEP][PASSED] - Statement - Try: null

2018-11-09 12:33:43 - [TEST_STEP][PASSED] - Statement - EmpEmail = new java.io.File(C://EmpEmail.txt): null

2018-11-09 12:33:43 - [TEST_STEP][PASSED] - Statement - bufferread = new java.io.BufferedReader(new java.io.FileReader(EmpEmail)): null

2018-11-09 12:33:43 - [TEST_STEP][PASSED] - Statement - readedVal = bufferread.readLine(): null

2018-11-09 12:33:43 - [TEST_STEP][PASSED] - Statement - out.println(readedVal): null

2018-11-09 12:33:43 - [TEST_STEP][PASSED] - Statement - Email = readedVal: null

2018-11-09 12:33:43 - [MESSAGE][PASSED] - Call Test Case 'Test Cases/Final Aug 2018 - PKS Automation/Create Employer Acc/Template/Employer Email Getter' successfully

2018-11-09 12:33:43 - [TEST_STEP][PASSED] - setText: Text 'perkeso966245926697@gmail.com' is set on object 'Object Repository/Final Object Repo/Login Page/External Login Page/Email'

2018-11-09 12:33:43 - [MESSAGE][PASSED] - Text 'perkeso966245926697@gmail.com' is set on object 'Object Repository/Final Object Repo/Login Page/External Login Page/Email'

2018-11-09 12:33:43 - [TEST_STEP][PASSED] - click: Object: 'Object Repository/Final Object Repo/Login Page/External Login Page/Next' is clicked on

2018-11-09 12:33:44 - [MESSAGE][PASSED] - Object: 'Object Repository/Final Object Repo/Login Page/External Login Page/Next' is clicked on

2018-11-09 12:33:44 - [TEST_STEP][PASSED] - delay: Delayed 3 second(s)

2018-11-09 12:33:47 - [MESSAGE][PASSED] - Delayed 3 second(s)

2018-11-09 12:33:47 - [TEST_STEP][PASSED] - setEncryptedText: Text ****** has been set on object 'Object Repository/Final Object Repo/Login Page/External Login Page/Password'

2018-11-09 12:33:47 - [MESSAGE][PASSED] - Text ****** has been set on object 'Object Repository/Final Object Repo/Login Page/External Login Page/Password'

2018-11-09 12:33:47 - [TEST_STEP][PASSED] - click: Object: 'Object Repository/Final Object Repo/Login Page/External Login Page/Login' is clicked on

2018-11-09 12:33:54 - [MESSAGE][PASSED] - Object: 'Object Repository/Final Object Repo/Login Page/External Login Page/Login' is clicked on

2018-11-09 12:33:54 - [TEST_STEP][PASSED] - delay: Delayed 5 second(s)

2018-11-09 12:33:59 - [MESSAGE][PASSED] - Delayed 5 second(s)

2018-11-09 12:33:59 - [MESSAGE][PASSED] - Call Test Case 'Test Cases/Final Aug 2018 - PKS Automation/Create Employer Acc/Login to Employer Account (Second time)' successfully

2018-11-09 12:33:59 - [TEST_STEP][PASSED] - navigateToUrl: Navigate to 'https://assist2-uat.perkeso.gov.my/web/registration/update/form-1a-cessation-as-employer-discontinue-business-' successfully

2018-11-09 12:34:01 - [MESSAGE][PASSED] - Navigate to 'https://assist2-uat.perkeso.gov.my/web/registration/update/form-1a-cessation-as-employer-discontinue-business-' successfully

2018-11-09 12:34:01 - [TEST_STEP][PASSED] - callTestCase: Call Test Case 'Test Cases/Final Aug 2018 - PKS Automation/Common/Emp Code Getter' successfully

2018-11-09 12:34:01 - [TEST_CASE][PASSED] - Test Cases/Final Aug 2018 - PKS Automation/Common/Emp Code Getter: Test Cases/Final Aug 2018 - PKS Automation/Common/Emp Code Getter

2018-11-09 12:34:01 - [TEST_STEP][PASSED] - Statement - Try: null

2018-11-09 12:34:01 - [TEST_STEP][PASSED] - Statement - EmpCode = new java.io.File(C://EmpCode.txt): null

2018-11-09 12:34:01 - [TEST_STEP][PASSED] - Statement - bufferread = new java.io.BufferedReader(new java.io.FileReader(EmpCode)): null

2018-11-09 12:34:01 - [TEST_STEP][PASSED] - Statement - readedVal = bufferread.readLine(): null

2018-11-09 12:34:01 - [TEST_STEP][PASSED] - Statement - out.println(readedVal): null

2018-11-09 12:34:01 - [TEST_STEP][PASSED] - Statement - UpdateAddNewECode = readedVal: null

2018-11-09 12:34:01 - [MESSAGE][PASSED] - Call Test Case 'Test Cases/Final Aug 2018 - PKS Automation/Common/Emp Code Getter' successfully

2018-11-09 12:34:01 - [TEST_STEP][PASSED] - setText: Text 'E1102070167V' is set on object 'Object Repository/Final Object Repo/Page_Update Employer Information/Employer Code'

2018-11-09 12:34:01 - [MESSAGE][PASSED] - Text 'E1102070167V' is set on object 'Object Repository/Final Object Repo/Page_Update Employer Information/Employer Code'

2018-11-09 12:34:01 - [TEST_STEP][PASSED] - click: Object: 'Object Repository/Final Object Repo/Page_Update Employer Information/Search Button' is clicked on

2018-11-09 12:34:03 - [MESSAGE][PASSED] - Object: 'Object Repository/Final Object Repo/Page_Update Employer Information/Search Button' is clicked on

2018-11-09 12:34:03 - [TEST_STEP][PASSED] - click: Object: 'Object Repository/Final Object Repo/Page_Update Employer Information/Edit Button' is clicked on

2018-11-09 12:34:05 - [MESSAGE][PASSED] - Object: 'Object Repository/Final Object Repo/Page_Update Employer Information/Edit Button' is clicked on

2018-11-09 12:34:05 - [TEST_STEP][PASSED] - Statement - abc = com.kms.katalon.core.webui.keyword.WebUiBuiltInKeywords.getAttribute(com.kms.katalon.core.testobject.ObjectRepository.findTestObject(Final Object Repo/Page_Form 1A - Cessation As Employer/Employer Status), "value"): Attribute 'value' of object 'Object Repository/Final Object Repo/Page_Form 1A - Cessation As Employer/Employer Status' is: 'Active'

2018-11-09 12:34:05 - [MESSAGE][PASSED] - Attribute 'value' of object 'Object Repository/Final Object Repo/Page_Form 1A - Cessation As Employer/Employer Status' is: 'Active'

2018-11-09 12:34:05 - [TEST_STEP][PASSED] - Statement - out.println(abc): null

2018-11-09 12:34:05 - [TEST_STEP][PASSED] - Statement - If (abc == "Active"): Object: 'Object Repository/Final Object Repo/Page_Form 1A - Cessation As Employer/Change Employer Status to - Dormant' is clicked on

2018-11-09 12:34:05 - [TEST_STEP][PASSED] - click: Object: 'Object Repository/Final Object Repo/Page_Form 1A - Cessation As Employer/Change Employer Status to' is clicked on

2018-11-09 12:34:05 - [MESSAGE][PASSED] - Object: 'Object Repository/Final Object Repo/Page_Form 1A - Cessation As Employer/Change Employer Status to' is clicked on

2018-11-09 12:34:05 - [TEST_STEP][PASSED] - click: Object: 'Object Repository/Final Object Repo/Page_Form 1A - Cessation As Employer/Change Employer Status to - Dormant' is clicked on

2018-11-09 12:34:06 - [MESSAGE][PASSED] - Object: 'Object Repository/Final Object Repo/Page_Form 1A - Cessation As Employer/Change Employer Status to - Dormant' is clicked on

2018-11-09 12:34:06 - [TEST_STEP][PASSED] - click: Object: 'Object Repository/Final Object Repo/Page_Form 1A - Cessation As Employer/Calender' is clicked on

2018-11-09 12:34:07 - [MESSAGE][PASSED] - Object: 'Object Repository/Final Object Repo/Page_Form 1A - Cessation As Employer/Calender' is clicked on

2018-11-09 12:34:07 - [TEST_STEP][PASSED] - click: Object: 'Object Repository/Final Object Repo/Page_Form 1A - Cessation As Employer/Calender - Date' is clicked on

2018-11-09 12:34:07 - [MESSAGE][PASSED] - Object: 'Object Repository/Final Object Repo/Page_Form 1A - Cessation As Employer/Calender - Date' is clicked on

2018-11-09 12:34:07 - [TEST_STEP][PASSED] - delay: Delayed 2 second(s)

2018-11-09 12:34:09 - [MESSAGE][PASSED] - Delayed 2 second(s)

2018-11-09 12:34:09 - [TEST_STEP][PASSED] - click: Object: 'Object Repository/Final Object Repo/Page_Form 1A - Cessation As Employer/Save  Continue in Form 1A Page' is clicked on

2018-11-09 12:34:12 - [MESSAGE][PASSED] - Object: 'Object Repository/Final Object Repo/Page_Form 1A - Cessation As Employer/Save  Continue in Form 1A Page' is clicked on

2018-11-09 12:34:12 - [TEST_STEP][PASSED] - delay: Delayed 2 second(s)

2018-11-09 12:34:14 - [MESSAGE][PASSED] - Delayed 2 second(s)

2018-11-09 12:34:14 - [TEST_STEP][PASSED] - click: Object: 'Object Repository/Final Object Repo/Page_Form 1A - Cessation As Employer/Employment Resign Date' is clicked on

2018-11-09 12:34:15 - [MESSAGE][PASSED] - Object: 'Object Repository/Final Object Repo/Page_Form 1A - Cessation As Employer/Employment Resign Date' is clicked on

2018-11-09 12:34:15 - [TEST_STEP][PASSED] - delay: Delayed 1 second(s)

2018-11-09 12:34:16 - [MESSAGE][PASSED] - Delayed 1 second(s)

2018-11-09 12:34:16 - [TEST_STEP][PASSED] - Statement - CaseReferenceNo = com.kms.katalon.core.webui.keyword.WebUiBuiltInKeywords.getText(com.kms.katalon.core.testobject.ObjectRepository.findTestObject(Final Object Repo/Page_Update Employer Information/Reference Number in Update Employee Information Page)): Text of object 'Object Repository/Final Object Repo/Page_Update Employer Information/Reference Number in Update Employee Information Page' is: 'CUN112018C200001535'

2018-11-09 12:34:16 - [MESSAGE][PASSED] - Text of object 'Object Repository/Final Object Repo/Page_Update Employer Information/Reference Number in Update Employee Information Page' is: 'CUN112018C200001535'

2018-11-09 12:34:16 - [TEST_STEP][PASSED] - callTestCase: Call Test Case 'Test Cases/Final Aug 2018 - PKS Automation/Common/Reference Number Setter' successfully

2018-11-09 12:34:16 - [TEST_CASE][PASSED] - Test Cases/Final Aug 2018 - PKS Automation/Common/Reference Number Setter: Test Cases/Final Aug 2018 - PKS Automation/Common/Reference Number Setter

2018-11-09 12:34:16 - [TEST_STEP][PASSED] - Statement - RefNoOldFile = new java.io.File(C://KatalonReference.txt): null

2018-11-09 12:34:16 - [TEST_STEP][PASSED] - Statement - RefNoOldFile.delete(): null

2018-11-09 12:34:16 - [TEST_STEP][PASSED] - Statement - RefNo = new java.io.File(C://KatalonReference.txt): null

2018-11-09 12:34:16 - [TEST_STEP][PASSED] - Statement - RefNo.append(CaseReferenceNo): null

2018-11-09 12:34:16 - [TEST_STEP][PASSED] - Statement - out.println("


" + CaseReferenceNo + "


"): null

2018-11-09 12:34:16 - [MESSAGE][PASSED] - Call Test Case 'Test Cases/Final Aug 2018 - PKS Automation/Common/Reference Number Setter' successfully

2018-11-09 12:34:16 - [TEST_STEP][PASSED] - selectOptionByValue: All options with value '2030' are selected in object 'Object Repository/Final Object Repo/Page_Form 1A - Cessation As Employer/Employment Resign Date - Year' 

2018-11-09 12:34:16 - [MESSAGE][PASSED] - All options with value '2030' are selected in object 'Object Repository/Final Object Repo/Page_Form 1A - Cessation As Employer/Employment Resign Date - Year' 

2018-11-09 12:34:16 - [TEST_STEP][PASSED] - delay: Delayed 1 second(s)

2018-11-09 12:34:17 - [MESSAGE][PASSED] - Delayed 1 second(s)

2018-11-09 12:34:17 - [TEST_STEP][PASSED] - click: Object: 'Object Repository/Final Object Repo/Page_Form 1A - Cessation As Employer/Employment Resign Date - Year - Date' is clicked on

2018-11-09 12:34:17 - [MESSAGE][PASSED] - Object: 'Object Repository/Final Object Repo/Page_Form 1A - Cessation As Employer/Employment Resign Date - Year - Date' is clicked on

2018-11-09 12:34:17 - [TEST_STEP][PASSED] - delay: Delayed 2 second(s)

2018-11-09 12:34:19 - [MESSAGE][PASSED] - Delayed 2 second(s)

2018-11-09 12:34:19 - [TEST_STEP][PASSED] - click: Object: 'Object Repository/Final Object Repo/Page_Form 1A - Cessation As Employer/Save  Continue in Update Add Employee Resigned Date Page' is clicked on

2018-11-09 12:34:24 - [MESSAGE][PASSED] - Object: 'Object Repository/Final Object Repo/Page_Form 1A - Cessation As Employer/Save  Continue in Update Add Employee Resigned Date Page' is clicked on

2018-11-09 12:34:24 - [TEST_STEP][PASSED] - delay: Delayed 2 second(s)

2018-11-09 12:34:26 - [MESSAGE][PASSED] - Delayed 2 second(s)

2018-11-09 12:34:26 - [TEST_STEP][PASSED] - click: Object: 'Object Repository/Final Object Repo/Page_Form 1A - Cessation As Employer/Add Document' is clicked on

2018-11-09 12:34:26 - [MESSAGE][PASSED] - Object: 'Object Repository/Final Object Repo/Page_Form 1A - Cessation As Employer/Add Document' is clicked on

2018-11-09 12:34:26 - [TEST_STEP][PASSED] - delay: Delayed 2 second(s)

2018-11-09 12:34:28 - [MESSAGE][PASSED] - Delayed 2 second(s)

2018-11-09 12:34:28 - [TEST_STEP][PASSED] - click: Object: 'Object Repository/Final Object Repo/Page_Form 1A - Cessation As Employer/Document Type' is clicked on

2018-11-09 12:34:29 - [MESSAGE][PASSED] - Object: 'Object Repository/Final Object Repo/Page_Form 1A - Cessation As Employer/Document Type' is clicked on

2018-11-09 12:34:29 - [TEST_STEP][PASSED] - delay: Delayed 2 second(s)

2018-11-09 12:34:31 - [MESSAGE][PASSED] - Delayed 2 second(s)

2018-11-09 12:34:31 - [TEST_STEP][PASSED] - click: Object: 'Object Repository/Final Object Repo/Page_Form 1A - Cessation As Employer/Document Type - Supporting Document For Cessation' is clicked on

2018-11-09 12:34:32 - [MESSAGE][PASSED] - Object: 'Object Repository/Final Object Repo/Page_Form 1A - Cessation As Employer/Document Type - Supporting Document For Cessation' is clicked on

2018-11-09 12:34:32 - [TEST_STEP][PASSED] - delay: Delayed 2 second(s)

2018-11-09 12:34:34 - [MESSAGE][PASSED] - Delayed 2 second(s)

2018-11-09 12:34:34 - [TEST_STEP][PASSED] - sendKeys: Keys 'C:\Users\Public\Pictures\Sample Pictures\Act.jpg' sent to object: 'Object Repository/Final Object Repo/Page_Form 1A - Cessation As Employer/Uploading File'

2018-11-09 12:34:34 - [MESSAGE][PASSED] - Keys 'C:\Users\Public\Pictures\Sample Pictures\Act.jpg' sent to object: 'Object Repository/Final Object Repo/Page_Form 1A - Cessation As Employer/Uploading File'

2018-11-09 12:34:34 - [TEST_STEP][PASSED] - delay: Delayed 2 second(s)

2018-11-09 12:34:36 - [MESSAGE][PASSED] - Delayed 2 second(s)

2018-11-09 12:34:36 - [TEST_STEP][PASSED] - click: Object: 'Object Repository/Final Object Repo/Page_Form 1A - Cessation As Employer/Add Document in Uploading Page' is clicked on

2018-11-09 12:34:36 - [MESSAGE][PASSED] - Object: 'Object Repository/Final Object Repo/Page_Form 1A - Cessation As Employer/Add Document in Uploading Page' is clicked on

2018-11-09 12:34:36 - [TEST_STEP][PASSED] - delay: Delayed 2 second(s)

2018-11-09 12:34:38 - [MESSAGE][PASSED] - Delayed 2 second(s)

2018-11-09 12:34:38 - [TEST_STEP][FAILED] - click: Unable to click on object 'Object Repository/Final Object Repo/Page_Form 1A - Cessation As Employer/Save  Continue in Uploading Page' (Root cause: org.openqa.selenium.ElementClickInterceptedException: Element <a id="_searchforemployer_WAR_registrationportlet_saveNContinueFormBtnId" class="btn btn-lg blueBtn col-md-2 pull-right disabled" href="https://assist2-uat.perkeso.gov.my/web/registration/update/form-1a-cessation-as-employer-discontinue-business-?p_auth=nv5iznbh&p_p_id=searchforemployer_WAR_registrationportlet&p_p_lifecycle=1&p_p_state=normal&p_p_mode=view&p_p_col_id=column-1&p_p_col_count=1&_searchforemployer_WAR_registrationportlet_javax.portlet.action=exeAction&_searchforemployer_WAR_registrationportlet_mvcPath=%2Fapps%2Freg%2Fdiscontinue_business%2Fdiscontinue_business_preview.jsp&_searchforemployer_WAR_registrationportlet_browserIdKey=1541738040495"> is not clickable at point (1150.3749542236328,625.933349609375) because another element <div class="blockUI blockOverlay"> obscures it
Build info: version: '3.9.1', revision: '63f7b50', time: '2018-02-07T22:42:28.403Z'
System info: host: 'WEIZHENG', ip: '10.212.128.118', os.name: 'Windows 7', os.arch: 'amd64', os.version: '6.1', java.version: '1.8.0_181'
Driver info: com.kms.katalon.core.webui.driver.firefox.CGeckoDriver
Capabilities {acceptInsecureCerts: true, browserName: firefox, browserVersion: 63.0.1, javascriptEnabled: true, moz:accessibilityChecks: false, moz:geckodriverVersion: 0.23.0, moz:headless: false, moz:processID: 9424, moz:profile: C:\Users\Wei Zheng\AppData\..., moz:useNonSpecCompliantPointerOrigin: false, moz:webdriverClick: true, pageLoadStrategy: normal, platform: WINDOWS, platformName: WINDOWS, platformVersion: 6.1, proxy: Proxy(direct), rotatable: false, setWindowRect: true, timeouts: {implicit: 0, pageLoad: 300000, script: 30000}, unhandledPromptBehavior: dismiss and notify}
Session ID: 87d1d418-8e5c-4b1f-869a-9c2ecda0cdde)

2018-11-09 12:34:39 - [MESSAGE][FAILED] - Unable to click on object 'Object Repository/Final Object Repo/Page_Form 1A - Cessation As Employer/Save  Continue in Uploading Page' (Root cause: org.openqa.selenium.ElementClickInterceptedException: Element <a id="_searchforemployer_WAR_registrationportlet_saveNContinueFormBtnId" class="btn btn-lg blueBtn col-md-2 pull-right disabled" href="https://assist2-uat.perkeso.gov.my/web/registration/update/form-1a-cessation-as-employer-discontinue-business-?p_auth=nv5iznbh&p_p_id=searchforemployer_WAR_registrationportlet&p_p_lifecycle=1&p_p_state=normal&p_p_mode=view&p_p_col_id=column-1&p_p_col_count=1&_searchforemployer_WAR_registrationportlet_javax.portlet.action=exeAction&_searchforemployer_WAR_registrationportlet_mvcPath=%2Fapps%2Freg%2Fdiscontinue_business%2Fdiscontinue_business_preview.jsp&_searchforemployer_WAR_registrationportlet_browserIdKey=1541738040495"> is not clickable at point (1150.3749542236328,625.933349609375) because another element <div class="blockUI blockOverlay"> obscures it
Build info: version: '3.9.1', revision: '63f7b50', time: '2018-02-07T22:42:28.403Z'
System info: host: 'WEIZHENG', ip: '10.212.128.118', os.name: 'Windows 7', os.arch: 'amd64', os.version: '6.1', java.version: '1.8.0_181'
Driver info: com.kms.katalon.core.webui.driver.firefox.CGeckoDriver
Capabilities {acceptInsecureCerts: true, browserName: firefox, browserVersion: 63.0.1, javascriptEnabled: true, moz:accessibilityChecks: false, moz:geckodriverVersion: 0.23.0, moz:headless: false, moz:processID: 9424, moz:profile: C:\Users\Wei Zheng\AppData\..., moz:useNonSpecCompliantPointerOrigin: false, moz:webdriverClick: true, pageLoadStrategy: normal, platform: WINDOWS, platformName: WINDOWS, platformVersion: 6.1, proxy: Proxy(direct), rotatable: false, setWindowRect: true, timeouts: {implicit: 0, pageLoad: 300000, script: 30000}, unhandledPromptBehavior: dismiss and notify}
Session ID: 87d1d418-8e5c-4b1f-869a-9c2ecda0cdde)
[[ATTACHMENT|C:\\Users\\LENOVO\\Katalon Studio\\Perkeso Phase A\\Reports\\Workflow\\Form 1A - Cessation as Employer\\20181109_121149\\1541738079145.png]]

2018-11-09 12:34:39 - [TEST_STEP][PASSED] - delay: Delayed 2 second(s)

2018-11-09 12:34:41 - [MESSAGE][PASSED] - Delayed 2 second(s)

2018-11-09 12:34:41 - [TEST_STEP][FAILED] - click: Unable to click on object 'Object Repository/Final Object Repo/Page_Form 1A - Cessation As Employer/Submit2' (Root cause: com.kms.katalon.core.webui.exception.WebElementNotFoundException: Web element with id: 'Object Repository/Final Object Repo/Page_Form 1A - Cessation As Employer/Submit2' located by 'By.xpath: //a[(text() = '
							SUBMIT
		            	' or . = '
							SUBMIT
		            	')]' not found)

2018-11-09 12:35:19 - [MESSAGE][FAILED] - Unable to click on object 'Object Repository/Final Object Repo/Page_Form 1A - Cessation As Employer/Submit2' (Root cause: com.kms.katalon.core.webui.exception.WebElementNotFoundException: Web element with id: 'Object Repository/Final Object Repo/Page_Form 1A - Cessation As Employer/Submit2' located by 'By.xpath: //a[(text() = '
							SUBMIT
		            	' or . = '
							SUBMIT
		            	')]' not found)
[[ATTACHMENT|C:\\Users\\LENOVO\\Katalon Studio\\Perkeso Phase A\\Reports\\Workflow\\Form 1A - Cessation as Employer\\20181109_121149\\1541738118932.png]]

2018-11-09 12:35:19 - [TEST_STEP][PASSED] - delay: Delayed 2 second(s)

2018-11-09 12:35:21 - [MESSAGE][PASSED] - Delayed 2 second(s)

2018-11-09 12:35:21 - [TEST_STEP][FAILED] - click: Unable to click on object 'Object Repository/Final Object Repo/Page_Form 1A - Cessation As Employer/Confirm' (Root cause: com.kms.katalon.core.webui.exception.WebElementNotFoundException: Web element with id: 'Object Repository/Final Object Repo/Page_Form 1A - Cessation As Employer/Confirm' located by 'By.xpath: //span[(text() = 'CONFIRM' or . = 'CONFIRM')]' not found)

2018-11-09 12:35:53 - [MESSAGE][FAILED] - Unable to click on object 'Object Repository/Final Object Repo/Page_Form 1A - Cessation As Employer/Confirm' (Root cause: com.kms.katalon.core.webui.exception.WebElementNotFoundException: Web element with id: 'Object Repository/Final Object Repo/Page_Form 1A - Cessation As Employer/Confirm' located by 'By.xpath: //span[(text() = 'CONFIRM' or . = 'CONFIRM')]' not found)
[[ATTACHMENT|C:\\Users\\LENOVO\\Katalon Studio\\Perkeso Phase A\\Reports\\Workflow\\Form 1A - Cessation as Employer\\20181109_121149\\1541738153265.png]]

2018-11-09 12:35:53 - [TEST_STEP][PASSED] - delay: Delayed 2 second(s)

2018-11-09 12:35:55 - [MESSAGE][PASSED] - Delayed 2 second(s)

2018-11-09 12:35:55 - [TEST_STEP][FAILED] - verifyElementVisible: Web element with id: 'Object Repository/Final Object Repo/Page_Form 1A - Cessation As Employer/Message Your Request will be routed to UO' located by 'By.xpath: //div[(text() = '
			    			
			    			
			    			
			    			
			    				Your Request will be routed to 
			    				UO
			    			
			    			
			    			









































































' or . = '
			    			
			    			
			    			
			    			
			    				Your Request will be routed to 
			    				UO
			    			
			    			
			    			









































































')]' not found

2018-11-09 12:36:28 - [MESSAGE][FAILED] - Web element with id: 'Object Repository/Final Object Repo/Page_Form 1A - Cessation As Employer/Message Your Request will be routed to UO' located by 'By.xpath: //div[(text() = '
			    			
			    			
			    			
			    			
			    				Your Request will be routed to 
			    				UO
			    			
			    			
			    			









































































' or . = '
			    			
			    			
			    			
			    			
			    				Your Request will be routed to 
			    				UO
			    			
			    			
			    			









































































')]' not found
[[ATTACHMENT|C:\\Users\\LENOVO\\Katalon Studio\\Perkeso Phase A\\Reports\\Workflow\\Form 1A - Cessation as Employer\\20181109_121149\\1541738188870.png]]

2018-11-09 12:36:28 - [TEST_STEP][PASSED] - delay: Delayed 1 second(s)

2018-11-09 12:36:29 - [MESSAGE][PASSED] - Delayed 1 second(s)

2018-11-09 12:36:29 - [TEST_STEP][FAILED] - verifyElementVisible: Web element with id: 'Object Repository/Final Object Repo/Page_Form 1A - Cessation As Employer/Letter of acknowledgement' located by 'By.xpath: //a[(text() = '
							 
							Letter of acknowledgement.pdf
						' or . = '
							 
							Letter of acknowledgement.pdf
						')]' not found

2018-11-09 12:37:04 - [MESSAGE][FAILED] - Web element with id: 'Object Repository/Final Object Repo/Page_Form 1A - Cessation As Employer/Letter of acknowledgement' located by 'By.xpath: //a[(text() = '
							 
							Letter of acknowledgement.pdf
						' or . = '
							 
							Letter of acknowledgement.pdf
						')]' not found
[[ATTACHMENT|C:\\Users\\LENOVO\\Katalon Studio\\Perkeso Phase A\\Reports\\Workflow\\Form 1A - Cessation as Employer\\20181109_121149\\1541738223925.png]]

2018-11-09 12:37:04 - [MESSAGE][FAILED] - Unable to call Test Case with id 'Test Cases/Final Aug 2018 - PKS Automation/Registration Module/Workflow/Form 1A - Cessation As Employer/Template/Form 1 A - Cessation As Employer (Employer)' (Root cause: Call Test Case 'Test Cases/Final Aug 2018 - PKS Automation/Registration Module/Workflow/Form 1A - Cessation As Employer/Template/Form 1 A - Cessation As Employer (Employer)' failed)]]></system-out>
         <system-err><![CDATA[2018-11-09 12:24:47 - [TEST_CASE][FAILED] - Test Cases/Final Aug 2018 - PKS Automation/Registration Module/Workflow/Form 1A - Cessation As Employer/Employer to UO (Query): Test Cases/Final Aug 2018 - PKS Automation/Registration Module/Workflow/Form 1A - Cessation As Employer/Employer to UO (Query) FAILED because (of) (Stack trace: com.kms.katalon.core.exception.StepFailedException: Unable to click on object 'Object Repository/Final Object Repo/Page_Form 1A - Cessation As Employer/Save  Continue in Uploading Page' (Root cause: org.openqa.selenium.ElementClickInterceptedException: Element <a id="_searchforemployer_WAR_registrationportlet_saveNContinueFormBtnId" class="btn btn-lg blueBtn col-md-2 pull-right disabled" href="https://assist2-uat.perkeso.gov.my/web/registration/update/form-1a-cessation-as-employer-discontinue-business-?p_auth=nv5iznbh&p_p_id=searchforemployer_WAR_registrationportlet&p_p_lifecycle=1&p_p_state=normal&p_p_mode=view&p_p_col_id=column-1&p_p_col_count=1&_searchforemployer_WAR_registrationportlet_javax.portlet.action=exeAction&_searchforemployer_WAR_registrationportlet_mvcPath=%2Fapps%2Freg%2Fdiscontinue_business%2Fdiscontinue_business_preview.jsp&_searchforemployer_WAR_registrationportlet_browserIdKey=1541738040495"> is not clickable at point (1150.3749542236328,625.933349609375) because another element <div class="blockUI blockOverlay"> obscures it
Build info: version: '3.9.1', revision: '63f7b50', time: '2018-02-07T22:42:28.403Z'
System info: host: 'WEIZHENG', ip: '10.212.128.118', os.name: 'Windows 7', os.arch: 'amd64', os.version: '6.1', java.version: '1.8.0_181'
Driver info: com.kms.katalon.core.webui.driver.firefox.CGeckoDriver
Capabilities {acceptInsecureCerts: true, browserName: firefox, browserVersion: 63.0.1, javascriptEnabled: true, moz:accessibilityChecks: false, moz:geckodriverVersion: 0.23.0, moz:headless: false, moz:processID: 9424, moz:profile: C:\Users\Wei Zheng\AppData\..., moz:useNonSpecCompliantPointerOrigin: false, moz:webdriverClick: true, pageLoadStrategy: normal, platform: WINDOWS, platformName: WINDOWS, platformVersion: 6.1, proxy: Proxy(direct), rotatable: false, setWindowRect: true, timeouts: {implicit: 0, pageLoad: 300000, script: 30000}, unhandledPromptBehavior: dismiss and notify}
Session ID: 87d1d418-8e5c-4b1f-869a-9c2ecda0cdde)
	at com.kms.katalon.core.keyword.internal.KeywordMain.stepFailed(KeywordMain.groovy:32)
	at com.kms.katalon.core.webui.keyword.internal.WebUIKeywordMain.stepFailed(WebUIKeywordMain.groovy:65)
	at com.kms.katalon.core.webui.keyword.internal.WebUIKeywordMain.runKeyword(WebUIKeywordMain.groovy:27)
	at com.kms.katalon.core.webui.keyword.builtin.ClickKeyword.click(ClickKeyword.groovy:86)
	at com.kms.katalon.core.webui.keyword.builtin.ClickKeyword.execute(ClickKeyword.groovy:67)
	at com.kms.katalon.core.keyword.internal.KeywordExecutor.executeKeywordForPlatform(KeywordExecutor.groovy:53)
	at com.kms.katalon.core.webui.keyword.WebUiBuiltInKeywords.click(WebUiBuiltInKeywords.groovy:616)
	at com.kms.katalon.core.webui.keyword.WebUiBuiltInKeywords$click$2.call(Unknown Source)
	at Script1536729355807.run(Script1536729355807.groovy:133)
	at com.kms.katalon.core.main.ScriptEngine.run(ScriptEngine.java:183)
	at com.kms.katalon.core.main.ScriptEngine.runScriptAsRawText(ScriptEngine.java:108)
	at com.kms.katalon.core.main.TestCaseExecutor.runScript(TestCaseExecutor.java:294)
	at com.kms.katalon.core.main.TestCaseExecutor.doExecute(TestCaseExecutor.java:285)
	at com.kms.katalon.core.main.TestCaseExecutor.processExecutionPhase(TestCaseExecutor.java:264)
	at com.kms.katalon.core.main.TestCaseExecutor.accessMainPhase(TestCaseExecutor.java:256)
	at com.kms.katalon.core.main.TestCaseExecutor.execute(TestCaseExecutor.java:200)
	at com.kms.katalon.core.main.TestCaseMain.runTestCase(TestCaseMain.java:99)
	at com.kms.katalon.core.keyword.builtin.CallTestCaseKeyword$_callTestCase_closure1.doCall(CallTestCaseKeyword.groovy:60)
	at com.kms.katalon.core.keyword.builtin.CallTestCaseKeyword$_callTestCase_closure1.call(CallTestCaseKeyword.groovy)
	at com.kms.katalon.core.keyword.internal.KeywordMain.runKeyword(KeywordMain.groovy:54)
	at com.kms.katalon.core.keyword.builtin.CallTestCaseKeyword.callTestCase(CallTestCaseKeyword.groovy:81)
	at com.kms.katalon.core.keyword.builtin.CallTestCaseKeyword.execute(CallTestCaseKeyword.groovy:45)
	at com.kms.katalon.core.keyword.internal.KeywordExecutor.executeKeywordForPlatform(KeywordExecutor.groovy:53)
	at com.kms.katalon.core.keyword.BuiltinKeywords.callTestCase(BuiltinKeywords.groovy:334)
	at sun.reflect.GeneratedMethodAccessor13.invoke(Unknown Source)
	at sun.reflect.DelegatingMethodAccessorImpl.invoke(DelegatingMethodAccessorImpl.java:43)
	at java.lang.reflect.Method.invoke(Method.java:498)
	at org.codehaus.groovy.reflection.CachedMethod.invoke(CachedMethod.java:93)
	at groovy.lang.MetaMethod.doMethodInvoke(MetaMethod.java:325)
	at groovy.lang.MetaClassImpl.invokeStaticMethod(MetaClassImpl.java:1469)
	at org.codehaus.groovy.runtime.callsite.StaticMetaClassSite.call(StaticMetaClassSite.java:53)
	at org.codehaus.groovy.runtime.callsite.CallSiteArray.defaultCall(CallSiteArray.java:48)
	at org.codehaus.groovy.runtime.callsite.AbstractCallSite.call(AbstractCallSite.java:113)
	at org.codehaus.groovy.runtime.callsite.AbstractCallSite.call(AbstractCallSite.java:141)
	at Script1536729541693.run(Script1536729541693.groovy:22)
	at com.kms.katalon.core.main.ScriptEngine.run(ScriptEngine.java:183)
	at com.kms.katalon.core.main.ScriptEngine.runScriptAsRawText(ScriptEngine.java:108)
	at com.kms.katalon.core.main.TestCaseExecutor.runScript(TestCaseExecutor.java:294)
	at com.kms.katalon.core.main.TestCaseExecutor.doExecute(TestCaseExecutor.java:285)
	at com.kms.katalon.core.main.TestCaseExecutor.processExecutionPhase(TestCaseExecutor.java:264)
	at com.kms.katalon.core.main.TestCaseExecutor.accessMainPhase(TestCaseExecutor.java:256)
	at com.kms.katalon.core.main.TestCaseExecutor.execute(TestCaseExecutor.java:200)
	at com.kms.katalon.core.main.TestSuiteExecutor.accessTestCaseMainPhase(TestSuiteExecutor.java:129)
	at com.kms.katalon.core.main.TestSuiteExecutor.accessTestSuiteMainPhase(TestSuiteExecutor.java:112)
	at com.kms.katalon.core.main.TestSuiteExecutor.execute(TestSuiteExecutor.java:81)
	at com.kms.katalon.core.main.TestCaseMain.startTestSuite(TestCaseMain.java:142)
	at com.kms.katalon.core.main.TestCaseMain$startTestSuite$0.call(Unknown Source)
	at org.codehaus.groovy.runtime.callsite.CallSiteArray.defaultCall(CallSiteArray.java:48)
	at org.codehaus.groovy.runtime.callsite.AbstractCallSite.call(AbstractCallSite.java:113)
	at org.codehaus.groovy.runtime.callsite.AbstractCallSite.call(AbstractCallSite.java:141)
	at TempTestSuite1541736709639.run(TempTestSuite1541736709639.groovy:36)
	at groovy.lang.GroovyShell.runScriptOrMainOrTestOrRunnable(GroovyShell.java:263)
	at groovy.lang.GroovyShell.run(GroovyShell.java:518)
	at groovy.lang.GroovyShell.run(GroovyShell.java:507)
	at groovy.ui.GroovyMain.processOnce(GroovyMain.java:653)
	at groovy.ui.GroovyMain.run(GroovyMain.java:384)
	at groovy.ui.GroovyMain.process(GroovyMain.java:370)
	at groovy.ui.GroovyMain.processArgs(GroovyMain.java:129)
	at groovy.ui.GroovyMain.main(GroovyMain.java:109)
	at sun.reflect.NativeMethodAccessorImpl.invoke0(Native Method)
	at sun.reflect.NativeMethodAccessorImpl.invoke(NativeMethodAccessorImpl.java:62)
	at sun.reflect.DelegatingMethodAccessorImpl.invoke(DelegatingMethodAccessorImpl.java:43)
	at java.lang.reflect.Method.invoke(Method.java:498)
	at org.codehaus.groovy.tools.GroovyStarter.rootLoader(GroovyStarter.java:109)
	at org.codehaus.groovy.tools.GroovyStarter.main(GroovyStarter.java:131)
)]]></system-err>
      </testcase>
      <testcase name="Test Cases/Final Aug 2018 - PKS Automation/Registration Module/Workflow/Form 1A - Cessation As Employer/Employer to UO (Reject)" classname="Test Cases/Final Aug 2018 - PKS Automation/Registration Module/Workflow/Form 1A - Cessation As Employer/Employer to UO (Reject)" status="FAILED">
         <failure type="FAILED" message="(Stack trace: com.kms.katalon.core.exception.StepFailedException: Unable to click on object 'Object Repository/Final Object Repo/Page_Form 1A - Cessation As Employer/Document Type' (Root cause: org.openqa.selenium.ElementClickInterceptedException: Element &lt;span class=&quot;select2-selection select2-selection--single&quot;> is not clickable at point (482.4833221435547,202.25) because another element &lt;div class=&quot;blockUI blockOverlay&quot;> obscures it
Build info: version: '3.9.1', revision: '63f7b50', time: '2018-02-07T22:42:28.403Z'
System info: host: 'WEIZHENG', ip: '10.212.128.118', os.name: 'Windows 7', os.arch: 'amd64', os.version: '6.1', java.version: '1.8.0_181'
Driver info: com.kms.katalon.core.webui.driver.firefox.CGeckoDriver
Capabilities {acceptInsecureCerts: true, browserName: firefox, browserVersion: 63.0.1, javascriptEnabled: true, moz:accessibilityChecks: false, moz:geckodriverVersion: 0.23.0, moz:headless: false, moz:processID: 9596, moz:profile: C:\Users\Wei Zheng\AppData\..., moz:useNonSpecCompliantPointerOrigin: false, moz:webdriverClick: true, pageLoadStrategy: normal, platform: WINDOWS, platformName: WINDOWS, platformVersion: 6.1, proxy: Proxy(direct), rotatable: false, setWindowRect: true, timeouts: {implicit: 0, pageLoad: 300000, script: 30000}, unhandledPromptBehavior: dismiss and notify}
Session ID: 9441f622-f393-47b9-98a9-8f5ecdcb4f28)
	at com.kms.katalon.core.keyword.internal.KeywordMain.stepFailed(KeywordMain.groovy:32)
	at com.kms.katalon.core.webui.keyword.internal.WebUIKeywordMain.stepFailed(WebUIKeywordMain.groovy:65)
	at com.kms.katalon.core.webui.keyword.internal.WebUIKeywordMain.runKeyword(WebUIKeywordMain.groovy:27)
	at com.kms.katalon.core.webui.keyword.builtin.ClickKeyword.click(ClickKeyword.groovy:86)
	at com.kms.katalon.core.webui.keyword.builtin.ClickKeyword.execute(ClickKeyword.groovy:67)
	at com.kms.katalon.core.keyword.internal.KeywordExecutor.executeKeywordForPlatform(KeywordExecutor.groovy:53)
	at com.kms.katalon.core.webui.keyword.WebUiBuiltInKeywords.click(WebUiBuiltInKeywords.groovy:616)
	at com.kms.katalon.core.webui.keyword.WebUiBuiltInKeywords$click$2.call(Unknown Source)
	at org.codehaus.groovy.runtime.callsite.CallSiteArray.defaultCall(CallSiteArray.java:48)
	at org.codehaus.groovy.runtime.callsite.AbstractCallSite.call(AbstractCallSite.java:113)
	at org.codehaus.groovy.runtime.callsite.AbstractCallSite.call(AbstractCallSite.java:125)
	at Script1536137325809.run(Script1536137325809.groovy:144)
	at com.kms.katalon.core.main.ScriptEngine.run(ScriptEngine.java:183)
	at com.kms.katalon.core.main.ScriptEngine.runScriptAsRawText(ScriptEngine.java:108)
	at com.kms.katalon.core.main.TestCaseExecutor.runScript(TestCaseExecutor.java:294)
	at com.kms.katalon.core.main.TestCaseExecutor.doExecute(TestCaseExecutor.java:285)
	at com.kms.katalon.core.main.TestCaseExecutor.processExecutionPhase(TestCaseExecutor.java:264)
	at com.kms.katalon.core.main.TestCaseExecutor.accessMainPhase(TestCaseExecutor.java:256)
	at com.kms.katalon.core.main.TestCaseExecutor.execute(TestCaseExecutor.java:200)
	at com.kms.katalon.core.main.TestCaseMain.runTestCase(TestCaseMain.java:99)
	at com.kms.katalon.core.keyword.builtin.CallTestCaseKeyword$_callTestCase_closure1.doCall(CallTestCaseKeyword.groovy:60)
	at com.kms.katalon.core.keyword.builtin.CallTestCaseKeyword$_callTestCase_closure1.call(CallTestCaseKeyword.groovy)
	at com.kms.katalon.core.keyword.internal.KeywordMain.runKeyword(KeywordMain.groovy:54)
	at com.kms.katalon.core.keyword.builtin.CallTestCaseKeyword.callTestCase(CallTestCaseKeyword.groovy:81)
	at com.kms.katalon.core.keyword.builtin.CallTestCaseKeyword.execute(CallTestCaseKeyword.groovy:45)
	at com.kms.katalon.core.keyword.internal.KeywordExecutor.executeKeywordForPlatform(KeywordExecutor.groovy:53)
	at com.kms.katalon.core.keyword.BuiltinKeywords.callTestCase(BuiltinKeywords.groovy:334)
	at sun.reflect.GeneratedMethodAccessor13.invoke(Unknown Source)
	at sun.reflect.DelegatingMethodAccessorImpl.invoke(DelegatingMethodAccessorImpl.java:43)
	at java.lang.reflect.Method.invoke(Method.java:498)
	at org.codehaus.groovy.reflection.CachedMethod.invoke(CachedMethod.java:93)
	at groovy.lang.MetaMethod.doMethodInvoke(MetaMethod.java:325)
	at groovy.lang.MetaClassImpl.invokeStaticMethod(MetaClassImpl.java:1469)
	at org.codehaus.groovy.runtime.callsite.StaticMetaClassSite.call(StaticMetaClassSite.java:53)
	at org.codehaus.groovy.runtime.callsite.CallSiteArray.defaultCall(CallSiteArray.java:48)
	at org.codehaus.groovy.runtime.callsite.AbstractCallSite.call(AbstractCallSite.java:113)
	at org.codehaus.groovy.runtime.callsite.AbstractCallSite.call(AbstractCallSite.java:141)
	at Script1535961073924.run(Script1535961073924.groovy:22)
	at com.kms.katalon.core.main.ScriptEngine.run(ScriptEngine.java:183)
	at com.kms.katalon.core.main.ScriptEngine.runScriptAsRawText(ScriptEngine.java:108)
	at com.kms.katalon.core.main.TestCaseExecutor.runScript(TestCaseExecutor.java:294)
	at com.kms.katalon.core.main.TestCaseExecutor.doExecute(TestCaseExecutor.java:285)
	at com.kms.katalon.core.main.TestCaseExecutor.processExecutionPhase(TestCaseExecutor.java:264)
	at com.kms.katalon.core.main.TestCaseExecutor.accessMainPhase(TestCaseExecutor.java:256)
	at com.kms.katalon.core.main.TestCaseExecutor.execute(TestCaseExecutor.java:200)
	at com.kms.katalon.core.main.TestCaseMain.runTestCase(TestCaseMain.java:99)
	at com.kms.katalon.core.keyword.builtin.CallTestCaseKeyword$_callTestCase_closure1.doCall(CallTestCaseKeyword.groovy:60)
	at com.kms.katalon.core.keyword.builtin.CallTestCaseKeyword$_callTestCase_closure1.call(CallTestCaseKeyword.groovy)
	at com.kms.katalon.core.keyword.internal.KeywordMain.runKeyword(KeywordMain.groovy:54)
	at com.kms.katalon.core.keyword.builtin.CallTestCaseKeyword.callTestCase(CallTestCaseKeyword.groovy:81)
	at com.kms.katalon.core.keyword.builtin.CallTestCaseKeyword.execute(CallTestCaseKeyword.groovy:45)
	at com.kms.katalon.core.keyword.internal.KeywordExecutor.executeKeywordForPlatform(KeywordExecutor.groovy:53)
	at com.kms.katalon.core.keyword.BuiltinKeywords.callTestCase(BuiltinKeywords.groovy:334)
	at sun.reflect.GeneratedMethodAccessor13.invoke(Unknown Source)
	at sun.reflect.DelegatingMethodAccessorImpl.invoke(DelegatingMethodAccessorImpl.java:43)
	at java.lang.reflect.Method.invoke(Method.java:498)
	at org.codehaus.groovy.reflection.CachedMethod.invoke(CachedMethod.java:93)
	at groovy.lang.MetaMethod.doMethodInvoke(MetaMethod.java:325)
	at groovy.lang.MetaClassImpl.invokeStaticMethod(MetaClassImpl.java:1469)
	at org.codehaus.groovy.runtime.callsite.StaticMetaClassSite.call(StaticMetaClassSite.java:53)
	at org.codehaus.groovy.runtime.callsite.CallSiteArray.defaultCall(CallSiteArray.java:48)
	at org.codehaus.groovy.runtime.callsite.AbstractCallSite.call(AbstractCallSite.java:113)
	at org.codehaus.groovy.runtime.callsite.AbstractCallSite.call(AbstractCallSite.java:141)
	at Script1536729583481.run(Script1536729583481.groovy:25)
	at com.kms.katalon.core.main.ScriptEngine.run(ScriptEngine.java:183)
	at com.kms.katalon.core.main.ScriptEngine.runScriptAsRawText(ScriptEngine.java:108)
	at com.kms.katalon.core.main.TestCaseExecutor.runScript(TestCaseExecutor.java:294)
	at com.kms.katalon.core.main.TestCaseExecutor.doExecute(TestCaseExecutor.java:285)
	at com.kms.katalon.core.main.TestCaseExecutor.processExecutionPhase(TestCaseExecutor.java:264)
	at com.kms.katalon.core.main.TestCaseExecutor.accessMainPhase(TestCaseExecutor.java:256)
	at com.kms.katalon.core.main.TestCaseExecutor.execute(TestCaseExecutor.java:200)
	at com.kms.katalon.core.main.TestSuiteExecutor.accessTestCaseMainPhase(TestSuiteExecutor.java:129)
	at com.kms.katalon.core.main.TestSuiteExecutor.accessTestSuiteMainPhase(TestSuiteExecutor.java:112)
	at com.kms.katalon.core.main.TestSuiteExecutor.execute(TestSuiteExecutor.java:81)
	at com.kms.katalon.core.main.TestCaseMain.startTestSuite(TestCaseMain.java:142)
	at com.kms.katalon.core.main.TestCaseMain$startTestSuite$0.call(Unknown Source)
	at org.codehaus.groovy.runtime.callsite.CallSiteArray.defaultCall(CallSiteArray.java:48)
	at org.codehaus.groovy.runtime.callsite.AbstractCallSite.call(AbstractCallSite.java:113)
	at org.codehaus.groovy.runtime.callsite.AbstractCallSite.call(AbstractCallSite.java:141)
	at TempTestSuite1541736709639.run(TempTestSuite1541736709639.groovy:36)
	at groovy.lang.GroovyShell.runScriptOrMainOrTestOrRunnable(GroovyShell.java:263)
	at groovy.lang.GroovyShell.run(GroovyShell.java:518)
	at groovy.lang.GroovyShell.run(GroovyShell.java:507)
	at groovy.ui.GroovyMain.processOnce(GroovyMain.java:653)
	at groovy.ui.GroovyMain.run(GroovyMain.java:384)
	at groovy.ui.GroovyMain.process(GroovyMain.java:370)
	at groovy.ui.GroovyMain.processArgs(GroovyMain.java:129)
	at groovy.ui.GroovyMain.main(GroovyMain.java:109)
	at sun.reflect.NativeMethodAccessorImpl.invoke0(Native Method)
	at sun.reflect.NativeMethodAccessorImpl.invoke(NativeMethodAccessorImpl.java:62)
	at sun.reflect.DelegatingMethodAccessorImpl.invoke(DelegatingMethodAccessorImpl.java:43)
	at java.lang.reflect.Method.invoke(Method.java:498)
	at org.codehaus.groovy.tools.GroovyStarter.rootLoader(GroovyStarter.java:109)
	at org.codehaus.groovy.tools.GroovyStarter.main(GroovyStarter.java:131)
)"/>
         <system-out><![CDATA[2018-11-09 12:37:04 - [TEST_CASE][FAILED] - Test Cases/Final Aug 2018 - PKS Automation/Registration Module/Workflow/Form 1A - Cessation As Employer/Employer to UO (Reject): Test Cases/Final Aug 2018 - PKS Automation/Registration Module/Workflow/Form 1A - Cessation As Employer/Employer to UO (Reject) FAILED because (of) (Stack trace: com.kms.katalon.core.exception.StepFailedException: Unable to click on object 'Object Repository/Final Object Repo/Page_Form 1A - Cessation As Employer/Document Type' (Root cause: org.openqa.selenium.ElementClickInterceptedException: Element <span class="select2-selection select2-selection--single"> is not clickable at point (482.4833221435547,202.25) because another element <div class="blockUI blockOverlay"> obscures it
Build info: version: '3.9.1', revision: '63f7b50', time: '2018-02-07T22:42:28.403Z'
System info: host: 'WEIZHENG', ip: '10.212.128.118', os.name: 'Windows 7', os.arch: 'amd64', os.version: '6.1', java.version: '1.8.0_181'
Driver info: com.kms.katalon.core.webui.driver.firefox.CGeckoDriver
Capabilities {acceptInsecureCerts: true, browserName: firefox, browserVersion: 63.0.1, javascriptEnabled: true, moz:accessibilityChecks: false, moz:geckodriverVersion: 0.23.0, moz:headless: false, moz:processID: 9596, moz:profile: C:\Users\Wei Zheng\AppData\..., moz:useNonSpecCompliantPointerOrigin: false, moz:webdriverClick: true, pageLoadStrategy: normal, platform: WINDOWS, platformName: WINDOWS, platformVersion: 6.1, proxy: Proxy(direct), rotatable: false, setWindowRect: true, timeouts: {implicit: 0, pageLoad: 300000, script: 30000}, unhandledPromptBehavior: dismiss and notify}
Session ID: 9441f622-f393-47b9-98a9-8f5ecdcb4f28)
	at com.kms.katalon.core.keyword.internal.KeywordMain.stepFailed(KeywordMain.groovy:32)
	at com.kms.katalon.core.webui.keyword.internal.WebUIKeywordMain.stepFailed(WebUIKeywordMain.groovy:65)
	at com.kms.katalon.core.webui.keyword.internal.WebUIKeywordMain.runKeyword(WebUIKeywordMain.groovy:27)
	at com.kms.katalon.core.webui.keyword.builtin.ClickKeyword.click(ClickKeyword.groovy:86)
	at com.kms.katalon.core.webui.keyword.builtin.ClickKeyword.execute(ClickKeyword.groovy:67)
	at com.kms.katalon.core.keyword.internal.KeywordExecutor.executeKeywordForPlatform(KeywordExecutor.groovy:53)
	at com.kms.katalon.core.webui.keyword.WebUiBuiltInKeywords.click(WebUiBuiltInKeywords.groovy:616)
	at com.kms.katalon.core.webui.keyword.WebUiBuiltInKeywords$click$2.call(Unknown Source)
	at org.codehaus.groovy.runtime.callsite.CallSiteArray.defaultCall(CallSiteArray.java:48)
	at org.codehaus.groovy.runtime.callsite.AbstractCallSite.call(AbstractCallSite.java:113)
	at org.codehaus.groovy.runtime.callsite.AbstractCallSite.call(AbstractCallSite.java:125)
	at Script1536137325809.run(Script1536137325809.groovy:144)
	at com.kms.katalon.core.main.ScriptEngine.run(ScriptEngine.java:183)
	at com.kms.katalon.core.main.ScriptEngine.runScriptAsRawText(ScriptEngine.java:108)
	at com.kms.katalon.core.main.TestCaseExecutor.runScript(TestCaseExecutor.java:294)
	at com.kms.katalon.core.main.TestCaseExecutor.doExecute(TestCaseExecutor.java:285)
	at com.kms.katalon.core.main.TestCaseExecutor.processExecutionPhase(TestCaseExecutor.java:264)
	at com.kms.katalon.core.main.TestCaseExecutor.accessMainPhase(TestCaseExecutor.java:256)
	at com.kms.katalon.core.main.TestCaseExecutor.execute(TestCaseExecutor.java:200)
	at com.kms.katalon.core.main.TestCaseMain.runTestCase(TestCaseMain.java:99)
	at com.kms.katalon.core.keyword.builtin.CallTestCaseKeyword$_callTestCase_closure1.doCall(CallTestCaseKeyword.groovy:60)
	at com.kms.katalon.core.keyword.builtin.CallTestCaseKeyword$_callTestCase_closure1.call(CallTestCaseKeyword.groovy)
	at com.kms.katalon.core.keyword.internal.KeywordMain.runKeyword(KeywordMain.groovy:54)
	at com.kms.katalon.core.keyword.builtin.CallTestCaseKeyword.callTestCase(CallTestCaseKeyword.groovy:81)
	at com.kms.katalon.core.keyword.builtin.CallTestCaseKeyword.execute(CallTestCaseKeyword.groovy:45)
	at com.kms.katalon.core.keyword.internal.KeywordExecutor.executeKeywordForPlatform(KeywordExecutor.groovy:53)
	at com.kms.katalon.core.keyword.BuiltinKeywords.callTestCase(BuiltinKeywords.groovy:334)
	at sun.reflect.GeneratedMethodAccessor13.invoke(Unknown Source)
	at sun.reflect.DelegatingMethodAccessorImpl.invoke(DelegatingMethodAccessorImpl.java:43)
	at java.lang.reflect.Method.invoke(Method.java:498)
	at org.codehaus.groovy.reflection.CachedMethod.invoke(CachedMethod.java:93)
	at groovy.lang.MetaMethod.doMethodInvoke(MetaMethod.java:325)
	at groovy.lang.MetaClassImpl.invokeStaticMethod(MetaClassImpl.java:1469)
	at org.codehaus.groovy.runtime.callsite.StaticMetaClassSite.call(StaticMetaClassSite.java:53)
	at org.codehaus.groovy.runtime.callsite.CallSiteArray.defaultCall(CallSiteArray.java:48)
	at org.codehaus.groovy.runtime.callsite.AbstractCallSite.call(AbstractCallSite.java:113)
	at org.codehaus.groovy.runtime.callsite.AbstractCallSite.call(AbstractCallSite.java:141)
	at Script1535961073924.run(Script1535961073924.groovy:22)
	at com.kms.katalon.core.main.ScriptEngine.run(ScriptEngine.java:183)
	at com.kms.katalon.core.main.ScriptEngine.runScriptAsRawText(ScriptEngine.java:108)
	at com.kms.katalon.core.main.TestCaseExecutor.runScript(TestCaseExecutor.java:294)
	at com.kms.katalon.core.main.TestCaseExecutor.doExecute(TestCaseExecutor.java:285)
	at com.kms.katalon.core.main.TestCaseExecutor.processExecutionPhase(TestCaseExecutor.java:264)
	at com.kms.katalon.core.main.TestCaseExecutor.accessMainPhase(TestCaseExecutor.java:256)
	at com.kms.katalon.core.main.TestCaseExecutor.execute(TestCaseExecutor.java:200)
	at com.kms.katalon.core.main.TestCaseMain.runTestCase(TestCaseMain.java:99)
	at com.kms.katalon.core.keyword.builtin.CallTestCaseKeyword$_callTestCase_closure1.doCall(CallTestCaseKeyword.groovy:60)
	at com.kms.katalon.core.keyword.builtin.CallTestCaseKeyword$_callTestCase_closure1.call(CallTestCaseKeyword.groovy)
	at com.kms.katalon.core.keyword.internal.KeywordMain.runKeyword(KeywordMain.groovy:54)
	at com.kms.katalon.core.keyword.builtin.CallTestCaseKeyword.callTestCase(CallTestCaseKeyword.groovy:81)
	at com.kms.katalon.core.keyword.builtin.CallTestCaseKeyword.execute(CallTestCaseKeyword.groovy:45)
	at com.kms.katalon.core.keyword.internal.KeywordExecutor.executeKeywordForPlatform(KeywordExecutor.groovy:53)
	at com.kms.katalon.core.keyword.BuiltinKeywords.callTestCase(BuiltinKeywords.groovy:334)
	at sun.reflect.GeneratedMethodAccessor13.invoke(Unknown Source)
	at sun.reflect.DelegatingMethodAccessorImpl.invoke(DelegatingMethodAccessorImpl.java:43)
	at java.lang.reflect.Method.invoke(Method.java:498)
	at org.codehaus.groovy.reflection.CachedMethod.invoke(CachedMethod.java:93)
	at groovy.lang.MetaMethod.doMethodInvoke(MetaMethod.java:325)
	at groovy.lang.MetaClassImpl.invokeStaticMethod(MetaClassImpl.java:1469)
	at org.codehaus.groovy.runtime.callsite.StaticMetaClassSite.call(StaticMetaClassSite.java:53)
	at org.codehaus.groovy.runtime.callsite.CallSiteArray.defaultCall(CallSiteArray.java:48)
	at org.codehaus.groovy.runtime.callsite.AbstractCallSite.call(AbstractCallSite.java:113)
	at org.codehaus.groovy.runtime.callsite.AbstractCallSite.call(AbstractCallSite.java:141)
	at Script1536729583481.run(Script1536729583481.groovy:25)
	at com.kms.katalon.core.main.ScriptEngine.run(ScriptEngine.java:183)
	at com.kms.katalon.core.main.ScriptEngine.runScriptAsRawText(ScriptEngine.java:108)
	at com.kms.katalon.core.main.TestCaseExecutor.runScript(TestCaseExecutor.java:294)
	at com.kms.katalon.core.main.TestCaseExecutor.doExecute(TestCaseExecutor.java:285)
	at com.kms.katalon.core.main.TestCaseExecutor.processExecutionPhase(TestCaseExecutor.java:264)
	at com.kms.katalon.core.main.TestCaseExecutor.accessMainPhase(TestCaseExecutor.java:256)
	at com.kms.katalon.core.main.TestCaseExecutor.execute(TestCaseExecutor.java:200)
	at com.kms.katalon.core.main.TestSuiteExecutor.accessTestCaseMainPhase(TestSuiteExecutor.java:129)
	at com.kms.katalon.core.main.TestSuiteExecutor.accessTestSuiteMainPhase(TestSuiteExecutor.java:112)
	at com.kms.katalon.core.main.TestSuiteExecutor.execute(TestSuiteExecutor.java:81)
	at com.kms.katalon.core.main.TestCaseMain.startTestSuite(TestCaseMain.java:142)
	at com.kms.katalon.core.main.TestCaseMain$startTestSuite$0.call(Unknown Source)
	at org.codehaus.groovy.runtime.callsite.CallSiteArray.defaultCall(CallSiteArray.java:48)
	at org.codehaus.groovy.runtime.callsite.AbstractCallSite.call(AbstractCallSite.java:113)
	at org.codehaus.groovy.runtime.callsite.AbstractCallSite.call(AbstractCallSite.java:141)
	at TempTestSuite1541736709639.run(TempTestSuite1541736709639.groovy:36)
	at groovy.lang.GroovyShell.runScriptOrMainOrTestOrRunnable(GroovyShell.java:263)
	at groovy.lang.GroovyShell.run(GroovyShell.java:518)
	at groovy.lang.GroovyShell.run(GroovyShell.java:507)
	at groovy.ui.GroovyMain.processOnce(GroovyMain.java:653)
	at groovy.ui.GroovyMain.run(GroovyMain.java:384)
	at groovy.ui.GroovyMain.process(GroovyMain.java:370)
	at groovy.ui.GroovyMain.processArgs(GroovyMain.java:129)
	at groovy.ui.GroovyMain.main(GroovyMain.java:109)
	at sun.reflect.NativeMethodAccessorImpl.invoke0(Native Method)
	at sun.reflect.NativeMethodAccessorImpl.invoke(NativeMethodAccessorImpl.java:62)
	at sun.reflect.DelegatingMethodAccessorImpl.invoke(DelegatingMethodAccessorImpl.java:43)
	at java.lang.reflect.Method.invoke(Method.java:498)
	at org.codehaus.groovy.tools.GroovyStarter.rootLoader(GroovyStarter.java:109)
	at org.codehaus.groovy.tools.GroovyStarter.main(GroovyStarter.java:131)
)

2018-11-09 12:37:04 - [TEST_STEP][PASSED] - callTestCase: Call Test Case 'Test Cases/Final Aug 2018 - PKS Automation/Registration Module/Workflow/Form 1A - Cessation As Employer/Template/Form 1 A - Cessation As Employer (Employer)' successfully

2018-11-09 12:37:04 - [TEST_CASE][PASSED] - Test Cases/Final Aug 2018 - PKS Automation/Registration Module/Workflow/Form 1A - Cessation As Employer/Template/Form 1 A - Cessation As Employer (Employer): Test Cases/Final Aug 2018 - PKS Automation/Registration Module/Workflow/Form 1A - Cessation As Employer/Template/Form 1 A - Cessation As Employer (Employer)

2018-11-09 12:37:04 - [TEST_STEP][PASSED] - callTestCase: Call Test Case 'Test Cases/Final Aug 2018 - PKS Automation/Registration Module/Workflow/Update Add New Employee/Template/New Company for Update Add New - Employer' successfully

2018-11-09 12:37:04 - [TEST_CASE][PASSED] - Test Cases/Final Aug 2018 - PKS Automation/Registration Module/Workflow/Update Add New Employee/Template/New Company for Update Add New - Employer: Test Cases/Final Aug 2018 - PKS Automation/Registration Module/Workflow/Update Add New Employee/Template/New Company for Update Add New - Employer

2018-11-09 12:37:04 - [TEST_STEP][PASSED] - callTestCase: Call Test Case 'Test Cases/Final Aug 2018 - PKS Automation/Create Employer Acc/Create Employer Account' successfully

2018-11-09 12:37:04 - [TEST_CASE][PASSED] - Test Cases/Final Aug 2018 - PKS Automation/Create Employer Acc/Create Employer Account: Test Cases/Final Aug 2018 - PKS Automation/Create Employer Acc/Create Employer Account

2018-11-09 12:37:04 - [TEST_STEP][PASSED] - callTestCase: Call Test Case 'Test Cases/Final Aug 2018 - PKS Automation/Create Employer Acc/Template/Register Employer' successfully

2018-11-09 12:37:04 - [TEST_CASE][PASSED] - Test Cases/Final Aug 2018 - PKS Automation/Create Employer Acc/Template/Register Employer: Test Cases/Final Aug 2018 - PKS Automation/Create Employer Acc/Template/Register Employer

2018-11-09 12:37:04 - [TEST_STEP][PASSED] - openBrowser: Browser is opened with url: ''

2018-11-09 12:37:04 - [MESSAGE][WARNING] - A browser is already opened. Closing browser and opening a new one

2018-11-09 12:37:09 - [MESSAGE][PASSED] - Browser is opened with url: ''

2018-11-09 12:37:09 - [TEST_STEP][PASSED] - navigateToUrl: Navigate to 'https://assist2-uat.perkeso.gov.my/login' successfully

2018-11-09 12:37:11 - [MESSAGE][PASSED] - Navigate to 'https://assist2-uat.perkeso.gov.my/login' successfully

2018-11-09 12:37:11 - [TEST_STEP][PASSED] - setText: Text 'johorotc1@gmail.com' is set on object 'Object Repository/Final Object Repo/Login Page/Internal User/Email Address'

2018-11-09 12:37:12 - [MESSAGE][PASSED] - Text 'johorotc1@gmail.com' is set on object 'Object Repository/Final Object Repo/Login Page/Internal User/Email Address'

2018-11-09 12:37:12 - [TEST_STEP][PASSED] - click: Object: 'Object Repository/Final Object Repo/Login Page/Internal User/Next Button' is clicked on

2018-11-09 12:37:12 - [MESSAGE][PASSED] - Object: 'Object Repository/Final Object Repo/Login Page/Internal User/Next Button' is clicked on

2018-11-09 12:37:12 - [TEST_STEP][PASSED] - delay: Delayed 1 second(s)

2018-11-09 12:37:13 - [MESSAGE][PASSED] - Delayed 1 second(s)

2018-11-09 12:37:13 - [TEST_STEP][PASSED] - setEncryptedText: Text ****** has been set on object 'Object Repository/Final Object Repo/Login Page/Internal User/Password'

2018-11-09 12:37:13 - [MESSAGE][PASSED] - Text ****** has been set on object 'Object Repository/Final Object Repo/Login Page/Internal User/Password'

2018-11-09 12:37:13 - [TEST_STEP][PASSED] - click: Object: 'Object Repository/Final Object Repo/Login Page/Internal User/Login Button' is clicked on

2018-11-09 12:37:16 - [MESSAGE][PASSED] - Object: 'Object Repository/Final Object Repo/Login Page/Internal User/Login Button' is clicked on

2018-11-09 12:37:16 - [TEST_STEP][PASSED] - delay: Delayed 1 second(s)

2018-11-09 12:37:17 - [MESSAGE][PASSED] - Delayed 1 second(s)

2018-11-09 12:37:17 - [TEST_STEP][PASSED] - navigateToUrl: Navigate to 'https://assist2-uat.perkeso.gov.my/web/base/portal-id/registration' successfully

2018-11-09 12:37:19 - [MESSAGE][PASSED] - Navigate to 'https://assist2-uat.perkeso.gov.my/web/base/portal-id/registration' successfully

2018-11-09 12:37:19 - [TEST_STEP][PASSED] - setText: Text 'AUTOMATION EMPLOYER' is set on object 'Object Repository/Final Object Repo/Creating Employer Account/Page_Registration - ASSIST (Base)/Employer Name'

2018-11-09 12:37:19 - [MESSAGE][PASSED] - Text 'AUTOMATION EMPLOYER' is set on object 'Object Repository/Final Object Repo/Creating Employer Account/Page_Registration - ASSIST (Base)/Employer Name'

2018-11-09 12:37:19 - [TEST_STEP][PASSED] - delay: Delayed 2 second(s)

2018-11-09 12:37:21 - [MESSAGE][PASSED] - Delayed 2 second(s)

2018-11-09 12:37:21 - [TEST_STEP][PASSED] - click: Object: 'Object Repository/Final Object Repo/Creating Employer Account/Page_Registration - ASSIST (Base)/Registration Type' is clicked on

2018-11-09 12:37:22 - [MESSAGE][PASSED] - Object: 'Object Repository/Final Object Repo/Creating Employer Account/Page_Registration - ASSIST (Base)/Registration Type' is clicked on

2018-11-09 12:37:22 - [TEST_STEP][PASSED] - delay: Delayed 2 second(s)

2018-11-09 12:37:24 - [MESSAGE][PASSED] - Delayed 2 second(s)

2018-11-09 12:37:24 - [TEST_STEP][PASSED] - click: Object: 'Object Repository/Final Object Repo/Creating Employer Account/Page_Registration - ASSIST (Base)/Registration Type - Registration No' is clicked on

2018-11-09 12:37:25 - [MESSAGE][PASSED] - Object: 'Object Repository/Final Object Repo/Creating Employer Account/Page_Registration - ASSIST (Base)/Registration Type - Registration No' is clicked on

2018-11-09 12:37:25 - [TEST_STEP][PASSED] - delay: Delayed 2 second(s)

2018-11-09 12:37:27 - [MESSAGE][PASSED] - Delayed 2 second(s)

2018-11-09 12:37:27 - [TEST_STEP][PASSED] - setText: Text '1234567890' is set on object 'Object Repository/Final Object Repo/Creating Employer Account/Page_Registration - ASSIST (Base)/Registration Number'

2018-11-09 12:37:27 - [MESSAGE][PASSED] - Text '1234567890' is set on object 'Object Repository/Final Object Repo/Creating Employer Account/Page_Registration - ASSIST (Base)/Registration Number'

2018-11-09 12:37:27 - [TEST_STEP][PASSED] - delay: Delayed 2 second(s)

2018-11-09 12:37:29 - [MESSAGE][PASSED] - Delayed 2 second(s)

2018-11-09 12:37:29 - [TEST_STEP][PASSED] - setText: Text 'ADDRESS 1' is set on object 'Object Repository/Final Object Repo/Creating Employer Account/Page_Registration - ASSIST (Base)/Postal Address 1'

2018-11-09 12:37:29 - [MESSAGE][PASSED] - Text 'ADDRESS 1' is set on object 'Object Repository/Final Object Repo/Creating Employer Account/Page_Registration - ASSIST (Base)/Postal Address 1'

2018-11-09 12:37:29 - [TEST_STEP][PASSED] - setText: Text 'ADDRESS 2' is set on object 'Object Repository/Final Object Repo/Creating Employer Account/Page_Registration - ASSIST (Base)/Postal Address 2'

2018-11-09 12:37:29 - [MESSAGE][PASSED] - Text 'ADDRESS 2' is set on object 'Object Repository/Final Object Repo/Creating Employer Account/Page_Registration - ASSIST (Base)/Postal Address 2'

2018-11-09 12:37:29 - [TEST_STEP][PASSED] - click: Object: 'Object Repository/Final Object Repo/Creating Employer Account/Page_Registration - ASSIST (Base)/State' is clicked on

2018-11-09 12:37:29 - [MESSAGE][PASSED] - Object: 'Object Repository/Final Object Repo/Creating Employer Account/Page_Registration - ASSIST (Base)/State' is clicked on

2018-11-09 12:37:29 - [TEST_STEP][PASSED] - delay: Delayed 2 second(s)

2018-11-09 12:37:31 - [MESSAGE][PASSED] - Delayed 2 second(s)

2018-11-09 12:37:31 - [TEST_STEP][PASSED] - click: Object: 'Object Repository/Final Object Repo/Creating Employer Account/Page_Registration - ASSIST (Base)/State - Johor' is clicked on

2018-11-09 12:37:32 - [MESSAGE][PASSED] - Object: 'Object Repository/Final Object Repo/Creating Employer Account/Page_Registration - ASSIST (Base)/State - Johor' is clicked on

2018-11-09 12:37:32 - [TEST_STEP][PASSED] - delay: Delayed 2 second(s)

2018-11-09 12:37:34 - [MESSAGE][PASSED] - Delayed 2 second(s)

2018-11-09 12:37:34 - [TEST_STEP][PASSED] - click: Object: 'Object Repository/Final Object Repo/Creating Employer Account/Page_Registration - ASSIST (Base)/City' is clicked on

2018-11-09 12:37:35 - [MESSAGE][PASSED] - Object: 'Object Repository/Final Object Repo/Creating Employer Account/Page_Registration - ASSIST (Base)/City' is clicked on

2018-11-09 12:37:35 - [TEST_STEP][PASSED] - delay: Delayed 2 second(s)

2018-11-09 12:37:37 - [MESSAGE][PASSED] - Delayed 2 second(s)

2018-11-09 12:37:37 - [TEST_STEP][PASSED] - setText: Text 'joh' is set on object 'Object Repository/Final Object Repo/Creating Employer Account/Page_Registration - ASSIST (Base)/City - joh'

2018-11-09 12:37:37 - [MESSAGE][PASSED] - Text 'joh' is set on object 'Object Repository/Final Object Repo/Creating Employer Account/Page_Registration - ASSIST (Base)/City - joh'

2018-11-09 12:37:37 - [TEST_STEP][PASSED] - delay: Delayed 2 second(s)

2018-11-09 12:37:39 - [MESSAGE][PASSED] - Delayed 2 second(s)

2018-11-09 12:37:39 - [TEST_STEP][PASSED] - click: Object: 'Object Repository/Final Object Repo/Creating Employer Account/Page_Registration - ASSIST (Base)/City - Johor Bharu' is clicked on

2018-11-09 12:37:40 - [MESSAGE][PASSED] - Object: 'Object Repository/Final Object Repo/Creating Employer Account/Page_Registration - ASSIST (Base)/City - Johor Bharu' is clicked on

2018-11-09 12:37:40 - [TEST_STEP][PASSED] - delay: Delayed 2 second(s)

2018-11-09 12:37:42 - [MESSAGE][PASSED] - Delayed 2 second(s)

2018-11-09 12:37:42 - [TEST_STEP][PASSED] - click: Object: 'Object Repository/Final Object Repo/Creating Employer Account/Page_Registration - ASSIST (Base)/Post Code' is clicked on

2018-11-09 12:37:42 - [MESSAGE][PASSED] - Object: 'Object Repository/Final Object Repo/Creating Employer Account/Page_Registration - ASSIST (Base)/Post Code' is clicked on

2018-11-09 12:37:42 - [TEST_STEP][PASSED] - delay: Delayed 2 second(s)

2018-11-09 12:37:44 - [MESSAGE][PASSED] - Delayed 2 second(s)

2018-11-09 12:37:44 - [TEST_STEP][PASSED] - setText: Text '810' is set on object 'Object Repository/Final Object Repo/Creating Employer Account/Page_Registration - ASSIST (Base)/Post Code - 810'

2018-11-09 12:37:44 - [MESSAGE][PASSED] - Text '810' is set on object 'Object Repository/Final Object Repo/Creating Employer Account/Page_Registration - ASSIST (Base)/Post Code - 810'

2018-11-09 12:37:44 - [TEST_STEP][PASSED] - delay: Delayed 2 second(s)

2018-11-09 12:37:46 - [MESSAGE][PASSED] - Delayed 2 second(s)

2018-11-09 12:37:46 - [TEST_STEP][PASSED] - click: Object: 'Object Repository/Final Object Repo/Creating Employer Account/Page_Registration - ASSIST (Base)/Post Code - 81000' is clicked on

2018-11-09 12:37:47 - [MESSAGE][PASSED] - Object: 'Object Repository/Final Object Repo/Creating Employer Account/Page_Registration - ASSIST (Base)/Post Code - 81000' is clicked on

2018-11-09 12:37:47 - [TEST_STEP][PASSED] - delay: Delayed 2 second(s)

2018-11-09 12:37:49 - [MESSAGE][PASSED] - Delayed 2 second(s)

2018-11-09 12:37:49 - [TEST_STEP][PASSED] - setText: Text 'PERKESO' is set on object 'Object Repository/Final Object Repo/Creating Employer Account/Page_Registration - ASSIST (Base)/Full Name'

2018-11-09 12:37:49 - [MESSAGE][PASSED] - Text 'PERKESO' is set on object 'Object Repository/Final Object Repo/Creating Employer Account/Page_Registration - ASSIST (Base)/Full Name'

2018-11-09 12:37:49 - [TEST_STEP][PASSED] - Statement - rnd = new java.util.Random(): null

2018-11-09 12:37:49 - [TEST_STEP][PASSED] - Statement - snum = rnd.nextInt(899999 + 1) + 100000: null

2018-11-09 12:37:49 - [TEST_STEP][PASSED] - Statement - tnum = rnd.nextInt(899999 + 1) + 100000: null

2018-11-09 12:37:49 - [TEST_STEP][PASSED] - Statement - IC = java.lang.Integer.toString(snum) + java.lang.Integer.toString(tnum): null

2018-11-09 12:37:49 - [TEST_STEP][PASSED] - Statement - out.println(IC): null

2018-11-09 12:37:49 - [TEST_STEP][PASSED] - setText: Text '140576786049' is set on object 'Object Repository/Final Object Repo/Creating Employer Account/Page_Registration - ASSIST (Base)/Identification Number'

2018-11-09 12:37:49 - [MESSAGE][PASSED] - Text '140576786049' is set on object 'Object Repository/Final Object Repo/Creating Employer Account/Page_Registration - ASSIST (Base)/Identification Number'

2018-11-09 12:37:49 - [TEST_STEP][PASSED] - delay: Delayed 2 second(s)

2018-11-09 12:37:51 - [MESSAGE][PASSED] - Delayed 2 second(s)

2018-11-09 12:37:51 - [TEST_STEP][PASSED] - setText: Text '123456789012' is set on object 'Object Repository/Final Object Repo/Creating Employer Account/Page_Registration - ASSIST (Base)/Contact Number'

2018-11-09 12:37:51 - [MESSAGE][PASSED] - Text '123456789012' is set on object 'Object Repository/Final Object Repo/Creating Employer Account/Page_Registration - ASSIST (Base)/Contact Number'

2018-11-09 12:37:51 - [TEST_STEP][PASSED] - Statement - Email = "perkeso" + IC + "@gmail.com": null

2018-11-09 12:37:51 - [TEST_STEP][PASSED] - delay: Delayed 2 second(s)

2018-11-09 12:37:53 - [MESSAGE][PASSED] - Delayed 2 second(s)

2018-11-09 12:37:53 - [TEST_STEP][PASSED] - callTestCase: Call Test Case 'Test Cases/Final Aug 2018 - PKS Automation/Create Employer Acc/Template/Employer Email Settler' successfully

2018-11-09 12:37:53 - [TEST_CASE][PASSED] - Test Cases/Final Aug 2018 - PKS Automation/Create Employer Acc/Template/Employer Email Settler: Test Cases/Final Aug 2018 - PKS Automation/Create Employer Acc/Template/Employer Email Settler

2018-11-09 12:37:53 - [TEST_STEP][PASSED] - Statement - EmpEmailOld = new java.io.File(C://EmpEmail.txt): null

2018-11-09 12:37:53 - [TEST_STEP][PASSED] - Statement - EmpEmailOld.delete(): null

2018-11-09 12:37:53 - [TEST_STEP][PASSED] - Statement - EmpEmail = new java.io.File(C://EmpEmail.txt): null

2018-11-09 12:37:53 - [TEST_STEP][PASSED] - Statement - EmpEmail.append(Email): null

2018-11-09 12:37:53 - [TEST_STEP][PASSED] - Statement - out.println(Email): null

2018-11-09 12:37:53 - [MESSAGE][PASSED] - Call Test Case 'Test Cases/Final Aug 2018 - PKS Automation/Create Employer Acc/Template/Employer Email Settler' successfully

2018-11-09 12:37:53 - [TEST_STEP][PASSED] - delay: Delayed 2 second(s)

2018-11-09 12:37:55 - [MESSAGE][PASSED] - Delayed 2 second(s)

2018-11-09 12:37:55 - [TEST_STEP][PASSED] - setText: Text 'perkeso140576786049@gmail.com' is set on object 'Object Repository/Final Object Repo/Creating Employer Account/Page_Registration - ASSIST (Base)/Email'

2018-11-09 12:37:55 - [MESSAGE][PASSED] - Text 'perkeso140576786049@gmail.com' is set on object 'Object Repository/Final Object Repo/Creating Employer Account/Page_Registration - ASSIST (Base)/Email'

2018-11-09 12:37:55 - [TEST_STEP][PASSED] - setText: Text '123' is set on object 'Object Repository/Final Object Repo/Creating Employer Account/Page_Registration - ASSIST (Base)/Security Phase'

2018-11-09 12:37:56 - [MESSAGE][PASSED] - Text '123' is set on object 'Object Repository/Final Object Repo/Creating Employer Account/Page_Registration - ASSIST (Base)/Security Phase'

2018-11-09 12:37:56 - [TEST_STEP][PASSED] - click: Object: 'Object Repository/Final Object Repo/Creating Employer Account/Page_Registration - ASSIST (Base)/Save  Continue' is clicked on

2018-11-09 12:37:57 - [MESSAGE][PASSED] - Object: 'Object Repository/Final Object Repo/Creating Employer Account/Page_Registration - ASSIST (Base)/Save  Continue' is clicked on

2018-11-09 12:37:57 - [TEST_STEP][PASSED] - delay: Delayed 2 second(s)

2018-11-09 12:37:59 - [MESSAGE][PASSED] - Delayed 2 second(s)

2018-11-09 12:37:59 - [TEST_STEP][PASSED] - click: Object: 'Object Repository/Final Object Repo/Creating Employer Account/Page_Registration - ASSIST (Base)/Add Document' is clicked on

2018-11-09 12:38:00 - [MESSAGE][PASSED] - Object: 'Object Repository/Final Object Repo/Creating Employer Account/Page_Registration - ASSIST (Base)/Add Document' is clicked on

2018-11-09 12:38:00 - [TEST_STEP][PASSED] - delay: Delayed 2 second(s)

2018-11-09 12:38:02 - [MESSAGE][PASSED] - Delayed 2 second(s)

2018-11-09 12:38:02 - [TEST_STEP][PASSED] - click: Object: 'Object Repository/Final Object Repo/Creating Employer Account/Page_Registration - ASSIST (Base)/Document Type' is clicked on

2018-11-09 12:38:02 - [MESSAGE][PASSED] - Object: 'Object Repository/Final Object Repo/Creating Employer Account/Page_Registration - ASSIST (Base)/Document Type' is clicked on

2018-11-09 12:38:02 - [TEST_STEP][PASSED] - delay: Delayed 2 second(s)

2018-11-09 12:38:04 - [MESSAGE][PASSED] - Delayed 2 second(s)

2018-11-09 12:38:04 - [TEST_STEP][PASSED] - click: Object: 'Object Repository/Final Object Repo/Creating Employer Account/Page_Registration - ASSIST (Base)/Document Type - Letter of Authorization' is clicked on

2018-11-09 12:38:05 - [MESSAGE][PASSED] - Object: 'Object Repository/Final Object Repo/Creating Employer Account/Page_Registration - ASSIST (Base)/Document Type - Letter of Authorization' is clicked on

2018-11-09 12:38:05 - [TEST_STEP][PASSED] - delay: Delayed 2 second(s)

2018-11-09 12:38:07 - [MESSAGE][PASSED] - Delayed 2 second(s)

2018-11-09 12:38:07 - [TEST_STEP][PASSED] - sendKeys: Keys 'C:\Users\Public\Pictures\Sample Pictures\Act.jpg' sent to object: 'Object Repository/Final Object Repo/Creating Employer Account/Page_Registration - ASSIST (Base)/Uploading File'

2018-11-09 12:38:07 - [MESSAGE][PASSED] - Keys 'C:\Users\Public\Pictures\Sample Pictures\Act.jpg' sent to object: 'Object Repository/Final Object Repo/Creating Employer Account/Page_Registration - ASSIST (Base)/Uploading File'

2018-11-09 12:38:07 - [TEST_STEP][PASSED] - delay: Delayed 2 second(s)

2018-11-09 12:38:09 - [MESSAGE][PASSED] - Delayed 2 second(s)

2018-11-09 12:38:09 - [TEST_STEP][PASSED] - click: Object: 'Object Repository/Final Object Repo/Creating Employer Account/Page_Registration - ASSIST (Base)/Add Document in Uploading File' is clicked on

2018-11-09 12:38:11 - [MESSAGE][PASSED] - Object: 'Object Repository/Final Object Repo/Creating Employer Account/Page_Registration - ASSIST (Base)/Add Document in Uploading File' is clicked on

2018-11-09 12:38:11 - [TEST_STEP][PASSED] - delay: Delayed 2 second(s)

2018-11-09 12:38:13 - [MESSAGE][PASSED] - Delayed 2 second(s)

2018-11-09 12:38:13 - [TEST_STEP][PASSED] - click: Object: 'Object Repository/Final Object Repo/Creating Employer Account/Page_Registration - ASSIST (Base)/Save' is clicked on

2018-11-09 12:38:15 - [MESSAGE][PASSED] - Object: 'Object Repository/Final Object Repo/Creating Employer Account/Page_Registration - ASSIST (Base)/Save' is clicked on

2018-11-09 12:38:15 - [TEST_STEP][PASSED] - delay: Delayed 2 second(s)

2018-11-09 12:38:17 - [MESSAGE][PASSED] - Delayed 2 second(s)

2018-11-09 12:38:17 - [TEST_STEP][PASSED] - click: Object: 'Object Repository/Final Object Repo/Creating Employer Account/Page_Registration - ASSIST (Base)/Submit' is clicked on

2018-11-09 12:38:18 - [MESSAGE][PASSED] - Object: 'Object Repository/Final Object Repo/Creating Employer Account/Page_Registration - ASSIST (Base)/Submit' is clicked on

2018-11-09 12:38:18 - [TEST_STEP][PASSED] - delay: Delayed 2 second(s)

2018-11-09 12:38:20 - [MESSAGE][PASSED] - Delayed 2 second(s)

2018-11-09 12:38:20 - [TEST_STEP][PASSED] - click: Object: 'Object Repository/Final Object Repo/Creating Employer Account/Page_Registration - ASSIST (Base)/Confirm' is clicked on

2018-11-09 12:38:22 - [MESSAGE][PASSED] - Object: 'Object Repository/Final Object Repo/Creating Employer Account/Page_Registration - ASSIST (Base)/Confirm' is clicked on

2018-11-09 12:38:22 - [MESSAGE][PASSED] - Call Test Case 'Test Cases/Final Aug 2018 - PKS Automation/Create Employer Acc/Template/Register Employer' successfully

2018-11-09 12:38:22 - [TEST_STEP][PASSED] - delay: Delayed 1 second(s)

2018-11-09 12:38:23 - [MESSAGE][PASSED] - Delayed 1 second(s)

2018-11-09 12:38:23 - [TEST_STEP][PASSED] - navigateToUrl: Navigate to 'https://assist2-uat.perkeso.gov.my/c/portal/logout' successfully

2018-11-09 12:38:24 - [MESSAGE][PASSED] - Navigate to 'https://assist2-uat.perkeso.gov.my/c/portal/logout' successfully

2018-11-09 12:38:24 - [TEST_STEP][PASSED] - delay: Delayed 1 second(s)

2018-11-09 12:38:25 - [MESSAGE][PASSED] - Delayed 1 second(s)

2018-11-09 12:38:25 - [TEST_STEP][PASSED] - callTestCase: Call Test Case 'Test Cases/Final Aug 2018 - PKS Automation/Create Employer Acc/Template/Change Password of Employer' successfully

2018-11-09 12:38:26 - [TEST_CASE][PASSED] - Test Cases/Final Aug 2018 - PKS Automation/Create Employer Acc/Template/Change Password of Employer: Test Cases/Final Aug 2018 - PKS Automation/Create Employer Acc/Template/Change Password of Employer

2018-11-09 12:38:26 - [TEST_STEP][PASSED] - openBrowser: Browser is opened with url: ''

2018-11-09 12:38:26 - [MESSAGE][WARNING] - A browser is already opened. Closing browser and opening a new one

2018-11-09 12:38:30 - [MESSAGE][PASSED] - Browser is opened with url: ''

2018-11-09 12:38:30 - [TEST_STEP][PASSED] - navigateToUrl: Navigate to 'https://assist2-uat.perkeso.gov.my/login' successfully

2018-11-09 12:38:33 - [MESSAGE][PASSED] - Navigate to 'https://assist2-uat.perkeso.gov.my/login' successfully

2018-11-09 12:38:33 - [TEST_STEP][PASSED] - delay: Delayed 5 second(s)

2018-11-09 12:38:38 - [MESSAGE][PASSED] - Delayed 5 second(s)

2018-11-09 12:38:38 - [TEST_STEP][PASSED] - setText: Text 'test@liferay.com' is set on object 'Object Repository/Final Object Repo/Login Page/Internal User/Email Address'

2018-11-09 12:38:38 - [MESSAGE][PASSED] - Text 'test@liferay.com' is set on object 'Object Repository/Final Object Repo/Login Page/Internal User/Email Address'

2018-11-09 12:38:38 - [TEST_STEP][PASSED] - click: Object: 'Object Repository/Final Object Repo/Login Page/Internal User/Next Button' is clicked on

2018-11-09 12:38:38 - [MESSAGE][PASSED] - Object: 'Object Repository/Final Object Repo/Login Page/Internal User/Next Button' is clicked on

2018-11-09 12:38:38 - [TEST_STEP][PASSED] - delay: Delayed 2 second(s)

2018-11-09 12:38:40 - [MESSAGE][PASSED] - Delayed 2 second(s)

2018-11-09 12:38:40 - [TEST_STEP][PASSED] - setText: Text 'test' is set on object 'Object Repository/Final Object Repo/Login Page/Internal User/Password'

2018-11-09 12:38:40 - [MESSAGE][PASSED] - Text 'test' is set on object 'Object Repository/Final Object Repo/Login Page/Internal User/Password'

2018-11-09 12:38:40 - [TEST_STEP][PASSED] - delay: Delayed 2 second(s)

2018-11-09 12:38:42 - [MESSAGE][PASSED] - Delayed 2 second(s)

2018-11-09 12:38:42 - [TEST_STEP][PASSED] - click: Object: 'Object Repository/Final Object Repo/Login Page/Internal User/Login Button' is clicked on

2018-11-09 12:38:46 - [MESSAGE][PASSED] - Object: 'Object Repository/Final Object Repo/Login Page/Internal User/Login Button' is clicked on

2018-11-09 12:38:46 - [TEST_STEP][PASSED] - delay: Delayed 3 second(s)

2018-11-09 12:38:49 - [MESSAGE][PASSED] - Delayed 3 second(s)

2018-11-09 12:38:49 - [TEST_STEP][PASSED] - navigateToUrl: Navigate to 'https://assist2-uat.perkeso.gov.my/group/control_panel/manage?p_p_id=125&p_p_lifecycle=0&p_p_state=maximized&p_p_mode=view&refererPlid=20455&_125_usersListView=flat-users&_125_toolbarItem=view-all-users&_125_saveUsersListView=true&_125_struts_action=%2Fusers_admin%2Fview' successfully

2018-11-09 12:38:52 - [MESSAGE][PASSED] - Navigate to 'https://assist2-uat.perkeso.gov.my/group/control_panel/manage?p_p_id=125&p_p_lifecycle=0&p_p_state=maximized&p_p_mode=view&refererPlid=20455&_125_usersListView=flat-users&_125_toolbarItem=view-all-users&_125_saveUsersListView=true&_125_struts_action=%2Fusers_admin%2Fview' successfully

2018-11-09 12:38:52 - [TEST_STEP][PASSED] - delay: Delayed 3 second(s)

2018-11-09 12:38:55 - [MESSAGE][PASSED] - Delayed 3 second(s)

2018-11-09 12:38:55 - [TEST_STEP][PASSED] - setText: Text 'perkeso140576786049@gmail.com' is set on object 'Object Repository/Final Object Repo/Creating Employer Account/Page_Users and Organizations - ASSIST/Employer name'

2018-11-09 12:38:55 - [MESSAGE][PASSED] - Text 'perkeso140576786049@gmail.com' is set on object 'Object Repository/Final Object Repo/Creating Employer Account/Page_Users and Organizations - ASSIST/Employer name'

2018-11-09 12:38:55 - [TEST_STEP][PASSED] - delay: Delayed 3 second(s)

2018-11-09 12:38:58 - [MESSAGE][PASSED] - Delayed 3 second(s)

2018-11-09 12:38:58 - [TEST_STEP][PASSED] - click: Object: 'Object Repository/Final Object Repo/Creating Employer Account/Page_Users and Organizations - ASSIST/Search' is clicked on

2018-11-09 12:38:59 - [MESSAGE][PASSED] - Object: 'Object Repository/Final Object Repo/Creating Employer Account/Page_Users and Organizations - ASSIST/Search' is clicked on

2018-11-09 12:38:59 - [TEST_STEP][PASSED] - delay: Delayed 3 second(s)

2018-11-09 12:39:02 - [MESSAGE][PASSED] - Delayed 3 second(s)

2018-11-09 12:39:02 - [TEST_STEP][PASSED] - click: Object: 'Object Repository/Final Object Repo/Creating Employer Account/Page_Users and Organizations - ASSIST/Action' is clicked on

2018-11-09 12:39:03 - [MESSAGE][PASSED] - Object: 'Object Repository/Final Object Repo/Creating Employer Account/Page_Users and Organizations - ASSIST/Action' is clicked on

2018-11-09 12:39:03 - [TEST_STEP][PASSED] - delay: Delayed 3 second(s)

2018-11-09 12:39:06 - [MESSAGE][PASSED] - Delayed 3 second(s)

2018-11-09 12:39:06 - [TEST_STEP][PASSED] - click: Object: 'Object Repository/Final Object Repo/Creating Employer Account/Page_Users and Organizations - ASSIST/Edit' is clicked on

2018-11-09 12:39:07 - [MESSAGE][PASSED] - Object: 'Object Repository/Final Object Repo/Creating Employer Account/Page_Users and Organizations - ASSIST/Edit' is clicked on

2018-11-09 12:39:07 - [TEST_STEP][PASSED] - delay: Delayed 3 second(s)

2018-11-09 12:39:10 - [MESSAGE][PASSED] - Delayed 3 second(s)

2018-11-09 12:39:10 - [TEST_STEP][PASSED] - click: Object: 'Object Repository/Final Object Repo/Creating Employer Account/Page_PERKESO - Users and Organizati/a_Password (Modified)' is clicked on

2018-11-09 12:39:10 - [MESSAGE][PASSED] - Object: 'Object Repository/Final Object Repo/Creating Employer Account/Page_PERKESO - Users and Organizati/a_Password (Modified)' is clicked on

2018-11-09 12:39:10 - [TEST_STEP][PASSED] - delay: Delayed 3 second(s)

2018-11-09 12:39:13 - [MESSAGE][PASSED] - Delayed 3 second(s)

2018-11-09 12:39:13 - [TEST_STEP][PASSED] - setEncryptedText: Text ****** has been set on object 'Object Repository/Final Object Repo/Creating Employer Account/Page_PERKESO - Users and Organizati/input__125_password1'

2018-11-09 12:39:14 - [MESSAGE][PASSED] - Text ****** has been set on object 'Object Repository/Final Object Repo/Creating Employer Account/Page_PERKESO - Users and Organizati/input__125_password1'

2018-11-09 12:39:14 - [TEST_STEP][PASSED] - delay: Delayed 3 second(s)

2018-11-09 12:39:17 - [MESSAGE][PASSED] - Delayed 3 second(s)

2018-11-09 12:39:17 - [TEST_STEP][PASSED] - setEncryptedText: Text ****** has been set on object 'Object Repository/Final Object Repo/Creating Employer Account/Page_PERKESO - Users and Organizati/input__125_password2'

2018-11-09 12:39:17 - [MESSAGE][PASSED] - Text ****** has been set on object 'Object Repository/Final Object Repo/Creating Employer Account/Page_PERKESO - Users and Organizati/input__125_password2'

2018-11-09 12:39:17 - [TEST_STEP][PASSED] - delay: Delayed 3 second(s)

2018-11-09 12:39:20 - [MESSAGE][PASSED] - Delayed 3 second(s)

2018-11-09 12:39:20 - [TEST_STEP][PASSED] - click: Object: 'Object Repository/Final Object Repo/Creating Employer Account/Page_PERKESO - Users and Organizati/Save' is clicked on

2018-11-09 12:39:22 - [MESSAGE][PASSED] - Object: 'Object Repository/Final Object Repo/Creating Employer Account/Page_PERKESO - Users and Organizati/Save' is clicked on

2018-11-09 12:39:22 - [MESSAGE][PASSED] - Call Test Case 'Test Cases/Final Aug 2018 - PKS Automation/Create Employer Acc/Template/Change Password of Employer' successfully

2018-11-09 12:39:22 - [TEST_STEP][PASSED] - delay: Delayed 1 second(s)

2018-11-09 12:39:23 - [MESSAGE][PASSED] - Delayed 1 second(s)

2018-11-09 12:39:23 - [TEST_STEP][PASSED] - navigateToUrl: Navigate to 'https://assist2-uat.perkeso.gov.my/c/portal/logout' successfully

2018-11-09 12:39:24 - [MESSAGE][PASSED] - Navigate to 'https://assist2-uat.perkeso.gov.my/c/portal/logout' successfully

2018-11-09 12:39:24 - [TEST_STEP][PASSED] - delay: Delayed 1 second(s)

2018-11-09 12:39:25 - [MESSAGE][PASSED] - Delayed 1 second(s)

2018-11-09 12:39:25 - [TEST_STEP][PASSED] - callTestCase: Call Test Case 'Test Cases/Final Aug 2018 - PKS Automation/Create Employer Acc/Template/Login to Employer Account (First Time)' successfully

2018-11-09 12:39:25 - [TEST_CASE][PASSED] - Test Cases/Final Aug 2018 - PKS Automation/Create Employer Acc/Template/Login to Employer Account (First Time): Test Cases/Final Aug 2018 - PKS Automation/Create Employer Acc/Template/Login to Employer Account (First Time)

2018-11-09 12:39:25 - [TEST_STEP][PASSED] - openBrowser: Browser is opened with url: ''

2018-11-09 12:39:25 - [MESSAGE][WARNING] - A browser is already opened. Closing browser and opening a new one

2018-11-09 12:39:30 - [MESSAGE][PASSED] - Browser is opened with url: ''

2018-11-09 12:39:30 - [TEST_STEP][PASSED] - navigateToUrl: Navigate to 'https://assist2-uat.perkeso.gov.my/employer/login' successfully

2018-11-09 12:39:33 - [MESSAGE][PASSED] - Navigate to 'https://assist2-uat.perkeso.gov.my/employer/login' successfully

2018-11-09 12:39:33 - [TEST_STEP][PASSED] - delay: Delayed 3 second(s)

2018-11-09 12:39:36 - [MESSAGE][PASSED] - Delayed 3 second(s)

2018-11-09 12:39:36 - [TEST_STEP][PASSED] - callTestCase: Call Test Case 'Test Cases/Final Aug 2018 - PKS Automation/Create Employer Acc/Template/Employer Email Getter' successfully

2018-11-09 12:39:36 - [TEST_CASE][PASSED] - Test Cases/Final Aug 2018 - PKS Automation/Create Employer Acc/Template/Employer Email Getter: Test Cases/Final Aug 2018 - PKS Automation/Create Employer Acc/Template/Employer Email Getter

2018-11-09 12:39:36 - [TEST_STEP][PASSED] - Statement - Try: null

2018-11-09 12:39:36 - [TEST_STEP][PASSED] - Statement - EmpEmail = new java.io.File(C://EmpEmail.txt): null

2018-11-09 12:39:36 - [TEST_STEP][PASSED] - Statement - bufferread = new java.io.BufferedReader(new java.io.FileReader(EmpEmail)): null

2018-11-09 12:39:36 - [TEST_STEP][PASSED] - Statement - readedVal = bufferread.readLine(): null

2018-11-09 12:39:36 - [TEST_STEP][PASSED] - Statement - out.println(readedVal): null

2018-11-09 12:39:36 - [TEST_STEP][PASSED] - Statement - Email = readedVal: null

2018-11-09 12:39:36 - [MESSAGE][PASSED] - Call Test Case 'Test Cases/Final Aug 2018 - PKS Automation/Create Employer Acc/Template/Employer Email Getter' successfully

2018-11-09 12:39:36 - [TEST_STEP][PASSED] - setText: Text 'perkeso140576786049@gmail.com' is set on object 'Object Repository/Final Object Repo/Login Page/External Login Page/Email'

2018-11-09 12:39:36 - [MESSAGE][PASSED] - Text 'perkeso140576786049@gmail.com' is set on object 'Object Repository/Final Object Repo/Login Page/External Login Page/Email'

2018-11-09 12:39:36 - [TEST_STEP][PASSED] - click: Object: 'Object Repository/Final Object Repo/Login Page/External Login Page/Next' is clicked on

2018-11-09 12:39:36 - [MESSAGE][PASSED] - Object: 'Object Repository/Final Object Repo/Login Page/External Login Page/Next' is clicked on

2018-11-09 12:39:36 - [TEST_STEP][PASSED] - delay: Delayed 3 second(s)

2018-11-09 12:39:39 - [MESSAGE][PASSED] - Delayed 3 second(s)

2018-11-09 12:39:39 - [TEST_STEP][PASSED] - setEncryptedText: Text ****** has been set on object 'Object Repository/Final Object Repo/Login Page/External Login Page/Password'

2018-11-09 12:39:39 - [MESSAGE][PASSED] - Text ****** has been set on object 'Object Repository/Final Object Repo/Login Page/External Login Page/Password'

2018-11-09 12:39:39 - [TEST_STEP][PASSED] - click: Object: 'Object Repository/Final Object Repo/Login Page/External Login Page/Login' is clicked on

2018-11-09 12:39:43 - [MESSAGE][PASSED] - Object: 'Object Repository/Final Object Repo/Login Page/External Login Page/Login' is clicked on

2018-11-09 12:39:43 - [TEST_STEP][PASSED] - delay: Delayed 3 second(s)

2018-11-09 12:39:46 - [MESSAGE][PASSED] - Delayed 3 second(s)

2018-11-09 12:39:46 - [TEST_STEP][PASSED] - click: Object: 'Object Repository/Final Object Repo/Creating Employer Account/Page_Terms of Use - ASSIST/button_I Agree' is clicked on

2018-11-09 12:39:47 - [MESSAGE][PASSED] - Object: 'Object Repository/Final Object Repo/Creating Employer Account/Page_Terms of Use - ASSIST/button_I Agree' is clicked on

2018-11-09 12:39:47 - [TEST_STEP][PASSED] - delay: Delayed 2 second(s)

2018-11-09 12:39:49 - [MESSAGE][PASSED] - Delayed 2 second(s)

2018-11-09 12:39:49 - [TEST_STEP][PASSED] - setEncryptedText: Text ****** has been set on object 'Object Repository/Final Object Repo/Creating Employer Account/Page_New Password - ASSIST/input_password1'

2018-11-09 12:39:49 - [MESSAGE][PASSED] - Text ****** has been set on object 'Object Repository/Final Object Repo/Creating Employer Account/Page_New Password - ASSIST/input_password1'

2018-11-09 12:39:49 - [TEST_STEP][PASSED] - setEncryptedText: Text ****** has been set on object 'Object Repository/Final Object Repo/Creating Employer Account/Page_New Password - ASSIST/input_password2'

2018-11-09 12:39:49 - [MESSAGE][PASSED] - Text ****** has been set on object 'Object Repository/Final Object Repo/Creating Employer Account/Page_New Password - ASSIST/input_password2'

2018-11-09 12:39:49 - [TEST_STEP][PASSED] - delay: Delayed 2 second(s)

2018-11-09 12:39:51 - [MESSAGE][PASSED] - Delayed 2 second(s)

2018-11-09 12:39:51 - [TEST_STEP][PASSED] - click: Object: 'Object Repository/Final Object Repo/Creating Employer Account/Page_New Password - ASSIST/Save' is clicked on

2018-11-09 12:39:53 - [MESSAGE][PASSED] - Object: 'Object Repository/Final Object Repo/Creating Employer Account/Page_New Password - ASSIST/Save' is clicked on

2018-11-09 12:39:53 - [TEST_STEP][PASSED] - delay: Delayed 2 second(s)

2018-11-09 12:39:55 - [MESSAGE][PASSED] - Delayed 2 second(s)

2018-11-09 12:39:55 - [TEST_STEP][PASSED] - setText: Text 'test' is set on object 'Object Repository/Final Object Repo/Creating Employer Account/Page_Password Reminder - ASSIST/Reminder Query Answer'

2018-11-09 12:39:55 - [MESSAGE][PASSED] - Text 'test' is set on object 'Object Repository/Final Object Repo/Creating Employer Account/Page_Password Reminder - ASSIST/Reminder Query Answer'

2018-11-09 12:39:55 - [TEST_STEP][PASSED] - delay: Delayed 2 second(s)

2018-11-09 12:39:57 - [MESSAGE][PASSED] - Delayed 2 second(s)

2018-11-09 12:39:57 - [TEST_STEP][PASSED] - doubleClick: Object: 'Object Repository/Final Object Repo/Creating Employer Account/Page_Password Reminder - ASSIST/Save' is double clicked on

2018-11-09 12:39:58 - [MESSAGE][PASSED] - Object: 'Object Repository/Final Object Repo/Creating Employer Account/Page_Password Reminder - ASSIST/Save' is double clicked on

2018-11-09 12:39:58 - [MESSAGE][PASSED] - Call Test Case 'Test Cases/Final Aug 2018 - PKS Automation/Create Employer Acc/Template/Login to Employer Account (First Time)' successfully

2018-11-09 12:39:58 - [MESSAGE][PASSED] - Call Test Case 'Test Cases/Final Aug 2018 - PKS Automation/Create Employer Acc/Create Employer Account' successfully

2018-11-09 12:39:58 - [TEST_STEP][PASSED] - callTestCase: Call Test Case 'Test Cases/Final Aug 2018 - PKS Automation/Registration Module/Log Out/log out avoiding katalon tagging' successfully

2018-11-09 12:39:58 - [TEST_CASE][PASSED] - Test Cases/Final Aug 2018 - PKS Automation/Registration Module/Log Out/log out avoiding katalon tagging: Test Cases/Final Aug 2018 - PKS Automation/Registration Module/Log Out/log out avoiding katalon tagging

2018-11-09 12:39:58 - [TEST_STEP][PASSED] - navigateToUrl: Navigate to 'https://assist2-uat.perkeso.gov.my/c/portal/logout' successfully

2018-11-09 12:39:59 - [MESSAGE][PASSED] - Navigate to 'https://assist2-uat.perkeso.gov.my/c/portal/logout' successfully

2018-11-09 12:39:59 - [MESSAGE][PASSED] - Call Test Case 'Test Cases/Final Aug 2018 - PKS Automation/Registration Module/Log Out/log out avoiding katalon tagging' successfully

2018-11-09 12:39:59 - [TEST_STEP][PASSED] - callTestCase: Call Test Case 'Test Cases/Final Aug 2018 - PKS Automation/Create Employer Acc/Login to Employer Account (Second time)' successfully

2018-11-09 12:39:59 - [TEST_CASE][PASSED] - Test Cases/Final Aug 2018 - PKS Automation/Create Employer Acc/Login to Employer Account (Second time): Test Cases/Final Aug 2018 - PKS Automation/Create Employer Acc/Login to Employer Account (Second time)

2018-11-09 12:39:59 - [TEST_STEP][PASSED] - openBrowser: Browser is opened with url: ''

2018-11-09 12:39:59 - [MESSAGE][WARNING] - A browser is already opened. Closing browser and opening a new one

2018-11-09 12:40:04 - [MESSAGE][PASSED] - Browser is opened with url: ''

2018-11-09 12:40:04 - [TEST_STEP][PASSED] - navigateToUrl: Navigate to 'https://assist2-uat.perkeso.gov.my/employer/login' successfully

2018-11-09 12:40:06 - [MESSAGE][PASSED] - Navigate to 'https://assist2-uat.perkeso.gov.my/employer/login' successfully

2018-11-09 12:40:06 - [TEST_STEP][PASSED] - delay: Delayed 3 second(s)

2018-11-09 12:40:09 - [MESSAGE][PASSED] - Delayed 3 second(s)

2018-11-09 12:40:09 - [TEST_STEP][PASSED] - callTestCase: Call Test Case 'Test Cases/Final Aug 2018 - PKS Automation/Create Employer Acc/Template/Employer Email Getter' successfully

2018-11-09 12:40:09 - [TEST_CASE][PASSED] - Test Cases/Final Aug 2018 - PKS Automation/Create Employer Acc/Template/Employer Email Getter: Test Cases/Final Aug 2018 - PKS Automation/Create Employer Acc/Template/Employer Email Getter

2018-11-09 12:40:09 - [TEST_STEP][PASSED] - Statement - Try: null

2018-11-09 12:40:09 - [TEST_STEP][PASSED] - Statement - EmpEmail = new java.io.File(C://EmpEmail.txt): null

2018-11-09 12:40:09 - [TEST_STEP][PASSED] - Statement - bufferread = new java.io.BufferedReader(new java.io.FileReader(EmpEmail)): null

2018-11-09 12:40:09 - [TEST_STEP][PASSED] - Statement - readedVal = bufferread.readLine(): null

2018-11-09 12:40:09 - [TEST_STEP][PASSED] - Statement - out.println(readedVal): null

2018-11-09 12:40:09 - [TEST_STEP][PASSED] - Statement - Email = readedVal: null

2018-11-09 12:40:09 - [MESSAGE][PASSED] - Call Test Case 'Test Cases/Final Aug 2018 - PKS Automation/Create Employer Acc/Template/Employer Email Getter' successfully

2018-11-09 12:40:09 - [TEST_STEP][PASSED] - setText: Text 'perkeso140576786049@gmail.com' is set on object 'Object Repository/Final Object Repo/Login Page/External Login Page/Email'

2018-11-09 12:40:10 - [MESSAGE][PASSED] - Text 'perkeso140576786049@gmail.com' is set on object 'Object Repository/Final Object Repo/Login Page/External Login Page/Email'

2018-11-09 12:40:10 - [TEST_STEP][PASSED] - click: Object: 'Object Repository/Final Object Repo/Login Page/External Login Page/Next' is clicked on

2018-11-09 12:40:10 - [MESSAGE][PASSED] - Object: 'Object Repository/Final Object Repo/Login Page/External Login Page/Next' is clicked on

2018-11-09 12:40:10 - [TEST_STEP][PASSED] - delay: Delayed 3 second(s)

2018-11-09 12:40:13 - [MESSAGE][PASSED] - Delayed 3 second(s)

2018-11-09 12:40:13 - [TEST_STEP][PASSED] - setEncryptedText: Text ****** has been set on object 'Object Repository/Final Object Repo/Login Page/External Login Page/Password'

2018-11-09 12:40:13 - [MESSAGE][PASSED] - Text ****** has been set on object 'Object Repository/Final Object Repo/Login Page/External Login Page/Password'

2018-11-09 12:40:13 - [TEST_STEP][PASSED] - click: Object: 'Object Repository/Final Object Repo/Login Page/External Login Page/Login' is clicked on

2018-11-09 12:40:18 - [MESSAGE][PASSED] - Object: 'Object Repository/Final Object Repo/Login Page/External Login Page/Login' is clicked on

2018-11-09 12:40:18 - [TEST_STEP][PASSED] - delay: Delayed 5 second(s)

2018-11-09 12:40:23 - [MESSAGE][PASSED] - Delayed 5 second(s)

2018-11-09 12:40:23 - [MESSAGE][PASSED] - Call Test Case 'Test Cases/Final Aug 2018 - PKS Automation/Create Employer Acc/Login to Employer Account (Second time)' successfully

2018-11-09 12:40:23 - [TEST_STEP][PASSED] - Statement - Try: Delayed 2 second(s)

2018-11-09 12:40:23 - [TEST_STEP][PASSED] - Statement - Checker = false: null

2018-11-09 12:40:23 - [TEST_STEP][PASSED] - Statement - Checker = com.kms.katalon.core.webui.keyword.WebUiBuiltInKeywords.verifyElementHasAttribute(com.kms.katalon.core.testobject.ObjectRepository.findTestObject(Final Object Repo/Landing Page/BM Detecting), "href", 20, OPTIONAL): Object 'Object Repository/Final Object Repo/Landing Page/BM Detecting' has attribute 'href'

2018-11-09 12:40:23 - [MESSAGE][PASSED] - Object 'Object Repository/Final Object Repo/Landing Page/BM Detecting' has attribute 'href'

2018-11-09 12:40:23 - [TEST_STEP][PASSED] - Statement - out.println(Checker): null

2018-11-09 12:40:23 - [TEST_STEP][PASSED] - Statement - If (Checker == false): null

2018-11-09 12:40:23 - [TEST_STEP][PASSED] - Statement - Else: null

2018-11-09 12:40:23 - [TEST_STEP][PASSED] - delay: Delayed 2 second(s)

2018-11-09 12:40:25 - [MESSAGE][PASSED] - Delayed 2 second(s)

2018-11-09 12:40:25 - [TEST_STEP][PASSED] - delay: Delayed 4 second(s)

2018-11-09 12:40:29 - [MESSAGE][PASSED] - Delayed 4 second(s)

2018-11-09 12:40:29 - [TEST_STEP][PASSED] - click: Object: 'Object Repository/Final Object Repo/Landing Page/My Sites Drop Down' is clicked on

2018-11-09 12:40:29 - [MESSAGE][PASSED] - Object: 'Object Repository/Final Object Repo/Landing Page/My Sites Drop Down' is clicked on

2018-11-09 12:40:29 - [TEST_STEP][PASSED] - click: Object: 'Object Repository/Final Object Repo/Landing Page/Select to Registration Module' is clicked on

2018-11-09 12:40:32 - [MESSAGE][PASSED] - Object: 'Object Repository/Final Object Repo/Landing Page/Select to Registration Module' is clicked on

2018-11-09 12:40:32 - [TEST_STEP][PASSED] - click: Object: 'Object Repository/Final Object Repo/Landing Page/Registration Button' is clicked on

2018-11-09 12:40:35 - [MESSAGE][PASSED] - Object: 'Object Repository/Final Object Repo/Landing Page/Registration Button' is clicked on

2018-11-09 12:40:35 - [TEST_STEP][PASSED] - delay: Delayed 2 second(s)

2018-11-09 12:40:37 - [MESSAGE][PASSED] - Delayed 2 second(s)

2018-11-09 12:40:37 - [TEST_STEP][PASSED] - click: Object: 'Object Repository/Final Object Repo/New Registration - Registration Module Pages/New Reg - OTC to RO/Special Case - OTC - Form 1/AEC NO' is clicked on

2018-11-09 12:40:37 - [MESSAGE][PASSED] - Object: 'Object Repository/Final Object Repo/New Registration - Registration Module Pages/New Reg - OTC to RO/Special Case - OTC - Form 1/AEC NO' is clicked on

2018-11-09 12:40:37 - [TEST_STEP][PASSED] - click: Object: 'Object Repository/Final Object Repo/New Registration - Registration Module Pages/New Reg - OTC to RO/Special Case - OTC - Form 1/Business Entity - Please Select' is clicked on

2018-11-09 12:40:38 - [MESSAGE][PASSED] - Object: 'Object Repository/Final Object Repo/New Registration - Registration Module Pages/New Reg - OTC to RO/Special Case - OTC - Form 1/Business Entity - Please Select' is clicked on

2018-11-09 12:40:38 - [TEST_STEP][PASSED] - click: Object: 'Object Repository/Final Object Repo/New Registration - Registration Module Pages/New Reg - OTC to RO/Special Case - OTC - Form 1/Selected - Corporation' is clicked on

2018-11-09 12:40:38 - [MESSAGE][PASSED] - Object: 'Object Repository/Final Object Repo/New Registration - Registration Module Pages/New Reg - OTC to RO/Special Case - OTC - Form 1/Selected - Corporation' is clicked on

2018-11-09 12:40:38 - [TEST_STEP][PASSED] - delay: Delayed 2 second(s)

2018-11-09 12:40:40 - [MESSAGE][PASSED] - Delayed 2 second(s)

2018-11-09 12:40:40 - [TEST_STEP][PASSED] - click: Object: 'Object Repository/Final Object Repo/New Registration - Registration Module Pages/New Reg - OTC to RO/Special Case - OTC - Form 1/Sub Business Entity - Please Select' is clicked on

2018-11-09 12:40:41 - [MESSAGE][PASSED] - Object: 'Object Repository/Final Object Repo/New Registration - Registration Module Pages/New Reg - OTC to RO/Special Case - OTC - Form 1/Sub Business Entity - Please Select' is clicked on

2018-11-09 12:40:41 - [TEST_STEP][PASSED] - delay: Delayed 2 second(s)

2018-11-09 12:40:43 - [MESSAGE][PASSED] - Delayed 2 second(s)

2018-11-09 12:40:43 - [TEST_STEP][PASSED] - click: Object: 'Object Repository/Final Object Repo/New Registration - Registration Module Pages/New Reg - OTC to RO/Special Case - OTC - Form 1/Selected - Sendirian Berhad' is clicked on

2018-11-09 12:40:43 - [MESSAGE][PASSED] - Object: 'Object Repository/Final Object Repo/New Registration - Registration Module Pages/New Reg - OTC to RO/Special Case - OTC - Form 1/Selected - Sendirian Berhad' is clicked on

2018-11-09 12:40:43 - [TEST_STEP][PASSED] - setText: Text 'AUTOMATE001' is set on object 'Object Repository/Final Object Repo/New Registration - Registration Module Pages/New Reg - OTC to RO/Special Case - OTC - Form 1/Input BRN Number'

2018-11-09 12:40:44 - [MESSAGE][PASSED] - Text 'AUTOMATE001' is set on object 'Object Repository/Final Object Repo/New Registration - Registration Module Pages/New Reg - OTC to RO/Special Case - OTC - Form 1/Input BRN Number'

2018-11-09 12:40:44 - [TEST_STEP][PASSED] - delay: Delayed 2 second(s)

2018-11-09 12:40:46 - [MESSAGE][PASSED] - Delayed 2 second(s)

2018-11-09 12:40:46 - [TEST_STEP][PASSED] - click: Object: 'Object Repository/Final Object Repo/New Registration - Registration Module Pages/New Reg - OTC to RO/Special Case - OTC - Form 1/BRN Search' is clicked on

2018-11-09 12:40:46 - [MESSAGE][PASSED] - Object: 'Object Repository/Final Object Repo/New Registration - Registration Module Pages/New Reg - OTC to RO/Special Case - OTC - Form 1/BRN Search' is clicked on

2018-11-09 12:40:46 - [TEST_STEP][PASSED] - delay: Delayed 4 second(s)

2018-11-09 12:40:50 - [MESSAGE][PASSED] - Delayed 4 second(s)

2018-11-09 12:40:50 - [TEST_STEP][PASSED] - click: Object: 'Object Repository/Final Object Repo/New Registration - Registration Module Pages/New Reg - OTC to RO/Special Case - OTC - Form 1/Registered with SSM - After Feb 2017' is clicked on

2018-11-09 12:40:50 - [MESSAGE][PASSED] - Object: 'Object Repository/Final Object Repo/New Registration - Registration Module Pages/New Reg - OTC to RO/Special Case - OTC - Form 1/Registered with SSM - After Feb 2017' is clicked on

2018-11-09 12:40:50 - [TEST_STEP][PASSED] - delay: Delayed 2 second(s)

2018-11-09 12:40:52 - [MESSAGE][PASSED] - Delayed 2 second(s)

2018-11-09 12:40:52 - [TEST_STEP][PASSED] - click: Object: 'Object Repository/Final Object Repo/New Registration - Registration Module Pages/Form 1/Registered As a Branch - Yes' is clicked on

2018-11-09 12:40:52 - [MESSAGE][PASSED] - Object: 'Object Repository/Final Object Repo/New Registration - Registration Module Pages/Form 1/Registered As a Branch - Yes' is clicked on

2018-11-09 12:40:52 - [TEST_STEP][PASSED] - click: Object: 'Object Repository/Final Object Repo/New Registration - Registration Module Pages/New Reg - OTC to RO/Special Case - OTC - Form 1/Acknowledgement Ticked' is clicked on

2018-11-09 12:40:53 - [MESSAGE][PASSED] - Object: 'Object Repository/Final Object Repo/New Registration - Registration Module Pages/New Reg - OTC to RO/Special Case - OTC - Form 1/Acknowledgement Ticked' is clicked on

2018-11-09 12:40:53 - [TEST_STEP][PASSED] - setText: Text 'perkeso140576786049@gmail.com' is set on object 'Object Repository/Final Object Repo/New Registration - Registration Module Pages/Form 1/Email'

2018-11-09 12:40:53 - [MESSAGE][PASSED] - Text 'perkeso140576786049@gmail.com' is set on object 'Object Repository/Final Object Repo/New Registration - Registration Module Pages/Form 1/Email'

2018-11-09 12:40:53 - [TEST_STEP][PASSED] - click: Object: 'Object Repository/Final Object Repo/New Registration - Registration Module Pages/New Reg - OTC to RO/Special Case - OTC - Form 1/Submit Button' is clicked on

2018-11-09 12:40:53 - [MESSAGE][PASSED] - Object: 'Object Repository/Final Object Repo/New Registration - Registration Module Pages/New Reg - OTC to RO/Special Case - OTC - Form 1/Submit Button' is clicked on

2018-11-09 12:40:53 - [TEST_STEP][PASSED] - callTestCase: Call Test Case 'Test Cases/Final Aug 2018 - PKS Automation/Registration Module/New Registration/Form 2/Add 1 Eligible - Employer Account Use' successfully

2018-11-09 12:40:53 - [TEST_CASE][PASSED] - Test Cases/Final Aug 2018 - PKS Automation/Registration Module/New Registration/Form 2/Add 1 Eligible - Employer Account Use: Test Cases/Final Aug 2018 - PKS Automation/Registration Module/New Registration/Form 2/Add 1 Eligible - Employer Account Use

2018-11-09 12:40:53 - [TEST_STEP][PASSED] - delay: Delayed 2 second(s)

2018-11-09 12:40:55 - [MESSAGE][PASSED] - Delayed 2 second(s)

2018-11-09 12:40:55 - [TEST_STEP][PASSED] - callTestCase: Call Test Case 'Test Cases/Final Aug 2018 - PKS Automation/Registration Module/New Registration/Form 2/Date Updater' successfully

2018-11-09 12:40:55 - [TEST_CASE][PASSED] - Test Cases/Final Aug 2018 - PKS Automation/Registration Module/New Registration/Form 2/Date Updater: Test Cases/Final Aug 2018 - PKS Automation/Registration Module/New Registration/Form 2/Date Updater

2018-11-09 12:40:55 - [TEST_STEP][PASSED] - Statement - TodayDate = new java.util.Date(): null

2018-11-09 12:40:55 - [TEST_STEP][PASSED] - Statement - CurrentDateNoFilter = new java.text.SimpleDateFormat(): null

2018-11-09 12:40:55 - [TEST_STEP][PASSED] - Statement - CurrentDateNoFilter.applyPattern("dd"): null

2018-11-09 12:40:55 - [TEST_STEP][PASSED] - Statement - CurrentDate = CurrentDateNoFilter.format(TodayDate): null

2018-11-09 12:40:55 - [TEST_STEP][PASSED] - Statement - CurrentDate = java.lang.Integer.parseInt(CurrentDate): null

2018-11-09 12:40:55 - [TEST_STEP][PASSED] - Statement - CurrentDate = CurrentDate: null

2018-11-09 12:40:55 - [TEST_STEP][PASSED] - Statement - CurrentDay = java.lang.Integer.parseInt(CurrentDate): null

2018-11-09 12:40:55 - [TEST_STEP][PASSED] - Statement - aDayBefore = CurrentDay + 1: null

2018-11-09 12:40:55 - [TEST_STEP][PASSED] - Statement - DayBefore = aDayBefore.toString(): null

2018-11-09 12:40:55 - [TEST_STEP][PASSED] - Statement - OneDayBefore = DayBefore: null

2018-11-09 12:40:55 - [TEST_STEP][PASSED] - Statement - CurrentDateNoFilter.applyPattern("MM"): null

2018-11-09 12:40:55 - [TEST_STEP][PASSED] - Statement - monthContainerMatcher = java.lang.Integer.parseInt(CurrentDateNoFilter.format(TodayDate)): null

2018-11-09 12:40:55 - [TEST_STEP][PASSED] - Statement - monthContainerMatcher = monthContainerMatcher - 1: null

2018-11-09 12:40:55 - [TEST_STEP][PASSED] - Statement - CurrentMonth = monthContainerMatcher.toString(): null

2018-11-09 12:40:55 - [TEST_STEP][PASSED] - Statement - CurrentMonth = CurrentMonth: null

2018-11-09 12:40:55 - [TEST_STEP][PASSED] - Statement - CurrentDateNoFilter.applyPattern("yyyy"): null

2018-11-09 12:40:55 - [TEST_STEP][PASSED] - Statement - CurrentYear = CurrentDateNoFilter.format(TodayDate): null

2018-11-09 12:40:55 - [TEST_STEP][PASSED] - Statement - CurrentYear = CurrentYear: null

2018-11-09 12:40:55 - [TEST_STEP][PASSED] - Statement - intCurrentYear = java.lang.Integer.parseInt(CurrentDateNoFilter.format(TodayDate)): null

2018-11-09 12:40:55 - [TEST_STEP][PASSED] - Statement - eighteenYrsAgo = intCurrentYear - 18: null

2018-11-09 12:40:55 - [TEST_STEP][PASSED] - Statement - eighteenYrsBeforeThisYr = eighteenYrsAgo.toString(): null

2018-11-09 12:40:55 - [TEST_STEP][PASSED] - Statement - EighteenYrsBefore = eighteenYrsBeforeThisYr: null

2018-11-09 12:40:55 - [TEST_STEP][PASSED] - Statement - fiftysevenYrsAgo = intCurrentYear - 57: null

2018-11-09 12:40:55 - [TEST_STEP][PASSED] - Statement - fiftysevenYrsBeforeThisYr = fiftysevenYrsAgo.toString(): null

2018-11-09 12:40:55 - [TEST_STEP][PASSED] - Statement - FiftysevenYrsBefore = fiftysevenYrsBeforeThisYr: null

2018-11-09 12:40:55 - [MESSAGE][PASSED] - Call Test Case 'Test Cases/Final Aug 2018 - PKS Automation/Registration Module/New Registration/Form 2/Date Updater' successfully

2018-11-09 12:40:55 - [TEST_STEP][PASSED] - delay: Delayed 1 second(s)

2018-11-09 12:40:56 - [MESSAGE][PASSED] - Delayed 1 second(s)

2018-11-09 12:40:56 - [TEST_STEP][PASSED] - Statement - CaseReferenceNo = com.kms.katalon.core.webui.keyword.WebUiBuiltInKeywords.getText(com.kms.katalon.core.testobject.ObjectRepository.findTestObject(Final Object Repo/New Registration - Registration Module Pages/Form 2/RefNo Acquiring)): Text of object 'Object Repository/Final Object Repo/New Registration - Registration Module Pages/Form 2/RefNo Acquiring' is: 'CRN11201800122433'

2018-11-09 12:40:56 - [MESSAGE][PASSED] - Text of object 'Object Repository/Final Object Repo/New Registration - Registration Module Pages/Form 2/RefNo Acquiring' is: 'CRN11201800122433'

2018-11-09 12:40:56 - [TEST_STEP][PASSED] - delay: Delayed 1 second(s)

2018-11-09 12:40:57 - [MESSAGE][PASSED] - Delayed 1 second(s)

2018-11-09 12:40:57 - [TEST_STEP][PASSED] - click: Object: 'Object Repository/Final Object Repo/New Registration - Registration Module Pages/Form 2/Add Employee Button' is clicked on

2018-11-09 12:40:58 - [MESSAGE][PASSED] - Object: 'Object Repository/Final Object Repo/New Registration - Registration Module Pages/Form 2/Add Employee Button' is clicked on

2018-11-09 12:40:58 - [TEST_STEP][PASSED] - delay: Delayed 1 second(s)

2018-11-09 12:40:59 - [MESSAGE][PASSED] - Delayed 1 second(s)

2018-11-09 12:40:59 - [TEST_STEP][PASSED] - setText: Text '010903091948' is set on object 'Object Repository/Final Object Repo/New Registration - Registration Module Pages/Form 2/NRIC Input'

2018-11-09 12:40:59 - [MESSAGE][PASSED] - Text '010903091948' is set on object 'Object Repository/Final Object Repo/New Registration - Registration Module Pages/Form 2/NRIC Input'

2018-11-09 12:40:59 - [TEST_STEP][PASSED] - delay: Delayed 2 second(s)

2018-11-09 12:41:01 - [MESSAGE][PASSED] - Delayed 2 second(s)

2018-11-09 12:41:01 - [TEST_STEP][PASSED] - setText: Text 'Automate001 eligible 1' is set on object 'Object Repository/Final Object Repo/New Registration - Registration Module Pages/Form 2/Employee Name Input'

2018-11-09 12:41:01 - [MESSAGE][PASSED] - Text 'Automate001 eligible 1' is set on object 'Object Repository/Final Object Repo/New Registration - Registration Module Pages/Form 2/Employee Name Input'

2018-11-09 12:41:01 - [TEST_STEP][PASSED] - delay: Delayed 2 second(s)

2018-11-09 12:41:03 - [MESSAGE][PASSED] - Delayed 2 second(s)

2018-11-09 12:41:03 - [TEST_STEP][PASSED] - click: Object: 'Object Repository/Final Object Repo/New Registration - Registration Module Pages/Form 2/DatePicker Pop Up' is clicked on

2018-11-09 12:41:04 - [MESSAGE][PASSED] - Object: 'Object Repository/Final Object Repo/New Registration - Registration Module Pages/Form 2/DatePicker Pop Up' is clicked on

2018-11-09 12:41:04 - [TEST_STEP][PASSED] - click: Object: 'Object Repository/Final Object Repo/New Registration - Registration Module Pages/Form 2/DOB Month' is clicked on

2018-11-09 12:41:04 - [MESSAGE][PASSED] - Object: 'Object Repository/Final Object Repo/New Registration - Registration Module Pages/Form 2/DOB Month' is clicked on

2018-11-09 12:41:04 - [TEST_STEP][PASSED] - Statement - CurrentMonth = CurrentMonth: null

2018-11-09 12:41:04 - [TEST_STEP][PASSED] - Statement - selectMonth = new com.kms.katalon.core.testobject.TestObject(): null

2018-11-09 12:41:04 - [TEST_STEP][PASSED] - Statement - selectMonth.addProperty("xpath", EQUALS, "//body/div/div/div/select/option[@value='" + CurrentMonth + "']", true): null

2018-11-09 12:41:04 - [TEST_STEP][PASSED] - click: Object: '' is clicked on

2018-11-09 12:41:04 - [MESSAGE][PASSED] - Object: '' is clicked on

2018-11-09 12:41:04 - [TEST_STEP][PASSED] - click: Object: 'Object Repository/Final Object Repo/New Registration - Registration Module Pages/Form 2/DOB Year' is clicked on

2018-11-09 12:41:05 - [MESSAGE][PASSED] - Object: 'Object Repository/Final Object Repo/New Registration - Registration Module Pages/Form 2/DOB Year' is clicked on

2018-11-09 12:41:05 - [TEST_STEP][PASSED] - Statement - Eyearsbf = EighteenYrsBefore: null

2018-11-09 12:41:05 - [TEST_STEP][PASSED] - Statement - selectYear = new com.kms.katalon.core.testobject.TestObject(): null

2018-11-09 12:41:05 - [TEST_STEP][PASSED] - Statement - selectYear.addProperty("xpath", EQUALS, "//div/div/div/select/option[@value='" + Eyearsbf + "']", true): null

2018-11-09 12:41:05 - [TEST_STEP][PASSED] - click: Object: '' is clicked on

2018-11-09 12:41:05 - [MESSAGE][PASSED] - Object: '' is clicked on

2018-11-09 12:41:05 - [TEST_STEP][PASSED] - Statement - UpdatedSelectDate = com.kms.katalon.core.webui.keyword.WebUiBuiltInKeywords.modifyObjectProperty(com.kms.katalon.core.testobject.ObjectRepository.findTestObject(Final Object Repo/New Registration - Registration Module Pages/Form 2/DOB Date), "xpath", "equals", "//body/div/table/tbody/tr/td/a[text()="" + CurrentDate + ""]", true): Modify property of object successfully

2018-11-09 12:41:05 - [MESSAGE][PASSED] - Modify property of object successfully

2018-11-09 12:41:05 - [TEST_STEP][PASSED] - delay: Delayed 3 second(s)

2018-11-09 12:41:08 - [MESSAGE][PASSED] - Delayed 3 second(s)

2018-11-09 12:41:08 - [TEST_STEP][PASSED] - click: Object: 'Object Repository/Final Object Repo/New Registration - Registration Module Pages/Form 2/DOB Date' is clicked on

2018-11-09 12:41:08 - [MESSAGE][PASSED] - Object: 'Object Repository/Final Object Repo/New Registration - Registration Module Pages/Form 2/DOB Date' is clicked on

2018-11-09 12:41:08 - [TEST_STEP][PASSED] - delay: Delayed 2 second(s)

2018-11-09 12:41:10 - [MESSAGE][PASSED] - Delayed 2 second(s)

2018-11-09 12:41:10 - [TEST_STEP][PASSED] - click: Object: 'Object Repository/Final Object Repo/New Registration - Registration Module Pages/Form 2/EmploymentStartDate Pop Up' is clicked on

2018-11-09 12:41:11 - [MESSAGE][PASSED] - Object: 'Object Repository/Final Object Repo/New Registration - Registration Module Pages/Form 2/EmploymentStartDate Pop Up' is clicked on

2018-11-09 12:41:11 - [TEST_STEP][PASSED] - delay: Delayed 2 second(s)

2018-11-09 12:41:13 - [MESSAGE][PASSED] - Delayed 2 second(s)

2018-11-09 12:41:13 - [TEST_STEP][PASSED] - click: Object: 'Object Repository/Final Object Repo/New Registration - Registration Module Pages/Form 2/Socso Employment StartDate Month' is clicked on

2018-11-09 12:41:13 - [MESSAGE][PASSED] - Object: 'Object Repository/Final Object Repo/New Registration - Registration Module Pages/Form 2/Socso Employment StartDate Month' is clicked on

2018-11-09 12:41:13 - [TEST_STEP][PASSED] - delay: Delayed 1 second(s)

2018-11-09 12:41:14 - [MESSAGE][PASSED] - Delayed 1 second(s)

2018-11-09 12:41:14 - [TEST_STEP][PASSED] - click: Object: 'Object Repository/Final Object Repo/New Registration - Registration Module Pages/Form 2/Select Socso Employement Startdate Month' is clicked on

2018-11-09 12:41:15 - [MESSAGE][PASSED] - Object: 'Object Repository/Final Object Repo/New Registration - Registration Module Pages/Form 2/Select Socso Employement Startdate Month' is clicked on

2018-11-09 12:41:15 - [TEST_STEP][PASSED] - delay: Delayed 2 second(s)

2018-11-09 12:41:17 - [MESSAGE][PASSED] - Delayed 2 second(s)

2018-11-09 12:41:17 - [TEST_STEP][PASSED] - click: Object: 'Object Repository/Final Object Repo/New Registration - Registration Module Pages/Form 2/Socso Employment StartDate Year' is clicked on

2018-11-09 12:41:17 - [MESSAGE][PASSED] - Object: 'Object Repository/Final Object Repo/New Registration - Registration Module Pages/Form 2/Socso Employment StartDate Year' is clicked on

2018-11-09 12:41:17 - [TEST_STEP][PASSED] - delay: Delayed 1 second(s)

2018-11-09 12:41:18 - [MESSAGE][PASSED] - Delayed 1 second(s)

2018-11-09 12:41:18 - [TEST_STEP][PASSED] - click: Object: 'Object Repository/Final Object Repo/New Registration - Registration Module Pages/Form 2/Select Socso Employment Startdate Year' is clicked on

2018-11-09 12:41:18 - [MESSAGE][PASSED] - Object: 'Object Repository/Final Object Repo/New Registration - Registration Module Pages/Form 2/Select Socso Employment Startdate Year' is clicked on

2018-11-09 12:41:18 - [TEST_STEP][PASSED] - delay: Delayed 2 second(s)

2018-11-09 12:41:20 - [MESSAGE][PASSED] - Delayed 2 second(s)

2018-11-09 12:41:20 - [TEST_STEP][PASSED] - click: Object: 'Object Repository/Final Object Repo/New Registration - Registration Module Pages/Form 2/Socso Employment Start Date Day' is clicked on

2018-11-09 12:41:21 - [MESSAGE][PASSED] - Object: 'Object Repository/Final Object Repo/New Registration - Registration Module Pages/Form 2/Socso Employment Start Date Day' is clicked on

2018-11-09 12:41:21 - [TEST_STEP][PASSED] - delay: Delayed 2 second(s)

2018-11-09 12:41:23 - [MESSAGE][PASSED] - Delayed 2 second(s)

2018-11-09 12:41:23 - [TEST_STEP][PASSED] - click: Object: 'Object Repository/Final Object Repo/New Registration - Registration Module Pages/Form 2/Save Button for Add Employee' is clicked on

2018-11-09 12:41:24 - [MESSAGE][PASSED] - Object: 'Object Repository/Final Object Repo/New Registration - Registration Module Pages/Form 2/Save Button for Add Employee' is clicked on

2018-11-09 12:41:24 - [TEST_STEP][PASSED] - delay: Delayed 6 second(s)

2018-11-09 12:41:30 - [MESSAGE][PASSED] - Delayed 6 second(s)

2018-11-09 12:41:30 - [TEST_STEP][PASSED] - click: Object: 'Object Repository/Final Object Repo/New Registration - Registration Module Pages/Form 2/Save and Continue Form 2' is clicked on

2018-11-09 12:41:32 - [MESSAGE][PASSED] - Object: 'Object Repository/Final Object Repo/New Registration - Registration Module Pages/Form 2/Save and Continue Form 2' is clicked on

2018-11-09 12:41:32 - [MESSAGE][PASSED] - Call Test Case 'Test Cases/Final Aug 2018 - PKS Automation/Registration Module/New Registration/Form 2/Add 1 Eligible - Employer Account Use' successfully

2018-11-09 12:41:32 - [TEST_STEP][PASSED] - callTestCase: Call Test Case 'Test Cases/Final Aug 2018 - PKS Automation/Registration Module/New Registration/Flow of New Registration/Third Screen - Upload Supporting Doc - Preview' successfully

2018-11-09 12:41:32 - [TEST_CASE][PASSED] - Test Cases/Final Aug 2018 - PKS Automation/Registration Module/New Registration/Flow of New Registration/Third Screen - Upload Supporting Doc - Preview: Test Cases/Final Aug 2018 - PKS Automation/Registration Module/New Registration/Flow of New Registration/Third Screen - Upload Supporting Doc - Preview

2018-11-09 12:41:32 - [TEST_STEP][PASSED] - waitForPageLoad: Wait for page load successfully

2018-11-09 12:41:32 - [MESSAGE][PASSED] - Wait for page load successfully

2018-11-09 12:41:32 - [TEST_STEP][PASSED] - Statement - CaseReferenceNo = com.kms.katalon.core.webui.keyword.WebUiBuiltInKeywords.getText(com.kms.katalon.core.testobject.ObjectRepository.findTestObject(Final Object Repo/New Registration - Registration Module Pages/Third Screen - Upload Supporting Doc- Preview/RefNo Acquiring)): Text of object 'Object Repository/Final Object Repo/New Registration - Registration Module Pages/Third Screen - Upload Supporting Doc- Preview/RefNo Acquiring' is: 'CRN11201800122433'

2018-11-09 12:41:32 - [MESSAGE][PASSED] - Text of object 'Object Repository/Final Object Repo/New Registration - Registration Module Pages/Third Screen - Upload Supporting Doc- Preview/RefNo Acquiring' is: 'CRN11201800122433'

2018-11-09 12:41:32 - [TEST_STEP][PASSED] - delay: Delayed 2 second(s)

2018-11-09 12:41:34 - [MESSAGE][PASSED] - Delayed 2 second(s)

2018-11-09 12:41:34 - [TEST_STEP][PASSED] - callTestCase: Call Test Case 'Test Cases/Final Aug 2018 - PKS Automation/Common/Reference Number Setter' successfully

2018-11-09 12:41:34 - [TEST_CASE][PASSED] - Test Cases/Final Aug 2018 - PKS Automation/Common/Reference Number Setter: Test Cases/Final Aug 2018 - PKS Automation/Common/Reference Number Setter

2018-11-09 12:41:34 - [TEST_STEP][PASSED] - Statement - RefNoOldFile = new java.io.File(C://KatalonReference.txt): null

2018-11-09 12:41:34 - [TEST_STEP][PASSED] - Statement - RefNoOldFile.delete(): null

2018-11-09 12:41:34 - [TEST_STEP][PASSED] - Statement - RefNo = new java.io.File(C://KatalonReference.txt): null

2018-11-09 12:41:34 - [TEST_STEP][PASSED] - Statement - RefNo.append(CaseReferenceNo): null

2018-11-09 12:41:34 - [TEST_STEP][PASSED] - Statement - out.println("


" + CaseReferenceNo + "


"): null

2018-11-09 12:41:34 - [MESSAGE][PASSED] - Call Test Case 'Test Cases/Final Aug 2018 - PKS Automation/Common/Reference Number Setter' successfully

2018-11-09 12:41:34 - [TEST_STEP][PASSED] - waitForElementClickable: Object 'Object Repository/Final Object Repo/New Registration - Registration Module Pages/Third Screen - Upload Supporting Doc- Preview/Save n Continue in SIP Employee Listing Page' is clickable

2018-11-09 12:41:35 - [MESSAGE][PASSED] - Object 'Object Repository/Final Object Repo/New Registration - Registration Module Pages/Third Screen - Upload Supporting Doc- Preview/Save n Continue in SIP Employee Listing Page' is clickable

2018-11-09 12:41:35 - [TEST_STEP][PASSED] - click: Object: 'Object Repository/Final Object Repo/New Registration - Registration Module Pages/Third Screen - Upload Supporting Doc- Preview/Save n Continue in SIP Employee Listing Page' is clicked on

2018-11-09 12:41:40 - [MESSAGE][PASSED] - Object: 'Object Repository/Final Object Repo/New Registration - Registration Module Pages/Third Screen - Upload Supporting Doc- Preview/Save n Continue in SIP Employee Listing Page' is clicked on

2018-11-09 12:41:40 - [TEST_STEP][PASSED] - delay: Delayed 6 second(s)

2018-11-09 12:41:46 - [MESSAGE][PASSED] - Delayed 6 second(s)

2018-11-09 12:41:46 - [TEST_STEP][PASSED] - click: Object: 'Object Repository/Final Object Repo/New Registration - Registration Module Pages/Third Screen - Upload Supporting Doc- Preview/Add Document Button' is clicked on

2018-11-09 12:41:47 - [MESSAGE][PASSED] - Object: 'Object Repository/Final Object Repo/New Registration - Registration Module Pages/Third Screen - Upload Supporting Doc- Preview/Add Document Button' is clicked on

2018-11-09 12:41:47 - [TEST_STEP][PASSED] - delay: Delayed 30 second(s)

2018-11-09 12:42:17 - [MESSAGE][PASSED] - Delayed 30 second(s)

2018-11-09 12:42:17 - [TEST_STEP][PASSED] - click: Object: 'Object Repository/Final Object Repo/New Registration - Registration Module Pages/Third Screen - Upload Supporting Doc- Preview/Supporting Doc Please Select Drop Down' is clicked on

2018-11-09 12:42:17 - [MESSAGE][PASSED] - Object: 'Object Repository/Final Object Repo/New Registration - Registration Module Pages/Third Screen - Upload Supporting Doc- Preview/Supporting Doc Please Select Drop Down' is clicked on

2018-11-09 12:42:17 - [TEST_STEP][PASSED] - delay: Delayed 2 second(s)

2018-11-09 12:42:19 - [MESSAGE][PASSED] - Delayed 2 second(s)

2018-11-09 12:42:19 - [TEST_STEP][PASSED] - click: Object: 'Object Repository/Final Object Repo/New Registration - Registration Module Pages/Third Screen - Upload Supporting Doc- Preview/Select to Upload Form 1' is clicked on

2018-11-09 12:42:20 - [MESSAGE][PASSED] - Object: 'Object Repository/Final Object Repo/New Registration - Registration Module Pages/Third Screen - Upload Supporting Doc- Preview/Select to Upload Form 1' is clicked on

2018-11-09 12:42:20 - [TEST_STEP][PASSED] - delay: Delayed 2 second(s)

2018-11-09 12:42:22 - [MESSAGE][PASSED] - Delayed 2 second(s)

2018-11-09 12:42:22 - [TEST_STEP][PASSED] - uploadFile: File 'C:\Users\Public\Pictures\Sample Pictures\Act.jpg' sent to object: 'Object Repository/Final Object Repo/New Registration - Registration Module Pages/Third Screen - Upload Supporting Doc- Preview/Upload File Adding'

2018-11-09 12:42:22 - [MESSAGE][PASSED] - File 'C:\Users\Public\Pictures\Sample Pictures\Act.jpg' sent to object: 'Object Repository/Final Object Repo/New Registration - Registration Module Pages/Third Screen - Upload Supporting Doc- Preview/Upload File Adding'

2018-11-09 12:42:22 - [TEST_STEP][PASSED] - delay: Delayed 5 second(s)

2018-11-09 12:42:27 - [MESSAGE][PASSED] - Delayed 5 second(s)

2018-11-09 12:42:27 - [TEST_STEP][PASSED] - click: Object: 'Object Repository/Final Object Repo/New Registration - Registration Module Pages/Third Screen - Upload Supporting Doc- Preview/Inner Form Add Document Button' is clicked on

2018-11-09 12:42:32 - [MESSAGE][PASSED] - Object: 'Object Repository/Final Object Repo/New Registration - Registration Module Pages/Third Screen - Upload Supporting Doc- Preview/Inner Form Add Document Button' is clicked on

2018-11-09 12:42:32 - [TEST_STEP][PASSED] - delay: Delayed 3 second(s)

2018-11-09 12:42:35 - [MESSAGE][PASSED] - Delayed 3 second(s)

2018-11-09 12:42:35 - [TEST_STEP][PASSED] - click: Object: 'Object Repository/Final Object Repo/New Registration - Registration Module Pages/Third Screen - Upload Supporting Doc- Preview/Add Document Button' is clicked on

2018-11-09 12:42:36 - [MESSAGE][PASSED] - Object: 'Object Repository/Final Object Repo/New Registration - Registration Module Pages/Third Screen - Upload Supporting Doc- Preview/Add Document Button' is clicked on

2018-11-09 12:42:36 - [TEST_STEP][PASSED] - delay: Delayed 30 second(s)

2018-11-09 12:43:06 - [MESSAGE][PASSED] - Delayed 30 second(s)

2018-11-09 12:43:06 - [TEST_STEP][PASSED] - click: Object: 'Object Repository/Final Object Repo/New Registration - Registration Module Pages/Third Screen - Upload Supporting Doc- Preview/Supporting Doc Please Select Drop Down' is clicked on

2018-11-09 12:43:06 - [MESSAGE][PASSED] - Object: 'Object Repository/Final Object Repo/New Registration - Registration Module Pages/Third Screen - Upload Supporting Doc- Preview/Supporting Doc Please Select Drop Down' is clicked on

2018-11-09 12:43:06 - [TEST_STEP][PASSED] - delay: Delayed 2 second(s)

2018-11-09 12:43:08 - [MESSAGE][PASSED] - Delayed 2 second(s)

2018-11-09 12:43:08 - [TEST_STEP][PASSED] - click: Object: 'Object Repository/Final Object Repo/New Registration - Registration Module Pages/Third Screen - Upload Supporting Doc- Preview/Select to Upload Form 2' is clicked on

2018-11-09 12:43:09 - [MESSAGE][PASSED] - Object: 'Object Repository/Final Object Repo/New Registration - Registration Module Pages/Third Screen - Upload Supporting Doc- Preview/Select to Upload Form 2' is clicked on

2018-11-09 12:43:09 - [TEST_STEP][PASSED] - delay: Delayed 2 second(s)

2018-11-09 12:43:11 - [MESSAGE][PASSED] - Delayed 2 second(s)

2018-11-09 12:43:11 - [TEST_STEP][PASSED] - uploadFile: File 'C:\Users\Public\Pictures\Sample Pictures\Act.jpg' sent to object: 'Object Repository/Final Object Repo/New Registration - Registration Module Pages/Third Screen - Upload Supporting Doc- Preview/Upload File Adding'

2018-11-09 12:43:11 - [MESSAGE][PASSED] - File 'C:\Users\Public\Pictures\Sample Pictures\Act.jpg' sent to object: 'Object Repository/Final Object Repo/New Registration - Registration Module Pages/Third Screen - Upload Supporting Doc- Preview/Upload File Adding'

2018-11-09 12:43:11 - [TEST_STEP][PASSED] - click: Object: 'Object Repository/Final Object Repo/New Registration - Registration Module Pages/Third Screen - Upload Supporting Doc- Preview/Inner Form Add Document Button' is clicked on

2018-11-09 12:43:16 - [MESSAGE][PASSED] - Object: 'Object Repository/Final Object Repo/New Registration - Registration Module Pages/Third Screen - Upload Supporting Doc- Preview/Inner Form Add Document Button' is clicked on

2018-11-09 12:43:16 - [TEST_STEP][PASSED] - delay: Delayed 4 second(s)

2018-11-09 12:43:20 - [MESSAGE][PASSED] - Delayed 4 second(s)

2018-11-09 12:43:20 - [TEST_STEP][PASSED] - click: Object: 'Object Repository/Final Object Repo/New Registration - Registration Module Pages/Third Screen - Upload Supporting Doc- Preview/Add Document Button' is clicked on

2018-11-09 12:43:21 - [MESSAGE][PASSED] - Object: 'Object Repository/Final Object Repo/New Registration - Registration Module Pages/Third Screen - Upload Supporting Doc- Preview/Add Document Button' is clicked on

2018-11-09 12:43:21 - [TEST_STEP][PASSED] - delay: Delayed 30 second(s)

2018-11-09 12:43:51 - [MESSAGE][PASSED] - Delayed 30 second(s)

2018-11-09 12:43:51 - [TEST_STEP][PASSED] - click: Object: 'Object Repository/Final Object Repo/New Registration - Registration Module Pages/Third Screen - Upload Supporting Doc- Preview/Supporting Doc Please Select Drop Down' is clicked on

2018-11-09 12:43:51 - [MESSAGE][PASSED] - Object: 'Object Repository/Final Object Repo/New Registration - Registration Module Pages/Third Screen - Upload Supporting Doc- Preview/Supporting Doc Please Select Drop Down' is clicked on

2018-11-09 12:43:51 - [TEST_STEP][PASSED] - click: Object: 'Object Repository/Final Object Repo/New Registration - Registration Module Pages/Third Screen - Upload Supporting Doc- Preview/Select to Upload Borang SIP 1' is clicked on

2018-11-09 12:43:52 - [MESSAGE][PASSED] - Object: 'Object Repository/Final Object Repo/New Registration - Registration Module Pages/Third Screen - Upload Supporting Doc- Preview/Select to Upload Borang SIP 1' is clicked on

2018-11-09 12:43:52 - [TEST_STEP][PASSED] - delay: Delayed 2 second(s)

2018-11-09 12:43:54 - [MESSAGE][PASSED] - Delayed 2 second(s)

2018-11-09 12:43:54 - [TEST_STEP][PASSED] - uploadFile: File 'C:\Users\Public\Pictures\Sample Pictures\Act.jpg' sent to object: 'Object Repository/Final Object Repo/New Registration - Registration Module Pages/Third Screen - Upload Supporting Doc- Preview/Upload File Adding'

2018-11-09 12:43:54 - [MESSAGE][PASSED] - File 'C:\Users\Public\Pictures\Sample Pictures\Act.jpg' sent to object: 'Object Repository/Final Object Repo/New Registration - Registration Module Pages/Third Screen - Upload Supporting Doc- Preview/Upload File Adding'

2018-11-09 12:43:54 - [TEST_STEP][PASSED] - click: Object: 'Object Repository/Final Object Repo/New Registration - Registration Module Pages/Third Screen - Upload Supporting Doc- Preview/Inner Form Add Document Button' is clicked on

2018-11-09 12:43:59 - [MESSAGE][PASSED] - Object: 'Object Repository/Final Object Repo/New Registration - Registration Module Pages/Third Screen - Upload Supporting Doc- Preview/Inner Form Add Document Button' is clicked on

2018-11-09 12:43:59 - [TEST_STEP][PASSED] - delay: Delayed 5 second(s)

2018-11-09 12:44:04 - [MESSAGE][PASSED] - Delayed 5 second(s)

2018-11-09 12:44:04 - [TEST_STEP][PASSED] - click: Object: 'Object Repository/Final Object Repo/New Registration - Registration Module Pages/Third Screen - Upload Supporting Doc- Preview/Add Document Button' is clicked on

2018-11-09 12:44:05 - [MESSAGE][PASSED] - Object: 'Object Repository/Final Object Repo/New Registration - Registration Module Pages/Third Screen - Upload Supporting Doc- Preview/Add Document Button' is clicked on

2018-11-09 12:44:05 - [TEST_STEP][PASSED] - delay: Delayed 30 second(s)

2018-11-09 12:44:35 - [MESSAGE][PASSED] - Delayed 30 second(s)

2018-11-09 12:44:35 - [TEST_STEP][PASSED] - click: Object: 'Object Repository/Final Object Repo/New Registration - Registration Module Pages/Third Screen - Upload Supporting Doc- Preview/Supporting Doc Please Select Drop Down' is clicked on

2018-11-09 12:44:35 - [MESSAGE][PASSED] - Object: 'Object Repository/Final Object Repo/New Registration - Registration Module Pages/Third Screen - Upload Supporting Doc- Preview/Supporting Doc Please Select Drop Down' is clicked on

2018-11-09 12:44:35 - [TEST_STEP][PASSED] - delay: Delayed 3 second(s)

2018-11-09 12:44:38 - [MESSAGE][PASSED] - Delayed 3 second(s)

2018-11-09 12:44:38 - [TEST_STEP][PASSED] - click: Object: 'Object Repository/Final Object Repo/New Registration - Registration Module Pages/Third Screen - Upload Supporting Doc- Preview/Select to Upload Borang SIP 2' is clicked on

2018-11-09 12:44:39 - [MESSAGE][PASSED] - Object: 'Object Repository/Final Object Repo/New Registration - Registration Module Pages/Third Screen - Upload Supporting Doc- Preview/Select to Upload Borang SIP 2' is clicked on

2018-11-09 12:44:39 - [TEST_STEP][PASSED] - delay: Delayed 2 second(s)

2018-11-09 12:44:41 - [MESSAGE][PASSED] - Delayed 2 second(s)

2018-11-09 12:44:41 - [TEST_STEP][PASSED] - uploadFile: File 'C:\Users\Public\Pictures\Sample Pictures\Act.jpg' sent to object: 'Object Repository/Final Object Repo/New Registration - Registration Module Pages/Third Screen - Upload Supporting Doc- Preview/Upload File Adding'

2018-11-09 12:44:41 - [MESSAGE][PASSED] - File 'C:\Users\Public\Pictures\Sample Pictures\Act.jpg' sent to object: 'Object Repository/Final Object Repo/New Registration - Registration Module Pages/Third Screen - Upload Supporting Doc- Preview/Upload File Adding'

2018-11-09 12:44:41 - [TEST_STEP][PASSED] - delay: Delayed 5 second(s)

2018-11-09 12:44:46 - [MESSAGE][PASSED] - Delayed 5 second(s)

2018-11-09 12:44:46 - [TEST_STEP][PASSED] - click: Object: 'Object Repository/Final Object Repo/New Registration - Registration Module Pages/Third Screen - Upload Supporting Doc- Preview/Inner Form Add Document Button' is clicked on

2018-11-09 12:44:51 - [MESSAGE][PASSED] - Object: 'Object Repository/Final Object Repo/New Registration - Registration Module Pages/Third Screen - Upload Supporting Doc- Preview/Inner Form Add Document Button' is clicked on

2018-11-09 12:44:51 - [TEST_STEP][PASSED] - delay: Delayed 3 second(s)

2018-11-09 12:44:54 - [MESSAGE][PASSED] - Delayed 3 second(s)

2018-11-09 12:44:54 - [TEST_STEP][PASSED] - waitForElementClickable: Object 'Object Repository/Final Object Repo/New Registration - Registration Module Pages/Third Screen - Upload Supporting Doc- Preview/Save n Continue in Uploading Supporting Doc Page' is clickable

2018-11-09 12:44:54 - [MESSAGE][PASSED] - Object 'Object Repository/Final Object Repo/New Registration - Registration Module Pages/Third Screen - Upload Supporting Doc- Preview/Save n Continue in Uploading Supporting Doc Page' is clickable

2018-11-09 12:44:54 - [TEST_STEP][PASSED] - click: Object: 'Object Repository/Final Object Repo/New Registration - Registration Module Pages/Third Screen - Upload Supporting Doc- Preview/Save n Continue in Uploading Supporting Doc Page' is clicked on

2018-11-09 12:44:59 - [MESSAGE][PASSED] - Object: 'Object Repository/Final Object Repo/New Registration - Registration Module Pages/Third Screen - Upload Supporting Doc- Preview/Save n Continue in Uploading Supporting Doc Page' is clicked on

2018-11-09 12:44:59 - [MESSAGE][PASSED] - Call Test Case 'Test Cases/Final Aug 2018 - PKS Automation/Registration Module/New Registration/Flow of New Registration/Third Screen - Upload Supporting Doc - Preview' successfully

2018-11-09 12:44:59 - [TEST_STEP][PASSED] - setText: Text 'Tester' is set on object 'Object Repository/Final Object Repo/New Registration - Registration Module Pages/New Reg - OTC to RO/Special Case - All Related Objects/Employer Preview Name'

2018-11-09 12:45:00 - [MESSAGE][PASSED] - Text 'Tester' is set on object 'Object Repository/Final Object Repo/New Registration - Registration Module Pages/New Reg - OTC to RO/Special Case - All Related Objects/Employer Preview Name'

2018-11-09 12:45:00 - [TEST_STEP][PASSED] - click: Object: 'Object Repository/Final Object Repo/New Registration - Registration Module Pages/New Reg - OTC to RO/Special Case - All Related Objects/IC Type Drop Down' is clicked on

2018-11-09 12:45:00 - [MESSAGE][PASSED] - Object: 'Object Repository/Final Object Repo/New Registration - Registration Module Pages/New Reg - OTC to RO/Special Case - All Related Objects/IC Type Drop Down' is clicked on

2018-11-09 12:45:00 - [TEST_STEP][PASSED] - click: Object: 'Object Repository/Final Object Repo/New Registration - Registration Module Pages/New Reg - OTC to RO/Special Case - All Related Objects/Select to NRIC' is clicked on

2018-11-09 12:45:01 - [MESSAGE][PASSED] - Object: 'Object Repository/Final Object Repo/New Registration - Registration Module Pages/New Reg - OTC to RO/Special Case - All Related Objects/Select to NRIC' is clicked on

2018-11-09 12:45:01 - [TEST_STEP][PASSED] - setText: Text '133245561223' is set on object 'Object Repository/Final Object Repo/New Registration - Registration Module Pages/New Reg - OTC to RO/Special Case - All Related Objects/IC Value'

2018-11-09 12:45:01 - [MESSAGE][PASSED] - Text '133245561223' is set on object 'Object Repository/Final Object Repo/New Registration - Registration Module Pages/New Reg - OTC to RO/Special Case - All Related Objects/IC Value'

2018-11-09 12:45:01 - [TEST_STEP][PASSED] - setText: Text 'Auto' is set on object 'Object Repository/Final Object Repo/New Registration - Registration Module Pages/New Reg - OTC to RO/Special Case - All Related Objects/Designation'

2018-11-09 12:45:01 - [MESSAGE][PASSED] - Text 'Auto' is set on object 'Object Repository/Final Object Repo/New Registration - Registration Module Pages/New Reg - OTC to RO/Special Case - All Related Objects/Designation'

2018-11-09 12:45:01 - [TEST_STEP][PASSED] - callTestCase: Call Test Case 'Test Cases/Final Aug 2018 - PKS Automation/Registration Module/New Registration/Submit and Screenshot/Submit Registration and Screenshot - Copy' successfully

2018-11-09 12:45:01 - [TEST_CASE][PASSED] - Test Cases/Final Aug 2018 - PKS Automation/Registration Module/New Registration/Submit and Screenshot/Submit Registration and Screenshot - Copy: Test Cases/Final Aug 2018 - PKS Automation/Registration Module/New Registration/Submit and Screenshot/Submit Registration and Screenshot - Copy

2018-11-09 12:45:01 - [TEST_STEP][PASSED] - delay: Delayed 6 second(s)

2018-11-09 12:45:07 - [MESSAGE][PASSED] - Delayed 6 second(s)

2018-11-09 12:45:07 - [TEST_STEP][PASSED] - click: Object: 'Object Repository/Final Object Repo/New Registration - Registration Module Pages/Third Screen - Upload Supporting Doc- Preview/Preview Submit Button' is clicked on

2018-11-09 12:45:07 - [MESSAGE][PASSED] - Object: 'Object Repository/Final Object Repo/New Registration - Registration Module Pages/Third Screen - Upload Supporting Doc- Preview/Preview Submit Button' is clicked on

2018-11-09 12:45:07 - [TEST_STEP][PASSED] - delay: Delayed 2 second(s)

2018-11-09 12:45:09 - [MESSAGE][PASSED] - Delayed 2 second(s)

2018-11-09 12:45:09 - [TEST_STEP][PASSED] - click: Object: 'Object Repository/Final Object Repo/New Registration - Registration Module Pages/Third Screen - Upload Supporting Doc- Preview/Preview Submit - Confirm' is clicked on

2018-11-09 12:45:15 - [MESSAGE][PASSED] - Object: 'Object Repository/Final Object Repo/New Registration - Registration Module Pages/Third Screen - Upload Supporting Doc- Preview/Preview Submit - Confirm' is clicked on

2018-11-09 12:45:15 - [TEST_STEP][PASSED] - delay: Delayed 15 second(s)

2018-11-09 12:45:30 - [MESSAGE][PASSED] - Delayed 15 second(s)

2018-11-09 12:45:30 - [TEST_STEP][PASSED] - Statement - driver = com.kms.katalon.core.webui.driver.DriverFactory.getWebDriver(): null

2018-11-09 12:45:30 - [TEST_STEP][PASSED] - Statement - driver.manage().timeouts().implicitlyWait(10, SECONDS): null

2018-11-09 12:45:30 - [TEST_STEP][PASSED] - Statement - PresavePath = KatalonScreenshots: null

2018-11-09 12:45:30 - [TEST_STEP][PASSED] - Statement - pathPrefix = "C:\Users\Public\Pictures\Sample Pictures\Katalon Screenshots\Automate Ending Screen": null

2018-11-09 12:45:30 - [TEST_STEP][PASSED] - Statement - finalPath = <not implemented yet for class: org.codehaus.groovy.ast.expr.EmptyExpression>: null

2018-11-09 12:45:30 - [TEST_STEP][PASSED] - Statement - scrFile = driver.getScreenshotAs(FILE): null

2018-11-09 12:45:30 - [TEST_STEP][PASSED] - Statement - PreSaveFile = new java.io.File(PresavePath): null

2018-11-09 12:45:30 - [TEST_STEP][PASSED] - Statement - counter = 0: null

2018-11-09 12:45:30 - [TEST_STEP][PASSED] - Statement - If (PreSaveFile.exists()): null

2018-11-09 12:45:30 - [TEST_STEP][PASSED] - Statement - While (PreSaveFile.exists()): null

2018-11-09 12:45:30 - [TEST_STEP][PASSED] - Statement - counter = counter + 1: null

2018-11-09 12:45:30 - [TEST_STEP][PASSED] - Statement - PreSaveFile = new java.io.File(((pathPrefix + java.lang.Integer.toString(counter)) + .png)): null

2018-11-09 12:45:30 - [TEST_STEP][PASSED] - Statement - counter = counter + 1: null

2018-11-09 12:45:30 - [TEST_STEP][PASSED] - Statement - PreSaveFile = new java.io.File(((pathPrefix + java.lang.Integer.toString(counter)) + .png)): null

2018-11-09 12:45:30 - [TEST_STEP][PASSED] - Statement - counter = counter + 1: null

2018-11-09 12:45:30 - [TEST_STEP][PASSED] - Statement - PreSaveFile = new java.io.File(((pathPrefix + java.lang.Integer.toString(counter)) + .png)): null

2018-11-09 12:45:30 - [TEST_STEP][PASSED] - Statement - counter = counter + 1: null

2018-11-09 12:45:30 - [TEST_STEP][PASSED] - Statement - PreSaveFile = new java.io.File(((pathPrefix + java.lang.Integer.toString(counter)) + .png)): null

2018-11-09 12:45:30 - [TEST_STEP][PASSED] - Statement - counter = counter + 1: null

2018-11-09 12:45:30 - [TEST_STEP][PASSED] - Statement - PreSaveFile = new java.io.File(((pathPrefix + java.lang.Integer.toString(counter)) + .png)): null

2018-11-09 12:45:30 - [TEST_STEP][PASSED] - Statement - counter = counter + 1: null

2018-11-09 12:45:30 - [TEST_STEP][PASSED] - Statement - PreSaveFile = new java.io.File(((pathPrefix + java.lang.Integer.toString(counter)) + .png)): null

2018-11-09 12:45:30 - [TEST_STEP][PASSED] - Statement - counter = counter + 1: null

2018-11-09 12:45:30 - [TEST_STEP][PASSED] - Statement - PreSaveFile = new java.io.File(((pathPrefix + java.lang.Integer.toString(counter)) + .png)): null

2018-11-09 12:45:30 - [TEST_STEP][PASSED] - Statement - counter = counter + 1: null

2018-11-09 12:45:30 - [TEST_STEP][PASSED] - Statement - PreSaveFile = new java.io.File(((pathPrefix + java.lang.Integer.toString(counter)) + .png)): null

2018-11-09 12:45:30 - [TEST_STEP][PASSED] - Statement - counter = counter + 1: null

2018-11-09 12:45:30 - [TEST_STEP][PASSED] - Statement - PreSaveFile = new java.io.File(((pathPrefix + java.lang.Integer.toString(counter)) + .png)): null

2018-11-09 12:45:30 - [TEST_STEP][PASSED] - Statement - counter = counter + 1: null

2018-11-09 12:45:30 - [TEST_STEP][PASSED] - Statement - PreSaveFile = new java.io.File(((pathPrefix + java.lang.Integer.toString(counter)) + .png)): null

2018-11-09 12:45:30 - [TEST_STEP][PASSED] - Statement - counter = counter + 1: null

2018-11-09 12:45:30 - [TEST_STEP][PASSED] - Statement - PreSaveFile = new java.io.File(((pathPrefix + java.lang.Integer.toString(counter)) + .png)): null

2018-11-09 12:45:30 - [TEST_STEP][PASSED] - Statement - counter = counter + 1: null

2018-11-09 12:45:30 - [TEST_STEP][PASSED] - Statement - PreSaveFile = new java.io.File(((pathPrefix + java.lang.Integer.toString(counter)) + .png)): null

2018-11-09 12:45:30 - [TEST_STEP][PASSED] - Statement - counter = counter + 1: null

2018-11-09 12:45:30 - [TEST_STEP][PASSED] - Statement - PreSaveFile = new java.io.File(((pathPrefix + java.lang.Integer.toString(counter)) + .png)): null

2018-11-09 12:45:30 - [TEST_STEP][PASSED] - Statement - counter = counter + 1: null

2018-11-09 12:45:30 - [TEST_STEP][PASSED] - Statement - PreSaveFile = new java.io.File(((pathPrefix + java.lang.Integer.toString(counter)) + .png)): null

2018-11-09 12:45:30 - [TEST_STEP][PASSED] - Statement - counter = counter + 1: null

2018-11-09 12:45:30 - [TEST_STEP][PASSED] - Statement - PreSaveFile = new java.io.File(((pathPrefix + java.lang.Integer.toString(counter)) + .png)): null

2018-11-09 12:45:30 - [TEST_STEP][PASSED] - Statement - counter = counter + 1: null

2018-11-09 12:45:30 - [TEST_STEP][PASSED] - Statement - PreSaveFile = new java.io.File(((pathPrefix + java.lang.Integer.toString(counter)) + .png)): null

2018-11-09 12:45:30 - [TEST_STEP][PASSED] - Statement - counter = counter + 1: null

2018-11-09 12:45:30 - [TEST_STEP][PASSED] - Statement - PreSaveFile = new java.io.File(((pathPrefix + java.lang.Integer.toString(counter)) + .png)): null

2018-11-09 12:45:30 - [TEST_STEP][PASSED] - Statement - counter = counter + 1: null

2018-11-09 12:45:30 - [TEST_STEP][PASSED] - Statement - PreSaveFile = new java.io.File(((pathPrefix + java.lang.Integer.toString(counter)) + .png)): null

2018-11-09 12:45:30 - [TEST_STEP][PASSED] - Statement - counter = counter + 1: null

2018-11-09 12:45:30 - [TEST_STEP][PASSED] - Statement - PreSaveFile = new java.io.File(((pathPrefix + java.lang.Integer.toString(counter)) + .png)): null

2018-11-09 12:45:30 - [TEST_STEP][PASSED] - Statement - counter = counter + 1: null

2018-11-09 12:45:30 - [TEST_STEP][PASSED] - Statement - PreSaveFile = new java.io.File(((pathPrefix + java.lang.Integer.toString(counter)) + .png)): null

2018-11-09 12:45:30 - [TEST_STEP][PASSED] - Statement - counter = counter + 1: null

2018-11-09 12:45:30 - [TEST_STEP][PASSED] - Statement - PreSaveFile = new java.io.File(((pathPrefix + java.lang.Integer.toString(counter)) + .png)): null

2018-11-09 12:45:30 - [TEST_STEP][PASSED] - Statement - counter = counter + 1: null

2018-11-09 12:45:30 - [TEST_STEP][PASSED] - Statement - PreSaveFile = new java.io.File(((pathPrefix + java.lang.Integer.toString(counter)) + .png)): null

2018-11-09 12:45:30 - [TEST_STEP][PASSED] - Statement - counter = counter + 1: null

2018-11-09 12:45:30 - [TEST_STEP][PASSED] - Statement - PreSaveFile = new java.io.File(((pathPrefix + java.lang.Integer.toString(counter)) + .png)): null

2018-11-09 12:45:30 - [TEST_STEP][PASSED] - Statement - counter = counter + 1: null

2018-11-09 12:45:30 - [TEST_STEP][PASSED] - Statement - PreSaveFile = new java.io.File(((pathPrefix + java.lang.Integer.toString(counter)) + .png)): null

2018-11-09 12:45:30 - [TEST_STEP][PASSED] - Statement - counter = counter + 1: null

2018-11-09 12:45:30 - [TEST_STEP][PASSED] - Statement - PreSaveFile = new java.io.File(((pathPrefix + java.lang.Integer.toString(counter)) + .png)): null

2018-11-09 12:45:30 - [TEST_STEP][PASSED] - Statement - counter = counter + 1: null

2018-11-09 12:45:30 - [TEST_STEP][PASSED] - Statement - PreSaveFile = new java.io.File(((pathPrefix + java.lang.Integer.toString(counter)) + .png)): null

2018-11-09 12:45:30 - [TEST_STEP][PASSED] - Statement - counter = counter + 1: null

2018-11-09 12:45:30 - [TEST_STEP][PASSED] - Statement - PreSaveFile = new java.io.File(((pathPrefix + java.lang.Integer.toString(counter)) + .png)): null

2018-11-09 12:45:30 - [TEST_STEP][PASSED] - Statement - counter = counter + 1: null

2018-11-09 12:45:30 - [TEST_STEP][PASSED] - Statement - PreSaveFile = new java.io.File(((pathPrefix + java.lang.Integer.toString(counter)) + .png)): null

2018-11-09 12:45:30 - [TEST_STEP][PASSED] - Statement - counter = counter + 1: null

2018-11-09 12:45:30 - [TEST_STEP][PASSED] - Statement - PreSaveFile = new java.io.File(((pathPrefix + java.lang.Integer.toString(counter)) + .png)): null

2018-11-09 12:45:30 - [TEST_STEP][PASSED] - Statement - counter = counter + 1: null

2018-11-09 12:45:30 - [TEST_STEP][PASSED] - Statement - PreSaveFile = new java.io.File(((pathPrefix + java.lang.Integer.toString(counter)) + .png)): null

2018-11-09 12:45:30 - [TEST_STEP][PASSED] - Statement - counter = counter + 1: null

2018-11-09 12:45:30 - [TEST_STEP][PASSED] - Statement - PreSaveFile = new java.io.File(((pathPrefix + java.lang.Integer.toString(counter)) + .png)): null

2018-11-09 12:45:30 - [TEST_STEP][PASSED] - Statement - counter = counter + 1: null

2018-11-09 12:45:30 - [TEST_STEP][PASSED] - Statement - PreSaveFile = new java.io.File(((pathPrefix + java.lang.Integer.toString(counter)) + .png)): null

2018-11-09 12:45:30 - [TEST_STEP][PASSED] - Statement - counter = counter + 1: null

2018-11-09 12:45:30 - [TEST_STEP][PASSED] - Statement - PreSaveFile = new java.io.File(((pathPrefix + java.lang.Integer.toString(counter)) + .png)): null

2018-11-09 12:45:30 - [TEST_STEP][PASSED] - Statement - counter = counter + 1: null

2018-11-09 12:45:30 - [TEST_STEP][PASSED] - Statement - PreSaveFile = new java.io.File(((pathPrefix + java.lang.Integer.toString(counter)) + .png)): null

2018-11-09 12:45:30 - [TEST_STEP][PASSED] - Statement - counter = counter + 1: null

2018-11-09 12:45:30 - [TEST_STEP][PASSED] - Statement - PreSaveFile = new java.io.File(((pathPrefix + java.lang.Integer.toString(counter)) + .png)): null

2018-11-09 12:45:31 - [TEST_STEP][PASSED] - Statement - counter = counter + 1: null

2018-11-09 12:45:31 - [TEST_STEP][PASSED] - Statement - PreSaveFile = new java.io.File(((pathPrefix + java.lang.Integer.toString(counter)) + .png)): null

2018-11-09 12:45:31 - [TEST_STEP][PASSED] - Statement - counter = counter + 1: null

2018-11-09 12:45:31 - [TEST_STEP][PASSED] - Statement - PreSaveFile = new java.io.File(((pathPrefix + java.lang.Integer.toString(counter)) + .png)): null

2018-11-09 12:45:31 - [TEST_STEP][PASSED] - Statement - counter = counter + 1: null

2018-11-09 12:45:31 - [TEST_STEP][PASSED] - Statement - PreSaveFile = new java.io.File(((pathPrefix + java.lang.Integer.toString(counter)) + .png)): null

2018-11-09 12:45:31 - [TEST_STEP][PASSED] - Statement - counter = counter + 1: null

2018-11-09 12:45:31 - [TEST_STEP][PASSED] - Statement - PreSaveFile = new java.io.File(((pathPrefix + java.lang.Integer.toString(counter)) + .png)): null

2018-11-09 12:45:31 - [TEST_STEP][PASSED] - Statement - counter = counter + 1: null

2018-11-09 12:45:31 - [TEST_STEP][PASSED] - Statement - PreSaveFile = new java.io.File(((pathPrefix + java.lang.Integer.toString(counter)) + .png)): null

2018-11-09 12:45:31 - [TEST_STEP][PASSED] - Statement - counter = counter + 1: null

2018-11-09 12:45:31 - [TEST_STEP][PASSED] - Statement - PreSaveFile = new java.io.File(((pathPrefix + java.lang.Integer.toString(counter)) + .png)): null

2018-11-09 12:45:31 - [TEST_STEP][PASSED] - Statement - counter = counter + 1: null

2018-11-09 12:45:31 - [TEST_STEP][PASSED] - Statement - PreSaveFile = new java.io.File(((pathPrefix + java.lang.Integer.toString(counter)) + .png)): null

2018-11-09 12:45:31 - [TEST_STEP][PASSED] - Statement - counter = counter + 1: null

2018-11-09 12:45:31 - [TEST_STEP][PASSED] - Statement - PreSaveFile = new java.io.File(((pathPrefix + java.lang.Integer.toString(counter)) + .png)): null

2018-11-09 12:45:31 - [TEST_STEP][PASSED] - Statement - counter = counter + 1: null

2018-11-09 12:45:31 - [TEST_STEP][PASSED] - Statement - PreSaveFile = new java.io.File(((pathPrefix + java.lang.Integer.toString(counter)) + .png)): null

2018-11-09 12:45:31 - [TEST_STEP][PASSED] - Statement - counter = counter + 1: null

2018-11-09 12:45:32 - [TEST_STEP][PASSED] - Statement - PreSaveFile = new java.io.File(((pathPrefix + java.lang.Integer.toString(counter)) + .png)): null

2018-11-09 12:45:32 - [TEST_STEP][PASSED] - Statement - counter = counter + 1: null

2018-11-09 12:45:32 - [TEST_STEP][PASSED] - Statement - PreSaveFile = new java.io.File(((pathPrefix + java.lang.Integer.toString(counter)) + .png)): null

2018-11-09 12:45:32 - [TEST_STEP][PASSED] - Statement - counter = counter + 1: null

2018-11-09 12:45:32 - [TEST_STEP][PASSED] - Statement - PreSaveFile = new java.io.File(((pathPrefix + java.lang.Integer.toString(counter)) + .png)): null

2018-11-09 12:45:32 - [TEST_STEP][PASSED] - Statement - counter = counter + 1: null

2018-11-09 12:45:32 - [TEST_STEP][PASSED] - Statement - PreSaveFile = new java.io.File(((pathPrefix + java.lang.Integer.toString(counter)) + .png)): null

2018-11-09 12:45:32 - [TEST_STEP][PASSED] - Statement - counter = counter + 1: null

2018-11-09 12:45:32 - [TEST_STEP][PASSED] - Statement - PreSaveFile = new java.io.File(((pathPrefix + java.lang.Integer.toString(counter)) + .png)): null

2018-11-09 12:45:32 - [TEST_STEP][PASSED] - Statement - counter = counter + 1: null

2018-11-09 12:45:32 - [TEST_STEP][PASSED] - Statement - PreSaveFile = new java.io.File(((pathPrefix + java.lang.Integer.toString(counter)) + .png)): null

2018-11-09 12:45:32 - [TEST_STEP][PASSED] - Statement - counter = counter + 1: null

2018-11-09 12:45:32 - [TEST_STEP][PASSED] - Statement - PreSaveFile = new java.io.File(((pathPrefix + java.lang.Integer.toString(counter)) + .png)): null

2018-11-09 12:45:32 - [TEST_STEP][PASSED] - Statement - counter = counter + 1: null

2018-11-09 12:45:32 - [TEST_STEP][PASSED] - Statement - PreSaveFile = new java.io.File(((pathPrefix + java.lang.Integer.toString(counter)) + .png)): null

2018-11-09 12:45:33 - [TEST_STEP][PASSED] - Statement - counter = counter + 1: null

2018-11-09 12:45:33 - [TEST_STEP][PASSED] - Statement - PreSaveFile = new java.io.File(((pathPrefix + java.lang.Integer.toString(counter)) + .png)): null

2018-11-09 12:45:33 - [TEST_STEP][PASSED] - Statement - counter = counter + 1: null

2018-11-09 12:45:33 - [TEST_STEP][PASSED] - Statement - PreSaveFile = new java.io.File(((pathPrefix + java.lang.Integer.toString(counter)) + .png)): null

2018-11-09 12:45:33 - [TEST_STEP][PASSED] - Statement - counter = counter + 1: null

2018-11-09 12:45:33 - [TEST_STEP][PASSED] - Statement - PreSaveFile = new java.io.File(((pathPrefix + java.lang.Integer.toString(counter)) + .png)): null

2018-11-09 12:45:33 - [TEST_STEP][PASSED] - Statement - counter = counter + 1: null

2018-11-09 12:45:33 - [TEST_STEP][PASSED] - Statement - PreSaveFile = new java.io.File(((pathPrefix + java.lang.Integer.toString(counter)) + .png)): null

2018-11-09 12:45:33 - [TEST_STEP][PASSED] - Statement - counter = counter + 1: null

2018-11-09 12:45:33 - [TEST_STEP][PASSED] - Statement - PreSaveFile = new java.io.File(((pathPrefix + java.lang.Integer.toString(counter)) + .png)): null

2018-11-09 12:45:33 - [TEST_STEP][PASSED] - Statement - counter = counter + 1: null

2018-11-09 12:45:33 - [TEST_STEP][PASSED] - Statement - PreSaveFile = new java.io.File(((pathPrefix + java.lang.Integer.toString(counter)) + .png)): null

2018-11-09 12:45:33 - [TEST_STEP][PASSED] - Statement - counter = counter + 1: null

2018-11-09 12:45:33 - [TEST_STEP][PASSED] - Statement - PreSaveFile = new java.io.File(((pathPrefix + java.lang.Integer.toString(counter)) + .png)): null

2018-11-09 12:45:33 - [TEST_STEP][PASSED] - Statement - counter = counter + 1: null

2018-11-09 12:45:33 - [TEST_STEP][PASSED] - Statement - PreSaveFile = new java.io.File(((pathPrefix + java.lang.Integer.toString(counter)) + .png)): null

2018-11-09 12:45:33 - [TEST_STEP][PASSED] - Statement - counter = counter + 1: null

2018-11-09 12:45:33 - [TEST_STEP][PASSED] - Statement - PreSaveFile = new java.io.File(((pathPrefix + java.lang.Integer.toString(counter)) + .png)): null

2018-11-09 12:45:33 - [TEST_STEP][PASSED] - Statement - counter = counter + 1: null

2018-11-09 12:45:34 - [TEST_STEP][PASSED] - Statement - PreSaveFile = new java.io.File(((pathPrefix + java.lang.Integer.toString(counter)) + .png)): null

2018-11-09 12:45:34 - [TEST_STEP][PASSED] - Statement - counter = counter + 1: null

2018-11-09 12:45:34 - [TEST_STEP][PASSED] - Statement - PreSaveFile = new java.io.File(((pathPrefix + java.lang.Integer.toString(counter)) + .png)): null

2018-11-09 12:45:34 - [TEST_STEP][PASSED] - Statement - counter = counter + 1: null

2018-11-09 12:45:34 - [TEST_STEP][PASSED] - Statement - PreSaveFile = new java.io.File(((pathPrefix + java.lang.Integer.toString(counter)) + .png)): null

2018-11-09 12:45:34 - [TEST_STEP][PASSED] - Statement - counter = counter + 1: null

2018-11-09 12:45:34 - [TEST_STEP][PASSED] - Statement - PreSaveFile = new java.io.File(((pathPrefix + java.lang.Integer.toString(counter)) + .png)): null

2018-11-09 12:45:34 - [TEST_STEP][PASSED] - Statement - counter = counter + 1: null

2018-11-09 12:45:34 - [TEST_STEP][PASSED] - Statement - PreSaveFile = new java.io.File(((pathPrefix + java.lang.Integer.toString(counter)) + .png)): null

2018-11-09 12:45:34 - [TEST_STEP][PASSED] - Statement - counter = counter + 1: null

2018-11-09 12:45:34 - [TEST_STEP][PASSED] - Statement - PreSaveFile = new java.io.File(((pathPrefix + java.lang.Integer.toString(counter)) + .png)): null

2018-11-09 12:45:34 - [TEST_STEP][PASSED] - Statement - counter = counter + 1: null

2018-11-09 12:45:34 - [TEST_STEP][PASSED] - Statement - PreSaveFile = new java.io.File(((pathPrefix + java.lang.Integer.toString(counter)) + .png)): null

2018-11-09 12:45:34 - [TEST_STEP][PASSED] - Statement - counter = counter + 1: null

2018-11-09 12:45:34 - [TEST_STEP][PASSED] - Statement - PreSaveFile = new java.io.File(((pathPrefix + java.lang.Integer.toString(counter)) + .png)): null

2018-11-09 12:45:34 - [TEST_STEP][PASSED] - Statement - counter = counter + 1: null

2018-11-09 12:45:34 - [TEST_STEP][PASSED] - Statement - PreSaveFile = new java.io.File(((pathPrefix + java.lang.Integer.toString(counter)) + .png)): null

2018-11-09 12:45:34 - [TEST_STEP][PASSED] - Statement - counter = counter + 1: null

2018-11-09 12:45:34 - [TEST_STEP][PASSED] - Statement - PreSaveFile = new java.io.File(((pathPrefix + java.lang.Integer.toString(counter)) + .png)): null

2018-11-09 12:45:34 - [TEST_STEP][PASSED] - Statement - counter = counter + 1: null

2018-11-09 12:45:34 - [TEST_STEP][PASSED] - Statement - PreSaveFile = new java.io.File(((pathPrefix + java.lang.Integer.toString(counter)) + .png)): null

2018-11-09 12:45:34 - [TEST_STEP][PASSED] - Statement - counter = counter + 1: null

2018-11-09 12:45:34 - [TEST_STEP][PASSED] - Statement - PreSaveFile = new java.io.File(((pathPrefix + java.lang.Integer.toString(counter)) + .png)): null

2018-11-09 12:45:35 - [TEST_STEP][PASSED] - Statement - counter = counter + 1: null

2018-11-09 12:45:35 - [TEST_STEP][PASSED] - Statement - PreSaveFile = new java.io.File(((pathPrefix + java.lang.Integer.toString(counter)) + .png)): null

2018-11-09 12:45:35 - [TEST_STEP][PASSED] - Statement - counter = counter + 1: null

2018-11-09 12:45:35 - [TEST_STEP][PASSED] - Statement - PreSaveFile = new java.io.File(((pathPrefix + java.lang.Integer.toString(counter)) + .png)): null

2018-11-09 12:45:35 - [TEST_STEP][PASSED] - Statement - counter = counter + 1: null

2018-11-09 12:45:35 - [TEST_STEP][PASSED] - Statement - PreSaveFile = new java.io.File(((pathPrefix + java.lang.Integer.toString(counter)) + .png)): null

2018-11-09 12:45:35 - [TEST_STEP][PASSED] - Statement - counter = counter + 1: null

2018-11-09 12:45:35 - [TEST_STEP][PASSED] - Statement - PreSaveFile = new java.io.File(((pathPrefix + java.lang.Integer.toString(counter)) + .png)): null

2018-11-09 12:45:35 - [TEST_STEP][PASSED] - Statement - counter = counter + 1: null

2018-11-09 12:45:35 - [TEST_STEP][PASSED] - Statement - PreSaveFile = new java.io.File(((pathPrefix + java.lang.Integer.toString(counter)) + .png)): null

2018-11-09 12:45:36 - [TEST_STEP][PASSED] - Statement - counter = counter + 1: null

2018-11-09 12:45:36 - [TEST_STEP][PASSED] - Statement - PreSaveFile = new java.io.File(((pathPrefix + java.lang.Integer.toString(counter)) + .png)): null

2018-11-09 12:45:36 - [TEST_STEP][PASSED] - Statement - counter = counter + 1: null

2018-11-09 12:45:36 - [TEST_STEP][PASSED] - Statement - PreSaveFile = new java.io.File(((pathPrefix + java.lang.Integer.toString(counter)) + .png)): null

2018-11-09 12:45:36 - [TEST_STEP][PASSED] - Statement - counter = counter + 1: null

2018-11-09 12:45:36 - [TEST_STEP][PASSED] - Statement - PreSaveFile = new java.io.File(((pathPrefix + java.lang.Integer.toString(counter)) + .png)): null

2018-11-09 12:45:36 - [TEST_STEP][PASSED] - Statement - counter = counter + 1: null

2018-11-09 12:45:36 - [TEST_STEP][PASSED] - Statement - PreSaveFile = new java.io.File(((pathPrefix + java.lang.Integer.toString(counter)) + .png)): null

2018-11-09 12:45:36 - [TEST_STEP][PASSED] - Statement - counter = counter + 1: null

2018-11-09 12:45:36 - [TEST_STEP][PASSED] - Statement - PreSaveFile = new java.io.File(((pathPrefix + java.lang.Integer.toString(counter)) + .png)): null

2018-11-09 12:45:36 - [TEST_STEP][PASSED] - Statement - counter = counter + 1: null

2018-11-09 12:45:36 - [TEST_STEP][PASSED] - Statement - PreSaveFile = new java.io.File(((pathPrefix + java.lang.Integer.toString(counter)) + .png)): null

2018-11-09 12:45:36 - [TEST_STEP][PASSED] - Statement - counter = counter + 1: null

2018-11-09 12:45:36 - [TEST_STEP][PASSED] - Statement - PreSaveFile = new java.io.File(((pathPrefix + java.lang.Integer.toString(counter)) + .png)): null

2018-11-09 12:45:36 - [TEST_STEP][PASSED] - Statement - counter = counter + 1: null

2018-11-09 12:45:36 - [TEST_STEP][PASSED] - Statement - PreSaveFile = new java.io.File(((pathPrefix + java.lang.Integer.toString(counter)) + .png)): null

2018-11-09 12:45:36 - [TEST_STEP][PASSED] - Statement - counter = counter + 1: null

2018-11-09 12:45:36 - [TEST_STEP][PASSED] - Statement - PreSaveFile = new java.io.File(((pathPrefix + java.lang.Integer.toString(counter)) + .png)): null

2018-11-09 12:45:36 - [TEST_STEP][PASSED] - Statement - counter = counter + 1: null

2018-11-09 12:45:36 - [TEST_STEP][PASSED] - Statement - PreSaveFile = new java.io.File(((pathPrefix + java.lang.Integer.toString(counter)) + .png)): null

2018-11-09 12:45:36 - [TEST_STEP][PASSED] - Statement - counter = counter + 1: null

2018-11-09 12:45:36 - [TEST_STEP][PASSED] - Statement - PreSaveFile = new java.io.File(((pathPrefix + java.lang.Integer.toString(counter)) + .png)): null

2018-11-09 12:45:36 - [TEST_STEP][PASSED] - Statement - counter = counter + 1: null

2018-11-09 12:45:36 - [TEST_STEP][PASSED] - Statement - PreSaveFile = new java.io.File(((pathPrefix + java.lang.Integer.toString(counter)) + .png)): null

2018-11-09 12:45:36 - [TEST_STEP][PASSED] - Statement - counter = counter + 1: null

2018-11-09 12:45:36 - [TEST_STEP][PASSED] - Statement - PreSaveFile = new java.io.File(((pathPrefix + java.lang.Integer.toString(counter)) + .png)): null

2018-11-09 12:45:36 - [TEST_STEP][PASSED] - Statement - counter = counter + 1: null

2018-11-09 12:45:36 - [TEST_STEP][PASSED] - Statement - PreSaveFile = new java.io.File(((pathPrefix + java.lang.Integer.toString(counter)) + .png)): null

2018-11-09 12:45:36 - [TEST_STEP][PASSED] - Statement - counter = counter + 1: null

2018-11-09 12:45:36 - [TEST_STEP][PASSED] - Statement - PreSaveFile = new java.io.File(((pathPrefix + java.lang.Integer.toString(counter)) + .png)): null

2018-11-09 12:45:36 - [TEST_STEP][PASSED] - Statement - counter = counter + 1: null

2018-11-09 12:45:36 - [TEST_STEP][PASSED] - Statement - PreSaveFile = new java.io.File(((pathPrefix + java.lang.Integer.toString(counter)) + .png)): null

2018-11-09 12:45:36 - [TEST_STEP][PASSED] - Statement - counter = counter + 1: null

2018-11-09 12:45:36 - [TEST_STEP][PASSED] - Statement - PreSaveFile = new java.io.File(((pathPrefix + java.lang.Integer.toString(counter)) + .png)): null

2018-11-09 12:45:36 - [TEST_STEP][PASSED] - Statement - counter = counter + 1: null

2018-11-09 12:45:36 - [TEST_STEP][PASSED] - Statement - PreSaveFile = new java.io.File(((pathPrefix + java.lang.Integer.toString(counter)) + .png)): null

2018-11-09 12:45:36 - [TEST_STEP][PASSED] - Statement - counter = counter + 1: null

2018-11-09 12:45:36 - [TEST_STEP][PASSED] - Statement - PreSaveFile = new java.io.File(((pathPrefix + java.lang.Integer.toString(counter)) + .png)): null

2018-11-09 12:45:36 - [TEST_STEP][PASSED] - Statement - counter = counter + 1: null

2018-11-09 12:45:37 - [TEST_STEP][PASSED] - Statement - PreSaveFile = new java.io.File(((pathPrefix + java.lang.Integer.toString(counter)) + .png)): null

2018-11-09 12:45:37 - [TEST_STEP][PASSED] - Statement - counter = counter + 1: null

2018-11-09 12:45:37 - [TEST_STEP][PASSED] - Statement - PreSaveFile = new java.io.File(((pathPrefix + java.lang.Integer.toString(counter)) + .png)): null

2018-11-09 12:45:37 - [TEST_STEP][PASSED] - Statement - counter = counter + 1: null

2018-11-09 12:45:37 - [TEST_STEP][PASSED] - Statement - PreSaveFile = new java.io.File(((pathPrefix + java.lang.Integer.toString(counter)) + .png)): null

2018-11-09 12:45:37 - [TEST_STEP][PASSED] - Statement - counter = counter + 1: null

2018-11-09 12:45:37 - [TEST_STEP][PASSED] - Statement - PreSaveFile = new java.io.File(((pathPrefix + java.lang.Integer.toString(counter)) + .png)): null

2018-11-09 12:45:37 - [TEST_STEP][PASSED] - Statement - counter = counter + 1: null

2018-11-09 12:45:37 - [TEST_STEP][PASSED] - Statement - PreSaveFile = new java.io.File(((pathPrefix + java.lang.Integer.toString(counter)) + .png)): null

2018-11-09 12:45:37 - [TEST_STEP][PASSED] - Statement - counter = counter + 1: null

2018-11-09 12:45:37 - [TEST_STEP][PASSED] - Statement - PreSaveFile = new java.io.File(((pathPrefix + java.lang.Integer.toString(counter)) + .png)): null

2018-11-09 12:45:37 - [TEST_STEP][PASSED] - Statement - counter = counter + 1: null

2018-11-09 12:45:37 - [TEST_STEP][PASSED] - Statement - PreSaveFile = new java.io.File(((pathPrefix + java.lang.Integer.toString(counter)) + .png)): null

2018-11-09 12:45:37 - [TEST_STEP][PASSED] - Statement - counter = counter + 1: null

2018-11-09 12:45:37 - [TEST_STEP][PASSED] - Statement - PreSaveFile = new java.io.File(((pathPrefix + java.lang.Integer.toString(counter)) + .png)): null

2018-11-09 12:45:37 - [TEST_STEP][PASSED] - Statement - counter = counter + 1: null

2018-11-09 12:45:37 - [TEST_STEP][PASSED] - Statement - PreSaveFile = new java.io.File(((pathPrefix + java.lang.Integer.toString(counter)) + .png)): null

2018-11-09 12:45:37 - [TEST_STEP][PASSED] - Statement - counter = counter + 1: null

2018-11-09 12:45:37 - [TEST_STEP][PASSED] - Statement - PreSaveFile = new java.io.File(((pathPrefix + java.lang.Integer.toString(counter)) + .png)): null

2018-11-09 12:45:38 - [TEST_STEP][PASSED] - Statement - counter = counter + 1: null

2018-11-09 12:45:38 - [TEST_STEP][PASSED] - Statement - PreSaveFile = new java.io.File(((pathPrefix + java.lang.Integer.toString(counter)) + .png)): null

2018-11-09 12:45:38 - [TEST_STEP][PASSED] - Statement - counter = counter + 1: null

2018-11-09 12:45:38 - [TEST_STEP][PASSED] - Statement - PreSaveFile = new java.io.File(((pathPrefix + java.lang.Integer.toString(counter)) + .png)): null

2018-11-09 12:45:38 - [TEST_STEP][PASSED] - Statement - counter = counter + 1: null

2018-11-09 12:45:38 - [TEST_STEP][PASSED] - Statement - PreSaveFile = new java.io.File(((pathPrefix + java.lang.Integer.toString(counter)) + .png)): null

2018-11-09 12:45:38 - [TEST_STEP][PASSED] - Statement - counter = counter + 1: null

2018-11-09 12:45:38 - [TEST_STEP][PASSED] - Statement - PreSaveFile = new java.io.File(((pathPrefix + java.lang.Integer.toString(counter)) + .png)): null

2018-11-09 12:45:38 - [TEST_STEP][PASSED] - Statement - counter = counter + 1: null

2018-11-09 12:45:38 - [TEST_STEP][PASSED] - Statement - PreSaveFile = new java.io.File(((pathPrefix + java.lang.Integer.toString(counter)) + .png)): null

2018-11-09 12:45:39 - [TEST_STEP][PASSED] - Statement - counter = counter + 1: null

2018-11-09 12:45:39 - [TEST_STEP][PASSED] - Statement - PreSaveFile = new java.io.File(((pathPrefix + java.lang.Integer.toString(counter)) + .png)): null

2018-11-09 12:45:39 - [TEST_STEP][PASSED] - Statement - counter = counter + 1: null

2018-11-09 12:45:39 - [TEST_STEP][PASSED] - Statement - PreSaveFile = new java.io.File(((pathPrefix + java.lang.Integer.toString(counter)) + .png)): null

2018-11-09 12:45:39 - [TEST_STEP][PASSED] - Statement - counter = counter + 1: null

2018-11-09 12:45:39 - [TEST_STEP][PASSED] - Statement - PreSaveFile = new java.io.File(((pathPrefix + java.lang.Integer.toString(counter)) + .png)): null

2018-11-09 12:45:39 - [TEST_STEP][PASSED] - Statement - counter = counter + 1: null

2018-11-09 12:45:39 - [TEST_STEP][PASSED] - Statement - PreSaveFile = new java.io.File(((pathPrefix + java.lang.Integer.toString(counter)) + .png)): null

2018-11-09 12:45:39 - [TEST_STEP][PASSED] - Statement - counter = counter + 1: null

2018-11-09 12:45:39 - [TEST_STEP][PASSED] - Statement - PreSaveFile = new java.io.File(((pathPrefix + java.lang.Integer.toString(counter)) + .png)): null

2018-11-09 12:45:40 - [TEST_STEP][PASSED] - Statement - counter = counter + 1: null

2018-11-09 12:45:40 - [TEST_STEP][PASSED] - Statement - PreSaveFile = new java.io.File(((pathPrefix + java.lang.Integer.toString(counter)) + .png)): null

2018-11-09 12:45:40 - [TEST_STEP][PASSED] - Statement - counter = counter + 1: null

2018-11-09 12:45:40 - [TEST_STEP][PASSED] - Statement - PreSaveFile = new java.io.File(((pathPrefix + java.lang.Integer.toString(counter)) + .png)): null

2018-11-09 12:45:40 - [TEST_STEP][PASSED] - Statement - counter = counter + 1: null

2018-11-09 12:45:40 - [TEST_STEP][PASSED] - Statement - PreSaveFile = new java.io.File(((pathPrefix + java.lang.Integer.toString(counter)) + .png)): null

2018-11-09 12:45:40 - [TEST_STEP][PASSED] - Statement - counter = counter + 1: null

2018-11-09 12:45:40 - [TEST_STEP][PASSED] - Statement - PreSaveFile = new java.io.File(((pathPrefix + java.lang.Integer.toString(counter)) + .png)): null

2018-11-09 12:45:40 - [TEST_STEP][PASSED] - Statement - counter = counter + 1: null

2018-11-09 12:45:40 - [TEST_STEP][PASSED] - Statement - PreSaveFile = new java.io.File(((pathPrefix + java.lang.Integer.toString(counter)) + .png)): null

2018-11-09 12:45:40 - [TEST_STEP][PASSED] - Statement - counter = counter + 1: null

2018-11-09 12:45:40 - [TEST_STEP][PASSED] - Statement - PreSaveFile = new java.io.File(((pathPrefix + java.lang.Integer.toString(counter)) + .png)): null

2018-11-09 12:45:40 - [TEST_STEP][PASSED] - Statement - counter = counter + 1: null

2018-11-09 12:45:40 - [TEST_STEP][PASSED] - Statement - PreSaveFile = new java.io.File(((pathPrefix + java.lang.Integer.toString(counter)) + .png)): null

2018-11-09 12:45:40 - [TEST_STEP][PASSED] - Statement - counter = counter + 1: null

2018-11-09 12:45:40 - [TEST_STEP][PASSED] - Statement - PreSaveFile = new java.io.File(((pathPrefix + java.lang.Integer.toString(counter)) + .png)): null

2018-11-09 12:45:40 - [TEST_STEP][PASSED] - Statement - counter = counter + 1: null

2018-11-09 12:45:40 - [TEST_STEP][PASSED] - Statement - PreSaveFile = new java.io.File(((pathPrefix + java.lang.Integer.toString(counter)) + .png)): null

2018-11-09 12:45:40 - [TEST_STEP][PASSED] - Statement - counter = counter + 1: null

2018-11-09 12:45:40 - [TEST_STEP][PASSED] - Statement - PreSaveFile = new java.io.File(((pathPrefix + java.lang.Integer.toString(counter)) + .png)): null

2018-11-09 12:45:40 - [TEST_STEP][PASSED] - Statement - counter = counter + 1: null

2018-11-09 12:45:40 - [TEST_STEP][PASSED] - Statement - PreSaveFile = new java.io.File(((pathPrefix + java.lang.Integer.toString(counter)) + .png)): null

2018-11-09 12:45:41 - [TEST_STEP][PASSED] - Statement - counter = counter + 1: null

2018-11-09 12:45:41 - [TEST_STEP][PASSED] - Statement - PreSaveFile = new java.io.File(((pathPrefix + java.lang.Integer.toString(counter)) + .png)): null

2018-11-09 12:45:41 - [TEST_STEP][PASSED] - Statement - counter = counter + 1: null

2018-11-09 12:45:41 - [TEST_STEP][PASSED] - Statement - PreSaveFile = new java.io.File(((pathPrefix + java.lang.Integer.toString(counter)) + .png)): null

2018-11-09 12:45:41 - [TEST_STEP][PASSED] - Statement - counter = counter + 1: null

2018-11-09 12:45:41 - [TEST_STEP][PASSED] - Statement - PreSaveFile = new java.io.File(((pathPrefix + java.lang.Integer.toString(counter)) + .png)): null

2018-11-09 12:45:41 - [TEST_STEP][PASSED] - Statement - counter = counter + 1: null

2018-11-09 12:45:41 - [TEST_STEP][PASSED] - Statement - PreSaveFile = new java.io.File(((pathPrefix + java.lang.Integer.toString(counter)) + .png)): null

2018-11-09 12:45:41 - [TEST_STEP][PASSED] - Statement - counter = counter + 1: null

2018-11-09 12:45:41 - [TEST_STEP][PASSED] - Statement - PreSaveFile = new java.io.File(((pathPrefix + java.lang.Integer.toString(counter)) + .png)): null

2018-11-09 12:45:42 - [TEST_STEP][PASSED] - Statement - counter = counter + 1: null

2018-11-09 12:45:42 - [TEST_STEP][PASSED] - Statement - PreSaveFile = new java.io.File(((pathPrefix + java.lang.Integer.toString(counter)) + .png)): null

2018-11-09 12:45:42 - [TEST_STEP][PASSED] - Statement - counter = counter + 1: null

2018-11-09 12:45:42 - [TEST_STEP][PASSED] - Statement - PreSaveFile = new java.io.File(((pathPrefix + java.lang.Integer.toString(counter)) + .png)): null

2018-11-09 12:45:42 - [TEST_STEP][PASSED] - Statement - counter = counter + 1: null

2018-11-09 12:45:42 - [TEST_STEP][PASSED] - Statement - PreSaveFile = new java.io.File(((pathPrefix + java.lang.Integer.toString(counter)) + .png)): null

2018-11-09 12:45:42 - [TEST_STEP][PASSED] - Statement - counter = counter + 1: null

2018-11-09 12:45:42 - [TEST_STEP][PASSED] - Statement - PreSaveFile = new java.io.File(((pathPrefix + java.lang.Integer.toString(counter)) + .png)): null

2018-11-09 12:45:42 - [TEST_STEP][PASSED] - Statement - counter = counter + 1: null

2018-11-09 12:45:43 - [TEST_STEP][PASSED] - Statement - PreSaveFile = new java.io.File(((pathPrefix + java.lang.Integer.toString(counter)) + .png)): null

2018-11-09 12:45:43 - [TEST_STEP][PASSED] - Statement - counter = counter + 1: null

2018-11-09 12:45:43 - [TEST_STEP][PASSED] - Statement - PreSaveFile = new java.io.File(((pathPrefix + java.lang.Integer.toString(counter)) + .png)): null

2018-11-09 12:45:43 - [TEST_STEP][PASSED] - Statement - counter = counter + 1: null

2018-11-09 12:45:43 - [TEST_STEP][PASSED] - Statement - PreSaveFile = new java.io.File(((pathPrefix + java.lang.Integer.toString(counter)) + .png)): null

2018-11-09 12:45:43 - [TEST_STEP][PASSED] - Statement - counter = counter + 1: null

2018-11-09 12:45:43 - [TEST_STEP][PASSED] - Statement - PreSaveFile = new java.io.File(((pathPrefix + java.lang.Integer.toString(counter)) + .png)): null

2018-11-09 12:45:43 - [TEST_STEP][PASSED] - Statement - counter = counter + 1: null

2018-11-09 12:45:43 - [TEST_STEP][PASSED] - Statement - PreSaveFile = new java.io.File(((pathPrefix + java.lang.Integer.toString(counter)) + .png)): null

2018-11-09 12:45:43 - [TEST_STEP][PASSED] - Statement - counter = counter + 1: null

2018-11-09 12:45:43 - [TEST_STEP][PASSED] - Statement - PreSaveFile = new java.io.File(((pathPrefix + java.lang.Integer.toString(counter)) + .png)): null

2018-11-09 12:45:43 - [TEST_STEP][PASSED] - Statement - counter = counter + 1: null

2018-11-09 12:45:43 - [TEST_STEP][PASSED] - Statement - PreSaveFile = new java.io.File(((pathPrefix + java.lang.Integer.toString(counter)) + .png)): null

2018-11-09 12:45:43 - [TEST_STEP][PASSED] - Statement - counter = counter + 1: null

2018-11-09 12:45:43 - [TEST_STEP][PASSED] - Statement - PreSaveFile = new java.io.File(((pathPrefix + java.lang.Integer.toString(counter)) + .png)): null

2018-11-09 12:45:43 - [TEST_STEP][PASSED] - Statement - counter = counter + 1: null

2018-11-09 12:45:43 - [TEST_STEP][PASSED] - Statement - PreSaveFile = new java.io.File(((pathPrefix + java.lang.Integer.toString(counter)) + .png)): null

2018-11-09 12:45:43 - [TEST_STEP][PASSED] - Statement - counter = counter + 1: null

2018-11-09 12:45:43 - [TEST_STEP][PASSED] - Statement - PreSaveFile = new java.io.File(((pathPrefix + java.lang.Integer.toString(counter)) + .png)): null

2018-11-09 12:45:44 - [TEST_STEP][PASSED] - Statement - counter = counter + 1: null

2018-11-09 12:45:44 - [TEST_STEP][PASSED] - Statement - PreSaveFile = new java.io.File(((pathPrefix + java.lang.Integer.toString(counter)) + .png)): null

2018-11-09 12:45:44 - [TEST_STEP][PASSED] - Statement - counter = counter + 1: null

2018-11-09 12:45:44 - [TEST_STEP][PASSED] - Statement - PreSaveFile = new java.io.File(((pathPrefix + java.lang.Integer.toString(counter)) + .png)): null

2018-11-09 12:45:44 - [TEST_STEP][PASSED] - Statement - counter = counter + 1: null

2018-11-09 12:45:44 - [TEST_STEP][PASSED] - Statement - PreSaveFile = new java.io.File(((pathPrefix + java.lang.Integer.toString(counter)) + .png)): null

2018-11-09 12:45:44 - [TEST_STEP][PASSED] - Statement - counter = counter + 1: null

2018-11-09 12:45:44 - [TEST_STEP][PASSED] - Statement - PreSaveFile = new java.io.File(((pathPrefix + java.lang.Integer.toString(counter)) + .png)): null

2018-11-09 12:45:44 - [TEST_STEP][PASSED] - Statement - counter = counter + 1: null

2018-11-09 12:45:44 - [TEST_STEP][PASSED] - Statement - PreSaveFile = new java.io.File(((pathPrefix + java.lang.Integer.toString(counter)) + .png)): null

2018-11-09 12:45:44 - [TEST_STEP][PASSED] - Statement - counter = counter + 1: null

2018-11-09 12:45:45 - [TEST_STEP][PASSED] - Statement - PreSaveFile = new java.io.File(((pathPrefix + java.lang.Integer.toString(counter)) + .png)): null

2018-11-09 12:45:45 - [TEST_STEP][PASSED] - Statement - counter = counter + 1: null

2018-11-09 12:45:45 - [TEST_STEP][PASSED] - Statement - PreSaveFile = new java.io.File(((pathPrefix + java.lang.Integer.toString(counter)) + .png)): null

2018-11-09 12:45:45 - [TEST_STEP][PASSED] - Statement - counter = counter + 1: null

2018-11-09 12:45:45 - [TEST_STEP][PASSED] - Statement - PreSaveFile = new java.io.File(((pathPrefix + java.lang.Integer.toString(counter)) + .png)): null

2018-11-09 12:45:45 - [TEST_STEP][PASSED] - Statement - counter = counter + 1: null

2018-11-09 12:45:45 - [TEST_STEP][PASSED] - Statement - PreSaveFile = new java.io.File(((pathPrefix + java.lang.Integer.toString(counter)) + .png)): null

2018-11-09 12:45:45 - [TEST_STEP][PASSED] - Statement - counter = counter + 1: null

2018-11-09 12:45:45 - [TEST_STEP][PASSED] - Statement - PreSaveFile = new java.io.File(((pathPrefix + java.lang.Integer.toString(counter)) + .png)): null

2018-11-09 12:45:45 - [TEST_STEP][PASSED] - Statement - counter = counter + 1: null

2018-11-09 12:45:45 - [TEST_STEP][PASSED] - Statement - PreSaveFile = new java.io.File(((pathPrefix + java.lang.Integer.toString(counter)) + .png)): null

2018-11-09 12:45:45 - [TEST_STEP][PASSED] - Statement - counter = counter + 1: null

2018-11-09 12:45:46 - [TEST_STEP][PASSED] - Statement - PreSaveFile = new java.io.File(((pathPrefix + java.lang.Integer.toString(counter)) + .png)): null

2018-11-09 12:45:46 - [TEST_STEP][PASSED] - Statement - counter = counter + 1: null

2018-11-09 12:45:46 - [TEST_STEP][PASSED] - Statement - PreSaveFile = new java.io.File(((pathPrefix + java.lang.Integer.toString(counter)) + .png)): null

2018-11-09 12:45:46 - [TEST_STEP][PASSED] - Statement - counter = counter + 1: null

2018-11-09 12:45:46 - [TEST_STEP][PASSED] - Statement - PreSaveFile = new java.io.File(((pathPrefix + java.lang.Integer.toString(counter)) + .png)): null

2018-11-09 12:45:46 - [TEST_STEP][PASSED] - Statement - counter = counter + 1: null

2018-11-09 12:45:46 - [TEST_STEP][PASSED] - Statement - PreSaveFile = new java.io.File(((pathPrefix + java.lang.Integer.toString(counter)) + .png)): null

2018-11-09 12:45:46 - [TEST_STEP][PASSED] - Statement - counter = counter + 1: null

2018-11-09 12:45:46 - [TEST_STEP][PASSED] - Statement - PreSaveFile = new java.io.File(((pathPrefix + java.lang.Integer.toString(counter)) + .png)): null

2018-11-09 12:45:47 - [TEST_STEP][PASSED] - Statement - counter = counter + 1: null

2018-11-09 12:45:47 - [TEST_STEP][PASSED] - Statement - PreSaveFile = new java.io.File(((pathPrefix + java.lang.Integer.toString(counter)) + .png)): null

2018-11-09 12:45:47 - [TEST_STEP][PASSED] - Statement - counter = counter + 1: null

2018-11-09 12:45:47 - [TEST_STEP][PASSED] - Statement - PreSaveFile = new java.io.File(((pathPrefix + java.lang.Integer.toString(counter)) + .png)): null

2018-11-09 12:45:47 - [TEST_STEP][PASSED] - Statement - counter = counter + 1: null

2018-11-09 12:45:47 - [TEST_STEP][PASSED] - Statement - PreSaveFile = new java.io.File(((pathPrefix + java.lang.Integer.toString(counter)) + .png)): null

2018-11-09 12:45:47 - [TEST_STEP][PASSED] - Statement - counter = counter + 1: null

2018-11-09 12:45:47 - [TEST_STEP][PASSED] - Statement - PreSaveFile = new java.io.File(((pathPrefix + java.lang.Integer.toString(counter)) + .png)): null

2018-11-09 12:45:47 - [TEST_STEP][PASSED] - Statement - counter = counter + 1: null

2018-11-09 12:45:47 - [TEST_STEP][PASSED] - Statement - PreSaveFile = new java.io.File(((pathPrefix + java.lang.Integer.toString(counter)) + .png)): null

2018-11-09 12:45:48 - [TEST_STEP][PASSED] - Statement - counter = counter + 1: null

2018-11-09 12:45:48 - [TEST_STEP][PASSED] - Statement - PreSaveFile = new java.io.File(((pathPrefix + java.lang.Integer.toString(counter)) + .png)): null

2018-11-09 12:45:48 - [TEST_STEP][PASSED] - Statement - counter = counter + 1: null

2018-11-09 12:45:48 - [TEST_STEP][PASSED] - Statement - PreSaveFile = new java.io.File(((pathPrefix + java.lang.Integer.toString(counter)) + .png)): null

2018-11-09 12:45:48 - [TEST_STEP][PASSED] - Statement - counter = counter + 1: null

2018-11-09 12:45:48 - [TEST_STEP][PASSED] - Statement - PreSaveFile = new java.io.File(((pathPrefix + java.lang.Integer.toString(counter)) + .png)): null

2018-11-09 12:45:48 - [TEST_STEP][PASSED] - Statement - finalPath = pathPrefix + java.lang.Integer.toString(counter) + ".png": null

2018-11-09 12:45:48 - [TEST_STEP][PASSED] - Statement - SaveFile = new java.io.File(finalPath): null

2018-11-09 12:45:48 - [TEST_STEP][PASSED] - Statement - Try: null

2018-11-09 12:45:48 - [TEST_STEP][PASSED] - Statement - org.apache.commons.io.FileUtils.copyFile(scrFile, SaveFile): null

2018-11-09 12:45:48 - [TEST_STEP][PASSED] - Statement - out.println("file kept"): null

2018-11-09 12:45:48 - [TEST_STEP][PASSED] - delay: Delayed 10 second(s)

2018-11-09 12:45:58 - [MESSAGE][PASSED] - Delayed 10 second(s)

2018-11-09 12:45:58 - [MESSAGE][PASSED] - Call Test Case 'Test Cases/Final Aug 2018 - PKS Automation/Registration Module/New Registration/Submit and Screenshot/Submit Registration and Screenshot - Copy' successfully

2018-11-09 12:45:58 - [TEST_STEP][PASSED] - Statement - UpdateAddNewECode = com.kms.katalon.core.webui.keyword.WebUiBuiltInKeywords.getText(com.kms.katalon.core.testobject.ObjectRepository.findTestObject(Object Repository/Final Object Repo/Page_Update Add New Employee - ASSIST/getEmpCode)): Text of object 'Object Repository/Final Object Repo/Page_Update Add New Employee - ASSIST/getEmpCode' is: 'E1102070168M'

2018-11-09 12:45:58 - [MESSAGE][PASSED] - Text of object 'Object Repository/Final Object Repo/Page_Update Add New Employee - ASSIST/getEmpCode' is: 'E1102070168M'

2018-11-09 12:45:58 - [TEST_STEP][PASSED] - callTestCase: Call Test Case 'Test Cases/Final Aug 2018 - PKS Automation/Common/Emp Code Setter' successfully

2018-11-09 12:45:58 - [TEST_CASE][PASSED] - Test Cases/Final Aug 2018 - PKS Automation/Common/Emp Code Setter: Test Cases/Final Aug 2018 - PKS Automation/Common/Emp Code Setter

2018-11-09 12:45:58 - [TEST_STEP][PASSED] - Statement - EmpCodeOld = new java.io.File(C://EmpCode.txt): null

2018-11-09 12:45:58 - [TEST_STEP][PASSED] - Statement - EmpCodeOld.delete(): null

2018-11-09 12:45:58 - [TEST_STEP][PASSED] - Statement - EmpCode = new java.io.File(C://EmpCode.txt): null

2018-11-09 12:45:58 - [TEST_STEP][PASSED] - Statement - EmpCode.append(UpdateAddNewECode): null

2018-11-09 12:45:58 - [TEST_STEP][PASSED] - Statement - out.println("


" + UpdateAddNewECode + "


"): null

2018-11-09 12:45:58 - [MESSAGE][PASSED] - Call Test Case 'Test Cases/Final Aug 2018 - PKS Automation/Common/Emp Code Setter' successfully

2018-11-09 12:45:59 - [MESSAGE][PASSED] - Call Test Case 'Test Cases/Final Aug 2018 - PKS Automation/Registration Module/Workflow/Update Add New Employee/Template/New Company for Update Add New - Employer' successfully

2018-11-09 12:45:59 - [TEST_STEP][PASSED] - callTestCase: Call Test Case 'Test Cases/Final Aug 2018 - PKS Automation/Create Employer Acc/Login to Employer Account (Second time)' successfully

2018-11-09 12:45:59 - [TEST_CASE][PASSED] - Test Cases/Final Aug 2018 - PKS Automation/Create Employer Acc/Login to Employer Account (Second time): Test Cases/Final Aug 2018 - PKS Automation/Create Employer Acc/Login to Employer Account (Second time)

2018-11-09 12:45:59 - [TEST_STEP][PASSED] - openBrowser: Browser is opened with url: ''

2018-11-09 12:45:59 - [MESSAGE][WARNING] - A browser is already opened. Closing browser and opening a new one

2018-11-09 12:46:03 - [MESSAGE][PASSED] - Browser is opened with url: ''

2018-11-09 12:46:03 - [TEST_STEP][PASSED] - navigateToUrl: Navigate to 'https://assist2-uat.perkeso.gov.my/employer/login' successfully

2018-11-09 12:46:06 - [MESSAGE][PASSED] - Navigate to 'https://assist2-uat.perkeso.gov.my/employer/login' successfully

2018-11-09 12:46:06 - [TEST_STEP][PASSED] - delay: Delayed 3 second(s)

2018-11-09 12:46:09 - [MESSAGE][PASSED] - Delayed 3 second(s)

2018-11-09 12:46:09 - [TEST_STEP][PASSED] - callTestCase: Call Test Case 'Test Cases/Final Aug 2018 - PKS Automation/Create Employer Acc/Template/Employer Email Getter' successfully

2018-11-09 12:46:09 - [TEST_CASE][PASSED] - Test Cases/Final Aug 2018 - PKS Automation/Create Employer Acc/Template/Employer Email Getter: Test Cases/Final Aug 2018 - PKS Automation/Create Employer Acc/Template/Employer Email Getter

2018-11-09 12:46:09 - [TEST_STEP][PASSED] - Statement - Try: null

2018-11-09 12:46:09 - [TEST_STEP][PASSED] - Statement - EmpEmail = new java.io.File(C://EmpEmail.txt): null

2018-11-09 12:46:09 - [TEST_STEP][PASSED] - Statement - bufferread = new java.io.BufferedReader(new java.io.FileReader(EmpEmail)): null

2018-11-09 12:46:09 - [TEST_STEP][PASSED] - Statement - readedVal = bufferread.readLine(): null

2018-11-09 12:46:09 - [TEST_STEP][PASSED] - Statement - out.println(readedVal): null

2018-11-09 12:46:09 - [TEST_STEP][PASSED] - Statement - Email = readedVal: null

2018-11-09 12:46:09 - [MESSAGE][PASSED] - Call Test Case 'Test Cases/Final Aug 2018 - PKS Automation/Create Employer Acc/Template/Employer Email Getter' successfully

2018-11-09 12:46:09 - [TEST_STEP][PASSED] - setText: Text 'perkeso140576786049@gmail.com' is set on object 'Object Repository/Final Object Repo/Login Page/External Login Page/Email'

2018-11-09 12:46:09 - [MESSAGE][PASSED] - Text 'perkeso140576786049@gmail.com' is set on object 'Object Repository/Final Object Repo/Login Page/External Login Page/Email'

2018-11-09 12:46:09 - [TEST_STEP][PASSED] - click: Object: 'Object Repository/Final Object Repo/Login Page/External Login Page/Next' is clicked on

2018-11-09 12:46:09 - [MESSAGE][PASSED] - Object: 'Object Repository/Final Object Repo/Login Page/External Login Page/Next' is clicked on

2018-11-09 12:46:09 - [TEST_STEP][PASSED] - delay: Delayed 3 second(s)

2018-11-09 12:46:12 - [MESSAGE][PASSED] - Delayed 3 second(s)

2018-11-09 12:46:12 - [TEST_STEP][PASSED] - setEncryptedText: Text ****** has been set on object 'Object Repository/Final Object Repo/Login Page/External Login Page/Password'

2018-11-09 12:46:13 - [MESSAGE][PASSED] - Text ****** has been set on object 'Object Repository/Final Object Repo/Login Page/External Login Page/Password'

2018-11-09 12:46:13 - [TEST_STEP][PASSED] - click: Object: 'Object Repository/Final Object Repo/Login Page/External Login Page/Login' is clicked on

2018-11-09 12:46:19 - [MESSAGE][PASSED] - Object: 'Object Repository/Final Object Repo/Login Page/External Login Page/Login' is clicked on

2018-11-09 12:46:19 - [TEST_STEP][PASSED] - delay: Delayed 5 second(s)

2018-11-09 12:46:24 - [MESSAGE][PASSED] - Delayed 5 second(s)

2018-11-09 12:46:24 - [MESSAGE][PASSED] - Call Test Case 'Test Cases/Final Aug 2018 - PKS Automation/Create Employer Acc/Login to Employer Account (Second time)' successfully

2018-11-09 12:46:24 - [TEST_STEP][PASSED] - navigateToUrl: Navigate to 'https://assist2-uat.perkeso.gov.my/web/registration/update/form-1a-cessation-as-employer-discontinue-business-' successfully

2018-11-09 12:46:26 - [MESSAGE][PASSED] - Navigate to 'https://assist2-uat.perkeso.gov.my/web/registration/update/form-1a-cessation-as-employer-discontinue-business-' successfully

2018-11-09 12:46:26 - [TEST_STEP][PASSED] - callTestCase: Call Test Case 'Test Cases/Final Aug 2018 - PKS Automation/Common/Emp Code Getter' successfully

2018-11-09 12:46:26 - [TEST_CASE][PASSED] - Test Cases/Final Aug 2018 - PKS Automation/Common/Emp Code Getter: Test Cases/Final Aug 2018 - PKS Automation/Common/Emp Code Getter

2018-11-09 12:46:26 - [TEST_STEP][PASSED] - Statement - Try: null

2018-11-09 12:46:26 - [TEST_STEP][PASSED] - Statement - EmpCode = new java.io.File(C://EmpCode.txt): null

2018-11-09 12:46:26 - [TEST_STEP][PASSED] - Statement - bufferread = new java.io.BufferedReader(new java.io.FileReader(EmpCode)): null

2018-11-09 12:46:26 - [TEST_STEP][PASSED] - Statement - readedVal = bufferread.readLine(): null

2018-11-09 12:46:26 - [TEST_STEP][PASSED] - Statement - out.println(readedVal): null

2018-11-09 12:46:26 - [TEST_STEP][PASSED] - Statement - UpdateAddNewECode = readedVal: null

2018-11-09 12:46:26 - [MESSAGE][PASSED] - Call Test Case 'Test Cases/Final Aug 2018 - PKS Automation/Common/Emp Code Getter' successfully

2018-11-09 12:46:26 - [TEST_STEP][PASSED] - setText: Text 'E1102070168M' is set on object 'Object Repository/Final Object Repo/Page_Update Employer Information/Employer Code'

2018-11-09 12:46:26 - [MESSAGE][PASSED] - Text 'E1102070168M' is set on object 'Object Repository/Final Object Repo/Page_Update Employer Information/Employer Code'

2018-11-09 12:46:26 - [TEST_STEP][PASSED] - click: Object: 'Object Repository/Final Object Repo/Page_Update Employer Information/Search Button' is clicked on

2018-11-09 12:46:28 - [MESSAGE][PASSED] - Object: 'Object Repository/Final Object Repo/Page_Update Employer Information/Search Button' is clicked on

2018-11-09 12:46:28 - [TEST_STEP][PASSED] - click: Object: 'Object Repository/Final Object Repo/Page_Update Employer Information/Edit Button' is clicked on

2018-11-09 12:46:30 - [MESSAGE][PASSED] - Object: 'Object Repository/Final Object Repo/Page_Update Employer Information/Edit Button' is clicked on

2018-11-09 12:46:30 - [TEST_STEP][PASSED] - Statement - abc = com.kms.katalon.core.webui.keyword.WebUiBuiltInKeywords.getAttribute(com.kms.katalon.core.testobject.ObjectRepository.findTestObject(Final Object Repo/Page_Form 1A - Cessation As Employer/Employer Status), "value"): Attribute 'value' of object 'Object Repository/Final Object Repo/Page_Form 1A - Cessation As Employer/Employer Status' is: 'Active'

2018-11-09 12:46:30 - [MESSAGE][PASSED] - Attribute 'value' of object 'Object Repository/Final Object Repo/Page_Form 1A - Cessation As Employer/Employer Status' is: 'Active'

2018-11-09 12:46:30 - [TEST_STEP][PASSED] - Statement - out.println(abc): null

2018-11-09 12:46:30 - [TEST_STEP][PASSED] - Statement - If (abc == "Active"): Object: 'Object Repository/Final Object Repo/Page_Form 1A - Cessation As Employer/Change Employer Status to - Dormant' is clicked on

2018-11-09 12:46:30 - [TEST_STEP][PASSED] - click: Object: 'Object Repository/Final Object Repo/Page_Form 1A - Cessation As Employer/Change Employer Status to' is clicked on

2018-11-09 12:46:30 - [MESSAGE][PASSED] - Object: 'Object Repository/Final Object Repo/Page_Form 1A - Cessation As Employer/Change Employer Status to' is clicked on

2018-11-09 12:46:30 - [TEST_STEP][PASSED] - click: Object: 'Object Repository/Final Object Repo/Page_Form 1A - Cessation As Employer/Change Employer Status to - Dormant' is clicked on

2018-11-09 12:46:31 - [MESSAGE][PASSED] - Object: 'Object Repository/Final Object Repo/Page_Form 1A - Cessation As Employer/Change Employer Status to - Dormant' is clicked on

2018-11-09 12:46:31 - [TEST_STEP][PASSED] - click: Object: 'Object Repository/Final Object Repo/Page_Form 1A - Cessation As Employer/Calender' is clicked on

2018-11-09 12:46:32 - [MESSAGE][PASSED] - Object: 'Object Repository/Final Object Repo/Page_Form 1A - Cessation As Employer/Calender' is clicked on

2018-11-09 12:46:32 - [TEST_STEP][PASSED] - click: Object: 'Object Repository/Final Object Repo/Page_Form 1A - Cessation As Employer/Calender - Date' is clicked on

2018-11-09 12:46:32 - [MESSAGE][PASSED] - Object: 'Object Repository/Final Object Repo/Page_Form 1A - Cessation As Employer/Calender - Date' is clicked on

2018-11-09 12:46:32 - [TEST_STEP][PASSED] - delay: Delayed 2 second(s)

2018-11-09 12:46:34 - [MESSAGE][PASSED] - Delayed 2 second(s)

2018-11-09 12:46:34 - [TEST_STEP][PASSED] - click: Object: 'Object Repository/Final Object Repo/Page_Form 1A - Cessation As Employer/Save  Continue in Form 1A Page' is clicked on

2018-11-09 12:46:37 - [MESSAGE][PASSED] - Object: 'Object Repository/Final Object Repo/Page_Form 1A - Cessation As Employer/Save  Continue in Form 1A Page' is clicked on

2018-11-09 12:46:37 - [TEST_STEP][PASSED] - delay: Delayed 2 second(s)

2018-11-09 12:46:39 - [MESSAGE][PASSED] - Delayed 2 second(s)

2018-11-09 12:46:39 - [TEST_STEP][PASSED] - click: Object: 'Object Repository/Final Object Repo/Page_Form 1A - Cessation As Employer/Employment Resign Date' is clicked on

2018-11-09 12:46:40 - [MESSAGE][PASSED] - Object: 'Object Repository/Final Object Repo/Page_Form 1A - Cessation As Employer/Employment Resign Date' is clicked on

2018-11-09 12:46:40 - [TEST_STEP][PASSED] - delay: Delayed 1 second(s)

2018-11-09 12:46:41 - [MESSAGE][PASSED] - Delayed 1 second(s)

2018-11-09 12:46:41 - [TEST_STEP][PASSED] - Statement - CaseReferenceNo = com.kms.katalon.core.webui.keyword.WebUiBuiltInKeywords.getText(com.kms.katalon.core.testobject.ObjectRepository.findTestObject(Final Object Repo/Page_Update Employer Information/Reference Number in Update Employee Information Page)): Text of object 'Object Repository/Final Object Repo/Page_Update Employer Information/Reference Number in Update Employee Information Page' is: 'CUN112018C200001536'

2018-11-09 12:46:41 - [MESSAGE][PASSED] - Text of object 'Object Repository/Final Object Repo/Page_Update Employer Information/Reference Number in Update Employee Information Page' is: 'CUN112018C200001536'

2018-11-09 12:46:41 - [TEST_STEP][PASSED] - callTestCase: Call Test Case 'Test Cases/Final Aug 2018 - PKS Automation/Common/Reference Number Setter' successfully

2018-11-09 12:46:41 - [TEST_CASE][PASSED] - Test Cases/Final Aug 2018 - PKS Automation/Common/Reference Number Setter: Test Cases/Final Aug 2018 - PKS Automation/Common/Reference Number Setter

2018-11-09 12:46:41 - [TEST_STEP][PASSED] - Statement - RefNoOldFile = new java.io.File(C://KatalonReference.txt): null

2018-11-09 12:46:41 - [TEST_STEP][PASSED] - Statement - RefNoOldFile.delete(): null

2018-11-09 12:46:41 - [TEST_STEP][PASSED] - Statement - RefNo = new java.io.File(C://KatalonReference.txt): null

2018-11-09 12:46:41 - [TEST_STEP][PASSED] - Statement - RefNo.append(CaseReferenceNo): null

2018-11-09 12:46:41 - [TEST_STEP][PASSED] - Statement - out.println("


" + CaseReferenceNo + "


"): null

2018-11-09 12:46:41 - [MESSAGE][PASSED] - Call Test Case 'Test Cases/Final Aug 2018 - PKS Automation/Common/Reference Number Setter' successfully

2018-11-09 12:46:41 - [TEST_STEP][PASSED] - selectOptionByValue: All options with value '2030' are selected in object 'Object Repository/Final Object Repo/Page_Form 1A - Cessation As Employer/Employment Resign Date - Year' 

2018-11-09 12:46:41 - [MESSAGE][PASSED] - All options with value '2030' are selected in object 'Object Repository/Final Object Repo/Page_Form 1A - Cessation As Employer/Employment Resign Date - Year' 

2018-11-09 12:46:41 - [TEST_STEP][PASSED] - delay: Delayed 1 second(s)

2018-11-09 12:46:42 - [MESSAGE][PASSED] - Delayed 1 second(s)

2018-11-09 12:46:42 - [TEST_STEP][PASSED] - click: Object: 'Object Repository/Final Object Repo/Page_Form 1A - Cessation As Employer/Employment Resign Date - Year - Date' is clicked on

2018-11-09 12:46:43 - [MESSAGE][PASSED] - Object: 'Object Repository/Final Object Repo/Page_Form 1A - Cessation As Employer/Employment Resign Date - Year - Date' is clicked on

2018-11-09 12:46:43 - [TEST_STEP][PASSED] - delay: Delayed 2 second(s)

2018-11-09 12:46:45 - [MESSAGE][PASSED] - Delayed 2 second(s)

2018-11-09 12:46:45 - [TEST_STEP][PASSED] - click: Object: 'Object Repository/Final Object Repo/Page_Form 1A - Cessation As Employer/Save  Continue in Update Add Employee Resigned Date Page' is clicked on

2018-11-09 12:46:48 - [MESSAGE][PASSED] - Object: 'Object Repository/Final Object Repo/Page_Form 1A - Cessation As Employer/Save  Continue in Update Add Employee Resigned Date Page' is clicked on

2018-11-09 12:46:48 - [TEST_STEP][PASSED] - delay: Delayed 2 second(s)

2018-11-09 12:46:50 - [MESSAGE][PASSED] - Delayed 2 second(s)

2018-11-09 12:46:50 - [TEST_STEP][PASSED] - click: Object: 'Object Repository/Final Object Repo/Page_Form 1A - Cessation As Employer/Add Document' is clicked on

2018-11-09 12:46:51 - [MESSAGE][PASSED] - Object: 'Object Repository/Final Object Repo/Page_Form 1A - Cessation As Employer/Add Document' is clicked on

2018-11-09 12:46:51 - [TEST_STEP][PASSED] - delay: Delayed 2 second(s)

2018-11-09 12:46:53 - [MESSAGE][PASSED] - Delayed 2 second(s)

2018-11-09 12:46:53 - [TEST_STEP][PASSED] - click: Object: 'Object Repository/Final Object Repo/Page_Form 1A - Cessation As Employer/Document Type' is clicked on

2018-11-09 12:46:54 - [MESSAGE][PASSED] - Object: 'Object Repository/Final Object Repo/Page_Form 1A - Cessation As Employer/Document Type' is clicked on

2018-11-09 12:46:54 - [TEST_STEP][PASSED] - delay: Delayed 2 second(s)

2018-11-09 12:46:56 - [MESSAGE][PASSED] - Delayed 2 second(s)

2018-11-09 12:46:56 - [TEST_STEP][PASSED] - click: Object: 'Object Repository/Final Object Repo/Page_Form 1A - Cessation As Employer/Document Type - Supporting Document For Cessation' is clicked on

2018-11-09 12:46:57 - [MESSAGE][PASSED] - Object: 'Object Repository/Final Object Repo/Page_Form 1A - Cessation As Employer/Document Type - Supporting Document For Cessation' is clicked on

2018-11-09 12:46:57 - [TEST_STEP][PASSED] - delay: Delayed 2 second(s)

2018-11-09 12:46:59 - [MESSAGE][PASSED] - Delayed 2 second(s)

2018-11-09 12:46:59 - [TEST_STEP][PASSED] - sendKeys: Keys 'C:\Users\Public\Pictures\Sample Pictures\Act.jpg' sent to object: 'Object Repository/Final Object Repo/Page_Form 1A - Cessation As Employer/Uploading File'

2018-11-09 12:46:59 - [MESSAGE][PASSED] - Keys 'C:\Users\Public\Pictures\Sample Pictures\Act.jpg' sent to object: 'Object Repository/Final Object Repo/Page_Form 1A - Cessation As Employer/Uploading File'

2018-11-09 12:46:59 - [TEST_STEP][PASSED] - delay: Delayed 2 second(s)

2018-11-09 12:47:01 - [MESSAGE][PASSED] - Delayed 2 second(s)

2018-11-09 12:47:01 - [TEST_STEP][PASSED] - click: Object: 'Object Repository/Final Object Repo/Page_Form 1A - Cessation As Employer/Add Document in Uploading Page' is clicked on

2018-11-09 12:47:06 - [MESSAGE][PASSED] - Object: 'Object Repository/Final Object Repo/Page_Form 1A - Cessation As Employer/Add Document in Uploading Page' is clicked on

2018-11-09 12:47:06 - [TEST_STEP][PASSED] - delay: Delayed 2 second(s)

2018-11-09 12:47:08 - [MESSAGE][PASSED] - Delayed 2 second(s)

2018-11-09 12:47:08 - [TEST_STEP][PASSED] - click: Object: 'Object Repository/Final Object Repo/Page_Form 1A - Cessation As Employer/Save  Continue in Uploading Page' is clicked on

2018-11-09 12:47:14 - [MESSAGE][PASSED] - Object: 'Object Repository/Final Object Repo/Page_Form 1A - Cessation As Employer/Save  Continue in Uploading Page' is clicked on

2018-11-09 12:47:14 - [TEST_STEP][PASSED] - delay: Delayed 2 second(s)

2018-11-09 12:47:16 - [MESSAGE][PASSED] - Delayed 2 second(s)

2018-11-09 12:47:16 - [TEST_STEP][PASSED] - click: Object: 'Object Repository/Final Object Repo/Page_Form 1A - Cessation As Employer/Submit2' is clicked on

2018-11-09 12:47:16 - [MESSAGE][PASSED] - Object: 'Object Repository/Final Object Repo/Page_Form 1A - Cessation As Employer/Submit2' is clicked on

2018-11-09 12:47:16 - [TEST_STEP][PASSED] - delay: Delayed 2 second(s)

2018-11-09 12:47:18 - [MESSAGE][PASSED] - Delayed 2 second(s)

2018-11-09 12:47:18 - [TEST_STEP][PASSED] - click: Object: 'Object Repository/Final Object Repo/Page_Form 1A - Cessation As Employer/Confirm' is clicked on

2018-11-09 12:47:24 - [MESSAGE][PASSED] - Object: 'Object Repository/Final Object Repo/Page_Form 1A - Cessation As Employer/Confirm' is clicked on

2018-11-09 12:47:24 - [TEST_STEP][PASSED] - delay: Delayed 2 second(s)

2018-11-09 12:47:26 - [MESSAGE][PASSED] - Delayed 2 second(s)

2018-11-09 12:47:26 - [TEST_STEP][PASSED] - verifyElementVisible: Object 'Object Repository/Final Object Repo/Page_Form 1A - Cessation As Employer/Message Your Request will be routed to UO' is visible

2018-11-09 12:47:26 - [MESSAGE][PASSED] - Object 'Object Repository/Final Object Repo/Page_Form 1A - Cessation As Employer/Message Your Request will be routed to UO' is visible

2018-11-09 12:47:26 - [TEST_STEP][PASSED] - delay: Delayed 1 second(s)

2018-11-09 12:47:27 - [MESSAGE][PASSED] - Delayed 1 second(s)

2018-11-09 12:47:27 - [TEST_STEP][PASSED] - verifyElementVisible: Object 'Object Repository/Final Object Repo/Page_Form 1A - Cessation As Employer/Letter of acknowledgement' is visible

2018-11-09 12:47:27 - [MESSAGE][PASSED] - Object 'Object Repository/Final Object Repo/Page_Form 1A - Cessation As Employer/Letter of acknowledgement' is visible

2018-11-09 12:47:27 - [MESSAGE][PASSED] - Call Test Case 'Test Cases/Final Aug 2018 - PKS Automation/Registration Module/Workflow/Form 1A - Cessation As Employer/Template/Form 1 A - Cessation As Employer (Employer)' successfully

2018-11-09 12:47:27 - [TEST_STEP][FAILED] - callTestCase: Unable to call Test Case with id 'Test Cases/Final Aug 2018 - PKS Automation/Registration Module/Workflow/Form 1A - Cessation As Employer/Template/Form 1 A - Cessation As Employer (Reject)' (Root cause: Call Test Case 'Test Cases/Final Aug 2018 - PKS Automation/Registration Module/Workflow/Form 1A - Cessation As Employer/Template/Form 1 A - Cessation As Employer (Reject)' failed)

2018-11-09 12:47:27 - [TEST_CASE][FAILED] - Test Cases/Final Aug 2018 - PKS Automation/Registration Module/Workflow/Form 1A - Cessation As Employer/Template/Form 1 A - Cessation As Employer (Reject): Test Cases/Final Aug 2018 - PKS Automation/Registration Module/Workflow/Form 1A - Cessation As Employer/Template/Form 1 A - Cessation As Employer (Reject) FAILED because (of) (Stack trace: com.kms.katalon.core.exception.StepFailedException: Unable to click on object 'Object Repository/Final Object Repo/Page_Form 1A - Cessation As Employer/Document Type' (Root cause: org.openqa.selenium.ElementClickInterceptedException: Element <span class="select2-selection select2-selection--single"> is not clickable at point (482.4833221435547,202.25) because another element <div class="blockUI blockOverlay"> obscures it
Build info: version: '3.9.1', revision: '63f7b50', time: '2018-02-07T22:42:28.403Z'
System info: host: 'WEIZHENG', ip: '10.212.128.118', os.name: 'Windows 7', os.arch: 'amd64', os.version: '6.1', java.version: '1.8.0_181'
Driver info: com.kms.katalon.core.webui.driver.firefox.CGeckoDriver
Capabilities {acceptInsecureCerts: true, browserName: firefox, browserVersion: 63.0.1, javascriptEnabled: true, moz:accessibilityChecks: false, moz:geckodriverVersion: 0.23.0, moz:headless: false, moz:processID: 9596, moz:profile: C:\Users\Wei Zheng\AppData\..., moz:useNonSpecCompliantPointerOrigin: false, moz:webdriverClick: true, pageLoadStrategy: normal, platform: WINDOWS, platformName: WINDOWS, platformVersion: 6.1, proxy: Proxy(direct), rotatable: false, setWindowRect: true, timeouts: {implicit: 0, pageLoad: 300000, script: 30000}, unhandledPromptBehavior: dismiss and notify}
Session ID: 9441f622-f393-47b9-98a9-8f5ecdcb4f28)
	at com.kms.katalon.core.keyword.internal.KeywordMain.stepFailed(KeywordMain.groovy:32)
	at com.kms.katalon.core.webui.keyword.internal.WebUIKeywordMain.stepFailed(WebUIKeywordMain.groovy:65)
	at com.kms.katalon.core.webui.keyword.internal.WebUIKeywordMain.runKeyword(WebUIKeywordMain.groovy:27)
	at com.kms.katalon.core.webui.keyword.builtin.ClickKeyword.click(ClickKeyword.groovy:86)
	at com.kms.katalon.core.webui.keyword.builtin.ClickKeyword.execute(ClickKeyword.groovy:67)
	at com.kms.katalon.core.keyword.internal.KeywordExecutor.executeKeywordForPlatform(KeywordExecutor.groovy:53)
	at com.kms.katalon.core.webui.keyword.WebUiBuiltInKeywords.click(WebUiBuiltInKeywords.groovy:616)
	at com.kms.katalon.core.webui.keyword.WebUiBuiltInKeywords$click$2.call(Unknown Source)
	at org.codehaus.groovy.runtime.callsite.CallSiteArray.defaultCall(CallSiteArray.java:48)
	at org.codehaus.groovy.runtime.callsite.AbstractCallSite.call(AbstractCallSite.java:113)
	at org.codehaus.groovy.runtime.callsite.AbstractCallSite.call(AbstractCallSite.java:125)
	at Script1536137325809.run(Script1536137325809.groovy:144)
	at com.kms.katalon.core.main.ScriptEngine.run(ScriptEngine.java:183)
	at com.kms.katalon.core.main.ScriptEngine.runScriptAsRawText(ScriptEngine.java:108)
	at com.kms.katalon.core.main.TestCaseExecutor.runScript(TestCaseExecutor.java:294)
	at com.kms.katalon.core.main.TestCaseExecutor.doExecute(TestCaseExecutor.java:285)
	at com.kms.katalon.core.main.TestCaseExecutor.processExecutionPhase(TestCaseExecutor.java:264)
	at com.kms.katalon.core.main.TestCaseExecutor.accessMainPhase(TestCaseExecutor.java:256)
	at com.kms.katalon.core.main.TestCaseExecutor.execute(TestCaseExecutor.java:200)
	at com.kms.katalon.core.main.TestCaseMain.runTestCase(TestCaseMain.java:99)
	at com.kms.katalon.core.keyword.builtin.CallTestCaseKeyword$_callTestCase_closure1.doCall(CallTestCaseKeyword.groovy:60)
	at com.kms.katalon.core.keyword.builtin.CallTestCaseKeyword$_callTestCase_closure1.call(CallTestCaseKeyword.groovy)
	at com.kms.katalon.core.keyword.internal.KeywordMain.runKeyword(KeywordMain.groovy:54)
	at com.kms.katalon.core.keyword.builtin.CallTestCaseKeyword.callTestCase(CallTestCaseKeyword.groovy:81)
	at com.kms.katalon.core.keyword.builtin.CallTestCaseKeyword.execute(CallTestCaseKeyword.groovy:45)
	at com.kms.katalon.core.keyword.internal.KeywordExecutor.executeKeywordForPlatform(KeywordExecutor.groovy:53)
	at com.kms.katalon.core.keyword.BuiltinKeywords.callTestCase(BuiltinKeywords.groovy:334)
	at sun.reflect.GeneratedMethodAccessor13.invoke(Unknown Source)
	at sun.reflect.DelegatingMethodAccessorImpl.invoke(DelegatingMethodAccessorImpl.java:43)
	at java.lang.reflect.Method.invoke(Method.java:498)
	at org.codehaus.groovy.reflection.CachedMethod.invoke(CachedMethod.java:93)
	at groovy.lang.MetaMethod.doMethodInvoke(MetaMethod.java:325)
	at groovy.lang.MetaClassImpl.invokeStaticMethod(MetaClassImpl.java:1469)
	at org.codehaus.groovy.runtime.callsite.StaticMetaClassSite.call(StaticMetaClassSite.java:53)
	at org.codehaus.groovy.runtime.callsite.CallSiteArray.defaultCall(CallSiteArray.java:48)
	at org.codehaus.groovy.runtime.callsite.AbstractCallSite.call(AbstractCallSite.java:113)
	at org.codehaus.groovy.runtime.callsite.AbstractCallSite.call(AbstractCallSite.java:141)
	at Script1535961073924.run(Script1535961073924.groovy:22)
	at com.kms.katalon.core.main.ScriptEngine.run(ScriptEngine.java:183)
	at com.kms.katalon.core.main.ScriptEngine.runScriptAsRawText(ScriptEngine.java:108)
	at com.kms.katalon.core.main.TestCaseExecutor.runScript(TestCaseExecutor.java:294)
	at com.kms.katalon.core.main.TestCaseExecutor.doExecute(TestCaseExecutor.java:285)
	at com.kms.katalon.core.main.TestCaseExecutor.processExecutionPhase(TestCaseExecutor.java:264)
	at com.kms.katalon.core.main.TestCaseExecutor.accessMainPhase(TestCaseExecutor.java:256)
	at com.kms.katalon.core.main.TestCaseExecutor.execute(TestCaseExecutor.java:200)
	at com.kms.katalon.core.main.TestCaseMain.runTestCase(TestCaseMain.java:99)
	at com.kms.katalon.core.keyword.builtin.CallTestCaseKeyword$_callTestCase_closure1.doCall(CallTestCaseKeyword.groovy:60)
	at com.kms.katalon.core.keyword.builtin.CallTestCaseKeyword$_callTestCase_closure1.call(CallTestCaseKeyword.groovy)
	at com.kms.katalon.core.keyword.internal.KeywordMain.runKeyword(KeywordMain.groovy:54)
	at com.kms.katalon.core.keyword.builtin.CallTestCaseKeyword.callTestCase(CallTestCaseKeyword.groovy:81)
	at com.kms.katalon.core.keyword.builtin.CallTestCaseKeyword.execute(CallTestCaseKeyword.groovy:45)
	at com.kms.katalon.core.keyword.internal.KeywordExecutor.executeKeywordForPlatform(KeywordExecutor.groovy:53)
	at com.kms.katalon.core.keyword.BuiltinKeywords.callTestCase(BuiltinKeywords.groovy:334)
	at sun.reflect.GeneratedMethodAccessor13.invoke(Unknown Source)
	at sun.reflect.DelegatingMethodAccessorImpl.invoke(DelegatingMethodAccessorImpl.java:43)
	at java.lang.reflect.Method.invoke(Method.java:498)
	at org.codehaus.groovy.reflection.CachedMethod.invoke(CachedMethod.java:93)
	at groovy.lang.MetaMethod.doMethodInvoke(MetaMethod.java:325)
	at groovy.lang.MetaClassImpl.invokeStaticMethod(MetaClassImpl.java:1469)
	at org.codehaus.groovy.runtime.callsite.StaticMetaClassSite.call(StaticMetaClassSite.java:53)
	at org.codehaus.groovy.runtime.callsite.CallSiteArray.defaultCall(CallSiteArray.java:48)
	at org.codehaus.groovy.runtime.callsite.AbstractCallSite.call(AbstractCallSite.java:113)
	at org.codehaus.groovy.runtime.callsite.AbstractCallSite.call(AbstractCallSite.java:141)
	at Script1536729583481.run(Script1536729583481.groovy:25)
	at com.kms.katalon.core.main.ScriptEngine.run(ScriptEngine.java:183)
	at com.kms.katalon.core.main.ScriptEngine.runScriptAsRawText(ScriptEngine.java:108)
	at com.kms.katalon.core.main.TestCaseExecutor.runScript(TestCaseExecutor.java:294)
	at com.kms.katalon.core.main.TestCaseExecutor.doExecute(TestCaseExecutor.java:285)
	at com.kms.katalon.core.main.TestCaseExecutor.processExecutionPhase(TestCaseExecutor.java:264)
	at com.kms.katalon.core.main.TestCaseExecutor.accessMainPhase(TestCaseExecutor.java:256)
	at com.kms.katalon.core.main.TestCaseExecutor.execute(TestCaseExecutor.java:200)
	at com.kms.katalon.core.main.TestSuiteExecutor.accessTestCaseMainPhase(TestSuiteExecutor.java:129)
	at com.kms.katalon.core.main.TestSuiteExecutor.accessTestSuiteMainPhase(TestSuiteExecutor.java:112)
	at com.kms.katalon.core.main.TestSuiteExecutor.execute(TestSuiteExecutor.java:81)
	at com.kms.katalon.core.main.TestCaseMain.startTestSuite(TestCaseMain.java:142)
	at com.kms.katalon.core.main.TestCaseMain$startTestSuite$0.call(Unknown Source)
	at org.codehaus.groovy.runtime.callsite.CallSiteArray.defaultCall(CallSiteArray.java:48)
	at org.codehaus.groovy.runtime.callsite.AbstractCallSite.call(AbstractCallSite.java:113)
	at org.codehaus.groovy.runtime.callsite.AbstractCallSite.call(AbstractCallSite.java:141)
	at TempTestSuite1541736709639.run(TempTestSuite1541736709639.groovy:36)
	at groovy.lang.GroovyShell.runScriptOrMainOrTestOrRunnable(GroovyShell.java:263)
	at groovy.lang.GroovyShell.run(GroovyShell.java:518)
	at groovy.lang.GroovyShell.run(GroovyShell.java:507)
	at groovy.ui.GroovyMain.processOnce(GroovyMain.java:653)
	at groovy.ui.GroovyMain.run(GroovyMain.java:384)
	at groovy.ui.GroovyMain.process(GroovyMain.java:370)
	at groovy.ui.GroovyMain.processArgs(GroovyMain.java:129)
	at groovy.ui.GroovyMain.main(GroovyMain.java:109)
	at sun.reflect.NativeMethodAccessorImpl.invoke0(Native Method)
	at sun.reflect.NativeMethodAccessorImpl.invoke(NativeMethodAccessorImpl.java:62)
	at sun.reflect.DelegatingMethodAccessorImpl.invoke(DelegatingMethodAccessorImpl.java:43)
	at java.lang.reflect.Method.invoke(Method.java:498)
	at org.codehaus.groovy.tools.GroovyStarter.rootLoader(GroovyStarter.java:109)
	at org.codehaus.groovy.tools.GroovyStarter.main(GroovyStarter.java:131)
)

2018-11-09 12:47:27 - [TEST_STEP][FAILED] - callTestCase: Unable to call Test Case with id 'Test Cases/Final Aug 2018 - PKS Automation/Registration Module/Workflow/Form 1A - Cessation As Employer/Template/Form 1 A - Cessation As Employer (OTC)' (Root cause: Call Test Case 'Test Cases/Final Aug 2018 - PKS Automation/Registration Module/Workflow/Form 1A - Cessation As Employer/Template/Form 1 A - Cessation As Employer (OTC)' failed)

2018-11-09 12:47:27 - [TEST_CASE][FAILED] - Test Cases/Final Aug 2018 - PKS Automation/Registration Module/Workflow/Form 1A - Cessation As Employer/Template/Form 1 A - Cessation As Employer (OTC): Test Cases/Final Aug 2018 - PKS Automation/Registration Module/Workflow/Form 1A - Cessation As Employer/Template/Form 1 A - Cessation As Employer (OTC) FAILED because (of) (Stack trace: com.kms.katalon.core.exception.StepFailedException: Unable to click on object 'Object Repository/Final Object Repo/Page_Form 1A - Cessation As Employer/Document Type' (Root cause: org.openqa.selenium.ElementClickInterceptedException: Element <span class="select2-selection select2-selection--single"> is not clickable at point (482.4833221435547,202.25) because another element <div class="blockUI blockOverlay"> obscures it
Build info: version: '3.9.1', revision: '63f7b50', time: '2018-02-07T22:42:28.403Z'
System info: host: 'WEIZHENG', ip: '10.212.128.118', os.name: 'Windows 7', os.arch: 'amd64', os.version: '6.1', java.version: '1.8.0_181'
Driver info: com.kms.katalon.core.webui.driver.firefox.CGeckoDriver
Capabilities {acceptInsecureCerts: true, browserName: firefox, browserVersion: 63.0.1, javascriptEnabled: true, moz:accessibilityChecks: false, moz:geckodriverVersion: 0.23.0, moz:headless: false, moz:processID: 9596, moz:profile: C:\Users\Wei Zheng\AppData\..., moz:useNonSpecCompliantPointerOrigin: false, moz:webdriverClick: true, pageLoadStrategy: normal, platform: WINDOWS, platformName: WINDOWS, platformVersion: 6.1, proxy: Proxy(direct), rotatable: false, setWindowRect: true, timeouts: {implicit: 0, pageLoad: 300000, script: 30000}, unhandledPromptBehavior: dismiss and notify}
Session ID: 9441f622-f393-47b9-98a9-8f5ecdcb4f28)
	at com.kms.katalon.core.keyword.internal.KeywordMain.stepFailed(KeywordMain.groovy:32)
	at com.kms.katalon.core.webui.keyword.internal.WebUIKeywordMain.stepFailed(WebUIKeywordMain.groovy:65)
	at com.kms.katalon.core.webui.keyword.internal.WebUIKeywordMain.runKeyword(WebUIKeywordMain.groovy:27)
	at com.kms.katalon.core.webui.keyword.builtin.ClickKeyword.click(ClickKeyword.groovy:86)
	at com.kms.katalon.core.webui.keyword.builtin.ClickKeyword.execute(ClickKeyword.groovy:67)
	at com.kms.katalon.core.keyword.internal.KeywordExecutor.executeKeywordForPlatform(KeywordExecutor.groovy:53)
	at com.kms.katalon.core.webui.keyword.WebUiBuiltInKeywords.click(WebUiBuiltInKeywords.groovy:616)
	at com.kms.katalon.core.webui.keyword.WebUiBuiltInKeywords$click$2.call(Unknown Source)
	at org.codehaus.groovy.runtime.callsite.CallSiteArray.defaultCall(CallSiteArray.java:48)
	at org.codehaus.groovy.runtime.callsite.AbstractCallSite.call(AbstractCallSite.java:113)
	at org.codehaus.groovy.runtime.callsite.AbstractCallSite.call(AbstractCallSite.java:125)
	at Script1536137325809.run(Script1536137325809.groovy:144)
	at com.kms.katalon.core.main.ScriptEngine.run(ScriptEngine.java:183)
	at com.kms.katalon.core.main.ScriptEngine.runScriptAsRawText(ScriptEngine.java:108)
	at com.kms.katalon.core.main.TestCaseExecutor.runScript(TestCaseExecutor.java:294)
	at com.kms.katalon.core.main.TestCaseExecutor.doExecute(TestCaseExecutor.java:285)
	at com.kms.katalon.core.main.TestCaseExecutor.processExecutionPhase(TestCaseExecutor.java:264)
	at com.kms.katalon.core.main.TestCaseExecutor.accessMainPhase(TestCaseExecutor.java:256)
	at com.kms.katalon.core.main.TestCaseExecutor.execute(TestCaseExecutor.java:200)
	at com.kms.katalon.core.main.TestCaseMain.runTestCase(TestCaseMain.java:99)
	at com.kms.katalon.core.keyword.builtin.CallTestCaseKeyword$_callTestCase_closure1.doCall(CallTestCaseKeyword.groovy:60)
	at com.kms.katalon.core.keyword.builtin.CallTestCaseKeyword$_callTestCase_closure1.call(CallTestCaseKeyword.groovy)
	at com.kms.katalon.core.keyword.internal.KeywordMain.runKeyword(KeywordMain.groovy:54)
	at com.kms.katalon.core.keyword.builtin.CallTestCaseKeyword.callTestCase(CallTestCaseKeyword.groovy:81)
	at com.kms.katalon.core.keyword.builtin.CallTestCaseKeyword.execute(CallTestCaseKeyword.groovy:45)
	at com.kms.katalon.core.keyword.internal.KeywordExecutor.executeKeywordForPlatform(KeywordExecutor.groovy:53)
	at com.kms.katalon.core.keyword.BuiltinKeywords.callTestCase(BuiltinKeywords.groovy:334)
	at sun.reflect.GeneratedMethodAccessor13.invoke(Unknown Source)
	at sun.reflect.DelegatingMethodAccessorImpl.invoke(DelegatingMethodAccessorImpl.java:43)
	at java.lang.reflect.Method.invoke(Method.java:498)
	at org.codehaus.groovy.reflection.CachedMethod.invoke(CachedMethod.java:93)
	at groovy.lang.MetaMethod.doMethodInvoke(MetaMethod.java:325)
	at groovy.lang.MetaClassImpl.invokeStaticMethod(MetaClassImpl.java:1469)
	at org.codehaus.groovy.runtime.callsite.StaticMetaClassSite.call(StaticMetaClassSite.java:53)
	at org.codehaus.groovy.runtime.callsite.CallSiteArray.defaultCall(CallSiteArray.java:48)
	at org.codehaus.groovy.runtime.callsite.AbstractCallSite.call(AbstractCallSite.java:113)
	at org.codehaus.groovy.runtime.callsite.AbstractCallSite.call(AbstractCallSite.java:141)
	at Script1535961073924.run(Script1535961073924.groovy:22)
	at com.kms.katalon.core.main.ScriptEngine.run(ScriptEngine.java:183)
	at com.kms.katalon.core.main.ScriptEngine.runScriptAsRawText(ScriptEngine.java:108)
	at com.kms.katalon.core.main.TestCaseExecutor.runScript(TestCaseExecutor.java:294)
	at com.kms.katalon.core.main.TestCaseExecutor.doExecute(TestCaseExecutor.java:285)
	at com.kms.katalon.core.main.TestCaseExecutor.processExecutionPhase(TestCaseExecutor.java:264)
	at com.kms.katalon.core.main.TestCaseExecutor.accessMainPhase(TestCaseExecutor.java:256)
	at com.kms.katalon.core.main.TestCaseExecutor.execute(TestCaseExecutor.java:200)
	at com.kms.katalon.core.main.TestCaseMain.runTestCase(TestCaseMain.java:99)
	at com.kms.katalon.core.keyword.builtin.CallTestCaseKeyword$_callTestCase_closure1.doCall(CallTestCaseKeyword.groovy:60)
	at com.kms.katalon.core.keyword.builtin.CallTestCaseKeyword$_callTestCase_closure1.call(CallTestCaseKeyword.groovy)
	at com.kms.katalon.core.keyword.internal.KeywordMain.runKeyword(KeywordMain.groovy:54)
	at com.kms.katalon.core.keyword.builtin.CallTestCaseKeyword.callTestCase(CallTestCaseKeyword.groovy:81)
	at com.kms.katalon.core.keyword.builtin.CallTestCaseKeyword.execute(CallTestCaseKeyword.groovy:45)
	at com.kms.katalon.core.keyword.internal.KeywordExecutor.executeKeywordForPlatform(KeywordExecutor.groovy:53)
	at com.kms.katalon.core.keyword.BuiltinKeywords.callTestCase(BuiltinKeywords.groovy:334)
	at sun.reflect.GeneratedMethodAccessor13.invoke(Unknown Source)
	at sun.reflect.DelegatingMethodAccessorImpl.invoke(DelegatingMethodAccessorImpl.java:43)
	at java.lang.reflect.Method.invoke(Method.java:498)
	at org.codehaus.groovy.reflection.CachedMethod.invoke(CachedMethod.java:93)
	at groovy.lang.MetaMethod.doMethodInvoke(MetaMethod.java:325)
	at groovy.lang.MetaClassImpl.invokeStaticMethod(MetaClassImpl.java:1469)
	at org.codehaus.groovy.runtime.callsite.StaticMetaClassSite.call(StaticMetaClassSite.java:53)
	at org.codehaus.groovy.runtime.callsite.CallSiteArray.defaultCall(CallSiteArray.java:48)
	at org.codehaus.groovy.runtime.callsite.AbstractCallSite.call(AbstractCallSite.java:113)
	at org.codehaus.groovy.runtime.callsite.AbstractCallSite.call(AbstractCallSite.java:141)
	at Script1536729583481.run(Script1536729583481.groovy:25)
	at com.kms.katalon.core.main.ScriptEngine.run(ScriptEngine.java:183)
	at com.kms.katalon.core.main.ScriptEngine.runScriptAsRawText(ScriptEngine.java:108)
	at com.kms.katalon.core.main.TestCaseExecutor.runScript(TestCaseExecutor.java:294)
	at com.kms.katalon.core.main.TestCaseExecutor.doExecute(TestCaseExecutor.java:285)
	at com.kms.katalon.core.main.TestCaseExecutor.processExecutionPhase(TestCaseExecutor.java:264)
	at com.kms.katalon.core.main.TestCaseExecutor.accessMainPhase(TestCaseExecutor.java:256)
	at com.kms.katalon.core.main.TestCaseExecutor.execute(TestCaseExecutor.java:200)
	at com.kms.katalon.core.main.TestSuiteExecutor.accessTestCaseMainPhase(TestSuiteExecutor.java:129)
	at com.kms.katalon.core.main.TestSuiteExecutor.accessTestSuiteMainPhase(TestSuiteExecutor.java:112)
	at com.kms.katalon.core.main.TestSuiteExecutor.execute(TestSuiteExecutor.java:81)
	at com.kms.katalon.core.main.TestCaseMain.startTestSuite(TestCaseMain.java:142)
	at com.kms.katalon.core.main.TestCaseMain$startTestSuite$0.call(Unknown Source)
	at org.codehaus.groovy.runtime.callsite.CallSiteArray.defaultCall(CallSiteArray.java:48)
	at org.codehaus.groovy.runtime.callsite.AbstractCallSite.call(AbstractCallSite.java:113)
	at org.codehaus.groovy.runtime.callsite.AbstractCallSite.call(AbstractCallSite.java:141)
	at TempTestSuite1541736709639.run(TempTestSuite1541736709639.groovy:36)
	at groovy.lang.GroovyShell.runScriptOrMainOrTestOrRunnable(GroovyShell.java:263)
	at groovy.lang.GroovyShell.run(GroovyShell.java:518)
	at groovy.lang.GroovyShell.run(GroovyShell.java:507)
	at groovy.ui.GroovyMain.processOnce(GroovyMain.java:653)
	at groovy.ui.GroovyMain.run(GroovyMain.java:384)
	at groovy.ui.GroovyMain.process(GroovyMain.java:370)
	at groovy.ui.GroovyMain.processArgs(GroovyMain.java:129)
	at groovy.ui.GroovyMain.main(GroovyMain.java:109)
	at sun.reflect.NativeMethodAccessorImpl.invoke0(Native Method)
	at sun.reflect.NativeMethodAccessorImpl.invoke(NativeMethodAccessorImpl.java:62)
	at sun.reflect.DelegatingMethodAccessorImpl.invoke(DelegatingMethodAccessorImpl.java:43)
	at java.lang.reflect.Method.invoke(Method.java:498)
	at org.codehaus.groovy.tools.GroovyStarter.rootLoader(GroovyStarter.java:109)
	at org.codehaus.groovy.tools.GroovyStarter.main(GroovyStarter.java:131)
)

2018-11-09 12:47:27 - [TEST_STEP][PASSED] - openBrowser: Browser is opened with url: ''

2018-11-09 12:47:27 - [MESSAGE][WARNING] - A browser is already opened. Closing browser and opening a new one

2018-11-09 12:47:32 - [MESSAGE][PASSED] - Browser is opened with url: ''

2018-11-09 12:47:32 - [TEST_STEP][PASSED] - navigateToUrl: Navigate to 'https://assist2-uat.perkeso.gov.my/login' successfully

2018-11-09 12:47:35 - [MESSAGE][PASSED] - Navigate to 'https://assist2-uat.perkeso.gov.my/login' successfully

2018-11-09 12:47:35 - [TEST_STEP][PASSED] - setText: Text 'johorotc1@gmail.com' is set on object 'Object Repository/Final Object Repo/Login Page/Internal User/Email Address'

2018-11-09 12:47:35 - [MESSAGE][PASSED] - Text 'johorotc1@gmail.com' is set on object 'Object Repository/Final Object Repo/Login Page/Internal User/Email Address'

2018-11-09 12:47:35 - [TEST_STEP][PASSED] - click: Object: 'Object Repository/Final Object Repo/Login Page/Internal User/Next Button' is clicked on

2018-11-09 12:47:35 - [MESSAGE][PASSED] - Object: 'Object Repository/Final Object Repo/Login Page/Internal User/Next Button' is clicked on

2018-11-09 12:47:35 - [TEST_STEP][PASSED] - delay: Delayed 1 second(s)

2018-11-09 12:47:36 - [MESSAGE][PASSED] - Delayed 1 second(s)

2018-11-09 12:47:36 - [TEST_STEP][PASSED] - setEncryptedText: Text ****** has been set on object 'Object Repository/Final Object Repo/Login Page/Internal User/Password'

2018-11-09 12:47:37 - [MESSAGE][PASSED] - Text ****** has been set on object 'Object Repository/Final Object Repo/Login Page/Internal User/Password'

2018-11-09 12:47:37 - [TEST_STEP][PASSED] - click: Object: 'Object Repository/Final Object Repo/Login Page/Internal User/Login Button' is clicked on

2018-11-09 12:47:40 - [MESSAGE][PASSED] - Object: 'Object Repository/Final Object Repo/Login Page/Internal User/Login Button' is clicked on

2018-11-09 12:47:40 - [TEST_STEP][PASSED] - delay: Delayed 1 second(s)

2018-11-09 12:47:41 - [MESSAGE][PASSED] - Delayed 1 second(s)

2018-11-09 12:47:41 - [TEST_STEP][PASSED] - Statement - Try: Delayed 2 second(s)

2018-11-09 12:47:41 - [TEST_STEP][PASSED] - Statement - Checker = false: null

2018-11-09 12:47:41 - [TEST_STEP][PASSED] - Statement - Checker = com.kms.katalon.core.webui.keyword.WebUiBuiltInKeywords.verifyElementHasAttribute(com.kms.katalon.core.testobject.ObjectRepository.findTestObject(Final Object Repo/Landing Page/BM Detecting), "href", 20, OPTIONAL): Object 'Object Repository/Final Object Repo/Landing Page/BM Detecting' has attribute 'href'

2018-11-09 12:47:41 - [MESSAGE][PASSED] - Object 'Object Repository/Final Object Repo/Landing Page/BM Detecting' has attribute 'href'

2018-11-09 12:47:41 - [TEST_STEP][PASSED] - Statement - out.println(Checker): null

2018-11-09 12:47:41 - [TEST_STEP][PASSED] - Statement - If (Checker == false): null

2018-11-09 12:47:41 - [TEST_STEP][PASSED] - Statement - Else: null

2018-11-09 12:47:41 - [TEST_STEP][PASSED] - delay: Delayed 2 second(s)

2018-11-09 12:47:43 - [MESSAGE][PASSED] - Delayed 2 second(s)

2018-11-09 12:47:43 - [TEST_STEP][PASSED] - navigateToUrl: Navigate to 'https://assist2-uat.perkeso.gov.my/web/registration/update/form-1a-cessation-as-employer-discontinue-business-' successfully

2018-11-09 12:47:45 - [MESSAGE][PASSED] - Navigate to 'https://assist2-uat.perkeso.gov.my/web/registration/update/form-1a-cessation-as-employer-discontinue-business-' successfully

2018-11-09 12:47:45 - [TEST_STEP][PASSED] - setText: Text 'E1102069770Z' is set on object 'Object Repository/Final Object Repo/Page_Update Employer Information/Employer Code'

2018-11-09 12:47:45 - [MESSAGE][PASSED] - Text 'E1102069770Z' is set on object 'Object Repository/Final Object Repo/Page_Update Employer Information/Employer Code'

2018-11-09 12:47:45 - [TEST_STEP][PASSED] - click: Object: 'Object Repository/Final Object Repo/Page_Update Employer Information/Search Button' is clicked on

2018-11-09 12:47:47 - [MESSAGE][PASSED] - Object: 'Object Repository/Final Object Repo/Page_Update Employer Information/Search Button' is clicked on

2018-11-09 12:47:47 - [TEST_STEP][PASSED] - click: Object: 'Object Repository/Final Object Repo/Page_Update Employer Information/Edit Button' is clicked on

2018-11-09 12:47:49 - [MESSAGE][PASSED] - Object: 'Object Repository/Final Object Repo/Page_Update Employer Information/Edit Button' is clicked on

2018-11-09 12:47:49 - [TEST_STEP][PASSED] - Statement - abc = com.kms.katalon.core.webui.keyword.WebUiBuiltInKeywords.getAttribute(com.kms.katalon.core.testobject.ObjectRepository.findTestObject(Final Object Repo/Page_Form 1A - Cessation As Employer/Employer Status), "value"): Attribute 'value' of object 'Object Repository/Final Object Repo/Page_Form 1A - Cessation As Employer/Employer Status' is: 'Dormant'

2018-11-09 12:47:49 - [MESSAGE][PASSED] - Attribute 'value' of object 'Object Repository/Final Object Repo/Page_Form 1A - Cessation As Employer/Employer Status' is: 'Dormant'

2018-11-09 12:47:49 - [TEST_STEP][PASSED] - Statement - out.println(abc): null

2018-11-09 12:47:49 - [TEST_STEP][PASSED] - Statement - If (abc == "Active"): null

2018-11-09 12:47:49 - [TEST_STEP][PASSED] - Statement - Else If (abc == "Cancel"): null

2018-11-09 12:47:49 - [TEST_STEP][PASSED] - Statement - Else If (abc == "Dormant"): Object: 'Object Repository/Final Object Repo/Page_Form 1A - Cessation As Employer/Change Employer Status to - Dormant' is clicked on

2018-11-09 12:47:49 - [TEST_STEP][PASSED] - click: Object: 'Object Repository/Final Object Repo/Page_Form 1A - Cessation As Employer/Change Employer Status to' is clicked on

2018-11-09 12:47:49 - [MESSAGE][PASSED] - Object: 'Object Repository/Final Object Repo/Page_Form 1A - Cessation As Employer/Change Employer Status to' is clicked on

2018-11-09 12:47:49 - [TEST_STEP][PASSED] - click: Object: 'Object Repository/Final Object Repo/Page_Form 1A - Cessation As Employer/Change Employer Status to - Dormant' is clicked on

2018-11-09 12:47:50 - [MESSAGE][PASSED] - Object: 'Object Repository/Final Object Repo/Page_Form 1A - Cessation As Employer/Change Employer Status to - Dormant' is clicked on

2018-11-09 12:47:50 - [TEST_STEP][PASSED] - click: Object: 'Object Repository/Final Object Repo/Page_Form 1A - Cessation As Employer/Calender' is clicked on

2018-11-09 12:47:51 - [MESSAGE][PASSED] - Object: 'Object Repository/Final Object Repo/Page_Form 1A - Cessation As Employer/Calender' is clicked on

2018-11-09 12:47:51 - [TEST_STEP][PASSED] - click: Object: 'Object Repository/Final Object Repo/Page_Form 1A - Cessation As Employer/Calender - Date' is clicked on

2018-11-09 12:47:51 - [MESSAGE][PASSED] - Object: 'Object Repository/Final Object Repo/Page_Form 1A - Cessation As Employer/Calender - Date' is clicked on

2018-11-09 12:47:51 - [TEST_STEP][PASSED] - delay: Delayed 2 second(s)

2018-11-09 12:47:53 - [MESSAGE][PASSED] - Delayed 2 second(s)

2018-11-09 12:47:53 - [TEST_STEP][PASSED] - click: Object: 'Object Repository/Final Object Repo/Page_Form 1A - Cessation As Employer/Save  Continue in Form 1A Page' is clicked on

2018-11-09 12:47:56 - [MESSAGE][PASSED] - Object: 'Object Repository/Final Object Repo/Page_Form 1A - Cessation As Employer/Save  Continue in Form 1A Page' is clicked on

2018-11-09 12:47:56 - [TEST_STEP][PASSED] - delay: Delayed 2 second(s)

2018-11-09 12:47:58 - [MESSAGE][PASSED] - Delayed 2 second(s)

2018-11-09 12:47:58 - [TEST_STEP][PASSED] - click: Object: 'Object Repository/Final Object Repo/Page_Form 1A - Cessation As Employer/Employment Resign Date' is clicked on

2018-11-09 12:47:59 - [MESSAGE][PASSED] - Object: 'Object Repository/Final Object Repo/Page_Form 1A - Cessation As Employer/Employment Resign Date' is clicked on

2018-11-09 12:47:59 - [TEST_STEP][PASSED] - delay: Delayed 1 second(s)

2018-11-09 12:48:00 - [MESSAGE][PASSED] - Delayed 1 second(s)

2018-11-09 12:48:00 - [TEST_STEP][PASSED] - Statement - CaseReferenceNo = com.kms.katalon.core.webui.keyword.WebUiBuiltInKeywords.getText(com.kms.katalon.core.testobject.ObjectRepository.findTestObject(Final Object Repo/Page_Update Employer Information/Reference Number in Update Employee Information Page)): Text of object 'Object Repository/Final Object Repo/Page_Update Employer Information/Reference Number in Update Employee Information Page' is: 'CUN112018C200001537'

2018-11-09 12:48:00 - [MESSAGE][PASSED] - Text of object 'Object Repository/Final Object Repo/Page_Update Employer Information/Reference Number in Update Employee Information Page' is: 'CUN112018C200001537'

2018-11-09 12:48:00 - [TEST_STEP][PASSED] - callTestCase: Call Test Case 'Test Cases/Final Aug 2018 - PKS Automation/Common/Reference Number Setter' successfully

2018-11-09 12:48:00 - [TEST_CASE][PASSED] - Test Cases/Final Aug 2018 - PKS Automation/Common/Reference Number Setter: Test Cases/Final Aug 2018 - PKS Automation/Common/Reference Number Setter

2018-11-09 12:48:00 - [TEST_STEP][PASSED] - Statement - RefNoOldFile = new java.io.File(C://KatalonReference.txt): null

2018-11-09 12:48:00 - [TEST_STEP][PASSED] - Statement - RefNoOldFile.delete(): null

2018-11-09 12:48:00 - [TEST_STEP][PASSED] - Statement - RefNo = new java.io.File(C://KatalonReference.txt): null

2018-11-09 12:48:00 - [TEST_STEP][PASSED] - Statement - RefNo.append(CaseReferenceNo): null

2018-11-09 12:48:00 - [TEST_STEP][PASSED] - Statement - out.println("


" + CaseReferenceNo + "


"): null

2018-11-09 12:48:00 - [MESSAGE][PASSED] - Call Test Case 'Test Cases/Final Aug 2018 - PKS Automation/Common/Reference Number Setter' successfully

2018-11-09 12:48:00 - [TEST_STEP][PASSED] - selectOptionByValue: All options with value '2030' are selected in object 'Object Repository/Final Object Repo/Page_Form 1A - Cessation As Employer/Employment Resign Date - Year' 

2018-11-09 12:48:00 - [MESSAGE][PASSED] - All options with value '2030' are selected in object 'Object Repository/Final Object Repo/Page_Form 1A - Cessation As Employer/Employment Resign Date - Year' 

2018-11-09 12:48:00 - [TEST_STEP][PASSED] - delay: Delayed 1 second(s)

2018-11-09 12:48:01 - [MESSAGE][PASSED] - Delayed 1 second(s)

2018-11-09 12:48:01 - [TEST_STEP][PASSED] - click: Object: 'Object Repository/Final Object Repo/Page_Form 1A - Cessation As Employer/Employment Resign Date - Year - Date' is clicked on

2018-11-09 12:48:01 - [MESSAGE][PASSED] - Object: 'Object Repository/Final Object Repo/Page_Form 1A - Cessation As Employer/Employment Resign Date - Year - Date' is clicked on

2018-11-09 12:48:01 - [TEST_STEP][PASSED] - delay: Delayed 2 second(s)

2018-11-09 12:48:03 - [MESSAGE][PASSED] - Delayed 2 second(s)

2018-11-09 12:48:03 - [TEST_STEP][PASSED] - click: Object: 'Object Repository/Final Object Repo/Page_Form 1A - Cessation As Employer/Save  Continue in Update Add Employee Resigned Date Page' is clicked on

2018-11-09 12:48:08 - [MESSAGE][PASSED] - Object: 'Object Repository/Final Object Repo/Page_Form 1A - Cessation As Employer/Save  Continue in Update Add Employee Resigned Date Page' is clicked on

2018-11-09 12:48:08 - [TEST_STEP][PASSED] - delay: Delayed 2 second(s)

2018-11-09 12:48:10 - [MESSAGE][PASSED] - Delayed 2 second(s)

2018-11-09 12:48:10 - [TEST_STEP][PASSED] - click: Object: 'Object Repository/Final Object Repo/Page_Form 1A - Cessation As Employer/Add Document' is clicked on

2018-11-09 12:48:10 - [MESSAGE][PASSED] - Object: 'Object Repository/Final Object Repo/Page_Form 1A - Cessation As Employer/Add Document' is clicked on

2018-11-09 12:48:10 - [TEST_STEP][PASSED] - delay: Delayed 2 second(s)

2018-11-09 12:48:12 - [MESSAGE][PASSED] - Delayed 2 second(s)

2018-11-09 12:48:12 - [TEST_STEP][FAILED] - click: Unable to click on object 'Object Repository/Final Object Repo/Page_Form 1A - Cessation As Employer/Document Type' (Root cause: org.openqa.selenium.ElementClickInterceptedException: Element <span class="select2-selection select2-selection--single"> is not clickable at point (482.4833221435547,202.25) because another element <div class="blockUI blockOverlay"> obscures it
Build info: version: '3.9.1', revision: '63f7b50', time: '2018-02-07T22:42:28.403Z'
System info: host: 'WEIZHENG', ip: '10.212.128.118', os.name: 'Windows 7', os.arch: 'amd64', os.version: '6.1', java.version: '1.8.0_181'
Driver info: com.kms.katalon.core.webui.driver.firefox.CGeckoDriver
Capabilities {acceptInsecureCerts: true, browserName: firefox, browserVersion: 63.0.1, javascriptEnabled: true, moz:accessibilityChecks: false, moz:geckodriverVersion: 0.23.0, moz:headless: false, moz:processID: 9596, moz:profile: C:\Users\Wei Zheng\AppData\..., moz:useNonSpecCompliantPointerOrigin: false, moz:webdriverClick: true, pageLoadStrategy: normal, platform: WINDOWS, platformName: WINDOWS, platformVersion: 6.1, proxy: Proxy(direct), rotatable: false, setWindowRect: true, timeouts: {implicit: 0, pageLoad: 300000, script: 30000}, unhandledPromptBehavior: dismiss and notify}
Session ID: 9441f622-f393-47b9-98a9-8f5ecdcb4f28)

2018-11-09 12:48:13 - [MESSAGE][FAILED] - Unable to click on object 'Object Repository/Final Object Repo/Page_Form 1A - Cessation As Employer/Document Type' (Root cause: org.openqa.selenium.ElementClickInterceptedException: Element <span class="select2-selection select2-selection--single"> is not clickable at point (482.4833221435547,202.25) because another element <div class="blockUI blockOverlay"> obscures it
Build info: version: '3.9.1', revision: '63f7b50', time: '2018-02-07T22:42:28.403Z'
System info: host: 'WEIZHENG', ip: '10.212.128.118', os.name: 'Windows 7', os.arch: 'amd64', os.version: '6.1', java.version: '1.8.0_181'
Driver info: com.kms.katalon.core.webui.driver.firefox.CGeckoDriver
Capabilities {acceptInsecureCerts: true, browserName: firefox, browserVersion: 63.0.1, javascriptEnabled: true, moz:accessibilityChecks: false, moz:geckodriverVersion: 0.23.0, moz:headless: false, moz:processID: 9596, moz:profile: C:\Users\Wei Zheng\AppData\..., moz:useNonSpecCompliantPointerOrigin: false, moz:webdriverClick: true, pageLoadStrategy: normal, platform: WINDOWS, platformName: WINDOWS, platformVersion: 6.1, proxy: Proxy(direct), rotatable: false, setWindowRect: true, timeouts: {implicit: 0, pageLoad: 300000, script: 30000}, unhandledPromptBehavior: dismiss and notify}
Session ID: 9441f622-f393-47b9-98a9-8f5ecdcb4f28)
[[ATTACHMENT|C:\\Users\\LENOVO\\Katalon Studio\\Perkeso Phase A\\Reports\\Workflow\\Form 1A - Cessation as Employer\\20181109_121149\\1541738893045.png]]

2018-11-09 12:48:13 - [TEST_STEP][PASSED] - delay: Delayed 2 second(s)

2018-11-09 12:48:15 - [MESSAGE][PASSED] - Delayed 2 second(s)

2018-11-09 12:48:15 - [TEST_STEP][FAILED] - click: Unable to click on object 'Object Repository/Final Object Repo/Page_Form 1A - Cessation As Employer/Document Type - Supporting Document For Cessation' (Root cause: com.kms.katalon.core.webui.exception.WebElementNotFoundException: Web element with id: 'Object Repository/Final Object Repo/Page_Form 1A - Cessation As Employer/Document Type - Supporting Document For Cessation' located by 'By.xpath: //span[(contains(text(), 'Supporting Document For Cessation (e.g. Form 1A)'))]' not found)

2018-11-09 12:48:47 - [MESSAGE][FAILED] - Unable to click on object 'Object Repository/Final Object Repo/Page_Form 1A - Cessation As Employer/Document Type - Supporting Document For Cessation' (Root cause: com.kms.katalon.core.webui.exception.WebElementNotFoundException: Web element with id: 'Object Repository/Final Object Repo/Page_Form 1A - Cessation As Employer/Document Type - Supporting Document For Cessation' located by 'By.xpath: //span[(contains(text(), 'Supporting Document For Cessation (e.g. Form 1A)'))]' not found)
[[ATTACHMENT|C:\\Users\\LENOVO\\Katalon Studio\\Perkeso Phase A\\Reports\\Workflow\\Form 1A - Cessation as Employer\\20181109_121149\\1541738927264.png]]

2018-11-09 12:48:47 - [TEST_STEP][PASSED] - delay: Delayed 2 second(s)

2018-11-09 12:48:49 - [MESSAGE][PASSED] - Delayed 2 second(s)

2018-11-09 12:48:49 - [TEST_STEP][PASSED] - sendKeys: Keys 'C:\Users\Public\Pictures\Sample Pictures\Act.jpg' sent to object: 'Object Repository/Final Object Repo/Page_Form 1A - Cessation As Employer/Uploading File'

2018-11-09 12:48:49 - [MESSAGE][PASSED] - Keys 'C:\Users\Public\Pictures\Sample Pictures\Act.jpg' sent to object: 'Object Repository/Final Object Repo/Page_Form 1A - Cessation As Employer/Uploading File'

2018-11-09 12:48:49 - [TEST_STEP][PASSED] - delay: Delayed 2 second(s)

2018-11-09 12:48:51 - [MESSAGE][PASSED] - Delayed 2 second(s)

2018-11-09 12:48:51 - [TEST_STEP][PASSED] - click: Object: 'Object Repository/Final Object Repo/Page_Form 1A - Cessation As Employer/Add Document in Uploading Page' is clicked on

2018-11-09 12:48:51 - [MESSAGE][PASSED] - Object: 'Object Repository/Final Object Repo/Page_Form 1A - Cessation As Employer/Add Document in Uploading Page' is clicked on

2018-11-09 12:48:51 - [TEST_STEP][PASSED] - delay: Delayed 20 second(s)

2018-11-09 12:49:11 - [MESSAGE][PASSED] - Delayed 20 second(s)

2018-11-09 12:49:11 - [TEST_STEP][FAILED] - click: Unable to click on object 'Object Repository/Final Object Repo/Page_Form 1A - Cessation As Employer/Save  Continue in Uploading Page' (Root cause: org.openqa.selenium.ElementClickInterceptedException: Element <a id="_searchforemployer_WAR_registrationportlet_saveNContinueFormBtnId" class="btn btn-lg blueBtn col-md-2 pull-right" href="https://assist2-uat.perkeso.gov.my/web/registration/update/form-1a-cessation-as-employer-discontinue-business-?p_auth=7o9iBk0d&p_p_id=searchforemployer_WAR_registrationportlet&p_p_lifecycle=1&p_p_state=normal&p_p_mode=view&p_p_col_id=column-1&p_p_col_count=1&_searchforemployer_WAR_registrationportlet_javax.portlet.action=exeAction&_searchforemployer_WAR_registrationportlet_mvcPath=%2Fapps%2Freg%2Fdiscontinue_business%2Fdiscontinue_business_preview.jsp&_searchforemployer_WAR_registrationportlet_browserIdKey=1541738864342"> is not clickable at point (1150.3749542236328,625.933349609375) because another element <div id="yui_patched_v3_11_0_1_1541738886953_409" class="col-md-12"> obscures it
Build info: version: '3.9.1', revision: '63f7b50', time: '2018-02-07T22:42:28.403Z'
System info: host: 'WEIZHENG', ip: '10.212.128.118', os.name: 'Windows 7', os.arch: 'amd64', os.version: '6.1', java.version: '1.8.0_181'
Driver info: com.kms.katalon.core.webui.driver.firefox.CGeckoDriver
Capabilities {acceptInsecureCerts: true, browserName: firefox, browserVersion: 63.0.1, javascriptEnabled: true, moz:accessibilityChecks: false, moz:geckodriverVersion: 0.23.0, moz:headless: false, moz:processID: 9596, moz:profile: C:\Users\Wei Zheng\AppData\..., moz:useNonSpecCompliantPointerOrigin: false, moz:webdriverClick: true, pageLoadStrategy: normal, platform: WINDOWS, platformName: WINDOWS, platformVersion: 6.1, proxy: Proxy(direct), rotatable: false, setWindowRect: true, timeouts: {implicit: 0, pageLoad: 300000, script: 30000}, unhandledPromptBehavior: dismiss and notify}
Session ID: 9441f622-f393-47b9-98a9-8f5ecdcb4f28)

2018-11-09 12:49:11 - [MESSAGE][FAILED] - Unable to click on object 'Object Repository/Final Object Repo/Page_Form 1A - Cessation As Employer/Save  Continue in Uploading Page' (Root cause: org.openqa.selenium.ElementClickInterceptedException: Element <a id="_searchforemployer_WAR_registrationportlet_saveNContinueFormBtnId" class="btn btn-lg blueBtn col-md-2 pull-right" href="https://assist2-uat.perkeso.gov.my/web/registration/update/form-1a-cessation-as-employer-discontinue-business-?p_auth=7o9iBk0d&p_p_id=searchforemployer_WAR_registrationportlet&p_p_lifecycle=1&p_p_state=normal&p_p_mode=view&p_p_col_id=column-1&p_p_col_count=1&_searchforemployer_WAR_registrationportlet_javax.portlet.action=exeAction&_searchforemployer_WAR_registrationportlet_mvcPath=%2Fapps%2Freg%2Fdiscontinue_business%2Fdiscontinue_business_preview.jsp&_searchforemployer_WAR_registrationportlet_browserIdKey=1541738864342"> is not clickable at point (1150.3749542236328,625.933349609375) because another element <div id="yui_patched_v3_11_0_1_1541738886953_409" class="col-md-12"> obscures it
Build info: version: '3.9.1', revision: '63f7b50', time: '2018-02-07T22:42:28.403Z'
System info: host: 'WEIZHENG', ip: '10.212.128.118', os.name: 'Windows 7', os.arch: 'amd64', os.version: '6.1', java.version: '1.8.0_181'
Driver info: com.kms.katalon.core.webui.driver.firefox.CGeckoDriver
Capabilities {acceptInsecureCerts: true, browserName: firefox, browserVersion: 63.0.1, javascriptEnabled: true, moz:accessibilityChecks: false, moz:geckodriverVersion: 0.23.0, moz:headless: false, moz:processID: 9596, moz:profile: C:\Users\Wei Zheng\AppData\..., moz:useNonSpecCompliantPointerOrigin: false, moz:webdriverClick: true, pageLoadStrategy: normal, platform: WINDOWS, platformName: WINDOWS, platformVersion: 6.1, proxy: Proxy(direct), rotatable: false, setWindowRect: true, timeouts: {implicit: 0, pageLoad: 300000, script: 30000}, unhandledPromptBehavior: dismiss and notify}
Session ID: 9441f622-f393-47b9-98a9-8f5ecdcb4f28)
[[ATTACHMENT|C:\\Users\\LENOVO\\Katalon Studio\\Perkeso Phase A\\Reports\\Workflow\\Form 1A - Cessation as Employer\\20181109_121149\\1541738951844.png]]

2018-11-09 12:49:11 - [TEST_STEP][PASSED] - delay: Delayed 2 second(s)

2018-11-09 12:49:13 - [MESSAGE][PASSED] - Delayed 2 second(s)

2018-11-09 12:49:13 - [TEST_STEP][FAILED] - click: Unable to click on object 'Object Repository/Final Object Repo/Page_Form 1A - Cessation As Employer/Submit2' (Root cause: com.kms.katalon.core.webui.exception.WebElementNotFoundException: Web element with id: 'Object Repository/Final Object Repo/Page_Form 1A - Cessation As Employer/Submit2' located by 'By.xpath: //a[(text() = '
							SUBMIT
		            	' or . = '
							SUBMIT
		            	')]' not found)

2018-11-09 12:49:51 - [MESSAGE][FAILED] - Unable to click on object 'Object Repository/Final Object Repo/Page_Form 1A - Cessation As Employer/Submit2' (Root cause: com.kms.katalon.core.webui.exception.WebElementNotFoundException: Web element with id: 'Object Repository/Final Object Repo/Page_Form 1A - Cessation As Employer/Submit2' located by 'By.xpath: //a[(text() = '
							SUBMIT
		            	' or . = '
							SUBMIT
		            	')]' not found)
[[ATTACHMENT|C:\\Users\\LENOVO\\Katalon Studio\\Perkeso Phase A\\Reports\\Workflow\\Form 1A - Cessation as Employer\\20181109_121149\\1541738991819.png]]

2018-11-09 12:49:51 - [TEST_STEP][PASSED] - delay: Delayed 2 second(s)

2018-11-09 12:49:53 - [MESSAGE][PASSED] - Delayed 2 second(s)

2018-11-09 12:49:53 - [TEST_STEP][FAILED] - click: Unable to click on object 'Object Repository/Final Object Repo/Page_Form 1A - Cessation As Employer/Confirm' (Root cause: com.kms.katalon.core.webui.exception.WebElementNotFoundException: Web element with id: 'Object Repository/Final Object Repo/Page_Form 1A - Cessation As Employer/Confirm' located by 'By.xpath: //span[(text() = 'CONFIRM' or . = 'CONFIRM')]' not found)

2018-11-09 12:50:26 - [MESSAGE][FAILED] - Unable to click on object 'Object Repository/Final Object Repo/Page_Form 1A - Cessation As Employer/Confirm' (Root cause: com.kms.katalon.core.webui.exception.WebElementNotFoundException: Web element with id: 'Object Repository/Final Object Repo/Page_Form 1A - Cessation As Employer/Confirm' located by 'By.xpath: //span[(text() = 'CONFIRM' or . = 'CONFIRM')]' not found)
[[ATTACHMENT|C:\\Users\\LENOVO\\Katalon Studio\\Perkeso Phase A\\Reports\\Workflow\\Form 1A - Cessation as Employer\\20181109_121149\\1541739026363.png]]

2018-11-09 12:50:26 - [TEST_STEP][PASSED] - delay: Delayed 2 second(s)

2018-11-09 12:50:28 - [MESSAGE][PASSED] - Delayed 2 second(s)

2018-11-09 12:50:28 - [TEST_STEP][FAILED] - verifyElementVisible: Web element with id: 'Object Repository/Final Object Repo/Page_Form 1A - Cessation As Employer/Message Your Request will be routed to UO' located by 'By.xpath: //div[(text() = '
			    			
			    			
			    			
			    			
			    				Your Request will be routed to 
			    				UO
			    			
			    			
			    			









































































' or . = '
			    			
			    			
			    			
			    			
			    				Your Request will be routed to 
			    				UO
			    			
			    			
			    			









































































')]' not found

2018-11-09 12:51:02 - [MESSAGE][FAILED] - Web element with id: 'Object Repository/Final Object Repo/Page_Form 1A - Cessation As Employer/Message Your Request will be routed to UO' located by 'By.xpath: //div[(text() = '
			    			
			    			
			    			
			    			
			    				Your Request will be routed to 
			    				UO
			    			
			    			
			    			









































































' or . = '
			    			
			    			
			    			
			    			
			    				Your Request will be routed to 
			    				UO
			    			
			    			
			    			









































































')]' not found
[[ATTACHMENT|C:\\Users\\LENOVO\\Katalon Studio\\Perkeso Phase A\\Reports\\Workflow\\Form 1A - Cessation as Employer\\20181109_121149\\1541739062122.png]]

2018-11-09 12:51:02 - [TEST_STEP][PASSED] - delay: Delayed 1 second(s)

2018-11-09 12:51:03 - [MESSAGE][PASSED] - Delayed 1 second(s)

2018-11-09 12:51:03 - [TEST_STEP][FAILED] - verifyElementVisible: Web element with id: 'Object Repository/Final Object Repo/Page_Form 1A - Cessation As Employer/Letter of acknowledgement' located by 'By.xpath: //a[(text() = '
							 
							Letter of acknowledgement.pdf
						' or . = '
							 
							Letter of acknowledgement.pdf
						')]' not found

2018-11-09 12:51:37 - [MESSAGE][FAILED] - Web element with id: 'Object Repository/Final Object Repo/Page_Form 1A - Cessation As Employer/Letter of acknowledgement' located by 'By.xpath: //a[(text() = '
							 
							Letter of acknowledgement.pdf
						' or . = '
							 
							Letter of acknowledgement.pdf
						')]' not found
[[ATTACHMENT|C:\\Users\\LENOVO\\Katalon Studio\\Perkeso Phase A\\Reports\\Workflow\\Form 1A - Cessation as Employer\\20181109_121149\\1541739097250.png]]

2018-11-09 12:51:37 - [MESSAGE][FAILED] - Unable to call Test Case with id 'Test Cases/Final Aug 2018 - PKS Automation/Registration Module/Workflow/Form 1A - Cessation As Employer/Template/Form 1 A - Cessation As Employer (OTC)' (Root cause: Call Test Case 'Test Cases/Final Aug 2018 - PKS Automation/Registration Module/Workflow/Form 1A - Cessation As Employer/Template/Form 1 A - Cessation As Employer (OTC)' failed)

2018-11-09 12:51:37 - [MESSAGE][FAILED] - Unable to call Test Case with id 'Test Cases/Final Aug 2018 - PKS Automation/Registration Module/Workflow/Form 1A - Cessation As Employer/Template/Form 1 A - Cessation As Employer (Reject)' (Root cause: Call Test Case 'Test Cases/Final Aug 2018 - PKS Automation/Registration Module/Workflow/Form 1A - Cessation As Employer/Template/Form 1 A - Cessation As Employer (Reject)' failed)]]></system-out>
         <system-err><![CDATA[2018-11-09 12:37:04 - [TEST_CASE][FAILED] - Test Cases/Final Aug 2018 - PKS Automation/Registration Module/Workflow/Form 1A - Cessation As Employer/Employer to UO (Reject): Test Cases/Final Aug 2018 - PKS Automation/Registration Module/Workflow/Form 1A - Cessation As Employer/Employer to UO (Reject) FAILED because (of) (Stack trace: com.kms.katalon.core.exception.StepFailedException: Unable to click on object 'Object Repository/Final Object Repo/Page_Form 1A - Cessation As Employer/Document Type' (Root cause: org.openqa.selenium.ElementClickInterceptedException: Element <span class="select2-selection select2-selection--single"> is not clickable at point (482.4833221435547,202.25) because another element <div class="blockUI blockOverlay"> obscures it
Build info: version: '3.9.1', revision: '63f7b50', time: '2018-02-07T22:42:28.403Z'
System info: host: 'WEIZHENG', ip: '10.212.128.118', os.name: 'Windows 7', os.arch: 'amd64', os.version: '6.1', java.version: '1.8.0_181'
Driver info: com.kms.katalon.core.webui.driver.firefox.CGeckoDriver
Capabilities {acceptInsecureCerts: true, browserName: firefox, browserVersion: 63.0.1, javascriptEnabled: true, moz:accessibilityChecks: false, moz:geckodriverVersion: 0.23.0, moz:headless: false, moz:processID: 9596, moz:profile: C:\Users\Wei Zheng\AppData\..., moz:useNonSpecCompliantPointerOrigin: false, moz:webdriverClick: true, pageLoadStrategy: normal, platform: WINDOWS, platformName: WINDOWS, platformVersion: 6.1, proxy: Proxy(direct), rotatable: false, setWindowRect: true, timeouts: {implicit: 0, pageLoad: 300000, script: 30000}, unhandledPromptBehavior: dismiss and notify}
Session ID: 9441f622-f393-47b9-98a9-8f5ecdcb4f28)
	at com.kms.katalon.core.keyword.internal.KeywordMain.stepFailed(KeywordMain.groovy:32)
	at com.kms.katalon.core.webui.keyword.internal.WebUIKeywordMain.stepFailed(WebUIKeywordMain.groovy:65)
	at com.kms.katalon.core.webui.keyword.internal.WebUIKeywordMain.runKeyword(WebUIKeywordMain.groovy:27)
	at com.kms.katalon.core.webui.keyword.builtin.ClickKeyword.click(ClickKeyword.groovy:86)
	at com.kms.katalon.core.webui.keyword.builtin.ClickKeyword.execute(ClickKeyword.groovy:67)
	at com.kms.katalon.core.keyword.internal.KeywordExecutor.executeKeywordForPlatform(KeywordExecutor.groovy:53)
	at com.kms.katalon.core.webui.keyword.WebUiBuiltInKeywords.click(WebUiBuiltInKeywords.groovy:616)
	at com.kms.katalon.core.webui.keyword.WebUiBuiltInKeywords$click$2.call(Unknown Source)
	at org.codehaus.groovy.runtime.callsite.CallSiteArray.defaultCall(CallSiteArray.java:48)
	at org.codehaus.groovy.runtime.callsite.AbstractCallSite.call(AbstractCallSite.java:113)
	at org.codehaus.groovy.runtime.callsite.AbstractCallSite.call(AbstractCallSite.java:125)
	at Script1536137325809.run(Script1536137325809.groovy:144)
	at com.kms.katalon.core.main.ScriptEngine.run(ScriptEngine.java:183)
	at com.kms.katalon.core.main.ScriptEngine.runScriptAsRawText(ScriptEngine.java:108)
	at com.kms.katalon.core.main.TestCaseExecutor.runScript(TestCaseExecutor.java:294)
	at com.kms.katalon.core.main.TestCaseExecutor.doExecute(TestCaseExecutor.java:285)
	at com.kms.katalon.core.main.TestCaseExecutor.processExecutionPhase(TestCaseExecutor.java:264)
	at com.kms.katalon.core.main.TestCaseExecutor.accessMainPhase(TestCaseExecutor.java:256)
	at com.kms.katalon.core.main.TestCaseExecutor.execute(TestCaseExecutor.java:200)
	at com.kms.katalon.core.main.TestCaseMain.runTestCase(TestCaseMain.java:99)
	at com.kms.katalon.core.keyword.builtin.CallTestCaseKeyword$_callTestCase_closure1.doCall(CallTestCaseKeyword.groovy:60)
	at com.kms.katalon.core.keyword.builtin.CallTestCaseKeyword$_callTestCase_closure1.call(CallTestCaseKeyword.groovy)
	at com.kms.katalon.core.keyword.internal.KeywordMain.runKeyword(KeywordMain.groovy:54)
	at com.kms.katalon.core.keyword.builtin.CallTestCaseKeyword.callTestCase(CallTestCaseKeyword.groovy:81)
	at com.kms.katalon.core.keyword.builtin.CallTestCaseKeyword.execute(CallTestCaseKeyword.groovy:45)
	at com.kms.katalon.core.keyword.internal.KeywordExecutor.executeKeywordForPlatform(KeywordExecutor.groovy:53)
	at com.kms.katalon.core.keyword.BuiltinKeywords.callTestCase(BuiltinKeywords.groovy:334)
	at sun.reflect.GeneratedMethodAccessor13.invoke(Unknown Source)
	at sun.reflect.DelegatingMethodAccessorImpl.invoke(DelegatingMethodAccessorImpl.java:43)
	at java.lang.reflect.Method.invoke(Method.java:498)
	at org.codehaus.groovy.reflection.CachedMethod.invoke(CachedMethod.java:93)
	at groovy.lang.MetaMethod.doMethodInvoke(MetaMethod.java:325)
	at groovy.lang.MetaClassImpl.invokeStaticMethod(MetaClassImpl.java:1469)
	at org.codehaus.groovy.runtime.callsite.StaticMetaClassSite.call(StaticMetaClassSite.java:53)
	at org.codehaus.groovy.runtime.callsite.CallSiteArray.defaultCall(CallSiteArray.java:48)
	at org.codehaus.groovy.runtime.callsite.AbstractCallSite.call(AbstractCallSite.java:113)
	at org.codehaus.groovy.runtime.callsite.AbstractCallSite.call(AbstractCallSite.java:141)
	at Script1535961073924.run(Script1535961073924.groovy:22)
	at com.kms.katalon.core.main.ScriptEngine.run(ScriptEngine.java:183)
	at com.kms.katalon.core.main.ScriptEngine.runScriptAsRawText(ScriptEngine.java:108)
	at com.kms.katalon.core.main.TestCaseExecutor.runScript(TestCaseExecutor.java:294)
	at com.kms.katalon.core.main.TestCaseExecutor.doExecute(TestCaseExecutor.java:285)
	at com.kms.katalon.core.main.TestCaseExecutor.processExecutionPhase(TestCaseExecutor.java:264)
	at com.kms.katalon.core.main.TestCaseExecutor.accessMainPhase(TestCaseExecutor.java:256)
	at com.kms.katalon.core.main.TestCaseExecutor.execute(TestCaseExecutor.java:200)
	at com.kms.katalon.core.main.TestCaseMain.runTestCase(TestCaseMain.java:99)
	at com.kms.katalon.core.keyword.builtin.CallTestCaseKeyword$_callTestCase_closure1.doCall(CallTestCaseKeyword.groovy:60)
	at com.kms.katalon.core.keyword.builtin.CallTestCaseKeyword$_callTestCase_closure1.call(CallTestCaseKeyword.groovy)
	at com.kms.katalon.core.keyword.internal.KeywordMain.runKeyword(KeywordMain.groovy:54)
	at com.kms.katalon.core.keyword.builtin.CallTestCaseKeyword.callTestCase(CallTestCaseKeyword.groovy:81)
	at com.kms.katalon.core.keyword.builtin.CallTestCaseKeyword.execute(CallTestCaseKeyword.groovy:45)
	at com.kms.katalon.core.keyword.internal.KeywordExecutor.executeKeywordForPlatform(KeywordExecutor.groovy:53)
	at com.kms.katalon.core.keyword.BuiltinKeywords.callTestCase(BuiltinKeywords.groovy:334)
	at sun.reflect.GeneratedMethodAccessor13.invoke(Unknown Source)
	at sun.reflect.DelegatingMethodAccessorImpl.invoke(DelegatingMethodAccessorImpl.java:43)
	at java.lang.reflect.Method.invoke(Method.java:498)
	at org.codehaus.groovy.reflection.CachedMethod.invoke(CachedMethod.java:93)
	at groovy.lang.MetaMethod.doMethodInvoke(MetaMethod.java:325)
	at groovy.lang.MetaClassImpl.invokeStaticMethod(MetaClassImpl.java:1469)
	at org.codehaus.groovy.runtime.callsite.StaticMetaClassSite.call(StaticMetaClassSite.java:53)
	at org.codehaus.groovy.runtime.callsite.CallSiteArray.defaultCall(CallSiteArray.java:48)
	at org.codehaus.groovy.runtime.callsite.AbstractCallSite.call(AbstractCallSite.java:113)
	at org.codehaus.groovy.runtime.callsite.AbstractCallSite.call(AbstractCallSite.java:141)
	at Script1536729583481.run(Script1536729583481.groovy:25)
	at com.kms.katalon.core.main.ScriptEngine.run(ScriptEngine.java:183)
	at com.kms.katalon.core.main.ScriptEngine.runScriptAsRawText(ScriptEngine.java:108)
	at com.kms.katalon.core.main.TestCaseExecutor.runScript(TestCaseExecutor.java:294)
	at com.kms.katalon.core.main.TestCaseExecutor.doExecute(TestCaseExecutor.java:285)
	at com.kms.katalon.core.main.TestCaseExecutor.processExecutionPhase(TestCaseExecutor.java:264)
	at com.kms.katalon.core.main.TestCaseExecutor.accessMainPhase(TestCaseExecutor.java:256)
	at com.kms.katalon.core.main.TestCaseExecutor.execute(TestCaseExecutor.java:200)
	at com.kms.katalon.core.main.TestSuiteExecutor.accessTestCaseMainPhase(TestSuiteExecutor.java:129)
	at com.kms.katalon.core.main.TestSuiteExecutor.accessTestSuiteMainPhase(TestSuiteExecutor.java:112)
	at com.kms.katalon.core.main.TestSuiteExecutor.execute(TestSuiteExecutor.java:81)
	at com.kms.katalon.core.main.TestCaseMain.startTestSuite(TestCaseMain.java:142)
	at com.kms.katalon.core.main.TestCaseMain$startTestSuite$0.call(Unknown Source)
	at org.codehaus.groovy.runtime.callsite.CallSiteArray.defaultCall(CallSiteArray.java:48)
	at org.codehaus.groovy.runtime.callsite.AbstractCallSite.call(AbstractCallSite.java:113)
	at org.codehaus.groovy.runtime.callsite.AbstractCallSite.call(AbstractCallSite.java:141)
	at TempTestSuite1541736709639.run(TempTestSuite1541736709639.groovy:36)
	at groovy.lang.GroovyShell.runScriptOrMainOrTestOrRunnable(GroovyShell.java:263)
	at groovy.lang.GroovyShell.run(GroovyShell.java:518)
	at groovy.lang.GroovyShell.run(GroovyShell.java:507)
	at groovy.ui.GroovyMain.processOnce(GroovyMain.java:653)
	at groovy.ui.GroovyMain.run(GroovyMain.java:384)
	at groovy.ui.GroovyMain.process(GroovyMain.java:370)
	at groovy.ui.GroovyMain.processArgs(GroovyMain.java:129)
	at groovy.ui.GroovyMain.main(GroovyMain.java:109)
	at sun.reflect.NativeMethodAccessorImpl.invoke0(Native Method)
	at sun.reflect.NativeMethodAccessorImpl.invoke(NativeMethodAccessorImpl.java:62)
	at sun.reflect.DelegatingMethodAccessorImpl.invoke(DelegatingMethodAccessorImpl.java:43)
	at java.lang.reflect.Method.invoke(Method.java:498)
	at org.codehaus.groovy.tools.GroovyStarter.rootLoader(GroovyStarter.java:109)
	at org.codehaus.groovy.tools.GroovyStarter.main(GroovyStarter.java:131)
)]]></system-err>
      </testcase>
      <testcase name="Test Cases/Final Aug 2018 - PKS Automation/Registration Module/Workflow/Form 1A - Cessation As Employer/Employer to UO (Under enforcement)" classname="Test Cases/Final Aug 2018 - PKS Automation/Registration Module/Workflow/Form 1A - Cessation As Employer/Employer to UO (Under enforcement)" status="PASSED">
         <system-out><![CDATA[2018-11-09 12:51:37 - [TEST_CASE][PASSED] - Test Cases/Final Aug 2018 - PKS Automation/Registration Module/Workflow/Form 1A - Cessation As Employer/Employer to UO (Under enforcement): Test Cases/Final Aug 2018 - PKS Automation/Registration Module/Workflow/Form 1A - Cessation As Employer/Employer to UO (Under enforcement)

2018-11-09 12:51:37 - [TEST_STEP][PASSED] - callTestCase: Call Test Case 'Test Cases/Final Aug 2018 - PKS Automation/Registration Module/Workflow/Form 1A - Cessation As Employer/Template/Form 1 A - Cessation As Employer (OTC)' successfully

2018-11-09 12:51:37 - [TEST_CASE][PASSED] - Test Cases/Final Aug 2018 - PKS Automation/Registration Module/Workflow/Form 1A - Cessation As Employer/Template/Form 1 A - Cessation As Employer (OTC): Test Cases/Final Aug 2018 - PKS Automation/Registration Module/Workflow/Form 1A - Cessation As Employer/Template/Form 1 A - Cessation As Employer (OTC)

2018-11-09 12:51:37 - [TEST_STEP][PASSED] - openBrowser: Browser is opened with url: ''

2018-11-09 12:51:37 - [MESSAGE][WARNING] - A browser is already opened. Closing browser and opening a new one

2018-11-09 12:51:42 - [MESSAGE][PASSED] - Browser is opened with url: ''

2018-11-09 12:51:42 - [TEST_STEP][PASSED] - navigateToUrl: Navigate to 'https://assist2-uat.perkeso.gov.my/login' successfully

2018-11-09 12:51:44 - [MESSAGE][PASSED] - Navigate to 'https://assist2-uat.perkeso.gov.my/login' successfully

2018-11-09 12:51:44 - [TEST_STEP][PASSED] - setText: Text 'johorotc1@gmail.com' is set on object 'Object Repository/Final Object Repo/Login Page/Internal User/Email Address'

2018-11-09 12:51:44 - [MESSAGE][PASSED] - Text 'johorotc1@gmail.com' is set on object 'Object Repository/Final Object Repo/Login Page/Internal User/Email Address'

2018-11-09 12:51:44 - [TEST_STEP][PASSED] - click: Object: 'Object Repository/Final Object Repo/Login Page/Internal User/Next Button' is clicked on

2018-11-09 12:51:45 - [MESSAGE][PASSED] - Object: 'Object Repository/Final Object Repo/Login Page/Internal User/Next Button' is clicked on

2018-11-09 12:51:45 - [TEST_STEP][PASSED] - delay: Delayed 1 second(s)

2018-11-09 12:51:46 - [MESSAGE][PASSED] - Delayed 1 second(s)

2018-11-09 12:51:46 - [TEST_STEP][PASSED] - setEncryptedText: Text ****** has been set on object 'Object Repository/Final Object Repo/Login Page/Internal User/Password'

2018-11-09 12:51:46 - [MESSAGE][PASSED] - Text ****** has been set on object 'Object Repository/Final Object Repo/Login Page/Internal User/Password'

2018-11-09 12:51:46 - [TEST_STEP][PASSED] - click: Object: 'Object Repository/Final Object Repo/Login Page/Internal User/Login Button' is clicked on

2018-11-09 12:51:49 - [MESSAGE][PASSED] - Object: 'Object Repository/Final Object Repo/Login Page/Internal User/Login Button' is clicked on

2018-11-09 12:51:49 - [TEST_STEP][PASSED] - delay: Delayed 1 second(s)

2018-11-09 12:51:50 - [MESSAGE][PASSED] - Delayed 1 second(s)

2018-11-09 12:51:50 - [TEST_STEP][PASSED] - Statement - Try: Delayed 2 second(s)

2018-11-09 12:51:50 - [TEST_STEP][PASSED] - Statement - Checker = false: null

2018-11-09 12:51:50 - [TEST_STEP][PASSED] - Statement - Checker = com.kms.katalon.core.webui.keyword.WebUiBuiltInKeywords.verifyElementHasAttribute(com.kms.katalon.core.testobject.ObjectRepository.findTestObject(Final Object Repo/Landing Page/BM Detecting), "href", 20, OPTIONAL): Object 'Object Repository/Final Object Repo/Landing Page/BM Detecting' has attribute 'href'

2018-11-09 12:51:50 - [MESSAGE][PASSED] - Object 'Object Repository/Final Object Repo/Landing Page/BM Detecting' has attribute 'href'

2018-11-09 12:51:50 - [TEST_STEP][PASSED] - Statement - out.println(Checker): null

2018-11-09 12:51:50 - [TEST_STEP][PASSED] - Statement - If (Checker == false): null

2018-11-09 12:51:50 - [TEST_STEP][PASSED] - Statement - Else: null

2018-11-09 12:51:50 - [TEST_STEP][PASSED] - delay: Delayed 2 second(s)

2018-11-09 12:51:52 - [MESSAGE][PASSED] - Delayed 2 second(s)

2018-11-09 12:51:52 - [TEST_STEP][PASSED] - navigateToUrl: Navigate to 'https://assist2-uat.perkeso.gov.my/web/registration/update/form-1a-cessation-as-employer-discontinue-business-' successfully

2018-11-09 12:51:54 - [MESSAGE][PASSED] - Navigate to 'https://assist2-uat.perkeso.gov.my/web/registration/update/form-1a-cessation-as-employer-discontinue-business-' successfully

2018-11-09 12:51:54 - [TEST_STEP][PASSED] - setText: Text 'E1102069770Z' is set on object 'Object Repository/Final Object Repo/Page_Update Employer Information/Employer Code'

2018-11-09 12:51:54 - [MESSAGE][PASSED] - Text 'E1102069770Z' is set on object 'Object Repository/Final Object Repo/Page_Update Employer Information/Employer Code'

2018-11-09 12:51:54 - [TEST_STEP][PASSED] - click: Object: 'Object Repository/Final Object Repo/Page_Update Employer Information/Search Button' is clicked on

2018-11-09 12:51:55 - [MESSAGE][PASSED] - Object: 'Object Repository/Final Object Repo/Page_Update Employer Information/Search Button' is clicked on

2018-11-09 12:51:55 - [TEST_STEP][PASSED] - click: Object: 'Object Repository/Final Object Repo/Page_Update Employer Information/Edit Button' is clicked on

2018-11-09 12:51:57 - [MESSAGE][PASSED] - Object: 'Object Repository/Final Object Repo/Page_Update Employer Information/Edit Button' is clicked on

2018-11-09 12:51:57 - [TEST_STEP][PASSED] - Statement - abc = com.kms.katalon.core.webui.keyword.WebUiBuiltInKeywords.getAttribute(com.kms.katalon.core.testobject.ObjectRepository.findTestObject(Final Object Repo/Page_Form 1A - Cessation As Employer/Employer Status), "value"): Attribute 'value' of object 'Object Repository/Final Object Repo/Page_Form 1A - Cessation As Employer/Employer Status' is: 'Dormant'

2018-11-09 12:51:58 - [MESSAGE][PASSED] - Attribute 'value' of object 'Object Repository/Final Object Repo/Page_Form 1A - Cessation As Employer/Employer Status' is: 'Dormant'

2018-11-09 12:51:58 - [TEST_STEP][PASSED] - Statement - out.println(abc): null

2018-11-09 12:51:58 - [TEST_STEP][PASSED] - Statement - If (abc == "Active"): null

2018-11-09 12:51:58 - [TEST_STEP][PASSED] - Statement - Else If (abc == "Cancel"): null

2018-11-09 12:51:58 - [TEST_STEP][PASSED] - Statement - Else If (abc == "Dormant"): Object: 'Object Repository/Final Object Repo/Page_Form 1A - Cessation As Employer/Change Employer Status to - Dormant' is clicked on

2018-11-09 12:51:58 - [TEST_STEP][PASSED] - click: Object: 'Object Repository/Final Object Repo/Page_Form 1A - Cessation As Employer/Change Employer Status to' is clicked on

2018-11-09 12:51:58 - [MESSAGE][PASSED] - Object: 'Object Repository/Final Object Repo/Page_Form 1A - Cessation As Employer/Change Employer Status to' is clicked on

2018-11-09 12:51:58 - [TEST_STEP][PASSED] - click: Object: 'Object Repository/Final Object Repo/Page_Form 1A - Cessation As Employer/Change Employer Status to - Dormant' is clicked on

2018-11-09 12:51:59 - [MESSAGE][PASSED] - Object: 'Object Repository/Final Object Repo/Page_Form 1A - Cessation As Employer/Change Employer Status to - Dormant' is clicked on

2018-11-09 12:51:59 - [TEST_STEP][PASSED] - click: Object: 'Object Repository/Final Object Repo/Page_Form 1A - Cessation As Employer/Calender' is clicked on

2018-11-09 12:51:59 - [MESSAGE][PASSED] - Object: 'Object Repository/Final Object Repo/Page_Form 1A - Cessation As Employer/Calender' is clicked on

2018-11-09 12:51:59 - [TEST_STEP][PASSED] - click: Object: 'Object Repository/Final Object Repo/Page_Form 1A - Cessation As Employer/Calender - Date' is clicked on

2018-11-09 12:52:00 - [MESSAGE][PASSED] - Object: 'Object Repository/Final Object Repo/Page_Form 1A - Cessation As Employer/Calender - Date' is clicked on

2018-11-09 12:52:00 - [TEST_STEP][PASSED] - delay: Delayed 2 second(s)

2018-11-09 12:52:02 - [MESSAGE][PASSED] - Delayed 2 second(s)

2018-11-09 12:52:02 - [TEST_STEP][PASSED] - click: Object: 'Object Repository/Final Object Repo/Page_Form 1A - Cessation As Employer/Save  Continue in Form 1A Page' is clicked on

2018-11-09 12:52:04 - [MESSAGE][PASSED] - Object: 'Object Repository/Final Object Repo/Page_Form 1A - Cessation As Employer/Save  Continue in Form 1A Page' is clicked on

2018-11-09 12:52:04 - [TEST_STEP][PASSED] - delay: Delayed 2 second(s)

2018-11-09 12:52:06 - [MESSAGE][PASSED] - Delayed 2 second(s)

2018-11-09 12:52:06 - [TEST_STEP][PASSED] - click: Object: 'Object Repository/Final Object Repo/Page_Form 1A - Cessation As Employer/Employment Resign Date' is clicked on

2018-11-09 12:52:07 - [MESSAGE][PASSED] - Object: 'Object Repository/Final Object Repo/Page_Form 1A - Cessation As Employer/Employment Resign Date' is clicked on

2018-11-09 12:52:07 - [TEST_STEP][PASSED] - delay: Delayed 1 second(s)

2018-11-09 12:52:08 - [MESSAGE][PASSED] - Delayed 1 second(s)

2018-11-09 12:52:08 - [TEST_STEP][PASSED] - Statement - CaseReferenceNo = com.kms.katalon.core.webui.keyword.WebUiBuiltInKeywords.getText(com.kms.katalon.core.testobject.ObjectRepository.findTestObject(Final Object Repo/Page_Update Employer Information/Reference Number in Update Employee Information Page)): Text of object 'Object Repository/Final Object Repo/Page_Update Employer Information/Reference Number in Update Employee Information Page' is: 'CUN112018C200001538'

2018-11-09 12:52:08 - [MESSAGE][PASSED] - Text of object 'Object Repository/Final Object Repo/Page_Update Employer Information/Reference Number in Update Employee Information Page' is: 'CUN112018C200001538'

2018-11-09 12:52:08 - [TEST_STEP][PASSED] - callTestCase: Call Test Case 'Test Cases/Final Aug 2018 - PKS Automation/Common/Reference Number Setter' successfully

2018-11-09 12:52:08 - [TEST_CASE][PASSED] - Test Cases/Final Aug 2018 - PKS Automation/Common/Reference Number Setter: Test Cases/Final Aug 2018 - PKS Automation/Common/Reference Number Setter

2018-11-09 12:52:08 - [TEST_STEP][PASSED] - Statement - RefNoOldFile = new java.io.File(C://KatalonReference.txt): null

2018-11-09 12:52:08 - [TEST_STEP][PASSED] - Statement - RefNoOldFile.delete(): null

2018-11-09 12:52:08 - [TEST_STEP][PASSED] - Statement - RefNo = new java.io.File(C://KatalonReference.txt): null

2018-11-09 12:52:08 - [TEST_STEP][PASSED] - Statement - RefNo.append(CaseReferenceNo): null

2018-11-09 12:52:08 - [TEST_STEP][PASSED] - Statement - out.println("


" + CaseReferenceNo + "


"): null

2018-11-09 12:52:08 - [MESSAGE][PASSED] - Call Test Case 'Test Cases/Final Aug 2018 - PKS Automation/Common/Reference Number Setter' successfully

2018-11-09 12:52:08 - [TEST_STEP][PASSED] - selectOptionByValue: All options with value '2030' are selected in object 'Object Repository/Final Object Repo/Page_Form 1A - Cessation As Employer/Employment Resign Date - Year' 

2018-11-09 12:52:09 - [MESSAGE][PASSED] - All options with value '2030' are selected in object 'Object Repository/Final Object Repo/Page_Form 1A - Cessation As Employer/Employment Resign Date - Year' 

2018-11-09 12:52:09 - [TEST_STEP][PASSED] - delay: Delayed 1 second(s)

2018-11-09 12:52:10 - [MESSAGE][PASSED] - Delayed 1 second(s)

2018-11-09 12:52:10 - [TEST_STEP][PASSED] - click: Object: 'Object Repository/Final Object Repo/Page_Form 1A - Cessation As Employer/Employment Resign Date - Year - Date' is clicked on

2018-11-09 12:52:10 - [MESSAGE][PASSED] - Object: 'Object Repository/Final Object Repo/Page_Form 1A - Cessation As Employer/Employment Resign Date - Year - Date' is clicked on

2018-11-09 12:52:10 - [TEST_STEP][PASSED] - delay: Delayed 2 second(s)

2018-11-09 12:52:12 - [MESSAGE][PASSED] - Delayed 2 second(s)

2018-11-09 12:52:12 - [TEST_STEP][PASSED] - click: Object: 'Object Repository/Final Object Repo/Page_Form 1A - Cessation As Employer/Save  Continue in Update Add Employee Resigned Date Page' is clicked on

2018-11-09 12:52:17 - [MESSAGE][PASSED] - Object: 'Object Repository/Final Object Repo/Page_Form 1A - Cessation As Employer/Save  Continue in Update Add Employee Resigned Date Page' is clicked on

2018-11-09 12:52:17 - [TEST_STEP][PASSED] - delay: Delayed 2 second(s)

2018-11-09 12:52:19 - [MESSAGE][PASSED] - Delayed 2 second(s)

2018-11-09 12:52:19 - [TEST_STEP][PASSED] - click: Object: 'Object Repository/Final Object Repo/Page_Form 1A - Cessation As Employer/Add Document' is clicked on

2018-11-09 12:52:19 - [MESSAGE][PASSED] - Object: 'Object Repository/Final Object Repo/Page_Form 1A - Cessation As Employer/Add Document' is clicked on

2018-11-09 12:52:19 - [TEST_STEP][PASSED] - delay: Delayed 2 second(s)

2018-11-09 12:52:21 - [MESSAGE][PASSED] - Delayed 2 second(s)

2018-11-09 12:52:21 - [TEST_STEP][PASSED] - click: Object: 'Object Repository/Final Object Repo/Page_Form 1A - Cessation As Employer/Document Type' is clicked on

2018-11-09 12:52:22 - [MESSAGE][PASSED] - Object: 'Object Repository/Final Object Repo/Page_Form 1A - Cessation As Employer/Document Type' is clicked on

2018-11-09 12:52:22 - [TEST_STEP][PASSED] - delay: Delayed 2 second(s)

2018-11-09 12:52:24 - [MESSAGE][PASSED] - Delayed 2 second(s)

2018-11-09 12:52:24 - [TEST_STEP][PASSED] - click: Object: 'Object Repository/Final Object Repo/Page_Form 1A - Cessation As Employer/Document Type - Supporting Document For Cessation' is clicked on

2018-11-09 12:52:25 - [MESSAGE][PASSED] - Object: 'Object Repository/Final Object Repo/Page_Form 1A - Cessation As Employer/Document Type - Supporting Document For Cessation' is clicked on

2018-11-09 12:52:25 - [TEST_STEP][PASSED] - delay: Delayed 2 second(s)

2018-11-09 12:52:27 - [MESSAGE][PASSED] - Delayed 2 second(s)

2018-11-09 12:52:27 - [TEST_STEP][PASSED] - sendKeys: Keys 'C:\Users\Public\Pictures\Sample Pictures\Act.jpg' sent to object: 'Object Repository/Final Object Repo/Page_Form 1A - Cessation As Employer/Uploading File'

2018-11-09 12:52:27 - [MESSAGE][PASSED] - Keys 'C:\Users\Public\Pictures\Sample Pictures\Act.jpg' sent to object: 'Object Repository/Final Object Repo/Page_Form 1A - Cessation As Employer/Uploading File'

2018-11-09 12:52:27 - [TEST_STEP][PASSED] - delay: Delayed 2 second(s)

2018-11-09 12:52:29 - [MESSAGE][PASSED] - Delayed 2 second(s)

2018-11-09 12:52:29 - [TEST_STEP][PASSED] - click: Object: 'Object Repository/Final Object Repo/Page_Form 1A - Cessation As Employer/Add Document in Uploading Page' is clicked on

2018-11-09 12:52:35 - [MESSAGE][PASSED] - Object: 'Object Repository/Final Object Repo/Page_Form 1A - Cessation As Employer/Add Document in Uploading Page' is clicked on

2018-11-09 12:52:35 - [TEST_STEP][PASSED] - delay: Delayed 20 second(s)

2018-11-09 12:52:55 - [MESSAGE][PASSED] - Delayed 20 second(s)

2018-11-09 12:52:55 - [TEST_STEP][PASSED] - click: Object: 'Object Repository/Final Object Repo/Page_Form 1A - Cessation As Employer/Save  Continue in Uploading Page' is clicked on

2018-11-09 12:52:55 - [MESSAGE][PASSED] - Object: 'Object Repository/Final Object Repo/Page_Form 1A - Cessation As Employer/Save  Continue in Uploading Page' is clicked on

2018-11-09 12:52:55 - [TEST_STEP][PASSED] - delay: Delayed 2 second(s)

2018-11-09 12:52:57 - [MESSAGE][PASSED] - Delayed 2 second(s)

2018-11-09 12:52:57 - [TEST_STEP][PASSED] - click: Object: 'Object Repository/Final Object Repo/Page_Form 1A - Cessation As Employer/Submit2' is clicked on

2018-11-09 12:53:01 - [MESSAGE][PASSED] - Object: 'Object Repository/Final Object Repo/Page_Form 1A - Cessation As Employer/Submit2' is clicked on

2018-11-09 12:53:01 - [TEST_STEP][PASSED] - delay: Delayed 2 second(s)

2018-11-09 12:53:03 - [MESSAGE][PASSED] - Delayed 2 second(s)

2018-11-09 12:53:03 - [TEST_STEP][PASSED] - click: Object: 'Object Repository/Final Object Repo/Page_Form 1A - Cessation As Employer/Confirm' is clicked on

2018-11-09 12:53:09 - [MESSAGE][PASSED] - Object: 'Object Repository/Final Object Repo/Page_Form 1A - Cessation As Employer/Confirm' is clicked on

2018-11-09 12:53:09 - [TEST_STEP][PASSED] - delay: Delayed 2 second(s)

2018-11-09 12:53:11 - [MESSAGE][PASSED] - Delayed 2 second(s)

2018-11-09 12:53:11 - [TEST_STEP][PASSED] - verifyElementVisible: Object 'Object Repository/Final Object Repo/Page_Form 1A - Cessation As Employer/Message Your Request will be routed to UO' is visible

2018-11-09 12:53:11 - [MESSAGE][PASSED] - Object 'Object Repository/Final Object Repo/Page_Form 1A - Cessation As Employer/Message Your Request will be routed to UO' is visible

2018-11-09 12:53:11 - [TEST_STEP][PASSED] - delay: Delayed 1 second(s)

2018-11-09 12:53:12 - [MESSAGE][PASSED] - Delayed 1 second(s)

2018-11-09 12:53:12 - [TEST_STEP][PASSED] - verifyElementVisible: Object 'Object Repository/Final Object Repo/Page_Form 1A - Cessation As Employer/Letter of acknowledgement' is visible

2018-11-09 12:53:12 - [MESSAGE][PASSED] - Object 'Object Repository/Final Object Repo/Page_Form 1A - Cessation As Employer/Letter of acknowledgement' is visible

2018-11-09 12:53:12 - [MESSAGE][PASSED] - Call Test Case 'Test Cases/Final Aug 2018 - PKS Automation/Registration Module/Workflow/Form 1A - Cessation As Employer/Template/Form 1 A - Cessation As Employer (OTC)' successfully

2018-11-09 12:53:12 - [TEST_STEP][PASSED] - callTestCase: Call Test Case 'Test Cases/Final Aug 2018 - PKS Automation/Registration Module/Workflow/Form 1A - Cessation As Employer/Template/Form 1 A - Cessation As Employer (Under enforcement)' successfully

2018-11-09 12:53:12 - [TEST_CASE][PASSED] - Test Cases/Final Aug 2018 - PKS Automation/Registration Module/Workflow/Form 1A - Cessation As Employer/Template/Form 1 A - Cessation As Employer (Under enforcement): Test Cases/Final Aug 2018 - PKS Automation/Registration Module/Workflow/Form 1A - Cessation As Employer/Template/Form 1 A - Cessation As Employer (Under enforcement)

2018-11-09 12:53:12 - [TEST_STEP][NOT_RUN] - callTestCase: NOT_RUN: callTestCase

2018-11-09 12:53:12 - [MESSAGE][NOT_RUN] - NOT_RUN: callTestCase

2018-11-09 12:53:12 - [TEST_STEP][PASSED] - delay: Delayed 1 second(s)

2018-11-09 12:53:13 - [MESSAGE][PASSED] - Delayed 1 second(s)

2018-11-09 12:53:13 - [TEST_STEP][PASSED] - navigateToUrl: Navigate to 'https://assist2-uat.perkeso.gov.my/c/portal/logout' successfully

2018-11-09 12:53:15 - [MESSAGE][PASSED] - Navigate to 'https://assist2-uat.perkeso.gov.my/c/portal/logout' successfully

2018-11-09 12:53:15 - [TEST_STEP][PASSED] - delay: Delayed 1 second(s)

2018-11-09 12:53:16 - [MESSAGE][PASSED] - Delayed 1 second(s)

2018-11-09 12:53:16 - [TEST_STEP][PASSED] - callTestCase: Call Test Case 'Test Cases/Final Aug 2018 - PKS Automation/Common/Reference Number Getter' successfully

2018-11-09 12:53:16 - [TEST_CASE][PASSED] - Test Cases/Final Aug 2018 - PKS Automation/Common/Reference Number Getter: Test Cases/Final Aug 2018 - PKS Automation/Common/Reference Number Getter

2018-11-09 12:53:16 - [TEST_STEP][PASSED] - Statement - Try: null

2018-11-09 12:53:16 - [TEST_STEP][PASSED] - Statement - RefNo = new java.io.File(C://KatalonReference.txt): null

2018-11-09 12:53:16 - [TEST_STEP][PASSED] - Statement - bufferread = new java.io.BufferedReader(new java.io.FileReader(RefNo)): null

2018-11-09 12:53:16 - [TEST_STEP][PASSED] - Statement - readedVal = bufferread.readLine(): null

2018-11-09 12:53:16 - [TEST_STEP][PASSED] - Statement - out.println(CaseReferenceNo): null

2018-11-09 12:53:16 - [TEST_STEP][PASSED] - Statement - out.println(readedVal): null

2018-11-09 12:53:16 - [TEST_STEP][PASSED] - Statement - CaseReferenceNo = readedVal: null

2018-11-09 12:53:16 - [MESSAGE][PASSED] - Call Test Case 'Test Cases/Final Aug 2018 - PKS Automation/Common/Reference Number Getter' successfully

2018-11-09 12:53:16 - [TEST_STEP][PASSED] - callTestCase: Call Test Case 'Test Cases/Final Aug 2018 - PKS Automation/Common/Workflow Owner Finder' successfully

2018-11-09 12:53:16 - [TEST_CASE][PASSED] - Test Cases/Final Aug 2018 - PKS Automation/Common/Workflow Owner Finder: Test Cases/Final Aug 2018 - PKS Automation/Common/Workflow Owner Finder

2018-11-09 12:53:16 - [TEST_STEP][PASSED] - openBrowser: Browser is opened with url: ''

2018-11-09 12:53:16 - [MESSAGE][WARNING] - A browser is already opened. Closing browser and opening a new one

2018-11-09 12:53:21 - [MESSAGE][PASSED] - Browser is opened with url: ''

2018-11-09 12:53:21 - [TEST_STEP][PASSED] - navigateToUrl: Navigate to 'https://assist2-uat.perkeso.gov.my/login' successfully

2018-11-09 12:53:23 - [MESSAGE][PASSED] - Navigate to 'https://assist2-uat.perkeso.gov.my/login' successfully

2018-11-09 12:53:23 - [TEST_STEP][PASSED] - delay: Delayed 5 second(s)

2018-11-09 12:53:28 - [MESSAGE][PASSED] - Delayed 5 second(s)

2018-11-09 12:53:28 - [TEST_STEP][PASSED] - setText: Text 'test@liferay.com' is set on object 'Object Repository/Final Object Repo/Login Page/Internal User/Email Address'

2018-11-09 12:53:29 - [MESSAGE][PASSED] - Text 'test@liferay.com' is set on object 'Object Repository/Final Object Repo/Login Page/Internal User/Email Address'

2018-11-09 12:53:29 - [TEST_STEP][PASSED] - click: Object: 'Object Repository/Final Object Repo/Login Page/Internal User/Next Button' is clicked on

2018-11-09 12:53:29 - [MESSAGE][PASSED] - Object: 'Object Repository/Final Object Repo/Login Page/Internal User/Next Button' is clicked on

2018-11-09 12:53:29 - [TEST_STEP][PASSED] - delay: Delayed 2 second(s)

2018-11-09 12:53:31 - [MESSAGE][PASSED] - Delayed 2 second(s)

2018-11-09 12:53:31 - [TEST_STEP][PASSED] - setText: Text 'test' is set on object 'Object Repository/Final Object Repo/Login Page/Internal User/Password'

2018-11-09 12:53:31 - [MESSAGE][PASSED] - Text 'test' is set on object 'Object Repository/Final Object Repo/Login Page/Internal User/Password'

2018-11-09 12:53:31 - [TEST_STEP][PASSED] - delay: Delayed 2 second(s)

2018-11-09 12:53:33 - [MESSAGE][PASSED] - Delayed 2 second(s)

2018-11-09 12:53:33 - [TEST_STEP][PASSED] - click: Object: 'Object Repository/Final Object Repo/Login Page/Internal User/Login Button' is clicked on

2018-11-09 12:53:37 - [MESSAGE][PASSED] - Object: 'Object Repository/Final Object Repo/Login Page/Internal User/Login Button' is clicked on

2018-11-09 12:53:37 - [TEST_STEP][PASSED] - Statement - Try: Delayed 2 second(s)

2018-11-09 12:53:37 - [TEST_STEP][PASSED] - Statement - Checker = false: null

2018-11-09 12:53:37 - [TEST_STEP][PASSED] - Statement - Checker = com.kms.katalon.core.webui.keyword.WebUiBuiltInKeywords.verifyElementHasAttribute(com.kms.katalon.core.testobject.ObjectRepository.findTestObject(Final Object Repo/Landing Page/BM Detecting), "href", 20, OPTIONAL): Object 'Object Repository/Final Object Repo/Landing Page/BM Detecting' has attribute 'href'

2018-11-09 12:53:37 - [MESSAGE][PASSED] - Object 'Object Repository/Final Object Repo/Landing Page/BM Detecting' has attribute 'href'

2018-11-09 12:53:37 - [TEST_STEP][PASSED] - Statement - out.println(Checker): null

2018-11-09 12:53:37 - [TEST_STEP][PASSED] - Statement - If (Checker == false): null

2018-11-09 12:53:37 - [TEST_STEP][PASSED] - Statement - Else: null

2018-11-09 12:53:37 - [TEST_STEP][PASSED] - delay: Delayed 2 second(s)

2018-11-09 12:53:39 - [MESSAGE][PASSED] - Delayed 2 second(s)

2018-11-09 12:53:39 - [TEST_STEP][PASSED] - delay: Delayed 3 second(s)

2018-11-09 12:53:42 - [MESSAGE][PASSED] - Delayed 3 second(s)

2018-11-09 12:53:42 - [TEST_STEP][PASSED] - mouseOver: Object: 'Object Repository/Final Object Repo/Landing Page/WorkFlow Menu' is hovered

2018-11-09 12:53:42 - [MESSAGE][PASSED] - Object: 'Object Repository/Final Object Repo/Landing Page/WorkFlow Menu' is hovered

2018-11-09 12:53:42 - [TEST_STEP][PASSED] - delay: Delayed 2 second(s)

2018-11-09 12:53:44 - [MESSAGE][PASSED] - Delayed 2 second(s)

2018-11-09 12:53:44 - [TEST_STEP][PASSED] - click: Object: 'Object Repository/Final Object Repo/Landing Page/Select to Workflow Listing' is clicked on

2018-11-09 12:53:45 - [MESSAGE][PASSED] - Object: 'Object Repository/Final Object Repo/Landing Page/Select to Workflow Listing' is clicked on

2018-11-09 12:53:45 - [TEST_STEP][PASSED] - delay: Delayed 2 second(s)

2018-11-09 12:53:47 - [MESSAGE][PASSED] - Delayed 2 second(s)

2018-11-09 12:53:47 - [TEST_STEP][PASSED] - click: Object: 'Object Repository/Final Object Repo/WorkFlow Listing Page/Search Information - To Put Ref No' is clicked on

2018-11-09 12:53:48 - [MESSAGE][PASSED] - Object: 'Object Repository/Final Object Repo/WorkFlow Listing Page/Search Information - To Put Ref No' is clicked on

2018-11-09 12:53:48 - [TEST_STEP][PASSED] - delay: Delayed 2 second(s)

2018-11-09 12:53:50 - [MESSAGE][PASSED] - Delayed 2 second(s)

2018-11-09 12:53:50 - [TEST_STEP][PASSED] - callTestCase: Call Test Case 'Test Cases/Final Aug 2018 - PKS Automation/Common/Reference Number Getter' successfully

2018-11-09 12:53:50 - [TEST_CASE][PASSED] - Test Cases/Final Aug 2018 - PKS Automation/Common/Reference Number Getter: Test Cases/Final Aug 2018 - PKS Automation/Common/Reference Number Getter

2018-11-09 12:53:50 - [TEST_STEP][PASSED] - Statement - Try: null

2018-11-09 12:53:50 - [TEST_STEP][PASSED] - Statement - RefNo = new java.io.File(C://KatalonReference.txt): null

2018-11-09 12:53:50 - [TEST_STEP][PASSED] - Statement - bufferread = new java.io.BufferedReader(new java.io.FileReader(RefNo)): null

2018-11-09 12:53:50 - [TEST_STEP][PASSED] - Statement - readedVal = bufferread.readLine(): null

2018-11-09 12:53:50 - [TEST_STEP][PASSED] - Statement - out.println(CaseReferenceNo): null

2018-11-09 12:53:50 - [TEST_STEP][PASSED] - Statement - out.println(readedVal): null

2018-11-09 12:53:50 - [TEST_STEP][PASSED] - Statement - CaseReferenceNo = readedVal: null

2018-11-09 12:53:50 - [MESSAGE][PASSED] - Call Test Case 'Test Cases/Final Aug 2018 - PKS Automation/Common/Reference Number Getter' successfully

2018-11-09 12:53:50 - [TEST_STEP][PASSED] - setText: Text 'CUN112018C200001538' is set on object 'Object Repository/Final Object Repo/WorkFlow Listing Page/Ref No Set Text'

2018-11-09 12:53:50 - [MESSAGE][PASSED] - Text 'CUN112018C200001538' is set on object 'Object Repository/Final Object Repo/WorkFlow Listing Page/Ref No Set Text'

2018-11-09 12:53:50 - [TEST_STEP][PASSED] - delay: Delayed 2 second(s)

2018-11-09 12:53:52 - [MESSAGE][PASSED] - Delayed 2 second(s)

2018-11-09 12:53:52 - [TEST_STEP][PASSED] - click: Object: 'Object Repository/Final Object Repo/WorkFlow Listing Page/Search Ref No Search Button' is clicked on

2018-11-09 12:53:54 - [MESSAGE][PASSED] - Object: 'Object Repository/Final Object Repo/WorkFlow Listing Page/Search Ref No Search Button' is clicked on

2018-11-09 12:53:54 - [TEST_STEP][PASSED] - delay: Delayed 4 second(s)

2018-11-09 12:53:58 - [MESSAGE][PASSED] - Delayed 4 second(s)

2018-11-09 12:53:58 - [TEST_STEP][PASSED] - click: Object: 'Object Repository/Final Object Repo/WorkFlow Listing Page/Click Continue Tooltip' is clicked on

2018-11-09 12:54:00 - [MESSAGE][PASSED] - Object: 'Object Repository/Final Object Repo/WorkFlow Listing Page/Click Continue Tooltip' is clicked on

2018-11-09 12:54:00 - [TEST_STEP][PASSED] - delay: Delayed 5 second(s)

2018-11-09 12:54:05 - [MESSAGE][PASSED] - Delayed 5 second(s)

2018-11-09 12:54:05 - [TEST_STEP][PASSED] - doubleClick: Object: 'Object Repository/Final Object Repo/WorkFlow Listing Page/Workflow Found - Listing 1' is double clicked on

2018-11-09 12:54:05 - [MESSAGE][PASSED] - Object: 'Object Repository/Final Object Repo/WorkFlow Listing Page/Workflow Found - Listing 1' is double clicked on

2018-11-09 12:54:05 - [TEST_STEP][PASSED] - Statement - println(OwnerID): null

2018-11-09 12:54:05 - [TEST_STEP][PASSED] - Statement - OwnerID = com.kms.katalon.core.webui.keyword.WebUiBuiltInKeywords.getText(com.kms.katalon.core.testobject.ObjectRepository.findTestObject(Final Object Repo/WorkFlow Listing Page/Workflow Found - Listing 1), STOP_ON_FAILURE): Text of object 'Object Repository/Final Object Repo/WorkFlow Listing Page/Workflow Found - Listing 1' is: 'JOHORuo1'

2018-11-09 12:54:05 - [MESSAGE][PASSED] - Text of object 'Object Repository/Final Object Repo/WorkFlow Listing Page/Workflow Found - Listing 1' is: 'JOHORuo1'

2018-11-09 12:54:05 - [TEST_STEP][PASSED] - Statement - OwnerID = OwnerID.toLowerCase() + "@gmail.com": null

2018-11-09 12:54:05 - [TEST_STEP][PASSED] - Statement - println(OwnerID): null

2018-11-09 12:54:05 - [TEST_STEP][PASSED] - delay: Delayed 2 second(s)

2018-11-09 12:54:07 - [MESSAGE][PASSED] - Delayed 2 second(s)

2018-11-09 12:54:07 - [MESSAGE][PASSED] - Call Test Case 'Test Cases/Final Aug 2018 - PKS Automation/Common/Workflow Owner Finder' successfully

2018-11-09 12:54:07 - [TEST_STEP][PASSED] - delay: Delayed 1 second(s)

2018-11-09 12:54:08 - [MESSAGE][PASSED] - Delayed 1 second(s)

2018-11-09 12:54:08 - [TEST_STEP][PASSED] - navigateToUrl: Navigate to 'https://assist2-uat.perkeso.gov.my/c/portal/logout' successfully

2018-11-09 12:54:09 - [MESSAGE][PASSED] - Navigate to 'https://assist2-uat.perkeso.gov.my/c/portal/logout' successfully

2018-11-09 12:54:09 - [TEST_STEP][PASSED] - delay: Delayed 1 second(s)

2018-11-09 12:54:10 - [MESSAGE][PASSED] - Delayed 1 second(s)

2018-11-09 12:54:10 - [TEST_STEP][PASSED] - callTestCase: Call Test Case 'Test Cases/Final Aug 2018 - PKS Automation/Registration Module/Workflow/Login and Search Case For Workflow' successfully

2018-11-09 12:54:10 - [TEST_CASE][PASSED] - Test Cases/Final Aug 2018 - PKS Automation/Registration Module/Workflow/Login and Search Case For Workflow: Test Cases/Final Aug 2018 - PKS Automation/Registration Module/Workflow/Login and Search Case For Workflow

2018-11-09 12:54:10 - [TEST_STEP][PASSED] - navigateToUrl: Navigate to 'https://assist2-uat.perkeso.gov.my/login' successfully

2018-11-09 12:54:11 - [MESSAGE][PASSED] - Navigate to 'https://assist2-uat.perkeso.gov.my/login' successfully

2018-11-09 12:54:11 - [TEST_STEP][PASSED] - setText: Text 'johoruo1@gmail.com' is set on object 'Object Repository/Final Object Repo/Login Page/Internal User/Email Address'

2018-11-09 12:54:12 - [MESSAGE][PASSED] - Text 'johoruo1@gmail.com' is set on object 'Object Repository/Final Object Repo/Login Page/Internal User/Email Address'

2018-11-09 12:54:12 - [TEST_STEP][PASSED] - click: Object: 'Object Repository/Final Object Repo/Login Page/Internal User/Next Button' is clicked on

2018-11-09 12:54:12 - [MESSAGE][PASSED] - Object: 'Object Repository/Final Object Repo/Login Page/Internal User/Next Button' is clicked on

2018-11-09 12:54:12 - [TEST_STEP][PASSED] - delay: Delayed 1 second(s)

2018-11-09 12:54:13 - [MESSAGE][PASSED] - Delayed 1 second(s)

2018-11-09 12:54:13 - [TEST_STEP][PASSED] - setEncryptedText: Text ****** has been set on object 'Object Repository/Final Object Repo/Login Page/Internal User/Password'

2018-11-09 12:54:13 - [MESSAGE][PASSED] - Text ****** has been set on object 'Object Repository/Final Object Repo/Login Page/Internal User/Password'

2018-11-09 12:54:13 - [TEST_STEP][PASSED] - click: Object: 'Object Repository/Final Object Repo/Login Page/Internal User/Login Button' is clicked on

2018-11-09 12:54:16 - [MESSAGE][PASSED] - Object: 'Object Repository/Final Object Repo/Login Page/Internal User/Login Button' is clicked on

2018-11-09 12:54:16 - [TEST_STEP][PASSED] - delay: Delayed 2 second(s)

2018-11-09 12:54:18 - [MESSAGE][PASSED] - Delayed 2 second(s)

2018-11-09 12:54:18 - [TEST_STEP][PASSED] - Statement - Try: Delayed 2 second(s)

2018-11-09 12:54:18 - [TEST_STEP][PASSED] - Statement - Checker = false: null

2018-11-09 12:54:18 - [TEST_STEP][PASSED] - Statement - Checker = com.kms.katalon.core.webui.keyword.WebUiBuiltInKeywords.verifyElementHasAttribute(com.kms.katalon.core.testobject.ObjectRepository.findTestObject(Final Object Repo/Landing Page/BM Detecting), "href", 20, OPTIONAL): Object 'Object Repository/Final Object Repo/Landing Page/BM Detecting' has attribute 'href'

2018-11-09 12:54:18 - [MESSAGE][PASSED] - Object 'Object Repository/Final Object Repo/Landing Page/BM Detecting' has attribute 'href'

2018-11-09 12:54:18 - [TEST_STEP][PASSED] - Statement - out.println(Checker): null

2018-11-09 12:54:18 - [TEST_STEP][PASSED] - Statement - If (Checker == false): null

2018-11-09 12:54:18 - [TEST_STEP][PASSED] - Statement - Else: null

2018-11-09 12:54:18 - [TEST_STEP][PASSED] - delay: Delayed 2 second(s)

2018-11-09 12:54:20 - [MESSAGE][PASSED] - Delayed 2 second(s)

2018-11-09 12:54:20 - [TEST_STEP][PASSED] - click: Object: 'Object Repository/Final Object Repo/Page_MyASSIST - ASSIST - Search Pending Case For Add Supporting Document/Search Information' is clicked on

2018-11-09 12:54:20 - [MESSAGE][PASSED] - Object: 'Object Repository/Final Object Repo/Page_MyASSIST - ASSIST - Search Pending Case For Add Supporting Document/Search Information' is clicked on

2018-11-09 12:54:20 - [TEST_STEP][PASSED] - delay: Delayed 3 second(s)

2018-11-09 12:54:23 - [MESSAGE][PASSED] - Delayed 3 second(s)

2018-11-09 12:54:23 - [TEST_STEP][PASSED] - sendKeys: Keys 'CUN112018C200001538' sent to object: 'Object Repository/Final Object Repo/Page_MyASSIST - ASSIST - Search Pending Case For Add Supporting Document/Reference No'

2018-11-09 12:54:23 - [MESSAGE][PASSED] - Keys 'CUN112018C200001538' sent to object: 'Object Repository/Final Object Repo/Page_MyASSIST - ASSIST - Search Pending Case For Add Supporting Document/Reference No'

2018-11-09 12:54:23 - [TEST_STEP][PASSED] - click: Object: 'Object Repository/Final Object Repo/Page_MyASSIST - ASSIST - Search Pending Case For Add Supporting Document/Search Reference No' is clicked on

2018-11-09 12:54:25 - [MESSAGE][PASSED] - Object: 'Object Repository/Final Object Repo/Page_MyASSIST - ASSIST - Search Pending Case For Add Supporting Document/Search Reference No' is clicked on

2018-11-09 12:54:25 - [TEST_STEP][PASSED] - delay: Delayed 2 second(s)

2018-11-09 12:54:27 - [MESSAGE][PASSED] - Delayed 2 second(s)

2018-11-09 12:54:27 - [TEST_STEP][PASSED] - click: Object: 'Object Repository/Final Object Repo/Page_MyASSIST - ASSIST - Search Pending Case For Add Supporting Document/Continue' is clicked on

2018-11-09 12:54:31 - [MESSAGE][PASSED] - Object: 'Object Repository/Final Object Repo/Page_MyASSIST - ASSIST - Search Pending Case For Add Supporting Document/Continue' is clicked on

2018-11-09 12:54:31 - [TEST_STEP][PASSED] - delay: Delayed 20 second(s)

2018-11-09 12:54:51 - [MESSAGE][PASSED] - Delayed 20 second(s)

2018-11-09 12:54:51 - [MESSAGE][PASSED] - Call Test Case 'Test Cases/Final Aug 2018 - PKS Automation/Registration Module/Workflow/Login and Search Case For Workflow' successfully

2018-11-09 12:54:51 - [TEST_STEP][PASSED] - click: Object: 'Object Repository/Final Object Repo/Page_Form 1A - Cessation As Employer/Page_Form 1A - Cessation As Employer (Approve)/Save  Continue in Form 1A Page' is clicked on

2018-11-09 12:54:53 - [MESSAGE][PASSED] - Object: 'Object Repository/Final Object Repo/Page_Form 1A - Cessation As Employer/Page_Form 1A - Cessation As Employer (Approve)/Save  Continue in Form 1A Page' is clicked on

2018-11-09 12:54:53 - [TEST_STEP][PASSED] - delay: Delayed 2 second(s)

2018-11-09 12:54:55 - [MESSAGE][PASSED] - Delayed 2 second(s)

2018-11-09 12:54:55 - [TEST_STEP][PASSED] - click: Object: 'Object Repository/Final Object Repo/Page_Form 1A - Cessation As Employer/Employment Resign Date' is clicked on

2018-11-09 12:54:56 - [MESSAGE][PASSED] - Object: 'Object Repository/Final Object Repo/Page_Form 1A - Cessation As Employer/Employment Resign Date' is clicked on

2018-11-09 12:54:56 - [TEST_STEP][PASSED] - delay: Delayed 1 second(s)

2018-11-09 12:54:57 - [MESSAGE][PASSED] - Delayed 1 second(s)

2018-11-09 12:54:57 - [TEST_STEP][PASSED] - selectOptionByValue: All options with value '2030' are selected in object 'Object Repository/Final Object Repo/Page_Form 1A - Cessation As Employer/Employment Resign Date - Year' 

2018-11-09 12:54:57 - [MESSAGE][PASSED] - All options with value '2030' are selected in object 'Object Repository/Final Object Repo/Page_Form 1A - Cessation As Employer/Employment Resign Date - Year' 

2018-11-09 12:54:57 - [TEST_STEP][PASSED] - delay: Delayed 1 second(s)

2018-11-09 12:54:58 - [MESSAGE][PASSED] - Delayed 1 second(s)

2018-11-09 12:54:58 - [TEST_STEP][PASSED] - click: Object: 'Object Repository/Final Object Repo/Page_Form 1A - Cessation As Employer/Employment Resign Date - Year - Date' is clicked on

2018-11-09 12:54:59 - [MESSAGE][PASSED] - Object: 'Object Repository/Final Object Repo/Page_Form 1A - Cessation As Employer/Employment Resign Date - Year - Date' is clicked on

2018-11-09 12:54:59 - [TEST_STEP][PASSED] - delay: Delayed 2 second(s)

2018-11-09 12:55:01 - [MESSAGE][PASSED] - Delayed 2 second(s)

2018-11-09 12:55:01 - [TEST_STEP][PASSED] - click: Object: 'Object Repository/Final Object Repo/Page_Form 1A - Cessation As Employer/Page_Form 1A - Cessation As Employer (Approve)/Save  Continue in Update Add Employee Resigned Date Page' is clicked on

2018-11-09 12:55:05 - [MESSAGE][PASSED] - Object: 'Object Repository/Final Object Repo/Page_Form 1A - Cessation As Employer/Page_Form 1A - Cessation As Employer (Approve)/Save  Continue in Update Add Employee Resigned Date Page' is clicked on

2018-11-09 12:55:05 - [TEST_STEP][PASSED] - delay: Delayed 2 second(s)

2018-11-09 12:55:07 - [MESSAGE][PASSED] - Delayed 2 second(s)

2018-11-09 12:55:07 - [TEST_STEP][PASSED] - click: Object: 'Object Repository/Final Object Repo/Page_Form 1A - Cessation As Employer/Page_Form 1A - Cessation As Employer (Approve)/Save  Contine in Uploading Document Page' is clicked on

2018-11-09 12:55:07 - [MESSAGE][PASSED] - Object: 'Object Repository/Final Object Repo/Page_Form 1A - Cessation As Employer/Page_Form 1A - Cessation As Employer (Approve)/Save  Contine in Uploading Document Page' is clicked on

2018-11-09 12:55:07 - [TEST_STEP][PASSED] - delay: Delayed 2 second(s)

2018-11-09 12:55:09 - [MESSAGE][PASSED] - Delayed 2 second(s)

2018-11-09 12:55:09 - [TEST_STEP][PASSED] - click: Object: 'Object Repository/Final Object Repo/Page_Form 1A - Cessation As Employer/Page_Form 1A - Cessation As Employer (Under enforcement)/Under enforcement' is clicked on

2018-11-09 12:55:12 - [MESSAGE][PASSED] - Object: 'Object Repository/Final Object Repo/Page_Form 1A - Cessation As Employer/Page_Form 1A - Cessation As Employer (Under enforcement)/Under enforcement' is clicked on

2018-11-09 12:55:12 - [TEST_STEP][PASSED] - delay: Delayed 2 second(s)

2018-11-09 12:55:14 - [MESSAGE][PASSED] - Delayed 2 second(s)

2018-11-09 12:55:14 - [TEST_STEP][PASSED] - setText: Text 'remark' is set on object 'Object Repository/Final Object Repo/Page_Form 1A - Cessation As Employer/Page_Form 1A - Cessation As Employer (Under enforcement)/Under enforcement - remark'

2018-11-09 12:55:15 - [MESSAGE][PASSED] - Text 'remark' is set on object 'Object Repository/Final Object Repo/Page_Form 1A - Cessation As Employer/Page_Form 1A - Cessation As Employer (Under enforcement)/Under enforcement - remark'

2018-11-09 12:55:15 - [TEST_STEP][PASSED] - delay: Delayed 2 second(s)

2018-11-09 12:55:17 - [MESSAGE][PASSED] - Delayed 2 second(s)

2018-11-09 12:55:17 - [TEST_STEP][PASSED] - click: Object: 'Object Repository/Final Object Repo/Page_Form 1A - Cessation As Employer/Page_Form 1A - Cessation As Employer (Under enforcement)/Save  Continue in Under enforcement Page' is clicked on

2018-11-09 12:55:22 - [MESSAGE][PASSED] - Object: 'Object Repository/Final Object Repo/Page_Form 1A - Cessation As Employer/Page_Form 1A - Cessation As Employer (Under enforcement)/Save  Continue in Under enforcement Page' is clicked on

2018-11-09 12:55:22 - [TEST_STEP][PASSED] - delay: Delayed 2 second(s)

2018-11-09 12:55:24 - [MESSAGE][PASSED] - Delayed 2 second(s)

2018-11-09 12:55:24 - [TEST_STEP][PASSED] - click: Object: 'Object Repository/Final Object Repo/Page_Form 1A - Cessation As Employer/Page_Form 1A - Cessation As Employer (Under enforcement)/Message The case is under enforcement' is clicked on

2018-11-09 12:55:24 - [MESSAGE][PASSED] - Object: 'Object Repository/Final Object Repo/Page_Form 1A - Cessation As Employer/Page_Form 1A - Cessation As Employer (Under enforcement)/Message The case is under enforcement' is clicked on

2018-11-09 12:55:24 - [MESSAGE][PASSED] - Call Test Case 'Test Cases/Final Aug 2018 - PKS Automation/Registration Module/Workflow/Form 1A - Cessation As Employer/Template/Form 1 A - Cessation As Employer (Under enforcement)' successfully]]></system-out>
         <system-err><![CDATA[]]></system-err>
      </testcase>
      <testcase name="Test Cases/Final Aug 2018 - PKS Automation/Registration Module/Workflow/Form 1A - Cessation As Employer/OTC to UO (Approve)" classname="Test Cases/Final Aug 2018 - PKS Automation/Registration Module/Workflow/Form 1A - Cessation As Employer/OTC to UO (Approve)" status="FAILED">
         <failure type="FAILED" message="(Stack trace: com.kms.katalon.core.exception.StepFailedException: Unable to click on object 'Object Repository/Final Object Repo/WorkFlow Listing Page/Click Continue Tooltip' (Root cause: com.kms.katalon.core.webui.exception.WebElementNotFoundException: Web element with id: 'Object Repository/Final Object Repo/WorkFlow Listing Page/Click Continue Tooltip' located by 'By.xpath: //i[@aria-hidden = 'true' and @data-toggle = 'tooltip' and @data-original-title = 'Continue']' not found)
	at com.kms.katalon.core.keyword.internal.KeywordMain.stepFailed(KeywordMain.groovy:32)
	at com.kms.katalon.core.webui.keyword.internal.WebUIKeywordMain.stepFailed(WebUIKeywordMain.groovy:65)
	at com.kms.katalon.core.webui.keyword.internal.WebUIKeywordMain.runKeyword(WebUIKeywordMain.groovy:27)
	at com.kms.katalon.core.webui.keyword.builtin.ClickKeyword.click(ClickKeyword.groovy:86)
	at com.kms.katalon.core.webui.keyword.builtin.ClickKeyword.execute(ClickKeyword.groovy:67)
	at com.kms.katalon.core.keyword.internal.KeywordExecutor.executeKeywordForPlatform(KeywordExecutor.groovy:53)
	at com.kms.katalon.core.webui.keyword.WebUiBuiltInKeywords.click(WebUiBuiltInKeywords.groovy:616)
	at com.kms.katalon.core.webui.keyword.WebUiBuiltInKeywords$click$2.call(Unknown Source)
	at Script1534407542420.run(Script1534407542420.groovy:91)
	at com.kms.katalon.core.main.ScriptEngine.run(ScriptEngine.java:183)
	at com.kms.katalon.core.main.ScriptEngine.runScriptAsRawText(ScriptEngine.java:108)
	at com.kms.katalon.core.main.TestCaseExecutor.runScript(TestCaseExecutor.java:294)
	at com.kms.katalon.core.main.TestCaseExecutor.doExecute(TestCaseExecutor.java:285)
	at com.kms.katalon.core.main.TestCaseExecutor.processExecutionPhase(TestCaseExecutor.java:264)
	at com.kms.katalon.core.main.TestCaseExecutor.accessMainPhase(TestCaseExecutor.java:256)
	at com.kms.katalon.core.main.TestCaseExecutor.execute(TestCaseExecutor.java:200)
	at com.kms.katalon.core.main.TestCaseMain.runTestCase(TestCaseMain.java:99)
	at com.kms.katalon.core.keyword.builtin.CallTestCaseKeyword$_callTestCase_closure1.doCall(CallTestCaseKeyword.groovy:60)
	at com.kms.katalon.core.keyword.builtin.CallTestCaseKeyword$_callTestCase_closure1.call(CallTestCaseKeyword.groovy)
	at com.kms.katalon.core.keyword.internal.KeywordMain.runKeyword(KeywordMain.groovy:54)
	at com.kms.katalon.core.keyword.builtin.CallTestCaseKeyword.callTestCase(CallTestCaseKeyword.groovy:81)
	at com.kms.katalon.core.keyword.builtin.CallTestCaseKeyword.execute(CallTestCaseKeyword.groovy:45)
	at com.kms.katalon.core.keyword.internal.KeywordExecutor.executeKeywordForPlatform(KeywordExecutor.groovy:53)
	at com.kms.katalon.core.keyword.BuiltinKeywords.callTestCase(BuiltinKeywords.groovy:334)
	at sun.reflect.GeneratedMethodAccessor13.invoke(Unknown Source)
	at sun.reflect.DelegatingMethodAccessorImpl.invoke(DelegatingMethodAccessorImpl.java:43)
	at java.lang.reflect.Method.invoke(Method.java:498)
	at org.codehaus.groovy.reflection.CachedMethod.invoke(CachedMethod.java:93)
	at groovy.lang.MetaMethod.doMethodInvoke(MetaMethod.java:325)
	at groovy.lang.MetaClassImpl.invokeStaticMethod(MetaClassImpl.java:1469)
	at org.codehaus.groovy.runtime.callsite.StaticMetaClassSite.call(StaticMetaClassSite.java:53)
	at org.codehaus.groovy.runtime.callsite.AbstractCallSite.call(AbstractCallSite.java:141)
	at Script1536137459454.run(Script1536137459454.groovy:34)
	at com.kms.katalon.core.main.ScriptEngine.run(ScriptEngine.java:183)
	at com.kms.katalon.core.main.ScriptEngine.runScriptAsRawText(ScriptEngine.java:108)
	at com.kms.katalon.core.main.TestCaseExecutor.runScript(TestCaseExecutor.java:294)
	at com.kms.katalon.core.main.TestCaseExecutor.doExecute(TestCaseExecutor.java:285)
	at com.kms.katalon.core.main.TestCaseExecutor.processExecutionPhase(TestCaseExecutor.java:264)
	at com.kms.katalon.core.main.TestCaseExecutor.accessMainPhase(TestCaseExecutor.java:256)
	at com.kms.katalon.core.main.TestCaseExecutor.execute(TestCaseExecutor.java:200)
	at com.kms.katalon.core.main.TestCaseMain.runTestCase(TestCaseMain.java:99)
	at com.kms.katalon.core.keyword.builtin.CallTestCaseKeyword$_callTestCase_closure1.doCall(CallTestCaseKeyword.groovy:60)
	at com.kms.katalon.core.keyword.builtin.CallTestCaseKeyword$_callTestCase_closure1.call(CallTestCaseKeyword.groovy)
	at com.kms.katalon.core.keyword.internal.KeywordMain.runKeyword(KeywordMain.groovy:54)
	at com.kms.katalon.core.keyword.builtin.CallTestCaseKeyword.callTestCase(CallTestCaseKeyword.groovy:81)
	at com.kms.katalon.core.keyword.builtin.CallTestCaseKeyword.execute(CallTestCaseKeyword.groovy:45)
	at com.kms.katalon.core.keyword.internal.KeywordExecutor.executeKeywordForPlatform(KeywordExecutor.groovy:53)
	at com.kms.katalon.core.keyword.BuiltinKeywords.callTestCase(BuiltinKeywords.groovy:334)
	at sun.reflect.GeneratedMethodAccessor13.invoke(Unknown Source)
	at sun.reflect.DelegatingMethodAccessorImpl.invoke(DelegatingMethodAccessorImpl.java:43)
	at java.lang.reflect.Method.invoke(Method.java:498)
	at org.codehaus.groovy.reflection.CachedMethod.invoke(CachedMethod.java:93)
	at groovy.lang.MetaMethod.doMethodInvoke(MetaMethod.java:325)
	at groovy.lang.MetaClassImpl.invokeStaticMethod(MetaClassImpl.java:1469)
	at org.codehaus.groovy.runtime.callsite.StaticMetaClassSite.call(StaticMetaClassSite.java:53)
	at org.codehaus.groovy.runtime.callsite.CallSiteArray.defaultCall(CallSiteArray.java:48)
	at org.codehaus.groovy.runtime.callsite.AbstractCallSite.call(AbstractCallSite.java:113)
	at org.codehaus.groovy.runtime.callsite.AbstractCallSite.call(AbstractCallSite.java:141)
	at Script1536137547619.run(Script1536137547619.groovy:25)
	at com.kms.katalon.core.main.ScriptEngine.run(ScriptEngine.java:183)
	at com.kms.katalon.core.main.ScriptEngine.runScriptAsRawText(ScriptEngine.java:108)
	at com.kms.katalon.core.main.TestCaseExecutor.runScript(TestCaseExecutor.java:294)
	at com.kms.katalon.core.main.TestCaseExecutor.doExecute(TestCaseExecutor.java:285)
	at com.kms.katalon.core.main.TestCaseExecutor.processExecutionPhase(TestCaseExecutor.java:264)
	at com.kms.katalon.core.main.TestCaseExecutor.accessMainPhase(TestCaseExecutor.java:256)
	at com.kms.katalon.core.main.TestCaseExecutor.execute(TestCaseExecutor.java:200)
	at com.kms.katalon.core.main.TestSuiteExecutor.accessTestCaseMainPhase(TestSuiteExecutor.java:129)
	at com.kms.katalon.core.main.TestSuiteExecutor.accessTestSuiteMainPhase(TestSuiteExecutor.java:112)
	at com.kms.katalon.core.main.TestSuiteExecutor.execute(TestSuiteExecutor.java:81)
	at com.kms.katalon.core.main.TestCaseMain.startTestSuite(TestCaseMain.java:142)
	at com.kms.katalon.core.main.TestCaseMain$startTestSuite$0.call(Unknown Source)
	at org.codehaus.groovy.runtime.callsite.CallSiteArray.defaultCall(CallSiteArray.java:48)
	at org.codehaus.groovy.runtime.callsite.AbstractCallSite.call(AbstractCallSite.java:113)
	at org.codehaus.groovy.runtime.callsite.AbstractCallSite.call(AbstractCallSite.java:141)
	at TempTestSuite1541736709639.run(TempTestSuite1541736709639.groovy:36)
	at groovy.lang.GroovyShell.runScriptOrMainOrTestOrRunnable(GroovyShell.java:263)
	at groovy.lang.GroovyShell.run(GroovyShell.java:518)
	at groovy.lang.GroovyShell.run(GroovyShell.java:507)
	at groovy.ui.GroovyMain.processOnce(GroovyMain.java:653)
	at groovy.ui.GroovyMain.run(GroovyMain.java:384)
	at groovy.ui.GroovyMain.process(GroovyMain.java:370)
	at groovy.ui.GroovyMain.processArgs(GroovyMain.java:129)
	at groovy.ui.GroovyMain.main(GroovyMain.java:109)
	at sun.reflect.NativeMethodAccessorImpl.invoke0(Native Method)
	at sun.reflect.NativeMethodAccessorImpl.invoke(NativeMethodAccessorImpl.java:62)
	at sun.reflect.DelegatingMethodAccessorImpl.invoke(DelegatingMethodAccessorImpl.java:43)
	at java.lang.reflect.Method.invoke(Method.java:498)
	at org.codehaus.groovy.tools.GroovyStarter.rootLoader(GroovyStarter.java:109)
	at org.codehaus.groovy.tools.GroovyStarter.main(GroovyStarter.java:131)
)"/>
         <system-out><![CDATA[2018-11-09 12:55:24 - [TEST_CASE][FAILED] - Test Cases/Final Aug 2018 - PKS Automation/Registration Module/Workflow/Form 1A - Cessation As Employer/OTC to UO (Approve): Test Cases/Final Aug 2018 - PKS Automation/Registration Module/Workflow/Form 1A - Cessation As Employer/OTC to UO (Approve) FAILED because (of) (Stack trace: com.kms.katalon.core.exception.StepFailedException: Unable to click on object 'Object Repository/Final Object Repo/WorkFlow Listing Page/Click Continue Tooltip' (Root cause: com.kms.katalon.core.webui.exception.WebElementNotFoundException: Web element with id: 'Object Repository/Final Object Repo/WorkFlow Listing Page/Click Continue Tooltip' located by 'By.xpath: //i[@aria-hidden = 'true' and @data-toggle = 'tooltip' and @data-original-title = 'Continue']' not found)
	at com.kms.katalon.core.keyword.internal.KeywordMain.stepFailed(KeywordMain.groovy:32)
	at com.kms.katalon.core.webui.keyword.internal.WebUIKeywordMain.stepFailed(WebUIKeywordMain.groovy:65)
	at com.kms.katalon.core.webui.keyword.internal.WebUIKeywordMain.runKeyword(WebUIKeywordMain.groovy:27)
	at com.kms.katalon.core.webui.keyword.builtin.ClickKeyword.click(ClickKeyword.groovy:86)
	at com.kms.katalon.core.webui.keyword.builtin.ClickKeyword.execute(ClickKeyword.groovy:67)
	at com.kms.katalon.core.keyword.internal.KeywordExecutor.executeKeywordForPlatform(KeywordExecutor.groovy:53)
	at com.kms.katalon.core.webui.keyword.WebUiBuiltInKeywords.click(WebUiBuiltInKeywords.groovy:616)
	at com.kms.katalon.core.webui.keyword.WebUiBuiltInKeywords$click$2.call(Unknown Source)
	at Script1534407542420.run(Script1534407542420.groovy:91)
	at com.kms.katalon.core.main.ScriptEngine.run(ScriptEngine.java:183)
	at com.kms.katalon.core.main.ScriptEngine.runScriptAsRawText(ScriptEngine.java:108)
	at com.kms.katalon.core.main.TestCaseExecutor.runScript(TestCaseExecutor.java:294)
	at com.kms.katalon.core.main.TestCaseExecutor.doExecute(TestCaseExecutor.java:285)
	at com.kms.katalon.core.main.TestCaseExecutor.processExecutionPhase(TestCaseExecutor.java:264)
	at com.kms.katalon.core.main.TestCaseExecutor.accessMainPhase(TestCaseExecutor.java:256)
	at com.kms.katalon.core.main.TestCaseExecutor.execute(TestCaseExecutor.java:200)
	at com.kms.katalon.core.main.TestCaseMain.runTestCase(TestCaseMain.java:99)
	at com.kms.katalon.core.keyword.builtin.CallTestCaseKeyword$_callTestCase_closure1.doCall(CallTestCaseKeyword.groovy:60)
	at com.kms.katalon.core.keyword.builtin.CallTestCaseKeyword$_callTestCase_closure1.call(CallTestCaseKeyword.groovy)
	at com.kms.katalon.core.keyword.internal.KeywordMain.runKeyword(KeywordMain.groovy:54)
	at com.kms.katalon.core.keyword.builtin.CallTestCaseKeyword.callTestCase(CallTestCaseKeyword.groovy:81)
	at com.kms.katalon.core.keyword.builtin.CallTestCaseKeyword.execute(CallTestCaseKeyword.groovy:45)
	at com.kms.katalon.core.keyword.internal.KeywordExecutor.executeKeywordForPlatform(KeywordExecutor.groovy:53)
	at com.kms.katalon.core.keyword.BuiltinKeywords.callTestCase(BuiltinKeywords.groovy:334)
	at sun.reflect.GeneratedMethodAccessor13.invoke(Unknown Source)
	at sun.reflect.DelegatingMethodAccessorImpl.invoke(DelegatingMethodAccessorImpl.java:43)
	at java.lang.reflect.Method.invoke(Method.java:498)
	at org.codehaus.groovy.reflection.CachedMethod.invoke(CachedMethod.java:93)
	at groovy.lang.MetaMethod.doMethodInvoke(MetaMethod.java:325)
	at groovy.lang.MetaClassImpl.invokeStaticMethod(MetaClassImpl.java:1469)
	at org.codehaus.groovy.runtime.callsite.StaticMetaClassSite.call(StaticMetaClassSite.java:53)
	at org.codehaus.groovy.runtime.callsite.AbstractCallSite.call(AbstractCallSite.java:141)
	at Script1536137459454.run(Script1536137459454.groovy:34)
	at com.kms.katalon.core.main.ScriptEngine.run(ScriptEngine.java:183)
	at com.kms.katalon.core.main.ScriptEngine.runScriptAsRawText(ScriptEngine.java:108)
	at com.kms.katalon.core.main.TestCaseExecutor.runScript(TestCaseExecutor.java:294)
	at com.kms.katalon.core.main.TestCaseExecutor.doExecute(TestCaseExecutor.java:285)
	at com.kms.katalon.core.main.TestCaseExecutor.processExecutionPhase(TestCaseExecutor.java:264)
	at com.kms.katalon.core.main.TestCaseExecutor.accessMainPhase(TestCaseExecutor.java:256)
	at com.kms.katalon.core.main.TestCaseExecutor.execute(TestCaseExecutor.java:200)
	at com.kms.katalon.core.main.TestCaseMain.runTestCase(TestCaseMain.java:99)
	at com.kms.katalon.core.keyword.builtin.CallTestCaseKeyword$_callTestCase_closure1.doCall(CallTestCaseKeyword.groovy:60)
	at com.kms.katalon.core.keyword.builtin.CallTestCaseKeyword$_callTestCase_closure1.call(CallTestCaseKeyword.groovy)
	at com.kms.katalon.core.keyword.internal.KeywordMain.runKeyword(KeywordMain.groovy:54)
	at com.kms.katalon.core.keyword.builtin.CallTestCaseKeyword.callTestCase(CallTestCaseKeyword.groovy:81)
	at com.kms.katalon.core.keyword.builtin.CallTestCaseKeyword.execute(CallTestCaseKeyword.groovy:45)
	at com.kms.katalon.core.keyword.internal.KeywordExecutor.executeKeywordForPlatform(KeywordExecutor.groovy:53)
	at com.kms.katalon.core.keyword.BuiltinKeywords.callTestCase(BuiltinKeywords.groovy:334)
	at sun.reflect.GeneratedMethodAccessor13.invoke(Unknown Source)
	at sun.reflect.DelegatingMethodAccessorImpl.invoke(DelegatingMethodAccessorImpl.java:43)
	at java.lang.reflect.Method.invoke(Method.java:498)
	at org.codehaus.groovy.reflection.CachedMethod.invoke(CachedMethod.java:93)
	at groovy.lang.MetaMethod.doMethodInvoke(MetaMethod.java:325)
	at groovy.lang.MetaClassImpl.invokeStaticMethod(MetaClassImpl.java:1469)
	at org.codehaus.groovy.runtime.callsite.StaticMetaClassSite.call(StaticMetaClassSite.java:53)
	at org.codehaus.groovy.runtime.callsite.CallSiteArray.defaultCall(CallSiteArray.java:48)
	at org.codehaus.groovy.runtime.callsite.AbstractCallSite.call(AbstractCallSite.java:113)
	at org.codehaus.groovy.runtime.callsite.AbstractCallSite.call(AbstractCallSite.java:141)
	at Script1536137547619.run(Script1536137547619.groovy:25)
	at com.kms.katalon.core.main.ScriptEngine.run(ScriptEngine.java:183)
	at com.kms.katalon.core.main.ScriptEngine.runScriptAsRawText(ScriptEngine.java:108)
	at com.kms.katalon.core.main.TestCaseExecutor.runScript(TestCaseExecutor.java:294)
	at com.kms.katalon.core.main.TestCaseExecutor.doExecute(TestCaseExecutor.java:285)
	at com.kms.katalon.core.main.TestCaseExecutor.processExecutionPhase(TestCaseExecutor.java:264)
	at com.kms.katalon.core.main.TestCaseExecutor.accessMainPhase(TestCaseExecutor.java:256)
	at com.kms.katalon.core.main.TestCaseExecutor.execute(TestCaseExecutor.java:200)
	at com.kms.katalon.core.main.TestSuiteExecutor.accessTestCaseMainPhase(TestSuiteExecutor.java:129)
	at com.kms.katalon.core.main.TestSuiteExecutor.accessTestSuiteMainPhase(TestSuiteExecutor.java:112)
	at com.kms.katalon.core.main.TestSuiteExecutor.execute(TestSuiteExecutor.java:81)
	at com.kms.katalon.core.main.TestCaseMain.startTestSuite(TestCaseMain.java:142)
	at com.kms.katalon.core.main.TestCaseMain$startTestSuite$0.call(Unknown Source)
	at org.codehaus.groovy.runtime.callsite.CallSiteArray.defaultCall(CallSiteArray.java:48)
	at org.codehaus.groovy.runtime.callsite.AbstractCallSite.call(AbstractCallSite.java:113)
	at org.codehaus.groovy.runtime.callsite.AbstractCallSite.call(AbstractCallSite.java:141)
	at TempTestSuite1541736709639.run(TempTestSuite1541736709639.groovy:36)
	at groovy.lang.GroovyShell.runScriptOrMainOrTestOrRunnable(GroovyShell.java:263)
	at groovy.lang.GroovyShell.run(GroovyShell.java:518)
	at groovy.lang.GroovyShell.run(GroovyShell.java:507)
	at groovy.ui.GroovyMain.processOnce(GroovyMain.java:653)
	at groovy.ui.GroovyMain.run(GroovyMain.java:384)
	at groovy.ui.GroovyMain.process(GroovyMain.java:370)
	at groovy.ui.GroovyMain.processArgs(GroovyMain.java:129)
	at groovy.ui.GroovyMain.main(GroovyMain.java:109)
	at sun.reflect.NativeMethodAccessorImpl.invoke0(Native Method)
	at sun.reflect.NativeMethodAccessorImpl.invoke(NativeMethodAccessorImpl.java:62)
	at sun.reflect.DelegatingMethodAccessorImpl.invoke(DelegatingMethodAccessorImpl.java:43)
	at java.lang.reflect.Method.invoke(Method.java:498)
	at org.codehaus.groovy.tools.GroovyStarter.rootLoader(GroovyStarter.java:109)
	at org.codehaus.groovy.tools.GroovyStarter.main(GroovyStarter.java:131)
)

2018-11-09 12:55:24 - [TEST_STEP][PASSED] - callTestCase: Call Test Case 'Test Cases/Final Aug 2018 - PKS Automation/Registration Module/Workflow/Form 1A - Cessation As Employer/Template/Form 1 A - Cessation As Employer (OTC)' successfully

2018-11-09 12:55:24 - [TEST_CASE][PASSED] - Test Cases/Final Aug 2018 - PKS Automation/Registration Module/Workflow/Form 1A - Cessation As Employer/Template/Form 1 A - Cessation As Employer (OTC): Test Cases/Final Aug 2018 - PKS Automation/Registration Module/Workflow/Form 1A - Cessation As Employer/Template/Form 1 A - Cessation As Employer (OTC)

2018-11-09 12:55:24 - [TEST_STEP][PASSED] - openBrowser: Browser is opened with url: ''

2018-11-09 12:55:24 - [MESSAGE][WARNING] - A browser is already opened. Closing browser and opening a new one

2018-11-09 12:55:29 - [MESSAGE][PASSED] - Browser is opened with url: ''

2018-11-09 12:55:29 - [TEST_STEP][PASSED] - navigateToUrl: Navigate to 'https://assist2-uat.perkeso.gov.my/login' successfully

2018-11-09 12:55:32 - [MESSAGE][PASSED] - Navigate to 'https://assist2-uat.perkeso.gov.my/login' successfully

2018-11-09 12:55:32 - [TEST_STEP][PASSED] - setText: Text 'johorotc1@gmail.com' is set on object 'Object Repository/Final Object Repo/Login Page/Internal User/Email Address'

2018-11-09 12:55:32 - [MESSAGE][PASSED] - Text 'johorotc1@gmail.com' is set on object 'Object Repository/Final Object Repo/Login Page/Internal User/Email Address'

2018-11-09 12:55:32 - [TEST_STEP][PASSED] - click: Object: 'Object Repository/Final Object Repo/Login Page/Internal User/Next Button' is clicked on

2018-11-09 12:55:32 - [MESSAGE][PASSED] - Object: 'Object Repository/Final Object Repo/Login Page/Internal User/Next Button' is clicked on

2018-11-09 12:55:32 - [TEST_STEP][PASSED] - delay: Delayed 1 second(s)

2018-11-09 12:55:33 - [MESSAGE][PASSED] - Delayed 1 second(s)

2018-11-09 12:55:33 - [TEST_STEP][PASSED] - setEncryptedText: Text ****** has been set on object 'Object Repository/Final Object Repo/Login Page/Internal User/Password'

2018-11-09 12:55:33 - [MESSAGE][PASSED] - Text ****** has been set on object 'Object Repository/Final Object Repo/Login Page/Internal User/Password'

2018-11-09 12:55:33 - [TEST_STEP][PASSED] - click: Object: 'Object Repository/Final Object Repo/Login Page/Internal User/Login Button' is clicked on

2018-11-09 12:55:36 - [MESSAGE][PASSED] - Object: 'Object Repository/Final Object Repo/Login Page/Internal User/Login Button' is clicked on

2018-11-09 12:55:36 - [TEST_STEP][PASSED] - delay: Delayed 1 second(s)

2018-11-09 12:55:37 - [MESSAGE][PASSED] - Delayed 1 second(s)

2018-11-09 12:55:37 - [TEST_STEP][PASSED] - Statement - Try: Delayed 2 second(s)

2018-11-09 12:55:37 - [TEST_STEP][PASSED] - Statement - Checker = false: null

2018-11-09 12:55:37 - [TEST_STEP][PASSED] - Statement - Checker = com.kms.katalon.core.webui.keyword.WebUiBuiltInKeywords.verifyElementHasAttribute(com.kms.katalon.core.testobject.ObjectRepository.findTestObject(Final Object Repo/Landing Page/BM Detecting), "href", 20, OPTIONAL): Object 'Object Repository/Final Object Repo/Landing Page/BM Detecting' has attribute 'href'

2018-11-09 12:55:38 - [MESSAGE][PASSED] - Object 'Object Repository/Final Object Repo/Landing Page/BM Detecting' has attribute 'href'

2018-11-09 12:55:38 - [TEST_STEP][PASSED] - Statement - out.println(Checker): null

2018-11-09 12:55:38 - [TEST_STEP][PASSED] - Statement - If (Checker == false): null

2018-11-09 12:55:38 - [TEST_STEP][PASSED] - Statement - Else: null

2018-11-09 12:55:38 - [TEST_STEP][PASSED] - delay: Delayed 2 second(s)

2018-11-09 12:55:40 - [MESSAGE][PASSED] - Delayed 2 second(s)

2018-11-09 12:55:40 - [TEST_STEP][PASSED] - navigateToUrl: Navigate to 'https://assist2-uat.perkeso.gov.my/web/registration/update/form-1a-cessation-as-employer-discontinue-business-' successfully

2018-11-09 12:55:41 - [MESSAGE][PASSED] - Navigate to 'https://assist2-uat.perkeso.gov.my/web/registration/update/form-1a-cessation-as-employer-discontinue-business-' successfully

2018-11-09 12:55:41 - [TEST_STEP][PASSED] - setText: Text 'E1102069770Z' is set on object 'Object Repository/Final Object Repo/Page_Update Employer Information/Employer Code'

2018-11-09 12:55:41 - [MESSAGE][PASSED] - Text 'E1102069770Z' is set on object 'Object Repository/Final Object Repo/Page_Update Employer Information/Employer Code'

2018-11-09 12:55:41 - [TEST_STEP][PASSED] - click: Object: 'Object Repository/Final Object Repo/Page_Update Employer Information/Search Button' is clicked on

2018-11-09 12:55:43 - [MESSAGE][PASSED] - Object: 'Object Repository/Final Object Repo/Page_Update Employer Information/Search Button' is clicked on

2018-11-09 12:55:43 - [TEST_STEP][PASSED] - click: Object: 'Object Repository/Final Object Repo/Page_Update Employer Information/Edit Button' is clicked on

2018-11-09 12:55:45 - [MESSAGE][PASSED] - Object: 'Object Repository/Final Object Repo/Page_Update Employer Information/Edit Button' is clicked on

2018-11-09 12:55:45 - [TEST_STEP][PASSED] - Statement - abc = com.kms.katalon.core.webui.keyword.WebUiBuiltInKeywords.getAttribute(com.kms.katalon.core.testobject.ObjectRepository.findTestObject(Final Object Repo/Page_Form 1A - Cessation As Employer/Employer Status), "value"): Attribute 'value' of object 'Object Repository/Final Object Repo/Page_Form 1A - Cessation As Employer/Employer Status' is: 'Dormant'

2018-11-09 12:55:45 - [MESSAGE][PASSED] - Attribute 'value' of object 'Object Repository/Final Object Repo/Page_Form 1A - Cessation As Employer/Employer Status' is: 'Dormant'

2018-11-09 12:55:45 - [TEST_STEP][PASSED] - Statement - out.println(abc): null

2018-11-09 12:55:45 - [TEST_STEP][PASSED] - Statement - If (abc == "Active"): null

2018-11-09 12:55:45 - [TEST_STEP][PASSED] - Statement - Else If (abc == "Cancel"): null

2018-11-09 12:55:45 - [TEST_STEP][PASSED] - Statement - Else If (abc == "Dormant"): Object: 'Object Repository/Final Object Repo/Page_Form 1A - Cessation As Employer/Change Employer Status to - Dormant' is clicked on

2018-11-09 12:55:45 - [TEST_STEP][PASSED] - click: Object: 'Object Repository/Final Object Repo/Page_Form 1A - Cessation As Employer/Change Employer Status to' is clicked on

2018-11-09 12:55:45 - [MESSAGE][PASSED] - Object: 'Object Repository/Final Object Repo/Page_Form 1A - Cessation As Employer/Change Employer Status to' is clicked on

2018-11-09 12:55:45 - [TEST_STEP][PASSED] - click: Object: 'Object Repository/Final Object Repo/Page_Form 1A - Cessation As Employer/Change Employer Status to - Dormant' is clicked on

2018-11-09 12:55:46 - [MESSAGE][PASSED] - Object: 'Object Repository/Final Object Repo/Page_Form 1A - Cessation As Employer/Change Employer Status to - Dormant' is clicked on

2018-11-09 12:55:46 - [TEST_STEP][PASSED] - click: Object: 'Object Repository/Final Object Repo/Page_Form 1A - Cessation As Employer/Calender' is clicked on

2018-11-09 12:55:47 - [MESSAGE][PASSED] - Object: 'Object Repository/Final Object Repo/Page_Form 1A - Cessation As Employer/Calender' is clicked on

2018-11-09 12:55:47 - [TEST_STEP][PASSED] - click: Object: 'Object Repository/Final Object Repo/Page_Form 1A - Cessation As Employer/Calender - Date' is clicked on

2018-11-09 12:55:47 - [MESSAGE][PASSED] - Object: 'Object Repository/Final Object Repo/Page_Form 1A - Cessation As Employer/Calender - Date' is clicked on

2018-11-09 12:55:47 - [TEST_STEP][PASSED] - delay: Delayed 2 second(s)

2018-11-09 12:55:49 - [MESSAGE][PASSED] - Delayed 2 second(s)

2018-11-09 12:55:49 - [TEST_STEP][PASSED] - click: Object: 'Object Repository/Final Object Repo/Page_Form 1A - Cessation As Employer/Save  Continue in Form 1A Page' is clicked on

2018-11-09 12:55:52 - [MESSAGE][PASSED] - Object: 'Object Repository/Final Object Repo/Page_Form 1A - Cessation As Employer/Save  Continue in Form 1A Page' is clicked on

2018-11-09 12:55:52 - [TEST_STEP][PASSED] - delay: Delayed 2 second(s)

2018-11-09 12:55:54 - [MESSAGE][PASSED] - Delayed 2 second(s)

2018-11-09 12:55:54 - [TEST_STEP][PASSED] - click: Object: 'Object Repository/Final Object Repo/Page_Form 1A - Cessation As Employer/Employment Resign Date' is clicked on

2018-11-09 12:55:55 - [MESSAGE][PASSED] - Object: 'Object Repository/Final Object Repo/Page_Form 1A - Cessation As Employer/Employment Resign Date' is clicked on

2018-11-09 12:55:55 - [TEST_STEP][PASSED] - delay: Delayed 1 second(s)

2018-11-09 12:55:56 - [MESSAGE][PASSED] - Delayed 1 second(s)

2018-11-09 12:55:56 - [TEST_STEP][PASSED] - Statement - CaseReferenceNo = com.kms.katalon.core.webui.keyword.WebUiBuiltInKeywords.getText(com.kms.katalon.core.testobject.ObjectRepository.findTestObject(Final Object Repo/Page_Update Employer Information/Reference Number in Update Employee Information Page)): Text of object 'Object Repository/Final Object Repo/Page_Update Employer Information/Reference Number in Update Employee Information Page' is: 'CUN112018C200001539'

2018-11-09 12:55:56 - [MESSAGE][PASSED] - Text of object 'Object Repository/Final Object Repo/Page_Update Employer Information/Reference Number in Update Employee Information Page' is: 'CUN112018C200001539'

2018-11-09 12:55:56 - [TEST_STEP][PASSED] - callTestCase: Call Test Case 'Test Cases/Final Aug 2018 - PKS Automation/Common/Reference Number Setter' successfully

2018-11-09 12:55:56 - [TEST_CASE][PASSED] - Test Cases/Final Aug 2018 - PKS Automation/Common/Reference Number Setter: Test Cases/Final Aug 2018 - PKS Automation/Common/Reference Number Setter

2018-11-09 12:55:56 - [TEST_STEP][PASSED] - Statement - RefNoOldFile = new java.io.File(C://KatalonReference.txt): null

2018-11-09 12:55:56 - [TEST_STEP][PASSED] - Statement - RefNoOldFile.delete(): null

2018-11-09 12:55:56 - [TEST_STEP][PASSED] - Statement - RefNo = new java.io.File(C://KatalonReference.txt): null

2018-11-09 12:55:56 - [TEST_STEP][PASSED] - Statement - RefNo.append(CaseReferenceNo): null

2018-11-09 12:55:56 - [TEST_STEP][PASSED] - Statement - out.println("


" + CaseReferenceNo + "


"): null

2018-11-09 12:55:56 - [MESSAGE][PASSED] - Call Test Case 'Test Cases/Final Aug 2018 - PKS Automation/Common/Reference Number Setter' successfully

2018-11-09 12:55:56 - [TEST_STEP][PASSED] - selectOptionByValue: All options with value '2030' are selected in object 'Object Repository/Final Object Repo/Page_Form 1A - Cessation As Employer/Employment Resign Date - Year' 

2018-11-09 12:55:56 - [MESSAGE][PASSED] - All options with value '2030' are selected in object 'Object Repository/Final Object Repo/Page_Form 1A - Cessation As Employer/Employment Resign Date - Year' 

2018-11-09 12:55:56 - [TEST_STEP][PASSED] - delay: Delayed 1 second(s)

2018-11-09 12:55:57 - [MESSAGE][PASSED] - Delayed 1 second(s)

2018-11-09 12:55:57 - [TEST_STEP][PASSED] - click: Object: 'Object Repository/Final Object Repo/Page_Form 1A - Cessation As Employer/Employment Resign Date - Year - Date' is clicked on

2018-11-09 12:55:58 - [MESSAGE][PASSED] - Object: 'Object Repository/Final Object Repo/Page_Form 1A - Cessation As Employer/Employment Resign Date - Year - Date' is clicked on

2018-11-09 12:55:58 - [TEST_STEP][PASSED] - delay: Delayed 2 second(s)

2018-11-09 12:56:00 - [MESSAGE][PASSED] - Delayed 2 second(s)

2018-11-09 12:56:00 - [TEST_STEP][PASSED] - click: Object: 'Object Repository/Final Object Repo/Page_Form 1A - Cessation As Employer/Save  Continue in Update Add Employee Resigned Date Page' is clicked on

2018-11-09 12:56:00 - [MESSAGE][PASSED] - Object: 'Object Repository/Final Object Repo/Page_Form 1A - Cessation As Employer/Save  Continue in Update Add Employee Resigned Date Page' is clicked on

2018-11-09 12:56:00 - [TEST_STEP][PASSED] - delay: Delayed 2 second(s)

2018-11-09 12:56:02 - [MESSAGE][PASSED] - Delayed 2 second(s)

2018-11-09 12:56:02 - [TEST_STEP][PASSED] - click: Object: 'Object Repository/Final Object Repo/Page_Form 1A - Cessation As Employer/Add Document' is clicked on

2018-11-09 12:56:05 - [MESSAGE][PASSED] - Object: 'Object Repository/Final Object Repo/Page_Form 1A - Cessation As Employer/Add Document' is clicked on

2018-11-09 12:56:05 - [TEST_STEP][PASSED] - delay: Delayed 2 second(s)

2018-11-09 12:56:07 - [MESSAGE][PASSED] - Delayed 2 second(s)

2018-11-09 12:56:07 - [TEST_STEP][PASSED] - click: Object: 'Object Repository/Final Object Repo/Page_Form 1A - Cessation As Employer/Document Type' is clicked on

2018-11-09 12:56:09 - [MESSAGE][PASSED] - Object: 'Object Repository/Final Object Repo/Page_Form 1A - Cessation As Employer/Document Type' is clicked on

2018-11-09 12:56:09 - [TEST_STEP][PASSED] - delay: Delayed 2 second(s)

2018-11-09 12:56:11 - [MESSAGE][PASSED] - Delayed 2 second(s)

2018-11-09 12:56:11 - [TEST_STEP][PASSED] - click: Object: 'Object Repository/Final Object Repo/Page_Form 1A - Cessation As Employer/Document Type - Supporting Document For Cessation' is clicked on

2018-11-09 12:56:12 - [MESSAGE][PASSED] - Object: 'Object Repository/Final Object Repo/Page_Form 1A - Cessation As Employer/Document Type - Supporting Document For Cessation' is clicked on

2018-11-09 12:56:12 - [TEST_STEP][PASSED] - delay: Delayed 2 second(s)

2018-11-09 12:56:14 - [MESSAGE][PASSED] - Delayed 2 second(s)

2018-11-09 12:56:14 - [TEST_STEP][PASSED] - sendKeys: Keys 'C:\Users\Public\Pictures\Sample Pictures\Act.jpg' sent to object: 'Object Repository/Final Object Repo/Page_Form 1A - Cessation As Employer/Uploading File'

2018-11-09 12:56:14 - [MESSAGE][PASSED] - Keys 'C:\Users\Public\Pictures\Sample Pictures\Act.jpg' sent to object: 'Object Repository/Final Object Repo/Page_Form 1A - Cessation As Employer/Uploading File'

2018-11-09 12:56:14 - [TEST_STEP][PASSED] - delay: Delayed 2 second(s)

2018-11-09 12:56:16 - [MESSAGE][PASSED] - Delayed 2 second(s)

2018-11-09 12:56:16 - [TEST_STEP][PASSED] - click: Object: 'Object Repository/Final Object Repo/Page_Form 1A - Cessation As Employer/Add Document in Uploading Page' is clicked on

2018-11-09 12:56:21 - [MESSAGE][PASSED] - Object: 'Object Repository/Final Object Repo/Page_Form 1A - Cessation As Employer/Add Document in Uploading Page' is clicked on

2018-11-09 12:56:21 - [TEST_STEP][PASSED] - delay: Delayed 20 second(s)

2018-11-09 12:56:41 - [MESSAGE][PASSED] - Delayed 20 second(s)

2018-11-09 12:56:41 - [TEST_STEP][PASSED] - click: Object: 'Object Repository/Final Object Repo/Page_Form 1A - Cessation As Employer/Save  Continue in Uploading Page' is clicked on

2018-11-09 12:56:41 - [MESSAGE][PASSED] - Object: 'Object Repository/Final Object Repo/Page_Form 1A - Cessation As Employer/Save  Continue in Uploading Page' is clicked on

2018-11-09 12:56:41 - [TEST_STEP][PASSED] - delay: Delayed 2 second(s)

2018-11-09 12:56:43 - [MESSAGE][PASSED] - Delayed 2 second(s)

2018-11-09 12:56:43 - [TEST_STEP][PASSED] - click: Object: 'Object Repository/Final Object Repo/Page_Form 1A - Cessation As Employer/Submit2' is clicked on

2018-11-09 12:56:47 - [MESSAGE][PASSED] - Object: 'Object Repository/Final Object Repo/Page_Form 1A - Cessation As Employer/Submit2' is clicked on

2018-11-09 12:56:47 - [TEST_STEP][PASSED] - delay: Delayed 2 second(s)

2018-11-09 12:56:49 - [MESSAGE][PASSED] - Delayed 2 second(s)

2018-11-09 12:56:49 - [TEST_STEP][PASSED] - click: Object: 'Object Repository/Final Object Repo/Page_Form 1A - Cessation As Employer/Confirm' is clicked on

2018-11-09 12:56:54 - [MESSAGE][PASSED] - Object: 'Object Repository/Final Object Repo/Page_Form 1A - Cessation As Employer/Confirm' is clicked on

2018-11-09 12:56:54 - [TEST_STEP][PASSED] - delay: Delayed 2 second(s)

2018-11-09 12:56:56 - [MESSAGE][PASSED] - Delayed 2 second(s)

2018-11-09 12:56:56 - [TEST_STEP][PASSED] - verifyElementVisible: Object 'Object Repository/Final Object Repo/Page_Form 1A - Cessation As Employer/Message Your Request will be routed to UO' is visible

2018-11-09 12:56:56 - [MESSAGE][PASSED] - Object 'Object Repository/Final Object Repo/Page_Form 1A - Cessation As Employer/Message Your Request will be routed to UO' is visible

2018-11-09 12:56:56 - [TEST_STEP][PASSED] - delay: Delayed 1 second(s)

2018-11-09 12:56:57 - [MESSAGE][PASSED] - Delayed 1 second(s)

2018-11-09 12:56:57 - [TEST_STEP][PASSED] - verifyElementVisible: Object 'Object Repository/Final Object Repo/Page_Form 1A - Cessation As Employer/Letter of acknowledgement' is visible

2018-11-09 12:56:57 - [MESSAGE][PASSED] - Object 'Object Repository/Final Object Repo/Page_Form 1A - Cessation As Employer/Letter of acknowledgement' is visible

2018-11-09 12:56:57 - [MESSAGE][PASSED] - Call Test Case 'Test Cases/Final Aug 2018 - PKS Automation/Registration Module/Workflow/Form 1A - Cessation As Employer/Template/Form 1 A - Cessation As Employer (OTC)' successfully

2018-11-09 12:56:57 - [TEST_STEP][FAILED] - callTestCase: Unable to call Test Case with id 'Test Cases/Final Aug 2018 - PKS Automation/Registration Module/Workflow/Form 1A - Cessation As Employer/Template/Form 1 A - Cessation As Employer (Approve)' (Root cause: Call Test Case 'Test Cases/Final Aug 2018 - PKS Automation/Registration Module/Workflow/Form 1A - Cessation As Employer/Template/Form 1 A - Cessation As Employer (Approve)' failed)

2018-11-09 12:56:57 - [TEST_CASE][FAILED] - Test Cases/Final Aug 2018 - PKS Automation/Registration Module/Workflow/Form 1A - Cessation As Employer/Template/Form 1 A - Cessation As Employer (Approve): Test Cases/Final Aug 2018 - PKS Automation/Registration Module/Workflow/Form 1A - Cessation As Employer/Template/Form 1 A - Cessation As Employer (Approve) FAILED because (of) (Stack trace: com.kms.katalon.core.exception.StepFailedException: Unable to click on object 'Object Repository/Final Object Repo/WorkFlow Listing Page/Click Continue Tooltip' (Root cause: com.kms.katalon.core.webui.exception.WebElementNotFoundException: Web element with id: 'Object Repository/Final Object Repo/WorkFlow Listing Page/Click Continue Tooltip' located by 'By.xpath: //i[@aria-hidden = 'true' and @data-toggle = 'tooltip' and @data-original-title = 'Continue']' not found)
	at com.kms.katalon.core.keyword.internal.KeywordMain.stepFailed(KeywordMain.groovy:32)
	at com.kms.katalon.core.webui.keyword.internal.WebUIKeywordMain.stepFailed(WebUIKeywordMain.groovy:65)
	at com.kms.katalon.core.webui.keyword.internal.WebUIKeywordMain.runKeyword(WebUIKeywordMain.groovy:27)
	at com.kms.katalon.core.webui.keyword.builtin.ClickKeyword.click(ClickKeyword.groovy:86)
	at com.kms.katalon.core.webui.keyword.builtin.ClickKeyword.execute(ClickKeyword.groovy:67)
	at com.kms.katalon.core.keyword.internal.KeywordExecutor.executeKeywordForPlatform(KeywordExecutor.groovy:53)
	at com.kms.katalon.core.webui.keyword.WebUiBuiltInKeywords.click(WebUiBuiltInKeywords.groovy:616)
	at com.kms.katalon.core.webui.keyword.WebUiBuiltInKeywords$click$2.call(Unknown Source)
	at Script1534407542420.run(Script1534407542420.groovy:91)
	at com.kms.katalon.core.main.ScriptEngine.run(ScriptEngine.java:183)
	at com.kms.katalon.core.main.ScriptEngine.runScriptAsRawText(ScriptEngine.java:108)
	at com.kms.katalon.core.main.TestCaseExecutor.runScript(TestCaseExecutor.java:294)
	at com.kms.katalon.core.main.TestCaseExecutor.doExecute(TestCaseExecutor.java:285)
	at com.kms.katalon.core.main.TestCaseExecutor.processExecutionPhase(TestCaseExecutor.java:264)
	at com.kms.katalon.core.main.TestCaseExecutor.accessMainPhase(TestCaseExecutor.java:256)
	at com.kms.katalon.core.main.TestCaseExecutor.execute(TestCaseExecutor.java:200)
	at com.kms.katalon.core.main.TestCaseMain.runTestCase(TestCaseMain.java:99)
	at com.kms.katalon.core.keyword.builtin.CallTestCaseKeyword$_callTestCase_closure1.doCall(CallTestCaseKeyword.groovy:60)
	at com.kms.katalon.core.keyword.builtin.CallTestCaseKeyword$_callTestCase_closure1.call(CallTestCaseKeyword.groovy)
	at com.kms.katalon.core.keyword.internal.KeywordMain.runKeyword(KeywordMain.groovy:54)
	at com.kms.katalon.core.keyword.builtin.CallTestCaseKeyword.callTestCase(CallTestCaseKeyword.groovy:81)
	at com.kms.katalon.core.keyword.builtin.CallTestCaseKeyword.execute(CallTestCaseKeyword.groovy:45)
	at com.kms.katalon.core.keyword.internal.KeywordExecutor.executeKeywordForPlatform(KeywordExecutor.groovy:53)
	at com.kms.katalon.core.keyword.BuiltinKeywords.callTestCase(BuiltinKeywords.groovy:334)
	at sun.reflect.GeneratedMethodAccessor13.invoke(Unknown Source)
	at sun.reflect.DelegatingMethodAccessorImpl.invoke(DelegatingMethodAccessorImpl.java:43)
	at java.lang.reflect.Method.invoke(Method.java:498)
	at org.codehaus.groovy.reflection.CachedMethod.invoke(CachedMethod.java:93)
	at groovy.lang.MetaMethod.doMethodInvoke(MetaMethod.java:325)
	at groovy.lang.MetaClassImpl.invokeStaticMethod(MetaClassImpl.java:1469)
	at org.codehaus.groovy.runtime.callsite.StaticMetaClassSite.call(StaticMetaClassSite.java:53)
	at org.codehaus.groovy.runtime.callsite.AbstractCallSite.call(AbstractCallSite.java:141)
	at Script1536137459454.run(Script1536137459454.groovy:34)
	at com.kms.katalon.core.main.ScriptEngine.run(ScriptEngine.java:183)
	at com.kms.katalon.core.main.ScriptEngine.runScriptAsRawText(ScriptEngine.java:108)
	at com.kms.katalon.core.main.TestCaseExecutor.runScript(TestCaseExecutor.java:294)
	at com.kms.katalon.core.main.TestCaseExecutor.doExecute(TestCaseExecutor.java:285)
	at com.kms.katalon.core.main.TestCaseExecutor.processExecutionPhase(TestCaseExecutor.java:264)
	at com.kms.katalon.core.main.TestCaseExecutor.accessMainPhase(TestCaseExecutor.java:256)
	at com.kms.katalon.core.main.TestCaseExecutor.execute(TestCaseExecutor.java:200)
	at com.kms.katalon.core.main.TestCaseMain.runTestCase(TestCaseMain.java:99)
	at com.kms.katalon.core.keyword.builtin.CallTestCaseKeyword$_callTestCase_closure1.doCall(CallTestCaseKeyword.groovy:60)
	at com.kms.katalon.core.keyword.builtin.CallTestCaseKeyword$_callTestCase_closure1.call(CallTestCaseKeyword.groovy)
	at com.kms.katalon.core.keyword.internal.KeywordMain.runKeyword(KeywordMain.groovy:54)
	at com.kms.katalon.core.keyword.builtin.CallTestCaseKeyword.callTestCase(CallTestCaseKeyword.groovy:81)
	at com.kms.katalon.core.keyword.builtin.CallTestCaseKeyword.execute(CallTestCaseKeyword.groovy:45)
	at com.kms.katalon.core.keyword.internal.KeywordExecutor.executeKeywordForPlatform(KeywordExecutor.groovy:53)
	at com.kms.katalon.core.keyword.BuiltinKeywords.callTestCase(BuiltinKeywords.groovy:334)
	at sun.reflect.GeneratedMethodAccessor13.invoke(Unknown Source)
	at sun.reflect.DelegatingMethodAccessorImpl.invoke(DelegatingMethodAccessorImpl.java:43)
	at java.lang.reflect.Method.invoke(Method.java:498)
	at org.codehaus.groovy.reflection.CachedMethod.invoke(CachedMethod.java:93)
	at groovy.lang.MetaMethod.doMethodInvoke(MetaMethod.java:325)
	at groovy.lang.MetaClassImpl.invokeStaticMethod(MetaClassImpl.java:1469)
	at org.codehaus.groovy.runtime.callsite.StaticMetaClassSite.call(StaticMetaClassSite.java:53)
	at org.codehaus.groovy.runtime.callsite.CallSiteArray.defaultCall(CallSiteArray.java:48)
	at org.codehaus.groovy.runtime.callsite.AbstractCallSite.call(AbstractCallSite.java:113)
	at org.codehaus.groovy.runtime.callsite.AbstractCallSite.call(AbstractCallSite.java:141)
	at Script1536137547619.run(Script1536137547619.groovy:25)
	at com.kms.katalon.core.main.ScriptEngine.run(ScriptEngine.java:183)
	at com.kms.katalon.core.main.ScriptEngine.runScriptAsRawText(ScriptEngine.java:108)
	at com.kms.katalon.core.main.TestCaseExecutor.runScript(TestCaseExecutor.java:294)
	at com.kms.katalon.core.main.TestCaseExecutor.doExecute(TestCaseExecutor.java:285)
	at com.kms.katalon.core.main.TestCaseExecutor.processExecutionPhase(TestCaseExecutor.java:264)
	at com.kms.katalon.core.main.TestCaseExecutor.accessMainPhase(TestCaseExecutor.java:256)
	at com.kms.katalon.core.main.TestCaseExecutor.execute(TestCaseExecutor.java:200)
	at com.kms.katalon.core.main.TestSuiteExecutor.accessTestCaseMainPhase(TestSuiteExecutor.java:129)
	at com.kms.katalon.core.main.TestSuiteExecutor.accessTestSuiteMainPhase(TestSuiteExecutor.java:112)
	at com.kms.katalon.core.main.TestSuiteExecutor.execute(TestSuiteExecutor.java:81)
	at com.kms.katalon.core.main.TestCaseMain.startTestSuite(TestCaseMain.java:142)
	at com.kms.katalon.core.main.TestCaseMain$startTestSuite$0.call(Unknown Source)
	at org.codehaus.groovy.runtime.callsite.CallSiteArray.defaultCall(CallSiteArray.java:48)
	at org.codehaus.groovy.runtime.callsite.AbstractCallSite.call(AbstractCallSite.java:113)
	at org.codehaus.groovy.runtime.callsite.AbstractCallSite.call(AbstractCallSite.java:141)
	at TempTestSuite1541736709639.run(TempTestSuite1541736709639.groovy:36)
	at groovy.lang.GroovyShell.runScriptOrMainOrTestOrRunnable(GroovyShell.java:263)
	at groovy.lang.GroovyShell.run(GroovyShell.java:518)
	at groovy.lang.GroovyShell.run(GroovyShell.java:507)
	at groovy.ui.GroovyMain.processOnce(GroovyMain.java:653)
	at groovy.ui.GroovyMain.run(GroovyMain.java:384)
	at groovy.ui.GroovyMain.process(GroovyMain.java:370)
	at groovy.ui.GroovyMain.processArgs(GroovyMain.java:129)
	at groovy.ui.GroovyMain.main(GroovyMain.java:109)
	at sun.reflect.NativeMethodAccessorImpl.invoke0(Native Method)
	at sun.reflect.NativeMethodAccessorImpl.invoke(NativeMethodAccessorImpl.java:62)
	at sun.reflect.DelegatingMethodAccessorImpl.invoke(DelegatingMethodAccessorImpl.java:43)
	at java.lang.reflect.Method.invoke(Method.java:498)
	at org.codehaus.groovy.tools.GroovyStarter.rootLoader(GroovyStarter.java:109)
	at org.codehaus.groovy.tools.GroovyStarter.main(GroovyStarter.java:131)
)

2018-11-09 12:56:57 - [TEST_STEP][NOT_RUN] - callTestCase: NOT_RUN: callTestCase

2018-11-09 12:56:57 - [MESSAGE][NOT_RUN] - NOT_RUN: callTestCase

2018-11-09 12:56:57 - [TEST_STEP][PASSED] - delay: Delayed 1 second(s)

2018-11-09 12:56:58 - [MESSAGE][PASSED] - Delayed 1 second(s)

2018-11-09 12:56:58 - [TEST_STEP][PASSED] - navigateToUrl: Navigate to 'https://assist2-uat.perkeso.gov.my/c/portal/logout' successfully

2018-11-09 12:57:00 - [MESSAGE][PASSED] - Navigate to 'https://assist2-uat.perkeso.gov.my/c/portal/logout' successfully

2018-11-09 12:57:00 - [TEST_STEP][PASSED] - delay: Delayed 1 second(s)

2018-11-09 12:57:01 - [MESSAGE][PASSED] - Delayed 1 second(s)

2018-11-09 12:57:01 - [TEST_STEP][PASSED] - callTestCase: Call Test Case 'Test Cases/Final Aug 2018 - PKS Automation/Common/Reference Number Getter' successfully

2018-11-09 12:57:01 - [TEST_CASE][PASSED] - Test Cases/Final Aug 2018 - PKS Automation/Common/Reference Number Getter: Test Cases/Final Aug 2018 - PKS Automation/Common/Reference Number Getter

2018-11-09 12:57:01 - [TEST_STEP][PASSED] - Statement - Try: null

2018-11-09 12:57:01 - [TEST_STEP][PASSED] - Statement - RefNo = new java.io.File(C://KatalonReference.txt): null

2018-11-09 12:57:01 - [TEST_STEP][PASSED] - Statement - bufferread = new java.io.BufferedReader(new java.io.FileReader(RefNo)): null

2018-11-09 12:57:01 - [TEST_STEP][PASSED] - Statement - readedVal = bufferread.readLine(): null

2018-11-09 12:57:01 - [TEST_STEP][PASSED] - Statement - out.println(CaseReferenceNo): null

2018-11-09 12:57:01 - [TEST_STEP][PASSED] - Statement - out.println(readedVal): null

2018-11-09 12:57:01 - [TEST_STEP][PASSED] - Statement - CaseReferenceNo = readedVal: null

2018-11-09 12:57:01 - [MESSAGE][PASSED] - Call Test Case 'Test Cases/Final Aug 2018 - PKS Automation/Common/Reference Number Getter' successfully

2018-11-09 12:57:01 - [TEST_STEP][FAILED] - callTestCase: Unable to call Test Case with id 'Test Cases/Final Aug 2018 - PKS Automation/Common/Workflow Owner Finder' (Root cause: Call Test Case 'Test Cases/Final Aug 2018 - PKS Automation/Common/Workflow Owner Finder' failed)

2018-11-09 12:57:01 - [TEST_CASE][FAILED] - Test Cases/Final Aug 2018 - PKS Automation/Common/Workflow Owner Finder: Test Cases/Final Aug 2018 - PKS Automation/Common/Workflow Owner Finder FAILED because (of) (Stack trace: com.kms.katalon.core.exception.StepFailedException: Unable to click on object 'Object Repository/Final Object Repo/WorkFlow Listing Page/Click Continue Tooltip' (Root cause: com.kms.katalon.core.webui.exception.WebElementNotFoundException: Web element with id: 'Object Repository/Final Object Repo/WorkFlow Listing Page/Click Continue Tooltip' located by 'By.xpath: //i[@aria-hidden = 'true' and @data-toggle = 'tooltip' and @data-original-title = 'Continue']' not found)
	at com.kms.katalon.core.keyword.internal.KeywordMain.stepFailed(KeywordMain.groovy:32)
	at com.kms.katalon.core.webui.keyword.internal.WebUIKeywordMain.stepFailed(WebUIKeywordMain.groovy:65)
	at com.kms.katalon.core.webui.keyword.internal.WebUIKeywordMain.runKeyword(WebUIKeywordMain.groovy:27)
	at com.kms.katalon.core.webui.keyword.builtin.ClickKeyword.click(ClickKeyword.groovy:86)
	at com.kms.katalon.core.webui.keyword.builtin.ClickKeyword.execute(ClickKeyword.groovy:67)
	at com.kms.katalon.core.keyword.internal.KeywordExecutor.executeKeywordForPlatform(KeywordExecutor.groovy:53)
	at com.kms.katalon.core.webui.keyword.WebUiBuiltInKeywords.click(WebUiBuiltInKeywords.groovy:616)
	at com.kms.katalon.core.webui.keyword.WebUiBuiltInKeywords$click$2.call(Unknown Source)
	at Script1534407542420.run(Script1534407542420.groovy:91)
	at com.kms.katalon.core.main.ScriptEngine.run(ScriptEngine.java:183)
	at com.kms.katalon.core.main.ScriptEngine.runScriptAsRawText(ScriptEngine.java:108)
	at com.kms.katalon.core.main.TestCaseExecutor.runScript(TestCaseExecutor.java:294)
	at com.kms.katalon.core.main.TestCaseExecutor.doExecute(TestCaseExecutor.java:285)
	at com.kms.katalon.core.main.TestCaseExecutor.processExecutionPhase(TestCaseExecutor.java:264)
	at com.kms.katalon.core.main.TestCaseExecutor.accessMainPhase(TestCaseExecutor.java:256)
	at com.kms.katalon.core.main.TestCaseExecutor.execute(TestCaseExecutor.java:200)
	at com.kms.katalon.core.main.TestCaseMain.runTestCase(TestCaseMain.java:99)
	at com.kms.katalon.core.keyword.builtin.CallTestCaseKeyword$_callTestCase_closure1.doCall(CallTestCaseKeyword.groovy:60)
	at com.kms.katalon.core.keyword.builtin.CallTestCaseKeyword$_callTestCase_closure1.call(CallTestCaseKeyword.groovy)
	at com.kms.katalon.core.keyword.internal.KeywordMain.runKeyword(KeywordMain.groovy:54)
	at com.kms.katalon.core.keyword.builtin.CallTestCaseKeyword.callTestCase(CallTestCaseKeyword.groovy:81)
	at com.kms.katalon.core.keyword.builtin.CallTestCaseKeyword.execute(CallTestCaseKeyword.groovy:45)
	at com.kms.katalon.core.keyword.internal.KeywordExecutor.executeKeywordForPlatform(KeywordExecutor.groovy:53)
	at com.kms.katalon.core.keyword.BuiltinKeywords.callTestCase(BuiltinKeywords.groovy:334)
	at sun.reflect.GeneratedMethodAccessor13.invoke(Unknown Source)
	at sun.reflect.DelegatingMethodAccessorImpl.invoke(DelegatingMethodAccessorImpl.java:43)
	at java.lang.reflect.Method.invoke(Method.java:498)
	at org.codehaus.groovy.reflection.CachedMethod.invoke(CachedMethod.java:93)
	at groovy.lang.MetaMethod.doMethodInvoke(MetaMethod.java:325)
	at groovy.lang.MetaClassImpl.invokeStaticMethod(MetaClassImpl.java:1469)
	at org.codehaus.groovy.runtime.callsite.StaticMetaClassSite.call(StaticMetaClassSite.java:53)
	at org.codehaus.groovy.runtime.callsite.AbstractCallSite.call(AbstractCallSite.java:141)
	at Script1536137459454.run(Script1536137459454.groovy:34)
	at com.kms.katalon.core.main.ScriptEngine.run(ScriptEngine.java:183)
	at com.kms.katalon.core.main.ScriptEngine.runScriptAsRawText(ScriptEngine.java:108)
	at com.kms.katalon.core.main.TestCaseExecutor.runScript(TestCaseExecutor.java:294)
	at com.kms.katalon.core.main.TestCaseExecutor.doExecute(TestCaseExecutor.java:285)
	at com.kms.katalon.core.main.TestCaseExecutor.processExecutionPhase(TestCaseExecutor.java:264)
	at com.kms.katalon.core.main.TestCaseExecutor.accessMainPhase(TestCaseExecutor.java:256)
	at com.kms.katalon.core.main.TestCaseExecutor.execute(TestCaseExecutor.java:200)
	at com.kms.katalon.core.main.TestCaseMain.runTestCase(TestCaseMain.java:99)
	at com.kms.katalon.core.keyword.builtin.CallTestCaseKeyword$_callTestCase_closure1.doCall(CallTestCaseKeyword.groovy:60)
	at com.kms.katalon.core.keyword.builtin.CallTestCaseKeyword$_callTestCase_closure1.call(CallTestCaseKeyword.groovy)
	at com.kms.katalon.core.keyword.internal.KeywordMain.runKeyword(KeywordMain.groovy:54)
	at com.kms.katalon.core.keyword.builtin.CallTestCaseKeyword.callTestCase(CallTestCaseKeyword.groovy:81)
	at com.kms.katalon.core.keyword.builtin.CallTestCaseKeyword.execute(CallTestCaseKeyword.groovy:45)
	at com.kms.katalon.core.keyword.internal.KeywordExecutor.executeKeywordForPlatform(KeywordExecutor.groovy:53)
	at com.kms.katalon.core.keyword.BuiltinKeywords.callTestCase(BuiltinKeywords.groovy:334)
	at sun.reflect.GeneratedMethodAccessor13.invoke(Unknown Source)
	at sun.reflect.DelegatingMethodAccessorImpl.invoke(DelegatingMethodAccessorImpl.java:43)
	at java.lang.reflect.Method.invoke(Method.java:498)
	at org.codehaus.groovy.reflection.CachedMethod.invoke(CachedMethod.java:93)
	at groovy.lang.MetaMethod.doMethodInvoke(MetaMethod.java:325)
	at groovy.lang.MetaClassImpl.invokeStaticMethod(MetaClassImpl.java:1469)
	at org.codehaus.groovy.runtime.callsite.StaticMetaClassSite.call(StaticMetaClassSite.java:53)
	at org.codehaus.groovy.runtime.callsite.CallSiteArray.defaultCall(CallSiteArray.java:48)
	at org.codehaus.groovy.runtime.callsite.AbstractCallSite.call(AbstractCallSite.java:113)
	at org.codehaus.groovy.runtime.callsite.AbstractCallSite.call(AbstractCallSite.java:141)
	at Script1536137547619.run(Script1536137547619.groovy:25)
	at com.kms.katalon.core.main.ScriptEngine.run(ScriptEngine.java:183)
	at com.kms.katalon.core.main.ScriptEngine.runScriptAsRawText(ScriptEngine.java:108)
	at com.kms.katalon.core.main.TestCaseExecutor.runScript(TestCaseExecutor.java:294)
	at com.kms.katalon.core.main.TestCaseExecutor.doExecute(TestCaseExecutor.java:285)
	at com.kms.katalon.core.main.TestCaseExecutor.processExecutionPhase(TestCaseExecutor.java:264)
	at com.kms.katalon.core.main.TestCaseExecutor.accessMainPhase(TestCaseExecutor.java:256)
	at com.kms.katalon.core.main.TestCaseExecutor.execute(TestCaseExecutor.java:200)
	at com.kms.katalon.core.main.TestSuiteExecutor.accessTestCaseMainPhase(TestSuiteExecutor.java:129)
	at com.kms.katalon.core.main.TestSuiteExecutor.accessTestSuiteMainPhase(TestSuiteExecutor.java:112)
	at com.kms.katalon.core.main.TestSuiteExecutor.execute(TestSuiteExecutor.java:81)
	at com.kms.katalon.core.main.TestCaseMain.startTestSuite(TestCaseMain.java:142)
	at com.kms.katalon.core.main.TestCaseMain$startTestSuite$0.call(Unknown Source)
	at org.codehaus.groovy.runtime.callsite.CallSiteArray.defaultCall(CallSiteArray.java:48)
	at org.codehaus.groovy.runtime.callsite.AbstractCallSite.call(AbstractCallSite.java:113)
	at org.codehaus.groovy.runtime.callsite.AbstractCallSite.call(AbstractCallSite.java:141)
	at TempTestSuite1541736709639.run(TempTestSuite1541736709639.groovy:36)
	at groovy.lang.GroovyShell.runScriptOrMainOrTestOrRunnable(GroovyShell.java:263)
	at groovy.lang.GroovyShell.run(GroovyShell.java:518)
	at groovy.lang.GroovyShell.run(GroovyShell.java:507)
	at groovy.ui.GroovyMain.processOnce(GroovyMain.java:653)
	at groovy.ui.GroovyMain.run(GroovyMain.java:384)
	at groovy.ui.GroovyMain.process(GroovyMain.java:370)
	at groovy.ui.GroovyMain.processArgs(GroovyMain.java:129)
	at groovy.ui.GroovyMain.main(GroovyMain.java:109)
	at sun.reflect.NativeMethodAccessorImpl.invoke0(Native Method)
	at sun.reflect.NativeMethodAccessorImpl.invoke(NativeMethodAccessorImpl.java:62)
	at sun.reflect.DelegatingMethodAccessorImpl.invoke(DelegatingMethodAccessorImpl.java:43)
	at java.lang.reflect.Method.invoke(Method.java:498)
	at org.codehaus.groovy.tools.GroovyStarter.rootLoader(GroovyStarter.java:109)
	at org.codehaus.groovy.tools.GroovyStarter.main(GroovyStarter.java:131)
)

2018-11-09 12:57:01 - [TEST_STEP][PASSED] - openBrowser: Browser is opened with url: ''

2018-11-09 12:57:01 - [MESSAGE][WARNING] - A browser is already opened. Closing browser and opening a new one

2018-11-09 12:57:06 - [MESSAGE][PASSED] - Browser is opened with url: ''

2018-11-09 12:57:06 - [TEST_STEP][PASSED] - navigateToUrl: Navigate to 'https://assist2-uat.perkeso.gov.my/login' successfully

2018-11-09 12:57:08 - [MESSAGE][PASSED] - Navigate to 'https://assist2-uat.perkeso.gov.my/login' successfully

2018-11-09 12:57:08 - [TEST_STEP][PASSED] - delay: Delayed 5 second(s)

2018-11-09 12:57:13 - [MESSAGE][PASSED] - Delayed 5 second(s)

2018-11-09 12:57:13 - [TEST_STEP][PASSED] - setText: Text 'test@liferay.com' is set on object 'Object Repository/Final Object Repo/Login Page/Internal User/Email Address'

2018-11-09 12:57:13 - [MESSAGE][PASSED] - Text 'test@liferay.com' is set on object 'Object Repository/Final Object Repo/Login Page/Internal User/Email Address'

2018-11-09 12:57:13 - [TEST_STEP][PASSED] - click: Object: 'Object Repository/Final Object Repo/Login Page/Internal User/Next Button' is clicked on

2018-11-09 12:57:14 - [MESSAGE][PASSED] - Object: 'Object Repository/Final Object Repo/Login Page/Internal User/Next Button' is clicked on

2018-11-09 12:57:14 - [TEST_STEP][PASSED] - delay: Delayed 2 second(s)

2018-11-09 12:57:16 - [MESSAGE][PASSED] - Delayed 2 second(s)

2018-11-09 12:57:16 - [TEST_STEP][PASSED] - setText: Text 'test' is set on object 'Object Repository/Final Object Repo/Login Page/Internal User/Password'

2018-11-09 12:57:16 - [MESSAGE][PASSED] - Text 'test' is set on object 'Object Repository/Final Object Repo/Login Page/Internal User/Password'

2018-11-09 12:57:16 - [TEST_STEP][PASSED] - delay: Delayed 2 second(s)

2018-11-09 12:57:18 - [MESSAGE][PASSED] - Delayed 2 second(s)

2018-11-09 12:57:18 - [TEST_STEP][PASSED] - click: Object: 'Object Repository/Final Object Repo/Login Page/Internal User/Login Button' is clicked on

2018-11-09 12:57:21 - [MESSAGE][PASSED] - Object: 'Object Repository/Final Object Repo/Login Page/Internal User/Login Button' is clicked on

2018-11-09 12:57:21 - [TEST_STEP][PASSED] - Statement - Try: Delayed 2 second(s)

2018-11-09 12:57:21 - [TEST_STEP][PASSED] - Statement - Checker = false: null

2018-11-09 12:57:21 - [TEST_STEP][PASSED] - Statement - Checker = com.kms.katalon.core.webui.keyword.WebUiBuiltInKeywords.verifyElementHasAttribute(com.kms.katalon.core.testobject.ObjectRepository.findTestObject(Final Object Repo/Landing Page/BM Detecting), "href", 20, OPTIONAL): Object 'Object Repository/Final Object Repo/Landing Page/BM Detecting' has attribute 'href'

2018-11-09 12:57:21 - [MESSAGE][PASSED] - Object 'Object Repository/Final Object Repo/Landing Page/BM Detecting' has attribute 'href'

2018-11-09 12:57:21 - [TEST_STEP][PASSED] - Statement - out.println(Checker): null

2018-11-09 12:57:21 - [TEST_STEP][PASSED] - Statement - If (Checker == false): null

2018-11-09 12:57:21 - [TEST_STEP][PASSED] - Statement - Else: null

2018-11-09 12:57:21 - [TEST_STEP][PASSED] - delay: Delayed 2 second(s)

2018-11-09 12:57:23 - [MESSAGE][PASSED] - Delayed 2 second(s)

2018-11-09 12:57:23 - [TEST_STEP][PASSED] - delay: Delayed 3 second(s)

2018-11-09 12:57:26 - [MESSAGE][PASSED] - Delayed 3 second(s)

2018-11-09 12:57:26 - [TEST_STEP][PASSED] - mouseOver: Object: 'Object Repository/Final Object Repo/Landing Page/WorkFlow Menu' is hovered

2018-11-09 12:57:27 - [MESSAGE][PASSED] - Object: 'Object Repository/Final Object Repo/Landing Page/WorkFlow Menu' is hovered

2018-11-09 12:57:27 - [TEST_STEP][PASSED] - delay: Delayed 2 second(s)

2018-11-09 12:57:29 - [MESSAGE][PASSED] - Delayed 2 second(s)

2018-11-09 12:57:29 - [TEST_STEP][PASSED] - click: Object: 'Object Repository/Final Object Repo/Landing Page/Select to Workflow Listing' is clicked on

2018-11-09 12:57:30 - [MESSAGE][PASSED] - Object: 'Object Repository/Final Object Repo/Landing Page/Select to Workflow Listing' is clicked on

2018-11-09 12:57:30 - [TEST_STEP][PASSED] - delay: Delayed 2 second(s)

2018-11-09 12:57:32 - [MESSAGE][PASSED] - Delayed 2 second(s)

2018-11-09 12:57:32 - [TEST_STEP][PASSED] - click: Object: 'Object Repository/Final Object Repo/WorkFlow Listing Page/Search Information - To Put Ref No' is clicked on

2018-11-09 12:57:33 - [MESSAGE][PASSED] - Object: 'Object Repository/Final Object Repo/WorkFlow Listing Page/Search Information - To Put Ref No' is clicked on

2018-11-09 12:57:33 - [TEST_STEP][PASSED] - delay: Delayed 2 second(s)

2018-11-09 12:57:35 - [MESSAGE][PASSED] - Delayed 2 second(s)

2018-11-09 12:57:35 - [TEST_STEP][PASSED] - callTestCase: Call Test Case 'Test Cases/Final Aug 2018 - PKS Automation/Common/Reference Number Getter' successfully

2018-11-09 12:57:35 - [TEST_CASE][PASSED] - Test Cases/Final Aug 2018 - PKS Automation/Common/Reference Number Getter: Test Cases/Final Aug 2018 - PKS Automation/Common/Reference Number Getter

2018-11-09 12:57:35 - [TEST_STEP][PASSED] - Statement - Try: null

2018-11-09 12:57:35 - [TEST_STEP][PASSED] - Statement - RefNo = new java.io.File(C://KatalonReference.txt): null

2018-11-09 12:57:35 - [TEST_STEP][PASSED] - Statement - bufferread = new java.io.BufferedReader(new java.io.FileReader(RefNo)): null

2018-11-09 12:57:35 - [TEST_STEP][PASSED] - Statement - readedVal = bufferread.readLine(): null

2018-11-09 12:57:35 - [TEST_STEP][PASSED] - Statement - out.println(CaseReferenceNo): null

2018-11-09 12:57:35 - [TEST_STEP][PASSED] - Statement - out.println(readedVal): null

2018-11-09 12:57:35 - [TEST_STEP][PASSED] - Statement - CaseReferenceNo = readedVal: null

2018-11-09 12:57:35 - [MESSAGE][PASSED] - Call Test Case 'Test Cases/Final Aug 2018 - PKS Automation/Common/Reference Number Getter' successfully

2018-11-09 12:57:35 - [TEST_STEP][PASSED] - setText: Text 'CUN112018C200001538CUN112018C200001539' is set on object 'Object Repository/Final Object Repo/WorkFlow Listing Page/Ref No Set Text'

2018-11-09 12:57:35 - [MESSAGE][PASSED] - Text 'CUN112018C200001538CUN112018C200001539' is set on object 'Object Repository/Final Object Repo/WorkFlow Listing Page/Ref No Set Text'

2018-11-09 12:57:35 - [TEST_STEP][PASSED] - delay: Delayed 2 second(s)

2018-11-09 12:57:37 - [MESSAGE][PASSED] - Delayed 2 second(s)

2018-11-09 12:57:37 - [TEST_STEP][PASSED] - click: Object: 'Object Repository/Final Object Repo/WorkFlow Listing Page/Search Ref No Search Button' is clicked on

2018-11-09 12:57:39 - [MESSAGE][PASSED] - Object: 'Object Repository/Final Object Repo/WorkFlow Listing Page/Search Ref No Search Button' is clicked on

2018-11-09 12:57:39 - [TEST_STEP][PASSED] - delay: Delayed 4 second(s)

2018-11-09 12:57:43 - [MESSAGE][PASSED] - Delayed 4 second(s)

2018-11-09 12:57:43 - [TEST_STEP][FAILED] - click: Unable to click on object 'Object Repository/Final Object Repo/WorkFlow Listing Page/Click Continue Tooltip' (Root cause: com.kms.katalon.core.webui.exception.WebElementNotFoundException: Web element with id: 'Object Repository/Final Object Repo/WorkFlow Listing Page/Click Continue Tooltip' located by 'By.xpath: //i[@aria-hidden = 'true' and @data-toggle = 'tooltip' and @data-original-title = 'Continue']' not found)

2018-11-09 12:58:19 - [MESSAGE][FAILED] - Unable to click on object 'Object Repository/Final Object Repo/WorkFlow Listing Page/Click Continue Tooltip' (Root cause: com.kms.katalon.core.webui.exception.WebElementNotFoundException: Web element with id: 'Object Repository/Final Object Repo/WorkFlow Listing Page/Click Continue Tooltip' located by 'By.xpath: //i[@aria-hidden = 'true' and @data-toggle = 'tooltip' and @data-original-title = 'Continue']' not found)
[[ATTACHMENT|C:\\Users\\LENOVO\\Katalon Studio\\Perkeso Phase A\\Reports\\Workflow\\Form 1A - Cessation as Employer\\20181109_121149\\1541739499236.png]]

2018-11-09 12:58:19 - [TEST_STEP][PASSED] - delay: Delayed 5 second(s)

2018-11-09 12:58:24 - [MESSAGE][PASSED] - Delayed 5 second(s)

2018-11-09 12:58:24 - [TEST_STEP][FAILED] - doubleClick: Unable to double click on object 'Object Repository/Final Object Repo/WorkFlow Listing Page/Workflow Found - Listing 1' (Root cause: com.kms.katalon.core.webui.exception.WebElementNotFoundException: Web element with id: 'Object Repository/Final Object Repo/WorkFlow Listing Page/Workflow Found - Listing 1' located by 'By.xpath: //body/div/div/div/div/div/div/div/div/div/div/div/div/div/div/div/div/table/tbody/tr/td[@class='table-cell  first']/following-sibling::td[1]' not found)

2018-11-09 12:58:55 - [MESSAGE][FAILED] - Unable to double click on object 'Object Repository/Final Object Repo/WorkFlow Listing Page/Workflow Found - Listing 1' (Root cause: com.kms.katalon.core.webui.exception.WebElementNotFoundException: Web element with id: 'Object Repository/Final Object Repo/WorkFlow Listing Page/Workflow Found - Listing 1' located by 'By.xpath: //body/div/div/div/div/div/div/div/div/div/div/div/div/div/div/div/div/table/tbody/tr/td[@class='table-cell  first']/following-sibling::td[1]' not found)
[[ATTACHMENT|C:\\Users\\LENOVO\\Katalon Studio\\Perkeso Phase A\\Reports\\Workflow\\Form 1A - Cessation as Employer\\20181109_121149\\1541739535768.png]]

2018-11-09 12:58:55 - [MESSAGE][FAILED] - Unable to call Test Case with id 'Test Cases/Final Aug 2018 - PKS Automation/Common/Workflow Owner Finder' (Root cause: Call Test Case 'Test Cases/Final Aug 2018 - PKS Automation/Common/Workflow Owner Finder' failed)

2018-11-09 12:58:55 - [MESSAGE][FAILED] - Unable to call Test Case with id 'Test Cases/Final Aug 2018 - PKS Automation/Registration Module/Workflow/Form 1A - Cessation As Employer/Template/Form 1 A - Cessation As Employer (Approve)' (Root cause: Call Test Case 'Test Cases/Final Aug 2018 - PKS Automation/Registration Module/Workflow/Form 1A - Cessation As Employer/Template/Form 1 A - Cessation As Employer (Approve)' failed)]]></system-out>
         <system-err><![CDATA[2018-11-09 12:55:24 - [TEST_CASE][FAILED] - Test Cases/Final Aug 2018 - PKS Automation/Registration Module/Workflow/Form 1A - Cessation As Employer/OTC to UO (Approve): Test Cases/Final Aug 2018 - PKS Automation/Registration Module/Workflow/Form 1A - Cessation As Employer/OTC to UO (Approve) FAILED because (of) (Stack trace: com.kms.katalon.core.exception.StepFailedException: Unable to click on object 'Object Repository/Final Object Repo/WorkFlow Listing Page/Click Continue Tooltip' (Root cause: com.kms.katalon.core.webui.exception.WebElementNotFoundException: Web element with id: 'Object Repository/Final Object Repo/WorkFlow Listing Page/Click Continue Tooltip' located by 'By.xpath: //i[@aria-hidden = 'true' and @data-toggle = 'tooltip' and @data-original-title = 'Continue']' not found)
	at com.kms.katalon.core.keyword.internal.KeywordMain.stepFailed(KeywordMain.groovy:32)
	at com.kms.katalon.core.webui.keyword.internal.WebUIKeywordMain.stepFailed(WebUIKeywordMain.groovy:65)
	at com.kms.katalon.core.webui.keyword.internal.WebUIKeywordMain.runKeyword(WebUIKeywordMain.groovy:27)
	at com.kms.katalon.core.webui.keyword.builtin.ClickKeyword.click(ClickKeyword.groovy:86)
	at com.kms.katalon.core.webui.keyword.builtin.ClickKeyword.execute(ClickKeyword.groovy:67)
	at com.kms.katalon.core.keyword.internal.KeywordExecutor.executeKeywordForPlatform(KeywordExecutor.groovy:53)
	at com.kms.katalon.core.webui.keyword.WebUiBuiltInKeywords.click(WebUiBuiltInKeywords.groovy:616)
	at com.kms.katalon.core.webui.keyword.WebUiBuiltInKeywords$click$2.call(Unknown Source)
	at Script1534407542420.run(Script1534407542420.groovy:91)
	at com.kms.katalon.core.main.ScriptEngine.run(ScriptEngine.java:183)
	at com.kms.katalon.core.main.ScriptEngine.runScriptAsRawText(ScriptEngine.java:108)
	at com.kms.katalon.core.main.TestCaseExecutor.runScript(TestCaseExecutor.java:294)
	at com.kms.katalon.core.main.TestCaseExecutor.doExecute(TestCaseExecutor.java:285)
	at com.kms.katalon.core.main.TestCaseExecutor.processExecutionPhase(TestCaseExecutor.java:264)
	at com.kms.katalon.core.main.TestCaseExecutor.accessMainPhase(TestCaseExecutor.java:256)
	at com.kms.katalon.core.main.TestCaseExecutor.execute(TestCaseExecutor.java:200)
	at com.kms.katalon.core.main.TestCaseMain.runTestCase(TestCaseMain.java:99)
	at com.kms.katalon.core.keyword.builtin.CallTestCaseKeyword$_callTestCase_closure1.doCall(CallTestCaseKeyword.groovy:60)
	at com.kms.katalon.core.keyword.builtin.CallTestCaseKeyword$_callTestCase_closure1.call(CallTestCaseKeyword.groovy)
	at com.kms.katalon.core.keyword.internal.KeywordMain.runKeyword(KeywordMain.groovy:54)
	at com.kms.katalon.core.keyword.builtin.CallTestCaseKeyword.callTestCase(CallTestCaseKeyword.groovy:81)
	at com.kms.katalon.core.keyword.builtin.CallTestCaseKeyword.execute(CallTestCaseKeyword.groovy:45)
	at com.kms.katalon.core.keyword.internal.KeywordExecutor.executeKeywordForPlatform(KeywordExecutor.groovy:53)
	at com.kms.katalon.core.keyword.BuiltinKeywords.callTestCase(BuiltinKeywords.groovy:334)
	at sun.reflect.GeneratedMethodAccessor13.invoke(Unknown Source)
	at sun.reflect.DelegatingMethodAccessorImpl.invoke(DelegatingMethodAccessorImpl.java:43)
	at java.lang.reflect.Method.invoke(Method.java:498)
	at org.codehaus.groovy.reflection.CachedMethod.invoke(CachedMethod.java:93)
	at groovy.lang.MetaMethod.doMethodInvoke(MetaMethod.java:325)
	at groovy.lang.MetaClassImpl.invokeStaticMethod(MetaClassImpl.java:1469)
	at org.codehaus.groovy.runtime.callsite.StaticMetaClassSite.call(StaticMetaClassSite.java:53)
	at org.codehaus.groovy.runtime.callsite.AbstractCallSite.call(AbstractCallSite.java:141)
	at Script1536137459454.run(Script1536137459454.groovy:34)
	at com.kms.katalon.core.main.ScriptEngine.run(ScriptEngine.java:183)
	at com.kms.katalon.core.main.ScriptEngine.runScriptAsRawText(ScriptEngine.java:108)
	at com.kms.katalon.core.main.TestCaseExecutor.runScript(TestCaseExecutor.java:294)
	at com.kms.katalon.core.main.TestCaseExecutor.doExecute(TestCaseExecutor.java:285)
	at com.kms.katalon.core.main.TestCaseExecutor.processExecutionPhase(TestCaseExecutor.java:264)
	at com.kms.katalon.core.main.TestCaseExecutor.accessMainPhase(TestCaseExecutor.java:256)
	at com.kms.katalon.core.main.TestCaseExecutor.execute(TestCaseExecutor.java:200)
	at com.kms.katalon.core.main.TestCaseMain.runTestCase(TestCaseMain.java:99)
	at com.kms.katalon.core.keyword.builtin.CallTestCaseKeyword$_callTestCase_closure1.doCall(CallTestCaseKeyword.groovy:60)
	at com.kms.katalon.core.keyword.builtin.CallTestCaseKeyword$_callTestCase_closure1.call(CallTestCaseKeyword.groovy)
	at com.kms.katalon.core.keyword.internal.KeywordMain.runKeyword(KeywordMain.groovy:54)
	at com.kms.katalon.core.keyword.builtin.CallTestCaseKeyword.callTestCase(CallTestCaseKeyword.groovy:81)
	at com.kms.katalon.core.keyword.builtin.CallTestCaseKeyword.execute(CallTestCaseKeyword.groovy:45)
	at com.kms.katalon.core.keyword.internal.KeywordExecutor.executeKeywordForPlatform(KeywordExecutor.groovy:53)
	at com.kms.katalon.core.keyword.BuiltinKeywords.callTestCase(BuiltinKeywords.groovy:334)
	at sun.reflect.GeneratedMethodAccessor13.invoke(Unknown Source)
	at sun.reflect.DelegatingMethodAccessorImpl.invoke(DelegatingMethodAccessorImpl.java:43)
	at java.lang.reflect.Method.invoke(Method.java:498)
	at org.codehaus.groovy.reflection.CachedMethod.invoke(CachedMethod.java:93)
	at groovy.lang.MetaMethod.doMethodInvoke(MetaMethod.java:325)
	at groovy.lang.MetaClassImpl.invokeStaticMethod(MetaClassImpl.java:1469)
	at org.codehaus.groovy.runtime.callsite.StaticMetaClassSite.call(StaticMetaClassSite.java:53)
	at org.codehaus.groovy.runtime.callsite.CallSiteArray.defaultCall(CallSiteArray.java:48)
	at org.codehaus.groovy.runtime.callsite.AbstractCallSite.call(AbstractCallSite.java:113)
	at org.codehaus.groovy.runtime.callsite.AbstractCallSite.call(AbstractCallSite.java:141)
	at Script1536137547619.run(Script1536137547619.groovy:25)
	at com.kms.katalon.core.main.ScriptEngine.run(ScriptEngine.java:183)
	at com.kms.katalon.core.main.ScriptEngine.runScriptAsRawText(ScriptEngine.java:108)
	at com.kms.katalon.core.main.TestCaseExecutor.runScript(TestCaseExecutor.java:294)
	at com.kms.katalon.core.main.TestCaseExecutor.doExecute(TestCaseExecutor.java:285)
	at com.kms.katalon.core.main.TestCaseExecutor.processExecutionPhase(TestCaseExecutor.java:264)
	at com.kms.katalon.core.main.TestCaseExecutor.accessMainPhase(TestCaseExecutor.java:256)
	at com.kms.katalon.core.main.TestCaseExecutor.execute(TestCaseExecutor.java:200)
	at com.kms.katalon.core.main.TestSuiteExecutor.accessTestCaseMainPhase(TestSuiteExecutor.java:129)
	at com.kms.katalon.core.main.TestSuiteExecutor.accessTestSuiteMainPhase(TestSuiteExecutor.java:112)
	at com.kms.katalon.core.main.TestSuiteExecutor.execute(TestSuiteExecutor.java:81)
	at com.kms.katalon.core.main.TestCaseMain.startTestSuite(TestCaseMain.java:142)
	at com.kms.katalon.core.main.TestCaseMain$startTestSuite$0.call(Unknown Source)
	at org.codehaus.groovy.runtime.callsite.CallSiteArray.defaultCall(CallSiteArray.java:48)
	at org.codehaus.groovy.runtime.callsite.AbstractCallSite.call(AbstractCallSite.java:113)
	at org.codehaus.groovy.runtime.callsite.AbstractCallSite.call(AbstractCallSite.java:141)
	at TempTestSuite1541736709639.run(TempTestSuite1541736709639.groovy:36)
	at groovy.lang.GroovyShell.runScriptOrMainOrTestOrRunnable(GroovyShell.java:263)
	at groovy.lang.GroovyShell.run(GroovyShell.java:518)
	at groovy.lang.GroovyShell.run(GroovyShell.java:507)
	at groovy.ui.GroovyMain.processOnce(GroovyMain.java:653)
	at groovy.ui.GroovyMain.run(GroovyMain.java:384)
	at groovy.ui.GroovyMain.process(GroovyMain.java:370)
	at groovy.ui.GroovyMain.processArgs(GroovyMain.java:129)
	at groovy.ui.GroovyMain.main(GroovyMain.java:109)
	at sun.reflect.NativeMethodAccessorImpl.invoke0(Native Method)
	at sun.reflect.NativeMethodAccessorImpl.invoke(NativeMethodAccessorImpl.java:62)
	at sun.reflect.DelegatingMethodAccessorImpl.invoke(DelegatingMethodAccessorImpl.java:43)
	at java.lang.reflect.Method.invoke(Method.java:498)
	at org.codehaus.groovy.tools.GroovyStarter.rootLoader(GroovyStarter.java:109)
	at org.codehaus.groovy.tools.GroovyStarter.main(GroovyStarter.java:131)
)]]></system-err>
      </testcase>
      <testcase name="Test Cases/Final Aug 2018 - PKS Automation/Registration Module/Workflow/Form 1A - Cessation As Employer/OTC to UO (Query)" classname="Test Cases/Final Aug 2018 - PKS Automation/Registration Module/Workflow/Form 1A - Cessation As Employer/OTC to UO (Query)" status="PASSED">
         <system-out><![CDATA[2018-11-09 12:58:55 - [TEST_CASE][PASSED] - Test Cases/Final Aug 2018 - PKS Automation/Registration Module/Workflow/Form 1A - Cessation As Employer/OTC to UO (Query): Test Cases/Final Aug 2018 - PKS Automation/Registration Module/Workflow/Form 1A - Cessation As Employer/OTC to UO (Query)

2018-11-09 12:58:56 - [TEST_STEP][PASSED] - callTestCase: Call Test Case 'Test Cases/Final Aug 2018 - PKS Automation/Registration Module/Workflow/Form 1A - Cessation As Employer/Template/Form 1 A - Cessation As Employer (OTC)' successfully

2018-11-09 12:58:56 - [TEST_CASE][PASSED] - Test Cases/Final Aug 2018 - PKS Automation/Registration Module/Workflow/Form 1A - Cessation As Employer/Template/Form 1 A - Cessation As Employer (OTC): Test Cases/Final Aug 2018 - PKS Automation/Registration Module/Workflow/Form 1A - Cessation As Employer/Template/Form 1 A - Cessation As Employer (OTC)

2018-11-09 12:58:56 - [TEST_STEP][PASSED] - openBrowser: Browser is opened with url: ''

2018-11-09 12:58:56 - [MESSAGE][WARNING] - A browser is already opened. Closing browser and opening a new one

2018-11-09 12:59:01 - [MESSAGE][PASSED] - Browser is opened with url: ''

2018-11-09 12:59:01 - [TEST_STEP][PASSED] - navigateToUrl: Navigate to 'https://assist2-uat.perkeso.gov.my/login' successfully

2018-11-09 12:59:03 - [MESSAGE][PASSED] - Navigate to 'https://assist2-uat.perkeso.gov.my/login' successfully

2018-11-09 12:59:03 - [TEST_STEP][PASSED] - setText: Text 'johorotc1@gmail.com' is set on object 'Object Repository/Final Object Repo/Login Page/Internal User/Email Address'

2018-11-09 12:59:03 - [MESSAGE][PASSED] - Text 'johorotc1@gmail.com' is set on object 'Object Repository/Final Object Repo/Login Page/Internal User/Email Address'

2018-11-09 12:59:03 - [TEST_STEP][PASSED] - click: Object: 'Object Repository/Final Object Repo/Login Page/Internal User/Next Button' is clicked on

2018-11-09 12:59:03 - [MESSAGE][PASSED] - Object: 'Object Repository/Final Object Repo/Login Page/Internal User/Next Button' is clicked on

2018-11-09 12:59:03 - [TEST_STEP][PASSED] - delay: Delayed 1 second(s)

2018-11-09 12:59:04 - [MESSAGE][PASSED] - Delayed 1 second(s)

2018-11-09 12:59:04 - [TEST_STEP][PASSED] - setEncryptedText: Text ****** has been set on object 'Object Repository/Final Object Repo/Login Page/Internal User/Password'

2018-11-09 12:59:05 - [MESSAGE][PASSED] - Text ****** has been set on object 'Object Repository/Final Object Repo/Login Page/Internal User/Password'

2018-11-09 12:59:05 - [TEST_STEP][PASSED] - click: Object: 'Object Repository/Final Object Repo/Login Page/Internal User/Login Button' is clicked on

2018-11-09 12:59:08 - [MESSAGE][PASSED] - Object: 'Object Repository/Final Object Repo/Login Page/Internal User/Login Button' is clicked on

2018-11-09 12:59:08 - [TEST_STEP][PASSED] - delay: Delayed 1 second(s)

2018-11-09 12:59:09 - [MESSAGE][PASSED] - Delayed 1 second(s)

2018-11-09 12:59:09 - [TEST_STEP][PASSED] - Statement - Try: Delayed 2 second(s)

2018-11-09 12:59:09 - [TEST_STEP][PASSED] - Statement - Checker = false: null

2018-11-09 12:59:09 - [TEST_STEP][PASSED] - Statement - Checker = com.kms.katalon.core.webui.keyword.WebUiBuiltInKeywords.verifyElementHasAttribute(com.kms.katalon.core.testobject.ObjectRepository.findTestObject(Final Object Repo/Landing Page/BM Detecting), "href", 20, OPTIONAL): Object 'Object Repository/Final Object Repo/Landing Page/BM Detecting' has attribute 'href'

2018-11-09 12:59:09 - [MESSAGE][PASSED] - Object 'Object Repository/Final Object Repo/Landing Page/BM Detecting' has attribute 'href'

2018-11-09 12:59:09 - [TEST_STEP][PASSED] - Statement - out.println(Checker): null

2018-11-09 12:59:09 - [TEST_STEP][PASSED] - Statement - If (Checker == false): null

2018-11-09 12:59:09 - [TEST_STEP][PASSED] - Statement - Else: null

2018-11-09 12:59:09 - [TEST_STEP][PASSED] - delay: Delayed 2 second(s)

2018-11-09 12:59:11 - [MESSAGE][PASSED] - Delayed 2 second(s)

2018-11-09 12:59:11 - [TEST_STEP][PASSED] - navigateToUrl: Navigate to 'https://assist2-uat.perkeso.gov.my/web/registration/update/form-1a-cessation-as-employer-discontinue-business-' successfully

2018-11-09 12:59:12 - [MESSAGE][PASSED] - Navigate to 'https://assist2-uat.perkeso.gov.my/web/registration/update/form-1a-cessation-as-employer-discontinue-business-' successfully

2018-11-09 12:59:12 - [TEST_STEP][PASSED] - setText: Text 'E1102069770Z' is set on object 'Object Repository/Final Object Repo/Page_Update Employer Information/Employer Code'

2018-11-09 12:59:13 - [MESSAGE][PASSED] - Text 'E1102069770Z' is set on object 'Object Repository/Final Object Repo/Page_Update Employer Information/Employer Code'

2018-11-09 12:59:13 - [TEST_STEP][PASSED] - click: Object: 'Object Repository/Final Object Repo/Page_Update Employer Information/Search Button' is clicked on

2018-11-09 12:59:14 - [MESSAGE][PASSED] - Object: 'Object Repository/Final Object Repo/Page_Update Employer Information/Search Button' is clicked on

2018-11-09 12:59:14 - [TEST_STEP][PASSED] - click: Object: 'Object Repository/Final Object Repo/Page_Update Employer Information/Edit Button' is clicked on

2018-11-09 12:59:16 - [MESSAGE][PASSED] - Object: 'Object Repository/Final Object Repo/Page_Update Employer Information/Edit Button' is clicked on

2018-11-09 12:59:16 - [TEST_STEP][PASSED] - Statement - abc = com.kms.katalon.core.webui.keyword.WebUiBuiltInKeywords.getAttribute(com.kms.katalon.core.testobject.ObjectRepository.findTestObject(Final Object Repo/Page_Form 1A - Cessation As Employer/Employer Status), "value"): Attribute 'value' of object 'Object Repository/Final Object Repo/Page_Form 1A - Cessation As Employer/Employer Status' is: 'Dormant'

2018-11-09 12:59:16 - [MESSAGE][PASSED] - Attribute 'value' of object 'Object Repository/Final Object Repo/Page_Form 1A - Cessation As Employer/Employer Status' is: 'Dormant'

2018-11-09 12:59:16 - [TEST_STEP][PASSED] - Statement - out.println(abc): null

2018-11-09 12:59:16 - [TEST_STEP][PASSED] - Statement - If (abc == "Active"): null

2018-11-09 12:59:16 - [TEST_STEP][PASSED] - Statement - Else If (abc == "Cancel"): null

2018-11-09 12:59:16 - [TEST_STEP][PASSED] - Statement - Else If (abc == "Dormant"): Object: 'Object Repository/Final Object Repo/Page_Form 1A - Cessation As Employer/Change Employer Status to - Dormant' is clicked on

2018-11-09 12:59:16 - [TEST_STEP][PASSED] - click: Object: 'Object Repository/Final Object Repo/Page_Form 1A - Cessation As Employer/Change Employer Status to' is clicked on

2018-11-09 12:59:17 - [MESSAGE][PASSED] - Object: 'Object Repository/Final Object Repo/Page_Form 1A - Cessation As Employer/Change Employer Status to' is clicked on

2018-11-09 12:59:17 - [TEST_STEP][PASSED] - click: Object: 'Object Repository/Final Object Repo/Page_Form 1A - Cessation As Employer/Change Employer Status to - Dormant' is clicked on

2018-11-09 12:59:17 - [MESSAGE][PASSED] - Object: 'Object Repository/Final Object Repo/Page_Form 1A - Cessation As Employer/Change Employer Status to - Dormant' is clicked on

2018-11-09 12:59:17 - [TEST_STEP][PASSED] - click: Object: 'Object Repository/Final Object Repo/Page_Form 1A - Cessation As Employer/Calender' is clicked on

2018-11-09 12:59:18 - [MESSAGE][PASSED] - Object: 'Object Repository/Final Object Repo/Page_Form 1A - Cessation As Employer/Calender' is clicked on

2018-11-09 12:59:18 - [TEST_STEP][PASSED] - click: Object: 'Object Repository/Final Object Repo/Page_Form 1A - Cessation As Employer/Calender - Date' is clicked on

2018-11-09 12:59:18 - [MESSAGE][PASSED] - Object: 'Object Repository/Final Object Repo/Page_Form 1A - Cessation As Employer/Calender - Date' is clicked on

2018-11-09 12:59:18 - [TEST_STEP][PASSED] - delay: Delayed 2 second(s)

2018-11-09 12:59:20 - [MESSAGE][PASSED] - Delayed 2 second(s)

2018-11-09 12:59:20 - [TEST_STEP][PASSED] - click: Object: 'Object Repository/Final Object Repo/Page_Form 1A - Cessation As Employer/Save  Continue in Form 1A Page' is clicked on

2018-11-09 12:59:23 - [MESSAGE][PASSED] - Object: 'Object Repository/Final Object Repo/Page_Form 1A - Cessation As Employer/Save  Continue in Form 1A Page' is clicked on

2018-11-09 12:59:23 - [TEST_STEP][PASSED] - delay: Delayed 2 second(s)

2018-11-09 12:59:25 - [MESSAGE][PASSED] - Delayed 2 second(s)

2018-11-09 12:59:25 - [TEST_STEP][PASSED] - click: Object: 'Object Repository/Final Object Repo/Page_Form 1A - Cessation As Employer/Employment Resign Date' is clicked on

2018-11-09 12:59:26 - [MESSAGE][PASSED] - Object: 'Object Repository/Final Object Repo/Page_Form 1A - Cessation As Employer/Employment Resign Date' is clicked on

2018-11-09 12:59:26 - [TEST_STEP][PASSED] - delay: Delayed 1 second(s)

2018-11-09 12:59:27 - [MESSAGE][PASSED] - Delayed 1 second(s)

2018-11-09 12:59:27 - [TEST_STEP][PASSED] - Statement - CaseReferenceNo = com.kms.katalon.core.webui.keyword.WebUiBuiltInKeywords.getText(com.kms.katalon.core.testobject.ObjectRepository.findTestObject(Final Object Repo/Page_Update Employer Information/Reference Number in Update Employee Information Page)): Text of object 'Object Repository/Final Object Repo/Page_Update Employer Information/Reference Number in Update Employee Information Page' is: 'CUN112018C200001540'

2018-11-09 12:59:27 - [MESSAGE][PASSED] - Text of object 'Object Repository/Final Object Repo/Page_Update Employer Information/Reference Number in Update Employee Information Page' is: 'CUN112018C200001540'

2018-11-09 12:59:27 - [TEST_STEP][PASSED] - callTestCase: Call Test Case 'Test Cases/Final Aug 2018 - PKS Automation/Common/Reference Number Setter' successfully

2018-11-09 12:59:27 - [TEST_CASE][PASSED] - Test Cases/Final Aug 2018 - PKS Automation/Common/Reference Number Setter: Test Cases/Final Aug 2018 - PKS Automation/Common/Reference Number Setter

2018-11-09 12:59:27 - [TEST_STEP][PASSED] - Statement - RefNoOldFile = new java.io.File(C://KatalonReference.txt): null

2018-11-09 12:59:27 - [TEST_STEP][PASSED] - Statement - RefNoOldFile.delete(): null

2018-11-09 12:59:27 - [TEST_STEP][PASSED] - Statement - RefNo = new java.io.File(C://KatalonReference.txt): null

2018-11-09 12:59:27 - [TEST_STEP][PASSED] - Statement - RefNo.append(CaseReferenceNo): null

2018-11-09 12:59:27 - [TEST_STEP][PASSED] - Statement - out.println("


" + CaseReferenceNo + "


"): null

2018-11-09 12:59:27 - [MESSAGE][PASSED] - Call Test Case 'Test Cases/Final Aug 2018 - PKS Automation/Common/Reference Number Setter' successfully

2018-11-09 12:59:27 - [TEST_STEP][PASSED] - selectOptionByValue: All options with value '2030' are selected in object 'Object Repository/Final Object Repo/Page_Form 1A - Cessation As Employer/Employment Resign Date - Year' 

2018-11-09 12:59:28 - [MESSAGE][PASSED] - All options with value '2030' are selected in object 'Object Repository/Final Object Repo/Page_Form 1A - Cessation As Employer/Employment Resign Date - Year' 

2018-11-09 12:59:28 - [TEST_STEP][PASSED] - delay: Delayed 1 second(s)

2018-11-09 12:59:29 - [MESSAGE][PASSED] - Delayed 1 second(s)

2018-11-09 12:59:29 - [TEST_STEP][PASSED] - click: Object: 'Object Repository/Final Object Repo/Page_Form 1A - Cessation As Employer/Employment Resign Date - Year - Date' is clicked on

2018-11-09 12:59:29 - [MESSAGE][PASSED] - Object: 'Object Repository/Final Object Repo/Page_Form 1A - Cessation As Employer/Employment Resign Date - Year - Date' is clicked on

2018-11-09 12:59:29 - [TEST_STEP][PASSED] - delay: Delayed 2 second(s)

2018-11-09 12:59:31 - [MESSAGE][PASSED] - Delayed 2 second(s)

2018-11-09 12:59:31 - [TEST_STEP][PASSED] - click: Object: 'Object Repository/Final Object Repo/Page_Form 1A - Cessation As Employer/Save  Continue in Update Add Employee Resigned Date Page' is clicked on

2018-11-09 12:59:35 - [MESSAGE][PASSED] - Object: 'Object Repository/Final Object Repo/Page_Form 1A - Cessation As Employer/Save  Continue in Update Add Employee Resigned Date Page' is clicked on

2018-11-09 12:59:35 - [TEST_STEP][PASSED] - delay: Delayed 2 second(s)

2018-11-09 12:59:37 - [MESSAGE][PASSED] - Delayed 2 second(s)

2018-11-09 12:59:37 - [TEST_STEP][PASSED] - click: Object: 'Object Repository/Final Object Repo/Page_Form 1A - Cessation As Employer/Add Document' is clicked on

2018-11-09 12:59:37 - [MESSAGE][PASSED] - Object: 'Object Repository/Final Object Repo/Page_Form 1A - Cessation As Employer/Add Document' is clicked on

2018-11-09 12:59:37 - [TEST_STEP][PASSED] - delay: Delayed 2 second(s)

2018-11-09 12:59:39 - [MESSAGE][PASSED] - Delayed 2 second(s)

2018-11-09 12:59:39 - [TEST_STEP][PASSED] - click: Object: 'Object Repository/Final Object Repo/Page_Form 1A - Cessation As Employer/Document Type' is clicked on

2018-11-09 12:59:41 - [MESSAGE][PASSED] - Object: 'Object Repository/Final Object Repo/Page_Form 1A - Cessation As Employer/Document Type' is clicked on

2018-11-09 12:59:41 - [TEST_STEP][PASSED] - delay: Delayed 2 second(s)

2018-11-09 12:59:43 - [MESSAGE][PASSED] - Delayed 2 second(s)

2018-11-09 12:59:43 - [TEST_STEP][PASSED] - click: Object: 'Object Repository/Final Object Repo/Page_Form 1A - Cessation As Employer/Document Type - Supporting Document For Cessation' is clicked on

2018-11-09 12:59:43 - [MESSAGE][PASSED] - Object: 'Object Repository/Final Object Repo/Page_Form 1A - Cessation As Employer/Document Type - Supporting Document For Cessation' is clicked on

2018-11-09 12:59:43 - [TEST_STEP][PASSED] - delay: Delayed 2 second(s)

2018-11-09 12:59:45 - [MESSAGE][PASSED] - Delayed 2 second(s)

2018-11-09 12:59:45 - [TEST_STEP][PASSED] - sendKeys: Keys 'C:\Users\Public\Pictures\Sample Pictures\Act.jpg' sent to object: 'Object Repository/Final Object Repo/Page_Form 1A - Cessation As Employer/Uploading File'

2018-11-09 12:59:46 - [MESSAGE][PASSED] - Keys 'C:\Users\Public\Pictures\Sample Pictures\Act.jpg' sent to object: 'Object Repository/Final Object Repo/Page_Form 1A - Cessation As Employer/Uploading File'

2018-11-09 12:59:46 - [TEST_STEP][PASSED] - delay: Delayed 2 second(s)

2018-11-09 12:59:48 - [MESSAGE][PASSED] - Delayed 2 second(s)

2018-11-09 12:59:48 - [TEST_STEP][PASSED] - click: Object: 'Object Repository/Final Object Repo/Page_Form 1A - Cessation As Employer/Add Document in Uploading Page' is clicked on

2018-11-09 12:59:53 - [MESSAGE][PASSED] - Object: 'Object Repository/Final Object Repo/Page_Form 1A - Cessation As Employer/Add Document in Uploading Page' is clicked on

2018-11-09 12:59:53 - [TEST_STEP][PASSED] - delay: Delayed 20 second(s)

2018-11-09 13:00:13 - [MESSAGE][PASSED] - Delayed 20 second(s)

2018-11-09 13:00:13 - [TEST_STEP][PASSED] - click: Object: 'Object Repository/Final Object Repo/Page_Form 1A - Cessation As Employer/Save  Continue in Uploading Page' is clicked on

2018-11-09 13:00:13 - [MESSAGE][PASSED] - Object: 'Object Repository/Final Object Repo/Page_Form 1A - Cessation As Employer/Save  Continue in Uploading Page' is clicked on

2018-11-09 13:00:13 - [TEST_STEP][PASSED] - delay: Delayed 2 second(s)

2018-11-09 13:00:15 - [MESSAGE][PASSED] - Delayed 2 second(s)

2018-11-09 13:00:15 - [TEST_STEP][PASSED] - click: Object: 'Object Repository/Final Object Repo/Page_Form 1A - Cessation As Employer/Submit2' is clicked on

2018-11-09 13:00:19 - [MESSAGE][PASSED] - Object: 'Object Repository/Final Object Repo/Page_Form 1A - Cessation As Employer/Submit2' is clicked on

2018-11-09 13:00:19 - [TEST_STEP][PASSED] - delay: Delayed 2 second(s)

2018-11-09 13:00:21 - [MESSAGE][PASSED] - Delayed 2 second(s)

2018-11-09 13:00:21 - [TEST_STEP][PASSED] - click: Object: 'Object Repository/Final Object Repo/Page_Form 1A - Cessation As Employer/Confirm' is clicked on

2018-11-09 13:00:27 - [MESSAGE][PASSED] - Object: 'Object Repository/Final Object Repo/Page_Form 1A - Cessation As Employer/Confirm' is clicked on

2018-11-09 13:00:27 - [TEST_STEP][PASSED] - delay: Delayed 2 second(s)

2018-11-09 13:00:29 - [MESSAGE][PASSED] - Delayed 2 second(s)

2018-11-09 13:00:29 - [TEST_STEP][PASSED] - verifyElementVisible: Object 'Object Repository/Final Object Repo/Page_Form 1A - Cessation As Employer/Message Your Request will be routed to UO' is visible

2018-11-09 13:00:29 - [MESSAGE][PASSED] - Object 'Object Repository/Final Object Repo/Page_Form 1A - Cessation As Employer/Message Your Request will be routed to UO' is visible

2018-11-09 13:00:29 - [TEST_STEP][PASSED] - delay: Delayed 1 second(s)

2018-11-09 13:00:30 - [MESSAGE][PASSED] - Delayed 1 second(s)

2018-11-09 13:00:30 - [TEST_STEP][PASSED] - verifyElementVisible: Object 'Object Repository/Final Object Repo/Page_Form 1A - Cessation As Employer/Letter of acknowledgement' is visible

2018-11-09 13:00:30 - [MESSAGE][PASSED] - Object 'Object Repository/Final Object Repo/Page_Form 1A - Cessation As Employer/Letter of acknowledgement' is visible

2018-11-09 13:00:30 - [MESSAGE][PASSED] - Call Test Case 'Test Cases/Final Aug 2018 - PKS Automation/Registration Module/Workflow/Form 1A - Cessation As Employer/Template/Form 1 A - Cessation As Employer (OTC)' successfully

2018-11-09 13:00:30 - [TEST_STEP][PASSED] - callTestCase: Call Test Case 'Test Cases/Final Aug 2018 - PKS Automation/Registration Module/Workflow/Form 1A - Cessation As Employer/Template/Form 1 A - Cessation As Employer (Query)' successfully

2018-11-09 13:00:30 - [TEST_CASE][PASSED] - Test Cases/Final Aug 2018 - PKS Automation/Registration Module/Workflow/Form 1A - Cessation As Employer/Template/Form 1 A - Cessation As Employer (Query): Test Cases/Final Aug 2018 - PKS Automation/Registration Module/Workflow/Form 1A - Cessation As Employer/Template/Form 1 A - Cessation As Employer (Query)

2018-11-09 13:00:31 - [TEST_STEP][NOT_RUN] - callTestCase: NOT_RUN: callTestCase

2018-11-09 13:00:31 - [MESSAGE][NOT_RUN] - NOT_RUN: callTestCase

2018-11-09 13:00:31 - [TEST_STEP][PASSED] - delay: Delayed 1 second(s)

2018-11-09 13:00:32 - [MESSAGE][PASSED] - Delayed 1 second(s)

2018-11-09 13:00:32 - [TEST_STEP][PASSED] - navigateToUrl: Navigate to 'https://assist2-uat.perkeso.gov.my/c/portal/logout' successfully

2018-11-09 13:00:33 - [MESSAGE][PASSED] - Navigate to 'https://assist2-uat.perkeso.gov.my/c/portal/logout' successfully

2018-11-09 13:00:33 - [TEST_STEP][PASSED] - delay: Delayed 1 second(s)

2018-11-09 13:00:34 - [MESSAGE][PASSED] - Delayed 1 second(s)

2018-11-09 13:00:34 - [TEST_STEP][PASSED] - callTestCase: Call Test Case 'Test Cases/Final Aug 2018 - PKS Automation/Common/Reference Number Getter' successfully

2018-11-09 13:00:34 - [TEST_CASE][PASSED] - Test Cases/Final Aug 2018 - PKS Automation/Common/Reference Number Getter: Test Cases/Final Aug 2018 - PKS Automation/Common/Reference Number Getter

2018-11-09 13:00:34 - [TEST_STEP][PASSED] - Statement - Try: null

2018-11-09 13:00:34 - [TEST_STEP][PASSED] - Statement - RefNo = new java.io.File(C://KatalonReference.txt): null

2018-11-09 13:00:34 - [TEST_STEP][PASSED] - Statement - bufferread = new java.io.BufferedReader(new java.io.FileReader(RefNo)): null

2018-11-09 13:00:34 - [TEST_STEP][PASSED] - Statement - readedVal = bufferread.readLine(): null

2018-11-09 13:00:34 - [TEST_STEP][PASSED] - Statement - out.println(CaseReferenceNo): null

2018-11-09 13:00:34 - [TEST_STEP][PASSED] - Statement - out.println(readedVal): null

2018-11-09 13:00:34 - [TEST_STEP][PASSED] - Statement - CaseReferenceNo = readedVal: null

2018-11-09 13:00:34 - [MESSAGE][PASSED] - Call Test Case 'Test Cases/Final Aug 2018 - PKS Automation/Common/Reference Number Getter' successfully

2018-11-09 13:00:34 - [TEST_STEP][PASSED] - callTestCase: Call Test Case 'Test Cases/Final Aug 2018 - PKS Automation/Common/Workflow Owner Finder' successfully

2018-11-09 13:00:34 - [TEST_CASE][PASSED] - Test Cases/Final Aug 2018 - PKS Automation/Common/Workflow Owner Finder: Test Cases/Final Aug 2018 - PKS Automation/Common/Workflow Owner Finder

2018-11-09 13:00:34 - [TEST_STEP][PASSED] - openBrowser: Browser is opened with url: ''

2018-11-09 13:00:34 - [MESSAGE][WARNING] - A browser is already opened. Closing browser and opening a new one

2018-11-09 13:00:39 - [MESSAGE][PASSED] - Browser is opened with url: ''

2018-11-09 13:00:39 - [TEST_STEP][PASSED] - navigateToUrl: Navigate to 'https://assist2-uat.perkeso.gov.my/login' successfully

2018-11-09 13:00:42 - [MESSAGE][PASSED] - Navigate to 'https://assist2-uat.perkeso.gov.my/login' successfully

2018-11-09 13:00:42 - [TEST_STEP][PASSED] - delay: Delayed 5 second(s)

2018-11-09 13:00:47 - [MESSAGE][PASSED] - Delayed 5 second(s)

2018-11-09 13:00:47 - [TEST_STEP][PASSED] - setText: Text 'test@liferay.com' is set on object 'Object Repository/Final Object Repo/Login Page/Internal User/Email Address'

2018-11-09 13:00:47 - [MESSAGE][PASSED] - Text 'test@liferay.com' is set on object 'Object Repository/Final Object Repo/Login Page/Internal User/Email Address'

2018-11-09 13:00:47 - [TEST_STEP][PASSED] - click: Object: 'Object Repository/Final Object Repo/Login Page/Internal User/Next Button' is clicked on

2018-11-09 13:00:47 - [MESSAGE][PASSED] - Object: 'Object Repository/Final Object Repo/Login Page/Internal User/Next Button' is clicked on

2018-11-09 13:00:47 - [TEST_STEP][PASSED] - delay: Delayed 2 second(s)

2018-11-09 13:00:49 - [MESSAGE][PASSED] - Delayed 2 second(s)

2018-11-09 13:00:49 - [TEST_STEP][PASSED] - setText: Text 'test' is set on object 'Object Repository/Final Object Repo/Login Page/Internal User/Password'

2018-11-09 13:00:49 - [MESSAGE][PASSED] - Text 'test' is set on object 'Object Repository/Final Object Repo/Login Page/Internal User/Password'

2018-11-09 13:00:49 - [TEST_STEP][PASSED] - delay: Delayed 2 second(s)

2018-11-09 13:00:51 - [MESSAGE][PASSED] - Delayed 2 second(s)

2018-11-09 13:00:51 - [TEST_STEP][PASSED] - click: Object: 'Object Repository/Final Object Repo/Login Page/Internal User/Login Button' is clicked on

2018-11-09 13:00:55 - [MESSAGE][PASSED] - Object: 'Object Repository/Final Object Repo/Login Page/Internal User/Login Button' is clicked on

2018-11-09 13:00:55 - [TEST_STEP][PASSED] - Statement - Try: Delayed 2 second(s)

2018-11-09 13:00:55 - [TEST_STEP][PASSED] - Statement - Checker = false: null

2018-11-09 13:00:55 - [TEST_STEP][PASSED] - Statement - Checker = com.kms.katalon.core.webui.keyword.WebUiBuiltInKeywords.verifyElementHasAttribute(com.kms.katalon.core.testobject.ObjectRepository.findTestObject(Final Object Repo/Landing Page/BM Detecting), "href", 20, OPTIONAL): Object 'Object Repository/Final Object Repo/Landing Page/BM Detecting' has attribute 'href'

2018-11-09 13:00:55 - [MESSAGE][PASSED] - Object 'Object Repository/Final Object Repo/Landing Page/BM Detecting' has attribute 'href'

2018-11-09 13:00:55 - [TEST_STEP][PASSED] - Statement - out.println(Checker): null

2018-11-09 13:00:55 - [TEST_STEP][PASSED] - Statement - If (Checker == false): null

2018-11-09 13:00:55 - [TEST_STEP][PASSED] - Statement - Else: null

2018-11-09 13:00:55 - [TEST_STEP][PASSED] - delay: Delayed 2 second(s)

2018-11-09 13:00:57 - [MESSAGE][PASSED] - Delayed 2 second(s)

2018-11-09 13:00:57 - [TEST_STEP][PASSED] - delay: Delayed 3 second(s)

2018-11-09 13:01:00 - [MESSAGE][PASSED] - Delayed 3 second(s)

2018-11-09 13:01:00 - [TEST_STEP][PASSED] - mouseOver: Object: 'Object Repository/Final Object Repo/Landing Page/WorkFlow Menu' is hovered

2018-11-09 13:01:00 - [MESSAGE][PASSED] - Object: 'Object Repository/Final Object Repo/Landing Page/WorkFlow Menu' is hovered

2018-11-09 13:01:00 - [TEST_STEP][PASSED] - delay: Delayed 2 second(s)

2018-11-09 13:01:02 - [MESSAGE][PASSED] - Delayed 2 second(s)

2018-11-09 13:01:02 - [TEST_STEP][PASSED] - click: Object: 'Object Repository/Final Object Repo/Landing Page/Select to Workflow Listing' is clicked on

2018-11-09 13:01:03 - [MESSAGE][PASSED] - Object: 'Object Repository/Final Object Repo/Landing Page/Select to Workflow Listing' is clicked on

2018-11-09 13:01:03 - [TEST_STEP][PASSED] - delay: Delayed 2 second(s)

2018-11-09 13:01:05 - [MESSAGE][PASSED] - Delayed 2 second(s)

2018-11-09 13:01:05 - [TEST_STEP][PASSED] - click: Object: 'Object Repository/Final Object Repo/WorkFlow Listing Page/Search Information - To Put Ref No' is clicked on

2018-11-09 13:01:06 - [MESSAGE][PASSED] - Object: 'Object Repository/Final Object Repo/WorkFlow Listing Page/Search Information - To Put Ref No' is clicked on

2018-11-09 13:01:06 - [TEST_STEP][PASSED] - delay: Delayed 2 second(s)

2018-11-09 13:01:08 - [MESSAGE][PASSED] - Delayed 2 second(s)

2018-11-09 13:01:08 - [TEST_STEP][PASSED] - callTestCase: Call Test Case 'Test Cases/Final Aug 2018 - PKS Automation/Common/Reference Number Getter' successfully

2018-11-09 13:01:08 - [TEST_CASE][PASSED] - Test Cases/Final Aug 2018 - PKS Automation/Common/Reference Number Getter: Test Cases/Final Aug 2018 - PKS Automation/Common/Reference Number Getter

2018-11-09 13:01:08 - [TEST_STEP][PASSED] - Statement - Try: null

2018-11-09 13:01:08 - [TEST_STEP][PASSED] - Statement - RefNo = new java.io.File(C://KatalonReference.txt): null

2018-11-09 13:01:08 - [TEST_STEP][PASSED] - Statement - bufferread = new java.io.BufferedReader(new java.io.FileReader(RefNo)): null

2018-11-09 13:01:08 - [TEST_STEP][PASSED] - Statement - readedVal = bufferread.readLine(): null

2018-11-09 13:01:08 - [TEST_STEP][PASSED] - Statement - out.println(CaseReferenceNo): null

2018-11-09 13:01:08 - [TEST_STEP][PASSED] - Statement - out.println(readedVal): null

2018-11-09 13:01:08 - [TEST_STEP][PASSED] - Statement - CaseReferenceNo = readedVal: null

2018-11-09 13:01:08 - [MESSAGE][PASSED] - Call Test Case 'Test Cases/Final Aug 2018 - PKS Automation/Common/Reference Number Getter' successfully

2018-11-09 13:01:08 - [TEST_STEP][PASSED] - setText: Text 'CUN112018C200001540' is set on object 'Object Repository/Final Object Repo/WorkFlow Listing Page/Ref No Set Text'

2018-11-09 13:01:08 - [MESSAGE][PASSED] - Text 'CUN112018C200001540' is set on object 'Object Repository/Final Object Repo/WorkFlow Listing Page/Ref No Set Text'

2018-11-09 13:01:08 - [TEST_STEP][PASSED] - delay: Delayed 2 second(s)

2018-11-09 13:01:10 - [MESSAGE][PASSED] - Delayed 2 second(s)

2018-11-09 13:01:10 - [TEST_STEP][PASSED] - click: Object: 'Object Repository/Final Object Repo/WorkFlow Listing Page/Search Ref No Search Button' is clicked on

2018-11-09 13:01:12 - [MESSAGE][PASSED] - Object: 'Object Repository/Final Object Repo/WorkFlow Listing Page/Search Ref No Search Button' is clicked on

2018-11-09 13:01:12 - [TEST_STEP][PASSED] - delay: Delayed 4 second(s)

2018-11-09 13:01:16 - [MESSAGE][PASSED] - Delayed 4 second(s)

2018-11-09 13:01:16 - [TEST_STEP][PASSED] - click: Object: 'Object Repository/Final Object Repo/WorkFlow Listing Page/Click Continue Tooltip' is clicked on

2018-11-09 13:01:18 - [MESSAGE][PASSED] - Object: 'Object Repository/Final Object Repo/WorkFlow Listing Page/Click Continue Tooltip' is clicked on

2018-11-09 13:01:18 - [TEST_STEP][PASSED] - delay: Delayed 5 second(s)

2018-11-09 13:01:23 - [MESSAGE][PASSED] - Delayed 5 second(s)

2018-11-09 13:01:23 - [TEST_STEP][PASSED] - doubleClick: Object: 'Object Repository/Final Object Repo/WorkFlow Listing Page/Workflow Found - Listing 1' is double clicked on

2018-11-09 13:01:23 - [MESSAGE][PASSED] - Object: 'Object Repository/Final Object Repo/WorkFlow Listing Page/Workflow Found - Listing 1' is double clicked on

2018-11-09 13:01:23 - [TEST_STEP][PASSED] - Statement - println(OwnerID): null

2018-11-09 13:01:23 - [TEST_STEP][PASSED] - Statement - OwnerID = com.kms.katalon.core.webui.keyword.WebUiBuiltInKeywords.getText(com.kms.katalon.core.testobject.ObjectRepository.findTestObject(Final Object Repo/WorkFlow Listing Page/Workflow Found - Listing 1), STOP_ON_FAILURE): Text of object 'Object Repository/Final Object Repo/WorkFlow Listing Page/Workflow Found - Listing 1' is: 'JOHORuo3'

2018-11-09 13:01:23 - [MESSAGE][PASSED] - Text of object 'Object Repository/Final Object Repo/WorkFlow Listing Page/Workflow Found - Listing 1' is: 'JOHORuo3'

2018-11-09 13:01:23 - [TEST_STEP][PASSED] - Statement - OwnerID = OwnerID.toLowerCase() + "@gmail.com": null

2018-11-09 13:01:23 - [TEST_STEP][PASSED] - Statement - println(OwnerID): null

2018-11-09 13:01:23 - [TEST_STEP][PASSED] - delay: Delayed 2 second(s)

2018-11-09 13:01:25 - [MESSAGE][PASSED] - Delayed 2 second(s)

2018-11-09 13:01:25 - [MESSAGE][PASSED] - Call Test Case 'Test Cases/Final Aug 2018 - PKS Automation/Common/Workflow Owner Finder' successfully

2018-11-09 13:01:25 - [TEST_STEP][PASSED] - delay: Delayed 1 second(s)

2018-11-09 13:01:26 - [MESSAGE][PASSED] - Delayed 1 second(s)

2018-11-09 13:01:26 - [TEST_STEP][PASSED] - navigateToUrl: Navigate to 'https://assist2-uat.perkeso.gov.my/c/portal/logout' successfully

2018-11-09 13:01:28 - [MESSAGE][PASSED] - Navigate to 'https://assist2-uat.perkeso.gov.my/c/portal/logout' successfully

2018-11-09 13:01:28 - [TEST_STEP][PASSED] - delay: Delayed 1 second(s)

2018-11-09 13:01:29 - [MESSAGE][PASSED] - Delayed 1 second(s)

2018-11-09 13:01:29 - [TEST_STEP][PASSED] - callTestCase: Call Test Case 'Test Cases/Final Aug 2018 - PKS Automation/Registration Module/Workflow/Login and Search Case For Workflow' successfully

2018-11-09 13:01:29 - [TEST_CASE][PASSED] - Test Cases/Final Aug 2018 - PKS Automation/Registration Module/Workflow/Login and Search Case For Workflow: Test Cases/Final Aug 2018 - PKS Automation/Registration Module/Workflow/Login and Search Case For Workflow

2018-11-09 13:01:29 - [TEST_STEP][PASSED] - navigateToUrl: Navigate to 'https://assist2-uat.perkeso.gov.my/login' successfully

2018-11-09 13:01:30 - [MESSAGE][PASSED] - Navigate to 'https://assist2-uat.perkeso.gov.my/login' successfully

2018-11-09 13:01:30 - [TEST_STEP][PASSED] - setText: Text 'johoruo3@gmail.com' is set on object 'Object Repository/Final Object Repo/Login Page/Internal User/Email Address'

2018-11-09 13:01:30 - [MESSAGE][PASSED] - Text 'johoruo3@gmail.com' is set on object 'Object Repository/Final Object Repo/Login Page/Internal User/Email Address'

2018-11-09 13:01:30 - [TEST_STEP][PASSED] - click: Object: 'Object Repository/Final Object Repo/Login Page/Internal User/Next Button' is clicked on

2018-11-09 13:01:30 - [MESSAGE][PASSED] - Object: 'Object Repository/Final Object Repo/Login Page/Internal User/Next Button' is clicked on

2018-11-09 13:01:30 - [TEST_STEP][PASSED] - delay: Delayed 1 second(s)

2018-11-09 13:01:31 - [MESSAGE][PASSED] - Delayed 1 second(s)

2018-11-09 13:01:31 - [TEST_STEP][PASSED] - setEncryptedText: Text ****** has been set on object 'Object Repository/Final Object Repo/Login Page/Internal User/Password'

2018-11-09 13:01:32 - [MESSAGE][PASSED] - Text ****** has been set on object 'Object Repository/Final Object Repo/Login Page/Internal User/Password'

2018-11-09 13:01:32 - [TEST_STEP][PASSED] - click: Object: 'Object Repository/Final Object Repo/Login Page/Internal User/Login Button' is clicked on

2018-11-09 13:01:34 - [MESSAGE][PASSED] - Object: 'Object Repository/Final Object Repo/Login Page/Internal User/Login Button' is clicked on

2018-11-09 13:01:34 - [TEST_STEP][PASSED] - delay: Delayed 2 second(s)

2018-11-09 13:01:36 - [MESSAGE][PASSED] - Delayed 2 second(s)

2018-11-09 13:01:36 - [TEST_STEP][PASSED] - Statement - Try: Delayed 2 second(s)

2018-11-09 13:01:36 - [TEST_STEP][PASSED] - Statement - Checker = false: null

2018-11-09 13:01:36 - [TEST_STEP][PASSED] - Statement - Checker = com.kms.katalon.core.webui.keyword.WebUiBuiltInKeywords.verifyElementHasAttribute(com.kms.katalon.core.testobject.ObjectRepository.findTestObject(Final Object Repo/Landing Page/BM Detecting), "href", 20, OPTIONAL): Object 'Object Repository/Final Object Repo/Landing Page/BM Detecting' has attribute 'href'

2018-11-09 13:01:36 - [MESSAGE][PASSED] - Object 'Object Repository/Final Object Repo/Landing Page/BM Detecting' has attribute 'href'

2018-11-09 13:01:36 - [TEST_STEP][PASSED] - Statement - out.println(Checker): null

2018-11-09 13:01:36 - [TEST_STEP][PASSED] - Statement - If (Checker == false): null

2018-11-09 13:01:36 - [TEST_STEP][PASSED] - Statement - Else: null

2018-11-09 13:01:36 - [TEST_STEP][PASSED] - delay: Delayed 2 second(s)

2018-11-09 13:01:38 - [MESSAGE][PASSED] - Delayed 2 second(s)

2018-11-09 13:01:38 - [TEST_STEP][PASSED] - click: Object: 'Object Repository/Final Object Repo/Page_MyASSIST - ASSIST - Search Pending Case For Add Supporting Document/Search Information' is clicked on

2018-11-09 13:01:38 - [MESSAGE][PASSED] - Object: 'Object Repository/Final Object Repo/Page_MyASSIST - ASSIST - Search Pending Case For Add Supporting Document/Search Information' is clicked on

2018-11-09 13:01:38 - [TEST_STEP][PASSED] - delay: Delayed 3 second(s)

2018-11-09 13:01:41 - [MESSAGE][PASSED] - Delayed 3 second(s)

2018-11-09 13:01:41 - [TEST_STEP][PASSED] - sendKeys: Keys 'CUN112018C200001540' sent to object: 'Object Repository/Final Object Repo/Page_MyASSIST - ASSIST - Search Pending Case For Add Supporting Document/Reference No'

2018-11-09 13:01:41 - [MESSAGE][PASSED] - Keys 'CUN112018C200001540' sent to object: 'Object Repository/Final Object Repo/Page_MyASSIST - ASSIST - Search Pending Case For Add Supporting Document/Reference No'

2018-11-09 13:01:41 - [TEST_STEP][PASSED] - click: Object: 'Object Repository/Final Object Repo/Page_MyASSIST - ASSIST - Search Pending Case For Add Supporting Document/Search Reference No' is clicked on

2018-11-09 13:01:43 - [MESSAGE][PASSED] - Object: 'Object Repository/Final Object Repo/Page_MyASSIST - ASSIST - Search Pending Case For Add Supporting Document/Search Reference No' is clicked on

2018-11-09 13:01:43 - [TEST_STEP][PASSED] - delay: Delayed 2 second(s)

2018-11-09 13:01:45 - [MESSAGE][PASSED] - Delayed 2 second(s)

2018-11-09 13:01:45 - [TEST_STEP][PASSED] - click: Object: 'Object Repository/Final Object Repo/Page_MyASSIST - ASSIST - Search Pending Case For Add Supporting Document/Continue' is clicked on

2018-11-09 13:01:50 - [MESSAGE][PASSED] - Object: 'Object Repository/Final Object Repo/Page_MyASSIST - ASSIST - Search Pending Case For Add Supporting Document/Continue' is clicked on

2018-11-09 13:01:50 - [TEST_STEP][PASSED] - delay: Delayed 20 second(s)

2018-11-09 13:02:10 - [MESSAGE][PASSED] - Delayed 20 second(s)

2018-11-09 13:02:10 - [MESSAGE][PASSED] - Call Test Case 'Test Cases/Final Aug 2018 - PKS Automation/Registration Module/Workflow/Login and Search Case For Workflow' successfully

2018-11-09 13:02:10 - [TEST_STEP][PASSED] - click: Object: 'Object Repository/Final Object Repo/Page_Form 1A - Cessation As Employer/Page_Form 1A - Cessation As Employer (Approve)/Save  Continue in Form 1A Page' is clicked on

2018-11-09 13:02:12 - [MESSAGE][PASSED] - Object: 'Object Repository/Final Object Repo/Page_Form 1A - Cessation As Employer/Page_Form 1A - Cessation As Employer (Approve)/Save  Continue in Form 1A Page' is clicked on

2018-11-09 13:02:12 - [TEST_STEP][PASSED] - delay: Delayed 2 second(s)

2018-11-09 13:02:14 - [MESSAGE][PASSED] - Delayed 2 second(s)

2018-11-09 13:02:14 - [TEST_STEP][PASSED] - click: Object: 'Object Repository/Final Object Repo/Page_Form 1A - Cessation As Employer/Employment Resign Date' is clicked on

2018-11-09 13:02:15 - [MESSAGE][PASSED] - Object: 'Object Repository/Final Object Repo/Page_Form 1A - Cessation As Employer/Employment Resign Date' is clicked on

2018-11-09 13:02:15 - [TEST_STEP][PASSED] - delay: Delayed 1 second(s)

2018-11-09 13:02:16 - [MESSAGE][PASSED] - Delayed 1 second(s)

2018-11-09 13:02:16 - [TEST_STEP][PASSED] - selectOptionByValue: All options with value '2030' are selected in object 'Object Repository/Final Object Repo/Page_Form 1A - Cessation As Employer/Employment Resign Date - Year' 

2018-11-09 13:02:16 - [MESSAGE][PASSED] - All options with value '2030' are selected in object 'Object Repository/Final Object Repo/Page_Form 1A - Cessation As Employer/Employment Resign Date - Year' 

2018-11-09 13:02:16 - [TEST_STEP][PASSED] - delay: Delayed 1 second(s)

2018-11-09 13:02:17 - [MESSAGE][PASSED] - Delayed 1 second(s)

2018-11-09 13:02:17 - [TEST_STEP][PASSED] - click: Object: 'Object Repository/Final Object Repo/Page_Form 1A - Cessation As Employer/Employment Resign Date - Year - Date' is clicked on

2018-11-09 13:02:17 - [MESSAGE][PASSED] - Object: 'Object Repository/Final Object Repo/Page_Form 1A - Cessation As Employer/Employment Resign Date - Year - Date' is clicked on

2018-11-09 13:02:17 - [TEST_STEP][PASSED] - delay: Delayed 2 second(s)

2018-11-09 13:02:19 - [MESSAGE][PASSED] - Delayed 2 second(s)

2018-11-09 13:02:19 - [TEST_STEP][PASSED] - click: Object: 'Object Repository/Final Object Repo/Page_Form 1A - Cessation As Employer/Page_Form 1A - Cessation As Employer (Approve)/Save  Continue in Update Add Employee Resigned Date Page' is clicked on

2018-11-09 13:02:23 - [MESSAGE][PASSED] - Object: 'Object Repository/Final Object Repo/Page_Form 1A - Cessation As Employer/Page_Form 1A - Cessation As Employer (Approve)/Save  Continue in Update Add Employee Resigned Date Page' is clicked on

2018-11-09 13:02:23 - [TEST_STEP][PASSED] - delay: Delayed 2 second(s)

2018-11-09 13:02:25 - [MESSAGE][PASSED] - Delayed 2 second(s)

2018-11-09 13:02:25 - [TEST_STEP][PASSED] - setText: Text 'remark' is set on object 'Object Repository/Final Object Repo/Page_Form 1A - Cessation As Employer/Page_Form 1A - Cessation As Employer (Query)/Query - remark'

2018-11-09 13:02:26 - [MESSAGE][PASSED] - Text 'remark' is set on object 'Object Repository/Final Object Repo/Page_Form 1A - Cessation As Employer/Page_Form 1A - Cessation As Employer (Query)/Query - remark'

2018-11-09 13:02:26 - [TEST_STEP][PASSED] - delay: Delayed 2 second(s)

2018-11-09 13:02:28 - [MESSAGE][PASSED] - Delayed 2 second(s)

2018-11-09 13:02:28 - [TEST_STEP][PASSED] - click: Object: 'Object Repository/Final Object Repo/Page_Form 1A - Cessation As Employer/Page_Form 1A - Cessation As Employer (Approve)/Save  Contine in Uploading Document Page' is clicked on

2018-11-09 13:02:28 - [MESSAGE][PASSED] - Object: 'Object Repository/Final Object Repo/Page_Form 1A - Cessation As Employer/Page_Form 1A - Cessation As Employer (Approve)/Save  Contine in Uploading Document Page' is clicked on

2018-11-09 13:02:28 - [TEST_STEP][PASSED] - delay: Delayed 2 second(s)

2018-11-09 13:02:30 - [MESSAGE][PASSED] - Delayed 2 second(s)

2018-11-09 13:02:30 - [TEST_STEP][PASSED] - click: Object: 'Object Repository/Final Object Repo/Page_Form 1A - Cessation As Employer/Page_Form 1A - Cessation As Employer (Query)/Query' is clicked on

2018-11-09 13:02:33 - [MESSAGE][PASSED] - Object: 'Object Repository/Final Object Repo/Page_Form 1A - Cessation As Employer/Page_Form 1A - Cessation As Employer (Query)/Query' is clicked on

2018-11-09 13:02:33 - [TEST_STEP][PASSED] - delay: Delayed 2 second(s)

2018-11-09 13:02:35 - [MESSAGE][PASSED] - Delayed 2 second(s)

2018-11-09 13:02:35 - [TEST_STEP][PASSED] - click: Object: 'Object Repository/Final Object Repo/Page_Form 1A - Cessation As Employer/Page_Form 1A - Cessation As Employer (Query)/Confirm' is clicked on

2018-11-09 13:02:41 - [MESSAGE][PASSED] - Object: 'Object Repository/Final Object Repo/Page_Form 1A - Cessation As Employer/Page_Form 1A - Cessation As Employer (Query)/Confirm' is clicked on

2018-11-09 13:02:41 - [TEST_STEP][PASSED] - delay: Delayed 2 second(s)

2018-11-09 13:02:43 - [MESSAGE][PASSED] - Delayed 2 second(s)

2018-11-09 13:02:43 - [TEST_STEP][PASSED] - verifyElementVisible: Object 'Object Repository/Final Object Repo/Page_Form 1A - Cessation As Employer/Page_Form 1A - Cessation As Employer (Query)/MessageThe Case Is Under Query' is visible

2018-11-09 13:02:43 - [MESSAGE][PASSED] - Object 'Object Repository/Final Object Repo/Page_Form 1A - Cessation As Employer/Page_Form 1A - Cessation As Employer (Query)/MessageThe Case Is Under Query' is visible

2018-11-09 13:02:43 - [TEST_STEP][PASSED] - delay: Delayed 1 second(s)

2018-11-09 13:02:44 - [MESSAGE][PASSED] - Delayed 1 second(s)

2018-11-09 13:02:44 - [TEST_STEP][PASSED] - verifyElementVisible: Object 'Object Repository/Final Object Repo/Page_Form 1A - Cessation As Employer/Page_Form 1A - Cessation As Employer (Query)/Letter of inquiry' is visible

2018-11-09 13:02:44 - [MESSAGE][PASSED] - Object 'Object Repository/Final Object Repo/Page_Form 1A - Cessation As Employer/Page_Form 1A - Cessation As Employer (Query)/Letter of inquiry' is visible

2018-11-09 13:02:44 - [TEST_STEP][PASSED] - delay: Delayed 1 second(s)

2018-11-09 13:02:45 - [MESSAGE][PASSED] - Delayed 1 second(s)

2018-11-09 13:02:45 - [TEST_STEP][PASSED] - navigateToUrl: Navigate to 'https://assist2-uat.perkeso.gov.my/c/portal/logout' successfully

2018-11-09 13:02:46 - [MESSAGE][PASSED] - Navigate to 'https://assist2-uat.perkeso.gov.my/c/portal/logout' successfully

2018-11-09 13:02:46 - [TEST_STEP][PASSED] - delay: Delayed 1 second(s)

2018-11-09 13:02:47 - [MESSAGE][PASSED] - Delayed 1 second(s)

2018-11-09 13:02:47 - [TEST_STEP][PASSED] - callTestCase: Call Test Case 'Test Cases/Final Aug 2018 - PKS Automation/Registration Module/Workflow/Search Pending Case For Add Supporting Document (OTC)' successfully

2018-11-09 13:02:47 - [TEST_CASE][PASSED] - Test Cases/Final Aug 2018 - PKS Automation/Registration Module/Workflow/Search Pending Case For Add Supporting Document (OTC): Test Cases/Final Aug 2018 - PKS Automation/Registration Module/Workflow/Search Pending Case For Add Supporting Document (OTC)

2018-11-09 13:02:48 - [TEST_STEP][PASSED] - openBrowser: Browser is opened with url: ''

2018-11-09 13:02:48 - [MESSAGE][WARNING] - A browser is already opened. Closing browser and opening a new one

2018-11-09 13:02:53 - [MESSAGE][PASSED] - Browser is opened with url: ''

2018-11-09 13:02:53 - [TEST_STEP][PASSED] - navigateToUrl: Navigate to 'https://assist2-uat.perkeso.gov.my/login' successfully

2018-11-09 13:02:56 - [MESSAGE][PASSED] - Navigate to 'https://assist2-uat.perkeso.gov.my/login' successfully

2018-11-09 13:02:56 - [TEST_STEP][PASSED] - setText: Text 'johorotc1@gmail.com' is set on object 'Object Repository/Final Object Repo/Login Page/Internal User/Email Address'

2018-11-09 13:02:56 - [MESSAGE][PASSED] - Text 'johorotc1@gmail.com' is set on object 'Object Repository/Final Object Repo/Login Page/Internal User/Email Address'

2018-11-09 13:02:56 - [TEST_STEP][PASSED] - click: Object: 'Object Repository/Final Object Repo/Login Page/Internal User/Next Button' is clicked on

2018-11-09 13:02:56 - [MESSAGE][PASSED] - Object: 'Object Repository/Final Object Repo/Login Page/Internal User/Next Button' is clicked on

2018-11-09 13:02:56 - [TEST_STEP][PASSED] - delay: Delayed 1 second(s)

2018-11-09 13:02:57 - [MESSAGE][PASSED] - Delayed 1 second(s)

2018-11-09 13:02:57 - [TEST_STEP][PASSED] - setEncryptedText: Text ****** has been set on object 'Object Repository/Final Object Repo/Login Page/Internal User/Password'

2018-11-09 13:02:57 - [MESSAGE][PASSED] - Text ****** has been set on object 'Object Repository/Final Object Repo/Login Page/Internal User/Password'

2018-11-09 13:02:57 - [TEST_STEP][PASSED] - click: Object: 'Object Repository/Final Object Repo/Login Page/Internal User/Login Button' is clicked on

2018-11-09 13:03:00 - [MESSAGE][PASSED] - Object: 'Object Repository/Final Object Repo/Login Page/Internal User/Login Button' is clicked on

2018-11-09 13:03:00 - [TEST_STEP][PASSED] - delay: Delayed 1 second(s)

2018-11-09 13:03:01 - [MESSAGE][PASSED] - Delayed 1 second(s)

2018-11-09 13:03:01 - [TEST_STEP][PASSED] - Statement - Try: Delayed 2 second(s)

2018-11-09 13:03:01 - [TEST_STEP][PASSED] - Statement - Checker = false: null

2018-11-09 13:03:01 - [TEST_STEP][PASSED] - Statement - Checker = com.kms.katalon.core.webui.keyword.WebUiBuiltInKeywords.verifyElementHasAttribute(com.kms.katalon.core.testobject.ObjectRepository.findTestObject(Final Object Repo/Landing Page/BM Detecting), "href", 20, OPTIONAL): Object 'Object Repository/Final Object Repo/Landing Page/BM Detecting' has attribute 'href'

2018-11-09 13:03:02 - [MESSAGE][PASSED] - Object 'Object Repository/Final Object Repo/Landing Page/BM Detecting' has attribute 'href'

2018-11-09 13:03:02 - [TEST_STEP][PASSED] - Statement - out.println(Checker): null

2018-11-09 13:03:02 - [TEST_STEP][PASSED] - Statement - If (Checker == false): null

2018-11-09 13:03:02 - [TEST_STEP][PASSED] - Statement - Else: null

2018-11-09 13:03:02 - [TEST_STEP][PASSED] - delay: Delayed 2 second(s)

2018-11-09 13:03:04 - [MESSAGE][PASSED] - Delayed 2 second(s)

2018-11-09 13:03:04 - [TEST_STEP][PASSED] - navigateToUrl: Navigate to 'https://assist2-uat.perkeso.gov.my/web/registration/search/search-pending-case-for-add-supporting-document' successfully

2018-11-09 13:03:05 - [MESSAGE][PASSED] - Navigate to 'https://assist2-uat.perkeso.gov.my/web/registration/search/search-pending-case-for-add-supporting-document' successfully

2018-11-09 13:03:05 - [TEST_STEP][PASSED] - click: Object: 'Object Repository/Final Object Repo/Page_Search Pending Case For Add Suporting Document/Search By' is clicked on

2018-11-09 13:03:05 - [MESSAGE][PASSED] - Object: 'Object Repository/Final Object Repo/Page_Search Pending Case For Add Suporting Document/Search By' is clicked on

2018-11-09 13:03:05 - [TEST_STEP][PASSED] - click: Object: 'Object Repository/Final Object Repo/Page_Search Pending Case For Add Suporting Document/Search By - Reference ID' is clicked on

2018-11-09 13:03:06 - [MESSAGE][PASSED] - Object: 'Object Repository/Final Object Repo/Page_Search Pending Case For Add Suporting Document/Search By - Reference ID' is clicked on

2018-11-09 13:03:06 - [TEST_STEP][PASSED] - delay: Delayed 2 second(s)

2018-11-09 13:03:08 - [MESSAGE][PASSED] - Delayed 2 second(s)

2018-11-09 13:03:08 - [TEST_STEP][PASSED] - setText: Text 'CUN112018C200001540' is set on object 'Object Repository/Final Object Repo/Page_Search Pending Case For Add Suporting Document/Reference ID'

2018-11-09 13:03:08 - [MESSAGE][PASSED] - Text 'CUN112018C200001540' is set on object 'Object Repository/Final Object Repo/Page_Search Pending Case For Add Suporting Document/Reference ID'

2018-11-09 13:03:08 - [TEST_STEP][PASSED] - click: Object: 'Object Repository/Final Object Repo/Page_Search Pending Case For Add Suporting Document/Search' is clicked on

2018-11-09 13:03:10 - [MESSAGE][PASSED] - Object: 'Object Repository/Final Object Repo/Page_Search Pending Case For Add Suporting Document/Search' is clicked on

2018-11-09 13:03:10 - [TEST_STEP][PASSED] - delay: Delayed 2 second(s)

2018-11-09 13:03:12 - [MESSAGE][PASSED] - Delayed 2 second(s)

2018-11-09 13:03:12 - [TEST_STEP][PASSED] - click: Object: 'Object Repository/Final Object Repo/Page_Search Pending Case For Add Suporting Document/Edit' is clicked on

2018-11-09 13:03:16 - [MESSAGE][PASSED] - Object: 'Object Repository/Final Object Repo/Page_Search Pending Case For Add Suporting Document/Edit' is clicked on

2018-11-09 13:03:16 - [MESSAGE][PASSED] - Call Test Case 'Test Cases/Final Aug 2018 - PKS Automation/Registration Module/Workflow/Search Pending Case For Add Supporting Document (OTC)' successfully

2018-11-09 13:03:16 - [TEST_STEP][PASSED] - click: Object: 'Object Repository/Final Object Repo/Page_Form 1A - Cessation As Employer/Page_Form 1A - Cessation As Employer (Query -OTC -UO)/Next in Form 1A Page' is clicked on

2018-11-09 13:03:18 - [MESSAGE][PASSED] - Object: 'Object Repository/Final Object Repo/Page_Form 1A - Cessation As Employer/Page_Form 1A - Cessation As Employer (Query -OTC -UO)/Next in Form 1A Page' is clicked on

2018-11-09 13:03:18 - [TEST_STEP][PASSED] - delay: Delayed 2 second(s)

2018-11-09 13:03:20 - [MESSAGE][PASSED] - Delayed 2 second(s)

2018-11-09 13:03:20 - [TEST_STEP][PASSED] - click: Object: 'Object Repository/Final Object Repo/Page_Form 1A - Cessation As Employer/Page_Form 1A - Cessation As Employer (Query -OTC -UO)/Next in Resigned Date Page' is clicked on

2018-11-09 13:03:24 - [MESSAGE][PASSED] - Object: 'Object Repository/Final Object Repo/Page_Form 1A - Cessation As Employer/Page_Form 1A - Cessation As Employer (Query -OTC -UO)/Next in Resigned Date Page' is clicked on

2018-11-09 13:03:24 - [TEST_STEP][PASSED] - delay: Delayed 2 second(s)

2018-11-09 13:03:26 - [MESSAGE][PASSED] - Delayed 2 second(s)

2018-11-09 13:03:26 - [TEST_STEP][PASSED] - click: Object: 'Object Repository/Final Object Repo/Page_Form 1A - Cessation As Employer/Page_Form 1A - Cessation As Employer (Query -OTC -UO)/Add Document' is clicked on

2018-11-09 13:03:26 - [MESSAGE][PASSED] - Object: 'Object Repository/Final Object Repo/Page_Form 1A - Cessation As Employer/Page_Form 1A - Cessation As Employer (Query -OTC -UO)/Add Document' is clicked on

2018-11-09 13:03:26 - [TEST_STEP][PASSED] - delay: Delayed 2 second(s)

2018-11-09 13:03:28 - [MESSAGE][PASSED] - Delayed 2 second(s)

2018-11-09 13:03:28 - [TEST_STEP][PASSED] - click: Object: 'Object Repository/Final Object Repo/Page_Form 1A - Cessation As Employer/Page_Form 1A - Cessation As Employer (Query -OTC -UO)/Document Type' is clicked on

2018-11-09 13:03:30 - [MESSAGE][PASSED] - Object: 'Object Repository/Final Object Repo/Page_Form 1A - Cessation As Employer/Page_Form 1A - Cessation As Employer (Query -OTC -UO)/Document Type' is clicked on

2018-11-09 13:03:30 - [TEST_STEP][PASSED] - click: Object: 'Object Repository/Final Object Repo/Page_Form 1A - Cessation As Employer/Page_Form 1A - Cessation As Employer (Query -OTC -UO)/Document Type - Others' is clicked on

2018-11-09 13:03:30 - [MESSAGE][PASSED] - Object: 'Object Repository/Final Object Repo/Page_Form 1A - Cessation As Employer/Page_Form 1A - Cessation As Employer (Query -OTC -UO)/Document Type - Others' is clicked on

2018-11-09 13:03:30 - [TEST_STEP][PASSED] - delay: Delayed 2 second(s)

2018-11-09 13:03:32 - [MESSAGE][PASSED] - Delayed 2 second(s)

2018-11-09 13:03:32 - [TEST_STEP][PASSED] - sendKeys: Keys 'C:\Users\Public\Pictures\Sample Pictures\Act.jpg' sent to object: 'Object Repository/Final Object Repo/Page_Form 1A - Cessation As Employer/Uploading File'

2018-11-09 13:03:33 - [MESSAGE][PASSED] - Keys 'C:\Users\Public\Pictures\Sample Pictures\Act.jpg' sent to object: 'Object Repository/Final Object Repo/Page_Form 1A - Cessation As Employer/Uploading File'

2018-11-09 13:03:33 - [TEST_STEP][PASSED] - delay: Delayed 2 second(s)

2018-11-09 13:03:35 - [MESSAGE][PASSED] - Delayed 2 second(s)

2018-11-09 13:03:35 - [TEST_STEP][PASSED] - click: Object: 'Object Repository/Final Object Repo/Page_Form 1A - Cessation As Employer/Page_Form 1A - Cessation As Employer (Query -OTC -UO)/Add Document in Uploading Page' is clicked on

2018-11-09 13:03:40 - [MESSAGE][PASSED] - Object: 'Object Repository/Final Object Repo/Page_Form 1A - Cessation As Employer/Page_Form 1A - Cessation As Employer (Query -OTC -UO)/Add Document in Uploading Page' is clicked on

2018-11-09 13:03:40 - [TEST_STEP][PASSED] - delay: Delayed 4 second(s)

2018-11-09 13:03:44 - [MESSAGE][PASSED] - Delayed 4 second(s)

2018-11-09 13:03:44 - [TEST_STEP][PASSED] - click: Object: 'Object Repository/Final Object Repo/Page_Form 1A - Cessation As Employer/Page_Form 1A - Cessation As Employer (Query -OTC -UO)/Exit' is clicked on

2018-11-09 13:03:46 - [MESSAGE][PASSED] - Object: 'Object Repository/Final Object Repo/Page_Form 1A - Cessation As Employer/Page_Form 1A - Cessation As Employer (Query -OTC -UO)/Exit' is clicked on

2018-11-09 13:03:46 - [TEST_STEP][PASSED] - delay: Delayed 1 second(s)

2018-11-09 13:03:47 - [MESSAGE][PASSED] - Delayed 1 second(s)

2018-11-09 13:03:47 - [TEST_STEP][PASSED] - navigateToUrl: Navigate to 'https://assist2-uat.perkeso.gov.my/c/portal/logout' successfully

2018-11-09 13:03:48 - [MESSAGE][PASSED] - Navigate to 'https://assist2-uat.perkeso.gov.my/c/portal/logout' successfully

2018-11-09 13:03:48 - [TEST_STEP][PASSED] - delay: Delayed 1 second(s)

2018-11-09 13:03:49 - [MESSAGE][PASSED] - Delayed 1 second(s)

2018-11-09 13:03:49 - [TEST_STEP][PASSED] - callTestCase: Call Test Case 'Test Cases/Final Aug 2018 - PKS Automation/Registration Module/Workflow/Login and Search Case For Workflow' successfully

2018-11-09 13:03:49 - [TEST_CASE][PASSED] - Test Cases/Final Aug 2018 - PKS Automation/Registration Module/Workflow/Login and Search Case For Workflow: Test Cases/Final Aug 2018 - PKS Automation/Registration Module/Workflow/Login and Search Case For Workflow

2018-11-09 13:03:49 - [TEST_STEP][PASSED] - navigateToUrl: Navigate to 'https://assist2-uat.perkeso.gov.my/login' successfully

2018-11-09 13:03:50 - [MESSAGE][PASSED] - Navigate to 'https://assist2-uat.perkeso.gov.my/login' successfully

2018-11-09 13:03:50 - [TEST_STEP][PASSED] - setText: Text 'johoruo3@gmail.com' is set on object 'Object Repository/Final Object Repo/Login Page/Internal User/Email Address'

2018-11-09 13:03:50 - [MESSAGE][PASSED] - Text 'johoruo3@gmail.com' is set on object 'Object Repository/Final Object Repo/Login Page/Internal User/Email Address'

2018-11-09 13:03:50 - [TEST_STEP][PASSED] - click: Object: 'Object Repository/Final Object Repo/Login Page/Internal User/Next Button' is clicked on

2018-11-09 13:03:50 - [MESSAGE][PASSED] - Object: 'Object Repository/Final Object Repo/Login Page/Internal User/Next Button' is clicked on

2018-11-09 13:03:50 - [TEST_STEP][PASSED] - delay: Delayed 1 second(s)

2018-11-09 13:03:51 - [MESSAGE][PASSED] - Delayed 1 second(s)

2018-11-09 13:03:51 - [TEST_STEP][PASSED] - setEncryptedText: Text ****** has been set on object 'Object Repository/Final Object Repo/Login Page/Internal User/Password'

2018-11-09 13:03:52 - [MESSAGE][PASSED] - Text ****** has been set on object 'Object Repository/Final Object Repo/Login Page/Internal User/Password'

2018-11-09 13:03:52 - [TEST_STEP][PASSED] - click: Object: 'Object Repository/Final Object Repo/Login Page/Internal User/Login Button' is clicked on

2018-11-09 13:03:54 - [MESSAGE][PASSED] - Object: 'Object Repository/Final Object Repo/Login Page/Internal User/Login Button' is clicked on

2018-11-09 13:03:54 - [TEST_STEP][PASSED] - delay: Delayed 2 second(s)

2018-11-09 13:03:56 - [MESSAGE][PASSED] - Delayed 2 second(s)

2018-11-09 13:03:56 - [TEST_STEP][PASSED] - Statement - Try: Delayed 2 second(s)

2018-11-09 13:03:56 - [TEST_STEP][PASSED] - Statement - Checker = false: null

2018-11-09 13:03:56 - [TEST_STEP][PASSED] - Statement - Checker = com.kms.katalon.core.webui.keyword.WebUiBuiltInKeywords.verifyElementHasAttribute(com.kms.katalon.core.testobject.ObjectRepository.findTestObject(Final Object Repo/Landing Page/BM Detecting), "href", 20, OPTIONAL): Object 'Object Repository/Final Object Repo/Landing Page/BM Detecting' has attribute 'href'

2018-11-09 13:03:56 - [MESSAGE][PASSED] - Object 'Object Repository/Final Object Repo/Landing Page/BM Detecting' has attribute 'href'

2018-11-09 13:03:56 - [TEST_STEP][PASSED] - Statement - out.println(Checker): null

2018-11-09 13:03:56 - [TEST_STEP][PASSED] - Statement - If (Checker == false): null

2018-11-09 13:03:56 - [TEST_STEP][PASSED] - Statement - Else: null

2018-11-09 13:03:56 - [TEST_STEP][PASSED] - delay: Delayed 2 second(s)

2018-11-09 13:03:58 - [MESSAGE][PASSED] - Delayed 2 second(s)

2018-11-09 13:03:58 - [TEST_STEP][PASSED] - click: Object: 'Object Repository/Final Object Repo/Page_MyASSIST - ASSIST - Search Pending Case For Add Supporting Document/Search Information' is clicked on

2018-11-09 13:03:58 - [MESSAGE][PASSED] - Object: 'Object Repository/Final Object Repo/Page_MyASSIST - ASSIST - Search Pending Case For Add Supporting Document/Search Information' is clicked on

2018-11-09 13:03:58 - [TEST_STEP][PASSED] - delay: Delayed 3 second(s)

2018-11-09 13:04:01 - [MESSAGE][PASSED] - Delayed 3 second(s)

2018-11-09 13:04:01 - [TEST_STEP][PASSED] - sendKeys: Keys 'CUN112018C200001540' sent to object: 'Object Repository/Final Object Repo/Page_MyASSIST - ASSIST - Search Pending Case For Add Supporting Document/Reference No'

2018-11-09 13:04:02 - [MESSAGE][PASSED] - Keys 'CUN112018C200001540' sent to object: 'Object Repository/Final Object Repo/Page_MyASSIST - ASSIST - Search Pending Case For Add Supporting Document/Reference No'

2018-11-09 13:04:02 - [TEST_STEP][PASSED] - click: Object: 'Object Repository/Final Object Repo/Page_MyASSIST - ASSIST - Search Pending Case For Add Supporting Document/Search Reference No' is clicked on

2018-11-09 13:04:03 - [MESSAGE][PASSED] - Object: 'Object Repository/Final Object Repo/Page_MyASSIST - ASSIST - Search Pending Case For Add Supporting Document/Search Reference No' is clicked on

2018-11-09 13:04:03 - [TEST_STEP][PASSED] - delay: Delayed 2 second(s)

2018-11-09 13:04:05 - [MESSAGE][PASSED] - Delayed 2 second(s)

2018-11-09 13:04:05 - [TEST_STEP][PASSED] - click: Object: 'Object Repository/Final Object Repo/Page_MyASSIST - ASSIST - Search Pending Case For Add Supporting Document/Continue' is clicked on

2018-11-09 13:04:10 - [MESSAGE][PASSED] - Object: 'Object Repository/Final Object Repo/Page_MyASSIST - ASSIST - Search Pending Case For Add Supporting Document/Continue' is clicked on

2018-11-09 13:04:10 - [TEST_STEP][PASSED] - delay: Delayed 20 second(s)

2018-11-09 13:04:30 - [MESSAGE][PASSED] - Delayed 20 second(s)

2018-11-09 13:04:30 - [MESSAGE][PASSED] - Call Test Case 'Test Cases/Final Aug 2018 - PKS Automation/Registration Module/Workflow/Login and Search Case For Workflow' successfully

2018-11-09 13:04:30 - [TEST_STEP][PASSED] - click: Object: 'Object Repository/Final Object Repo/Page_Form 1A - Cessation As Employer/Page_Form 1A - Cessation As Employer (Approve)/Save  Continue in Form 1A Page' is clicked on

2018-11-09 13:04:32 - [MESSAGE][PASSED] - Object: 'Object Repository/Final Object Repo/Page_Form 1A - Cessation As Employer/Page_Form 1A - Cessation As Employer (Approve)/Save  Continue in Form 1A Page' is clicked on

2018-11-09 13:04:32 - [TEST_STEP][PASSED] - delay: Delayed 3 second(s)

2018-11-09 13:04:35 - [MESSAGE][PASSED] - Delayed 3 second(s)

2018-11-09 13:04:35 - [TEST_STEP][PASSED] - click: Object: 'Object Repository/Final Object Repo/Page_Form 1A - Cessation As Employer/Page_Form 1A - Cessation As Employer (Approve)/Save  Continue in Update Add Employee Resigned Date Page' is clicked on

2018-11-09 13:04:39 - [MESSAGE][PASSED] - Object: 'Object Repository/Final Object Repo/Page_Form 1A - Cessation As Employer/Page_Form 1A - Cessation As Employer (Approve)/Save  Continue in Update Add Employee Resigned Date Page' is clicked on

2018-11-09 13:04:39 - [TEST_STEP][PASSED] - delay: Delayed 3 second(s)

2018-11-09 13:04:42 - [MESSAGE][PASSED] - Delayed 3 second(s)

2018-11-09 13:04:42 - [TEST_STEP][PASSED] - click: Object: 'Object Repository/Final Object Repo/Page_Form 1A - Cessation As Employer/Page_Form 1A - Cessation As Employer (Approve)/Save  Contine in Uploading Document Page' is clicked on

2018-11-09 13:04:48 - [MESSAGE][PASSED] - Object: 'Object Repository/Final Object Repo/Page_Form 1A - Cessation As Employer/Page_Form 1A - Cessation As Employer (Approve)/Save  Contine in Uploading Document Page' is clicked on

2018-11-09 13:04:48 - [TEST_STEP][PASSED] - delay: Delayed 3 second(s)

2018-11-09 13:04:51 - [MESSAGE][PASSED] - Delayed 3 second(s)

2018-11-09 13:04:51 - [TEST_STEP][PASSED] - click: Object: 'Object Repository/Final Object Repo/Page_Form 1A - Cessation As Employer/Page_Form 1A - Cessation As Employer (Approve)/Approve' is clicked on

2018-11-09 13:04:51 - [MESSAGE][PASSED] - Object: 'Object Repository/Final Object Repo/Page_Form 1A - Cessation As Employer/Page_Form 1A - Cessation As Employer (Approve)/Approve' is clicked on

2018-11-09 13:04:51 - [TEST_STEP][PASSED] - delay: Delayed 2 second(s)

2018-11-09 13:04:53 - [MESSAGE][PASSED] - Delayed 2 second(s)

2018-11-09 13:04:53 - [TEST_STEP][PASSED] - click: Object: 'Object Repository/Final Object Repo/Page_Form 1A - Cessation As Employer/Confirm' is clicked on

2018-11-09 13:04:54 - [MESSAGE][PASSED] - Object: 'Object Repository/Final Object Repo/Page_Form 1A - Cessation As Employer/Confirm' is clicked on

2018-11-09 13:04:54 - [TEST_STEP][PASSED] - delay: Delayed 2 second(s)

2018-11-09 13:04:56 - [MESSAGE][PASSED] - Delayed 2 second(s)

2018-11-09 13:04:56 - [TEST_STEP][PASSED] - click: Object: 'Object Repository/Final Object Repo/Page_Form 1A - Cessation As Employer/Page_Form 1A - Cessation As Employer (Approve)/Message Your Request    Form 1A ' is clicked on

2018-11-09 13:05:05 - [MESSAGE][PASSED] - Object: 'Object Repository/Final Object Repo/Page_Form 1A - Cessation As Employer/Page_Form 1A - Cessation As Employer (Approve)/Message Your Request    Form 1A ' is clicked on

2018-11-09 13:05:05 - [TEST_STEP][PASSED] - delay: Delayed 2 second(s)

2018-11-09 13:05:07 - [MESSAGE][PASSED] - Delayed 2 second(s)

2018-11-09 13:05:07 - [TEST_STEP][PASSED] - click: Object: 'Object Repository/Final Object Repo/Page_Form 1A - Cessation As Employer/Page_Form 1A - Cessation As Employer (Approve)/Letter of successful update' is clicked on

2018-11-09 13:05:12 - [MESSAGE][PASSED] - Object: 'Object Repository/Final Object Repo/Page_Form 1A - Cessation As Employer/Page_Form 1A - Cessation As Employer (Approve)/Letter of successful update' is clicked on

2018-11-09 13:05:12 - [MESSAGE][PASSED] - Call Test Case 'Test Cases/Final Aug 2018 - PKS Automation/Registration Module/Workflow/Form 1A - Cessation As Employer/Template/Form 1 A - Cessation As Employer (Query)' successfully]]></system-out>
         <system-err><![CDATA[]]></system-err>
      </testcase>
      <testcase name="Test Cases/Final Aug 2018 - PKS Automation/Registration Module/Workflow/Form 1A - Cessation As Employer/OTC to UO (Reject)" classname="Test Cases/Final Aug 2018 - PKS Automation/Registration Module/Workflow/Form 1A - Cessation As Employer/OTC to UO (Reject)" status="FAILED">
         <failure type="FAILED" message="(Stack trace: com.kms.katalon.core.exception.StepFailedException: Unable to click on object 'Object Repository/Final Object Repo/Page_Form 1A - Cessation As Employer/Document Type' (Root cause: org.openqa.selenium.ElementClickInterceptedException: Element &lt;span class=&quot;select2-selection select2-selection--single&quot;> is not clickable at point (482.4833221435547,192.64999389648438) because another element &lt;div class=&quot;blockUI blockOverlay&quot;> obscures it
Build info: version: '3.9.1', revision: '63f7b50', time: '2018-02-07T22:42:28.403Z'
System info: host: 'WEIZHENG', ip: '10.212.128.118', os.name: 'Windows 7', os.arch: 'amd64', os.version: '6.1', java.version: '1.8.0_181'
Driver info: com.kms.katalon.core.webui.driver.firefox.CGeckoDriver
Capabilities {acceptInsecureCerts: true, browserName: firefox, browserVersion: 63.0.1, javascriptEnabled: true, moz:accessibilityChecks: false, moz:geckodriverVersion: 0.23.0, moz:headless: false, moz:processID: 9280, moz:profile: C:\Users\Wei Zheng\AppData\..., moz:useNonSpecCompliantPointerOrigin: false, moz:webdriverClick: true, pageLoadStrategy: normal, platform: WINDOWS, platformName: WINDOWS, platformVersion: 6.1, proxy: Proxy(direct), rotatable: false, setWindowRect: true, timeouts: {implicit: 0, pageLoad: 300000, script: 30000}, unhandledPromptBehavior: dismiss and notify}
Session ID: 781cbe0e-e730-47ce-a0ef-fed0a935c1f9)
	at com.kms.katalon.core.keyword.internal.KeywordMain.stepFailed(KeywordMain.groovy:32)
	at com.kms.katalon.core.webui.keyword.internal.WebUIKeywordMain.stepFailed(WebUIKeywordMain.groovy:65)
	at com.kms.katalon.core.webui.keyword.internal.WebUIKeywordMain.runKeyword(WebUIKeywordMain.groovy:27)
	at com.kms.katalon.core.webui.keyword.builtin.ClickKeyword.click(ClickKeyword.groovy:86)
	at com.kms.katalon.core.webui.keyword.builtin.ClickKeyword.execute(ClickKeyword.groovy:67)
	at com.kms.katalon.core.keyword.internal.KeywordExecutor.executeKeywordForPlatform(KeywordExecutor.groovy:53)
	at com.kms.katalon.core.webui.keyword.WebUiBuiltInKeywords.click(WebUiBuiltInKeywords.groovy:616)
	at com.kms.katalon.core.webui.keyword.WebUiBuiltInKeywords$click$2.call(Unknown Source)
	at Script1536137325809.run(Script1536137325809.groovy:144)
	at com.kms.katalon.core.main.ScriptEngine.run(ScriptEngine.java:183)
	at com.kms.katalon.core.main.ScriptEngine.runScriptAsRawText(ScriptEngine.java:108)
	at com.kms.katalon.core.main.TestCaseExecutor.runScript(TestCaseExecutor.java:294)
	at com.kms.katalon.core.main.TestCaseExecutor.doExecute(TestCaseExecutor.java:285)
	at com.kms.katalon.core.main.TestCaseExecutor.processExecutionPhase(TestCaseExecutor.java:264)
	at com.kms.katalon.core.main.TestCaseExecutor.accessMainPhase(TestCaseExecutor.java:256)
	at com.kms.katalon.core.main.TestCaseExecutor.execute(TestCaseExecutor.java:200)
	at com.kms.katalon.core.main.TestCaseMain.runTestCase(TestCaseMain.java:99)
	at com.kms.katalon.core.keyword.builtin.CallTestCaseKeyword$_callTestCase_closure1.doCall(CallTestCaseKeyword.groovy:60)
	at com.kms.katalon.core.keyword.builtin.CallTestCaseKeyword$_callTestCase_closure1.call(CallTestCaseKeyword.groovy)
	at com.kms.katalon.core.keyword.internal.KeywordMain.runKeyword(KeywordMain.groovy:54)
	at com.kms.katalon.core.keyword.builtin.CallTestCaseKeyword.callTestCase(CallTestCaseKeyword.groovy:81)
	at com.kms.katalon.core.keyword.builtin.CallTestCaseKeyword.execute(CallTestCaseKeyword.groovy:45)
	at com.kms.katalon.core.keyword.internal.KeywordExecutor.executeKeywordForPlatform(KeywordExecutor.groovy:53)
	at com.kms.katalon.core.keyword.BuiltinKeywords.callTestCase(BuiltinKeywords.groovy:334)
	at sun.reflect.GeneratedMethodAccessor13.invoke(Unknown Source)
	at sun.reflect.DelegatingMethodAccessorImpl.invoke(DelegatingMethodAccessorImpl.java:43)
	at java.lang.reflect.Method.invoke(Method.java:498)
	at org.codehaus.groovy.reflection.CachedMethod.invoke(CachedMethod.java:93)
	at groovy.lang.MetaMethod.doMethodInvoke(MetaMethod.java:325)
	at groovy.lang.MetaClassImpl.invokeStaticMethod(MetaClassImpl.java:1469)
	at org.codehaus.groovy.runtime.callsite.StaticMetaClassSite.call(StaticMetaClassSite.java:53)
	at org.codehaus.groovy.runtime.callsite.CallSiteArray.defaultCall(CallSiteArray.java:48)
	at org.codehaus.groovy.runtime.callsite.AbstractCallSite.call(AbstractCallSite.java:113)
	at org.codehaus.groovy.runtime.callsite.AbstractCallSite.call(AbstractCallSite.java:141)
	at Script1536137656747.run(Script1536137656747.groovy:22)
	at com.kms.katalon.core.main.ScriptEngine.run(ScriptEngine.java:183)
	at com.kms.katalon.core.main.ScriptEngine.runScriptAsRawText(ScriptEngine.java:108)
	at com.kms.katalon.core.main.TestCaseExecutor.runScript(TestCaseExecutor.java:294)
	at com.kms.katalon.core.main.TestCaseExecutor.doExecute(TestCaseExecutor.java:285)
	at com.kms.katalon.core.main.TestCaseExecutor.processExecutionPhase(TestCaseExecutor.java:264)
	at com.kms.katalon.core.main.TestCaseExecutor.accessMainPhase(TestCaseExecutor.java:256)
	at com.kms.katalon.core.main.TestCaseExecutor.execute(TestCaseExecutor.java:200)
	at com.kms.katalon.core.main.TestSuiteExecutor.accessTestCaseMainPhase(TestSuiteExecutor.java:129)
	at com.kms.katalon.core.main.TestSuiteExecutor.accessTestSuiteMainPhase(TestSuiteExecutor.java:112)
	at com.kms.katalon.core.main.TestSuiteExecutor.execute(TestSuiteExecutor.java:81)
	at com.kms.katalon.core.main.TestCaseMain.startTestSuite(TestCaseMain.java:142)
	at com.kms.katalon.core.main.TestCaseMain$startTestSuite$0.call(Unknown Source)
	at org.codehaus.groovy.runtime.callsite.CallSiteArray.defaultCall(CallSiteArray.java:48)
	at org.codehaus.groovy.runtime.callsite.AbstractCallSite.call(AbstractCallSite.java:113)
	at org.codehaus.groovy.runtime.callsite.AbstractCallSite.call(AbstractCallSite.java:141)
	at TempTestSuite1541736709639.run(TempTestSuite1541736709639.groovy:36)
	at groovy.lang.GroovyShell.runScriptOrMainOrTestOrRunnable(GroovyShell.java:263)
	at groovy.lang.GroovyShell.run(GroovyShell.java:518)
	at groovy.lang.GroovyShell.run(GroovyShell.java:507)
	at groovy.ui.GroovyMain.processOnce(GroovyMain.java:653)
	at groovy.ui.GroovyMain.run(GroovyMain.java:384)
	at groovy.ui.GroovyMain.process(GroovyMain.java:370)
	at groovy.ui.GroovyMain.processArgs(GroovyMain.java:129)
	at groovy.ui.GroovyMain.main(GroovyMain.java:109)
	at sun.reflect.NativeMethodAccessorImpl.invoke0(Native Method)
	at sun.reflect.NativeMethodAccessorImpl.invoke(NativeMethodAccessorImpl.java:62)
	at sun.reflect.DelegatingMethodAccessorImpl.invoke(DelegatingMethodAccessorImpl.java:43)
	at java.lang.reflect.Method.invoke(Method.java:498)
	at org.codehaus.groovy.tools.GroovyStarter.rootLoader(GroovyStarter.java:109)
	at org.codehaus.groovy.tools.GroovyStarter.main(GroovyStarter.java:131)
)"/>
         <system-out><![CDATA[2018-11-09 13:05:12 - [TEST_CASE][FAILED] - Test Cases/Final Aug 2018 - PKS Automation/Registration Module/Workflow/Form 1A - Cessation As Employer/OTC to UO (Reject): Test Cases/Final Aug 2018 - PKS Automation/Registration Module/Workflow/Form 1A - Cessation As Employer/OTC to UO (Reject) FAILED because (of) (Stack trace: com.kms.katalon.core.exception.StepFailedException: Unable to click on object 'Object Repository/Final Object Repo/Page_Form 1A - Cessation As Employer/Document Type' (Root cause: org.openqa.selenium.ElementClickInterceptedException: Element <span class="select2-selection select2-selection--single"> is not clickable at point (482.4833221435547,192.64999389648438) because another element <div class="blockUI blockOverlay"> obscures it
Build info: version: '3.9.1', revision: '63f7b50', time: '2018-02-07T22:42:28.403Z'
System info: host: 'WEIZHENG', ip: '10.212.128.118', os.name: 'Windows 7', os.arch: 'amd64', os.version: '6.1', java.version: '1.8.0_181'
Driver info: com.kms.katalon.core.webui.driver.firefox.CGeckoDriver
Capabilities {acceptInsecureCerts: true, browserName: firefox, browserVersion: 63.0.1, javascriptEnabled: true, moz:accessibilityChecks: false, moz:geckodriverVersion: 0.23.0, moz:headless: false, moz:processID: 9280, moz:profile: C:\Users\Wei Zheng\AppData\..., moz:useNonSpecCompliantPointerOrigin: false, moz:webdriverClick: true, pageLoadStrategy: normal, platform: WINDOWS, platformName: WINDOWS, platformVersion: 6.1, proxy: Proxy(direct), rotatable: false, setWindowRect: true, timeouts: {implicit: 0, pageLoad: 300000, script: 30000}, unhandledPromptBehavior: dismiss and notify}
Session ID: 781cbe0e-e730-47ce-a0ef-fed0a935c1f9)
	at com.kms.katalon.core.keyword.internal.KeywordMain.stepFailed(KeywordMain.groovy:32)
	at com.kms.katalon.core.webui.keyword.internal.WebUIKeywordMain.stepFailed(WebUIKeywordMain.groovy:65)
	at com.kms.katalon.core.webui.keyword.internal.WebUIKeywordMain.runKeyword(WebUIKeywordMain.groovy:27)
	at com.kms.katalon.core.webui.keyword.builtin.ClickKeyword.click(ClickKeyword.groovy:86)
	at com.kms.katalon.core.webui.keyword.builtin.ClickKeyword.execute(ClickKeyword.groovy:67)
	at com.kms.katalon.core.keyword.internal.KeywordExecutor.executeKeywordForPlatform(KeywordExecutor.groovy:53)
	at com.kms.katalon.core.webui.keyword.WebUiBuiltInKeywords.click(WebUiBuiltInKeywords.groovy:616)
	at com.kms.katalon.core.webui.keyword.WebUiBuiltInKeywords$click$2.call(Unknown Source)
	at Script1536137325809.run(Script1536137325809.groovy:144)
	at com.kms.katalon.core.main.ScriptEngine.run(ScriptEngine.java:183)
	at com.kms.katalon.core.main.ScriptEngine.runScriptAsRawText(ScriptEngine.java:108)
	at com.kms.katalon.core.main.TestCaseExecutor.runScript(TestCaseExecutor.java:294)
	at com.kms.katalon.core.main.TestCaseExecutor.doExecute(TestCaseExecutor.java:285)
	at com.kms.katalon.core.main.TestCaseExecutor.processExecutionPhase(TestCaseExecutor.java:264)
	at com.kms.katalon.core.main.TestCaseExecutor.accessMainPhase(TestCaseExecutor.java:256)
	at com.kms.katalon.core.main.TestCaseExecutor.execute(TestCaseExecutor.java:200)
	at com.kms.katalon.core.main.TestCaseMain.runTestCase(TestCaseMain.java:99)
	at com.kms.katalon.core.keyword.builtin.CallTestCaseKeyword$_callTestCase_closure1.doCall(CallTestCaseKeyword.groovy:60)
	at com.kms.katalon.core.keyword.builtin.CallTestCaseKeyword$_callTestCase_closure1.call(CallTestCaseKeyword.groovy)
	at com.kms.katalon.core.keyword.internal.KeywordMain.runKeyword(KeywordMain.groovy:54)
	at com.kms.katalon.core.keyword.builtin.CallTestCaseKeyword.callTestCase(CallTestCaseKeyword.groovy:81)
	at com.kms.katalon.core.keyword.builtin.CallTestCaseKeyword.execute(CallTestCaseKeyword.groovy:45)
	at com.kms.katalon.core.keyword.internal.KeywordExecutor.executeKeywordForPlatform(KeywordExecutor.groovy:53)
	at com.kms.katalon.core.keyword.BuiltinKeywords.callTestCase(BuiltinKeywords.groovy:334)
	at sun.reflect.GeneratedMethodAccessor13.invoke(Unknown Source)
	at sun.reflect.DelegatingMethodAccessorImpl.invoke(DelegatingMethodAccessorImpl.java:43)
	at java.lang.reflect.Method.invoke(Method.java:498)
	at org.codehaus.groovy.reflection.CachedMethod.invoke(CachedMethod.java:93)
	at groovy.lang.MetaMethod.doMethodInvoke(MetaMethod.java:325)
	at groovy.lang.MetaClassImpl.invokeStaticMethod(MetaClassImpl.java:1469)
	at org.codehaus.groovy.runtime.callsite.StaticMetaClassSite.call(StaticMetaClassSite.java:53)
	at org.codehaus.groovy.runtime.callsite.CallSiteArray.defaultCall(CallSiteArray.java:48)
	at org.codehaus.groovy.runtime.callsite.AbstractCallSite.call(AbstractCallSite.java:113)
	at org.codehaus.groovy.runtime.callsite.AbstractCallSite.call(AbstractCallSite.java:141)
	at Script1536137656747.run(Script1536137656747.groovy:22)
	at com.kms.katalon.core.main.ScriptEngine.run(ScriptEngine.java:183)
	at com.kms.katalon.core.main.ScriptEngine.runScriptAsRawText(ScriptEngine.java:108)
	at com.kms.katalon.core.main.TestCaseExecutor.runScript(TestCaseExecutor.java:294)
	at com.kms.katalon.core.main.TestCaseExecutor.doExecute(TestCaseExecutor.java:285)
	at com.kms.katalon.core.main.TestCaseExecutor.processExecutionPhase(TestCaseExecutor.java:264)
	at com.kms.katalon.core.main.TestCaseExecutor.accessMainPhase(TestCaseExecutor.java:256)
	at com.kms.katalon.core.main.TestCaseExecutor.execute(TestCaseExecutor.java:200)
	at com.kms.katalon.core.main.TestSuiteExecutor.accessTestCaseMainPhase(TestSuiteExecutor.java:129)
	at com.kms.katalon.core.main.TestSuiteExecutor.accessTestSuiteMainPhase(TestSuiteExecutor.java:112)
	at com.kms.katalon.core.main.TestSuiteExecutor.execute(TestSuiteExecutor.java:81)
	at com.kms.katalon.core.main.TestCaseMain.startTestSuite(TestCaseMain.java:142)
	at com.kms.katalon.core.main.TestCaseMain$startTestSuite$0.call(Unknown Source)
	at org.codehaus.groovy.runtime.callsite.CallSiteArray.defaultCall(CallSiteArray.java:48)
	at org.codehaus.groovy.runtime.callsite.AbstractCallSite.call(AbstractCallSite.java:113)
	at org.codehaus.groovy.runtime.callsite.AbstractCallSite.call(AbstractCallSite.java:141)
	at TempTestSuite1541736709639.run(TempTestSuite1541736709639.groovy:36)
	at groovy.lang.GroovyShell.runScriptOrMainOrTestOrRunnable(GroovyShell.java:263)
	at groovy.lang.GroovyShell.run(GroovyShell.java:518)
	at groovy.lang.GroovyShell.run(GroovyShell.java:507)
	at groovy.ui.GroovyMain.processOnce(GroovyMain.java:653)
	at groovy.ui.GroovyMain.run(GroovyMain.java:384)
	at groovy.ui.GroovyMain.process(GroovyMain.java:370)
	at groovy.ui.GroovyMain.processArgs(GroovyMain.java:129)
	at groovy.ui.GroovyMain.main(GroovyMain.java:109)
	at sun.reflect.NativeMethodAccessorImpl.invoke0(Native Method)
	at sun.reflect.NativeMethodAccessorImpl.invoke(NativeMethodAccessorImpl.java:62)
	at sun.reflect.DelegatingMethodAccessorImpl.invoke(DelegatingMethodAccessorImpl.java:43)
	at java.lang.reflect.Method.invoke(Method.java:498)
	at org.codehaus.groovy.tools.GroovyStarter.rootLoader(GroovyStarter.java:109)
	at org.codehaus.groovy.tools.GroovyStarter.main(GroovyStarter.java:131)
)

2018-11-09 13:05:12 - [TEST_STEP][FAILED] - callTestCase: Unable to call Test Case with id 'Test Cases/Final Aug 2018 - PKS Automation/Registration Module/Workflow/Form 1A - Cessation As Employer/Template/Form 1 A - Cessation As Employer (OTC)' (Root cause: Call Test Case 'Test Cases/Final Aug 2018 - PKS Automation/Registration Module/Workflow/Form 1A - Cessation As Employer/Template/Form 1 A - Cessation As Employer (OTC)' failed)

2018-11-09 13:05:12 - [TEST_CASE][FAILED] - Test Cases/Final Aug 2018 - PKS Automation/Registration Module/Workflow/Form 1A - Cessation As Employer/Template/Form 1 A - Cessation As Employer (OTC): Test Cases/Final Aug 2018 - PKS Automation/Registration Module/Workflow/Form 1A - Cessation As Employer/Template/Form 1 A - Cessation As Employer (OTC) FAILED because (of) (Stack trace: com.kms.katalon.core.exception.StepFailedException: Unable to click on object 'Object Repository/Final Object Repo/Page_Form 1A - Cessation As Employer/Document Type' (Root cause: org.openqa.selenium.ElementClickInterceptedException: Element <span class="select2-selection select2-selection--single"> is not clickable at point (482.4833221435547,192.64999389648438) because another element <div class="blockUI blockOverlay"> obscures it
Build info: version: '3.9.1', revision: '63f7b50', time: '2018-02-07T22:42:28.403Z'
System info: host: 'WEIZHENG', ip: '10.212.128.118', os.name: 'Windows 7', os.arch: 'amd64', os.version: '6.1', java.version: '1.8.0_181'
Driver info: com.kms.katalon.core.webui.driver.firefox.CGeckoDriver
Capabilities {acceptInsecureCerts: true, browserName: firefox, browserVersion: 63.0.1, javascriptEnabled: true, moz:accessibilityChecks: false, moz:geckodriverVersion: 0.23.0, moz:headless: false, moz:processID: 9280, moz:profile: C:\Users\Wei Zheng\AppData\..., moz:useNonSpecCompliantPointerOrigin: false, moz:webdriverClick: true, pageLoadStrategy: normal, platform: WINDOWS, platformName: WINDOWS, platformVersion: 6.1, proxy: Proxy(direct), rotatable: false, setWindowRect: true, timeouts: {implicit: 0, pageLoad: 300000, script: 30000}, unhandledPromptBehavior: dismiss and notify}
Session ID: 781cbe0e-e730-47ce-a0ef-fed0a935c1f9)
	at com.kms.katalon.core.keyword.internal.KeywordMain.stepFailed(KeywordMain.groovy:32)
	at com.kms.katalon.core.webui.keyword.internal.WebUIKeywordMain.stepFailed(WebUIKeywordMain.groovy:65)
	at com.kms.katalon.core.webui.keyword.internal.WebUIKeywordMain.runKeyword(WebUIKeywordMain.groovy:27)
	at com.kms.katalon.core.webui.keyword.builtin.ClickKeyword.click(ClickKeyword.groovy:86)
	at com.kms.katalon.core.webui.keyword.builtin.ClickKeyword.execute(ClickKeyword.groovy:67)
	at com.kms.katalon.core.keyword.internal.KeywordExecutor.executeKeywordForPlatform(KeywordExecutor.groovy:53)
	at com.kms.katalon.core.webui.keyword.WebUiBuiltInKeywords.click(WebUiBuiltInKeywords.groovy:616)
	at com.kms.katalon.core.webui.keyword.WebUiBuiltInKeywords$click$2.call(Unknown Source)
	at Script1536137325809.run(Script1536137325809.groovy:144)
	at com.kms.katalon.core.main.ScriptEngine.run(ScriptEngine.java:183)
	at com.kms.katalon.core.main.ScriptEngine.runScriptAsRawText(ScriptEngine.java:108)
	at com.kms.katalon.core.main.TestCaseExecutor.runScript(TestCaseExecutor.java:294)
	at com.kms.katalon.core.main.TestCaseExecutor.doExecute(TestCaseExecutor.java:285)
	at com.kms.katalon.core.main.TestCaseExecutor.processExecutionPhase(TestCaseExecutor.java:264)
	at com.kms.katalon.core.main.TestCaseExecutor.accessMainPhase(TestCaseExecutor.java:256)
	at com.kms.katalon.core.main.TestCaseExecutor.execute(TestCaseExecutor.java:200)
	at com.kms.katalon.core.main.TestCaseMain.runTestCase(TestCaseMain.java:99)
	at com.kms.katalon.core.keyword.builtin.CallTestCaseKeyword$_callTestCase_closure1.doCall(CallTestCaseKeyword.groovy:60)
	at com.kms.katalon.core.keyword.builtin.CallTestCaseKeyword$_callTestCase_closure1.call(CallTestCaseKeyword.groovy)
	at com.kms.katalon.core.keyword.internal.KeywordMain.runKeyword(KeywordMain.groovy:54)
	at com.kms.katalon.core.keyword.builtin.CallTestCaseKeyword.callTestCase(CallTestCaseKeyword.groovy:81)
	at com.kms.katalon.core.keyword.builtin.CallTestCaseKeyword.execute(CallTestCaseKeyword.groovy:45)
	at com.kms.katalon.core.keyword.internal.KeywordExecutor.executeKeywordForPlatform(KeywordExecutor.groovy:53)
	at com.kms.katalon.core.keyword.BuiltinKeywords.callTestCase(BuiltinKeywords.groovy:334)
	at sun.reflect.GeneratedMethodAccessor13.invoke(Unknown Source)
	at sun.reflect.DelegatingMethodAccessorImpl.invoke(DelegatingMethodAccessorImpl.java:43)
	at java.lang.reflect.Method.invoke(Method.java:498)
	at org.codehaus.groovy.reflection.CachedMethod.invoke(CachedMethod.java:93)
	at groovy.lang.MetaMethod.doMethodInvoke(MetaMethod.java:325)
	at groovy.lang.MetaClassImpl.invokeStaticMethod(MetaClassImpl.java:1469)
	at org.codehaus.groovy.runtime.callsite.StaticMetaClassSite.call(StaticMetaClassSite.java:53)
	at org.codehaus.groovy.runtime.callsite.CallSiteArray.defaultCall(CallSiteArray.java:48)
	at org.codehaus.groovy.runtime.callsite.AbstractCallSite.call(AbstractCallSite.java:113)
	at org.codehaus.groovy.runtime.callsite.AbstractCallSite.call(AbstractCallSite.java:141)
	at Script1536137656747.run(Script1536137656747.groovy:22)
	at com.kms.katalon.core.main.ScriptEngine.run(ScriptEngine.java:183)
	at com.kms.katalon.core.main.ScriptEngine.runScriptAsRawText(ScriptEngine.java:108)
	at com.kms.katalon.core.main.TestCaseExecutor.runScript(TestCaseExecutor.java:294)
	at com.kms.katalon.core.main.TestCaseExecutor.doExecute(TestCaseExecutor.java:285)
	at com.kms.katalon.core.main.TestCaseExecutor.processExecutionPhase(TestCaseExecutor.java:264)
	at com.kms.katalon.core.main.TestCaseExecutor.accessMainPhase(TestCaseExecutor.java:256)
	at com.kms.katalon.core.main.TestCaseExecutor.execute(TestCaseExecutor.java:200)
	at com.kms.katalon.core.main.TestSuiteExecutor.accessTestCaseMainPhase(TestSuiteExecutor.java:129)
	at com.kms.katalon.core.main.TestSuiteExecutor.accessTestSuiteMainPhase(TestSuiteExecutor.java:112)
	at com.kms.katalon.core.main.TestSuiteExecutor.execute(TestSuiteExecutor.java:81)
	at com.kms.katalon.core.main.TestCaseMain.startTestSuite(TestCaseMain.java:142)
	at com.kms.katalon.core.main.TestCaseMain$startTestSuite$0.call(Unknown Source)
	at org.codehaus.groovy.runtime.callsite.CallSiteArray.defaultCall(CallSiteArray.java:48)
	at org.codehaus.groovy.runtime.callsite.AbstractCallSite.call(AbstractCallSite.java:113)
	at org.codehaus.groovy.runtime.callsite.AbstractCallSite.call(AbstractCallSite.java:141)
	at TempTestSuite1541736709639.run(TempTestSuite1541736709639.groovy:36)
	at groovy.lang.GroovyShell.runScriptOrMainOrTestOrRunnable(GroovyShell.java:263)
	at groovy.lang.GroovyShell.run(GroovyShell.java:518)
	at groovy.lang.GroovyShell.run(GroovyShell.java:507)
	at groovy.ui.GroovyMain.processOnce(GroovyMain.java:653)
	at groovy.ui.GroovyMain.run(GroovyMain.java:384)
	at groovy.ui.GroovyMain.process(GroovyMain.java:370)
	at groovy.ui.GroovyMain.processArgs(GroovyMain.java:129)
	at groovy.ui.GroovyMain.main(GroovyMain.java:109)
	at sun.reflect.NativeMethodAccessorImpl.invoke0(Native Method)
	at sun.reflect.NativeMethodAccessorImpl.invoke(NativeMethodAccessorImpl.java:62)
	at sun.reflect.DelegatingMethodAccessorImpl.invoke(DelegatingMethodAccessorImpl.java:43)
	at java.lang.reflect.Method.invoke(Method.java:498)
	at org.codehaus.groovy.tools.GroovyStarter.rootLoader(GroovyStarter.java:109)
	at org.codehaus.groovy.tools.GroovyStarter.main(GroovyStarter.java:131)
)

2018-11-09 13:05:12 - [TEST_STEP][PASSED] - openBrowser: Browser is opened with url: ''

2018-11-09 13:05:12 - [MESSAGE][WARNING] - A browser is already opened. Closing browser and opening a new one

2018-11-09 13:05:17 - [MESSAGE][PASSED] - Browser is opened with url: ''

2018-11-09 13:05:17 - [TEST_STEP][PASSED] - navigateToUrl: Navigate to 'https://assist2-uat.perkeso.gov.my/login' successfully

2018-11-09 13:05:20 - [MESSAGE][PASSED] - Navigate to 'https://assist2-uat.perkeso.gov.my/login' successfully

2018-11-09 13:05:20 - [TEST_STEP][PASSED] - setText: Text 'johorotc1@gmail.com' is set on object 'Object Repository/Final Object Repo/Login Page/Internal User/Email Address'

2018-11-09 13:05:20 - [MESSAGE][PASSED] - Text 'johorotc1@gmail.com' is set on object 'Object Repository/Final Object Repo/Login Page/Internal User/Email Address'

2018-11-09 13:05:20 - [TEST_STEP][PASSED] - click: Object: 'Object Repository/Final Object Repo/Login Page/Internal User/Next Button' is clicked on

2018-11-09 13:05:20 - [MESSAGE][PASSED] - Object: 'Object Repository/Final Object Repo/Login Page/Internal User/Next Button' is clicked on

2018-11-09 13:05:20 - [TEST_STEP][PASSED] - delay: Delayed 1 second(s)

2018-11-09 13:05:21 - [MESSAGE][PASSED] - Delayed 1 second(s)

2018-11-09 13:05:21 - [TEST_STEP][PASSED] - setEncryptedText: Text ****** has been set on object 'Object Repository/Final Object Repo/Login Page/Internal User/Password'

2018-11-09 13:05:21 - [MESSAGE][PASSED] - Text ****** has been set on object 'Object Repository/Final Object Repo/Login Page/Internal User/Password'

2018-11-09 13:05:21 - [TEST_STEP][PASSED] - click: Object: 'Object Repository/Final Object Repo/Login Page/Internal User/Login Button' is clicked on

2018-11-09 13:05:24 - [MESSAGE][PASSED] - Object: 'Object Repository/Final Object Repo/Login Page/Internal User/Login Button' is clicked on

2018-11-09 13:05:24 - [TEST_STEP][PASSED] - delay: Delayed 1 second(s)

2018-11-09 13:05:25 - [MESSAGE][PASSED] - Delayed 1 second(s)

2018-11-09 13:05:25 - [TEST_STEP][PASSED] - Statement - Try: Delayed 2 second(s)

2018-11-09 13:05:25 - [TEST_STEP][PASSED] - Statement - Checker = false: null

2018-11-09 13:05:25 - [TEST_STEP][PASSED] - Statement - Checker = com.kms.katalon.core.webui.keyword.WebUiBuiltInKeywords.verifyElementHasAttribute(com.kms.katalon.core.testobject.ObjectRepository.findTestObject(Final Object Repo/Landing Page/BM Detecting), "href", 20, OPTIONAL): Object 'Object Repository/Final Object Repo/Landing Page/BM Detecting' has attribute 'href'

2018-11-09 13:05:26 - [MESSAGE][PASSED] - Object 'Object Repository/Final Object Repo/Landing Page/BM Detecting' has attribute 'href'

2018-11-09 13:05:26 - [TEST_STEP][PASSED] - Statement - out.println(Checker): null

2018-11-09 13:05:26 - [TEST_STEP][PASSED] - Statement - If (Checker == false): null

2018-11-09 13:05:26 - [TEST_STEP][PASSED] - Statement - Else: null

2018-11-09 13:05:26 - [TEST_STEP][PASSED] - delay: Delayed 2 second(s)

2018-11-09 13:05:28 - [MESSAGE][PASSED] - Delayed 2 second(s)

2018-11-09 13:05:28 - [TEST_STEP][PASSED] - navigateToUrl: Navigate to 'https://assist2-uat.perkeso.gov.my/web/registration/update/form-1a-cessation-as-employer-discontinue-business-' successfully

2018-11-09 13:05:29 - [MESSAGE][PASSED] - Navigate to 'https://assist2-uat.perkeso.gov.my/web/registration/update/form-1a-cessation-as-employer-discontinue-business-' successfully

2018-11-09 13:05:29 - [TEST_STEP][PASSED] - setText: Text 'E1102069770Z' is set on object 'Object Repository/Final Object Repo/Page_Update Employer Information/Employer Code'

2018-11-09 13:05:29 - [MESSAGE][PASSED] - Text 'E1102069770Z' is set on object 'Object Repository/Final Object Repo/Page_Update Employer Information/Employer Code'

2018-11-09 13:05:29 - [TEST_STEP][PASSED] - click: Object: 'Object Repository/Final Object Repo/Page_Update Employer Information/Search Button' is clicked on

2018-11-09 13:05:31 - [MESSAGE][PASSED] - Object: 'Object Repository/Final Object Repo/Page_Update Employer Information/Search Button' is clicked on

2018-11-09 13:05:31 - [TEST_STEP][PASSED] - click: Object: 'Object Repository/Final Object Repo/Page_Update Employer Information/Edit Button' is clicked on

2018-11-09 13:05:33 - [MESSAGE][PASSED] - Object: 'Object Repository/Final Object Repo/Page_Update Employer Information/Edit Button' is clicked on

2018-11-09 13:05:33 - [TEST_STEP][PASSED] - Statement - abc = com.kms.katalon.core.webui.keyword.WebUiBuiltInKeywords.getAttribute(com.kms.katalon.core.testobject.ObjectRepository.findTestObject(Final Object Repo/Page_Form 1A - Cessation As Employer/Employer Status), "value"): Attribute 'value' of object 'Object Repository/Final Object Repo/Page_Form 1A - Cessation As Employer/Employer Status' is: 'Dormant'

2018-11-09 13:05:33 - [MESSAGE][PASSED] - Attribute 'value' of object 'Object Repository/Final Object Repo/Page_Form 1A - Cessation As Employer/Employer Status' is: 'Dormant'

2018-11-09 13:05:33 - [TEST_STEP][PASSED] - Statement - out.println(abc): null

2018-11-09 13:05:33 - [TEST_STEP][PASSED] - Statement - If (abc == "Active"): null

2018-11-09 13:05:33 - [TEST_STEP][PASSED] - Statement - Else If (abc == "Cancel"): null

2018-11-09 13:05:33 - [TEST_STEP][PASSED] - Statement - Else If (abc == "Dormant"): Object: 'Object Repository/Final Object Repo/Page_Form 1A - Cessation As Employer/Change Employer Status to - Dormant' is clicked on

2018-11-09 13:05:33 - [TEST_STEP][PASSED] - click: Object: 'Object Repository/Final Object Repo/Page_Form 1A - Cessation As Employer/Change Employer Status to' is clicked on

2018-11-09 13:05:34 - [MESSAGE][PASSED] - Object: 'Object Repository/Final Object Repo/Page_Form 1A - Cessation As Employer/Change Employer Status to' is clicked on

2018-11-09 13:05:34 - [TEST_STEP][PASSED] - click: Object: 'Object Repository/Final Object Repo/Page_Form 1A - Cessation As Employer/Change Employer Status to - Dormant' is clicked on

2018-11-09 13:05:34 - [MESSAGE][PASSED] - Object: 'Object Repository/Final Object Repo/Page_Form 1A - Cessation As Employer/Change Employer Status to - Dormant' is clicked on

2018-11-09 13:05:34 - [TEST_STEP][PASSED] - click: Object: 'Object Repository/Final Object Repo/Page_Form 1A - Cessation As Employer/Calender' is clicked on

2018-11-09 13:05:35 - [MESSAGE][PASSED] - Object: 'Object Repository/Final Object Repo/Page_Form 1A - Cessation As Employer/Calender' is clicked on

2018-11-09 13:05:35 - [TEST_STEP][PASSED] - click: Object: 'Object Repository/Final Object Repo/Page_Form 1A - Cessation As Employer/Calender - Date' is clicked on

2018-11-09 13:05:35 - [MESSAGE][PASSED] - Object: 'Object Repository/Final Object Repo/Page_Form 1A - Cessation As Employer/Calender - Date' is clicked on

2018-11-09 13:05:35 - [TEST_STEP][PASSED] - delay: Delayed 2 second(s)

2018-11-09 13:05:37 - [MESSAGE][PASSED] - Delayed 2 second(s)

2018-11-09 13:05:37 - [TEST_STEP][PASSED] - click: Object: 'Object Repository/Final Object Repo/Page_Form 1A - Cessation As Employer/Save  Continue in Form 1A Page' is clicked on

2018-11-09 13:05:40 - [MESSAGE][PASSED] - Object: 'Object Repository/Final Object Repo/Page_Form 1A - Cessation As Employer/Save  Continue in Form 1A Page' is clicked on

2018-11-09 13:05:40 - [TEST_STEP][PASSED] - delay: Delayed 2 second(s)

2018-11-09 13:05:42 - [MESSAGE][PASSED] - Delayed 2 second(s)

2018-11-09 13:05:42 - [TEST_STEP][PASSED] - click: Object: 'Object Repository/Final Object Repo/Page_Form 1A - Cessation As Employer/Employment Resign Date' is clicked on

2018-11-09 13:05:43 - [MESSAGE][PASSED] - Object: 'Object Repository/Final Object Repo/Page_Form 1A - Cessation As Employer/Employment Resign Date' is clicked on

2018-11-09 13:05:43 - [TEST_STEP][PASSED] - delay: Delayed 1 second(s)

2018-11-09 13:05:44 - [MESSAGE][PASSED] - Delayed 1 second(s)

2018-11-09 13:05:44 - [TEST_STEP][PASSED] - Statement - CaseReferenceNo = com.kms.katalon.core.webui.keyword.WebUiBuiltInKeywords.getText(com.kms.katalon.core.testobject.ObjectRepository.findTestObject(Final Object Repo/Page_Update Employer Information/Reference Number in Update Employee Information Page)): Text of object 'Object Repository/Final Object Repo/Page_Update Employer Information/Reference Number in Update Employee Information Page' is: 'CUN112018C200001541'

2018-11-09 13:05:44 - [MESSAGE][PASSED] - Text of object 'Object Repository/Final Object Repo/Page_Update Employer Information/Reference Number in Update Employee Information Page' is: 'CUN112018C200001541'

2018-11-09 13:05:44 - [TEST_STEP][PASSED] - callTestCase: Call Test Case 'Test Cases/Final Aug 2018 - PKS Automation/Common/Reference Number Setter' successfully

2018-11-09 13:05:44 - [TEST_CASE][PASSED] - Test Cases/Final Aug 2018 - PKS Automation/Common/Reference Number Setter: Test Cases/Final Aug 2018 - PKS Automation/Common/Reference Number Setter

2018-11-09 13:05:44 - [TEST_STEP][PASSED] - Statement - RefNoOldFile = new java.io.File(C://KatalonReference.txt): null

2018-11-09 13:05:44 - [TEST_STEP][PASSED] - Statement - RefNoOldFile.delete(): null

2018-11-09 13:05:44 - [TEST_STEP][PASSED] - Statement - RefNo = new java.io.File(C://KatalonReference.txt): null

2018-11-09 13:05:44 - [TEST_STEP][PASSED] - Statement - RefNo.append(CaseReferenceNo): null

2018-11-09 13:05:44 - [TEST_STEP][PASSED] - Statement - out.println("


" + CaseReferenceNo + "


"): null

2018-11-09 13:05:44 - [MESSAGE][PASSED] - Call Test Case 'Test Cases/Final Aug 2018 - PKS Automation/Common/Reference Number Setter' successfully

2018-11-09 13:05:44 - [TEST_STEP][PASSED] - selectOptionByValue: All options with value '2030' are selected in object 'Object Repository/Final Object Repo/Page_Form 1A - Cessation As Employer/Employment Resign Date - Year' 

2018-11-09 13:05:45 - [MESSAGE][PASSED] - All options with value '2030' are selected in object 'Object Repository/Final Object Repo/Page_Form 1A - Cessation As Employer/Employment Resign Date - Year' 

2018-11-09 13:05:45 - [TEST_STEP][PASSED] - delay: Delayed 1 second(s)

2018-11-09 13:05:46 - [MESSAGE][PASSED] - Delayed 1 second(s)

2018-11-09 13:05:46 - [TEST_STEP][PASSED] - click: Object: 'Object Repository/Final Object Repo/Page_Form 1A - Cessation As Employer/Employment Resign Date - Year - Date' is clicked on

2018-11-09 13:05:46 - [MESSAGE][PASSED] - Object: 'Object Repository/Final Object Repo/Page_Form 1A - Cessation As Employer/Employment Resign Date - Year - Date' is clicked on

2018-11-09 13:05:46 - [TEST_STEP][PASSED] - delay: Delayed 2 second(s)

2018-11-09 13:05:48 - [MESSAGE][PASSED] - Delayed 2 second(s)

2018-11-09 13:05:48 - [TEST_STEP][PASSED] - click: Object: 'Object Repository/Final Object Repo/Page_Form 1A - Cessation As Employer/Save  Continue in Update Add Employee Resigned Date Page' is clicked on

2018-11-09 13:05:52 - [MESSAGE][PASSED] - Object: 'Object Repository/Final Object Repo/Page_Form 1A - Cessation As Employer/Save  Continue in Update Add Employee Resigned Date Page' is clicked on

2018-11-09 13:05:52 - [TEST_STEP][PASSED] - delay: Delayed 2 second(s)

2018-11-09 13:05:54 - [MESSAGE][PASSED] - Delayed 2 second(s)

2018-11-09 13:05:54 - [TEST_STEP][PASSED] - click: Object: 'Object Repository/Final Object Repo/Page_Form 1A - Cessation As Employer/Add Document' is clicked on

2018-11-09 13:05:54 - [MESSAGE][PASSED] - Object: 'Object Repository/Final Object Repo/Page_Form 1A - Cessation As Employer/Add Document' is clicked on

2018-11-09 13:05:54 - [TEST_STEP][PASSED] - delay: Delayed 2 second(s)

2018-11-09 13:05:56 - [MESSAGE][PASSED] - Delayed 2 second(s)

2018-11-09 13:05:56 - [TEST_STEP][FAILED] - click: Unable to click on object 'Object Repository/Final Object Repo/Page_Form 1A - Cessation As Employer/Document Type' (Root cause: org.openqa.selenium.ElementClickInterceptedException: Element <span class="select2-selection select2-selection--single"> is not clickable at point (482.4833221435547,192.64999389648438) because another element <div class="blockUI blockOverlay"> obscures it
Build info: version: '3.9.1', revision: '63f7b50', time: '2018-02-07T22:42:28.403Z'
System info: host: 'WEIZHENG', ip: '10.212.128.118', os.name: 'Windows 7', os.arch: 'amd64', os.version: '6.1', java.version: '1.8.0_181'
Driver info: com.kms.katalon.core.webui.driver.firefox.CGeckoDriver
Capabilities {acceptInsecureCerts: true, browserName: firefox, browserVersion: 63.0.1, javascriptEnabled: true, moz:accessibilityChecks: false, moz:geckodriverVersion: 0.23.0, moz:headless: false, moz:processID: 9280, moz:profile: C:\Users\Wei Zheng\AppData\..., moz:useNonSpecCompliantPointerOrigin: false, moz:webdriverClick: true, pageLoadStrategy: normal, platform: WINDOWS, platformName: WINDOWS, platformVersion: 6.1, proxy: Proxy(direct), rotatable: false, setWindowRect: true, timeouts: {implicit: 0, pageLoad: 300000, script: 30000}, unhandledPromptBehavior: dismiss and notify}
Session ID: 781cbe0e-e730-47ce-a0ef-fed0a935c1f9)

2018-11-09 13:05:57 - [MESSAGE][FAILED] - Unable to click on object 'Object Repository/Final Object Repo/Page_Form 1A - Cessation As Employer/Document Type' (Root cause: org.openqa.selenium.ElementClickInterceptedException: Element <span class="select2-selection select2-selection--single"> is not clickable at point (482.4833221435547,192.64999389648438) because another element <div class="blockUI blockOverlay"> obscures it
Build info: version: '3.9.1', revision: '63f7b50', time: '2018-02-07T22:42:28.403Z'
System info: host: 'WEIZHENG', ip: '10.212.128.118', os.name: 'Windows 7', os.arch: 'amd64', os.version: '6.1', java.version: '1.8.0_181'
Driver info: com.kms.katalon.core.webui.driver.firefox.CGeckoDriver
Capabilities {acceptInsecureCerts: true, browserName: firefox, browserVersion: 63.0.1, javascriptEnabled: true, moz:accessibilityChecks: false, moz:geckodriverVersion: 0.23.0, moz:headless: false, moz:processID: 9280, moz:profile: C:\Users\Wei Zheng\AppData\..., moz:useNonSpecCompliantPointerOrigin: false, moz:webdriverClick: true, pageLoadStrategy: normal, platform: WINDOWS, platformName: WINDOWS, platformVersion: 6.1, proxy: Proxy(direct), rotatable: false, setWindowRect: true, timeouts: {implicit: 0, pageLoad: 300000, script: 30000}, unhandledPromptBehavior: dismiss and notify}
Session ID: 781cbe0e-e730-47ce-a0ef-fed0a935c1f9)
[[ATTACHMENT|C:\\Users\\LENOVO\\Katalon Studio\\Perkeso Phase A\\Reports\\Workflow\\Form 1A - Cessation as Employer\\20181109_121149\\1541739957509.png]]

2018-11-09 13:05:57 - [TEST_STEP][PASSED] - delay: Delayed 2 second(s)

2018-11-09 13:05:59 - [MESSAGE][PASSED] - Delayed 2 second(s)

2018-11-09 13:05:59 - [TEST_STEP][FAILED] - click: Unable to click on object 'Object Repository/Final Object Repo/Page_Form 1A - Cessation As Employer/Document Type - Supporting Document For Cessation' (Root cause: com.kms.katalon.core.webui.exception.WebElementNotFoundException: Web element with id: 'Object Repository/Final Object Repo/Page_Form 1A - Cessation As Employer/Document Type - Supporting Document For Cessation' located by 'By.xpath: //span[(contains(text(), 'Supporting Document For Cessation (e.g. Form 1A)'))]' not found)

2018-11-09 13:06:31 - [MESSAGE][FAILED] - Unable to click on object 'Object Repository/Final Object Repo/Page_Form 1A - Cessation As Employer/Document Type - Supporting Document For Cessation' (Root cause: com.kms.katalon.core.webui.exception.WebElementNotFoundException: Web element with id: 'Object Repository/Final Object Repo/Page_Form 1A - Cessation As Employer/Document Type - Supporting Document For Cessation' located by 'By.xpath: //span[(contains(text(), 'Supporting Document For Cessation (e.g. Form 1A)'))]' not found)
[[ATTACHMENT|C:\\Users\\LENOVO\\Katalon Studio\\Perkeso Phase A\\Reports\\Workflow\\Form 1A - Cessation as Employer\\20181109_121149\\1541739991829.png]]

2018-11-09 13:06:31 - [TEST_STEP][PASSED] - delay: Delayed 2 second(s)

2018-11-09 13:06:33 - [MESSAGE][PASSED] - Delayed 2 second(s)

2018-11-09 13:06:33 - [TEST_STEP][PASSED] - sendKeys: Keys 'C:\Users\Public\Pictures\Sample Pictures\Act.jpg' sent to object: 'Object Repository/Final Object Repo/Page_Form 1A - Cessation As Employer/Uploading File'

2018-11-09 13:06:34 - [MESSAGE][PASSED] - Keys 'C:\Users\Public\Pictures\Sample Pictures\Act.jpg' sent to object: 'Object Repository/Final Object Repo/Page_Form 1A - Cessation As Employer/Uploading File'

2018-11-09 13:06:34 - [TEST_STEP][PASSED] - delay: Delayed 2 second(s)

2018-11-09 13:06:36 - [MESSAGE][PASSED] - Delayed 2 second(s)

2018-11-09 13:06:36 - [TEST_STEP][PASSED] - click: Object: 'Object Repository/Final Object Repo/Page_Form 1A - Cessation As Employer/Add Document in Uploading Page' is clicked on

2018-11-09 13:06:36 - [MESSAGE][PASSED] - Object: 'Object Repository/Final Object Repo/Page_Form 1A - Cessation As Employer/Add Document in Uploading Page' is clicked on

2018-11-09 13:06:36 - [TEST_STEP][PASSED] - delay: Delayed 20 second(s)

2018-11-09 13:06:56 - [MESSAGE][PASSED] - Delayed 20 second(s)

2018-11-09 13:06:56 - [TEST_STEP][FAILED] - click: Unable to click on object 'Object Repository/Final Object Repo/Page_Form 1A - Cessation As Employer/Save  Continue in Uploading Page' (Root cause: org.openqa.selenium.ElementClickInterceptedException: Element <a id="_searchforemployer_WAR_registrationportlet_saveNContinueFormBtnId" class="btn btn-lg blueBtn col-md-2 pull-right" href="https://assist2-uat.perkeso.gov.my/web/registration/update/form-1a-cessation-as-employer-discontinue-business-?p_auth=LesHo7Tr&p_p_id=searchforemployer_WAR_registrationportlet&p_p_lifecycle=1&p_p_state=normal&p_p_mode=view&p_p_col_id=column-1&p_p_col_count=1&_searchforemployer_WAR_registrationportlet_javax.portlet.action=exeAction&_searchforemployer_WAR_registrationportlet_mvcPath=%2Fapps%2Freg%2Fdiscontinue_business%2Fdiscontinue_business_preview.jsp&_searchforemployer_WAR_registrationportlet_browserIdKey=1541739928720"> is not clickable at point (1150.3749542236328,625.933349609375) because another element <div id="yui_patched_v3_11_0_1_1541739951682_409" class="col-md-12"> obscures it
Build info: version: '3.9.1', revision: '63f7b50', time: '2018-02-07T22:42:28.403Z'
System info: host: 'WEIZHENG', ip: '10.212.128.118', os.name: 'Windows 7', os.arch: 'amd64', os.version: '6.1', java.version: '1.8.0_181'
Driver info: com.kms.katalon.core.webui.driver.firefox.CGeckoDriver
Capabilities {acceptInsecureCerts: true, browserName: firefox, browserVersion: 63.0.1, javascriptEnabled: true, moz:accessibilityChecks: false, moz:geckodriverVersion: 0.23.0, moz:headless: false, moz:processID: 9280, moz:profile: C:\Users\Wei Zheng\AppData\..., moz:useNonSpecCompliantPointerOrigin: false, moz:webdriverClick: true, pageLoadStrategy: normal, platform: WINDOWS, platformName: WINDOWS, platformVersion: 6.1, proxy: Proxy(direct), rotatable: false, setWindowRect: true, timeouts: {implicit: 0, pageLoad: 300000, script: 30000}, unhandledPromptBehavior: dismiss and notify}
Session ID: 781cbe0e-e730-47ce-a0ef-fed0a935c1f9)

2018-11-09 13:06:56 - [MESSAGE][FAILED] - Unable to click on object 'Object Repository/Final Object Repo/Page_Form 1A - Cessation As Employer/Save  Continue in Uploading Page' (Root cause: org.openqa.selenium.ElementClickInterceptedException: Element <a id="_searchforemployer_WAR_registrationportlet_saveNContinueFormBtnId" class="btn btn-lg blueBtn col-md-2 pull-right" href="https://assist2-uat.perkeso.gov.my/web/registration/update/form-1a-cessation-as-employer-discontinue-business-?p_auth=LesHo7Tr&p_p_id=searchforemployer_WAR_registrationportlet&p_p_lifecycle=1&p_p_state=normal&p_p_mode=view&p_p_col_id=column-1&p_p_col_count=1&_searchforemployer_WAR_registrationportlet_javax.portlet.action=exeAction&_searchforemployer_WAR_registrationportlet_mvcPath=%2Fapps%2Freg%2Fdiscontinue_business%2Fdiscontinue_business_preview.jsp&_searchforemployer_WAR_registrationportlet_browserIdKey=1541739928720"> is not clickable at point (1150.3749542236328,625.933349609375) because another element <div id="yui_patched_v3_11_0_1_1541739951682_409" class="col-md-12"> obscures it
Build info: version: '3.9.1', revision: '63f7b50', time: '2018-02-07T22:42:28.403Z'
System info: host: 'WEIZHENG', ip: '10.212.128.118', os.name: 'Windows 7', os.arch: 'amd64', os.version: '6.1', java.version: '1.8.0_181'
Driver info: com.kms.katalon.core.webui.driver.firefox.CGeckoDriver
Capabilities {acceptInsecureCerts: true, browserName: firefox, browserVersion: 63.0.1, javascriptEnabled: true, moz:accessibilityChecks: false, moz:geckodriverVersion: 0.23.0, moz:headless: false, moz:processID: 9280, moz:profile: C:\Users\Wei Zheng\AppData\..., moz:useNonSpecCompliantPointerOrigin: false, moz:webdriverClick: true, pageLoadStrategy: normal, platform: WINDOWS, platformName: WINDOWS, platformVersion: 6.1, proxy: Proxy(direct), rotatable: false, setWindowRect: true, timeouts: {implicit: 0, pageLoad: 300000, script: 30000}, unhandledPromptBehavior: dismiss and notify}
Session ID: 781cbe0e-e730-47ce-a0ef-fed0a935c1f9)
[[ATTACHMENT|C:\\Users\\LENOVO\\Katalon Studio\\Perkeso Phase A\\Reports\\Workflow\\Form 1A - Cessation as Employer\\20181109_121149\\1541740016405.png]]

2018-11-09 13:06:56 - [TEST_STEP][PASSED] - delay: Delayed 2 second(s)

2018-11-09 13:06:58 - [MESSAGE][PASSED] - Delayed 2 second(s)

2018-11-09 13:06:58 - [TEST_STEP][FAILED] - click: Unable to click on object 'Object Repository/Final Object Repo/Page_Form 1A - Cessation As Employer/Submit2' (Root cause: com.kms.katalon.core.webui.exception.WebElementNotFoundException: Web element with id: 'Object Repository/Final Object Repo/Page_Form 1A - Cessation As Employer/Submit2' located by 'By.xpath: //a[(text() = '
							SUBMIT
		            	' or . = '
							SUBMIT
		            	')]' not found)

2018-11-09 13:07:36 - [MESSAGE][FAILED] - Unable to click on object 'Object Repository/Final Object Repo/Page_Form 1A - Cessation As Employer/Submit2' (Root cause: com.kms.katalon.core.webui.exception.WebElementNotFoundException: Web element with id: 'Object Repository/Final Object Repo/Page_Form 1A - Cessation As Employer/Submit2' located by 'By.xpath: //a[(text() = '
							SUBMIT
		            	' or . = '
							SUBMIT
		            	')]' not found)
[[ATTACHMENT|C:\\Users\\LENOVO\\Katalon Studio\\Perkeso Phase A\\Reports\\Workflow\\Form 1A - Cessation as Employer\\20181109_121149\\1541740056358.png]]

2018-11-09 13:07:36 - [TEST_STEP][PASSED] - delay: Delayed 2 second(s)

2018-11-09 13:07:38 - [MESSAGE][PASSED] - Delayed 2 second(s)

2018-11-09 13:07:38 - [TEST_STEP][FAILED] - click: Unable to click on object 'Object Repository/Final Object Repo/Page_Form 1A - Cessation As Employer/Confirm' (Root cause: com.kms.katalon.core.webui.exception.WebElementNotFoundException: Web element with id: 'Object Repository/Final Object Repo/Page_Form 1A - Cessation As Employer/Confirm' located by 'By.xpath: //span[(text() = 'CONFIRM' or . = 'CONFIRM')]' not found)

2018-11-09 13:08:11 - [MESSAGE][FAILED] - Unable to click on object 'Object Repository/Final Object Repo/Page_Form 1A - Cessation As Employer/Confirm' (Root cause: com.kms.katalon.core.webui.exception.WebElementNotFoundException: Web element with id: 'Object Repository/Final Object Repo/Page_Form 1A - Cessation As Employer/Confirm' located by 'By.xpath: //span[(text() = 'CONFIRM' or . = 'CONFIRM')]' not found)
[[ATTACHMENT|C:\\Users\\LENOVO\\Katalon Studio\\Perkeso Phase A\\Reports\\Workflow\\Form 1A - Cessation as Employer\\20181109_121149\\1541740090947.png]]

2018-11-09 13:08:11 - [TEST_STEP][PASSED] - delay: Delayed 2 second(s)

2018-11-09 13:08:13 - [MESSAGE][PASSED] - Delayed 2 second(s)

2018-11-09 13:08:13 - [TEST_STEP][FAILED] - verifyElementVisible: Web element with id: 'Object Repository/Final Object Repo/Page_Form 1A - Cessation As Employer/Message Your Request will be routed to UO' located by 'By.xpath: //div[(text() = '
			    			
			    			
			    			
			    			
			    				Your Request will be routed to 
			    				UO
			    			
			    			
			    			









































































' or . = '
			    			
			    			
			    			
			    			
			    				Your Request will be routed to 
			    				UO
			    			
			    			
			    			









































































')]' not found

2018-11-09 13:08:46 - [MESSAGE][FAILED] - Web element with id: 'Object Repository/Final Object Repo/Page_Form 1A - Cessation As Employer/Message Your Request will be routed to UO' located by 'By.xpath: //div[(text() = '
			    			
			    			
			    			
			    			
			    				Your Request will be routed to 
			    				UO
			    			
			    			
			    			









































































' or . = '
			    			
			    			
			    			
			    			
			    				Your Request will be routed to 
			    				UO
			    			
			    			
			    			









































































')]' not found
[[ATTACHMENT|C:\\Users\\LENOVO\\Katalon Studio\\Perkeso Phase A\\Reports\\Workflow\\Form 1A - Cessation as Employer\\20181109_121149\\1541740126600.png]]

2018-11-09 13:08:46 - [TEST_STEP][PASSED] - delay: Delayed 1 second(s)

2018-11-09 13:08:47 - [MESSAGE][PASSED] - Delayed 1 second(s)

2018-11-09 13:08:47 - [TEST_STEP][FAILED] - verifyElementVisible: Web element with id: 'Object Repository/Final Object Repo/Page_Form 1A - Cessation As Employer/Letter of acknowledgement' located by 'By.xpath: //a[(text() = '
							 
							Letter of acknowledgement.pdf
						' or . = '
							 
							Letter of acknowledgement.pdf
						')]' not found

2018-11-09 13:09:21 - [MESSAGE][FAILED] - Web element with id: 'Object Repository/Final Object Repo/Page_Form 1A - Cessation As Employer/Letter of acknowledgement' located by 'By.xpath: //a[(text() = '
							 
							Letter of acknowledgement.pdf
						' or . = '
							 
							Letter of acknowledgement.pdf
						')]' not found
[[ATTACHMENT|C:\\Users\\LENOVO\\Katalon Studio\\Perkeso Phase A\\Reports\\Workflow\\Form 1A - Cessation as Employer\\20181109_121149\\1541740161650.png]]

2018-11-09 13:09:21 - [MESSAGE][FAILED] - Unable to call Test Case with id 'Test Cases/Final Aug 2018 - PKS Automation/Registration Module/Workflow/Form 1A - Cessation As Employer/Template/Form 1 A - Cessation As Employer (OTC)' (Root cause: Call Test Case 'Test Cases/Final Aug 2018 - PKS Automation/Registration Module/Workflow/Form 1A - Cessation As Employer/Template/Form 1 A - Cessation As Employer (OTC)' failed)]]></system-out>
         <system-err><![CDATA[2018-11-09 13:05:12 - [TEST_CASE][FAILED] - Test Cases/Final Aug 2018 - PKS Automation/Registration Module/Workflow/Form 1A - Cessation As Employer/OTC to UO (Reject): Test Cases/Final Aug 2018 - PKS Automation/Registration Module/Workflow/Form 1A - Cessation As Employer/OTC to UO (Reject) FAILED because (of) (Stack trace: com.kms.katalon.core.exception.StepFailedException: Unable to click on object 'Object Repository/Final Object Repo/Page_Form 1A - Cessation As Employer/Document Type' (Root cause: org.openqa.selenium.ElementClickInterceptedException: Element <span class="select2-selection select2-selection--single"> is not clickable at point (482.4833221435547,192.64999389648438) because another element <div class="blockUI blockOverlay"> obscures it
Build info: version: '3.9.1', revision: '63f7b50', time: '2018-02-07T22:42:28.403Z'
System info: host: 'WEIZHENG', ip: '10.212.128.118', os.name: 'Windows 7', os.arch: 'amd64', os.version: '6.1', java.version: '1.8.0_181'
Driver info: com.kms.katalon.core.webui.driver.firefox.CGeckoDriver
Capabilities {acceptInsecureCerts: true, browserName: firefox, browserVersion: 63.0.1, javascriptEnabled: true, moz:accessibilityChecks: false, moz:geckodriverVersion: 0.23.0, moz:headless: false, moz:processID: 9280, moz:profile: C:\Users\Wei Zheng\AppData\..., moz:useNonSpecCompliantPointerOrigin: false, moz:webdriverClick: true, pageLoadStrategy: normal, platform: WINDOWS, platformName: WINDOWS, platformVersion: 6.1, proxy: Proxy(direct), rotatable: false, setWindowRect: true, timeouts: {implicit: 0, pageLoad: 300000, script: 30000}, unhandledPromptBehavior: dismiss and notify}
Session ID: 781cbe0e-e730-47ce-a0ef-fed0a935c1f9)
	at com.kms.katalon.core.keyword.internal.KeywordMain.stepFailed(KeywordMain.groovy:32)
	at com.kms.katalon.core.webui.keyword.internal.WebUIKeywordMain.stepFailed(WebUIKeywordMain.groovy:65)
	at com.kms.katalon.core.webui.keyword.internal.WebUIKeywordMain.runKeyword(WebUIKeywordMain.groovy:27)
	at com.kms.katalon.core.webui.keyword.builtin.ClickKeyword.click(ClickKeyword.groovy:86)
	at com.kms.katalon.core.webui.keyword.builtin.ClickKeyword.execute(ClickKeyword.groovy:67)
	at com.kms.katalon.core.keyword.internal.KeywordExecutor.executeKeywordForPlatform(KeywordExecutor.groovy:53)
	at com.kms.katalon.core.webui.keyword.WebUiBuiltInKeywords.click(WebUiBuiltInKeywords.groovy:616)
	at com.kms.katalon.core.webui.keyword.WebUiBuiltInKeywords$click$2.call(Unknown Source)
	at Script1536137325809.run(Script1536137325809.groovy:144)
	at com.kms.katalon.core.main.ScriptEngine.run(ScriptEngine.java:183)
	at com.kms.katalon.core.main.ScriptEngine.runScriptAsRawText(ScriptEngine.java:108)
	at com.kms.katalon.core.main.TestCaseExecutor.runScript(TestCaseExecutor.java:294)
	at com.kms.katalon.core.main.TestCaseExecutor.doExecute(TestCaseExecutor.java:285)
	at com.kms.katalon.core.main.TestCaseExecutor.processExecutionPhase(TestCaseExecutor.java:264)
	at com.kms.katalon.core.main.TestCaseExecutor.accessMainPhase(TestCaseExecutor.java:256)
	at com.kms.katalon.core.main.TestCaseExecutor.execute(TestCaseExecutor.java:200)
	at com.kms.katalon.core.main.TestCaseMain.runTestCase(TestCaseMain.java:99)
	at com.kms.katalon.core.keyword.builtin.CallTestCaseKeyword$_callTestCase_closure1.doCall(CallTestCaseKeyword.groovy:60)
	at com.kms.katalon.core.keyword.builtin.CallTestCaseKeyword$_callTestCase_closure1.call(CallTestCaseKeyword.groovy)
	at com.kms.katalon.core.keyword.internal.KeywordMain.runKeyword(KeywordMain.groovy:54)
	at com.kms.katalon.core.keyword.builtin.CallTestCaseKeyword.callTestCase(CallTestCaseKeyword.groovy:81)
	at com.kms.katalon.core.keyword.builtin.CallTestCaseKeyword.execute(CallTestCaseKeyword.groovy:45)
	at com.kms.katalon.core.keyword.internal.KeywordExecutor.executeKeywordForPlatform(KeywordExecutor.groovy:53)
	at com.kms.katalon.core.keyword.BuiltinKeywords.callTestCase(BuiltinKeywords.groovy:334)
	at sun.reflect.GeneratedMethodAccessor13.invoke(Unknown Source)
	at sun.reflect.DelegatingMethodAccessorImpl.invoke(DelegatingMethodAccessorImpl.java:43)
	at java.lang.reflect.Method.invoke(Method.java:498)
	at org.codehaus.groovy.reflection.CachedMethod.invoke(CachedMethod.java:93)
	at groovy.lang.MetaMethod.doMethodInvoke(MetaMethod.java:325)
	at groovy.lang.MetaClassImpl.invokeStaticMethod(MetaClassImpl.java:1469)
	at org.codehaus.groovy.runtime.callsite.StaticMetaClassSite.call(StaticMetaClassSite.java:53)
	at org.codehaus.groovy.runtime.callsite.CallSiteArray.defaultCall(CallSiteArray.java:48)
	at org.codehaus.groovy.runtime.callsite.AbstractCallSite.call(AbstractCallSite.java:113)
	at org.codehaus.groovy.runtime.callsite.AbstractCallSite.call(AbstractCallSite.java:141)
	at Script1536137656747.run(Script1536137656747.groovy:22)
	at com.kms.katalon.core.main.ScriptEngine.run(ScriptEngine.java:183)
	at com.kms.katalon.core.main.ScriptEngine.runScriptAsRawText(ScriptEngine.java:108)
	at com.kms.katalon.core.main.TestCaseExecutor.runScript(TestCaseExecutor.java:294)
	at com.kms.katalon.core.main.TestCaseExecutor.doExecute(TestCaseExecutor.java:285)
	at com.kms.katalon.core.main.TestCaseExecutor.processExecutionPhase(TestCaseExecutor.java:264)
	at com.kms.katalon.core.main.TestCaseExecutor.accessMainPhase(TestCaseExecutor.java:256)
	at com.kms.katalon.core.main.TestCaseExecutor.execute(TestCaseExecutor.java:200)
	at com.kms.katalon.core.main.TestSuiteExecutor.accessTestCaseMainPhase(TestSuiteExecutor.java:129)
	at com.kms.katalon.core.main.TestSuiteExecutor.accessTestSuiteMainPhase(TestSuiteExecutor.java:112)
	at com.kms.katalon.core.main.TestSuiteExecutor.execute(TestSuiteExecutor.java:81)
	at com.kms.katalon.core.main.TestCaseMain.startTestSuite(TestCaseMain.java:142)
	at com.kms.katalon.core.main.TestCaseMain$startTestSuite$0.call(Unknown Source)
	at org.codehaus.groovy.runtime.callsite.CallSiteArray.defaultCall(CallSiteArray.java:48)
	at org.codehaus.groovy.runtime.callsite.AbstractCallSite.call(AbstractCallSite.java:113)
	at org.codehaus.groovy.runtime.callsite.AbstractCallSite.call(AbstractCallSite.java:141)
	at TempTestSuite1541736709639.run(TempTestSuite1541736709639.groovy:36)
	at groovy.lang.GroovyShell.runScriptOrMainOrTestOrRunnable(GroovyShell.java:263)
	at groovy.lang.GroovyShell.run(GroovyShell.java:518)
	at groovy.lang.GroovyShell.run(GroovyShell.java:507)
	at groovy.ui.GroovyMain.processOnce(GroovyMain.java:653)
	at groovy.ui.GroovyMain.run(GroovyMain.java:384)
	at groovy.ui.GroovyMain.process(GroovyMain.java:370)
	at groovy.ui.GroovyMain.processArgs(GroovyMain.java:129)
	at groovy.ui.GroovyMain.main(GroovyMain.java:109)
	at sun.reflect.NativeMethodAccessorImpl.invoke0(Native Method)
	at sun.reflect.NativeMethodAccessorImpl.invoke(NativeMethodAccessorImpl.java:62)
	at sun.reflect.DelegatingMethodAccessorImpl.invoke(DelegatingMethodAccessorImpl.java:43)
	at java.lang.reflect.Method.invoke(Method.java:498)
	at org.codehaus.groovy.tools.GroovyStarter.rootLoader(GroovyStarter.java:109)
	at org.codehaus.groovy.tools.GroovyStarter.main(GroovyStarter.java:131)
)]]></system-err>
      </testcase>
      <testcase name="Test Cases/Final Aug 2018 - PKS Automation/Registration Module/Workflow/Form 1A - Cessation As Employer/OTC to UO (Under enforcement)" classname="Test Cases/Final Aug 2018 - PKS Automation/Registration Module/Workflow/Form 1A - Cessation As Employer/OTC to UO (Under enforcement)" status="FAILED">
         <failure type="FAILED" message="(Stack trace: com.kms.katalon.core.exception.StepFailedException: Unable to click on object 'Object Repository/Final Object Repo/Page_Form 1A - Cessation As Employer/Document Type' (Root cause: org.openqa.selenium.ElementClickInterceptedException: Element &lt;span class=&quot;select2-selection select2-selection--single&quot;> is not clickable at point (482.4833221435547,193.71665954589844) because another element &lt;div class=&quot;blockUI blockOverlay&quot;> obscures it
Build info: version: '3.9.1', revision: '63f7b50', time: '2018-02-07T22:42:28.403Z'
System info: host: 'WEIZHENG', ip: '10.212.128.118', os.name: 'Windows 7', os.arch: 'amd64', os.version: '6.1', java.version: '1.8.0_181'
Driver info: com.kms.katalon.core.webui.driver.firefox.CGeckoDriver
Capabilities {acceptInsecureCerts: true, browserName: firefox, browserVersion: 63.0.1, javascriptEnabled: true, moz:accessibilityChecks: false, moz:geckodriverVersion: 0.23.0, moz:headless: false, moz:processID: 9796, moz:profile: C:\Users\Wei Zheng\AppData\..., moz:useNonSpecCompliantPointerOrigin: false, moz:webdriverClick: true, pageLoadStrategy: normal, platform: WINDOWS, platformName: WINDOWS, platformVersion: 6.1, proxy: Proxy(direct), rotatable: false, setWindowRect: true, timeouts: {implicit: 0, pageLoad: 300000, script: 30000}, unhandledPromptBehavior: dismiss and notify}
Session ID: 01e1cd95-1617-4b2a-a2e6-6b793459abd8)
	at com.kms.katalon.core.keyword.internal.KeywordMain.stepFailed(KeywordMain.groovy:32)
	at com.kms.katalon.core.webui.keyword.internal.WebUIKeywordMain.stepFailed(WebUIKeywordMain.groovy:65)
	at com.kms.katalon.core.webui.keyword.internal.WebUIKeywordMain.runKeyword(WebUIKeywordMain.groovy:27)
	at com.kms.katalon.core.webui.keyword.builtin.ClickKeyword.click(ClickKeyword.groovy:86)
	at com.kms.katalon.core.webui.keyword.builtin.ClickKeyword.execute(ClickKeyword.groovy:67)
	at com.kms.katalon.core.keyword.internal.KeywordExecutor.executeKeywordForPlatform(KeywordExecutor.groovy:53)
	at com.kms.katalon.core.webui.keyword.WebUiBuiltInKeywords.click(WebUiBuiltInKeywords.groovy:616)
	at com.kms.katalon.core.webui.keyword.WebUiBuiltInKeywords$click$2.call(Unknown Source)
	at Script1536137325809.run(Script1536137325809.groovy:144)
	at com.kms.katalon.core.main.ScriptEngine.run(ScriptEngine.java:183)
	at com.kms.katalon.core.main.ScriptEngine.runScriptAsRawText(ScriptEngine.java:108)
	at com.kms.katalon.core.main.TestCaseExecutor.runScript(TestCaseExecutor.java:294)
	at com.kms.katalon.core.main.TestCaseExecutor.doExecute(TestCaseExecutor.java:285)
	at com.kms.katalon.core.main.TestCaseExecutor.processExecutionPhase(TestCaseExecutor.java:264)
	at com.kms.katalon.core.main.TestCaseExecutor.accessMainPhase(TestCaseExecutor.java:256)
	at com.kms.katalon.core.main.TestCaseExecutor.execute(TestCaseExecutor.java:200)
	at com.kms.katalon.core.main.TestCaseMain.runTestCase(TestCaseMain.java:99)
	at com.kms.katalon.core.keyword.builtin.CallTestCaseKeyword$_callTestCase_closure1.doCall(CallTestCaseKeyword.groovy:60)
	at com.kms.katalon.core.keyword.builtin.CallTestCaseKeyword$_callTestCase_closure1.call(CallTestCaseKeyword.groovy)
	at com.kms.katalon.core.keyword.internal.KeywordMain.runKeyword(KeywordMain.groovy:54)
	at com.kms.katalon.core.keyword.builtin.CallTestCaseKeyword.callTestCase(CallTestCaseKeyword.groovy:81)
	at com.kms.katalon.core.keyword.builtin.CallTestCaseKeyword.execute(CallTestCaseKeyword.groovy:45)
	at com.kms.katalon.core.keyword.internal.KeywordExecutor.executeKeywordForPlatform(KeywordExecutor.groovy:53)
	at com.kms.katalon.core.keyword.BuiltinKeywords.callTestCase(BuiltinKeywords.groovy:334)
	at sun.reflect.GeneratedMethodAccessor13.invoke(Unknown Source)
	at sun.reflect.DelegatingMethodAccessorImpl.invoke(DelegatingMethodAccessorImpl.java:43)
	at java.lang.reflect.Method.invoke(Method.java:498)
	at org.codehaus.groovy.reflection.CachedMethod.invoke(CachedMethod.java:93)
	at groovy.lang.MetaMethod.doMethodInvoke(MetaMethod.java:325)
	at groovy.lang.MetaClassImpl.invokeStaticMethod(MetaClassImpl.java:1469)
	at org.codehaus.groovy.runtime.callsite.StaticMetaClassSite.call(StaticMetaClassSite.java:53)
	at org.codehaus.groovy.runtime.callsite.CallSiteArray.defaultCall(CallSiteArray.java:48)
	at org.codehaus.groovy.runtime.callsite.AbstractCallSite.call(AbstractCallSite.java:113)
	at org.codehaus.groovy.runtime.callsite.AbstractCallSite.call(AbstractCallSite.java:141)
	at Script1536137757694.run(Script1536137757694.groovy:22)
	at com.kms.katalon.core.main.ScriptEngine.run(ScriptEngine.java:183)
	at com.kms.katalon.core.main.ScriptEngine.runScriptAsRawText(ScriptEngine.java:108)
	at com.kms.katalon.core.main.TestCaseExecutor.runScript(TestCaseExecutor.java:294)
	at com.kms.katalon.core.main.TestCaseExecutor.doExecute(TestCaseExecutor.java:285)
	at com.kms.katalon.core.main.TestCaseExecutor.processExecutionPhase(TestCaseExecutor.java:264)
	at com.kms.katalon.core.main.TestCaseExecutor.accessMainPhase(TestCaseExecutor.java:256)
	at com.kms.katalon.core.main.TestCaseExecutor.execute(TestCaseExecutor.java:200)
	at com.kms.katalon.core.main.TestSuiteExecutor.accessTestCaseMainPhase(TestSuiteExecutor.java:129)
	at com.kms.katalon.core.main.TestSuiteExecutor.accessTestSuiteMainPhase(TestSuiteExecutor.java:112)
	at com.kms.katalon.core.main.TestSuiteExecutor.execute(TestSuiteExecutor.java:81)
	at com.kms.katalon.core.main.TestCaseMain.startTestSuite(TestCaseMain.java:142)
	at com.kms.katalon.core.main.TestCaseMain$startTestSuite$0.call(Unknown Source)
	at org.codehaus.groovy.runtime.callsite.CallSiteArray.defaultCall(CallSiteArray.java:48)
	at org.codehaus.groovy.runtime.callsite.AbstractCallSite.call(AbstractCallSite.java:113)
	at org.codehaus.groovy.runtime.callsite.AbstractCallSite.call(AbstractCallSite.java:141)
	at TempTestSuite1541736709639.run(TempTestSuite1541736709639.groovy:36)
	at groovy.lang.GroovyShell.runScriptOrMainOrTestOrRunnable(GroovyShell.java:263)
	at groovy.lang.GroovyShell.run(GroovyShell.java:518)
	at groovy.lang.GroovyShell.run(GroovyShell.java:507)
	at groovy.ui.GroovyMain.processOnce(GroovyMain.java:653)
	at groovy.ui.GroovyMain.run(GroovyMain.java:384)
	at groovy.ui.GroovyMain.process(GroovyMain.java:370)
	at groovy.ui.GroovyMain.processArgs(GroovyMain.java:129)
	at groovy.ui.GroovyMain.main(GroovyMain.java:109)
	at sun.reflect.NativeMethodAccessorImpl.invoke0(Native Method)
	at sun.reflect.NativeMethodAccessorImpl.invoke(NativeMethodAccessorImpl.java:62)
	at sun.reflect.DelegatingMethodAccessorImpl.invoke(DelegatingMethodAccessorImpl.java:43)
	at java.lang.reflect.Method.invoke(Method.java:498)
	at org.codehaus.groovy.tools.GroovyStarter.rootLoader(GroovyStarter.java:109)
	at org.codehaus.groovy.tools.GroovyStarter.main(GroovyStarter.java:131)
)"/>
         <system-out><![CDATA[2018-11-09 13:09:21 - [TEST_CASE][FAILED] - Test Cases/Final Aug 2018 - PKS Automation/Registration Module/Workflow/Form 1A - Cessation As Employer/OTC to UO (Under enforcement): Test Cases/Final Aug 2018 - PKS Automation/Registration Module/Workflow/Form 1A - Cessation As Employer/OTC to UO (Under enforcement) FAILED because (of) (Stack trace: com.kms.katalon.core.exception.StepFailedException: Unable to click on object 'Object Repository/Final Object Repo/Page_Form 1A - Cessation As Employer/Document Type' (Root cause: org.openqa.selenium.ElementClickInterceptedException: Element <span class="select2-selection select2-selection--single"> is not clickable at point (482.4833221435547,193.71665954589844) because another element <div class="blockUI blockOverlay"> obscures it
Build info: version: '3.9.1', revision: '63f7b50', time: '2018-02-07T22:42:28.403Z'
System info: host: 'WEIZHENG', ip: '10.212.128.118', os.name: 'Windows 7', os.arch: 'amd64', os.version: '6.1', java.version: '1.8.0_181'
Driver info: com.kms.katalon.core.webui.driver.firefox.CGeckoDriver
Capabilities {acceptInsecureCerts: true, browserName: firefox, browserVersion: 63.0.1, javascriptEnabled: true, moz:accessibilityChecks: false, moz:geckodriverVersion: 0.23.0, moz:headless: false, moz:processID: 9796, moz:profile: C:\Users\Wei Zheng\AppData\..., moz:useNonSpecCompliantPointerOrigin: false, moz:webdriverClick: true, pageLoadStrategy: normal, platform: WINDOWS, platformName: WINDOWS, platformVersion: 6.1, proxy: Proxy(direct), rotatable: false, setWindowRect: true, timeouts: {implicit: 0, pageLoad: 300000, script: 30000}, unhandledPromptBehavior: dismiss and notify}
Session ID: 01e1cd95-1617-4b2a-a2e6-6b793459abd8)
	at com.kms.katalon.core.keyword.internal.KeywordMain.stepFailed(KeywordMain.groovy:32)
	at com.kms.katalon.core.webui.keyword.internal.WebUIKeywordMain.stepFailed(WebUIKeywordMain.groovy:65)
	at com.kms.katalon.core.webui.keyword.internal.WebUIKeywordMain.runKeyword(WebUIKeywordMain.groovy:27)
	at com.kms.katalon.core.webui.keyword.builtin.ClickKeyword.click(ClickKeyword.groovy:86)
	at com.kms.katalon.core.webui.keyword.builtin.ClickKeyword.execute(ClickKeyword.groovy:67)
	at com.kms.katalon.core.keyword.internal.KeywordExecutor.executeKeywordForPlatform(KeywordExecutor.groovy:53)
	at com.kms.katalon.core.webui.keyword.WebUiBuiltInKeywords.click(WebUiBuiltInKeywords.groovy:616)
	at com.kms.katalon.core.webui.keyword.WebUiBuiltInKeywords$click$2.call(Unknown Source)
	at Script1536137325809.run(Script1536137325809.groovy:144)
	at com.kms.katalon.core.main.ScriptEngine.run(ScriptEngine.java:183)
	at com.kms.katalon.core.main.ScriptEngine.runScriptAsRawText(ScriptEngine.java:108)
	at com.kms.katalon.core.main.TestCaseExecutor.runScript(TestCaseExecutor.java:294)
	at com.kms.katalon.core.main.TestCaseExecutor.doExecute(TestCaseExecutor.java:285)
	at com.kms.katalon.core.main.TestCaseExecutor.processExecutionPhase(TestCaseExecutor.java:264)
	at com.kms.katalon.core.main.TestCaseExecutor.accessMainPhase(TestCaseExecutor.java:256)
	at com.kms.katalon.core.main.TestCaseExecutor.execute(TestCaseExecutor.java:200)
	at com.kms.katalon.core.main.TestCaseMain.runTestCase(TestCaseMain.java:99)
	at com.kms.katalon.core.keyword.builtin.CallTestCaseKeyword$_callTestCase_closure1.doCall(CallTestCaseKeyword.groovy:60)
	at com.kms.katalon.core.keyword.builtin.CallTestCaseKeyword$_callTestCase_closure1.call(CallTestCaseKeyword.groovy)
	at com.kms.katalon.core.keyword.internal.KeywordMain.runKeyword(KeywordMain.groovy:54)
	at com.kms.katalon.core.keyword.builtin.CallTestCaseKeyword.callTestCase(CallTestCaseKeyword.groovy:81)
	at com.kms.katalon.core.keyword.builtin.CallTestCaseKeyword.execute(CallTestCaseKeyword.groovy:45)
	at com.kms.katalon.core.keyword.internal.KeywordExecutor.executeKeywordForPlatform(KeywordExecutor.groovy:53)
	at com.kms.katalon.core.keyword.BuiltinKeywords.callTestCase(BuiltinKeywords.groovy:334)
	at sun.reflect.GeneratedMethodAccessor13.invoke(Unknown Source)
	at sun.reflect.DelegatingMethodAccessorImpl.invoke(DelegatingMethodAccessorImpl.java:43)
	at java.lang.reflect.Method.invoke(Method.java:498)
	at org.codehaus.groovy.reflection.CachedMethod.invoke(CachedMethod.java:93)
	at groovy.lang.MetaMethod.doMethodInvoke(MetaMethod.java:325)
	at groovy.lang.MetaClassImpl.invokeStaticMethod(MetaClassImpl.java:1469)
	at org.codehaus.groovy.runtime.callsite.StaticMetaClassSite.call(StaticMetaClassSite.java:53)
	at org.codehaus.groovy.runtime.callsite.CallSiteArray.defaultCall(CallSiteArray.java:48)
	at org.codehaus.groovy.runtime.callsite.AbstractCallSite.call(AbstractCallSite.java:113)
	at org.codehaus.groovy.runtime.callsite.AbstractCallSite.call(AbstractCallSite.java:141)
	at Script1536137757694.run(Script1536137757694.groovy:22)
	at com.kms.katalon.core.main.ScriptEngine.run(ScriptEngine.java:183)
	at com.kms.katalon.core.main.ScriptEngine.runScriptAsRawText(ScriptEngine.java:108)
	at com.kms.katalon.core.main.TestCaseExecutor.runScript(TestCaseExecutor.java:294)
	at com.kms.katalon.core.main.TestCaseExecutor.doExecute(TestCaseExecutor.java:285)
	at com.kms.katalon.core.main.TestCaseExecutor.processExecutionPhase(TestCaseExecutor.java:264)
	at com.kms.katalon.core.main.TestCaseExecutor.accessMainPhase(TestCaseExecutor.java:256)
	at com.kms.katalon.core.main.TestCaseExecutor.execute(TestCaseExecutor.java:200)
	at com.kms.katalon.core.main.TestSuiteExecutor.accessTestCaseMainPhase(TestSuiteExecutor.java:129)
	at com.kms.katalon.core.main.TestSuiteExecutor.accessTestSuiteMainPhase(TestSuiteExecutor.java:112)
	at com.kms.katalon.core.main.TestSuiteExecutor.execute(TestSuiteExecutor.java:81)
	at com.kms.katalon.core.main.TestCaseMain.startTestSuite(TestCaseMain.java:142)
	at com.kms.katalon.core.main.TestCaseMain$startTestSuite$0.call(Unknown Source)
	at org.codehaus.groovy.runtime.callsite.CallSiteArray.defaultCall(CallSiteArray.java:48)
	at org.codehaus.groovy.runtime.callsite.AbstractCallSite.call(AbstractCallSite.java:113)
	at org.codehaus.groovy.runtime.callsite.AbstractCallSite.call(AbstractCallSite.java:141)
	at TempTestSuite1541736709639.run(TempTestSuite1541736709639.groovy:36)
	at groovy.lang.GroovyShell.runScriptOrMainOrTestOrRunnable(GroovyShell.java:263)
	at groovy.lang.GroovyShell.run(GroovyShell.java:518)
	at groovy.lang.GroovyShell.run(GroovyShell.java:507)
	at groovy.ui.GroovyMain.processOnce(GroovyMain.java:653)
	at groovy.ui.GroovyMain.run(GroovyMain.java:384)
	at groovy.ui.GroovyMain.process(GroovyMain.java:370)
	at groovy.ui.GroovyMain.processArgs(GroovyMain.java:129)
	at groovy.ui.GroovyMain.main(GroovyMain.java:109)
	at sun.reflect.NativeMethodAccessorImpl.invoke0(Native Method)
	at sun.reflect.NativeMethodAccessorImpl.invoke(NativeMethodAccessorImpl.java:62)
	at sun.reflect.DelegatingMethodAccessorImpl.invoke(DelegatingMethodAccessorImpl.java:43)
	at java.lang.reflect.Method.invoke(Method.java:498)
	at org.codehaus.groovy.tools.GroovyStarter.rootLoader(GroovyStarter.java:109)
	at org.codehaus.groovy.tools.GroovyStarter.main(GroovyStarter.java:131)
)

2018-11-09 13:09:21 - [TEST_STEP][FAILED] - callTestCase: Unable to call Test Case with id 'Test Cases/Final Aug 2018 - PKS Automation/Registration Module/Workflow/Form 1A - Cessation As Employer/Template/Form 1 A - Cessation As Employer (OTC)' (Root cause: Call Test Case 'Test Cases/Final Aug 2018 - PKS Automation/Registration Module/Workflow/Form 1A - Cessation As Employer/Template/Form 1 A - Cessation As Employer (OTC)' failed)

2018-11-09 13:09:21 - [TEST_CASE][FAILED] - Test Cases/Final Aug 2018 - PKS Automation/Registration Module/Workflow/Form 1A - Cessation As Employer/Template/Form 1 A - Cessation As Employer (OTC): Test Cases/Final Aug 2018 - PKS Automation/Registration Module/Workflow/Form 1A - Cessation As Employer/Template/Form 1 A - Cessation As Employer (OTC) FAILED because (of) (Stack trace: com.kms.katalon.core.exception.StepFailedException: Unable to click on object 'Object Repository/Final Object Repo/Page_Form 1A - Cessation As Employer/Document Type' (Root cause: org.openqa.selenium.ElementClickInterceptedException: Element <span class="select2-selection select2-selection--single"> is not clickable at point (482.4833221435547,193.71665954589844) because another element <div class="blockUI blockOverlay"> obscures it
Build info: version: '3.9.1', revision: '63f7b50', time: '2018-02-07T22:42:28.403Z'
System info: host: 'WEIZHENG', ip: '10.212.128.118', os.name: 'Windows 7', os.arch: 'amd64', os.version: '6.1', java.version: '1.8.0_181'
Driver info: com.kms.katalon.core.webui.driver.firefox.CGeckoDriver
Capabilities {acceptInsecureCerts: true, browserName: firefox, browserVersion: 63.0.1, javascriptEnabled: true, moz:accessibilityChecks: false, moz:geckodriverVersion: 0.23.0, moz:headless: false, moz:processID: 9796, moz:profile: C:\Users\Wei Zheng\AppData\..., moz:useNonSpecCompliantPointerOrigin: false, moz:webdriverClick: true, pageLoadStrategy: normal, platform: WINDOWS, platformName: WINDOWS, platformVersion: 6.1, proxy: Proxy(direct), rotatable: false, setWindowRect: true, timeouts: {implicit: 0, pageLoad: 300000, script: 30000}, unhandledPromptBehavior: dismiss and notify}
Session ID: 01e1cd95-1617-4b2a-a2e6-6b793459abd8)
	at com.kms.katalon.core.keyword.internal.KeywordMain.stepFailed(KeywordMain.groovy:32)
	at com.kms.katalon.core.webui.keyword.internal.WebUIKeywordMain.stepFailed(WebUIKeywordMain.groovy:65)
	at com.kms.katalon.core.webui.keyword.internal.WebUIKeywordMain.runKeyword(WebUIKeywordMain.groovy:27)
	at com.kms.katalon.core.webui.keyword.builtin.ClickKeyword.click(ClickKeyword.groovy:86)
	at com.kms.katalon.core.webui.keyword.builtin.ClickKeyword.execute(ClickKeyword.groovy:67)
	at com.kms.katalon.core.keyword.internal.KeywordExecutor.executeKeywordForPlatform(KeywordExecutor.groovy:53)
	at com.kms.katalon.core.webui.keyword.WebUiBuiltInKeywords.click(WebUiBuiltInKeywords.groovy:616)
	at com.kms.katalon.core.webui.keyword.WebUiBuiltInKeywords$click$2.call(Unknown Source)
	at Script1536137325809.run(Script1536137325809.groovy:144)
	at com.kms.katalon.core.main.ScriptEngine.run(ScriptEngine.java:183)
	at com.kms.katalon.core.main.ScriptEngine.runScriptAsRawText(ScriptEngine.java:108)
	at com.kms.katalon.core.main.TestCaseExecutor.runScript(TestCaseExecutor.java:294)
	at com.kms.katalon.core.main.TestCaseExecutor.doExecute(TestCaseExecutor.java:285)
	at com.kms.katalon.core.main.TestCaseExecutor.processExecutionPhase(TestCaseExecutor.java:264)
	at com.kms.katalon.core.main.TestCaseExecutor.accessMainPhase(TestCaseExecutor.java:256)
	at com.kms.katalon.core.main.TestCaseExecutor.execute(TestCaseExecutor.java:200)
	at com.kms.katalon.core.main.TestCaseMain.runTestCase(TestCaseMain.java:99)
	at com.kms.katalon.core.keyword.builtin.CallTestCaseKeyword$_callTestCase_closure1.doCall(CallTestCaseKeyword.groovy:60)
	at com.kms.katalon.core.keyword.builtin.CallTestCaseKeyword$_callTestCase_closure1.call(CallTestCaseKeyword.groovy)
	at com.kms.katalon.core.keyword.internal.KeywordMain.runKeyword(KeywordMain.groovy:54)
	at com.kms.katalon.core.keyword.builtin.CallTestCaseKeyword.callTestCase(CallTestCaseKeyword.groovy:81)
	at com.kms.katalon.core.keyword.builtin.CallTestCaseKeyword.execute(CallTestCaseKeyword.groovy:45)
	at com.kms.katalon.core.keyword.internal.KeywordExecutor.executeKeywordForPlatform(KeywordExecutor.groovy:53)
	at com.kms.katalon.core.keyword.BuiltinKeywords.callTestCase(BuiltinKeywords.groovy:334)
	at sun.reflect.GeneratedMethodAccessor13.invoke(Unknown Source)
	at sun.reflect.DelegatingMethodAccessorImpl.invoke(DelegatingMethodAccessorImpl.java:43)
	at java.lang.reflect.Method.invoke(Method.java:498)
	at org.codehaus.groovy.reflection.CachedMethod.invoke(CachedMethod.java:93)
	at groovy.lang.MetaMethod.doMethodInvoke(MetaMethod.java:325)
	at groovy.lang.MetaClassImpl.invokeStaticMethod(MetaClassImpl.java:1469)
	at org.codehaus.groovy.runtime.callsite.StaticMetaClassSite.call(StaticMetaClassSite.java:53)
	at org.codehaus.groovy.runtime.callsite.CallSiteArray.defaultCall(CallSiteArray.java:48)
	at org.codehaus.groovy.runtime.callsite.AbstractCallSite.call(AbstractCallSite.java:113)
	at org.codehaus.groovy.runtime.callsite.AbstractCallSite.call(AbstractCallSite.java:141)
	at Script1536137757694.run(Script1536137757694.groovy:22)
	at com.kms.katalon.core.main.ScriptEngine.run(ScriptEngine.java:183)
	at com.kms.katalon.core.main.ScriptEngine.runScriptAsRawText(ScriptEngine.java:108)
	at com.kms.katalon.core.main.TestCaseExecutor.runScript(TestCaseExecutor.java:294)
	at com.kms.katalon.core.main.TestCaseExecutor.doExecute(TestCaseExecutor.java:285)
	at com.kms.katalon.core.main.TestCaseExecutor.processExecutionPhase(TestCaseExecutor.java:264)
	at com.kms.katalon.core.main.TestCaseExecutor.accessMainPhase(TestCaseExecutor.java:256)
	at com.kms.katalon.core.main.TestCaseExecutor.execute(TestCaseExecutor.java:200)
	at com.kms.katalon.core.main.TestSuiteExecutor.accessTestCaseMainPhase(TestSuiteExecutor.java:129)
	at com.kms.katalon.core.main.TestSuiteExecutor.accessTestSuiteMainPhase(TestSuiteExecutor.java:112)
	at com.kms.katalon.core.main.TestSuiteExecutor.execute(TestSuiteExecutor.java:81)
	at com.kms.katalon.core.main.TestCaseMain.startTestSuite(TestCaseMain.java:142)
	at com.kms.katalon.core.main.TestCaseMain$startTestSuite$0.call(Unknown Source)
	at org.codehaus.groovy.runtime.callsite.CallSiteArray.defaultCall(CallSiteArray.java:48)
	at org.codehaus.groovy.runtime.callsite.AbstractCallSite.call(AbstractCallSite.java:113)
	at org.codehaus.groovy.runtime.callsite.AbstractCallSite.call(AbstractCallSite.java:141)
	at TempTestSuite1541736709639.run(TempTestSuite1541736709639.groovy:36)
	at groovy.lang.GroovyShell.runScriptOrMainOrTestOrRunnable(GroovyShell.java:263)
	at groovy.lang.GroovyShell.run(GroovyShell.java:518)
	at groovy.lang.GroovyShell.run(GroovyShell.java:507)
	at groovy.ui.GroovyMain.processOnce(GroovyMain.java:653)
	at groovy.ui.GroovyMain.run(GroovyMain.java:384)
	at groovy.ui.GroovyMain.process(GroovyMain.java:370)
	at groovy.ui.GroovyMain.processArgs(GroovyMain.java:129)
	at groovy.ui.GroovyMain.main(GroovyMain.java:109)
	at sun.reflect.NativeMethodAccessorImpl.invoke0(Native Method)
	at sun.reflect.NativeMethodAccessorImpl.invoke(NativeMethodAccessorImpl.java:62)
	at sun.reflect.DelegatingMethodAccessorImpl.invoke(DelegatingMethodAccessorImpl.java:43)
	at java.lang.reflect.Method.invoke(Method.java:498)
	at org.codehaus.groovy.tools.GroovyStarter.rootLoader(GroovyStarter.java:109)
	at org.codehaus.groovy.tools.GroovyStarter.main(GroovyStarter.java:131)
)

2018-11-09 13:09:21 - [TEST_STEP][PASSED] - openBrowser: Browser is opened with url: ''

2018-11-09 13:09:21 - [MESSAGE][WARNING] - A browser is already opened. Closing browser and opening a new one

2018-11-09 13:09:26 - [MESSAGE][PASSED] - Browser is opened with url: ''

2018-11-09 13:09:26 - [TEST_STEP][PASSED] - navigateToUrl: Navigate to 'https://assist2-uat.perkeso.gov.my/login' successfully

2018-11-09 13:09:29 - [MESSAGE][PASSED] - Navigate to 'https://assist2-uat.perkeso.gov.my/login' successfully

2018-11-09 13:09:29 - [TEST_STEP][PASSED] - setText: Text 'johorotc1@gmail.com' is set on object 'Object Repository/Final Object Repo/Login Page/Internal User/Email Address'

2018-11-09 13:09:29 - [MESSAGE][PASSED] - Text 'johorotc1@gmail.com' is set on object 'Object Repository/Final Object Repo/Login Page/Internal User/Email Address'

2018-11-09 13:09:29 - [TEST_STEP][PASSED] - click: Object: 'Object Repository/Final Object Repo/Login Page/Internal User/Next Button' is clicked on

2018-11-09 13:09:29 - [MESSAGE][PASSED] - Object: 'Object Repository/Final Object Repo/Login Page/Internal User/Next Button' is clicked on

2018-11-09 13:09:29 - [TEST_STEP][PASSED] - delay: Delayed 1 second(s)

2018-11-09 13:09:30 - [MESSAGE][PASSED] - Delayed 1 second(s)

2018-11-09 13:09:30 - [TEST_STEP][PASSED] - setEncryptedText: Text ****** has been set on object 'Object Repository/Final Object Repo/Login Page/Internal User/Password'

2018-11-09 13:09:30 - [MESSAGE][PASSED] - Text ****** has been set on object 'Object Repository/Final Object Repo/Login Page/Internal User/Password'

2018-11-09 13:09:30 - [TEST_STEP][PASSED] - click: Object: 'Object Repository/Final Object Repo/Login Page/Internal User/Login Button' is clicked on

2018-11-09 13:09:34 - [MESSAGE][PASSED] - Object: 'Object Repository/Final Object Repo/Login Page/Internal User/Login Button' is clicked on

2018-11-09 13:09:34 - [TEST_STEP][PASSED] - delay: Delayed 1 second(s)

2018-11-09 13:09:35 - [MESSAGE][PASSED] - Delayed 1 second(s)

2018-11-09 13:09:35 - [TEST_STEP][PASSED] - Statement - Try: Delayed 2 second(s)

2018-11-09 13:09:35 - [TEST_STEP][PASSED] - Statement - Checker = false: null

2018-11-09 13:09:35 - [TEST_STEP][PASSED] - Statement - Checker = com.kms.katalon.core.webui.keyword.WebUiBuiltInKeywords.verifyElementHasAttribute(com.kms.katalon.core.testobject.ObjectRepository.findTestObject(Final Object Repo/Landing Page/BM Detecting), "href", 20, OPTIONAL): Object 'Object Repository/Final Object Repo/Landing Page/BM Detecting' has attribute 'href'

2018-11-09 13:09:35 - [MESSAGE][PASSED] - Object 'Object Repository/Final Object Repo/Landing Page/BM Detecting' has attribute 'href'

2018-11-09 13:09:35 - [TEST_STEP][PASSED] - Statement - out.println(Checker): null

2018-11-09 13:09:35 - [TEST_STEP][PASSED] - Statement - If (Checker == false): null

2018-11-09 13:09:35 - [TEST_STEP][PASSED] - Statement - Else: null

2018-11-09 13:09:35 - [TEST_STEP][PASSED] - delay: Delayed 2 second(s)

2018-11-09 13:09:37 - [MESSAGE][PASSED] - Delayed 2 second(s)

2018-11-09 13:09:37 - [TEST_STEP][PASSED] - navigateToUrl: Navigate to 'https://assist2-uat.perkeso.gov.my/web/registration/update/form-1a-cessation-as-employer-discontinue-business-' successfully

2018-11-09 13:09:39 - [MESSAGE][PASSED] - Navigate to 'https://assist2-uat.perkeso.gov.my/web/registration/update/form-1a-cessation-as-employer-discontinue-business-' successfully

2018-11-09 13:09:39 - [TEST_STEP][PASSED] - setText: Text 'E1102069770Z' is set on object 'Object Repository/Final Object Repo/Page_Update Employer Information/Employer Code'

2018-11-09 13:09:39 - [MESSAGE][PASSED] - Text 'E1102069770Z' is set on object 'Object Repository/Final Object Repo/Page_Update Employer Information/Employer Code'

2018-11-09 13:09:39 - [TEST_STEP][PASSED] - click: Object: 'Object Repository/Final Object Repo/Page_Update Employer Information/Search Button' is clicked on

2018-11-09 13:09:40 - [MESSAGE][PASSED] - Object: 'Object Repository/Final Object Repo/Page_Update Employer Information/Search Button' is clicked on

2018-11-09 13:09:40 - [TEST_STEP][PASSED] - click: Object: 'Object Repository/Final Object Repo/Page_Update Employer Information/Edit Button' is clicked on

2018-11-09 13:09:42 - [MESSAGE][PASSED] - Object: 'Object Repository/Final Object Repo/Page_Update Employer Information/Edit Button' is clicked on

2018-11-09 13:09:42 - [TEST_STEP][PASSED] - Statement - abc = com.kms.katalon.core.webui.keyword.WebUiBuiltInKeywords.getAttribute(com.kms.katalon.core.testobject.ObjectRepository.findTestObject(Final Object Repo/Page_Form 1A - Cessation As Employer/Employer Status), "value"): Attribute 'value' of object 'Object Repository/Final Object Repo/Page_Form 1A - Cessation As Employer/Employer Status' is: 'Dormant'

2018-11-09 13:09:42 - [MESSAGE][PASSED] - Attribute 'value' of object 'Object Repository/Final Object Repo/Page_Form 1A - Cessation As Employer/Employer Status' is: 'Dormant'

2018-11-09 13:09:42 - [TEST_STEP][PASSED] - Statement - out.println(abc): null

2018-11-09 13:09:42 - [TEST_STEP][PASSED] - Statement - If (abc == "Active"): null

2018-11-09 13:09:42 - [TEST_STEP][PASSED] - Statement - Else If (abc == "Cancel"): null

2018-11-09 13:09:42 - [TEST_STEP][PASSED] - Statement - Else If (abc == "Dormant"): Object: 'Object Repository/Final Object Repo/Page_Form 1A - Cessation As Employer/Change Employer Status to - Dormant' is clicked on

2018-11-09 13:09:42 - [TEST_STEP][PASSED] - click: Object: 'Object Repository/Final Object Repo/Page_Form 1A - Cessation As Employer/Change Employer Status to' is clicked on

2018-11-09 13:09:43 - [MESSAGE][PASSED] - Object: 'Object Repository/Final Object Repo/Page_Form 1A - Cessation As Employer/Change Employer Status to' is clicked on

2018-11-09 13:09:43 - [TEST_STEP][PASSED] - click: Object: 'Object Repository/Final Object Repo/Page_Form 1A - Cessation As Employer/Change Employer Status to - Dormant' is clicked on

2018-11-09 13:09:44 - [MESSAGE][PASSED] - Object: 'Object Repository/Final Object Repo/Page_Form 1A - Cessation As Employer/Change Employer Status to - Dormant' is clicked on

2018-11-09 13:09:44 - [TEST_STEP][PASSED] - click: Object: 'Object Repository/Final Object Repo/Page_Form 1A - Cessation As Employer/Calender' is clicked on

2018-11-09 13:09:44 - [MESSAGE][PASSED] - Object: 'Object Repository/Final Object Repo/Page_Form 1A - Cessation As Employer/Calender' is clicked on

2018-11-09 13:09:44 - [TEST_STEP][PASSED] - click: Object: 'Object Repository/Final Object Repo/Page_Form 1A - Cessation As Employer/Calender - Date' is clicked on

2018-11-09 13:09:45 - [MESSAGE][PASSED] - Object: 'Object Repository/Final Object Repo/Page_Form 1A - Cessation As Employer/Calender - Date' is clicked on

2018-11-09 13:09:45 - [TEST_STEP][PASSED] - delay: Delayed 2 second(s)

2018-11-09 13:09:47 - [MESSAGE][PASSED] - Delayed 2 second(s)

2018-11-09 13:09:47 - [TEST_STEP][PASSED] - click: Object: 'Object Repository/Final Object Repo/Page_Form 1A - Cessation As Employer/Save  Continue in Form 1A Page' is clicked on

2018-11-09 13:09:49 - [MESSAGE][PASSED] - Object: 'Object Repository/Final Object Repo/Page_Form 1A - Cessation As Employer/Save  Continue in Form 1A Page' is clicked on

2018-11-09 13:09:49 - [TEST_STEP][PASSED] - delay: Delayed 2 second(s)

2018-11-09 13:09:51 - [MESSAGE][PASSED] - Delayed 2 second(s)

2018-11-09 13:09:51 - [TEST_STEP][PASSED] - click: Object: 'Object Repository/Final Object Repo/Page_Form 1A - Cessation As Employer/Employment Resign Date' is clicked on

2018-11-09 13:09:52 - [MESSAGE][PASSED] - Object: 'Object Repository/Final Object Repo/Page_Form 1A - Cessation As Employer/Employment Resign Date' is clicked on

2018-11-09 13:09:52 - [TEST_STEP][PASSED] - delay: Delayed 1 second(s)

2018-11-09 13:09:53 - [MESSAGE][PASSED] - Delayed 1 second(s)

2018-11-09 13:09:53 - [TEST_STEP][PASSED] - Statement - CaseReferenceNo = com.kms.katalon.core.webui.keyword.WebUiBuiltInKeywords.getText(com.kms.katalon.core.testobject.ObjectRepository.findTestObject(Final Object Repo/Page_Update Employer Information/Reference Number in Update Employee Information Page)): Text of object 'Object Repository/Final Object Repo/Page_Update Employer Information/Reference Number in Update Employee Information Page' is: 'CUN112018C200001542'

2018-11-09 13:09:53 - [MESSAGE][PASSED] - Text of object 'Object Repository/Final Object Repo/Page_Update Employer Information/Reference Number in Update Employee Information Page' is: 'CUN112018C200001542'

2018-11-09 13:09:53 - [TEST_STEP][PASSED] - callTestCase: Call Test Case 'Test Cases/Final Aug 2018 - PKS Automation/Common/Reference Number Setter' successfully

2018-11-09 13:09:53 - [TEST_CASE][PASSED] - Test Cases/Final Aug 2018 - PKS Automation/Common/Reference Number Setter: Test Cases/Final Aug 2018 - PKS Automation/Common/Reference Number Setter

2018-11-09 13:09:53 - [TEST_STEP][PASSED] - Statement - RefNoOldFile = new java.io.File(C://KatalonReference.txt): null

2018-11-09 13:09:53 - [TEST_STEP][PASSED] - Statement - RefNoOldFile.delete(): null

2018-11-09 13:09:53 - [TEST_STEP][PASSED] - Statement - RefNo = new java.io.File(C://KatalonReference.txt): null

2018-11-09 13:09:53 - [TEST_STEP][PASSED] - Statement - RefNo.append(CaseReferenceNo): null

2018-11-09 13:09:53 - [TEST_STEP][PASSED] - Statement - out.println("


" + CaseReferenceNo + "


"): null

2018-11-09 13:09:53 - [MESSAGE][PASSED] - Call Test Case 'Test Cases/Final Aug 2018 - PKS Automation/Common/Reference Number Setter' successfully

2018-11-09 13:09:53 - [TEST_STEP][PASSED] - selectOptionByValue: All options with value '2030' are selected in object 'Object Repository/Final Object Repo/Page_Form 1A - Cessation As Employer/Employment Resign Date - Year' 

2018-11-09 13:09:54 - [MESSAGE][PASSED] - All options with value '2030' are selected in object 'Object Repository/Final Object Repo/Page_Form 1A - Cessation As Employer/Employment Resign Date - Year' 

2018-11-09 13:09:54 - [TEST_STEP][PASSED] - delay: Delayed 1 second(s)

2018-11-09 13:09:55 - [MESSAGE][PASSED] - Delayed 1 second(s)

2018-11-09 13:09:55 - [TEST_STEP][PASSED] - click: Object: 'Object Repository/Final Object Repo/Page_Form 1A - Cessation As Employer/Employment Resign Date - Year - Date' is clicked on

2018-11-09 13:09:55 - [MESSAGE][PASSED] - Object: 'Object Repository/Final Object Repo/Page_Form 1A - Cessation As Employer/Employment Resign Date - Year - Date' is clicked on

2018-11-09 13:09:55 - [TEST_STEP][PASSED] - delay: Delayed 2 second(s)

2018-11-09 13:09:57 - [MESSAGE][PASSED] - Delayed 2 second(s)

2018-11-09 13:09:57 - [TEST_STEP][PASSED] - click: Object: 'Object Repository/Final Object Repo/Page_Form 1A - Cessation As Employer/Save  Continue in Update Add Employee Resigned Date Page' is clicked on

2018-11-09 13:10:01 - [MESSAGE][PASSED] - Object: 'Object Repository/Final Object Repo/Page_Form 1A - Cessation As Employer/Save  Continue in Update Add Employee Resigned Date Page' is clicked on

2018-11-09 13:10:01 - [TEST_STEP][PASSED] - delay: Delayed 2 second(s)

2018-11-09 13:10:03 - [MESSAGE][PASSED] - Delayed 2 second(s)

2018-11-09 13:10:03 - [TEST_STEP][PASSED] - click: Object: 'Object Repository/Final Object Repo/Page_Form 1A - Cessation As Employer/Add Document' is clicked on

2018-11-09 13:10:03 - [MESSAGE][PASSED] - Object: 'Object Repository/Final Object Repo/Page_Form 1A - Cessation As Employer/Add Document' is clicked on

2018-11-09 13:10:03 - [TEST_STEP][PASSED] - delay: Delayed 2 second(s)

2018-11-09 13:10:05 - [MESSAGE][PASSED] - Delayed 2 second(s)

2018-11-09 13:10:05 - [TEST_STEP][FAILED] - click: Unable to click on object 'Object Repository/Final Object Repo/Page_Form 1A - Cessation As Employer/Document Type' (Root cause: org.openqa.selenium.ElementClickInterceptedException: Element <span class="select2-selection select2-selection--single"> is not clickable at point (482.4833221435547,193.71665954589844) because another element <div class="blockUI blockOverlay"> obscures it
Build info: version: '3.9.1', revision: '63f7b50', time: '2018-02-07T22:42:28.403Z'
System info: host: 'WEIZHENG', ip: '10.212.128.118', os.name: 'Windows 7', os.arch: 'amd64', os.version: '6.1', java.version: '1.8.0_181'
Driver info: com.kms.katalon.core.webui.driver.firefox.CGeckoDriver
Capabilities {acceptInsecureCerts: true, browserName: firefox, browserVersion: 63.0.1, javascriptEnabled: true, moz:accessibilityChecks: false, moz:geckodriverVersion: 0.23.0, moz:headless: false, moz:processID: 9796, moz:profile: C:\Users\Wei Zheng\AppData\..., moz:useNonSpecCompliantPointerOrigin: false, moz:webdriverClick: true, pageLoadStrategy: normal, platform: WINDOWS, platformName: WINDOWS, platformVersion: 6.1, proxy: Proxy(direct), rotatable: false, setWindowRect: true, timeouts: {implicit: 0, pageLoad: 300000, script: 30000}, unhandledPromptBehavior: dismiss and notify}
Session ID: 01e1cd95-1617-4b2a-a2e6-6b793459abd8)

2018-11-09 13:10:06 - [MESSAGE][FAILED] - Unable to click on object 'Object Repository/Final Object Repo/Page_Form 1A - Cessation As Employer/Document Type' (Root cause: org.openqa.selenium.ElementClickInterceptedException: Element <span class="select2-selection select2-selection--single"> is not clickable at point (482.4833221435547,193.71665954589844) because another element <div class="blockUI blockOverlay"> obscures it
Build info: version: '3.9.1', revision: '63f7b50', time: '2018-02-07T22:42:28.403Z'
System info: host: 'WEIZHENG', ip: '10.212.128.118', os.name: 'Windows 7', os.arch: 'amd64', os.version: '6.1', java.version: '1.8.0_181'
Driver info: com.kms.katalon.core.webui.driver.firefox.CGeckoDriver
Capabilities {acceptInsecureCerts: true, browserName: firefox, browserVersion: 63.0.1, javascriptEnabled: true, moz:accessibilityChecks: false, moz:geckodriverVersion: 0.23.0, moz:headless: false, moz:processID: 9796, moz:profile: C:\Users\Wei Zheng\AppData\..., moz:useNonSpecCompliantPointerOrigin: false, moz:webdriverClick: true, pageLoadStrategy: normal, platform: WINDOWS, platformName: WINDOWS, platformVersion: 6.1, proxy: Proxy(direct), rotatable: false, setWindowRect: true, timeouts: {implicit: 0, pageLoad: 300000, script: 30000}, unhandledPromptBehavior: dismiss and notify}
Session ID: 01e1cd95-1617-4b2a-a2e6-6b793459abd8)
[[ATTACHMENT|C:\\Users\\LENOVO\\Katalon Studio\\Perkeso Phase A\\Reports\\Workflow\\Form 1A - Cessation as Employer\\20181109_121149\\1541740206257.png]]

2018-11-09 13:10:06 - [TEST_STEP][PASSED] - delay: Delayed 2 second(s)

2018-11-09 13:10:08 - [MESSAGE][PASSED] - Delayed 2 second(s)

2018-11-09 13:10:08 - [TEST_STEP][FAILED] - click: Unable to click on object 'Object Repository/Final Object Repo/Page_Form 1A - Cessation As Employer/Document Type - Supporting Document For Cessation' (Root cause: com.kms.katalon.core.webui.exception.WebElementNotFoundException: Web element with id: 'Object Repository/Final Object Repo/Page_Form 1A - Cessation As Employer/Document Type - Supporting Document For Cessation' located by 'By.xpath: //span[(contains(text(), 'Supporting Document For Cessation (e.g. Form 1A)'))]' not found)

2018-11-09 13:10:40 - [MESSAGE][FAILED] - Unable to click on object 'Object Repository/Final Object Repo/Page_Form 1A - Cessation As Employer/Document Type - Supporting Document For Cessation' (Root cause: com.kms.katalon.core.webui.exception.WebElementNotFoundException: Web element with id: 'Object Repository/Final Object Repo/Page_Form 1A - Cessation As Employer/Document Type - Supporting Document For Cessation' located by 'By.xpath: //span[(contains(text(), 'Supporting Document For Cessation (e.g. Form 1A)'))]' not found)
[[ATTACHMENT|C:\\Users\\LENOVO\\Katalon Studio\\Perkeso Phase A\\Reports\\Workflow\\Form 1A - Cessation as Employer\\20181109_121149\\1541740240471.png]]

2018-11-09 13:10:40 - [TEST_STEP][PASSED] - delay: Delayed 2 second(s)

2018-11-09 13:10:42 - [MESSAGE][PASSED] - Delayed 2 second(s)

2018-11-09 13:10:42 - [TEST_STEP][PASSED] - sendKeys: Keys 'C:\Users\Public\Pictures\Sample Pictures\Act.jpg' sent to object: 'Object Repository/Final Object Repo/Page_Form 1A - Cessation As Employer/Uploading File'

2018-11-09 13:10:42 - [MESSAGE][PASSED] - Keys 'C:\Users\Public\Pictures\Sample Pictures\Act.jpg' sent to object: 'Object Repository/Final Object Repo/Page_Form 1A - Cessation As Employer/Uploading File'

2018-11-09 13:10:42 - [TEST_STEP][PASSED] - delay: Delayed 2 second(s)

2018-11-09 13:10:44 - [MESSAGE][PASSED] - Delayed 2 second(s)

2018-11-09 13:10:44 - [TEST_STEP][PASSED] - click: Object: 'Object Repository/Final Object Repo/Page_Form 1A - Cessation As Employer/Add Document in Uploading Page' is clicked on

2018-11-09 13:10:44 - [MESSAGE][PASSED] - Object: 'Object Repository/Final Object Repo/Page_Form 1A - Cessation As Employer/Add Document in Uploading Page' is clicked on

2018-11-09 13:10:44 - [TEST_STEP][PASSED] - delay: Delayed 20 second(s)

2018-11-09 13:11:04 - [MESSAGE][PASSED] - Delayed 20 second(s)

2018-11-09 13:11:04 - [TEST_STEP][FAILED] - click: Unable to click on object 'Object Repository/Final Object Repo/Page_Form 1A - Cessation As Employer/Save  Continue in Uploading Page' (Root cause: org.openqa.selenium.ElementClickInterceptedException: Element <a id="_searchforemployer_WAR_registrationportlet_saveNContinueFormBtnId" class="btn btn-lg blueBtn col-md-2 pull-right" href="https://assist2-uat.perkeso.gov.my/web/registration/update/form-1a-cessation-as-employer-discontinue-business-?p_auth=OCUaYtIX&p_p_id=searchforemployer_WAR_registrationportlet&p_p_lifecycle=1&p_p_state=normal&p_p_mode=view&p_p_col_id=column-1&p_p_col_count=1&_searchforemployer_WAR_registrationportlet_javax.portlet.action=exeAction&_searchforemployer_WAR_registrationportlet_mvcPath=%2Fapps%2Freg%2Fdiscontinue_business%2Fdiscontinue_business_preview.jsp&_searchforemployer_WAR_registrationportlet_browserIdKey=1541740177927"> is not clickable at point (1150.3749542236328,625.933349609375) because another element <div id="yui_patched_v3_11_0_1_1541740200411_409" class="col-md-12"> obscures it
Build info: version: '3.9.1', revision: '63f7b50', time: '2018-02-07T22:42:28.403Z'
System info: host: 'WEIZHENG', ip: '10.212.128.118', os.name: 'Windows 7', os.arch: 'amd64', os.version: '6.1', java.version: '1.8.0_181'
Driver info: com.kms.katalon.core.webui.driver.firefox.CGeckoDriver
Capabilities {acceptInsecureCerts: true, browserName: firefox, browserVersion: 63.0.1, javascriptEnabled: true, moz:accessibilityChecks: false, moz:geckodriverVersion: 0.23.0, moz:headless: false, moz:processID: 9796, moz:profile: C:\Users\Wei Zheng\AppData\..., moz:useNonSpecCompliantPointerOrigin: false, moz:webdriverClick: true, pageLoadStrategy: normal, platform: WINDOWS, platformName: WINDOWS, platformVersion: 6.1, proxy: Proxy(direct), rotatable: false, setWindowRect: true, timeouts: {implicit: 0, pageLoad: 300000, script: 30000}, unhandledPromptBehavior: dismiss and notify}
Session ID: 01e1cd95-1617-4b2a-a2e6-6b793459abd8)

2018-11-09 13:11:05 - [MESSAGE][FAILED] - Unable to click on object 'Object Repository/Final Object Repo/Page_Form 1A - Cessation As Employer/Save  Continue in Uploading Page' (Root cause: org.openqa.selenium.ElementClickInterceptedException: Element <a id="_searchforemployer_WAR_registrationportlet_saveNContinueFormBtnId" class="btn btn-lg blueBtn col-md-2 pull-right" href="https://assist2-uat.perkeso.gov.my/web/registration/update/form-1a-cessation-as-employer-discontinue-business-?p_auth=OCUaYtIX&p_p_id=searchforemployer_WAR_registrationportlet&p_p_lifecycle=1&p_p_state=normal&p_p_mode=view&p_p_col_id=column-1&p_p_col_count=1&_searchforemployer_WAR_registrationportlet_javax.portlet.action=exeAction&_searchforemployer_WAR_registrationportlet_mvcPath=%2Fapps%2Freg%2Fdiscontinue_business%2Fdiscontinue_business_preview.jsp&_searchforemployer_WAR_registrationportlet_browserIdKey=1541740177927"> is not clickable at point (1150.3749542236328,625.933349609375) because another element <div id="yui_patched_v3_11_0_1_1541740200411_409" class="col-md-12"> obscures it
Build info: version: '3.9.1', revision: '63f7b50', time: '2018-02-07T22:42:28.403Z'
System info: host: 'WEIZHENG', ip: '10.212.128.118', os.name: 'Windows 7', os.arch: 'amd64', os.version: '6.1', java.version: '1.8.0_181'
Driver info: com.kms.katalon.core.webui.driver.firefox.CGeckoDriver
Capabilities {acceptInsecureCerts: true, browserName: firefox, browserVersion: 63.0.1, javascriptEnabled: true, moz:accessibilityChecks: false, moz:geckodriverVersion: 0.23.0, moz:headless: false, moz:processID: 9796, moz:profile: C:\Users\Wei Zheng\AppData\..., moz:useNonSpecCompliantPointerOrigin: false, moz:webdriverClick: true, pageLoadStrategy: normal, platform: WINDOWS, platformName: WINDOWS, platformVersion: 6.1, proxy: Proxy(direct), rotatable: false, setWindowRect: true, timeouts: {implicit: 0, pageLoad: 300000, script: 30000}, unhandledPromptBehavior: dismiss and notify}
Session ID: 01e1cd95-1617-4b2a-a2e6-6b793459abd8)
[[ATTACHMENT|C:\\Users\\LENOVO\\Katalon Studio\\Perkeso Phase A\\Reports\\Workflow\\Form 1A - Cessation as Employer\\20181109_121149\\1541740265030.png]]

2018-11-09 13:11:05 - [TEST_STEP][PASSED] - delay: Delayed 2 second(s)

2018-11-09 13:11:07 - [MESSAGE][PASSED] - Delayed 2 second(s)

2018-11-09 13:11:07 - [TEST_STEP][FAILED] - click: Unable to click on object 'Object Repository/Final Object Repo/Page_Form 1A - Cessation As Employer/Submit2' (Root cause: com.kms.katalon.core.webui.exception.WebElementNotFoundException: Web element with id: 'Object Repository/Final Object Repo/Page_Form 1A - Cessation As Employer/Submit2' located by 'By.xpath: //a[(text() = '
							SUBMIT
		            	' or . = '
							SUBMIT
		            	')]' not found)

2018-11-09 13:11:45 - [MESSAGE][FAILED] - Unable to click on object 'Object Repository/Final Object Repo/Page_Form 1A - Cessation As Employer/Submit2' (Root cause: com.kms.katalon.core.webui.exception.WebElementNotFoundException: Web element with id: 'Object Repository/Final Object Repo/Page_Form 1A - Cessation As Employer/Submit2' located by 'By.xpath: //a[(text() = '
							SUBMIT
		            	' or . = '
							SUBMIT
		            	')]' not found)
[[ATTACHMENT|C:\\Users\\LENOVO\\Katalon Studio\\Perkeso Phase A\\Reports\\Workflow\\Form 1A - Cessation as Employer\\20181109_121149\\1541740305011.png]]

2018-11-09 13:11:45 - [TEST_STEP][PASSED] - delay: Delayed 2 second(s)

2018-11-09 13:11:47 - [MESSAGE][PASSED] - Delayed 2 second(s)

2018-11-09 13:11:47 - [TEST_STEP][FAILED] - click: Unable to click on object 'Object Repository/Final Object Repo/Page_Form 1A - Cessation As Employer/Confirm' (Root cause: com.kms.katalon.core.webui.exception.WebElementNotFoundException: Web element with id: 'Object Repository/Final Object Repo/Page_Form 1A - Cessation As Employer/Confirm' located by 'By.xpath: //span[(text() = 'CONFIRM' or . = 'CONFIRM')]' not found)

2018-11-09 13:12:19 - [MESSAGE][FAILED] - Unable to click on object 'Object Repository/Final Object Repo/Page_Form 1A - Cessation As Employer/Confirm' (Root cause: com.kms.katalon.core.webui.exception.WebElementNotFoundException: Web element with id: 'Object Repository/Final Object Repo/Page_Form 1A - Cessation As Employer/Confirm' located by 'By.xpath: //span[(text() = 'CONFIRM' or . = 'CONFIRM')]' not found)
[[ATTACHMENT|C:\\Users\\LENOVO\\Katalon Studio\\Perkeso Phase A\\Reports\\Workflow\\Form 1A - Cessation as Employer\\20181109_121149\\1541740339512.png]]

2018-11-09 13:12:19 - [TEST_STEP][PASSED] - delay: Delayed 2 second(s)

2018-11-09 13:12:21 - [MESSAGE][PASSED] - Delayed 2 second(s)

2018-11-09 13:12:21 - [TEST_STEP][FAILED] - verifyElementVisible: Web element with id: 'Object Repository/Final Object Repo/Page_Form 1A - Cessation As Employer/Message Your Request will be routed to UO' located by 'By.xpath: //div[(text() = '
			    			
			    			
			    			
			    			
			    				Your Request will be routed to 
			    				UO
			    			
			    			
			    			









































































' or . = '
			    			
			    			
			    			
			    			
			    				Your Request will be routed to 
			    				UO
			    			
			    			
			    			









































































')]' not found

2018-11-09 13:12:55 - [MESSAGE][FAILED] - Web element with id: 'Object Repository/Final Object Repo/Page_Form 1A - Cessation As Employer/Message Your Request will be routed to UO' located by 'By.xpath: //div[(text() = '
			    			
			    			
			    			
			    			
			    				Your Request will be routed to 
			    				UO
			    			
			    			
			    			









































































' or . = '
			    			
			    			
			    			
			    			
			    				Your Request will be routed to 
			    				UO
			    			
			    			
			    			









































































')]' not found
[[ATTACHMENT|C:\\Users\\LENOVO\\Katalon Studio\\Perkeso Phase A\\Reports\\Workflow\\Form 1A - Cessation as Employer\\20181109_121149\\1541740375124.png]]

2018-11-09 13:12:55 - [TEST_STEP][PASSED] - delay: Delayed 1 second(s)

2018-11-09 13:12:56 - [MESSAGE][PASSED] - Delayed 1 second(s)

2018-11-09 13:12:56 - [TEST_STEP][FAILED] - verifyElementVisible: Web element with id: 'Object Repository/Final Object Repo/Page_Form 1A - Cessation As Employer/Letter of acknowledgement' located by 'By.xpath: //a[(text() = '
							 
							Letter of acknowledgement.pdf
						' or . = '
							 
							Letter of acknowledgement.pdf
						')]' not found

2018-11-09 13:13:30 - [MESSAGE][FAILED] - Web element with id: 'Object Repository/Final Object Repo/Page_Form 1A - Cessation As Employer/Letter of acknowledgement' located by 'By.xpath: //a[(text() = '
							 
							Letter of acknowledgement.pdf
						' or . = '
							 
							Letter of acknowledgement.pdf
						')]' not found
[[ATTACHMENT|C:\\Users\\LENOVO\\Katalon Studio\\Perkeso Phase A\\Reports\\Workflow\\Form 1A - Cessation as Employer\\20181109_121149\\1541740410180.png]]

2018-11-09 13:13:30 - [MESSAGE][FAILED] - Unable to call Test Case with id 'Test Cases/Final Aug 2018 - PKS Automation/Registration Module/Workflow/Form 1A - Cessation As Employer/Template/Form 1 A - Cessation As Employer (OTC)' (Root cause: Call Test Case 'Test Cases/Final Aug 2018 - PKS Automation/Registration Module/Workflow/Form 1A - Cessation As Employer/Template/Form 1 A - Cessation As Employer (OTC)' failed)]]></system-out>
         <system-err><![CDATA[2018-11-09 13:09:21 - [TEST_CASE][FAILED] - Test Cases/Final Aug 2018 - PKS Automation/Registration Module/Workflow/Form 1A - Cessation As Employer/OTC to UO (Under enforcement): Test Cases/Final Aug 2018 - PKS Automation/Registration Module/Workflow/Form 1A - Cessation As Employer/OTC to UO (Under enforcement) FAILED because (of) (Stack trace: com.kms.katalon.core.exception.StepFailedException: Unable to click on object 'Object Repository/Final Object Repo/Page_Form 1A - Cessation As Employer/Document Type' (Root cause: org.openqa.selenium.ElementClickInterceptedException: Element <span class="select2-selection select2-selection--single"> is not clickable at point (482.4833221435547,193.71665954589844) because another element <div class="blockUI blockOverlay"> obscures it
Build info: version: '3.9.1', revision: '63f7b50', time: '2018-02-07T22:42:28.403Z'
System info: host: 'WEIZHENG', ip: '10.212.128.118', os.name: 'Windows 7', os.arch: 'amd64', os.version: '6.1', java.version: '1.8.0_181'
Driver info: com.kms.katalon.core.webui.driver.firefox.CGeckoDriver
Capabilities {acceptInsecureCerts: true, browserName: firefox, browserVersion: 63.0.1, javascriptEnabled: true, moz:accessibilityChecks: false, moz:geckodriverVersion: 0.23.0, moz:headless: false, moz:processID: 9796, moz:profile: C:\Users\Wei Zheng\AppData\..., moz:useNonSpecCompliantPointerOrigin: false, moz:webdriverClick: true, pageLoadStrategy: normal, platform: WINDOWS, platformName: WINDOWS, platformVersion: 6.1, proxy: Proxy(direct), rotatable: false, setWindowRect: true, timeouts: {implicit: 0, pageLoad: 300000, script: 30000}, unhandledPromptBehavior: dismiss and notify}
Session ID: 01e1cd95-1617-4b2a-a2e6-6b793459abd8)
	at com.kms.katalon.core.keyword.internal.KeywordMain.stepFailed(KeywordMain.groovy:32)
	at com.kms.katalon.core.webui.keyword.internal.WebUIKeywordMain.stepFailed(WebUIKeywordMain.groovy:65)
	at com.kms.katalon.core.webui.keyword.internal.WebUIKeywordMain.runKeyword(WebUIKeywordMain.groovy:27)
	at com.kms.katalon.core.webui.keyword.builtin.ClickKeyword.click(ClickKeyword.groovy:86)
	at com.kms.katalon.core.webui.keyword.builtin.ClickKeyword.execute(ClickKeyword.groovy:67)
	at com.kms.katalon.core.keyword.internal.KeywordExecutor.executeKeywordForPlatform(KeywordExecutor.groovy:53)
	at com.kms.katalon.core.webui.keyword.WebUiBuiltInKeywords.click(WebUiBuiltInKeywords.groovy:616)
	at com.kms.katalon.core.webui.keyword.WebUiBuiltInKeywords$click$2.call(Unknown Source)
	at Script1536137325809.run(Script1536137325809.groovy:144)
	at com.kms.katalon.core.main.ScriptEngine.run(ScriptEngine.java:183)
	at com.kms.katalon.core.main.ScriptEngine.runScriptAsRawText(ScriptEngine.java:108)
	at com.kms.katalon.core.main.TestCaseExecutor.runScript(TestCaseExecutor.java:294)
	at com.kms.katalon.core.main.TestCaseExecutor.doExecute(TestCaseExecutor.java:285)
	at com.kms.katalon.core.main.TestCaseExecutor.processExecutionPhase(TestCaseExecutor.java:264)
	at com.kms.katalon.core.main.TestCaseExecutor.accessMainPhase(TestCaseExecutor.java:256)
	at com.kms.katalon.core.main.TestCaseExecutor.execute(TestCaseExecutor.java:200)
	at com.kms.katalon.core.main.TestCaseMain.runTestCase(TestCaseMain.java:99)
	at com.kms.katalon.core.keyword.builtin.CallTestCaseKeyword$_callTestCase_closure1.doCall(CallTestCaseKeyword.groovy:60)
	at com.kms.katalon.core.keyword.builtin.CallTestCaseKeyword$_callTestCase_closure1.call(CallTestCaseKeyword.groovy)
	at com.kms.katalon.core.keyword.internal.KeywordMain.runKeyword(KeywordMain.groovy:54)
	at com.kms.katalon.core.keyword.builtin.CallTestCaseKeyword.callTestCase(CallTestCaseKeyword.groovy:81)
	at com.kms.katalon.core.keyword.builtin.CallTestCaseKeyword.execute(CallTestCaseKeyword.groovy:45)
	at com.kms.katalon.core.keyword.internal.KeywordExecutor.executeKeywordForPlatform(KeywordExecutor.groovy:53)
	at com.kms.katalon.core.keyword.BuiltinKeywords.callTestCase(BuiltinKeywords.groovy:334)
	at sun.reflect.GeneratedMethodAccessor13.invoke(Unknown Source)
	at sun.reflect.DelegatingMethodAccessorImpl.invoke(DelegatingMethodAccessorImpl.java:43)
	at java.lang.reflect.Method.invoke(Method.java:498)
	at org.codehaus.groovy.reflection.CachedMethod.invoke(CachedMethod.java:93)
	at groovy.lang.MetaMethod.doMethodInvoke(MetaMethod.java:325)
	at groovy.lang.MetaClassImpl.invokeStaticMethod(MetaClassImpl.java:1469)
	at org.codehaus.groovy.runtime.callsite.StaticMetaClassSite.call(StaticMetaClassSite.java:53)
	at org.codehaus.groovy.runtime.callsite.CallSiteArray.defaultCall(CallSiteArray.java:48)
	at org.codehaus.groovy.runtime.callsite.AbstractCallSite.call(AbstractCallSite.java:113)
	at org.codehaus.groovy.runtime.callsite.AbstractCallSite.call(AbstractCallSite.java:141)
	at Script1536137757694.run(Script1536137757694.groovy:22)
	at com.kms.katalon.core.main.ScriptEngine.run(ScriptEngine.java:183)
	at com.kms.katalon.core.main.ScriptEngine.runScriptAsRawText(ScriptEngine.java:108)
	at com.kms.katalon.core.main.TestCaseExecutor.runScript(TestCaseExecutor.java:294)
	at com.kms.katalon.core.main.TestCaseExecutor.doExecute(TestCaseExecutor.java:285)
	at com.kms.katalon.core.main.TestCaseExecutor.processExecutionPhase(TestCaseExecutor.java:264)
	at com.kms.katalon.core.main.TestCaseExecutor.accessMainPhase(TestCaseExecutor.java:256)
	at com.kms.katalon.core.main.TestCaseExecutor.execute(TestCaseExecutor.java:200)
	at com.kms.katalon.core.main.TestSuiteExecutor.accessTestCaseMainPhase(TestSuiteExecutor.java:129)
	at com.kms.katalon.core.main.TestSuiteExecutor.accessTestSuiteMainPhase(TestSuiteExecutor.java:112)
	at com.kms.katalon.core.main.TestSuiteExecutor.execute(TestSuiteExecutor.java:81)
	at com.kms.katalon.core.main.TestCaseMain.startTestSuite(TestCaseMain.java:142)
	at com.kms.katalon.core.main.TestCaseMain$startTestSuite$0.call(Unknown Source)
	at org.codehaus.groovy.runtime.callsite.CallSiteArray.defaultCall(CallSiteArray.java:48)
	at org.codehaus.groovy.runtime.callsite.AbstractCallSite.call(AbstractCallSite.java:113)
	at org.codehaus.groovy.runtime.callsite.AbstractCallSite.call(AbstractCallSite.java:141)
	at TempTestSuite1541736709639.run(TempTestSuite1541736709639.groovy:36)
	at groovy.lang.GroovyShell.runScriptOrMainOrTestOrRunnable(GroovyShell.java:263)
	at groovy.lang.GroovyShell.run(GroovyShell.java:518)
	at groovy.lang.GroovyShell.run(GroovyShell.java:507)
	at groovy.ui.GroovyMain.processOnce(GroovyMain.java:653)
	at groovy.ui.GroovyMain.run(GroovyMain.java:384)
	at groovy.ui.GroovyMain.process(GroovyMain.java:370)
	at groovy.ui.GroovyMain.processArgs(GroovyMain.java:129)
	at groovy.ui.GroovyMain.main(GroovyMain.java:109)
	at sun.reflect.NativeMethodAccessorImpl.invoke0(Native Method)
	at sun.reflect.NativeMethodAccessorImpl.invoke(NativeMethodAccessorImpl.java:62)
	at sun.reflect.DelegatingMethodAccessorImpl.invoke(DelegatingMethodAccessorImpl.java:43)
	at java.lang.reflect.Method.invoke(Method.java:498)
	at org.codehaus.groovy.tools.GroovyStarter.rootLoader(GroovyStarter.java:109)
	at org.codehaus.groovy.tools.GroovyStarter.main(GroovyStarter.java:131)
)]]></system-err>
      </testcase>
      <testcase name="Test Cases/Final Aug 2018 - PKS Automation/Registration Module/Workflow/Form 1A - Cessation As Employer/PKRBO to UO (Approve)" classname="Test Cases/Final Aug 2018 - PKS Automation/Registration Module/Workflow/Form 1A - Cessation As Employer/PKRBO to UO (Approve)" status="PASSED">
         <system-out><![CDATA[2018-11-09 13:13:30 - [TEST_CASE][PASSED] - Test Cases/Final Aug 2018 - PKS Automation/Registration Module/Workflow/Form 1A - Cessation As Employer/PKRBO to UO (Approve): Test Cases/Final Aug 2018 - PKS Automation/Registration Module/Workflow/Form 1A - Cessation As Employer/PKRBO to UO (Approve)

2018-11-09 13:13:30 - [TEST_STEP][PASSED] - callTestCase: Call Test Case 'Test Cases/Final Aug 2018 - PKS Automation/Registration Module/Workflow/Form 1A - Cessation As Employer/Template/Form 1 A - Cessation As Employer (PKRBO)' successfully

2018-11-09 13:13:30 - [TEST_CASE][PASSED] - Test Cases/Final Aug 2018 - PKS Automation/Registration Module/Workflow/Form 1A - Cessation As Employer/Template/Form 1 A - Cessation As Employer (PKRBO): Test Cases/Final Aug 2018 - PKS Automation/Registration Module/Workflow/Form 1A - Cessation As Employer/Template/Form 1 A - Cessation As Employer (PKRBO)

2018-11-09 13:13:30 - [TEST_STEP][PASSED] - openBrowser: Browser is opened with url: ''

2018-11-09 13:13:30 - [MESSAGE][WARNING] - A browser is already opened. Closing browser and opening a new one

2018-11-09 13:13:35 - [MESSAGE][PASSED] - Browser is opened with url: ''

2018-11-09 13:13:35 - [TEST_STEP][PASSED] - navigateToUrl: Navigate to 'https://assist2-uat.perkeso.gov.my/login' successfully

2018-11-09 13:13:38 - [MESSAGE][PASSED] - Navigate to 'https://assist2-uat.perkeso.gov.my/login' successfully

2018-11-09 13:13:38 - [TEST_STEP][PASSED] - setText: Text 'johorpkrbo1@gmail.com' is set on object 'Object Repository/Final Object Repo/Login Page/Internal User/Email Address'

2018-11-09 13:13:38 - [MESSAGE][PASSED] - Text 'johorpkrbo1@gmail.com' is set on object 'Object Repository/Final Object Repo/Login Page/Internal User/Email Address'

2018-11-09 13:13:38 - [TEST_STEP][PASSED] - click: Object: 'Object Repository/Final Object Repo/Login Page/Internal User/Next Button' is clicked on

2018-11-09 13:13:38 - [MESSAGE][PASSED] - Object: 'Object Repository/Final Object Repo/Login Page/Internal User/Next Button' is clicked on

2018-11-09 13:13:38 - [TEST_STEP][PASSED] - delay: Delayed 1 second(s)

2018-11-09 13:13:39 - [MESSAGE][PASSED] - Delayed 1 second(s)

2018-11-09 13:13:39 - [TEST_STEP][PASSED] - setEncryptedText: Text ****** has been set on object 'Object Repository/Final Object Repo/Login Page/Internal User/Password'

2018-11-09 13:13:39 - [MESSAGE][PASSED] - Text ****** has been set on object 'Object Repository/Final Object Repo/Login Page/Internal User/Password'

2018-11-09 13:13:39 - [TEST_STEP][PASSED] - click: Object: 'Object Repository/Final Object Repo/Login Page/Internal User/Login Button' is clicked on

2018-11-09 13:13:43 - [MESSAGE][PASSED] - Object: 'Object Repository/Final Object Repo/Login Page/Internal User/Login Button' is clicked on

2018-11-09 13:13:43 - [TEST_STEP][PASSED] - delay: Delayed 1 second(s)

2018-11-09 13:13:44 - [MESSAGE][PASSED] - Delayed 1 second(s)

2018-11-09 13:13:44 - [TEST_STEP][PASSED] - Statement - Try: Delayed 2 second(s)

2018-11-09 13:13:44 - [TEST_STEP][PASSED] - Statement - Checker = false: null

2018-11-09 13:13:44 - [TEST_STEP][PASSED] - Statement - Checker = com.kms.katalon.core.webui.keyword.WebUiBuiltInKeywords.verifyElementHasAttribute(com.kms.katalon.core.testobject.ObjectRepository.findTestObject(Final Object Repo/Landing Page/BM Detecting), "href", 20, OPTIONAL): Object 'Object Repository/Final Object Repo/Landing Page/BM Detecting' has attribute 'href'

2018-11-09 13:13:44 - [MESSAGE][PASSED] - Object 'Object Repository/Final Object Repo/Landing Page/BM Detecting' has attribute 'href'

2018-11-09 13:13:44 - [TEST_STEP][PASSED] - Statement - out.println(Checker): null

2018-11-09 13:13:44 - [TEST_STEP][PASSED] - Statement - If (Checker == false): null

2018-11-09 13:13:44 - [TEST_STEP][PASSED] - Statement - Else: null

2018-11-09 13:13:44 - [TEST_STEP][PASSED] - delay: Delayed 2 second(s)

2018-11-09 13:13:46 - [MESSAGE][PASSED] - Delayed 2 second(s)

2018-11-09 13:13:46 - [TEST_STEP][PASSED] - navigateToUrl: Navigate to 'https://assist2-uat.perkeso.gov.my/web/registration/update/form-1a-cessation-as-employer-discontinue-business-' successfully

2018-11-09 13:13:48 - [MESSAGE][PASSED] - Navigate to 'https://assist2-uat.perkeso.gov.my/web/registration/update/form-1a-cessation-as-employer-discontinue-business-' successfully

2018-11-09 13:13:48 - [TEST_STEP][PASSED] - setText: Text 'E1102069770Z' is set on object 'Object Repository/Final Object Repo/Page_Update Employer Information/Employer Code'

2018-11-09 13:13:48 - [MESSAGE][PASSED] - Text 'E1102069770Z' is set on object 'Object Repository/Final Object Repo/Page_Update Employer Information/Employer Code'

2018-11-09 13:13:48 - [TEST_STEP][PASSED] - click: Object: 'Object Repository/Final Object Repo/Page_Update Employer Information/Search Button' is clicked on

2018-11-09 13:13:49 - [MESSAGE][PASSED] - Object: 'Object Repository/Final Object Repo/Page_Update Employer Information/Search Button' is clicked on

2018-11-09 13:13:49 - [TEST_STEP][PASSED] - click: Object: 'Object Repository/Final Object Repo/Page_Update Employer Information/Edit Button' is clicked on

2018-11-09 13:13:51 - [MESSAGE][PASSED] - Object: 'Object Repository/Final Object Repo/Page_Update Employer Information/Edit Button' is clicked on

2018-11-09 13:13:51 - [TEST_STEP][PASSED] - Statement - abc = com.kms.katalon.core.webui.keyword.WebUiBuiltInKeywords.getAttribute(com.kms.katalon.core.testobject.ObjectRepository.findTestObject(Final Object Repo/Page_Form 1A - Cessation As Employer/Employer Status), "value"): Attribute 'value' of object 'Object Repository/Final Object Repo/Page_Form 1A - Cessation As Employer/Employer Status' is: 'Dormant'

2018-11-09 13:13:51 - [MESSAGE][PASSED] - Attribute 'value' of object 'Object Repository/Final Object Repo/Page_Form 1A - Cessation As Employer/Employer Status' is: 'Dormant'

2018-11-09 13:13:51 - [TEST_STEP][PASSED] - Statement - out.println(abc): null

2018-11-09 13:13:51 - [TEST_STEP][PASSED] - Statement - If (abc == "Active"): null

2018-11-09 13:13:51 - [TEST_STEP][PASSED] - Statement - Else If (abc == "Cancel"): null

2018-11-09 13:13:51 - [TEST_STEP][PASSED] - Statement - Else If (abc == "Dormant"): Object: 'Object Repository/Final Object Repo/Page_Form 1A - Cessation As Employer/Change Employer Status to - Dormant' is clicked on

2018-11-09 13:13:51 - [TEST_STEP][PASSED] - click: Object: 'Object Repository/Final Object Repo/Page_Form 1A - Cessation As Employer/Change Employer Status to' is clicked on

2018-11-09 13:13:52 - [MESSAGE][PASSED] - Object: 'Object Repository/Final Object Repo/Page_Form 1A - Cessation As Employer/Change Employer Status to' is clicked on

2018-11-09 13:13:52 - [TEST_STEP][PASSED] - click: Object: 'Object Repository/Final Object Repo/Page_Form 1A - Cessation As Employer/Change Employer Status to - Dormant' is clicked on

2018-11-09 13:13:53 - [MESSAGE][PASSED] - Object: 'Object Repository/Final Object Repo/Page_Form 1A - Cessation As Employer/Change Employer Status to - Dormant' is clicked on

2018-11-09 13:13:53 - [TEST_STEP][PASSED] - click: Object: 'Object Repository/Final Object Repo/Page_Form 1A - Cessation As Employer/Calender' is clicked on

2018-11-09 13:13:53 - [MESSAGE][PASSED] - Object: 'Object Repository/Final Object Repo/Page_Form 1A - Cessation As Employer/Calender' is clicked on

2018-11-09 13:13:53 - [TEST_STEP][PASSED] - click: Object: 'Object Repository/Final Object Repo/Page_Form 1A - Cessation As Employer/Calender - Date' is clicked on

2018-11-09 13:13:54 - [MESSAGE][PASSED] - Object: 'Object Repository/Final Object Repo/Page_Form 1A - Cessation As Employer/Calender - Date' is clicked on

2018-11-09 13:13:54 - [TEST_STEP][PASSED] - delay: Delayed 2 second(s)

2018-11-09 13:13:56 - [MESSAGE][PASSED] - Delayed 2 second(s)

2018-11-09 13:13:56 - [TEST_STEP][PASSED] - click: Object: 'Object Repository/Final Object Repo/Page_Form 1A - Cessation As Employer/Save  Continue in Form 1A Page' is clicked on

2018-11-09 13:13:59 - [MESSAGE][PASSED] - Object: 'Object Repository/Final Object Repo/Page_Form 1A - Cessation As Employer/Save  Continue in Form 1A Page' is clicked on

2018-11-09 13:13:59 - [TEST_STEP][PASSED] - delay: Delayed 2 second(s)

2018-11-09 13:14:01 - [MESSAGE][PASSED] - Delayed 2 second(s)

2018-11-09 13:14:01 - [TEST_STEP][PASSED] - click: Object: 'Object Repository/Final Object Repo/Page_Form 1A - Cessation As Employer/Employment Resign Date' is clicked on

2018-11-09 13:14:02 - [MESSAGE][PASSED] - Object: 'Object Repository/Final Object Repo/Page_Form 1A - Cessation As Employer/Employment Resign Date' is clicked on

2018-11-09 13:14:02 - [TEST_STEP][PASSED] - delay: Delayed 1 second(s)

2018-11-09 13:14:03 - [MESSAGE][PASSED] - Delayed 1 second(s)

2018-11-09 13:14:03 - [TEST_STEP][PASSED] - Statement - CaseReferenceNo = com.kms.katalon.core.webui.keyword.WebUiBuiltInKeywords.getText(com.kms.katalon.core.testobject.ObjectRepository.findTestObject(Final Object Repo/Page_Update Employer Information/Reference Number in Update Employee Information Page)): Text of object 'Object Repository/Final Object Repo/Page_Update Employer Information/Reference Number in Update Employee Information Page' is: 'CUN112018C200001543'

2018-11-09 13:14:03 - [MESSAGE][PASSED] - Text of object 'Object Repository/Final Object Repo/Page_Update Employer Information/Reference Number in Update Employee Information Page' is: 'CUN112018C200001543'

2018-11-09 13:14:03 - [TEST_STEP][PASSED] - Statement - out.println(CaseReferenceNo): null

2018-11-09 13:14:03 - [TEST_STEP][PASSED] - callTestCase: Call Test Case 'Test Cases/Final Aug 2018 - PKS Automation/Common/Reference Number Setter' successfully

2018-11-09 13:14:03 - [TEST_CASE][PASSED] - Test Cases/Final Aug 2018 - PKS Automation/Common/Reference Number Setter: Test Cases/Final Aug 2018 - PKS Automation/Common/Reference Number Setter

2018-11-09 13:14:03 - [TEST_STEP][PASSED] - Statement - RefNoOldFile = new java.io.File(C://KatalonReference.txt): null

2018-11-09 13:14:03 - [TEST_STEP][PASSED] - Statement - RefNoOldFile.delete(): null

2018-11-09 13:14:03 - [TEST_STEP][PASSED] - Statement - RefNo = new java.io.File(C://KatalonReference.txt): null

2018-11-09 13:14:03 - [TEST_STEP][PASSED] - Statement - RefNo.append(CaseReferenceNo): null

2018-11-09 13:14:03 - [TEST_STEP][PASSED] - Statement - out.println("


" + CaseReferenceNo + "


"): null

2018-11-09 13:14:03 - [MESSAGE][PASSED] - Call Test Case 'Test Cases/Final Aug 2018 - PKS Automation/Common/Reference Number Setter' successfully

2018-11-09 13:14:03 - [TEST_STEP][PASSED] - selectOptionByValue: All options with value '2030' are selected in object 'Object Repository/Final Object Repo/Page_Form 1A - Cessation As Employer/Employment Resign Date - Year' 

2018-11-09 13:14:03 - [MESSAGE][PASSED] - All options with value '2030' are selected in object 'Object Repository/Final Object Repo/Page_Form 1A - Cessation As Employer/Employment Resign Date - Year' 

2018-11-09 13:14:03 - [TEST_STEP][PASSED] - delay: Delayed 1 second(s)

2018-11-09 13:14:04 - [MESSAGE][PASSED] - Delayed 1 second(s)

2018-11-09 13:14:04 - [TEST_STEP][PASSED] - click: Object: 'Object Repository/Final Object Repo/Page_Form 1A - Cessation As Employer/Employment Resign Date - Year - Date' is clicked on

2018-11-09 13:14:05 - [MESSAGE][PASSED] - Object: 'Object Repository/Final Object Repo/Page_Form 1A - Cessation As Employer/Employment Resign Date - Year - Date' is clicked on

2018-11-09 13:14:05 - [TEST_STEP][PASSED] - delay: Delayed 2 second(s)

2018-11-09 13:14:07 - [MESSAGE][PASSED] - Delayed 2 second(s)

2018-11-09 13:14:07 - [TEST_STEP][PASSED] - click: Object: 'Object Repository/Final Object Repo/Page_Form 1A - Cessation As Employer/Save  Continue in Update Add Employee Resigned Date Page' is clicked on

2018-11-09 13:14:07 - [MESSAGE][PASSED] - Object: 'Object Repository/Final Object Repo/Page_Form 1A - Cessation As Employer/Save  Continue in Update Add Employee Resigned Date Page' is clicked on

2018-11-09 13:14:07 - [TEST_STEP][PASSED] - delay: Delayed 2 second(s)

2018-11-09 13:14:09 - [MESSAGE][PASSED] - Delayed 2 second(s)

2018-11-09 13:14:09 - [TEST_STEP][PASSED] - click: Object: 'Object Repository/Final Object Repo/Page_Form 1A - Cessation As Employer/Add Document' is clicked on

2018-11-09 13:14:11 - [MESSAGE][PASSED] - Object: 'Object Repository/Final Object Repo/Page_Form 1A - Cessation As Employer/Add Document' is clicked on

2018-11-09 13:14:11 - [TEST_STEP][PASSED] - delay: Delayed 2 second(s)

2018-11-09 13:14:13 - [MESSAGE][PASSED] - Delayed 2 second(s)

2018-11-09 13:14:13 - [TEST_STEP][PASSED] - click: Object: 'Object Repository/Final Object Repo/Page_Form 1A - Cessation As Employer/Document Type' is clicked on

2018-11-09 13:14:14 - [MESSAGE][PASSED] - Object: 'Object Repository/Final Object Repo/Page_Form 1A - Cessation As Employer/Document Type' is clicked on

2018-11-09 13:14:14 - [TEST_STEP][PASSED] - delay: Delayed 2 second(s)

2018-11-09 13:14:16 - [MESSAGE][PASSED] - Delayed 2 second(s)

2018-11-09 13:14:16 - [TEST_STEP][PASSED] - click: Object: 'Object Repository/Final Object Repo/Page_Form 1A - Cessation As Employer/Document Type - Supporting Document For Cessation' is clicked on

2018-11-09 13:14:17 - [MESSAGE][PASSED] - Object: 'Object Repository/Final Object Repo/Page_Form 1A - Cessation As Employer/Document Type - Supporting Document For Cessation' is clicked on

2018-11-09 13:14:17 - [TEST_STEP][PASSED] - delay: Delayed 2 second(s)

2018-11-09 13:14:19 - [MESSAGE][PASSED] - Delayed 2 second(s)

2018-11-09 13:14:19 - [TEST_STEP][PASSED] - sendKeys: Keys 'C:\Users\Public\Pictures\Sample Pictures\Act.jpg' sent to object: 'Object Repository/Final Object Repo/Page_Form 1A - Cessation As Employer/Uploading File'

2018-11-09 13:14:19 - [MESSAGE][PASSED] - Keys 'C:\Users\Public\Pictures\Sample Pictures\Act.jpg' sent to object: 'Object Repository/Final Object Repo/Page_Form 1A - Cessation As Employer/Uploading File'

2018-11-09 13:14:19 - [TEST_STEP][PASSED] - delay: Delayed 2 second(s)

2018-11-09 13:14:21 - [MESSAGE][PASSED] - Delayed 2 second(s)

2018-11-09 13:14:21 - [TEST_STEP][PASSED] - click: Object: 'Object Repository/Final Object Repo/Page_Form 1A - Cessation As Employer/Add Document in Uploading Page' is clicked on

2018-11-09 13:14:26 - [MESSAGE][PASSED] - Object: 'Object Repository/Final Object Repo/Page_Form 1A - Cessation As Employer/Add Document in Uploading Page' is clicked on

2018-11-09 13:14:26 - [TEST_STEP][PASSED] - delay: Delayed 15 second(s)

2018-11-09 13:14:41 - [MESSAGE][PASSED] - Delayed 15 second(s)

2018-11-09 13:14:41 - [TEST_STEP][PASSED] - click: Object: 'Object Repository/Final Object Repo/Page_Form 1A - Cessation As Employer/Save  Continue in Uploading Page' is clicked on

2018-11-09 13:14:41 - [MESSAGE][PASSED] - Object: 'Object Repository/Final Object Repo/Page_Form 1A - Cessation As Employer/Save  Continue in Uploading Page' is clicked on

2018-11-09 13:14:41 - [TEST_STEP][PASSED] - delay: Delayed 2 second(s)

2018-11-09 13:14:43 - [MESSAGE][PASSED] - Delayed 2 second(s)

2018-11-09 13:14:43 - [TEST_STEP][PASSED] - click: Object: 'Object Repository/Final Object Repo/Page_Form 1A - Cessation As Employer/Submit2' is clicked on

2018-11-09 13:14:47 - [MESSAGE][PASSED] - Object: 'Object Repository/Final Object Repo/Page_Form 1A - Cessation As Employer/Submit2' is clicked on

2018-11-09 13:14:47 - [TEST_STEP][PASSED] - delay: Delayed 2 second(s)

2018-11-09 13:14:49 - [MESSAGE][PASSED] - Delayed 2 second(s)

2018-11-09 13:14:49 - [TEST_STEP][PASSED] - click: Object: 'Object Repository/Final Object Repo/Page_Form 1A - Cessation As Employer/Confirm' is clicked on

2018-11-09 13:14:54 - [MESSAGE][PASSED] - Object: 'Object Repository/Final Object Repo/Page_Form 1A - Cessation As Employer/Confirm' is clicked on

2018-11-09 13:14:54 - [TEST_STEP][PASSED] - delay: Delayed 2 second(s)

2018-11-09 13:14:56 - [MESSAGE][PASSED] - Delayed 2 second(s)

2018-11-09 13:14:56 - [TEST_STEP][PASSED] - verifyElementVisible: Object 'Object Repository/Final Object Repo/Page_Form 1A - Cessation As Employer/Message Your Request will be routed to UO' is visible

2018-11-09 13:14:56 - [MESSAGE][PASSED] - Object 'Object Repository/Final Object Repo/Page_Form 1A - Cessation As Employer/Message Your Request will be routed to UO' is visible

2018-11-09 13:14:56 - [TEST_STEP][PASSED] - delay: Delayed 1 second(s)

2018-11-09 13:14:57 - [MESSAGE][PASSED] - Delayed 1 second(s)

2018-11-09 13:14:57 - [TEST_STEP][PASSED] - verifyElementVisible: Object 'Object Repository/Final Object Repo/Page_Form 1A - Cessation As Employer/Letter of acknowledgement' is visible

2018-11-09 13:14:57 - [MESSAGE][PASSED] - Object 'Object Repository/Final Object Repo/Page_Form 1A - Cessation As Employer/Letter of acknowledgement' is visible

2018-11-09 13:14:57 - [MESSAGE][PASSED] - Call Test Case 'Test Cases/Final Aug 2018 - PKS Automation/Registration Module/Workflow/Form 1A - Cessation As Employer/Template/Form 1 A - Cessation As Employer (PKRBO)' successfully

2018-11-09 13:14:57 - [TEST_STEP][PASSED] - callTestCase: Call Test Case 'Test Cases/Final Aug 2018 - PKS Automation/Registration Module/Workflow/Form 1A - Cessation As Employer/Template/Form 1 A - Cessation As Employer (Approve)' successfully

2018-11-09 13:14:57 - [TEST_CASE][PASSED] - Test Cases/Final Aug 2018 - PKS Automation/Registration Module/Workflow/Form 1A - Cessation As Employer/Template/Form 1 A - Cessation As Employer (Approve): Test Cases/Final Aug 2018 - PKS Automation/Registration Module/Workflow/Form 1A - Cessation As Employer/Template/Form 1 A - Cessation As Employer (Approve)

2018-11-09 13:14:57 - [TEST_STEP][NOT_RUN] - callTestCase: NOT_RUN: callTestCase

2018-11-09 13:14:57 - [MESSAGE][NOT_RUN] - NOT_RUN: callTestCase

2018-11-09 13:14:57 - [TEST_STEP][PASSED] - delay: Delayed 1 second(s)

2018-11-09 13:14:58 - [MESSAGE][PASSED] - Delayed 1 second(s)

2018-11-09 13:14:58 - [TEST_STEP][PASSED] - navigateToUrl: Navigate to 'https://assist2-uat.perkeso.gov.my/c/portal/logout' successfully

2018-11-09 13:15:00 - [MESSAGE][PASSED] - Navigate to 'https://assist2-uat.perkeso.gov.my/c/portal/logout' successfully

2018-11-09 13:15:00 - [TEST_STEP][PASSED] - delay: Delayed 1 second(s)

2018-11-09 13:15:01 - [MESSAGE][PASSED] - Delayed 1 second(s)

2018-11-09 13:15:01 - [TEST_STEP][PASSED] - callTestCase: Call Test Case 'Test Cases/Final Aug 2018 - PKS Automation/Common/Reference Number Getter' successfully

2018-11-09 13:15:01 - [TEST_CASE][PASSED] - Test Cases/Final Aug 2018 - PKS Automation/Common/Reference Number Getter: Test Cases/Final Aug 2018 - PKS Automation/Common/Reference Number Getter

2018-11-09 13:15:01 - [TEST_STEP][PASSED] - Statement - Try: null

2018-11-09 13:15:01 - [TEST_STEP][PASSED] - Statement - RefNo = new java.io.File(C://KatalonReference.txt): null

2018-11-09 13:15:01 - [TEST_STEP][PASSED] - Statement - bufferread = new java.io.BufferedReader(new java.io.FileReader(RefNo)): null

2018-11-09 13:15:01 - [TEST_STEP][PASSED] - Statement - readedVal = bufferread.readLine(): null

2018-11-09 13:15:01 - [TEST_STEP][PASSED] - Statement - out.println(CaseReferenceNo): null

2018-11-09 13:15:01 - [TEST_STEP][PASSED] - Statement - out.println(readedVal): null

2018-11-09 13:15:01 - [TEST_STEP][PASSED] - Statement - CaseReferenceNo = readedVal: null

2018-11-09 13:15:01 - [MESSAGE][PASSED] - Call Test Case 'Test Cases/Final Aug 2018 - PKS Automation/Common/Reference Number Getter' successfully

2018-11-09 13:15:01 - [TEST_STEP][PASSED] - callTestCase: Call Test Case 'Test Cases/Final Aug 2018 - PKS Automation/Common/Workflow Owner Finder' successfully

2018-11-09 13:15:01 - [TEST_CASE][PASSED] - Test Cases/Final Aug 2018 - PKS Automation/Common/Workflow Owner Finder: Test Cases/Final Aug 2018 - PKS Automation/Common/Workflow Owner Finder

2018-11-09 13:15:01 - [TEST_STEP][PASSED] - openBrowser: Browser is opened with url: ''

2018-11-09 13:15:01 - [MESSAGE][WARNING] - A browser is already opened. Closing browser and opening a new one

2018-11-09 13:15:17 - [MESSAGE][PASSED] - Browser is opened with url: ''

2018-11-09 13:15:17 - [TEST_STEP][PASSED] - navigateToUrl: Navigate to 'https://assist2-uat.perkeso.gov.my/login' successfully

2018-11-09 13:15:20 - [MESSAGE][PASSED] - Navigate to 'https://assist2-uat.perkeso.gov.my/login' successfully

2018-11-09 13:15:20 - [TEST_STEP][PASSED] - delay: Delayed 5 second(s)

2018-11-09 13:15:25 - [MESSAGE][PASSED] - Delayed 5 second(s)

2018-11-09 13:15:25 - [TEST_STEP][PASSED] - setText: Text 'test@liferay.com' is set on object 'Object Repository/Final Object Repo/Login Page/Internal User/Email Address'

2018-11-09 13:15:25 - [MESSAGE][PASSED] - Text 'test@liferay.com' is set on object 'Object Repository/Final Object Repo/Login Page/Internal User/Email Address'

2018-11-09 13:15:25 - [TEST_STEP][PASSED] - click: Object: 'Object Repository/Final Object Repo/Login Page/Internal User/Next Button' is clicked on

2018-11-09 13:15:25 - [MESSAGE][PASSED] - Object: 'Object Repository/Final Object Repo/Login Page/Internal User/Next Button' is clicked on

2018-11-09 13:15:25 - [TEST_STEP][PASSED] - delay: Delayed 2 second(s)

2018-11-09 13:15:27 - [MESSAGE][PASSED] - Delayed 2 second(s)

2018-11-09 13:15:27 - [TEST_STEP][PASSED] - setText: Text 'test' is set on object 'Object Repository/Final Object Repo/Login Page/Internal User/Password'

2018-11-09 13:15:27 - [MESSAGE][PASSED] - Text 'test' is set on object 'Object Repository/Final Object Repo/Login Page/Internal User/Password'

2018-11-09 13:15:27 - [TEST_STEP][PASSED] - delay: Delayed 2 second(s)

2018-11-09 13:15:29 - [MESSAGE][PASSED] - Delayed 2 second(s)

2018-11-09 13:15:29 - [TEST_STEP][PASSED] - click: Object: 'Object Repository/Final Object Repo/Login Page/Internal User/Login Button' is clicked on

2018-11-09 13:15:33 - [MESSAGE][PASSED] - Object: 'Object Repository/Final Object Repo/Login Page/Internal User/Login Button' is clicked on

2018-11-09 13:15:33 - [TEST_STEP][PASSED] - Statement - Try: Delayed 2 second(s)

2018-11-09 13:15:33 - [TEST_STEP][PASSED] - Statement - Checker = false: null

2018-11-09 13:15:33 - [TEST_STEP][PASSED] - Statement - Checker = com.kms.katalon.core.webui.keyword.WebUiBuiltInKeywords.verifyElementHasAttribute(com.kms.katalon.core.testobject.ObjectRepository.findTestObject(Final Object Repo/Landing Page/BM Detecting), "href", 20, OPTIONAL): Object 'Object Repository/Final Object Repo/Landing Page/BM Detecting' has attribute 'href'

2018-11-09 13:15:33 - [MESSAGE][PASSED] - Object 'Object Repository/Final Object Repo/Landing Page/BM Detecting' has attribute 'href'

2018-11-09 13:15:33 - [TEST_STEP][PASSED] - Statement - out.println(Checker): null

2018-11-09 13:15:33 - [TEST_STEP][PASSED] - Statement - If (Checker == false): null

2018-11-09 13:15:33 - [TEST_STEP][PASSED] - Statement - Else: null

2018-11-09 13:15:33 - [TEST_STEP][PASSED] - delay: Delayed 2 second(s)

2018-11-09 13:15:35 - [MESSAGE][PASSED] - Delayed 2 second(s)

2018-11-09 13:15:35 - [TEST_STEP][PASSED] - delay: Delayed 3 second(s)

2018-11-09 13:15:38 - [MESSAGE][PASSED] - Delayed 3 second(s)

2018-11-09 13:15:38 - [TEST_STEP][PASSED] - mouseOver: Object: 'Object Repository/Final Object Repo/Landing Page/WorkFlow Menu' is hovered

2018-11-09 13:15:38 - [MESSAGE][PASSED] - Object: 'Object Repository/Final Object Repo/Landing Page/WorkFlow Menu' is hovered

2018-11-09 13:15:38 - [TEST_STEP][PASSED] - delay: Delayed 2 second(s)

2018-11-09 13:15:40 - [MESSAGE][PASSED] - Delayed 2 second(s)

2018-11-09 13:15:40 - [TEST_STEP][PASSED] - click: Object: 'Object Repository/Final Object Repo/Landing Page/Select to Workflow Listing' is clicked on

2018-11-09 13:15:41 - [MESSAGE][PASSED] - Object: 'Object Repository/Final Object Repo/Landing Page/Select to Workflow Listing' is clicked on

2018-11-09 13:15:41 - [TEST_STEP][PASSED] - delay: Delayed 2 second(s)

2018-11-09 13:15:43 - [MESSAGE][PASSED] - Delayed 2 second(s)

2018-11-09 13:15:43 - [TEST_STEP][PASSED] - click: Object: 'Object Repository/Final Object Repo/WorkFlow Listing Page/Search Information - To Put Ref No' is clicked on

2018-11-09 13:15:44 - [MESSAGE][PASSED] - Object: 'Object Repository/Final Object Repo/WorkFlow Listing Page/Search Information - To Put Ref No' is clicked on

2018-11-09 13:15:44 - [TEST_STEP][PASSED] - delay: Delayed 2 second(s)

2018-11-09 13:15:46 - [MESSAGE][PASSED] - Delayed 2 second(s)

2018-11-09 13:15:46 - [TEST_STEP][PASSED] - callTestCase: Call Test Case 'Test Cases/Final Aug 2018 - PKS Automation/Common/Reference Number Getter' successfully

2018-11-09 13:15:46 - [TEST_CASE][PASSED] - Test Cases/Final Aug 2018 - PKS Automation/Common/Reference Number Getter: Test Cases/Final Aug 2018 - PKS Automation/Common/Reference Number Getter

2018-11-09 13:15:46 - [TEST_STEP][PASSED] - Statement - Try: null

2018-11-09 13:15:46 - [TEST_STEP][PASSED] - Statement - RefNo = new java.io.File(C://KatalonReference.txt): null

2018-11-09 13:15:46 - [TEST_STEP][PASSED] - Statement - bufferread = new java.io.BufferedReader(new java.io.FileReader(RefNo)): null

2018-11-09 13:15:46 - [TEST_STEP][PASSED] - Statement - readedVal = bufferread.readLine(): null

2018-11-09 13:15:46 - [TEST_STEP][PASSED] - Statement - out.println(CaseReferenceNo): null

2018-11-09 13:15:46 - [TEST_STEP][PASSED] - Statement - out.println(readedVal): null

2018-11-09 13:15:46 - [TEST_STEP][PASSED] - Statement - CaseReferenceNo = readedVal: null

2018-11-09 13:15:46 - [MESSAGE][PASSED] - Call Test Case 'Test Cases/Final Aug 2018 - PKS Automation/Common/Reference Number Getter' successfully

2018-11-09 13:15:46 - [TEST_STEP][PASSED] - setText: Text 'CUN112018C200001543' is set on object 'Object Repository/Final Object Repo/WorkFlow Listing Page/Ref No Set Text'

2018-11-09 13:15:46 - [MESSAGE][PASSED] - Text 'CUN112018C200001543' is set on object 'Object Repository/Final Object Repo/WorkFlow Listing Page/Ref No Set Text'

2018-11-09 13:15:46 - [TEST_STEP][PASSED] - delay: Delayed 2 second(s)

2018-11-09 13:15:48 - [MESSAGE][PASSED] - Delayed 2 second(s)

2018-11-09 13:15:48 - [TEST_STEP][PASSED] - click: Object: 'Object Repository/Final Object Repo/WorkFlow Listing Page/Search Ref No Search Button' is clicked on

2018-11-09 13:15:50 - [MESSAGE][PASSED] - Object: 'Object Repository/Final Object Repo/WorkFlow Listing Page/Search Ref No Search Button' is clicked on

2018-11-09 13:15:50 - [TEST_STEP][PASSED] - delay: Delayed 4 second(s)

2018-11-09 13:15:54 - [MESSAGE][PASSED] - Delayed 4 second(s)

2018-11-09 13:15:54 - [TEST_STEP][PASSED] - click: Object: 'Object Repository/Final Object Repo/WorkFlow Listing Page/Click Continue Tooltip' is clicked on

2018-11-09 13:15:56 - [MESSAGE][PASSED] - Object: 'Object Repository/Final Object Repo/WorkFlow Listing Page/Click Continue Tooltip' is clicked on

2018-11-09 13:15:56 - [TEST_STEP][PASSED] - delay: Delayed 5 second(s)

2018-11-09 13:16:01 - [MESSAGE][PASSED] - Delayed 5 second(s)

2018-11-09 13:16:01 - [TEST_STEP][PASSED] - doubleClick: Object: 'Object Repository/Final Object Repo/WorkFlow Listing Page/Workflow Found - Listing 1' is double clicked on

2018-11-09 13:16:01 - [MESSAGE][PASSED] - Object: 'Object Repository/Final Object Repo/WorkFlow Listing Page/Workflow Found - Listing 1' is double clicked on

2018-11-09 13:16:01 - [TEST_STEP][PASSED] - Statement - println(OwnerID): null

2018-11-09 13:16:01 - [TEST_STEP][PASSED] - Statement - OwnerID = com.kms.katalon.core.webui.keyword.WebUiBuiltInKeywords.getText(com.kms.katalon.core.testobject.ObjectRepository.findTestObject(Final Object Repo/WorkFlow Listing Page/Workflow Found - Listing 1), STOP_ON_FAILURE): Text of object 'Object Repository/Final Object Repo/WorkFlow Listing Page/Workflow Found - Listing 1' is: 'JOHORuo1'

2018-11-09 13:16:01 - [MESSAGE][PASSED] - Text of object 'Object Repository/Final Object Repo/WorkFlow Listing Page/Workflow Found - Listing 1' is: 'JOHORuo1'

2018-11-09 13:16:01 - [TEST_STEP][PASSED] - Statement - OwnerID = OwnerID.toLowerCase() + "@gmail.com": null

2018-11-09 13:16:01 - [TEST_STEP][PASSED] - Statement - println(OwnerID): null

2018-11-09 13:16:01 - [TEST_STEP][PASSED] - delay: Delayed 2 second(s)

2018-11-09 13:16:03 - [MESSAGE][PASSED] - Delayed 2 second(s)

2018-11-09 13:16:03 - [MESSAGE][PASSED] - Call Test Case 'Test Cases/Final Aug 2018 - PKS Automation/Common/Workflow Owner Finder' successfully

2018-11-09 13:16:03 - [TEST_STEP][PASSED] - delay: Delayed 1 second(s)

2018-11-09 13:16:04 - [MESSAGE][PASSED] - Delayed 1 second(s)

2018-11-09 13:16:04 - [TEST_STEP][PASSED] - navigateToUrl: Navigate to 'https://assist2-uat.perkeso.gov.my/c/portal/logout' successfully

2018-11-09 13:16:05 - [MESSAGE][PASSED] - Navigate to 'https://assist2-uat.perkeso.gov.my/c/portal/logout' successfully

2018-11-09 13:16:05 - [TEST_STEP][PASSED] - delay: Delayed 1 second(s)

2018-11-09 13:16:06 - [MESSAGE][PASSED] - Delayed 1 second(s)

2018-11-09 13:16:06 - [TEST_STEP][PASSED] - callTestCase: Call Test Case 'Test Cases/Final Aug 2018 - PKS Automation/Registration Module/Workflow/Login and Search Case For Workflow' successfully

2018-11-09 13:16:06 - [TEST_CASE][PASSED] - Test Cases/Final Aug 2018 - PKS Automation/Registration Module/Workflow/Login and Search Case For Workflow: Test Cases/Final Aug 2018 - PKS Automation/Registration Module/Workflow/Login and Search Case For Workflow

2018-11-09 13:16:06 - [TEST_STEP][PASSED] - navigateToUrl: Navigate to 'https://assist2-uat.perkeso.gov.my/login' successfully

2018-11-09 13:16:07 - [MESSAGE][PASSED] - Navigate to 'https://assist2-uat.perkeso.gov.my/login' successfully

2018-11-09 13:16:07 - [TEST_STEP][PASSED] - setText: Text 'johoruo1@gmail.com' is set on object 'Object Repository/Final Object Repo/Login Page/Internal User/Email Address'

2018-11-09 13:16:08 - [MESSAGE][PASSED] - Text 'johoruo1@gmail.com' is set on object 'Object Repository/Final Object Repo/Login Page/Internal User/Email Address'

2018-11-09 13:16:08 - [TEST_STEP][PASSED] - click: Object: 'Object Repository/Final Object Repo/Login Page/Internal User/Next Button' is clicked on

2018-11-09 13:16:08 - [MESSAGE][PASSED] - Object: 'Object Repository/Final Object Repo/Login Page/Internal User/Next Button' is clicked on

2018-11-09 13:16:08 - [TEST_STEP][PASSED] - delay: Delayed 1 second(s)

2018-11-09 13:16:09 - [MESSAGE][PASSED] - Delayed 1 second(s)

2018-11-09 13:16:09 - [TEST_STEP][PASSED] - setEncryptedText: Text ****** has been set on object 'Object Repository/Final Object Repo/Login Page/Internal User/Password'

2018-11-09 13:16:09 - [MESSAGE][PASSED] - Text ****** has been set on object 'Object Repository/Final Object Repo/Login Page/Internal User/Password'

2018-11-09 13:16:09 - [TEST_STEP][PASSED] - click: Object: 'Object Repository/Final Object Repo/Login Page/Internal User/Login Button' is clicked on

2018-11-09 13:16:11 - [MESSAGE][PASSED] - Object: 'Object Repository/Final Object Repo/Login Page/Internal User/Login Button' is clicked on

2018-11-09 13:16:11 - [TEST_STEP][PASSED] - delay: Delayed 2 second(s)

2018-11-09 13:16:13 - [MESSAGE][PASSED] - Delayed 2 second(s)

2018-11-09 13:16:13 - [TEST_STEP][PASSED] - Statement - Try: Delayed 2 second(s)

2018-11-09 13:16:13 - [TEST_STEP][PASSED] - Statement - Checker = false: null

2018-11-09 13:16:13 - [TEST_STEP][PASSED] - Statement - Checker = com.kms.katalon.core.webui.keyword.WebUiBuiltInKeywords.verifyElementHasAttribute(com.kms.katalon.core.testobject.ObjectRepository.findTestObject(Final Object Repo/Landing Page/BM Detecting), "href", 20, OPTIONAL): Object 'Object Repository/Final Object Repo/Landing Page/BM Detecting' has attribute 'href'

2018-11-09 13:16:13 - [MESSAGE][PASSED] - Object 'Object Repository/Final Object Repo/Landing Page/BM Detecting' has attribute 'href'

2018-11-09 13:16:13 - [TEST_STEP][PASSED] - Statement - out.println(Checker): null

2018-11-09 13:16:13 - [TEST_STEP][PASSED] - Statement - If (Checker == false): null

2018-11-09 13:16:13 - [TEST_STEP][PASSED] - Statement - Else: null

2018-11-09 13:16:13 - [TEST_STEP][PASSED] - delay: Delayed 2 second(s)

2018-11-09 13:16:15 - [MESSAGE][PASSED] - Delayed 2 second(s)

2018-11-09 13:16:15 - [TEST_STEP][PASSED] - click: Object: 'Object Repository/Final Object Repo/Page_MyASSIST - ASSIST - Search Pending Case For Add Supporting Document/Search Information' is clicked on

2018-11-09 13:16:16 - [MESSAGE][PASSED] - Object: 'Object Repository/Final Object Repo/Page_MyASSIST - ASSIST - Search Pending Case For Add Supporting Document/Search Information' is clicked on

2018-11-09 13:16:16 - [TEST_STEP][PASSED] - delay: Delayed 3 second(s)

2018-11-09 13:16:19 - [MESSAGE][PASSED] - Delayed 3 second(s)

2018-11-09 13:16:19 - [TEST_STEP][PASSED] - sendKeys: Keys 'CUN112018C200001543' sent to object: 'Object Repository/Final Object Repo/Page_MyASSIST - ASSIST - Search Pending Case For Add Supporting Document/Reference No'

2018-11-09 13:16:19 - [MESSAGE][PASSED] - Keys 'CUN112018C200001543' sent to object: 'Object Repository/Final Object Repo/Page_MyASSIST - ASSIST - Search Pending Case For Add Supporting Document/Reference No'

2018-11-09 13:16:19 - [TEST_STEP][PASSED] - click: Object: 'Object Repository/Final Object Repo/Page_MyASSIST - ASSIST - Search Pending Case For Add Supporting Document/Search Reference No' is clicked on

2018-11-09 13:16:21 - [MESSAGE][PASSED] - Object: 'Object Repository/Final Object Repo/Page_MyASSIST - ASSIST - Search Pending Case For Add Supporting Document/Search Reference No' is clicked on

2018-11-09 13:16:21 - [TEST_STEP][PASSED] - delay: Delayed 2 second(s)

2018-11-09 13:16:23 - [MESSAGE][PASSED] - Delayed 2 second(s)

2018-11-09 13:16:23 - [TEST_STEP][PASSED] - click: Object: 'Object Repository/Final Object Repo/Page_MyASSIST - ASSIST - Search Pending Case For Add Supporting Document/Continue' is clicked on

2018-11-09 13:16:27 - [MESSAGE][PASSED] - Object: 'Object Repository/Final Object Repo/Page_MyASSIST - ASSIST - Search Pending Case For Add Supporting Document/Continue' is clicked on

2018-11-09 13:16:27 - [TEST_STEP][PASSED] - delay: Delayed 20 second(s)

2018-11-09 13:16:47 - [MESSAGE][PASSED] - Delayed 20 second(s)

2018-11-09 13:16:47 - [MESSAGE][PASSED] - Call Test Case 'Test Cases/Final Aug 2018 - PKS Automation/Registration Module/Workflow/Login and Search Case For Workflow' successfully

2018-11-09 13:16:47 - [TEST_STEP][PASSED] - click: Object: 'Object Repository/Final Object Repo/Page_Form 1A - Cessation As Employer/Page_Form 1A - Cessation As Employer (Approve)/Save  Continue in Form 1A Page' is clicked on

2018-11-09 13:16:49 - [MESSAGE][PASSED] - Object: 'Object Repository/Final Object Repo/Page_Form 1A - Cessation As Employer/Page_Form 1A - Cessation As Employer (Approve)/Save  Continue in Form 1A Page' is clicked on

2018-11-09 13:16:49 - [TEST_STEP][PASSED] - delay: Delayed 2 second(s)

2018-11-09 13:16:51 - [MESSAGE][PASSED] - Delayed 2 second(s)

2018-11-09 13:16:51 - [TEST_STEP][PASSED] - click: Object: 'Object Repository/Final Object Repo/Page_Form 1A - Cessation As Employer/Employment Resign Date' is clicked on

2018-11-09 13:16:52 - [MESSAGE][PASSED] - Object: 'Object Repository/Final Object Repo/Page_Form 1A - Cessation As Employer/Employment Resign Date' is clicked on

2018-11-09 13:16:52 - [TEST_STEP][PASSED] - delay: Delayed 1 second(s)

2018-11-09 13:16:53 - [MESSAGE][PASSED] - Delayed 1 second(s)

2018-11-09 13:16:53 - [TEST_STEP][PASSED] - selectOptionByValue: All options with value '2030' are selected in object 'Object Repository/Final Object Repo/Page_Form 1A - Cessation As Employer/Employment Resign Date - Year' 

2018-11-09 13:16:53 - [MESSAGE][PASSED] - All options with value '2030' are selected in object 'Object Repository/Final Object Repo/Page_Form 1A - Cessation As Employer/Employment Resign Date - Year' 

2018-11-09 13:16:53 - [TEST_STEP][PASSED] - delay: Delayed 1 second(s)

2018-11-09 13:16:54 - [MESSAGE][PASSED] - Delayed 1 second(s)

2018-11-09 13:16:54 - [TEST_STEP][PASSED] - click: Object: 'Object Repository/Final Object Repo/Page_Form 1A - Cessation As Employer/Employment Resign Date - Year - Date' is clicked on

2018-11-09 13:16:55 - [MESSAGE][PASSED] - Object: 'Object Repository/Final Object Repo/Page_Form 1A - Cessation As Employer/Employment Resign Date - Year - Date' is clicked on

2018-11-09 13:16:55 - [TEST_STEP][PASSED] - delay: Delayed 2 second(s)

2018-11-09 13:16:57 - [MESSAGE][PASSED] - Delayed 2 second(s)

2018-11-09 13:16:57 - [TEST_STEP][PASSED] - click: Object: 'Object Repository/Final Object Repo/Page_Form 1A - Cessation As Employer/Page_Form 1A - Cessation As Employer (Approve)/Save  Continue in Update Add Employee Resigned Date Page' is clicked on

2018-11-09 13:17:00 - [MESSAGE][PASSED] - Object: 'Object Repository/Final Object Repo/Page_Form 1A - Cessation As Employer/Page_Form 1A - Cessation As Employer (Approve)/Save  Continue in Update Add Employee Resigned Date Page' is clicked on

2018-11-09 13:17:00 - [TEST_STEP][PASSED] - delay: Delayed 2 second(s)

2018-11-09 13:17:02 - [MESSAGE][PASSED] - Delayed 2 second(s)

2018-11-09 13:17:02 - [TEST_STEP][PASSED] - click: Object: 'Object Repository/Final Object Repo/Page_Form 1A - Cessation As Employer/Page_Form 1A - Cessation As Employer (Approve)/Save  Contine in Uploading Document Page' is clicked on

2018-11-09 13:17:08 - [MESSAGE][PASSED] - Object: 'Object Repository/Final Object Repo/Page_Form 1A - Cessation As Employer/Page_Form 1A - Cessation As Employer (Approve)/Save  Contine in Uploading Document Page' is clicked on

2018-11-09 13:17:08 - [TEST_STEP][PASSED] - delay: Delayed 2 second(s)

2018-11-09 13:17:10 - [MESSAGE][PASSED] - Delayed 2 second(s)

2018-11-09 13:17:10 - [TEST_STEP][PASSED] - click: Object: 'Object Repository/Final Object Repo/Page_Form 1A - Cessation As Employer/Page_Form 1A - Cessation As Employer (Approve)/Approve' is clicked on

2018-11-09 13:17:10 - [MESSAGE][PASSED] - Object: 'Object Repository/Final Object Repo/Page_Form 1A - Cessation As Employer/Page_Form 1A - Cessation As Employer (Approve)/Approve' is clicked on

2018-11-09 13:17:10 - [TEST_STEP][PASSED] - delay: Delayed 2 second(s)

2018-11-09 13:17:12 - [MESSAGE][PASSED] - Delayed 2 second(s)

2018-11-09 13:17:12 - [TEST_STEP][PASSED] - click: Object: 'Object Repository/Final Object Repo/Page_Form 1A - Cessation As Employer/Confirm' is clicked on

2018-11-09 13:17:13 - [MESSAGE][PASSED] - Object: 'Object Repository/Final Object Repo/Page_Form 1A - Cessation As Employer/Confirm' is clicked on

2018-11-09 13:17:13 - [TEST_STEP][PASSED] - delay: Delayed 2 second(s)

2018-11-09 13:17:15 - [MESSAGE][PASSED] - Delayed 2 second(s)

2018-11-09 13:17:15 - [TEST_STEP][PASSED] - click: Object: 'Object Repository/Final Object Repo/Page_Form 1A - Cessation As Employer/Page_Form 1A - Cessation As Employer (Approve)/Message Your Request    Form 1A ' is clicked on

2018-11-09 13:17:24 - [MESSAGE][PASSED] - Object: 'Object Repository/Final Object Repo/Page_Form 1A - Cessation As Employer/Page_Form 1A - Cessation As Employer (Approve)/Message Your Request    Form 1A ' is clicked on

2018-11-09 13:17:24 - [TEST_STEP][PASSED] - delay: Delayed 2 second(s)

2018-11-09 13:17:26 - [MESSAGE][PASSED] - Delayed 2 second(s)

2018-11-09 13:17:26 - [TEST_STEP][PASSED] - click: Object: 'Object Repository/Final Object Repo/Page_Form 1A - Cessation As Employer/Page_Form 1A - Cessation As Employer (Approve)/Letter of successful update' is clicked on

2018-11-09 13:17:32 - [MESSAGE][PASSED] - Object: 'Object Repository/Final Object Repo/Page_Form 1A - Cessation As Employer/Page_Form 1A - Cessation As Employer (Approve)/Letter of successful update' is clicked on

2018-11-09 13:17:32 - [MESSAGE][PASSED] - Call Test Case 'Test Cases/Final Aug 2018 - PKS Automation/Registration Module/Workflow/Form 1A - Cessation As Employer/Template/Form 1 A - Cessation As Employer (Approve)' successfully]]></system-out>
         <system-err><![CDATA[]]></system-err>
      </testcase>
      <testcase name="Test Cases/Final Aug 2018 - PKS Automation/Registration Module/Workflow/Form 1A - Cessation As Employer/PKRBO to UO (Query)" classname="Test Cases/Final Aug 2018 - PKS Automation/Registration Module/Workflow/Form 1A - Cessation As Employer/PKRBO to UO (Query)" status="FAILED">
         <failure type="FAILED" message="(Stack trace: com.kms.katalon.core.exception.StepFailedException: Unable to click on object 'Object Repository/Final Object Repo/WorkFlow Listing Page/Click Continue Tooltip' (Root cause: com.kms.katalon.core.webui.exception.WebElementNotFoundException: Web element with id: 'Object Repository/Final Object Repo/WorkFlow Listing Page/Click Continue Tooltip' located by 'By.xpath: //i[@aria-hidden = 'true' and @data-toggle = 'tooltip' and @data-original-title = 'Continue']' not found)
	at com.kms.katalon.core.keyword.internal.KeywordMain.stepFailed(KeywordMain.groovy:32)
	at com.kms.katalon.core.webui.keyword.internal.WebUIKeywordMain.stepFailed(WebUIKeywordMain.groovy:65)
	at com.kms.katalon.core.webui.keyword.internal.WebUIKeywordMain.runKeyword(WebUIKeywordMain.groovy:27)
	at com.kms.katalon.core.webui.keyword.builtin.ClickKeyword.click(ClickKeyword.groovy:86)
	at com.kms.katalon.core.webui.keyword.builtin.ClickKeyword.execute(ClickKeyword.groovy:67)
	at com.kms.katalon.core.keyword.internal.KeywordExecutor.executeKeywordForPlatform(KeywordExecutor.groovy:53)
	at com.kms.katalon.core.webui.keyword.WebUiBuiltInKeywords.click(WebUiBuiltInKeywords.groovy:616)
	at com.kms.katalon.core.webui.keyword.WebUiBuiltInKeywords$click$2.call(Unknown Source)
	at Script1534407542420.run(Script1534407542420.groovy:91)
	at com.kms.katalon.core.main.ScriptEngine.run(ScriptEngine.java:183)
	at com.kms.katalon.core.main.ScriptEngine.runScriptAsRawText(ScriptEngine.java:108)
	at com.kms.katalon.core.main.TestCaseExecutor.runScript(TestCaseExecutor.java:294)
	at com.kms.katalon.core.main.TestCaseExecutor.doExecute(TestCaseExecutor.java:285)
	at com.kms.katalon.core.main.TestCaseExecutor.processExecutionPhase(TestCaseExecutor.java:264)
	at com.kms.katalon.core.main.TestCaseExecutor.accessMainPhase(TestCaseExecutor.java:256)
	at com.kms.katalon.core.main.TestCaseExecutor.execute(TestCaseExecutor.java:200)
	at com.kms.katalon.core.main.TestCaseMain.runTestCase(TestCaseMain.java:99)
	at com.kms.katalon.core.keyword.builtin.CallTestCaseKeyword$_callTestCase_closure1.doCall(CallTestCaseKeyword.groovy:60)
	at com.kms.katalon.core.keyword.builtin.CallTestCaseKeyword$_callTestCase_closure1.call(CallTestCaseKeyword.groovy)
	at com.kms.katalon.core.keyword.internal.KeywordMain.runKeyword(KeywordMain.groovy:54)
	at com.kms.katalon.core.keyword.builtin.CallTestCaseKeyword.callTestCase(CallTestCaseKeyword.groovy:81)
	at com.kms.katalon.core.keyword.builtin.CallTestCaseKeyword.execute(CallTestCaseKeyword.groovy:45)
	at com.kms.katalon.core.keyword.internal.KeywordExecutor.executeKeywordForPlatform(KeywordExecutor.groovy:53)
	at com.kms.katalon.core.keyword.BuiltinKeywords.callTestCase(BuiltinKeywords.groovy:334)
	at sun.reflect.GeneratedMethodAccessor13.invoke(Unknown Source)
	at sun.reflect.DelegatingMethodAccessorImpl.invoke(DelegatingMethodAccessorImpl.java:43)
	at java.lang.reflect.Method.invoke(Method.java:498)
	at org.codehaus.groovy.reflection.CachedMethod.invoke(CachedMethod.java:93)
	at groovy.lang.MetaMethod.doMethodInvoke(MetaMethod.java:325)
	at groovy.lang.MetaClassImpl.invokeStaticMethod(MetaClassImpl.java:1469)
	at org.codehaus.groovy.runtime.callsite.StaticMetaClassSite.call(StaticMetaClassSite.java:53)
	at org.codehaus.groovy.runtime.callsite.AbstractCallSite.call(AbstractCallSite.java:141)
	at Script1535963377509.run(Script1535963377509.groovy:33)
	at com.kms.katalon.core.main.ScriptEngine.run(ScriptEngine.java:183)
	at com.kms.katalon.core.main.ScriptEngine.runScriptAsRawText(ScriptEngine.java:108)
	at com.kms.katalon.core.main.TestCaseExecutor.runScript(TestCaseExecutor.java:294)
	at com.kms.katalon.core.main.TestCaseExecutor.doExecute(TestCaseExecutor.java:285)
	at com.kms.katalon.core.main.TestCaseExecutor.processExecutionPhase(TestCaseExecutor.java:264)
	at com.kms.katalon.core.main.TestCaseExecutor.accessMainPhase(TestCaseExecutor.java:256)
	at com.kms.katalon.core.main.TestCaseExecutor.execute(TestCaseExecutor.java:200)
	at com.kms.katalon.core.main.TestCaseMain.runTestCase(TestCaseMain.java:99)
	at com.kms.katalon.core.keyword.builtin.CallTestCaseKeyword$_callTestCase_closure1.doCall(CallTestCaseKeyword.groovy:60)
	at com.kms.katalon.core.keyword.builtin.CallTestCaseKeyword$_callTestCase_closure1.call(CallTestCaseKeyword.groovy)
	at com.kms.katalon.core.keyword.internal.KeywordMain.runKeyword(KeywordMain.groovy:54)
	at com.kms.katalon.core.keyword.builtin.CallTestCaseKeyword.callTestCase(CallTestCaseKeyword.groovy:81)
	at com.kms.katalon.core.keyword.builtin.CallTestCaseKeyword.execute(CallTestCaseKeyword.groovy:45)
	at com.kms.katalon.core.keyword.internal.KeywordExecutor.executeKeywordForPlatform(KeywordExecutor.groovy:53)
	at com.kms.katalon.core.keyword.BuiltinKeywords.callTestCase(BuiltinKeywords.groovy:334)
	at sun.reflect.GeneratedMethodAccessor13.invoke(Unknown Source)
	at sun.reflect.DelegatingMethodAccessorImpl.invoke(DelegatingMethodAccessorImpl.java:43)
	at java.lang.reflect.Method.invoke(Method.java:498)
	at org.codehaus.groovy.reflection.CachedMethod.invoke(CachedMethod.java:93)
	at groovy.lang.MetaMethod.doMethodInvoke(MetaMethod.java:325)
	at groovy.lang.MetaClassImpl.invokeStaticMethod(MetaClassImpl.java:1469)
	at org.codehaus.groovy.runtime.callsite.StaticMetaClassSite.call(StaticMetaClassSite.java:53)
	at org.codehaus.groovy.runtime.callsite.CallSiteArray.defaultCall(CallSiteArray.java:48)
	at org.codehaus.groovy.runtime.callsite.AbstractCallSite.call(AbstractCallSite.java:113)
	at org.codehaus.groovy.runtime.callsite.AbstractCallSite.call(AbstractCallSite.java:141)
	at Script1536201092101.run(Script1536201092101.groovy:25)
	at com.kms.katalon.core.main.ScriptEngine.run(ScriptEngine.java:183)
	at com.kms.katalon.core.main.ScriptEngine.runScriptAsRawText(ScriptEngine.java:108)
	at com.kms.katalon.core.main.TestCaseExecutor.runScript(TestCaseExecutor.java:294)
	at com.kms.katalon.core.main.TestCaseExecutor.doExecute(TestCaseExecutor.java:285)
	at com.kms.katalon.core.main.TestCaseExecutor.processExecutionPhase(TestCaseExecutor.java:264)
	at com.kms.katalon.core.main.TestCaseExecutor.accessMainPhase(TestCaseExecutor.java:256)
	at com.kms.katalon.core.main.TestCaseExecutor.execute(TestCaseExecutor.java:200)
	at com.kms.katalon.core.main.TestSuiteExecutor.accessTestCaseMainPhase(TestSuiteExecutor.java:129)
	at com.kms.katalon.core.main.TestSuiteExecutor.accessTestSuiteMainPhase(TestSuiteExecutor.java:112)
	at com.kms.katalon.core.main.TestSuiteExecutor.execute(TestSuiteExecutor.java:81)
	at com.kms.katalon.core.main.TestCaseMain.startTestSuite(TestCaseMain.java:142)
	at com.kms.katalon.core.main.TestCaseMain$startTestSuite$0.call(Unknown Source)
	at org.codehaus.groovy.runtime.callsite.CallSiteArray.defaultCall(CallSiteArray.java:48)
	at org.codehaus.groovy.runtime.callsite.AbstractCallSite.call(AbstractCallSite.java:113)
	at org.codehaus.groovy.runtime.callsite.AbstractCallSite.call(AbstractCallSite.java:141)
	at TempTestSuite1541736709639.run(TempTestSuite1541736709639.groovy:36)
	at groovy.lang.GroovyShell.runScriptOrMainOrTestOrRunnable(GroovyShell.java:263)
	at groovy.lang.GroovyShell.run(GroovyShell.java:518)
	at groovy.lang.GroovyShell.run(GroovyShell.java:507)
	at groovy.ui.GroovyMain.processOnce(GroovyMain.java:653)
	at groovy.ui.GroovyMain.run(GroovyMain.java:384)
	at groovy.ui.GroovyMain.process(GroovyMain.java:370)
	at groovy.ui.GroovyMain.processArgs(GroovyMain.java:129)
	at groovy.ui.GroovyMain.main(GroovyMain.java:109)
	at sun.reflect.NativeMethodAccessorImpl.invoke0(Native Method)
	at sun.reflect.NativeMethodAccessorImpl.invoke(NativeMethodAccessorImpl.java:62)
	at sun.reflect.DelegatingMethodAccessorImpl.invoke(DelegatingMethodAccessorImpl.java:43)
	at java.lang.reflect.Method.invoke(Method.java:498)
	at org.codehaus.groovy.tools.GroovyStarter.rootLoader(GroovyStarter.java:109)
	at org.codehaus.groovy.tools.GroovyStarter.main(GroovyStarter.java:131)
)"/>
         <system-out><![CDATA[2018-11-09 13:17:32 - [TEST_CASE][FAILED] - Test Cases/Final Aug 2018 - PKS Automation/Registration Module/Workflow/Form 1A - Cessation As Employer/PKRBO to UO (Query): Test Cases/Final Aug 2018 - PKS Automation/Registration Module/Workflow/Form 1A - Cessation As Employer/PKRBO to UO (Query) FAILED because (of) (Stack trace: com.kms.katalon.core.exception.StepFailedException: Unable to click on object 'Object Repository/Final Object Repo/WorkFlow Listing Page/Click Continue Tooltip' (Root cause: com.kms.katalon.core.webui.exception.WebElementNotFoundException: Web element with id: 'Object Repository/Final Object Repo/WorkFlow Listing Page/Click Continue Tooltip' located by 'By.xpath: //i[@aria-hidden = 'true' and @data-toggle = 'tooltip' and @data-original-title = 'Continue']' not found)
	at com.kms.katalon.core.keyword.internal.KeywordMain.stepFailed(KeywordMain.groovy:32)
	at com.kms.katalon.core.webui.keyword.internal.WebUIKeywordMain.stepFailed(WebUIKeywordMain.groovy:65)
	at com.kms.katalon.core.webui.keyword.internal.WebUIKeywordMain.runKeyword(WebUIKeywordMain.groovy:27)
	at com.kms.katalon.core.webui.keyword.builtin.ClickKeyword.click(ClickKeyword.groovy:86)
	at com.kms.katalon.core.webui.keyword.builtin.ClickKeyword.execute(ClickKeyword.groovy:67)
	at com.kms.katalon.core.keyword.internal.KeywordExecutor.executeKeywordForPlatform(KeywordExecutor.groovy:53)
	at com.kms.katalon.core.webui.keyword.WebUiBuiltInKeywords.click(WebUiBuiltInKeywords.groovy:616)
	at com.kms.katalon.core.webui.keyword.WebUiBuiltInKeywords$click$2.call(Unknown Source)
	at Script1534407542420.run(Script1534407542420.groovy:91)
	at com.kms.katalon.core.main.ScriptEngine.run(ScriptEngine.java:183)
	at com.kms.katalon.core.main.ScriptEngine.runScriptAsRawText(ScriptEngine.java:108)
	at com.kms.katalon.core.main.TestCaseExecutor.runScript(TestCaseExecutor.java:294)
	at com.kms.katalon.core.main.TestCaseExecutor.doExecute(TestCaseExecutor.java:285)
	at com.kms.katalon.core.main.TestCaseExecutor.processExecutionPhase(TestCaseExecutor.java:264)
	at com.kms.katalon.core.main.TestCaseExecutor.accessMainPhase(TestCaseExecutor.java:256)
	at com.kms.katalon.core.main.TestCaseExecutor.execute(TestCaseExecutor.java:200)
	at com.kms.katalon.core.main.TestCaseMain.runTestCase(TestCaseMain.java:99)
	at com.kms.katalon.core.keyword.builtin.CallTestCaseKeyword$_callTestCase_closure1.doCall(CallTestCaseKeyword.groovy:60)
	at com.kms.katalon.core.keyword.builtin.CallTestCaseKeyword$_callTestCase_closure1.call(CallTestCaseKeyword.groovy)
	at com.kms.katalon.core.keyword.internal.KeywordMain.runKeyword(KeywordMain.groovy:54)
	at com.kms.katalon.core.keyword.builtin.CallTestCaseKeyword.callTestCase(CallTestCaseKeyword.groovy:81)
	at com.kms.katalon.core.keyword.builtin.CallTestCaseKeyword.execute(CallTestCaseKeyword.groovy:45)
	at com.kms.katalon.core.keyword.internal.KeywordExecutor.executeKeywordForPlatform(KeywordExecutor.groovy:53)
	at com.kms.katalon.core.keyword.BuiltinKeywords.callTestCase(BuiltinKeywords.groovy:334)
	at sun.reflect.GeneratedMethodAccessor13.invoke(Unknown Source)
	at sun.reflect.DelegatingMethodAccessorImpl.invoke(DelegatingMethodAccessorImpl.java:43)
	at java.lang.reflect.Method.invoke(Method.java:498)
	at org.codehaus.groovy.reflection.CachedMethod.invoke(CachedMethod.java:93)
	at groovy.lang.MetaMethod.doMethodInvoke(MetaMethod.java:325)
	at groovy.lang.MetaClassImpl.invokeStaticMethod(MetaClassImpl.java:1469)
	at org.codehaus.groovy.runtime.callsite.StaticMetaClassSite.call(StaticMetaClassSite.java:53)
	at org.codehaus.groovy.runtime.callsite.AbstractCallSite.call(AbstractCallSite.java:141)
	at Script1535963377509.run(Script1535963377509.groovy:33)
	at com.kms.katalon.core.main.ScriptEngine.run(ScriptEngine.java:183)
	at com.kms.katalon.core.main.ScriptEngine.runScriptAsRawText(ScriptEngine.java:108)
	at com.kms.katalon.core.main.TestCaseExecutor.runScript(TestCaseExecutor.java:294)
	at com.kms.katalon.core.main.TestCaseExecutor.doExecute(TestCaseExecutor.java:285)
	at com.kms.katalon.core.main.TestCaseExecutor.processExecutionPhase(TestCaseExecutor.java:264)
	at com.kms.katalon.core.main.TestCaseExecutor.accessMainPhase(TestCaseExecutor.java:256)
	at com.kms.katalon.core.main.TestCaseExecutor.execute(TestCaseExecutor.java:200)
	at com.kms.katalon.core.main.TestCaseMain.runTestCase(TestCaseMain.java:99)
	at com.kms.katalon.core.keyword.builtin.CallTestCaseKeyword$_callTestCase_closure1.doCall(CallTestCaseKeyword.groovy:60)
	at com.kms.katalon.core.keyword.builtin.CallTestCaseKeyword$_callTestCase_closure1.call(CallTestCaseKeyword.groovy)
	at com.kms.katalon.core.keyword.internal.KeywordMain.runKeyword(KeywordMain.groovy:54)
	at com.kms.katalon.core.keyword.builtin.CallTestCaseKeyword.callTestCase(CallTestCaseKeyword.groovy:81)
	at com.kms.katalon.core.keyword.builtin.CallTestCaseKeyword.execute(CallTestCaseKeyword.groovy:45)
	at com.kms.katalon.core.keyword.internal.KeywordExecutor.executeKeywordForPlatform(KeywordExecutor.groovy:53)
	at com.kms.katalon.core.keyword.BuiltinKeywords.callTestCase(BuiltinKeywords.groovy:334)
	at sun.reflect.GeneratedMethodAccessor13.invoke(Unknown Source)
	at sun.reflect.DelegatingMethodAccessorImpl.invoke(DelegatingMethodAccessorImpl.java:43)
	at java.lang.reflect.Method.invoke(Method.java:498)
	at org.codehaus.groovy.reflection.CachedMethod.invoke(CachedMethod.java:93)
	at groovy.lang.MetaMethod.doMethodInvoke(MetaMethod.java:325)
	at groovy.lang.MetaClassImpl.invokeStaticMethod(MetaClassImpl.java:1469)
	at org.codehaus.groovy.runtime.callsite.StaticMetaClassSite.call(StaticMetaClassSite.java:53)
	at org.codehaus.groovy.runtime.callsite.CallSiteArray.defaultCall(CallSiteArray.java:48)
	at org.codehaus.groovy.runtime.callsite.AbstractCallSite.call(AbstractCallSite.java:113)
	at org.codehaus.groovy.runtime.callsite.AbstractCallSite.call(AbstractCallSite.java:141)
	at Script1536201092101.run(Script1536201092101.groovy:25)
	at com.kms.katalon.core.main.ScriptEngine.run(ScriptEngine.java:183)
	at com.kms.katalon.core.main.ScriptEngine.runScriptAsRawText(ScriptEngine.java:108)
	at com.kms.katalon.core.main.TestCaseExecutor.runScript(TestCaseExecutor.java:294)
	at com.kms.katalon.core.main.TestCaseExecutor.doExecute(TestCaseExecutor.java:285)
	at com.kms.katalon.core.main.TestCaseExecutor.processExecutionPhase(TestCaseExecutor.java:264)
	at com.kms.katalon.core.main.TestCaseExecutor.accessMainPhase(TestCaseExecutor.java:256)
	at com.kms.katalon.core.main.TestCaseExecutor.execute(TestCaseExecutor.java:200)
	at com.kms.katalon.core.main.TestSuiteExecutor.accessTestCaseMainPhase(TestSuiteExecutor.java:129)
	at com.kms.katalon.core.main.TestSuiteExecutor.accessTestSuiteMainPhase(TestSuiteExecutor.java:112)
	at com.kms.katalon.core.main.TestSuiteExecutor.execute(TestSuiteExecutor.java:81)
	at com.kms.katalon.core.main.TestCaseMain.startTestSuite(TestCaseMain.java:142)
	at com.kms.katalon.core.main.TestCaseMain$startTestSuite$0.call(Unknown Source)
	at org.codehaus.groovy.runtime.callsite.CallSiteArray.defaultCall(CallSiteArray.java:48)
	at org.codehaus.groovy.runtime.callsite.AbstractCallSite.call(AbstractCallSite.java:113)
	at org.codehaus.groovy.runtime.callsite.AbstractCallSite.call(AbstractCallSite.java:141)
	at TempTestSuite1541736709639.run(TempTestSuite1541736709639.groovy:36)
	at groovy.lang.GroovyShell.runScriptOrMainOrTestOrRunnable(GroovyShell.java:263)
	at groovy.lang.GroovyShell.run(GroovyShell.java:518)
	at groovy.lang.GroovyShell.run(GroovyShell.java:507)
	at groovy.ui.GroovyMain.processOnce(GroovyMain.java:653)
	at groovy.ui.GroovyMain.run(GroovyMain.java:384)
	at groovy.ui.GroovyMain.process(GroovyMain.java:370)
	at groovy.ui.GroovyMain.processArgs(GroovyMain.java:129)
	at groovy.ui.GroovyMain.main(GroovyMain.java:109)
	at sun.reflect.NativeMethodAccessorImpl.invoke0(Native Method)
	at sun.reflect.NativeMethodAccessorImpl.invoke(NativeMethodAccessorImpl.java:62)
	at sun.reflect.DelegatingMethodAccessorImpl.invoke(DelegatingMethodAccessorImpl.java:43)
	at java.lang.reflect.Method.invoke(Method.java:498)
	at org.codehaus.groovy.tools.GroovyStarter.rootLoader(GroovyStarter.java:109)
	at org.codehaus.groovy.tools.GroovyStarter.main(GroovyStarter.java:131)
)

2018-11-09 13:17:32 - [TEST_STEP][PASSED] - callTestCase: Call Test Case 'Test Cases/Final Aug 2018 - PKS Automation/Registration Module/Workflow/Form 1A - Cessation As Employer/Template/Form 1 A - Cessation As Employer (PKRBO)' successfully

2018-11-09 13:17:32 - [TEST_CASE][PASSED] - Test Cases/Final Aug 2018 - PKS Automation/Registration Module/Workflow/Form 1A - Cessation As Employer/Template/Form 1 A - Cessation As Employer (PKRBO): Test Cases/Final Aug 2018 - PKS Automation/Registration Module/Workflow/Form 1A - Cessation As Employer/Template/Form 1 A - Cessation As Employer (PKRBO)

2018-11-09 13:17:32 - [TEST_STEP][PASSED] - openBrowser: Browser is opened with url: ''

2018-11-09 13:17:32 - [MESSAGE][WARNING] - A browser is already opened. Closing browser and opening a new one

2018-11-09 13:17:37 - [MESSAGE][PASSED] - Browser is opened with url: ''

2018-11-09 13:17:37 - [TEST_STEP][PASSED] - navigateToUrl: Navigate to 'https://assist2-uat.perkeso.gov.my/login' successfully

2018-11-09 13:17:39 - [MESSAGE][PASSED] - Navigate to 'https://assist2-uat.perkeso.gov.my/login' successfully

2018-11-09 13:17:39 - [TEST_STEP][PASSED] - setText: Text 'johorpkrbo1@gmail.com' is set on object 'Object Repository/Final Object Repo/Login Page/Internal User/Email Address'

2018-11-09 13:17:39 - [MESSAGE][PASSED] - Text 'johorpkrbo1@gmail.com' is set on object 'Object Repository/Final Object Repo/Login Page/Internal User/Email Address'

2018-11-09 13:17:39 - [TEST_STEP][PASSED] - click: Object: 'Object Repository/Final Object Repo/Login Page/Internal User/Next Button' is clicked on

2018-11-09 13:17:40 - [MESSAGE][PASSED] - Object: 'Object Repository/Final Object Repo/Login Page/Internal User/Next Button' is clicked on

2018-11-09 13:17:40 - [TEST_STEP][PASSED] - delay: Delayed 1 second(s)

2018-11-09 13:17:41 - [MESSAGE][PASSED] - Delayed 1 second(s)

2018-11-09 13:17:41 - [TEST_STEP][PASSED] - setEncryptedText: Text ****** has been set on object 'Object Repository/Final Object Repo/Login Page/Internal User/Password'

2018-11-09 13:17:41 - [MESSAGE][PASSED] - Text ****** has been set on object 'Object Repository/Final Object Repo/Login Page/Internal User/Password'

2018-11-09 13:17:41 - [TEST_STEP][PASSED] - click: Object: 'Object Repository/Final Object Repo/Login Page/Internal User/Login Button' is clicked on

2018-11-09 13:17:44 - [MESSAGE][PASSED] - Object: 'Object Repository/Final Object Repo/Login Page/Internal User/Login Button' is clicked on

2018-11-09 13:17:44 - [TEST_STEP][PASSED] - delay: Delayed 1 second(s)

2018-11-09 13:17:45 - [MESSAGE][PASSED] - Delayed 1 second(s)

2018-11-09 13:17:45 - [TEST_STEP][PASSED] - Statement - Try: Delayed 2 second(s)

2018-11-09 13:17:45 - [TEST_STEP][PASSED] - Statement - Checker = false: null

2018-11-09 13:17:45 - [TEST_STEP][PASSED] - Statement - Checker = com.kms.katalon.core.webui.keyword.WebUiBuiltInKeywords.verifyElementHasAttribute(com.kms.katalon.core.testobject.ObjectRepository.findTestObject(Final Object Repo/Landing Page/BM Detecting), "href", 20, OPTIONAL): Object 'Object Repository/Final Object Repo/Landing Page/BM Detecting' has attribute 'href'

2018-11-09 13:17:45 - [MESSAGE][PASSED] - Object 'Object Repository/Final Object Repo/Landing Page/BM Detecting' has attribute 'href'

2018-11-09 13:17:45 - [TEST_STEP][PASSED] - Statement - out.println(Checker): null

2018-11-09 13:17:45 - [TEST_STEP][PASSED] - Statement - If (Checker == false): null

2018-11-09 13:17:45 - [TEST_STEP][PASSED] - Statement - Else: null

2018-11-09 13:17:45 - [TEST_STEP][PASSED] - delay: Delayed 2 second(s)

2018-11-09 13:17:47 - [MESSAGE][PASSED] - Delayed 2 second(s)

2018-11-09 13:17:47 - [TEST_STEP][PASSED] - navigateToUrl: Navigate to 'https://assist2-uat.perkeso.gov.my/web/registration/update/form-1a-cessation-as-employer-discontinue-business-' successfully

2018-11-09 13:17:49 - [MESSAGE][PASSED] - Navigate to 'https://assist2-uat.perkeso.gov.my/web/registration/update/form-1a-cessation-as-employer-discontinue-business-' successfully

2018-11-09 13:17:49 - [TEST_STEP][PASSED] - setText: Text 'E1102069770Z' is set on object 'Object Repository/Final Object Repo/Page_Update Employer Information/Employer Code'

2018-11-09 13:17:49 - [MESSAGE][PASSED] - Text 'E1102069770Z' is set on object 'Object Repository/Final Object Repo/Page_Update Employer Information/Employer Code'

2018-11-09 13:17:49 - [TEST_STEP][PASSED] - click: Object: 'Object Repository/Final Object Repo/Page_Update Employer Information/Search Button' is clicked on

2018-11-09 13:17:51 - [MESSAGE][PASSED] - Object: 'Object Repository/Final Object Repo/Page_Update Employer Information/Search Button' is clicked on

2018-11-09 13:17:51 - [TEST_STEP][PASSED] - click: Object: 'Object Repository/Final Object Repo/Page_Update Employer Information/Edit Button' is clicked on

2018-11-09 13:17:53 - [MESSAGE][PASSED] - Object: 'Object Repository/Final Object Repo/Page_Update Employer Information/Edit Button' is clicked on

2018-11-09 13:17:53 - [TEST_STEP][PASSED] - Statement - abc = com.kms.katalon.core.webui.keyword.WebUiBuiltInKeywords.getAttribute(com.kms.katalon.core.testobject.ObjectRepository.findTestObject(Final Object Repo/Page_Form 1A - Cessation As Employer/Employer Status), "value"): Attribute 'value' of object 'Object Repository/Final Object Repo/Page_Form 1A - Cessation As Employer/Employer Status' is: 'Dormant'

2018-11-09 13:17:53 - [MESSAGE][PASSED] - Attribute 'value' of object 'Object Repository/Final Object Repo/Page_Form 1A - Cessation As Employer/Employer Status' is: 'Dormant'

2018-11-09 13:17:53 - [TEST_STEP][PASSED] - Statement - out.println(abc): null

2018-11-09 13:17:53 - [TEST_STEP][PASSED] - Statement - If (abc == "Active"): null

2018-11-09 13:17:53 - [TEST_STEP][PASSED] - Statement - Else If (abc == "Cancel"): null

2018-11-09 13:17:53 - [TEST_STEP][PASSED] - Statement - Else If (abc == "Dormant"): Object: 'Object Repository/Final Object Repo/Page_Form 1A - Cessation As Employer/Change Employer Status to - Dormant' is clicked on

2018-11-09 13:17:53 - [TEST_STEP][PASSED] - click: Object: 'Object Repository/Final Object Repo/Page_Form 1A - Cessation As Employer/Change Employer Status to' is clicked on

2018-11-09 13:17:53 - [MESSAGE][PASSED] - Object: 'Object Repository/Final Object Repo/Page_Form 1A - Cessation As Employer/Change Employer Status to' is clicked on

2018-11-09 13:17:53 - [TEST_STEP][PASSED] - click: Object: 'Object Repository/Final Object Repo/Page_Form 1A - Cessation As Employer/Change Employer Status to - Dormant' is clicked on

2018-11-09 13:17:54 - [MESSAGE][PASSED] - Object: 'Object Repository/Final Object Repo/Page_Form 1A - Cessation As Employer/Change Employer Status to - Dormant' is clicked on

2018-11-09 13:17:54 - [TEST_STEP][PASSED] - click: Object: 'Object Repository/Final Object Repo/Page_Form 1A - Cessation As Employer/Calender' is clicked on

2018-11-09 13:17:55 - [MESSAGE][PASSED] - Object: 'Object Repository/Final Object Repo/Page_Form 1A - Cessation As Employer/Calender' is clicked on

2018-11-09 13:17:55 - [TEST_STEP][PASSED] - click: Object: 'Object Repository/Final Object Repo/Page_Form 1A - Cessation As Employer/Calender - Date' is clicked on

2018-11-09 13:17:55 - [MESSAGE][PASSED] - Object: 'Object Repository/Final Object Repo/Page_Form 1A - Cessation As Employer/Calender - Date' is clicked on

2018-11-09 13:17:55 - [TEST_STEP][PASSED] - delay: Delayed 2 second(s)

2018-11-09 13:17:57 - [MESSAGE][PASSED] - Delayed 2 second(s)

2018-11-09 13:17:57 - [TEST_STEP][PASSED] - click: Object: 'Object Repository/Final Object Repo/Page_Form 1A - Cessation As Employer/Save  Continue in Form 1A Page' is clicked on

2018-11-09 13:18:00 - [MESSAGE][PASSED] - Object: 'Object Repository/Final Object Repo/Page_Form 1A - Cessation As Employer/Save  Continue in Form 1A Page' is clicked on

2018-11-09 13:18:00 - [TEST_STEP][PASSED] - delay: Delayed 2 second(s)

2018-11-09 13:18:02 - [MESSAGE][PASSED] - Delayed 2 second(s)

2018-11-09 13:18:02 - [TEST_STEP][PASSED] - click: Object: 'Object Repository/Final Object Repo/Page_Form 1A - Cessation As Employer/Employment Resign Date' is clicked on

2018-11-09 13:18:03 - [MESSAGE][PASSED] - Object: 'Object Repository/Final Object Repo/Page_Form 1A - Cessation As Employer/Employment Resign Date' is clicked on

2018-11-09 13:18:03 - [TEST_STEP][PASSED] - delay: Delayed 1 second(s)

2018-11-09 13:18:04 - [MESSAGE][PASSED] - Delayed 1 second(s)

2018-11-09 13:18:04 - [TEST_STEP][PASSED] - Statement - CaseReferenceNo = com.kms.katalon.core.webui.keyword.WebUiBuiltInKeywords.getText(com.kms.katalon.core.testobject.ObjectRepository.findTestObject(Final Object Repo/Page_Update Employer Information/Reference Number in Update Employee Information Page)): Text of object 'Object Repository/Final Object Repo/Page_Update Employer Information/Reference Number in Update Employee Information Page' is: 'CUN112018C200001544'

2018-11-09 13:18:04 - [MESSAGE][PASSED] - Text of object 'Object Repository/Final Object Repo/Page_Update Employer Information/Reference Number in Update Employee Information Page' is: 'CUN112018C200001544'

2018-11-09 13:18:04 - [TEST_STEP][PASSED] - Statement - out.println(CaseReferenceNo): null

2018-11-09 13:18:04 - [TEST_STEP][PASSED] - callTestCase: Call Test Case 'Test Cases/Final Aug 2018 - PKS Automation/Common/Reference Number Setter' successfully

2018-11-09 13:18:04 - [TEST_CASE][PASSED] - Test Cases/Final Aug 2018 - PKS Automation/Common/Reference Number Setter: Test Cases/Final Aug 2018 - PKS Automation/Common/Reference Number Setter

2018-11-09 13:18:04 - [TEST_STEP][PASSED] - Statement - RefNoOldFile = new java.io.File(C://KatalonReference.txt): null

2018-11-09 13:18:04 - [TEST_STEP][PASSED] - Statement - RefNoOldFile.delete(): null

2018-11-09 13:18:04 - [TEST_STEP][PASSED] - Statement - RefNo = new java.io.File(C://KatalonReference.txt): null

2018-11-09 13:18:04 - [TEST_STEP][PASSED] - Statement - RefNo.append(CaseReferenceNo): null

2018-11-09 13:18:04 - [TEST_STEP][PASSED] - Statement - out.println("


" + CaseReferenceNo + "


"): null

2018-11-09 13:18:04 - [MESSAGE][PASSED] - Call Test Case 'Test Cases/Final Aug 2018 - PKS Automation/Common/Reference Number Setter' successfully

2018-11-09 13:18:04 - [TEST_STEP][PASSED] - selectOptionByValue: All options with value '2030' are selected in object 'Object Repository/Final Object Repo/Page_Form 1A - Cessation As Employer/Employment Resign Date - Year' 

2018-11-09 13:18:04 - [MESSAGE][PASSED] - All options with value '2030' are selected in object 'Object Repository/Final Object Repo/Page_Form 1A - Cessation As Employer/Employment Resign Date - Year' 

2018-11-09 13:18:04 - [TEST_STEP][PASSED] - delay: Delayed 1 second(s)

2018-11-09 13:18:05 - [MESSAGE][PASSED] - Delayed 1 second(s)

2018-11-09 13:18:05 - [TEST_STEP][PASSED] - click: Object: 'Object Repository/Final Object Repo/Page_Form 1A - Cessation As Employer/Employment Resign Date - Year - Date' is clicked on

2018-11-09 13:18:06 - [MESSAGE][PASSED] - Object: 'Object Repository/Final Object Repo/Page_Form 1A - Cessation As Employer/Employment Resign Date - Year - Date' is clicked on

2018-11-09 13:18:06 - [TEST_STEP][PASSED] - delay: Delayed 2 second(s)

2018-11-09 13:18:08 - [MESSAGE][PASSED] - Delayed 2 second(s)

2018-11-09 13:18:08 - [TEST_STEP][PASSED] - click: Object: 'Object Repository/Final Object Repo/Page_Form 1A - Cessation As Employer/Save  Continue in Update Add Employee Resigned Date Page' is clicked on

2018-11-09 13:18:11 - [MESSAGE][PASSED] - Object: 'Object Repository/Final Object Repo/Page_Form 1A - Cessation As Employer/Save  Continue in Update Add Employee Resigned Date Page' is clicked on

2018-11-09 13:18:11 - [TEST_STEP][PASSED] - delay: Delayed 2 second(s)

2018-11-09 13:18:13 - [MESSAGE][PASSED] - Delayed 2 second(s)

2018-11-09 13:18:13 - [TEST_STEP][PASSED] - click: Object: 'Object Repository/Final Object Repo/Page_Form 1A - Cessation As Employer/Add Document' is clicked on

2018-11-09 13:18:14 - [MESSAGE][PASSED] - Object: 'Object Repository/Final Object Repo/Page_Form 1A - Cessation As Employer/Add Document' is clicked on

2018-11-09 13:18:14 - [TEST_STEP][PASSED] - delay: Delayed 2 second(s)

2018-11-09 13:18:16 - [MESSAGE][PASSED] - Delayed 2 second(s)

2018-11-09 13:18:16 - [TEST_STEP][PASSED] - click: Object: 'Object Repository/Final Object Repo/Page_Form 1A - Cessation As Employer/Document Type' is clicked on

2018-11-09 13:18:17 - [MESSAGE][PASSED] - Object: 'Object Repository/Final Object Repo/Page_Form 1A - Cessation As Employer/Document Type' is clicked on

2018-11-09 13:18:17 - [TEST_STEP][PASSED] - delay: Delayed 2 second(s)

2018-11-09 13:18:19 - [MESSAGE][PASSED] - Delayed 2 second(s)

2018-11-09 13:18:19 - [TEST_STEP][PASSED] - click: Object: 'Object Repository/Final Object Repo/Page_Form 1A - Cessation As Employer/Document Type - Supporting Document For Cessation' is clicked on

2018-11-09 13:18:20 - [MESSAGE][PASSED] - Object: 'Object Repository/Final Object Repo/Page_Form 1A - Cessation As Employer/Document Type - Supporting Document For Cessation' is clicked on

2018-11-09 13:18:20 - [TEST_STEP][PASSED] - delay: Delayed 2 second(s)

2018-11-09 13:18:22 - [MESSAGE][PASSED] - Delayed 2 second(s)

2018-11-09 13:18:22 - [TEST_STEP][PASSED] - sendKeys: Keys 'C:\Users\Public\Pictures\Sample Pictures\Act.jpg' sent to object: 'Object Repository/Final Object Repo/Page_Form 1A - Cessation As Employer/Uploading File'

2018-11-09 13:18:22 - [MESSAGE][PASSED] - Keys 'C:\Users\Public\Pictures\Sample Pictures\Act.jpg' sent to object: 'Object Repository/Final Object Repo/Page_Form 1A - Cessation As Employer/Uploading File'

2018-11-09 13:18:22 - [TEST_STEP][PASSED] - delay: Delayed 2 second(s)

2018-11-09 13:18:24 - [MESSAGE][PASSED] - Delayed 2 second(s)

2018-11-09 13:18:24 - [TEST_STEP][PASSED] - click: Object: 'Object Repository/Final Object Repo/Page_Form 1A - Cessation As Employer/Add Document in Uploading Page' is clicked on

2018-11-09 13:18:25 - [MESSAGE][PASSED] - Object: 'Object Repository/Final Object Repo/Page_Form 1A - Cessation As Employer/Add Document in Uploading Page' is clicked on

2018-11-09 13:18:25 - [TEST_STEP][PASSED] - delay: Delayed 15 second(s)

2018-11-09 13:18:40 - [MESSAGE][PASSED] - Delayed 15 second(s)

2018-11-09 13:18:40 - [TEST_STEP][PASSED] - click: Object: 'Object Repository/Final Object Repo/Page_Form 1A - Cessation As Employer/Save  Continue in Uploading Page' is clicked on

2018-11-09 13:18:40 - [MESSAGE][PASSED] - Object: 'Object Repository/Final Object Repo/Page_Form 1A - Cessation As Employer/Save  Continue in Uploading Page' is clicked on

2018-11-09 13:18:40 - [TEST_STEP][PASSED] - delay: Delayed 2 second(s)

2018-11-09 13:18:42 - [MESSAGE][PASSED] - Delayed 2 second(s)

2018-11-09 13:18:42 - [TEST_STEP][PASSED] - click: Object: 'Object Repository/Final Object Repo/Page_Form 1A - Cessation As Employer/Submit2' is clicked on

2018-11-09 13:18:45 - [MESSAGE][PASSED] - Object: 'Object Repository/Final Object Repo/Page_Form 1A - Cessation As Employer/Submit2' is clicked on

2018-11-09 13:18:45 - [TEST_STEP][PASSED] - delay: Delayed 2 second(s)

2018-11-09 13:18:47 - [MESSAGE][PASSED] - Delayed 2 second(s)

2018-11-09 13:18:47 - [TEST_STEP][PASSED] - click: Object: 'Object Repository/Final Object Repo/Page_Form 1A - Cessation As Employer/Confirm' is clicked on

2018-11-09 13:18:53 - [MESSAGE][PASSED] - Object: 'Object Repository/Final Object Repo/Page_Form 1A - Cessation As Employer/Confirm' is clicked on

2018-11-09 13:18:53 - [TEST_STEP][PASSED] - delay: Delayed 2 second(s)

2018-11-09 13:18:55 - [MESSAGE][PASSED] - Delayed 2 second(s)

2018-11-09 13:18:55 - [TEST_STEP][PASSED] - verifyElementVisible: Object 'Object Repository/Final Object Repo/Page_Form 1A - Cessation As Employer/Message Your Request will be routed to UO' is visible

2018-11-09 13:18:55 - [MESSAGE][PASSED] - Object 'Object Repository/Final Object Repo/Page_Form 1A - Cessation As Employer/Message Your Request will be routed to UO' is visible

2018-11-09 13:18:55 - [TEST_STEP][PASSED] - delay: Delayed 1 second(s)

2018-11-09 13:18:56 - [MESSAGE][PASSED] - Delayed 1 second(s)

2018-11-09 13:18:56 - [TEST_STEP][PASSED] - verifyElementVisible: Object 'Object Repository/Final Object Repo/Page_Form 1A - Cessation As Employer/Letter of acknowledgement' is visible

2018-11-09 13:18:56 - [MESSAGE][PASSED] - Object 'Object Repository/Final Object Repo/Page_Form 1A - Cessation As Employer/Letter of acknowledgement' is visible

2018-11-09 13:18:56 - [MESSAGE][PASSED] - Call Test Case 'Test Cases/Final Aug 2018 - PKS Automation/Registration Module/Workflow/Form 1A - Cessation As Employer/Template/Form 1 A - Cessation As Employer (PKRBO)' successfully

2018-11-09 13:18:56 - [TEST_STEP][FAILED] - callTestCase: Unable to call Test Case with id 'Test Cases/Final Aug 2018 - PKS Automation/Registration Module/Workflow/Form 1A - Cessation As Employer/Template/Form 1 A - Cessation As Employer (Query)' (Root cause: Call Test Case 'Test Cases/Final Aug 2018 - PKS Automation/Registration Module/Workflow/Form 1A - Cessation As Employer/Template/Form 1 A - Cessation As Employer (Query)' failed)

2018-11-09 13:18:56 - [TEST_CASE][FAILED] - Test Cases/Final Aug 2018 - PKS Automation/Registration Module/Workflow/Form 1A - Cessation As Employer/Template/Form 1 A - Cessation As Employer (Query): Test Cases/Final Aug 2018 - PKS Automation/Registration Module/Workflow/Form 1A - Cessation As Employer/Template/Form 1 A - Cessation As Employer (Query) FAILED because (of) (Stack trace: com.kms.katalon.core.exception.StepFailedException: Unable to click on object 'Object Repository/Final Object Repo/WorkFlow Listing Page/Click Continue Tooltip' (Root cause: com.kms.katalon.core.webui.exception.WebElementNotFoundException: Web element with id: 'Object Repository/Final Object Repo/WorkFlow Listing Page/Click Continue Tooltip' located by 'By.xpath: //i[@aria-hidden = 'true' and @data-toggle = 'tooltip' and @data-original-title = 'Continue']' not found)
	at com.kms.katalon.core.keyword.internal.KeywordMain.stepFailed(KeywordMain.groovy:32)
	at com.kms.katalon.core.webui.keyword.internal.WebUIKeywordMain.stepFailed(WebUIKeywordMain.groovy:65)
	at com.kms.katalon.core.webui.keyword.internal.WebUIKeywordMain.runKeyword(WebUIKeywordMain.groovy:27)
	at com.kms.katalon.core.webui.keyword.builtin.ClickKeyword.click(ClickKeyword.groovy:86)
	at com.kms.katalon.core.webui.keyword.builtin.ClickKeyword.execute(ClickKeyword.groovy:67)
	at com.kms.katalon.core.keyword.internal.KeywordExecutor.executeKeywordForPlatform(KeywordExecutor.groovy:53)
	at com.kms.katalon.core.webui.keyword.WebUiBuiltInKeywords.click(WebUiBuiltInKeywords.groovy:616)
	at com.kms.katalon.core.webui.keyword.WebUiBuiltInKeywords$click$2.call(Unknown Source)
	at Script1534407542420.run(Script1534407542420.groovy:91)
	at com.kms.katalon.core.main.ScriptEngine.run(ScriptEngine.java:183)
	at com.kms.katalon.core.main.ScriptEngine.runScriptAsRawText(ScriptEngine.java:108)
	at com.kms.katalon.core.main.TestCaseExecutor.runScript(TestCaseExecutor.java:294)
	at com.kms.katalon.core.main.TestCaseExecutor.doExecute(TestCaseExecutor.java:285)
	at com.kms.katalon.core.main.TestCaseExecutor.processExecutionPhase(TestCaseExecutor.java:264)
	at com.kms.katalon.core.main.TestCaseExecutor.accessMainPhase(TestCaseExecutor.java:256)
	at com.kms.katalon.core.main.TestCaseExecutor.execute(TestCaseExecutor.java:200)
	at com.kms.katalon.core.main.TestCaseMain.runTestCase(TestCaseMain.java:99)
	at com.kms.katalon.core.keyword.builtin.CallTestCaseKeyword$_callTestCase_closure1.doCall(CallTestCaseKeyword.groovy:60)
	at com.kms.katalon.core.keyword.builtin.CallTestCaseKeyword$_callTestCase_closure1.call(CallTestCaseKeyword.groovy)
	at com.kms.katalon.core.keyword.internal.KeywordMain.runKeyword(KeywordMain.groovy:54)
	at com.kms.katalon.core.keyword.builtin.CallTestCaseKeyword.callTestCase(CallTestCaseKeyword.groovy:81)
	at com.kms.katalon.core.keyword.builtin.CallTestCaseKeyword.execute(CallTestCaseKeyword.groovy:45)
	at com.kms.katalon.core.keyword.internal.KeywordExecutor.executeKeywordForPlatform(KeywordExecutor.groovy:53)
	at com.kms.katalon.core.keyword.BuiltinKeywords.callTestCase(BuiltinKeywords.groovy:334)
	at sun.reflect.GeneratedMethodAccessor13.invoke(Unknown Source)
	at sun.reflect.DelegatingMethodAccessorImpl.invoke(DelegatingMethodAccessorImpl.java:43)
	at java.lang.reflect.Method.invoke(Method.java:498)
	at org.codehaus.groovy.reflection.CachedMethod.invoke(CachedMethod.java:93)
	at groovy.lang.MetaMethod.doMethodInvoke(MetaMethod.java:325)
	at groovy.lang.MetaClassImpl.invokeStaticMethod(MetaClassImpl.java:1469)
	at org.codehaus.groovy.runtime.callsite.StaticMetaClassSite.call(StaticMetaClassSite.java:53)
	at org.codehaus.groovy.runtime.callsite.AbstractCallSite.call(AbstractCallSite.java:141)
	at Script1535963377509.run(Script1535963377509.groovy:33)
	at com.kms.katalon.core.main.ScriptEngine.run(ScriptEngine.java:183)
	at com.kms.katalon.core.main.ScriptEngine.runScriptAsRawText(ScriptEngine.java:108)
	at com.kms.katalon.core.main.TestCaseExecutor.runScript(TestCaseExecutor.java:294)
	at com.kms.katalon.core.main.TestCaseExecutor.doExecute(TestCaseExecutor.java:285)
	at com.kms.katalon.core.main.TestCaseExecutor.processExecutionPhase(TestCaseExecutor.java:264)
	at com.kms.katalon.core.main.TestCaseExecutor.accessMainPhase(TestCaseExecutor.java:256)
	at com.kms.katalon.core.main.TestCaseExecutor.execute(TestCaseExecutor.java:200)
	at com.kms.katalon.core.main.TestCaseMain.runTestCase(TestCaseMain.java:99)
	at com.kms.katalon.core.keyword.builtin.CallTestCaseKeyword$_callTestCase_closure1.doCall(CallTestCaseKeyword.groovy:60)
	at com.kms.katalon.core.keyword.builtin.CallTestCaseKeyword$_callTestCase_closure1.call(CallTestCaseKeyword.groovy)
	at com.kms.katalon.core.keyword.internal.KeywordMain.runKeyword(KeywordMain.groovy:54)
	at com.kms.katalon.core.keyword.builtin.CallTestCaseKeyword.callTestCase(CallTestCaseKeyword.groovy:81)
	at com.kms.katalon.core.keyword.builtin.CallTestCaseKeyword.execute(CallTestCaseKeyword.groovy:45)
	at com.kms.katalon.core.keyword.internal.KeywordExecutor.executeKeywordForPlatform(KeywordExecutor.groovy:53)
	at com.kms.katalon.core.keyword.BuiltinKeywords.callTestCase(BuiltinKeywords.groovy:334)
	at sun.reflect.GeneratedMethodAccessor13.invoke(Unknown Source)
	at sun.reflect.DelegatingMethodAccessorImpl.invoke(DelegatingMethodAccessorImpl.java:43)
	at java.lang.reflect.Method.invoke(Method.java:498)
	at org.codehaus.groovy.reflection.CachedMethod.invoke(CachedMethod.java:93)
	at groovy.lang.MetaMethod.doMethodInvoke(MetaMethod.java:325)
	at groovy.lang.MetaClassImpl.invokeStaticMethod(MetaClassImpl.java:1469)
	at org.codehaus.groovy.runtime.callsite.StaticMetaClassSite.call(StaticMetaClassSite.java:53)
	at org.codehaus.groovy.runtime.callsite.CallSiteArray.defaultCall(CallSiteArray.java:48)
	at org.codehaus.groovy.runtime.callsite.AbstractCallSite.call(AbstractCallSite.java:113)
	at org.codehaus.groovy.runtime.callsite.AbstractCallSite.call(AbstractCallSite.java:141)
	at Script1536201092101.run(Script1536201092101.groovy:25)
	at com.kms.katalon.core.main.ScriptEngine.run(ScriptEngine.java:183)
	at com.kms.katalon.core.main.ScriptEngine.runScriptAsRawText(ScriptEngine.java:108)
	at com.kms.katalon.core.main.TestCaseExecutor.runScript(TestCaseExecutor.java:294)
	at com.kms.katalon.core.main.TestCaseExecutor.doExecute(TestCaseExecutor.java:285)
	at com.kms.katalon.core.main.TestCaseExecutor.processExecutionPhase(TestCaseExecutor.java:264)
	at com.kms.katalon.core.main.TestCaseExecutor.accessMainPhase(TestCaseExecutor.java:256)
	at com.kms.katalon.core.main.TestCaseExecutor.execute(TestCaseExecutor.java:200)
	at com.kms.katalon.core.main.TestSuiteExecutor.accessTestCaseMainPhase(TestSuiteExecutor.java:129)
	at com.kms.katalon.core.main.TestSuiteExecutor.accessTestSuiteMainPhase(TestSuiteExecutor.java:112)
	at com.kms.katalon.core.main.TestSuiteExecutor.execute(TestSuiteExecutor.java:81)
	at com.kms.katalon.core.main.TestCaseMain.startTestSuite(TestCaseMain.java:142)
	at com.kms.katalon.core.main.TestCaseMain$startTestSuite$0.call(Unknown Source)
	at org.codehaus.groovy.runtime.callsite.CallSiteArray.defaultCall(CallSiteArray.java:48)
	at org.codehaus.groovy.runtime.callsite.AbstractCallSite.call(AbstractCallSite.java:113)
	at org.codehaus.groovy.runtime.callsite.AbstractCallSite.call(AbstractCallSite.java:141)
	at TempTestSuite1541736709639.run(TempTestSuite1541736709639.groovy:36)
	at groovy.lang.GroovyShell.runScriptOrMainOrTestOrRunnable(GroovyShell.java:263)
	at groovy.lang.GroovyShell.run(GroovyShell.java:518)
	at groovy.lang.GroovyShell.run(GroovyShell.java:507)
	at groovy.ui.GroovyMain.processOnce(GroovyMain.java:653)
	at groovy.ui.GroovyMain.run(GroovyMain.java:384)
	at groovy.ui.GroovyMain.process(GroovyMain.java:370)
	at groovy.ui.GroovyMain.processArgs(GroovyMain.java:129)
	at groovy.ui.GroovyMain.main(GroovyMain.java:109)
	at sun.reflect.NativeMethodAccessorImpl.invoke0(Native Method)
	at sun.reflect.NativeMethodAccessorImpl.invoke(NativeMethodAccessorImpl.java:62)
	at sun.reflect.DelegatingMethodAccessorImpl.invoke(DelegatingMethodAccessorImpl.java:43)
	at java.lang.reflect.Method.invoke(Method.java:498)
	at org.codehaus.groovy.tools.GroovyStarter.rootLoader(GroovyStarter.java:109)
	at org.codehaus.groovy.tools.GroovyStarter.main(GroovyStarter.java:131)
)

2018-11-09 13:18:56 - [TEST_STEP][NOT_RUN] - callTestCase: NOT_RUN: callTestCase

2018-11-09 13:18:56 - [MESSAGE][NOT_RUN] - NOT_RUN: callTestCase

2018-11-09 13:18:56 - [TEST_STEP][PASSED] - delay: Delayed 1 second(s)

2018-11-09 13:18:57 - [MESSAGE][PASSED] - Delayed 1 second(s)

2018-11-09 13:18:57 - [TEST_STEP][PASSED] - navigateToUrl: Navigate to 'https://assist2-uat.perkeso.gov.my/c/portal/logout' successfully

2018-11-09 13:18:59 - [MESSAGE][PASSED] - Navigate to 'https://assist2-uat.perkeso.gov.my/c/portal/logout' successfully

2018-11-09 13:18:59 - [TEST_STEP][PASSED] - delay: Delayed 1 second(s)

2018-11-09 13:19:00 - [MESSAGE][PASSED] - Delayed 1 second(s)

2018-11-09 13:19:00 - [TEST_STEP][PASSED] - callTestCase: Call Test Case 'Test Cases/Final Aug 2018 - PKS Automation/Common/Reference Number Getter' successfully

2018-11-09 13:19:00 - [TEST_CASE][PASSED] - Test Cases/Final Aug 2018 - PKS Automation/Common/Reference Number Getter: Test Cases/Final Aug 2018 - PKS Automation/Common/Reference Number Getter

2018-11-09 13:19:00 - [TEST_STEP][PASSED] - Statement - Try: null

2018-11-09 13:19:00 - [TEST_STEP][PASSED] - Statement - RefNo = new java.io.File(C://KatalonReference.txt): null

2018-11-09 13:19:00 - [TEST_STEP][PASSED] - Statement - bufferread = new java.io.BufferedReader(new java.io.FileReader(RefNo)): null

2018-11-09 13:19:00 - [TEST_STEP][PASSED] - Statement - readedVal = bufferread.readLine(): null

2018-11-09 13:19:00 - [TEST_STEP][PASSED] - Statement - out.println(CaseReferenceNo): null

2018-11-09 13:19:00 - [TEST_STEP][PASSED] - Statement - out.println(readedVal): null

2018-11-09 13:19:00 - [TEST_STEP][PASSED] - Statement - CaseReferenceNo = readedVal: null

2018-11-09 13:19:00 - [MESSAGE][PASSED] - Call Test Case 'Test Cases/Final Aug 2018 - PKS Automation/Common/Reference Number Getter' successfully

2018-11-09 13:19:00 - [TEST_STEP][FAILED] - callTestCase: Unable to call Test Case with id 'Test Cases/Final Aug 2018 - PKS Automation/Common/Workflow Owner Finder' (Root cause: Call Test Case 'Test Cases/Final Aug 2018 - PKS Automation/Common/Workflow Owner Finder' failed)

2018-11-09 13:19:00 - [TEST_CASE][FAILED] - Test Cases/Final Aug 2018 - PKS Automation/Common/Workflow Owner Finder: Test Cases/Final Aug 2018 - PKS Automation/Common/Workflow Owner Finder FAILED because (of) (Stack trace: com.kms.katalon.core.exception.StepFailedException: Unable to click on object 'Object Repository/Final Object Repo/WorkFlow Listing Page/Click Continue Tooltip' (Root cause: com.kms.katalon.core.webui.exception.WebElementNotFoundException: Web element with id: 'Object Repository/Final Object Repo/WorkFlow Listing Page/Click Continue Tooltip' located by 'By.xpath: //i[@aria-hidden = 'true' and @data-toggle = 'tooltip' and @data-original-title = 'Continue']' not found)
	at com.kms.katalon.core.keyword.internal.KeywordMain.stepFailed(KeywordMain.groovy:32)
	at com.kms.katalon.core.webui.keyword.internal.WebUIKeywordMain.stepFailed(WebUIKeywordMain.groovy:65)
	at com.kms.katalon.core.webui.keyword.internal.WebUIKeywordMain.runKeyword(WebUIKeywordMain.groovy:27)
	at com.kms.katalon.core.webui.keyword.builtin.ClickKeyword.click(ClickKeyword.groovy:86)
	at com.kms.katalon.core.webui.keyword.builtin.ClickKeyword.execute(ClickKeyword.groovy:67)
	at com.kms.katalon.core.keyword.internal.KeywordExecutor.executeKeywordForPlatform(KeywordExecutor.groovy:53)
	at com.kms.katalon.core.webui.keyword.WebUiBuiltInKeywords.click(WebUiBuiltInKeywords.groovy:616)
	at com.kms.katalon.core.webui.keyword.WebUiBuiltInKeywords$click$2.call(Unknown Source)
	at Script1534407542420.run(Script1534407542420.groovy:91)
	at com.kms.katalon.core.main.ScriptEngine.run(ScriptEngine.java:183)
	at com.kms.katalon.core.main.ScriptEngine.runScriptAsRawText(ScriptEngine.java:108)
	at com.kms.katalon.core.main.TestCaseExecutor.runScript(TestCaseExecutor.java:294)
	at com.kms.katalon.core.main.TestCaseExecutor.doExecute(TestCaseExecutor.java:285)
	at com.kms.katalon.core.main.TestCaseExecutor.processExecutionPhase(TestCaseExecutor.java:264)
	at com.kms.katalon.core.main.TestCaseExecutor.accessMainPhase(TestCaseExecutor.java:256)
	at com.kms.katalon.core.main.TestCaseExecutor.execute(TestCaseExecutor.java:200)
	at com.kms.katalon.core.main.TestCaseMain.runTestCase(TestCaseMain.java:99)
	at com.kms.katalon.core.keyword.builtin.CallTestCaseKeyword$_callTestCase_closure1.doCall(CallTestCaseKeyword.groovy:60)
	at com.kms.katalon.core.keyword.builtin.CallTestCaseKeyword$_callTestCase_closure1.call(CallTestCaseKeyword.groovy)
	at com.kms.katalon.core.keyword.internal.KeywordMain.runKeyword(KeywordMain.groovy:54)
	at com.kms.katalon.core.keyword.builtin.CallTestCaseKeyword.callTestCase(CallTestCaseKeyword.groovy:81)
	at com.kms.katalon.core.keyword.builtin.CallTestCaseKeyword.execute(CallTestCaseKeyword.groovy:45)
	at com.kms.katalon.core.keyword.internal.KeywordExecutor.executeKeywordForPlatform(KeywordExecutor.groovy:53)
	at com.kms.katalon.core.keyword.BuiltinKeywords.callTestCase(BuiltinKeywords.groovy:334)
	at sun.reflect.GeneratedMethodAccessor13.invoke(Unknown Source)
	at sun.reflect.DelegatingMethodAccessorImpl.invoke(DelegatingMethodAccessorImpl.java:43)
	at java.lang.reflect.Method.invoke(Method.java:498)
	at org.codehaus.groovy.reflection.CachedMethod.invoke(CachedMethod.java:93)
	at groovy.lang.MetaMethod.doMethodInvoke(MetaMethod.java:325)
	at groovy.lang.MetaClassImpl.invokeStaticMethod(MetaClassImpl.java:1469)
	at org.codehaus.groovy.runtime.callsite.StaticMetaClassSite.call(StaticMetaClassSite.java:53)
	at org.codehaus.groovy.runtime.callsite.AbstractCallSite.call(AbstractCallSite.java:141)
	at Script1535963377509.run(Script1535963377509.groovy:33)
	at com.kms.katalon.core.main.ScriptEngine.run(ScriptEngine.java:183)
	at com.kms.katalon.core.main.ScriptEngine.runScriptAsRawText(ScriptEngine.java:108)
	at com.kms.katalon.core.main.TestCaseExecutor.runScript(TestCaseExecutor.java:294)
	at com.kms.katalon.core.main.TestCaseExecutor.doExecute(TestCaseExecutor.java:285)
	at com.kms.katalon.core.main.TestCaseExecutor.processExecutionPhase(TestCaseExecutor.java:264)
	at com.kms.katalon.core.main.TestCaseExecutor.accessMainPhase(TestCaseExecutor.java:256)
	at com.kms.katalon.core.main.TestCaseExecutor.execute(TestCaseExecutor.java:200)
	at com.kms.katalon.core.main.TestCaseMain.runTestCase(TestCaseMain.java:99)
	at com.kms.katalon.core.keyword.builtin.CallTestCaseKeyword$_callTestCase_closure1.doCall(CallTestCaseKeyword.groovy:60)
	at com.kms.katalon.core.keyword.builtin.CallTestCaseKeyword$_callTestCase_closure1.call(CallTestCaseKeyword.groovy)
	at com.kms.katalon.core.keyword.internal.KeywordMain.runKeyword(KeywordMain.groovy:54)
	at com.kms.katalon.core.keyword.builtin.CallTestCaseKeyword.callTestCase(CallTestCaseKeyword.groovy:81)
	at com.kms.katalon.core.keyword.builtin.CallTestCaseKeyword.execute(CallTestCaseKeyword.groovy:45)
	at com.kms.katalon.core.keyword.internal.KeywordExecutor.executeKeywordForPlatform(KeywordExecutor.groovy:53)
	at com.kms.katalon.core.keyword.BuiltinKeywords.callTestCase(BuiltinKeywords.groovy:334)
	at sun.reflect.GeneratedMethodAccessor13.invoke(Unknown Source)
	at sun.reflect.DelegatingMethodAccessorImpl.invoke(DelegatingMethodAccessorImpl.java:43)
	at java.lang.reflect.Method.invoke(Method.java:498)
	at org.codehaus.groovy.reflection.CachedMethod.invoke(CachedMethod.java:93)
	at groovy.lang.MetaMethod.doMethodInvoke(MetaMethod.java:325)
	at groovy.lang.MetaClassImpl.invokeStaticMethod(MetaClassImpl.java:1469)
	at org.codehaus.groovy.runtime.callsite.StaticMetaClassSite.call(StaticMetaClassSite.java:53)
	at org.codehaus.groovy.runtime.callsite.CallSiteArray.defaultCall(CallSiteArray.java:48)
	at org.codehaus.groovy.runtime.callsite.AbstractCallSite.call(AbstractCallSite.java:113)
	at org.codehaus.groovy.runtime.callsite.AbstractCallSite.call(AbstractCallSite.java:141)
	at Script1536201092101.run(Script1536201092101.groovy:25)
	at com.kms.katalon.core.main.ScriptEngine.run(ScriptEngine.java:183)
	at com.kms.katalon.core.main.ScriptEngine.runScriptAsRawText(ScriptEngine.java:108)
	at com.kms.katalon.core.main.TestCaseExecutor.runScript(TestCaseExecutor.java:294)
	at com.kms.katalon.core.main.TestCaseExecutor.doExecute(TestCaseExecutor.java:285)
	at com.kms.katalon.core.main.TestCaseExecutor.processExecutionPhase(TestCaseExecutor.java:264)
	at com.kms.katalon.core.main.TestCaseExecutor.accessMainPhase(TestCaseExecutor.java:256)
	at com.kms.katalon.core.main.TestCaseExecutor.execute(TestCaseExecutor.java:200)
	at com.kms.katalon.core.main.TestSuiteExecutor.accessTestCaseMainPhase(TestSuiteExecutor.java:129)
	at com.kms.katalon.core.main.TestSuiteExecutor.accessTestSuiteMainPhase(TestSuiteExecutor.java:112)
	at com.kms.katalon.core.main.TestSuiteExecutor.execute(TestSuiteExecutor.java:81)
	at com.kms.katalon.core.main.TestCaseMain.startTestSuite(TestCaseMain.java:142)
	at com.kms.katalon.core.main.TestCaseMain$startTestSuite$0.call(Unknown Source)
	at org.codehaus.groovy.runtime.callsite.CallSiteArray.defaultCall(CallSiteArray.java:48)
	at org.codehaus.groovy.runtime.callsite.AbstractCallSite.call(AbstractCallSite.java:113)
	at org.codehaus.groovy.runtime.callsite.AbstractCallSite.call(AbstractCallSite.java:141)
	at TempTestSuite1541736709639.run(TempTestSuite1541736709639.groovy:36)
	at groovy.lang.GroovyShell.runScriptOrMainOrTestOrRunnable(GroovyShell.java:263)
	at groovy.lang.GroovyShell.run(GroovyShell.java:518)
	at groovy.lang.GroovyShell.run(GroovyShell.java:507)
	at groovy.ui.GroovyMain.processOnce(GroovyMain.java:653)
	at groovy.ui.GroovyMain.run(GroovyMain.java:384)
	at groovy.ui.GroovyMain.process(GroovyMain.java:370)
	at groovy.ui.GroovyMain.processArgs(GroovyMain.java:129)
	at groovy.ui.GroovyMain.main(GroovyMain.java:109)
	at sun.reflect.NativeMethodAccessorImpl.invoke0(Native Method)
	at sun.reflect.NativeMethodAccessorImpl.invoke(NativeMethodAccessorImpl.java:62)
	at sun.reflect.DelegatingMethodAccessorImpl.invoke(DelegatingMethodAccessorImpl.java:43)
	at java.lang.reflect.Method.invoke(Method.java:498)
	at org.codehaus.groovy.tools.GroovyStarter.rootLoader(GroovyStarter.java:109)
	at org.codehaus.groovy.tools.GroovyStarter.main(GroovyStarter.java:131)
)

2018-11-09 13:19:00 - [TEST_STEP][PASSED] - openBrowser: Browser is opened with url: ''

2018-11-09 13:19:00 - [MESSAGE][WARNING] - A browser is already opened. Closing browser and opening a new one

2018-11-09 13:19:05 - [MESSAGE][PASSED] - Browser is opened with url: ''

2018-11-09 13:19:05 - [TEST_STEP][PASSED] - navigateToUrl: Navigate to 'https://assist2-uat.perkeso.gov.my/login' successfully

2018-11-09 13:19:07 - [MESSAGE][PASSED] - Navigate to 'https://assist2-uat.perkeso.gov.my/login' successfully

2018-11-09 13:19:07 - [TEST_STEP][PASSED] - delay: Delayed 5 second(s)

2018-11-09 13:19:12 - [MESSAGE][PASSED] - Delayed 5 second(s)

2018-11-09 13:19:12 - [TEST_STEP][PASSED] - setText: Text 'test@liferay.com' is set on object 'Object Repository/Final Object Repo/Login Page/Internal User/Email Address'

2018-11-09 13:19:13 - [MESSAGE][PASSED] - Text 'test@liferay.com' is set on object 'Object Repository/Final Object Repo/Login Page/Internal User/Email Address'

2018-11-09 13:19:13 - [TEST_STEP][PASSED] - click: Object: 'Object Repository/Final Object Repo/Login Page/Internal User/Next Button' is clicked on

2018-11-09 13:19:13 - [MESSAGE][PASSED] - Object: 'Object Repository/Final Object Repo/Login Page/Internal User/Next Button' is clicked on

2018-11-09 13:19:13 - [TEST_STEP][PASSED] - delay: Delayed 2 second(s)

2018-11-09 13:19:15 - [MESSAGE][PASSED] - Delayed 2 second(s)

2018-11-09 13:19:15 - [TEST_STEP][PASSED] - setText: Text 'test' is set on object 'Object Repository/Final Object Repo/Login Page/Internal User/Password'

2018-11-09 13:19:15 - [MESSAGE][PASSED] - Text 'test' is set on object 'Object Repository/Final Object Repo/Login Page/Internal User/Password'

2018-11-09 13:19:15 - [TEST_STEP][PASSED] - delay: Delayed 2 second(s)

2018-11-09 13:19:17 - [MESSAGE][PASSED] - Delayed 2 second(s)

2018-11-09 13:19:17 - [TEST_STEP][PASSED] - click: Object: 'Object Repository/Final Object Repo/Login Page/Internal User/Login Button' is clicked on

2018-11-09 13:19:20 - [MESSAGE][PASSED] - Object: 'Object Repository/Final Object Repo/Login Page/Internal User/Login Button' is clicked on

2018-11-09 13:19:20 - [TEST_STEP][PASSED] - Statement - Try: Delayed 2 second(s)

2018-11-09 13:19:20 - [TEST_STEP][PASSED] - Statement - Checker = false: null

2018-11-09 13:19:20 - [TEST_STEP][PASSED] - Statement - Checker = com.kms.katalon.core.webui.keyword.WebUiBuiltInKeywords.verifyElementHasAttribute(com.kms.katalon.core.testobject.ObjectRepository.findTestObject(Final Object Repo/Landing Page/BM Detecting), "href", 20, OPTIONAL): Object 'Object Repository/Final Object Repo/Landing Page/BM Detecting' has attribute 'href'

2018-11-09 13:19:20 - [MESSAGE][PASSED] - Object 'Object Repository/Final Object Repo/Landing Page/BM Detecting' has attribute 'href'

2018-11-09 13:19:20 - [TEST_STEP][PASSED] - Statement - out.println(Checker): null

2018-11-09 13:19:20 - [TEST_STEP][PASSED] - Statement - If (Checker == false): null

2018-11-09 13:19:20 - [TEST_STEP][PASSED] - Statement - Else: null

2018-11-09 13:19:20 - [TEST_STEP][PASSED] - delay: Delayed 2 second(s)

2018-11-09 13:19:22 - [MESSAGE][PASSED] - Delayed 2 second(s)

2018-11-09 13:19:22 - [TEST_STEP][PASSED] - delay: Delayed 3 second(s)

2018-11-09 13:19:25 - [MESSAGE][PASSED] - Delayed 3 second(s)

2018-11-09 13:19:25 - [TEST_STEP][PASSED] - mouseOver: Object: 'Object Repository/Final Object Repo/Landing Page/WorkFlow Menu' is hovered

2018-11-09 13:19:26 - [MESSAGE][PASSED] - Object: 'Object Repository/Final Object Repo/Landing Page/WorkFlow Menu' is hovered

2018-11-09 13:19:26 - [TEST_STEP][PASSED] - delay: Delayed 2 second(s)

2018-11-09 13:19:28 - [MESSAGE][PASSED] - Delayed 2 second(s)

2018-11-09 13:19:28 - [TEST_STEP][PASSED] - click: Object: 'Object Repository/Final Object Repo/Landing Page/Select to Workflow Listing' is clicked on

2018-11-09 13:19:29 - [MESSAGE][PASSED] - Object: 'Object Repository/Final Object Repo/Landing Page/Select to Workflow Listing' is clicked on

2018-11-09 13:19:29 - [TEST_STEP][PASSED] - delay: Delayed 2 second(s)

2018-11-09 13:19:31 - [MESSAGE][PASSED] - Delayed 2 second(s)

2018-11-09 13:19:31 - [TEST_STEP][PASSED] - click: Object: 'Object Repository/Final Object Repo/WorkFlow Listing Page/Search Information - To Put Ref No' is clicked on

2018-11-09 13:19:32 - [MESSAGE][PASSED] - Object: 'Object Repository/Final Object Repo/WorkFlow Listing Page/Search Information - To Put Ref No' is clicked on

2018-11-09 13:19:32 - [TEST_STEP][PASSED] - delay: Delayed 2 second(s)

2018-11-09 13:19:34 - [MESSAGE][PASSED] - Delayed 2 second(s)

2018-11-09 13:19:34 - [TEST_STEP][PASSED] - callTestCase: Call Test Case 'Test Cases/Final Aug 2018 - PKS Automation/Common/Reference Number Getter' successfully

2018-11-09 13:19:34 - [TEST_CASE][PASSED] - Test Cases/Final Aug 2018 - PKS Automation/Common/Reference Number Getter: Test Cases/Final Aug 2018 - PKS Automation/Common/Reference Number Getter

2018-11-09 13:19:34 - [TEST_STEP][PASSED] - Statement - Try: null

2018-11-09 13:19:34 - [TEST_STEP][PASSED] - Statement - RefNo = new java.io.File(C://KatalonReference.txt): null

2018-11-09 13:19:34 - [TEST_STEP][PASSED] - Statement - bufferread = new java.io.BufferedReader(new java.io.FileReader(RefNo)): null

2018-11-09 13:19:34 - [TEST_STEP][PASSED] - Statement - readedVal = bufferread.readLine(): null

2018-11-09 13:19:34 - [TEST_STEP][PASSED] - Statement - out.println(CaseReferenceNo): null

2018-11-09 13:19:34 - [TEST_STEP][PASSED] - Statement - out.println(readedVal): null

2018-11-09 13:19:34 - [TEST_STEP][PASSED] - Statement - CaseReferenceNo = readedVal: null

2018-11-09 13:19:34 - [MESSAGE][PASSED] - Call Test Case 'Test Cases/Final Aug 2018 - PKS Automation/Common/Reference Number Getter' successfully

2018-11-09 13:19:34 - [TEST_STEP][PASSED] - setText: Text 'CUN112018C200001543CUN112018C200001544' is set on object 'Object Repository/Final Object Repo/WorkFlow Listing Page/Ref No Set Text'

2018-11-09 13:19:34 - [MESSAGE][PASSED] - Text 'CUN112018C200001543CUN112018C200001544' is set on object 'Object Repository/Final Object Repo/WorkFlow Listing Page/Ref No Set Text'

2018-11-09 13:19:34 - [TEST_STEP][PASSED] - delay: Delayed 2 second(s)

2018-11-09 13:19:36 - [MESSAGE][PASSED] - Delayed 2 second(s)

2018-11-09 13:19:36 - [TEST_STEP][PASSED] - click: Object: 'Object Repository/Final Object Repo/WorkFlow Listing Page/Search Ref No Search Button' is clicked on

2018-11-09 13:19:38 - [MESSAGE][PASSED] - Object: 'Object Repository/Final Object Repo/WorkFlow Listing Page/Search Ref No Search Button' is clicked on

2018-11-09 13:19:38 - [TEST_STEP][PASSED] - delay: Delayed 4 second(s)

2018-11-09 13:19:42 - [MESSAGE][PASSED] - Delayed 4 second(s)

2018-11-09 13:19:42 - [TEST_STEP][FAILED] - click: Unable to click on object 'Object Repository/Final Object Repo/WorkFlow Listing Page/Click Continue Tooltip' (Root cause: com.kms.katalon.core.webui.exception.WebElementNotFoundException: Web element with id: 'Object Repository/Final Object Repo/WorkFlow Listing Page/Click Continue Tooltip' located by 'By.xpath: //i[@aria-hidden = 'true' and @data-toggle = 'tooltip' and @data-original-title = 'Continue']' not found)

2018-11-09 13:20:18 - [MESSAGE][FAILED] - Unable to click on object 'Object Repository/Final Object Repo/WorkFlow Listing Page/Click Continue Tooltip' (Root cause: com.kms.katalon.core.webui.exception.WebElementNotFoundException: Web element with id: 'Object Repository/Final Object Repo/WorkFlow Listing Page/Click Continue Tooltip' located by 'By.xpath: //i[@aria-hidden = 'true' and @data-toggle = 'tooltip' and @data-original-title = 'Continue']' not found)
[[ATTACHMENT|C:\\Users\\LENOVO\\Katalon Studio\\Perkeso Phase A\\Reports\\Workflow\\Form 1A - Cessation as Employer\\20181109_121149\\1541740818242.png]]

2018-11-09 13:20:18 - [TEST_STEP][PASSED] - delay: Delayed 5 second(s)

2018-11-09 13:20:23 - [MESSAGE][PASSED] - Delayed 5 second(s)

2018-11-09 13:20:23 - [TEST_STEP][FAILED] - doubleClick: Unable to double click on object 'Object Repository/Final Object Repo/WorkFlow Listing Page/Workflow Found - Listing 1' (Root cause: com.kms.katalon.core.webui.exception.WebElementNotFoundException: Web element with id: 'Object Repository/Final Object Repo/WorkFlow Listing Page/Workflow Found - Listing 1' located by 'By.xpath: //body/div/div/div/div/div/div/div/div/div/div/div/div/div/div/div/div/table/tbody/tr/td[@class='table-cell  first']/following-sibling::td[1]' not found)

2018-11-09 13:20:54 - [MESSAGE][FAILED] - Unable to double click on object 'Object Repository/Final Object Repo/WorkFlow Listing Page/Workflow Found - Listing 1' (Root cause: com.kms.katalon.core.webui.exception.WebElementNotFoundException: Web element with id: 'Object Repository/Final Object Repo/WorkFlow Listing Page/Workflow Found - Listing 1' located by 'By.xpath: //body/div/div/div/div/div/div/div/div/div/div/div/div/div/div/div/div/table/tbody/tr/td[@class='table-cell  first']/following-sibling::td[1]' not found)
[[ATTACHMENT|C:\\Users\\LENOVO\\Katalon Studio\\Perkeso Phase A\\Reports\\Workflow\\Form 1A - Cessation as Employer\\20181109_121149\\1541740854812.png]]

2018-11-09 13:20:54 - [MESSAGE][FAILED] - Unable to call Test Case with id 'Test Cases/Final Aug 2018 - PKS Automation/Common/Workflow Owner Finder' (Root cause: Call Test Case 'Test Cases/Final Aug 2018 - PKS Automation/Common/Workflow Owner Finder' failed)

2018-11-09 13:20:54 - [MESSAGE][FAILED] - Unable to call Test Case with id 'Test Cases/Final Aug 2018 - PKS Automation/Registration Module/Workflow/Form 1A - Cessation As Employer/Template/Form 1 A - Cessation As Employer (Query)' (Root cause: Call Test Case 'Test Cases/Final Aug 2018 - PKS Automation/Registration Module/Workflow/Form 1A - Cessation As Employer/Template/Form 1 A - Cessation As Employer (Query)' failed)]]></system-out>
         <system-err><![CDATA[2018-11-09 13:17:32 - [TEST_CASE][FAILED] - Test Cases/Final Aug 2018 - PKS Automation/Registration Module/Workflow/Form 1A - Cessation As Employer/PKRBO to UO (Query): Test Cases/Final Aug 2018 - PKS Automation/Registration Module/Workflow/Form 1A - Cessation As Employer/PKRBO to UO (Query) FAILED because (of) (Stack trace: com.kms.katalon.core.exception.StepFailedException: Unable to click on object 'Object Repository/Final Object Repo/WorkFlow Listing Page/Click Continue Tooltip' (Root cause: com.kms.katalon.core.webui.exception.WebElementNotFoundException: Web element with id: 'Object Repository/Final Object Repo/WorkFlow Listing Page/Click Continue Tooltip' located by 'By.xpath: //i[@aria-hidden = 'true' and @data-toggle = 'tooltip' and @data-original-title = 'Continue']' not found)
	at com.kms.katalon.core.keyword.internal.KeywordMain.stepFailed(KeywordMain.groovy:32)
	at com.kms.katalon.core.webui.keyword.internal.WebUIKeywordMain.stepFailed(WebUIKeywordMain.groovy:65)
	at com.kms.katalon.core.webui.keyword.internal.WebUIKeywordMain.runKeyword(WebUIKeywordMain.groovy:27)
	at com.kms.katalon.core.webui.keyword.builtin.ClickKeyword.click(ClickKeyword.groovy:86)
	at com.kms.katalon.core.webui.keyword.builtin.ClickKeyword.execute(ClickKeyword.groovy:67)
	at com.kms.katalon.core.keyword.internal.KeywordExecutor.executeKeywordForPlatform(KeywordExecutor.groovy:53)
	at com.kms.katalon.core.webui.keyword.WebUiBuiltInKeywords.click(WebUiBuiltInKeywords.groovy:616)
	at com.kms.katalon.core.webui.keyword.WebUiBuiltInKeywords$click$2.call(Unknown Source)
	at Script1534407542420.run(Script1534407542420.groovy:91)
	at com.kms.katalon.core.main.ScriptEngine.run(ScriptEngine.java:183)
	at com.kms.katalon.core.main.ScriptEngine.runScriptAsRawText(ScriptEngine.java:108)
	at com.kms.katalon.core.main.TestCaseExecutor.runScript(TestCaseExecutor.java:294)
	at com.kms.katalon.core.main.TestCaseExecutor.doExecute(TestCaseExecutor.java:285)
	at com.kms.katalon.core.main.TestCaseExecutor.processExecutionPhase(TestCaseExecutor.java:264)
	at com.kms.katalon.core.main.TestCaseExecutor.accessMainPhase(TestCaseExecutor.java:256)
	at com.kms.katalon.core.main.TestCaseExecutor.execute(TestCaseExecutor.java:200)
	at com.kms.katalon.core.main.TestCaseMain.runTestCase(TestCaseMain.java:99)
	at com.kms.katalon.core.keyword.builtin.CallTestCaseKeyword$_callTestCase_closure1.doCall(CallTestCaseKeyword.groovy:60)
	at com.kms.katalon.core.keyword.builtin.CallTestCaseKeyword$_callTestCase_closure1.call(CallTestCaseKeyword.groovy)
	at com.kms.katalon.core.keyword.internal.KeywordMain.runKeyword(KeywordMain.groovy:54)
	at com.kms.katalon.core.keyword.builtin.CallTestCaseKeyword.callTestCase(CallTestCaseKeyword.groovy:81)
	at com.kms.katalon.core.keyword.builtin.CallTestCaseKeyword.execute(CallTestCaseKeyword.groovy:45)
	at com.kms.katalon.core.keyword.internal.KeywordExecutor.executeKeywordForPlatform(KeywordExecutor.groovy:53)
	at com.kms.katalon.core.keyword.BuiltinKeywords.callTestCase(BuiltinKeywords.groovy:334)
	at sun.reflect.GeneratedMethodAccessor13.invoke(Unknown Source)
	at sun.reflect.DelegatingMethodAccessorImpl.invoke(DelegatingMethodAccessorImpl.java:43)
	at java.lang.reflect.Method.invoke(Method.java:498)
	at org.codehaus.groovy.reflection.CachedMethod.invoke(CachedMethod.java:93)
	at groovy.lang.MetaMethod.doMethodInvoke(MetaMethod.java:325)
	at groovy.lang.MetaClassImpl.invokeStaticMethod(MetaClassImpl.java:1469)
	at org.codehaus.groovy.runtime.callsite.StaticMetaClassSite.call(StaticMetaClassSite.java:53)
	at org.codehaus.groovy.runtime.callsite.AbstractCallSite.call(AbstractCallSite.java:141)
	at Script1535963377509.run(Script1535963377509.groovy:33)
	at com.kms.katalon.core.main.ScriptEngine.run(ScriptEngine.java:183)
	at com.kms.katalon.core.main.ScriptEngine.runScriptAsRawText(ScriptEngine.java:108)
	at com.kms.katalon.core.main.TestCaseExecutor.runScript(TestCaseExecutor.java:294)
	at com.kms.katalon.core.main.TestCaseExecutor.doExecute(TestCaseExecutor.java:285)
	at com.kms.katalon.core.main.TestCaseExecutor.processExecutionPhase(TestCaseExecutor.java:264)
	at com.kms.katalon.core.main.TestCaseExecutor.accessMainPhase(TestCaseExecutor.java:256)
	at com.kms.katalon.core.main.TestCaseExecutor.execute(TestCaseExecutor.java:200)
	at com.kms.katalon.core.main.TestCaseMain.runTestCase(TestCaseMain.java:99)
	at com.kms.katalon.core.keyword.builtin.CallTestCaseKeyword$_callTestCase_closure1.doCall(CallTestCaseKeyword.groovy:60)
	at com.kms.katalon.core.keyword.builtin.CallTestCaseKeyword$_callTestCase_closure1.call(CallTestCaseKeyword.groovy)
	at com.kms.katalon.core.keyword.internal.KeywordMain.runKeyword(KeywordMain.groovy:54)
	at com.kms.katalon.core.keyword.builtin.CallTestCaseKeyword.callTestCase(CallTestCaseKeyword.groovy:81)
	at com.kms.katalon.core.keyword.builtin.CallTestCaseKeyword.execute(CallTestCaseKeyword.groovy:45)
	at com.kms.katalon.core.keyword.internal.KeywordExecutor.executeKeywordForPlatform(KeywordExecutor.groovy:53)
	at com.kms.katalon.core.keyword.BuiltinKeywords.callTestCase(BuiltinKeywords.groovy:334)
	at sun.reflect.GeneratedMethodAccessor13.invoke(Unknown Source)
	at sun.reflect.DelegatingMethodAccessorImpl.invoke(DelegatingMethodAccessorImpl.java:43)
	at java.lang.reflect.Method.invoke(Method.java:498)
	at org.codehaus.groovy.reflection.CachedMethod.invoke(CachedMethod.java:93)
	at groovy.lang.MetaMethod.doMethodInvoke(MetaMethod.java:325)
	at groovy.lang.MetaClassImpl.invokeStaticMethod(MetaClassImpl.java:1469)
	at org.codehaus.groovy.runtime.callsite.StaticMetaClassSite.call(StaticMetaClassSite.java:53)
	at org.codehaus.groovy.runtime.callsite.CallSiteArray.defaultCall(CallSiteArray.java:48)
	at org.codehaus.groovy.runtime.callsite.AbstractCallSite.call(AbstractCallSite.java:113)
	at org.codehaus.groovy.runtime.callsite.AbstractCallSite.call(AbstractCallSite.java:141)
	at Script1536201092101.run(Script1536201092101.groovy:25)
	at com.kms.katalon.core.main.ScriptEngine.run(ScriptEngine.java:183)
	at com.kms.katalon.core.main.ScriptEngine.runScriptAsRawText(ScriptEngine.java:108)
	at com.kms.katalon.core.main.TestCaseExecutor.runScript(TestCaseExecutor.java:294)
	at com.kms.katalon.core.main.TestCaseExecutor.doExecute(TestCaseExecutor.java:285)
	at com.kms.katalon.core.main.TestCaseExecutor.processExecutionPhase(TestCaseExecutor.java:264)
	at com.kms.katalon.core.main.TestCaseExecutor.accessMainPhase(TestCaseExecutor.java:256)
	at com.kms.katalon.core.main.TestCaseExecutor.execute(TestCaseExecutor.java:200)
	at com.kms.katalon.core.main.TestSuiteExecutor.accessTestCaseMainPhase(TestSuiteExecutor.java:129)
	at com.kms.katalon.core.main.TestSuiteExecutor.accessTestSuiteMainPhase(TestSuiteExecutor.java:112)
	at com.kms.katalon.core.main.TestSuiteExecutor.execute(TestSuiteExecutor.java:81)
	at com.kms.katalon.core.main.TestCaseMain.startTestSuite(TestCaseMain.java:142)
	at com.kms.katalon.core.main.TestCaseMain$startTestSuite$0.call(Unknown Source)
	at org.codehaus.groovy.runtime.callsite.CallSiteArray.defaultCall(CallSiteArray.java:48)
	at org.codehaus.groovy.runtime.callsite.AbstractCallSite.call(AbstractCallSite.java:113)
	at org.codehaus.groovy.runtime.callsite.AbstractCallSite.call(AbstractCallSite.java:141)
	at TempTestSuite1541736709639.run(TempTestSuite1541736709639.groovy:36)
	at groovy.lang.GroovyShell.runScriptOrMainOrTestOrRunnable(GroovyShell.java:263)
	at groovy.lang.GroovyShell.run(GroovyShell.java:518)
	at groovy.lang.GroovyShell.run(GroovyShell.java:507)
	at groovy.ui.GroovyMain.processOnce(GroovyMain.java:653)
	at groovy.ui.GroovyMain.run(GroovyMain.java:384)
	at groovy.ui.GroovyMain.process(GroovyMain.java:370)
	at groovy.ui.GroovyMain.processArgs(GroovyMain.java:129)
	at groovy.ui.GroovyMain.main(GroovyMain.java:109)
	at sun.reflect.NativeMethodAccessorImpl.invoke0(Native Method)
	at sun.reflect.NativeMethodAccessorImpl.invoke(NativeMethodAccessorImpl.java:62)
	at sun.reflect.DelegatingMethodAccessorImpl.invoke(DelegatingMethodAccessorImpl.java:43)
	at java.lang.reflect.Method.invoke(Method.java:498)
	at org.codehaus.groovy.tools.GroovyStarter.rootLoader(GroovyStarter.java:109)
	at org.codehaus.groovy.tools.GroovyStarter.main(GroovyStarter.java:131)
)]]></system-err>
      </testcase>
      <testcase name="Test Cases/Final Aug 2018 - PKS Automation/Registration Module/Workflow/Form 1A - Cessation As Employer/PKRBO to UO (Reject)" classname="Test Cases/Final Aug 2018 - PKS Automation/Registration Module/Workflow/Form 1A - Cessation As Employer/PKRBO to UO (Reject)" status="PASSED">
         <system-out><![CDATA[2018-11-09 13:20:54 - [TEST_CASE][PASSED] - Test Cases/Final Aug 2018 - PKS Automation/Registration Module/Workflow/Form 1A - Cessation As Employer/PKRBO to UO (Reject): Test Cases/Final Aug 2018 - PKS Automation/Registration Module/Workflow/Form 1A - Cessation As Employer/PKRBO to UO (Reject)

2018-11-09 13:20:55 - [TEST_STEP][PASSED] - callTestCase: Call Test Case 'Test Cases/Final Aug 2018 - PKS Automation/Registration Module/Workflow/Form 1A - Cessation As Employer/Template/Form 1 A - Cessation As Employer (PKRBO)' successfully

2018-11-09 13:20:55 - [TEST_CASE][PASSED] - Test Cases/Final Aug 2018 - PKS Automation/Registration Module/Workflow/Form 1A - Cessation As Employer/Template/Form 1 A - Cessation As Employer (PKRBO): Test Cases/Final Aug 2018 - PKS Automation/Registration Module/Workflow/Form 1A - Cessation As Employer/Template/Form 1 A - Cessation As Employer (PKRBO)

2018-11-09 13:20:55 - [TEST_STEP][PASSED] - openBrowser: Browser is opened with url: ''

2018-11-09 13:20:55 - [MESSAGE][WARNING] - A browser is already opened. Closing browser and opening a new one

2018-11-09 13:21:00 - [MESSAGE][PASSED] - Browser is opened with url: ''

2018-11-09 13:21:00 - [TEST_STEP][PASSED] - navigateToUrl: Navigate to 'https://assist2-uat.perkeso.gov.my/login' successfully

2018-11-09 13:21:02 - [MESSAGE][PASSED] - Navigate to 'https://assist2-uat.perkeso.gov.my/login' successfully

2018-11-09 13:21:02 - [TEST_STEP][PASSED] - setText: Text 'johorpkrbo1@gmail.com' is set on object 'Object Repository/Final Object Repo/Login Page/Internal User/Email Address'

2018-11-09 13:21:02 - [MESSAGE][PASSED] - Text 'johorpkrbo1@gmail.com' is set on object 'Object Repository/Final Object Repo/Login Page/Internal User/Email Address'

2018-11-09 13:21:02 - [TEST_STEP][PASSED] - click: Object: 'Object Repository/Final Object Repo/Login Page/Internal User/Next Button' is clicked on

2018-11-09 13:21:03 - [MESSAGE][PASSED] - Object: 'Object Repository/Final Object Repo/Login Page/Internal User/Next Button' is clicked on

2018-11-09 13:21:03 - [TEST_STEP][PASSED] - delay: Delayed 1 second(s)

2018-11-09 13:21:04 - [MESSAGE][PASSED] - Delayed 1 second(s)

2018-11-09 13:21:04 - [TEST_STEP][PASSED] - setEncryptedText: Text ****** has been set on object 'Object Repository/Final Object Repo/Login Page/Internal User/Password'

2018-11-09 13:21:04 - [MESSAGE][PASSED] - Text ****** has been set on object 'Object Repository/Final Object Repo/Login Page/Internal User/Password'

2018-11-09 13:21:04 - [TEST_STEP][PASSED] - click: Object: 'Object Repository/Final Object Repo/Login Page/Internal User/Login Button' is clicked on

2018-11-09 13:21:08 - [MESSAGE][PASSED] - Object: 'Object Repository/Final Object Repo/Login Page/Internal User/Login Button' is clicked on

2018-11-09 13:21:08 - [TEST_STEP][PASSED] - delay: Delayed 1 second(s)

2018-11-09 13:21:09 - [MESSAGE][PASSED] - Delayed 1 second(s)

2018-11-09 13:21:09 - [TEST_STEP][PASSED] - Statement - Try: Delayed 2 second(s)

2018-11-09 13:21:09 - [TEST_STEP][PASSED] - Statement - Checker = false: null

2018-11-09 13:21:09 - [TEST_STEP][PASSED] - Statement - Checker = com.kms.katalon.core.webui.keyword.WebUiBuiltInKeywords.verifyElementHasAttribute(com.kms.katalon.core.testobject.ObjectRepository.findTestObject(Final Object Repo/Landing Page/BM Detecting), "href", 20, OPTIONAL): Object 'Object Repository/Final Object Repo/Landing Page/BM Detecting' has attribute 'href'

2018-11-09 13:21:09 - [MESSAGE][PASSED] - Object 'Object Repository/Final Object Repo/Landing Page/BM Detecting' has attribute 'href'

2018-11-09 13:21:09 - [TEST_STEP][PASSED] - Statement - out.println(Checker): null

2018-11-09 13:21:09 - [TEST_STEP][PASSED] - Statement - If (Checker == false): null

2018-11-09 13:21:09 - [TEST_STEP][PASSED] - Statement - Else: null

2018-11-09 13:21:09 - [TEST_STEP][PASSED] - delay: Delayed 2 second(s)

2018-11-09 13:21:11 - [MESSAGE][PASSED] - Delayed 2 second(s)

2018-11-09 13:21:11 - [TEST_STEP][PASSED] - navigateToUrl: Navigate to 'https://assist2-uat.perkeso.gov.my/web/registration/update/form-1a-cessation-as-employer-discontinue-business-' successfully

2018-11-09 13:21:13 - [MESSAGE][PASSED] - Navigate to 'https://assist2-uat.perkeso.gov.my/web/registration/update/form-1a-cessation-as-employer-discontinue-business-' successfully

2018-11-09 13:21:13 - [TEST_STEP][PASSED] - setText: Text 'E1102069770Z' is set on object 'Object Repository/Final Object Repo/Page_Update Employer Information/Employer Code'

2018-11-09 13:21:13 - [MESSAGE][PASSED] - Text 'E1102069770Z' is set on object 'Object Repository/Final Object Repo/Page_Update Employer Information/Employer Code'

2018-11-09 13:21:13 - [TEST_STEP][PASSED] - click: Object: 'Object Repository/Final Object Repo/Page_Update Employer Information/Search Button' is clicked on

2018-11-09 13:21:15 - [MESSAGE][PASSED] - Object: 'Object Repository/Final Object Repo/Page_Update Employer Information/Search Button' is clicked on

2018-11-09 13:21:15 - [TEST_STEP][PASSED] - click: Object: 'Object Repository/Final Object Repo/Page_Update Employer Information/Edit Button' is clicked on

2018-11-09 13:21:17 - [MESSAGE][PASSED] - Object: 'Object Repository/Final Object Repo/Page_Update Employer Information/Edit Button' is clicked on

2018-11-09 13:21:17 - [TEST_STEP][PASSED] - Statement - abc = com.kms.katalon.core.webui.keyword.WebUiBuiltInKeywords.getAttribute(com.kms.katalon.core.testobject.ObjectRepository.findTestObject(Final Object Repo/Page_Form 1A - Cessation As Employer/Employer Status), "value"): Attribute 'value' of object 'Object Repository/Final Object Repo/Page_Form 1A - Cessation As Employer/Employer Status' is: 'Dormant'

2018-11-09 13:21:17 - [MESSAGE][PASSED] - Attribute 'value' of object 'Object Repository/Final Object Repo/Page_Form 1A - Cessation As Employer/Employer Status' is: 'Dormant'

2018-11-09 13:21:17 - [TEST_STEP][PASSED] - Statement - out.println(abc): null

2018-11-09 13:21:17 - [TEST_STEP][PASSED] - Statement - If (abc == "Active"): null

2018-11-09 13:21:17 - [TEST_STEP][PASSED] - Statement - Else If (abc == "Cancel"): null

2018-11-09 13:21:17 - [TEST_STEP][PASSED] - Statement - Else If (abc == "Dormant"): Object: 'Object Repository/Final Object Repo/Page_Form 1A - Cessation As Employer/Change Employer Status to - Dormant' is clicked on

2018-11-09 13:21:17 - [TEST_STEP][PASSED] - click: Object: 'Object Repository/Final Object Repo/Page_Form 1A - Cessation As Employer/Change Employer Status to' is clicked on

2018-11-09 13:21:17 - [MESSAGE][PASSED] - Object: 'Object Repository/Final Object Repo/Page_Form 1A - Cessation As Employer/Change Employer Status to' is clicked on

2018-11-09 13:21:17 - [TEST_STEP][PASSED] - click: Object: 'Object Repository/Final Object Repo/Page_Form 1A - Cessation As Employer/Change Employer Status to - Dormant' is clicked on

2018-11-09 13:21:18 - [MESSAGE][PASSED] - Object: 'Object Repository/Final Object Repo/Page_Form 1A - Cessation As Employer/Change Employer Status to - Dormant' is clicked on

2018-11-09 13:21:18 - [TEST_STEP][PASSED] - click: Object: 'Object Repository/Final Object Repo/Page_Form 1A - Cessation As Employer/Calender' is clicked on

2018-11-09 13:21:19 - [MESSAGE][PASSED] - Object: 'Object Repository/Final Object Repo/Page_Form 1A - Cessation As Employer/Calender' is clicked on

2018-11-09 13:21:19 - [TEST_STEP][PASSED] - click: Object: 'Object Repository/Final Object Repo/Page_Form 1A - Cessation As Employer/Calender - Date' is clicked on

2018-11-09 13:21:19 - [MESSAGE][PASSED] - Object: 'Object Repository/Final Object Repo/Page_Form 1A - Cessation As Employer/Calender - Date' is clicked on

2018-11-09 13:21:19 - [TEST_STEP][PASSED] - delay: Delayed 2 second(s)

2018-11-09 13:21:21 - [MESSAGE][PASSED] - Delayed 2 second(s)

2018-11-09 13:21:21 - [TEST_STEP][PASSED] - click: Object: 'Object Repository/Final Object Repo/Page_Form 1A - Cessation As Employer/Save  Continue in Form 1A Page' is clicked on

2018-11-09 13:21:24 - [MESSAGE][PASSED] - Object: 'Object Repository/Final Object Repo/Page_Form 1A - Cessation As Employer/Save  Continue in Form 1A Page' is clicked on

2018-11-09 13:21:24 - [TEST_STEP][PASSED] - delay: Delayed 2 second(s)

2018-11-09 13:21:26 - [MESSAGE][PASSED] - Delayed 2 second(s)

2018-11-09 13:21:26 - [TEST_STEP][PASSED] - click: Object: 'Object Repository/Final Object Repo/Page_Form 1A - Cessation As Employer/Employment Resign Date' is clicked on

2018-11-09 13:21:27 - [MESSAGE][PASSED] - Object: 'Object Repository/Final Object Repo/Page_Form 1A - Cessation As Employer/Employment Resign Date' is clicked on

2018-11-09 13:21:27 - [TEST_STEP][PASSED] - delay: Delayed 1 second(s)

2018-11-09 13:21:28 - [MESSAGE][PASSED] - Delayed 1 second(s)

2018-11-09 13:21:28 - [TEST_STEP][PASSED] - Statement - CaseReferenceNo = com.kms.katalon.core.webui.keyword.WebUiBuiltInKeywords.getText(com.kms.katalon.core.testobject.ObjectRepository.findTestObject(Final Object Repo/Page_Update Employer Information/Reference Number in Update Employee Information Page)): Text of object 'Object Repository/Final Object Repo/Page_Update Employer Information/Reference Number in Update Employee Information Page' is: 'CUN112018C200001545'

2018-11-09 13:21:28 - [MESSAGE][PASSED] - Text of object 'Object Repository/Final Object Repo/Page_Update Employer Information/Reference Number in Update Employee Information Page' is: 'CUN112018C200001545'

2018-11-09 13:21:28 - [TEST_STEP][PASSED] - Statement - out.println(CaseReferenceNo): null

2018-11-09 13:21:28 - [TEST_STEP][PASSED] - callTestCase: Call Test Case 'Test Cases/Final Aug 2018 - PKS Automation/Common/Reference Number Setter' successfully

2018-11-09 13:21:28 - [TEST_CASE][PASSED] - Test Cases/Final Aug 2018 - PKS Automation/Common/Reference Number Setter: Test Cases/Final Aug 2018 - PKS Automation/Common/Reference Number Setter

2018-11-09 13:21:28 - [TEST_STEP][PASSED] - Statement - RefNoOldFile = new java.io.File(C://KatalonReference.txt): null

2018-11-09 13:21:28 - [TEST_STEP][PASSED] - Statement - RefNoOldFile.delete(): null

2018-11-09 13:21:28 - [TEST_STEP][PASSED] - Statement - RefNo = new java.io.File(C://KatalonReference.txt): null

2018-11-09 13:21:28 - [TEST_STEP][PASSED] - Statement - RefNo.append(CaseReferenceNo): null

2018-11-09 13:21:28 - [TEST_STEP][PASSED] - Statement - out.println("


" + CaseReferenceNo + "


"): null

2018-11-09 13:21:28 - [MESSAGE][PASSED] - Call Test Case 'Test Cases/Final Aug 2018 - PKS Automation/Common/Reference Number Setter' successfully

2018-11-09 13:21:28 - [TEST_STEP][PASSED] - selectOptionByValue: All options with value '2030' are selected in object 'Object Repository/Final Object Repo/Page_Form 1A - Cessation As Employer/Employment Resign Date - Year' 

2018-11-09 13:21:28 - [MESSAGE][PASSED] - All options with value '2030' are selected in object 'Object Repository/Final Object Repo/Page_Form 1A - Cessation As Employer/Employment Resign Date - Year' 

2018-11-09 13:21:28 - [TEST_STEP][PASSED] - delay: Delayed 1 second(s)

2018-11-09 13:21:29 - [MESSAGE][PASSED] - Delayed 1 second(s)

2018-11-09 13:21:29 - [TEST_STEP][PASSED] - click: Object: 'Object Repository/Final Object Repo/Page_Form 1A - Cessation As Employer/Employment Resign Date - Year - Date' is clicked on

2018-11-09 13:21:29 - [MESSAGE][PASSED] - Object: 'Object Repository/Final Object Repo/Page_Form 1A - Cessation As Employer/Employment Resign Date - Year - Date' is clicked on

2018-11-09 13:21:29 - [TEST_STEP][PASSED] - delay: Delayed 2 second(s)

2018-11-09 13:21:31 - [MESSAGE][PASSED] - Delayed 2 second(s)

2018-11-09 13:21:31 - [TEST_STEP][PASSED] - click: Object: 'Object Repository/Final Object Repo/Page_Form 1A - Cessation As Employer/Save  Continue in Update Add Employee Resigned Date Page' is clicked on

2018-11-09 13:21:35 - [MESSAGE][PASSED] - Object: 'Object Repository/Final Object Repo/Page_Form 1A - Cessation As Employer/Save  Continue in Update Add Employee Resigned Date Page' is clicked on

2018-11-09 13:21:35 - [TEST_STEP][PASSED] - delay: Delayed 2 second(s)

2018-11-09 13:21:37 - [MESSAGE][PASSED] - Delayed 2 second(s)

2018-11-09 13:21:37 - [TEST_STEP][PASSED] - click: Object: 'Object Repository/Final Object Repo/Page_Form 1A - Cessation As Employer/Add Document' is clicked on

2018-11-09 13:21:38 - [MESSAGE][PASSED] - Object: 'Object Repository/Final Object Repo/Page_Form 1A - Cessation As Employer/Add Document' is clicked on

2018-11-09 13:21:38 - [TEST_STEP][PASSED] - delay: Delayed 2 second(s)

2018-11-09 13:21:40 - [MESSAGE][PASSED] - Delayed 2 second(s)

2018-11-09 13:21:40 - [TEST_STEP][PASSED] - click: Object: 'Object Repository/Final Object Repo/Page_Form 1A - Cessation As Employer/Document Type' is clicked on

2018-11-09 13:21:41 - [MESSAGE][PASSED] - Object: 'Object Repository/Final Object Repo/Page_Form 1A - Cessation As Employer/Document Type' is clicked on

2018-11-09 13:21:41 - [TEST_STEP][PASSED] - delay: Delayed 2 second(s)

2018-11-09 13:21:43 - [MESSAGE][PASSED] - Delayed 2 second(s)

2018-11-09 13:21:43 - [TEST_STEP][PASSED] - click: Object: 'Object Repository/Final Object Repo/Page_Form 1A - Cessation As Employer/Document Type - Supporting Document For Cessation' is clicked on

2018-11-09 13:21:44 - [MESSAGE][PASSED] - Object: 'Object Repository/Final Object Repo/Page_Form 1A - Cessation As Employer/Document Type - Supporting Document For Cessation' is clicked on

2018-11-09 13:21:44 - [TEST_STEP][PASSED] - delay: Delayed 2 second(s)

2018-11-09 13:21:46 - [MESSAGE][PASSED] - Delayed 2 second(s)

2018-11-09 13:21:46 - [TEST_STEP][PASSED] - sendKeys: Keys 'C:\Users\Public\Pictures\Sample Pictures\Act.jpg' sent to object: 'Object Repository/Final Object Repo/Page_Form 1A - Cessation As Employer/Uploading File'

2018-11-09 13:21:46 - [MESSAGE][PASSED] - Keys 'C:\Users\Public\Pictures\Sample Pictures\Act.jpg' sent to object: 'Object Repository/Final Object Repo/Page_Form 1A - Cessation As Employer/Uploading File'

2018-11-09 13:21:46 - [TEST_STEP][PASSED] - delay: Delayed 2 second(s)

2018-11-09 13:21:48 - [MESSAGE][PASSED] - Delayed 2 second(s)

2018-11-09 13:21:48 - [TEST_STEP][PASSED] - click: Object: 'Object Repository/Final Object Repo/Page_Form 1A - Cessation As Employer/Add Document in Uploading Page' is clicked on

2018-11-09 13:21:53 - [MESSAGE][PASSED] - Object: 'Object Repository/Final Object Repo/Page_Form 1A - Cessation As Employer/Add Document in Uploading Page' is clicked on

2018-11-09 13:21:53 - [TEST_STEP][PASSED] - delay: Delayed 15 second(s)

2018-11-09 13:22:08 - [MESSAGE][PASSED] - Delayed 15 second(s)

2018-11-09 13:22:08 - [TEST_STEP][PASSED] - click: Object: 'Object Repository/Final Object Repo/Page_Form 1A - Cessation As Employer/Save  Continue in Uploading Page' is clicked on

2018-11-09 13:22:09 - [MESSAGE][PASSED] - Object: 'Object Repository/Final Object Repo/Page_Form 1A - Cessation As Employer/Save  Continue in Uploading Page' is clicked on

2018-11-09 13:22:09 - [TEST_STEP][PASSED] - delay: Delayed 2 second(s)

2018-11-09 13:22:11 - [MESSAGE][PASSED] - Delayed 2 second(s)

2018-11-09 13:22:11 - [TEST_STEP][PASSED] - click: Object: 'Object Repository/Final Object Repo/Page_Form 1A - Cessation As Employer/Submit2' is clicked on

2018-11-09 13:22:14 - [MESSAGE][PASSED] - Object: 'Object Repository/Final Object Repo/Page_Form 1A - Cessation As Employer/Submit2' is clicked on

2018-11-09 13:22:14 - [TEST_STEP][PASSED] - delay: Delayed 2 second(s)

2018-11-09 13:22:16 - [MESSAGE][PASSED] - Delayed 2 second(s)

2018-11-09 13:22:16 - [TEST_STEP][PASSED] - click: Object: 'Object Repository/Final Object Repo/Page_Form 1A - Cessation As Employer/Confirm' is clicked on

2018-11-09 13:22:22 - [MESSAGE][PASSED] - Object: 'Object Repository/Final Object Repo/Page_Form 1A - Cessation As Employer/Confirm' is clicked on

2018-11-09 13:22:22 - [TEST_STEP][PASSED] - delay: Delayed 2 second(s)

2018-11-09 13:22:24 - [MESSAGE][PASSED] - Delayed 2 second(s)

2018-11-09 13:22:24 - [TEST_STEP][PASSED] - verifyElementVisible: Object 'Object Repository/Final Object Repo/Page_Form 1A - Cessation As Employer/Message Your Request will be routed to UO' is visible

2018-11-09 13:22:24 - [MESSAGE][PASSED] - Object 'Object Repository/Final Object Repo/Page_Form 1A - Cessation As Employer/Message Your Request will be routed to UO' is visible

2018-11-09 13:22:24 - [TEST_STEP][PASSED] - delay: Delayed 1 second(s)

2018-11-09 13:22:25 - [MESSAGE][PASSED] - Delayed 1 second(s)

2018-11-09 13:22:25 - [TEST_STEP][PASSED] - verifyElementVisible: Object 'Object Repository/Final Object Repo/Page_Form 1A - Cessation As Employer/Letter of acknowledgement' is visible

2018-11-09 13:22:26 - [MESSAGE][PASSED] - Object 'Object Repository/Final Object Repo/Page_Form 1A - Cessation As Employer/Letter of acknowledgement' is visible

2018-11-09 13:22:26 - [MESSAGE][PASSED] - Call Test Case 'Test Cases/Final Aug 2018 - PKS Automation/Registration Module/Workflow/Form 1A - Cessation As Employer/Template/Form 1 A - Cessation As Employer (PKRBO)' successfully

2018-11-09 13:22:26 - [TEST_STEP][PASSED] - callTestCase: Call Test Case 'Test Cases/Final Aug 2018 - PKS Automation/Registration Module/Workflow/Form 1A - Cessation As Employer/Template/Form 1 A - Cessation As Employer (Approve)' successfully

2018-11-09 13:22:26 - [TEST_CASE][PASSED] - Test Cases/Final Aug 2018 - PKS Automation/Registration Module/Workflow/Form 1A - Cessation As Employer/Template/Form 1 A - Cessation As Employer (Approve): Test Cases/Final Aug 2018 - PKS Automation/Registration Module/Workflow/Form 1A - Cessation As Employer/Template/Form 1 A - Cessation As Employer (Approve)

2018-11-09 13:22:26 - [TEST_STEP][NOT_RUN] - callTestCase: NOT_RUN: callTestCase

2018-11-09 13:22:26 - [MESSAGE][NOT_RUN] - NOT_RUN: callTestCase

2018-11-09 13:22:26 - [TEST_STEP][PASSED] - delay: Delayed 1 second(s)

2018-11-09 13:22:27 - [MESSAGE][PASSED] - Delayed 1 second(s)

2018-11-09 13:22:27 - [TEST_STEP][PASSED] - navigateToUrl: Navigate to 'https://assist2-uat.perkeso.gov.my/c/portal/logout' successfully

2018-11-09 13:22:28 - [MESSAGE][PASSED] - Navigate to 'https://assist2-uat.perkeso.gov.my/c/portal/logout' successfully

2018-11-09 13:22:28 - [TEST_STEP][PASSED] - delay: Delayed 1 second(s)

2018-11-09 13:22:29 - [MESSAGE][PASSED] - Delayed 1 second(s)

2018-11-09 13:22:29 - [TEST_STEP][PASSED] - callTestCase: Call Test Case 'Test Cases/Final Aug 2018 - PKS Automation/Common/Reference Number Getter' successfully

2018-11-09 13:22:29 - [TEST_CASE][PASSED] - Test Cases/Final Aug 2018 - PKS Automation/Common/Reference Number Getter: Test Cases/Final Aug 2018 - PKS Automation/Common/Reference Number Getter

2018-11-09 13:22:29 - [TEST_STEP][PASSED] - Statement - Try: null

2018-11-09 13:22:29 - [TEST_STEP][PASSED] - Statement - RefNo = new java.io.File(C://KatalonReference.txt): null

2018-11-09 13:22:29 - [TEST_STEP][PASSED] - Statement - bufferread = new java.io.BufferedReader(new java.io.FileReader(RefNo)): null

2018-11-09 13:22:29 - [TEST_STEP][PASSED] - Statement - readedVal = bufferread.readLine(): null

2018-11-09 13:22:29 - [TEST_STEP][PASSED] - Statement - out.println(CaseReferenceNo): null

2018-11-09 13:22:29 - [TEST_STEP][PASSED] - Statement - out.println(readedVal): null

2018-11-09 13:22:29 - [TEST_STEP][PASSED] - Statement - CaseReferenceNo = readedVal: null

2018-11-09 13:22:29 - [MESSAGE][PASSED] - Call Test Case 'Test Cases/Final Aug 2018 - PKS Automation/Common/Reference Number Getter' successfully

2018-11-09 13:22:29 - [TEST_STEP][PASSED] - callTestCase: Call Test Case 'Test Cases/Final Aug 2018 - PKS Automation/Common/Workflow Owner Finder' successfully

2018-11-09 13:22:29 - [TEST_CASE][PASSED] - Test Cases/Final Aug 2018 - PKS Automation/Common/Workflow Owner Finder: Test Cases/Final Aug 2018 - PKS Automation/Common/Workflow Owner Finder

2018-11-09 13:22:29 - [TEST_STEP][PASSED] - openBrowser: Browser is opened with url: ''

2018-11-09 13:22:29 - [MESSAGE][WARNING] - A browser is already opened. Closing browser and opening a new one

2018-11-09 13:22:34 - [MESSAGE][PASSED] - Browser is opened with url: ''

2018-11-09 13:22:34 - [TEST_STEP][PASSED] - navigateToUrl: Navigate to 'https://assist2-uat.perkeso.gov.my/login' successfully

2018-11-09 13:22:36 - [MESSAGE][PASSED] - Navigate to 'https://assist2-uat.perkeso.gov.my/login' successfully

2018-11-09 13:22:36 - [TEST_STEP][PASSED] - delay: Delayed 5 second(s)

2018-11-09 13:22:41 - [MESSAGE][PASSED] - Delayed 5 second(s)

2018-11-09 13:22:41 - [TEST_STEP][PASSED] - setText: Text 'test@liferay.com' is set on object 'Object Repository/Final Object Repo/Login Page/Internal User/Email Address'

2018-11-09 13:22:41 - [MESSAGE][PASSED] - Text 'test@liferay.com' is set on object 'Object Repository/Final Object Repo/Login Page/Internal User/Email Address'

2018-11-09 13:22:41 - [TEST_STEP][PASSED] - click: Object: 'Object Repository/Final Object Repo/Login Page/Internal User/Next Button' is clicked on

2018-11-09 13:22:42 - [MESSAGE][PASSED] - Object: 'Object Repository/Final Object Repo/Login Page/Internal User/Next Button' is clicked on

2018-11-09 13:22:42 - [TEST_STEP][PASSED] - delay: Delayed 2 second(s)

2018-11-09 13:22:44 - [MESSAGE][PASSED] - Delayed 2 second(s)

2018-11-09 13:22:44 - [TEST_STEP][PASSED] - setText: Text 'test' is set on object 'Object Repository/Final Object Repo/Login Page/Internal User/Password'

2018-11-09 13:22:44 - [MESSAGE][PASSED] - Text 'test' is set on object 'Object Repository/Final Object Repo/Login Page/Internal User/Password'

2018-11-09 13:22:44 - [TEST_STEP][PASSED] - delay: Delayed 2 second(s)

2018-11-09 13:22:46 - [MESSAGE][PASSED] - Delayed 2 second(s)

2018-11-09 13:22:46 - [TEST_STEP][PASSED] - click: Object: 'Object Repository/Final Object Repo/Login Page/Internal User/Login Button' is clicked on

2018-11-09 13:22:49 - [MESSAGE][PASSED] - Object: 'Object Repository/Final Object Repo/Login Page/Internal User/Login Button' is clicked on

2018-11-09 13:22:49 - [TEST_STEP][PASSED] - Statement - Try: Delayed 2 second(s)

2018-11-09 13:22:49 - [TEST_STEP][PASSED] - Statement - Checker = false: null

2018-11-09 13:22:49 - [TEST_STEP][PASSED] - Statement - Checker = com.kms.katalon.core.webui.keyword.WebUiBuiltInKeywords.verifyElementHasAttribute(com.kms.katalon.core.testobject.ObjectRepository.findTestObject(Final Object Repo/Landing Page/BM Detecting), "href", 20, OPTIONAL): Object 'Object Repository/Final Object Repo/Landing Page/BM Detecting' has attribute 'href'

2018-11-09 13:22:49 - [MESSAGE][PASSED] - Object 'Object Repository/Final Object Repo/Landing Page/BM Detecting' has attribute 'href'

2018-11-09 13:22:49 - [TEST_STEP][PASSED] - Statement - out.println(Checker): null

2018-11-09 13:22:49 - [TEST_STEP][PASSED] - Statement - If (Checker == false): null

2018-11-09 13:22:49 - [TEST_STEP][PASSED] - Statement - Else: null

2018-11-09 13:22:49 - [TEST_STEP][PASSED] - delay: Delayed 2 second(s)

2018-11-09 13:22:51 - [MESSAGE][PASSED] - Delayed 2 second(s)

2018-11-09 13:22:51 - [TEST_STEP][PASSED] - delay: Delayed 3 second(s)

2018-11-09 13:22:54 - [MESSAGE][PASSED] - Delayed 3 second(s)

2018-11-09 13:22:54 - [TEST_STEP][PASSED] - mouseOver: Object: 'Object Repository/Final Object Repo/Landing Page/WorkFlow Menu' is hovered

2018-11-09 13:22:55 - [MESSAGE][PASSED] - Object: 'Object Repository/Final Object Repo/Landing Page/WorkFlow Menu' is hovered

2018-11-09 13:22:55 - [TEST_STEP][PASSED] - delay: Delayed 2 second(s)

2018-11-09 13:22:57 - [MESSAGE][PASSED] - Delayed 2 second(s)

2018-11-09 13:22:57 - [TEST_STEP][PASSED] - click: Object: 'Object Repository/Final Object Repo/Landing Page/Select to Workflow Listing' is clicked on

2018-11-09 13:22:58 - [MESSAGE][PASSED] - Object: 'Object Repository/Final Object Repo/Landing Page/Select to Workflow Listing' is clicked on

2018-11-09 13:22:58 - [TEST_STEP][PASSED] - delay: Delayed 2 second(s)

2018-11-09 13:23:00 - [MESSAGE][PASSED] - Delayed 2 second(s)

2018-11-09 13:23:00 - [TEST_STEP][PASSED] - click: Object: 'Object Repository/Final Object Repo/WorkFlow Listing Page/Search Information - To Put Ref No' is clicked on

2018-11-09 13:23:01 - [MESSAGE][PASSED] - Object: 'Object Repository/Final Object Repo/WorkFlow Listing Page/Search Information - To Put Ref No' is clicked on

2018-11-09 13:23:01 - [TEST_STEP][PASSED] - delay: Delayed 2 second(s)

2018-11-09 13:23:03 - [MESSAGE][PASSED] - Delayed 2 second(s)

2018-11-09 13:23:03 - [TEST_STEP][PASSED] - callTestCase: Call Test Case 'Test Cases/Final Aug 2018 - PKS Automation/Common/Reference Number Getter' successfully

2018-11-09 13:23:03 - [TEST_CASE][PASSED] - Test Cases/Final Aug 2018 - PKS Automation/Common/Reference Number Getter: Test Cases/Final Aug 2018 - PKS Automation/Common/Reference Number Getter

2018-11-09 13:23:03 - [TEST_STEP][PASSED] - Statement - Try: null

2018-11-09 13:23:03 - [TEST_STEP][PASSED] - Statement - RefNo = new java.io.File(C://KatalonReference.txt): null

2018-11-09 13:23:03 - [TEST_STEP][PASSED] - Statement - bufferread = new java.io.BufferedReader(new java.io.FileReader(RefNo)): null

2018-11-09 13:23:03 - [TEST_STEP][PASSED] - Statement - readedVal = bufferread.readLine(): null

2018-11-09 13:23:03 - [TEST_STEP][PASSED] - Statement - out.println(CaseReferenceNo): null

2018-11-09 13:23:03 - [TEST_STEP][PASSED] - Statement - out.println(readedVal): null

2018-11-09 13:23:03 - [TEST_STEP][PASSED] - Statement - CaseReferenceNo = readedVal: null

2018-11-09 13:23:03 - [MESSAGE][PASSED] - Call Test Case 'Test Cases/Final Aug 2018 - PKS Automation/Common/Reference Number Getter' successfully

2018-11-09 13:23:03 - [TEST_STEP][PASSED] - setText: Text 'CUN112018C200001545' is set on object 'Object Repository/Final Object Repo/WorkFlow Listing Page/Ref No Set Text'

2018-11-09 13:23:03 - [MESSAGE][PASSED] - Text 'CUN112018C200001545' is set on object 'Object Repository/Final Object Repo/WorkFlow Listing Page/Ref No Set Text'

2018-11-09 13:23:03 - [TEST_STEP][PASSED] - delay: Delayed 2 second(s)

2018-11-09 13:23:05 - [MESSAGE][PASSED] - Delayed 2 second(s)

2018-11-09 13:23:05 - [TEST_STEP][PASSED] - click: Object: 'Object Repository/Final Object Repo/WorkFlow Listing Page/Search Ref No Search Button' is clicked on

2018-11-09 13:23:07 - [MESSAGE][PASSED] - Object: 'Object Repository/Final Object Repo/WorkFlow Listing Page/Search Ref No Search Button' is clicked on

2018-11-09 13:23:07 - [TEST_STEP][PASSED] - delay: Delayed 4 second(s)

2018-11-09 13:23:11 - [MESSAGE][PASSED] - Delayed 4 second(s)

2018-11-09 13:23:11 - [TEST_STEP][PASSED] - click: Object: 'Object Repository/Final Object Repo/WorkFlow Listing Page/Click Continue Tooltip' is clicked on

2018-11-09 13:23:13 - [MESSAGE][PASSED] - Object: 'Object Repository/Final Object Repo/WorkFlow Listing Page/Click Continue Tooltip' is clicked on

2018-11-09 13:23:13 - [TEST_STEP][PASSED] - delay: Delayed 5 second(s)

2018-11-09 13:23:18 - [MESSAGE][PASSED] - Delayed 5 second(s)

2018-11-09 13:23:18 - [TEST_STEP][PASSED] - doubleClick: Object: 'Object Repository/Final Object Repo/WorkFlow Listing Page/Workflow Found - Listing 1' is double clicked on

2018-11-09 13:23:18 - [MESSAGE][PASSED] - Object: 'Object Repository/Final Object Repo/WorkFlow Listing Page/Workflow Found - Listing 1' is double clicked on

2018-11-09 13:23:18 - [TEST_STEP][PASSED] - Statement - println(OwnerID): null

2018-11-09 13:23:18 - [TEST_STEP][PASSED] - Statement - OwnerID = com.kms.katalon.core.webui.keyword.WebUiBuiltInKeywords.getText(com.kms.katalon.core.testobject.ObjectRepository.findTestObject(Final Object Repo/WorkFlow Listing Page/Workflow Found - Listing 1), STOP_ON_FAILURE): Text of object 'Object Repository/Final Object Repo/WorkFlow Listing Page/Workflow Found - Listing 1' is: 'JOHORuo3'

2018-11-09 13:23:18 - [MESSAGE][PASSED] - Text of object 'Object Repository/Final Object Repo/WorkFlow Listing Page/Workflow Found - Listing 1' is: 'JOHORuo3'

2018-11-09 13:23:18 - [TEST_STEP][PASSED] - Statement - OwnerID = OwnerID.toLowerCase() + "@gmail.com": null

2018-11-09 13:23:18 - [TEST_STEP][PASSED] - Statement - println(OwnerID): null

2018-11-09 13:23:18 - [TEST_STEP][PASSED] - delay: Delayed 2 second(s)

2018-11-09 13:23:20 - [MESSAGE][PASSED] - Delayed 2 second(s)

2018-11-09 13:23:20 - [MESSAGE][PASSED] - Call Test Case 'Test Cases/Final Aug 2018 - PKS Automation/Common/Workflow Owner Finder' successfully

2018-11-09 13:23:20 - [TEST_STEP][PASSED] - delay: Delayed 1 second(s)

2018-11-09 13:23:21 - [MESSAGE][PASSED] - Delayed 1 second(s)

2018-11-09 13:23:21 - [TEST_STEP][PASSED] - navigateToUrl: Navigate to 'https://assist2-uat.perkeso.gov.my/c/portal/logout' successfully

2018-11-09 13:23:22 - [MESSAGE][PASSED] - Navigate to 'https://assist2-uat.perkeso.gov.my/c/portal/logout' successfully

2018-11-09 13:23:22 - [TEST_STEP][PASSED] - delay: Delayed 1 second(s)

2018-11-09 13:23:23 - [MESSAGE][PASSED] - Delayed 1 second(s)

2018-11-09 13:23:23 - [TEST_STEP][PASSED] - callTestCase: Call Test Case 'Test Cases/Final Aug 2018 - PKS Automation/Registration Module/Workflow/Login and Search Case For Workflow' successfully

2018-11-09 13:23:23 - [TEST_CASE][PASSED] - Test Cases/Final Aug 2018 - PKS Automation/Registration Module/Workflow/Login and Search Case For Workflow: Test Cases/Final Aug 2018 - PKS Automation/Registration Module/Workflow/Login and Search Case For Workflow

2018-11-09 13:23:23 - [TEST_STEP][PASSED] - navigateToUrl: Navigate to 'https://assist2-uat.perkeso.gov.my/login' successfully

2018-11-09 13:23:24 - [MESSAGE][PASSED] - Navigate to 'https://assist2-uat.perkeso.gov.my/login' successfully

2018-11-09 13:23:24 - [TEST_STEP][PASSED] - setText: Text 'johoruo3@gmail.com' is set on object 'Object Repository/Final Object Repo/Login Page/Internal User/Email Address'

2018-11-09 13:23:24 - [MESSAGE][PASSED] - Text 'johoruo3@gmail.com' is set on object 'Object Repository/Final Object Repo/Login Page/Internal User/Email Address'

2018-11-09 13:23:24 - [TEST_STEP][PASSED] - click: Object: 'Object Repository/Final Object Repo/Login Page/Internal User/Next Button' is clicked on

2018-11-09 13:23:25 - [MESSAGE][PASSED] - Object: 'Object Repository/Final Object Repo/Login Page/Internal User/Next Button' is clicked on

2018-11-09 13:23:25 - [TEST_STEP][PASSED] - delay: Delayed 1 second(s)

2018-11-09 13:23:26 - [MESSAGE][PASSED] - Delayed 1 second(s)

2018-11-09 13:23:26 - [TEST_STEP][PASSED] - setEncryptedText: Text ****** has been set on object 'Object Repository/Final Object Repo/Login Page/Internal User/Password'

2018-11-09 13:23:26 - [MESSAGE][PASSED] - Text ****** has been set on object 'Object Repository/Final Object Repo/Login Page/Internal User/Password'

2018-11-09 13:23:26 - [TEST_STEP][PASSED] - click: Object: 'Object Repository/Final Object Repo/Login Page/Internal User/Login Button' is clicked on

2018-11-09 13:23:28 - [MESSAGE][PASSED] - Object: 'Object Repository/Final Object Repo/Login Page/Internal User/Login Button' is clicked on

2018-11-09 13:23:28 - [TEST_STEP][PASSED] - delay: Delayed 2 second(s)

2018-11-09 13:23:30 - [MESSAGE][PASSED] - Delayed 2 second(s)

2018-11-09 13:23:30 - [TEST_STEP][PASSED] - Statement - Try: Delayed 2 second(s)

2018-11-09 13:23:30 - [TEST_STEP][PASSED] - Statement - Checker = false: null

2018-11-09 13:23:30 - [TEST_STEP][PASSED] - Statement - Checker = com.kms.katalon.core.webui.keyword.WebUiBuiltInKeywords.verifyElementHasAttribute(com.kms.katalon.core.testobject.ObjectRepository.findTestObject(Final Object Repo/Landing Page/BM Detecting), "href", 20, OPTIONAL): Object 'Object Repository/Final Object Repo/Landing Page/BM Detecting' has attribute 'href'

2018-11-09 13:23:30 - [MESSAGE][PASSED] - Object 'Object Repository/Final Object Repo/Landing Page/BM Detecting' has attribute 'href'

2018-11-09 13:23:30 - [TEST_STEP][PASSED] - Statement - out.println(Checker): null

2018-11-09 13:23:30 - [TEST_STEP][PASSED] - Statement - If (Checker == false): null

2018-11-09 13:23:30 - [TEST_STEP][PASSED] - Statement - Else: null

2018-11-09 13:23:30 - [TEST_STEP][PASSED] - delay: Delayed 2 second(s)

2018-11-09 13:23:32 - [MESSAGE][PASSED] - Delayed 2 second(s)

2018-11-09 13:23:32 - [TEST_STEP][PASSED] - click: Object: 'Object Repository/Final Object Repo/Page_MyASSIST - ASSIST - Search Pending Case For Add Supporting Document/Search Information' is clicked on

2018-11-09 13:23:33 - [MESSAGE][PASSED] - Object: 'Object Repository/Final Object Repo/Page_MyASSIST - ASSIST - Search Pending Case For Add Supporting Document/Search Information' is clicked on

2018-11-09 13:23:33 - [TEST_STEP][PASSED] - delay: Delayed 3 second(s)

2018-11-09 13:23:36 - [MESSAGE][PASSED] - Delayed 3 second(s)

2018-11-09 13:23:36 - [TEST_STEP][PASSED] - sendKeys: Keys 'CUN112018C200001545' sent to object: 'Object Repository/Final Object Repo/Page_MyASSIST - ASSIST - Search Pending Case For Add Supporting Document/Reference No'

2018-11-09 13:23:36 - [MESSAGE][PASSED] - Keys 'CUN112018C200001545' sent to object: 'Object Repository/Final Object Repo/Page_MyASSIST - ASSIST - Search Pending Case For Add Supporting Document/Reference No'

2018-11-09 13:23:36 - [TEST_STEP][PASSED] - click: Object: 'Object Repository/Final Object Repo/Page_MyASSIST - ASSIST - Search Pending Case For Add Supporting Document/Search Reference No' is clicked on

2018-11-09 13:23:38 - [MESSAGE][PASSED] - Object: 'Object Repository/Final Object Repo/Page_MyASSIST - ASSIST - Search Pending Case For Add Supporting Document/Search Reference No' is clicked on

2018-11-09 13:23:38 - [TEST_STEP][PASSED] - delay: Delayed 2 second(s)

2018-11-09 13:23:40 - [MESSAGE][PASSED] - Delayed 2 second(s)

2018-11-09 13:23:40 - [TEST_STEP][PASSED] - click: Object: 'Object Repository/Final Object Repo/Page_MyASSIST - ASSIST - Search Pending Case For Add Supporting Document/Continue' is clicked on

2018-11-09 13:23:44 - [MESSAGE][PASSED] - Object: 'Object Repository/Final Object Repo/Page_MyASSIST - ASSIST - Search Pending Case For Add Supporting Document/Continue' is clicked on

2018-11-09 13:23:44 - [TEST_STEP][PASSED] - delay: Delayed 20 second(s)

2018-11-09 13:24:04 - [MESSAGE][PASSED] - Delayed 20 second(s)

2018-11-09 13:24:04 - [MESSAGE][PASSED] - Call Test Case 'Test Cases/Final Aug 2018 - PKS Automation/Registration Module/Workflow/Login and Search Case For Workflow' successfully

2018-11-09 13:24:04 - [TEST_STEP][PASSED] - click: Object: 'Object Repository/Final Object Repo/Page_Form 1A - Cessation As Employer/Page_Form 1A - Cessation As Employer (Approve)/Save  Continue in Form 1A Page' is clicked on

2018-11-09 13:24:06 - [MESSAGE][PASSED] - Object: 'Object Repository/Final Object Repo/Page_Form 1A - Cessation As Employer/Page_Form 1A - Cessation As Employer (Approve)/Save  Continue in Form 1A Page' is clicked on

2018-11-09 13:24:06 - [TEST_STEP][PASSED] - delay: Delayed 2 second(s)

2018-11-09 13:24:08 - [MESSAGE][PASSED] - Delayed 2 second(s)

2018-11-09 13:24:08 - [TEST_STEP][PASSED] - click: Object: 'Object Repository/Final Object Repo/Page_Form 1A - Cessation As Employer/Employment Resign Date' is clicked on

2018-11-09 13:24:09 - [MESSAGE][PASSED] - Object: 'Object Repository/Final Object Repo/Page_Form 1A - Cessation As Employer/Employment Resign Date' is clicked on

2018-11-09 13:24:09 - [TEST_STEP][PASSED] - delay: Delayed 1 second(s)

2018-11-09 13:24:10 - [MESSAGE][PASSED] - Delayed 1 second(s)

2018-11-09 13:24:10 - [TEST_STEP][PASSED] - selectOptionByValue: All options with value '2030' are selected in object 'Object Repository/Final Object Repo/Page_Form 1A - Cessation As Employer/Employment Resign Date - Year' 

2018-11-09 13:24:10 - [MESSAGE][PASSED] - All options with value '2030' are selected in object 'Object Repository/Final Object Repo/Page_Form 1A - Cessation As Employer/Employment Resign Date - Year' 

2018-11-09 13:24:10 - [TEST_STEP][PASSED] - delay: Delayed 1 second(s)

2018-11-09 13:24:11 - [MESSAGE][PASSED] - Delayed 1 second(s)

2018-11-09 13:24:11 - [TEST_STEP][PASSED] - click: Object: 'Object Repository/Final Object Repo/Page_Form 1A - Cessation As Employer/Employment Resign Date - Year - Date' is clicked on

2018-11-09 13:24:11 - [MESSAGE][PASSED] - Object: 'Object Repository/Final Object Repo/Page_Form 1A - Cessation As Employer/Employment Resign Date - Year - Date' is clicked on

2018-11-09 13:24:11 - [TEST_STEP][PASSED] - delay: Delayed 2 second(s)

2018-11-09 13:24:13 - [MESSAGE][PASSED] - Delayed 2 second(s)

2018-11-09 13:24:13 - [TEST_STEP][PASSED] - click: Object: 'Object Repository/Final Object Repo/Page_Form 1A - Cessation As Employer/Page_Form 1A - Cessation As Employer (Approve)/Save  Continue in Update Add Employee Resigned Date Page' is clicked on

2018-11-09 13:24:17 - [MESSAGE][PASSED] - Object: 'Object Repository/Final Object Repo/Page_Form 1A - Cessation As Employer/Page_Form 1A - Cessation As Employer (Approve)/Save  Continue in Update Add Employee Resigned Date Page' is clicked on

2018-11-09 13:24:17 - [TEST_STEP][PASSED] - delay: Delayed 2 second(s)

2018-11-09 13:24:19 - [MESSAGE][PASSED] - Delayed 2 second(s)

2018-11-09 13:24:19 - [TEST_STEP][PASSED] - click: Object: 'Object Repository/Final Object Repo/Page_Form 1A - Cessation As Employer/Page_Form 1A - Cessation As Employer (Approve)/Save  Contine in Uploading Document Page' is clicked on

2018-11-09 13:24:20 - [MESSAGE][PASSED] - Object: 'Object Repository/Final Object Repo/Page_Form 1A - Cessation As Employer/Page_Form 1A - Cessation As Employer (Approve)/Save  Contine in Uploading Document Page' is clicked on

2018-11-09 13:24:20 - [TEST_STEP][PASSED] - delay: Delayed 2 second(s)

2018-11-09 13:24:22 - [MESSAGE][PASSED] - Delayed 2 second(s)

2018-11-09 13:24:22 - [TEST_STEP][PASSED] - click: Object: 'Object Repository/Final Object Repo/Page_Form 1A - Cessation As Employer/Page_Form 1A - Cessation As Employer (Approve)/Approve' is clicked on

2018-11-09 13:24:25 - [MESSAGE][PASSED] - Object: 'Object Repository/Final Object Repo/Page_Form 1A - Cessation As Employer/Page_Form 1A - Cessation As Employer (Approve)/Approve' is clicked on

2018-11-09 13:24:25 - [TEST_STEP][PASSED] - delay: Delayed 2 second(s)

2018-11-09 13:24:27 - [MESSAGE][PASSED] - Delayed 2 second(s)

2018-11-09 13:24:27 - [TEST_STEP][PASSED] - click: Object: 'Object Repository/Final Object Repo/Page_Form 1A - Cessation As Employer/Confirm' is clicked on

2018-11-09 13:24:28 - [MESSAGE][PASSED] - Object: 'Object Repository/Final Object Repo/Page_Form 1A - Cessation As Employer/Confirm' is clicked on

2018-11-09 13:24:28 - [TEST_STEP][PASSED] - delay: Delayed 2 second(s)

2018-11-09 13:24:30 - [MESSAGE][PASSED] - Delayed 2 second(s)

2018-11-09 13:24:30 - [TEST_STEP][PASSED] - click: Object: 'Object Repository/Final Object Repo/Page_Form 1A - Cessation As Employer/Page_Form 1A - Cessation As Employer (Approve)/Message Your Request    Form 1A ' is clicked on

2018-11-09 13:24:38 - [MESSAGE][PASSED] - Object: 'Object Repository/Final Object Repo/Page_Form 1A - Cessation As Employer/Page_Form 1A - Cessation As Employer (Approve)/Message Your Request    Form 1A ' is clicked on

2018-11-09 13:24:38 - [TEST_STEP][PASSED] - delay: Delayed 2 second(s)

2018-11-09 13:24:40 - [MESSAGE][PASSED] - Delayed 2 second(s)

2018-11-09 13:24:40 - [TEST_STEP][PASSED] - click: Object: 'Object Repository/Final Object Repo/Page_Form 1A - Cessation As Employer/Page_Form 1A - Cessation As Employer (Approve)/Letter of successful update' is clicked on

2018-11-09 13:24:46 - [MESSAGE][PASSED] - Object: 'Object Repository/Final Object Repo/Page_Form 1A - Cessation As Employer/Page_Form 1A - Cessation As Employer (Approve)/Letter of successful update' is clicked on

2018-11-09 13:24:46 - [MESSAGE][PASSED] - Call Test Case 'Test Cases/Final Aug 2018 - PKS Automation/Registration Module/Workflow/Form 1A - Cessation As Employer/Template/Form 1 A - Cessation As Employer (Approve)' successfully]]></system-out>
         <system-err><![CDATA[]]></system-err>
      </testcase>
      <testcase name="Test Cases/Final Aug 2018 - PKS Automation/Registration Module/Workflow/Form 1A - Cessation As Employer/PKRBO to UO (Under enforcement)" classname="Test Cases/Final Aug 2018 - PKS Automation/Registration Module/Workflow/Form 1A - Cessation As Employer/PKRBO to UO (Under enforcement)" status="FAILED">
         <failure type="FAILED" message="(Stack trace: com.kms.katalon.core.exception.StepFailedException: Unable to click on object 'Object Repository/Final Object Repo/WorkFlow Listing Page/Click Continue Tooltip' (Root cause: com.kms.katalon.core.webui.exception.WebElementNotFoundException: Web element with id: 'Object Repository/Final Object Repo/WorkFlow Listing Page/Click Continue Tooltip' located by 'By.xpath: //i[@aria-hidden = 'true' and @data-toggle = 'tooltip' and @data-original-title = 'Continue']' not found)
	at com.kms.katalon.core.keyword.internal.KeywordMain.stepFailed(KeywordMain.groovy:32)
	at com.kms.katalon.core.webui.keyword.internal.WebUIKeywordMain.stepFailed(WebUIKeywordMain.groovy:65)
	at com.kms.katalon.core.webui.keyword.internal.WebUIKeywordMain.runKeyword(WebUIKeywordMain.groovy:27)
	at com.kms.katalon.core.webui.keyword.builtin.ClickKeyword.click(ClickKeyword.groovy:86)
	at com.kms.katalon.core.webui.keyword.builtin.ClickKeyword.execute(ClickKeyword.groovy:67)
	at com.kms.katalon.core.keyword.internal.KeywordExecutor.executeKeywordForPlatform(KeywordExecutor.groovy:53)
	at com.kms.katalon.core.webui.keyword.WebUiBuiltInKeywords.click(WebUiBuiltInKeywords.groovy:616)
	at com.kms.katalon.core.webui.keyword.WebUiBuiltInKeywords$click$2.call(Unknown Source)
	at Script1534407542420.run(Script1534407542420.groovy:91)
	at com.kms.katalon.core.main.ScriptEngine.run(ScriptEngine.java:183)
	at com.kms.katalon.core.main.ScriptEngine.runScriptAsRawText(ScriptEngine.java:108)
	at com.kms.katalon.core.main.TestCaseExecutor.runScript(TestCaseExecutor.java:294)
	at com.kms.katalon.core.main.TestCaseExecutor.doExecute(TestCaseExecutor.java:285)
	at com.kms.katalon.core.main.TestCaseExecutor.processExecutionPhase(TestCaseExecutor.java:264)
	at com.kms.katalon.core.main.TestCaseExecutor.accessMainPhase(TestCaseExecutor.java:256)
	at com.kms.katalon.core.main.TestCaseExecutor.execute(TestCaseExecutor.java:200)
	at com.kms.katalon.core.main.TestCaseMain.runTestCase(TestCaseMain.java:99)
	at com.kms.katalon.core.keyword.builtin.CallTestCaseKeyword$_callTestCase_closure1.doCall(CallTestCaseKeyword.groovy:60)
	at com.kms.katalon.core.keyword.builtin.CallTestCaseKeyword$_callTestCase_closure1.call(CallTestCaseKeyword.groovy)
	at com.kms.katalon.core.keyword.internal.KeywordMain.runKeyword(KeywordMain.groovy:54)
	at com.kms.katalon.core.keyword.builtin.CallTestCaseKeyword.callTestCase(CallTestCaseKeyword.groovy:81)
	at com.kms.katalon.core.keyword.builtin.CallTestCaseKeyword.execute(CallTestCaseKeyword.groovy:45)
	at com.kms.katalon.core.keyword.internal.KeywordExecutor.executeKeywordForPlatform(KeywordExecutor.groovy:53)
	at com.kms.katalon.core.keyword.BuiltinKeywords.callTestCase(BuiltinKeywords.groovy:334)
	at sun.reflect.GeneratedMethodAccessor13.invoke(Unknown Source)
	at sun.reflect.DelegatingMethodAccessorImpl.invoke(DelegatingMethodAccessorImpl.java:43)
	at java.lang.reflect.Method.invoke(Method.java:498)
	at org.codehaus.groovy.reflection.CachedMethod.invoke(CachedMethod.java:93)
	at groovy.lang.MetaMethod.doMethodInvoke(MetaMethod.java:325)
	at groovy.lang.MetaClassImpl.invokeStaticMethod(MetaClassImpl.java:1469)
	at org.codehaus.groovy.runtime.callsite.StaticMetaClassSite.call(StaticMetaClassSite.java:53)
	at org.codehaus.groovy.runtime.callsite.AbstractCallSite.call(AbstractCallSite.java:141)
	at Script1535963367907.run(Script1535963367907.groovy:33)
	at com.kms.katalon.core.main.ScriptEngine.run(ScriptEngine.java:183)
	at com.kms.katalon.core.main.ScriptEngine.runScriptAsRawText(ScriptEngine.java:108)
	at com.kms.katalon.core.main.TestCaseExecutor.runScript(TestCaseExecutor.java:294)
	at com.kms.katalon.core.main.TestCaseExecutor.doExecute(TestCaseExecutor.java:285)
	at com.kms.katalon.core.main.TestCaseExecutor.processExecutionPhase(TestCaseExecutor.java:264)
	at com.kms.katalon.core.main.TestCaseExecutor.accessMainPhase(TestCaseExecutor.java:256)
	at com.kms.katalon.core.main.TestCaseExecutor.execute(TestCaseExecutor.java:200)
	at com.kms.katalon.core.main.TestCaseMain.runTestCase(TestCaseMain.java:99)
	at com.kms.katalon.core.keyword.builtin.CallTestCaseKeyword$_callTestCase_closure1.doCall(CallTestCaseKeyword.groovy:60)
	at com.kms.katalon.core.keyword.builtin.CallTestCaseKeyword$_callTestCase_closure1.call(CallTestCaseKeyword.groovy)
	at com.kms.katalon.core.keyword.internal.KeywordMain.runKeyword(KeywordMain.groovy:54)
	at com.kms.katalon.core.keyword.builtin.CallTestCaseKeyword.callTestCase(CallTestCaseKeyword.groovy:81)
	at com.kms.katalon.core.keyword.builtin.CallTestCaseKeyword.execute(CallTestCaseKeyword.groovy:45)
	at com.kms.katalon.core.keyword.internal.KeywordExecutor.executeKeywordForPlatform(KeywordExecutor.groovy:53)
	at com.kms.katalon.core.keyword.BuiltinKeywords.callTestCase(BuiltinKeywords.groovy:334)
	at sun.reflect.GeneratedMethodAccessor13.invoke(Unknown Source)
	at sun.reflect.DelegatingMethodAccessorImpl.invoke(DelegatingMethodAccessorImpl.java:43)
	at java.lang.reflect.Method.invoke(Method.java:498)
	at org.codehaus.groovy.reflection.CachedMethod.invoke(CachedMethod.java:93)
	at groovy.lang.MetaMethod.doMethodInvoke(MetaMethod.java:325)
	at groovy.lang.MetaClassImpl.invokeStaticMethod(MetaClassImpl.java:1469)
	at org.codehaus.groovy.runtime.callsite.StaticMetaClassSite.call(StaticMetaClassSite.java:53)
	at org.codehaus.groovy.runtime.callsite.CallSiteArray.defaultCall(CallSiteArray.java:48)
	at org.codehaus.groovy.runtime.callsite.AbstractCallSite.call(AbstractCallSite.java:113)
	at org.codehaus.groovy.runtime.callsite.AbstractCallSite.call(AbstractCallSite.java:141)
	at Script1536139032579.run(Script1536139032579.groovy:25)
	at com.kms.katalon.core.main.ScriptEngine.run(ScriptEngine.java:183)
	at com.kms.katalon.core.main.ScriptEngine.runScriptAsRawText(ScriptEngine.java:108)
	at com.kms.katalon.core.main.TestCaseExecutor.runScript(TestCaseExecutor.java:294)
	at com.kms.katalon.core.main.TestCaseExecutor.doExecute(TestCaseExecutor.java:285)
	at com.kms.katalon.core.main.TestCaseExecutor.processExecutionPhase(TestCaseExecutor.java:264)
	at com.kms.katalon.core.main.TestCaseExecutor.accessMainPhase(TestCaseExecutor.java:256)
	at com.kms.katalon.core.main.TestCaseExecutor.execute(TestCaseExecutor.java:200)
	at com.kms.katalon.core.main.TestSuiteExecutor.accessTestCaseMainPhase(TestSuiteExecutor.java:129)
	at com.kms.katalon.core.main.TestSuiteExecutor.accessTestSuiteMainPhase(TestSuiteExecutor.java:112)
	at com.kms.katalon.core.main.TestSuiteExecutor.execute(TestSuiteExecutor.java:81)
	at com.kms.katalon.core.main.TestCaseMain.startTestSuite(TestCaseMain.java:142)
	at com.kms.katalon.core.main.TestCaseMain$startTestSuite$0.call(Unknown Source)
	at org.codehaus.groovy.runtime.callsite.CallSiteArray.defaultCall(CallSiteArray.java:48)
	at org.codehaus.groovy.runtime.callsite.AbstractCallSite.call(AbstractCallSite.java:113)
	at org.codehaus.groovy.runtime.callsite.AbstractCallSite.call(AbstractCallSite.java:141)
	at TempTestSuite1541736709639.run(TempTestSuite1541736709639.groovy:36)
	at groovy.lang.GroovyShell.runScriptOrMainOrTestOrRunnable(GroovyShell.java:263)
	at groovy.lang.GroovyShell.run(GroovyShell.java:518)
	at groovy.lang.GroovyShell.run(GroovyShell.java:507)
	at groovy.ui.GroovyMain.processOnce(GroovyMain.java:653)
	at groovy.ui.GroovyMain.run(GroovyMain.java:384)
	at groovy.ui.GroovyMain.process(GroovyMain.java:370)
	at groovy.ui.GroovyMain.processArgs(GroovyMain.java:129)
	at groovy.ui.GroovyMain.main(GroovyMain.java:109)
	at sun.reflect.NativeMethodAccessorImpl.invoke0(Native Method)
	at sun.reflect.NativeMethodAccessorImpl.invoke(NativeMethodAccessorImpl.java:62)
	at sun.reflect.DelegatingMethodAccessorImpl.invoke(DelegatingMethodAccessorImpl.java:43)
	at java.lang.reflect.Method.invoke(Method.java:498)
	at org.codehaus.groovy.tools.GroovyStarter.rootLoader(GroovyStarter.java:109)
	at org.codehaus.groovy.tools.GroovyStarter.main(GroovyStarter.java:131)
)"/>
         <system-out><![CDATA[2018-11-09 13:24:46 - [TEST_CASE][FAILED] - Test Cases/Final Aug 2018 - PKS Automation/Registration Module/Workflow/Form 1A - Cessation As Employer/PKRBO to UO (Under enforcement): Test Cases/Final Aug 2018 - PKS Automation/Registration Module/Workflow/Form 1A - Cessation As Employer/PKRBO to UO (Under enforcement) FAILED because (of) (Stack trace: com.kms.katalon.core.exception.StepFailedException: Unable to click on object 'Object Repository/Final Object Repo/WorkFlow Listing Page/Click Continue Tooltip' (Root cause: com.kms.katalon.core.webui.exception.WebElementNotFoundException: Web element with id: 'Object Repository/Final Object Repo/WorkFlow Listing Page/Click Continue Tooltip' located by 'By.xpath: //i[@aria-hidden = 'true' and @data-toggle = 'tooltip' and @data-original-title = 'Continue']' not found)
	at com.kms.katalon.core.keyword.internal.KeywordMain.stepFailed(KeywordMain.groovy:32)
	at com.kms.katalon.core.webui.keyword.internal.WebUIKeywordMain.stepFailed(WebUIKeywordMain.groovy:65)
	at com.kms.katalon.core.webui.keyword.internal.WebUIKeywordMain.runKeyword(WebUIKeywordMain.groovy:27)
	at com.kms.katalon.core.webui.keyword.builtin.ClickKeyword.click(ClickKeyword.groovy:86)
	at com.kms.katalon.core.webui.keyword.builtin.ClickKeyword.execute(ClickKeyword.groovy:67)
	at com.kms.katalon.core.keyword.internal.KeywordExecutor.executeKeywordForPlatform(KeywordExecutor.groovy:53)
	at com.kms.katalon.core.webui.keyword.WebUiBuiltInKeywords.click(WebUiBuiltInKeywords.groovy:616)
	at com.kms.katalon.core.webui.keyword.WebUiBuiltInKeywords$click$2.call(Unknown Source)
	at Script1534407542420.run(Script1534407542420.groovy:91)
	at com.kms.katalon.core.main.ScriptEngine.run(ScriptEngine.java:183)
	at com.kms.katalon.core.main.ScriptEngine.runScriptAsRawText(ScriptEngine.java:108)
	at com.kms.katalon.core.main.TestCaseExecutor.runScript(TestCaseExecutor.java:294)
	at com.kms.katalon.core.main.TestCaseExecutor.doExecute(TestCaseExecutor.java:285)
	at com.kms.katalon.core.main.TestCaseExecutor.processExecutionPhase(TestCaseExecutor.java:264)
	at com.kms.katalon.core.main.TestCaseExecutor.accessMainPhase(TestCaseExecutor.java:256)
	at com.kms.katalon.core.main.TestCaseExecutor.execute(TestCaseExecutor.java:200)
	at com.kms.katalon.core.main.TestCaseMain.runTestCase(TestCaseMain.java:99)
	at com.kms.katalon.core.keyword.builtin.CallTestCaseKeyword$_callTestCase_closure1.doCall(CallTestCaseKeyword.groovy:60)
	at com.kms.katalon.core.keyword.builtin.CallTestCaseKeyword$_callTestCase_closure1.call(CallTestCaseKeyword.groovy)
	at com.kms.katalon.core.keyword.internal.KeywordMain.runKeyword(KeywordMain.groovy:54)
	at com.kms.katalon.core.keyword.builtin.CallTestCaseKeyword.callTestCase(CallTestCaseKeyword.groovy:81)
	at com.kms.katalon.core.keyword.builtin.CallTestCaseKeyword.execute(CallTestCaseKeyword.groovy:45)
	at com.kms.katalon.core.keyword.internal.KeywordExecutor.executeKeywordForPlatform(KeywordExecutor.groovy:53)
	at com.kms.katalon.core.keyword.BuiltinKeywords.callTestCase(BuiltinKeywords.groovy:334)
	at sun.reflect.GeneratedMethodAccessor13.invoke(Unknown Source)
	at sun.reflect.DelegatingMethodAccessorImpl.invoke(DelegatingMethodAccessorImpl.java:43)
	at java.lang.reflect.Method.invoke(Method.java:498)
	at org.codehaus.groovy.reflection.CachedMethod.invoke(CachedMethod.java:93)
	at groovy.lang.MetaMethod.doMethodInvoke(MetaMethod.java:325)
	at groovy.lang.MetaClassImpl.invokeStaticMethod(MetaClassImpl.java:1469)
	at org.codehaus.groovy.runtime.callsite.StaticMetaClassSite.call(StaticMetaClassSite.java:53)
	at org.codehaus.groovy.runtime.callsite.AbstractCallSite.call(AbstractCallSite.java:141)
	at Script1535963367907.run(Script1535963367907.groovy:33)
	at com.kms.katalon.core.main.ScriptEngine.run(ScriptEngine.java:183)
	at com.kms.katalon.core.main.ScriptEngine.runScriptAsRawText(ScriptEngine.java:108)
	at com.kms.katalon.core.main.TestCaseExecutor.runScript(TestCaseExecutor.java:294)
	at com.kms.katalon.core.main.TestCaseExecutor.doExecute(TestCaseExecutor.java:285)
	at com.kms.katalon.core.main.TestCaseExecutor.processExecutionPhase(TestCaseExecutor.java:264)
	at com.kms.katalon.core.main.TestCaseExecutor.accessMainPhase(TestCaseExecutor.java:256)
	at com.kms.katalon.core.main.TestCaseExecutor.execute(TestCaseExecutor.java:200)
	at com.kms.katalon.core.main.TestCaseMain.runTestCase(TestCaseMain.java:99)
	at com.kms.katalon.core.keyword.builtin.CallTestCaseKeyword$_callTestCase_closure1.doCall(CallTestCaseKeyword.groovy:60)
	at com.kms.katalon.core.keyword.builtin.CallTestCaseKeyword$_callTestCase_closure1.call(CallTestCaseKeyword.groovy)
	at com.kms.katalon.core.keyword.internal.KeywordMain.runKeyword(KeywordMain.groovy:54)
	at com.kms.katalon.core.keyword.builtin.CallTestCaseKeyword.callTestCase(CallTestCaseKeyword.groovy:81)
	at com.kms.katalon.core.keyword.builtin.CallTestCaseKeyword.execute(CallTestCaseKeyword.groovy:45)
	at com.kms.katalon.core.keyword.internal.KeywordExecutor.executeKeywordForPlatform(KeywordExecutor.groovy:53)
	at com.kms.katalon.core.keyword.BuiltinKeywords.callTestCase(BuiltinKeywords.groovy:334)
	at sun.reflect.GeneratedMethodAccessor13.invoke(Unknown Source)
	at sun.reflect.DelegatingMethodAccessorImpl.invoke(DelegatingMethodAccessorImpl.java:43)
	at java.lang.reflect.Method.invoke(Method.java:498)
	at org.codehaus.groovy.reflection.CachedMethod.invoke(CachedMethod.java:93)
	at groovy.lang.MetaMethod.doMethodInvoke(MetaMethod.java:325)
	at groovy.lang.MetaClassImpl.invokeStaticMethod(MetaClassImpl.java:1469)
	at org.codehaus.groovy.runtime.callsite.StaticMetaClassSite.call(StaticMetaClassSite.java:53)
	at org.codehaus.groovy.runtime.callsite.CallSiteArray.defaultCall(CallSiteArray.java:48)
	at org.codehaus.groovy.runtime.callsite.AbstractCallSite.call(AbstractCallSite.java:113)
	at org.codehaus.groovy.runtime.callsite.AbstractCallSite.call(AbstractCallSite.java:141)
	at Script1536139032579.run(Script1536139032579.groovy:25)
	at com.kms.katalon.core.main.ScriptEngine.run(ScriptEngine.java:183)
	at com.kms.katalon.core.main.ScriptEngine.runScriptAsRawText(ScriptEngine.java:108)
	at com.kms.katalon.core.main.TestCaseExecutor.runScript(TestCaseExecutor.java:294)
	at com.kms.katalon.core.main.TestCaseExecutor.doExecute(TestCaseExecutor.java:285)
	at com.kms.katalon.core.main.TestCaseExecutor.processExecutionPhase(TestCaseExecutor.java:264)
	at com.kms.katalon.core.main.TestCaseExecutor.accessMainPhase(TestCaseExecutor.java:256)
	at com.kms.katalon.core.main.TestCaseExecutor.execute(TestCaseExecutor.java:200)
	at com.kms.katalon.core.main.TestSuiteExecutor.accessTestCaseMainPhase(TestSuiteExecutor.java:129)
	at com.kms.katalon.core.main.TestSuiteExecutor.accessTestSuiteMainPhase(TestSuiteExecutor.java:112)
	at com.kms.katalon.core.main.TestSuiteExecutor.execute(TestSuiteExecutor.java:81)
	at com.kms.katalon.core.main.TestCaseMain.startTestSuite(TestCaseMain.java:142)
	at com.kms.katalon.core.main.TestCaseMain$startTestSuite$0.call(Unknown Source)
	at org.codehaus.groovy.runtime.callsite.CallSiteArray.defaultCall(CallSiteArray.java:48)
	at org.codehaus.groovy.runtime.callsite.AbstractCallSite.call(AbstractCallSite.java:113)
	at org.codehaus.groovy.runtime.callsite.AbstractCallSite.call(AbstractCallSite.java:141)
	at TempTestSuite1541736709639.run(TempTestSuite1541736709639.groovy:36)
	at groovy.lang.GroovyShell.runScriptOrMainOrTestOrRunnable(GroovyShell.java:263)
	at groovy.lang.GroovyShell.run(GroovyShell.java:518)
	at groovy.lang.GroovyShell.run(GroovyShell.java:507)
	at groovy.ui.GroovyMain.processOnce(GroovyMain.java:653)
	at groovy.ui.GroovyMain.run(GroovyMain.java:384)
	at groovy.ui.GroovyMain.process(GroovyMain.java:370)
	at groovy.ui.GroovyMain.processArgs(GroovyMain.java:129)
	at groovy.ui.GroovyMain.main(GroovyMain.java:109)
	at sun.reflect.NativeMethodAccessorImpl.invoke0(Native Method)
	at sun.reflect.NativeMethodAccessorImpl.invoke(NativeMethodAccessorImpl.java:62)
	at sun.reflect.DelegatingMethodAccessorImpl.invoke(DelegatingMethodAccessorImpl.java:43)
	at java.lang.reflect.Method.invoke(Method.java:498)
	at org.codehaus.groovy.tools.GroovyStarter.rootLoader(GroovyStarter.java:109)
	at org.codehaus.groovy.tools.GroovyStarter.main(GroovyStarter.java:131)
)

2018-11-09 13:24:46 - [TEST_STEP][PASSED] - callTestCase: Call Test Case 'Test Cases/Final Aug 2018 - PKS Automation/Registration Module/Workflow/Form 1A - Cessation As Employer/Template/Form 1 A - Cessation As Employer (PKRBO)' successfully

2018-11-09 13:24:46 - [TEST_CASE][PASSED] - Test Cases/Final Aug 2018 - PKS Automation/Registration Module/Workflow/Form 1A - Cessation As Employer/Template/Form 1 A - Cessation As Employer (PKRBO): Test Cases/Final Aug 2018 - PKS Automation/Registration Module/Workflow/Form 1A - Cessation As Employer/Template/Form 1 A - Cessation As Employer (PKRBO)

2018-11-09 13:24:46 - [TEST_STEP][PASSED] - openBrowser: Browser is opened with url: ''

2018-11-09 13:24:46 - [MESSAGE][WARNING] - A browser is already opened. Closing browser and opening a new one

2018-11-09 13:24:51 - [MESSAGE][PASSED] - Browser is opened with url: ''

2018-11-09 13:24:51 - [TEST_STEP][PASSED] - navigateToUrl: Navigate to 'https://assist2-uat.perkeso.gov.my/login' successfully

2018-11-09 13:24:53 - [MESSAGE][PASSED] - Navigate to 'https://assist2-uat.perkeso.gov.my/login' successfully

2018-11-09 13:24:53 - [TEST_STEP][PASSED] - setText: Text 'johorpkrbo1@gmail.com' is set on object 'Object Repository/Final Object Repo/Login Page/Internal User/Email Address'

2018-11-09 13:24:53 - [MESSAGE][PASSED] - Text 'johorpkrbo1@gmail.com' is set on object 'Object Repository/Final Object Repo/Login Page/Internal User/Email Address'

2018-11-09 13:24:53 - [TEST_STEP][PASSED] - click: Object: 'Object Repository/Final Object Repo/Login Page/Internal User/Next Button' is clicked on

2018-11-09 13:24:53 - [MESSAGE][PASSED] - Object: 'Object Repository/Final Object Repo/Login Page/Internal User/Next Button' is clicked on

2018-11-09 13:24:54 - [TEST_STEP][PASSED] - delay: Delayed 1 second(s)

2018-11-09 13:24:55 - [MESSAGE][PASSED] - Delayed 1 second(s)

2018-11-09 13:24:55 - [TEST_STEP][PASSED] - setEncryptedText: Text ****** has been set on object 'Object Repository/Final Object Repo/Login Page/Internal User/Password'

2018-11-09 13:24:55 - [MESSAGE][PASSED] - Text ****** has been set on object 'Object Repository/Final Object Repo/Login Page/Internal User/Password'

2018-11-09 13:24:55 - [TEST_STEP][PASSED] - click: Object: 'Object Repository/Final Object Repo/Login Page/Internal User/Login Button' is clicked on

2018-11-09 13:24:58 - [MESSAGE][PASSED] - Object: 'Object Repository/Final Object Repo/Login Page/Internal User/Login Button' is clicked on

2018-11-09 13:24:58 - [TEST_STEP][PASSED] - delay: Delayed 1 second(s)

2018-11-09 13:24:59 - [MESSAGE][PASSED] - Delayed 1 second(s)

2018-11-09 13:24:59 - [TEST_STEP][PASSED] - Statement - Try: Delayed 2 second(s)

2018-11-09 13:24:59 - [TEST_STEP][PASSED] - Statement - Checker = false: null

2018-11-09 13:24:59 - [TEST_STEP][PASSED] - Statement - Checker = com.kms.katalon.core.webui.keyword.WebUiBuiltInKeywords.verifyElementHasAttribute(com.kms.katalon.core.testobject.ObjectRepository.findTestObject(Final Object Repo/Landing Page/BM Detecting), "href", 20, OPTIONAL): Object 'Object Repository/Final Object Repo/Landing Page/BM Detecting' has attribute 'href'

2018-11-09 13:24:59 - [MESSAGE][PASSED] - Object 'Object Repository/Final Object Repo/Landing Page/BM Detecting' has attribute 'href'

2018-11-09 13:24:59 - [TEST_STEP][PASSED] - Statement - out.println(Checker): null

2018-11-09 13:24:59 - [TEST_STEP][PASSED] - Statement - If (Checker == false): null

2018-11-09 13:24:59 - [TEST_STEP][PASSED] - Statement - Else: null

2018-11-09 13:24:59 - [TEST_STEP][PASSED] - delay: Delayed 2 second(s)

2018-11-09 13:25:01 - [MESSAGE][PASSED] - Delayed 2 second(s)

2018-11-09 13:25:01 - [TEST_STEP][PASSED] - navigateToUrl: Navigate to 'https://assist2-uat.perkeso.gov.my/web/registration/update/form-1a-cessation-as-employer-discontinue-business-' successfully

2018-11-09 13:25:03 - [MESSAGE][PASSED] - Navigate to 'https://assist2-uat.perkeso.gov.my/web/registration/update/form-1a-cessation-as-employer-discontinue-business-' successfully

2018-11-09 13:25:03 - [TEST_STEP][PASSED] - setText: Text 'E1102069770Z' is set on object 'Object Repository/Final Object Repo/Page_Update Employer Information/Employer Code'

2018-11-09 13:25:03 - [MESSAGE][PASSED] - Text 'E1102069770Z' is set on object 'Object Repository/Final Object Repo/Page_Update Employer Information/Employer Code'

2018-11-09 13:25:03 - [TEST_STEP][PASSED] - click: Object: 'Object Repository/Final Object Repo/Page_Update Employer Information/Search Button' is clicked on

2018-11-09 13:25:05 - [MESSAGE][PASSED] - Object: 'Object Repository/Final Object Repo/Page_Update Employer Information/Search Button' is clicked on

2018-11-09 13:25:05 - [TEST_STEP][PASSED] - click: Object: 'Object Repository/Final Object Repo/Page_Update Employer Information/Edit Button' is clicked on

2018-11-09 13:25:07 - [MESSAGE][PASSED] - Object: 'Object Repository/Final Object Repo/Page_Update Employer Information/Edit Button' is clicked on

2018-11-09 13:25:07 - [TEST_STEP][PASSED] - Statement - abc = com.kms.katalon.core.webui.keyword.WebUiBuiltInKeywords.getAttribute(com.kms.katalon.core.testobject.ObjectRepository.findTestObject(Final Object Repo/Page_Form 1A - Cessation As Employer/Employer Status), "value"): Attribute 'value' of object 'Object Repository/Final Object Repo/Page_Form 1A - Cessation As Employer/Employer Status' is: 'Dormant'

2018-11-09 13:25:07 - [MESSAGE][PASSED] - Attribute 'value' of object 'Object Repository/Final Object Repo/Page_Form 1A - Cessation As Employer/Employer Status' is: 'Dormant'

2018-11-09 13:25:07 - [TEST_STEP][PASSED] - Statement - out.println(abc): null

2018-11-09 13:25:07 - [TEST_STEP][PASSED] - Statement - If (abc == "Active"): null

2018-11-09 13:25:07 - [TEST_STEP][PASSED] - Statement - Else If (abc == "Cancel"): null

2018-11-09 13:25:07 - [TEST_STEP][PASSED] - Statement - Else If (abc == "Dormant"): Object: 'Object Repository/Final Object Repo/Page_Form 1A - Cessation As Employer/Change Employer Status to - Dormant' is clicked on

2018-11-09 13:25:07 - [TEST_STEP][PASSED] - click: Object: 'Object Repository/Final Object Repo/Page_Form 1A - Cessation As Employer/Change Employer Status to' is clicked on

2018-11-09 13:25:07 - [MESSAGE][PASSED] - Object: 'Object Repository/Final Object Repo/Page_Form 1A - Cessation As Employer/Change Employer Status to' is clicked on

2018-11-09 13:25:07 - [TEST_STEP][PASSED] - click: Object: 'Object Repository/Final Object Repo/Page_Form 1A - Cessation As Employer/Change Employer Status to - Dormant' is clicked on

2018-11-09 13:25:08 - [MESSAGE][PASSED] - Object: 'Object Repository/Final Object Repo/Page_Form 1A - Cessation As Employer/Change Employer Status to - Dormant' is clicked on

2018-11-09 13:25:08 - [TEST_STEP][PASSED] - click: Object: 'Object Repository/Final Object Repo/Page_Form 1A - Cessation As Employer/Calender' is clicked on

2018-11-09 13:25:09 - [MESSAGE][PASSED] - Object: 'Object Repository/Final Object Repo/Page_Form 1A - Cessation As Employer/Calender' is clicked on

2018-11-09 13:25:09 - [TEST_STEP][PASSED] - click: Object: 'Object Repository/Final Object Repo/Page_Form 1A - Cessation As Employer/Calender - Date' is clicked on

2018-11-09 13:25:09 - [MESSAGE][PASSED] - Object: 'Object Repository/Final Object Repo/Page_Form 1A - Cessation As Employer/Calender - Date' is clicked on

2018-11-09 13:25:09 - [TEST_STEP][PASSED] - delay: Delayed 2 second(s)

2018-11-09 13:25:11 - [MESSAGE][PASSED] - Delayed 2 second(s)

2018-11-09 13:25:11 - [TEST_STEP][PASSED] - click: Object: 'Object Repository/Final Object Repo/Page_Form 1A - Cessation As Employer/Save  Continue in Form 1A Page' is clicked on

2018-11-09 13:25:14 - [MESSAGE][PASSED] - Object: 'Object Repository/Final Object Repo/Page_Form 1A - Cessation As Employer/Save  Continue in Form 1A Page' is clicked on

2018-11-09 13:25:14 - [TEST_STEP][PASSED] - delay: Delayed 2 second(s)

2018-11-09 13:25:16 - [MESSAGE][PASSED] - Delayed 2 second(s)

2018-11-09 13:25:16 - [TEST_STEP][PASSED] - click: Object: 'Object Repository/Final Object Repo/Page_Form 1A - Cessation As Employer/Employment Resign Date' is clicked on

2018-11-09 13:25:17 - [MESSAGE][PASSED] - Object: 'Object Repository/Final Object Repo/Page_Form 1A - Cessation As Employer/Employment Resign Date' is clicked on

2018-11-09 13:25:17 - [TEST_STEP][PASSED] - delay: Delayed 1 second(s)

2018-11-09 13:25:18 - [MESSAGE][PASSED] - Delayed 1 second(s)

2018-11-09 13:25:18 - [TEST_STEP][PASSED] - Statement - CaseReferenceNo = com.kms.katalon.core.webui.keyword.WebUiBuiltInKeywords.getText(com.kms.katalon.core.testobject.ObjectRepository.findTestObject(Final Object Repo/Page_Update Employer Information/Reference Number in Update Employee Information Page)): Text of object 'Object Repository/Final Object Repo/Page_Update Employer Information/Reference Number in Update Employee Information Page' is: 'CUN112018C200001546'

2018-11-09 13:25:18 - [MESSAGE][PASSED] - Text of object 'Object Repository/Final Object Repo/Page_Update Employer Information/Reference Number in Update Employee Information Page' is: 'CUN112018C200001546'

2018-11-09 13:25:18 - [TEST_STEP][PASSED] - Statement - out.println(CaseReferenceNo): null

2018-11-09 13:25:18 - [TEST_STEP][PASSED] - callTestCase: Call Test Case 'Test Cases/Final Aug 2018 - PKS Automation/Common/Reference Number Setter' successfully

2018-11-09 13:25:18 - [TEST_CASE][PASSED] - Test Cases/Final Aug 2018 - PKS Automation/Common/Reference Number Setter: Test Cases/Final Aug 2018 - PKS Automation/Common/Reference Number Setter

2018-11-09 13:25:18 - [TEST_STEP][PASSED] - Statement - RefNoOldFile = new java.io.File(C://KatalonReference.txt): null

2018-11-09 13:25:18 - [TEST_STEP][PASSED] - Statement - RefNoOldFile.delete(): null

2018-11-09 13:25:18 - [TEST_STEP][PASSED] - Statement - RefNo = new java.io.File(C://KatalonReference.txt): null

2018-11-09 13:25:18 - [TEST_STEP][PASSED] - Statement - RefNo.append(CaseReferenceNo): null

2018-11-09 13:25:18 - [TEST_STEP][PASSED] - Statement - out.println("


" + CaseReferenceNo + "


"): null

2018-11-09 13:25:18 - [MESSAGE][PASSED] - Call Test Case 'Test Cases/Final Aug 2018 - PKS Automation/Common/Reference Number Setter' successfully

2018-11-09 13:25:18 - [TEST_STEP][PASSED] - selectOptionByValue: All options with value '2030' are selected in object 'Object Repository/Final Object Repo/Page_Form 1A - Cessation As Employer/Employment Resign Date - Year' 

2018-11-09 13:25:18 - [MESSAGE][PASSED] - All options with value '2030' are selected in object 'Object Repository/Final Object Repo/Page_Form 1A - Cessation As Employer/Employment Resign Date - Year' 

2018-11-09 13:25:18 - [TEST_STEP][PASSED] - delay: Delayed 1 second(s)

2018-11-09 13:25:19 - [MESSAGE][PASSED] - Delayed 1 second(s)

2018-11-09 13:25:19 - [TEST_STEP][PASSED] - click: Object: 'Object Repository/Final Object Repo/Page_Form 1A - Cessation As Employer/Employment Resign Date - Year - Date' is clicked on

2018-11-09 13:25:19 - [MESSAGE][PASSED] - Object: 'Object Repository/Final Object Repo/Page_Form 1A - Cessation As Employer/Employment Resign Date - Year - Date' is clicked on

2018-11-09 13:25:19 - [TEST_STEP][PASSED] - delay: Delayed 2 second(s)

2018-11-09 13:25:21 - [MESSAGE][PASSED] - Delayed 2 second(s)

2018-11-09 13:25:21 - [TEST_STEP][PASSED] - click: Object: 'Object Repository/Final Object Repo/Page_Form 1A - Cessation As Employer/Save  Continue in Update Add Employee Resigned Date Page' is clicked on

2018-11-09 13:25:25 - [MESSAGE][PASSED] - Object: 'Object Repository/Final Object Repo/Page_Form 1A - Cessation As Employer/Save  Continue in Update Add Employee Resigned Date Page' is clicked on

2018-11-09 13:25:25 - [TEST_STEP][PASSED] - delay: Delayed 2 second(s)

2018-11-09 13:25:27 - [MESSAGE][PASSED] - Delayed 2 second(s)

2018-11-09 13:25:27 - [TEST_STEP][PASSED] - click: Object: 'Object Repository/Final Object Repo/Page_Form 1A - Cessation As Employer/Add Document' is clicked on

2018-11-09 13:25:28 - [MESSAGE][PASSED] - Object: 'Object Repository/Final Object Repo/Page_Form 1A - Cessation As Employer/Add Document' is clicked on

2018-11-09 13:25:28 - [TEST_STEP][PASSED] - delay: Delayed 2 second(s)

2018-11-09 13:25:30 - [MESSAGE][PASSED] - Delayed 2 second(s)

2018-11-09 13:25:30 - [TEST_STEP][PASSED] - click: Object: 'Object Repository/Final Object Repo/Page_Form 1A - Cessation As Employer/Document Type' is clicked on

2018-11-09 13:25:31 - [MESSAGE][PASSED] - Object: 'Object Repository/Final Object Repo/Page_Form 1A - Cessation As Employer/Document Type' is clicked on

2018-11-09 13:25:31 - [TEST_STEP][PASSED] - delay: Delayed 2 second(s)

2018-11-09 13:25:33 - [MESSAGE][PASSED] - Delayed 2 second(s)

2018-11-09 13:25:33 - [TEST_STEP][PASSED] - click: Object: 'Object Repository/Final Object Repo/Page_Form 1A - Cessation As Employer/Document Type - Supporting Document For Cessation' is clicked on

2018-11-09 13:25:34 - [MESSAGE][PASSED] - Object: 'Object Repository/Final Object Repo/Page_Form 1A - Cessation As Employer/Document Type - Supporting Document For Cessation' is clicked on

2018-11-09 13:25:34 - [TEST_STEP][PASSED] - delay: Delayed 2 second(s)

2018-11-09 13:25:36 - [MESSAGE][PASSED] - Delayed 2 second(s)

2018-11-09 13:25:36 - [TEST_STEP][PASSED] - sendKeys: Keys 'C:\Users\Public\Pictures\Sample Pictures\Act.jpg' sent to object: 'Object Repository/Final Object Repo/Page_Form 1A - Cessation As Employer/Uploading File'

2018-11-09 13:25:36 - [MESSAGE][PASSED] - Keys 'C:\Users\Public\Pictures\Sample Pictures\Act.jpg' sent to object: 'Object Repository/Final Object Repo/Page_Form 1A - Cessation As Employer/Uploading File'

2018-11-09 13:25:36 - [TEST_STEP][PASSED] - delay: Delayed 2 second(s)

2018-11-09 13:25:38 - [MESSAGE][PASSED] - Delayed 2 second(s)

2018-11-09 13:25:38 - [TEST_STEP][PASSED] - click: Object: 'Object Repository/Final Object Repo/Page_Form 1A - Cessation As Employer/Add Document in Uploading Page' is clicked on

2018-11-09 13:25:44 - [MESSAGE][PASSED] - Object: 'Object Repository/Final Object Repo/Page_Form 1A - Cessation As Employer/Add Document in Uploading Page' is clicked on

2018-11-09 13:25:44 - [TEST_STEP][PASSED] - delay: Delayed 15 second(s)

2018-11-09 13:25:59 - [MESSAGE][PASSED] - Delayed 15 second(s)

2018-11-09 13:25:59 - [TEST_STEP][PASSED] - click: Object: 'Object Repository/Final Object Repo/Page_Form 1A - Cessation As Employer/Save  Continue in Uploading Page' is clicked on

2018-11-09 13:25:59 - [MESSAGE][PASSED] - Object: 'Object Repository/Final Object Repo/Page_Form 1A - Cessation As Employer/Save  Continue in Uploading Page' is clicked on

2018-11-09 13:25:59 - [TEST_STEP][PASSED] - delay: Delayed 2 second(s)

2018-11-09 13:26:01 - [MESSAGE][PASSED] - Delayed 2 second(s)

2018-11-09 13:26:01 - [TEST_STEP][PASSED] - click: Object: 'Object Repository/Final Object Repo/Page_Form 1A - Cessation As Employer/Submit2' is clicked on

2018-11-09 13:26:06 - [MESSAGE][PASSED] - Object: 'Object Repository/Final Object Repo/Page_Form 1A - Cessation As Employer/Submit2' is clicked on

2018-11-09 13:26:06 - [TEST_STEP][PASSED] - delay: Delayed 2 second(s)

2018-11-09 13:26:08 - [MESSAGE][PASSED] - Delayed 2 second(s)

2018-11-09 13:26:08 - [TEST_STEP][PASSED] - click: Object: 'Object Repository/Final Object Repo/Page_Form 1A - Cessation As Employer/Confirm' is clicked on

2018-11-09 13:26:16 - [MESSAGE][PASSED] - Object: 'Object Repository/Final Object Repo/Page_Form 1A - Cessation As Employer/Confirm' is clicked on

2018-11-09 13:26:16 - [TEST_STEP][PASSED] - delay: Delayed 2 second(s)

2018-11-09 13:26:18 - [MESSAGE][PASSED] - Delayed 2 second(s)

2018-11-09 13:26:18 - [TEST_STEP][PASSED] - verifyElementVisible: Object 'Object Repository/Final Object Repo/Page_Form 1A - Cessation As Employer/Message Your Request will be routed to UO' is visible

2018-11-09 13:26:18 - [MESSAGE][PASSED] - Object 'Object Repository/Final Object Repo/Page_Form 1A - Cessation As Employer/Message Your Request will be routed to UO' is visible

2018-11-09 13:26:18 - [TEST_STEP][PASSED] - delay: Delayed 1 second(s)

2018-11-09 13:26:19 - [MESSAGE][PASSED] - Delayed 1 second(s)

2018-11-09 13:26:19 - [TEST_STEP][PASSED] - verifyElementVisible: Object 'Object Repository/Final Object Repo/Page_Form 1A - Cessation As Employer/Letter of acknowledgement' is visible

2018-11-09 13:26:20 - [MESSAGE][PASSED] - Object 'Object Repository/Final Object Repo/Page_Form 1A - Cessation As Employer/Letter of acknowledgement' is visible

2018-11-09 13:26:20 - [MESSAGE][PASSED] - Call Test Case 'Test Cases/Final Aug 2018 - PKS Automation/Registration Module/Workflow/Form 1A - Cessation As Employer/Template/Form 1 A - Cessation As Employer (PKRBO)' successfully

2018-11-09 13:26:20 - [TEST_STEP][FAILED] - callTestCase: Unable to call Test Case with id 'Test Cases/Final Aug 2018 - PKS Automation/Registration Module/Workflow/Form 1A - Cessation As Employer/Template/Form 1 A - Cessation As Employer (Under enforcement)' (Root cause: Call Test Case 'Test Cases/Final Aug 2018 - PKS Automation/Registration Module/Workflow/Form 1A - Cessation As Employer/Template/Form 1 A - Cessation As Employer (Under enforcement)' failed)

2018-11-09 13:26:20 - [TEST_CASE][FAILED] - Test Cases/Final Aug 2018 - PKS Automation/Registration Module/Workflow/Form 1A - Cessation As Employer/Template/Form 1 A - Cessation As Employer (Under enforcement): Test Cases/Final Aug 2018 - PKS Automation/Registration Module/Workflow/Form 1A - Cessation As Employer/Template/Form 1 A - Cessation As Employer (Under enforcement) FAILED because (of) (Stack trace: com.kms.katalon.core.exception.StepFailedException: Unable to click on object 'Object Repository/Final Object Repo/WorkFlow Listing Page/Click Continue Tooltip' (Root cause: com.kms.katalon.core.webui.exception.WebElementNotFoundException: Web element with id: 'Object Repository/Final Object Repo/WorkFlow Listing Page/Click Continue Tooltip' located by 'By.xpath: //i[@aria-hidden = 'true' and @data-toggle = 'tooltip' and @data-original-title = 'Continue']' not found)
	at com.kms.katalon.core.keyword.internal.KeywordMain.stepFailed(KeywordMain.groovy:32)
	at com.kms.katalon.core.webui.keyword.internal.WebUIKeywordMain.stepFailed(WebUIKeywordMain.groovy:65)
	at com.kms.katalon.core.webui.keyword.internal.WebUIKeywordMain.runKeyword(WebUIKeywordMain.groovy:27)
	at com.kms.katalon.core.webui.keyword.builtin.ClickKeyword.click(ClickKeyword.groovy:86)
	at com.kms.katalon.core.webui.keyword.builtin.ClickKeyword.execute(ClickKeyword.groovy:67)
	at com.kms.katalon.core.keyword.internal.KeywordExecutor.executeKeywordForPlatform(KeywordExecutor.groovy:53)
	at com.kms.katalon.core.webui.keyword.WebUiBuiltInKeywords.click(WebUiBuiltInKeywords.groovy:616)
	at com.kms.katalon.core.webui.keyword.WebUiBuiltInKeywords$click$2.call(Unknown Source)
	at Script1534407542420.run(Script1534407542420.groovy:91)
	at com.kms.katalon.core.main.ScriptEngine.run(ScriptEngine.java:183)
	at com.kms.katalon.core.main.ScriptEngine.runScriptAsRawText(ScriptEngine.java:108)
	at com.kms.katalon.core.main.TestCaseExecutor.runScript(TestCaseExecutor.java:294)
	at com.kms.katalon.core.main.TestCaseExecutor.doExecute(TestCaseExecutor.java:285)
	at com.kms.katalon.core.main.TestCaseExecutor.processExecutionPhase(TestCaseExecutor.java:264)
	at com.kms.katalon.core.main.TestCaseExecutor.accessMainPhase(TestCaseExecutor.java:256)
	at com.kms.katalon.core.main.TestCaseExecutor.execute(TestCaseExecutor.java:200)
	at com.kms.katalon.core.main.TestCaseMain.runTestCase(TestCaseMain.java:99)
	at com.kms.katalon.core.keyword.builtin.CallTestCaseKeyword$_callTestCase_closure1.doCall(CallTestCaseKeyword.groovy:60)
	at com.kms.katalon.core.keyword.builtin.CallTestCaseKeyword$_callTestCase_closure1.call(CallTestCaseKeyword.groovy)
	at com.kms.katalon.core.keyword.internal.KeywordMain.runKeyword(KeywordMain.groovy:54)
	at com.kms.katalon.core.keyword.builtin.CallTestCaseKeyword.callTestCase(CallTestCaseKeyword.groovy:81)
	at com.kms.katalon.core.keyword.builtin.CallTestCaseKeyword.execute(CallTestCaseKeyword.groovy:45)
	at com.kms.katalon.core.keyword.internal.KeywordExecutor.executeKeywordForPlatform(KeywordExecutor.groovy:53)
	at com.kms.katalon.core.keyword.BuiltinKeywords.callTestCase(BuiltinKeywords.groovy:334)
	at sun.reflect.GeneratedMethodAccessor13.invoke(Unknown Source)
	at sun.reflect.DelegatingMethodAccessorImpl.invoke(DelegatingMethodAccessorImpl.java:43)
	at java.lang.reflect.Method.invoke(Method.java:498)
	at org.codehaus.groovy.reflection.CachedMethod.invoke(CachedMethod.java:93)
	at groovy.lang.MetaMethod.doMethodInvoke(MetaMethod.java:325)
	at groovy.lang.MetaClassImpl.invokeStaticMethod(MetaClassImpl.java:1469)
	at org.codehaus.groovy.runtime.callsite.StaticMetaClassSite.call(StaticMetaClassSite.java:53)
	at org.codehaus.groovy.runtime.callsite.AbstractCallSite.call(AbstractCallSite.java:141)
	at Script1535963367907.run(Script1535963367907.groovy:33)
	at com.kms.katalon.core.main.ScriptEngine.run(ScriptEngine.java:183)
	at com.kms.katalon.core.main.ScriptEngine.runScriptAsRawText(ScriptEngine.java:108)
	at com.kms.katalon.core.main.TestCaseExecutor.runScript(TestCaseExecutor.java:294)
	at com.kms.katalon.core.main.TestCaseExecutor.doExecute(TestCaseExecutor.java:285)
	at com.kms.katalon.core.main.TestCaseExecutor.processExecutionPhase(TestCaseExecutor.java:264)
	at com.kms.katalon.core.main.TestCaseExecutor.accessMainPhase(TestCaseExecutor.java:256)
	at com.kms.katalon.core.main.TestCaseExecutor.execute(TestCaseExecutor.java:200)
	at com.kms.katalon.core.main.TestCaseMain.runTestCase(TestCaseMain.java:99)
	at com.kms.katalon.core.keyword.builtin.CallTestCaseKeyword$_callTestCase_closure1.doCall(CallTestCaseKeyword.groovy:60)
	at com.kms.katalon.core.keyword.builtin.CallTestCaseKeyword$_callTestCase_closure1.call(CallTestCaseKeyword.groovy)
	at com.kms.katalon.core.keyword.internal.KeywordMain.runKeyword(KeywordMain.groovy:54)
	at com.kms.katalon.core.keyword.builtin.CallTestCaseKeyword.callTestCase(CallTestCaseKeyword.groovy:81)
	at com.kms.katalon.core.keyword.builtin.CallTestCaseKeyword.execute(CallTestCaseKeyword.groovy:45)
	at com.kms.katalon.core.keyword.internal.KeywordExecutor.executeKeywordForPlatform(KeywordExecutor.groovy:53)
	at com.kms.katalon.core.keyword.BuiltinKeywords.callTestCase(BuiltinKeywords.groovy:334)
	at sun.reflect.GeneratedMethodAccessor13.invoke(Unknown Source)
	at sun.reflect.DelegatingMethodAccessorImpl.invoke(DelegatingMethodAccessorImpl.java:43)
	at java.lang.reflect.Method.invoke(Method.java:498)
	at org.codehaus.groovy.reflection.CachedMethod.invoke(CachedMethod.java:93)
	at groovy.lang.MetaMethod.doMethodInvoke(MetaMethod.java:325)
	at groovy.lang.MetaClassImpl.invokeStaticMethod(MetaClassImpl.java:1469)
	at org.codehaus.groovy.runtime.callsite.StaticMetaClassSite.call(StaticMetaClassSite.java:53)
	at org.codehaus.groovy.runtime.callsite.CallSiteArray.defaultCall(CallSiteArray.java:48)
	at org.codehaus.groovy.runtime.callsite.AbstractCallSite.call(AbstractCallSite.java:113)
	at org.codehaus.groovy.runtime.callsite.AbstractCallSite.call(AbstractCallSite.java:141)
	at Script1536139032579.run(Script1536139032579.groovy:25)
	at com.kms.katalon.core.main.ScriptEngine.run(ScriptEngine.java:183)
	at com.kms.katalon.core.main.ScriptEngine.runScriptAsRawText(ScriptEngine.java:108)
	at com.kms.katalon.core.main.TestCaseExecutor.runScript(TestCaseExecutor.java:294)
	at com.kms.katalon.core.main.TestCaseExecutor.doExecute(TestCaseExecutor.java:285)
	at com.kms.katalon.core.main.TestCaseExecutor.processExecutionPhase(TestCaseExecutor.java:264)
	at com.kms.katalon.core.main.TestCaseExecutor.accessMainPhase(TestCaseExecutor.java:256)
	at com.kms.katalon.core.main.TestCaseExecutor.execute(TestCaseExecutor.java:200)
	at com.kms.katalon.core.main.TestSuiteExecutor.accessTestCaseMainPhase(TestSuiteExecutor.java:129)
	at com.kms.katalon.core.main.TestSuiteExecutor.accessTestSuiteMainPhase(TestSuiteExecutor.java:112)
	at com.kms.katalon.core.main.TestSuiteExecutor.execute(TestSuiteExecutor.java:81)
	at com.kms.katalon.core.main.TestCaseMain.startTestSuite(TestCaseMain.java:142)
	at com.kms.katalon.core.main.TestCaseMain$startTestSuite$0.call(Unknown Source)
	at org.codehaus.groovy.runtime.callsite.CallSiteArray.defaultCall(CallSiteArray.java:48)
	at org.codehaus.groovy.runtime.callsite.AbstractCallSite.call(AbstractCallSite.java:113)
	at org.codehaus.groovy.runtime.callsite.AbstractCallSite.call(AbstractCallSite.java:141)
	at TempTestSuite1541736709639.run(TempTestSuite1541736709639.groovy:36)
	at groovy.lang.GroovyShell.runScriptOrMainOrTestOrRunnable(GroovyShell.java:263)
	at groovy.lang.GroovyShell.run(GroovyShell.java:518)
	at groovy.lang.GroovyShell.run(GroovyShell.java:507)
	at groovy.ui.GroovyMain.processOnce(GroovyMain.java:653)
	at groovy.ui.GroovyMain.run(GroovyMain.java:384)
	at groovy.ui.GroovyMain.process(GroovyMain.java:370)
	at groovy.ui.GroovyMain.processArgs(GroovyMain.java:129)
	at groovy.ui.GroovyMain.main(GroovyMain.java:109)
	at sun.reflect.NativeMethodAccessorImpl.invoke0(Native Method)
	at sun.reflect.NativeMethodAccessorImpl.invoke(NativeMethodAccessorImpl.java:62)
	at sun.reflect.DelegatingMethodAccessorImpl.invoke(DelegatingMethodAccessorImpl.java:43)
	at java.lang.reflect.Method.invoke(Method.java:498)
	at org.codehaus.groovy.tools.GroovyStarter.rootLoader(GroovyStarter.java:109)
	at org.codehaus.groovy.tools.GroovyStarter.main(GroovyStarter.java:131)
)

2018-11-09 13:26:20 - [TEST_STEP][NOT_RUN] - callTestCase: NOT_RUN: callTestCase

2018-11-09 13:26:20 - [MESSAGE][NOT_RUN] - NOT_RUN: callTestCase

2018-11-09 13:26:20 - [TEST_STEP][PASSED] - delay: Delayed 1 second(s)

2018-11-09 13:26:21 - [MESSAGE][PASSED] - Delayed 1 second(s)

2018-11-09 13:26:21 - [TEST_STEP][PASSED] - navigateToUrl: Navigate to 'https://assist2-uat.perkeso.gov.my/c/portal/logout' successfully

2018-11-09 13:26:23 - [MESSAGE][PASSED] - Navigate to 'https://assist2-uat.perkeso.gov.my/c/portal/logout' successfully

2018-11-09 13:26:23 - [TEST_STEP][PASSED] - delay: Delayed 1 second(s)

2018-11-09 13:26:24 - [MESSAGE][PASSED] - Delayed 1 second(s)

2018-11-09 13:26:24 - [TEST_STEP][PASSED] - callTestCase: Call Test Case 'Test Cases/Final Aug 2018 - PKS Automation/Common/Reference Number Getter' successfully

2018-11-09 13:26:24 - [TEST_CASE][PASSED] - Test Cases/Final Aug 2018 - PKS Automation/Common/Reference Number Getter: Test Cases/Final Aug 2018 - PKS Automation/Common/Reference Number Getter

2018-11-09 13:26:24 - [TEST_STEP][PASSED] - Statement - Try: null

2018-11-09 13:26:24 - [TEST_STEP][PASSED] - Statement - RefNo = new java.io.File(C://KatalonReference.txt): null

2018-11-09 13:26:24 - [TEST_STEP][PASSED] - Statement - bufferread = new java.io.BufferedReader(new java.io.FileReader(RefNo)): null

2018-11-09 13:26:24 - [TEST_STEP][PASSED] - Statement - readedVal = bufferread.readLine(): null

2018-11-09 13:26:24 - [TEST_STEP][PASSED] - Statement - out.println(CaseReferenceNo): null

2018-11-09 13:26:24 - [TEST_STEP][PASSED] - Statement - out.println(readedVal): null

2018-11-09 13:26:24 - [TEST_STEP][PASSED] - Statement - CaseReferenceNo = readedVal: null

2018-11-09 13:26:24 - [MESSAGE][PASSED] - Call Test Case 'Test Cases/Final Aug 2018 - PKS Automation/Common/Reference Number Getter' successfully

2018-11-09 13:26:24 - [TEST_STEP][FAILED] - callTestCase: Unable to call Test Case with id 'Test Cases/Final Aug 2018 - PKS Automation/Common/Workflow Owner Finder' (Root cause: Call Test Case 'Test Cases/Final Aug 2018 - PKS Automation/Common/Workflow Owner Finder' failed)

2018-11-09 13:26:24 - [TEST_CASE][FAILED] - Test Cases/Final Aug 2018 - PKS Automation/Common/Workflow Owner Finder: Test Cases/Final Aug 2018 - PKS Automation/Common/Workflow Owner Finder FAILED because (of) (Stack trace: com.kms.katalon.core.exception.StepFailedException: Unable to click on object 'Object Repository/Final Object Repo/WorkFlow Listing Page/Click Continue Tooltip' (Root cause: com.kms.katalon.core.webui.exception.WebElementNotFoundException: Web element with id: 'Object Repository/Final Object Repo/WorkFlow Listing Page/Click Continue Tooltip' located by 'By.xpath: //i[@aria-hidden = 'true' and @data-toggle = 'tooltip' and @data-original-title = 'Continue']' not found)
	at com.kms.katalon.core.keyword.internal.KeywordMain.stepFailed(KeywordMain.groovy:32)
	at com.kms.katalon.core.webui.keyword.internal.WebUIKeywordMain.stepFailed(WebUIKeywordMain.groovy:65)
	at com.kms.katalon.core.webui.keyword.internal.WebUIKeywordMain.runKeyword(WebUIKeywordMain.groovy:27)
	at com.kms.katalon.core.webui.keyword.builtin.ClickKeyword.click(ClickKeyword.groovy:86)
	at com.kms.katalon.core.webui.keyword.builtin.ClickKeyword.execute(ClickKeyword.groovy:67)
	at com.kms.katalon.core.keyword.internal.KeywordExecutor.executeKeywordForPlatform(KeywordExecutor.groovy:53)
	at com.kms.katalon.core.webui.keyword.WebUiBuiltInKeywords.click(WebUiBuiltInKeywords.groovy:616)
	at com.kms.katalon.core.webui.keyword.WebUiBuiltInKeywords$click$2.call(Unknown Source)
	at Script1534407542420.run(Script1534407542420.groovy:91)
	at com.kms.katalon.core.main.ScriptEngine.run(ScriptEngine.java:183)
	at com.kms.katalon.core.main.ScriptEngine.runScriptAsRawText(ScriptEngine.java:108)
	at com.kms.katalon.core.main.TestCaseExecutor.runScript(TestCaseExecutor.java:294)
	at com.kms.katalon.core.main.TestCaseExecutor.doExecute(TestCaseExecutor.java:285)
	at com.kms.katalon.core.main.TestCaseExecutor.processExecutionPhase(TestCaseExecutor.java:264)
	at com.kms.katalon.core.main.TestCaseExecutor.accessMainPhase(TestCaseExecutor.java:256)
	at com.kms.katalon.core.main.TestCaseExecutor.execute(TestCaseExecutor.java:200)
	at com.kms.katalon.core.main.TestCaseMain.runTestCase(TestCaseMain.java:99)
	at com.kms.katalon.core.keyword.builtin.CallTestCaseKeyword$_callTestCase_closure1.doCall(CallTestCaseKeyword.groovy:60)
	at com.kms.katalon.core.keyword.builtin.CallTestCaseKeyword$_callTestCase_closure1.call(CallTestCaseKeyword.groovy)
	at com.kms.katalon.core.keyword.internal.KeywordMain.runKeyword(KeywordMain.groovy:54)
	at com.kms.katalon.core.keyword.builtin.CallTestCaseKeyword.callTestCase(CallTestCaseKeyword.groovy:81)
	at com.kms.katalon.core.keyword.builtin.CallTestCaseKeyword.execute(CallTestCaseKeyword.groovy:45)
	at com.kms.katalon.core.keyword.internal.KeywordExecutor.executeKeywordForPlatform(KeywordExecutor.groovy:53)
	at com.kms.katalon.core.keyword.BuiltinKeywords.callTestCase(BuiltinKeywords.groovy:334)
	at sun.reflect.GeneratedMethodAccessor13.invoke(Unknown Source)
	at sun.reflect.DelegatingMethodAccessorImpl.invoke(DelegatingMethodAccessorImpl.java:43)
	at java.lang.reflect.Method.invoke(Method.java:498)
	at org.codehaus.groovy.reflection.CachedMethod.invoke(CachedMethod.java:93)
	at groovy.lang.MetaMethod.doMethodInvoke(MetaMethod.java:325)
	at groovy.lang.MetaClassImpl.invokeStaticMethod(MetaClassImpl.java:1469)
	at org.codehaus.groovy.runtime.callsite.StaticMetaClassSite.call(StaticMetaClassSite.java:53)
	at org.codehaus.groovy.runtime.callsite.AbstractCallSite.call(AbstractCallSite.java:141)
	at Script1535963367907.run(Script1535963367907.groovy:33)
	at com.kms.katalon.core.main.ScriptEngine.run(ScriptEngine.java:183)
	at com.kms.katalon.core.main.ScriptEngine.runScriptAsRawText(ScriptEngine.java:108)
	at com.kms.katalon.core.main.TestCaseExecutor.runScript(TestCaseExecutor.java:294)
	at com.kms.katalon.core.main.TestCaseExecutor.doExecute(TestCaseExecutor.java:285)
	at com.kms.katalon.core.main.TestCaseExecutor.processExecutionPhase(TestCaseExecutor.java:264)
	at com.kms.katalon.core.main.TestCaseExecutor.accessMainPhase(TestCaseExecutor.java:256)
	at com.kms.katalon.core.main.TestCaseExecutor.execute(TestCaseExecutor.java:200)
	at com.kms.katalon.core.main.TestCaseMain.runTestCase(TestCaseMain.java:99)
	at com.kms.katalon.core.keyword.builtin.CallTestCaseKeyword$_callTestCase_closure1.doCall(CallTestCaseKeyword.groovy:60)
	at com.kms.katalon.core.keyword.builtin.CallTestCaseKeyword$_callTestCase_closure1.call(CallTestCaseKeyword.groovy)
	at com.kms.katalon.core.keyword.internal.KeywordMain.runKeyword(KeywordMain.groovy:54)
	at com.kms.katalon.core.keyword.builtin.CallTestCaseKeyword.callTestCase(CallTestCaseKeyword.groovy:81)
	at com.kms.katalon.core.keyword.builtin.CallTestCaseKeyword.execute(CallTestCaseKeyword.groovy:45)
	at com.kms.katalon.core.keyword.internal.KeywordExecutor.executeKeywordForPlatform(KeywordExecutor.groovy:53)
	at com.kms.katalon.core.keyword.BuiltinKeywords.callTestCase(BuiltinKeywords.groovy:334)
	at sun.reflect.GeneratedMethodAccessor13.invoke(Unknown Source)
	at sun.reflect.DelegatingMethodAccessorImpl.invoke(DelegatingMethodAccessorImpl.java:43)
	at java.lang.reflect.Method.invoke(Method.java:498)
	at org.codehaus.groovy.reflection.CachedMethod.invoke(CachedMethod.java:93)
	at groovy.lang.MetaMethod.doMethodInvoke(MetaMethod.java:325)
	at groovy.lang.MetaClassImpl.invokeStaticMethod(MetaClassImpl.java:1469)
	at org.codehaus.groovy.runtime.callsite.StaticMetaClassSite.call(StaticMetaClassSite.java:53)
	at org.codehaus.groovy.runtime.callsite.CallSiteArray.defaultCall(CallSiteArray.java:48)
	at org.codehaus.groovy.runtime.callsite.AbstractCallSite.call(AbstractCallSite.java:113)
	at org.codehaus.groovy.runtime.callsite.AbstractCallSite.call(AbstractCallSite.java:141)
	at Script1536139032579.run(Script1536139032579.groovy:25)
	at com.kms.katalon.core.main.ScriptEngine.run(ScriptEngine.java:183)
	at com.kms.katalon.core.main.ScriptEngine.runScriptAsRawText(ScriptEngine.java:108)
	at com.kms.katalon.core.main.TestCaseExecutor.runScript(TestCaseExecutor.java:294)
	at com.kms.katalon.core.main.TestCaseExecutor.doExecute(TestCaseExecutor.java:285)
	at com.kms.katalon.core.main.TestCaseExecutor.processExecutionPhase(TestCaseExecutor.java:264)
	at com.kms.katalon.core.main.TestCaseExecutor.accessMainPhase(TestCaseExecutor.java:256)
	at com.kms.katalon.core.main.TestCaseExecutor.execute(TestCaseExecutor.java:200)
	at com.kms.katalon.core.main.TestSuiteExecutor.accessTestCaseMainPhase(TestSuiteExecutor.java:129)
	at com.kms.katalon.core.main.TestSuiteExecutor.accessTestSuiteMainPhase(TestSuiteExecutor.java:112)
	at com.kms.katalon.core.main.TestSuiteExecutor.execute(TestSuiteExecutor.java:81)
	at com.kms.katalon.core.main.TestCaseMain.startTestSuite(TestCaseMain.java:142)
	at com.kms.katalon.core.main.TestCaseMain$startTestSuite$0.call(Unknown Source)
	at org.codehaus.groovy.runtime.callsite.CallSiteArray.defaultCall(CallSiteArray.java:48)
	at org.codehaus.groovy.runtime.callsite.AbstractCallSite.call(AbstractCallSite.java:113)
	at org.codehaus.groovy.runtime.callsite.AbstractCallSite.call(AbstractCallSite.java:141)
	at TempTestSuite1541736709639.run(TempTestSuite1541736709639.groovy:36)
	at groovy.lang.GroovyShell.runScriptOrMainOrTestOrRunnable(GroovyShell.java:263)
	at groovy.lang.GroovyShell.run(GroovyShell.java:518)
	at groovy.lang.GroovyShell.run(GroovyShell.java:507)
	at groovy.ui.GroovyMain.processOnce(GroovyMain.java:653)
	at groovy.ui.GroovyMain.run(GroovyMain.java:384)
	at groovy.ui.GroovyMain.process(GroovyMain.java:370)
	at groovy.ui.GroovyMain.processArgs(GroovyMain.java:129)
	at groovy.ui.GroovyMain.main(GroovyMain.java:109)
	at sun.reflect.NativeMethodAccessorImpl.invoke0(Native Method)
	at sun.reflect.NativeMethodAccessorImpl.invoke(NativeMethodAccessorImpl.java:62)
	at sun.reflect.DelegatingMethodAccessorImpl.invoke(DelegatingMethodAccessorImpl.java:43)
	at java.lang.reflect.Method.invoke(Method.java:498)
	at org.codehaus.groovy.tools.GroovyStarter.rootLoader(GroovyStarter.java:109)
	at org.codehaus.groovy.tools.GroovyStarter.main(GroovyStarter.java:131)
)

2018-11-09 13:26:24 - [TEST_STEP][PASSED] - openBrowser: Browser is opened with url: ''

2018-11-09 13:26:24 - [MESSAGE][WARNING] - A browser is already opened. Closing browser and opening a new one

2018-11-09 13:26:29 - [MESSAGE][PASSED] - Browser is opened with url: ''

2018-11-09 13:26:29 - [TEST_STEP][PASSED] - navigateToUrl: Navigate to 'https://assist2-uat.perkeso.gov.my/login' successfully

2018-11-09 13:26:34 - [MESSAGE][PASSED] - Navigate to 'https://assist2-uat.perkeso.gov.my/login' successfully

2018-11-09 13:26:34 - [TEST_STEP][PASSED] - delay: Delayed 5 second(s)

2018-11-09 13:26:39 - [MESSAGE][PASSED] - Delayed 5 second(s)

2018-11-09 13:26:39 - [TEST_STEP][PASSED] - setText: Text 'test@liferay.com' is set on object 'Object Repository/Final Object Repo/Login Page/Internal User/Email Address'

2018-11-09 13:26:39 - [MESSAGE][PASSED] - Text 'test@liferay.com' is set on object 'Object Repository/Final Object Repo/Login Page/Internal User/Email Address'

2018-11-09 13:26:39 - [TEST_STEP][PASSED] - click: Object: 'Object Repository/Final Object Repo/Login Page/Internal User/Next Button' is clicked on

2018-11-09 13:26:40 - [MESSAGE][PASSED] - Object: 'Object Repository/Final Object Repo/Login Page/Internal User/Next Button' is clicked on

2018-11-09 13:26:40 - [TEST_STEP][PASSED] - delay: Delayed 2 second(s)

2018-11-09 13:26:42 - [MESSAGE][PASSED] - Delayed 2 second(s)

2018-11-09 13:26:42 - [TEST_STEP][PASSED] - setText: Text 'test' is set on object 'Object Repository/Final Object Repo/Login Page/Internal User/Password'

2018-11-09 13:26:42 - [MESSAGE][PASSED] - Text 'test' is set on object 'Object Repository/Final Object Repo/Login Page/Internal User/Password'

2018-11-09 13:26:42 - [TEST_STEP][PASSED] - delay: Delayed 2 second(s)

2018-11-09 13:26:44 - [MESSAGE][PASSED] - Delayed 2 second(s)

2018-11-09 13:26:44 - [TEST_STEP][PASSED] - click: Object: 'Object Repository/Final Object Repo/Login Page/Internal User/Login Button' is clicked on

2018-11-09 13:26:47 - [MESSAGE][PASSED] - Object: 'Object Repository/Final Object Repo/Login Page/Internal User/Login Button' is clicked on

2018-11-09 13:26:47 - [TEST_STEP][PASSED] - Statement - Try: Delayed 2 second(s)

2018-11-09 13:26:47 - [TEST_STEP][PASSED] - Statement - Checker = false: null

2018-11-09 13:26:47 - [TEST_STEP][PASSED] - Statement - Checker = com.kms.katalon.core.webui.keyword.WebUiBuiltInKeywords.verifyElementHasAttribute(com.kms.katalon.core.testobject.ObjectRepository.findTestObject(Final Object Repo/Landing Page/BM Detecting), "href", 20, OPTIONAL): Object 'Object Repository/Final Object Repo/Landing Page/BM Detecting' has attribute 'href'

2018-11-09 13:26:47 - [MESSAGE][PASSED] - Object 'Object Repository/Final Object Repo/Landing Page/BM Detecting' has attribute 'href'

2018-11-09 13:26:47 - [TEST_STEP][PASSED] - Statement - out.println(Checker): null

2018-11-09 13:26:47 - [TEST_STEP][PASSED] - Statement - If (Checker == false): null

2018-11-09 13:26:47 - [TEST_STEP][PASSED] - Statement - Else: null

2018-11-09 13:26:47 - [TEST_STEP][PASSED] - delay: Delayed 2 second(s)

2018-11-09 13:26:49 - [MESSAGE][PASSED] - Delayed 2 second(s)

2018-11-09 13:26:49 - [TEST_STEP][PASSED] - delay: Delayed 3 second(s)

2018-11-09 13:26:52 - [MESSAGE][PASSED] - Delayed 3 second(s)

2018-11-09 13:26:52 - [TEST_STEP][PASSED] - mouseOver: Object: 'Object Repository/Final Object Repo/Landing Page/WorkFlow Menu' is hovered

2018-11-09 13:26:53 - [MESSAGE][PASSED] - Object: 'Object Repository/Final Object Repo/Landing Page/WorkFlow Menu' is hovered

2018-11-09 13:26:53 - [TEST_STEP][PASSED] - delay: Delayed 2 second(s)

2018-11-09 13:26:55 - [MESSAGE][PASSED] - Delayed 2 second(s)

2018-11-09 13:26:55 - [TEST_STEP][PASSED] - click: Object: 'Object Repository/Final Object Repo/Landing Page/Select to Workflow Listing' is clicked on

2018-11-09 13:26:56 - [MESSAGE][PASSED] - Object: 'Object Repository/Final Object Repo/Landing Page/Select to Workflow Listing' is clicked on

2018-11-09 13:26:56 - [TEST_STEP][PASSED] - delay: Delayed 2 second(s)

2018-11-09 13:26:58 - [MESSAGE][PASSED] - Delayed 2 second(s)

2018-11-09 13:26:58 - [TEST_STEP][PASSED] - click: Object: 'Object Repository/Final Object Repo/WorkFlow Listing Page/Search Information - To Put Ref No' is clicked on

2018-11-09 13:26:59 - [MESSAGE][PASSED] - Object: 'Object Repository/Final Object Repo/WorkFlow Listing Page/Search Information - To Put Ref No' is clicked on

2018-11-09 13:26:59 - [TEST_STEP][PASSED] - delay: Delayed 2 second(s)

2018-11-09 13:27:01 - [MESSAGE][PASSED] - Delayed 2 second(s)

2018-11-09 13:27:01 - [TEST_STEP][PASSED] - callTestCase: Call Test Case 'Test Cases/Final Aug 2018 - PKS Automation/Common/Reference Number Getter' successfully

2018-11-09 13:27:01 - [TEST_CASE][PASSED] - Test Cases/Final Aug 2018 - PKS Automation/Common/Reference Number Getter: Test Cases/Final Aug 2018 - PKS Automation/Common/Reference Number Getter

2018-11-09 13:27:01 - [TEST_STEP][PASSED] - Statement - Try: null

2018-11-09 13:27:01 - [TEST_STEP][PASSED] - Statement - RefNo = new java.io.File(C://KatalonReference.txt): null

2018-11-09 13:27:01 - [TEST_STEP][PASSED] - Statement - bufferread = new java.io.BufferedReader(new java.io.FileReader(RefNo)): null

2018-11-09 13:27:01 - [TEST_STEP][PASSED] - Statement - readedVal = bufferread.readLine(): null

2018-11-09 13:27:01 - [TEST_STEP][PASSED] - Statement - out.println(CaseReferenceNo): null

2018-11-09 13:27:01 - [TEST_STEP][PASSED] - Statement - out.println(readedVal): null

2018-11-09 13:27:01 - [TEST_STEP][PASSED] - Statement - CaseReferenceNo = readedVal: null

2018-11-09 13:27:01 - [MESSAGE][PASSED] - Call Test Case 'Test Cases/Final Aug 2018 - PKS Automation/Common/Reference Number Getter' successfully

2018-11-09 13:27:01 - [TEST_STEP][PASSED] - setText: Text 'CUN112018C200001545CUN112018C200001546' is set on object 'Object Repository/Final Object Repo/WorkFlow Listing Page/Ref No Set Text'

2018-11-09 13:27:01 - [MESSAGE][PASSED] - Text 'CUN112018C200001545CUN112018C200001546' is set on object 'Object Repository/Final Object Repo/WorkFlow Listing Page/Ref No Set Text'

2018-11-09 13:27:01 - [TEST_STEP][PASSED] - delay: Delayed 2 second(s)

2018-11-09 13:27:03 - [MESSAGE][PASSED] - Delayed 2 second(s)

2018-11-09 13:27:03 - [TEST_STEP][PASSED] - click: Object: 'Object Repository/Final Object Repo/WorkFlow Listing Page/Search Ref No Search Button' is clicked on

2018-11-09 13:27:05 - [MESSAGE][PASSED] - Object: 'Object Repository/Final Object Repo/WorkFlow Listing Page/Search Ref No Search Button' is clicked on

2018-11-09 13:27:05 - [TEST_STEP][PASSED] - delay: Delayed 4 second(s)

2018-11-09 13:27:09 - [MESSAGE][PASSED] - Delayed 4 second(s)

2018-11-09 13:27:09 - [TEST_STEP][FAILED] - click: Unable to click on object 'Object Repository/Final Object Repo/WorkFlow Listing Page/Click Continue Tooltip' (Root cause: com.kms.katalon.core.webui.exception.WebElementNotFoundException: Web element with id: 'Object Repository/Final Object Repo/WorkFlow Listing Page/Click Continue Tooltip' located by 'By.xpath: //i[@aria-hidden = 'true' and @data-toggle = 'tooltip' and @data-original-title = 'Continue']' not found)

2018-11-09 13:27:45 - [MESSAGE][FAILED] - Unable to click on object 'Object Repository/Final Object Repo/WorkFlow Listing Page/Click Continue Tooltip' (Root cause: com.kms.katalon.core.webui.exception.WebElementNotFoundException: Web element with id: 'Object Repository/Final Object Repo/WorkFlow Listing Page/Click Continue Tooltip' located by 'By.xpath: //i[@aria-hidden = 'true' and @data-toggle = 'tooltip' and @data-original-title = 'Continue']' not found)
[[ATTACHMENT|C:\\Users\\LENOVO\\Katalon Studio\\Perkeso Phase A\\Reports\\Workflow\\Form 1A - Cessation as Employer\\20181109_121149\\1541741265140.png]]

2018-11-09 13:27:45 - [TEST_STEP][PASSED] - delay: Delayed 5 second(s)

2018-11-09 13:27:50 - [MESSAGE][PASSED] - Delayed 5 second(s)

2018-11-09 13:27:50 - [TEST_STEP][FAILED] - doubleClick: Unable to double click on object 'Object Repository/Final Object Repo/WorkFlow Listing Page/Workflow Found - Listing 1' (Root cause: com.kms.katalon.core.webui.exception.WebElementNotFoundException: Web element with id: 'Object Repository/Final Object Repo/WorkFlow Listing Page/Workflow Found - Listing 1' located by 'By.xpath: //body/div/div/div/div/div/div/div/div/div/div/div/div/div/div/div/div/table/tbody/tr/td[@class='table-cell  first']/following-sibling::td[1]' not found)

2018-11-09 13:28:21 - [MESSAGE][FAILED] - Unable to double click on object 'Object Repository/Final Object Repo/WorkFlow Listing Page/Workflow Found - Listing 1' (Root cause: com.kms.katalon.core.webui.exception.WebElementNotFoundException: Web element with id: 'Object Repository/Final Object Repo/WorkFlow Listing Page/Workflow Found - Listing 1' located by 'By.xpath: //body/div/div/div/div/div/div/div/div/div/div/div/div/div/div/div/div/table/tbody/tr/td[@class='table-cell  first']/following-sibling::td[1]' not found)
[[ATTACHMENT|C:\\Users\\LENOVO\\Katalon Studio\\Perkeso Phase A\\Reports\\Workflow\\Form 1A - Cessation as Employer\\20181109_121149\\1541741301674.png]]

2018-11-09 13:28:21 - [MESSAGE][FAILED] - Unable to call Test Case with id 'Test Cases/Final Aug 2018 - PKS Automation/Common/Workflow Owner Finder' (Root cause: Call Test Case 'Test Cases/Final Aug 2018 - PKS Automation/Common/Workflow Owner Finder' failed)

2018-11-09 13:28:21 - [MESSAGE][FAILED] - Unable to call Test Case with id 'Test Cases/Final Aug 2018 - PKS Automation/Registration Module/Workflow/Form 1A - Cessation As Employer/Template/Form 1 A - Cessation As Employer (Under enforcement)' (Root cause: Call Test Case 'Test Cases/Final Aug 2018 - PKS Automation/Registration Module/Workflow/Form 1A - Cessation As Employer/Template/Form 1 A - Cessation As Employer (Under enforcement)' failed)]]></system-out>
         <system-err><![CDATA[2018-11-09 13:24:46 - [TEST_CASE][FAILED] - Test Cases/Final Aug 2018 - PKS Automation/Registration Module/Workflow/Form 1A - Cessation As Employer/PKRBO to UO (Under enforcement): Test Cases/Final Aug 2018 - PKS Automation/Registration Module/Workflow/Form 1A - Cessation As Employer/PKRBO to UO (Under enforcement) FAILED because (of) (Stack trace: com.kms.katalon.core.exception.StepFailedException: Unable to click on object 'Object Repository/Final Object Repo/WorkFlow Listing Page/Click Continue Tooltip' (Root cause: com.kms.katalon.core.webui.exception.WebElementNotFoundException: Web element with id: 'Object Repository/Final Object Repo/WorkFlow Listing Page/Click Continue Tooltip' located by 'By.xpath: //i[@aria-hidden = 'true' and @data-toggle = 'tooltip' and @data-original-title = 'Continue']' not found)
	at com.kms.katalon.core.keyword.internal.KeywordMain.stepFailed(KeywordMain.groovy:32)
	at com.kms.katalon.core.webui.keyword.internal.WebUIKeywordMain.stepFailed(WebUIKeywordMain.groovy:65)
	at com.kms.katalon.core.webui.keyword.internal.WebUIKeywordMain.runKeyword(WebUIKeywordMain.groovy:27)
	at com.kms.katalon.core.webui.keyword.builtin.ClickKeyword.click(ClickKeyword.groovy:86)
	at com.kms.katalon.core.webui.keyword.builtin.ClickKeyword.execute(ClickKeyword.groovy:67)
	at com.kms.katalon.core.keyword.internal.KeywordExecutor.executeKeywordForPlatform(KeywordExecutor.groovy:53)
	at com.kms.katalon.core.webui.keyword.WebUiBuiltInKeywords.click(WebUiBuiltInKeywords.groovy:616)
	at com.kms.katalon.core.webui.keyword.WebUiBuiltInKeywords$click$2.call(Unknown Source)
	at Script1534407542420.run(Script1534407542420.groovy:91)
	at com.kms.katalon.core.main.ScriptEngine.run(ScriptEngine.java:183)
	at com.kms.katalon.core.main.ScriptEngine.runScriptAsRawText(ScriptEngine.java:108)
	at com.kms.katalon.core.main.TestCaseExecutor.runScript(TestCaseExecutor.java:294)
	at com.kms.katalon.core.main.TestCaseExecutor.doExecute(TestCaseExecutor.java:285)
	at com.kms.katalon.core.main.TestCaseExecutor.processExecutionPhase(TestCaseExecutor.java:264)
	at com.kms.katalon.core.main.TestCaseExecutor.accessMainPhase(TestCaseExecutor.java:256)
	at com.kms.katalon.core.main.TestCaseExecutor.execute(TestCaseExecutor.java:200)
	at com.kms.katalon.core.main.TestCaseMain.runTestCase(TestCaseMain.java:99)
	at com.kms.katalon.core.keyword.builtin.CallTestCaseKeyword$_callTestCase_closure1.doCall(CallTestCaseKeyword.groovy:60)
	at com.kms.katalon.core.keyword.builtin.CallTestCaseKeyword$_callTestCase_closure1.call(CallTestCaseKeyword.groovy)
	at com.kms.katalon.core.keyword.internal.KeywordMain.runKeyword(KeywordMain.groovy:54)
	at com.kms.katalon.core.keyword.builtin.CallTestCaseKeyword.callTestCase(CallTestCaseKeyword.groovy:81)
	at com.kms.katalon.core.keyword.builtin.CallTestCaseKeyword.execute(CallTestCaseKeyword.groovy:45)
	at com.kms.katalon.core.keyword.internal.KeywordExecutor.executeKeywordForPlatform(KeywordExecutor.groovy:53)
	at com.kms.katalon.core.keyword.BuiltinKeywords.callTestCase(BuiltinKeywords.groovy:334)
	at sun.reflect.GeneratedMethodAccessor13.invoke(Unknown Source)
	at sun.reflect.DelegatingMethodAccessorImpl.invoke(DelegatingMethodAccessorImpl.java:43)
	at java.lang.reflect.Method.invoke(Method.java:498)
	at org.codehaus.groovy.reflection.CachedMethod.invoke(CachedMethod.java:93)
	at groovy.lang.MetaMethod.doMethodInvoke(MetaMethod.java:325)
	at groovy.lang.MetaClassImpl.invokeStaticMethod(MetaClassImpl.java:1469)
	at org.codehaus.groovy.runtime.callsite.StaticMetaClassSite.call(StaticMetaClassSite.java:53)
	at org.codehaus.groovy.runtime.callsite.AbstractCallSite.call(AbstractCallSite.java:141)
	at Script1535963367907.run(Script1535963367907.groovy:33)
	at com.kms.katalon.core.main.ScriptEngine.run(ScriptEngine.java:183)
	at com.kms.katalon.core.main.ScriptEngine.runScriptAsRawText(ScriptEngine.java:108)
	at com.kms.katalon.core.main.TestCaseExecutor.runScript(TestCaseExecutor.java:294)
	at com.kms.katalon.core.main.TestCaseExecutor.doExecute(TestCaseExecutor.java:285)
	at com.kms.katalon.core.main.TestCaseExecutor.processExecutionPhase(TestCaseExecutor.java:264)
	at com.kms.katalon.core.main.TestCaseExecutor.accessMainPhase(TestCaseExecutor.java:256)
	at com.kms.katalon.core.main.TestCaseExecutor.execute(TestCaseExecutor.java:200)
	at com.kms.katalon.core.main.TestCaseMain.runTestCase(TestCaseMain.java:99)
	at com.kms.katalon.core.keyword.builtin.CallTestCaseKeyword$_callTestCase_closure1.doCall(CallTestCaseKeyword.groovy:60)
	at com.kms.katalon.core.keyword.builtin.CallTestCaseKeyword$_callTestCase_closure1.call(CallTestCaseKeyword.groovy)
	at com.kms.katalon.core.keyword.internal.KeywordMain.runKeyword(KeywordMain.groovy:54)
	at com.kms.katalon.core.keyword.builtin.CallTestCaseKeyword.callTestCase(CallTestCaseKeyword.groovy:81)
	at com.kms.katalon.core.keyword.builtin.CallTestCaseKeyword.execute(CallTestCaseKeyword.groovy:45)
	at com.kms.katalon.core.keyword.internal.KeywordExecutor.executeKeywordForPlatform(KeywordExecutor.groovy:53)
	at com.kms.katalon.core.keyword.BuiltinKeywords.callTestCase(BuiltinKeywords.groovy:334)
	at sun.reflect.GeneratedMethodAccessor13.invoke(Unknown Source)
	at sun.reflect.DelegatingMethodAccessorImpl.invoke(DelegatingMethodAccessorImpl.java:43)
	at java.lang.reflect.Method.invoke(Method.java:498)
	at org.codehaus.groovy.reflection.CachedMethod.invoke(CachedMethod.java:93)
	at groovy.lang.MetaMethod.doMethodInvoke(MetaMethod.java:325)
	at groovy.lang.MetaClassImpl.invokeStaticMethod(MetaClassImpl.java:1469)
	at org.codehaus.groovy.runtime.callsite.StaticMetaClassSite.call(StaticMetaClassSite.java:53)
	at org.codehaus.groovy.runtime.callsite.CallSiteArray.defaultCall(CallSiteArray.java:48)
	at org.codehaus.groovy.runtime.callsite.AbstractCallSite.call(AbstractCallSite.java:113)
	at org.codehaus.groovy.runtime.callsite.AbstractCallSite.call(AbstractCallSite.java:141)
	at Script1536139032579.run(Script1536139032579.groovy:25)
	at com.kms.katalon.core.main.ScriptEngine.run(ScriptEngine.java:183)
	at com.kms.katalon.core.main.ScriptEngine.runScriptAsRawText(ScriptEngine.java:108)
	at com.kms.katalon.core.main.TestCaseExecutor.runScript(TestCaseExecutor.java:294)
	at com.kms.katalon.core.main.TestCaseExecutor.doExecute(TestCaseExecutor.java:285)
	at com.kms.katalon.core.main.TestCaseExecutor.processExecutionPhase(TestCaseExecutor.java:264)
	at com.kms.katalon.core.main.TestCaseExecutor.accessMainPhase(TestCaseExecutor.java:256)
	at com.kms.katalon.core.main.TestCaseExecutor.execute(TestCaseExecutor.java:200)
	at com.kms.katalon.core.main.TestSuiteExecutor.accessTestCaseMainPhase(TestSuiteExecutor.java:129)
	at com.kms.katalon.core.main.TestSuiteExecutor.accessTestSuiteMainPhase(TestSuiteExecutor.java:112)
	at com.kms.katalon.core.main.TestSuiteExecutor.execute(TestSuiteExecutor.java:81)
	at com.kms.katalon.core.main.TestCaseMain.startTestSuite(TestCaseMain.java:142)
	at com.kms.katalon.core.main.TestCaseMain$startTestSuite$0.call(Unknown Source)
	at org.codehaus.groovy.runtime.callsite.CallSiteArray.defaultCall(CallSiteArray.java:48)
	at org.codehaus.groovy.runtime.callsite.AbstractCallSite.call(AbstractCallSite.java:113)
	at org.codehaus.groovy.runtime.callsite.AbstractCallSite.call(AbstractCallSite.java:141)
	at TempTestSuite1541736709639.run(TempTestSuite1541736709639.groovy:36)
	at groovy.lang.GroovyShell.runScriptOrMainOrTestOrRunnable(GroovyShell.java:263)
	at groovy.lang.GroovyShell.run(GroovyShell.java:518)
	at groovy.lang.GroovyShell.run(GroovyShell.java:507)
	at groovy.ui.GroovyMain.processOnce(GroovyMain.java:653)
	at groovy.ui.GroovyMain.run(GroovyMain.java:384)
	at groovy.ui.GroovyMain.process(GroovyMain.java:370)
	at groovy.ui.GroovyMain.processArgs(GroovyMain.java:129)
	at groovy.ui.GroovyMain.main(GroovyMain.java:109)
	at sun.reflect.NativeMethodAccessorImpl.invoke0(Native Method)
	at sun.reflect.NativeMethodAccessorImpl.invoke(NativeMethodAccessorImpl.java:62)
	at sun.reflect.DelegatingMethodAccessorImpl.invoke(DelegatingMethodAccessorImpl.java:43)
	at java.lang.reflect.Method.invoke(Method.java:498)
	at org.codehaus.groovy.tools.GroovyStarter.rootLoader(GroovyStarter.java:109)
	at org.codehaus.groovy.tools.GroovyStarter.main(GroovyStarter.java:131)
)]]></system-err>
      </testcase>
      <system-out><![CDATA[2018-11-09 12:11:53 - [TEST_SUITE][FAILED] - Form 1A - Cessation as Employer: Test Cases/Final Aug 2018 - PKS Automation/Registration Module/Workflow/Form 1A - Cessation As Employer/Employer to UO (Query) FAILED because (of) (Stack trace: com.kms.katalon.core.exception.StepFailedException: Unable to click on object 'Object Repository/Final Object Repo/Page_Form 1A - Cessation As Employer/Save  Continue in Uploading Page' (Root cause: org.openqa.selenium.ElementClickInterceptedException: Element <a id="_searchforemployer_WAR_registrationportlet_saveNContinueFormBtnId" class="btn btn-lg blueBtn col-md-2 pull-right disabled" href="https://assist2-uat.perkeso.gov.my/web/registration/update/form-1a-cessation-as-employer-discontinue-business-?p_auth=nv5iznbh&p_p_id=searchforemployer_WAR_registrationportlet&p_p_lifecycle=1&p_p_state=normal&p_p_mode=view&p_p_col_id=column-1&p_p_col_count=1&_searchforemployer_WAR_registrationportlet_javax.portlet.action=exeAction&_searchforemployer_WAR_registrationportlet_mvcPath=%2Fapps%2Freg%2Fdiscontinue_business%2Fdiscontinue_business_preview.jsp&_searchforemployer_WAR_registrationportlet_browserIdKey=1541738040495"> is not clickable at point (1150.3749542236328,625.933349609375) because another element <div class="blockUI blockOverlay"> obscures it
Build info: version: '3.9.1', revision: '63f7b50', time: '2018-02-07T22:42:28.403Z'
System info: host: 'WEIZHENG', ip: '10.212.128.118', os.name: 'Windows 7', os.arch: 'amd64', os.version: '6.1', java.version: '1.8.0_181'
Driver info: com.kms.katalon.core.webui.driver.firefox.CGeckoDriver
Capabilities {acceptInsecureCerts: true, browserName: firefox, browserVersion: 63.0.1, javascriptEnabled: true, moz:accessibilityChecks: false, moz:geckodriverVersion: 0.23.0, moz:headless: false, moz:processID: 9424, moz:profile: C:\Users\Wei Zheng\AppData\..., moz:useNonSpecCompliantPointerOrigin: false, moz:webdriverClick: true, pageLoadStrategy: normal, platform: WINDOWS, platformName: WINDOWS, platformVersion: 6.1, proxy: Proxy(direct), rotatable: false, setWindowRect: true, timeouts: {implicit: 0, pageLoad: 300000, script: 30000}, unhandledPromptBehavior: dismiss and notify}
Session ID: 87d1d418-8e5c-4b1f-869a-9c2ecda0cdde)
	at com.kms.katalon.core.keyword.internal.KeywordMain.stepFailed(KeywordMain.groovy:32)
	at com.kms.katalon.core.webui.keyword.internal.WebUIKeywordMain.stepFailed(WebUIKeywordMain.groovy:65)
	at com.kms.katalon.core.webui.keyword.internal.WebUIKeywordMain.runKeyword(WebUIKeywordMain.groovy:27)
	at com.kms.katalon.core.webui.keyword.builtin.ClickKeyword.click(ClickKeyword.groovy:86)
	at com.kms.katalon.core.webui.keyword.builtin.ClickKeyword.execute(ClickKeyword.groovy:67)
	at com.kms.katalon.core.keyword.internal.KeywordExecutor.executeKeywordForPlatform(KeywordExecutor.groovy:53)
	at com.kms.katalon.core.webui.keyword.WebUiBuiltInKeywords.click(WebUiBuiltInKeywords.groovy:616)
	at com.kms.katalon.core.webui.keyword.WebUiBuiltInKeywords$click$2.call(Unknown Source)
	at Script1536729355807.run(Script1536729355807.groovy:133)
	at com.kms.katalon.core.main.ScriptEngine.run(ScriptEngine.java:183)
	at com.kms.katalon.core.main.ScriptEngine.runScriptAsRawText(ScriptEngine.java:108)
	at com.kms.katalon.core.main.TestCaseExecutor.runScript(TestCaseExecutor.java:294)
	at com.kms.katalon.core.main.TestCaseExecutor.doExecute(TestCaseExecutor.java:285)
	at com.kms.katalon.core.main.TestCaseExecutor.processExecutionPhase(TestCaseExecutor.java:264)
	at com.kms.katalon.core.main.TestCaseExecutor.accessMainPhase(TestCaseExecutor.java:256)
	at com.kms.katalon.core.main.TestCaseExecutor.execute(TestCaseExecutor.java:200)
	at com.kms.katalon.core.main.TestCaseMain.runTestCase(TestCaseMain.java:99)
	at com.kms.katalon.core.keyword.builtin.CallTestCaseKeyword$_callTestCase_closure1.doCall(CallTestCaseKeyword.groovy:60)
	at com.kms.katalon.core.keyword.builtin.CallTestCaseKeyword$_callTestCase_closure1.call(CallTestCaseKeyword.groovy)
	at com.kms.katalon.core.keyword.internal.KeywordMain.runKeyword(KeywordMain.groovy:54)
	at com.kms.katalon.core.keyword.builtin.CallTestCaseKeyword.callTestCase(CallTestCaseKeyword.groovy:81)
	at com.kms.katalon.core.keyword.builtin.CallTestCaseKeyword.execute(CallTestCaseKeyword.groovy:45)
	at com.kms.katalon.core.keyword.internal.KeywordExecutor.executeKeywordForPlatform(KeywordExecutor.groovy:53)
	at com.kms.katalon.core.keyword.BuiltinKeywords.callTestCase(BuiltinKeywords.groovy:334)
	at sun.reflect.GeneratedMethodAccessor13.invoke(Unknown Source)
	at sun.reflect.DelegatingMethodAccessorImpl.invoke(DelegatingMethodAccessorImpl.java:43)
	at java.lang.reflect.Method.invoke(Method.java:498)
	at org.codehaus.groovy.reflection.CachedMethod.invoke(CachedMethod.java:93)
	at groovy.lang.MetaMethod.doMethodInvoke(MetaMethod.java:325)
	at groovy.lang.MetaClassImpl.invokeStaticMethod(MetaClassImpl.java:1469)
	at org.codehaus.groovy.runtime.callsite.StaticMetaClassSite.call(StaticMetaClassSite.java:53)
	at org.codehaus.groovy.runtime.callsite.CallSiteArray.defaultCall(CallSiteArray.java:48)
	at org.codehaus.groovy.runtime.callsite.AbstractCallSite.call(AbstractCallSite.java:113)
	at org.codehaus.groovy.runtime.callsite.AbstractCallSite.call(AbstractCallSite.java:141)
	at Script1536729541693.run(Script1536729541693.groovy:22)
	at com.kms.katalon.core.main.ScriptEngine.run(ScriptEngine.java:183)
	at com.kms.katalon.core.main.ScriptEngine.runScriptAsRawText(ScriptEngine.java:108)
	at com.kms.katalon.core.main.TestCaseExecutor.runScript(TestCaseExecutor.java:294)
	at com.kms.katalon.core.main.TestCaseExecutor.doExecute(TestCaseExecutor.java:285)
	at com.kms.katalon.core.main.TestCaseExecutor.processExecutionPhase(TestCaseExecutor.java:264)
	at com.kms.katalon.core.main.TestCaseExecutor.accessMainPhase(TestCaseExecutor.java:256)
	at com.kms.katalon.core.main.TestCaseExecutor.execute(TestCaseExecutor.java:200)
	at com.kms.katalon.core.main.TestSuiteExecutor.accessTestCaseMainPhase(TestSuiteExecutor.java:129)
	at com.kms.katalon.core.main.TestSuiteExecutor.accessTestSuiteMainPhase(TestSuiteExecutor.java:112)
	at com.kms.katalon.core.main.TestSuiteExecutor.execute(TestSuiteExecutor.java:81)
	at com.kms.katalon.core.main.TestCaseMain.startTestSuite(TestCaseMain.java:142)
	at com.kms.katalon.core.main.TestCaseMain$startTestSuite$0.call(Unknown Source)
	at org.codehaus.groovy.runtime.callsite.CallSiteArray.defaultCall(CallSiteArray.java:48)
	at org.codehaus.groovy.runtime.callsite.AbstractCallSite.call(AbstractCallSite.java:113)
	at org.codehaus.groovy.runtime.callsite.AbstractCallSite.call(AbstractCallSite.java:141)
	at TempTestSuite1541736709639.run(TempTestSuite1541736709639.groovy:36)
	at groovy.lang.GroovyShell.runScriptOrMainOrTestOrRunnable(GroovyShell.java:263)
	at groovy.lang.GroovyShell.run(GroovyShell.java:518)
	at groovy.lang.GroovyShell.run(GroovyShell.java:507)
	at groovy.ui.GroovyMain.processOnce(GroovyMain.java:653)
	at groovy.ui.GroovyMain.run(GroovyMain.java:384)
	at groovy.ui.GroovyMain.process(GroovyMain.java:370)
	at groovy.ui.GroovyMain.processArgs(GroovyMain.java:129)
	at groovy.ui.GroovyMain.main(GroovyMain.java:109)
	at sun.reflect.NativeMethodAccessorImpl.invoke0(Native Method)
	at sun.reflect.NativeMethodAccessorImpl.invoke(NativeMethodAccessorImpl.java:62)
	at sun.reflect.DelegatingMethodAccessorImpl.invoke(DelegatingMethodAccessorImpl.java:43)
	at java.lang.reflect.Method.invoke(Method.java:498)
	at org.codehaus.groovy.tools.GroovyStarter.rootLoader(GroovyStarter.java:109)
	at org.codehaus.groovy.tools.GroovyStarter.main(GroovyStarter.java:131)
)]]></system-out>
      <system-err><![CDATA[2018-11-09 12:11:53 - [TEST_SUITE][FAILED] - Form 1A - Cessation as Employer: Test Cases/Final Aug 2018 - PKS Automation/Registration Module/Workflow/Form 1A - Cessation As Employer/Employer to UO (Query) FAILED because (of) (Stack trace: com.kms.katalon.core.exception.StepFailedException: Unable to click on object 'Object Repository/Final Object Repo/Page_Form 1A - Cessation As Employer/Save  Continue in Uploading Page' (Root cause: org.openqa.selenium.ElementClickInterceptedException: Element <a id="_searchforemployer_WAR_registrationportlet_saveNContinueFormBtnId" class="btn btn-lg blueBtn col-md-2 pull-right disabled" href="https://assist2-uat.perkeso.gov.my/web/registration/update/form-1a-cessation-as-employer-discontinue-business-?p_auth=nv5iznbh&p_p_id=searchforemployer_WAR_registrationportlet&p_p_lifecycle=1&p_p_state=normal&p_p_mode=view&p_p_col_id=column-1&p_p_col_count=1&_searchforemployer_WAR_registrationportlet_javax.portlet.action=exeAction&_searchforemployer_WAR_registrationportlet_mvcPath=%2Fapps%2Freg%2Fdiscontinue_business%2Fdiscontinue_business_preview.jsp&_searchforemployer_WAR_registrationportlet_browserIdKey=1541738040495"> is not clickable at point (1150.3749542236328,625.933349609375) because another element <div class="blockUI blockOverlay"> obscures it
Build info: version: '3.9.1', revision: '63f7b50', time: '2018-02-07T22:42:28.403Z'
System info: host: 'WEIZHENG', ip: '10.212.128.118', os.name: 'Windows 7', os.arch: 'amd64', os.version: '6.1', java.version: '1.8.0_181'
Driver info: com.kms.katalon.core.webui.driver.firefox.CGeckoDriver
Capabilities {acceptInsecureCerts: true, browserName: firefox, browserVersion: 63.0.1, javascriptEnabled: true, moz:accessibilityChecks: false, moz:geckodriverVersion: 0.23.0, moz:headless: false, moz:processID: 9424, moz:profile: C:\Users\Wei Zheng\AppData\..., moz:useNonSpecCompliantPointerOrigin: false, moz:webdriverClick: true, pageLoadStrategy: normal, platform: WINDOWS, platformName: WINDOWS, platformVersion: 6.1, proxy: Proxy(direct), rotatable: false, setWindowRect: true, timeouts: {implicit: 0, pageLoad: 300000, script: 30000}, unhandledPromptBehavior: dismiss and notify}
Session ID: 87d1d418-8e5c-4b1f-869a-9c2ecda0cdde)
	at com.kms.katalon.core.keyword.internal.KeywordMain.stepFailed(KeywordMain.groovy:32)
	at com.kms.katalon.core.webui.keyword.internal.WebUIKeywordMain.stepFailed(WebUIKeywordMain.groovy:65)
	at com.kms.katalon.core.webui.keyword.internal.WebUIKeywordMain.runKeyword(WebUIKeywordMain.groovy:27)
	at com.kms.katalon.core.webui.keyword.builtin.ClickKeyword.click(ClickKeyword.groovy:86)
	at com.kms.katalon.core.webui.keyword.builtin.ClickKeyword.execute(ClickKeyword.groovy:67)
	at com.kms.katalon.core.keyword.internal.KeywordExecutor.executeKeywordForPlatform(KeywordExecutor.groovy:53)
	at com.kms.katalon.core.webui.keyword.WebUiBuiltInKeywords.click(WebUiBuiltInKeywords.groovy:616)
	at com.kms.katalon.core.webui.keyword.WebUiBuiltInKeywords$click$2.call(Unknown Source)
	at Script1536729355807.run(Script1536729355807.groovy:133)
	at com.kms.katalon.core.main.ScriptEngine.run(ScriptEngine.java:183)
	at com.kms.katalon.core.main.ScriptEngine.runScriptAsRawText(ScriptEngine.java:108)
	at com.kms.katalon.core.main.TestCaseExecutor.runScript(TestCaseExecutor.java:294)
	at com.kms.katalon.core.main.TestCaseExecutor.doExecute(TestCaseExecutor.java:285)
	at com.kms.katalon.core.main.TestCaseExecutor.processExecutionPhase(TestCaseExecutor.java:264)
	at com.kms.katalon.core.main.TestCaseExecutor.accessMainPhase(TestCaseExecutor.java:256)
	at com.kms.katalon.core.main.TestCaseExecutor.execute(TestCaseExecutor.java:200)
	at com.kms.katalon.core.main.TestCaseMain.runTestCase(TestCaseMain.java:99)
	at com.kms.katalon.core.keyword.builtin.CallTestCaseKeyword$_callTestCase_closure1.doCall(CallTestCaseKeyword.groovy:60)
	at com.kms.katalon.core.keyword.builtin.CallTestCaseKeyword$_callTestCase_closure1.call(CallTestCaseKeyword.groovy)
	at com.kms.katalon.core.keyword.internal.KeywordMain.runKeyword(KeywordMain.groovy:54)
	at com.kms.katalon.core.keyword.builtin.CallTestCaseKeyword.callTestCase(CallTestCaseKeyword.groovy:81)
	at com.kms.katalon.core.keyword.builtin.CallTestCaseKeyword.execute(CallTestCaseKeyword.groovy:45)
	at com.kms.katalon.core.keyword.internal.KeywordExecutor.executeKeywordForPlatform(KeywordExecutor.groovy:53)
	at com.kms.katalon.core.keyword.BuiltinKeywords.callTestCase(BuiltinKeywords.groovy:334)
	at sun.reflect.GeneratedMethodAccessor13.invoke(Unknown Source)
	at sun.reflect.DelegatingMethodAccessorImpl.invoke(DelegatingMethodAccessorImpl.java:43)
	at java.lang.reflect.Method.invoke(Method.java:498)
	at org.codehaus.groovy.reflection.CachedMethod.invoke(CachedMethod.java:93)
	at groovy.lang.MetaMethod.doMethodInvoke(MetaMethod.java:325)
	at groovy.lang.MetaClassImpl.invokeStaticMethod(MetaClassImpl.java:1469)
	at org.codehaus.groovy.runtime.callsite.StaticMetaClassSite.call(StaticMetaClassSite.java:53)
	at org.codehaus.groovy.runtime.callsite.CallSiteArray.defaultCall(CallSiteArray.java:48)
	at org.codehaus.groovy.runtime.callsite.AbstractCallSite.call(AbstractCallSite.java:113)
	at org.codehaus.groovy.runtime.callsite.AbstractCallSite.call(AbstractCallSite.java:141)
	at Script1536729541693.run(Script1536729541693.groovy:22)
	at com.kms.katalon.core.main.ScriptEngine.run(ScriptEngine.java:183)
	at com.kms.katalon.core.main.ScriptEngine.runScriptAsRawText(ScriptEngine.java:108)
	at com.kms.katalon.core.main.TestCaseExecutor.runScript(TestCaseExecutor.java:294)
	at com.kms.katalon.core.main.TestCaseExecutor.doExecute(TestCaseExecutor.java:285)
	at com.kms.katalon.core.main.TestCaseExecutor.processExecutionPhase(TestCaseExecutor.java:264)
	at com.kms.katalon.core.main.TestCaseExecutor.accessMainPhase(TestCaseExecutor.java:256)
	at com.kms.katalon.core.main.TestCaseExecutor.execute(TestCaseExecutor.java:200)
	at com.kms.katalon.core.main.TestSuiteExecutor.accessTestCaseMainPhase(TestSuiteExecutor.java:129)
	at com.kms.katalon.core.main.TestSuiteExecutor.accessTestSuiteMainPhase(TestSuiteExecutor.java:112)
	at com.kms.katalon.core.main.TestSuiteExecutor.execute(TestSuiteExecutor.java:81)
	at com.kms.katalon.core.main.TestCaseMain.startTestSuite(TestCaseMain.java:142)
	at com.kms.katalon.core.main.TestCaseMain$startTestSuite$0.call(Unknown Source)
	at org.codehaus.groovy.runtime.callsite.CallSiteArray.defaultCall(CallSiteArray.java:48)
	at org.codehaus.groovy.runtime.callsite.AbstractCallSite.call(AbstractCallSite.java:113)
	at org.codehaus.groovy.runtime.callsite.AbstractCallSite.call(AbstractCallSite.java:141)
	at TempTestSuite1541736709639.run(TempTestSuite1541736709639.groovy:36)
	at groovy.lang.GroovyShell.runScriptOrMainOrTestOrRunnable(GroovyShell.java:263)
	at groovy.lang.GroovyShell.run(GroovyShell.java:518)
	at groovy.lang.GroovyShell.run(GroovyShell.java:507)
	at groovy.ui.GroovyMain.processOnce(GroovyMain.java:653)
	at groovy.ui.GroovyMain.run(GroovyMain.java:384)
	at groovy.ui.GroovyMain.process(GroovyMain.java:370)
	at groovy.ui.GroovyMain.processArgs(GroovyMain.java:129)
	at groovy.ui.GroovyMain.main(GroovyMain.java:109)
	at sun.reflect.NativeMethodAccessorImpl.invoke0(Native Method)
	at sun.reflect.NativeMethodAccessorImpl.invoke(NativeMethodAccessorImpl.java:62)
	at sun.reflect.DelegatingMethodAccessorImpl.invoke(DelegatingMethodAccessorImpl.java:43)
	at java.lang.reflect.Method.invoke(Method.java:498)
	at org.codehaus.groovy.tools.GroovyStarter.rootLoader(GroovyStarter.java:109)
	at org.codehaus.groovy.tools.GroovyStarter.main(GroovyStarter.java:131)
)]]></system-err>
   </testsuite>
</testsuites>
