<?xml version="1.0" encoding="UTF-8"?>
<testsuites name="Form 1A - Cessation as Employer" time="4886" tests="11" failures="1" errors="0">
   <testsuite name="Form 1A - Cessation as Employer" tests="11" failures="1" errors="0" time="4886" timestamp="2018-11-23 17:01:56" hostname="Admin - Win7Test02" id="Test Suites/Workflow/Form 1A - Cessation as Employer">
      <properties>
         <property name="deviceName" value=""/>
         <property name="devicePlatform" value=""/>
         <property name="logFolder" value="C:\\Users\\Admin\\Desktop\\PKS\\Perkeso Phase A\\Reports\\Workflow\\Form 1A - Cessation as Employer\\20181123_170154"/>
         <property name="logFiles" value="C:\\Users\\Admin\\Desktop\\PKS\\Perkeso Phase A\\Reports\\Workflow\\Form 1A - Cessation as Employer\\20181123_170154\\execution0.log"/>
         <property name="attachments" value="C:\\Users\\Admin\\Desktop\\PKS\\Perkeso Phase A\\Reports\\Workflow\\Form 1A - Cessation as Employer\\20181123_170154\\1542966781977.png, C:\\Users\\Admin\\Desktop\\PKS\\Perkeso Phase A\\Reports\\Workflow\\Form 1A - Cessation as Employer\\20181123_170154\\1542966815043.png, C:\\Users\\Admin\\Desktop\\PKS\\Perkeso Phase A\\Reports\\Workflow\\Form 1A - Cessation as Employer\\20181123_170154\\1542966839716.png, C:\\Users\\Admin\\Desktop\\PKS\\Perkeso Phase A\\Reports\\Workflow\\Form 1A - Cessation as Employer\\20181123_170154\\1542966878413.png, C:\\Users\\Admin\\Desktop\\PKS\\Perkeso Phase A\\Reports\\Workflow\\Form 1A - Cessation as Employer\\20181123_170154\\1542966911716.png, C:\\Users\\Admin\\Desktop\\PKS\\Perkeso Phase A\\Reports\\Workflow\\Form 1A - Cessation as Employer\\20181123_170154\\1542966945885.png, C:\\Users\\Admin\\Desktop\\PKS\\Perkeso Phase A\\Reports\\Workflow\\Form 1A - Cessation as Employer\\20181123_170154\\1542966979672.png"/>
         <property name="hostName" value="Admin - Win7Test02"/>
         <property name="os" value="Windows 7 64bit"/>
         <property name="katalonVersion" value="5.8.6.1"/>
         <property name="browser" value="Firefox 63.0"/>
         <property name="hostAddress" value="10.20.3.72"/>
         <property name="sessionId" value="ed686c8e-6295-4b2c-86be-fa962e35b66f"/>
         <property name="seleniumVersion" value="3.7.1"/>
         <property name="proxyInformation" value="ProxyInformation{proxyOption=NO_PROXY, proxyServerType=HTTP, password=, proxyServerAddress=, proxyServerPort=0}"/>
         <property name="platform" value="Windows 7"/>
      </properties>
      <testcase name="Test Cases/Final Aug 2018 - PKS Automation/Registration Module/Workflow/Form 1A - Cessation As Employer/Employer to UO (Approve)" classname="Test Cases/Final Aug 2018 - PKS Automation/Registration Module/Workflow/Form 1A - Cessation As Employer/Employer to UO (Approve)" status="PASSED">
         <system-out><![CDATA[2018-11-23 17:01:57 - [TEST_CASE][PASSED] - Test Cases/Final Aug 2018 - PKS Automation/Registration Module/Workflow/Form 1A - Cessation As Employer/Employer to UO (Approve): Test Cases/Final Aug 2018 - PKS Automation/Registration Module/Workflow/Form 1A - Cessation As Employer/Employer to UO (Approve)

2018-11-23 17:01:57 - [TEST_STEP][PASSED] - callTestCase: Call Test Case 'Test Cases/Final Aug 2018 - PKS Automation/Registration Module/Workflow/Form 1A - Cessation As Employer/Template/Form 1 A - Cessation As Employer (Employer)' successfully

2018-11-23 17:01:57 - [TEST_CASE][PASSED] - Test Cases/Final Aug 2018 - PKS Automation/Registration Module/Workflow/Form 1A - Cessation As Employer/Template/Form 1 A - Cessation As Employer (Employer): Test Cases/Final Aug 2018 - PKS Automation/Registration Module/Workflow/Form 1A - Cessation As Employer/Template/Form 1 A - Cessation As Employer (Employer)

2018-11-23 17:01:58 - [TEST_STEP][PASSED] - callTestCase: Call Test Case 'Test Cases/Final Aug 2018 - PKS Automation/Registration Module/Workflow/Update Add New Employee/Template/New Company for Update Add New - Employer' successfully

2018-11-23 17:01:58 - [TEST_CASE][PASSED] - Test Cases/Final Aug 2018 - PKS Automation/Registration Module/Workflow/Update Add New Employee/Template/New Company for Update Add New - Employer: Test Cases/Final Aug 2018 - PKS Automation/Registration Module/Workflow/Update Add New Employee/Template/New Company for Update Add New - Employer

2018-11-23 17:01:58 - [TEST_STEP][PASSED] - callTestCase: Call Test Case 'Test Cases/Final Aug 2018 - PKS Automation/Create Employer Acc/Create Employer Account' successfully

2018-11-23 17:01:58 - [TEST_CASE][PASSED] - Test Cases/Final Aug 2018 - PKS Automation/Create Employer Acc/Create Employer Account: Test Cases/Final Aug 2018 - PKS Automation/Create Employer Acc/Create Employer Account

2018-11-23 17:01:58 - [TEST_STEP][PASSED] - callTestCase: Call Test Case 'Test Cases/Final Aug 2018 - PKS Automation/Create Employer Acc/Template/Register Employer' successfully

2018-11-23 17:01:58 - [TEST_CASE][PASSED] - Test Cases/Final Aug 2018 - PKS Automation/Create Employer Acc/Template/Register Employer: Test Cases/Final Aug 2018 - PKS Automation/Create Employer Acc/Template/Register Employer

2018-11-23 17:01:59 - [TEST_STEP][PASSED] - openBrowser: Browser is opened with url: ''

2018-11-23 17:02:04 - [MESSAGE][PASSED] - Browser is opened with url: ''

2018-11-23 17:02:04 - [TEST_STEP][PASSED] - navigateToUrl: Navigate to 'https://assist2-uat.perkeso.gov.my/login' successfully

2018-11-23 17:02:06 - [MESSAGE][PASSED] - Navigate to 'https://assist2-uat.perkeso.gov.my/login' successfully

2018-11-23 17:02:06 - [TEST_STEP][PASSED] - setText: Text 'johorotc1@gmail.com' is set on object 'Object Repository/Final Object Repo/Login Page/Internal User/Email Address'

2018-11-23 17:02:06 - [MESSAGE][PASSED] - Text 'johorotc1@gmail.com' is set on object 'Object Repository/Final Object Repo/Login Page/Internal User/Email Address'

2018-11-23 17:02:06 - [TEST_STEP][PASSED] - click: Object: 'Object Repository/Final Object Repo/Login Page/Internal User/Next Button' is clicked on

2018-11-23 17:02:06 - [MESSAGE][PASSED] - Object: 'Object Repository/Final Object Repo/Login Page/Internal User/Next Button' is clicked on

2018-11-23 17:02:06 - [TEST_STEP][PASSED] - delay: Delayed 1 second(s)

2018-11-23 17:02:07 - [MESSAGE][PASSED] - Delayed 1 second(s)

2018-11-23 17:02:07 - [TEST_STEP][PASSED] - setEncryptedText: Text ****** has been set on object 'Object Repository/Final Object Repo/Login Page/Internal User/Password'

2018-11-23 17:02:08 - [MESSAGE][PASSED] - Text ****** has been set on object 'Object Repository/Final Object Repo/Login Page/Internal User/Password'

2018-11-23 17:02:08 - [TEST_STEP][PASSED] - click: Object: 'Object Repository/Final Object Repo/Login Page/Internal User/Login Button' is clicked on

2018-11-23 17:02:10 - [MESSAGE][PASSED] - Object: 'Object Repository/Final Object Repo/Login Page/Internal User/Login Button' is clicked on

2018-11-23 17:02:10 - [TEST_STEP][PASSED] - delay: Delayed 1 second(s)

2018-11-23 17:02:11 - [MESSAGE][PASSED] - Delayed 1 second(s)

2018-11-23 17:02:11 - [TEST_STEP][PASSED] - navigateToUrl: Navigate to 'https://assist2-uat.perkeso.gov.my/web/base/portal-id/registration' successfully

2018-11-23 17:02:12 - [MESSAGE][PASSED] - Navigate to 'https://assist2-uat.perkeso.gov.my/web/base/portal-id/registration' successfully

2018-11-23 17:02:12 - [TEST_STEP][PASSED] - setText: Text 'AUTOMATION EMPLOYER' is set on object 'Object Repository/Final Object Repo/Creating Employer Account/Page_Registration - ASSIST (Base)/Employer Name'

2018-11-23 17:02:13 - [MESSAGE][PASSED] - Text 'AUTOMATION EMPLOYER' is set on object 'Object Repository/Final Object Repo/Creating Employer Account/Page_Registration - ASSIST (Base)/Employer Name'

2018-11-23 17:02:13 - [TEST_STEP][PASSED] - delay: Delayed 2 second(s)

2018-11-23 17:02:15 - [MESSAGE][PASSED] - Delayed 2 second(s)

2018-11-23 17:02:15 - [TEST_STEP][PASSED] - click: Object: 'Object Repository/Final Object Repo/Creating Employer Account/Page_Registration - ASSIST (Base)/Registration Type' is clicked on

2018-11-23 17:02:15 - [MESSAGE][PASSED] - Object: 'Object Repository/Final Object Repo/Creating Employer Account/Page_Registration - ASSIST (Base)/Registration Type' is clicked on

2018-11-23 17:02:15 - [TEST_STEP][PASSED] - delay: Delayed 2 second(s)

2018-11-23 17:02:17 - [MESSAGE][PASSED] - Delayed 2 second(s)

2018-11-23 17:02:17 - [TEST_STEP][PASSED] - click: Object: 'Object Repository/Final Object Repo/Creating Employer Account/Page_Registration - ASSIST (Base)/Registration Type - Registration No' is clicked on

2018-11-23 17:02:18 - [MESSAGE][PASSED] - Object: 'Object Repository/Final Object Repo/Creating Employer Account/Page_Registration - ASSIST (Base)/Registration Type - Registration No' is clicked on

2018-11-23 17:02:18 - [TEST_STEP][PASSED] - delay: Delayed 2 second(s)

2018-11-23 17:02:20 - [MESSAGE][PASSED] - Delayed 2 second(s)

2018-11-23 17:02:20 - [TEST_STEP][PASSED] - setText: Text '1234567890' is set on object 'Object Repository/Final Object Repo/Creating Employer Account/Page_Registration - ASSIST (Base)/Registration Number'

2018-11-23 17:02:20 - [MESSAGE][PASSED] - Text '1234567890' is set on object 'Object Repository/Final Object Repo/Creating Employer Account/Page_Registration - ASSIST (Base)/Registration Number'

2018-11-23 17:02:20 - [TEST_STEP][PASSED] - delay: Delayed 2 second(s)

2018-11-23 17:02:22 - [MESSAGE][PASSED] - Delayed 2 second(s)

2018-11-23 17:02:22 - [TEST_STEP][PASSED] - setText: Text 'ADDRESS 1' is set on object 'Object Repository/Final Object Repo/Creating Employer Account/Page_Registration - ASSIST (Base)/Postal Address 1'

2018-11-23 17:02:22 - [MESSAGE][PASSED] - Text 'ADDRESS 1' is set on object 'Object Repository/Final Object Repo/Creating Employer Account/Page_Registration - ASSIST (Base)/Postal Address 1'

2018-11-23 17:02:22 - [TEST_STEP][PASSED] - setText: Text 'ADDRESS 2' is set on object 'Object Repository/Final Object Repo/Creating Employer Account/Page_Registration - ASSIST (Base)/Postal Address 2'

2018-11-23 17:02:22 - [MESSAGE][PASSED] - Text 'ADDRESS 2' is set on object 'Object Repository/Final Object Repo/Creating Employer Account/Page_Registration - ASSIST (Base)/Postal Address 2'

2018-11-23 17:02:22 - [TEST_STEP][PASSED] - click: Object: 'Object Repository/Final Object Repo/Creating Employer Account/Page_Registration - ASSIST (Base)/State' is clicked on

2018-11-23 17:02:23 - [MESSAGE][PASSED] - Object: 'Object Repository/Final Object Repo/Creating Employer Account/Page_Registration - ASSIST (Base)/State' is clicked on

2018-11-23 17:02:23 - [TEST_STEP][PASSED] - delay: Delayed 2 second(s)

2018-11-23 17:02:25 - [MESSAGE][PASSED] - Delayed 2 second(s)

2018-11-23 17:02:25 - [TEST_STEP][PASSED] - click: Object: 'Object Repository/Final Object Repo/Creating Employer Account/Page_Registration - ASSIST (Base)/State - Johor' is clicked on

2018-11-23 17:02:26 - [MESSAGE][PASSED] - Object: 'Object Repository/Final Object Repo/Creating Employer Account/Page_Registration - ASSIST (Base)/State - Johor' is clicked on

2018-11-23 17:02:26 - [TEST_STEP][PASSED] - delay: Delayed 2 second(s)

2018-11-23 17:02:28 - [MESSAGE][PASSED] - Delayed 2 second(s)

2018-11-23 17:02:28 - [TEST_STEP][PASSED] - click: Object: 'Object Repository/Final Object Repo/Creating Employer Account/Page_Registration - ASSIST (Base)/City' is clicked on

2018-11-23 17:02:28 - [MESSAGE][PASSED] - Object: 'Object Repository/Final Object Repo/Creating Employer Account/Page_Registration - ASSIST (Base)/City' is clicked on

2018-11-23 17:02:28 - [TEST_STEP][PASSED] - delay: Delayed 2 second(s)

2018-11-23 17:02:30 - [MESSAGE][PASSED] - Delayed 2 second(s)

2018-11-23 17:02:30 - [TEST_STEP][PASSED] - setText: Text 'joh' is set on object 'Object Repository/Final Object Repo/Creating Employer Account/Page_Registration - ASSIST (Base)/City - joh'

2018-11-23 17:02:30 - [MESSAGE][PASSED] - Text 'joh' is set on object 'Object Repository/Final Object Repo/Creating Employer Account/Page_Registration - ASSIST (Base)/City - joh'

2018-11-23 17:02:30 - [TEST_STEP][PASSED] - delay: Delayed 2 second(s)

2018-11-23 17:02:32 - [MESSAGE][PASSED] - Delayed 2 second(s)

2018-11-23 17:02:32 - [TEST_STEP][PASSED] - click: Object: 'Object Repository/Final Object Repo/Creating Employer Account/Page_Registration - ASSIST (Base)/City - Johor Bharu' is clicked on

2018-11-23 17:02:33 - [MESSAGE][PASSED] - Object: 'Object Repository/Final Object Repo/Creating Employer Account/Page_Registration - ASSIST (Base)/City - Johor Bharu' is clicked on

2018-11-23 17:02:33 - [TEST_STEP][PASSED] - delay: Delayed 2 second(s)

2018-11-23 17:02:35 - [MESSAGE][PASSED] - Delayed 2 second(s)

2018-11-23 17:02:35 - [TEST_STEP][PASSED] - click: Object: 'Object Repository/Final Object Repo/Creating Employer Account/Page_Registration - ASSIST (Base)/Post Code' is clicked on

2018-11-23 17:02:35 - [MESSAGE][PASSED] - Object: 'Object Repository/Final Object Repo/Creating Employer Account/Page_Registration - ASSIST (Base)/Post Code' is clicked on

2018-11-23 17:02:35 - [TEST_STEP][PASSED] - delay: Delayed 2 second(s)

2018-11-23 17:02:37 - [MESSAGE][PASSED] - Delayed 2 second(s)

2018-11-23 17:02:37 - [TEST_STEP][PASSED] - setText: Text '810' is set on object 'Object Repository/Final Object Repo/Creating Employer Account/Page_Registration - ASSIST (Base)/Post Code - 810'

2018-11-23 17:02:37 - [MESSAGE][PASSED] - Text '810' is set on object 'Object Repository/Final Object Repo/Creating Employer Account/Page_Registration - ASSIST (Base)/Post Code - 810'

2018-11-23 17:02:37 - [TEST_STEP][PASSED] - delay: Delayed 2 second(s)

2018-11-23 17:02:39 - [MESSAGE][PASSED] - Delayed 2 second(s)

2018-11-23 17:02:39 - [TEST_STEP][PASSED] - click: Object: 'Object Repository/Final Object Repo/Creating Employer Account/Page_Registration - ASSIST (Base)/Post Code - 81000' is clicked on

2018-11-23 17:02:40 - [MESSAGE][PASSED] - Object: 'Object Repository/Final Object Repo/Creating Employer Account/Page_Registration - ASSIST (Base)/Post Code - 81000' is clicked on

2018-11-23 17:02:40 - [TEST_STEP][PASSED] - delay: Delayed 2 second(s)

2018-11-23 17:02:42 - [MESSAGE][PASSED] - Delayed 2 second(s)

2018-11-23 17:02:42 - [TEST_STEP][PASSED] - setText: Text 'PERKESO' is set on object 'Object Repository/Final Object Repo/Creating Employer Account/Page_Registration - ASSIST (Base)/Full Name'

2018-11-23 17:02:42 - [MESSAGE][PASSED] - Text 'PERKESO' is set on object 'Object Repository/Final Object Repo/Creating Employer Account/Page_Registration - ASSIST (Base)/Full Name'

2018-11-23 17:02:42 - [TEST_STEP][PASSED] - Statement - rnd = new java.util.Random(): null

2018-11-23 17:02:42 - [TEST_STEP][PASSED] - Statement - snum = rnd.nextInt(899999 + 1) + 100000: null

2018-11-23 17:02:42 - [TEST_STEP][PASSED] - Statement - tnum = rnd.nextInt(899999 + 1) + 100000: null

2018-11-23 17:02:42 - [TEST_STEP][PASSED] - Statement - IC = java.lang.Integer.toString(snum) + java.lang.Integer.toString(tnum): null

2018-11-23 17:02:42 - [TEST_STEP][PASSED] - Statement - out.println(IC): null

2018-11-23 17:02:42 - [TEST_STEP][PASSED] - setText: Text '415429175957' is set on object 'Object Repository/Final Object Repo/Creating Employer Account/Page_Registration - ASSIST (Base)/Identification Number'

2018-11-23 17:02:42 - [MESSAGE][PASSED] - Text '415429175957' is set on object 'Object Repository/Final Object Repo/Creating Employer Account/Page_Registration - ASSIST (Base)/Identification Number'

2018-11-23 17:02:42 - [TEST_STEP][PASSED] - delay: Delayed 2 second(s)

2018-11-23 17:02:44 - [MESSAGE][PASSED] - Delayed 2 second(s)

2018-11-23 17:02:44 - [TEST_STEP][PASSED] - setText: Text '123456789012' is set on object 'Object Repository/Final Object Repo/Creating Employer Account/Page_Registration - ASSIST (Base)/Contact Number'

2018-11-23 17:02:45 - [MESSAGE][PASSED] - Text '123456789012' is set on object 'Object Repository/Final Object Repo/Creating Employer Account/Page_Registration - ASSIST (Base)/Contact Number'

2018-11-23 17:02:45 - [TEST_STEP][PASSED] - Statement - Email = "perkeso" + IC + "@gmail.com": null

2018-11-23 17:02:45 - [TEST_STEP][PASSED] - delay: Delayed 2 second(s)

2018-11-23 17:02:47 - [MESSAGE][PASSED] - Delayed 2 second(s)

2018-11-23 17:02:47 - [TEST_STEP][PASSED] - callTestCase: Call Test Case 'Test Cases/Final Aug 2018 - PKS Automation/Create Employer Acc/Template/Employer Email Settler' successfully

2018-11-23 17:02:47 - [TEST_CASE][PASSED] - Test Cases/Final Aug 2018 - PKS Automation/Create Employer Acc/Template/Employer Email Settler: Test Cases/Final Aug 2018 - PKS Automation/Create Employer Acc/Template/Employer Email Settler

2018-11-23 17:02:47 - [TEST_STEP][PASSED] - Statement - EmpEmailOld = new java.io.File(C://Users//Admin//Desktop//PKS//Automation Reference Point//EmpEmail.txt): null

2018-11-23 17:02:47 - [TEST_STEP][PASSED] - Statement - EmpEmailOld.delete(): null

2018-11-23 17:02:47 - [TEST_STEP][PASSED] - Statement - EmpEmail = new java.io.File(C://Users//Admin//Desktop//PKS//Automation Reference Point//EmpEmail.txt): null

2018-11-23 17:02:47 - [TEST_STEP][PASSED] - Statement - EmpEmail.append(Email): null

2018-11-23 17:02:47 - [TEST_STEP][PASSED] - Statement - out.println(Email): null

2018-11-23 17:02:47 - [MESSAGE][PASSED] - Call Test Case 'Test Cases/Final Aug 2018 - PKS Automation/Create Employer Acc/Template/Employer Email Settler' successfully

2018-11-23 17:02:47 - [TEST_STEP][PASSED] - delay: Delayed 2 second(s)

2018-11-23 17:02:49 - [MESSAGE][PASSED] - Delayed 2 second(s)

2018-11-23 17:02:49 - [TEST_STEP][PASSED] - setText: Text 'perkeso415429175957@gmail.com' is set on object 'Object Repository/Final Object Repo/Creating Employer Account/Page_Registration - ASSIST (Base)/Email'

2018-11-23 17:02:49 - [MESSAGE][PASSED] - Text 'perkeso415429175957@gmail.com' is set on object 'Object Repository/Final Object Repo/Creating Employer Account/Page_Registration - ASSIST (Base)/Email'

2018-11-23 17:02:49 - [TEST_STEP][PASSED] - setText: Text '123' is set on object 'Object Repository/Final Object Repo/Creating Employer Account/Page_Registration - ASSIST (Base)/Security Phase'

2018-11-23 17:02:49 - [MESSAGE][PASSED] - Text '123' is set on object 'Object Repository/Final Object Repo/Creating Employer Account/Page_Registration - ASSIST (Base)/Security Phase'

2018-11-23 17:02:49 - [TEST_STEP][PASSED] - click: Object: 'Object Repository/Final Object Repo/Creating Employer Account/Page_Registration - ASSIST (Base)/Save  Continue' is clicked on

2018-11-23 17:02:51 - [MESSAGE][PASSED] - Object: 'Object Repository/Final Object Repo/Creating Employer Account/Page_Registration - ASSIST (Base)/Save  Continue' is clicked on

2018-11-23 17:02:51 - [TEST_STEP][PASSED] - delay: Delayed 2 second(s)

2018-11-23 17:02:53 - [MESSAGE][PASSED] - Delayed 2 second(s)

2018-11-23 17:02:53 - [TEST_STEP][PASSED] - click: Object: 'Object Repository/Final Object Repo/Creating Employer Account/Page_Registration - ASSIST (Base)/Add Document' is clicked on

2018-11-23 17:02:53 - [MESSAGE][PASSED] - Object: 'Object Repository/Final Object Repo/Creating Employer Account/Page_Registration - ASSIST (Base)/Add Document' is clicked on

2018-11-23 17:02:53 - [TEST_STEP][PASSED] - delay: Delayed 2 second(s)

2018-11-23 17:02:55 - [MESSAGE][PASSED] - Delayed 2 second(s)

2018-11-23 17:02:55 - [TEST_STEP][PASSED] - click: Object: 'Object Repository/Final Object Repo/Creating Employer Account/Page_Registration - ASSIST (Base)/Document Type' is clicked on

2018-11-23 17:02:56 - [MESSAGE][PASSED] - Object: 'Object Repository/Final Object Repo/Creating Employer Account/Page_Registration - ASSIST (Base)/Document Type' is clicked on

2018-11-23 17:02:56 - [TEST_STEP][PASSED] - delay: Delayed 2 second(s)

2018-11-23 17:02:58 - [MESSAGE][PASSED] - Delayed 2 second(s)

2018-11-23 17:02:58 - [TEST_STEP][PASSED] - click: Object: 'Object Repository/Final Object Repo/Creating Employer Account/Page_Registration - ASSIST (Base)/Document Type - Letter of Authorization' is clicked on

2018-11-23 17:02:59 - [MESSAGE][PASSED] - Object: 'Object Repository/Final Object Repo/Creating Employer Account/Page_Registration - ASSIST (Base)/Document Type - Letter of Authorization' is clicked on

2018-11-23 17:02:59 - [TEST_STEP][PASSED] - delay: Delayed 2 second(s)

2018-11-23 17:03:01 - [MESSAGE][PASSED] - Delayed 2 second(s)

2018-11-23 17:03:01 - [TEST_STEP][PASSED] - sendKeys: Keys 'C:\Users\Public\Pictures\Sample Pictures\Koala.jpg' sent to object: 'Object Repository/Final Object Repo/Creating Employer Account/Page_Registration - ASSIST (Base)/Uploading File'

2018-11-23 17:03:01 - [MESSAGE][PASSED] - Keys 'C:\Users\Public\Pictures\Sample Pictures\Koala.jpg' sent to object: 'Object Repository/Final Object Repo/Creating Employer Account/Page_Registration - ASSIST (Base)/Uploading File'

2018-11-23 17:03:01 - [TEST_STEP][PASSED] - delay: Delayed 2 second(s)

2018-11-23 17:03:03 - [MESSAGE][PASSED] - Delayed 2 second(s)

2018-11-23 17:03:03 - [TEST_STEP][PASSED] - click: Object: 'Object Repository/Final Object Repo/Creating Employer Account/Page_Registration - ASSIST (Base)/Add Document in Uploading File' is clicked on

2018-11-23 17:03:05 - [MESSAGE][PASSED] - Object: 'Object Repository/Final Object Repo/Creating Employer Account/Page_Registration - ASSIST (Base)/Add Document in Uploading File' is clicked on

2018-11-23 17:03:05 - [TEST_STEP][PASSED] - delay: Delayed 2 second(s)

2018-11-23 17:03:07 - [MESSAGE][PASSED] - Delayed 2 second(s)

2018-11-23 17:03:07 - [TEST_STEP][PASSED] - click: Object: 'Object Repository/Final Object Repo/Creating Employer Account/Page_Registration - ASSIST (Base)/Save' is clicked on

2018-11-23 17:03:08 - [MESSAGE][PASSED] - Object: 'Object Repository/Final Object Repo/Creating Employer Account/Page_Registration - ASSIST (Base)/Save' is clicked on

2018-11-23 17:03:08 - [TEST_STEP][PASSED] - delay: Delayed 2 second(s)

2018-11-23 17:03:10 - [MESSAGE][PASSED] - Delayed 2 second(s)

2018-11-23 17:03:10 - [TEST_STEP][PASSED] - click: Object: 'Object Repository/Final Object Repo/Creating Employer Account/Page_Registration - ASSIST (Base)/Submit' is clicked on

2018-11-23 17:03:11 - [MESSAGE][PASSED] - Object: 'Object Repository/Final Object Repo/Creating Employer Account/Page_Registration - ASSIST (Base)/Submit' is clicked on

2018-11-23 17:03:11 - [TEST_STEP][PASSED] - delay: Delayed 2 second(s)

2018-11-23 17:03:13 - [MESSAGE][PASSED] - Delayed 2 second(s)

2018-11-23 17:03:13 - [TEST_STEP][PASSED] - click: Object: 'Object Repository/Final Object Repo/Creating Employer Account/Page_Registration - ASSIST (Base)/Confirm' is clicked on

2018-11-23 17:03:15 - [MESSAGE][PASSED] - Object: 'Object Repository/Final Object Repo/Creating Employer Account/Page_Registration - ASSIST (Base)/Confirm' is clicked on

2018-11-23 17:03:15 - [MESSAGE][PASSED] - Call Test Case 'Test Cases/Final Aug 2018 - PKS Automation/Create Employer Acc/Template/Register Employer' successfully

2018-11-23 17:03:15 - [TEST_STEP][PASSED] - delay: Delayed 1 second(s)

2018-11-23 17:03:16 - [MESSAGE][PASSED] - Delayed 1 second(s)

2018-11-23 17:03:16 - [TEST_STEP][PASSED] - navigateToUrl: Navigate to 'https://assist2-uat.perkeso.gov.my/c/portal/logout' successfully

2018-11-23 17:03:17 - [MESSAGE][PASSED] - Navigate to 'https://assist2-uat.perkeso.gov.my/c/portal/logout' successfully

2018-11-23 17:03:17 - [TEST_STEP][PASSED] - delay: Delayed 1 second(s)

2018-11-23 17:03:18 - [MESSAGE][PASSED] - Delayed 1 second(s)

2018-11-23 17:03:18 - [TEST_STEP][PASSED] - callTestCase: Call Test Case 'Test Cases/Final Aug 2018 - PKS Automation/Create Employer Acc/Template/Change Password of Employer' successfully

2018-11-23 17:03:18 - [TEST_CASE][PASSED] - Test Cases/Final Aug 2018 - PKS Automation/Create Employer Acc/Template/Change Password of Employer: Test Cases/Final Aug 2018 - PKS Automation/Create Employer Acc/Template/Change Password of Employer

2018-11-23 17:03:19 - [TEST_STEP][PASSED] - openBrowser: Browser is opened with url: ''

2018-11-23 17:03:19 - [MESSAGE][WARNING] - A browser is already opened. Closing browser and opening a new one

2018-11-23 17:03:24 - [MESSAGE][PASSED] - Browser is opened with url: ''

2018-11-23 17:03:24 - [TEST_STEP][PASSED] - navigateToUrl: Navigate to 'https://assist2-uat.perkeso.gov.my/login' successfully

2018-11-23 17:03:25 - [MESSAGE][PASSED] - Navigate to 'https://assist2-uat.perkeso.gov.my/login' successfully

2018-11-23 17:03:25 - [TEST_STEP][PASSED] - delay: Delayed 5 second(s)

2018-11-23 17:03:30 - [MESSAGE][PASSED] - Delayed 5 second(s)

2018-11-23 17:03:30 - [TEST_STEP][PASSED] - setText: Text 'test@liferay.com' is set on object 'Object Repository/Final Object Repo/Login Page/Internal User/Email Address'

2018-11-23 17:03:30 - [MESSAGE][PASSED] - Text 'test@liferay.com' is set on object 'Object Repository/Final Object Repo/Login Page/Internal User/Email Address'

2018-11-23 17:03:30 - [TEST_STEP][PASSED] - click: Object: 'Object Repository/Final Object Repo/Login Page/Internal User/Next Button' is clicked on

2018-11-23 17:03:31 - [MESSAGE][PASSED] - Object: 'Object Repository/Final Object Repo/Login Page/Internal User/Next Button' is clicked on

2018-11-23 17:03:31 - [TEST_STEP][PASSED] - delay: Delayed 2 second(s)

2018-11-23 17:03:33 - [MESSAGE][PASSED] - Delayed 2 second(s)

2018-11-23 17:03:33 - [TEST_STEP][PASSED] - setText: Text 'test' is set on object 'Object Repository/Final Object Repo/Login Page/Internal User/Password'

2018-11-23 17:03:33 - [MESSAGE][PASSED] - Text 'test' is set on object 'Object Repository/Final Object Repo/Login Page/Internal User/Password'

2018-11-23 17:03:33 - [TEST_STEP][PASSED] - delay: Delayed 2 second(s)

2018-11-23 17:03:35 - [MESSAGE][PASSED] - Delayed 2 second(s)

2018-11-23 17:03:35 - [TEST_STEP][PASSED] - click: Object: 'Object Repository/Final Object Repo/Login Page/Internal User/Login Button' is clicked on

2018-11-23 17:03:37 - [MESSAGE][PASSED] - Object: 'Object Repository/Final Object Repo/Login Page/Internal User/Login Button' is clicked on

2018-11-23 17:03:37 - [TEST_STEP][PASSED] - delay: Delayed 3 second(s)

2018-11-23 17:03:40 - [MESSAGE][PASSED] - Delayed 3 second(s)

2018-11-23 17:03:40 - [TEST_STEP][PASSED] - navigateToUrl: Navigate to 'https://assist2-uat.perkeso.gov.my/group/control_panel/manage?p_p_id=125&p_p_lifecycle=0&p_p_state=maximized&p_p_mode=view&refererPlid=20455&_125_usersListView=flat-users&_125_toolbarItem=view-all-users&_125_saveUsersListView=true&_125_struts_action=%2Fusers_admin%2Fview' successfully

2018-11-23 17:03:42 - [MESSAGE][PASSED] - Navigate to 'https://assist2-uat.perkeso.gov.my/group/control_panel/manage?p_p_id=125&p_p_lifecycle=0&p_p_state=maximized&p_p_mode=view&refererPlid=20455&_125_usersListView=flat-users&_125_toolbarItem=view-all-users&_125_saveUsersListView=true&_125_struts_action=%2Fusers_admin%2Fview' successfully

2018-11-23 17:03:42 - [TEST_STEP][PASSED] - delay: Delayed 3 second(s)

2018-11-23 17:03:45 - [MESSAGE][PASSED] - Delayed 3 second(s)

2018-11-23 17:03:45 - [TEST_STEP][PASSED] - setText: Text 'perkeso415429175957@gmail.com' is set on object 'Object Repository/Final Object Repo/Creating Employer Account/Page_Users and Organizations - ASSIST/Employer name'

2018-11-23 17:03:45 - [MESSAGE][PASSED] - Text 'perkeso415429175957@gmail.com' is set on object 'Object Repository/Final Object Repo/Creating Employer Account/Page_Users and Organizations - ASSIST/Employer name'

2018-11-23 17:03:45 - [TEST_STEP][PASSED] - delay: Delayed 3 second(s)

2018-11-23 17:03:48 - [MESSAGE][PASSED] - Delayed 3 second(s)

2018-11-23 17:03:48 - [TEST_STEP][PASSED] - click: Object: 'Object Repository/Final Object Repo/Creating Employer Account/Page_Users and Organizations - ASSIST/Search' is clicked on

2018-11-23 17:03:50 - [MESSAGE][PASSED] - Object: 'Object Repository/Final Object Repo/Creating Employer Account/Page_Users and Organizations - ASSIST/Search' is clicked on

2018-11-23 17:03:50 - [TEST_STEP][PASSED] - delay: Delayed 3 second(s)

2018-11-23 17:03:53 - [MESSAGE][PASSED] - Delayed 3 second(s)

2018-11-23 17:03:53 - [TEST_STEP][PASSED] - click: Object: 'Object Repository/Final Object Repo/Creating Employer Account/Page_Users and Organizations - ASSIST/Action' is clicked on

2018-11-23 17:03:54 - [MESSAGE][PASSED] - Object: 'Object Repository/Final Object Repo/Creating Employer Account/Page_Users and Organizations - ASSIST/Action' is clicked on

2018-11-23 17:03:54 - [TEST_STEP][PASSED] - delay: Delayed 3 second(s)

2018-11-23 17:03:57 - [MESSAGE][PASSED] - Delayed 3 second(s)

2018-11-23 17:03:57 - [TEST_STEP][PASSED] - click: Object: 'Object Repository/Final Object Repo/Creating Employer Account/Page_Users and Organizations - ASSIST/Edit' is clicked on

2018-11-23 17:03:58 - [MESSAGE][PASSED] - Object: 'Object Repository/Final Object Repo/Creating Employer Account/Page_Users and Organizations - ASSIST/Edit' is clicked on

2018-11-23 17:03:58 - [TEST_STEP][PASSED] - delay: Delayed 3 second(s)

2018-11-23 17:04:01 - [MESSAGE][PASSED] - Delayed 3 second(s)

2018-11-23 17:04:01 - [TEST_STEP][PASSED] - click: Object: 'Object Repository/Final Object Repo/Creating Employer Account/Page_PERKESO - Users and Organizati/a_Password (Modified)' is clicked on

2018-11-23 17:04:01 - [MESSAGE][PASSED] - Object: 'Object Repository/Final Object Repo/Creating Employer Account/Page_PERKESO - Users and Organizati/a_Password (Modified)' is clicked on

2018-11-23 17:04:01 - [TEST_STEP][PASSED] - delay: Delayed 3 second(s)

2018-11-23 17:04:04 - [MESSAGE][PASSED] - Delayed 3 second(s)

2018-11-23 17:04:04 - [TEST_STEP][PASSED] - setEncryptedText: Text ****** has been set on object 'Object Repository/Final Object Repo/Creating Employer Account/Page_PERKESO - Users and Organizati/input__125_password1'

2018-11-23 17:04:05 - [MESSAGE][PASSED] - Text ****** has been set on object 'Object Repository/Final Object Repo/Creating Employer Account/Page_PERKESO - Users and Organizati/input__125_password1'

2018-11-23 17:04:05 - [TEST_STEP][PASSED] - delay: Delayed 3 second(s)

2018-11-23 17:04:08 - [MESSAGE][PASSED] - Delayed 3 second(s)

2018-11-23 17:04:08 - [TEST_STEP][PASSED] - setEncryptedText: Text ****** has been set on object 'Object Repository/Final Object Repo/Creating Employer Account/Page_PERKESO - Users and Organizati/input__125_password2'

2018-11-23 17:04:08 - [MESSAGE][PASSED] - Text ****** has been set on object 'Object Repository/Final Object Repo/Creating Employer Account/Page_PERKESO - Users and Organizati/input__125_password2'

2018-11-23 17:04:08 - [TEST_STEP][PASSED] - delay: Delayed 3 second(s)

2018-11-23 17:04:11 - [MESSAGE][PASSED] - Delayed 3 second(s)

2018-11-23 17:04:11 - [TEST_STEP][PASSED] - click: Object: 'Object Repository/Final Object Repo/Creating Employer Account/Page_PERKESO - Users and Organizati/Save' is clicked on

2018-11-23 17:04:14 - [MESSAGE][PASSED] - Object: 'Object Repository/Final Object Repo/Creating Employer Account/Page_PERKESO - Users and Organizati/Save' is clicked on

2018-11-23 17:04:14 - [MESSAGE][PASSED] - Call Test Case 'Test Cases/Final Aug 2018 - PKS Automation/Create Employer Acc/Template/Change Password of Employer' successfully

2018-11-23 17:04:14 - [TEST_STEP][PASSED] - delay: Delayed 1 second(s)

2018-11-23 17:04:15 - [MESSAGE][PASSED] - Delayed 1 second(s)

2018-11-23 17:04:15 - [TEST_STEP][PASSED] - navigateToUrl: Navigate to 'https://assist2-uat.perkeso.gov.my/c/portal/logout' successfully

2018-11-23 17:04:16 - [MESSAGE][PASSED] - Navigate to 'https://assist2-uat.perkeso.gov.my/c/portal/logout' successfully

2018-11-23 17:04:16 - [TEST_STEP][PASSED] - delay: Delayed 1 second(s)

2018-11-23 17:04:17 - [MESSAGE][PASSED] - Delayed 1 second(s)

2018-11-23 17:04:17 - [TEST_STEP][PASSED] - callTestCase: Call Test Case 'Test Cases/Final Aug 2018 - PKS Automation/Create Employer Acc/Template/Login to Employer Account (First Time)' successfully

2018-11-23 17:04:17 - [TEST_CASE][PASSED] - Test Cases/Final Aug 2018 - PKS Automation/Create Employer Acc/Template/Login to Employer Account (First Time): Test Cases/Final Aug 2018 - PKS Automation/Create Employer Acc/Template/Login to Employer Account (First Time)

2018-11-23 17:04:17 - [TEST_STEP][PASSED] - openBrowser: Browser is opened with url: ''

2018-11-23 17:04:17 - [MESSAGE][WARNING] - A browser is already opened. Closing browser and opening a new one

2018-11-23 17:04:22 - [MESSAGE][PASSED] - Browser is opened with url: ''

2018-11-23 17:04:22 - [TEST_STEP][PASSED] - navigateToUrl: Navigate to 'https://assist2-uat.perkeso.gov.my/employer/login' successfully

2018-11-23 17:04:23 - [MESSAGE][PASSED] - Navigate to 'https://assist2-uat.perkeso.gov.my/employer/login' successfully

2018-11-23 17:04:23 - [TEST_STEP][PASSED] - delay: Delayed 3 second(s)

2018-11-23 17:04:26 - [MESSAGE][PASSED] - Delayed 3 second(s)

2018-11-23 17:04:26 - [TEST_STEP][PASSED] - callTestCase: Call Test Case 'Test Cases/Final Aug 2018 - PKS Automation/Create Employer Acc/Template/Employer Email Getter' successfully

2018-11-23 17:04:26 - [TEST_CASE][PASSED] - Test Cases/Final Aug 2018 - PKS Automation/Create Employer Acc/Template/Employer Email Getter: Test Cases/Final Aug 2018 - PKS Automation/Create Employer Acc/Template/Employer Email Getter

2018-11-23 17:04:27 - [TEST_STEP][PASSED] - Statement - Try: null

2018-11-23 17:04:27 - [TEST_STEP][PASSED] - Statement - EmpEmail = new java.io.File(C://Users//Admin//Desktop//PKS//Automation Reference Point//EmpEmail.txt): null

2018-11-23 17:04:27 - [TEST_STEP][PASSED] - Statement - bufferread = new java.io.BufferedReader(new java.io.FileReader(EmpEmail)): null

2018-11-23 17:04:27 - [TEST_STEP][PASSED] - Statement - readedVal = bufferread.readLine(): null

2018-11-23 17:04:27 - [TEST_STEP][PASSED] - Statement - out.println(readedVal): null

2018-11-23 17:04:27 - [TEST_STEP][PASSED] - Statement - Email = readedVal: null

2018-11-23 17:04:27 - [MESSAGE][PASSED] - Call Test Case 'Test Cases/Final Aug 2018 - PKS Automation/Create Employer Acc/Template/Employer Email Getter' successfully

2018-11-23 17:04:27 - [TEST_STEP][PASSED] - setText: Text 'perkeso415429175957@gmail.com' is set on object 'Object Repository/Final Object Repo/Login Page/External Login Page/Email'

2018-11-23 17:04:27 - [MESSAGE][PASSED] - Text 'perkeso415429175957@gmail.com' is set on object 'Object Repository/Final Object Repo/Login Page/External Login Page/Email'

2018-11-23 17:04:27 - [TEST_STEP][PASSED] - click: Object: 'Object Repository/Final Object Repo/Login Page/External Login Page/Next' is clicked on

2018-11-23 17:04:27 - [MESSAGE][PASSED] - Object: 'Object Repository/Final Object Repo/Login Page/External Login Page/Next' is clicked on

2018-11-23 17:04:27 - [TEST_STEP][PASSED] - delay: Delayed 3 second(s)

2018-11-23 17:04:30 - [MESSAGE][PASSED] - Delayed 3 second(s)

2018-11-23 17:04:30 - [TEST_STEP][PASSED] - setEncryptedText: Text ****** has been set on object 'Object Repository/Final Object Repo/Login Page/External Login Page/Password'

2018-11-23 17:04:31 - [MESSAGE][PASSED] - Text ****** has been set on object 'Object Repository/Final Object Repo/Login Page/External Login Page/Password'

2018-11-23 17:04:31 - [TEST_STEP][PASSED] - click: Object: 'Object Repository/Final Object Repo/Login Page/External Login Page/Login' is clicked on

2018-11-23 17:04:34 - [MESSAGE][PASSED] - Object: 'Object Repository/Final Object Repo/Login Page/External Login Page/Login' is clicked on

2018-11-23 17:04:34 - [TEST_STEP][PASSED] - delay: Delayed 3 second(s)

2018-11-23 17:04:37 - [MESSAGE][PASSED] - Delayed 3 second(s)

2018-11-23 17:04:37 - [TEST_STEP][PASSED] - click: Object: 'Object Repository/Final Object Repo/Creating Employer Account/Page_Terms of Use - ASSIST/button_I Agree' is clicked on

2018-11-23 17:04:38 - [MESSAGE][PASSED] - Object: 'Object Repository/Final Object Repo/Creating Employer Account/Page_Terms of Use - ASSIST/button_I Agree' is clicked on

2018-11-23 17:04:38 - [TEST_STEP][PASSED] - delay: Delayed 2 second(s)

2018-11-23 17:04:40 - [MESSAGE][PASSED] - Delayed 2 second(s)

2018-11-23 17:04:40 - [TEST_STEP][PASSED] - setEncryptedText: Text ****** has been set on object 'Object Repository/Final Object Repo/Creating Employer Account/Page_New Password - ASSIST/input_password1'

2018-11-23 17:04:40 - [MESSAGE][PASSED] - Text ****** has been set on object 'Object Repository/Final Object Repo/Creating Employer Account/Page_New Password - ASSIST/input_password1'

2018-11-23 17:04:40 - [TEST_STEP][PASSED] - setEncryptedText: Text ****** has been set on object 'Object Repository/Final Object Repo/Creating Employer Account/Page_New Password - ASSIST/input_password2'

2018-11-23 17:04:40 - [MESSAGE][PASSED] - Text ****** has been set on object 'Object Repository/Final Object Repo/Creating Employer Account/Page_New Password - ASSIST/input_password2'

2018-11-23 17:04:40 - [TEST_STEP][PASSED] - delay: Delayed 2 second(s)

2018-11-23 17:04:42 - [MESSAGE][PASSED] - Delayed 2 second(s)

2018-11-23 17:04:42 - [TEST_STEP][PASSED] - click: Object: 'Object Repository/Final Object Repo/Creating Employer Account/Page_New Password - ASSIST/Save' is clicked on

2018-11-23 17:04:44 - [MESSAGE][PASSED] - Object: 'Object Repository/Final Object Repo/Creating Employer Account/Page_New Password - ASSIST/Save' is clicked on

2018-11-23 17:04:44 - [TEST_STEP][PASSED] - delay: Delayed 2 second(s)

2018-11-23 17:04:46 - [MESSAGE][PASSED] - Delayed 2 second(s)

2018-11-23 17:04:46 - [TEST_STEP][PASSED] - setText: Text 'test' is set on object 'Object Repository/Final Object Repo/Creating Employer Account/Page_Password Reminder - ASSIST/Reminder Query Answer'

2018-11-23 17:04:46 - [MESSAGE][PASSED] - Text 'test' is set on object 'Object Repository/Final Object Repo/Creating Employer Account/Page_Password Reminder - ASSIST/Reminder Query Answer'

2018-11-23 17:04:46 - [TEST_STEP][PASSED] - delay: Delayed 2 second(s)

2018-11-23 17:04:48 - [MESSAGE][PASSED] - Delayed 2 second(s)

2018-11-23 17:04:48 - [TEST_STEP][PASSED] - doubleClick: Object: 'Object Repository/Final Object Repo/Creating Employer Account/Page_Password Reminder - ASSIST/Save' is double clicked on

2018-11-23 17:04:49 - [MESSAGE][PASSED] - Object: 'Object Repository/Final Object Repo/Creating Employer Account/Page_Password Reminder - ASSIST/Save' is double clicked on

2018-11-23 17:04:49 - [MESSAGE][PASSED] - Call Test Case 'Test Cases/Final Aug 2018 - PKS Automation/Create Employer Acc/Template/Login to Employer Account (First Time)' successfully

2018-11-23 17:04:49 - [MESSAGE][PASSED] - Call Test Case 'Test Cases/Final Aug 2018 - PKS Automation/Create Employer Acc/Create Employer Account' successfully

2018-11-23 17:04:49 - [TEST_STEP][PASSED] - callTestCase: Call Test Case 'Test Cases/Final Aug 2018 - PKS Automation/Registration Module/Log Out/log out avoiding katalon tagging' successfully

2018-11-23 17:04:49 - [TEST_CASE][PASSED] - Test Cases/Final Aug 2018 - PKS Automation/Registration Module/Log Out/log out avoiding katalon tagging: Test Cases/Final Aug 2018 - PKS Automation/Registration Module/Log Out/log out avoiding katalon tagging

2018-11-23 17:04:49 - [TEST_STEP][PASSED] - navigateToUrl: Navigate to 'https://assist2-uat.perkeso.gov.my/c/portal/logout' successfully

2018-11-23 17:04:50 - [MESSAGE][PASSED] - Navigate to 'https://assist2-uat.perkeso.gov.my/c/portal/logout' successfully

2018-11-23 17:04:50 - [MESSAGE][PASSED] - Call Test Case 'Test Cases/Final Aug 2018 - PKS Automation/Registration Module/Log Out/log out avoiding katalon tagging' successfully

2018-11-23 17:04:50 - [TEST_STEP][PASSED] - callTestCase: Call Test Case 'Test Cases/Final Aug 2018 - PKS Automation/Create Employer Acc/Login to Employer Account (Second time)' successfully

2018-11-23 17:04:50 - [TEST_CASE][PASSED] - Test Cases/Final Aug 2018 - PKS Automation/Create Employer Acc/Login to Employer Account (Second time): Test Cases/Final Aug 2018 - PKS Automation/Create Employer Acc/Login to Employer Account (Second time)

2018-11-23 17:04:50 - [TEST_STEP][PASSED] - openBrowser: Browser is opened with url: ''

2018-11-23 17:04:50 - [MESSAGE][WARNING] - A browser is already opened. Closing browser and opening a new one

2018-11-23 17:04:55 - [MESSAGE][PASSED] - Browser is opened with url: ''

2018-11-23 17:04:55 - [TEST_STEP][PASSED] - navigateToUrl: Navigate to 'https://assist2-uat.perkeso.gov.my/employer/login' successfully

2018-11-23 17:04:56 - [MESSAGE][PASSED] - Navigate to 'https://assist2-uat.perkeso.gov.my/employer/login' successfully

2018-11-23 17:04:56 - [TEST_STEP][PASSED] - delay: Delayed 3 second(s)

2018-11-23 17:04:59 - [MESSAGE][PASSED] - Delayed 3 second(s)

2018-11-23 17:04:59 - [TEST_STEP][PASSED] - callTestCase: Call Test Case 'Test Cases/Final Aug 2018 - PKS Automation/Create Employer Acc/Template/Employer Email Getter' successfully

2018-11-23 17:04:59 - [TEST_CASE][PASSED] - Test Cases/Final Aug 2018 - PKS Automation/Create Employer Acc/Template/Employer Email Getter: Test Cases/Final Aug 2018 - PKS Automation/Create Employer Acc/Template/Employer Email Getter

2018-11-23 17:04:59 - [TEST_STEP][PASSED] - Statement - Try: null

2018-11-23 17:04:59 - [TEST_STEP][PASSED] - Statement - EmpEmail = new java.io.File(C://Users//Admin//Desktop//PKS//Automation Reference Point//EmpEmail.txt): null

2018-11-23 17:04:59 - [TEST_STEP][PASSED] - Statement - bufferread = new java.io.BufferedReader(new java.io.FileReader(EmpEmail)): null

2018-11-23 17:04:59 - [TEST_STEP][PASSED] - Statement - readedVal = bufferread.readLine(): null

2018-11-23 17:04:59 - [TEST_STEP][PASSED] - Statement - out.println(readedVal): null

2018-11-23 17:04:59 - [TEST_STEP][PASSED] - Statement - Email = readedVal: null

2018-11-23 17:04:59 - [MESSAGE][PASSED] - Call Test Case 'Test Cases/Final Aug 2018 - PKS Automation/Create Employer Acc/Template/Employer Email Getter' successfully

2018-11-23 17:04:59 - [TEST_STEP][PASSED] - setText: Text 'perkeso415429175957@gmail.com' is set on object 'Object Repository/Final Object Repo/Login Page/External Login Page/Email'

2018-11-23 17:05:00 - [MESSAGE][PASSED] - Text 'perkeso415429175957@gmail.com' is set on object 'Object Repository/Final Object Repo/Login Page/External Login Page/Email'

2018-11-23 17:05:00 - [TEST_STEP][PASSED] - click: Object: 'Object Repository/Final Object Repo/Login Page/External Login Page/Next' is clicked on

2018-11-23 17:05:00 - [MESSAGE][PASSED] - Object: 'Object Repository/Final Object Repo/Login Page/External Login Page/Next' is clicked on

2018-11-23 17:05:00 - [TEST_STEP][PASSED] - delay: Delayed 3 second(s)

2018-11-23 17:05:03 - [MESSAGE][PASSED] - Delayed 3 second(s)

2018-11-23 17:05:03 - [TEST_STEP][PASSED] - setEncryptedText: Text ****** has been set on object 'Object Repository/Final Object Repo/Login Page/External Login Page/Password'

2018-11-23 17:05:03 - [MESSAGE][PASSED] - Text ****** has been set on object 'Object Repository/Final Object Repo/Login Page/External Login Page/Password'

2018-11-23 17:05:03 - [TEST_STEP][PASSED] - click: Object: 'Object Repository/Final Object Repo/Login Page/External Login Page/Login' is clicked on

2018-11-23 17:05:07 - [MESSAGE][PASSED] - Object: 'Object Repository/Final Object Repo/Login Page/External Login Page/Login' is clicked on

2018-11-23 17:05:07 - [TEST_STEP][PASSED] - delay: Delayed 5 second(s)

2018-11-23 17:05:12 - [MESSAGE][PASSED] - Delayed 5 second(s)

2018-11-23 17:05:12 - [MESSAGE][PASSED] - Call Test Case 'Test Cases/Final Aug 2018 - PKS Automation/Create Employer Acc/Login to Employer Account (Second time)' successfully

2018-11-23 17:05:12 - [TEST_STEP][PASSED] - delay: Delayed 4 second(s)

2018-11-23 17:05:16 - [MESSAGE][PASSED] - Delayed 4 second(s)

2018-11-23 17:05:16 - [TEST_STEP][PASSED] - Statement - Try: Delayed 2 second(s)

2018-11-23 17:05:16 - [TEST_STEP][PASSED] - Statement - Checker = false: null

2018-11-23 17:05:16 - [TEST_STEP][PASSED] - Statement - Checker = com.kms.katalon.core.webui.keyword.WebUiBuiltInKeywords.verifyElementHasAttribute(com.kms.katalon.core.testobject.ObjectRepository.findTestObject(Final Object Repo/Landing Page/BM Detecting), "href", 20, OPTIONAL): Object 'Object Repository/Final Object Repo/Landing Page/BM Detecting' has attribute 'href'

2018-11-23 17:05:16 - [MESSAGE][PASSED] - Object 'Object Repository/Final Object Repo/Landing Page/BM Detecting' has attribute 'href'

2018-11-23 17:05:16 - [TEST_STEP][PASSED] - Statement - out.println(Checker): null

2018-11-23 17:05:16 - [TEST_STEP][PASSED] - Statement - If (Checker == false): null

2018-11-23 17:05:16 - [TEST_STEP][PASSED] - Statement - Else: null

2018-11-23 17:05:16 - [TEST_STEP][PASSED] - delay: Delayed 2 second(s)

2018-11-23 17:05:18 - [MESSAGE][PASSED] - Delayed 2 second(s)

2018-11-23 17:05:18 - [TEST_STEP][PASSED] - delay: Delayed 4 second(s)

2018-11-23 17:05:22 - [MESSAGE][PASSED] - Delayed 4 second(s)

2018-11-23 17:05:22 - [TEST_STEP][PASSED] - click: Object: 'Object Repository/Final Object Repo/Landing Page/My Sites Drop Down' is clicked on

2018-11-23 17:05:23 - [MESSAGE][PASSED] - Object: 'Object Repository/Final Object Repo/Landing Page/My Sites Drop Down' is clicked on

2018-11-23 17:05:23 - [TEST_STEP][PASSED] - click: Object: 'Object Repository/Final Object Repo/Landing Page/Select to Registration Module' is clicked on

2018-11-23 17:05:25 - [MESSAGE][PASSED] - Object: 'Object Repository/Final Object Repo/Landing Page/Select to Registration Module' is clicked on

2018-11-23 17:05:25 - [TEST_STEP][PASSED] - click: Object: 'Object Repository/Final Object Repo/Landing Page/Registration Button' is clicked on

2018-11-23 17:05:28 - [MESSAGE][PASSED] - Object: 'Object Repository/Final Object Repo/Landing Page/Registration Button' is clicked on

2018-11-23 17:05:28 - [TEST_STEP][PASSED] - delay: Delayed 2 second(s)

2018-11-23 17:05:30 - [MESSAGE][PASSED] - Delayed 2 second(s)

2018-11-23 17:05:30 - [TEST_STEP][PASSED] - click: Object: 'Object Repository/Final Object Repo/New Registration - Registration Module Pages/New Reg - OTC to RO/Special Case - OTC - Form 1/AEC NO' is clicked on

2018-11-23 17:05:31 - [MESSAGE][PASSED] - Object: 'Object Repository/Final Object Repo/New Registration - Registration Module Pages/New Reg - OTC to RO/Special Case - OTC - Form 1/AEC NO' is clicked on

2018-11-23 17:05:31 - [TEST_STEP][PASSED] - click: Object: 'Object Repository/Final Object Repo/New Registration - Registration Module Pages/New Reg - OTC to RO/Special Case - OTC - Form 1/Business Entity - Please Select' is clicked on

2018-11-23 17:05:31 - [MESSAGE][PASSED] - Object: 'Object Repository/Final Object Repo/New Registration - Registration Module Pages/New Reg - OTC to RO/Special Case - OTC - Form 1/Business Entity - Please Select' is clicked on

2018-11-23 17:05:31 - [TEST_STEP][PASSED] - click: Object: 'Object Repository/Final Object Repo/New Registration - Registration Module Pages/New Reg - OTC to RO/Special Case - OTC - Form 1/Selected - Corporation' is clicked on

2018-11-23 17:05:32 - [MESSAGE][PASSED] - Object: 'Object Repository/Final Object Repo/New Registration - Registration Module Pages/New Reg - OTC to RO/Special Case - OTC - Form 1/Selected - Corporation' is clicked on

2018-11-23 17:05:32 - [TEST_STEP][PASSED] - delay: Delayed 2 second(s)

2018-11-23 17:05:34 - [MESSAGE][PASSED] - Delayed 2 second(s)

2018-11-23 17:05:34 - [TEST_STEP][PASSED] - click: Object: 'Object Repository/Final Object Repo/New Registration - Registration Module Pages/New Reg - OTC to RO/Special Case - OTC - Form 1/Sub Business Entity - Please Select' is clicked on

2018-11-23 17:05:34 - [MESSAGE][PASSED] - Object: 'Object Repository/Final Object Repo/New Registration - Registration Module Pages/New Reg - OTC to RO/Special Case - OTC - Form 1/Sub Business Entity - Please Select' is clicked on

2018-11-23 17:05:34 - [TEST_STEP][PASSED] - delay: Delayed 2 second(s)

2018-11-23 17:05:36 - [MESSAGE][PASSED] - Delayed 2 second(s)

2018-11-23 17:05:36 - [TEST_STEP][PASSED] - click: Object: 'Object Repository/Final Object Repo/New Registration - Registration Module Pages/New Reg - OTC to RO/Special Case - OTC - Form 1/Selected - Sendirian Berhad' is clicked on

2018-11-23 17:05:37 - [MESSAGE][PASSED] - Object: 'Object Repository/Final Object Repo/New Registration - Registration Module Pages/New Reg - OTC to RO/Special Case - OTC - Form 1/Selected - Sendirian Berhad' is clicked on

2018-11-23 17:05:37 - [TEST_STEP][PASSED] - setText: Text 'AUTOMATE001' is set on object 'Object Repository/Final Object Repo/New Registration - Registration Module Pages/New Reg - OTC to RO/Special Case - OTC - Form 1/Input BRN Number'

2018-11-23 17:05:37 - [MESSAGE][PASSED] - Text 'AUTOMATE001' is set on object 'Object Repository/Final Object Repo/New Registration - Registration Module Pages/New Reg - OTC to RO/Special Case - OTC - Form 1/Input BRN Number'

2018-11-23 17:05:37 - [TEST_STEP][PASSED] - delay: Delayed 2 second(s)

2018-11-23 17:05:39 - [MESSAGE][PASSED] - Delayed 2 second(s)

2018-11-23 17:05:39 - [TEST_STEP][PASSED] - click: Object: 'Object Repository/Final Object Repo/New Registration - Registration Module Pages/New Reg - OTC to RO/Special Case - OTC - Form 1/BRN Search' is clicked on

2018-11-23 17:05:40 - [MESSAGE][PASSED] - Object: 'Object Repository/Final Object Repo/New Registration - Registration Module Pages/New Reg - OTC to RO/Special Case - OTC - Form 1/BRN Search' is clicked on

2018-11-23 17:05:40 - [TEST_STEP][PASSED] - delay: Delayed 4 second(s)

2018-11-23 17:05:44 - [MESSAGE][PASSED] - Delayed 4 second(s)

2018-11-23 17:05:44 - [TEST_STEP][PASSED] - click: Object: 'Object Repository/Final Object Repo/New Registration - Registration Module Pages/New Reg - OTC to RO/Special Case - OTC - Form 1/Registered with SSM - After Feb 2017' is clicked on

2018-11-23 17:05:44 - [MESSAGE][PASSED] - Object: 'Object Repository/Final Object Repo/New Registration - Registration Module Pages/New Reg - OTC to RO/Special Case - OTC - Form 1/Registered with SSM - After Feb 2017' is clicked on

2018-11-23 17:05:44 - [TEST_STEP][PASSED] - delay: Delayed 2 second(s)

2018-11-23 17:05:46 - [MESSAGE][PASSED] - Delayed 2 second(s)

2018-11-23 17:05:46 - [TEST_STEP][PASSED] - click: Object: 'Object Repository/Final Object Repo/New Registration - Registration Module Pages/Form 1/Registered As a Branch - Yes' is clicked on

2018-11-23 17:05:47 - [MESSAGE][PASSED] - Object: 'Object Repository/Final Object Repo/New Registration - Registration Module Pages/Form 1/Registered As a Branch - Yes' is clicked on

2018-11-23 17:05:47 - [TEST_STEP][PASSED] - click: Object: 'Object Repository/Final Object Repo/New Registration - Registration Module Pages/New Reg - OTC to RO/Special Case - OTC - Form 1/Acknowledgement Ticked' is clicked on

2018-11-23 17:05:47 - [MESSAGE][PASSED] - Object: 'Object Repository/Final Object Repo/New Registration - Registration Module Pages/New Reg - OTC to RO/Special Case - OTC - Form 1/Acknowledgement Ticked' is clicked on

2018-11-23 17:05:47 - [TEST_STEP][PASSED] - setText: Text 'perkeso415429175957@gmail.com' is set on object 'Object Repository/Final Object Repo/New Registration - Registration Module Pages/Form 1/Email'

2018-11-23 17:05:47 - [MESSAGE][PASSED] - Text 'perkeso415429175957@gmail.com' is set on object 'Object Repository/Final Object Repo/New Registration - Registration Module Pages/Form 1/Email'

2018-11-23 17:05:47 - [TEST_STEP][PASSED] - click: Object: 'Object Repository/Final Object Repo/New Registration - Registration Module Pages/New Reg - OTC to RO/Special Case - OTC - Form 1/Submit Button' is clicked on

2018-11-23 17:05:49 - [MESSAGE][PASSED] - Object: 'Object Repository/Final Object Repo/New Registration - Registration Module Pages/New Reg - OTC to RO/Special Case - OTC - Form 1/Submit Button' is clicked on

2018-11-23 17:05:49 - [TEST_STEP][PASSED] - callTestCase: Call Test Case 'Test Cases/Final Aug 2018 - PKS Automation/Registration Module/New Registration/Form 2/Add 1 Eligible - Employer Account Use' successfully

2018-11-23 17:05:49 - [TEST_CASE][PASSED] - Test Cases/Final Aug 2018 - PKS Automation/Registration Module/New Registration/Form 2/Add 1 Eligible - Employer Account Use: Test Cases/Final Aug 2018 - PKS Automation/Registration Module/New Registration/Form 2/Add 1 Eligible - Employer Account Use

2018-11-23 17:05:49 - [TEST_STEP][PASSED] - delay: Delayed 2 second(s)

2018-11-23 17:05:51 - [MESSAGE][PASSED] - Delayed 2 second(s)

2018-11-23 17:05:51 - [TEST_STEP][PASSED] - callTestCase: Call Test Case 'Test Cases/Final Aug 2018 - PKS Automation/Registration Module/New Registration/Form 2/Date Updater' successfully

2018-11-23 17:05:51 - [TEST_CASE][PASSED] - Test Cases/Final Aug 2018 - PKS Automation/Registration Module/New Registration/Form 2/Date Updater: Test Cases/Final Aug 2018 - PKS Automation/Registration Module/New Registration/Form 2/Date Updater

2018-11-23 17:05:52 - [TEST_STEP][PASSED] - Statement - TodayDate = new java.util.Date(): null

2018-11-23 17:05:52 - [TEST_STEP][PASSED] - Statement - CurrentDateNoFilter = new java.text.SimpleDateFormat(): null

2018-11-23 17:05:52 - [TEST_STEP][PASSED] - Statement - CurrentDateNoFilter.applyPattern("dd"): null

2018-11-23 17:05:52 - [TEST_STEP][PASSED] - Statement - CurrentDate = CurrentDateNoFilter.format(TodayDate): null

2018-11-23 17:05:52 - [TEST_STEP][PASSED] - Statement - CurrentDate = java.lang.Integer.parseInt(CurrentDate): null

2018-11-23 17:05:52 - [TEST_STEP][PASSED] - Statement - CurrentDate = CurrentDate: null

2018-11-23 17:05:52 - [TEST_STEP][PASSED] - Statement - CurrentDay = java.lang.Integer.parseInt(CurrentDate): null

2018-11-23 17:05:52 - [TEST_STEP][PASSED] - Statement - aDayBefore = CurrentDay + 1: null

2018-11-23 17:05:52 - [TEST_STEP][PASSED] - Statement - DayBefore = aDayBefore.toString(): null

2018-11-23 17:05:52 - [TEST_STEP][PASSED] - Statement - OneDayBefore = DayBefore: null

2018-11-23 17:05:52 - [TEST_STEP][PASSED] - Statement - CurrentDateNoFilter.applyPattern("MM"): null

2018-11-23 17:05:52 - [TEST_STEP][PASSED] - Statement - monthContainerMatcher = java.lang.Integer.parseInt(CurrentDateNoFilter.format(TodayDate)): null

2018-11-23 17:05:52 - [TEST_STEP][PASSED] - Statement - monthContainerMatcher = monthContainerMatcher - 1: null

2018-11-23 17:05:52 - [TEST_STEP][PASSED] - Statement - CurrentMonth = monthContainerMatcher.toString(): null

2018-11-23 17:05:52 - [TEST_STEP][PASSED] - Statement - CurrentMonth = CurrentMonth: null

2018-11-23 17:05:52 - [TEST_STEP][PASSED] - Statement - CurrentDateNoFilter.applyPattern("yyyy"): null

2018-11-23 17:05:52 - [TEST_STEP][PASSED] - Statement - CurrentYear = CurrentDateNoFilter.format(TodayDate): null

2018-11-23 17:05:52 - [TEST_STEP][PASSED] - Statement - CurrentYear = CurrentYear: null

2018-11-23 17:05:52 - [TEST_STEP][PASSED] - Statement - intCurrentYear = java.lang.Integer.parseInt(CurrentDateNoFilter.format(TodayDate)): null

2018-11-23 17:05:52 - [TEST_STEP][PASSED] - Statement - eighteenYrsAgo = intCurrentYear - 18: null

2018-11-23 17:05:52 - [TEST_STEP][PASSED] - Statement - eighteenYrsBeforeThisYr = eighteenYrsAgo.toString(): null

2018-11-23 17:05:52 - [TEST_STEP][PASSED] - Statement - EighteenYrsBefore = eighteenYrsBeforeThisYr: null

2018-11-23 17:05:52 - [TEST_STEP][PASSED] - Statement - fiftysevenYrsAgo = intCurrentYear - 57: null

2018-11-23 17:05:52 - [TEST_STEP][PASSED] - Statement - fiftysevenYrsBeforeThisYr = fiftysevenYrsAgo.toString(): null

2018-11-23 17:05:52 - [TEST_STEP][PASSED] - Statement - FiftysevenYrsBefore = fiftysevenYrsBeforeThisYr: null

2018-11-23 17:05:52 - [MESSAGE][PASSED] - Call Test Case 'Test Cases/Final Aug 2018 - PKS Automation/Registration Module/New Registration/Form 2/Date Updater' successfully

2018-11-23 17:05:52 - [TEST_STEP][PASSED] - delay: Delayed 1 second(s)

2018-11-23 17:05:53 - [MESSAGE][PASSED] - Delayed 1 second(s)

2018-11-23 17:05:53 - [TEST_STEP][PASSED] - Statement - CaseReferenceNo = com.kms.katalon.core.webui.keyword.WebUiBuiltInKeywords.getText(com.kms.katalon.core.testobject.ObjectRepository.findTestObject(Final Object Repo/New Registration - Registration Module Pages/Form 2/RefNo Acquiring)): Text of object 'Object Repository/Final Object Repo/New Registration - Registration Module Pages/Form 2/RefNo Acquiring' is: 'CRN11201800122749'

2018-11-23 17:05:53 - [MESSAGE][PASSED] - Text of object 'Object Repository/Final Object Repo/New Registration - Registration Module Pages/Form 2/RefNo Acquiring' is: 'CRN11201800122749'

2018-11-23 17:05:53 - [TEST_STEP][PASSED] - delay: Delayed 1 second(s)

2018-11-23 17:05:54 - [MESSAGE][PASSED] - Delayed 1 second(s)

2018-11-23 17:05:54 - [TEST_STEP][PASSED] - click: Object: 'Object Repository/Final Object Repo/New Registration - Registration Module Pages/Form 2/Add Employee Button' is clicked on

2018-11-23 17:05:54 - [MESSAGE][PASSED] - Object: 'Object Repository/Final Object Repo/New Registration - Registration Module Pages/Form 2/Add Employee Button' is clicked on

2018-11-23 17:05:54 - [TEST_STEP][PASSED] - delay: Delayed 1 second(s)

2018-11-23 17:05:55 - [MESSAGE][PASSED] - Delayed 1 second(s)

2018-11-23 17:05:55 - [TEST_STEP][PASSED] - setText: Text '010903091948' is set on object 'Object Repository/Final Object Repo/New Registration - Registration Module Pages/Form 2/NRIC Input'

2018-11-23 17:05:56 - [MESSAGE][PASSED] - Text '010903091948' is set on object 'Object Repository/Final Object Repo/New Registration - Registration Module Pages/Form 2/NRIC Input'

2018-11-23 17:05:56 - [TEST_STEP][PASSED] - delay: Delayed 2 second(s)

2018-11-23 17:05:58 - [MESSAGE][PASSED] - Delayed 2 second(s)

2018-11-23 17:05:58 - [TEST_STEP][PASSED] - setText: Text 'Automate001 eligible 1' is set on object 'Object Repository/Final Object Repo/New Registration - Registration Module Pages/Form 2/Employee Name Input'

2018-11-23 17:05:58 - [MESSAGE][PASSED] - Text 'Automate001 eligible 1' is set on object 'Object Repository/Final Object Repo/New Registration - Registration Module Pages/Form 2/Employee Name Input'

2018-11-23 17:05:58 - [TEST_STEP][PASSED] - delay: Delayed 2 second(s)

2018-11-23 17:06:00 - [MESSAGE][PASSED] - Delayed 2 second(s)

2018-11-23 17:06:00 - [TEST_STEP][PASSED] - click: Object: 'Object Repository/Final Object Repo/New Registration - Registration Module Pages/Form 2/DatePicker Pop Up' is clicked on

2018-11-23 17:06:01 - [MESSAGE][PASSED] - Object: 'Object Repository/Final Object Repo/New Registration - Registration Module Pages/Form 2/DatePicker Pop Up' is clicked on

2018-11-23 17:06:01 - [TEST_STEP][PASSED] - click: Object: 'Object Repository/Final Object Repo/New Registration - Registration Module Pages/Form 2/DOB Month' is clicked on

2018-11-23 17:06:01 - [MESSAGE][PASSED] - Object: 'Object Repository/Final Object Repo/New Registration - Registration Module Pages/Form 2/DOB Month' is clicked on

2018-11-23 17:06:01 - [TEST_STEP][PASSED] - Statement - CurrentMonth = CurrentMonth: null

2018-11-23 17:06:01 - [TEST_STEP][PASSED] - Statement - selectMonth = new com.kms.katalon.core.testobject.TestObject(): null

2018-11-23 17:06:01 - [TEST_STEP][PASSED] - Statement - selectMonth.addProperty("xpath", EQUALS, "//body/div/div/div/select/option[@value='" + CurrentMonth + "']", true): null

2018-11-23 17:06:01 - [TEST_STEP][PASSED] - click: Object: '' is clicked on

2018-11-23 17:06:01 - [MESSAGE][PASSED] - Object: '' is clicked on

2018-11-23 17:06:01 - [TEST_STEP][PASSED] - click: Object: 'Object Repository/Final Object Repo/New Registration - Registration Module Pages/Form 2/DOB Year' is clicked on

2018-11-23 17:06:02 - [MESSAGE][PASSED] - Object: 'Object Repository/Final Object Repo/New Registration - Registration Module Pages/Form 2/DOB Year' is clicked on

2018-11-23 17:06:02 - [TEST_STEP][PASSED] - Statement - Eyearsbf = EighteenYrsBefore: null

2018-11-23 17:06:02 - [TEST_STEP][PASSED] - Statement - selectYear = new com.kms.katalon.core.testobject.TestObject(): null

2018-11-23 17:06:02 - [TEST_STEP][PASSED] - Statement - selectYear.addProperty("xpath", EQUALS, "//div/div/div/select/option[@value='" + Eyearsbf + "']", true): null

2018-11-23 17:06:02 - [TEST_STEP][PASSED] - click: Object: '' is clicked on

2018-11-23 17:06:02 - [MESSAGE][PASSED] - Object: '' is clicked on

2018-11-23 17:06:02 - [TEST_STEP][PASSED] - Statement - UpdatedSelectDate = com.kms.katalon.core.webui.keyword.WebUiBuiltInKeywords.modifyObjectProperty(com.kms.katalon.core.testobject.ObjectRepository.findTestObject(Final Object Repo/New Registration - Registration Module Pages/Form 2/DOB Date), "xpath", "equals", "//body/div/table/tbody/tr/td/a[text()="" + CurrentDate + ""]", true): Modify property of object successfully

2018-11-23 17:06:02 - [MESSAGE][PASSED] - Modify property of object successfully

2018-11-23 17:06:02 - [TEST_STEP][PASSED] - delay: Delayed 3 second(s)

2018-11-23 17:06:05 - [MESSAGE][PASSED] - Delayed 3 second(s)

2018-11-23 17:06:05 - [TEST_STEP][PASSED] - click: Object: 'Object Repository/Final Object Repo/New Registration - Registration Module Pages/Form 2/DOB Date' is clicked on

2018-11-23 17:06:05 - [MESSAGE][PASSED] - Object: 'Object Repository/Final Object Repo/New Registration - Registration Module Pages/Form 2/DOB Date' is clicked on

2018-11-23 17:06:05 - [TEST_STEP][PASSED] - delay: Delayed 2 second(s)

2018-11-23 17:06:07 - [MESSAGE][PASSED] - Delayed 2 second(s)

2018-11-23 17:06:07 - [TEST_STEP][PASSED] - click: Object: 'Object Repository/Final Object Repo/New Registration - Registration Module Pages/Form 2/EmploymentStartDate Pop Up' is clicked on

2018-11-23 17:06:08 - [MESSAGE][PASSED] - Object: 'Object Repository/Final Object Repo/New Registration - Registration Module Pages/Form 2/EmploymentStartDate Pop Up' is clicked on

2018-11-23 17:06:08 - [TEST_STEP][PASSED] - delay: Delayed 2 second(s)

2018-11-23 17:06:10 - [MESSAGE][PASSED] - Delayed 2 second(s)

2018-11-23 17:06:10 - [TEST_STEP][PASSED] - click: Object: 'Object Repository/Final Object Repo/New Registration - Registration Module Pages/Form 2/Socso Employment StartDate Month' is clicked on

2018-11-23 17:06:10 - [MESSAGE][PASSED] - Object: 'Object Repository/Final Object Repo/New Registration - Registration Module Pages/Form 2/Socso Employment StartDate Month' is clicked on

2018-11-23 17:06:10 - [TEST_STEP][PASSED] - delay: Delayed 1 second(s)

2018-11-23 17:06:11 - [MESSAGE][PASSED] - Delayed 1 second(s)

2018-11-23 17:06:11 - [TEST_STEP][PASSED] - click: Object: 'Object Repository/Final Object Repo/New Registration - Registration Module Pages/Form 2/Select Socso Employement Startdate Month' is clicked on

2018-11-23 17:06:12 - [MESSAGE][PASSED] - Object: 'Object Repository/Final Object Repo/New Registration - Registration Module Pages/Form 2/Select Socso Employement Startdate Month' is clicked on

2018-11-23 17:06:12 - [TEST_STEP][PASSED] - delay: Delayed 2 second(s)

2018-11-23 17:06:14 - [MESSAGE][PASSED] - Delayed 2 second(s)

2018-11-23 17:06:14 - [TEST_STEP][PASSED] - click: Object: 'Object Repository/Final Object Repo/New Registration - Registration Module Pages/Form 2/Socso Employment StartDate Year' is clicked on

2018-11-23 17:06:14 - [MESSAGE][PASSED] - Object: 'Object Repository/Final Object Repo/New Registration - Registration Module Pages/Form 2/Socso Employment StartDate Year' is clicked on

2018-11-23 17:06:14 - [TEST_STEP][PASSED] - delay: Delayed 1 second(s)

2018-11-23 17:06:15 - [MESSAGE][PASSED] - Delayed 1 second(s)

2018-11-23 17:06:15 - [TEST_STEP][PASSED] - click: Object: 'Object Repository/Final Object Repo/New Registration - Registration Module Pages/Form 2/Select Socso Employment Startdate Year' is clicked on

2018-11-23 17:06:16 - [MESSAGE][PASSED] - Object: 'Object Repository/Final Object Repo/New Registration - Registration Module Pages/Form 2/Select Socso Employment Startdate Year' is clicked on

2018-11-23 17:06:16 - [TEST_STEP][PASSED] - delay: Delayed 2 second(s)

2018-11-23 17:06:18 - [MESSAGE][PASSED] - Delayed 2 second(s)

2018-11-23 17:06:18 - [TEST_STEP][PASSED] - click: Object: 'Object Repository/Final Object Repo/New Registration - Registration Module Pages/Form 2/Socso Employment Start Date Day' is clicked on

2018-11-23 17:06:18 - [MESSAGE][PASSED] - Object: 'Object Repository/Final Object Repo/New Registration - Registration Module Pages/Form 2/Socso Employment Start Date Day' is clicked on

2018-11-23 17:06:18 - [TEST_STEP][PASSED] - delay: Delayed 2 second(s)

2018-11-23 17:06:20 - [MESSAGE][PASSED] - Delayed 2 second(s)

2018-11-23 17:06:20 - [TEST_STEP][PASSED] - click: Object: 'Object Repository/Final Object Repo/New Registration - Registration Module Pages/Form 2/Save Button for Add Employee' is clicked on

2018-11-23 17:06:22 - [MESSAGE][PASSED] - Object: 'Object Repository/Final Object Repo/New Registration - Registration Module Pages/Form 2/Save Button for Add Employee' is clicked on

2018-11-23 17:06:22 - [TEST_STEP][PASSED] - delay: Delayed 6 second(s)

2018-11-23 17:06:28 - [MESSAGE][PASSED] - Delayed 6 second(s)

2018-11-23 17:06:28 - [TEST_STEP][PASSED] - click: Object: 'Object Repository/Final Object Repo/New Registration - Registration Module Pages/Form 2/Save and Continue Form 2' is clicked on

2018-11-23 17:06:29 - [MESSAGE][PASSED] - Object: 'Object Repository/Final Object Repo/New Registration - Registration Module Pages/Form 2/Save and Continue Form 2' is clicked on

2018-11-23 17:06:29 - [MESSAGE][PASSED] - Call Test Case 'Test Cases/Final Aug 2018 - PKS Automation/Registration Module/New Registration/Form 2/Add 1 Eligible - Employer Account Use' successfully

2018-11-23 17:06:29 - [TEST_STEP][PASSED] - callTestCase: Call Test Case 'Test Cases/Final Aug 2018 - PKS Automation/Registration Module/New Registration/Flow of New Registration/Third Screen - Upload Supporting Doc - Preview' successfully

2018-11-23 17:06:29 - [TEST_CASE][PASSED] - Test Cases/Final Aug 2018 - PKS Automation/Registration Module/New Registration/Flow of New Registration/Third Screen - Upload Supporting Doc - Preview: Test Cases/Final Aug 2018 - PKS Automation/Registration Module/New Registration/Flow of New Registration/Third Screen - Upload Supporting Doc - Preview

2018-11-23 17:06:30 - [TEST_STEP][PASSED] - waitForPageLoad: Wait for page load successfully

2018-11-23 17:06:30 - [MESSAGE][PASSED] - Wait for page load successfully

2018-11-23 17:06:30 - [TEST_STEP][PASSED] - Statement - CaseReferenceNo = com.kms.katalon.core.webui.keyword.WebUiBuiltInKeywords.getText(com.kms.katalon.core.testobject.ObjectRepository.findTestObject(Final Object Repo/New Registration - Registration Module Pages/Third Screen - Upload Supporting Doc- Preview/RefNo Acquiring)): Text of object 'Object Repository/Final Object Repo/New Registration - Registration Module Pages/Third Screen - Upload Supporting Doc- Preview/RefNo Acquiring' is: 'CRN11201800122749'

2018-11-23 17:06:30 - [MESSAGE][PASSED] - Text of object 'Object Repository/Final Object Repo/New Registration - Registration Module Pages/Third Screen - Upload Supporting Doc- Preview/RefNo Acquiring' is: 'CRN11201800122749'

2018-11-23 17:06:30 - [TEST_STEP][PASSED] - delay: Delayed 2 second(s)

2018-11-23 17:06:32 - [MESSAGE][PASSED] - Delayed 2 second(s)

2018-11-23 17:06:32 - [TEST_STEP][PASSED] - callTestCase: Call Test Case 'Test Cases/Final Aug 2018 - PKS Automation/Common/Reference Number Setter' successfully

2018-11-23 17:06:32 - [TEST_CASE][PASSED] - Test Cases/Final Aug 2018 - PKS Automation/Common/Reference Number Setter: Test Cases/Final Aug 2018 - PKS Automation/Common/Reference Number Setter

2018-11-23 17:06:33 - [TEST_STEP][PASSED] - Statement - RefNoOldFile = new java.io.File(C://Users//Admin//Desktop//PKS//Automation Reference Point//KatalonReference.txt): null

2018-11-23 17:06:33 - [TEST_STEP][PASSED] - Statement - RefNoOldFile.delete(): null

2018-11-23 17:06:33 - [TEST_STEP][PASSED] - delay: Delayed 5 second(s)

2018-11-23 17:06:38 - [MESSAGE][PASSED] - Delayed 5 second(s)

2018-11-23 17:06:38 - [TEST_STEP][PASSED] - Statement - RefNo = new java.io.File(C://Users//Admin//Desktop//PKS//Automation Reference Point//KatalonReference.txt): null

2018-11-23 17:06:38 - [TEST_STEP][PASSED] - Statement - f2 = new java.io.FileWriter(RefNo, false): null

2018-11-23 17:06:38 - [TEST_STEP][PASSED] - Statement - f2.write(CaseReferenceNo): null

2018-11-23 17:06:38 - [TEST_STEP][PASSED] - Statement - f2.close(): null

2018-11-23 17:06:38 - [TEST_STEP][PASSED] - Statement - out.println("


" + CaseReferenceNo + "


"): null

2018-11-23 17:06:38 - [MESSAGE][PASSED] - Call Test Case 'Test Cases/Final Aug 2018 - PKS Automation/Common/Reference Number Setter' successfully

2018-11-23 17:06:38 - [TEST_STEP][PASSED] - waitForElementClickable: Object 'Object Repository/Final Object Repo/New Registration - Registration Module Pages/Third Screen - Upload Supporting Doc- Preview/Save n Continue in SIP Employee Listing Page' is clickable

2018-11-23 17:06:38 - [MESSAGE][PASSED] - Object 'Object Repository/Final Object Repo/New Registration - Registration Module Pages/Third Screen - Upload Supporting Doc- Preview/Save n Continue in SIP Employee Listing Page' is clickable

2018-11-23 17:06:38 - [TEST_STEP][PASSED] - click: Object: 'Object Repository/Final Object Repo/New Registration - Registration Module Pages/Third Screen - Upload Supporting Doc- Preview/Save n Continue in SIP Employee Listing Page' is clicked on

2018-11-23 17:06:43 - [MESSAGE][PASSED] - Object: 'Object Repository/Final Object Repo/New Registration - Registration Module Pages/Third Screen - Upload Supporting Doc- Preview/Save n Continue in SIP Employee Listing Page' is clicked on

2018-11-23 17:06:43 - [TEST_STEP][PASSED] - delay: Delayed 7 second(s)

2018-11-23 17:06:50 - [MESSAGE][PASSED] - Delayed 7 second(s)

2018-11-23 17:06:50 - [TEST_STEP][PASSED] - click: Object: 'Object Repository/Final Object Repo/New Registration - Registration Module Pages/Third Screen - Upload Supporting Doc- Preview/Add Document Button' is clicked on

2018-11-23 17:06:51 - [MESSAGE][PASSED] - Object: 'Object Repository/Final Object Repo/New Registration - Registration Module Pages/Third Screen - Upload Supporting Doc- Preview/Add Document Button' is clicked on

2018-11-23 17:06:51 - [TEST_STEP][PASSED] - delay: Delayed 30 second(s)

2018-11-23 17:07:21 - [MESSAGE][PASSED] - Delayed 30 second(s)

2018-11-23 17:07:21 - [TEST_STEP][PASSED] - click: Object: 'Object Repository/Final Object Repo/New Registration - Registration Module Pages/Third Screen - Upload Supporting Doc- Preview/Supporting Doc Please Select Drop Down' is clicked on

2018-11-23 17:07:21 - [MESSAGE][PASSED] - Object: 'Object Repository/Final Object Repo/New Registration - Registration Module Pages/Third Screen - Upload Supporting Doc- Preview/Supporting Doc Please Select Drop Down' is clicked on

2018-11-23 17:07:21 - [TEST_STEP][PASSED] - delay: Delayed 2 second(s)

2018-11-23 17:07:23 - [MESSAGE][PASSED] - Delayed 2 second(s)

2018-11-23 17:07:23 - [TEST_STEP][PASSED] - click: Object: 'Object Repository/Final Object Repo/New Registration - Registration Module Pages/Third Screen - Upload Supporting Doc- Preview/Select to Upload Form 1' is clicked on

2018-11-23 17:07:24 - [MESSAGE][PASSED] - Object: 'Object Repository/Final Object Repo/New Registration - Registration Module Pages/Third Screen - Upload Supporting Doc- Preview/Select to Upload Form 1' is clicked on

2018-11-23 17:07:24 - [TEST_STEP][PASSED] - delay: Delayed 2 second(s)

2018-11-23 17:07:26 - [MESSAGE][PASSED] - Delayed 2 second(s)

2018-11-23 17:07:26 - [TEST_STEP][PASSED] - uploadFile: File 'C:\Users\Public\Pictures\Sample Pictures\Koala.jpg' sent to object: 'Object Repository/Final Object Repo/New Registration - Registration Module Pages/Third Screen - Upload Supporting Doc- Preview/Upload File Adding'

2018-11-23 17:07:26 - [MESSAGE][PASSED] - File 'C:\Users\Public\Pictures\Sample Pictures\Koala.jpg' sent to object: 'Object Repository/Final Object Repo/New Registration - Registration Module Pages/Third Screen - Upload Supporting Doc- Preview/Upload File Adding'

2018-11-23 17:07:26 - [TEST_STEP][PASSED] - delay: Delayed 5 second(s)

2018-11-23 17:07:31 - [MESSAGE][PASSED] - Delayed 5 second(s)

2018-11-23 17:07:31 - [TEST_STEP][PASSED] - click: Object: 'Object Repository/Final Object Repo/New Registration - Registration Module Pages/Third Screen - Upload Supporting Doc- Preview/Inner Form Add Document Button' is clicked on

2018-11-23 17:07:36 - [MESSAGE][PASSED] - Object: 'Object Repository/Final Object Repo/New Registration - Registration Module Pages/Third Screen - Upload Supporting Doc- Preview/Inner Form Add Document Button' is clicked on

2018-11-23 17:07:36 - [TEST_STEP][PASSED] - delay: Delayed 3 second(s)

2018-11-23 17:07:39 - [MESSAGE][PASSED] - Delayed 3 second(s)

2018-11-23 17:07:39 - [TEST_STEP][PASSED] - click: Object: 'Object Repository/Final Object Repo/New Registration - Registration Module Pages/Third Screen - Upload Supporting Doc- Preview/Add Document Button' is clicked on

2018-11-23 17:07:39 - [MESSAGE][PASSED] - Object: 'Object Repository/Final Object Repo/New Registration - Registration Module Pages/Third Screen - Upload Supporting Doc- Preview/Add Document Button' is clicked on

2018-11-23 17:07:39 - [TEST_STEP][PASSED] - delay: Delayed 30 second(s)

2018-11-23 17:08:09 - [MESSAGE][PASSED] - Delayed 30 second(s)

2018-11-23 17:08:09 - [TEST_STEP][PASSED] - click: Object: 'Object Repository/Final Object Repo/New Registration - Registration Module Pages/Third Screen - Upload Supporting Doc- Preview/Supporting Doc Please Select Drop Down' is clicked on

2018-11-23 17:08:10 - [MESSAGE][PASSED] - Object: 'Object Repository/Final Object Repo/New Registration - Registration Module Pages/Third Screen - Upload Supporting Doc- Preview/Supporting Doc Please Select Drop Down' is clicked on

2018-11-23 17:08:10 - [TEST_STEP][PASSED] - delay: Delayed 2 second(s)

2018-11-23 17:08:12 - [MESSAGE][PASSED] - Delayed 2 second(s)

2018-11-23 17:08:12 - [TEST_STEP][PASSED] - click: Object: 'Object Repository/Final Object Repo/New Registration - Registration Module Pages/Third Screen - Upload Supporting Doc- Preview/Select to Upload Form 2' is clicked on

2018-11-23 17:08:12 - [MESSAGE][PASSED] - Object: 'Object Repository/Final Object Repo/New Registration - Registration Module Pages/Third Screen - Upload Supporting Doc- Preview/Select to Upload Form 2' is clicked on

2018-11-23 17:08:12 - [TEST_STEP][PASSED] - delay: Delayed 2 second(s)

2018-11-23 17:08:14 - [MESSAGE][PASSED] - Delayed 2 second(s)

2018-11-23 17:08:14 - [TEST_STEP][PASSED] - uploadFile: File 'C:\Users\Public\Pictures\Sample Pictures\Koala.jpg' sent to object: 'Object Repository/Final Object Repo/New Registration - Registration Module Pages/Third Screen - Upload Supporting Doc- Preview/Upload File Adding'

2018-11-23 17:08:14 - [MESSAGE][PASSED] - File 'C:\Users\Public\Pictures\Sample Pictures\Koala.jpg' sent to object: 'Object Repository/Final Object Repo/New Registration - Registration Module Pages/Third Screen - Upload Supporting Doc- Preview/Upload File Adding'

2018-11-23 17:08:14 - [TEST_STEP][PASSED] - click: Object: 'Object Repository/Final Object Repo/New Registration - Registration Module Pages/Third Screen - Upload Supporting Doc- Preview/Inner Form Add Document Button' is clicked on

2018-11-23 17:08:19 - [MESSAGE][PASSED] - Object: 'Object Repository/Final Object Repo/New Registration - Registration Module Pages/Third Screen - Upload Supporting Doc- Preview/Inner Form Add Document Button' is clicked on

2018-11-23 17:08:19 - [TEST_STEP][PASSED] - delay: Delayed 5 second(s)

2018-11-23 17:08:24 - [MESSAGE][PASSED] - Delayed 5 second(s)

2018-11-23 17:08:24 - [TEST_STEP][PASSED] - click: Object: 'Object Repository/Final Object Repo/New Registration - Registration Module Pages/Third Screen - Upload Supporting Doc- Preview/Add Document Button' is clicked on

2018-11-23 17:08:25 - [MESSAGE][PASSED] - Object: 'Object Repository/Final Object Repo/New Registration - Registration Module Pages/Third Screen - Upload Supporting Doc- Preview/Add Document Button' is clicked on

2018-11-23 17:08:25 - [TEST_STEP][PASSED] - delay: Delayed 30 second(s)

2018-11-23 17:08:55 - [MESSAGE][PASSED] - Delayed 30 second(s)

2018-11-23 17:08:55 - [TEST_STEP][PASSED] - click: Object: 'Object Repository/Final Object Repo/New Registration - Registration Module Pages/Third Screen - Upload Supporting Doc- Preview/Supporting Doc Please Select Drop Down' is clicked on

2018-11-23 17:08:55 - [MESSAGE][PASSED] - Object: 'Object Repository/Final Object Repo/New Registration - Registration Module Pages/Third Screen - Upload Supporting Doc- Preview/Supporting Doc Please Select Drop Down' is clicked on

2018-11-23 17:08:55 - [TEST_STEP][PASSED] - click: Object: 'Object Repository/Final Object Repo/New Registration - Registration Module Pages/Third Screen - Upload Supporting Doc- Preview/Select to Upload Borang SIP 1' is clicked on

2018-11-23 17:08:56 - [MESSAGE][PASSED] - Object: 'Object Repository/Final Object Repo/New Registration - Registration Module Pages/Third Screen - Upload Supporting Doc- Preview/Select to Upload Borang SIP 1' is clicked on

2018-11-23 17:08:56 - [TEST_STEP][PASSED] - delay: Delayed 2 second(s)

2018-11-23 17:08:58 - [MESSAGE][PASSED] - Delayed 2 second(s)

2018-11-23 17:08:58 - [TEST_STEP][PASSED] - uploadFile: File 'C:\Users\Public\Pictures\Sample Pictures\Koala.jpg' sent to object: 'Object Repository/Final Object Repo/New Registration - Registration Module Pages/Third Screen - Upload Supporting Doc- Preview/Upload File Adding'

2018-11-23 17:08:58 - [MESSAGE][PASSED] - File 'C:\Users\Public\Pictures\Sample Pictures\Koala.jpg' sent to object: 'Object Repository/Final Object Repo/New Registration - Registration Module Pages/Third Screen - Upload Supporting Doc- Preview/Upload File Adding'

2018-11-23 17:08:58 - [TEST_STEP][PASSED] - click: Object: 'Object Repository/Final Object Repo/New Registration - Registration Module Pages/Third Screen - Upload Supporting Doc- Preview/Inner Form Add Document Button' is clicked on

2018-11-23 17:09:03 - [MESSAGE][PASSED] - Object: 'Object Repository/Final Object Repo/New Registration - Registration Module Pages/Third Screen - Upload Supporting Doc- Preview/Inner Form Add Document Button' is clicked on

2018-11-23 17:09:03 - [TEST_STEP][PASSED] - delay: Delayed 5 second(s)

2018-11-23 17:09:08 - [MESSAGE][PASSED] - Delayed 5 second(s)

2018-11-23 17:09:08 - [TEST_STEP][PASSED] - click: Object: 'Object Repository/Final Object Repo/New Registration - Registration Module Pages/Third Screen - Upload Supporting Doc- Preview/Add Document Button' is clicked on

2018-11-23 17:09:08 - [MESSAGE][PASSED] - Object: 'Object Repository/Final Object Repo/New Registration - Registration Module Pages/Third Screen - Upload Supporting Doc- Preview/Add Document Button' is clicked on

2018-11-23 17:09:08 - [TEST_STEP][PASSED] - delay: Delayed 30 second(s)

2018-11-23 17:09:38 - [MESSAGE][PASSED] - Delayed 30 second(s)

2018-11-23 17:09:38 - [TEST_STEP][PASSED] - click: Object: 'Object Repository/Final Object Repo/New Registration - Registration Module Pages/Third Screen - Upload Supporting Doc- Preview/Supporting Doc Please Select Drop Down' is clicked on

2018-11-23 17:09:39 - [MESSAGE][PASSED] - Object: 'Object Repository/Final Object Repo/New Registration - Registration Module Pages/Third Screen - Upload Supporting Doc- Preview/Supporting Doc Please Select Drop Down' is clicked on

2018-11-23 17:09:39 - [TEST_STEP][PASSED] - delay: Delayed 3 second(s)

2018-11-23 17:09:42 - [MESSAGE][PASSED] - Delayed 3 second(s)

2018-11-23 17:09:42 - [TEST_STEP][PASSED] - click: Object: 'Object Repository/Final Object Repo/New Registration - Registration Module Pages/Third Screen - Upload Supporting Doc- Preview/Select to Upload Borang SIP 2' is clicked on

2018-11-23 17:09:42 - [MESSAGE][PASSED] - Object: 'Object Repository/Final Object Repo/New Registration - Registration Module Pages/Third Screen - Upload Supporting Doc- Preview/Select to Upload Borang SIP 2' is clicked on

2018-11-23 17:09:42 - [TEST_STEP][PASSED] - delay: Delayed 2 second(s)

2018-11-23 17:09:44 - [MESSAGE][PASSED] - Delayed 2 second(s)

2018-11-23 17:09:44 - [TEST_STEP][PASSED] - uploadFile: File 'C:\Users\Public\Pictures\Sample Pictures\Koala.jpg' sent to object: 'Object Repository/Final Object Repo/New Registration - Registration Module Pages/Third Screen - Upload Supporting Doc- Preview/Upload File Adding'

2018-11-23 17:09:44 - [MESSAGE][PASSED] - File 'C:\Users\Public\Pictures\Sample Pictures\Koala.jpg' sent to object: 'Object Repository/Final Object Repo/New Registration - Registration Module Pages/Third Screen - Upload Supporting Doc- Preview/Upload File Adding'

2018-11-23 17:09:44 - [TEST_STEP][PASSED] - delay: Delayed 5 second(s)

2018-11-23 17:09:49 - [MESSAGE][PASSED] - Delayed 5 second(s)

2018-11-23 17:09:49 - [TEST_STEP][PASSED] - click: Object: 'Object Repository/Final Object Repo/New Registration - Registration Module Pages/Third Screen - Upload Supporting Doc- Preview/Inner Form Add Document Button' is clicked on

2018-11-23 17:09:54 - [MESSAGE][PASSED] - Object: 'Object Repository/Final Object Repo/New Registration - Registration Module Pages/Third Screen - Upload Supporting Doc- Preview/Inner Form Add Document Button' is clicked on

2018-11-23 17:09:54 - [TEST_STEP][PASSED] - delay: Delayed 3 second(s)

2018-11-23 17:09:57 - [MESSAGE][PASSED] - Delayed 3 second(s)

2018-11-23 17:09:57 - [TEST_STEP][PASSED] - waitForElementClickable: Object 'Object Repository/Final Object Repo/New Registration - Registration Module Pages/Third Screen - Upload Supporting Doc- Preview/Save n Continue in Uploading Supporting Doc Page' is clickable

2018-11-23 17:09:57 - [MESSAGE][PASSED] - Object 'Object Repository/Final Object Repo/New Registration - Registration Module Pages/Third Screen - Upload Supporting Doc- Preview/Save n Continue in Uploading Supporting Doc Page' is clickable

2018-11-23 17:09:57 - [TEST_STEP][PASSED] - click: Object: 'Object Repository/Final Object Repo/New Registration - Registration Module Pages/Third Screen - Upload Supporting Doc- Preview/Save n Continue in Uploading Supporting Doc Page' is clicked on

2018-11-23 17:10:02 - [MESSAGE][PASSED] - Object: 'Object Repository/Final Object Repo/New Registration - Registration Module Pages/Third Screen - Upload Supporting Doc- Preview/Save n Continue in Uploading Supporting Doc Page' is clicked on

2018-11-23 17:10:02 - [MESSAGE][PASSED] - Call Test Case 'Test Cases/Final Aug 2018 - PKS Automation/Registration Module/New Registration/Flow of New Registration/Third Screen - Upload Supporting Doc - Preview' successfully

2018-11-23 17:10:02 - [TEST_STEP][PASSED] - setText: Text 'Tester' is set on object 'Object Repository/Final Object Repo/New Registration - Registration Module Pages/New Reg - OTC to RO/Special Case - All Related Objects/Employer Preview Name'

2018-11-23 17:10:02 - [MESSAGE][PASSED] - Text 'Tester' is set on object 'Object Repository/Final Object Repo/New Registration - Registration Module Pages/New Reg - OTC to RO/Special Case - All Related Objects/Employer Preview Name'

2018-11-23 17:10:02 - [TEST_STEP][PASSED] - click: Object: 'Object Repository/Final Object Repo/New Registration - Registration Module Pages/New Reg - OTC to RO/Special Case - All Related Objects/IC Type Drop Down' is clicked on

2018-11-23 17:10:03 - [MESSAGE][PASSED] - Object: 'Object Repository/Final Object Repo/New Registration - Registration Module Pages/New Reg - OTC to RO/Special Case - All Related Objects/IC Type Drop Down' is clicked on

2018-11-23 17:10:03 - [TEST_STEP][PASSED] - click: Object: 'Object Repository/Final Object Repo/New Registration - Registration Module Pages/New Reg - OTC to RO/Special Case - All Related Objects/Select to NRIC' is clicked on

2018-11-23 17:10:03 - [MESSAGE][PASSED] - Object: 'Object Repository/Final Object Repo/New Registration - Registration Module Pages/New Reg - OTC to RO/Special Case - All Related Objects/Select to NRIC' is clicked on

2018-11-23 17:10:03 - [TEST_STEP][PASSED] - setText: Text '133245561223' is set on object 'Object Repository/Final Object Repo/New Registration - Registration Module Pages/New Reg - OTC to RO/Special Case - All Related Objects/IC Value'

2018-11-23 17:10:04 - [MESSAGE][PASSED] - Text '133245561223' is set on object 'Object Repository/Final Object Repo/New Registration - Registration Module Pages/New Reg - OTC to RO/Special Case - All Related Objects/IC Value'

2018-11-23 17:10:04 - [TEST_STEP][PASSED] - setText: Text 'Auto' is set on object 'Object Repository/Final Object Repo/New Registration - Registration Module Pages/New Reg - OTC to RO/Special Case - All Related Objects/Designation'

2018-11-23 17:10:04 - [MESSAGE][PASSED] - Text 'Auto' is set on object 'Object Repository/Final Object Repo/New Registration - Registration Module Pages/New Reg - OTC to RO/Special Case - All Related Objects/Designation'

2018-11-23 17:10:04 - [TEST_STEP][PASSED] - callTestCase: Call Test Case 'Test Cases/Final Aug 2018 - PKS Automation/Registration Module/New Registration/Submit and Screenshot/Submit Registration and Screenshot - Copy' successfully

2018-11-23 17:10:04 - [TEST_CASE][PASSED] - Test Cases/Final Aug 2018 - PKS Automation/Registration Module/New Registration/Submit and Screenshot/Submit Registration and Screenshot - Copy: Test Cases/Final Aug 2018 - PKS Automation/Registration Module/New Registration/Submit and Screenshot/Submit Registration and Screenshot - Copy

2018-11-23 17:10:04 - [TEST_STEP][PASSED] - delay: Delayed 6 second(s)

2018-11-23 17:10:10 - [MESSAGE][PASSED] - Delayed 6 second(s)

2018-11-23 17:10:10 - [TEST_STEP][PASSED] - click: Object: 'Object Repository/Final Object Repo/New Registration - Registration Module Pages/Third Screen - Upload Supporting Doc- Preview/Preview Submit Button' is clicked on

2018-11-23 17:10:11 - [MESSAGE][PASSED] - Object: 'Object Repository/Final Object Repo/New Registration - Registration Module Pages/Third Screen - Upload Supporting Doc- Preview/Preview Submit Button' is clicked on

2018-11-23 17:10:11 - [TEST_STEP][PASSED] - delay: Delayed 2 second(s)

2018-11-23 17:10:13 - [MESSAGE][PASSED] - Delayed 2 second(s)

2018-11-23 17:10:13 - [TEST_STEP][PASSED] - click: Object: 'Object Repository/Final Object Repo/New Registration - Registration Module Pages/Third Screen - Upload Supporting Doc- Preview/Preview Submit - Confirm' is clicked on

2018-11-23 17:10:18 - [MESSAGE][PASSED] - Object: 'Object Repository/Final Object Repo/New Registration - Registration Module Pages/Third Screen - Upload Supporting Doc- Preview/Preview Submit - Confirm' is clicked on

2018-11-23 17:10:18 - [TEST_STEP][PASSED] - delay: Delayed 15 second(s)

2018-11-23 17:10:33 - [MESSAGE][PASSED] - Delayed 15 second(s)

2018-11-23 17:10:33 - [TEST_STEP][PASSED] - Statement - driver = com.kms.katalon.core.webui.driver.DriverFactory.getWebDriver(): null

2018-11-23 17:10:33 - [TEST_STEP][PASSED] - Statement - driver.manage().timeouts().implicitlyWait(10, SECONDS): null

2018-11-23 17:10:33 - [TEST_STEP][PASSED] - Statement - PresavePath = KatalonScreenshots: null

2018-11-23 17:10:33 - [TEST_STEP][PASSED] - Statement - pathPrefix = "C:\Users\Public\Pictures\Sample Pictures\Katalon Screenshots\Automate Ending Screen": null

2018-11-23 17:10:33 - [TEST_STEP][PASSED] - Statement - finalPath = <not implemented yet for class: org.codehaus.groovy.ast.expr.EmptyExpression>: null

2018-11-23 17:10:33 - [TEST_STEP][PASSED] - Statement - scrFile = driver.getScreenshotAs(FILE): null

2018-11-23 17:10:33 - [TEST_STEP][PASSED] - Statement - PreSaveFile = new java.io.File(PresavePath): null

2018-11-23 17:10:33 - [TEST_STEP][PASSED] - Statement - counter = 0: null

2018-11-23 17:10:33 - [TEST_STEP][PASSED] - Statement - If (PreSaveFile.exists()): null

2018-11-23 17:10:33 - [TEST_STEP][PASSED] - Statement - While (PreSaveFile.exists()): null

2018-11-23 17:10:33 - [TEST_STEP][PASSED] - Statement - counter = counter + 1: null

2018-11-23 17:10:33 - [TEST_STEP][PASSED] - Statement - PreSaveFile = new java.io.File(((pathPrefix + java.lang.Integer.toString(counter)) + .png)): null

2018-11-23 17:10:33 - [TEST_STEP][PASSED] - Statement - counter = counter + 1: null

2018-11-23 17:10:33 - [TEST_STEP][PASSED] - Statement - PreSaveFile = new java.io.File(((pathPrefix + java.lang.Integer.toString(counter)) + .png)): null

2018-11-23 17:10:33 - [TEST_STEP][PASSED] - Statement - counter = counter + 1: null

2018-11-23 17:10:33 - [TEST_STEP][PASSED] - Statement - PreSaveFile = new java.io.File(((pathPrefix + java.lang.Integer.toString(counter)) + .png)): null

2018-11-23 17:10:33 - [TEST_STEP][PASSED] - Statement - counter = counter + 1: null

2018-11-23 17:10:33 - [TEST_STEP][PASSED] - Statement - PreSaveFile = new java.io.File(((pathPrefix + java.lang.Integer.toString(counter)) + .png)): null

2018-11-23 17:10:33 - [TEST_STEP][PASSED] - Statement - counter = counter + 1: null

2018-11-23 17:10:33 - [TEST_STEP][PASSED] - Statement - PreSaveFile = new java.io.File(((pathPrefix + java.lang.Integer.toString(counter)) + .png)): null

2018-11-23 17:10:33 - [TEST_STEP][PASSED] - Statement - counter = counter + 1: null

2018-11-23 17:10:33 - [TEST_STEP][PASSED] - Statement - PreSaveFile = new java.io.File(((pathPrefix + java.lang.Integer.toString(counter)) + .png)): null

2018-11-23 17:10:33 - [TEST_STEP][PASSED] - Statement - counter = counter + 1: null

2018-11-23 17:10:33 - [TEST_STEP][PASSED] - Statement - PreSaveFile = new java.io.File(((pathPrefix + java.lang.Integer.toString(counter)) + .png)): null

2018-11-23 17:10:33 - [TEST_STEP][PASSED] - Statement - counter = counter + 1: null

2018-11-23 17:10:33 - [TEST_STEP][PASSED] - Statement - PreSaveFile = new java.io.File(((pathPrefix + java.lang.Integer.toString(counter)) + .png)): null

2018-11-23 17:10:33 - [TEST_STEP][PASSED] - Statement - counter = counter + 1: null

2018-11-23 17:10:33 - [TEST_STEP][PASSED] - Statement - PreSaveFile = new java.io.File(((pathPrefix + java.lang.Integer.toString(counter)) + .png)): null

2018-11-23 17:10:33 - [TEST_STEP][PASSED] - Statement - counter = counter + 1: null

2018-11-23 17:10:33 - [TEST_STEP][PASSED] - Statement - PreSaveFile = new java.io.File(((pathPrefix + java.lang.Integer.toString(counter)) + .png)): null

2018-11-23 17:10:33 - [TEST_STEP][PASSED] - Statement - counter = counter + 1: null

2018-11-23 17:10:33 - [TEST_STEP][PASSED] - Statement - PreSaveFile = new java.io.File(((pathPrefix + java.lang.Integer.toString(counter)) + .png)): null

2018-11-23 17:10:33 - [TEST_STEP][PASSED] - Statement - counter = counter + 1: null

2018-11-23 17:10:33 - [TEST_STEP][PASSED] - Statement - PreSaveFile = new java.io.File(((pathPrefix + java.lang.Integer.toString(counter)) + .png)): null

2018-11-23 17:10:33 - [TEST_STEP][PASSED] - Statement - counter = counter + 1: null

2018-11-23 17:10:33 - [TEST_STEP][PASSED] - Statement - PreSaveFile = new java.io.File(((pathPrefix + java.lang.Integer.toString(counter)) + .png)): null

2018-11-23 17:10:33 - [TEST_STEP][PASSED] - Statement - counter = counter + 1: null

2018-11-23 17:10:33 - [TEST_STEP][PASSED] - Statement - PreSaveFile = new java.io.File(((pathPrefix + java.lang.Integer.toString(counter)) + .png)): null

2018-11-23 17:10:33 - [TEST_STEP][PASSED] - Statement - counter = counter + 1: null

2018-11-23 17:10:33 - [TEST_STEP][PASSED] - Statement - PreSaveFile = new java.io.File(((pathPrefix + java.lang.Integer.toString(counter)) + .png)): null

2018-11-23 17:10:33 - [TEST_STEP][PASSED] - Statement - counter = counter + 1: null

2018-11-23 17:10:33 - [TEST_STEP][PASSED] - Statement - PreSaveFile = new java.io.File(((pathPrefix + java.lang.Integer.toString(counter)) + .png)): null

2018-11-23 17:10:33 - [TEST_STEP][PASSED] - Statement - counter = counter + 1: null

2018-11-23 17:10:34 - [TEST_STEP][PASSED] - Statement - PreSaveFile = new java.io.File(((pathPrefix + java.lang.Integer.toString(counter)) + .png)): null

2018-11-23 17:10:34 - [TEST_STEP][PASSED] - Statement - counter = counter + 1: null

2018-11-23 17:10:34 - [TEST_STEP][PASSED] - Statement - PreSaveFile = new java.io.File(((pathPrefix + java.lang.Integer.toString(counter)) + .png)): null

2018-11-23 17:10:34 - [TEST_STEP][PASSED] - Statement - counter = counter + 1: null

2018-11-23 17:10:34 - [TEST_STEP][PASSED] - Statement - PreSaveFile = new java.io.File(((pathPrefix + java.lang.Integer.toString(counter)) + .png)): null

2018-11-23 17:10:34 - [TEST_STEP][PASSED] - Statement - counter = counter + 1: null

2018-11-23 17:10:34 - [TEST_STEP][PASSED] - Statement - PreSaveFile = new java.io.File(((pathPrefix + java.lang.Integer.toString(counter)) + .png)): null

2018-11-23 17:10:34 - [TEST_STEP][PASSED] - Statement - counter = counter + 1: null

2018-11-23 17:10:34 - [TEST_STEP][PASSED] - Statement - PreSaveFile = new java.io.File(((pathPrefix + java.lang.Integer.toString(counter)) + .png)): null

2018-11-23 17:10:34 - [TEST_STEP][PASSED] - Statement - counter = counter + 1: null

2018-11-23 17:10:34 - [TEST_STEP][PASSED] - Statement - PreSaveFile = new java.io.File(((pathPrefix + java.lang.Integer.toString(counter)) + .png)): null

2018-11-23 17:10:34 - [TEST_STEP][PASSED] - Statement - counter = counter + 1: null

2018-11-23 17:10:34 - [TEST_STEP][PASSED] - Statement - PreSaveFile = new java.io.File(((pathPrefix + java.lang.Integer.toString(counter)) + .png)): null

2018-11-23 17:10:34 - [TEST_STEP][PASSED] - Statement - counter = counter + 1: null

2018-11-23 17:10:34 - [TEST_STEP][PASSED] - Statement - PreSaveFile = new java.io.File(((pathPrefix + java.lang.Integer.toString(counter)) + .png)): null

2018-11-23 17:10:34 - [TEST_STEP][PASSED] - Statement - counter = counter + 1: null

2018-11-23 17:10:34 - [TEST_STEP][PASSED] - Statement - PreSaveFile = new java.io.File(((pathPrefix + java.lang.Integer.toString(counter)) + .png)): null

2018-11-23 17:10:34 - [TEST_STEP][PASSED] - Statement - counter = counter + 1: null

2018-11-23 17:10:34 - [TEST_STEP][PASSED] - Statement - PreSaveFile = new java.io.File(((pathPrefix + java.lang.Integer.toString(counter)) + .png)): null

2018-11-23 17:10:34 - [TEST_STEP][PASSED] - Statement - counter = counter + 1: null

2018-11-23 17:10:34 - [TEST_STEP][PASSED] - Statement - PreSaveFile = new java.io.File(((pathPrefix + java.lang.Integer.toString(counter)) + .png)): null

2018-11-23 17:10:34 - [TEST_STEP][PASSED] - Statement - counter = counter + 1: null

2018-11-23 17:10:35 - [TEST_STEP][PASSED] - Statement - PreSaveFile = new java.io.File(((pathPrefix + java.lang.Integer.toString(counter)) + .png)): null

2018-11-23 17:10:35 - [TEST_STEP][PASSED] - Statement - counter = counter + 1: null

2018-11-23 17:10:35 - [TEST_STEP][PASSED] - Statement - PreSaveFile = new java.io.File(((pathPrefix + java.lang.Integer.toString(counter)) + .png)): null

2018-11-23 17:10:35 - [TEST_STEP][PASSED] - Statement - counter = counter + 1: null

2018-11-23 17:10:35 - [TEST_STEP][PASSED] - Statement - PreSaveFile = new java.io.File(((pathPrefix + java.lang.Integer.toString(counter)) + .png)): null

2018-11-23 17:10:35 - [TEST_STEP][PASSED] - Statement - counter = counter + 1: null

2018-11-23 17:10:35 - [TEST_STEP][PASSED] - Statement - PreSaveFile = new java.io.File(((pathPrefix + java.lang.Integer.toString(counter)) + .png)): null

2018-11-23 17:10:35 - [TEST_STEP][PASSED] - Statement - counter = counter + 1: null

2018-11-23 17:10:35 - [TEST_STEP][PASSED] - Statement - PreSaveFile = new java.io.File(((pathPrefix + java.lang.Integer.toString(counter)) + .png)): null

2018-11-23 17:10:35 - [TEST_STEP][PASSED] - Statement - counter = counter + 1: null

2018-11-23 17:10:36 - [TEST_STEP][PASSED] - Statement - PreSaveFile = new java.io.File(((pathPrefix + java.lang.Integer.toString(counter)) + .png)): null

2018-11-23 17:10:36 - [TEST_STEP][PASSED] - Statement - counter = counter + 1: null

2018-11-23 17:10:36 - [TEST_STEP][PASSED] - Statement - PreSaveFile = new java.io.File(((pathPrefix + java.lang.Integer.toString(counter)) + .png)): null

2018-11-23 17:10:36 - [TEST_STEP][PASSED] - Statement - counter = counter + 1: null

2018-11-23 17:10:36 - [TEST_STEP][PASSED] - Statement - PreSaveFile = new java.io.File(((pathPrefix + java.lang.Integer.toString(counter)) + .png)): null

2018-11-23 17:10:36 - [TEST_STEP][PASSED] - Statement - counter = counter + 1: null

2018-11-23 17:10:36 - [TEST_STEP][PASSED] - Statement - PreSaveFile = new java.io.File(((pathPrefix + java.lang.Integer.toString(counter)) + .png)): null

2018-11-23 17:10:36 - [TEST_STEP][PASSED] - Statement - counter = counter + 1: null

2018-11-23 17:10:36 - [TEST_STEP][PASSED] - Statement - PreSaveFile = new java.io.File(((pathPrefix + java.lang.Integer.toString(counter)) + .png)): null

2018-11-23 17:10:36 - [TEST_STEP][PASSED] - Statement - counter = counter + 1: null

2018-11-23 17:10:36 - [TEST_STEP][PASSED] - Statement - PreSaveFile = new java.io.File(((pathPrefix + java.lang.Integer.toString(counter)) + .png)): null

2018-11-23 17:10:36 - [TEST_STEP][PASSED] - Statement - counter = counter + 1: null

2018-11-23 17:10:36 - [TEST_STEP][PASSED] - Statement - PreSaveFile = new java.io.File(((pathPrefix + java.lang.Integer.toString(counter)) + .png)): null

2018-11-23 17:10:36 - [TEST_STEP][PASSED] - Statement - counter = counter + 1: null

2018-11-23 17:10:36 - [TEST_STEP][PASSED] - Statement - PreSaveFile = new java.io.File(((pathPrefix + java.lang.Integer.toString(counter)) + .png)): null

2018-11-23 17:10:36 - [TEST_STEP][PASSED] - Statement - counter = counter + 1: null

2018-11-23 17:10:36 - [TEST_STEP][PASSED] - Statement - PreSaveFile = new java.io.File(((pathPrefix + java.lang.Integer.toString(counter)) + .png)): null

2018-11-23 17:10:36 - [TEST_STEP][PASSED] - Statement - counter = counter + 1: null

2018-11-23 17:10:36 - [TEST_STEP][PASSED] - Statement - PreSaveFile = new java.io.File(((pathPrefix + java.lang.Integer.toString(counter)) + .png)): null

2018-11-23 17:10:36 - [TEST_STEP][PASSED] - Statement - counter = counter + 1: null

2018-11-23 17:10:36 - [TEST_STEP][PASSED] - Statement - PreSaveFile = new java.io.File(((pathPrefix + java.lang.Integer.toString(counter)) + .png)): null

2018-11-23 17:10:36 - [TEST_STEP][PASSED] - Statement - counter = counter + 1: null

2018-11-23 17:10:36 - [TEST_STEP][PASSED] - Statement - PreSaveFile = new java.io.File(((pathPrefix + java.lang.Integer.toString(counter)) + .png)): null

2018-11-23 17:10:36 - [TEST_STEP][PASSED] - Statement - counter = counter + 1: null

2018-11-23 17:10:36 - [TEST_STEP][PASSED] - Statement - PreSaveFile = new java.io.File(((pathPrefix + java.lang.Integer.toString(counter)) + .png)): null

2018-11-23 17:10:36 - [TEST_STEP][PASSED] - Statement - counter = counter + 1: null

2018-11-23 17:10:36 - [TEST_STEP][PASSED] - Statement - PreSaveFile = new java.io.File(((pathPrefix + java.lang.Integer.toString(counter)) + .png)): null

2018-11-23 17:10:36 - [TEST_STEP][PASSED] - Statement - counter = counter + 1: null

2018-11-23 17:10:36 - [TEST_STEP][PASSED] - Statement - PreSaveFile = new java.io.File(((pathPrefix + java.lang.Integer.toString(counter)) + .png)): null

2018-11-23 17:10:37 - [TEST_STEP][PASSED] - Statement - counter = counter + 1: null

2018-11-23 17:10:37 - [TEST_STEP][PASSED] - Statement - PreSaveFile = new java.io.File(((pathPrefix + java.lang.Integer.toString(counter)) + .png)): null

2018-11-23 17:10:37 - [TEST_STEP][PASSED] - Statement - counter = counter + 1: null

2018-11-23 17:10:37 - [TEST_STEP][PASSED] - Statement - PreSaveFile = new java.io.File(((pathPrefix + java.lang.Integer.toString(counter)) + .png)): null

2018-11-23 17:10:37 - [TEST_STEP][PASSED] - Statement - counter = counter + 1: null

2018-11-23 17:10:37 - [TEST_STEP][PASSED] - Statement - PreSaveFile = new java.io.File(((pathPrefix + java.lang.Integer.toString(counter)) + .png)): null

2018-11-23 17:10:37 - [TEST_STEP][PASSED] - Statement - counter = counter + 1: null

2018-11-23 17:10:37 - [TEST_STEP][PASSED] - Statement - PreSaveFile = new java.io.File(((pathPrefix + java.lang.Integer.toString(counter)) + .png)): null

2018-11-23 17:10:37 - [TEST_STEP][PASSED] - Statement - counter = counter + 1: null

2018-11-23 17:10:38 - [TEST_STEP][PASSED] - Statement - PreSaveFile = new java.io.File(((pathPrefix + java.lang.Integer.toString(counter)) + .png)): null

2018-11-23 17:10:38 - [TEST_STEP][PASSED] - Statement - counter = counter + 1: null

2018-11-23 17:10:38 - [TEST_STEP][PASSED] - Statement - PreSaveFile = new java.io.File(((pathPrefix + java.lang.Integer.toString(counter)) + .png)): null

2018-11-23 17:10:38 - [TEST_STEP][PASSED] - Statement - counter = counter + 1: null

2018-11-23 17:10:38 - [TEST_STEP][PASSED] - Statement - PreSaveFile = new java.io.File(((pathPrefix + java.lang.Integer.toString(counter)) + .png)): null

2018-11-23 17:10:38 - [TEST_STEP][PASSED] - Statement - counter = counter + 1: null

2018-11-23 17:10:38 - [TEST_STEP][PASSED] - Statement - PreSaveFile = new java.io.File(((pathPrefix + java.lang.Integer.toString(counter)) + .png)): null

2018-11-23 17:10:38 - [TEST_STEP][PASSED] - Statement - counter = counter + 1: null

2018-11-23 17:10:38 - [TEST_STEP][PASSED] - Statement - PreSaveFile = new java.io.File(((pathPrefix + java.lang.Integer.toString(counter)) + .png)): null

2018-11-23 17:10:38 - [TEST_STEP][PASSED] - Statement - counter = counter + 1: null

2018-11-23 17:10:39 - [TEST_STEP][PASSED] - Statement - PreSaveFile = new java.io.File(((pathPrefix + java.lang.Integer.toString(counter)) + .png)): null

2018-11-23 17:10:39 - [TEST_STEP][PASSED] - Statement - counter = counter + 1: null

2018-11-23 17:10:39 - [TEST_STEP][PASSED] - Statement - PreSaveFile = new java.io.File(((pathPrefix + java.lang.Integer.toString(counter)) + .png)): null

2018-11-23 17:10:39 - [TEST_STEP][PASSED] - Statement - counter = counter + 1: null

2018-11-23 17:10:39 - [TEST_STEP][PASSED] - Statement - PreSaveFile = new java.io.File(((pathPrefix + java.lang.Integer.toString(counter)) + .png)): null

2018-11-23 17:10:39 - [TEST_STEP][PASSED] - Statement - counter = counter + 1: null

2018-11-23 17:10:39 - [TEST_STEP][PASSED] - Statement - PreSaveFile = new java.io.File(((pathPrefix + java.lang.Integer.toString(counter)) + .png)): null

2018-11-23 17:10:39 - [TEST_STEP][PASSED] - Statement - counter = counter + 1: null

2018-11-23 17:10:39 - [TEST_STEP][PASSED] - Statement - PreSaveFile = new java.io.File(((pathPrefix + java.lang.Integer.toString(counter)) + .png)): null

2018-11-23 17:10:40 - [TEST_STEP][PASSED] - Statement - counter = counter + 1: null

2018-11-23 17:10:40 - [TEST_STEP][PASSED] - Statement - PreSaveFile = new java.io.File(((pathPrefix + java.lang.Integer.toString(counter)) + .png)): null

2018-11-23 17:10:40 - [TEST_STEP][PASSED] - Statement - counter = counter + 1: null

2018-11-23 17:10:40 - [TEST_STEP][PASSED] - Statement - PreSaveFile = new java.io.File(((pathPrefix + java.lang.Integer.toString(counter)) + .png)): null

2018-11-23 17:10:40 - [TEST_STEP][PASSED] - Statement - counter = counter + 1: null

2018-11-23 17:10:40 - [TEST_STEP][PASSED] - Statement - PreSaveFile = new java.io.File(((pathPrefix + java.lang.Integer.toString(counter)) + .png)): null

2018-11-23 17:10:40 - [TEST_STEP][PASSED] - Statement - counter = counter + 1: null

2018-11-23 17:10:40 - [TEST_STEP][PASSED] - Statement - PreSaveFile = new java.io.File(((pathPrefix + java.lang.Integer.toString(counter)) + .png)): null

2018-11-23 17:10:40 - [TEST_STEP][PASSED] - Statement - counter = counter + 1: null

2018-11-23 17:10:40 - [TEST_STEP][PASSED] - Statement - PreSaveFile = new java.io.File(((pathPrefix + java.lang.Integer.toString(counter)) + .png)): null

2018-11-23 17:10:40 - [TEST_STEP][PASSED] - Statement - counter = counter + 1: null

2018-11-23 17:10:40 - [TEST_STEP][PASSED] - Statement - PreSaveFile = new java.io.File(((pathPrefix + java.lang.Integer.toString(counter)) + .png)): null

2018-11-23 17:10:40 - [TEST_STEP][PASSED] - Statement - counter = counter + 1: null

2018-11-23 17:10:40 - [TEST_STEP][PASSED] - Statement - PreSaveFile = new java.io.File(((pathPrefix + java.lang.Integer.toString(counter)) + .png)): null

2018-11-23 17:10:40 - [TEST_STEP][PASSED] - Statement - counter = counter + 1: null

2018-11-23 17:10:40 - [TEST_STEP][PASSED] - Statement - PreSaveFile = new java.io.File(((pathPrefix + java.lang.Integer.toString(counter)) + .png)): null

2018-11-23 17:10:40 - [TEST_STEP][PASSED] - Statement - counter = counter + 1: null

2018-11-23 17:10:40 - [TEST_STEP][PASSED] - Statement - PreSaveFile = new java.io.File(((pathPrefix + java.lang.Integer.toString(counter)) + .png)): null

2018-11-23 17:10:40 - [TEST_STEP][PASSED] - Statement - counter = counter + 1: null

2018-11-23 17:10:40 - [TEST_STEP][PASSED] - Statement - PreSaveFile = new java.io.File(((pathPrefix + java.lang.Integer.toString(counter)) + .png)): null

2018-11-23 17:10:41 - [TEST_STEP][PASSED] - Statement - counter = counter + 1: null

2018-11-23 17:10:41 - [TEST_STEP][PASSED] - Statement - PreSaveFile = new java.io.File(((pathPrefix + java.lang.Integer.toString(counter)) + .png)): null

2018-11-23 17:10:41 - [TEST_STEP][PASSED] - Statement - counter = counter + 1: null

2018-11-23 17:10:41 - [TEST_STEP][PASSED] - Statement - PreSaveFile = new java.io.File(((pathPrefix + java.lang.Integer.toString(counter)) + .png)): null

2018-11-23 17:10:41 - [TEST_STEP][PASSED] - Statement - counter = counter + 1: null

2018-11-23 17:10:41 - [TEST_STEP][PASSED] - Statement - PreSaveFile = new java.io.File(((pathPrefix + java.lang.Integer.toString(counter)) + .png)): null

2018-11-23 17:10:41 - [TEST_STEP][PASSED] - Statement - counter = counter + 1: null

2018-11-23 17:10:41 - [TEST_STEP][PASSED] - Statement - PreSaveFile = new java.io.File(((pathPrefix + java.lang.Integer.toString(counter)) + .png)): null

2018-11-23 17:10:41 - [TEST_STEP][PASSED] - Statement - counter = counter + 1: null

2018-11-23 17:10:42 - [TEST_STEP][PASSED] - Statement - PreSaveFile = new java.io.File(((pathPrefix + java.lang.Integer.toString(counter)) + .png)): null

2018-11-23 17:10:42 - [TEST_STEP][PASSED] - Statement - counter = counter + 1: null

2018-11-23 17:10:42 - [TEST_STEP][PASSED] - Statement - PreSaveFile = new java.io.File(((pathPrefix + java.lang.Integer.toString(counter)) + .png)): null

2018-11-23 17:10:42 - [TEST_STEP][PASSED] - Statement - counter = counter + 1: null

2018-11-23 17:10:42 - [TEST_STEP][PASSED] - Statement - PreSaveFile = new java.io.File(((pathPrefix + java.lang.Integer.toString(counter)) + .png)): null

2018-11-23 17:10:42 - [TEST_STEP][PASSED] - Statement - counter = counter + 1: null

2018-11-23 17:10:42 - [TEST_STEP][PASSED] - Statement - PreSaveFile = new java.io.File(((pathPrefix + java.lang.Integer.toString(counter)) + .png)): null

2018-11-23 17:10:42 - [TEST_STEP][PASSED] - Statement - counter = counter + 1: null

2018-11-23 17:10:42 - [TEST_STEP][PASSED] - Statement - PreSaveFile = new java.io.File(((pathPrefix + java.lang.Integer.toString(counter)) + .png)): null

2018-11-23 17:10:42 - [TEST_STEP][PASSED] - Statement - counter = counter + 1: null

2018-11-23 17:10:43 - [TEST_STEP][PASSED] - Statement - PreSaveFile = new java.io.File(((pathPrefix + java.lang.Integer.toString(counter)) + .png)): null

2018-11-23 17:10:43 - [TEST_STEP][PASSED] - Statement - counter = counter + 1: null

2018-11-23 17:10:43 - [TEST_STEP][PASSED] - Statement - PreSaveFile = new java.io.File(((pathPrefix + java.lang.Integer.toString(counter)) + .png)): null

2018-11-23 17:10:43 - [TEST_STEP][PASSED] - Statement - counter = counter + 1: null

2018-11-23 17:10:43 - [TEST_STEP][PASSED] - Statement - PreSaveFile = new java.io.File(((pathPrefix + java.lang.Integer.toString(counter)) + .png)): null

2018-11-23 17:10:43 - [TEST_STEP][PASSED] - Statement - counter = counter + 1: null

2018-11-23 17:10:43 - [TEST_STEP][PASSED] - Statement - PreSaveFile = new java.io.File(((pathPrefix + java.lang.Integer.toString(counter)) + .png)): null

2018-11-23 17:10:43 - [TEST_STEP][PASSED] - Statement - counter = counter + 1: null

2018-11-23 17:10:43 - [TEST_STEP][PASSED] - Statement - PreSaveFile = new java.io.File(((pathPrefix + java.lang.Integer.toString(counter)) + .png)): null

2018-11-23 17:10:44 - [TEST_STEP][PASSED] - Statement - counter = counter + 1: null

2018-11-23 17:10:44 - [TEST_STEP][PASSED] - Statement - PreSaveFile = new java.io.File(((pathPrefix + java.lang.Integer.toString(counter)) + .png)): null

2018-11-23 17:10:44 - [TEST_STEP][PASSED] - Statement - counter = counter + 1: null

2018-11-23 17:10:44 - [TEST_STEP][PASSED] - Statement - PreSaveFile = new java.io.File(((pathPrefix + java.lang.Integer.toString(counter)) + .png)): null

2018-11-23 17:10:44 - [TEST_STEP][PASSED] - Statement - counter = counter + 1: null

2018-11-23 17:10:44 - [TEST_STEP][PASSED] - Statement - PreSaveFile = new java.io.File(((pathPrefix + java.lang.Integer.toString(counter)) + .png)): null

2018-11-23 17:10:44 - [TEST_STEP][PASSED] - Statement - counter = counter + 1: null

2018-11-23 17:10:44 - [TEST_STEP][PASSED] - Statement - PreSaveFile = new java.io.File(((pathPrefix + java.lang.Integer.toString(counter)) + .png)): null

2018-11-23 17:10:44 - [TEST_STEP][PASSED] - Statement - counter = counter + 1: null

2018-11-23 17:10:44 - [TEST_STEP][PASSED] - Statement - PreSaveFile = new java.io.File(((pathPrefix + java.lang.Integer.toString(counter)) + .png)): null

2018-11-23 17:10:44 - [TEST_STEP][PASSED] - Statement - counter = counter + 1: null

2018-11-23 17:10:44 - [TEST_STEP][PASSED] - Statement - PreSaveFile = new java.io.File(((pathPrefix + java.lang.Integer.toString(counter)) + .png)): null

2018-11-23 17:10:44 - [TEST_STEP][PASSED] - Statement - counter = counter + 1: null

2018-11-23 17:10:44 - [TEST_STEP][PASSED] - Statement - PreSaveFile = new java.io.File(((pathPrefix + java.lang.Integer.toString(counter)) + .png)): null

2018-11-23 17:10:44 - [TEST_STEP][PASSED] - Statement - counter = counter + 1: null

2018-11-23 17:10:44 - [TEST_STEP][PASSED] - Statement - PreSaveFile = new java.io.File(((pathPrefix + java.lang.Integer.toString(counter)) + .png)): null

2018-11-23 17:10:44 - [TEST_STEP][PASSED] - Statement - counter = counter + 1: null

2018-11-23 17:10:44 - [TEST_STEP][PASSED] - Statement - PreSaveFile = new java.io.File(((pathPrefix + java.lang.Integer.toString(counter)) + .png)): null

2018-11-23 17:10:44 - [TEST_STEP][PASSED] - Statement - counter = counter + 1: null

2018-11-23 17:10:44 - [TEST_STEP][PASSED] - Statement - PreSaveFile = new java.io.File(((pathPrefix + java.lang.Integer.toString(counter)) + .png)): null

2018-11-23 17:10:45 - [TEST_STEP][PASSED] - Statement - counter = counter + 1: null

2018-11-23 17:10:45 - [TEST_STEP][PASSED] - Statement - PreSaveFile = new java.io.File(((pathPrefix + java.lang.Integer.toString(counter)) + .png)): null

2018-11-23 17:10:45 - [TEST_STEP][PASSED] - Statement - counter = counter + 1: null

2018-11-23 17:10:45 - [TEST_STEP][PASSED] - Statement - PreSaveFile = new java.io.File(((pathPrefix + java.lang.Integer.toString(counter)) + .png)): null

2018-11-23 17:10:45 - [TEST_STEP][PASSED] - Statement - counter = counter + 1: null

2018-11-23 17:10:45 - [TEST_STEP][PASSED] - Statement - PreSaveFile = new java.io.File(((pathPrefix + java.lang.Integer.toString(counter)) + .png)): null

2018-11-23 17:10:45 - [TEST_STEP][PASSED] - Statement - counter = counter + 1: null

2018-11-23 17:10:45 - [TEST_STEP][PASSED] - Statement - PreSaveFile = new java.io.File(((pathPrefix + java.lang.Integer.toString(counter)) + .png)): null

2018-11-23 17:10:45 - [TEST_STEP][PASSED] - Statement - counter = counter + 1: null

2018-11-23 17:10:46 - [TEST_STEP][PASSED] - Statement - PreSaveFile = new java.io.File(((pathPrefix + java.lang.Integer.toString(counter)) + .png)): null

2018-11-23 17:10:46 - [TEST_STEP][PASSED] - Statement - counter = counter + 1: null

2018-11-23 17:10:46 - [TEST_STEP][PASSED] - Statement - PreSaveFile = new java.io.File(((pathPrefix + java.lang.Integer.toString(counter)) + .png)): null

2018-11-23 17:10:46 - [TEST_STEP][PASSED] - Statement - counter = counter + 1: null

2018-11-23 17:10:46 - [TEST_STEP][PASSED] - Statement - PreSaveFile = new java.io.File(((pathPrefix + java.lang.Integer.toString(counter)) + .png)): null

2018-11-23 17:10:46 - [TEST_STEP][PASSED] - Statement - counter = counter + 1: null

2018-11-23 17:10:46 - [TEST_STEP][PASSED] - Statement - PreSaveFile = new java.io.File(((pathPrefix + java.lang.Integer.toString(counter)) + .png)): null

2018-11-23 17:10:46 - [TEST_STEP][PASSED] - Statement - counter = counter + 1: null

2018-11-23 17:10:46 - [TEST_STEP][PASSED] - Statement - PreSaveFile = new java.io.File(((pathPrefix + java.lang.Integer.toString(counter)) + .png)): null

2018-11-23 17:10:46 - [TEST_STEP][PASSED] - Statement - counter = counter + 1: null

2018-11-23 17:10:47 - [TEST_STEP][PASSED] - Statement - PreSaveFile = new java.io.File(((pathPrefix + java.lang.Integer.toString(counter)) + .png)): null

2018-11-23 17:10:47 - [TEST_STEP][PASSED] - Statement - counter = counter + 1: null

2018-11-23 17:10:47 - [TEST_STEP][PASSED] - Statement - PreSaveFile = new java.io.File(((pathPrefix + java.lang.Integer.toString(counter)) + .png)): null

2018-11-23 17:10:47 - [TEST_STEP][PASSED] - Statement - counter = counter + 1: null

2018-11-23 17:10:47 - [TEST_STEP][PASSED] - Statement - PreSaveFile = new java.io.File(((pathPrefix + java.lang.Integer.toString(counter)) + .png)): null

2018-11-23 17:10:47 - [TEST_STEP][PASSED] - Statement - counter = counter + 1: null

2018-11-23 17:10:47 - [TEST_STEP][PASSED] - Statement - PreSaveFile = new java.io.File(((pathPrefix + java.lang.Integer.toString(counter)) + .png)): null

2018-11-23 17:10:47 - [TEST_STEP][PASSED] - Statement - counter = counter + 1: null

2018-11-23 17:10:47 - [TEST_STEP][PASSED] - Statement - PreSaveFile = new java.io.File(((pathPrefix + java.lang.Integer.toString(counter)) + .png)): null

2018-11-23 17:10:48 - [TEST_STEP][PASSED] - Statement - counter = counter + 1: null

2018-11-23 17:10:48 - [TEST_STEP][PASSED] - Statement - PreSaveFile = new java.io.File(((pathPrefix + java.lang.Integer.toString(counter)) + .png)): null

2018-11-23 17:10:48 - [TEST_STEP][PASSED] - Statement - counter = counter + 1: null

2018-11-23 17:10:48 - [TEST_STEP][PASSED] - Statement - PreSaveFile = new java.io.File(((pathPrefix + java.lang.Integer.toString(counter)) + .png)): null

2018-11-23 17:10:48 - [TEST_STEP][PASSED] - Statement - counter = counter + 1: null

2018-11-23 17:10:48 - [TEST_STEP][PASSED] - Statement - PreSaveFile = new java.io.File(((pathPrefix + java.lang.Integer.toString(counter)) + .png)): null

2018-11-23 17:10:48 - [TEST_STEP][PASSED] - Statement - counter = counter + 1: null

2018-11-23 17:10:48 - [TEST_STEP][PASSED] - Statement - PreSaveFile = new java.io.File(((pathPrefix + java.lang.Integer.toString(counter)) + .png)): null

2018-11-23 17:10:48 - [TEST_STEP][PASSED] - Statement - counter = counter + 1: null

2018-11-23 17:10:48 - [TEST_STEP][PASSED] - Statement - PreSaveFile = new java.io.File(((pathPrefix + java.lang.Integer.toString(counter)) + .png)): null

2018-11-23 17:10:49 - [TEST_STEP][PASSED] - Statement - counter = counter + 1: null

2018-11-23 17:10:49 - [TEST_STEP][PASSED] - Statement - PreSaveFile = new java.io.File(((pathPrefix + java.lang.Integer.toString(counter)) + .png)): null

2018-11-23 17:10:49 - [TEST_STEP][PASSED] - Statement - counter = counter + 1: null

2018-11-23 17:10:49 - [TEST_STEP][PASSED] - Statement - PreSaveFile = new java.io.File(((pathPrefix + java.lang.Integer.toString(counter)) + .png)): null

2018-11-23 17:10:49 - [TEST_STEP][PASSED] - Statement - counter = counter + 1: null

2018-11-23 17:10:49 - [TEST_STEP][PASSED] - Statement - PreSaveFile = new java.io.File(((pathPrefix + java.lang.Integer.toString(counter)) + .png)): null

2018-11-23 17:10:49 - [TEST_STEP][PASSED] - Statement - finalPath = pathPrefix + java.lang.Integer.toString(counter) + ".png": null

2018-11-23 17:10:49 - [TEST_STEP][PASSED] - Statement - SaveFile = new java.io.File(finalPath): null

2018-11-23 17:10:49 - [TEST_STEP][PASSED] - Statement - Try: null

2018-11-23 17:10:50 - [TEST_STEP][PASSED] - Statement - org.apache.commons.io.FileUtils.copyFile(scrFile, SaveFile): null

2018-11-23 17:10:51 - [TEST_STEP][PASSED] - Statement - out.println("file kept"): null

2018-11-23 17:10:51 - [TEST_STEP][PASSED] - delay: Delayed 10 second(s)

2018-11-23 17:11:01 - [MESSAGE][PASSED] - Delayed 10 second(s)

2018-11-23 17:11:01 - [MESSAGE][PASSED] - Call Test Case 'Test Cases/Final Aug 2018 - PKS Automation/Registration Module/New Registration/Submit and Screenshot/Submit Registration and Screenshot - Copy' successfully

2018-11-23 17:11:01 - [TEST_STEP][PASSED] - Statement - UpdateAddNewECode = com.kms.katalon.core.webui.keyword.WebUiBuiltInKeywords.getText(com.kms.katalon.core.testobject.ObjectRepository.findTestObject(Object Repository/Final Object Repo/Page_Update Add New Employee - ASSIST/getEmpCode)): Text of object 'Object Repository/Final Object Repo/Page_Update Add New Employee - ASSIST/getEmpCode' is: 'E1102070399W'

2018-11-23 17:11:01 - [MESSAGE][PASSED] - Text of object 'Object Repository/Final Object Repo/Page_Update Add New Employee - ASSIST/getEmpCode' is: 'E1102070399W'

2018-11-23 17:11:01 - [TEST_STEP][PASSED] - callTestCase: Call Test Case 'Test Cases/Final Aug 2018 - PKS Automation/Common/Emp Code Setter' successfully

2018-11-23 17:11:01 - [TEST_CASE][PASSED] - Test Cases/Final Aug 2018 - PKS Automation/Common/Emp Code Setter: Test Cases/Final Aug 2018 - PKS Automation/Common/Emp Code Setter

2018-11-23 17:11:01 - [TEST_STEP][PASSED] - Statement - EmpCodeOld = new java.io.File(C://Users//Admin//Desktop//PKS//Automation Reference Point//EmpCode.txt): null

2018-11-23 17:11:01 - [TEST_STEP][PASSED] - Statement - EmpCodeOld.delete(): null

2018-11-23 17:11:01 - [TEST_STEP][PASSED] - Statement - EmpCode = new java.io.File(C://Users//Admin//Desktop//PKS//Automation Reference Point//EmpCode.txt): null

2018-11-23 17:11:01 - [TEST_STEP][PASSED] - Statement - EmpCode.append(UpdateAddNewECode): null

2018-11-23 17:11:01 - [TEST_STEP][PASSED] - Statement - out.println("


" + UpdateAddNewECode + "


"): null

2018-11-23 17:11:01 - [MESSAGE][PASSED] - Call Test Case 'Test Cases/Final Aug 2018 - PKS Automation/Common/Emp Code Setter' successfully

2018-11-23 17:11:01 - [MESSAGE][PASSED] - Call Test Case 'Test Cases/Final Aug 2018 - PKS Automation/Registration Module/Workflow/Update Add New Employee/Template/New Company for Update Add New - Employer' successfully

2018-11-23 17:11:01 - [TEST_STEP][PASSED] - callTestCase: Call Test Case 'Test Cases/Final Aug 2018 - PKS Automation/Create Employer Acc/Login to Employer Account (Second time)' successfully

2018-11-23 17:11:01 - [TEST_CASE][PASSED] - Test Cases/Final Aug 2018 - PKS Automation/Create Employer Acc/Login to Employer Account (Second time): Test Cases/Final Aug 2018 - PKS Automation/Create Employer Acc/Login to Employer Account (Second time)

2018-11-23 17:11:01 - [TEST_STEP][PASSED] - openBrowser: Browser is opened with url: ''

2018-11-23 17:11:01 - [MESSAGE][WARNING] - A browser is already opened. Closing browser and opening a new one

2018-11-23 17:11:06 - [MESSAGE][PASSED] - Browser is opened with url: ''

2018-11-23 17:11:06 - [TEST_STEP][PASSED] - navigateToUrl: Navigate to 'https://assist2-uat.perkeso.gov.my/employer/login' successfully

2018-11-23 17:11:07 - [MESSAGE][PASSED] - Navigate to 'https://assist2-uat.perkeso.gov.my/employer/login' successfully

2018-11-23 17:11:07 - [TEST_STEP][PASSED] - delay: Delayed 3 second(s)

2018-11-23 17:11:10 - [MESSAGE][PASSED] - Delayed 3 second(s)

2018-11-23 17:11:10 - [TEST_STEP][PASSED] - callTestCase: Call Test Case 'Test Cases/Final Aug 2018 - PKS Automation/Create Employer Acc/Template/Employer Email Getter' successfully

2018-11-23 17:11:10 - [TEST_CASE][PASSED] - Test Cases/Final Aug 2018 - PKS Automation/Create Employer Acc/Template/Employer Email Getter: Test Cases/Final Aug 2018 - PKS Automation/Create Employer Acc/Template/Employer Email Getter

2018-11-23 17:11:10 - [TEST_STEP][PASSED] - Statement - Try: null

2018-11-23 17:11:10 - [TEST_STEP][PASSED] - Statement - EmpEmail = new java.io.File(C://Users//Admin//Desktop//PKS//Automation Reference Point//EmpEmail.txt): null

2018-11-23 17:11:10 - [TEST_STEP][PASSED] - Statement - bufferread = new java.io.BufferedReader(new java.io.FileReader(EmpEmail)): null

2018-11-23 17:11:10 - [TEST_STEP][PASSED] - Statement - readedVal = bufferread.readLine(): null

2018-11-23 17:11:10 - [TEST_STEP][PASSED] - Statement - out.println(readedVal): null

2018-11-23 17:11:10 - [TEST_STEP][PASSED] - Statement - Email = readedVal: null

2018-11-23 17:11:10 - [MESSAGE][PASSED] - Call Test Case 'Test Cases/Final Aug 2018 - PKS Automation/Create Employer Acc/Template/Employer Email Getter' successfully

2018-11-23 17:11:10 - [TEST_STEP][PASSED] - setText: Text 'perkeso415429175957@gmail.com' is set on object 'Object Repository/Final Object Repo/Login Page/External Login Page/Email'

2018-11-23 17:11:10 - [MESSAGE][PASSED] - Text 'perkeso415429175957@gmail.com' is set on object 'Object Repository/Final Object Repo/Login Page/External Login Page/Email'

2018-11-23 17:11:10 - [TEST_STEP][PASSED] - click: Object: 'Object Repository/Final Object Repo/Login Page/External Login Page/Next' is clicked on

2018-11-23 17:11:11 - [MESSAGE][PASSED] - Object: 'Object Repository/Final Object Repo/Login Page/External Login Page/Next' is clicked on

2018-11-23 17:11:11 - [TEST_STEP][PASSED] - delay: Delayed 3 second(s)

2018-11-23 17:11:14 - [MESSAGE][PASSED] - Delayed 3 second(s)

2018-11-23 17:11:14 - [TEST_STEP][PASSED] - setEncryptedText: Text ****** has been set on object 'Object Repository/Final Object Repo/Login Page/External Login Page/Password'

2018-11-23 17:11:14 - [MESSAGE][PASSED] - Text ****** has been set on object 'Object Repository/Final Object Repo/Login Page/External Login Page/Password'

2018-11-23 17:11:14 - [TEST_STEP][PASSED] - click: Object: 'Object Repository/Final Object Repo/Login Page/External Login Page/Login' is clicked on

2018-11-23 17:11:19 - [MESSAGE][PASSED] - Object: 'Object Repository/Final Object Repo/Login Page/External Login Page/Login' is clicked on

2018-11-23 17:11:19 - [TEST_STEP][PASSED] - delay: Delayed 5 second(s)

2018-11-23 17:11:24 - [MESSAGE][PASSED] - Delayed 5 second(s)

2018-11-23 17:11:24 - [MESSAGE][PASSED] - Call Test Case 'Test Cases/Final Aug 2018 - PKS Automation/Create Employer Acc/Login to Employer Account (Second time)' successfully

2018-11-23 17:11:24 - [TEST_STEP][PASSED] - navigateToUrl: Navigate to 'https://assist2-uat.perkeso.gov.my/web/registration/update/form-1a-cessation-as-employer-discontinue-business-' successfully

2018-11-23 17:11:26 - [MESSAGE][PASSED] - Navigate to 'https://assist2-uat.perkeso.gov.my/web/registration/update/form-1a-cessation-as-employer-discontinue-business-' successfully

2018-11-23 17:11:26 - [TEST_STEP][PASSED] - callTestCase: Call Test Case 'Test Cases/Final Aug 2018 - PKS Automation/Common/Emp Code Getter' successfully

2018-11-23 17:11:26 - [TEST_CASE][PASSED] - Test Cases/Final Aug 2018 - PKS Automation/Common/Emp Code Getter: Test Cases/Final Aug 2018 - PKS Automation/Common/Emp Code Getter

2018-11-23 17:11:26 - [TEST_STEP][PASSED] - Statement - Try: null

2018-11-23 17:11:26 - [TEST_STEP][PASSED] - Statement - EmpCode = new java.io.File(C://Users//Admin//Desktop//PKS//Automation Reference Point//EmpCode.txt): null

2018-11-23 17:11:26 - [TEST_STEP][PASSED] - Statement - bufferread = new java.io.BufferedReader(new java.io.FileReader(EmpCode)): null

2018-11-23 17:11:26 - [TEST_STEP][PASSED] - Statement - readedVal = bufferread.readLine(): null

2018-11-23 17:11:26 - [TEST_STEP][PASSED] - Statement - out.println(readedVal): null

2018-11-23 17:11:26 - [TEST_STEP][PASSED] - Statement - UpdateAddNewECode = readedVal: null

2018-11-23 17:11:26 - [MESSAGE][PASSED] - Call Test Case 'Test Cases/Final Aug 2018 - PKS Automation/Common/Emp Code Getter' successfully

2018-11-23 17:11:26 - [TEST_STEP][PASSED] - setText: Text 'E1102070399W' is set on object 'Object Repository/Final Object Repo/Page_Update Employer Information/Employer Code'

2018-11-23 17:11:26 - [MESSAGE][PASSED] - Text 'E1102070399W' is set on object 'Object Repository/Final Object Repo/Page_Update Employer Information/Employer Code'

2018-11-23 17:11:26 - [TEST_STEP][PASSED] - click: Object: 'Object Repository/Final Object Repo/Page_Update Employer Information/Search Button' is clicked on

2018-11-23 17:11:28 - [MESSAGE][PASSED] - Object: 'Object Repository/Final Object Repo/Page_Update Employer Information/Search Button' is clicked on

2018-11-23 17:11:28 - [TEST_STEP][PASSED] - click: Object: 'Object Repository/Final Object Repo/Page_Update Employer Information/Edit Button' is clicked on

2018-11-23 17:11:29 - [MESSAGE][PASSED] - Object: 'Object Repository/Final Object Repo/Page_Update Employer Information/Edit Button' is clicked on

2018-11-23 17:11:29 - [TEST_STEP][PASSED] - Statement - abc = com.kms.katalon.core.webui.keyword.WebUiBuiltInKeywords.getAttribute(com.kms.katalon.core.testobject.ObjectRepository.findTestObject(Final Object Repo/Page_Form 1A - Cessation As Employer/Employer Status), "value"): Attribute 'value' of object 'Object Repository/Final Object Repo/Page_Form 1A - Cessation As Employer/Employer Status' is: 'Active'

2018-11-23 17:11:29 - [MESSAGE][PASSED] - Attribute 'value' of object 'Object Repository/Final Object Repo/Page_Form 1A - Cessation As Employer/Employer Status' is: 'Active'

2018-11-23 17:11:29 - [TEST_STEP][PASSED] - Statement - out.println(abc): null

2018-11-23 17:11:29 - [TEST_STEP][PASSED] - Statement - If (abc == "Active"): Object: 'Object Repository/Final Object Repo/Page_Form 1A - Cessation As Employer/Change Employer Status to - Dormant' is clicked on

2018-11-23 17:11:29 - [TEST_STEP][PASSED] - click: Object: 'Object Repository/Final Object Repo/Page_Form 1A - Cessation As Employer/Change Employer Status to' is clicked on

2018-11-23 17:11:30 - [MESSAGE][PASSED] - Object: 'Object Repository/Final Object Repo/Page_Form 1A - Cessation As Employer/Change Employer Status to' is clicked on

2018-11-23 17:11:30 - [TEST_STEP][PASSED] - click: Object: 'Object Repository/Final Object Repo/Page_Form 1A - Cessation As Employer/Change Employer Status to - Dormant' is clicked on

2018-11-23 17:11:30 - [MESSAGE][PASSED] - Object: 'Object Repository/Final Object Repo/Page_Form 1A - Cessation As Employer/Change Employer Status to - Dormant' is clicked on

2018-11-23 17:11:30 - [TEST_STEP][PASSED] - click: Object: 'Object Repository/Final Object Repo/Page_Form 1A - Cessation As Employer/Calender' is clicked on

2018-11-23 17:11:31 - [MESSAGE][PASSED] - Object: 'Object Repository/Final Object Repo/Page_Form 1A - Cessation As Employer/Calender' is clicked on

2018-11-23 17:11:31 - [TEST_STEP][PASSED] - click: Object: 'Object Repository/Final Object Repo/Page_Form 1A - Cessation As Employer/Calender - Date' is clicked on

2018-11-23 17:11:31 - [MESSAGE][PASSED] - Object: 'Object Repository/Final Object Repo/Page_Form 1A - Cessation As Employer/Calender - Date' is clicked on

2018-11-23 17:11:31 - [TEST_STEP][PASSED] - delay: Delayed 2 second(s)

2018-11-23 17:11:33 - [MESSAGE][PASSED] - Delayed 2 second(s)

2018-11-23 17:11:33 - [TEST_STEP][PASSED] - click: Object: 'Object Repository/Final Object Repo/Page_Form 1A - Cessation As Employer/Save  Continue in Form 1A Page' is clicked on

2018-11-23 17:11:36 - [MESSAGE][PASSED] - Object: 'Object Repository/Final Object Repo/Page_Form 1A - Cessation As Employer/Save  Continue in Form 1A Page' is clicked on

2018-11-23 17:11:36 - [TEST_STEP][PASSED] - delay: Delayed 2 second(s)

2018-11-23 17:11:38 - [MESSAGE][PASSED] - Delayed 2 second(s)

2018-11-23 17:11:38 - [TEST_STEP][PASSED] - click: Object: 'Object Repository/Final Object Repo/Page_Form 1A - Cessation As Employer/Employment Resign Date' is clicked on

2018-11-23 17:11:39 - [MESSAGE][PASSED] - Object: 'Object Repository/Final Object Repo/Page_Form 1A - Cessation As Employer/Employment Resign Date' is clicked on

2018-11-23 17:11:39 - [TEST_STEP][PASSED] - delay: Delayed 1 second(s)

2018-11-23 17:11:40 - [MESSAGE][PASSED] - Delayed 1 second(s)

2018-11-23 17:11:40 - [TEST_STEP][PASSED] - Statement - CaseReferenceNo = com.kms.katalon.core.webui.keyword.WebUiBuiltInKeywords.getText(com.kms.katalon.core.testobject.ObjectRepository.findTestObject(Final Object Repo/Page_Update Employer Information/Reference Number in Update Employee Information Page)): Text of object 'Object Repository/Final Object Repo/Page_Update Employer Information/Reference Number in Update Employee Information Page' is: 'CUN112018C200001608'

2018-11-23 17:11:40 - [MESSAGE][PASSED] - Text of object 'Object Repository/Final Object Repo/Page_Update Employer Information/Reference Number in Update Employee Information Page' is: 'CUN112018C200001608'

2018-11-23 17:11:40 - [TEST_STEP][PASSED] - callTestCase: Call Test Case 'Test Cases/Final Aug 2018 - PKS Automation/Common/Reference Number Setter' successfully

2018-11-23 17:11:40 - [TEST_CASE][PASSED] - Test Cases/Final Aug 2018 - PKS Automation/Common/Reference Number Setter: Test Cases/Final Aug 2018 - PKS Automation/Common/Reference Number Setter

2018-11-23 17:11:40 - [TEST_STEP][PASSED] - Statement - RefNoOldFile = new java.io.File(C://Users//Admin//Desktop//PKS//Automation Reference Point//KatalonReference.txt): null

2018-11-23 17:11:40 - [TEST_STEP][PASSED] - Statement - RefNoOldFile.delete(): null

2018-11-23 17:11:40 - [TEST_STEP][PASSED] - delay: Delayed 5 second(s)

2018-11-23 17:11:45 - [MESSAGE][PASSED] - Delayed 5 second(s)

2018-11-23 17:11:45 - [TEST_STEP][PASSED] - Statement - RefNo = new java.io.File(C://Users//Admin//Desktop//PKS//Automation Reference Point//KatalonReference.txt): null

2018-11-23 17:11:45 - [TEST_STEP][PASSED] - Statement - f2 = new java.io.FileWriter(RefNo, false): null

2018-11-23 17:11:45 - [TEST_STEP][PASSED] - Statement - f2.write(CaseReferenceNo): null

2018-11-23 17:11:45 - [TEST_STEP][PASSED] - Statement - f2.close(): null

2018-11-23 17:11:45 - [TEST_STEP][PASSED] - Statement - out.println("


" + CaseReferenceNo + "


"): null

2018-11-23 17:11:45 - [MESSAGE][PASSED] - Call Test Case 'Test Cases/Final Aug 2018 - PKS Automation/Common/Reference Number Setter' successfully

2018-11-23 17:11:45 - [TEST_STEP][PASSED] - selectOptionByValue: All options with value '2030' are selected in object 'Object Repository/Final Object Repo/Page_Form 1A - Cessation As Employer/Employment Resign Date - Year' 

2018-11-23 17:11:46 - [MESSAGE][PASSED] - All options with value '2030' are selected in object 'Object Repository/Final Object Repo/Page_Form 1A - Cessation As Employer/Employment Resign Date - Year' 

2018-11-23 17:11:46 - [TEST_STEP][PASSED] - delay: Delayed 1 second(s)

2018-11-23 17:11:47 - [MESSAGE][PASSED] - Delayed 1 second(s)

2018-11-23 17:11:47 - [TEST_STEP][PASSED] - click: Object: 'Object Repository/Final Object Repo/Page_Form 1A - Cessation As Employer/Employment Resign Date - Year - Date' is clicked on

2018-11-23 17:11:47 - [MESSAGE][PASSED] - Object: 'Object Repository/Final Object Repo/Page_Form 1A - Cessation As Employer/Employment Resign Date - Year - Date' is clicked on

2018-11-23 17:11:47 - [TEST_STEP][PASSED] - delay: Delayed 2 second(s)

2018-11-23 17:11:49 - [MESSAGE][PASSED] - Delayed 2 second(s)

2018-11-23 17:11:49 - [TEST_STEP][PASSED] - click: Object: 'Object Repository/Final Object Repo/Page_Form 1A - Cessation As Employer/Save  Continue in Update Add Employee Resigned Date Page' is clicked on

2018-11-23 17:11:50 - [MESSAGE][PASSED] - Object: 'Object Repository/Final Object Repo/Page_Form 1A - Cessation As Employer/Save  Continue in Update Add Employee Resigned Date Page' is clicked on

2018-11-23 17:11:50 - [TEST_STEP][PASSED] - delay: Delayed 2 second(s)

2018-11-23 17:11:52 - [MESSAGE][PASSED] - Delayed 2 second(s)

2018-11-23 17:11:52 - [TEST_STEP][PASSED] - click: Object: 'Object Repository/Final Object Repo/Page_Form 1A - Cessation As Employer/Set Latest - Yes' is clicked on

2018-11-23 17:11:55 - [MESSAGE][PASSED] - Object: 'Object Repository/Final Object Repo/Page_Form 1A - Cessation As Employer/Set Latest - Yes' is clicked on

2018-11-23 17:11:55 - [TEST_STEP][PASSED] - delay: Delayed 2 second(s)

2018-11-23 17:11:57 - [MESSAGE][PASSED] - Delayed 2 second(s)

2018-11-23 17:11:57 - [TEST_STEP][PASSED] - click: Object: 'Object Repository/Final Object Repo/Page_Form 1A - Cessation As Employer/Add Document' is clicked on

2018-11-23 17:11:58 - [MESSAGE][PASSED] - Object: 'Object Repository/Final Object Repo/Page_Form 1A - Cessation As Employer/Add Document' is clicked on

2018-11-23 17:11:58 - [TEST_STEP][PASSED] - delay: Delayed 3 second(s)

2018-11-23 17:12:01 - [MESSAGE][PASSED] - Delayed 3 second(s)

2018-11-23 17:12:01 - [TEST_STEP][PASSED] - click: Object: 'Object Repository/Final Object Repo/Page_Form 1A - Cessation As Employer/Document Type' is clicked on

2018-11-23 17:12:01 - [MESSAGE][PASSED] - Object: 'Object Repository/Final Object Repo/Page_Form 1A - Cessation As Employer/Document Type' is clicked on

2018-11-23 17:12:01 - [TEST_STEP][PASSED] - delay: Delayed 2 second(s)

2018-11-23 17:12:03 - [MESSAGE][PASSED] - Delayed 2 second(s)

2018-11-23 17:12:03 - [TEST_STEP][PASSED] - click: Object: 'Object Repository/Final Object Repo/Page_Form 1A - Cessation As Employer/Document Type - Supporting Document For Cessation' is clicked on

2018-11-23 17:12:04 - [MESSAGE][PASSED] - Object: 'Object Repository/Final Object Repo/Page_Form 1A - Cessation As Employer/Document Type - Supporting Document For Cessation' is clicked on

2018-11-23 17:12:04 - [TEST_STEP][PASSED] - delay: Delayed 2 second(s)

2018-11-23 17:12:06 - [MESSAGE][PASSED] - Delayed 2 second(s)

2018-11-23 17:12:06 - [TEST_STEP][PASSED] - sendKeys: Keys 'C:\Users\Public\Pictures\Sample Pictures\Koala.jpg' sent to object: 'Object Repository/Final Object Repo/Page_Form 1A - Cessation As Employer/Uploading File'

2018-11-23 17:12:06 - [MESSAGE][PASSED] - Keys 'C:\Users\Public\Pictures\Sample Pictures\Koala.jpg' sent to object: 'Object Repository/Final Object Repo/Page_Form 1A - Cessation As Employer/Uploading File'

2018-11-23 17:12:06 - [TEST_STEP][PASSED] - delay: Delayed 2 second(s)

2018-11-23 17:12:08 - [MESSAGE][PASSED] - Delayed 2 second(s)

2018-11-23 17:12:08 - [TEST_STEP][PASSED] - click: Object: 'Object Repository/Final Object Repo/Page_Form 1A - Cessation As Employer/Add Document in Uploading Page' is clicked on

2018-11-23 17:12:13 - [MESSAGE][PASSED] - Object: 'Object Repository/Final Object Repo/Page_Form 1A - Cessation As Employer/Add Document in Uploading Page' is clicked on

2018-11-23 17:12:13 - [TEST_STEP][PASSED] - delay: Delayed 2 second(s)

2018-11-23 17:12:15 - [MESSAGE][PASSED] - Delayed 2 second(s)

2018-11-23 17:12:15 - [TEST_STEP][PASSED] - click: Object: 'Object Repository/Final Object Repo/Page_Form 1A - Cessation As Employer/Save  Continue in Uploading Page' is clicked on

2018-11-23 17:12:20 - [MESSAGE][PASSED] - Object: 'Object Repository/Final Object Repo/Page_Form 1A - Cessation As Employer/Save  Continue in Uploading Page' is clicked on

2018-11-23 17:12:20 - [TEST_STEP][PASSED] - delay: Delayed 2 second(s)

2018-11-23 17:12:22 - [MESSAGE][PASSED] - Delayed 2 second(s)

2018-11-23 17:12:22 - [TEST_STEP][PASSED] - click: Object: 'Object Repository/Final Object Repo/Page_Form 1A - Cessation As Employer/Submit2' is clicked on

2018-11-23 17:12:22 - [MESSAGE][PASSED] - Object: 'Object Repository/Final Object Repo/Page_Form 1A - Cessation As Employer/Submit2' is clicked on

2018-11-23 17:12:22 - [TEST_STEP][PASSED] - delay: Delayed 2 second(s)

2018-11-23 17:12:24 - [MESSAGE][PASSED] - Delayed 2 second(s)

2018-11-23 17:12:24 - [TEST_STEP][PASSED] - click: Object: 'Object Repository/Final Object Repo/Page_Form 1A - Cessation As Employer/Confirm' is clicked on

2018-11-23 17:12:30 - [MESSAGE][PASSED] - Object: 'Object Repository/Final Object Repo/Page_Form 1A - Cessation As Employer/Confirm' is clicked on

2018-11-23 17:12:30 - [TEST_STEP][PASSED] - delay: Delayed 2 second(s)

2018-11-23 17:12:32 - [MESSAGE][PASSED] - Delayed 2 second(s)

2018-11-23 17:12:32 - [TEST_STEP][PASSED] - verifyElementVisible: Object 'Object Repository/Final Object Repo/Page_Form 1A - Cessation As Employer/Message Your Request will be routed to UO' is visible

2018-11-23 17:12:32 - [MESSAGE][PASSED] - Object 'Object Repository/Final Object Repo/Page_Form 1A - Cessation As Employer/Message Your Request will be routed to UO' is visible

2018-11-23 17:12:32 - [TEST_STEP][PASSED] - delay: Delayed 1 second(s)

2018-11-23 17:12:33 - [MESSAGE][PASSED] - Delayed 1 second(s)

2018-11-23 17:12:33 - [TEST_STEP][PASSED] - verifyElementVisible: Object 'Object Repository/Final Object Repo/Page_Form 1A - Cessation As Employer/Letter of acknowledgement' is visible

2018-11-23 17:12:33 - [MESSAGE][PASSED] - Object 'Object Repository/Final Object Repo/Page_Form 1A - Cessation As Employer/Letter of acknowledgement' is visible

2018-11-23 17:12:33 - [MESSAGE][PASSED] - Call Test Case 'Test Cases/Final Aug 2018 - PKS Automation/Registration Module/Workflow/Form 1A - Cessation As Employer/Template/Form 1 A - Cessation As Employer (Employer)' successfully

2018-11-23 17:12:33 - [TEST_STEP][PASSED] - callTestCase: Call Test Case 'Test Cases/Final Aug 2018 - PKS Automation/Registration Module/Workflow/Form 1A - Cessation As Employer/Template/Form 1 A - Cessation As Employer (Approve)' successfully

2018-11-23 17:12:33 - [TEST_CASE][PASSED] - Test Cases/Final Aug 2018 - PKS Automation/Registration Module/Workflow/Form 1A - Cessation As Employer/Template/Form 1 A - Cessation As Employer (Approve): Test Cases/Final Aug 2018 - PKS Automation/Registration Module/Workflow/Form 1A - Cessation As Employer/Template/Form 1 A - Cessation As Employer (Approve)

2018-11-23 17:12:33 - [TEST_STEP][NOT_RUN] - callTestCase: NOT_RUN: callTestCase

2018-11-23 17:12:33 - [MESSAGE][NOT_RUN] - NOT_RUN: callTestCase

2018-11-23 17:12:33 - [TEST_STEP][PASSED] - delay: Delayed 1 second(s)

2018-11-23 17:12:34 - [MESSAGE][PASSED] - Delayed 1 second(s)

2018-11-23 17:12:34 - [TEST_STEP][PASSED] - navigateToUrl: Navigate to 'https://assist2-uat.perkeso.gov.my/c/portal/logout' successfully

2018-11-23 17:12:35 - [MESSAGE][PASSED] - Navigate to 'https://assist2-uat.perkeso.gov.my/c/portal/logout' successfully

2018-11-23 17:12:35 - [TEST_STEP][PASSED] - delay: Delayed 1 second(s)

2018-11-23 17:12:36 - [MESSAGE][PASSED] - Delayed 1 second(s)

2018-11-23 17:12:36 - [TEST_STEP][PASSED] - callTestCase: Call Test Case 'Test Cases/Final Aug 2018 - PKS Automation/Common/Reference Number Getter' successfully

2018-11-23 17:12:36 - [TEST_CASE][PASSED] - Test Cases/Final Aug 2018 - PKS Automation/Common/Reference Number Getter: Test Cases/Final Aug 2018 - PKS Automation/Common/Reference Number Getter

2018-11-23 17:12:37 - [TEST_STEP][PASSED] - Statement - Try: null

2018-11-23 17:12:37 - [TEST_STEP][PASSED] - Statement - RefNo = new java.io.File(C://Users//Admin//Desktop//PKS//Automation Reference Point//KatalonReference.txt): null

2018-11-23 17:12:37 - [TEST_STEP][PASSED] - Statement - bufferread = new java.io.BufferedReader(new java.io.FileReader(RefNo)): null

2018-11-23 17:12:37 - [TEST_STEP][PASSED] - Statement - readedVal = bufferread.readLine(): null

2018-11-23 17:12:37 - [TEST_STEP][PASSED] - Statement - out.println(CaseReferenceNo): null

2018-11-23 17:12:37 - [TEST_STEP][PASSED] - Statement - out.println(readedVal): null

2018-11-23 17:12:37 - [TEST_STEP][PASSED] - Statement - CaseReferenceNo = "": null

2018-11-23 17:12:37 - [TEST_STEP][PASSED] - Statement - CaseReferenceNo = readedVal: null

2018-11-23 17:12:37 - [MESSAGE][PASSED] - Call Test Case 'Test Cases/Final Aug 2018 - PKS Automation/Common/Reference Number Getter' successfully

2018-11-23 17:12:37 - [TEST_STEP][PASSED] - callTestCase: Call Test Case 'Test Cases/Final Aug 2018 - PKS Automation/Common/Workflow Owner Finder' successfully

2018-11-23 17:12:37 - [TEST_CASE][PASSED] - Test Cases/Final Aug 2018 - PKS Automation/Common/Workflow Owner Finder: Test Cases/Final Aug 2018 - PKS Automation/Common/Workflow Owner Finder

2018-11-23 17:12:37 - [TEST_STEP][PASSED] - openBrowser: Browser is opened with url: ''

2018-11-23 17:12:37 - [MESSAGE][WARNING] - A browser is already opened. Closing browser and opening a new one

2018-11-23 17:12:42 - [MESSAGE][PASSED] - Browser is opened with url: ''

2018-11-23 17:12:42 - [TEST_STEP][PASSED] - navigateToUrl: Navigate to 'https://assist2-uat.perkeso.gov.my/login' successfully

2018-11-23 17:12:43 - [MESSAGE][PASSED] - Navigate to 'https://assist2-uat.perkeso.gov.my/login' successfully

2018-11-23 17:12:43 - [TEST_STEP][PASSED] - delay: Delayed 5 second(s)

2018-11-23 17:12:48 - [MESSAGE][PASSED] - Delayed 5 second(s)

2018-11-23 17:12:48 - [TEST_STEP][PASSED] - setText: Text 'test@liferay.com' is set on object 'Object Repository/Final Object Repo/Login Page/Internal User/Email Address'

2018-11-23 17:12:49 - [MESSAGE][PASSED] - Text 'test@liferay.com' is set on object 'Object Repository/Final Object Repo/Login Page/Internal User/Email Address'

2018-11-23 17:12:49 - [TEST_STEP][PASSED] - click: Object: 'Object Repository/Final Object Repo/Login Page/Internal User/Next Button' is clicked on

2018-11-23 17:12:49 - [MESSAGE][PASSED] - Object: 'Object Repository/Final Object Repo/Login Page/Internal User/Next Button' is clicked on

2018-11-23 17:12:49 - [TEST_STEP][PASSED] - delay: Delayed 2 second(s)

2018-11-23 17:12:51 - [MESSAGE][PASSED] - Delayed 2 second(s)

2018-11-23 17:12:51 - [TEST_STEP][PASSED] - setText: Text 'test' is set on object 'Object Repository/Final Object Repo/Login Page/Internal User/Password'

2018-11-23 17:12:51 - [MESSAGE][PASSED] - Text 'test' is set on object 'Object Repository/Final Object Repo/Login Page/Internal User/Password'

2018-11-23 17:12:51 - [TEST_STEP][PASSED] - delay: Delayed 2 second(s)

2018-11-23 17:12:53 - [MESSAGE][PASSED] - Delayed 2 second(s)

2018-11-23 17:12:53 - [TEST_STEP][PASSED] - click: Object: 'Object Repository/Final Object Repo/Login Page/Internal User/Login Button' is clicked on

2018-11-23 17:12:55 - [MESSAGE][PASSED] - Object: 'Object Repository/Final Object Repo/Login Page/Internal User/Login Button' is clicked on

2018-11-23 17:12:55 - [TEST_STEP][PASSED] - Statement - Try: Delayed 2 second(s)

2018-11-23 17:12:55 - [TEST_STEP][PASSED] - Statement - Checker = false: null

2018-11-23 17:12:55 - [TEST_STEP][PASSED] - Statement - Checker = com.kms.katalon.core.webui.keyword.WebUiBuiltInKeywords.verifyElementHasAttribute(com.kms.katalon.core.testobject.ObjectRepository.findTestObject(Final Object Repo/Landing Page/BM Detecting), "href", 20, OPTIONAL): Object 'Object Repository/Final Object Repo/Landing Page/BM Detecting' has attribute 'href'

2018-11-23 17:12:56 - [MESSAGE][PASSED] - Object 'Object Repository/Final Object Repo/Landing Page/BM Detecting' has attribute 'href'

2018-11-23 17:12:56 - [TEST_STEP][PASSED] - Statement - out.println(Checker): null

2018-11-23 17:12:56 - [TEST_STEP][PASSED] - Statement - If (Checker == false): null

2018-11-23 17:12:56 - [TEST_STEP][PASSED] - Statement - Else: null

2018-11-23 17:12:56 - [TEST_STEP][PASSED] - delay: Delayed 2 second(s)

2018-11-23 17:12:58 - [MESSAGE][PASSED] - Delayed 2 second(s)

2018-11-23 17:12:58 - [TEST_STEP][PASSED] - delay: Delayed 3 second(s)

2018-11-23 17:13:01 - [MESSAGE][PASSED] - Delayed 3 second(s)

2018-11-23 17:13:01 - [TEST_STEP][PASSED] - mouseOver: Object: 'Object Repository/Final Object Repo/Landing Page/WorkFlow Menu' is hovered

2018-11-23 17:13:01 - [MESSAGE][PASSED] - Object: 'Object Repository/Final Object Repo/Landing Page/WorkFlow Menu' is hovered

2018-11-23 17:13:01 - [TEST_STEP][PASSED] - delay: Delayed 2 second(s)

2018-11-23 17:13:03 - [MESSAGE][PASSED] - Delayed 2 second(s)

2018-11-23 17:13:03 - [TEST_STEP][PASSED] - click: Object: 'Object Repository/Final Object Repo/Landing Page/Select to Workflow Listing' is clicked on

2018-11-23 17:13:04 - [MESSAGE][PASSED] - Object: 'Object Repository/Final Object Repo/Landing Page/Select to Workflow Listing' is clicked on

2018-11-23 17:13:04 - [TEST_STEP][PASSED] - delay: Delayed 2 second(s)

2018-11-23 17:13:06 - [MESSAGE][PASSED] - Delayed 2 second(s)

2018-11-23 17:13:06 - [TEST_STEP][PASSED] - click: Object: 'Object Repository/Final Object Repo/WorkFlow Listing Page/Search Information - To Put Ref No' is clicked on

2018-11-23 17:13:07 - [MESSAGE][PASSED] - Object: 'Object Repository/Final Object Repo/WorkFlow Listing Page/Search Information - To Put Ref No' is clicked on

2018-11-23 17:13:07 - [TEST_STEP][PASSED] - delay: Delayed 2 second(s)

2018-11-23 17:13:09 - [MESSAGE][PASSED] - Delayed 2 second(s)

2018-11-23 17:13:09 - [TEST_STEP][PASSED] - callTestCase: Call Test Case 'Test Cases/Final Aug 2018 - PKS Automation/Common/Reference Number Getter' successfully

2018-11-23 17:13:09 - [TEST_CASE][PASSED] - Test Cases/Final Aug 2018 - PKS Automation/Common/Reference Number Getter: Test Cases/Final Aug 2018 - PKS Automation/Common/Reference Number Getter

2018-11-23 17:13:09 - [TEST_STEP][PASSED] - Statement - Try: null

2018-11-23 17:13:09 - [TEST_STEP][PASSED] - Statement - RefNo = new java.io.File(C://Users//Admin//Desktop//PKS//Automation Reference Point//KatalonReference.txt): null

2018-11-23 17:13:09 - [TEST_STEP][PASSED] - Statement - bufferread = new java.io.BufferedReader(new java.io.FileReader(RefNo)): null

2018-11-23 17:13:09 - [TEST_STEP][PASSED] - Statement - readedVal = bufferread.readLine(): null

2018-11-23 17:13:09 - [TEST_STEP][PASSED] - Statement - out.println(CaseReferenceNo): null

2018-11-23 17:13:09 - [TEST_STEP][PASSED] - Statement - out.println(readedVal): null

2018-11-23 17:13:09 - [TEST_STEP][PASSED] - Statement - CaseReferenceNo = "": null

2018-11-23 17:13:09 - [TEST_STEP][PASSED] - Statement - CaseReferenceNo = readedVal: null

2018-11-23 17:13:09 - [MESSAGE][PASSED] - Call Test Case 'Test Cases/Final Aug 2018 - PKS Automation/Common/Reference Number Getter' successfully

2018-11-23 17:13:09 - [TEST_STEP][PASSED] - setText: Text 'CUN112018C200001608' is set on object 'Object Repository/Final Object Repo/WorkFlow Listing Page/Ref No Set Text'

2018-11-23 17:13:09 - [MESSAGE][PASSED] - Text 'CUN112018C200001608' is set on object 'Object Repository/Final Object Repo/WorkFlow Listing Page/Ref No Set Text'

2018-11-23 17:13:09 - [TEST_STEP][PASSED] - delay: Delayed 2 second(s)

2018-11-23 17:13:11 - [MESSAGE][PASSED] - Delayed 2 second(s)

2018-11-23 17:13:11 - [TEST_STEP][PASSED] - click: Object: 'Object Repository/Final Object Repo/WorkFlow Listing Page/Search Ref No Search Button' is clicked on

2018-11-23 17:13:13 - [MESSAGE][PASSED] - Object: 'Object Repository/Final Object Repo/WorkFlow Listing Page/Search Ref No Search Button' is clicked on

2018-11-23 17:13:13 - [TEST_STEP][PASSED] - delay: Delayed 4 second(s)

2018-11-23 17:13:17 - [MESSAGE][PASSED] - Delayed 4 second(s)

2018-11-23 17:13:17 - [TEST_STEP][PASSED] - click: Object: 'Object Repository/Final Object Repo/WorkFlow Listing Page/Click Continue Tooltip' is clicked on

2018-11-23 17:13:18 - [MESSAGE][PASSED] - Object: 'Object Repository/Final Object Repo/WorkFlow Listing Page/Click Continue Tooltip' is clicked on

2018-11-23 17:13:18 - [TEST_STEP][PASSED] - delay: Delayed 5 second(s)

2018-11-23 17:13:23 - [MESSAGE][PASSED] - Delayed 5 second(s)

2018-11-23 17:13:23 - [TEST_STEP][PASSED] - doubleClick: Object: 'Object Repository/Final Object Repo/WorkFlow Listing Page/Workflow Found - Listing 1' is double clicked on

2018-11-23 17:13:24 - [MESSAGE][PASSED] - Object: 'Object Repository/Final Object Repo/WorkFlow Listing Page/Workflow Found - Listing 1' is double clicked on

2018-11-23 17:13:24 - [TEST_STEP][PASSED] - Statement - println(OwnerID): null

2018-11-23 17:13:24 - [TEST_STEP][PASSED] - Statement - OwnerID = com.kms.katalon.core.webui.keyword.WebUiBuiltInKeywords.getText(com.kms.katalon.core.testobject.ObjectRepository.findTestObject(Final Object Repo/WorkFlow Listing Page/Workflow Found - Listing 1), STOP_ON_FAILURE): Text of object 'Object Repository/Final Object Repo/WorkFlow Listing Page/Workflow Found - Listing 1' is: 'JOHORuo2'

2018-11-23 17:13:24 - [MESSAGE][PASSED] - Text of object 'Object Repository/Final Object Repo/WorkFlow Listing Page/Workflow Found - Listing 1' is: 'JOHORuo2'

2018-11-23 17:13:24 - [TEST_STEP][PASSED] - Statement - OwnerID = OwnerID.toLowerCase() + "@gmail.com": null

2018-11-23 17:13:24 - [TEST_STEP][PASSED] - Statement - println(OwnerID): null

2018-11-23 17:13:24 - [TEST_STEP][PASSED] - delay: Delayed 2 second(s)

2018-11-23 17:13:26 - [MESSAGE][PASSED] - Delayed 2 second(s)

2018-11-23 17:13:26 - [MESSAGE][PASSED] - Call Test Case 'Test Cases/Final Aug 2018 - PKS Automation/Common/Workflow Owner Finder' successfully

2018-11-23 17:13:26 - [TEST_STEP][PASSED] - delay: Delayed 1 second(s)

2018-11-23 17:13:27 - [MESSAGE][PASSED] - Delayed 1 second(s)

2018-11-23 17:13:27 - [TEST_STEP][PASSED] - navigateToUrl: Navigate to 'https://assist2-uat.perkeso.gov.my/c/portal/logout' successfully

2018-11-23 17:13:28 - [MESSAGE][PASSED] - Navigate to 'https://assist2-uat.perkeso.gov.my/c/portal/logout' successfully

2018-11-23 17:13:28 - [TEST_STEP][PASSED] - delay: Delayed 1 second(s)

2018-11-23 17:13:29 - [MESSAGE][PASSED] - Delayed 1 second(s)

2018-11-23 17:13:29 - [TEST_STEP][PASSED] - callTestCase: Call Test Case 'Test Cases/Final Aug 2018 - PKS Automation/Registration Module/Workflow/Login and Search Case For Workflow' successfully

2018-11-23 17:13:29 - [TEST_CASE][PASSED] - Test Cases/Final Aug 2018 - PKS Automation/Registration Module/Workflow/Login and Search Case For Workflow: Test Cases/Final Aug 2018 - PKS Automation/Registration Module/Workflow/Login and Search Case For Workflow

2018-11-23 17:13:29 - [TEST_STEP][PASSED] - navigateToUrl: Navigate to 'https://assist2-uat.perkeso.gov.my/login' successfully

2018-11-23 17:13:30 - [MESSAGE][PASSED] - Navigate to 'https://assist2-uat.perkeso.gov.my/login' successfully

2018-11-23 17:13:30 - [TEST_STEP][PASSED] - setText: Text 'johoruo2@gmail.com' is set on object 'Object Repository/Final Object Repo/Login Page/Internal User/Email Address'

2018-11-23 17:13:30 - [MESSAGE][PASSED] - Text 'johoruo2@gmail.com' is set on object 'Object Repository/Final Object Repo/Login Page/Internal User/Email Address'

2018-11-23 17:13:30 - [TEST_STEP][PASSED] - click: Object: 'Object Repository/Final Object Repo/Login Page/Internal User/Next Button' is clicked on

2018-11-23 17:13:31 - [MESSAGE][PASSED] - Object: 'Object Repository/Final Object Repo/Login Page/Internal User/Next Button' is clicked on

2018-11-23 17:13:31 - [TEST_STEP][PASSED] - delay: Delayed 1 second(s)

2018-11-23 17:13:32 - [MESSAGE][PASSED] - Delayed 1 second(s)

2018-11-23 17:13:32 - [TEST_STEP][PASSED] - setEncryptedText: Text ****** has been set on object 'Object Repository/Final Object Repo/Login Page/Internal User/Password'

2018-11-23 17:13:32 - [MESSAGE][PASSED] - Text ****** has been set on object 'Object Repository/Final Object Repo/Login Page/Internal User/Password'

2018-11-23 17:13:32 - [TEST_STEP][PASSED] - click: Object: 'Object Repository/Final Object Repo/Login Page/Internal User/Login Button' is clicked on

2018-11-23 17:13:34 - [MESSAGE][PASSED] - Object: 'Object Repository/Final Object Repo/Login Page/Internal User/Login Button' is clicked on

2018-11-23 17:13:34 - [TEST_STEP][PASSED] - delay: Delayed 2 second(s)

2018-11-23 17:13:36 - [MESSAGE][PASSED] - Delayed 2 second(s)

2018-11-23 17:13:36 - [TEST_STEP][PASSED] - Statement - Try: Delayed 2 second(s)

2018-11-23 17:13:36 - [TEST_STEP][PASSED] - Statement - Checker = false: null

2018-11-23 17:13:36 - [TEST_STEP][PASSED] - Statement - Checker = com.kms.katalon.core.webui.keyword.WebUiBuiltInKeywords.verifyElementHasAttribute(com.kms.katalon.core.testobject.ObjectRepository.findTestObject(Final Object Repo/Landing Page/BM Detecting), "href", 20, OPTIONAL): Object 'Object Repository/Final Object Repo/Landing Page/BM Detecting' has attribute 'href'

2018-11-23 17:13:36 - [MESSAGE][PASSED] - Object 'Object Repository/Final Object Repo/Landing Page/BM Detecting' has attribute 'href'

2018-11-23 17:13:36 - [TEST_STEP][PASSED] - Statement - out.println(Checker): null

2018-11-23 17:13:36 - [TEST_STEP][PASSED] - Statement - If (Checker == false): null

2018-11-23 17:13:36 - [TEST_STEP][PASSED] - Statement - Else: null

2018-11-23 17:13:36 - [TEST_STEP][PASSED] - delay: Delayed 2 second(s)

2018-11-23 17:13:38 - [MESSAGE][PASSED] - Delayed 2 second(s)

2018-11-23 17:13:38 - [TEST_STEP][PASSED] - click: Object: 'Object Repository/Final Object Repo/Page_MyASSIST - ASSIST - Search Pending Case For Add Supporting Document/Search Information' is clicked on

2018-11-23 17:13:39 - [MESSAGE][PASSED] - Object: 'Object Repository/Final Object Repo/Page_MyASSIST - ASSIST - Search Pending Case For Add Supporting Document/Search Information' is clicked on

2018-11-23 17:13:39 - [TEST_STEP][PASSED] - delay: Delayed 3 second(s)

2018-11-23 17:13:42 - [MESSAGE][PASSED] - Delayed 3 second(s)

2018-11-23 17:13:42 - [TEST_STEP][PASSED] - sendKeys: Keys 'CUN112018C200001608' sent to object: 'Object Repository/Final Object Repo/Page_MyASSIST - ASSIST - Search Pending Case For Add Supporting Document/Reference No'

2018-11-23 17:13:42 - [MESSAGE][PASSED] - Keys 'CUN112018C200001608' sent to object: 'Object Repository/Final Object Repo/Page_MyASSIST - ASSIST - Search Pending Case For Add Supporting Document/Reference No'

2018-11-23 17:13:42 - [TEST_STEP][PASSED] - click: Object: 'Object Repository/Final Object Repo/Page_MyASSIST - ASSIST - Search Pending Case For Add Supporting Document/Search Reference No' is clicked on

2018-11-23 17:13:43 - [MESSAGE][PASSED] - Object: 'Object Repository/Final Object Repo/Page_MyASSIST - ASSIST - Search Pending Case For Add Supporting Document/Search Reference No' is clicked on

2018-11-23 17:13:43 - [TEST_STEP][PASSED] - delay: Delayed 2 second(s)

2018-11-23 17:13:45 - [MESSAGE][PASSED] - Delayed 2 second(s)

2018-11-23 17:13:45 - [TEST_STEP][PASSED] - click: Object: 'Object Repository/Final Object Repo/Page_MyASSIST - ASSIST - Search Pending Case For Add Supporting Document/Continue' is clicked on

2018-11-23 17:13:49 - [MESSAGE][PASSED] - Object: 'Object Repository/Final Object Repo/Page_MyASSIST - ASSIST - Search Pending Case For Add Supporting Document/Continue' is clicked on

2018-11-23 17:13:49 - [TEST_STEP][PASSED] - delay: Delayed 20 second(s)

2018-11-23 17:14:09 - [MESSAGE][PASSED] - Delayed 20 second(s)

2018-11-23 17:14:09 - [MESSAGE][PASSED] - Call Test Case 'Test Cases/Final Aug 2018 - PKS Automation/Registration Module/Workflow/Login and Search Case For Workflow' successfully

2018-11-23 17:14:09 - [TEST_STEP][PASSED] - click: Object: 'Object Repository/Final Object Repo/Page_Form 1A - Cessation As Employer/Page_Form 1A - Cessation As Employer (Approve)/Save  Continue in Form 1A Page' is clicked on

2018-11-23 17:14:11 - [MESSAGE][PASSED] - Object: 'Object Repository/Final Object Repo/Page_Form 1A - Cessation As Employer/Page_Form 1A - Cessation As Employer (Approve)/Save  Continue in Form 1A Page' is clicked on

2018-11-23 17:14:11 - [TEST_STEP][PASSED] - delay: Delayed 2 second(s)

2018-11-23 17:14:13 - [MESSAGE][PASSED] - Delayed 2 second(s)

2018-11-23 17:14:13 - [TEST_STEP][PASSED] - click: Object: 'Object Repository/Final Object Repo/Page_Form 1A - Cessation As Employer/Employment Resign Date' is clicked on

2018-11-23 17:14:14 - [MESSAGE][PASSED] - Object: 'Object Repository/Final Object Repo/Page_Form 1A - Cessation As Employer/Employment Resign Date' is clicked on

2018-11-23 17:14:14 - [TEST_STEP][PASSED] - delay: Delayed 1 second(s)

2018-11-23 17:14:15 - [MESSAGE][PASSED] - Delayed 1 second(s)

2018-11-23 17:14:15 - [TEST_STEP][PASSED] - selectOptionByValue: All options with value '2030' are selected in object 'Object Repository/Final Object Repo/Page_Form 1A - Cessation As Employer/Employment Resign Date - Year' 

2018-11-23 17:14:15 - [MESSAGE][PASSED] - All options with value '2030' are selected in object 'Object Repository/Final Object Repo/Page_Form 1A - Cessation As Employer/Employment Resign Date - Year' 

2018-11-23 17:14:15 - [TEST_STEP][PASSED] - delay: Delayed 1 second(s)

2018-11-23 17:14:16 - [MESSAGE][PASSED] - Delayed 1 second(s)

2018-11-23 17:14:16 - [TEST_STEP][PASSED] - click: Object: 'Object Repository/Final Object Repo/Page_Form 1A - Cessation As Employer/Employment Resign Date - Year - Date' is clicked on

2018-11-23 17:14:17 - [MESSAGE][PASSED] - Object: 'Object Repository/Final Object Repo/Page_Form 1A - Cessation As Employer/Employment Resign Date - Year - Date' is clicked on

2018-11-23 17:14:17 - [TEST_STEP][PASSED] - delay: Delayed 2 second(s)

2018-11-23 17:14:19 - [MESSAGE][PASSED] - Delayed 2 second(s)

2018-11-23 17:14:19 - [TEST_STEP][PASSED] - click: Object: 'Object Repository/Final Object Repo/Page_Form 1A - Cessation As Employer/Page_Form 1A - Cessation As Employer (Approve)/Save  Continue in Update Add Employee Resigned Date Page' is clicked on

2018-11-23 17:14:19 - [MESSAGE][PASSED] - Object: 'Object Repository/Final Object Repo/Page_Form 1A - Cessation As Employer/Page_Form 1A - Cessation As Employer (Approve)/Save  Continue in Update Add Employee Resigned Date Page' is clicked on

2018-11-23 17:14:19 - [TEST_STEP][PASSED] - delay: Delayed 2 second(s)

2018-11-23 17:14:21 - [MESSAGE][PASSED] - Delayed 2 second(s)

2018-11-23 17:14:21 - [TEST_STEP][PASSED] - click: Object: 'Object Repository/Final Object Repo/Page_Form 1A - Cessation As Employer/Set Latest - Yes' is clicked on

2018-11-23 17:14:25 - [MESSAGE][PASSED] - Object: 'Object Repository/Final Object Repo/Page_Form 1A - Cessation As Employer/Set Latest - Yes' is clicked on

2018-11-23 17:14:25 - [TEST_STEP][PASSED] - delay: Delayed 2 second(s)

2018-11-23 17:14:27 - [MESSAGE][PASSED] - Delayed 2 second(s)

2018-11-23 17:14:27 - [TEST_STEP][PASSED] - click: Object: 'Object Repository/Final Object Repo/Page_Form 1A - Cessation As Employer/Page_Form 1A - Cessation As Employer (Approve)/Save  Contine in Uploading Document Page' is clicked on

2018-11-23 17:14:32 - [MESSAGE][PASSED] - Object: 'Object Repository/Final Object Repo/Page_Form 1A - Cessation As Employer/Page_Form 1A - Cessation As Employer (Approve)/Save  Contine in Uploading Document Page' is clicked on

2018-11-23 17:14:32 - [TEST_STEP][PASSED] - delay: Delayed 2 second(s)

2018-11-23 17:14:34 - [MESSAGE][PASSED] - Delayed 2 second(s)

2018-11-23 17:14:34 - [TEST_STEP][PASSED] - click: Object: 'Object Repository/Final Object Repo/Page_Form 1A - Cessation As Employer/Page_Form 1A - Cessation As Employer (Approve)/Approve' is clicked on

2018-11-23 17:14:35 - [MESSAGE][PASSED] - Object: 'Object Repository/Final Object Repo/Page_Form 1A - Cessation As Employer/Page_Form 1A - Cessation As Employer (Approve)/Approve' is clicked on

2018-11-23 17:14:35 - [TEST_STEP][PASSED] - delay: Delayed 2 second(s)

2018-11-23 17:14:37 - [MESSAGE][PASSED] - Delayed 2 second(s)

2018-11-23 17:14:37 - [TEST_STEP][PASSED] - click: Object: 'Object Repository/Final Object Repo/Page_Form 1A - Cessation As Employer/Confirm' is clicked on

2018-11-23 17:14:37 - [MESSAGE][PASSED] - Object: 'Object Repository/Final Object Repo/Page_Form 1A - Cessation As Employer/Confirm' is clicked on

2018-11-23 17:14:37 - [TEST_STEP][PASSED] - delay: Delayed 2 second(s)

2018-11-23 17:14:39 - [MESSAGE][PASSED] - Delayed 2 second(s)

2018-11-23 17:14:39 - [TEST_STEP][PASSED] - click: Object: 'Object Repository/Final Object Repo/Page_Form 1A - Cessation As Employer/Page_Form 1A - Cessation As Employer (Approve)/Message Your Request    Form 1A ' is clicked on

2018-11-23 17:14:47 - [MESSAGE][PASSED] - Object: 'Object Repository/Final Object Repo/Page_Form 1A - Cessation As Employer/Page_Form 1A - Cessation As Employer (Approve)/Message Your Request    Form 1A ' is clicked on

2018-11-23 17:14:47 - [TEST_STEP][PASSED] - delay: Delayed 2 second(s)

2018-11-23 17:14:49 - [MESSAGE][PASSED] - Delayed 2 second(s)

2018-11-23 17:14:49 - [TEST_STEP][PASSED] - click: Object: 'Object Repository/Final Object Repo/Page_Form 1A - Cessation As Employer/Page_Form 1A - Cessation As Employer (Approve)/Letter of successful update' is clicked on

2018-11-23 17:14:54 - [MESSAGE][PASSED] - Object: 'Object Repository/Final Object Repo/Page_Form 1A - Cessation As Employer/Page_Form 1A - Cessation As Employer (Approve)/Letter of successful update' is clicked on

2018-11-23 17:14:54 - [MESSAGE][PASSED] - Call Test Case 'Test Cases/Final Aug 2018 - PKS Automation/Registration Module/Workflow/Form 1A - Cessation As Employer/Template/Form 1 A - Cessation As Employer (Approve)' successfully]]></system-out>
         <system-err><![CDATA[]]></system-err>
      </testcase>
      <testcase name="Test Cases/Final Aug 2018 - PKS Automation/Registration Module/Workflow/Form 1A - Cessation As Employer/Employer to UO (Query)" classname="Test Cases/Final Aug 2018 - PKS Automation/Registration Module/Workflow/Form 1A - Cessation As Employer/Employer to UO (Query)" status="PASSED">
         <system-out><![CDATA[2018-11-23 17:14:54 - [TEST_CASE][PASSED] - Test Cases/Final Aug 2018 - PKS Automation/Registration Module/Workflow/Form 1A - Cessation As Employer/Employer to UO (Query): Test Cases/Final Aug 2018 - PKS Automation/Registration Module/Workflow/Form 1A - Cessation As Employer/Employer to UO (Query)

2018-11-23 17:14:55 - [TEST_STEP][PASSED] - callTestCase: Call Test Case 'Test Cases/Final Aug 2018 - PKS Automation/Registration Module/Workflow/Form 1A - Cessation As Employer/Template/Form 1 A - Cessation As Employer (Employer)' successfully

2018-11-23 17:14:55 - [TEST_CASE][PASSED] - Test Cases/Final Aug 2018 - PKS Automation/Registration Module/Workflow/Form 1A - Cessation As Employer/Template/Form 1 A - Cessation As Employer (Employer): Test Cases/Final Aug 2018 - PKS Automation/Registration Module/Workflow/Form 1A - Cessation As Employer/Template/Form 1 A - Cessation As Employer (Employer)

2018-11-23 17:14:55 - [TEST_STEP][PASSED] - callTestCase: Call Test Case 'Test Cases/Final Aug 2018 - PKS Automation/Registration Module/Workflow/Update Add New Employee/Template/New Company for Update Add New - Employer' successfully

2018-11-23 17:14:55 - [TEST_CASE][PASSED] - Test Cases/Final Aug 2018 - PKS Automation/Registration Module/Workflow/Update Add New Employee/Template/New Company for Update Add New - Employer: Test Cases/Final Aug 2018 - PKS Automation/Registration Module/Workflow/Update Add New Employee/Template/New Company for Update Add New - Employer

2018-11-23 17:14:55 - [TEST_STEP][PASSED] - callTestCase: Call Test Case 'Test Cases/Final Aug 2018 - PKS Automation/Create Employer Acc/Create Employer Account' successfully

2018-11-23 17:14:55 - [TEST_CASE][PASSED] - Test Cases/Final Aug 2018 - PKS Automation/Create Employer Acc/Create Employer Account: Test Cases/Final Aug 2018 - PKS Automation/Create Employer Acc/Create Employer Account

2018-11-23 17:14:55 - [TEST_STEP][PASSED] - callTestCase: Call Test Case 'Test Cases/Final Aug 2018 - PKS Automation/Create Employer Acc/Template/Register Employer' successfully

2018-11-23 17:14:55 - [TEST_CASE][PASSED] - Test Cases/Final Aug 2018 - PKS Automation/Create Employer Acc/Template/Register Employer: Test Cases/Final Aug 2018 - PKS Automation/Create Employer Acc/Template/Register Employer

2018-11-23 17:14:55 - [TEST_STEP][PASSED] - openBrowser: Browser is opened with url: ''

2018-11-23 17:14:55 - [MESSAGE][WARNING] - A browser is already opened. Closing browser and opening a new one

2018-11-23 17:15:00 - [MESSAGE][PASSED] - Browser is opened with url: ''

2018-11-23 17:15:00 - [TEST_STEP][PASSED] - navigateToUrl: Navigate to 'https://assist2-uat.perkeso.gov.my/login' successfully

2018-11-23 17:15:02 - [MESSAGE][PASSED] - Navigate to 'https://assist2-uat.perkeso.gov.my/login' successfully

2018-11-23 17:15:02 - [TEST_STEP][PASSED] - setText: Text 'johorotc1@gmail.com' is set on object 'Object Repository/Final Object Repo/Login Page/Internal User/Email Address'

2018-11-23 17:15:02 - [MESSAGE][PASSED] - Text 'johorotc1@gmail.com' is set on object 'Object Repository/Final Object Repo/Login Page/Internal User/Email Address'

2018-11-23 17:15:02 - [TEST_STEP][PASSED] - click: Object: 'Object Repository/Final Object Repo/Login Page/Internal User/Next Button' is clicked on

2018-11-23 17:15:02 - [MESSAGE][PASSED] - Object: 'Object Repository/Final Object Repo/Login Page/Internal User/Next Button' is clicked on

2018-11-23 17:15:02 - [TEST_STEP][PASSED] - delay: Delayed 1 second(s)

2018-11-23 17:15:03 - [MESSAGE][PASSED] - Delayed 1 second(s)

2018-11-23 17:15:03 - [TEST_STEP][PASSED] - setEncryptedText: Text ****** has been set on object 'Object Repository/Final Object Repo/Login Page/Internal User/Password'

2018-11-23 17:15:03 - [MESSAGE][PASSED] - Text ****** has been set on object 'Object Repository/Final Object Repo/Login Page/Internal User/Password'

2018-11-23 17:15:03 - [TEST_STEP][PASSED] - click: Object: 'Object Repository/Final Object Repo/Login Page/Internal User/Login Button' is clicked on

2018-11-23 17:15:06 - [MESSAGE][PASSED] - Object: 'Object Repository/Final Object Repo/Login Page/Internal User/Login Button' is clicked on

2018-11-23 17:15:06 - [TEST_STEP][PASSED] - delay: Delayed 1 second(s)

2018-11-23 17:15:07 - [MESSAGE][PASSED] - Delayed 1 second(s)

2018-11-23 17:15:07 - [TEST_STEP][PASSED] - navigateToUrl: Navigate to 'https://assist2-uat.perkeso.gov.my/web/base/portal-id/registration' successfully

2018-11-23 17:15:08 - [MESSAGE][PASSED] - Navigate to 'https://assist2-uat.perkeso.gov.my/web/base/portal-id/registration' successfully

2018-11-23 17:15:08 - [TEST_STEP][PASSED] - setText: Text 'AUTOMATION EMPLOYER' is set on object 'Object Repository/Final Object Repo/Creating Employer Account/Page_Registration - ASSIST (Base)/Employer Name'

2018-11-23 17:15:08 - [MESSAGE][PASSED] - Text 'AUTOMATION EMPLOYER' is set on object 'Object Repository/Final Object Repo/Creating Employer Account/Page_Registration - ASSIST (Base)/Employer Name'

2018-11-23 17:15:08 - [TEST_STEP][PASSED] - delay: Delayed 2 second(s)

2018-11-23 17:15:10 - [MESSAGE][PASSED] - Delayed 2 second(s)

2018-11-23 17:15:10 - [TEST_STEP][PASSED] - click: Object: 'Object Repository/Final Object Repo/Creating Employer Account/Page_Registration - ASSIST (Base)/Registration Type' is clicked on

2018-11-23 17:15:11 - [MESSAGE][PASSED] - Object: 'Object Repository/Final Object Repo/Creating Employer Account/Page_Registration - ASSIST (Base)/Registration Type' is clicked on

2018-11-23 17:15:11 - [TEST_STEP][PASSED] - delay: Delayed 2 second(s)

2018-11-23 17:15:13 - [MESSAGE][PASSED] - Delayed 2 second(s)

2018-11-23 17:15:13 - [TEST_STEP][PASSED] - click: Object: 'Object Repository/Final Object Repo/Creating Employer Account/Page_Registration - ASSIST (Base)/Registration Type - Registration No' is clicked on

2018-11-23 17:15:14 - [MESSAGE][PASSED] - Object: 'Object Repository/Final Object Repo/Creating Employer Account/Page_Registration - ASSIST (Base)/Registration Type - Registration No' is clicked on

2018-11-23 17:15:14 - [TEST_STEP][PASSED] - delay: Delayed 2 second(s)

2018-11-23 17:15:16 - [MESSAGE][PASSED] - Delayed 2 second(s)

2018-11-23 17:15:16 - [TEST_STEP][PASSED] - setText: Text '1234567890' is set on object 'Object Repository/Final Object Repo/Creating Employer Account/Page_Registration - ASSIST (Base)/Registration Number'

2018-11-23 17:15:16 - [MESSAGE][PASSED] - Text '1234567890' is set on object 'Object Repository/Final Object Repo/Creating Employer Account/Page_Registration - ASSIST (Base)/Registration Number'

2018-11-23 17:15:16 - [TEST_STEP][PASSED] - delay: Delayed 2 second(s)

2018-11-23 17:15:18 - [MESSAGE][PASSED] - Delayed 2 second(s)

2018-11-23 17:15:18 - [TEST_STEP][PASSED] - setText: Text 'ADDRESS 1' is set on object 'Object Repository/Final Object Repo/Creating Employer Account/Page_Registration - ASSIST (Base)/Postal Address 1'

2018-11-23 17:15:18 - [MESSAGE][PASSED] - Text 'ADDRESS 1' is set on object 'Object Repository/Final Object Repo/Creating Employer Account/Page_Registration - ASSIST (Base)/Postal Address 1'

2018-11-23 17:15:18 - [TEST_STEP][PASSED] - setText: Text 'ADDRESS 2' is set on object 'Object Repository/Final Object Repo/Creating Employer Account/Page_Registration - ASSIST (Base)/Postal Address 2'

2018-11-23 17:15:18 - [MESSAGE][PASSED] - Text 'ADDRESS 2' is set on object 'Object Repository/Final Object Repo/Creating Employer Account/Page_Registration - ASSIST (Base)/Postal Address 2'

2018-11-23 17:15:18 - [TEST_STEP][PASSED] - click: Object: 'Object Repository/Final Object Repo/Creating Employer Account/Page_Registration - ASSIST (Base)/State' is clicked on

2018-11-23 17:15:19 - [MESSAGE][PASSED] - Object: 'Object Repository/Final Object Repo/Creating Employer Account/Page_Registration - ASSIST (Base)/State' is clicked on

2018-11-23 17:15:19 - [TEST_STEP][PASSED] - delay: Delayed 2 second(s)

2018-11-23 17:15:21 - [MESSAGE][PASSED] - Delayed 2 second(s)

2018-11-23 17:15:21 - [TEST_STEP][PASSED] - click: Object: 'Object Repository/Final Object Repo/Creating Employer Account/Page_Registration - ASSIST (Base)/State - Johor' is clicked on

2018-11-23 17:15:21 - [MESSAGE][PASSED] - Object: 'Object Repository/Final Object Repo/Creating Employer Account/Page_Registration - ASSIST (Base)/State - Johor' is clicked on

2018-11-23 17:15:21 - [TEST_STEP][PASSED] - delay: Delayed 2 second(s)

2018-11-23 17:15:23 - [MESSAGE][PASSED] - Delayed 2 second(s)

2018-11-23 17:15:23 - [TEST_STEP][PASSED] - click: Object: 'Object Repository/Final Object Repo/Creating Employer Account/Page_Registration - ASSIST (Base)/City' is clicked on

2018-11-23 17:15:24 - [MESSAGE][PASSED] - Object: 'Object Repository/Final Object Repo/Creating Employer Account/Page_Registration - ASSIST (Base)/City' is clicked on

2018-11-23 17:15:24 - [TEST_STEP][PASSED] - delay: Delayed 2 second(s)

2018-11-23 17:15:26 - [MESSAGE][PASSED] - Delayed 2 second(s)

2018-11-23 17:15:26 - [TEST_STEP][PASSED] - setText: Text 'joh' is set on object 'Object Repository/Final Object Repo/Creating Employer Account/Page_Registration - ASSIST (Base)/City - joh'

2018-11-23 17:15:26 - [MESSAGE][PASSED] - Text 'joh' is set on object 'Object Repository/Final Object Repo/Creating Employer Account/Page_Registration - ASSIST (Base)/City - joh'

2018-11-23 17:15:26 - [TEST_STEP][PASSED] - delay: Delayed 2 second(s)

2018-11-23 17:15:28 - [MESSAGE][PASSED] - Delayed 2 second(s)

2018-11-23 17:15:28 - [TEST_STEP][PASSED] - click: Object: 'Object Repository/Final Object Repo/Creating Employer Account/Page_Registration - ASSIST (Base)/City - Johor Bharu' is clicked on

2018-11-23 17:15:29 - [MESSAGE][PASSED] - Object: 'Object Repository/Final Object Repo/Creating Employer Account/Page_Registration - ASSIST (Base)/City - Johor Bharu' is clicked on

2018-11-23 17:15:29 - [TEST_STEP][PASSED] - delay: Delayed 2 second(s)

2018-11-23 17:15:31 - [MESSAGE][PASSED] - Delayed 2 second(s)

2018-11-23 17:15:31 - [TEST_STEP][PASSED] - click: Object: 'Object Repository/Final Object Repo/Creating Employer Account/Page_Registration - ASSIST (Base)/Post Code' is clicked on

2018-11-23 17:15:31 - [MESSAGE][PASSED] - Object: 'Object Repository/Final Object Repo/Creating Employer Account/Page_Registration - ASSIST (Base)/Post Code' is clicked on

2018-11-23 17:15:31 - [TEST_STEP][PASSED] - delay: Delayed 2 second(s)

2018-11-23 17:15:33 - [MESSAGE][PASSED] - Delayed 2 second(s)

2018-11-23 17:15:33 - [TEST_STEP][PASSED] - setText: Text '810' is set on object 'Object Repository/Final Object Repo/Creating Employer Account/Page_Registration - ASSIST (Base)/Post Code - 810'

2018-11-23 17:15:33 - [MESSAGE][PASSED] - Text '810' is set on object 'Object Repository/Final Object Repo/Creating Employer Account/Page_Registration - ASSIST (Base)/Post Code - 810'

2018-11-23 17:15:33 - [TEST_STEP][PASSED] - delay: Delayed 2 second(s)

2018-11-23 17:15:35 - [MESSAGE][PASSED] - Delayed 2 second(s)

2018-11-23 17:15:35 - [TEST_STEP][PASSED] - click: Object: 'Object Repository/Final Object Repo/Creating Employer Account/Page_Registration - ASSIST (Base)/Post Code - 81000' is clicked on

2018-11-23 17:15:36 - [MESSAGE][PASSED] - Object: 'Object Repository/Final Object Repo/Creating Employer Account/Page_Registration - ASSIST (Base)/Post Code - 81000' is clicked on

2018-11-23 17:15:36 - [TEST_STEP][PASSED] - delay: Delayed 2 second(s)

2018-11-23 17:15:38 - [MESSAGE][PASSED] - Delayed 2 second(s)

2018-11-23 17:15:38 - [TEST_STEP][PASSED] - setText: Text 'PERKESO' is set on object 'Object Repository/Final Object Repo/Creating Employer Account/Page_Registration - ASSIST (Base)/Full Name'

2018-11-23 17:15:38 - [MESSAGE][PASSED] - Text 'PERKESO' is set on object 'Object Repository/Final Object Repo/Creating Employer Account/Page_Registration - ASSIST (Base)/Full Name'

2018-11-23 17:15:38 - [TEST_STEP][PASSED] - Statement - rnd = new java.util.Random(): null

2018-11-23 17:15:38 - [TEST_STEP][PASSED] - Statement - snum = rnd.nextInt(899999 + 1) + 100000: null

2018-11-23 17:15:38 - [TEST_STEP][PASSED] - Statement - tnum = rnd.nextInt(899999 + 1) + 100000: null

2018-11-23 17:15:38 - [TEST_STEP][PASSED] - Statement - IC = java.lang.Integer.toString(snum) + java.lang.Integer.toString(tnum): null

2018-11-23 17:15:38 - [TEST_STEP][PASSED] - Statement - out.println(IC): null

2018-11-23 17:15:38 - [TEST_STEP][PASSED] - setText: Text '961012583892' is set on object 'Object Repository/Final Object Repo/Creating Employer Account/Page_Registration - ASSIST (Base)/Identification Number'

2018-11-23 17:15:38 - [MESSAGE][PASSED] - Text '961012583892' is set on object 'Object Repository/Final Object Repo/Creating Employer Account/Page_Registration - ASSIST (Base)/Identification Number'

2018-11-23 17:15:38 - [TEST_STEP][PASSED] - delay: Delayed 2 second(s)

2018-11-23 17:15:40 - [MESSAGE][PASSED] - Delayed 2 second(s)

2018-11-23 17:15:40 - [TEST_STEP][PASSED] - setText: Text '123456789012' is set on object 'Object Repository/Final Object Repo/Creating Employer Account/Page_Registration - ASSIST (Base)/Contact Number'

2018-11-23 17:15:41 - [MESSAGE][PASSED] - Text '123456789012' is set on object 'Object Repository/Final Object Repo/Creating Employer Account/Page_Registration - ASSIST (Base)/Contact Number'

2018-11-23 17:15:41 - [TEST_STEP][PASSED] - Statement - Email = "perkeso" + IC + "@gmail.com": null

2018-11-23 17:15:41 - [TEST_STEP][PASSED] - delay: Delayed 2 second(s)

2018-11-23 17:15:43 - [MESSAGE][PASSED] - Delayed 2 second(s)

2018-11-23 17:15:43 - [TEST_STEP][PASSED] - callTestCase: Call Test Case 'Test Cases/Final Aug 2018 - PKS Automation/Create Employer Acc/Template/Employer Email Settler' successfully

2018-11-23 17:15:43 - [TEST_CASE][PASSED] - Test Cases/Final Aug 2018 - PKS Automation/Create Employer Acc/Template/Employer Email Settler: Test Cases/Final Aug 2018 - PKS Automation/Create Employer Acc/Template/Employer Email Settler

2018-11-23 17:15:43 - [TEST_STEP][PASSED] - Statement - EmpEmailOld = new java.io.File(C://Users//Admin//Desktop//PKS//Automation Reference Point//EmpEmail.txt): null

2018-11-23 17:15:43 - [TEST_STEP][PASSED] - Statement - EmpEmailOld.delete(): null

2018-11-23 17:15:43 - [TEST_STEP][PASSED] - Statement - EmpEmail = new java.io.File(C://Users//Admin//Desktop//PKS//Automation Reference Point//EmpEmail.txt): null

2018-11-23 17:15:43 - [TEST_STEP][PASSED] - Statement - EmpEmail.append(Email): null

2018-11-23 17:15:43 - [TEST_STEP][PASSED] - Statement - out.println(Email): null

2018-11-23 17:15:43 - [MESSAGE][PASSED] - Call Test Case 'Test Cases/Final Aug 2018 - PKS Automation/Create Employer Acc/Template/Employer Email Settler' successfully

2018-11-23 17:15:43 - [TEST_STEP][PASSED] - delay: Delayed 2 second(s)

2018-11-23 17:15:45 - [MESSAGE][PASSED] - Delayed 2 second(s)

2018-11-23 17:15:45 - [TEST_STEP][PASSED] - setText: Text 'perkeso961012583892@gmail.com' is set on object 'Object Repository/Final Object Repo/Creating Employer Account/Page_Registration - ASSIST (Base)/Email'

2018-11-23 17:15:45 - [MESSAGE][PASSED] - Text 'perkeso961012583892@gmail.com' is set on object 'Object Repository/Final Object Repo/Creating Employer Account/Page_Registration - ASSIST (Base)/Email'

2018-11-23 17:15:45 - [TEST_STEP][PASSED] - setText: Text '123' is set on object 'Object Repository/Final Object Repo/Creating Employer Account/Page_Registration - ASSIST (Base)/Security Phase'

2018-11-23 17:15:45 - [MESSAGE][PASSED] - Text '123' is set on object 'Object Repository/Final Object Repo/Creating Employer Account/Page_Registration - ASSIST (Base)/Security Phase'

2018-11-23 17:15:45 - [TEST_STEP][PASSED] - click: Object: 'Object Repository/Final Object Repo/Creating Employer Account/Page_Registration - ASSIST (Base)/Save  Continue' is clicked on

2018-11-23 17:15:47 - [MESSAGE][PASSED] - Object: 'Object Repository/Final Object Repo/Creating Employer Account/Page_Registration - ASSIST (Base)/Save  Continue' is clicked on

2018-11-23 17:15:47 - [TEST_STEP][PASSED] - delay: Delayed 2 second(s)

2018-11-23 17:15:49 - [MESSAGE][PASSED] - Delayed 2 second(s)

2018-11-23 17:15:49 - [TEST_STEP][PASSED] - click: Object: 'Object Repository/Final Object Repo/Creating Employer Account/Page_Registration - ASSIST (Base)/Add Document' is clicked on

2018-11-23 17:15:49 - [MESSAGE][PASSED] - Object: 'Object Repository/Final Object Repo/Creating Employer Account/Page_Registration - ASSIST (Base)/Add Document' is clicked on

2018-11-23 17:15:49 - [TEST_STEP][PASSED] - delay: Delayed 2 second(s)

2018-11-23 17:15:51 - [MESSAGE][PASSED] - Delayed 2 second(s)

2018-11-23 17:15:51 - [TEST_STEP][PASSED] - click: Object: 'Object Repository/Final Object Repo/Creating Employer Account/Page_Registration - ASSIST (Base)/Document Type' is clicked on

2018-11-23 17:15:51 - [MESSAGE][PASSED] - Object: 'Object Repository/Final Object Repo/Creating Employer Account/Page_Registration - ASSIST (Base)/Document Type' is clicked on

2018-11-23 17:15:51 - [TEST_STEP][PASSED] - delay: Delayed 2 second(s)

2018-11-23 17:15:53 - [MESSAGE][PASSED] - Delayed 2 second(s)

2018-11-23 17:15:53 - [TEST_STEP][PASSED] - click: Object: 'Object Repository/Final Object Repo/Creating Employer Account/Page_Registration - ASSIST (Base)/Document Type - Letter of Authorization' is clicked on

2018-11-23 17:15:54 - [MESSAGE][PASSED] - Object: 'Object Repository/Final Object Repo/Creating Employer Account/Page_Registration - ASSIST (Base)/Document Type - Letter of Authorization' is clicked on

2018-11-23 17:15:54 - [TEST_STEP][PASSED] - delay: Delayed 2 second(s)

2018-11-23 17:15:56 - [MESSAGE][PASSED] - Delayed 2 second(s)

2018-11-23 17:15:56 - [TEST_STEP][PASSED] - sendKeys: Keys 'C:\Users\Public\Pictures\Sample Pictures\Koala.jpg' sent to object: 'Object Repository/Final Object Repo/Creating Employer Account/Page_Registration - ASSIST (Base)/Uploading File'

2018-11-23 17:15:56 - [MESSAGE][PASSED] - Keys 'C:\Users\Public\Pictures\Sample Pictures\Koala.jpg' sent to object: 'Object Repository/Final Object Repo/Creating Employer Account/Page_Registration - ASSIST (Base)/Uploading File'

2018-11-23 17:15:56 - [TEST_STEP][PASSED] - delay: Delayed 2 second(s)

2018-11-23 17:15:58 - [MESSAGE][PASSED] - Delayed 2 second(s)

2018-11-23 17:15:58 - [TEST_STEP][PASSED] - click: Object: 'Object Repository/Final Object Repo/Creating Employer Account/Page_Registration - ASSIST (Base)/Add Document in Uploading File' is clicked on

2018-11-23 17:16:00 - [MESSAGE][PASSED] - Object: 'Object Repository/Final Object Repo/Creating Employer Account/Page_Registration - ASSIST (Base)/Add Document in Uploading File' is clicked on

2018-11-23 17:16:00 - [TEST_STEP][PASSED] - delay: Delayed 2 second(s)

2018-11-23 17:16:02 - [MESSAGE][PASSED] - Delayed 2 second(s)

2018-11-23 17:16:02 - [TEST_STEP][PASSED] - click: Object: 'Object Repository/Final Object Repo/Creating Employer Account/Page_Registration - ASSIST (Base)/Save' is clicked on

2018-11-23 17:16:04 - [MESSAGE][PASSED] - Object: 'Object Repository/Final Object Repo/Creating Employer Account/Page_Registration - ASSIST (Base)/Save' is clicked on

2018-11-23 17:16:04 - [TEST_STEP][PASSED] - delay: Delayed 2 second(s)

2018-11-23 17:16:06 - [MESSAGE][PASSED] - Delayed 2 second(s)

2018-11-23 17:16:06 - [TEST_STEP][PASSED] - click: Object: 'Object Repository/Final Object Repo/Creating Employer Account/Page_Registration - ASSIST (Base)/Submit' is clicked on

2018-11-23 17:16:06 - [MESSAGE][PASSED] - Object: 'Object Repository/Final Object Repo/Creating Employer Account/Page_Registration - ASSIST (Base)/Submit' is clicked on

2018-11-23 17:16:06 - [TEST_STEP][PASSED] - delay: Delayed 2 second(s)

2018-11-23 17:16:08 - [MESSAGE][PASSED] - Delayed 2 second(s)

2018-11-23 17:16:08 - [TEST_STEP][PASSED] - click: Object: 'Object Repository/Final Object Repo/Creating Employer Account/Page_Registration - ASSIST (Base)/Confirm' is clicked on

2018-11-23 17:16:11 - [MESSAGE][PASSED] - Object: 'Object Repository/Final Object Repo/Creating Employer Account/Page_Registration - ASSIST (Base)/Confirm' is clicked on

2018-11-23 17:16:11 - [MESSAGE][PASSED] - Call Test Case 'Test Cases/Final Aug 2018 - PKS Automation/Create Employer Acc/Template/Register Employer' successfully

2018-11-23 17:16:11 - [TEST_STEP][PASSED] - delay: Delayed 1 second(s)

2018-11-23 17:16:12 - [MESSAGE][PASSED] - Delayed 1 second(s)

2018-11-23 17:16:12 - [TEST_STEP][PASSED] - navigateToUrl: Navigate to 'https://assist2-uat.perkeso.gov.my/c/portal/logout' successfully

2018-11-23 17:16:13 - [MESSAGE][PASSED] - Navigate to 'https://assist2-uat.perkeso.gov.my/c/portal/logout' successfully

2018-11-23 17:16:13 - [TEST_STEP][PASSED] - delay: Delayed 1 second(s)

2018-11-23 17:16:14 - [MESSAGE][PASSED] - Delayed 1 second(s)

2018-11-23 17:16:14 - [TEST_STEP][PASSED] - callTestCase: Call Test Case 'Test Cases/Final Aug 2018 - PKS Automation/Create Employer Acc/Template/Change Password of Employer' successfully

2018-11-23 17:16:14 - [TEST_CASE][PASSED] - Test Cases/Final Aug 2018 - PKS Automation/Create Employer Acc/Template/Change Password of Employer: Test Cases/Final Aug 2018 - PKS Automation/Create Employer Acc/Template/Change Password of Employer

2018-11-23 17:16:14 - [TEST_STEP][PASSED] - openBrowser: Browser is opened with url: ''

2018-11-23 17:16:14 - [MESSAGE][WARNING] - A browser is already opened. Closing browser and opening a new one

2018-11-23 17:16:19 - [MESSAGE][PASSED] - Browser is opened with url: ''

2018-11-23 17:16:19 - [TEST_STEP][PASSED] - navigateToUrl: Navigate to 'https://assist2-uat.perkeso.gov.my/login' successfully

2018-11-23 17:16:21 - [MESSAGE][PASSED] - Navigate to 'https://assist2-uat.perkeso.gov.my/login' successfully

2018-11-23 17:16:21 - [TEST_STEP][PASSED] - delay: Delayed 5 second(s)

2018-11-23 17:16:26 - [MESSAGE][PASSED] - Delayed 5 second(s)

2018-11-23 17:16:26 - [TEST_STEP][PASSED] - setText: Text 'test@liferay.com' is set on object 'Object Repository/Final Object Repo/Login Page/Internal User/Email Address'

2018-11-23 17:16:26 - [MESSAGE][PASSED] - Text 'test@liferay.com' is set on object 'Object Repository/Final Object Repo/Login Page/Internal User/Email Address'

2018-11-23 17:16:26 - [TEST_STEP][PASSED] - click: Object: 'Object Repository/Final Object Repo/Login Page/Internal User/Next Button' is clicked on

2018-11-23 17:16:26 - [MESSAGE][PASSED] - Object: 'Object Repository/Final Object Repo/Login Page/Internal User/Next Button' is clicked on

2018-11-23 17:16:26 - [TEST_STEP][PASSED] - delay: Delayed 2 second(s)

2018-11-23 17:16:28 - [MESSAGE][PASSED] - Delayed 2 second(s)

2018-11-23 17:16:28 - [TEST_STEP][PASSED] - setText: Text 'test' is set on object 'Object Repository/Final Object Repo/Login Page/Internal User/Password'

2018-11-23 17:16:28 - [MESSAGE][PASSED] - Text 'test' is set on object 'Object Repository/Final Object Repo/Login Page/Internal User/Password'

2018-11-23 17:16:28 - [TEST_STEP][PASSED] - delay: Delayed 2 second(s)

2018-11-23 17:16:30 - [MESSAGE][PASSED] - Delayed 2 second(s)

2018-11-23 17:16:30 - [TEST_STEP][PASSED] - click: Object: 'Object Repository/Final Object Repo/Login Page/Internal User/Login Button' is clicked on

2018-11-23 17:16:33 - [MESSAGE][PASSED] - Object: 'Object Repository/Final Object Repo/Login Page/Internal User/Login Button' is clicked on

2018-11-23 17:16:33 - [TEST_STEP][PASSED] - delay: Delayed 3 second(s)

2018-11-23 17:16:36 - [MESSAGE][PASSED] - Delayed 3 second(s)

2018-11-23 17:16:36 - [TEST_STEP][PASSED] - navigateToUrl: Navigate to 'https://assist2-uat.perkeso.gov.my/group/control_panel/manage?p_p_id=125&p_p_lifecycle=0&p_p_state=maximized&p_p_mode=view&refererPlid=20455&_125_usersListView=flat-users&_125_toolbarItem=view-all-users&_125_saveUsersListView=true&_125_struts_action=%2Fusers_admin%2Fview' successfully

2018-11-23 17:16:37 - [MESSAGE][PASSED] - Navigate to 'https://assist2-uat.perkeso.gov.my/group/control_panel/manage?p_p_id=125&p_p_lifecycle=0&p_p_state=maximized&p_p_mode=view&refererPlid=20455&_125_usersListView=flat-users&_125_toolbarItem=view-all-users&_125_saveUsersListView=true&_125_struts_action=%2Fusers_admin%2Fview' successfully

2018-11-23 17:16:37 - [TEST_STEP][PASSED] - delay: Delayed 3 second(s)

2018-11-23 17:16:40 - [MESSAGE][PASSED] - Delayed 3 second(s)

2018-11-23 17:16:40 - [TEST_STEP][PASSED] - setText: Text 'perkeso961012583892@gmail.com' is set on object 'Object Repository/Final Object Repo/Creating Employer Account/Page_Users and Organizations - ASSIST/Employer name'

2018-11-23 17:16:41 - [MESSAGE][PASSED] - Text 'perkeso961012583892@gmail.com' is set on object 'Object Repository/Final Object Repo/Creating Employer Account/Page_Users and Organizations - ASSIST/Employer name'

2018-11-23 17:16:41 - [TEST_STEP][PASSED] - delay: Delayed 3 second(s)

2018-11-23 17:16:44 - [MESSAGE][PASSED] - Delayed 3 second(s)

2018-11-23 17:16:44 - [TEST_STEP][PASSED] - click: Object: 'Object Repository/Final Object Repo/Creating Employer Account/Page_Users and Organizations - ASSIST/Search' is clicked on

2018-11-23 17:16:45 - [MESSAGE][PASSED] - Object: 'Object Repository/Final Object Repo/Creating Employer Account/Page_Users and Organizations - ASSIST/Search' is clicked on

2018-11-23 17:16:45 - [TEST_STEP][PASSED] - delay: Delayed 3 second(s)

2018-11-23 17:16:48 - [MESSAGE][PASSED] - Delayed 3 second(s)

2018-11-23 17:16:48 - [TEST_STEP][PASSED] - click: Object: 'Object Repository/Final Object Repo/Creating Employer Account/Page_Users and Organizations - ASSIST/Action' is clicked on

2018-11-23 17:16:48 - [MESSAGE][PASSED] - Object: 'Object Repository/Final Object Repo/Creating Employer Account/Page_Users and Organizations - ASSIST/Action' is clicked on

2018-11-23 17:16:48 - [TEST_STEP][PASSED] - delay: Delayed 3 second(s)

2018-11-23 17:16:51 - [MESSAGE][PASSED] - Delayed 3 second(s)

2018-11-23 17:16:51 - [TEST_STEP][PASSED] - click: Object: 'Object Repository/Final Object Repo/Creating Employer Account/Page_Users and Organizations - ASSIST/Edit' is clicked on

2018-11-23 17:16:53 - [MESSAGE][PASSED] - Object: 'Object Repository/Final Object Repo/Creating Employer Account/Page_Users and Organizations - ASSIST/Edit' is clicked on

2018-11-23 17:16:53 - [TEST_STEP][PASSED] - delay: Delayed 3 second(s)

2018-11-23 17:16:56 - [MESSAGE][PASSED] - Delayed 3 second(s)

2018-11-23 17:16:56 - [TEST_STEP][PASSED] - click: Object: 'Object Repository/Final Object Repo/Creating Employer Account/Page_PERKESO - Users and Organizati/a_Password (Modified)' is clicked on

2018-11-23 17:16:56 - [MESSAGE][PASSED] - Object: 'Object Repository/Final Object Repo/Creating Employer Account/Page_PERKESO - Users and Organizati/a_Password (Modified)' is clicked on

2018-11-23 17:16:56 - [TEST_STEP][PASSED] - delay: Delayed 3 second(s)

2018-11-23 17:16:59 - [MESSAGE][PASSED] - Delayed 3 second(s)

2018-11-23 17:16:59 - [TEST_STEP][PASSED] - setEncryptedText: Text ****** has been set on object 'Object Repository/Final Object Repo/Creating Employer Account/Page_PERKESO - Users and Organizati/input__125_password1'

2018-11-23 17:16:59 - [MESSAGE][PASSED] - Text ****** has been set on object 'Object Repository/Final Object Repo/Creating Employer Account/Page_PERKESO - Users and Organizati/input__125_password1'

2018-11-23 17:16:59 - [TEST_STEP][PASSED] - delay: Delayed 3 second(s)

2018-11-23 17:17:02 - [MESSAGE][PASSED] - Delayed 3 second(s)

2018-11-23 17:17:02 - [TEST_STEP][PASSED] - setEncryptedText: Text ****** has been set on object 'Object Repository/Final Object Repo/Creating Employer Account/Page_PERKESO - Users and Organizati/input__125_password2'

2018-11-23 17:17:03 - [MESSAGE][PASSED] - Text ****** has been set on object 'Object Repository/Final Object Repo/Creating Employer Account/Page_PERKESO - Users and Organizati/input__125_password2'

2018-11-23 17:17:03 - [TEST_STEP][PASSED] - delay: Delayed 3 second(s)

2018-11-23 17:17:06 - [MESSAGE][PASSED] - Delayed 3 second(s)

2018-11-23 17:17:06 - [TEST_STEP][PASSED] - click: Object: 'Object Repository/Final Object Repo/Creating Employer Account/Page_PERKESO - Users and Organizati/Save' is clicked on

2018-11-23 17:17:08 - [MESSAGE][PASSED] - Object: 'Object Repository/Final Object Repo/Creating Employer Account/Page_PERKESO - Users and Organizati/Save' is clicked on

2018-11-23 17:17:08 - [MESSAGE][PASSED] - Call Test Case 'Test Cases/Final Aug 2018 - PKS Automation/Create Employer Acc/Template/Change Password of Employer' successfully

2018-11-23 17:17:08 - [TEST_STEP][PASSED] - delay: Delayed 1 second(s)

2018-11-23 17:17:09 - [MESSAGE][PASSED] - Delayed 1 second(s)

2018-11-23 17:17:09 - [TEST_STEP][PASSED] - navigateToUrl: Navigate to 'https://assist2-uat.perkeso.gov.my/c/portal/logout' successfully

2018-11-23 17:17:10 - [MESSAGE][PASSED] - Navigate to 'https://assist2-uat.perkeso.gov.my/c/portal/logout' successfully

2018-11-23 17:17:10 - [TEST_STEP][PASSED] - delay: Delayed 1 second(s)

2018-11-23 17:17:11 - [MESSAGE][PASSED] - Delayed 1 second(s)

2018-11-23 17:17:11 - [TEST_STEP][PASSED] - callTestCase: Call Test Case 'Test Cases/Final Aug 2018 - PKS Automation/Create Employer Acc/Template/Login to Employer Account (First Time)' successfully

2018-11-23 17:17:11 - [TEST_CASE][PASSED] - Test Cases/Final Aug 2018 - PKS Automation/Create Employer Acc/Template/Login to Employer Account (First Time): Test Cases/Final Aug 2018 - PKS Automation/Create Employer Acc/Template/Login to Employer Account (First Time)

2018-11-23 17:17:11 - [TEST_STEP][PASSED] - openBrowser: Browser is opened with url: ''

2018-11-23 17:17:11 - [MESSAGE][WARNING] - A browser is already opened. Closing browser and opening a new one

2018-11-23 17:17:15 - [MESSAGE][PASSED] - Browser is opened with url: ''

2018-11-23 17:17:15 - [TEST_STEP][PASSED] - navigateToUrl: Navigate to 'https://assist2-uat.perkeso.gov.my/employer/login' successfully

2018-11-23 17:17:17 - [MESSAGE][PASSED] - Navigate to 'https://assist2-uat.perkeso.gov.my/employer/login' successfully

2018-11-23 17:17:17 - [TEST_STEP][PASSED] - delay: Delayed 3 second(s)

2018-11-23 17:17:20 - [MESSAGE][PASSED] - Delayed 3 second(s)

2018-11-23 17:17:20 - [TEST_STEP][PASSED] - callTestCase: Call Test Case 'Test Cases/Final Aug 2018 - PKS Automation/Create Employer Acc/Template/Employer Email Getter' successfully

2018-11-23 17:17:20 - [TEST_CASE][PASSED] - Test Cases/Final Aug 2018 - PKS Automation/Create Employer Acc/Template/Employer Email Getter: Test Cases/Final Aug 2018 - PKS Automation/Create Employer Acc/Template/Employer Email Getter

2018-11-23 17:17:20 - [TEST_STEP][PASSED] - Statement - Try: null

2018-11-23 17:17:20 - [TEST_STEP][PASSED] - Statement - EmpEmail = new java.io.File(C://Users//Admin//Desktop//PKS//Automation Reference Point//EmpEmail.txt): null

2018-11-23 17:17:20 - [TEST_STEP][PASSED] - Statement - bufferread = new java.io.BufferedReader(new java.io.FileReader(EmpEmail)): null

2018-11-23 17:17:20 - [TEST_STEP][PASSED] - Statement - readedVal = bufferread.readLine(): null

2018-11-23 17:17:20 - [TEST_STEP][PASSED] - Statement - out.println(readedVal): null

2018-11-23 17:17:20 - [TEST_STEP][PASSED] - Statement - Email = readedVal: null

2018-11-23 17:17:20 - [MESSAGE][PASSED] - Call Test Case 'Test Cases/Final Aug 2018 - PKS Automation/Create Employer Acc/Template/Employer Email Getter' successfully

2018-11-23 17:17:20 - [TEST_STEP][PASSED] - setText: Text 'perkeso961012583892@gmail.com' is set on object 'Object Repository/Final Object Repo/Login Page/External Login Page/Email'

2018-11-23 17:17:20 - [MESSAGE][PASSED] - Text 'perkeso961012583892@gmail.com' is set on object 'Object Repository/Final Object Repo/Login Page/External Login Page/Email'

2018-11-23 17:17:20 - [TEST_STEP][PASSED] - click: Object: 'Object Repository/Final Object Repo/Login Page/External Login Page/Next' is clicked on

2018-11-23 17:17:20 - [MESSAGE][PASSED] - Object: 'Object Repository/Final Object Repo/Login Page/External Login Page/Next' is clicked on

2018-11-23 17:17:20 - [TEST_STEP][PASSED] - delay: Delayed 3 second(s)

2018-11-23 17:17:23 - [MESSAGE][PASSED] - Delayed 3 second(s)

2018-11-23 17:17:23 - [TEST_STEP][PASSED] - setEncryptedText: Text ****** has been set on object 'Object Repository/Final Object Repo/Login Page/External Login Page/Password'

2018-11-23 17:17:24 - [MESSAGE][PASSED] - Text ****** has been set on object 'Object Repository/Final Object Repo/Login Page/External Login Page/Password'

2018-11-23 17:17:24 - [TEST_STEP][PASSED] - click: Object: 'Object Repository/Final Object Repo/Login Page/External Login Page/Login' is clicked on

2018-11-23 17:17:26 - [MESSAGE][PASSED] - Object: 'Object Repository/Final Object Repo/Login Page/External Login Page/Login' is clicked on

2018-11-23 17:17:26 - [TEST_STEP][PASSED] - delay: Delayed 3 second(s)

2018-11-23 17:17:29 - [MESSAGE][PASSED] - Delayed 3 second(s)

2018-11-23 17:17:29 - [TEST_STEP][PASSED] - click: Object: 'Object Repository/Final Object Repo/Creating Employer Account/Page_Terms of Use - ASSIST/button_I Agree' is clicked on

2018-11-23 17:17:30 - [MESSAGE][PASSED] - Object: 'Object Repository/Final Object Repo/Creating Employer Account/Page_Terms of Use - ASSIST/button_I Agree' is clicked on

2018-11-23 17:17:30 - [TEST_STEP][PASSED] - delay: Delayed 2 second(s)

2018-11-23 17:17:32 - [MESSAGE][PASSED] - Delayed 2 second(s)

2018-11-23 17:17:32 - [TEST_STEP][PASSED] - setEncryptedText: Text ****** has been set on object 'Object Repository/Final Object Repo/Creating Employer Account/Page_New Password - ASSIST/input_password1'

2018-11-23 17:17:32 - [MESSAGE][PASSED] - Text ****** has been set on object 'Object Repository/Final Object Repo/Creating Employer Account/Page_New Password - ASSIST/input_password1'

2018-11-23 17:17:32 - [TEST_STEP][PASSED] - setEncryptedText: Text ****** has been set on object 'Object Repository/Final Object Repo/Creating Employer Account/Page_New Password - ASSIST/input_password2'

2018-11-23 17:17:32 - [MESSAGE][PASSED] - Text ****** has been set on object 'Object Repository/Final Object Repo/Creating Employer Account/Page_New Password - ASSIST/input_password2'

2018-11-23 17:17:32 - [TEST_STEP][PASSED] - delay: Delayed 2 second(s)

2018-11-23 17:17:34 - [MESSAGE][PASSED] - Delayed 2 second(s)

2018-11-23 17:17:34 - [TEST_STEP][PASSED] - click: Object: 'Object Repository/Final Object Repo/Creating Employer Account/Page_New Password - ASSIST/Save' is clicked on

2018-11-23 17:17:36 - [MESSAGE][PASSED] - Object: 'Object Repository/Final Object Repo/Creating Employer Account/Page_New Password - ASSIST/Save' is clicked on

2018-11-23 17:17:36 - [TEST_STEP][PASSED] - delay: Delayed 2 second(s)

2018-11-23 17:17:38 - [MESSAGE][PASSED] - Delayed 2 second(s)

2018-11-23 17:17:38 - [TEST_STEP][PASSED] - setText: Text 'test' is set on object 'Object Repository/Final Object Repo/Creating Employer Account/Page_Password Reminder - ASSIST/Reminder Query Answer'

2018-11-23 17:17:38 - [MESSAGE][PASSED] - Text 'test' is set on object 'Object Repository/Final Object Repo/Creating Employer Account/Page_Password Reminder - ASSIST/Reminder Query Answer'

2018-11-23 17:17:38 - [TEST_STEP][PASSED] - delay: Delayed 2 second(s)

2018-11-23 17:17:40 - [MESSAGE][PASSED] - Delayed 2 second(s)

2018-11-23 17:17:40 - [TEST_STEP][PASSED] - doubleClick: Object: 'Object Repository/Final Object Repo/Creating Employer Account/Page_Password Reminder - ASSIST/Save' is double clicked on

2018-11-23 17:17:40 - [MESSAGE][PASSED] - Object: 'Object Repository/Final Object Repo/Creating Employer Account/Page_Password Reminder - ASSIST/Save' is double clicked on

2018-11-23 17:17:40 - [MESSAGE][PASSED] - Call Test Case 'Test Cases/Final Aug 2018 - PKS Automation/Create Employer Acc/Template/Login to Employer Account (First Time)' successfully

2018-11-23 17:17:40 - [MESSAGE][PASSED] - Call Test Case 'Test Cases/Final Aug 2018 - PKS Automation/Create Employer Acc/Create Employer Account' successfully

2018-11-23 17:17:40 - [TEST_STEP][PASSED] - callTestCase: Call Test Case 'Test Cases/Final Aug 2018 - PKS Automation/Registration Module/Log Out/log out avoiding katalon tagging' successfully

2018-11-23 17:17:41 - [TEST_CASE][PASSED] - Test Cases/Final Aug 2018 - PKS Automation/Registration Module/Log Out/log out avoiding katalon tagging: Test Cases/Final Aug 2018 - PKS Automation/Registration Module/Log Out/log out avoiding katalon tagging

2018-11-23 17:17:41 - [TEST_STEP][PASSED] - navigateToUrl: Navigate to 'https://assist2-uat.perkeso.gov.my/c/portal/logout' successfully

2018-11-23 17:17:42 - [MESSAGE][PASSED] - Navigate to 'https://assist2-uat.perkeso.gov.my/c/portal/logout' successfully

2018-11-23 17:17:42 - [MESSAGE][PASSED] - Call Test Case 'Test Cases/Final Aug 2018 - PKS Automation/Registration Module/Log Out/log out avoiding katalon tagging' successfully

2018-11-23 17:17:42 - [TEST_STEP][PASSED] - callTestCase: Call Test Case 'Test Cases/Final Aug 2018 - PKS Automation/Create Employer Acc/Login to Employer Account (Second time)' successfully

2018-11-23 17:17:42 - [TEST_CASE][PASSED] - Test Cases/Final Aug 2018 - PKS Automation/Create Employer Acc/Login to Employer Account (Second time): Test Cases/Final Aug 2018 - PKS Automation/Create Employer Acc/Login to Employer Account (Second time)

2018-11-23 17:17:42 - [TEST_STEP][PASSED] - openBrowser: Browser is opened with url: ''

2018-11-23 17:17:42 - [MESSAGE][WARNING] - A browser is already opened. Closing browser and opening a new one

2018-11-23 17:17:46 - [MESSAGE][PASSED] - Browser is opened with url: ''

2018-11-23 17:17:46 - [TEST_STEP][PASSED] - navigateToUrl: Navigate to 'https://assist2-uat.perkeso.gov.my/employer/login' successfully

2018-11-23 17:17:48 - [MESSAGE][PASSED] - Navigate to 'https://assist2-uat.perkeso.gov.my/employer/login' successfully

2018-11-23 17:17:48 - [TEST_STEP][PASSED] - delay: Delayed 3 second(s)

2018-11-23 17:17:51 - [MESSAGE][PASSED] - Delayed 3 second(s)

2018-11-23 17:17:51 - [TEST_STEP][PASSED] - callTestCase: Call Test Case 'Test Cases/Final Aug 2018 - PKS Automation/Create Employer Acc/Template/Employer Email Getter' successfully

2018-11-23 17:17:51 - [TEST_CASE][PASSED] - Test Cases/Final Aug 2018 - PKS Automation/Create Employer Acc/Template/Employer Email Getter: Test Cases/Final Aug 2018 - PKS Automation/Create Employer Acc/Template/Employer Email Getter

2018-11-23 17:17:51 - [TEST_STEP][PASSED] - Statement - Try: null

2018-11-23 17:17:51 - [TEST_STEP][PASSED] - Statement - EmpEmail = new java.io.File(C://Users//Admin//Desktop//PKS//Automation Reference Point//EmpEmail.txt): null

2018-11-23 17:17:51 - [TEST_STEP][PASSED] - Statement - bufferread = new java.io.BufferedReader(new java.io.FileReader(EmpEmail)): null

2018-11-23 17:17:51 - [TEST_STEP][PASSED] - Statement - readedVal = bufferread.readLine(): null

2018-11-23 17:17:51 - [TEST_STEP][PASSED] - Statement - out.println(readedVal): null

2018-11-23 17:17:51 - [TEST_STEP][PASSED] - Statement - Email = readedVal: null

2018-11-23 17:17:51 - [MESSAGE][PASSED] - Call Test Case 'Test Cases/Final Aug 2018 - PKS Automation/Create Employer Acc/Template/Employer Email Getter' successfully

2018-11-23 17:17:51 - [TEST_STEP][PASSED] - setText: Text 'perkeso961012583892@gmail.com' is set on object 'Object Repository/Final Object Repo/Login Page/External Login Page/Email'

2018-11-23 17:17:51 - [MESSAGE][PASSED] - Text 'perkeso961012583892@gmail.com' is set on object 'Object Repository/Final Object Repo/Login Page/External Login Page/Email'

2018-11-23 17:17:51 - [TEST_STEP][PASSED] - click: Object: 'Object Repository/Final Object Repo/Login Page/External Login Page/Next' is clicked on

2018-11-23 17:17:51 - [MESSAGE][PASSED] - Object: 'Object Repository/Final Object Repo/Login Page/External Login Page/Next' is clicked on

2018-11-23 17:17:51 - [TEST_STEP][PASSED] - delay: Delayed 3 second(s)

2018-11-23 17:17:54 - [MESSAGE][PASSED] - Delayed 3 second(s)

2018-11-23 17:17:54 - [TEST_STEP][PASSED] - setEncryptedText: Text ****** has been set on object 'Object Repository/Final Object Repo/Login Page/External Login Page/Password'

2018-11-23 17:17:55 - [MESSAGE][PASSED] - Text ****** has been set on object 'Object Repository/Final Object Repo/Login Page/External Login Page/Password'

2018-11-23 17:17:55 - [TEST_STEP][PASSED] - click: Object: 'Object Repository/Final Object Repo/Login Page/External Login Page/Login' is clicked on

2018-11-23 17:17:58 - [MESSAGE][PASSED] - Object: 'Object Repository/Final Object Repo/Login Page/External Login Page/Login' is clicked on

2018-11-23 17:17:58 - [TEST_STEP][PASSED] - delay: Delayed 5 second(s)

2018-11-23 17:18:03 - [MESSAGE][PASSED] - Delayed 5 second(s)

2018-11-23 17:18:03 - [MESSAGE][PASSED] - Call Test Case 'Test Cases/Final Aug 2018 - PKS Automation/Create Employer Acc/Login to Employer Account (Second time)' successfully

2018-11-23 17:18:03 - [TEST_STEP][PASSED] - delay: Delayed 4 second(s)

2018-11-23 17:18:07 - [MESSAGE][PASSED] - Delayed 4 second(s)

2018-11-23 17:18:07 - [TEST_STEP][PASSED] - Statement - Try: Delayed 2 second(s)

2018-11-23 17:18:07 - [TEST_STEP][PASSED] - Statement - Checker = false: null

2018-11-23 17:18:07 - [TEST_STEP][PASSED] - Statement - Checker = com.kms.katalon.core.webui.keyword.WebUiBuiltInKeywords.verifyElementHasAttribute(com.kms.katalon.core.testobject.ObjectRepository.findTestObject(Final Object Repo/Landing Page/BM Detecting), "href", 20, OPTIONAL): Object 'Object Repository/Final Object Repo/Landing Page/BM Detecting' has attribute 'href'

2018-11-23 17:18:08 - [MESSAGE][PASSED] - Object 'Object Repository/Final Object Repo/Landing Page/BM Detecting' has attribute 'href'

2018-11-23 17:18:08 - [TEST_STEP][PASSED] - Statement - out.println(Checker): null

2018-11-23 17:18:08 - [TEST_STEP][PASSED] - Statement - If (Checker == false): null

2018-11-23 17:18:08 - [TEST_STEP][PASSED] - Statement - Else: null

2018-11-23 17:18:08 - [TEST_STEP][PASSED] - delay: Delayed 2 second(s)

2018-11-23 17:18:10 - [MESSAGE][PASSED] - Delayed 2 second(s)

2018-11-23 17:18:10 - [TEST_STEP][PASSED] - delay: Delayed 4 second(s)

2018-11-23 17:18:14 - [MESSAGE][PASSED] - Delayed 4 second(s)

2018-11-23 17:18:14 - [TEST_STEP][PASSED] - click: Object: 'Object Repository/Final Object Repo/Landing Page/My Sites Drop Down' is clicked on

2018-11-23 17:18:14 - [MESSAGE][PASSED] - Object: 'Object Repository/Final Object Repo/Landing Page/My Sites Drop Down' is clicked on

2018-11-23 17:18:14 - [TEST_STEP][PASSED] - click: Object: 'Object Repository/Final Object Repo/Landing Page/Select to Registration Module' is clicked on

2018-11-23 17:18:17 - [MESSAGE][PASSED] - Object: 'Object Repository/Final Object Repo/Landing Page/Select to Registration Module' is clicked on

2018-11-23 17:18:17 - [TEST_STEP][PASSED] - click: Object: 'Object Repository/Final Object Repo/Landing Page/Registration Button' is clicked on

2018-11-23 17:18:19 - [MESSAGE][PASSED] - Object: 'Object Repository/Final Object Repo/Landing Page/Registration Button' is clicked on

2018-11-23 17:18:19 - [TEST_STEP][PASSED] - delay: Delayed 2 second(s)

2018-11-23 17:18:21 - [MESSAGE][PASSED] - Delayed 2 second(s)

2018-11-23 17:18:21 - [TEST_STEP][PASSED] - click: Object: 'Object Repository/Final Object Repo/New Registration - Registration Module Pages/New Reg - OTC to RO/Special Case - OTC - Form 1/AEC NO' is clicked on

2018-11-23 17:18:22 - [MESSAGE][PASSED] - Object: 'Object Repository/Final Object Repo/New Registration - Registration Module Pages/New Reg - OTC to RO/Special Case - OTC - Form 1/AEC NO' is clicked on

2018-11-23 17:18:22 - [TEST_STEP][PASSED] - click: Object: 'Object Repository/Final Object Repo/New Registration - Registration Module Pages/New Reg - OTC to RO/Special Case - OTC - Form 1/Business Entity - Please Select' is clicked on

2018-11-23 17:18:22 - [MESSAGE][PASSED] - Object: 'Object Repository/Final Object Repo/New Registration - Registration Module Pages/New Reg - OTC to RO/Special Case - OTC - Form 1/Business Entity - Please Select' is clicked on

2018-11-23 17:18:22 - [TEST_STEP][PASSED] - click: Object: 'Object Repository/Final Object Repo/New Registration - Registration Module Pages/New Reg - OTC to RO/Special Case - OTC - Form 1/Selected - Corporation' is clicked on

2018-11-23 17:18:23 - [MESSAGE][PASSED] - Object: 'Object Repository/Final Object Repo/New Registration - Registration Module Pages/New Reg - OTC to RO/Special Case - OTC - Form 1/Selected - Corporation' is clicked on

2018-11-23 17:18:23 - [TEST_STEP][PASSED] - delay: Delayed 2 second(s)

2018-11-23 17:18:25 - [MESSAGE][PASSED] - Delayed 2 second(s)

2018-11-23 17:18:25 - [TEST_STEP][PASSED] - click: Object: 'Object Repository/Final Object Repo/New Registration - Registration Module Pages/New Reg - OTC to RO/Special Case - OTC - Form 1/Sub Business Entity - Please Select' is clicked on

2018-11-23 17:18:25 - [MESSAGE][PASSED] - Object: 'Object Repository/Final Object Repo/New Registration - Registration Module Pages/New Reg - OTC to RO/Special Case - OTC - Form 1/Sub Business Entity - Please Select' is clicked on

2018-11-23 17:18:25 - [TEST_STEP][PASSED] - delay: Delayed 2 second(s)

2018-11-23 17:18:27 - [MESSAGE][PASSED] - Delayed 2 second(s)

2018-11-23 17:18:27 - [TEST_STEP][PASSED] - click: Object: 'Object Repository/Final Object Repo/New Registration - Registration Module Pages/New Reg - OTC to RO/Special Case - OTC - Form 1/Selected - Sendirian Berhad' is clicked on

2018-11-23 17:18:28 - [MESSAGE][PASSED] - Object: 'Object Repository/Final Object Repo/New Registration - Registration Module Pages/New Reg - OTC to RO/Special Case - OTC - Form 1/Selected - Sendirian Berhad' is clicked on

2018-11-23 17:18:28 - [TEST_STEP][PASSED] - setText: Text 'AUTOMATE001' is set on object 'Object Repository/Final Object Repo/New Registration - Registration Module Pages/New Reg - OTC to RO/Special Case - OTC - Form 1/Input BRN Number'

2018-11-23 17:18:28 - [MESSAGE][PASSED] - Text 'AUTOMATE001' is set on object 'Object Repository/Final Object Repo/New Registration - Registration Module Pages/New Reg - OTC to RO/Special Case - OTC - Form 1/Input BRN Number'

2018-11-23 17:18:28 - [TEST_STEP][PASSED] - delay: Delayed 2 second(s)

2018-11-23 17:18:30 - [MESSAGE][PASSED] - Delayed 2 second(s)

2018-11-23 17:18:30 - [TEST_STEP][PASSED] - click: Object: 'Object Repository/Final Object Repo/New Registration - Registration Module Pages/New Reg - OTC to RO/Special Case - OTC - Form 1/BRN Search' is clicked on

2018-11-23 17:18:31 - [MESSAGE][PASSED] - Object: 'Object Repository/Final Object Repo/New Registration - Registration Module Pages/New Reg - OTC to RO/Special Case - OTC - Form 1/BRN Search' is clicked on

2018-11-23 17:18:31 - [TEST_STEP][PASSED] - delay: Delayed 4 second(s)

2018-11-23 17:18:35 - [MESSAGE][PASSED] - Delayed 4 second(s)

2018-11-23 17:18:35 - [TEST_STEP][PASSED] - click: Object: 'Object Repository/Final Object Repo/New Registration - Registration Module Pages/New Reg - OTC to RO/Special Case - OTC - Form 1/Registered with SSM - After Feb 2017' is clicked on

2018-11-23 17:18:35 - [MESSAGE][PASSED] - Object: 'Object Repository/Final Object Repo/New Registration - Registration Module Pages/New Reg - OTC to RO/Special Case - OTC - Form 1/Registered with SSM - After Feb 2017' is clicked on

2018-11-23 17:18:35 - [TEST_STEP][PASSED] - delay: Delayed 2 second(s)

2018-11-23 17:18:37 - [MESSAGE][PASSED] - Delayed 2 second(s)

2018-11-23 17:18:37 - [TEST_STEP][PASSED] - click: Object: 'Object Repository/Final Object Repo/New Registration - Registration Module Pages/Form 1/Registered As a Branch - Yes' is clicked on

2018-11-23 17:18:37 - [MESSAGE][PASSED] - Object: 'Object Repository/Final Object Repo/New Registration - Registration Module Pages/Form 1/Registered As a Branch - Yes' is clicked on

2018-11-23 17:18:37 - [TEST_STEP][PASSED] - click: Object: 'Object Repository/Final Object Repo/New Registration - Registration Module Pages/New Reg - OTC to RO/Special Case - OTC - Form 1/Acknowledgement Ticked' is clicked on

2018-11-23 17:18:38 - [MESSAGE][PASSED] - Object: 'Object Repository/Final Object Repo/New Registration - Registration Module Pages/New Reg - OTC to RO/Special Case - OTC - Form 1/Acknowledgement Ticked' is clicked on

2018-11-23 17:18:38 - [TEST_STEP][PASSED] - setText: Text 'perkeso961012583892@gmail.com' is set on object 'Object Repository/Final Object Repo/New Registration - Registration Module Pages/Form 1/Email'

2018-11-23 17:18:38 - [MESSAGE][PASSED] - Text 'perkeso961012583892@gmail.com' is set on object 'Object Repository/Final Object Repo/New Registration - Registration Module Pages/Form 1/Email'

2018-11-23 17:18:38 - [TEST_STEP][PASSED] - click: Object: 'Object Repository/Final Object Repo/New Registration - Registration Module Pages/New Reg - OTC to RO/Special Case - OTC - Form 1/Submit Button' is clicked on

2018-11-23 17:18:40 - [MESSAGE][PASSED] - Object: 'Object Repository/Final Object Repo/New Registration - Registration Module Pages/New Reg - OTC to RO/Special Case - OTC - Form 1/Submit Button' is clicked on

2018-11-23 17:18:40 - [TEST_STEP][PASSED] - callTestCase: Call Test Case 'Test Cases/Final Aug 2018 - PKS Automation/Registration Module/New Registration/Form 2/Add 1 Eligible - Employer Account Use' successfully

2018-11-23 17:18:40 - [TEST_CASE][PASSED] - Test Cases/Final Aug 2018 - PKS Automation/Registration Module/New Registration/Form 2/Add 1 Eligible - Employer Account Use: Test Cases/Final Aug 2018 - PKS Automation/Registration Module/New Registration/Form 2/Add 1 Eligible - Employer Account Use

2018-11-23 17:18:40 - [TEST_STEP][PASSED] - delay: Delayed 2 second(s)

2018-11-23 17:18:42 - [MESSAGE][PASSED] - Delayed 2 second(s)

2018-11-23 17:18:42 - [TEST_STEP][PASSED] - callTestCase: Call Test Case 'Test Cases/Final Aug 2018 - PKS Automation/Registration Module/New Registration/Form 2/Date Updater' successfully

2018-11-23 17:18:42 - [TEST_CASE][PASSED] - Test Cases/Final Aug 2018 - PKS Automation/Registration Module/New Registration/Form 2/Date Updater: Test Cases/Final Aug 2018 - PKS Automation/Registration Module/New Registration/Form 2/Date Updater

2018-11-23 17:18:42 - [TEST_STEP][PASSED] - Statement - TodayDate = new java.util.Date(): null

2018-11-23 17:18:42 - [TEST_STEP][PASSED] - Statement - CurrentDateNoFilter = new java.text.SimpleDateFormat(): null

2018-11-23 17:18:42 - [TEST_STEP][PASSED] - Statement - CurrentDateNoFilter.applyPattern("dd"): null

2018-11-23 17:18:42 - [TEST_STEP][PASSED] - Statement - CurrentDate = CurrentDateNoFilter.format(TodayDate): null

2018-11-23 17:18:42 - [TEST_STEP][PASSED] - Statement - CurrentDate = java.lang.Integer.parseInt(CurrentDate): null

2018-11-23 17:18:42 - [TEST_STEP][PASSED] - Statement - CurrentDate = CurrentDate: null

2018-11-23 17:18:42 - [TEST_STEP][PASSED] - Statement - CurrentDay = java.lang.Integer.parseInt(CurrentDate): null

2018-11-23 17:18:42 - [TEST_STEP][PASSED] - Statement - aDayBefore = CurrentDay + 1: null

2018-11-23 17:18:42 - [TEST_STEP][PASSED] - Statement - DayBefore = aDayBefore.toString(): null

2018-11-23 17:18:42 - [TEST_STEP][PASSED] - Statement - OneDayBefore = DayBefore: null

2018-11-23 17:18:42 - [TEST_STEP][PASSED] - Statement - CurrentDateNoFilter.applyPattern("MM"): null

2018-11-23 17:18:42 - [TEST_STEP][PASSED] - Statement - monthContainerMatcher = java.lang.Integer.parseInt(CurrentDateNoFilter.format(TodayDate)): null

2018-11-23 17:18:42 - [TEST_STEP][PASSED] - Statement - monthContainerMatcher = monthContainerMatcher - 1: null

2018-11-23 17:18:42 - [TEST_STEP][PASSED] - Statement - CurrentMonth = monthContainerMatcher.toString(): null

2018-11-23 17:18:42 - [TEST_STEP][PASSED] - Statement - CurrentMonth = CurrentMonth: null

2018-11-23 17:18:42 - [TEST_STEP][PASSED] - Statement - CurrentDateNoFilter.applyPattern("yyyy"): null

2018-11-23 17:18:42 - [TEST_STEP][PASSED] - Statement - CurrentYear = CurrentDateNoFilter.format(TodayDate): null

2018-11-23 17:18:42 - [TEST_STEP][PASSED] - Statement - CurrentYear = CurrentYear: null

2018-11-23 17:18:42 - [TEST_STEP][PASSED] - Statement - intCurrentYear = java.lang.Integer.parseInt(CurrentDateNoFilter.format(TodayDate)): null

2018-11-23 17:18:42 - [TEST_STEP][PASSED] - Statement - eighteenYrsAgo = intCurrentYear - 18: null

2018-11-23 17:18:42 - [TEST_STEP][PASSED] - Statement - eighteenYrsBeforeThisYr = eighteenYrsAgo.toString(): null

2018-11-23 17:18:42 - [TEST_STEP][PASSED] - Statement - EighteenYrsBefore = eighteenYrsBeforeThisYr: null

2018-11-23 17:18:42 - [TEST_STEP][PASSED] - Statement - fiftysevenYrsAgo = intCurrentYear - 57: null

2018-11-23 17:18:42 - [TEST_STEP][PASSED] - Statement - fiftysevenYrsBeforeThisYr = fiftysevenYrsAgo.toString(): null

2018-11-23 17:18:42 - [TEST_STEP][PASSED] - Statement - FiftysevenYrsBefore = fiftysevenYrsBeforeThisYr: null

2018-11-23 17:18:42 - [MESSAGE][PASSED] - Call Test Case 'Test Cases/Final Aug 2018 - PKS Automation/Registration Module/New Registration/Form 2/Date Updater' successfully

2018-11-23 17:18:42 - [TEST_STEP][PASSED] - delay: Delayed 1 second(s)

2018-11-23 17:18:43 - [MESSAGE][PASSED] - Delayed 1 second(s)

2018-11-23 17:18:43 - [TEST_STEP][PASSED] - Statement - CaseReferenceNo = com.kms.katalon.core.webui.keyword.WebUiBuiltInKeywords.getText(com.kms.katalon.core.testobject.ObjectRepository.findTestObject(Final Object Repo/New Registration - Registration Module Pages/Form 2/RefNo Acquiring)): Text of object 'Object Repository/Final Object Repo/New Registration - Registration Module Pages/Form 2/RefNo Acquiring' is: 'CRN11201800122750'

2018-11-23 17:18:43 - [MESSAGE][PASSED] - Text of object 'Object Repository/Final Object Repo/New Registration - Registration Module Pages/Form 2/RefNo Acquiring' is: 'CRN11201800122750'

2018-11-23 17:18:43 - [TEST_STEP][PASSED] - delay: Delayed 1 second(s)

2018-11-23 17:18:44 - [MESSAGE][PASSED] - Delayed 1 second(s)

2018-11-23 17:18:44 - [TEST_STEP][PASSED] - click: Object: 'Object Repository/Final Object Repo/New Registration - Registration Module Pages/Form 2/Add Employee Button' is clicked on

2018-11-23 17:18:44 - [MESSAGE][PASSED] - Object: 'Object Repository/Final Object Repo/New Registration - Registration Module Pages/Form 2/Add Employee Button' is clicked on

2018-11-23 17:18:44 - [TEST_STEP][PASSED] - delay: Delayed 1 second(s)

2018-11-23 17:18:45 - [MESSAGE][PASSED] - Delayed 1 second(s)

2018-11-23 17:18:45 - [TEST_STEP][PASSED] - setText: Text '010903091948' is set on object 'Object Repository/Final Object Repo/New Registration - Registration Module Pages/Form 2/NRIC Input'

2018-11-23 17:18:45 - [MESSAGE][PASSED] - Text '010903091948' is set on object 'Object Repository/Final Object Repo/New Registration - Registration Module Pages/Form 2/NRIC Input'

2018-11-23 17:18:45 - [TEST_STEP][PASSED] - delay: Delayed 2 second(s)

2018-11-23 17:18:47 - [MESSAGE][PASSED] - Delayed 2 second(s)

2018-11-23 17:18:47 - [TEST_STEP][PASSED] - setText: Text 'Automate001 eligible 1' is set on object 'Object Repository/Final Object Repo/New Registration - Registration Module Pages/Form 2/Employee Name Input'

2018-11-23 17:18:48 - [MESSAGE][PASSED] - Text 'Automate001 eligible 1' is set on object 'Object Repository/Final Object Repo/New Registration - Registration Module Pages/Form 2/Employee Name Input'

2018-11-23 17:18:48 - [TEST_STEP][PASSED] - delay: Delayed 2 second(s)

2018-11-23 17:18:50 - [MESSAGE][PASSED] - Delayed 2 second(s)

2018-11-23 17:18:50 - [TEST_STEP][PASSED] - click: Object: 'Object Repository/Final Object Repo/New Registration - Registration Module Pages/Form 2/DatePicker Pop Up' is clicked on

2018-11-23 17:18:50 - [MESSAGE][PASSED] - Object: 'Object Repository/Final Object Repo/New Registration - Registration Module Pages/Form 2/DatePicker Pop Up' is clicked on

2018-11-23 17:18:50 - [TEST_STEP][PASSED] - click: Object: 'Object Repository/Final Object Repo/New Registration - Registration Module Pages/Form 2/DOB Month' is clicked on

2018-11-23 17:18:51 - [MESSAGE][PASSED] - Object: 'Object Repository/Final Object Repo/New Registration - Registration Module Pages/Form 2/DOB Month' is clicked on

2018-11-23 17:18:51 - [TEST_STEP][PASSED] - Statement - CurrentMonth = CurrentMonth: null

2018-11-23 17:18:51 - [TEST_STEP][PASSED] - Statement - selectMonth = new com.kms.katalon.core.testobject.TestObject(): null

2018-11-23 17:18:51 - [TEST_STEP][PASSED] - Statement - selectMonth.addProperty("xpath", EQUALS, "//body/div/div/div/select/option[@value='" + CurrentMonth + "']", true): null

2018-11-23 17:18:51 - [TEST_STEP][PASSED] - click: Object: '' is clicked on

2018-11-23 17:18:51 - [MESSAGE][PASSED] - Object: '' is clicked on

2018-11-23 17:18:51 - [TEST_STEP][PASSED] - click: Object: 'Object Repository/Final Object Repo/New Registration - Registration Module Pages/Form 2/DOB Year' is clicked on

2018-11-23 17:18:51 - [MESSAGE][PASSED] - Object: 'Object Repository/Final Object Repo/New Registration - Registration Module Pages/Form 2/DOB Year' is clicked on

2018-11-23 17:18:51 - [TEST_STEP][PASSED] - Statement - Eyearsbf = EighteenYrsBefore: null

2018-11-23 17:18:51 - [TEST_STEP][PASSED] - Statement - selectYear = new com.kms.katalon.core.testobject.TestObject(): null

2018-11-23 17:18:51 - [TEST_STEP][PASSED] - Statement - selectYear.addProperty("xpath", EQUALS, "//div/div/div/select/option[@value='" + Eyearsbf + "']", true): null

2018-11-23 17:18:51 - [TEST_STEP][PASSED] - click: Object: '' is clicked on

2018-11-23 17:18:52 - [MESSAGE][PASSED] - Object: '' is clicked on

2018-11-23 17:18:52 - [TEST_STEP][PASSED] - Statement - UpdatedSelectDate = com.kms.katalon.core.webui.keyword.WebUiBuiltInKeywords.modifyObjectProperty(com.kms.katalon.core.testobject.ObjectRepository.findTestObject(Final Object Repo/New Registration - Registration Module Pages/Form 2/DOB Date), "xpath", "equals", "//body/div/table/tbody/tr/td/a[text()="" + CurrentDate + ""]", true): Modify property of object successfully

2018-11-23 17:18:52 - [MESSAGE][PASSED] - Modify property of object successfully

2018-11-23 17:18:52 - [TEST_STEP][PASSED] - delay: Delayed 3 second(s)

2018-11-23 17:18:55 - [MESSAGE][PASSED] - Delayed 3 second(s)

2018-11-23 17:18:55 - [TEST_STEP][PASSED] - click: Object: 'Object Repository/Final Object Repo/New Registration - Registration Module Pages/Form 2/DOB Date' is clicked on

2018-11-23 17:18:55 - [MESSAGE][PASSED] - Object: 'Object Repository/Final Object Repo/New Registration - Registration Module Pages/Form 2/DOB Date' is clicked on

2018-11-23 17:18:55 - [TEST_STEP][PASSED] - delay: Delayed 2 second(s)

2018-11-23 17:18:57 - [MESSAGE][PASSED] - Delayed 2 second(s)

2018-11-23 17:18:57 - [TEST_STEP][PASSED] - click: Object: 'Object Repository/Final Object Repo/New Registration - Registration Module Pages/Form 2/EmploymentStartDate Pop Up' is clicked on

2018-11-23 17:18:58 - [MESSAGE][PASSED] - Object: 'Object Repository/Final Object Repo/New Registration - Registration Module Pages/Form 2/EmploymentStartDate Pop Up' is clicked on

2018-11-23 17:18:58 - [TEST_STEP][PASSED] - delay: Delayed 2 second(s)

2018-11-23 17:19:00 - [MESSAGE][PASSED] - Delayed 2 second(s)

2018-11-23 17:19:00 - [TEST_STEP][PASSED] - click: Object: 'Object Repository/Final Object Repo/New Registration - Registration Module Pages/Form 2/Socso Employment StartDate Month' is clicked on

2018-11-23 17:19:00 - [MESSAGE][PASSED] - Object: 'Object Repository/Final Object Repo/New Registration - Registration Module Pages/Form 2/Socso Employment StartDate Month' is clicked on

2018-11-23 17:19:00 - [TEST_STEP][PASSED] - delay: Delayed 1 second(s)

2018-11-23 17:19:01 - [MESSAGE][PASSED] - Delayed 1 second(s)

2018-11-23 17:19:01 - [TEST_STEP][PASSED] - click: Object: 'Object Repository/Final Object Repo/New Registration - Registration Module Pages/Form 2/Select Socso Employement Startdate Month' is clicked on

2018-11-23 17:19:01 - [MESSAGE][PASSED] - Object: 'Object Repository/Final Object Repo/New Registration - Registration Module Pages/Form 2/Select Socso Employement Startdate Month' is clicked on

2018-11-23 17:19:01 - [TEST_STEP][PASSED] - delay: Delayed 2 second(s)

2018-11-23 17:19:03 - [MESSAGE][PASSED] - Delayed 2 second(s)

2018-11-23 17:19:03 - [TEST_STEP][PASSED] - click: Object: 'Object Repository/Final Object Repo/New Registration - Registration Module Pages/Form 2/Socso Employment StartDate Year' is clicked on

2018-11-23 17:19:04 - [MESSAGE][PASSED] - Object: 'Object Repository/Final Object Repo/New Registration - Registration Module Pages/Form 2/Socso Employment StartDate Year' is clicked on

2018-11-23 17:19:04 - [TEST_STEP][PASSED] - delay: Delayed 1 second(s)

2018-11-23 17:19:05 - [MESSAGE][PASSED] - Delayed 1 second(s)

2018-11-23 17:19:05 - [TEST_STEP][PASSED] - click: Object: 'Object Repository/Final Object Repo/New Registration - Registration Module Pages/Form 2/Select Socso Employment Startdate Year' is clicked on

2018-11-23 17:19:05 - [MESSAGE][PASSED] - Object: 'Object Repository/Final Object Repo/New Registration - Registration Module Pages/Form 2/Select Socso Employment Startdate Year' is clicked on

2018-11-23 17:19:05 - [TEST_STEP][PASSED] - delay: Delayed 2 second(s)

2018-11-23 17:19:07 - [MESSAGE][PASSED] - Delayed 2 second(s)

2018-11-23 17:19:07 - [TEST_STEP][PASSED] - click: Object: 'Object Repository/Final Object Repo/New Registration - Registration Module Pages/Form 2/Socso Employment Start Date Day' is clicked on

2018-11-23 17:19:08 - [MESSAGE][PASSED] - Object: 'Object Repository/Final Object Repo/New Registration - Registration Module Pages/Form 2/Socso Employment Start Date Day' is clicked on

2018-11-23 17:19:08 - [TEST_STEP][PASSED] - delay: Delayed 2 second(s)

2018-11-23 17:19:10 - [MESSAGE][PASSED] - Delayed 2 second(s)

2018-11-23 17:19:10 - [TEST_STEP][PASSED] - click: Object: 'Object Repository/Final Object Repo/New Registration - Registration Module Pages/Form 2/Save Button for Add Employee' is clicked on

2018-11-23 17:19:11 - [MESSAGE][PASSED] - Object: 'Object Repository/Final Object Repo/New Registration - Registration Module Pages/Form 2/Save Button for Add Employee' is clicked on

2018-11-23 17:19:11 - [TEST_STEP][PASSED] - delay: Delayed 6 second(s)

2018-11-23 17:19:17 - [MESSAGE][PASSED] - Delayed 6 second(s)

2018-11-23 17:19:17 - [TEST_STEP][PASSED] - click: Object: 'Object Repository/Final Object Repo/New Registration - Registration Module Pages/Form 2/Save and Continue Form 2' is clicked on

2018-11-23 17:19:19 - [MESSAGE][PASSED] - Object: 'Object Repository/Final Object Repo/New Registration - Registration Module Pages/Form 2/Save and Continue Form 2' is clicked on

2018-11-23 17:19:19 - [MESSAGE][PASSED] - Call Test Case 'Test Cases/Final Aug 2018 - PKS Automation/Registration Module/New Registration/Form 2/Add 1 Eligible - Employer Account Use' successfully

2018-11-23 17:19:19 - [TEST_STEP][PASSED] - callTestCase: Call Test Case 'Test Cases/Final Aug 2018 - PKS Automation/Registration Module/New Registration/Flow of New Registration/Third Screen - Upload Supporting Doc - Preview' successfully

2018-11-23 17:19:19 - [TEST_CASE][PASSED] - Test Cases/Final Aug 2018 - PKS Automation/Registration Module/New Registration/Flow of New Registration/Third Screen - Upload Supporting Doc - Preview: Test Cases/Final Aug 2018 - PKS Automation/Registration Module/New Registration/Flow of New Registration/Third Screen - Upload Supporting Doc - Preview

2018-11-23 17:19:19 - [TEST_STEP][PASSED] - waitForPageLoad: Wait for page load successfully

2018-11-23 17:19:19 - [MESSAGE][PASSED] - Wait for page load successfully

2018-11-23 17:19:19 - [TEST_STEP][PASSED] - Statement - CaseReferenceNo = com.kms.katalon.core.webui.keyword.WebUiBuiltInKeywords.getText(com.kms.katalon.core.testobject.ObjectRepository.findTestObject(Final Object Repo/New Registration - Registration Module Pages/Third Screen - Upload Supporting Doc- Preview/RefNo Acquiring)): Text of object 'Object Repository/Final Object Repo/New Registration - Registration Module Pages/Third Screen - Upload Supporting Doc- Preview/RefNo Acquiring' is: 'CRN11201800122750'

2018-11-23 17:19:19 - [MESSAGE][PASSED] - Text of object 'Object Repository/Final Object Repo/New Registration - Registration Module Pages/Third Screen - Upload Supporting Doc- Preview/RefNo Acquiring' is: 'CRN11201800122750'

2018-11-23 17:19:19 - [TEST_STEP][PASSED] - delay: Delayed 2 second(s)

2018-11-23 17:19:21 - [MESSAGE][PASSED] - Delayed 2 second(s)

2018-11-23 17:19:21 - [TEST_STEP][PASSED] - callTestCase: Call Test Case 'Test Cases/Final Aug 2018 - PKS Automation/Common/Reference Number Setter' successfully

2018-11-23 17:19:21 - [TEST_CASE][PASSED] - Test Cases/Final Aug 2018 - PKS Automation/Common/Reference Number Setter: Test Cases/Final Aug 2018 - PKS Automation/Common/Reference Number Setter

2018-11-23 17:19:21 - [TEST_STEP][PASSED] - Statement - RefNoOldFile = new java.io.File(C://Users//Admin//Desktop//PKS//Automation Reference Point//KatalonReference.txt): null

2018-11-23 17:19:21 - [TEST_STEP][PASSED] - Statement - RefNoOldFile.delete(): null

2018-11-23 17:19:21 - [TEST_STEP][PASSED] - delay: Delayed 5 second(s)

2018-11-23 17:19:26 - [MESSAGE][PASSED] - Delayed 5 second(s)

2018-11-23 17:19:26 - [TEST_STEP][PASSED] - Statement - RefNo = new java.io.File(C://Users//Admin//Desktop//PKS//Automation Reference Point//KatalonReference.txt): null

2018-11-23 17:19:26 - [TEST_STEP][PASSED] - Statement - f2 = new java.io.FileWriter(RefNo, false): null

2018-11-23 17:19:26 - [TEST_STEP][PASSED] - Statement - f2.write(CaseReferenceNo): null

2018-11-23 17:19:26 - [TEST_STEP][PASSED] - Statement - f2.close(): null

2018-11-23 17:19:26 - [TEST_STEP][PASSED] - Statement - out.println("


" + CaseReferenceNo + "


"): null

2018-11-23 17:19:26 - [MESSAGE][PASSED] - Call Test Case 'Test Cases/Final Aug 2018 - PKS Automation/Common/Reference Number Setter' successfully

2018-11-23 17:19:26 - [TEST_STEP][PASSED] - waitForElementClickable: Object 'Object Repository/Final Object Repo/New Registration - Registration Module Pages/Third Screen - Upload Supporting Doc- Preview/Save n Continue in SIP Employee Listing Page' is clickable

2018-11-23 17:19:26 - [MESSAGE][PASSED] - Object 'Object Repository/Final Object Repo/New Registration - Registration Module Pages/Third Screen - Upload Supporting Doc- Preview/Save n Continue in SIP Employee Listing Page' is clickable

2018-11-23 17:19:26 - [TEST_STEP][PASSED] - click: Object: 'Object Repository/Final Object Repo/New Registration - Registration Module Pages/Third Screen - Upload Supporting Doc- Preview/Save n Continue in SIP Employee Listing Page' is clicked on

2018-11-23 17:19:31 - [MESSAGE][PASSED] - Object: 'Object Repository/Final Object Repo/New Registration - Registration Module Pages/Third Screen - Upload Supporting Doc- Preview/Save n Continue in SIP Employee Listing Page' is clicked on

2018-11-23 17:19:31 - [TEST_STEP][PASSED] - delay: Delayed 7 second(s)

2018-11-23 17:19:38 - [MESSAGE][PASSED] - Delayed 7 second(s)

2018-11-23 17:19:38 - [TEST_STEP][PASSED] - click: Object: 'Object Repository/Final Object Repo/New Registration - Registration Module Pages/Third Screen - Upload Supporting Doc- Preview/Add Document Button' is clicked on

2018-11-23 17:19:39 - [MESSAGE][PASSED] - Object: 'Object Repository/Final Object Repo/New Registration - Registration Module Pages/Third Screen - Upload Supporting Doc- Preview/Add Document Button' is clicked on

2018-11-23 17:19:39 - [TEST_STEP][PASSED] - delay: Delayed 30 second(s)

2018-11-23 17:20:09 - [MESSAGE][PASSED] - Delayed 30 second(s)

2018-11-23 17:20:09 - [TEST_STEP][PASSED] - click: Object: 'Object Repository/Final Object Repo/New Registration - Registration Module Pages/Third Screen - Upload Supporting Doc- Preview/Supporting Doc Please Select Drop Down' is clicked on

2018-11-23 17:20:09 - [MESSAGE][PASSED] - Object: 'Object Repository/Final Object Repo/New Registration - Registration Module Pages/Third Screen - Upload Supporting Doc- Preview/Supporting Doc Please Select Drop Down' is clicked on

2018-11-23 17:20:09 - [TEST_STEP][PASSED] - delay: Delayed 2 second(s)

2018-11-23 17:20:11 - [MESSAGE][PASSED] - Delayed 2 second(s)

2018-11-23 17:20:11 - [TEST_STEP][PASSED] - click: Object: 'Object Repository/Final Object Repo/New Registration - Registration Module Pages/Third Screen - Upload Supporting Doc- Preview/Select to Upload Form 1' is clicked on

2018-11-23 17:20:12 - [MESSAGE][PASSED] - Object: 'Object Repository/Final Object Repo/New Registration - Registration Module Pages/Third Screen - Upload Supporting Doc- Preview/Select to Upload Form 1' is clicked on

2018-11-23 17:20:12 - [TEST_STEP][PASSED] - delay: Delayed 2 second(s)

2018-11-23 17:20:14 - [MESSAGE][PASSED] - Delayed 2 second(s)

2018-11-23 17:20:14 - [TEST_STEP][PASSED] - uploadFile: File 'C:\Users\Public\Pictures\Sample Pictures\Koala.jpg' sent to object: 'Object Repository/Final Object Repo/New Registration - Registration Module Pages/Third Screen - Upload Supporting Doc- Preview/Upload File Adding'

2018-11-23 17:20:14 - [MESSAGE][PASSED] - File 'C:\Users\Public\Pictures\Sample Pictures\Koala.jpg' sent to object: 'Object Repository/Final Object Repo/New Registration - Registration Module Pages/Third Screen - Upload Supporting Doc- Preview/Upload File Adding'

2018-11-23 17:20:14 - [TEST_STEP][PASSED] - delay: Delayed 5 second(s)

2018-11-23 17:20:19 - [MESSAGE][PASSED] - Delayed 5 second(s)

2018-11-23 17:20:19 - [TEST_STEP][PASSED] - click: Object: 'Object Repository/Final Object Repo/New Registration - Registration Module Pages/Third Screen - Upload Supporting Doc- Preview/Inner Form Add Document Button' is clicked on

2018-11-23 17:20:24 - [MESSAGE][PASSED] - Object: 'Object Repository/Final Object Repo/New Registration - Registration Module Pages/Third Screen - Upload Supporting Doc- Preview/Inner Form Add Document Button' is clicked on

2018-11-23 17:20:24 - [TEST_STEP][PASSED] - delay: Delayed 3 second(s)

2018-11-23 17:20:27 - [MESSAGE][PASSED] - Delayed 3 second(s)

2018-11-23 17:20:27 - [TEST_STEP][PASSED] - click: Object: 'Object Repository/Final Object Repo/New Registration - Registration Module Pages/Third Screen - Upload Supporting Doc- Preview/Add Document Button' is clicked on

2018-11-23 17:20:27 - [MESSAGE][PASSED] - Object: 'Object Repository/Final Object Repo/New Registration - Registration Module Pages/Third Screen - Upload Supporting Doc- Preview/Add Document Button' is clicked on

2018-11-23 17:20:27 - [TEST_STEP][PASSED] - delay: Delayed 30 second(s)

2018-11-23 17:20:57 - [MESSAGE][PASSED] - Delayed 30 second(s)

2018-11-23 17:20:57 - [TEST_STEP][PASSED] - click: Object: 'Object Repository/Final Object Repo/New Registration - Registration Module Pages/Third Screen - Upload Supporting Doc- Preview/Supporting Doc Please Select Drop Down' is clicked on

2018-11-23 17:20:57 - [MESSAGE][PASSED] - Object: 'Object Repository/Final Object Repo/New Registration - Registration Module Pages/Third Screen - Upload Supporting Doc- Preview/Supporting Doc Please Select Drop Down' is clicked on

2018-11-23 17:20:57 - [TEST_STEP][PASSED] - delay: Delayed 2 second(s)

2018-11-23 17:20:59 - [MESSAGE][PASSED] - Delayed 2 second(s)

2018-11-23 17:20:59 - [TEST_STEP][PASSED] - click: Object: 'Object Repository/Final Object Repo/New Registration - Registration Module Pages/Third Screen - Upload Supporting Doc- Preview/Select to Upload Form 2' is clicked on

2018-11-23 17:21:01 - [MESSAGE][PASSED] - Object: 'Object Repository/Final Object Repo/New Registration - Registration Module Pages/Third Screen - Upload Supporting Doc- Preview/Select to Upload Form 2' is clicked on

2018-11-23 17:21:01 - [TEST_STEP][PASSED] - delay: Delayed 2 second(s)

2018-11-23 17:21:03 - [MESSAGE][PASSED] - Delayed 2 second(s)

2018-11-23 17:21:03 - [TEST_STEP][PASSED] - uploadFile: File 'C:\Users\Public\Pictures\Sample Pictures\Koala.jpg' sent to object: 'Object Repository/Final Object Repo/New Registration - Registration Module Pages/Third Screen - Upload Supporting Doc- Preview/Upload File Adding'

2018-11-23 17:21:03 - [MESSAGE][PASSED] - File 'C:\Users\Public\Pictures\Sample Pictures\Koala.jpg' sent to object: 'Object Repository/Final Object Repo/New Registration - Registration Module Pages/Third Screen - Upload Supporting Doc- Preview/Upload File Adding'

2018-11-23 17:21:03 - [TEST_STEP][PASSED] - click: Object: 'Object Repository/Final Object Repo/New Registration - Registration Module Pages/Third Screen - Upload Supporting Doc- Preview/Inner Form Add Document Button' is clicked on

2018-11-23 17:21:08 - [MESSAGE][PASSED] - Object: 'Object Repository/Final Object Repo/New Registration - Registration Module Pages/Third Screen - Upload Supporting Doc- Preview/Inner Form Add Document Button' is clicked on

2018-11-23 17:21:08 - [TEST_STEP][PASSED] - delay: Delayed 5 second(s)

2018-11-23 17:21:13 - [MESSAGE][PASSED] - Delayed 5 second(s)

2018-11-23 17:21:13 - [TEST_STEP][PASSED] - click: Object: 'Object Repository/Final Object Repo/New Registration - Registration Module Pages/Third Screen - Upload Supporting Doc- Preview/Add Document Button' is clicked on

2018-11-23 17:21:14 - [MESSAGE][PASSED] - Object: 'Object Repository/Final Object Repo/New Registration - Registration Module Pages/Third Screen - Upload Supporting Doc- Preview/Add Document Button' is clicked on

2018-11-23 17:21:14 - [TEST_STEP][PASSED] - delay: Delayed 30 second(s)

2018-11-23 17:21:44 - [MESSAGE][PASSED] - Delayed 30 second(s)

2018-11-23 17:21:44 - [TEST_STEP][PASSED] - click: Object: 'Object Repository/Final Object Repo/New Registration - Registration Module Pages/Third Screen - Upload Supporting Doc- Preview/Supporting Doc Please Select Drop Down' is clicked on

2018-11-23 17:21:45 - [MESSAGE][PASSED] - Object: 'Object Repository/Final Object Repo/New Registration - Registration Module Pages/Third Screen - Upload Supporting Doc- Preview/Supporting Doc Please Select Drop Down' is clicked on

2018-11-23 17:21:45 - [TEST_STEP][PASSED] - click: Object: 'Object Repository/Final Object Repo/New Registration - Registration Module Pages/Third Screen - Upload Supporting Doc- Preview/Select to Upload Borang SIP 1' is clicked on

2018-11-23 17:21:46 - [MESSAGE][PASSED] - Object: 'Object Repository/Final Object Repo/New Registration - Registration Module Pages/Third Screen - Upload Supporting Doc- Preview/Select to Upload Borang SIP 1' is clicked on

2018-11-23 17:21:46 - [TEST_STEP][PASSED] - delay: Delayed 2 second(s)

2018-11-23 17:21:48 - [MESSAGE][PASSED] - Delayed 2 second(s)

2018-11-23 17:21:48 - [TEST_STEP][PASSED] - uploadFile: File 'C:\Users\Public\Pictures\Sample Pictures\Koala.jpg' sent to object: 'Object Repository/Final Object Repo/New Registration - Registration Module Pages/Third Screen - Upload Supporting Doc- Preview/Upload File Adding'

2018-11-23 17:21:48 - [MESSAGE][PASSED] - File 'C:\Users\Public\Pictures\Sample Pictures\Koala.jpg' sent to object: 'Object Repository/Final Object Repo/New Registration - Registration Module Pages/Third Screen - Upload Supporting Doc- Preview/Upload File Adding'

2018-11-23 17:21:48 - [TEST_STEP][PASSED] - click: Object: 'Object Repository/Final Object Repo/New Registration - Registration Module Pages/Third Screen - Upload Supporting Doc- Preview/Inner Form Add Document Button' is clicked on

2018-11-23 17:21:52 - [MESSAGE][PASSED] - Object: 'Object Repository/Final Object Repo/New Registration - Registration Module Pages/Third Screen - Upload Supporting Doc- Preview/Inner Form Add Document Button' is clicked on

2018-11-23 17:21:52 - [TEST_STEP][PASSED] - delay: Delayed 5 second(s)

2018-11-23 17:21:57 - [MESSAGE][PASSED] - Delayed 5 second(s)

2018-11-23 17:21:57 - [TEST_STEP][PASSED] - click: Object: 'Object Repository/Final Object Repo/New Registration - Registration Module Pages/Third Screen - Upload Supporting Doc- Preview/Add Document Button' is clicked on

2018-11-23 17:21:58 - [MESSAGE][PASSED] - Object: 'Object Repository/Final Object Repo/New Registration - Registration Module Pages/Third Screen - Upload Supporting Doc- Preview/Add Document Button' is clicked on

2018-11-23 17:21:58 - [TEST_STEP][PASSED] - delay: Delayed 30 second(s)

2018-11-23 17:22:28 - [MESSAGE][PASSED] - Delayed 30 second(s)

2018-11-23 17:22:28 - [TEST_STEP][PASSED] - click: Object: 'Object Repository/Final Object Repo/New Registration - Registration Module Pages/Third Screen - Upload Supporting Doc- Preview/Supporting Doc Please Select Drop Down' is clicked on

2018-11-23 17:22:29 - [MESSAGE][PASSED] - Object: 'Object Repository/Final Object Repo/New Registration - Registration Module Pages/Third Screen - Upload Supporting Doc- Preview/Supporting Doc Please Select Drop Down' is clicked on

2018-11-23 17:22:29 - [TEST_STEP][PASSED] - delay: Delayed 3 second(s)

2018-11-23 17:22:32 - [MESSAGE][PASSED] - Delayed 3 second(s)

2018-11-23 17:22:32 - [TEST_STEP][PASSED] - click: Object: 'Object Repository/Final Object Repo/New Registration - Registration Module Pages/Third Screen - Upload Supporting Doc- Preview/Select to Upload Borang SIP 2' is clicked on

2018-11-23 17:22:33 - [MESSAGE][PASSED] - Object: 'Object Repository/Final Object Repo/New Registration - Registration Module Pages/Third Screen - Upload Supporting Doc- Preview/Select to Upload Borang SIP 2' is clicked on

2018-11-23 17:22:33 - [TEST_STEP][PASSED] - delay: Delayed 2 second(s)

2018-11-23 17:22:35 - [MESSAGE][PASSED] - Delayed 2 second(s)

2018-11-23 17:22:35 - [TEST_STEP][PASSED] - uploadFile: File 'C:\Users\Public\Pictures\Sample Pictures\Koala.jpg' sent to object: 'Object Repository/Final Object Repo/New Registration - Registration Module Pages/Third Screen - Upload Supporting Doc- Preview/Upload File Adding'

2018-11-23 17:22:35 - [MESSAGE][PASSED] - File 'C:\Users\Public\Pictures\Sample Pictures\Koala.jpg' sent to object: 'Object Repository/Final Object Repo/New Registration - Registration Module Pages/Third Screen - Upload Supporting Doc- Preview/Upload File Adding'

2018-11-23 17:22:35 - [TEST_STEP][PASSED] - delay: Delayed 5 second(s)

2018-11-23 17:22:40 - [MESSAGE][PASSED] - Delayed 5 second(s)

2018-11-23 17:22:40 - [TEST_STEP][PASSED] - click: Object: 'Object Repository/Final Object Repo/New Registration - Registration Module Pages/Third Screen - Upload Supporting Doc- Preview/Inner Form Add Document Button' is clicked on

2018-11-23 17:22:45 - [MESSAGE][PASSED] - Object: 'Object Repository/Final Object Repo/New Registration - Registration Module Pages/Third Screen - Upload Supporting Doc- Preview/Inner Form Add Document Button' is clicked on

2018-11-23 17:22:45 - [TEST_STEP][PASSED] - delay: Delayed 3 second(s)

2018-11-23 17:22:48 - [MESSAGE][PASSED] - Delayed 3 second(s)

2018-11-23 17:22:48 - [TEST_STEP][PASSED] - waitForElementClickable: Object 'Object Repository/Final Object Repo/New Registration - Registration Module Pages/Third Screen - Upload Supporting Doc- Preview/Save n Continue in Uploading Supporting Doc Page' is clickable

2018-11-23 17:22:48 - [MESSAGE][PASSED] - Object 'Object Repository/Final Object Repo/New Registration - Registration Module Pages/Third Screen - Upload Supporting Doc- Preview/Save n Continue in Uploading Supporting Doc Page' is clickable

2018-11-23 17:22:48 - [TEST_STEP][PASSED] - click: Object: 'Object Repository/Final Object Repo/New Registration - Registration Module Pages/Third Screen - Upload Supporting Doc- Preview/Save n Continue in Uploading Supporting Doc Page' is clicked on

2018-11-23 17:22:53 - [MESSAGE][PASSED] - Object: 'Object Repository/Final Object Repo/New Registration - Registration Module Pages/Third Screen - Upload Supporting Doc- Preview/Save n Continue in Uploading Supporting Doc Page' is clicked on

2018-11-23 17:22:53 - [MESSAGE][PASSED] - Call Test Case 'Test Cases/Final Aug 2018 - PKS Automation/Registration Module/New Registration/Flow of New Registration/Third Screen - Upload Supporting Doc - Preview' successfully

2018-11-23 17:22:53 - [TEST_STEP][PASSED] - setText: Text 'Tester' is set on object 'Object Repository/Final Object Repo/New Registration - Registration Module Pages/New Reg - OTC to RO/Special Case - All Related Objects/Employer Preview Name'

2018-11-23 17:22:53 - [MESSAGE][PASSED] - Text 'Tester' is set on object 'Object Repository/Final Object Repo/New Registration - Registration Module Pages/New Reg - OTC to RO/Special Case - All Related Objects/Employer Preview Name'

2018-11-23 17:22:53 - [TEST_STEP][PASSED] - click: Object: 'Object Repository/Final Object Repo/New Registration - Registration Module Pages/New Reg - OTC to RO/Special Case - All Related Objects/IC Type Drop Down' is clicked on

2018-11-23 17:22:54 - [MESSAGE][PASSED] - Object: 'Object Repository/Final Object Repo/New Registration - Registration Module Pages/New Reg - OTC to RO/Special Case - All Related Objects/IC Type Drop Down' is clicked on

2018-11-23 17:22:54 - [TEST_STEP][PASSED] - click: Object: 'Object Repository/Final Object Repo/New Registration - Registration Module Pages/New Reg - OTC to RO/Special Case - All Related Objects/Select to NRIC' is clicked on

2018-11-23 17:22:55 - [MESSAGE][PASSED] - Object: 'Object Repository/Final Object Repo/New Registration - Registration Module Pages/New Reg - OTC to RO/Special Case - All Related Objects/Select to NRIC' is clicked on

2018-11-23 17:22:55 - [TEST_STEP][PASSED] - setText: Text '133245561223' is set on object 'Object Repository/Final Object Repo/New Registration - Registration Module Pages/New Reg - OTC to RO/Special Case - All Related Objects/IC Value'

2018-11-23 17:22:55 - [MESSAGE][PASSED] - Text '133245561223' is set on object 'Object Repository/Final Object Repo/New Registration - Registration Module Pages/New Reg - OTC to RO/Special Case - All Related Objects/IC Value'

2018-11-23 17:22:55 - [TEST_STEP][PASSED] - setText: Text 'Auto' is set on object 'Object Repository/Final Object Repo/New Registration - Registration Module Pages/New Reg - OTC to RO/Special Case - All Related Objects/Designation'

2018-11-23 17:22:55 - [MESSAGE][PASSED] - Text 'Auto' is set on object 'Object Repository/Final Object Repo/New Registration - Registration Module Pages/New Reg - OTC to RO/Special Case - All Related Objects/Designation'

2018-11-23 17:22:55 - [TEST_STEP][PASSED] - callTestCase: Call Test Case 'Test Cases/Final Aug 2018 - PKS Automation/Registration Module/New Registration/Submit and Screenshot/Submit Registration and Screenshot - Copy' successfully

2018-11-23 17:22:55 - [TEST_CASE][PASSED] - Test Cases/Final Aug 2018 - PKS Automation/Registration Module/New Registration/Submit and Screenshot/Submit Registration and Screenshot - Copy: Test Cases/Final Aug 2018 - PKS Automation/Registration Module/New Registration/Submit and Screenshot/Submit Registration and Screenshot - Copy

2018-11-23 17:22:55 - [TEST_STEP][PASSED] - delay: Delayed 6 second(s)

2018-11-23 17:23:01 - [MESSAGE][PASSED] - Delayed 6 second(s)

2018-11-23 17:23:01 - [TEST_STEP][PASSED] - click: Object: 'Object Repository/Final Object Repo/New Registration - Registration Module Pages/Third Screen - Upload Supporting Doc- Preview/Preview Submit Button' is clicked on

2018-11-23 17:23:01 - [MESSAGE][PASSED] - Object: 'Object Repository/Final Object Repo/New Registration - Registration Module Pages/Third Screen - Upload Supporting Doc- Preview/Preview Submit Button' is clicked on

2018-11-23 17:23:01 - [TEST_STEP][PASSED] - delay: Delayed 2 second(s)

2018-11-23 17:23:03 - [MESSAGE][PASSED] - Delayed 2 second(s)

2018-11-23 17:23:03 - [TEST_STEP][PASSED] - click: Object: 'Object Repository/Final Object Repo/New Registration - Registration Module Pages/Third Screen - Upload Supporting Doc- Preview/Preview Submit - Confirm' is clicked on

2018-11-23 17:23:09 - [MESSAGE][PASSED] - Object: 'Object Repository/Final Object Repo/New Registration - Registration Module Pages/Third Screen - Upload Supporting Doc- Preview/Preview Submit - Confirm' is clicked on

2018-11-23 17:23:09 - [TEST_STEP][PASSED] - delay: Delayed 15 second(s)

2018-11-23 17:23:24 - [MESSAGE][PASSED] - Delayed 15 second(s)

2018-11-23 17:23:24 - [TEST_STEP][PASSED] - Statement - driver = com.kms.katalon.core.webui.driver.DriverFactory.getWebDriver(): null

2018-11-23 17:23:24 - [TEST_STEP][PASSED] - Statement - driver.manage().timeouts().implicitlyWait(10, SECONDS): null

2018-11-23 17:23:24 - [TEST_STEP][PASSED] - Statement - PresavePath = KatalonScreenshots: null

2018-11-23 17:23:24 - [TEST_STEP][PASSED] - Statement - pathPrefix = "C:\Users\Public\Pictures\Sample Pictures\Katalon Screenshots\Automate Ending Screen": null

2018-11-23 17:23:24 - [TEST_STEP][PASSED] - Statement - finalPath = <not implemented yet for class: org.codehaus.groovy.ast.expr.EmptyExpression>: null

2018-11-23 17:23:24 - [TEST_STEP][PASSED] - Statement - scrFile = driver.getScreenshotAs(FILE): null

2018-11-23 17:23:24 - [TEST_STEP][PASSED] - Statement - PreSaveFile = new java.io.File(PresavePath): null

2018-11-23 17:23:24 - [TEST_STEP][PASSED] - Statement - counter = 0: null

2018-11-23 17:23:24 - [TEST_STEP][PASSED] - Statement - If (PreSaveFile.exists()): null

2018-11-23 17:23:24 - [TEST_STEP][PASSED] - Statement - While (PreSaveFile.exists()): null

2018-11-23 17:23:24 - [TEST_STEP][PASSED] - Statement - counter = counter + 1: null

2018-11-23 17:23:24 - [TEST_STEP][PASSED] - Statement - PreSaveFile = new java.io.File(((pathPrefix + java.lang.Integer.toString(counter)) + .png)): null

2018-11-23 17:23:24 - [TEST_STEP][PASSED] - Statement - counter = counter + 1: null

2018-11-23 17:23:24 - [TEST_STEP][PASSED] - Statement - PreSaveFile = new java.io.File(((pathPrefix + java.lang.Integer.toString(counter)) + .png)): null

2018-11-23 17:23:24 - [TEST_STEP][PASSED] - Statement - counter = counter + 1: null

2018-11-23 17:23:24 - [TEST_STEP][PASSED] - Statement - PreSaveFile = new java.io.File(((pathPrefix + java.lang.Integer.toString(counter)) + .png)): null

2018-11-23 17:23:24 - [TEST_STEP][PASSED] - Statement - counter = counter + 1: null

2018-11-23 17:23:24 - [TEST_STEP][PASSED] - Statement - PreSaveFile = new java.io.File(((pathPrefix + java.lang.Integer.toString(counter)) + .png)): null

2018-11-23 17:23:24 - [TEST_STEP][PASSED] - Statement - counter = counter + 1: null

2018-11-23 17:23:24 - [TEST_STEP][PASSED] - Statement - PreSaveFile = new java.io.File(((pathPrefix + java.lang.Integer.toString(counter)) + .png)): null

2018-11-23 17:23:24 - [TEST_STEP][PASSED] - Statement - counter = counter + 1: null

2018-11-23 17:23:24 - [TEST_STEP][PASSED] - Statement - PreSaveFile = new java.io.File(((pathPrefix + java.lang.Integer.toString(counter)) + .png)): null

2018-11-23 17:23:24 - [TEST_STEP][PASSED] - Statement - counter = counter + 1: null

2018-11-23 17:23:24 - [TEST_STEP][PASSED] - Statement - PreSaveFile = new java.io.File(((pathPrefix + java.lang.Integer.toString(counter)) + .png)): null

2018-11-23 17:23:24 - [TEST_STEP][PASSED] - Statement - counter = counter + 1: null

2018-11-23 17:23:24 - [TEST_STEP][PASSED] - Statement - PreSaveFile = new java.io.File(((pathPrefix + java.lang.Integer.toString(counter)) + .png)): null

2018-11-23 17:23:24 - [TEST_STEP][PASSED] - Statement - counter = counter + 1: null

2018-11-23 17:23:24 - [TEST_STEP][PASSED] - Statement - PreSaveFile = new java.io.File(((pathPrefix + java.lang.Integer.toString(counter)) + .png)): null

2018-11-23 17:23:24 - [TEST_STEP][PASSED] - Statement - counter = counter + 1: null

2018-11-23 17:23:24 - [TEST_STEP][PASSED] - Statement - PreSaveFile = new java.io.File(((pathPrefix + java.lang.Integer.toString(counter)) + .png)): null

2018-11-23 17:23:24 - [TEST_STEP][PASSED] - Statement - counter = counter + 1: null

2018-11-23 17:23:24 - [TEST_STEP][PASSED] - Statement - PreSaveFile = new java.io.File(((pathPrefix + java.lang.Integer.toString(counter)) + .png)): null

2018-11-23 17:23:24 - [TEST_STEP][PASSED] - Statement - counter = counter + 1: null

2018-11-23 17:23:24 - [TEST_STEP][PASSED] - Statement - PreSaveFile = new java.io.File(((pathPrefix + java.lang.Integer.toString(counter)) + .png)): null

2018-11-23 17:23:24 - [TEST_STEP][PASSED] - Statement - counter = counter + 1: null

2018-11-23 17:23:24 - [TEST_STEP][PASSED] - Statement - PreSaveFile = new java.io.File(((pathPrefix + java.lang.Integer.toString(counter)) + .png)): null

2018-11-23 17:23:24 - [TEST_STEP][PASSED] - Statement - counter = counter + 1: null

2018-11-23 17:23:24 - [TEST_STEP][PASSED] - Statement - PreSaveFile = new java.io.File(((pathPrefix + java.lang.Integer.toString(counter)) + .png)): null

2018-11-23 17:23:24 - [TEST_STEP][PASSED] - Statement - counter = counter + 1: null

2018-11-23 17:23:24 - [TEST_STEP][PASSED] - Statement - PreSaveFile = new java.io.File(((pathPrefix + java.lang.Integer.toString(counter)) + .png)): null

2018-11-23 17:23:24 - [TEST_STEP][PASSED] - Statement - counter = counter + 1: null

2018-11-23 17:23:24 - [TEST_STEP][PASSED] - Statement - PreSaveFile = new java.io.File(((pathPrefix + java.lang.Integer.toString(counter)) + .png)): null

2018-11-23 17:23:24 - [TEST_STEP][PASSED] - Statement - counter = counter + 1: null

2018-11-23 17:23:25 - [TEST_STEP][PASSED] - Statement - PreSaveFile = new java.io.File(((pathPrefix + java.lang.Integer.toString(counter)) + .png)): null

2018-11-23 17:23:25 - [TEST_STEP][PASSED] - Statement - counter = counter + 1: null

2018-11-23 17:23:25 - [TEST_STEP][PASSED] - Statement - PreSaveFile = new java.io.File(((pathPrefix + java.lang.Integer.toString(counter)) + .png)): null

2018-11-23 17:23:25 - [TEST_STEP][PASSED] - Statement - counter = counter + 1: null

2018-11-23 17:23:25 - [TEST_STEP][PASSED] - Statement - PreSaveFile = new java.io.File(((pathPrefix + java.lang.Integer.toString(counter)) + .png)): null

2018-11-23 17:23:25 - [TEST_STEP][PASSED] - Statement - counter = counter + 1: null

2018-11-23 17:23:25 - [TEST_STEP][PASSED] - Statement - PreSaveFile = new java.io.File(((pathPrefix + java.lang.Integer.toString(counter)) + .png)): null

2018-11-23 17:23:25 - [TEST_STEP][PASSED] - Statement - counter = counter + 1: null

2018-11-23 17:23:25 - [TEST_STEP][PASSED] - Statement - PreSaveFile = new java.io.File(((pathPrefix + java.lang.Integer.toString(counter)) + .png)): null

2018-11-23 17:23:25 - [TEST_STEP][PASSED] - Statement - counter = counter + 1: null

2018-11-23 17:23:25 - [TEST_STEP][PASSED] - Statement - PreSaveFile = new java.io.File(((pathPrefix + java.lang.Integer.toString(counter)) + .png)): null

2018-11-23 17:23:25 - [TEST_STEP][PASSED] - Statement - counter = counter + 1: null

2018-11-23 17:23:25 - [TEST_STEP][PASSED] - Statement - PreSaveFile = new java.io.File(((pathPrefix + java.lang.Integer.toString(counter)) + .png)): null

2018-11-23 17:23:25 - [TEST_STEP][PASSED] - Statement - counter = counter + 1: null

2018-11-23 17:23:26 - [TEST_STEP][PASSED] - Statement - PreSaveFile = new java.io.File(((pathPrefix + java.lang.Integer.toString(counter)) + .png)): null

2018-11-23 17:23:26 - [TEST_STEP][PASSED] - Statement - counter = counter + 1: null

2018-11-23 17:23:26 - [TEST_STEP][PASSED] - Statement - PreSaveFile = new java.io.File(((pathPrefix + java.lang.Integer.toString(counter)) + .png)): null

2018-11-23 17:23:26 - [TEST_STEP][PASSED] - Statement - counter = counter + 1: null

2018-11-23 17:23:26 - [TEST_STEP][PASSED] - Statement - PreSaveFile = new java.io.File(((pathPrefix + java.lang.Integer.toString(counter)) + .png)): null

2018-11-23 17:23:26 - [TEST_STEP][PASSED] - Statement - counter = counter + 1: null

2018-11-23 17:23:26 - [TEST_STEP][PASSED] - Statement - PreSaveFile = new java.io.File(((pathPrefix + java.lang.Integer.toString(counter)) + .png)): null

2018-11-23 17:23:26 - [TEST_STEP][PASSED] - Statement - counter = counter + 1: null

2018-11-23 17:23:26 - [TEST_STEP][PASSED] - Statement - PreSaveFile = new java.io.File(((pathPrefix + java.lang.Integer.toString(counter)) + .png)): null

2018-11-23 17:23:27 - [TEST_STEP][PASSED] - Statement - counter = counter + 1: null

2018-11-23 17:23:27 - [TEST_STEP][PASSED] - Statement - PreSaveFile = new java.io.File(((pathPrefix + java.lang.Integer.toString(counter)) + .png)): null

2018-11-23 17:23:27 - [TEST_STEP][PASSED] - Statement - counter = counter + 1: null

2018-11-23 17:23:27 - [TEST_STEP][PASSED] - Statement - PreSaveFile = new java.io.File(((pathPrefix + java.lang.Integer.toString(counter)) + .png)): null

2018-11-23 17:23:27 - [TEST_STEP][PASSED] - Statement - counter = counter + 1: null

2018-11-23 17:23:27 - [TEST_STEP][PASSED] - Statement - PreSaveFile = new java.io.File(((pathPrefix + java.lang.Integer.toString(counter)) + .png)): null

2018-11-23 17:23:27 - [TEST_STEP][PASSED] - Statement - counter = counter + 1: null

2018-11-23 17:23:27 - [TEST_STEP][PASSED] - Statement - PreSaveFile = new java.io.File(((pathPrefix + java.lang.Integer.toString(counter)) + .png)): null

2018-11-23 17:23:27 - [TEST_STEP][PASSED] - Statement - counter = counter + 1: null

2018-11-23 17:23:27 - [TEST_STEP][PASSED] - Statement - PreSaveFile = new java.io.File(((pathPrefix + java.lang.Integer.toString(counter)) + .png)): null

2018-11-23 17:23:27 - [TEST_STEP][PASSED] - Statement - counter = counter + 1: null

2018-11-23 17:23:27 - [TEST_STEP][PASSED] - Statement - PreSaveFile = new java.io.File(((pathPrefix + java.lang.Integer.toString(counter)) + .png)): null

2018-11-23 17:23:27 - [TEST_STEP][PASSED] - Statement - counter = counter + 1: null

2018-11-23 17:23:27 - [TEST_STEP][PASSED] - Statement - PreSaveFile = new java.io.File(((pathPrefix + java.lang.Integer.toString(counter)) + .png)): null

2018-11-23 17:23:27 - [TEST_STEP][PASSED] - Statement - counter = counter + 1: null

2018-11-23 17:23:27 - [TEST_STEP][PASSED] - Statement - PreSaveFile = new java.io.File(((pathPrefix + java.lang.Integer.toString(counter)) + .png)): null

2018-11-23 17:23:27 - [TEST_STEP][PASSED] - Statement - counter = counter + 1: null

2018-11-23 17:23:27 - [TEST_STEP][PASSED] - Statement - PreSaveFile = new java.io.File(((pathPrefix + java.lang.Integer.toString(counter)) + .png)): null

2018-11-23 17:23:27 - [TEST_STEP][PASSED] - Statement - counter = counter + 1: null

2018-11-23 17:23:27 - [TEST_STEP][PASSED] - Statement - PreSaveFile = new java.io.File(((pathPrefix + java.lang.Integer.toString(counter)) + .png)): null

2018-11-23 17:23:28 - [TEST_STEP][PASSED] - Statement - counter = counter + 1: null

2018-11-23 17:23:28 - [TEST_STEP][PASSED] - Statement - PreSaveFile = new java.io.File(((pathPrefix + java.lang.Integer.toString(counter)) + .png)): null

2018-11-23 17:23:28 - [TEST_STEP][PASSED] - Statement - counter = counter + 1: null

2018-11-23 17:23:28 - [TEST_STEP][PASSED] - Statement - PreSaveFile = new java.io.File(((pathPrefix + java.lang.Integer.toString(counter)) + .png)): null

2018-11-23 17:23:28 - [TEST_STEP][PASSED] - Statement - counter = counter + 1: null

2018-11-23 17:23:28 - [TEST_STEP][PASSED] - Statement - PreSaveFile = new java.io.File(((pathPrefix + java.lang.Integer.toString(counter)) + .png)): null

2018-11-23 17:23:28 - [TEST_STEP][PASSED] - Statement - counter = counter + 1: null

2018-11-23 17:23:28 - [TEST_STEP][PASSED] - Statement - PreSaveFile = new java.io.File(((pathPrefix + java.lang.Integer.toString(counter)) + .png)): null

2018-11-23 17:23:28 - [TEST_STEP][PASSED] - Statement - counter = counter + 1: null

2018-11-23 17:23:28 - [TEST_STEP][PASSED] - Statement - PreSaveFile = new java.io.File(((pathPrefix + java.lang.Integer.toString(counter)) + .png)): null

2018-11-23 17:23:28 - [TEST_STEP][PASSED] - Statement - counter = counter + 1: null

2018-11-23 17:23:28 - [TEST_STEP][PASSED] - Statement - PreSaveFile = new java.io.File(((pathPrefix + java.lang.Integer.toString(counter)) + .png)): null

2018-11-23 17:23:28 - [TEST_STEP][PASSED] - Statement - counter = counter + 1: null

2018-11-23 17:23:28 - [TEST_STEP][PASSED] - Statement - PreSaveFile = new java.io.File(((pathPrefix + java.lang.Integer.toString(counter)) + .png)): null

2018-11-23 17:23:28 - [TEST_STEP][PASSED] - Statement - counter = counter + 1: null

2018-11-23 17:23:28 - [TEST_STEP][PASSED] - Statement - PreSaveFile = new java.io.File(((pathPrefix + java.lang.Integer.toString(counter)) + .png)): null

2018-11-23 17:23:28 - [TEST_STEP][PASSED] - Statement - counter = counter + 1: null

2018-11-23 17:23:28 - [TEST_STEP][PASSED] - Statement - PreSaveFile = new java.io.File(((pathPrefix + java.lang.Integer.toString(counter)) + .png)): null

2018-11-23 17:23:28 - [TEST_STEP][PASSED] - Statement - counter = counter + 1: null

2018-11-23 17:23:29 - [TEST_STEP][PASSED] - Statement - PreSaveFile = new java.io.File(((pathPrefix + java.lang.Integer.toString(counter)) + .png)): null

2018-11-23 17:23:29 - [TEST_STEP][PASSED] - Statement - counter = counter + 1: null

2018-11-23 17:23:29 - [TEST_STEP][PASSED] - Statement - PreSaveFile = new java.io.File(((pathPrefix + java.lang.Integer.toString(counter)) + .png)): null

2018-11-23 17:23:29 - [TEST_STEP][PASSED] - Statement - counter = counter + 1: null

2018-11-23 17:23:29 - [TEST_STEP][PASSED] - Statement - PreSaveFile = new java.io.File(((pathPrefix + java.lang.Integer.toString(counter)) + .png)): null

2018-11-23 17:23:29 - [TEST_STEP][PASSED] - Statement - counter = counter + 1: null

2018-11-23 17:23:29 - [TEST_STEP][PASSED] - Statement - PreSaveFile = new java.io.File(((pathPrefix + java.lang.Integer.toString(counter)) + .png)): null

2018-11-23 17:23:29 - [TEST_STEP][PASSED] - Statement - counter = counter + 1: null

2018-11-23 17:23:29 - [TEST_STEP][PASSED] - Statement - PreSaveFile = new java.io.File(((pathPrefix + java.lang.Integer.toString(counter)) + .png)): null

2018-11-23 17:23:30 - [TEST_STEP][PASSED] - Statement - counter = counter + 1: null

2018-11-23 17:23:30 - [TEST_STEP][PASSED] - Statement - PreSaveFile = new java.io.File(((pathPrefix + java.lang.Integer.toString(counter)) + .png)): null

2018-11-23 17:23:30 - [TEST_STEP][PASSED] - Statement - counter = counter + 1: null

2018-11-23 17:23:30 - [TEST_STEP][PASSED] - Statement - PreSaveFile = new java.io.File(((pathPrefix + java.lang.Integer.toString(counter)) + .png)): null

2018-11-23 17:23:30 - [TEST_STEP][PASSED] - Statement - counter = counter + 1: null

2018-11-23 17:23:30 - [TEST_STEP][PASSED] - Statement - PreSaveFile = new java.io.File(((pathPrefix + java.lang.Integer.toString(counter)) + .png)): null

2018-11-23 17:23:30 - [TEST_STEP][PASSED] - Statement - counter = counter + 1: null

2018-11-23 17:23:30 - [TEST_STEP][PASSED] - Statement - PreSaveFile = new java.io.File(((pathPrefix + java.lang.Integer.toString(counter)) + .png)): null

2018-11-23 17:23:30 - [TEST_STEP][PASSED] - Statement - counter = counter + 1: null

2018-11-23 17:23:30 - [TEST_STEP][PASSED] - Statement - PreSaveFile = new java.io.File(((pathPrefix + java.lang.Integer.toString(counter)) + .png)): null

2018-11-23 17:23:31 - [TEST_STEP][PASSED] - Statement - counter = counter + 1: null

2018-11-23 17:23:31 - [TEST_STEP][PASSED] - Statement - PreSaveFile = new java.io.File(((pathPrefix + java.lang.Integer.toString(counter)) + .png)): null

2018-11-23 17:23:31 - [TEST_STEP][PASSED] - Statement - counter = counter + 1: null

2018-11-23 17:23:31 - [TEST_STEP][PASSED] - Statement - PreSaveFile = new java.io.File(((pathPrefix + java.lang.Integer.toString(counter)) + .png)): null

2018-11-23 17:23:31 - [TEST_STEP][PASSED] - Statement - counter = counter + 1: null

2018-11-23 17:23:31 - [TEST_STEP][PASSED] - Statement - PreSaveFile = new java.io.File(((pathPrefix + java.lang.Integer.toString(counter)) + .png)): null

2018-11-23 17:23:31 - [TEST_STEP][PASSED] - Statement - counter = counter + 1: null

2018-11-23 17:23:31 - [TEST_STEP][PASSED] - Statement - PreSaveFile = new java.io.File(((pathPrefix + java.lang.Integer.toString(counter)) + .png)): null

2018-11-23 17:23:31 - [TEST_STEP][PASSED] - Statement - counter = counter + 1: null

2018-11-23 17:23:31 - [TEST_STEP][PASSED] - Statement - PreSaveFile = new java.io.File(((pathPrefix + java.lang.Integer.toString(counter)) + .png)): null

2018-11-23 17:23:32 - [TEST_STEP][PASSED] - Statement - counter = counter + 1: null

2018-11-23 17:23:32 - [TEST_STEP][PASSED] - Statement - PreSaveFile = new java.io.File(((pathPrefix + java.lang.Integer.toString(counter)) + .png)): null

2018-11-23 17:23:32 - [TEST_STEP][PASSED] - Statement - counter = counter + 1: null

2018-11-23 17:23:32 - [TEST_STEP][PASSED] - Statement - PreSaveFile = new java.io.File(((pathPrefix + java.lang.Integer.toString(counter)) + .png)): null

2018-11-23 17:23:32 - [TEST_STEP][PASSED] - Statement - counter = counter + 1: null

2018-11-23 17:23:32 - [TEST_STEP][PASSED] - Statement - PreSaveFile = new java.io.File(((pathPrefix + java.lang.Integer.toString(counter)) + .png)): null

2018-11-23 17:23:32 - [TEST_STEP][PASSED] - Statement - counter = counter + 1: null

2018-11-23 17:23:32 - [TEST_STEP][PASSED] - Statement - PreSaveFile = new java.io.File(((pathPrefix + java.lang.Integer.toString(counter)) + .png)): null

2018-11-23 17:23:32 - [TEST_STEP][PASSED] - Statement - counter = counter + 1: null

2018-11-23 17:23:32 - [TEST_STEP][PASSED] - Statement - PreSaveFile = new java.io.File(((pathPrefix + java.lang.Integer.toString(counter)) + .png)): null

2018-11-23 17:23:32 - [TEST_STEP][PASSED] - Statement - counter = counter + 1: null

2018-11-23 17:23:32 - [TEST_STEP][PASSED] - Statement - PreSaveFile = new java.io.File(((pathPrefix + java.lang.Integer.toString(counter)) + .png)): null

2018-11-23 17:23:32 - [TEST_STEP][PASSED] - Statement - counter = counter + 1: null

2018-11-23 17:23:32 - [TEST_STEP][PASSED] - Statement - PreSaveFile = new java.io.File(((pathPrefix + java.lang.Integer.toString(counter)) + .png)): null

2018-11-23 17:23:32 - [TEST_STEP][PASSED] - Statement - counter = counter + 1: null

2018-11-23 17:23:32 - [TEST_STEP][PASSED] - Statement - PreSaveFile = new java.io.File(((pathPrefix + java.lang.Integer.toString(counter)) + .png)): null

2018-11-23 17:23:32 - [TEST_STEP][PASSED] - Statement - counter = counter + 1: null

2018-11-23 17:23:32 - [TEST_STEP][PASSED] - Statement - PreSaveFile = new java.io.File(((pathPrefix + java.lang.Integer.toString(counter)) + .png)): null

2018-11-23 17:23:32 - [TEST_STEP][PASSED] - Statement - counter = counter + 1: null

2018-11-23 17:23:33 - [TEST_STEP][PASSED] - Statement - PreSaveFile = new java.io.File(((pathPrefix + java.lang.Integer.toString(counter)) + .png)): null

2018-11-23 17:23:33 - [TEST_STEP][PASSED] - Statement - counter = counter + 1: null

2018-11-23 17:23:33 - [TEST_STEP][PASSED] - Statement - PreSaveFile = new java.io.File(((pathPrefix + java.lang.Integer.toString(counter)) + .png)): null

2018-11-23 17:23:33 - [TEST_STEP][PASSED] - Statement - counter = counter + 1: null

2018-11-23 17:23:33 - [TEST_STEP][PASSED] - Statement - PreSaveFile = new java.io.File(((pathPrefix + java.lang.Integer.toString(counter)) + .png)): null

2018-11-23 17:23:33 - [TEST_STEP][PASSED] - Statement - counter = counter + 1: null

2018-11-23 17:23:33 - [TEST_STEP][PASSED] - Statement - PreSaveFile = new java.io.File(((pathPrefix + java.lang.Integer.toString(counter)) + .png)): null

2018-11-23 17:23:33 - [TEST_STEP][PASSED] - Statement - counter = counter + 1: null

2018-11-23 17:23:33 - [TEST_STEP][PASSED] - Statement - PreSaveFile = new java.io.File(((pathPrefix + java.lang.Integer.toString(counter)) + .png)): null

2018-11-23 17:23:34 - [TEST_STEP][PASSED] - Statement - counter = counter + 1: null

2018-11-23 17:23:34 - [TEST_STEP][PASSED] - Statement - PreSaveFile = new java.io.File(((pathPrefix + java.lang.Integer.toString(counter)) + .png)): null

2018-11-23 17:23:34 - [TEST_STEP][PASSED] - Statement - counter = counter + 1: null

2018-11-23 17:23:34 - [TEST_STEP][PASSED] - Statement - PreSaveFile = new java.io.File(((pathPrefix + java.lang.Integer.toString(counter)) + .png)): null

2018-11-23 17:23:34 - [TEST_STEP][PASSED] - Statement - counter = counter + 1: null

2018-11-23 17:23:34 - [TEST_STEP][PASSED] - Statement - PreSaveFile = new java.io.File(((pathPrefix + java.lang.Integer.toString(counter)) + .png)): null

2018-11-23 17:23:34 - [TEST_STEP][PASSED] - Statement - counter = counter + 1: null

2018-11-23 17:23:34 - [TEST_STEP][PASSED] - Statement - PreSaveFile = new java.io.File(((pathPrefix + java.lang.Integer.toString(counter)) + .png)): null

2018-11-23 17:23:34 - [TEST_STEP][PASSED] - Statement - counter = counter + 1: null

2018-11-23 17:23:34 - [TEST_STEP][PASSED] - Statement - PreSaveFile = new java.io.File(((pathPrefix + java.lang.Integer.toString(counter)) + .png)): null

2018-11-23 17:23:34 - [TEST_STEP][PASSED] - Statement - counter = counter + 1: null

2018-11-23 17:23:34 - [TEST_STEP][PASSED] - Statement - PreSaveFile = new java.io.File(((pathPrefix + java.lang.Integer.toString(counter)) + .png)): null

2018-11-23 17:23:34 - [TEST_STEP][PASSED] - Statement - counter = counter + 1: null

2018-11-23 17:23:34 - [TEST_STEP][PASSED] - Statement - PreSaveFile = new java.io.File(((pathPrefix + java.lang.Integer.toString(counter)) + .png)): null

2018-11-23 17:23:34 - [TEST_STEP][PASSED] - Statement - counter = counter + 1: null

2018-11-23 17:23:34 - [TEST_STEP][PASSED] - Statement - PreSaveFile = new java.io.File(((pathPrefix + java.lang.Integer.toString(counter)) + .png)): null

2018-11-23 17:23:34 - [TEST_STEP][PASSED] - Statement - counter = counter + 1: null

2018-11-23 17:23:34 - [TEST_STEP][PASSED] - Statement - PreSaveFile = new java.io.File(((pathPrefix + java.lang.Integer.toString(counter)) + .png)): null

2018-11-23 17:23:34 - [TEST_STEP][PASSED] - Statement - counter = counter + 1: null

2018-11-23 17:23:34 - [TEST_STEP][PASSED] - Statement - PreSaveFile = new java.io.File(((pathPrefix + java.lang.Integer.toString(counter)) + .png)): null

2018-11-23 17:23:35 - [TEST_STEP][PASSED] - Statement - counter = counter + 1: null

2018-11-23 17:23:35 - [TEST_STEP][PASSED] - Statement - PreSaveFile = new java.io.File(((pathPrefix + java.lang.Integer.toString(counter)) + .png)): null

2018-11-23 17:23:35 - [TEST_STEP][PASSED] - Statement - counter = counter + 1: null

2018-11-23 17:23:35 - [TEST_STEP][PASSED] - Statement - PreSaveFile = new java.io.File(((pathPrefix + java.lang.Integer.toString(counter)) + .png)): null

2018-11-23 17:23:35 - [TEST_STEP][PASSED] - Statement - counter = counter + 1: null

2018-11-23 17:23:35 - [TEST_STEP][PASSED] - Statement - PreSaveFile = new java.io.File(((pathPrefix + java.lang.Integer.toString(counter)) + .png)): null

2018-11-23 17:23:35 - [TEST_STEP][PASSED] - Statement - counter = counter + 1: null

2018-11-23 17:23:35 - [TEST_STEP][PASSED] - Statement - PreSaveFile = new java.io.File(((pathPrefix + java.lang.Integer.toString(counter)) + .png)): null

2018-11-23 17:23:35 - [TEST_STEP][PASSED] - Statement - counter = counter + 1: null

2018-11-23 17:23:36 - [TEST_STEP][PASSED] - Statement - PreSaveFile = new java.io.File(((pathPrefix + java.lang.Integer.toString(counter)) + .png)): null

2018-11-23 17:23:36 - [TEST_STEP][PASSED] - Statement - counter = counter + 1: null

2018-11-23 17:23:36 - [TEST_STEP][PASSED] - Statement - PreSaveFile = new java.io.File(((pathPrefix + java.lang.Integer.toString(counter)) + .png)): null

2018-11-23 17:23:36 - [TEST_STEP][PASSED] - Statement - counter = counter + 1: null

2018-11-23 17:23:36 - [TEST_STEP][PASSED] - Statement - PreSaveFile = new java.io.File(((pathPrefix + java.lang.Integer.toString(counter)) + .png)): null

2018-11-23 17:23:36 - [TEST_STEP][PASSED] - Statement - counter = counter + 1: null

2018-11-23 17:23:36 - [TEST_STEP][PASSED] - Statement - PreSaveFile = new java.io.File(((pathPrefix + java.lang.Integer.toString(counter)) + .png)): null

2018-11-23 17:23:36 - [TEST_STEP][PASSED] - Statement - counter = counter + 1: null

2018-11-23 17:23:36 - [TEST_STEP][PASSED] - Statement - PreSaveFile = new java.io.File(((pathPrefix + java.lang.Integer.toString(counter)) + .png)): null

2018-11-23 17:23:36 - [TEST_STEP][PASSED] - Statement - counter = counter + 1: null

2018-11-23 17:23:36 - [TEST_STEP][PASSED] - Statement - PreSaveFile = new java.io.File(((pathPrefix + java.lang.Integer.toString(counter)) + .png)): null

2018-11-23 17:23:36 - [TEST_STEP][PASSED] - Statement - counter = counter + 1: null

2018-11-23 17:23:36 - [TEST_STEP][PASSED] - Statement - PreSaveFile = new java.io.File(((pathPrefix + java.lang.Integer.toString(counter)) + .png)): null

2018-11-23 17:23:36 - [TEST_STEP][PASSED] - Statement - counter = counter + 1: null

2018-11-23 17:23:36 - [TEST_STEP][PASSED] - Statement - PreSaveFile = new java.io.File(((pathPrefix + java.lang.Integer.toString(counter)) + .png)): null

2018-11-23 17:23:36 - [TEST_STEP][PASSED] - Statement - counter = counter + 1: null

2018-11-23 17:23:36 - [TEST_STEP][PASSED] - Statement - PreSaveFile = new java.io.File(((pathPrefix + java.lang.Integer.toString(counter)) + .png)): null

2018-11-23 17:23:36 - [TEST_STEP][PASSED] - Statement - counter = counter + 1: null

2018-11-23 17:23:36 - [TEST_STEP][PASSED] - Statement - PreSaveFile = new java.io.File(((pathPrefix + java.lang.Integer.toString(counter)) + .png)): null

2018-11-23 17:23:37 - [TEST_STEP][PASSED] - Statement - counter = counter + 1: null

2018-11-23 17:23:37 - [TEST_STEP][PASSED] - Statement - PreSaveFile = new java.io.File(((pathPrefix + java.lang.Integer.toString(counter)) + .png)): null

2018-11-23 17:23:37 - [TEST_STEP][PASSED] - Statement - counter = counter + 1: null

2018-11-23 17:23:37 - [TEST_STEP][PASSED] - Statement - PreSaveFile = new java.io.File(((pathPrefix + java.lang.Integer.toString(counter)) + .png)): null

2018-11-23 17:23:37 - [TEST_STEP][PASSED] - Statement - counter = counter + 1: null

2018-11-23 17:23:37 - [TEST_STEP][PASSED] - Statement - PreSaveFile = new java.io.File(((pathPrefix + java.lang.Integer.toString(counter)) + .png)): null

2018-11-23 17:23:37 - [TEST_STEP][PASSED] - Statement - counter = counter + 1: null

2018-11-23 17:23:37 - [TEST_STEP][PASSED] - Statement - PreSaveFile = new java.io.File(((pathPrefix + java.lang.Integer.toString(counter)) + .png)): null

2018-11-23 17:23:37 - [TEST_STEP][PASSED] - Statement - counter = counter + 1: null

2018-11-23 17:23:37 - [TEST_STEP][PASSED] - Statement - PreSaveFile = new java.io.File(((pathPrefix + java.lang.Integer.toString(counter)) + .png)): null

2018-11-23 17:23:38 - [TEST_STEP][PASSED] - Statement - counter = counter + 1: null

2018-11-23 17:23:38 - [TEST_STEP][PASSED] - Statement - PreSaveFile = new java.io.File(((pathPrefix + java.lang.Integer.toString(counter)) + .png)): null

2018-11-23 17:23:38 - [TEST_STEP][PASSED] - Statement - counter = counter + 1: null

2018-11-23 17:23:38 - [TEST_STEP][PASSED] - Statement - PreSaveFile = new java.io.File(((pathPrefix + java.lang.Integer.toString(counter)) + .png)): null

2018-11-23 17:23:38 - [TEST_STEP][PASSED] - Statement - counter = counter + 1: null

2018-11-23 17:23:38 - [TEST_STEP][PASSED] - Statement - PreSaveFile = new java.io.File(((pathPrefix + java.lang.Integer.toString(counter)) + .png)): null

2018-11-23 17:23:38 - [TEST_STEP][PASSED] - Statement - counter = counter + 1: null

2018-11-23 17:23:38 - [TEST_STEP][PASSED] - Statement - PreSaveFile = new java.io.File(((pathPrefix + java.lang.Integer.toString(counter)) + .png)): null

2018-11-23 17:23:38 - [TEST_STEP][PASSED] - Statement - counter = counter + 1: null

2018-11-23 17:23:38 - [TEST_STEP][PASSED] - Statement - PreSaveFile = new java.io.File(((pathPrefix + java.lang.Integer.toString(counter)) + .png)): null

2018-11-23 17:23:39 - [TEST_STEP][PASSED] - Statement - counter = counter + 1: null

2018-11-23 17:23:39 - [TEST_STEP][PASSED] - Statement - PreSaveFile = new java.io.File(((pathPrefix + java.lang.Integer.toString(counter)) + .png)): null

2018-11-23 17:23:39 - [TEST_STEP][PASSED] - Statement - counter = counter + 1: null

2018-11-23 17:23:39 - [TEST_STEP][PASSED] - Statement - PreSaveFile = new java.io.File(((pathPrefix + java.lang.Integer.toString(counter)) + .png)): null

2018-11-23 17:23:39 - [TEST_STEP][PASSED] - Statement - counter = counter + 1: null

2018-11-23 17:23:39 - [TEST_STEP][PASSED] - Statement - PreSaveFile = new java.io.File(((pathPrefix + java.lang.Integer.toString(counter)) + .png)): null

2018-11-23 17:23:39 - [TEST_STEP][PASSED] - Statement - counter = counter + 1: null

2018-11-23 17:23:39 - [TEST_STEP][PASSED] - Statement - PreSaveFile = new java.io.File(((pathPrefix + java.lang.Integer.toString(counter)) + .png)): null

2018-11-23 17:23:39 - [TEST_STEP][PASSED] - Statement - counter = counter + 1: null

2018-11-23 17:23:41 - [TEST_STEP][PASSED] - Statement - PreSaveFile = new java.io.File(((pathPrefix + java.lang.Integer.toString(counter)) + .png)): null

2018-11-23 17:23:41 - [TEST_STEP][PASSED] - Statement - counter = counter + 1: null

2018-11-23 17:23:41 - [TEST_STEP][PASSED] - Statement - PreSaveFile = new java.io.File(((pathPrefix + java.lang.Integer.toString(counter)) + .png)): null

2018-11-23 17:23:41 - [TEST_STEP][PASSED] - Statement - counter = counter + 1: null

2018-11-23 17:23:41 - [TEST_STEP][PASSED] - Statement - PreSaveFile = new java.io.File(((pathPrefix + java.lang.Integer.toString(counter)) + .png)): null

2018-11-23 17:23:41 - [TEST_STEP][PASSED] - Statement - counter = counter + 1: null

2018-11-23 17:23:41 - [TEST_STEP][PASSED] - Statement - PreSaveFile = new java.io.File(((pathPrefix + java.lang.Integer.toString(counter)) + .png)): null

2018-11-23 17:23:41 - [TEST_STEP][PASSED] - Statement - finalPath = pathPrefix + java.lang.Integer.toString(counter) + ".png": null

2018-11-23 17:23:41 - [TEST_STEP][PASSED] - Statement - SaveFile = new java.io.File(finalPath): null

2018-11-23 17:23:42 - [TEST_STEP][PASSED] - Statement - Try: null

2018-11-23 17:23:42 - [TEST_STEP][PASSED] - Statement - org.apache.commons.io.FileUtils.copyFile(scrFile, SaveFile): null

2018-11-23 17:23:42 - [TEST_STEP][PASSED] - Statement - out.println("file kept"): null

2018-11-23 17:23:42 - [TEST_STEP][PASSED] - delay: Delayed 10 second(s)

2018-11-23 17:23:52 - [MESSAGE][PASSED] - Delayed 10 second(s)

2018-11-23 17:23:52 - [MESSAGE][PASSED] - Call Test Case 'Test Cases/Final Aug 2018 - PKS Automation/Registration Module/New Registration/Submit and Screenshot/Submit Registration and Screenshot - Copy' successfully

2018-11-23 17:23:52 - [TEST_STEP][PASSED] - Statement - UpdateAddNewECode = com.kms.katalon.core.webui.keyword.WebUiBuiltInKeywords.getText(com.kms.katalon.core.testobject.ObjectRepository.findTestObject(Object Repository/Final Object Repo/Page_Update Add New Employee - ASSIST/getEmpCode)): Text of object 'Object Repository/Final Object Repo/Page_Update Add New Employee - ASSIST/getEmpCode' is: 'E1102070400Y'

2018-11-23 17:23:52 - [MESSAGE][PASSED] - Text of object 'Object Repository/Final Object Repo/Page_Update Add New Employee - ASSIST/getEmpCode' is: 'E1102070400Y'

2018-11-23 17:23:52 - [TEST_STEP][PASSED] - callTestCase: Call Test Case 'Test Cases/Final Aug 2018 - PKS Automation/Common/Emp Code Setter' successfully

2018-11-23 17:23:52 - [TEST_CASE][PASSED] - Test Cases/Final Aug 2018 - PKS Automation/Common/Emp Code Setter: Test Cases/Final Aug 2018 - PKS Automation/Common/Emp Code Setter

2018-11-23 17:23:52 - [TEST_STEP][PASSED] - Statement - EmpCodeOld = new java.io.File(C://Users//Admin//Desktop//PKS//Automation Reference Point//EmpCode.txt): null

2018-11-23 17:23:52 - [TEST_STEP][PASSED] - Statement - EmpCodeOld.delete(): null

2018-11-23 17:23:52 - [TEST_STEP][PASSED] - Statement - EmpCode = new java.io.File(C://Users//Admin//Desktop//PKS//Automation Reference Point//EmpCode.txt): null

2018-11-23 17:23:52 - [TEST_STEP][PASSED] - Statement - EmpCode.append(UpdateAddNewECode): null

2018-11-23 17:23:52 - [TEST_STEP][PASSED] - Statement - out.println("


" + UpdateAddNewECode + "


"): null

2018-11-23 17:23:52 - [MESSAGE][PASSED] - Call Test Case 'Test Cases/Final Aug 2018 - PKS Automation/Common/Emp Code Setter' successfully

2018-11-23 17:23:52 - [MESSAGE][PASSED] - Call Test Case 'Test Cases/Final Aug 2018 - PKS Automation/Registration Module/Workflow/Update Add New Employee/Template/New Company for Update Add New - Employer' successfully

2018-11-23 17:23:52 - [TEST_STEP][PASSED] - callTestCase: Call Test Case 'Test Cases/Final Aug 2018 - PKS Automation/Create Employer Acc/Login to Employer Account (Second time)' successfully

2018-11-23 17:23:52 - [TEST_CASE][PASSED] - Test Cases/Final Aug 2018 - PKS Automation/Create Employer Acc/Login to Employer Account (Second time): Test Cases/Final Aug 2018 - PKS Automation/Create Employer Acc/Login to Employer Account (Second time)

2018-11-23 17:23:52 - [TEST_STEP][PASSED] - openBrowser: Browser is opened with url: ''

2018-11-23 17:23:52 - [MESSAGE][WARNING] - A browser is already opened. Closing browser and opening a new one

2018-11-23 17:23:57 - [MESSAGE][PASSED] - Browser is opened with url: ''

2018-11-23 17:23:57 - [TEST_STEP][PASSED] - navigateToUrl: Navigate to 'https://assist2-uat.perkeso.gov.my/employer/login' successfully

2018-11-23 17:23:58 - [MESSAGE][PASSED] - Navigate to 'https://assist2-uat.perkeso.gov.my/employer/login' successfully

2018-11-23 17:23:58 - [TEST_STEP][PASSED] - delay: Delayed 3 second(s)

2018-11-23 17:24:01 - [MESSAGE][PASSED] - Delayed 3 second(s)

2018-11-23 17:24:01 - [TEST_STEP][PASSED] - callTestCase: Call Test Case 'Test Cases/Final Aug 2018 - PKS Automation/Create Employer Acc/Template/Employer Email Getter' successfully

2018-11-23 17:24:01 - [TEST_CASE][PASSED] - Test Cases/Final Aug 2018 - PKS Automation/Create Employer Acc/Template/Employer Email Getter: Test Cases/Final Aug 2018 - PKS Automation/Create Employer Acc/Template/Employer Email Getter

2018-11-23 17:24:01 - [TEST_STEP][PASSED] - Statement - Try: null

2018-11-23 17:24:01 - [TEST_STEP][PASSED] - Statement - EmpEmail = new java.io.File(C://Users//Admin//Desktop//PKS//Automation Reference Point//EmpEmail.txt): null

2018-11-23 17:24:01 - [TEST_STEP][PASSED] - Statement - bufferread = new java.io.BufferedReader(new java.io.FileReader(EmpEmail)): null

2018-11-23 17:24:01 - [TEST_STEP][PASSED] - Statement - readedVal = bufferread.readLine(): null

2018-11-23 17:24:01 - [TEST_STEP][PASSED] - Statement - out.println(readedVal): null

2018-11-23 17:24:01 - [TEST_STEP][PASSED] - Statement - Email = readedVal: null

2018-11-23 17:24:01 - [MESSAGE][PASSED] - Call Test Case 'Test Cases/Final Aug 2018 - PKS Automation/Create Employer Acc/Template/Employer Email Getter' successfully

2018-11-23 17:24:01 - [TEST_STEP][PASSED] - setText: Text 'perkeso961012583892@gmail.com' is set on object 'Object Repository/Final Object Repo/Login Page/External Login Page/Email'

2018-11-23 17:24:01 - [MESSAGE][PASSED] - Text 'perkeso961012583892@gmail.com' is set on object 'Object Repository/Final Object Repo/Login Page/External Login Page/Email'

2018-11-23 17:24:01 - [TEST_STEP][PASSED] - click: Object: 'Object Repository/Final Object Repo/Login Page/External Login Page/Next' is clicked on

2018-11-23 17:24:02 - [MESSAGE][PASSED] - Object: 'Object Repository/Final Object Repo/Login Page/External Login Page/Next' is clicked on

2018-11-23 17:24:02 - [TEST_STEP][PASSED] - delay: Delayed 3 second(s)

2018-11-23 17:24:05 - [MESSAGE][PASSED] - Delayed 3 second(s)

2018-11-23 17:24:05 - [TEST_STEP][PASSED] - setEncryptedText: Text ****** has been set on object 'Object Repository/Final Object Repo/Login Page/External Login Page/Password'

2018-11-23 17:24:05 - [MESSAGE][PASSED] - Text ****** has been set on object 'Object Repository/Final Object Repo/Login Page/External Login Page/Password'

2018-11-23 17:24:05 - [TEST_STEP][PASSED] - click: Object: 'Object Repository/Final Object Repo/Login Page/External Login Page/Login' is clicked on

2018-11-23 17:24:10 - [MESSAGE][PASSED] - Object: 'Object Repository/Final Object Repo/Login Page/External Login Page/Login' is clicked on

2018-11-23 17:24:10 - [TEST_STEP][PASSED] - delay: Delayed 5 second(s)

2018-11-23 17:24:15 - [MESSAGE][PASSED] - Delayed 5 second(s)

2018-11-23 17:24:15 - [MESSAGE][PASSED] - Call Test Case 'Test Cases/Final Aug 2018 - PKS Automation/Create Employer Acc/Login to Employer Account (Second time)' successfully

2018-11-23 17:24:15 - [TEST_STEP][PASSED] - navigateToUrl: Navigate to 'https://assist2-uat.perkeso.gov.my/web/registration/update/form-1a-cessation-as-employer-discontinue-business-' successfully

2018-11-23 17:24:17 - [MESSAGE][PASSED] - Navigate to 'https://assist2-uat.perkeso.gov.my/web/registration/update/form-1a-cessation-as-employer-discontinue-business-' successfully

2018-11-23 17:24:17 - [TEST_STEP][PASSED] - callTestCase: Call Test Case 'Test Cases/Final Aug 2018 - PKS Automation/Common/Emp Code Getter' successfully

2018-11-23 17:24:17 - [TEST_CASE][PASSED] - Test Cases/Final Aug 2018 - PKS Automation/Common/Emp Code Getter: Test Cases/Final Aug 2018 - PKS Automation/Common/Emp Code Getter

2018-11-23 17:24:17 - [TEST_STEP][PASSED] - Statement - Try: null

2018-11-23 17:24:17 - [TEST_STEP][PASSED] - Statement - EmpCode = new java.io.File(C://Users//Admin//Desktop//PKS//Automation Reference Point//EmpCode.txt): null

2018-11-23 17:24:17 - [TEST_STEP][PASSED] - Statement - bufferread = new java.io.BufferedReader(new java.io.FileReader(EmpCode)): null

2018-11-23 17:24:17 - [TEST_STEP][PASSED] - Statement - readedVal = bufferread.readLine(): null

2018-11-23 17:24:17 - [TEST_STEP][PASSED] - Statement - out.println(readedVal): null

2018-11-23 17:24:17 - [TEST_STEP][PASSED] - Statement - UpdateAddNewECode = readedVal: null

2018-11-23 17:24:17 - [MESSAGE][PASSED] - Call Test Case 'Test Cases/Final Aug 2018 - PKS Automation/Common/Emp Code Getter' successfully

2018-11-23 17:24:17 - [TEST_STEP][PASSED] - setText: Text 'E1102070400Y' is set on object 'Object Repository/Final Object Repo/Page_Update Employer Information/Employer Code'

2018-11-23 17:24:17 - [MESSAGE][PASSED] - Text 'E1102070400Y' is set on object 'Object Repository/Final Object Repo/Page_Update Employer Information/Employer Code'

2018-11-23 17:24:17 - [TEST_STEP][PASSED] - click: Object: 'Object Repository/Final Object Repo/Page_Update Employer Information/Search Button' is clicked on

2018-11-23 17:24:19 - [MESSAGE][PASSED] - Object: 'Object Repository/Final Object Repo/Page_Update Employer Information/Search Button' is clicked on

2018-11-23 17:24:19 - [TEST_STEP][PASSED] - click: Object: 'Object Repository/Final Object Repo/Page_Update Employer Information/Edit Button' is clicked on

2018-11-23 17:24:20 - [MESSAGE][PASSED] - Object: 'Object Repository/Final Object Repo/Page_Update Employer Information/Edit Button' is clicked on

2018-11-23 17:24:20 - [TEST_STEP][PASSED] - Statement - abc = com.kms.katalon.core.webui.keyword.WebUiBuiltInKeywords.getAttribute(com.kms.katalon.core.testobject.ObjectRepository.findTestObject(Final Object Repo/Page_Form 1A - Cessation As Employer/Employer Status), "value"): Attribute 'value' of object 'Object Repository/Final Object Repo/Page_Form 1A - Cessation As Employer/Employer Status' is: 'Active'

2018-11-23 17:24:20 - [MESSAGE][PASSED] - Attribute 'value' of object 'Object Repository/Final Object Repo/Page_Form 1A - Cessation As Employer/Employer Status' is: 'Active'

2018-11-23 17:24:20 - [TEST_STEP][PASSED] - Statement - out.println(abc): null

2018-11-23 17:24:20 - [TEST_STEP][PASSED] - Statement - If (abc == "Active"): Object: 'Object Repository/Final Object Repo/Page_Form 1A - Cessation As Employer/Change Employer Status to - Dormant' is clicked on

2018-11-23 17:24:20 - [TEST_STEP][PASSED] - click: Object: 'Object Repository/Final Object Repo/Page_Form 1A - Cessation As Employer/Change Employer Status to' is clicked on

2018-11-23 17:24:21 - [MESSAGE][PASSED] - Object: 'Object Repository/Final Object Repo/Page_Form 1A - Cessation As Employer/Change Employer Status to' is clicked on

2018-11-23 17:24:21 - [TEST_STEP][PASSED] - click: Object: 'Object Repository/Final Object Repo/Page_Form 1A - Cessation As Employer/Change Employer Status to - Dormant' is clicked on

2018-11-23 17:24:21 - [MESSAGE][PASSED] - Object: 'Object Repository/Final Object Repo/Page_Form 1A - Cessation As Employer/Change Employer Status to - Dormant' is clicked on

2018-11-23 17:24:21 - [TEST_STEP][PASSED] - click: Object: 'Object Repository/Final Object Repo/Page_Form 1A - Cessation As Employer/Calender' is clicked on

2018-11-23 17:24:22 - [MESSAGE][PASSED] - Object: 'Object Repository/Final Object Repo/Page_Form 1A - Cessation As Employer/Calender' is clicked on

2018-11-23 17:24:22 - [TEST_STEP][PASSED] - click: Object: 'Object Repository/Final Object Repo/Page_Form 1A - Cessation As Employer/Calender - Date' is clicked on

2018-11-23 17:24:22 - [MESSAGE][PASSED] - Object: 'Object Repository/Final Object Repo/Page_Form 1A - Cessation As Employer/Calender - Date' is clicked on

2018-11-23 17:24:22 - [TEST_STEP][PASSED] - delay: Delayed 2 second(s)

2018-11-23 17:24:24 - [MESSAGE][PASSED] - Delayed 2 second(s)

2018-11-23 17:24:24 - [TEST_STEP][PASSED] - click: Object: 'Object Repository/Final Object Repo/Page_Form 1A - Cessation As Employer/Save  Continue in Form 1A Page' is clicked on

2018-11-23 17:24:27 - [MESSAGE][PASSED] - Object: 'Object Repository/Final Object Repo/Page_Form 1A - Cessation As Employer/Save  Continue in Form 1A Page' is clicked on

2018-11-23 17:24:27 - [TEST_STEP][PASSED] - delay: Delayed 2 second(s)

2018-11-23 17:24:29 - [MESSAGE][PASSED] - Delayed 2 second(s)

2018-11-23 17:24:29 - [TEST_STEP][PASSED] - click: Object: 'Object Repository/Final Object Repo/Page_Form 1A - Cessation As Employer/Employment Resign Date' is clicked on

2018-11-23 17:24:31 - [MESSAGE][PASSED] - Object: 'Object Repository/Final Object Repo/Page_Form 1A - Cessation As Employer/Employment Resign Date' is clicked on

2018-11-23 17:24:31 - [TEST_STEP][PASSED] - delay: Delayed 1 second(s)

2018-11-23 17:24:32 - [MESSAGE][PASSED] - Delayed 1 second(s)

2018-11-23 17:24:32 - [TEST_STEP][PASSED] - Statement - CaseReferenceNo = com.kms.katalon.core.webui.keyword.WebUiBuiltInKeywords.getText(com.kms.katalon.core.testobject.ObjectRepository.findTestObject(Final Object Repo/Page_Update Employer Information/Reference Number in Update Employee Information Page)): Text of object 'Object Repository/Final Object Repo/Page_Update Employer Information/Reference Number in Update Employee Information Page' is: 'CUN112018C200001609'

2018-11-23 17:24:32 - [MESSAGE][PASSED] - Text of object 'Object Repository/Final Object Repo/Page_Update Employer Information/Reference Number in Update Employee Information Page' is: 'CUN112018C200001609'

2018-11-23 17:24:32 - [TEST_STEP][PASSED] - callTestCase: Call Test Case 'Test Cases/Final Aug 2018 - PKS Automation/Common/Reference Number Setter' successfully

2018-11-23 17:24:32 - [TEST_CASE][PASSED] - Test Cases/Final Aug 2018 - PKS Automation/Common/Reference Number Setter: Test Cases/Final Aug 2018 - PKS Automation/Common/Reference Number Setter

2018-11-23 17:24:32 - [TEST_STEP][PASSED] - Statement - RefNoOldFile = new java.io.File(C://Users//Admin//Desktop//PKS//Automation Reference Point//KatalonReference.txt): null

2018-11-23 17:24:32 - [TEST_STEP][PASSED] - Statement - RefNoOldFile.delete(): null

2018-11-23 17:24:32 - [TEST_STEP][PASSED] - delay: Delayed 5 second(s)

2018-11-23 17:24:37 - [MESSAGE][PASSED] - Delayed 5 second(s)

2018-11-23 17:24:37 - [TEST_STEP][PASSED] - Statement - RefNo = new java.io.File(C://Users//Admin//Desktop//PKS//Automation Reference Point//KatalonReference.txt): null

2018-11-23 17:24:37 - [TEST_STEP][PASSED] - Statement - f2 = new java.io.FileWriter(RefNo, false): null

2018-11-23 17:24:37 - [TEST_STEP][PASSED] - Statement - f2.write(CaseReferenceNo): null

2018-11-23 17:24:37 - [TEST_STEP][PASSED] - Statement - f2.close(): null

2018-11-23 17:24:37 - [TEST_STEP][PASSED] - Statement - out.println("


" + CaseReferenceNo + "


"): null

2018-11-23 17:24:37 - [MESSAGE][PASSED] - Call Test Case 'Test Cases/Final Aug 2018 - PKS Automation/Common/Reference Number Setter' successfully

2018-11-23 17:24:37 - [TEST_STEP][PASSED] - selectOptionByValue: All options with value '2030' are selected in object 'Object Repository/Final Object Repo/Page_Form 1A - Cessation As Employer/Employment Resign Date - Year' 

2018-11-23 17:24:37 - [MESSAGE][PASSED] - All options with value '2030' are selected in object 'Object Repository/Final Object Repo/Page_Form 1A - Cessation As Employer/Employment Resign Date - Year' 

2018-11-23 17:24:37 - [TEST_STEP][PASSED] - delay: Delayed 1 second(s)

2018-11-23 17:24:38 - [MESSAGE][PASSED] - Delayed 1 second(s)

2018-11-23 17:24:38 - [TEST_STEP][PASSED] - click: Object: 'Object Repository/Final Object Repo/Page_Form 1A - Cessation As Employer/Employment Resign Date - Year - Date' is clicked on

2018-11-23 17:24:39 - [MESSAGE][PASSED] - Object: 'Object Repository/Final Object Repo/Page_Form 1A - Cessation As Employer/Employment Resign Date - Year - Date' is clicked on

2018-11-23 17:24:39 - [TEST_STEP][PASSED] - delay: Delayed 2 second(s)

2018-11-23 17:24:41 - [MESSAGE][PASSED] - Delayed 2 second(s)

2018-11-23 17:24:41 - [TEST_STEP][PASSED] - click: Object: 'Object Repository/Final Object Repo/Page_Form 1A - Cessation As Employer/Save  Continue in Update Add Employee Resigned Date Page' is clicked on

2018-11-23 17:24:41 - [MESSAGE][PASSED] - Object: 'Object Repository/Final Object Repo/Page_Form 1A - Cessation As Employer/Save  Continue in Update Add Employee Resigned Date Page' is clicked on

2018-11-23 17:24:41 - [TEST_STEP][PASSED] - delay: Delayed 2 second(s)

2018-11-23 17:24:43 - [MESSAGE][PASSED] - Delayed 2 second(s)

2018-11-23 17:24:43 - [TEST_STEP][PASSED] - click: Object: 'Object Repository/Final Object Repo/Page_Form 1A - Cessation As Employer/Set Latest - Yes' is clicked on

2018-11-23 17:24:46 - [MESSAGE][PASSED] - Object: 'Object Repository/Final Object Repo/Page_Form 1A - Cessation As Employer/Set Latest - Yes' is clicked on

2018-11-23 17:24:46 - [TEST_STEP][PASSED] - delay: Delayed 2 second(s)

2018-11-23 17:24:48 - [MESSAGE][PASSED] - Delayed 2 second(s)

2018-11-23 17:24:48 - [TEST_STEP][PASSED] - click: Object: 'Object Repository/Final Object Repo/Page_Form 1A - Cessation As Employer/Add Document' is clicked on

2018-11-23 17:24:49 - [MESSAGE][PASSED] - Object: 'Object Repository/Final Object Repo/Page_Form 1A - Cessation As Employer/Add Document' is clicked on

2018-11-23 17:24:49 - [TEST_STEP][PASSED] - delay: Delayed 3 second(s)

2018-11-23 17:24:52 - [MESSAGE][PASSED] - Delayed 3 second(s)

2018-11-23 17:24:52 - [TEST_STEP][PASSED] - click: Object: 'Object Repository/Final Object Repo/Page_Form 1A - Cessation As Employer/Document Type' is clicked on

2018-11-23 17:24:52 - [MESSAGE][PASSED] - Object: 'Object Repository/Final Object Repo/Page_Form 1A - Cessation As Employer/Document Type' is clicked on

2018-11-23 17:24:52 - [TEST_STEP][PASSED] - delay: Delayed 2 second(s)

2018-11-23 17:24:54 - [MESSAGE][PASSED] - Delayed 2 second(s)

2018-11-23 17:24:54 - [TEST_STEP][PASSED] - click: Object: 'Object Repository/Final Object Repo/Page_Form 1A - Cessation As Employer/Document Type - Supporting Document For Cessation' is clicked on

2018-11-23 17:24:55 - [MESSAGE][PASSED] - Object: 'Object Repository/Final Object Repo/Page_Form 1A - Cessation As Employer/Document Type - Supporting Document For Cessation' is clicked on

2018-11-23 17:24:55 - [TEST_STEP][PASSED] - delay: Delayed 2 second(s)

2018-11-23 17:24:57 - [MESSAGE][PASSED] - Delayed 2 second(s)

2018-11-23 17:24:57 - [TEST_STEP][PASSED] - sendKeys: Keys 'C:\Users\Public\Pictures\Sample Pictures\Koala.jpg' sent to object: 'Object Repository/Final Object Repo/Page_Form 1A - Cessation As Employer/Uploading File'

2018-11-23 17:24:57 - [MESSAGE][PASSED] - Keys 'C:\Users\Public\Pictures\Sample Pictures\Koala.jpg' sent to object: 'Object Repository/Final Object Repo/Page_Form 1A - Cessation As Employer/Uploading File'

2018-11-23 17:24:57 - [TEST_STEP][PASSED] - delay: Delayed 2 second(s)

2018-11-23 17:24:59 - [MESSAGE][PASSED] - Delayed 2 second(s)

2018-11-23 17:24:59 - [TEST_STEP][PASSED] - click: Object: 'Object Repository/Final Object Repo/Page_Form 1A - Cessation As Employer/Add Document in Uploading Page' is clicked on

2018-11-23 17:25:04 - [MESSAGE][PASSED] - Object: 'Object Repository/Final Object Repo/Page_Form 1A - Cessation As Employer/Add Document in Uploading Page' is clicked on

2018-11-23 17:25:04 - [TEST_STEP][PASSED] - delay: Delayed 2 second(s)

2018-11-23 17:25:06 - [MESSAGE][PASSED] - Delayed 2 second(s)

2018-11-23 17:25:06 - [TEST_STEP][PASSED] - click: Object: 'Object Repository/Final Object Repo/Page_Form 1A - Cessation As Employer/Save  Continue in Uploading Page' is clicked on

2018-11-23 17:25:12 - [MESSAGE][PASSED] - Object: 'Object Repository/Final Object Repo/Page_Form 1A - Cessation As Employer/Save  Continue in Uploading Page' is clicked on

2018-11-23 17:25:12 - [TEST_STEP][PASSED] - delay: Delayed 2 second(s)

2018-11-23 17:25:14 - [MESSAGE][PASSED] - Delayed 2 second(s)

2018-11-23 17:25:14 - [TEST_STEP][PASSED] - click: Object: 'Object Repository/Final Object Repo/Page_Form 1A - Cessation As Employer/Submit2' is clicked on

2018-11-23 17:25:14 - [MESSAGE][PASSED] - Object: 'Object Repository/Final Object Repo/Page_Form 1A - Cessation As Employer/Submit2' is clicked on

2018-11-23 17:25:14 - [TEST_STEP][PASSED] - delay: Delayed 2 second(s)

2018-11-23 17:25:16 - [MESSAGE][PASSED] - Delayed 2 second(s)

2018-11-23 17:25:16 - [TEST_STEP][PASSED] - click: Object: 'Object Repository/Final Object Repo/Page_Form 1A - Cessation As Employer/Confirm' is clicked on

2018-11-23 17:25:22 - [MESSAGE][PASSED] - Object: 'Object Repository/Final Object Repo/Page_Form 1A - Cessation As Employer/Confirm' is clicked on

2018-11-23 17:25:22 - [TEST_STEP][PASSED] - delay: Delayed 2 second(s)

2018-11-23 17:25:24 - [MESSAGE][PASSED] - Delayed 2 second(s)

2018-11-23 17:25:24 - [TEST_STEP][PASSED] - verifyElementVisible: Object 'Object Repository/Final Object Repo/Page_Form 1A - Cessation As Employer/Message Your Request will be routed to UO' is visible

2018-11-23 17:25:24 - [MESSAGE][PASSED] - Object 'Object Repository/Final Object Repo/Page_Form 1A - Cessation As Employer/Message Your Request will be routed to UO' is visible

2018-11-23 17:25:24 - [TEST_STEP][PASSED] - delay: Delayed 1 second(s)

2018-11-23 17:25:25 - [MESSAGE][PASSED] - Delayed 1 second(s)

2018-11-23 17:25:25 - [TEST_STEP][PASSED] - verifyElementVisible: Object 'Object Repository/Final Object Repo/Page_Form 1A - Cessation As Employer/Letter of acknowledgement' is visible

2018-11-23 17:25:25 - [MESSAGE][PASSED] - Object 'Object Repository/Final Object Repo/Page_Form 1A - Cessation As Employer/Letter of acknowledgement' is visible

2018-11-23 17:25:25 - [MESSAGE][PASSED] - Call Test Case 'Test Cases/Final Aug 2018 - PKS Automation/Registration Module/Workflow/Form 1A - Cessation As Employer/Template/Form 1 A - Cessation As Employer (Employer)' successfully

2018-11-23 17:25:25 - [TEST_STEP][PASSED] - callTestCase: Call Test Case 'Test Cases/Final Aug 2018 - PKS Automation/Registration Module/Workflow/Form 1A - Cessation As Employer/Template/Form 1 A - Cessation As Employer (Query)' successfully

2018-11-23 17:25:25 - [TEST_CASE][PASSED] - Test Cases/Final Aug 2018 - PKS Automation/Registration Module/Workflow/Form 1A - Cessation As Employer/Template/Form 1 A - Cessation As Employer (Query): Test Cases/Final Aug 2018 - PKS Automation/Registration Module/Workflow/Form 1A - Cessation As Employer/Template/Form 1 A - Cessation As Employer (Query)

2018-11-23 17:25:25 - [TEST_STEP][NOT_RUN] - callTestCase: NOT_RUN: callTestCase

2018-11-23 17:25:25 - [MESSAGE][NOT_RUN] - NOT_RUN: callTestCase

2018-11-23 17:25:25 - [TEST_STEP][PASSED] - delay: Delayed 1 second(s)

2018-11-23 17:25:26 - [MESSAGE][PASSED] - Delayed 1 second(s)

2018-11-23 17:25:26 - [TEST_STEP][PASSED] - navigateToUrl: Navigate to 'https://assist2-uat.perkeso.gov.my/c/portal/logout' successfully

2018-11-23 17:25:27 - [MESSAGE][PASSED] - Navigate to 'https://assist2-uat.perkeso.gov.my/c/portal/logout' successfully

2018-11-23 17:25:27 - [TEST_STEP][PASSED] - delay: Delayed 1 second(s)

2018-11-23 17:25:28 - [MESSAGE][PASSED] - Delayed 1 second(s)

2018-11-23 17:25:28 - [TEST_STEP][PASSED] - callTestCase: Call Test Case 'Test Cases/Final Aug 2018 - PKS Automation/Common/Reference Number Getter' successfully

2018-11-23 17:25:28 - [TEST_CASE][PASSED] - Test Cases/Final Aug 2018 - PKS Automation/Common/Reference Number Getter: Test Cases/Final Aug 2018 - PKS Automation/Common/Reference Number Getter

2018-11-23 17:25:28 - [TEST_STEP][PASSED] - Statement - Try: null

2018-11-23 17:25:28 - [TEST_STEP][PASSED] - Statement - RefNo = new java.io.File(C://Users//Admin//Desktop//PKS//Automation Reference Point//KatalonReference.txt): null

2018-11-23 17:25:28 - [TEST_STEP][PASSED] - Statement - bufferread = new java.io.BufferedReader(new java.io.FileReader(RefNo)): null

2018-11-23 17:25:28 - [TEST_STEP][PASSED] - Statement - readedVal = bufferread.readLine(): null

2018-11-23 17:25:28 - [TEST_STEP][PASSED] - Statement - out.println(CaseReferenceNo): null

2018-11-23 17:25:28 - [TEST_STEP][PASSED] - Statement - out.println(readedVal): null

2018-11-23 17:25:28 - [TEST_STEP][PASSED] - Statement - CaseReferenceNo = "": null

2018-11-23 17:25:28 - [TEST_STEP][PASSED] - Statement - CaseReferenceNo = readedVal: null

2018-11-23 17:25:28 - [MESSAGE][PASSED] - Call Test Case 'Test Cases/Final Aug 2018 - PKS Automation/Common/Reference Number Getter' successfully

2018-11-23 17:25:28 - [TEST_STEP][PASSED] - callTestCase: Call Test Case 'Test Cases/Final Aug 2018 - PKS Automation/Common/Workflow Owner Finder' successfully

2018-11-23 17:25:28 - [TEST_CASE][PASSED] - Test Cases/Final Aug 2018 - PKS Automation/Common/Workflow Owner Finder: Test Cases/Final Aug 2018 - PKS Automation/Common/Workflow Owner Finder

2018-11-23 17:25:29 - [TEST_STEP][PASSED] - openBrowser: Browser is opened with url: ''

2018-11-23 17:25:29 - [MESSAGE][WARNING] - A browser is already opened. Closing browser and opening a new one

2018-11-23 17:25:33 - [MESSAGE][PASSED] - Browser is opened with url: ''

2018-11-23 17:25:33 - [TEST_STEP][PASSED] - navigateToUrl: Navigate to 'https://assist2-uat.perkeso.gov.my/login' successfully

2018-11-23 17:25:35 - [MESSAGE][PASSED] - Navigate to 'https://assist2-uat.perkeso.gov.my/login' successfully

2018-11-23 17:25:35 - [TEST_STEP][PASSED] - delay: Delayed 5 second(s)

2018-11-23 17:25:40 - [MESSAGE][PASSED] - Delayed 5 second(s)

2018-11-23 17:25:40 - [TEST_STEP][PASSED] - setText: Text 'test@liferay.com' is set on object 'Object Repository/Final Object Repo/Login Page/Internal User/Email Address'

2018-11-23 17:25:40 - [MESSAGE][PASSED] - Text 'test@liferay.com' is set on object 'Object Repository/Final Object Repo/Login Page/Internal User/Email Address'

2018-11-23 17:25:40 - [TEST_STEP][PASSED] - click: Object: 'Object Repository/Final Object Repo/Login Page/Internal User/Next Button' is clicked on

2018-11-23 17:25:40 - [MESSAGE][PASSED] - Object: 'Object Repository/Final Object Repo/Login Page/Internal User/Next Button' is clicked on

2018-11-23 17:25:40 - [TEST_STEP][PASSED] - delay: Delayed 2 second(s)

2018-11-23 17:25:42 - [MESSAGE][PASSED] - Delayed 2 second(s)

2018-11-23 17:25:42 - [TEST_STEP][PASSED] - setText: Text 'test' is set on object 'Object Repository/Final Object Repo/Login Page/Internal User/Password'

2018-11-23 17:25:42 - [MESSAGE][PASSED] - Text 'test' is set on object 'Object Repository/Final Object Repo/Login Page/Internal User/Password'

2018-11-23 17:25:42 - [TEST_STEP][PASSED] - delay: Delayed 2 second(s)

2018-11-23 17:25:44 - [MESSAGE][PASSED] - Delayed 2 second(s)

2018-11-23 17:25:44 - [TEST_STEP][PASSED] - click: Object: 'Object Repository/Final Object Repo/Login Page/Internal User/Login Button' is clicked on

2018-11-23 17:25:47 - [MESSAGE][PASSED] - Object: 'Object Repository/Final Object Repo/Login Page/Internal User/Login Button' is clicked on

2018-11-23 17:25:47 - [TEST_STEP][PASSED] - Statement - Try: Delayed 2 second(s)

2018-11-23 17:25:47 - [TEST_STEP][PASSED] - Statement - Checker = false: null

2018-11-23 17:25:47 - [TEST_STEP][PASSED] - Statement - Checker = com.kms.katalon.core.webui.keyword.WebUiBuiltInKeywords.verifyElementHasAttribute(com.kms.katalon.core.testobject.ObjectRepository.findTestObject(Final Object Repo/Landing Page/BM Detecting), "href", 20, OPTIONAL): Object 'Object Repository/Final Object Repo/Landing Page/BM Detecting' has attribute 'href'

2018-11-23 17:25:47 - [MESSAGE][PASSED] - Object 'Object Repository/Final Object Repo/Landing Page/BM Detecting' has attribute 'href'

2018-11-23 17:25:47 - [TEST_STEP][PASSED] - Statement - out.println(Checker): null

2018-11-23 17:25:47 - [TEST_STEP][PASSED] - Statement - If (Checker == false): null

2018-11-23 17:25:47 - [TEST_STEP][PASSED] - Statement - Else: null

2018-11-23 17:25:47 - [TEST_STEP][PASSED] - delay: Delayed 2 second(s)

2018-11-23 17:25:49 - [MESSAGE][PASSED] - Delayed 2 second(s)

2018-11-23 17:25:49 - [TEST_STEP][PASSED] - delay: Delayed 3 second(s)

2018-11-23 17:25:52 - [MESSAGE][PASSED] - Delayed 3 second(s)

2018-11-23 17:25:52 - [TEST_STEP][PASSED] - mouseOver: Object: 'Object Repository/Final Object Repo/Landing Page/WorkFlow Menu' is hovered

2018-11-23 17:25:52 - [MESSAGE][PASSED] - Object: 'Object Repository/Final Object Repo/Landing Page/WorkFlow Menu' is hovered

2018-11-23 17:25:52 - [TEST_STEP][PASSED] - delay: Delayed 2 second(s)

2018-11-23 17:25:54 - [MESSAGE][PASSED] - Delayed 2 second(s)

2018-11-23 17:25:54 - [TEST_STEP][PASSED] - click: Object: 'Object Repository/Final Object Repo/Landing Page/Select to Workflow Listing' is clicked on

2018-11-23 17:25:56 - [MESSAGE][PASSED] - Object: 'Object Repository/Final Object Repo/Landing Page/Select to Workflow Listing' is clicked on

2018-11-23 17:25:56 - [TEST_STEP][PASSED] - delay: Delayed 2 second(s)

2018-11-23 17:25:58 - [MESSAGE][PASSED] - Delayed 2 second(s)

2018-11-23 17:25:58 - [TEST_STEP][PASSED] - click: Object: 'Object Repository/Final Object Repo/WorkFlow Listing Page/Search Information - To Put Ref No' is clicked on

2018-11-23 17:25:58 - [MESSAGE][PASSED] - Object: 'Object Repository/Final Object Repo/WorkFlow Listing Page/Search Information - To Put Ref No' is clicked on

2018-11-23 17:25:58 - [TEST_STEP][PASSED] - delay: Delayed 2 second(s)

2018-11-23 17:26:00 - [MESSAGE][PASSED] - Delayed 2 second(s)

2018-11-23 17:26:00 - [TEST_STEP][PASSED] - callTestCase: Call Test Case 'Test Cases/Final Aug 2018 - PKS Automation/Common/Reference Number Getter' successfully

2018-11-23 17:26:00 - [TEST_CASE][PASSED] - Test Cases/Final Aug 2018 - PKS Automation/Common/Reference Number Getter: Test Cases/Final Aug 2018 - PKS Automation/Common/Reference Number Getter

2018-11-23 17:26:00 - [TEST_STEP][PASSED] - Statement - Try: null

2018-11-23 17:26:00 - [TEST_STEP][PASSED] - Statement - RefNo = new java.io.File(C://Users//Admin//Desktop//PKS//Automation Reference Point//KatalonReference.txt): null

2018-11-23 17:26:00 - [TEST_STEP][PASSED] - Statement - bufferread = new java.io.BufferedReader(new java.io.FileReader(RefNo)): null

2018-11-23 17:26:00 - [TEST_STEP][PASSED] - Statement - readedVal = bufferread.readLine(): null

2018-11-23 17:26:00 - [TEST_STEP][PASSED] - Statement - out.println(CaseReferenceNo): null

2018-11-23 17:26:00 - [TEST_STEP][PASSED] - Statement - out.println(readedVal): null

2018-11-23 17:26:00 - [TEST_STEP][PASSED] - Statement - CaseReferenceNo = "": null

2018-11-23 17:26:00 - [TEST_STEP][PASSED] - Statement - CaseReferenceNo = readedVal: null

2018-11-23 17:26:00 - [MESSAGE][PASSED] - Call Test Case 'Test Cases/Final Aug 2018 - PKS Automation/Common/Reference Number Getter' successfully

2018-11-23 17:26:00 - [TEST_STEP][PASSED] - setText: Text 'CUN112018C200001609' is set on object 'Object Repository/Final Object Repo/WorkFlow Listing Page/Ref No Set Text'

2018-11-23 17:26:00 - [MESSAGE][PASSED] - Text 'CUN112018C200001609' is set on object 'Object Repository/Final Object Repo/WorkFlow Listing Page/Ref No Set Text'

2018-11-23 17:26:00 - [TEST_STEP][PASSED] - delay: Delayed 2 second(s)

2018-11-23 17:26:02 - [MESSAGE][PASSED] - Delayed 2 second(s)

2018-11-23 17:26:02 - [TEST_STEP][PASSED] - click: Object: 'Object Repository/Final Object Repo/WorkFlow Listing Page/Search Ref No Search Button' is clicked on

2018-11-23 17:26:04 - [MESSAGE][PASSED] - Object: 'Object Repository/Final Object Repo/WorkFlow Listing Page/Search Ref No Search Button' is clicked on

2018-11-23 17:26:04 - [TEST_STEP][PASSED] - delay: Delayed 4 second(s)

2018-11-23 17:26:08 - [MESSAGE][PASSED] - Delayed 4 second(s)

2018-11-23 17:26:08 - [TEST_STEP][PASSED] - click: Object: 'Object Repository/Final Object Repo/WorkFlow Listing Page/Click Continue Tooltip' is clicked on

2018-11-23 17:26:10 - [MESSAGE][PASSED] - Object: 'Object Repository/Final Object Repo/WorkFlow Listing Page/Click Continue Tooltip' is clicked on

2018-11-23 17:26:10 - [TEST_STEP][PASSED] - delay: Delayed 5 second(s)

2018-11-23 17:26:15 - [MESSAGE][PASSED] - Delayed 5 second(s)

2018-11-23 17:26:15 - [TEST_STEP][PASSED] - doubleClick: Object: 'Object Repository/Final Object Repo/WorkFlow Listing Page/Workflow Found - Listing 1' is double clicked on

2018-11-23 17:26:15 - [MESSAGE][PASSED] - Object: 'Object Repository/Final Object Repo/WorkFlow Listing Page/Workflow Found - Listing 1' is double clicked on

2018-11-23 17:26:15 - [TEST_STEP][PASSED] - Statement - println(OwnerID): null

2018-11-23 17:26:15 - [TEST_STEP][PASSED] - Statement - OwnerID = com.kms.katalon.core.webui.keyword.WebUiBuiltInKeywords.getText(com.kms.katalon.core.testobject.ObjectRepository.findTestObject(Final Object Repo/WorkFlow Listing Page/Workflow Found - Listing 1), STOP_ON_FAILURE): Text of object 'Object Repository/Final Object Repo/WorkFlow Listing Page/Workflow Found - Listing 1' is: 'JOHORuo3'

2018-11-23 17:26:15 - [MESSAGE][PASSED] - Text of object 'Object Repository/Final Object Repo/WorkFlow Listing Page/Workflow Found - Listing 1' is: 'JOHORuo3'

2018-11-23 17:26:15 - [TEST_STEP][PASSED] - Statement - OwnerID = OwnerID.toLowerCase() + "@gmail.com": null

2018-11-23 17:26:15 - [TEST_STEP][PASSED] - Statement - println(OwnerID): null

2018-11-23 17:26:15 - [TEST_STEP][PASSED] - delay: Delayed 2 second(s)

2018-11-23 17:26:17 - [MESSAGE][PASSED] - Delayed 2 second(s)

2018-11-23 17:26:17 - [MESSAGE][PASSED] - Call Test Case 'Test Cases/Final Aug 2018 - PKS Automation/Common/Workflow Owner Finder' successfully

2018-11-23 17:26:17 - [TEST_STEP][PASSED] - delay: Delayed 1 second(s)

2018-11-23 17:26:18 - [MESSAGE][PASSED] - Delayed 1 second(s)

2018-11-23 17:26:18 - [TEST_STEP][PASSED] - navigateToUrl: Navigate to 'https://assist2-uat.perkeso.gov.my/c/portal/logout' successfully

2018-11-23 17:26:19 - [MESSAGE][PASSED] - Navigate to 'https://assist2-uat.perkeso.gov.my/c/portal/logout' successfully

2018-11-23 17:26:19 - [TEST_STEP][PASSED] - delay: Delayed 1 second(s)

2018-11-23 17:26:20 - [MESSAGE][PASSED] - Delayed 1 second(s)

2018-11-23 17:26:20 - [TEST_STEP][PASSED] - callTestCase: Call Test Case 'Test Cases/Final Aug 2018 - PKS Automation/Registration Module/Workflow/Login and Search Case For Workflow' successfully

2018-11-23 17:26:20 - [TEST_CASE][PASSED] - Test Cases/Final Aug 2018 - PKS Automation/Registration Module/Workflow/Login and Search Case For Workflow: Test Cases/Final Aug 2018 - PKS Automation/Registration Module/Workflow/Login and Search Case For Workflow

2018-11-23 17:26:20 - [TEST_STEP][PASSED] - navigateToUrl: Navigate to 'https://assist2-uat.perkeso.gov.my/login' successfully

2018-11-23 17:26:21 - [MESSAGE][PASSED] - Navigate to 'https://assist2-uat.perkeso.gov.my/login' successfully

2018-11-23 17:26:21 - [TEST_STEP][PASSED] - setText: Text 'johoruo3@gmail.com' is set on object 'Object Repository/Final Object Repo/Login Page/Internal User/Email Address'

2018-11-23 17:26:21 - [MESSAGE][PASSED] - Text 'johoruo3@gmail.com' is set on object 'Object Repository/Final Object Repo/Login Page/Internal User/Email Address'

2018-11-23 17:26:21 - [TEST_STEP][PASSED] - click: Object: 'Object Repository/Final Object Repo/Login Page/Internal User/Next Button' is clicked on

2018-11-23 17:26:22 - [MESSAGE][PASSED] - Object: 'Object Repository/Final Object Repo/Login Page/Internal User/Next Button' is clicked on

2018-11-23 17:26:22 - [TEST_STEP][PASSED] - delay: Delayed 1 second(s)

2018-11-23 17:26:23 - [MESSAGE][PASSED] - Delayed 1 second(s)

2018-11-23 17:26:23 - [TEST_STEP][PASSED] - setEncryptedText: Text ****** has been set on object 'Object Repository/Final Object Repo/Login Page/Internal User/Password'

2018-11-23 17:26:23 - [MESSAGE][PASSED] - Text ****** has been set on object 'Object Repository/Final Object Repo/Login Page/Internal User/Password'

2018-11-23 17:26:23 - [TEST_STEP][PASSED] - click: Object: 'Object Repository/Final Object Repo/Login Page/Internal User/Login Button' is clicked on

2018-11-23 17:26:25 - [MESSAGE][PASSED] - Object: 'Object Repository/Final Object Repo/Login Page/Internal User/Login Button' is clicked on

2018-11-23 17:26:25 - [TEST_STEP][PASSED] - delay: Delayed 2 second(s)

2018-11-23 17:26:27 - [MESSAGE][PASSED] - Delayed 2 second(s)

2018-11-23 17:26:27 - [TEST_STEP][PASSED] - Statement - Try: Delayed 2 second(s)

2018-11-23 17:26:27 - [TEST_STEP][PASSED] - Statement - Checker = false: null

2018-11-23 17:26:27 - [TEST_STEP][PASSED] - Statement - Checker = com.kms.katalon.core.webui.keyword.WebUiBuiltInKeywords.verifyElementHasAttribute(com.kms.katalon.core.testobject.ObjectRepository.findTestObject(Final Object Repo/Landing Page/BM Detecting), "href", 20, OPTIONAL): Object 'Object Repository/Final Object Repo/Landing Page/BM Detecting' has attribute 'href'

2018-11-23 17:26:27 - [MESSAGE][PASSED] - Object 'Object Repository/Final Object Repo/Landing Page/BM Detecting' has attribute 'href'

2018-11-23 17:26:27 - [TEST_STEP][PASSED] - Statement - out.println(Checker): null

2018-11-23 17:26:27 - [TEST_STEP][PASSED] - Statement - If (Checker == false): null

2018-11-23 17:26:27 - [TEST_STEP][PASSED] - Statement - Else: null

2018-11-23 17:26:27 - [TEST_STEP][PASSED] - delay: Delayed 2 second(s)

2018-11-23 17:26:29 - [MESSAGE][PASSED] - Delayed 2 second(s)

2018-11-23 17:26:29 - [TEST_STEP][PASSED] - click: Object: 'Object Repository/Final Object Repo/Page_MyASSIST - ASSIST - Search Pending Case For Add Supporting Document/Search Information' is clicked on

2018-11-23 17:26:29 - [MESSAGE][PASSED] - Object: 'Object Repository/Final Object Repo/Page_MyASSIST - ASSIST - Search Pending Case For Add Supporting Document/Search Information' is clicked on

2018-11-23 17:26:29 - [TEST_STEP][PASSED] - delay: Delayed 3 second(s)

2018-11-23 17:26:32 - [MESSAGE][PASSED] - Delayed 3 second(s)

2018-11-23 17:26:32 - [TEST_STEP][PASSED] - sendKeys: Keys 'CUN112018C200001609' sent to object: 'Object Repository/Final Object Repo/Page_MyASSIST - ASSIST - Search Pending Case For Add Supporting Document/Reference No'

2018-11-23 17:26:33 - [MESSAGE][PASSED] - Keys 'CUN112018C200001609' sent to object: 'Object Repository/Final Object Repo/Page_MyASSIST - ASSIST - Search Pending Case For Add Supporting Document/Reference No'

2018-11-23 17:26:33 - [TEST_STEP][PASSED] - click: Object: 'Object Repository/Final Object Repo/Page_MyASSIST - ASSIST - Search Pending Case For Add Supporting Document/Search Reference No' is clicked on

2018-11-23 17:26:34 - [MESSAGE][PASSED] - Object: 'Object Repository/Final Object Repo/Page_MyASSIST - ASSIST - Search Pending Case For Add Supporting Document/Search Reference No' is clicked on

2018-11-23 17:26:34 - [TEST_STEP][PASSED] - delay: Delayed 2 second(s)

2018-11-23 17:26:36 - [MESSAGE][PASSED] - Delayed 2 second(s)

2018-11-23 17:26:36 - [TEST_STEP][PASSED] - click: Object: 'Object Repository/Final Object Repo/Page_MyASSIST - ASSIST - Search Pending Case For Add Supporting Document/Continue' is clicked on

2018-11-23 17:26:40 - [MESSAGE][PASSED] - Object: 'Object Repository/Final Object Repo/Page_MyASSIST - ASSIST - Search Pending Case For Add Supporting Document/Continue' is clicked on

2018-11-23 17:26:40 - [TEST_STEP][PASSED] - delay: Delayed 20 second(s)

2018-11-23 17:27:00 - [MESSAGE][PASSED] - Delayed 20 second(s)

2018-11-23 17:27:00 - [MESSAGE][PASSED] - Call Test Case 'Test Cases/Final Aug 2018 - PKS Automation/Registration Module/Workflow/Login and Search Case For Workflow' successfully

2018-11-23 17:27:00 - [TEST_STEP][PASSED] - click: Object: 'Object Repository/Final Object Repo/Page_Form 1A - Cessation As Employer/Page_Form 1A - Cessation As Employer (Approve)/Save  Continue in Form 1A Page' is clicked on

2018-11-23 17:27:02 - [MESSAGE][PASSED] - Object: 'Object Repository/Final Object Repo/Page_Form 1A - Cessation As Employer/Page_Form 1A - Cessation As Employer (Approve)/Save  Continue in Form 1A Page' is clicked on

2018-11-23 17:27:02 - [TEST_STEP][PASSED] - delay: Delayed 2 second(s)

2018-11-23 17:27:04 - [MESSAGE][PASSED] - Delayed 2 second(s)

2018-11-23 17:27:04 - [TEST_STEP][PASSED] - click: Object: 'Object Repository/Final Object Repo/Page_Form 1A - Cessation As Employer/Employment Resign Date' is clicked on

2018-11-23 17:27:05 - [MESSAGE][PASSED] - Object: 'Object Repository/Final Object Repo/Page_Form 1A - Cessation As Employer/Employment Resign Date' is clicked on

2018-11-23 17:27:05 - [TEST_STEP][PASSED] - delay: Delayed 1 second(s)

2018-11-23 17:27:06 - [MESSAGE][PASSED] - Delayed 1 second(s)

2018-11-23 17:27:06 - [TEST_STEP][PASSED] - selectOptionByValue: All options with value '2030' are selected in object 'Object Repository/Final Object Repo/Page_Form 1A - Cessation As Employer/Employment Resign Date - Year' 

2018-11-23 17:27:06 - [MESSAGE][PASSED] - All options with value '2030' are selected in object 'Object Repository/Final Object Repo/Page_Form 1A - Cessation As Employer/Employment Resign Date - Year' 

2018-11-23 17:27:06 - [TEST_STEP][PASSED] - delay: Delayed 1 second(s)

2018-11-23 17:27:07 - [MESSAGE][PASSED] - Delayed 1 second(s)

2018-11-23 17:27:07 - [TEST_STEP][PASSED] - click: Object: 'Object Repository/Final Object Repo/Page_Form 1A - Cessation As Employer/Employment Resign Date - Year - Date' is clicked on

2018-11-23 17:27:07 - [MESSAGE][PASSED] - Object: 'Object Repository/Final Object Repo/Page_Form 1A - Cessation As Employer/Employment Resign Date - Year - Date' is clicked on

2018-11-23 17:27:07 - [TEST_STEP][PASSED] - delay: Delayed 2 second(s)

2018-11-23 17:27:09 - [MESSAGE][PASSED] - Delayed 2 second(s)

2018-11-23 17:27:09 - [TEST_STEP][PASSED] - click: Object: 'Object Repository/Final Object Repo/Page_Form 1A - Cessation As Employer/Page_Form 1A - Cessation As Employer (Approve)/Save  Continue in Update Add Employee Resigned Date Page' is clicked on

2018-11-23 17:27:10 - [MESSAGE][PASSED] - Object: 'Object Repository/Final Object Repo/Page_Form 1A - Cessation As Employer/Page_Form 1A - Cessation As Employer (Approve)/Save  Continue in Update Add Employee Resigned Date Page' is clicked on

2018-11-23 17:27:10 - [TEST_STEP][PASSED] - delay: Delayed 2 second(s)

2018-11-23 17:27:12 - [MESSAGE][PASSED] - Delayed 2 second(s)

2018-11-23 17:27:12 - [TEST_STEP][PASSED] - click: Object: 'Object Repository/Final Object Repo/Page_Form 1A - Cessation As Employer/Set Latest - Yes' is clicked on

2018-11-23 17:27:16 - [MESSAGE][PASSED] - Object: 'Object Repository/Final Object Repo/Page_Form 1A - Cessation As Employer/Set Latest - Yes' is clicked on

2018-11-23 17:27:16 - [TEST_STEP][PASSED] - delay: Delayed 2 second(s)

2018-11-23 17:27:18 - [MESSAGE][PASSED] - Delayed 2 second(s)

2018-11-23 17:27:18 - [TEST_STEP][PASSED] - setText: Text 'remark' is set on object 'Object Repository/Final Object Repo/Page_Form 1A - Cessation As Employer/Page_Form 1A - Cessation As Employer (Query)/Query - remark'

2018-11-23 17:27:18 - [MESSAGE][PASSED] - Text 'remark' is set on object 'Object Repository/Final Object Repo/Page_Form 1A - Cessation As Employer/Page_Form 1A - Cessation As Employer (Query)/Query - remark'

2018-11-23 17:27:18 - [TEST_STEP][PASSED] - delay: Delayed 2 second(s)

2018-11-23 17:27:20 - [MESSAGE][PASSED] - Delayed 2 second(s)

2018-11-23 17:27:20 - [TEST_STEP][PASSED] - click: Object: 'Object Repository/Final Object Repo/Page_Form 1A - Cessation As Employer/Page_Form 1A - Cessation As Employer (Approve)/Save  Contine in Uploading Document Page' is clicked on

2018-11-23 17:27:25 - [MESSAGE][PASSED] - Object: 'Object Repository/Final Object Repo/Page_Form 1A - Cessation As Employer/Page_Form 1A - Cessation As Employer (Approve)/Save  Contine in Uploading Document Page' is clicked on

2018-11-23 17:27:25 - [TEST_STEP][PASSED] - delay: Delayed 2 second(s)

2018-11-23 17:27:27 - [MESSAGE][PASSED] - Delayed 2 second(s)

2018-11-23 17:27:27 - [TEST_STEP][PASSED] - click: Object: 'Object Repository/Final Object Repo/Page_Form 1A - Cessation As Employer/Page_Form 1A - Cessation As Employer (Query)/Query' is clicked on

2018-11-23 17:27:28 - [MESSAGE][PASSED] - Object: 'Object Repository/Final Object Repo/Page_Form 1A - Cessation As Employer/Page_Form 1A - Cessation As Employer (Query)/Query' is clicked on

2018-11-23 17:27:28 - [TEST_STEP][PASSED] - delay: Delayed 2 second(s)

2018-11-23 17:27:30 - [MESSAGE][PASSED] - Delayed 2 second(s)

2018-11-23 17:27:30 - [TEST_STEP][PASSED] - click: Object: 'Object Repository/Final Object Repo/Page_Form 1A - Cessation As Employer/Page_Form 1A - Cessation As Employer (Query)/Confirm' is clicked on

2018-11-23 17:27:35 - [MESSAGE][PASSED] - Object: 'Object Repository/Final Object Repo/Page_Form 1A - Cessation As Employer/Page_Form 1A - Cessation As Employer (Query)/Confirm' is clicked on

2018-11-23 17:27:35 - [TEST_STEP][PASSED] - delay: Delayed 2 second(s)

2018-11-23 17:27:37 - [MESSAGE][PASSED] - Delayed 2 second(s)

2018-11-23 17:27:37 - [TEST_STEP][PASSED] - verifyElementVisible: Object 'Object Repository/Final Object Repo/Page_Form 1A - Cessation As Employer/Page_Form 1A - Cessation As Employer (Query)/MessageThe Case Is Under Query' is visible

2018-11-23 17:27:37 - [MESSAGE][PASSED] - Object 'Object Repository/Final Object Repo/Page_Form 1A - Cessation As Employer/Page_Form 1A - Cessation As Employer (Query)/MessageThe Case Is Under Query' is visible

2018-11-23 17:27:37 - [TEST_STEP][PASSED] - delay: Delayed 1 second(s)

2018-11-23 17:27:38 - [MESSAGE][PASSED] - Delayed 1 second(s)

2018-11-23 17:27:38 - [TEST_STEP][PASSED] - verifyElementVisible: Object 'Object Repository/Final Object Repo/Page_Form 1A - Cessation As Employer/Page_Form 1A - Cessation As Employer (Query)/Letter of inquiry' is visible

2018-11-23 17:27:38 - [MESSAGE][PASSED] - Object 'Object Repository/Final Object Repo/Page_Form 1A - Cessation As Employer/Page_Form 1A - Cessation As Employer (Query)/Letter of inquiry' is visible

2018-11-23 17:27:38 - [TEST_STEP][PASSED] - delay: Delayed 1 second(s)

2018-11-23 17:27:39 - [MESSAGE][PASSED] - Delayed 1 second(s)

2018-11-23 17:27:39 - [TEST_STEP][PASSED] - navigateToUrl: Navigate to 'https://assist2-uat.perkeso.gov.my/c/portal/logout' successfully

2018-11-23 17:27:40 - [MESSAGE][PASSED] - Navigate to 'https://assist2-uat.perkeso.gov.my/c/portal/logout' successfully

2018-11-23 17:27:40 - [TEST_STEP][PASSED] - delay: Delayed 1 second(s)

2018-11-23 17:27:41 - [MESSAGE][PASSED] - Delayed 1 second(s)

2018-11-23 17:27:41 - [TEST_STEP][PASSED] - callTestCase: Call Test Case 'Test Cases/Final Aug 2018 - PKS Automation/Registration Module/Workflow/Search Pending Case For Add Supporting Document (OTC)' successfully

2018-11-23 17:27:41 - [TEST_CASE][PASSED] - Test Cases/Final Aug 2018 - PKS Automation/Registration Module/Workflow/Search Pending Case For Add Supporting Document (OTC): Test Cases/Final Aug 2018 - PKS Automation/Registration Module/Workflow/Search Pending Case For Add Supporting Document (OTC)

2018-11-23 17:27:41 - [TEST_STEP][PASSED] - openBrowser: Browser is opened with url: ''

2018-11-23 17:27:41 - [MESSAGE][WARNING] - A browser is already opened. Closing browser and opening a new one

2018-11-23 17:27:46 - [MESSAGE][PASSED] - Browser is opened with url: ''

2018-11-23 17:27:46 - [TEST_STEP][PASSED] - navigateToUrl: Navigate to 'https://assist2-uat.perkeso.gov.my/login' successfully

2018-11-23 17:27:48 - [MESSAGE][PASSED] - Navigate to 'https://assist2-uat.perkeso.gov.my/login' successfully

2018-11-23 17:27:48 - [TEST_STEP][PASSED] - setText: Text 'johorotc1@gmail.com' is set on object 'Object Repository/Final Object Repo/Login Page/Internal User/Email Address'

2018-11-23 17:27:48 - [MESSAGE][PASSED] - Text 'johorotc1@gmail.com' is set on object 'Object Repository/Final Object Repo/Login Page/Internal User/Email Address'

2018-11-23 17:27:48 - [TEST_STEP][PASSED] - click: Object: 'Object Repository/Final Object Repo/Login Page/Internal User/Next Button' is clicked on

2018-11-23 17:27:49 - [MESSAGE][PASSED] - Object: 'Object Repository/Final Object Repo/Login Page/Internal User/Next Button' is clicked on

2018-11-23 17:27:49 - [TEST_STEP][PASSED] - delay: Delayed 1 second(s)

2018-11-23 17:27:50 - [MESSAGE][PASSED] - Delayed 1 second(s)

2018-11-23 17:27:50 - [TEST_STEP][PASSED] - setEncryptedText: Text ****** has been set on object 'Object Repository/Final Object Repo/Login Page/Internal User/Password'

2018-11-23 17:27:50 - [MESSAGE][PASSED] - Text ****** has been set on object 'Object Repository/Final Object Repo/Login Page/Internal User/Password'

2018-11-23 17:27:50 - [TEST_STEP][PASSED] - click: Object: 'Object Repository/Final Object Repo/Login Page/Internal User/Login Button' is clicked on

2018-11-23 17:27:53 - [MESSAGE][PASSED] - Object: 'Object Repository/Final Object Repo/Login Page/Internal User/Login Button' is clicked on

2018-11-23 17:27:53 - [TEST_STEP][PASSED] - delay: Delayed 1 second(s)

2018-11-23 17:27:54 - [MESSAGE][PASSED] - Delayed 1 second(s)

2018-11-23 17:27:54 - [TEST_STEP][PASSED] - Statement - Try: Delayed 2 second(s)

2018-11-23 17:27:54 - [TEST_STEP][PASSED] - Statement - Checker = false: null

2018-11-23 17:27:54 - [TEST_STEP][PASSED] - Statement - Checker = com.kms.katalon.core.webui.keyword.WebUiBuiltInKeywords.verifyElementHasAttribute(com.kms.katalon.core.testobject.ObjectRepository.findTestObject(Final Object Repo/Landing Page/BM Detecting), "href", 20, OPTIONAL): Object 'Object Repository/Final Object Repo/Landing Page/BM Detecting' has attribute 'href'

2018-11-23 17:27:54 - [MESSAGE][PASSED] - Object 'Object Repository/Final Object Repo/Landing Page/BM Detecting' has attribute 'href'

2018-11-23 17:27:54 - [TEST_STEP][PASSED] - Statement - out.println(Checker): null

2018-11-23 17:27:54 - [TEST_STEP][PASSED] - Statement - If (Checker == false): null

2018-11-23 17:27:54 - [TEST_STEP][PASSED] - Statement - Else: null

2018-11-23 17:27:54 - [TEST_STEP][PASSED] - delay: Delayed 2 second(s)

2018-11-23 17:27:56 - [MESSAGE][PASSED] - Delayed 2 second(s)

2018-11-23 17:27:56 - [TEST_STEP][PASSED] - navigateToUrl: Navigate to 'https://assist2-uat.perkeso.gov.my/web/registration/search/search-pending-case-for-add-supporting-document' successfully

2018-11-23 17:27:57 - [MESSAGE][PASSED] - Navigate to 'https://assist2-uat.perkeso.gov.my/web/registration/search/search-pending-case-for-add-supporting-document' successfully

2018-11-23 17:27:57 - [TEST_STEP][PASSED] - click: Object: 'Object Repository/Final Object Repo/Page_Search Pending Case For Add Suporting Document/Search By' is clicked on

2018-11-23 17:27:58 - [MESSAGE][PASSED] - Object: 'Object Repository/Final Object Repo/Page_Search Pending Case For Add Suporting Document/Search By' is clicked on

2018-11-23 17:27:58 - [TEST_STEP][PASSED] - click: Object: 'Object Repository/Final Object Repo/Page_Search Pending Case For Add Suporting Document/Search By - Reference ID' is clicked on

2018-11-23 17:27:59 - [MESSAGE][PASSED] - Object: 'Object Repository/Final Object Repo/Page_Search Pending Case For Add Suporting Document/Search By - Reference ID' is clicked on

2018-11-23 17:27:59 - [TEST_STEP][PASSED] - delay: Delayed 2 second(s)

2018-11-23 17:28:01 - [MESSAGE][PASSED] - Delayed 2 second(s)

2018-11-23 17:28:01 - [TEST_STEP][PASSED] - setText: Text 'CUN112018C200001609' is set on object 'Object Repository/Final Object Repo/Page_Search Pending Case For Add Suporting Document/Reference ID'

2018-11-23 17:28:01 - [MESSAGE][PASSED] - Text 'CUN112018C200001609' is set on object 'Object Repository/Final Object Repo/Page_Search Pending Case For Add Suporting Document/Reference ID'

2018-11-23 17:28:01 - [TEST_STEP][PASSED] - click: Object: 'Object Repository/Final Object Repo/Page_Search Pending Case For Add Suporting Document/Search' is clicked on

2018-11-23 17:28:03 - [MESSAGE][PASSED] - Object: 'Object Repository/Final Object Repo/Page_Search Pending Case For Add Suporting Document/Search' is clicked on

2018-11-23 17:28:03 - [TEST_STEP][PASSED] - delay: Delayed 2 second(s)

2018-11-23 17:28:05 - [MESSAGE][PASSED] - Delayed 2 second(s)

2018-11-23 17:28:05 - [TEST_STEP][PASSED] - click: Object: 'Object Repository/Final Object Repo/Page_Search Pending Case For Add Suporting Document/Edit' is clicked on

2018-11-23 17:28:09 - [MESSAGE][PASSED] - Object: 'Object Repository/Final Object Repo/Page_Search Pending Case For Add Suporting Document/Edit' is clicked on

2018-11-23 17:28:09 - [MESSAGE][PASSED] - Call Test Case 'Test Cases/Final Aug 2018 - PKS Automation/Registration Module/Workflow/Search Pending Case For Add Supporting Document (OTC)' successfully

2018-11-23 17:28:09 - [TEST_STEP][PASSED] - click: Object: 'Object Repository/Final Object Repo/Page_Form 1A - Cessation As Employer/Page_Form 1A - Cessation As Employer (Query -OTC -UO)/Next in Form 1A Page' is clicked on

2018-11-23 17:28:11 - [MESSAGE][PASSED] - Object: 'Object Repository/Final Object Repo/Page_Form 1A - Cessation As Employer/Page_Form 1A - Cessation As Employer (Query -OTC -UO)/Next in Form 1A Page' is clicked on

2018-11-23 17:28:11 - [TEST_STEP][PASSED] - delay: Delayed 2 second(s)

2018-11-23 17:28:13 - [MESSAGE][PASSED] - Delayed 2 second(s)

2018-11-23 17:28:13 - [TEST_STEP][PASSED] - click: Object: 'Object Repository/Final Object Repo/Page_Form 1A - Cessation As Employer/Page_Form 1A - Cessation As Employer (Query -OTC -UO)/Next in Resigned Date Page' is clicked on

2018-11-23 17:28:18 - [MESSAGE][PASSED] - Object: 'Object Repository/Final Object Repo/Page_Form 1A - Cessation As Employer/Page_Form 1A - Cessation As Employer (Query -OTC -UO)/Next in Resigned Date Page' is clicked on

2018-11-23 17:28:18 - [TEST_STEP][PASSED] - delay: Delayed 2 second(s)

2018-11-23 17:28:20 - [MESSAGE][PASSED] - Delayed 2 second(s)

2018-11-23 17:28:20 - [TEST_STEP][PASSED] - click: Object: 'Object Repository/Final Object Repo/Page_Form 1A - Cessation As Employer/Page_Form 1A - Cessation As Employer (Query -OTC -UO)/Add Document' is clicked on

2018-11-23 17:28:21 - [MESSAGE][PASSED] - Object: 'Object Repository/Final Object Repo/Page_Form 1A - Cessation As Employer/Page_Form 1A - Cessation As Employer (Query -OTC -UO)/Add Document' is clicked on

2018-11-23 17:28:21 - [TEST_STEP][PASSED] - delay: Delayed 2 second(s)

2018-11-23 17:28:23 - [MESSAGE][PASSED] - Delayed 2 second(s)

2018-11-23 17:28:23 - [TEST_STEP][PASSED] - click: Object: 'Object Repository/Final Object Repo/Page_Form 1A - Cessation As Employer/Page_Form 1A - Cessation As Employer (Query -OTC -UO)/Document Type' is clicked on

2018-11-23 17:28:24 - [MESSAGE][PASSED] - Object: 'Object Repository/Final Object Repo/Page_Form 1A - Cessation As Employer/Page_Form 1A - Cessation As Employer (Query -OTC -UO)/Document Type' is clicked on

2018-11-23 17:28:24 - [TEST_STEP][PASSED] - click: Object: 'Object Repository/Final Object Repo/Page_Form 1A - Cessation As Employer/Page_Form 1A - Cessation As Employer (Query -OTC -UO)/Document Type - Others' is clicked on

2018-11-23 17:28:25 - [MESSAGE][PASSED] - Object: 'Object Repository/Final Object Repo/Page_Form 1A - Cessation As Employer/Page_Form 1A - Cessation As Employer (Query -OTC -UO)/Document Type - Others' is clicked on

2018-11-23 17:28:25 - [TEST_STEP][PASSED] - delay: Delayed 2 second(s)

2018-11-23 17:28:27 - [MESSAGE][PASSED] - Delayed 2 second(s)

2018-11-23 17:28:27 - [TEST_STEP][PASSED] - sendKeys: Keys 'C:\Users\Public\Pictures\Sample Pictures\Koala.jpg' sent to object: 'Object Repository/Final Object Repo/Page_Form 1A - Cessation As Employer/Uploading File'

2018-11-23 17:28:27 - [MESSAGE][PASSED] - Keys 'C:\Users\Public\Pictures\Sample Pictures\Koala.jpg' sent to object: 'Object Repository/Final Object Repo/Page_Form 1A - Cessation As Employer/Uploading File'

2018-11-23 17:28:27 - [TEST_STEP][PASSED] - delay: Delayed 2 second(s)

2018-11-23 17:28:29 - [MESSAGE][PASSED] - Delayed 2 second(s)

2018-11-23 17:28:29 - [TEST_STEP][PASSED] - click: Object: 'Object Repository/Final Object Repo/Page_Form 1A - Cessation As Employer/Page_Form 1A - Cessation As Employer (Query -OTC -UO)/Add Document in Uploading Page' is clicked on

2018-11-23 17:28:33 - [MESSAGE][PASSED] - Object: 'Object Repository/Final Object Repo/Page_Form 1A - Cessation As Employer/Page_Form 1A - Cessation As Employer (Query -OTC -UO)/Add Document in Uploading Page' is clicked on

2018-11-23 17:28:33 - [TEST_STEP][PASSED] - delay: Delayed 4 second(s)

2018-11-23 17:28:37 - [MESSAGE][PASSED] - Delayed 4 second(s)

2018-11-23 17:28:37 - [TEST_STEP][PASSED] - click: Object: 'Object Repository/Final Object Repo/Page_Form 1A - Cessation As Employer/Page_Form 1A - Cessation As Employer (Query -OTC -UO)/Exit' is clicked on

2018-11-23 17:28:39 - [MESSAGE][PASSED] - Object: 'Object Repository/Final Object Repo/Page_Form 1A - Cessation As Employer/Page_Form 1A - Cessation As Employer (Query -OTC -UO)/Exit' is clicked on

2018-11-23 17:28:39 - [TEST_STEP][PASSED] - delay: Delayed 1 second(s)

2018-11-23 17:28:40 - [MESSAGE][PASSED] - Delayed 1 second(s)

2018-11-23 17:28:40 - [TEST_STEP][PASSED] - navigateToUrl: Navigate to 'https://assist2-uat.perkeso.gov.my/c/portal/logout' successfully

2018-11-23 17:28:41 - [MESSAGE][PASSED] - Navigate to 'https://assist2-uat.perkeso.gov.my/c/portal/logout' successfully

2018-11-23 17:28:41 - [TEST_STEP][PASSED] - delay: Delayed 1 second(s)

2018-11-23 17:28:42 - [MESSAGE][PASSED] - Delayed 1 second(s)

2018-11-23 17:28:42 - [TEST_STEP][PASSED] - callTestCase: Call Test Case 'Test Cases/Final Aug 2018 - PKS Automation/Registration Module/Workflow/Login and Search Case For Workflow' successfully

2018-11-23 17:28:42 - [TEST_CASE][PASSED] - Test Cases/Final Aug 2018 - PKS Automation/Registration Module/Workflow/Login and Search Case For Workflow: Test Cases/Final Aug 2018 - PKS Automation/Registration Module/Workflow/Login and Search Case For Workflow

2018-11-23 17:28:42 - [TEST_STEP][PASSED] - navigateToUrl: Navigate to 'https://assist2-uat.perkeso.gov.my/login' successfully

2018-11-23 17:28:43 - [MESSAGE][PASSED] - Navigate to 'https://assist2-uat.perkeso.gov.my/login' successfully

2018-11-23 17:28:43 - [TEST_STEP][PASSED] - setText: Text 'johoruo3@gmail.com' is set on object 'Object Repository/Final Object Repo/Login Page/Internal User/Email Address'

2018-11-23 17:28:43 - [MESSAGE][PASSED] - Text 'johoruo3@gmail.com' is set on object 'Object Repository/Final Object Repo/Login Page/Internal User/Email Address'

2018-11-23 17:28:43 - [TEST_STEP][PASSED] - click: Object: 'Object Repository/Final Object Repo/Login Page/Internal User/Next Button' is clicked on

2018-11-23 17:28:44 - [MESSAGE][PASSED] - Object: 'Object Repository/Final Object Repo/Login Page/Internal User/Next Button' is clicked on

2018-11-23 17:28:44 - [TEST_STEP][PASSED] - delay: Delayed 1 second(s)

2018-11-23 17:28:45 - [MESSAGE][PASSED] - Delayed 1 second(s)

2018-11-23 17:28:45 - [TEST_STEP][PASSED] - setEncryptedText: Text ****** has been set on object 'Object Repository/Final Object Repo/Login Page/Internal User/Password'

2018-11-23 17:28:45 - [MESSAGE][PASSED] - Text ****** has been set on object 'Object Repository/Final Object Repo/Login Page/Internal User/Password'

2018-11-23 17:28:45 - [TEST_STEP][PASSED] - click: Object: 'Object Repository/Final Object Repo/Login Page/Internal User/Login Button' is clicked on

2018-11-23 17:28:47 - [MESSAGE][PASSED] - Object: 'Object Repository/Final Object Repo/Login Page/Internal User/Login Button' is clicked on

2018-11-23 17:28:47 - [TEST_STEP][PASSED] - delay: Delayed 2 second(s)

2018-11-23 17:28:49 - [MESSAGE][PASSED] - Delayed 2 second(s)

2018-11-23 17:28:49 - [TEST_STEP][PASSED] - Statement - Try: Delayed 2 second(s)

2018-11-23 17:28:49 - [TEST_STEP][PASSED] - Statement - Checker = false: null

2018-11-23 17:28:49 - [TEST_STEP][PASSED] - Statement - Checker = com.kms.katalon.core.webui.keyword.WebUiBuiltInKeywords.verifyElementHasAttribute(com.kms.katalon.core.testobject.ObjectRepository.findTestObject(Final Object Repo/Landing Page/BM Detecting), "href", 20, OPTIONAL): Object 'Object Repository/Final Object Repo/Landing Page/BM Detecting' has attribute 'href'

2018-11-23 17:28:49 - [MESSAGE][PASSED] - Object 'Object Repository/Final Object Repo/Landing Page/BM Detecting' has attribute 'href'

2018-11-23 17:28:49 - [TEST_STEP][PASSED] - Statement - out.println(Checker): null

2018-11-23 17:28:49 - [TEST_STEP][PASSED] - Statement - If (Checker == false): null

2018-11-23 17:28:49 - [TEST_STEP][PASSED] - Statement - Else: null

2018-11-23 17:28:49 - [TEST_STEP][PASSED] - delay: Delayed 2 second(s)

2018-11-23 17:28:51 - [MESSAGE][PASSED] - Delayed 2 second(s)

2018-11-23 17:28:51 - [TEST_STEP][PASSED] - click: Object: 'Object Repository/Final Object Repo/Page_MyASSIST - ASSIST - Search Pending Case For Add Supporting Document/Search Information' is clicked on

2018-11-23 17:28:52 - [MESSAGE][PASSED] - Object: 'Object Repository/Final Object Repo/Page_MyASSIST - ASSIST - Search Pending Case For Add Supporting Document/Search Information' is clicked on

2018-11-23 17:28:52 - [TEST_STEP][PASSED] - delay: Delayed 3 second(s)

2018-11-23 17:28:55 - [MESSAGE][PASSED] - Delayed 3 second(s)

2018-11-23 17:28:55 - [TEST_STEP][PASSED] - sendKeys: Keys 'CUN112018C200001609' sent to object: 'Object Repository/Final Object Repo/Page_MyASSIST - ASSIST - Search Pending Case For Add Supporting Document/Reference No'

2018-11-23 17:28:55 - [MESSAGE][PASSED] - Keys 'CUN112018C200001609' sent to object: 'Object Repository/Final Object Repo/Page_MyASSIST - ASSIST - Search Pending Case For Add Supporting Document/Reference No'

2018-11-23 17:28:55 - [TEST_STEP][PASSED] - click: Object: 'Object Repository/Final Object Repo/Page_MyASSIST - ASSIST - Search Pending Case For Add Supporting Document/Search Reference No' is clicked on

2018-11-23 17:28:57 - [MESSAGE][PASSED] - Object: 'Object Repository/Final Object Repo/Page_MyASSIST - ASSIST - Search Pending Case For Add Supporting Document/Search Reference No' is clicked on

2018-11-23 17:28:57 - [TEST_STEP][PASSED] - delay: Delayed 2 second(s)

2018-11-23 17:28:59 - [MESSAGE][PASSED] - Delayed 2 second(s)

2018-11-23 17:28:59 - [TEST_STEP][PASSED] - click: Object: 'Object Repository/Final Object Repo/Page_MyASSIST - ASSIST - Search Pending Case For Add Supporting Document/Continue' is clicked on

2018-11-23 17:29:03 - [MESSAGE][PASSED] - Object: 'Object Repository/Final Object Repo/Page_MyASSIST - ASSIST - Search Pending Case For Add Supporting Document/Continue' is clicked on

2018-11-23 17:29:03 - [TEST_STEP][PASSED] - delay: Delayed 20 second(s)

2018-11-23 17:29:23 - [MESSAGE][PASSED] - Delayed 20 second(s)

2018-11-23 17:29:23 - [MESSAGE][PASSED] - Call Test Case 'Test Cases/Final Aug 2018 - PKS Automation/Registration Module/Workflow/Login and Search Case For Workflow' successfully

2018-11-23 17:29:23 - [TEST_STEP][PASSED] - click: Object: 'Object Repository/Final Object Repo/Page_Form 1A - Cessation As Employer/Page_Form 1A - Cessation As Employer (Approve)/Save  Continue in Form 1A Page' is clicked on

2018-11-23 17:29:25 - [MESSAGE][PASSED] - Object: 'Object Repository/Final Object Repo/Page_Form 1A - Cessation As Employer/Page_Form 1A - Cessation As Employer (Approve)/Save  Continue in Form 1A Page' is clicked on

2018-11-23 17:29:25 - [TEST_STEP][PASSED] - delay: Delayed 3 second(s)

2018-11-23 17:29:28 - [MESSAGE][PASSED] - Delayed 3 second(s)

2018-11-23 17:29:28 - [TEST_STEP][PASSED] - click: Object: 'Object Repository/Final Object Repo/Page_Form 1A - Cessation As Employer/Page_Form 1A - Cessation As Employer (Approve)/Save  Continue in Update Add Employee Resigned Date Page' is clicked on

2018-11-23 17:29:32 - [MESSAGE][PASSED] - Object: 'Object Repository/Final Object Repo/Page_Form 1A - Cessation As Employer/Page_Form 1A - Cessation As Employer (Approve)/Save  Continue in Update Add Employee Resigned Date Page' is clicked on

2018-11-23 17:29:32 - [TEST_STEP][PASSED] - delay: Delayed 3 second(s)

2018-11-23 17:29:35 - [MESSAGE][PASSED] - Delayed 3 second(s)

2018-11-23 17:29:35 - [TEST_STEP][PASSED] - click: Object: 'Object Repository/Final Object Repo/Page_Form 1A - Cessation As Employer/Page_Form 1A - Cessation As Employer (Approve)/Save  Contine in Uploading Document Page' is clicked on

2018-11-23 17:29:40 - [MESSAGE][PASSED] - Object: 'Object Repository/Final Object Repo/Page_Form 1A - Cessation As Employer/Page_Form 1A - Cessation As Employer (Approve)/Save  Contine in Uploading Document Page' is clicked on

2018-11-23 17:29:40 - [TEST_STEP][PASSED] - delay: Delayed 3 second(s)

2018-11-23 17:29:43 - [MESSAGE][PASSED] - Delayed 3 second(s)

2018-11-23 17:29:43 - [TEST_STEP][PASSED] - click: Object: 'Object Repository/Final Object Repo/Page_Form 1A - Cessation As Employer/Page_Form 1A - Cessation As Employer (Approve)/Approve' is clicked on

2018-11-23 17:29:44 - [MESSAGE][PASSED] - Object: 'Object Repository/Final Object Repo/Page_Form 1A - Cessation As Employer/Page_Form 1A - Cessation As Employer (Approve)/Approve' is clicked on

2018-11-23 17:29:44 - [TEST_STEP][PASSED] - delay: Delayed 2 second(s)

2018-11-23 17:29:46 - [MESSAGE][PASSED] - Delayed 2 second(s)

2018-11-23 17:29:46 - [TEST_STEP][PASSED] - click: Object: 'Object Repository/Final Object Repo/Page_Form 1A - Cessation As Employer/Confirm' is clicked on

2018-11-23 17:29:47 - [MESSAGE][PASSED] - Object: 'Object Repository/Final Object Repo/Page_Form 1A - Cessation As Employer/Confirm' is clicked on

2018-11-23 17:29:47 - [TEST_STEP][PASSED] - delay: Delayed 2 second(s)

2018-11-23 17:29:49 - [MESSAGE][PASSED] - Delayed 2 second(s)

2018-11-23 17:29:49 - [TEST_STEP][PASSED] - click: Object: 'Object Repository/Final Object Repo/Page_Form 1A - Cessation As Employer/Page_Form 1A - Cessation As Employer (Approve)/Message Your Request    Form 1A ' is clicked on

2018-11-23 17:29:57 - [MESSAGE][PASSED] - Object: 'Object Repository/Final Object Repo/Page_Form 1A - Cessation As Employer/Page_Form 1A - Cessation As Employer (Approve)/Message Your Request    Form 1A ' is clicked on

2018-11-23 17:29:57 - [TEST_STEP][PASSED] - delay: Delayed 2 second(s)

2018-11-23 17:29:59 - [MESSAGE][PASSED] - Delayed 2 second(s)

2018-11-23 17:29:59 - [TEST_STEP][PASSED] - click: Object: 'Object Repository/Final Object Repo/Page_Form 1A - Cessation As Employer/Page_Form 1A - Cessation As Employer (Approve)/Letter of successful update' is clicked on

2018-11-23 17:30:05 - [MESSAGE][PASSED] - Object: 'Object Repository/Final Object Repo/Page_Form 1A - Cessation As Employer/Page_Form 1A - Cessation As Employer (Approve)/Letter of successful update' is clicked on

2018-11-23 17:30:05 - [MESSAGE][PASSED] - Call Test Case 'Test Cases/Final Aug 2018 - PKS Automation/Registration Module/Workflow/Form 1A - Cessation As Employer/Template/Form 1 A - Cessation As Employer (Query)' successfully]]></system-out>
         <system-err><![CDATA[]]></system-err>
      </testcase>
      <testcase name="Test Cases/Final Aug 2018 - PKS Automation/Registration Module/Workflow/Form 1A - Cessation As Employer/Employer to UO (Reject)" classname="Test Cases/Final Aug 2018 - PKS Automation/Registration Module/Workflow/Form 1A - Cessation As Employer/Employer to UO (Reject)" status="PASSED">
         <system-out><![CDATA[2018-11-23 17:30:05 - [TEST_CASE][PASSED] - Test Cases/Final Aug 2018 - PKS Automation/Registration Module/Workflow/Form 1A - Cessation As Employer/Employer to UO (Reject): Test Cases/Final Aug 2018 - PKS Automation/Registration Module/Workflow/Form 1A - Cessation As Employer/Employer to UO (Reject)

2018-11-23 17:30:05 - [TEST_STEP][PASSED] - callTestCase: Call Test Case 'Test Cases/Final Aug 2018 - PKS Automation/Registration Module/Workflow/Form 1A - Cessation As Employer/Template/Form 1 A - Cessation As Employer (Employer)' successfully

2018-11-23 17:30:05 - [TEST_CASE][PASSED] - Test Cases/Final Aug 2018 - PKS Automation/Registration Module/Workflow/Form 1A - Cessation As Employer/Template/Form 1 A - Cessation As Employer (Employer): Test Cases/Final Aug 2018 - PKS Automation/Registration Module/Workflow/Form 1A - Cessation As Employer/Template/Form 1 A - Cessation As Employer (Employer)

2018-11-23 17:30:05 - [TEST_STEP][PASSED] - callTestCase: Call Test Case 'Test Cases/Final Aug 2018 - PKS Automation/Registration Module/Workflow/Update Add New Employee/Template/New Company for Update Add New - Employer' successfully

2018-11-23 17:30:05 - [TEST_CASE][PASSED] - Test Cases/Final Aug 2018 - PKS Automation/Registration Module/Workflow/Update Add New Employee/Template/New Company for Update Add New - Employer: Test Cases/Final Aug 2018 - PKS Automation/Registration Module/Workflow/Update Add New Employee/Template/New Company for Update Add New - Employer

2018-11-23 17:30:05 - [TEST_STEP][PASSED] - callTestCase: Call Test Case 'Test Cases/Final Aug 2018 - PKS Automation/Create Employer Acc/Create Employer Account' successfully

2018-11-23 17:30:05 - [TEST_CASE][PASSED] - Test Cases/Final Aug 2018 - PKS Automation/Create Employer Acc/Create Employer Account: Test Cases/Final Aug 2018 - PKS Automation/Create Employer Acc/Create Employer Account

2018-11-23 17:30:05 - [TEST_STEP][PASSED] - callTestCase: Call Test Case 'Test Cases/Final Aug 2018 - PKS Automation/Create Employer Acc/Template/Register Employer' successfully

2018-11-23 17:30:05 - [TEST_CASE][PASSED] - Test Cases/Final Aug 2018 - PKS Automation/Create Employer Acc/Template/Register Employer: Test Cases/Final Aug 2018 - PKS Automation/Create Employer Acc/Template/Register Employer

2018-11-23 17:30:05 - [TEST_STEP][PASSED] - openBrowser: Browser is opened with url: ''

2018-11-23 17:30:05 - [MESSAGE][WARNING] - A browser is already opened. Closing browser and opening a new one

2018-11-23 17:30:11 - [MESSAGE][PASSED] - Browser is opened with url: ''

2018-11-23 17:30:11 - [TEST_STEP][PASSED] - navigateToUrl: Navigate to 'https://assist2-uat.perkeso.gov.my/login' successfully

2018-11-23 17:30:12 - [MESSAGE][PASSED] - Navigate to 'https://assist2-uat.perkeso.gov.my/login' successfully

2018-11-23 17:30:12 - [TEST_STEP][PASSED] - setText: Text 'johorotc1@gmail.com' is set on object 'Object Repository/Final Object Repo/Login Page/Internal User/Email Address'

2018-11-23 17:30:12 - [MESSAGE][PASSED] - Text 'johorotc1@gmail.com' is set on object 'Object Repository/Final Object Repo/Login Page/Internal User/Email Address'

2018-11-23 17:30:12 - [TEST_STEP][PASSED] - click: Object: 'Object Repository/Final Object Repo/Login Page/Internal User/Next Button' is clicked on

2018-11-23 17:30:13 - [MESSAGE][PASSED] - Object: 'Object Repository/Final Object Repo/Login Page/Internal User/Next Button' is clicked on

2018-11-23 17:30:13 - [TEST_STEP][PASSED] - delay: Delayed 1 second(s)

2018-11-23 17:30:14 - [MESSAGE][PASSED] - Delayed 1 second(s)

2018-11-23 17:30:14 - [TEST_STEP][PASSED] - setEncryptedText: Text ****** has been set on object 'Object Repository/Final Object Repo/Login Page/Internal User/Password'

2018-11-23 17:30:14 - [MESSAGE][PASSED] - Text ****** has been set on object 'Object Repository/Final Object Repo/Login Page/Internal User/Password'

2018-11-23 17:30:14 - [TEST_STEP][PASSED] - click: Object: 'Object Repository/Final Object Repo/Login Page/Internal User/Login Button' is clicked on

2018-11-23 17:30:16 - [MESSAGE][PASSED] - Object: 'Object Repository/Final Object Repo/Login Page/Internal User/Login Button' is clicked on

2018-11-23 17:30:16 - [TEST_STEP][PASSED] - delay: Delayed 1 second(s)

2018-11-23 17:30:17 - [MESSAGE][PASSED] - Delayed 1 second(s)

2018-11-23 17:30:17 - [TEST_STEP][PASSED] - navigateToUrl: Navigate to 'https://assist2-uat.perkeso.gov.my/web/base/portal-id/registration' successfully

2018-11-23 17:30:19 - [MESSAGE][PASSED] - Navigate to 'https://assist2-uat.perkeso.gov.my/web/base/portal-id/registration' successfully

2018-11-23 17:30:19 - [TEST_STEP][PASSED] - setText: Text 'AUTOMATION EMPLOYER' is set on object 'Object Repository/Final Object Repo/Creating Employer Account/Page_Registration - ASSIST (Base)/Employer Name'

2018-11-23 17:30:19 - [MESSAGE][PASSED] - Text 'AUTOMATION EMPLOYER' is set on object 'Object Repository/Final Object Repo/Creating Employer Account/Page_Registration - ASSIST (Base)/Employer Name'

2018-11-23 17:30:19 - [TEST_STEP][PASSED] - delay: Delayed 2 second(s)

2018-11-23 17:30:21 - [MESSAGE][PASSED] - Delayed 2 second(s)

2018-11-23 17:30:21 - [TEST_STEP][PASSED] - click: Object: 'Object Repository/Final Object Repo/Creating Employer Account/Page_Registration - ASSIST (Base)/Registration Type' is clicked on

2018-11-23 17:30:22 - [MESSAGE][PASSED] - Object: 'Object Repository/Final Object Repo/Creating Employer Account/Page_Registration - ASSIST (Base)/Registration Type' is clicked on

2018-11-23 17:30:22 - [TEST_STEP][PASSED] - delay: Delayed 2 second(s)

2018-11-23 17:30:24 - [MESSAGE][PASSED] - Delayed 2 second(s)

2018-11-23 17:30:24 - [TEST_STEP][PASSED] - click: Object: 'Object Repository/Final Object Repo/Creating Employer Account/Page_Registration - ASSIST (Base)/Registration Type - Registration No' is clicked on

2018-11-23 17:30:24 - [MESSAGE][PASSED] - Object: 'Object Repository/Final Object Repo/Creating Employer Account/Page_Registration - ASSIST (Base)/Registration Type - Registration No' is clicked on

2018-11-23 17:30:24 - [TEST_STEP][PASSED] - delay: Delayed 2 second(s)

2018-11-23 17:30:26 - [MESSAGE][PASSED] - Delayed 2 second(s)

2018-11-23 17:30:26 - [TEST_STEP][PASSED] - setText: Text '1234567890' is set on object 'Object Repository/Final Object Repo/Creating Employer Account/Page_Registration - ASSIST (Base)/Registration Number'

2018-11-23 17:30:27 - [MESSAGE][PASSED] - Text '1234567890' is set on object 'Object Repository/Final Object Repo/Creating Employer Account/Page_Registration - ASSIST (Base)/Registration Number'

2018-11-23 17:30:27 - [TEST_STEP][PASSED] - delay: Delayed 2 second(s)

2018-11-23 17:30:29 - [MESSAGE][PASSED] - Delayed 2 second(s)

2018-11-23 17:30:29 - [TEST_STEP][PASSED] - setText: Text 'ADDRESS 1' is set on object 'Object Repository/Final Object Repo/Creating Employer Account/Page_Registration - ASSIST (Base)/Postal Address 1'

2018-11-23 17:30:29 - [MESSAGE][PASSED] - Text 'ADDRESS 1' is set on object 'Object Repository/Final Object Repo/Creating Employer Account/Page_Registration - ASSIST (Base)/Postal Address 1'

2018-11-23 17:30:29 - [TEST_STEP][PASSED] - setText: Text 'ADDRESS 2' is set on object 'Object Repository/Final Object Repo/Creating Employer Account/Page_Registration - ASSIST (Base)/Postal Address 2'

2018-11-23 17:30:29 - [MESSAGE][PASSED] - Text 'ADDRESS 2' is set on object 'Object Repository/Final Object Repo/Creating Employer Account/Page_Registration - ASSIST (Base)/Postal Address 2'

2018-11-23 17:30:29 - [TEST_STEP][PASSED] - click: Object: 'Object Repository/Final Object Repo/Creating Employer Account/Page_Registration - ASSIST (Base)/State' is clicked on

2018-11-23 17:30:29 - [MESSAGE][PASSED] - Object: 'Object Repository/Final Object Repo/Creating Employer Account/Page_Registration - ASSIST (Base)/State' is clicked on

2018-11-23 17:30:29 - [TEST_STEP][PASSED] - delay: Delayed 2 second(s)

2018-11-23 17:30:31 - [MESSAGE][PASSED] - Delayed 2 second(s)

2018-11-23 17:30:31 - [TEST_STEP][PASSED] - click: Object: 'Object Repository/Final Object Repo/Creating Employer Account/Page_Registration - ASSIST (Base)/State - Johor' is clicked on

2018-11-23 17:30:32 - [MESSAGE][PASSED] - Object: 'Object Repository/Final Object Repo/Creating Employer Account/Page_Registration - ASSIST (Base)/State - Johor' is clicked on

2018-11-23 17:30:32 - [TEST_STEP][PASSED] - delay: Delayed 2 second(s)

2018-11-23 17:30:34 - [MESSAGE][PASSED] - Delayed 2 second(s)

2018-11-23 17:30:34 - [TEST_STEP][PASSED] - click: Object: 'Object Repository/Final Object Repo/Creating Employer Account/Page_Registration - ASSIST (Base)/City' is clicked on

2018-11-23 17:30:34 - [MESSAGE][PASSED] - Object: 'Object Repository/Final Object Repo/Creating Employer Account/Page_Registration - ASSIST (Base)/City' is clicked on

2018-11-23 17:30:34 - [TEST_STEP][PASSED] - delay: Delayed 2 second(s)

2018-11-23 17:30:36 - [MESSAGE][PASSED] - Delayed 2 second(s)

2018-11-23 17:30:36 - [TEST_STEP][PASSED] - setText: Text 'joh' is set on object 'Object Repository/Final Object Repo/Creating Employer Account/Page_Registration - ASSIST (Base)/City - joh'

2018-11-23 17:30:37 - [MESSAGE][PASSED] - Text 'joh' is set on object 'Object Repository/Final Object Repo/Creating Employer Account/Page_Registration - ASSIST (Base)/City - joh'

2018-11-23 17:30:37 - [TEST_STEP][PASSED] - delay: Delayed 2 second(s)

2018-11-23 17:30:39 - [MESSAGE][PASSED] - Delayed 2 second(s)

2018-11-23 17:30:39 - [TEST_STEP][PASSED] - click: Object: 'Object Repository/Final Object Repo/Creating Employer Account/Page_Registration - ASSIST (Base)/City - Johor Bharu' is clicked on

2018-11-23 17:30:39 - [MESSAGE][PASSED] - Object: 'Object Repository/Final Object Repo/Creating Employer Account/Page_Registration - ASSIST (Base)/City - Johor Bharu' is clicked on

2018-11-23 17:30:39 - [TEST_STEP][PASSED] - delay: Delayed 2 second(s)

2018-11-23 17:30:41 - [MESSAGE][PASSED] - Delayed 2 second(s)

2018-11-23 17:30:41 - [TEST_STEP][PASSED] - click: Object: 'Object Repository/Final Object Repo/Creating Employer Account/Page_Registration - ASSIST (Base)/Post Code' is clicked on

2018-11-23 17:30:42 - [MESSAGE][PASSED] - Object: 'Object Repository/Final Object Repo/Creating Employer Account/Page_Registration - ASSIST (Base)/Post Code' is clicked on

2018-11-23 17:30:42 - [TEST_STEP][PASSED] - delay: Delayed 2 second(s)

2018-11-23 17:30:44 - [MESSAGE][PASSED] - Delayed 2 second(s)

2018-11-23 17:30:44 - [TEST_STEP][PASSED] - setText: Text '810' is set on object 'Object Repository/Final Object Repo/Creating Employer Account/Page_Registration - ASSIST (Base)/Post Code - 810'

2018-11-23 17:30:44 - [MESSAGE][PASSED] - Text '810' is set on object 'Object Repository/Final Object Repo/Creating Employer Account/Page_Registration - ASSIST (Base)/Post Code - 810'

2018-11-23 17:30:44 - [TEST_STEP][PASSED] - delay: Delayed 2 second(s)

2018-11-23 17:30:46 - [MESSAGE][PASSED] - Delayed 2 second(s)

2018-11-23 17:30:46 - [TEST_STEP][PASSED] - click: Object: 'Object Repository/Final Object Repo/Creating Employer Account/Page_Registration - ASSIST (Base)/Post Code - 81000' is clicked on

2018-11-23 17:30:47 - [MESSAGE][PASSED] - Object: 'Object Repository/Final Object Repo/Creating Employer Account/Page_Registration - ASSIST (Base)/Post Code - 81000' is clicked on

2018-11-23 17:30:47 - [TEST_STEP][PASSED] - delay: Delayed 2 second(s)

2018-11-23 17:30:49 - [MESSAGE][PASSED] - Delayed 2 second(s)

2018-11-23 17:30:49 - [TEST_STEP][PASSED] - setText: Text 'PERKESO' is set on object 'Object Repository/Final Object Repo/Creating Employer Account/Page_Registration - ASSIST (Base)/Full Name'

2018-11-23 17:30:49 - [MESSAGE][PASSED] - Text 'PERKESO' is set on object 'Object Repository/Final Object Repo/Creating Employer Account/Page_Registration - ASSIST (Base)/Full Name'

2018-11-23 17:30:49 - [TEST_STEP][PASSED] - Statement - rnd = new java.util.Random(): null

2018-11-23 17:30:49 - [TEST_STEP][PASSED] - Statement - snum = rnd.nextInt(899999 + 1) + 100000: null

2018-11-23 17:30:49 - [TEST_STEP][PASSED] - Statement - tnum = rnd.nextInt(899999 + 1) + 100000: null

2018-11-23 17:30:49 - [TEST_STEP][PASSED] - Statement - IC = java.lang.Integer.toString(snum) + java.lang.Integer.toString(tnum): null

2018-11-23 17:30:49 - [TEST_STEP][PASSED] - Statement - out.println(IC): null

2018-11-23 17:30:49 - [TEST_STEP][PASSED] - setText: Text '976056911151' is set on object 'Object Repository/Final Object Repo/Creating Employer Account/Page_Registration - ASSIST (Base)/Identification Number'

2018-11-23 17:30:49 - [MESSAGE][PASSED] - Text '976056911151' is set on object 'Object Repository/Final Object Repo/Creating Employer Account/Page_Registration - ASSIST (Base)/Identification Number'

2018-11-23 17:30:49 - [TEST_STEP][PASSED] - delay: Delayed 2 second(s)

2018-11-23 17:30:51 - [MESSAGE][PASSED] - Delayed 2 second(s)

2018-11-23 17:30:51 - [TEST_STEP][PASSED] - setText: Text '123456789012' is set on object 'Object Repository/Final Object Repo/Creating Employer Account/Page_Registration - ASSIST (Base)/Contact Number'

2018-11-23 17:30:51 - [MESSAGE][PASSED] - Text '123456789012' is set on object 'Object Repository/Final Object Repo/Creating Employer Account/Page_Registration - ASSIST (Base)/Contact Number'

2018-11-23 17:30:51 - [TEST_STEP][PASSED] - Statement - Email = "perkeso" + IC + "@gmail.com": null

2018-11-23 17:30:51 - [TEST_STEP][PASSED] - delay: Delayed 2 second(s)

2018-11-23 17:30:53 - [MESSAGE][PASSED] - Delayed 2 second(s)

2018-11-23 17:30:53 - [TEST_STEP][PASSED] - callTestCase: Call Test Case 'Test Cases/Final Aug 2018 - PKS Automation/Create Employer Acc/Template/Employer Email Settler' successfully

2018-11-23 17:30:53 - [TEST_CASE][PASSED] - Test Cases/Final Aug 2018 - PKS Automation/Create Employer Acc/Template/Employer Email Settler: Test Cases/Final Aug 2018 - PKS Automation/Create Employer Acc/Template/Employer Email Settler

2018-11-23 17:30:53 - [TEST_STEP][PASSED] - Statement - EmpEmailOld = new java.io.File(C://Users//Admin//Desktop//PKS//Automation Reference Point//EmpEmail.txt): null

2018-11-23 17:30:53 - [TEST_STEP][PASSED] - Statement - EmpEmailOld.delete(): null

2018-11-23 17:30:53 - [TEST_STEP][PASSED] - Statement - EmpEmail = new java.io.File(C://Users//Admin//Desktop//PKS//Automation Reference Point//EmpEmail.txt): null

2018-11-23 17:30:53 - [TEST_STEP][PASSED] - Statement - EmpEmail.append(Email): null

2018-11-23 17:30:53 - [TEST_STEP][PASSED] - Statement - out.println(Email): null

2018-11-23 17:30:53 - [MESSAGE][PASSED] - Call Test Case 'Test Cases/Final Aug 2018 - PKS Automation/Create Employer Acc/Template/Employer Email Settler' successfully

2018-11-23 17:30:53 - [TEST_STEP][PASSED] - delay: Delayed 2 second(s)

2018-11-23 17:30:55 - [MESSAGE][PASSED] - Delayed 2 second(s)

2018-11-23 17:30:55 - [TEST_STEP][PASSED] - setText: Text 'perkeso976056911151@gmail.com' is set on object 'Object Repository/Final Object Repo/Creating Employer Account/Page_Registration - ASSIST (Base)/Email'

2018-11-23 17:30:55 - [MESSAGE][PASSED] - Text 'perkeso976056911151@gmail.com' is set on object 'Object Repository/Final Object Repo/Creating Employer Account/Page_Registration - ASSIST (Base)/Email'

2018-11-23 17:30:55 - [TEST_STEP][PASSED] - setText: Text '123' is set on object 'Object Repository/Final Object Repo/Creating Employer Account/Page_Registration - ASSIST (Base)/Security Phase'

2018-11-23 17:30:55 - [MESSAGE][PASSED] - Text '123' is set on object 'Object Repository/Final Object Repo/Creating Employer Account/Page_Registration - ASSIST (Base)/Security Phase'

2018-11-23 17:30:55 - [TEST_STEP][PASSED] - click: Object: 'Object Repository/Final Object Repo/Creating Employer Account/Page_Registration - ASSIST (Base)/Save  Continue' is clicked on

2018-11-23 17:30:57 - [MESSAGE][PASSED] - Object: 'Object Repository/Final Object Repo/Creating Employer Account/Page_Registration - ASSIST (Base)/Save  Continue' is clicked on

2018-11-23 17:30:57 - [TEST_STEP][PASSED] - delay: Delayed 2 second(s)

2018-11-23 17:30:59 - [MESSAGE][PASSED] - Delayed 2 second(s)

2018-11-23 17:30:59 - [TEST_STEP][PASSED] - click: Object: 'Object Repository/Final Object Repo/Creating Employer Account/Page_Registration - ASSIST (Base)/Add Document' is clicked on

2018-11-23 17:30:59 - [MESSAGE][PASSED] - Object: 'Object Repository/Final Object Repo/Creating Employer Account/Page_Registration - ASSIST (Base)/Add Document' is clicked on

2018-11-23 17:30:59 - [TEST_STEP][PASSED] - delay: Delayed 2 second(s)

2018-11-23 17:31:01 - [MESSAGE][PASSED] - Delayed 2 second(s)

2018-11-23 17:31:01 - [TEST_STEP][PASSED] - click: Object: 'Object Repository/Final Object Repo/Creating Employer Account/Page_Registration - ASSIST (Base)/Document Type' is clicked on

2018-11-23 17:31:02 - [MESSAGE][PASSED] - Object: 'Object Repository/Final Object Repo/Creating Employer Account/Page_Registration - ASSIST (Base)/Document Type' is clicked on

2018-11-23 17:31:02 - [TEST_STEP][PASSED] - delay: Delayed 2 second(s)

2018-11-23 17:31:04 - [MESSAGE][PASSED] - Delayed 2 second(s)

2018-11-23 17:31:04 - [TEST_STEP][PASSED] - click: Object: 'Object Repository/Final Object Repo/Creating Employer Account/Page_Registration - ASSIST (Base)/Document Type - Letter of Authorization' is clicked on

2018-11-23 17:31:04 - [MESSAGE][PASSED] - Object: 'Object Repository/Final Object Repo/Creating Employer Account/Page_Registration - ASSIST (Base)/Document Type - Letter of Authorization' is clicked on

2018-11-23 17:31:04 - [TEST_STEP][PASSED] - delay: Delayed 2 second(s)

2018-11-23 17:31:06 - [MESSAGE][PASSED] - Delayed 2 second(s)

2018-11-23 17:31:06 - [TEST_STEP][PASSED] - sendKeys: Keys 'C:\Users\Public\Pictures\Sample Pictures\Koala.jpg' sent to object: 'Object Repository/Final Object Repo/Creating Employer Account/Page_Registration - ASSIST (Base)/Uploading File'

2018-11-23 17:31:07 - [MESSAGE][PASSED] - Keys 'C:\Users\Public\Pictures\Sample Pictures\Koala.jpg' sent to object: 'Object Repository/Final Object Repo/Creating Employer Account/Page_Registration - ASSIST (Base)/Uploading File'

2018-11-23 17:31:07 - [TEST_STEP][PASSED] - delay: Delayed 2 second(s)

2018-11-23 17:31:09 - [MESSAGE][PASSED] - Delayed 2 second(s)

2018-11-23 17:31:09 - [TEST_STEP][PASSED] - click: Object: 'Object Repository/Final Object Repo/Creating Employer Account/Page_Registration - ASSIST (Base)/Add Document in Uploading File' is clicked on

2018-11-23 17:31:11 - [MESSAGE][PASSED] - Object: 'Object Repository/Final Object Repo/Creating Employer Account/Page_Registration - ASSIST (Base)/Add Document in Uploading File' is clicked on

2018-11-23 17:31:11 - [TEST_STEP][PASSED] - delay: Delayed 2 second(s)

2018-11-23 17:31:13 - [MESSAGE][PASSED] - Delayed 2 second(s)

2018-11-23 17:31:13 - [TEST_STEP][PASSED] - click: Object: 'Object Repository/Final Object Repo/Creating Employer Account/Page_Registration - ASSIST (Base)/Save' is clicked on

2018-11-23 17:31:14 - [MESSAGE][PASSED] - Object: 'Object Repository/Final Object Repo/Creating Employer Account/Page_Registration - ASSIST (Base)/Save' is clicked on

2018-11-23 17:31:14 - [TEST_STEP][PASSED] - delay: Delayed 2 second(s)

2018-11-23 17:31:16 - [MESSAGE][PASSED] - Delayed 2 second(s)

2018-11-23 17:31:16 - [TEST_STEP][PASSED] - click: Object: 'Object Repository/Final Object Repo/Creating Employer Account/Page_Registration - ASSIST (Base)/Submit' is clicked on

2018-11-23 17:31:17 - [MESSAGE][PASSED] - Object: 'Object Repository/Final Object Repo/Creating Employer Account/Page_Registration - ASSIST (Base)/Submit' is clicked on

2018-11-23 17:31:17 - [TEST_STEP][PASSED] - delay: Delayed 2 second(s)

2018-11-23 17:31:19 - [MESSAGE][PASSED] - Delayed 2 second(s)

2018-11-23 17:31:19 - [TEST_STEP][PASSED] - click: Object: 'Object Repository/Final Object Repo/Creating Employer Account/Page_Registration - ASSIST (Base)/Confirm' is clicked on

2018-11-23 17:31:22 - [MESSAGE][PASSED] - Object: 'Object Repository/Final Object Repo/Creating Employer Account/Page_Registration - ASSIST (Base)/Confirm' is clicked on

2018-11-23 17:31:22 - [MESSAGE][PASSED] - Call Test Case 'Test Cases/Final Aug 2018 - PKS Automation/Create Employer Acc/Template/Register Employer' successfully

2018-11-23 17:31:22 - [TEST_STEP][PASSED] - delay: Delayed 1 second(s)

2018-11-23 17:31:23 - [MESSAGE][PASSED] - Delayed 1 second(s)

2018-11-23 17:31:23 - [TEST_STEP][PASSED] - navigateToUrl: Navigate to 'https://assist2-uat.perkeso.gov.my/c/portal/logout' successfully

2018-11-23 17:31:24 - [MESSAGE][PASSED] - Navigate to 'https://assist2-uat.perkeso.gov.my/c/portal/logout' successfully

2018-11-23 17:31:24 - [TEST_STEP][PASSED] - delay: Delayed 1 second(s)

2018-11-23 17:31:25 - [MESSAGE][PASSED] - Delayed 1 second(s)

2018-11-23 17:31:25 - [TEST_STEP][PASSED] - callTestCase: Call Test Case 'Test Cases/Final Aug 2018 - PKS Automation/Create Employer Acc/Template/Change Password of Employer' successfully

2018-11-23 17:31:25 - [TEST_CASE][PASSED] - Test Cases/Final Aug 2018 - PKS Automation/Create Employer Acc/Template/Change Password of Employer: Test Cases/Final Aug 2018 - PKS Automation/Create Employer Acc/Template/Change Password of Employer

2018-11-23 17:31:25 - [TEST_STEP][PASSED] - openBrowser: Browser is opened with url: ''

2018-11-23 17:31:25 - [MESSAGE][WARNING] - A browser is already opened. Closing browser and opening a new one

2018-11-23 17:31:30 - [MESSAGE][PASSED] - Browser is opened with url: ''

2018-11-23 17:31:30 - [TEST_STEP][PASSED] - navigateToUrl: Navigate to 'https://assist2-uat.perkeso.gov.my/login' successfully

2018-11-23 17:31:32 - [MESSAGE][PASSED] - Navigate to 'https://assist2-uat.perkeso.gov.my/login' successfully

2018-11-23 17:31:32 - [TEST_STEP][PASSED] - delay: Delayed 5 second(s)

2018-11-23 17:31:37 - [MESSAGE][PASSED] - Delayed 5 second(s)

2018-11-23 17:31:37 - [TEST_STEP][PASSED] - setText: Text 'test@liferay.com' is set on object 'Object Repository/Final Object Repo/Login Page/Internal User/Email Address'

2018-11-23 17:31:37 - [MESSAGE][PASSED] - Text 'test@liferay.com' is set on object 'Object Repository/Final Object Repo/Login Page/Internal User/Email Address'

2018-11-23 17:31:37 - [TEST_STEP][PASSED] - click: Object: 'Object Repository/Final Object Repo/Login Page/Internal User/Next Button' is clicked on

2018-11-23 17:31:37 - [MESSAGE][PASSED] - Object: 'Object Repository/Final Object Repo/Login Page/Internal User/Next Button' is clicked on

2018-11-23 17:31:37 - [TEST_STEP][PASSED] - delay: Delayed 2 second(s)

2018-11-23 17:31:39 - [MESSAGE][PASSED] - Delayed 2 second(s)

2018-11-23 17:31:39 - [TEST_STEP][PASSED] - setText: Text 'test' is set on object 'Object Repository/Final Object Repo/Login Page/Internal User/Password'

2018-11-23 17:31:39 - [MESSAGE][PASSED] - Text 'test' is set on object 'Object Repository/Final Object Repo/Login Page/Internal User/Password'

2018-11-23 17:31:39 - [TEST_STEP][PASSED] - delay: Delayed 2 second(s)

2018-11-23 17:31:41 - [MESSAGE][PASSED] - Delayed 2 second(s)

2018-11-23 17:31:41 - [TEST_STEP][PASSED] - click: Object: 'Object Repository/Final Object Repo/Login Page/Internal User/Login Button' is clicked on

2018-11-23 17:31:45 - [MESSAGE][PASSED] - Object: 'Object Repository/Final Object Repo/Login Page/Internal User/Login Button' is clicked on

2018-11-23 17:31:45 - [TEST_STEP][PASSED] - delay: Delayed 3 second(s)

2018-11-23 17:31:48 - [MESSAGE][PASSED] - Delayed 3 second(s)

2018-11-23 17:31:48 - [TEST_STEP][PASSED] - navigateToUrl: Navigate to 'https://assist2-uat.perkeso.gov.my/group/control_panel/manage?p_p_id=125&p_p_lifecycle=0&p_p_state=maximized&p_p_mode=view&refererPlid=20455&_125_usersListView=flat-users&_125_toolbarItem=view-all-users&_125_saveUsersListView=true&_125_struts_action=%2Fusers_admin%2Fview' successfully

2018-11-23 17:31:50 - [MESSAGE][PASSED] - Navigate to 'https://assist2-uat.perkeso.gov.my/group/control_panel/manage?p_p_id=125&p_p_lifecycle=0&p_p_state=maximized&p_p_mode=view&refererPlid=20455&_125_usersListView=flat-users&_125_toolbarItem=view-all-users&_125_saveUsersListView=true&_125_struts_action=%2Fusers_admin%2Fview' successfully

2018-11-23 17:31:50 - [TEST_STEP][PASSED] - delay: Delayed 3 second(s)

2018-11-23 17:31:53 - [MESSAGE][PASSED] - Delayed 3 second(s)

2018-11-23 17:31:53 - [TEST_STEP][PASSED] - setText: Text 'perkeso976056911151@gmail.com' is set on object 'Object Repository/Final Object Repo/Creating Employer Account/Page_Users and Organizations - ASSIST/Employer name'

2018-11-23 17:31:53 - [MESSAGE][PASSED] - Text 'perkeso976056911151@gmail.com' is set on object 'Object Repository/Final Object Repo/Creating Employer Account/Page_Users and Organizations - ASSIST/Employer name'

2018-11-23 17:31:53 - [TEST_STEP][PASSED] - delay: Delayed 3 second(s)

2018-11-23 17:31:56 - [MESSAGE][PASSED] - Delayed 3 second(s)

2018-11-23 17:31:56 - [TEST_STEP][PASSED] - click: Object: 'Object Repository/Final Object Repo/Creating Employer Account/Page_Users and Organizations - ASSIST/Search' is clicked on

2018-11-23 17:31:57 - [MESSAGE][PASSED] - Object: 'Object Repository/Final Object Repo/Creating Employer Account/Page_Users and Organizations - ASSIST/Search' is clicked on

2018-11-23 17:31:57 - [TEST_STEP][PASSED] - delay: Delayed 3 second(s)

2018-11-23 17:32:00 - [MESSAGE][PASSED] - Delayed 3 second(s)

2018-11-23 17:32:00 - [TEST_STEP][PASSED] - click: Object: 'Object Repository/Final Object Repo/Creating Employer Account/Page_Users and Organizations - ASSIST/Action' is clicked on

2018-11-23 17:32:01 - [MESSAGE][PASSED] - Object: 'Object Repository/Final Object Repo/Creating Employer Account/Page_Users and Organizations - ASSIST/Action' is clicked on

2018-11-23 17:32:01 - [TEST_STEP][PASSED] - delay: Delayed 3 second(s)

2018-11-23 17:32:04 - [MESSAGE][PASSED] - Delayed 3 second(s)

2018-11-23 17:32:04 - [TEST_STEP][PASSED] - click: Object: 'Object Repository/Final Object Repo/Creating Employer Account/Page_Users and Organizations - ASSIST/Edit' is clicked on

2018-11-23 17:32:05 - [MESSAGE][PASSED] - Object: 'Object Repository/Final Object Repo/Creating Employer Account/Page_Users and Organizations - ASSIST/Edit' is clicked on

2018-11-23 17:32:05 - [TEST_STEP][PASSED] - delay: Delayed 3 second(s)

2018-11-23 17:32:08 - [MESSAGE][PASSED] - Delayed 3 second(s)

2018-11-23 17:32:08 - [TEST_STEP][PASSED] - click: Object: 'Object Repository/Final Object Repo/Creating Employer Account/Page_PERKESO - Users and Organizati/a_Password (Modified)' is clicked on

2018-11-23 17:32:08 - [MESSAGE][PASSED] - Object: 'Object Repository/Final Object Repo/Creating Employer Account/Page_PERKESO - Users and Organizati/a_Password (Modified)' is clicked on

2018-11-23 17:32:08 - [TEST_STEP][PASSED] - delay: Delayed 3 second(s)

2018-11-23 17:32:11 - [MESSAGE][PASSED] - Delayed 3 second(s)

2018-11-23 17:32:11 - [TEST_STEP][PASSED] - setEncryptedText: Text ****** has been set on object 'Object Repository/Final Object Repo/Creating Employer Account/Page_PERKESO - Users and Organizati/input__125_password1'

2018-11-23 17:32:11 - [MESSAGE][PASSED] - Text ****** has been set on object 'Object Repository/Final Object Repo/Creating Employer Account/Page_PERKESO - Users and Organizati/input__125_password1'

2018-11-23 17:32:12 - [TEST_STEP][PASSED] - delay: Delayed 3 second(s)

2018-11-23 17:32:15 - [MESSAGE][PASSED] - Delayed 3 second(s)

2018-11-23 17:32:15 - [TEST_STEP][PASSED] - setEncryptedText: Text ****** has been set on object 'Object Repository/Final Object Repo/Creating Employer Account/Page_PERKESO - Users and Organizati/input__125_password2'

2018-11-23 17:32:15 - [MESSAGE][PASSED] - Text ****** has been set on object 'Object Repository/Final Object Repo/Creating Employer Account/Page_PERKESO - Users and Organizati/input__125_password2'

2018-11-23 17:32:15 - [TEST_STEP][PASSED] - delay: Delayed 3 second(s)

2018-11-23 17:32:18 - [MESSAGE][PASSED] - Delayed 3 second(s)

2018-11-23 17:32:18 - [TEST_STEP][PASSED] - click: Object: 'Object Repository/Final Object Repo/Creating Employer Account/Page_PERKESO - Users and Organizati/Save' is clicked on

2018-11-23 17:32:20 - [MESSAGE][PASSED] - Object: 'Object Repository/Final Object Repo/Creating Employer Account/Page_PERKESO - Users and Organizati/Save' is clicked on

2018-11-23 17:32:20 - [MESSAGE][PASSED] - Call Test Case 'Test Cases/Final Aug 2018 - PKS Automation/Create Employer Acc/Template/Change Password of Employer' successfully

2018-11-23 17:32:20 - [TEST_STEP][PASSED] - delay: Delayed 1 second(s)

2018-11-23 17:32:21 - [MESSAGE][PASSED] - Delayed 1 second(s)

2018-11-23 17:32:21 - [TEST_STEP][PASSED] - navigateToUrl: Navigate to 'https://assist2-uat.perkeso.gov.my/c/portal/logout' successfully

2018-11-23 17:32:22 - [MESSAGE][PASSED] - Navigate to 'https://assist2-uat.perkeso.gov.my/c/portal/logout' successfully

2018-11-23 17:32:22 - [TEST_STEP][PASSED] - delay: Delayed 1 second(s)

2018-11-23 17:32:23 - [MESSAGE][PASSED] - Delayed 1 second(s)

2018-11-23 17:32:23 - [TEST_STEP][PASSED] - callTestCase: Call Test Case 'Test Cases/Final Aug 2018 - PKS Automation/Create Employer Acc/Template/Login to Employer Account (First Time)' successfully

2018-11-23 17:32:23 - [TEST_CASE][PASSED] - Test Cases/Final Aug 2018 - PKS Automation/Create Employer Acc/Template/Login to Employer Account (First Time): Test Cases/Final Aug 2018 - PKS Automation/Create Employer Acc/Template/Login to Employer Account (First Time)

2018-11-23 17:32:23 - [TEST_STEP][PASSED] - openBrowser: Browser is opened with url: ''

2018-11-23 17:32:23 - [MESSAGE][WARNING] - A browser is already opened. Closing browser and opening a new one

2018-11-23 17:32:28 - [MESSAGE][PASSED] - Browser is opened with url: ''

2018-11-23 17:32:28 - [TEST_STEP][PASSED] - navigateToUrl: Navigate to 'https://assist2-uat.perkeso.gov.my/employer/login' successfully

2018-11-23 17:32:29 - [MESSAGE][PASSED] - Navigate to 'https://assist2-uat.perkeso.gov.my/employer/login' successfully

2018-11-23 17:32:29 - [TEST_STEP][PASSED] - delay: Delayed 3 second(s)

2018-11-23 17:32:32 - [MESSAGE][PASSED] - Delayed 3 second(s)

2018-11-23 17:32:32 - [TEST_STEP][PASSED] - callTestCase: Call Test Case 'Test Cases/Final Aug 2018 - PKS Automation/Create Employer Acc/Template/Employer Email Getter' successfully

2018-11-23 17:32:32 - [TEST_CASE][PASSED] - Test Cases/Final Aug 2018 - PKS Automation/Create Employer Acc/Template/Employer Email Getter: Test Cases/Final Aug 2018 - PKS Automation/Create Employer Acc/Template/Employer Email Getter

2018-11-23 17:32:32 - [TEST_STEP][PASSED] - Statement - Try: null

2018-11-23 17:32:32 - [TEST_STEP][PASSED] - Statement - EmpEmail = new java.io.File(C://Users//Admin//Desktop//PKS//Automation Reference Point//EmpEmail.txt): null

2018-11-23 17:32:32 - [TEST_STEP][PASSED] - Statement - bufferread = new java.io.BufferedReader(new java.io.FileReader(EmpEmail)): null

2018-11-23 17:32:32 - [TEST_STEP][PASSED] - Statement - readedVal = bufferread.readLine(): null

2018-11-23 17:32:32 - [TEST_STEP][PASSED] - Statement - out.println(readedVal): null

2018-11-23 17:32:32 - [TEST_STEP][PASSED] - Statement - Email = readedVal: null

2018-11-23 17:32:32 - [MESSAGE][PASSED] - Call Test Case 'Test Cases/Final Aug 2018 - PKS Automation/Create Employer Acc/Template/Employer Email Getter' successfully

2018-11-23 17:32:32 - [TEST_STEP][PASSED] - setText: Text 'perkeso976056911151@gmail.com' is set on object 'Object Repository/Final Object Repo/Login Page/External Login Page/Email'

2018-11-23 17:32:32 - [MESSAGE][PASSED] - Text 'perkeso976056911151@gmail.com' is set on object 'Object Repository/Final Object Repo/Login Page/External Login Page/Email'

2018-11-23 17:32:32 - [TEST_STEP][PASSED] - click: Object: 'Object Repository/Final Object Repo/Login Page/External Login Page/Next' is clicked on

2018-11-23 17:32:32 - [MESSAGE][PASSED] - Object: 'Object Repository/Final Object Repo/Login Page/External Login Page/Next' is clicked on

2018-11-23 17:32:33 - [TEST_STEP][PASSED] - delay: Delayed 3 second(s)

2018-11-23 17:32:36 - [MESSAGE][PASSED] - Delayed 3 second(s)

2018-11-23 17:32:36 - [TEST_STEP][PASSED] - setEncryptedText: Text ****** has been set on object 'Object Repository/Final Object Repo/Login Page/External Login Page/Password'

2018-11-23 17:32:36 - [MESSAGE][PASSED] - Text ****** has been set on object 'Object Repository/Final Object Repo/Login Page/External Login Page/Password'

2018-11-23 17:32:36 - [TEST_STEP][PASSED] - click: Object: 'Object Repository/Final Object Repo/Login Page/External Login Page/Login' is clicked on

2018-11-23 17:32:38 - [MESSAGE][PASSED] - Object: 'Object Repository/Final Object Repo/Login Page/External Login Page/Login' is clicked on

2018-11-23 17:32:38 - [TEST_STEP][PASSED] - delay: Delayed 3 second(s)

2018-11-23 17:32:41 - [MESSAGE][PASSED] - Delayed 3 second(s)

2018-11-23 17:32:41 - [TEST_STEP][PASSED] - click: Object: 'Object Repository/Final Object Repo/Creating Employer Account/Page_Terms of Use - ASSIST/button_I Agree' is clicked on

2018-11-23 17:32:42 - [MESSAGE][PASSED] - Object: 'Object Repository/Final Object Repo/Creating Employer Account/Page_Terms of Use - ASSIST/button_I Agree' is clicked on

2018-11-23 17:32:42 - [TEST_STEP][PASSED] - delay: Delayed 2 second(s)

2018-11-23 17:32:44 - [MESSAGE][PASSED] - Delayed 2 second(s)

2018-11-23 17:32:44 - [TEST_STEP][PASSED] - setEncryptedText: Text ****** has been set on object 'Object Repository/Final Object Repo/Creating Employer Account/Page_New Password - ASSIST/input_password1'

2018-11-23 17:32:44 - [MESSAGE][PASSED] - Text ****** has been set on object 'Object Repository/Final Object Repo/Creating Employer Account/Page_New Password - ASSIST/input_password1'

2018-11-23 17:32:44 - [TEST_STEP][PASSED] - setEncryptedText: Text ****** has been set on object 'Object Repository/Final Object Repo/Creating Employer Account/Page_New Password - ASSIST/input_password2'

2018-11-23 17:32:44 - [MESSAGE][PASSED] - Text ****** has been set on object 'Object Repository/Final Object Repo/Creating Employer Account/Page_New Password - ASSIST/input_password2'

2018-11-23 17:32:44 - [TEST_STEP][PASSED] - delay: Delayed 2 second(s)

2018-11-23 17:32:46 - [MESSAGE][PASSED] - Delayed 2 second(s)

2018-11-23 17:32:46 - [TEST_STEP][PASSED] - click: Object: 'Object Repository/Final Object Repo/Creating Employer Account/Page_New Password - ASSIST/Save' is clicked on

2018-11-23 17:32:48 - [MESSAGE][PASSED] - Object: 'Object Repository/Final Object Repo/Creating Employer Account/Page_New Password - ASSIST/Save' is clicked on

2018-11-23 17:32:48 - [TEST_STEP][PASSED] - delay: Delayed 2 second(s)

2018-11-23 17:32:50 - [MESSAGE][PASSED] - Delayed 2 second(s)

2018-11-23 17:32:50 - [TEST_STEP][PASSED] - setText: Text 'test' is set on object 'Object Repository/Final Object Repo/Creating Employer Account/Page_Password Reminder - ASSIST/Reminder Query Answer'

2018-11-23 17:32:50 - [MESSAGE][PASSED] - Text 'test' is set on object 'Object Repository/Final Object Repo/Creating Employer Account/Page_Password Reminder - ASSIST/Reminder Query Answer'

2018-11-23 17:32:50 - [TEST_STEP][PASSED] - delay: Delayed 2 second(s)

2018-11-23 17:32:52 - [MESSAGE][PASSED] - Delayed 2 second(s)

2018-11-23 17:32:52 - [TEST_STEP][PASSED] - doubleClick: Object: 'Object Repository/Final Object Repo/Creating Employer Account/Page_Password Reminder - ASSIST/Save' is double clicked on

2018-11-23 17:32:53 - [MESSAGE][PASSED] - Object: 'Object Repository/Final Object Repo/Creating Employer Account/Page_Password Reminder - ASSIST/Save' is double clicked on

2018-11-23 17:32:53 - [MESSAGE][PASSED] - Call Test Case 'Test Cases/Final Aug 2018 - PKS Automation/Create Employer Acc/Template/Login to Employer Account (First Time)' successfully

2018-11-23 17:32:53 - [MESSAGE][PASSED] - Call Test Case 'Test Cases/Final Aug 2018 - PKS Automation/Create Employer Acc/Create Employer Account' successfully

2018-11-23 17:32:53 - [TEST_STEP][PASSED] - callTestCase: Call Test Case 'Test Cases/Final Aug 2018 - PKS Automation/Registration Module/Log Out/log out avoiding katalon tagging' successfully

2018-11-23 17:32:53 - [TEST_CASE][PASSED] - Test Cases/Final Aug 2018 - PKS Automation/Registration Module/Log Out/log out avoiding katalon tagging: Test Cases/Final Aug 2018 - PKS Automation/Registration Module/Log Out/log out avoiding katalon tagging

2018-11-23 17:32:53 - [TEST_STEP][PASSED] - navigateToUrl: Navigate to 'https://assist2-uat.perkeso.gov.my/c/portal/logout' successfully

2018-11-23 17:32:54 - [MESSAGE][PASSED] - Navigate to 'https://assist2-uat.perkeso.gov.my/c/portal/logout' successfully

2018-11-23 17:32:54 - [MESSAGE][PASSED] - Call Test Case 'Test Cases/Final Aug 2018 - PKS Automation/Registration Module/Log Out/log out avoiding katalon tagging' successfully

2018-11-23 17:32:54 - [TEST_STEP][PASSED] - callTestCase: Call Test Case 'Test Cases/Final Aug 2018 - PKS Automation/Create Employer Acc/Login to Employer Account (Second time)' successfully

2018-11-23 17:32:54 - [TEST_CASE][PASSED] - Test Cases/Final Aug 2018 - PKS Automation/Create Employer Acc/Login to Employer Account (Second time): Test Cases/Final Aug 2018 - PKS Automation/Create Employer Acc/Login to Employer Account (Second time)

2018-11-23 17:32:54 - [TEST_STEP][PASSED] - openBrowser: Browser is opened with url: ''

2018-11-23 17:32:54 - [MESSAGE][WARNING] - A browser is already opened. Closing browser and opening a new one

2018-11-23 17:32:58 - [MESSAGE][PASSED] - Browser is opened with url: ''

2018-11-23 17:32:58 - [TEST_STEP][PASSED] - navigateToUrl: Navigate to 'https://assist2-uat.perkeso.gov.my/employer/login' successfully

2018-11-23 17:33:00 - [MESSAGE][PASSED] - Navigate to 'https://assist2-uat.perkeso.gov.my/employer/login' successfully

2018-11-23 17:33:00 - [TEST_STEP][PASSED] - delay: Delayed 3 second(s)

2018-11-23 17:33:03 - [MESSAGE][PASSED] - Delayed 3 second(s)

2018-11-23 17:33:03 - [TEST_STEP][PASSED] - callTestCase: Call Test Case 'Test Cases/Final Aug 2018 - PKS Automation/Create Employer Acc/Template/Employer Email Getter' successfully

2018-11-23 17:33:03 - [TEST_CASE][PASSED] - Test Cases/Final Aug 2018 - PKS Automation/Create Employer Acc/Template/Employer Email Getter: Test Cases/Final Aug 2018 - PKS Automation/Create Employer Acc/Template/Employer Email Getter

2018-11-23 17:33:03 - [TEST_STEP][PASSED] - Statement - Try: null

2018-11-23 17:33:03 - [TEST_STEP][PASSED] - Statement - EmpEmail = new java.io.File(C://Users//Admin//Desktop//PKS//Automation Reference Point//EmpEmail.txt): null

2018-11-23 17:33:03 - [TEST_STEP][PASSED] - Statement - bufferread = new java.io.BufferedReader(new java.io.FileReader(EmpEmail)): null

2018-11-23 17:33:03 - [TEST_STEP][PASSED] - Statement - readedVal = bufferread.readLine(): null

2018-11-23 17:33:03 - [TEST_STEP][PASSED] - Statement - out.println(readedVal): null

2018-11-23 17:33:03 - [TEST_STEP][PASSED] - Statement - Email = readedVal: null

2018-11-23 17:33:03 - [MESSAGE][PASSED] - Call Test Case 'Test Cases/Final Aug 2018 - PKS Automation/Create Employer Acc/Template/Employer Email Getter' successfully

2018-11-23 17:33:03 - [TEST_STEP][PASSED] - setText: Text 'perkeso976056911151@gmail.com' is set on object 'Object Repository/Final Object Repo/Login Page/External Login Page/Email'

2018-11-23 17:33:03 - [MESSAGE][PASSED] - Text 'perkeso976056911151@gmail.com' is set on object 'Object Repository/Final Object Repo/Login Page/External Login Page/Email'

2018-11-23 17:33:03 - [TEST_STEP][PASSED] - click: Object: 'Object Repository/Final Object Repo/Login Page/External Login Page/Next' is clicked on

2018-11-23 17:33:03 - [MESSAGE][PASSED] - Object: 'Object Repository/Final Object Repo/Login Page/External Login Page/Next' is clicked on

2018-11-23 17:33:03 - [TEST_STEP][PASSED] - delay: Delayed 3 second(s)

2018-11-23 17:33:06 - [MESSAGE][PASSED] - Delayed 3 second(s)

2018-11-23 17:33:06 - [TEST_STEP][PASSED] - setEncryptedText: Text ****** has been set on object 'Object Repository/Final Object Repo/Login Page/External Login Page/Password'

2018-11-23 17:33:07 - [MESSAGE][PASSED] - Text ****** has been set on object 'Object Repository/Final Object Repo/Login Page/External Login Page/Password'

2018-11-23 17:33:07 - [TEST_STEP][PASSED] - click: Object: 'Object Repository/Final Object Repo/Login Page/External Login Page/Login' is clicked on

2018-11-23 17:33:10 - [MESSAGE][PASSED] - Object: 'Object Repository/Final Object Repo/Login Page/External Login Page/Login' is clicked on

2018-11-23 17:33:10 - [TEST_STEP][PASSED] - delay: Delayed 5 second(s)

2018-11-23 17:33:15 - [MESSAGE][PASSED] - Delayed 5 second(s)

2018-11-23 17:33:15 - [MESSAGE][PASSED] - Call Test Case 'Test Cases/Final Aug 2018 - PKS Automation/Create Employer Acc/Login to Employer Account (Second time)' successfully

2018-11-23 17:33:15 - [TEST_STEP][PASSED] - delay: Delayed 4 second(s)

2018-11-23 17:33:19 - [MESSAGE][PASSED] - Delayed 4 second(s)

2018-11-23 17:33:19 - [TEST_STEP][PASSED] - Statement - Try: Delayed 2 second(s)

2018-11-23 17:33:19 - [TEST_STEP][PASSED] - Statement - Checker = false: null

2018-11-23 17:33:19 - [TEST_STEP][PASSED] - Statement - Checker = com.kms.katalon.core.webui.keyword.WebUiBuiltInKeywords.verifyElementHasAttribute(com.kms.katalon.core.testobject.ObjectRepository.findTestObject(Final Object Repo/Landing Page/BM Detecting), "href", 20, OPTIONAL): Object 'Object Repository/Final Object Repo/Landing Page/BM Detecting' has attribute 'href'

2018-11-23 17:33:20 - [MESSAGE][PASSED] - Object 'Object Repository/Final Object Repo/Landing Page/BM Detecting' has attribute 'href'

2018-11-23 17:33:20 - [TEST_STEP][PASSED] - Statement - out.println(Checker): null

2018-11-23 17:33:20 - [TEST_STEP][PASSED] - Statement - If (Checker == false): null

2018-11-23 17:33:20 - [TEST_STEP][PASSED] - Statement - Else: null

2018-11-23 17:33:20 - [TEST_STEP][PASSED] - delay: Delayed 2 second(s)

2018-11-23 17:33:22 - [MESSAGE][PASSED] - Delayed 2 second(s)

2018-11-23 17:33:22 - [TEST_STEP][PASSED] - delay: Delayed 4 second(s)

2018-11-23 17:33:26 - [MESSAGE][PASSED] - Delayed 4 second(s)

2018-11-23 17:33:26 - [TEST_STEP][PASSED] - click: Object: 'Object Repository/Final Object Repo/Landing Page/My Sites Drop Down' is clicked on

2018-11-23 17:33:26 - [MESSAGE][PASSED] - Object: 'Object Repository/Final Object Repo/Landing Page/My Sites Drop Down' is clicked on

2018-11-23 17:33:26 - [TEST_STEP][PASSED] - click: Object: 'Object Repository/Final Object Repo/Landing Page/Select to Registration Module' is clicked on

2018-11-23 17:33:29 - [MESSAGE][PASSED] - Object: 'Object Repository/Final Object Repo/Landing Page/Select to Registration Module' is clicked on

2018-11-23 17:33:29 - [TEST_STEP][PASSED] - click: Object: 'Object Repository/Final Object Repo/Landing Page/Registration Button' is clicked on

2018-11-23 17:33:31 - [MESSAGE][PASSED] - Object: 'Object Repository/Final Object Repo/Landing Page/Registration Button' is clicked on

2018-11-23 17:33:31 - [TEST_STEP][PASSED] - delay: Delayed 2 second(s)

2018-11-23 17:33:33 - [MESSAGE][PASSED] - Delayed 2 second(s)

2018-11-23 17:33:33 - [TEST_STEP][PASSED] - click: Object: 'Object Repository/Final Object Repo/New Registration - Registration Module Pages/New Reg - OTC to RO/Special Case - OTC - Form 1/AEC NO' is clicked on

2018-11-23 17:33:33 - [MESSAGE][PASSED] - Object: 'Object Repository/Final Object Repo/New Registration - Registration Module Pages/New Reg - OTC to RO/Special Case - OTC - Form 1/AEC NO' is clicked on

2018-11-23 17:33:33 - [TEST_STEP][PASSED] - click: Object: 'Object Repository/Final Object Repo/New Registration - Registration Module Pages/New Reg - OTC to RO/Special Case - OTC - Form 1/Business Entity - Please Select' is clicked on

2018-11-23 17:33:33 - [MESSAGE][PASSED] - Object: 'Object Repository/Final Object Repo/New Registration - Registration Module Pages/New Reg - OTC to RO/Special Case - OTC - Form 1/Business Entity - Please Select' is clicked on

2018-11-23 17:33:33 - [TEST_STEP][PASSED] - click: Object: 'Object Repository/Final Object Repo/New Registration - Registration Module Pages/New Reg - OTC to RO/Special Case - OTC - Form 1/Selected - Corporation' is clicked on

2018-11-23 17:33:34 - [MESSAGE][PASSED] - Object: 'Object Repository/Final Object Repo/New Registration - Registration Module Pages/New Reg - OTC to RO/Special Case - OTC - Form 1/Selected - Corporation' is clicked on

2018-11-23 17:33:34 - [TEST_STEP][PASSED] - delay: Delayed 2 second(s)

2018-11-23 17:33:36 - [MESSAGE][PASSED] - Delayed 2 second(s)

2018-11-23 17:33:36 - [TEST_STEP][PASSED] - click: Object: 'Object Repository/Final Object Repo/New Registration - Registration Module Pages/New Reg - OTC to RO/Special Case - OTC - Form 1/Sub Business Entity - Please Select' is clicked on

2018-11-23 17:33:36 - [MESSAGE][PASSED] - Object: 'Object Repository/Final Object Repo/New Registration - Registration Module Pages/New Reg - OTC to RO/Special Case - OTC - Form 1/Sub Business Entity - Please Select' is clicked on

2018-11-23 17:33:36 - [TEST_STEP][PASSED] - delay: Delayed 2 second(s)

2018-11-23 17:33:38 - [MESSAGE][PASSED] - Delayed 2 second(s)

2018-11-23 17:33:38 - [TEST_STEP][PASSED] - click: Object: 'Object Repository/Final Object Repo/New Registration - Registration Module Pages/New Reg - OTC to RO/Special Case - OTC - Form 1/Selected - Sendirian Berhad' is clicked on

2018-11-23 17:33:39 - [MESSAGE][PASSED] - Object: 'Object Repository/Final Object Repo/New Registration - Registration Module Pages/New Reg - OTC to RO/Special Case - OTC - Form 1/Selected - Sendirian Berhad' is clicked on

2018-11-23 17:33:39 - [TEST_STEP][PASSED] - setText: Text 'AUTOMATE001' is set on object 'Object Repository/Final Object Repo/New Registration - Registration Module Pages/New Reg - OTC to RO/Special Case - OTC - Form 1/Input BRN Number'

2018-11-23 17:33:39 - [MESSAGE][PASSED] - Text 'AUTOMATE001' is set on object 'Object Repository/Final Object Repo/New Registration - Registration Module Pages/New Reg - OTC to RO/Special Case - OTC - Form 1/Input BRN Number'

2018-11-23 17:33:39 - [TEST_STEP][PASSED] - delay: Delayed 2 second(s)

2018-11-23 17:33:41 - [MESSAGE][PASSED] - Delayed 2 second(s)

2018-11-23 17:33:41 - [TEST_STEP][PASSED] - click: Object: 'Object Repository/Final Object Repo/New Registration - Registration Module Pages/New Reg - OTC to RO/Special Case - OTC - Form 1/BRN Search' is clicked on

2018-11-23 17:33:42 - [MESSAGE][PASSED] - Object: 'Object Repository/Final Object Repo/New Registration - Registration Module Pages/New Reg - OTC to RO/Special Case - OTC - Form 1/BRN Search' is clicked on

2018-11-23 17:33:42 - [TEST_STEP][PASSED] - delay: Delayed 4 second(s)

2018-11-23 17:33:46 - [MESSAGE][PASSED] - Delayed 4 second(s)

2018-11-23 17:33:46 - [TEST_STEP][PASSED] - click: Object: 'Object Repository/Final Object Repo/New Registration - Registration Module Pages/New Reg - OTC to RO/Special Case - OTC - Form 1/Registered with SSM - After Feb 2017' is clicked on

2018-11-23 17:33:46 - [MESSAGE][PASSED] - Object: 'Object Repository/Final Object Repo/New Registration - Registration Module Pages/New Reg - OTC to RO/Special Case - OTC - Form 1/Registered with SSM - After Feb 2017' is clicked on

2018-11-23 17:33:46 - [TEST_STEP][PASSED] - delay: Delayed 2 second(s)

2018-11-23 17:33:48 - [MESSAGE][PASSED] - Delayed 2 second(s)

2018-11-23 17:33:48 - [TEST_STEP][PASSED] - click: Object: 'Object Repository/Final Object Repo/New Registration - Registration Module Pages/Form 1/Registered As a Branch - Yes' is clicked on

2018-11-23 17:33:48 - [MESSAGE][PASSED] - Object: 'Object Repository/Final Object Repo/New Registration - Registration Module Pages/Form 1/Registered As a Branch - Yes' is clicked on

2018-11-23 17:33:48 - [TEST_STEP][PASSED] - click: Object: 'Object Repository/Final Object Repo/New Registration - Registration Module Pages/New Reg - OTC to RO/Special Case - OTC - Form 1/Acknowledgement Ticked' is clicked on

2018-11-23 17:33:49 - [MESSAGE][PASSED] - Object: 'Object Repository/Final Object Repo/New Registration - Registration Module Pages/New Reg - OTC to RO/Special Case - OTC - Form 1/Acknowledgement Ticked' is clicked on

2018-11-23 17:33:49 - [TEST_STEP][PASSED] - setText: Text 'perkeso976056911151@gmail.com' is set on object 'Object Repository/Final Object Repo/New Registration - Registration Module Pages/Form 1/Email'

2018-11-23 17:33:49 - [MESSAGE][PASSED] - Text 'perkeso976056911151@gmail.com' is set on object 'Object Repository/Final Object Repo/New Registration - Registration Module Pages/Form 1/Email'

2018-11-23 17:33:49 - [TEST_STEP][PASSED] - click: Object: 'Object Repository/Final Object Repo/New Registration - Registration Module Pages/New Reg - OTC to RO/Special Case - OTC - Form 1/Submit Button' is clicked on

2018-11-23 17:33:50 - [MESSAGE][PASSED] - Object: 'Object Repository/Final Object Repo/New Registration - Registration Module Pages/New Reg - OTC to RO/Special Case - OTC - Form 1/Submit Button' is clicked on

2018-11-23 17:33:50 - [TEST_STEP][PASSED] - callTestCase: Call Test Case 'Test Cases/Final Aug 2018 - PKS Automation/Registration Module/New Registration/Form 2/Add 1 Eligible - Employer Account Use' successfully

2018-11-23 17:33:50 - [TEST_CASE][PASSED] - Test Cases/Final Aug 2018 - PKS Automation/Registration Module/New Registration/Form 2/Add 1 Eligible - Employer Account Use: Test Cases/Final Aug 2018 - PKS Automation/Registration Module/New Registration/Form 2/Add 1 Eligible - Employer Account Use

2018-11-23 17:33:50 - [TEST_STEP][PASSED] - delay: Delayed 2 second(s)

2018-11-23 17:33:52 - [MESSAGE][PASSED] - Delayed 2 second(s)

2018-11-23 17:33:52 - [TEST_STEP][PASSED] - callTestCase: Call Test Case 'Test Cases/Final Aug 2018 - PKS Automation/Registration Module/New Registration/Form 2/Date Updater' successfully

2018-11-23 17:33:52 - [TEST_CASE][PASSED] - Test Cases/Final Aug 2018 - PKS Automation/Registration Module/New Registration/Form 2/Date Updater: Test Cases/Final Aug 2018 - PKS Automation/Registration Module/New Registration/Form 2/Date Updater

2018-11-23 17:33:52 - [TEST_STEP][PASSED] - Statement - TodayDate = new java.util.Date(): null

2018-11-23 17:33:52 - [TEST_STEP][PASSED] - Statement - CurrentDateNoFilter = new java.text.SimpleDateFormat(): null

2018-11-23 17:33:52 - [TEST_STEP][PASSED] - Statement - CurrentDateNoFilter.applyPattern("dd"): null

2018-11-23 17:33:52 - [TEST_STEP][PASSED] - Statement - CurrentDate = CurrentDateNoFilter.format(TodayDate): null

2018-11-23 17:33:52 - [TEST_STEP][PASSED] - Statement - CurrentDate = java.lang.Integer.parseInt(CurrentDate): null

2018-11-23 17:33:52 - [TEST_STEP][PASSED] - Statement - CurrentDate = CurrentDate: null

2018-11-23 17:33:52 - [TEST_STEP][PASSED] - Statement - CurrentDay = java.lang.Integer.parseInt(CurrentDate): null

2018-11-23 17:33:52 - [TEST_STEP][PASSED] - Statement - aDayBefore = CurrentDay + 1: null

2018-11-23 17:33:52 - [TEST_STEP][PASSED] - Statement - DayBefore = aDayBefore.toString(): null

2018-11-23 17:33:52 - [TEST_STEP][PASSED] - Statement - OneDayBefore = DayBefore: null

2018-11-23 17:33:52 - [TEST_STEP][PASSED] - Statement - CurrentDateNoFilter.applyPattern("MM"): null

2018-11-23 17:33:52 - [TEST_STEP][PASSED] - Statement - monthContainerMatcher = java.lang.Integer.parseInt(CurrentDateNoFilter.format(TodayDate)): null

2018-11-23 17:33:52 - [TEST_STEP][PASSED] - Statement - monthContainerMatcher = monthContainerMatcher - 1: null

2018-11-23 17:33:52 - [TEST_STEP][PASSED] - Statement - CurrentMonth = monthContainerMatcher.toString(): null

2018-11-23 17:33:52 - [TEST_STEP][PASSED] - Statement - CurrentMonth = CurrentMonth: null

2018-11-23 17:33:52 - [TEST_STEP][PASSED] - Statement - CurrentDateNoFilter.applyPattern("yyyy"): null

2018-11-23 17:33:52 - [TEST_STEP][PASSED] - Statement - CurrentYear = CurrentDateNoFilter.format(TodayDate): null

2018-11-23 17:33:52 - [TEST_STEP][PASSED] - Statement - CurrentYear = CurrentYear: null

2018-11-23 17:33:52 - [TEST_STEP][PASSED] - Statement - intCurrentYear = java.lang.Integer.parseInt(CurrentDateNoFilter.format(TodayDate)): null

2018-11-23 17:33:52 - [TEST_STEP][PASSED] - Statement - eighteenYrsAgo = intCurrentYear - 18: null

2018-11-23 17:33:52 - [TEST_STEP][PASSED] - Statement - eighteenYrsBeforeThisYr = eighteenYrsAgo.toString(): null

2018-11-23 17:33:52 - [TEST_STEP][PASSED] - Statement - EighteenYrsBefore = eighteenYrsBeforeThisYr: null

2018-11-23 17:33:52 - [TEST_STEP][PASSED] - Statement - fiftysevenYrsAgo = intCurrentYear - 57: null

2018-11-23 17:33:52 - [TEST_STEP][PASSED] - Statement - fiftysevenYrsBeforeThisYr = fiftysevenYrsAgo.toString(): null

2018-11-23 17:33:52 - [TEST_STEP][PASSED] - Statement - FiftysevenYrsBefore = fiftysevenYrsBeforeThisYr: null

2018-11-23 17:33:52 - [MESSAGE][PASSED] - Call Test Case 'Test Cases/Final Aug 2018 - PKS Automation/Registration Module/New Registration/Form 2/Date Updater' successfully

2018-11-23 17:33:52 - [TEST_STEP][PASSED] - delay: Delayed 1 second(s)

2018-11-23 17:33:53 - [MESSAGE][PASSED] - Delayed 1 second(s)

2018-11-23 17:33:53 - [TEST_STEP][PASSED] - Statement - CaseReferenceNo = com.kms.katalon.core.webui.keyword.WebUiBuiltInKeywords.getText(com.kms.katalon.core.testobject.ObjectRepository.findTestObject(Final Object Repo/New Registration - Registration Module Pages/Form 2/RefNo Acquiring)): Text of object 'Object Repository/Final Object Repo/New Registration - Registration Module Pages/Form 2/RefNo Acquiring' is: 'CRN11201800122751'

2018-11-23 17:33:54 - [MESSAGE][PASSED] - Text of object 'Object Repository/Final Object Repo/New Registration - Registration Module Pages/Form 2/RefNo Acquiring' is: 'CRN11201800122751'

2018-11-23 17:33:54 - [TEST_STEP][PASSED] - delay: Delayed 1 second(s)

2018-11-23 17:33:55 - [MESSAGE][PASSED] - Delayed 1 second(s)

2018-11-23 17:33:55 - [TEST_STEP][PASSED] - click: Object: 'Object Repository/Final Object Repo/New Registration - Registration Module Pages/Form 2/Add Employee Button' is clicked on

2018-11-23 17:33:55 - [MESSAGE][PASSED] - Object: 'Object Repository/Final Object Repo/New Registration - Registration Module Pages/Form 2/Add Employee Button' is clicked on

2018-11-23 17:33:55 - [TEST_STEP][PASSED] - delay: Delayed 1 second(s)

2018-11-23 17:33:56 - [MESSAGE][PASSED] - Delayed 1 second(s)

2018-11-23 17:33:56 - [TEST_STEP][PASSED] - setText: Text '010903091948' is set on object 'Object Repository/Final Object Repo/New Registration - Registration Module Pages/Form 2/NRIC Input'

2018-11-23 17:33:56 - [MESSAGE][PASSED] - Text '010903091948' is set on object 'Object Repository/Final Object Repo/New Registration - Registration Module Pages/Form 2/NRIC Input'

2018-11-23 17:33:56 - [TEST_STEP][PASSED] - delay: Delayed 2 second(s)

2018-11-23 17:33:58 - [MESSAGE][PASSED] - Delayed 2 second(s)

2018-11-23 17:33:58 - [TEST_STEP][PASSED] - setText: Text 'Automate001 eligible 1' is set on object 'Object Repository/Final Object Repo/New Registration - Registration Module Pages/Form 2/Employee Name Input'

2018-11-23 17:33:58 - [MESSAGE][PASSED] - Text 'Automate001 eligible 1' is set on object 'Object Repository/Final Object Repo/New Registration - Registration Module Pages/Form 2/Employee Name Input'

2018-11-23 17:33:58 - [TEST_STEP][PASSED] - delay: Delayed 2 second(s)

2018-11-23 17:34:00 - [MESSAGE][PASSED] - Delayed 2 second(s)

2018-11-23 17:34:00 - [TEST_STEP][PASSED] - click: Object: 'Object Repository/Final Object Repo/New Registration - Registration Module Pages/Form 2/DatePicker Pop Up' is clicked on

2018-11-23 17:34:01 - [MESSAGE][PASSED] - Object: 'Object Repository/Final Object Repo/New Registration - Registration Module Pages/Form 2/DatePicker Pop Up' is clicked on

2018-11-23 17:34:01 - [TEST_STEP][PASSED] - click: Object: 'Object Repository/Final Object Repo/New Registration - Registration Module Pages/Form 2/DOB Month' is clicked on

2018-11-23 17:34:01 - [MESSAGE][PASSED] - Object: 'Object Repository/Final Object Repo/New Registration - Registration Module Pages/Form 2/DOB Month' is clicked on

2018-11-23 17:34:01 - [TEST_STEP][PASSED] - Statement - CurrentMonth = CurrentMonth: null

2018-11-23 17:34:01 - [TEST_STEP][PASSED] - Statement - selectMonth = new com.kms.katalon.core.testobject.TestObject(): null

2018-11-23 17:34:01 - [TEST_STEP][PASSED] - Statement - selectMonth.addProperty("xpath", EQUALS, "//body/div/div/div/select/option[@value='" + CurrentMonth + "']", true): null

2018-11-23 17:34:01 - [TEST_STEP][PASSED] - click: Object: '' is clicked on

2018-11-23 17:34:02 - [MESSAGE][PASSED] - Object: '' is clicked on

2018-11-23 17:34:02 - [TEST_STEP][PASSED] - click: Object: 'Object Repository/Final Object Repo/New Registration - Registration Module Pages/Form 2/DOB Year' is clicked on

2018-11-23 17:34:02 - [MESSAGE][PASSED] - Object: 'Object Repository/Final Object Repo/New Registration - Registration Module Pages/Form 2/DOB Year' is clicked on

2018-11-23 17:34:02 - [TEST_STEP][PASSED] - Statement - Eyearsbf = EighteenYrsBefore: null

2018-11-23 17:34:02 - [TEST_STEP][PASSED] - Statement - selectYear = new com.kms.katalon.core.testobject.TestObject(): null

2018-11-23 17:34:02 - [TEST_STEP][PASSED] - Statement - selectYear.addProperty("xpath", EQUALS, "//div/div/div/select/option[@value='" + Eyearsbf + "']", true): null

2018-11-23 17:34:02 - [TEST_STEP][PASSED] - click: Object: '' is clicked on

2018-11-23 17:34:02 - [MESSAGE][PASSED] - Object: '' is clicked on

2018-11-23 17:34:02 - [TEST_STEP][PASSED] - Statement - UpdatedSelectDate = com.kms.katalon.core.webui.keyword.WebUiBuiltInKeywords.modifyObjectProperty(com.kms.katalon.core.testobject.ObjectRepository.findTestObject(Final Object Repo/New Registration - Registration Module Pages/Form 2/DOB Date), "xpath", "equals", "//body/div/table/tbody/tr/td/a[text()="" + CurrentDate + ""]", true): Modify property of object successfully

2018-11-23 17:34:02 - [MESSAGE][PASSED] - Modify property of object successfully

2018-11-23 17:34:02 - [TEST_STEP][PASSED] - delay: Delayed 3 second(s)

2018-11-23 17:34:05 - [MESSAGE][PASSED] - Delayed 3 second(s)

2018-11-23 17:34:05 - [TEST_STEP][PASSED] - click: Object: 'Object Repository/Final Object Repo/New Registration - Registration Module Pages/Form 2/DOB Date' is clicked on

2018-11-23 17:34:06 - [MESSAGE][PASSED] - Object: 'Object Repository/Final Object Repo/New Registration - Registration Module Pages/Form 2/DOB Date' is clicked on

2018-11-23 17:34:06 - [TEST_STEP][PASSED] - delay: Delayed 2 second(s)

2018-11-23 17:34:08 - [MESSAGE][PASSED] - Delayed 2 second(s)

2018-11-23 17:34:08 - [TEST_STEP][PASSED] - click: Object: 'Object Repository/Final Object Repo/New Registration - Registration Module Pages/Form 2/EmploymentStartDate Pop Up' is clicked on

2018-11-23 17:34:08 - [MESSAGE][PASSED] - Object: 'Object Repository/Final Object Repo/New Registration - Registration Module Pages/Form 2/EmploymentStartDate Pop Up' is clicked on

2018-11-23 17:34:08 - [TEST_STEP][PASSED] - delay: Delayed 2 second(s)

2018-11-23 17:34:10 - [MESSAGE][PASSED] - Delayed 2 second(s)

2018-11-23 17:34:10 - [TEST_STEP][PASSED] - click: Object: 'Object Repository/Final Object Repo/New Registration - Registration Module Pages/Form 2/Socso Employment StartDate Month' is clicked on

2018-11-23 17:34:11 - [MESSAGE][PASSED] - Object: 'Object Repository/Final Object Repo/New Registration - Registration Module Pages/Form 2/Socso Employment StartDate Month' is clicked on

2018-11-23 17:34:11 - [TEST_STEP][PASSED] - delay: Delayed 1 second(s)

2018-11-23 17:34:12 - [MESSAGE][PASSED] - Delayed 1 second(s)

2018-11-23 17:34:12 - [TEST_STEP][PASSED] - click: Object: 'Object Repository/Final Object Repo/New Registration - Registration Module Pages/Form 2/Select Socso Employement Startdate Month' is clicked on

2018-11-23 17:34:12 - [MESSAGE][PASSED] - Object: 'Object Repository/Final Object Repo/New Registration - Registration Module Pages/Form 2/Select Socso Employement Startdate Month' is clicked on

2018-11-23 17:34:12 - [TEST_STEP][PASSED] - delay: Delayed 2 second(s)

2018-11-23 17:34:14 - [MESSAGE][PASSED] - Delayed 2 second(s)

2018-11-23 17:34:14 - [TEST_STEP][PASSED] - click: Object: 'Object Repository/Final Object Repo/New Registration - Registration Module Pages/Form 2/Socso Employment StartDate Year' is clicked on

2018-11-23 17:34:15 - [MESSAGE][PASSED] - Object: 'Object Repository/Final Object Repo/New Registration - Registration Module Pages/Form 2/Socso Employment StartDate Year' is clicked on

2018-11-23 17:34:15 - [TEST_STEP][PASSED] - delay: Delayed 1 second(s)

2018-11-23 17:34:16 - [MESSAGE][PASSED] - Delayed 1 second(s)

2018-11-23 17:34:16 - [TEST_STEP][PASSED] - click: Object: 'Object Repository/Final Object Repo/New Registration - Registration Module Pages/Form 2/Select Socso Employment Startdate Year' is clicked on

2018-11-23 17:34:16 - [MESSAGE][PASSED] - Object: 'Object Repository/Final Object Repo/New Registration - Registration Module Pages/Form 2/Select Socso Employment Startdate Year' is clicked on

2018-11-23 17:34:16 - [TEST_STEP][PASSED] - delay: Delayed 2 second(s)

2018-11-23 17:34:18 - [MESSAGE][PASSED] - Delayed 2 second(s)

2018-11-23 17:34:18 - [TEST_STEP][PASSED] - click: Object: 'Object Repository/Final Object Repo/New Registration - Registration Module Pages/Form 2/Socso Employment Start Date Day' is clicked on

2018-11-23 17:34:18 - [MESSAGE][PASSED] - Object: 'Object Repository/Final Object Repo/New Registration - Registration Module Pages/Form 2/Socso Employment Start Date Day' is clicked on

2018-11-23 17:34:18 - [TEST_STEP][PASSED] - delay: Delayed 2 second(s)

2018-11-23 17:34:20 - [MESSAGE][PASSED] - Delayed 2 second(s)

2018-11-23 17:34:20 - [TEST_STEP][PASSED] - click: Object: 'Object Repository/Final Object Repo/New Registration - Registration Module Pages/Form 2/Save Button for Add Employee' is clicked on

2018-11-23 17:34:22 - [MESSAGE][PASSED] - Object: 'Object Repository/Final Object Repo/New Registration - Registration Module Pages/Form 2/Save Button for Add Employee' is clicked on

2018-11-23 17:34:22 - [TEST_STEP][PASSED] - delay: Delayed 6 second(s)

2018-11-23 17:34:28 - [MESSAGE][PASSED] - Delayed 6 second(s)

2018-11-23 17:34:28 - [TEST_STEP][PASSED] - click: Object: 'Object Repository/Final Object Repo/New Registration - Registration Module Pages/Form 2/Save and Continue Form 2' is clicked on

2018-11-23 17:34:29 - [MESSAGE][PASSED] - Object: 'Object Repository/Final Object Repo/New Registration - Registration Module Pages/Form 2/Save and Continue Form 2' is clicked on

2018-11-23 17:34:29 - [MESSAGE][PASSED] - Call Test Case 'Test Cases/Final Aug 2018 - PKS Automation/Registration Module/New Registration/Form 2/Add 1 Eligible - Employer Account Use' successfully

2018-11-23 17:34:29 - [TEST_STEP][PASSED] - callTestCase: Call Test Case 'Test Cases/Final Aug 2018 - PKS Automation/Registration Module/New Registration/Flow of New Registration/Third Screen - Upload Supporting Doc - Preview' successfully

2018-11-23 17:34:29 - [TEST_CASE][PASSED] - Test Cases/Final Aug 2018 - PKS Automation/Registration Module/New Registration/Flow of New Registration/Third Screen - Upload Supporting Doc - Preview: Test Cases/Final Aug 2018 - PKS Automation/Registration Module/New Registration/Flow of New Registration/Third Screen - Upload Supporting Doc - Preview

2018-11-23 17:34:29 - [TEST_STEP][PASSED] - waitForPageLoad: Wait for page load successfully

2018-11-23 17:34:29 - [MESSAGE][PASSED] - Wait for page load successfully

2018-11-23 17:34:29 - [TEST_STEP][PASSED] - Statement - CaseReferenceNo = com.kms.katalon.core.webui.keyword.WebUiBuiltInKeywords.getText(com.kms.katalon.core.testobject.ObjectRepository.findTestObject(Final Object Repo/New Registration - Registration Module Pages/Third Screen - Upload Supporting Doc- Preview/RefNo Acquiring)): Text of object 'Object Repository/Final Object Repo/New Registration - Registration Module Pages/Third Screen - Upload Supporting Doc- Preview/RefNo Acquiring' is: 'CRN11201800122751'

2018-11-23 17:34:29 - [MESSAGE][PASSED] - Text of object 'Object Repository/Final Object Repo/New Registration - Registration Module Pages/Third Screen - Upload Supporting Doc- Preview/RefNo Acquiring' is: 'CRN11201800122751'

2018-11-23 17:34:29 - [TEST_STEP][PASSED] - delay: Delayed 2 second(s)

2018-11-23 17:34:31 - [MESSAGE][PASSED] - Delayed 2 second(s)

2018-11-23 17:34:31 - [TEST_STEP][PASSED] - callTestCase: Call Test Case 'Test Cases/Final Aug 2018 - PKS Automation/Common/Reference Number Setter' successfully

2018-11-23 17:34:31 - [TEST_CASE][PASSED] - Test Cases/Final Aug 2018 - PKS Automation/Common/Reference Number Setter: Test Cases/Final Aug 2018 - PKS Automation/Common/Reference Number Setter

2018-11-23 17:34:31 - [TEST_STEP][PASSED] - Statement - RefNoOldFile = new java.io.File(C://Users//Admin//Desktop//PKS//Automation Reference Point//KatalonReference.txt): null

2018-11-23 17:34:31 - [TEST_STEP][PASSED] - Statement - RefNoOldFile.delete(): null

2018-11-23 17:34:31 - [TEST_STEP][PASSED] - delay: Delayed 5 second(s)

2018-11-23 17:34:36 - [MESSAGE][PASSED] - Delayed 5 second(s)

2018-11-23 17:34:36 - [TEST_STEP][PASSED] - Statement - RefNo = new java.io.File(C://Users//Admin//Desktop//PKS//Automation Reference Point//KatalonReference.txt): null

2018-11-23 17:34:36 - [TEST_STEP][PASSED] - Statement - f2 = new java.io.FileWriter(RefNo, false): null

2018-11-23 17:34:36 - [TEST_STEP][PASSED] - Statement - f2.write(CaseReferenceNo): null

2018-11-23 17:34:36 - [TEST_STEP][PASSED] - Statement - f2.close(): null

2018-11-23 17:34:36 - [TEST_STEP][PASSED] - Statement - out.println("


" + CaseReferenceNo + "


"): null

2018-11-23 17:34:36 - [MESSAGE][PASSED] - Call Test Case 'Test Cases/Final Aug 2018 - PKS Automation/Common/Reference Number Setter' successfully

2018-11-23 17:34:36 - [TEST_STEP][PASSED] - waitForElementClickable: Object 'Object Repository/Final Object Repo/New Registration - Registration Module Pages/Third Screen - Upload Supporting Doc- Preview/Save n Continue in SIP Employee Listing Page' is clickable

2018-11-23 17:34:36 - [MESSAGE][PASSED] - Object 'Object Repository/Final Object Repo/New Registration - Registration Module Pages/Third Screen - Upload Supporting Doc- Preview/Save n Continue in SIP Employee Listing Page' is clickable

2018-11-23 17:34:36 - [TEST_STEP][PASSED] - click: Object: 'Object Repository/Final Object Repo/New Registration - Registration Module Pages/Third Screen - Upload Supporting Doc- Preview/Save n Continue in SIP Employee Listing Page' is clicked on

2018-11-23 17:34:42 - [MESSAGE][PASSED] - Object: 'Object Repository/Final Object Repo/New Registration - Registration Module Pages/Third Screen - Upload Supporting Doc- Preview/Save n Continue in SIP Employee Listing Page' is clicked on

2018-11-23 17:34:42 - [TEST_STEP][PASSED] - delay: Delayed 7 second(s)

2018-11-23 17:34:49 - [MESSAGE][PASSED] - Delayed 7 second(s)

2018-11-23 17:34:49 - [TEST_STEP][PASSED] - click: Object: 'Object Repository/Final Object Repo/New Registration - Registration Module Pages/Third Screen - Upload Supporting Doc- Preview/Add Document Button' is clicked on

2018-11-23 17:34:50 - [MESSAGE][PASSED] - Object: 'Object Repository/Final Object Repo/New Registration - Registration Module Pages/Third Screen - Upload Supporting Doc- Preview/Add Document Button' is clicked on

2018-11-23 17:34:50 - [TEST_STEP][PASSED] - delay: Delayed 30 second(s)

2018-11-23 17:35:20 - [MESSAGE][PASSED] - Delayed 30 second(s)

2018-11-23 17:35:20 - [TEST_STEP][PASSED] - click: Object: 'Object Repository/Final Object Repo/New Registration - Registration Module Pages/Third Screen - Upload Supporting Doc- Preview/Supporting Doc Please Select Drop Down' is clicked on

2018-11-23 17:35:20 - [MESSAGE][PASSED] - Object: 'Object Repository/Final Object Repo/New Registration - Registration Module Pages/Third Screen - Upload Supporting Doc- Preview/Supporting Doc Please Select Drop Down' is clicked on

2018-11-23 17:35:20 - [TEST_STEP][PASSED] - delay: Delayed 2 second(s)

2018-11-23 17:35:22 - [MESSAGE][PASSED] - Delayed 2 second(s)

2018-11-23 17:35:22 - [TEST_STEP][PASSED] - click: Object: 'Object Repository/Final Object Repo/New Registration - Registration Module Pages/Third Screen - Upload Supporting Doc- Preview/Select to Upload Form 1' is clicked on

2018-11-23 17:35:23 - [MESSAGE][PASSED] - Object: 'Object Repository/Final Object Repo/New Registration - Registration Module Pages/Third Screen - Upload Supporting Doc- Preview/Select to Upload Form 1' is clicked on

2018-11-23 17:35:23 - [TEST_STEP][PASSED] - delay: Delayed 2 second(s)

2018-11-23 17:35:25 - [MESSAGE][PASSED] - Delayed 2 second(s)

2018-11-23 17:35:25 - [TEST_STEP][PASSED] - uploadFile: File 'C:\Users\Public\Pictures\Sample Pictures\Koala.jpg' sent to object: 'Object Repository/Final Object Repo/New Registration - Registration Module Pages/Third Screen - Upload Supporting Doc- Preview/Upload File Adding'

2018-11-23 17:35:25 - [MESSAGE][PASSED] - File 'C:\Users\Public\Pictures\Sample Pictures\Koala.jpg' sent to object: 'Object Repository/Final Object Repo/New Registration - Registration Module Pages/Third Screen - Upload Supporting Doc- Preview/Upload File Adding'

2018-11-23 17:35:25 - [TEST_STEP][PASSED] - delay: Delayed 5 second(s)

2018-11-23 17:35:30 - [MESSAGE][PASSED] - Delayed 5 second(s)

2018-11-23 17:35:30 - [TEST_STEP][PASSED] - click: Object: 'Object Repository/Final Object Repo/New Registration - Registration Module Pages/Third Screen - Upload Supporting Doc- Preview/Inner Form Add Document Button' is clicked on

2018-11-23 17:35:35 - [MESSAGE][PASSED] - Object: 'Object Repository/Final Object Repo/New Registration - Registration Module Pages/Third Screen - Upload Supporting Doc- Preview/Inner Form Add Document Button' is clicked on

2018-11-23 17:35:35 - [TEST_STEP][PASSED] - delay: Delayed 3 second(s)

2018-11-23 17:35:38 - [MESSAGE][PASSED] - Delayed 3 second(s)

2018-11-23 17:35:38 - [TEST_STEP][PASSED] - click: Object: 'Object Repository/Final Object Repo/New Registration - Registration Module Pages/Third Screen - Upload Supporting Doc- Preview/Add Document Button' is clicked on

2018-11-23 17:35:38 - [MESSAGE][PASSED] - Object: 'Object Repository/Final Object Repo/New Registration - Registration Module Pages/Third Screen - Upload Supporting Doc- Preview/Add Document Button' is clicked on

2018-11-23 17:35:38 - [TEST_STEP][PASSED] - delay: Delayed 30 second(s)

2018-11-23 17:36:08 - [MESSAGE][PASSED] - Delayed 30 second(s)

2018-11-23 17:36:08 - [TEST_STEP][PASSED] - click: Object: 'Object Repository/Final Object Repo/New Registration - Registration Module Pages/Third Screen - Upload Supporting Doc- Preview/Supporting Doc Please Select Drop Down' is clicked on

2018-11-23 17:36:09 - [MESSAGE][PASSED] - Object: 'Object Repository/Final Object Repo/New Registration - Registration Module Pages/Third Screen - Upload Supporting Doc- Preview/Supporting Doc Please Select Drop Down' is clicked on

2018-11-23 17:36:09 - [TEST_STEP][PASSED] - delay: Delayed 2 second(s)

2018-11-23 17:36:11 - [MESSAGE][PASSED] - Delayed 2 second(s)

2018-11-23 17:36:11 - [TEST_STEP][PASSED] - click: Object: 'Object Repository/Final Object Repo/New Registration - Registration Module Pages/Third Screen - Upload Supporting Doc- Preview/Select to Upload Form 2' is clicked on

2018-11-23 17:36:11 - [MESSAGE][PASSED] - Object: 'Object Repository/Final Object Repo/New Registration - Registration Module Pages/Third Screen - Upload Supporting Doc- Preview/Select to Upload Form 2' is clicked on

2018-11-23 17:36:11 - [TEST_STEP][PASSED] - delay: Delayed 2 second(s)

2018-11-23 17:36:13 - [MESSAGE][PASSED] - Delayed 2 second(s)

2018-11-23 17:36:13 - [TEST_STEP][PASSED] - uploadFile: File 'C:\Users\Public\Pictures\Sample Pictures\Koala.jpg' sent to object: 'Object Repository/Final Object Repo/New Registration - Registration Module Pages/Third Screen - Upload Supporting Doc- Preview/Upload File Adding'

2018-11-23 17:36:14 - [MESSAGE][PASSED] - File 'C:\Users\Public\Pictures\Sample Pictures\Koala.jpg' sent to object: 'Object Repository/Final Object Repo/New Registration - Registration Module Pages/Third Screen - Upload Supporting Doc- Preview/Upload File Adding'

2018-11-23 17:36:14 - [TEST_STEP][PASSED] - click: Object: 'Object Repository/Final Object Repo/New Registration - Registration Module Pages/Third Screen - Upload Supporting Doc- Preview/Inner Form Add Document Button' is clicked on

2018-11-23 17:36:18 - [MESSAGE][PASSED] - Object: 'Object Repository/Final Object Repo/New Registration - Registration Module Pages/Third Screen - Upload Supporting Doc- Preview/Inner Form Add Document Button' is clicked on

2018-11-23 17:36:18 - [TEST_STEP][PASSED] - delay: Delayed 5 second(s)

2018-11-23 17:36:23 - [MESSAGE][PASSED] - Delayed 5 second(s)

2018-11-23 17:36:23 - [TEST_STEP][PASSED] - click: Object: 'Object Repository/Final Object Repo/New Registration - Registration Module Pages/Third Screen - Upload Supporting Doc- Preview/Add Document Button' is clicked on

2018-11-23 17:36:23 - [MESSAGE][PASSED] - Object: 'Object Repository/Final Object Repo/New Registration - Registration Module Pages/Third Screen - Upload Supporting Doc- Preview/Add Document Button' is clicked on

2018-11-23 17:36:23 - [TEST_STEP][PASSED] - delay: Delayed 30 second(s)

2018-11-23 17:36:53 - [MESSAGE][PASSED] - Delayed 30 second(s)

2018-11-23 17:36:53 - [TEST_STEP][PASSED] - click: Object: 'Object Repository/Final Object Repo/New Registration - Registration Module Pages/Third Screen - Upload Supporting Doc- Preview/Supporting Doc Please Select Drop Down' is clicked on

2018-11-23 17:36:54 - [MESSAGE][PASSED] - Object: 'Object Repository/Final Object Repo/New Registration - Registration Module Pages/Third Screen - Upload Supporting Doc- Preview/Supporting Doc Please Select Drop Down' is clicked on

2018-11-23 17:36:54 - [TEST_STEP][PASSED] - click: Object: 'Object Repository/Final Object Repo/New Registration - Registration Module Pages/Third Screen - Upload Supporting Doc- Preview/Select to Upload Borang SIP 1' is clicked on

2018-11-23 17:36:54 - [MESSAGE][PASSED] - Object: 'Object Repository/Final Object Repo/New Registration - Registration Module Pages/Third Screen - Upload Supporting Doc- Preview/Select to Upload Borang SIP 1' is clicked on

2018-11-23 17:36:54 - [TEST_STEP][PASSED] - delay: Delayed 2 second(s)

2018-11-23 17:36:56 - [MESSAGE][PASSED] - Delayed 2 second(s)

2018-11-23 17:36:56 - [TEST_STEP][PASSED] - uploadFile: File 'C:\Users\Public\Pictures\Sample Pictures\Koala.jpg' sent to object: 'Object Repository/Final Object Repo/New Registration - Registration Module Pages/Third Screen - Upload Supporting Doc- Preview/Upload File Adding'

2018-11-23 17:36:56 - [MESSAGE][PASSED] - File 'C:\Users\Public\Pictures\Sample Pictures\Koala.jpg' sent to object: 'Object Repository/Final Object Repo/New Registration - Registration Module Pages/Third Screen - Upload Supporting Doc- Preview/Upload File Adding'

2018-11-23 17:36:56 - [TEST_STEP][PASSED] - click: Object: 'Object Repository/Final Object Repo/New Registration - Registration Module Pages/Third Screen - Upload Supporting Doc- Preview/Inner Form Add Document Button' is clicked on

2018-11-23 17:37:01 - [MESSAGE][PASSED] - Object: 'Object Repository/Final Object Repo/New Registration - Registration Module Pages/Third Screen - Upload Supporting Doc- Preview/Inner Form Add Document Button' is clicked on

2018-11-23 17:37:01 - [TEST_STEP][PASSED] - delay: Delayed 5 second(s)

2018-11-23 17:37:06 - [MESSAGE][PASSED] - Delayed 5 second(s)

2018-11-23 17:37:06 - [TEST_STEP][PASSED] - click: Object: 'Object Repository/Final Object Repo/New Registration - Registration Module Pages/Third Screen - Upload Supporting Doc- Preview/Add Document Button' is clicked on

2018-11-23 17:37:07 - [MESSAGE][PASSED] - Object: 'Object Repository/Final Object Repo/New Registration - Registration Module Pages/Third Screen - Upload Supporting Doc- Preview/Add Document Button' is clicked on

2018-11-23 17:37:07 - [TEST_STEP][PASSED] - delay: Delayed 30 second(s)

2018-11-23 17:37:37 - [MESSAGE][PASSED] - Delayed 30 second(s)

2018-11-23 17:37:37 - [TEST_STEP][PASSED] - click: Object: 'Object Repository/Final Object Repo/New Registration - Registration Module Pages/Third Screen - Upload Supporting Doc- Preview/Supporting Doc Please Select Drop Down' is clicked on

2018-11-23 17:37:37 - [MESSAGE][PASSED] - Object: 'Object Repository/Final Object Repo/New Registration - Registration Module Pages/Third Screen - Upload Supporting Doc- Preview/Supporting Doc Please Select Drop Down' is clicked on

2018-11-23 17:37:37 - [TEST_STEP][PASSED] - delay: Delayed 3 second(s)

2018-11-23 17:37:40 - [MESSAGE][PASSED] - Delayed 3 second(s)

2018-11-23 17:37:40 - [TEST_STEP][PASSED] - click: Object: 'Object Repository/Final Object Repo/New Registration - Registration Module Pages/Third Screen - Upload Supporting Doc- Preview/Select to Upload Borang SIP 2' is clicked on

2018-11-23 17:37:41 - [MESSAGE][PASSED] - Object: 'Object Repository/Final Object Repo/New Registration - Registration Module Pages/Third Screen - Upload Supporting Doc- Preview/Select to Upload Borang SIP 2' is clicked on

2018-11-23 17:37:41 - [TEST_STEP][PASSED] - delay: Delayed 2 second(s)

2018-11-23 17:37:43 - [MESSAGE][PASSED] - Delayed 2 second(s)

2018-11-23 17:37:43 - [TEST_STEP][PASSED] - uploadFile: File 'C:\Users\Public\Pictures\Sample Pictures\Koala.jpg' sent to object: 'Object Repository/Final Object Repo/New Registration - Registration Module Pages/Third Screen - Upload Supporting Doc- Preview/Upload File Adding'

2018-11-23 17:37:43 - [MESSAGE][PASSED] - File 'C:\Users\Public\Pictures\Sample Pictures\Koala.jpg' sent to object: 'Object Repository/Final Object Repo/New Registration - Registration Module Pages/Third Screen - Upload Supporting Doc- Preview/Upload File Adding'

2018-11-23 17:37:43 - [TEST_STEP][PASSED] - delay: Delayed 5 second(s)

2018-11-23 17:37:48 - [MESSAGE][PASSED] - Delayed 5 second(s)

2018-11-23 17:37:48 - [TEST_STEP][PASSED] - click: Object: 'Object Repository/Final Object Repo/New Registration - Registration Module Pages/Third Screen - Upload Supporting Doc- Preview/Inner Form Add Document Button' is clicked on

2018-11-23 17:37:52 - [MESSAGE][PASSED] - Object: 'Object Repository/Final Object Repo/New Registration - Registration Module Pages/Third Screen - Upload Supporting Doc- Preview/Inner Form Add Document Button' is clicked on

2018-11-23 17:37:52 - [TEST_STEP][PASSED] - delay: Delayed 3 second(s)

2018-11-23 17:37:55 - [MESSAGE][PASSED] - Delayed 3 second(s)

2018-11-23 17:37:55 - [TEST_STEP][PASSED] - waitForElementClickable: Object 'Object Repository/Final Object Repo/New Registration - Registration Module Pages/Third Screen - Upload Supporting Doc- Preview/Save n Continue in Uploading Supporting Doc Page' is clickable

2018-11-23 17:37:55 - [MESSAGE][PASSED] - Object 'Object Repository/Final Object Repo/New Registration - Registration Module Pages/Third Screen - Upload Supporting Doc- Preview/Save n Continue in Uploading Supporting Doc Page' is clickable

2018-11-23 17:37:55 - [TEST_STEP][PASSED] - click: Object: 'Object Repository/Final Object Repo/New Registration - Registration Module Pages/Third Screen - Upload Supporting Doc- Preview/Save n Continue in Uploading Supporting Doc Page' is clicked on

2018-11-23 17:38:00 - [MESSAGE][PASSED] - Object: 'Object Repository/Final Object Repo/New Registration - Registration Module Pages/Third Screen - Upload Supporting Doc- Preview/Save n Continue in Uploading Supporting Doc Page' is clicked on

2018-11-23 17:38:00 - [MESSAGE][PASSED] - Call Test Case 'Test Cases/Final Aug 2018 - PKS Automation/Registration Module/New Registration/Flow of New Registration/Third Screen - Upload Supporting Doc - Preview' successfully

2018-11-23 17:38:00 - [TEST_STEP][PASSED] - setText: Text 'Tester' is set on object 'Object Repository/Final Object Repo/New Registration - Registration Module Pages/New Reg - OTC to RO/Special Case - All Related Objects/Employer Preview Name'

2018-11-23 17:38:00 - [MESSAGE][PASSED] - Text 'Tester' is set on object 'Object Repository/Final Object Repo/New Registration - Registration Module Pages/New Reg - OTC to RO/Special Case - All Related Objects/Employer Preview Name'

2018-11-23 17:38:00 - [TEST_STEP][PASSED] - click: Object: 'Object Repository/Final Object Repo/New Registration - Registration Module Pages/New Reg - OTC to RO/Special Case - All Related Objects/IC Type Drop Down' is clicked on

2018-11-23 17:38:01 - [MESSAGE][PASSED] - Object: 'Object Repository/Final Object Repo/New Registration - Registration Module Pages/New Reg - OTC to RO/Special Case - All Related Objects/IC Type Drop Down' is clicked on

2018-11-23 17:38:01 - [TEST_STEP][PASSED] - click: Object: 'Object Repository/Final Object Repo/New Registration - Registration Module Pages/New Reg - OTC to RO/Special Case - All Related Objects/Select to NRIC' is clicked on

2018-11-23 17:38:01 - [MESSAGE][PASSED] - Object: 'Object Repository/Final Object Repo/New Registration - Registration Module Pages/New Reg - OTC to RO/Special Case - All Related Objects/Select to NRIC' is clicked on

2018-11-23 17:38:01 - [TEST_STEP][PASSED] - setText: Text '133245561223' is set on object 'Object Repository/Final Object Repo/New Registration - Registration Module Pages/New Reg - OTC to RO/Special Case - All Related Objects/IC Value'

2018-11-23 17:38:01 - [MESSAGE][PASSED] - Text '133245561223' is set on object 'Object Repository/Final Object Repo/New Registration - Registration Module Pages/New Reg - OTC to RO/Special Case - All Related Objects/IC Value'

2018-11-23 17:38:01 - [TEST_STEP][PASSED] - setText: Text 'Auto' is set on object 'Object Repository/Final Object Repo/New Registration - Registration Module Pages/New Reg - OTC to RO/Special Case - All Related Objects/Designation'

2018-11-23 17:38:02 - [MESSAGE][PASSED] - Text 'Auto' is set on object 'Object Repository/Final Object Repo/New Registration - Registration Module Pages/New Reg - OTC to RO/Special Case - All Related Objects/Designation'

2018-11-23 17:38:02 - [TEST_STEP][PASSED] - callTestCase: Call Test Case 'Test Cases/Final Aug 2018 - PKS Automation/Registration Module/New Registration/Submit and Screenshot/Submit Registration and Screenshot - Copy' successfully

2018-11-23 17:38:02 - [TEST_CASE][PASSED] - Test Cases/Final Aug 2018 - PKS Automation/Registration Module/New Registration/Submit and Screenshot/Submit Registration and Screenshot - Copy: Test Cases/Final Aug 2018 - PKS Automation/Registration Module/New Registration/Submit and Screenshot/Submit Registration and Screenshot - Copy

2018-11-23 17:38:02 - [TEST_STEP][PASSED] - delay: Delayed 6 second(s)

2018-11-23 17:38:08 - [MESSAGE][PASSED] - Delayed 6 second(s)

2018-11-23 17:38:08 - [TEST_STEP][PASSED] - click: Object: 'Object Repository/Final Object Repo/New Registration - Registration Module Pages/Third Screen - Upload Supporting Doc- Preview/Preview Submit Button' is clicked on

2018-11-23 17:38:08 - [MESSAGE][PASSED] - Object: 'Object Repository/Final Object Repo/New Registration - Registration Module Pages/Third Screen - Upload Supporting Doc- Preview/Preview Submit Button' is clicked on

2018-11-23 17:38:08 - [TEST_STEP][PASSED] - delay: Delayed 2 second(s)

2018-11-23 17:38:10 - [MESSAGE][PASSED] - Delayed 2 second(s)

2018-11-23 17:38:10 - [TEST_STEP][PASSED] - click: Object: 'Object Repository/Final Object Repo/New Registration - Registration Module Pages/Third Screen - Upload Supporting Doc- Preview/Preview Submit - Confirm' is clicked on

2018-11-23 17:38:15 - [MESSAGE][PASSED] - Object: 'Object Repository/Final Object Repo/New Registration - Registration Module Pages/Third Screen - Upload Supporting Doc- Preview/Preview Submit - Confirm' is clicked on

2018-11-23 17:38:15 - [TEST_STEP][PASSED] - delay: Delayed 15 second(s)

2018-11-23 17:38:30 - [MESSAGE][PASSED] - Delayed 15 second(s)

2018-11-23 17:38:30 - [TEST_STEP][PASSED] - Statement - driver = com.kms.katalon.core.webui.driver.DriverFactory.getWebDriver(): null

2018-11-23 17:38:30 - [TEST_STEP][PASSED] - Statement - driver.manage().timeouts().implicitlyWait(10, SECONDS): null

2018-11-23 17:38:30 - [TEST_STEP][PASSED] - Statement - PresavePath = KatalonScreenshots: null

2018-11-23 17:38:30 - [TEST_STEP][PASSED] - Statement - pathPrefix = "C:\Users\Public\Pictures\Sample Pictures\Katalon Screenshots\Automate Ending Screen": null

2018-11-23 17:38:30 - [TEST_STEP][PASSED] - Statement - finalPath = <not implemented yet for class: org.codehaus.groovy.ast.expr.EmptyExpression>: null

2018-11-23 17:38:30 - [TEST_STEP][PASSED] - Statement - scrFile = driver.getScreenshotAs(FILE): null

2018-11-23 17:38:31 - [TEST_STEP][PASSED] - Statement - PreSaveFile = new java.io.File(PresavePath): null

2018-11-23 17:38:31 - [TEST_STEP][PASSED] - Statement - counter = 0: null

2018-11-23 17:38:31 - [TEST_STEP][PASSED] - Statement - If (PreSaveFile.exists()): null

2018-11-23 17:38:31 - [TEST_STEP][PASSED] - Statement - While (PreSaveFile.exists()): null

2018-11-23 17:38:31 - [TEST_STEP][PASSED] - Statement - counter = counter + 1: null

2018-11-23 17:38:31 - [TEST_STEP][PASSED] - Statement - PreSaveFile = new java.io.File(((pathPrefix + java.lang.Integer.toString(counter)) + .png)): null

2018-11-23 17:38:31 - [TEST_STEP][PASSED] - Statement - counter = counter + 1: null

2018-11-23 17:38:31 - [TEST_STEP][PASSED] - Statement - PreSaveFile = new java.io.File(((pathPrefix + java.lang.Integer.toString(counter)) + .png)): null

2018-11-23 17:38:31 - [TEST_STEP][PASSED] - Statement - counter = counter + 1: null

2018-11-23 17:38:31 - [TEST_STEP][PASSED] - Statement - PreSaveFile = new java.io.File(((pathPrefix + java.lang.Integer.toString(counter)) + .png)): null

2018-11-23 17:38:31 - [TEST_STEP][PASSED] - Statement - counter = counter + 1: null

2018-11-23 17:38:31 - [TEST_STEP][PASSED] - Statement - PreSaveFile = new java.io.File(((pathPrefix + java.lang.Integer.toString(counter)) + .png)): null

2018-11-23 17:38:31 - [TEST_STEP][PASSED] - Statement - counter = counter + 1: null

2018-11-23 17:38:31 - [TEST_STEP][PASSED] - Statement - PreSaveFile = new java.io.File(((pathPrefix + java.lang.Integer.toString(counter)) + .png)): null

2018-11-23 17:38:31 - [TEST_STEP][PASSED] - Statement - counter = counter + 1: null

2018-11-23 17:38:31 - [TEST_STEP][PASSED] - Statement - PreSaveFile = new java.io.File(((pathPrefix + java.lang.Integer.toString(counter)) + .png)): null

2018-11-23 17:38:31 - [TEST_STEP][PASSED] - Statement - counter = counter + 1: null

2018-11-23 17:38:31 - [TEST_STEP][PASSED] - Statement - PreSaveFile = new java.io.File(((pathPrefix + java.lang.Integer.toString(counter)) + .png)): null

2018-11-23 17:38:31 - [TEST_STEP][PASSED] - Statement - counter = counter + 1: null

2018-11-23 17:38:31 - [TEST_STEP][PASSED] - Statement - PreSaveFile = new java.io.File(((pathPrefix + java.lang.Integer.toString(counter)) + .png)): null

2018-11-23 17:38:31 - [TEST_STEP][PASSED] - Statement - counter = counter + 1: null

2018-11-23 17:38:31 - [TEST_STEP][PASSED] - Statement - PreSaveFile = new java.io.File(((pathPrefix + java.lang.Integer.toString(counter)) + .png)): null

2018-11-23 17:38:31 - [TEST_STEP][PASSED] - Statement - counter = counter + 1: null

2018-11-23 17:38:31 - [TEST_STEP][PASSED] - Statement - PreSaveFile = new java.io.File(((pathPrefix + java.lang.Integer.toString(counter)) + .png)): null

2018-11-23 17:38:31 - [TEST_STEP][PASSED] - Statement - counter = counter + 1: null

2018-11-23 17:38:31 - [TEST_STEP][PASSED] - Statement - PreSaveFile = new java.io.File(((pathPrefix + java.lang.Integer.toString(counter)) + .png)): null

2018-11-23 17:38:31 - [TEST_STEP][PASSED] - Statement - counter = counter + 1: null

2018-11-23 17:38:31 - [TEST_STEP][PASSED] - Statement - PreSaveFile = new java.io.File(((pathPrefix + java.lang.Integer.toString(counter)) + .png)): null

2018-11-23 17:38:31 - [TEST_STEP][PASSED] - Statement - counter = counter + 1: null

2018-11-23 17:38:31 - [TEST_STEP][PASSED] - Statement - PreSaveFile = new java.io.File(((pathPrefix + java.lang.Integer.toString(counter)) + .png)): null

2018-11-23 17:38:31 - [TEST_STEP][PASSED] - Statement - counter = counter + 1: null

2018-11-23 17:38:31 - [TEST_STEP][PASSED] - Statement - PreSaveFile = new java.io.File(((pathPrefix + java.lang.Integer.toString(counter)) + .png)): null

2018-11-23 17:38:31 - [TEST_STEP][PASSED] - Statement - counter = counter + 1: null

2018-11-23 17:38:31 - [TEST_STEP][PASSED] - Statement - PreSaveFile = new java.io.File(((pathPrefix + java.lang.Integer.toString(counter)) + .png)): null

2018-11-23 17:38:31 - [TEST_STEP][PASSED] - Statement - counter = counter + 1: null

2018-11-23 17:38:31 - [TEST_STEP][PASSED] - Statement - PreSaveFile = new java.io.File(((pathPrefix + java.lang.Integer.toString(counter)) + .png)): null

2018-11-23 17:38:31 - [TEST_STEP][PASSED] - Statement - counter = counter + 1: null

2018-11-23 17:38:31 - [TEST_STEP][PASSED] - Statement - PreSaveFile = new java.io.File(((pathPrefix + java.lang.Integer.toString(counter)) + .png)): null

2018-11-23 17:38:31 - [TEST_STEP][PASSED] - Statement - counter = counter + 1: null

2018-11-23 17:38:31 - [TEST_STEP][PASSED] - Statement - PreSaveFile = new java.io.File(((pathPrefix + java.lang.Integer.toString(counter)) + .png)): null

2018-11-23 17:38:32 - [TEST_STEP][PASSED] - Statement - counter = counter + 1: null

2018-11-23 17:38:32 - [TEST_STEP][PASSED] - Statement - PreSaveFile = new java.io.File(((pathPrefix + java.lang.Integer.toString(counter)) + .png)): null

2018-11-23 17:38:32 - [TEST_STEP][PASSED] - Statement - counter = counter + 1: null

2018-11-23 17:38:32 - [TEST_STEP][PASSED] - Statement - PreSaveFile = new java.io.File(((pathPrefix + java.lang.Integer.toString(counter)) + .png)): null

2018-11-23 17:38:32 - [TEST_STEP][PASSED] - Statement - counter = counter + 1: null

2018-11-23 17:38:32 - [TEST_STEP][PASSED] - Statement - PreSaveFile = new java.io.File(((pathPrefix + java.lang.Integer.toString(counter)) + .png)): null

2018-11-23 17:38:32 - [TEST_STEP][PASSED] - Statement - counter = counter + 1: null

2018-11-23 17:38:32 - [TEST_STEP][PASSED] - Statement - PreSaveFile = new java.io.File(((pathPrefix + java.lang.Integer.toString(counter)) + .png)): null

2018-11-23 17:38:32 - [TEST_STEP][PASSED] - Statement - counter = counter + 1: null

2018-11-23 17:38:32 - [TEST_STEP][PASSED] - Statement - PreSaveFile = new java.io.File(((pathPrefix + java.lang.Integer.toString(counter)) + .png)): null

2018-11-23 17:38:32 - [TEST_STEP][PASSED] - Statement - counter = counter + 1: null

2018-11-23 17:38:32 - [TEST_STEP][PASSED] - Statement - PreSaveFile = new java.io.File(((pathPrefix + java.lang.Integer.toString(counter)) + .png)): null

2018-11-23 17:38:32 - [TEST_STEP][PASSED] - Statement - counter = counter + 1: null

2018-11-23 17:38:32 - [TEST_STEP][PASSED] - Statement - PreSaveFile = new java.io.File(((pathPrefix + java.lang.Integer.toString(counter)) + .png)): null

2018-11-23 17:38:32 - [TEST_STEP][PASSED] - Statement - counter = counter + 1: null

2018-11-23 17:38:32 - [TEST_STEP][PASSED] - Statement - PreSaveFile = new java.io.File(((pathPrefix + java.lang.Integer.toString(counter)) + .png)): null

2018-11-23 17:38:32 - [TEST_STEP][PASSED] - Statement - counter = counter + 1: null

2018-11-23 17:38:32 - [TEST_STEP][PASSED] - Statement - PreSaveFile = new java.io.File(((pathPrefix + java.lang.Integer.toString(counter)) + .png)): null

2018-11-23 17:38:32 - [TEST_STEP][PASSED] - Statement - counter = counter + 1: null

2018-11-23 17:38:32 - [TEST_STEP][PASSED] - Statement - PreSaveFile = new java.io.File(((pathPrefix + java.lang.Integer.toString(counter)) + .png)): null

2018-11-23 17:38:33 - [TEST_STEP][PASSED] - Statement - counter = counter + 1: null

2018-11-23 17:38:33 - [TEST_STEP][PASSED] - Statement - PreSaveFile = new java.io.File(((pathPrefix + java.lang.Integer.toString(counter)) + .png)): null

2018-11-23 17:38:33 - [TEST_STEP][PASSED] - Statement - counter = counter + 1: null

2018-11-23 17:38:33 - [TEST_STEP][PASSED] - Statement - PreSaveFile = new java.io.File(((pathPrefix + java.lang.Integer.toString(counter)) + .png)): null

2018-11-23 17:38:33 - [TEST_STEP][PASSED] - Statement - counter = counter + 1: null

2018-11-23 17:38:33 - [TEST_STEP][PASSED] - Statement - PreSaveFile = new java.io.File(((pathPrefix + java.lang.Integer.toString(counter)) + .png)): null

2018-11-23 17:38:33 - [TEST_STEP][PASSED] - Statement - counter = counter + 1: null

2018-11-23 17:38:33 - [TEST_STEP][PASSED] - Statement - PreSaveFile = new java.io.File(((pathPrefix + java.lang.Integer.toString(counter)) + .png)): null

2018-11-23 17:38:33 - [TEST_STEP][PASSED] - Statement - counter = counter + 1: null

2018-11-23 17:38:33 - [TEST_STEP][PASSED] - Statement - PreSaveFile = new java.io.File(((pathPrefix + java.lang.Integer.toString(counter)) + .png)): null

2018-11-23 17:38:33 - [TEST_STEP][PASSED] - Statement - counter = counter + 1: null

2018-11-23 17:38:33 - [TEST_STEP][PASSED] - Statement - PreSaveFile = new java.io.File(((pathPrefix + java.lang.Integer.toString(counter)) + .png)): null

2018-11-23 17:38:33 - [TEST_STEP][PASSED] - Statement - counter = counter + 1: null

2018-11-23 17:38:33 - [TEST_STEP][PASSED] - Statement - PreSaveFile = new java.io.File(((pathPrefix + java.lang.Integer.toString(counter)) + .png)): null

2018-11-23 17:38:33 - [TEST_STEP][PASSED] - Statement - counter = counter + 1: null

2018-11-23 17:38:33 - [TEST_STEP][PASSED] - Statement - PreSaveFile = new java.io.File(((pathPrefix + java.lang.Integer.toString(counter)) + .png)): null

2018-11-23 17:38:33 - [TEST_STEP][PASSED] - Statement - counter = counter + 1: null

2018-11-23 17:38:33 - [TEST_STEP][PASSED] - Statement - PreSaveFile = new java.io.File(((pathPrefix + java.lang.Integer.toString(counter)) + .png)): null

2018-11-23 17:38:33 - [TEST_STEP][PASSED] - Statement - counter = counter + 1: null

2018-11-23 17:38:33 - [TEST_STEP][PASSED] - Statement - PreSaveFile = new java.io.File(((pathPrefix + java.lang.Integer.toString(counter)) + .png)): null

2018-11-23 17:38:33 - [TEST_STEP][PASSED] - Statement - counter = counter + 1: null

2018-11-23 17:38:33 - [TEST_STEP][PASSED] - Statement - PreSaveFile = new java.io.File(((pathPrefix + java.lang.Integer.toString(counter)) + .png)): null

2018-11-23 17:38:33 - [TEST_STEP][PASSED] - Statement - counter = counter + 1: null

2018-11-23 17:38:33 - [TEST_STEP][PASSED] - Statement - PreSaveFile = new java.io.File(((pathPrefix + java.lang.Integer.toString(counter)) + .png)): null

2018-11-23 17:38:33 - [TEST_STEP][PASSED] - Statement - counter = counter + 1: null

2018-11-23 17:38:33 - [TEST_STEP][PASSED] - Statement - PreSaveFile = new java.io.File(((pathPrefix + java.lang.Integer.toString(counter)) + .png)): null

2018-11-23 17:38:33 - [TEST_STEP][PASSED] - Statement - counter = counter + 1: null

2018-11-23 17:38:33 - [TEST_STEP][PASSED] - Statement - PreSaveFile = new java.io.File(((pathPrefix + java.lang.Integer.toString(counter)) + .png)): null

2018-11-23 17:38:34 - [TEST_STEP][PASSED] - Statement - counter = counter + 1: null

2018-11-23 17:38:34 - [TEST_STEP][PASSED] - Statement - PreSaveFile = new java.io.File(((pathPrefix + java.lang.Integer.toString(counter)) + .png)): null

2018-11-23 17:38:34 - [TEST_STEP][PASSED] - Statement - counter = counter + 1: null

2018-11-23 17:38:34 - [TEST_STEP][PASSED] - Statement - PreSaveFile = new java.io.File(((pathPrefix + java.lang.Integer.toString(counter)) + .png)): null

2018-11-23 17:38:34 - [TEST_STEP][PASSED] - Statement - counter = counter + 1: null

2018-11-23 17:38:34 - [TEST_STEP][PASSED] - Statement - PreSaveFile = new java.io.File(((pathPrefix + java.lang.Integer.toString(counter)) + .png)): null

2018-11-23 17:38:34 - [TEST_STEP][PASSED] - Statement - counter = counter + 1: null

2018-11-23 17:38:34 - [TEST_STEP][PASSED] - Statement - PreSaveFile = new java.io.File(((pathPrefix + java.lang.Integer.toString(counter)) + .png)): null

2018-11-23 17:38:34 - [TEST_STEP][PASSED] - Statement - counter = counter + 1: null

2018-11-23 17:38:34 - [TEST_STEP][PASSED] - Statement - PreSaveFile = new java.io.File(((pathPrefix + java.lang.Integer.toString(counter)) + .png)): null

2018-11-23 17:38:35 - [TEST_STEP][PASSED] - Statement - counter = counter + 1: null

2018-11-23 17:38:35 - [TEST_STEP][PASSED] - Statement - PreSaveFile = new java.io.File(((pathPrefix + java.lang.Integer.toString(counter)) + .png)): null

2018-11-23 17:38:35 - [TEST_STEP][PASSED] - Statement - counter = counter + 1: null

2018-11-23 17:38:35 - [TEST_STEP][PASSED] - Statement - PreSaveFile = new java.io.File(((pathPrefix + java.lang.Integer.toString(counter)) + .png)): null

2018-11-23 17:38:35 - [TEST_STEP][PASSED] - Statement - counter = counter + 1: null

2018-11-23 17:38:35 - [TEST_STEP][PASSED] - Statement - PreSaveFile = new java.io.File(((pathPrefix + java.lang.Integer.toString(counter)) + .png)): null

2018-11-23 17:38:35 - [TEST_STEP][PASSED] - Statement - counter = counter + 1: null

2018-11-23 17:38:35 - [TEST_STEP][PASSED] - Statement - PreSaveFile = new java.io.File(((pathPrefix + java.lang.Integer.toString(counter)) + .png)): null

2018-11-23 17:38:35 - [TEST_STEP][PASSED] - Statement - counter = counter + 1: null

2018-11-23 17:38:36 - [TEST_STEP][PASSED] - Statement - PreSaveFile = new java.io.File(((pathPrefix + java.lang.Integer.toString(counter)) + .png)): null

2018-11-23 17:38:36 - [TEST_STEP][PASSED] - Statement - counter = counter + 1: null

2018-11-23 17:38:36 - [TEST_STEP][PASSED] - Statement - PreSaveFile = new java.io.File(((pathPrefix + java.lang.Integer.toString(counter)) + .png)): null

2018-11-23 17:38:36 - [TEST_STEP][PASSED] - Statement - counter = counter + 1: null

2018-11-23 17:38:36 - [TEST_STEP][PASSED] - Statement - PreSaveFile = new java.io.File(((pathPrefix + java.lang.Integer.toString(counter)) + .png)): null

2018-11-23 17:38:36 - [TEST_STEP][PASSED] - Statement - counter = counter + 1: null

2018-11-23 17:38:36 - [TEST_STEP][PASSED] - Statement - PreSaveFile = new java.io.File(((pathPrefix + java.lang.Integer.toString(counter)) + .png)): null

2018-11-23 17:38:36 - [TEST_STEP][PASSED] - Statement - counter = counter + 1: null

2018-11-23 17:38:36 - [TEST_STEP][PASSED] - Statement - PreSaveFile = new java.io.File(((pathPrefix + java.lang.Integer.toString(counter)) + .png)): null

2018-11-23 17:38:36 - [TEST_STEP][PASSED] - Statement - counter = counter + 1: null

2018-11-23 17:38:36 - [TEST_STEP][PASSED] - Statement - PreSaveFile = new java.io.File(((pathPrefix + java.lang.Integer.toString(counter)) + .png)): null

2018-11-23 17:38:36 - [TEST_STEP][PASSED] - Statement - counter = counter + 1: null

2018-11-23 17:38:36 - [TEST_STEP][PASSED] - Statement - PreSaveFile = new java.io.File(((pathPrefix + java.lang.Integer.toString(counter)) + .png)): null

2018-11-23 17:38:36 - [TEST_STEP][PASSED] - Statement - counter = counter + 1: null

2018-11-23 17:38:36 - [TEST_STEP][PASSED] - Statement - PreSaveFile = new java.io.File(((pathPrefix + java.lang.Integer.toString(counter)) + .png)): null

2018-11-23 17:38:36 - [TEST_STEP][PASSED] - Statement - counter = counter + 1: null

2018-11-23 17:38:36 - [TEST_STEP][PASSED] - Statement - PreSaveFile = new java.io.File(((pathPrefix + java.lang.Integer.toString(counter)) + .png)): null

2018-11-23 17:38:36 - [TEST_STEP][PASSED] - Statement - counter = counter + 1: null

2018-11-23 17:38:36 - [TEST_STEP][PASSED] - Statement - PreSaveFile = new java.io.File(((pathPrefix + java.lang.Integer.toString(counter)) + .png)): null

2018-11-23 17:38:37 - [TEST_STEP][PASSED] - Statement - counter = counter + 1: null

2018-11-23 17:38:37 - [TEST_STEP][PASSED] - Statement - PreSaveFile = new java.io.File(((pathPrefix + java.lang.Integer.toString(counter)) + .png)): null

2018-11-23 17:38:37 - [TEST_STEP][PASSED] - Statement - counter = counter + 1: null

2018-11-23 17:38:37 - [TEST_STEP][PASSED] - Statement - PreSaveFile = new java.io.File(((pathPrefix + java.lang.Integer.toString(counter)) + .png)): null

2018-11-23 17:38:37 - [TEST_STEP][PASSED] - Statement - counter = counter + 1: null

2018-11-23 17:38:37 - [TEST_STEP][PASSED] - Statement - PreSaveFile = new java.io.File(((pathPrefix + java.lang.Integer.toString(counter)) + .png)): null

2018-11-23 17:38:37 - [TEST_STEP][PASSED] - Statement - counter = counter + 1: null

2018-11-23 17:38:37 - [TEST_STEP][PASSED] - Statement - PreSaveFile = new java.io.File(((pathPrefix + java.lang.Integer.toString(counter)) + .png)): null

2018-11-23 17:38:37 - [TEST_STEP][PASSED] - Statement - counter = counter + 1: null

2018-11-23 17:38:37 - [TEST_STEP][PASSED] - Statement - PreSaveFile = new java.io.File(((pathPrefix + java.lang.Integer.toString(counter)) + .png)): null

2018-11-23 17:38:38 - [TEST_STEP][PASSED] - Statement - counter = counter + 1: null

2018-11-23 17:38:38 - [TEST_STEP][PASSED] - Statement - PreSaveFile = new java.io.File(((pathPrefix + java.lang.Integer.toString(counter)) + .png)): null

2018-11-23 17:38:38 - [TEST_STEP][PASSED] - Statement - counter = counter + 1: null

2018-11-23 17:38:38 - [TEST_STEP][PASSED] - Statement - PreSaveFile = new java.io.File(((pathPrefix + java.lang.Integer.toString(counter)) + .png)): null

2018-11-23 17:38:38 - [TEST_STEP][PASSED] - Statement - counter = counter + 1: null

2018-11-23 17:38:38 - [TEST_STEP][PASSED] - Statement - PreSaveFile = new java.io.File(((pathPrefix + java.lang.Integer.toString(counter)) + .png)): null

2018-11-23 17:38:38 - [TEST_STEP][PASSED] - Statement - counter = counter + 1: null

2018-11-23 17:38:38 - [TEST_STEP][PASSED] - Statement - PreSaveFile = new java.io.File(((pathPrefix + java.lang.Integer.toString(counter)) + .png)): null

2018-11-23 17:38:38 - [TEST_STEP][PASSED] - Statement - counter = counter + 1: null

2018-11-23 17:38:39 - [TEST_STEP][PASSED] - Statement - PreSaveFile = new java.io.File(((pathPrefix + java.lang.Integer.toString(counter)) + .png)): null

2018-11-23 17:38:39 - [TEST_STEP][PASSED] - Statement - counter = counter + 1: null

2018-11-23 17:38:39 - [TEST_STEP][PASSED] - Statement - PreSaveFile = new java.io.File(((pathPrefix + java.lang.Integer.toString(counter)) + .png)): null

2018-11-23 17:38:39 - [TEST_STEP][PASSED] - Statement - counter = counter + 1: null

2018-11-23 17:38:39 - [TEST_STEP][PASSED] - Statement - PreSaveFile = new java.io.File(((pathPrefix + java.lang.Integer.toString(counter)) + .png)): null

2018-11-23 17:38:39 - [TEST_STEP][PASSED] - Statement - counter = counter + 1: null

2018-11-23 17:38:39 - [TEST_STEP][PASSED] - Statement - PreSaveFile = new java.io.File(((pathPrefix + java.lang.Integer.toString(counter)) + .png)): null

2018-11-23 17:38:39 - [TEST_STEP][PASSED] - Statement - counter = counter + 1: null

2018-11-23 17:38:39 - [TEST_STEP][PASSED] - Statement - PreSaveFile = new java.io.File(((pathPrefix + java.lang.Integer.toString(counter)) + .png)): null

2018-11-23 17:38:39 - [TEST_STEP][PASSED] - Statement - counter = counter + 1: null

2018-11-23 17:38:40 - [TEST_STEP][PASSED] - Statement - PreSaveFile = new java.io.File(((pathPrefix + java.lang.Integer.toString(counter)) + .png)): null

2018-11-23 17:38:40 - [TEST_STEP][PASSED] - Statement - counter = counter + 1: null

2018-11-23 17:38:40 - [TEST_STEP][PASSED] - Statement - PreSaveFile = new java.io.File(((pathPrefix + java.lang.Integer.toString(counter)) + .png)): null

2018-11-23 17:38:40 - [TEST_STEP][PASSED] - Statement - counter = counter + 1: null

2018-11-23 17:38:40 - [TEST_STEP][PASSED] - Statement - PreSaveFile = new java.io.File(((pathPrefix + java.lang.Integer.toString(counter)) + .png)): null

2018-11-23 17:38:40 - [TEST_STEP][PASSED] - Statement - counter = counter + 1: null

2018-11-23 17:38:40 - [TEST_STEP][PASSED] - Statement - PreSaveFile = new java.io.File(((pathPrefix + java.lang.Integer.toString(counter)) + .png)): null

2018-11-23 17:38:40 - [TEST_STEP][PASSED] - Statement - counter = counter + 1: null

2018-11-23 17:38:40 - [TEST_STEP][PASSED] - Statement - PreSaveFile = new java.io.File(((pathPrefix + java.lang.Integer.toString(counter)) + .png)): null

2018-11-23 17:38:40 - [TEST_STEP][PASSED] - Statement - counter = counter + 1: null

2018-11-23 17:38:40 - [TEST_STEP][PASSED] - Statement - PreSaveFile = new java.io.File(((pathPrefix + java.lang.Integer.toString(counter)) + .png)): null

2018-11-23 17:38:40 - [TEST_STEP][PASSED] - Statement - counter = counter + 1: null

2018-11-23 17:38:40 - [TEST_STEP][PASSED] - Statement - PreSaveFile = new java.io.File(((pathPrefix + java.lang.Integer.toString(counter)) + .png)): null

2018-11-23 17:38:40 - [TEST_STEP][PASSED] - Statement - counter = counter + 1: null

2018-11-23 17:38:40 - [TEST_STEP][PASSED] - Statement - PreSaveFile = new java.io.File(((pathPrefix + java.lang.Integer.toString(counter)) + .png)): null

2018-11-23 17:38:40 - [TEST_STEP][PASSED] - Statement - counter = counter + 1: null

2018-11-23 17:38:40 - [TEST_STEP][PASSED] - Statement - PreSaveFile = new java.io.File(((pathPrefix + java.lang.Integer.toString(counter)) + .png)): null

2018-11-23 17:38:40 - [TEST_STEP][PASSED] - Statement - counter = counter + 1: null

2018-11-23 17:38:40 - [TEST_STEP][PASSED] - Statement - PreSaveFile = new java.io.File(((pathPrefix + java.lang.Integer.toString(counter)) + .png)): null

2018-11-23 17:38:41 - [TEST_STEP][PASSED] - Statement - counter = counter + 1: null

2018-11-23 17:38:41 - [TEST_STEP][PASSED] - Statement - PreSaveFile = new java.io.File(((pathPrefix + java.lang.Integer.toString(counter)) + .png)): null

2018-11-23 17:38:41 - [TEST_STEP][PASSED] - Statement - counter = counter + 1: null

2018-11-23 17:38:41 - [TEST_STEP][PASSED] - Statement - PreSaveFile = new java.io.File(((pathPrefix + java.lang.Integer.toString(counter)) + .png)): null

2018-11-23 17:38:41 - [TEST_STEP][PASSED] - Statement - counter = counter + 1: null

2018-11-23 17:38:41 - [TEST_STEP][PASSED] - Statement - PreSaveFile = new java.io.File(((pathPrefix + java.lang.Integer.toString(counter)) + .png)): null

2018-11-23 17:38:41 - [TEST_STEP][PASSED] - Statement - counter = counter + 1: null

2018-11-23 17:38:41 - [TEST_STEP][PASSED] - Statement - PreSaveFile = new java.io.File(((pathPrefix + java.lang.Integer.toString(counter)) + .png)): null

2018-11-23 17:38:41 - [TEST_STEP][PASSED] - Statement - counter = counter + 1: null

2018-11-23 17:38:42 - [TEST_STEP][PASSED] - Statement - PreSaveFile = new java.io.File(((pathPrefix + java.lang.Integer.toString(counter)) + .png)): null

2018-11-23 17:38:42 - [TEST_STEP][PASSED] - Statement - counter = counter + 1: null

2018-11-23 17:38:42 - [TEST_STEP][PASSED] - Statement - PreSaveFile = new java.io.File(((pathPrefix + java.lang.Integer.toString(counter)) + .png)): null

2018-11-23 17:38:42 - [TEST_STEP][PASSED] - Statement - counter = counter + 1: null

2018-11-23 17:38:42 - [TEST_STEP][PASSED] - Statement - PreSaveFile = new java.io.File(((pathPrefix + java.lang.Integer.toString(counter)) + .png)): null

2018-11-23 17:38:42 - [TEST_STEP][PASSED] - Statement - counter = counter + 1: null

2018-11-23 17:38:42 - [TEST_STEP][PASSED] - Statement - PreSaveFile = new java.io.File(((pathPrefix + java.lang.Integer.toString(counter)) + .png)): null

2018-11-23 17:38:42 - [TEST_STEP][PASSED] - Statement - counter = counter + 1: null

2018-11-23 17:38:42 - [TEST_STEP][PASSED] - Statement - PreSaveFile = new java.io.File(((pathPrefix + java.lang.Integer.toString(counter)) + .png)): null

2018-11-23 17:38:42 - [TEST_STEP][PASSED] - Statement - counter = counter + 1: null

2018-11-23 17:38:43 - [TEST_STEP][PASSED] - Statement - PreSaveFile = new java.io.File(((pathPrefix + java.lang.Integer.toString(counter)) + .png)): null

2018-11-23 17:38:43 - [TEST_STEP][PASSED] - Statement - counter = counter + 1: null

2018-11-23 17:38:44 - [TEST_STEP][PASSED] - Statement - PreSaveFile = new java.io.File(((pathPrefix + java.lang.Integer.toString(counter)) + .png)): null

2018-11-23 17:38:44 - [TEST_STEP][PASSED] - Statement - counter = counter + 1: null

2018-11-23 17:38:44 - [TEST_STEP][PASSED] - Statement - PreSaveFile = new java.io.File(((pathPrefix + java.lang.Integer.toString(counter)) + .png)): null

2018-11-23 17:38:44 - [TEST_STEP][PASSED] - Statement - counter = counter + 1: null

2018-11-23 17:38:44 - [TEST_STEP][PASSED] - Statement - PreSaveFile = new java.io.File(((pathPrefix + java.lang.Integer.toString(counter)) + .png)): null

2018-11-23 17:38:44 - [TEST_STEP][PASSED] - Statement - counter = counter + 1: null

2018-11-23 17:38:44 - [TEST_STEP][PASSED] - Statement - PreSaveFile = new java.io.File(((pathPrefix + java.lang.Integer.toString(counter)) + .png)): null

2018-11-23 17:38:44 - [TEST_STEP][PASSED] - Statement - counter = counter + 1: null

2018-11-23 17:38:44 - [TEST_STEP][PASSED] - Statement - PreSaveFile = new java.io.File(((pathPrefix + java.lang.Integer.toString(counter)) + .png)): null

2018-11-23 17:38:45 - [TEST_STEP][PASSED] - Statement - counter = counter + 1: null

2018-11-23 17:38:45 - [TEST_STEP][PASSED] - Statement - PreSaveFile = new java.io.File(((pathPrefix + java.lang.Integer.toString(counter)) + .png)): null

2018-11-23 17:38:45 - [TEST_STEP][PASSED] - Statement - counter = counter + 1: null

2018-11-23 17:38:45 - [TEST_STEP][PASSED] - Statement - PreSaveFile = new java.io.File(((pathPrefix + java.lang.Integer.toString(counter)) + .png)): null

2018-11-23 17:38:45 - [TEST_STEP][PASSED] - Statement - counter = counter + 1: null

2018-11-23 17:38:45 - [TEST_STEP][PASSED] - Statement - PreSaveFile = new java.io.File(((pathPrefix + java.lang.Integer.toString(counter)) + .png)): null

2018-11-23 17:38:45 - [TEST_STEP][PASSED] - Statement - counter = counter + 1: null

2018-11-23 17:38:45 - [TEST_STEP][PASSED] - Statement - PreSaveFile = new java.io.File(((pathPrefix + java.lang.Integer.toString(counter)) + .png)): null

2018-11-23 17:38:45 - [TEST_STEP][PASSED] - Statement - counter = counter + 1: null

2018-11-23 17:38:45 - [TEST_STEP][PASSED] - Statement - PreSaveFile = new java.io.File(((pathPrefix + java.lang.Integer.toString(counter)) + .png)): null

2018-11-23 17:38:45 - [TEST_STEP][PASSED] - Statement - counter = counter + 1: null

2018-11-23 17:38:45 - [TEST_STEP][PASSED] - Statement - PreSaveFile = new java.io.File(((pathPrefix + java.lang.Integer.toString(counter)) + .png)): null

2018-11-23 17:38:45 - [TEST_STEP][PASSED] - Statement - counter = counter + 1: null

2018-11-23 17:38:45 - [TEST_STEP][PASSED] - Statement - PreSaveFile = new java.io.File(((pathPrefix + java.lang.Integer.toString(counter)) + .png)): null

2018-11-23 17:38:45 - [TEST_STEP][PASSED] - Statement - counter = counter + 1: null

2018-11-23 17:38:45 - [TEST_STEP][PASSED] - Statement - PreSaveFile = new java.io.File(((pathPrefix + java.lang.Integer.toString(counter)) + .png)): null

2018-11-23 17:38:45 - [TEST_STEP][PASSED] - Statement - counter = counter + 1: null

2018-11-23 17:38:45 - [TEST_STEP][PASSED] - Statement - PreSaveFile = new java.io.File(((pathPrefix + java.lang.Integer.toString(counter)) + .png)): null

2018-11-23 17:38:45 - [TEST_STEP][PASSED] - Statement - counter = counter + 1: null

2018-11-23 17:38:46 - [TEST_STEP][PASSED] - Statement - PreSaveFile = new java.io.File(((pathPrefix + java.lang.Integer.toString(counter)) + .png)): null

2018-11-23 17:38:46 - [TEST_STEP][PASSED] - Statement - counter = counter + 1: null

2018-11-23 17:38:46 - [TEST_STEP][PASSED] - Statement - PreSaveFile = new java.io.File(((pathPrefix + java.lang.Integer.toString(counter)) + .png)): null

2018-11-23 17:38:46 - [TEST_STEP][PASSED] - Statement - counter = counter + 1: null

2018-11-23 17:38:46 - [TEST_STEP][PASSED] - Statement - PreSaveFile = new java.io.File(((pathPrefix + java.lang.Integer.toString(counter)) + .png)): null

2018-11-23 17:38:46 - [TEST_STEP][PASSED] - Statement - counter = counter + 1: null

2018-11-23 17:38:46 - [TEST_STEP][PASSED] - Statement - PreSaveFile = new java.io.File(((pathPrefix + java.lang.Integer.toString(counter)) + .png)): null

2018-11-23 17:38:46 - [TEST_STEP][PASSED] - Statement - counter = counter + 1: null

2018-11-23 17:38:46 - [TEST_STEP][PASSED] - Statement - PreSaveFile = new java.io.File(((pathPrefix + java.lang.Integer.toString(counter)) + .png)): null

2018-11-23 17:38:46 - [TEST_STEP][PASSED] - Statement - counter = counter + 1: null

2018-11-23 17:38:47 - [TEST_STEP][PASSED] - Statement - PreSaveFile = new java.io.File(((pathPrefix + java.lang.Integer.toString(counter)) + .png)): null

2018-11-23 17:38:47 - [TEST_STEP][PASSED] - Statement - counter = counter + 1: null

2018-11-23 17:38:47 - [TEST_STEP][PASSED] - Statement - PreSaveFile = new java.io.File(((pathPrefix + java.lang.Integer.toString(counter)) + .png)): null

2018-11-23 17:38:47 - [TEST_STEP][PASSED] - Statement - counter = counter + 1: null

2018-11-23 17:38:47 - [TEST_STEP][PASSED] - Statement - PreSaveFile = new java.io.File(((pathPrefix + java.lang.Integer.toString(counter)) + .png)): null

2018-11-23 17:38:47 - [TEST_STEP][PASSED] - Statement - counter = counter + 1: null

2018-11-23 17:38:47 - [TEST_STEP][PASSED] - Statement - PreSaveFile = new java.io.File(((pathPrefix + java.lang.Integer.toString(counter)) + .png)): null

2018-11-23 17:38:47 - [TEST_STEP][PASSED] - Statement - counter = counter + 1: null

2018-11-23 17:38:47 - [TEST_STEP][PASSED] - Statement - PreSaveFile = new java.io.File(((pathPrefix + java.lang.Integer.toString(counter)) + .png)): null

2018-11-23 17:38:48 - [TEST_STEP][PASSED] - Statement - finalPath = pathPrefix + java.lang.Integer.toString(counter) + ".png": null

2018-11-23 17:38:48 - [TEST_STEP][PASSED] - Statement - SaveFile = new java.io.File(finalPath): null

2018-11-23 17:38:48 - [TEST_STEP][PASSED] - Statement - Try: null

2018-11-23 17:38:48 - [TEST_STEP][PASSED] - Statement - org.apache.commons.io.FileUtils.copyFile(scrFile, SaveFile): null

2018-11-23 17:38:48 - [TEST_STEP][PASSED] - Statement - out.println("file kept"): null

2018-11-23 17:38:48 - [TEST_STEP][PASSED] - delay: Delayed 10 second(s)

2018-11-23 17:38:58 - [MESSAGE][PASSED] - Delayed 10 second(s)

2018-11-23 17:38:58 - [MESSAGE][PASSED] - Call Test Case 'Test Cases/Final Aug 2018 - PKS Automation/Registration Module/New Registration/Submit and Screenshot/Submit Registration and Screenshot - Copy' successfully

2018-11-23 17:38:58 - [TEST_STEP][PASSED] - Statement - UpdateAddNewECode = com.kms.katalon.core.webui.keyword.WebUiBuiltInKeywords.getText(com.kms.katalon.core.testobject.ObjectRepository.findTestObject(Object Repository/Final Object Repo/Page_Update Add New Employee - ASSIST/getEmpCode)): Text of object 'Object Repository/Final Object Repo/Page_Update Add New Employee - ASSIST/getEmpCode' is: 'E1102070401W'

2018-11-23 17:38:58 - [MESSAGE][PASSED] - Text of object 'Object Repository/Final Object Repo/Page_Update Add New Employee - ASSIST/getEmpCode' is: 'E1102070401W'

2018-11-23 17:38:58 - [TEST_STEP][PASSED] - callTestCase: Call Test Case 'Test Cases/Final Aug 2018 - PKS Automation/Common/Emp Code Setter' successfully

2018-11-23 17:38:58 - [TEST_CASE][PASSED] - Test Cases/Final Aug 2018 - PKS Automation/Common/Emp Code Setter: Test Cases/Final Aug 2018 - PKS Automation/Common/Emp Code Setter

2018-11-23 17:38:58 - [TEST_STEP][PASSED] - Statement - EmpCodeOld = new java.io.File(C://Users//Admin//Desktop//PKS//Automation Reference Point//EmpCode.txt): null

2018-11-23 17:38:58 - [TEST_STEP][PASSED] - Statement - EmpCodeOld.delete(): null

2018-11-23 17:38:58 - [TEST_STEP][PASSED] - Statement - EmpCode = new java.io.File(C://Users//Admin//Desktop//PKS//Automation Reference Point//EmpCode.txt): null

2018-11-23 17:38:58 - [TEST_STEP][PASSED] - Statement - EmpCode.append(UpdateAddNewECode): null

2018-11-23 17:38:58 - [TEST_STEP][PASSED] - Statement - out.println("


" + UpdateAddNewECode + "


"): null

2018-11-23 17:38:58 - [MESSAGE][PASSED] - Call Test Case 'Test Cases/Final Aug 2018 - PKS Automation/Common/Emp Code Setter' successfully

2018-11-23 17:38:58 - [MESSAGE][PASSED] - Call Test Case 'Test Cases/Final Aug 2018 - PKS Automation/Registration Module/Workflow/Update Add New Employee/Template/New Company for Update Add New - Employer' successfully

2018-11-23 17:38:58 - [TEST_STEP][PASSED] - callTestCase: Call Test Case 'Test Cases/Final Aug 2018 - PKS Automation/Create Employer Acc/Login to Employer Account (Second time)' successfully

2018-11-23 17:38:58 - [TEST_CASE][PASSED] - Test Cases/Final Aug 2018 - PKS Automation/Create Employer Acc/Login to Employer Account (Second time): Test Cases/Final Aug 2018 - PKS Automation/Create Employer Acc/Login to Employer Account (Second time)

2018-11-23 17:38:58 - [TEST_STEP][PASSED] - openBrowser: Browser is opened with url: ''

2018-11-23 17:38:58 - [MESSAGE][WARNING] - A browser is already opened. Closing browser and opening a new one

2018-11-23 17:39:03 - [MESSAGE][PASSED] - Browser is opened with url: ''

2018-11-23 17:39:03 - [TEST_STEP][PASSED] - navigateToUrl: Navigate to 'https://assist2-uat.perkeso.gov.my/employer/login' successfully

2018-11-23 17:39:05 - [MESSAGE][PASSED] - Navigate to 'https://assist2-uat.perkeso.gov.my/employer/login' successfully

2018-11-23 17:39:05 - [TEST_STEP][PASSED] - delay: Delayed 3 second(s)

2018-11-23 17:39:08 - [MESSAGE][PASSED] - Delayed 3 second(s)

2018-11-23 17:39:08 - [TEST_STEP][PASSED] - callTestCase: Call Test Case 'Test Cases/Final Aug 2018 - PKS Automation/Create Employer Acc/Template/Employer Email Getter' successfully

2018-11-23 17:39:08 - [TEST_CASE][PASSED] - Test Cases/Final Aug 2018 - PKS Automation/Create Employer Acc/Template/Employer Email Getter: Test Cases/Final Aug 2018 - PKS Automation/Create Employer Acc/Template/Employer Email Getter

2018-11-23 17:39:08 - [TEST_STEP][PASSED] - Statement - Try: null

2018-11-23 17:39:08 - [TEST_STEP][PASSED] - Statement - EmpEmail = new java.io.File(C://Users//Admin//Desktop//PKS//Automation Reference Point//EmpEmail.txt): null

2018-11-23 17:39:08 - [TEST_STEP][PASSED] - Statement - bufferread = new java.io.BufferedReader(new java.io.FileReader(EmpEmail)): null

2018-11-23 17:39:08 - [TEST_STEP][PASSED] - Statement - readedVal = bufferread.readLine(): null

2018-11-23 17:39:08 - [TEST_STEP][PASSED] - Statement - out.println(readedVal): null

2018-11-23 17:39:08 - [TEST_STEP][PASSED] - Statement - Email = readedVal: null

2018-11-23 17:39:08 - [MESSAGE][PASSED] - Call Test Case 'Test Cases/Final Aug 2018 - PKS Automation/Create Employer Acc/Template/Employer Email Getter' successfully

2018-11-23 17:39:08 - [TEST_STEP][PASSED] - setText: Text 'perkeso976056911151@gmail.com' is set on object 'Object Repository/Final Object Repo/Login Page/External Login Page/Email'

2018-11-23 17:39:08 - [MESSAGE][PASSED] - Text 'perkeso976056911151@gmail.com' is set on object 'Object Repository/Final Object Repo/Login Page/External Login Page/Email'

2018-11-23 17:39:08 - [TEST_STEP][PASSED] - click: Object: 'Object Repository/Final Object Repo/Login Page/External Login Page/Next' is clicked on

2018-11-23 17:39:08 - [MESSAGE][PASSED] - Object: 'Object Repository/Final Object Repo/Login Page/External Login Page/Next' is clicked on

2018-11-23 17:39:08 - [TEST_STEP][PASSED] - delay: Delayed 3 second(s)

2018-11-23 17:39:11 - [MESSAGE][PASSED] - Delayed 3 second(s)

2018-11-23 17:39:11 - [TEST_STEP][PASSED] - setEncryptedText: Text ****** has been set on object 'Object Repository/Final Object Repo/Login Page/External Login Page/Password'

2018-11-23 17:39:11 - [MESSAGE][PASSED] - Text ****** has been set on object 'Object Repository/Final Object Repo/Login Page/External Login Page/Password'

2018-11-23 17:39:11 - [TEST_STEP][PASSED] - click: Object: 'Object Repository/Final Object Repo/Login Page/External Login Page/Login' is clicked on

2018-11-23 17:39:18 - [MESSAGE][PASSED] - Object: 'Object Repository/Final Object Repo/Login Page/External Login Page/Login' is clicked on

2018-11-23 17:39:18 - [TEST_STEP][PASSED] - delay: Delayed 5 second(s)

2018-11-23 17:39:23 - [MESSAGE][PASSED] - Delayed 5 second(s)

2018-11-23 17:39:23 - [MESSAGE][PASSED] - Call Test Case 'Test Cases/Final Aug 2018 - PKS Automation/Create Employer Acc/Login to Employer Account (Second time)' successfully

2018-11-23 17:39:23 - [TEST_STEP][PASSED] - navigateToUrl: Navigate to 'https://assist2-uat.perkeso.gov.my/web/registration/update/form-1a-cessation-as-employer-discontinue-business-' successfully

2018-11-23 17:39:24 - [MESSAGE][PASSED] - Navigate to 'https://assist2-uat.perkeso.gov.my/web/registration/update/form-1a-cessation-as-employer-discontinue-business-' successfully

2018-11-23 17:39:24 - [TEST_STEP][PASSED] - callTestCase: Call Test Case 'Test Cases/Final Aug 2018 - PKS Automation/Common/Emp Code Getter' successfully

2018-11-23 17:39:24 - [TEST_CASE][PASSED] - Test Cases/Final Aug 2018 - PKS Automation/Common/Emp Code Getter: Test Cases/Final Aug 2018 - PKS Automation/Common/Emp Code Getter

2018-11-23 17:39:24 - [TEST_STEP][PASSED] - Statement - Try: null

2018-11-23 17:39:24 - [TEST_STEP][PASSED] - Statement - EmpCode = new java.io.File(C://Users//Admin//Desktop//PKS//Automation Reference Point//EmpCode.txt): null

2018-11-23 17:39:24 - [TEST_STEP][PASSED] - Statement - bufferread = new java.io.BufferedReader(new java.io.FileReader(EmpCode)): null

2018-11-23 17:39:24 - [TEST_STEP][PASSED] - Statement - readedVal = bufferread.readLine(): null

2018-11-23 17:39:24 - [TEST_STEP][PASSED] - Statement - out.println(readedVal): null

2018-11-23 17:39:24 - [TEST_STEP][PASSED] - Statement - UpdateAddNewECode = readedVal: null

2018-11-23 17:39:24 - [MESSAGE][PASSED] - Call Test Case 'Test Cases/Final Aug 2018 - PKS Automation/Common/Emp Code Getter' successfully

2018-11-23 17:39:24 - [TEST_STEP][PASSED] - setText: Text 'E1102070401W' is set on object 'Object Repository/Final Object Repo/Page_Update Employer Information/Employer Code'

2018-11-23 17:39:24 - [MESSAGE][PASSED] - Text 'E1102070401W' is set on object 'Object Repository/Final Object Repo/Page_Update Employer Information/Employer Code'

2018-11-23 17:39:24 - [TEST_STEP][PASSED] - click: Object: 'Object Repository/Final Object Repo/Page_Update Employer Information/Search Button' is clicked on

2018-11-23 17:39:25 - [MESSAGE][PASSED] - Object: 'Object Repository/Final Object Repo/Page_Update Employer Information/Search Button' is clicked on

2018-11-23 17:39:25 - [TEST_STEP][PASSED] - click: Object: 'Object Repository/Final Object Repo/Page_Update Employer Information/Edit Button' is clicked on

2018-11-23 17:39:27 - [MESSAGE][PASSED] - Object: 'Object Repository/Final Object Repo/Page_Update Employer Information/Edit Button' is clicked on

2018-11-23 17:39:27 - [TEST_STEP][PASSED] - Statement - abc = com.kms.katalon.core.webui.keyword.WebUiBuiltInKeywords.getAttribute(com.kms.katalon.core.testobject.ObjectRepository.findTestObject(Final Object Repo/Page_Form 1A - Cessation As Employer/Employer Status), "value"): Attribute 'value' of object 'Object Repository/Final Object Repo/Page_Form 1A - Cessation As Employer/Employer Status' is: 'Active'

2018-11-23 17:39:27 - [MESSAGE][PASSED] - Attribute 'value' of object 'Object Repository/Final Object Repo/Page_Form 1A - Cessation As Employer/Employer Status' is: 'Active'

2018-11-23 17:39:27 - [TEST_STEP][PASSED] - Statement - out.println(abc): null

2018-11-23 17:39:27 - [TEST_STEP][PASSED] - Statement - If (abc == "Active"): Object: 'Object Repository/Final Object Repo/Page_Form 1A - Cessation As Employer/Change Employer Status to - Dormant' is clicked on

2018-11-23 17:39:27 - [TEST_STEP][PASSED] - click: Object: 'Object Repository/Final Object Repo/Page_Form 1A - Cessation As Employer/Change Employer Status to' is clicked on

2018-11-23 17:39:27 - [MESSAGE][PASSED] - Object: 'Object Repository/Final Object Repo/Page_Form 1A - Cessation As Employer/Change Employer Status to' is clicked on

2018-11-23 17:39:27 - [TEST_STEP][PASSED] - click: Object: 'Object Repository/Final Object Repo/Page_Form 1A - Cessation As Employer/Change Employer Status to - Dormant' is clicked on

2018-11-23 17:39:28 - [MESSAGE][PASSED] - Object: 'Object Repository/Final Object Repo/Page_Form 1A - Cessation As Employer/Change Employer Status to - Dormant' is clicked on

2018-11-23 17:39:28 - [TEST_STEP][PASSED] - click: Object: 'Object Repository/Final Object Repo/Page_Form 1A - Cessation As Employer/Calender' is clicked on

2018-11-23 17:39:29 - [MESSAGE][PASSED] - Object: 'Object Repository/Final Object Repo/Page_Form 1A - Cessation As Employer/Calender' is clicked on

2018-11-23 17:39:29 - [TEST_STEP][PASSED] - click: Object: 'Object Repository/Final Object Repo/Page_Form 1A - Cessation As Employer/Calender - Date' is clicked on

2018-11-23 17:39:29 - [MESSAGE][PASSED] - Object: 'Object Repository/Final Object Repo/Page_Form 1A - Cessation As Employer/Calender - Date' is clicked on

2018-11-23 17:39:29 - [TEST_STEP][PASSED] - delay: Delayed 2 second(s)

2018-11-23 17:39:31 - [MESSAGE][PASSED] - Delayed 2 second(s)

2018-11-23 17:39:31 - [TEST_STEP][PASSED] - click: Object: 'Object Repository/Final Object Repo/Page_Form 1A - Cessation As Employer/Save  Continue in Form 1A Page' is clicked on

2018-11-23 17:39:34 - [MESSAGE][PASSED] - Object: 'Object Repository/Final Object Repo/Page_Form 1A - Cessation As Employer/Save  Continue in Form 1A Page' is clicked on

2018-11-23 17:39:34 - [TEST_STEP][PASSED] - delay: Delayed 2 second(s)

2018-11-23 17:39:36 - [MESSAGE][PASSED] - Delayed 2 second(s)

2018-11-23 17:39:36 - [TEST_STEP][PASSED] - click: Object: 'Object Repository/Final Object Repo/Page_Form 1A - Cessation As Employer/Employment Resign Date' is clicked on

2018-11-23 17:39:37 - [MESSAGE][PASSED] - Object: 'Object Repository/Final Object Repo/Page_Form 1A - Cessation As Employer/Employment Resign Date' is clicked on

2018-11-23 17:39:37 - [TEST_STEP][PASSED] - delay: Delayed 1 second(s)

2018-11-23 17:39:38 - [MESSAGE][PASSED] - Delayed 1 second(s)

2018-11-23 17:39:38 - [TEST_STEP][PASSED] - Statement - CaseReferenceNo = com.kms.katalon.core.webui.keyword.WebUiBuiltInKeywords.getText(com.kms.katalon.core.testobject.ObjectRepository.findTestObject(Final Object Repo/Page_Update Employer Information/Reference Number in Update Employee Information Page)): Text of object 'Object Repository/Final Object Repo/Page_Update Employer Information/Reference Number in Update Employee Information Page' is: 'CUN112018C200001610'

2018-11-23 17:39:38 - [MESSAGE][PASSED] - Text of object 'Object Repository/Final Object Repo/Page_Update Employer Information/Reference Number in Update Employee Information Page' is: 'CUN112018C200001610'

2018-11-23 17:39:38 - [TEST_STEP][PASSED] - callTestCase: Call Test Case 'Test Cases/Final Aug 2018 - PKS Automation/Common/Reference Number Setter' successfully

2018-11-23 17:39:38 - [TEST_CASE][PASSED] - Test Cases/Final Aug 2018 - PKS Automation/Common/Reference Number Setter: Test Cases/Final Aug 2018 - PKS Automation/Common/Reference Number Setter

2018-11-23 17:39:38 - [TEST_STEP][PASSED] - Statement - RefNoOldFile = new java.io.File(C://Users//Admin//Desktop//PKS//Automation Reference Point//KatalonReference.txt): null

2018-11-23 17:39:38 - [TEST_STEP][PASSED] - Statement - RefNoOldFile.delete(): null

2018-11-23 17:39:38 - [TEST_STEP][PASSED] - delay: Delayed 5 second(s)

2018-11-23 17:39:43 - [MESSAGE][PASSED] - Delayed 5 second(s)

2018-11-23 17:39:43 - [TEST_STEP][PASSED] - Statement - RefNo = new java.io.File(C://Users//Admin//Desktop//PKS//Automation Reference Point//KatalonReference.txt): null

2018-11-23 17:39:43 - [TEST_STEP][PASSED] - Statement - f2 = new java.io.FileWriter(RefNo, false): null

2018-11-23 17:39:43 - [TEST_STEP][PASSED] - Statement - f2.write(CaseReferenceNo): null

2018-11-23 17:39:43 - [TEST_STEP][PASSED] - Statement - f2.close(): null

2018-11-23 17:39:43 - [TEST_STEP][PASSED] - Statement - out.println("


" + CaseReferenceNo + "


"): null

2018-11-23 17:39:43 - [MESSAGE][PASSED] - Call Test Case 'Test Cases/Final Aug 2018 - PKS Automation/Common/Reference Number Setter' successfully

2018-11-23 17:39:43 - [TEST_STEP][PASSED] - selectOptionByValue: All options with value '2030' are selected in object 'Object Repository/Final Object Repo/Page_Form 1A - Cessation As Employer/Employment Resign Date - Year' 

2018-11-23 17:39:43 - [MESSAGE][PASSED] - All options with value '2030' are selected in object 'Object Repository/Final Object Repo/Page_Form 1A - Cessation As Employer/Employment Resign Date - Year' 

2018-11-23 17:39:43 - [TEST_STEP][PASSED] - delay: Delayed 1 second(s)

2018-11-23 17:39:44 - [MESSAGE][PASSED] - Delayed 1 second(s)

2018-11-23 17:39:44 - [TEST_STEP][PASSED] - click: Object: 'Object Repository/Final Object Repo/Page_Form 1A - Cessation As Employer/Employment Resign Date - Year - Date' is clicked on

2018-11-23 17:39:45 - [MESSAGE][PASSED] - Object: 'Object Repository/Final Object Repo/Page_Form 1A - Cessation As Employer/Employment Resign Date - Year - Date' is clicked on

2018-11-23 17:39:45 - [TEST_STEP][PASSED] - delay: Delayed 2 second(s)

2018-11-23 17:39:47 - [MESSAGE][PASSED] - Delayed 2 second(s)

2018-11-23 17:39:47 - [TEST_STEP][PASSED] - click: Object: 'Object Repository/Final Object Repo/Page_Form 1A - Cessation As Employer/Save  Continue in Update Add Employee Resigned Date Page' is clicked on

2018-11-23 17:39:47 - [MESSAGE][PASSED] - Object: 'Object Repository/Final Object Repo/Page_Form 1A - Cessation As Employer/Save  Continue in Update Add Employee Resigned Date Page' is clicked on

2018-11-23 17:39:47 - [TEST_STEP][PASSED] - delay: Delayed 2 second(s)

2018-11-23 17:39:49 - [MESSAGE][PASSED] - Delayed 2 second(s)

2018-11-23 17:39:49 - [TEST_STEP][PASSED] - click: Object: 'Object Repository/Final Object Repo/Page_Form 1A - Cessation As Employer/Set Latest - Yes' is clicked on

2018-11-23 17:39:52 - [MESSAGE][PASSED] - Object: 'Object Repository/Final Object Repo/Page_Form 1A - Cessation As Employer/Set Latest - Yes' is clicked on

2018-11-23 17:39:52 - [TEST_STEP][PASSED] - delay: Delayed 2 second(s)

2018-11-23 17:39:54 - [MESSAGE][PASSED] - Delayed 2 second(s)

2018-11-23 17:39:54 - [TEST_STEP][PASSED] - click: Object: 'Object Repository/Final Object Repo/Page_Form 1A - Cessation As Employer/Add Document' is clicked on

2018-11-23 17:39:55 - [MESSAGE][PASSED] - Object: 'Object Repository/Final Object Repo/Page_Form 1A - Cessation As Employer/Add Document' is clicked on

2018-11-23 17:39:55 - [TEST_STEP][PASSED] - delay: Delayed 3 second(s)

2018-11-23 17:39:58 - [MESSAGE][PASSED] - Delayed 3 second(s)

2018-11-23 17:39:58 - [TEST_STEP][PASSED] - click: Object: 'Object Repository/Final Object Repo/Page_Form 1A - Cessation As Employer/Document Type' is clicked on

2018-11-23 17:39:58 - [MESSAGE][PASSED] - Object: 'Object Repository/Final Object Repo/Page_Form 1A - Cessation As Employer/Document Type' is clicked on

2018-11-23 17:39:58 - [TEST_STEP][PASSED] - delay: Delayed 2 second(s)

2018-11-23 17:40:00 - [MESSAGE][PASSED] - Delayed 2 second(s)

2018-11-23 17:40:00 - [TEST_STEP][PASSED] - click: Object: 'Object Repository/Final Object Repo/Page_Form 1A - Cessation As Employer/Document Type - Supporting Document For Cessation' is clicked on

2018-11-23 17:40:01 - [MESSAGE][PASSED] - Object: 'Object Repository/Final Object Repo/Page_Form 1A - Cessation As Employer/Document Type - Supporting Document For Cessation' is clicked on

2018-11-23 17:40:01 - [TEST_STEP][PASSED] - delay: Delayed 2 second(s)

2018-11-23 17:40:03 - [MESSAGE][PASSED] - Delayed 2 second(s)

2018-11-23 17:40:03 - [TEST_STEP][PASSED] - sendKeys: Keys 'C:\Users\Public\Pictures\Sample Pictures\Koala.jpg' sent to object: 'Object Repository/Final Object Repo/Page_Form 1A - Cessation As Employer/Uploading File'

2018-11-23 17:40:03 - [MESSAGE][PASSED] - Keys 'C:\Users\Public\Pictures\Sample Pictures\Koala.jpg' sent to object: 'Object Repository/Final Object Repo/Page_Form 1A - Cessation As Employer/Uploading File'

2018-11-23 17:40:03 - [TEST_STEP][PASSED] - delay: Delayed 2 second(s)

2018-11-23 17:40:05 - [MESSAGE][PASSED] - Delayed 2 second(s)

2018-11-23 17:40:05 - [TEST_STEP][PASSED] - click: Object: 'Object Repository/Final Object Repo/Page_Form 1A - Cessation As Employer/Add Document in Uploading Page' is clicked on

2018-11-23 17:40:10 - [MESSAGE][PASSED] - Object: 'Object Repository/Final Object Repo/Page_Form 1A - Cessation As Employer/Add Document in Uploading Page' is clicked on

2018-11-23 17:40:10 - [TEST_STEP][PASSED] - delay: Delayed 2 second(s)

2018-11-23 17:40:12 - [MESSAGE][PASSED] - Delayed 2 second(s)

2018-11-23 17:40:12 - [TEST_STEP][PASSED] - click: Object: 'Object Repository/Final Object Repo/Page_Form 1A - Cessation As Employer/Save  Continue in Uploading Page' is clicked on

2018-11-23 17:40:17 - [MESSAGE][PASSED] - Object: 'Object Repository/Final Object Repo/Page_Form 1A - Cessation As Employer/Save  Continue in Uploading Page' is clicked on

2018-11-23 17:40:17 - [TEST_STEP][PASSED] - delay: Delayed 2 second(s)

2018-11-23 17:40:19 - [MESSAGE][PASSED] - Delayed 2 second(s)

2018-11-23 17:40:19 - [TEST_STEP][PASSED] - click: Object: 'Object Repository/Final Object Repo/Page_Form 1A - Cessation As Employer/Submit2' is clicked on

2018-11-23 17:40:19 - [MESSAGE][PASSED] - Object: 'Object Repository/Final Object Repo/Page_Form 1A - Cessation As Employer/Submit2' is clicked on

2018-11-23 17:40:19 - [TEST_STEP][PASSED] - delay: Delayed 2 second(s)

2018-11-23 17:40:21 - [MESSAGE][PASSED] - Delayed 2 second(s)

2018-11-23 17:40:21 - [TEST_STEP][PASSED] - click: Object: 'Object Repository/Final Object Repo/Page_Form 1A - Cessation As Employer/Confirm' is clicked on

2018-11-23 17:40:27 - [MESSAGE][PASSED] - Object: 'Object Repository/Final Object Repo/Page_Form 1A - Cessation As Employer/Confirm' is clicked on

2018-11-23 17:40:27 - [TEST_STEP][PASSED] - delay: Delayed 2 second(s)

2018-11-23 17:40:29 - [MESSAGE][PASSED] - Delayed 2 second(s)

2018-11-23 17:40:29 - [TEST_STEP][PASSED] - verifyElementVisible: Object 'Object Repository/Final Object Repo/Page_Form 1A - Cessation As Employer/Message Your Request will be routed to UO' is visible

2018-11-23 17:40:29 - [MESSAGE][PASSED] - Object 'Object Repository/Final Object Repo/Page_Form 1A - Cessation As Employer/Message Your Request will be routed to UO' is visible

2018-11-23 17:40:29 - [TEST_STEP][PASSED] - delay: Delayed 1 second(s)

2018-11-23 17:40:30 - [MESSAGE][PASSED] - Delayed 1 second(s)

2018-11-23 17:40:30 - [TEST_STEP][PASSED] - verifyElementVisible: Object 'Object Repository/Final Object Repo/Page_Form 1A - Cessation As Employer/Letter of acknowledgement' is visible

2018-11-23 17:40:30 - [MESSAGE][PASSED] - Object 'Object Repository/Final Object Repo/Page_Form 1A - Cessation As Employer/Letter of acknowledgement' is visible

2018-11-23 17:40:30 - [MESSAGE][PASSED] - Call Test Case 'Test Cases/Final Aug 2018 - PKS Automation/Registration Module/Workflow/Form 1A - Cessation As Employer/Template/Form 1 A - Cessation As Employer (Employer)' successfully

2018-11-23 17:40:30 - [TEST_STEP][PASSED] - callTestCase: Call Test Case 'Test Cases/Final Aug 2018 - PKS Automation/Registration Module/Workflow/Form 1A - Cessation As Employer/Template/Form 1 A - Cessation As Employer (Reject)' successfully

2018-11-23 17:40:30 - [TEST_CASE][PASSED] - Test Cases/Final Aug 2018 - PKS Automation/Registration Module/Workflow/Form 1A - Cessation As Employer/Template/Form 1 A - Cessation As Employer (Reject): Test Cases/Final Aug 2018 - PKS Automation/Registration Module/Workflow/Form 1A - Cessation As Employer/Template/Form 1 A - Cessation As Employer (Reject)

2018-11-23 17:40:30 - [TEST_STEP][PASSED] - callTestCase: Call Test Case 'Test Cases/Final Aug 2018 - PKS Automation/Registration Module/Workflow/Form 1A - Cessation As Employer/Template/Form 1 A - Cessation As Employer (OTC)' successfully

2018-11-23 17:40:30 - [TEST_CASE][PASSED] - Test Cases/Final Aug 2018 - PKS Automation/Registration Module/Workflow/Form 1A - Cessation As Employer/Template/Form 1 A - Cessation As Employer (OTC): Test Cases/Final Aug 2018 - PKS Automation/Registration Module/Workflow/Form 1A - Cessation As Employer/Template/Form 1 A - Cessation As Employer (OTC)

2018-11-23 17:40:31 - [TEST_STEP][PASSED] - openBrowser: Browser is opened with url: ''

2018-11-23 17:40:31 - [MESSAGE][WARNING] - A browser is already opened. Closing browser and opening a new one

2018-11-23 17:40:36 - [MESSAGE][PASSED] - Browser is opened with url: ''

2018-11-23 17:40:36 - [TEST_STEP][PASSED] - navigateToUrl: Navigate to 'https://assist2-uat.perkeso.gov.my/login' successfully

2018-11-23 17:40:37 - [MESSAGE][PASSED] - Navigate to 'https://assist2-uat.perkeso.gov.my/login' successfully

2018-11-23 17:40:37 - [TEST_STEP][PASSED] - setText: Text 'johorotc1@gmail.com' is set on object 'Object Repository/Final Object Repo/Login Page/Internal User/Email Address'

2018-11-23 17:40:37 - [MESSAGE][PASSED] - Text 'johorotc1@gmail.com' is set on object 'Object Repository/Final Object Repo/Login Page/Internal User/Email Address'

2018-11-23 17:40:37 - [TEST_STEP][PASSED] - click: Object: 'Object Repository/Final Object Repo/Login Page/Internal User/Next Button' is clicked on

2018-11-23 17:40:37 - [MESSAGE][PASSED] - Object: 'Object Repository/Final Object Repo/Login Page/Internal User/Next Button' is clicked on

2018-11-23 17:40:37 - [TEST_STEP][PASSED] - delay: Delayed 1 second(s)

2018-11-23 17:40:38 - [MESSAGE][PASSED] - Delayed 1 second(s)

2018-11-23 17:40:38 - [TEST_STEP][PASSED] - setEncryptedText: Text ****** has been set on object 'Object Repository/Final Object Repo/Login Page/Internal User/Password'

2018-11-23 17:40:39 - [MESSAGE][PASSED] - Text ****** has been set on object 'Object Repository/Final Object Repo/Login Page/Internal User/Password'

2018-11-23 17:40:39 - [TEST_STEP][PASSED] - click: Object: 'Object Repository/Final Object Repo/Login Page/Internal User/Login Button' is clicked on

2018-11-23 17:40:41 - [MESSAGE][PASSED] - Object: 'Object Repository/Final Object Repo/Login Page/Internal User/Login Button' is clicked on

2018-11-23 17:40:41 - [TEST_STEP][PASSED] - delay: Delayed 1 second(s)

2018-11-23 17:40:42 - [MESSAGE][PASSED] - Delayed 1 second(s)

2018-11-23 17:40:42 - [TEST_STEP][PASSED] - Statement - Try: Delayed 2 second(s)

2018-11-23 17:40:42 - [TEST_STEP][PASSED] - Statement - Checker = false: null

2018-11-23 17:40:42 - [TEST_STEP][PASSED] - Statement - Checker = com.kms.katalon.core.webui.keyword.WebUiBuiltInKeywords.verifyElementHasAttribute(com.kms.katalon.core.testobject.ObjectRepository.findTestObject(Final Object Repo/Landing Page/BM Detecting), "href", 20, OPTIONAL): Object 'Object Repository/Final Object Repo/Landing Page/BM Detecting' has attribute 'href'

2018-11-23 17:40:42 - [MESSAGE][PASSED] - Object 'Object Repository/Final Object Repo/Landing Page/BM Detecting' has attribute 'href'

2018-11-23 17:40:42 - [TEST_STEP][PASSED] - Statement - out.println(Checker): null

2018-11-23 17:40:42 - [TEST_STEP][PASSED] - Statement - If (Checker == false): null

2018-11-23 17:40:42 - [TEST_STEP][PASSED] - Statement - Else: null

2018-11-23 17:40:42 - [TEST_STEP][PASSED] - delay: Delayed 2 second(s)

2018-11-23 17:40:44 - [MESSAGE][PASSED] - Delayed 2 second(s)

2018-11-23 17:40:44 - [TEST_STEP][PASSED] - navigateToUrl: Navigate to 'https://assist2-uat.perkeso.gov.my/web/registration/update/form-1a-cessation-as-employer-discontinue-business-' successfully

2018-11-23 17:40:46 - [MESSAGE][PASSED] - Navigate to 'https://assist2-uat.perkeso.gov.my/web/registration/update/form-1a-cessation-as-employer-discontinue-business-' successfully

2018-11-23 17:40:46 - [TEST_STEP][PASSED] - setText: Text 'E1102069770Z' is set on object 'Object Repository/Final Object Repo/Page_Update Employer Information/Employer Code'

2018-11-23 17:40:46 - [MESSAGE][PASSED] - Text 'E1102069770Z' is set on object 'Object Repository/Final Object Repo/Page_Update Employer Information/Employer Code'

2018-11-23 17:40:46 - [TEST_STEP][PASSED] - click: Object: 'Object Repository/Final Object Repo/Page_Update Employer Information/Search Button' is clicked on

2018-11-23 17:40:47 - [MESSAGE][PASSED] - Object: 'Object Repository/Final Object Repo/Page_Update Employer Information/Search Button' is clicked on

2018-11-23 17:40:47 - [TEST_STEP][PASSED] - click: Object: 'Object Repository/Final Object Repo/Page_Update Employer Information/Edit Button' is clicked on

2018-11-23 17:40:49 - [MESSAGE][PASSED] - Object: 'Object Repository/Final Object Repo/Page_Update Employer Information/Edit Button' is clicked on

2018-11-23 17:40:49 - [TEST_STEP][PASSED] - Statement - abc = com.kms.katalon.core.webui.keyword.WebUiBuiltInKeywords.getAttribute(com.kms.katalon.core.testobject.ObjectRepository.findTestObject(Final Object Repo/Page_Form 1A - Cessation As Employer/Employer Status), "value"): Attribute 'value' of object 'Object Repository/Final Object Repo/Page_Form 1A - Cessation As Employer/Employer Status' is: 'Dormant'

2018-11-23 17:40:49 - [MESSAGE][PASSED] - Attribute 'value' of object 'Object Repository/Final Object Repo/Page_Form 1A - Cessation As Employer/Employer Status' is: 'Dormant'

2018-11-23 17:40:49 - [TEST_STEP][PASSED] - Statement - out.println(abc): null

2018-11-23 17:40:49 - [TEST_STEP][PASSED] - Statement - If (abc == "Active"): null

2018-11-23 17:40:49 - [TEST_STEP][PASSED] - Statement - Else If (abc == "Cancel"): null

2018-11-23 17:40:49 - [TEST_STEP][PASSED] - Statement - Else If (abc == "Dormant"): Object: 'Object Repository/Final Object Repo/Page_Form 1A - Cessation As Employer/Change Employer Status to - Dormant' is clicked on

2018-11-23 17:40:49 - [TEST_STEP][PASSED] - click: Object: 'Object Repository/Final Object Repo/Page_Form 1A - Cessation As Employer/Change Employer Status to' is clicked on

2018-11-23 17:40:49 - [MESSAGE][PASSED] - Object: 'Object Repository/Final Object Repo/Page_Form 1A - Cessation As Employer/Change Employer Status to' is clicked on

2018-11-23 17:40:49 - [TEST_STEP][PASSED] - click: Object: 'Object Repository/Final Object Repo/Page_Form 1A - Cessation As Employer/Change Employer Status to - Dormant' is clicked on

2018-11-23 17:40:50 - [MESSAGE][PASSED] - Object: 'Object Repository/Final Object Repo/Page_Form 1A - Cessation As Employer/Change Employer Status to - Dormant' is clicked on

2018-11-23 17:40:50 - [TEST_STEP][PASSED] - click: Object: 'Object Repository/Final Object Repo/Page_Form 1A - Cessation As Employer/Calender' is clicked on

2018-11-23 17:40:51 - [MESSAGE][PASSED] - Object: 'Object Repository/Final Object Repo/Page_Form 1A - Cessation As Employer/Calender' is clicked on

2018-11-23 17:40:51 - [TEST_STEP][PASSED] - click: Object: 'Object Repository/Final Object Repo/Page_Form 1A - Cessation As Employer/Calender - Date' is clicked on

2018-11-23 17:40:51 - [MESSAGE][PASSED] - Object: 'Object Repository/Final Object Repo/Page_Form 1A - Cessation As Employer/Calender - Date' is clicked on

2018-11-23 17:40:51 - [TEST_STEP][PASSED] - delay: Delayed 2 second(s)

2018-11-23 17:40:53 - [MESSAGE][PASSED] - Delayed 2 second(s)

2018-11-23 17:40:53 - [TEST_STEP][PASSED] - click: Object: 'Object Repository/Final Object Repo/Page_Form 1A - Cessation As Employer/Save  Continue in Form 1A Page' is clicked on

2018-11-23 17:40:56 - [MESSAGE][PASSED] - Object: 'Object Repository/Final Object Repo/Page_Form 1A - Cessation As Employer/Save  Continue in Form 1A Page' is clicked on

2018-11-23 17:40:56 - [TEST_STEP][PASSED] - delay: Delayed 2 second(s)

2018-11-23 17:40:58 - [MESSAGE][PASSED] - Delayed 2 second(s)

2018-11-23 17:40:58 - [TEST_STEP][PASSED] - click: Object: 'Object Repository/Final Object Repo/Page_Form 1A - Cessation As Employer/Employment Resign Date' is clicked on

2018-11-23 17:40:59 - [MESSAGE][PASSED] - Object: 'Object Repository/Final Object Repo/Page_Form 1A - Cessation As Employer/Employment Resign Date' is clicked on

2018-11-23 17:40:59 - [TEST_STEP][PASSED] - delay: Delayed 1 second(s)

2018-11-23 17:41:00 - [MESSAGE][PASSED] - Delayed 1 second(s)

2018-11-23 17:41:00 - [TEST_STEP][PASSED] - Statement - CaseReferenceNo = com.kms.katalon.core.webui.keyword.WebUiBuiltInKeywords.getText(com.kms.katalon.core.testobject.ObjectRepository.findTestObject(Final Object Repo/Page_Update Employer Information/Reference Number in Update Employee Information Page)): Text of object 'Object Repository/Final Object Repo/Page_Update Employer Information/Reference Number in Update Employee Information Page' is: 'CUN112018C200001611'

2018-11-23 17:41:00 - [MESSAGE][PASSED] - Text of object 'Object Repository/Final Object Repo/Page_Update Employer Information/Reference Number in Update Employee Information Page' is: 'CUN112018C200001611'

2018-11-23 17:41:00 - [TEST_STEP][PASSED] - callTestCase: Call Test Case 'Test Cases/Final Aug 2018 - PKS Automation/Common/Reference Number Setter' successfully

2018-11-23 17:41:00 - [TEST_CASE][PASSED] - Test Cases/Final Aug 2018 - PKS Automation/Common/Reference Number Setter: Test Cases/Final Aug 2018 - PKS Automation/Common/Reference Number Setter

2018-11-23 17:41:00 - [TEST_STEP][PASSED] - Statement - RefNoOldFile = new java.io.File(C://Users//Admin//Desktop//PKS//Automation Reference Point//KatalonReference.txt): null

2018-11-23 17:41:00 - [TEST_STEP][PASSED] - Statement - RefNoOldFile.delete(): null

2018-11-23 17:41:00 - [TEST_STEP][PASSED] - delay: Delayed 5 second(s)

2018-11-23 17:41:05 - [MESSAGE][PASSED] - Delayed 5 second(s)

2018-11-23 17:41:05 - [TEST_STEP][PASSED] - Statement - RefNo = new java.io.File(C://Users//Admin//Desktop//PKS//Automation Reference Point//KatalonReference.txt): null

2018-11-23 17:41:05 - [TEST_STEP][PASSED] - Statement - f2 = new java.io.FileWriter(RefNo, false): null

2018-11-23 17:41:05 - [TEST_STEP][PASSED] - Statement - f2.write(CaseReferenceNo): null

2018-11-23 17:41:05 - [TEST_STEP][PASSED] - Statement - f2.close(): null

2018-11-23 17:41:05 - [TEST_STEP][PASSED] - Statement - out.println("


" + CaseReferenceNo + "


"): null

2018-11-23 17:41:05 - [MESSAGE][PASSED] - Call Test Case 'Test Cases/Final Aug 2018 - PKS Automation/Common/Reference Number Setter' successfully

2018-11-23 17:41:05 - [TEST_STEP][PASSED] - selectOptionByValue: All options with value '2030' are selected in object 'Object Repository/Final Object Repo/Page_Form 1A - Cessation As Employer/Employment Resign Date - Year' 

2018-11-23 17:41:06 - [MESSAGE][PASSED] - All options with value '2030' are selected in object 'Object Repository/Final Object Repo/Page_Form 1A - Cessation As Employer/Employment Resign Date - Year' 

2018-11-23 17:41:06 - [TEST_STEP][PASSED] - delay: Delayed 1 second(s)

2018-11-23 17:41:07 - [MESSAGE][PASSED] - Delayed 1 second(s)

2018-11-23 17:41:07 - [TEST_STEP][PASSED] - click: Object: 'Object Repository/Final Object Repo/Page_Form 1A - Cessation As Employer/Employment Resign Date - Year - Date' is clicked on

2018-11-23 17:41:07 - [MESSAGE][PASSED] - Object: 'Object Repository/Final Object Repo/Page_Form 1A - Cessation As Employer/Employment Resign Date - Year - Date' is clicked on

2018-11-23 17:41:07 - [TEST_STEP][PASSED] - delay: Delayed 2 second(s)

2018-11-23 17:41:09 - [MESSAGE][PASSED] - Delayed 2 second(s)

2018-11-23 17:41:09 - [TEST_STEP][PASSED] - click: Object: 'Object Repository/Final Object Repo/Page_Form 1A - Cessation As Employer/Save  Continue in Update Add Employee Resigned Date Page' is clicked on

2018-11-23 17:41:09 - [MESSAGE][PASSED] - Object: 'Object Repository/Final Object Repo/Page_Form 1A - Cessation As Employer/Save  Continue in Update Add Employee Resigned Date Page' is clicked on

2018-11-23 17:41:09 - [TEST_STEP][PASSED] - delay: Delayed 2 second(s)

2018-11-23 17:41:11 - [MESSAGE][PASSED] - Delayed 2 second(s)

2018-11-23 17:41:11 - [TEST_STEP][PASSED] - click: Object: 'Object Repository/Final Object Repo/Page_Form 1A - Cessation As Employer/Set Latest - Yes' is clicked on

2018-11-23 17:41:15 - [MESSAGE][PASSED] - Object: 'Object Repository/Final Object Repo/Page_Form 1A - Cessation As Employer/Set Latest - Yes' is clicked on

2018-11-23 17:41:15 - [TEST_STEP][PASSED] - delay: Delayed 2 second(s)

2018-11-23 17:41:17 - [MESSAGE][PASSED] - Delayed 2 second(s)

2018-11-23 17:41:17 - [TEST_STEP][PASSED] - click: Object: 'Object Repository/Final Object Repo/Page_Form 1A - Cessation As Employer/Add Document' is clicked on

2018-11-23 17:41:17 - [MESSAGE][PASSED] - Object: 'Object Repository/Final Object Repo/Page_Form 1A - Cessation As Employer/Add Document' is clicked on

2018-11-23 17:41:17 - [TEST_STEP][PASSED] - delay: Delayed 2 second(s)

2018-11-23 17:41:19 - [MESSAGE][PASSED] - Delayed 2 second(s)

2018-11-23 17:41:19 - [TEST_STEP][PASSED] - click: Object: 'Object Repository/Final Object Repo/Page_Form 1A - Cessation As Employer/Document Type' is clicked on

2018-11-23 17:41:21 - [MESSAGE][PASSED] - Object: 'Object Repository/Final Object Repo/Page_Form 1A - Cessation As Employer/Document Type' is clicked on

2018-11-23 17:41:21 - [TEST_STEP][PASSED] - delay: Delayed 2 second(s)

2018-11-23 17:41:23 - [MESSAGE][PASSED] - Delayed 2 second(s)

2018-11-23 17:41:23 - [TEST_STEP][PASSED] - click: Object: 'Object Repository/Final Object Repo/Page_Form 1A - Cessation As Employer/Document Type - Supporting Document For Cessation' is clicked on

2018-11-23 17:41:24 - [MESSAGE][PASSED] - Object: 'Object Repository/Final Object Repo/Page_Form 1A - Cessation As Employer/Document Type - Supporting Document For Cessation' is clicked on

2018-11-23 17:41:24 - [TEST_STEP][PASSED] - delay: Delayed 2 second(s)

2018-11-23 17:41:26 - [MESSAGE][PASSED] - Delayed 2 second(s)

2018-11-23 17:41:26 - [TEST_STEP][PASSED] - sendKeys: Keys 'C:\Users\Public\Pictures\Sample Pictures\Koala.jpg' sent to object: 'Object Repository/Final Object Repo/Page_Form 1A - Cessation As Employer/Uploading File'

2018-11-23 17:41:26 - [MESSAGE][PASSED] - Keys 'C:\Users\Public\Pictures\Sample Pictures\Koala.jpg' sent to object: 'Object Repository/Final Object Repo/Page_Form 1A - Cessation As Employer/Uploading File'

2018-11-23 17:41:26 - [TEST_STEP][PASSED] - delay: Delayed 2 second(s)

2018-11-23 17:41:28 - [MESSAGE][PASSED] - Delayed 2 second(s)

2018-11-23 17:41:28 - [TEST_STEP][PASSED] - click: Object: 'Object Repository/Final Object Repo/Page_Form 1A - Cessation As Employer/Add Document in Uploading Page' is clicked on

2018-11-23 17:41:32 - [MESSAGE][PASSED] - Object: 'Object Repository/Final Object Repo/Page_Form 1A - Cessation As Employer/Add Document in Uploading Page' is clicked on

2018-11-23 17:41:32 - [TEST_STEP][PASSED] - delay: Delayed 20 second(s)

2018-11-23 17:41:52 - [MESSAGE][PASSED] - Delayed 20 second(s)

2018-11-23 17:41:52 - [TEST_STEP][PASSED] - click: Object: 'Object Repository/Final Object Repo/Page_Form 1A - Cessation As Employer/Save  Continue in Uploading Page' is clicked on

2018-11-23 17:41:58 - [MESSAGE][PASSED] - Object: 'Object Repository/Final Object Repo/Page_Form 1A - Cessation As Employer/Save  Continue in Uploading Page' is clicked on

2018-11-23 17:41:58 - [TEST_STEP][PASSED] - delay: Delayed 2 second(s)

2018-11-23 17:42:00 - [MESSAGE][PASSED] - Delayed 2 second(s)

2018-11-23 17:42:00 - [TEST_STEP][PASSED] - click: Object: 'Object Repository/Final Object Repo/Page_Form 1A - Cessation As Employer/Submit2' is clicked on

2018-11-23 17:42:00 - [MESSAGE][PASSED] - Object: 'Object Repository/Final Object Repo/Page_Form 1A - Cessation As Employer/Submit2' is clicked on

2018-11-23 17:42:00 - [TEST_STEP][PASSED] - delay: Delayed 2 second(s)

2018-11-23 17:42:02 - [MESSAGE][PASSED] - Delayed 2 second(s)

2018-11-23 17:42:02 - [TEST_STEP][PASSED] - click: Object: 'Object Repository/Final Object Repo/Page_Form 1A - Cessation As Employer/Confirm' is clicked on

2018-11-23 17:42:08 - [MESSAGE][PASSED] - Object: 'Object Repository/Final Object Repo/Page_Form 1A - Cessation As Employer/Confirm' is clicked on

2018-11-23 17:42:08 - [TEST_STEP][PASSED] - delay: Delayed 2 second(s)

2018-11-23 17:42:10 - [MESSAGE][PASSED] - Delayed 2 second(s)

2018-11-23 17:42:10 - [TEST_STEP][PASSED] - verifyElementVisible: Object 'Object Repository/Final Object Repo/Page_Form 1A - Cessation As Employer/Message Your Request will be routed to UO' is visible

2018-11-23 17:42:10 - [MESSAGE][PASSED] - Object 'Object Repository/Final Object Repo/Page_Form 1A - Cessation As Employer/Message Your Request will be routed to UO' is visible

2018-11-23 17:42:10 - [TEST_STEP][PASSED] - delay: Delayed 1 second(s)

2018-11-23 17:42:11 - [MESSAGE][PASSED] - Delayed 1 second(s)

2018-11-23 17:42:11 - [TEST_STEP][PASSED] - verifyElementVisible: Object 'Object Repository/Final Object Repo/Page_Form 1A - Cessation As Employer/Letter of acknowledgement' is visible

2018-11-23 17:42:11 - [MESSAGE][PASSED] - Object 'Object Repository/Final Object Repo/Page_Form 1A - Cessation As Employer/Letter of acknowledgement' is visible

2018-11-23 17:42:11 - [MESSAGE][PASSED] - Call Test Case 'Test Cases/Final Aug 2018 - PKS Automation/Registration Module/Workflow/Form 1A - Cessation As Employer/Template/Form 1 A - Cessation As Employer (OTC)' successfully

2018-11-23 17:42:11 - [TEST_STEP][PASSED] - delay: Delayed 1 second(s)

2018-11-23 17:42:12 - [MESSAGE][PASSED] - Delayed 1 second(s)

2018-11-23 17:42:12 - [TEST_STEP][PASSED] - navigateToUrl: Navigate to 'https://assist2-uat.perkeso.gov.my/c/portal/logout' successfully

2018-11-23 17:42:13 - [MESSAGE][PASSED] - Navigate to 'https://assist2-uat.perkeso.gov.my/c/portal/logout' successfully

2018-11-23 17:42:13 - [TEST_STEP][PASSED] - delay: Delayed 1 second(s)

2018-11-23 17:42:14 - [MESSAGE][PASSED] - Delayed 1 second(s)

2018-11-23 17:42:14 - [TEST_STEP][PASSED] - callTestCase: Call Test Case 'Test Cases/Final Aug 2018 - PKS Automation/Common/Reference Number Getter' successfully

2018-11-23 17:42:14 - [TEST_CASE][PASSED] - Test Cases/Final Aug 2018 - PKS Automation/Common/Reference Number Getter: Test Cases/Final Aug 2018 - PKS Automation/Common/Reference Number Getter

2018-11-23 17:42:14 - [TEST_STEP][PASSED] - Statement - Try: null

2018-11-23 17:42:14 - [TEST_STEP][PASSED] - Statement - RefNo = new java.io.File(C://Users//Admin//Desktop//PKS//Automation Reference Point//KatalonReference.txt): null

2018-11-23 17:42:14 - [TEST_STEP][PASSED] - Statement - bufferread = new java.io.BufferedReader(new java.io.FileReader(RefNo)): null

2018-11-23 17:42:14 - [TEST_STEP][PASSED] - Statement - readedVal = bufferread.readLine(): null

2018-11-23 17:42:14 - [TEST_STEP][PASSED] - Statement - out.println(CaseReferenceNo): null

2018-11-23 17:42:14 - [TEST_STEP][PASSED] - Statement - out.println(readedVal): null

2018-11-23 17:42:14 - [TEST_STEP][PASSED] - Statement - CaseReferenceNo = "": null

2018-11-23 17:42:14 - [TEST_STEP][PASSED] - Statement - CaseReferenceNo = readedVal: null

2018-11-23 17:42:14 - [MESSAGE][PASSED] - Call Test Case 'Test Cases/Final Aug 2018 - PKS Automation/Common/Reference Number Getter' successfully

2018-11-23 17:42:14 - [TEST_STEP][PASSED] - callTestCase: Call Test Case 'Test Cases/Final Aug 2018 - PKS Automation/Common/Workflow Owner Finder' successfully

2018-11-23 17:42:14 - [TEST_CASE][PASSED] - Test Cases/Final Aug 2018 - PKS Automation/Common/Workflow Owner Finder: Test Cases/Final Aug 2018 - PKS Automation/Common/Workflow Owner Finder

2018-11-23 17:42:14 - [TEST_STEP][PASSED] - openBrowser: Browser is opened with url: ''

2018-11-23 17:42:14 - [MESSAGE][WARNING] - A browser is already opened. Closing browser and opening a new one

2018-11-23 17:42:19 - [MESSAGE][PASSED] - Browser is opened with url: ''

2018-11-23 17:42:19 - [TEST_STEP][PASSED] - navigateToUrl: Navigate to 'https://assist2-uat.perkeso.gov.my/login' successfully

2018-11-23 17:42:20 - [MESSAGE][PASSED] - Navigate to 'https://assist2-uat.perkeso.gov.my/login' successfully

2018-11-23 17:42:20 - [TEST_STEP][PASSED] - delay: Delayed 5 second(s)

2018-11-23 17:42:25 - [MESSAGE][PASSED] - Delayed 5 second(s)

2018-11-23 17:42:25 - [TEST_STEP][PASSED] - setText: Text 'test@liferay.com' is set on object 'Object Repository/Final Object Repo/Login Page/Internal User/Email Address'

2018-11-23 17:42:25 - [MESSAGE][PASSED] - Text 'test@liferay.com' is set on object 'Object Repository/Final Object Repo/Login Page/Internal User/Email Address'

2018-11-23 17:42:25 - [TEST_STEP][PASSED] - click: Object: 'Object Repository/Final Object Repo/Login Page/Internal User/Next Button' is clicked on

2018-11-23 17:42:26 - [MESSAGE][PASSED] - Object: 'Object Repository/Final Object Repo/Login Page/Internal User/Next Button' is clicked on

2018-11-23 17:42:26 - [TEST_STEP][PASSED] - delay: Delayed 2 second(s)

2018-11-23 17:42:28 - [MESSAGE][PASSED] - Delayed 2 second(s)

2018-11-23 17:42:28 - [TEST_STEP][PASSED] - setText: Text 'test' is set on object 'Object Repository/Final Object Repo/Login Page/Internal User/Password'

2018-11-23 17:42:28 - [MESSAGE][PASSED] - Text 'test' is set on object 'Object Repository/Final Object Repo/Login Page/Internal User/Password'

2018-11-23 17:42:28 - [TEST_STEP][PASSED] - delay: Delayed 2 second(s)

2018-11-23 17:42:30 - [MESSAGE][PASSED] - Delayed 2 second(s)

2018-11-23 17:42:30 - [TEST_STEP][PASSED] - click: Object: 'Object Repository/Final Object Repo/Login Page/Internal User/Login Button' is clicked on

2018-11-23 17:42:32 - [MESSAGE][PASSED] - Object: 'Object Repository/Final Object Repo/Login Page/Internal User/Login Button' is clicked on

2018-11-23 17:42:32 - [TEST_STEP][PASSED] - Statement - Try: Delayed 2 second(s)

2018-11-23 17:42:32 - [TEST_STEP][PASSED] - Statement - Checker = false: null

2018-11-23 17:42:32 - [TEST_STEP][PASSED] - Statement - Checker = com.kms.katalon.core.webui.keyword.WebUiBuiltInKeywords.verifyElementHasAttribute(com.kms.katalon.core.testobject.ObjectRepository.findTestObject(Final Object Repo/Landing Page/BM Detecting), "href", 20, OPTIONAL): Object 'Object Repository/Final Object Repo/Landing Page/BM Detecting' has attribute 'href'

2018-11-23 17:42:32 - [MESSAGE][PASSED] - Object 'Object Repository/Final Object Repo/Landing Page/BM Detecting' has attribute 'href'

2018-11-23 17:42:32 - [TEST_STEP][PASSED] - Statement - out.println(Checker): null

2018-11-23 17:42:32 - [TEST_STEP][PASSED] - Statement - If (Checker == false): null

2018-11-23 17:42:32 - [TEST_STEP][PASSED] - Statement - Else: null

2018-11-23 17:42:32 - [TEST_STEP][PASSED] - delay: Delayed 2 second(s)

2018-11-23 17:42:34 - [MESSAGE][PASSED] - Delayed 2 second(s)

2018-11-23 17:42:34 - [TEST_STEP][PASSED] - delay: Delayed 3 second(s)

2018-11-23 17:42:37 - [MESSAGE][PASSED] - Delayed 3 second(s)

2018-11-23 17:42:37 - [TEST_STEP][PASSED] - mouseOver: Object: 'Object Repository/Final Object Repo/Landing Page/WorkFlow Menu' is hovered

2018-11-23 17:42:37 - [MESSAGE][PASSED] - Object: 'Object Repository/Final Object Repo/Landing Page/WorkFlow Menu' is hovered

2018-11-23 17:42:37 - [TEST_STEP][PASSED] - delay: Delayed 2 second(s)

2018-11-23 17:42:39 - [MESSAGE][PASSED] - Delayed 2 second(s)

2018-11-23 17:42:39 - [TEST_STEP][PASSED] - click: Object: 'Object Repository/Final Object Repo/Landing Page/Select to Workflow Listing' is clicked on

2018-11-23 17:42:41 - [MESSAGE][PASSED] - Object: 'Object Repository/Final Object Repo/Landing Page/Select to Workflow Listing' is clicked on

2018-11-23 17:42:41 - [TEST_STEP][PASSED] - delay: Delayed 2 second(s)

2018-11-23 17:42:43 - [MESSAGE][PASSED] - Delayed 2 second(s)

2018-11-23 17:42:43 - [TEST_STEP][PASSED] - click: Object: 'Object Repository/Final Object Repo/WorkFlow Listing Page/Search Information - To Put Ref No' is clicked on

2018-11-23 17:42:43 - [MESSAGE][PASSED] - Object: 'Object Repository/Final Object Repo/WorkFlow Listing Page/Search Information - To Put Ref No' is clicked on

2018-11-23 17:42:43 - [TEST_STEP][PASSED] - delay: Delayed 2 second(s)

2018-11-23 17:42:45 - [MESSAGE][PASSED] - Delayed 2 second(s)

2018-11-23 17:42:45 - [TEST_STEP][PASSED] - callTestCase: Call Test Case 'Test Cases/Final Aug 2018 - PKS Automation/Common/Reference Number Getter' successfully

2018-11-23 17:42:45 - [TEST_CASE][PASSED] - Test Cases/Final Aug 2018 - PKS Automation/Common/Reference Number Getter: Test Cases/Final Aug 2018 - PKS Automation/Common/Reference Number Getter

2018-11-23 17:42:45 - [TEST_STEP][PASSED] - Statement - Try: null

2018-11-23 17:42:45 - [TEST_STEP][PASSED] - Statement - RefNo = new java.io.File(C://Users//Admin//Desktop//PKS//Automation Reference Point//KatalonReference.txt): null

2018-11-23 17:42:45 - [TEST_STEP][PASSED] - Statement - bufferread = new java.io.BufferedReader(new java.io.FileReader(RefNo)): null

2018-11-23 17:42:45 - [TEST_STEP][PASSED] - Statement - readedVal = bufferread.readLine(): null

2018-11-23 17:42:45 - [TEST_STEP][PASSED] - Statement - out.println(CaseReferenceNo): null

2018-11-23 17:42:45 - [TEST_STEP][PASSED] - Statement - out.println(readedVal): null

2018-11-23 17:42:45 - [TEST_STEP][PASSED] - Statement - CaseReferenceNo = "": null

2018-11-23 17:42:45 - [TEST_STEP][PASSED] - Statement - CaseReferenceNo = readedVal: null

2018-11-23 17:42:45 - [MESSAGE][PASSED] - Call Test Case 'Test Cases/Final Aug 2018 - PKS Automation/Common/Reference Number Getter' successfully

2018-11-23 17:42:45 - [TEST_STEP][PASSED] - setText: Text 'CUN112018C200001611' is set on object 'Object Repository/Final Object Repo/WorkFlow Listing Page/Ref No Set Text'

2018-11-23 17:42:45 - [MESSAGE][PASSED] - Text 'CUN112018C200001611' is set on object 'Object Repository/Final Object Repo/WorkFlow Listing Page/Ref No Set Text'

2018-11-23 17:42:45 - [TEST_STEP][PASSED] - delay: Delayed 2 second(s)

2018-11-23 17:42:47 - [MESSAGE][PASSED] - Delayed 2 second(s)

2018-11-23 17:42:47 - [TEST_STEP][PASSED] - click: Object: 'Object Repository/Final Object Repo/WorkFlow Listing Page/Search Ref No Search Button' is clicked on

2018-11-23 17:42:49 - [MESSAGE][PASSED] - Object: 'Object Repository/Final Object Repo/WorkFlow Listing Page/Search Ref No Search Button' is clicked on

2018-11-23 17:42:49 - [TEST_STEP][PASSED] - delay: Delayed 4 second(s)

2018-11-23 17:42:53 - [MESSAGE][PASSED] - Delayed 4 second(s)

2018-11-23 17:42:53 - [TEST_STEP][PASSED] - click: Object: 'Object Repository/Final Object Repo/WorkFlow Listing Page/Click Continue Tooltip' is clicked on

2018-11-23 17:42:54 - [MESSAGE][PASSED] - Object: 'Object Repository/Final Object Repo/WorkFlow Listing Page/Click Continue Tooltip' is clicked on

2018-11-23 17:42:54 - [TEST_STEP][PASSED] - delay: Delayed 5 second(s)

2018-11-23 17:42:59 - [MESSAGE][PASSED] - Delayed 5 second(s)

2018-11-23 17:42:59 - [TEST_STEP][PASSED] - doubleClick: Object: 'Object Repository/Final Object Repo/WorkFlow Listing Page/Workflow Found - Listing 1' is double clicked on

2018-11-23 17:43:00 - [MESSAGE][PASSED] - Object: 'Object Repository/Final Object Repo/WorkFlow Listing Page/Workflow Found - Listing 1' is double clicked on

2018-11-23 17:43:00 - [TEST_STEP][PASSED] - Statement - println(OwnerID): null

2018-11-23 17:43:00 - [TEST_STEP][PASSED] - Statement - OwnerID = com.kms.katalon.core.webui.keyword.WebUiBuiltInKeywords.getText(com.kms.katalon.core.testobject.ObjectRepository.findTestObject(Final Object Repo/WorkFlow Listing Page/Workflow Found - Listing 1), STOP_ON_FAILURE): Text of object 'Object Repository/Final Object Repo/WorkFlow Listing Page/Workflow Found - Listing 1' is: 'JOHORuo2'

2018-11-23 17:43:00 - [MESSAGE][PASSED] - Text of object 'Object Repository/Final Object Repo/WorkFlow Listing Page/Workflow Found - Listing 1' is: 'JOHORuo2'

2018-11-23 17:43:00 - [TEST_STEP][PASSED] - Statement - OwnerID = OwnerID.toLowerCase() + "@gmail.com": null

2018-11-23 17:43:00 - [TEST_STEP][PASSED] - Statement - println(OwnerID): null

2018-11-23 17:43:00 - [TEST_STEP][PASSED] - delay: Delayed 2 second(s)

2018-11-23 17:43:02 - [MESSAGE][PASSED] - Delayed 2 second(s)

2018-11-23 17:43:02 - [MESSAGE][PASSED] - Call Test Case 'Test Cases/Final Aug 2018 - PKS Automation/Common/Workflow Owner Finder' successfully

2018-11-23 17:43:02 - [TEST_STEP][PASSED] - delay: Delayed 1 second(s)

2018-11-23 17:43:03 - [MESSAGE][PASSED] - Delayed 1 second(s)

2018-11-23 17:43:03 - [TEST_STEP][PASSED] - navigateToUrl: Navigate to 'https://assist2-uat.perkeso.gov.my/c/portal/logout' successfully

2018-11-23 17:43:04 - [MESSAGE][PASSED] - Navigate to 'https://assist2-uat.perkeso.gov.my/c/portal/logout' successfully

2018-11-23 17:43:04 - [TEST_STEP][PASSED] - delay: Delayed 1 second(s)

2018-11-23 17:43:05 - [MESSAGE][PASSED] - Delayed 1 second(s)

2018-11-23 17:43:05 - [TEST_STEP][PASSED] - callTestCase: Call Test Case 'Test Cases/Final Aug 2018 - PKS Automation/Registration Module/Workflow/Login and Search Case For Workflow' successfully

2018-11-23 17:43:05 - [TEST_CASE][PASSED] - Test Cases/Final Aug 2018 - PKS Automation/Registration Module/Workflow/Login and Search Case For Workflow: Test Cases/Final Aug 2018 - PKS Automation/Registration Module/Workflow/Login and Search Case For Workflow

2018-11-23 17:43:05 - [TEST_STEP][PASSED] - navigateToUrl: Navigate to 'https://assist2-uat.perkeso.gov.my/login' successfully

2018-11-23 17:43:06 - [MESSAGE][PASSED] - Navigate to 'https://assist2-uat.perkeso.gov.my/login' successfully

2018-11-23 17:43:06 - [TEST_STEP][PASSED] - setText: Text 'johoruo2@gmail.com' is set on object 'Object Repository/Final Object Repo/Login Page/Internal User/Email Address'

2018-11-23 17:43:06 - [MESSAGE][PASSED] - Text 'johoruo2@gmail.com' is set on object 'Object Repository/Final Object Repo/Login Page/Internal User/Email Address'

2018-11-23 17:43:06 - [TEST_STEP][PASSED] - click: Object: 'Object Repository/Final Object Repo/Login Page/Internal User/Next Button' is clicked on

2018-11-23 17:43:06 - [MESSAGE][PASSED] - Object: 'Object Repository/Final Object Repo/Login Page/Internal User/Next Button' is clicked on

2018-11-23 17:43:06 - [TEST_STEP][PASSED] - delay: Delayed 1 second(s)

2018-11-23 17:43:07 - [MESSAGE][PASSED] - Delayed 1 second(s)

2018-11-23 17:43:07 - [TEST_STEP][PASSED] - setEncryptedText: Text ****** has been set on object 'Object Repository/Final Object Repo/Login Page/Internal User/Password'

2018-11-23 17:43:07 - [MESSAGE][PASSED] - Text ****** has been set on object 'Object Repository/Final Object Repo/Login Page/Internal User/Password'

2018-11-23 17:43:07 - [TEST_STEP][PASSED] - click: Object: 'Object Repository/Final Object Repo/Login Page/Internal User/Login Button' is clicked on

2018-11-23 17:43:10 - [MESSAGE][PASSED] - Object: 'Object Repository/Final Object Repo/Login Page/Internal User/Login Button' is clicked on

2018-11-23 17:43:10 - [TEST_STEP][PASSED] - delay: Delayed 2 second(s)

2018-11-23 17:43:12 - [MESSAGE][PASSED] - Delayed 2 second(s)

2018-11-23 17:43:12 - [TEST_STEP][PASSED] - Statement - Try: Delayed 2 second(s)

2018-11-23 17:43:12 - [TEST_STEP][PASSED] - Statement - Checker = false: null

2018-11-23 17:43:12 - [TEST_STEP][PASSED] - Statement - Checker = com.kms.katalon.core.webui.keyword.WebUiBuiltInKeywords.verifyElementHasAttribute(com.kms.katalon.core.testobject.ObjectRepository.findTestObject(Final Object Repo/Landing Page/BM Detecting), "href", 20, OPTIONAL): Object 'Object Repository/Final Object Repo/Landing Page/BM Detecting' has attribute 'href'

2018-11-23 17:43:12 - [MESSAGE][PASSED] - Object 'Object Repository/Final Object Repo/Landing Page/BM Detecting' has attribute 'href'

2018-11-23 17:43:12 - [TEST_STEP][PASSED] - Statement - out.println(Checker): null

2018-11-23 17:43:12 - [TEST_STEP][PASSED] - Statement - If (Checker == false): null

2018-11-23 17:43:12 - [TEST_STEP][PASSED] - Statement - Else: null

2018-11-23 17:43:12 - [TEST_STEP][PASSED] - delay: Delayed 2 second(s)

2018-11-23 17:43:14 - [MESSAGE][PASSED] - Delayed 2 second(s)

2018-11-23 17:43:14 - [TEST_STEP][PASSED] - click: Object: 'Object Repository/Final Object Repo/Page_MyASSIST - ASSIST - Search Pending Case For Add Supporting Document/Search Information' is clicked on

2018-11-23 17:43:14 - [MESSAGE][PASSED] - Object: 'Object Repository/Final Object Repo/Page_MyASSIST - ASSIST - Search Pending Case For Add Supporting Document/Search Information' is clicked on

2018-11-23 17:43:14 - [TEST_STEP][PASSED] - delay: Delayed 3 second(s)

2018-11-23 17:43:17 - [MESSAGE][PASSED] - Delayed 3 second(s)

2018-11-23 17:43:17 - [TEST_STEP][PASSED] - sendKeys: Keys 'CUN112018C200001611' sent to object: 'Object Repository/Final Object Repo/Page_MyASSIST - ASSIST - Search Pending Case For Add Supporting Document/Reference No'

2018-11-23 17:43:17 - [MESSAGE][PASSED] - Keys 'CUN112018C200001611' sent to object: 'Object Repository/Final Object Repo/Page_MyASSIST - ASSIST - Search Pending Case For Add Supporting Document/Reference No'

2018-11-23 17:43:17 - [TEST_STEP][PASSED] - click: Object: 'Object Repository/Final Object Repo/Page_MyASSIST - ASSIST - Search Pending Case For Add Supporting Document/Search Reference No' is clicked on

2018-11-23 17:43:19 - [MESSAGE][PASSED] - Object: 'Object Repository/Final Object Repo/Page_MyASSIST - ASSIST - Search Pending Case For Add Supporting Document/Search Reference No' is clicked on

2018-11-23 17:43:19 - [TEST_STEP][PASSED] - delay: Delayed 2 second(s)

2018-11-23 17:43:21 - [MESSAGE][PASSED] - Delayed 2 second(s)

2018-11-23 17:43:21 - [TEST_STEP][PASSED] - click: Object: 'Object Repository/Final Object Repo/Page_MyASSIST - ASSIST - Search Pending Case For Add Supporting Document/Continue' is clicked on

2018-11-23 17:43:25 - [MESSAGE][PASSED] - Object: 'Object Repository/Final Object Repo/Page_MyASSIST - ASSIST - Search Pending Case For Add Supporting Document/Continue' is clicked on

2018-11-23 17:43:25 - [TEST_STEP][PASSED] - delay: Delayed 20 second(s)

2018-11-23 17:43:45 - [MESSAGE][PASSED] - Delayed 20 second(s)

2018-11-23 17:43:45 - [MESSAGE][PASSED] - Call Test Case 'Test Cases/Final Aug 2018 - PKS Automation/Registration Module/Workflow/Login and Search Case For Workflow' successfully

2018-11-23 17:43:45 - [TEST_STEP][PASSED] - click: Object: 'Object Repository/Final Object Repo/Page_Form 1A - Cessation As Employer/Page_Form 1A - Cessation As Employer (Approve)/Save  Continue in Form 1A Page' is clicked on

2018-11-23 17:43:47 - [MESSAGE][PASSED] - Object: 'Object Repository/Final Object Repo/Page_Form 1A - Cessation As Employer/Page_Form 1A - Cessation As Employer (Approve)/Save  Continue in Form 1A Page' is clicked on

2018-11-23 17:43:47 - [TEST_STEP][PASSED] - delay: Delayed 2 second(s)

2018-11-23 17:43:49 - [MESSAGE][PASSED] - Delayed 2 second(s)

2018-11-23 17:43:49 - [TEST_STEP][PASSED] - click: Object: 'Object Repository/Final Object Repo/Page_Form 1A - Cessation As Employer/Employment Resign Date' is clicked on

2018-11-23 17:43:49 - [MESSAGE][PASSED] - Object: 'Object Repository/Final Object Repo/Page_Form 1A - Cessation As Employer/Employment Resign Date' is clicked on

2018-11-23 17:43:49 - [TEST_STEP][PASSED] - delay: Delayed 1 second(s)

2018-11-23 17:43:50 - [MESSAGE][PASSED] - Delayed 1 second(s)

2018-11-23 17:43:50 - [TEST_STEP][PASSED] - selectOptionByValue: All options with value '2030' are selected in object 'Object Repository/Final Object Repo/Page_Form 1A - Cessation As Employer/Employment Resign Date - Year' 

2018-11-23 17:43:51 - [MESSAGE][PASSED] - All options with value '2030' are selected in object 'Object Repository/Final Object Repo/Page_Form 1A - Cessation As Employer/Employment Resign Date - Year' 

2018-11-23 17:43:51 - [TEST_STEP][PASSED] - delay: Delayed 1 second(s)

2018-11-23 17:43:52 - [MESSAGE][PASSED] - Delayed 1 second(s)

2018-11-23 17:43:52 - [TEST_STEP][PASSED] - click: Object: 'Object Repository/Final Object Repo/Page_Form 1A - Cessation As Employer/Employment Resign Date - Year - Date' is clicked on

2018-11-23 17:43:52 - [MESSAGE][PASSED] - Object: 'Object Repository/Final Object Repo/Page_Form 1A - Cessation As Employer/Employment Resign Date - Year - Date' is clicked on

2018-11-23 17:43:52 - [TEST_STEP][PASSED] - delay: Delayed 2 second(s)

2018-11-23 17:43:54 - [MESSAGE][PASSED] - Delayed 2 second(s)

2018-11-23 17:43:54 - [TEST_STEP][PASSED] - click: Object: 'Object Repository/Final Object Repo/Page_Form 1A - Cessation As Employer/Page_Form 1A - Cessation As Employer (Approve)/Save  Continue in Update Add Employee Resigned Date Page' is clicked on

2018-11-23 17:43:55 - [MESSAGE][PASSED] - Object: 'Object Repository/Final Object Repo/Page_Form 1A - Cessation As Employer/Page_Form 1A - Cessation As Employer (Approve)/Save  Continue in Update Add Employee Resigned Date Page' is clicked on

2018-11-23 17:43:55 - [TEST_STEP][PASSED] - delay: Delayed 2 second(s)

2018-11-23 17:43:57 - [MESSAGE][PASSED] - Delayed 2 second(s)

2018-11-23 17:43:57 - [TEST_STEP][PASSED] - click: Object: 'Object Repository/Final Object Repo/Page_Form 1A - Cessation As Employer/Set Latest - Yes' is clicked on

2018-11-23 17:44:00 - [MESSAGE][PASSED] - Object: 'Object Repository/Final Object Repo/Page_Form 1A - Cessation As Employer/Set Latest - Yes' is clicked on

2018-11-23 17:44:00 - [TEST_STEP][PASSED] - delay: Delayed 2 second(s)

2018-11-23 17:44:02 - [MESSAGE][PASSED] - Delayed 2 second(s)

2018-11-23 17:44:02 - [TEST_STEP][PASSED] - click: Object: 'Object Repository/Final Object Repo/Page_Form 1A - Cessation As Employer/Page_Form 1A - Cessation As Employer (Approve)/Save  Contine in Uploading Document Page' is clicked on

2018-11-23 17:44:08 - [MESSAGE][PASSED] - Object: 'Object Repository/Final Object Repo/Page_Form 1A - Cessation As Employer/Page_Form 1A - Cessation As Employer (Approve)/Save  Contine in Uploading Document Page' is clicked on

2018-11-23 17:44:08 - [TEST_STEP][PASSED] - delay: Delayed 2 second(s)

2018-11-23 17:44:10 - [MESSAGE][PASSED] - Delayed 2 second(s)

2018-11-23 17:44:10 - [TEST_STEP][PASSED] - click: Object: 'Object Repository/Final Object Repo/Page_Form 1A - Cessation As Employer/Page_Form 1A - Cessation As Employer (Reject)/Reject' is clicked on

2018-11-23 17:44:10 - [MESSAGE][PASSED] - Object: 'Object Repository/Final Object Repo/Page_Form 1A - Cessation As Employer/Page_Form 1A - Cessation As Employer (Reject)/Reject' is clicked on

2018-11-23 17:44:10 - [TEST_STEP][PASSED] - delay: Delayed 2 second(s)

2018-11-23 17:44:12 - [MESSAGE][PASSED] - Delayed 2 second(s)

2018-11-23 17:44:12 - [TEST_STEP][PASSED] - click: Object: 'Object Repository/Final Object Repo/Page_Form 1A - Cessation As Employer/Page_Form 1A - Cessation As Employer (Reject)/Confirm' is clicked on

2018-11-23 17:44:18 - [MESSAGE][PASSED] - Object: 'Object Repository/Final Object Repo/Page_Form 1A - Cessation As Employer/Page_Form 1A - Cessation As Employer (Reject)/Confirm' is clicked on

2018-11-23 17:44:18 - [TEST_STEP][PASSED] - delay: Delayed 2 second(s)

2018-11-23 17:44:20 - [MESSAGE][PASSED] - Delayed 2 second(s)

2018-11-23 17:44:20 - [TEST_STEP][PASSED] - verifyElementVisible: Object 'Object Repository/Final Object Repo/Page_Form 1A - Cessation As Employer/Page_Form 1A - Cessation As Employer (Reject)/Message This Case has been Rejected' is visible

2018-11-23 17:44:20 - [MESSAGE][PASSED] - Object 'Object Repository/Final Object Repo/Page_Form 1A - Cessation As Employer/Page_Form 1A - Cessation As Employer (Reject)/Message This Case has been Rejected' is visible

2018-11-23 17:44:20 - [TEST_STEP][PASSED] - delay: Delayed 1 second(s)

2018-11-23 17:44:21 - [MESSAGE][PASSED] - Delayed 1 second(s)

2018-11-23 17:44:21 - [TEST_STEP][PASSED] - verifyElementVisible: Object 'Object Repository/Final Object Repo/Page_Form 1A - Cessation As Employer/Page_Form 1A - Cessation As Employer (Reject)/Letter of update rejection' is visible

2018-11-23 17:44:21 - [MESSAGE][PASSED] - Object 'Object Repository/Final Object Repo/Page_Form 1A - Cessation As Employer/Page_Form 1A - Cessation As Employer (Reject)/Letter of update rejection' is visible

2018-11-23 17:44:21 - [MESSAGE][PASSED] - Call Test Case 'Test Cases/Final Aug 2018 - PKS Automation/Registration Module/Workflow/Form 1A - Cessation As Employer/Template/Form 1 A - Cessation As Employer (Reject)' successfully]]></system-out>
         <system-err><![CDATA[]]></system-err>
      </testcase>
      <testcase name="Test Cases/Final Aug 2018 - PKS Automation/Registration Module/Workflow/Form 1A - Cessation As Employer/Employer to UO (Under enforcement)" classname="Test Cases/Final Aug 2018 - PKS Automation/Registration Module/Workflow/Form 1A - Cessation As Employer/Employer to UO (Under enforcement)" status="PASSED">
         <system-out><![CDATA[2018-11-23 17:44:21 - [TEST_CASE][PASSED] - Test Cases/Final Aug 2018 - PKS Automation/Registration Module/Workflow/Form 1A - Cessation As Employer/Employer to UO (Under enforcement): Test Cases/Final Aug 2018 - PKS Automation/Registration Module/Workflow/Form 1A - Cessation As Employer/Employer to UO (Under enforcement)

2018-11-23 17:44:22 - [TEST_STEP][PASSED] - callTestCase: Call Test Case 'Test Cases/Final Aug 2018 - PKS Automation/Registration Module/Workflow/Form 1A - Cessation As Employer/Template/Form 1 A - Cessation As Employer (OTC)' successfully

2018-11-23 17:44:22 - [TEST_CASE][PASSED] - Test Cases/Final Aug 2018 - PKS Automation/Registration Module/Workflow/Form 1A - Cessation As Employer/Template/Form 1 A - Cessation As Employer (OTC): Test Cases/Final Aug 2018 - PKS Automation/Registration Module/Workflow/Form 1A - Cessation As Employer/Template/Form 1 A - Cessation As Employer (OTC)

2018-11-23 17:44:22 - [TEST_STEP][PASSED] - openBrowser: Browser is opened with url: ''

2018-11-23 17:44:22 - [MESSAGE][WARNING] - A browser is already opened. Closing browser and opening a new one

2018-11-23 17:44:26 - [MESSAGE][PASSED] - Browser is opened with url: ''

2018-11-23 17:44:26 - [TEST_STEP][PASSED] - navigateToUrl: Navigate to 'https://assist2-uat.perkeso.gov.my/login' successfully

2018-11-23 17:44:27 - [MESSAGE][PASSED] - Navigate to 'https://assist2-uat.perkeso.gov.my/login' successfully

2018-11-23 17:44:27 - [TEST_STEP][PASSED] - setText: Text 'johorotc1@gmail.com' is set on object 'Object Repository/Final Object Repo/Login Page/Internal User/Email Address'

2018-11-23 17:44:28 - [MESSAGE][PASSED] - Text 'johorotc1@gmail.com' is set on object 'Object Repository/Final Object Repo/Login Page/Internal User/Email Address'

2018-11-23 17:44:28 - [TEST_STEP][PASSED] - click: Object: 'Object Repository/Final Object Repo/Login Page/Internal User/Next Button' is clicked on

2018-11-23 17:44:28 - [MESSAGE][PASSED] - Object: 'Object Repository/Final Object Repo/Login Page/Internal User/Next Button' is clicked on

2018-11-23 17:44:28 - [TEST_STEP][PASSED] - delay: Delayed 1 second(s)

2018-11-23 17:44:29 - [MESSAGE][PASSED] - Delayed 1 second(s)

2018-11-23 17:44:29 - [TEST_STEP][PASSED] - setEncryptedText: Text ****** has been set on object 'Object Repository/Final Object Repo/Login Page/Internal User/Password'

2018-11-23 17:44:29 - [MESSAGE][PASSED] - Text ****** has been set on object 'Object Repository/Final Object Repo/Login Page/Internal User/Password'

2018-11-23 17:44:29 - [TEST_STEP][PASSED] - click: Object: 'Object Repository/Final Object Repo/Login Page/Internal User/Login Button' is clicked on

2018-11-23 17:44:31 - [MESSAGE][PASSED] - Object: 'Object Repository/Final Object Repo/Login Page/Internal User/Login Button' is clicked on

2018-11-23 17:44:31 - [TEST_STEP][PASSED] - delay: Delayed 1 second(s)

2018-11-23 17:44:32 - [MESSAGE][PASSED] - Delayed 1 second(s)

2018-11-23 17:44:32 - [TEST_STEP][PASSED] - Statement - Try: Delayed 2 second(s)

2018-11-23 17:44:32 - [TEST_STEP][PASSED] - Statement - Checker = false: null

2018-11-23 17:44:32 - [TEST_STEP][PASSED] - Statement - Checker = com.kms.katalon.core.webui.keyword.WebUiBuiltInKeywords.verifyElementHasAttribute(com.kms.katalon.core.testobject.ObjectRepository.findTestObject(Final Object Repo/Landing Page/BM Detecting), "href", 20, OPTIONAL): Object 'Object Repository/Final Object Repo/Landing Page/BM Detecting' has attribute 'href'

2018-11-23 17:44:33 - [MESSAGE][PASSED] - Object 'Object Repository/Final Object Repo/Landing Page/BM Detecting' has attribute 'href'

2018-11-23 17:44:33 - [TEST_STEP][PASSED] - Statement - out.println(Checker): null

2018-11-23 17:44:33 - [TEST_STEP][PASSED] - Statement - If (Checker == false): null

2018-11-23 17:44:33 - [TEST_STEP][PASSED] - Statement - Else: null

2018-11-23 17:44:33 - [TEST_STEP][PASSED] - delay: Delayed 2 second(s)

2018-11-23 17:44:35 - [MESSAGE][PASSED] - Delayed 2 second(s)

2018-11-23 17:44:35 - [TEST_STEP][PASSED] - navigateToUrl: Navigate to 'https://assist2-uat.perkeso.gov.my/web/registration/update/form-1a-cessation-as-employer-discontinue-business-' successfully

2018-11-23 17:44:36 - [MESSAGE][PASSED] - Navigate to 'https://assist2-uat.perkeso.gov.my/web/registration/update/form-1a-cessation-as-employer-discontinue-business-' successfully

2018-11-23 17:44:36 - [TEST_STEP][PASSED] - setText: Text 'E1102069770Z' is set on object 'Object Repository/Final Object Repo/Page_Update Employer Information/Employer Code'

2018-11-23 17:44:36 - [MESSAGE][PASSED] - Text 'E1102069770Z' is set on object 'Object Repository/Final Object Repo/Page_Update Employer Information/Employer Code'

2018-11-23 17:44:36 - [TEST_STEP][PASSED] - click: Object: 'Object Repository/Final Object Repo/Page_Update Employer Information/Search Button' is clicked on

2018-11-23 17:44:37 - [MESSAGE][PASSED] - Object: 'Object Repository/Final Object Repo/Page_Update Employer Information/Search Button' is clicked on

2018-11-23 17:44:37 - [TEST_STEP][PASSED] - click: Object: 'Object Repository/Final Object Repo/Page_Update Employer Information/Edit Button' is clicked on

2018-11-23 17:44:39 - [MESSAGE][PASSED] - Object: 'Object Repository/Final Object Repo/Page_Update Employer Information/Edit Button' is clicked on

2018-11-23 17:44:39 - [TEST_STEP][PASSED] - Statement - abc = com.kms.katalon.core.webui.keyword.WebUiBuiltInKeywords.getAttribute(com.kms.katalon.core.testobject.ObjectRepository.findTestObject(Final Object Repo/Page_Form 1A - Cessation As Employer/Employer Status), "value"): Attribute 'value' of object 'Object Repository/Final Object Repo/Page_Form 1A - Cessation As Employer/Employer Status' is: 'Dormant'

2018-11-23 17:44:39 - [MESSAGE][PASSED] - Attribute 'value' of object 'Object Repository/Final Object Repo/Page_Form 1A - Cessation As Employer/Employer Status' is: 'Dormant'

2018-11-23 17:44:39 - [TEST_STEP][PASSED] - Statement - out.println(abc): null

2018-11-23 17:44:39 - [TEST_STEP][PASSED] - Statement - If (abc == "Active"): null

2018-11-23 17:44:39 - [TEST_STEP][PASSED] - Statement - Else If (abc == "Cancel"): null

2018-11-23 17:44:39 - [TEST_STEP][PASSED] - Statement - Else If (abc == "Dormant"): Object: 'Object Repository/Final Object Repo/Page_Form 1A - Cessation As Employer/Change Employer Status to - Dormant' is clicked on

2018-11-23 17:44:39 - [TEST_STEP][PASSED] - click: Object: 'Object Repository/Final Object Repo/Page_Form 1A - Cessation As Employer/Change Employer Status to' is clicked on

2018-11-23 17:44:40 - [MESSAGE][PASSED] - Object: 'Object Repository/Final Object Repo/Page_Form 1A - Cessation As Employer/Change Employer Status to' is clicked on

2018-11-23 17:44:40 - [TEST_STEP][PASSED] - click: Object: 'Object Repository/Final Object Repo/Page_Form 1A - Cessation As Employer/Change Employer Status to - Dormant' is clicked on

2018-11-23 17:44:40 - [MESSAGE][PASSED] - Object: 'Object Repository/Final Object Repo/Page_Form 1A - Cessation As Employer/Change Employer Status to - Dormant' is clicked on

2018-11-23 17:44:40 - [TEST_STEP][PASSED] - click: Object: 'Object Repository/Final Object Repo/Page_Form 1A - Cessation As Employer/Calender' is clicked on

2018-11-23 17:44:41 - [MESSAGE][PASSED] - Object: 'Object Repository/Final Object Repo/Page_Form 1A - Cessation As Employer/Calender' is clicked on

2018-11-23 17:44:41 - [TEST_STEP][PASSED] - click: Object: 'Object Repository/Final Object Repo/Page_Form 1A - Cessation As Employer/Calender - Date' is clicked on

2018-11-23 17:44:42 - [MESSAGE][PASSED] - Object: 'Object Repository/Final Object Repo/Page_Form 1A - Cessation As Employer/Calender - Date' is clicked on

2018-11-23 17:44:42 - [TEST_STEP][PASSED] - delay: Delayed 2 second(s)

2018-11-23 17:44:44 - [MESSAGE][PASSED] - Delayed 2 second(s)

2018-11-23 17:44:44 - [TEST_STEP][PASSED] - click: Object: 'Object Repository/Final Object Repo/Page_Form 1A - Cessation As Employer/Save  Continue in Form 1A Page' is clicked on

2018-11-23 17:44:46 - [MESSAGE][PASSED] - Object: 'Object Repository/Final Object Repo/Page_Form 1A - Cessation As Employer/Save  Continue in Form 1A Page' is clicked on

2018-11-23 17:44:46 - [TEST_STEP][PASSED] - delay: Delayed 2 second(s)

2018-11-23 17:44:48 - [MESSAGE][PASSED] - Delayed 2 second(s)

2018-11-23 17:44:48 - [TEST_STEP][PASSED] - click: Object: 'Object Repository/Final Object Repo/Page_Form 1A - Cessation As Employer/Employment Resign Date' is clicked on

2018-11-23 17:44:49 - [MESSAGE][PASSED] - Object: 'Object Repository/Final Object Repo/Page_Form 1A - Cessation As Employer/Employment Resign Date' is clicked on

2018-11-23 17:44:49 - [TEST_STEP][PASSED] - delay: Delayed 1 second(s)

2018-11-23 17:44:50 - [MESSAGE][PASSED] - Delayed 1 second(s)

2018-11-23 17:44:50 - [TEST_STEP][PASSED] - Statement - CaseReferenceNo = com.kms.katalon.core.webui.keyword.WebUiBuiltInKeywords.getText(com.kms.katalon.core.testobject.ObjectRepository.findTestObject(Final Object Repo/Page_Update Employer Information/Reference Number in Update Employee Information Page)): Text of object 'Object Repository/Final Object Repo/Page_Update Employer Information/Reference Number in Update Employee Information Page' is: 'CUN112018C200001612'

2018-11-23 17:44:50 - [MESSAGE][PASSED] - Text of object 'Object Repository/Final Object Repo/Page_Update Employer Information/Reference Number in Update Employee Information Page' is: 'CUN112018C200001612'

2018-11-23 17:44:50 - [TEST_STEP][PASSED] - callTestCase: Call Test Case 'Test Cases/Final Aug 2018 - PKS Automation/Common/Reference Number Setter' successfully

2018-11-23 17:44:50 - [TEST_CASE][PASSED] - Test Cases/Final Aug 2018 - PKS Automation/Common/Reference Number Setter: Test Cases/Final Aug 2018 - PKS Automation/Common/Reference Number Setter

2018-11-23 17:44:50 - [TEST_STEP][PASSED] - Statement - RefNoOldFile = new java.io.File(C://Users//Admin//Desktop//PKS//Automation Reference Point//KatalonReference.txt): null

2018-11-23 17:44:50 - [TEST_STEP][PASSED] - Statement - RefNoOldFile.delete(): null

2018-11-23 17:44:50 - [TEST_STEP][PASSED] - delay: Delayed 5 second(s)

2018-11-23 17:44:55 - [MESSAGE][PASSED] - Delayed 5 second(s)

2018-11-23 17:44:55 - [TEST_STEP][PASSED] - Statement - RefNo = new java.io.File(C://Users//Admin//Desktop//PKS//Automation Reference Point//KatalonReference.txt): null

2018-11-23 17:44:55 - [TEST_STEP][PASSED] - Statement - f2 = new java.io.FileWriter(RefNo, false): null

2018-11-23 17:44:55 - [TEST_STEP][PASSED] - Statement - f2.write(CaseReferenceNo): null

2018-11-23 17:44:55 - [TEST_STEP][PASSED] - Statement - f2.close(): null

2018-11-23 17:44:55 - [TEST_STEP][PASSED] - Statement - out.println("


" + CaseReferenceNo + "


"): null

2018-11-23 17:44:55 - [MESSAGE][PASSED] - Call Test Case 'Test Cases/Final Aug 2018 - PKS Automation/Common/Reference Number Setter' successfully

2018-11-23 17:44:55 - [TEST_STEP][PASSED] - selectOptionByValue: All options with value '2030' are selected in object 'Object Repository/Final Object Repo/Page_Form 1A - Cessation As Employer/Employment Resign Date - Year' 

2018-11-23 17:44:56 - [MESSAGE][PASSED] - All options with value '2030' are selected in object 'Object Repository/Final Object Repo/Page_Form 1A - Cessation As Employer/Employment Resign Date - Year' 

2018-11-23 17:44:56 - [TEST_STEP][PASSED] - delay: Delayed 1 second(s)

2018-11-23 17:44:57 - [MESSAGE][PASSED] - Delayed 1 second(s)

2018-11-23 17:44:57 - [TEST_STEP][PASSED] - click: Object: 'Object Repository/Final Object Repo/Page_Form 1A - Cessation As Employer/Employment Resign Date - Year - Date' is clicked on

2018-11-23 17:44:57 - [MESSAGE][PASSED] - Object: 'Object Repository/Final Object Repo/Page_Form 1A - Cessation As Employer/Employment Resign Date - Year - Date' is clicked on

2018-11-23 17:44:57 - [TEST_STEP][PASSED] - delay: Delayed 2 second(s)

2018-11-23 17:44:59 - [MESSAGE][PASSED] - Delayed 2 second(s)

2018-11-23 17:44:59 - [TEST_STEP][PASSED] - click: Object: 'Object Repository/Final Object Repo/Page_Form 1A - Cessation As Employer/Save  Continue in Update Add Employee Resigned Date Page' is clicked on

2018-11-23 17:44:59 - [MESSAGE][PASSED] - Object: 'Object Repository/Final Object Repo/Page_Form 1A - Cessation As Employer/Save  Continue in Update Add Employee Resigned Date Page' is clicked on

2018-11-23 17:44:59 - [TEST_STEP][PASSED] - delay: Delayed 2 second(s)

2018-11-23 17:45:01 - [MESSAGE][PASSED] - Delayed 2 second(s)

2018-11-23 17:45:01 - [TEST_STEP][PASSED] - click: Object: 'Object Repository/Final Object Repo/Page_Form 1A - Cessation As Employer/Set Latest - Yes' is clicked on

2018-11-23 17:45:05 - [MESSAGE][PASSED] - Object: 'Object Repository/Final Object Repo/Page_Form 1A - Cessation As Employer/Set Latest - Yes' is clicked on

2018-11-23 17:45:05 - [TEST_STEP][PASSED] - delay: Delayed 2 second(s)

2018-11-23 17:45:07 - [MESSAGE][PASSED] - Delayed 2 second(s)

2018-11-23 17:45:07 - [TEST_STEP][PASSED] - click: Object: 'Object Repository/Final Object Repo/Page_Form 1A - Cessation As Employer/Add Document' is clicked on

2018-11-23 17:45:07 - [MESSAGE][PASSED] - Object: 'Object Repository/Final Object Repo/Page_Form 1A - Cessation As Employer/Add Document' is clicked on

2018-11-23 17:45:07 - [TEST_STEP][PASSED] - delay: Delayed 2 second(s)

2018-11-23 17:45:09 - [MESSAGE][PASSED] - Delayed 2 second(s)

2018-11-23 17:45:09 - [TEST_STEP][PASSED] - click: Object: 'Object Repository/Final Object Repo/Page_Form 1A - Cessation As Employer/Document Type' is clicked on

2018-11-23 17:45:10 - [MESSAGE][PASSED] - Object: 'Object Repository/Final Object Repo/Page_Form 1A - Cessation As Employer/Document Type' is clicked on

2018-11-23 17:45:10 - [TEST_STEP][PASSED] - delay: Delayed 2 second(s)

2018-11-23 17:45:12 - [MESSAGE][PASSED] - Delayed 2 second(s)

2018-11-23 17:45:12 - [TEST_STEP][PASSED] - click: Object: 'Object Repository/Final Object Repo/Page_Form 1A - Cessation As Employer/Document Type - Supporting Document For Cessation' is clicked on

2018-11-23 17:45:13 - [MESSAGE][PASSED] - Object: 'Object Repository/Final Object Repo/Page_Form 1A - Cessation As Employer/Document Type - Supporting Document For Cessation' is clicked on

2018-11-23 17:45:13 - [TEST_STEP][PASSED] - delay: Delayed 2 second(s)

2018-11-23 17:45:15 - [MESSAGE][PASSED] - Delayed 2 second(s)

2018-11-23 17:45:15 - [TEST_STEP][PASSED] - sendKeys: Keys 'C:\Users\Public\Pictures\Sample Pictures\Koala.jpg' sent to object: 'Object Repository/Final Object Repo/Page_Form 1A - Cessation As Employer/Uploading File'

2018-11-23 17:45:15 - [MESSAGE][PASSED] - Keys 'C:\Users\Public\Pictures\Sample Pictures\Koala.jpg' sent to object: 'Object Repository/Final Object Repo/Page_Form 1A - Cessation As Employer/Uploading File'

2018-11-23 17:45:15 - [TEST_STEP][PASSED] - delay: Delayed 2 second(s)

2018-11-23 17:45:17 - [MESSAGE][PASSED] - Delayed 2 second(s)

2018-11-23 17:45:17 - [TEST_STEP][PASSED] - click: Object: 'Object Repository/Final Object Repo/Page_Form 1A - Cessation As Employer/Add Document in Uploading Page' is clicked on

2018-11-23 17:45:22 - [MESSAGE][PASSED] - Object: 'Object Repository/Final Object Repo/Page_Form 1A - Cessation As Employer/Add Document in Uploading Page' is clicked on

2018-11-23 17:45:22 - [TEST_STEP][PASSED] - delay: Delayed 20 second(s)

2018-11-23 17:45:42 - [MESSAGE][PASSED] - Delayed 20 second(s)

2018-11-23 17:45:42 - [TEST_STEP][PASSED] - click: Object: 'Object Repository/Final Object Repo/Page_Form 1A - Cessation As Employer/Save  Continue in Uploading Page' is clicked on

2018-11-23 17:45:47 - [MESSAGE][PASSED] - Object: 'Object Repository/Final Object Repo/Page_Form 1A - Cessation As Employer/Save  Continue in Uploading Page' is clicked on

2018-11-23 17:45:47 - [TEST_STEP][PASSED] - delay: Delayed 2 second(s)

2018-11-23 17:45:49 - [MESSAGE][PASSED] - Delayed 2 second(s)

2018-11-23 17:45:49 - [TEST_STEP][PASSED] - click: Object: 'Object Repository/Final Object Repo/Page_Form 1A - Cessation As Employer/Submit2' is clicked on

2018-11-23 17:45:50 - [MESSAGE][PASSED] - Object: 'Object Repository/Final Object Repo/Page_Form 1A - Cessation As Employer/Submit2' is clicked on

2018-11-23 17:45:50 - [TEST_STEP][PASSED] - delay: Delayed 2 second(s)

2018-11-23 17:45:52 - [MESSAGE][PASSED] - Delayed 2 second(s)

2018-11-23 17:45:52 - [TEST_STEP][PASSED] - click: Object: 'Object Repository/Final Object Repo/Page_Form 1A - Cessation As Employer/Confirm' is clicked on

2018-11-23 17:45:58 - [MESSAGE][PASSED] - Object: 'Object Repository/Final Object Repo/Page_Form 1A - Cessation As Employer/Confirm' is clicked on

2018-11-23 17:45:58 - [TEST_STEP][PASSED] - delay: Delayed 2 second(s)

2018-11-23 17:46:00 - [MESSAGE][PASSED] - Delayed 2 second(s)

2018-11-23 17:46:00 - [TEST_STEP][PASSED] - verifyElementVisible: Object 'Object Repository/Final Object Repo/Page_Form 1A - Cessation As Employer/Message Your Request will be routed to UO' is visible

2018-11-23 17:46:00 - [MESSAGE][PASSED] - Object 'Object Repository/Final Object Repo/Page_Form 1A - Cessation As Employer/Message Your Request will be routed to UO' is visible

2018-11-23 17:46:00 - [TEST_STEP][PASSED] - delay: Delayed 1 second(s)

2018-11-23 17:46:01 - [MESSAGE][PASSED] - Delayed 1 second(s)

2018-11-23 17:46:01 - [TEST_STEP][PASSED] - verifyElementVisible: Object 'Object Repository/Final Object Repo/Page_Form 1A - Cessation As Employer/Letter of acknowledgement' is visible

2018-11-23 17:46:01 - [MESSAGE][PASSED] - Object 'Object Repository/Final Object Repo/Page_Form 1A - Cessation As Employer/Letter of acknowledgement' is visible

2018-11-23 17:46:01 - [MESSAGE][PASSED] - Call Test Case 'Test Cases/Final Aug 2018 - PKS Automation/Registration Module/Workflow/Form 1A - Cessation As Employer/Template/Form 1 A - Cessation As Employer (OTC)' successfully

2018-11-23 17:46:01 - [TEST_STEP][PASSED] - callTestCase: Call Test Case 'Test Cases/Final Aug 2018 - PKS Automation/Registration Module/Workflow/Form 1A - Cessation As Employer/Template/Form 1 A - Cessation As Employer (Under enforcement)' successfully

2018-11-23 17:46:01 - [TEST_CASE][PASSED] - Test Cases/Final Aug 2018 - PKS Automation/Registration Module/Workflow/Form 1A - Cessation As Employer/Template/Form 1 A - Cessation As Employer (Under enforcement): Test Cases/Final Aug 2018 - PKS Automation/Registration Module/Workflow/Form 1A - Cessation As Employer/Template/Form 1 A - Cessation As Employer (Under enforcement)

2018-11-23 17:46:01 - [TEST_STEP][NOT_RUN] - callTestCase: NOT_RUN: callTestCase

2018-11-23 17:46:01 - [MESSAGE][NOT_RUN] - NOT_RUN: callTestCase

2018-11-23 17:46:01 - [TEST_STEP][PASSED] - delay: Delayed 1 second(s)

2018-11-23 17:46:02 - [MESSAGE][PASSED] - Delayed 1 second(s)

2018-11-23 17:46:02 - [TEST_STEP][PASSED] - navigateToUrl: Navigate to 'https://assist2-uat.perkeso.gov.my/c/portal/logout' successfully

2018-11-23 17:46:03 - [MESSAGE][PASSED] - Navigate to 'https://assist2-uat.perkeso.gov.my/c/portal/logout' successfully

2018-11-23 17:46:03 - [TEST_STEP][PASSED] - delay: Delayed 1 second(s)

2018-11-23 17:46:04 - [MESSAGE][PASSED] - Delayed 1 second(s)

2018-11-23 17:46:04 - [TEST_STEP][PASSED] - callTestCase: Call Test Case 'Test Cases/Final Aug 2018 - PKS Automation/Common/Reference Number Getter' successfully

2018-11-23 17:46:04 - [TEST_CASE][PASSED] - Test Cases/Final Aug 2018 - PKS Automation/Common/Reference Number Getter: Test Cases/Final Aug 2018 - PKS Automation/Common/Reference Number Getter

2018-11-23 17:46:04 - [TEST_STEP][PASSED] - Statement - Try: null

2018-11-23 17:46:04 - [TEST_STEP][PASSED] - Statement - RefNo = new java.io.File(C://Users//Admin//Desktop//PKS//Automation Reference Point//KatalonReference.txt): null

2018-11-23 17:46:04 - [TEST_STEP][PASSED] - Statement - bufferread = new java.io.BufferedReader(new java.io.FileReader(RefNo)): null

2018-11-23 17:46:04 - [TEST_STEP][PASSED] - Statement - readedVal = bufferread.readLine(): null

2018-11-23 17:46:04 - [TEST_STEP][PASSED] - Statement - out.println(CaseReferenceNo): null

2018-11-23 17:46:04 - [TEST_STEP][PASSED] - Statement - out.println(readedVal): null

2018-11-23 17:46:04 - [TEST_STEP][PASSED] - Statement - CaseReferenceNo = "": null

2018-11-23 17:46:04 - [TEST_STEP][PASSED] - Statement - CaseReferenceNo = readedVal: null

2018-11-23 17:46:04 - [MESSAGE][PASSED] - Call Test Case 'Test Cases/Final Aug 2018 - PKS Automation/Common/Reference Number Getter' successfully

2018-11-23 17:46:04 - [TEST_STEP][PASSED] - callTestCase: Call Test Case 'Test Cases/Final Aug 2018 - PKS Automation/Common/Workflow Owner Finder' successfully

2018-11-23 17:46:04 - [TEST_CASE][PASSED] - Test Cases/Final Aug 2018 - PKS Automation/Common/Workflow Owner Finder: Test Cases/Final Aug 2018 - PKS Automation/Common/Workflow Owner Finder

2018-11-23 17:46:04 - [TEST_STEP][PASSED] - openBrowser: Browser is opened with url: ''

2018-11-23 17:46:04 - [MESSAGE][WARNING] - A browser is already opened. Closing browser and opening a new one

2018-11-23 17:46:09 - [MESSAGE][PASSED] - Browser is opened with url: ''

2018-11-23 17:46:09 - [TEST_STEP][PASSED] - navigateToUrl: Navigate to 'https://assist2-uat.perkeso.gov.my/login' successfully

2018-11-23 17:46:10 - [MESSAGE][PASSED] - Navigate to 'https://assist2-uat.perkeso.gov.my/login' successfully

2018-11-23 17:46:10 - [TEST_STEP][PASSED] - delay: Delayed 5 second(s)

2018-11-23 17:46:15 - [MESSAGE][PASSED] - Delayed 5 second(s)

2018-11-23 17:46:15 - [TEST_STEP][PASSED] - setText: Text 'test@liferay.com' is set on object 'Object Repository/Final Object Repo/Login Page/Internal User/Email Address'

2018-11-23 17:46:16 - [MESSAGE][PASSED] - Text 'test@liferay.com' is set on object 'Object Repository/Final Object Repo/Login Page/Internal User/Email Address'

2018-11-23 17:46:16 - [TEST_STEP][PASSED] - click: Object: 'Object Repository/Final Object Repo/Login Page/Internal User/Next Button' is clicked on

2018-11-23 17:46:16 - [MESSAGE][PASSED] - Object: 'Object Repository/Final Object Repo/Login Page/Internal User/Next Button' is clicked on

2018-11-23 17:46:16 - [TEST_STEP][PASSED] - delay: Delayed 2 second(s)

2018-11-23 17:46:18 - [MESSAGE][PASSED] - Delayed 2 second(s)

2018-11-23 17:46:18 - [TEST_STEP][PASSED] - setText: Text 'test' is set on object 'Object Repository/Final Object Repo/Login Page/Internal User/Password'

2018-11-23 17:46:18 - [MESSAGE][PASSED] - Text 'test' is set on object 'Object Repository/Final Object Repo/Login Page/Internal User/Password'

2018-11-23 17:46:18 - [TEST_STEP][PASSED] - delay: Delayed 2 second(s)

2018-11-23 17:46:20 - [MESSAGE][PASSED] - Delayed 2 second(s)

2018-11-23 17:46:20 - [TEST_STEP][PASSED] - click: Object: 'Object Repository/Final Object Repo/Login Page/Internal User/Login Button' is clicked on

2018-11-23 17:46:22 - [MESSAGE][PASSED] - Object: 'Object Repository/Final Object Repo/Login Page/Internal User/Login Button' is clicked on

2018-11-23 17:46:22 - [TEST_STEP][PASSED] - Statement - Try: Delayed 2 second(s)

2018-11-23 17:46:22 - [TEST_STEP][PASSED] - Statement - Checker = false: null

2018-11-23 17:46:22 - [TEST_STEP][PASSED] - Statement - Checker = com.kms.katalon.core.webui.keyword.WebUiBuiltInKeywords.verifyElementHasAttribute(com.kms.katalon.core.testobject.ObjectRepository.findTestObject(Final Object Repo/Landing Page/BM Detecting), "href", 20, OPTIONAL): Object 'Object Repository/Final Object Repo/Landing Page/BM Detecting' has attribute 'href'

2018-11-23 17:46:22 - [MESSAGE][PASSED] - Object 'Object Repository/Final Object Repo/Landing Page/BM Detecting' has attribute 'href'

2018-11-23 17:46:22 - [TEST_STEP][PASSED] - Statement - out.println(Checker): null

2018-11-23 17:46:22 - [TEST_STEP][PASSED] - Statement - If (Checker == false): null

2018-11-23 17:46:22 - [TEST_STEP][PASSED] - Statement - Else: null

2018-11-23 17:46:22 - [TEST_STEP][PASSED] - delay: Delayed 2 second(s)

2018-11-23 17:46:24 - [MESSAGE][PASSED] - Delayed 2 second(s)

2018-11-23 17:46:24 - [TEST_STEP][PASSED] - delay: Delayed 3 second(s)

2018-11-23 17:46:27 - [MESSAGE][PASSED] - Delayed 3 second(s)

2018-11-23 17:46:27 - [TEST_STEP][PASSED] - mouseOver: Object: 'Object Repository/Final Object Repo/Landing Page/WorkFlow Menu' is hovered

2018-11-23 17:46:28 - [MESSAGE][PASSED] - Object: 'Object Repository/Final Object Repo/Landing Page/WorkFlow Menu' is hovered

2018-11-23 17:46:28 - [TEST_STEP][PASSED] - delay: Delayed 2 second(s)

2018-11-23 17:46:30 - [MESSAGE][PASSED] - Delayed 2 second(s)

2018-11-23 17:46:30 - [TEST_STEP][PASSED] - click: Object: 'Object Repository/Final Object Repo/Landing Page/Select to Workflow Listing' is clicked on

2018-11-23 17:46:31 - [MESSAGE][PASSED] - Object: 'Object Repository/Final Object Repo/Landing Page/Select to Workflow Listing' is clicked on

2018-11-23 17:46:31 - [TEST_STEP][PASSED] - delay: Delayed 2 second(s)

2018-11-23 17:46:33 - [MESSAGE][PASSED] - Delayed 2 second(s)

2018-11-23 17:46:33 - [TEST_STEP][PASSED] - click: Object: 'Object Repository/Final Object Repo/WorkFlow Listing Page/Search Information - To Put Ref No' is clicked on

2018-11-23 17:46:33 - [MESSAGE][PASSED] - Object: 'Object Repository/Final Object Repo/WorkFlow Listing Page/Search Information - To Put Ref No' is clicked on

2018-11-23 17:46:33 - [TEST_STEP][PASSED] - delay: Delayed 2 second(s)

2018-11-23 17:46:35 - [MESSAGE][PASSED] - Delayed 2 second(s)

2018-11-23 17:46:35 - [TEST_STEP][PASSED] - callTestCase: Call Test Case 'Test Cases/Final Aug 2018 - PKS Automation/Common/Reference Number Getter' successfully

2018-11-23 17:46:36 - [TEST_CASE][PASSED] - Test Cases/Final Aug 2018 - PKS Automation/Common/Reference Number Getter: Test Cases/Final Aug 2018 - PKS Automation/Common/Reference Number Getter

2018-11-23 17:46:36 - [TEST_STEP][PASSED] - Statement - Try: null

2018-11-23 17:46:36 - [TEST_STEP][PASSED] - Statement - RefNo = new java.io.File(C://Users//Admin//Desktop//PKS//Automation Reference Point//KatalonReference.txt): null

2018-11-23 17:46:36 - [TEST_STEP][PASSED] - Statement - bufferread = new java.io.BufferedReader(new java.io.FileReader(RefNo)): null

2018-11-23 17:46:36 - [TEST_STEP][PASSED] - Statement - readedVal = bufferread.readLine(): null

2018-11-23 17:46:36 - [TEST_STEP][PASSED] - Statement - out.println(CaseReferenceNo): null

2018-11-23 17:46:36 - [TEST_STEP][PASSED] - Statement - out.println(readedVal): null

2018-11-23 17:46:36 - [TEST_STEP][PASSED] - Statement - CaseReferenceNo = "": null

2018-11-23 17:46:36 - [TEST_STEP][PASSED] - Statement - CaseReferenceNo = readedVal: null

2018-11-23 17:46:36 - [MESSAGE][PASSED] - Call Test Case 'Test Cases/Final Aug 2018 - PKS Automation/Common/Reference Number Getter' successfully

2018-11-23 17:46:36 - [TEST_STEP][PASSED] - setText: Text 'CUN112018C200001612' is set on object 'Object Repository/Final Object Repo/WorkFlow Listing Page/Ref No Set Text'

2018-11-23 17:46:36 - [MESSAGE][PASSED] - Text 'CUN112018C200001612' is set on object 'Object Repository/Final Object Repo/WorkFlow Listing Page/Ref No Set Text'

2018-11-23 17:46:36 - [TEST_STEP][PASSED] - delay: Delayed 2 second(s)

2018-11-23 17:46:38 - [MESSAGE][PASSED] - Delayed 2 second(s)

2018-11-23 17:46:38 - [TEST_STEP][PASSED] - click: Object: 'Object Repository/Final Object Repo/WorkFlow Listing Page/Search Ref No Search Button' is clicked on

2018-11-23 17:46:40 - [MESSAGE][PASSED] - Object: 'Object Repository/Final Object Repo/WorkFlow Listing Page/Search Ref No Search Button' is clicked on

2018-11-23 17:46:40 - [TEST_STEP][PASSED] - delay: Delayed 4 second(s)

2018-11-23 17:46:44 - [MESSAGE][PASSED] - Delayed 4 second(s)

2018-11-23 17:46:44 - [TEST_STEP][PASSED] - click: Object: 'Object Repository/Final Object Repo/WorkFlow Listing Page/Click Continue Tooltip' is clicked on

2018-11-23 17:46:45 - [MESSAGE][PASSED] - Object: 'Object Repository/Final Object Repo/WorkFlow Listing Page/Click Continue Tooltip' is clicked on

2018-11-23 17:46:45 - [TEST_STEP][PASSED] - delay: Delayed 5 second(s)

2018-11-23 17:46:50 - [MESSAGE][PASSED] - Delayed 5 second(s)

2018-11-23 17:46:50 - [TEST_STEP][PASSED] - doubleClick: Object: 'Object Repository/Final Object Repo/WorkFlow Listing Page/Workflow Found - Listing 1' is double clicked on

2018-11-23 17:46:50 - [MESSAGE][PASSED] - Object: 'Object Repository/Final Object Repo/WorkFlow Listing Page/Workflow Found - Listing 1' is double clicked on

2018-11-23 17:46:50 - [TEST_STEP][PASSED] - Statement - println(OwnerID): null

2018-11-23 17:46:50 - [TEST_STEP][PASSED] - Statement - OwnerID = com.kms.katalon.core.webui.keyword.WebUiBuiltInKeywords.getText(com.kms.katalon.core.testobject.ObjectRepository.findTestObject(Final Object Repo/WorkFlow Listing Page/Workflow Found - Listing 1), STOP_ON_FAILURE): Text of object 'Object Repository/Final Object Repo/WorkFlow Listing Page/Workflow Found - Listing 1' is: 'JOHORuo3'

2018-11-23 17:46:50 - [MESSAGE][PASSED] - Text of object 'Object Repository/Final Object Repo/WorkFlow Listing Page/Workflow Found - Listing 1' is: 'JOHORuo3'

2018-11-23 17:46:50 - [TEST_STEP][PASSED] - Statement - OwnerID = OwnerID.toLowerCase() + "@gmail.com": null

2018-11-23 17:46:50 - [TEST_STEP][PASSED] - Statement - println(OwnerID): null

2018-11-23 17:46:50 - [TEST_STEP][PASSED] - delay: Delayed 2 second(s)

2018-11-23 17:46:52 - [MESSAGE][PASSED] - Delayed 2 second(s)

2018-11-23 17:46:52 - [MESSAGE][PASSED] - Call Test Case 'Test Cases/Final Aug 2018 - PKS Automation/Common/Workflow Owner Finder' successfully

2018-11-23 17:46:52 - [TEST_STEP][PASSED] - delay: Delayed 1 second(s)

2018-11-23 17:46:53 - [MESSAGE][PASSED] - Delayed 1 second(s)

2018-11-23 17:46:53 - [TEST_STEP][PASSED] - navigateToUrl: Navigate to 'https://assist2-uat.perkeso.gov.my/c/portal/logout' successfully

2018-11-23 17:46:54 - [MESSAGE][PASSED] - Navigate to 'https://assist2-uat.perkeso.gov.my/c/portal/logout' successfully

2018-11-23 17:46:54 - [TEST_STEP][PASSED] - delay: Delayed 1 second(s)

2018-11-23 17:46:55 - [MESSAGE][PASSED] - Delayed 1 second(s)

2018-11-23 17:46:55 - [TEST_STEP][PASSED] - callTestCase: Call Test Case 'Test Cases/Final Aug 2018 - PKS Automation/Registration Module/Workflow/Login and Search Case For Workflow' successfully

2018-11-23 17:46:56 - [TEST_CASE][PASSED] - Test Cases/Final Aug 2018 - PKS Automation/Registration Module/Workflow/Login and Search Case For Workflow: Test Cases/Final Aug 2018 - PKS Automation/Registration Module/Workflow/Login and Search Case For Workflow

2018-11-23 17:46:56 - [TEST_STEP][PASSED] - navigateToUrl: Navigate to 'https://assist2-uat.perkeso.gov.my/login' successfully

2018-11-23 17:46:56 - [MESSAGE][PASSED] - Navigate to 'https://assist2-uat.perkeso.gov.my/login' successfully

2018-11-23 17:46:56 - [TEST_STEP][PASSED] - setText: Text 'johoruo3@gmail.com' is set on object 'Object Repository/Final Object Repo/Login Page/Internal User/Email Address'

2018-11-23 17:46:56 - [MESSAGE][PASSED] - Text 'johoruo3@gmail.com' is set on object 'Object Repository/Final Object Repo/Login Page/Internal User/Email Address'

2018-11-23 17:46:56 - [TEST_STEP][PASSED] - click: Object: 'Object Repository/Final Object Repo/Login Page/Internal User/Next Button' is clicked on

2018-11-23 17:46:57 - [MESSAGE][PASSED] - Object: 'Object Repository/Final Object Repo/Login Page/Internal User/Next Button' is clicked on

2018-11-23 17:46:57 - [TEST_STEP][PASSED] - delay: Delayed 1 second(s)

2018-11-23 17:46:58 - [MESSAGE][PASSED] - Delayed 1 second(s)

2018-11-23 17:46:58 - [TEST_STEP][PASSED] - setEncryptedText: Text ****** has been set on object 'Object Repository/Final Object Repo/Login Page/Internal User/Password'

2018-11-23 17:46:58 - [MESSAGE][PASSED] - Text ****** has been set on object 'Object Repository/Final Object Repo/Login Page/Internal User/Password'

2018-11-23 17:46:58 - [TEST_STEP][PASSED] - click: Object: 'Object Repository/Final Object Repo/Login Page/Internal User/Login Button' is clicked on

2018-11-23 17:47:00 - [MESSAGE][PASSED] - Object: 'Object Repository/Final Object Repo/Login Page/Internal User/Login Button' is clicked on

2018-11-23 17:47:00 - [TEST_STEP][PASSED] - delay: Delayed 2 second(s)

2018-11-23 17:47:02 - [MESSAGE][PASSED] - Delayed 2 second(s)

2018-11-23 17:47:02 - [TEST_STEP][PASSED] - Statement - Try: Delayed 2 second(s)

2018-11-23 17:47:02 - [TEST_STEP][PASSED] - Statement - Checker = false: null

2018-11-23 17:47:02 - [TEST_STEP][PASSED] - Statement - Checker = com.kms.katalon.core.webui.keyword.WebUiBuiltInKeywords.verifyElementHasAttribute(com.kms.katalon.core.testobject.ObjectRepository.findTestObject(Final Object Repo/Landing Page/BM Detecting), "href", 20, OPTIONAL): Object 'Object Repository/Final Object Repo/Landing Page/BM Detecting' has attribute 'href'

2018-11-23 17:47:02 - [MESSAGE][PASSED] - Object 'Object Repository/Final Object Repo/Landing Page/BM Detecting' has attribute 'href'

2018-11-23 17:47:02 - [TEST_STEP][PASSED] - Statement - out.println(Checker): null

2018-11-23 17:47:02 - [TEST_STEP][PASSED] - Statement - If (Checker == false): null

2018-11-23 17:47:02 - [TEST_STEP][PASSED] - Statement - Else: null

2018-11-23 17:47:02 - [TEST_STEP][PASSED] - delay: Delayed 2 second(s)

2018-11-23 17:47:04 - [MESSAGE][PASSED] - Delayed 2 second(s)

2018-11-23 17:47:04 - [TEST_STEP][PASSED] - click: Object: 'Object Repository/Final Object Repo/Page_MyASSIST - ASSIST - Search Pending Case For Add Supporting Document/Search Information' is clicked on

2018-11-23 17:47:04 - [MESSAGE][PASSED] - Object: 'Object Repository/Final Object Repo/Page_MyASSIST - ASSIST - Search Pending Case For Add Supporting Document/Search Information' is clicked on

2018-11-23 17:47:04 - [TEST_STEP][PASSED] - delay: Delayed 3 second(s)

2018-11-23 17:47:07 - [MESSAGE][PASSED] - Delayed 3 second(s)

2018-11-23 17:47:07 - [TEST_STEP][PASSED] - sendKeys: Keys 'CUN112018C200001612' sent to object: 'Object Repository/Final Object Repo/Page_MyASSIST - ASSIST - Search Pending Case For Add Supporting Document/Reference No'

2018-11-23 17:47:08 - [MESSAGE][PASSED] - Keys 'CUN112018C200001612' sent to object: 'Object Repository/Final Object Repo/Page_MyASSIST - ASSIST - Search Pending Case For Add Supporting Document/Reference No'

2018-11-23 17:47:08 - [TEST_STEP][PASSED] - click: Object: 'Object Repository/Final Object Repo/Page_MyASSIST - ASSIST - Search Pending Case For Add Supporting Document/Search Reference No' is clicked on

2018-11-23 17:47:09 - [MESSAGE][PASSED] - Object: 'Object Repository/Final Object Repo/Page_MyASSIST - ASSIST - Search Pending Case For Add Supporting Document/Search Reference No' is clicked on

2018-11-23 17:47:09 - [TEST_STEP][PASSED] - delay: Delayed 2 second(s)

2018-11-23 17:47:11 - [MESSAGE][PASSED] - Delayed 2 second(s)

2018-11-23 17:47:11 - [TEST_STEP][PASSED] - click: Object: 'Object Repository/Final Object Repo/Page_MyASSIST - ASSIST - Search Pending Case For Add Supporting Document/Continue' is clicked on

2018-11-23 17:47:14 - [MESSAGE][PASSED] - Object: 'Object Repository/Final Object Repo/Page_MyASSIST - ASSIST - Search Pending Case For Add Supporting Document/Continue' is clicked on

2018-11-23 17:47:14 - [TEST_STEP][PASSED] - delay: Delayed 20 second(s)

2018-11-23 17:47:34 - [MESSAGE][PASSED] - Delayed 20 second(s)

2018-11-23 17:47:34 - [MESSAGE][PASSED] - Call Test Case 'Test Cases/Final Aug 2018 - PKS Automation/Registration Module/Workflow/Login and Search Case For Workflow' successfully

2018-11-23 17:47:34 - [TEST_STEP][PASSED] - click: Object: 'Object Repository/Final Object Repo/Page_Form 1A - Cessation As Employer/Page_Form 1A - Cessation As Employer (Approve)/Save  Continue in Form 1A Page' is clicked on

2018-11-23 17:47:37 - [MESSAGE][PASSED] - Object: 'Object Repository/Final Object Repo/Page_Form 1A - Cessation As Employer/Page_Form 1A - Cessation As Employer (Approve)/Save  Continue in Form 1A Page' is clicked on

2018-11-23 17:47:37 - [TEST_STEP][PASSED] - delay: Delayed 2 second(s)

2018-11-23 17:47:39 - [MESSAGE][PASSED] - Delayed 2 second(s)

2018-11-23 17:47:39 - [TEST_STEP][PASSED] - click: Object: 'Object Repository/Final Object Repo/Page_Form 1A - Cessation As Employer/Employment Resign Date' is clicked on

2018-11-23 17:47:40 - [MESSAGE][PASSED] - Object: 'Object Repository/Final Object Repo/Page_Form 1A - Cessation As Employer/Employment Resign Date' is clicked on

2018-11-23 17:47:40 - [TEST_STEP][PASSED] - delay: Delayed 1 second(s)

2018-11-23 17:47:41 - [MESSAGE][PASSED] - Delayed 1 second(s)

2018-11-23 17:47:41 - [TEST_STEP][PASSED] - selectOptionByValue: All options with value '2030' are selected in object 'Object Repository/Final Object Repo/Page_Form 1A - Cessation As Employer/Employment Resign Date - Year' 

2018-11-23 17:47:41 - [MESSAGE][PASSED] - All options with value '2030' are selected in object 'Object Repository/Final Object Repo/Page_Form 1A - Cessation As Employer/Employment Resign Date - Year' 

2018-11-23 17:47:41 - [TEST_STEP][PASSED] - delay: Delayed 1 second(s)

2018-11-23 17:47:42 - [MESSAGE][PASSED] - Delayed 1 second(s)

2018-11-23 17:47:42 - [TEST_STEP][PASSED] - click: Object: 'Object Repository/Final Object Repo/Page_Form 1A - Cessation As Employer/Employment Resign Date - Year - Date' is clicked on

2018-11-23 17:47:42 - [MESSAGE][PASSED] - Object: 'Object Repository/Final Object Repo/Page_Form 1A - Cessation As Employer/Employment Resign Date - Year - Date' is clicked on

2018-11-23 17:47:42 - [TEST_STEP][PASSED] - delay: Delayed 2 second(s)

2018-11-23 17:47:44 - [MESSAGE][PASSED] - Delayed 2 second(s)

2018-11-23 17:47:44 - [TEST_STEP][PASSED] - click: Object: 'Object Repository/Final Object Repo/Page_Form 1A - Cessation As Employer/Page_Form 1A - Cessation As Employer (Approve)/Save  Continue in Update Add Employee Resigned Date Page' is clicked on

2018-11-23 17:47:45 - [MESSAGE][PASSED] - Object: 'Object Repository/Final Object Repo/Page_Form 1A - Cessation As Employer/Page_Form 1A - Cessation As Employer (Approve)/Save  Continue in Update Add Employee Resigned Date Page' is clicked on

2018-11-23 17:47:45 - [TEST_STEP][PASSED] - delay: Delayed 2 second(s)

2018-11-23 17:47:47 - [MESSAGE][PASSED] - Delayed 2 second(s)

2018-11-23 17:47:47 - [TEST_STEP][PASSED] - click: Object: 'Object Repository/Final Object Repo/Page_Form 1A - Cessation As Employer/Set Latest - Yes' is clicked on

2018-11-23 17:47:50 - [MESSAGE][PASSED] - Object: 'Object Repository/Final Object Repo/Page_Form 1A - Cessation As Employer/Set Latest - Yes' is clicked on

2018-11-23 17:47:50 - [TEST_STEP][PASSED] - delay: Delayed 2 second(s)

2018-11-23 17:47:52 - [MESSAGE][PASSED] - Delayed 2 second(s)

2018-11-23 17:47:52 - [TEST_STEP][PASSED] - click: Object: 'Object Repository/Final Object Repo/Page_Form 1A - Cessation As Employer/Page_Form 1A - Cessation As Employer (Approve)/Save  Contine in Uploading Document Page' is clicked on

2018-11-23 17:47:57 - [MESSAGE][PASSED] - Object: 'Object Repository/Final Object Repo/Page_Form 1A - Cessation As Employer/Page_Form 1A - Cessation As Employer (Approve)/Save  Contine in Uploading Document Page' is clicked on

2018-11-23 17:47:57 - [TEST_STEP][PASSED] - delay: Delayed 2 second(s)

2018-11-23 17:47:59 - [MESSAGE][PASSED] - Delayed 2 second(s)

2018-11-23 17:47:59 - [TEST_STEP][PASSED] - click: Object: 'Object Repository/Final Object Repo/Page_Form 1A - Cessation As Employer/Page_Form 1A - Cessation As Employer (Under enforcement)/Under enforcement' is clicked on

2018-11-23 17:48:00 - [MESSAGE][PASSED] - Object: 'Object Repository/Final Object Repo/Page_Form 1A - Cessation As Employer/Page_Form 1A - Cessation As Employer (Under enforcement)/Under enforcement' is clicked on

2018-11-23 17:48:00 - [TEST_STEP][PASSED] - delay: Delayed 2 second(s)

2018-11-23 17:48:02 - [MESSAGE][PASSED] - Delayed 2 second(s)

2018-11-23 17:48:02 - [TEST_STEP][PASSED] - setText: Text 'remark' is set on object 'Object Repository/Final Object Repo/Page_Form 1A - Cessation As Employer/Page_Form 1A - Cessation As Employer (Under enforcement)/Under enforcement - remark'

2018-11-23 17:48:02 - [MESSAGE][PASSED] - Text 'remark' is set on object 'Object Repository/Final Object Repo/Page_Form 1A - Cessation As Employer/Page_Form 1A - Cessation As Employer (Under enforcement)/Under enforcement - remark'

2018-11-23 17:48:02 - [TEST_STEP][PASSED] - delay: Delayed 2 second(s)

2018-11-23 17:48:04 - [MESSAGE][PASSED] - Delayed 2 second(s)

2018-11-23 17:48:04 - [TEST_STEP][PASSED] - click: Object: 'Object Repository/Final Object Repo/Page_Form 1A - Cessation As Employer/Page_Form 1A - Cessation As Employer (Under enforcement)/Save  Continue in Under enforcement Page' is clicked on

2018-11-23 17:48:08 - [MESSAGE][PASSED] - Object: 'Object Repository/Final Object Repo/Page_Form 1A - Cessation As Employer/Page_Form 1A - Cessation As Employer (Under enforcement)/Save  Continue in Under enforcement Page' is clicked on

2018-11-23 17:48:08 - [TEST_STEP][PASSED] - delay: Delayed 2 second(s)

2018-11-23 17:48:10 - [MESSAGE][PASSED] - Delayed 2 second(s)

2018-11-23 17:48:10 - [TEST_STEP][PASSED] - click: Object: 'Object Repository/Final Object Repo/Page_Form 1A - Cessation As Employer/Page_Form 1A - Cessation As Employer (Under enforcement)/Message The case is under enforcement' is clicked on

2018-11-23 17:48:10 - [MESSAGE][PASSED] - Object: 'Object Repository/Final Object Repo/Page_Form 1A - Cessation As Employer/Page_Form 1A - Cessation As Employer (Under enforcement)/Message The case is under enforcement' is clicked on

2018-11-23 17:48:10 - [MESSAGE][PASSED] - Call Test Case 'Test Cases/Final Aug 2018 - PKS Automation/Registration Module/Workflow/Form 1A - Cessation As Employer/Template/Form 1 A - Cessation As Employer (Under enforcement)' successfully]]></system-out>
         <system-err><![CDATA[]]></system-err>
      </testcase>
      <testcase name="Test Cases/Final Aug 2018 - PKS Automation/Registration Module/Workflow/Form 1A - Cessation As Employer/OTC to UO (Approve)" classname="Test Cases/Final Aug 2018 - PKS Automation/Registration Module/Workflow/Form 1A - Cessation As Employer/OTC to UO (Approve)" status="PASSED">
         <system-out><![CDATA[2018-11-23 17:48:10 - [TEST_CASE][PASSED] - Test Cases/Final Aug 2018 - PKS Automation/Registration Module/Workflow/Form 1A - Cessation As Employer/OTC to UO (Approve): Test Cases/Final Aug 2018 - PKS Automation/Registration Module/Workflow/Form 1A - Cessation As Employer/OTC to UO (Approve)

2018-11-23 17:48:10 - [TEST_STEP][PASSED] - callTestCase: Call Test Case 'Test Cases/Final Aug 2018 - PKS Automation/Registration Module/Workflow/Form 1A - Cessation As Employer/Template/Form 1 A - Cessation As Employer (OTC)' successfully

2018-11-23 17:48:10 - [TEST_CASE][PASSED] - Test Cases/Final Aug 2018 - PKS Automation/Registration Module/Workflow/Form 1A - Cessation As Employer/Template/Form 1 A - Cessation As Employer (OTC): Test Cases/Final Aug 2018 - PKS Automation/Registration Module/Workflow/Form 1A - Cessation As Employer/Template/Form 1 A - Cessation As Employer (OTC)

2018-11-23 17:48:10 - [TEST_STEP][PASSED] - openBrowser: Browser is opened with url: ''

2018-11-23 17:48:10 - [MESSAGE][WARNING] - A browser is already opened. Closing browser and opening a new one

2018-11-23 17:48:15 - [MESSAGE][PASSED] - Browser is opened with url: ''

2018-11-23 17:48:15 - [TEST_STEP][PASSED] - navigateToUrl: Navigate to 'https://assist2-uat.perkeso.gov.my/login' successfully

2018-11-23 17:48:17 - [MESSAGE][PASSED] - Navigate to 'https://assist2-uat.perkeso.gov.my/login' successfully

2018-11-23 17:48:17 - [TEST_STEP][PASSED] - setText: Text 'johorotc1@gmail.com' is set on object 'Object Repository/Final Object Repo/Login Page/Internal User/Email Address'

2018-11-23 17:48:17 - [MESSAGE][PASSED] - Text 'johorotc1@gmail.com' is set on object 'Object Repository/Final Object Repo/Login Page/Internal User/Email Address'

2018-11-23 17:48:17 - [TEST_STEP][PASSED] - click: Object: 'Object Repository/Final Object Repo/Login Page/Internal User/Next Button' is clicked on

2018-11-23 17:48:17 - [MESSAGE][PASSED] - Object: 'Object Repository/Final Object Repo/Login Page/Internal User/Next Button' is clicked on

2018-11-23 17:48:17 - [TEST_STEP][PASSED] - delay: Delayed 1 second(s)

2018-11-23 17:48:18 - [MESSAGE][PASSED] - Delayed 1 second(s)

2018-11-23 17:48:18 - [TEST_STEP][PASSED] - setEncryptedText: Text ****** has been set on object 'Object Repository/Final Object Repo/Login Page/Internal User/Password'

2018-11-23 17:48:18 - [MESSAGE][PASSED] - Text ****** has been set on object 'Object Repository/Final Object Repo/Login Page/Internal User/Password'

2018-11-23 17:48:18 - [TEST_STEP][PASSED] - click: Object: 'Object Repository/Final Object Repo/Login Page/Internal User/Login Button' is clicked on

2018-11-23 17:48:20 - [MESSAGE][PASSED] - Object: 'Object Repository/Final Object Repo/Login Page/Internal User/Login Button' is clicked on

2018-11-23 17:48:20 - [TEST_STEP][PASSED] - delay: Delayed 1 second(s)

2018-11-23 17:48:21 - [MESSAGE][PASSED] - Delayed 1 second(s)

2018-11-23 17:48:21 - [TEST_STEP][PASSED] - Statement - Try: Delayed 2 second(s)

2018-11-23 17:48:21 - [TEST_STEP][PASSED] - Statement - Checker = false: null

2018-11-23 17:48:21 - [TEST_STEP][PASSED] - Statement - Checker = com.kms.katalon.core.webui.keyword.WebUiBuiltInKeywords.verifyElementHasAttribute(com.kms.katalon.core.testobject.ObjectRepository.findTestObject(Final Object Repo/Landing Page/BM Detecting), "href", 20, OPTIONAL): Object 'Object Repository/Final Object Repo/Landing Page/BM Detecting' has attribute 'href'

2018-11-23 17:48:22 - [MESSAGE][PASSED] - Object 'Object Repository/Final Object Repo/Landing Page/BM Detecting' has attribute 'href'

2018-11-23 17:48:22 - [TEST_STEP][PASSED] - Statement - out.println(Checker): null

2018-11-23 17:48:22 - [TEST_STEP][PASSED] - Statement - If (Checker == false): null

2018-11-23 17:48:22 - [TEST_STEP][PASSED] - Statement - Else: null

2018-11-23 17:48:22 - [TEST_STEP][PASSED] - delay: Delayed 2 second(s)

2018-11-23 17:48:24 - [MESSAGE][PASSED] - Delayed 2 second(s)

2018-11-23 17:48:24 - [TEST_STEP][PASSED] - navigateToUrl: Navigate to 'https://assist2-uat.perkeso.gov.my/web/registration/update/form-1a-cessation-as-employer-discontinue-business-' successfully

2018-11-23 17:48:25 - [MESSAGE][PASSED] - Navigate to 'https://assist2-uat.perkeso.gov.my/web/registration/update/form-1a-cessation-as-employer-discontinue-business-' successfully

2018-11-23 17:48:25 - [TEST_STEP][PASSED] - setText: Text 'E1102069770Z' is set on object 'Object Repository/Final Object Repo/Page_Update Employer Information/Employer Code'

2018-11-23 17:48:25 - [MESSAGE][PASSED] - Text 'E1102069770Z' is set on object 'Object Repository/Final Object Repo/Page_Update Employer Information/Employer Code'

2018-11-23 17:48:25 - [TEST_STEP][PASSED] - click: Object: 'Object Repository/Final Object Repo/Page_Update Employer Information/Search Button' is clicked on

2018-11-23 17:48:26 - [MESSAGE][PASSED] - Object: 'Object Repository/Final Object Repo/Page_Update Employer Information/Search Button' is clicked on

2018-11-23 17:48:26 - [TEST_STEP][PASSED] - click: Object: 'Object Repository/Final Object Repo/Page_Update Employer Information/Edit Button' is clicked on

2018-11-23 17:48:28 - [MESSAGE][PASSED] - Object: 'Object Repository/Final Object Repo/Page_Update Employer Information/Edit Button' is clicked on

2018-11-23 17:48:28 - [TEST_STEP][PASSED] - Statement - abc = com.kms.katalon.core.webui.keyword.WebUiBuiltInKeywords.getAttribute(com.kms.katalon.core.testobject.ObjectRepository.findTestObject(Final Object Repo/Page_Form 1A - Cessation As Employer/Employer Status), "value"): Attribute 'value' of object 'Object Repository/Final Object Repo/Page_Form 1A - Cessation As Employer/Employer Status' is: 'Dormant'

2018-11-23 17:48:28 - [MESSAGE][PASSED] - Attribute 'value' of object 'Object Repository/Final Object Repo/Page_Form 1A - Cessation As Employer/Employer Status' is: 'Dormant'

2018-11-23 17:48:28 - [TEST_STEP][PASSED] - Statement - out.println(abc): null

2018-11-23 17:48:28 - [TEST_STEP][PASSED] - Statement - If (abc == "Active"): null

2018-11-23 17:48:28 - [TEST_STEP][PASSED] - Statement - Else If (abc == "Cancel"): null

2018-11-23 17:48:28 - [TEST_STEP][PASSED] - Statement - Else If (abc == "Dormant"): Object: 'Object Repository/Final Object Repo/Page_Form 1A - Cessation As Employer/Change Employer Status to - Dormant' is clicked on

2018-11-23 17:48:28 - [TEST_STEP][PASSED] - click: Object: 'Object Repository/Final Object Repo/Page_Form 1A - Cessation As Employer/Change Employer Status to' is clicked on

2018-11-23 17:48:28 - [MESSAGE][PASSED] - Object: 'Object Repository/Final Object Repo/Page_Form 1A - Cessation As Employer/Change Employer Status to' is clicked on

2018-11-23 17:48:28 - [TEST_STEP][PASSED] - click: Object: 'Object Repository/Final Object Repo/Page_Form 1A - Cessation As Employer/Change Employer Status to - Dormant' is clicked on

2018-11-23 17:48:29 - [MESSAGE][PASSED] - Object: 'Object Repository/Final Object Repo/Page_Form 1A - Cessation As Employer/Change Employer Status to - Dormant' is clicked on

2018-11-23 17:48:29 - [TEST_STEP][PASSED] - click: Object: 'Object Repository/Final Object Repo/Page_Form 1A - Cessation As Employer/Calender' is clicked on

2018-11-23 17:48:30 - [MESSAGE][PASSED] - Object: 'Object Repository/Final Object Repo/Page_Form 1A - Cessation As Employer/Calender' is clicked on

2018-11-23 17:48:30 - [TEST_STEP][PASSED] - click: Object: 'Object Repository/Final Object Repo/Page_Form 1A - Cessation As Employer/Calender - Date' is clicked on

2018-11-23 17:48:30 - [MESSAGE][PASSED] - Object: 'Object Repository/Final Object Repo/Page_Form 1A - Cessation As Employer/Calender - Date' is clicked on

2018-11-23 17:48:30 - [TEST_STEP][PASSED] - delay: Delayed 2 second(s)

2018-11-23 17:48:32 - [MESSAGE][PASSED] - Delayed 2 second(s)

2018-11-23 17:48:32 - [TEST_STEP][PASSED] - click: Object: 'Object Repository/Final Object Repo/Page_Form 1A - Cessation As Employer/Save  Continue in Form 1A Page' is clicked on

2018-11-23 17:48:35 - [MESSAGE][PASSED] - Object: 'Object Repository/Final Object Repo/Page_Form 1A - Cessation As Employer/Save  Continue in Form 1A Page' is clicked on

2018-11-23 17:48:35 - [TEST_STEP][PASSED] - delay: Delayed 2 second(s)

2018-11-23 17:48:37 - [MESSAGE][PASSED] - Delayed 2 second(s)

2018-11-23 17:48:37 - [TEST_STEP][PASSED] - click: Object: 'Object Repository/Final Object Repo/Page_Form 1A - Cessation As Employer/Employment Resign Date' is clicked on

2018-11-23 17:48:38 - [MESSAGE][PASSED] - Object: 'Object Repository/Final Object Repo/Page_Form 1A - Cessation As Employer/Employment Resign Date' is clicked on

2018-11-23 17:48:38 - [TEST_STEP][PASSED] - delay: Delayed 1 second(s)

2018-11-23 17:48:39 - [MESSAGE][PASSED] - Delayed 1 second(s)

2018-11-23 17:48:39 - [TEST_STEP][PASSED] - Statement - CaseReferenceNo = com.kms.katalon.core.webui.keyword.WebUiBuiltInKeywords.getText(com.kms.katalon.core.testobject.ObjectRepository.findTestObject(Final Object Repo/Page_Update Employer Information/Reference Number in Update Employee Information Page)): Text of object 'Object Repository/Final Object Repo/Page_Update Employer Information/Reference Number in Update Employee Information Page' is: 'CUN112018C200001613'

2018-11-23 17:48:39 - [MESSAGE][PASSED] - Text of object 'Object Repository/Final Object Repo/Page_Update Employer Information/Reference Number in Update Employee Information Page' is: 'CUN112018C200001613'

2018-11-23 17:48:39 - [TEST_STEP][PASSED] - callTestCase: Call Test Case 'Test Cases/Final Aug 2018 - PKS Automation/Common/Reference Number Setter' successfully

2018-11-23 17:48:39 - [TEST_CASE][PASSED] - Test Cases/Final Aug 2018 - PKS Automation/Common/Reference Number Setter: Test Cases/Final Aug 2018 - PKS Automation/Common/Reference Number Setter

2018-11-23 17:48:39 - [TEST_STEP][PASSED] - Statement - RefNoOldFile = new java.io.File(C://Users//Admin//Desktop//PKS//Automation Reference Point//KatalonReference.txt): null

2018-11-23 17:48:39 - [TEST_STEP][PASSED] - Statement - RefNoOldFile.delete(): null

2018-11-23 17:48:39 - [TEST_STEP][PASSED] - delay: Delayed 5 second(s)

2018-11-23 17:48:44 - [MESSAGE][PASSED] - Delayed 5 second(s)

2018-11-23 17:48:44 - [TEST_STEP][PASSED] - Statement - RefNo = new java.io.File(C://Users//Admin//Desktop//PKS//Automation Reference Point//KatalonReference.txt): null

2018-11-23 17:48:44 - [TEST_STEP][PASSED] - Statement - f2 = new java.io.FileWriter(RefNo, false): null

2018-11-23 17:48:44 - [TEST_STEP][PASSED] - Statement - f2.write(CaseReferenceNo): null

2018-11-23 17:48:44 - [TEST_STEP][PASSED] - Statement - f2.close(): null

2018-11-23 17:48:44 - [TEST_STEP][PASSED] - Statement - out.println("


" + CaseReferenceNo + "


"): null

2018-11-23 17:48:44 - [MESSAGE][PASSED] - Call Test Case 'Test Cases/Final Aug 2018 - PKS Automation/Common/Reference Number Setter' successfully

2018-11-23 17:48:44 - [TEST_STEP][PASSED] - selectOptionByValue: All options with value '2030' are selected in object 'Object Repository/Final Object Repo/Page_Form 1A - Cessation As Employer/Employment Resign Date - Year' 

2018-11-23 17:48:44 - [MESSAGE][PASSED] - All options with value '2030' are selected in object 'Object Repository/Final Object Repo/Page_Form 1A - Cessation As Employer/Employment Resign Date - Year' 

2018-11-23 17:48:44 - [TEST_STEP][PASSED] - delay: Delayed 1 second(s)

2018-11-23 17:48:45 - [MESSAGE][PASSED] - Delayed 1 second(s)

2018-11-23 17:48:45 - [TEST_STEP][PASSED] - click: Object: 'Object Repository/Final Object Repo/Page_Form 1A - Cessation As Employer/Employment Resign Date - Year - Date' is clicked on

2018-11-23 17:48:46 - [MESSAGE][PASSED] - Object: 'Object Repository/Final Object Repo/Page_Form 1A - Cessation As Employer/Employment Resign Date - Year - Date' is clicked on

2018-11-23 17:48:46 - [TEST_STEP][PASSED] - delay: Delayed 2 second(s)

2018-11-23 17:48:48 - [MESSAGE][PASSED] - Delayed 2 second(s)

2018-11-23 17:48:48 - [TEST_STEP][PASSED] - click: Object: 'Object Repository/Final Object Repo/Page_Form 1A - Cessation As Employer/Save  Continue in Update Add Employee Resigned Date Page' is clicked on

2018-11-23 17:48:48 - [MESSAGE][PASSED] - Object: 'Object Repository/Final Object Repo/Page_Form 1A - Cessation As Employer/Save  Continue in Update Add Employee Resigned Date Page' is clicked on

2018-11-23 17:48:48 - [TEST_STEP][PASSED] - delay: Delayed 2 second(s)

2018-11-23 17:48:50 - [MESSAGE][PASSED] - Delayed 2 second(s)

2018-11-23 17:48:50 - [TEST_STEP][PASSED] - click: Object: 'Object Repository/Final Object Repo/Page_Form 1A - Cessation As Employer/Set Latest - Yes' is clicked on

2018-11-23 17:48:54 - [MESSAGE][PASSED] - Object: 'Object Repository/Final Object Repo/Page_Form 1A - Cessation As Employer/Set Latest - Yes' is clicked on

2018-11-23 17:48:54 - [TEST_STEP][PASSED] - delay: Delayed 2 second(s)

2018-11-23 17:48:56 - [MESSAGE][PASSED] - Delayed 2 second(s)

2018-11-23 17:48:56 - [TEST_STEP][PASSED] - click: Object: 'Object Repository/Final Object Repo/Page_Form 1A - Cessation As Employer/Add Document' is clicked on

2018-11-23 17:48:56 - [MESSAGE][PASSED] - Object: 'Object Repository/Final Object Repo/Page_Form 1A - Cessation As Employer/Add Document' is clicked on

2018-11-23 17:48:56 - [TEST_STEP][PASSED] - delay: Delayed 2 second(s)

2018-11-23 17:48:58 - [MESSAGE][PASSED] - Delayed 2 second(s)

2018-11-23 17:48:58 - [TEST_STEP][PASSED] - click: Object: 'Object Repository/Final Object Repo/Page_Form 1A - Cessation As Employer/Document Type' is clicked on

2018-11-23 17:48:59 - [MESSAGE][PASSED] - Object: 'Object Repository/Final Object Repo/Page_Form 1A - Cessation As Employer/Document Type' is clicked on

2018-11-23 17:48:59 - [TEST_STEP][PASSED] - delay: Delayed 2 second(s)

2018-11-23 17:49:01 - [MESSAGE][PASSED] - Delayed 2 second(s)

2018-11-23 17:49:01 - [TEST_STEP][PASSED] - click: Object: 'Object Repository/Final Object Repo/Page_Form 1A - Cessation As Employer/Document Type - Supporting Document For Cessation' is clicked on

2018-11-23 17:49:02 - [MESSAGE][PASSED] - Object: 'Object Repository/Final Object Repo/Page_Form 1A - Cessation As Employer/Document Type - Supporting Document For Cessation' is clicked on

2018-11-23 17:49:02 - [TEST_STEP][PASSED] - delay: Delayed 2 second(s)

2018-11-23 17:49:04 - [MESSAGE][PASSED] - Delayed 2 second(s)

2018-11-23 17:49:04 - [TEST_STEP][PASSED] - sendKeys: Keys 'C:\Users\Public\Pictures\Sample Pictures\Koala.jpg' sent to object: 'Object Repository/Final Object Repo/Page_Form 1A - Cessation As Employer/Uploading File'

2018-11-23 17:49:04 - [MESSAGE][PASSED] - Keys 'C:\Users\Public\Pictures\Sample Pictures\Koala.jpg' sent to object: 'Object Repository/Final Object Repo/Page_Form 1A - Cessation As Employer/Uploading File'

2018-11-23 17:49:04 - [TEST_STEP][PASSED] - delay: Delayed 2 second(s)

2018-11-23 17:49:06 - [MESSAGE][PASSED] - Delayed 2 second(s)

2018-11-23 17:49:06 - [TEST_STEP][PASSED] - click: Object: 'Object Repository/Final Object Repo/Page_Form 1A - Cessation As Employer/Add Document in Uploading Page' is clicked on

2018-11-23 17:49:11 - [MESSAGE][PASSED] - Object: 'Object Repository/Final Object Repo/Page_Form 1A - Cessation As Employer/Add Document in Uploading Page' is clicked on

2018-11-23 17:49:11 - [TEST_STEP][PASSED] - delay: Delayed 20 second(s)

2018-11-23 17:49:31 - [MESSAGE][PASSED] - Delayed 20 second(s)

2018-11-23 17:49:31 - [TEST_STEP][PASSED] - click: Object: 'Object Repository/Final Object Repo/Page_Form 1A - Cessation As Employer/Save  Continue in Uploading Page' is clicked on

2018-11-23 17:49:36 - [MESSAGE][PASSED] - Object: 'Object Repository/Final Object Repo/Page_Form 1A - Cessation As Employer/Save  Continue in Uploading Page' is clicked on

2018-11-23 17:49:36 - [TEST_STEP][PASSED] - delay: Delayed 2 second(s)

2018-11-23 17:49:38 - [MESSAGE][PASSED] - Delayed 2 second(s)

2018-11-23 17:49:38 - [TEST_STEP][PASSED] - click: Object: 'Object Repository/Final Object Repo/Page_Form 1A - Cessation As Employer/Submit2' is clicked on

2018-11-23 17:49:38 - [MESSAGE][PASSED] - Object: 'Object Repository/Final Object Repo/Page_Form 1A - Cessation As Employer/Submit2' is clicked on

2018-11-23 17:49:38 - [TEST_STEP][PASSED] - delay: Delayed 2 second(s)

2018-11-23 17:49:40 - [MESSAGE][PASSED] - Delayed 2 second(s)

2018-11-23 17:49:40 - [TEST_STEP][PASSED] - click: Object: 'Object Repository/Final Object Repo/Page_Form 1A - Cessation As Employer/Confirm' is clicked on

2018-11-23 17:49:46 - [MESSAGE][PASSED] - Object: 'Object Repository/Final Object Repo/Page_Form 1A - Cessation As Employer/Confirm' is clicked on

2018-11-23 17:49:46 - [TEST_STEP][PASSED] - delay: Delayed 2 second(s)

2018-11-23 17:49:48 - [MESSAGE][PASSED] - Delayed 2 second(s)

2018-11-23 17:49:48 - [TEST_STEP][PASSED] - verifyElementVisible: Object 'Object Repository/Final Object Repo/Page_Form 1A - Cessation As Employer/Message Your Request will be routed to UO' is visible

2018-11-23 17:49:49 - [MESSAGE][PASSED] - Object 'Object Repository/Final Object Repo/Page_Form 1A - Cessation As Employer/Message Your Request will be routed to UO' is visible

2018-11-23 17:49:49 - [TEST_STEP][PASSED] - delay: Delayed 1 second(s)

2018-11-23 17:49:50 - [MESSAGE][PASSED] - Delayed 1 second(s)

2018-11-23 17:49:50 - [TEST_STEP][PASSED] - verifyElementVisible: Object 'Object Repository/Final Object Repo/Page_Form 1A - Cessation As Employer/Letter of acknowledgement' is visible

2018-11-23 17:49:50 - [MESSAGE][PASSED] - Object 'Object Repository/Final Object Repo/Page_Form 1A - Cessation As Employer/Letter of acknowledgement' is visible

2018-11-23 17:49:50 - [MESSAGE][PASSED] - Call Test Case 'Test Cases/Final Aug 2018 - PKS Automation/Registration Module/Workflow/Form 1A - Cessation As Employer/Template/Form 1 A - Cessation As Employer (OTC)' successfully

2018-11-23 17:49:50 - [TEST_STEP][PASSED] - callTestCase: Call Test Case 'Test Cases/Final Aug 2018 - PKS Automation/Registration Module/Workflow/Form 1A - Cessation As Employer/Template/Form 1 A - Cessation As Employer (Approve)' successfully

2018-11-23 17:49:50 - [TEST_CASE][PASSED] - Test Cases/Final Aug 2018 - PKS Automation/Registration Module/Workflow/Form 1A - Cessation As Employer/Template/Form 1 A - Cessation As Employer (Approve): Test Cases/Final Aug 2018 - PKS Automation/Registration Module/Workflow/Form 1A - Cessation As Employer/Template/Form 1 A - Cessation As Employer (Approve)

2018-11-23 17:49:50 - [TEST_STEP][NOT_RUN] - callTestCase: NOT_RUN: callTestCase

2018-11-23 17:49:50 - [MESSAGE][NOT_RUN] - NOT_RUN: callTestCase

2018-11-23 17:49:50 - [TEST_STEP][PASSED] - delay: Delayed 1 second(s)

2018-11-23 17:49:51 - [MESSAGE][PASSED] - Delayed 1 second(s)

2018-11-23 17:49:51 - [TEST_STEP][PASSED] - navigateToUrl: Navigate to 'https://assist2-uat.perkeso.gov.my/c/portal/logout' successfully

2018-11-23 17:49:52 - [MESSAGE][PASSED] - Navigate to 'https://assist2-uat.perkeso.gov.my/c/portal/logout' successfully

2018-11-23 17:49:52 - [TEST_STEP][PASSED] - delay: Delayed 1 second(s)

2018-11-23 17:49:53 - [MESSAGE][PASSED] - Delayed 1 second(s)

2018-11-23 17:49:53 - [TEST_STEP][PASSED] - callTestCase: Call Test Case 'Test Cases/Final Aug 2018 - PKS Automation/Common/Reference Number Getter' successfully

2018-11-23 17:49:53 - [TEST_CASE][PASSED] - Test Cases/Final Aug 2018 - PKS Automation/Common/Reference Number Getter: Test Cases/Final Aug 2018 - PKS Automation/Common/Reference Number Getter

2018-11-23 17:49:53 - [TEST_STEP][PASSED] - Statement - Try: null

2018-11-23 17:49:53 - [TEST_STEP][PASSED] - Statement - RefNo = new java.io.File(C://Users//Admin//Desktop//PKS//Automation Reference Point//KatalonReference.txt): null

2018-11-23 17:49:53 - [TEST_STEP][PASSED] - Statement - bufferread = new java.io.BufferedReader(new java.io.FileReader(RefNo)): null

2018-11-23 17:49:53 - [TEST_STEP][PASSED] - Statement - readedVal = bufferread.readLine(): null

2018-11-23 17:49:53 - [TEST_STEP][PASSED] - Statement - out.println(CaseReferenceNo): null

2018-11-23 17:49:53 - [TEST_STEP][PASSED] - Statement - out.println(readedVal): null

2018-11-23 17:49:53 - [TEST_STEP][PASSED] - Statement - CaseReferenceNo = "": null

2018-11-23 17:49:53 - [TEST_STEP][PASSED] - Statement - CaseReferenceNo = readedVal: null

2018-11-23 17:49:53 - [MESSAGE][PASSED] - Call Test Case 'Test Cases/Final Aug 2018 - PKS Automation/Common/Reference Number Getter' successfully

2018-11-23 17:49:53 - [TEST_STEP][PASSED] - callTestCase: Call Test Case 'Test Cases/Final Aug 2018 - PKS Automation/Common/Workflow Owner Finder' successfully

2018-11-23 17:49:53 - [TEST_CASE][PASSED] - Test Cases/Final Aug 2018 - PKS Automation/Common/Workflow Owner Finder: Test Cases/Final Aug 2018 - PKS Automation/Common/Workflow Owner Finder

2018-11-23 17:49:53 - [TEST_STEP][PASSED] - openBrowser: Browser is opened with url: ''

2018-11-23 17:49:53 - [MESSAGE][WARNING] - A browser is already opened. Closing browser and opening a new one

2018-11-23 17:49:58 - [MESSAGE][PASSED] - Browser is opened with url: ''

2018-11-23 17:49:58 - [TEST_STEP][PASSED] - navigateToUrl: Navigate to 'https://assist2-uat.perkeso.gov.my/login' successfully

2018-11-23 17:50:00 - [MESSAGE][PASSED] - Navigate to 'https://assist2-uat.perkeso.gov.my/login' successfully

2018-11-23 17:50:00 - [TEST_STEP][PASSED] - delay: Delayed 5 second(s)

2018-11-23 17:50:05 - [MESSAGE][PASSED] - Delayed 5 second(s)

2018-11-23 17:50:05 - [TEST_STEP][PASSED] - setText: Text 'test@liferay.com' is set on object 'Object Repository/Final Object Repo/Login Page/Internal User/Email Address'

2018-11-23 17:50:05 - [MESSAGE][PASSED] - Text 'test@liferay.com' is set on object 'Object Repository/Final Object Repo/Login Page/Internal User/Email Address'

2018-11-23 17:50:05 - [TEST_STEP][PASSED] - click: Object: 'Object Repository/Final Object Repo/Login Page/Internal User/Next Button' is clicked on

2018-11-23 17:50:05 - [MESSAGE][PASSED] - Object: 'Object Repository/Final Object Repo/Login Page/Internal User/Next Button' is clicked on

2018-11-23 17:50:05 - [TEST_STEP][PASSED] - delay: Delayed 2 second(s)

2018-11-23 17:50:07 - [MESSAGE][PASSED] - Delayed 2 second(s)

2018-11-23 17:50:07 - [TEST_STEP][PASSED] - setText: Text 'test' is set on object 'Object Repository/Final Object Repo/Login Page/Internal User/Password'

2018-11-23 17:50:07 - [MESSAGE][PASSED] - Text 'test' is set on object 'Object Repository/Final Object Repo/Login Page/Internal User/Password'

2018-11-23 17:50:07 - [TEST_STEP][PASSED] - delay: Delayed 2 second(s)

2018-11-23 17:50:09 - [MESSAGE][PASSED] - Delayed 2 second(s)

2018-11-23 17:50:09 - [TEST_STEP][PASSED] - click: Object: 'Object Repository/Final Object Repo/Login Page/Internal User/Login Button' is clicked on

2018-11-23 17:50:12 - [MESSAGE][PASSED] - Object: 'Object Repository/Final Object Repo/Login Page/Internal User/Login Button' is clicked on

2018-11-23 17:50:12 - [TEST_STEP][PASSED] - Statement - Try: Delayed 2 second(s)

2018-11-23 17:50:12 - [TEST_STEP][PASSED] - Statement - Checker = false: null

2018-11-23 17:50:12 - [TEST_STEP][PASSED] - Statement - Checker = com.kms.katalon.core.webui.keyword.WebUiBuiltInKeywords.verifyElementHasAttribute(com.kms.katalon.core.testobject.ObjectRepository.findTestObject(Final Object Repo/Landing Page/BM Detecting), "href", 20, OPTIONAL): Object 'Object Repository/Final Object Repo/Landing Page/BM Detecting' has attribute 'href'

2018-11-23 17:50:12 - [MESSAGE][PASSED] - Object 'Object Repository/Final Object Repo/Landing Page/BM Detecting' has attribute 'href'

2018-11-23 17:50:12 - [TEST_STEP][PASSED] - Statement - out.println(Checker): null

2018-11-23 17:50:12 - [TEST_STEP][PASSED] - Statement - If (Checker == false): null

2018-11-23 17:50:12 - [TEST_STEP][PASSED] - Statement - Else: null

2018-11-23 17:50:12 - [TEST_STEP][PASSED] - delay: Delayed 2 second(s)

2018-11-23 17:50:14 - [MESSAGE][PASSED] - Delayed 2 second(s)

2018-11-23 17:50:14 - [TEST_STEP][PASSED] - delay: Delayed 3 second(s)

2018-11-23 17:50:17 - [MESSAGE][PASSED] - Delayed 3 second(s)

2018-11-23 17:50:17 - [TEST_STEP][PASSED] - mouseOver: Object: 'Object Repository/Final Object Repo/Landing Page/WorkFlow Menu' is hovered

2018-11-23 17:50:17 - [MESSAGE][PASSED] - Object: 'Object Repository/Final Object Repo/Landing Page/WorkFlow Menu' is hovered

2018-11-23 17:50:17 - [TEST_STEP][PASSED] - delay: Delayed 2 second(s)

2018-11-23 17:50:19 - [MESSAGE][PASSED] - Delayed 2 second(s)

2018-11-23 17:50:19 - [TEST_STEP][PASSED] - click: Object: 'Object Repository/Final Object Repo/Landing Page/Select to Workflow Listing' is clicked on

2018-11-23 17:50:21 - [MESSAGE][PASSED] - Object: 'Object Repository/Final Object Repo/Landing Page/Select to Workflow Listing' is clicked on

2018-11-23 17:50:21 - [TEST_STEP][PASSED] - delay: Delayed 2 second(s)

2018-11-23 17:50:23 - [MESSAGE][PASSED] - Delayed 2 second(s)

2018-11-23 17:50:23 - [TEST_STEP][PASSED] - click: Object: 'Object Repository/Final Object Repo/WorkFlow Listing Page/Search Information - To Put Ref No' is clicked on

2018-11-23 17:50:23 - [MESSAGE][PASSED] - Object: 'Object Repository/Final Object Repo/WorkFlow Listing Page/Search Information - To Put Ref No' is clicked on

2018-11-23 17:50:23 - [TEST_STEP][PASSED] - delay: Delayed 2 second(s)

2018-11-23 17:50:25 - [MESSAGE][PASSED] - Delayed 2 second(s)

2018-11-23 17:50:25 - [TEST_STEP][PASSED] - callTestCase: Call Test Case 'Test Cases/Final Aug 2018 - PKS Automation/Common/Reference Number Getter' successfully

2018-11-23 17:50:25 - [TEST_CASE][PASSED] - Test Cases/Final Aug 2018 - PKS Automation/Common/Reference Number Getter: Test Cases/Final Aug 2018 - PKS Automation/Common/Reference Number Getter

2018-11-23 17:50:25 - [TEST_STEP][PASSED] - Statement - Try: null

2018-11-23 17:50:25 - [TEST_STEP][PASSED] - Statement - RefNo = new java.io.File(C://Users//Admin//Desktop//PKS//Automation Reference Point//KatalonReference.txt): null

2018-11-23 17:50:25 - [TEST_STEP][PASSED] - Statement - bufferread = new java.io.BufferedReader(new java.io.FileReader(RefNo)): null

2018-11-23 17:50:25 - [TEST_STEP][PASSED] - Statement - readedVal = bufferread.readLine(): null

2018-11-23 17:50:25 - [TEST_STEP][PASSED] - Statement - out.println(CaseReferenceNo): null

2018-11-23 17:50:25 - [TEST_STEP][PASSED] - Statement - out.println(readedVal): null

2018-11-23 17:50:25 - [TEST_STEP][PASSED] - Statement - CaseReferenceNo = "": null

2018-11-23 17:50:25 - [TEST_STEP][PASSED] - Statement - CaseReferenceNo = readedVal: null

2018-11-23 17:50:25 - [MESSAGE][PASSED] - Call Test Case 'Test Cases/Final Aug 2018 - PKS Automation/Common/Reference Number Getter' successfully

2018-11-23 17:50:25 - [TEST_STEP][PASSED] - setText: Text 'CUN112018C200001613' is set on object 'Object Repository/Final Object Repo/WorkFlow Listing Page/Ref No Set Text'

2018-11-23 17:50:25 - [MESSAGE][PASSED] - Text 'CUN112018C200001613' is set on object 'Object Repository/Final Object Repo/WorkFlow Listing Page/Ref No Set Text'

2018-11-23 17:50:25 - [TEST_STEP][PASSED] - delay: Delayed 2 second(s)

2018-11-23 17:50:27 - [MESSAGE][PASSED] - Delayed 2 second(s)

2018-11-23 17:50:27 - [TEST_STEP][PASSED] - click: Object: 'Object Repository/Final Object Repo/WorkFlow Listing Page/Search Ref No Search Button' is clicked on

2018-11-23 17:50:29 - [MESSAGE][PASSED] - Object: 'Object Repository/Final Object Repo/WorkFlow Listing Page/Search Ref No Search Button' is clicked on

2018-11-23 17:50:29 - [TEST_STEP][PASSED] - delay: Delayed 4 second(s)

2018-11-23 17:50:33 - [MESSAGE][PASSED] - Delayed 4 second(s)

2018-11-23 17:50:33 - [TEST_STEP][PASSED] - click: Object: 'Object Repository/Final Object Repo/WorkFlow Listing Page/Click Continue Tooltip' is clicked on

2018-11-23 17:50:35 - [MESSAGE][PASSED] - Object: 'Object Repository/Final Object Repo/WorkFlow Listing Page/Click Continue Tooltip' is clicked on

2018-11-23 17:50:35 - [TEST_STEP][PASSED] - delay: Delayed 5 second(s)

2018-11-23 17:50:40 - [MESSAGE][PASSED] - Delayed 5 second(s)

2018-11-23 17:50:40 - [TEST_STEP][PASSED] - doubleClick: Object: 'Object Repository/Final Object Repo/WorkFlow Listing Page/Workflow Found - Listing 1' is double clicked on

2018-11-23 17:50:40 - [MESSAGE][PASSED] - Object: 'Object Repository/Final Object Repo/WorkFlow Listing Page/Workflow Found - Listing 1' is double clicked on

2018-11-23 17:50:40 - [TEST_STEP][PASSED] - Statement - println(OwnerID): null

2018-11-23 17:50:40 - [TEST_STEP][PASSED] - Statement - OwnerID = com.kms.katalon.core.webui.keyword.WebUiBuiltInKeywords.getText(com.kms.katalon.core.testobject.ObjectRepository.findTestObject(Final Object Repo/WorkFlow Listing Page/Workflow Found - Listing 1), STOP_ON_FAILURE): Text of object 'Object Repository/Final Object Repo/WorkFlow Listing Page/Workflow Found - Listing 1' is: 'JOHORuo1'

2018-11-23 17:50:40 - [MESSAGE][PASSED] - Text of object 'Object Repository/Final Object Repo/WorkFlow Listing Page/Workflow Found - Listing 1' is: 'JOHORuo1'

2018-11-23 17:50:40 - [TEST_STEP][PASSED] - Statement - OwnerID = OwnerID.toLowerCase() + "@gmail.com": null

2018-11-23 17:50:40 - [TEST_STEP][PASSED] - Statement - println(OwnerID): null

2018-11-23 17:50:40 - [TEST_STEP][PASSED] - delay: Delayed 2 second(s)

2018-11-23 17:50:42 - [MESSAGE][PASSED] - Delayed 2 second(s)

2018-11-23 17:50:42 - [MESSAGE][PASSED] - Call Test Case 'Test Cases/Final Aug 2018 - PKS Automation/Common/Workflow Owner Finder' successfully

2018-11-23 17:50:42 - [TEST_STEP][PASSED] - delay: Delayed 1 second(s)

2018-11-23 17:50:43 - [MESSAGE][PASSED] - Delayed 1 second(s)

2018-11-23 17:50:43 - [TEST_STEP][PASSED] - navigateToUrl: Navigate to 'https://assist2-uat.perkeso.gov.my/c/portal/logout' successfully

2018-11-23 17:50:44 - [MESSAGE][PASSED] - Navigate to 'https://assist2-uat.perkeso.gov.my/c/portal/logout' successfully

2018-11-23 17:50:44 - [TEST_STEP][PASSED] - delay: Delayed 1 second(s)

2018-11-23 17:50:45 - [MESSAGE][PASSED] - Delayed 1 second(s)

2018-11-23 17:50:45 - [TEST_STEP][PASSED] - callTestCase: Call Test Case 'Test Cases/Final Aug 2018 - PKS Automation/Registration Module/Workflow/Login and Search Case For Workflow' successfully

2018-11-23 17:50:46 - [TEST_CASE][PASSED] - Test Cases/Final Aug 2018 - PKS Automation/Registration Module/Workflow/Login and Search Case For Workflow: Test Cases/Final Aug 2018 - PKS Automation/Registration Module/Workflow/Login and Search Case For Workflow

2018-11-23 17:50:46 - [TEST_STEP][PASSED] - navigateToUrl: Navigate to 'https://assist2-uat.perkeso.gov.my/login' successfully

2018-11-23 17:50:47 - [MESSAGE][PASSED] - Navigate to 'https://assist2-uat.perkeso.gov.my/login' successfully

2018-11-23 17:50:47 - [TEST_STEP][PASSED] - setText: Text 'johoruo1@gmail.com' is set on object 'Object Repository/Final Object Repo/Login Page/Internal User/Email Address'

2018-11-23 17:50:47 - [MESSAGE][PASSED] - Text 'johoruo1@gmail.com' is set on object 'Object Repository/Final Object Repo/Login Page/Internal User/Email Address'

2018-11-23 17:50:47 - [TEST_STEP][PASSED] - click: Object: 'Object Repository/Final Object Repo/Login Page/Internal User/Next Button' is clicked on

2018-11-23 17:50:47 - [MESSAGE][PASSED] - Object: 'Object Repository/Final Object Repo/Login Page/Internal User/Next Button' is clicked on

2018-11-23 17:50:47 - [TEST_STEP][PASSED] - delay: Delayed 1 second(s)

2018-11-23 17:50:48 - [MESSAGE][PASSED] - Delayed 1 second(s)

2018-11-23 17:50:48 - [TEST_STEP][PASSED] - setEncryptedText: Text ****** has been set on object 'Object Repository/Final Object Repo/Login Page/Internal User/Password'

2018-11-23 17:50:48 - [MESSAGE][PASSED] - Text ****** has been set on object 'Object Repository/Final Object Repo/Login Page/Internal User/Password'

2018-11-23 17:50:48 - [TEST_STEP][PASSED] - click: Object: 'Object Repository/Final Object Repo/Login Page/Internal User/Login Button' is clicked on

2018-11-23 17:50:50 - [MESSAGE][PASSED] - Object: 'Object Repository/Final Object Repo/Login Page/Internal User/Login Button' is clicked on

2018-11-23 17:50:50 - [TEST_STEP][PASSED] - delay: Delayed 2 second(s)

2018-11-23 17:50:52 - [MESSAGE][PASSED] - Delayed 2 second(s)

2018-11-23 17:50:52 - [TEST_STEP][PASSED] - Statement - Try: Delayed 2 second(s)

2018-11-23 17:50:52 - [TEST_STEP][PASSED] - Statement - Checker = false: null

2018-11-23 17:50:52 - [TEST_STEP][PASSED] - Statement - Checker = com.kms.katalon.core.webui.keyword.WebUiBuiltInKeywords.verifyElementHasAttribute(com.kms.katalon.core.testobject.ObjectRepository.findTestObject(Final Object Repo/Landing Page/BM Detecting), "href", 20, OPTIONAL): Object 'Object Repository/Final Object Repo/Landing Page/BM Detecting' has attribute 'href'

2018-11-23 17:50:53 - [MESSAGE][PASSED] - Object 'Object Repository/Final Object Repo/Landing Page/BM Detecting' has attribute 'href'

2018-11-23 17:50:53 - [TEST_STEP][PASSED] - Statement - out.println(Checker): null

2018-11-23 17:50:53 - [TEST_STEP][PASSED] - Statement - If (Checker == false): null

2018-11-23 17:50:53 - [TEST_STEP][PASSED] - Statement - Else: null

2018-11-23 17:50:53 - [TEST_STEP][PASSED] - delay: Delayed 2 second(s)

2018-11-23 17:50:55 - [MESSAGE][PASSED] - Delayed 2 second(s)

2018-11-23 17:50:55 - [TEST_STEP][PASSED] - click: Object: 'Object Repository/Final Object Repo/Page_MyASSIST - ASSIST - Search Pending Case For Add Supporting Document/Search Information' is clicked on

2018-11-23 17:50:55 - [MESSAGE][PASSED] - Object: 'Object Repository/Final Object Repo/Page_MyASSIST - ASSIST - Search Pending Case For Add Supporting Document/Search Information' is clicked on

2018-11-23 17:50:55 - [TEST_STEP][PASSED] - delay: Delayed 3 second(s)

2018-11-23 17:50:58 - [MESSAGE][PASSED] - Delayed 3 second(s)

2018-11-23 17:50:58 - [TEST_STEP][PASSED] - sendKeys: Keys 'CUN112018C200001613' sent to object: 'Object Repository/Final Object Repo/Page_MyASSIST - ASSIST - Search Pending Case For Add Supporting Document/Reference No'

2018-11-23 17:50:58 - [MESSAGE][PASSED] - Keys 'CUN112018C200001613' sent to object: 'Object Repository/Final Object Repo/Page_MyASSIST - ASSIST - Search Pending Case For Add Supporting Document/Reference No'

2018-11-23 17:50:58 - [TEST_STEP][PASSED] - click: Object: 'Object Repository/Final Object Repo/Page_MyASSIST - ASSIST - Search Pending Case For Add Supporting Document/Search Reference No' is clicked on

2018-11-23 17:51:00 - [MESSAGE][PASSED] - Object: 'Object Repository/Final Object Repo/Page_MyASSIST - ASSIST - Search Pending Case For Add Supporting Document/Search Reference No' is clicked on

2018-11-23 17:51:00 - [TEST_STEP][PASSED] - delay: Delayed 2 second(s)

2018-11-23 17:51:02 - [MESSAGE][PASSED] - Delayed 2 second(s)

2018-11-23 17:51:02 - [TEST_STEP][PASSED] - click: Object: 'Object Repository/Final Object Repo/Page_MyASSIST - ASSIST - Search Pending Case For Add Supporting Document/Continue' is clicked on

2018-11-23 17:51:05 - [MESSAGE][PASSED] - Object: 'Object Repository/Final Object Repo/Page_MyASSIST - ASSIST - Search Pending Case For Add Supporting Document/Continue' is clicked on

2018-11-23 17:51:05 - [TEST_STEP][PASSED] - delay: Delayed 20 second(s)

2018-11-23 17:51:25 - [MESSAGE][PASSED] - Delayed 20 second(s)

2018-11-23 17:51:25 - [MESSAGE][PASSED] - Call Test Case 'Test Cases/Final Aug 2018 - PKS Automation/Registration Module/Workflow/Login and Search Case For Workflow' successfully

2018-11-23 17:51:25 - [TEST_STEP][PASSED] - click: Object: 'Object Repository/Final Object Repo/Page_Form 1A - Cessation As Employer/Page_Form 1A - Cessation As Employer (Approve)/Save  Continue in Form 1A Page' is clicked on

2018-11-23 17:51:28 - [MESSAGE][PASSED] - Object: 'Object Repository/Final Object Repo/Page_Form 1A - Cessation As Employer/Page_Form 1A - Cessation As Employer (Approve)/Save  Continue in Form 1A Page' is clicked on

2018-11-23 17:51:28 - [TEST_STEP][PASSED] - delay: Delayed 2 second(s)

2018-11-23 17:51:30 - [MESSAGE][PASSED] - Delayed 2 second(s)

2018-11-23 17:51:30 - [TEST_STEP][PASSED] - click: Object: 'Object Repository/Final Object Repo/Page_Form 1A - Cessation As Employer/Employment Resign Date' is clicked on

2018-11-23 17:51:30 - [MESSAGE][PASSED] - Object: 'Object Repository/Final Object Repo/Page_Form 1A - Cessation As Employer/Employment Resign Date' is clicked on

2018-11-23 17:51:30 - [TEST_STEP][PASSED] - delay: Delayed 1 second(s)

2018-11-23 17:51:31 - [MESSAGE][PASSED] - Delayed 1 second(s)

2018-11-23 17:51:31 - [TEST_STEP][PASSED] - selectOptionByValue: All options with value '2030' are selected in object 'Object Repository/Final Object Repo/Page_Form 1A - Cessation As Employer/Employment Resign Date - Year' 

2018-11-23 17:51:32 - [MESSAGE][PASSED] - All options with value '2030' are selected in object 'Object Repository/Final Object Repo/Page_Form 1A - Cessation As Employer/Employment Resign Date - Year' 

2018-11-23 17:51:32 - [TEST_STEP][PASSED] - delay: Delayed 1 second(s)

2018-11-23 17:51:33 - [MESSAGE][PASSED] - Delayed 1 second(s)

2018-11-23 17:51:33 - [TEST_STEP][PASSED] - click: Object: 'Object Repository/Final Object Repo/Page_Form 1A - Cessation As Employer/Employment Resign Date - Year - Date' is clicked on

2018-11-23 17:51:33 - [MESSAGE][PASSED] - Object: 'Object Repository/Final Object Repo/Page_Form 1A - Cessation As Employer/Employment Resign Date - Year - Date' is clicked on

2018-11-23 17:51:33 - [TEST_STEP][PASSED] - delay: Delayed 2 second(s)

2018-11-23 17:51:35 - [MESSAGE][PASSED] - Delayed 2 second(s)

2018-11-23 17:51:35 - [TEST_STEP][PASSED] - click: Object: 'Object Repository/Final Object Repo/Page_Form 1A - Cessation As Employer/Page_Form 1A - Cessation As Employer (Approve)/Save  Continue in Update Add Employee Resigned Date Page' is clicked on

2018-11-23 17:51:35 - [MESSAGE][PASSED] - Object: 'Object Repository/Final Object Repo/Page_Form 1A - Cessation As Employer/Page_Form 1A - Cessation As Employer (Approve)/Save  Continue in Update Add Employee Resigned Date Page' is clicked on

2018-11-23 17:51:35 - [TEST_STEP][PASSED] - delay: Delayed 2 second(s)

2018-11-23 17:51:37 - [MESSAGE][PASSED] - Delayed 2 second(s)

2018-11-23 17:51:37 - [TEST_STEP][PASSED] - click: Object: 'Object Repository/Final Object Repo/Page_Form 1A - Cessation As Employer/Set Latest - Yes' is clicked on

2018-11-23 17:51:41 - [MESSAGE][PASSED] - Object: 'Object Repository/Final Object Repo/Page_Form 1A - Cessation As Employer/Set Latest - Yes' is clicked on

2018-11-23 17:51:41 - [TEST_STEP][PASSED] - delay: Delayed 2 second(s)

2018-11-23 17:51:43 - [MESSAGE][PASSED] - Delayed 2 second(s)

2018-11-23 17:51:43 - [TEST_STEP][PASSED] - click: Object: 'Object Repository/Final Object Repo/Page_Form 1A - Cessation As Employer/Page_Form 1A - Cessation As Employer (Approve)/Save  Contine in Uploading Document Page' is clicked on

2018-11-23 17:51:49 - [MESSAGE][PASSED] - Object: 'Object Repository/Final Object Repo/Page_Form 1A - Cessation As Employer/Page_Form 1A - Cessation As Employer (Approve)/Save  Contine in Uploading Document Page' is clicked on

2018-11-23 17:51:49 - [TEST_STEP][PASSED] - delay: Delayed 2 second(s)

2018-11-23 17:51:51 - [MESSAGE][PASSED] - Delayed 2 second(s)

2018-11-23 17:51:51 - [TEST_STEP][PASSED] - click: Object: 'Object Repository/Final Object Repo/Page_Form 1A - Cessation As Employer/Page_Form 1A - Cessation As Employer (Approve)/Approve' is clicked on

2018-11-23 17:51:51 - [MESSAGE][PASSED] - Object: 'Object Repository/Final Object Repo/Page_Form 1A - Cessation As Employer/Page_Form 1A - Cessation As Employer (Approve)/Approve' is clicked on

2018-11-23 17:51:51 - [TEST_STEP][PASSED] - delay: Delayed 2 second(s)

2018-11-23 17:51:53 - [MESSAGE][PASSED] - Delayed 2 second(s)

2018-11-23 17:51:53 - [TEST_STEP][PASSED] - click: Object: 'Object Repository/Final Object Repo/Page_Form 1A - Cessation As Employer/Confirm' is clicked on

2018-11-23 17:51:54 - [MESSAGE][PASSED] - Object: 'Object Repository/Final Object Repo/Page_Form 1A - Cessation As Employer/Confirm' is clicked on

2018-11-23 17:51:54 - [TEST_STEP][PASSED] - delay: Delayed 2 second(s)

2018-11-23 17:51:56 - [MESSAGE][PASSED] - Delayed 2 second(s)

2018-11-23 17:51:56 - [TEST_STEP][PASSED] - click: Object: 'Object Repository/Final Object Repo/Page_Form 1A - Cessation As Employer/Page_Form 1A - Cessation As Employer (Approve)/Message Your Request    Form 1A ' is clicked on

2018-11-23 17:52:05 - [MESSAGE][PASSED] - Object: 'Object Repository/Final Object Repo/Page_Form 1A - Cessation As Employer/Page_Form 1A - Cessation As Employer (Approve)/Message Your Request    Form 1A ' is clicked on

2018-11-23 17:52:05 - [TEST_STEP][PASSED] - delay: Delayed 2 second(s)

2018-11-23 17:52:07 - [MESSAGE][PASSED] - Delayed 2 second(s)

2018-11-23 17:52:07 - [TEST_STEP][PASSED] - click: Object: 'Object Repository/Final Object Repo/Page_Form 1A - Cessation As Employer/Page_Form 1A - Cessation As Employer (Approve)/Letter of successful update' is clicked on

2018-11-23 17:52:12 - [MESSAGE][PASSED] - Object: 'Object Repository/Final Object Repo/Page_Form 1A - Cessation As Employer/Page_Form 1A - Cessation As Employer (Approve)/Letter of successful update' is clicked on

2018-11-23 17:52:12 - [MESSAGE][PASSED] - Call Test Case 'Test Cases/Final Aug 2018 - PKS Automation/Registration Module/Workflow/Form 1A - Cessation As Employer/Template/Form 1 A - Cessation As Employer (Approve)' successfully]]></system-out>
         <system-err><![CDATA[]]></system-err>
      </testcase>
      <testcase name="Test Cases/Final Aug 2018 - PKS Automation/Registration Module/Workflow/Form 1A - Cessation As Employer/OTC to UO (Query)" classname="Test Cases/Final Aug 2018 - PKS Automation/Registration Module/Workflow/Form 1A - Cessation As Employer/OTC to UO (Query)" status="FAILED">
         <failure type="FAILED" message="(Stack trace: com.kms.katalon.core.exception.StepFailedException: Unable to click on object 'Object Repository/Final Object Repo/Page_Form 1A - Cessation As Employer/Document Type' (Root cause: org.openqa.selenium.ElementClickInterceptedException: Element &lt;span class=&quot;select2-selection select2-selection--single&quot;> is not clickable at point (481.7833251953125,200.71665954589844) because another element &lt;div class=&quot;blockUI blockOverlay&quot;> obscures it
Build info: version: '3.7.1', revision: '8a0099a', time: '2017-11-06T21:07:36.161Z'
System info: host: 'WIN7TEST02', ip: '10.20.3.72', os.name: 'Windows 7', os.arch: 'amd64', os.version: '6.1', java.version: '1.8.0_181'
Driver info: com.kms.katalon.core.webui.driver.firefox.CGeckoDriver
Capabilities {acceptInsecureCerts: true, browserName: firefox, browserVersion: 63.0.3, javascriptEnabled: true, moz:accessibilityChecks: false, moz:geckodriverVersion: 0.23.0, moz:headless: false, moz:processID: 3792, moz:profile: C:\Users\Admin\AppData\Loca..., moz:useNonSpecCompliantPointerOrigin: false, moz:webdriverClick: true, pageLoadStrategy: normal, platform: WINDOWS, platformName: WINDOWS, platformVersion: 6.1, proxy: Proxy(direct), rotatable: false, setWindowRect: true, timeouts: {implicit: 0, pageLoad: 300000, script: 30000}, unhandledPromptBehavior: dismiss and notify}
Session ID: 22a26599-3838-4b96-b0c3-9fb3337837de)
	at com.kms.katalon.core.keyword.internal.KeywordMain.stepFailed(KeywordMain.groovy:32)
	at com.kms.katalon.core.webui.keyword.internal.WebUIKeywordMain.stepFailed(WebUIKeywordMain.groovy:65)
	at com.kms.katalon.core.webui.keyword.internal.WebUIKeywordMain.runKeyword(WebUIKeywordMain.groovy:27)
	at com.kms.katalon.core.webui.keyword.builtin.ClickKeyword.click(ClickKeyword.groovy:86)
	at com.kms.katalon.core.webui.keyword.builtin.ClickKeyword.execute(ClickKeyword.groovy:67)
	at com.kms.katalon.core.keyword.internal.KeywordExecutor.executeKeywordForPlatform(KeywordExecutor.groovy:53)
	at com.kms.katalon.core.webui.keyword.WebUiBuiltInKeywords.click(WebUiBuiltInKeywords.groovy:616)
	at com.kms.katalon.core.webui.keyword.WebUiBuiltInKeywords$click$2.call(Unknown Source)
	at Script1536137325809.run(Script1536137325809.groovy:148)
	at com.kms.katalon.core.main.ScriptEngine.run(ScriptEngine.java:183)
	at com.kms.katalon.core.main.ScriptEngine.runScriptAsRawText(ScriptEngine.java:108)
	at com.kms.katalon.core.main.TestCaseExecutor.runScript(TestCaseExecutor.java:294)
	at com.kms.katalon.core.main.TestCaseExecutor.doExecute(TestCaseExecutor.java:285)
	at com.kms.katalon.core.main.TestCaseExecutor.processExecutionPhase(TestCaseExecutor.java:264)
	at com.kms.katalon.core.main.TestCaseExecutor.accessMainPhase(TestCaseExecutor.java:256)
	at com.kms.katalon.core.main.TestCaseExecutor.execute(TestCaseExecutor.java:200)
	at com.kms.katalon.core.main.TestCaseMain.runTestCase(TestCaseMain.java:99)
	at com.kms.katalon.core.keyword.builtin.CallTestCaseKeyword$_callTestCase_closure1.doCall(CallTestCaseKeyword.groovy:60)
	at com.kms.katalon.core.keyword.builtin.CallTestCaseKeyword$_callTestCase_closure1.call(CallTestCaseKeyword.groovy)
	at com.kms.katalon.core.keyword.internal.KeywordMain.runKeyword(KeywordMain.groovy:54)
	at com.kms.katalon.core.keyword.builtin.CallTestCaseKeyword.callTestCase(CallTestCaseKeyword.groovy:81)
	at com.kms.katalon.core.keyword.builtin.CallTestCaseKeyword.execute(CallTestCaseKeyword.groovy:45)
	at com.kms.katalon.core.keyword.internal.KeywordExecutor.executeKeywordForPlatform(KeywordExecutor.groovy:53)
	at com.kms.katalon.core.keyword.BuiltinKeywords.callTestCase(BuiltinKeywords.groovy:334)
	at sun.reflect.GeneratedMethodAccessor13.invoke(Unknown Source)
	at sun.reflect.DelegatingMethodAccessorImpl.invoke(DelegatingMethodAccessorImpl.java:43)
	at java.lang.reflect.Method.invoke(Method.java:498)
	at org.codehaus.groovy.reflection.CachedMethod.invoke(CachedMethod.java:93)
	at groovy.lang.MetaMethod.doMethodInvoke(MetaMethod.java:325)
	at groovy.lang.MetaClassImpl.invokeStaticMethod(MetaClassImpl.java:1469)
	at org.codehaus.groovy.runtime.callsite.StaticMetaClassSite.call(StaticMetaClassSite.java:53)
	at org.codehaus.groovy.runtime.callsite.CallSiteArray.defaultCall(CallSiteArray.java:48)
	at org.codehaus.groovy.runtime.callsite.AbstractCallSite.call(AbstractCallSite.java:113)
	at org.codehaus.groovy.runtime.callsite.AbstractCallSite.call(AbstractCallSite.java:141)
	at Script1536137820751.run(Script1536137820751.groovy:22)
	at com.kms.katalon.core.main.ScriptEngine.run(ScriptEngine.java:183)
	at com.kms.katalon.core.main.ScriptEngine.runScriptAsRawText(ScriptEngine.java:108)
	at com.kms.katalon.core.main.TestCaseExecutor.runScript(TestCaseExecutor.java:294)
	at com.kms.katalon.core.main.TestCaseExecutor.doExecute(TestCaseExecutor.java:285)
	at com.kms.katalon.core.main.TestCaseExecutor.processExecutionPhase(TestCaseExecutor.java:264)
	at com.kms.katalon.core.main.TestCaseExecutor.accessMainPhase(TestCaseExecutor.java:256)
	at com.kms.katalon.core.main.TestCaseExecutor.execute(TestCaseExecutor.java:200)
	at com.kms.katalon.core.main.TestSuiteExecutor.accessTestCaseMainPhase(TestSuiteExecutor.java:129)
	at com.kms.katalon.core.main.TestSuiteExecutor.accessTestSuiteMainPhase(TestSuiteExecutor.java:112)
	at com.kms.katalon.core.main.TestSuiteExecutor.execute(TestSuiteExecutor.java:81)
	at com.kms.katalon.core.main.TestCaseMain.startTestSuite(TestCaseMain.java:142)
	at com.kms.katalon.core.main.TestCaseMain$startTestSuite$0.call(Unknown Source)
	at org.codehaus.groovy.runtime.callsite.CallSiteArray.defaultCall(CallSiteArray.java:48)
	at org.codehaus.groovy.runtime.callsite.AbstractCallSite.call(AbstractCallSite.java:113)
	at org.codehaus.groovy.runtime.callsite.AbstractCallSite.call(AbstractCallSite.java:141)
	at TempTestSuite1542963714307.run(TempTestSuite1542963714307.groovy:36)
	at groovy.lang.GroovyShell.runScriptOrMainOrTestOrRunnable(GroovyShell.java:263)
	at groovy.lang.GroovyShell.run(GroovyShell.java:518)
	at groovy.lang.GroovyShell.run(GroovyShell.java:507)
	at groovy.ui.GroovyMain.processOnce(GroovyMain.java:653)
	at groovy.ui.GroovyMain.run(GroovyMain.java:384)
	at groovy.ui.GroovyMain.process(GroovyMain.java:370)
	at groovy.ui.GroovyMain.processArgs(GroovyMain.java:129)
	at groovy.ui.GroovyMain.main(GroovyMain.java:109)
	at sun.reflect.NativeMethodAccessorImpl.invoke0(Native Method)
	at sun.reflect.NativeMethodAccessorImpl.invoke(NativeMethodAccessorImpl.java:62)
	at sun.reflect.DelegatingMethodAccessorImpl.invoke(DelegatingMethodAccessorImpl.java:43)
	at java.lang.reflect.Method.invoke(Method.java:498)
	at org.codehaus.groovy.tools.GroovyStarter.rootLoader(GroovyStarter.java:109)
	at org.codehaus.groovy.tools.GroovyStarter.main(GroovyStarter.java:131)
)"/>
         <system-out><![CDATA[2018-11-23 17:52:12 - [TEST_CASE][FAILED] - Test Cases/Final Aug 2018 - PKS Automation/Registration Module/Workflow/Form 1A - Cessation As Employer/OTC to UO (Query): Test Cases/Final Aug 2018 - PKS Automation/Registration Module/Workflow/Form 1A - Cessation As Employer/OTC to UO (Query) FAILED because (of) (Stack trace: com.kms.katalon.core.exception.StepFailedException: Unable to click on object 'Object Repository/Final Object Repo/Page_Form 1A - Cessation As Employer/Document Type' (Root cause: org.openqa.selenium.ElementClickInterceptedException: Element <span class="select2-selection select2-selection--single"> is not clickable at point (481.7833251953125,200.71665954589844) because another element <div class="blockUI blockOverlay"> obscures it
Build info: version: '3.7.1', revision: '8a0099a', time: '2017-11-06T21:07:36.161Z'
System info: host: 'WIN7TEST02', ip: '10.20.3.72', os.name: 'Windows 7', os.arch: 'amd64', os.version: '6.1', java.version: '1.8.0_181'
Driver info: com.kms.katalon.core.webui.driver.firefox.CGeckoDriver
Capabilities {acceptInsecureCerts: true, browserName: firefox, browserVersion: 63.0.3, javascriptEnabled: true, moz:accessibilityChecks: false, moz:geckodriverVersion: 0.23.0, moz:headless: false, moz:processID: 3792, moz:profile: C:\Users\Admin\AppData\Loca..., moz:useNonSpecCompliantPointerOrigin: false, moz:webdriverClick: true, pageLoadStrategy: normal, platform: WINDOWS, platformName: WINDOWS, platformVersion: 6.1, proxy: Proxy(direct), rotatable: false, setWindowRect: true, timeouts: {implicit: 0, pageLoad: 300000, script: 30000}, unhandledPromptBehavior: dismiss and notify}
Session ID: 22a26599-3838-4b96-b0c3-9fb3337837de)
	at com.kms.katalon.core.keyword.internal.KeywordMain.stepFailed(KeywordMain.groovy:32)
	at com.kms.katalon.core.webui.keyword.internal.WebUIKeywordMain.stepFailed(WebUIKeywordMain.groovy:65)
	at com.kms.katalon.core.webui.keyword.internal.WebUIKeywordMain.runKeyword(WebUIKeywordMain.groovy:27)
	at com.kms.katalon.core.webui.keyword.builtin.ClickKeyword.click(ClickKeyword.groovy:86)
	at com.kms.katalon.core.webui.keyword.builtin.ClickKeyword.execute(ClickKeyword.groovy:67)
	at com.kms.katalon.core.keyword.internal.KeywordExecutor.executeKeywordForPlatform(KeywordExecutor.groovy:53)
	at com.kms.katalon.core.webui.keyword.WebUiBuiltInKeywords.click(WebUiBuiltInKeywords.groovy:616)
	at com.kms.katalon.core.webui.keyword.WebUiBuiltInKeywords$click$2.call(Unknown Source)
	at Script1536137325809.run(Script1536137325809.groovy:148)
	at com.kms.katalon.core.main.ScriptEngine.run(ScriptEngine.java:183)
	at com.kms.katalon.core.main.ScriptEngine.runScriptAsRawText(ScriptEngine.java:108)
	at com.kms.katalon.core.main.TestCaseExecutor.runScript(TestCaseExecutor.java:294)
	at com.kms.katalon.core.main.TestCaseExecutor.doExecute(TestCaseExecutor.java:285)
	at com.kms.katalon.core.main.TestCaseExecutor.processExecutionPhase(TestCaseExecutor.java:264)
	at com.kms.katalon.core.main.TestCaseExecutor.accessMainPhase(TestCaseExecutor.java:256)
	at com.kms.katalon.core.main.TestCaseExecutor.execute(TestCaseExecutor.java:200)
	at com.kms.katalon.core.main.TestCaseMain.runTestCase(TestCaseMain.java:99)
	at com.kms.katalon.core.keyword.builtin.CallTestCaseKeyword$_callTestCase_closure1.doCall(CallTestCaseKeyword.groovy:60)
	at com.kms.katalon.core.keyword.builtin.CallTestCaseKeyword$_callTestCase_closure1.call(CallTestCaseKeyword.groovy)
	at com.kms.katalon.core.keyword.internal.KeywordMain.runKeyword(KeywordMain.groovy:54)
	at com.kms.katalon.core.keyword.builtin.CallTestCaseKeyword.callTestCase(CallTestCaseKeyword.groovy:81)
	at com.kms.katalon.core.keyword.builtin.CallTestCaseKeyword.execute(CallTestCaseKeyword.groovy:45)
	at com.kms.katalon.core.keyword.internal.KeywordExecutor.executeKeywordForPlatform(KeywordExecutor.groovy:53)
	at com.kms.katalon.core.keyword.BuiltinKeywords.callTestCase(BuiltinKeywords.groovy:334)
	at sun.reflect.GeneratedMethodAccessor13.invoke(Unknown Source)
	at sun.reflect.DelegatingMethodAccessorImpl.invoke(DelegatingMethodAccessorImpl.java:43)
	at java.lang.reflect.Method.invoke(Method.java:498)
	at org.codehaus.groovy.reflection.CachedMethod.invoke(CachedMethod.java:93)
	at groovy.lang.MetaMethod.doMethodInvoke(MetaMethod.java:325)
	at groovy.lang.MetaClassImpl.invokeStaticMethod(MetaClassImpl.java:1469)
	at org.codehaus.groovy.runtime.callsite.StaticMetaClassSite.call(StaticMetaClassSite.java:53)
	at org.codehaus.groovy.runtime.callsite.CallSiteArray.defaultCall(CallSiteArray.java:48)
	at org.codehaus.groovy.runtime.callsite.AbstractCallSite.call(AbstractCallSite.java:113)
	at org.codehaus.groovy.runtime.callsite.AbstractCallSite.call(AbstractCallSite.java:141)
	at Script1536137820751.run(Script1536137820751.groovy:22)
	at com.kms.katalon.core.main.ScriptEngine.run(ScriptEngine.java:183)
	at com.kms.katalon.core.main.ScriptEngine.runScriptAsRawText(ScriptEngine.java:108)
	at com.kms.katalon.core.main.TestCaseExecutor.runScript(TestCaseExecutor.java:294)
	at com.kms.katalon.core.main.TestCaseExecutor.doExecute(TestCaseExecutor.java:285)
	at com.kms.katalon.core.main.TestCaseExecutor.processExecutionPhase(TestCaseExecutor.java:264)
	at com.kms.katalon.core.main.TestCaseExecutor.accessMainPhase(TestCaseExecutor.java:256)
	at com.kms.katalon.core.main.TestCaseExecutor.execute(TestCaseExecutor.java:200)
	at com.kms.katalon.core.main.TestSuiteExecutor.accessTestCaseMainPhase(TestSuiteExecutor.java:129)
	at com.kms.katalon.core.main.TestSuiteExecutor.accessTestSuiteMainPhase(TestSuiteExecutor.java:112)
	at com.kms.katalon.core.main.TestSuiteExecutor.execute(TestSuiteExecutor.java:81)
	at com.kms.katalon.core.main.TestCaseMain.startTestSuite(TestCaseMain.java:142)
	at com.kms.katalon.core.main.TestCaseMain$startTestSuite$0.call(Unknown Source)
	at org.codehaus.groovy.runtime.callsite.CallSiteArray.defaultCall(CallSiteArray.java:48)
	at org.codehaus.groovy.runtime.callsite.AbstractCallSite.call(AbstractCallSite.java:113)
	at org.codehaus.groovy.runtime.callsite.AbstractCallSite.call(AbstractCallSite.java:141)
	at TempTestSuite1542963714307.run(TempTestSuite1542963714307.groovy:36)
	at groovy.lang.GroovyShell.runScriptOrMainOrTestOrRunnable(GroovyShell.java:263)
	at groovy.lang.GroovyShell.run(GroovyShell.java:518)
	at groovy.lang.GroovyShell.run(GroovyShell.java:507)
	at groovy.ui.GroovyMain.processOnce(GroovyMain.java:653)
	at groovy.ui.GroovyMain.run(GroovyMain.java:384)
	at groovy.ui.GroovyMain.process(GroovyMain.java:370)
	at groovy.ui.GroovyMain.processArgs(GroovyMain.java:129)
	at groovy.ui.GroovyMain.main(GroovyMain.java:109)
	at sun.reflect.NativeMethodAccessorImpl.invoke0(Native Method)
	at sun.reflect.NativeMethodAccessorImpl.invoke(NativeMethodAccessorImpl.java:62)
	at sun.reflect.DelegatingMethodAccessorImpl.invoke(DelegatingMethodAccessorImpl.java:43)
	at java.lang.reflect.Method.invoke(Method.java:498)
	at org.codehaus.groovy.tools.GroovyStarter.rootLoader(GroovyStarter.java:109)
	at org.codehaus.groovy.tools.GroovyStarter.main(GroovyStarter.java:131)
)

2018-11-23 17:52:13 - [TEST_STEP][FAILED] - callTestCase: Unable to call Test Case with id 'Test Cases/Final Aug 2018 - PKS Automation/Registration Module/Workflow/Form 1A - Cessation As Employer/Template/Form 1 A - Cessation As Employer (OTC)' (Root cause: Call Test Case 'Test Cases/Final Aug 2018 - PKS Automation/Registration Module/Workflow/Form 1A - Cessation As Employer/Template/Form 1 A - Cessation As Employer (OTC)' failed)

2018-11-23 17:52:13 - [TEST_CASE][FAILED] - Test Cases/Final Aug 2018 - PKS Automation/Registration Module/Workflow/Form 1A - Cessation As Employer/Template/Form 1 A - Cessation As Employer (OTC): Test Cases/Final Aug 2018 - PKS Automation/Registration Module/Workflow/Form 1A - Cessation As Employer/Template/Form 1 A - Cessation As Employer (OTC) FAILED because (of) (Stack trace: com.kms.katalon.core.exception.StepFailedException: Unable to click on object 'Object Repository/Final Object Repo/Page_Form 1A - Cessation As Employer/Document Type' (Root cause: org.openqa.selenium.ElementClickInterceptedException: Element <span class="select2-selection select2-selection--single"> is not clickable at point (481.7833251953125,200.71665954589844) because another element <div class="blockUI blockOverlay"> obscures it
Build info: version: '3.7.1', revision: '8a0099a', time: '2017-11-06T21:07:36.161Z'
System info: host: 'WIN7TEST02', ip: '10.20.3.72', os.name: 'Windows 7', os.arch: 'amd64', os.version: '6.1', java.version: '1.8.0_181'
Driver info: com.kms.katalon.core.webui.driver.firefox.CGeckoDriver
Capabilities {acceptInsecureCerts: true, browserName: firefox, browserVersion: 63.0.3, javascriptEnabled: true, moz:accessibilityChecks: false, moz:geckodriverVersion: 0.23.0, moz:headless: false, moz:processID: 3792, moz:profile: C:\Users\Admin\AppData\Loca..., moz:useNonSpecCompliantPointerOrigin: false, moz:webdriverClick: true, pageLoadStrategy: normal, platform: WINDOWS, platformName: WINDOWS, platformVersion: 6.1, proxy: Proxy(direct), rotatable: false, setWindowRect: true, timeouts: {implicit: 0, pageLoad: 300000, script: 30000}, unhandledPromptBehavior: dismiss and notify}
Session ID: 22a26599-3838-4b96-b0c3-9fb3337837de)
	at com.kms.katalon.core.keyword.internal.KeywordMain.stepFailed(KeywordMain.groovy:32)
	at com.kms.katalon.core.webui.keyword.internal.WebUIKeywordMain.stepFailed(WebUIKeywordMain.groovy:65)
	at com.kms.katalon.core.webui.keyword.internal.WebUIKeywordMain.runKeyword(WebUIKeywordMain.groovy:27)
	at com.kms.katalon.core.webui.keyword.builtin.ClickKeyword.click(ClickKeyword.groovy:86)
	at com.kms.katalon.core.webui.keyword.builtin.ClickKeyword.execute(ClickKeyword.groovy:67)
	at com.kms.katalon.core.keyword.internal.KeywordExecutor.executeKeywordForPlatform(KeywordExecutor.groovy:53)
	at com.kms.katalon.core.webui.keyword.WebUiBuiltInKeywords.click(WebUiBuiltInKeywords.groovy:616)
	at com.kms.katalon.core.webui.keyword.WebUiBuiltInKeywords$click$2.call(Unknown Source)
	at Script1536137325809.run(Script1536137325809.groovy:148)
	at com.kms.katalon.core.main.ScriptEngine.run(ScriptEngine.java:183)
	at com.kms.katalon.core.main.ScriptEngine.runScriptAsRawText(ScriptEngine.java:108)
	at com.kms.katalon.core.main.TestCaseExecutor.runScript(TestCaseExecutor.java:294)
	at com.kms.katalon.core.main.TestCaseExecutor.doExecute(TestCaseExecutor.java:285)
	at com.kms.katalon.core.main.TestCaseExecutor.processExecutionPhase(TestCaseExecutor.java:264)
	at com.kms.katalon.core.main.TestCaseExecutor.accessMainPhase(TestCaseExecutor.java:256)
	at com.kms.katalon.core.main.TestCaseExecutor.execute(TestCaseExecutor.java:200)
	at com.kms.katalon.core.main.TestCaseMain.runTestCase(TestCaseMain.java:99)
	at com.kms.katalon.core.keyword.builtin.CallTestCaseKeyword$_callTestCase_closure1.doCall(CallTestCaseKeyword.groovy:60)
	at com.kms.katalon.core.keyword.builtin.CallTestCaseKeyword$_callTestCase_closure1.call(CallTestCaseKeyword.groovy)
	at com.kms.katalon.core.keyword.internal.KeywordMain.runKeyword(KeywordMain.groovy:54)
	at com.kms.katalon.core.keyword.builtin.CallTestCaseKeyword.callTestCase(CallTestCaseKeyword.groovy:81)
	at com.kms.katalon.core.keyword.builtin.CallTestCaseKeyword.execute(CallTestCaseKeyword.groovy:45)
	at com.kms.katalon.core.keyword.internal.KeywordExecutor.executeKeywordForPlatform(KeywordExecutor.groovy:53)
	at com.kms.katalon.core.keyword.BuiltinKeywords.callTestCase(BuiltinKeywords.groovy:334)
	at sun.reflect.GeneratedMethodAccessor13.invoke(Unknown Source)
	at sun.reflect.DelegatingMethodAccessorImpl.invoke(DelegatingMethodAccessorImpl.java:43)
	at java.lang.reflect.Method.invoke(Method.java:498)
	at org.codehaus.groovy.reflection.CachedMethod.invoke(CachedMethod.java:93)
	at groovy.lang.MetaMethod.doMethodInvoke(MetaMethod.java:325)
	at groovy.lang.MetaClassImpl.invokeStaticMethod(MetaClassImpl.java:1469)
	at org.codehaus.groovy.runtime.callsite.StaticMetaClassSite.call(StaticMetaClassSite.java:53)
	at org.codehaus.groovy.runtime.callsite.CallSiteArray.defaultCall(CallSiteArray.java:48)
	at org.codehaus.groovy.runtime.callsite.AbstractCallSite.call(AbstractCallSite.java:113)
	at org.codehaus.groovy.runtime.callsite.AbstractCallSite.call(AbstractCallSite.java:141)
	at Script1536137820751.run(Script1536137820751.groovy:22)
	at com.kms.katalon.core.main.ScriptEngine.run(ScriptEngine.java:183)
	at com.kms.katalon.core.main.ScriptEngine.runScriptAsRawText(ScriptEngine.java:108)
	at com.kms.katalon.core.main.TestCaseExecutor.runScript(TestCaseExecutor.java:294)
	at com.kms.katalon.core.main.TestCaseExecutor.doExecute(TestCaseExecutor.java:285)
	at com.kms.katalon.core.main.TestCaseExecutor.processExecutionPhase(TestCaseExecutor.java:264)
	at com.kms.katalon.core.main.TestCaseExecutor.accessMainPhase(TestCaseExecutor.java:256)
	at com.kms.katalon.core.main.TestCaseExecutor.execute(TestCaseExecutor.java:200)
	at com.kms.katalon.core.main.TestSuiteExecutor.accessTestCaseMainPhase(TestSuiteExecutor.java:129)
	at com.kms.katalon.core.main.TestSuiteExecutor.accessTestSuiteMainPhase(TestSuiteExecutor.java:112)
	at com.kms.katalon.core.main.TestSuiteExecutor.execute(TestSuiteExecutor.java:81)
	at com.kms.katalon.core.main.TestCaseMain.startTestSuite(TestCaseMain.java:142)
	at com.kms.katalon.core.main.TestCaseMain$startTestSuite$0.call(Unknown Source)
	at org.codehaus.groovy.runtime.callsite.CallSiteArray.defaultCall(CallSiteArray.java:48)
	at org.codehaus.groovy.runtime.callsite.AbstractCallSite.call(AbstractCallSite.java:113)
	at org.codehaus.groovy.runtime.callsite.AbstractCallSite.call(AbstractCallSite.java:141)
	at TempTestSuite1542963714307.run(TempTestSuite1542963714307.groovy:36)
	at groovy.lang.GroovyShell.runScriptOrMainOrTestOrRunnable(GroovyShell.java:263)
	at groovy.lang.GroovyShell.run(GroovyShell.java:518)
	at groovy.lang.GroovyShell.run(GroovyShell.java:507)
	at groovy.ui.GroovyMain.processOnce(GroovyMain.java:653)
	at groovy.ui.GroovyMain.run(GroovyMain.java:384)
	at groovy.ui.GroovyMain.process(GroovyMain.java:370)
	at groovy.ui.GroovyMain.processArgs(GroovyMain.java:129)
	at groovy.ui.GroovyMain.main(GroovyMain.java:109)
	at sun.reflect.NativeMethodAccessorImpl.invoke0(Native Method)
	at sun.reflect.NativeMethodAccessorImpl.invoke(NativeMethodAccessorImpl.java:62)
	at sun.reflect.DelegatingMethodAccessorImpl.invoke(DelegatingMethodAccessorImpl.java:43)
	at java.lang.reflect.Method.invoke(Method.java:498)
	at org.codehaus.groovy.tools.GroovyStarter.rootLoader(GroovyStarter.java:109)
	at org.codehaus.groovy.tools.GroovyStarter.main(GroovyStarter.java:131)
)

2018-11-23 17:52:13 - [TEST_STEP][PASSED] - openBrowser: Browser is opened with url: ''

2018-11-23 17:52:13 - [MESSAGE][WARNING] - A browser is already opened. Closing browser and opening a new one

2018-11-23 17:52:17 - [MESSAGE][PASSED] - Browser is opened with url: ''

2018-11-23 17:52:17 - [TEST_STEP][PASSED] - navigateToUrl: Navigate to 'https://assist2-uat.perkeso.gov.my/login' successfully

2018-11-23 17:52:19 - [MESSAGE][PASSED] - Navigate to 'https://assist2-uat.perkeso.gov.my/login' successfully

2018-11-23 17:52:19 - [TEST_STEP][PASSED] - setText: Text 'johorotc1@gmail.com' is set on object 'Object Repository/Final Object Repo/Login Page/Internal User/Email Address'

2018-11-23 17:52:19 - [MESSAGE][PASSED] - Text 'johorotc1@gmail.com' is set on object 'Object Repository/Final Object Repo/Login Page/Internal User/Email Address'

2018-11-23 17:52:19 - [TEST_STEP][PASSED] - click: Object: 'Object Repository/Final Object Repo/Login Page/Internal User/Next Button' is clicked on

2018-11-23 17:52:19 - [MESSAGE][PASSED] - Object: 'Object Repository/Final Object Repo/Login Page/Internal User/Next Button' is clicked on

2018-11-23 17:52:19 - [TEST_STEP][PASSED] - delay: Delayed 1 second(s)

2018-11-23 17:52:20 - [MESSAGE][PASSED] - Delayed 1 second(s)

2018-11-23 17:52:20 - [TEST_STEP][PASSED] - setEncryptedText: Text ****** has been set on object 'Object Repository/Final Object Repo/Login Page/Internal User/Password'

2018-11-23 17:52:20 - [MESSAGE][PASSED] - Text ****** has been set on object 'Object Repository/Final Object Repo/Login Page/Internal User/Password'

2018-11-23 17:52:20 - [TEST_STEP][PASSED] - click: Object: 'Object Repository/Final Object Repo/Login Page/Internal User/Login Button' is clicked on

2018-11-23 17:52:22 - [MESSAGE][PASSED] - Object: 'Object Repository/Final Object Repo/Login Page/Internal User/Login Button' is clicked on

2018-11-23 17:52:22 - [TEST_STEP][PASSED] - delay: Delayed 1 second(s)

2018-11-23 17:52:23 - [MESSAGE][PASSED] - Delayed 1 second(s)

2018-11-23 17:52:23 - [TEST_STEP][PASSED] - Statement - Try: Delayed 2 second(s)

2018-11-23 17:52:23 - [TEST_STEP][PASSED] - Statement - Checker = false: null

2018-11-23 17:52:23 - [TEST_STEP][PASSED] - Statement - Checker = com.kms.katalon.core.webui.keyword.WebUiBuiltInKeywords.verifyElementHasAttribute(com.kms.katalon.core.testobject.ObjectRepository.findTestObject(Final Object Repo/Landing Page/BM Detecting), "href", 20, OPTIONAL): Object 'Object Repository/Final Object Repo/Landing Page/BM Detecting' has attribute 'href'

2018-11-23 17:52:23 - [MESSAGE][PASSED] - Object 'Object Repository/Final Object Repo/Landing Page/BM Detecting' has attribute 'href'

2018-11-23 17:52:23 - [TEST_STEP][PASSED] - Statement - out.println(Checker): null

2018-11-23 17:52:23 - [TEST_STEP][PASSED] - Statement - If (Checker == false): null

2018-11-23 17:52:24 - [TEST_STEP][PASSED] - Statement - Else: null

2018-11-23 17:52:24 - [TEST_STEP][PASSED] - delay: Delayed 2 second(s)

2018-11-23 17:52:26 - [MESSAGE][PASSED] - Delayed 2 second(s)

2018-11-23 17:52:26 - [TEST_STEP][PASSED] - navigateToUrl: Navigate to 'https://assist2-uat.perkeso.gov.my/web/registration/update/form-1a-cessation-as-employer-discontinue-business-' successfully

2018-11-23 17:52:27 - [MESSAGE][PASSED] - Navigate to 'https://assist2-uat.perkeso.gov.my/web/registration/update/form-1a-cessation-as-employer-discontinue-business-' successfully

2018-11-23 17:52:27 - [TEST_STEP][PASSED] - setText: Text 'E1102069770Z' is set on object 'Object Repository/Final Object Repo/Page_Update Employer Information/Employer Code'

2018-11-23 17:52:27 - [MESSAGE][PASSED] - Text 'E1102069770Z' is set on object 'Object Repository/Final Object Repo/Page_Update Employer Information/Employer Code'

2018-11-23 17:52:27 - [TEST_STEP][PASSED] - click: Object: 'Object Repository/Final Object Repo/Page_Update Employer Information/Search Button' is clicked on

2018-11-23 17:52:29 - [MESSAGE][PASSED] - Object: 'Object Repository/Final Object Repo/Page_Update Employer Information/Search Button' is clicked on

2018-11-23 17:52:29 - [TEST_STEP][PASSED] - click: Object: 'Object Repository/Final Object Repo/Page_Update Employer Information/Edit Button' is clicked on

2018-11-23 17:52:31 - [MESSAGE][PASSED] - Object: 'Object Repository/Final Object Repo/Page_Update Employer Information/Edit Button' is clicked on

2018-11-23 17:52:31 - [TEST_STEP][PASSED] - Statement - abc = com.kms.katalon.core.webui.keyword.WebUiBuiltInKeywords.getAttribute(com.kms.katalon.core.testobject.ObjectRepository.findTestObject(Final Object Repo/Page_Form 1A - Cessation As Employer/Employer Status), "value"): Attribute 'value' of object 'Object Repository/Final Object Repo/Page_Form 1A - Cessation As Employer/Employer Status' is: 'Dormant'

2018-11-23 17:52:31 - [MESSAGE][PASSED] - Attribute 'value' of object 'Object Repository/Final Object Repo/Page_Form 1A - Cessation As Employer/Employer Status' is: 'Dormant'

2018-11-23 17:52:31 - [TEST_STEP][PASSED] - Statement - out.println(abc): null

2018-11-23 17:52:31 - [TEST_STEP][PASSED] - Statement - If (abc == "Active"): null

2018-11-23 17:52:31 - [TEST_STEP][PASSED] - Statement - Else If (abc == "Cancel"): null

2018-11-23 17:52:31 - [TEST_STEP][PASSED] - Statement - Else If (abc == "Dormant"): Object: 'Object Repository/Final Object Repo/Page_Form 1A - Cessation As Employer/Change Employer Status to - Dormant' is clicked on

2018-11-23 17:52:31 - [TEST_STEP][PASSED] - click: Object: 'Object Repository/Final Object Repo/Page_Form 1A - Cessation As Employer/Change Employer Status to' is clicked on

2018-11-23 17:52:31 - [MESSAGE][PASSED] - Object: 'Object Repository/Final Object Repo/Page_Form 1A - Cessation As Employer/Change Employer Status to' is clicked on

2018-11-23 17:52:31 - [TEST_STEP][PASSED] - click: Object: 'Object Repository/Final Object Repo/Page_Form 1A - Cessation As Employer/Change Employer Status to - Dormant' is clicked on

2018-11-23 17:52:32 - [MESSAGE][PASSED] - Object: 'Object Repository/Final Object Repo/Page_Form 1A - Cessation As Employer/Change Employer Status to - Dormant' is clicked on

2018-11-23 17:52:32 - [TEST_STEP][PASSED] - click: Object: 'Object Repository/Final Object Repo/Page_Form 1A - Cessation As Employer/Calender' is clicked on

2018-11-23 17:52:33 - [MESSAGE][PASSED] - Object: 'Object Repository/Final Object Repo/Page_Form 1A - Cessation As Employer/Calender' is clicked on

2018-11-23 17:52:33 - [TEST_STEP][PASSED] - click: Object: 'Object Repository/Final Object Repo/Page_Form 1A - Cessation As Employer/Calender - Date' is clicked on

2018-11-23 17:52:33 - [MESSAGE][PASSED] - Object: 'Object Repository/Final Object Repo/Page_Form 1A - Cessation As Employer/Calender - Date' is clicked on

2018-11-23 17:52:33 - [TEST_STEP][PASSED] - delay: Delayed 2 second(s)

2018-11-23 17:52:35 - [MESSAGE][PASSED] - Delayed 2 second(s)

2018-11-23 17:52:35 - [TEST_STEP][PASSED] - click: Object: 'Object Repository/Final Object Repo/Page_Form 1A - Cessation As Employer/Save  Continue in Form 1A Page' is clicked on

2018-11-23 17:52:38 - [MESSAGE][PASSED] - Object: 'Object Repository/Final Object Repo/Page_Form 1A - Cessation As Employer/Save  Continue in Form 1A Page' is clicked on

2018-11-23 17:52:38 - [TEST_STEP][PASSED] - delay: Delayed 2 second(s)

2018-11-23 17:52:40 - [MESSAGE][PASSED] - Delayed 2 second(s)

2018-11-23 17:52:40 - [TEST_STEP][PASSED] - click: Object: 'Object Repository/Final Object Repo/Page_Form 1A - Cessation As Employer/Employment Resign Date' is clicked on

2018-11-23 17:52:40 - [MESSAGE][PASSED] - Object: 'Object Repository/Final Object Repo/Page_Form 1A - Cessation As Employer/Employment Resign Date' is clicked on

2018-11-23 17:52:40 - [TEST_STEP][PASSED] - delay: Delayed 1 second(s)

2018-11-23 17:52:41 - [MESSAGE][PASSED] - Delayed 1 second(s)

2018-11-23 17:52:41 - [TEST_STEP][PASSED] - Statement - CaseReferenceNo = com.kms.katalon.core.webui.keyword.WebUiBuiltInKeywords.getText(com.kms.katalon.core.testobject.ObjectRepository.findTestObject(Final Object Repo/Page_Update Employer Information/Reference Number in Update Employee Information Page)): Text of object 'Object Repository/Final Object Repo/Page_Update Employer Information/Reference Number in Update Employee Information Page' is: 'CUN112018C200001614'

2018-11-23 17:52:41 - [MESSAGE][PASSED] - Text of object 'Object Repository/Final Object Repo/Page_Update Employer Information/Reference Number in Update Employee Information Page' is: 'CUN112018C200001614'

2018-11-23 17:52:41 - [TEST_STEP][PASSED] - callTestCase: Call Test Case 'Test Cases/Final Aug 2018 - PKS Automation/Common/Reference Number Setter' successfully

2018-11-23 17:52:42 - [TEST_CASE][PASSED] - Test Cases/Final Aug 2018 - PKS Automation/Common/Reference Number Setter: Test Cases/Final Aug 2018 - PKS Automation/Common/Reference Number Setter

2018-11-23 17:52:42 - [TEST_STEP][PASSED] - Statement - RefNoOldFile = new java.io.File(C://Users//Admin//Desktop//PKS//Automation Reference Point//KatalonReference.txt): null

2018-11-23 17:52:42 - [TEST_STEP][PASSED] - Statement - RefNoOldFile.delete(): null

2018-11-23 17:52:42 - [TEST_STEP][PASSED] - delay: Delayed 5 second(s)

2018-11-23 17:52:47 - [MESSAGE][PASSED] - Delayed 5 second(s)

2018-11-23 17:52:47 - [TEST_STEP][PASSED] - Statement - RefNo = new java.io.File(C://Users//Admin//Desktop//PKS//Automation Reference Point//KatalonReference.txt): null

2018-11-23 17:52:47 - [TEST_STEP][PASSED] - Statement - f2 = new java.io.FileWriter(RefNo, false): null

2018-11-23 17:52:47 - [TEST_STEP][PASSED] - Statement - f2.write(CaseReferenceNo): null

2018-11-23 17:52:47 - [TEST_STEP][PASSED] - Statement - f2.close(): null

2018-11-23 17:52:47 - [TEST_STEP][PASSED] - Statement - out.println("


" + CaseReferenceNo + "


"): null

2018-11-23 17:52:47 - [MESSAGE][PASSED] - Call Test Case 'Test Cases/Final Aug 2018 - PKS Automation/Common/Reference Number Setter' successfully

2018-11-23 17:52:47 - [TEST_STEP][PASSED] - selectOptionByValue: All options with value '2030' are selected in object 'Object Repository/Final Object Repo/Page_Form 1A - Cessation As Employer/Employment Resign Date - Year' 

2018-11-23 17:52:47 - [MESSAGE][PASSED] - All options with value '2030' are selected in object 'Object Repository/Final Object Repo/Page_Form 1A - Cessation As Employer/Employment Resign Date - Year' 

2018-11-23 17:52:47 - [TEST_STEP][PASSED] - delay: Delayed 1 second(s)

2018-11-23 17:52:48 - [MESSAGE][PASSED] - Delayed 1 second(s)

2018-11-23 17:52:48 - [TEST_STEP][PASSED] - click: Object: 'Object Repository/Final Object Repo/Page_Form 1A - Cessation As Employer/Employment Resign Date - Year - Date' is clicked on

2018-11-23 17:52:48 - [MESSAGE][PASSED] - Object: 'Object Repository/Final Object Repo/Page_Form 1A - Cessation As Employer/Employment Resign Date - Year - Date' is clicked on

2018-11-23 17:52:48 - [TEST_STEP][PASSED] - delay: Delayed 2 second(s)

2018-11-23 17:52:50 - [MESSAGE][PASSED] - Delayed 2 second(s)

2018-11-23 17:52:50 - [TEST_STEP][PASSED] - click: Object: 'Object Repository/Final Object Repo/Page_Form 1A - Cessation As Employer/Save  Continue in Update Add Employee Resigned Date Page' is clicked on

2018-11-23 17:52:51 - [MESSAGE][PASSED] - Object: 'Object Repository/Final Object Repo/Page_Form 1A - Cessation As Employer/Save  Continue in Update Add Employee Resigned Date Page' is clicked on

2018-11-23 17:52:51 - [TEST_STEP][PASSED] - delay: Delayed 2 second(s)

2018-11-23 17:52:53 - [MESSAGE][PASSED] - Delayed 2 second(s)

2018-11-23 17:52:53 - [TEST_STEP][PASSED] - click: Object: 'Object Repository/Final Object Repo/Page_Form 1A - Cessation As Employer/Set Latest - Yes' is clicked on

2018-11-23 17:52:56 - [MESSAGE][PASSED] - Object: 'Object Repository/Final Object Repo/Page_Form 1A - Cessation As Employer/Set Latest - Yes' is clicked on

2018-11-23 17:52:56 - [TEST_STEP][PASSED] - delay: Delayed 2 second(s)

2018-11-23 17:52:58 - [MESSAGE][PASSED] - Delayed 2 second(s)

2018-11-23 17:52:58 - [TEST_STEP][PASSED] - click: Object: 'Object Repository/Final Object Repo/Page_Form 1A - Cessation As Employer/Add Document' is clicked on

2018-11-23 17:52:59 - [MESSAGE][PASSED] - Object: 'Object Repository/Final Object Repo/Page_Form 1A - Cessation As Employer/Add Document' is clicked on

2018-11-23 17:52:59 - [TEST_STEP][PASSED] - delay: Delayed 2 second(s)

2018-11-23 17:53:01 - [MESSAGE][PASSED] - Delayed 2 second(s)

2018-11-23 17:53:01 - [TEST_STEP][FAILED] - click: Unable to click on object 'Object Repository/Final Object Repo/Page_Form 1A - Cessation As Employer/Document Type' (Root cause: org.openqa.selenium.ElementClickInterceptedException: Element <span class="select2-selection select2-selection--single"> is not clickable at point (481.7833251953125,200.71665954589844) because another element <div class="blockUI blockOverlay"> obscures it
Build info: version: '3.7.1', revision: '8a0099a', time: '2017-11-06T21:07:36.161Z'
System info: host: 'WIN7TEST02', ip: '10.20.3.72', os.name: 'Windows 7', os.arch: 'amd64', os.version: '6.1', java.version: '1.8.0_181'
Driver info: com.kms.katalon.core.webui.driver.firefox.CGeckoDriver
Capabilities {acceptInsecureCerts: true, browserName: firefox, browserVersion: 63.0.3, javascriptEnabled: true, moz:accessibilityChecks: false, moz:geckodriverVersion: 0.23.0, moz:headless: false, moz:processID: 3792, moz:profile: C:\Users\Admin\AppData\Loca..., moz:useNonSpecCompliantPointerOrigin: false, moz:webdriverClick: true, pageLoadStrategy: normal, platform: WINDOWS, platformName: WINDOWS, platformVersion: 6.1, proxy: Proxy(direct), rotatable: false, setWindowRect: true, timeouts: {implicit: 0, pageLoad: 300000, script: 30000}, unhandledPromptBehavior: dismiss and notify}
Session ID: 22a26599-3838-4b96-b0c3-9fb3337837de)

2018-11-23 17:53:02 - [MESSAGE][FAILED] - Unable to click on object 'Object Repository/Final Object Repo/Page_Form 1A - Cessation As Employer/Document Type' (Root cause: org.openqa.selenium.ElementClickInterceptedException: Element <span class="select2-selection select2-selection--single"> is not clickable at point (481.7833251953125,200.71665954589844) because another element <div class="blockUI blockOverlay"> obscures it
Build info: version: '3.7.1', revision: '8a0099a', time: '2017-11-06T21:07:36.161Z'
System info: host: 'WIN7TEST02', ip: '10.20.3.72', os.name: 'Windows 7', os.arch: 'amd64', os.version: '6.1', java.version: '1.8.0_181'
Driver info: com.kms.katalon.core.webui.driver.firefox.CGeckoDriver
Capabilities {acceptInsecureCerts: true, browserName: firefox, browserVersion: 63.0.3, javascriptEnabled: true, moz:accessibilityChecks: false, moz:geckodriverVersion: 0.23.0, moz:headless: false, moz:processID: 3792, moz:profile: C:\Users\Admin\AppData\Loca..., moz:useNonSpecCompliantPointerOrigin: false, moz:webdriverClick: true, pageLoadStrategy: normal, platform: WINDOWS, platformName: WINDOWS, platformVersion: 6.1, proxy: Proxy(direct), rotatable: false, setWindowRect: true, timeouts: {implicit: 0, pageLoad: 300000, script: 30000}, unhandledPromptBehavior: dismiss and notify}
Session ID: 22a26599-3838-4b96-b0c3-9fb3337837de)
[[ATTACHMENT|C:\\Users\\Admin\\Desktop\\PKS\\Perkeso Phase A\\Reports\\Workflow\\Form 1A - Cessation as Employer\\20181123_170154\\1542966781977.png]]

2018-11-23 17:53:02 - [TEST_STEP][PASSED] - delay: Delayed 2 second(s)

2018-11-23 17:53:04 - [MESSAGE][PASSED] - Delayed 2 second(s)

2018-11-23 17:53:04 - [TEST_STEP][FAILED] - click: Unable to click on object 'Object Repository/Final Object Repo/Page_Form 1A - Cessation As Employer/Document Type - Supporting Document For Cessation' (Root cause: com.kms.katalon.core.webui.exception.WebElementNotFoundException: Web element with id: 'Object Repository/Final Object Repo/Page_Form 1A - Cessation As Employer/Document Type - Supporting Document For Cessation' located by 'By.xpath: //span[(contains(text(), 'Supporting Document For Cessation (e.g. Form 1A)'))]' not found)

2018-11-23 17:53:35 - [MESSAGE][FAILED] - Unable to click on object 'Object Repository/Final Object Repo/Page_Form 1A - Cessation As Employer/Document Type - Supporting Document For Cessation' (Root cause: com.kms.katalon.core.webui.exception.WebElementNotFoundException: Web element with id: 'Object Repository/Final Object Repo/Page_Form 1A - Cessation As Employer/Document Type - Supporting Document For Cessation' located by 'By.xpath: //span[(contains(text(), 'Supporting Document For Cessation (e.g. Form 1A)'))]' not found)
[[ATTACHMENT|C:\\Users\\Admin\\Desktop\\PKS\\Perkeso Phase A\\Reports\\Workflow\\Form 1A - Cessation as Employer\\20181123_170154\\1542966815043.png]]

2018-11-23 17:53:35 - [TEST_STEP][PASSED] - delay: Delayed 2 second(s)

2018-11-23 17:53:37 - [MESSAGE][PASSED] - Delayed 2 second(s)

2018-11-23 17:53:37 - [TEST_STEP][PASSED] - sendKeys: Keys 'C:\Users\Public\Pictures\Sample Pictures\Koala.jpg' sent to object: 'Object Repository/Final Object Repo/Page_Form 1A - Cessation As Employer/Uploading File'

2018-11-23 17:53:37 - [MESSAGE][PASSED] - Keys 'C:\Users\Public\Pictures\Sample Pictures\Koala.jpg' sent to object: 'Object Repository/Final Object Repo/Page_Form 1A - Cessation As Employer/Uploading File'

2018-11-23 17:53:37 - [TEST_STEP][PASSED] - delay: Delayed 2 second(s)

2018-11-23 17:53:39 - [MESSAGE][PASSED] - Delayed 2 second(s)

2018-11-23 17:53:39 - [TEST_STEP][PASSED] - click: Object: 'Object Repository/Final Object Repo/Page_Form 1A - Cessation As Employer/Add Document in Uploading Page' is clicked on

2018-11-23 17:53:39 - [MESSAGE][PASSED] - Object: 'Object Repository/Final Object Repo/Page_Form 1A - Cessation As Employer/Add Document in Uploading Page' is clicked on

2018-11-23 17:53:39 - [TEST_STEP][PASSED] - delay: Delayed 20 second(s)

2018-11-23 17:53:59 - [MESSAGE][PASSED] - Delayed 20 second(s)

2018-11-23 17:53:59 - [TEST_STEP][FAILED] - click: Unable to click on object 'Object Repository/Final Object Repo/Page_Form 1A - Cessation As Employer/Save  Continue in Uploading Page' (Root cause: org.openqa.selenium.ElementClickInterceptedException: Element <a id="_searchforemployer_WAR_registrationportlet_saveNContinueFormBtnId" class="btn btn-lg blueBtn col-md-2 pull-right" href="https://assist2-uat.perkeso.gov.my/web/registration/update/form-1a-cessation-as-employer-discontinue-business-?p_auth=ZHvr9Tm6&p_p_id=searchforemployer_WAR_registrationportlet&p_p_lifecycle=1&p_p_state=normal&p_p_mode=view&p_p_col_id=column-1&p_p_col_count=1&_searchforemployer_WAR_registrationportlet_javax.portlet.action=exeAction&_searchforemployer_WAR_registrationportlet_mvcPath=%2Fapps%2Freg%2Fdiscontinue_business%2Fdiscontinue_business_preview.jsp&_searchforemployer_WAR_registrationportlet_browserIdKey=1542966746727"> is not clickable at point (1148.6249694824219,625.933349609375) because another element <div id="yui_patched_v3_11_0_1_1542966775959_409" class="col-md-12"> obscures it
Build info: version: '3.7.1', revision: '8a0099a', time: '2017-11-06T21:07:36.161Z'
System info: host: 'WIN7TEST02', ip: '10.20.3.72', os.name: 'Windows 7', os.arch: 'amd64', os.version: '6.1', java.version: '1.8.0_181'
Driver info: com.kms.katalon.core.webui.driver.firefox.CGeckoDriver
Capabilities {acceptInsecureCerts: true, browserName: firefox, browserVersion: 63.0.3, javascriptEnabled: true, moz:accessibilityChecks: false, moz:geckodriverVersion: 0.23.0, moz:headless: false, moz:processID: 3792, moz:profile: C:\Users\Admin\AppData\Loca..., moz:useNonSpecCompliantPointerOrigin: false, moz:webdriverClick: true, pageLoadStrategy: normal, platform: WINDOWS, platformName: WINDOWS, platformVersion: 6.1, proxy: Proxy(direct), rotatable: false, setWindowRect: true, timeouts: {implicit: 0, pageLoad: 300000, script: 30000}, unhandledPromptBehavior: dismiss and notify}
Session ID: 22a26599-3838-4b96-b0c3-9fb3337837de)

2018-11-23 17:53:59 - [MESSAGE][FAILED] - Unable to click on object 'Object Repository/Final Object Repo/Page_Form 1A - Cessation As Employer/Save  Continue in Uploading Page' (Root cause: org.openqa.selenium.ElementClickInterceptedException: Element <a id="_searchforemployer_WAR_registrationportlet_saveNContinueFormBtnId" class="btn btn-lg blueBtn col-md-2 pull-right" href="https://assist2-uat.perkeso.gov.my/web/registration/update/form-1a-cessation-as-employer-discontinue-business-?p_auth=ZHvr9Tm6&p_p_id=searchforemployer_WAR_registrationportlet&p_p_lifecycle=1&p_p_state=normal&p_p_mode=view&p_p_col_id=column-1&p_p_col_count=1&_searchforemployer_WAR_registrationportlet_javax.portlet.action=exeAction&_searchforemployer_WAR_registrationportlet_mvcPath=%2Fapps%2Freg%2Fdiscontinue_business%2Fdiscontinue_business_preview.jsp&_searchforemployer_WAR_registrationportlet_browserIdKey=1542966746727"> is not clickable at point (1148.6249694824219,625.933349609375) because another element <div id="yui_patched_v3_11_0_1_1542966775959_409" class="col-md-12"> obscures it
Build info: version: '3.7.1', revision: '8a0099a', time: '2017-11-06T21:07:36.161Z'
System info: host: 'WIN7TEST02', ip: '10.20.3.72', os.name: 'Windows 7', os.arch: 'amd64', os.version: '6.1', java.version: '1.8.0_181'
Driver info: com.kms.katalon.core.webui.driver.firefox.CGeckoDriver
Capabilities {acceptInsecureCerts: true, browserName: firefox, browserVersion: 63.0.3, javascriptEnabled: true, moz:accessibilityChecks: false, moz:geckodriverVersion: 0.23.0, moz:headless: false, moz:processID: 3792, moz:profile: C:\Users\Admin\AppData\Loca..., moz:useNonSpecCompliantPointerOrigin: false, moz:webdriverClick: true, pageLoadStrategy: normal, platform: WINDOWS, platformName: WINDOWS, platformVersion: 6.1, proxy: Proxy(direct), rotatable: false, setWindowRect: true, timeouts: {implicit: 0, pageLoad: 300000, script: 30000}, unhandledPromptBehavior: dismiss and notify}
Session ID: 22a26599-3838-4b96-b0c3-9fb3337837de)
[[ATTACHMENT|C:\\Users\\Admin\\Desktop\\PKS\\Perkeso Phase A\\Reports\\Workflow\\Form 1A - Cessation as Employer\\20181123_170154\\1542966839716.png]]

2018-11-23 17:53:59 - [TEST_STEP][PASSED] - delay: Delayed 2 second(s)

2018-11-23 17:54:01 - [MESSAGE][PASSED] - Delayed 2 second(s)

2018-11-23 17:54:01 - [TEST_STEP][FAILED] - click: Unable to click on object 'Object Repository/Final Object Repo/Page_Form 1A - Cessation As Employer/Submit2' (Root cause: com.kms.katalon.core.webui.exception.WebElementNotFoundException: Web element with id: 'Object Repository/Final Object Repo/Page_Form 1A - Cessation As Employer/Submit2' located by 'By.xpath: //a[(text() = '
							SUBMIT
		            	' or . = '
							SUBMIT
		            	')]' not found)

2018-11-23 17:54:38 - [MESSAGE][FAILED] - Unable to click on object 'Object Repository/Final Object Repo/Page_Form 1A - Cessation As Employer/Submit2' (Root cause: com.kms.katalon.core.webui.exception.WebElementNotFoundException: Web element with id: 'Object Repository/Final Object Repo/Page_Form 1A - Cessation As Employer/Submit2' located by 'By.xpath: //a[(text() = '
							SUBMIT
		            	' or . = '
							SUBMIT
		            	')]' not found)
[[ATTACHMENT|C:\\Users\\Admin\\Desktop\\PKS\\Perkeso Phase A\\Reports\\Workflow\\Form 1A - Cessation as Employer\\20181123_170154\\1542966878413.png]]

2018-11-23 17:54:38 - [TEST_STEP][PASSED] - delay: Delayed 2 second(s)

2018-11-23 17:54:40 - [MESSAGE][PASSED] - Delayed 2 second(s)

2018-11-23 17:54:40 - [TEST_STEP][FAILED] - click: Unable to click on object 'Object Repository/Final Object Repo/Page_Form 1A - Cessation As Employer/Confirm' (Root cause: com.kms.katalon.core.webui.exception.WebElementNotFoundException: Web element with id: 'Object Repository/Final Object Repo/Page_Form 1A - Cessation As Employer/Confirm' located by 'By.xpath: //span[(text() = 'CONFIRM' or . = 'CONFIRM')]' not found)

2018-11-23 17:55:11 - [MESSAGE][FAILED] - Unable to click on object 'Object Repository/Final Object Repo/Page_Form 1A - Cessation As Employer/Confirm' (Root cause: com.kms.katalon.core.webui.exception.WebElementNotFoundException: Web element with id: 'Object Repository/Final Object Repo/Page_Form 1A - Cessation As Employer/Confirm' located by 'By.xpath: //span[(text() = 'CONFIRM' or . = 'CONFIRM')]' not found)
[[ATTACHMENT|C:\\Users\\Admin\\Desktop\\PKS\\Perkeso Phase A\\Reports\\Workflow\\Form 1A - Cessation as Employer\\20181123_170154\\1542966911716.png]]

2018-11-23 17:55:11 - [TEST_STEP][PASSED] - delay: Delayed 2 second(s)

2018-11-23 17:55:13 - [MESSAGE][PASSED] - Delayed 2 second(s)

2018-11-23 17:55:13 - [TEST_STEP][FAILED] - verifyElementVisible: Web element with id: 'Object Repository/Final Object Repo/Page_Form 1A - Cessation As Employer/Message Your Request will be routed to UO' located by 'By.xpath: //div[(text() = '
			    			
			    			
			    			
			    			
			    				Your Request will be routed to 
			    				UO
			    			
			    			
			    			









































































' or . = '
			    			
			    			
			    			
			    			
			    				Your Request will be routed to 
			    				UO
			    			
			    			
			    			









































































')]' not found

2018-11-23 17:55:45 - [MESSAGE][FAILED] - Web element with id: 'Object Repository/Final Object Repo/Page_Form 1A - Cessation As Employer/Message Your Request will be routed to UO' located by 'By.xpath: //div[(text() = '
			    			
			    			
			    			
			    			
			    				Your Request will be routed to 
			    				UO
			    			
			    			
			    			









































































' or . = '
			    			
			    			
			    			
			    			
			    				Your Request will be routed to 
			    				UO
			    			
			    			
			    			









































































')]' not found
[[ATTACHMENT|C:\\Users\\Admin\\Desktop\\PKS\\Perkeso Phase A\\Reports\\Workflow\\Form 1A - Cessation as Employer\\20181123_170154\\1542966945885.png]]

2018-11-23 17:55:45 - [TEST_STEP][PASSED] - delay: Delayed 1 second(s)

2018-11-23 17:55:46 - [MESSAGE][PASSED] - Delayed 1 second(s)

2018-11-23 17:55:46 - [TEST_STEP][FAILED] - verifyElementVisible: Web element with id: 'Object Repository/Final Object Repo/Page_Form 1A - Cessation As Employer/Letter of acknowledgement' located by 'By.xpath: //a[(text() = '
							 
							Letter of acknowledgement.pdf
						' or . = '
							 
							Letter of acknowledgement.pdf
						')]' not found

2018-11-23 17:56:19 - [MESSAGE][FAILED] - Web element with id: 'Object Repository/Final Object Repo/Page_Form 1A - Cessation As Employer/Letter of acknowledgement' located by 'By.xpath: //a[(text() = '
							 
							Letter of acknowledgement.pdf
						' or . = '
							 
							Letter of acknowledgement.pdf
						')]' not found
[[ATTACHMENT|C:\\Users\\Admin\\Desktop\\PKS\\Perkeso Phase A\\Reports\\Workflow\\Form 1A - Cessation as Employer\\20181123_170154\\1542966979672.png]]

2018-11-23 17:56:19 - [MESSAGE][FAILED] - Unable to call Test Case with id 'Test Cases/Final Aug 2018 - PKS Automation/Registration Module/Workflow/Form 1A - Cessation As Employer/Template/Form 1 A - Cessation As Employer (OTC)' (Root cause: Call Test Case 'Test Cases/Final Aug 2018 - PKS Automation/Registration Module/Workflow/Form 1A - Cessation As Employer/Template/Form 1 A - Cessation As Employer (OTC)' failed)]]></system-out>
         <system-err><![CDATA[2018-11-23 17:52:12 - [TEST_CASE][FAILED] - Test Cases/Final Aug 2018 - PKS Automation/Registration Module/Workflow/Form 1A - Cessation As Employer/OTC to UO (Query): Test Cases/Final Aug 2018 - PKS Automation/Registration Module/Workflow/Form 1A - Cessation As Employer/OTC to UO (Query) FAILED because (of) (Stack trace: com.kms.katalon.core.exception.StepFailedException: Unable to click on object 'Object Repository/Final Object Repo/Page_Form 1A - Cessation As Employer/Document Type' (Root cause: org.openqa.selenium.ElementClickInterceptedException: Element <span class="select2-selection select2-selection--single"> is not clickable at point (481.7833251953125,200.71665954589844) because another element <div class="blockUI blockOverlay"> obscures it
Build info: version: '3.7.1', revision: '8a0099a', time: '2017-11-06T21:07:36.161Z'
System info: host: 'WIN7TEST02', ip: '10.20.3.72', os.name: 'Windows 7', os.arch: 'amd64', os.version: '6.1', java.version: '1.8.0_181'
Driver info: com.kms.katalon.core.webui.driver.firefox.CGeckoDriver
Capabilities {acceptInsecureCerts: true, browserName: firefox, browserVersion: 63.0.3, javascriptEnabled: true, moz:accessibilityChecks: false, moz:geckodriverVersion: 0.23.0, moz:headless: false, moz:processID: 3792, moz:profile: C:\Users\Admin\AppData\Loca..., moz:useNonSpecCompliantPointerOrigin: false, moz:webdriverClick: true, pageLoadStrategy: normal, platform: WINDOWS, platformName: WINDOWS, platformVersion: 6.1, proxy: Proxy(direct), rotatable: false, setWindowRect: true, timeouts: {implicit: 0, pageLoad: 300000, script: 30000}, unhandledPromptBehavior: dismiss and notify}
Session ID: 22a26599-3838-4b96-b0c3-9fb3337837de)
	at com.kms.katalon.core.keyword.internal.KeywordMain.stepFailed(KeywordMain.groovy:32)
	at com.kms.katalon.core.webui.keyword.internal.WebUIKeywordMain.stepFailed(WebUIKeywordMain.groovy:65)
	at com.kms.katalon.core.webui.keyword.internal.WebUIKeywordMain.runKeyword(WebUIKeywordMain.groovy:27)
	at com.kms.katalon.core.webui.keyword.builtin.ClickKeyword.click(ClickKeyword.groovy:86)
	at com.kms.katalon.core.webui.keyword.builtin.ClickKeyword.execute(ClickKeyword.groovy:67)
	at com.kms.katalon.core.keyword.internal.KeywordExecutor.executeKeywordForPlatform(KeywordExecutor.groovy:53)
	at com.kms.katalon.core.webui.keyword.WebUiBuiltInKeywords.click(WebUiBuiltInKeywords.groovy:616)
	at com.kms.katalon.core.webui.keyword.WebUiBuiltInKeywords$click$2.call(Unknown Source)
	at Script1536137325809.run(Script1536137325809.groovy:148)
	at com.kms.katalon.core.main.ScriptEngine.run(ScriptEngine.java:183)
	at com.kms.katalon.core.main.ScriptEngine.runScriptAsRawText(ScriptEngine.java:108)
	at com.kms.katalon.core.main.TestCaseExecutor.runScript(TestCaseExecutor.java:294)
	at com.kms.katalon.core.main.TestCaseExecutor.doExecute(TestCaseExecutor.java:285)
	at com.kms.katalon.core.main.TestCaseExecutor.processExecutionPhase(TestCaseExecutor.java:264)
	at com.kms.katalon.core.main.TestCaseExecutor.accessMainPhase(TestCaseExecutor.java:256)
	at com.kms.katalon.core.main.TestCaseExecutor.execute(TestCaseExecutor.java:200)
	at com.kms.katalon.core.main.TestCaseMain.runTestCase(TestCaseMain.java:99)
	at com.kms.katalon.core.keyword.builtin.CallTestCaseKeyword$_callTestCase_closure1.doCall(CallTestCaseKeyword.groovy:60)
	at com.kms.katalon.core.keyword.builtin.CallTestCaseKeyword$_callTestCase_closure1.call(CallTestCaseKeyword.groovy)
	at com.kms.katalon.core.keyword.internal.KeywordMain.runKeyword(KeywordMain.groovy:54)
	at com.kms.katalon.core.keyword.builtin.CallTestCaseKeyword.callTestCase(CallTestCaseKeyword.groovy:81)
	at com.kms.katalon.core.keyword.builtin.CallTestCaseKeyword.execute(CallTestCaseKeyword.groovy:45)
	at com.kms.katalon.core.keyword.internal.KeywordExecutor.executeKeywordForPlatform(KeywordExecutor.groovy:53)
	at com.kms.katalon.core.keyword.BuiltinKeywords.callTestCase(BuiltinKeywords.groovy:334)
	at sun.reflect.GeneratedMethodAccessor13.invoke(Unknown Source)
	at sun.reflect.DelegatingMethodAccessorImpl.invoke(DelegatingMethodAccessorImpl.java:43)
	at java.lang.reflect.Method.invoke(Method.java:498)
	at org.codehaus.groovy.reflection.CachedMethod.invoke(CachedMethod.java:93)
	at groovy.lang.MetaMethod.doMethodInvoke(MetaMethod.java:325)
	at groovy.lang.MetaClassImpl.invokeStaticMethod(MetaClassImpl.java:1469)
	at org.codehaus.groovy.runtime.callsite.StaticMetaClassSite.call(StaticMetaClassSite.java:53)
	at org.codehaus.groovy.runtime.callsite.CallSiteArray.defaultCall(CallSiteArray.java:48)
	at org.codehaus.groovy.runtime.callsite.AbstractCallSite.call(AbstractCallSite.java:113)
	at org.codehaus.groovy.runtime.callsite.AbstractCallSite.call(AbstractCallSite.java:141)
	at Script1536137820751.run(Script1536137820751.groovy:22)
	at com.kms.katalon.core.main.ScriptEngine.run(ScriptEngine.java:183)
	at com.kms.katalon.core.main.ScriptEngine.runScriptAsRawText(ScriptEngine.java:108)
	at com.kms.katalon.core.main.TestCaseExecutor.runScript(TestCaseExecutor.java:294)
	at com.kms.katalon.core.main.TestCaseExecutor.doExecute(TestCaseExecutor.java:285)
	at com.kms.katalon.core.main.TestCaseExecutor.processExecutionPhase(TestCaseExecutor.java:264)
	at com.kms.katalon.core.main.TestCaseExecutor.accessMainPhase(TestCaseExecutor.java:256)
	at com.kms.katalon.core.main.TestCaseExecutor.execute(TestCaseExecutor.java:200)
	at com.kms.katalon.core.main.TestSuiteExecutor.accessTestCaseMainPhase(TestSuiteExecutor.java:129)
	at com.kms.katalon.core.main.TestSuiteExecutor.accessTestSuiteMainPhase(TestSuiteExecutor.java:112)
	at com.kms.katalon.core.main.TestSuiteExecutor.execute(TestSuiteExecutor.java:81)
	at com.kms.katalon.core.main.TestCaseMain.startTestSuite(TestCaseMain.java:142)
	at com.kms.katalon.core.main.TestCaseMain$startTestSuite$0.call(Unknown Source)
	at org.codehaus.groovy.runtime.callsite.CallSiteArray.defaultCall(CallSiteArray.java:48)
	at org.codehaus.groovy.runtime.callsite.AbstractCallSite.call(AbstractCallSite.java:113)
	at org.codehaus.groovy.runtime.callsite.AbstractCallSite.call(AbstractCallSite.java:141)
	at TempTestSuite1542963714307.run(TempTestSuite1542963714307.groovy:36)
	at groovy.lang.GroovyShell.runScriptOrMainOrTestOrRunnable(GroovyShell.java:263)
	at groovy.lang.GroovyShell.run(GroovyShell.java:518)
	at groovy.lang.GroovyShell.run(GroovyShell.java:507)
	at groovy.ui.GroovyMain.processOnce(GroovyMain.java:653)
	at groovy.ui.GroovyMain.run(GroovyMain.java:384)
	at groovy.ui.GroovyMain.process(GroovyMain.java:370)
	at groovy.ui.GroovyMain.processArgs(GroovyMain.java:129)
	at groovy.ui.GroovyMain.main(GroovyMain.java:109)
	at sun.reflect.NativeMethodAccessorImpl.invoke0(Native Method)
	at sun.reflect.NativeMethodAccessorImpl.invoke(NativeMethodAccessorImpl.java:62)
	at sun.reflect.DelegatingMethodAccessorImpl.invoke(DelegatingMethodAccessorImpl.java:43)
	at java.lang.reflect.Method.invoke(Method.java:498)
	at org.codehaus.groovy.tools.GroovyStarter.rootLoader(GroovyStarter.java:109)
	at org.codehaus.groovy.tools.GroovyStarter.main(GroovyStarter.java:131)
)]]></system-err>
      </testcase>
      <testcase name="Test Cases/Final Aug 2018 - PKS Automation/Registration Module/Workflow/Form 1A - Cessation As Employer/OTC to UO (Reject)" classname="Test Cases/Final Aug 2018 - PKS Automation/Registration Module/Workflow/Form 1A - Cessation As Employer/OTC to UO (Reject)" status="PASSED">
         <system-out><![CDATA[2018-11-23 17:56:19 - [TEST_CASE][PASSED] - Test Cases/Final Aug 2018 - PKS Automation/Registration Module/Workflow/Form 1A - Cessation As Employer/OTC to UO (Reject): Test Cases/Final Aug 2018 - PKS Automation/Registration Module/Workflow/Form 1A - Cessation As Employer/OTC to UO (Reject)

2018-11-23 17:56:20 - [TEST_STEP][PASSED] - callTestCase: Call Test Case 'Test Cases/Final Aug 2018 - PKS Automation/Registration Module/Workflow/Form 1A - Cessation As Employer/Template/Form 1 A - Cessation As Employer (OTC)' successfully

2018-11-23 17:56:20 - [TEST_CASE][PASSED] - Test Cases/Final Aug 2018 - PKS Automation/Registration Module/Workflow/Form 1A - Cessation As Employer/Template/Form 1 A - Cessation As Employer (OTC): Test Cases/Final Aug 2018 - PKS Automation/Registration Module/Workflow/Form 1A - Cessation As Employer/Template/Form 1 A - Cessation As Employer (OTC)

2018-11-23 17:56:20 - [TEST_STEP][PASSED] - openBrowser: Browser is opened with url: ''

2018-11-23 17:56:20 - [MESSAGE][WARNING] - A browser is already opened. Closing browser and opening a new one

2018-11-23 17:56:25 - [MESSAGE][PASSED] - Browser is opened with url: ''

2018-11-23 17:56:25 - [TEST_STEP][PASSED] - navigateToUrl: Navigate to 'https://assist2-uat.perkeso.gov.my/login' successfully

2018-11-23 17:56:26 - [MESSAGE][PASSED] - Navigate to 'https://assist2-uat.perkeso.gov.my/login' successfully

2018-11-23 17:56:26 - [TEST_STEP][PASSED] - setText: Text 'johorotc1@gmail.com' is set on object 'Object Repository/Final Object Repo/Login Page/Internal User/Email Address'

2018-11-23 17:56:26 - [MESSAGE][PASSED] - Text 'johorotc1@gmail.com' is set on object 'Object Repository/Final Object Repo/Login Page/Internal User/Email Address'

2018-11-23 17:56:26 - [TEST_STEP][PASSED] - click: Object: 'Object Repository/Final Object Repo/Login Page/Internal User/Next Button' is clicked on

2018-11-23 17:56:27 - [MESSAGE][PASSED] - Object: 'Object Repository/Final Object Repo/Login Page/Internal User/Next Button' is clicked on

2018-11-23 17:56:27 - [TEST_STEP][PASSED] - delay: Delayed 1 second(s)

2018-11-23 17:56:28 - [MESSAGE][PASSED] - Delayed 1 second(s)

2018-11-23 17:56:28 - [TEST_STEP][PASSED] - setEncryptedText: Text ****** has been set on object 'Object Repository/Final Object Repo/Login Page/Internal User/Password'

2018-11-23 17:56:28 - [MESSAGE][PASSED] - Text ****** has been set on object 'Object Repository/Final Object Repo/Login Page/Internal User/Password'

2018-11-23 17:56:28 - [TEST_STEP][PASSED] - click: Object: 'Object Repository/Final Object Repo/Login Page/Internal User/Login Button' is clicked on

2018-11-23 17:56:30 - [MESSAGE][PASSED] - Object: 'Object Repository/Final Object Repo/Login Page/Internal User/Login Button' is clicked on

2018-11-23 17:56:30 - [TEST_STEP][PASSED] - delay: Delayed 1 second(s)

2018-11-23 17:56:31 - [MESSAGE][PASSED] - Delayed 1 second(s)

2018-11-23 17:56:31 - [TEST_STEP][PASSED] - Statement - Try: Delayed 2 second(s)

2018-11-23 17:56:31 - [TEST_STEP][PASSED] - Statement - Checker = false: null

2018-11-23 17:56:31 - [TEST_STEP][PASSED] - Statement - Checker = com.kms.katalon.core.webui.keyword.WebUiBuiltInKeywords.verifyElementHasAttribute(com.kms.katalon.core.testobject.ObjectRepository.findTestObject(Final Object Repo/Landing Page/BM Detecting), "href", 20, OPTIONAL): Object 'Object Repository/Final Object Repo/Landing Page/BM Detecting' has attribute 'href'

2018-11-23 17:56:31 - [MESSAGE][PASSED] - Object 'Object Repository/Final Object Repo/Landing Page/BM Detecting' has attribute 'href'

2018-11-23 17:56:31 - [TEST_STEP][PASSED] - Statement - out.println(Checker): null

2018-11-23 17:56:31 - [TEST_STEP][PASSED] - Statement - If (Checker == false): null

2018-11-23 17:56:31 - [TEST_STEP][PASSED] - Statement - Else: null

2018-11-23 17:56:31 - [TEST_STEP][PASSED] - delay: Delayed 2 second(s)

2018-11-23 17:56:33 - [MESSAGE][PASSED] - Delayed 2 second(s)

2018-11-23 17:56:33 - [TEST_STEP][PASSED] - navigateToUrl: Navigate to 'https://assist2-uat.perkeso.gov.my/web/registration/update/form-1a-cessation-as-employer-discontinue-business-' successfully

2018-11-23 17:56:34 - [MESSAGE][PASSED] - Navigate to 'https://assist2-uat.perkeso.gov.my/web/registration/update/form-1a-cessation-as-employer-discontinue-business-' successfully

2018-11-23 17:56:34 - [TEST_STEP][PASSED] - setText: Text 'E1102069770Z' is set on object 'Object Repository/Final Object Repo/Page_Update Employer Information/Employer Code'

2018-11-23 17:56:34 - [MESSAGE][PASSED] - Text 'E1102069770Z' is set on object 'Object Repository/Final Object Repo/Page_Update Employer Information/Employer Code'

2018-11-23 17:56:34 - [TEST_STEP][PASSED] - click: Object: 'Object Repository/Final Object Repo/Page_Update Employer Information/Search Button' is clicked on

2018-11-23 17:56:36 - [MESSAGE][PASSED] - Object: 'Object Repository/Final Object Repo/Page_Update Employer Information/Search Button' is clicked on

2018-11-23 17:56:36 - [TEST_STEP][PASSED] - click: Object: 'Object Repository/Final Object Repo/Page_Update Employer Information/Edit Button' is clicked on

2018-11-23 17:56:38 - [MESSAGE][PASSED] - Object: 'Object Repository/Final Object Repo/Page_Update Employer Information/Edit Button' is clicked on

2018-11-23 17:56:38 - [TEST_STEP][PASSED] - Statement - abc = com.kms.katalon.core.webui.keyword.WebUiBuiltInKeywords.getAttribute(com.kms.katalon.core.testobject.ObjectRepository.findTestObject(Final Object Repo/Page_Form 1A - Cessation As Employer/Employer Status), "value"): Attribute 'value' of object 'Object Repository/Final Object Repo/Page_Form 1A - Cessation As Employer/Employer Status' is: 'Dormant'

2018-11-23 17:56:38 - [MESSAGE][PASSED] - Attribute 'value' of object 'Object Repository/Final Object Repo/Page_Form 1A - Cessation As Employer/Employer Status' is: 'Dormant'

2018-11-23 17:56:38 - [TEST_STEP][PASSED] - Statement - out.println(abc): null

2018-11-23 17:56:38 - [TEST_STEP][PASSED] - Statement - If (abc == "Active"): null

2018-11-23 17:56:38 - [TEST_STEP][PASSED] - Statement - Else If (abc == "Cancel"): null

2018-11-23 17:56:38 - [TEST_STEP][PASSED] - Statement - Else If (abc == "Dormant"): Object: 'Object Repository/Final Object Repo/Page_Form 1A - Cessation As Employer/Change Employer Status to - Dormant' is clicked on

2018-11-23 17:56:38 - [TEST_STEP][PASSED] - click: Object: 'Object Repository/Final Object Repo/Page_Form 1A - Cessation As Employer/Change Employer Status to' is clicked on

2018-11-23 17:56:38 - [MESSAGE][PASSED] - Object: 'Object Repository/Final Object Repo/Page_Form 1A - Cessation As Employer/Change Employer Status to' is clicked on

2018-11-23 17:56:38 - [TEST_STEP][PASSED] - click: Object: 'Object Repository/Final Object Repo/Page_Form 1A - Cessation As Employer/Change Employer Status to - Dormant' is clicked on

2018-11-23 17:56:39 - [MESSAGE][PASSED] - Object: 'Object Repository/Final Object Repo/Page_Form 1A - Cessation As Employer/Change Employer Status to - Dormant' is clicked on

2018-11-23 17:56:39 - [TEST_STEP][PASSED] - click: Object: 'Object Repository/Final Object Repo/Page_Form 1A - Cessation As Employer/Calender' is clicked on

2018-11-23 17:56:40 - [MESSAGE][PASSED] - Object: 'Object Repository/Final Object Repo/Page_Form 1A - Cessation As Employer/Calender' is clicked on

2018-11-23 17:56:40 - [TEST_STEP][PASSED] - click: Object: 'Object Repository/Final Object Repo/Page_Form 1A - Cessation As Employer/Calender - Date' is clicked on

2018-11-23 17:56:40 - [MESSAGE][PASSED] - Object: 'Object Repository/Final Object Repo/Page_Form 1A - Cessation As Employer/Calender - Date' is clicked on

2018-11-23 17:56:40 - [TEST_STEP][PASSED] - delay: Delayed 2 second(s)

2018-11-23 17:56:42 - [MESSAGE][PASSED] - Delayed 2 second(s)

2018-11-23 17:56:42 - [TEST_STEP][PASSED] - click: Object: 'Object Repository/Final Object Repo/Page_Form 1A - Cessation As Employer/Save  Continue in Form 1A Page' is clicked on

2018-11-23 17:56:45 - [MESSAGE][PASSED] - Object: 'Object Repository/Final Object Repo/Page_Form 1A - Cessation As Employer/Save  Continue in Form 1A Page' is clicked on

2018-11-23 17:56:45 - [TEST_STEP][PASSED] - delay: Delayed 2 second(s)

2018-11-23 17:56:47 - [MESSAGE][PASSED] - Delayed 2 second(s)

2018-11-23 17:56:47 - [TEST_STEP][PASSED] - click: Object: 'Object Repository/Final Object Repo/Page_Form 1A - Cessation As Employer/Employment Resign Date' is clicked on

2018-11-23 17:56:48 - [MESSAGE][PASSED] - Object: 'Object Repository/Final Object Repo/Page_Form 1A - Cessation As Employer/Employment Resign Date' is clicked on

2018-11-23 17:56:48 - [TEST_STEP][PASSED] - delay: Delayed 1 second(s)

2018-11-23 17:56:49 - [MESSAGE][PASSED] - Delayed 1 second(s)

2018-11-23 17:56:49 - [TEST_STEP][PASSED] - Statement - CaseReferenceNo = com.kms.katalon.core.webui.keyword.WebUiBuiltInKeywords.getText(com.kms.katalon.core.testobject.ObjectRepository.findTestObject(Final Object Repo/Page_Update Employer Information/Reference Number in Update Employee Information Page)): Text of object 'Object Repository/Final Object Repo/Page_Update Employer Information/Reference Number in Update Employee Information Page' is: 'CUN112018C200001615'

2018-11-23 17:56:49 - [MESSAGE][PASSED] - Text of object 'Object Repository/Final Object Repo/Page_Update Employer Information/Reference Number in Update Employee Information Page' is: 'CUN112018C200001615'

2018-11-23 17:56:49 - [TEST_STEP][PASSED] - callTestCase: Call Test Case 'Test Cases/Final Aug 2018 - PKS Automation/Common/Reference Number Setter' successfully

2018-11-23 17:56:49 - [TEST_CASE][PASSED] - Test Cases/Final Aug 2018 - PKS Automation/Common/Reference Number Setter: Test Cases/Final Aug 2018 - PKS Automation/Common/Reference Number Setter

2018-11-23 17:56:49 - [TEST_STEP][PASSED] - Statement - RefNoOldFile = new java.io.File(C://Users//Admin//Desktop//PKS//Automation Reference Point//KatalonReference.txt): null

2018-11-23 17:56:49 - [TEST_STEP][PASSED] - Statement - RefNoOldFile.delete(): null

2018-11-23 17:56:49 - [TEST_STEP][PASSED] - delay: Delayed 5 second(s)

2018-11-23 17:56:54 - [MESSAGE][PASSED] - Delayed 5 second(s)

2018-11-23 17:56:54 - [TEST_STEP][PASSED] - Statement - RefNo = new java.io.File(C://Users//Admin//Desktop//PKS//Automation Reference Point//KatalonReference.txt): null

2018-11-23 17:56:54 - [TEST_STEP][PASSED] - Statement - f2 = new java.io.FileWriter(RefNo, false): null

2018-11-23 17:56:54 - [TEST_STEP][PASSED] - Statement - f2.write(CaseReferenceNo): null

2018-11-23 17:56:54 - [TEST_STEP][PASSED] - Statement - f2.close(): null

2018-11-23 17:56:54 - [TEST_STEP][PASSED] - Statement - out.println("


" + CaseReferenceNo + "


"): null

2018-11-23 17:56:54 - [MESSAGE][PASSED] - Call Test Case 'Test Cases/Final Aug 2018 - PKS Automation/Common/Reference Number Setter' successfully

2018-11-23 17:56:54 - [TEST_STEP][PASSED] - selectOptionByValue: All options with value '2030' are selected in object 'Object Repository/Final Object Repo/Page_Form 1A - Cessation As Employer/Employment Resign Date - Year' 

2018-11-23 17:56:55 - [MESSAGE][PASSED] - All options with value '2030' are selected in object 'Object Repository/Final Object Repo/Page_Form 1A - Cessation As Employer/Employment Resign Date - Year' 

2018-11-23 17:56:55 - [TEST_STEP][PASSED] - delay: Delayed 1 second(s)

2018-11-23 17:56:56 - [MESSAGE][PASSED] - Delayed 1 second(s)

2018-11-23 17:56:56 - [TEST_STEP][PASSED] - click: Object: 'Object Repository/Final Object Repo/Page_Form 1A - Cessation As Employer/Employment Resign Date - Year - Date' is clicked on

2018-11-23 17:56:56 - [MESSAGE][PASSED] - Object: 'Object Repository/Final Object Repo/Page_Form 1A - Cessation As Employer/Employment Resign Date - Year - Date' is clicked on

2018-11-23 17:56:56 - [TEST_STEP][PASSED] - delay: Delayed 2 second(s)

2018-11-23 17:56:58 - [MESSAGE][PASSED] - Delayed 2 second(s)

2018-11-23 17:56:58 - [TEST_STEP][PASSED] - click: Object: 'Object Repository/Final Object Repo/Page_Form 1A - Cessation As Employer/Save  Continue in Update Add Employee Resigned Date Page' is clicked on

2018-11-23 17:56:58 - [MESSAGE][PASSED] - Object: 'Object Repository/Final Object Repo/Page_Form 1A - Cessation As Employer/Save  Continue in Update Add Employee Resigned Date Page' is clicked on

2018-11-23 17:56:58 - [TEST_STEP][PASSED] - delay: Delayed 2 second(s)

2018-11-23 17:57:00 - [MESSAGE][PASSED] - Delayed 2 second(s)

2018-11-23 17:57:00 - [TEST_STEP][PASSED] - click: Object: 'Object Repository/Final Object Repo/Page_Form 1A - Cessation As Employer/Set Latest - Yes' is clicked on

2018-11-23 17:57:04 - [MESSAGE][PASSED] - Object: 'Object Repository/Final Object Repo/Page_Form 1A - Cessation As Employer/Set Latest - Yes' is clicked on

2018-11-23 17:57:04 - [TEST_STEP][PASSED] - delay: Delayed 2 second(s)

2018-11-23 17:57:06 - [MESSAGE][PASSED] - Delayed 2 second(s)

2018-11-23 17:57:06 - [TEST_STEP][PASSED] - click: Object: 'Object Repository/Final Object Repo/Page_Form 1A - Cessation As Employer/Add Document' is clicked on

2018-11-23 17:57:06 - [MESSAGE][PASSED] - Object: 'Object Repository/Final Object Repo/Page_Form 1A - Cessation As Employer/Add Document' is clicked on

2018-11-23 17:57:06 - [TEST_STEP][PASSED] - delay: Delayed 2 second(s)

2018-11-23 17:57:08 - [MESSAGE][PASSED] - Delayed 2 second(s)

2018-11-23 17:57:08 - [TEST_STEP][PASSED] - click: Object: 'Object Repository/Final Object Repo/Page_Form 1A - Cessation As Employer/Document Type' is clicked on

2018-11-23 17:57:09 - [MESSAGE][PASSED] - Object: 'Object Repository/Final Object Repo/Page_Form 1A - Cessation As Employer/Document Type' is clicked on

2018-11-23 17:57:09 - [TEST_STEP][PASSED] - delay: Delayed 2 second(s)

2018-11-23 17:57:11 - [MESSAGE][PASSED] - Delayed 2 second(s)

2018-11-23 17:57:11 - [TEST_STEP][PASSED] - click: Object: 'Object Repository/Final Object Repo/Page_Form 1A - Cessation As Employer/Document Type - Supporting Document For Cessation' is clicked on

2018-11-23 17:57:12 - [MESSAGE][PASSED] - Object: 'Object Repository/Final Object Repo/Page_Form 1A - Cessation As Employer/Document Type - Supporting Document For Cessation' is clicked on

2018-11-23 17:57:12 - [TEST_STEP][PASSED] - delay: Delayed 2 second(s)

2018-11-23 17:57:14 - [MESSAGE][PASSED] - Delayed 2 second(s)

2018-11-23 17:57:14 - [TEST_STEP][PASSED] - sendKeys: Keys 'C:\Users\Public\Pictures\Sample Pictures\Koala.jpg' sent to object: 'Object Repository/Final Object Repo/Page_Form 1A - Cessation As Employer/Uploading File'

2018-11-23 17:57:14 - [MESSAGE][PASSED] - Keys 'C:\Users\Public\Pictures\Sample Pictures\Koala.jpg' sent to object: 'Object Repository/Final Object Repo/Page_Form 1A - Cessation As Employer/Uploading File'

2018-11-23 17:57:14 - [TEST_STEP][PASSED] - delay: Delayed 2 second(s)

2018-11-23 17:57:16 - [MESSAGE][PASSED] - Delayed 2 second(s)

2018-11-23 17:57:16 - [TEST_STEP][PASSED] - click: Object: 'Object Repository/Final Object Repo/Page_Form 1A - Cessation As Employer/Add Document in Uploading Page' is clicked on

2018-11-23 17:57:21 - [MESSAGE][PASSED] - Object: 'Object Repository/Final Object Repo/Page_Form 1A - Cessation As Employer/Add Document in Uploading Page' is clicked on

2018-11-23 17:57:21 - [TEST_STEP][PASSED] - delay: Delayed 20 second(s)

2018-11-23 17:57:41 - [MESSAGE][PASSED] - Delayed 20 second(s)

2018-11-23 17:57:41 - [TEST_STEP][PASSED] - click: Object: 'Object Repository/Final Object Repo/Page_Form 1A - Cessation As Employer/Save  Continue in Uploading Page' is clicked on

2018-11-23 17:57:46 - [MESSAGE][PASSED] - Object: 'Object Repository/Final Object Repo/Page_Form 1A - Cessation As Employer/Save  Continue in Uploading Page' is clicked on

2018-11-23 17:57:46 - [TEST_STEP][PASSED] - delay: Delayed 2 second(s)

2018-11-23 17:57:48 - [MESSAGE][PASSED] - Delayed 2 second(s)

2018-11-23 17:57:48 - [TEST_STEP][PASSED] - click: Object: 'Object Repository/Final Object Repo/Page_Form 1A - Cessation As Employer/Submit2' is clicked on

2018-11-23 17:57:48 - [MESSAGE][PASSED] - Object: 'Object Repository/Final Object Repo/Page_Form 1A - Cessation As Employer/Submit2' is clicked on

2018-11-23 17:57:48 - [TEST_STEP][PASSED] - delay: Delayed 2 second(s)

2018-11-23 17:57:50 - [MESSAGE][PASSED] - Delayed 2 second(s)

2018-11-23 17:57:50 - [TEST_STEP][PASSED] - click: Object: 'Object Repository/Final Object Repo/Page_Form 1A - Cessation As Employer/Confirm' is clicked on

2018-11-23 17:57:56 - [MESSAGE][PASSED] - Object: 'Object Repository/Final Object Repo/Page_Form 1A - Cessation As Employer/Confirm' is clicked on

2018-11-23 17:57:56 - [TEST_STEP][PASSED] - delay: Delayed 2 second(s)

2018-11-23 17:57:58 - [MESSAGE][PASSED] - Delayed 2 second(s)

2018-11-23 17:57:58 - [TEST_STEP][PASSED] - verifyElementVisible: Object 'Object Repository/Final Object Repo/Page_Form 1A - Cessation As Employer/Message Your Request will be routed to UO' is visible

2018-11-23 17:57:58 - [MESSAGE][PASSED] - Object 'Object Repository/Final Object Repo/Page_Form 1A - Cessation As Employer/Message Your Request will be routed to UO' is visible

2018-11-23 17:57:58 - [TEST_STEP][PASSED] - delay: Delayed 1 second(s)

2018-11-23 17:57:59 - [MESSAGE][PASSED] - Delayed 1 second(s)

2018-11-23 17:57:59 - [TEST_STEP][PASSED] - verifyElementVisible: Object 'Object Repository/Final Object Repo/Page_Form 1A - Cessation As Employer/Letter of acknowledgement' is visible

2018-11-23 17:58:00 - [MESSAGE][PASSED] - Object 'Object Repository/Final Object Repo/Page_Form 1A - Cessation As Employer/Letter of acknowledgement' is visible

2018-11-23 17:58:00 - [MESSAGE][PASSED] - Call Test Case 'Test Cases/Final Aug 2018 - PKS Automation/Registration Module/Workflow/Form 1A - Cessation As Employer/Template/Form 1 A - Cessation As Employer (OTC)' successfully

2018-11-23 17:58:00 - [TEST_STEP][PASSED] - callTestCase: Call Test Case 'Test Cases/Final Aug 2018 - PKS Automation/Registration Module/Workflow/Form 1A - Cessation As Employer/Template/Form 1 A - Cessation As Employer (Reject)' successfully

2018-11-23 17:58:00 - [TEST_CASE][PASSED] - Test Cases/Final Aug 2018 - PKS Automation/Registration Module/Workflow/Form 1A - Cessation As Employer/Template/Form 1 A - Cessation As Employer (Reject): Test Cases/Final Aug 2018 - PKS Automation/Registration Module/Workflow/Form 1A - Cessation As Employer/Template/Form 1 A - Cessation As Employer (Reject)

2018-11-23 17:58:00 - [TEST_STEP][PASSED] - callTestCase: Call Test Case 'Test Cases/Final Aug 2018 - PKS Automation/Registration Module/Workflow/Form 1A - Cessation As Employer/Template/Form 1 A - Cessation As Employer (OTC)' successfully

2018-11-23 17:58:00 - [TEST_CASE][PASSED] - Test Cases/Final Aug 2018 - PKS Automation/Registration Module/Workflow/Form 1A - Cessation As Employer/Template/Form 1 A - Cessation As Employer (OTC): Test Cases/Final Aug 2018 - PKS Automation/Registration Module/Workflow/Form 1A - Cessation As Employer/Template/Form 1 A - Cessation As Employer (OTC)

2018-11-23 17:58:00 - [TEST_STEP][PASSED] - openBrowser: Browser is opened with url: ''

2018-11-23 17:58:00 - [MESSAGE][WARNING] - A browser is already opened. Closing browser and opening a new one

2018-11-23 17:58:04 - [MESSAGE][PASSED] - Browser is opened with url: ''

2018-11-23 17:58:04 - [TEST_STEP][PASSED] - navigateToUrl: Navigate to 'https://assist2-uat.perkeso.gov.my/login' successfully

2018-11-23 17:58:06 - [MESSAGE][PASSED] - Navigate to 'https://assist2-uat.perkeso.gov.my/login' successfully

2018-11-23 17:58:06 - [TEST_STEP][PASSED] - setText: Text 'johorotc1@gmail.com' is set on object 'Object Repository/Final Object Repo/Login Page/Internal User/Email Address'

2018-11-23 17:58:06 - [MESSAGE][PASSED] - Text 'johorotc1@gmail.com' is set on object 'Object Repository/Final Object Repo/Login Page/Internal User/Email Address'

2018-11-23 17:58:06 - [TEST_STEP][PASSED] - click: Object: 'Object Repository/Final Object Repo/Login Page/Internal User/Next Button' is clicked on

2018-11-23 17:58:06 - [MESSAGE][PASSED] - Object: 'Object Repository/Final Object Repo/Login Page/Internal User/Next Button' is clicked on

2018-11-23 17:58:06 - [TEST_STEP][PASSED] - delay: Delayed 1 second(s)

2018-11-23 17:58:07 - [MESSAGE][PASSED] - Delayed 1 second(s)

2018-11-23 17:58:07 - [TEST_STEP][PASSED] - setEncryptedText: Text ****** has been set on object 'Object Repository/Final Object Repo/Login Page/Internal User/Password'

2018-11-23 17:58:08 - [MESSAGE][PASSED] - Text ****** has been set on object 'Object Repository/Final Object Repo/Login Page/Internal User/Password'

2018-11-23 17:58:08 - [TEST_STEP][PASSED] - click: Object: 'Object Repository/Final Object Repo/Login Page/Internal User/Login Button' is clicked on

2018-11-23 17:58:10 - [MESSAGE][PASSED] - Object: 'Object Repository/Final Object Repo/Login Page/Internal User/Login Button' is clicked on

2018-11-23 17:58:10 - [TEST_STEP][PASSED] - delay: Delayed 1 second(s)

2018-11-23 17:58:11 - [MESSAGE][PASSED] - Delayed 1 second(s)

2018-11-23 17:58:11 - [TEST_STEP][PASSED] - Statement - Try: Delayed 2 second(s)

2018-11-23 17:58:11 - [TEST_STEP][PASSED] - Statement - Checker = false: null

2018-11-23 17:58:11 - [TEST_STEP][PASSED] - Statement - Checker = com.kms.katalon.core.webui.keyword.WebUiBuiltInKeywords.verifyElementHasAttribute(com.kms.katalon.core.testobject.ObjectRepository.findTestObject(Final Object Repo/Landing Page/BM Detecting), "href", 20, OPTIONAL): Object 'Object Repository/Final Object Repo/Landing Page/BM Detecting' has attribute 'href'

2018-11-23 17:58:11 - [MESSAGE][PASSED] - Object 'Object Repository/Final Object Repo/Landing Page/BM Detecting' has attribute 'href'

2018-11-23 17:58:11 - [TEST_STEP][PASSED] - Statement - out.println(Checker): null

2018-11-23 17:58:11 - [TEST_STEP][PASSED] - Statement - If (Checker == false): null

2018-11-23 17:58:11 - [TEST_STEP][PASSED] - Statement - Else: null

2018-11-23 17:58:11 - [TEST_STEP][PASSED] - delay: Delayed 2 second(s)

2018-11-23 17:58:13 - [MESSAGE][PASSED] - Delayed 2 second(s)

2018-11-23 17:58:13 - [TEST_STEP][PASSED] - navigateToUrl: Navigate to 'https://assist2-uat.perkeso.gov.my/web/registration/update/form-1a-cessation-as-employer-discontinue-business-' successfully

2018-11-23 17:58:15 - [MESSAGE][PASSED] - Navigate to 'https://assist2-uat.perkeso.gov.my/web/registration/update/form-1a-cessation-as-employer-discontinue-business-' successfully

2018-11-23 17:58:15 - [TEST_STEP][PASSED] - setText: Text 'E1102069770Z' is set on object 'Object Repository/Final Object Repo/Page_Update Employer Information/Employer Code'

2018-11-23 17:58:15 - [MESSAGE][PASSED] - Text 'E1102069770Z' is set on object 'Object Repository/Final Object Repo/Page_Update Employer Information/Employer Code'

2018-11-23 17:58:15 - [TEST_STEP][PASSED] - click: Object: 'Object Repository/Final Object Repo/Page_Update Employer Information/Search Button' is clicked on

2018-11-23 17:58:16 - [MESSAGE][PASSED] - Object: 'Object Repository/Final Object Repo/Page_Update Employer Information/Search Button' is clicked on

2018-11-23 17:58:16 - [TEST_STEP][PASSED] - click: Object: 'Object Repository/Final Object Repo/Page_Update Employer Information/Edit Button' is clicked on

2018-11-23 17:58:18 - [MESSAGE][PASSED] - Object: 'Object Repository/Final Object Repo/Page_Update Employer Information/Edit Button' is clicked on

2018-11-23 17:58:18 - [TEST_STEP][PASSED] - Statement - abc = com.kms.katalon.core.webui.keyword.WebUiBuiltInKeywords.getAttribute(com.kms.katalon.core.testobject.ObjectRepository.findTestObject(Final Object Repo/Page_Form 1A - Cessation As Employer/Employer Status), "value"): Attribute 'value' of object 'Object Repository/Final Object Repo/Page_Form 1A - Cessation As Employer/Employer Status' is: 'Dormant'

2018-11-23 17:58:18 - [MESSAGE][PASSED] - Attribute 'value' of object 'Object Repository/Final Object Repo/Page_Form 1A - Cessation As Employer/Employer Status' is: 'Dormant'

2018-11-23 17:58:18 - [TEST_STEP][PASSED] - Statement - out.println(abc): null

2018-11-23 17:58:18 - [TEST_STEP][PASSED] - Statement - If (abc == "Active"): null

2018-11-23 17:58:18 - [TEST_STEP][PASSED] - Statement - Else If (abc == "Cancel"): null

2018-11-23 17:58:18 - [TEST_STEP][PASSED] - Statement - Else If (abc == "Dormant"): Object: 'Object Repository/Final Object Repo/Page_Form 1A - Cessation As Employer/Change Employer Status to - Dormant' is clicked on

2018-11-23 17:58:18 - [TEST_STEP][PASSED] - click: Object: 'Object Repository/Final Object Repo/Page_Form 1A - Cessation As Employer/Change Employer Status to' is clicked on

2018-11-23 17:58:18 - [MESSAGE][PASSED] - Object: 'Object Repository/Final Object Repo/Page_Form 1A - Cessation As Employer/Change Employer Status to' is clicked on

2018-11-23 17:58:18 - [TEST_STEP][PASSED] - click: Object: 'Object Repository/Final Object Repo/Page_Form 1A - Cessation As Employer/Change Employer Status to - Dormant' is clicked on

2018-11-23 17:58:19 - [MESSAGE][PASSED] - Object: 'Object Repository/Final Object Repo/Page_Form 1A - Cessation As Employer/Change Employer Status to - Dormant' is clicked on

2018-11-23 17:58:19 - [TEST_STEP][PASSED] - click: Object: 'Object Repository/Final Object Repo/Page_Form 1A - Cessation As Employer/Calender' is clicked on

2018-11-23 17:58:20 - [MESSAGE][PASSED] - Object: 'Object Repository/Final Object Repo/Page_Form 1A - Cessation As Employer/Calender' is clicked on

2018-11-23 17:58:20 - [TEST_STEP][PASSED] - click: Object: 'Object Repository/Final Object Repo/Page_Form 1A - Cessation As Employer/Calender - Date' is clicked on

2018-11-23 17:58:20 - [MESSAGE][PASSED] - Object: 'Object Repository/Final Object Repo/Page_Form 1A - Cessation As Employer/Calender - Date' is clicked on

2018-11-23 17:58:20 - [TEST_STEP][PASSED] - delay: Delayed 2 second(s)

2018-11-23 17:58:22 - [MESSAGE][PASSED] - Delayed 2 second(s)

2018-11-23 17:58:22 - [TEST_STEP][PASSED] - click: Object: 'Object Repository/Final Object Repo/Page_Form 1A - Cessation As Employer/Save  Continue in Form 1A Page' is clicked on

2018-11-23 17:58:25 - [MESSAGE][PASSED] - Object: 'Object Repository/Final Object Repo/Page_Form 1A - Cessation As Employer/Save  Continue in Form 1A Page' is clicked on

2018-11-23 17:58:25 - [TEST_STEP][PASSED] - delay: Delayed 2 second(s)

2018-11-23 17:58:27 - [MESSAGE][PASSED] - Delayed 2 second(s)

2018-11-23 17:58:27 - [TEST_STEP][PASSED] - click: Object: 'Object Repository/Final Object Repo/Page_Form 1A - Cessation As Employer/Employment Resign Date' is clicked on

2018-11-23 17:58:28 - [MESSAGE][PASSED] - Object: 'Object Repository/Final Object Repo/Page_Form 1A - Cessation As Employer/Employment Resign Date' is clicked on

2018-11-23 17:58:28 - [TEST_STEP][PASSED] - delay: Delayed 1 second(s)

2018-11-23 17:58:29 - [MESSAGE][PASSED] - Delayed 1 second(s)

2018-11-23 17:58:29 - [TEST_STEP][PASSED] - Statement - CaseReferenceNo = com.kms.katalon.core.webui.keyword.WebUiBuiltInKeywords.getText(com.kms.katalon.core.testobject.ObjectRepository.findTestObject(Final Object Repo/Page_Update Employer Information/Reference Number in Update Employee Information Page)): Text of object 'Object Repository/Final Object Repo/Page_Update Employer Information/Reference Number in Update Employee Information Page' is: 'CUN112018C200001616'

2018-11-23 17:58:29 - [MESSAGE][PASSED] - Text of object 'Object Repository/Final Object Repo/Page_Update Employer Information/Reference Number in Update Employee Information Page' is: 'CUN112018C200001616'

2018-11-23 17:58:29 - [TEST_STEP][PASSED] - callTestCase: Call Test Case 'Test Cases/Final Aug 2018 - PKS Automation/Common/Reference Number Setter' successfully

2018-11-23 17:58:29 - [TEST_CASE][PASSED] - Test Cases/Final Aug 2018 - PKS Automation/Common/Reference Number Setter: Test Cases/Final Aug 2018 - PKS Automation/Common/Reference Number Setter

2018-11-23 17:58:29 - [TEST_STEP][PASSED] - Statement - RefNoOldFile = new java.io.File(C://Users//Admin//Desktop//PKS//Automation Reference Point//KatalonReference.txt): null

2018-11-23 17:58:29 - [TEST_STEP][PASSED] - Statement - RefNoOldFile.delete(): null

2018-11-23 17:58:29 - [TEST_STEP][PASSED] - delay: Delayed 5 second(s)

2018-11-23 17:58:34 - [MESSAGE][PASSED] - Delayed 5 second(s)

2018-11-23 17:58:34 - [TEST_STEP][PASSED] - Statement - RefNo = new java.io.File(C://Users//Admin//Desktop//PKS//Automation Reference Point//KatalonReference.txt): null

2018-11-23 17:58:34 - [TEST_STEP][PASSED] - Statement - f2 = new java.io.FileWriter(RefNo, false): null

2018-11-23 17:58:34 - [TEST_STEP][PASSED] - Statement - f2.write(CaseReferenceNo): null

2018-11-23 17:58:34 - [TEST_STEP][PASSED] - Statement - f2.close(): null

2018-11-23 17:58:34 - [TEST_STEP][PASSED] - Statement - out.println("


" + CaseReferenceNo + "


"): null

2018-11-23 17:58:34 - [MESSAGE][PASSED] - Call Test Case 'Test Cases/Final Aug 2018 - PKS Automation/Common/Reference Number Setter' successfully

2018-11-23 17:58:34 - [TEST_STEP][PASSED] - selectOptionByValue: All options with value '2030' are selected in object 'Object Repository/Final Object Repo/Page_Form 1A - Cessation As Employer/Employment Resign Date - Year' 

2018-11-23 17:58:34 - [MESSAGE][PASSED] - All options with value '2030' are selected in object 'Object Repository/Final Object Repo/Page_Form 1A - Cessation As Employer/Employment Resign Date - Year' 

2018-11-23 17:58:34 - [TEST_STEP][PASSED] - delay: Delayed 1 second(s)

2018-11-23 17:58:35 - [MESSAGE][PASSED] - Delayed 1 second(s)

2018-11-23 17:58:35 - [TEST_STEP][PASSED] - click: Object: 'Object Repository/Final Object Repo/Page_Form 1A - Cessation As Employer/Employment Resign Date - Year - Date' is clicked on

2018-11-23 17:58:36 - [MESSAGE][PASSED] - Object: 'Object Repository/Final Object Repo/Page_Form 1A - Cessation As Employer/Employment Resign Date - Year - Date' is clicked on

2018-11-23 17:58:36 - [TEST_STEP][PASSED] - delay: Delayed 2 second(s)

2018-11-23 17:58:38 - [MESSAGE][PASSED] - Delayed 2 second(s)

2018-11-23 17:58:38 - [TEST_STEP][PASSED] - click: Object: 'Object Repository/Final Object Repo/Page_Form 1A - Cessation As Employer/Save  Continue in Update Add Employee Resigned Date Page' is clicked on

2018-11-23 17:58:38 - [MESSAGE][PASSED] - Object: 'Object Repository/Final Object Repo/Page_Form 1A - Cessation As Employer/Save  Continue in Update Add Employee Resigned Date Page' is clicked on

2018-11-23 17:58:38 - [TEST_STEP][PASSED] - delay: Delayed 2 second(s)

2018-11-23 17:58:40 - [MESSAGE][PASSED] - Delayed 2 second(s)

2018-11-23 17:58:40 - [TEST_STEP][PASSED] - click: Object: 'Object Repository/Final Object Repo/Page_Form 1A - Cessation As Employer/Set Latest - Yes' is clicked on

2018-11-23 17:58:44 - [MESSAGE][PASSED] - Object: 'Object Repository/Final Object Repo/Page_Form 1A - Cessation As Employer/Set Latest - Yes' is clicked on

2018-11-23 17:58:44 - [TEST_STEP][PASSED] - delay: Delayed 2 second(s)

2018-11-23 17:58:46 - [MESSAGE][PASSED] - Delayed 2 second(s)

2018-11-23 17:58:46 - [TEST_STEP][PASSED] - click: Object: 'Object Repository/Final Object Repo/Page_Form 1A - Cessation As Employer/Add Document' is clicked on

2018-11-23 17:58:46 - [MESSAGE][PASSED] - Object: 'Object Repository/Final Object Repo/Page_Form 1A - Cessation As Employer/Add Document' is clicked on

2018-11-23 17:58:46 - [TEST_STEP][PASSED] - delay: Delayed 2 second(s)

2018-11-23 17:58:48 - [MESSAGE][PASSED] - Delayed 2 second(s)

2018-11-23 17:58:48 - [TEST_STEP][PASSED] - click: Object: 'Object Repository/Final Object Repo/Page_Form 1A - Cessation As Employer/Document Type' is clicked on

2018-11-23 17:58:50 - [MESSAGE][PASSED] - Object: 'Object Repository/Final Object Repo/Page_Form 1A - Cessation As Employer/Document Type' is clicked on

2018-11-23 17:58:50 - [TEST_STEP][PASSED] - delay: Delayed 2 second(s)

2018-11-23 17:58:52 - [MESSAGE][PASSED] - Delayed 2 second(s)

2018-11-23 17:58:52 - [TEST_STEP][PASSED] - click: Object: 'Object Repository/Final Object Repo/Page_Form 1A - Cessation As Employer/Document Type - Supporting Document For Cessation' is clicked on

2018-11-23 17:58:52 - [MESSAGE][PASSED] - Object: 'Object Repository/Final Object Repo/Page_Form 1A - Cessation As Employer/Document Type - Supporting Document For Cessation' is clicked on

2018-11-23 17:58:52 - [TEST_STEP][PASSED] - delay: Delayed 2 second(s)

2018-11-23 17:58:54 - [MESSAGE][PASSED] - Delayed 2 second(s)

2018-11-23 17:58:54 - [TEST_STEP][PASSED] - sendKeys: Keys 'C:\Users\Public\Pictures\Sample Pictures\Koala.jpg' sent to object: 'Object Repository/Final Object Repo/Page_Form 1A - Cessation As Employer/Uploading File'

2018-11-23 17:58:55 - [MESSAGE][PASSED] - Keys 'C:\Users\Public\Pictures\Sample Pictures\Koala.jpg' sent to object: 'Object Repository/Final Object Repo/Page_Form 1A - Cessation As Employer/Uploading File'

2018-11-23 17:58:55 - [TEST_STEP][PASSED] - delay: Delayed 2 second(s)

2018-11-23 17:58:57 - [MESSAGE][PASSED] - Delayed 2 second(s)

2018-11-23 17:58:57 - [TEST_STEP][PASSED] - click: Object: 'Object Repository/Final Object Repo/Page_Form 1A - Cessation As Employer/Add Document in Uploading Page' is clicked on

2018-11-23 17:59:01 - [MESSAGE][PASSED] - Object: 'Object Repository/Final Object Repo/Page_Form 1A - Cessation As Employer/Add Document in Uploading Page' is clicked on

2018-11-23 17:59:01 - [TEST_STEP][PASSED] - delay: Delayed 20 second(s)

2018-11-23 17:59:21 - [MESSAGE][PASSED] - Delayed 20 second(s)

2018-11-23 17:59:21 - [TEST_STEP][PASSED] - click: Object: 'Object Repository/Final Object Repo/Page_Form 1A - Cessation As Employer/Save  Continue in Uploading Page' is clicked on

2018-11-23 17:59:27 - [MESSAGE][PASSED] - Object: 'Object Repository/Final Object Repo/Page_Form 1A - Cessation As Employer/Save  Continue in Uploading Page' is clicked on

2018-11-23 17:59:27 - [TEST_STEP][PASSED] - delay: Delayed 2 second(s)

2018-11-23 17:59:29 - [MESSAGE][PASSED] - Delayed 2 second(s)

2018-11-23 17:59:29 - [TEST_STEP][PASSED] - click: Object: 'Object Repository/Final Object Repo/Page_Form 1A - Cessation As Employer/Submit2' is clicked on

2018-11-23 17:59:29 - [MESSAGE][PASSED] - Object: 'Object Repository/Final Object Repo/Page_Form 1A - Cessation As Employer/Submit2' is clicked on

2018-11-23 17:59:29 - [TEST_STEP][PASSED] - delay: Delayed 2 second(s)

2018-11-23 17:59:31 - [MESSAGE][PASSED] - Delayed 2 second(s)

2018-11-23 17:59:31 - [TEST_STEP][PASSED] - click: Object: 'Object Repository/Final Object Repo/Page_Form 1A - Cessation As Employer/Confirm' is clicked on

2018-11-23 17:59:38 - [MESSAGE][PASSED] - Object: 'Object Repository/Final Object Repo/Page_Form 1A - Cessation As Employer/Confirm' is clicked on

2018-11-23 17:59:38 - [TEST_STEP][PASSED] - delay: Delayed 2 second(s)

2018-11-23 17:59:40 - [MESSAGE][PASSED] - Delayed 2 second(s)

2018-11-23 17:59:40 - [TEST_STEP][PASSED] - verifyElementVisible: Object 'Object Repository/Final Object Repo/Page_Form 1A - Cessation As Employer/Message Your Request will be routed to UO' is visible

2018-11-23 17:59:40 - [MESSAGE][PASSED] - Object 'Object Repository/Final Object Repo/Page_Form 1A - Cessation As Employer/Message Your Request will be routed to UO' is visible

2018-11-23 17:59:40 - [TEST_STEP][PASSED] - delay: Delayed 1 second(s)

2018-11-23 17:59:41 - [MESSAGE][PASSED] - Delayed 1 second(s)

2018-11-23 17:59:41 - [TEST_STEP][PASSED] - verifyElementVisible: Object 'Object Repository/Final Object Repo/Page_Form 1A - Cessation As Employer/Letter of acknowledgement' is visible

2018-11-23 17:59:41 - [MESSAGE][PASSED] - Object 'Object Repository/Final Object Repo/Page_Form 1A - Cessation As Employer/Letter of acknowledgement' is visible

2018-11-23 17:59:41 - [MESSAGE][PASSED] - Call Test Case 'Test Cases/Final Aug 2018 - PKS Automation/Registration Module/Workflow/Form 1A - Cessation As Employer/Template/Form 1 A - Cessation As Employer (OTC)' successfully

2018-11-23 17:59:41 - [TEST_STEP][PASSED] - delay: Delayed 1 second(s)

2018-11-23 17:59:42 - [MESSAGE][PASSED] - Delayed 1 second(s)

2018-11-23 17:59:42 - [TEST_STEP][PASSED] - navigateToUrl: Navigate to 'https://assist2-uat.perkeso.gov.my/c/portal/logout' successfully

2018-11-23 17:59:43 - [MESSAGE][PASSED] - Navigate to 'https://assist2-uat.perkeso.gov.my/c/portal/logout' successfully

2018-11-23 17:59:43 - [TEST_STEP][PASSED] - delay: Delayed 1 second(s)

2018-11-23 17:59:44 - [MESSAGE][PASSED] - Delayed 1 second(s)

2018-11-23 17:59:44 - [TEST_STEP][PASSED] - callTestCase: Call Test Case 'Test Cases/Final Aug 2018 - PKS Automation/Common/Reference Number Getter' successfully

2018-11-23 17:59:44 - [TEST_CASE][PASSED] - Test Cases/Final Aug 2018 - PKS Automation/Common/Reference Number Getter: Test Cases/Final Aug 2018 - PKS Automation/Common/Reference Number Getter

2018-11-23 17:59:44 - [TEST_STEP][PASSED] - Statement - Try: null

2018-11-23 17:59:44 - [TEST_STEP][PASSED] - Statement - RefNo = new java.io.File(C://Users//Admin//Desktop//PKS//Automation Reference Point//KatalonReference.txt): null

2018-11-23 17:59:44 - [TEST_STEP][PASSED] - Statement - bufferread = new java.io.BufferedReader(new java.io.FileReader(RefNo)): null

2018-11-23 17:59:44 - [TEST_STEP][PASSED] - Statement - readedVal = bufferread.readLine(): null

2018-11-23 17:59:44 - [TEST_STEP][PASSED] - Statement - out.println(CaseReferenceNo): null

2018-11-23 17:59:44 - [TEST_STEP][PASSED] - Statement - out.println(readedVal): null

2018-11-23 17:59:44 - [TEST_STEP][PASSED] - Statement - CaseReferenceNo = "": null

2018-11-23 17:59:44 - [TEST_STEP][PASSED] - Statement - CaseReferenceNo = readedVal: null

2018-11-23 17:59:44 - [MESSAGE][PASSED] - Call Test Case 'Test Cases/Final Aug 2018 - PKS Automation/Common/Reference Number Getter' successfully

2018-11-23 17:59:44 - [TEST_STEP][PASSED] - callTestCase: Call Test Case 'Test Cases/Final Aug 2018 - PKS Automation/Common/Workflow Owner Finder' successfully

2018-11-23 17:59:44 - [TEST_CASE][PASSED] - Test Cases/Final Aug 2018 - PKS Automation/Common/Workflow Owner Finder: Test Cases/Final Aug 2018 - PKS Automation/Common/Workflow Owner Finder

2018-11-23 17:59:44 - [TEST_STEP][PASSED] - openBrowser: Browser is opened with url: ''

2018-11-23 17:59:44 - [MESSAGE][WARNING] - A browser is already opened. Closing browser and opening a new one

2018-11-23 17:59:49 - [MESSAGE][PASSED] - Browser is opened with url: ''

2018-11-23 17:59:49 - [TEST_STEP][PASSED] - navigateToUrl: Navigate to 'https://assist2-uat.perkeso.gov.my/login' successfully

2018-11-23 17:59:50 - [MESSAGE][PASSED] - Navigate to 'https://assist2-uat.perkeso.gov.my/login' successfully

2018-11-23 17:59:50 - [TEST_STEP][PASSED] - delay: Delayed 5 second(s)

2018-11-23 17:59:55 - [MESSAGE][PASSED] - Delayed 5 second(s)

2018-11-23 17:59:55 - [TEST_STEP][PASSED] - setText: Text 'test@liferay.com' is set on object 'Object Repository/Final Object Repo/Login Page/Internal User/Email Address'

2018-11-23 17:59:56 - [MESSAGE][PASSED] - Text 'test@liferay.com' is set on object 'Object Repository/Final Object Repo/Login Page/Internal User/Email Address'

2018-11-23 17:59:56 - [TEST_STEP][PASSED] - click: Object: 'Object Repository/Final Object Repo/Login Page/Internal User/Next Button' is clicked on

2018-11-23 17:59:56 - [MESSAGE][PASSED] - Object: 'Object Repository/Final Object Repo/Login Page/Internal User/Next Button' is clicked on

2018-11-23 17:59:56 - [TEST_STEP][PASSED] - delay: Delayed 2 second(s)

2018-11-23 17:59:58 - [MESSAGE][PASSED] - Delayed 2 second(s)

2018-11-23 17:59:58 - [TEST_STEP][PASSED] - setText: Text 'test' is set on object 'Object Repository/Final Object Repo/Login Page/Internal User/Password'

2018-11-23 17:59:58 - [MESSAGE][PASSED] - Text 'test' is set on object 'Object Repository/Final Object Repo/Login Page/Internal User/Password'

2018-11-23 17:59:58 - [TEST_STEP][PASSED] - delay: Delayed 2 second(s)

2018-11-23 18:00:00 - [MESSAGE][PASSED] - Delayed 2 second(s)

2018-11-23 18:00:00 - [TEST_STEP][PASSED] - click: Object: 'Object Repository/Final Object Repo/Login Page/Internal User/Login Button' is clicked on

2018-11-23 18:00:03 - [MESSAGE][PASSED] - Object: 'Object Repository/Final Object Repo/Login Page/Internal User/Login Button' is clicked on

2018-11-23 18:00:03 - [TEST_STEP][PASSED] - Statement - Try: Delayed 2 second(s)

2018-11-23 18:00:03 - [TEST_STEP][PASSED] - Statement - Checker = false: null

2018-11-23 18:00:03 - [TEST_STEP][PASSED] - Statement - Checker = com.kms.katalon.core.webui.keyword.WebUiBuiltInKeywords.verifyElementHasAttribute(com.kms.katalon.core.testobject.ObjectRepository.findTestObject(Final Object Repo/Landing Page/BM Detecting), "href", 20, OPTIONAL): Object 'Object Repository/Final Object Repo/Landing Page/BM Detecting' has attribute 'href'

2018-11-23 18:00:03 - [MESSAGE][PASSED] - Object 'Object Repository/Final Object Repo/Landing Page/BM Detecting' has attribute 'href'

2018-11-23 18:00:03 - [TEST_STEP][PASSED] - Statement - out.println(Checker): null

2018-11-23 18:00:03 - [TEST_STEP][PASSED] - Statement - If (Checker == false): null

2018-11-23 18:00:03 - [TEST_STEP][PASSED] - Statement - Else: null

2018-11-23 18:00:03 - [TEST_STEP][PASSED] - delay: Delayed 2 second(s)

2018-11-23 18:00:05 - [MESSAGE][PASSED] - Delayed 2 second(s)

2018-11-23 18:00:05 - [TEST_STEP][PASSED] - delay: Delayed 3 second(s)

2018-11-23 18:00:08 - [MESSAGE][PASSED] - Delayed 3 second(s)

2018-11-23 18:00:08 - [TEST_STEP][PASSED] - mouseOver: Object: 'Object Repository/Final Object Repo/Landing Page/WorkFlow Menu' is hovered

2018-11-23 18:00:08 - [MESSAGE][PASSED] - Object: 'Object Repository/Final Object Repo/Landing Page/WorkFlow Menu' is hovered

2018-11-23 18:00:08 - [TEST_STEP][PASSED] - delay: Delayed 2 second(s)

2018-11-23 18:00:10 - [MESSAGE][PASSED] - Delayed 2 second(s)

2018-11-23 18:00:10 - [TEST_STEP][PASSED] - click: Object: 'Object Repository/Final Object Repo/Landing Page/Select to Workflow Listing' is clicked on

2018-11-23 18:00:12 - [MESSAGE][PASSED] - Object: 'Object Repository/Final Object Repo/Landing Page/Select to Workflow Listing' is clicked on

2018-11-23 18:00:12 - [TEST_STEP][PASSED] - delay: Delayed 2 second(s)

2018-11-23 18:00:14 - [MESSAGE][PASSED] - Delayed 2 second(s)

2018-11-23 18:00:14 - [TEST_STEP][PASSED] - click: Object: 'Object Repository/Final Object Repo/WorkFlow Listing Page/Search Information - To Put Ref No' is clicked on

2018-11-23 18:00:14 - [MESSAGE][PASSED] - Object: 'Object Repository/Final Object Repo/WorkFlow Listing Page/Search Information - To Put Ref No' is clicked on

2018-11-23 18:00:14 - [TEST_STEP][PASSED] - delay: Delayed 2 second(s)

2018-11-23 18:00:16 - [MESSAGE][PASSED] - Delayed 2 second(s)

2018-11-23 18:00:16 - [TEST_STEP][PASSED] - callTestCase: Call Test Case 'Test Cases/Final Aug 2018 - PKS Automation/Common/Reference Number Getter' successfully

2018-11-23 18:00:16 - [TEST_CASE][PASSED] - Test Cases/Final Aug 2018 - PKS Automation/Common/Reference Number Getter: Test Cases/Final Aug 2018 - PKS Automation/Common/Reference Number Getter

2018-11-23 18:00:16 - [TEST_STEP][PASSED] - Statement - Try: null

2018-11-23 18:00:16 - [TEST_STEP][PASSED] - Statement - RefNo = new java.io.File(C://Users//Admin//Desktop//PKS//Automation Reference Point//KatalonReference.txt): null

2018-11-23 18:00:16 - [TEST_STEP][PASSED] - Statement - bufferread = new java.io.BufferedReader(new java.io.FileReader(RefNo)): null

2018-11-23 18:00:16 - [TEST_STEP][PASSED] - Statement - readedVal = bufferread.readLine(): null

2018-11-23 18:00:16 - [TEST_STEP][PASSED] - Statement - out.println(CaseReferenceNo): null

2018-11-23 18:00:16 - [TEST_STEP][PASSED] - Statement - out.println(readedVal): null

2018-11-23 18:00:16 - [TEST_STEP][PASSED] - Statement - CaseReferenceNo = "": null

2018-11-23 18:00:16 - [TEST_STEP][PASSED] - Statement - CaseReferenceNo = readedVal: null

2018-11-23 18:00:16 - [MESSAGE][PASSED] - Call Test Case 'Test Cases/Final Aug 2018 - PKS Automation/Common/Reference Number Getter' successfully

2018-11-23 18:00:16 - [TEST_STEP][PASSED] - setText: Text 'CUN112018C200001616' is set on object 'Object Repository/Final Object Repo/WorkFlow Listing Page/Ref No Set Text'

2018-11-23 18:00:16 - [MESSAGE][PASSED] - Text 'CUN112018C200001616' is set on object 'Object Repository/Final Object Repo/WorkFlow Listing Page/Ref No Set Text'

2018-11-23 18:00:16 - [TEST_STEP][PASSED] - delay: Delayed 2 second(s)

2018-11-23 18:00:18 - [MESSAGE][PASSED] - Delayed 2 second(s)

2018-11-23 18:00:18 - [TEST_STEP][PASSED] - click: Object: 'Object Repository/Final Object Repo/WorkFlow Listing Page/Search Ref No Search Button' is clicked on

2018-11-23 18:00:20 - [MESSAGE][PASSED] - Object: 'Object Repository/Final Object Repo/WorkFlow Listing Page/Search Ref No Search Button' is clicked on

2018-11-23 18:00:20 - [TEST_STEP][PASSED] - delay: Delayed 4 second(s)

2018-11-23 18:00:24 - [MESSAGE][PASSED] - Delayed 4 second(s)

2018-11-23 18:00:24 - [TEST_STEP][PASSED] - click: Object: 'Object Repository/Final Object Repo/WorkFlow Listing Page/Click Continue Tooltip' is clicked on

2018-11-23 18:00:26 - [MESSAGE][PASSED] - Object: 'Object Repository/Final Object Repo/WorkFlow Listing Page/Click Continue Tooltip' is clicked on

2018-11-23 18:00:26 - [TEST_STEP][PASSED] - delay: Delayed 5 second(s)

2018-11-23 18:00:31 - [MESSAGE][PASSED] - Delayed 5 second(s)

2018-11-23 18:00:31 - [TEST_STEP][PASSED] - doubleClick: Object: 'Object Repository/Final Object Repo/WorkFlow Listing Page/Workflow Found - Listing 1' is double clicked on

2018-11-23 18:00:31 - [MESSAGE][PASSED] - Object: 'Object Repository/Final Object Repo/WorkFlow Listing Page/Workflow Found - Listing 1' is double clicked on

2018-11-23 18:00:31 - [TEST_STEP][PASSED] - Statement - println(OwnerID): null

2018-11-23 18:00:31 - [TEST_STEP][PASSED] - Statement - OwnerID = com.kms.katalon.core.webui.keyword.WebUiBuiltInKeywords.getText(com.kms.katalon.core.testobject.ObjectRepository.findTestObject(Final Object Repo/WorkFlow Listing Page/Workflow Found - Listing 1), STOP_ON_FAILURE): Text of object 'Object Repository/Final Object Repo/WorkFlow Listing Page/Workflow Found - Listing 1' is: 'JOHORuo3'

2018-11-23 18:00:31 - [MESSAGE][PASSED] - Text of object 'Object Repository/Final Object Repo/WorkFlow Listing Page/Workflow Found - Listing 1' is: 'JOHORuo3'

2018-11-23 18:00:31 - [TEST_STEP][PASSED] - Statement - OwnerID = OwnerID.toLowerCase() + "@gmail.com": null

2018-11-23 18:00:31 - [TEST_STEP][PASSED] - Statement - println(OwnerID): null

2018-11-23 18:00:31 - [TEST_STEP][PASSED] - delay: Delayed 2 second(s)

2018-11-23 18:00:33 - [MESSAGE][PASSED] - Delayed 2 second(s)

2018-11-23 18:00:33 - [MESSAGE][PASSED] - Call Test Case 'Test Cases/Final Aug 2018 - PKS Automation/Common/Workflow Owner Finder' successfully

2018-11-23 18:00:33 - [TEST_STEP][PASSED] - delay: Delayed 1 second(s)

2018-11-23 18:00:34 - [MESSAGE][PASSED] - Delayed 1 second(s)

2018-11-23 18:00:34 - [TEST_STEP][PASSED] - navigateToUrl: Navigate to 'https://assist2-uat.perkeso.gov.my/c/portal/logout' successfully

2018-11-23 18:00:35 - [MESSAGE][PASSED] - Navigate to 'https://assist2-uat.perkeso.gov.my/c/portal/logout' successfully

2018-11-23 18:00:35 - [TEST_STEP][PASSED] - delay: Delayed 1 second(s)

2018-11-23 18:00:36 - [MESSAGE][PASSED] - Delayed 1 second(s)

2018-11-23 18:00:36 - [TEST_STEP][PASSED] - callTestCase: Call Test Case 'Test Cases/Final Aug 2018 - PKS Automation/Registration Module/Workflow/Login and Search Case For Workflow' successfully

2018-11-23 18:00:37 - [TEST_CASE][PASSED] - Test Cases/Final Aug 2018 - PKS Automation/Registration Module/Workflow/Login and Search Case For Workflow: Test Cases/Final Aug 2018 - PKS Automation/Registration Module/Workflow/Login and Search Case For Workflow

2018-11-23 18:00:37 - [TEST_STEP][PASSED] - navigateToUrl: Navigate to 'https://assist2-uat.perkeso.gov.my/login' successfully

2018-11-23 18:00:38 - [MESSAGE][PASSED] - Navigate to 'https://assist2-uat.perkeso.gov.my/login' successfully

2018-11-23 18:00:38 - [TEST_STEP][PASSED] - setText: Text 'johoruo3@gmail.com' is set on object 'Object Repository/Final Object Repo/Login Page/Internal User/Email Address'

2018-11-23 18:00:38 - [MESSAGE][PASSED] - Text 'johoruo3@gmail.com' is set on object 'Object Repository/Final Object Repo/Login Page/Internal User/Email Address'

2018-11-23 18:00:38 - [TEST_STEP][PASSED] - click: Object: 'Object Repository/Final Object Repo/Login Page/Internal User/Next Button' is clicked on

2018-11-23 18:00:38 - [MESSAGE][PASSED] - Object: 'Object Repository/Final Object Repo/Login Page/Internal User/Next Button' is clicked on

2018-11-23 18:00:38 - [TEST_STEP][PASSED] - delay: Delayed 1 second(s)

2018-11-23 18:00:39 - [MESSAGE][PASSED] - Delayed 1 second(s)

2018-11-23 18:00:39 - [TEST_STEP][PASSED] - setEncryptedText: Text ****** has been set on object 'Object Repository/Final Object Repo/Login Page/Internal User/Password'

2018-11-23 18:00:39 - [MESSAGE][PASSED] - Text ****** has been set on object 'Object Repository/Final Object Repo/Login Page/Internal User/Password'

2018-11-23 18:00:39 - [TEST_STEP][PASSED] - click: Object: 'Object Repository/Final Object Repo/Login Page/Internal User/Login Button' is clicked on

2018-11-23 18:00:41 - [MESSAGE][PASSED] - Object: 'Object Repository/Final Object Repo/Login Page/Internal User/Login Button' is clicked on

2018-11-23 18:00:41 - [TEST_STEP][PASSED] - delay: Delayed 2 second(s)

2018-11-23 18:00:43 - [MESSAGE][PASSED] - Delayed 2 second(s)

2018-11-23 18:00:43 - [TEST_STEP][PASSED] - Statement - Try: Delayed 2 second(s)

2018-11-23 18:00:43 - [TEST_STEP][PASSED] - Statement - Checker = false: null

2018-11-23 18:00:43 - [TEST_STEP][PASSED] - Statement - Checker = com.kms.katalon.core.webui.keyword.WebUiBuiltInKeywords.verifyElementHasAttribute(com.kms.katalon.core.testobject.ObjectRepository.findTestObject(Final Object Repo/Landing Page/BM Detecting), "href", 20, OPTIONAL): Object 'Object Repository/Final Object Repo/Landing Page/BM Detecting' has attribute 'href'

2018-11-23 18:00:43 - [MESSAGE][PASSED] - Object 'Object Repository/Final Object Repo/Landing Page/BM Detecting' has attribute 'href'

2018-11-23 18:00:43 - [TEST_STEP][PASSED] - Statement - out.println(Checker): null

2018-11-23 18:00:43 - [TEST_STEP][PASSED] - Statement - If (Checker == false): null

2018-11-23 18:00:43 - [TEST_STEP][PASSED] - Statement - Else: null

2018-11-23 18:00:43 - [TEST_STEP][PASSED] - delay: Delayed 2 second(s)

2018-11-23 18:00:45 - [MESSAGE][PASSED] - Delayed 2 second(s)

2018-11-23 18:00:45 - [TEST_STEP][PASSED] - click: Object: 'Object Repository/Final Object Repo/Page_MyASSIST - ASSIST - Search Pending Case For Add Supporting Document/Search Information' is clicked on

2018-11-23 18:00:46 - [MESSAGE][PASSED] - Object: 'Object Repository/Final Object Repo/Page_MyASSIST - ASSIST - Search Pending Case For Add Supporting Document/Search Information' is clicked on

2018-11-23 18:00:46 - [TEST_STEP][PASSED] - delay: Delayed 3 second(s)

2018-11-23 18:00:49 - [MESSAGE][PASSED] - Delayed 3 second(s)

2018-11-23 18:00:49 - [TEST_STEP][PASSED] - sendKeys: Keys 'CUN112018C200001616' sent to object: 'Object Repository/Final Object Repo/Page_MyASSIST - ASSIST - Search Pending Case For Add Supporting Document/Reference No'

2018-11-23 18:00:49 - [MESSAGE][PASSED] - Keys 'CUN112018C200001616' sent to object: 'Object Repository/Final Object Repo/Page_MyASSIST - ASSIST - Search Pending Case For Add Supporting Document/Reference No'

2018-11-23 18:00:49 - [TEST_STEP][PASSED] - click: Object: 'Object Repository/Final Object Repo/Page_MyASSIST - ASSIST - Search Pending Case For Add Supporting Document/Search Reference No' is clicked on

2018-11-23 18:00:51 - [MESSAGE][PASSED] - Object: 'Object Repository/Final Object Repo/Page_MyASSIST - ASSIST - Search Pending Case For Add Supporting Document/Search Reference No' is clicked on

2018-11-23 18:00:51 - [TEST_STEP][PASSED] - delay: Delayed 2 second(s)

2018-11-23 18:00:53 - [MESSAGE][PASSED] - Delayed 2 second(s)

2018-11-23 18:00:53 - [TEST_STEP][PASSED] - click: Object: 'Object Repository/Final Object Repo/Page_MyASSIST - ASSIST - Search Pending Case For Add Supporting Document/Continue' is clicked on

2018-11-23 18:00:56 - [MESSAGE][PASSED] - Object: 'Object Repository/Final Object Repo/Page_MyASSIST - ASSIST - Search Pending Case For Add Supporting Document/Continue' is clicked on

2018-11-23 18:00:56 - [TEST_STEP][PASSED] - delay: Delayed 20 second(s)

2018-11-23 18:01:16 - [MESSAGE][PASSED] - Delayed 20 second(s)

2018-11-23 18:01:16 - [MESSAGE][PASSED] - Call Test Case 'Test Cases/Final Aug 2018 - PKS Automation/Registration Module/Workflow/Login and Search Case For Workflow' successfully

2018-11-23 18:01:16 - [TEST_STEP][PASSED] - click: Object: 'Object Repository/Final Object Repo/Page_Form 1A - Cessation As Employer/Page_Form 1A - Cessation As Employer (Approve)/Save  Continue in Form 1A Page' is clicked on

2018-11-23 18:01:19 - [MESSAGE][PASSED] - Object: 'Object Repository/Final Object Repo/Page_Form 1A - Cessation As Employer/Page_Form 1A - Cessation As Employer (Approve)/Save  Continue in Form 1A Page' is clicked on

2018-11-23 18:01:19 - [TEST_STEP][PASSED] - delay: Delayed 2 second(s)

2018-11-23 18:01:21 - [MESSAGE][PASSED] - Delayed 2 second(s)

2018-11-23 18:01:21 - [TEST_STEP][PASSED] - click: Object: 'Object Repository/Final Object Repo/Page_Form 1A - Cessation As Employer/Employment Resign Date' is clicked on

2018-11-23 18:01:21 - [MESSAGE][PASSED] - Object: 'Object Repository/Final Object Repo/Page_Form 1A - Cessation As Employer/Employment Resign Date' is clicked on

2018-11-23 18:01:21 - [TEST_STEP][PASSED] - delay: Delayed 1 second(s)

2018-11-23 18:01:22 - [MESSAGE][PASSED] - Delayed 1 second(s)

2018-11-23 18:01:22 - [TEST_STEP][PASSED] - selectOptionByValue: All options with value '2030' are selected in object 'Object Repository/Final Object Repo/Page_Form 1A - Cessation As Employer/Employment Resign Date - Year' 

2018-11-23 18:01:23 - [MESSAGE][PASSED] - All options with value '2030' are selected in object 'Object Repository/Final Object Repo/Page_Form 1A - Cessation As Employer/Employment Resign Date - Year' 

2018-11-23 18:01:23 - [TEST_STEP][PASSED] - delay: Delayed 1 second(s)

2018-11-23 18:01:24 - [MESSAGE][PASSED] - Delayed 1 second(s)

2018-11-23 18:01:24 - [TEST_STEP][PASSED] - click: Object: 'Object Repository/Final Object Repo/Page_Form 1A - Cessation As Employer/Employment Resign Date - Year - Date' is clicked on

2018-11-23 18:01:24 - [MESSAGE][PASSED] - Object: 'Object Repository/Final Object Repo/Page_Form 1A - Cessation As Employer/Employment Resign Date - Year - Date' is clicked on

2018-11-23 18:01:24 - [TEST_STEP][PASSED] - delay: Delayed 2 second(s)

2018-11-23 18:01:26 - [MESSAGE][PASSED] - Delayed 2 second(s)

2018-11-23 18:01:26 - [TEST_STEP][PASSED] - click: Object: 'Object Repository/Final Object Repo/Page_Form 1A - Cessation As Employer/Page_Form 1A - Cessation As Employer (Approve)/Save  Continue in Update Add Employee Resigned Date Page' is clicked on

2018-11-23 18:01:26 - [MESSAGE][PASSED] - Object: 'Object Repository/Final Object Repo/Page_Form 1A - Cessation As Employer/Page_Form 1A - Cessation As Employer (Approve)/Save  Continue in Update Add Employee Resigned Date Page' is clicked on

2018-11-23 18:01:26 - [TEST_STEP][PASSED] - delay: Delayed 2 second(s)

2018-11-23 18:01:28 - [MESSAGE][PASSED] - Delayed 2 second(s)

2018-11-23 18:01:28 - [TEST_STEP][PASSED] - click: Object: 'Object Repository/Final Object Repo/Page_Form 1A - Cessation As Employer/Set Latest - Yes' is clicked on

2018-11-23 18:01:32 - [MESSAGE][PASSED] - Object: 'Object Repository/Final Object Repo/Page_Form 1A - Cessation As Employer/Set Latest - Yes' is clicked on

2018-11-23 18:01:32 - [TEST_STEP][PASSED] - delay: Delayed 2 second(s)

2018-11-23 18:01:34 - [MESSAGE][PASSED] - Delayed 2 second(s)

2018-11-23 18:01:34 - [TEST_STEP][PASSED] - click: Object: 'Object Repository/Final Object Repo/Page_Form 1A - Cessation As Employer/Page_Form 1A - Cessation As Employer (Approve)/Save  Contine in Uploading Document Page' is clicked on

2018-11-23 18:01:40 - [MESSAGE][PASSED] - Object: 'Object Repository/Final Object Repo/Page_Form 1A - Cessation As Employer/Page_Form 1A - Cessation As Employer (Approve)/Save  Contine in Uploading Document Page' is clicked on

2018-11-23 18:01:40 - [TEST_STEP][PASSED] - delay: Delayed 2 second(s)

2018-11-23 18:01:42 - [MESSAGE][PASSED] - Delayed 2 second(s)

2018-11-23 18:01:42 - [TEST_STEP][PASSED] - click: Object: 'Object Repository/Final Object Repo/Page_Form 1A - Cessation As Employer/Page_Form 1A - Cessation As Employer (Reject)/Reject' is clicked on

2018-11-23 18:01:42 - [MESSAGE][PASSED] - Object: 'Object Repository/Final Object Repo/Page_Form 1A - Cessation As Employer/Page_Form 1A - Cessation As Employer (Reject)/Reject' is clicked on

2018-11-23 18:01:42 - [TEST_STEP][PASSED] - delay: Delayed 2 second(s)

2018-11-23 18:01:44 - [MESSAGE][PASSED] - Delayed 2 second(s)

2018-11-23 18:01:44 - [TEST_STEP][PASSED] - click: Object: 'Object Repository/Final Object Repo/Page_Form 1A - Cessation As Employer/Page_Form 1A - Cessation As Employer (Reject)/Confirm' is clicked on

2018-11-23 18:01:50 - [MESSAGE][PASSED] - Object: 'Object Repository/Final Object Repo/Page_Form 1A - Cessation As Employer/Page_Form 1A - Cessation As Employer (Reject)/Confirm' is clicked on

2018-11-23 18:01:50 - [TEST_STEP][PASSED] - delay: Delayed 2 second(s)

2018-11-23 18:01:52 - [MESSAGE][PASSED] - Delayed 2 second(s)

2018-11-23 18:01:52 - [TEST_STEP][PASSED] - verifyElementVisible: Object 'Object Repository/Final Object Repo/Page_Form 1A - Cessation As Employer/Page_Form 1A - Cessation As Employer (Reject)/Message This Case has been Rejected' is visible

2018-11-23 18:01:52 - [MESSAGE][PASSED] - Object 'Object Repository/Final Object Repo/Page_Form 1A - Cessation As Employer/Page_Form 1A - Cessation As Employer (Reject)/Message This Case has been Rejected' is visible

2018-11-23 18:01:52 - [TEST_STEP][PASSED] - delay: Delayed 1 second(s)

2018-11-23 18:01:53 - [MESSAGE][PASSED] - Delayed 1 second(s)

2018-11-23 18:01:53 - [TEST_STEP][PASSED] - verifyElementVisible: Object 'Object Repository/Final Object Repo/Page_Form 1A - Cessation As Employer/Page_Form 1A - Cessation As Employer (Reject)/Letter of update rejection' is visible

2018-11-23 18:01:54 - [MESSAGE][PASSED] - Object 'Object Repository/Final Object Repo/Page_Form 1A - Cessation As Employer/Page_Form 1A - Cessation As Employer (Reject)/Letter of update rejection' is visible

2018-11-23 18:01:54 - [MESSAGE][PASSED] - Call Test Case 'Test Cases/Final Aug 2018 - PKS Automation/Registration Module/Workflow/Form 1A - Cessation As Employer/Template/Form 1 A - Cessation As Employer (Reject)' successfully]]></system-out>
         <system-err><![CDATA[]]></system-err>
      </testcase>
      <testcase name="Test Cases/Final Aug 2018 - PKS Automation/Registration Module/Workflow/Form 1A - Cessation As Employer/OTC to UO (Under enforcement)" classname="Test Cases/Final Aug 2018 - PKS Automation/Registration Module/Workflow/Form 1A - Cessation As Employer/OTC to UO (Under enforcement)" status="PASSED">
         <system-out><![CDATA[2018-11-23 18:01:54 - [TEST_CASE][PASSED] - Test Cases/Final Aug 2018 - PKS Automation/Registration Module/Workflow/Form 1A - Cessation As Employer/OTC to UO (Under enforcement): Test Cases/Final Aug 2018 - PKS Automation/Registration Module/Workflow/Form 1A - Cessation As Employer/OTC to UO (Under enforcement)

2018-11-23 18:01:54 - [TEST_STEP][PASSED] - callTestCase: Call Test Case 'Test Cases/Final Aug 2018 - PKS Automation/Registration Module/Workflow/Form 1A - Cessation As Employer/Template/Form 1 A - Cessation As Employer (OTC)' successfully

2018-11-23 18:01:54 - [TEST_CASE][PASSED] - Test Cases/Final Aug 2018 - PKS Automation/Registration Module/Workflow/Form 1A - Cessation As Employer/Template/Form 1 A - Cessation As Employer (OTC): Test Cases/Final Aug 2018 - PKS Automation/Registration Module/Workflow/Form 1A - Cessation As Employer/Template/Form 1 A - Cessation As Employer (OTC)

2018-11-23 18:01:54 - [TEST_STEP][PASSED] - openBrowser: Browser is opened with url: ''

2018-11-23 18:01:54 - [MESSAGE][WARNING] - A browser is already opened. Closing browser and opening a new one

2018-11-23 18:01:59 - [MESSAGE][PASSED] - Browser is opened with url: ''

2018-11-23 18:01:59 - [TEST_STEP][PASSED] - navigateToUrl: Navigate to 'https://assist2-uat.perkeso.gov.my/login' successfully

2018-11-23 18:02:00 - [MESSAGE][PASSED] - Navigate to 'https://assist2-uat.perkeso.gov.my/login' successfully

2018-11-23 18:02:00 - [TEST_STEP][PASSED] - setText: Text 'johorotc1@gmail.com' is set on object 'Object Repository/Final Object Repo/Login Page/Internal User/Email Address'

2018-11-23 18:02:01 - [MESSAGE][PASSED] - Text 'johorotc1@gmail.com' is set on object 'Object Repository/Final Object Repo/Login Page/Internal User/Email Address'

2018-11-23 18:02:01 - [TEST_STEP][PASSED] - click: Object: 'Object Repository/Final Object Repo/Login Page/Internal User/Next Button' is clicked on

2018-11-23 18:02:01 - [MESSAGE][PASSED] - Object: 'Object Repository/Final Object Repo/Login Page/Internal User/Next Button' is clicked on

2018-11-23 18:02:01 - [TEST_STEP][PASSED] - delay: Delayed 1 second(s)

2018-11-23 18:02:02 - [MESSAGE][PASSED] - Delayed 1 second(s)

2018-11-23 18:02:02 - [TEST_STEP][PASSED] - setEncryptedText: Text ****** has been set on object 'Object Repository/Final Object Repo/Login Page/Internal User/Password'

2018-11-23 18:02:02 - [MESSAGE][PASSED] - Text ****** has been set on object 'Object Repository/Final Object Repo/Login Page/Internal User/Password'

2018-11-23 18:02:02 - [TEST_STEP][PASSED] - click: Object: 'Object Repository/Final Object Repo/Login Page/Internal User/Login Button' is clicked on

2018-11-23 18:02:04 - [MESSAGE][PASSED] - Object: 'Object Repository/Final Object Repo/Login Page/Internal User/Login Button' is clicked on

2018-11-23 18:02:04 - [TEST_STEP][PASSED] - delay: Delayed 1 second(s)

2018-11-23 18:02:05 - [MESSAGE][PASSED] - Delayed 1 second(s)

2018-11-23 18:02:05 - [TEST_STEP][PASSED] - Statement - Try: Delayed 2 second(s)

2018-11-23 18:02:05 - [TEST_STEP][PASSED] - Statement - Checker = false: null

2018-11-23 18:02:05 - [TEST_STEP][PASSED] - Statement - Checker = com.kms.katalon.core.webui.keyword.WebUiBuiltInKeywords.verifyElementHasAttribute(com.kms.katalon.core.testobject.ObjectRepository.findTestObject(Final Object Repo/Landing Page/BM Detecting), "href", 20, OPTIONAL): Object 'Object Repository/Final Object Repo/Landing Page/BM Detecting' has attribute 'href'

2018-11-23 18:02:05 - [MESSAGE][PASSED] - Object 'Object Repository/Final Object Repo/Landing Page/BM Detecting' has attribute 'href'

2018-11-23 18:02:05 - [TEST_STEP][PASSED] - Statement - out.println(Checker): null

2018-11-23 18:02:05 - [TEST_STEP][PASSED] - Statement - If (Checker == false): null

2018-11-23 18:02:05 - [TEST_STEP][PASSED] - Statement - Else: null

2018-11-23 18:02:05 - [TEST_STEP][PASSED] - delay: Delayed 2 second(s)

2018-11-23 18:02:07 - [MESSAGE][PASSED] - Delayed 2 second(s)

2018-11-23 18:02:07 - [TEST_STEP][PASSED] - navigateToUrl: Navigate to 'https://assist2-uat.perkeso.gov.my/web/registration/update/form-1a-cessation-as-employer-discontinue-business-' successfully

2018-11-23 18:02:09 - [MESSAGE][PASSED] - Navigate to 'https://assist2-uat.perkeso.gov.my/web/registration/update/form-1a-cessation-as-employer-discontinue-business-' successfully

2018-11-23 18:02:09 - [TEST_STEP][PASSED] - setText: Text 'E1102069770Z' is set on object 'Object Repository/Final Object Repo/Page_Update Employer Information/Employer Code'

2018-11-23 18:02:09 - [MESSAGE][PASSED] - Text 'E1102069770Z' is set on object 'Object Repository/Final Object Repo/Page_Update Employer Information/Employer Code'

2018-11-23 18:02:09 - [TEST_STEP][PASSED] - click: Object: 'Object Repository/Final Object Repo/Page_Update Employer Information/Search Button' is clicked on

2018-11-23 18:02:10 - [MESSAGE][PASSED] - Object: 'Object Repository/Final Object Repo/Page_Update Employer Information/Search Button' is clicked on

2018-11-23 18:02:10 - [TEST_STEP][PASSED] - click: Object: 'Object Repository/Final Object Repo/Page_Update Employer Information/Edit Button' is clicked on

2018-11-23 18:02:12 - [MESSAGE][PASSED] - Object: 'Object Repository/Final Object Repo/Page_Update Employer Information/Edit Button' is clicked on

2018-11-23 18:02:12 - [TEST_STEP][PASSED] - Statement - abc = com.kms.katalon.core.webui.keyword.WebUiBuiltInKeywords.getAttribute(com.kms.katalon.core.testobject.ObjectRepository.findTestObject(Final Object Repo/Page_Form 1A - Cessation As Employer/Employer Status), "value"): Attribute 'value' of object 'Object Repository/Final Object Repo/Page_Form 1A - Cessation As Employer/Employer Status' is: 'Dormant'

2018-11-23 18:02:12 - [MESSAGE][PASSED] - Attribute 'value' of object 'Object Repository/Final Object Repo/Page_Form 1A - Cessation As Employer/Employer Status' is: 'Dormant'

2018-11-23 18:02:12 - [TEST_STEP][PASSED] - Statement - out.println(abc): null

2018-11-23 18:02:12 - [TEST_STEP][PASSED] - Statement - If (abc == "Active"): null

2018-11-23 18:02:12 - [TEST_STEP][PASSED] - Statement - Else If (abc == "Cancel"): null

2018-11-23 18:02:12 - [TEST_STEP][PASSED] - Statement - Else If (abc == "Dormant"): Object: 'Object Repository/Final Object Repo/Page_Form 1A - Cessation As Employer/Change Employer Status to - Dormant' is clicked on

2018-11-23 18:02:12 - [TEST_STEP][PASSED] - click: Object: 'Object Repository/Final Object Repo/Page_Form 1A - Cessation As Employer/Change Employer Status to' is clicked on

2018-11-23 18:02:13 - [MESSAGE][PASSED] - Object: 'Object Repository/Final Object Repo/Page_Form 1A - Cessation As Employer/Change Employer Status to' is clicked on

2018-11-23 18:02:13 - [TEST_STEP][PASSED] - click: Object: 'Object Repository/Final Object Repo/Page_Form 1A - Cessation As Employer/Change Employer Status to - Dormant' is clicked on

2018-11-23 18:02:14 - [MESSAGE][PASSED] - Object: 'Object Repository/Final Object Repo/Page_Form 1A - Cessation As Employer/Change Employer Status to - Dormant' is clicked on

2018-11-23 18:02:14 - [TEST_STEP][PASSED] - click: Object: 'Object Repository/Final Object Repo/Page_Form 1A - Cessation As Employer/Calender' is clicked on

2018-11-23 18:02:14 - [MESSAGE][PASSED] - Object: 'Object Repository/Final Object Repo/Page_Form 1A - Cessation As Employer/Calender' is clicked on

2018-11-23 18:02:14 - [TEST_STEP][PASSED] - click: Object: 'Object Repository/Final Object Repo/Page_Form 1A - Cessation As Employer/Calender - Date' is clicked on

2018-11-23 18:02:15 - [MESSAGE][PASSED] - Object: 'Object Repository/Final Object Repo/Page_Form 1A - Cessation As Employer/Calender - Date' is clicked on

2018-11-23 18:02:15 - [TEST_STEP][PASSED] - delay: Delayed 2 second(s)

2018-11-23 18:02:17 - [MESSAGE][PASSED] - Delayed 2 second(s)

2018-11-23 18:02:17 - [TEST_STEP][PASSED] - click: Object: 'Object Repository/Final Object Repo/Page_Form 1A - Cessation As Employer/Save  Continue in Form 1A Page' is clicked on

2018-11-23 18:02:19 - [MESSAGE][PASSED] - Object: 'Object Repository/Final Object Repo/Page_Form 1A - Cessation As Employer/Save  Continue in Form 1A Page' is clicked on

2018-11-23 18:02:19 - [TEST_STEP][PASSED] - delay: Delayed 2 second(s)

2018-11-23 18:02:21 - [MESSAGE][PASSED] - Delayed 2 second(s)

2018-11-23 18:02:21 - [TEST_STEP][PASSED] - click: Object: 'Object Repository/Final Object Repo/Page_Form 1A - Cessation As Employer/Employment Resign Date' is clicked on

2018-11-23 18:02:22 - [MESSAGE][PASSED] - Object: 'Object Repository/Final Object Repo/Page_Form 1A - Cessation As Employer/Employment Resign Date' is clicked on

2018-11-23 18:02:22 - [TEST_STEP][PASSED] - delay: Delayed 1 second(s)

2018-11-23 18:02:23 - [MESSAGE][PASSED] - Delayed 1 second(s)

2018-11-23 18:02:23 - [TEST_STEP][PASSED] - Statement - CaseReferenceNo = com.kms.katalon.core.webui.keyword.WebUiBuiltInKeywords.getText(com.kms.katalon.core.testobject.ObjectRepository.findTestObject(Final Object Repo/Page_Update Employer Information/Reference Number in Update Employee Information Page)): Text of object 'Object Repository/Final Object Repo/Page_Update Employer Information/Reference Number in Update Employee Information Page' is: 'CUN112018C200001617'

2018-11-23 18:02:23 - [MESSAGE][PASSED] - Text of object 'Object Repository/Final Object Repo/Page_Update Employer Information/Reference Number in Update Employee Information Page' is: 'CUN112018C200001617'

2018-11-23 18:02:23 - [TEST_STEP][PASSED] - callTestCase: Call Test Case 'Test Cases/Final Aug 2018 - PKS Automation/Common/Reference Number Setter' successfully

2018-11-23 18:02:23 - [TEST_CASE][PASSED] - Test Cases/Final Aug 2018 - PKS Automation/Common/Reference Number Setter: Test Cases/Final Aug 2018 - PKS Automation/Common/Reference Number Setter

2018-11-23 18:02:23 - [TEST_STEP][PASSED] - Statement - RefNoOldFile = new java.io.File(C://Users//Admin//Desktop//PKS//Automation Reference Point//KatalonReference.txt): null

2018-11-23 18:02:23 - [TEST_STEP][PASSED] - Statement - RefNoOldFile.delete(): null

2018-11-23 18:02:23 - [TEST_STEP][PASSED] - delay: Delayed 5 second(s)

2018-11-23 18:02:28 - [MESSAGE][PASSED] - Delayed 5 second(s)

2018-11-23 18:02:28 - [TEST_STEP][PASSED] - Statement - RefNo = new java.io.File(C://Users//Admin//Desktop//PKS//Automation Reference Point//KatalonReference.txt): null

2018-11-23 18:02:28 - [TEST_STEP][PASSED] - Statement - f2 = new java.io.FileWriter(RefNo, false): null

2018-11-23 18:02:28 - [TEST_STEP][PASSED] - Statement - f2.write(CaseReferenceNo): null

2018-11-23 18:02:28 - [TEST_STEP][PASSED] - Statement - f2.close(): null

2018-11-23 18:02:28 - [TEST_STEP][PASSED] - Statement - out.println("


" + CaseReferenceNo + "


"): null

2018-11-23 18:02:28 - [MESSAGE][PASSED] - Call Test Case 'Test Cases/Final Aug 2018 - PKS Automation/Common/Reference Number Setter' successfully

2018-11-23 18:02:28 - [TEST_STEP][PASSED] - selectOptionByValue: All options with value '2030' are selected in object 'Object Repository/Final Object Repo/Page_Form 1A - Cessation As Employer/Employment Resign Date - Year' 

2018-11-23 18:02:29 - [MESSAGE][PASSED] - All options with value '2030' are selected in object 'Object Repository/Final Object Repo/Page_Form 1A - Cessation As Employer/Employment Resign Date - Year' 

2018-11-23 18:02:29 - [TEST_STEP][PASSED] - delay: Delayed 1 second(s)

2018-11-23 18:02:30 - [MESSAGE][PASSED] - Delayed 1 second(s)

2018-11-23 18:02:30 - [TEST_STEP][PASSED] - click: Object: 'Object Repository/Final Object Repo/Page_Form 1A - Cessation As Employer/Employment Resign Date - Year - Date' is clicked on

2018-11-23 18:02:30 - [MESSAGE][PASSED] - Object: 'Object Repository/Final Object Repo/Page_Form 1A - Cessation As Employer/Employment Resign Date - Year - Date' is clicked on

2018-11-23 18:02:30 - [TEST_STEP][PASSED] - delay: Delayed 2 second(s)

2018-11-23 18:02:32 - [MESSAGE][PASSED] - Delayed 2 second(s)

2018-11-23 18:02:32 - [TEST_STEP][PASSED] - click: Object: 'Object Repository/Final Object Repo/Page_Form 1A - Cessation As Employer/Save  Continue in Update Add Employee Resigned Date Page' is clicked on

2018-11-23 18:02:32 - [MESSAGE][PASSED] - Object: 'Object Repository/Final Object Repo/Page_Form 1A - Cessation As Employer/Save  Continue in Update Add Employee Resigned Date Page' is clicked on

2018-11-23 18:02:32 - [TEST_STEP][PASSED] - delay: Delayed 2 second(s)

2018-11-23 18:02:34 - [MESSAGE][PASSED] - Delayed 2 second(s)

2018-11-23 18:02:34 - [TEST_STEP][PASSED] - click: Object: 'Object Repository/Final Object Repo/Page_Form 1A - Cessation As Employer/Set Latest - Yes' is clicked on

2018-11-23 18:02:38 - [MESSAGE][PASSED] - Object: 'Object Repository/Final Object Repo/Page_Form 1A - Cessation As Employer/Set Latest - Yes' is clicked on

2018-11-23 18:02:38 - [TEST_STEP][PASSED] - delay: Delayed 2 second(s)

2018-11-23 18:02:40 - [MESSAGE][PASSED] - Delayed 2 second(s)

2018-11-23 18:02:40 - [TEST_STEP][PASSED] - click: Object: 'Object Repository/Final Object Repo/Page_Form 1A - Cessation As Employer/Add Document' is clicked on

2018-11-23 18:02:40 - [MESSAGE][PASSED] - Object: 'Object Repository/Final Object Repo/Page_Form 1A - Cessation As Employer/Add Document' is clicked on

2018-11-23 18:02:40 - [TEST_STEP][PASSED] - delay: Delayed 2 second(s)

2018-11-23 18:02:42 - [MESSAGE][PASSED] - Delayed 2 second(s)

2018-11-23 18:02:42 - [TEST_STEP][PASSED] - click: Object: 'Object Repository/Final Object Repo/Page_Form 1A - Cessation As Employer/Document Type' is clicked on

2018-11-23 18:02:43 - [MESSAGE][PASSED] - Object: 'Object Repository/Final Object Repo/Page_Form 1A - Cessation As Employer/Document Type' is clicked on

2018-11-23 18:02:43 - [TEST_STEP][PASSED] - delay: Delayed 2 second(s)

2018-11-23 18:02:45 - [MESSAGE][PASSED] - Delayed 2 second(s)

2018-11-23 18:02:45 - [TEST_STEP][PASSED] - click: Object: 'Object Repository/Final Object Repo/Page_Form 1A - Cessation As Employer/Document Type - Supporting Document For Cessation' is clicked on

2018-11-23 18:02:46 - [MESSAGE][PASSED] - Object: 'Object Repository/Final Object Repo/Page_Form 1A - Cessation As Employer/Document Type - Supporting Document For Cessation' is clicked on

2018-11-23 18:02:46 - [TEST_STEP][PASSED] - delay: Delayed 2 second(s)

2018-11-23 18:02:48 - [MESSAGE][PASSED] - Delayed 2 second(s)

2018-11-23 18:02:48 - [TEST_STEP][PASSED] - sendKeys: Keys 'C:\Users\Public\Pictures\Sample Pictures\Koala.jpg' sent to object: 'Object Repository/Final Object Repo/Page_Form 1A - Cessation As Employer/Uploading File'

2018-11-23 18:02:48 - [MESSAGE][PASSED] - Keys 'C:\Users\Public\Pictures\Sample Pictures\Koala.jpg' sent to object: 'Object Repository/Final Object Repo/Page_Form 1A - Cessation As Employer/Uploading File'

2018-11-23 18:02:48 - [TEST_STEP][PASSED] - delay: Delayed 2 second(s)

2018-11-23 18:02:50 - [MESSAGE][PASSED] - Delayed 2 second(s)

2018-11-23 18:02:50 - [TEST_STEP][PASSED] - click: Object: 'Object Repository/Final Object Repo/Page_Form 1A - Cessation As Employer/Add Document in Uploading Page' is clicked on

2018-11-23 18:02:55 - [MESSAGE][PASSED] - Object: 'Object Repository/Final Object Repo/Page_Form 1A - Cessation As Employer/Add Document in Uploading Page' is clicked on

2018-11-23 18:02:55 - [TEST_STEP][PASSED] - delay: Delayed 20 second(s)

2018-11-23 18:03:15 - [MESSAGE][PASSED] - Delayed 20 second(s)

2018-11-23 18:03:15 - [TEST_STEP][PASSED] - click: Object: 'Object Repository/Final Object Repo/Page_Form 1A - Cessation As Employer/Save  Continue in Uploading Page' is clicked on

2018-11-23 18:03:20 - [MESSAGE][PASSED] - Object: 'Object Repository/Final Object Repo/Page_Form 1A - Cessation As Employer/Save  Continue in Uploading Page' is clicked on

2018-11-23 18:03:20 - [TEST_STEP][PASSED] - delay: Delayed 2 second(s)

2018-11-23 18:03:22 - [MESSAGE][PASSED] - Delayed 2 second(s)

2018-11-23 18:03:22 - [TEST_STEP][PASSED] - click: Object: 'Object Repository/Final Object Repo/Page_Form 1A - Cessation As Employer/Submit2' is clicked on

2018-11-23 18:03:23 - [MESSAGE][PASSED] - Object: 'Object Repository/Final Object Repo/Page_Form 1A - Cessation As Employer/Submit2' is clicked on

2018-11-23 18:03:23 - [TEST_STEP][PASSED] - delay: Delayed 2 second(s)

2018-11-23 18:03:25 - [MESSAGE][PASSED] - Delayed 2 second(s)

2018-11-23 18:03:25 - [TEST_STEP][PASSED] - click: Object: 'Object Repository/Final Object Repo/Page_Form 1A - Cessation As Employer/Confirm' is clicked on

2018-11-23 18:03:31 - [MESSAGE][PASSED] - Object: 'Object Repository/Final Object Repo/Page_Form 1A - Cessation As Employer/Confirm' is clicked on

2018-11-23 18:03:31 - [TEST_STEP][PASSED] - delay: Delayed 2 second(s)

2018-11-23 18:03:33 - [MESSAGE][PASSED] - Delayed 2 second(s)

2018-11-23 18:03:33 - [TEST_STEP][PASSED] - verifyElementVisible: Object 'Object Repository/Final Object Repo/Page_Form 1A - Cessation As Employer/Message Your Request will be routed to UO' is visible

2018-11-23 18:03:33 - [MESSAGE][PASSED] - Object 'Object Repository/Final Object Repo/Page_Form 1A - Cessation As Employer/Message Your Request will be routed to UO' is visible

2018-11-23 18:03:33 - [TEST_STEP][PASSED] - delay: Delayed 1 second(s)

2018-11-23 18:03:34 - [MESSAGE][PASSED] - Delayed 1 second(s)

2018-11-23 18:03:34 - [TEST_STEP][PASSED] - verifyElementVisible: Object 'Object Repository/Final Object Repo/Page_Form 1A - Cessation As Employer/Letter of acknowledgement' is visible

2018-11-23 18:03:34 - [MESSAGE][PASSED] - Object 'Object Repository/Final Object Repo/Page_Form 1A - Cessation As Employer/Letter of acknowledgement' is visible

2018-11-23 18:03:34 - [MESSAGE][PASSED] - Call Test Case 'Test Cases/Final Aug 2018 - PKS Automation/Registration Module/Workflow/Form 1A - Cessation As Employer/Template/Form 1 A - Cessation As Employer (OTC)' successfully

2018-11-23 18:03:34 - [TEST_STEP][PASSED] - callTestCase: Call Test Case 'Test Cases/Final Aug 2018 - PKS Automation/Registration Module/Workflow/Form 1A - Cessation As Employer/Template/Form 1 A - Cessation As Employer (Under enforcement)' successfully

2018-11-23 18:03:34 - [TEST_CASE][PASSED] - Test Cases/Final Aug 2018 - PKS Automation/Registration Module/Workflow/Form 1A - Cessation As Employer/Template/Form 1 A - Cessation As Employer (Under enforcement): Test Cases/Final Aug 2018 - PKS Automation/Registration Module/Workflow/Form 1A - Cessation As Employer/Template/Form 1 A - Cessation As Employer (Under enforcement)

2018-11-23 18:03:34 - [TEST_STEP][NOT_RUN] - callTestCase: NOT_RUN: callTestCase

2018-11-23 18:03:34 - [MESSAGE][NOT_RUN] - NOT_RUN: callTestCase

2018-11-23 18:03:34 - [TEST_STEP][PASSED] - delay: Delayed 1 second(s)

2018-11-23 18:03:35 - [MESSAGE][PASSED] - Delayed 1 second(s)

2018-11-23 18:03:35 - [TEST_STEP][PASSED] - navigateToUrl: Navigate to 'https://assist2-uat.perkeso.gov.my/c/portal/logout' successfully

2018-11-23 18:03:37 - [MESSAGE][PASSED] - Navigate to 'https://assist2-uat.perkeso.gov.my/c/portal/logout' successfully

2018-11-23 18:03:37 - [TEST_STEP][PASSED] - delay: Delayed 1 second(s)

2018-11-23 18:03:38 - [MESSAGE][PASSED] - Delayed 1 second(s)

2018-11-23 18:03:38 - [TEST_STEP][PASSED] - callTestCase: Call Test Case 'Test Cases/Final Aug 2018 - PKS Automation/Common/Reference Number Getter' successfully

2018-11-23 18:03:38 - [TEST_CASE][PASSED] - Test Cases/Final Aug 2018 - PKS Automation/Common/Reference Number Getter: Test Cases/Final Aug 2018 - PKS Automation/Common/Reference Number Getter

2018-11-23 18:03:38 - [TEST_STEP][PASSED] - Statement - Try: null

2018-11-23 18:03:38 - [TEST_STEP][PASSED] - Statement - RefNo = new java.io.File(C://Users//Admin//Desktop//PKS//Automation Reference Point//KatalonReference.txt): null

2018-11-23 18:03:38 - [TEST_STEP][PASSED] - Statement - bufferread = new java.io.BufferedReader(new java.io.FileReader(RefNo)): null

2018-11-23 18:03:38 - [TEST_STEP][PASSED] - Statement - readedVal = bufferread.readLine(): null

2018-11-23 18:03:38 - [TEST_STEP][PASSED] - Statement - out.println(CaseReferenceNo): null

2018-11-23 18:03:38 - [TEST_STEP][PASSED] - Statement - out.println(readedVal): null

2018-11-23 18:03:38 - [TEST_STEP][PASSED] - Statement - CaseReferenceNo = "": null

2018-11-23 18:03:38 - [TEST_STEP][PASSED] - Statement - CaseReferenceNo = readedVal: null

2018-11-23 18:03:38 - [MESSAGE][PASSED] - Call Test Case 'Test Cases/Final Aug 2018 - PKS Automation/Common/Reference Number Getter' successfully

2018-11-23 18:03:38 - [TEST_STEP][PASSED] - callTestCase: Call Test Case 'Test Cases/Final Aug 2018 - PKS Automation/Common/Workflow Owner Finder' successfully

2018-11-23 18:03:38 - [TEST_CASE][PASSED] - Test Cases/Final Aug 2018 - PKS Automation/Common/Workflow Owner Finder: Test Cases/Final Aug 2018 - PKS Automation/Common/Workflow Owner Finder

2018-11-23 18:03:38 - [TEST_STEP][PASSED] - openBrowser: Browser is opened with url: ''

2018-11-23 18:03:38 - [MESSAGE][WARNING] - A browser is already opened. Closing browser and opening a new one

2018-11-23 18:03:42 - [MESSAGE][PASSED] - Browser is opened with url: ''

2018-11-23 18:03:42 - [TEST_STEP][PASSED] - navigateToUrl: Navigate to 'https://assist2-uat.perkeso.gov.my/login' successfully

2018-11-23 18:03:44 - [MESSAGE][PASSED] - Navigate to 'https://assist2-uat.perkeso.gov.my/login' successfully

2018-11-23 18:03:44 - [TEST_STEP][PASSED] - delay: Delayed 5 second(s)

2018-11-23 18:03:49 - [MESSAGE][PASSED] - Delayed 5 second(s)

2018-11-23 18:03:49 - [TEST_STEP][PASSED] - setText: Text 'test@liferay.com' is set on object 'Object Repository/Final Object Repo/Login Page/Internal User/Email Address'

2018-11-23 18:03:49 - [MESSAGE][PASSED] - Text 'test@liferay.com' is set on object 'Object Repository/Final Object Repo/Login Page/Internal User/Email Address'

2018-11-23 18:03:49 - [TEST_STEP][PASSED] - click: Object: 'Object Repository/Final Object Repo/Login Page/Internal User/Next Button' is clicked on

2018-11-23 18:03:49 - [MESSAGE][PASSED] - Object: 'Object Repository/Final Object Repo/Login Page/Internal User/Next Button' is clicked on

2018-11-23 18:03:49 - [TEST_STEP][PASSED] - delay: Delayed 2 second(s)

2018-11-23 18:03:51 - [MESSAGE][PASSED] - Delayed 2 second(s)

2018-11-23 18:03:51 - [TEST_STEP][PASSED] - setText: Text 'test' is set on object 'Object Repository/Final Object Repo/Login Page/Internal User/Password'

2018-11-23 18:03:51 - [MESSAGE][PASSED] - Text 'test' is set on object 'Object Repository/Final Object Repo/Login Page/Internal User/Password'

2018-11-23 18:03:51 - [TEST_STEP][PASSED] - delay: Delayed 2 second(s)

2018-11-23 18:03:53 - [MESSAGE][PASSED] - Delayed 2 second(s)

2018-11-23 18:03:53 - [TEST_STEP][PASSED] - click: Object: 'Object Repository/Final Object Repo/Login Page/Internal User/Login Button' is clicked on

2018-11-23 18:03:56 - [MESSAGE][PASSED] - Object: 'Object Repository/Final Object Repo/Login Page/Internal User/Login Button' is clicked on

2018-11-23 18:03:56 - [TEST_STEP][PASSED] - Statement - Try: Delayed 2 second(s)

2018-11-23 18:03:56 - [TEST_STEP][PASSED] - Statement - Checker = false: null

2018-11-23 18:03:56 - [TEST_STEP][PASSED] - Statement - Checker = com.kms.katalon.core.webui.keyword.WebUiBuiltInKeywords.verifyElementHasAttribute(com.kms.katalon.core.testobject.ObjectRepository.findTestObject(Final Object Repo/Landing Page/BM Detecting), "href", 20, OPTIONAL): Object 'Object Repository/Final Object Repo/Landing Page/BM Detecting' has attribute 'href'

2018-11-23 18:03:56 - [MESSAGE][PASSED] - Object 'Object Repository/Final Object Repo/Landing Page/BM Detecting' has attribute 'href'

2018-11-23 18:03:56 - [TEST_STEP][PASSED] - Statement - out.println(Checker): null

2018-11-23 18:03:56 - [TEST_STEP][PASSED] - Statement - If (Checker == false): null

2018-11-23 18:03:56 - [TEST_STEP][PASSED] - Statement - Else: null

2018-11-23 18:03:56 - [TEST_STEP][PASSED] - delay: Delayed 2 second(s)

2018-11-23 18:03:58 - [MESSAGE][PASSED] - Delayed 2 second(s)

2018-11-23 18:03:58 - [TEST_STEP][PASSED] - delay: Delayed 3 second(s)

2018-11-23 18:04:01 - [MESSAGE][PASSED] - Delayed 3 second(s)

2018-11-23 18:04:01 - [TEST_STEP][PASSED] - mouseOver: Object: 'Object Repository/Final Object Repo/Landing Page/WorkFlow Menu' is hovered

2018-11-23 18:04:01 - [MESSAGE][PASSED] - Object: 'Object Repository/Final Object Repo/Landing Page/WorkFlow Menu' is hovered

2018-11-23 18:04:01 - [TEST_STEP][PASSED] - delay: Delayed 2 second(s)

2018-11-23 18:04:03 - [MESSAGE][PASSED] - Delayed 2 second(s)

2018-11-23 18:04:03 - [TEST_STEP][PASSED] - click: Object: 'Object Repository/Final Object Repo/Landing Page/Select to Workflow Listing' is clicked on

2018-11-23 18:04:05 - [MESSAGE][PASSED] - Object: 'Object Repository/Final Object Repo/Landing Page/Select to Workflow Listing' is clicked on

2018-11-23 18:04:05 - [TEST_STEP][PASSED] - delay: Delayed 2 second(s)

2018-11-23 18:04:07 - [MESSAGE][PASSED] - Delayed 2 second(s)

2018-11-23 18:04:07 - [TEST_STEP][PASSED] - click: Object: 'Object Repository/Final Object Repo/WorkFlow Listing Page/Search Information - To Put Ref No' is clicked on

2018-11-23 18:04:07 - [MESSAGE][PASSED] - Object: 'Object Repository/Final Object Repo/WorkFlow Listing Page/Search Information - To Put Ref No' is clicked on

2018-11-23 18:04:07 - [TEST_STEP][PASSED] - delay: Delayed 2 second(s)

2018-11-23 18:04:09 - [MESSAGE][PASSED] - Delayed 2 second(s)

2018-11-23 18:04:09 - [TEST_STEP][PASSED] - callTestCase: Call Test Case 'Test Cases/Final Aug 2018 - PKS Automation/Common/Reference Number Getter' successfully

2018-11-23 18:04:09 - [TEST_CASE][PASSED] - Test Cases/Final Aug 2018 - PKS Automation/Common/Reference Number Getter: Test Cases/Final Aug 2018 - PKS Automation/Common/Reference Number Getter

2018-11-23 18:04:09 - [TEST_STEP][PASSED] - Statement - Try: null

2018-11-23 18:04:09 - [TEST_STEP][PASSED] - Statement - RefNo = new java.io.File(C://Users//Admin//Desktop//PKS//Automation Reference Point//KatalonReference.txt): null

2018-11-23 18:04:09 - [TEST_STEP][PASSED] - Statement - bufferread = new java.io.BufferedReader(new java.io.FileReader(RefNo)): null

2018-11-23 18:04:09 - [TEST_STEP][PASSED] - Statement - readedVal = bufferread.readLine(): null

2018-11-23 18:04:09 - [TEST_STEP][PASSED] - Statement - out.println(CaseReferenceNo): null

2018-11-23 18:04:09 - [TEST_STEP][PASSED] - Statement - out.println(readedVal): null

2018-11-23 18:04:09 - [TEST_STEP][PASSED] - Statement - CaseReferenceNo = "": null

2018-11-23 18:04:09 - [TEST_STEP][PASSED] - Statement - CaseReferenceNo = readedVal: null

2018-11-23 18:04:09 - [MESSAGE][PASSED] - Call Test Case 'Test Cases/Final Aug 2018 - PKS Automation/Common/Reference Number Getter' successfully

2018-11-23 18:04:09 - [TEST_STEP][PASSED] - setText: Text 'CUN112018C200001617' is set on object 'Object Repository/Final Object Repo/WorkFlow Listing Page/Ref No Set Text'

2018-11-23 18:04:09 - [MESSAGE][PASSED] - Text 'CUN112018C200001617' is set on object 'Object Repository/Final Object Repo/WorkFlow Listing Page/Ref No Set Text'

2018-11-23 18:04:09 - [TEST_STEP][PASSED] - delay: Delayed 2 second(s)

2018-11-23 18:04:11 - [MESSAGE][PASSED] - Delayed 2 second(s)

2018-11-23 18:04:11 - [TEST_STEP][PASSED] - click: Object: 'Object Repository/Final Object Repo/WorkFlow Listing Page/Search Ref No Search Button' is clicked on

2018-11-23 18:04:13 - [MESSAGE][PASSED] - Object: 'Object Repository/Final Object Repo/WorkFlow Listing Page/Search Ref No Search Button' is clicked on

2018-11-23 18:04:13 - [TEST_STEP][PASSED] - delay: Delayed 4 second(s)

2018-11-23 18:04:17 - [MESSAGE][PASSED] - Delayed 4 second(s)

2018-11-23 18:04:17 - [TEST_STEP][PASSED] - click: Object: 'Object Repository/Final Object Repo/WorkFlow Listing Page/Click Continue Tooltip' is clicked on

2018-11-23 18:04:19 - [MESSAGE][PASSED] - Object: 'Object Repository/Final Object Repo/WorkFlow Listing Page/Click Continue Tooltip' is clicked on

2018-11-23 18:04:19 - [TEST_STEP][PASSED] - delay: Delayed 5 second(s)

2018-11-23 18:04:24 - [MESSAGE][PASSED] - Delayed 5 second(s)

2018-11-23 18:04:24 - [TEST_STEP][PASSED] - doubleClick: Object: 'Object Repository/Final Object Repo/WorkFlow Listing Page/Workflow Found - Listing 1' is double clicked on

2018-11-23 18:04:24 - [MESSAGE][PASSED] - Object: 'Object Repository/Final Object Repo/WorkFlow Listing Page/Workflow Found - Listing 1' is double clicked on

2018-11-23 18:04:24 - [TEST_STEP][PASSED] - Statement - println(OwnerID): null

2018-11-23 18:04:24 - [TEST_STEP][PASSED] - Statement - OwnerID = com.kms.katalon.core.webui.keyword.WebUiBuiltInKeywords.getText(com.kms.katalon.core.testobject.ObjectRepository.findTestObject(Final Object Repo/WorkFlow Listing Page/Workflow Found - Listing 1), STOP_ON_FAILURE): Text of object 'Object Repository/Final Object Repo/WorkFlow Listing Page/Workflow Found - Listing 1' is: 'JOHORuo1'

2018-11-23 18:04:24 - [MESSAGE][PASSED] - Text of object 'Object Repository/Final Object Repo/WorkFlow Listing Page/Workflow Found - Listing 1' is: 'JOHORuo1'

2018-11-23 18:04:24 - [TEST_STEP][PASSED] - Statement - OwnerID = OwnerID.toLowerCase() + "@gmail.com": null

2018-11-23 18:04:24 - [TEST_STEP][PASSED] - Statement - println(OwnerID): null

2018-11-23 18:04:24 - [TEST_STEP][PASSED] - delay: Delayed 2 second(s)

2018-11-23 18:04:26 - [MESSAGE][PASSED] - Delayed 2 second(s)

2018-11-23 18:04:26 - [MESSAGE][PASSED] - Call Test Case 'Test Cases/Final Aug 2018 - PKS Automation/Common/Workflow Owner Finder' successfully

2018-11-23 18:04:26 - [TEST_STEP][PASSED] - delay: Delayed 1 second(s)

2018-11-23 18:04:27 - [MESSAGE][PASSED] - Delayed 1 second(s)

2018-11-23 18:04:27 - [TEST_STEP][PASSED] - navigateToUrl: Navigate to 'https://assist2-uat.perkeso.gov.my/c/portal/logout' successfully

2018-11-23 18:04:28 - [MESSAGE][PASSED] - Navigate to 'https://assist2-uat.perkeso.gov.my/c/portal/logout' successfully

2018-11-23 18:04:28 - [TEST_STEP][PASSED] - delay: Delayed 1 second(s)

2018-11-23 18:04:29 - [MESSAGE][PASSED] - Delayed 1 second(s)

2018-11-23 18:04:29 - [TEST_STEP][PASSED] - callTestCase: Call Test Case 'Test Cases/Final Aug 2018 - PKS Automation/Registration Module/Workflow/Login and Search Case For Workflow' successfully

2018-11-23 18:04:29 - [TEST_CASE][PASSED] - Test Cases/Final Aug 2018 - PKS Automation/Registration Module/Workflow/Login and Search Case For Workflow: Test Cases/Final Aug 2018 - PKS Automation/Registration Module/Workflow/Login and Search Case For Workflow

2018-11-23 18:04:29 - [TEST_STEP][PASSED] - navigateToUrl: Navigate to 'https://assist2-uat.perkeso.gov.my/login' successfully

2018-11-23 18:04:30 - [MESSAGE][PASSED] - Navigate to 'https://assist2-uat.perkeso.gov.my/login' successfully

2018-11-23 18:04:30 - [TEST_STEP][PASSED] - setText: Text 'johoruo1@gmail.com' is set on object 'Object Repository/Final Object Repo/Login Page/Internal User/Email Address'

2018-11-23 18:04:30 - [MESSAGE][PASSED] - Text 'johoruo1@gmail.com' is set on object 'Object Repository/Final Object Repo/Login Page/Internal User/Email Address'

2018-11-23 18:04:30 - [TEST_STEP][PASSED] - click: Object: 'Object Repository/Final Object Repo/Login Page/Internal User/Next Button' is clicked on

2018-11-23 18:04:31 - [MESSAGE][PASSED] - Object: 'Object Repository/Final Object Repo/Login Page/Internal User/Next Button' is clicked on

2018-11-23 18:04:31 - [TEST_STEP][PASSED] - delay: Delayed 1 second(s)

2018-11-23 18:04:32 - [MESSAGE][PASSED] - Delayed 1 second(s)

2018-11-23 18:04:32 - [TEST_STEP][PASSED] - setEncryptedText: Text ****** has been set on object 'Object Repository/Final Object Repo/Login Page/Internal User/Password'

2018-11-23 18:04:32 - [MESSAGE][PASSED] - Text ****** has been set on object 'Object Repository/Final Object Repo/Login Page/Internal User/Password'

2018-11-23 18:04:32 - [TEST_STEP][PASSED] - click: Object: 'Object Repository/Final Object Repo/Login Page/Internal User/Login Button' is clicked on

2018-11-23 18:04:34 - [MESSAGE][PASSED] - Object: 'Object Repository/Final Object Repo/Login Page/Internal User/Login Button' is clicked on

2018-11-23 18:04:34 - [TEST_STEP][PASSED] - delay: Delayed 2 second(s)

2018-11-23 18:04:36 - [MESSAGE][PASSED] - Delayed 2 second(s)

2018-11-23 18:04:36 - [TEST_STEP][PASSED] - Statement - Try: Delayed 2 second(s)

2018-11-23 18:04:36 - [TEST_STEP][PASSED] - Statement - Checker = false: null

2018-11-23 18:04:36 - [TEST_STEP][PASSED] - Statement - Checker = com.kms.katalon.core.webui.keyword.WebUiBuiltInKeywords.verifyElementHasAttribute(com.kms.katalon.core.testobject.ObjectRepository.findTestObject(Final Object Repo/Landing Page/BM Detecting), "href", 20, OPTIONAL): Object 'Object Repository/Final Object Repo/Landing Page/BM Detecting' has attribute 'href'

2018-11-23 18:04:36 - [MESSAGE][PASSED] - Object 'Object Repository/Final Object Repo/Landing Page/BM Detecting' has attribute 'href'

2018-11-23 18:04:36 - [TEST_STEP][PASSED] - Statement - out.println(Checker): null

2018-11-23 18:04:36 - [TEST_STEP][PASSED] - Statement - If (Checker == false): null

2018-11-23 18:04:36 - [TEST_STEP][PASSED] - Statement - Else: null

2018-11-23 18:04:36 - [TEST_STEP][PASSED] - delay: Delayed 2 second(s)

2018-11-23 18:04:38 - [MESSAGE][PASSED] - Delayed 2 second(s)

2018-11-23 18:04:38 - [TEST_STEP][PASSED] - click: Object: 'Object Repository/Final Object Repo/Page_MyASSIST - ASSIST - Search Pending Case For Add Supporting Document/Search Information' is clicked on

2018-11-23 18:04:38 - [MESSAGE][PASSED] - Object: 'Object Repository/Final Object Repo/Page_MyASSIST - ASSIST - Search Pending Case For Add Supporting Document/Search Information' is clicked on

2018-11-23 18:04:38 - [TEST_STEP][PASSED] - delay: Delayed 3 second(s)

2018-11-23 18:04:41 - [MESSAGE][PASSED] - Delayed 3 second(s)

2018-11-23 18:04:41 - [TEST_STEP][PASSED] - sendKeys: Keys 'CUN112018C200001617' sent to object: 'Object Repository/Final Object Repo/Page_MyASSIST - ASSIST - Search Pending Case For Add Supporting Document/Reference No'

2018-11-23 18:04:41 - [MESSAGE][PASSED] - Keys 'CUN112018C200001617' sent to object: 'Object Repository/Final Object Repo/Page_MyASSIST - ASSIST - Search Pending Case For Add Supporting Document/Reference No'

2018-11-23 18:04:41 - [TEST_STEP][PASSED] - click: Object: 'Object Repository/Final Object Repo/Page_MyASSIST - ASSIST - Search Pending Case For Add Supporting Document/Search Reference No' is clicked on

2018-11-23 18:04:43 - [MESSAGE][PASSED] - Object: 'Object Repository/Final Object Repo/Page_MyASSIST - ASSIST - Search Pending Case For Add Supporting Document/Search Reference No' is clicked on

2018-11-23 18:04:43 - [TEST_STEP][PASSED] - delay: Delayed 2 second(s)

2018-11-23 18:04:45 - [MESSAGE][PASSED] - Delayed 2 second(s)

2018-11-23 18:04:45 - [TEST_STEP][PASSED] - click: Object: 'Object Repository/Final Object Repo/Page_MyASSIST - ASSIST - Search Pending Case For Add Supporting Document/Continue' is clicked on

2018-11-23 18:04:48 - [MESSAGE][PASSED] - Object: 'Object Repository/Final Object Repo/Page_MyASSIST - ASSIST - Search Pending Case For Add Supporting Document/Continue' is clicked on

2018-11-23 18:04:48 - [TEST_STEP][PASSED] - delay: Delayed 20 second(s)

2018-11-23 18:05:08 - [MESSAGE][PASSED] - Delayed 20 second(s)

2018-11-23 18:05:08 - [MESSAGE][PASSED] - Call Test Case 'Test Cases/Final Aug 2018 - PKS Automation/Registration Module/Workflow/Login and Search Case For Workflow' successfully

2018-11-23 18:05:08 - [TEST_STEP][PASSED] - click: Object: 'Object Repository/Final Object Repo/Page_Form 1A - Cessation As Employer/Page_Form 1A - Cessation As Employer (Approve)/Save  Continue in Form 1A Page' is clicked on

2018-11-23 18:05:11 - [MESSAGE][PASSED] - Object: 'Object Repository/Final Object Repo/Page_Form 1A - Cessation As Employer/Page_Form 1A - Cessation As Employer (Approve)/Save  Continue in Form 1A Page' is clicked on

2018-11-23 18:05:11 - [TEST_STEP][PASSED] - delay: Delayed 2 second(s)

2018-11-23 18:05:13 - [MESSAGE][PASSED] - Delayed 2 second(s)

2018-11-23 18:05:13 - [TEST_STEP][PASSED] - click: Object: 'Object Repository/Final Object Repo/Page_Form 1A - Cessation As Employer/Employment Resign Date' is clicked on

2018-11-23 18:05:13 - [MESSAGE][PASSED] - Object: 'Object Repository/Final Object Repo/Page_Form 1A - Cessation As Employer/Employment Resign Date' is clicked on

2018-11-23 18:05:13 - [TEST_STEP][PASSED] - delay: Delayed 1 second(s)

2018-11-23 18:05:14 - [MESSAGE][PASSED] - Delayed 1 second(s)

2018-11-23 18:05:14 - [TEST_STEP][PASSED] - selectOptionByValue: All options with value '2030' are selected in object 'Object Repository/Final Object Repo/Page_Form 1A - Cessation As Employer/Employment Resign Date - Year' 

2018-11-23 18:05:15 - [MESSAGE][PASSED] - All options with value '2030' are selected in object 'Object Repository/Final Object Repo/Page_Form 1A - Cessation As Employer/Employment Resign Date - Year' 

2018-11-23 18:05:15 - [TEST_STEP][PASSED] - delay: Delayed 1 second(s)

2018-11-23 18:05:16 - [MESSAGE][PASSED] - Delayed 1 second(s)

2018-11-23 18:05:16 - [TEST_STEP][PASSED] - click: Object: 'Object Repository/Final Object Repo/Page_Form 1A - Cessation As Employer/Employment Resign Date - Year - Date' is clicked on

2018-11-23 18:05:16 - [MESSAGE][PASSED] - Object: 'Object Repository/Final Object Repo/Page_Form 1A - Cessation As Employer/Employment Resign Date - Year - Date' is clicked on

2018-11-23 18:05:16 - [TEST_STEP][PASSED] - delay: Delayed 2 second(s)

2018-11-23 18:05:18 - [MESSAGE][PASSED] - Delayed 2 second(s)

2018-11-23 18:05:18 - [TEST_STEP][PASSED] - click: Object: 'Object Repository/Final Object Repo/Page_Form 1A - Cessation As Employer/Page_Form 1A - Cessation As Employer (Approve)/Save  Continue in Update Add Employee Resigned Date Page' is clicked on

2018-11-23 18:05:19 - [MESSAGE][PASSED] - Object: 'Object Repository/Final Object Repo/Page_Form 1A - Cessation As Employer/Page_Form 1A - Cessation As Employer (Approve)/Save  Continue in Update Add Employee Resigned Date Page' is clicked on

2018-11-23 18:05:19 - [TEST_STEP][PASSED] - delay: Delayed 2 second(s)

2018-11-23 18:05:21 - [MESSAGE][PASSED] - Delayed 2 second(s)

2018-11-23 18:05:21 - [TEST_STEP][PASSED] - click: Object: 'Object Repository/Final Object Repo/Page_Form 1A - Cessation As Employer/Set Latest - Yes' is clicked on

2018-11-23 18:05:24 - [MESSAGE][PASSED] - Object: 'Object Repository/Final Object Repo/Page_Form 1A - Cessation As Employer/Set Latest - Yes' is clicked on

2018-11-23 18:05:24 - [TEST_STEP][PASSED] - delay: Delayed 2 second(s)

2018-11-23 18:05:26 - [MESSAGE][PASSED] - Delayed 2 second(s)

2018-11-23 18:05:26 - [TEST_STEP][PASSED] - click: Object: 'Object Repository/Final Object Repo/Page_Form 1A - Cessation As Employer/Page_Form 1A - Cessation As Employer (Approve)/Save  Contine in Uploading Document Page' is clicked on

2018-11-23 18:05:32 - [MESSAGE][PASSED] - Object: 'Object Repository/Final Object Repo/Page_Form 1A - Cessation As Employer/Page_Form 1A - Cessation As Employer (Approve)/Save  Contine in Uploading Document Page' is clicked on

2018-11-23 18:05:32 - [TEST_STEP][PASSED] - delay: Delayed 2 second(s)

2018-11-23 18:05:34 - [MESSAGE][PASSED] - Delayed 2 second(s)

2018-11-23 18:05:34 - [TEST_STEP][PASSED] - click: Object: 'Object Repository/Final Object Repo/Page_Form 1A - Cessation As Employer/Page_Form 1A - Cessation As Employer (Under enforcement)/Under enforcement' is clicked on

2018-11-23 18:05:34 - [MESSAGE][PASSED] - Object: 'Object Repository/Final Object Repo/Page_Form 1A - Cessation As Employer/Page_Form 1A - Cessation As Employer (Under enforcement)/Under enforcement' is clicked on

2018-11-23 18:05:34 - [TEST_STEP][PASSED] - delay: Delayed 2 second(s)

2018-11-23 18:05:36 - [MESSAGE][PASSED] - Delayed 2 second(s)

2018-11-23 18:05:36 - [TEST_STEP][PASSED] - setText: Text 'remark' is set on object 'Object Repository/Final Object Repo/Page_Form 1A - Cessation As Employer/Page_Form 1A - Cessation As Employer (Under enforcement)/Under enforcement - remark'

2018-11-23 18:05:36 - [MESSAGE][PASSED] - Text 'remark' is set on object 'Object Repository/Final Object Repo/Page_Form 1A - Cessation As Employer/Page_Form 1A - Cessation As Employer (Under enforcement)/Under enforcement - remark'

2018-11-23 18:05:36 - [TEST_STEP][PASSED] - delay: Delayed 2 second(s)

2018-11-23 18:05:38 - [MESSAGE][PASSED] - Delayed 2 second(s)

2018-11-23 18:05:38 - [TEST_STEP][PASSED] - click: Object: 'Object Repository/Final Object Repo/Page_Form 1A - Cessation As Employer/Page_Form 1A - Cessation As Employer (Under enforcement)/Save  Continue in Under enforcement Page' is clicked on

2018-11-23 18:05:42 - [MESSAGE][PASSED] - Object: 'Object Repository/Final Object Repo/Page_Form 1A - Cessation As Employer/Page_Form 1A - Cessation As Employer (Under enforcement)/Save  Continue in Under enforcement Page' is clicked on

2018-11-23 18:05:42 - [TEST_STEP][PASSED] - delay: Delayed 2 second(s)

2018-11-23 18:05:44 - [MESSAGE][PASSED] - Delayed 2 second(s)

2018-11-23 18:05:44 - [TEST_STEP][PASSED] - click: Object: 'Object Repository/Final Object Repo/Page_Form 1A - Cessation As Employer/Page_Form 1A - Cessation As Employer (Under enforcement)/Message The case is under enforcement' is clicked on

2018-11-23 18:05:45 - [MESSAGE][PASSED] - Object: 'Object Repository/Final Object Repo/Page_Form 1A - Cessation As Employer/Page_Form 1A - Cessation As Employer (Under enforcement)/Message The case is under enforcement' is clicked on

2018-11-23 18:05:45 - [MESSAGE][PASSED] - Call Test Case 'Test Cases/Final Aug 2018 - PKS Automation/Registration Module/Workflow/Form 1A - Cessation As Employer/Template/Form 1 A - Cessation As Employer (Under enforcement)' successfully]]></system-out>
         <system-err><![CDATA[]]></system-err>
      </testcase>
      <testcase name="Test Cases/Final Aug 2018 - PKS Automation/Registration Module/Workflow/Form 1A - Cessation As Employer/PKRBO to UO (Approve)" classname="Test Cases/Final Aug 2018 - PKS Automation/Registration Module/Workflow/Form 1A - Cessation As Employer/PKRBO to UO (Approve)" status="PASSED">
         <system-out><![CDATA[2018-11-23 18:05:45 - [TEST_CASE][PASSED] - Test Cases/Final Aug 2018 - PKS Automation/Registration Module/Workflow/Form 1A - Cessation As Employer/PKRBO to UO (Approve): Test Cases/Final Aug 2018 - PKS Automation/Registration Module/Workflow/Form 1A - Cessation As Employer/PKRBO to UO (Approve)

2018-11-23 18:05:45 - [TEST_STEP][PASSED] - callTestCase: Call Test Case 'Test Cases/Final Aug 2018 - PKS Automation/Registration Module/Workflow/Form 1A - Cessation As Employer/Template/Form 1 A - Cessation As Employer (PKRBO)' successfully

2018-11-23 18:05:45 - [TEST_CASE][PASSED] - Test Cases/Final Aug 2018 - PKS Automation/Registration Module/Workflow/Form 1A - Cessation As Employer/Template/Form 1 A - Cessation As Employer (PKRBO): Test Cases/Final Aug 2018 - PKS Automation/Registration Module/Workflow/Form 1A - Cessation As Employer/Template/Form 1 A - Cessation As Employer (PKRBO)

2018-11-23 18:05:45 - [TEST_STEP][PASSED] - openBrowser: Browser is opened with url: ''

2018-11-23 18:05:45 - [MESSAGE][WARNING] - A browser is already opened. Closing browser and opening a new one

2018-11-23 18:05:50 - [MESSAGE][PASSED] - Browser is opened with url: ''

2018-11-23 18:05:50 - [TEST_STEP][PASSED] - navigateToUrl: Navigate to 'https://assist2-uat.perkeso.gov.my/login' successfully

2018-11-23 18:05:51 - [MESSAGE][PASSED] - Navigate to 'https://assist2-uat.perkeso.gov.my/login' successfully

2018-11-23 18:05:51 - [TEST_STEP][PASSED] - setText: Text 'johorpkrbo1@gmail.com' is set on object 'Object Repository/Final Object Repo/Login Page/Internal User/Email Address'

2018-11-23 18:05:52 - [MESSAGE][PASSED] - Text 'johorpkrbo1@gmail.com' is set on object 'Object Repository/Final Object Repo/Login Page/Internal User/Email Address'

2018-11-23 18:05:52 - [TEST_STEP][PASSED] - click: Object: 'Object Repository/Final Object Repo/Login Page/Internal User/Next Button' is clicked on

2018-11-23 18:05:52 - [MESSAGE][PASSED] - Object: 'Object Repository/Final Object Repo/Login Page/Internal User/Next Button' is clicked on

2018-11-23 18:05:52 - [TEST_STEP][PASSED] - delay: Delayed 1 second(s)

2018-11-23 18:05:53 - [MESSAGE][PASSED] - Delayed 1 second(s)

2018-11-23 18:05:53 - [TEST_STEP][PASSED] - setEncryptedText: Text ****** has been set on object 'Object Repository/Final Object Repo/Login Page/Internal User/Password'

2018-11-23 18:05:53 - [MESSAGE][PASSED] - Text ****** has been set on object 'Object Repository/Final Object Repo/Login Page/Internal User/Password'

2018-11-23 18:05:53 - [TEST_STEP][PASSED] - click: Object: 'Object Repository/Final Object Repo/Login Page/Internal User/Login Button' is clicked on

2018-11-23 18:05:55 - [MESSAGE][PASSED] - Object: 'Object Repository/Final Object Repo/Login Page/Internal User/Login Button' is clicked on

2018-11-23 18:05:55 - [TEST_STEP][PASSED] - delay: Delayed 1 second(s)

2018-11-23 18:05:56 - [MESSAGE][PASSED] - Delayed 1 second(s)

2018-11-23 18:05:56 - [TEST_STEP][PASSED] - Statement - Try: Delayed 2 second(s)

2018-11-23 18:05:56 - [TEST_STEP][PASSED] - Statement - Checker = false: null

2018-11-23 18:05:56 - [TEST_STEP][PASSED] - Statement - Checker = com.kms.katalon.core.webui.keyword.WebUiBuiltInKeywords.verifyElementHasAttribute(com.kms.katalon.core.testobject.ObjectRepository.findTestObject(Final Object Repo/Landing Page/BM Detecting), "href", 20, OPTIONAL): Object 'Object Repository/Final Object Repo/Landing Page/BM Detecting' has attribute 'href'

2018-11-23 18:05:57 - [MESSAGE][PASSED] - Object 'Object Repository/Final Object Repo/Landing Page/BM Detecting' has attribute 'href'

2018-11-23 18:05:57 - [TEST_STEP][PASSED] - Statement - out.println(Checker): null

2018-11-23 18:05:57 - [TEST_STEP][PASSED] - Statement - If (Checker == false): null

2018-11-23 18:05:57 - [TEST_STEP][PASSED] - Statement - Else: null

2018-11-23 18:05:57 - [TEST_STEP][PASSED] - delay: Delayed 2 second(s)

2018-11-23 18:05:59 - [MESSAGE][PASSED] - Delayed 2 second(s)

2018-11-23 18:05:59 - [TEST_STEP][PASSED] - navigateToUrl: Navigate to 'https://assist2-uat.perkeso.gov.my/web/registration/update/form-1a-cessation-as-employer-discontinue-business-' successfully

2018-11-23 18:06:00 - [MESSAGE][PASSED] - Navigate to 'https://assist2-uat.perkeso.gov.my/web/registration/update/form-1a-cessation-as-employer-discontinue-business-' successfully

2018-11-23 18:06:00 - [TEST_STEP][PASSED] - setText: Text 'E1102069770Z' is set on object 'Object Repository/Final Object Repo/Page_Update Employer Information/Employer Code'

2018-11-23 18:06:00 - [MESSAGE][PASSED] - Text 'E1102069770Z' is set on object 'Object Repository/Final Object Repo/Page_Update Employer Information/Employer Code'

2018-11-23 18:06:00 - [TEST_STEP][PASSED] - click: Object: 'Object Repository/Final Object Repo/Page_Update Employer Information/Search Button' is clicked on

2018-11-23 18:06:01 - [MESSAGE][PASSED] - Object: 'Object Repository/Final Object Repo/Page_Update Employer Information/Search Button' is clicked on

2018-11-23 18:06:01 - [TEST_STEP][PASSED] - click: Object: 'Object Repository/Final Object Repo/Page_Update Employer Information/Edit Button' is clicked on

2018-11-23 18:06:03 - [MESSAGE][PASSED] - Object: 'Object Repository/Final Object Repo/Page_Update Employer Information/Edit Button' is clicked on

2018-11-23 18:06:03 - [TEST_STEP][PASSED] - Statement - abc = com.kms.katalon.core.webui.keyword.WebUiBuiltInKeywords.getAttribute(com.kms.katalon.core.testobject.ObjectRepository.findTestObject(Final Object Repo/Page_Form 1A - Cessation As Employer/Employer Status), "value"): Attribute 'value' of object 'Object Repository/Final Object Repo/Page_Form 1A - Cessation As Employer/Employer Status' is: 'Dormant'

2018-11-23 18:06:03 - [MESSAGE][PASSED] - Attribute 'value' of object 'Object Repository/Final Object Repo/Page_Form 1A - Cessation As Employer/Employer Status' is: 'Dormant'

2018-11-23 18:06:03 - [TEST_STEP][PASSED] - Statement - out.println(abc): null

2018-11-23 18:06:03 - [TEST_STEP][PASSED] - Statement - If (abc == "Active"): null

2018-11-23 18:06:03 - [TEST_STEP][PASSED] - Statement - Else If (abc == "Cancel"): null

2018-11-23 18:06:03 - [TEST_STEP][PASSED] - Statement - Else If (abc == "Dormant"): Object: 'Object Repository/Final Object Repo/Page_Form 1A - Cessation As Employer/Change Employer Status to - Dormant' is clicked on

2018-11-23 18:06:03 - [TEST_STEP][PASSED] - click: Object: 'Object Repository/Final Object Repo/Page_Form 1A - Cessation As Employer/Change Employer Status to' is clicked on

2018-11-23 18:06:04 - [MESSAGE][PASSED] - Object: 'Object Repository/Final Object Repo/Page_Form 1A - Cessation As Employer/Change Employer Status to' is clicked on

2018-11-23 18:06:04 - [TEST_STEP][PASSED] - click: Object: 'Object Repository/Final Object Repo/Page_Form 1A - Cessation As Employer/Change Employer Status to - Dormant' is clicked on

2018-11-23 18:06:04 - [MESSAGE][PASSED] - Object: 'Object Repository/Final Object Repo/Page_Form 1A - Cessation As Employer/Change Employer Status to - Dormant' is clicked on

2018-11-23 18:06:04 - [TEST_STEP][PASSED] - click: Object: 'Object Repository/Final Object Repo/Page_Form 1A - Cessation As Employer/Calender' is clicked on

2018-11-23 18:06:05 - [MESSAGE][PASSED] - Object: 'Object Repository/Final Object Repo/Page_Form 1A - Cessation As Employer/Calender' is clicked on

2018-11-23 18:06:05 - [TEST_STEP][PASSED] - click: Object: 'Object Repository/Final Object Repo/Page_Form 1A - Cessation As Employer/Calender - Date' is clicked on

2018-11-23 18:06:06 - [MESSAGE][PASSED] - Object: 'Object Repository/Final Object Repo/Page_Form 1A - Cessation As Employer/Calender - Date' is clicked on

2018-11-23 18:06:06 - [TEST_STEP][PASSED] - delay: Delayed 2 second(s)

2018-11-23 18:06:08 - [MESSAGE][PASSED] - Delayed 2 second(s)

2018-11-23 18:06:08 - [TEST_STEP][PASSED] - click: Object: 'Object Repository/Final Object Repo/Page_Form 1A - Cessation As Employer/Save  Continue in Form 1A Page' is clicked on

2018-11-23 18:06:10 - [MESSAGE][PASSED] - Object: 'Object Repository/Final Object Repo/Page_Form 1A - Cessation As Employer/Save  Continue in Form 1A Page' is clicked on

2018-11-23 18:06:10 - [TEST_STEP][PASSED] - delay: Delayed 2 second(s)

2018-11-23 18:06:12 - [MESSAGE][PASSED] - Delayed 2 second(s)

2018-11-23 18:06:12 - [TEST_STEP][PASSED] - click: Object: 'Object Repository/Final Object Repo/Page_Form 1A - Cessation As Employer/Employment Resign Date' is clicked on

2018-11-23 18:06:13 - [MESSAGE][PASSED] - Object: 'Object Repository/Final Object Repo/Page_Form 1A - Cessation As Employer/Employment Resign Date' is clicked on

2018-11-23 18:06:13 - [TEST_STEP][PASSED] - delay: Delayed 1 second(s)

2018-11-23 18:06:14 - [MESSAGE][PASSED] - Delayed 1 second(s)

2018-11-23 18:06:14 - [TEST_STEP][PASSED] - Statement - CaseReferenceNo = com.kms.katalon.core.webui.keyword.WebUiBuiltInKeywords.getText(com.kms.katalon.core.testobject.ObjectRepository.findTestObject(Final Object Repo/Page_Update Employer Information/Reference Number in Update Employee Information Page)): Text of object 'Object Repository/Final Object Repo/Page_Update Employer Information/Reference Number in Update Employee Information Page' is: 'CUN112018C200001618'

2018-11-23 18:06:14 - [MESSAGE][PASSED] - Text of object 'Object Repository/Final Object Repo/Page_Update Employer Information/Reference Number in Update Employee Information Page' is: 'CUN112018C200001618'

2018-11-23 18:06:14 - [TEST_STEP][PASSED] - Statement - out.println(CaseReferenceNo): null

2018-11-23 18:06:14 - [TEST_STEP][PASSED] - callTestCase: Call Test Case 'Test Cases/Final Aug 2018 - PKS Automation/Common/Reference Number Setter' successfully

2018-11-23 18:06:14 - [TEST_CASE][PASSED] - Test Cases/Final Aug 2018 - PKS Automation/Common/Reference Number Setter: Test Cases/Final Aug 2018 - PKS Automation/Common/Reference Number Setter

2018-11-23 18:06:14 - [TEST_STEP][PASSED] - Statement - RefNoOldFile = new java.io.File(C://Users//Admin//Desktop//PKS//Automation Reference Point//KatalonReference.txt): null

2018-11-23 18:06:14 - [TEST_STEP][PASSED] - Statement - RefNoOldFile.delete(): null

2018-11-23 18:06:14 - [TEST_STEP][PASSED] - delay: Delayed 5 second(s)

2018-11-23 18:06:19 - [MESSAGE][PASSED] - Delayed 5 second(s)

2018-11-23 18:06:19 - [TEST_STEP][PASSED] - Statement - RefNo = new java.io.File(C://Users//Admin//Desktop//PKS//Automation Reference Point//KatalonReference.txt): null

2018-11-23 18:06:19 - [TEST_STEP][PASSED] - Statement - f2 = new java.io.FileWriter(RefNo, false): null

2018-11-23 18:06:19 - [TEST_STEP][PASSED] - Statement - f2.write(CaseReferenceNo): null

2018-11-23 18:06:19 - [TEST_STEP][PASSED] - Statement - f2.close(): null

2018-11-23 18:06:19 - [TEST_STEP][PASSED] - Statement - out.println("


" + CaseReferenceNo + "


"): null

2018-11-23 18:06:19 - [MESSAGE][PASSED] - Call Test Case 'Test Cases/Final Aug 2018 - PKS Automation/Common/Reference Number Setter' successfully

2018-11-23 18:06:19 - [TEST_STEP][PASSED] - selectOptionByValue: All options with value '2030' are selected in object 'Object Repository/Final Object Repo/Page_Form 1A - Cessation As Employer/Employment Resign Date - Year' 

2018-11-23 18:06:20 - [MESSAGE][PASSED] - All options with value '2030' are selected in object 'Object Repository/Final Object Repo/Page_Form 1A - Cessation As Employer/Employment Resign Date - Year' 

2018-11-23 18:06:20 - [TEST_STEP][PASSED] - delay: Delayed 1 second(s)

2018-11-23 18:06:21 - [MESSAGE][PASSED] - Delayed 1 second(s)

2018-11-23 18:06:21 - [TEST_STEP][PASSED] - click: Object: 'Object Repository/Final Object Repo/Page_Form 1A - Cessation As Employer/Employment Resign Date - Year - Date' is clicked on

2018-11-23 18:06:21 - [MESSAGE][PASSED] - Object: 'Object Repository/Final Object Repo/Page_Form 1A - Cessation As Employer/Employment Resign Date - Year - Date' is clicked on

2018-11-23 18:06:21 - [TEST_STEP][PASSED] - delay: Delayed 2 second(s)

2018-11-23 18:06:23 - [MESSAGE][PASSED] - Delayed 2 second(s)

2018-11-23 18:06:23 - [TEST_STEP][PASSED] - click: Object: 'Object Repository/Final Object Repo/Page_Form 1A - Cessation As Employer/Save  Continue in Update Add Employee Resigned Date Page' is clicked on

2018-11-23 18:06:23 - [MESSAGE][PASSED] - Object: 'Object Repository/Final Object Repo/Page_Form 1A - Cessation As Employer/Save  Continue in Update Add Employee Resigned Date Page' is clicked on

2018-11-23 18:06:23 - [TEST_STEP][PASSED] - delay: Delayed 2 second(s)

2018-11-23 18:06:25 - [MESSAGE][PASSED] - Delayed 2 second(s)

2018-11-23 18:06:25 - [TEST_STEP][PASSED] - click: Object: 'Object Repository/Final Object Repo/Page_Form 1A - Cessation As Employer/Set Latest - Yes' is clicked on

2018-11-23 18:06:29 - [MESSAGE][PASSED] - Object: 'Object Repository/Final Object Repo/Page_Form 1A - Cessation As Employer/Set Latest - Yes' is clicked on

2018-11-23 18:06:29 - [TEST_STEP][PASSED] - delay: Delayed 2 second(s)

2018-11-23 18:06:31 - [MESSAGE][PASSED] - Delayed 2 second(s)

2018-11-23 18:06:31 - [TEST_STEP][PASSED] - click: Object: 'Object Repository/Final Object Repo/Page_Form 1A - Cessation As Employer/Add Document' is clicked on

2018-11-23 18:06:31 - [MESSAGE][PASSED] - Object: 'Object Repository/Final Object Repo/Page_Form 1A - Cessation As Employer/Add Document' is clicked on

2018-11-23 18:06:31 - [TEST_STEP][PASSED] - delay: Delayed 2 second(s)

2018-11-23 18:06:33 - [MESSAGE][PASSED] - Delayed 2 second(s)

2018-11-23 18:06:33 - [TEST_STEP][PASSED] - click: Object: 'Object Repository/Final Object Repo/Page_Form 1A - Cessation As Employer/Document Type' is clicked on

2018-11-23 18:06:34 - [MESSAGE][PASSED] - Object: 'Object Repository/Final Object Repo/Page_Form 1A - Cessation As Employer/Document Type' is clicked on

2018-11-23 18:06:34 - [TEST_STEP][PASSED] - delay: Delayed 2 second(s)

2018-11-23 18:06:36 - [MESSAGE][PASSED] - Delayed 2 second(s)

2018-11-23 18:06:36 - [TEST_STEP][PASSED] - click: Object: 'Object Repository/Final Object Repo/Page_Form 1A - Cessation As Employer/Document Type - Supporting Document For Cessation' is clicked on

2018-11-23 18:06:37 - [MESSAGE][PASSED] - Object: 'Object Repository/Final Object Repo/Page_Form 1A - Cessation As Employer/Document Type - Supporting Document For Cessation' is clicked on

2018-11-23 18:06:37 - [TEST_STEP][PASSED] - delay: Delayed 2 second(s)

2018-11-23 18:06:39 - [MESSAGE][PASSED] - Delayed 2 second(s)

2018-11-23 18:06:39 - [TEST_STEP][PASSED] - sendKeys: Keys 'C:\Users\Public\Pictures\Sample Pictures\Koala.jpg' sent to object: 'Object Repository/Final Object Repo/Page_Form 1A - Cessation As Employer/Uploading File'

2018-11-23 18:06:39 - [MESSAGE][PASSED] - Keys 'C:\Users\Public\Pictures\Sample Pictures\Koala.jpg' sent to object: 'Object Repository/Final Object Repo/Page_Form 1A - Cessation As Employer/Uploading File'

2018-11-23 18:06:39 - [TEST_STEP][PASSED] - delay: Delayed 2 second(s)

2018-11-23 18:06:41 - [MESSAGE][PASSED] - Delayed 2 second(s)

2018-11-23 18:06:41 - [TEST_STEP][PASSED] - click: Object: 'Object Repository/Final Object Repo/Page_Form 1A - Cessation As Employer/Add Document in Uploading Page' is clicked on

2018-11-23 18:06:46 - [MESSAGE][PASSED] - Object: 'Object Repository/Final Object Repo/Page_Form 1A - Cessation As Employer/Add Document in Uploading Page' is clicked on

2018-11-23 18:06:46 - [TEST_STEP][PASSED] - delay: Delayed 15 second(s)

2018-11-23 18:07:01 - [MESSAGE][PASSED] - Delayed 15 second(s)

2018-11-23 18:07:01 - [TEST_STEP][PASSED] - click: Object: 'Object Repository/Final Object Repo/Page_Form 1A - Cessation As Employer/Save  Continue in Uploading Page' is clicked on

2018-11-23 18:07:06 - [MESSAGE][PASSED] - Object: 'Object Repository/Final Object Repo/Page_Form 1A - Cessation As Employer/Save  Continue in Uploading Page' is clicked on

2018-11-23 18:07:06 - [TEST_STEP][PASSED] - delay: Delayed 2 second(s)

2018-11-23 18:07:08 - [MESSAGE][PASSED] - Delayed 2 second(s)

2018-11-23 18:07:08 - [TEST_STEP][PASSED] - click: Object: 'Object Repository/Final Object Repo/Page_Form 1A - Cessation As Employer/Submit2' is clicked on

2018-11-23 18:07:09 - [MESSAGE][PASSED] - Object: 'Object Repository/Final Object Repo/Page_Form 1A - Cessation As Employer/Submit2' is clicked on

2018-11-23 18:07:09 - [TEST_STEP][PASSED] - delay: Delayed 2 second(s)

2018-11-23 18:07:11 - [MESSAGE][PASSED] - Delayed 2 second(s)

2018-11-23 18:07:11 - [TEST_STEP][PASSED] - click: Object: 'Object Repository/Final Object Repo/Page_Form 1A - Cessation As Employer/Confirm' is clicked on

2018-11-23 18:07:16 - [MESSAGE][PASSED] - Object: 'Object Repository/Final Object Repo/Page_Form 1A - Cessation As Employer/Confirm' is clicked on

2018-11-23 18:07:16 - [TEST_STEP][PASSED] - delay: Delayed 2 second(s)

2018-11-23 18:07:18 - [MESSAGE][PASSED] - Delayed 2 second(s)

2018-11-23 18:07:18 - [TEST_STEP][PASSED] - verifyElementVisible: Object 'Object Repository/Final Object Repo/Page_Form 1A - Cessation As Employer/Message Your Request will be routed to UO' is visible

2018-11-23 18:07:18 - [MESSAGE][PASSED] - Object 'Object Repository/Final Object Repo/Page_Form 1A - Cessation As Employer/Message Your Request will be routed to UO' is visible

2018-11-23 18:07:18 - [TEST_STEP][PASSED] - delay: Delayed 1 second(s)

2018-11-23 18:07:19 - [MESSAGE][PASSED] - Delayed 1 second(s)

2018-11-23 18:07:19 - [TEST_STEP][PASSED] - verifyElementVisible: Object 'Object Repository/Final Object Repo/Page_Form 1A - Cessation As Employer/Letter of acknowledgement' is visible

2018-11-23 18:07:19 - [MESSAGE][PASSED] - Object 'Object Repository/Final Object Repo/Page_Form 1A - Cessation As Employer/Letter of acknowledgement' is visible

2018-11-23 18:07:19 - [MESSAGE][PASSED] - Call Test Case 'Test Cases/Final Aug 2018 - PKS Automation/Registration Module/Workflow/Form 1A - Cessation As Employer/Template/Form 1 A - Cessation As Employer (PKRBO)' successfully

2018-11-23 18:07:19 - [TEST_STEP][PASSED] - callTestCase: Call Test Case 'Test Cases/Final Aug 2018 - PKS Automation/Registration Module/Workflow/Form 1A - Cessation As Employer/Template/Form 1 A - Cessation As Employer (Approve)' successfully

2018-11-23 18:07:20 - [TEST_CASE][PASSED] - Test Cases/Final Aug 2018 - PKS Automation/Registration Module/Workflow/Form 1A - Cessation As Employer/Template/Form 1 A - Cessation As Employer (Approve): Test Cases/Final Aug 2018 - PKS Automation/Registration Module/Workflow/Form 1A - Cessation As Employer/Template/Form 1 A - Cessation As Employer (Approve)

2018-11-23 18:07:20 - [TEST_STEP][NOT_RUN] - callTestCase: NOT_RUN: callTestCase

2018-11-23 18:07:20 - [MESSAGE][NOT_RUN] - NOT_RUN: callTestCase

2018-11-23 18:07:20 - [TEST_STEP][PASSED] - delay: Delayed 1 second(s)

2018-11-23 18:07:21 - [MESSAGE][PASSED] - Delayed 1 second(s)

2018-11-23 18:07:21 - [TEST_STEP][PASSED] - navigateToUrl: Navigate to 'https://assist2-uat.perkeso.gov.my/c/portal/logout' successfully

2018-11-23 18:07:22 - [MESSAGE][PASSED] - Navigate to 'https://assist2-uat.perkeso.gov.my/c/portal/logout' successfully

2018-11-23 18:07:22 - [TEST_STEP][PASSED] - delay: Delayed 1 second(s)

2018-11-23 18:07:23 - [MESSAGE][PASSED] - Delayed 1 second(s)

2018-11-23 18:07:23 - [TEST_STEP][PASSED] - callTestCase: Call Test Case 'Test Cases/Final Aug 2018 - PKS Automation/Common/Reference Number Getter' successfully

2018-11-23 18:07:23 - [TEST_CASE][PASSED] - Test Cases/Final Aug 2018 - PKS Automation/Common/Reference Number Getter: Test Cases/Final Aug 2018 - PKS Automation/Common/Reference Number Getter

2018-11-23 18:07:23 - [TEST_STEP][PASSED] - Statement - Try: null

2018-11-23 18:07:23 - [TEST_STEP][PASSED] - Statement - RefNo = new java.io.File(C://Users//Admin//Desktop//PKS//Automation Reference Point//KatalonReference.txt): null

2018-11-23 18:07:23 - [TEST_STEP][PASSED] - Statement - bufferread = new java.io.BufferedReader(new java.io.FileReader(RefNo)): null

2018-11-23 18:07:23 - [TEST_STEP][PASSED] - Statement - readedVal = bufferread.readLine(): null

2018-11-23 18:07:23 - [TEST_STEP][PASSED] - Statement - out.println(CaseReferenceNo): null

2018-11-23 18:07:23 - [TEST_STEP][PASSED] - Statement - out.println(readedVal): null

2018-11-23 18:07:23 - [TEST_STEP][PASSED] - Statement - CaseReferenceNo = "": null

2018-11-23 18:07:23 - [TEST_STEP][PASSED] - Statement - CaseReferenceNo = readedVal: null

2018-11-23 18:07:23 - [MESSAGE][PASSED] - Call Test Case 'Test Cases/Final Aug 2018 - PKS Automation/Common/Reference Number Getter' successfully

2018-11-23 18:07:23 - [TEST_STEP][PASSED] - callTestCase: Call Test Case 'Test Cases/Final Aug 2018 - PKS Automation/Common/Workflow Owner Finder' successfully

2018-11-23 18:07:23 - [TEST_CASE][PASSED] - Test Cases/Final Aug 2018 - PKS Automation/Common/Workflow Owner Finder: Test Cases/Final Aug 2018 - PKS Automation/Common/Workflow Owner Finder

2018-11-23 18:07:23 - [TEST_STEP][PASSED] - openBrowser: Browser is opened with url: ''

2018-11-23 18:07:23 - [MESSAGE][WARNING] - A browser is already opened. Closing browser and opening a new one

2018-11-23 18:07:27 - [MESSAGE][PASSED] - Browser is opened with url: ''

2018-11-23 18:07:27 - [TEST_STEP][PASSED] - navigateToUrl: Navigate to 'https://assist2-uat.perkeso.gov.my/login' successfully

2018-11-23 18:07:30 - [MESSAGE][PASSED] - Navigate to 'https://assist2-uat.perkeso.gov.my/login' successfully

2018-11-23 18:07:30 - [TEST_STEP][PASSED] - delay: Delayed 5 second(s)

2018-11-23 18:07:35 - [MESSAGE][PASSED] - Delayed 5 second(s)

2018-11-23 18:07:35 - [TEST_STEP][PASSED] - setText: Text 'test@liferay.com' is set on object 'Object Repository/Final Object Repo/Login Page/Internal User/Email Address'

2018-11-23 18:07:35 - [MESSAGE][PASSED] - Text 'test@liferay.com' is set on object 'Object Repository/Final Object Repo/Login Page/Internal User/Email Address'

2018-11-23 18:07:35 - [TEST_STEP][PASSED] - click: Object: 'Object Repository/Final Object Repo/Login Page/Internal User/Next Button' is clicked on

2018-11-23 18:07:35 - [MESSAGE][PASSED] - Object: 'Object Repository/Final Object Repo/Login Page/Internal User/Next Button' is clicked on

2018-11-23 18:07:35 - [TEST_STEP][PASSED] - delay: Delayed 2 second(s)

2018-11-23 18:07:37 - [MESSAGE][PASSED] - Delayed 2 second(s)

2018-11-23 18:07:37 - [TEST_STEP][PASSED] - setText: Text 'test' is set on object 'Object Repository/Final Object Repo/Login Page/Internal User/Password'

2018-11-23 18:07:37 - [MESSAGE][PASSED] - Text 'test' is set on object 'Object Repository/Final Object Repo/Login Page/Internal User/Password'

2018-11-23 18:07:37 - [TEST_STEP][PASSED] - delay: Delayed 2 second(s)

2018-11-23 18:07:39 - [MESSAGE][PASSED] - Delayed 2 second(s)

2018-11-23 18:07:39 - [TEST_STEP][PASSED] - click: Object: 'Object Repository/Final Object Repo/Login Page/Internal User/Login Button' is clicked on

2018-11-23 18:07:42 - [MESSAGE][PASSED] - Object: 'Object Repository/Final Object Repo/Login Page/Internal User/Login Button' is clicked on

2018-11-23 18:07:42 - [TEST_STEP][PASSED] - Statement - Try: Delayed 2 second(s)

2018-11-23 18:07:42 - [TEST_STEP][PASSED] - Statement - Checker = false: null

2018-11-23 18:07:42 - [TEST_STEP][PASSED] - Statement - Checker = com.kms.katalon.core.webui.keyword.WebUiBuiltInKeywords.verifyElementHasAttribute(com.kms.katalon.core.testobject.ObjectRepository.findTestObject(Final Object Repo/Landing Page/BM Detecting), "href", 20, OPTIONAL): Object 'Object Repository/Final Object Repo/Landing Page/BM Detecting' has attribute 'href'

2018-11-23 18:07:42 - [MESSAGE][PASSED] - Object 'Object Repository/Final Object Repo/Landing Page/BM Detecting' has attribute 'href'

2018-11-23 18:07:42 - [TEST_STEP][PASSED] - Statement - out.println(Checker): null

2018-11-23 18:07:42 - [TEST_STEP][PASSED] - Statement - If (Checker == false): null

2018-11-23 18:07:42 - [TEST_STEP][PASSED] - Statement - Else: null

2018-11-23 18:07:42 - [TEST_STEP][PASSED] - delay: Delayed 2 second(s)

2018-11-23 18:07:44 - [MESSAGE][PASSED] - Delayed 2 second(s)

2018-11-23 18:07:44 - [TEST_STEP][PASSED] - delay: Delayed 3 second(s)

2018-11-23 18:07:47 - [MESSAGE][PASSED] - Delayed 3 second(s)

2018-11-23 18:07:47 - [TEST_STEP][PASSED] - mouseOver: Object: 'Object Repository/Final Object Repo/Landing Page/WorkFlow Menu' is hovered

2018-11-23 18:07:47 - [MESSAGE][PASSED] - Object: 'Object Repository/Final Object Repo/Landing Page/WorkFlow Menu' is hovered

2018-11-23 18:07:47 - [TEST_STEP][PASSED] - delay: Delayed 2 second(s)

2018-11-23 18:07:49 - [MESSAGE][PASSED] - Delayed 2 second(s)

2018-11-23 18:07:49 - [TEST_STEP][PASSED] - click: Object: 'Object Repository/Final Object Repo/Landing Page/Select to Workflow Listing' is clicked on

2018-11-23 18:07:51 - [MESSAGE][PASSED] - Object: 'Object Repository/Final Object Repo/Landing Page/Select to Workflow Listing' is clicked on

2018-11-23 18:07:51 - [TEST_STEP][PASSED] - delay: Delayed 2 second(s)

2018-11-23 18:07:53 - [MESSAGE][PASSED] - Delayed 2 second(s)

2018-11-23 18:07:53 - [TEST_STEP][PASSED] - click: Object: 'Object Repository/Final Object Repo/WorkFlow Listing Page/Search Information - To Put Ref No' is clicked on

2018-11-23 18:07:53 - [MESSAGE][PASSED] - Object: 'Object Repository/Final Object Repo/WorkFlow Listing Page/Search Information - To Put Ref No' is clicked on

2018-11-23 18:07:53 - [TEST_STEP][PASSED] - delay: Delayed 2 second(s)

2018-11-23 18:07:55 - [MESSAGE][PASSED] - Delayed 2 second(s)

2018-11-23 18:07:55 - [TEST_STEP][PASSED] - callTestCase: Call Test Case 'Test Cases/Final Aug 2018 - PKS Automation/Common/Reference Number Getter' successfully

2018-11-23 18:07:55 - [TEST_CASE][PASSED] - Test Cases/Final Aug 2018 - PKS Automation/Common/Reference Number Getter: Test Cases/Final Aug 2018 - PKS Automation/Common/Reference Number Getter

2018-11-23 18:07:55 - [TEST_STEP][PASSED] - Statement - Try: null

2018-11-23 18:07:55 - [TEST_STEP][PASSED] - Statement - RefNo = new java.io.File(C://Users//Admin//Desktop//PKS//Automation Reference Point//KatalonReference.txt): null

2018-11-23 18:07:55 - [TEST_STEP][PASSED] - Statement - bufferread = new java.io.BufferedReader(new java.io.FileReader(RefNo)): null

2018-11-23 18:07:55 - [TEST_STEP][PASSED] - Statement - readedVal = bufferread.readLine(): null

2018-11-23 18:07:55 - [TEST_STEP][PASSED] - Statement - out.println(CaseReferenceNo): null

2018-11-23 18:07:55 - [TEST_STEP][PASSED] - Statement - out.println(readedVal): null

2018-11-23 18:07:55 - [TEST_STEP][PASSED] - Statement - CaseReferenceNo = "": null

2018-11-23 18:07:55 - [TEST_STEP][PASSED] - Statement - CaseReferenceNo = readedVal: null

2018-11-23 18:07:55 - [MESSAGE][PASSED] - Call Test Case 'Test Cases/Final Aug 2018 - PKS Automation/Common/Reference Number Getter' successfully

2018-11-23 18:07:55 - [TEST_STEP][PASSED] - setText: Text 'CUN112018C200001618' is set on object 'Object Repository/Final Object Repo/WorkFlow Listing Page/Ref No Set Text'

2018-11-23 18:07:55 - [MESSAGE][PASSED] - Text 'CUN112018C200001618' is set on object 'Object Repository/Final Object Repo/WorkFlow Listing Page/Ref No Set Text'

2018-11-23 18:07:55 - [TEST_STEP][PASSED] - delay: Delayed 2 second(s)

2018-11-23 18:07:57 - [MESSAGE][PASSED] - Delayed 2 second(s)

2018-11-23 18:07:57 - [TEST_STEP][PASSED] - click: Object: 'Object Repository/Final Object Repo/WorkFlow Listing Page/Search Ref No Search Button' is clicked on

2018-11-23 18:07:59 - [MESSAGE][PASSED] - Object: 'Object Repository/Final Object Repo/WorkFlow Listing Page/Search Ref No Search Button' is clicked on

2018-11-23 18:07:59 - [TEST_STEP][PASSED] - delay: Delayed 4 second(s)

2018-11-23 18:08:03 - [MESSAGE][PASSED] - Delayed 4 second(s)

2018-11-23 18:08:03 - [TEST_STEP][PASSED] - click: Object: 'Object Repository/Final Object Repo/WorkFlow Listing Page/Click Continue Tooltip' is clicked on

2018-11-23 18:08:05 - [MESSAGE][PASSED] - Object: 'Object Repository/Final Object Repo/WorkFlow Listing Page/Click Continue Tooltip' is clicked on

2018-11-23 18:08:05 - [TEST_STEP][PASSED] - delay: Delayed 5 second(s)

2018-11-23 18:08:10 - [MESSAGE][PASSED] - Delayed 5 second(s)

2018-11-23 18:08:10 - [TEST_STEP][PASSED] - doubleClick: Object: 'Object Repository/Final Object Repo/WorkFlow Listing Page/Workflow Found - Listing 1' is double clicked on

2018-11-23 18:08:10 - [MESSAGE][PASSED] - Object: 'Object Repository/Final Object Repo/WorkFlow Listing Page/Workflow Found - Listing 1' is double clicked on

2018-11-23 18:08:10 - [TEST_STEP][PASSED] - Statement - println(OwnerID): null

2018-11-23 18:08:10 - [TEST_STEP][PASSED] - Statement - OwnerID = com.kms.katalon.core.webui.keyword.WebUiBuiltInKeywords.getText(com.kms.katalon.core.testobject.ObjectRepository.findTestObject(Final Object Repo/WorkFlow Listing Page/Workflow Found - Listing 1), STOP_ON_FAILURE): Text of object 'Object Repository/Final Object Repo/WorkFlow Listing Page/Workflow Found - Listing 1' is: 'JOHORuo2'

2018-11-23 18:08:10 - [MESSAGE][PASSED] - Text of object 'Object Repository/Final Object Repo/WorkFlow Listing Page/Workflow Found - Listing 1' is: 'JOHORuo2'

2018-11-23 18:08:10 - [TEST_STEP][PASSED] - Statement - OwnerID = OwnerID.toLowerCase() + "@gmail.com": null

2018-11-23 18:08:10 - [TEST_STEP][PASSED] - Statement - println(OwnerID): null

2018-11-23 18:08:10 - [TEST_STEP][PASSED] - delay: Delayed 2 second(s)

2018-11-23 18:08:12 - [MESSAGE][PASSED] - Delayed 2 second(s)

2018-11-23 18:08:12 - [MESSAGE][PASSED] - Call Test Case 'Test Cases/Final Aug 2018 - PKS Automation/Common/Workflow Owner Finder' successfully

2018-11-23 18:08:12 - [TEST_STEP][PASSED] - delay: Delayed 1 second(s)

2018-11-23 18:08:13 - [MESSAGE][PASSED] - Delayed 1 second(s)

2018-11-23 18:08:13 - [TEST_STEP][PASSED] - navigateToUrl: Navigate to 'https://assist2-uat.perkeso.gov.my/c/portal/logout' successfully

2018-11-23 18:08:14 - [MESSAGE][PASSED] - Navigate to 'https://assist2-uat.perkeso.gov.my/c/portal/logout' successfully

2018-11-23 18:08:14 - [TEST_STEP][PASSED] - delay: Delayed 1 second(s)

2018-11-23 18:08:15 - [MESSAGE][PASSED] - Delayed 1 second(s)

2018-11-23 18:08:15 - [TEST_STEP][PASSED] - callTestCase: Call Test Case 'Test Cases/Final Aug 2018 - PKS Automation/Registration Module/Workflow/Login and Search Case For Workflow' successfully

2018-11-23 18:08:15 - [TEST_CASE][PASSED] - Test Cases/Final Aug 2018 - PKS Automation/Registration Module/Workflow/Login and Search Case For Workflow: Test Cases/Final Aug 2018 - PKS Automation/Registration Module/Workflow/Login and Search Case For Workflow

2018-11-23 18:08:15 - [TEST_STEP][PASSED] - navigateToUrl: Navigate to 'https://assist2-uat.perkeso.gov.my/login' successfully

2018-11-23 18:08:16 - [MESSAGE][PASSED] - Navigate to 'https://assist2-uat.perkeso.gov.my/login' successfully

2018-11-23 18:08:16 - [TEST_STEP][PASSED] - setText: Text 'johoruo2@gmail.com' is set on object 'Object Repository/Final Object Repo/Login Page/Internal User/Email Address'

2018-11-23 18:08:17 - [MESSAGE][PASSED] - Text 'johoruo2@gmail.com' is set on object 'Object Repository/Final Object Repo/Login Page/Internal User/Email Address'

2018-11-23 18:08:17 - [TEST_STEP][PASSED] - click: Object: 'Object Repository/Final Object Repo/Login Page/Internal User/Next Button' is clicked on

2018-11-23 18:08:17 - [MESSAGE][PASSED] - Object: 'Object Repository/Final Object Repo/Login Page/Internal User/Next Button' is clicked on

2018-11-23 18:08:17 - [TEST_STEP][PASSED] - delay: Delayed 1 second(s)

2018-11-23 18:08:18 - [MESSAGE][PASSED] - Delayed 1 second(s)

2018-11-23 18:08:18 - [TEST_STEP][PASSED] - setEncryptedText: Text ****** has been set on object 'Object Repository/Final Object Repo/Login Page/Internal User/Password'

2018-11-23 18:08:18 - [MESSAGE][PASSED] - Text ****** has been set on object 'Object Repository/Final Object Repo/Login Page/Internal User/Password'

2018-11-23 18:08:18 - [TEST_STEP][PASSED] - click: Object: 'Object Repository/Final Object Repo/Login Page/Internal User/Login Button' is clicked on

2018-11-23 18:08:20 - [MESSAGE][PASSED] - Object: 'Object Repository/Final Object Repo/Login Page/Internal User/Login Button' is clicked on

2018-11-23 18:08:20 - [TEST_STEP][PASSED] - delay: Delayed 2 second(s)

2018-11-23 18:08:22 - [MESSAGE][PASSED] - Delayed 2 second(s)

2018-11-23 18:08:22 - [TEST_STEP][PASSED] - Statement - Try: Delayed 2 second(s)

2018-11-23 18:08:22 - [TEST_STEP][PASSED] - Statement - Checker = false: null

2018-11-23 18:08:22 - [TEST_STEP][PASSED] - Statement - Checker = com.kms.katalon.core.webui.keyword.WebUiBuiltInKeywords.verifyElementHasAttribute(com.kms.katalon.core.testobject.ObjectRepository.findTestObject(Final Object Repo/Landing Page/BM Detecting), "href", 20, OPTIONAL): Object 'Object Repository/Final Object Repo/Landing Page/BM Detecting' has attribute 'href'

2018-11-23 18:08:22 - [MESSAGE][PASSED] - Object 'Object Repository/Final Object Repo/Landing Page/BM Detecting' has attribute 'href'

2018-11-23 18:08:22 - [TEST_STEP][PASSED] - Statement - out.println(Checker): null

2018-11-23 18:08:22 - [TEST_STEP][PASSED] - Statement - If (Checker == false): null

2018-11-23 18:08:22 - [TEST_STEP][PASSED] - Statement - Else: null

2018-11-23 18:08:22 - [TEST_STEP][PASSED] - delay: Delayed 2 second(s)

2018-11-23 18:08:24 - [MESSAGE][PASSED] - Delayed 2 second(s)

2018-11-23 18:08:24 - [TEST_STEP][PASSED] - click: Object: 'Object Repository/Final Object Repo/Page_MyASSIST - ASSIST - Search Pending Case For Add Supporting Document/Search Information' is clicked on

2018-11-23 18:08:25 - [MESSAGE][PASSED] - Object: 'Object Repository/Final Object Repo/Page_MyASSIST - ASSIST - Search Pending Case For Add Supporting Document/Search Information' is clicked on

2018-11-23 18:08:25 - [TEST_STEP][PASSED] - delay: Delayed 3 second(s)

2018-11-23 18:08:28 - [MESSAGE][PASSED] - Delayed 3 second(s)

2018-11-23 18:08:28 - [TEST_STEP][PASSED] - sendKeys: Keys 'CUN112018C200001618' sent to object: 'Object Repository/Final Object Repo/Page_MyASSIST - ASSIST - Search Pending Case For Add Supporting Document/Reference No'

2018-11-23 18:08:28 - [MESSAGE][PASSED] - Keys 'CUN112018C200001618' sent to object: 'Object Repository/Final Object Repo/Page_MyASSIST - ASSIST - Search Pending Case For Add Supporting Document/Reference No'

2018-11-23 18:08:28 - [TEST_STEP][PASSED] - click: Object: 'Object Repository/Final Object Repo/Page_MyASSIST - ASSIST - Search Pending Case For Add Supporting Document/Search Reference No' is clicked on

2018-11-23 18:08:29 - [MESSAGE][PASSED] - Object: 'Object Repository/Final Object Repo/Page_MyASSIST - ASSIST - Search Pending Case For Add Supporting Document/Search Reference No' is clicked on

2018-11-23 18:08:29 - [TEST_STEP][PASSED] - delay: Delayed 2 second(s)

2018-11-23 18:08:31 - [MESSAGE][PASSED] - Delayed 2 second(s)

2018-11-23 18:08:31 - [TEST_STEP][PASSED] - click: Object: 'Object Repository/Final Object Repo/Page_MyASSIST - ASSIST - Search Pending Case For Add Supporting Document/Continue' is clicked on

2018-11-23 18:08:35 - [MESSAGE][PASSED] - Object: 'Object Repository/Final Object Repo/Page_MyASSIST - ASSIST - Search Pending Case For Add Supporting Document/Continue' is clicked on

2018-11-23 18:08:35 - [TEST_STEP][PASSED] - delay: Delayed 20 second(s)

2018-11-23 18:08:55 - [MESSAGE][PASSED] - Delayed 20 second(s)

2018-11-23 18:08:55 - [MESSAGE][PASSED] - Call Test Case 'Test Cases/Final Aug 2018 - PKS Automation/Registration Module/Workflow/Login and Search Case For Workflow' successfully

2018-11-23 18:08:55 - [TEST_STEP][PASSED] - click: Object: 'Object Repository/Final Object Repo/Page_Form 1A - Cessation As Employer/Page_Form 1A - Cessation As Employer (Approve)/Save  Continue in Form 1A Page' is clicked on

2018-11-23 18:08:57 - [MESSAGE][PASSED] - Object: 'Object Repository/Final Object Repo/Page_Form 1A - Cessation As Employer/Page_Form 1A - Cessation As Employer (Approve)/Save  Continue in Form 1A Page' is clicked on

2018-11-23 18:08:57 - [TEST_STEP][PASSED] - delay: Delayed 2 second(s)

2018-11-23 18:08:59 - [MESSAGE][PASSED] - Delayed 2 second(s)

2018-11-23 18:08:59 - [TEST_STEP][PASSED] - click: Object: 'Object Repository/Final Object Repo/Page_Form 1A - Cessation As Employer/Employment Resign Date' is clicked on

2018-11-23 18:09:00 - [MESSAGE][PASSED] - Object: 'Object Repository/Final Object Repo/Page_Form 1A - Cessation As Employer/Employment Resign Date' is clicked on

2018-11-23 18:09:00 - [TEST_STEP][PASSED] - delay: Delayed 1 second(s)

2018-11-23 18:09:01 - [MESSAGE][PASSED] - Delayed 1 second(s)

2018-11-23 18:09:01 - [TEST_STEP][PASSED] - selectOptionByValue: All options with value '2030' are selected in object 'Object Repository/Final Object Repo/Page_Form 1A - Cessation As Employer/Employment Resign Date - Year' 

2018-11-23 18:09:02 - [MESSAGE][PASSED] - All options with value '2030' are selected in object 'Object Repository/Final Object Repo/Page_Form 1A - Cessation As Employer/Employment Resign Date - Year' 

2018-11-23 18:09:02 - [TEST_STEP][PASSED] - delay: Delayed 1 second(s)

2018-11-23 18:09:03 - [MESSAGE][PASSED] - Delayed 1 second(s)

2018-11-23 18:09:03 - [TEST_STEP][PASSED] - click: Object: 'Object Repository/Final Object Repo/Page_Form 1A - Cessation As Employer/Employment Resign Date - Year - Date' is clicked on

2018-11-23 18:09:03 - [MESSAGE][PASSED] - Object: 'Object Repository/Final Object Repo/Page_Form 1A - Cessation As Employer/Employment Resign Date - Year - Date' is clicked on

2018-11-23 18:09:03 - [TEST_STEP][PASSED] - delay: Delayed 2 second(s)

2018-11-23 18:09:05 - [MESSAGE][PASSED] - Delayed 2 second(s)

2018-11-23 18:09:05 - [TEST_STEP][PASSED] - click: Object: 'Object Repository/Final Object Repo/Page_Form 1A - Cessation As Employer/Page_Form 1A - Cessation As Employer (Approve)/Save  Continue in Update Add Employee Resigned Date Page' is clicked on

2018-11-23 18:09:05 - [MESSAGE][PASSED] - Object: 'Object Repository/Final Object Repo/Page_Form 1A - Cessation As Employer/Page_Form 1A - Cessation As Employer (Approve)/Save  Continue in Update Add Employee Resigned Date Page' is clicked on

2018-11-23 18:09:05 - [TEST_STEP][PASSED] - delay: Delayed 2 second(s)

2018-11-23 18:09:07 - [MESSAGE][PASSED] - Delayed 2 second(s)

2018-11-23 18:09:07 - [TEST_STEP][PASSED] - click: Object: 'Object Repository/Final Object Repo/Page_Form 1A - Cessation As Employer/Set Latest - Yes' is clicked on

2018-11-23 18:09:11 - [MESSAGE][PASSED] - Object: 'Object Repository/Final Object Repo/Page_Form 1A - Cessation As Employer/Set Latest - Yes' is clicked on

2018-11-23 18:09:11 - [TEST_STEP][PASSED] - delay: Delayed 2 second(s)

2018-11-23 18:09:13 - [MESSAGE][PASSED] - Delayed 2 second(s)

2018-11-23 18:09:13 - [TEST_STEP][PASSED] - click: Object: 'Object Repository/Final Object Repo/Page_Form 1A - Cessation As Employer/Page_Form 1A - Cessation As Employer (Approve)/Save  Contine in Uploading Document Page' is clicked on

2018-11-23 18:09:18 - [MESSAGE][PASSED] - Object: 'Object Repository/Final Object Repo/Page_Form 1A - Cessation As Employer/Page_Form 1A - Cessation As Employer (Approve)/Save  Contine in Uploading Document Page' is clicked on

2018-11-23 18:09:18 - [TEST_STEP][PASSED] - delay: Delayed 2 second(s)

2018-11-23 18:09:20 - [MESSAGE][PASSED] - Delayed 2 second(s)

2018-11-23 18:09:20 - [TEST_STEP][PASSED] - click: Object: 'Object Repository/Final Object Repo/Page_Form 1A - Cessation As Employer/Page_Form 1A - Cessation As Employer (Approve)/Approve' is clicked on

2018-11-23 18:09:21 - [MESSAGE][PASSED] - Object: 'Object Repository/Final Object Repo/Page_Form 1A - Cessation As Employer/Page_Form 1A - Cessation As Employer (Approve)/Approve' is clicked on

2018-11-23 18:09:21 - [TEST_STEP][PASSED] - delay: Delayed 2 second(s)

2018-11-23 18:09:23 - [MESSAGE][PASSED] - Delayed 2 second(s)

2018-11-23 18:09:23 - [TEST_STEP][PASSED] - click: Object: 'Object Repository/Final Object Repo/Page_Form 1A - Cessation As Employer/Confirm' is clicked on

2018-11-23 18:09:23 - [MESSAGE][PASSED] - Object: 'Object Repository/Final Object Repo/Page_Form 1A - Cessation As Employer/Confirm' is clicked on

2018-11-23 18:09:23 - [TEST_STEP][PASSED] - delay: Delayed 2 second(s)

2018-11-23 18:09:25 - [MESSAGE][PASSED] - Delayed 2 second(s)

2018-11-23 18:09:25 - [TEST_STEP][PASSED] - click: Object: 'Object Repository/Final Object Repo/Page_Form 1A - Cessation As Employer/Page_Form 1A - Cessation As Employer (Approve)/Message Your Request    Form 1A ' is clicked on

2018-11-23 18:09:33 - [MESSAGE][PASSED] - Object: 'Object Repository/Final Object Repo/Page_Form 1A - Cessation As Employer/Page_Form 1A - Cessation As Employer (Approve)/Message Your Request    Form 1A ' is clicked on

2018-11-23 18:09:33 - [TEST_STEP][PASSED] - delay: Delayed 2 second(s)

2018-11-23 18:09:35 - [MESSAGE][PASSED] - Delayed 2 second(s)

2018-11-23 18:09:35 - [TEST_STEP][PASSED] - click: Object: 'Object Repository/Final Object Repo/Page_Form 1A - Cessation As Employer/Page_Form 1A - Cessation As Employer (Approve)/Letter of successful update' is clicked on

2018-11-23 18:09:40 - [MESSAGE][PASSED] - Object: 'Object Repository/Final Object Repo/Page_Form 1A - Cessation As Employer/Page_Form 1A - Cessation As Employer (Approve)/Letter of successful update' is clicked on

2018-11-23 18:09:40 - [MESSAGE][PASSED] - Call Test Case 'Test Cases/Final Aug 2018 - PKS Automation/Registration Module/Workflow/Form 1A - Cessation As Employer/Template/Form 1 A - Cessation As Employer (Approve)' successfully]]></system-out>
         <system-err><![CDATA[]]></system-err>
      </testcase>
      <testcase name="Test Cases/Final Aug 2018 - PKS Automation/Registration Module/Workflow/Form 1A - Cessation As Employer/PKRBO to UO (Query)" classname="Test Cases/Final Aug 2018 - PKS Automation/Registration Module/Workflow/Form 1A - Cessation As Employer/PKRBO to UO (Query)" status="PASSED">
         <system-out><![CDATA[2018-11-23 18:09:40 - [TEST_CASE][PASSED] - Test Cases/Final Aug 2018 - PKS Automation/Registration Module/Workflow/Form 1A - Cessation As Employer/PKRBO to UO (Query): Test Cases/Final Aug 2018 - PKS Automation/Registration Module/Workflow/Form 1A - Cessation As Employer/PKRBO to UO (Query)

2018-11-23 18:09:40 - [TEST_STEP][PASSED] - callTestCase: Call Test Case 'Test Cases/Final Aug 2018 - PKS Automation/Registration Module/Workflow/Form 1A - Cessation As Employer/Template/Form 1 A - Cessation As Employer (PKRBO)' successfully

2018-11-23 18:09:41 - [TEST_CASE][PASSED] - Test Cases/Final Aug 2018 - PKS Automation/Registration Module/Workflow/Form 1A - Cessation As Employer/Template/Form 1 A - Cessation As Employer (PKRBO): Test Cases/Final Aug 2018 - PKS Automation/Registration Module/Workflow/Form 1A - Cessation As Employer/Template/Form 1 A - Cessation As Employer (PKRBO)

2018-11-23 18:09:41 - [TEST_STEP][PASSED] - openBrowser: Browser is opened with url: ''

2018-11-23 18:09:41 - [MESSAGE][WARNING] - A browser is already opened. Closing browser and opening a new one

2018-11-23 18:09:46 - [MESSAGE][PASSED] - Browser is opened with url: ''

2018-11-23 18:09:46 - [TEST_STEP][PASSED] - navigateToUrl: Navigate to 'https://assist2-uat.perkeso.gov.my/login' successfully

2018-11-23 18:09:47 - [MESSAGE][PASSED] - Navigate to 'https://assist2-uat.perkeso.gov.my/login' successfully

2018-11-23 18:09:47 - [TEST_STEP][PASSED] - setText: Text 'johorpkrbo1@gmail.com' is set on object 'Object Repository/Final Object Repo/Login Page/Internal User/Email Address'

2018-11-23 18:09:47 - [MESSAGE][PASSED] - Text 'johorpkrbo1@gmail.com' is set on object 'Object Repository/Final Object Repo/Login Page/Internal User/Email Address'

2018-11-23 18:09:47 - [TEST_STEP][PASSED] - click: Object: 'Object Repository/Final Object Repo/Login Page/Internal User/Next Button' is clicked on

2018-11-23 18:09:48 - [MESSAGE][PASSED] - Object: 'Object Repository/Final Object Repo/Login Page/Internal User/Next Button' is clicked on

2018-11-23 18:09:48 - [TEST_STEP][PASSED] - delay: Delayed 1 second(s)

2018-11-23 18:09:49 - [MESSAGE][PASSED] - Delayed 1 second(s)

2018-11-23 18:09:49 - [TEST_STEP][PASSED] - setEncryptedText: Text ****** has been set on object 'Object Repository/Final Object Repo/Login Page/Internal User/Password'

2018-11-23 18:09:49 - [MESSAGE][PASSED] - Text ****** has been set on object 'Object Repository/Final Object Repo/Login Page/Internal User/Password'

2018-11-23 18:09:49 - [TEST_STEP][PASSED] - click: Object: 'Object Repository/Final Object Repo/Login Page/Internal User/Login Button' is clicked on

2018-11-23 18:09:51 - [MESSAGE][PASSED] - Object: 'Object Repository/Final Object Repo/Login Page/Internal User/Login Button' is clicked on

2018-11-23 18:09:51 - [TEST_STEP][PASSED] - delay: Delayed 1 second(s)

2018-11-23 18:09:52 - [MESSAGE][PASSED] - Delayed 1 second(s)

2018-11-23 18:09:52 - [TEST_STEP][PASSED] - Statement - Try: Delayed 2 second(s)

2018-11-23 18:09:52 - [TEST_STEP][PASSED] - Statement - Checker = false: null

2018-11-23 18:09:52 - [TEST_STEP][PASSED] - Statement - Checker = com.kms.katalon.core.webui.keyword.WebUiBuiltInKeywords.verifyElementHasAttribute(com.kms.katalon.core.testobject.ObjectRepository.findTestObject(Final Object Repo/Landing Page/BM Detecting), "href", 20, OPTIONAL): Object 'Object Repository/Final Object Repo/Landing Page/BM Detecting' has attribute 'href'

2018-11-23 18:09:52 - [MESSAGE][PASSED] - Object 'Object Repository/Final Object Repo/Landing Page/BM Detecting' has attribute 'href'

2018-11-23 18:09:52 - [TEST_STEP][PASSED] - Statement - out.println(Checker): null

2018-11-23 18:09:52 - [TEST_STEP][PASSED] - Statement - If (Checker == false): null

2018-11-23 18:09:52 - [TEST_STEP][PASSED] - Statement - Else: null

2018-11-23 18:09:52 - [TEST_STEP][PASSED] - delay: Delayed 2 second(s)

2018-11-23 18:09:54 - [MESSAGE][PASSED] - Delayed 2 second(s)

2018-11-23 18:09:54 - [TEST_STEP][PASSED] - navigateToUrl: Navigate to 'https://assist2-uat.perkeso.gov.my/web/registration/update/form-1a-cessation-as-employer-discontinue-business-' successfully

2018-11-23 18:09:55 - [MESSAGE][PASSED] - Navigate to 'https://assist2-uat.perkeso.gov.my/web/registration/update/form-1a-cessation-as-employer-discontinue-business-' successfully

2018-11-23 18:09:55 - [TEST_STEP][PASSED] - setText: Text 'E1102069770Z' is set on object 'Object Repository/Final Object Repo/Page_Update Employer Information/Employer Code'

2018-11-23 18:09:56 - [MESSAGE][PASSED] - Text 'E1102069770Z' is set on object 'Object Repository/Final Object Repo/Page_Update Employer Information/Employer Code'

2018-11-23 18:09:56 - [TEST_STEP][PASSED] - click: Object: 'Object Repository/Final Object Repo/Page_Update Employer Information/Search Button' is clicked on

2018-11-23 18:09:57 - [MESSAGE][PASSED] - Object: 'Object Repository/Final Object Repo/Page_Update Employer Information/Search Button' is clicked on

2018-11-23 18:09:57 - [TEST_STEP][PASSED] - click: Object: 'Object Repository/Final Object Repo/Page_Update Employer Information/Edit Button' is clicked on

2018-11-23 18:09:59 - [MESSAGE][PASSED] - Object: 'Object Repository/Final Object Repo/Page_Update Employer Information/Edit Button' is clicked on

2018-11-23 18:09:59 - [TEST_STEP][PASSED] - Statement - abc = com.kms.katalon.core.webui.keyword.WebUiBuiltInKeywords.getAttribute(com.kms.katalon.core.testobject.ObjectRepository.findTestObject(Final Object Repo/Page_Form 1A - Cessation As Employer/Employer Status), "value"): Attribute 'value' of object 'Object Repository/Final Object Repo/Page_Form 1A - Cessation As Employer/Employer Status' is: 'Dormant'

2018-11-23 18:09:59 - [MESSAGE][PASSED] - Attribute 'value' of object 'Object Repository/Final Object Repo/Page_Form 1A - Cessation As Employer/Employer Status' is: 'Dormant'

2018-11-23 18:09:59 - [TEST_STEP][PASSED] - Statement - out.println(abc): null

2018-11-23 18:09:59 - [TEST_STEP][PASSED] - Statement - If (abc == "Active"): null

2018-11-23 18:09:59 - [TEST_STEP][PASSED] - Statement - Else If (abc == "Cancel"): null

2018-11-23 18:09:59 - [TEST_STEP][PASSED] - Statement - Else If (abc == "Dormant"): Object: 'Object Repository/Final Object Repo/Page_Form 1A - Cessation As Employer/Change Employer Status to - Dormant' is clicked on

2018-11-23 18:09:59 - [TEST_STEP][PASSED] - click: Object: 'Object Repository/Final Object Repo/Page_Form 1A - Cessation As Employer/Change Employer Status to' is clicked on

2018-11-23 18:09:59 - [MESSAGE][PASSED] - Object: 'Object Repository/Final Object Repo/Page_Form 1A - Cessation As Employer/Change Employer Status to' is clicked on

2018-11-23 18:09:59 - [TEST_STEP][PASSED] - click: Object: 'Object Repository/Final Object Repo/Page_Form 1A - Cessation As Employer/Change Employer Status to - Dormant' is clicked on

2018-11-23 18:10:00 - [MESSAGE][PASSED] - Object: 'Object Repository/Final Object Repo/Page_Form 1A - Cessation As Employer/Change Employer Status to - Dormant' is clicked on

2018-11-23 18:10:00 - [TEST_STEP][PASSED] - click: Object: 'Object Repository/Final Object Repo/Page_Form 1A - Cessation As Employer/Calender' is clicked on

2018-11-23 18:10:01 - [MESSAGE][PASSED] - Object: 'Object Repository/Final Object Repo/Page_Form 1A - Cessation As Employer/Calender' is clicked on

2018-11-23 18:10:01 - [TEST_STEP][PASSED] - click: Object: 'Object Repository/Final Object Repo/Page_Form 1A - Cessation As Employer/Calender - Date' is clicked on

2018-11-23 18:10:01 - [MESSAGE][PASSED] - Object: 'Object Repository/Final Object Repo/Page_Form 1A - Cessation As Employer/Calender - Date' is clicked on

2018-11-23 18:10:01 - [TEST_STEP][PASSED] - delay: Delayed 2 second(s)

2018-11-23 18:10:03 - [MESSAGE][PASSED] - Delayed 2 second(s)

2018-11-23 18:10:03 - [TEST_STEP][PASSED] - click: Object: 'Object Repository/Final Object Repo/Page_Form 1A - Cessation As Employer/Save  Continue in Form 1A Page' is clicked on

2018-11-23 18:10:06 - [MESSAGE][PASSED] - Object: 'Object Repository/Final Object Repo/Page_Form 1A - Cessation As Employer/Save  Continue in Form 1A Page' is clicked on

2018-11-23 18:10:06 - [TEST_STEP][PASSED] - delay: Delayed 2 second(s)

2018-11-23 18:10:08 - [MESSAGE][PASSED] - Delayed 2 second(s)

2018-11-23 18:10:08 - [TEST_STEP][PASSED] - click: Object: 'Object Repository/Final Object Repo/Page_Form 1A - Cessation As Employer/Employment Resign Date' is clicked on

2018-11-23 18:10:09 - [MESSAGE][PASSED] - Object: 'Object Repository/Final Object Repo/Page_Form 1A - Cessation As Employer/Employment Resign Date' is clicked on

2018-11-23 18:10:09 - [TEST_STEP][PASSED] - delay: Delayed 1 second(s)

2018-11-23 18:10:10 - [MESSAGE][PASSED] - Delayed 1 second(s)

2018-11-23 18:10:10 - [TEST_STEP][PASSED] - Statement - CaseReferenceNo = com.kms.katalon.core.webui.keyword.WebUiBuiltInKeywords.getText(com.kms.katalon.core.testobject.ObjectRepository.findTestObject(Final Object Repo/Page_Update Employer Information/Reference Number in Update Employee Information Page)): Text of object 'Object Repository/Final Object Repo/Page_Update Employer Information/Reference Number in Update Employee Information Page' is: 'CUN112018C200001619'

2018-11-23 18:10:10 - [MESSAGE][PASSED] - Text of object 'Object Repository/Final Object Repo/Page_Update Employer Information/Reference Number in Update Employee Information Page' is: 'CUN112018C200001619'

2018-11-23 18:10:10 - [TEST_STEP][PASSED] - Statement - out.println(CaseReferenceNo): null

2018-11-23 18:10:10 - [TEST_STEP][PASSED] - callTestCase: Call Test Case 'Test Cases/Final Aug 2018 - PKS Automation/Common/Reference Number Setter' successfully

2018-11-23 18:10:10 - [TEST_CASE][PASSED] - Test Cases/Final Aug 2018 - PKS Automation/Common/Reference Number Setter: Test Cases/Final Aug 2018 - PKS Automation/Common/Reference Number Setter

2018-11-23 18:10:10 - [TEST_STEP][PASSED] - Statement - RefNoOldFile = new java.io.File(C://Users//Admin//Desktop//PKS//Automation Reference Point//KatalonReference.txt): null

2018-11-23 18:10:10 - [TEST_STEP][PASSED] - Statement - RefNoOldFile.delete(): null

2018-11-23 18:10:10 - [TEST_STEP][PASSED] - delay: Delayed 5 second(s)

2018-11-23 18:10:15 - [MESSAGE][PASSED] - Delayed 5 second(s)

2018-11-23 18:10:15 - [TEST_STEP][PASSED] - Statement - RefNo = new java.io.File(C://Users//Admin//Desktop//PKS//Automation Reference Point//KatalonReference.txt): null

2018-11-23 18:10:15 - [TEST_STEP][PASSED] - Statement - f2 = new java.io.FileWriter(RefNo, false): null

2018-11-23 18:10:15 - [TEST_STEP][PASSED] - Statement - f2.write(CaseReferenceNo): null

2018-11-23 18:10:15 - [TEST_STEP][PASSED] - Statement - f2.close(): null

2018-11-23 18:10:15 - [TEST_STEP][PASSED] - Statement - out.println("


" + CaseReferenceNo + "


"): null

2018-11-23 18:10:15 - [MESSAGE][PASSED] - Call Test Case 'Test Cases/Final Aug 2018 - PKS Automation/Common/Reference Number Setter' successfully

2018-11-23 18:10:15 - [TEST_STEP][PASSED] - selectOptionByValue: All options with value '2030' are selected in object 'Object Repository/Final Object Repo/Page_Form 1A - Cessation As Employer/Employment Resign Date - Year' 

2018-11-23 18:10:15 - [MESSAGE][PASSED] - All options with value '2030' are selected in object 'Object Repository/Final Object Repo/Page_Form 1A - Cessation As Employer/Employment Resign Date - Year' 

2018-11-23 18:10:15 - [TEST_STEP][PASSED] - delay: Delayed 1 second(s)

2018-11-23 18:10:16 - [MESSAGE][PASSED] - Delayed 1 second(s)

2018-11-23 18:10:16 - [TEST_STEP][PASSED] - click: Object: 'Object Repository/Final Object Repo/Page_Form 1A - Cessation As Employer/Employment Resign Date - Year - Date' is clicked on

2018-11-23 18:10:17 - [MESSAGE][PASSED] - Object: 'Object Repository/Final Object Repo/Page_Form 1A - Cessation As Employer/Employment Resign Date - Year - Date' is clicked on

2018-11-23 18:10:17 - [TEST_STEP][PASSED] - delay: Delayed 2 second(s)

2018-11-23 18:10:19 - [MESSAGE][PASSED] - Delayed 2 second(s)

2018-11-23 18:10:19 - [TEST_STEP][PASSED] - click: Object: 'Object Repository/Final Object Repo/Page_Form 1A - Cessation As Employer/Save  Continue in Update Add Employee Resigned Date Page' is clicked on

2018-11-23 18:10:19 - [MESSAGE][PASSED] - Object: 'Object Repository/Final Object Repo/Page_Form 1A - Cessation As Employer/Save  Continue in Update Add Employee Resigned Date Page' is clicked on

2018-11-23 18:10:19 - [TEST_STEP][PASSED] - delay: Delayed 2 second(s)

2018-11-23 18:10:21 - [MESSAGE][PASSED] - Delayed 2 second(s)

2018-11-23 18:10:21 - [TEST_STEP][PASSED] - click: Object: 'Object Repository/Final Object Repo/Page_Form 1A - Cessation As Employer/Set Latest - Yes' is clicked on

2018-11-23 18:10:25 - [MESSAGE][PASSED] - Object: 'Object Repository/Final Object Repo/Page_Form 1A - Cessation As Employer/Set Latest - Yes' is clicked on

2018-11-23 18:10:25 - [TEST_STEP][PASSED] - delay: Delayed 2 second(s)

2018-11-23 18:10:27 - [MESSAGE][PASSED] - Delayed 2 second(s)

2018-11-23 18:10:27 - [TEST_STEP][PASSED] - click: Object: 'Object Repository/Final Object Repo/Page_Form 1A - Cessation As Employer/Add Document' is clicked on

2018-11-23 18:10:27 - [MESSAGE][PASSED] - Object: 'Object Repository/Final Object Repo/Page_Form 1A - Cessation As Employer/Add Document' is clicked on

2018-11-23 18:10:27 - [TEST_STEP][PASSED] - delay: Delayed 2 second(s)

2018-11-23 18:10:29 - [MESSAGE][PASSED] - Delayed 2 second(s)

2018-11-23 18:10:29 - [TEST_STEP][PASSED] - click: Object: 'Object Repository/Final Object Repo/Page_Form 1A - Cessation As Employer/Document Type' is clicked on

2018-11-23 18:10:30 - [MESSAGE][PASSED] - Object: 'Object Repository/Final Object Repo/Page_Form 1A - Cessation As Employer/Document Type' is clicked on

2018-11-23 18:10:30 - [TEST_STEP][PASSED] - delay: Delayed 2 second(s)

2018-11-23 18:10:32 - [MESSAGE][PASSED] - Delayed 2 second(s)

2018-11-23 18:10:32 - [TEST_STEP][PASSED] - click: Object: 'Object Repository/Final Object Repo/Page_Form 1A - Cessation As Employer/Document Type - Supporting Document For Cessation' is clicked on

2018-11-23 18:10:33 - [MESSAGE][PASSED] - Object: 'Object Repository/Final Object Repo/Page_Form 1A - Cessation As Employer/Document Type - Supporting Document For Cessation' is clicked on

2018-11-23 18:10:33 - [TEST_STEP][PASSED] - delay: Delayed 2 second(s)

2018-11-23 18:10:35 - [MESSAGE][PASSED] - Delayed 2 second(s)

2018-11-23 18:10:35 - [TEST_STEP][PASSED] - sendKeys: Keys 'C:\Users\Public\Pictures\Sample Pictures\Koala.jpg' sent to object: 'Object Repository/Final Object Repo/Page_Form 1A - Cessation As Employer/Uploading File'

2018-11-23 18:10:35 - [MESSAGE][PASSED] - Keys 'C:\Users\Public\Pictures\Sample Pictures\Koala.jpg' sent to object: 'Object Repository/Final Object Repo/Page_Form 1A - Cessation As Employer/Uploading File'

2018-11-23 18:10:35 - [TEST_STEP][PASSED] - delay: Delayed 2 second(s)

2018-11-23 18:10:37 - [MESSAGE][PASSED] - Delayed 2 second(s)

2018-11-23 18:10:37 - [TEST_STEP][PASSED] - click: Object: 'Object Repository/Final Object Repo/Page_Form 1A - Cessation As Employer/Add Document in Uploading Page' is clicked on

2018-11-23 18:10:42 - [MESSAGE][PASSED] - Object: 'Object Repository/Final Object Repo/Page_Form 1A - Cessation As Employer/Add Document in Uploading Page' is clicked on

2018-11-23 18:10:42 - [TEST_STEP][PASSED] - delay: Delayed 15 second(s)

2018-11-23 18:10:57 - [MESSAGE][PASSED] - Delayed 15 second(s)

2018-11-23 18:10:57 - [TEST_STEP][PASSED] - click: Object: 'Object Repository/Final Object Repo/Page_Form 1A - Cessation As Employer/Save  Continue in Uploading Page' is clicked on

2018-11-23 18:11:03 - [MESSAGE][PASSED] - Object: 'Object Repository/Final Object Repo/Page_Form 1A - Cessation As Employer/Save  Continue in Uploading Page' is clicked on

2018-11-23 18:11:03 - [TEST_STEP][PASSED] - delay: Delayed 2 second(s)

2018-11-23 18:11:05 - [MESSAGE][PASSED] - Delayed 2 second(s)

2018-11-23 18:11:05 - [TEST_STEP][PASSED] - click: Object: 'Object Repository/Final Object Repo/Page_Form 1A - Cessation As Employer/Submit2' is clicked on

2018-11-23 18:11:05 - [MESSAGE][PASSED] - Object: 'Object Repository/Final Object Repo/Page_Form 1A - Cessation As Employer/Submit2' is clicked on

2018-11-23 18:11:05 - [TEST_STEP][PASSED] - delay: Delayed 2 second(s)

2018-11-23 18:11:07 - [MESSAGE][PASSED] - Delayed 2 second(s)

2018-11-23 18:11:07 - [TEST_STEP][PASSED] - click: Object: 'Object Repository/Final Object Repo/Page_Form 1A - Cessation As Employer/Confirm' is clicked on

2018-11-23 18:11:13 - [MESSAGE][PASSED] - Object: 'Object Repository/Final Object Repo/Page_Form 1A - Cessation As Employer/Confirm' is clicked on

2018-11-23 18:11:13 - [TEST_STEP][PASSED] - delay: Delayed 2 second(s)

2018-11-23 18:11:15 - [MESSAGE][PASSED] - Delayed 2 second(s)

2018-11-23 18:11:15 - [TEST_STEP][PASSED] - verifyElementVisible: Object 'Object Repository/Final Object Repo/Page_Form 1A - Cessation As Employer/Message Your Request will be routed to UO' is visible

2018-11-23 18:11:15 - [MESSAGE][PASSED] - Object 'Object Repository/Final Object Repo/Page_Form 1A - Cessation As Employer/Message Your Request will be routed to UO' is visible

2018-11-23 18:11:15 - [TEST_STEP][PASSED] - delay: Delayed 1 second(s)

2018-11-23 18:11:16 - [MESSAGE][PASSED] - Delayed 1 second(s)

2018-11-23 18:11:16 - [TEST_STEP][PASSED] - verifyElementVisible: Object 'Object Repository/Final Object Repo/Page_Form 1A - Cessation As Employer/Letter of acknowledgement' is visible

2018-11-23 18:11:16 - [MESSAGE][PASSED] - Object 'Object Repository/Final Object Repo/Page_Form 1A - Cessation As Employer/Letter of acknowledgement' is visible

2018-11-23 18:11:16 - [MESSAGE][PASSED] - Call Test Case 'Test Cases/Final Aug 2018 - PKS Automation/Registration Module/Workflow/Form 1A - Cessation As Employer/Template/Form 1 A - Cessation As Employer (PKRBO)' successfully

2018-11-23 18:11:16 - [TEST_STEP][PASSED] - callTestCase: Call Test Case 'Test Cases/Final Aug 2018 - PKS Automation/Registration Module/Workflow/Form 1A - Cessation As Employer/Template/Form 1 A - Cessation As Employer (Query)' successfully

2018-11-23 18:11:16 - [TEST_CASE][PASSED] - Test Cases/Final Aug 2018 - PKS Automation/Registration Module/Workflow/Form 1A - Cessation As Employer/Template/Form 1 A - Cessation As Employer (Query): Test Cases/Final Aug 2018 - PKS Automation/Registration Module/Workflow/Form 1A - Cessation As Employer/Template/Form 1 A - Cessation As Employer (Query)

2018-11-23 18:11:16 - [TEST_STEP][NOT_RUN] - callTestCase: NOT_RUN: callTestCase

2018-11-23 18:11:16 - [MESSAGE][NOT_RUN] - NOT_RUN: callTestCase

2018-11-23 18:11:16 - [TEST_STEP][PASSED] - delay: Delayed 1 second(s)

2018-11-23 18:11:17 - [MESSAGE][PASSED] - Delayed 1 second(s)

2018-11-23 18:11:17 - [TEST_STEP][PASSED] - navigateToUrl: Navigate to 'https://assist2-uat.perkeso.gov.my/c/portal/logout' successfully

2018-11-23 18:11:18 - [MESSAGE][PASSED] - Navigate to 'https://assist2-uat.perkeso.gov.my/c/portal/logout' successfully

2018-11-23 18:11:18 - [TEST_STEP][PASSED] - delay: Delayed 1 second(s)

2018-11-23 18:11:19 - [MESSAGE][PASSED] - Delayed 1 second(s)

2018-11-23 18:11:19 - [TEST_STEP][PASSED] - callTestCase: Call Test Case 'Test Cases/Final Aug 2018 - PKS Automation/Common/Reference Number Getter' successfully

2018-11-23 18:11:19 - [TEST_CASE][PASSED] - Test Cases/Final Aug 2018 - PKS Automation/Common/Reference Number Getter: Test Cases/Final Aug 2018 - PKS Automation/Common/Reference Number Getter

2018-11-23 18:11:19 - [TEST_STEP][PASSED] - Statement - Try: null

2018-11-23 18:11:19 - [TEST_STEP][PASSED] - Statement - RefNo = new java.io.File(C://Users//Admin//Desktop//PKS//Automation Reference Point//KatalonReference.txt): null

2018-11-23 18:11:19 - [TEST_STEP][PASSED] - Statement - bufferread = new java.io.BufferedReader(new java.io.FileReader(RefNo)): null

2018-11-23 18:11:19 - [TEST_STEP][PASSED] - Statement - readedVal = bufferread.readLine(): null

2018-11-23 18:11:19 - [TEST_STEP][PASSED] - Statement - out.println(CaseReferenceNo): null

2018-11-23 18:11:19 - [TEST_STEP][PASSED] - Statement - out.println(readedVal): null

2018-11-23 18:11:19 - [TEST_STEP][PASSED] - Statement - CaseReferenceNo = "": null

2018-11-23 18:11:19 - [TEST_STEP][PASSED] - Statement - CaseReferenceNo = readedVal: null

2018-11-23 18:11:19 - [MESSAGE][PASSED] - Call Test Case 'Test Cases/Final Aug 2018 - PKS Automation/Common/Reference Number Getter' successfully

2018-11-23 18:11:19 - [TEST_STEP][PASSED] - callTestCase: Call Test Case 'Test Cases/Final Aug 2018 - PKS Automation/Common/Workflow Owner Finder' successfully

2018-11-23 18:11:19 - [TEST_CASE][PASSED] - Test Cases/Final Aug 2018 - PKS Automation/Common/Workflow Owner Finder: Test Cases/Final Aug 2018 - PKS Automation/Common/Workflow Owner Finder

2018-11-23 18:11:19 - [TEST_STEP][PASSED] - openBrowser: Browser is opened with url: ''

2018-11-23 18:11:19 - [MESSAGE][WARNING] - A browser is already opened. Closing browser and opening a new one

2018-11-23 18:11:24 - [MESSAGE][PASSED] - Browser is opened with url: ''

2018-11-23 18:11:24 - [TEST_STEP][PASSED] - navigateToUrl: Navigate to 'https://assist2-uat.perkeso.gov.my/login' successfully

2018-11-23 18:11:25 - [MESSAGE][PASSED] - Navigate to 'https://assist2-uat.perkeso.gov.my/login' successfully

2018-11-23 18:11:25 - [TEST_STEP][PASSED] - delay: Delayed 5 second(s)

2018-11-23 18:11:30 - [MESSAGE][PASSED] - Delayed 5 second(s)

2018-11-23 18:11:30 - [TEST_STEP][PASSED] - setText: Text 'test@liferay.com' is set on object 'Object Repository/Final Object Repo/Login Page/Internal User/Email Address'

2018-11-23 18:11:31 - [MESSAGE][PASSED] - Text 'test@liferay.com' is set on object 'Object Repository/Final Object Repo/Login Page/Internal User/Email Address'

2018-11-23 18:11:31 - [TEST_STEP][PASSED] - click: Object: 'Object Repository/Final Object Repo/Login Page/Internal User/Next Button' is clicked on

2018-11-23 18:11:31 - [MESSAGE][PASSED] - Object: 'Object Repository/Final Object Repo/Login Page/Internal User/Next Button' is clicked on

2018-11-23 18:11:31 - [TEST_STEP][PASSED] - delay: Delayed 2 second(s)

2018-11-23 18:11:33 - [MESSAGE][PASSED] - Delayed 2 second(s)

2018-11-23 18:11:33 - [TEST_STEP][PASSED] - setText: Text 'test' is set on object 'Object Repository/Final Object Repo/Login Page/Internal User/Password'

2018-11-23 18:11:33 - [MESSAGE][PASSED] - Text 'test' is set on object 'Object Repository/Final Object Repo/Login Page/Internal User/Password'

2018-11-23 18:11:33 - [TEST_STEP][PASSED] - delay: Delayed 2 second(s)

2018-11-23 18:11:35 - [MESSAGE][PASSED] - Delayed 2 second(s)

2018-11-23 18:11:35 - [TEST_STEP][PASSED] - click: Object: 'Object Repository/Final Object Repo/Login Page/Internal User/Login Button' is clicked on

2018-11-23 18:11:38 - [MESSAGE][PASSED] - Object: 'Object Repository/Final Object Repo/Login Page/Internal User/Login Button' is clicked on

2018-11-23 18:11:38 - [TEST_STEP][PASSED] - Statement - Try: Delayed 2 second(s)

2018-11-23 18:11:38 - [TEST_STEP][PASSED] - Statement - Checker = false: null

2018-11-23 18:11:38 - [TEST_STEP][PASSED] - Statement - Checker = com.kms.katalon.core.webui.keyword.WebUiBuiltInKeywords.verifyElementHasAttribute(com.kms.katalon.core.testobject.ObjectRepository.findTestObject(Final Object Repo/Landing Page/BM Detecting), "href", 20, OPTIONAL): Object 'Object Repository/Final Object Repo/Landing Page/BM Detecting' has attribute 'href'

2018-11-23 18:11:38 - [MESSAGE][PASSED] - Object 'Object Repository/Final Object Repo/Landing Page/BM Detecting' has attribute 'href'

2018-11-23 18:11:38 - [TEST_STEP][PASSED] - Statement - out.println(Checker): null

2018-11-23 18:11:38 - [TEST_STEP][PASSED] - Statement - If (Checker == false): null

2018-11-23 18:11:38 - [TEST_STEP][PASSED] - Statement - Else: null

2018-11-23 18:11:38 - [TEST_STEP][PASSED] - delay: Delayed 2 second(s)

2018-11-23 18:11:40 - [MESSAGE][PASSED] - Delayed 2 second(s)

2018-11-23 18:11:40 - [TEST_STEP][PASSED] - delay: Delayed 3 second(s)

2018-11-23 18:11:43 - [MESSAGE][PASSED] - Delayed 3 second(s)

2018-11-23 18:11:43 - [TEST_STEP][PASSED] - mouseOver: Object: 'Object Repository/Final Object Repo/Landing Page/WorkFlow Menu' is hovered

2018-11-23 18:11:43 - [MESSAGE][PASSED] - Object: 'Object Repository/Final Object Repo/Landing Page/WorkFlow Menu' is hovered

2018-11-23 18:11:43 - [TEST_STEP][PASSED] - delay: Delayed 2 second(s)

2018-11-23 18:11:45 - [MESSAGE][PASSED] - Delayed 2 second(s)

2018-11-23 18:11:45 - [TEST_STEP][PASSED] - click: Object: 'Object Repository/Final Object Repo/Landing Page/Select to Workflow Listing' is clicked on

2018-11-23 18:11:46 - [MESSAGE][PASSED] - Object: 'Object Repository/Final Object Repo/Landing Page/Select to Workflow Listing' is clicked on

2018-11-23 18:11:46 - [TEST_STEP][PASSED] - delay: Delayed 2 second(s)

2018-11-23 18:11:48 - [MESSAGE][PASSED] - Delayed 2 second(s)

2018-11-23 18:11:48 - [TEST_STEP][PASSED] - click: Object: 'Object Repository/Final Object Repo/WorkFlow Listing Page/Search Information - To Put Ref No' is clicked on

2018-11-23 18:11:49 - [MESSAGE][PASSED] - Object: 'Object Repository/Final Object Repo/WorkFlow Listing Page/Search Information - To Put Ref No' is clicked on

2018-11-23 18:11:49 - [TEST_STEP][PASSED] - delay: Delayed 2 second(s)

2018-11-23 18:11:51 - [MESSAGE][PASSED] - Delayed 2 second(s)

2018-11-23 18:11:51 - [TEST_STEP][PASSED] - callTestCase: Call Test Case 'Test Cases/Final Aug 2018 - PKS Automation/Common/Reference Number Getter' successfully

2018-11-23 18:11:51 - [TEST_CASE][PASSED] - Test Cases/Final Aug 2018 - PKS Automation/Common/Reference Number Getter: Test Cases/Final Aug 2018 - PKS Automation/Common/Reference Number Getter

2018-11-23 18:11:51 - [TEST_STEP][PASSED] - Statement - Try: null

2018-11-23 18:11:51 - [TEST_STEP][PASSED] - Statement - RefNo = new java.io.File(C://Users//Admin//Desktop//PKS//Automation Reference Point//KatalonReference.txt): null

2018-11-23 18:11:51 - [TEST_STEP][PASSED] - Statement - bufferread = new java.io.BufferedReader(new java.io.FileReader(RefNo)): null

2018-11-23 18:11:51 - [TEST_STEP][PASSED] - Statement - readedVal = bufferread.readLine(): null

2018-11-23 18:11:51 - [TEST_STEP][PASSED] - Statement - out.println(CaseReferenceNo): null

2018-11-23 18:11:51 - [TEST_STEP][PASSED] - Statement - out.println(readedVal): null

2018-11-23 18:11:51 - [TEST_STEP][PASSED] - Statement - CaseReferenceNo = "": null

2018-11-23 18:11:51 - [TEST_STEP][PASSED] - Statement - CaseReferenceNo = readedVal: null

2018-11-23 18:11:51 - [MESSAGE][PASSED] - Call Test Case 'Test Cases/Final Aug 2018 - PKS Automation/Common/Reference Number Getter' successfully

2018-11-23 18:11:51 - [TEST_STEP][PASSED] - setText: Text 'CUN112018C200001619' is set on object 'Object Repository/Final Object Repo/WorkFlow Listing Page/Ref No Set Text'

2018-11-23 18:11:51 - [MESSAGE][PASSED] - Text 'CUN112018C200001619' is set on object 'Object Repository/Final Object Repo/WorkFlow Listing Page/Ref No Set Text'

2018-11-23 18:11:51 - [TEST_STEP][PASSED] - delay: Delayed 2 second(s)

2018-11-23 18:11:53 - [MESSAGE][PASSED] - Delayed 2 second(s)

2018-11-23 18:11:53 - [TEST_STEP][PASSED] - click: Object: 'Object Repository/Final Object Repo/WorkFlow Listing Page/Search Ref No Search Button' is clicked on

2018-11-23 18:11:55 - [MESSAGE][PASSED] - Object: 'Object Repository/Final Object Repo/WorkFlow Listing Page/Search Ref No Search Button' is clicked on

2018-11-23 18:11:55 - [TEST_STEP][PASSED] - delay: Delayed 4 second(s)

2018-11-23 18:11:59 - [MESSAGE][PASSED] - Delayed 4 second(s)

2018-11-23 18:11:59 - [TEST_STEP][PASSED] - click: Object: 'Object Repository/Final Object Repo/WorkFlow Listing Page/Click Continue Tooltip' is clicked on

2018-11-23 18:12:00 - [MESSAGE][PASSED] - Object: 'Object Repository/Final Object Repo/WorkFlow Listing Page/Click Continue Tooltip' is clicked on

2018-11-23 18:12:00 - [TEST_STEP][PASSED] - delay: Delayed 5 second(s)

2018-11-23 18:12:05 - [MESSAGE][PASSED] - Delayed 5 second(s)

2018-11-23 18:12:05 - [TEST_STEP][PASSED] - doubleClick: Object: 'Object Repository/Final Object Repo/WorkFlow Listing Page/Workflow Found - Listing 1' is double clicked on

2018-11-23 18:12:05 - [MESSAGE][PASSED] - Object: 'Object Repository/Final Object Repo/WorkFlow Listing Page/Workflow Found - Listing 1' is double clicked on

2018-11-23 18:12:05 - [TEST_STEP][PASSED] - Statement - println(OwnerID): null

2018-11-23 18:12:05 - [TEST_STEP][PASSED] - Statement - OwnerID = com.kms.katalon.core.webui.keyword.WebUiBuiltInKeywords.getText(com.kms.katalon.core.testobject.ObjectRepository.findTestObject(Final Object Repo/WorkFlow Listing Page/Workflow Found - Listing 1), STOP_ON_FAILURE): Text of object 'Object Repository/Final Object Repo/WorkFlow Listing Page/Workflow Found - Listing 1' is: 'JOHORuo3'

2018-11-23 18:12:06 - [MESSAGE][PASSED] - Text of object 'Object Repository/Final Object Repo/WorkFlow Listing Page/Workflow Found - Listing 1' is: 'JOHORuo3'

2018-11-23 18:12:06 - [TEST_STEP][PASSED] - Statement - OwnerID = OwnerID.toLowerCase() + "@gmail.com": null

2018-11-23 18:12:06 - [TEST_STEP][PASSED] - Statement - println(OwnerID): null

2018-11-23 18:12:06 - [TEST_STEP][PASSED] - delay: Delayed 2 second(s)

2018-11-23 18:12:08 - [MESSAGE][PASSED] - Delayed 2 second(s)

2018-11-23 18:12:08 - [MESSAGE][PASSED] - Call Test Case 'Test Cases/Final Aug 2018 - PKS Automation/Common/Workflow Owner Finder' successfully

2018-11-23 18:12:08 - [TEST_STEP][PASSED] - delay: Delayed 1 second(s)

2018-11-23 18:12:09 - [MESSAGE][PASSED] - Delayed 1 second(s)

2018-11-23 18:12:09 - [TEST_STEP][PASSED] - navigateToUrl: Navigate to 'https://assist2-uat.perkeso.gov.my/c/portal/logout' successfully

2018-11-23 18:12:09 - [MESSAGE][PASSED] - Navigate to 'https://assist2-uat.perkeso.gov.my/c/portal/logout' successfully

2018-11-23 18:12:09 - [TEST_STEP][PASSED] - delay: Delayed 1 second(s)

2018-11-23 18:12:10 - [MESSAGE][PASSED] - Delayed 1 second(s)

2018-11-23 18:12:10 - [TEST_STEP][PASSED] - callTestCase: Call Test Case 'Test Cases/Final Aug 2018 - PKS Automation/Registration Module/Workflow/Login and Search Case For Workflow' successfully

2018-11-23 18:12:11 - [TEST_CASE][PASSED] - Test Cases/Final Aug 2018 - PKS Automation/Registration Module/Workflow/Login and Search Case For Workflow: Test Cases/Final Aug 2018 - PKS Automation/Registration Module/Workflow/Login and Search Case For Workflow

2018-11-23 18:12:11 - [TEST_STEP][PASSED] - navigateToUrl: Navigate to 'https://assist2-uat.perkeso.gov.my/login' successfully

2018-11-23 18:12:11 - [MESSAGE][PASSED] - Navigate to 'https://assist2-uat.perkeso.gov.my/login' successfully

2018-11-23 18:12:11 - [TEST_STEP][PASSED] - setText: Text 'johoruo3@gmail.com' is set on object 'Object Repository/Final Object Repo/Login Page/Internal User/Email Address'

2018-11-23 18:12:12 - [MESSAGE][PASSED] - Text 'johoruo3@gmail.com' is set on object 'Object Repository/Final Object Repo/Login Page/Internal User/Email Address'

2018-11-23 18:12:12 - [TEST_STEP][PASSED] - click: Object: 'Object Repository/Final Object Repo/Login Page/Internal User/Next Button' is clicked on

2018-11-23 18:12:12 - [MESSAGE][PASSED] - Object: 'Object Repository/Final Object Repo/Login Page/Internal User/Next Button' is clicked on

2018-11-23 18:12:12 - [TEST_STEP][PASSED] - delay: Delayed 1 second(s)

2018-11-23 18:12:13 - [MESSAGE][PASSED] - Delayed 1 second(s)

2018-11-23 18:12:13 - [TEST_STEP][PASSED] - setEncryptedText: Text ****** has been set on object 'Object Repository/Final Object Repo/Login Page/Internal User/Password'

2018-11-23 18:12:13 - [MESSAGE][PASSED] - Text ****** has been set on object 'Object Repository/Final Object Repo/Login Page/Internal User/Password'

2018-11-23 18:12:13 - [TEST_STEP][PASSED] - click: Object: 'Object Repository/Final Object Repo/Login Page/Internal User/Login Button' is clicked on

2018-11-23 18:12:15 - [MESSAGE][PASSED] - Object: 'Object Repository/Final Object Repo/Login Page/Internal User/Login Button' is clicked on

2018-11-23 18:12:15 - [TEST_STEP][PASSED] - delay: Delayed 2 second(s)

2018-11-23 18:12:17 - [MESSAGE][PASSED] - Delayed 2 second(s)

2018-11-23 18:12:17 - [TEST_STEP][PASSED] - Statement - Try: Delayed 2 second(s)

2018-11-23 18:12:17 - [TEST_STEP][PASSED] - Statement - Checker = false: null

2018-11-23 18:12:17 - [TEST_STEP][PASSED] - Statement - Checker = com.kms.katalon.core.webui.keyword.WebUiBuiltInKeywords.verifyElementHasAttribute(com.kms.katalon.core.testobject.ObjectRepository.findTestObject(Final Object Repo/Landing Page/BM Detecting), "href", 20, OPTIONAL): Object 'Object Repository/Final Object Repo/Landing Page/BM Detecting' has attribute 'href'

2018-11-23 18:12:17 - [MESSAGE][PASSED] - Object 'Object Repository/Final Object Repo/Landing Page/BM Detecting' has attribute 'href'

2018-11-23 18:12:17 - [TEST_STEP][PASSED] - Statement - out.println(Checker): null

2018-11-23 18:12:17 - [TEST_STEP][PASSED] - Statement - If (Checker == false): null

2018-11-23 18:12:17 - [TEST_STEP][PASSED] - Statement - Else: null

2018-11-23 18:12:17 - [TEST_STEP][PASSED] - delay: Delayed 2 second(s)

2018-11-23 18:12:19 - [MESSAGE][PASSED] - Delayed 2 second(s)

2018-11-23 18:12:19 - [TEST_STEP][PASSED] - click: Object: 'Object Repository/Final Object Repo/Page_MyASSIST - ASSIST - Search Pending Case For Add Supporting Document/Search Information' is clicked on

2018-11-23 18:12:19 - [MESSAGE][PASSED] - Object: 'Object Repository/Final Object Repo/Page_MyASSIST - ASSIST - Search Pending Case For Add Supporting Document/Search Information' is clicked on

2018-11-23 18:12:19 - [TEST_STEP][PASSED] - delay: Delayed 3 second(s)

2018-11-23 18:12:22 - [MESSAGE][PASSED] - Delayed 3 second(s)

2018-11-23 18:12:22 - [TEST_STEP][PASSED] - sendKeys: Keys 'CUN112018C200001619' sent to object: 'Object Repository/Final Object Repo/Page_MyASSIST - ASSIST - Search Pending Case For Add Supporting Document/Reference No'

2018-11-23 18:12:23 - [MESSAGE][PASSED] - Keys 'CUN112018C200001619' sent to object: 'Object Repository/Final Object Repo/Page_MyASSIST - ASSIST - Search Pending Case For Add Supporting Document/Reference No'

2018-11-23 18:12:23 - [TEST_STEP][PASSED] - click: Object: 'Object Repository/Final Object Repo/Page_MyASSIST - ASSIST - Search Pending Case For Add Supporting Document/Search Reference No' is clicked on

2018-11-23 18:12:24 - [MESSAGE][PASSED] - Object: 'Object Repository/Final Object Repo/Page_MyASSIST - ASSIST - Search Pending Case For Add Supporting Document/Search Reference No' is clicked on

2018-11-23 18:12:24 - [TEST_STEP][PASSED] - delay: Delayed 2 second(s)

2018-11-23 18:12:26 - [MESSAGE][PASSED] - Delayed 2 second(s)

2018-11-23 18:12:26 - [TEST_STEP][PASSED] - click: Object: 'Object Repository/Final Object Repo/Page_MyASSIST - ASSIST - Search Pending Case For Add Supporting Document/Continue' is clicked on

2018-11-23 18:12:30 - [MESSAGE][PASSED] - Object: 'Object Repository/Final Object Repo/Page_MyASSIST - ASSIST - Search Pending Case For Add Supporting Document/Continue' is clicked on

2018-11-23 18:12:30 - [TEST_STEP][PASSED] - delay: Delayed 20 second(s)

2018-11-23 18:12:50 - [MESSAGE][PASSED] - Delayed 20 second(s)

2018-11-23 18:12:50 - [MESSAGE][PASSED] - Call Test Case 'Test Cases/Final Aug 2018 - PKS Automation/Registration Module/Workflow/Login and Search Case For Workflow' successfully

2018-11-23 18:12:50 - [TEST_STEP][PASSED] - click: Object: 'Object Repository/Final Object Repo/Page_Form 1A - Cessation As Employer/Page_Form 1A - Cessation As Employer (Approve)/Save  Continue in Form 1A Page' is clicked on

2018-11-23 18:12:52 - [MESSAGE][PASSED] - Object: 'Object Repository/Final Object Repo/Page_Form 1A - Cessation As Employer/Page_Form 1A - Cessation As Employer (Approve)/Save  Continue in Form 1A Page' is clicked on

2018-11-23 18:12:52 - [TEST_STEP][PASSED] - delay: Delayed 2 second(s)

2018-11-23 18:12:54 - [MESSAGE][PASSED] - Delayed 2 second(s)

2018-11-23 18:12:54 - [TEST_STEP][PASSED] - click: Object: 'Object Repository/Final Object Repo/Page_Form 1A - Cessation As Employer/Employment Resign Date' is clicked on

2018-11-23 18:12:54 - [MESSAGE][PASSED] - Object: 'Object Repository/Final Object Repo/Page_Form 1A - Cessation As Employer/Employment Resign Date' is clicked on

2018-11-23 18:12:54 - [TEST_STEP][PASSED] - delay: Delayed 1 second(s)

2018-11-23 18:12:55 - [MESSAGE][PASSED] - Delayed 1 second(s)

2018-11-23 18:12:55 - [TEST_STEP][PASSED] - selectOptionByValue: All options with value '2030' are selected in object 'Object Repository/Final Object Repo/Page_Form 1A - Cessation As Employer/Employment Resign Date - Year' 

2018-11-23 18:12:56 - [MESSAGE][PASSED] - All options with value '2030' are selected in object 'Object Repository/Final Object Repo/Page_Form 1A - Cessation As Employer/Employment Resign Date - Year' 

2018-11-23 18:12:56 - [TEST_STEP][PASSED] - delay: Delayed 1 second(s)

2018-11-23 18:12:57 - [MESSAGE][PASSED] - Delayed 1 second(s)

2018-11-23 18:12:57 - [TEST_STEP][PASSED] - click: Object: 'Object Repository/Final Object Repo/Page_Form 1A - Cessation As Employer/Employment Resign Date - Year - Date' is clicked on

2018-11-23 18:12:57 - [MESSAGE][PASSED] - Object: 'Object Repository/Final Object Repo/Page_Form 1A - Cessation As Employer/Employment Resign Date - Year - Date' is clicked on

2018-11-23 18:12:57 - [TEST_STEP][PASSED] - delay: Delayed 2 second(s)

2018-11-23 18:12:59 - [MESSAGE][PASSED] - Delayed 2 second(s)

2018-11-23 18:12:59 - [TEST_STEP][PASSED] - click: Object: 'Object Repository/Final Object Repo/Page_Form 1A - Cessation As Employer/Page_Form 1A - Cessation As Employer (Approve)/Save  Continue in Update Add Employee Resigned Date Page' is clicked on

2018-11-23 18:13:00 - [MESSAGE][PASSED] - Object: 'Object Repository/Final Object Repo/Page_Form 1A - Cessation As Employer/Page_Form 1A - Cessation As Employer (Approve)/Save  Continue in Update Add Employee Resigned Date Page' is clicked on

2018-11-23 18:13:00 - [TEST_STEP][PASSED] - delay: Delayed 2 second(s)

2018-11-23 18:13:02 - [MESSAGE][PASSED] - Delayed 2 second(s)

2018-11-23 18:13:02 - [TEST_STEP][PASSED] - click: Object: 'Object Repository/Final Object Repo/Page_Form 1A - Cessation As Employer/Set Latest - Yes' is clicked on

2018-11-23 18:13:05 - [MESSAGE][PASSED] - Object: 'Object Repository/Final Object Repo/Page_Form 1A - Cessation As Employer/Set Latest - Yes' is clicked on

2018-11-23 18:13:05 - [TEST_STEP][PASSED] - delay: Delayed 2 second(s)

2018-11-23 18:13:07 - [MESSAGE][PASSED] - Delayed 2 second(s)

2018-11-23 18:13:07 - [TEST_STEP][PASSED] - setText: Text 'remark' is set on object 'Object Repository/Final Object Repo/Page_Form 1A - Cessation As Employer/Page_Form 1A - Cessation As Employer (Query)/Query - remark'

2018-11-23 18:13:07 - [MESSAGE][PASSED] - Text 'remark' is set on object 'Object Repository/Final Object Repo/Page_Form 1A - Cessation As Employer/Page_Form 1A - Cessation As Employer (Query)/Query - remark'

2018-11-23 18:13:07 - [TEST_STEP][PASSED] - delay: Delayed 2 second(s)

2018-11-23 18:13:09 - [MESSAGE][PASSED] - Delayed 2 second(s)

2018-11-23 18:13:09 - [TEST_STEP][PASSED] - click: Object: 'Object Repository/Final Object Repo/Page_Form 1A - Cessation As Employer/Page_Form 1A - Cessation As Employer (Approve)/Save  Contine in Uploading Document Page' is clicked on

2018-11-23 18:13:14 - [MESSAGE][PASSED] - Object: 'Object Repository/Final Object Repo/Page_Form 1A - Cessation As Employer/Page_Form 1A - Cessation As Employer (Approve)/Save  Contine in Uploading Document Page' is clicked on

2018-11-23 18:13:14 - [TEST_STEP][PASSED] - delay: Delayed 2 second(s)

2018-11-23 18:13:16 - [MESSAGE][PASSED] - Delayed 2 second(s)

2018-11-23 18:13:16 - [TEST_STEP][PASSED] - click: Object: 'Object Repository/Final Object Repo/Page_Form 1A - Cessation As Employer/Page_Form 1A - Cessation As Employer (Query)/Query' is clicked on

2018-11-23 18:13:16 - [MESSAGE][PASSED] - Object: 'Object Repository/Final Object Repo/Page_Form 1A - Cessation As Employer/Page_Form 1A - Cessation As Employer (Query)/Query' is clicked on

2018-11-23 18:13:16 - [TEST_STEP][PASSED] - delay: Delayed 2 second(s)

2018-11-23 18:13:18 - [MESSAGE][PASSED] - Delayed 2 second(s)

2018-11-23 18:13:18 - [TEST_STEP][PASSED] - click: Object: 'Object Repository/Final Object Repo/Page_Form 1A - Cessation As Employer/Page_Form 1A - Cessation As Employer (Query)/Confirm' is clicked on

2018-11-23 18:13:24 - [MESSAGE][PASSED] - Object: 'Object Repository/Final Object Repo/Page_Form 1A - Cessation As Employer/Page_Form 1A - Cessation As Employer (Query)/Confirm' is clicked on

2018-11-23 18:13:24 - [TEST_STEP][PASSED] - delay: Delayed 2 second(s)

2018-11-23 18:13:26 - [MESSAGE][PASSED] - Delayed 2 second(s)

2018-11-23 18:13:26 - [TEST_STEP][PASSED] - verifyElementVisible: Object 'Object Repository/Final Object Repo/Page_Form 1A - Cessation As Employer/Page_Form 1A - Cessation As Employer (Query)/MessageThe Case Is Under Query' is visible

2018-11-23 18:13:26 - [MESSAGE][PASSED] - Object 'Object Repository/Final Object Repo/Page_Form 1A - Cessation As Employer/Page_Form 1A - Cessation As Employer (Query)/MessageThe Case Is Under Query' is visible

2018-11-23 18:13:26 - [TEST_STEP][PASSED] - delay: Delayed 1 second(s)

2018-11-23 18:13:27 - [MESSAGE][PASSED] - Delayed 1 second(s)

2018-11-23 18:13:27 - [TEST_STEP][PASSED] - verifyElementVisible: Object 'Object Repository/Final Object Repo/Page_Form 1A - Cessation As Employer/Page_Form 1A - Cessation As Employer (Query)/Letter of inquiry' is visible

2018-11-23 18:13:27 - [MESSAGE][PASSED] - Object 'Object Repository/Final Object Repo/Page_Form 1A - Cessation As Employer/Page_Form 1A - Cessation As Employer (Query)/Letter of inquiry' is visible

2018-11-23 18:13:27 - [TEST_STEP][PASSED] - delay: Delayed 1 second(s)

2018-11-23 18:13:28 - [MESSAGE][PASSED] - Delayed 1 second(s)

2018-11-23 18:13:28 - [TEST_STEP][PASSED] - navigateToUrl: Navigate to 'https://assist2-uat.perkeso.gov.my/c/portal/logout' successfully

2018-11-23 18:13:29 - [MESSAGE][PASSED] - Navigate to 'https://assist2-uat.perkeso.gov.my/c/portal/logout' successfully

2018-11-23 18:13:29 - [TEST_STEP][PASSED] - delay: Delayed 1 second(s)

2018-11-23 18:13:30 - [MESSAGE][PASSED] - Delayed 1 second(s)

2018-11-23 18:13:30 - [TEST_STEP][PASSED] - callTestCase: Call Test Case 'Test Cases/Final Aug 2018 - PKS Automation/Registration Module/Workflow/Search Pending Case For Add Supporting Document (OTC)' successfully

2018-11-23 18:13:30 - [TEST_CASE][PASSED] - Test Cases/Final Aug 2018 - PKS Automation/Registration Module/Workflow/Search Pending Case For Add Supporting Document (OTC): Test Cases/Final Aug 2018 - PKS Automation/Registration Module/Workflow/Search Pending Case For Add Supporting Document (OTC)

2018-11-23 18:13:30 - [TEST_STEP][PASSED] - openBrowser: Browser is opened with url: ''

2018-11-23 18:13:30 - [MESSAGE][WARNING] - A browser is already opened. Closing browser and opening a new one

2018-11-23 18:13:34 - [MESSAGE][PASSED] - Browser is opened with url: ''

2018-11-23 18:13:34 - [TEST_STEP][PASSED] - navigateToUrl: Navigate to 'https://assist2-uat.perkeso.gov.my/login' successfully

2018-11-23 18:13:36 - [MESSAGE][PASSED] - Navigate to 'https://assist2-uat.perkeso.gov.my/login' successfully

2018-11-23 18:13:36 - [TEST_STEP][PASSED] - setText: Text 'johorotc1@gmail.com' is set on object 'Object Repository/Final Object Repo/Login Page/Internal User/Email Address'

2018-11-23 18:13:36 - [MESSAGE][PASSED] - Text 'johorotc1@gmail.com' is set on object 'Object Repository/Final Object Repo/Login Page/Internal User/Email Address'

2018-11-23 18:13:36 - [TEST_STEP][PASSED] - click: Object: 'Object Repository/Final Object Repo/Login Page/Internal User/Next Button' is clicked on

2018-11-23 18:13:36 - [MESSAGE][PASSED] - Object: 'Object Repository/Final Object Repo/Login Page/Internal User/Next Button' is clicked on

2018-11-23 18:13:36 - [TEST_STEP][PASSED] - delay: Delayed 1 second(s)

2018-11-23 18:13:37 - [MESSAGE][PASSED] - Delayed 1 second(s)

2018-11-23 18:13:37 - [TEST_STEP][PASSED] - setEncryptedText: Text ****** has been set on object 'Object Repository/Final Object Repo/Login Page/Internal User/Password'

2018-11-23 18:13:37 - [MESSAGE][PASSED] - Text ****** has been set on object 'Object Repository/Final Object Repo/Login Page/Internal User/Password'

2018-11-23 18:13:37 - [TEST_STEP][PASSED] - click: Object: 'Object Repository/Final Object Repo/Login Page/Internal User/Login Button' is clicked on

2018-11-23 18:13:40 - [MESSAGE][PASSED] - Object: 'Object Repository/Final Object Repo/Login Page/Internal User/Login Button' is clicked on

2018-11-23 18:13:40 - [TEST_STEP][PASSED] - delay: Delayed 1 second(s)

2018-11-23 18:13:41 - [MESSAGE][PASSED] - Delayed 1 second(s)

2018-11-23 18:13:41 - [TEST_STEP][PASSED] - Statement - Try: Delayed 2 second(s)

2018-11-23 18:13:41 - [TEST_STEP][PASSED] - Statement - Checker = false: null

2018-11-23 18:13:41 - [TEST_STEP][PASSED] - Statement - Checker = com.kms.katalon.core.webui.keyword.WebUiBuiltInKeywords.verifyElementHasAttribute(com.kms.katalon.core.testobject.ObjectRepository.findTestObject(Final Object Repo/Landing Page/BM Detecting), "href", 20, OPTIONAL): Object 'Object Repository/Final Object Repo/Landing Page/BM Detecting' has attribute 'href'

2018-11-23 18:13:41 - [MESSAGE][PASSED] - Object 'Object Repository/Final Object Repo/Landing Page/BM Detecting' has attribute 'href'

2018-11-23 18:13:41 - [TEST_STEP][PASSED] - Statement - out.println(Checker): null

2018-11-23 18:13:41 - [TEST_STEP][PASSED] - Statement - If (Checker == false): null

2018-11-23 18:13:41 - [TEST_STEP][PASSED] - Statement - Else: null

2018-11-23 18:13:41 - [TEST_STEP][PASSED] - delay: Delayed 2 second(s)

2018-11-23 18:13:43 - [MESSAGE][PASSED] - Delayed 2 second(s)

2018-11-23 18:13:43 - [TEST_STEP][PASSED] - navigateToUrl: Navigate to 'https://assist2-uat.perkeso.gov.my/web/registration/search/search-pending-case-for-add-supporting-document' successfully

2018-11-23 18:13:44 - [MESSAGE][PASSED] - Navigate to 'https://assist2-uat.perkeso.gov.my/web/registration/search/search-pending-case-for-add-supporting-document' successfully

2018-11-23 18:13:44 - [TEST_STEP][PASSED] - click: Object: 'Object Repository/Final Object Repo/Page_Search Pending Case For Add Suporting Document/Search By' is clicked on

2018-11-23 18:13:44 - [MESSAGE][PASSED] - Object: 'Object Repository/Final Object Repo/Page_Search Pending Case For Add Suporting Document/Search By' is clicked on

2018-11-23 18:13:44 - [TEST_STEP][PASSED] - click: Object: 'Object Repository/Final Object Repo/Page_Search Pending Case For Add Suporting Document/Search By - Reference ID' is clicked on

2018-11-23 18:13:45 - [MESSAGE][PASSED] - Object: 'Object Repository/Final Object Repo/Page_Search Pending Case For Add Suporting Document/Search By - Reference ID' is clicked on

2018-11-23 18:13:45 - [TEST_STEP][PASSED] - delay: Delayed 2 second(s)

2018-11-23 18:13:47 - [MESSAGE][PASSED] - Delayed 2 second(s)

2018-11-23 18:13:47 - [TEST_STEP][PASSED] - setText: Text 'CUN112018C200001619' is set on object 'Object Repository/Final Object Repo/Page_Search Pending Case For Add Suporting Document/Reference ID'

2018-11-23 18:13:47 - [MESSAGE][PASSED] - Text 'CUN112018C200001619' is set on object 'Object Repository/Final Object Repo/Page_Search Pending Case For Add Suporting Document/Reference ID'

2018-11-23 18:13:47 - [TEST_STEP][PASSED] - click: Object: 'Object Repository/Final Object Repo/Page_Search Pending Case For Add Suporting Document/Search' is clicked on

2018-11-23 18:13:49 - [MESSAGE][PASSED] - Object: 'Object Repository/Final Object Repo/Page_Search Pending Case For Add Suporting Document/Search' is clicked on

2018-11-23 18:13:49 - [TEST_STEP][PASSED] - delay: Delayed 2 second(s)

2018-11-23 18:13:51 - [MESSAGE][PASSED] - Delayed 2 second(s)

2018-11-23 18:13:51 - [TEST_STEP][PASSED] - click: Object: 'Object Repository/Final Object Repo/Page_Search Pending Case For Add Suporting Document/Edit' is clicked on

2018-11-23 18:13:54 - [MESSAGE][PASSED] - Object: 'Object Repository/Final Object Repo/Page_Search Pending Case For Add Suporting Document/Edit' is clicked on

2018-11-23 18:13:54 - [MESSAGE][PASSED] - Call Test Case 'Test Cases/Final Aug 2018 - PKS Automation/Registration Module/Workflow/Search Pending Case For Add Supporting Document (OTC)' successfully

2018-11-23 18:13:54 - [TEST_STEP][PASSED] - click: Object: 'Object Repository/Final Object Repo/Page_Form 1A - Cessation As Employer/Page_Form 1A - Cessation As Employer (Query -OTC -UO)/Next in Form 1A Page' is clicked on

2018-11-23 18:13:56 - [MESSAGE][PASSED] - Object: 'Object Repository/Final Object Repo/Page_Form 1A - Cessation As Employer/Page_Form 1A - Cessation As Employer (Query -OTC -UO)/Next in Form 1A Page' is clicked on

2018-11-23 18:13:56 - [TEST_STEP][PASSED] - delay: Delayed 2 second(s)

2018-11-23 18:13:58 - [MESSAGE][PASSED] - Delayed 2 second(s)

2018-11-23 18:13:58 - [TEST_STEP][PASSED] - click: Object: 'Object Repository/Final Object Repo/Page_Form 1A - Cessation As Employer/Page_Form 1A - Cessation As Employer (Query -OTC -UO)/Next in Resigned Date Page' is clicked on

2018-11-23 18:14:01 - [MESSAGE][PASSED] - Object: 'Object Repository/Final Object Repo/Page_Form 1A - Cessation As Employer/Page_Form 1A - Cessation As Employer (Query -OTC -UO)/Next in Resigned Date Page' is clicked on

2018-11-23 18:14:01 - [TEST_STEP][PASSED] - delay: Delayed 2 second(s)

2018-11-23 18:14:03 - [MESSAGE][PASSED] - Delayed 2 second(s)

2018-11-23 18:14:03 - [TEST_STEP][PASSED] - click: Object: 'Object Repository/Final Object Repo/Page_Form 1A - Cessation As Employer/Page_Form 1A - Cessation As Employer (Query -OTC -UO)/Add Document' is clicked on

2018-11-23 18:14:04 - [MESSAGE][PASSED] - Object: 'Object Repository/Final Object Repo/Page_Form 1A - Cessation As Employer/Page_Form 1A - Cessation As Employer (Query -OTC -UO)/Add Document' is clicked on

2018-11-23 18:14:04 - [TEST_STEP][PASSED] - delay: Delayed 2 second(s)

2018-11-23 18:14:06 - [MESSAGE][PASSED] - Delayed 2 second(s)

2018-11-23 18:14:06 - [TEST_STEP][PASSED] - click: Object: 'Object Repository/Final Object Repo/Page_Form 1A - Cessation As Employer/Page_Form 1A - Cessation As Employer (Query -OTC -UO)/Document Type' is clicked on

2018-11-23 18:14:07 - [MESSAGE][PASSED] - Object: 'Object Repository/Final Object Repo/Page_Form 1A - Cessation As Employer/Page_Form 1A - Cessation As Employer (Query -OTC -UO)/Document Type' is clicked on

2018-11-23 18:14:07 - [TEST_STEP][PASSED] - click: Object: 'Object Repository/Final Object Repo/Page_Form 1A - Cessation As Employer/Page_Form 1A - Cessation As Employer (Query -OTC -UO)/Document Type - Others' is clicked on

2018-11-23 18:14:07 - [MESSAGE][PASSED] - Object: 'Object Repository/Final Object Repo/Page_Form 1A - Cessation As Employer/Page_Form 1A - Cessation As Employer (Query -OTC -UO)/Document Type - Others' is clicked on

2018-11-23 18:14:07 - [TEST_STEP][PASSED] - delay: Delayed 2 second(s)

2018-11-23 18:14:09 - [MESSAGE][PASSED] - Delayed 2 second(s)

2018-11-23 18:14:09 - [TEST_STEP][PASSED] - sendKeys: Keys 'C:\Users\Public\Pictures\Sample Pictures\Koala.jpg' sent to object: 'Object Repository/Final Object Repo/Page_Form 1A - Cessation As Employer/Uploading File'

2018-11-23 18:14:10 - [MESSAGE][PASSED] - Keys 'C:\Users\Public\Pictures\Sample Pictures\Koala.jpg' sent to object: 'Object Repository/Final Object Repo/Page_Form 1A - Cessation As Employer/Uploading File'

2018-11-23 18:14:10 - [TEST_STEP][PASSED] - delay: Delayed 2 second(s)

2018-11-23 18:14:12 - [MESSAGE][PASSED] - Delayed 2 second(s)

2018-11-23 18:14:12 - [TEST_STEP][PASSED] - click: Object: 'Object Repository/Final Object Repo/Page_Form 1A - Cessation As Employer/Page_Form 1A - Cessation As Employer (Query -OTC -UO)/Add Document in Uploading Page' is clicked on

2018-11-23 18:14:16 - [MESSAGE][PASSED] - Object: 'Object Repository/Final Object Repo/Page_Form 1A - Cessation As Employer/Page_Form 1A - Cessation As Employer (Query -OTC -UO)/Add Document in Uploading Page' is clicked on

2018-11-23 18:14:16 - [TEST_STEP][PASSED] - delay: Delayed 4 second(s)

2018-11-23 18:14:20 - [MESSAGE][PASSED] - Delayed 4 second(s)

2018-11-23 18:14:20 - [TEST_STEP][PASSED] - click: Object: 'Object Repository/Final Object Repo/Page_Form 1A - Cessation As Employer/Page_Form 1A - Cessation As Employer (Query -OTC -UO)/Exit' is clicked on

2018-11-23 18:14:21 - [MESSAGE][PASSED] - Object: 'Object Repository/Final Object Repo/Page_Form 1A - Cessation As Employer/Page_Form 1A - Cessation As Employer (Query -OTC -UO)/Exit' is clicked on

2018-11-23 18:14:21 - [TEST_STEP][PASSED] - delay: Delayed 1 second(s)

2018-11-23 18:14:22 - [MESSAGE][PASSED] - Delayed 1 second(s)

2018-11-23 18:14:22 - [TEST_STEP][PASSED] - navigateToUrl: Navigate to 'https://assist2-uat.perkeso.gov.my/c/portal/logout' successfully

2018-11-23 18:14:23 - [MESSAGE][PASSED] - Navigate to 'https://assist2-uat.perkeso.gov.my/c/portal/logout' successfully

2018-11-23 18:14:23 - [TEST_STEP][PASSED] - delay: Delayed 1 second(s)

2018-11-23 18:14:24 - [MESSAGE][PASSED] - Delayed 1 second(s)

2018-11-23 18:14:24 - [TEST_STEP][PASSED] - callTestCase: Call Test Case 'Test Cases/Final Aug 2018 - PKS Automation/Registration Module/Workflow/Login and Search Case For Workflow' successfully

2018-11-23 18:14:24 - [TEST_CASE][PASSED] - Test Cases/Final Aug 2018 - PKS Automation/Registration Module/Workflow/Login and Search Case For Workflow: Test Cases/Final Aug 2018 - PKS Automation/Registration Module/Workflow/Login and Search Case For Workflow

2018-11-23 18:14:24 - [TEST_STEP][PASSED] - navigateToUrl: Navigate to 'https://assist2-uat.perkeso.gov.my/login' successfully

2018-11-23 18:14:25 - [MESSAGE][PASSED] - Navigate to 'https://assist2-uat.perkeso.gov.my/login' successfully

2018-11-23 18:14:25 - [TEST_STEP][PASSED] - setText: Text 'johoruo3@gmail.com' is set on object 'Object Repository/Final Object Repo/Login Page/Internal User/Email Address'

2018-11-23 18:14:25 - [MESSAGE][PASSED] - Text 'johoruo3@gmail.com' is set on object 'Object Repository/Final Object Repo/Login Page/Internal User/Email Address'

2018-11-23 18:14:25 - [TEST_STEP][PASSED] - click: Object: 'Object Repository/Final Object Repo/Login Page/Internal User/Next Button' is clicked on

2018-11-23 18:14:26 - [MESSAGE][PASSED] - Object: 'Object Repository/Final Object Repo/Login Page/Internal User/Next Button' is clicked on

2018-11-23 18:14:26 - [TEST_STEP][PASSED] - delay: Delayed 1 second(s)

2018-11-23 18:14:27 - [MESSAGE][PASSED] - Delayed 1 second(s)

2018-11-23 18:14:27 - [TEST_STEP][PASSED] - setEncryptedText: Text ****** has been set on object 'Object Repository/Final Object Repo/Login Page/Internal User/Password'

2018-11-23 18:14:27 - [MESSAGE][PASSED] - Text ****** has been set on object 'Object Repository/Final Object Repo/Login Page/Internal User/Password'

2018-11-23 18:14:27 - [TEST_STEP][PASSED] - click: Object: 'Object Repository/Final Object Repo/Login Page/Internal User/Login Button' is clicked on

2018-11-23 18:14:29 - [MESSAGE][PASSED] - Object: 'Object Repository/Final Object Repo/Login Page/Internal User/Login Button' is clicked on

2018-11-23 18:14:29 - [TEST_STEP][PASSED] - delay: Delayed 2 second(s)

2018-11-23 18:14:31 - [MESSAGE][PASSED] - Delayed 2 second(s)

2018-11-23 18:14:31 - [TEST_STEP][PASSED] - Statement - Try: Delayed 2 second(s)

2018-11-23 18:14:31 - [TEST_STEP][PASSED] - Statement - Checker = false: null

2018-11-23 18:14:31 - [TEST_STEP][PASSED] - Statement - Checker = com.kms.katalon.core.webui.keyword.WebUiBuiltInKeywords.verifyElementHasAttribute(com.kms.katalon.core.testobject.ObjectRepository.findTestObject(Final Object Repo/Landing Page/BM Detecting), "href", 20, OPTIONAL): Object 'Object Repository/Final Object Repo/Landing Page/BM Detecting' has attribute 'href'

2018-11-23 18:14:31 - [MESSAGE][PASSED] - Object 'Object Repository/Final Object Repo/Landing Page/BM Detecting' has attribute 'href'

2018-11-23 18:14:31 - [TEST_STEP][PASSED] - Statement - out.println(Checker): null

2018-11-23 18:14:31 - [TEST_STEP][PASSED] - Statement - If (Checker == false): null

2018-11-23 18:14:31 - [TEST_STEP][PASSED] - Statement - Else: null

2018-11-23 18:14:31 - [TEST_STEP][PASSED] - delay: Delayed 2 second(s)

2018-11-23 18:14:33 - [MESSAGE][PASSED] - Delayed 2 second(s)

2018-11-23 18:14:33 - [TEST_STEP][PASSED] - click: Object: 'Object Repository/Final Object Repo/Page_MyASSIST - ASSIST - Search Pending Case For Add Supporting Document/Search Information' is clicked on

2018-11-23 18:14:33 - [MESSAGE][PASSED] - Object: 'Object Repository/Final Object Repo/Page_MyASSIST - ASSIST - Search Pending Case For Add Supporting Document/Search Information' is clicked on

2018-11-23 18:14:33 - [TEST_STEP][PASSED] - delay: Delayed 3 second(s)

2018-11-23 18:14:36 - [MESSAGE][PASSED] - Delayed 3 second(s)

2018-11-23 18:14:36 - [TEST_STEP][PASSED] - sendKeys: Keys 'CUN112018C200001619' sent to object: 'Object Repository/Final Object Repo/Page_MyASSIST - ASSIST - Search Pending Case For Add Supporting Document/Reference No'

2018-11-23 18:14:36 - [MESSAGE][PASSED] - Keys 'CUN112018C200001619' sent to object: 'Object Repository/Final Object Repo/Page_MyASSIST - ASSIST - Search Pending Case For Add Supporting Document/Reference No'

2018-11-23 18:14:36 - [TEST_STEP][PASSED] - click: Object: 'Object Repository/Final Object Repo/Page_MyASSIST - ASSIST - Search Pending Case For Add Supporting Document/Search Reference No' is clicked on

2018-11-23 18:14:38 - [MESSAGE][PASSED] - Object: 'Object Repository/Final Object Repo/Page_MyASSIST - ASSIST - Search Pending Case For Add Supporting Document/Search Reference No' is clicked on

2018-11-23 18:14:38 - [TEST_STEP][PASSED] - delay: Delayed 2 second(s)

2018-11-23 18:14:40 - [MESSAGE][PASSED] - Delayed 2 second(s)

2018-11-23 18:14:40 - [TEST_STEP][PASSED] - click: Object: 'Object Repository/Final Object Repo/Page_MyASSIST - ASSIST - Search Pending Case For Add Supporting Document/Continue' is clicked on

2018-11-23 18:14:44 - [MESSAGE][PASSED] - Object: 'Object Repository/Final Object Repo/Page_MyASSIST - ASSIST - Search Pending Case For Add Supporting Document/Continue' is clicked on

2018-11-23 18:14:44 - [TEST_STEP][PASSED] - delay: Delayed 20 second(s)

2018-11-23 18:15:04 - [MESSAGE][PASSED] - Delayed 20 second(s)

2018-11-23 18:15:04 - [MESSAGE][PASSED] - Call Test Case 'Test Cases/Final Aug 2018 - PKS Automation/Registration Module/Workflow/Login and Search Case For Workflow' successfully

2018-11-23 18:15:04 - [TEST_STEP][PASSED] - click: Object: 'Object Repository/Final Object Repo/Page_Form 1A - Cessation As Employer/Page_Form 1A - Cessation As Employer (Approve)/Save  Continue in Form 1A Page' is clicked on

2018-11-23 18:15:06 - [MESSAGE][PASSED] - Object: 'Object Repository/Final Object Repo/Page_Form 1A - Cessation As Employer/Page_Form 1A - Cessation As Employer (Approve)/Save  Continue in Form 1A Page' is clicked on

2018-11-23 18:15:06 - [TEST_STEP][PASSED] - delay: Delayed 3 second(s)

2018-11-23 18:15:09 - [MESSAGE][PASSED] - Delayed 3 second(s)

2018-11-23 18:15:09 - [TEST_STEP][PASSED] - click: Object: 'Object Repository/Final Object Repo/Page_Form 1A - Cessation As Employer/Page_Form 1A - Cessation As Employer (Approve)/Save  Continue in Update Add Employee Resigned Date Page' is clicked on

2018-11-23 18:15:13 - [MESSAGE][PASSED] - Object: 'Object Repository/Final Object Repo/Page_Form 1A - Cessation As Employer/Page_Form 1A - Cessation As Employer (Approve)/Save  Continue in Update Add Employee Resigned Date Page' is clicked on

2018-11-23 18:15:13 - [TEST_STEP][PASSED] - delay: Delayed 3 second(s)

2018-11-23 18:15:16 - [MESSAGE][PASSED] - Delayed 3 second(s)

2018-11-23 18:15:16 - [TEST_STEP][PASSED] - click: Object: 'Object Repository/Final Object Repo/Page_Form 1A - Cessation As Employer/Page_Form 1A - Cessation As Employer (Approve)/Save  Contine in Uploading Document Page' is clicked on

2018-11-23 18:15:21 - [MESSAGE][PASSED] - Object: 'Object Repository/Final Object Repo/Page_Form 1A - Cessation As Employer/Page_Form 1A - Cessation As Employer (Approve)/Save  Contine in Uploading Document Page' is clicked on

2018-11-23 18:15:21 - [TEST_STEP][PASSED] - delay: Delayed 3 second(s)

2018-11-23 18:15:24 - [MESSAGE][PASSED] - Delayed 3 second(s)

2018-11-23 18:15:24 - [TEST_STEP][PASSED] - click: Object: 'Object Repository/Final Object Repo/Page_Form 1A - Cessation As Employer/Page_Form 1A - Cessation As Employer (Approve)/Approve' is clicked on

2018-11-23 18:15:25 - [MESSAGE][PASSED] - Object: 'Object Repository/Final Object Repo/Page_Form 1A - Cessation As Employer/Page_Form 1A - Cessation As Employer (Approve)/Approve' is clicked on

2018-11-23 18:15:25 - [TEST_STEP][PASSED] - delay: Delayed 2 second(s)

2018-11-23 18:15:27 - [MESSAGE][PASSED] - Delayed 2 second(s)

2018-11-23 18:15:27 - [TEST_STEP][PASSED] - click: Object: 'Object Repository/Final Object Repo/Page_Form 1A - Cessation As Employer/Confirm' is clicked on

2018-11-23 18:15:27 - [MESSAGE][PASSED] - Object: 'Object Repository/Final Object Repo/Page_Form 1A - Cessation As Employer/Confirm' is clicked on

2018-11-23 18:15:27 - [TEST_STEP][PASSED] - delay: Delayed 2 second(s)

2018-11-23 18:15:29 - [MESSAGE][PASSED] - Delayed 2 second(s)

2018-11-23 18:15:29 - [TEST_STEP][PASSED] - click: Object: 'Object Repository/Final Object Repo/Page_Form 1A - Cessation As Employer/Page_Form 1A - Cessation As Employer (Approve)/Message Your Request    Form 1A ' is clicked on

2018-11-23 18:15:38 - [MESSAGE][PASSED] - Object: 'Object Repository/Final Object Repo/Page_Form 1A - Cessation As Employer/Page_Form 1A - Cessation As Employer (Approve)/Message Your Request    Form 1A ' is clicked on

2018-11-23 18:15:38 - [TEST_STEP][PASSED] - delay: Delayed 2 second(s)

2018-11-23 18:15:40 - [MESSAGE][PASSED] - Delayed 2 second(s)

2018-11-23 18:15:40 - [TEST_STEP][PASSED] - click: Object: 'Object Repository/Final Object Repo/Page_Form 1A - Cessation As Employer/Page_Form 1A - Cessation As Employer (Approve)/Letter of successful update' is clicked on

2018-11-23 18:15:45 - [MESSAGE][PASSED] - Object: 'Object Repository/Final Object Repo/Page_Form 1A - Cessation As Employer/Page_Form 1A - Cessation As Employer (Approve)/Letter of successful update' is clicked on

2018-11-23 18:15:45 - [MESSAGE][PASSED] - Call Test Case 'Test Cases/Final Aug 2018 - PKS Automation/Registration Module/Workflow/Form 1A - Cessation As Employer/Template/Form 1 A - Cessation As Employer (Query)' successfully]]></system-out>
         <system-err><![CDATA[]]></system-err>
      </testcase>
      <testcase name="Test Cases/Final Aug 2018 - PKS Automation/Registration Module/Workflow/Form 1A - Cessation As Employer/PKRBO to UO (Reject)" classname="Test Cases/Final Aug 2018 - PKS Automation/Registration Module/Workflow/Form 1A - Cessation As Employer/PKRBO to UO (Reject)" status="PASSED">
         <system-out><![CDATA[2018-11-23 18:15:45 - [TEST_CASE][PASSED] - Test Cases/Final Aug 2018 - PKS Automation/Registration Module/Workflow/Form 1A - Cessation As Employer/PKRBO to UO (Reject): Test Cases/Final Aug 2018 - PKS Automation/Registration Module/Workflow/Form 1A - Cessation As Employer/PKRBO to UO (Reject)

2018-11-23 18:15:45 - [TEST_STEP][PASSED] - callTestCase: Call Test Case 'Test Cases/Final Aug 2018 - PKS Automation/Registration Module/Workflow/Form 1A - Cessation As Employer/Template/Form 1 A - Cessation As Employer (PKRBO)' successfully

2018-11-23 18:15:45 - [TEST_CASE][PASSED] - Test Cases/Final Aug 2018 - PKS Automation/Registration Module/Workflow/Form 1A - Cessation As Employer/Template/Form 1 A - Cessation As Employer (PKRBO): Test Cases/Final Aug 2018 - PKS Automation/Registration Module/Workflow/Form 1A - Cessation As Employer/Template/Form 1 A - Cessation As Employer (PKRBO)

2018-11-23 18:15:45 - [TEST_STEP][PASSED] - openBrowser: Browser is opened with url: ''

2018-11-23 18:15:45 - [MESSAGE][WARNING] - A browser is already opened. Closing browser and opening a new one

2018-11-23 18:15:50 - [MESSAGE][PASSED] - Browser is opened with url: ''

2018-11-23 18:15:50 - [TEST_STEP][PASSED] - navigateToUrl: Navigate to 'https://assist2-uat.perkeso.gov.my/login' successfully

2018-11-23 18:15:51 - [MESSAGE][PASSED] - Navigate to 'https://assist2-uat.perkeso.gov.my/login' successfully

2018-11-23 18:15:51 - [TEST_STEP][PASSED] - setText: Text 'johorpkrbo1@gmail.com' is set on object 'Object Repository/Final Object Repo/Login Page/Internal User/Email Address'

2018-11-23 18:15:51 - [MESSAGE][PASSED] - Text 'johorpkrbo1@gmail.com' is set on object 'Object Repository/Final Object Repo/Login Page/Internal User/Email Address'

2018-11-23 18:15:51 - [TEST_STEP][PASSED] - click: Object: 'Object Repository/Final Object Repo/Login Page/Internal User/Next Button' is clicked on

2018-11-23 18:15:52 - [MESSAGE][PASSED] - Object: 'Object Repository/Final Object Repo/Login Page/Internal User/Next Button' is clicked on

2018-11-23 18:15:52 - [TEST_STEP][PASSED] - delay: Delayed 1 second(s)

2018-11-23 18:15:53 - [MESSAGE][PASSED] - Delayed 1 second(s)

2018-11-23 18:15:53 - [TEST_STEP][PASSED] - setEncryptedText: Text ****** has been set on object 'Object Repository/Final Object Repo/Login Page/Internal User/Password'

2018-11-23 18:15:53 - [MESSAGE][PASSED] - Text ****** has been set on object 'Object Repository/Final Object Repo/Login Page/Internal User/Password'

2018-11-23 18:15:53 - [TEST_STEP][PASSED] - click: Object: 'Object Repository/Final Object Repo/Login Page/Internal User/Login Button' is clicked on

2018-11-23 18:15:55 - [MESSAGE][PASSED] - Object: 'Object Repository/Final Object Repo/Login Page/Internal User/Login Button' is clicked on

2018-11-23 18:15:55 - [TEST_STEP][PASSED] - delay: Delayed 1 second(s)

2018-11-23 18:15:56 - [MESSAGE][PASSED] - Delayed 1 second(s)

2018-11-23 18:15:56 - [TEST_STEP][PASSED] - Statement - Try: Delayed 2 second(s)

2018-11-23 18:15:56 - [TEST_STEP][PASSED] - Statement - Checker = false: null

2018-11-23 18:15:56 - [TEST_STEP][PASSED] - Statement - Checker = com.kms.katalon.core.webui.keyword.WebUiBuiltInKeywords.verifyElementHasAttribute(com.kms.katalon.core.testobject.ObjectRepository.findTestObject(Final Object Repo/Landing Page/BM Detecting), "href", 20, OPTIONAL): Object 'Object Repository/Final Object Repo/Landing Page/BM Detecting' has attribute 'href'

2018-11-23 18:15:56 - [MESSAGE][PASSED] - Object 'Object Repository/Final Object Repo/Landing Page/BM Detecting' has attribute 'href'

2018-11-23 18:15:56 - [TEST_STEP][PASSED] - Statement - out.println(Checker): null

2018-11-23 18:15:56 - [TEST_STEP][PASSED] - Statement - If (Checker == false): null

2018-11-23 18:15:56 - [TEST_STEP][PASSED] - Statement - Else: null

2018-11-23 18:15:56 - [TEST_STEP][PASSED] - delay: Delayed 2 second(s)

2018-11-23 18:15:58 - [MESSAGE][PASSED] - Delayed 2 second(s)

2018-11-23 18:15:58 - [TEST_STEP][PASSED] - navigateToUrl: Navigate to 'https://assist2-uat.perkeso.gov.my/web/registration/update/form-1a-cessation-as-employer-discontinue-business-' successfully

2018-11-23 18:16:00 - [MESSAGE][PASSED] - Navigate to 'https://assist2-uat.perkeso.gov.my/web/registration/update/form-1a-cessation-as-employer-discontinue-business-' successfully

2018-11-23 18:16:00 - [TEST_STEP][PASSED] - setText: Text 'E1102069770Z' is set on object 'Object Repository/Final Object Repo/Page_Update Employer Information/Employer Code'

2018-11-23 18:16:00 - [MESSAGE][PASSED] - Text 'E1102069770Z' is set on object 'Object Repository/Final Object Repo/Page_Update Employer Information/Employer Code'

2018-11-23 18:16:00 - [TEST_STEP][PASSED] - click: Object: 'Object Repository/Final Object Repo/Page_Update Employer Information/Search Button' is clicked on

2018-11-23 18:16:01 - [MESSAGE][PASSED] - Object: 'Object Repository/Final Object Repo/Page_Update Employer Information/Search Button' is clicked on

2018-11-23 18:16:01 - [TEST_STEP][PASSED] - click: Object: 'Object Repository/Final Object Repo/Page_Update Employer Information/Edit Button' is clicked on

2018-11-23 18:16:03 - [MESSAGE][PASSED] - Object: 'Object Repository/Final Object Repo/Page_Update Employer Information/Edit Button' is clicked on

2018-11-23 18:16:03 - [TEST_STEP][PASSED] - Statement - abc = com.kms.katalon.core.webui.keyword.WebUiBuiltInKeywords.getAttribute(com.kms.katalon.core.testobject.ObjectRepository.findTestObject(Final Object Repo/Page_Form 1A - Cessation As Employer/Employer Status), "value"): Attribute 'value' of object 'Object Repository/Final Object Repo/Page_Form 1A - Cessation As Employer/Employer Status' is: 'Dormant'

2018-11-23 18:16:03 - [MESSAGE][PASSED] - Attribute 'value' of object 'Object Repository/Final Object Repo/Page_Form 1A - Cessation As Employer/Employer Status' is: 'Dormant'

2018-11-23 18:16:03 - [TEST_STEP][PASSED] - Statement - out.println(abc): null

2018-11-23 18:16:03 - [TEST_STEP][PASSED] - Statement - If (abc == "Active"): null

2018-11-23 18:16:03 - [TEST_STEP][PASSED] - Statement - Else If (abc == "Cancel"): null

2018-11-23 18:16:03 - [TEST_STEP][PASSED] - Statement - Else If (abc == "Dormant"): Object: 'Object Repository/Final Object Repo/Page_Form 1A - Cessation As Employer/Change Employer Status to - Dormant' is clicked on

2018-11-23 18:16:03 - [TEST_STEP][PASSED] - click: Object: 'Object Repository/Final Object Repo/Page_Form 1A - Cessation As Employer/Change Employer Status to' is clicked on

2018-11-23 18:16:04 - [MESSAGE][PASSED] - Object: 'Object Repository/Final Object Repo/Page_Form 1A - Cessation As Employer/Change Employer Status to' is clicked on

2018-11-23 18:16:04 - [TEST_STEP][PASSED] - click: Object: 'Object Repository/Final Object Repo/Page_Form 1A - Cessation As Employer/Change Employer Status to - Dormant' is clicked on

2018-11-23 18:16:04 - [MESSAGE][PASSED] - Object: 'Object Repository/Final Object Repo/Page_Form 1A - Cessation As Employer/Change Employer Status to - Dormant' is clicked on

2018-11-23 18:16:04 - [TEST_STEP][PASSED] - click: Object: 'Object Repository/Final Object Repo/Page_Form 1A - Cessation As Employer/Calender' is clicked on

2018-11-23 18:16:05 - [MESSAGE][PASSED] - Object: 'Object Repository/Final Object Repo/Page_Form 1A - Cessation As Employer/Calender' is clicked on

2018-11-23 18:16:05 - [TEST_STEP][PASSED] - click: Object: 'Object Repository/Final Object Repo/Page_Form 1A - Cessation As Employer/Calender - Date' is clicked on

2018-11-23 18:16:05 - [MESSAGE][PASSED] - Object: 'Object Repository/Final Object Repo/Page_Form 1A - Cessation As Employer/Calender - Date' is clicked on

2018-11-23 18:16:05 - [TEST_STEP][PASSED] - delay: Delayed 2 second(s)

2018-11-23 18:16:07 - [MESSAGE][PASSED] - Delayed 2 second(s)

2018-11-23 18:16:07 - [TEST_STEP][PASSED] - click: Object: 'Object Repository/Final Object Repo/Page_Form 1A - Cessation As Employer/Save  Continue in Form 1A Page' is clicked on

2018-11-23 18:16:10 - [MESSAGE][PASSED] - Object: 'Object Repository/Final Object Repo/Page_Form 1A - Cessation As Employer/Save  Continue in Form 1A Page' is clicked on

2018-11-23 18:16:10 - [TEST_STEP][PASSED] - delay: Delayed 2 second(s)

2018-11-23 18:16:12 - [MESSAGE][PASSED] - Delayed 2 second(s)

2018-11-23 18:16:12 - [TEST_STEP][PASSED] - click: Object: 'Object Repository/Final Object Repo/Page_Form 1A - Cessation As Employer/Employment Resign Date' is clicked on

2018-11-23 18:16:13 - [MESSAGE][PASSED] - Object: 'Object Repository/Final Object Repo/Page_Form 1A - Cessation As Employer/Employment Resign Date' is clicked on

2018-11-23 18:16:13 - [TEST_STEP][PASSED] - delay: Delayed 1 second(s)

2018-11-23 18:16:14 - [MESSAGE][PASSED] - Delayed 1 second(s)

2018-11-23 18:16:14 - [TEST_STEP][PASSED] - Statement - CaseReferenceNo = com.kms.katalon.core.webui.keyword.WebUiBuiltInKeywords.getText(com.kms.katalon.core.testobject.ObjectRepository.findTestObject(Final Object Repo/Page_Update Employer Information/Reference Number in Update Employee Information Page)): Text of object 'Object Repository/Final Object Repo/Page_Update Employer Information/Reference Number in Update Employee Information Page' is: 'CUN112018C200001620'

2018-11-23 18:16:14 - [MESSAGE][PASSED] - Text of object 'Object Repository/Final Object Repo/Page_Update Employer Information/Reference Number in Update Employee Information Page' is: 'CUN112018C200001620'

2018-11-23 18:16:14 - [TEST_STEP][PASSED] - Statement - out.println(CaseReferenceNo): null

2018-11-23 18:16:14 - [TEST_STEP][PASSED] - callTestCase: Call Test Case 'Test Cases/Final Aug 2018 - PKS Automation/Common/Reference Number Setter' successfully

2018-11-23 18:16:14 - [TEST_CASE][PASSED] - Test Cases/Final Aug 2018 - PKS Automation/Common/Reference Number Setter: Test Cases/Final Aug 2018 - PKS Automation/Common/Reference Number Setter

2018-11-23 18:16:14 - [TEST_STEP][PASSED] - Statement - RefNoOldFile = new java.io.File(C://Users//Admin//Desktop//PKS//Automation Reference Point//KatalonReference.txt): null

2018-11-23 18:16:14 - [TEST_STEP][PASSED] - Statement - RefNoOldFile.delete(): null

2018-11-23 18:16:14 - [TEST_STEP][PASSED] - delay: Delayed 5 second(s)

2018-11-23 18:16:19 - [MESSAGE][PASSED] - Delayed 5 second(s)

2018-11-23 18:16:19 - [TEST_STEP][PASSED] - Statement - RefNo = new java.io.File(C://Users//Admin//Desktop//PKS//Automation Reference Point//KatalonReference.txt): null

2018-11-23 18:16:19 - [TEST_STEP][PASSED] - Statement - f2 = new java.io.FileWriter(RefNo, false): null

2018-11-23 18:16:19 - [TEST_STEP][PASSED] - Statement - f2.write(CaseReferenceNo): null

2018-11-23 18:16:19 - [TEST_STEP][PASSED] - Statement - f2.close(): null

2018-11-23 18:16:19 - [TEST_STEP][PASSED] - Statement - out.println("


" + CaseReferenceNo + "


"): null

2018-11-23 18:16:19 - [MESSAGE][PASSED] - Call Test Case 'Test Cases/Final Aug 2018 - PKS Automation/Common/Reference Number Setter' successfully

2018-11-23 18:16:19 - [TEST_STEP][PASSED] - selectOptionByValue: All options with value '2030' are selected in object 'Object Repository/Final Object Repo/Page_Form 1A - Cessation As Employer/Employment Resign Date - Year' 

2018-11-23 18:16:19 - [MESSAGE][PASSED] - All options with value '2030' are selected in object 'Object Repository/Final Object Repo/Page_Form 1A - Cessation As Employer/Employment Resign Date - Year' 

2018-11-23 18:16:19 - [TEST_STEP][PASSED] - delay: Delayed 1 second(s)

2018-11-23 18:16:20 - [MESSAGE][PASSED] - Delayed 1 second(s)

2018-11-23 18:16:20 - [TEST_STEP][PASSED] - click: Object: 'Object Repository/Final Object Repo/Page_Form 1A - Cessation As Employer/Employment Resign Date - Year - Date' is clicked on

2018-11-23 18:16:21 - [MESSAGE][PASSED] - Object: 'Object Repository/Final Object Repo/Page_Form 1A - Cessation As Employer/Employment Resign Date - Year - Date' is clicked on

2018-11-23 18:16:21 - [TEST_STEP][PASSED] - delay: Delayed 2 second(s)

2018-11-23 18:16:23 - [MESSAGE][PASSED] - Delayed 2 second(s)

2018-11-23 18:16:23 - [TEST_STEP][PASSED] - click: Object: 'Object Repository/Final Object Repo/Page_Form 1A - Cessation As Employer/Save  Continue in Update Add Employee Resigned Date Page' is clicked on

2018-11-23 18:16:23 - [MESSAGE][PASSED] - Object: 'Object Repository/Final Object Repo/Page_Form 1A - Cessation As Employer/Save  Continue in Update Add Employee Resigned Date Page' is clicked on

2018-11-23 18:16:23 - [TEST_STEP][PASSED] - delay: Delayed 2 second(s)

2018-11-23 18:16:25 - [MESSAGE][PASSED] - Delayed 2 second(s)

2018-11-23 18:16:25 - [TEST_STEP][PASSED] - click: Object: 'Object Repository/Final Object Repo/Page_Form 1A - Cessation As Employer/Set Latest - Yes' is clicked on

2018-11-23 18:16:29 - [MESSAGE][PASSED] - Object: 'Object Repository/Final Object Repo/Page_Form 1A - Cessation As Employer/Set Latest - Yes' is clicked on

2018-11-23 18:16:29 - [TEST_STEP][PASSED] - delay: Delayed 2 second(s)

2018-11-23 18:16:31 - [MESSAGE][PASSED] - Delayed 2 second(s)

2018-11-23 18:16:31 - [TEST_STEP][PASSED] - click: Object: 'Object Repository/Final Object Repo/Page_Form 1A - Cessation As Employer/Add Document' is clicked on

2018-11-23 18:16:31 - [MESSAGE][PASSED] - Object: 'Object Repository/Final Object Repo/Page_Form 1A - Cessation As Employer/Add Document' is clicked on

2018-11-23 18:16:31 - [TEST_STEP][PASSED] - delay: Delayed 2 second(s)

2018-11-23 18:16:33 - [MESSAGE][PASSED] - Delayed 2 second(s)

2018-11-23 18:16:33 - [TEST_STEP][PASSED] - click: Object: 'Object Repository/Final Object Repo/Page_Form 1A - Cessation As Employer/Document Type' is clicked on

2018-11-23 18:16:34 - [MESSAGE][PASSED] - Object: 'Object Repository/Final Object Repo/Page_Form 1A - Cessation As Employer/Document Type' is clicked on

2018-11-23 18:16:34 - [TEST_STEP][PASSED] - delay: Delayed 2 second(s)

2018-11-23 18:16:36 - [MESSAGE][PASSED] - Delayed 2 second(s)

2018-11-23 18:16:36 - [TEST_STEP][PASSED] - click: Object: 'Object Repository/Final Object Repo/Page_Form 1A - Cessation As Employer/Document Type - Supporting Document For Cessation' is clicked on

2018-11-23 18:16:37 - [MESSAGE][PASSED] - Object: 'Object Repository/Final Object Repo/Page_Form 1A - Cessation As Employer/Document Type - Supporting Document For Cessation' is clicked on

2018-11-23 18:16:37 - [TEST_STEP][PASSED] - delay: Delayed 2 second(s)

2018-11-23 18:16:39 - [MESSAGE][PASSED] - Delayed 2 second(s)

2018-11-23 18:16:39 - [TEST_STEP][PASSED] - sendKeys: Keys 'C:\Users\Public\Pictures\Sample Pictures\Koala.jpg' sent to object: 'Object Repository/Final Object Repo/Page_Form 1A - Cessation As Employer/Uploading File'

2018-11-23 18:16:39 - [MESSAGE][PASSED] - Keys 'C:\Users\Public\Pictures\Sample Pictures\Koala.jpg' sent to object: 'Object Repository/Final Object Repo/Page_Form 1A - Cessation As Employer/Uploading File'

2018-11-23 18:16:39 - [TEST_STEP][PASSED] - delay: Delayed 2 second(s)

2018-11-23 18:16:41 - [MESSAGE][PASSED] - Delayed 2 second(s)

2018-11-23 18:16:41 - [TEST_STEP][PASSED] - click: Object: 'Object Repository/Final Object Repo/Page_Form 1A - Cessation As Employer/Add Document in Uploading Page' is clicked on

2018-11-23 18:16:46 - [MESSAGE][PASSED] - Object: 'Object Repository/Final Object Repo/Page_Form 1A - Cessation As Employer/Add Document in Uploading Page' is clicked on

2018-11-23 18:16:46 - [TEST_STEP][PASSED] - delay: Delayed 15 second(s)

2018-11-23 18:17:01 - [MESSAGE][PASSED] - Delayed 15 second(s)

2018-11-23 18:17:01 - [TEST_STEP][PASSED] - click: Object: 'Object Repository/Final Object Repo/Page_Form 1A - Cessation As Employer/Save  Continue in Uploading Page' is clicked on

2018-11-23 18:17:06 - [MESSAGE][PASSED] - Object: 'Object Repository/Final Object Repo/Page_Form 1A - Cessation As Employer/Save  Continue in Uploading Page' is clicked on

2018-11-23 18:17:06 - [TEST_STEP][PASSED] - delay: Delayed 2 second(s)

2018-11-23 18:17:08 - [MESSAGE][PASSED] - Delayed 2 second(s)

2018-11-23 18:17:08 - [TEST_STEP][PASSED] - click: Object: 'Object Repository/Final Object Repo/Page_Form 1A - Cessation As Employer/Submit2' is clicked on

2018-11-23 18:17:09 - [MESSAGE][PASSED] - Object: 'Object Repository/Final Object Repo/Page_Form 1A - Cessation As Employer/Submit2' is clicked on

2018-11-23 18:17:09 - [TEST_STEP][PASSED] - delay: Delayed 2 second(s)

2018-11-23 18:17:11 - [MESSAGE][PASSED] - Delayed 2 second(s)

2018-11-23 18:17:11 - [TEST_STEP][PASSED] - click: Object: 'Object Repository/Final Object Repo/Page_Form 1A - Cessation As Employer/Confirm' is clicked on

2018-11-23 18:17:17 - [MESSAGE][PASSED] - Object: 'Object Repository/Final Object Repo/Page_Form 1A - Cessation As Employer/Confirm' is clicked on

2018-11-23 18:17:17 - [TEST_STEP][PASSED] - delay: Delayed 2 second(s)

2018-11-23 18:17:19 - [MESSAGE][PASSED] - Delayed 2 second(s)

2018-11-23 18:17:19 - [TEST_STEP][PASSED] - verifyElementVisible: Object 'Object Repository/Final Object Repo/Page_Form 1A - Cessation As Employer/Message Your Request will be routed to UO' is visible

2018-11-23 18:17:19 - [MESSAGE][PASSED] - Object 'Object Repository/Final Object Repo/Page_Form 1A - Cessation As Employer/Message Your Request will be routed to UO' is visible

2018-11-23 18:17:19 - [TEST_STEP][PASSED] - delay: Delayed 1 second(s)

2018-11-23 18:17:20 - [MESSAGE][PASSED] - Delayed 1 second(s)

2018-11-23 18:17:20 - [TEST_STEP][PASSED] - verifyElementVisible: Object 'Object Repository/Final Object Repo/Page_Form 1A - Cessation As Employer/Letter of acknowledgement' is visible

2018-11-23 18:17:20 - [MESSAGE][PASSED] - Object 'Object Repository/Final Object Repo/Page_Form 1A - Cessation As Employer/Letter of acknowledgement' is visible

2018-11-23 18:17:20 - [MESSAGE][PASSED] - Call Test Case 'Test Cases/Final Aug 2018 - PKS Automation/Registration Module/Workflow/Form 1A - Cessation As Employer/Template/Form 1 A - Cessation As Employer (PKRBO)' successfully

2018-11-23 18:17:20 - [TEST_STEP][PASSED] - callTestCase: Call Test Case 'Test Cases/Final Aug 2018 - PKS Automation/Registration Module/Workflow/Form 1A - Cessation As Employer/Template/Form 1 A - Cessation As Employer (Approve)' successfully

2018-11-23 18:17:20 - [TEST_CASE][PASSED] - Test Cases/Final Aug 2018 - PKS Automation/Registration Module/Workflow/Form 1A - Cessation As Employer/Template/Form 1 A - Cessation As Employer (Approve): Test Cases/Final Aug 2018 - PKS Automation/Registration Module/Workflow/Form 1A - Cessation As Employer/Template/Form 1 A - Cessation As Employer (Approve)

2018-11-23 18:17:20 - [TEST_STEP][NOT_RUN] - callTestCase: NOT_RUN: callTestCase

2018-11-23 18:17:20 - [MESSAGE][NOT_RUN] - NOT_RUN: callTestCase

2018-11-23 18:17:20 - [TEST_STEP][PASSED] - delay: Delayed 1 second(s)

2018-11-23 18:17:21 - [MESSAGE][PASSED] - Delayed 1 second(s)

2018-11-23 18:17:21 - [TEST_STEP][PASSED] - navigateToUrl: Navigate to 'https://assist2-uat.perkeso.gov.my/c/portal/logout' successfully

2018-11-23 18:17:22 - [MESSAGE][PASSED] - Navigate to 'https://assist2-uat.perkeso.gov.my/c/portal/logout' successfully

2018-11-23 18:17:22 - [TEST_STEP][PASSED] - delay: Delayed 1 second(s)

2018-11-23 18:17:23 - [MESSAGE][PASSED] - Delayed 1 second(s)

2018-11-23 18:17:23 - [TEST_STEP][PASSED] - callTestCase: Call Test Case 'Test Cases/Final Aug 2018 - PKS Automation/Common/Reference Number Getter' successfully

2018-11-23 18:17:23 - [TEST_CASE][PASSED] - Test Cases/Final Aug 2018 - PKS Automation/Common/Reference Number Getter: Test Cases/Final Aug 2018 - PKS Automation/Common/Reference Number Getter

2018-11-23 18:17:23 - [TEST_STEP][PASSED] - Statement - Try: null

2018-11-23 18:17:23 - [TEST_STEP][PASSED] - Statement - RefNo = new java.io.File(C://Users//Admin//Desktop//PKS//Automation Reference Point//KatalonReference.txt): null

2018-11-23 18:17:23 - [TEST_STEP][PASSED] - Statement - bufferread = new java.io.BufferedReader(new java.io.FileReader(RefNo)): null

2018-11-23 18:17:23 - [TEST_STEP][PASSED] - Statement - readedVal = bufferread.readLine(): null

2018-11-23 18:17:23 - [TEST_STEP][PASSED] - Statement - out.println(CaseReferenceNo): null

2018-11-23 18:17:23 - [TEST_STEP][PASSED] - Statement - out.println(readedVal): null

2018-11-23 18:17:23 - [TEST_STEP][PASSED] - Statement - CaseReferenceNo = "": null

2018-11-23 18:17:23 - [TEST_STEP][PASSED] - Statement - CaseReferenceNo = readedVal: null

2018-11-23 18:17:23 - [MESSAGE][PASSED] - Call Test Case 'Test Cases/Final Aug 2018 - PKS Automation/Common/Reference Number Getter' successfully

2018-11-23 18:17:23 - [TEST_STEP][PASSED] - callTestCase: Call Test Case 'Test Cases/Final Aug 2018 - PKS Automation/Common/Workflow Owner Finder' successfully

2018-11-23 18:17:23 - [TEST_CASE][PASSED] - Test Cases/Final Aug 2018 - PKS Automation/Common/Workflow Owner Finder: Test Cases/Final Aug 2018 - PKS Automation/Common/Workflow Owner Finder

2018-11-23 18:17:23 - [TEST_STEP][PASSED] - openBrowser: Browser is opened with url: ''

2018-11-23 18:17:23 - [MESSAGE][WARNING] - A browser is already opened. Closing browser and opening a new one

2018-11-23 18:17:28 - [MESSAGE][PASSED] - Browser is opened with url: ''

2018-11-23 18:17:28 - [TEST_STEP][PASSED] - navigateToUrl: Navigate to 'https://assist2-uat.perkeso.gov.my/login' successfully

2018-11-23 18:17:29 - [MESSAGE][PASSED] - Navigate to 'https://assist2-uat.perkeso.gov.my/login' successfully

2018-11-23 18:17:29 - [TEST_STEP][PASSED] - delay: Delayed 5 second(s)

2018-11-23 18:17:34 - [MESSAGE][PASSED] - Delayed 5 second(s)

2018-11-23 18:17:34 - [TEST_STEP][PASSED] - setText: Text 'test@liferay.com' is set on object 'Object Repository/Final Object Repo/Login Page/Internal User/Email Address'

2018-11-23 18:17:34 - [MESSAGE][PASSED] - Text 'test@liferay.com' is set on object 'Object Repository/Final Object Repo/Login Page/Internal User/Email Address'

2018-11-23 18:17:34 - [TEST_STEP][PASSED] - click: Object: 'Object Repository/Final Object Repo/Login Page/Internal User/Next Button' is clicked on

2018-11-23 18:17:35 - [MESSAGE][PASSED] - Object: 'Object Repository/Final Object Repo/Login Page/Internal User/Next Button' is clicked on

2018-11-23 18:17:35 - [TEST_STEP][PASSED] - delay: Delayed 2 second(s)

2018-11-23 18:17:37 - [MESSAGE][PASSED] - Delayed 2 second(s)

2018-11-23 18:17:37 - [TEST_STEP][PASSED] - setText: Text 'test' is set on object 'Object Repository/Final Object Repo/Login Page/Internal User/Password'

2018-11-23 18:17:37 - [MESSAGE][PASSED] - Text 'test' is set on object 'Object Repository/Final Object Repo/Login Page/Internal User/Password'

2018-11-23 18:17:37 - [TEST_STEP][PASSED] - delay: Delayed 2 second(s)

2018-11-23 18:17:39 - [MESSAGE][PASSED] - Delayed 2 second(s)

2018-11-23 18:17:39 - [TEST_STEP][PASSED] - click: Object: 'Object Repository/Final Object Repo/Login Page/Internal User/Login Button' is clicked on

2018-11-23 18:17:41 - [MESSAGE][PASSED] - Object: 'Object Repository/Final Object Repo/Login Page/Internal User/Login Button' is clicked on

2018-11-23 18:17:41 - [TEST_STEP][PASSED] - Statement - Try: Delayed 2 second(s)

2018-11-23 18:17:41 - [TEST_STEP][PASSED] - Statement - Checker = false: null

2018-11-23 18:17:41 - [TEST_STEP][PASSED] - Statement - Checker = com.kms.katalon.core.webui.keyword.WebUiBuiltInKeywords.verifyElementHasAttribute(com.kms.katalon.core.testobject.ObjectRepository.findTestObject(Final Object Repo/Landing Page/BM Detecting), "href", 20, OPTIONAL): Object 'Object Repository/Final Object Repo/Landing Page/BM Detecting' has attribute 'href'

2018-11-23 18:17:41 - [MESSAGE][PASSED] - Object 'Object Repository/Final Object Repo/Landing Page/BM Detecting' has attribute 'href'

2018-11-23 18:17:41 - [TEST_STEP][PASSED] - Statement - out.println(Checker): null

2018-11-23 18:17:41 - [TEST_STEP][PASSED] - Statement - If (Checker == false): null

2018-11-23 18:17:41 - [TEST_STEP][PASSED] - Statement - Else: null

2018-11-23 18:17:41 - [TEST_STEP][PASSED] - delay: Delayed 2 second(s)

2018-11-23 18:17:43 - [MESSAGE][PASSED] - Delayed 2 second(s)

2018-11-23 18:17:43 - [TEST_STEP][PASSED] - delay: Delayed 3 second(s)

2018-11-23 18:17:46 - [MESSAGE][PASSED] - Delayed 3 second(s)

2018-11-23 18:17:46 - [TEST_STEP][PASSED] - mouseOver: Object: 'Object Repository/Final Object Repo/Landing Page/WorkFlow Menu' is hovered

2018-11-23 18:17:47 - [MESSAGE][PASSED] - Object: 'Object Repository/Final Object Repo/Landing Page/WorkFlow Menu' is hovered

2018-11-23 18:17:47 - [TEST_STEP][PASSED] - delay: Delayed 2 second(s)

2018-11-23 18:17:49 - [MESSAGE][PASSED] - Delayed 2 second(s)

2018-11-23 18:17:49 - [TEST_STEP][PASSED] - click: Object: 'Object Repository/Final Object Repo/Landing Page/Select to Workflow Listing' is clicked on

2018-11-23 18:17:50 - [MESSAGE][PASSED] - Object: 'Object Repository/Final Object Repo/Landing Page/Select to Workflow Listing' is clicked on

2018-11-23 18:17:50 - [TEST_STEP][PASSED] - delay: Delayed 2 second(s)

2018-11-23 18:17:52 - [MESSAGE][PASSED] - Delayed 2 second(s)

2018-11-23 18:17:52 - [TEST_STEP][PASSED] - click: Object: 'Object Repository/Final Object Repo/WorkFlow Listing Page/Search Information - To Put Ref No' is clicked on

2018-11-23 18:17:52 - [MESSAGE][PASSED] - Object: 'Object Repository/Final Object Repo/WorkFlow Listing Page/Search Information - To Put Ref No' is clicked on

2018-11-23 18:17:52 - [TEST_STEP][PASSED] - delay: Delayed 2 second(s)

2018-11-23 18:17:54 - [MESSAGE][PASSED] - Delayed 2 second(s)

2018-11-23 18:17:54 - [TEST_STEP][PASSED] - callTestCase: Call Test Case 'Test Cases/Final Aug 2018 - PKS Automation/Common/Reference Number Getter' successfully

2018-11-23 18:17:54 - [TEST_CASE][PASSED] - Test Cases/Final Aug 2018 - PKS Automation/Common/Reference Number Getter: Test Cases/Final Aug 2018 - PKS Automation/Common/Reference Number Getter

2018-11-23 18:17:54 - [TEST_STEP][PASSED] - Statement - Try: null

2018-11-23 18:17:54 - [TEST_STEP][PASSED] - Statement - RefNo = new java.io.File(C://Users//Admin//Desktop//PKS//Automation Reference Point//KatalonReference.txt): null

2018-11-23 18:17:54 - [TEST_STEP][PASSED] - Statement - bufferread = new java.io.BufferedReader(new java.io.FileReader(RefNo)): null

2018-11-23 18:17:54 - [TEST_STEP][PASSED] - Statement - readedVal = bufferread.readLine(): null

2018-11-23 18:17:54 - [TEST_STEP][PASSED] - Statement - out.println(CaseReferenceNo): null

2018-11-23 18:17:54 - [TEST_STEP][PASSED] - Statement - out.println(readedVal): null

2018-11-23 18:17:54 - [TEST_STEP][PASSED] - Statement - CaseReferenceNo = "": null

2018-11-23 18:17:54 - [TEST_STEP][PASSED] - Statement - CaseReferenceNo = readedVal: null

2018-11-23 18:17:54 - [MESSAGE][PASSED] - Call Test Case 'Test Cases/Final Aug 2018 - PKS Automation/Common/Reference Number Getter' successfully

2018-11-23 18:17:54 - [TEST_STEP][PASSED] - setText: Text 'CUN112018C200001620' is set on object 'Object Repository/Final Object Repo/WorkFlow Listing Page/Ref No Set Text'

2018-11-23 18:17:55 - [MESSAGE][PASSED] - Text 'CUN112018C200001620' is set on object 'Object Repository/Final Object Repo/WorkFlow Listing Page/Ref No Set Text'

2018-11-23 18:17:55 - [TEST_STEP][PASSED] - delay: Delayed 2 second(s)

2018-11-23 18:17:57 - [MESSAGE][PASSED] - Delayed 2 second(s)

2018-11-23 18:17:57 - [TEST_STEP][PASSED] - click: Object: 'Object Repository/Final Object Repo/WorkFlow Listing Page/Search Ref No Search Button' is clicked on

2018-11-23 18:17:58 - [MESSAGE][PASSED] - Object: 'Object Repository/Final Object Repo/WorkFlow Listing Page/Search Ref No Search Button' is clicked on

2018-11-23 18:17:58 - [TEST_STEP][PASSED] - delay: Delayed 4 second(s)

2018-11-23 18:18:02 - [MESSAGE][PASSED] - Delayed 4 second(s)

2018-11-23 18:18:02 - [TEST_STEP][PASSED] - click: Object: 'Object Repository/Final Object Repo/WorkFlow Listing Page/Click Continue Tooltip' is clicked on

2018-11-23 18:18:04 - [MESSAGE][PASSED] - Object: 'Object Repository/Final Object Repo/WorkFlow Listing Page/Click Continue Tooltip' is clicked on

2018-11-23 18:18:04 - [TEST_STEP][PASSED] - delay: Delayed 5 second(s)

2018-11-23 18:18:09 - [MESSAGE][PASSED] - Delayed 5 second(s)

2018-11-23 18:18:09 - [TEST_STEP][PASSED] - doubleClick: Object: 'Object Repository/Final Object Repo/WorkFlow Listing Page/Workflow Found - Listing 1' is double clicked on

2018-11-23 18:18:09 - [MESSAGE][PASSED] - Object: 'Object Repository/Final Object Repo/WorkFlow Listing Page/Workflow Found - Listing 1' is double clicked on

2018-11-23 18:18:09 - [TEST_STEP][PASSED] - Statement - println(OwnerID): null

2018-11-23 18:18:09 - [TEST_STEP][PASSED] - Statement - OwnerID = com.kms.katalon.core.webui.keyword.WebUiBuiltInKeywords.getText(com.kms.katalon.core.testobject.ObjectRepository.findTestObject(Final Object Repo/WorkFlow Listing Page/Workflow Found - Listing 1), STOP_ON_FAILURE): Text of object 'Object Repository/Final Object Repo/WorkFlow Listing Page/Workflow Found - Listing 1' is: 'JOHORuo1'

2018-11-23 18:18:09 - [MESSAGE][PASSED] - Text of object 'Object Repository/Final Object Repo/WorkFlow Listing Page/Workflow Found - Listing 1' is: 'JOHORuo1'

2018-11-23 18:18:09 - [TEST_STEP][PASSED] - Statement - OwnerID = OwnerID.toLowerCase() + "@gmail.com": null

2018-11-23 18:18:09 - [TEST_STEP][PASSED] - Statement - println(OwnerID): null

2018-11-23 18:18:09 - [TEST_STEP][PASSED] - delay: Delayed 2 second(s)

2018-11-23 18:18:11 - [MESSAGE][PASSED] - Delayed 2 second(s)

2018-11-23 18:18:11 - [MESSAGE][PASSED] - Call Test Case 'Test Cases/Final Aug 2018 - PKS Automation/Common/Workflow Owner Finder' successfully

2018-11-23 18:18:11 - [TEST_STEP][PASSED] - delay: Delayed 1 second(s)

2018-11-23 18:18:12 - [MESSAGE][PASSED] - Delayed 1 second(s)

2018-11-23 18:18:12 - [TEST_STEP][PASSED] - navigateToUrl: Navigate to 'https://assist2-uat.perkeso.gov.my/c/portal/logout' successfully

2018-11-23 18:18:13 - [MESSAGE][PASSED] - Navigate to 'https://assist2-uat.perkeso.gov.my/c/portal/logout' successfully

2018-11-23 18:18:13 - [TEST_STEP][PASSED] - delay: Delayed 1 second(s)

2018-11-23 18:18:14 - [MESSAGE][PASSED] - Delayed 1 second(s)

2018-11-23 18:18:14 - [TEST_STEP][PASSED] - callTestCase: Call Test Case 'Test Cases/Final Aug 2018 - PKS Automation/Registration Module/Workflow/Login and Search Case For Workflow' successfully

2018-11-23 18:18:14 - [TEST_CASE][PASSED] - Test Cases/Final Aug 2018 - PKS Automation/Registration Module/Workflow/Login and Search Case For Workflow: Test Cases/Final Aug 2018 - PKS Automation/Registration Module/Workflow/Login and Search Case For Workflow

2018-11-23 18:18:14 - [TEST_STEP][PASSED] - navigateToUrl: Navigate to 'https://assist2-uat.perkeso.gov.my/login' successfully

2018-11-23 18:18:15 - [MESSAGE][PASSED] - Navigate to 'https://assist2-uat.perkeso.gov.my/login' successfully

2018-11-23 18:18:15 - [TEST_STEP][PASSED] - setText: Text 'johoruo1@gmail.com' is set on object 'Object Repository/Final Object Repo/Login Page/Internal User/Email Address'

2018-11-23 18:18:15 - [MESSAGE][PASSED] - Text 'johoruo1@gmail.com' is set on object 'Object Repository/Final Object Repo/Login Page/Internal User/Email Address'

2018-11-23 18:18:15 - [TEST_STEP][PASSED] - click: Object: 'Object Repository/Final Object Repo/Login Page/Internal User/Next Button' is clicked on

2018-11-23 18:18:16 - [MESSAGE][PASSED] - Object: 'Object Repository/Final Object Repo/Login Page/Internal User/Next Button' is clicked on

2018-11-23 18:18:16 - [TEST_STEP][PASSED] - delay: Delayed 1 second(s)

2018-11-23 18:18:17 - [MESSAGE][PASSED] - Delayed 1 second(s)

2018-11-23 18:18:17 - [TEST_STEP][PASSED] - setEncryptedText: Text ****** has been set on object 'Object Repository/Final Object Repo/Login Page/Internal User/Password'

2018-11-23 18:18:17 - [MESSAGE][PASSED] - Text ****** has been set on object 'Object Repository/Final Object Repo/Login Page/Internal User/Password'

2018-11-23 18:18:17 - [TEST_STEP][PASSED] - click: Object: 'Object Repository/Final Object Repo/Login Page/Internal User/Login Button' is clicked on

2018-11-23 18:18:19 - [MESSAGE][PASSED] - Object: 'Object Repository/Final Object Repo/Login Page/Internal User/Login Button' is clicked on

2018-11-23 18:18:19 - [TEST_STEP][PASSED] - delay: Delayed 2 second(s)

2018-11-23 18:18:21 - [MESSAGE][PASSED] - Delayed 2 second(s)

2018-11-23 18:18:21 - [TEST_STEP][PASSED] - Statement - Try: Delayed 2 second(s)

2018-11-23 18:18:21 - [TEST_STEP][PASSED] - Statement - Checker = false: null

2018-11-23 18:18:21 - [TEST_STEP][PASSED] - Statement - Checker = com.kms.katalon.core.webui.keyword.WebUiBuiltInKeywords.verifyElementHasAttribute(com.kms.katalon.core.testobject.ObjectRepository.findTestObject(Final Object Repo/Landing Page/BM Detecting), "href", 20, OPTIONAL): Object 'Object Repository/Final Object Repo/Landing Page/BM Detecting' has attribute 'href'

2018-11-23 18:18:21 - [MESSAGE][PASSED] - Object 'Object Repository/Final Object Repo/Landing Page/BM Detecting' has attribute 'href'

2018-11-23 18:18:21 - [TEST_STEP][PASSED] - Statement - out.println(Checker): null

2018-11-23 18:18:21 - [TEST_STEP][PASSED] - Statement - If (Checker == false): null

2018-11-23 18:18:21 - [TEST_STEP][PASSED] - Statement - Else: null

2018-11-23 18:18:21 - [TEST_STEP][PASSED] - delay: Delayed 2 second(s)

2018-11-23 18:18:23 - [MESSAGE][PASSED] - Delayed 2 second(s)

2018-11-23 18:18:23 - [TEST_STEP][PASSED] - click: Object: 'Object Repository/Final Object Repo/Page_MyASSIST - ASSIST - Search Pending Case For Add Supporting Document/Search Information' is clicked on

2018-11-23 18:18:23 - [MESSAGE][PASSED] - Object: 'Object Repository/Final Object Repo/Page_MyASSIST - ASSIST - Search Pending Case For Add Supporting Document/Search Information' is clicked on

2018-11-23 18:18:23 - [TEST_STEP][PASSED] - delay: Delayed 3 second(s)

2018-11-23 18:18:26 - [MESSAGE][PASSED] - Delayed 3 second(s)

2018-11-23 18:18:26 - [TEST_STEP][PASSED] - sendKeys: Keys 'CUN112018C200001620' sent to object: 'Object Repository/Final Object Repo/Page_MyASSIST - ASSIST - Search Pending Case For Add Supporting Document/Reference No'

2018-11-23 18:18:26 - [MESSAGE][PASSED] - Keys 'CUN112018C200001620' sent to object: 'Object Repository/Final Object Repo/Page_MyASSIST - ASSIST - Search Pending Case For Add Supporting Document/Reference No'

2018-11-23 18:18:26 - [TEST_STEP][PASSED] - click: Object: 'Object Repository/Final Object Repo/Page_MyASSIST - ASSIST - Search Pending Case For Add Supporting Document/Search Reference No' is clicked on

2018-11-23 18:18:28 - [MESSAGE][PASSED] - Object: 'Object Repository/Final Object Repo/Page_MyASSIST - ASSIST - Search Pending Case For Add Supporting Document/Search Reference No' is clicked on

2018-11-23 18:18:28 - [TEST_STEP][PASSED] - delay: Delayed 2 second(s)

2018-11-23 18:18:30 - [MESSAGE][PASSED] - Delayed 2 second(s)

2018-11-23 18:18:30 - [TEST_STEP][PASSED] - click: Object: 'Object Repository/Final Object Repo/Page_MyASSIST - ASSIST - Search Pending Case For Add Supporting Document/Continue' is clicked on

2018-11-23 18:18:33 - [MESSAGE][PASSED] - Object: 'Object Repository/Final Object Repo/Page_MyASSIST - ASSIST - Search Pending Case For Add Supporting Document/Continue' is clicked on

2018-11-23 18:18:33 - [TEST_STEP][PASSED] - delay: Delayed 20 second(s)

2018-11-23 18:18:53 - [MESSAGE][PASSED] - Delayed 20 second(s)

2018-11-23 18:18:53 - [MESSAGE][PASSED] - Call Test Case 'Test Cases/Final Aug 2018 - PKS Automation/Registration Module/Workflow/Login and Search Case For Workflow' successfully

2018-11-23 18:18:53 - [TEST_STEP][PASSED] - click: Object: 'Object Repository/Final Object Repo/Page_Form 1A - Cessation As Employer/Page_Form 1A - Cessation As Employer (Approve)/Save  Continue in Form 1A Page' is clicked on

2018-11-23 18:18:56 - [MESSAGE][PASSED] - Object: 'Object Repository/Final Object Repo/Page_Form 1A - Cessation As Employer/Page_Form 1A - Cessation As Employer (Approve)/Save  Continue in Form 1A Page' is clicked on

2018-11-23 18:18:56 - [TEST_STEP][PASSED] - delay: Delayed 2 second(s)

2018-11-23 18:18:58 - [MESSAGE][PASSED] - Delayed 2 second(s)

2018-11-23 18:18:58 - [TEST_STEP][PASSED] - click: Object: 'Object Repository/Final Object Repo/Page_Form 1A - Cessation As Employer/Employment Resign Date' is clicked on

2018-11-23 18:18:58 - [MESSAGE][PASSED] - Object: 'Object Repository/Final Object Repo/Page_Form 1A - Cessation As Employer/Employment Resign Date' is clicked on

2018-11-23 18:18:58 - [TEST_STEP][PASSED] - delay: Delayed 1 second(s)

2018-11-23 18:18:59 - [MESSAGE][PASSED] - Delayed 1 second(s)

2018-11-23 18:18:59 - [TEST_STEP][PASSED] - selectOptionByValue: All options with value '2030' are selected in object 'Object Repository/Final Object Repo/Page_Form 1A - Cessation As Employer/Employment Resign Date - Year' 

2018-11-23 18:19:00 - [MESSAGE][PASSED] - All options with value '2030' are selected in object 'Object Repository/Final Object Repo/Page_Form 1A - Cessation As Employer/Employment Resign Date - Year' 

2018-11-23 18:19:00 - [TEST_STEP][PASSED] - delay: Delayed 1 second(s)

2018-11-23 18:19:01 - [MESSAGE][PASSED] - Delayed 1 second(s)

2018-11-23 18:19:01 - [TEST_STEP][PASSED] - click: Object: 'Object Repository/Final Object Repo/Page_Form 1A - Cessation As Employer/Employment Resign Date - Year - Date' is clicked on

2018-11-23 18:19:01 - [MESSAGE][PASSED] - Object: 'Object Repository/Final Object Repo/Page_Form 1A - Cessation As Employer/Employment Resign Date - Year - Date' is clicked on

2018-11-23 18:19:01 - [TEST_STEP][PASSED] - delay: Delayed 2 second(s)

2018-11-23 18:19:03 - [MESSAGE][PASSED] - Delayed 2 second(s)

2018-11-23 18:19:03 - [TEST_STEP][PASSED] - click: Object: 'Object Repository/Final Object Repo/Page_Form 1A - Cessation As Employer/Page_Form 1A - Cessation As Employer (Approve)/Save  Continue in Update Add Employee Resigned Date Page' is clicked on

2018-11-23 18:19:03 - [MESSAGE][PASSED] - Object: 'Object Repository/Final Object Repo/Page_Form 1A - Cessation As Employer/Page_Form 1A - Cessation As Employer (Approve)/Save  Continue in Update Add Employee Resigned Date Page' is clicked on

2018-11-23 18:19:03 - [TEST_STEP][PASSED] - delay: Delayed 2 second(s)

2018-11-23 18:19:05 - [MESSAGE][PASSED] - Delayed 2 second(s)

2018-11-23 18:19:05 - [TEST_STEP][PASSED] - click: Object: 'Object Repository/Final Object Repo/Page_Form 1A - Cessation As Employer/Set Latest - Yes' is clicked on

2018-11-23 18:19:09 - [MESSAGE][PASSED] - Object: 'Object Repository/Final Object Repo/Page_Form 1A - Cessation As Employer/Set Latest - Yes' is clicked on

2018-11-23 18:19:09 - [TEST_STEP][PASSED] - delay: Delayed 2 second(s)

2018-11-23 18:19:11 - [MESSAGE][PASSED] - Delayed 2 second(s)

2018-11-23 18:19:11 - [TEST_STEP][PASSED] - click: Object: 'Object Repository/Final Object Repo/Page_Form 1A - Cessation As Employer/Page_Form 1A - Cessation As Employer (Approve)/Save  Contine in Uploading Document Page' is clicked on

2018-11-23 18:19:16 - [MESSAGE][PASSED] - Object: 'Object Repository/Final Object Repo/Page_Form 1A - Cessation As Employer/Page_Form 1A - Cessation As Employer (Approve)/Save  Contine in Uploading Document Page' is clicked on

2018-11-23 18:19:16 - [TEST_STEP][PASSED] - delay: Delayed 2 second(s)

2018-11-23 18:19:18 - [MESSAGE][PASSED] - Delayed 2 second(s)

2018-11-23 18:19:18 - [TEST_STEP][PASSED] - click: Object: 'Object Repository/Final Object Repo/Page_Form 1A - Cessation As Employer/Page_Form 1A - Cessation As Employer (Approve)/Approve' is clicked on

2018-11-23 18:19:18 - [MESSAGE][PASSED] - Object: 'Object Repository/Final Object Repo/Page_Form 1A - Cessation As Employer/Page_Form 1A - Cessation As Employer (Approve)/Approve' is clicked on

2018-11-23 18:19:18 - [TEST_STEP][PASSED] - delay: Delayed 2 second(s)

2018-11-23 18:19:20 - [MESSAGE][PASSED] - Delayed 2 second(s)

2018-11-23 18:19:20 - [TEST_STEP][PASSED] - click: Object: 'Object Repository/Final Object Repo/Page_Form 1A - Cessation As Employer/Confirm' is clicked on

2018-11-23 18:19:21 - [MESSAGE][PASSED] - Object: 'Object Repository/Final Object Repo/Page_Form 1A - Cessation As Employer/Confirm' is clicked on

2018-11-23 18:19:21 - [TEST_STEP][PASSED] - delay: Delayed 2 second(s)

2018-11-23 18:19:23 - [MESSAGE][PASSED] - Delayed 2 second(s)

2018-11-23 18:19:23 - [TEST_STEP][PASSED] - click: Object: 'Object Repository/Final Object Repo/Page_Form 1A - Cessation As Employer/Page_Form 1A - Cessation As Employer (Approve)/Message Your Request    Form 1A ' is clicked on

2018-11-23 18:19:31 - [MESSAGE][PASSED] - Object: 'Object Repository/Final Object Repo/Page_Form 1A - Cessation As Employer/Page_Form 1A - Cessation As Employer (Approve)/Message Your Request    Form 1A ' is clicked on

2018-11-23 18:19:31 - [TEST_STEP][PASSED] - delay: Delayed 2 second(s)

2018-11-23 18:19:33 - [MESSAGE][PASSED] - Delayed 2 second(s)

2018-11-23 18:19:33 - [TEST_STEP][PASSED] - click: Object: 'Object Repository/Final Object Repo/Page_Form 1A - Cessation As Employer/Page_Form 1A - Cessation As Employer (Approve)/Letter of successful update' is clicked on

2018-11-23 18:19:38 - [MESSAGE][PASSED] - Object: 'Object Repository/Final Object Repo/Page_Form 1A - Cessation As Employer/Page_Form 1A - Cessation As Employer (Approve)/Letter of successful update' is clicked on

2018-11-23 18:19:38 - [MESSAGE][PASSED] - Call Test Case 'Test Cases/Final Aug 2018 - PKS Automation/Registration Module/Workflow/Form 1A - Cessation As Employer/Template/Form 1 A - Cessation As Employer (Approve)' successfully]]></system-out>
         <system-err><![CDATA[]]></system-err>
      </testcase>
      <testcase name="Test Cases/Final Aug 2018 - PKS Automation/Registration Module/Workflow/Form 1A - Cessation As Employer/PKRBO to UO (Under enforcement)" classname="Test Cases/Final Aug 2018 - PKS Automation/Registration Module/Workflow/Form 1A - Cessation As Employer/PKRBO to UO (Under enforcement)" status="PASSED">
         <system-out><![CDATA[2018-11-23 18:19:38 - [TEST_CASE][PASSED] - Test Cases/Final Aug 2018 - PKS Automation/Registration Module/Workflow/Form 1A - Cessation As Employer/PKRBO to UO (Under enforcement): Test Cases/Final Aug 2018 - PKS Automation/Registration Module/Workflow/Form 1A - Cessation As Employer/PKRBO to UO (Under enforcement)

2018-11-23 18:19:39 - [TEST_STEP][PASSED] - callTestCase: Call Test Case 'Test Cases/Final Aug 2018 - PKS Automation/Registration Module/Workflow/Form 1A - Cessation As Employer/Template/Form 1 A - Cessation As Employer (PKRBO)' successfully

2018-11-23 18:19:39 - [TEST_CASE][PASSED] - Test Cases/Final Aug 2018 - PKS Automation/Registration Module/Workflow/Form 1A - Cessation As Employer/Template/Form 1 A - Cessation As Employer (PKRBO): Test Cases/Final Aug 2018 - PKS Automation/Registration Module/Workflow/Form 1A - Cessation As Employer/Template/Form 1 A - Cessation As Employer (PKRBO)

2018-11-23 18:19:39 - [TEST_STEP][PASSED] - openBrowser: Browser is opened with url: ''

2018-11-23 18:19:39 - [MESSAGE][WARNING] - A browser is already opened. Closing browser and opening a new one

2018-11-23 18:19:43 - [MESSAGE][PASSED] - Browser is opened with url: ''

2018-11-23 18:19:43 - [TEST_STEP][PASSED] - navigateToUrl: Navigate to 'https://assist2-uat.perkeso.gov.my/login' successfully

2018-11-23 18:19:45 - [MESSAGE][PASSED] - Navigate to 'https://assist2-uat.perkeso.gov.my/login' successfully

2018-11-23 18:19:45 - [TEST_STEP][PASSED] - setText: Text 'johorpkrbo1@gmail.com' is set on object 'Object Repository/Final Object Repo/Login Page/Internal User/Email Address'

2018-11-23 18:19:45 - [MESSAGE][PASSED] - Text 'johorpkrbo1@gmail.com' is set on object 'Object Repository/Final Object Repo/Login Page/Internal User/Email Address'

2018-11-23 18:19:45 - [TEST_STEP][PASSED] - click: Object: 'Object Repository/Final Object Repo/Login Page/Internal User/Next Button' is clicked on

2018-11-23 18:19:45 - [MESSAGE][PASSED] - Object: 'Object Repository/Final Object Repo/Login Page/Internal User/Next Button' is clicked on

2018-11-23 18:19:45 - [TEST_STEP][PASSED] - delay: Delayed 1 second(s)

2018-11-23 18:19:46 - [MESSAGE][PASSED] - Delayed 1 second(s)

2018-11-23 18:19:46 - [TEST_STEP][PASSED] - setEncryptedText: Text ****** has been set on object 'Object Repository/Final Object Repo/Login Page/Internal User/Password'

2018-11-23 18:19:46 - [MESSAGE][PASSED] - Text ****** has been set on object 'Object Repository/Final Object Repo/Login Page/Internal User/Password'

2018-11-23 18:19:46 - [TEST_STEP][PASSED] - click: Object: 'Object Repository/Final Object Repo/Login Page/Internal User/Login Button' is clicked on

2018-11-23 18:19:48 - [MESSAGE][PASSED] - Object: 'Object Repository/Final Object Repo/Login Page/Internal User/Login Button' is clicked on

2018-11-23 18:19:48 - [TEST_STEP][PASSED] - delay: Delayed 1 second(s)

2018-11-23 18:19:49 - [MESSAGE][PASSED] - Delayed 1 second(s)

2018-11-23 18:19:49 - [TEST_STEP][PASSED] - Statement - Try: Delayed 2 second(s)

2018-11-23 18:19:49 - [TEST_STEP][PASSED] - Statement - Checker = false: null

2018-11-23 18:19:49 - [TEST_STEP][PASSED] - Statement - Checker = com.kms.katalon.core.webui.keyword.WebUiBuiltInKeywords.verifyElementHasAttribute(com.kms.katalon.core.testobject.ObjectRepository.findTestObject(Final Object Repo/Landing Page/BM Detecting), "href", 20, OPTIONAL): Object 'Object Repository/Final Object Repo/Landing Page/BM Detecting' has attribute 'href'

2018-11-23 18:19:49 - [MESSAGE][PASSED] - Object 'Object Repository/Final Object Repo/Landing Page/BM Detecting' has attribute 'href'

2018-11-23 18:19:49 - [TEST_STEP][PASSED] - Statement - out.println(Checker): null

2018-11-23 18:19:49 - [TEST_STEP][PASSED] - Statement - If (Checker == false): null

2018-11-23 18:19:49 - [TEST_STEP][PASSED] - Statement - Else: null

2018-11-23 18:19:49 - [TEST_STEP][PASSED] - delay: Delayed 2 second(s)

2018-11-23 18:19:51 - [MESSAGE][PASSED] - Delayed 2 second(s)

2018-11-23 18:19:51 - [TEST_STEP][PASSED] - navigateToUrl: Navigate to 'https://assist2-uat.perkeso.gov.my/web/registration/update/form-1a-cessation-as-employer-discontinue-business-' successfully

2018-11-23 18:19:52 - [MESSAGE][PASSED] - Navigate to 'https://assist2-uat.perkeso.gov.my/web/registration/update/form-1a-cessation-as-employer-discontinue-business-' successfully

2018-11-23 18:19:52 - [TEST_STEP][PASSED] - setText: Text 'E1102069770Z' is set on object 'Object Repository/Final Object Repo/Page_Update Employer Information/Employer Code'

2018-11-23 18:19:53 - [MESSAGE][PASSED] - Text 'E1102069770Z' is set on object 'Object Repository/Final Object Repo/Page_Update Employer Information/Employer Code'

2018-11-23 18:19:53 - [TEST_STEP][PASSED] - click: Object: 'Object Repository/Final Object Repo/Page_Update Employer Information/Search Button' is clicked on

2018-11-23 18:19:54 - [MESSAGE][PASSED] - Object: 'Object Repository/Final Object Repo/Page_Update Employer Information/Search Button' is clicked on

2018-11-23 18:19:54 - [TEST_STEP][PASSED] - click: Object: 'Object Repository/Final Object Repo/Page_Update Employer Information/Edit Button' is clicked on

2018-11-23 18:19:56 - [MESSAGE][PASSED] - Object: 'Object Repository/Final Object Repo/Page_Update Employer Information/Edit Button' is clicked on

2018-11-23 18:19:56 - [TEST_STEP][PASSED] - Statement - abc = com.kms.katalon.core.webui.keyword.WebUiBuiltInKeywords.getAttribute(com.kms.katalon.core.testobject.ObjectRepository.findTestObject(Final Object Repo/Page_Form 1A - Cessation As Employer/Employer Status), "value"): Attribute 'value' of object 'Object Repository/Final Object Repo/Page_Form 1A - Cessation As Employer/Employer Status' is: 'Dormant'

2018-11-23 18:19:56 - [MESSAGE][PASSED] - Attribute 'value' of object 'Object Repository/Final Object Repo/Page_Form 1A - Cessation As Employer/Employer Status' is: 'Dormant'

2018-11-23 18:19:56 - [TEST_STEP][PASSED] - Statement - out.println(abc): null

2018-11-23 18:19:56 - [TEST_STEP][PASSED] - Statement - If (abc == "Active"): null

2018-11-23 18:19:56 - [TEST_STEP][PASSED] - Statement - Else If (abc == "Cancel"): null

2018-11-23 18:19:56 - [TEST_STEP][PASSED] - Statement - Else If (abc == "Dormant"): Object: 'Object Repository/Final Object Repo/Page_Form 1A - Cessation As Employer/Change Employer Status to - Dormant' is clicked on

2018-11-23 18:19:56 - [TEST_STEP][PASSED] - click: Object: 'Object Repository/Final Object Repo/Page_Form 1A - Cessation As Employer/Change Employer Status to' is clicked on

2018-11-23 18:19:56 - [MESSAGE][PASSED] - Object: 'Object Repository/Final Object Repo/Page_Form 1A - Cessation As Employer/Change Employer Status to' is clicked on

2018-11-23 18:19:56 - [TEST_STEP][PASSED] - click: Object: 'Object Repository/Final Object Repo/Page_Form 1A - Cessation As Employer/Change Employer Status to - Dormant' is clicked on

2018-11-23 18:19:57 - [MESSAGE][PASSED] - Object: 'Object Repository/Final Object Repo/Page_Form 1A - Cessation As Employer/Change Employer Status to - Dormant' is clicked on

2018-11-23 18:19:57 - [TEST_STEP][PASSED] - click: Object: 'Object Repository/Final Object Repo/Page_Form 1A - Cessation As Employer/Calender' is clicked on

2018-11-23 18:19:58 - [MESSAGE][PASSED] - Object: 'Object Repository/Final Object Repo/Page_Form 1A - Cessation As Employer/Calender' is clicked on

2018-11-23 18:19:58 - [TEST_STEP][PASSED] - click: Object: 'Object Repository/Final Object Repo/Page_Form 1A - Cessation As Employer/Calender - Date' is clicked on

2018-11-23 18:19:58 - [MESSAGE][PASSED] - Object: 'Object Repository/Final Object Repo/Page_Form 1A - Cessation As Employer/Calender - Date' is clicked on

2018-11-23 18:19:58 - [TEST_STEP][PASSED] - delay: Delayed 2 second(s)

2018-11-23 18:20:00 - [MESSAGE][PASSED] - Delayed 2 second(s)

2018-11-23 18:20:00 - [TEST_STEP][PASSED] - click: Object: 'Object Repository/Final Object Repo/Page_Form 1A - Cessation As Employer/Save  Continue in Form 1A Page' is clicked on

2018-11-23 18:20:03 - [MESSAGE][PASSED] - Object: 'Object Repository/Final Object Repo/Page_Form 1A - Cessation As Employer/Save  Continue in Form 1A Page' is clicked on

2018-11-23 18:20:03 - [TEST_STEP][PASSED] - delay: Delayed 2 second(s)

2018-11-23 18:20:05 - [MESSAGE][PASSED] - Delayed 2 second(s)

2018-11-23 18:20:05 - [TEST_STEP][PASSED] - click: Object: 'Object Repository/Final Object Repo/Page_Form 1A - Cessation As Employer/Employment Resign Date' is clicked on

2018-11-23 18:20:06 - [MESSAGE][PASSED] - Object: 'Object Repository/Final Object Repo/Page_Form 1A - Cessation As Employer/Employment Resign Date' is clicked on

2018-11-23 18:20:06 - [TEST_STEP][PASSED] - delay: Delayed 1 second(s)

2018-11-23 18:20:07 - [MESSAGE][PASSED] - Delayed 1 second(s)

2018-11-23 18:20:07 - [TEST_STEP][PASSED] - Statement - CaseReferenceNo = com.kms.katalon.core.webui.keyword.WebUiBuiltInKeywords.getText(com.kms.katalon.core.testobject.ObjectRepository.findTestObject(Final Object Repo/Page_Update Employer Information/Reference Number in Update Employee Information Page)): Text of object 'Object Repository/Final Object Repo/Page_Update Employer Information/Reference Number in Update Employee Information Page' is: 'CUN112018C200001621'

2018-11-23 18:20:07 - [MESSAGE][PASSED] - Text of object 'Object Repository/Final Object Repo/Page_Update Employer Information/Reference Number in Update Employee Information Page' is: 'CUN112018C200001621'

2018-11-23 18:20:07 - [TEST_STEP][PASSED] - Statement - out.println(CaseReferenceNo): null

2018-11-23 18:20:07 - [TEST_STEP][PASSED] - callTestCase: Call Test Case 'Test Cases/Final Aug 2018 - PKS Automation/Common/Reference Number Setter' successfully

2018-11-23 18:20:07 - [TEST_CASE][PASSED] - Test Cases/Final Aug 2018 - PKS Automation/Common/Reference Number Setter: Test Cases/Final Aug 2018 - PKS Automation/Common/Reference Number Setter

2018-11-23 18:20:07 - [TEST_STEP][PASSED] - Statement - RefNoOldFile = new java.io.File(C://Users//Admin//Desktop//PKS//Automation Reference Point//KatalonReference.txt): null

2018-11-23 18:20:07 - [TEST_STEP][PASSED] - Statement - RefNoOldFile.delete(): null

2018-11-23 18:20:07 - [TEST_STEP][PASSED] - delay: Delayed 5 second(s)

2018-11-23 18:20:12 - [MESSAGE][PASSED] - Delayed 5 second(s)

2018-11-23 18:20:12 - [TEST_STEP][PASSED] - Statement - RefNo = new java.io.File(C://Users//Admin//Desktop//PKS//Automation Reference Point//KatalonReference.txt): null

2018-11-23 18:20:12 - [TEST_STEP][PASSED] - Statement - f2 = new java.io.FileWriter(RefNo, false): null

2018-11-23 18:20:12 - [TEST_STEP][PASSED] - Statement - f2.write(CaseReferenceNo): null

2018-11-23 18:20:12 - [TEST_STEP][PASSED] - Statement - f2.close(): null

2018-11-23 18:20:12 - [TEST_STEP][PASSED] - Statement - out.println("


" + CaseReferenceNo + "


"): null

2018-11-23 18:20:12 - [MESSAGE][PASSED] - Call Test Case 'Test Cases/Final Aug 2018 - PKS Automation/Common/Reference Number Setter' successfully

2018-11-23 18:20:12 - [TEST_STEP][PASSED] - selectOptionByValue: All options with value '2030' are selected in object 'Object Repository/Final Object Repo/Page_Form 1A - Cessation As Employer/Employment Resign Date - Year' 

2018-11-23 18:20:13 - [MESSAGE][PASSED] - All options with value '2030' are selected in object 'Object Repository/Final Object Repo/Page_Form 1A - Cessation As Employer/Employment Resign Date - Year' 

2018-11-23 18:20:13 - [TEST_STEP][PASSED] - delay: Delayed 1 second(s)

2018-11-23 18:20:14 - [MESSAGE][PASSED] - Delayed 1 second(s)

2018-11-23 18:20:14 - [TEST_STEP][PASSED] - click: Object: 'Object Repository/Final Object Repo/Page_Form 1A - Cessation As Employer/Employment Resign Date - Year - Date' is clicked on

2018-11-23 18:20:14 - [MESSAGE][PASSED] - Object: 'Object Repository/Final Object Repo/Page_Form 1A - Cessation As Employer/Employment Resign Date - Year - Date' is clicked on

2018-11-23 18:20:14 - [TEST_STEP][PASSED] - delay: Delayed 2 second(s)

2018-11-23 18:20:16 - [MESSAGE][PASSED] - Delayed 2 second(s)

2018-11-23 18:20:16 - [TEST_STEP][PASSED] - click: Object: 'Object Repository/Final Object Repo/Page_Form 1A - Cessation As Employer/Save  Continue in Update Add Employee Resigned Date Page' is clicked on

2018-11-23 18:20:16 - [MESSAGE][PASSED] - Object: 'Object Repository/Final Object Repo/Page_Form 1A - Cessation As Employer/Save  Continue in Update Add Employee Resigned Date Page' is clicked on

2018-11-23 18:20:16 - [TEST_STEP][PASSED] - delay: Delayed 2 second(s)

2018-11-23 18:20:18 - [MESSAGE][PASSED] - Delayed 2 second(s)

2018-11-23 18:20:18 - [TEST_STEP][PASSED] - click: Object: 'Object Repository/Final Object Repo/Page_Form 1A - Cessation As Employer/Set Latest - Yes' is clicked on

2018-11-23 18:20:22 - [MESSAGE][PASSED] - Object: 'Object Repository/Final Object Repo/Page_Form 1A - Cessation As Employer/Set Latest - Yes' is clicked on

2018-11-23 18:20:22 - [TEST_STEP][PASSED] - delay: Delayed 2 second(s)

2018-11-23 18:20:24 - [MESSAGE][PASSED] - Delayed 2 second(s)

2018-11-23 18:20:24 - [TEST_STEP][PASSED] - click: Object: 'Object Repository/Final Object Repo/Page_Form 1A - Cessation As Employer/Add Document' is clicked on

2018-11-23 18:20:24 - [MESSAGE][PASSED] - Object: 'Object Repository/Final Object Repo/Page_Form 1A - Cessation As Employer/Add Document' is clicked on

2018-11-23 18:20:24 - [TEST_STEP][PASSED] - delay: Delayed 2 second(s)

2018-11-23 18:20:26 - [MESSAGE][PASSED] - Delayed 2 second(s)

2018-11-23 18:20:26 - [TEST_STEP][PASSED] - click: Object: 'Object Repository/Final Object Repo/Page_Form 1A - Cessation As Employer/Document Type' is clicked on

2018-11-23 18:20:27 - [MESSAGE][PASSED] - Object: 'Object Repository/Final Object Repo/Page_Form 1A - Cessation As Employer/Document Type' is clicked on

2018-11-23 18:20:27 - [TEST_STEP][PASSED] - delay: Delayed 2 second(s)

2018-11-23 18:20:29 - [MESSAGE][PASSED] - Delayed 2 second(s)

2018-11-23 18:20:29 - [TEST_STEP][PASSED] - click: Object: 'Object Repository/Final Object Repo/Page_Form 1A - Cessation As Employer/Document Type - Supporting Document For Cessation' is clicked on

2018-11-23 18:20:30 - [MESSAGE][PASSED] - Object: 'Object Repository/Final Object Repo/Page_Form 1A - Cessation As Employer/Document Type - Supporting Document For Cessation' is clicked on

2018-11-23 18:20:30 - [TEST_STEP][PASSED] - delay: Delayed 2 second(s)

2018-11-23 18:20:32 - [MESSAGE][PASSED] - Delayed 2 second(s)

2018-11-23 18:20:32 - [TEST_STEP][PASSED] - sendKeys: Keys 'C:\Users\Public\Pictures\Sample Pictures\Koala.jpg' sent to object: 'Object Repository/Final Object Repo/Page_Form 1A - Cessation As Employer/Uploading File'

2018-11-23 18:20:32 - [MESSAGE][PASSED] - Keys 'C:\Users\Public\Pictures\Sample Pictures\Koala.jpg' sent to object: 'Object Repository/Final Object Repo/Page_Form 1A - Cessation As Employer/Uploading File'

2018-11-23 18:20:32 - [TEST_STEP][PASSED] - delay: Delayed 2 second(s)

2018-11-23 18:20:34 - [MESSAGE][PASSED] - Delayed 2 second(s)

2018-11-23 18:20:34 - [TEST_STEP][PASSED] - click: Object: 'Object Repository/Final Object Repo/Page_Form 1A - Cessation As Employer/Add Document in Uploading Page' is clicked on

2018-11-23 18:20:38 - [MESSAGE][PASSED] - Object: 'Object Repository/Final Object Repo/Page_Form 1A - Cessation As Employer/Add Document in Uploading Page' is clicked on

2018-11-23 18:20:38 - [TEST_STEP][PASSED] - delay: Delayed 15 second(s)

2018-11-23 18:20:53 - [MESSAGE][PASSED] - Delayed 15 second(s)

2018-11-23 18:20:53 - [TEST_STEP][PASSED] - click: Object: 'Object Repository/Final Object Repo/Page_Form 1A - Cessation As Employer/Save  Continue in Uploading Page' is clicked on

2018-11-23 18:20:59 - [MESSAGE][PASSED] - Object: 'Object Repository/Final Object Repo/Page_Form 1A - Cessation As Employer/Save  Continue in Uploading Page' is clicked on

2018-11-23 18:20:59 - [TEST_STEP][PASSED] - delay: Delayed 2 second(s)

2018-11-23 18:21:01 - [MESSAGE][PASSED] - Delayed 2 second(s)

2018-11-23 18:21:01 - [TEST_STEP][PASSED] - click: Object: 'Object Repository/Final Object Repo/Page_Form 1A - Cessation As Employer/Submit2' is clicked on

2018-11-23 18:21:01 - [MESSAGE][PASSED] - Object: 'Object Repository/Final Object Repo/Page_Form 1A - Cessation As Employer/Submit2' is clicked on

2018-11-23 18:21:01 - [TEST_STEP][PASSED] - delay: Delayed 2 second(s)

2018-11-23 18:21:03 - [MESSAGE][PASSED] - Delayed 2 second(s)

2018-11-23 18:21:03 - [TEST_STEP][PASSED] - click: Object: 'Object Repository/Final Object Repo/Page_Form 1A - Cessation As Employer/Confirm' is clicked on

2018-11-23 18:21:09 - [MESSAGE][PASSED] - Object: 'Object Repository/Final Object Repo/Page_Form 1A - Cessation As Employer/Confirm' is clicked on

2018-11-23 18:21:09 - [TEST_STEP][PASSED] - delay: Delayed 2 second(s)

2018-11-23 18:21:11 - [MESSAGE][PASSED] - Delayed 2 second(s)

2018-11-23 18:21:11 - [TEST_STEP][PASSED] - verifyElementVisible: Object 'Object Repository/Final Object Repo/Page_Form 1A - Cessation As Employer/Message Your Request will be routed to UO' is visible

2018-11-23 18:21:11 - [MESSAGE][PASSED] - Object 'Object Repository/Final Object Repo/Page_Form 1A - Cessation As Employer/Message Your Request will be routed to UO' is visible

2018-11-23 18:21:11 - [TEST_STEP][PASSED] - delay: Delayed 1 second(s)

2018-11-23 18:21:12 - [MESSAGE][PASSED] - Delayed 1 second(s)

2018-11-23 18:21:12 - [TEST_STEP][PASSED] - verifyElementVisible: Object 'Object Repository/Final Object Repo/Page_Form 1A - Cessation As Employer/Letter of acknowledgement' is visible

2018-11-23 18:21:12 - [MESSAGE][PASSED] - Object 'Object Repository/Final Object Repo/Page_Form 1A - Cessation As Employer/Letter of acknowledgement' is visible

2018-11-23 18:21:12 - [MESSAGE][PASSED] - Call Test Case 'Test Cases/Final Aug 2018 - PKS Automation/Registration Module/Workflow/Form 1A - Cessation As Employer/Template/Form 1 A - Cessation As Employer (PKRBO)' successfully

2018-11-23 18:21:12 - [TEST_STEP][PASSED] - callTestCase: Call Test Case 'Test Cases/Final Aug 2018 - PKS Automation/Registration Module/Workflow/Form 1A - Cessation As Employer/Template/Form 1 A - Cessation As Employer (Under enforcement)' successfully

2018-11-23 18:21:12 - [TEST_CASE][PASSED] - Test Cases/Final Aug 2018 - PKS Automation/Registration Module/Workflow/Form 1A - Cessation As Employer/Template/Form 1 A - Cessation As Employer (Under enforcement): Test Cases/Final Aug 2018 - PKS Automation/Registration Module/Workflow/Form 1A - Cessation As Employer/Template/Form 1 A - Cessation As Employer (Under enforcement)

2018-11-23 18:21:12 - [TEST_STEP][NOT_RUN] - callTestCase: NOT_RUN: callTestCase

2018-11-23 18:21:12 - [MESSAGE][NOT_RUN] - NOT_RUN: callTestCase

2018-11-23 18:21:12 - [TEST_STEP][PASSED] - delay: Delayed 1 second(s)

2018-11-23 18:21:13 - [MESSAGE][PASSED] - Delayed 1 second(s)

2018-11-23 18:21:13 - [TEST_STEP][PASSED] - navigateToUrl: Navigate to 'https://assist2-uat.perkeso.gov.my/c/portal/logout' successfully

2018-11-23 18:21:14 - [MESSAGE][PASSED] - Navigate to 'https://assist2-uat.perkeso.gov.my/c/portal/logout' successfully

2018-11-23 18:21:14 - [TEST_STEP][PASSED] - delay: Delayed 1 second(s)

2018-11-23 18:21:15 - [MESSAGE][PASSED] - Delayed 1 second(s)

2018-11-23 18:21:15 - [TEST_STEP][PASSED] - callTestCase: Call Test Case 'Test Cases/Final Aug 2018 - PKS Automation/Common/Reference Number Getter' successfully

2018-11-23 18:21:15 - [TEST_CASE][PASSED] - Test Cases/Final Aug 2018 - PKS Automation/Common/Reference Number Getter: Test Cases/Final Aug 2018 - PKS Automation/Common/Reference Number Getter

2018-11-23 18:21:15 - [TEST_STEP][PASSED] - Statement - Try: null

2018-11-23 18:21:15 - [TEST_STEP][PASSED] - Statement - RefNo = new java.io.File(C://Users//Admin//Desktop//PKS//Automation Reference Point//KatalonReference.txt): null

2018-11-23 18:21:15 - [TEST_STEP][PASSED] - Statement - bufferread = new java.io.BufferedReader(new java.io.FileReader(RefNo)): null

2018-11-23 18:21:15 - [TEST_STEP][PASSED] - Statement - readedVal = bufferread.readLine(): null

2018-11-23 18:21:15 - [TEST_STEP][PASSED] - Statement - out.println(CaseReferenceNo): null

2018-11-23 18:21:15 - [TEST_STEP][PASSED] - Statement - out.println(readedVal): null

2018-11-23 18:21:15 - [TEST_STEP][PASSED] - Statement - CaseReferenceNo = "": null

2018-11-23 18:21:15 - [TEST_STEP][PASSED] - Statement - CaseReferenceNo = readedVal: null

2018-11-23 18:21:15 - [MESSAGE][PASSED] - Call Test Case 'Test Cases/Final Aug 2018 - PKS Automation/Common/Reference Number Getter' successfully

2018-11-23 18:21:15 - [TEST_STEP][PASSED] - callTestCase: Call Test Case 'Test Cases/Final Aug 2018 - PKS Automation/Common/Workflow Owner Finder' successfully

2018-11-23 18:21:15 - [TEST_CASE][PASSED] - Test Cases/Final Aug 2018 - PKS Automation/Common/Workflow Owner Finder: Test Cases/Final Aug 2018 - PKS Automation/Common/Workflow Owner Finder

2018-11-23 18:21:15 - [TEST_STEP][PASSED] - openBrowser: Browser is opened with url: ''

2018-11-23 18:21:15 - [MESSAGE][WARNING] - A browser is already opened. Closing browser and opening a new one

2018-11-23 18:21:20 - [MESSAGE][PASSED] - Browser is opened with url: ''

2018-11-23 18:21:20 - [TEST_STEP][PASSED] - navigateToUrl: Navigate to 'https://assist2-uat.perkeso.gov.my/login' successfully

2018-11-23 18:21:21 - [MESSAGE][PASSED] - Navigate to 'https://assist2-uat.perkeso.gov.my/login' successfully

2018-11-23 18:21:21 - [TEST_STEP][PASSED] - delay: Delayed 5 second(s)

2018-11-23 18:21:26 - [MESSAGE][PASSED] - Delayed 5 second(s)

2018-11-23 18:21:26 - [TEST_STEP][PASSED] - setText: Text 'test@liferay.com' is set on object 'Object Repository/Final Object Repo/Login Page/Internal User/Email Address'

2018-11-23 18:21:27 - [MESSAGE][PASSED] - Text 'test@liferay.com' is set on object 'Object Repository/Final Object Repo/Login Page/Internal User/Email Address'

2018-11-23 18:21:27 - [TEST_STEP][PASSED] - click: Object: 'Object Repository/Final Object Repo/Login Page/Internal User/Next Button' is clicked on

2018-11-23 18:21:27 - [MESSAGE][PASSED] - Object: 'Object Repository/Final Object Repo/Login Page/Internal User/Next Button' is clicked on

2018-11-23 18:21:27 - [TEST_STEP][PASSED] - delay: Delayed 2 second(s)

2018-11-23 18:21:29 - [MESSAGE][PASSED] - Delayed 2 second(s)

2018-11-23 18:21:29 - [TEST_STEP][PASSED] - setText: Text 'test' is set on object 'Object Repository/Final Object Repo/Login Page/Internal User/Password'

2018-11-23 18:21:29 - [MESSAGE][PASSED] - Text 'test' is set on object 'Object Repository/Final Object Repo/Login Page/Internal User/Password'

2018-11-23 18:21:29 - [TEST_STEP][PASSED] - delay: Delayed 2 second(s)

2018-11-23 18:21:31 - [MESSAGE][PASSED] - Delayed 2 second(s)

2018-11-23 18:21:31 - [TEST_STEP][PASSED] - click: Object: 'Object Repository/Final Object Repo/Login Page/Internal User/Login Button' is clicked on

2018-11-23 18:21:34 - [MESSAGE][PASSED] - Object: 'Object Repository/Final Object Repo/Login Page/Internal User/Login Button' is clicked on

2018-11-23 18:21:34 - [TEST_STEP][PASSED] - Statement - Try: Delayed 2 second(s)

2018-11-23 18:21:34 - [TEST_STEP][PASSED] - Statement - Checker = false: null

2018-11-23 18:21:34 - [TEST_STEP][PASSED] - Statement - Checker = com.kms.katalon.core.webui.keyword.WebUiBuiltInKeywords.verifyElementHasAttribute(com.kms.katalon.core.testobject.ObjectRepository.findTestObject(Final Object Repo/Landing Page/BM Detecting), "href", 20, OPTIONAL): Object 'Object Repository/Final Object Repo/Landing Page/BM Detecting' has attribute 'href'

2018-11-23 18:21:34 - [MESSAGE][PASSED] - Object 'Object Repository/Final Object Repo/Landing Page/BM Detecting' has attribute 'href'

2018-11-23 18:21:34 - [TEST_STEP][PASSED] - Statement - out.println(Checker): null

2018-11-23 18:21:34 - [TEST_STEP][PASSED] - Statement - If (Checker == false): null

2018-11-23 18:21:34 - [TEST_STEP][PASSED] - Statement - Else: null

2018-11-23 18:21:34 - [TEST_STEP][PASSED] - delay: Delayed 2 second(s)

2018-11-23 18:21:36 - [MESSAGE][PASSED] - Delayed 2 second(s)

2018-11-23 18:21:36 - [TEST_STEP][PASSED] - delay: Delayed 3 second(s)

2018-11-23 18:21:39 - [MESSAGE][PASSED] - Delayed 3 second(s)

2018-11-23 18:21:39 - [TEST_STEP][PASSED] - mouseOver: Object: 'Object Repository/Final Object Repo/Landing Page/WorkFlow Menu' is hovered

2018-11-23 18:21:39 - [MESSAGE][PASSED] - Object: 'Object Repository/Final Object Repo/Landing Page/WorkFlow Menu' is hovered

2018-11-23 18:21:39 - [TEST_STEP][PASSED] - delay: Delayed 2 second(s)

2018-11-23 18:21:41 - [MESSAGE][PASSED] - Delayed 2 second(s)

2018-11-23 18:21:41 - [TEST_STEP][PASSED] - click: Object: 'Object Repository/Final Object Repo/Landing Page/Select to Workflow Listing' is clicked on

2018-11-23 18:21:42 - [MESSAGE][PASSED] - Object: 'Object Repository/Final Object Repo/Landing Page/Select to Workflow Listing' is clicked on

2018-11-23 18:21:42 - [TEST_STEP][PASSED] - delay: Delayed 2 second(s)

2018-11-23 18:21:44 - [MESSAGE][PASSED] - Delayed 2 second(s)

2018-11-23 18:21:44 - [TEST_STEP][PASSED] - click: Object: 'Object Repository/Final Object Repo/WorkFlow Listing Page/Search Information - To Put Ref No' is clicked on

2018-11-23 18:21:45 - [MESSAGE][PASSED] - Object: 'Object Repository/Final Object Repo/WorkFlow Listing Page/Search Information - To Put Ref No' is clicked on

2018-11-23 18:21:45 - [TEST_STEP][PASSED] - delay: Delayed 2 second(s)

2018-11-23 18:21:47 - [MESSAGE][PASSED] - Delayed 2 second(s)

2018-11-23 18:21:47 - [TEST_STEP][PASSED] - callTestCase: Call Test Case 'Test Cases/Final Aug 2018 - PKS Automation/Common/Reference Number Getter' successfully

2018-11-23 18:21:47 - [TEST_CASE][PASSED] - Test Cases/Final Aug 2018 - PKS Automation/Common/Reference Number Getter: Test Cases/Final Aug 2018 - PKS Automation/Common/Reference Number Getter

2018-11-23 18:21:47 - [TEST_STEP][PASSED] - Statement - Try: null

2018-11-23 18:21:47 - [TEST_STEP][PASSED] - Statement - RefNo = new java.io.File(C://Users//Admin//Desktop//PKS//Automation Reference Point//KatalonReference.txt): null

2018-11-23 18:21:47 - [TEST_STEP][PASSED] - Statement - bufferread = new java.io.BufferedReader(new java.io.FileReader(RefNo)): null

2018-11-23 18:21:47 - [TEST_STEP][PASSED] - Statement - readedVal = bufferread.readLine(): null

2018-11-23 18:21:47 - [TEST_STEP][PASSED] - Statement - out.println(CaseReferenceNo): null

2018-11-23 18:21:47 - [TEST_STEP][PASSED] - Statement - out.println(readedVal): null

2018-11-23 18:21:47 - [TEST_STEP][PASSED] - Statement - CaseReferenceNo = "": null

2018-11-23 18:21:47 - [TEST_STEP][PASSED] - Statement - CaseReferenceNo = readedVal: null

2018-11-23 18:21:47 - [MESSAGE][PASSED] - Call Test Case 'Test Cases/Final Aug 2018 - PKS Automation/Common/Reference Number Getter' successfully

2018-11-23 18:21:47 - [TEST_STEP][PASSED] - setText: Text 'CUN112018C200001621' is set on object 'Object Repository/Final Object Repo/WorkFlow Listing Page/Ref No Set Text'

2018-11-23 18:21:47 - [MESSAGE][PASSED] - Text 'CUN112018C200001621' is set on object 'Object Repository/Final Object Repo/WorkFlow Listing Page/Ref No Set Text'

2018-11-23 18:21:47 - [TEST_STEP][PASSED] - delay: Delayed 2 second(s)

2018-11-23 18:21:49 - [MESSAGE][PASSED] - Delayed 2 second(s)

2018-11-23 18:21:49 - [TEST_STEP][PASSED] - click: Object: 'Object Repository/Final Object Repo/WorkFlow Listing Page/Search Ref No Search Button' is clicked on

2018-11-23 18:21:51 - [MESSAGE][PASSED] - Object: 'Object Repository/Final Object Repo/WorkFlow Listing Page/Search Ref No Search Button' is clicked on

2018-11-23 18:21:51 - [TEST_STEP][PASSED] - delay: Delayed 4 second(s)

2018-11-23 18:21:55 - [MESSAGE][PASSED] - Delayed 4 second(s)

2018-11-23 18:21:55 - [TEST_STEP][PASSED] - click: Object: 'Object Repository/Final Object Repo/WorkFlow Listing Page/Click Continue Tooltip' is clicked on

2018-11-23 18:21:56 - [MESSAGE][PASSED] - Object: 'Object Repository/Final Object Repo/WorkFlow Listing Page/Click Continue Tooltip' is clicked on

2018-11-23 18:21:56 - [TEST_STEP][PASSED] - delay: Delayed 5 second(s)

2018-11-23 18:22:01 - [MESSAGE][PASSED] - Delayed 5 second(s)

2018-11-23 18:22:01 - [TEST_STEP][PASSED] - doubleClick: Object: 'Object Repository/Final Object Repo/WorkFlow Listing Page/Workflow Found - Listing 1' is double clicked on

2018-11-23 18:22:01 - [MESSAGE][PASSED] - Object: 'Object Repository/Final Object Repo/WorkFlow Listing Page/Workflow Found - Listing 1' is double clicked on

2018-11-23 18:22:01 - [TEST_STEP][PASSED] - Statement - println(OwnerID): null

2018-11-23 18:22:01 - [TEST_STEP][PASSED] - Statement - OwnerID = com.kms.katalon.core.webui.keyword.WebUiBuiltInKeywords.getText(com.kms.katalon.core.testobject.ObjectRepository.findTestObject(Final Object Repo/WorkFlow Listing Page/Workflow Found - Listing 1), STOP_ON_FAILURE): Text of object 'Object Repository/Final Object Repo/WorkFlow Listing Page/Workflow Found - Listing 1' is: 'JOHORuo2'

2018-11-23 18:22:01 - [MESSAGE][PASSED] - Text of object 'Object Repository/Final Object Repo/WorkFlow Listing Page/Workflow Found - Listing 1' is: 'JOHORuo2'

2018-11-23 18:22:01 - [TEST_STEP][PASSED] - Statement - OwnerID = OwnerID.toLowerCase() + "@gmail.com": null

2018-11-23 18:22:01 - [TEST_STEP][PASSED] - Statement - println(OwnerID): null

2018-11-23 18:22:01 - [TEST_STEP][PASSED] - delay: Delayed 2 second(s)

2018-11-23 18:22:03 - [MESSAGE][PASSED] - Delayed 2 second(s)

2018-11-23 18:22:03 - [MESSAGE][PASSED] - Call Test Case 'Test Cases/Final Aug 2018 - PKS Automation/Common/Workflow Owner Finder' successfully

2018-11-23 18:22:03 - [TEST_STEP][PASSED] - delay: Delayed 1 second(s)

2018-11-23 18:22:05 - [MESSAGE][PASSED] - Delayed 1 second(s)

2018-11-23 18:22:05 - [TEST_STEP][PASSED] - navigateToUrl: Navigate to 'https://assist2-uat.perkeso.gov.my/c/portal/logout' successfully

2018-11-23 18:22:06 - [MESSAGE][PASSED] - Navigate to 'https://assist2-uat.perkeso.gov.my/c/portal/logout' successfully

2018-11-23 18:22:06 - [TEST_STEP][PASSED] - delay: Delayed 1 second(s)

2018-11-23 18:22:07 - [MESSAGE][PASSED] - Delayed 1 second(s)

2018-11-23 18:22:07 - [TEST_STEP][PASSED] - callTestCase: Call Test Case 'Test Cases/Final Aug 2018 - PKS Automation/Registration Module/Workflow/Login and Search Case For Workflow' successfully

2018-11-23 18:22:07 - [TEST_CASE][PASSED] - Test Cases/Final Aug 2018 - PKS Automation/Registration Module/Workflow/Login and Search Case For Workflow: Test Cases/Final Aug 2018 - PKS Automation/Registration Module/Workflow/Login and Search Case For Workflow

2018-11-23 18:22:07 - [TEST_STEP][PASSED] - navigateToUrl: Navigate to 'https://assist2-uat.perkeso.gov.my/login' successfully

2018-11-23 18:22:07 - [MESSAGE][PASSED] - Navigate to 'https://assist2-uat.perkeso.gov.my/login' successfully

2018-11-23 18:22:07 - [TEST_STEP][PASSED] - setText: Text 'johoruo2@gmail.com' is set on object 'Object Repository/Final Object Repo/Login Page/Internal User/Email Address'

2018-11-23 18:22:08 - [MESSAGE][PASSED] - Text 'johoruo2@gmail.com' is set on object 'Object Repository/Final Object Repo/Login Page/Internal User/Email Address'

2018-11-23 18:22:08 - [TEST_STEP][PASSED] - click: Object: 'Object Repository/Final Object Repo/Login Page/Internal User/Next Button' is clicked on

2018-11-23 18:22:08 - [MESSAGE][PASSED] - Object: 'Object Repository/Final Object Repo/Login Page/Internal User/Next Button' is clicked on

2018-11-23 18:22:08 - [TEST_STEP][PASSED] - delay: Delayed 1 second(s)

2018-11-23 18:22:09 - [MESSAGE][PASSED] - Delayed 1 second(s)

2018-11-23 18:22:09 - [TEST_STEP][PASSED] - setEncryptedText: Text ****** has been set on object 'Object Repository/Final Object Repo/Login Page/Internal User/Password'

2018-11-23 18:22:09 - [MESSAGE][PASSED] - Text ****** has been set on object 'Object Repository/Final Object Repo/Login Page/Internal User/Password'

2018-11-23 18:22:09 - [TEST_STEP][PASSED] - click: Object: 'Object Repository/Final Object Repo/Login Page/Internal User/Login Button' is clicked on

2018-11-23 18:22:11 - [MESSAGE][PASSED] - Object: 'Object Repository/Final Object Repo/Login Page/Internal User/Login Button' is clicked on

2018-11-23 18:22:11 - [TEST_STEP][PASSED] - delay: Delayed 2 second(s)

2018-11-23 18:22:13 - [MESSAGE][PASSED] - Delayed 2 second(s)

2018-11-23 18:22:13 - [TEST_STEP][PASSED] - Statement - Try: Delayed 2 second(s)

2018-11-23 18:22:13 - [TEST_STEP][PASSED] - Statement - Checker = false: null

2018-11-23 18:22:13 - [TEST_STEP][PASSED] - Statement - Checker = com.kms.katalon.core.webui.keyword.WebUiBuiltInKeywords.verifyElementHasAttribute(com.kms.katalon.core.testobject.ObjectRepository.findTestObject(Final Object Repo/Landing Page/BM Detecting), "href", 20, OPTIONAL): Object 'Object Repository/Final Object Repo/Landing Page/BM Detecting' has attribute 'href'

2018-11-23 18:22:13 - [MESSAGE][PASSED] - Object 'Object Repository/Final Object Repo/Landing Page/BM Detecting' has attribute 'href'

2018-11-23 18:22:13 - [TEST_STEP][PASSED] - Statement - out.println(Checker): null

2018-11-23 18:22:13 - [TEST_STEP][PASSED] - Statement - If (Checker == false): null

2018-11-23 18:22:13 - [TEST_STEP][PASSED] - Statement - Else: null

2018-11-23 18:22:13 - [TEST_STEP][PASSED] - delay: Delayed 2 second(s)

2018-11-23 18:22:15 - [MESSAGE][PASSED] - Delayed 2 second(s)

2018-11-23 18:22:15 - [TEST_STEP][PASSED] - click: Object: 'Object Repository/Final Object Repo/Page_MyASSIST - ASSIST - Search Pending Case For Add Supporting Document/Search Information' is clicked on

2018-11-23 18:22:16 - [MESSAGE][PASSED] - Object: 'Object Repository/Final Object Repo/Page_MyASSIST - ASSIST - Search Pending Case For Add Supporting Document/Search Information' is clicked on

2018-11-23 18:22:16 - [TEST_STEP][PASSED] - delay: Delayed 3 second(s)

2018-11-23 18:22:19 - [MESSAGE][PASSED] - Delayed 3 second(s)

2018-11-23 18:22:19 - [TEST_STEP][PASSED] - sendKeys: Keys 'CUN112018C200001621' sent to object: 'Object Repository/Final Object Repo/Page_MyASSIST - ASSIST - Search Pending Case For Add Supporting Document/Reference No'

2018-11-23 18:22:19 - [MESSAGE][PASSED] - Keys 'CUN112018C200001621' sent to object: 'Object Repository/Final Object Repo/Page_MyASSIST - ASSIST - Search Pending Case For Add Supporting Document/Reference No'

2018-11-23 18:22:19 - [TEST_STEP][PASSED] - click: Object: 'Object Repository/Final Object Repo/Page_MyASSIST - ASSIST - Search Pending Case For Add Supporting Document/Search Reference No' is clicked on

2018-11-23 18:22:20 - [MESSAGE][PASSED] - Object: 'Object Repository/Final Object Repo/Page_MyASSIST - ASSIST - Search Pending Case For Add Supporting Document/Search Reference No' is clicked on

2018-11-23 18:22:20 - [TEST_STEP][PASSED] - delay: Delayed 2 second(s)

2018-11-23 18:22:22 - [MESSAGE][PASSED] - Delayed 2 second(s)

2018-11-23 18:22:22 - [TEST_STEP][PASSED] - click: Object: 'Object Repository/Final Object Repo/Page_MyASSIST - ASSIST - Search Pending Case For Add Supporting Document/Continue' is clicked on

2018-11-23 18:22:26 - [MESSAGE][PASSED] - Object: 'Object Repository/Final Object Repo/Page_MyASSIST - ASSIST - Search Pending Case For Add Supporting Document/Continue' is clicked on

2018-11-23 18:22:26 - [TEST_STEP][PASSED] - delay: Delayed 20 second(s)

2018-11-23 18:22:46 - [MESSAGE][PASSED] - Delayed 20 second(s)

2018-11-23 18:22:46 - [MESSAGE][PASSED] - Call Test Case 'Test Cases/Final Aug 2018 - PKS Automation/Registration Module/Workflow/Login and Search Case For Workflow' successfully

2018-11-23 18:22:46 - [TEST_STEP][PASSED] - click: Object: 'Object Repository/Final Object Repo/Page_Form 1A - Cessation As Employer/Page_Form 1A - Cessation As Employer (Approve)/Save  Continue in Form 1A Page' is clicked on

2018-11-23 18:22:48 - [MESSAGE][PASSED] - Object: 'Object Repository/Final Object Repo/Page_Form 1A - Cessation As Employer/Page_Form 1A - Cessation As Employer (Approve)/Save  Continue in Form 1A Page' is clicked on

2018-11-23 18:22:48 - [TEST_STEP][PASSED] - delay: Delayed 2 second(s)

2018-11-23 18:22:50 - [MESSAGE][PASSED] - Delayed 2 second(s)

2018-11-23 18:22:50 - [TEST_STEP][PASSED] - click: Object: 'Object Repository/Final Object Repo/Page_Form 1A - Cessation As Employer/Employment Resign Date' is clicked on

2018-11-23 18:22:51 - [MESSAGE][PASSED] - Object: 'Object Repository/Final Object Repo/Page_Form 1A - Cessation As Employer/Employment Resign Date' is clicked on

2018-11-23 18:22:51 - [TEST_STEP][PASSED] - delay: Delayed 1 second(s)

2018-11-23 18:22:52 - [MESSAGE][PASSED] - Delayed 1 second(s)

2018-11-23 18:22:52 - [TEST_STEP][PASSED] - selectOptionByValue: All options with value '2030' are selected in object 'Object Repository/Final Object Repo/Page_Form 1A - Cessation As Employer/Employment Resign Date - Year' 

2018-11-23 18:22:52 - [MESSAGE][PASSED] - All options with value '2030' are selected in object 'Object Repository/Final Object Repo/Page_Form 1A - Cessation As Employer/Employment Resign Date - Year' 

2018-11-23 18:22:52 - [TEST_STEP][PASSED] - delay: Delayed 1 second(s)

2018-11-23 18:22:53 - [MESSAGE][PASSED] - Delayed 1 second(s)

2018-11-23 18:22:53 - [TEST_STEP][PASSED] - click: Object: 'Object Repository/Final Object Repo/Page_Form 1A - Cessation As Employer/Employment Resign Date - Year - Date' is clicked on

2018-11-23 18:22:54 - [MESSAGE][PASSED] - Object: 'Object Repository/Final Object Repo/Page_Form 1A - Cessation As Employer/Employment Resign Date - Year - Date' is clicked on

2018-11-23 18:22:54 - [TEST_STEP][PASSED] - delay: Delayed 2 second(s)

2018-11-23 18:22:56 - [MESSAGE][PASSED] - Delayed 2 second(s)

2018-11-23 18:22:56 - [TEST_STEP][PASSED] - click: Object: 'Object Repository/Final Object Repo/Page_Form 1A - Cessation As Employer/Page_Form 1A - Cessation As Employer (Approve)/Save  Continue in Update Add Employee Resigned Date Page' is clicked on

2018-11-23 18:22:56 - [MESSAGE][PASSED] - Object: 'Object Repository/Final Object Repo/Page_Form 1A - Cessation As Employer/Page_Form 1A - Cessation As Employer (Approve)/Save  Continue in Update Add Employee Resigned Date Page' is clicked on

2018-11-23 18:22:56 - [TEST_STEP][PASSED] - delay: Delayed 2 second(s)

2018-11-23 18:22:58 - [MESSAGE][PASSED] - Delayed 2 second(s)

2018-11-23 18:22:58 - [TEST_STEP][PASSED] - click: Object: 'Object Repository/Final Object Repo/Page_Form 1A - Cessation As Employer/Set Latest - Yes' is clicked on

2018-11-23 18:23:02 - [MESSAGE][PASSED] - Object: 'Object Repository/Final Object Repo/Page_Form 1A - Cessation As Employer/Set Latest - Yes' is clicked on

2018-11-23 18:23:02 - [TEST_STEP][PASSED] - delay: Delayed 2 second(s)

2018-11-23 18:23:04 - [MESSAGE][PASSED] - Delayed 2 second(s)

2018-11-23 18:23:04 - [TEST_STEP][PASSED] - click: Object: 'Object Repository/Final Object Repo/Page_Form 1A - Cessation As Employer/Page_Form 1A - Cessation As Employer (Approve)/Save  Contine in Uploading Document Page' is clicked on

2018-11-23 18:23:09 - [MESSAGE][PASSED] - Object: 'Object Repository/Final Object Repo/Page_Form 1A - Cessation As Employer/Page_Form 1A - Cessation As Employer (Approve)/Save  Contine in Uploading Document Page' is clicked on

2018-11-23 18:23:09 - [TEST_STEP][PASSED] - delay: Delayed 2 second(s)

2018-11-23 18:23:11 - [MESSAGE][PASSED] - Delayed 2 second(s)

2018-11-23 18:23:11 - [TEST_STEP][PASSED] - click: Object: 'Object Repository/Final Object Repo/Page_Form 1A - Cessation As Employer/Page_Form 1A - Cessation As Employer (Under enforcement)/Under enforcement' is clicked on

2018-11-23 18:23:11 - [MESSAGE][PASSED] - Object: 'Object Repository/Final Object Repo/Page_Form 1A - Cessation As Employer/Page_Form 1A - Cessation As Employer (Under enforcement)/Under enforcement' is clicked on

2018-11-23 18:23:11 - [TEST_STEP][PASSED] - delay: Delayed 2 second(s)

2018-11-23 18:23:13 - [MESSAGE][PASSED] - Delayed 2 second(s)

2018-11-23 18:23:13 - [TEST_STEP][PASSED] - setText: Text 'remark' is set on object 'Object Repository/Final Object Repo/Page_Form 1A - Cessation As Employer/Page_Form 1A - Cessation As Employer (Under enforcement)/Under enforcement - remark'

2018-11-23 18:23:13 - [MESSAGE][PASSED] - Text 'remark' is set on object 'Object Repository/Final Object Repo/Page_Form 1A - Cessation As Employer/Page_Form 1A - Cessation As Employer (Under enforcement)/Under enforcement - remark'

2018-11-23 18:23:13 - [TEST_STEP][PASSED] - delay: Delayed 2 second(s)

2018-11-23 18:23:15 - [MESSAGE][PASSED] - Delayed 2 second(s)

2018-11-23 18:23:15 - [TEST_STEP][PASSED] - click: Object: 'Object Repository/Final Object Repo/Page_Form 1A - Cessation As Employer/Page_Form 1A - Cessation As Employer (Under enforcement)/Save  Continue in Under enforcement Page' is clicked on

2018-11-23 18:23:19 - [MESSAGE][PASSED] - Object: 'Object Repository/Final Object Repo/Page_Form 1A - Cessation As Employer/Page_Form 1A - Cessation As Employer (Under enforcement)/Save  Continue in Under enforcement Page' is clicked on

2018-11-23 18:23:19 - [TEST_STEP][PASSED] - delay: Delayed 2 second(s)

2018-11-23 18:23:21 - [MESSAGE][PASSED] - Delayed 2 second(s)

2018-11-23 18:23:21 - [TEST_STEP][PASSED] - click: Object: 'Object Repository/Final Object Repo/Page_Form 1A - Cessation As Employer/Page_Form 1A - Cessation As Employer (Under enforcement)/Message The case is under enforcement' is clicked on

2018-11-23 18:23:22 - [MESSAGE][PASSED] - Object: 'Object Repository/Final Object Repo/Page_Form 1A - Cessation As Employer/Page_Form 1A - Cessation As Employer (Under enforcement)/Message The case is under enforcement' is clicked on

2018-11-23 18:23:22 - [MESSAGE][PASSED] - Call Test Case 'Test Cases/Final Aug 2018 - PKS Automation/Registration Module/Workflow/Form 1A - Cessation As Employer/Template/Form 1 A - Cessation As Employer (Under enforcement)' successfully]]></system-out>
         <system-err><![CDATA[]]></system-err>
      </testcase>
      <system-out><![CDATA[2018-11-23 17:01:56 - [TEST_SUITE][FAILED] - Form 1A - Cessation as Employer: Test Cases/Final Aug 2018 - PKS Automation/Registration Module/Workflow/Form 1A - Cessation As Employer/OTC to UO (Query) FAILED because (of) (Stack trace: com.kms.katalon.core.exception.StepFailedException: Unable to click on object 'Object Repository/Final Object Repo/Page_Form 1A - Cessation As Employer/Document Type' (Root cause: org.openqa.selenium.ElementClickInterceptedException: Element <span class="select2-selection select2-selection--single"> is not clickable at point (481.7833251953125,200.71665954589844) because another element <div class="blockUI blockOverlay"> obscures it
Build info: version: '3.7.1', revision: '8a0099a', time: '2017-11-06T21:07:36.161Z'
System info: host: 'WIN7TEST02', ip: '10.20.3.72', os.name: 'Windows 7', os.arch: 'amd64', os.version: '6.1', java.version: '1.8.0_181'
Driver info: com.kms.katalon.core.webui.driver.firefox.CGeckoDriver
Capabilities {acceptInsecureCerts: true, browserName: firefox, browserVersion: 63.0.3, javascriptEnabled: true, moz:accessibilityChecks: false, moz:geckodriverVersion: 0.23.0, moz:headless: false, moz:processID: 3792, moz:profile: C:\Users\Admin\AppData\Loca..., moz:useNonSpecCompliantPointerOrigin: false, moz:webdriverClick: true, pageLoadStrategy: normal, platform: WINDOWS, platformName: WINDOWS, platformVersion: 6.1, proxy: Proxy(direct), rotatable: false, setWindowRect: true, timeouts: {implicit: 0, pageLoad: 300000, script: 30000}, unhandledPromptBehavior: dismiss and notify}
Session ID: 22a26599-3838-4b96-b0c3-9fb3337837de)
	at com.kms.katalon.core.keyword.internal.KeywordMain.stepFailed(KeywordMain.groovy:32)
	at com.kms.katalon.core.webui.keyword.internal.WebUIKeywordMain.stepFailed(WebUIKeywordMain.groovy:65)
	at com.kms.katalon.core.webui.keyword.internal.WebUIKeywordMain.runKeyword(WebUIKeywordMain.groovy:27)
	at com.kms.katalon.core.webui.keyword.builtin.ClickKeyword.click(ClickKeyword.groovy:86)
	at com.kms.katalon.core.webui.keyword.builtin.ClickKeyword.execute(ClickKeyword.groovy:67)
	at com.kms.katalon.core.keyword.internal.KeywordExecutor.executeKeywordForPlatform(KeywordExecutor.groovy:53)
	at com.kms.katalon.core.webui.keyword.WebUiBuiltInKeywords.click(WebUiBuiltInKeywords.groovy:616)
	at com.kms.katalon.core.webui.keyword.WebUiBuiltInKeywords$click$2.call(Unknown Source)
	at Script1536137325809.run(Script1536137325809.groovy:148)
	at com.kms.katalon.core.main.ScriptEngine.run(ScriptEngine.java:183)
	at com.kms.katalon.core.main.ScriptEngine.runScriptAsRawText(ScriptEngine.java:108)
	at com.kms.katalon.core.main.TestCaseExecutor.runScript(TestCaseExecutor.java:294)
	at com.kms.katalon.core.main.TestCaseExecutor.doExecute(TestCaseExecutor.java:285)
	at com.kms.katalon.core.main.TestCaseExecutor.processExecutionPhase(TestCaseExecutor.java:264)
	at com.kms.katalon.core.main.TestCaseExecutor.accessMainPhase(TestCaseExecutor.java:256)
	at com.kms.katalon.core.main.TestCaseExecutor.execute(TestCaseExecutor.java:200)
	at com.kms.katalon.core.main.TestCaseMain.runTestCase(TestCaseMain.java:99)
	at com.kms.katalon.core.keyword.builtin.CallTestCaseKeyword$_callTestCase_closure1.doCall(CallTestCaseKeyword.groovy:60)
	at com.kms.katalon.core.keyword.builtin.CallTestCaseKeyword$_callTestCase_closure1.call(CallTestCaseKeyword.groovy)
	at com.kms.katalon.core.keyword.internal.KeywordMain.runKeyword(KeywordMain.groovy:54)
	at com.kms.katalon.core.keyword.builtin.CallTestCaseKeyword.callTestCase(CallTestCaseKeyword.groovy:81)
	at com.kms.katalon.core.keyword.builtin.CallTestCaseKeyword.execute(CallTestCaseKeyword.groovy:45)
	at com.kms.katalon.core.keyword.internal.KeywordExecutor.executeKeywordForPlatform(KeywordExecutor.groovy:53)
	at com.kms.katalon.core.keyword.BuiltinKeywords.callTestCase(BuiltinKeywords.groovy:334)
	at sun.reflect.GeneratedMethodAccessor13.invoke(Unknown Source)
	at sun.reflect.DelegatingMethodAccessorImpl.invoke(DelegatingMethodAccessorImpl.java:43)
	at java.lang.reflect.Method.invoke(Method.java:498)
	at org.codehaus.groovy.reflection.CachedMethod.invoke(CachedMethod.java:93)
	at groovy.lang.MetaMethod.doMethodInvoke(MetaMethod.java:325)
	at groovy.lang.MetaClassImpl.invokeStaticMethod(MetaClassImpl.java:1469)
	at org.codehaus.groovy.runtime.callsite.StaticMetaClassSite.call(StaticMetaClassSite.java:53)
	at org.codehaus.groovy.runtime.callsite.CallSiteArray.defaultCall(CallSiteArray.java:48)
	at org.codehaus.groovy.runtime.callsite.AbstractCallSite.call(AbstractCallSite.java:113)
	at org.codehaus.groovy.runtime.callsite.AbstractCallSite.call(AbstractCallSite.java:141)
	at Script1536137820751.run(Script1536137820751.groovy:22)
	at com.kms.katalon.core.main.ScriptEngine.run(ScriptEngine.java:183)
	at com.kms.katalon.core.main.ScriptEngine.runScriptAsRawText(ScriptEngine.java:108)
	at com.kms.katalon.core.main.TestCaseExecutor.runScript(TestCaseExecutor.java:294)
	at com.kms.katalon.core.main.TestCaseExecutor.doExecute(TestCaseExecutor.java:285)
	at com.kms.katalon.core.main.TestCaseExecutor.processExecutionPhase(TestCaseExecutor.java:264)
	at com.kms.katalon.core.main.TestCaseExecutor.accessMainPhase(TestCaseExecutor.java:256)
	at com.kms.katalon.core.main.TestCaseExecutor.execute(TestCaseExecutor.java:200)
	at com.kms.katalon.core.main.TestSuiteExecutor.accessTestCaseMainPhase(TestSuiteExecutor.java:129)
	at com.kms.katalon.core.main.TestSuiteExecutor.accessTestSuiteMainPhase(TestSuiteExecutor.java:112)
	at com.kms.katalon.core.main.TestSuiteExecutor.execute(TestSuiteExecutor.java:81)
	at com.kms.katalon.core.main.TestCaseMain.startTestSuite(TestCaseMain.java:142)
	at com.kms.katalon.core.main.TestCaseMain$startTestSuite$0.call(Unknown Source)
	at org.codehaus.groovy.runtime.callsite.CallSiteArray.defaultCall(CallSiteArray.java:48)
	at org.codehaus.groovy.runtime.callsite.AbstractCallSite.call(AbstractCallSite.java:113)
	at org.codehaus.groovy.runtime.callsite.AbstractCallSite.call(AbstractCallSite.java:141)
	at TempTestSuite1542963714307.run(TempTestSuite1542963714307.groovy:36)
	at groovy.lang.GroovyShell.runScriptOrMainOrTestOrRunnable(GroovyShell.java:263)
	at groovy.lang.GroovyShell.run(GroovyShell.java:518)
	at groovy.lang.GroovyShell.run(GroovyShell.java:507)
	at groovy.ui.GroovyMain.processOnce(GroovyMain.java:653)
	at groovy.ui.GroovyMain.run(GroovyMain.java:384)
	at groovy.ui.GroovyMain.process(GroovyMain.java:370)
	at groovy.ui.GroovyMain.processArgs(GroovyMain.java:129)
	at groovy.ui.GroovyMain.main(GroovyMain.java:109)
	at sun.reflect.NativeMethodAccessorImpl.invoke0(Native Method)
	at sun.reflect.NativeMethodAccessorImpl.invoke(NativeMethodAccessorImpl.java:62)
	at sun.reflect.DelegatingMethodAccessorImpl.invoke(DelegatingMethodAccessorImpl.java:43)
	at java.lang.reflect.Method.invoke(Method.java:498)
	at org.codehaus.groovy.tools.GroovyStarter.rootLoader(GroovyStarter.java:109)
	at org.codehaus.groovy.tools.GroovyStarter.main(GroovyStarter.java:131)
)]]></system-out>
      <system-err><![CDATA[2018-11-23 17:01:56 - [TEST_SUITE][FAILED] - Form 1A - Cessation as Employer: Test Cases/Final Aug 2018 - PKS Automation/Registration Module/Workflow/Form 1A - Cessation As Employer/OTC to UO (Query) FAILED because (of) (Stack trace: com.kms.katalon.core.exception.StepFailedException: Unable to click on object 'Object Repository/Final Object Repo/Page_Form 1A - Cessation As Employer/Document Type' (Root cause: org.openqa.selenium.ElementClickInterceptedException: Element <span class="select2-selection select2-selection--single"> is not clickable at point (481.7833251953125,200.71665954589844) because another element <div class="blockUI blockOverlay"> obscures it
Build info: version: '3.7.1', revision: '8a0099a', time: '2017-11-06T21:07:36.161Z'
System info: host: 'WIN7TEST02', ip: '10.20.3.72', os.name: 'Windows 7', os.arch: 'amd64', os.version: '6.1', java.version: '1.8.0_181'
Driver info: com.kms.katalon.core.webui.driver.firefox.CGeckoDriver
Capabilities {acceptInsecureCerts: true, browserName: firefox, browserVersion: 63.0.3, javascriptEnabled: true, moz:accessibilityChecks: false, moz:geckodriverVersion: 0.23.0, moz:headless: false, moz:processID: 3792, moz:profile: C:\Users\Admin\AppData\Loca..., moz:useNonSpecCompliantPointerOrigin: false, moz:webdriverClick: true, pageLoadStrategy: normal, platform: WINDOWS, platformName: WINDOWS, platformVersion: 6.1, proxy: Proxy(direct), rotatable: false, setWindowRect: true, timeouts: {implicit: 0, pageLoad: 300000, script: 30000}, unhandledPromptBehavior: dismiss and notify}
Session ID: 22a26599-3838-4b96-b0c3-9fb3337837de)
	at com.kms.katalon.core.keyword.internal.KeywordMain.stepFailed(KeywordMain.groovy:32)
	at com.kms.katalon.core.webui.keyword.internal.WebUIKeywordMain.stepFailed(WebUIKeywordMain.groovy:65)
	at com.kms.katalon.core.webui.keyword.internal.WebUIKeywordMain.runKeyword(WebUIKeywordMain.groovy:27)
	at com.kms.katalon.core.webui.keyword.builtin.ClickKeyword.click(ClickKeyword.groovy:86)
	at com.kms.katalon.core.webui.keyword.builtin.ClickKeyword.execute(ClickKeyword.groovy:67)
	at com.kms.katalon.core.keyword.internal.KeywordExecutor.executeKeywordForPlatform(KeywordExecutor.groovy:53)
	at com.kms.katalon.core.webui.keyword.WebUiBuiltInKeywords.click(WebUiBuiltInKeywords.groovy:616)
	at com.kms.katalon.core.webui.keyword.WebUiBuiltInKeywords$click$2.call(Unknown Source)
	at Script1536137325809.run(Script1536137325809.groovy:148)
	at com.kms.katalon.core.main.ScriptEngine.run(ScriptEngine.java:183)
	at com.kms.katalon.core.main.ScriptEngine.runScriptAsRawText(ScriptEngine.java:108)
	at com.kms.katalon.core.main.TestCaseExecutor.runScript(TestCaseExecutor.java:294)
	at com.kms.katalon.core.main.TestCaseExecutor.doExecute(TestCaseExecutor.java:285)
	at com.kms.katalon.core.main.TestCaseExecutor.processExecutionPhase(TestCaseExecutor.java:264)
	at com.kms.katalon.core.main.TestCaseExecutor.accessMainPhase(TestCaseExecutor.java:256)
	at com.kms.katalon.core.main.TestCaseExecutor.execute(TestCaseExecutor.java:200)
	at com.kms.katalon.core.main.TestCaseMain.runTestCase(TestCaseMain.java:99)
	at com.kms.katalon.core.keyword.builtin.CallTestCaseKeyword$_callTestCase_closure1.doCall(CallTestCaseKeyword.groovy:60)
	at com.kms.katalon.core.keyword.builtin.CallTestCaseKeyword$_callTestCase_closure1.call(CallTestCaseKeyword.groovy)
	at com.kms.katalon.core.keyword.internal.KeywordMain.runKeyword(KeywordMain.groovy:54)
	at com.kms.katalon.core.keyword.builtin.CallTestCaseKeyword.callTestCase(CallTestCaseKeyword.groovy:81)
	at com.kms.katalon.core.keyword.builtin.CallTestCaseKeyword.execute(CallTestCaseKeyword.groovy:45)
	at com.kms.katalon.core.keyword.internal.KeywordExecutor.executeKeywordForPlatform(KeywordExecutor.groovy:53)
	at com.kms.katalon.core.keyword.BuiltinKeywords.callTestCase(BuiltinKeywords.groovy:334)
	at sun.reflect.GeneratedMethodAccessor13.invoke(Unknown Source)
	at sun.reflect.DelegatingMethodAccessorImpl.invoke(DelegatingMethodAccessorImpl.java:43)
	at java.lang.reflect.Method.invoke(Method.java:498)
	at org.codehaus.groovy.reflection.CachedMethod.invoke(CachedMethod.java:93)
	at groovy.lang.MetaMethod.doMethodInvoke(MetaMethod.java:325)
	at groovy.lang.MetaClassImpl.invokeStaticMethod(MetaClassImpl.java:1469)
	at org.codehaus.groovy.runtime.callsite.StaticMetaClassSite.call(StaticMetaClassSite.java:53)
	at org.codehaus.groovy.runtime.callsite.CallSiteArray.defaultCall(CallSiteArray.java:48)
	at org.codehaus.groovy.runtime.callsite.AbstractCallSite.call(AbstractCallSite.java:113)
	at org.codehaus.groovy.runtime.callsite.AbstractCallSite.call(AbstractCallSite.java:141)
	at Script1536137820751.run(Script1536137820751.groovy:22)
	at com.kms.katalon.core.main.ScriptEngine.run(ScriptEngine.java:183)
	at com.kms.katalon.core.main.ScriptEngine.runScriptAsRawText(ScriptEngine.java:108)
	at com.kms.katalon.core.main.TestCaseExecutor.runScript(TestCaseExecutor.java:294)
	at com.kms.katalon.core.main.TestCaseExecutor.doExecute(TestCaseExecutor.java:285)
	at com.kms.katalon.core.main.TestCaseExecutor.processExecutionPhase(TestCaseExecutor.java:264)
	at com.kms.katalon.core.main.TestCaseExecutor.accessMainPhase(TestCaseExecutor.java:256)
	at com.kms.katalon.core.main.TestCaseExecutor.execute(TestCaseExecutor.java:200)
	at com.kms.katalon.core.main.TestSuiteExecutor.accessTestCaseMainPhase(TestSuiteExecutor.java:129)
	at com.kms.katalon.core.main.TestSuiteExecutor.accessTestSuiteMainPhase(TestSuiteExecutor.java:112)
	at com.kms.katalon.core.main.TestSuiteExecutor.execute(TestSuiteExecutor.java:81)
	at com.kms.katalon.core.main.TestCaseMain.startTestSuite(TestCaseMain.java:142)
	at com.kms.katalon.core.main.TestCaseMain$startTestSuite$0.call(Unknown Source)
	at org.codehaus.groovy.runtime.callsite.CallSiteArray.defaultCall(CallSiteArray.java:48)
	at org.codehaus.groovy.runtime.callsite.AbstractCallSite.call(AbstractCallSite.java:113)
	at org.codehaus.groovy.runtime.callsite.AbstractCallSite.call(AbstractCallSite.java:141)
	at TempTestSuite1542963714307.run(TempTestSuite1542963714307.groovy:36)
	at groovy.lang.GroovyShell.runScriptOrMainOrTestOrRunnable(GroovyShell.java:263)
	at groovy.lang.GroovyShell.run(GroovyShell.java:518)
	at groovy.lang.GroovyShell.run(GroovyShell.java:507)
	at groovy.ui.GroovyMain.processOnce(GroovyMain.java:653)
	at groovy.ui.GroovyMain.run(GroovyMain.java:384)
	at groovy.ui.GroovyMain.process(GroovyMain.java:370)
	at groovy.ui.GroovyMain.processArgs(GroovyMain.java:129)
	at groovy.ui.GroovyMain.main(GroovyMain.java:109)
	at sun.reflect.NativeMethodAccessorImpl.invoke0(Native Method)
	at sun.reflect.NativeMethodAccessorImpl.invoke(NativeMethodAccessorImpl.java:62)
	at sun.reflect.DelegatingMethodAccessorImpl.invoke(DelegatingMethodAccessorImpl.java:43)
	at java.lang.reflect.Method.invoke(Method.java:498)
	at org.codehaus.groovy.tools.GroovyStarter.rootLoader(GroovyStarter.java:109)
	at org.codehaus.groovy.tools.GroovyStarter.main(GroovyStarter.java:131)
)]]></system-err>
   </testsuite>
</testsuites>
